{
  "action": "completed",
  "workflow_run": {
    "id": 110,
    "name": "CI Pipeline",
    "head_branch": "develop",
    "head_sha": "6ceb17349ec4738fb3731d559ff22094467d69bd",
    "status": "completed",
    "conclusion": "failure",
    "run_started_at": "2025-12-11T12:50:36.448083Z",
    "updated_at": "2025-12-11T12:53:07.326270Z"
  },
  "repository": {
    "full_name": "acme-corp/api-service",
    "name": "api-service"
  },
  "sender": {
    "login": "frank"
  },
  "_safeops_extended": {
    "raw_logs": "=== Step: upload_artifacts ===\nStep 14/15: Running migrations\n[12:50:36] WARN: Deprecated API usage\nCoverage: 80% statements, 87% branches\n[12:50:36] INFO: Request completed\nTLS handshake completed\nPlatform: linux-x64\nOK\nCache invalidated: node_modules\nStep 13/25: Running migrations\nPlatform: linux-x64\nyarn add: Done in 24.38s\nnpm notice: package.json updated\nWARNING: webpack has known vulnerabilities\nPOST /api - 202 (439ms)\n[12:50:36] WARN: Deprecated API usage\nCreating production build...\nCache hit for key-7778\nCompiling components/app.ts...\nPOST /api - 202 (283ms)\nCoverage: 97% statements, 70% branches\nSuccess!\nCompiling lib/service.java...\n[12:50:36] INFO: Cache refreshed\nBuilding Docker image...\nTLS handshake completed\nDone.\nCache saved successfully\nUsing Node.js 19.18.3\n\u26a0 DEPRECATION: Feature will be removed in v4.0\nStep 16/23: Testing\nWARNING: axios has known vulnerabilities\nGenerating source maps...\nDone.\n[12:50:36] DEBUG: Initializing service\nUploading artifact 'dist' (16 files)\nCache hit for key-6483\nChecking out develop branch\nStep 14/20: Building\nCache miss for key-5623\nLayer 3/12: ENV command\npip install: Successfully installed react-1.4\nCompiling utils/main.py...\nWARNING: axios has known vulnerabilities\nFAILED: test_cache_hit\n\u2713 Task completed in 2229ms\nInstalling axios@5.11.7\nTest Suites: 37 passed, 33 total\n[12:50:36] DEBUG: Loading configuration\nFetching submodules...\n\u2713 Task completed in 1563ms\n[12:50:36] DEBUG: Loading configuration\n[12:50:36] ERROR: Connection failed\nLoading...\nSwitched to branch 'feature/task-592'\npip: Installing build dependencies...\nPulling image: node:latest\nArtifact downloaded: 35MB\nCache saved successfully\nSnapshots: 48 passed, 27 total\n  PASS: test_api_health (196ms)\nChecking out master branch\n\u2717 build failed with exit code 111\nStep 2/19: Testing\nCreating production build...\nStep 20/23: Building\npip: Collecting react\nUsing Python 3.10\nPOST /api - 201 (228ms)\nSuccess!\nStep 16/20: Building\nStep 6/16: Running migrations\nSwitched to branch 'hotfix/task-696'\nLayer 9/12: RUN command\nUploading artifact 'build' (1 files)\n[12:50:36] WARN: Deprecated API usage\n[12:50:36] INFO: Cache refreshed\nStep 17/19: Building\n[12:50:36] WARN: Deprecated API usage\nFetching from https://githubusercontent.com/package.json\nPulling image: node:18\n[12:50:36] DEBUG: Loading configuration\nEnvironment: production\nOptimizing 64 modules...\nRan 64 tests in 52s\nAlready up to date.\n[12:50:36] ERROR: Connection failed\nFinished.\n[12:50:36] INFO: Connecting to database\n\u2713 Step 'install' succeeded\n\u26a0 DEPRECATION: Feature will be removed in v3.0\n[12:50:36] INFO: Request completed\nFAILED: test_auth_login\nArtifact downloaded: 31MB\n[12:50:36] DEBUG: Initializing service\nGenerating source maps...\nStep 11/18: Testing\nTLS handshake completed\nCache invalidated: build\nVerifying...\nUsing Node.js 15.19.5\nPOST /upload - 202 (127ms)\nWARNING: jest has known vulnerabilities\n\u2717 build failed with exit code 126\npip: Installing build dependencies...\nTime: 87.136s\nBuilding Docker image...\nVerifying...\nnpm notice: created a lockfile\n\u2713 deploy completed\nConnection established\nUsing Python 3.11\nPulling image: python:latest\nSwitched to branch 'hotfix/task-223'\n  PASS: test_cache_hit (379ms)\nWARNING: express has known vulnerabilities\nSuccess!\nCompiling utils/index.js...\nPulling image: node:3.11\n[12:50:36] INFO: Processing request\n\u26a0 DEPRECATION: Feature will be removed in v2.0\nStep 2/20: Deploying\nUsing Python 3.11\nCompiling components/utils.go...\npip: Collecting eslint\nCompiling src/handler.rs...\nTransforming 196 files...\nInstalling prettier@3.8.3\n[12:50:36] ERROR: Connection failed\nProcessing...\nUploading artifact 'build' (38 files)\nUploading artifact 'dist' (43 files)\nBuilding Docker image...\nWARNING: jest has known vulnerabilities\nPlatform: win32-x64\nArtifact uploaded: dist.zip (5MB)\n[12:50:36] DEBUG: Initializing service\nUploading artifact 'coverage' (3 files)\nnpm install: resolved 234 packages\nLayer 3/10: COPY command\nPOST /api - 200 (429ms)\nWaiting...\nStep 20/17: Installing dependencies\nSuccess!\nUsing Python 3.11\nnpm install: added 70 packages\nStep 9/15: Testing\nBuilding Docker image...\nOK\nWaiting...\nVerifying...\nGenerating source maps...\nStep 3/23: Installing dependencies\nSuccess!\n=== Step upload_artifacts completed ===\n=== Step: unit_tests ===\nCache restored successfully (350MB)\nNODE_ENV=test\n[12:50:36] INFO: Processing request\n\u2713 Task completed in 3265ms\nCache miss for key-5503\n[12:50:36] WARN: Deprecated API usage\nPushing to registry...\n[12:50:36] INFO: Cache refreshed\npip install: Successfully installed eslint-1.9\nSwitched to branch 'hotfix/task-631'\nCompiling utils/service.java...\nArtifact uploaded: dist.zip (35MB)\nCache miss for key-1938\nStep 14/24: Installing dependencies\nWaiting...\nStep 11/19: Testing\nEnvironment: staging\nRan 58 tests in 8s\nImage pulled successfully\nTest Suites: 31 passed, 20 total\nNODE_ENV=development\nWARNING: axios has known vulnerabilities\nCache hit for key-9994\nStep 20/22: Deploying\nOK\nLoading...\nChecking out main branch\nnpm notice: created a lockfile\nStep 6/23: Deploying\nTime: 61.559s\nInstalling prettier@5.4.2\n\u2713 Task completed in 1753ms\nTest Suites: 15 passed, 6 total\nMinifying app.js\npip install: Successfully installed prettier-2.19\npip install: Successfully installed react-3.9\nCache hit for key-1995\nPOST /data - 201 (118ms)\n[12:50:36] WARN: Deprecated API usage\nLayer 9/14: COPY command\n[12:50:36] INFO: Cache refreshed\nCompiling components/handler.rs...\nInstalling eslint@4.2.4\nCompleted.\n[12:50:36] WARN: Deprecated API usage\nDone.\nStep 6/21: Running migrations\n[12:50:36] INFO: Starting build process\n[12:50:36] DEBUG: Initializing service\n\u2713 Step 'test' succeeded\nAlready up to date.\nArtifact uploaded: build.tar.gz (34MB)\nCompiling utils/service.java...\nHEAD is now at 2a7a9b8\nVerifying...\nMinifying vendor.js\nImage pulled successfully\nSwitched to branch 'feature/task-852'\nChecking out master branch\nCreating production build...\n  PASS: test_user_create (97ms)\nGET /health - 201 (5ms)\nWARNING: prettier has known vulnerabilities\nCache restored successfully (331MB)\nPulling image: alpine:3.11\nFetching from https://githubusercontent.com/package.json\n[12:50:36] INFO: Connecting to database\nException: RuntimeError\n[12:50:36] DEBUG: Loading configuration\nArtifact downloaded: 2MB\npip: Downloading jest-2.13.tar.gz\nReady.\nnpm notice: created a lockfile\nHEAD is now at abf25fb\n[12:50:36] INFO: Processing request\nTime: 16.665s\nFAILED: test_auth_login\nGET /status - 201 (72ms)\nLoading...\n[12:50:36] DEBUG: Loading configuration\nCoverage: 73% statements, 95% branches\nProcessing...\nImage pulled successfully\n[12:50:36] INFO: Starting build process\n\u2713 Task completed in 685ms\nPlatform: linux-x64\nStep 10/18: Building\n[12:50:36] WARN: Deprecated API usage\n[12:50:36] INFO: Request completed\nTests: 93 passed, 480 total\nnpm notice: created a lockfile\n[12:50:36] ERROR: Connection failed\nUploading artifact 'build' (18 files)\n[12:50:36] DEBUG: Initializing service\nStep 7/16: Building\n[12:50:36] DEBUG: Connection pool: 9 active\n[12:50:36] DEBUG: Memory usage: 1249MB\nGenerating source maps...\nFetching submodules...\nReady.\nAlready up to date.\nCompleted.\nLayer 6/13: COPY command\n[12:50:36] INFO: Processing request\nRan 156 tests in 57s\nStep 8/23: Deploying\npip: Installing build dependencies...\nInstalling prettier@1.5.5\npip: Downloading react-5.18.tar.gz\nArtifact downloaded: 26MB\nTransforming 565 files...\n[12:50:36] INFO: Request completed\nSnapshots: 13 passed, 16 total\nInstalling eslint@1.4.3\n[12:50:36] DEBUG: Loading configuration\nHEAD is now at 6867898\npip install: Successfully installed prettier-2.10\nnpm notice: package.json updated\n[12:50:36] DEBUG: Query executed in 27ms\nCompiling src/service.java...\nStep 10/17: Linting\nGET /health - 201 (79ms)\n[12:50:36] INFO: Processing request\nEnvironment: staging\nCreating production build...\n  PASS: test_cache_hit (6ms)\nSnapshots: 41 passed, 4 total\nTest Suites: 12 passed, 8 total\nRan 112 tests in 60s\nVerifying...\n[12:50:36] INFO: Request completed\nStep 12/23: Linting\nUsing Python 3.9\n[12:50:36] DEBUG: Memory usage: 195MB\nCache miss for key-2838\n[12:50:36] DEBUG: Loading configuration\nRan 38 tests in 4s\n\u2713 Task completed in 539ms\nPlatform: darwin-arm64\n[12:50:36] INFO: Processing request\nMinifying vendor.js\nNODE_ENV=production\nProcessing...\n\u2713 Task completed in 2633ms\nWARNING: webpack has known vulnerabilities\nUploading artifact 'coverage' (37 files)\n  PASS: e2e/test_user_create.spec.js\nNODE_ENV=development\nBundling vendor.js\nUsing Node.js 15.3.6\nImage pulled successfully\n\u26a0 DEPRECATION: Feature will be removed in v3.0\nTransforming 878 files...\n=== Step unit_tests completed ===\n=== Step: restore_cache ===\nTLS handshake completed\nStep 15/20: Linting\nBundling vendor.js\n[12:50:36] DEBUG: Loading configuration\nOptimizing 35 modules...\nVerifying...\nPOST /data - 202 (330ms)\n[12:50:36] INFO: Cache refreshed\nGenerating source maps...\nImage pulled successfully\nnpm install: added 171 packages\nStep 3/22: Linting\n  PASS: test_user_create (54ms)\nVerifying...\nMinifying main.js\nyarn add: Done in 10.37s\n[12:50:36] INFO: Connecting to database\nCache restored successfully (184MB)\nStep 5/19: Testing\nStep 19/22: Testing\nBundling vendor.js\nnpm install: resolved 846 packages\nCache saved successfully\nnpm install: resolved 292 packages\nCreating production build...\npip: Installing build dependencies...\nChecking out develop branch\nChecking out master branch\n  PASS: e2e/test_user_create.spec.js\nChecking out master branch\nnpm notice: created a lockfile\nCache restored successfully (314MB)\nInstalling react@1.4.9\nStep 4/15: Running migrations\nStep 7/16: Running migrations\nChecking out develop branch\nPushing to registry...\n\u2713 Step 'build' succeeded\nUsing Python 3.10\nTLS handshake completed\n[12:50:36] INFO: Cache refreshed\n\u26a0 DEPRECATION: Feature will be removed in v4.0\nCache restored successfully (304MB)\nWaiting...\nWARNING: eslint has known vulnerabilities\nEnvironment: production\npip: Downloading webpack-2.6.tar.gz\nWaiting...\nGET /health - 200 (85ms)\n[12:50:36] DEBUG: Connection pool: 16 active\nOK\nTime: 16.395s\nCache miss for key-9817\nyarn add: Done in 25.32s\nyarn add: Done in 6.83s\nFetching submodules...\nProcessing...\nnpm install: resolved 840 packages\nEnvironment: staging\nArtifact uploaded: build.tar.gz (8MB)\nOptimizing 99 modules...\nUsing Node.js 16.20.0\nGenerating source maps...\nCache invalidated: node_modules\nOptimizing 36 modules...\nStep 15/23: Installing dependencies\npip: Downloading eslint-3.6.tar.gz\nBuilding Docker image...\nTransforming 157 files...\n[12:50:36] INFO: Starting build process\n\u26a0 DEPRECATION: Feature will be removed in v5.0\npip: Collecting express\nnpm notice: created a lockfile\nCache hit for key-3334\nStep 11/19: Testing\nUsing Node.js 17.14.5\nConnection established\nOK\n[12:50:36] INFO: Starting build process\nTest Suites: 24 passed, 34 total\nDone.\nStep 2/24: Deploying\nFAILED: test_cache_hit\nReady.\nDone.\nGET /health - 204 (35ms)\n\u2713 Task completed in 3315ms\nUsing Node.js 19.12.0\npip: Downloading express-4.5.tar.gz\nStep 3/24: Linting\nHEAD is now at 4b775aa\nCache miss for key-4595\nCache restored successfully (368MB)\nGET /api - 201 (68ms)\nArtifact downloaded: 49MB\n[12:50:36] ERROR: Connection failed\nBuilding Docker image...\nCache saved successfully\nStep 9/16: Linting\nProcessing...\npip: Collecting prettier\nCompleted.\nnpm install: resolved 1523 packages\nCompiling src/service.java...\n[12:50:36] INFO: Request completed\nCache miss for key-3303\nFetching from https://registry.npmjs.org/package.json\nStep 15/16: Installing dependencies\nGET /status - 201 (29ms)\nCreating production build...\nStep 17/24: Building\n\u26a0 DEPRECATION: Feature will be removed in v2.0\nInstalling express@1.9.10\nEnvironment: staging\nStep 10/22: Linting\nCache invalidated: node_modules\n  PASS: unit/test_db_connect.spec.js\nHEAD is now at 7676eed\nWARNING: axios has known vulnerabilities\nVerifying...\nWARNING: express has known vulnerabilities\nStep 10/20: Deploying\n[12:50:36] INFO: Connecting to database\nPOST /api - 201 (425ms)\npip: Installing build dependencies...\nnpm install: added 164 packages\n[12:50:36] INFO: Processing request\nStep 19/25: Testing\nMinifying main.js\nnpm notice: package.json updated\nUsing Python 3.10\nPlatform: linux-x64\nStep 11/22: Testing\nCompiling components/index.js...\nWARNING: webpack has known vulnerabilities\nStep 20/18: Running migrations\n\u2713 build completed\nConnection established\nSnapshots: 18 passed, 17 total\nRan 103 tests in 18s\nArtifact downloaded: 24MB\nChecking out develop branch\n[12:50:36] DEBUG: Connection pool: 3 active\nTime: 63.273s\n[12:50:36] INFO: Connecting to database\nFAILED: test_db_connect\n\u2713 Task completed in 2283ms\nChecking out develop branch\nCreating production build...\nSwitched to branch 'bugfix/task-267'\npip: Installing build dependencies...\nMinifying vendor.js\nGenerating source maps...\n=== Step restore_cache completed ===\n=== Step: lint ===\nArtifact downloaded: 16MB\n[12:50:36] INFO: Connecting to database\nnpm notice: package.json updated\nStep 5/15: Building\nStep 7/19: Building\nnpm install: resolved 986 packages\nFinished.\nStep 20/24: Linting\nPulling image: python:latest\nCompiling components/service.java...\n[12:50:36] WARN: Deprecated API usage\nTransforming 911 files...\n[12:50:36] DEBUG: Connection pool: 3 active\nNODE_ENV=development\n[12:50:36] DEBUG: Memory usage: 1521MB\nOptimizing 46 modules...\nStep 14/25: Installing dependencies\npip: Installing build dependencies...\nStep 6/21: Running migrations\nTests: 255 passed, 477 total\nVerifying...\n\u2713 Step 'setup' succeeded\nPOST /data - 201 (444ms)\nFetching from https://githubusercontent.com/package.json\nCompiling components/app.ts...\nFetching from https://githubusercontent.com/package.json\nCompleted.\npip: Downloading react-3.5.tar.gz\n[12:50:36] INFO: Starting build process\nNODE_ENV=test\n[12:50:36] DEBUG: Connection pool: 14 active\nTLS handshake completed\n[12:50:36] DEBUG: Query executed in 84ms\nCreating production build...\nWaiting...\nSwitched to branch 'bugfix/task-578'\nSnapshots: 36 passed, 5 total\n  PASS: e2e/test_api_health.spec.js\nSnapshots: 48 passed, 25 total\nStep 17/20: Linting\nOptimizing 24 modules...\nStep 10/24: Testing\nPulling image: python:3.11\nBundling styles.js\nWARNING: lodash has known vulnerabilities\n[12:50:36] INFO: Starting build process\nFinished.\nGET /health - 204 (52ms)\n\u2713 Step 'install' succeeded\nnpm install: resolved 1174 packages\nFetching from https://docker.io/package.json\nCompleted.\n[12:50:36] DEBUG: Memory usage: 306MB\nEnvironment: development\nLayer 7/15: COPY command\n\u2713 build completed\nPOST /data - 200 (203ms)\nTransforming 955 files...\n[12:50:36] ERROR: Connection failed\nCompiling lib/main.py...\nnpm notice: created a lockfile\nnpm install: resolved 1081 packages\nCreating production build...\n[12:50:36] WARN: Deprecated API usage\nInstalling jest@3.11.8\nReady.\nArtifact uploaded: dist.zip (34MB)\n[12:50:36] INFO: Cache refreshed\nFetching submodules...\nVerifying...\nOptimizing 92 modules...\nMinifying main.js\nFetching submodules...\nFetching from https://googleapis.com/package.json\nSuccess!\npip: Downloading eslint-4.2.tar.gz\n  PASS: e2e/test_db_connect.spec.js\nnpm notice: created a lockfile\nnpm notice: created a lockfile\n  PASS: unit/test_auth_login.spec.js\nStep 6/22: Running migrations\nGET /api - 201 (35ms)\n[12:50:36] INFO: Starting build process\npip install: Successfully installed prettier-2.12\npip install: Successfully installed express-3.13\nCache invalidated: dependencies\nPOST /upload - 201 (460ms)\nUsing Node.js 19.5.4\n\u2713 Step 'build' succeeded\nCompiling src/main.py...\n[12:50:36] DEBUG: Memory usage: 1200MB\n[12:50:36] DEBUG: Initializing service\nCompiling utils/service.java...\nFetching from https://registry.npmjs.org/package.json\nPulling image: python:18\nCompiling src/main.py...\nVerifying...\nStep 3/19: Installing dependencies\n\u26a0 DEPRECATION: Feature will be removed in v4.0\nGenerating source maps...\nStep 9/20: Running migrations\nConnection established\nPushing to registry...\nRan 172 tests in 21s\n[12:50:36] INFO: Cache refreshed\n\u26a0 DEPRECATION: Feature will be removed in v3.0\n  PASS: test_db_connect (304ms)\nCompleted.\n\u2713 test completed\nCompleted.\nUsing Python 3.11\nCache restored successfully (497MB)\nException: TypeError\nUploading artifact 'dist' (20 files)\nUsing Node.js 16.0.6\nCoverage: 91% statements, 72% branches\n[12:50:36] WARN: Deprecated API usage\nCreating production build...\nCoverage: 97% statements, 62% branches\n[12:50:36] INFO: Starting build process\nCache invalidated: build\nnpm notice: created a lockfile\nRan 84 tests in 53s\npip: Downloading lodash-4.17.tar.gz\nStep 6/21: Testing\nImage pulled successfully\n\u26a0 DEPRECATION: Feature will be removed in v3.0\nProcessing...\nFinished.\nCache miss for key-7519\n[12:50:36] WARN: Deprecated API usage\nCache saved successfully\nCache hit for key-1988\nCache miss for key-3249\n[12:50:36] DEBUG: Initializing service\nUploading artifact 'dist' (2 files)\n[12:50:36] DEBUG: Memory usage: 389MB\n[12:50:36] DEBUG: Connection pool: 5 active\nSwitched to branch 'hotfix/task-194'\n[12:50:36] INFO: Cache refreshed\nCompleted.\nVerifying...\nHEAD is now at a10ea4e\nStep 7/25: Running migrations\nEnvironment: development\nInstalling jest@5.5.0\n[12:50:36] DEBUG: Query executed in 4ms\nCompleted.\nException: NullPointerException\nImage pulled successfully\nWARNING: jest has known vulnerabilities\nImage pulled successfully\nOptimizing 78 modules...\n=== Step lint completed ===\n=== Step: type_check ===\nCompiling lib/app.ts...\n[12:50:36] INFO: Cache refreshed\nArtifact uploaded: build.tar.gz (23MB)\nConnection established\nCache invalidated: dependencies\nOptimizing 100 modules...\n[12:50:36] ERROR: Connection failed\nArtifact uploaded: build.tar.gz (34MB)\nWARNING: jest has known vulnerabilities\nArtifact uploaded: dist.zip (74MB)\nOptimizing 81 modules...\nStep 2/15: Testing\nCoverage: 87% statements, 92% branches\nMinifying app.js\nInstalling jest@3.11.10\npip: Installing build dependencies...\n  PASS: e2e/test_auth_login.spec.js\n  PASS: test_api_health (226ms)\nVerifying...\n[12:50:36] ERROR: Connection failed\nTLS handshake completed\n[12:50:36] WARN: Deprecated API usage\nGenerating source maps...\n[12:50:36] INFO: Processing request\nStep 13/22: Linting\n\u26a0 DEPRECATION: Feature will be removed in v4.0\nStep 15/22: Testing\nWaiting...\nStep 7/18: Building\npip: Installing build dependencies...\nyarn add: Done in 13.66s\nCompiling components/app.ts...\nEnvironment: staging\nSuccess!\nGET /health - 200 (84ms)\nFAILED: test_db_connect\nSnapshots: 43 passed, 32 total\nException: TypeError\nStep 7/25: Deploying\nNODE_ENV=test\n[12:50:36] DEBUG: Query executed in 81ms\nFetching submodules...\nTest Suites: 6 passed, 9 total\nStep 1/18: Linting\nStep 1/17: Building\nUploading artifact 'build' (13 files)\nDone.\nEnvironment: development\nProcessing...\nCreating production build...\nCompiling lib/index.js...\nStep 13/18: Building\nUploading artifact 'build' (25 files)\nGET /api - 200 (7ms)\n\u26a0 DEPRECATION: Feature will be removed in v5.0\nReady.\nOptimizing 52 modules...\nCompiling utils/utils.go...\nStep 19/23: Installing dependencies\nCoverage: 99% statements, 86% branches\n\u2717 build failed with exit code 48\n[12:50:36] INFO: Connecting to database\nBuilding Docker image...\nCompiling src/handler.rs...\nTLS handshake completed\nStep 2/19: Testing\nUsing Node.js 15.0.6\nCoverage: 78% statements, 72% branches\n  PASS: test_cache_hit (112ms)\nStep 2/20: Building\nStep 14/23: Deploying\nOK\nImage pulled successfully\nCache miss for key-5732\nWaiting...\nCompiling utils/main.py...\nUploading artifact 'build' (5 files)\npip: Downloading lodash-2.8.tar.gz\nStep 4/16: Running migrations\n\u2713 All checks passed\nLoading...\nCompiling src/index.js...\nFAILED: test_user_create\nCache invalidated: dependencies\n[12:50:36] DEBUG: Initializing service\nEnvironment: test\nDone.\nWARNING: express has known vulnerabilities\n[12:50:36] DEBUG: Initializing service\nSuccess!\nStep 17/24: Linting\n[12:50:36] INFO: Processing request\nImage pulled successfully\n\u2713 Task completed in 4431ms\nVerifying...\n\u2713 Step 'test' succeeded\nWaiting...\nStep 12/21: Running migrations\n  PASS: test_auth_login (112ms)\nStep 6/17: Deploying\n[12:50:36] INFO: Processing request\nLayer 2/15: RUN command\nBundling styles.css\nGET /health - 204 (42ms)\nVerifying...\nHEAD is now at 853f82b\nNODE_ENV=production\nStep 1/18: Installing dependencies\nFetching from https://github.com/package.json\n  PASS: test_user_create (380ms)\nUploading artifact 'dist' (7 files)\nFAILED: test_db_connect\n[12:50:36] INFO: Request completed\nFAILED: test_auth_login\nStep 13/20: Deploying\n\u26a0 DEPRECATION: Feature will be removed in v3.0\nChecking out develop branch\nStep 8/24: Installing dependencies\nChecking out master branch\nPOST /data - 201 (393ms)\nStep 11/16: Building\nBuilding Docker image...\nFetching submodules...\nGenerating source maps...\nCoverage: 90% statements, 73% branches\nUsing Node.js 15.3.3\nAlready up to date.\nArtifact uploaded: dist.zip (6MB)\n\u2713 All checks passed\n[12:50:36] INFO: Processing request\nImage pulled successfully\nBundling main.js\nTests: 282 passed, 75 total\n  PASS: test_user_create (471ms)\n\u2717 build failed with exit code 106\nWARNING: jest has known vulnerabilities\n[12:50:36] INFO: Request completed\n[12:50:36] DEBUG: Query executed in 48ms\nAlready up to date.\nCompiling utils/service.java...\nDone.\nCache saved successfully\nException: NullPointerException\nTest Suites: 9 passed, 14 total\nCoverage: 88% statements, 81% branches\nCreating production build...\nStep 3/24: Running migrations\n[12:50:36] INFO: Starting build process\nTests: 313 passed, 356 total\nWARNING: lodash has known vulnerabilities\nChecking out develop branch\nWaiting...\n[12:50:36] DEBUG: Loading configuration\n=== Step type_check completed ===\n=== Step: setup_node ===\nyarn add: Done in 15.38s\nUsing Node.js 14.20.0\nNODE_ENV=production\n[12:50:36] DEBUG: Loading configuration\n[12:50:36] WARN: Deprecated API usage\nGET /api - 201 (38ms)\nFetching from https://amazonaws.com/package.json\nCoverage: 84% statements, 94% branches\nReady.\nChecking out main branch\nVerifying...\nCoverage: 96% statements, 78% branches\nWaiting...\nArtifact uploaded: dist.zip (43MB)\n[12:50:36] WARN: Deprecated API usage\n[12:50:36] WARN: Deprecated API usage\nStep 20/20: Testing\nnpm install: added 85 packages\nCompiling src/main.py...\nUsing Python 3.11\nTest Suites: 38 passed, 37 total\nStep 8/24: Installing dependencies\n\u26a0 DEPRECATION: Feature will be removed in v4.0\nFetching from https://npmjs.org/package.json\nBuilding Docker image...\n\u26a0 DEPRECATION: Feature will be removed in v4.0\nInstalling lodash@5.0.4\nCompiling utils/index.js...\nHEAD is now at b9135f1\nStep 20/19: Running migrations\nnpm install: added 476 packages\nUsing Node.js 16.0.8\nStep 20/18: Running migrations\nPlatform: win32-x64\n[12:50:36] INFO: Cache refreshed\nDone.\n  PASS: integration/test_cache_hit.spec.js\nTest Suites: 40 passed, 40 total\n[12:50:36] DEBUG: Loading configuration\nLayer 9/11: ENV command\nPOST /upload - 200 (277ms)\nMinifying main.js\nUsing Node.js 19.7.6\nSwitched to branch 'bugfix/task-440'\nCompiling src/app.ts...\nStep 14/17: Running migrations\nUsing Node.js 17.7.8\n\u2713 Step 'install' succeeded\nUsing Node.js 17.6.8\nFinished.\nUsing Node.js 20.14.8\nGET /api - 201 (98ms)\n  PASS: test_cache_hit (100ms)\nTests: 457 passed, 347 total\n[12:50:36] INFO: Request completed\nUsing Node.js 19.20.1\nDone.\nSwitched to branch 'bugfix/task-128'\nTLS handshake completed\n\u26a0 DEPRECATION: Feature will be removed in v4.0\nInstalling react@2.19.9\nStep 9/19: Building\n\u2713 Step 'checkout' succeeded\nChecking out master branch\nFinished.\nConnection established\n[12:50:36] DEBUG: Initializing service\nnpm notice: package.json updated\nVerifying...\nPOST /upload - 202 (250ms)\nArtifact uploaded: dist.zip (57MB)\n[12:50:36] DEBUG: Query executed in 20ms\n\u26a0 DEPRECATION: Feature will be removed in v2.0\nCache miss for key-7456\nCache saved successfully\nnpm install: added 287 packages\n[12:50:36] DEBUG: Loading configuration\nGenerating source maps...\n[12:50:36] DEBUG: Initializing service\nStep 3/19: Deploying\nCoverage: 89% statements, 68% branches\npip: Downloading react-1.0.tar.gz\nTest Suites: 14 passed, 32 total\nCompiling src/main.py...\nStep 6/15: Linting\nStep 3/25: Building\nSnapshots: 45 passed, 38 total\npip: Collecting axios\nCache saved successfully\nCreating production build...\nFetching submodules...\nArtifact uploaded: dist.zip (75MB)\nHEAD is now at f1b847b\nWaiting...\nnpm install: added 304 packages\n\u2713 All checks passed\nHEAD is now at b88406f\nRan 136 tests in 15s\nCoverage: 73% statements, 88% branches\nCompiling components/handler.rs...\nUploading artifact 'build' (7 files)\n\u26a0 DEPRECATION: Feature will be removed in v5.0\n\u26a0 DEPRECATION: Feature will be removed in v2.0\nPushing to registry...\nCreating production build...\nyarn add: Done in 26.35s\nWARNING: axios has known vulnerabilities\nCompiling src/utils.go...\nFetching from https://pypi.org/package.json\n\u2713 deploy completed\nStep 1/17: Testing\n[12:50:36] DEBUG: Initializing service\nFetching from https://pypi.org/package.json\n[12:50:36] DEBUG: Loading configuration\n[12:50:36] DEBUG: Query executed in 13ms\nStep 15/21: Building\nCache invalidated: dependencies\n[12:50:36] DEBUG: Memory usage: 1424MB\n\u2713 Task completed in 3346ms\nCache restored successfully (477MB)\nTime: 120.650s\n[12:50:36] DEBUG: Memory usage: 1824MB\n[12:50:36] INFO: Cache refreshed\npip install: Successfully installed axios-3.13\nnpm notice: created a lockfile\nException: TypeError\n[12:50:36] INFO: Starting build process\nSnapshots: 33 passed, 45 total\n[12:50:36] DEBUG: Memory usage: 129MB\nMinifying main.js\nCompiling components/service.java...\nChecking out develop branch\nStep 7/21: Building\nAlready up to date.\nnpm notice: package.json updated\nArtifact downloaded: 16MB\nFinished.\nGenerating source maps...\nDone.\nLayer 6/12: COPY command\nTests: 500 passed, 495 total\nMinifying vendor.js\nyarn add: Done in 21.69s\nCompiling src/utils.go...\nTLS handshake completed\nCompiling utils/service.java...\nImage pulled successfully\nStep 12/16: Installing dependencies\n  PASS: test_db_connect (500ms)\nGenerating source maps...\n[12:50:36] DEBUG: Initializing service\nLayer 8/12: ENV command\nNODE_ENV=production\n=== Step setup_node completed ===\n=== Step: setup_environment ===\n\u2717 build failed with exit code 2\n[12:50:36] DEBUG: Initializing service\nFetching from https://amazonaws.com/package.json\nPlatform: win32-x64\nCache hit for key-5192\nCoverage: 89% statements, 64% branches\nHEAD is now at 508c659\nVerifying...\nWARNING: jest has known vulnerabilities\npip: Collecting prettier\n\u2713 lint completed\nDone.\nWaiting...\nCreating production build...\nTime: 63.393s\nRan 15 tests in 23s\nInstalling react@1.18.0\n\u26a0 DEPRECATION: Feature will be removed in v2.0\nGET /health - 204 (23ms)\nException: ValueError\nArtifact uploaded: dist.zip (86MB)\n[12:50:36] INFO: Cache refreshed\nOK\nSuccess!\nBundling runtime.js\nStep 12/24: Deploying\nTest Suites: 45 passed, 47 total\nInstalling axios@1.8.8\n\u26a0 DEPRECATION: Feature will be removed in v4.0\n[12:50:36] WARN: Deprecated API usage\nCache miss for key-7217\nTests: 68 passed, 454 total\nPushing to registry...\nStep 19/18: Testing\nTests: 363 passed, 228 total\nImage pulled successfully\nBundling runtime.js\nBuilding Docker image...\nCompiling lib/utils.go...\nTests: 222 passed, 387 total\nFinished.\nUsing Python 3.9\nWARNING: lodash has known vulnerabilities\nPushing to registry...\n[12:50:36] DEBUG: Connection pool: 1 active\nCompiling lib/index.js...\nArtifact uploaded: build.tar.gz (47MB)\nTest Suites: 18 passed, 45 total\nPOST /upload - 200 (415ms)\nStep 15/24: Installing dependencies\nCoverage: 78% statements, 65% branches\nUploading artifact 'build' (13 files)\n[12:50:36] DEBUG: Connection pool: 13 active\nStep 11/21: Testing\n[12:50:36] DEBUG: Loading configuration\n\u2713 All checks passed\nTime: 61.942s\nStep 12/16: Running migrations\nAlready up to date.\nCache invalidated: dependencies\nStep 12/17: Linting\n  PASS: integration/test_cache_hit.spec.js\n\u26a0 DEPRECATION: Feature will be removed in v4.0\nStep 4/19: Building\n[12:50:36] WARN: Deprecated API usage\nCompiling utils/main.py...\nDone.\nReady.\nPulling image: python:18\nStep 6/25: Installing dependencies\nCompiling utils/app.ts...\n[12:50:36] INFO: Request completed\npip: Downloading jest-3.8.tar.gz\n\u26a0 DEPRECATION: Feature will be removed in v4.0\nOK\nSuccess!\nSuccess!\nNODE_ENV=development\nRan 154 tests in 5s\nCache miss for key-3387\n\u2713 Step 'test' succeeded\nUploading artifact 'build' (48 files)\nFAILED: test_auth_login\n  PASS: integration/test_api_health.spec.js\nLoading...\nVerifying...\nUploading artifact 'coverage' (49 files)\n[12:50:36] INFO: Processing request\nOptimizing 36 modules...\nDone.\nStep 15/16: Installing dependencies\nFetching from https://pypi.org/package.json\nGenerating source maps...\n[12:50:36] ERROR: Connection failed\npip: Collecting react\nGET /health - 204 (2ms)\n\u26a0 DEPRECATION: Feature will be removed in v4.0\nCache invalidated: dependencies\n\u2713 All checks passed\nImage pulled successfully\npip: Collecting react\npip: Installing build dependencies...\nLoading...\nUploading artifact 'build' (49 files)\n[12:50:36] WARN: Deprecated API usage\nUsing Node.js 14.3.5\n\u2713 Task completed in 892ms\n[12:50:36] WARN: Deprecated API usage\nEnvironment: test\nMinifying app.js\nAlready up to date.\nOptimizing 48 modules...\nCache restored successfully (269MB)\nArtifact downloaded: 43MB\nArtifact uploaded: dist.zip (39MB)\nnpm install: added 323 packages\nArtifact uploaded: build.tar.gz (41MB)\n[12:50:36] ERROR: Connection failed\nAlready up to date.\nStep 3/19: Running migrations\nTests: 152 passed, 440 total\nTest Suites: 27 passed, 36 total\nOK\nStep 8/18: Building\npip: Installing build dependencies...\nCreating production build...\nWaiting...\nReady.\nCompiling lib/service.java...\nOK\nAlready up to date.\n[12:50:36] INFO: Starting build process\nGET /health - 200 (9ms)\nFetching from https://registry.npmjs.org/package.json\npip install: Successfully installed jest-1.10\nException: RuntimeError\nCache saved successfully\nCache hit for key-3839\nConnection established\npip: Installing build dependencies...\nyarn add: Done in 8.32s\nPulling image: node:18\nCompiling components/utils.go...\nReady.\nTest Suites: 32 passed, 45 total\nVerifying...\n\u2713 Task completed in 4530ms\nCompiling components/handler.rs...\nEnvironment: staging\nnpm notice: package.json updated\n\u2713 All checks passed\nTransforming 950 files...\n[12:50:36] INFO: Starting build process\n=== Step setup_environment completed ===\n=== Step: deploy_production ===\nMinifying main.js\nCache restored successfully (360MB)\nWARNING: react has known vulnerabilities\nArtifact uploaded: dist.zip (24MB)\nFinished.\n[12:50:36] DEBUG: Memory usage: 1167MB\nGenerating source maps...\nStep 20/19: Building\n\u26a0 DEPRECATION: Feature will be removed in v3.0\n[12:50:36] DEBUG: Query executed in 64ms\nConnection established\n[12:50:36] WARN: Deprecated API usage\nSwitched to branch 'hotfix/task-453'\nChecking out develop branch\nCompleted.\nFAILED: test_api_health\nStep 20/18: Testing\nFinished.\nUsing Python 3.12\nCache invalidated: node_modules\nFinished.\n[12:50:36] DEBUG: Query executed in 58ms\nUsing Node.js 14.12.0\nOptimizing 17 modules...\nCache saved successfully\nHEAD is now at ebba65b\nCompiling lib/service.java...\nUsing Python 3.12\nCache restored successfully (365MB)\n[12:50:36] DEBUG: Memory usage: 1372MB\nCompiling utils/handler.rs...\n[12:50:36] INFO: Request completed\nAlready up to date.\nRan 84 tests in 29s\n\u26a0 DEPRECATION: Feature will be removed in v3.0\nCoverage: 100% statements, 60% branches\n\u2713 test completed\nSwitched to branch 'bugfix/task-680'\nBundling vendor.css\nProcessing...\nException: RuntimeError\nSwitched to branch 'feature/task-577'\nArtifact uploaded: dist.zip (60MB)\nPulling image: alpine:3.11\nPlatform: darwin-arm64\nRan 64 tests in 45s\n[12:50:36] WARN: Deprecated API usage\nFAILED: test_user_create\npip install: Successfully installed jest-2.19\nFAILED: test_db_connect\n[12:50:36] WARN: Deprecated API usage\nCompiling utils/main.py...\nGenerating source maps...\nTLS handshake completed\nCache restored successfully (246MB)\nyarn add: Done in 27.71s\nPOST /api - 201 (176ms)\n[12:50:36] DEBUG: Loading configuration\nLoading...\nStep 16/18: Testing\nStep 19/20: Building\nSwitched to branch 'hotfix/task-113'\nPushing to registry...\nInstalling react@2.11.9\nRan 137 tests in 17s\nFetching submodules...\n[12:50:36] WARN: Deprecated API usage\nInstalling express@5.13.7\nnpm install: added 157 packages\nSuccess!\nTest Suites: 45 passed, 13 total\nStep 5/21: Building\nOK\nCompiling lib/service.java...\nStep 16/17: Running migrations\nCompiling lib/main.py...\n[12:50:36] INFO: Connecting to database\nProcessing...\nConnection established\nnpm install: added 230 packages\nCoverage: 78% statements, 66% branches\nOK\nConnection established\nPlatform: linux-x64\n[12:50:36] INFO: Cache refreshed\nnpm install: added 34 packages\nUsing Node.js 14.16.10\nProcessing...\nCache miss for key-4336\nFinished.\nPlatform: win32-x64\nCompiling src/service.java...\nTLS handshake completed\nCoverage: 85% statements, 89% branches\nLayer 1/13: ENV command\nSnapshots: 10 passed, 24 total\nTests: 247 passed, 92 total\nPlatform: darwin-arm64\nRan 138 tests in 54s\nnpm notice: created a lockfile\n\u2713 Task completed in 2405ms\nStep 2/24: Building\nCoverage: 75% statements, 62% branches\nProcessing...\nUploading artifact 'build' (5 files)\nConnection established\nCompiling utils/utils.go...\nnpm install: resolved 1296 packages\n[12:50:36] INFO: Processing request\nCache restored successfully (455MB)\n\u26a0 DEPRECATION: Feature will be removed in v2.0\nStep 19/18: Testing\nConnection established\nLayer 9/11: RUN command\nOK\nCompiling utils/main.py...\nAlready up to date.\nnpm notice: created a lockfile\nHEAD is now at a51939d\nCache restored successfully (112MB)\n\u2713 Task completed in 3194ms\nSwitched to branch 'hotfix/task-870'\nArtifact uploaded: dist.zip (23MB)\nDone.\n[12:50:36] INFO: Connecting to database\nTransforming 742 files...\nStep 14/15: Running migrations\nCache invalidated: build\n[12:50:36] INFO: Cache refreshed\nNODE_ENV=development\n\u26a0 DEPRECATION: Feature will be removed in v2.0\nUsing Python 3.10\nStep 19/20: Testing\n[12:50:36] INFO: Processing request\nTests: 492 passed, 95 total\nBuilding Docker image...\nCache restored successfully (384MB)\nnpm install: added 112 packages\nCompiling lib/handler.rs...\n[12:50:36] INFO: Processing request\nTime: 57.698s\nFAILED: test_user_create\nyarn add: Done in 19.97s\nFinished.\n\u26a0 DEPRECATION: Feature will be removed in v3.0\nOptimizing 84 modules...\nCache saved successfully\n\u26a0 DEPRECATION: Feature will be removed in v5.0\n[12:50:36] WARN: Deprecated API usage\nOptimizing 17 modules...\n\u26a0 DEPRECATION: Feature will be removed in v2.0\nStep 18/18: Linting\nStep 8/23: Installing dependencies\n=== Step deploy_production completed ===\n=== Step: deploy_staging ===\nGenerating source maps...\n[12:50:36] DEBUG: Memory usage: 621MB\n[12:50:36] INFO: Request completed\nUsing Node.js 18.13.4\n[12:50:36] INFO: Processing request\nWARNING: axios has known vulnerabilities\nWARNING: react has known vulnerabilities\nArtifact downloaded: 27MB\npip: Collecting jest\nUsing Node.js 20.6.8\nDone.\nnpm notice: created a lockfile\nCache saved successfully\nFinished.\n[12:50:36] INFO: Starting build process\nGET /api - 200 (69ms)\nnpm notice: created a lockfile\nnpm install: added 347 packages\nSnapshots: 35 passed, 20 total\nInstalling axios@5.1.1\nWaiting...\nEnvironment: staging\nStep 10/18: Deploying\nNODE_ENV=production\nHEAD is now at 1a7d1c9\nCache restored successfully (332MB)\nPOST /data - 200 (427ms)\npip install: Successfully installed express-3.16\nPulling image: alpine:latest\nPulling image: node:latest\nUsing Python 3.10\nException: RuntimeError\n\u26a0 DEPRECATION: Feature will be removed in v5.0\n\u2713 Step 'checkout' succeeded\n\u26a0 DEPRECATION: Feature will be removed in v4.0\n\u2713 Task completed in 4628ms\npip: Installing build dependencies...\nOK\nCache saved successfully\n\u2713 test completed\nCompiling components/handler.rs...\n\u2713 All checks passed\nChecking out master branch\nnpm install: added 395 packages\nFetching submodules...\nCache miss for key-6120\nHEAD is now at efbc695\n[12:50:36] WARN: Deprecated API usage\nnpm install: added 342 packages\nBundling runtime.css\nProcessing...\nArtifact uploaded: dist.zip (46MB)\nCompiling src/service.java...\n[12:50:36] INFO: Starting build process\n[12:50:36] DEBUG: Memory usage: 1896MB\nTime: 75.47s\nStep 7/22: Linting\nUsing Node.js 16.10.9\nStep 4/15: Linting\nVerifying...\nnpm notice: package.json updated\nLoading...\npip install: Successfully installed axios-3.4\nChecking out main branch\nBundling vendor.css\nDone.\nWARNING: lodash has known vulnerabilities\npip: Downloading prettier-3.0.tar.gz\n[12:50:36] WARN: Deprecated API usage\nPushing to registry...\nCompiling components/index.js...\nCompleted.\nUsing Python 3.10\n[12:50:36] WARN: Deprecated API usage\nTransforming 627 files...\nCache invalidated: build\nMinifying vendor.js\nImage pulled successfully\nStep 19/24: Testing\nStep 5/19: Building\nTransforming 473 files...\nCompleted.\npip: Installing build dependencies...\nImage pulled successfully\nTLS handshake completed\nStep 1/24: Installing dependencies\nOptimizing 76 modules...\nFAILED: test_api_health\nWARNING: jest has known vulnerabilities\n[12:50:36] DEBUG: Memory usage: 1902MB\nUploading artifact 'dist' (6 files)\nPlatform: linux-x64\n\u26a0 DEPRECATION: Feature will be removed in v3.0\n[12:50:36] DEBUG: Connection pool: 7 active\nSnapshots: 17 passed, 39 total\nPushing to registry...\nStep 19/22: Running migrations\nGenerating source maps...\nArtifact downloaded: 6MB\npip: Installing build dependencies...\nCompiling lib/main.py...\n[12:50:36] DEBUG: Connection pool: 5 active\nTransforming 739 files...\nArtifact uploaded: build.tar.gz (47MB)\nConnection established\nStep 12/15: Linting\nPulling image: node:latest\nEnvironment: staging\n\u2713 deploy completed\nStep 19/21: Deploying\n[12:50:36] DEBUG: Loading configuration\nStep 18/25: Deploying\nStep 11/21: Installing dependencies\nPlatform: linux-x64\n[12:50:36] ERROR: Connection failed\nFetching submodules...\nyarn add: Done in 18.54s\nTime: 27.275s\nTLS handshake completed\n\u2713 Task completed in 4923ms\nStep 9/17: Running migrations\nNODE_ENV=development\npip: Downloading react-1.5.tar.gz\nStep 1/20: Testing\nFAILED: test_api_health\nInstalling lodash@3.7.5\nCompiling components/main.py...\nCompleted.\nCache invalidated: node_modules\nCompiling utils/service.java...\nStep 17/24: Installing dependencies\nCache invalidated: build\nChecking out main branch\nTests: 324 passed, 489 total\nFetching submodules...\n[12:50:36] WARN: Deprecated API usage\nLayer 4/13: ENV command\n  PASS: e2e/test_user_create.spec.js\nAlready up to date.\n[12:50:36] DEBUG: Loading configuration\nCompiling components/service.java...\nPlatform: win32-x64\nUsing Python 3.11\nUploading artifact 'build' (46 files)\npip install: Successfully installed webpack-2.2\n[12:50:36] DEBUG: Query executed in 20ms\nStep 1/24: Deploying\nConnection established\nFetching from https://pypi.org/package.json\nWaiting...\nnpm install: added 324 packages\nPlatform: linux-x64\n[12:50:36] WARN: Deprecated API usage\n=== Step deploy_staging completed ===\n=== Step: checkout ===\npip: Downloading prettier-2.10.tar.gz\nGenerating source maps...\nCache saved successfully\n[12:50:36] DEBUG: Loading configuration\nCompleted.\nFetching submodules...\n  PASS: integration/test_user_create.spec.js\n[12:50:36] WARN: Deprecated API usage\n[12:50:36] DEBUG: Initializing service\nInstalling express@4.2.0\nHEAD is now at c0540b6\nPushing to registry...\nFAILED: test_api_health\nStep 20/24: Linting\nPulling image: python:latest\nStep 4/23: Linting\npip: Installing build dependencies...\nCompiling components/main.py...\n[12:50:36] ERROR: Connection failed\nnpm install: added 82 packages\nSnapshots: 42 passed, 39 total\nWARNING: lodash has known vulnerabilities\nCache saved successfully\nCache invalidated: dependencies\nFinished.\nArtifact uploaded: build.tar.gz (27MB)\n[12:50:36] DEBUG: Loading configuration\nAlready up to date.\n\u2713 All checks passed\nCompleted.\n[12:50:36] DEBUG: Loading configuration\n\u2713 lint completed\nWaiting...\nHEAD is now at 76f0b79\nDone.\nArtifact uploaded: build.tar.gz (7MB)\nUsing Node.js 16.7.2\n\u2713 Step 'setup' succeeded\n[12:50:36] WARN: Deprecated API usage\nStep 16/20: Linting\nStep 20/17: Linting\nTests: 381 passed, 382 total\n[12:50:36] INFO: Cache refreshed\nCompleted.\nCoverage: 88% statements, 61% branches\nnpm notice: package.json updated\nWARNING: lodash has known vulnerabilities\n[12:50:36] ERROR: Connection failed\nOK\nFetching from https://githubusercontent.com/package.json\nTests: 318 passed, 279 total\nStep 7/18: Installing dependencies\nUsing Node.js 18.19.1\nCache restored successfully (496MB)\n  PASS: integration/test_user_create.spec.js\n[12:50:36] INFO: Cache refreshed\nCompiling lib/service.java...\nOptimizing 100 modules...\nnpm install: added 438 packages\nArtifact uploaded: dist.zip (4MB)\nSuccess!\n\u2713 test completed\nCache hit for key-7988\n\u2713 Task completed in 402ms\nCompiling src/main.py...\nFetching submodules...\nException: RuntimeError\npip: Downloading react-4.11.tar.gz\nCache restored successfully (375MB)\n[12:50:36] DEBUG: Memory usage: 492MB\npip: Downloading prettier-1.15.tar.gz\n\u26a0 DEPRECATION: Feature will be removed in v2.0\nOK\nCoverage: 84% statements, 100% branches\nTime: 112.765s\nnpm install: resolved 1143 packages\nStep 15/21: Testing\n[12:50:36] DEBUG: Connection pool: 5 active\n[12:50:36] DEBUG: Query executed in 40ms\nCache invalidated: dependencies\nDone.\n\u26a0 DEPRECATION: Feature will be removed in v3.0\nWaiting...\nCache hit for key-8148\nOK\n[12:50:36] ERROR: Connection failed\n\u26a0 DEPRECATION: Feature will be removed in v4.0\n[12:50:36] DEBUG: Loading configuration\n[12:50:36] INFO: Connecting to database\nStep 10/21: Testing\n[12:50:36] WARN: Deprecated API usage\nStep 6/24: Installing dependencies\nEnvironment: staging\nArtifact uploaded: build.tar.gz (6MB)\n\u2713 package completed\nnpm install: resolved 962 packages\n[12:50:36] INFO: Cache refreshed\nTest Suites: 8 passed, 46 total\nStep 16/18: Testing\nRan 127 tests in 18s\nArtifact downloaded: 41MB\n[12:50:36] WARN: Deprecated API usage\n[12:50:36] WARN: Deprecated API usage\nOK\nOptimizing 21 modules...\nnpm install: added 403 packages\nFAILED: test_db_connect\nCache hit for key-1301\nChecking out develop branch\n[12:50:36] DEBUG: Query executed in 37ms\nPushing to registry...\nGET /status - 204 (55ms)\nFetching submodules...\n\u2713 Step 'setup' succeeded\nTLS handshake completed\nCache saved successfully\npip: Downloading prettier-2.9.tar.gz\nArtifact downloaded: 6MB\n[12:50:36] INFO: Connecting to database\nHEAD is now at 603adea\nCompiling utils/app.ts...\nReady.\n\u2713 lint completed\nCoverage: 80% statements, 67% branches\nVerifying...\nNODE_ENV=production\nOptimizing 24 modules...\nSuccess!\nnpm install: resolved 1758 packages\nSuccess!\n[12:50:36] DEBUG: Connection pool: 6 active\nMinifying app.js\n[12:50:36] INFO: Cache refreshed\nCoverage: 93% statements, 79% branches\nFetching submodules...\nCoverage: 96% statements, 98% branches\n\u2713 Task completed in 3526ms\npip: Installing build dependencies...\n[12:50:36] DEBUG: Connection pool: 9 active\nPushing to registry...\nLoading...\nnpm install: resolved 1804 packages\nFAILED: test_cache_hit\nCache restored successfully (307MB)\nFetching from https://googleapis.com/package.json\nArtifact downloaded: 29MB\n[12:50:36] INFO: Cache refreshed\nBuilding Docker image...\nSwitched to branch 'feature/task-509'\nBundling styles.css\n[12:50:36] WARN: Deprecated API usage\nCompiling lib/app.ts...\nBundling runtime.js\n=== Step checkout completed ===\n=== Step: e2e_tests ===\nWaiting...\nStep 7/21: Linting\n[12:50:36] DEBUG: Initializing service\n\u26a0 DEPRECATION: Feature will be removed in v2.0\nStep 1/23: Running migrations\n[12:50:36] INFO: Connecting to database\nnpm notice: created a lockfile\n[12:50:36] DEBUG: Query executed in 71ms\n[12:50:36] DEBUG: Connection pool: 3 active\n[12:50:36] DEBUG: Initializing service\nCreating production build...\nStep 8/23: Running migrations\nWaiting...\nLoading...\nVerifying...\nImage pulled successfully\n  PASS: test_auth_login (422ms)\nUploading artifact 'build' (12 files)\nArtifact uploaded: build.tar.gz (41MB)\nTests: 182 passed, 126 total\nPushing to registry...\nCache hit for key-1348\nImage pulled successfully\n[12:50:36] WARN: Deprecated API usage\nSwitched to branch 'hotfix/task-596'\n[12:50:36] DEBUG: Connection pool: 17 active\nWARNING: react has known vulnerabilities\nCompiling src/service.java...\npip: Collecting webpack\nWARNING: lodash has known vulnerabilities\n\u26a0 DEPRECATION: Feature will be removed in v2.0\nnpm notice: package.json updated\nPushing to registry...\nProcessing...\nnpm notice: package.json updated\n[12:50:36] INFO: Processing request\nTLS handshake completed\nRan 183 tests in 10s\n  PASS: test_api_health (165ms)\n[12:50:36] DEBUG: Initializing service\nFetching submodules...\nUploading artifact 'coverage' (19 files)\nWaiting...\nStep 7/21: Building\nCache miss for key-3201\nUsing Python 3.11\n\u26a0 DEPRECATION: Feature will be removed in v2.0\nMinifying app.js\nPlatform: darwin-arm64\nyarn add: Done in 26.59s\nCompiling utils/main.py...\nyarn add: Done in 26.77s\n  PASS: test_user_create (337ms)\nAlready up to date.\nnpm notice: created a lockfile\n[12:50:36] INFO: Starting build process\nFinished.\nArtifact uploaded: build.tar.gz (8MB)\n[12:50:36] DEBUG: Initializing service\nConnection established\nArtifact downloaded: 23MB\npip: Installing build dependencies...\nyarn add: Done in 15.7s\nCache restored successfully (190MB)\nTransforming 826 files...\nCache restored successfully (358MB)\n\u2713 All checks passed\nCache hit for key-2857\nInstalling lodash@5.2.1\nBundling main.js\nCompiling components/main.py...\nSuccess!\npip: Collecting express\n[12:50:36] WARN: Deprecated API usage\nOptimizing 49 modules...\nCache miss for key-1993\n  PASS: integration/test_auth_login.spec.js\n[12:50:36] DEBUG: Initializing service\nOptimizing 100 modules...\nHEAD is now at cbda4f5\n\u2713 Task completed in 1972ms\nArtifact downloaded: 42MB\n[12:50:36] INFO: Starting build process\npip: Installing build dependencies...\nTime: 53.287s\nCompiling components/service.java...\nCompiling components/main.py...\nPulling image: alpine:3.11\nFetching from https://amazonaws.com/package.json\nReady.\nStep 1/20: Installing dependencies\n[12:50:36] DEBUG: Initializing service\nChecking out develop branch\nReady.\n\u26a0 DEPRECATION: Feature will be removed in v2.0\nUploading artifact 'build' (27 files)\nCoverage: 72% statements, 82% branches\nProcessing...\n[12:50:36] INFO: Processing request\nArtifact uploaded: dist.zip (56MB)\nCompiling lib/app.ts...\nCache saved successfully\nWARNING: jest has known vulnerabilities\npip: Downloading prettier-4.8.tar.gz\n\u2713 All checks passed\npip: Installing build dependencies...\n[12:50:36] INFO: Starting build process\nStep 20/24: Linting\n[12:50:36] DEBUG: Loading configuration\n\u2713 Task completed in 3258ms\nProcessing...\nStep 12/22: Running migrations\nCompiling lib/index.js...\nCache hit for key-6916\nOK\nArtifact uploaded: build.tar.gz (25MB)\nCreating production build...\n[12:50:36] DEBUG: Memory usage: 1805MB\n\u26a0 DEPRECATION: Feature will be removed in v3.0\nImage pulled successfully\nFinished.\nChecking out master branch\nArtifact downloaded: 3MB\nImage pulled successfully\nCompiling components/service.java...\nTest Suites: 29 passed, 26 total\nPushing to registry...\nTest Suites: 20 passed, 13 total\nMinifying vendor.js\nPlatform: linux-x64\n[12:50:36] DEBUG: Initializing service\nReady.\nGenerating source maps...\n  PASS: test_cache_hit (371ms)\n[12:50:36] DEBUG: Initializing service\nCache hit for key-4687\n\u2713 Task completed in 552ms\nRan 180 tests in 56s\nDone.\nnpm notice: created a lockfile\nWaiting...\nCompiling lib/handler.rs...\n\u2717 build failed with exit code 40\nTime: 31.672s\nLoading...\nEnvironment: production\n[12:50:36] DEBUG: Loading configuration\n\u2713 build completed\n\u2717 build failed with exit code 81\n  PASS: integration/test_api_health.spec.js\n\u2713 Step 'test' succeeded\nCompleted.\nTest Suites: 33 passed, 15 total\n=== Step e2e_tests completed ===\n=== Step: save_cache ===\n\u2713 All checks passed\nStep 2/15: Testing\nTLS handshake completed\nChecking out main branch\nArtifact uploaded: build.tar.gz (50MB)\nArtifact downloaded: 11MB\nHEAD is now at 5c22967\nChecking out master branch\nReady.\nCompiling src/handler.rs...\nReady.\nVerifying...\nLoading...\nCompiling lib/index.js...\nEnvironment: test\nArtifact uploaded: build.tar.gz (7MB)\nCompiling src/app.ts...\nCache saved successfully\nCompiling utils/utils.go...\nHEAD is now at b3b7091\nSwitched to branch 'hotfix/task-918'\nCache saved successfully\n\u2713 deploy completed\n\u2717 build failed with exit code 11\nCache saved successfully\npip install: Successfully installed lodash-4.19\nyarn add: Done in 15.49s\n\u26a0 DEPRECATION: Feature will be removed in v2.0\nPulling image: node:3.11\nPushing to registry...\n[12:50:36] INFO: Connecting to database\npip: Collecting eslint\nCreating production build...\n[12:50:36] DEBUG: Initializing service\nWARNING: eslint has known vulnerabilities\n[12:50:36] INFO: Connecting to database\nArtifact uploaded: build.tar.gz (24MB)\nTLS handshake completed\npip: Collecting express\nCompiling components/app.ts...\nTransforming 834 files...\nRan 195 tests in 11s\nFetching submodules...\n[12:50:36] INFO: Cache refreshed\nCompiling lib/main.py...\nVerifying...\nArtifact downloaded: 33MB\nReady.\nnpm install: resolved 1092 packages\nEnvironment: test\nStep 19/22: Running migrations\nCompiling utils/app.ts...\n\u2713 test completed\nStep 6/19: Installing dependencies\n\u2717 build failed with exit code 7\nLoading...\nStep 8/24: Building\nnpm notice: package.json updated\nOK\nPushing to registry...\nPulling image: alpine:18\n[12:50:36] DEBUG: Memory usage: 928MB\nCache invalidated: dependencies\nTests: 384 passed, 500 total\nCompleted.\nCompleted.\nWARNING: jest has known vulnerabilities\nTests: 351 passed, 476 total\nSnapshots: 9 passed, 28 total\n[12:50:36] DEBUG: Query executed in 8ms\n[12:50:36] DEBUG: Loading configuration\nCoverage: 73% statements, 78% branches\nnpm install: added 329 packages\nFAILED: test_auth_login\nRan 160 tests in 54s\n\u26a0 DEPRECATION: Feature will be removed in v5.0\nStep 3/19: Running migrations\nFetching from https://gcr.io/package.json\nnpm notice: package.json updated\nGET /health - 201 (5ms)\nCache restored successfully (484MB)\nImage pulled successfully\n[12:50:36] DEBUG: Initializing service\nNODE_ENV=test\n[12:50:36] DEBUG: Query executed in 33ms\npip install: Successfully installed jest-3.18\nFetching from https://googleapis.com/package.json\n\u2713 deploy completed\nnpm notice: package.json updated\n\u26a0 DEPRECATION: Feature will be removed in v5.0\nInstalling lodash@4.13.3\nConnection established\nSnapshots: 37 passed, 24 total\nOptimizing 71 modules...\n[12:50:36] WARN: Deprecated API usage\nSwitched to branch 'feature/task-728'\n[12:50:36] DEBUG: Loading configuration\n[12:50:36] DEBUG: Connection pool: 20 active\nCompiling src/app.ts...\nLoading...\nCache miss for key-9846\nSwitched to branch 'feature/task-218'\n[12:50:36] INFO: Starting build process\nArtifact uploaded: dist.zip (53MB)\n[12:50:36] INFO: Cache refreshed\npip install: Successfully installed axios-2.5\nCache invalidated: dependencies\nFetching from https://pypi.org/package.json\n[12:50:36] INFO: Processing request\n[12:50:36] WARN: Deprecated API usage\n[12:50:36] DEBUG: Query executed in 26ms\nTLS handshake completed\n\u26a0 DEPRECATION: Feature will be removed in v5.0\nCoverage: 91% statements, 77% branches\nCoverage: 75% statements, 60% branches\nCompiling src/index.js...\npip: Downloading express-2.1.tar.gz\n[12:50:36] INFO: Request completed\nProcessing...\n\u2713 test completed\n[12:50:36] ERROR: Connection failed\nnpm notice: created a lockfile\nDone.\nCompiling utils/service.java...\nAlready up to date.\nnpm install: resolved 566 packages\n[12:50:36] DEBUG: Initializing service\nOK\nStep 9/16: Running migrations\nFetching from https://npmjs.org/package.json\nTest Suites: 15 passed, 38 total\nOptimizing 43 modules...\nSwitched to branch 'feature/task-122'\nArtifact uploaded: dist.zip (15MB)\nWARNING: axios has known vulnerabilities\nImage pulled successfully\nnpm notice: created a lockfile\nException: NullPointerException\nFetching submodules...\nSuccess!\nChecking out develop branch\nStep 5/24: Building\n[12:50:36] ERROR: Connection failed\nInstalling jest@3.2.2\n\u2717 build failed with exit code 69\n[12:50:36] INFO: Starting build process\n[12:50:36] INFO: Connecting to database\nWARNING: webpack has known vulnerabilities\nTest Suites: 42 passed, 10 total\n\u2713 build completed\nOptimizing 15 modules...\nChecking out main branch\nTests: 436 passed, 305 total\n=== Step save_cache completed ===\n=== Step: install_dependencies ===\nOK\nUsing Python 3.11\nPOST /data - 201 (286ms)\nyarn add: Done in 22.83s\n[12:50:36] DEBUG: Query executed in 30ms\nArtifact uploaded: dist.zip (62MB)\nEnvironment: test\nSuccess!\nException: RuntimeError\n\u2713 build completed\nnpm install: resolved 547 packages\n[12:50:36] INFO: Starting build process\nOK\n[12:50:36] INFO: Cache refreshed\nCreating production build...\nGET /api - 204 (7ms)\nAlready up to date.\nGenerating source maps...\nHEAD is now at 98d707a\nStep 1/18: Running migrations\nOptimizing 66 modules...\nSuccess!\n\u2713 package completed\npip install: Successfully installed axios-2.0\nStep 11/18: Installing dependencies\nArtifact uploaded: build.tar.gz (35MB)\nDone.\n[12:50:36] INFO: Connecting to database\nFAILED: test_api_health\npip: Collecting lodash\nCache invalidated: dependencies\nMinifying app.js\nTests: 391 passed, 494 total\nCompiling lib/app.ts...\nLoading...\npip: Downloading webpack-2.15.tar.gz\nStep 20/24: Installing dependencies\nAlready up to date.\nPulling image: node:latest\n\u2713 Step 'checkout' succeeded\nnpm install: added 422 packages\nArtifact uploaded: build.tar.gz (33MB)\nCache saved successfully\n[12:50:36] DEBUG: Query executed in 75ms\npip: Downloading jest-3.18.tar.gz\nStep 5/16: Building\nFinished.\n  PASS: unit/test_auth_login.spec.js\nPlatform: darwin-arm64\nArtifact uploaded: dist.zip (68MB)\nFinished.\nOptimizing 96 modules...\n  PASS: unit/test_api_health.spec.js\nTime: 87.493s\npip: Collecting jest\nUsing Python 3.9\nEnvironment: production\nStep 1/15: Deploying\nOptimizing 65 modules...\nLayer 3/11: RUN command\nFinished.\nImage pulled successfully\nFetching submodules...\nException: RuntimeError\nCompiling components/main.py...\n\u2713 All checks passed\nTests: 321 passed, 113 total\nWARNING: jest has known vulnerabilities\n[12:50:36] WARN: Deprecated API usage\nStep 13/24: Testing\nnpm install: added 108 packages\n\u26a0 DEPRECATION: Feature will be removed in v2.0\nStep 20/16: Deploying\nArtifact uploaded: dist.zip (30MB)\nProcessing...\nStep 10/16: Running migrations\nnpm install: resolved 699 packages\n[12:50:36] INFO: Starting build process\nStep 2/22: Testing\nWARNING: lodash has known vulnerabilities\nSnapshots: 30 passed, 49 total\nUploading artifact 'dist' (7 files)\nMinifying vendor.js\nEnvironment: production\nReady.\n[12:50:36] DEBUG: Connection pool: 4 active\nUploading artifact 'dist' (22 files)\n[12:50:36] INFO: Request completed\nCompiling components/index.js...\nProcessing...\nNODE_ENV=production\nReady.\nWARNING: jest has known vulnerabilities\n[12:50:36] DEBUG: Loading configuration\nDone.\nInstalling axios@3.14.8\nTLS handshake completed\n  PASS: unit/test_api_health.spec.js\nImage pulled successfully\nNODE_ENV=development\nUploading artifact 'coverage' (32 files)\nTLS handshake completed\nnpm install: added 402 packages\nStep 1/16: Testing\n\u2713 All checks passed\n[12:50:36] DEBUG: Initializing service\nCompiling utils/handler.rs...\n[12:50:36] INFO: Connecting to database\n[12:50:36] WARN: Deprecated API usage\npip: Collecting express\nTLS handshake completed\nnpm notice: created a lockfile\nSwitched to branch 'bugfix/task-427'\nPlatform: win32-x64\n[12:50:36] DEBUG: Query executed in 58ms\nVerifying...\n[12:50:36] DEBUG: Loading configuration\nLoading...\nStep 13/20: Installing dependencies\nUsing Node.js 19.1.4\nSuccess!\n[12:50:36] ERROR: Connection failed\n[12:50:36] INFO: Connecting to database\nOK\nCoverage: 87% statements, 99% branches\nPushing to registry...\n\u2713 All checks passed\nOK\nStep 17/21: Running migrations\nTLS handshake completed\n\u2713 All checks passed\nnpm install: added 135 packages\n[12:50:36] INFO: Cache refreshed\n[12:50:36] INFO: Starting build process\nTime: 105.268s\nCompleted.\nUsing Python 3.10\nFinished.\n\u26a0 DEPRECATION: Feature will be removed in v2.0\nPushing to registry...\nCoverage: 72% statements, 84% branches\nAlready up to date.\npip: Collecting prettier\nArtifact uploaded: dist.zip (3MB)\nCompiling components/handler.rs...\nTransforming 177 files...\nStep 11/15: Installing dependencies\nnpm notice: package.json updated\nLoading...\nVerifying...\n[12:50:36] WARN: Deprecated API usage\nCache hit for key-1254\n\u2713 Step 'test' succeeded\n=== Step install_dependencies completed ===",
    "steps": [
      {
        "name": "upload_artifacts",
        "status": "success",
        "started_at": "2025-12-11T12:50:36.448083",
        "finished_at": "2025-12-11T12:50:46.506629",
        "log_lines": [
          "=== Step: upload_artifacts ===",
          "Step 14/15: Running migrations",
          "[12:50:36] WARN: Deprecated API usage",
          "Coverage: 80% statements, 87% branches",
          "[12:50:36] INFO: Request completed",
          "TLS handshake completed",
          "Platform: linux-x64",
          "OK",
          "Cache invalidated: node_modules",
          "Step 13/25: Running migrations",
          "Platform: linux-x64",
          "yarn add: Done in 24.38s",
          "npm notice: package.json updated",
          "WARNING: webpack has known vulnerabilities",
          "POST /api - 202 (439ms)",
          "[12:50:36] WARN: Deprecated API usage",
          "Creating production build...",
          "Cache hit for key-7778",
          "Compiling components/app.ts...",
          "POST /api - 202 (283ms)",
          "Coverage: 97% statements, 70% branches",
          "Success!",
          "Compiling lib/service.java...",
          "[12:50:36] INFO: Cache refreshed",
          "Building Docker image...",
          "TLS handshake completed",
          "Done.",
          "Cache saved successfully",
          "Using Node.js 19.18.3",
          "\u26a0 DEPRECATION: Feature will be removed in v4.0",
          "Step 16/23: Testing",
          "WARNING: axios has known vulnerabilities",
          "Generating source maps...",
          "Done.",
          "[12:50:36] DEBUG: Initializing service",
          "Uploading artifact 'dist' (16 files)",
          "Cache hit for key-6483",
          "Checking out develop branch",
          "Step 14/20: Building",
          "Cache miss for key-5623",
          "Layer 3/12: ENV command",
          "pip install: Successfully installed react-1.4",
          "Compiling utils/main.py...",
          "WARNING: axios has known vulnerabilities",
          "FAILED: test_cache_hit",
          "\u2713 Task completed in 2229ms",
          "Installing axios@5.11.7",
          "Test Suites: 37 passed, 33 total",
          "[12:50:36] DEBUG: Loading configuration",
          "Fetching submodules...",
          "\u2713 Task completed in 1563ms",
          "[12:50:36] DEBUG: Loading configuration",
          "[12:50:36] ERROR: Connection failed",
          "Loading...",
          "Switched to branch 'feature/task-592'",
          "pip: Installing build dependencies...",
          "Pulling image: node:latest",
          "Artifact downloaded: 35MB",
          "Cache saved successfully",
          "Snapshots: 48 passed, 27 total",
          "  PASS: test_api_health (196ms)",
          "Checking out master branch",
          "\u2717 build failed with exit code 111",
          "Step 2/19: Testing",
          "Creating production build...",
          "Step 20/23: Building",
          "pip: Collecting react",
          "Using Python 3.10",
          "POST /api - 201 (228ms)",
          "Success!",
          "Step 16/20: Building",
          "Step 6/16: Running migrations",
          "Switched to branch 'hotfix/task-696'",
          "Layer 9/12: RUN command",
          "Uploading artifact 'build' (1 files)",
          "[12:50:36] WARN: Deprecated API usage",
          "[12:50:36] INFO: Cache refreshed",
          "Step 17/19: Building",
          "[12:50:36] WARN: Deprecated API usage",
          "Fetching from https://githubusercontent.com/package.json",
          "Pulling image: node:18",
          "[12:50:36] DEBUG: Loading configuration",
          "Environment: production",
          "Optimizing 64 modules...",
          "Ran 64 tests in 52s",
          "Already up to date.",
          "[12:50:36] ERROR: Connection failed",
          "Finished.",
          "[12:50:36] INFO: Connecting to database",
          "\u2713 Step 'install' succeeded",
          "\u26a0 DEPRECATION: Feature will be removed in v3.0",
          "[12:50:36] INFO: Request completed",
          "FAILED: test_auth_login",
          "Artifact downloaded: 31MB",
          "[12:50:36] DEBUG: Initializing service",
          "Generating source maps...",
          "Step 11/18: Testing",
          "TLS handshake completed",
          "Cache invalidated: build",
          "Verifying...",
          "Using Node.js 15.19.5",
          "POST /upload - 202 (127ms)",
          "WARNING: jest has known vulnerabilities",
          "\u2717 build failed with exit code 126",
          "pip: Installing build dependencies...",
          "Time: 87.136s",
          "Building Docker image...",
          "Verifying...",
          "npm notice: created a lockfile",
          "\u2713 deploy completed",
          "Connection established",
          "Using Python 3.11",
          "Pulling image: python:latest",
          "Switched to branch 'hotfix/task-223'",
          "  PASS: test_cache_hit (379ms)",
          "WARNING: express has known vulnerabilities",
          "Success!",
          "Compiling utils/index.js...",
          "Pulling image: node:3.11",
          "[12:50:36] INFO: Processing request",
          "\u26a0 DEPRECATION: Feature will be removed in v2.0",
          "Step 2/20: Deploying",
          "Using Python 3.11",
          "Compiling components/utils.go...",
          "pip: Collecting eslint",
          "Compiling src/handler.rs...",
          "Transforming 196 files...",
          "Installing prettier@3.8.3",
          "[12:50:36] ERROR: Connection failed",
          "Processing...",
          "Uploading artifact 'build' (38 files)",
          "Uploading artifact 'dist' (43 files)",
          "Building Docker image...",
          "WARNING: jest has known vulnerabilities",
          "Platform: win32-x64",
          "Artifact uploaded: dist.zip (5MB)",
          "[12:50:36] DEBUG: Initializing service",
          "Uploading artifact 'coverage' (3 files)",
          "npm install: resolved 234 packages",
          "Layer 3/10: COPY command",
          "POST /api - 200 (429ms)",
          "Waiting...",
          "Step 20/17: Installing dependencies",
          "Success!",
          "Using Python 3.11",
          "npm install: added 70 packages",
          "Step 9/15: Testing",
          "Building Docker image...",
          "OK",
          "Waiting...",
          "Verifying...",
          "Generating source maps...",
          "Step 3/23: Installing dependencies",
          "Success!",
          "=== Step upload_artifacts completed ==="
        ]
      },
      {
        "name": "unit_tests",
        "status": "success",
        "started_at": "2025-12-11T12:50:46.506629",
        "finished_at": "2025-12-11T12:51:16.682266",
        "log_lines": [
          "=== Step: unit_tests ===",
          "Cache restored successfully (350MB)",
          "NODE_ENV=test",
          "[12:50:36] INFO: Processing request",
          "\u2713 Task completed in 3265ms",
          "Cache miss for key-5503",
          "[12:50:36] WARN: Deprecated API usage",
          "Pushing to registry...",
          "[12:50:36] INFO: Cache refreshed",
          "pip install: Successfully installed eslint-1.9",
          "Switched to branch 'hotfix/task-631'",
          "Compiling utils/service.java...",
          "Artifact uploaded: dist.zip (35MB)",
          "Cache miss for key-1938",
          "Step 14/24: Installing dependencies",
          "Waiting...",
          "Step 11/19: Testing",
          "Environment: staging",
          "Ran 58 tests in 8s",
          "Image pulled successfully",
          "Test Suites: 31 passed, 20 total",
          "NODE_ENV=development",
          "WARNING: axios has known vulnerabilities",
          "Cache hit for key-9994",
          "Step 20/22: Deploying",
          "OK",
          "Loading...",
          "Checking out main branch",
          "npm notice: created a lockfile",
          "Step 6/23: Deploying",
          "Time: 61.559s",
          "Installing prettier@5.4.2",
          "\u2713 Task completed in 1753ms",
          "Test Suites: 15 passed, 6 total",
          "Minifying app.js",
          "pip install: Successfully installed prettier-2.19",
          "pip install: Successfully installed react-3.9",
          "Cache hit for key-1995",
          "POST /data - 201 (118ms)",
          "[12:50:36] WARN: Deprecated API usage",
          "Layer 9/14: COPY command",
          "[12:50:36] INFO: Cache refreshed",
          "Compiling components/handler.rs...",
          "Installing eslint@4.2.4",
          "Completed.",
          "[12:50:36] WARN: Deprecated API usage",
          "Done.",
          "Step 6/21: Running migrations",
          "[12:50:36] INFO: Starting build process",
          "[12:50:36] DEBUG: Initializing service",
          "\u2713 Step 'test' succeeded",
          "Already up to date.",
          "Artifact uploaded: build.tar.gz (34MB)",
          "Compiling utils/service.java...",
          "HEAD is now at 2a7a9b8",
          "Verifying...",
          "Minifying vendor.js",
          "Image pulled successfully",
          "Switched to branch 'feature/task-852'",
          "Checking out master branch",
          "Creating production build...",
          "  PASS: test_user_create (97ms)",
          "GET /health - 201 (5ms)",
          "WARNING: prettier has known vulnerabilities",
          "Cache restored successfully (331MB)",
          "Pulling image: alpine:3.11",
          "Fetching from https://githubusercontent.com/package.json",
          "[12:50:36] INFO: Connecting to database",
          "Exception: RuntimeError",
          "[12:50:36] DEBUG: Loading configuration",
          "Artifact downloaded: 2MB",
          "pip: Downloading jest-2.13.tar.gz",
          "Ready.",
          "npm notice: created a lockfile",
          "HEAD is now at abf25fb",
          "[12:50:36] INFO: Processing request",
          "Time: 16.665s",
          "FAILED: test_auth_login",
          "GET /status - 201 (72ms)",
          "Loading...",
          "[12:50:36] DEBUG: Loading configuration",
          "Coverage: 73% statements, 95% branches",
          "Processing...",
          "Image pulled successfully",
          "[12:50:36] INFO: Starting build process",
          "\u2713 Task completed in 685ms",
          "Platform: linux-x64",
          "Step 10/18: Building",
          "[12:50:36] WARN: Deprecated API usage",
          "[12:50:36] INFO: Request completed",
          "Tests: 93 passed, 480 total",
          "npm notice: created a lockfile",
          "[12:50:36] ERROR: Connection failed",
          "Uploading artifact 'build' (18 files)",
          "[12:50:36] DEBUG: Initializing service",
          "Step 7/16: Building",
          "[12:50:36] DEBUG: Connection pool: 9 active",
          "[12:50:36] DEBUG: Memory usage: 1249MB",
          "Generating source maps...",
          "Fetching submodules...",
          "Ready.",
          "Already up to date.",
          "Completed.",
          "Layer 6/13: COPY command",
          "[12:50:36] INFO: Processing request",
          "Ran 156 tests in 57s",
          "Step 8/23: Deploying",
          "pip: Installing build dependencies...",
          "Installing prettier@1.5.5",
          "pip: Downloading react-5.18.tar.gz",
          "Artifact downloaded: 26MB",
          "Transforming 565 files...",
          "[12:50:36] INFO: Request completed",
          "Snapshots: 13 passed, 16 total",
          "Installing eslint@1.4.3",
          "[12:50:36] DEBUG: Loading configuration",
          "HEAD is now at 6867898",
          "pip install: Successfully installed prettier-2.10",
          "npm notice: package.json updated",
          "[12:50:36] DEBUG: Query executed in 27ms",
          "Compiling src/service.java...",
          "Step 10/17: Linting",
          "GET /health - 201 (79ms)",
          "[12:50:36] INFO: Processing request",
          "Environment: staging",
          "Creating production build...",
          "  PASS: test_cache_hit (6ms)",
          "Snapshots: 41 passed, 4 total",
          "Test Suites: 12 passed, 8 total",
          "Ran 112 tests in 60s",
          "Verifying...",
          "[12:50:36] INFO: Request completed",
          "Step 12/23: Linting",
          "Using Python 3.9",
          "[12:50:36] DEBUG: Memory usage: 195MB",
          "Cache miss for key-2838",
          "[12:50:36] DEBUG: Loading configuration",
          "Ran 38 tests in 4s",
          "\u2713 Task completed in 539ms",
          "Platform: darwin-arm64",
          "[12:50:36] INFO: Processing request",
          "Minifying vendor.js",
          "NODE_ENV=production",
          "Processing...",
          "\u2713 Task completed in 2633ms",
          "WARNING: webpack has known vulnerabilities",
          "Uploading artifact 'coverage' (37 files)",
          "  PASS: e2e/test_user_create.spec.js",
          "NODE_ENV=development",
          "Bundling vendor.js",
          "Using Node.js 15.3.6",
          "Image pulled successfully",
          "\u26a0 DEPRECATION: Feature will be removed in v3.0",
          "Transforming 878 files...",
          "=== Step unit_tests completed ==="
        ]
      },
      {
        "name": "restore_cache",
        "status": "success",
        "started_at": "2025-12-11T12:51:16.682266",
        "finished_at": "2025-12-11T12:51:22.717393",
        "log_lines": [
          "=== Step: restore_cache ===",
          "TLS handshake completed",
          "Step 15/20: Linting",
          "Bundling vendor.js",
          "[12:50:36] DEBUG: Loading configuration",
          "Optimizing 35 modules...",
          "Verifying...",
          "POST /data - 202 (330ms)",
          "[12:50:36] INFO: Cache refreshed",
          "Generating source maps...",
          "Image pulled successfully",
          "npm install: added 171 packages",
          "Step 3/22: Linting",
          "  PASS: test_user_create (54ms)",
          "Verifying...",
          "Minifying main.js",
          "yarn add: Done in 10.37s",
          "[12:50:36] INFO: Connecting to database",
          "Cache restored successfully (184MB)",
          "Step 5/19: Testing",
          "Step 19/22: Testing",
          "Bundling vendor.js",
          "npm install: resolved 846 packages",
          "Cache saved successfully",
          "npm install: resolved 292 packages",
          "Creating production build...",
          "pip: Installing build dependencies...",
          "Checking out develop branch",
          "Checking out master branch",
          "  PASS: e2e/test_user_create.spec.js",
          "Checking out master branch",
          "npm notice: created a lockfile",
          "Cache restored successfully (314MB)",
          "Installing react@1.4.9",
          "Step 4/15: Running migrations",
          "Step 7/16: Running migrations",
          "Checking out develop branch",
          "Pushing to registry...",
          "\u2713 Step 'build' succeeded",
          "Using Python 3.10",
          "TLS handshake completed",
          "[12:50:36] INFO: Cache refreshed",
          "\u26a0 DEPRECATION: Feature will be removed in v4.0",
          "Cache restored successfully (304MB)",
          "Waiting...",
          "WARNING: eslint has known vulnerabilities",
          "Environment: production",
          "pip: Downloading webpack-2.6.tar.gz",
          "Waiting...",
          "GET /health - 200 (85ms)",
          "[12:50:36] DEBUG: Connection pool: 16 active",
          "OK",
          "Time: 16.395s",
          "Cache miss for key-9817",
          "yarn add: Done in 25.32s",
          "yarn add: Done in 6.83s",
          "Fetching submodules...",
          "Processing...",
          "npm install: resolved 840 packages",
          "Environment: staging",
          "Artifact uploaded: build.tar.gz (8MB)",
          "Optimizing 99 modules...",
          "Using Node.js 16.20.0",
          "Generating source maps...",
          "Cache invalidated: node_modules",
          "Optimizing 36 modules...",
          "Step 15/23: Installing dependencies",
          "pip: Downloading eslint-3.6.tar.gz",
          "Building Docker image...",
          "Transforming 157 files...",
          "[12:50:36] INFO: Starting build process",
          "\u26a0 DEPRECATION: Feature will be removed in v5.0",
          "pip: Collecting express",
          "npm notice: created a lockfile",
          "Cache hit for key-3334",
          "Step 11/19: Testing",
          "Using Node.js 17.14.5",
          "Connection established",
          "OK",
          "[12:50:36] INFO: Starting build process",
          "Test Suites: 24 passed, 34 total",
          "Done.",
          "Step 2/24: Deploying",
          "FAILED: test_cache_hit",
          "Ready.",
          "Done.",
          "GET /health - 204 (35ms)",
          "\u2713 Task completed in 3315ms",
          "Using Node.js 19.12.0",
          "pip: Downloading express-4.5.tar.gz",
          "Step 3/24: Linting",
          "HEAD is now at 4b775aa",
          "Cache miss for key-4595",
          "Cache restored successfully (368MB)",
          "GET /api - 201 (68ms)",
          "Artifact downloaded: 49MB",
          "[12:50:36] ERROR: Connection failed",
          "Building Docker image...",
          "Cache saved successfully",
          "Step 9/16: Linting",
          "Processing...",
          "pip: Collecting prettier",
          "Completed.",
          "npm install: resolved 1523 packages",
          "Compiling src/service.java...",
          "[12:50:36] INFO: Request completed",
          "Cache miss for key-3303",
          "Fetching from https://registry.npmjs.org/package.json",
          "Step 15/16: Installing dependencies",
          "GET /status - 201 (29ms)",
          "Creating production build...",
          "Step 17/24: Building",
          "\u26a0 DEPRECATION: Feature will be removed in v2.0",
          "Installing express@1.9.10",
          "Environment: staging",
          "Step 10/22: Linting",
          "Cache invalidated: node_modules",
          "  PASS: unit/test_db_connect.spec.js",
          "HEAD is now at 7676eed",
          "WARNING: axios has known vulnerabilities",
          "Verifying...",
          "WARNING: express has known vulnerabilities",
          "Step 10/20: Deploying",
          "[12:50:36] INFO: Connecting to database",
          "POST /api - 201 (425ms)",
          "pip: Installing build dependencies...",
          "npm install: added 164 packages",
          "[12:50:36] INFO: Processing request",
          "Step 19/25: Testing",
          "Minifying main.js",
          "npm notice: package.json updated",
          "Using Python 3.10",
          "Platform: linux-x64",
          "Step 11/22: Testing",
          "Compiling components/index.js...",
          "WARNING: webpack has known vulnerabilities",
          "Step 20/18: Running migrations",
          "\u2713 build completed",
          "Connection established",
          "Snapshots: 18 passed, 17 total",
          "Ran 103 tests in 18s",
          "Artifact downloaded: 24MB",
          "Checking out develop branch",
          "[12:50:36] DEBUG: Connection pool: 3 active",
          "Time: 63.273s",
          "[12:50:36] INFO: Connecting to database",
          "FAILED: test_db_connect",
          "\u2713 Task completed in 2283ms",
          "Checking out develop branch",
          "Creating production build...",
          "Switched to branch 'bugfix/task-267'",
          "pip: Installing build dependencies...",
          "Minifying vendor.js",
          "Generating source maps...",
          "=== Step restore_cache completed ==="
        ]
      },
      {
        "name": "lint",
        "status": "success",
        "started_at": "2025-12-11T12:51:22.717393",
        "finished_at": "2025-12-11T12:51:32.775939",
        "log_lines": [
          "=== Step: lint ===",
          "Artifact downloaded: 16MB",
          "[12:50:36] INFO: Connecting to database",
          "npm notice: package.json updated",
          "Step 5/15: Building",
          "Step 7/19: Building",
          "npm install: resolved 986 packages",
          "Finished.",
          "Step 20/24: Linting",
          "Pulling image: python:latest",
          "Compiling components/service.java...",
          "[12:50:36] WARN: Deprecated API usage",
          "Transforming 911 files...",
          "[12:50:36] DEBUG: Connection pool: 3 active",
          "NODE_ENV=development",
          "[12:50:36] DEBUG: Memory usage: 1521MB",
          "Optimizing 46 modules...",
          "Step 14/25: Installing dependencies",
          "pip: Installing build dependencies...",
          "Step 6/21: Running migrations",
          "Tests: 255 passed, 477 total",
          "Verifying...",
          "\u2713 Step 'setup' succeeded",
          "POST /data - 201 (444ms)",
          "Fetching from https://githubusercontent.com/package.json",
          "Compiling components/app.ts...",
          "Fetching from https://githubusercontent.com/package.json",
          "Completed.",
          "pip: Downloading react-3.5.tar.gz",
          "[12:50:36] INFO: Starting build process",
          "NODE_ENV=test",
          "[12:50:36] DEBUG: Connection pool: 14 active",
          "TLS handshake completed",
          "[12:50:36] DEBUG: Query executed in 84ms",
          "Creating production build...",
          "Waiting...",
          "Switched to branch 'bugfix/task-578'",
          "Snapshots: 36 passed, 5 total",
          "  PASS: e2e/test_api_health.spec.js",
          "Snapshots: 48 passed, 25 total",
          "Step 17/20: Linting",
          "Optimizing 24 modules...",
          "Step 10/24: Testing",
          "Pulling image: python:3.11",
          "Bundling styles.js",
          "WARNING: lodash has known vulnerabilities",
          "[12:50:36] INFO: Starting build process",
          "Finished.",
          "GET /health - 204 (52ms)",
          "\u2713 Step 'install' succeeded",
          "npm install: resolved 1174 packages",
          "Fetching from https://docker.io/package.json",
          "Completed.",
          "[12:50:36] DEBUG: Memory usage: 306MB",
          "Environment: development",
          "Layer 7/15: COPY command",
          "\u2713 build completed",
          "POST /data - 200 (203ms)",
          "Transforming 955 files...",
          "[12:50:36] ERROR: Connection failed",
          "Compiling lib/main.py...",
          "npm notice: created a lockfile",
          "npm install: resolved 1081 packages",
          "Creating production build...",
          "[12:50:36] WARN: Deprecated API usage",
          "Installing jest@3.11.8",
          "Ready.",
          "Artifact uploaded: dist.zip (34MB)",
          "[12:50:36] INFO: Cache refreshed",
          "Fetching submodules...",
          "Verifying...",
          "Optimizing 92 modules...",
          "Minifying main.js",
          "Fetching submodules...",
          "Fetching from https://googleapis.com/package.json",
          "Success!",
          "pip: Downloading eslint-4.2.tar.gz",
          "  PASS: e2e/test_db_connect.spec.js",
          "npm notice: created a lockfile",
          "npm notice: created a lockfile",
          "  PASS: unit/test_auth_login.spec.js",
          "Step 6/22: Running migrations",
          "GET /api - 201 (35ms)",
          "[12:50:36] INFO: Starting build process",
          "pip install: Successfully installed prettier-2.12",
          "pip install: Successfully installed express-3.13",
          "Cache invalidated: dependencies",
          "POST /upload - 201 (460ms)",
          "Using Node.js 19.5.4",
          "\u2713 Step 'build' succeeded",
          "Compiling src/main.py...",
          "[12:50:36] DEBUG: Memory usage: 1200MB",
          "[12:50:36] DEBUG: Initializing service",
          "Compiling utils/service.java...",
          "Fetching from https://registry.npmjs.org/package.json",
          "Pulling image: python:18",
          "Compiling src/main.py...",
          "Verifying...",
          "Step 3/19: Installing dependencies",
          "\u26a0 DEPRECATION: Feature will be removed in v4.0",
          "Generating source maps...",
          "Step 9/20: Running migrations",
          "Connection established",
          "Pushing to registry...",
          "Ran 172 tests in 21s",
          "[12:50:36] INFO: Cache refreshed",
          "\u26a0 DEPRECATION: Feature will be removed in v3.0",
          "  PASS: test_db_connect (304ms)",
          "Completed.",
          "\u2713 test completed",
          "Completed.",
          "Using Python 3.11",
          "Cache restored successfully (497MB)",
          "Exception: TypeError",
          "Uploading artifact 'dist' (20 files)",
          "Using Node.js 16.0.6",
          "Coverage: 91% statements, 72% branches",
          "[12:50:36] WARN: Deprecated API usage",
          "Creating production build...",
          "Coverage: 97% statements, 62% branches",
          "[12:50:36] INFO: Starting build process",
          "Cache invalidated: build",
          "npm notice: created a lockfile",
          "Ran 84 tests in 53s",
          "pip: Downloading lodash-4.17.tar.gz",
          "Step 6/21: Testing",
          "Image pulled successfully",
          "\u26a0 DEPRECATION: Feature will be removed in v3.0",
          "Processing...",
          "Finished.",
          "Cache miss for key-7519",
          "[12:50:36] WARN: Deprecated API usage",
          "Cache saved successfully",
          "Cache hit for key-1988",
          "Cache miss for key-3249",
          "[12:50:36] DEBUG: Initializing service",
          "Uploading artifact 'dist' (2 files)",
          "[12:50:36] DEBUG: Memory usage: 389MB",
          "[12:50:36] DEBUG: Connection pool: 5 active",
          "Switched to branch 'hotfix/task-194'",
          "[12:50:36] INFO: Cache refreshed",
          "Completed.",
          "Verifying...",
          "HEAD is now at a10ea4e",
          "Step 7/25: Running migrations",
          "Environment: development",
          "Installing jest@5.5.0",
          "[12:50:36] DEBUG: Query executed in 4ms",
          "Completed.",
          "Exception: NullPointerException",
          "Image pulled successfully",
          "WARNING: jest has known vulnerabilities",
          "Image pulled successfully",
          "Optimizing 78 modules...",
          "=== Step lint completed ==="
        ]
      },
      {
        "name": "type_check",
        "status": "success",
        "started_at": "2025-12-11T12:51:32.775939",
        "finished_at": "2025-12-11T12:51:42.834485",
        "log_lines": [
          "=== Step: type_check ===",
          "Compiling lib/app.ts...",
          "[12:50:36] INFO: Cache refreshed",
          "Artifact uploaded: build.tar.gz (23MB)",
          "Connection established",
          "Cache invalidated: dependencies",
          "Optimizing 100 modules...",
          "[12:50:36] ERROR: Connection failed",
          "Artifact uploaded: build.tar.gz (34MB)",
          "WARNING: jest has known vulnerabilities",
          "Artifact uploaded: dist.zip (74MB)",
          "Optimizing 81 modules...",
          "Step 2/15: Testing",
          "Coverage: 87% statements, 92% branches",
          "Minifying app.js",
          "Installing jest@3.11.10",
          "pip: Installing build dependencies...",
          "  PASS: e2e/test_auth_login.spec.js",
          "  PASS: test_api_health (226ms)",
          "Verifying...",
          "[12:50:36] ERROR: Connection failed",
          "TLS handshake completed",
          "[12:50:36] WARN: Deprecated API usage",
          "Generating source maps...",
          "[12:50:36] INFO: Processing request",
          "Step 13/22: Linting",
          "\u26a0 DEPRECATION: Feature will be removed in v4.0",
          "Step 15/22: Testing",
          "Waiting...",
          "Step 7/18: Building",
          "pip: Installing build dependencies...",
          "yarn add: Done in 13.66s",
          "Compiling components/app.ts...",
          "Environment: staging",
          "Success!",
          "GET /health - 200 (84ms)",
          "FAILED: test_db_connect",
          "Snapshots: 43 passed, 32 total",
          "Exception: TypeError",
          "Step 7/25: Deploying",
          "NODE_ENV=test",
          "[12:50:36] DEBUG: Query executed in 81ms",
          "Fetching submodules...",
          "Test Suites: 6 passed, 9 total",
          "Step 1/18: Linting",
          "Step 1/17: Building",
          "Uploading artifact 'build' (13 files)",
          "Done.",
          "Environment: development",
          "Processing...",
          "Creating production build...",
          "Compiling lib/index.js...",
          "Step 13/18: Building",
          "Uploading artifact 'build' (25 files)",
          "GET /api - 200 (7ms)",
          "\u26a0 DEPRECATION: Feature will be removed in v5.0",
          "Ready.",
          "Optimizing 52 modules...",
          "Compiling utils/utils.go...",
          "Step 19/23: Installing dependencies",
          "Coverage: 99% statements, 86% branches",
          "\u2717 build failed with exit code 48",
          "[12:50:36] INFO: Connecting to database",
          "Building Docker image...",
          "Compiling src/handler.rs...",
          "TLS handshake completed",
          "Step 2/19: Testing",
          "Using Node.js 15.0.6",
          "Coverage: 78% statements, 72% branches",
          "  PASS: test_cache_hit (112ms)",
          "Step 2/20: Building",
          "Step 14/23: Deploying",
          "OK",
          "Image pulled successfully",
          "Cache miss for key-5732",
          "Waiting...",
          "Compiling utils/main.py...",
          "Uploading artifact 'build' (5 files)",
          "pip: Downloading lodash-2.8.tar.gz",
          "Step 4/16: Running migrations",
          "\u2713 All checks passed",
          "Loading...",
          "Compiling src/index.js...",
          "FAILED: test_user_create",
          "Cache invalidated: dependencies",
          "[12:50:36] DEBUG: Initializing service",
          "Environment: test",
          "Done.",
          "WARNING: express has known vulnerabilities",
          "[12:50:36] DEBUG: Initializing service",
          "Success!",
          "Step 17/24: Linting",
          "[12:50:36] INFO: Processing request",
          "Image pulled successfully",
          "\u2713 Task completed in 4431ms",
          "Verifying...",
          "\u2713 Step 'test' succeeded",
          "Waiting...",
          "Step 12/21: Running migrations",
          "  PASS: test_auth_login (112ms)",
          "Step 6/17: Deploying",
          "[12:50:36] INFO: Processing request",
          "Layer 2/15: RUN command",
          "Bundling styles.css",
          "GET /health - 204 (42ms)",
          "Verifying...",
          "HEAD is now at 853f82b",
          "NODE_ENV=production",
          "Step 1/18: Installing dependencies",
          "Fetching from https://github.com/package.json",
          "  PASS: test_user_create (380ms)",
          "Uploading artifact 'dist' (7 files)",
          "FAILED: test_db_connect",
          "[12:50:36] INFO: Request completed",
          "FAILED: test_auth_login",
          "Step 13/20: Deploying",
          "\u26a0 DEPRECATION: Feature will be removed in v3.0",
          "Checking out develop branch",
          "Step 8/24: Installing dependencies",
          "Checking out master branch",
          "POST /data - 201 (393ms)",
          "Step 11/16: Building",
          "Building Docker image...",
          "Fetching submodules...",
          "Generating source maps...",
          "Coverage: 90% statements, 73% branches",
          "Using Node.js 15.3.3",
          "Already up to date.",
          "Artifact uploaded: dist.zip (6MB)",
          "\u2713 All checks passed",
          "[12:50:36] INFO: Processing request",
          "Image pulled successfully",
          "Bundling main.js",
          "Tests: 282 passed, 75 total",
          "  PASS: test_user_create (471ms)",
          "\u2717 build failed with exit code 106",
          "WARNING: jest has known vulnerabilities",
          "[12:50:36] INFO: Request completed",
          "[12:50:36] DEBUG: Query executed in 48ms",
          "Already up to date.",
          "Compiling utils/service.java...",
          "Done.",
          "Cache saved successfully",
          "Exception: NullPointerException",
          "Test Suites: 9 passed, 14 total",
          "Coverage: 88% statements, 81% branches",
          "Creating production build...",
          "Step 3/24: Running migrations",
          "[12:50:36] INFO: Starting build process",
          "Tests: 313 passed, 356 total",
          "WARNING: lodash has known vulnerabilities",
          "Checking out develop branch",
          "Waiting...",
          "[12:50:36] DEBUG: Loading configuration",
          "=== Step type_check completed ==="
        ]
      },
      {
        "name": "setup_node",
        "status": "success",
        "started_at": "2025-12-11T12:51:42.834485",
        "finished_at": "2025-12-11T12:51:52.893031",
        "log_lines": [
          "=== Step: setup_node ===",
          "yarn add: Done in 15.38s",
          "Using Node.js 14.20.0",
          "NODE_ENV=production",
          "[12:50:36] DEBUG: Loading configuration",
          "[12:50:36] WARN: Deprecated API usage",
          "GET /api - 201 (38ms)",
          "Fetching from https://amazonaws.com/package.json",
          "Coverage: 84% statements, 94% branches",
          "Ready.",
          "Checking out main branch",
          "Verifying...",
          "Coverage: 96% statements, 78% branches",
          "Waiting...",
          "Artifact uploaded: dist.zip (43MB)",
          "[12:50:36] WARN: Deprecated API usage",
          "[12:50:36] WARN: Deprecated API usage",
          "Step 20/20: Testing",
          "npm install: added 85 packages",
          "Compiling src/main.py...",
          "Using Python 3.11",
          "Test Suites: 38 passed, 37 total",
          "Step 8/24: Installing dependencies",
          "\u26a0 DEPRECATION: Feature will be removed in v4.0",
          "Fetching from https://npmjs.org/package.json",
          "Building Docker image...",
          "\u26a0 DEPRECATION: Feature will be removed in v4.0",
          "Installing lodash@5.0.4",
          "Compiling utils/index.js...",
          "HEAD is now at b9135f1",
          "Step 20/19: Running migrations",
          "npm install: added 476 packages",
          "Using Node.js 16.0.8",
          "Step 20/18: Running migrations",
          "Platform: win32-x64",
          "[12:50:36] INFO: Cache refreshed",
          "Done.",
          "  PASS: integration/test_cache_hit.spec.js",
          "Test Suites: 40 passed, 40 total",
          "[12:50:36] DEBUG: Loading configuration",
          "Layer 9/11: ENV command",
          "POST /upload - 200 (277ms)",
          "Minifying main.js",
          "Using Node.js 19.7.6",
          "Switched to branch 'bugfix/task-440'",
          "Compiling src/app.ts...",
          "Step 14/17: Running migrations",
          "Using Node.js 17.7.8",
          "\u2713 Step 'install' succeeded",
          "Using Node.js 17.6.8",
          "Finished.",
          "Using Node.js 20.14.8",
          "GET /api - 201 (98ms)",
          "  PASS: test_cache_hit (100ms)",
          "Tests: 457 passed, 347 total",
          "[12:50:36] INFO: Request completed",
          "Using Node.js 19.20.1",
          "Done.",
          "Switched to branch 'bugfix/task-128'",
          "TLS handshake completed",
          "\u26a0 DEPRECATION: Feature will be removed in v4.0",
          "Installing react@2.19.9",
          "Step 9/19: Building",
          "\u2713 Step 'checkout' succeeded",
          "Checking out master branch",
          "Finished.",
          "Connection established",
          "[12:50:36] DEBUG: Initializing service",
          "npm notice: package.json updated",
          "Verifying...",
          "POST /upload - 202 (250ms)",
          "Artifact uploaded: dist.zip (57MB)",
          "[12:50:36] DEBUG: Query executed in 20ms",
          "\u26a0 DEPRECATION: Feature will be removed in v2.0",
          "Cache miss for key-7456",
          "Cache saved successfully",
          "npm install: added 287 packages",
          "[12:50:36] DEBUG: Loading configuration",
          "Generating source maps...",
          "[12:50:36] DEBUG: Initializing service",
          "Step 3/19: Deploying",
          "Coverage: 89% statements, 68% branches",
          "pip: Downloading react-1.0.tar.gz",
          "Test Suites: 14 passed, 32 total",
          "Compiling src/main.py...",
          "Step 6/15: Linting",
          "Step 3/25: Building",
          "Snapshots: 45 passed, 38 total",
          "pip: Collecting axios",
          "Cache saved successfully",
          "Creating production build...",
          "Fetching submodules...",
          "Artifact uploaded: dist.zip (75MB)",
          "HEAD is now at f1b847b",
          "Waiting...",
          "npm install: added 304 packages",
          "\u2713 All checks passed",
          "HEAD is now at b88406f",
          "Ran 136 tests in 15s",
          "Coverage: 73% statements, 88% branches",
          "Compiling components/handler.rs...",
          "Uploading artifact 'build' (7 files)",
          "\u26a0 DEPRECATION: Feature will be removed in v5.0",
          "\u26a0 DEPRECATION: Feature will be removed in v2.0",
          "Pushing to registry...",
          "Creating production build...",
          "yarn add: Done in 26.35s",
          "WARNING: axios has known vulnerabilities",
          "Compiling src/utils.go...",
          "Fetching from https://pypi.org/package.json",
          "\u2713 deploy completed",
          "Step 1/17: Testing",
          "[12:50:36] DEBUG: Initializing service",
          "Fetching from https://pypi.org/package.json",
          "[12:50:36] DEBUG: Loading configuration",
          "[12:50:36] DEBUG: Query executed in 13ms",
          "Step 15/21: Building",
          "Cache invalidated: dependencies",
          "[12:50:36] DEBUG: Memory usage: 1424MB",
          "\u2713 Task completed in 3346ms",
          "Cache restored successfully (477MB)",
          "Time: 120.650s",
          "[12:50:36] DEBUG: Memory usage: 1824MB",
          "[12:50:36] INFO: Cache refreshed",
          "pip install: Successfully installed axios-3.13",
          "npm notice: created a lockfile",
          "Exception: TypeError",
          "[12:50:36] INFO: Starting build process",
          "Snapshots: 33 passed, 45 total",
          "[12:50:36] DEBUG: Memory usage: 129MB",
          "Minifying main.js",
          "Compiling components/service.java...",
          "Checking out develop branch",
          "Step 7/21: Building",
          "Already up to date.",
          "npm notice: package.json updated",
          "Artifact downloaded: 16MB",
          "Finished.",
          "Generating source maps...",
          "Done.",
          "Layer 6/12: COPY command",
          "Tests: 500 passed, 495 total",
          "Minifying vendor.js",
          "yarn add: Done in 21.69s",
          "Compiling src/utils.go...",
          "TLS handshake completed",
          "Compiling utils/service.java...",
          "Image pulled successfully",
          "Step 12/16: Installing dependencies",
          "  PASS: test_db_connect (500ms)",
          "Generating source maps...",
          "[12:50:36] DEBUG: Initializing service",
          "Layer 8/12: ENV command",
          "NODE_ENV=production",
          "=== Step setup_node completed ==="
        ]
      },
      {
        "name": "setup_environment",
        "status": "success",
        "started_at": "2025-12-11T12:51:52.893031",
        "finished_at": "2025-12-11T12:52:02.951577",
        "log_lines": [
          "=== Step: setup_environment ===",
          "\u2717 build failed with exit code 2",
          "[12:50:36] DEBUG: Initializing service",
          "Fetching from https://amazonaws.com/package.json",
          "Platform: win32-x64",
          "Cache hit for key-5192",
          "Coverage: 89% statements, 64% branches",
          "HEAD is now at 508c659",
          "Verifying...",
          "WARNING: jest has known vulnerabilities",
          "pip: Collecting prettier",
          "\u2713 lint completed",
          "Done.",
          "Waiting...",
          "Creating production build...",
          "Time: 63.393s",
          "Ran 15 tests in 23s",
          "Installing react@1.18.0",
          "\u26a0 DEPRECATION: Feature will be removed in v2.0",
          "GET /health - 204 (23ms)",
          "Exception: ValueError",
          "Artifact uploaded: dist.zip (86MB)",
          "[12:50:36] INFO: Cache refreshed",
          "OK",
          "Success!",
          "Bundling runtime.js",
          "Step 12/24: Deploying",
          "Test Suites: 45 passed, 47 total",
          "Installing axios@1.8.8",
          "\u26a0 DEPRECATION: Feature will be removed in v4.0",
          "[12:50:36] WARN: Deprecated API usage",
          "Cache miss for key-7217",
          "Tests: 68 passed, 454 total",
          "Pushing to registry...",
          "Step 19/18: Testing",
          "Tests: 363 passed, 228 total",
          "Image pulled successfully",
          "Bundling runtime.js",
          "Building Docker image...",
          "Compiling lib/utils.go...",
          "Tests: 222 passed, 387 total",
          "Finished.",
          "Using Python 3.9",
          "WARNING: lodash has known vulnerabilities",
          "Pushing to registry...",
          "[12:50:36] DEBUG: Connection pool: 1 active",
          "Compiling lib/index.js...",
          "Artifact uploaded: build.tar.gz (47MB)",
          "Test Suites: 18 passed, 45 total",
          "POST /upload - 200 (415ms)",
          "Step 15/24: Installing dependencies",
          "Coverage: 78% statements, 65% branches",
          "Uploading artifact 'build' (13 files)",
          "[12:50:36] DEBUG: Connection pool: 13 active",
          "Step 11/21: Testing",
          "[12:50:36] DEBUG: Loading configuration",
          "\u2713 All checks passed",
          "Time: 61.942s",
          "Step 12/16: Running migrations",
          "Already up to date.",
          "Cache invalidated: dependencies",
          "Step 12/17: Linting",
          "  PASS: integration/test_cache_hit.spec.js",
          "\u26a0 DEPRECATION: Feature will be removed in v4.0",
          "Step 4/19: Building",
          "[12:50:36] WARN: Deprecated API usage",
          "Compiling utils/main.py...",
          "Done.",
          "Ready.",
          "Pulling image: python:18",
          "Step 6/25: Installing dependencies",
          "Compiling utils/app.ts...",
          "[12:50:36] INFO: Request completed",
          "pip: Downloading jest-3.8.tar.gz",
          "\u26a0 DEPRECATION: Feature will be removed in v4.0",
          "OK",
          "Success!",
          "Success!",
          "NODE_ENV=development",
          "Ran 154 tests in 5s",
          "Cache miss for key-3387",
          "\u2713 Step 'test' succeeded",
          "Uploading artifact 'build' (48 files)",
          "FAILED: test_auth_login",
          "  PASS: integration/test_api_health.spec.js",
          "Loading...",
          "Verifying...",
          "Uploading artifact 'coverage' (49 files)",
          "[12:50:36] INFO: Processing request",
          "Optimizing 36 modules...",
          "Done.",
          "Step 15/16: Installing dependencies",
          "Fetching from https://pypi.org/package.json",
          "Generating source maps...",
          "[12:50:36] ERROR: Connection failed",
          "pip: Collecting react",
          "GET /health - 204 (2ms)",
          "\u26a0 DEPRECATION: Feature will be removed in v4.0",
          "Cache invalidated: dependencies",
          "\u2713 All checks passed",
          "Image pulled successfully",
          "pip: Collecting react",
          "pip: Installing build dependencies...",
          "Loading...",
          "Uploading artifact 'build' (49 files)",
          "[12:50:36] WARN: Deprecated API usage",
          "Using Node.js 14.3.5",
          "\u2713 Task completed in 892ms",
          "[12:50:36] WARN: Deprecated API usage",
          "Environment: test",
          "Minifying app.js",
          "Already up to date.",
          "Optimizing 48 modules...",
          "Cache restored successfully (269MB)",
          "Artifact downloaded: 43MB",
          "Artifact uploaded: dist.zip (39MB)",
          "npm install: added 323 packages",
          "Artifact uploaded: build.tar.gz (41MB)",
          "[12:50:36] ERROR: Connection failed",
          "Already up to date.",
          "Step 3/19: Running migrations",
          "Tests: 152 passed, 440 total",
          "Test Suites: 27 passed, 36 total",
          "OK",
          "Step 8/18: Building",
          "pip: Installing build dependencies...",
          "Creating production build...",
          "Waiting...",
          "Ready.",
          "Compiling lib/service.java...",
          "OK",
          "Already up to date.",
          "[12:50:36] INFO: Starting build process",
          "GET /health - 200 (9ms)",
          "Fetching from https://registry.npmjs.org/package.json",
          "pip install: Successfully installed jest-1.10",
          "Exception: RuntimeError",
          "Cache saved successfully",
          "Cache hit for key-3839",
          "Connection established",
          "pip: Installing build dependencies...",
          "yarn add: Done in 8.32s",
          "Pulling image: node:18",
          "Compiling components/utils.go...",
          "Ready.",
          "Test Suites: 32 passed, 45 total",
          "Verifying...",
          "\u2713 Task completed in 4530ms",
          "Compiling components/handler.rs...",
          "Environment: staging",
          "npm notice: package.json updated",
          "\u2713 All checks passed",
          "Transforming 950 files...",
          "[12:50:36] INFO: Starting build process",
          "=== Step setup_environment completed ==="
        ]
      },
      {
        "name": "deploy_production",
        "status": "success",
        "started_at": "2025-12-11T12:52:02.951577",
        "finished_at": "2025-12-11T12:52:06.974995",
        "log_lines": [
          "=== Step: deploy_production ===",
          "Minifying main.js",
          "Cache restored successfully (360MB)",
          "WARNING: react has known vulnerabilities",
          "Artifact uploaded: dist.zip (24MB)",
          "Finished.",
          "[12:50:36] DEBUG: Memory usage: 1167MB",
          "Generating source maps...",
          "Step 20/19: Building",
          "\u26a0 DEPRECATION: Feature will be removed in v3.0",
          "[12:50:36] DEBUG: Query executed in 64ms",
          "Connection established",
          "[12:50:36] WARN: Deprecated API usage",
          "Switched to branch 'hotfix/task-453'",
          "Checking out develop branch",
          "Completed.",
          "FAILED: test_api_health",
          "Step 20/18: Testing",
          "Finished.",
          "Using Python 3.12",
          "Cache invalidated: node_modules",
          "Finished.",
          "[12:50:36] DEBUG: Query executed in 58ms",
          "Using Node.js 14.12.0",
          "Optimizing 17 modules...",
          "Cache saved successfully",
          "HEAD is now at ebba65b",
          "Compiling lib/service.java...",
          "Using Python 3.12",
          "Cache restored successfully (365MB)",
          "[12:50:36] DEBUG: Memory usage: 1372MB",
          "Compiling utils/handler.rs...",
          "[12:50:36] INFO: Request completed",
          "Already up to date.",
          "Ran 84 tests in 29s",
          "\u26a0 DEPRECATION: Feature will be removed in v3.0",
          "Coverage: 100% statements, 60% branches",
          "\u2713 test completed",
          "Switched to branch 'bugfix/task-680'",
          "Bundling vendor.css",
          "Processing...",
          "Exception: RuntimeError",
          "Switched to branch 'feature/task-577'",
          "Artifact uploaded: dist.zip (60MB)",
          "Pulling image: alpine:3.11",
          "Platform: darwin-arm64",
          "Ran 64 tests in 45s",
          "[12:50:36] WARN: Deprecated API usage",
          "FAILED: test_user_create",
          "pip install: Successfully installed jest-2.19",
          "FAILED: test_db_connect",
          "[12:50:36] WARN: Deprecated API usage",
          "Compiling utils/main.py...",
          "Generating source maps...",
          "TLS handshake completed",
          "Cache restored successfully (246MB)",
          "yarn add: Done in 27.71s",
          "POST /api - 201 (176ms)",
          "[12:50:36] DEBUG: Loading configuration",
          "Loading...",
          "Step 16/18: Testing",
          "Step 19/20: Building",
          "Switched to branch 'hotfix/task-113'",
          "Pushing to registry...",
          "Installing react@2.11.9",
          "Ran 137 tests in 17s",
          "Fetching submodules...",
          "[12:50:36] WARN: Deprecated API usage",
          "Installing express@5.13.7",
          "npm install: added 157 packages",
          "Success!",
          "Test Suites: 45 passed, 13 total",
          "Step 5/21: Building",
          "OK",
          "Compiling lib/service.java...",
          "Step 16/17: Running migrations",
          "Compiling lib/main.py...",
          "[12:50:36] INFO: Connecting to database",
          "Processing...",
          "Connection established",
          "npm install: added 230 packages",
          "Coverage: 78% statements, 66% branches",
          "OK",
          "Connection established",
          "Platform: linux-x64",
          "[12:50:36] INFO: Cache refreshed",
          "npm install: added 34 packages",
          "Using Node.js 14.16.10",
          "Processing...",
          "Cache miss for key-4336",
          "Finished.",
          "Platform: win32-x64",
          "Compiling src/service.java...",
          "TLS handshake completed",
          "Coverage: 85% statements, 89% branches",
          "Layer 1/13: ENV command",
          "Snapshots: 10 passed, 24 total",
          "Tests: 247 passed, 92 total",
          "Platform: darwin-arm64",
          "Ran 138 tests in 54s",
          "npm notice: created a lockfile",
          "\u2713 Task completed in 2405ms",
          "Step 2/24: Building",
          "Coverage: 75% statements, 62% branches",
          "Processing...",
          "Uploading artifact 'build' (5 files)",
          "Connection established",
          "Compiling utils/utils.go...",
          "npm install: resolved 1296 packages",
          "[12:50:36] INFO: Processing request",
          "Cache restored successfully (455MB)",
          "\u26a0 DEPRECATION: Feature will be removed in v2.0",
          "Step 19/18: Testing",
          "Connection established",
          "Layer 9/11: RUN command",
          "OK",
          "Compiling utils/main.py...",
          "Already up to date.",
          "npm notice: created a lockfile",
          "HEAD is now at a51939d",
          "Cache restored successfully (112MB)",
          "\u2713 Task completed in 3194ms",
          "Switched to branch 'hotfix/task-870'",
          "Artifact uploaded: dist.zip (23MB)",
          "Done.",
          "[12:50:36] INFO: Connecting to database",
          "Transforming 742 files...",
          "Step 14/15: Running migrations",
          "Cache invalidated: build",
          "[12:50:36] INFO: Cache refreshed",
          "NODE_ENV=development",
          "\u26a0 DEPRECATION: Feature will be removed in v2.0",
          "Using Python 3.10",
          "Step 19/20: Testing",
          "[12:50:36] INFO: Processing request",
          "Tests: 492 passed, 95 total",
          "Building Docker image...",
          "Cache restored successfully (384MB)",
          "npm install: added 112 packages",
          "Compiling lib/handler.rs...",
          "[12:50:36] INFO: Processing request",
          "Time: 57.698s",
          "FAILED: test_user_create",
          "yarn add: Done in 19.97s",
          "Finished.",
          "\u26a0 DEPRECATION: Feature will be removed in v3.0",
          "Optimizing 84 modules...",
          "Cache saved successfully",
          "\u26a0 DEPRECATION: Feature will be removed in v5.0",
          "[12:50:36] WARN: Deprecated API usage",
          "Optimizing 17 modules...",
          "\u26a0 DEPRECATION: Feature will be removed in v2.0",
          "Step 18/18: Linting",
          "Step 8/23: Installing dependencies",
          "=== Step deploy_production completed ==="
        ]
      },
      {
        "name": "deploy_staging",
        "status": "success",
        "started_at": "2025-12-11T12:52:06.974995",
        "finished_at": "2025-12-11T12:52:17.033541",
        "log_lines": [
          "=== Step: deploy_staging ===",
          "Generating source maps...",
          "[12:50:36] DEBUG: Memory usage: 621MB",
          "[12:50:36] INFO: Request completed",
          "Using Node.js 18.13.4",
          "[12:50:36] INFO: Processing request",
          "WARNING: axios has known vulnerabilities",
          "WARNING: react has known vulnerabilities",
          "Artifact downloaded: 27MB",
          "pip: Collecting jest",
          "Using Node.js 20.6.8",
          "Done.",
          "npm notice: created a lockfile",
          "Cache saved successfully",
          "Finished.",
          "[12:50:36] INFO: Starting build process",
          "GET /api - 200 (69ms)",
          "npm notice: created a lockfile",
          "npm install: added 347 packages",
          "Snapshots: 35 passed, 20 total",
          "Installing axios@5.1.1",
          "Waiting...",
          "Environment: staging",
          "Step 10/18: Deploying",
          "NODE_ENV=production",
          "HEAD is now at 1a7d1c9",
          "Cache restored successfully (332MB)",
          "POST /data - 200 (427ms)",
          "pip install: Successfully installed express-3.16",
          "Pulling image: alpine:latest",
          "Pulling image: node:latest",
          "Using Python 3.10",
          "Exception: RuntimeError",
          "\u26a0 DEPRECATION: Feature will be removed in v5.0",
          "\u2713 Step 'checkout' succeeded",
          "\u26a0 DEPRECATION: Feature will be removed in v4.0",
          "\u2713 Task completed in 4628ms",
          "pip: Installing build dependencies...",
          "OK",
          "Cache saved successfully",
          "\u2713 test completed",
          "Compiling components/handler.rs...",
          "\u2713 All checks passed",
          "Checking out master branch",
          "npm install: added 395 packages",
          "Fetching submodules...",
          "Cache miss for key-6120",
          "HEAD is now at efbc695",
          "[12:50:36] WARN: Deprecated API usage",
          "npm install: added 342 packages",
          "Bundling runtime.css",
          "Processing...",
          "Artifact uploaded: dist.zip (46MB)",
          "Compiling src/service.java...",
          "[12:50:36] INFO: Starting build process",
          "[12:50:36] DEBUG: Memory usage: 1896MB",
          "Time: 75.47s",
          "Step 7/22: Linting",
          "Using Node.js 16.10.9",
          "Step 4/15: Linting",
          "Verifying...",
          "npm notice: package.json updated",
          "Loading...",
          "pip install: Successfully installed axios-3.4",
          "Checking out main branch",
          "Bundling vendor.css",
          "Done.",
          "WARNING: lodash has known vulnerabilities",
          "pip: Downloading prettier-3.0.tar.gz",
          "[12:50:36] WARN: Deprecated API usage",
          "Pushing to registry...",
          "Compiling components/index.js...",
          "Completed.",
          "Using Python 3.10",
          "[12:50:36] WARN: Deprecated API usage",
          "Transforming 627 files...",
          "Cache invalidated: build",
          "Minifying vendor.js",
          "Image pulled successfully",
          "Step 19/24: Testing",
          "Step 5/19: Building",
          "Transforming 473 files...",
          "Completed.",
          "pip: Installing build dependencies...",
          "Image pulled successfully",
          "TLS handshake completed",
          "Step 1/24: Installing dependencies",
          "Optimizing 76 modules...",
          "FAILED: test_api_health",
          "WARNING: jest has known vulnerabilities",
          "[12:50:36] DEBUG: Memory usage: 1902MB",
          "Uploading artifact 'dist' (6 files)",
          "Platform: linux-x64",
          "\u26a0 DEPRECATION: Feature will be removed in v3.0",
          "[12:50:36] DEBUG: Connection pool: 7 active",
          "Snapshots: 17 passed, 39 total",
          "Pushing to registry...",
          "Step 19/22: Running migrations",
          "Generating source maps...",
          "Artifact downloaded: 6MB",
          "pip: Installing build dependencies...",
          "Compiling lib/main.py...",
          "[12:50:36] DEBUG: Connection pool: 5 active",
          "Transforming 739 files...",
          "Artifact uploaded: build.tar.gz (47MB)",
          "Connection established",
          "Step 12/15: Linting",
          "Pulling image: node:latest",
          "Environment: staging",
          "\u2713 deploy completed",
          "Step 19/21: Deploying",
          "[12:50:36] DEBUG: Loading configuration",
          "Step 18/25: Deploying",
          "Step 11/21: Installing dependencies",
          "Platform: linux-x64",
          "[12:50:36] ERROR: Connection failed",
          "Fetching submodules...",
          "yarn add: Done in 18.54s",
          "Time: 27.275s",
          "TLS handshake completed",
          "\u2713 Task completed in 4923ms",
          "Step 9/17: Running migrations",
          "NODE_ENV=development",
          "pip: Downloading react-1.5.tar.gz",
          "Step 1/20: Testing",
          "FAILED: test_api_health",
          "Installing lodash@3.7.5",
          "Compiling components/main.py...",
          "Completed.",
          "Cache invalidated: node_modules",
          "Compiling utils/service.java...",
          "Step 17/24: Installing dependencies",
          "Cache invalidated: build",
          "Checking out main branch",
          "Tests: 324 passed, 489 total",
          "Fetching submodules...",
          "[12:50:36] WARN: Deprecated API usage",
          "Layer 4/13: ENV command",
          "  PASS: e2e/test_user_create.spec.js",
          "Already up to date.",
          "[12:50:36] DEBUG: Loading configuration",
          "Compiling components/service.java...",
          "Platform: win32-x64",
          "Using Python 3.11",
          "Uploading artifact 'build' (46 files)",
          "pip install: Successfully installed webpack-2.2",
          "[12:50:36] DEBUG: Query executed in 20ms",
          "Step 1/24: Deploying",
          "Connection established",
          "Fetching from https://pypi.org/package.json",
          "Waiting...",
          "npm install: added 324 packages",
          "Platform: linux-x64",
          "[12:50:36] WARN: Deprecated API usage",
          "=== Step deploy_staging completed ==="
        ]
      },
      {
        "name": "checkout",
        "status": "success",
        "started_at": "2025-12-11T12:52:17.033541",
        "finished_at": "2025-12-11T12:52:21.056959",
        "log_lines": [
          "=== Step: checkout ===",
          "pip: Downloading prettier-2.10.tar.gz",
          "Generating source maps...",
          "Cache saved successfully",
          "[12:50:36] DEBUG: Loading configuration",
          "Completed.",
          "Fetching submodules...",
          "  PASS: integration/test_user_create.spec.js",
          "[12:50:36] WARN: Deprecated API usage",
          "[12:50:36] DEBUG: Initializing service",
          "Installing express@4.2.0",
          "HEAD is now at c0540b6",
          "Pushing to registry...",
          "FAILED: test_api_health",
          "Step 20/24: Linting",
          "Pulling image: python:latest",
          "Step 4/23: Linting",
          "pip: Installing build dependencies...",
          "Compiling components/main.py...",
          "[12:50:36] ERROR: Connection failed",
          "npm install: added 82 packages",
          "Snapshots: 42 passed, 39 total",
          "WARNING: lodash has known vulnerabilities",
          "Cache saved successfully",
          "Cache invalidated: dependencies",
          "Finished.",
          "Artifact uploaded: build.tar.gz (27MB)",
          "[12:50:36] DEBUG: Loading configuration",
          "Already up to date.",
          "\u2713 All checks passed",
          "Completed.",
          "[12:50:36] DEBUG: Loading configuration",
          "\u2713 lint completed",
          "Waiting...",
          "HEAD is now at 76f0b79",
          "Done.",
          "Artifact uploaded: build.tar.gz (7MB)",
          "Using Node.js 16.7.2",
          "\u2713 Step 'setup' succeeded",
          "[12:50:36] WARN: Deprecated API usage",
          "Step 16/20: Linting",
          "Step 20/17: Linting",
          "Tests: 381 passed, 382 total",
          "[12:50:36] INFO: Cache refreshed",
          "Completed.",
          "Coverage: 88% statements, 61% branches",
          "npm notice: package.json updated",
          "WARNING: lodash has known vulnerabilities",
          "[12:50:36] ERROR: Connection failed",
          "OK",
          "Fetching from https://githubusercontent.com/package.json",
          "Tests: 318 passed, 279 total",
          "Step 7/18: Installing dependencies",
          "Using Node.js 18.19.1",
          "Cache restored successfully (496MB)",
          "  PASS: integration/test_user_create.spec.js",
          "[12:50:36] INFO: Cache refreshed",
          "Compiling lib/service.java...",
          "Optimizing 100 modules...",
          "npm install: added 438 packages",
          "Artifact uploaded: dist.zip (4MB)",
          "Success!",
          "\u2713 test completed",
          "Cache hit for key-7988",
          "\u2713 Task completed in 402ms",
          "Compiling src/main.py...",
          "Fetching submodules...",
          "Exception: RuntimeError",
          "pip: Downloading react-4.11.tar.gz",
          "Cache restored successfully (375MB)",
          "[12:50:36] DEBUG: Memory usage: 492MB",
          "pip: Downloading prettier-1.15.tar.gz",
          "\u26a0 DEPRECATION: Feature will be removed in v2.0",
          "OK",
          "Coverage: 84% statements, 100% branches",
          "Time: 112.765s",
          "npm install: resolved 1143 packages",
          "Step 15/21: Testing",
          "[12:50:36] DEBUG: Connection pool: 5 active",
          "[12:50:36] DEBUG: Query executed in 40ms",
          "Cache invalidated: dependencies",
          "Done.",
          "\u26a0 DEPRECATION: Feature will be removed in v3.0",
          "Waiting...",
          "Cache hit for key-8148",
          "OK",
          "[12:50:36] ERROR: Connection failed",
          "\u26a0 DEPRECATION: Feature will be removed in v4.0",
          "[12:50:36] DEBUG: Loading configuration",
          "[12:50:36] INFO: Connecting to database",
          "Step 10/21: Testing",
          "[12:50:36] WARN: Deprecated API usage",
          "Step 6/24: Installing dependencies",
          "Environment: staging",
          "Artifact uploaded: build.tar.gz (6MB)",
          "\u2713 package completed",
          "npm install: resolved 962 packages",
          "[12:50:36] INFO: Cache refreshed",
          "Test Suites: 8 passed, 46 total",
          "Step 16/18: Testing",
          "Ran 127 tests in 18s",
          "Artifact downloaded: 41MB",
          "[12:50:36] WARN: Deprecated API usage",
          "[12:50:36] WARN: Deprecated API usage",
          "OK",
          "Optimizing 21 modules...",
          "npm install: added 403 packages",
          "FAILED: test_db_connect",
          "Cache hit for key-1301",
          "Checking out develop branch",
          "[12:50:36] DEBUG: Query executed in 37ms",
          "Pushing to registry...",
          "GET /status - 204 (55ms)",
          "Fetching submodules...",
          "\u2713 Step 'setup' succeeded",
          "TLS handshake completed",
          "Cache saved successfully",
          "pip: Downloading prettier-2.9.tar.gz",
          "Artifact downloaded: 6MB",
          "[12:50:36] INFO: Connecting to database",
          "HEAD is now at 603adea",
          "Compiling utils/app.ts...",
          "Ready.",
          "\u2713 lint completed",
          "Coverage: 80% statements, 67% branches",
          "Verifying...",
          "NODE_ENV=production",
          "Optimizing 24 modules...",
          "Success!",
          "npm install: resolved 1758 packages",
          "Success!",
          "[12:50:36] DEBUG: Connection pool: 6 active",
          "Minifying app.js",
          "[12:50:36] INFO: Cache refreshed",
          "Coverage: 93% statements, 79% branches",
          "Fetching submodules...",
          "Coverage: 96% statements, 98% branches",
          "\u2713 Task completed in 3526ms",
          "pip: Installing build dependencies...",
          "[12:50:36] DEBUG: Connection pool: 9 active",
          "Pushing to registry...",
          "Loading...",
          "npm install: resolved 1804 packages",
          "FAILED: test_cache_hit",
          "Cache restored successfully (307MB)",
          "Fetching from https://googleapis.com/package.json",
          "Artifact downloaded: 29MB",
          "[12:50:36] INFO: Cache refreshed",
          "Building Docker image...",
          "Switched to branch 'feature/task-509'",
          "Bundling styles.css",
          "[12:50:36] WARN: Deprecated API usage",
          "Compiling lib/app.ts...",
          "Bundling runtime.js",
          "=== Step checkout completed ==="
        ]
      },
      {
        "name": "e2e_tests",
        "status": "success",
        "started_at": "2025-12-11T12:52:21.056959",
        "finished_at": "2025-12-11T12:52:31.115505",
        "log_lines": [
          "=== Step: e2e_tests ===",
          "Waiting...",
          "Step 7/21: Linting",
          "[12:50:36] DEBUG: Initializing service",
          "\u26a0 DEPRECATION: Feature will be removed in v2.0",
          "Step 1/23: Running migrations",
          "[12:50:36] INFO: Connecting to database",
          "npm notice: created a lockfile",
          "[12:50:36] DEBUG: Query executed in 71ms",
          "[12:50:36] DEBUG: Connection pool: 3 active",
          "[12:50:36] DEBUG: Initializing service",
          "Creating production build...",
          "Step 8/23: Running migrations",
          "Waiting...",
          "Loading...",
          "Verifying...",
          "Image pulled successfully",
          "  PASS: test_auth_login (422ms)",
          "Uploading artifact 'build' (12 files)",
          "Artifact uploaded: build.tar.gz (41MB)",
          "Tests: 182 passed, 126 total",
          "Pushing to registry...",
          "Cache hit for key-1348",
          "Image pulled successfully",
          "[12:50:36] WARN: Deprecated API usage",
          "Switched to branch 'hotfix/task-596'",
          "[12:50:36] DEBUG: Connection pool: 17 active",
          "WARNING: react has known vulnerabilities",
          "Compiling src/service.java...",
          "pip: Collecting webpack",
          "WARNING: lodash has known vulnerabilities",
          "\u26a0 DEPRECATION: Feature will be removed in v2.0",
          "npm notice: package.json updated",
          "Pushing to registry...",
          "Processing...",
          "npm notice: package.json updated",
          "[12:50:36] INFO: Processing request",
          "TLS handshake completed",
          "Ran 183 tests in 10s",
          "  PASS: test_api_health (165ms)",
          "[12:50:36] DEBUG: Initializing service",
          "Fetching submodules...",
          "Uploading artifact 'coverage' (19 files)",
          "Waiting...",
          "Step 7/21: Building",
          "Cache miss for key-3201",
          "Using Python 3.11",
          "\u26a0 DEPRECATION: Feature will be removed in v2.0",
          "Minifying app.js",
          "Platform: darwin-arm64",
          "yarn add: Done in 26.59s",
          "Compiling utils/main.py...",
          "yarn add: Done in 26.77s",
          "  PASS: test_user_create (337ms)",
          "Already up to date.",
          "npm notice: created a lockfile",
          "[12:50:36] INFO: Starting build process",
          "Finished.",
          "Artifact uploaded: build.tar.gz (8MB)",
          "[12:50:36] DEBUG: Initializing service",
          "Connection established",
          "Artifact downloaded: 23MB",
          "pip: Installing build dependencies...",
          "yarn add: Done in 15.7s",
          "Cache restored successfully (190MB)",
          "Transforming 826 files...",
          "Cache restored successfully (358MB)",
          "\u2713 All checks passed",
          "Cache hit for key-2857",
          "Installing lodash@5.2.1",
          "Bundling main.js",
          "Compiling components/main.py...",
          "Success!",
          "pip: Collecting express",
          "[12:50:36] WARN: Deprecated API usage",
          "Optimizing 49 modules...",
          "Cache miss for key-1993",
          "  PASS: integration/test_auth_login.spec.js",
          "[12:50:36] DEBUG: Initializing service",
          "Optimizing 100 modules...",
          "HEAD is now at cbda4f5",
          "\u2713 Task completed in 1972ms",
          "Artifact downloaded: 42MB",
          "[12:50:36] INFO: Starting build process",
          "pip: Installing build dependencies...",
          "Time: 53.287s",
          "Compiling components/service.java...",
          "Compiling components/main.py...",
          "Pulling image: alpine:3.11",
          "Fetching from https://amazonaws.com/package.json",
          "Ready.",
          "Step 1/20: Installing dependencies",
          "[12:50:36] DEBUG: Initializing service",
          "Checking out develop branch",
          "Ready.",
          "\u26a0 DEPRECATION: Feature will be removed in v2.0",
          "Uploading artifact 'build' (27 files)",
          "Coverage: 72% statements, 82% branches",
          "Processing...",
          "[12:50:36] INFO: Processing request",
          "Artifact uploaded: dist.zip (56MB)",
          "Compiling lib/app.ts...",
          "Cache saved successfully",
          "WARNING: jest has known vulnerabilities",
          "pip: Downloading prettier-4.8.tar.gz",
          "\u2713 All checks passed",
          "pip: Installing build dependencies...",
          "[12:50:36] INFO: Starting build process",
          "Step 20/24: Linting",
          "[12:50:36] DEBUG: Loading configuration",
          "\u2713 Task completed in 3258ms",
          "Processing...",
          "Step 12/22: Running migrations",
          "Compiling lib/index.js...",
          "Cache hit for key-6916",
          "OK",
          "Artifact uploaded: build.tar.gz (25MB)",
          "Creating production build...",
          "[12:50:36] DEBUG: Memory usage: 1805MB",
          "\u26a0 DEPRECATION: Feature will be removed in v3.0",
          "Image pulled successfully",
          "Finished.",
          "Checking out master branch",
          "Artifact downloaded: 3MB",
          "Image pulled successfully",
          "Compiling components/service.java...",
          "Test Suites: 29 passed, 26 total",
          "Pushing to registry...",
          "Test Suites: 20 passed, 13 total",
          "Minifying vendor.js",
          "Platform: linux-x64",
          "[12:50:36] DEBUG: Initializing service",
          "Ready.",
          "Generating source maps...",
          "  PASS: test_cache_hit (371ms)",
          "[12:50:36] DEBUG: Initializing service",
          "Cache hit for key-4687",
          "\u2713 Task completed in 552ms",
          "Ran 180 tests in 56s",
          "Done.",
          "npm notice: created a lockfile",
          "Waiting...",
          "Compiling lib/handler.rs...",
          "\u2717 build failed with exit code 40",
          "Time: 31.672s",
          "Loading...",
          "Environment: production",
          "[12:50:36] DEBUG: Loading configuration",
          "\u2713 build completed",
          "\u2717 build failed with exit code 81",
          "  PASS: integration/test_api_health.spec.js",
          "\u2713 Step 'test' succeeded",
          "Completed.",
          "Test Suites: 33 passed, 15 total",
          "=== Step e2e_tests completed ==="
        ]
      },
      {
        "name": "save_cache",
        "status": "success",
        "started_at": "2025-12-11T12:52:31.115505",
        "finished_at": "2025-12-11T12:52:37.150632",
        "log_lines": [
          "=== Step: save_cache ===",
          "\u2713 All checks passed",
          "Step 2/15: Testing",
          "TLS handshake completed",
          "Checking out main branch",
          "Artifact uploaded: build.tar.gz (50MB)",
          "Artifact downloaded: 11MB",
          "HEAD is now at 5c22967",
          "Checking out master branch",
          "Ready.",
          "Compiling src/handler.rs...",
          "Ready.",
          "Verifying...",
          "Loading...",
          "Compiling lib/index.js...",
          "Environment: test",
          "Artifact uploaded: build.tar.gz (7MB)",
          "Compiling src/app.ts...",
          "Cache saved successfully",
          "Compiling utils/utils.go...",
          "HEAD is now at b3b7091",
          "Switched to branch 'hotfix/task-918'",
          "Cache saved successfully",
          "\u2713 deploy completed",
          "\u2717 build failed with exit code 11",
          "Cache saved successfully",
          "pip install: Successfully installed lodash-4.19",
          "yarn add: Done in 15.49s",
          "\u26a0 DEPRECATION: Feature will be removed in v2.0",
          "Pulling image: node:3.11",
          "Pushing to registry...",
          "[12:50:36] INFO: Connecting to database",
          "pip: Collecting eslint",
          "Creating production build...",
          "[12:50:36] DEBUG: Initializing service",
          "WARNING: eslint has known vulnerabilities",
          "[12:50:36] INFO: Connecting to database",
          "Artifact uploaded: build.tar.gz (24MB)",
          "TLS handshake completed",
          "pip: Collecting express",
          "Compiling components/app.ts...",
          "Transforming 834 files...",
          "Ran 195 tests in 11s",
          "Fetching submodules...",
          "[12:50:36] INFO: Cache refreshed",
          "Compiling lib/main.py...",
          "Verifying...",
          "Artifact downloaded: 33MB",
          "Ready.",
          "npm install: resolved 1092 packages",
          "Environment: test",
          "Step 19/22: Running migrations",
          "Compiling utils/app.ts...",
          "\u2713 test completed",
          "Step 6/19: Installing dependencies",
          "\u2717 build failed with exit code 7",
          "Loading...",
          "Step 8/24: Building",
          "npm notice: package.json updated",
          "OK",
          "Pushing to registry...",
          "Pulling image: alpine:18",
          "[12:50:36] DEBUG: Memory usage: 928MB",
          "Cache invalidated: dependencies",
          "Tests: 384 passed, 500 total",
          "Completed.",
          "Completed.",
          "WARNING: jest has known vulnerabilities",
          "Tests: 351 passed, 476 total",
          "Snapshots: 9 passed, 28 total",
          "[12:50:36] DEBUG: Query executed in 8ms",
          "[12:50:36] DEBUG: Loading configuration",
          "Coverage: 73% statements, 78% branches",
          "npm install: added 329 packages",
          "FAILED: test_auth_login",
          "Ran 160 tests in 54s",
          "\u26a0 DEPRECATION: Feature will be removed in v5.0",
          "Step 3/19: Running migrations",
          "Fetching from https://gcr.io/package.json",
          "npm notice: package.json updated",
          "GET /health - 201 (5ms)",
          "Cache restored successfully (484MB)",
          "Image pulled successfully",
          "[12:50:36] DEBUG: Initializing service",
          "NODE_ENV=test",
          "[12:50:36] DEBUG: Query executed in 33ms",
          "pip install: Successfully installed jest-3.18",
          "Fetching from https://googleapis.com/package.json",
          "\u2713 deploy completed",
          "npm notice: package.json updated",
          "\u26a0 DEPRECATION: Feature will be removed in v5.0",
          "Installing lodash@4.13.3",
          "Connection established",
          "Snapshots: 37 passed, 24 total",
          "Optimizing 71 modules...",
          "[12:50:36] WARN: Deprecated API usage",
          "Switched to branch 'feature/task-728'",
          "[12:50:36] DEBUG: Loading configuration",
          "[12:50:36] DEBUG: Connection pool: 20 active",
          "Compiling src/app.ts...",
          "Loading...",
          "Cache miss for key-9846",
          "Switched to branch 'feature/task-218'",
          "[12:50:36] INFO: Starting build process",
          "Artifact uploaded: dist.zip (53MB)",
          "[12:50:36] INFO: Cache refreshed",
          "pip install: Successfully installed axios-2.5",
          "Cache invalidated: dependencies",
          "Fetching from https://pypi.org/package.json",
          "[12:50:36] INFO: Processing request",
          "[12:50:36] WARN: Deprecated API usage",
          "[12:50:36] DEBUG: Query executed in 26ms",
          "TLS handshake completed",
          "\u26a0 DEPRECATION: Feature will be removed in v5.0",
          "Coverage: 91% statements, 77% branches",
          "Coverage: 75% statements, 60% branches",
          "Compiling src/index.js...",
          "pip: Downloading express-2.1.tar.gz",
          "[12:50:36] INFO: Request completed",
          "Processing...",
          "\u2713 test completed",
          "[12:50:36] ERROR: Connection failed",
          "npm notice: created a lockfile",
          "Done.",
          "Compiling utils/service.java...",
          "Already up to date.",
          "npm install: resolved 566 packages",
          "[12:50:36] DEBUG: Initializing service",
          "OK",
          "Step 9/16: Running migrations",
          "Fetching from https://npmjs.org/package.json",
          "Test Suites: 15 passed, 38 total",
          "Optimizing 43 modules...",
          "Switched to branch 'feature/task-122'",
          "Artifact uploaded: dist.zip (15MB)",
          "WARNING: axios has known vulnerabilities",
          "Image pulled successfully",
          "npm notice: created a lockfile",
          "Exception: NullPointerException",
          "Fetching submodules...",
          "Success!",
          "Checking out develop branch",
          "Step 5/24: Building",
          "[12:50:36] ERROR: Connection failed",
          "Installing jest@3.2.2",
          "\u2717 build failed with exit code 69",
          "[12:50:36] INFO: Starting build process",
          "[12:50:36] INFO: Connecting to database",
          "WARNING: webpack has known vulnerabilities",
          "Test Suites: 42 passed, 10 total",
          "\u2713 build completed",
          "Optimizing 15 modules...",
          "Checking out main branch",
          "Tests: 436 passed, 305 total",
          "=== Step save_cache completed ==="
        ]
      },
      {
        "name": "install_dependencies",
        "status": "success",
        "started_at": "2025-12-11T12:52:37.150632",
        "finished_at": "2025-12-11T12:53:07.326269",
        "log_lines": [
          "=== Step: install_dependencies ===",
          "OK",
          "Using Python 3.11",
          "POST /data - 201 (286ms)",
          "yarn add: Done in 22.83s",
          "[12:50:36] DEBUG: Query executed in 30ms",
          "Artifact uploaded: dist.zip (62MB)",
          "Environment: test",
          "Success!",
          "Exception: RuntimeError",
          "\u2713 build completed",
          "npm install: resolved 547 packages",
          "[12:50:36] INFO: Starting build process",
          "OK",
          "[12:50:36] INFO: Cache refreshed",
          "Creating production build...",
          "GET /api - 204 (7ms)",
          "Already up to date.",
          "Generating source maps...",
          "HEAD is now at 98d707a",
          "Step 1/18: Running migrations",
          "Optimizing 66 modules...",
          "Success!",
          "\u2713 package completed",
          "pip install: Successfully installed axios-2.0",
          "Step 11/18: Installing dependencies",
          "Artifact uploaded: build.tar.gz (35MB)",
          "Done.",
          "[12:50:36] INFO: Connecting to database",
          "FAILED: test_api_health",
          "pip: Collecting lodash",
          "Cache invalidated: dependencies",
          "Minifying app.js",
          "Tests: 391 passed, 494 total",
          "Compiling lib/app.ts...",
          "Loading...",
          "pip: Downloading webpack-2.15.tar.gz",
          "Step 20/24: Installing dependencies",
          "Already up to date.",
          "Pulling image: node:latest",
          "\u2713 Step 'checkout' succeeded",
          "npm install: added 422 packages",
          "Artifact uploaded: build.tar.gz (33MB)",
          "Cache saved successfully",
          "[12:50:36] DEBUG: Query executed in 75ms",
          "pip: Downloading jest-3.18.tar.gz",
          "Step 5/16: Building",
          "Finished.",
          "  PASS: unit/test_auth_login.spec.js",
          "Platform: darwin-arm64",
          "Artifact uploaded: dist.zip (68MB)",
          "Finished.",
          "Optimizing 96 modules...",
          "  PASS: unit/test_api_health.spec.js",
          "Time: 87.493s",
          "pip: Collecting jest",
          "Using Python 3.9",
          "Environment: production",
          "Step 1/15: Deploying",
          "Optimizing 65 modules...",
          "Layer 3/11: RUN command",
          "Finished.",
          "Image pulled successfully",
          "Fetching submodules...",
          "Exception: RuntimeError",
          "Compiling components/main.py...",
          "\u2713 All checks passed",
          "Tests: 321 passed, 113 total",
          "WARNING: jest has known vulnerabilities",
          "[12:50:36] WARN: Deprecated API usage",
          "Step 13/24: Testing",
          "npm install: added 108 packages",
          "\u26a0 DEPRECATION: Feature will be removed in v2.0",
          "Step 20/16: Deploying",
          "Artifact uploaded: dist.zip (30MB)",
          "Processing...",
          "Step 10/16: Running migrations",
          "npm install: resolved 699 packages",
          "[12:50:36] INFO: Starting build process",
          "Step 2/22: Testing",
          "WARNING: lodash has known vulnerabilities",
          "Snapshots: 30 passed, 49 total",
          "Uploading artifact 'dist' (7 files)",
          "Minifying vendor.js",
          "Environment: production",
          "Ready.",
          "[12:50:36] DEBUG: Connection pool: 4 active",
          "Uploading artifact 'dist' (22 files)",
          "[12:50:36] INFO: Request completed",
          "Compiling components/index.js...",
          "Processing...",
          "NODE_ENV=production",
          "Ready.",
          "WARNING: jest has known vulnerabilities",
          "[12:50:36] DEBUG: Loading configuration",
          "Done.",
          "Installing axios@3.14.8",
          "TLS handshake completed",
          "  PASS: unit/test_api_health.spec.js",
          "Image pulled successfully",
          "NODE_ENV=development",
          "Uploading artifact 'coverage' (32 files)",
          "TLS handshake completed",
          "npm install: added 402 packages",
          "Step 1/16: Testing",
          "\u2713 All checks passed",
          "[12:50:36] DEBUG: Initializing service",
          "Compiling utils/handler.rs...",
          "[12:50:36] INFO: Connecting to database",
          "[12:50:36] WARN: Deprecated API usage",
          "pip: Collecting express",
          "TLS handshake completed",
          "npm notice: created a lockfile",
          "Switched to branch 'bugfix/task-427'",
          "Platform: win32-x64",
          "[12:50:36] DEBUG: Query executed in 58ms",
          "Verifying...",
          "[12:50:36] DEBUG: Loading configuration",
          "Loading...",
          "Step 13/20: Installing dependencies",
          "Using Node.js 19.1.4",
          "Success!",
          "[12:50:36] ERROR: Connection failed",
          "[12:50:36] INFO: Connecting to database",
          "OK",
          "Coverage: 87% statements, 99% branches",
          "Pushing to registry...",
          "\u2713 All checks passed",
          "OK",
          "Step 17/21: Running migrations",
          "TLS handshake completed",
          "\u2713 All checks passed",
          "npm install: added 135 packages",
          "[12:50:36] INFO: Cache refreshed",
          "[12:50:36] INFO: Starting build process",
          "Time: 105.268s",
          "Completed.",
          "Using Python 3.10",
          "Finished.",
          "\u26a0 DEPRECATION: Feature will be removed in v2.0",
          "Pushing to registry...",
          "Coverage: 72% statements, 84% branches",
          "Already up to date.",
          "pip: Collecting prettier",
          "Artifact uploaded: dist.zip (3MB)",
          "Compiling components/handler.rs...",
          "Transforming 177 files...",
          "Step 11/15: Installing dependencies",
          "npm notice: package.json updated",
          "Loading...",
          "Verifying...",
          "[12:50:36] WARN: Deprecated API usage",
          "Cache hit for key-1254",
          "\u2713 Step 'test' succeeded",
          "=== Step install_dependencies completed ==="
        ]
      }
    ],
    "label": "normal"
  }
}