{
  "action": "completed",
  "workflow_run": {
    "id": 74,
    "name": "CI Pipeline",
    "head_branch": "main",
    "head_sha": "8ce3c0be8e611c145c79622b67cb2c73b4770fc4",
    "status": "completed",
    "conclusion": "success",
    "run_started_at": "2025-12-03T12:50:31.088142Z",
    "updated_at": "2025-12-03T12:52:16.871099Z"
  },
  "repository": {
    "full_name": "startup-io/mobile-backend",
    "name": "mobile-backend"
  },
  "sender": {
    "login": "charlie"
  },
  "_safeops_extended": {
    "raw_logs": "=== Step: type_check ===\n  PASS: e2e/test_user_create.spec.js\nProcessing...\nException: NullPointerException\nArtifact uploaded: dist.zip (35MB)\nBuilding Docker image...\nArtifact downloaded: 41MB\nCompiling utils/main.py...\nChecking out master branch\nStep 2/22: Running migrations\nCompiling lib/utils.go...\nBundling styles.css\nTLS handshake completed\nStep 20/15: Deploying\nCache saved successfully\nEnvironment: staging\nPlatform: linux-x64\nStep 16/23: Testing\nBundling runtime.js\nTest Suites: 29 passed, 15 total\nVerifying...\nCache invalidated: node_modules\nVerifying...\n[12:50:31] WARN: Deprecated API usage\n[12:50:31] INFO: Starting build process\nBundling vendor.css\nBuilding Docker image...\nPlatform: darwin-arm64\n  PASS: unit/test_api_health.spec.js\nUploading artifact 'coverage' (40 files)\nReady.\nCompiling utils/service.java...\nPOST /data - 202 (221ms)\nRan 39 tests in 32s\nTests: 373 passed, 106 total\nFetching submodules...\nCompiling src/main.py...\nOK\npip: Collecting prettier\nnpm install: resolved 1436 packages\n[12:50:31] INFO: Processing request\nWARNING: express has known vulnerabilities\nStep 6/17: Building\nStep 4/16: Deploying\nStep 12/18: Running migrations\nUsing Python 3.10\nCreating production build...\npip install: Successfully installed lodash-1.8\nEnvironment: test\n\u2713 validate completed\n[12:50:31] ERROR: Connection failed\nConnection established\nPulling image: node:3.11\nHEAD is now at 7a65fca\n[12:50:31] INFO: Starting build process\nCompiling lib/service.java...\n  PASS: unit/test_db_connect.spec.js\n[12:50:31] WARN: Deprecated API usage\n=== Step type_check completed ===\n=== Step: deploy_staging ===\nTests: 213 passed, 190 total\nAlready up to date.\n[12:50:31] DEBUG: Initializing service\nReady.\nStep 17/25: Building\nStep 3/20: Running migrations\nSuccess!\nStep 3/23: Installing dependencies\n[12:50:31] WARN: Deprecated API usage\n\u26a0 DEPRECATION: Feature will be removed in v2.0\nCache miss for key-6912\nFetching submodules...\nWARNING: webpack has known vulnerabilities\n[12:50:31] INFO: Starting build process\npip: Downloading lodash-1.5.tar.gz\n[12:50:31] WARN: Deprecated API usage\nStep 6/15: Testing\n\u26a0 DEPRECATION: Feature will be removed in v5.0\n[12:50:31] WARN: Deprecated API usage\nReady.\nFetching from https://pypi.org/package.json\nArtifact uploaded: dist.zip (79MB)\nSwitched to branch 'bugfix/task-968'\n[12:50:31] DEBUG: Memory usage: 849MB\nVerifying...\nStep 8/20: Deploying\nTest Suites: 46 passed, 43 total\nException: TypeError\n\u2713 Step 'setup' succeeded\nCache invalidated: dependencies\nCache restored successfully (455MB)\nCompiling lib/index.js...\nTests: 106 passed, 347 total\nCompiling components/service.java...\n[12:50:31] DEBUG: Initializing service\nStep 2/20: Installing dependencies\nProcessing...\n[12:50:31] WARN: Deprecated API usage\nTLS handshake completed\nnpm install: added 22 packages\n  PASS: e2e/test_api_health.spec.js\nVerifying...\nSwitched to branch 'hotfix/task-237'\nnpm notice: package.json updated\nCache miss for key-3960\nWARNING: lodash has known vulnerabilities\nTests: 343 passed, 362 total\n[12:50:31] WARN: Deprecated API usage\nStep 3/15: Building\nCoverage: 92% statements, 89% branches\n[12:50:31] ERROR: Connection failed\nGenerating source maps...\nReady.\n[12:50:31] INFO: Cache refreshed\nCache saved successfully\nReady.\nInstalling axios@5.10.10\n=== Step deploy_staging completed ===\n=== Step: save_cache ===\n[12:50:31] INFO: Processing request\n[12:50:31] DEBUG: Memory usage: 572MB\nnpm notice: package.json updated\nTime: 118.307s\n[12:50:31] INFO: Processing request\nCache restored successfully (457MB)\npip: Downloading eslint-1.15.tar.gz\nStep 3/25: Installing dependencies\nVerifying...\nTLS handshake completed\npip: Installing build dependencies...\nnpm notice: created a lockfile\n  PASS: test_db_connect (95ms)\nPushing to registry...\nStep 15/15: Running migrations\nGET /status - 201 (61ms)\nSnapshots: 29 passed, 46 total\nyarn add: Done in 11.64s\npip install: Successfully installed express-1.8\nFetching submodules...\nWARNING: react has known vulnerabilities\nnpm notice: package.json updated\nCache restored successfully (316MB)\nCache restored successfully (317MB)\n  PASS: test_auth_login (202ms)\nnpm notice: created a lockfile\nFetching from https://githubusercontent.com/package.json\nStep 4/15: Installing dependencies\nCoverage: 83% statements, 80% branches\nCreating production build...\n\u2717 build failed with exit code 74\n[12:50:31] INFO: Starting build process\n  PASS: integration/test_cache_hit.spec.js\nSuccess!\nSwitched to branch 'bugfix/task-786'\nWaiting...\nCompiling lib/utils.go...\npip: Collecting lodash\nnpm notice: package.json updated\nTests: 194 passed, 366 total\nStep 1/23: Deploying\n[12:50:31] DEBUG: Query executed in 62ms\nFinished.\nPushing to registry...\n[12:50:31] INFO: Starting build process\nCompiling lib/utils.go...\nException: TypeError\nImage pulled successfully\nEnvironment: production\nBuilding Docker image...\n[12:50:31] INFO: Connecting to database\nWaiting...\nGET /health - 200 (88ms)\nPulling image: node:latest\n\u2713 test completed\nCache hit for key-1053\n[12:50:31] INFO: Cache refreshed\n=== Step save_cache completed ===\n=== Step: checkout ===\nWARNING: prettier has known vulnerabilities\nnpm install: resolved 709 packages\nChecking out main branch\nPlatform: darwin-arm64\nyarn add: Done in 8.89s\n\u2713 All checks passed\nNODE_ENV=test\nFetching from https://githubusercontent.com/package.json\nFinished.\nStep 10/25: Installing dependencies\n[12:50:31] INFO: Request completed\nUsing Python 3.9\nSuccess!\nStep 6/22: Installing dependencies\nInstalling jest@4.11.10\nNODE_ENV=production\n\u2713 Task completed in 4035ms\nUploading artifact 'build' (10 files)\nConnection established\nInstalling react@1.17.6\nTime: 57.963s\nCache restored successfully (180MB)\n[12:50:31] DEBUG: Connection pool: 20 active\nRan 13 tests in 17s\nMinifying app.js\nPlatform: darwin-arm64\nCompiling components/index.js...\n[12:50:31] WARN: Deprecated API usage\nImage pulled successfully\nArtifact downloaded: 46MB\nyarn add: Done in 26.87s\n[12:50:31] INFO: Request completed\npip install: Successfully installed webpack-1.4\n\u2713 All checks passed\n[12:50:31] WARN: Deprecated API usage\nPOST /api - 201 (494ms)\nConnection established\nCompiling lib/handler.rs...\n[12:50:31] WARN: Deprecated API usage\nInstalling webpack@3.4.6\nVerifying...\nImage pulled successfully\nCompiling components/main.py...\n[12:50:31] DEBUG: Connection pool: 12 active\nTest Suites: 21 passed, 42 total\n[12:50:31] INFO: Cache refreshed\n\u2713 package completed\nOK\nChecking out develop branch\n[12:50:31] DEBUG: Connection pool: 11 active\nSwitched to branch 'bugfix/task-516'\nAlready up to date.\nVerifying...\nCompiling utils/app.ts...\nStep 7/23: Deploying\nCreating production build...\nStep 17/19: Testing\n=== Step checkout completed ===\n=== Step: install_dependencies ===\nPushing to registry...\nTLS handshake completed\nCache miss for key-5621\nArtifact downloaded: 30MB\nStep 8/17: Running migrations\n[12:50:31] WARN: Deprecated API usage\nStep 16/25: Building\nStep 16/22: Running migrations\n[12:50:31] WARN: Deprecated API usage\nLoading...\npip install: Successfully installed eslint-2.6\nImage pulled successfully\nTest Suites: 27 passed, 33 total\n[12:50:31] WARN: Deprecated API usage\nPOST /data - 201 (311ms)\n[12:50:31] DEBUG: Memory usage: 214MB\n[12:50:31] INFO: Processing request\nNODE_ENV=test\nCompiling lib/main.py...\nStep 10/19: Testing\nPlatform: linux-x64\nCompiling components/handler.rs...\npip: Downloading express-2.12.tar.gz\n\u2713 package completed\nCache saved successfully\nSnapshots: 7 passed, 15 total\nSwitched to branch 'bugfix/task-741'\nGenerating source maps...\n\u2717 build failed with exit code 112\nCompiling utils/service.java...\nPulling image: alpine:18\nCompiling src/main.py...\npip: Downloading axios-2.13.tar.gz\nRan 143 tests in 60s\nTest Suites: 22 passed, 16 total\n\u2713 All checks passed\nStep 18/17: Deploying\nAlready up to date.\nUsing Node.js 14.3.2\nWARNING: lodash has known vulnerabilities\nProcessing...\nCoverage: 97% statements, 63% branches\nArtifact uploaded: dist.zip (31MB)\nCompiling utils/service.java...\nVerifying...\n\u26a0 DEPRECATION: Feature will be removed in v5.0\n[12:50:31] WARN: Deprecated API usage\nUploading artifact 'coverage' (2 files)\nSuccess!\n[12:50:31] WARN: Deprecated API usage\n[12:50:31] INFO: Processing request\nFinished.\nSnapshots: 37 passed, 11 total\nArtifact uploaded: build.tar.gz (9MB)\nCache hit for key-3004\nPOST /data - 201 (295ms)\nChecking out main branch\n=== Step install_dependencies completed ===\n=== Step: e2e_tests ===\n\u26a0 DEPRECATION: Feature will be removed in v2.0\nBuilding Docker image...\nDone.\nUsing Node.js 17.13.7\nEnvironment: development\nLayer 3/10: ENV command\nTLS handshake completed\nProcessing...\nCache invalidated: dependencies\nCompleted.\nPlatform: linux-x64\nGET /health - 200 (27ms)\npip: Installing build dependencies...\nFetching from https://npmjs.org/package.json\nWARNING: express has known vulnerabilities\nTransforming 854 files...\nOK\nSwitched to branch 'feature/task-744'\nArtifact uploaded: dist.zip (13MB)\n\u2713 Step 'test' succeeded\nProcessing...\nStep 20/16: Linting\n[12:50:31] INFO: Processing request\n[12:50:31] ERROR: Connection failed\nOptimizing 65 modules...\nNODE_ENV=test\nSuccess!\n[12:50:31] DEBUG: Initializing service\npip: Downloading jest-5.14.tar.gz\nTime: 76.889s\nCreating production build...\nGenerating source maps...\nFinished.\n[12:50:31] DEBUG: Loading configuration\nArtifact uploaded: dist.zip (13MB)\nHEAD is now at faac882\nReady.\npip install: Successfully installed axios-5.11\n[12:50:31] WARN: Deprecated API usage\n[12:50:31] WARN: Deprecated API usage\n  PASS: e2e/test_api_health.spec.js\nCache restored successfully (309MB)\nCache saved successfully\nProcessing...\n[12:50:31] ERROR: Connection failed\nOptimizing 95 modules...\npip install: Successfully installed axios-5.14\nCompiling src/utils.go...\nOK\n\u2713 Step 'install' succeeded\nReady.\nnpm notice: created a lockfile\nProcessing...\nSwitched to branch 'hotfix/task-129'\nCache miss for key-8260\nInstalling axios@4.20.5\nCache restored successfully (492MB)\n=== Step e2e_tests completed ===\n=== Step: lint ===\nLoading...\n\u2713 Task completed in 2287ms\nStep 4/22: Building\nyarn add: Done in 20.13s\nyarn add: Done in 7.0s\nCompiling lib/app.ts...\nCache miss for key-1224\nFinished.\nFetching submodules...\nWARNING: eslint has known vulnerabilities\nCompiling utils/main.py...\n  PASS: test_cache_hit (412ms)\nCreating production build...\nFAILED: test_db_connect\nChecking out main branch\nPushing to registry...\nnpm install: resolved 1886 packages\nUsing Python 3.10\n\u2713 Step 'setup' succeeded\nBundling vendor.js\nFetching submodules...\nUploading artifact 'build' (10 files)\nStep 6/19: Linting\nCache hit for key-6504\nDone.\n[12:50:31] WARN: Deprecated API usage\nyarn add: Done in 10.71s\nCompiling components/service.java...\nCache restored successfully (462MB)\nCache restored successfully (77MB)\nnpm notice: created a lockfile\nTests: 166 passed, 245 total\n[12:50:31] INFO: Request completed\nLayer 1/14: RUN command\n\u2713 lint completed\nStep 1/22: Running migrations\nMinifying app.js\n[12:50:31] DEBUG: Memory usage: 164MB\nPlatform: linux-x64\nArtifact uploaded: dist.zip (64MB)\nyarn add: Done in 22.10s\nPlatform: win32-x64\npip install: Successfully installed lodash-4.15\n[12:50:31] DEBUG: Memory usage: 595MB\nCompleted.\nCache saved successfully\nFetching from https://docker.io/package.json\nInstalling jest@3.12.3\nHEAD is now at ffe3b55\nFinished.\nWaiting...\nLayer 10/15: ENV command\nWaiting...\n[12:50:31] DEBUG: Loading configuration\n[12:50:31] INFO: Request completed\nChecking out develop branch\n\u2713 Step 'build' succeeded\n=== Step lint completed ===\n=== Step: unit_tests ===\n[12:50:31] INFO: Starting build process\nUploading artifact 'build' (11 files)\npip: Installing build dependencies...\n\u2713 deploy completed\nTime: 2.768s\nnpm install: resolved 1328 packages\n[12:50:31] DEBUG: Memory usage: 220MB\npip install: Successfully installed jest-5.5\nCompiling utils/index.js...\nCompleted.\nnpm install: added 21 packages\nCompiling src/main.py...\nChecking out master branch\n[12:50:31] INFO: Starting build process\n\u2713 Task completed in 3289ms\nFetching submodules...\nConnection established\nWaiting...\n  PASS: e2e/test_user_create.spec.js\nLoading...\nOptimizing 30 modules...\nGenerating source maps...\nPlatform: win32-x64\npip install: Successfully installed lodash-3.0\nCompiling components/index.js...\nCreating production build...\n[12:50:31] INFO: Processing request\npip: Collecting express\nArtifact uploaded: build.tar.gz (48MB)\nStep 19/15: Testing\nOptimizing 44 modules...\nChecking out main branch\nGET /api - 200 (2ms)\nWARNING: jest has known vulnerabilities\nLayer 6/9: RUN command\n[12:50:31] DEBUG: Loading configuration\nDone.\n[12:50:31] INFO: Request completed\nInstalling eslint@5.11.2\nCompiling utils/index.js...\nCompiling utils/handler.rs...\nArtifact uploaded: dist.zip (87MB)\nOK\nWARNING: express has known vulnerabilities\nConnection established\nFAILED: test_user_create\nCache miss for key-5556\nRan 106 tests in 20s\nWARNING: eslint has known vulnerabilities\nBundling vendor.css\nStep 7/21: Testing\nStep 1/20: Building\nFetching from https://gcr.io/package.json\nCache restored successfully (264MB)\nTransforming 995 files...\nFAILED: test_db_connect\nCompiling lib/index.js...\n=== Step unit_tests completed ===\n=== Step: deploy_production ===\nImage pulled successfully\nnpm notice: package.json updated\nVerifying...\nCache hit for key-2596\n[12:50:31] INFO: Connecting to database\nStep 13/20: Deploying\nException: NullPointerException\nStep 16/23: Linting\n[12:50:31] INFO: Connecting to database\nStep 12/22: Deploying\nMinifying app.js\nFinished.\n[12:50:31] DEBUG: Connection pool: 17 active\nEnvironment: staging\n[12:50:31] INFO: Processing request\n\u26a0 DEPRECATION: Feature will be removed in v3.0\nLayer 3/13: ENV command\n[12:50:31] DEBUG: Loading configuration\nGenerating source maps...\nCompiling lib/utils.go...\nStep 9/15: Testing\nChecking out develop branch\nUsing Python 3.9\nSnapshots: 23 passed, 39 total\nCache hit for key-6436\nArtifact uploaded: dist.zip (2MB)\n[12:50:31] INFO: Starting build process\nPushing to registry...\n\u2713 All checks passed\nStep 13/23: Testing\nTest Suites: 15 passed, 9 total\nUsing Python 3.11\nCache restored successfully (88MB)\nUsing Node.js 14.15.3\n  PASS: test_auth_login (234ms)\nArtifact uploaded: build.tar.gz (16MB)\nDone.\nnpm install: added 403 packages\nSwitched to branch 'hotfix/task-970'\nHEAD is now at b4d63a6\n[12:50:31] WARN: Deprecated API usage\nConnection established\nException: TypeError\nArtifact uploaded: build.tar.gz (8MB)\nConnection established\n[12:50:31] INFO: Request completed\nTransforming 147 files...\nFetching from https://googleapis.com/package.json\nStep 7/18: Testing\n  PASS: unit/test_api_health.spec.js\nRan 195 tests in 28s\nOK\nPlatform: darwin-arm64\n\u2713 Step 'build' succeeded\n[12:50:31] WARN: Deprecated API usage\nPlatform: linux-x64\nHEAD is now at b1b9e1c\n=== Step deploy_production completed ===\n=== Step: build ===\nAlready up to date.\nPOST /data - 200 (402ms)\n[12:50:31] ERROR: Connection failed\nMinifying app.js\npip: Downloading jest-4.10.tar.gz\nCache miss for key-4077\nCompiling src/app.ts...\n  PASS: test_api_health (297ms)\n[12:50:31] INFO: Request completed\n\u2713 Step 'checkout' succeeded\nSuccess!\nFetching submodules...\nArtifact uploaded: build.tar.gz (31MB)\n\u26a0 DEPRECATION: Feature will be removed in v2.0\nWaiting...\nImage pulled successfully\nBuilding Docker image...\n[12:50:31] INFO: Request completed\n[12:50:31] INFO: Cache refreshed\nVerifying...\nProcessing...\nArtifact downloaded: 38MB\nCache miss for key-6084\npip install: Successfully installed prettier-2.15\nStep 5/19: Building\nPulling image: node:18\npip: Installing build dependencies...\npip: Collecting eslint\nCreating production build...\nSwitched to branch 'hotfix/task-426'\nReady.\nGET /api - 201 (59ms)\npip: Collecting react\nTLS handshake completed\nChecking out main branch\n[12:50:31] WARN: Deprecated API usage\n[12:50:31] DEBUG: Query executed in 50ms\nBuilding Docker image...\nPulling image: python:latest\nEnvironment: production\nUploading artifact 'build' (34 files)\nInstalling express@1.11.4\nStep 16/22: Deploying\nCompiling utils/handler.rs...\nWaiting...\nCache restored successfully (174MB)\nPulling image: python:3.11\nWaiting...\nOK\n\u2713 Step 'install' succeeded\nFAILED: test_user_create\nOptimizing 96 modules...\nWaiting...\nWARNING: lodash has known vulnerabilities\nCompiling lib/index.js...\nStep 1/25: Linting\nStep 17/16: Testing\n=== Step build completed ===\n=== Step: setup_environment ===\n\u26a0 DEPRECATION: Feature will be removed in v5.0\nCreating production build...\nPulling image: python:18\n[12:50:31] DEBUG: Memory usage: 1901MB\n[12:50:31] DEBUG: Memory usage: 486MB\nPulling image: python:latest\n[12:50:31] WARN: Deprecated API usage\nOK\nImage pulled successfully\nStep 14/24: Linting\nCache miss for key-2142\nTests: 358 passed, 170 total\nLayer 1/11: ENV command\nWARNING: prettier has known vulnerabilities\nSwitched to branch 'bugfix/task-477'\nDone.\nTests: 98 passed, 150 total\nPOST /api - 200 (49ms)\nBuilding Docker image...\nStep 4/19: Running migrations\nGET /status - 200 (23ms)\nTransforming 899 files...\nStep 12/20: Building\n\u2713 All checks passed\nPushing to registry...\nInstalling prettier@4.15.8\nSnapshots: 25 passed, 26 total\nStep 4/18: Linting\nInstalling lodash@2.16.6\n\u26a0 DEPRECATION: Feature will be removed in v2.0\nAlready up to date.\nFetching submodules...\nEnvironment: staging\nGenerating source maps...\npip install: Successfully installed express-3.20\npip install: Successfully installed eslint-1.7\n[12:50:31] INFO: Request completed\nCache saved successfully\nNODE_ENV=development\nMinifying main.js\nyarn add: Done in 9.93s\nCache saved successfully\nProcessing...\nWaiting...\nAlready up to date.\nCompiling lib/utils.go...\nFAILED: test_db_connect\nStep 19/23: Deploying\nArtifact downloaded: 4MB\nTest Suites: 12 passed, 44 total\nBundling runtime.css\n\u2713 All checks passed\nBundling main.js\nPlatform: darwin-arm64\nArtifact uploaded: build.tar.gz (22MB)\nArtifact uploaded: build.tar.gz (49MB)\nTest Suites: 21 passed, 28 total\n=== Step setup_environment completed ===\n=== Step: upload_artifacts ===\nSnapshots: 45 passed, 37 total\n\u26a0 DEPRECATION: Feature will be removed in v5.0\nSwitched to branch 'hotfix/task-307'\npip install: Successfully installed eslint-1.13\nCreating production build...\nStep 4/23: Deploying\nnpm install: resolved 245 packages\nCache miss for key-4265\n[12:50:31] DEBUG: Connection pool: 7 active\nProcessing...\n[12:50:31] INFO: Connecting to database\nStep 19/23: Deploying\nImage pulled successfully\nnpm notice: package.json updated\nEnvironment: test\nSuccess!\nRan 193 tests in 31s\nReady.\n\u26a0 DEPRECATION: Feature will be removed in v3.0\nStep 11/15: Installing dependencies\n\u2713 Task completed in 2717ms\nTime: 50.606s\nBuilding Docker image...\nTests: 114 passed, 312 total\nTest Suites: 33 passed, 50 total\n[12:50:31] INFO: Request completed\nOptimizing 47 modules...\nCompiling components/handler.rs...\nEnvironment: production\nHEAD is now at 5ed5b7d\nCache hit for key-9952\nSnapshots: 12 passed, 36 total\nStep 16/17: Testing\nBundling runtime.css\n[12:50:31] INFO: Cache refreshed\nMinifying app.js\nInstalling webpack@2.3.1\nPlatform: win32-x64\nUploading artifact 'build' (23 files)\nnpm install: added 341 packages\nGenerating source maps...\nOK\nCompleted.\nCache saved successfully\nTransforming 569 files...\npip: Collecting prettier\nUsing Node.js 17.16.2\n[12:50:31] DEBUG: Loading configuration\npip: Downloading react-2.4.tar.gz\nWARNING: express has known vulnerabilities\n  PASS: e2e/test_cache_hit.spec.js\nFetching from https://npmjs.org/package.json\npip: Installing build dependencies...\nSuccess!\nStep 20/20: Deploying\n[12:50:31] INFO: Processing request\nTransforming 177 files...\n=== Step upload_artifacts completed ===\n=== Step: setup_node ===\nSuccess!\nInstalling webpack@3.3.6\nUsing Node.js 20.3.3\nRan 45 tests in 36s\nStep 19/17: Linting\n\u2713 test completed\nFetching submodules...\nBundling runtime.css\nCache miss for key-6372\nUsing Node.js 18.2.6\nCompiling components/service.java...\nCompiling components/utils.go...\nCoverage: 75% statements, 96% branches\n[12:50:31] WARN: Deprecated API usage\nnpm install: added 87 packages\nFetching from https://github.com/package.json\nTest Suites: 6 passed, 25 total\nCache restored successfully (46MB)\n  PASS: integration/test_cache_hit.spec.js\nEnvironment: production\nTime: 87.148s\nReady.\nCache saved successfully\nCache miss for key-7886\nCompiling src/index.js...\nStep 3/17: Testing\nTests: 214 passed, 80 total\nStep 2/18: Installing dependencies\nUsing Python 3.12\nnpm install: added 16 packages\nWARNING: jest has known vulnerabilities\nFinished.\nStep 3/16: Deploying\nCreating production build...\nException: NullPointerException\nProcessing...\n[12:50:31] WARN: Deprecated API usage\nCache restored successfully (64MB)\nTLS handshake completed\nArtifact uploaded: dist.zip (83MB)\nCache miss for key-4199\nBundling runtime.css\n[12:50:31] DEBUG: Connection pool: 12 active\nInstalling express@1.12.9\n[12:50:31] INFO: Starting build process\nCompiling components/app.ts...\nPOST /data - 201 (55ms)\npip: Downloading jest-4.18.tar.gz\nCompiling lib/index.js...\nCreating production build...\nPushing to registry...\n  PASS: test_user_create (293ms)\n[12:50:31] DEBUG: Query executed in 98ms\nStep 18/22: Building\nHEAD is now at e1cb4e3\nyarn add: Done in 3.1s\nConnection established\n=== Step setup_node completed ===\n=== Step: integration_tests ===\nSuccess!\nStep 6/18: Running migrations\n[12:50:31] WARN: Deprecated API usage\nUploading artifact 'coverage' (37 files)\nPushing to registry...\n[12:50:31] DEBUG: Loading configuration\n\u2713 Step 'build' succeeded\nyarn add: Done in 20.4s\n[12:50:31] INFO: Connecting to database\n[12:50:31] DEBUG: Initializing service\nCache restored successfully (409MB)\nCache saved successfully\nPOST /data - 201 (376ms)\nStep 13/16: Building\nAlready up to date.\nEnvironment: staging\nUploading artifact 'coverage' (6 files)\nBundling runtime.js\nCompiling utils/main.py...\npip: Installing build dependencies...\n[12:50:31] DEBUG: Initializing service\nCache miss for key-2267\nInstalling prettier@2.0.9\n\u2713 All checks passed\n[12:50:31] INFO: Request completed\nBuilding Docker image...\n\u2713 Task completed in 3063ms\n[12:50:31] DEBUG: Initializing service\nPushing to registry...\nStep 17/24: Building\nCompleted.\nDone.\n\u2717 build failed with exit code 107\nConnection established\n[12:50:31] DEBUG: Query executed in 39ms\nTests: 441 passed, 102 total\nPushing to registry...\nCompiling components/service.java...\n[12:50:31] WARN: Deprecated API usage\nTLS handshake completed\nnpm install: added 38 packages\nArtifact uploaded: dist.zip (58MB)\nSuccess!\n[12:50:31] ERROR: Connection failed\nChecking out main branch\n[12:50:31] DEBUG: Memory usage: 1489MB\n\u2713 Task completed in 576ms\n\u2717 build failed with exit code 44\nArtifact uploaded: build.tar.gz (7MB)\nnpm install: added 291 packages\nPOST /data - 200 (88ms)\npip: Installing build dependencies...\n  PASS: integration/test_api_health.spec.js\nCompiling components/utils.go...\nCompiling components/index.js...\nEnvironment: staging\nImage pulled successfully\n=== Step integration_tests completed ===\n=== Step: restore_cache ===\nCompiling components/app.ts...\n[12:50:31] DEBUG: Connection pool: 8 active\nUsing Node.js 18.1.5\n  PASS: integration/test_user_create.spec.js\nCompiling src/utils.go...\nCompiling lib/utils.go...\nnpm install: added 283 packages\nTime: 4.569s\n\u26a0 DEPRECATION: Feature will be removed in v2.0\n[12:50:31] DEBUG: Query executed in 6ms\nCompiling utils/service.java...\n[12:50:31] WARN: Deprecated API usage\nTLS handshake completed\nTests: 273 passed, 330 total\nStep 2/18: Deploying\nTime: 9.719s\nnpm notice: package.json updated\nStep 7/21: Testing\nUsing Python 3.9\nCompiling src/handler.rs...\nBuilding Docker image...\nWARNING: prettier has known vulnerabilities\nBundling styles.css\nArtifact downloaded: 38MB\nBundling styles.css\n\u2713 Step 'install' succeeded\nPushing to registry...\nFetching from https://pypi.org/package.json\n\u2717 build failed with exit code 16\npip: Downloading axios-3.3.tar.gz\n\u26a0 DEPRECATION: Feature will be removed in v4.0\n\u2717 build failed with exit code 20\nFetching from https://github.com/package.json\nSwitched to branch 'feature/task-377'\nFetching from https://registry.npmjs.org/package.json\nArtifact uploaded: dist.zip (24MB)\nPlatform: darwin-arm64\nCompiling src/main.py...\n[12:50:31] INFO: Connecting to database\nException: ValueError\nnpm install: added 263 packages\nCompiling utils/app.ts...\n\u2713 deploy completed\nGET /api - 204 (93ms)\nUsing Node.js 15.12.1\nStep 7/22: Deploying\nFAILED: test_api_health\nStep 6/16: Installing dependencies\nStep 5/18: Running migrations\n[12:50:31] DEBUG: Initializing service\nStep 14/19: Linting\nProcessing...\npip: Downloading webpack-5.13.tar.gz\nArtifact downloaded: 32MB\nWARNING: prettier has known vulnerabilities\n\u26a0 DEPRECATION: Feature will be removed in v5.0\nSuccess!\n=== Step restore_cache completed ===",
    "steps": [
      {
        "name": "type_check",
        "status": "success",
        "started_at": "2025-12-03T12:50:31.088142",
        "finished_at": "2025-12-03T12:50:36.377290",
        "log_lines": [
          "=== Step: type_check ===",
          "  PASS: e2e/test_user_create.spec.js",
          "Processing...",
          "Exception: NullPointerException",
          "Artifact uploaded: dist.zip (35MB)",
          "Building Docker image...",
          "Artifact downloaded: 41MB",
          "Compiling utils/main.py...",
          "Checking out master branch",
          "Step 2/22: Running migrations",
          "Compiling lib/utils.go...",
          "Bundling styles.css",
          "TLS handshake completed",
          "Step 20/15: Deploying",
          "Cache saved successfully",
          "Environment: staging",
          "Platform: linux-x64",
          "Step 16/23: Testing",
          "Bundling runtime.js",
          "Test Suites: 29 passed, 15 total",
          "Verifying...",
          "Cache invalidated: node_modules",
          "Verifying...",
          "[12:50:31] WARN: Deprecated API usage",
          "[12:50:31] INFO: Starting build process",
          "Bundling vendor.css",
          "Building Docker image...",
          "Platform: darwin-arm64",
          "  PASS: unit/test_api_health.spec.js",
          "Uploading artifact 'coverage' (40 files)",
          "Ready.",
          "Compiling utils/service.java...",
          "POST /data - 202 (221ms)",
          "Ran 39 tests in 32s",
          "Tests: 373 passed, 106 total",
          "Fetching submodules...",
          "Compiling src/main.py...",
          "OK",
          "pip: Collecting prettier",
          "npm install: resolved 1436 packages",
          "[12:50:31] INFO: Processing request",
          "WARNING: express has known vulnerabilities",
          "Step 6/17: Building",
          "Step 4/16: Deploying",
          "Step 12/18: Running migrations",
          "Using Python 3.10",
          "Creating production build...",
          "pip install: Successfully installed lodash-1.8",
          "Environment: test",
          "\u2713 validate completed",
          "[12:50:31] ERROR: Connection failed",
          "Connection established",
          "Pulling image: node:3.11",
          "HEAD is now at 7a65fca",
          "[12:50:31] INFO: Starting build process",
          "Compiling lib/service.java...",
          "  PASS: unit/test_db_connect.spec.js",
          "[12:50:31] WARN: Deprecated API usage",
          "=== Step type_check completed ==="
        ]
      },
      {
        "name": "deploy_staging",
        "status": "success",
        "started_at": "2025-12-03T12:50:36.377290",
        "finished_at": "2025-12-03T12:50:41.666438",
        "log_lines": [
          "=== Step: deploy_staging ===",
          "Tests: 213 passed, 190 total",
          "Already up to date.",
          "[12:50:31] DEBUG: Initializing service",
          "Ready.",
          "Step 17/25: Building",
          "Step 3/20: Running migrations",
          "Success!",
          "Step 3/23: Installing dependencies",
          "[12:50:31] WARN: Deprecated API usage",
          "\u26a0 DEPRECATION: Feature will be removed in v2.0",
          "Cache miss for key-6912",
          "Fetching submodules...",
          "WARNING: webpack has known vulnerabilities",
          "[12:50:31] INFO: Starting build process",
          "pip: Downloading lodash-1.5.tar.gz",
          "[12:50:31] WARN: Deprecated API usage",
          "Step 6/15: Testing",
          "\u26a0 DEPRECATION: Feature will be removed in v5.0",
          "[12:50:31] WARN: Deprecated API usage",
          "Ready.",
          "Fetching from https://pypi.org/package.json",
          "Artifact uploaded: dist.zip (79MB)",
          "Switched to branch 'bugfix/task-968'",
          "[12:50:31] DEBUG: Memory usage: 849MB",
          "Verifying...",
          "Step 8/20: Deploying",
          "Test Suites: 46 passed, 43 total",
          "Exception: TypeError",
          "\u2713 Step 'setup' succeeded",
          "Cache invalidated: dependencies",
          "Cache restored successfully (455MB)",
          "Compiling lib/index.js...",
          "Tests: 106 passed, 347 total",
          "Compiling components/service.java...",
          "[12:50:31] DEBUG: Initializing service",
          "Step 2/20: Installing dependencies",
          "Processing...",
          "[12:50:31] WARN: Deprecated API usage",
          "TLS handshake completed",
          "npm install: added 22 packages",
          "  PASS: e2e/test_api_health.spec.js",
          "Verifying...",
          "Switched to branch 'hotfix/task-237'",
          "npm notice: package.json updated",
          "Cache miss for key-3960",
          "WARNING: lodash has known vulnerabilities",
          "Tests: 343 passed, 362 total",
          "[12:50:31] WARN: Deprecated API usage",
          "Step 3/15: Building",
          "Coverage: 92% statements, 89% branches",
          "[12:50:31] ERROR: Connection failed",
          "Generating source maps...",
          "Ready.",
          "[12:50:31] INFO: Cache refreshed",
          "Cache saved successfully",
          "Ready.",
          "Installing axios@5.10.10",
          "=== Step deploy_staging completed ==="
        ]
      },
      {
        "name": "save_cache",
        "status": "success",
        "started_at": "2025-12-03T12:50:41.666438",
        "finished_at": "2025-12-03T12:50:44.839927",
        "log_lines": [
          "=== Step: save_cache ===",
          "[12:50:31] INFO: Processing request",
          "[12:50:31] DEBUG: Memory usage: 572MB",
          "npm notice: package.json updated",
          "Time: 118.307s",
          "[12:50:31] INFO: Processing request",
          "Cache restored successfully (457MB)",
          "pip: Downloading eslint-1.15.tar.gz",
          "Step 3/25: Installing dependencies",
          "Verifying...",
          "TLS handshake completed",
          "pip: Installing build dependencies...",
          "npm notice: created a lockfile",
          "  PASS: test_db_connect (95ms)",
          "Pushing to registry...",
          "Step 15/15: Running migrations",
          "GET /status - 201 (61ms)",
          "Snapshots: 29 passed, 46 total",
          "yarn add: Done in 11.64s",
          "pip install: Successfully installed express-1.8",
          "Fetching submodules...",
          "WARNING: react has known vulnerabilities",
          "npm notice: package.json updated",
          "Cache restored successfully (316MB)",
          "Cache restored successfully (317MB)",
          "  PASS: test_auth_login (202ms)",
          "npm notice: created a lockfile",
          "Fetching from https://githubusercontent.com/package.json",
          "Step 4/15: Installing dependencies",
          "Coverage: 83% statements, 80% branches",
          "Creating production build...",
          "\u2717 build failed with exit code 74",
          "[12:50:31] INFO: Starting build process",
          "  PASS: integration/test_cache_hit.spec.js",
          "Success!",
          "Switched to branch 'bugfix/task-786'",
          "Waiting...",
          "Compiling lib/utils.go...",
          "pip: Collecting lodash",
          "npm notice: package.json updated",
          "Tests: 194 passed, 366 total",
          "Step 1/23: Deploying",
          "[12:50:31] DEBUG: Query executed in 62ms",
          "Finished.",
          "Pushing to registry...",
          "[12:50:31] INFO: Starting build process",
          "Compiling lib/utils.go...",
          "Exception: TypeError",
          "Image pulled successfully",
          "Environment: production",
          "Building Docker image...",
          "[12:50:31] INFO: Connecting to database",
          "Waiting...",
          "GET /health - 200 (88ms)",
          "Pulling image: node:latest",
          "\u2713 test completed",
          "Cache hit for key-1053",
          "[12:50:31] INFO: Cache refreshed",
          "=== Step save_cache completed ==="
        ]
      },
      {
        "name": "checkout",
        "status": "success",
        "started_at": "2025-12-03T12:50:44.839927",
        "finished_at": "2025-12-03T12:50:46.955586",
        "log_lines": [
          "=== Step: checkout ===",
          "WARNING: prettier has known vulnerabilities",
          "npm install: resolved 709 packages",
          "Checking out main branch",
          "Platform: darwin-arm64",
          "yarn add: Done in 8.89s",
          "\u2713 All checks passed",
          "NODE_ENV=test",
          "Fetching from https://githubusercontent.com/package.json",
          "Finished.",
          "Step 10/25: Installing dependencies",
          "[12:50:31] INFO: Request completed",
          "Using Python 3.9",
          "Success!",
          "Step 6/22: Installing dependencies",
          "Installing jest@4.11.10",
          "NODE_ENV=production",
          "\u2713 Task completed in 4035ms",
          "Uploading artifact 'build' (10 files)",
          "Connection established",
          "Installing react@1.17.6",
          "Time: 57.963s",
          "Cache restored successfully (180MB)",
          "[12:50:31] DEBUG: Connection pool: 20 active",
          "Ran 13 tests in 17s",
          "Minifying app.js",
          "Platform: darwin-arm64",
          "Compiling components/index.js...",
          "[12:50:31] WARN: Deprecated API usage",
          "Image pulled successfully",
          "Artifact downloaded: 46MB",
          "yarn add: Done in 26.87s",
          "[12:50:31] INFO: Request completed",
          "pip install: Successfully installed webpack-1.4",
          "\u2713 All checks passed",
          "[12:50:31] WARN: Deprecated API usage",
          "POST /api - 201 (494ms)",
          "Connection established",
          "Compiling lib/handler.rs...",
          "[12:50:31] WARN: Deprecated API usage",
          "Installing webpack@3.4.6",
          "Verifying...",
          "Image pulled successfully",
          "Compiling components/main.py...",
          "[12:50:31] DEBUG: Connection pool: 12 active",
          "Test Suites: 21 passed, 42 total",
          "[12:50:31] INFO: Cache refreshed",
          "\u2713 package completed",
          "OK",
          "Checking out develop branch",
          "[12:50:31] DEBUG: Connection pool: 11 active",
          "Switched to branch 'bugfix/task-516'",
          "Already up to date.",
          "Verifying...",
          "Compiling utils/app.ts...",
          "Step 7/23: Deploying",
          "Creating production build...",
          "Step 17/19: Testing",
          "=== Step checkout completed ==="
        ]
      },
      {
        "name": "install_dependencies",
        "status": "success",
        "started_at": "2025-12-03T12:50:46.955586",
        "finished_at": "2025-12-03T12:51:02.823030",
        "log_lines": [
          "=== Step: install_dependencies ===",
          "Pushing to registry...",
          "TLS handshake completed",
          "Cache miss for key-5621",
          "Artifact downloaded: 30MB",
          "Step 8/17: Running migrations",
          "[12:50:31] WARN: Deprecated API usage",
          "Step 16/25: Building",
          "Step 16/22: Running migrations",
          "[12:50:31] WARN: Deprecated API usage",
          "Loading...",
          "pip install: Successfully installed eslint-2.6",
          "Image pulled successfully",
          "Test Suites: 27 passed, 33 total",
          "[12:50:31] WARN: Deprecated API usage",
          "POST /data - 201 (311ms)",
          "[12:50:31] DEBUG: Memory usage: 214MB",
          "[12:50:31] INFO: Processing request",
          "NODE_ENV=test",
          "Compiling lib/main.py...",
          "Step 10/19: Testing",
          "Platform: linux-x64",
          "Compiling components/handler.rs...",
          "pip: Downloading express-2.12.tar.gz",
          "\u2713 package completed",
          "Cache saved successfully",
          "Snapshots: 7 passed, 15 total",
          "Switched to branch 'bugfix/task-741'",
          "Generating source maps...",
          "\u2717 build failed with exit code 112",
          "Compiling utils/service.java...",
          "Pulling image: alpine:18",
          "Compiling src/main.py...",
          "pip: Downloading axios-2.13.tar.gz",
          "Ran 143 tests in 60s",
          "Test Suites: 22 passed, 16 total",
          "\u2713 All checks passed",
          "Step 18/17: Deploying",
          "Already up to date.",
          "Using Node.js 14.3.2",
          "WARNING: lodash has known vulnerabilities",
          "Processing...",
          "Coverage: 97% statements, 63% branches",
          "Artifact uploaded: dist.zip (31MB)",
          "Compiling utils/service.java...",
          "Verifying...",
          "\u26a0 DEPRECATION: Feature will be removed in v5.0",
          "[12:50:31] WARN: Deprecated API usage",
          "Uploading artifact 'coverage' (2 files)",
          "Success!",
          "[12:50:31] WARN: Deprecated API usage",
          "[12:50:31] INFO: Processing request",
          "Finished.",
          "Snapshots: 37 passed, 11 total",
          "Artifact uploaded: build.tar.gz (9MB)",
          "Cache hit for key-3004",
          "POST /data - 201 (295ms)",
          "Checking out main branch",
          "=== Step install_dependencies completed ==="
        ]
      },
      {
        "name": "e2e_tests",
        "status": "success",
        "started_at": "2025-12-03T12:51:02.823030",
        "finished_at": "2025-12-03T12:51:08.112178",
        "log_lines": [
          "=== Step: e2e_tests ===",
          "\u26a0 DEPRECATION: Feature will be removed in v2.0",
          "Building Docker image...",
          "Done.",
          "Using Node.js 17.13.7",
          "Environment: development",
          "Layer 3/10: ENV command",
          "TLS handshake completed",
          "Processing...",
          "Cache invalidated: dependencies",
          "Completed.",
          "Platform: linux-x64",
          "GET /health - 200 (27ms)",
          "pip: Installing build dependencies...",
          "Fetching from https://npmjs.org/package.json",
          "WARNING: express has known vulnerabilities",
          "Transforming 854 files...",
          "OK",
          "Switched to branch 'feature/task-744'",
          "Artifact uploaded: dist.zip (13MB)",
          "\u2713 Step 'test' succeeded",
          "Processing...",
          "Step 20/16: Linting",
          "[12:50:31] INFO: Processing request",
          "[12:50:31] ERROR: Connection failed",
          "Optimizing 65 modules...",
          "NODE_ENV=test",
          "Success!",
          "[12:50:31] DEBUG: Initializing service",
          "pip: Downloading jest-5.14.tar.gz",
          "Time: 76.889s",
          "Creating production build...",
          "Generating source maps...",
          "Finished.",
          "[12:50:31] DEBUG: Loading configuration",
          "Artifact uploaded: dist.zip (13MB)",
          "HEAD is now at faac882",
          "Ready.",
          "pip install: Successfully installed axios-5.11",
          "[12:50:31] WARN: Deprecated API usage",
          "[12:50:31] WARN: Deprecated API usage",
          "  PASS: e2e/test_api_health.spec.js",
          "Cache restored successfully (309MB)",
          "Cache saved successfully",
          "Processing...",
          "[12:50:31] ERROR: Connection failed",
          "Optimizing 95 modules...",
          "pip install: Successfully installed axios-5.14",
          "Compiling src/utils.go...",
          "OK",
          "\u2713 Step 'install' succeeded",
          "Ready.",
          "npm notice: created a lockfile",
          "Processing...",
          "Switched to branch 'hotfix/task-129'",
          "Cache miss for key-8260",
          "Installing axios@4.20.5",
          "Cache restored successfully (492MB)",
          "=== Step e2e_tests completed ==="
        ]
      },
      {
        "name": "lint",
        "status": "success",
        "started_at": "2025-12-03T12:51:08.112178",
        "finished_at": "2025-12-03T12:51:13.401326",
        "log_lines": [
          "=== Step: lint ===",
          "Loading...",
          "\u2713 Task completed in 2287ms",
          "Step 4/22: Building",
          "yarn add: Done in 20.13s",
          "yarn add: Done in 7.0s",
          "Compiling lib/app.ts...",
          "Cache miss for key-1224",
          "Finished.",
          "Fetching submodules...",
          "WARNING: eslint has known vulnerabilities",
          "Compiling utils/main.py...",
          "  PASS: test_cache_hit (412ms)",
          "Creating production build...",
          "FAILED: test_db_connect",
          "Checking out main branch",
          "Pushing to registry...",
          "npm install: resolved 1886 packages",
          "Using Python 3.10",
          "\u2713 Step 'setup' succeeded",
          "Bundling vendor.js",
          "Fetching submodules...",
          "Uploading artifact 'build' (10 files)",
          "Step 6/19: Linting",
          "Cache hit for key-6504",
          "Done.",
          "[12:50:31] WARN: Deprecated API usage",
          "yarn add: Done in 10.71s",
          "Compiling components/service.java...",
          "Cache restored successfully (462MB)",
          "Cache restored successfully (77MB)",
          "npm notice: created a lockfile",
          "Tests: 166 passed, 245 total",
          "[12:50:31] INFO: Request completed",
          "Layer 1/14: RUN command",
          "\u2713 lint completed",
          "Step 1/22: Running migrations",
          "Minifying app.js",
          "[12:50:31] DEBUG: Memory usage: 164MB",
          "Platform: linux-x64",
          "Artifact uploaded: dist.zip (64MB)",
          "yarn add: Done in 22.10s",
          "Platform: win32-x64",
          "pip install: Successfully installed lodash-4.15",
          "[12:50:31] DEBUG: Memory usage: 595MB",
          "Completed.",
          "Cache saved successfully",
          "Fetching from https://docker.io/package.json",
          "Installing jest@3.12.3",
          "HEAD is now at ffe3b55",
          "Finished.",
          "Waiting...",
          "Layer 10/15: ENV command",
          "Waiting...",
          "[12:50:31] DEBUG: Loading configuration",
          "[12:50:31] INFO: Request completed",
          "Checking out develop branch",
          "\u2713 Step 'build' succeeded",
          "=== Step lint completed ==="
        ]
      },
      {
        "name": "unit_tests",
        "status": "success",
        "started_at": "2025-12-03T12:51:13.401326",
        "finished_at": "2025-12-03T12:51:29.268770",
        "log_lines": [
          "=== Step: unit_tests ===",
          "[12:50:31] INFO: Starting build process",
          "Uploading artifact 'build' (11 files)",
          "pip: Installing build dependencies...",
          "\u2713 deploy completed",
          "Time: 2.768s",
          "npm install: resolved 1328 packages",
          "[12:50:31] DEBUG: Memory usage: 220MB",
          "pip install: Successfully installed jest-5.5",
          "Compiling utils/index.js...",
          "Completed.",
          "npm install: added 21 packages",
          "Compiling src/main.py...",
          "Checking out master branch",
          "[12:50:31] INFO: Starting build process",
          "\u2713 Task completed in 3289ms",
          "Fetching submodules...",
          "Connection established",
          "Waiting...",
          "  PASS: e2e/test_user_create.spec.js",
          "Loading...",
          "Optimizing 30 modules...",
          "Generating source maps...",
          "Platform: win32-x64",
          "pip install: Successfully installed lodash-3.0",
          "Compiling components/index.js...",
          "Creating production build...",
          "[12:50:31] INFO: Processing request",
          "pip: Collecting express",
          "Artifact uploaded: build.tar.gz (48MB)",
          "Step 19/15: Testing",
          "Optimizing 44 modules...",
          "Checking out main branch",
          "GET /api - 200 (2ms)",
          "WARNING: jest has known vulnerabilities",
          "Layer 6/9: RUN command",
          "[12:50:31] DEBUG: Loading configuration",
          "Done.",
          "[12:50:31] INFO: Request completed",
          "Installing eslint@5.11.2",
          "Compiling utils/index.js...",
          "Compiling utils/handler.rs...",
          "Artifact uploaded: dist.zip (87MB)",
          "OK",
          "WARNING: express has known vulnerabilities",
          "Connection established",
          "FAILED: test_user_create",
          "Cache miss for key-5556",
          "Ran 106 tests in 20s",
          "WARNING: eslint has known vulnerabilities",
          "Bundling vendor.css",
          "Step 7/21: Testing",
          "Step 1/20: Building",
          "Fetching from https://gcr.io/package.json",
          "Cache restored successfully (264MB)",
          "Transforming 995 files...",
          "FAILED: test_db_connect",
          "Compiling lib/index.js...",
          "=== Step unit_tests completed ==="
        ]
      },
      {
        "name": "deploy_production",
        "status": "success",
        "started_at": "2025-12-03T12:51:29.268770",
        "finished_at": "2025-12-03T12:51:31.384429",
        "log_lines": [
          "=== Step: deploy_production ===",
          "Image pulled successfully",
          "npm notice: package.json updated",
          "Verifying...",
          "Cache hit for key-2596",
          "[12:50:31] INFO: Connecting to database",
          "Step 13/20: Deploying",
          "Exception: NullPointerException",
          "Step 16/23: Linting",
          "[12:50:31] INFO: Connecting to database",
          "Step 12/22: Deploying",
          "Minifying app.js",
          "Finished.",
          "[12:50:31] DEBUG: Connection pool: 17 active",
          "Environment: staging",
          "[12:50:31] INFO: Processing request",
          "\u26a0 DEPRECATION: Feature will be removed in v3.0",
          "Layer 3/13: ENV command",
          "[12:50:31] DEBUG: Loading configuration",
          "Generating source maps...",
          "Compiling lib/utils.go...",
          "Step 9/15: Testing",
          "Checking out develop branch",
          "Using Python 3.9",
          "Snapshots: 23 passed, 39 total",
          "Cache hit for key-6436",
          "Artifact uploaded: dist.zip (2MB)",
          "[12:50:31] INFO: Starting build process",
          "Pushing to registry...",
          "\u2713 All checks passed",
          "Step 13/23: Testing",
          "Test Suites: 15 passed, 9 total",
          "Using Python 3.11",
          "Cache restored successfully (88MB)",
          "Using Node.js 14.15.3",
          "  PASS: test_auth_login (234ms)",
          "Artifact uploaded: build.tar.gz (16MB)",
          "Done.",
          "npm install: added 403 packages",
          "Switched to branch 'hotfix/task-970'",
          "HEAD is now at b4d63a6",
          "[12:50:31] WARN: Deprecated API usage",
          "Connection established",
          "Exception: TypeError",
          "Artifact uploaded: build.tar.gz (8MB)",
          "Connection established",
          "[12:50:31] INFO: Request completed",
          "Transforming 147 files...",
          "Fetching from https://googleapis.com/package.json",
          "Step 7/18: Testing",
          "  PASS: unit/test_api_health.spec.js",
          "Ran 195 tests in 28s",
          "OK",
          "Platform: darwin-arm64",
          "\u2713 Step 'build' succeeded",
          "[12:50:31] WARN: Deprecated API usage",
          "Platform: linux-x64",
          "HEAD is now at b1b9e1c",
          "=== Step deploy_production completed ==="
        ]
      },
      {
        "name": "build",
        "status": "success",
        "started_at": "2025-12-03T12:51:31.384429",
        "finished_at": "2025-12-03T12:51:47.251873",
        "log_lines": [
          "=== Step: build ===",
          "Already up to date.",
          "POST /data - 200 (402ms)",
          "[12:50:31] ERROR: Connection failed",
          "Minifying app.js",
          "pip: Downloading jest-4.10.tar.gz",
          "Cache miss for key-4077",
          "Compiling src/app.ts...",
          "  PASS: test_api_health (297ms)",
          "[12:50:31] INFO: Request completed",
          "\u2713 Step 'checkout' succeeded",
          "Success!",
          "Fetching submodules...",
          "Artifact uploaded: build.tar.gz (31MB)",
          "\u26a0 DEPRECATION: Feature will be removed in v2.0",
          "Waiting...",
          "Image pulled successfully",
          "Building Docker image...",
          "[12:50:31] INFO: Request completed",
          "[12:50:31] INFO: Cache refreshed",
          "Verifying...",
          "Processing...",
          "Artifact downloaded: 38MB",
          "Cache miss for key-6084",
          "pip install: Successfully installed prettier-2.15",
          "Step 5/19: Building",
          "Pulling image: node:18",
          "pip: Installing build dependencies...",
          "pip: Collecting eslint",
          "Creating production build...",
          "Switched to branch 'hotfix/task-426'",
          "Ready.",
          "GET /api - 201 (59ms)",
          "pip: Collecting react",
          "TLS handshake completed",
          "Checking out main branch",
          "[12:50:31] WARN: Deprecated API usage",
          "[12:50:31] DEBUG: Query executed in 50ms",
          "Building Docker image...",
          "Pulling image: python:latest",
          "Environment: production",
          "Uploading artifact 'build' (34 files)",
          "Installing express@1.11.4",
          "Step 16/22: Deploying",
          "Compiling utils/handler.rs...",
          "Waiting...",
          "Cache restored successfully (174MB)",
          "Pulling image: python:3.11",
          "Waiting...",
          "OK",
          "\u2713 Step 'install' succeeded",
          "FAILED: test_user_create",
          "Optimizing 96 modules...",
          "Waiting...",
          "WARNING: lodash has known vulnerabilities",
          "Compiling lib/index.js...",
          "Step 1/25: Linting",
          "Step 17/16: Testing",
          "=== Step build completed ==="
        ]
      },
      {
        "name": "setup_environment",
        "status": "success",
        "started_at": "2025-12-03T12:51:47.251873",
        "finished_at": "2025-12-03T12:51:52.541021",
        "log_lines": [
          "=== Step: setup_environment ===",
          "\u26a0 DEPRECATION: Feature will be removed in v5.0",
          "Creating production build...",
          "Pulling image: python:18",
          "[12:50:31] DEBUG: Memory usage: 1901MB",
          "[12:50:31] DEBUG: Memory usage: 486MB",
          "Pulling image: python:latest",
          "[12:50:31] WARN: Deprecated API usage",
          "OK",
          "Image pulled successfully",
          "Step 14/24: Linting",
          "Cache miss for key-2142",
          "Tests: 358 passed, 170 total",
          "Layer 1/11: ENV command",
          "WARNING: prettier has known vulnerabilities",
          "Switched to branch 'bugfix/task-477'",
          "Done.",
          "Tests: 98 passed, 150 total",
          "POST /api - 200 (49ms)",
          "Building Docker image...",
          "Step 4/19: Running migrations",
          "GET /status - 200 (23ms)",
          "Transforming 899 files...",
          "Step 12/20: Building",
          "\u2713 All checks passed",
          "Pushing to registry...",
          "Installing prettier@4.15.8",
          "Snapshots: 25 passed, 26 total",
          "Step 4/18: Linting",
          "Installing lodash@2.16.6",
          "\u26a0 DEPRECATION: Feature will be removed in v2.0",
          "Already up to date.",
          "Fetching submodules...",
          "Environment: staging",
          "Generating source maps...",
          "pip install: Successfully installed express-3.20",
          "pip install: Successfully installed eslint-1.7",
          "[12:50:31] INFO: Request completed",
          "Cache saved successfully",
          "NODE_ENV=development",
          "Minifying main.js",
          "yarn add: Done in 9.93s",
          "Cache saved successfully",
          "Processing...",
          "Waiting...",
          "Already up to date.",
          "Compiling lib/utils.go...",
          "FAILED: test_db_connect",
          "Step 19/23: Deploying",
          "Artifact downloaded: 4MB",
          "Test Suites: 12 passed, 44 total",
          "Bundling runtime.css",
          "\u2713 All checks passed",
          "Bundling main.js",
          "Platform: darwin-arm64",
          "Artifact uploaded: build.tar.gz (22MB)",
          "Artifact uploaded: build.tar.gz (49MB)",
          "Test Suites: 21 passed, 28 total",
          "=== Step setup_environment completed ==="
        ]
      },
      {
        "name": "upload_artifacts",
        "status": "success",
        "started_at": "2025-12-03T12:51:52.541021",
        "finished_at": "2025-12-03T12:51:57.830169",
        "log_lines": [
          "=== Step: upload_artifacts ===",
          "Snapshots: 45 passed, 37 total",
          "\u26a0 DEPRECATION: Feature will be removed in v5.0",
          "Switched to branch 'hotfix/task-307'",
          "pip install: Successfully installed eslint-1.13",
          "Creating production build...",
          "Step 4/23: Deploying",
          "npm install: resolved 245 packages",
          "Cache miss for key-4265",
          "[12:50:31] DEBUG: Connection pool: 7 active",
          "Processing...",
          "[12:50:31] INFO: Connecting to database",
          "Step 19/23: Deploying",
          "Image pulled successfully",
          "npm notice: package.json updated",
          "Environment: test",
          "Success!",
          "Ran 193 tests in 31s",
          "Ready.",
          "\u26a0 DEPRECATION: Feature will be removed in v3.0",
          "Step 11/15: Installing dependencies",
          "\u2713 Task completed in 2717ms",
          "Time: 50.606s",
          "Building Docker image...",
          "Tests: 114 passed, 312 total",
          "Test Suites: 33 passed, 50 total",
          "[12:50:31] INFO: Request completed",
          "Optimizing 47 modules...",
          "Compiling components/handler.rs...",
          "Environment: production",
          "HEAD is now at 5ed5b7d",
          "Cache hit for key-9952",
          "Snapshots: 12 passed, 36 total",
          "Step 16/17: Testing",
          "Bundling runtime.css",
          "[12:50:31] INFO: Cache refreshed",
          "Minifying app.js",
          "Installing webpack@2.3.1",
          "Platform: win32-x64",
          "Uploading artifact 'build' (23 files)",
          "npm install: added 341 packages",
          "Generating source maps...",
          "OK",
          "Completed.",
          "Cache saved successfully",
          "Transforming 569 files...",
          "pip: Collecting prettier",
          "Using Node.js 17.16.2",
          "[12:50:31] DEBUG: Loading configuration",
          "pip: Downloading react-2.4.tar.gz",
          "WARNING: express has known vulnerabilities",
          "  PASS: e2e/test_cache_hit.spec.js",
          "Fetching from https://npmjs.org/package.json",
          "pip: Installing build dependencies...",
          "Success!",
          "Step 20/20: Deploying",
          "[12:50:31] INFO: Processing request",
          "Transforming 177 files...",
          "=== Step upload_artifacts completed ==="
        ]
      },
      {
        "name": "setup_node",
        "status": "success",
        "started_at": "2025-12-03T12:51:57.830169",
        "finished_at": "2025-12-03T12:52:03.119317",
        "log_lines": [
          "=== Step: setup_node ===",
          "Success!",
          "Installing webpack@3.3.6",
          "Using Node.js 20.3.3",
          "Ran 45 tests in 36s",
          "Step 19/17: Linting",
          "\u2713 test completed",
          "Fetching submodules...",
          "Bundling runtime.css",
          "Cache miss for key-6372",
          "Using Node.js 18.2.6",
          "Compiling components/service.java...",
          "Compiling components/utils.go...",
          "Coverage: 75% statements, 96% branches",
          "[12:50:31] WARN: Deprecated API usage",
          "npm install: added 87 packages",
          "Fetching from https://github.com/package.json",
          "Test Suites: 6 passed, 25 total",
          "Cache restored successfully (46MB)",
          "  PASS: integration/test_cache_hit.spec.js",
          "Environment: production",
          "Time: 87.148s",
          "Ready.",
          "Cache saved successfully",
          "Cache miss for key-7886",
          "Compiling src/index.js...",
          "Step 3/17: Testing",
          "Tests: 214 passed, 80 total",
          "Step 2/18: Installing dependencies",
          "Using Python 3.12",
          "npm install: added 16 packages",
          "WARNING: jest has known vulnerabilities",
          "Finished.",
          "Step 3/16: Deploying",
          "Creating production build...",
          "Exception: NullPointerException",
          "Processing...",
          "[12:50:31] WARN: Deprecated API usage",
          "Cache restored successfully (64MB)",
          "TLS handshake completed",
          "Artifact uploaded: dist.zip (83MB)",
          "Cache miss for key-4199",
          "Bundling runtime.css",
          "[12:50:31] DEBUG: Connection pool: 12 active",
          "Installing express@1.12.9",
          "[12:50:31] INFO: Starting build process",
          "Compiling components/app.ts...",
          "POST /data - 201 (55ms)",
          "pip: Downloading jest-4.18.tar.gz",
          "Compiling lib/index.js...",
          "Creating production build...",
          "Pushing to registry...",
          "  PASS: test_user_create (293ms)",
          "[12:50:31] DEBUG: Query executed in 98ms",
          "Step 18/22: Building",
          "HEAD is now at e1cb4e3",
          "yarn add: Done in 3.1s",
          "Connection established",
          "=== Step setup_node completed ==="
        ]
      },
      {
        "name": "integration_tests",
        "status": "success",
        "started_at": "2025-12-03T12:52:03.119317",
        "finished_at": "2025-12-03T12:52:13.697613",
        "log_lines": [
          "=== Step: integration_tests ===",
          "Success!",
          "Step 6/18: Running migrations",
          "[12:50:31] WARN: Deprecated API usage",
          "Uploading artifact 'coverage' (37 files)",
          "Pushing to registry...",
          "[12:50:31] DEBUG: Loading configuration",
          "\u2713 Step 'build' succeeded",
          "yarn add: Done in 20.4s",
          "[12:50:31] INFO: Connecting to database",
          "[12:50:31] DEBUG: Initializing service",
          "Cache restored successfully (409MB)",
          "Cache saved successfully",
          "POST /data - 201 (376ms)",
          "Step 13/16: Building",
          "Already up to date.",
          "Environment: staging",
          "Uploading artifact 'coverage' (6 files)",
          "Bundling runtime.js",
          "Compiling utils/main.py...",
          "pip: Installing build dependencies...",
          "[12:50:31] DEBUG: Initializing service",
          "Cache miss for key-2267",
          "Installing prettier@2.0.9",
          "\u2713 All checks passed",
          "[12:50:31] INFO: Request completed",
          "Building Docker image...",
          "\u2713 Task completed in 3063ms",
          "[12:50:31] DEBUG: Initializing service",
          "Pushing to registry...",
          "Step 17/24: Building",
          "Completed.",
          "Done.",
          "\u2717 build failed with exit code 107",
          "Connection established",
          "[12:50:31] DEBUG: Query executed in 39ms",
          "Tests: 441 passed, 102 total",
          "Pushing to registry...",
          "Compiling components/service.java...",
          "[12:50:31] WARN: Deprecated API usage",
          "TLS handshake completed",
          "npm install: added 38 packages",
          "Artifact uploaded: dist.zip (58MB)",
          "Success!",
          "[12:50:31] ERROR: Connection failed",
          "Checking out main branch",
          "[12:50:31] DEBUG: Memory usage: 1489MB",
          "\u2713 Task completed in 576ms",
          "\u2717 build failed with exit code 44",
          "Artifact uploaded: build.tar.gz (7MB)",
          "npm install: added 291 packages",
          "POST /data - 200 (88ms)",
          "pip: Installing build dependencies...",
          "  PASS: integration/test_api_health.spec.js",
          "Compiling components/utils.go...",
          "Compiling components/index.js...",
          "Environment: staging",
          "Image pulled successfully",
          "=== Step integration_tests completed ==="
        ]
      },
      {
        "name": "restore_cache",
        "status": "success",
        "started_at": "2025-12-03T12:52:13.697613",
        "finished_at": "2025-12-03T12:52:16.871102",
        "log_lines": [
          "=== Step: restore_cache ===",
          "Compiling components/app.ts...",
          "[12:50:31] DEBUG: Connection pool: 8 active",
          "Using Node.js 18.1.5",
          "  PASS: integration/test_user_create.spec.js",
          "Compiling src/utils.go...",
          "Compiling lib/utils.go...",
          "npm install: added 283 packages",
          "Time: 4.569s",
          "\u26a0 DEPRECATION: Feature will be removed in v2.0",
          "[12:50:31] DEBUG: Query executed in 6ms",
          "Compiling utils/service.java...",
          "[12:50:31] WARN: Deprecated API usage",
          "TLS handshake completed",
          "Tests: 273 passed, 330 total",
          "Step 2/18: Deploying",
          "Time: 9.719s",
          "npm notice: package.json updated",
          "Step 7/21: Testing",
          "Using Python 3.9",
          "Compiling src/handler.rs...",
          "Building Docker image...",
          "WARNING: prettier has known vulnerabilities",
          "Bundling styles.css",
          "Artifact downloaded: 38MB",
          "Bundling styles.css",
          "\u2713 Step 'install' succeeded",
          "Pushing to registry...",
          "Fetching from https://pypi.org/package.json",
          "\u2717 build failed with exit code 16",
          "pip: Downloading axios-3.3.tar.gz",
          "\u26a0 DEPRECATION: Feature will be removed in v4.0",
          "\u2717 build failed with exit code 20",
          "Fetching from https://github.com/package.json",
          "Switched to branch 'feature/task-377'",
          "Fetching from https://registry.npmjs.org/package.json",
          "Artifact uploaded: dist.zip (24MB)",
          "Platform: darwin-arm64",
          "Compiling src/main.py...",
          "[12:50:31] INFO: Connecting to database",
          "Exception: ValueError",
          "npm install: added 263 packages",
          "Compiling utils/app.ts...",
          "\u2713 deploy completed",
          "GET /api - 204 (93ms)",
          "Using Node.js 15.12.1",
          "Step 7/22: Deploying",
          "FAILED: test_api_health",
          "Step 6/16: Installing dependencies",
          "Step 5/18: Running migrations",
          "[12:50:31] DEBUG: Initializing service",
          "Step 14/19: Linting",
          "Processing...",
          "pip: Downloading webpack-5.13.tar.gz",
          "Artifact downloaded: 32MB",
          "WARNING: prettier has known vulnerabilities",
          "\u26a0 DEPRECATION: Feature will be removed in v5.0",
          "Success!",
          "=== Step restore_cache completed ==="
        ]
      }
    ],
    "label": "normal"
  }
}