{
  "action": "completed",
  "workflow_run": {
    "id": 127,
    "name": "CI Pipeline",
    "head_branch": "feature/feat-282",
    "head_sha": "fec4cf07406dd3e2da319403cb503533d5622f6d",
    "status": "completed",
    "conclusion": "failure",
    "run_started_at": "2025-11-18T23:44:25.266663Z",
    "updated_at": "2025-11-18T23:46:57.099006Z"
  },
  "repository": {
    "full_name": "startup-io/auth-service",
    "name": "auth-service"
  },
  "sender": {
    "login": "charlie"
  },
  "_safeops_extended": {
    "raw_logs": "=== Step: checkout ===\n\u26a0 DEPRECATION: Feature will be removed in v2.0\n\u2713 lint completed\n[23:44:25] INFO: Processing request\nCache hit for key-3212\nInstalling axios@3.15.0\nCompiling src/utils.go...\nStep 7/10: Building\n[23:44:25] INFO: Processing request\n[23:44:25] INFO: Processing request\nStep 7/10: Building\nException: ValueError\nArtifact uploaded: build.tar.gz (9MB)\n[23:44:25] INFO: Processing request\nFAILED: test_auth_login\nStep 8/10: Building\nInstalling eslint@5.2.0\n\u2713 test completed\nInstalling prettier@2.8.0\nStep 10/10: Building\nStep 6/10: Building\n  PASS: test_user_create (311ms)\nStep 9/10: Building\nInstalling express@4.14.0\n\u26a0 DEPRECATION: Feature will be removed in v2.0\nArtifact uploaded: build.tar.gz (30MB)\n[23:44:25] INFO: Processing request\nStep 7/10: Building\nStep 10/10: Building\nCompiling src/index.js...\nException: NullPointerException\n  PASS: test_user_create (7ms)\nCache hit for key-6258\nCache hit for key-3074\n[23:44:25] INFO: Processing request\nFAILED: test_db_connect\nCompiling src/app.ts...\nArtifact uploaded: build.tar.gz (23MB)\nStep 2/10: Building\nArtifact uploaded: build.tar.gz (39MB)\n[23:44:25] WARN: Deprecated API usage\nCache hit for key-2861\nArtifact uploaded: build.tar.gz (45MB)\n[23:44:25] INFO: Processing request\nStep 1/10: Building\nCompiling src/index.js...\nInstalling eslint@2.1.0\nInstalling jest@5.16.0\n\u2713 build completed\nCompiling src/service.java...\nArtifact uploaded: build.tar.gz (45MB)\n[23:44:25] ERROR: Connection failed\n\u2713 test completed\n  PASS: test_db_connect (351ms)\nInstalling express@3.12.0\nWARNING: webpack has known vulnerabilities\nStep 9/10: Building\nArtifact uploaded: build.tar.gz (28MB)\n\u2717 build failed with exit code 93\n[23:44:25] INFO: Processing request\nStep 10/10: Building\nFAILED: test_db_connect\nStep 4/10: Building\n  PASS: test_db_connect (124ms)\nStep 7/10: Building\nCache hit for key-2199\n\u2713 lint completed\n[23:44:25] WARN: Deprecated API usage\n[23:44:25] INFO: Processing request\nArtifact uploaded: build.tar.gz (17MB)\nStep 2/10: Building\nCache hit for key-1890\n[23:44:25] INFO: Processing request\n  PASS: test_api_health (379ms)\nInstalling express@4.11.0\n[23:44:25] INFO: Processing request\n  PASS: test_auth_login (215ms)\n\u26a0 DEPRECATION: Feature will be removed in v5.0\nInstalling react@5.19.0\nInstalling axios@1.7.0\nStep 9/10: Building\n  PASS: test_user_create (382ms)\nInstalling express@3.13.0\nCompiling src/handler.rs...\n\u2713 build completed\nCompiling src/main.py...\nCache hit for key-1724\nInstalling prettier@1.5.0\nWARNING: express has known vulnerabilities\nArtifact uploaded: build.tar.gz (37MB)\nCompiling src/service.java...\n[23:44:25] INFO: Processing request\nStep 10/10: Building\n\u2713 test completed\nCompiling src/app.ts...\nCache hit for key-6589\n=== Step checkout completed ===\n=== Step: setup_environment ===\n  PASS: test_db_connect (473ms)\nArtifact uploaded: build.tar.gz (9MB)\n  PASS: test_user_create (177ms)\nStep 2/10: Building\n\u2717 build failed with exit code 112\nStep 4/10: Building\nArtifact uploaded: build.tar.gz (47MB)\nCompiling src/service.java...\n[23:44:25] ERROR: Connection failed\nCompiling src/service.java...\nCache hit for key-6283\nInstalling jest@4.9.0\nCache hit for key-6749\nInstalling axios@3.11.0\n[23:44:25] INFO: Processing request\nCache hit for key-2372\nCache hit for key-2133\nStep 4/10: Building\nCompiling src/app.ts...\nStep 6/10: Building\nCache hit for key-8155\nException: NullPointerException\nInstalling react@3.5.0\nCompiling src/app.ts...\nCache hit for key-5285\nStep 3/10: Building\n  PASS: test_api_health (227ms)\n  PASS: test_user_create (232ms)\nCache hit for key-4397\nCompiling src/utils.go...\n\u2713 lint completed\n  PASS: test_api_health (361ms)\nStep 9/10: Building\nWARNING: prettier has known vulnerabilities\n  PASS: test_cache_hit (188ms)\nStep 5/10: Building\n\u2713 lint completed\nInstalling react@4.20.0\nCompiling src/utils.go...\n\u2713 lint completed\nArtifact uploaded: build.tar.gz (13MB)\nInstalling express@2.6.0\n[23:44:25] ERROR: Connection failed\n[23:44:25] INFO: Processing request\nArtifact uploaded: build.tar.gz (4MB)\nInstalling jest@3.20.0\nCompiling src/service.java...\nStep 10/10: Building\n  PASS: test_user_create (26ms)\nCompiling src/service.java...\n\u2713 lint completed\nStep 1/10: Building\nCompiling src/handler.rs...\nArtifact uploaded: build.tar.gz (3MB)\nCache hit for key-6006\nInstalling prettier@1.2.0\n  PASS: test_cache_hit (326ms)\nArtifact uploaded: build.tar.gz (35MB)\n\u2717 build failed with exit code 38\n\u2713 lint completed\nInstalling lodash@1.11.0\nInstalling express@1.3.0\n[23:44:25] INFO: Processing request\n  PASS: test_user_create (410ms)\n[23:44:25] ERROR: Connection failed\nStep 7/10: Building\nCache hit for key-8960\nCache hit for key-8013\nCache hit for key-3688\nException: RuntimeError\n\u2713 build completed\n  PASS: test_user_create (422ms)\nInstalling lodash@1.3.0\nCache hit for key-6162\n  PASS: test_api_health (341ms)\n\u2713 test completed\n\u26a0 DEPRECATION: Feature will be removed in v2.0\n[23:44:25] INFO: Processing request\n[23:44:25] INFO: Processing request\nWARNING: lodash has known vulnerabilities\n  PASS: test_auth_login (88ms)\nFAILED: test_cache_hit\n\u26a0 DEPRECATION: Feature will be removed in v5.0\nStep 5/10: Building\nInstalling express@4.2.0\nCache hit for key-9233\n\u2713 lint completed\nStep 3/10: Building\nCache hit for key-7995\nCache hit for key-4360\nCompiling src/app.ts...\n[23:44:25] WARN: Deprecated API usage\nCompiling src/index.js...\n\u2713 build completed\n[23:44:25] INFO: Processing request\n=== Step setup_environment completed ===\n=== Step: install_dependencies ===\nStep 7/10: Building\nCache hit for key-1764\nCache hit for key-3209\nArtifact uploaded: build.tar.gz (48MB)\nInstalling express@3.6.0\nCache hit for key-4140\n\u2713 lint completed\nArtifact uploaded: build.tar.gz (13MB)\n  PASS: test_api_health (433ms)\n[23:44:25] INFO: Processing request\n\u2713 test completed\n\u2713 lint completed\nStep 6/10: Building\nInstalling react@1.15.0\n\u2713 lint completed\nCompiling src/index.js...\nStep 9/10: Building\nCache hit for key-3258\nArtifact uploaded: build.tar.gz (4MB)\n\u2713 lint completed\n\u2713 lint completed\nStep 4/10: Building\nStep 7/10: Building\n  PASS: test_db_connect (494ms)\nCompiling src/service.java...\n[23:44:25] WARN: Deprecated API usage\nArtifact uploaded: build.tar.gz (22MB)\nCache hit for key-7422\nCache hit for key-3203\n\u2713 build completed\n\u2713 lint completed\n  PASS: test_db_connect (364ms)\nInstalling jest@4.14.0\n[23:44:25] INFO: Processing request\nArtifact uploaded: build.tar.gz (2MB)\nException: RuntimeError\nInstalling express@1.6.0\nInstalling jest@2.18.0\nArtifact uploaded: build.tar.gz (19MB)\nInstalling express@2.13.0\nInstalling react@2.11.0\nArtifact uploaded: build.tar.gz (35MB)\n  PASS: test_cache_hit (322ms)\n[23:44:25] INFO: Processing request\n[23:44:25] INFO: Processing request\nStep 5/10: Building\nStep 7/10: Building\n\u2713 test completed\n  PASS: test_cache_hit (403ms)\nCache hit for key-3008\nInstalling express@3.15.0\nCache hit for key-4476\nWARNING: lodash has known vulnerabilities\nCache hit for key-3211\nStep 10/10: Building\n[23:44:25] WARN: Deprecated API usage\n  PASS: test_auth_login (181ms)\nStep 1/10: Building\nArtifact uploaded: build.tar.gz (49MB)\nStep 5/10: Building\n  PASS: test_auth_login (104ms)\n[23:44:25] WARN: Deprecated API usage\nCache hit for key-6858\nCache hit for key-5832\nCompiling src/service.java...\n\u2713 lint completed\nCompiling src/main.py...\n[23:44:25] WARN: Deprecated API usage\nArtifact uploaded: build.tar.gz (35MB)\n[23:44:25] INFO: Processing request\nStep 6/10: Building\nCompiling src/app.ts...\n[23:44:25] INFO: Processing request\nInstalling express@5.3.0\n  PASS: test_db_connect (460ms)\nInstalling jest@1.12.0\n[23:44:25] INFO: Processing request\nStep 5/10: Building\n[23:44:25] INFO: Processing request\n\u2713 lint completed\n  PASS: test_auth_login (91ms)\nStep 2/10: Building\nWARNING: jest has known vulnerabilities\nCompiling src/handler.rs...\n  PASS: test_api_health (197ms)\nCompiling src/service.java...\nCompiling src/utils.go...\n\u2713 test completed\nArtifact uploaded: build.tar.gz (23MB)\n[23:44:25] INFO: Processing request\nStep 9/10: Building\nStep 4/10: Building\n\u2713 lint completed\n  PASS: test_user_create (333ms)\n  PASS: test_auth_login (270ms)\n=== Step install_dependencies completed ===\n=== Step: run_tests ===\nArtifact uploaded: build.tar.gz (15MB)\n\u2713 lint completed\nInstalling express@1.2.0\nCompiling src/main.py...\nArtifact uploaded: build.tar.gz (33MB)\nCache hit for key-9936\n\u2713 test completed\nCompiling src/utils.go...\nStep 2/10: Building\n\u2713 test completed\n\u2713 test completed\nCache hit for key-1396\n  PASS: test_cache_hit (105ms)\nStep 4/10: Building\nArtifact uploaded: build.tar.gz (20MB)\n\u2713 test completed\nArtifact uploaded: build.tar.gz (25MB)\n[23:44:25] INFO: Processing request\nCompiling src/utils.go...\n[23:44:25] ERROR: Connection failed\nArtifact uploaded: build.tar.gz (39MB)\n\u26a0 DEPRECATION: Feature will be removed in v2.0\nCompiling src/service.java...\n[23:44:25] INFO: Processing request\nInstalling axios@5.15.0\n[23:44:25] INFO: Processing request\nCache hit for key-6320\n[23:44:25] INFO: Processing request\nWARNING: express has known vulnerabilities\n  PASS: test_user_create (164ms)\nStep 4/10: Building\nStep 2/10: Building\nArtifact uploaded: build.tar.gz (18MB)\nCache hit for key-2398\nCache hit for key-8543\n\u2713 build completed\nInstalling express@1.5.0\n[23:44:25] INFO: Processing request\n[23:44:25] INFO: Processing request\n[23:44:25] INFO: Processing request\n[23:44:25] INFO: Processing request\nCache hit for key-2188\nArtifact uploaded: build.tar.gz (49MB)\n  PASS: test_cache_hit (482ms)\n  PASS: test_cache_hit (209ms)\nInstalling axios@1.7.0\n\u2713 lint completed\nStep 4/10: Building\nStep 2/10: Building\n\u2713 lint completed\nCache hit for key-5275\nWARNING: axios has known vulnerabilities\nArtifact uploaded: build.tar.gz (10MB)\n\u2713 build completed\nStep 1/10: Building\nCompiling src/index.js...\n\u26a0 DEPRECATION: Feature will be removed in v4.0\nCompiling src/index.js...\nCache hit for key-2426\nArtifact uploaded: build.tar.gz (42MB)\nCache hit for key-8806\nCompiling src/utils.go...\nArtifact uploaded: build.tar.gz (14MB)\n\u2713 test completed\n[23:44:25] INFO: Processing request\nCompiling src/main.py...\n\u2713 test completed\n\u2713 lint completed\nCompiling src/app.ts...\n  PASS: test_api_health (55ms)\nStep 4/10: Building\n\u2713 build completed\n\u2713 lint completed\n[23:44:25] INFO: Processing request\nCompiling src/app.ts...\nCompiling src/index.js...\nArtifact uploaded: build.tar.gz (27MB)\nInstalling jest@4.17.0\nArtifact uploaded: build.tar.gz (33MB)\nCompiling src/index.js...\n[23:44:25] INFO: Processing request\n  PASS: test_api_health (376ms)\nCompiling src/utils.go...\n[23:44:25] INFO: Processing request\n  PASS: test_user_create (364ms)\nStep 4/10: Building\nCache hit for key-8159\n  PASS: test_api_health (174ms)\nStep 5/10: Building\nStep 4/10: Building\nCompiling src/main.py...\n[23:44:25] INFO: Processing request\n[23:44:25] WARN: Deprecated API usage\n  PASS: test_api_health (34ms)\nArtifact uploaded: build.tar.gz (19MB)\n=== Step run_tests completed ===\n=== Step: build_artifact ===\n\u2713 build completed\nInstalling express@2.6.0\nArtifact uploaded: build.tar.gz (8MB)\n  PASS: test_user_create (303ms)\n\u26a0 DEPRECATION: Feature will be removed in v2.0\n[23:44:25] INFO: Processing request\nWARNING: jest has known vulnerabilities\n  PASS: test_db_connect (369ms)\nException: TypeError\nStep 6/10: Building\nFAILED: test_user_create\nCache hit for key-8944\nArtifact uploaded: build.tar.gz (28MB)\nCache hit for key-2382\nCompiling src/index.js...\n[23:44:25] INFO: Processing request\nCache hit for key-8611\nCompiling src/service.java...\nCache hit for key-8929\nInstalling react@4.13.0\nInstalling webpack@1.12.0\nInstalling express@5.15.0\nWARNING: webpack has known vulnerabilities\nCompiling src/service.java...\nArtifact uploaded: build.tar.gz (6MB)\nArtifact uploaded: build.tar.gz (6MB)\nStep 5/10: Building\nCompiling src/index.js...\n[23:44:25] WARN: Deprecated API usage\nStep 4/10: Building\nCache hit for key-3916\nInstalling react@5.11.0\nCompiling src/main.py...\nStep 1/10: Building\n[23:44:25] INFO: Processing request\nStep 5/10: Building\nStep 4/10: Building\n[23:44:25] INFO: Processing request\n\u2713 lint completed\n  PASS: test_user_create (332ms)\nCache hit for key-9091\nCompiling src/handler.rs...\nInstalling jest@4.18.0\nCompiling src/service.java...\n[23:44:25] INFO: Processing request\nFAILED: test_auth_login\n[23:44:25] WARN: Deprecated API usage\nCompiling src/utils.go...\nCompiling src/main.py...\n\u2713 lint completed\n[23:44:25] ERROR: Connection failed\nCompiling src/index.js...\nStep 4/10: Building\nArtifact uploaded: build.tar.gz (25MB)\nStep 10/10: Building\nCache hit for key-8418\nStep 2/10: Building\nArtifact uploaded: build.tar.gz (44MB)\nInstalling express@4.11.0\n[23:44:25] INFO: Processing request\n  PASS: test_api_health (216ms)\nCompiling src/index.js...\n[23:44:25] INFO: Processing request\nStep 4/10: Building\n\u2717 build failed with exit code 45\n[23:44:25] INFO: Processing request\n\u2713 build completed\nStep 4/10: Building\nCompiling src/main.py...\n\u2713 test completed\nStep 4/10: Building\n  PASS: test_api_health (150ms)\n\u2713 build completed\n[23:44:25] WARN: Deprecated API usage\n[23:44:25] INFO: Processing request\n[23:44:25] INFO: Processing request\n[23:44:25] WARN: Deprecated API usage\nStep 4/10: Building\nCompiling src/service.java...\nCompiling src/app.ts...\n\u2713 build completed\n  PASS: test_auth_login (23ms)\n  PASS: test_user_create (180ms)\nInstalling webpack@2.6.0\n[23:44:25] INFO: Processing request\nCache hit for key-6507\nStep 9/10: Building\nCache hit for key-7109\n\u2713 lint completed\n\u2713 test completed\n  PASS: test_auth_login (174ms)\nCompiling src/service.java...\nCompiling src/index.js...\nCache hit for key-2448\nInstalling axios@4.3.0\n=== Step build_artifact completed ===\n=== Step: deploy ===\nStep 2/10: Building\nInstalling prettier@3.12.0\nArtifact uploaded: build.tar.gz (31MB)\n[23:44:25] INFO: Processing request\n\u2713 build completed\n\u2713 test completed\n\u26a0 DEPRECATION: Feature will be removed in v2.0\nCompiling src/app.ts...\nStep 6/10: Building\nCompiling src/handler.rs...\n\u2713 build completed\nCompiling src/utils.go...\n\u2713 lint completed\n  PASS: test_auth_login (422ms)\nCompiling src/handler.rs...\n\u2713 lint completed\nWARNING: lodash has known vulnerabilities\nWARNING: jest has known vulnerabilities\nInstalling axios@1.0.0\n  PASS: test_db_connect (458ms)\nArtifact uploaded: build.tar.gz (22MB)\n\u2713 lint completed\nArtifact uploaded: build.tar.gz (37MB)\nCache hit for key-4155\nInstalling eslint@2.13.0\n  PASS: test_cache_hit (132ms)\n\u2713 build completed\nArtifact uploaded: build.tar.gz (2MB)\nStep 3/10: Building\nStep 8/10: Building\n[23:44:25] INFO: Processing request\n\u2713 lint completed\nArtifact uploaded: build.tar.gz (1MB)\nArtifact uploaded: build.tar.gz (37MB)\nStep 1/10: Building\n\u2713 build completed\n  PASS: test_db_connect (152ms)\nCompiling src/handler.rs...\nArtifact uploaded: build.tar.gz (46MB)\nInstalling lodash@1.17.0\nArtifact uploaded: build.tar.gz (6MB)\nFAILED: test_db_connect\nStep 2/10: Building\nCompiling src/index.js...\nCache hit for key-5738\nCompiling src/index.js...\nArtifact uploaded: build.tar.gz (8MB)\nCache hit for key-4417\nCache hit for key-3899\nCompiling src/index.js...\nInstalling lodash@4.4.0\nArtifact uploaded: build.tar.gz (38MB)\nCache hit for key-6417\n[23:44:25] INFO: Processing request\n\u2713 lint completed\n[23:44:25] INFO: Processing request\nStep 8/10: Building\nArtifact uploaded: build.tar.gz (11MB)\n  PASS: test_api_health (351ms)\nArtifact uploaded: build.tar.gz (21MB)\nWARNING: lodash has known vulnerabilities\nStep 10/10: Building\nStep 2/10: Building\nStep 5/10: Building\nArtifact uploaded: build.tar.gz (8MB)\nArtifact uploaded: build.tar.gz (14MB)\nWARNING: eslint has known vulnerabilities\nStep 5/10: Building\nCache hit for key-3195\nCompiling src/handler.rs...\nStep 8/10: Building\n\u2713 test completed\n\u2713 test completed\nCompiling src/main.py...\nInstalling express@2.19.0\nCompiling src/handler.rs...\n  PASS: test_auth_login (174ms)\n\u26a0 DEPRECATION: Feature will be removed in v2.0\n[23:44:25] INFO: Processing request\nCompiling src/app.ts...\nCache hit for key-5525\n  PASS: test_user_create (438ms)\nArtifact uploaded: build.tar.gz (15MB)\n\u2713 lint completed\n  PASS: test_auth_login (115ms)\nCompiling src/service.java...\n  PASS: test_cache_hit (18ms)\nArtifact uploaded: build.tar.gz (36MB)\n[23:44:25] WARN: Deprecated API usage\nInstalling react@1.2.0\nInstalling lodash@5.5.0\n\u2713 lint completed\nCache hit for key-5939\n\u2713 lint completed\nInstalling react@4.10.0\n=== Step deploy completed ===",
    "steps": [
      {
        "name": "checkout",
        "status": "success",
        "started_at": "2025-11-18T23:44:25.266663",
        "finished_at": "2025-11-18T23:44:32.858280",
        "log_lines": [
          "=== Step: checkout ===",
          "\u26a0 DEPRECATION: Feature will be removed in v2.0",
          "\u2713 lint completed",
          "[23:44:25] INFO: Processing request",
          "Cache hit for key-3212",
          "Installing axios@3.15.0",
          "Compiling src/utils.go...",
          "Step 7/10: Building",
          "[23:44:25] INFO: Processing request",
          "[23:44:25] INFO: Processing request",
          "Step 7/10: Building",
          "Exception: ValueError",
          "Artifact uploaded: build.tar.gz (9MB)",
          "[23:44:25] INFO: Processing request",
          "FAILED: test_auth_login",
          "Step 8/10: Building",
          "Installing eslint@5.2.0",
          "\u2713 test completed",
          "Installing prettier@2.8.0",
          "Step 10/10: Building",
          "Step 6/10: Building",
          "  PASS: test_user_create (311ms)",
          "Step 9/10: Building",
          "Installing express@4.14.0",
          "\u26a0 DEPRECATION: Feature will be removed in v2.0",
          "Artifact uploaded: build.tar.gz (30MB)",
          "[23:44:25] INFO: Processing request",
          "Step 7/10: Building",
          "Step 10/10: Building",
          "Compiling src/index.js...",
          "Exception: NullPointerException",
          "  PASS: test_user_create (7ms)",
          "Cache hit for key-6258",
          "Cache hit for key-3074",
          "[23:44:25] INFO: Processing request",
          "FAILED: test_db_connect",
          "Compiling src/app.ts...",
          "Artifact uploaded: build.tar.gz (23MB)",
          "Step 2/10: Building",
          "Artifact uploaded: build.tar.gz (39MB)",
          "[23:44:25] WARN: Deprecated API usage",
          "Cache hit for key-2861",
          "Artifact uploaded: build.tar.gz (45MB)",
          "[23:44:25] INFO: Processing request",
          "Step 1/10: Building",
          "Compiling src/index.js...",
          "Installing eslint@2.1.0",
          "Installing jest@5.16.0",
          "\u2713 build completed",
          "Compiling src/service.java...",
          "Artifact uploaded: build.tar.gz (45MB)",
          "[23:44:25] ERROR: Connection failed",
          "\u2713 test completed",
          "  PASS: test_db_connect (351ms)",
          "Installing express@3.12.0",
          "WARNING: webpack has known vulnerabilities",
          "Step 9/10: Building",
          "Artifact uploaded: build.tar.gz (28MB)",
          "\u2717 build failed with exit code 93",
          "[23:44:25] INFO: Processing request",
          "Step 10/10: Building",
          "FAILED: test_db_connect",
          "Step 4/10: Building",
          "  PASS: test_db_connect (124ms)",
          "Step 7/10: Building",
          "Cache hit for key-2199",
          "\u2713 lint completed",
          "[23:44:25] WARN: Deprecated API usage",
          "[23:44:25] INFO: Processing request",
          "Artifact uploaded: build.tar.gz (17MB)",
          "Step 2/10: Building",
          "Cache hit for key-1890",
          "[23:44:25] INFO: Processing request",
          "  PASS: test_api_health (379ms)",
          "Installing express@4.11.0",
          "[23:44:25] INFO: Processing request",
          "  PASS: test_auth_login (215ms)",
          "\u26a0 DEPRECATION: Feature will be removed in v5.0",
          "Installing react@5.19.0",
          "Installing axios@1.7.0",
          "Step 9/10: Building",
          "  PASS: test_user_create (382ms)",
          "Installing express@3.13.0",
          "Compiling src/handler.rs...",
          "\u2713 build completed",
          "Compiling src/main.py...",
          "Cache hit for key-1724",
          "Installing prettier@1.5.0",
          "WARNING: express has known vulnerabilities",
          "Artifact uploaded: build.tar.gz (37MB)",
          "Compiling src/service.java...",
          "[23:44:25] INFO: Processing request",
          "Step 10/10: Building",
          "\u2713 test completed",
          "Compiling src/app.ts...",
          "Cache hit for key-6589",
          "=== Step checkout completed ==="
        ]
      },
      {
        "name": "setup_environment",
        "status": "success",
        "started_at": "2025-11-18T23:44:32.858280",
        "finished_at": "2025-11-18T23:44:48.041514",
        "log_lines": [
          "=== Step: setup_environment ===",
          "  PASS: test_db_connect (473ms)",
          "Artifact uploaded: build.tar.gz (9MB)",
          "  PASS: test_user_create (177ms)",
          "Step 2/10: Building",
          "\u2717 build failed with exit code 112",
          "Step 4/10: Building",
          "Artifact uploaded: build.tar.gz (47MB)",
          "Compiling src/service.java...",
          "[23:44:25] ERROR: Connection failed",
          "Compiling src/service.java...",
          "Cache hit for key-6283",
          "Installing jest@4.9.0",
          "Cache hit for key-6749",
          "Installing axios@3.11.0",
          "[23:44:25] INFO: Processing request",
          "Cache hit for key-2372",
          "Cache hit for key-2133",
          "Step 4/10: Building",
          "Compiling src/app.ts...",
          "Step 6/10: Building",
          "Cache hit for key-8155",
          "Exception: NullPointerException",
          "Installing react@3.5.0",
          "Compiling src/app.ts...",
          "Cache hit for key-5285",
          "Step 3/10: Building",
          "  PASS: test_api_health (227ms)",
          "  PASS: test_user_create (232ms)",
          "Cache hit for key-4397",
          "Compiling src/utils.go...",
          "\u2713 lint completed",
          "  PASS: test_api_health (361ms)",
          "Step 9/10: Building",
          "WARNING: prettier has known vulnerabilities",
          "  PASS: test_cache_hit (188ms)",
          "Step 5/10: Building",
          "\u2713 lint completed",
          "Installing react@4.20.0",
          "Compiling src/utils.go...",
          "\u2713 lint completed",
          "Artifact uploaded: build.tar.gz (13MB)",
          "Installing express@2.6.0",
          "[23:44:25] ERROR: Connection failed",
          "[23:44:25] INFO: Processing request",
          "Artifact uploaded: build.tar.gz (4MB)",
          "Installing jest@3.20.0",
          "Compiling src/service.java...",
          "Step 10/10: Building",
          "  PASS: test_user_create (26ms)",
          "Compiling src/service.java...",
          "\u2713 lint completed",
          "Step 1/10: Building",
          "Compiling src/handler.rs...",
          "Artifact uploaded: build.tar.gz (3MB)",
          "Cache hit for key-6006",
          "Installing prettier@1.2.0",
          "  PASS: test_cache_hit (326ms)",
          "Artifact uploaded: build.tar.gz (35MB)",
          "\u2717 build failed with exit code 38",
          "\u2713 lint completed",
          "Installing lodash@1.11.0",
          "Installing express@1.3.0",
          "[23:44:25] INFO: Processing request",
          "  PASS: test_user_create (410ms)",
          "[23:44:25] ERROR: Connection failed",
          "Step 7/10: Building",
          "Cache hit for key-8960",
          "Cache hit for key-8013",
          "Cache hit for key-3688",
          "Exception: RuntimeError",
          "\u2713 build completed",
          "  PASS: test_user_create (422ms)",
          "Installing lodash@1.3.0",
          "Cache hit for key-6162",
          "  PASS: test_api_health (341ms)",
          "\u2713 test completed",
          "\u26a0 DEPRECATION: Feature will be removed in v2.0",
          "[23:44:25] INFO: Processing request",
          "[23:44:25] INFO: Processing request",
          "WARNING: lodash has known vulnerabilities",
          "  PASS: test_auth_login (88ms)",
          "FAILED: test_cache_hit",
          "\u26a0 DEPRECATION: Feature will be removed in v5.0",
          "Step 5/10: Building",
          "Installing express@4.2.0",
          "Cache hit for key-9233",
          "\u2713 lint completed",
          "Step 3/10: Building",
          "Cache hit for key-7995",
          "Cache hit for key-4360",
          "Compiling src/app.ts...",
          "[23:44:25] WARN: Deprecated API usage",
          "Compiling src/index.js...",
          "\u2713 build completed",
          "[23:44:25] INFO: Processing request",
          "=== Step setup_environment completed ==="
        ]
      },
      {
        "name": "install_dependencies",
        "status": "success",
        "started_at": "2025-11-18T23:44:48.041514",
        "finished_at": "2025-11-18T23:45:18.407983",
        "log_lines": [
          "=== Step: install_dependencies ===",
          "Step 7/10: Building",
          "Cache hit for key-1764",
          "Cache hit for key-3209",
          "Artifact uploaded: build.tar.gz (48MB)",
          "Installing express@3.6.0",
          "Cache hit for key-4140",
          "\u2713 lint completed",
          "Artifact uploaded: build.tar.gz (13MB)",
          "  PASS: test_api_health (433ms)",
          "[23:44:25] INFO: Processing request",
          "\u2713 test completed",
          "\u2713 lint completed",
          "Step 6/10: Building",
          "Installing react@1.15.0",
          "\u2713 lint completed",
          "Compiling src/index.js...",
          "Step 9/10: Building",
          "Cache hit for key-3258",
          "Artifact uploaded: build.tar.gz (4MB)",
          "\u2713 lint completed",
          "\u2713 lint completed",
          "Step 4/10: Building",
          "Step 7/10: Building",
          "  PASS: test_db_connect (494ms)",
          "Compiling src/service.java...",
          "[23:44:25] WARN: Deprecated API usage",
          "Artifact uploaded: build.tar.gz (22MB)",
          "Cache hit for key-7422",
          "Cache hit for key-3203",
          "\u2713 build completed",
          "\u2713 lint completed",
          "  PASS: test_db_connect (364ms)",
          "Installing jest@4.14.0",
          "[23:44:25] INFO: Processing request",
          "Artifact uploaded: build.tar.gz (2MB)",
          "Exception: RuntimeError",
          "Installing express@1.6.0",
          "Installing jest@2.18.0",
          "Artifact uploaded: build.tar.gz (19MB)",
          "Installing express@2.13.0",
          "Installing react@2.11.0",
          "Artifact uploaded: build.tar.gz (35MB)",
          "  PASS: test_cache_hit (322ms)",
          "[23:44:25] INFO: Processing request",
          "[23:44:25] INFO: Processing request",
          "Step 5/10: Building",
          "Step 7/10: Building",
          "\u2713 test completed",
          "  PASS: test_cache_hit (403ms)",
          "Cache hit for key-3008",
          "Installing express@3.15.0",
          "Cache hit for key-4476",
          "WARNING: lodash has known vulnerabilities",
          "Cache hit for key-3211",
          "Step 10/10: Building",
          "[23:44:25] WARN: Deprecated API usage",
          "  PASS: test_auth_login (181ms)",
          "Step 1/10: Building",
          "Artifact uploaded: build.tar.gz (49MB)",
          "Step 5/10: Building",
          "  PASS: test_auth_login (104ms)",
          "[23:44:25] WARN: Deprecated API usage",
          "Cache hit for key-6858",
          "Cache hit for key-5832",
          "Compiling src/service.java...",
          "\u2713 lint completed",
          "Compiling src/main.py...",
          "[23:44:25] WARN: Deprecated API usage",
          "Artifact uploaded: build.tar.gz (35MB)",
          "[23:44:25] INFO: Processing request",
          "Step 6/10: Building",
          "Compiling src/app.ts...",
          "[23:44:25] INFO: Processing request",
          "Installing express@5.3.0",
          "  PASS: test_db_connect (460ms)",
          "Installing jest@1.12.0",
          "[23:44:25] INFO: Processing request",
          "Step 5/10: Building",
          "[23:44:25] INFO: Processing request",
          "\u2713 lint completed",
          "  PASS: test_auth_login (91ms)",
          "Step 2/10: Building",
          "WARNING: jest has known vulnerabilities",
          "Compiling src/handler.rs...",
          "  PASS: test_api_health (197ms)",
          "Compiling src/service.java...",
          "Compiling src/utils.go...",
          "\u2713 test completed",
          "Artifact uploaded: build.tar.gz (23MB)",
          "[23:44:25] INFO: Processing request",
          "Step 9/10: Building",
          "Step 4/10: Building",
          "\u2713 lint completed",
          "  PASS: test_user_create (333ms)",
          "  PASS: test_auth_login (270ms)",
          "=== Step install_dependencies completed ==="
        ]
      },
      {
        "name": "run_tests",
        "status": "success",
        "started_at": "2025-11-18T23:45:18.407983",
        "finished_at": "2025-11-18T23:46:11.549303",
        "log_lines": [
          "=== Step: run_tests ===",
          "Artifact uploaded: build.tar.gz (15MB)",
          "\u2713 lint completed",
          "Installing express@1.2.0",
          "Compiling src/main.py...",
          "Artifact uploaded: build.tar.gz (33MB)",
          "Cache hit for key-9936",
          "\u2713 test completed",
          "Compiling src/utils.go...",
          "Step 2/10: Building",
          "\u2713 test completed",
          "\u2713 test completed",
          "Cache hit for key-1396",
          "  PASS: test_cache_hit (105ms)",
          "Step 4/10: Building",
          "Artifact uploaded: build.tar.gz (20MB)",
          "\u2713 test completed",
          "Artifact uploaded: build.tar.gz (25MB)",
          "[23:44:25] INFO: Processing request",
          "Compiling src/utils.go...",
          "[23:44:25] ERROR: Connection failed",
          "Artifact uploaded: build.tar.gz (39MB)",
          "\u26a0 DEPRECATION: Feature will be removed in v2.0",
          "Compiling src/service.java...",
          "[23:44:25] INFO: Processing request",
          "Installing axios@5.15.0",
          "[23:44:25] INFO: Processing request",
          "Cache hit for key-6320",
          "[23:44:25] INFO: Processing request",
          "WARNING: express has known vulnerabilities",
          "  PASS: test_user_create (164ms)",
          "Step 4/10: Building",
          "Step 2/10: Building",
          "Artifact uploaded: build.tar.gz (18MB)",
          "Cache hit for key-2398",
          "Cache hit for key-8543",
          "\u2713 build completed",
          "Installing express@1.5.0",
          "[23:44:25] INFO: Processing request",
          "[23:44:25] INFO: Processing request",
          "[23:44:25] INFO: Processing request",
          "[23:44:25] INFO: Processing request",
          "Cache hit for key-2188",
          "Artifact uploaded: build.tar.gz (49MB)",
          "  PASS: test_cache_hit (482ms)",
          "  PASS: test_cache_hit (209ms)",
          "Installing axios@1.7.0",
          "\u2713 lint completed",
          "Step 4/10: Building",
          "Step 2/10: Building",
          "\u2713 lint completed",
          "Cache hit for key-5275",
          "WARNING: axios has known vulnerabilities",
          "Artifact uploaded: build.tar.gz (10MB)",
          "\u2713 build completed",
          "Step 1/10: Building",
          "Compiling src/index.js...",
          "\u26a0 DEPRECATION: Feature will be removed in v4.0",
          "Compiling src/index.js...",
          "Cache hit for key-2426",
          "Artifact uploaded: build.tar.gz (42MB)",
          "Cache hit for key-8806",
          "Compiling src/utils.go...",
          "Artifact uploaded: build.tar.gz (14MB)",
          "\u2713 test completed",
          "[23:44:25] INFO: Processing request",
          "Compiling src/main.py...",
          "\u2713 test completed",
          "\u2713 lint completed",
          "Compiling src/app.ts...",
          "  PASS: test_api_health (55ms)",
          "Step 4/10: Building",
          "\u2713 build completed",
          "\u2713 lint completed",
          "[23:44:25] INFO: Processing request",
          "Compiling src/app.ts...",
          "Compiling src/index.js...",
          "Artifact uploaded: build.tar.gz (27MB)",
          "Installing jest@4.17.0",
          "Artifact uploaded: build.tar.gz (33MB)",
          "Compiling src/index.js...",
          "[23:44:25] INFO: Processing request",
          "  PASS: test_api_health (376ms)",
          "Compiling src/utils.go...",
          "[23:44:25] INFO: Processing request",
          "  PASS: test_user_create (364ms)",
          "Step 4/10: Building",
          "Cache hit for key-8159",
          "  PASS: test_api_health (174ms)",
          "Step 5/10: Building",
          "Step 4/10: Building",
          "Compiling src/main.py...",
          "[23:44:25] INFO: Processing request",
          "[23:44:25] WARN: Deprecated API usage",
          "  PASS: test_api_health (34ms)",
          "Artifact uploaded: build.tar.gz (19MB)",
          "=== Step run_tests completed ==="
        ]
      },
      {
        "name": "build_artifact",
        "status": "success",
        "started_at": "2025-11-18T23:46:11.549303",
        "finished_at": "2025-11-18T23:46:41.915772",
        "log_lines": [
          "=== Step: build_artifact ===",
          "\u2713 build completed",
          "Installing express@2.6.0",
          "Artifact uploaded: build.tar.gz (8MB)",
          "  PASS: test_user_create (303ms)",
          "\u26a0 DEPRECATION: Feature will be removed in v2.0",
          "[23:44:25] INFO: Processing request",
          "WARNING: jest has known vulnerabilities",
          "  PASS: test_db_connect (369ms)",
          "Exception: TypeError",
          "Step 6/10: Building",
          "FAILED: test_user_create",
          "Cache hit for key-8944",
          "Artifact uploaded: build.tar.gz (28MB)",
          "Cache hit for key-2382",
          "Compiling src/index.js...",
          "[23:44:25] INFO: Processing request",
          "Cache hit for key-8611",
          "Compiling src/service.java...",
          "Cache hit for key-8929",
          "Installing react@4.13.0",
          "Installing webpack@1.12.0",
          "Installing express@5.15.0",
          "WARNING: webpack has known vulnerabilities",
          "Compiling src/service.java...",
          "Artifact uploaded: build.tar.gz (6MB)",
          "Artifact uploaded: build.tar.gz (6MB)",
          "Step 5/10: Building",
          "Compiling src/index.js...",
          "[23:44:25] WARN: Deprecated API usage",
          "Step 4/10: Building",
          "Cache hit for key-3916",
          "Installing react@5.11.0",
          "Compiling src/main.py...",
          "Step 1/10: Building",
          "[23:44:25] INFO: Processing request",
          "Step 5/10: Building",
          "Step 4/10: Building",
          "[23:44:25] INFO: Processing request",
          "\u2713 lint completed",
          "  PASS: test_user_create (332ms)",
          "Cache hit for key-9091",
          "Compiling src/handler.rs...",
          "Installing jest@4.18.0",
          "Compiling src/service.java...",
          "[23:44:25] INFO: Processing request",
          "FAILED: test_auth_login",
          "[23:44:25] WARN: Deprecated API usage",
          "Compiling src/utils.go...",
          "Compiling src/main.py...",
          "\u2713 lint completed",
          "[23:44:25] ERROR: Connection failed",
          "Compiling src/index.js...",
          "Step 4/10: Building",
          "Artifact uploaded: build.tar.gz (25MB)",
          "Step 10/10: Building",
          "Cache hit for key-8418",
          "Step 2/10: Building",
          "Artifact uploaded: build.tar.gz (44MB)",
          "Installing express@4.11.0",
          "[23:44:25] INFO: Processing request",
          "  PASS: test_api_health (216ms)",
          "Compiling src/index.js...",
          "[23:44:25] INFO: Processing request",
          "Step 4/10: Building",
          "\u2717 build failed with exit code 45",
          "[23:44:25] INFO: Processing request",
          "\u2713 build completed",
          "Step 4/10: Building",
          "Compiling src/main.py...",
          "\u2713 test completed",
          "Step 4/10: Building",
          "  PASS: test_api_health (150ms)",
          "\u2713 build completed",
          "[23:44:25] WARN: Deprecated API usage",
          "[23:44:25] INFO: Processing request",
          "[23:44:25] INFO: Processing request",
          "[23:44:25] WARN: Deprecated API usage",
          "Step 4/10: Building",
          "Compiling src/service.java...",
          "Compiling src/app.ts...",
          "\u2713 build completed",
          "  PASS: test_auth_login (23ms)",
          "  PASS: test_user_create (180ms)",
          "Installing webpack@2.6.0",
          "[23:44:25] INFO: Processing request",
          "Cache hit for key-6507",
          "Step 9/10: Building",
          "Cache hit for key-7109",
          "\u2713 lint completed",
          "\u2713 test completed",
          "  PASS: test_auth_login (174ms)",
          "Compiling src/service.java...",
          "Compiling src/index.js...",
          "Cache hit for key-2448",
          "Installing axios@4.3.0",
          "=== Step build_artifact completed ==="
        ]
      },
      {
        "name": "deploy",
        "status": "success",
        "started_at": "2025-11-18T23:46:41.915772",
        "finished_at": "2025-11-18T23:46:57.099006",
        "log_lines": [
          "=== Step: deploy ===",
          "Step 2/10: Building",
          "Installing prettier@3.12.0",
          "Artifact uploaded: build.tar.gz (31MB)",
          "[23:44:25] INFO: Processing request",
          "\u2713 build completed",
          "\u2713 test completed",
          "\u26a0 DEPRECATION: Feature will be removed in v2.0",
          "Compiling src/app.ts...",
          "Step 6/10: Building",
          "Compiling src/handler.rs...",
          "\u2713 build completed",
          "Compiling src/utils.go...",
          "\u2713 lint completed",
          "  PASS: test_auth_login (422ms)",
          "Compiling src/handler.rs...",
          "\u2713 lint completed",
          "WARNING: lodash has known vulnerabilities",
          "WARNING: jest has known vulnerabilities",
          "Installing axios@1.0.0",
          "  PASS: test_db_connect (458ms)",
          "Artifact uploaded: build.tar.gz (22MB)",
          "\u2713 lint completed",
          "Artifact uploaded: build.tar.gz (37MB)",
          "Cache hit for key-4155",
          "Installing eslint@2.13.0",
          "  PASS: test_cache_hit (132ms)",
          "\u2713 build completed",
          "Artifact uploaded: build.tar.gz (2MB)",
          "Step 3/10: Building",
          "Step 8/10: Building",
          "[23:44:25] INFO: Processing request",
          "\u2713 lint completed",
          "Artifact uploaded: build.tar.gz (1MB)",
          "Artifact uploaded: build.tar.gz (37MB)",
          "Step 1/10: Building",
          "\u2713 build completed",
          "  PASS: test_db_connect (152ms)",
          "Compiling src/handler.rs...",
          "Artifact uploaded: build.tar.gz (46MB)",
          "Installing lodash@1.17.0",
          "Artifact uploaded: build.tar.gz (6MB)",
          "FAILED: test_db_connect",
          "Step 2/10: Building",
          "Compiling src/index.js...",
          "Cache hit for key-5738",
          "Compiling src/index.js...",
          "Artifact uploaded: build.tar.gz (8MB)",
          "Cache hit for key-4417",
          "Cache hit for key-3899",
          "Compiling src/index.js...",
          "Installing lodash@4.4.0",
          "Artifact uploaded: build.tar.gz (38MB)",
          "Cache hit for key-6417",
          "[23:44:25] INFO: Processing request",
          "\u2713 lint completed",
          "[23:44:25] INFO: Processing request",
          "Step 8/10: Building",
          "Artifact uploaded: build.tar.gz (11MB)",
          "  PASS: test_api_health (351ms)",
          "Artifact uploaded: build.tar.gz (21MB)",
          "WARNING: lodash has known vulnerabilities",
          "Step 10/10: Building",
          "Step 2/10: Building",
          "Step 5/10: Building",
          "Artifact uploaded: build.tar.gz (8MB)",
          "Artifact uploaded: build.tar.gz (14MB)",
          "WARNING: eslint has known vulnerabilities",
          "Step 5/10: Building",
          "Cache hit for key-3195",
          "Compiling src/handler.rs...",
          "Step 8/10: Building",
          "\u2713 test completed",
          "\u2713 test completed",
          "Compiling src/main.py...",
          "Installing express@2.19.0",
          "Compiling src/handler.rs...",
          "  PASS: test_auth_login (174ms)",
          "\u26a0 DEPRECATION: Feature will be removed in v2.0",
          "[23:44:25] INFO: Processing request",
          "Compiling src/app.ts...",
          "Cache hit for key-5525",
          "  PASS: test_user_create (438ms)",
          "Artifact uploaded: build.tar.gz (15MB)",
          "\u2713 lint completed",
          "  PASS: test_auth_login (115ms)",
          "Compiling src/service.java...",
          "  PASS: test_cache_hit (18ms)",
          "Artifact uploaded: build.tar.gz (36MB)",
          "[23:44:25] WARN: Deprecated API usage",
          "Installing react@1.2.0",
          "Installing lodash@5.5.0",
          "\u2713 lint completed",
          "Cache hit for key-5939",
          "\u2713 lint completed",
          "Installing react@4.10.0",
          "=== Step deploy completed ==="
        ]
      }
    ],
    "label": "normal"
  }
}