{
  "action": "completed",
  "workflow_run": {
    "id": 336,
    "name": "CI Pipeline",
    "head_branch": "main",
    "head_sha": "53882cc2c51dd48d2bff8d783ab8e2f43b706bc7",
    "status": "completed",
    "conclusion": "success",
    "run_started_at": "2025-12-01T12:51:05.711527Z",
    "updated_at": "2025-12-01T12:55:20.476639Z"
  },
  "repository": {
    "full_name": "startup-io/auth-service",
    "name": "auth-service"
  },
  "sender": {
    "login": "frank"
  },
  "_safeops_extended": {
    "raw_logs": "=== Step: install_dependencies ===\nRan 196 tests in 11s\nVerifying...\nFAILED: test_api_health\nNODE_ENV=production\nLayer 5/9: ENV command\nOK\npip: Installing build dependencies...\nDone.\n[12:51:05] INFO: Cache refreshed\n[12:51:05] DEBUG: Initializing service\nCache invalidated: dependencies\nCache saved successfully\nBundling runtime.js\nTest Suites: 43 passed, 12 total\nStep 5/21: Running migrations\nTransforming 751 files...\nLayer 8/11: COPY command\n[12:51:05] DEBUG: Query executed in 80ms\n\u2713 Task completed in 463ms\n[12:51:05] INFO: Connecting to database\nWaiting...\nGenerating source maps...\n[12:51:05] INFO: Request completed\n=== Step install_dependencies completed ===\n=== Step: deploy_staging ===\nnpm notice: package.json updated\nTLS handshake completed\nStep 8/21: Linting\nTransforming 602 files...\n\u2713 Step 'test' succeeded\n[12:51:05] DEBUG: Memory usage: 1040MB\nLoading...\n\u26a0 DEPRECATION: Feature will be removed in v3.0\nImage pulled successfully\n  PASS: e2e/test_db_connect.spec.js\nProcessing...\nGenerating source maps...\nTest Suites: 7 passed, 24 total\n\u2713 All checks passed\nFinished.\nStep 3/19: Running migrations\nUsing Node.js 16.15.0\nArtifact uploaded: build.tar.gz (34MB)\nTime: 89.519s\nCache miss for key-2498\nRan 118 tests in 59s\nAlready up to date.\nTLS handshake completed\n=== Step deploy_staging completed ===\n=== Step: checkout ===\nyarn add: Done in 25.44s\nFAILED: test_db_connect\nStep 17/25: Testing\nSnapshots: 39 passed, 30 total\nMinifying vendor.js\nPOST /data - 200 (429ms)\nCache saved successfully\nCompiling src/index.js...\nPlatform: linux-x64\npip: Installing build dependencies...\npip: Downloading webpack-5.11.tar.gz\n  PASS: unit/test_auth_login.spec.js\n[12:51:05] DEBUG: Connection pool: 7 active\nStep 19/23: Running migrations\n[12:51:05] DEBUG: Connection pool: 10 active\nException: ValueError\nAlready up to date.\nCache saved successfully\nGET /api - 201 (70ms)\nFetching submodules...\n[12:51:05] DEBUG: Loading configuration\nStep 2/21: Testing\nLoading...\n=== Step checkout completed ===\n=== Step: e2e_tests ===\nReady.\nStep 14/20: Installing dependencies\nStep 6/21: Building\n\u26a0 DEPRECATION: Feature will be removed in v4.0\nAlready up to date.\n[12:51:05] DEBUG: Memory usage: 836MB\nOptimizing 68 modules...\n[12:51:05] ERROR: Connection failed\nFetching from https://docker.io/package.json\n[12:51:05] DEBUG: Initializing service\nPulling image: node:3.11\nStep 14/15: Testing\n\u2717 build failed with exit code 73\n[12:51:05] INFO: Cache refreshed\n[12:51:05] WARN: Deprecated API usage\nStep 6/21: Running migrations\nCompiling utils/utils.go...\nArtifact downloaded: 27MB\npip: Downloading webpack-2.13.tar.gz\nPOST /upload - 200 (174ms)\n[12:51:05] INFO: Request completed\nBuilding Docker image...\nOK\n=== Step e2e_tests completed ===\n=== Step: restore_cache ===\nFinished.\nConnection established\nSnapshots: 41 passed, 50 total\n[12:51:05] DEBUG: Query executed in 77ms\nPOST /data - 202 (459ms)\nCache invalidated: build\n[12:51:05] DEBUG: Connection pool: 10 active\nAlready up to date.\nDone.\nLayer 1/15: COPY command\n[12:51:05] INFO: Starting build process\n[12:51:05] INFO: Processing request\nCache saved successfully\nCompiling components/service.java...\n[12:51:05] DEBUG: Loading configuration\nPOST /api - 201 (247ms)\n\u2713 Step 'build' succeeded\nOptimizing 51 modules...\nEnvironment: test\nMinifying app.js\nNODE_ENV=test\nStep 9/22: Running migrations\n[12:51:05] INFO: Starting build process\n=== Step restore_cache completed ===\n=== Step: setup_node ===\nLayer 7/12: RUN command\n\u26a0 DEPRECATION: Feature will be removed in v5.0\n  PASS: e2e/test_api_health.spec.js\nUsing Node.js 14.13.5\nConnection established\nFAILED: test_auth_login\nTest Suites: 23 passed, 31 total\n[12:51:05] DEBUG: Initializing service\nLayer 3/14: COPY command\nConnection established\nCoverage: 80% statements, 77% branches\nVerifying...\nWARNING: axios has known vulnerabilities\nReady.\n[12:51:05] ERROR: Connection failed\nCache saved successfully\nCompiling utils/main.py...\nWARNING: prettier has known vulnerabilities\nProcessing...\nHEAD is now at d3bec4b\nStep 13/19: Running migrations\nnpm notice: package.json updated\nSnapshots: 5 passed, 28 total\n=== Step setup_node completed ===\n=== Step: type_check ===\nCompleted.\nInstalling react@5.12.7\nArtifact uploaded: build.tar.gz (10MB)\nHEAD is now at 170881b\nPlatform: linux-x64\nCompleted.\nUsing Python 3.10\n\u2713 All checks passed\nStep 17/21: Building\nHEAD is now at 37ec61e\nOptimizing 21 modules...\npip: Installing build dependencies...\nArtifact downloaded: 17MB\n[12:51:05] DEBUG: Query executed in 9ms\nSnapshots: 24 passed, 19 total\nCache restored successfully (232MB)\n\u2713 All checks passed\nSnapshots: 37 passed, 33 total\nDone.\nNODE_ENV=test\n\u2713 build completed\nDone.\n[12:51:05] DEBUG: Connection pool: 19 active\n=== Step type_check completed ===\n=== Step: lint ===\nGenerating source maps...\nTLS handshake completed\nRan 54 tests in 60s\nCompiling components/main.py...\nProcessing...\nVerifying...\n[12:51:05] WARN: Deprecated API usage\nInstalling webpack@2.15.7\nEnvironment: staging\n[12:51:05] WARN: Deprecated API usage\n[12:51:05] WARN: Deprecated API usage\nyarn add: Done in 14.26s\n\u2713 Task completed in 1056ms\nConnection established\nCache hit for key-1866\n[12:51:05] INFO: Processing request\n[12:51:05] WARN: Deprecated API usage\n\u26a0 DEPRECATION: Feature will be removed in v2.0\nGenerating source maps...\nStep 11/25: Testing\n[12:51:05] DEBUG: Loading configuration\nFAILED: test_db_connect\nLayer 10/13: ENV command\n=== Step lint completed ===\n=== Step: build ===\n[12:51:05] WARN: Deprecated API usage\nWaiting...\nCompiling components/service.java...\nCompiling src/app.ts...\npip install: Successfully installed jest-2.15\nTest Suites: 18 passed, 26 total\nNODE_ENV=test\nStep 5/23: Testing\nCreating production build...\nAlready up to date.\nAlready up to date.\nSnapshots: 3 passed, 12 total\nWARNING: lodash has known vulnerabilities\nCache hit for key-3343\nyarn add: Done in 16.70s\nUsing Node.js 17.18.3\n\u26a0 DEPRECATION: Feature will be removed in v2.0\nnpm notice: created a lockfile\n  PASS: test_auth_login (168ms)\nUploading artifact 'coverage' (40 files)\nnpm notice: created a lockfile\nUsing Python 3.11\nCache saved successfully\n=== Step build completed ===\n=== Step: integration_tests ===\n  PASS: test_user_create (439ms)\n\u2713 Task completed in 4667ms\npip: Installing build dependencies...\nOptimizing 19 modules...\nyarn add: Done in 1.2s\nWaiting...\n[12:51:05] INFO: Processing request\npip: Downloading webpack-4.10.tar.gz\n  PASS: test_auth_login (306ms)\nCreating production build...\nUploading artifact 'dist' (36 files)\nFetching from https://pypi.org/package.json\n[12:51:05] DEBUG: Loading configuration\n\u26a0 DEPRECATION: Feature will be removed in v2.0\n\u2713 All checks passed\nWARNING: lodash has known vulnerabilities\nPOST /upload - 202 (20ms)\nHEAD is now at 55090d8\nCoverage: 88% statements, 88% branches\nnpm install: added 193 packages\nBundling styles.js\nReady.\nWaiting...\n=== Step integration_tests completed ===\n=== Step: save_cache ===\nCompleted.\n[12:51:05] DEBUG: Memory usage: 198MB\nSuccess!\nUsing Node.js 16.2.3\n[12:51:05] INFO: Starting build process\n[12:51:05] INFO: Connecting to database\nStep 16/19: Deploying\nStep 7/21: Running migrations\nnpm notice: package.json updated\nCache miss for key-8618\nSuccess!\nTLS handshake completed\n\u2713 All checks passed\npip: Installing build dependencies...\n\u2717 build failed with exit code 44\nCompiling utils/service.java...\nFetching from https://docker.io/package.json\n\u2713 Task completed in 1890ms\nUsing Node.js 15.14.3\nStep 20/18: Running migrations\nFetching submodules...\nCompiling components/service.java...\nnpm notice: created a lockfile\n=== Step save_cache completed ===\n=== Step: unit_tests ===\nStep 4/18: Installing dependencies\nCache invalidated: build\nSuccess!\nWARNING: express has known vulnerabilities\n\u2713 All checks passed\n\u26a0 DEPRECATION: Feature will be removed in v2.0\nCache miss for key-9450\n[12:51:05] WARN: Deprecated API usage\n[12:51:05] WARN: Deprecated API usage\nArtifact uploaded: dist.zip (40MB)\nAlready up to date.\nWaiting...\nArtifact uploaded: dist.zip (33MB)\nPushing to registry...\nSwitched to branch 'bugfix/task-666'\nStep 10/15: Running migrations\nNODE_ENV=test\nGenerating source maps...\nCompleted.\nAlready up to date.\nGET /api - 204 (20ms)\nStep 20/23: Testing\n\u2713 Step 'setup' succeeded\n=== Step unit_tests completed ===",
    "steps": [
      {
        "name": "install_dependencies",
        "status": "success",
        "started_at": "2025-12-01T12:51:05.711527",
        "finished_at": "2025-12-01T12:51:49.137398",
        "log_lines": [
          "=== Step: install_dependencies ===",
          "Ran 196 tests in 11s",
          "Verifying...",
          "FAILED: test_api_health",
          "NODE_ENV=production",
          "Layer 5/9: ENV command",
          "OK",
          "pip: Installing build dependencies...",
          "Done.",
          "[12:51:05] INFO: Cache refreshed",
          "[12:51:05] DEBUG: Initializing service",
          "Cache invalidated: dependencies",
          "Cache saved successfully",
          "Bundling runtime.js",
          "Test Suites: 43 passed, 12 total",
          "Step 5/21: Running migrations",
          "Transforming 751 files...",
          "Layer 8/11: COPY command",
          "[12:51:05] DEBUG: Query executed in 80ms",
          "\u2713 Task completed in 463ms",
          "[12:51:05] INFO: Connecting to database",
          "Waiting...",
          "Generating source maps...",
          "[12:51:05] INFO: Request completed",
          "=== Step install_dependencies completed ==="
        ]
      },
      {
        "name": "deploy_staging",
        "status": "success",
        "started_at": "2025-12-01T12:51:49.137398",
        "finished_at": "2025-12-01T12:52:03.612688",
        "log_lines": [
          "=== Step: deploy_staging ===",
          "npm notice: package.json updated",
          "TLS handshake completed",
          "Step 8/21: Linting",
          "Transforming 602 files...",
          "\u2713 Step 'test' succeeded",
          "[12:51:05] DEBUG: Memory usage: 1040MB",
          "Loading...",
          "\u26a0 DEPRECATION: Feature will be removed in v3.0",
          "Image pulled successfully",
          "  PASS: e2e/test_db_connect.spec.js",
          "Processing...",
          "Generating source maps...",
          "Test Suites: 7 passed, 24 total",
          "\u2713 All checks passed",
          "Finished.",
          "Step 3/19: Running migrations",
          "Using Node.js 16.15.0",
          "Artifact uploaded: build.tar.gz (34MB)",
          "Time: 89.519s",
          "Cache miss for key-2498",
          "Ran 118 tests in 59s",
          "Already up to date.",
          "TLS handshake completed",
          "=== Step deploy_staging completed ==="
        ]
      },
      {
        "name": "checkout",
        "status": "success",
        "started_at": "2025-12-01T12:52:03.612688",
        "finished_at": "2025-12-01T12:52:09.402804",
        "log_lines": [
          "=== Step: checkout ===",
          "yarn add: Done in 25.44s",
          "FAILED: test_db_connect",
          "Step 17/25: Testing",
          "Snapshots: 39 passed, 30 total",
          "Minifying vendor.js",
          "POST /data - 200 (429ms)",
          "Cache saved successfully",
          "Compiling src/index.js...",
          "Platform: linux-x64",
          "pip: Installing build dependencies...",
          "pip: Downloading webpack-5.11.tar.gz",
          "  PASS: unit/test_auth_login.spec.js",
          "[12:51:05] DEBUG: Connection pool: 7 active",
          "Step 19/23: Running migrations",
          "[12:51:05] DEBUG: Connection pool: 10 active",
          "Exception: ValueError",
          "Already up to date.",
          "Cache saved successfully",
          "GET /api - 201 (70ms)",
          "Fetching submodules...",
          "[12:51:05] DEBUG: Loading configuration",
          "Step 2/21: Testing",
          "Loading...",
          "=== Step checkout completed ==="
        ]
      },
      {
        "name": "e2e_tests",
        "status": "success",
        "started_at": "2025-12-01T12:52:09.402804",
        "finished_at": "2025-12-01T12:52:23.878094",
        "log_lines": [
          "=== Step: e2e_tests ===",
          "Ready.",
          "Step 14/20: Installing dependencies",
          "Step 6/21: Building",
          "\u26a0 DEPRECATION: Feature will be removed in v4.0",
          "Already up to date.",
          "[12:51:05] DEBUG: Memory usage: 836MB",
          "Optimizing 68 modules...",
          "[12:51:05] ERROR: Connection failed",
          "Fetching from https://docker.io/package.json",
          "[12:51:05] DEBUG: Initializing service",
          "Pulling image: node:3.11",
          "Step 14/15: Testing",
          "\u2717 build failed with exit code 73",
          "[12:51:05] INFO: Cache refreshed",
          "[12:51:05] WARN: Deprecated API usage",
          "Step 6/21: Running migrations",
          "Compiling utils/utils.go...",
          "Artifact downloaded: 27MB",
          "pip: Downloading webpack-2.13.tar.gz",
          "POST /upload - 200 (174ms)",
          "[12:51:05] INFO: Request completed",
          "Building Docker image...",
          "OK",
          "=== Step e2e_tests completed ==="
        ]
      },
      {
        "name": "restore_cache",
        "status": "success",
        "started_at": "2025-12-01T12:52:23.878094",
        "finished_at": "2025-12-01T12:52:32.563268",
        "log_lines": [
          "=== Step: restore_cache ===",
          "Finished.",
          "Connection established",
          "Snapshots: 41 passed, 50 total",
          "[12:51:05] DEBUG: Query executed in 77ms",
          "POST /data - 202 (459ms)",
          "Cache invalidated: build",
          "[12:51:05] DEBUG: Connection pool: 10 active",
          "Already up to date.",
          "Done.",
          "Layer 1/15: COPY command",
          "[12:51:05] INFO: Starting build process",
          "[12:51:05] INFO: Processing request",
          "Cache saved successfully",
          "Compiling components/service.java...",
          "[12:51:05] DEBUG: Loading configuration",
          "POST /api - 201 (247ms)",
          "\u2713 Step 'build' succeeded",
          "Optimizing 51 modules...",
          "Environment: test",
          "Minifying app.js",
          "NODE_ENV=test",
          "Step 9/22: Running migrations",
          "[12:51:05] INFO: Starting build process",
          "=== Step restore_cache completed ==="
        ]
      },
      {
        "name": "setup_node",
        "status": "success",
        "started_at": "2025-12-01T12:52:32.563268",
        "finished_at": "2025-12-01T12:52:47.038558",
        "log_lines": [
          "=== Step: setup_node ===",
          "Layer 7/12: RUN command",
          "\u26a0 DEPRECATION: Feature will be removed in v5.0",
          "  PASS: e2e/test_api_health.spec.js",
          "Using Node.js 14.13.5",
          "Connection established",
          "FAILED: test_auth_login",
          "Test Suites: 23 passed, 31 total",
          "[12:51:05] DEBUG: Initializing service",
          "Layer 3/14: COPY command",
          "Connection established",
          "Coverage: 80% statements, 77% branches",
          "Verifying...",
          "WARNING: axios has known vulnerabilities",
          "Ready.",
          "[12:51:05] ERROR: Connection failed",
          "Cache saved successfully",
          "Compiling utils/main.py...",
          "WARNING: prettier has known vulnerabilities",
          "Processing...",
          "HEAD is now at d3bec4b",
          "Step 13/19: Running migrations",
          "npm notice: package.json updated",
          "Snapshots: 5 passed, 28 total",
          "=== Step setup_node completed ==="
        ]
      },
      {
        "name": "type_check",
        "status": "success",
        "started_at": "2025-12-01T12:52:47.038558",
        "finished_at": "2025-12-01T12:53:01.513848",
        "log_lines": [
          "=== Step: type_check ===",
          "Completed.",
          "Installing react@5.12.7",
          "Artifact uploaded: build.tar.gz (10MB)",
          "HEAD is now at 170881b",
          "Platform: linux-x64",
          "Completed.",
          "Using Python 3.10",
          "\u2713 All checks passed",
          "Step 17/21: Building",
          "HEAD is now at 37ec61e",
          "Optimizing 21 modules...",
          "pip: Installing build dependencies...",
          "Artifact downloaded: 17MB",
          "[12:51:05] DEBUG: Query executed in 9ms",
          "Snapshots: 24 passed, 19 total",
          "Cache restored successfully (232MB)",
          "\u2713 All checks passed",
          "Snapshots: 37 passed, 33 total",
          "Done.",
          "NODE_ENV=test",
          "\u2713 build completed",
          "Done.",
          "[12:51:05] DEBUG: Connection pool: 19 active",
          "=== Step type_check completed ==="
        ]
      },
      {
        "name": "lint",
        "status": "success",
        "started_at": "2025-12-01T12:53:01.513848",
        "finished_at": "2025-12-01T12:53:15.989138",
        "log_lines": [
          "=== Step: lint ===",
          "Generating source maps...",
          "TLS handshake completed",
          "Ran 54 tests in 60s",
          "Compiling components/main.py...",
          "Processing...",
          "Verifying...",
          "[12:51:05] WARN: Deprecated API usage",
          "Installing webpack@2.15.7",
          "Environment: staging",
          "[12:51:05] WARN: Deprecated API usage",
          "[12:51:05] WARN: Deprecated API usage",
          "yarn add: Done in 14.26s",
          "\u2713 Task completed in 1056ms",
          "Connection established",
          "Cache hit for key-1866",
          "[12:51:05] INFO: Processing request",
          "[12:51:05] WARN: Deprecated API usage",
          "\u26a0 DEPRECATION: Feature will be removed in v2.0",
          "Generating source maps...",
          "Step 11/25: Testing",
          "[12:51:05] DEBUG: Loading configuration",
          "FAILED: test_db_connect",
          "Layer 10/13: ENV command",
          "=== Step lint completed ==="
        ]
      },
      {
        "name": "build",
        "status": "success",
        "started_at": "2025-12-01T12:53:15.989138",
        "finished_at": "2025-12-01T12:53:59.415009",
        "log_lines": [
          "=== Step: build ===",
          "[12:51:05] WARN: Deprecated API usage",
          "Waiting...",
          "Compiling components/service.java...",
          "Compiling src/app.ts...",
          "pip install: Successfully installed jest-2.15",
          "Test Suites: 18 passed, 26 total",
          "NODE_ENV=test",
          "Step 5/23: Testing",
          "Creating production build...",
          "Already up to date.",
          "Already up to date.",
          "Snapshots: 3 passed, 12 total",
          "WARNING: lodash has known vulnerabilities",
          "Cache hit for key-3343",
          "yarn add: Done in 16.70s",
          "Using Node.js 17.18.3",
          "\u26a0 DEPRECATION: Feature will be removed in v2.0",
          "npm notice: created a lockfile",
          "  PASS: test_auth_login (168ms)",
          "Uploading artifact 'coverage' (40 files)",
          "npm notice: created a lockfile",
          "Using Python 3.11",
          "Cache saved successfully",
          "=== Step build completed ==="
        ]
      },
      {
        "name": "integration_tests",
        "status": "success",
        "started_at": "2025-12-01T12:53:59.415009",
        "finished_at": "2025-12-01T12:54:28.365590",
        "log_lines": [
          "=== Step: integration_tests ===",
          "  PASS: test_user_create (439ms)",
          "\u2713 Task completed in 4667ms",
          "pip: Installing build dependencies...",
          "Optimizing 19 modules...",
          "yarn add: Done in 1.2s",
          "Waiting...",
          "[12:51:05] INFO: Processing request",
          "pip: Downloading webpack-4.10.tar.gz",
          "  PASS: test_auth_login (306ms)",
          "Creating production build...",
          "Uploading artifact 'dist' (36 files)",
          "Fetching from https://pypi.org/package.json",
          "[12:51:05] DEBUG: Loading configuration",
          "\u26a0 DEPRECATION: Feature will be removed in v2.0",
          "\u2713 All checks passed",
          "WARNING: lodash has known vulnerabilities",
          "POST /upload - 202 (20ms)",
          "HEAD is now at 55090d8",
          "Coverage: 88% statements, 88% branches",
          "npm install: added 193 packages",
          "Bundling styles.js",
          "Ready.",
          "Waiting...",
          "=== Step integration_tests completed ==="
        ]
      },
      {
        "name": "save_cache",
        "status": "success",
        "started_at": "2025-12-01T12:54:28.365590",
        "finished_at": "2025-12-01T12:54:37.050764",
        "log_lines": [
          "=== Step: save_cache ===",
          "Completed.",
          "[12:51:05] DEBUG: Memory usage: 198MB",
          "Success!",
          "Using Node.js 16.2.3",
          "[12:51:05] INFO: Starting build process",
          "[12:51:05] INFO: Connecting to database",
          "Step 16/19: Deploying",
          "Step 7/21: Running migrations",
          "npm notice: package.json updated",
          "Cache miss for key-8618",
          "Success!",
          "TLS handshake completed",
          "\u2713 All checks passed",
          "pip: Installing build dependencies...",
          "\u2717 build failed with exit code 44",
          "Compiling utils/service.java...",
          "Fetching from https://docker.io/package.json",
          "\u2713 Task completed in 1890ms",
          "Using Node.js 15.14.3",
          "Step 20/18: Running migrations",
          "Fetching submodules...",
          "Compiling components/service.java...",
          "npm notice: created a lockfile",
          "=== Step save_cache completed ==="
        ]
      },
      {
        "name": "unit_tests",
        "status": "success",
        "started_at": "2025-12-01T12:54:37.050764",
        "finished_at": "2025-12-01T12:55:20.476635",
        "log_lines": [
          "=== Step: unit_tests ===",
          "Step 4/18: Installing dependencies",
          "Cache invalidated: build",
          "Success!",
          "WARNING: express has known vulnerabilities",
          "\u2713 All checks passed",
          "\u26a0 DEPRECATION: Feature will be removed in v2.0",
          "Cache miss for key-9450",
          "[12:51:05] WARN: Deprecated API usage",
          "[12:51:05] WARN: Deprecated API usage",
          "Artifact uploaded: dist.zip (40MB)",
          "Already up to date.",
          "Waiting...",
          "Artifact uploaded: dist.zip (33MB)",
          "Pushing to registry...",
          "Switched to branch 'bugfix/task-666'",
          "Step 10/15: Running migrations",
          "NODE_ENV=test",
          "Generating source maps...",
          "Completed.",
          "Already up to date.",
          "GET /api - 204 (20ms)",
          "Step 20/23: Testing",
          "\u2713 Step 'setup' succeeded",
          "=== Step unit_tests completed ==="
        ]
      }
    ],
    "label": "normal"
  }
}