{
  "action": "completed",
  "workflow_run": {
    "id": 693,
    "name": "CI Pipeline",
    "head_branch": "main",
    "head_sha": "377ef8699e00b7d0a3385c601bea1692a006a7fd",
    "status": "completed",
    "conclusion": "success",
    "run_started_at": "2025-11-27T23:44:28.090774Z",
    "updated_at": "2025-11-27T23:46:39.222205Z"
  },
  "repository": {
    "full_name": "startup-io/mobile-backend",
    "name": "mobile-backend"
  },
  "sender": {
    "login": "frank"
  },
  "_safeops_extended": {
    "raw_logs": "=== Step: checkout ===\nStep 2/10: Building\nCompiling src/utils.go...\nArtifact uploaded: build.tar.gz (31MB)\nInstalling prettier@5.1.0\nArtifact uploaded: build.tar.gz (19MB)\n  PASS: test_auth_login (482ms)\n[23:44:28] INFO: Processing request\nStep 7/10: Building\n\u2713 test completed\n  PASS: test_user_create (419ms)\n  PASS: test_db_connect (248ms)\nCompiling src/handler.rs...\n\u2713 lint completed\nStep 1/10: Building\n[23:44:28] INFO: Processing request\n  PASS: test_db_connect (115ms)\nInstalling react@1.19.0\nStep 3/10: Building\nStep 3/10: Building\n\u2713 build completed\nWARNING: webpack has known vulnerabilities\n\u26a0 DEPRECATION: Feature will be removed in v5.0\n\u26a0 DEPRECATION: Feature will be removed in v3.0\nStep 8/10: Building\n[23:44:28] INFO: Processing request\nCache hit for key-6409\nInstalling jest@1.20.0\nCompiling src/main.py...\nStep 9/10: Building\n[23:44:28] INFO: Processing request\n[23:44:28] INFO: Processing request\nArtifact uploaded: build.tar.gz (32MB)\n\u2713 lint completed\n  PASS: test_db_connect (326ms)\nArtifact uploaded: build.tar.gz (30MB)\nCache hit for key-9539\n  PASS: test_cache_hit (28ms)\n[23:44:28] INFO: Processing request\n  PASS: test_cache_hit (492ms)\n[23:44:28] INFO: Processing request\nCompiling src/index.js...\nStep 6/10: Building\n\u2717 build failed with exit code 23\n\u2713 test completed\nStep 4/10: Building\n\u2713 test completed\nArtifact uploaded: build.tar.gz (17MB)\n[23:44:28] INFO: Processing request\nCompiling src/app.ts...\nCompiling src/app.ts...\nInstalling webpack@5.18.0\nStep 9/10: Building\nCache hit for key-5013\nInstalling jest@2.16.0\n\u2713 build completed\n\u2713 test completed\nArtifact uploaded: build.tar.gz (32MB)\nWARNING: webpack has known vulnerabilities\n\u2713 build completed\n\u2713 lint completed\nStep 9/10: Building\nArtifact uploaded: build.tar.gz (40MB)\nInstalling express@1.7.0\nInstalling axios@3.4.0\nInstalling axios@3.20.0\nCompiling src/utils.go...\nArtifact uploaded: build.tar.gz (35MB)\nCompiling src/utils.go...\nCompiling src/service.java...\n\u2713 build completed\nException: RuntimeError\nCompiling src/index.js...\nCompiling src/index.js...\nStep 3/10: Building\n[23:44:28] WARN: Deprecated API usage\nInstalling lodash@4.7.0\nInstalling prettier@2.11.0\n\u2713 lint completed\n[23:44:28] WARN: Deprecated API usage\nStep 6/10: Building\nCompiling src/main.py...\nCache hit for key-7411\n  PASS: test_cache_hit (416ms)\n=== Step checkout completed ===\n=== Step: setup_environment ===\nCache hit for key-4353\nStep 1/10: Building\n  PASS: test_api_health (58ms)\n  PASS: test_user_create (161ms)\n\u2713 test completed\nInstalling react@1.18.0\nCompiling src/service.java...\nInstalling lodash@1.8.0\n\u2713 test completed\n[23:44:28] INFO: Processing request\n\u2713 build completed\nInstalling express@3.6.0\nStep 10/10: Building\nCache hit for key-9042\nArtifact uploaded: build.tar.gz (49MB)\nCompiling src/service.java...\nInstalling webpack@3.20.0\n\u2713 test completed\n\u2713 lint completed\nCache hit for key-6331\n[23:44:28] INFO: Processing request\nFAILED: test_auth_login\n\u2713 build completed\nCompiling src/main.py...\n\u2713 lint completed\nCache hit for key-3411\n\u26a0 DEPRECATION: Feature will be removed in v3.0\n\u2713 test completed\n  PASS: test_cache_hit (443ms)\n\u2713 test completed\nInstalling jest@5.19.0\n[23:44:28] WARN: Deprecated API usage\n[23:44:28] INFO: Processing request\n[23:44:28] INFO: Processing request\nCompiling src/main.py...\nWARNING: lodash has known vulnerabilities\n[23:44:28] INFO: Processing request\nCompiling src/index.js...\n[23:44:28] INFO: Processing request\n  PASS: test_user_create (472ms)\nCache hit for key-1878\n  PASS: test_api_health (444ms)\nCompiling src/utils.go...\n  PASS: test_auth_login (442ms)\nInstalling lodash@3.5.0\n\u2713 test completed\n  PASS: test_cache_hit (42ms)\n\u2713 lint completed\nStep 2/10: Building\nCompiling src/index.js...\nStep 1/10: Building\nArtifact uploaded: build.tar.gz (37MB)\nCompiling src/handler.rs...\n[23:44:28] WARN: Deprecated API usage\nWARNING: express has known vulnerabilities\n  PASS: test_cache_hit (43ms)\nCompiling src/index.js...\n\u2717 build failed with exit code 23\nCompiling src/service.java...\nCompiling src/service.java...\nStep 5/10: Building\n[23:44:28] INFO: Processing request\n  PASS: test_cache_hit (178ms)\nInstalling express@5.14.0\nArtifact uploaded: build.tar.gz (13MB)\nCompiling src/app.ts...\nCompiling src/app.ts...\n  PASS: test_api_health (363ms)\n\u2713 build completed\nStep 8/10: Building\nCompiling src/handler.rs...\nStep 7/10: Building\nCache hit for key-7560\nCompiling src/index.js...\n[23:44:28] INFO: Processing request\nStep 2/10: Building\nArtifact uploaded: build.tar.gz (28MB)\nInstalling prettier@1.17.0\nCompiling src/service.java...\n  PASS: test_db_connect (89ms)\n  PASS: test_auth_login (442ms)\nStep 8/10: Building\nInstalling react@4.6.0\n=== Step setup_environment completed ===\n=== Step: install_dependencies ===\nStep 10/10: Building\nCompiling src/app.ts...\nArtifact uploaded: build.tar.gz (32MB)\nCompiling src/app.ts...\n  PASS: test_user_create (224ms)\n  PASS: test_auth_login (127ms)\n\u26a0 DEPRECATION: Feature will be removed in v4.0\nArtifact uploaded: build.tar.gz (45MB)\nCompiling src/index.js...\nStep 8/10: Building\n\u2713 lint completed\n\u26a0 DEPRECATION: Feature will be removed in v4.0\n\u2713 lint completed\nCompiling src/index.js...\n\u2713 build completed\n\u2717 build failed with exit code 25\n\u2713 lint completed\nCompiling src/service.java...\nStep 10/10: Building\nStep 5/10: Building\nCompiling src/utils.go...\n  PASS: test_auth_login (250ms)\n[23:44:28] INFO: Processing request\nStep 4/10: Building\nInstalling eslint@5.11.0\n[23:44:28] INFO: Processing request\n\u26a0 DEPRECATION: Feature will be removed in v5.0\nInstalling eslint@5.15.0\n[23:44:28] INFO: Processing request\nArtifact uploaded: build.tar.gz (10MB)\nCompiling src/index.js...\nCache hit for key-5126\n[23:44:28] INFO: Processing request\n[23:44:28] INFO: Processing request\n  PASS: test_auth_login (423ms)\nStep 1/10: Building\nStep 2/10: Building\nCache hit for key-9163\n\u2717 build failed with exit code 75\nCache hit for key-5017\nInstalling prettier@5.19.0\n\u2713 lint completed\nArtifact uploaded: build.tar.gz (20MB)\nStep 5/10: Building\nCache hit for key-4232\nStep 4/10: Building\n[23:44:28] INFO: Processing request\nArtifact uploaded: build.tar.gz (44MB)\nCache hit for key-7663\n[23:44:28] INFO: Processing request\nCompiling src/app.ts...\nInstalling react@5.3.0\nArtifact uploaded: build.tar.gz (22MB)\nInstalling express@3.16.0\n  PASS: test_cache_hit (460ms)\nInstalling react@4.9.0\nCache hit for key-8720\n  PASS: test_user_create (182ms)\nInstalling eslint@2.17.0\n\u2713 test completed\nArtifact uploaded: build.tar.gz (49MB)\n\u2713 test completed\n  PASS: test_user_create (104ms)\n[23:44:28] INFO: Processing request\nStep 10/10: Building\nCompiling src/index.js...\nArtifact uploaded: build.tar.gz (19MB)\n  PASS: test_db_connect (323ms)\nInstalling prettier@4.0.0\nCompiling src/index.js...\n[23:44:28] INFO: Processing request\nStep 4/10: Building\n  PASS: test_auth_login (211ms)\nCompiling src/main.py...\nArtifact uploaded: build.tar.gz (2MB)\n[23:44:28] INFO: Processing request\n[23:44:28] INFO: Processing request\nArtifact uploaded: build.tar.gz (50MB)\nCompiling src/utils.go...\n\u2713 build completed\nArtifact uploaded: build.tar.gz (12MB)\nInstalling axios@1.1.0\n  PASS: test_user_create (62ms)\n=== Step install_dependencies completed ===\n=== Step: run_tests ===\nArtifact uploaded: build.tar.gz (13MB)\n[23:44:28] WARN: Deprecated API usage\n[23:44:28] WARN: Deprecated API usage\n[23:44:28] INFO: Processing request\nCache hit for key-4514\nStep 9/10: Building\n  PASS: test_auth_login (252ms)\n\u26a0 DEPRECATION: Feature will be removed in v3.0\n\u26a0 DEPRECATION: Feature will be removed in v3.0\n  PASS: test_db_connect (83ms)\nInstalling express@5.7.0\nCompiling src/service.java...\n[23:44:28] INFO: Processing request\nInstalling webpack@1.16.0\n[23:44:28] INFO: Processing request\n  PASS: test_user_create (196ms)\n\u2713 test completed\nArtifact uploaded: build.tar.gz (5MB)\nStep 10/10: Building\n\u2713 lint completed\nArtifact uploaded: build.tar.gz (10MB)\nCompiling src/index.js...\nInstalling eslint@5.9.0\nException: NullPointerException\nCompiling src/handler.rs...\nCompiling src/app.ts...\n[23:44:28] WARN: Deprecated API usage\n[23:44:28] INFO: Processing request\n[23:44:28] INFO: Processing request\n[23:44:28] INFO: Processing request\n  PASS: test_user_create (173ms)\n[23:44:28] INFO: Processing request\nStep 5/10: Building\nArtifact uploaded: build.tar.gz (33MB)\n[23:44:28] INFO: Processing request\nStep 3/10: Building\nCompiling src/index.js...\nInstalling lodash@1.15.0\n\u2713 lint completed\n\u2713 lint completed\n  PASS: test_cache_hit (137ms)\nCompiling src/main.py...\nStep 5/10: Building\n\u2713 lint completed\nCache hit for key-1208\nArtifact uploaded: build.tar.gz (23MB)\n[23:44:28] INFO: Processing request\n  PASS: test_cache_hit (338ms)\n[23:44:28] INFO: Processing request\n\u2713 test completed\nInstalling webpack@2.5.0\n  PASS: test_api_health (176ms)\n  PASS: test_db_connect (279ms)\nInstalling prettier@3.8.0\n[23:44:28] INFO: Processing request\n  PASS: test_cache_hit (271ms)\nCompiling src/utils.go...\nCache hit for key-1326\nCompiling src/main.py...\nCompiling src/service.java...\n\u2713 test completed\nInstalling express@5.6.0\nArtifact uploaded: build.tar.gz (45MB)\n[23:44:28] INFO: Processing request\nCache hit for key-4668\n\u2713 lint completed\nCache hit for key-1141\nFAILED: test_api_health\n\u26a0 DEPRECATION: Feature will be removed in v3.0\nCompiling src/main.py...\nCache hit for key-7862\nInstalling prettier@5.1.0\n[23:44:28] INFO: Processing request\nCache hit for key-2416\nArtifact uploaded: build.tar.gz (48MB)\nCompiling src/app.ts...\nInstalling axios@5.18.0\nArtifact uploaded: build.tar.gz (31MB)\nCompiling src/index.js...\nCache hit for key-3468\n  PASS: test_api_health (118ms)\nCompiling src/utils.go...\nArtifact uploaded: build.tar.gz (46MB)\n=== Step run_tests completed ===\n=== Step: build_artifact ===\nArtifact uploaded: build.tar.gz (50MB)\nArtifact uploaded: build.tar.gz (13MB)\n  PASS: test_auth_login (457ms)\nInstalling express@2.4.0\nCache hit for key-5974\n  PASS: test_user_create (231ms)\nCache hit for key-5267\n[23:44:28] INFO: Processing request\nArtifact uploaded: build.tar.gz (15MB)\nCache hit for key-4503\n\u26a0 DEPRECATION: Feature will be removed in v3.0\n[23:44:28] INFO: Processing request\n  PASS: test_user_create (44ms)\nStep 4/10: Building\nStep 1/10: Building\n\u2713 lint completed\nCache hit for key-5947\nStep 4/10: Building\n  PASS: test_cache_hit (461ms)\nFAILED: test_auth_login\n\u2713 build completed\nStep 10/10: Building\nCompiling src/handler.rs...\n\u2713 test completed\nArtifact uploaded: build.tar.gz (33MB)\nCompiling src/service.java...\nInstalling axios@4.8.0\nCache hit for key-6556\n  PASS: test_user_create (258ms)\n[23:44:28] INFO: Processing request\nArtifact uploaded: build.tar.gz (40MB)\nCompiling src/main.py...\n[23:44:28] INFO: Processing request\n\u2717 build failed with exit code 74\nStep 3/10: Building\nStep 3/10: Building\nCompiling src/index.js...\nCache hit for key-3508\n  PASS: test_user_create (349ms)\n[23:44:28] INFO: Processing request\nArtifact uploaded: build.tar.gz (33MB)\nFAILED: test_db_connect\nStep 7/10: Building\nCompiling src/utils.go...\nArtifact uploaded: build.tar.gz (5MB)\nCompiling src/handler.rs...\nCache hit for key-6735\n\u26a0 DEPRECATION: Feature will be removed in v3.0\nInstalling lodash@2.11.0\n[23:44:28] WARN: Deprecated API usage\n\u2713 test completed\n[23:44:28] WARN: Deprecated API usage\nCache hit for key-5928\nCache hit for key-5373\n\u2717 build failed with exit code 68\nArtifact uploaded: build.tar.gz (22MB)\nArtifact uploaded: build.tar.gz (9MB)\nCache hit for key-3290\nInstalling webpack@1.6.0\n[23:44:28] INFO: Processing request\nArtifact uploaded: build.tar.gz (39MB)\nCache hit for key-3410\n  PASS: test_user_create (439ms)\nArtifact uploaded: build.tar.gz (50MB)\nCompiling src/service.java...\nInstalling prettier@2.3.0\nArtifact uploaded: build.tar.gz (9MB)\n[23:44:28] INFO: Processing request\nStep 4/10: Building\nCache hit for key-7403\nStep 4/10: Building\nArtifact uploaded: build.tar.gz (22MB)\nArtifact uploaded: build.tar.gz (17MB)\nCache hit for key-8810\n\u26a0 DEPRECATION: Feature will be removed in v5.0\nInstalling eslint@1.5.0\n  PASS: test_db_connect (376ms)\nArtifact uploaded: build.tar.gz (35MB)\n\u2713 build completed\nInstalling react@2.13.0\nCompiling src/main.py...\nCompiling src/index.js...\n  PASS: test_auth_login (1ms)\n=== Step build_artifact completed ===\n=== Step: deploy ===\nArtifact uploaded: build.tar.gz (23MB)\n\u2713 lint completed\nInstalling jest@4.12.0\nArtifact uploaded: build.tar.gz (18MB)\n\u2713 test completed\nStep 2/10: Building\n[23:44:28] INFO: Processing request\n[23:44:28] WARN: Deprecated API usage\nStep 10/10: Building\nArtifact uploaded: build.tar.gz (23MB)\nCache hit for key-9299\nArtifact uploaded: build.tar.gz (4MB)\n[23:44:28] INFO: Processing request\nCompiling src/utils.go...\nInstalling express@1.3.0\n\u26a0 DEPRECATION: Feature will be removed in v4.0\nStep 10/10: Building\nCache hit for key-5672\n[23:44:28] INFO: Processing request\nInstalling prettier@3.11.0\nInstalling axios@2.18.0\n\u2713 lint completed\n  PASS: test_auth_login (278ms)\nWARNING: webpack has known vulnerabilities\nInstalling webpack@5.13.0\n[23:44:28] ERROR: Connection failed\nCache hit for key-6897\nCompiling src/main.py...\nCompiling src/handler.rs...\nArtifact uploaded: build.tar.gz (39MB)\nInstalling lodash@2.10.0\n[23:44:28] INFO: Processing request\nStep 3/10: Building\n\u2713 lint completed\nCompiling src/main.py...\n[23:44:28] INFO: Processing request\n[23:44:28] ERROR: Connection failed\nStep 6/10: Building\n[23:44:28] INFO: Processing request\n  PASS: test_auth_login (178ms)\nWARNING: eslint has known vulnerabilities\nCache hit for key-1383\nStep 1/10: Building\nStep 5/10: Building\nInstalling lodash@3.20.0\nWARNING: axios has known vulnerabilities\nStep 3/10: Building\nCompiling src/index.js...\nStep 6/10: Building\nCache hit for key-7743\nInstalling jest@5.20.0\nInstalling webpack@2.15.0\nArtifact uploaded: build.tar.gz (42MB)\n[23:44:28] INFO: Processing request\n  PASS: test_db_connect (363ms)\n  PASS: test_auth_login (314ms)\n\u2713 test completed\n[23:44:28] INFO: Processing request\nCache hit for key-5291\n[23:44:28] WARN: Deprecated API usage\nStep 5/10: Building\nArtifact uploaded: build.tar.gz (37MB)\nFAILED: test_db_connect\nInstalling webpack@1.4.0\nStep 8/10: Building\n[23:44:28] INFO: Processing request\n  PASS: test_user_create (159ms)\n[23:44:28] WARN: Deprecated API usage\n\u26a0 DEPRECATION: Feature will be removed in v2.0\nWARNING: express has known vulnerabilities\n[23:44:28] INFO: Processing request\n\u26a0 DEPRECATION: Feature will be removed in v4.0\n[23:44:28] INFO: Processing request\n[23:44:28] INFO: Processing request\n  PASS: test_api_health (221ms)\n[23:44:28] INFO: Processing request\nStep 4/10: Building\n\u2713 test completed\nArtifact uploaded: build.tar.gz (48MB)\n[23:44:28] INFO: Processing request\nInstalling react@4.20.0\nStep 2/10: Building\n  PASS: test_db_connect (322ms)\n=== Step deploy completed ===",
    "steps": [
      {
        "name": "checkout",
        "status": "success",
        "started_at": "2025-11-27T23:44:28.090774",
        "finished_at": "2025-11-27T23:44:34.647346",
        "log_lines": [
          "=== Step: checkout ===",
          "Step 2/10: Building",
          "Compiling src/utils.go...",
          "Artifact uploaded: build.tar.gz (31MB)",
          "Installing prettier@5.1.0",
          "Artifact uploaded: build.tar.gz (19MB)",
          "  PASS: test_auth_login (482ms)",
          "[23:44:28] INFO: Processing request",
          "Step 7/10: Building",
          "\u2713 test completed",
          "  PASS: test_user_create (419ms)",
          "  PASS: test_db_connect (248ms)",
          "Compiling src/handler.rs...",
          "\u2713 lint completed",
          "Step 1/10: Building",
          "[23:44:28] INFO: Processing request",
          "  PASS: test_db_connect (115ms)",
          "Installing react@1.19.0",
          "Step 3/10: Building",
          "Step 3/10: Building",
          "\u2713 build completed",
          "WARNING: webpack has known vulnerabilities",
          "\u26a0 DEPRECATION: Feature will be removed in v5.0",
          "\u26a0 DEPRECATION: Feature will be removed in v3.0",
          "Step 8/10: Building",
          "[23:44:28] INFO: Processing request",
          "Cache hit for key-6409",
          "Installing jest@1.20.0",
          "Compiling src/main.py...",
          "Step 9/10: Building",
          "[23:44:28] INFO: Processing request",
          "[23:44:28] INFO: Processing request",
          "Artifact uploaded: build.tar.gz (32MB)",
          "\u2713 lint completed",
          "  PASS: test_db_connect (326ms)",
          "Artifact uploaded: build.tar.gz (30MB)",
          "Cache hit for key-9539",
          "  PASS: test_cache_hit (28ms)",
          "[23:44:28] INFO: Processing request",
          "  PASS: test_cache_hit (492ms)",
          "[23:44:28] INFO: Processing request",
          "Compiling src/index.js...",
          "Step 6/10: Building",
          "\u2717 build failed with exit code 23",
          "\u2713 test completed",
          "Step 4/10: Building",
          "\u2713 test completed",
          "Artifact uploaded: build.tar.gz (17MB)",
          "[23:44:28] INFO: Processing request",
          "Compiling src/app.ts...",
          "Compiling src/app.ts...",
          "Installing webpack@5.18.0",
          "Step 9/10: Building",
          "Cache hit for key-5013",
          "Installing jest@2.16.0",
          "\u2713 build completed",
          "\u2713 test completed",
          "Artifact uploaded: build.tar.gz (32MB)",
          "WARNING: webpack has known vulnerabilities",
          "\u2713 build completed",
          "\u2713 lint completed",
          "Step 9/10: Building",
          "Artifact uploaded: build.tar.gz (40MB)",
          "Installing express@1.7.0",
          "Installing axios@3.4.0",
          "Installing axios@3.20.0",
          "Compiling src/utils.go...",
          "Artifact uploaded: build.tar.gz (35MB)",
          "Compiling src/utils.go...",
          "Compiling src/service.java...",
          "\u2713 build completed",
          "Exception: RuntimeError",
          "Compiling src/index.js...",
          "Compiling src/index.js...",
          "Step 3/10: Building",
          "[23:44:28] WARN: Deprecated API usage",
          "Installing lodash@4.7.0",
          "Installing prettier@2.11.0",
          "\u2713 lint completed",
          "[23:44:28] WARN: Deprecated API usage",
          "Step 6/10: Building",
          "Compiling src/main.py...",
          "Cache hit for key-7411",
          "  PASS: test_cache_hit (416ms)",
          "=== Step checkout completed ==="
        ]
      },
      {
        "name": "setup_environment",
        "status": "success",
        "started_at": "2025-11-27T23:44:34.647346",
        "finished_at": "2025-11-27T23:44:47.760489",
        "log_lines": [
          "=== Step: setup_environment ===",
          "Cache hit for key-4353",
          "Step 1/10: Building",
          "  PASS: test_api_health (58ms)",
          "  PASS: test_user_create (161ms)",
          "\u2713 test completed",
          "Installing react@1.18.0",
          "Compiling src/service.java...",
          "Installing lodash@1.8.0",
          "\u2713 test completed",
          "[23:44:28] INFO: Processing request",
          "\u2713 build completed",
          "Installing express@3.6.0",
          "Step 10/10: Building",
          "Cache hit for key-9042",
          "Artifact uploaded: build.tar.gz (49MB)",
          "Compiling src/service.java...",
          "Installing webpack@3.20.0",
          "\u2713 test completed",
          "\u2713 lint completed",
          "Cache hit for key-6331",
          "[23:44:28] INFO: Processing request",
          "FAILED: test_auth_login",
          "\u2713 build completed",
          "Compiling src/main.py...",
          "\u2713 lint completed",
          "Cache hit for key-3411",
          "\u26a0 DEPRECATION: Feature will be removed in v3.0",
          "\u2713 test completed",
          "  PASS: test_cache_hit (443ms)",
          "\u2713 test completed",
          "Installing jest@5.19.0",
          "[23:44:28] WARN: Deprecated API usage",
          "[23:44:28] INFO: Processing request",
          "[23:44:28] INFO: Processing request",
          "Compiling src/main.py...",
          "WARNING: lodash has known vulnerabilities",
          "[23:44:28] INFO: Processing request",
          "Compiling src/index.js...",
          "[23:44:28] INFO: Processing request",
          "  PASS: test_user_create (472ms)",
          "Cache hit for key-1878",
          "  PASS: test_api_health (444ms)",
          "Compiling src/utils.go...",
          "  PASS: test_auth_login (442ms)",
          "Installing lodash@3.5.0",
          "\u2713 test completed",
          "  PASS: test_cache_hit (42ms)",
          "\u2713 lint completed",
          "Step 2/10: Building",
          "Compiling src/index.js...",
          "Step 1/10: Building",
          "Artifact uploaded: build.tar.gz (37MB)",
          "Compiling src/handler.rs...",
          "[23:44:28] WARN: Deprecated API usage",
          "WARNING: express has known vulnerabilities",
          "  PASS: test_cache_hit (43ms)",
          "Compiling src/index.js...",
          "\u2717 build failed with exit code 23",
          "Compiling src/service.java...",
          "Compiling src/service.java...",
          "Step 5/10: Building",
          "[23:44:28] INFO: Processing request",
          "  PASS: test_cache_hit (178ms)",
          "Installing express@5.14.0",
          "Artifact uploaded: build.tar.gz (13MB)",
          "Compiling src/app.ts...",
          "Compiling src/app.ts...",
          "  PASS: test_api_health (363ms)",
          "\u2713 build completed",
          "Step 8/10: Building",
          "Compiling src/handler.rs...",
          "Step 7/10: Building",
          "Cache hit for key-7560",
          "Compiling src/index.js...",
          "[23:44:28] INFO: Processing request",
          "Step 2/10: Building",
          "Artifact uploaded: build.tar.gz (28MB)",
          "Installing prettier@1.17.0",
          "Compiling src/service.java...",
          "  PASS: test_db_connect (89ms)",
          "  PASS: test_auth_login (442ms)",
          "Step 8/10: Building",
          "Installing react@4.6.0",
          "=== Step setup_environment completed ==="
        ]
      },
      {
        "name": "install_dependencies",
        "status": "success",
        "started_at": "2025-11-27T23:44:47.760489",
        "finished_at": "2025-11-27T23:45:13.986775",
        "log_lines": [
          "=== Step: install_dependencies ===",
          "Step 10/10: Building",
          "Compiling src/app.ts...",
          "Artifact uploaded: build.tar.gz (32MB)",
          "Compiling src/app.ts...",
          "  PASS: test_user_create (224ms)",
          "  PASS: test_auth_login (127ms)",
          "\u26a0 DEPRECATION: Feature will be removed in v4.0",
          "Artifact uploaded: build.tar.gz (45MB)",
          "Compiling src/index.js...",
          "Step 8/10: Building",
          "\u2713 lint completed",
          "\u26a0 DEPRECATION: Feature will be removed in v4.0",
          "\u2713 lint completed",
          "Compiling src/index.js...",
          "\u2713 build completed",
          "\u2717 build failed with exit code 25",
          "\u2713 lint completed",
          "Compiling src/service.java...",
          "Step 10/10: Building",
          "Step 5/10: Building",
          "Compiling src/utils.go...",
          "  PASS: test_auth_login (250ms)",
          "[23:44:28] INFO: Processing request",
          "Step 4/10: Building",
          "Installing eslint@5.11.0",
          "[23:44:28] INFO: Processing request",
          "\u26a0 DEPRECATION: Feature will be removed in v5.0",
          "Installing eslint@5.15.0",
          "[23:44:28] INFO: Processing request",
          "Artifact uploaded: build.tar.gz (10MB)",
          "Compiling src/index.js...",
          "Cache hit for key-5126",
          "[23:44:28] INFO: Processing request",
          "[23:44:28] INFO: Processing request",
          "  PASS: test_auth_login (423ms)",
          "Step 1/10: Building",
          "Step 2/10: Building",
          "Cache hit for key-9163",
          "\u2717 build failed with exit code 75",
          "Cache hit for key-5017",
          "Installing prettier@5.19.0",
          "\u2713 lint completed",
          "Artifact uploaded: build.tar.gz (20MB)",
          "Step 5/10: Building",
          "Cache hit for key-4232",
          "Step 4/10: Building",
          "[23:44:28] INFO: Processing request",
          "Artifact uploaded: build.tar.gz (44MB)",
          "Cache hit for key-7663",
          "[23:44:28] INFO: Processing request",
          "Compiling src/app.ts...",
          "Installing react@5.3.0",
          "Artifact uploaded: build.tar.gz (22MB)",
          "Installing express@3.16.0",
          "  PASS: test_cache_hit (460ms)",
          "Installing react@4.9.0",
          "Cache hit for key-8720",
          "  PASS: test_user_create (182ms)",
          "Installing eslint@2.17.0",
          "\u2713 test completed",
          "Artifact uploaded: build.tar.gz (49MB)",
          "\u2713 test completed",
          "  PASS: test_user_create (104ms)",
          "[23:44:28] INFO: Processing request",
          "Step 10/10: Building",
          "Compiling src/index.js...",
          "Artifact uploaded: build.tar.gz (19MB)",
          "  PASS: test_db_connect (323ms)",
          "Installing prettier@4.0.0",
          "Compiling src/index.js...",
          "[23:44:28] INFO: Processing request",
          "Step 4/10: Building",
          "  PASS: test_auth_login (211ms)",
          "Compiling src/main.py...",
          "Artifact uploaded: build.tar.gz (2MB)",
          "[23:44:28] INFO: Processing request",
          "[23:44:28] INFO: Processing request",
          "Artifact uploaded: build.tar.gz (50MB)",
          "Compiling src/utils.go...",
          "\u2713 build completed",
          "Artifact uploaded: build.tar.gz (12MB)",
          "Installing axios@1.1.0",
          "  PASS: test_user_create (62ms)",
          "=== Step install_dependencies completed ==="
        ]
      },
      {
        "name": "run_tests",
        "status": "success",
        "started_at": "2025-11-27T23:45:13.986775",
        "finished_at": "2025-11-27T23:45:59.882776",
        "log_lines": [
          "=== Step: run_tests ===",
          "Artifact uploaded: build.tar.gz (13MB)",
          "[23:44:28] WARN: Deprecated API usage",
          "[23:44:28] WARN: Deprecated API usage",
          "[23:44:28] INFO: Processing request",
          "Cache hit for key-4514",
          "Step 9/10: Building",
          "  PASS: test_auth_login (252ms)",
          "\u26a0 DEPRECATION: Feature will be removed in v3.0",
          "\u26a0 DEPRECATION: Feature will be removed in v3.0",
          "  PASS: test_db_connect (83ms)",
          "Installing express@5.7.0",
          "Compiling src/service.java...",
          "[23:44:28] INFO: Processing request",
          "Installing webpack@1.16.0",
          "[23:44:28] INFO: Processing request",
          "  PASS: test_user_create (196ms)",
          "\u2713 test completed",
          "Artifact uploaded: build.tar.gz (5MB)",
          "Step 10/10: Building",
          "\u2713 lint completed",
          "Artifact uploaded: build.tar.gz (10MB)",
          "Compiling src/index.js...",
          "Installing eslint@5.9.0",
          "Exception: NullPointerException",
          "Compiling src/handler.rs...",
          "Compiling src/app.ts...",
          "[23:44:28] WARN: Deprecated API usage",
          "[23:44:28] INFO: Processing request",
          "[23:44:28] INFO: Processing request",
          "[23:44:28] INFO: Processing request",
          "  PASS: test_user_create (173ms)",
          "[23:44:28] INFO: Processing request",
          "Step 5/10: Building",
          "Artifact uploaded: build.tar.gz (33MB)",
          "[23:44:28] INFO: Processing request",
          "Step 3/10: Building",
          "Compiling src/index.js...",
          "Installing lodash@1.15.0",
          "\u2713 lint completed",
          "\u2713 lint completed",
          "  PASS: test_cache_hit (137ms)",
          "Compiling src/main.py...",
          "Step 5/10: Building",
          "\u2713 lint completed",
          "Cache hit for key-1208",
          "Artifact uploaded: build.tar.gz (23MB)",
          "[23:44:28] INFO: Processing request",
          "  PASS: test_cache_hit (338ms)",
          "[23:44:28] INFO: Processing request",
          "\u2713 test completed",
          "Installing webpack@2.5.0",
          "  PASS: test_api_health (176ms)",
          "  PASS: test_db_connect (279ms)",
          "Installing prettier@3.8.0",
          "[23:44:28] INFO: Processing request",
          "  PASS: test_cache_hit (271ms)",
          "Compiling src/utils.go...",
          "Cache hit for key-1326",
          "Compiling src/main.py...",
          "Compiling src/service.java...",
          "\u2713 test completed",
          "Installing express@5.6.0",
          "Artifact uploaded: build.tar.gz (45MB)",
          "[23:44:28] INFO: Processing request",
          "Cache hit for key-4668",
          "\u2713 lint completed",
          "Cache hit for key-1141",
          "FAILED: test_api_health",
          "\u26a0 DEPRECATION: Feature will be removed in v3.0",
          "Compiling src/main.py...",
          "Cache hit for key-7862",
          "Installing prettier@5.1.0",
          "[23:44:28] INFO: Processing request",
          "Cache hit for key-2416",
          "Artifact uploaded: build.tar.gz (48MB)",
          "Compiling src/app.ts...",
          "Installing axios@5.18.0",
          "Artifact uploaded: build.tar.gz (31MB)",
          "Compiling src/index.js...",
          "Cache hit for key-3468",
          "  PASS: test_api_health (118ms)",
          "Compiling src/utils.go...",
          "Artifact uploaded: build.tar.gz (46MB)",
          "=== Step run_tests completed ==="
        ]
      },
      {
        "name": "build_artifact",
        "status": "success",
        "started_at": "2025-11-27T23:45:59.882776",
        "finished_at": "2025-11-27T23:46:26.109062",
        "log_lines": [
          "=== Step: build_artifact ===",
          "Artifact uploaded: build.tar.gz (50MB)",
          "Artifact uploaded: build.tar.gz (13MB)",
          "  PASS: test_auth_login (457ms)",
          "Installing express@2.4.0",
          "Cache hit for key-5974",
          "  PASS: test_user_create (231ms)",
          "Cache hit for key-5267",
          "[23:44:28] INFO: Processing request",
          "Artifact uploaded: build.tar.gz (15MB)",
          "Cache hit for key-4503",
          "\u26a0 DEPRECATION: Feature will be removed in v3.0",
          "[23:44:28] INFO: Processing request",
          "  PASS: test_user_create (44ms)",
          "Step 4/10: Building",
          "Step 1/10: Building",
          "\u2713 lint completed",
          "Cache hit for key-5947",
          "Step 4/10: Building",
          "  PASS: test_cache_hit (461ms)",
          "FAILED: test_auth_login",
          "\u2713 build completed",
          "Step 10/10: Building",
          "Compiling src/handler.rs...",
          "\u2713 test completed",
          "Artifact uploaded: build.tar.gz (33MB)",
          "Compiling src/service.java...",
          "Installing axios@4.8.0",
          "Cache hit for key-6556",
          "  PASS: test_user_create (258ms)",
          "[23:44:28] INFO: Processing request",
          "Artifact uploaded: build.tar.gz (40MB)",
          "Compiling src/main.py...",
          "[23:44:28] INFO: Processing request",
          "\u2717 build failed with exit code 74",
          "Step 3/10: Building",
          "Step 3/10: Building",
          "Compiling src/index.js...",
          "Cache hit for key-3508",
          "  PASS: test_user_create (349ms)",
          "[23:44:28] INFO: Processing request",
          "Artifact uploaded: build.tar.gz (33MB)",
          "FAILED: test_db_connect",
          "Step 7/10: Building",
          "Compiling src/utils.go...",
          "Artifact uploaded: build.tar.gz (5MB)",
          "Compiling src/handler.rs...",
          "Cache hit for key-6735",
          "\u26a0 DEPRECATION: Feature will be removed in v3.0",
          "Installing lodash@2.11.0",
          "[23:44:28] WARN: Deprecated API usage",
          "\u2713 test completed",
          "[23:44:28] WARN: Deprecated API usage",
          "Cache hit for key-5928",
          "Cache hit for key-5373",
          "\u2717 build failed with exit code 68",
          "Artifact uploaded: build.tar.gz (22MB)",
          "Artifact uploaded: build.tar.gz (9MB)",
          "Cache hit for key-3290",
          "Installing webpack@1.6.0",
          "[23:44:28] INFO: Processing request",
          "Artifact uploaded: build.tar.gz (39MB)",
          "Cache hit for key-3410",
          "  PASS: test_user_create (439ms)",
          "Artifact uploaded: build.tar.gz (50MB)",
          "Compiling src/service.java...",
          "Installing prettier@2.3.0",
          "Artifact uploaded: build.tar.gz (9MB)",
          "[23:44:28] INFO: Processing request",
          "Step 4/10: Building",
          "Cache hit for key-7403",
          "Step 4/10: Building",
          "Artifact uploaded: build.tar.gz (22MB)",
          "Artifact uploaded: build.tar.gz (17MB)",
          "Cache hit for key-8810",
          "\u26a0 DEPRECATION: Feature will be removed in v5.0",
          "Installing eslint@1.5.0",
          "  PASS: test_db_connect (376ms)",
          "Artifact uploaded: build.tar.gz (35MB)",
          "\u2713 build completed",
          "Installing react@2.13.0",
          "Compiling src/main.py...",
          "Compiling src/index.js...",
          "  PASS: test_auth_login (1ms)",
          "=== Step build_artifact completed ==="
        ]
      },
      {
        "name": "deploy",
        "status": "success",
        "started_at": "2025-11-27T23:46:26.109062",
        "finished_at": "2025-11-27T23:46:39.222205",
        "log_lines": [
          "=== Step: deploy ===",
          "Artifact uploaded: build.tar.gz (23MB)",
          "\u2713 lint completed",
          "Installing jest@4.12.0",
          "Artifact uploaded: build.tar.gz (18MB)",
          "\u2713 test completed",
          "Step 2/10: Building",
          "[23:44:28] INFO: Processing request",
          "[23:44:28] WARN: Deprecated API usage",
          "Step 10/10: Building",
          "Artifact uploaded: build.tar.gz (23MB)",
          "Cache hit for key-9299",
          "Artifact uploaded: build.tar.gz (4MB)",
          "[23:44:28] INFO: Processing request",
          "Compiling src/utils.go...",
          "Installing express@1.3.0",
          "\u26a0 DEPRECATION: Feature will be removed in v4.0",
          "Step 10/10: Building",
          "Cache hit for key-5672",
          "[23:44:28] INFO: Processing request",
          "Installing prettier@3.11.0",
          "Installing axios@2.18.0",
          "\u2713 lint completed",
          "  PASS: test_auth_login (278ms)",
          "WARNING: webpack has known vulnerabilities",
          "Installing webpack@5.13.0",
          "[23:44:28] ERROR: Connection failed",
          "Cache hit for key-6897",
          "Compiling src/main.py...",
          "Compiling src/handler.rs...",
          "Artifact uploaded: build.tar.gz (39MB)",
          "Installing lodash@2.10.0",
          "[23:44:28] INFO: Processing request",
          "Step 3/10: Building",
          "\u2713 lint completed",
          "Compiling src/main.py...",
          "[23:44:28] INFO: Processing request",
          "[23:44:28] ERROR: Connection failed",
          "Step 6/10: Building",
          "[23:44:28] INFO: Processing request",
          "  PASS: test_auth_login (178ms)",
          "WARNING: eslint has known vulnerabilities",
          "Cache hit for key-1383",
          "Step 1/10: Building",
          "Step 5/10: Building",
          "Installing lodash@3.20.0",
          "WARNING: axios has known vulnerabilities",
          "Step 3/10: Building",
          "Compiling src/index.js...",
          "Step 6/10: Building",
          "Cache hit for key-7743",
          "Installing jest@5.20.0",
          "Installing webpack@2.15.0",
          "Artifact uploaded: build.tar.gz (42MB)",
          "[23:44:28] INFO: Processing request",
          "  PASS: test_db_connect (363ms)",
          "  PASS: test_auth_login (314ms)",
          "\u2713 test completed",
          "[23:44:28] INFO: Processing request",
          "Cache hit for key-5291",
          "[23:44:28] WARN: Deprecated API usage",
          "Step 5/10: Building",
          "Artifact uploaded: build.tar.gz (37MB)",
          "FAILED: test_db_connect",
          "Installing webpack@1.4.0",
          "Step 8/10: Building",
          "[23:44:28] INFO: Processing request",
          "  PASS: test_user_create (159ms)",
          "[23:44:28] WARN: Deprecated API usage",
          "\u26a0 DEPRECATION: Feature will be removed in v2.0",
          "WARNING: express has known vulnerabilities",
          "[23:44:28] INFO: Processing request",
          "\u26a0 DEPRECATION: Feature will be removed in v4.0",
          "[23:44:28] INFO: Processing request",
          "[23:44:28] INFO: Processing request",
          "  PASS: test_api_health (221ms)",
          "[23:44:28] INFO: Processing request",
          "Step 4/10: Building",
          "\u2713 test completed",
          "Artifact uploaded: build.tar.gz (48MB)",
          "[23:44:28] INFO: Processing request",
          "Installing react@4.20.0",
          "Step 2/10: Building",
          "  PASS: test_db_connect (322ms)",
          "=== Step deploy completed ==="
        ]
      }
    ],
    "label": "normal"
  }
}