{
  "action": "completed",
  "workflow_run": {
    "id": 391,
    "name": "CI Pipeline",
    "head_branch": "main",
    "head_sha": "eccc16c5995ea4b4f8e1dc1c35c98fac07af4342",
    "status": "completed",
    "conclusion": "success",
    "run_started_at": "2025-12-01T12:51:13.648197Z",
    "updated_at": "2025-12-01T12:54:24.310257Z"
  },
  "repository": {
    "full_name": "acme-corp/data-pipeline",
    "name": "data-pipeline"
  },
  "sender": {
    "login": "henry"
  },
  "_safeops_extended": {
    "raw_logs": "=== Step: type_check ===\n[12:51:13] DEBUG: Query executed in 43ms\n\u2713 Task completed in 683ms\nCache saved successfully\n[12:51:13] WARN: Deprecated API usage\n\u26a0 DEPRECATION: Feature will be removed in v4.0\nMinifying main.js\nPOST /upload - 201 (55ms)\nCache miss for key-4497\nnpm notice: created a lockfile\nCompiling lib/handler.rs...\nLoading...\nLayer 2/8: RUN command\nFinished.\n[12:51:13] DEBUG: Connection pool: 10 active\n\u2713 Step 'install' succeeded\nUsing Python 3.10\n[12:51:13] WARN: Deprecated API usage\nCache invalidated: node_modules\nTests: 432 passed, 221 total\n[12:51:13] WARN: Deprecated API usage\n  PASS: test_auth_login (20ms)\n[12:51:13] INFO: Cache refreshed\nTime: 42.398s\n[12:51:13] INFO: Starting build process\nFinished.\n\u2713 Step 'test' succeeded\n[12:51:13] DEBUG: Query executed in 78ms\nCompleted.\nCoverage: 92% statements, 86% branches\nStep 6/15: Testing\n[12:51:13] DEBUG: Connection pool: 6 active\nCompiling src/index.js...\nUsing Node.js 14.14.6\nTransforming 330 files...\nImage pulled successfully\n[12:51:13] ERROR: Connection failed\nImage pulled successfully\nCache miss for key-2116\nArtifact uploaded: dist.zip (87MB)\nWARNING: lodash has known vulnerabilities\nnpm install: resolved 903 packages\nMinifying main.js\nNODE_ENV=production\nCompiling src/utils.go...\nReady.\nCache invalidated: node_modules\nnpm install: resolved 1104 packages\nTransforming 382 files...\nWARNING: jest has known vulnerabilities\nCompiling lib/main.py...\n[12:51:13] DEBUG: Memory usage: 1828MB\nGET /api - 204 (17ms)\nCreating production build...\nPulling image: alpine:3.11\nTest Suites: 8 passed, 26 total\nLoading...\nConnection established\nTest Suites: 28 passed, 6 total\nException: NullPointerException\nTest Suites: 47 passed, 22 total\npip: Collecting express\n  PASS: test_user_create (413ms)\nWaiting...\nFetching from https://docker.io/package.json\nStep 3/24: Testing\nPushing to registry...\n[12:51:13] ERROR: Connection failed\nSuccess!\nCompleted.\n[12:51:13] INFO: Request completed\nGenerating source maps...\nCache hit for key-1581\n=== Step type_check completed ===\n=== Step: build ===\nException: NullPointerException\nOptimizing 54 modules...\nException: RuntimeError\nPOST /upload - 201 (416ms)\n[12:51:13] WARN: Deprecated API usage\npip: Installing build dependencies...\nTests: 254 passed, 387 total\nLayer 9/11: COPY command\nCache restored successfully (152MB)\n\u2713 All checks passed\nyarn add: Done in 6.80s\n\u26a0 DEPRECATION: Feature will be removed in v3.0\nArtifact uploaded: dist.zip (23MB)\n  PASS: test_user_create (257ms)\nStep 10/24: Running migrations\npip install: Successfully installed express-2.6\nArtifact uploaded: build.tar.gz (17MB)\nTime: 69.85s\nWaiting...\n  PASS: unit/test_auth_login.spec.js\nCompleted.\nPulling image: alpine:18\nUsing Python 3.11\nFetching from https://npmjs.org/package.json\npip: Installing build dependencies...\nCompiling utils/utils.go...\n[12:51:13] WARN: Deprecated API usage\nPOST /api - 200 (201ms)\nCoverage: 84% statements, 89% branches\nCompiling components/handler.rs...\nUsing Node.js 16.16.8\nWaiting...\nyarn add: Done in 15.37s\nCache miss for key-4419\nCache saved successfully\nDone.\nPulling image: alpine:latest\nReady.\nCompiling utils/utils.go...\nTransforming 165 files...\nInstalling eslint@1.12.8\nChecking out develop branch\n\u2713 All checks passed\n[12:51:13] INFO: Processing request\n\u2713 Step 'build' succeeded\nArtifact uploaded: build.tar.gz (25MB)\nHEAD is now at 95bcf56\n[12:51:13] WARN: Deprecated API usage\nCompleted.\nWARNING: webpack has known vulnerabilities\nCompiling utils/handler.rs...\n\u26a0 DEPRECATION: Feature will be removed in v2.0\n[12:51:13] DEBUG: Loading configuration\nSwitched to branch 'feature/task-399'\nStep 13/19: Deploying\n[12:51:13] DEBUG: Query executed in 14ms\nWARNING: axios has known vulnerabilities\nStep 7/19: Running migrations\nChecking out master branch\nInstalling eslint@3.9.4\nUsing Python 3.12\nImage pulled successfully\n\u26a0 DEPRECATION: Feature will be removed in v4.0\nCoverage: 90% statements, 87% branches\nEnvironment: development\nArtifact uploaded: build.tar.gz (22MB)\n  PASS: test_db_connect (302ms)\nnpm install: resolved 1176 packages\nCreating production build...\n[12:51:13] WARN: Deprecated API usage\nLayer 4/9: ENV command\nFetching submodules...\n=== Step build completed ===\n=== Step: save_cache ===\nCompiling utils/main.py...\nCompiling utils/service.java...\nArtifact uploaded: build.tar.gz (14MB)\nChecking out main branch\nDone.\nGenerating source maps...\n\u2713 test completed\n[12:51:13] WARN: Deprecated API usage\nBuilding Docker image...\nCoverage: 78% statements, 80% branches\nFAILED: test_db_connect\n\u2717 build failed with exit code 94\nCompiling components/handler.rs...\nUsing Python 3.10\nVerifying...\nGET /health - 204 (5ms)\nArtifact uploaded: dist.zip (97MB)\nStep 17/16: Linting\nLoading...\nStep 12/20: Deploying\nTime: 57.690s\n\u26a0 DEPRECATION: Feature will be removed in v4.0\nSwitched to branch 'bugfix/task-588'\nAlready up to date.\nHEAD is now at 76297a1\nMinifying app.js\nTransforming 676 files...\nArtifact uploaded: build.tar.gz (26MB)\nCompiling utils/app.ts...\n\u2717 build failed with exit code 64\nCache restored successfully (75MB)\nAlready up to date.\nFinished.\nGET /api - 200 (83ms)\nPlatform: win32-x64\nHEAD is now at 54da081\nnpm notice: created a lockfile\nWARNING: express has known vulnerabilities\nPulling image: node:18\nCompleted.\n[12:51:13] ERROR: Connection failed\n[12:51:13] DEBUG: Connection pool: 8 active\n\u26a0 DEPRECATION: Feature will be removed in v2.0\nyarn add: Done in 8.71s\n[12:51:13] INFO: Processing request\nProcessing...\nSwitched to branch 'hotfix/task-696'\n[12:51:13] INFO: Processing request\n  PASS: e2e/test_api_health.spec.js\nSnapshots: 10 passed, 43 total\n  PASS: unit/test_db_connect.spec.js\n[12:51:13] ERROR: Connection failed\nFinished.\n[12:51:13] ERROR: Connection failed\nChecking out main branch\nException: NullPointerException\npip: Collecting webpack\nCompiling utils/app.ts...\nCompiling utils/utils.go...\nStep 19/21: Linting\nBuilding Docker image...\nRan 166 tests in 1s\n\u2713 All checks passed\nAlready up to date.\nInstalling prettier@5.14.2\n\u26a0 DEPRECATION: Feature will be removed in v2.0\n\u2713 Task completed in 3686ms\nCreating production build...\nFinished.\nFAILED: test_auth_login\nArtifact uploaded: dist.zip (74MB)\n\u26a0 DEPRECATION: Feature will be removed in v2.0\n=== Step save_cache completed ===\n=== Step: restore_cache ===\nCache hit for key-2355\nCompiling utils/index.js...\npip: Downloading prettier-3.14.tar.gz\n[12:51:13] DEBUG: Loading configuration\nInstalling jest@2.12.5\n[12:51:13] INFO: Connecting to database\n\u2713 deploy completed\nException: NullPointerException\nWaiting...\nImage pulled successfully\nMinifying app.js\nConnection established\nWARNING: lodash has known vulnerabilities\n[12:51:13] DEBUG: Initializing service\nWARNING: lodash has known vulnerabilities\n[12:51:13] INFO: Cache refreshed\nUsing Node.js 19.3.10\nUsing Node.js 20.16.3\nCoverage: 74% statements, 92% branches\nCreating production build...\nPlatform: darwin-arm64\nPlatform: linux-x64\nTest Suites: 47 passed, 33 total\nCompiling utils/app.ts...\n  PASS: integration/test_cache_hit.spec.js\n\u26a0 DEPRECATION: Feature will be removed in v2.0\nVerifying...\nChecking out main branch\nConnection established\nStep 20/18: Linting\nHEAD is now at dade594\nTransforming 540 files...\nFAILED: test_api_health\nTransforming 377 files...\n[12:51:13] ERROR: Connection failed\n\u2713 All checks passed\nCompiling components/service.java...\nStep 13/17: Installing dependencies\nCache invalidated: node_modules\nArtifact uploaded: dist.zip (1MB)\nVerifying...\nGenerating source maps...\n  PASS: test_user_create (361ms)\n[12:51:13] INFO: Connecting to database\nCreating production build...\nCompiling lib/index.js...\nSnapshots: 27 passed, 13 total\n[12:51:13] INFO: Processing request\nCompiling src/handler.rs...\npip install: Successfully installed webpack-3.3\n\u2713 validate completed\nOptimizing 15 modules...\n[12:51:13] DEBUG: Loading configuration\nCompleted.\n  PASS: e2e/test_cache_hit.spec.js\nCompiling components/index.js...\nConnection established\nCreating production build...\nArtifact uploaded: dist.zip (27MB)\nOK\nWARNING: axios has known vulnerabilities\npip install: Successfully installed express-4.17\nTest Suites: 24 passed, 48 total\nnpm notice: created a lockfile\nBuilding Docker image...\n\u2713 Step 'setup' succeeded\n[12:51:13] INFO: Connecting to database\nPushing to registry...\nPlatform: win32-x64\n\u26a0 DEPRECATION: Feature will be removed in v5.0\nReady.\n[12:51:13] INFO: Processing request\n=== Step restore_cache completed ===\n=== Step: unit_tests ===\nBundling runtime.css\nSuccess!\nCache miss for key-9838\nUsing Node.js 15.10.4\nWaiting...\n[12:51:13] WARN: Deprecated API usage\nPlatform: win32-x64\nStep 5/15: Installing dependencies\n[12:51:13] INFO: Request completed\nWARNING: express has known vulnerabilities\nWaiting...\nProcessing...\nBundling runtime.js\n\u26a0 DEPRECATION: Feature will be removed in v2.0\nCompiling components/app.ts...\nFetching from https://googleapis.com/package.json\nArtifact uploaded: dist.zip (75MB)\nLoading...\nFetching from https://pypi.org/package.json\nSuccess!\nOptimizing 42 modules...\nVerifying...\nCompiling utils/service.java...\nCompiling src/index.js...\nConnection established\nCompiling components/handler.rs...\nFAILED: test_api_health\n[12:51:13] INFO: Starting build process\npip: Collecting axios\nEnvironment: development\npip: Collecting axios\npip: Collecting react\nCompiling components/handler.rs...\nTests: 88 passed, 243 total\n[12:51:13] INFO: Processing request\n\u2713 test completed\nLoading...\nOK\n[12:51:13] WARN: Deprecated API usage\nPushing to registry...\nChecking out master branch\nnpm notice: created a lockfile\n  PASS: integration/test_db_connect.spec.js\n[12:51:13] DEBUG: Initializing service\nChecking out develop branch\nImage pulled successfully\nFetching submodules...\nFinished.\nWARNING: eslint has known vulnerabilities\nArtifact uploaded: build.tar.gz (21MB)\n[12:51:13] INFO: Starting build process\nPlatform: win32-x64\nFAILED: test_auth_login\nDone.\nStep 7/15: Running migrations\nArtifact downloaded: 28MB\nDone.\nCache saved successfully\n[12:51:13] ERROR: Connection failed\n[12:51:13] WARN: Deprecated API usage\nHEAD is now at 235d8e3\nTime: 22.658s\nStep 6/15: Linting\n\u2713 Step 'checkout' succeeded\nStep 12/18: Testing\nBuilding Docker image...\nCompiling src/main.py...\nVerifying...\nArtifact downloaded: 2MB\nProcessing...\nCache miss for key-1167\n[12:51:13] INFO: Processing request\n=== Step unit_tests completed ===\n=== Step: integration_tests ===\nTests: 385 passed, 472 total\nReady.\n[12:51:13] DEBUG: Connection pool: 11 active\nAlready up to date.\nPushing to registry...\nInstalling react@4.4.2\nnpm install: added 390 packages\n\u2713 Task completed in 749ms\n[12:51:13] INFO: Cache refreshed\nWARNING: prettier has known vulnerabilities\nWARNING: prettier has known vulnerabilities\nyarn add: Done in 27.56s\n[12:51:13] WARN: Deprecated API usage\nTLS handshake completed\nProcessing...\nPulling image: python:18\nWARNING: react has known vulnerabilities\npip: Downloading axios-4.12.tar.gz\nBundling vendor.js\nTransforming 112 files...\nCompiling src/index.js...\n\u26a0 DEPRECATION: Feature will be removed in v3.0\n[12:51:13] INFO: Cache refreshed\nArtifact uploaded: build.tar.gz (34MB)\n\u26a0 DEPRECATION: Feature will be removed in v4.0\nReady.\nDone.\n[12:51:13] WARN: Deprecated API usage\nException: NullPointerException\n\u2713 lint completed\n[12:51:13] DEBUG: Connection pool: 15 active\nCache hit for key-2340\nCache miss for key-2487\nFetching submodules...\nyarn add: Done in 14.83s\n[12:51:13] INFO: Starting build process\n\u26a0 DEPRECATION: Feature will be removed in v3.0\nOptimizing 77 modules...\nChecking out develop branch\nInstalling webpack@3.17.1\n[12:51:13] DEBUG: Loading configuration\nMinifying vendor.js\npip install: Successfully installed prettier-5.2\nGET /health - 204 (93ms)\n\u2717 build failed with exit code 20\n[12:51:13] DEBUG: Query executed in 69ms\nCreating production build...\nWaiting...\n\u2713 All checks passed\nOK\nEnvironment: staging\nPulling image: python:3.11\nBuilding Docker image...\nGET /health - 201 (57ms)\n\u2713 lint completed\nReady.\nConnection established\nCompiling components/service.java...\nTest Suites: 39 passed, 41 total\nCache saved successfully\nnpm install: resolved 1927 packages\nOK\nNODE_ENV=production\nProcessing...\n\u2713 Step 'test' succeeded\n[12:51:13] DEBUG: Connection pool: 5 active\nLoading...\nPulling image: python:latest\nnpm notice: package.json updated\nCreating production build...\nSuccess!\nOK\n=== Step integration_tests completed ===\n=== Step: setup_node ===\nUsing Python 3.11\n\u2713 Task completed in 3521ms\nMinifying vendor.js\nUploading artifact 'dist' (24 files)\nVerifying...\nVerifying...\nTransforming 412 files...\nStep 18/22: Installing dependencies\nProcessing...\nStep 16/20: Deploying\nStep 3/21: Deploying\nGET /api - 204 (90ms)\nCompiling utils/main.py...\nProcessing...\nStep 13/19: Deploying\nCreating production build...\nStep 1/24: Building\n[12:51:13] INFO: Connecting to database\nVerifying...\n\u26a0 DEPRECATION: Feature will be removed in v3.0\nUsing Node.js 18.9.4\nCompleted.\n[12:51:13] DEBUG: Loading configuration\nArtifact uploaded: build.tar.gz (50MB)\nCompleted.\n[12:51:13] DEBUG: Loading configuration\nWaiting...\n[12:51:13] INFO: Starting build process\nNODE_ENV=development\nCompleted.\nMinifying app.js\nBuilding Docker image...\n[12:51:13] WARN: Deprecated API usage\n[12:51:13] INFO: Processing request\n[12:51:13] WARN: Deprecated API usage\nPlatform: darwin-arm64\nChecking out main branch\nyarn add: Done in 15.22s\nPulling image: python:18\nFAILED: test_api_health\nTest Suites: 32 passed, 13 total\n\u2717 build failed with exit code 32\n\u26a0 DEPRECATION: Feature will be removed in v3.0\nCompleted.\nStep 18/24: Running migrations\nStep 17/19: Installing dependencies\nWaiting...\n  PASS: unit/test_cache_hit.spec.js\nBundling runtime.js\nPushing to registry...\nyarn add: Done in 8.96s\nDone.\nEnvironment: test\nLoading...\nCompleted.\nnpm notice: package.json updated\n\u26a0 DEPRECATION: Feature will be removed in v5.0\nSwitched to branch 'feature/task-489'\nOptimizing 96 modules...\nCache hit for key-5052\nSnapshots: 19 passed, 10 total\nProcessing...\nInstalling lodash@1.5.10\nTransforming 796 files...\nTest Suites: 45 passed, 16 total\nCache invalidated: node_modules\nChecking out master branch\npip install: Successfully installed express-4.1\n[12:51:13] DEBUG: Connection pool: 18 active\nUsing Node.js 16.9.10\nBuilding Docker image...\nWARNING: react has known vulnerabilities\n=== Step setup_node completed ===\n=== Step: setup_environment ===\nSuccess!\nPlatform: win32-x64\n[12:51:13] DEBUG: Loading configuration\n[12:51:13] DEBUG: Connection pool: 15 active\n  PASS: test_auth_login (53ms)\nCache invalidated: build\n[12:51:13] DEBUG: Memory usage: 1077MB\nCache hit for key-8337\nCache miss for key-1096\nCompiling utils/utils.go...\nCompiling src/index.js...\npip: Collecting lodash\nCompiling src/service.java...\n[12:51:13] WARN: Deprecated API usage\nLayer 3/15: ENV command\n[12:51:13] INFO: Processing request\nOptimizing 15 modules...\nnpm notice: package.json updated\n[12:51:13] DEBUG: Loading configuration\nUsing Python 3.11\nTransforming 705 files...\nPushing to registry...\nEnvironment: production\n[12:51:13] DEBUG: Query executed in 55ms\nTests: 219 passed, 261 total\n[12:51:13] INFO: Connecting to database\nArtifact uploaded: build.tar.gz (47MB)\nStep 19/21: Testing\nDone.\nnpm install: resolved 1662 packages\nCache hit for key-8661\npip: Installing build dependencies...\nSwitched to branch 'bugfix/task-686'\nVerifying...\nBuilding Docker image...\nStep 5/18: Deploying\nNODE_ENV=development\n[12:51:13] INFO: Connecting to database\npip: Downloading jest-3.6.tar.gz\n[12:51:13] INFO: Cache refreshed\nGenerating source maps...\nLayer 3/11: ENV command\nnpm notice: package.json updated\nOptimizing 48 modules...\n[12:51:13] DEBUG: Memory usage: 1310MB\n[12:51:13] DEBUG: Connection pool: 6 active\nGenerating source maps...\nException: TypeError\nLoading...\nGenerating source maps...\n[12:51:13] WARN: Deprecated API usage\n\u2713 Step 'build' succeeded\nFAILED: test_db_connect\nArtifact downloaded: 28MB\n[12:51:13] INFO: Cache refreshed\n[12:51:13] INFO: Request completed\nCompiling src/main.py...\nSnapshots: 48 passed, 35 total\n\u2717 build failed with exit code 112\n[12:51:13] DEBUG: Loading configuration\nCompiling components/index.js...\n\u2713 build completed\nOK\nOptimizing 41 modules...\nTransforming 406 files...\nImage pulled successfully\nFinished.\nGET /api - 204 (54ms)\nArtifact uploaded: dist.zip (32MB)\n[12:51:13] WARN: Deprecated API usage\nnpm install: resolved 670 packages\nAlready up to date.\n=== Step setup_environment completed ===\n=== Step: install_dependencies ===\nCoverage: 77% statements, 74% branches\nTests: 372 passed, 385 total\n\u26a0 DEPRECATION: Feature will be removed in v3.0\nCache restored successfully (17MB)\nWARNING: lodash has known vulnerabilities\nPOST /api - 202 (137ms)\n[12:51:13] DEBUG: Initializing service\nCoverage: 81% statements, 88% branches\n\u2713 validate completed\nOptimizing 57 modules...\npip install: Successfully installed lodash-3.13\nUploading artifact 'dist' (50 files)\nUsing Node.js 16.10.0\n[12:51:13] DEBUG: Connection pool: 9 active\nnpm notice: package.json updated\nStep 6/16: Deploying\nnpm notice: package.json updated\nyarn add: Done in 19.36s\nPushing to registry...\nBuilding Docker image...\n[12:51:13] INFO: Cache refreshed\nPOST /upload - 202 (197ms)\nReady.\nStep 10/21: Running migrations\n[12:51:13] INFO: Processing request\nnpm notice: created a lockfile\nArtifact downloaded: 15MB\nMinifying app.js\nReady.\nCompleted.\nEnvironment: development\n\u26a0 DEPRECATION: Feature will be removed in v4.0\nFAILED: test_auth_login\nStep 1/25: Building\n[12:51:13] INFO: Request completed\nnpm install: resolved 1524 packages\nArtifact uploaded: build.tar.gz (35MB)\nCache miss for key-4038\nNODE_ENV=production\nFetching submodules...\nnpm notice: created a lockfile\n[12:51:13] WARN: Deprecated API usage\nLoading...\nInstalling axios@5.13.2\nnpm install: added 162 packages\n[12:51:13] WARN: Deprecated API usage\nChecking out develop branch\nVerifying...\nCache invalidated: build\n\u2713 lint completed\n\u2713 All checks passed\n[12:51:13] INFO: Starting build process\nCompiling lib/main.py...\nCompleted.\nArtifact downloaded: 47MB\n[12:51:13] INFO: Request completed\nPushing to registry...\n\u26a0 DEPRECATION: Feature will be removed in v2.0\nInstalling prettier@5.2.8\nGenerating source maps...\nWARNING: jest has known vulnerabilities\nOK\n\u2713 All checks passed\nBundling runtime.js\nStep 18/23: Building\nNODE_ENV=test\nRan 150 tests in 20s\n\u2713 All checks passed\nTime: 10.390s\nyarn add: Done in 19.50s\nGET /status - 200 (37ms)\n[12:51:13] DEBUG: Memory usage: 719MB\n=== Step install_dependencies completed ===\n=== Step: e2e_tests ===\nArtifact downloaded: 23MB\nBundling vendor.js\nCache saved successfully\nCompiling lib/handler.rs...\nPulling image: alpine:18\nDone.\nPlatform: win32-x64\nStep 6/16: Installing dependencies\nFetching from https://docker.io/package.json\n[12:51:13] DEBUG: Loading configuration\nChecking out main branch\n[12:51:13] DEBUG: Initializing service\nnpm install: resolved 206 packages\nArtifact uploaded: build.tar.gz (15MB)\nException: RuntimeError\nPlatform: linux-x64\nUploading artifact 'dist' (19 files)\nCache saved successfully\nnpm install: resolved 867 packages\nCoverage: 82% statements, 91% branches\n[12:51:13] INFO: Cache refreshed\npip: Downloading webpack-4.8.tar.gz\nCache restored successfully (170MB)\nFetching submodules...\nStep 8/22: Testing\nnpm install: added 389 packages\nTransforming 894 files...\nNODE_ENV=development\nWARNING: jest has known vulnerabilities\n[12:51:13] INFO: Connecting to database\nException: ValueError\nTests: 349 passed, 402 total\nCache miss for key-9784\nWARNING: eslint has known vulnerabilities\n\u2713 All checks passed\n[12:51:13] WARN: Deprecated API usage\nCache restored successfully (338MB)\n\u2713 Step 'build' succeeded\nCache invalidated: node_modules\n  PASS: unit/test_api_health.spec.js\nBundling styles.js\n[12:51:13] DEBUG: Loading configuration\n\u26a0 DEPRECATION: Feature will be removed in v2.0\nSuccess!\n[12:51:13] DEBUG: Connection pool: 3 active\nCompiling lib/main.py...\nCache hit for key-2087\nConnection established\nInstalling react@4.4.3\nStep 16/23: Deploying\nPlatform: win32-x64\nGenerating source maps...\n\u2717 build failed with exit code 69\nPOST /data - 200 (98ms)\n\u2713 Task completed in 1058ms\nNODE_ENV=production\nGET /api - 201 (81ms)\n[12:51:13] DEBUG: Initializing service\nConnection established\nUsing Node.js 15.14.4\n\u2713 build completed\n[12:51:13] WARN: Deprecated API usage\n\u2713 All checks passed\nPushing to registry...\n  PASS: test_cache_hit (441ms)\nLayer 10/11: ENV command\nSnapshots: 30 passed, 33 total\n  PASS: test_cache_hit (268ms)\nMinifying vendor.js\nBuilding Docker image...\nCompiling components/utils.go...\nStep 16/17: Installing dependencies\n=== Step e2e_tests completed ===\n=== Step: checkout ===\npip: Installing build dependencies...\n[12:51:13] DEBUG: Connection pool: 4 active\nInstalling eslint@1.13.6\n[12:51:13] WARN: Deprecated API usage\nConnection established\nPlatform: win32-x64\n\u2717 build failed with exit code 86\nTime: 36.629s\nPOST /data - 200 (322ms)\nCompiling utils/service.java...\nCompiling utils/main.py...\nStep 1/20: Linting\n[12:51:13] ERROR: Connection failed\nCompiling src/handler.rs...\nCache saved successfully\nCompiling src/handler.rs...\n[12:51:13] DEBUG: Query executed in 87ms\n\u26a0 DEPRECATION: Feature will be removed in v5.0\nConnection established\n[12:51:13] INFO: Connecting to database\n[12:51:13] DEBUG: Query executed in 24ms\nGET /status - 204 (100ms)\nWARNING: express has known vulnerabilities\nCache invalidated: dependencies\nBuilding Docker image...\nFetching submodules...\nGenerating source maps...\nEnvironment: staging\nCompiling lib/index.js...\nnpm notice: created a lockfile\npip: Downloading eslint-2.14.tar.gz\nInstalling axios@5.17.9\nLayer 3/10: RUN command\n[12:51:13] INFO: Processing request\nProcessing...\nTransforming 578 files...\n[12:51:13] INFO: Cache refreshed\nSnapshots: 45 passed, 5 total\npip: Collecting express\n\u26a0 DEPRECATION: Feature will be removed in v5.0\nTests: 202 passed, 207 total\nChecking out develop branch\nUploading artifact 'build' (49 files)\n\u2713 Step 'checkout' succeeded\nnpm install: added 234 packages\n\u2713 Step 'install' succeeded\nPOST /upload - 200 (299ms)\nCompleted.\n  PASS: test_cache_hit (443ms)\nCompiling components/app.ts...\nAlready up to date.\nPOST /upload - 200 (213ms)\npip: Collecting express\nCompiling utils/index.js...\nArtifact uploaded: dist.zip (8MB)\nImage pulled successfully\nPulling image: node:latest\nCompiling utils/service.java...\nStep 17/17: Installing dependencies\n[12:51:13] WARN: Deprecated API usage\nRan 54 tests in 52s\nAlready up to date.\n\u26a0 DEPRECATION: Feature will be removed in v2.0\nCoverage: 96% statements, 100% branches\nHEAD is now at 8b54e13\nCompiling components/main.py...\n[12:51:13] WARN: Deprecated API usage\nWARNING: webpack has known vulnerabilities\nStep 8/18: Testing\nWARNING: axios has known vulnerabilities\n[12:51:13] WARN: Deprecated API usage\nCompiling lib/app.ts...\n=== Step checkout completed ===\n=== Step: deploy_production ===\nPulling image: alpine:latest\nDone.\nUsing Python 3.9\n[12:51:13] DEBUG: Query executed in 12ms\n\u26a0 DEPRECATION: Feature will be removed in v2.0\nReady.\nPOST /api - 201 (152ms)\nPOST /upload - 201 (186ms)\nArtifact uploaded: dist.zip (95MB)\nArtifact uploaded: dist.zip (1MB)\nWARNING: prettier has known vulnerabilities\nCache restored successfully (423MB)\nFetching submodules...\npip: Downloading jest-3.0.tar.gz\n[12:51:13] INFO: Cache refreshed\nPlatform: win32-x64\n[12:51:13] WARN: Deprecated API usage\n[12:51:13] DEBUG: Query executed in 76ms\n\u26a0 DEPRECATION: Feature will be removed in v5.0\nStep 5/21: Linting\nCoverage: 95% statements, 75% branches\nWaiting...\nRan 161 tests in 14s\nFetching submodules...\nStep 17/22: Deploying\nGenerating source maps...\nRan 152 tests in 17s\n[12:51:13] INFO: Cache refreshed\nCompiling lib/utils.go...\nStep 5/20: Installing dependencies\nChecking out main branch\nWARNING: prettier has known vulnerabilities\nHEAD is now at 0761960\nTime: 105.102s\nWARNING: eslint has known vulnerabilities\n\u2713 Step 'install' succeeded\n\u2713 All checks passed\nTests: 252 passed, 478 total\nPushing to registry...\n[12:51:13] WARN: Deprecated API usage\n\u2713 lint completed\nDone.\n[12:51:13] WARN: Deprecated API usage\nStep 11/19: Linting\nStep 19/16: Linting\nBundling styles.js\nCache invalidated: build\nCache saved successfully\nCompleted.\n[12:51:13] DEBUG: Memory usage: 415MB\n\u2713 Task completed in 402ms\nImage pulled successfully\nSwitched to branch 'feature/task-523'\nFetching from https://amazonaws.com/package.json\nStep 10/22: Installing dependencies\nCache miss for key-2156\nTransforming 641 files...\nTime: 111.848s\nOK\n[12:51:13] INFO: Processing request\nPOST /data - 200 (23ms)\nnpm install: added 72 packages\n\u2713 All checks passed\n[12:51:13] DEBUG: Memory usage: 1659MB\n[12:51:13] DEBUG: Loading configuration\nAlready up to date.\nLayer 1/9: ENV command\n[12:51:13] WARN: Deprecated API usage\n[12:51:13] DEBUG: Initializing service\nTests: 462 passed, 401 total\nFetching submodules...\nTime: 101.18s\n=== Step deploy_production completed ===",
    "steps": [
      {
        "name": "type_check",
        "status": "success",
        "started_at": "2025-12-01T12:51:13.648197",
        "finished_at": "2025-12-01T12:51:24.863612",
        "log_lines": [
          "=== Step: type_check ===",
          "[12:51:13] DEBUG: Query executed in 43ms",
          "\u2713 Task completed in 683ms",
          "Cache saved successfully",
          "[12:51:13] WARN: Deprecated API usage",
          "\u26a0 DEPRECATION: Feature will be removed in v4.0",
          "Minifying main.js",
          "POST /upload - 201 (55ms)",
          "Cache miss for key-4497",
          "npm notice: created a lockfile",
          "Compiling lib/handler.rs...",
          "Loading...",
          "Layer 2/8: RUN command",
          "Finished.",
          "[12:51:13] DEBUG: Connection pool: 10 active",
          "\u2713 Step 'install' succeeded",
          "Using Python 3.10",
          "[12:51:13] WARN: Deprecated API usage",
          "Cache invalidated: node_modules",
          "Tests: 432 passed, 221 total",
          "[12:51:13] WARN: Deprecated API usage",
          "  PASS: test_auth_login (20ms)",
          "[12:51:13] INFO: Cache refreshed",
          "Time: 42.398s",
          "[12:51:13] INFO: Starting build process",
          "Finished.",
          "\u2713 Step 'test' succeeded",
          "[12:51:13] DEBUG: Query executed in 78ms",
          "Completed.",
          "Coverage: 92% statements, 86% branches",
          "Step 6/15: Testing",
          "[12:51:13] DEBUG: Connection pool: 6 active",
          "Compiling src/index.js...",
          "Using Node.js 14.14.6",
          "Transforming 330 files...",
          "Image pulled successfully",
          "[12:51:13] ERROR: Connection failed",
          "Image pulled successfully",
          "Cache miss for key-2116",
          "Artifact uploaded: dist.zip (87MB)",
          "WARNING: lodash has known vulnerabilities",
          "npm install: resolved 903 packages",
          "Minifying main.js",
          "NODE_ENV=production",
          "Compiling src/utils.go...",
          "Ready.",
          "Cache invalidated: node_modules",
          "npm install: resolved 1104 packages",
          "Transforming 382 files...",
          "WARNING: jest has known vulnerabilities",
          "Compiling lib/main.py...",
          "[12:51:13] DEBUG: Memory usage: 1828MB",
          "GET /api - 204 (17ms)",
          "Creating production build...",
          "Pulling image: alpine:3.11",
          "Test Suites: 8 passed, 26 total",
          "Loading...",
          "Connection established",
          "Test Suites: 28 passed, 6 total",
          "Exception: NullPointerException",
          "Test Suites: 47 passed, 22 total",
          "pip: Collecting express",
          "  PASS: test_user_create (413ms)",
          "Waiting...",
          "Fetching from https://docker.io/package.json",
          "Step 3/24: Testing",
          "Pushing to registry...",
          "[12:51:13] ERROR: Connection failed",
          "Success!",
          "Completed.",
          "[12:51:13] INFO: Request completed",
          "Generating source maps...",
          "Cache hit for key-1581",
          "=== Step type_check completed ==="
        ]
      },
      {
        "name": "build",
        "status": "success",
        "started_at": "2025-12-01T12:51:24.863612",
        "finished_at": "2025-12-01T12:51:58.509858",
        "log_lines": [
          "=== Step: build ===",
          "Exception: NullPointerException",
          "Optimizing 54 modules...",
          "Exception: RuntimeError",
          "POST /upload - 201 (416ms)",
          "[12:51:13] WARN: Deprecated API usage",
          "pip: Installing build dependencies...",
          "Tests: 254 passed, 387 total",
          "Layer 9/11: COPY command",
          "Cache restored successfully (152MB)",
          "\u2713 All checks passed",
          "yarn add: Done in 6.80s",
          "\u26a0 DEPRECATION: Feature will be removed in v3.0",
          "Artifact uploaded: dist.zip (23MB)",
          "  PASS: test_user_create (257ms)",
          "Step 10/24: Running migrations",
          "pip install: Successfully installed express-2.6",
          "Artifact uploaded: build.tar.gz (17MB)",
          "Time: 69.85s",
          "Waiting...",
          "  PASS: unit/test_auth_login.spec.js",
          "Completed.",
          "Pulling image: alpine:18",
          "Using Python 3.11",
          "Fetching from https://npmjs.org/package.json",
          "pip: Installing build dependencies...",
          "Compiling utils/utils.go...",
          "[12:51:13] WARN: Deprecated API usage",
          "POST /api - 200 (201ms)",
          "Coverage: 84% statements, 89% branches",
          "Compiling components/handler.rs...",
          "Using Node.js 16.16.8",
          "Waiting...",
          "yarn add: Done in 15.37s",
          "Cache miss for key-4419",
          "Cache saved successfully",
          "Done.",
          "Pulling image: alpine:latest",
          "Ready.",
          "Compiling utils/utils.go...",
          "Transforming 165 files...",
          "Installing eslint@1.12.8",
          "Checking out develop branch",
          "\u2713 All checks passed",
          "[12:51:13] INFO: Processing request",
          "\u2713 Step 'build' succeeded",
          "Artifact uploaded: build.tar.gz (25MB)",
          "HEAD is now at 95bcf56",
          "[12:51:13] WARN: Deprecated API usage",
          "Completed.",
          "WARNING: webpack has known vulnerabilities",
          "Compiling utils/handler.rs...",
          "\u26a0 DEPRECATION: Feature will be removed in v2.0",
          "[12:51:13] DEBUG: Loading configuration",
          "Switched to branch 'feature/task-399'",
          "Step 13/19: Deploying",
          "[12:51:13] DEBUG: Query executed in 14ms",
          "WARNING: axios has known vulnerabilities",
          "Step 7/19: Running migrations",
          "Checking out master branch",
          "Installing eslint@3.9.4",
          "Using Python 3.12",
          "Image pulled successfully",
          "\u26a0 DEPRECATION: Feature will be removed in v4.0",
          "Coverage: 90% statements, 87% branches",
          "Environment: development",
          "Artifact uploaded: build.tar.gz (22MB)",
          "  PASS: test_db_connect (302ms)",
          "npm install: resolved 1176 packages",
          "Creating production build...",
          "[12:51:13] WARN: Deprecated API usage",
          "Layer 4/9: ENV command",
          "Fetching submodules...",
          "=== Step build completed ==="
        ]
      },
      {
        "name": "save_cache",
        "status": "success",
        "started_at": "2025-12-01T12:51:58.509858",
        "finished_at": "2025-12-01T12:52:05.239107",
        "log_lines": [
          "=== Step: save_cache ===",
          "Compiling utils/main.py...",
          "Compiling utils/service.java...",
          "Artifact uploaded: build.tar.gz (14MB)",
          "Checking out main branch",
          "Done.",
          "Generating source maps...",
          "\u2713 test completed",
          "[12:51:13] WARN: Deprecated API usage",
          "Building Docker image...",
          "Coverage: 78% statements, 80% branches",
          "FAILED: test_db_connect",
          "\u2717 build failed with exit code 94",
          "Compiling components/handler.rs...",
          "Using Python 3.10",
          "Verifying...",
          "GET /health - 204 (5ms)",
          "Artifact uploaded: dist.zip (97MB)",
          "Step 17/16: Linting",
          "Loading...",
          "Step 12/20: Deploying",
          "Time: 57.690s",
          "\u26a0 DEPRECATION: Feature will be removed in v4.0",
          "Switched to branch 'bugfix/task-588'",
          "Already up to date.",
          "HEAD is now at 76297a1",
          "Minifying app.js",
          "Transforming 676 files...",
          "Artifact uploaded: build.tar.gz (26MB)",
          "Compiling utils/app.ts...",
          "\u2717 build failed with exit code 64",
          "Cache restored successfully (75MB)",
          "Already up to date.",
          "Finished.",
          "GET /api - 200 (83ms)",
          "Platform: win32-x64",
          "HEAD is now at 54da081",
          "npm notice: created a lockfile",
          "WARNING: express has known vulnerabilities",
          "Pulling image: node:18",
          "Completed.",
          "[12:51:13] ERROR: Connection failed",
          "[12:51:13] DEBUG: Connection pool: 8 active",
          "\u26a0 DEPRECATION: Feature will be removed in v2.0",
          "yarn add: Done in 8.71s",
          "[12:51:13] INFO: Processing request",
          "Processing...",
          "Switched to branch 'hotfix/task-696'",
          "[12:51:13] INFO: Processing request",
          "  PASS: e2e/test_api_health.spec.js",
          "Snapshots: 10 passed, 43 total",
          "  PASS: unit/test_db_connect.spec.js",
          "[12:51:13] ERROR: Connection failed",
          "Finished.",
          "[12:51:13] ERROR: Connection failed",
          "Checking out main branch",
          "Exception: NullPointerException",
          "pip: Collecting webpack",
          "Compiling utils/app.ts...",
          "Compiling utils/utils.go...",
          "Step 19/21: Linting",
          "Building Docker image...",
          "Ran 166 tests in 1s",
          "\u2713 All checks passed",
          "Already up to date.",
          "Installing prettier@5.14.2",
          "\u26a0 DEPRECATION: Feature will be removed in v2.0",
          "\u2713 Task completed in 3686ms",
          "Creating production build...",
          "Finished.",
          "FAILED: test_auth_login",
          "Artifact uploaded: dist.zip (74MB)",
          "\u26a0 DEPRECATION: Feature will be removed in v2.0",
          "=== Step save_cache completed ==="
        ]
      },
      {
        "name": "restore_cache",
        "status": "success",
        "started_at": "2025-12-01T12:52:05.239107",
        "finished_at": "2025-12-01T12:52:11.968356",
        "log_lines": [
          "=== Step: restore_cache ===",
          "Cache hit for key-2355",
          "Compiling utils/index.js...",
          "pip: Downloading prettier-3.14.tar.gz",
          "[12:51:13] DEBUG: Loading configuration",
          "Installing jest@2.12.5",
          "[12:51:13] INFO: Connecting to database",
          "\u2713 deploy completed",
          "Exception: NullPointerException",
          "Waiting...",
          "Image pulled successfully",
          "Minifying app.js",
          "Connection established",
          "WARNING: lodash has known vulnerabilities",
          "[12:51:13] DEBUG: Initializing service",
          "WARNING: lodash has known vulnerabilities",
          "[12:51:13] INFO: Cache refreshed",
          "Using Node.js 19.3.10",
          "Using Node.js 20.16.3",
          "Coverage: 74% statements, 92% branches",
          "Creating production build...",
          "Platform: darwin-arm64",
          "Platform: linux-x64",
          "Test Suites: 47 passed, 33 total",
          "Compiling utils/app.ts...",
          "  PASS: integration/test_cache_hit.spec.js",
          "\u26a0 DEPRECATION: Feature will be removed in v2.0",
          "Verifying...",
          "Checking out main branch",
          "Connection established",
          "Step 20/18: Linting",
          "HEAD is now at dade594",
          "Transforming 540 files...",
          "FAILED: test_api_health",
          "Transforming 377 files...",
          "[12:51:13] ERROR: Connection failed",
          "\u2713 All checks passed",
          "Compiling components/service.java...",
          "Step 13/17: Installing dependencies",
          "Cache invalidated: node_modules",
          "Artifact uploaded: dist.zip (1MB)",
          "Verifying...",
          "Generating source maps...",
          "  PASS: test_user_create (361ms)",
          "[12:51:13] INFO: Connecting to database",
          "Creating production build...",
          "Compiling lib/index.js...",
          "Snapshots: 27 passed, 13 total",
          "[12:51:13] INFO: Processing request",
          "Compiling src/handler.rs...",
          "pip install: Successfully installed webpack-3.3",
          "\u2713 validate completed",
          "Optimizing 15 modules...",
          "[12:51:13] DEBUG: Loading configuration",
          "Completed.",
          "  PASS: e2e/test_cache_hit.spec.js",
          "Compiling components/index.js...",
          "Connection established",
          "Creating production build...",
          "Artifact uploaded: dist.zip (27MB)",
          "OK",
          "WARNING: axios has known vulnerabilities",
          "pip install: Successfully installed express-4.17",
          "Test Suites: 24 passed, 48 total",
          "npm notice: created a lockfile",
          "Building Docker image...",
          "\u2713 Step 'setup' succeeded",
          "[12:51:13] INFO: Connecting to database",
          "Pushing to registry...",
          "Platform: win32-x64",
          "\u26a0 DEPRECATION: Feature will be removed in v5.0",
          "Ready.",
          "[12:51:13] INFO: Processing request",
          "=== Step restore_cache completed ==="
        ]
      },
      {
        "name": "unit_tests",
        "status": "success",
        "started_at": "2025-12-01T12:52:11.968356",
        "finished_at": "2025-12-01T12:52:45.614602",
        "log_lines": [
          "=== Step: unit_tests ===",
          "Bundling runtime.css",
          "Success!",
          "Cache miss for key-9838",
          "Using Node.js 15.10.4",
          "Waiting...",
          "[12:51:13] WARN: Deprecated API usage",
          "Platform: win32-x64",
          "Step 5/15: Installing dependencies",
          "[12:51:13] INFO: Request completed",
          "WARNING: express has known vulnerabilities",
          "Waiting...",
          "Processing...",
          "Bundling runtime.js",
          "\u26a0 DEPRECATION: Feature will be removed in v2.0",
          "Compiling components/app.ts...",
          "Fetching from https://googleapis.com/package.json",
          "Artifact uploaded: dist.zip (75MB)",
          "Loading...",
          "Fetching from https://pypi.org/package.json",
          "Success!",
          "Optimizing 42 modules...",
          "Verifying...",
          "Compiling utils/service.java...",
          "Compiling src/index.js...",
          "Connection established",
          "Compiling components/handler.rs...",
          "FAILED: test_api_health",
          "[12:51:13] INFO: Starting build process",
          "pip: Collecting axios",
          "Environment: development",
          "pip: Collecting axios",
          "pip: Collecting react",
          "Compiling components/handler.rs...",
          "Tests: 88 passed, 243 total",
          "[12:51:13] INFO: Processing request",
          "\u2713 test completed",
          "Loading...",
          "OK",
          "[12:51:13] WARN: Deprecated API usage",
          "Pushing to registry...",
          "Checking out master branch",
          "npm notice: created a lockfile",
          "  PASS: integration/test_db_connect.spec.js",
          "[12:51:13] DEBUG: Initializing service",
          "Checking out develop branch",
          "Image pulled successfully",
          "Fetching submodules...",
          "Finished.",
          "WARNING: eslint has known vulnerabilities",
          "Artifact uploaded: build.tar.gz (21MB)",
          "[12:51:13] INFO: Starting build process",
          "Platform: win32-x64",
          "FAILED: test_auth_login",
          "Done.",
          "Step 7/15: Running migrations",
          "Artifact downloaded: 28MB",
          "Done.",
          "Cache saved successfully",
          "[12:51:13] ERROR: Connection failed",
          "[12:51:13] WARN: Deprecated API usage",
          "HEAD is now at 235d8e3",
          "Time: 22.658s",
          "Step 6/15: Linting",
          "\u2713 Step 'checkout' succeeded",
          "Step 12/18: Testing",
          "Building Docker image...",
          "Compiling src/main.py...",
          "Verifying...",
          "Artifact downloaded: 2MB",
          "Processing...",
          "Cache miss for key-1167",
          "[12:51:13] INFO: Processing request",
          "=== Step unit_tests completed ==="
        ]
      },
      {
        "name": "integration_tests",
        "status": "success",
        "started_at": "2025-12-01T12:52:45.614602",
        "finished_at": "2025-12-01T12:53:08.045433",
        "log_lines": [
          "=== Step: integration_tests ===",
          "Tests: 385 passed, 472 total",
          "Ready.",
          "[12:51:13] DEBUG: Connection pool: 11 active",
          "Already up to date.",
          "Pushing to registry...",
          "Installing react@4.4.2",
          "npm install: added 390 packages",
          "\u2713 Task completed in 749ms",
          "[12:51:13] INFO: Cache refreshed",
          "WARNING: prettier has known vulnerabilities",
          "WARNING: prettier has known vulnerabilities",
          "yarn add: Done in 27.56s",
          "[12:51:13] WARN: Deprecated API usage",
          "TLS handshake completed",
          "Processing...",
          "Pulling image: python:18",
          "WARNING: react has known vulnerabilities",
          "pip: Downloading axios-4.12.tar.gz",
          "Bundling vendor.js",
          "Transforming 112 files...",
          "Compiling src/index.js...",
          "\u26a0 DEPRECATION: Feature will be removed in v3.0",
          "[12:51:13] INFO: Cache refreshed",
          "Artifact uploaded: build.tar.gz (34MB)",
          "\u26a0 DEPRECATION: Feature will be removed in v4.0",
          "Ready.",
          "Done.",
          "[12:51:13] WARN: Deprecated API usage",
          "Exception: NullPointerException",
          "\u2713 lint completed",
          "[12:51:13] DEBUG: Connection pool: 15 active",
          "Cache hit for key-2340",
          "Cache miss for key-2487",
          "Fetching submodules...",
          "yarn add: Done in 14.83s",
          "[12:51:13] INFO: Starting build process",
          "\u26a0 DEPRECATION: Feature will be removed in v3.0",
          "Optimizing 77 modules...",
          "Checking out develop branch",
          "Installing webpack@3.17.1",
          "[12:51:13] DEBUG: Loading configuration",
          "Minifying vendor.js",
          "pip install: Successfully installed prettier-5.2",
          "GET /health - 204 (93ms)",
          "\u2717 build failed with exit code 20",
          "[12:51:13] DEBUG: Query executed in 69ms",
          "Creating production build...",
          "Waiting...",
          "\u2713 All checks passed",
          "OK",
          "Environment: staging",
          "Pulling image: python:3.11",
          "Building Docker image...",
          "GET /health - 201 (57ms)",
          "\u2713 lint completed",
          "Ready.",
          "Connection established",
          "Compiling components/service.java...",
          "Test Suites: 39 passed, 41 total",
          "Cache saved successfully",
          "npm install: resolved 1927 packages",
          "OK",
          "NODE_ENV=production",
          "Processing...",
          "\u2713 Step 'test' succeeded",
          "[12:51:13] DEBUG: Connection pool: 5 active",
          "Loading...",
          "Pulling image: python:latest",
          "npm notice: package.json updated",
          "Creating production build...",
          "Success!",
          "OK",
          "=== Step integration_tests completed ==="
        ]
      },
      {
        "name": "setup_node",
        "status": "success",
        "started_at": "2025-12-01T12:53:08.045433",
        "finished_at": "2025-12-01T12:53:19.260848",
        "log_lines": [
          "=== Step: setup_node ===",
          "Using Python 3.11",
          "\u2713 Task completed in 3521ms",
          "Minifying vendor.js",
          "Uploading artifact 'dist' (24 files)",
          "Verifying...",
          "Verifying...",
          "Transforming 412 files...",
          "Step 18/22: Installing dependencies",
          "Processing...",
          "Step 16/20: Deploying",
          "Step 3/21: Deploying",
          "GET /api - 204 (90ms)",
          "Compiling utils/main.py...",
          "Processing...",
          "Step 13/19: Deploying",
          "Creating production build...",
          "Step 1/24: Building",
          "[12:51:13] INFO: Connecting to database",
          "Verifying...",
          "\u26a0 DEPRECATION: Feature will be removed in v3.0",
          "Using Node.js 18.9.4",
          "Completed.",
          "[12:51:13] DEBUG: Loading configuration",
          "Artifact uploaded: build.tar.gz (50MB)",
          "Completed.",
          "[12:51:13] DEBUG: Loading configuration",
          "Waiting...",
          "[12:51:13] INFO: Starting build process",
          "NODE_ENV=development",
          "Completed.",
          "Minifying app.js",
          "Building Docker image...",
          "[12:51:13] WARN: Deprecated API usage",
          "[12:51:13] INFO: Processing request",
          "[12:51:13] WARN: Deprecated API usage",
          "Platform: darwin-arm64",
          "Checking out main branch",
          "yarn add: Done in 15.22s",
          "Pulling image: python:18",
          "FAILED: test_api_health",
          "Test Suites: 32 passed, 13 total",
          "\u2717 build failed with exit code 32",
          "\u26a0 DEPRECATION: Feature will be removed in v3.0",
          "Completed.",
          "Step 18/24: Running migrations",
          "Step 17/19: Installing dependencies",
          "Waiting...",
          "  PASS: unit/test_cache_hit.spec.js",
          "Bundling runtime.js",
          "Pushing to registry...",
          "yarn add: Done in 8.96s",
          "Done.",
          "Environment: test",
          "Loading...",
          "Completed.",
          "npm notice: package.json updated",
          "\u26a0 DEPRECATION: Feature will be removed in v5.0",
          "Switched to branch 'feature/task-489'",
          "Optimizing 96 modules...",
          "Cache hit for key-5052",
          "Snapshots: 19 passed, 10 total",
          "Processing...",
          "Installing lodash@1.5.10",
          "Transforming 796 files...",
          "Test Suites: 45 passed, 16 total",
          "Cache invalidated: node_modules",
          "Checking out master branch",
          "pip install: Successfully installed express-4.1",
          "[12:51:13] DEBUG: Connection pool: 18 active",
          "Using Node.js 16.9.10",
          "Building Docker image...",
          "WARNING: react has known vulnerabilities",
          "=== Step setup_node completed ==="
        ]
      },
      {
        "name": "setup_environment",
        "status": "success",
        "started_at": "2025-12-01T12:53:19.260848",
        "finished_at": "2025-12-01T12:53:30.476263",
        "log_lines": [
          "=== Step: setup_environment ===",
          "Success!",
          "Platform: win32-x64",
          "[12:51:13] DEBUG: Loading configuration",
          "[12:51:13] DEBUG: Connection pool: 15 active",
          "  PASS: test_auth_login (53ms)",
          "Cache invalidated: build",
          "[12:51:13] DEBUG: Memory usage: 1077MB",
          "Cache hit for key-8337",
          "Cache miss for key-1096",
          "Compiling utils/utils.go...",
          "Compiling src/index.js...",
          "pip: Collecting lodash",
          "Compiling src/service.java...",
          "[12:51:13] WARN: Deprecated API usage",
          "Layer 3/15: ENV command",
          "[12:51:13] INFO: Processing request",
          "Optimizing 15 modules...",
          "npm notice: package.json updated",
          "[12:51:13] DEBUG: Loading configuration",
          "Using Python 3.11",
          "Transforming 705 files...",
          "Pushing to registry...",
          "Environment: production",
          "[12:51:13] DEBUG: Query executed in 55ms",
          "Tests: 219 passed, 261 total",
          "[12:51:13] INFO: Connecting to database",
          "Artifact uploaded: build.tar.gz (47MB)",
          "Step 19/21: Testing",
          "Done.",
          "npm install: resolved 1662 packages",
          "Cache hit for key-8661",
          "pip: Installing build dependencies...",
          "Switched to branch 'bugfix/task-686'",
          "Verifying...",
          "Building Docker image...",
          "Step 5/18: Deploying",
          "NODE_ENV=development",
          "[12:51:13] INFO: Connecting to database",
          "pip: Downloading jest-3.6.tar.gz",
          "[12:51:13] INFO: Cache refreshed",
          "Generating source maps...",
          "Layer 3/11: ENV command",
          "npm notice: package.json updated",
          "Optimizing 48 modules...",
          "[12:51:13] DEBUG: Memory usage: 1310MB",
          "[12:51:13] DEBUG: Connection pool: 6 active",
          "Generating source maps...",
          "Exception: TypeError",
          "Loading...",
          "Generating source maps...",
          "[12:51:13] WARN: Deprecated API usage",
          "\u2713 Step 'build' succeeded",
          "FAILED: test_db_connect",
          "Artifact downloaded: 28MB",
          "[12:51:13] INFO: Cache refreshed",
          "[12:51:13] INFO: Request completed",
          "Compiling src/main.py...",
          "Snapshots: 48 passed, 35 total",
          "\u2717 build failed with exit code 112",
          "[12:51:13] DEBUG: Loading configuration",
          "Compiling components/index.js...",
          "\u2713 build completed",
          "OK",
          "Optimizing 41 modules...",
          "Transforming 406 files...",
          "Image pulled successfully",
          "Finished.",
          "GET /api - 204 (54ms)",
          "Artifact uploaded: dist.zip (32MB)",
          "[12:51:13] WARN: Deprecated API usage",
          "npm install: resolved 670 packages",
          "Already up to date.",
          "=== Step setup_environment completed ==="
        ]
      },
      {
        "name": "install_dependencies",
        "status": "success",
        "started_at": "2025-12-01T12:53:30.476263",
        "finished_at": "2025-12-01T12:54:04.122509",
        "log_lines": [
          "=== Step: install_dependencies ===",
          "Coverage: 77% statements, 74% branches",
          "Tests: 372 passed, 385 total",
          "\u26a0 DEPRECATION: Feature will be removed in v3.0",
          "Cache restored successfully (17MB)",
          "WARNING: lodash has known vulnerabilities",
          "POST /api - 202 (137ms)",
          "[12:51:13] DEBUG: Initializing service",
          "Coverage: 81% statements, 88% branches",
          "\u2713 validate completed",
          "Optimizing 57 modules...",
          "pip install: Successfully installed lodash-3.13",
          "Uploading artifact 'dist' (50 files)",
          "Using Node.js 16.10.0",
          "[12:51:13] DEBUG: Connection pool: 9 active",
          "npm notice: package.json updated",
          "Step 6/16: Deploying",
          "npm notice: package.json updated",
          "yarn add: Done in 19.36s",
          "Pushing to registry...",
          "Building Docker image...",
          "[12:51:13] INFO: Cache refreshed",
          "POST /upload - 202 (197ms)",
          "Ready.",
          "Step 10/21: Running migrations",
          "[12:51:13] INFO: Processing request",
          "npm notice: created a lockfile",
          "Artifact downloaded: 15MB",
          "Minifying app.js",
          "Ready.",
          "Completed.",
          "Environment: development",
          "\u26a0 DEPRECATION: Feature will be removed in v4.0",
          "FAILED: test_auth_login",
          "Step 1/25: Building",
          "[12:51:13] INFO: Request completed",
          "npm install: resolved 1524 packages",
          "Artifact uploaded: build.tar.gz (35MB)",
          "Cache miss for key-4038",
          "NODE_ENV=production",
          "Fetching submodules...",
          "npm notice: created a lockfile",
          "[12:51:13] WARN: Deprecated API usage",
          "Loading...",
          "Installing axios@5.13.2",
          "npm install: added 162 packages",
          "[12:51:13] WARN: Deprecated API usage",
          "Checking out develop branch",
          "Verifying...",
          "Cache invalidated: build",
          "\u2713 lint completed",
          "\u2713 All checks passed",
          "[12:51:13] INFO: Starting build process",
          "Compiling lib/main.py...",
          "Completed.",
          "Artifact downloaded: 47MB",
          "[12:51:13] INFO: Request completed",
          "Pushing to registry...",
          "\u26a0 DEPRECATION: Feature will be removed in v2.0",
          "Installing prettier@5.2.8",
          "Generating source maps...",
          "WARNING: jest has known vulnerabilities",
          "OK",
          "\u2713 All checks passed",
          "Bundling runtime.js",
          "Step 18/23: Building",
          "NODE_ENV=test",
          "Ran 150 tests in 20s",
          "\u2713 All checks passed",
          "Time: 10.390s",
          "yarn add: Done in 19.50s",
          "GET /status - 200 (37ms)",
          "[12:51:13] DEBUG: Memory usage: 719MB",
          "=== Step install_dependencies completed ==="
        ]
      },
      {
        "name": "e2e_tests",
        "status": "success",
        "started_at": "2025-12-01T12:54:04.122509",
        "finished_at": "2025-12-01T12:54:15.337924",
        "log_lines": [
          "=== Step: e2e_tests ===",
          "Artifact downloaded: 23MB",
          "Bundling vendor.js",
          "Cache saved successfully",
          "Compiling lib/handler.rs...",
          "Pulling image: alpine:18",
          "Done.",
          "Platform: win32-x64",
          "Step 6/16: Installing dependencies",
          "Fetching from https://docker.io/package.json",
          "[12:51:13] DEBUG: Loading configuration",
          "Checking out main branch",
          "[12:51:13] DEBUG: Initializing service",
          "npm install: resolved 206 packages",
          "Artifact uploaded: build.tar.gz (15MB)",
          "Exception: RuntimeError",
          "Platform: linux-x64",
          "Uploading artifact 'dist' (19 files)",
          "Cache saved successfully",
          "npm install: resolved 867 packages",
          "Coverage: 82% statements, 91% branches",
          "[12:51:13] INFO: Cache refreshed",
          "pip: Downloading webpack-4.8.tar.gz",
          "Cache restored successfully (170MB)",
          "Fetching submodules...",
          "Step 8/22: Testing",
          "npm install: added 389 packages",
          "Transforming 894 files...",
          "NODE_ENV=development",
          "WARNING: jest has known vulnerabilities",
          "[12:51:13] INFO: Connecting to database",
          "Exception: ValueError",
          "Tests: 349 passed, 402 total",
          "Cache miss for key-9784",
          "WARNING: eslint has known vulnerabilities",
          "\u2713 All checks passed",
          "[12:51:13] WARN: Deprecated API usage",
          "Cache restored successfully (338MB)",
          "\u2713 Step 'build' succeeded",
          "Cache invalidated: node_modules",
          "  PASS: unit/test_api_health.spec.js",
          "Bundling styles.js",
          "[12:51:13] DEBUG: Loading configuration",
          "\u26a0 DEPRECATION: Feature will be removed in v2.0",
          "Success!",
          "[12:51:13] DEBUG: Connection pool: 3 active",
          "Compiling lib/main.py...",
          "Cache hit for key-2087",
          "Connection established",
          "Installing react@4.4.3",
          "Step 16/23: Deploying",
          "Platform: win32-x64",
          "Generating source maps...",
          "\u2717 build failed with exit code 69",
          "POST /data - 200 (98ms)",
          "\u2713 Task completed in 1058ms",
          "NODE_ENV=production",
          "GET /api - 201 (81ms)",
          "[12:51:13] DEBUG: Initializing service",
          "Connection established",
          "Using Node.js 15.14.4",
          "\u2713 build completed",
          "[12:51:13] WARN: Deprecated API usage",
          "\u2713 All checks passed",
          "Pushing to registry...",
          "  PASS: test_cache_hit (441ms)",
          "Layer 10/11: ENV command",
          "Snapshots: 30 passed, 33 total",
          "  PASS: test_cache_hit (268ms)",
          "Minifying vendor.js",
          "Building Docker image...",
          "Compiling components/utils.go...",
          "Step 16/17: Installing dependencies",
          "=== Step e2e_tests completed ==="
        ]
      },
      {
        "name": "checkout",
        "status": "success",
        "started_at": "2025-12-01T12:54:15.337924",
        "finished_at": "2025-12-01T12:54:19.824090",
        "log_lines": [
          "=== Step: checkout ===",
          "pip: Installing build dependencies...",
          "[12:51:13] DEBUG: Connection pool: 4 active",
          "Installing eslint@1.13.6",
          "[12:51:13] WARN: Deprecated API usage",
          "Connection established",
          "Platform: win32-x64",
          "\u2717 build failed with exit code 86",
          "Time: 36.629s",
          "POST /data - 200 (322ms)",
          "Compiling utils/service.java...",
          "Compiling utils/main.py...",
          "Step 1/20: Linting",
          "[12:51:13] ERROR: Connection failed",
          "Compiling src/handler.rs...",
          "Cache saved successfully",
          "Compiling src/handler.rs...",
          "[12:51:13] DEBUG: Query executed in 87ms",
          "\u26a0 DEPRECATION: Feature will be removed in v5.0",
          "Connection established",
          "[12:51:13] INFO: Connecting to database",
          "[12:51:13] DEBUG: Query executed in 24ms",
          "GET /status - 204 (100ms)",
          "WARNING: express has known vulnerabilities",
          "Cache invalidated: dependencies",
          "Building Docker image...",
          "Fetching submodules...",
          "Generating source maps...",
          "Environment: staging",
          "Compiling lib/index.js...",
          "npm notice: created a lockfile",
          "pip: Downloading eslint-2.14.tar.gz",
          "Installing axios@5.17.9",
          "Layer 3/10: RUN command",
          "[12:51:13] INFO: Processing request",
          "Processing...",
          "Transforming 578 files...",
          "[12:51:13] INFO: Cache refreshed",
          "Snapshots: 45 passed, 5 total",
          "pip: Collecting express",
          "\u26a0 DEPRECATION: Feature will be removed in v5.0",
          "Tests: 202 passed, 207 total",
          "Checking out develop branch",
          "Uploading artifact 'build' (49 files)",
          "\u2713 Step 'checkout' succeeded",
          "npm install: added 234 packages",
          "\u2713 Step 'install' succeeded",
          "POST /upload - 200 (299ms)",
          "Completed.",
          "  PASS: test_cache_hit (443ms)",
          "Compiling components/app.ts...",
          "Already up to date.",
          "POST /upload - 200 (213ms)",
          "pip: Collecting express",
          "Compiling utils/index.js...",
          "Artifact uploaded: dist.zip (8MB)",
          "Image pulled successfully",
          "Pulling image: node:latest",
          "Compiling utils/service.java...",
          "Step 17/17: Installing dependencies",
          "[12:51:13] WARN: Deprecated API usage",
          "Ran 54 tests in 52s",
          "Already up to date.",
          "\u26a0 DEPRECATION: Feature will be removed in v2.0",
          "Coverage: 96% statements, 100% branches",
          "HEAD is now at 8b54e13",
          "Compiling components/main.py...",
          "[12:51:13] WARN: Deprecated API usage",
          "WARNING: webpack has known vulnerabilities",
          "Step 8/18: Testing",
          "WARNING: axios has known vulnerabilities",
          "[12:51:13] WARN: Deprecated API usage",
          "Compiling lib/app.ts...",
          "=== Step checkout completed ==="
        ]
      },
      {
        "name": "deploy_production",
        "status": "success",
        "started_at": "2025-12-01T12:54:19.824090",
        "finished_at": "2025-12-01T12:54:24.310256",
        "log_lines": [
          "=== Step: deploy_production ===",
          "Pulling image: alpine:latest",
          "Done.",
          "Using Python 3.9",
          "[12:51:13] DEBUG: Query executed in 12ms",
          "\u26a0 DEPRECATION: Feature will be removed in v2.0",
          "Ready.",
          "POST /api - 201 (152ms)",
          "POST /upload - 201 (186ms)",
          "Artifact uploaded: dist.zip (95MB)",
          "Artifact uploaded: dist.zip (1MB)",
          "WARNING: prettier has known vulnerabilities",
          "Cache restored successfully (423MB)",
          "Fetching submodules...",
          "pip: Downloading jest-3.0.tar.gz",
          "[12:51:13] INFO: Cache refreshed",
          "Platform: win32-x64",
          "[12:51:13] WARN: Deprecated API usage",
          "[12:51:13] DEBUG: Query executed in 76ms",
          "\u26a0 DEPRECATION: Feature will be removed in v5.0",
          "Step 5/21: Linting",
          "Coverage: 95% statements, 75% branches",
          "Waiting...",
          "Ran 161 tests in 14s",
          "Fetching submodules...",
          "Step 17/22: Deploying",
          "Generating source maps...",
          "Ran 152 tests in 17s",
          "[12:51:13] INFO: Cache refreshed",
          "Compiling lib/utils.go...",
          "Step 5/20: Installing dependencies",
          "Checking out main branch",
          "WARNING: prettier has known vulnerabilities",
          "HEAD is now at 0761960",
          "Time: 105.102s",
          "WARNING: eslint has known vulnerabilities",
          "\u2713 Step 'install' succeeded",
          "\u2713 All checks passed",
          "Tests: 252 passed, 478 total",
          "Pushing to registry...",
          "[12:51:13] WARN: Deprecated API usage",
          "\u2713 lint completed",
          "Done.",
          "[12:51:13] WARN: Deprecated API usage",
          "Step 11/19: Linting",
          "Step 19/16: Linting",
          "Bundling styles.js",
          "Cache invalidated: build",
          "Cache saved successfully",
          "Completed.",
          "[12:51:13] DEBUG: Memory usage: 415MB",
          "\u2713 Task completed in 402ms",
          "Image pulled successfully",
          "Switched to branch 'feature/task-523'",
          "Fetching from https://amazonaws.com/package.json",
          "Step 10/22: Installing dependencies",
          "Cache miss for key-2156",
          "Transforming 641 files...",
          "Time: 111.848s",
          "OK",
          "[12:51:13] INFO: Processing request",
          "POST /data - 200 (23ms)",
          "npm install: added 72 packages",
          "\u2713 All checks passed",
          "[12:51:13] DEBUG: Memory usage: 1659MB",
          "[12:51:13] DEBUG: Loading configuration",
          "Already up to date.",
          "Layer 1/9: ENV command",
          "[12:51:13] WARN: Deprecated API usage",
          "[12:51:13] DEBUG: Initializing service",
          "Tests: 462 passed, 401 total",
          "Fetching submodules...",
          "Time: 101.18s",
          "=== Step deploy_production completed ==="
        ]
      }
    ],
    "label": "normal"
  }
}