{
  "action": "completed",
  "workflow_run": {
    "id": 432,
    "name": "CI Pipeline",
    "head_branch": "develop",
    "head_sha": "cc5faea78a5a93f217443a64a4ca347b236a7bb5",
    "status": "completed",
    "conclusion": "success",
    "run_started_at": "2025-11-24T23:44:26.750343Z",
    "updated_at": "2025-11-24T23:46:49.962921Z"
  },
  "repository": {
    "full_name": "acme-corp/api-service",
    "name": "api-service"
  },
  "sender": {
    "login": "diana"
  },
  "_safeops_extended": {
    "raw_logs": "=== Step: checkout ===\n\u26a0 DEPRECATION: Feature will be removed in v3.0\n[23:44:26] INFO: Processing request\n  PASS: test_db_connect (42ms)\nInstalling webpack@4.6.0\nInstalling lodash@1.7.0\nFAILED: test_user_create\nStep 2/10: Building\nWARNING: eslint has known vulnerabilities\n\u2713 test completed\nCache hit for key-9792\nArtifact uploaded: build.tar.gz (5MB)\n[23:44:26] INFO: Processing request\n\u26a0 DEPRECATION: Feature will be removed in v2.0\nArtifact uploaded: build.tar.gz (35MB)\nWARNING: webpack has known vulnerabilities\nCompiling src/handler.rs...\nFAILED: test_api_health\nCompiling src/main.py...\nInstalling lodash@1.8.0\n[23:44:26] INFO: Processing request\nStep 8/10: Building\n\u26a0 DEPRECATION: Feature will be removed in v2.0\nInstalling react@5.20.0\n\u2713 test completed\nCompiling src/main.py...\nException: TypeError\nStep 7/10: Building\n  PASS: test_auth_login (154ms)\nStep 9/10: Building\n  PASS: test_user_create (306ms)\n[23:44:26] INFO: Processing request\nArtifact uploaded: build.tar.gz (46MB)\n\u2713 test completed\nCompiling src/service.java...\nException: TypeError\n[23:44:26] INFO: Processing request\n[23:44:26] INFO: Processing request\n\u2713 lint completed\nArtifact uploaded: build.tar.gz (36MB)\nArtifact uploaded: build.tar.gz (45MB)\nInstalling eslint@4.13.0\n\u2713 test completed\nStep 5/10: Building\n  PASS: test_user_create (130ms)\nCache hit for key-8153\nCompiling src/main.py...\nFAILED: test_user_create\nCache hit for key-9811\n  PASS: test_user_create (427ms)\nCache hit for key-9434\nInstalling express@5.10.0\nStep 10/10: Building\nInstalling webpack@3.2.0\n\u2713 lint completed\nCompiling src/service.java...\nStep 1/10: Building\nStep 2/10: Building\nStep 3/10: Building\n  PASS: test_db_connect (304ms)\n\u26a0 DEPRECATION: Feature will be removed in v5.0\nFAILED: test_auth_login\nStep 3/10: Building\n[23:44:26] WARN: Deprecated API usage\nArtifact uploaded: build.tar.gz (39MB)\n[23:44:26] WARN: Deprecated API usage\n\u2713 lint completed\n\u2713 lint completed\nStep 5/10: Building\n\u2713 lint completed\nCompiling src/index.js...\n  PASS: test_api_health (236ms)\n  PASS: test_cache_hit (284ms)\n[23:44:26] INFO: Processing request\n\u26a0 DEPRECATION: Feature will be removed in v2.0\nCache hit for key-3183\nInstalling jest@5.18.0\nStep 8/10: Building\n  PASS: test_api_health (59ms)\nCache hit for key-5219\nStep 1/10: Building\nWARNING: jest has known vulnerabilities\nArtifact uploaded: build.tar.gz (31MB)\nInstalling react@3.7.0\nArtifact uploaded: build.tar.gz (9MB)\n  PASS: test_api_health (234ms)\nArtifact uploaded: build.tar.gz (22MB)\nArtifact uploaded: build.tar.gz (26MB)\n[23:44:26] INFO: Processing request\nArtifact uploaded: build.tar.gz (9MB)\nCache hit for key-8138\nCompiling src/app.ts...\nCache hit for key-9537\nCompiling src/main.py...\n[23:44:26] INFO: Processing request\nInstalling express@3.20.0\nCache hit for key-6319\n\u2713 lint completed\nArtifact uploaded: build.tar.gz (17MB)\nInstalling jest@3.13.0\n\u2713 build completed\nCompiling src/index.js...\nCache hit for key-7469\nCompiling src/handler.rs...\nInstalling webpack@1.3.0\n[23:44:26] ERROR: Connection failed\nException: NullPointerException\n[23:44:26] INFO: Processing request\n[23:44:26] WARN: Deprecated API usage\n=== Step checkout completed ===\n=== Step: setup_environment ===\nCompiling src/index.js...\nWARNING: lodash has known vulnerabilities\nCompiling src/app.ts...\nStep 1/10: Building\nInstalling prettier@1.14.0\n\u2713 build completed\nCache hit for key-5017\nInstalling lodash@3.2.0\nInstalling prettier@5.7.0\nInstalling eslint@3.6.0\n  PASS: test_user_create (452ms)\nInstalling axios@5.4.0\n[23:44:26] INFO: Processing request\n\u2713 test completed\nArtifact uploaded: build.tar.gz (21MB)\nArtifact uploaded: build.tar.gz (44MB)\nCompiling src/utils.go...\nInstalling axios@3.16.0\nInstalling express@5.6.0\n  PASS: test_auth_login (7ms)\nCompiling src/index.js...\nInstalling prettier@1.13.0\nArtifact uploaded: build.tar.gz (47MB)\nArtifact uploaded: build.tar.gz (49MB)\n[23:44:26] INFO: Processing request\nCache hit for key-5321\nArtifact uploaded: build.tar.gz (31MB)\n[23:44:26] INFO: Processing request\nInstalling webpack@5.17.0\nFAILED: test_api_health\nCompiling src/handler.rs...\n  PASS: test_auth_login (488ms)\n\u26a0 DEPRECATION: Feature will be removed in v2.0\n[23:44:26] INFO: Processing request\nCompiling src/app.ts...\n  PASS: test_db_connect (63ms)\nInstalling react@2.5.0\n\u26a0 DEPRECATION: Feature will be removed in v2.0\nInstalling jest@2.9.0\n[23:44:26] INFO: Processing request\nInstalling lodash@5.5.0\nArtifact uploaded: build.tar.gz (30MB)\nInstalling jest@3.7.0\nCompiling src/handler.rs...\n  PASS: test_user_create (39ms)\n[23:44:26] ERROR: Connection failed\nInstalling react@4.7.0\nCompiling src/service.java...\n  PASS: test_db_connect (414ms)\nArtifact uploaded: build.tar.gz (22MB)\nCache hit for key-2064\n\u2717 build failed with exit code 51\n  PASS: test_auth_login (291ms)\nInstalling react@2.16.0\n\u2713 build completed\nWARNING: webpack has known vulnerabilities\nCompiling src/main.py...\n[23:44:26] INFO: Processing request\nArtifact uploaded: build.tar.gz (26MB)\nStep 6/10: Building\nInstalling webpack@2.3.0\nWARNING: prettier has known vulnerabilities\nCompiling src/main.py...\nStep 7/10: Building\nInstalling react@5.11.0\n  PASS: test_api_health (427ms)\n\u2713 lint completed\nInstalling react@1.16.0\nCache hit for key-3688\nInstalling webpack@2.4.0\n\u2713 lint completed\nCompiling src/main.py...\nStep 6/10: Building\nStep 9/10: Building\nStep 8/10: Building\nStep 10/10: Building\nCompiling src/main.py...\nCompiling src/index.js...\n  PASS: test_db_connect (451ms)\n\u2713 test completed\n  PASS: test_cache_hit (379ms)\nCache hit for key-9206\nInstalling eslint@1.15.0\nInstalling axios@2.11.0\nCache hit for key-2027\n\u26a0 DEPRECATION: Feature will be removed in v5.0\n\u2713 build completed\n  PASS: test_db_connect (84ms)\nStep 1/10: Building\n\u26a0 DEPRECATION: Feature will be removed in v5.0\nStep 8/10: Building\n[23:44:26] INFO: Processing request\nStep 4/10: Building\nStep 9/10: Building\nCache hit for key-2910\n\u2713 lint completed\nArtifact uploaded: build.tar.gz (31MB)\nInstalling webpack@5.2.0\nCompiling src/app.ts...\n[23:44:26] WARN: Deprecated API usage\nCompiling src/handler.rs...\nArtifact uploaded: build.tar.gz (3MB)\nStep 10/10: Building\n[23:44:26] WARN: Deprecated API usage\nStep 1/10: Building\nInstalling react@5.18.0\nCompiling src/utils.go...\n[23:44:26] INFO: Processing request\n=== Step setup_environment completed ===\n=== Step: install_dependencies ===\n  PASS: test_cache_hit (338ms)\nArtifact uploaded: build.tar.gz (48MB)\n  PASS: test_db_connect (86ms)\nCache hit for key-1886\nCompiling src/handler.rs...\nCompiling src/utils.go...\nCompiling src/main.py...\nInstalling webpack@5.1.0\nArtifact uploaded: build.tar.gz (28MB)\nInstalling react@3.17.0\n[23:44:26] INFO: Processing request\nStep 5/10: Building\nCache hit for key-2021\n[23:44:26] INFO: Processing request\n  PASS: test_api_health (240ms)\n[23:44:26] INFO: Processing request\n[23:44:26] INFO: Processing request\n  PASS: test_cache_hit (126ms)\nCompiling src/index.js...\nStep 2/10: Building\nArtifact uploaded: build.tar.gz (13MB)\nCompiling src/main.py...\nArtifact uploaded: build.tar.gz (22MB)\nArtifact uploaded: build.tar.gz (20MB)\n\u26a0 DEPRECATION: Feature will be removed in v5.0\n  PASS: test_user_create (239ms)\nCompiling src/handler.rs...\nCompiling src/main.py...\n\u2713 lint completed\nCache hit for key-1310\n  PASS: test_user_create (61ms)\nCompiling src/handler.rs...\n  PASS: test_auth_login (110ms)\nInstalling webpack@3.6.0\n  PASS: test_db_connect (312ms)\nArtifact uploaded: build.tar.gz (33MB)\nCompiling src/app.ts...\nStep 7/10: Building\n\u26a0 DEPRECATION: Feature will be removed in v4.0\nStep 10/10: Building\n  PASS: test_cache_hit (75ms)\n[23:44:26] INFO: Processing request\nCache hit for key-9572\n[23:44:26] INFO: Processing request\nInstalling eslint@4.11.0\nCompiling src/index.js...\nInstalling react@2.20.0\nStep 5/10: Building\nInstalling eslint@2.1.0\n\u2713 lint completed\nInstalling express@2.8.0\nStep 10/10: Building\nStep 3/10: Building\n\u26a0 DEPRECATION: Feature will be removed in v3.0\nCache hit for key-1676\nArtifact uploaded: build.tar.gz (21MB)\nCache hit for key-1342\nInstalling webpack@1.20.0\n\u2713 test completed\nStep 2/10: Building\nCompiling src/utils.go...\nInstalling jest@1.2.0\nCompiling src/utils.go...\nArtifact uploaded: build.tar.gz (33MB)\nCompiling src/handler.rs...\nStep 9/10: Building\n\u26a0 DEPRECATION: Feature will be removed in v5.0\n[23:44:26] ERROR: Connection failed\nArtifact uploaded: build.tar.gz (48MB)\nStep 8/10: Building\n\u2713 test completed\nCache hit for key-2893\n\u26a0 DEPRECATION: Feature will be removed in v5.0\nStep 3/10: Building\n[23:44:26] INFO: Processing request\n  PASS: test_cache_hit (52ms)\nCache hit for key-2607\nStep 5/10: Building\n\u2713 lint completed\n  PASS: test_user_create (237ms)\nFAILED: test_user_create\nArtifact uploaded: build.tar.gz (21MB)\nStep 3/10: Building\nArtifact uploaded: build.tar.gz (22MB)\n[23:44:26] INFO: Processing request\n\u2717 build failed with exit code 54\n\u2713 lint completed\nStep 9/10: Building\n\u2713 test completed\nArtifact uploaded: build.tar.gz (22MB)\n  PASS: test_db_connect (356ms)\n\u26a0 DEPRECATION: Feature will be removed in v5.0\n[23:44:26] INFO: Processing request\nArtifact uploaded: build.tar.gz (4MB)\nArtifact uploaded: build.tar.gz (36MB)\nCache hit for key-8081\nStep 8/10: Building\n\u2713 lint completed\n  PASS: test_cache_hit (401ms)\n\u2713 build completed\nInstalling eslint@5.3.0\nCompiling src/handler.rs...\n\u2713 lint completed\nInstalling axios@2.0.0\nInstalling axios@2.19.0\nCompiling src/main.py...\nCache hit for key-3543\nArtifact uploaded: build.tar.gz (21MB)\n=== Step install_dependencies completed ===\n=== Step: run_tests ===\nInstalling webpack@1.8.0\nInstalling eslint@3.5.0\n  PASS: test_user_create (86ms)\nStep 6/10: Building\nCache hit for key-3985\n  PASS: test_user_create (41ms)\nInstalling prettier@1.11.0\nStep 4/10: Building\nInstalling express@1.10.0\nCache hit for key-4105\nArtifact uploaded: build.tar.gz (28MB)\nWARNING: react has known vulnerabilities\nInstalling eslint@4.10.0\nCompiling src/app.ts...\nArtifact uploaded: build.tar.gz (25MB)\n\u2713 build completed\nInstalling express@2.20.0\n  PASS: test_db_connect (316ms)\n  PASS: test_auth_login (163ms)\n\u2713 test completed\nArtifact uploaded: build.tar.gz (46MB)\n\u2713 build completed\n\u2713 build completed\n\u26a0 DEPRECATION: Feature will be removed in v4.0\n[23:44:26] INFO: Processing request\n[23:44:26] INFO: Processing request\nCache hit for key-2747\n\u26a0 DEPRECATION: Feature will be removed in v2.0\nCompiling src/app.ts...\nCache hit for key-9730\nStep 10/10: Building\nCompiling src/utils.go...\nArtifact uploaded: build.tar.gz (1MB)\n[23:44:26] INFO: Processing request\n[23:44:26] WARN: Deprecated API usage\nArtifact uploaded: build.tar.gz (42MB)\nCache hit for key-8614\nCache hit for key-9995\n[23:44:26] INFO: Processing request\nArtifact uploaded: build.tar.gz (47MB)\n[23:44:26] INFO: Processing request\nArtifact uploaded: build.tar.gz (9MB)\n\u2717 build failed with exit code 94\nStep 5/10: Building\n\u2713 lint completed\n  PASS: test_db_connect (351ms)\n[23:44:26] INFO: Processing request\nCache hit for key-9358\n\u2713 lint completed\n\u2713 build completed\n  PASS: test_user_create (349ms)\nArtifact uploaded: build.tar.gz (29MB)\n[23:44:26] INFO: Processing request\nCompiling src/main.py...\n\u2713 lint completed\nArtifact uploaded: build.tar.gz (4MB)\n\u2713 build completed\nStep 2/10: Building\nInstalling lodash@2.10.0\nCompiling src/utils.go...\nCompiling src/index.js...\nArtifact uploaded: build.tar.gz (44MB)\n  PASS: test_api_health (147ms)\n  PASS: test_api_health (101ms)\nCache hit for key-8931\n[23:44:26] INFO: Processing request\nArtifact uploaded: build.tar.gz (40MB)\nStep 3/10: Building\nInstalling lodash@2.9.0\nInstalling react@4.0.0\nStep 2/10: Building\n\u2713 build completed\nInstalling axios@2.4.0\nInstalling eslint@2.1.0\n\u2713 build completed\n\u2713 lint completed\n  PASS: test_user_create (50ms)\nCompiling src/handler.rs...\nStep 7/10: Building\nCompiling src/app.ts...\n[23:44:26] WARN: Deprecated API usage\n\u2713 test completed\n  PASS: test_db_connect (384ms)\n\u2717 build failed with exit code 106\n\u2713 build completed\nInstalling axios@5.5.0\nCompiling src/main.py...\n[23:44:26] INFO: Processing request\n\u2713 test completed\n[23:44:26] WARN: Deprecated API usage\nCache hit for key-7990\nStep 3/10: Building\nArtifact uploaded: build.tar.gz (28MB)\nCompiling src/handler.rs...\nCache hit for key-1200\nArtifact uploaded: build.tar.gz (19MB)\n\u2713 test completed\nCompiling src/index.js...\n  PASS: test_db_connect (38ms)\n[23:44:26] INFO: Processing request\n  PASS: test_auth_login (264ms)\nArtifact uploaded: build.tar.gz (16MB)\n\u26a0 DEPRECATION: Feature will be removed in v3.0\nStep 4/10: Building\n[23:44:26] WARN: Deprecated API usage\n  PASS: test_auth_login (47ms)\nCompiling src/main.py...\nWARNING: express has known vulnerabilities\n=== Step run_tests completed ===\n=== Step: build_artifact ===\n[23:44:26] INFO: Processing request\nCompiling src/main.py...\n[23:44:26] INFO: Processing request\nArtifact uploaded: build.tar.gz (39MB)\n\u2713 lint completed\n  PASS: test_user_create (215ms)\nCompiling src/handler.rs...\nInstalling axios@3.14.0\nInstalling jest@2.11.0\n\u26a0 DEPRECATION: Feature will be removed in v5.0\nCompiling src/index.js...\nWARNING: eslint has known vulnerabilities\nInstalling prettier@1.20.0\nCompiling src/index.js...\nInstalling express@5.2.0\n\u2713 test completed\nInstalling prettier@1.7.0\n[23:44:26] INFO: Processing request\nCache hit for key-9077\nArtifact uploaded: build.tar.gz (46MB)\n\u2713 lint completed\n\u2713 build completed\nFAILED: test_auth_login\n\u2713 test completed\nStep 9/10: Building\nCache hit for key-1038\nInstalling lodash@2.18.0\nArtifact uploaded: build.tar.gz (17MB)\nArtifact uploaded: build.tar.gz (29MB)\n[23:44:26] INFO: Processing request\n[23:44:26] INFO: Processing request\nCache hit for key-3882\n\u26a0 DEPRECATION: Feature will be removed in v2.0\n  PASS: test_cache_hit (124ms)\nArtifact uploaded: build.tar.gz (41MB)\nArtifact uploaded: build.tar.gz (41MB)\n[23:44:26] WARN: Deprecated API usage\n\u2713 test completed\nStep 10/10: Building\nArtifact uploaded: build.tar.gz (10MB)\nCache hit for key-2706\n[23:44:26] WARN: Deprecated API usage\n  PASS: test_auth_login (443ms)\nStep 2/10: Building\n\u2713 lint completed\nArtifact uploaded: build.tar.gz (40MB)\nInstalling axios@4.3.0\nStep 10/10: Building\nWARNING: express has known vulnerabilities\n[23:44:26] WARN: Deprecated API usage\nFAILED: test_api_health\nCache hit for key-9180\nInstalling jest@5.6.0\n[23:44:26] INFO: Processing request\n[23:44:26] INFO: Processing request\n[23:44:26] INFO: Processing request\n[23:44:26] INFO: Processing request\n\u2713 lint completed\nInstalling react@1.9.0\n\u2713 test completed\n[23:44:26] INFO: Processing request\n  PASS: test_auth_login (29ms)\n  PASS: test_auth_login (180ms)\n  PASS: test_api_health (164ms)\nInstalling express@3.13.0\n\u2713 test completed\n\u2713 build completed\nWARNING: webpack has known vulnerabilities\n  PASS: test_cache_hit (498ms)\nCompiling src/main.py...\nInstalling express@5.4.0\nArtifact uploaded: build.tar.gz (13MB)\nCompiling src/app.ts...\nStep 1/10: Building\nCompiling src/app.ts...\nCompiling src/utils.go...\nCompiling src/service.java...\nArtifact uploaded: build.tar.gz (5MB)\nArtifact uploaded: build.tar.gz (7MB)\n[23:44:26] INFO: Processing request\nArtifact uploaded: build.tar.gz (22MB)\n\u2713 test completed\nStep 1/10: Building\n  PASS: test_user_create (157ms)\n\u26a0 DEPRECATION: Feature will be removed in v4.0\nStep 3/10: Building\nInstalling eslint@2.3.0\nCompiling src/app.ts...\n\u2713 lint completed\nStep 2/10: Building\n  PASS: test_auth_login (22ms)\nStep 5/10: Building\nInstalling webpack@4.7.0\nCompiling src/app.ts...\nInstalling react@2.20.0\nArtifact uploaded: build.tar.gz (33MB)\n\u2713 lint completed\nCache hit for key-2144\n[23:44:26] INFO: Processing request\nStep 1/10: Building\n[23:44:26] INFO: Processing request\n[23:44:26] INFO: Processing request\nStep 2/10: Building\nFAILED: test_user_create\nCache hit for key-5285\nInstalling express@3.16.0\n\u2717 build failed with exit code 38\nCache hit for key-3676\n=== Step build_artifact completed ===\n=== Step: deploy ===\nCompiling src/main.py...\n[23:44:26] INFO: Processing request\nStep 3/10: Building\nCompiling src/service.java...\nWARNING: express has known vulnerabilities\nCompiling src/app.ts...\nStep 7/10: Building\n\u2713 test completed\nStep 8/10: Building\nCache hit for key-8239\n\u2713 build completed\nCompiling src/index.js...\n  PASS: test_auth_login (130ms)\nArtifact uploaded: build.tar.gz (21MB)\n\u2713 lint completed\nStep 9/10: Building\nArtifact uploaded: build.tar.gz (40MB)\nArtifact uploaded: build.tar.gz (33MB)\nStep 6/10: Building\nInstalling jest@5.1.0\n[23:44:26] INFO: Processing request\nInstalling eslint@4.20.0\nStep 4/10: Building\n  PASS: test_auth_login (147ms)\n[23:44:26] WARN: Deprecated API usage\n[23:44:26] INFO: Processing request\nCache hit for key-2496\nArtifact uploaded: build.tar.gz (2MB)\n[23:44:26] INFO: Processing request\nStep 6/10: Building\n[23:44:26] WARN: Deprecated API usage\nInstalling react@1.7.0\n[23:44:26] INFO: Processing request\nArtifact uploaded: build.tar.gz (22MB)\n  PASS: test_db_connect (290ms)\nInstalling webpack@4.4.0\n  PASS: test_api_health (264ms)\n[23:44:26] INFO: Processing request\nCompiling src/app.ts...\nInstalling eslint@1.12.0\nCompiling src/main.py...\n\u2713 lint completed\nStep 3/10: Building\nArtifact uploaded: build.tar.gz (24MB)\nStep 9/10: Building\nCompiling src/index.js...\nCompiling src/utils.go...\n  PASS: test_db_connect (251ms)\nInstalling axios@2.9.0\n  PASS: test_api_health (476ms)\nCache hit for key-5584\nArtifact uploaded: build.tar.gz (18MB)\nInstalling axios@5.20.0\nArtifact uploaded: build.tar.gz (30MB)\nWARNING: prettier has known vulnerabilities\n  PASS: test_auth_login (282ms)\nCompiling src/main.py...\nException: RuntimeError\nStep 4/10: Building\n\u2713 test completed\nInstalling eslint@3.11.0\nCompiling src/index.js...\nInstalling prettier@3.16.0\nArtifact uploaded: build.tar.gz (10MB)\n  PASS: test_cache_hit (456ms)\nStep 8/10: Building\n  PASS: test_auth_login (328ms)\n\u2713 test completed\nInstalling lodash@5.9.0\nCache hit for key-8222\nWARNING: react has known vulnerabilities\n[23:44:26] INFO: Processing request\nCache hit for key-9423\nInstalling webpack@2.16.0\n  PASS: test_auth_login (406ms)\nWARNING: express has known vulnerabilities\nInstalling prettier@4.19.0\nCache hit for key-3000\nStep 2/10: Building\nCache hit for key-9481\n\u2713 test completed\n  PASS: test_user_create (375ms)\nCompiling src/service.java...\nCompiling src/handler.rs...\n\u2713 lint completed\nCache hit for key-6619\nInstalling prettier@4.19.0\n\u26a0 DEPRECATION: Feature will be removed in v4.0\nStep 9/10: Building\n\u2713 test completed\n[23:44:26] INFO: Processing request\n  PASS: test_db_connect (422ms)\n\u26a0 DEPRECATION: Feature will be removed in v3.0\n\u2713 lint completed\nCache hit for key-4237\nStep 3/10: Building\n  PASS: test_auth_login (44ms)\nCache hit for key-8848\n  PASS: test_user_create (9ms)\nStep 8/10: Building\nStep 9/10: Building\nCache hit for key-7868\nArtifact uploaded: build.tar.gz (2MB)\nInstalling lodash@1.13.0\nInstalling lodash@1.8.0\nInstalling express@5.11.0\nCache hit for key-4445\n[23:44:26] INFO: Processing request\n=== Step deploy completed ===",
    "steps": [
      {
        "name": "checkout",
        "status": "success",
        "started_at": "2025-11-24T23:44:26.750343",
        "finished_at": "2025-11-24T23:44:33.910972",
        "log_lines": [
          "=== Step: checkout ===",
          "\u26a0 DEPRECATION: Feature will be removed in v3.0",
          "[23:44:26] INFO: Processing request",
          "  PASS: test_db_connect (42ms)",
          "Installing webpack@4.6.0",
          "Installing lodash@1.7.0",
          "FAILED: test_user_create",
          "Step 2/10: Building",
          "WARNING: eslint has known vulnerabilities",
          "\u2713 test completed",
          "Cache hit for key-9792",
          "Artifact uploaded: build.tar.gz (5MB)",
          "[23:44:26] INFO: Processing request",
          "\u26a0 DEPRECATION: Feature will be removed in v2.0",
          "Artifact uploaded: build.tar.gz (35MB)",
          "WARNING: webpack has known vulnerabilities",
          "Compiling src/handler.rs...",
          "FAILED: test_api_health",
          "Compiling src/main.py...",
          "Installing lodash@1.8.0",
          "[23:44:26] INFO: Processing request",
          "Step 8/10: Building",
          "\u26a0 DEPRECATION: Feature will be removed in v2.0",
          "Installing react@5.20.0",
          "\u2713 test completed",
          "Compiling src/main.py...",
          "Exception: TypeError",
          "Step 7/10: Building",
          "  PASS: test_auth_login (154ms)",
          "Step 9/10: Building",
          "  PASS: test_user_create (306ms)",
          "[23:44:26] INFO: Processing request",
          "Artifact uploaded: build.tar.gz (46MB)",
          "\u2713 test completed",
          "Compiling src/service.java...",
          "Exception: TypeError",
          "[23:44:26] INFO: Processing request",
          "[23:44:26] INFO: Processing request",
          "\u2713 lint completed",
          "Artifact uploaded: build.tar.gz (36MB)",
          "Artifact uploaded: build.tar.gz (45MB)",
          "Installing eslint@4.13.0",
          "\u2713 test completed",
          "Step 5/10: Building",
          "  PASS: test_user_create (130ms)",
          "Cache hit for key-8153",
          "Compiling src/main.py...",
          "FAILED: test_user_create",
          "Cache hit for key-9811",
          "  PASS: test_user_create (427ms)",
          "Cache hit for key-9434",
          "Installing express@5.10.0",
          "Step 10/10: Building",
          "Installing webpack@3.2.0",
          "\u2713 lint completed",
          "Compiling src/service.java...",
          "Step 1/10: Building",
          "Step 2/10: Building",
          "Step 3/10: Building",
          "  PASS: test_db_connect (304ms)",
          "\u26a0 DEPRECATION: Feature will be removed in v5.0",
          "FAILED: test_auth_login",
          "Step 3/10: Building",
          "[23:44:26] WARN: Deprecated API usage",
          "Artifact uploaded: build.tar.gz (39MB)",
          "[23:44:26] WARN: Deprecated API usage",
          "\u2713 lint completed",
          "\u2713 lint completed",
          "Step 5/10: Building",
          "\u2713 lint completed",
          "Compiling src/index.js...",
          "  PASS: test_api_health (236ms)",
          "  PASS: test_cache_hit (284ms)",
          "[23:44:26] INFO: Processing request",
          "\u26a0 DEPRECATION: Feature will be removed in v2.0",
          "Cache hit for key-3183",
          "Installing jest@5.18.0",
          "Step 8/10: Building",
          "  PASS: test_api_health (59ms)",
          "Cache hit for key-5219",
          "Step 1/10: Building",
          "WARNING: jest has known vulnerabilities",
          "Artifact uploaded: build.tar.gz (31MB)",
          "Installing react@3.7.0",
          "Artifact uploaded: build.tar.gz (9MB)",
          "  PASS: test_api_health (234ms)",
          "Artifact uploaded: build.tar.gz (22MB)",
          "Artifact uploaded: build.tar.gz (26MB)",
          "[23:44:26] INFO: Processing request",
          "Artifact uploaded: build.tar.gz (9MB)",
          "Cache hit for key-8138",
          "Compiling src/app.ts...",
          "Cache hit for key-9537",
          "Compiling src/main.py...",
          "[23:44:26] INFO: Processing request",
          "Installing express@3.20.0",
          "Cache hit for key-6319",
          "\u2713 lint completed",
          "Artifact uploaded: build.tar.gz (17MB)",
          "Installing jest@3.13.0",
          "\u2713 build completed",
          "Compiling src/index.js...",
          "Cache hit for key-7469",
          "Compiling src/handler.rs...",
          "Installing webpack@1.3.0",
          "[23:44:26] ERROR: Connection failed",
          "Exception: NullPointerException",
          "[23:44:26] INFO: Processing request",
          "[23:44:26] WARN: Deprecated API usage",
          "=== Step checkout completed ==="
        ]
      },
      {
        "name": "setup_environment",
        "status": "success",
        "started_at": "2025-11-24T23:44:33.910972",
        "finished_at": "2025-11-24T23:44:48.232230",
        "log_lines": [
          "=== Step: setup_environment ===",
          "Compiling src/index.js...",
          "WARNING: lodash has known vulnerabilities",
          "Compiling src/app.ts...",
          "Step 1/10: Building",
          "Installing prettier@1.14.0",
          "\u2713 build completed",
          "Cache hit for key-5017",
          "Installing lodash@3.2.0",
          "Installing prettier@5.7.0",
          "Installing eslint@3.6.0",
          "  PASS: test_user_create (452ms)",
          "Installing axios@5.4.0",
          "[23:44:26] INFO: Processing request",
          "\u2713 test completed",
          "Artifact uploaded: build.tar.gz (21MB)",
          "Artifact uploaded: build.tar.gz (44MB)",
          "Compiling src/utils.go...",
          "Installing axios@3.16.0",
          "Installing express@5.6.0",
          "  PASS: test_auth_login (7ms)",
          "Compiling src/index.js...",
          "Installing prettier@1.13.0",
          "Artifact uploaded: build.tar.gz (47MB)",
          "Artifact uploaded: build.tar.gz (49MB)",
          "[23:44:26] INFO: Processing request",
          "Cache hit for key-5321",
          "Artifact uploaded: build.tar.gz (31MB)",
          "[23:44:26] INFO: Processing request",
          "Installing webpack@5.17.0",
          "FAILED: test_api_health",
          "Compiling src/handler.rs...",
          "  PASS: test_auth_login (488ms)",
          "\u26a0 DEPRECATION: Feature will be removed in v2.0",
          "[23:44:26] INFO: Processing request",
          "Compiling src/app.ts...",
          "  PASS: test_db_connect (63ms)",
          "Installing react@2.5.0",
          "\u26a0 DEPRECATION: Feature will be removed in v2.0",
          "Installing jest@2.9.0",
          "[23:44:26] INFO: Processing request",
          "Installing lodash@5.5.0",
          "Artifact uploaded: build.tar.gz (30MB)",
          "Installing jest@3.7.0",
          "Compiling src/handler.rs...",
          "  PASS: test_user_create (39ms)",
          "[23:44:26] ERROR: Connection failed",
          "Installing react@4.7.0",
          "Compiling src/service.java...",
          "  PASS: test_db_connect (414ms)",
          "Artifact uploaded: build.tar.gz (22MB)",
          "Cache hit for key-2064",
          "\u2717 build failed with exit code 51",
          "  PASS: test_auth_login (291ms)",
          "Installing react@2.16.0",
          "\u2713 build completed",
          "WARNING: webpack has known vulnerabilities",
          "Compiling src/main.py...",
          "[23:44:26] INFO: Processing request",
          "Artifact uploaded: build.tar.gz (26MB)",
          "Step 6/10: Building",
          "Installing webpack@2.3.0",
          "WARNING: prettier has known vulnerabilities",
          "Compiling src/main.py...",
          "Step 7/10: Building",
          "Installing react@5.11.0",
          "  PASS: test_api_health (427ms)",
          "\u2713 lint completed",
          "Installing react@1.16.0",
          "Cache hit for key-3688",
          "Installing webpack@2.4.0",
          "\u2713 lint completed",
          "Compiling src/main.py...",
          "Step 6/10: Building",
          "Step 9/10: Building",
          "Step 8/10: Building",
          "Step 10/10: Building",
          "Compiling src/main.py...",
          "Compiling src/index.js...",
          "  PASS: test_db_connect (451ms)",
          "\u2713 test completed",
          "  PASS: test_cache_hit (379ms)",
          "Cache hit for key-9206",
          "Installing eslint@1.15.0",
          "Installing axios@2.11.0",
          "Cache hit for key-2027",
          "\u26a0 DEPRECATION: Feature will be removed in v5.0",
          "\u2713 build completed",
          "  PASS: test_db_connect (84ms)",
          "Step 1/10: Building",
          "\u26a0 DEPRECATION: Feature will be removed in v5.0",
          "Step 8/10: Building",
          "[23:44:26] INFO: Processing request",
          "Step 4/10: Building",
          "Step 9/10: Building",
          "Cache hit for key-2910",
          "\u2713 lint completed",
          "Artifact uploaded: build.tar.gz (31MB)",
          "Installing webpack@5.2.0",
          "Compiling src/app.ts...",
          "[23:44:26] WARN: Deprecated API usage",
          "Compiling src/handler.rs...",
          "Artifact uploaded: build.tar.gz (3MB)",
          "Step 10/10: Building",
          "[23:44:26] WARN: Deprecated API usage",
          "Step 1/10: Building",
          "Installing react@5.18.0",
          "Compiling src/utils.go...",
          "[23:44:26] INFO: Processing request",
          "=== Step setup_environment completed ==="
        ]
      },
      {
        "name": "install_dependencies",
        "status": "success",
        "started_at": "2025-11-24T23:44:48.232230",
        "finished_at": "2025-11-24T23:45:16.874746",
        "log_lines": [
          "=== Step: install_dependencies ===",
          "  PASS: test_cache_hit (338ms)",
          "Artifact uploaded: build.tar.gz (48MB)",
          "  PASS: test_db_connect (86ms)",
          "Cache hit for key-1886",
          "Compiling src/handler.rs...",
          "Compiling src/utils.go...",
          "Compiling src/main.py...",
          "Installing webpack@5.1.0",
          "Artifact uploaded: build.tar.gz (28MB)",
          "Installing react@3.17.0",
          "[23:44:26] INFO: Processing request",
          "Step 5/10: Building",
          "Cache hit for key-2021",
          "[23:44:26] INFO: Processing request",
          "  PASS: test_api_health (240ms)",
          "[23:44:26] INFO: Processing request",
          "[23:44:26] INFO: Processing request",
          "  PASS: test_cache_hit (126ms)",
          "Compiling src/index.js...",
          "Step 2/10: Building",
          "Artifact uploaded: build.tar.gz (13MB)",
          "Compiling src/main.py...",
          "Artifact uploaded: build.tar.gz (22MB)",
          "Artifact uploaded: build.tar.gz (20MB)",
          "\u26a0 DEPRECATION: Feature will be removed in v5.0",
          "  PASS: test_user_create (239ms)",
          "Compiling src/handler.rs...",
          "Compiling src/main.py...",
          "\u2713 lint completed",
          "Cache hit for key-1310",
          "  PASS: test_user_create (61ms)",
          "Compiling src/handler.rs...",
          "  PASS: test_auth_login (110ms)",
          "Installing webpack@3.6.0",
          "  PASS: test_db_connect (312ms)",
          "Artifact uploaded: build.tar.gz (33MB)",
          "Compiling src/app.ts...",
          "Step 7/10: Building",
          "\u26a0 DEPRECATION: Feature will be removed in v4.0",
          "Step 10/10: Building",
          "  PASS: test_cache_hit (75ms)",
          "[23:44:26] INFO: Processing request",
          "Cache hit for key-9572",
          "[23:44:26] INFO: Processing request",
          "Installing eslint@4.11.0",
          "Compiling src/index.js...",
          "Installing react@2.20.0",
          "Step 5/10: Building",
          "Installing eslint@2.1.0",
          "\u2713 lint completed",
          "Installing express@2.8.0",
          "Step 10/10: Building",
          "Step 3/10: Building",
          "\u26a0 DEPRECATION: Feature will be removed in v3.0",
          "Cache hit for key-1676",
          "Artifact uploaded: build.tar.gz (21MB)",
          "Cache hit for key-1342",
          "Installing webpack@1.20.0",
          "\u2713 test completed",
          "Step 2/10: Building",
          "Compiling src/utils.go...",
          "Installing jest@1.2.0",
          "Compiling src/utils.go...",
          "Artifact uploaded: build.tar.gz (33MB)",
          "Compiling src/handler.rs...",
          "Step 9/10: Building",
          "\u26a0 DEPRECATION: Feature will be removed in v5.0",
          "[23:44:26] ERROR: Connection failed",
          "Artifact uploaded: build.tar.gz (48MB)",
          "Step 8/10: Building",
          "\u2713 test completed",
          "Cache hit for key-2893",
          "\u26a0 DEPRECATION: Feature will be removed in v5.0",
          "Step 3/10: Building",
          "[23:44:26] INFO: Processing request",
          "  PASS: test_cache_hit (52ms)",
          "Cache hit for key-2607",
          "Step 5/10: Building",
          "\u2713 lint completed",
          "  PASS: test_user_create (237ms)",
          "FAILED: test_user_create",
          "Artifact uploaded: build.tar.gz (21MB)",
          "Step 3/10: Building",
          "Artifact uploaded: build.tar.gz (22MB)",
          "[23:44:26] INFO: Processing request",
          "\u2717 build failed with exit code 54",
          "\u2713 lint completed",
          "Step 9/10: Building",
          "\u2713 test completed",
          "Artifact uploaded: build.tar.gz (22MB)",
          "  PASS: test_db_connect (356ms)",
          "\u26a0 DEPRECATION: Feature will be removed in v5.0",
          "[23:44:26] INFO: Processing request",
          "Artifact uploaded: build.tar.gz (4MB)",
          "Artifact uploaded: build.tar.gz (36MB)",
          "Cache hit for key-8081",
          "Step 8/10: Building",
          "\u2713 lint completed",
          "  PASS: test_cache_hit (401ms)",
          "\u2713 build completed",
          "Installing eslint@5.3.0",
          "Compiling src/handler.rs...",
          "\u2713 lint completed",
          "Installing axios@2.0.0",
          "Installing axios@2.19.0",
          "Compiling src/main.py...",
          "Cache hit for key-3543",
          "Artifact uploaded: build.tar.gz (21MB)",
          "=== Step install_dependencies completed ==="
        ]
      },
      {
        "name": "run_tests",
        "status": "success",
        "started_at": "2025-11-24T23:45:16.874746",
        "finished_at": "2025-11-24T23:46:06.999148",
        "log_lines": [
          "=== Step: run_tests ===",
          "Installing webpack@1.8.0",
          "Installing eslint@3.5.0",
          "  PASS: test_user_create (86ms)",
          "Step 6/10: Building",
          "Cache hit for key-3985",
          "  PASS: test_user_create (41ms)",
          "Installing prettier@1.11.0",
          "Step 4/10: Building",
          "Installing express@1.10.0",
          "Cache hit for key-4105",
          "Artifact uploaded: build.tar.gz (28MB)",
          "WARNING: react has known vulnerabilities",
          "Installing eslint@4.10.0",
          "Compiling src/app.ts...",
          "Artifact uploaded: build.tar.gz (25MB)",
          "\u2713 build completed",
          "Installing express@2.20.0",
          "  PASS: test_db_connect (316ms)",
          "  PASS: test_auth_login (163ms)",
          "\u2713 test completed",
          "Artifact uploaded: build.tar.gz (46MB)",
          "\u2713 build completed",
          "\u2713 build completed",
          "\u26a0 DEPRECATION: Feature will be removed in v4.0",
          "[23:44:26] INFO: Processing request",
          "[23:44:26] INFO: Processing request",
          "Cache hit for key-2747",
          "\u26a0 DEPRECATION: Feature will be removed in v2.0",
          "Compiling src/app.ts...",
          "Cache hit for key-9730",
          "Step 10/10: Building",
          "Compiling src/utils.go...",
          "Artifact uploaded: build.tar.gz (1MB)",
          "[23:44:26] INFO: Processing request",
          "[23:44:26] WARN: Deprecated API usage",
          "Artifact uploaded: build.tar.gz (42MB)",
          "Cache hit for key-8614",
          "Cache hit for key-9995",
          "[23:44:26] INFO: Processing request",
          "Artifact uploaded: build.tar.gz (47MB)",
          "[23:44:26] INFO: Processing request",
          "Artifact uploaded: build.tar.gz (9MB)",
          "\u2717 build failed with exit code 94",
          "Step 5/10: Building",
          "\u2713 lint completed",
          "  PASS: test_db_connect (351ms)",
          "[23:44:26] INFO: Processing request",
          "Cache hit for key-9358",
          "\u2713 lint completed",
          "\u2713 build completed",
          "  PASS: test_user_create (349ms)",
          "Artifact uploaded: build.tar.gz (29MB)",
          "[23:44:26] INFO: Processing request",
          "Compiling src/main.py...",
          "\u2713 lint completed",
          "Artifact uploaded: build.tar.gz (4MB)",
          "\u2713 build completed",
          "Step 2/10: Building",
          "Installing lodash@2.10.0",
          "Compiling src/utils.go...",
          "Compiling src/index.js...",
          "Artifact uploaded: build.tar.gz (44MB)",
          "  PASS: test_api_health (147ms)",
          "  PASS: test_api_health (101ms)",
          "Cache hit for key-8931",
          "[23:44:26] INFO: Processing request",
          "Artifact uploaded: build.tar.gz (40MB)",
          "Step 3/10: Building",
          "Installing lodash@2.9.0",
          "Installing react@4.0.0",
          "Step 2/10: Building",
          "\u2713 build completed",
          "Installing axios@2.4.0",
          "Installing eslint@2.1.0",
          "\u2713 build completed",
          "\u2713 lint completed",
          "  PASS: test_user_create (50ms)",
          "Compiling src/handler.rs...",
          "Step 7/10: Building",
          "Compiling src/app.ts...",
          "[23:44:26] WARN: Deprecated API usage",
          "\u2713 test completed",
          "  PASS: test_db_connect (384ms)",
          "\u2717 build failed with exit code 106",
          "\u2713 build completed",
          "Installing axios@5.5.0",
          "Compiling src/main.py...",
          "[23:44:26] INFO: Processing request",
          "\u2713 test completed",
          "[23:44:26] WARN: Deprecated API usage",
          "Cache hit for key-7990",
          "Step 3/10: Building",
          "Artifact uploaded: build.tar.gz (28MB)",
          "Compiling src/handler.rs...",
          "Cache hit for key-1200",
          "Artifact uploaded: build.tar.gz (19MB)",
          "\u2713 test completed",
          "Compiling src/index.js...",
          "  PASS: test_db_connect (38ms)",
          "[23:44:26] INFO: Processing request",
          "  PASS: test_auth_login (264ms)",
          "Artifact uploaded: build.tar.gz (16MB)",
          "\u26a0 DEPRECATION: Feature will be removed in v3.0",
          "Step 4/10: Building",
          "[23:44:26] WARN: Deprecated API usage",
          "  PASS: test_auth_login (47ms)",
          "Compiling src/main.py...",
          "WARNING: express has known vulnerabilities",
          "=== Step run_tests completed ==="
        ]
      },
      {
        "name": "build_artifact",
        "status": "success",
        "started_at": "2025-11-24T23:46:06.999148",
        "finished_at": "2025-11-24T23:46:35.641664",
        "log_lines": [
          "=== Step: build_artifact ===",
          "[23:44:26] INFO: Processing request",
          "Compiling src/main.py...",
          "[23:44:26] INFO: Processing request",
          "Artifact uploaded: build.tar.gz (39MB)",
          "\u2713 lint completed",
          "  PASS: test_user_create (215ms)",
          "Compiling src/handler.rs...",
          "Installing axios@3.14.0",
          "Installing jest@2.11.0",
          "\u26a0 DEPRECATION: Feature will be removed in v5.0",
          "Compiling src/index.js...",
          "WARNING: eslint has known vulnerabilities",
          "Installing prettier@1.20.0",
          "Compiling src/index.js...",
          "Installing express@5.2.0",
          "\u2713 test completed",
          "Installing prettier@1.7.0",
          "[23:44:26] INFO: Processing request",
          "Cache hit for key-9077",
          "Artifact uploaded: build.tar.gz (46MB)",
          "\u2713 lint completed",
          "\u2713 build completed",
          "FAILED: test_auth_login",
          "\u2713 test completed",
          "Step 9/10: Building",
          "Cache hit for key-1038",
          "Installing lodash@2.18.0",
          "Artifact uploaded: build.tar.gz (17MB)",
          "Artifact uploaded: build.tar.gz (29MB)",
          "[23:44:26] INFO: Processing request",
          "[23:44:26] INFO: Processing request",
          "Cache hit for key-3882",
          "\u26a0 DEPRECATION: Feature will be removed in v2.0",
          "  PASS: test_cache_hit (124ms)",
          "Artifact uploaded: build.tar.gz (41MB)",
          "Artifact uploaded: build.tar.gz (41MB)",
          "[23:44:26] WARN: Deprecated API usage",
          "\u2713 test completed",
          "Step 10/10: Building",
          "Artifact uploaded: build.tar.gz (10MB)",
          "Cache hit for key-2706",
          "[23:44:26] WARN: Deprecated API usage",
          "  PASS: test_auth_login (443ms)",
          "Step 2/10: Building",
          "\u2713 lint completed",
          "Artifact uploaded: build.tar.gz (40MB)",
          "Installing axios@4.3.0",
          "Step 10/10: Building",
          "WARNING: express has known vulnerabilities",
          "[23:44:26] WARN: Deprecated API usage",
          "FAILED: test_api_health",
          "Cache hit for key-9180",
          "Installing jest@5.6.0",
          "[23:44:26] INFO: Processing request",
          "[23:44:26] INFO: Processing request",
          "[23:44:26] INFO: Processing request",
          "[23:44:26] INFO: Processing request",
          "\u2713 lint completed",
          "Installing react@1.9.0",
          "\u2713 test completed",
          "[23:44:26] INFO: Processing request",
          "  PASS: test_auth_login (29ms)",
          "  PASS: test_auth_login (180ms)",
          "  PASS: test_api_health (164ms)",
          "Installing express@3.13.0",
          "\u2713 test completed",
          "\u2713 build completed",
          "WARNING: webpack has known vulnerabilities",
          "  PASS: test_cache_hit (498ms)",
          "Compiling src/main.py...",
          "Installing express@5.4.0",
          "Artifact uploaded: build.tar.gz (13MB)",
          "Compiling src/app.ts...",
          "Step 1/10: Building",
          "Compiling src/app.ts...",
          "Compiling src/utils.go...",
          "Compiling src/service.java...",
          "Artifact uploaded: build.tar.gz (5MB)",
          "Artifact uploaded: build.tar.gz (7MB)",
          "[23:44:26] INFO: Processing request",
          "Artifact uploaded: build.tar.gz (22MB)",
          "\u2713 test completed",
          "Step 1/10: Building",
          "  PASS: test_user_create (157ms)",
          "\u26a0 DEPRECATION: Feature will be removed in v4.0",
          "Step 3/10: Building",
          "Installing eslint@2.3.0",
          "Compiling src/app.ts...",
          "\u2713 lint completed",
          "Step 2/10: Building",
          "  PASS: test_auth_login (22ms)",
          "Step 5/10: Building",
          "Installing webpack@4.7.0",
          "Compiling src/app.ts...",
          "Installing react@2.20.0",
          "Artifact uploaded: build.tar.gz (33MB)",
          "\u2713 lint completed",
          "Cache hit for key-2144",
          "[23:44:26] INFO: Processing request",
          "Step 1/10: Building",
          "[23:44:26] INFO: Processing request",
          "[23:44:26] INFO: Processing request",
          "Step 2/10: Building",
          "FAILED: test_user_create",
          "Cache hit for key-5285",
          "Installing express@3.16.0",
          "\u2717 build failed with exit code 38",
          "Cache hit for key-3676",
          "=== Step build_artifact completed ==="
        ]
      },
      {
        "name": "deploy",
        "status": "success",
        "started_at": "2025-11-24T23:46:35.641664",
        "finished_at": "2025-11-24T23:46:49.962922",
        "log_lines": [
          "=== Step: deploy ===",
          "Compiling src/main.py...",
          "[23:44:26] INFO: Processing request",
          "Step 3/10: Building",
          "Compiling src/service.java...",
          "WARNING: express has known vulnerabilities",
          "Compiling src/app.ts...",
          "Step 7/10: Building",
          "\u2713 test completed",
          "Step 8/10: Building",
          "Cache hit for key-8239",
          "\u2713 build completed",
          "Compiling src/index.js...",
          "  PASS: test_auth_login (130ms)",
          "Artifact uploaded: build.tar.gz (21MB)",
          "\u2713 lint completed",
          "Step 9/10: Building",
          "Artifact uploaded: build.tar.gz (40MB)",
          "Artifact uploaded: build.tar.gz (33MB)",
          "Step 6/10: Building",
          "Installing jest@5.1.0",
          "[23:44:26] INFO: Processing request",
          "Installing eslint@4.20.0",
          "Step 4/10: Building",
          "  PASS: test_auth_login (147ms)",
          "[23:44:26] WARN: Deprecated API usage",
          "[23:44:26] INFO: Processing request",
          "Cache hit for key-2496",
          "Artifact uploaded: build.tar.gz (2MB)",
          "[23:44:26] INFO: Processing request",
          "Step 6/10: Building",
          "[23:44:26] WARN: Deprecated API usage",
          "Installing react@1.7.0",
          "[23:44:26] INFO: Processing request",
          "Artifact uploaded: build.tar.gz (22MB)",
          "  PASS: test_db_connect (290ms)",
          "Installing webpack@4.4.0",
          "  PASS: test_api_health (264ms)",
          "[23:44:26] INFO: Processing request",
          "Compiling src/app.ts...",
          "Installing eslint@1.12.0",
          "Compiling src/main.py...",
          "\u2713 lint completed",
          "Step 3/10: Building",
          "Artifact uploaded: build.tar.gz (24MB)",
          "Step 9/10: Building",
          "Compiling src/index.js...",
          "Compiling src/utils.go...",
          "  PASS: test_db_connect (251ms)",
          "Installing axios@2.9.0",
          "  PASS: test_api_health (476ms)",
          "Cache hit for key-5584",
          "Artifact uploaded: build.tar.gz (18MB)",
          "Installing axios@5.20.0",
          "Artifact uploaded: build.tar.gz (30MB)",
          "WARNING: prettier has known vulnerabilities",
          "  PASS: test_auth_login (282ms)",
          "Compiling src/main.py...",
          "Exception: RuntimeError",
          "Step 4/10: Building",
          "\u2713 test completed",
          "Installing eslint@3.11.0",
          "Compiling src/index.js...",
          "Installing prettier@3.16.0",
          "Artifact uploaded: build.tar.gz (10MB)",
          "  PASS: test_cache_hit (456ms)",
          "Step 8/10: Building",
          "  PASS: test_auth_login (328ms)",
          "\u2713 test completed",
          "Installing lodash@5.9.0",
          "Cache hit for key-8222",
          "WARNING: react has known vulnerabilities",
          "[23:44:26] INFO: Processing request",
          "Cache hit for key-9423",
          "Installing webpack@2.16.0",
          "  PASS: test_auth_login (406ms)",
          "WARNING: express has known vulnerabilities",
          "Installing prettier@4.19.0",
          "Cache hit for key-3000",
          "Step 2/10: Building",
          "Cache hit for key-9481",
          "\u2713 test completed",
          "  PASS: test_user_create (375ms)",
          "Compiling src/service.java...",
          "Compiling src/handler.rs...",
          "\u2713 lint completed",
          "Cache hit for key-6619",
          "Installing prettier@4.19.0",
          "\u26a0 DEPRECATION: Feature will be removed in v4.0",
          "Step 9/10: Building",
          "\u2713 test completed",
          "[23:44:26] INFO: Processing request",
          "  PASS: test_db_connect (422ms)",
          "\u26a0 DEPRECATION: Feature will be removed in v3.0",
          "\u2713 lint completed",
          "Cache hit for key-4237",
          "Step 3/10: Building",
          "  PASS: test_auth_login (44ms)",
          "Cache hit for key-8848",
          "  PASS: test_user_create (9ms)",
          "Step 8/10: Building",
          "Step 9/10: Building",
          "Cache hit for key-7868",
          "Artifact uploaded: build.tar.gz (2MB)",
          "Installing lodash@1.13.0",
          "Installing lodash@1.8.0",
          "Installing express@5.11.0",
          "Cache hit for key-4445",
          "[23:44:26] INFO: Processing request",
          "=== Step deploy completed ==="
        ]
      }
    ],
    "label": "normal"
  }
}