{
  "action": "completed",
  "workflow_run": {
    "id": 48,
    "name": "CI Pipeline",
    "head_branch": "feature/feat-281",
    "head_sha": "955d2de571679d7b23b8bb972ecfbd10ef896b43",
    "status": "completed",
    "conclusion": "failure",
    "run_started_at": "2025-12-01T23:44:24.864695Z",
    "updated_at": "2025-12-01T23:46:18.983073Z"
  },
  "repository": {
    "full_name": "acme-corp/api-service",
    "name": "api-service"
  },
  "sender": {
    "login": "bob"
  },
  "_safeops_extended": {
    "raw_logs": "=== Step: checkout ===\nArtifact uploaded: build.tar.gz (41MB)\n\u2713 lint completed\nArtifact uploaded: build.tar.gz (19MB)\nArtifact uploaded: build.tar.gz (40MB)\nException: TypeError\nArtifact uploaded: build.tar.gz (18MB)\n  PASS: test_user_create (327ms)\n\u2713 lint completed\nStep 5/10: Building\nCompiling src/service.java...\n[23:44:24] WARN: Deprecated API usage\nInstalling webpack@2.14.0\nStep 2/10: Building\nCache hit for key-6252\nArtifact uploaded: build.tar.gz (48MB)\nInstalling eslint@3.9.0\nInstalling jest@2.17.0\nStep 1/10: Building\n  PASS: test_api_health (392ms)\nCompiling src/index.js...\n  PASS: test_user_create (434ms)\nInstalling eslint@4.17.0\nCompiling src/handler.rs...\nInstalling webpack@4.10.0\nCompiling src/service.java...\nArtifact uploaded: build.tar.gz (2MB)\nCache hit for key-9348\nCache hit for key-1875\n[23:44:24] INFO: Processing request\nCompiling src/index.js...\n[23:44:24] INFO: Processing request\nCompiling src/service.java...\nInstalling webpack@1.10.0\n\u2713 lint completed\nArtifact uploaded: build.tar.gz (7MB)\nException: RuntimeError\nCompiling src/main.py...\n  PASS: test_api_health (419ms)\nInstalling react@5.4.0\n  PASS: test_db_connect (116ms)\nCache hit for key-4917\nCache hit for key-1997\nStep 6/10: Building\n  PASS: test_cache_hit (44ms)\nCompiling src/app.ts...\nStep 5/10: Building\nArtifact uploaded: build.tar.gz (29MB)\nInstalling react@2.11.0\n  PASS: test_cache_hit (82ms)\nInstalling prettier@4.18.0\n[23:44:24] INFO: Processing request\nCache hit for key-5800\nStep 9/10: Building\n=== Step checkout completed ===\n=== Step: setup_environment ===\nInstalling react@3.11.0\n\u2713 test completed\nCache hit for key-4509\nCache hit for key-7884\nInstalling jest@3.7.0\n[23:44:24] INFO: Processing request\nInstalling prettier@1.15.0\n\u2713 test completed\nException: TypeError\nStep 3/10: Building\n  PASS: test_auth_login (320ms)\nInstalling eslint@4.4.0\nCache hit for key-7855\n[23:44:24] INFO: Processing request\nInstalling webpack@3.1.0\n[23:44:24] INFO: Processing request\nArtifact uploaded: build.tar.gz (16MB)\n\u26a0 DEPRECATION: Feature will be removed in v2.0\nCompiling src/app.ts...\n\u26a0 DEPRECATION: Feature will be removed in v2.0\nCache hit for key-5342\nArtifact uploaded: build.tar.gz (27MB)\nArtifact uploaded: build.tar.gz (15MB)\nStep 3/10: Building\nCompiling src/main.py...\n[23:44:24] INFO: Processing request\nInstalling prettier@3.12.0\n  PASS: test_api_health (479ms)\nCache hit for key-9353\nCompiling src/main.py...\n[23:44:24] ERROR: Connection failed\n\u2713 lint completed\n[23:44:24] INFO: Processing request\nStep 5/10: Building\n\u2713 build completed\n\u2713 lint completed\nCache hit for key-1382\nCompiling src/app.ts...\nStep 9/10: Building\n[23:44:24] ERROR: Connection failed\nInstalling jest@1.6.0\n[23:44:24] INFO: Processing request\nCompiling src/app.ts...\n[23:44:24] INFO: Processing request\nCompiling src/app.ts...\nArtifact uploaded: build.tar.gz (37MB)\n  PASS: test_cache_hit (129ms)\nArtifact uploaded: build.tar.gz (48MB)\n  PASS: test_db_connect (204ms)\n\u2713 lint completed\n\u2713 build completed\n[23:44:24] INFO: Processing request\n  PASS: test_auth_login (129ms)\n=== Step setup_environment completed ===\n=== Step: install_dependencies ===\nException: ValueError\nStep 2/10: Building\n[23:44:24] ERROR: Connection failed\nArtifact uploaded: build.tar.gz (29MB)\nCache hit for key-7686\n[23:44:24] ERROR: Connection failed\n  PASS: test_auth_login (495ms)\n\u2713 test completed\n[23:44:24] WARN: Deprecated API usage\n[23:44:24] INFO: Processing request\n\u2713 build completed\nException: RuntimeError\n  PASS: test_api_health (45ms)\nCompiling src/utils.go...\nCache hit for key-5753\nStep 8/10: Building\nCache hit for key-4162\nStep 10/10: Building\nCompiling src/main.py...\nArtifact uploaded: build.tar.gz (33MB)\nStep 4/10: Building\nException: RuntimeError\nInstalling express@5.13.0\nArtifact uploaded: build.tar.gz (25MB)\n\u2713 lint completed\nCache hit for key-6522\nFAILED: test_user_create\nCache hit for key-7198\nCompiling src/service.java...\n[23:44:24] INFO: Processing request\n  PASS: test_auth_login (387ms)\nInstalling express@4.9.0\nInstalling lodash@4.0.0\n[23:44:24] INFO: Processing request\nCompiling src/main.py...\nStep 10/10: Building\n[23:44:24] INFO: Processing request\nArtifact uploaded: build.tar.gz (12MB)\nCompiling src/utils.go...\nArtifact uploaded: build.tar.gz (33MB)\n[23:44:24] INFO: Processing request\nStep 10/10: Building\n[23:44:24] INFO: Processing request\nArtifact uploaded: build.tar.gz (40MB)\nArtifact uploaded: build.tar.gz (37MB)\nCompiling src/handler.rs...\nCache hit for key-7283\nWARNING: lodash has known vulnerabilities\n[23:44:24] INFO: Processing request\nCache hit for key-4286\n[23:44:24] INFO: Processing request\nStep 6/10: Building\n  PASS: test_auth_login (283ms)\n=== Step install_dependencies completed ===\n=== Step: run_tests ===\nArtifact uploaded: build.tar.gz (26MB)\n[23:44:24] INFO: Processing request\nStep 10/10: Building\nInstalling webpack@5.14.0\n[23:44:24] INFO: Processing request\n  PASS: test_cache_hit (88ms)\nStep 1/10: Building\nInstalling react@5.13.0\n  PASS: test_user_create (25ms)\nInstalling eslint@4.1.0\n  PASS: test_cache_hit (340ms)\n  PASS: test_api_health (83ms)\nCompiling src/handler.rs...\n\u2713 test completed\nCache hit for key-3740\n[23:44:24] INFO: Processing request\n  PASS: test_cache_hit (457ms)\n[23:44:24] INFO: Processing request\nArtifact uploaded: build.tar.gz (41MB)\nInstalling webpack@5.15.0\n\u26a0 DEPRECATION: Feature will be removed in v4.0\nInstalling axios@3.4.0\nInstalling jest@5.18.0\nCompiling src/main.py...\n\u26a0 DEPRECATION: Feature will be removed in v3.0\nCache hit for key-5739\nInstalling jest@4.4.0\nCompiling src/handler.rs...\n  PASS: test_api_health (197ms)\nArtifact uploaded: build.tar.gz (21MB)\nArtifact uploaded: build.tar.gz (22MB)\nCompiling src/main.py...\n[23:44:24] INFO: Processing request\nArtifact uploaded: build.tar.gz (12MB)\n[23:44:24] ERROR: Connection failed\n  PASS: test_auth_login (177ms)\nArtifact uploaded: build.tar.gz (22MB)\nFAILED: test_db_connect\nCompiling src/handler.rs...\nInstalling express@5.9.0\nInstalling react@2.11.0\n\u2717 build failed with exit code 124\nArtifact uploaded: build.tar.gz (5MB)\nCompiling src/main.py...\n[23:44:24] INFO: Processing request\nCache hit for key-8351\n\u2713 test completed\n\u2713 test completed\n  PASS: test_cache_hit (211ms)\n\u2713 test completed\nCompiling src/handler.rs...\nStep 9/10: Building\n\u2713 lint completed\n=== Step run_tests completed ===\n=== Step: build_artifact ===\n  PASS: test_api_health (78ms)\nInstalling lodash@4.0.0\nCache hit for key-6182\nWARNING: axios has known vulnerabilities\n\u2713 test completed\nCache hit for key-6303\nInstalling react@4.5.0\nInstalling express@2.13.0\n\u2713 lint completed\nCompiling src/service.java...\nCompiling src/index.js...\n\u2713 build completed\nCompiling src/handler.rs...\n  PASS: test_cache_hit (247ms)\n\u2713 lint completed\n\u2713 test completed\n\u2713 lint completed\nStep 7/10: Building\n  PASS: test_db_connect (148ms)\n\u2713 test completed\n\u2713 lint completed\n[23:44:24] INFO: Processing request\nCache hit for key-4426\n[23:44:24] INFO: Processing request\nStep 3/10: Building\nWARNING: prettier has known vulnerabilities\n[23:44:24] INFO: Processing request\n  PASS: test_db_connect (75ms)\n  PASS: test_db_connect (150ms)\nInstalling axios@1.7.0\nCompiling src/app.ts...\nCache hit for key-2520\n  PASS: test_cache_hit (250ms)\nArtifact uploaded: build.tar.gz (28MB)\nCache hit for key-7873\nStep 3/10: Building\n\u2713 lint completed\nStep 7/10: Building\nException: TypeError\n[23:44:24] INFO: Processing request\nCompiling src/service.java...\nCompiling src/service.java...\nStep 2/10: Building\n  PASS: test_auth_login (427ms)\nArtifact uploaded: build.tar.gz (16MB)\nInstalling prettier@2.11.0\nCompiling src/service.java...\nArtifact uploaded: build.tar.gz (42MB)\nFAILED: test_cache_hit\n\u2713 build completed\n\u2713 build completed\nArtifact uploaded: build.tar.gz (13MB)\nStep 7/10: Building\n=== Step build_artifact completed ===\n=== Step: deploy ===\nInstalling react@1.19.0\n\u2717 build failed with exit code 115\n  PASS: test_user_create (240ms)\nStep 3/10: Building\n  PASS: test_auth_login (462ms)\nArtifact uploaded: build.tar.gz (46MB)\n  PASS: test_auth_login (172ms)\n  PASS: test_user_create (268ms)\nArtifact uploaded: build.tar.gz (37MB)\n  PASS: test_cache_hit (70ms)\n[23:44:24] WARN: Deprecated API usage\nCache hit for key-8301\nArtifact uploaded: build.tar.gz (4MB)\nStep 4/10: Building\n\u2713 test completed\n[23:44:24] INFO: Processing request\n[23:44:24] INFO: Processing request\nWARNING: axios has known vulnerabilities\n[23:44:24] WARN: Deprecated API usage\n  PASS: test_user_create (175ms)\nCache hit for key-4142\nCompiling src/utils.go...\n[23:44:24] INFO: Processing request\nArtifact uploaded: build.tar.gz (14MB)\n  PASS: test_user_create (96ms)\nInstalling eslint@5.12.0\nArtifact uploaded: build.tar.gz (25MB)\nStep 2/10: Building\n[23:44:24] INFO: Processing request\nCompiling src/service.java...\nArtifact uploaded: build.tar.gz (49MB)\n[23:44:24] WARN: Deprecated API usage\nArtifact uploaded: build.tar.gz (40MB)\n  PASS: test_api_health (249ms)\nArtifact uploaded: build.tar.gz (33MB)\n[23:44:24] WARN: Deprecated API usage\nException: RuntimeError\n\u2713 build completed\nStep 8/10: Building\n[23:44:24] INFO: Processing request\n  PASS: test_user_create (79ms)\nInstalling express@2.1.0\nInstalling express@3.17.0\n[23:44:24] INFO: Processing request\nArtifact uploaded: build.tar.gz (50MB)\n  PASS: test_db_connect (299ms)\nWARNING: webpack has known vulnerabilities\nCompiling src/app.ts...\n[23:44:24] INFO: Processing request\nStep 7/10: Building\n\u2713 lint completed\n\u2713 test completed\n\u2713 test completed\n=== Step deploy completed ===",
    "steps": [
      {
        "name": "checkout",
        "status": "success",
        "started_at": "2025-12-01T23:44:24.864695",
        "finished_at": "2025-12-01T23:44:30.570614",
        "log_lines": [
          "=== Step: checkout ===",
          "Artifact uploaded: build.tar.gz (41MB)",
          "\u2713 lint completed",
          "Artifact uploaded: build.tar.gz (19MB)",
          "Artifact uploaded: build.tar.gz (40MB)",
          "Exception: TypeError",
          "Artifact uploaded: build.tar.gz (18MB)",
          "  PASS: test_user_create (327ms)",
          "\u2713 lint completed",
          "Step 5/10: Building",
          "Compiling src/service.java...",
          "[23:44:24] WARN: Deprecated API usage",
          "Installing webpack@2.14.0",
          "Step 2/10: Building",
          "Cache hit for key-6252",
          "Artifact uploaded: build.tar.gz (48MB)",
          "Installing eslint@3.9.0",
          "Installing jest@2.17.0",
          "Step 1/10: Building",
          "  PASS: test_api_health (392ms)",
          "Compiling src/index.js...",
          "  PASS: test_user_create (434ms)",
          "Installing eslint@4.17.0",
          "Compiling src/handler.rs...",
          "Installing webpack@4.10.0",
          "Compiling src/service.java...",
          "Artifact uploaded: build.tar.gz (2MB)",
          "Cache hit for key-9348",
          "Cache hit for key-1875",
          "[23:44:24] INFO: Processing request",
          "Compiling src/index.js...",
          "[23:44:24] INFO: Processing request",
          "Compiling src/service.java...",
          "Installing webpack@1.10.0",
          "\u2713 lint completed",
          "Artifact uploaded: build.tar.gz (7MB)",
          "Exception: RuntimeError",
          "Compiling src/main.py...",
          "  PASS: test_api_health (419ms)",
          "Installing react@5.4.0",
          "  PASS: test_db_connect (116ms)",
          "Cache hit for key-4917",
          "Cache hit for key-1997",
          "Step 6/10: Building",
          "  PASS: test_cache_hit (44ms)",
          "Compiling src/app.ts...",
          "Step 5/10: Building",
          "Artifact uploaded: build.tar.gz (29MB)",
          "Installing react@2.11.0",
          "  PASS: test_cache_hit (82ms)",
          "Installing prettier@4.18.0",
          "[23:44:24] INFO: Processing request",
          "Cache hit for key-5800",
          "Step 9/10: Building",
          "=== Step checkout completed ==="
        ]
      },
      {
        "name": "setup_environment",
        "status": "success",
        "started_at": "2025-12-01T23:44:30.570614",
        "finished_at": "2025-12-01T23:44:41.982452",
        "log_lines": [
          "=== Step: setup_environment ===",
          "Installing react@3.11.0",
          "\u2713 test completed",
          "Cache hit for key-4509",
          "Cache hit for key-7884",
          "Installing jest@3.7.0",
          "[23:44:24] INFO: Processing request",
          "Installing prettier@1.15.0",
          "\u2713 test completed",
          "Exception: TypeError",
          "Step 3/10: Building",
          "  PASS: test_auth_login (320ms)",
          "Installing eslint@4.4.0",
          "Cache hit for key-7855",
          "[23:44:24] INFO: Processing request",
          "Installing webpack@3.1.0",
          "[23:44:24] INFO: Processing request",
          "Artifact uploaded: build.tar.gz (16MB)",
          "\u26a0 DEPRECATION: Feature will be removed in v2.0",
          "Compiling src/app.ts...",
          "\u26a0 DEPRECATION: Feature will be removed in v2.0",
          "Cache hit for key-5342",
          "Artifact uploaded: build.tar.gz (27MB)",
          "Artifact uploaded: build.tar.gz (15MB)",
          "Step 3/10: Building",
          "Compiling src/main.py...",
          "[23:44:24] INFO: Processing request",
          "Installing prettier@3.12.0",
          "  PASS: test_api_health (479ms)",
          "Cache hit for key-9353",
          "Compiling src/main.py...",
          "[23:44:24] ERROR: Connection failed",
          "\u2713 lint completed",
          "[23:44:24] INFO: Processing request",
          "Step 5/10: Building",
          "\u2713 build completed",
          "\u2713 lint completed",
          "Cache hit for key-1382",
          "Compiling src/app.ts...",
          "Step 9/10: Building",
          "[23:44:24] ERROR: Connection failed",
          "Installing jest@1.6.0",
          "[23:44:24] INFO: Processing request",
          "Compiling src/app.ts...",
          "[23:44:24] INFO: Processing request",
          "Compiling src/app.ts...",
          "Artifact uploaded: build.tar.gz (37MB)",
          "  PASS: test_cache_hit (129ms)",
          "Artifact uploaded: build.tar.gz (48MB)",
          "  PASS: test_db_connect (204ms)",
          "\u2713 lint completed",
          "\u2713 build completed",
          "[23:44:24] INFO: Processing request",
          "  PASS: test_auth_login (129ms)",
          "=== Step setup_environment completed ==="
        ]
      },
      {
        "name": "install_dependencies",
        "status": "success",
        "started_at": "2025-12-01T23:44:41.982452",
        "finished_at": "2025-12-01T23:45:04.806128",
        "log_lines": [
          "=== Step: install_dependencies ===",
          "Exception: ValueError",
          "Step 2/10: Building",
          "[23:44:24] ERROR: Connection failed",
          "Artifact uploaded: build.tar.gz (29MB)",
          "Cache hit for key-7686",
          "[23:44:24] ERROR: Connection failed",
          "  PASS: test_auth_login (495ms)",
          "\u2713 test completed",
          "[23:44:24] WARN: Deprecated API usage",
          "[23:44:24] INFO: Processing request",
          "\u2713 build completed",
          "Exception: RuntimeError",
          "  PASS: test_api_health (45ms)",
          "Compiling src/utils.go...",
          "Cache hit for key-5753",
          "Step 8/10: Building",
          "Cache hit for key-4162",
          "Step 10/10: Building",
          "Compiling src/main.py...",
          "Artifact uploaded: build.tar.gz (33MB)",
          "Step 4/10: Building",
          "Exception: RuntimeError",
          "Installing express@5.13.0",
          "Artifact uploaded: build.tar.gz (25MB)",
          "\u2713 lint completed",
          "Cache hit for key-6522",
          "FAILED: test_user_create",
          "Cache hit for key-7198",
          "Compiling src/service.java...",
          "[23:44:24] INFO: Processing request",
          "  PASS: test_auth_login (387ms)",
          "Installing express@4.9.0",
          "Installing lodash@4.0.0",
          "[23:44:24] INFO: Processing request",
          "Compiling src/main.py...",
          "Step 10/10: Building",
          "[23:44:24] INFO: Processing request",
          "Artifact uploaded: build.tar.gz (12MB)",
          "Compiling src/utils.go...",
          "Artifact uploaded: build.tar.gz (33MB)",
          "[23:44:24] INFO: Processing request",
          "Step 10/10: Building",
          "[23:44:24] INFO: Processing request",
          "Artifact uploaded: build.tar.gz (40MB)",
          "Artifact uploaded: build.tar.gz (37MB)",
          "Compiling src/handler.rs...",
          "Cache hit for key-7283",
          "WARNING: lodash has known vulnerabilities",
          "[23:44:24] INFO: Processing request",
          "Cache hit for key-4286",
          "[23:44:24] INFO: Processing request",
          "Step 6/10: Building",
          "  PASS: test_auth_login (283ms)",
          "=== Step install_dependencies completed ==="
        ]
      },
      {
        "name": "run_tests",
        "status": "success",
        "started_at": "2025-12-01T23:45:04.806128",
        "finished_at": "2025-12-01T23:45:44.747560",
        "log_lines": [
          "=== Step: run_tests ===",
          "Artifact uploaded: build.tar.gz (26MB)",
          "[23:44:24] INFO: Processing request",
          "Step 10/10: Building",
          "Installing webpack@5.14.0",
          "[23:44:24] INFO: Processing request",
          "  PASS: test_cache_hit (88ms)",
          "Step 1/10: Building",
          "Installing react@5.13.0",
          "  PASS: test_user_create (25ms)",
          "Installing eslint@4.1.0",
          "  PASS: test_cache_hit (340ms)",
          "  PASS: test_api_health (83ms)",
          "Compiling src/handler.rs...",
          "\u2713 test completed",
          "Cache hit for key-3740",
          "[23:44:24] INFO: Processing request",
          "  PASS: test_cache_hit (457ms)",
          "[23:44:24] INFO: Processing request",
          "Artifact uploaded: build.tar.gz (41MB)",
          "Installing webpack@5.15.0",
          "\u26a0 DEPRECATION: Feature will be removed in v4.0",
          "Installing axios@3.4.0",
          "Installing jest@5.18.0",
          "Compiling src/main.py...",
          "\u26a0 DEPRECATION: Feature will be removed in v3.0",
          "Cache hit for key-5739",
          "Installing jest@4.4.0",
          "Compiling src/handler.rs...",
          "  PASS: test_api_health (197ms)",
          "Artifact uploaded: build.tar.gz (21MB)",
          "Artifact uploaded: build.tar.gz (22MB)",
          "Compiling src/main.py...",
          "[23:44:24] INFO: Processing request",
          "Artifact uploaded: build.tar.gz (12MB)",
          "[23:44:24] ERROR: Connection failed",
          "  PASS: test_auth_login (177ms)",
          "Artifact uploaded: build.tar.gz (22MB)",
          "FAILED: test_db_connect",
          "Compiling src/handler.rs...",
          "Installing express@5.9.0",
          "Installing react@2.11.0",
          "\u2717 build failed with exit code 124",
          "Artifact uploaded: build.tar.gz (5MB)",
          "Compiling src/main.py...",
          "[23:44:24] INFO: Processing request",
          "Cache hit for key-8351",
          "\u2713 test completed",
          "\u2713 test completed",
          "  PASS: test_cache_hit (211ms)",
          "\u2713 test completed",
          "Compiling src/handler.rs...",
          "Step 9/10: Building",
          "\u2713 lint completed",
          "=== Step run_tests completed ==="
        ]
      },
      {
        "name": "build_artifact",
        "status": "success",
        "started_at": "2025-12-01T23:45:44.747560",
        "finished_at": "2025-12-01T23:46:07.571236",
        "log_lines": [
          "=== Step: build_artifact ===",
          "  PASS: test_api_health (78ms)",
          "Installing lodash@4.0.0",
          "Cache hit for key-6182",
          "WARNING: axios has known vulnerabilities",
          "\u2713 test completed",
          "Cache hit for key-6303",
          "Installing react@4.5.0",
          "Installing express@2.13.0",
          "\u2713 lint completed",
          "Compiling src/service.java...",
          "Compiling src/index.js...",
          "\u2713 build completed",
          "Compiling src/handler.rs...",
          "  PASS: test_cache_hit (247ms)",
          "\u2713 lint completed",
          "\u2713 test completed",
          "\u2713 lint completed",
          "Step 7/10: Building",
          "  PASS: test_db_connect (148ms)",
          "\u2713 test completed",
          "\u2713 lint completed",
          "[23:44:24] INFO: Processing request",
          "Cache hit for key-4426",
          "[23:44:24] INFO: Processing request",
          "Step 3/10: Building",
          "WARNING: prettier has known vulnerabilities",
          "[23:44:24] INFO: Processing request",
          "  PASS: test_db_connect (75ms)",
          "  PASS: test_db_connect (150ms)",
          "Installing axios@1.7.0",
          "Compiling src/app.ts...",
          "Cache hit for key-2520",
          "  PASS: test_cache_hit (250ms)",
          "Artifact uploaded: build.tar.gz (28MB)",
          "Cache hit for key-7873",
          "Step 3/10: Building",
          "\u2713 lint completed",
          "Step 7/10: Building",
          "Exception: TypeError",
          "[23:44:24] INFO: Processing request",
          "Compiling src/service.java...",
          "Compiling src/service.java...",
          "Step 2/10: Building",
          "  PASS: test_auth_login (427ms)",
          "Artifact uploaded: build.tar.gz (16MB)",
          "Installing prettier@2.11.0",
          "Compiling src/service.java...",
          "Artifact uploaded: build.tar.gz (42MB)",
          "FAILED: test_cache_hit",
          "\u2713 build completed",
          "\u2713 build completed",
          "Artifact uploaded: build.tar.gz (13MB)",
          "Step 7/10: Building",
          "=== Step build_artifact completed ==="
        ]
      },
      {
        "name": "deploy",
        "status": "success",
        "started_at": "2025-12-01T23:46:07.571236",
        "finished_at": "2025-12-01T23:46:18.983074",
        "log_lines": [
          "=== Step: deploy ===",
          "Installing react@1.19.0",
          "\u2717 build failed with exit code 115",
          "  PASS: test_user_create (240ms)",
          "Step 3/10: Building",
          "  PASS: test_auth_login (462ms)",
          "Artifact uploaded: build.tar.gz (46MB)",
          "  PASS: test_auth_login (172ms)",
          "  PASS: test_user_create (268ms)",
          "Artifact uploaded: build.tar.gz (37MB)",
          "  PASS: test_cache_hit (70ms)",
          "[23:44:24] WARN: Deprecated API usage",
          "Cache hit for key-8301",
          "Artifact uploaded: build.tar.gz (4MB)",
          "Step 4/10: Building",
          "\u2713 test completed",
          "[23:44:24] INFO: Processing request",
          "[23:44:24] INFO: Processing request",
          "WARNING: axios has known vulnerabilities",
          "[23:44:24] WARN: Deprecated API usage",
          "  PASS: test_user_create (175ms)",
          "Cache hit for key-4142",
          "Compiling src/utils.go...",
          "[23:44:24] INFO: Processing request",
          "Artifact uploaded: build.tar.gz (14MB)",
          "  PASS: test_user_create (96ms)",
          "Installing eslint@5.12.0",
          "Artifact uploaded: build.tar.gz (25MB)",
          "Step 2/10: Building",
          "[23:44:24] INFO: Processing request",
          "Compiling src/service.java...",
          "Artifact uploaded: build.tar.gz (49MB)",
          "[23:44:24] WARN: Deprecated API usage",
          "Artifact uploaded: build.tar.gz (40MB)",
          "  PASS: test_api_health (249ms)",
          "Artifact uploaded: build.tar.gz (33MB)",
          "[23:44:24] WARN: Deprecated API usage",
          "Exception: RuntimeError",
          "\u2713 build completed",
          "Step 8/10: Building",
          "[23:44:24] INFO: Processing request",
          "  PASS: test_user_create (79ms)",
          "Installing express@2.1.0",
          "Installing express@3.17.0",
          "[23:44:24] INFO: Processing request",
          "Artifact uploaded: build.tar.gz (50MB)",
          "  PASS: test_db_connect (299ms)",
          "WARNING: webpack has known vulnerabilities",
          "Compiling src/app.ts...",
          "[23:44:24] INFO: Processing request",
          "Step 7/10: Building",
          "\u2713 lint completed",
          "\u2713 test completed",
          "\u2713 test completed",
          "=== Step deploy completed ==="
        ]
      }
    ],
    "label": "normal"
  }
}