{
  "action": "completed",
  "workflow_run": {
    "id": 313,
    "name": "CI Pipeline",
    "head_branch": "feature/feat-381",
    "head_sha": "e190ff28be98c91c77bdf1c614b5728483c8abee",
    "status": "completed",
    "conclusion": "success",
    "run_started_at": "2025-12-15T11:38:47.328088Z",
    "updated_at": "2025-12-15T11:41:11.225887Z"
  },
  "repository": {
    "full_name": "startup-io/auth-service",
    "name": "auth-service"
  },
  "sender": {
    "login": "frank"
  },
  "_safeops_extended": {
    "raw_logs": "=== Step: checkout ===\nCompiling src/app.ts...\n\u2713 lint completed\n[11:38:47] INFO: Processing request\n[11:38:47] INFO: Processing request\nCache hit for key-6510\nCompiling src/index.js...\nInstalling jest@4.8.0\n[11:38:47] INFO: Processing request\nCompiling src/main.py...\nInstalling prettier@5.3.0\n\u2713 lint completed\nCompiling src/service.java...\n[11:38:47] INFO: Processing request\nInstalling axios@5.10.0\nException: ValueError\n[11:38:47] INFO: Processing request\nCache hit for key-7048\nStep 8/10: Building\n  PASS: test_cache_hit (180ms)\n  PASS: test_db_connect (500ms)\n  PASS: test_user_create (91ms)\n  PASS: test_user_create (205ms)\n\u2713 test completed\nCache hit for key-7634\nStep 7/10: Building\n  PASS: test_auth_login (348ms)\nInstalling prettier@5.3.0\n\u2713 build completed\n  PASS: test_db_connect (389ms)\nWARNING: axios has known vulnerabilities\nCompiling src/index.js...\n\u2713 test completed\n[11:38:47] INFO: Processing request\n\u26a0 DEPRECATION: Feature will be removed in v5.0\nStep 3/10: Building\n\u2713 build completed\nCache hit for key-1724\nStep 6/10: Building\nCompiling src/utils.go...\n[11:38:47] INFO: Processing request\nArtifact uploaded: build.tar.gz (25MB)\nArtifact uploaded: build.tar.gz (20MB)\nInstalling eslint@1.18.0\n[11:38:47] INFO: Processing request\nCompiling src/handler.rs...\nInstalling react@2.19.0\n[11:38:47] INFO: Processing request\n[11:38:47] WARN: Deprecated API usage\nCache hit for key-7995\nCompiling src/index.js...\nArtifact uploaded: build.tar.gz (10MB)\n  PASS: test_cache_hit (329ms)\nFAILED: test_user_create\nCompiling src/main.py...\nStep 2/10: Building\n  PASS: test_db_connect (78ms)\nCompiling src/handler.rs...\nArtifact uploaded: build.tar.gz (30MB)\n\u2713 lint completed\nInstalling lodash@3.11.0\nStep 7/10: Building\n\u2713 lint completed\nArtifact uploaded: build.tar.gz (46MB)\nCompiling src/service.java...\n\u2713 test completed\nInstalling eslint@4.9.0\nStep 10/10: Building\n[11:38:47] INFO: Processing request\n\u2713 test completed\n=== Step checkout completed ===\n=== Step: setup_environment ===\n[11:38:47] INFO: Processing request\nInstalling eslint@5.5.0\nCompiling src/main.py...\nArtifact uploaded: build.tar.gz (46MB)\n\u2713 test completed\n\u2713 lint completed\n[11:38:47] INFO: Processing request\nStep 5/10: Building\nStep 9/10: Building\nException: ValueError\nInstalling prettier@2.8.0\n  PASS: test_cache_hit (331ms)\nInstalling jest@3.7.0\nInstalling axios@5.8.0\nArtifact uploaded: build.tar.gz (27MB)\nStep 5/10: Building\nFAILED: test_cache_hit\nCache hit for key-9467\nCache hit for key-2772\n[11:38:47] WARN: Deprecated API usage\n  PASS: test_db_connect (8ms)\nArtifact uploaded: build.tar.gz (35MB)\nArtifact uploaded: build.tar.gz (1MB)\nInstalling prettier@3.1.0\nInstalling eslint@2.16.0\n\u2713 test completed\n  PASS: test_auth_login (5ms)\n\u2717 build failed with exit code 79\n[11:38:47] INFO: Processing request\nArtifact uploaded: build.tar.gz (23MB)\nInstalling axios@1.4.0\n[11:38:47] INFO: Processing request\n  PASS: test_api_health (71ms)\n  PASS: test_auth_login (66ms)\n[11:38:47] WARN: Deprecated API usage\n\u2713 test completed\n  PASS: test_api_health (344ms)\n\u2713 lint completed\n  PASS: test_auth_login (7ms)\n[11:38:47] INFO: Processing request\nStep 2/10: Building\nArtifact uploaded: build.tar.gz (50MB)\n[11:38:47] INFO: Processing request\nInstalling prettier@4.16.0\n\u2713 build completed\n[11:38:47] INFO: Processing request\nCache hit for key-4635\nWARNING: eslint has known vulnerabilities\nCompiling src/handler.rs...\nCache hit for key-9820\n\u2713 lint completed\nInstalling eslint@2.19.0\n\u26a0 DEPRECATION: Feature will be removed in v2.0\nFAILED: test_api_health\nInstalling express@2.12.0\nCache hit for key-6328\n  PASS: test_auth_login (455ms)\nInstalling prettier@2.6.0\nStep 3/10: Building\n  PASS: test_db_connect (204ms)\n\u2713 build completed\n\u26a0 DEPRECATION: Feature will be removed in v3.0\n\u2717 build failed with exit code 28\nCache hit for key-1070\nArtifact uploaded: build.tar.gz (11MB)\nInstalling prettier@5.19.0\nStep 3/10: Building\n[11:38:47] WARN: Deprecated API usage\n[11:38:47] INFO: Processing request\n=== Step setup_environment completed ===\n=== Step: install_dependencies ===\nArtifact uploaded: build.tar.gz (11MB)\nArtifact uploaded: build.tar.gz (7MB)\nWARNING: jest has known vulnerabilities\n\u2713 test completed\n  PASS: test_user_create (469ms)\nArtifact uploaded: build.tar.gz (19MB)\nInstalling lodash@2.1.0\nStep 4/10: Building\n\u2713 build completed\nStep 2/10: Building\nCompiling src/service.java...\n\u26a0 DEPRECATION: Feature will be removed in v3.0\n[11:38:47] ERROR: Connection failed\n\u2713 lint completed\n\u2713 test completed\nArtifact uploaded: build.tar.gz (17MB)\nStep 3/10: Building\n  PASS: test_api_health (249ms)\nStep 6/10: Building\n  PASS: test_auth_login (31ms)\n[11:38:47] INFO: Processing request\n[11:38:47] INFO: Processing request\nInstalling react@5.16.0\nCache hit for key-3337\n[11:38:47] INFO: Processing request\n  PASS: test_user_create (277ms)\n[11:38:47] INFO: Processing request\nCache hit for key-6870\nArtifact uploaded: build.tar.gz (21MB)\n  PASS: test_auth_login (272ms)\nCompiling src/service.java...\n  PASS: test_auth_login (324ms)\nStep 8/10: Building\n  PASS: test_user_create (499ms)\nArtifact uploaded: build.tar.gz (27MB)\n\u2713 lint completed\nCache hit for key-6600\nArtifact uploaded: build.tar.gz (24MB)\nStep 9/10: Building\n  PASS: test_auth_login (130ms)\nStep 5/10: Building\nStep 4/10: Building\nArtifact uploaded: build.tar.gz (49MB)\n\u2713 build completed\nStep 4/10: Building\n\u2713 test completed\nCache hit for key-5498\nInstalling eslint@2.14.0\nCompiling src/utils.go...\n[11:38:47] INFO: Processing request\nArtifact uploaded: build.tar.gz (34MB)\n[11:38:47] INFO: Processing request\n\u2717 build failed with exit code 108\n\u2713 lint completed\n[11:38:47] INFO: Processing request\nCompiling src/main.py...\nInstalling express@2.8.0\nCompiling src/main.py...\nStep 2/10: Building\n\u26a0 DEPRECATION: Feature will be removed in v3.0\nInstalling axios@3.16.0\nCache hit for key-7207\nCache hit for key-5657\nCache hit for key-2768\n  PASS: test_auth_login (104ms)\nInstalling express@4.9.0\nCompiling src/app.ts...\n  PASS: test_auth_login (456ms)\nInstalling lodash@3.15.0\n=== Step install_dependencies completed ===\n=== Step: run_tests ===\n\u2713 build completed\n\u2713 build completed\n  PASS: test_auth_login (18ms)\n  PASS: test_user_create (346ms)\n[11:38:47] WARN: Deprecated API usage\nCache hit for key-5593\nWARNING: lodash has known vulnerabilities\n[11:38:47] WARN: Deprecated API usage\n\u2713 build completed\nCache hit for key-7951\n  PASS: test_auth_login (298ms)\nArtifact uploaded: build.tar.gz (41MB)\nException: RuntimeError\n  PASS: test_auth_login (205ms)\nCache hit for key-9522\nStep 10/10: Building\n  PASS: test_auth_login (39ms)\nArtifact uploaded: build.tar.gz (16MB)\n  PASS: test_auth_login (146ms)\nArtifact uploaded: build.tar.gz (5MB)\n  PASS: test_user_create (27ms)\nCompiling src/utils.go...\nArtifact uploaded: build.tar.gz (17MB)\nInstalling jest@1.14.0\nArtifact uploaded: build.tar.gz (26MB)\nCompiling src/handler.rs...\nCache hit for key-5080\nArtifact uploaded: build.tar.gz (23MB)\n[11:38:47] INFO: Processing request\nArtifact uploaded: build.tar.gz (42MB)\n  PASS: test_cache_hit (18ms)\n\u2713 build completed\nInstalling axios@3.7.0\n  PASS: test_user_create (51ms)\nStep 2/10: Building\n\u2713 lint completed\nWARNING: react has known vulnerabilities\nInstalling eslint@2.19.0\nArtifact uploaded: build.tar.gz (18MB)\nInstalling lodash@3.13.0\nInstalling express@3.6.0\n[11:38:47] WARN: Deprecated API usage\nCache hit for key-2602\n[11:38:47] INFO: Processing request\nInstalling lodash@1.7.0\nStep 2/10: Building\nCompiling src/app.ts...\n\u2713 build completed\nCompiling src/utils.go...\n\u26a0 DEPRECATION: Feature will be removed in v5.0\n  PASS: test_user_create (178ms)\nStep 10/10: Building\n  PASS: test_api_health (126ms)\nInstalling express@1.2.0\nCache hit for key-2605\nStep 9/10: Building\nStep 10/10: Building\nInstalling lodash@2.0.0\nWARNING: lodash has known vulnerabilities\nInstalling webpack@3.7.0\n[11:38:47] WARN: Deprecated API usage\nWARNING: prettier has known vulnerabilities\n[11:38:47] INFO: Processing request\nCompiling src/index.js...\n\u2713 build completed\nArtifact uploaded: build.tar.gz (21MB)\nInstalling express@3.11.0\n[11:38:47] WARN: Deprecated API usage\nArtifact uploaded: build.tar.gz (15MB)\n=== Step run_tests completed ===\n=== Step: build_artifact ===\nException: ValueError\nCompiling src/app.ts...\nCompiling src/main.py...\n  PASS: test_cache_hit (123ms)\nInstalling axios@1.3.0\nArtifact uploaded: build.tar.gz (23MB)\n  PASS: test_db_connect (215ms)\nInstalling eslint@4.14.0\n\u2713 test completed\nInstalling prettier@4.12.0\nArtifact uploaded: build.tar.gz (8MB)\n[11:38:47] INFO: Processing request\nCache hit for key-5414\nStep 5/10: Building\nCache hit for key-4480\nCache hit for key-7188\nCache hit for key-6796\nCompiling src/service.java...\n\u26a0 DEPRECATION: Feature will be removed in v2.0\n\u2713 test completed\n[11:38:47] INFO: Processing request\nCompiling src/index.js...\n  PASS: test_auth_login (64ms)\nCompiling src/utils.go...\nStep 8/10: Building\n[11:38:47] INFO: Processing request\nFAILED: test_db_connect\nInstalling eslint@1.4.0\n[11:38:47] INFO: Processing request\n[11:38:47] INFO: Processing request\nStep 2/10: Building\n  PASS: test_cache_hit (249ms)\nStep 9/10: Building\nArtifact uploaded: build.tar.gz (48MB)\nInstalling axios@1.6.0\nCache hit for key-2893\n\u26a0 DEPRECATION: Feature will be removed in v4.0\nCache hit for key-7747\nStep 5/10: Building\nStep 7/10: Building\n\u2713 build completed\n\u2713 lint completed\n\u2713 lint completed\nArtifact uploaded: build.tar.gz (17MB)\n[11:38:47] INFO: Processing request\nCache hit for key-1939\nCompiling src/handler.rs...\nCompiling src/handler.rs...\nCompiling src/service.java...\nCache hit for key-3529\nStep 8/10: Building\nCompiling src/service.java...\n  PASS: test_api_health (195ms)\n[11:38:47] INFO: Processing request\n\u2713 lint completed\nStep 10/10: Building\nCompiling src/utils.go...\n  PASS: test_user_create (481ms)\nCompiling src/app.ts...\n  PASS: test_api_health (153ms)\n\u2713 lint completed\n\u26a0 DEPRECATION: Feature will be removed in v5.0\n[11:38:47] WARN: Deprecated API usage\nArtifact uploaded: build.tar.gz (18MB)\n  PASS: test_db_connect (94ms)\n\u2713 test completed\nWARNING: axios has known vulnerabilities\n  PASS: test_user_create (195ms)\nCompiling src/service.java...\n=== Step build_artifact completed ===\n=== Step: deploy ===\n\u2717 build failed with exit code 26\nArtifact uploaded: build.tar.gz (43MB)\n  PASS: test_db_connect (166ms)\n\u2713 lint completed\n  PASS: test_auth_login (253ms)\n[11:38:47] INFO: Processing request\n[11:38:47] INFO: Processing request\n\u2713 lint completed\nArtifact uploaded: build.tar.gz (20MB)\n\u2713 test completed\n\u2713 build completed\n  PASS: test_user_create (187ms)\n[11:38:47] INFO: Processing request\n[11:38:47] INFO: Processing request\n\u2713 lint completed\nCompiling src/service.java...\nInstalling axios@4.2.0\nCache hit for key-9178\nInstalling prettier@5.13.0\nArtifact uploaded: build.tar.gz (36MB)\nInstalling express@2.1.0\nCompiling src/utils.go...\nStep 6/10: Building\n[11:38:47] INFO: Processing request\n  PASS: test_auth_login (470ms)\n[11:38:47] INFO: Processing request\n  PASS: test_auth_login (241ms)\nStep 10/10: Building\n[11:38:47] INFO: Processing request\n[11:38:47] WARN: Deprecated API usage\n  PASS: test_user_create (44ms)\nStep 2/10: Building\n\u2713 build completed\nArtifact uploaded: build.tar.gz (30MB)\nArtifact uploaded: build.tar.gz (17MB)\nStep 9/10: Building\nStep 9/10: Building\n[11:38:47] INFO: Processing request\n\u2713 build completed\n\u2713 build completed\nCompiling src/utils.go...\nStep 10/10: Building\nCache hit for key-6684\n  PASS: test_user_create (117ms)\nStep 5/10: Building\nInstalling prettier@2.9.0\n[11:38:47] INFO: Processing request\nCache hit for key-8760\nInstalling webpack@2.7.0\nWARNING: eslint has known vulnerabilities\n\u2713 lint completed\nCache hit for key-8666\n\u2713 test completed\nInstalling webpack@3.19.0\nCompiling src/index.js...\nArtifact uploaded: build.tar.gz (21MB)\n[11:38:47] INFO: Processing request\nStep 8/10: Building\n\u2713 test completed\nCache hit for key-7240\nArtifact uploaded: build.tar.gz (16MB)\n\u2713 lint completed\nArtifact uploaded: build.tar.gz (16MB)\n\u2717 build failed with exit code 92\n\u2713 build completed\nCompiling src/main.py...\nCache hit for key-3829\nStep 1/10: Building\n\u2713 build completed\n=== Step deploy completed ===",
    "steps": [
      {
        "name": "checkout",
        "status": "success",
        "started_at": "2025-12-15T11:38:47.328088",
        "finished_at": "2025-12-15T11:38:54.522978",
        "log_lines": [
          "=== Step: checkout ===",
          "Compiling src/app.ts...",
          "\u2713 lint completed",
          "[11:38:47] INFO: Processing request",
          "[11:38:47] INFO: Processing request",
          "Cache hit for key-6510",
          "Compiling src/index.js...",
          "Installing jest@4.8.0",
          "[11:38:47] INFO: Processing request",
          "Compiling src/main.py...",
          "Installing prettier@5.3.0",
          "\u2713 lint completed",
          "Compiling src/service.java...",
          "[11:38:47] INFO: Processing request",
          "Installing axios@5.10.0",
          "Exception: ValueError",
          "[11:38:47] INFO: Processing request",
          "Cache hit for key-7048",
          "Step 8/10: Building",
          "  PASS: test_cache_hit (180ms)",
          "  PASS: test_db_connect (500ms)",
          "  PASS: test_user_create (91ms)",
          "  PASS: test_user_create (205ms)",
          "\u2713 test completed",
          "Cache hit for key-7634",
          "Step 7/10: Building",
          "  PASS: test_auth_login (348ms)",
          "Installing prettier@5.3.0",
          "\u2713 build completed",
          "  PASS: test_db_connect (389ms)",
          "WARNING: axios has known vulnerabilities",
          "Compiling src/index.js...",
          "\u2713 test completed",
          "[11:38:47] INFO: Processing request",
          "\u26a0 DEPRECATION: Feature will be removed in v5.0",
          "Step 3/10: Building",
          "\u2713 build completed",
          "Cache hit for key-1724",
          "Step 6/10: Building",
          "Compiling src/utils.go...",
          "[11:38:47] INFO: Processing request",
          "Artifact uploaded: build.tar.gz (25MB)",
          "Artifact uploaded: build.tar.gz (20MB)",
          "Installing eslint@1.18.0",
          "[11:38:47] INFO: Processing request",
          "Compiling src/handler.rs...",
          "Installing react@2.19.0",
          "[11:38:47] INFO: Processing request",
          "[11:38:47] WARN: Deprecated API usage",
          "Cache hit for key-7995",
          "Compiling src/index.js...",
          "Artifact uploaded: build.tar.gz (10MB)",
          "  PASS: test_cache_hit (329ms)",
          "FAILED: test_user_create",
          "Compiling src/main.py...",
          "Step 2/10: Building",
          "  PASS: test_db_connect (78ms)",
          "Compiling src/handler.rs...",
          "Artifact uploaded: build.tar.gz (30MB)",
          "\u2713 lint completed",
          "Installing lodash@3.11.0",
          "Step 7/10: Building",
          "\u2713 lint completed",
          "Artifact uploaded: build.tar.gz (46MB)",
          "Compiling src/service.java...",
          "\u2713 test completed",
          "Installing eslint@4.9.0",
          "Step 10/10: Building",
          "[11:38:47] INFO: Processing request",
          "\u2713 test completed",
          "=== Step checkout completed ==="
        ]
      },
      {
        "name": "setup_environment",
        "status": "success",
        "started_at": "2025-12-15T11:38:54.522978",
        "finished_at": "2025-12-15T11:39:08.912758",
        "log_lines": [
          "=== Step: setup_environment ===",
          "[11:38:47] INFO: Processing request",
          "Installing eslint@5.5.0",
          "Compiling src/main.py...",
          "Artifact uploaded: build.tar.gz (46MB)",
          "\u2713 test completed",
          "\u2713 lint completed",
          "[11:38:47] INFO: Processing request",
          "Step 5/10: Building",
          "Step 9/10: Building",
          "Exception: ValueError",
          "Installing prettier@2.8.0",
          "  PASS: test_cache_hit (331ms)",
          "Installing jest@3.7.0",
          "Installing axios@5.8.0",
          "Artifact uploaded: build.tar.gz (27MB)",
          "Step 5/10: Building",
          "FAILED: test_cache_hit",
          "Cache hit for key-9467",
          "Cache hit for key-2772",
          "[11:38:47] WARN: Deprecated API usage",
          "  PASS: test_db_connect (8ms)",
          "Artifact uploaded: build.tar.gz (35MB)",
          "Artifact uploaded: build.tar.gz (1MB)",
          "Installing prettier@3.1.0",
          "Installing eslint@2.16.0",
          "\u2713 test completed",
          "  PASS: test_auth_login (5ms)",
          "\u2717 build failed with exit code 79",
          "[11:38:47] INFO: Processing request",
          "Artifact uploaded: build.tar.gz (23MB)",
          "Installing axios@1.4.0",
          "[11:38:47] INFO: Processing request",
          "  PASS: test_api_health (71ms)",
          "  PASS: test_auth_login (66ms)",
          "[11:38:47] WARN: Deprecated API usage",
          "\u2713 test completed",
          "  PASS: test_api_health (344ms)",
          "\u2713 lint completed",
          "  PASS: test_auth_login (7ms)",
          "[11:38:47] INFO: Processing request",
          "Step 2/10: Building",
          "Artifact uploaded: build.tar.gz (50MB)",
          "[11:38:47] INFO: Processing request",
          "Installing prettier@4.16.0",
          "\u2713 build completed",
          "[11:38:47] INFO: Processing request",
          "Cache hit for key-4635",
          "WARNING: eslint has known vulnerabilities",
          "Compiling src/handler.rs...",
          "Cache hit for key-9820",
          "\u2713 lint completed",
          "Installing eslint@2.19.0",
          "\u26a0 DEPRECATION: Feature will be removed in v2.0",
          "FAILED: test_api_health",
          "Installing express@2.12.0",
          "Cache hit for key-6328",
          "  PASS: test_auth_login (455ms)",
          "Installing prettier@2.6.0",
          "Step 3/10: Building",
          "  PASS: test_db_connect (204ms)",
          "\u2713 build completed",
          "\u26a0 DEPRECATION: Feature will be removed in v3.0",
          "\u2717 build failed with exit code 28",
          "Cache hit for key-1070",
          "Artifact uploaded: build.tar.gz (11MB)",
          "Installing prettier@5.19.0",
          "Step 3/10: Building",
          "[11:38:47] WARN: Deprecated API usage",
          "[11:38:47] INFO: Processing request",
          "=== Step setup_environment completed ==="
        ]
      },
      {
        "name": "install_dependencies",
        "status": "success",
        "started_at": "2025-12-15T11:39:08.912758",
        "finished_at": "2025-12-15T11:39:37.692318",
        "log_lines": [
          "=== Step: install_dependencies ===",
          "Artifact uploaded: build.tar.gz (11MB)",
          "Artifact uploaded: build.tar.gz (7MB)",
          "WARNING: jest has known vulnerabilities",
          "\u2713 test completed",
          "  PASS: test_user_create (469ms)",
          "Artifact uploaded: build.tar.gz (19MB)",
          "Installing lodash@2.1.0",
          "Step 4/10: Building",
          "\u2713 build completed",
          "Step 2/10: Building",
          "Compiling src/service.java...",
          "\u26a0 DEPRECATION: Feature will be removed in v3.0",
          "[11:38:47] ERROR: Connection failed",
          "\u2713 lint completed",
          "\u2713 test completed",
          "Artifact uploaded: build.tar.gz (17MB)",
          "Step 3/10: Building",
          "  PASS: test_api_health (249ms)",
          "Step 6/10: Building",
          "  PASS: test_auth_login (31ms)",
          "[11:38:47] INFO: Processing request",
          "[11:38:47] INFO: Processing request",
          "Installing react@5.16.0",
          "Cache hit for key-3337",
          "[11:38:47] INFO: Processing request",
          "  PASS: test_user_create (277ms)",
          "[11:38:47] INFO: Processing request",
          "Cache hit for key-6870",
          "Artifact uploaded: build.tar.gz (21MB)",
          "  PASS: test_auth_login (272ms)",
          "Compiling src/service.java...",
          "  PASS: test_auth_login (324ms)",
          "Step 8/10: Building",
          "  PASS: test_user_create (499ms)",
          "Artifact uploaded: build.tar.gz (27MB)",
          "\u2713 lint completed",
          "Cache hit for key-6600",
          "Artifact uploaded: build.tar.gz (24MB)",
          "Step 9/10: Building",
          "  PASS: test_auth_login (130ms)",
          "Step 5/10: Building",
          "Step 4/10: Building",
          "Artifact uploaded: build.tar.gz (49MB)",
          "\u2713 build completed",
          "Step 4/10: Building",
          "\u2713 test completed",
          "Cache hit for key-5498",
          "Installing eslint@2.14.0",
          "Compiling src/utils.go...",
          "[11:38:47] INFO: Processing request",
          "Artifact uploaded: build.tar.gz (34MB)",
          "[11:38:47] INFO: Processing request",
          "\u2717 build failed with exit code 108",
          "\u2713 lint completed",
          "[11:38:47] INFO: Processing request",
          "Compiling src/main.py...",
          "Installing express@2.8.0",
          "Compiling src/main.py...",
          "Step 2/10: Building",
          "\u26a0 DEPRECATION: Feature will be removed in v3.0",
          "Installing axios@3.16.0",
          "Cache hit for key-7207",
          "Cache hit for key-5657",
          "Cache hit for key-2768",
          "  PASS: test_auth_login (104ms)",
          "Installing express@4.9.0",
          "Compiling src/app.ts...",
          "  PASS: test_auth_login (456ms)",
          "Installing lodash@3.15.0",
          "=== Step install_dependencies completed ==="
        ]
      },
      {
        "name": "run_tests",
        "status": "success",
        "started_at": "2025-12-15T11:39:37.692318",
        "finished_at": "2025-12-15T11:40:28.056548",
        "log_lines": [
          "=== Step: run_tests ===",
          "\u2713 build completed",
          "\u2713 build completed",
          "  PASS: test_auth_login (18ms)",
          "  PASS: test_user_create (346ms)",
          "[11:38:47] WARN: Deprecated API usage",
          "Cache hit for key-5593",
          "WARNING: lodash has known vulnerabilities",
          "[11:38:47] WARN: Deprecated API usage",
          "\u2713 build completed",
          "Cache hit for key-7951",
          "  PASS: test_auth_login (298ms)",
          "Artifact uploaded: build.tar.gz (41MB)",
          "Exception: RuntimeError",
          "  PASS: test_auth_login (205ms)",
          "Cache hit for key-9522",
          "Step 10/10: Building",
          "  PASS: test_auth_login (39ms)",
          "Artifact uploaded: build.tar.gz (16MB)",
          "  PASS: test_auth_login (146ms)",
          "Artifact uploaded: build.tar.gz (5MB)",
          "  PASS: test_user_create (27ms)",
          "Compiling src/utils.go...",
          "Artifact uploaded: build.tar.gz (17MB)",
          "Installing jest@1.14.0",
          "Artifact uploaded: build.tar.gz (26MB)",
          "Compiling src/handler.rs...",
          "Cache hit for key-5080",
          "Artifact uploaded: build.tar.gz (23MB)",
          "[11:38:47] INFO: Processing request",
          "Artifact uploaded: build.tar.gz (42MB)",
          "  PASS: test_cache_hit (18ms)",
          "\u2713 build completed",
          "Installing axios@3.7.0",
          "  PASS: test_user_create (51ms)",
          "Step 2/10: Building",
          "\u2713 lint completed",
          "WARNING: react has known vulnerabilities",
          "Installing eslint@2.19.0",
          "Artifact uploaded: build.tar.gz (18MB)",
          "Installing lodash@3.13.0",
          "Installing express@3.6.0",
          "[11:38:47] WARN: Deprecated API usage",
          "Cache hit for key-2602",
          "[11:38:47] INFO: Processing request",
          "Installing lodash@1.7.0",
          "Step 2/10: Building",
          "Compiling src/app.ts...",
          "\u2713 build completed",
          "Compiling src/utils.go...",
          "\u26a0 DEPRECATION: Feature will be removed in v5.0",
          "  PASS: test_user_create (178ms)",
          "Step 10/10: Building",
          "  PASS: test_api_health (126ms)",
          "Installing express@1.2.0",
          "Cache hit for key-2605",
          "Step 9/10: Building",
          "Step 10/10: Building",
          "Installing lodash@2.0.0",
          "WARNING: lodash has known vulnerabilities",
          "Installing webpack@3.7.0",
          "[11:38:47] WARN: Deprecated API usage",
          "WARNING: prettier has known vulnerabilities",
          "[11:38:47] INFO: Processing request",
          "Compiling src/index.js...",
          "\u2713 build completed",
          "Artifact uploaded: build.tar.gz (21MB)",
          "Installing express@3.11.0",
          "[11:38:47] WARN: Deprecated API usage",
          "Artifact uploaded: build.tar.gz (15MB)",
          "=== Step run_tests completed ==="
        ]
      },
      {
        "name": "build_artifact",
        "status": "success",
        "started_at": "2025-12-15T11:40:28.056548",
        "finished_at": "2025-12-15T11:40:56.836108",
        "log_lines": [
          "=== Step: build_artifact ===",
          "Exception: ValueError",
          "Compiling src/app.ts...",
          "Compiling src/main.py...",
          "  PASS: test_cache_hit (123ms)",
          "Installing axios@1.3.0",
          "Artifact uploaded: build.tar.gz (23MB)",
          "  PASS: test_db_connect (215ms)",
          "Installing eslint@4.14.0",
          "\u2713 test completed",
          "Installing prettier@4.12.0",
          "Artifact uploaded: build.tar.gz (8MB)",
          "[11:38:47] INFO: Processing request",
          "Cache hit for key-5414",
          "Step 5/10: Building",
          "Cache hit for key-4480",
          "Cache hit for key-7188",
          "Cache hit for key-6796",
          "Compiling src/service.java...",
          "\u26a0 DEPRECATION: Feature will be removed in v2.0",
          "\u2713 test completed",
          "[11:38:47] INFO: Processing request",
          "Compiling src/index.js...",
          "  PASS: test_auth_login (64ms)",
          "Compiling src/utils.go...",
          "Step 8/10: Building",
          "[11:38:47] INFO: Processing request",
          "FAILED: test_db_connect",
          "Installing eslint@1.4.0",
          "[11:38:47] INFO: Processing request",
          "[11:38:47] INFO: Processing request",
          "Step 2/10: Building",
          "  PASS: test_cache_hit (249ms)",
          "Step 9/10: Building",
          "Artifact uploaded: build.tar.gz (48MB)",
          "Installing axios@1.6.0",
          "Cache hit for key-2893",
          "\u26a0 DEPRECATION: Feature will be removed in v4.0",
          "Cache hit for key-7747",
          "Step 5/10: Building",
          "Step 7/10: Building",
          "\u2713 build completed",
          "\u2713 lint completed",
          "\u2713 lint completed",
          "Artifact uploaded: build.tar.gz (17MB)",
          "[11:38:47] INFO: Processing request",
          "Cache hit for key-1939",
          "Compiling src/handler.rs...",
          "Compiling src/handler.rs...",
          "Compiling src/service.java...",
          "Cache hit for key-3529",
          "Step 8/10: Building",
          "Compiling src/service.java...",
          "  PASS: test_api_health (195ms)",
          "[11:38:47] INFO: Processing request",
          "\u2713 lint completed",
          "Step 10/10: Building",
          "Compiling src/utils.go...",
          "  PASS: test_user_create (481ms)",
          "Compiling src/app.ts...",
          "  PASS: test_api_health (153ms)",
          "\u2713 lint completed",
          "\u26a0 DEPRECATION: Feature will be removed in v5.0",
          "[11:38:47] WARN: Deprecated API usage",
          "Artifact uploaded: build.tar.gz (18MB)",
          "  PASS: test_db_connect (94ms)",
          "\u2713 test completed",
          "WARNING: axios has known vulnerabilities",
          "  PASS: test_user_create (195ms)",
          "Compiling src/service.java...",
          "=== Step build_artifact completed ==="
        ]
      },
      {
        "name": "deploy",
        "status": "success",
        "started_at": "2025-12-15T11:40:56.836108",
        "finished_at": "2025-12-15T11:41:11.225888",
        "log_lines": [
          "=== Step: deploy ===",
          "\u2717 build failed with exit code 26",
          "Artifact uploaded: build.tar.gz (43MB)",
          "  PASS: test_db_connect (166ms)",
          "\u2713 lint completed",
          "  PASS: test_auth_login (253ms)",
          "[11:38:47] INFO: Processing request",
          "[11:38:47] INFO: Processing request",
          "\u2713 lint completed",
          "Artifact uploaded: build.tar.gz (20MB)",
          "\u2713 test completed",
          "\u2713 build completed",
          "  PASS: test_user_create (187ms)",
          "[11:38:47] INFO: Processing request",
          "[11:38:47] INFO: Processing request",
          "\u2713 lint completed",
          "Compiling src/service.java...",
          "Installing axios@4.2.0",
          "Cache hit for key-9178",
          "Installing prettier@5.13.0",
          "Artifact uploaded: build.tar.gz (36MB)",
          "Installing express@2.1.0",
          "Compiling src/utils.go...",
          "Step 6/10: Building",
          "[11:38:47] INFO: Processing request",
          "  PASS: test_auth_login (470ms)",
          "[11:38:47] INFO: Processing request",
          "  PASS: test_auth_login (241ms)",
          "Step 10/10: Building",
          "[11:38:47] INFO: Processing request",
          "[11:38:47] WARN: Deprecated API usage",
          "  PASS: test_user_create (44ms)",
          "Step 2/10: Building",
          "\u2713 build completed",
          "Artifact uploaded: build.tar.gz (30MB)",
          "Artifact uploaded: build.tar.gz (17MB)",
          "Step 9/10: Building",
          "Step 9/10: Building",
          "[11:38:47] INFO: Processing request",
          "\u2713 build completed",
          "\u2713 build completed",
          "Compiling src/utils.go...",
          "Step 10/10: Building",
          "Cache hit for key-6684",
          "  PASS: test_user_create (117ms)",
          "Step 5/10: Building",
          "Installing prettier@2.9.0",
          "[11:38:47] INFO: Processing request",
          "Cache hit for key-8760",
          "Installing webpack@2.7.0",
          "WARNING: eslint has known vulnerabilities",
          "\u2713 lint completed",
          "Cache hit for key-8666",
          "\u2713 test completed",
          "Installing webpack@3.19.0",
          "Compiling src/index.js...",
          "Artifact uploaded: build.tar.gz (21MB)",
          "[11:38:47] INFO: Processing request",
          "Step 8/10: Building",
          "\u2713 test completed",
          "Cache hit for key-7240",
          "Artifact uploaded: build.tar.gz (16MB)",
          "\u2713 lint completed",
          "Artifact uploaded: build.tar.gz (16MB)",
          "\u2717 build failed with exit code 92",
          "\u2713 build completed",
          "Compiling src/main.py...",
          "Cache hit for key-3829",
          "Step 1/10: Building",
          "\u2713 build completed",
          "=== Step deploy completed ==="
        ]
      }
    ],
    "label": "normal"
  }
}