{
  "action": "completed",
  "workflow_run": {
    "id": 794,
    "name": "CI Pipeline",
    "head_branch": "develop",
    "head_sha": "1c0b42ef66873228d12af7f78f75b2acd9fd0809",
    "status": "completed",
    "conclusion": "success",
    "run_started_at": "2025-12-03T12:52:13.672966Z",
    "updated_at": "2025-12-03T12:55:24.259459Z"
  },
  "repository": {
    "full_name": "acme-corp/data-pipeline",
    "name": "data-pipeline"
  },
  "sender": {
    "login": "charlie"
  },
  "_safeops_extended": {
    "raw_logs": "=== Step: upload_artifacts ===\n[12:52:13] DEBUG: Loading configuration\nPushing to registry...\nWARNING: express has known vulnerabilities\n[12:52:13] INFO: Starting build process\n[12:52:13] DEBUG: Query executed in 77ms\nCompiling components/handler.rs...\n\u2713 Step 'setup' succeeded\nTransforming 832 files...\n[12:52:13] WARN: Deprecated API usage\nProcessing...\npip install: Successfully installed express-5.16\npip: Collecting eslint\nInstalling lodash@3.2.2\n[12:52:13] DEBUG: Initializing service\nStep 12/22: Building\npip: Installing build dependencies...\nCache hit for key-2162\nDone.\nStep 15/19: Deploying\nStep 1/25: Building\n\u2713 Step 'install' succeeded\nnpm install: added 181 packages\nInstalling prettier@2.5.2\nCompiling components/service.java...\n[12:52:13] WARN: Deprecated API usage\nGET /api - 200 (6ms)\nCompiling src/utils.go...\nSuccess!\nUploading artifact 'build' (7 files)\nStep 12/23: Installing dependencies\nSnapshots: 0 passed, 23 total\nArtifact uploaded: dist.zip (98MB)\nArtifact uploaded: dist.zip (67MB)\nFinished.\nCache hit for key-2771\nFetching from https://gcr.io/package.json\nArtifact uploaded: dist.zip (62MB)\nyarn add: Done in 28.18s\nWaiting...\nCompiling src/utils.go...\nCache miss for key-2762\nVerifying...\n[12:52:13] ERROR: Connection failed\n[12:52:13] DEBUG: Query executed in 40ms\nDone.\nUsing Python 3.11\nReady.\nnpm notice: created a lockfile\n[12:52:13] DEBUG: Query executed in 21ms\nMinifying vendor.js\nStep 14/19: Installing dependencies\nChecking out master branch\nStep 15/15: Deploying\n[12:52:13] INFO: Connecting to database\n\u26a0 DEPRECATION: Feature will be removed in v3.0\n[12:52:13] WARN: Deprecated API usage\nAlready up to date.\n\u2713 package completed\nVerifying...\n[12:52:13] INFO: Cache refreshed\nLayer 9/13: ENV command\nLoading...\nCompiling components/utils.go...\nCompiling src/main.py...\nCache saved successfully\nStep 19/17: Linting\nCoverage: 98% statements, 65% branches\nCache saved successfully\nFetching from https://docker.io/package.json\nLayer 1/10: COPY command\nOK\nPulling image: node:latest\nLayer 5/11: COPY command\nWARNING: webpack has known vulnerabilities\nTLS handshake completed\n  PASS: integration/test_api_health.spec.js\nOptimizing 26 modules...\npip: Collecting eslint\nnpm install: resolved 529 packages\nFetching from https://pypi.org/package.json\nUploading artifact 'coverage' (46 files)\nTransforming 814 files...\nStep 14/22: Running migrations\n\u26a0 DEPRECATION: Feature will be removed in v3.0\npip: Collecting react\n[12:52:13] INFO: Cache refreshed\nArtifact downloaded: 22MB\n  PASS: integration/test_cache_hit.spec.js\nSuccess!\nSuccess!\nStep 7/18: Linting\nStep 1/19: Installing dependencies\nEnvironment: development\nChecking out master branch\nOK\npip: Downloading express-4.1.tar.gz\nException: NullPointerException\nBuilding Docker image...\nnpm notice: created a lockfile\n\u26a0 DEPRECATION: Feature will be removed in v4.0\n[12:52:13] WARN: Deprecated API usage\nVerifying...\nPOST /upload - 202 (406ms)\n[12:52:13] WARN: Deprecated API usage\nArtifact uploaded: dist.zip (47MB)\n[12:52:13] INFO: Cache refreshed\nBuilding Docker image...\n\u2713 deploy completed\nPlatform: linux-x64\nNODE_ENV=production\nInstalling prettier@1.10.10\nProcessing...\n[12:52:13] ERROR: Connection failed\nCache saved successfully\nAlready up to date.\nTLS handshake completed\n=== Step upload_artifacts completed ===\n=== Step: restore_cache ===\nCache hit for key-4293\n[12:52:13] DEBUG: Connection pool: 4 active\nPlatform: win32-x64\nFinished.\nHEAD is now at 089dff0\n[12:52:13] INFO: Request completed\nCache saved successfully\nCache saved successfully\nProcessing...\npip: Collecting jest\n\u2713 All checks passed\n\u2713 Task completed in 2304ms\nCompiling utils/handler.rs...\n[12:52:13] INFO: Processing request\npip: Installing build dependencies...\nDone.\nEnvironment: staging\nFetching submodules...\nProcessing...\nArtifact uploaded: build.tar.gz (33MB)\nConnection established\nChecking out main branch\nUsing Python 3.11\nStep 13/19: Building\nCache restored successfully (80MB)\nImage pulled successfully\nNODE_ENV=production\n[12:52:13] WARN: Deprecated API usage\nWARNING: prettier has known vulnerabilities\nTLS handshake completed\npip: Collecting axios\nGET /api - 204 (66ms)\nUsing Python 3.10\nSnapshots: 7 passed, 10 total\n\u2713 Task completed in 2087ms\nPOST /api - 201 (181ms)\nCache miss for key-2387\nnpm notice: package.json updated\nLayer 10/11: COPY command\n\u26a0 DEPRECATION: Feature will be removed in v5.0\nReady.\n\u26a0 DEPRECATION: Feature will be removed in v3.0\nSuccess!\npip install: Successfully installed axios-1.17\npip: Collecting prettier\nnpm notice: package.json updated\nCache restored successfully (117MB)\nPOST /api - 201 (62ms)\n[12:52:13] INFO: Processing request\nUsing Python 3.11\nWARNING: jest has known vulnerabilities\nyarn add: Done in 25.99s\nOK\n\u2713 Step 'build' succeeded\nGET /health - 200 (84ms)\nSwitched to branch 'bugfix/task-899'\nAlready up to date.\nStep 5/19: Installing dependencies\nSnapshots: 14 passed, 31 total\nStep 20/24: Running migrations\nWARNING: react has known vulnerabilities\nCompiling components/service.java...\nnpm notice: package.json updated\nStep 12/21: Installing dependencies\nnpm install: resolved 795 packages\nArtifact uploaded: dist.zip (40MB)\nWARNING: prettier has known vulnerabilities\nStep 18/20: Linting\nStep 1/18: Building\nBuilding Docker image...\nVerifying...\n[12:52:13] WARN: Deprecated API usage\n\u2713 build completed\nStep 13/17: Building\n  PASS: test_api_health (397ms)\nnpm notice: created a lockfile\nStep 8/20: Running migrations\nWARNING: axios has known vulnerabilities\nnpm notice: created a lockfile\nTime: 82.145s\n[12:52:13] DEBUG: Connection pool: 10 active\nUploading artifact 'dist' (45 files)\nnpm notice: package.json updated\n[12:52:13] WARN: Deprecated API usage\nCache miss for key-9114\n[12:52:13] DEBUG: Loading configuration\nnpm notice: created a lockfile\npip install: Successfully installed react-5.11\nGET /status - 200 (95ms)\nRan 132 tests in 60s\nCache miss for key-8435\nTest Suites: 43 passed, 32 total\n\u2717 build failed with exit code 80\n[12:52:13] WARN: Deprecated API usage\nPulling image: node:18\nyarn add: Done in 14.63s\n  PASS: integration/test_user_create.spec.js\n[12:52:13] INFO: Request completed\n\u2713 All checks passed\n[12:52:13] DEBUG: Memory usage: 137MB\n\u2713 test completed\nInstalling react@2.19.4\n\u26a0 DEPRECATION: Feature will be removed in v2.0\nCache hit for key-6545\nEnvironment: production\nWARNING: prettier has known vulnerabilities\n\u2717 build failed with exit code 20\nUsing Python 3.11\n\u26a0 DEPRECATION: Feature will be removed in v4.0\n  PASS: e2e/test_db_connect.spec.js\nTest Suites: 45 passed, 42 total\nCache saved successfully\n[12:52:13] INFO: Cache refreshed\nnpm install: resolved 1843 packages\nCompiling components/index.js...\nEnvironment: test\n=== Step restore_cache completed ===\n=== Step: build ===\n\u2713 Task completed in 1349ms\nLayer 9/8: RUN command\nCompiling lib/service.java...\nnpm notice: package.json updated\nChecking out main branch\npip install: Successfully installed prettier-5.3\nNODE_ENV=development\nReady.\nUsing Python 3.9\nFetching submodules...\npip: Collecting lodash\n  PASS: test_user_create (254ms)\n\u2713 All checks passed\nCompiling lib/handler.rs...\nSuccess!\nHEAD is now at 91f613b\nPlatform: win32-x64\nyarn add: Done in 27.1s\nTests: 319 passed, 184 total\nTime: 96.646s\nTime: 48.130s\n\u2713 Step 'test' succeeded\nPulling image: alpine:latest\nStep 12/16: Deploying\nStep 17/19: Testing\n[12:52:13] DEBUG: Memory usage: 824MB\nHEAD is now at 85c80d0\nStep 14/20: Testing\nStep 13/24: Building\nException: ValueError\nFetching submodules...\nCompiling utils/handler.rs...\n[12:52:13] INFO: Connecting to database\nProcessing...\n\u2713 validate completed\nArtifact uploaded: dist.zip (41MB)\npip: Collecting express\nException: RuntimeError\nMinifying main.js\nTest Suites: 24 passed, 17 total\n\u2713 deploy completed\nFetching submodules...\n[12:52:13] INFO: Request completed\nReady.\nVerifying...\nPulling image: python:latest\n  PASS: e2e/test_auth_login.spec.js\nImage pulled successfully\nCoverage: 71% statements, 76% branches\n[12:52:13] INFO: Starting build process\nCompiling src/handler.rs...\n[12:52:13] DEBUG: Loading configuration\nOK\nOK\nCache hit for key-5366\nBuilding Docker image...\npip install: Successfully installed express-3.9\nWaiting...\n[12:52:13] WARN: Deprecated API usage\n[12:52:13] INFO: Processing request\nCompiling lib/handler.rs...\nBuilding Docker image...\nCompleted.\n\u26a0 DEPRECATION: Feature will be removed in v2.0\nVerifying...\nGenerating source maps...\nFinished.\nWARNING: prettier has known vulnerabilities\n\u2713 All checks passed\n[12:52:13] INFO: Request completed\nCache restored successfully (292MB)\nPulling image: node:latest\n[12:52:13] INFO: Cache refreshed\nWARNING: prettier has known vulnerabilities\nStep 20/19: Installing dependencies\nPlatform: darwin-arm64\npip: Downloading eslint-5.18.tar.gz\n[12:52:13] DEBUG: Memory usage: 1410MB\nLoading...\n  PASS: integration/test_cache_hit.spec.js\n[12:52:13] WARN: Deprecated API usage\nStep 18/17: Installing dependencies\nFAILED: test_db_connect\n  PASS: test_api_health (155ms)\npip install: Successfully installed lodash-3.14\nTest Suites: 38 passed, 35 total\nTLS handshake completed\n[12:52:13] DEBUG: Query executed in 84ms\nStep 17/22: Linting\npip install: Successfully installed prettier-2.16\nOptimizing 36 modules...\nWARNING: eslint has known vulnerabilities\nTime: 79.796s\nReady.\n[12:52:13] WARN: Deprecated API usage\nAlready up to date.\nCompiling utils/app.ts...\nStep 8/24: Deploying\nGET /status - 204 (69ms)\nPOST /data - 202 (208ms)\nUploading artifact 'dist' (27 files)\nCompiling components/index.js...\n  PASS: test_auth_login (347ms)\nTime: 12.425s\nCompleted.\nFetching submodules...\npip install: Successfully installed prettier-5.8\nGET /api - 200 (3ms)\nProcessing...\nNODE_ENV=production\nBundling main.js\nDone.\nOptimizing 31 modules...\n[12:52:13] DEBUG: Initializing service\n[12:52:13] DEBUG: Initializing service\n\u2713 All checks passed\n=== Step build completed ===\n=== Step: install_dependencies ===\nUploading artifact 'build' (45 files)\nOK\nTLS handshake completed\nCache miss for key-6619\nCache miss for key-1896\nReady.\nAlready up to date.\nnpm install: resolved 1332 packages\n\u2713 All checks passed\n[12:52:13] DEBUG: Connection pool: 14 active\nRan 128 tests in 42s\nWaiting...\nSuccess!\nUploading artifact 'build' (33 files)\nBundling runtime.js\nImage pulled successfully\nStep 13/23: Running migrations\nUsing Python 3.11\n\u2713 Step 'install' succeeded\npip: Collecting webpack\nCompiling utils/main.py...\nTests: 231 passed, 379 total\nCoverage: 91% statements, 82% branches\nWARNING: axios has known vulnerabilities\nRan 20 tests in 45s\nCompiling components/handler.rs...\nNODE_ENV=test\nyarn add: Done in 12.43s\nTLS handshake completed\nHEAD is now at b8d6402\n[12:52:13] DEBUG: Loading configuration\nnpm install: resolved 1249 packages\nSnapshots: 47 passed, 20 total\nTests: 188 passed, 278 total\nFetching from https://amazonaws.com/package.json\nCoverage: 91% statements, 81% branches\nCompiling utils/handler.rs...\nProcessing...\nSuccess!\nWARNING: webpack has known vulnerabilities\n[12:52:13] DEBUG: Initializing service\n\u26a0 DEPRECATION: Feature will be removed in v5.0\n\u2717 build failed with exit code 16\n[12:52:13] INFO: Processing request\nMinifying vendor.js\nCompiling src/index.js...\nLoading...\nSwitched to branch 'hotfix/task-390'\nStep 16/21: Deploying\n[12:52:13] INFO: Cache refreshed\nUsing Python 3.10\nProcessing...\nConnection established\nArtifact uploaded: dist.zip (55MB)\n\u2717 build failed with exit code 100\n  PASS: test_auth_login (151ms)\npip: Downloading prettier-4.18.tar.gz\n\u2713 package completed\nnpm notice: created a lockfile\nCompiling utils/service.java...\nWARNING: axios has known vulnerabilities\nImage pulled successfully\nnpm install: resolved 830 packages\nnpm notice: package.json updated\nCache hit for key-3280\nArtifact uploaded: dist.zip (42MB)\nFetching from https://pypi.org/package.json\nCompiling lib/app.ts...\nNODE_ENV=production\n\u2713 All checks passed\nBundling main.css\nInstalling jest@4.16.7\nStep 2/16: Building\nHEAD is now at 3cb9ec6\nStep 15/25: Deploying\nAlready up to date.\nTransforming 674 files...\n\u2713 All checks passed\nWARNING: webpack has known vulnerabilities\nStep 14/25: Deploying\nnpm install: added 467 packages\nEnvironment: test\nnpm notice: package.json updated\nBuilding Docker image...\nAlready up to date.\n[12:52:13] WARN: Deprecated API usage\nCache invalidated: build\nCache restored successfully (110MB)\nCompiling utils/index.js...\nBundling runtime.js\nStep 13/24: Running migrations\n[12:52:13] WARN: Deprecated API usage\n[12:52:13] ERROR: Connection failed\nCache miss for key-2520\nRan 66 tests in 1s\nArtifact uploaded: dist.zip (86MB)\nWaiting...\nCache restored successfully (314MB)\nnpm notice: package.json updated\nArtifact uploaded: dist.zip (30MB)\n[12:52:13] DEBUG: Loading configuration\nCompiling lib/index.js...\nStep 20/25: Linting\nCreating production build...\nException: ValueError\nTests: 194 passed, 273 total\nSnapshots: 39 passed, 48 total\n\u26a0 DEPRECATION: Feature will be removed in v3.0\nOptimizing 16 modules...\nUsing Node.js 20.9.2\n[12:52:13] INFO: Connecting to database\nCache hit for key-5674\nBuilding Docker image...\nCoverage: 79% statements, 99% branches\n[12:52:13] ERROR: Connection failed\nDone.\n=== Step install_dependencies completed ===\n=== Step: deploy_production ===\nnpm install: added 50 packages\n\u26a0 DEPRECATION: Feature will be removed in v3.0\nAlready up to date.\nnpm notice: package.json updated\nChecking out develop branch\nArtifact uploaded: dist.zip (66MB)\nCoverage: 81% statements, 61% branches\nInstalling express@4.12.2\nStep 10/21: Testing\nCache invalidated: node_modules\nReady.\nFAILED: test_auth_login\n\u2717 build failed with exit code 45\nInstalling express@2.1.7\nWARNING: jest has known vulnerabilities\n[12:52:13] INFO: Connecting to database\n[12:52:13] INFO: Request completed\nCreating production build...\nTransforming 851 files...\n\u2713 build completed\nSnapshots: 47 passed, 1 total\nVerifying...\nArtifact uploaded: dist.zip (12MB)\nCache saved successfully\nTest Suites: 13 passed, 11 total\nProcessing...\nPlatform: linux-x64\n[12:52:13] ERROR: Connection failed\nStep 10/21: Testing\nCache invalidated: dependencies\nPushing to registry...\nWARNING: react has known vulnerabilities\nVerifying...\nStep 4/15: Linting\npip: Installing build dependencies...\nTest Suites: 34 passed, 39 total\nHEAD is now at 9e799a3\nOK\nyarn add: Done in 23.25s\nCompiling src/utils.go...\n[12:52:13] INFO: Starting build process\nPulling image: python:18\nUsing Node.js 18.18.0\nArtifact downloaded: 30MB\nSuccess!\nnpm install: resolved 1295 packages\nStep 12/20: Linting\nnpm install: added 480 packages\n\u2717 build failed with exit code 110\n\u26a0 DEPRECATION: Feature will be removed in v3.0\nPlatform: linux-x64\nChecking out main branch\nTime: 113.202s\n[12:52:13] DEBUG: Loading configuration\nWARNING: lodash has known vulnerabilities\nCompiling utils/index.js...\nArtifact uploaded: build.tar.gz (15MB)\n[12:52:13] DEBUG: Query executed in 83ms\n[12:52:13] INFO: Request completed\nCompleted.\nStep 14/24: Linting\nCache miss for key-1166\nTransforming 904 files...\nFetching submodules...\n\u2713 Task completed in 527ms\nCompiling src/index.js...\n\u26a0 DEPRECATION: Feature will be removed in v3.0\nUsing Python 3.9\nOK\nCoverage: 96% statements, 65% branches\nPulling image: python:18\n[12:52:13] INFO: Connecting to database\nTransforming 501 files...\nCache invalidated: dependencies\nStep 8/19: Installing dependencies\nCompiling components/service.java...\n[12:52:13] DEBUG: Memory usage: 1620MB\nnpm notice: created a lockfile\nCompiling components/utils.go...\n\u26a0 DEPRECATION: Feature will be removed in v3.0\nChecking out main branch\nCache restored successfully (53MB)\nStep 10/22: Installing dependencies\n[12:52:13] INFO: Connecting to database\nArtifact uploaded: dist.zip (15MB)\nSuccess!\nTime: 77.536s\nStep 11/15: Testing\nLoading...\nImage pulled successfully\nImage pulled successfully\nTransforming 897 files...\nTransforming 287 files...\nArtifact uploaded: build.tar.gz (6MB)\nTests: 405 passed, 55 total\nUsing Node.js 17.0.6\nCompiling src/handler.rs...\nUsing Node.js 18.15.0\n[12:52:13] DEBUG: Connection pool: 7 active\nFAILED: test_auth_login\nAlready up to date.\nyarn add: Done in 10.97s\nHEAD is now at 552e212\nStep 6/22: Running migrations\n  PASS: test_cache_hit (298ms)\nUploading artifact 'dist' (20 files)\n[12:52:13] INFO: Connecting to database\nInstalling eslint@1.11.7\n\u26a0 DEPRECATION: Feature will be removed in v3.0\nReady.\nnpm install: resolved 1768 packages\n\u26a0 DEPRECATION: Feature will be removed in v2.0\nWaiting...\n[12:52:13] WARN: Deprecated API usage\nnpm notice: created a lockfile\n[12:52:13] DEBUG: Loading configuration\n=== Step deploy_production completed ===\n=== Step: deploy_staging ===\nArtifact uploaded: dist.zip (80MB)\n[12:52:13] ERROR: Connection failed\nInstalling express@4.12.0\nCache saved successfully\nImage pulled successfully\nException: NullPointerException\nWARNING: express has known vulnerabilities\n[12:52:13] DEBUG: Connection pool: 7 active\nVerifying...\nDone.\nCache saved successfully\nReady.\n\u2713 All checks passed\nStep 14/21: Installing dependencies\nReady.\nChecking out master branch\npip: Installing build dependencies...\npip: Downloading lodash-2.0.tar.gz\nReady.\nRan 161 tests in 47s\nCache saved successfully\nStep 3/18: Building\nCompiling src/app.ts...\npip: Collecting react\nPulling image: alpine:3.11\n  PASS: test_cache_hit (168ms)\nTLS handshake completed\nTest Suites: 10 passed, 36 total\nyarn add: Done in 17.0s\nReady.\nLoading...\nStep 12/18: Installing dependencies\nBuilding Docker image...\nCreating production build...\nOptimizing 68 modules...\nUsing Python 3.12\nTransforming 908 files...\n\u2713 All checks passed\nGenerating source maps...\nUploading artifact 'coverage' (34 files)\npip: Collecting eslint\nnpm notice: package.json updated\nGenerating source maps...\nProcessing...\nTime: 71.770s\nWaiting...\n[12:52:13] WARN: Deprecated API usage\nHEAD is now at bb25033\n\u2713 Step 'build' succeeded\n[12:52:13] INFO: Connecting to database\npip: Downloading axios-2.13.tar.gz\nFinished.\nEnvironment: test\nInstalling webpack@4.10.7\n  PASS: e2e/test_user_create.spec.js\nArtifact downloaded: 18MB\nGenerating source maps...\nGET /api - 200 (9ms)\nSuccess!\nArtifact uploaded: dist.zip (49MB)\nInstalling axios@1.4.1\n[12:52:13] WARN: Deprecated API usage\nCompleted.\nAlready up to date.\nCompleted.\nPushing to registry...\nnpm notice: created a lockfile\n[12:52:13] WARN: Deprecated API usage\nWARNING: webpack has known vulnerabilities\nRan 144 tests in 57s\npip: Installing build dependencies...\nCoverage: 88% statements, 60% branches\nConnection established\nMinifying app.js\n[12:52:13] INFO: Cache refreshed\nVerifying...\nFAILED: test_user_create\nCoverage: 93% statements, 90% branches\nGET /api - 201 (53ms)\n[12:52:13] DEBUG: Loading configuration\n\u2713 Step 'build' succeeded\nEnvironment: production\nyarn add: Done in 10.44s\n[12:52:13] WARN: Deprecated API usage\nCache miss for key-6685\nFetching submodules...\nCompiling src/service.java...\nStep 18/18: Testing\nUploading artifact 'coverage' (1 files)\nWARNING: lodash has known vulnerabilities\nArtifact downloaded: 38MB\n\u2713 All checks passed\nTest Suites: 12 passed, 28 total\nPushing to registry...\n[12:52:13] ERROR: Connection failed\nWaiting...\nGET /status - 200 (2ms)\nChecking out main branch\nWARNING: webpack has known vulnerabilities\nVerifying...\nStep 1/22: Testing\nImage pulled successfully\nArtifact downloaded: 32MB\nnpm notice: created a lockfile\nUploading artifact 'dist' (43 files)\nCompiling src/app.ts...\nCache saved successfully\nWaiting...\nTransforming 326 files...\nnpm install: added 78 packages\nWaiting...\n[12:52:13] ERROR: Connection failed\nLayer 10/13: COPY command\n\u2713 build completed\nTLS handshake completed\nReady.\n=== Step deploy_staging completed ===\n=== Step: unit_tests ===\n[12:52:13] INFO: Connecting to database\nConnection established\nnpm install: added 187 packages\nMinifying main.js\n[12:52:13] DEBUG: Connection pool: 17 active\nGET /status - 201 (28ms)\nSuccess!\nPlatform: linux-x64\nUploading artifact 'build' (33 files)\nCreating production build...\nOptimizing 84 modules...\nTests: 398 passed, 209 total\nArtifact downloaded: 49MB\nRan 129 tests in 35s\nCache restored successfully (420MB)\nArtifact downloaded: 26MB\nBuilding Docker image...\nBundling styles.css\nBundling styles.css\nBundling runtime.js\nnpm notice: created a lockfile\nTime: 30.952s\nBundling vendor.js\nCompiling src/main.py...\nTests: 392 passed, 212 total\nCache restored successfully (203MB)\n\u26a0 DEPRECATION: Feature will be removed in v4.0\n  PASS: unit/test_cache_hit.spec.js\nWARNING: express has known vulnerabilities\nWARNING: eslint has known vulnerabilities\npip: Collecting jest\n\u2713 package completed\nFetching submodules...\nSnapshots: 26 passed, 17 total\n[12:52:13] INFO: Connecting to database\nBundling runtime.js\n\u2717 build failed with exit code 47\nCompiling src/app.ts...\nProcessing...\nRan 88 tests in 26s\npip: Downloading prettier-3.3.tar.gz\nDone.\n[12:52:13] DEBUG: Memory usage: 244MB\n  PASS: unit/test_user_create.spec.js\nArtifact uploaded: dist.zip (98MB)\n  PASS: test_auth_login (111ms)\nLayer 3/8: RUN command\nCache hit for key-1907\nCache invalidated: build\n\u2713 test completed\nPushing to registry...\nStep 10/22: Testing\npip: Collecting axios\nUploading artifact 'build' (23 files)\nTime: 44.673s\nCompiling components/utils.go...\nRan 88 tests in 31s\nFinished.\nPOST /api - 201 (447ms)\n\u26a0 DEPRECATION: Feature will be removed in v2.0\nUploading artifact 'dist' (33 files)\n[12:52:13] INFO: Request completed\nWARNING: eslint has known vulnerabilities\nSwitched to branch 'hotfix/task-594'\nInstalling prettier@1.7.3\nTime: 119.802s\nNODE_ENV=production\nStep 14/21: Building\n[12:52:13] WARN: Deprecated API usage\nyarn add: Done in 9.78s\n\u2713 test completed\n[12:52:13] DEBUG: Initializing service\nMinifying app.js\nSuccess!\nyarn add: Done in 22.74s\n[12:52:13] DEBUG: Query executed in 100ms\nArtifact uploaded: dist.zip (45MB)\n[12:52:13] INFO: Connecting to database\n  PASS: test_auth_login (184ms)\nCreating production build...\n[12:52:13] INFO: Connecting to database\npip: Collecting express\n\u2717 build failed with exit code 101\nBuilding Docker image...\nException: NullPointerException\nPOST /data - 202 (206ms)\nGET /api - 201 (87ms)\nReady.\n  PASS: e2e/test_api_health.spec.js\nSwitched to branch 'feature/task-393'\nUsing Python 3.9\n\u2713 lint completed\n[12:52:13] INFO: Processing request\nSuccess!\nWaiting...\nStep 19/17: Testing\n\u2713 package completed\nOptimizing 56 modules...\nPulling image: alpine:3.11\nWARNING: axios has known vulnerabilities\nStep 6/21: Running migrations\nSwitched to branch 'bugfix/task-184'\nBuilding Docker image...\n[12:52:13] WARN: Deprecated API usage\nSnapshots: 0 passed, 17 total\nBundling main.css\nStep 15/18: Building\nTLS handshake completed\n  PASS: e2e/test_cache_hit.spec.js\nRan 107 tests in 48s\nPushing to registry...\nStep 15/22: Installing dependencies\nSnapshots: 13 passed, 33 total\nBuilding Docker image...\n[12:52:13] WARN: Deprecated API usage\n\u26a0 DEPRECATION: Feature will be removed in v4.0\n=== Step unit_tests completed ===\n=== Step: e2e_tests ===\n\u26a0 DEPRECATION: Feature will be removed in v2.0\nNODE_ENV=test\nTests: 203 passed, 445 total\n[12:52:13] INFO: Starting build process\nStep 18/21: Building\nArtifact downloaded: 12MB\n[12:52:13] INFO: Cache refreshed\npip install: Successfully installed eslint-3.1\nDone.\n[12:52:13] DEBUG: Loading configuration\nAlready up to date.\n  PASS: integration/test_db_connect.spec.js\nBuilding Docker image...\nPushing to registry...\n  PASS: test_api_health (66ms)\nStep 7/17: Building\nGET /api - 200 (25ms)\nLoading...\nStep 8/20: Linting\n\u2717 build failed with exit code 52\n[12:52:13] INFO: Starting build process\nTransforming 630 files...\nEnvironment: production\n[12:52:13] INFO: Connecting to database\n[12:52:13] INFO: Cache refreshed\nFetching submodules...\nCreating production build...\nGenerating source maps...\nArtifact downloaded: 31MB\nFetching from https://npmjs.org/package.json\nSnapshots: 27 passed, 42 total\n[12:52:13] DEBUG: Memory usage: 1848MB\nLayer 4/14: RUN command\nCache saved successfully\nEnvironment: production\nCompiling lib/handler.rs...\nChecking out master branch\nTransforming 181 files...\nStep 15/23: Building\nPOST /data - 202 (13ms)\nFinished.\nPlatform: win32-x64\nConnection established\nCompleted.\nArtifact downloaded: 41MB\nnpm install: added 18 packages\nLoading...\nnpm install: resolved 1137 packages\nTest Suites: 49 passed, 44 total\n[12:52:13] DEBUG: Query executed in 38ms\nWaiting...\nSwitched to branch 'hotfix/task-621'\nnpm install: added 294 packages\n  PASS: integration/test_user_create.spec.js\nCreating production build...\nTest Suites: 21 passed, 41 total\nNODE_ENV=development\nMinifying vendor.js\n[12:52:13] INFO: Connecting to database\n[12:52:13] DEBUG: Initializing service\nReady.\nOptimizing 44 modules...\nnpm notice: package.json updated\nWaiting...\nAlready up to date.\nDone.\nyarn add: Done in 28.36s\nEnvironment: test\nTests: 422 passed, 467 total\n[12:52:13] DEBUG: Connection pool: 13 active\nCompiling lib/index.js...\nEnvironment: test\nStep 9/15: Linting\nLayer 7/11: ENV command\nDone.\n[12:52:13] INFO: Processing request\nLoading...\nDone.\nCache miss for key-9788\nTest Suites: 49 passed, 26 total\nBundling runtime.js\nVerifying...\nWARNING: axios has known vulnerabilities\nAlready up to date.\nArtifact uploaded: build.tar.gz (38MB)\nReady.\nStep 9/16: Installing dependencies\nStep 4/15: Building\nCache hit for key-5613\nStep 8/24: Linting\nArtifact uploaded: build.tar.gz (9MB)\nImage pulled successfully\npip: Collecting prettier\nArtifact downloaded: 41MB\nFetching submodules...\nUsing Node.js 18.3.4\nSnapshots: 18 passed, 18 total\n[12:52:13] DEBUG: Connection pool: 11 active\nnpm install: added 149 packages\n  PASS: unit/test_db_connect.spec.js\nCreating production build...\nTransforming 322 files...\nSuccess!\nNODE_ENV=test\nStep 17/22: Building\nCompiling src/main.py...\n[12:52:13] WARN: Deprecated API usage\nStep 3/18: Installing dependencies\nStep 15/21: Testing\nCreating production build...\nUploading artifact 'build' (25 files)\n\u2713 test completed\nTests: 295 passed, 426 total\nSuccess!\n  PASS: test_api_health (108ms)\nCache restored successfully (164MB)\n=== Step e2e_tests completed ===\n=== Step: save_cache ===\nCreating production build...\nReady.\n  PASS: e2e/test_auth_login.spec.js\nArtifact uploaded: build.tar.gz (41MB)\nPulling image: python:3.11\nWaiting...\nWARNING: express has known vulnerabilities\nNODE_ENV=test\n[12:52:13] INFO: Connecting to database\nCompiling components/handler.rs...\npip: Collecting lodash\nCache miss for key-6356\nStep 19/23: Deploying\n\u26a0 DEPRECATION: Feature will be removed in v5.0\nUsing Node.js 18.11.0\n[12:52:13] INFO: Processing request\nnpm install: added 168 packages\npip install: Successfully installed react-1.5\nTransforming 620 files...\nUsing Python 3.12\nNODE_ENV=development\nHEAD is now at 14eaae6\nLoading...\nBuilding Docker image...\nRan 160 tests in 56s\n\u2713 Step 'setup' succeeded\nLayer 8/9: ENV command\npip: Downloading lodash-1.12.tar.gz\nFinished.\nStep 6/17: Running migrations\nGenerating source maps...\n[12:52:13] INFO: Starting build process\n[12:52:13] INFO: Request completed\nTime: 23.311s\nFetching submodules...\nException: TypeError\nCache invalidated: dependencies\nnpm install: resolved 998 packages\n\u26a0 DEPRECATION: Feature will be removed in v2.0\nFetching submodules...\nUsing Node.js 14.19.3\nArtifact downloaded: 31MB\n[12:52:13] INFO: Processing request\nTime: 39.611s\nSnapshots: 32 passed, 50 total\nUsing Python 3.11\n[12:52:13] WARN: Deprecated API usage\nNODE_ENV=production\nTest Suites: 9 passed, 23 total\nyarn add: Done in 19.90s\nTime: 5.187s\n[12:52:13] INFO: Processing request\nConnection established\nCache miss for key-2369\nReady.\nEnvironment: development\n\u2713 Task completed in 3406ms\n[12:52:13] INFO: Connecting to database\nPushing to registry...\nCoverage: 71% statements, 92% branches\nEnvironment: production\nyarn add: Done in 4.44s\nTLS handshake completed\nConnection established\nCoverage: 96% statements, 83% branches\nWARNING: react has known vulnerabilities\n\u26a0 DEPRECATION: Feature will be removed in v5.0\n[12:52:13] INFO: Request completed\nStep 3/19: Building\n[12:52:13] WARN: Deprecated API usage\nCache invalidated: build\nLoading...\nCompiling lib/main.py...\nEnvironment: production\n[12:52:13] DEBUG: Memory usage: 1640MB\nnpm install: added 477 packages\nPOST /api - 200 (253ms)\nNODE_ENV=production\nStep 11/15: Deploying\nEnvironment: staging\nChecking out develop branch\nException: TypeError\nEnvironment: test\nFinished.\nHEAD is now at 31b9a16\nCompiling src/index.js...\npip: Installing build dependencies...\nSuccess!\nTLS handshake completed\nArtifact uploaded: dist.zip (88MB)\nReady.\nWaiting...\nBuilding Docker image...\npip: Collecting jest\nUploading artifact 'dist' (26 files)\nnpm notice: package.json updated\nOK\nTime: 21.496s\nCache miss for key-5660\nCompleted.\nCache saved successfully\npip: Downloading react-4.5.tar.gz\nLoading...\nCompiling src/app.ts...\n[12:52:13] INFO: Request completed\nWARNING: axios has known vulnerabilities\nChecking out master branch\nNODE_ENV=production\nLayer 7/15: ENV command\nFetching from https://gcr.io/package.json\nUsing Python 3.12\nStep 17/18: Installing dependencies\nStep 16/17: Deploying\nPushing to registry...\nCache miss for key-5888\n[12:52:13] WARN: Deprecated API usage\n=== Step save_cache completed ===\n=== Step: type_check ===\nLayer 3/14: COPY command\n[12:52:13] WARN: Deprecated API usage\nPOST /upload - 200 (115ms)\nException: RuntimeError\nyarn add: Done in 8.48s\nSwitched to branch 'feature/task-607'\n[12:52:13] WARN: Deprecated API usage\n\u2713 lint completed\nArtifact downloaded: 44MB\nWARNING: axios has known vulnerabilities\nnpm install: resolved 1397 packages\nyarn add: Done in 27.2s\nStep 10/25: Installing dependencies\n[12:52:13] DEBUG: Connection pool: 4 active\nUsing Node.js 20.11.6\nStep 18/19: Linting\nCompleted.\n\u26a0 DEPRECATION: Feature will be removed in v2.0\nArtifact downloaded: 1MB\nSuccess!\nTests: 404 passed, 200 total\nSuccess!\nVerifying...\nOK\nCompiling components/app.ts...\nLoading...\nGET /api - 204 (48ms)\nOptimizing 84 modules...\nRan 114 tests in 51s\nImage pulled successfully\nCache saved successfully\n[12:52:13] DEBUG: Loading configuration\nCoverage: 85% statements, 79% branches\npip: Downloading react-4.10.tar.gz\n[12:52:13] INFO: Cache refreshed\nyarn add: Done in 15.3s\nFetching from https://pypi.org/package.json\nWARNING: prettier has known vulnerabilities\nCreating production build...\nStep 19/23: Installing dependencies\nSuccess!\nHEAD is now at de57c45\nBuilding Docker image...\nWaiting...\nStep 7/25: Testing\nTransforming 404 files...\n[12:52:13] INFO: Starting build process\nGenerating source maps...\nStep 15/22: Building\nTLS handshake completed\nChecking out develop branch\nConnection established\npip install: Successfully installed jest-4.2\nHEAD is now at 707cef3\nCreating production build...\nSuccess!\nMinifying main.js\nCompiling utils/index.js...\n[12:52:13] INFO: Starting build process\nLayer 8/15: COPY command\n\u2713 Task completed in 3197ms\n[12:52:13] DEBUG: Loading configuration\nWARNING: eslint has known vulnerabilities\nStep 2/16: Deploying\n\u2717 build failed with exit code 42\nDone.\npip: Collecting react\nRan 54 tests in 59s\nPlatform: linux-x64\nVerifying...\nFAILED: test_cache_hit\nMinifying main.js\nNODE_ENV=development\nDone.\npip: Installing build dependencies...\nCache saved successfully\nVerifying...\nStep 13/23: Testing\n[12:52:13] DEBUG: Query executed in 38ms\nFinished.\n  PASS: test_user_create (495ms)\nHEAD is now at 5bdb97e\nCompiling utils/service.java...\nRan 105 tests in 54s\nArtifact uploaded: build.tar.gz (13MB)\n\u26a0 DEPRECATION: Feature will be removed in v3.0\nnpm install: added 195 packages\nCache invalidated: node_modules\nLayer 1/13: RUN command\nEnvironment: development\n[12:52:13] DEBUG: Loading configuration\nStep 9/23: Deploying\nOptimizing 96 modules...\nBundling runtime.js\n[12:52:13] DEBUG: Memory usage: 1625MB\nPOST /api - 202 (305ms)\nRan 122 tests in 31s\nChecking out main branch\nSwitched to branch 'feature/task-364'\nTLS handshake completed\nTime: 71.615s\n[12:52:13] DEBUG: Connection pool: 2 active\nCache restored successfully (289MB)\nCoverage: 84% statements, 64% branches\nUsing Python 3.9\n[12:52:13] DEBUG: Memory usage: 1681MB\n\u26a0 DEPRECATION: Feature will be removed in v4.0\npip install: Successfully installed lodash-5.9\npip: Collecting eslint\npip: Collecting eslint\nAlready up to date.\nWARNING: lodash has known vulnerabilities\nCompiling components/main.py...\nBundling vendor.js\nAlready up to date.\nHEAD is now at 17fdca7\n=== Step type_check completed ===\n=== Step: checkout ===\nTLS handshake completed\nNODE_ENV=development\nCompiling lib/utils.go...\nWARNING: react has known vulnerabilities\nRan 88 tests in 2s\nVerifying...\nSnapshots: 31 passed, 50 total\n[12:52:13] DEBUG: Memory usage: 1585MB\npip install: Successfully installed axios-4.18\npip install: Successfully installed express-4.10\npip: Installing build dependencies...\n\u2713 Task completed in 3368ms\nSwitched to branch 'hotfix/task-503'\nAlready up to date.\n[12:52:13] DEBUG: Query executed in 21ms\nAlready up to date.\nNODE_ENV=test\nTest Suites: 32 passed, 16 total\n[12:52:13] ERROR: Connection failed\nPulling image: python:18\nStep 3/21: Testing\nReady.\nMinifying app.js\npip: Installing build dependencies...\nCache saved successfully\nCoverage: 91% statements, 86% branches\nnpm notice: created a lockfile\nConnection established\nLayer 1/10: COPY command\npip: Downloading react-3.17.tar.gz\nTest Suites: 11 passed, 37 total\nWARNING: jest has known vulnerabilities\nnpm install: resolved 436 packages\npip: Downloading eslint-3.17.tar.gz\nTests: 322 passed, 460 total\nLoading...\nHEAD is now at 710f84e\nImage pulled successfully\n[12:52:13] DEBUG: Initializing service\nChecking out main branch\n[12:52:13] ERROR: Connection failed\nArtifact uploaded: build.tar.gz (38MB)\nPlatform: linux-x64\nWARNING: express has known vulnerabilities\nOK\nCompiling utils/index.js...\nPushing to registry...\nStep 5/16: Deploying\n[12:52:13] WARN: Deprecated API usage\nConnection established\n\u2717 build failed with exit code 28\n[12:52:13] WARN: Deprecated API usage\nArtifact uploaded: build.tar.gz (23MB)\n[12:52:13] DEBUG: Query executed in 40ms\nDone.\nnpm install: added 23 packages\n[12:52:13] DEBUG: Memory usage: 1289MB\nVerifying...\nTest Suites: 31 passed, 33 total\npip: Downloading react-1.15.tar.gz\nStep 12/22: Installing dependencies\n[12:52:13] WARN: Deprecated API usage\n\u2713 Step 'checkout' succeeded\nnpm notice: package.json updated\nGET /api - 204 (42ms)\nUploading artifact 'build' (35 files)\nChecking out develop branch\nPulling image: python:3.11\nCoverage: 73% statements, 90% branches\nStep 8/18: Running migrations\nCompiling src/utils.go...\nStep 1/19: Testing\nCompiling components/utils.go...\nPulling image: node:latest\n[12:52:13] DEBUG: Initializing service\nLoading...\nWaiting...\nBundling main.css\n[12:52:13] DEBUG: Connection pool: 7 active\nRan 94 tests in 25s\nCompleted.\npip install: Successfully installed prettier-1.15\nWARNING: express has known vulnerabilities\nPOST /data - 200 (251ms)\n[12:52:13] DEBUG: Query executed in 36ms\n[12:52:13] INFO: Connecting to database\nLayer 6/10: ENV command\n[12:52:13] INFO: Processing request\nBundling runtime.css\nSwitched to branch 'feature/task-861'\nUsing Python 3.11\nFetching from https://amazonaws.com/package.json\nFetching from https://npmjs.org/package.json\nCompiling utils/service.java...\n  PASS: test_user_create (23ms)\n[12:52:13] DEBUG: Initializing service\nFAILED: test_db_connect\nInstalling express@1.11.1\n[12:52:13] INFO: Cache refreshed\nStep 11/24: Deploying\nTime: 59.405s\nLayer 9/10: COPY command\n\u2713 All checks passed\nCache invalidated: build\n\u26a0 DEPRECATION: Feature will be removed in v3.0\n[12:52:13] DEBUG: Query executed in 100ms\nAlready up to date.\n\u2713 Step 'test' succeeded\nImage pulled successfully\nNODE_ENV=development\nStep 8/18: Testing\nCache hit for key-9325\nAlready up to date.\nWARNING: webpack has known vulnerabilities\nPOST /api - 202 (106ms)\nArtifact uploaded: dist.zip (68MB)\n=== Step checkout completed ===\n=== Step: lint ===\nProcessing...\nFetching from https://registry.npmjs.org/package.json\nnpm install: added 394 packages\nCoverage: 95% statements, 74% branches\nPushing to registry...\nInstalling prettier@5.18.6\nCompleted.\n[12:52:13] INFO: Cache refreshed\npip: Collecting axios\n[12:52:13] WARN: Deprecated API usage\nDone.\nSnapshots: 19 passed, 15 total\n\u26a0 DEPRECATION: Feature will be removed in v3.0\nWARNING: prettier has known vulnerabilities\nCache invalidated: node_modules\nnpm install: resolved 367 packages\nCache restored successfully (173MB)\npip: Collecting prettier\npip: Installing build dependencies...\nUsing Python 3.11\nPOST /upload - 201 (189ms)\nCompiling lib/service.java...\nnpm notice: created a lockfile\nStep 8/15: Running migrations\nSwitched to branch 'feature/task-586'\nBuilding Docker image...\nCreating production build...\nImage pulled successfully\nSwitched to branch 'bugfix/task-426'\nReady.\nUploading artifact 'coverage' (25 files)\nCreating production build...\nStep 15/21: Testing\nCompiling components/main.py...\n[12:52:13] WARN: Deprecated API usage\nAlready up to date.\nWARNING: eslint has known vulnerabilities\nStep 10/25: Running migrations\nCompleted.\n[12:52:13] DEBUG: Connection pool: 13 active\nTLS handshake completed\n\u26a0 DEPRECATION: Feature will be removed in v3.0\nSnapshots: 34 passed, 14 total\nChecking out main branch\nStep 12/24: Running migrations\n\u26a0 DEPRECATION: Feature will be removed in v4.0\nCache saved successfully\nProcessing...\nCompiling components/handler.rs...\nTests: 57 passed, 130 total\nNODE_ENV=production\nProcessing...\nCompiling components/service.java...\nnpm notice: created a lockfile\nTransforming 905 files...\n[12:52:13] ERROR: Connection failed\nSwitched to branch 'feature/task-107'\n\u2717 build failed with exit code 75\nTests: 212 passed, 147 total\nFinished.\nDone.\nConnection established\nUploading artifact 'dist' (44 files)\nStep 14/18: Deploying\n\u2713 All checks passed\nCoverage: 90% statements, 82% branches\nTests: 115 passed, 397 total\n\u2713 deploy completed\nnpm install: added 419 packages\nCache miss for key-2089\nInstalling express@1.19.0\nDone.\nnpm install: resolved 1903 packages\n[12:52:13] INFO: Request completed\n[12:52:13] INFO: Cache refreshed\nPlatform: darwin-arm64\nPlatform: linux-x64\nnpm install: resolved 1824 packages\nSuccess!\n\u2713 Task completed in 3930ms\nHEAD is now at fdf158a\nUsing Python 3.11\nTest Suites: 21 passed, 27 total\nWARNING: lodash has known vulnerabilities\nNODE_ENV=test\nLoading...\nFAILED: test_db_connect\npip install: Successfully installed lodash-1.6\nBundling runtime.js\nMinifying app.js\nHEAD is now at e49e48d\nCompleted.\nPulling image: node:3.11\nCompiling lib/app.ts...\nOptimizing 29 modules...\nnpm notice: package.json updated\nnpm notice: package.json updated\nFetching from https://npmjs.org/package.json\nTest Suites: 10 passed, 42 total\nFinished.\npip: Downloading eslint-4.20.tar.gz\nCache miss for key-5233\nCache saved successfully\n[12:52:13] INFO: Connecting to database\n  PASS: integration/test_auth_login.spec.js\nCoverage: 92% statements, 77% branches\nStep 16/21: Building\n[12:52:13] ERROR: Connection failed\nException: RuntimeError\nFetching submodules...\nChecking out develop branch\nCoverage: 96% statements, 69% branches\n[12:52:13] WARN: Deprecated API usage\nBundling main.css\n\u26a0 DEPRECATION: Feature will be removed in v5.0\nStep 15/16: Building\n=== Step lint completed ===\n=== Step: setup_node ===\npip: Collecting lodash\n[12:52:13] DEBUG: Connection pool: 12 active\nCache hit for key-9963\n\u26a0 DEPRECATION: Feature will be removed in v3.0\n[12:52:13] INFO: Cache refreshed\nGET /status - 204 (43ms)\nCache saved successfully\n[12:52:13] DEBUG: Initializing service\nPulling image: python:latest\n[12:52:13] DEBUG: Loading configuration\nMinifying vendor.js\nSwitched to branch 'bugfix/task-368'\nCompiling utils/main.py...\nnpm install: resolved 230 packages\npip: Downloading eslint-4.18.tar.gz\n[12:52:13] WARN: Deprecated API usage\nGenerating source maps...\nCompiling components/utils.go...\n[12:52:13] DEBUG: Query executed in 90ms\nWARNING: express has known vulnerabilities\nyarn add: Done in 12.23s\nMinifying vendor.js\nArtifact uploaded: dist.zip (40MB)\n[12:52:13] DEBUG: Memory usage: 1841MB\nUploading artifact 'dist' (15 files)\nArtifact downloaded: 19MB\n[12:52:13] DEBUG: Query executed in 89ms\n\u26a0 DEPRECATION: Feature will be removed in v5.0\nWARNING: express has known vulnerabilities\n[12:52:13] INFO: Connecting to database\n  PASS: test_user_create (134ms)\nStep 7/20: Installing dependencies\nLayer 4/9: RUN command\nTime: 50.571s\nOptimizing 27 modules...\n[12:52:13] INFO: Connecting to database\nCompiling utils/service.java...\n\u2713 build completed\nGenerating source maps...\nWaiting...\n\u2713 Step 'build' succeeded\nTests: 172 passed, 242 total\nLayer 5/11: COPY command\nStep 20/16: Installing dependencies\nWARNING: react has known vulnerabilities\nLayer 2/13: ENV command\nNODE_ENV=development\nCache restored successfully (143MB)\nTransforming 864 files...\n[12:52:13] DEBUG: Initializing service\nCoverage: 98% statements, 100% branches\n[12:52:13] WARN: Deprecated API usage\n[12:52:13] DEBUG: Initializing service\nReady.\nPlatform: darwin-arm64\n[12:52:13] DEBUG: Connection pool: 15 active\nCoverage: 93% statements, 67% branches\npip install: Successfully installed axios-5.8\n\u2713 Step 'checkout' succeeded\nOptimizing 71 modules...\nFAILED: test_db_connect\nTLS handshake completed\nGET /api - 200 (8ms)\n[12:52:13] INFO: Starting build process\nCache invalidated: dependencies\npip: Collecting webpack\npip: Collecting jest\nUploading artifact 'build' (7 files)\nCache saved successfully\nRan 163 tests in 13s\n[12:52:13] WARN: Deprecated API usage\nStep 13/15: Linting\nArtifact uploaded: build.tar.gz (32MB)\nVerifying...\n[12:52:13] DEBUG: Query executed in 90ms\nConnection established\n  PASS: test_auth_login (29ms)\nStep 4/21: Deploying\n[12:52:13] DEBUG: Connection pool: 20 active\nSuccess!\npip: Downloading react-2.0.tar.gz\n[12:52:13] INFO: Request completed\nLoading...\nGenerating source maps...\nPlatform: darwin-arm64\nCompiling lib/handler.rs...\nnpm install: resolved 828 packages\n\u2713 All checks passed\nnpm install: resolved 1777 packages\nSwitched to branch 'hotfix/task-651'\nFetching from https://githubusercontent.com/package.json\n[12:52:13] INFO: Starting build process\nSnapshots: 1 passed, 35 total\nCompiling src/main.py...\nOK\npip: Downloading jest-2.2.tar.gz\nCoverage: 87% statements, 93% branches\n\u2713 Step 'checkout' succeeded\nArtifact uploaded: dist.zip (28MB)\nSuccess!\nCompiling src/app.ts...\nPulling image: node:18\nEnvironment: staging\npip install: Successfully installed axios-4.3\nException: ValueError\nStep 1/25: Deploying\n[12:52:13] DEBUG: Connection pool: 2 active\npip: Downloading react-1.14.tar.gz\nReady.\n[12:52:13] INFO: Cache refreshed\n\u26a0 DEPRECATION: Feature will be removed in v2.0\n\u2713 All checks passed\nnpm install: added 169 packages\nCoverage: 70% statements, 89% branches\nConnection established\nChecking out main branch\n=== Step setup_node completed ===\n=== Step: setup_environment ===\n[12:52:13] WARN: Deprecated API usage\npip: Downloading jest-2.5.tar.gz\n\u26a0 DEPRECATION: Feature will be removed in v4.0\nFinished.\nWaiting...\nFinished.\nCache invalidated: dependencies\nLayer 5/13: RUN command\n\u26a0 DEPRECATION: Feature will be removed in v2.0\nCoverage: 78% statements, 100% branches\n[12:52:13] DEBUG: Memory usage: 1646MB\npip: Installing build dependencies...\nHEAD is now at 1b17595\nLoading...\nWaiting...\nStep 17/18: Linting\nBundling vendor.js\nSuccess!\nCache saved successfully\nDone.\nSwitched to branch 'feature/task-703'\nArtifact uploaded: build.tar.gz (10MB)\nImage pulled successfully\nBundling runtime.css\nChecking out master branch\nCache miss for key-9804\nnpm install: added 197 packages\nGET /health - 201 (87ms)\nnpm notice: package.json updated\nFetching from https://gcr.io/package.json\nStep 13/15: Deploying\nVerifying...\nReady.\nGET /api - 204 (50ms)\nFetching submodules...\n[12:52:13] INFO: Request completed\nLoading...\nLoading...\nTime: 85.745s\nArtifact uploaded: dist.zip (35MB)\n\u2713 Step 'setup' succeeded\nMinifying main.js\n[12:52:13] DEBUG: Connection pool: 14 active\n[12:52:13] WARN: Deprecated API usage\n[12:52:13] DEBUG: Connection pool: 18 active\n\u2713 Task completed in 3660ms\nStep 3/16: Running migrations\nOK\nStep 11/21: Deploying\nLayer 5/9: COPY command\nSwitched to branch 'feature/task-551'\nArtifact downloaded: 14MB\nChecking out develop branch\nWaiting...\nCompiling src/service.java...\nFetching submodules...\n\u2713 Task completed in 4266ms\n[12:52:13] DEBUG: Loading configuration\n[12:52:13] INFO: Processing request\nCompiling components/service.java...\n\u2713 test completed\n[12:52:13] INFO: Request completed\nFetching from https://registry.npmjs.org/package.json\nOptimizing 25 modules...\nCache saved successfully\nCompiling components/app.ts...\n\u2713 All checks passed\n  PASS: unit/test_db_connect.spec.js\nArtifact downloaded: 3MB\nUsing Python 3.12\nStep 20/22: Installing dependencies\nTransforming 357 files...\nCompiling src/index.js...\nWARNING: webpack has known vulnerabilities\nnpm install: added 444 packages\nPOST /api - 200 (347ms)\n[12:52:13] INFO: Processing request\nCreating production build...\nnpm notice: created a lockfile\nArtifact downloaded: 14MB\nGenerating source maps...\nnpm install: added 245 packages\nTime: 78.54s\npip: Collecting jest\nPushing to registry...\n[12:52:13] DEBUG: Memory usage: 1047MB\nDone.\nTime: 24.270s\nArtifact downloaded: 8MB\nUploading artifact 'build' (13 files)\nPlatform: linux-x64\nException: ValueError\n[12:52:13] INFO: Processing request\nUsing Python 3.10\npip install: Successfully installed webpack-4.12\nCompiling src/handler.rs...\npip: Downloading react-1.14.tar.gz\nStep 15/15: Building\n  PASS: integration/test_user_create.spec.js\nnpm notice: package.json updated\nnpm notice: package.json updated\nBundling main.css\n\u2713 Task completed in 1512ms\n[12:52:13] WARN: Deprecated API usage\nLayer 5/13: RUN command\nArtifact uploaded: build.tar.gz (23MB)\n[12:52:13] DEBUG: Loading configuration\nnpm install: resolved 323 packages\n[12:52:13] DEBUG: Loading configuration\nGenerating source maps...\nCompiling lib/index.js...\nChecking out master branch\nUploading artifact 'coverage' (16 files)\nCompiling components/app.ts...\n\u26a0 DEPRECATION: Feature will be removed in v4.0\nCompiling components/handler.rs...\n=== Step setup_environment completed ===",
    "steps": [
      {
        "name": "upload_artifacts",
        "status": "success",
        "started_at": "2025-12-03T12:52:13.672966",
        "finished_at": "2025-12-03T12:52:24.261105",
        "log_lines": [
          "=== Step: upload_artifacts ===",
          "[12:52:13] DEBUG: Loading configuration",
          "Pushing to registry...",
          "WARNING: express has known vulnerabilities",
          "[12:52:13] INFO: Starting build process",
          "[12:52:13] DEBUG: Query executed in 77ms",
          "Compiling components/handler.rs...",
          "\u2713 Step 'setup' succeeded",
          "Transforming 832 files...",
          "[12:52:13] WARN: Deprecated API usage",
          "Processing...",
          "pip install: Successfully installed express-5.16",
          "pip: Collecting eslint",
          "Installing lodash@3.2.2",
          "[12:52:13] DEBUG: Initializing service",
          "Step 12/22: Building",
          "pip: Installing build dependencies...",
          "Cache hit for key-2162",
          "Done.",
          "Step 15/19: Deploying",
          "Step 1/25: Building",
          "\u2713 Step 'install' succeeded",
          "npm install: added 181 packages",
          "Installing prettier@2.5.2",
          "Compiling components/service.java...",
          "[12:52:13] WARN: Deprecated API usage",
          "GET /api - 200 (6ms)",
          "Compiling src/utils.go...",
          "Success!",
          "Uploading artifact 'build' (7 files)",
          "Step 12/23: Installing dependencies",
          "Snapshots: 0 passed, 23 total",
          "Artifact uploaded: dist.zip (98MB)",
          "Artifact uploaded: dist.zip (67MB)",
          "Finished.",
          "Cache hit for key-2771",
          "Fetching from https://gcr.io/package.json",
          "Artifact uploaded: dist.zip (62MB)",
          "yarn add: Done in 28.18s",
          "Waiting...",
          "Compiling src/utils.go...",
          "Cache miss for key-2762",
          "Verifying...",
          "[12:52:13] ERROR: Connection failed",
          "[12:52:13] DEBUG: Query executed in 40ms",
          "Done.",
          "Using Python 3.11",
          "Ready.",
          "npm notice: created a lockfile",
          "[12:52:13] DEBUG: Query executed in 21ms",
          "Minifying vendor.js",
          "Step 14/19: Installing dependencies",
          "Checking out master branch",
          "Step 15/15: Deploying",
          "[12:52:13] INFO: Connecting to database",
          "\u26a0 DEPRECATION: Feature will be removed in v3.0",
          "[12:52:13] WARN: Deprecated API usage",
          "Already up to date.",
          "\u2713 package completed",
          "Verifying...",
          "[12:52:13] INFO: Cache refreshed",
          "Layer 9/13: ENV command",
          "Loading...",
          "Compiling components/utils.go...",
          "Compiling src/main.py...",
          "Cache saved successfully",
          "Step 19/17: Linting",
          "Coverage: 98% statements, 65% branches",
          "Cache saved successfully",
          "Fetching from https://docker.io/package.json",
          "Layer 1/10: COPY command",
          "OK",
          "Pulling image: node:latest",
          "Layer 5/11: COPY command",
          "WARNING: webpack has known vulnerabilities",
          "TLS handshake completed",
          "  PASS: integration/test_api_health.spec.js",
          "Optimizing 26 modules...",
          "pip: Collecting eslint",
          "npm install: resolved 529 packages",
          "Fetching from https://pypi.org/package.json",
          "Uploading artifact 'coverage' (46 files)",
          "Transforming 814 files...",
          "Step 14/22: Running migrations",
          "\u26a0 DEPRECATION: Feature will be removed in v3.0",
          "pip: Collecting react",
          "[12:52:13] INFO: Cache refreshed",
          "Artifact downloaded: 22MB",
          "  PASS: integration/test_cache_hit.spec.js",
          "Success!",
          "Success!",
          "Step 7/18: Linting",
          "Step 1/19: Installing dependencies",
          "Environment: development",
          "Checking out master branch",
          "OK",
          "pip: Downloading express-4.1.tar.gz",
          "Exception: NullPointerException",
          "Building Docker image...",
          "npm notice: created a lockfile",
          "\u26a0 DEPRECATION: Feature will be removed in v4.0",
          "[12:52:13] WARN: Deprecated API usage",
          "Verifying...",
          "POST /upload - 202 (406ms)",
          "[12:52:13] WARN: Deprecated API usage",
          "Artifact uploaded: dist.zip (47MB)",
          "[12:52:13] INFO: Cache refreshed",
          "Building Docker image...",
          "\u2713 deploy completed",
          "Platform: linux-x64",
          "NODE_ENV=production",
          "Installing prettier@1.10.10",
          "Processing...",
          "[12:52:13] ERROR: Connection failed",
          "Cache saved successfully",
          "Already up to date.",
          "TLS handshake completed",
          "=== Step upload_artifacts completed ==="
        ]
      },
      {
        "name": "restore_cache",
        "status": "success",
        "started_at": "2025-12-03T12:52:24.261105",
        "finished_at": "2025-12-03T12:52:30.613988",
        "log_lines": [
          "=== Step: restore_cache ===",
          "Cache hit for key-4293",
          "[12:52:13] DEBUG: Connection pool: 4 active",
          "Platform: win32-x64",
          "Finished.",
          "HEAD is now at 089dff0",
          "[12:52:13] INFO: Request completed",
          "Cache saved successfully",
          "Cache saved successfully",
          "Processing...",
          "pip: Collecting jest",
          "\u2713 All checks passed",
          "\u2713 Task completed in 2304ms",
          "Compiling utils/handler.rs...",
          "[12:52:13] INFO: Processing request",
          "pip: Installing build dependencies...",
          "Done.",
          "Environment: staging",
          "Fetching submodules...",
          "Processing...",
          "Artifact uploaded: build.tar.gz (33MB)",
          "Connection established",
          "Checking out main branch",
          "Using Python 3.11",
          "Step 13/19: Building",
          "Cache restored successfully (80MB)",
          "Image pulled successfully",
          "NODE_ENV=production",
          "[12:52:13] WARN: Deprecated API usage",
          "WARNING: prettier has known vulnerabilities",
          "TLS handshake completed",
          "pip: Collecting axios",
          "GET /api - 204 (66ms)",
          "Using Python 3.10",
          "Snapshots: 7 passed, 10 total",
          "\u2713 Task completed in 2087ms",
          "POST /api - 201 (181ms)",
          "Cache miss for key-2387",
          "npm notice: package.json updated",
          "Layer 10/11: COPY command",
          "\u26a0 DEPRECATION: Feature will be removed in v5.0",
          "Ready.",
          "\u26a0 DEPRECATION: Feature will be removed in v3.0",
          "Success!",
          "pip install: Successfully installed axios-1.17",
          "pip: Collecting prettier",
          "npm notice: package.json updated",
          "Cache restored successfully (117MB)",
          "POST /api - 201 (62ms)",
          "[12:52:13] INFO: Processing request",
          "Using Python 3.11",
          "WARNING: jest has known vulnerabilities",
          "yarn add: Done in 25.99s",
          "OK",
          "\u2713 Step 'build' succeeded",
          "GET /health - 200 (84ms)",
          "Switched to branch 'bugfix/task-899'",
          "Already up to date.",
          "Step 5/19: Installing dependencies",
          "Snapshots: 14 passed, 31 total",
          "Step 20/24: Running migrations",
          "WARNING: react has known vulnerabilities",
          "Compiling components/service.java...",
          "npm notice: package.json updated",
          "Step 12/21: Installing dependencies",
          "npm install: resolved 795 packages",
          "Artifact uploaded: dist.zip (40MB)",
          "WARNING: prettier has known vulnerabilities",
          "Step 18/20: Linting",
          "Step 1/18: Building",
          "Building Docker image...",
          "Verifying...",
          "[12:52:13] WARN: Deprecated API usage",
          "\u2713 build completed",
          "Step 13/17: Building",
          "  PASS: test_api_health (397ms)",
          "npm notice: created a lockfile",
          "Step 8/20: Running migrations",
          "WARNING: axios has known vulnerabilities",
          "npm notice: created a lockfile",
          "Time: 82.145s",
          "[12:52:13] DEBUG: Connection pool: 10 active",
          "Uploading artifact 'dist' (45 files)",
          "npm notice: package.json updated",
          "[12:52:13] WARN: Deprecated API usage",
          "Cache miss for key-9114",
          "[12:52:13] DEBUG: Loading configuration",
          "npm notice: created a lockfile",
          "pip install: Successfully installed react-5.11",
          "GET /status - 200 (95ms)",
          "Ran 132 tests in 60s",
          "Cache miss for key-8435",
          "Test Suites: 43 passed, 32 total",
          "\u2717 build failed with exit code 80",
          "[12:52:13] WARN: Deprecated API usage",
          "Pulling image: node:18",
          "yarn add: Done in 14.63s",
          "  PASS: integration/test_user_create.spec.js",
          "[12:52:13] INFO: Request completed",
          "\u2713 All checks passed",
          "[12:52:13] DEBUG: Memory usage: 137MB",
          "\u2713 test completed",
          "Installing react@2.19.4",
          "\u26a0 DEPRECATION: Feature will be removed in v2.0",
          "Cache hit for key-6545",
          "Environment: production",
          "WARNING: prettier has known vulnerabilities",
          "\u2717 build failed with exit code 20",
          "Using Python 3.11",
          "\u26a0 DEPRECATION: Feature will be removed in v4.0",
          "  PASS: e2e/test_db_connect.spec.js",
          "Test Suites: 45 passed, 42 total",
          "Cache saved successfully",
          "[12:52:13] INFO: Cache refreshed",
          "npm install: resolved 1843 packages",
          "Compiling components/index.js...",
          "Environment: test",
          "=== Step restore_cache completed ==="
        ]
      },
      {
        "name": "build",
        "status": "success",
        "started_at": "2025-12-03T12:52:30.613988",
        "finished_at": "2025-12-03T12:53:02.378404",
        "log_lines": [
          "=== Step: build ===",
          "\u2713 Task completed in 1349ms",
          "Layer 9/8: RUN command",
          "Compiling lib/service.java...",
          "npm notice: package.json updated",
          "Checking out main branch",
          "pip install: Successfully installed prettier-5.3",
          "NODE_ENV=development",
          "Ready.",
          "Using Python 3.9",
          "Fetching submodules...",
          "pip: Collecting lodash",
          "  PASS: test_user_create (254ms)",
          "\u2713 All checks passed",
          "Compiling lib/handler.rs...",
          "Success!",
          "HEAD is now at 91f613b",
          "Platform: win32-x64",
          "yarn add: Done in 27.1s",
          "Tests: 319 passed, 184 total",
          "Time: 96.646s",
          "Time: 48.130s",
          "\u2713 Step 'test' succeeded",
          "Pulling image: alpine:latest",
          "Step 12/16: Deploying",
          "Step 17/19: Testing",
          "[12:52:13] DEBUG: Memory usage: 824MB",
          "HEAD is now at 85c80d0",
          "Step 14/20: Testing",
          "Step 13/24: Building",
          "Exception: ValueError",
          "Fetching submodules...",
          "Compiling utils/handler.rs...",
          "[12:52:13] INFO: Connecting to database",
          "Processing...",
          "\u2713 validate completed",
          "Artifact uploaded: dist.zip (41MB)",
          "pip: Collecting express",
          "Exception: RuntimeError",
          "Minifying main.js",
          "Test Suites: 24 passed, 17 total",
          "\u2713 deploy completed",
          "Fetching submodules...",
          "[12:52:13] INFO: Request completed",
          "Ready.",
          "Verifying...",
          "Pulling image: python:latest",
          "  PASS: e2e/test_auth_login.spec.js",
          "Image pulled successfully",
          "Coverage: 71% statements, 76% branches",
          "[12:52:13] INFO: Starting build process",
          "Compiling src/handler.rs...",
          "[12:52:13] DEBUG: Loading configuration",
          "OK",
          "OK",
          "Cache hit for key-5366",
          "Building Docker image...",
          "pip install: Successfully installed express-3.9",
          "Waiting...",
          "[12:52:13] WARN: Deprecated API usage",
          "[12:52:13] INFO: Processing request",
          "Compiling lib/handler.rs...",
          "Building Docker image...",
          "Completed.",
          "\u26a0 DEPRECATION: Feature will be removed in v2.0",
          "Verifying...",
          "Generating source maps...",
          "Finished.",
          "WARNING: prettier has known vulnerabilities",
          "\u2713 All checks passed",
          "[12:52:13] INFO: Request completed",
          "Cache restored successfully (292MB)",
          "Pulling image: node:latest",
          "[12:52:13] INFO: Cache refreshed",
          "WARNING: prettier has known vulnerabilities",
          "Step 20/19: Installing dependencies",
          "Platform: darwin-arm64",
          "pip: Downloading eslint-5.18.tar.gz",
          "[12:52:13] DEBUG: Memory usage: 1410MB",
          "Loading...",
          "  PASS: integration/test_cache_hit.spec.js",
          "[12:52:13] WARN: Deprecated API usage",
          "Step 18/17: Installing dependencies",
          "FAILED: test_db_connect",
          "  PASS: test_api_health (155ms)",
          "pip install: Successfully installed lodash-3.14",
          "Test Suites: 38 passed, 35 total",
          "TLS handshake completed",
          "[12:52:13] DEBUG: Query executed in 84ms",
          "Step 17/22: Linting",
          "pip install: Successfully installed prettier-2.16",
          "Optimizing 36 modules...",
          "WARNING: eslint has known vulnerabilities",
          "Time: 79.796s",
          "Ready.",
          "[12:52:13] WARN: Deprecated API usage",
          "Already up to date.",
          "Compiling utils/app.ts...",
          "Step 8/24: Deploying",
          "GET /status - 204 (69ms)",
          "POST /data - 202 (208ms)",
          "Uploading artifact 'dist' (27 files)",
          "Compiling components/index.js...",
          "  PASS: test_auth_login (347ms)",
          "Time: 12.425s",
          "Completed.",
          "Fetching submodules...",
          "pip install: Successfully installed prettier-5.8",
          "GET /api - 200 (3ms)",
          "Processing...",
          "NODE_ENV=production",
          "Bundling main.js",
          "Done.",
          "Optimizing 31 modules...",
          "[12:52:13] DEBUG: Initializing service",
          "[12:52:13] DEBUG: Initializing service",
          "\u2713 All checks passed",
          "=== Step build completed ==="
        ]
      },
      {
        "name": "install_dependencies",
        "status": "success",
        "started_at": "2025-12-03T12:53:02.378404",
        "finished_at": "2025-12-03T12:53:34.142820",
        "log_lines": [
          "=== Step: install_dependencies ===",
          "Uploading artifact 'build' (45 files)",
          "OK",
          "TLS handshake completed",
          "Cache miss for key-6619",
          "Cache miss for key-1896",
          "Ready.",
          "Already up to date.",
          "npm install: resolved 1332 packages",
          "\u2713 All checks passed",
          "[12:52:13] DEBUG: Connection pool: 14 active",
          "Ran 128 tests in 42s",
          "Waiting...",
          "Success!",
          "Uploading artifact 'build' (33 files)",
          "Bundling runtime.js",
          "Image pulled successfully",
          "Step 13/23: Running migrations",
          "Using Python 3.11",
          "\u2713 Step 'install' succeeded",
          "pip: Collecting webpack",
          "Compiling utils/main.py...",
          "Tests: 231 passed, 379 total",
          "Coverage: 91% statements, 82% branches",
          "WARNING: axios has known vulnerabilities",
          "Ran 20 tests in 45s",
          "Compiling components/handler.rs...",
          "NODE_ENV=test",
          "yarn add: Done in 12.43s",
          "TLS handshake completed",
          "HEAD is now at b8d6402",
          "[12:52:13] DEBUG: Loading configuration",
          "npm install: resolved 1249 packages",
          "Snapshots: 47 passed, 20 total",
          "Tests: 188 passed, 278 total",
          "Fetching from https://amazonaws.com/package.json",
          "Coverage: 91% statements, 81% branches",
          "Compiling utils/handler.rs...",
          "Processing...",
          "Success!",
          "WARNING: webpack has known vulnerabilities",
          "[12:52:13] DEBUG: Initializing service",
          "\u26a0 DEPRECATION: Feature will be removed in v5.0",
          "\u2717 build failed with exit code 16",
          "[12:52:13] INFO: Processing request",
          "Minifying vendor.js",
          "Compiling src/index.js...",
          "Loading...",
          "Switched to branch 'hotfix/task-390'",
          "Step 16/21: Deploying",
          "[12:52:13] INFO: Cache refreshed",
          "Using Python 3.10",
          "Processing...",
          "Connection established",
          "Artifact uploaded: dist.zip (55MB)",
          "\u2717 build failed with exit code 100",
          "  PASS: test_auth_login (151ms)",
          "pip: Downloading prettier-4.18.tar.gz",
          "\u2713 package completed",
          "npm notice: created a lockfile",
          "Compiling utils/service.java...",
          "WARNING: axios has known vulnerabilities",
          "Image pulled successfully",
          "npm install: resolved 830 packages",
          "npm notice: package.json updated",
          "Cache hit for key-3280",
          "Artifact uploaded: dist.zip (42MB)",
          "Fetching from https://pypi.org/package.json",
          "Compiling lib/app.ts...",
          "NODE_ENV=production",
          "\u2713 All checks passed",
          "Bundling main.css",
          "Installing jest@4.16.7",
          "Step 2/16: Building",
          "HEAD is now at 3cb9ec6",
          "Step 15/25: Deploying",
          "Already up to date.",
          "Transforming 674 files...",
          "\u2713 All checks passed",
          "WARNING: webpack has known vulnerabilities",
          "Step 14/25: Deploying",
          "npm install: added 467 packages",
          "Environment: test",
          "npm notice: package.json updated",
          "Building Docker image...",
          "Already up to date.",
          "[12:52:13] WARN: Deprecated API usage",
          "Cache invalidated: build",
          "Cache restored successfully (110MB)",
          "Compiling utils/index.js...",
          "Bundling runtime.js",
          "Step 13/24: Running migrations",
          "[12:52:13] WARN: Deprecated API usage",
          "[12:52:13] ERROR: Connection failed",
          "Cache miss for key-2520",
          "Ran 66 tests in 1s",
          "Artifact uploaded: dist.zip (86MB)",
          "Waiting...",
          "Cache restored successfully (314MB)",
          "npm notice: package.json updated",
          "Artifact uploaded: dist.zip (30MB)",
          "[12:52:13] DEBUG: Loading configuration",
          "Compiling lib/index.js...",
          "Step 20/25: Linting",
          "Creating production build...",
          "Exception: ValueError",
          "Tests: 194 passed, 273 total",
          "Snapshots: 39 passed, 48 total",
          "\u26a0 DEPRECATION: Feature will be removed in v3.0",
          "Optimizing 16 modules...",
          "Using Node.js 20.9.2",
          "[12:52:13] INFO: Connecting to database",
          "Cache hit for key-5674",
          "Building Docker image...",
          "Coverage: 79% statements, 99% branches",
          "[12:52:13] ERROR: Connection failed",
          "Done.",
          "=== Step install_dependencies completed ==="
        ]
      },
      {
        "name": "deploy_production",
        "status": "success",
        "started_at": "2025-12-03T12:53:34.142820",
        "finished_at": "2025-12-03T12:53:38.378075",
        "log_lines": [
          "=== Step: deploy_production ===",
          "npm install: added 50 packages",
          "\u26a0 DEPRECATION: Feature will be removed in v3.0",
          "Already up to date.",
          "npm notice: package.json updated",
          "Checking out develop branch",
          "Artifact uploaded: dist.zip (66MB)",
          "Coverage: 81% statements, 61% branches",
          "Installing express@4.12.2",
          "Step 10/21: Testing",
          "Cache invalidated: node_modules",
          "Ready.",
          "FAILED: test_auth_login",
          "\u2717 build failed with exit code 45",
          "Installing express@2.1.7",
          "WARNING: jest has known vulnerabilities",
          "[12:52:13] INFO: Connecting to database",
          "[12:52:13] INFO: Request completed",
          "Creating production build...",
          "Transforming 851 files...",
          "\u2713 build completed",
          "Snapshots: 47 passed, 1 total",
          "Verifying...",
          "Artifact uploaded: dist.zip (12MB)",
          "Cache saved successfully",
          "Test Suites: 13 passed, 11 total",
          "Processing...",
          "Platform: linux-x64",
          "[12:52:13] ERROR: Connection failed",
          "Step 10/21: Testing",
          "Cache invalidated: dependencies",
          "Pushing to registry...",
          "WARNING: react has known vulnerabilities",
          "Verifying...",
          "Step 4/15: Linting",
          "pip: Installing build dependencies...",
          "Test Suites: 34 passed, 39 total",
          "HEAD is now at 9e799a3",
          "OK",
          "yarn add: Done in 23.25s",
          "Compiling src/utils.go...",
          "[12:52:13] INFO: Starting build process",
          "Pulling image: python:18",
          "Using Node.js 18.18.0",
          "Artifact downloaded: 30MB",
          "Success!",
          "npm install: resolved 1295 packages",
          "Step 12/20: Linting",
          "npm install: added 480 packages",
          "\u2717 build failed with exit code 110",
          "\u26a0 DEPRECATION: Feature will be removed in v3.0",
          "Platform: linux-x64",
          "Checking out main branch",
          "Time: 113.202s",
          "[12:52:13] DEBUG: Loading configuration",
          "WARNING: lodash has known vulnerabilities",
          "Compiling utils/index.js...",
          "Artifact uploaded: build.tar.gz (15MB)",
          "[12:52:13] DEBUG: Query executed in 83ms",
          "[12:52:13] INFO: Request completed",
          "Completed.",
          "Step 14/24: Linting",
          "Cache miss for key-1166",
          "Transforming 904 files...",
          "Fetching submodules...",
          "\u2713 Task completed in 527ms",
          "Compiling src/index.js...",
          "\u26a0 DEPRECATION: Feature will be removed in v3.0",
          "Using Python 3.9",
          "OK",
          "Coverage: 96% statements, 65% branches",
          "Pulling image: python:18",
          "[12:52:13] INFO: Connecting to database",
          "Transforming 501 files...",
          "Cache invalidated: dependencies",
          "Step 8/19: Installing dependencies",
          "Compiling components/service.java...",
          "[12:52:13] DEBUG: Memory usage: 1620MB",
          "npm notice: created a lockfile",
          "Compiling components/utils.go...",
          "\u26a0 DEPRECATION: Feature will be removed in v3.0",
          "Checking out main branch",
          "Cache restored successfully (53MB)",
          "Step 10/22: Installing dependencies",
          "[12:52:13] INFO: Connecting to database",
          "Artifact uploaded: dist.zip (15MB)",
          "Success!",
          "Time: 77.536s",
          "Step 11/15: Testing",
          "Loading...",
          "Image pulled successfully",
          "Image pulled successfully",
          "Transforming 897 files...",
          "Transforming 287 files...",
          "Artifact uploaded: build.tar.gz (6MB)",
          "Tests: 405 passed, 55 total",
          "Using Node.js 17.0.6",
          "Compiling src/handler.rs...",
          "Using Node.js 18.15.0",
          "[12:52:13] DEBUG: Connection pool: 7 active",
          "FAILED: test_auth_login",
          "Already up to date.",
          "yarn add: Done in 10.97s",
          "HEAD is now at 552e212",
          "Step 6/22: Running migrations",
          "  PASS: test_cache_hit (298ms)",
          "Uploading artifact 'dist' (20 files)",
          "[12:52:13] INFO: Connecting to database",
          "Installing eslint@1.11.7",
          "\u26a0 DEPRECATION: Feature will be removed in v3.0",
          "Ready.",
          "npm install: resolved 1768 packages",
          "\u26a0 DEPRECATION: Feature will be removed in v2.0",
          "Waiting...",
          "[12:52:13] WARN: Deprecated API usage",
          "npm notice: created a lockfile",
          "[12:52:13] DEBUG: Loading configuration",
          "=== Step deploy_production completed ==="
        ]
      },
      {
        "name": "deploy_staging",
        "status": "success",
        "started_at": "2025-12-03T12:53:38.378075",
        "finished_at": "2025-12-03T12:53:48.966214",
        "log_lines": [
          "=== Step: deploy_staging ===",
          "Artifact uploaded: dist.zip (80MB)",
          "[12:52:13] ERROR: Connection failed",
          "Installing express@4.12.0",
          "Cache saved successfully",
          "Image pulled successfully",
          "Exception: NullPointerException",
          "WARNING: express has known vulnerabilities",
          "[12:52:13] DEBUG: Connection pool: 7 active",
          "Verifying...",
          "Done.",
          "Cache saved successfully",
          "Ready.",
          "\u2713 All checks passed",
          "Step 14/21: Installing dependencies",
          "Ready.",
          "Checking out master branch",
          "pip: Installing build dependencies...",
          "pip: Downloading lodash-2.0.tar.gz",
          "Ready.",
          "Ran 161 tests in 47s",
          "Cache saved successfully",
          "Step 3/18: Building",
          "Compiling src/app.ts...",
          "pip: Collecting react",
          "Pulling image: alpine:3.11",
          "  PASS: test_cache_hit (168ms)",
          "TLS handshake completed",
          "Test Suites: 10 passed, 36 total",
          "yarn add: Done in 17.0s",
          "Ready.",
          "Loading...",
          "Step 12/18: Installing dependencies",
          "Building Docker image...",
          "Creating production build...",
          "Optimizing 68 modules...",
          "Using Python 3.12",
          "Transforming 908 files...",
          "\u2713 All checks passed",
          "Generating source maps...",
          "Uploading artifact 'coverage' (34 files)",
          "pip: Collecting eslint",
          "npm notice: package.json updated",
          "Generating source maps...",
          "Processing...",
          "Time: 71.770s",
          "Waiting...",
          "[12:52:13] WARN: Deprecated API usage",
          "HEAD is now at bb25033",
          "\u2713 Step 'build' succeeded",
          "[12:52:13] INFO: Connecting to database",
          "pip: Downloading axios-2.13.tar.gz",
          "Finished.",
          "Environment: test",
          "Installing webpack@4.10.7",
          "  PASS: e2e/test_user_create.spec.js",
          "Artifact downloaded: 18MB",
          "Generating source maps...",
          "GET /api - 200 (9ms)",
          "Success!",
          "Artifact uploaded: dist.zip (49MB)",
          "Installing axios@1.4.1",
          "[12:52:13] WARN: Deprecated API usage",
          "Completed.",
          "Already up to date.",
          "Completed.",
          "Pushing to registry...",
          "npm notice: created a lockfile",
          "[12:52:13] WARN: Deprecated API usage",
          "WARNING: webpack has known vulnerabilities",
          "Ran 144 tests in 57s",
          "pip: Installing build dependencies...",
          "Coverage: 88% statements, 60% branches",
          "Connection established",
          "Minifying app.js",
          "[12:52:13] INFO: Cache refreshed",
          "Verifying...",
          "FAILED: test_user_create",
          "Coverage: 93% statements, 90% branches",
          "GET /api - 201 (53ms)",
          "[12:52:13] DEBUG: Loading configuration",
          "\u2713 Step 'build' succeeded",
          "Environment: production",
          "yarn add: Done in 10.44s",
          "[12:52:13] WARN: Deprecated API usage",
          "Cache miss for key-6685",
          "Fetching submodules...",
          "Compiling src/service.java...",
          "Step 18/18: Testing",
          "Uploading artifact 'coverage' (1 files)",
          "WARNING: lodash has known vulnerabilities",
          "Artifact downloaded: 38MB",
          "\u2713 All checks passed",
          "Test Suites: 12 passed, 28 total",
          "Pushing to registry...",
          "[12:52:13] ERROR: Connection failed",
          "Waiting...",
          "GET /status - 200 (2ms)",
          "Checking out main branch",
          "WARNING: webpack has known vulnerabilities",
          "Verifying...",
          "Step 1/22: Testing",
          "Image pulled successfully",
          "Artifact downloaded: 32MB",
          "npm notice: created a lockfile",
          "Uploading artifact 'dist' (43 files)",
          "Compiling src/app.ts...",
          "Cache saved successfully",
          "Waiting...",
          "Transforming 326 files...",
          "npm install: added 78 packages",
          "Waiting...",
          "[12:52:13] ERROR: Connection failed",
          "Layer 10/13: COPY command",
          "\u2713 build completed",
          "TLS handshake completed",
          "Ready.",
          "=== Step deploy_staging completed ==="
        ]
      },
      {
        "name": "unit_tests",
        "status": "success",
        "started_at": "2025-12-03T12:53:48.966214",
        "finished_at": "2025-12-03T12:54:20.730630",
        "log_lines": [
          "=== Step: unit_tests ===",
          "[12:52:13] INFO: Connecting to database",
          "Connection established",
          "npm install: added 187 packages",
          "Minifying main.js",
          "[12:52:13] DEBUG: Connection pool: 17 active",
          "GET /status - 201 (28ms)",
          "Success!",
          "Platform: linux-x64",
          "Uploading artifact 'build' (33 files)",
          "Creating production build...",
          "Optimizing 84 modules...",
          "Tests: 398 passed, 209 total",
          "Artifact downloaded: 49MB",
          "Ran 129 tests in 35s",
          "Cache restored successfully (420MB)",
          "Artifact downloaded: 26MB",
          "Building Docker image...",
          "Bundling styles.css",
          "Bundling styles.css",
          "Bundling runtime.js",
          "npm notice: created a lockfile",
          "Time: 30.952s",
          "Bundling vendor.js",
          "Compiling src/main.py...",
          "Tests: 392 passed, 212 total",
          "Cache restored successfully (203MB)",
          "\u26a0 DEPRECATION: Feature will be removed in v4.0",
          "  PASS: unit/test_cache_hit.spec.js",
          "WARNING: express has known vulnerabilities",
          "WARNING: eslint has known vulnerabilities",
          "pip: Collecting jest",
          "\u2713 package completed",
          "Fetching submodules...",
          "Snapshots: 26 passed, 17 total",
          "[12:52:13] INFO: Connecting to database",
          "Bundling runtime.js",
          "\u2717 build failed with exit code 47",
          "Compiling src/app.ts...",
          "Processing...",
          "Ran 88 tests in 26s",
          "pip: Downloading prettier-3.3.tar.gz",
          "Done.",
          "[12:52:13] DEBUG: Memory usage: 244MB",
          "  PASS: unit/test_user_create.spec.js",
          "Artifact uploaded: dist.zip (98MB)",
          "  PASS: test_auth_login (111ms)",
          "Layer 3/8: RUN command",
          "Cache hit for key-1907",
          "Cache invalidated: build",
          "\u2713 test completed",
          "Pushing to registry...",
          "Step 10/22: Testing",
          "pip: Collecting axios",
          "Uploading artifact 'build' (23 files)",
          "Time: 44.673s",
          "Compiling components/utils.go...",
          "Ran 88 tests in 31s",
          "Finished.",
          "POST /api - 201 (447ms)",
          "\u26a0 DEPRECATION: Feature will be removed in v2.0",
          "Uploading artifact 'dist' (33 files)",
          "[12:52:13] INFO: Request completed",
          "WARNING: eslint has known vulnerabilities",
          "Switched to branch 'hotfix/task-594'",
          "Installing prettier@1.7.3",
          "Time: 119.802s",
          "NODE_ENV=production",
          "Step 14/21: Building",
          "[12:52:13] WARN: Deprecated API usage",
          "yarn add: Done in 9.78s",
          "\u2713 test completed",
          "[12:52:13] DEBUG: Initializing service",
          "Minifying app.js",
          "Success!",
          "yarn add: Done in 22.74s",
          "[12:52:13] DEBUG: Query executed in 100ms",
          "Artifact uploaded: dist.zip (45MB)",
          "[12:52:13] INFO: Connecting to database",
          "  PASS: test_auth_login (184ms)",
          "Creating production build...",
          "[12:52:13] INFO: Connecting to database",
          "pip: Collecting express",
          "\u2717 build failed with exit code 101",
          "Building Docker image...",
          "Exception: NullPointerException",
          "POST /data - 202 (206ms)",
          "GET /api - 201 (87ms)",
          "Ready.",
          "  PASS: e2e/test_api_health.spec.js",
          "Switched to branch 'feature/task-393'",
          "Using Python 3.9",
          "\u2713 lint completed",
          "[12:52:13] INFO: Processing request",
          "Success!",
          "Waiting...",
          "Step 19/17: Testing",
          "\u2713 package completed",
          "Optimizing 56 modules...",
          "Pulling image: alpine:3.11",
          "WARNING: axios has known vulnerabilities",
          "Step 6/21: Running migrations",
          "Switched to branch 'bugfix/task-184'",
          "Building Docker image...",
          "[12:52:13] WARN: Deprecated API usage",
          "Snapshots: 0 passed, 17 total",
          "Bundling main.css",
          "Step 15/18: Building",
          "TLS handshake completed",
          "  PASS: e2e/test_cache_hit.spec.js",
          "Ran 107 tests in 48s",
          "Pushing to registry...",
          "Step 15/22: Installing dependencies",
          "Snapshots: 13 passed, 33 total",
          "Building Docker image...",
          "[12:52:13] WARN: Deprecated API usage",
          "\u26a0 DEPRECATION: Feature will be removed in v4.0",
          "=== Step unit_tests completed ==="
        ]
      },
      {
        "name": "e2e_tests",
        "status": "success",
        "started_at": "2025-12-03T12:54:20.730630",
        "finished_at": "2025-12-03T12:54:31.318769",
        "log_lines": [
          "=== Step: e2e_tests ===",
          "\u26a0 DEPRECATION: Feature will be removed in v2.0",
          "NODE_ENV=test",
          "Tests: 203 passed, 445 total",
          "[12:52:13] INFO: Starting build process",
          "Step 18/21: Building",
          "Artifact downloaded: 12MB",
          "[12:52:13] INFO: Cache refreshed",
          "pip install: Successfully installed eslint-3.1",
          "Done.",
          "[12:52:13] DEBUG: Loading configuration",
          "Already up to date.",
          "  PASS: integration/test_db_connect.spec.js",
          "Building Docker image...",
          "Pushing to registry...",
          "  PASS: test_api_health (66ms)",
          "Step 7/17: Building",
          "GET /api - 200 (25ms)",
          "Loading...",
          "Step 8/20: Linting",
          "\u2717 build failed with exit code 52",
          "[12:52:13] INFO: Starting build process",
          "Transforming 630 files...",
          "Environment: production",
          "[12:52:13] INFO: Connecting to database",
          "[12:52:13] INFO: Cache refreshed",
          "Fetching submodules...",
          "Creating production build...",
          "Generating source maps...",
          "Artifact downloaded: 31MB",
          "Fetching from https://npmjs.org/package.json",
          "Snapshots: 27 passed, 42 total",
          "[12:52:13] DEBUG: Memory usage: 1848MB",
          "Layer 4/14: RUN command",
          "Cache saved successfully",
          "Environment: production",
          "Compiling lib/handler.rs...",
          "Checking out master branch",
          "Transforming 181 files...",
          "Step 15/23: Building",
          "POST /data - 202 (13ms)",
          "Finished.",
          "Platform: win32-x64",
          "Connection established",
          "Completed.",
          "Artifact downloaded: 41MB",
          "npm install: added 18 packages",
          "Loading...",
          "npm install: resolved 1137 packages",
          "Test Suites: 49 passed, 44 total",
          "[12:52:13] DEBUG: Query executed in 38ms",
          "Waiting...",
          "Switched to branch 'hotfix/task-621'",
          "npm install: added 294 packages",
          "  PASS: integration/test_user_create.spec.js",
          "Creating production build...",
          "Test Suites: 21 passed, 41 total",
          "NODE_ENV=development",
          "Minifying vendor.js",
          "[12:52:13] INFO: Connecting to database",
          "[12:52:13] DEBUG: Initializing service",
          "Ready.",
          "Optimizing 44 modules...",
          "npm notice: package.json updated",
          "Waiting...",
          "Already up to date.",
          "Done.",
          "yarn add: Done in 28.36s",
          "Environment: test",
          "Tests: 422 passed, 467 total",
          "[12:52:13] DEBUG: Connection pool: 13 active",
          "Compiling lib/index.js...",
          "Environment: test",
          "Step 9/15: Linting",
          "Layer 7/11: ENV command",
          "Done.",
          "[12:52:13] INFO: Processing request",
          "Loading...",
          "Done.",
          "Cache miss for key-9788",
          "Test Suites: 49 passed, 26 total",
          "Bundling runtime.js",
          "Verifying...",
          "WARNING: axios has known vulnerabilities",
          "Already up to date.",
          "Artifact uploaded: build.tar.gz (38MB)",
          "Ready.",
          "Step 9/16: Installing dependencies",
          "Step 4/15: Building",
          "Cache hit for key-5613",
          "Step 8/24: Linting",
          "Artifact uploaded: build.tar.gz (9MB)",
          "Image pulled successfully",
          "pip: Collecting prettier",
          "Artifact downloaded: 41MB",
          "Fetching submodules...",
          "Using Node.js 18.3.4",
          "Snapshots: 18 passed, 18 total",
          "[12:52:13] DEBUG: Connection pool: 11 active",
          "npm install: added 149 packages",
          "  PASS: unit/test_db_connect.spec.js",
          "Creating production build...",
          "Transforming 322 files...",
          "Success!",
          "NODE_ENV=test",
          "Step 17/22: Building",
          "Compiling src/main.py...",
          "[12:52:13] WARN: Deprecated API usage",
          "Step 3/18: Installing dependencies",
          "Step 15/21: Testing",
          "Creating production build...",
          "Uploading artifact 'build' (25 files)",
          "\u2713 test completed",
          "Tests: 295 passed, 426 total",
          "Success!",
          "  PASS: test_api_health (108ms)",
          "Cache restored successfully (164MB)",
          "=== Step e2e_tests completed ==="
        ]
      },
      {
        "name": "save_cache",
        "status": "success",
        "started_at": "2025-12-03T12:54:31.318769",
        "finished_at": "2025-12-03T12:54:37.671652",
        "log_lines": [
          "=== Step: save_cache ===",
          "Creating production build...",
          "Ready.",
          "  PASS: e2e/test_auth_login.spec.js",
          "Artifact uploaded: build.tar.gz (41MB)",
          "Pulling image: python:3.11",
          "Waiting...",
          "WARNING: express has known vulnerabilities",
          "NODE_ENV=test",
          "[12:52:13] INFO: Connecting to database",
          "Compiling components/handler.rs...",
          "pip: Collecting lodash",
          "Cache miss for key-6356",
          "Step 19/23: Deploying",
          "\u26a0 DEPRECATION: Feature will be removed in v5.0",
          "Using Node.js 18.11.0",
          "[12:52:13] INFO: Processing request",
          "npm install: added 168 packages",
          "pip install: Successfully installed react-1.5",
          "Transforming 620 files...",
          "Using Python 3.12",
          "NODE_ENV=development",
          "HEAD is now at 14eaae6",
          "Loading...",
          "Building Docker image...",
          "Ran 160 tests in 56s",
          "\u2713 Step 'setup' succeeded",
          "Layer 8/9: ENV command",
          "pip: Downloading lodash-1.12.tar.gz",
          "Finished.",
          "Step 6/17: Running migrations",
          "Generating source maps...",
          "[12:52:13] INFO: Starting build process",
          "[12:52:13] INFO: Request completed",
          "Time: 23.311s",
          "Fetching submodules...",
          "Exception: TypeError",
          "Cache invalidated: dependencies",
          "npm install: resolved 998 packages",
          "\u26a0 DEPRECATION: Feature will be removed in v2.0",
          "Fetching submodules...",
          "Using Node.js 14.19.3",
          "Artifact downloaded: 31MB",
          "[12:52:13] INFO: Processing request",
          "Time: 39.611s",
          "Snapshots: 32 passed, 50 total",
          "Using Python 3.11",
          "[12:52:13] WARN: Deprecated API usage",
          "NODE_ENV=production",
          "Test Suites: 9 passed, 23 total",
          "yarn add: Done in 19.90s",
          "Time: 5.187s",
          "[12:52:13] INFO: Processing request",
          "Connection established",
          "Cache miss for key-2369",
          "Ready.",
          "Environment: development",
          "\u2713 Task completed in 3406ms",
          "[12:52:13] INFO: Connecting to database",
          "Pushing to registry...",
          "Coverage: 71% statements, 92% branches",
          "Environment: production",
          "yarn add: Done in 4.44s",
          "TLS handshake completed",
          "Connection established",
          "Coverage: 96% statements, 83% branches",
          "WARNING: react has known vulnerabilities",
          "\u26a0 DEPRECATION: Feature will be removed in v5.0",
          "[12:52:13] INFO: Request completed",
          "Step 3/19: Building",
          "[12:52:13] WARN: Deprecated API usage",
          "Cache invalidated: build",
          "Loading...",
          "Compiling lib/main.py...",
          "Environment: production",
          "[12:52:13] DEBUG: Memory usage: 1640MB",
          "npm install: added 477 packages",
          "POST /api - 200 (253ms)",
          "NODE_ENV=production",
          "Step 11/15: Deploying",
          "Environment: staging",
          "Checking out develop branch",
          "Exception: TypeError",
          "Environment: test",
          "Finished.",
          "HEAD is now at 31b9a16",
          "Compiling src/index.js...",
          "pip: Installing build dependencies...",
          "Success!",
          "TLS handshake completed",
          "Artifact uploaded: dist.zip (88MB)",
          "Ready.",
          "Waiting...",
          "Building Docker image...",
          "pip: Collecting jest",
          "Uploading artifact 'dist' (26 files)",
          "npm notice: package.json updated",
          "OK",
          "Time: 21.496s",
          "Cache miss for key-5660",
          "Completed.",
          "Cache saved successfully",
          "pip: Downloading react-4.5.tar.gz",
          "Loading...",
          "Compiling src/app.ts...",
          "[12:52:13] INFO: Request completed",
          "WARNING: axios has known vulnerabilities",
          "Checking out master branch",
          "NODE_ENV=production",
          "Layer 7/15: ENV command",
          "Fetching from https://gcr.io/package.json",
          "Using Python 3.12",
          "Step 17/18: Installing dependencies",
          "Step 16/17: Deploying",
          "Pushing to registry...",
          "Cache miss for key-5888",
          "[12:52:13] WARN: Deprecated API usage",
          "=== Step save_cache completed ==="
        ]
      },
      {
        "name": "type_check",
        "status": "success",
        "started_at": "2025-12-03T12:54:37.671652",
        "finished_at": "2025-12-03T12:54:48.259791",
        "log_lines": [
          "=== Step: type_check ===",
          "Layer 3/14: COPY command",
          "[12:52:13] WARN: Deprecated API usage",
          "POST /upload - 200 (115ms)",
          "Exception: RuntimeError",
          "yarn add: Done in 8.48s",
          "Switched to branch 'feature/task-607'",
          "[12:52:13] WARN: Deprecated API usage",
          "\u2713 lint completed",
          "Artifact downloaded: 44MB",
          "WARNING: axios has known vulnerabilities",
          "npm install: resolved 1397 packages",
          "yarn add: Done in 27.2s",
          "Step 10/25: Installing dependencies",
          "[12:52:13] DEBUG: Connection pool: 4 active",
          "Using Node.js 20.11.6",
          "Step 18/19: Linting",
          "Completed.",
          "\u26a0 DEPRECATION: Feature will be removed in v2.0",
          "Artifact downloaded: 1MB",
          "Success!",
          "Tests: 404 passed, 200 total",
          "Success!",
          "Verifying...",
          "OK",
          "Compiling components/app.ts...",
          "Loading...",
          "GET /api - 204 (48ms)",
          "Optimizing 84 modules...",
          "Ran 114 tests in 51s",
          "Image pulled successfully",
          "Cache saved successfully",
          "[12:52:13] DEBUG: Loading configuration",
          "Coverage: 85% statements, 79% branches",
          "pip: Downloading react-4.10.tar.gz",
          "[12:52:13] INFO: Cache refreshed",
          "yarn add: Done in 15.3s",
          "Fetching from https://pypi.org/package.json",
          "WARNING: prettier has known vulnerabilities",
          "Creating production build...",
          "Step 19/23: Installing dependencies",
          "Success!",
          "HEAD is now at de57c45",
          "Building Docker image...",
          "Waiting...",
          "Step 7/25: Testing",
          "Transforming 404 files...",
          "[12:52:13] INFO: Starting build process",
          "Generating source maps...",
          "Step 15/22: Building",
          "TLS handshake completed",
          "Checking out develop branch",
          "Connection established",
          "pip install: Successfully installed jest-4.2",
          "HEAD is now at 707cef3",
          "Creating production build...",
          "Success!",
          "Minifying main.js",
          "Compiling utils/index.js...",
          "[12:52:13] INFO: Starting build process",
          "Layer 8/15: COPY command",
          "\u2713 Task completed in 3197ms",
          "[12:52:13] DEBUG: Loading configuration",
          "WARNING: eslint has known vulnerabilities",
          "Step 2/16: Deploying",
          "\u2717 build failed with exit code 42",
          "Done.",
          "pip: Collecting react",
          "Ran 54 tests in 59s",
          "Platform: linux-x64",
          "Verifying...",
          "FAILED: test_cache_hit",
          "Minifying main.js",
          "NODE_ENV=development",
          "Done.",
          "pip: Installing build dependencies...",
          "Cache saved successfully",
          "Verifying...",
          "Step 13/23: Testing",
          "[12:52:13] DEBUG: Query executed in 38ms",
          "Finished.",
          "  PASS: test_user_create (495ms)",
          "HEAD is now at 5bdb97e",
          "Compiling utils/service.java...",
          "Ran 105 tests in 54s",
          "Artifact uploaded: build.tar.gz (13MB)",
          "\u26a0 DEPRECATION: Feature will be removed in v3.0",
          "npm install: added 195 packages",
          "Cache invalidated: node_modules",
          "Layer 1/13: RUN command",
          "Environment: development",
          "[12:52:13] DEBUG: Loading configuration",
          "Step 9/23: Deploying",
          "Optimizing 96 modules...",
          "Bundling runtime.js",
          "[12:52:13] DEBUG: Memory usage: 1625MB",
          "POST /api - 202 (305ms)",
          "Ran 122 tests in 31s",
          "Checking out main branch",
          "Switched to branch 'feature/task-364'",
          "TLS handshake completed",
          "Time: 71.615s",
          "[12:52:13] DEBUG: Connection pool: 2 active",
          "Cache restored successfully (289MB)",
          "Coverage: 84% statements, 64% branches",
          "Using Python 3.9",
          "[12:52:13] DEBUG: Memory usage: 1681MB",
          "\u26a0 DEPRECATION: Feature will be removed in v4.0",
          "pip install: Successfully installed lodash-5.9",
          "pip: Collecting eslint",
          "pip: Collecting eslint",
          "Already up to date.",
          "WARNING: lodash has known vulnerabilities",
          "Compiling components/main.py...",
          "Bundling vendor.js",
          "Already up to date.",
          "HEAD is now at 17fdca7",
          "=== Step type_check completed ==="
        ]
      },
      {
        "name": "checkout",
        "status": "success",
        "started_at": "2025-12-03T12:54:48.259791",
        "finished_at": "2025-12-03T12:54:52.495046",
        "log_lines": [
          "=== Step: checkout ===",
          "TLS handshake completed",
          "NODE_ENV=development",
          "Compiling lib/utils.go...",
          "WARNING: react has known vulnerabilities",
          "Ran 88 tests in 2s",
          "Verifying...",
          "Snapshots: 31 passed, 50 total",
          "[12:52:13] DEBUG: Memory usage: 1585MB",
          "pip install: Successfully installed axios-4.18",
          "pip install: Successfully installed express-4.10",
          "pip: Installing build dependencies...",
          "\u2713 Task completed in 3368ms",
          "Switched to branch 'hotfix/task-503'",
          "Already up to date.",
          "[12:52:13] DEBUG: Query executed in 21ms",
          "Already up to date.",
          "NODE_ENV=test",
          "Test Suites: 32 passed, 16 total",
          "[12:52:13] ERROR: Connection failed",
          "Pulling image: python:18",
          "Step 3/21: Testing",
          "Ready.",
          "Minifying app.js",
          "pip: Installing build dependencies...",
          "Cache saved successfully",
          "Coverage: 91% statements, 86% branches",
          "npm notice: created a lockfile",
          "Connection established",
          "Layer 1/10: COPY command",
          "pip: Downloading react-3.17.tar.gz",
          "Test Suites: 11 passed, 37 total",
          "WARNING: jest has known vulnerabilities",
          "npm install: resolved 436 packages",
          "pip: Downloading eslint-3.17.tar.gz",
          "Tests: 322 passed, 460 total",
          "Loading...",
          "HEAD is now at 710f84e",
          "Image pulled successfully",
          "[12:52:13] DEBUG: Initializing service",
          "Checking out main branch",
          "[12:52:13] ERROR: Connection failed",
          "Artifact uploaded: build.tar.gz (38MB)",
          "Platform: linux-x64",
          "WARNING: express has known vulnerabilities",
          "OK",
          "Compiling utils/index.js...",
          "Pushing to registry...",
          "Step 5/16: Deploying",
          "[12:52:13] WARN: Deprecated API usage",
          "Connection established",
          "\u2717 build failed with exit code 28",
          "[12:52:13] WARN: Deprecated API usage",
          "Artifact uploaded: build.tar.gz (23MB)",
          "[12:52:13] DEBUG: Query executed in 40ms",
          "Done.",
          "npm install: added 23 packages",
          "[12:52:13] DEBUG: Memory usage: 1289MB",
          "Verifying...",
          "Test Suites: 31 passed, 33 total",
          "pip: Downloading react-1.15.tar.gz",
          "Step 12/22: Installing dependencies",
          "[12:52:13] WARN: Deprecated API usage",
          "\u2713 Step 'checkout' succeeded",
          "npm notice: package.json updated",
          "GET /api - 204 (42ms)",
          "Uploading artifact 'build' (35 files)",
          "Checking out develop branch",
          "Pulling image: python:3.11",
          "Coverage: 73% statements, 90% branches",
          "Step 8/18: Running migrations",
          "Compiling src/utils.go...",
          "Step 1/19: Testing",
          "Compiling components/utils.go...",
          "Pulling image: node:latest",
          "[12:52:13] DEBUG: Initializing service",
          "Loading...",
          "Waiting...",
          "Bundling main.css",
          "[12:52:13] DEBUG: Connection pool: 7 active",
          "Ran 94 tests in 25s",
          "Completed.",
          "pip install: Successfully installed prettier-1.15",
          "WARNING: express has known vulnerabilities",
          "POST /data - 200 (251ms)",
          "[12:52:13] DEBUG: Query executed in 36ms",
          "[12:52:13] INFO: Connecting to database",
          "Layer 6/10: ENV command",
          "[12:52:13] INFO: Processing request",
          "Bundling runtime.css",
          "Switched to branch 'feature/task-861'",
          "Using Python 3.11",
          "Fetching from https://amazonaws.com/package.json",
          "Fetching from https://npmjs.org/package.json",
          "Compiling utils/service.java...",
          "  PASS: test_user_create (23ms)",
          "[12:52:13] DEBUG: Initializing service",
          "FAILED: test_db_connect",
          "Installing express@1.11.1",
          "[12:52:13] INFO: Cache refreshed",
          "Step 11/24: Deploying",
          "Time: 59.405s",
          "Layer 9/10: COPY command",
          "\u2713 All checks passed",
          "Cache invalidated: build",
          "\u26a0 DEPRECATION: Feature will be removed in v3.0",
          "[12:52:13] DEBUG: Query executed in 100ms",
          "Already up to date.",
          "\u2713 Step 'test' succeeded",
          "Image pulled successfully",
          "NODE_ENV=development",
          "Step 8/18: Testing",
          "Cache hit for key-9325",
          "Already up to date.",
          "WARNING: webpack has known vulnerabilities",
          "POST /api - 202 (106ms)",
          "Artifact uploaded: dist.zip (68MB)",
          "=== Step checkout completed ==="
        ]
      },
      {
        "name": "lint",
        "status": "success",
        "started_at": "2025-12-03T12:54:52.495046",
        "finished_at": "2025-12-03T12:55:03.083185",
        "log_lines": [
          "=== Step: lint ===",
          "Processing...",
          "Fetching from https://registry.npmjs.org/package.json",
          "npm install: added 394 packages",
          "Coverage: 95% statements, 74% branches",
          "Pushing to registry...",
          "Installing prettier@5.18.6",
          "Completed.",
          "[12:52:13] INFO: Cache refreshed",
          "pip: Collecting axios",
          "[12:52:13] WARN: Deprecated API usage",
          "Done.",
          "Snapshots: 19 passed, 15 total",
          "\u26a0 DEPRECATION: Feature will be removed in v3.0",
          "WARNING: prettier has known vulnerabilities",
          "Cache invalidated: node_modules",
          "npm install: resolved 367 packages",
          "Cache restored successfully (173MB)",
          "pip: Collecting prettier",
          "pip: Installing build dependencies...",
          "Using Python 3.11",
          "POST /upload - 201 (189ms)",
          "Compiling lib/service.java...",
          "npm notice: created a lockfile",
          "Step 8/15: Running migrations",
          "Switched to branch 'feature/task-586'",
          "Building Docker image...",
          "Creating production build...",
          "Image pulled successfully",
          "Switched to branch 'bugfix/task-426'",
          "Ready.",
          "Uploading artifact 'coverage' (25 files)",
          "Creating production build...",
          "Step 15/21: Testing",
          "Compiling components/main.py...",
          "[12:52:13] WARN: Deprecated API usage",
          "Already up to date.",
          "WARNING: eslint has known vulnerabilities",
          "Step 10/25: Running migrations",
          "Completed.",
          "[12:52:13] DEBUG: Connection pool: 13 active",
          "TLS handshake completed",
          "\u26a0 DEPRECATION: Feature will be removed in v3.0",
          "Snapshots: 34 passed, 14 total",
          "Checking out main branch",
          "Step 12/24: Running migrations",
          "\u26a0 DEPRECATION: Feature will be removed in v4.0",
          "Cache saved successfully",
          "Processing...",
          "Compiling components/handler.rs...",
          "Tests: 57 passed, 130 total",
          "NODE_ENV=production",
          "Processing...",
          "Compiling components/service.java...",
          "npm notice: created a lockfile",
          "Transforming 905 files...",
          "[12:52:13] ERROR: Connection failed",
          "Switched to branch 'feature/task-107'",
          "\u2717 build failed with exit code 75",
          "Tests: 212 passed, 147 total",
          "Finished.",
          "Done.",
          "Connection established",
          "Uploading artifact 'dist' (44 files)",
          "Step 14/18: Deploying",
          "\u2713 All checks passed",
          "Coverage: 90% statements, 82% branches",
          "Tests: 115 passed, 397 total",
          "\u2713 deploy completed",
          "npm install: added 419 packages",
          "Cache miss for key-2089",
          "Installing express@1.19.0",
          "Done.",
          "npm install: resolved 1903 packages",
          "[12:52:13] INFO: Request completed",
          "[12:52:13] INFO: Cache refreshed",
          "Platform: darwin-arm64",
          "Platform: linux-x64",
          "npm install: resolved 1824 packages",
          "Success!",
          "\u2713 Task completed in 3930ms",
          "HEAD is now at fdf158a",
          "Using Python 3.11",
          "Test Suites: 21 passed, 27 total",
          "WARNING: lodash has known vulnerabilities",
          "NODE_ENV=test",
          "Loading...",
          "FAILED: test_db_connect",
          "pip install: Successfully installed lodash-1.6",
          "Bundling runtime.js",
          "Minifying app.js",
          "HEAD is now at e49e48d",
          "Completed.",
          "Pulling image: node:3.11",
          "Compiling lib/app.ts...",
          "Optimizing 29 modules...",
          "npm notice: package.json updated",
          "npm notice: package.json updated",
          "Fetching from https://npmjs.org/package.json",
          "Test Suites: 10 passed, 42 total",
          "Finished.",
          "pip: Downloading eslint-4.20.tar.gz",
          "Cache miss for key-5233",
          "Cache saved successfully",
          "[12:52:13] INFO: Connecting to database",
          "  PASS: integration/test_auth_login.spec.js",
          "Coverage: 92% statements, 77% branches",
          "Step 16/21: Building",
          "[12:52:13] ERROR: Connection failed",
          "Exception: RuntimeError",
          "Fetching submodules...",
          "Checking out develop branch",
          "Coverage: 96% statements, 69% branches",
          "[12:52:13] WARN: Deprecated API usage",
          "Bundling main.css",
          "\u26a0 DEPRECATION: Feature will be removed in v5.0",
          "Step 15/16: Building",
          "=== Step lint completed ==="
        ]
      },
      {
        "name": "setup_node",
        "status": "success",
        "started_at": "2025-12-03T12:55:03.083185",
        "finished_at": "2025-12-03T12:55:13.671324",
        "log_lines": [
          "=== Step: setup_node ===",
          "pip: Collecting lodash",
          "[12:52:13] DEBUG: Connection pool: 12 active",
          "Cache hit for key-9963",
          "\u26a0 DEPRECATION: Feature will be removed in v3.0",
          "[12:52:13] INFO: Cache refreshed",
          "GET /status - 204 (43ms)",
          "Cache saved successfully",
          "[12:52:13] DEBUG: Initializing service",
          "Pulling image: python:latest",
          "[12:52:13] DEBUG: Loading configuration",
          "Minifying vendor.js",
          "Switched to branch 'bugfix/task-368'",
          "Compiling utils/main.py...",
          "npm install: resolved 230 packages",
          "pip: Downloading eslint-4.18.tar.gz",
          "[12:52:13] WARN: Deprecated API usage",
          "Generating source maps...",
          "Compiling components/utils.go...",
          "[12:52:13] DEBUG: Query executed in 90ms",
          "WARNING: express has known vulnerabilities",
          "yarn add: Done in 12.23s",
          "Minifying vendor.js",
          "Artifact uploaded: dist.zip (40MB)",
          "[12:52:13] DEBUG: Memory usage: 1841MB",
          "Uploading artifact 'dist' (15 files)",
          "Artifact downloaded: 19MB",
          "[12:52:13] DEBUG: Query executed in 89ms",
          "\u26a0 DEPRECATION: Feature will be removed in v5.0",
          "WARNING: express has known vulnerabilities",
          "[12:52:13] INFO: Connecting to database",
          "  PASS: test_user_create (134ms)",
          "Step 7/20: Installing dependencies",
          "Layer 4/9: RUN command",
          "Time: 50.571s",
          "Optimizing 27 modules...",
          "[12:52:13] INFO: Connecting to database",
          "Compiling utils/service.java...",
          "\u2713 build completed",
          "Generating source maps...",
          "Waiting...",
          "\u2713 Step 'build' succeeded",
          "Tests: 172 passed, 242 total",
          "Layer 5/11: COPY command",
          "Step 20/16: Installing dependencies",
          "WARNING: react has known vulnerabilities",
          "Layer 2/13: ENV command",
          "NODE_ENV=development",
          "Cache restored successfully (143MB)",
          "Transforming 864 files...",
          "[12:52:13] DEBUG: Initializing service",
          "Coverage: 98% statements, 100% branches",
          "[12:52:13] WARN: Deprecated API usage",
          "[12:52:13] DEBUG: Initializing service",
          "Ready.",
          "Platform: darwin-arm64",
          "[12:52:13] DEBUG: Connection pool: 15 active",
          "Coverage: 93% statements, 67% branches",
          "pip install: Successfully installed axios-5.8",
          "\u2713 Step 'checkout' succeeded",
          "Optimizing 71 modules...",
          "FAILED: test_db_connect",
          "TLS handshake completed",
          "GET /api - 200 (8ms)",
          "[12:52:13] INFO: Starting build process",
          "Cache invalidated: dependencies",
          "pip: Collecting webpack",
          "pip: Collecting jest",
          "Uploading artifact 'build' (7 files)",
          "Cache saved successfully",
          "Ran 163 tests in 13s",
          "[12:52:13] WARN: Deprecated API usage",
          "Step 13/15: Linting",
          "Artifact uploaded: build.tar.gz (32MB)",
          "Verifying...",
          "[12:52:13] DEBUG: Query executed in 90ms",
          "Connection established",
          "  PASS: test_auth_login (29ms)",
          "Step 4/21: Deploying",
          "[12:52:13] DEBUG: Connection pool: 20 active",
          "Success!",
          "pip: Downloading react-2.0.tar.gz",
          "[12:52:13] INFO: Request completed",
          "Loading...",
          "Generating source maps...",
          "Platform: darwin-arm64",
          "Compiling lib/handler.rs...",
          "npm install: resolved 828 packages",
          "\u2713 All checks passed",
          "npm install: resolved 1777 packages",
          "Switched to branch 'hotfix/task-651'",
          "Fetching from https://githubusercontent.com/package.json",
          "[12:52:13] INFO: Starting build process",
          "Snapshots: 1 passed, 35 total",
          "Compiling src/main.py...",
          "OK",
          "pip: Downloading jest-2.2.tar.gz",
          "Coverage: 87% statements, 93% branches",
          "\u2713 Step 'checkout' succeeded",
          "Artifact uploaded: dist.zip (28MB)",
          "Success!",
          "Compiling src/app.ts...",
          "Pulling image: node:18",
          "Environment: staging",
          "pip install: Successfully installed axios-4.3",
          "Exception: ValueError",
          "Step 1/25: Deploying",
          "[12:52:13] DEBUG: Connection pool: 2 active",
          "pip: Downloading react-1.14.tar.gz",
          "Ready.",
          "[12:52:13] INFO: Cache refreshed",
          "\u26a0 DEPRECATION: Feature will be removed in v2.0",
          "\u2713 All checks passed",
          "npm install: added 169 packages",
          "Coverage: 70% statements, 89% branches",
          "Connection established",
          "Checking out main branch",
          "=== Step setup_node completed ==="
        ]
      },
      {
        "name": "setup_environment",
        "status": "success",
        "started_at": "2025-12-03T12:55:13.671324",
        "finished_at": "2025-12-03T12:55:24.259463",
        "log_lines": [
          "=== Step: setup_environment ===",
          "[12:52:13] WARN: Deprecated API usage",
          "pip: Downloading jest-2.5.tar.gz",
          "\u26a0 DEPRECATION: Feature will be removed in v4.0",
          "Finished.",
          "Waiting...",
          "Finished.",
          "Cache invalidated: dependencies",
          "Layer 5/13: RUN command",
          "\u26a0 DEPRECATION: Feature will be removed in v2.0",
          "Coverage: 78% statements, 100% branches",
          "[12:52:13] DEBUG: Memory usage: 1646MB",
          "pip: Installing build dependencies...",
          "HEAD is now at 1b17595",
          "Loading...",
          "Waiting...",
          "Step 17/18: Linting",
          "Bundling vendor.js",
          "Success!",
          "Cache saved successfully",
          "Done.",
          "Switched to branch 'feature/task-703'",
          "Artifact uploaded: build.tar.gz (10MB)",
          "Image pulled successfully",
          "Bundling runtime.css",
          "Checking out master branch",
          "Cache miss for key-9804",
          "npm install: added 197 packages",
          "GET /health - 201 (87ms)",
          "npm notice: package.json updated",
          "Fetching from https://gcr.io/package.json",
          "Step 13/15: Deploying",
          "Verifying...",
          "Ready.",
          "GET /api - 204 (50ms)",
          "Fetching submodules...",
          "[12:52:13] INFO: Request completed",
          "Loading...",
          "Loading...",
          "Time: 85.745s",
          "Artifact uploaded: dist.zip (35MB)",
          "\u2713 Step 'setup' succeeded",
          "Minifying main.js",
          "[12:52:13] DEBUG: Connection pool: 14 active",
          "[12:52:13] WARN: Deprecated API usage",
          "[12:52:13] DEBUG: Connection pool: 18 active",
          "\u2713 Task completed in 3660ms",
          "Step 3/16: Running migrations",
          "OK",
          "Step 11/21: Deploying",
          "Layer 5/9: COPY command",
          "Switched to branch 'feature/task-551'",
          "Artifact downloaded: 14MB",
          "Checking out develop branch",
          "Waiting...",
          "Compiling src/service.java...",
          "Fetching submodules...",
          "\u2713 Task completed in 4266ms",
          "[12:52:13] DEBUG: Loading configuration",
          "[12:52:13] INFO: Processing request",
          "Compiling components/service.java...",
          "\u2713 test completed",
          "[12:52:13] INFO: Request completed",
          "Fetching from https://registry.npmjs.org/package.json",
          "Optimizing 25 modules...",
          "Cache saved successfully",
          "Compiling components/app.ts...",
          "\u2713 All checks passed",
          "  PASS: unit/test_db_connect.spec.js",
          "Artifact downloaded: 3MB",
          "Using Python 3.12",
          "Step 20/22: Installing dependencies",
          "Transforming 357 files...",
          "Compiling src/index.js...",
          "WARNING: webpack has known vulnerabilities",
          "npm install: added 444 packages",
          "POST /api - 200 (347ms)",
          "[12:52:13] INFO: Processing request",
          "Creating production build...",
          "npm notice: created a lockfile",
          "Artifact downloaded: 14MB",
          "Generating source maps...",
          "npm install: added 245 packages",
          "Time: 78.54s",
          "pip: Collecting jest",
          "Pushing to registry...",
          "[12:52:13] DEBUG: Memory usage: 1047MB",
          "Done.",
          "Time: 24.270s",
          "Artifact downloaded: 8MB",
          "Uploading artifact 'build' (13 files)",
          "Platform: linux-x64",
          "Exception: ValueError",
          "[12:52:13] INFO: Processing request",
          "Using Python 3.10",
          "pip install: Successfully installed webpack-4.12",
          "Compiling src/handler.rs...",
          "pip: Downloading react-1.14.tar.gz",
          "Step 15/15: Building",
          "  PASS: integration/test_user_create.spec.js",
          "npm notice: package.json updated",
          "npm notice: package.json updated",
          "Bundling main.css",
          "\u2713 Task completed in 1512ms",
          "[12:52:13] WARN: Deprecated API usage",
          "Layer 5/13: RUN command",
          "Artifact uploaded: build.tar.gz (23MB)",
          "[12:52:13] DEBUG: Loading configuration",
          "npm install: resolved 323 packages",
          "[12:52:13] DEBUG: Loading configuration",
          "Generating source maps...",
          "Compiling lib/index.js...",
          "Checking out master branch",
          "Uploading artifact 'coverage' (16 files)",
          "Compiling components/app.ts...",
          "\u26a0 DEPRECATION: Feature will be removed in v4.0",
          "Compiling components/handler.rs...",
          "=== Step setup_environment completed ==="
        ]
      }
    ],
    "label": "normal"
  }
}