{
  "action": "completed",
  "workflow_run": {
    "id": 366,
    "name": "CI Pipeline",
    "head_branch": "develop",
    "head_sha": "943c92ea6eeeec8472af139c2fd4ab4ea6668748",
    "status": "completed",
    "conclusion": "success",
    "run_started_at": "2025-12-03T12:51:10.024924Z",
    "updated_at": "2025-12-03T12:54:21.775639Z"
  },
  "repository": {
    "full_name": "startup-io/auth-service",
    "name": "auth-service"
  },
  "sender": {
    "login": "bob"
  },
  "_safeops_extended": {
    "raw_logs": "=== Step: lint ===\nFAILED: test_user_create\nStep 19/18: Running migrations\nCache restored successfully (195MB)\nUsing Node.js 20.2.4\nTests: 211 passed, 124 total\nAlready up to date.\nFAILED: test_cache_hit\nTransforming 829 files...\nChecking out develop branch\nSnapshots: 47 passed, 35 total\n[12:51:10] DEBUG: Memory usage: 787MB\nPlatform: win32-x64\nWaiting...\n[12:51:10] WARN: Deprecated API usage\n\u26a0 DEPRECATION: Feature will be removed in v5.0\nOptimizing 73 modules...\nnpm install: added 48 packages\nTest Suites: 27 passed, 30 total\nGenerating source maps...\nAlready up to date.\nGET /status - 200 (16ms)\n[12:51:10] WARN: Deprecated API usage\nConnection established\nTLS handshake completed\n\u2713 Step 'checkout' succeeded\nHEAD is now at 4040c36\nArtifact uploaded: build.tar.gz (26MB)\nArtifact downloaded: 6MB\n\u26a0 DEPRECATION: Feature will be removed in v2.0\nLoading...\nStep 4/18: Building\nSnapshots: 5 passed, 3 total\nReady.\nStep 16/20: Testing\nCoverage: 93% statements, 85% branches\nReady.\nSuccess!\n\u2713 All checks passed\nTests: 314 passed, 86 total\n[12:51:10] WARN: Deprecated API usage\n[12:51:10] DEBUG: Query executed in 42ms\nWARNING: eslint has known vulnerabilities\n\u2713 All checks passed\npip: Collecting eslint\n[12:51:10] INFO: Cache refreshed\nReady.\nTest Suites: 43 passed, 30 total\n[12:51:10] DEBUG: Memory usage: 1110MB\n[12:51:10] DEBUG: Query executed in 68ms\n\u2713 All checks passed\nUsing Node.js 20.1.5\n[12:51:10] ERROR: Connection failed\npip: Downloading jest-1.14.tar.gz\nPulling image: alpine:3.11\nFetching from https://githubusercontent.com/package.json\nLayer 4/12: ENV command\nCompleted.\npip: Collecting jest\nTransforming 476 files...\nCompiling src/handler.rs...\nUploading artifact 'coverage' (3 files)\nEnvironment: test\nCreating production build...\nNODE_ENV=development\nCompleted.\n[12:51:10] INFO: Starting build process\nWaiting...\n[12:51:10] INFO: Cache refreshed\nTransforming 561 files...\nEnvironment: test\nMinifying app.js\n\u2713 Step 'install' succeeded\nEnvironment: test\nCache hit for key-6052\nException: RuntimeError\npip: Collecting prettier\nTransforming 181 files...\nFAILED: test_api_health\nCache restored successfully (253MB)\nyarn add: Done in 1.64s\nWARNING: axios has known vulnerabilities\nCompiling utils/index.js...\nInstalling jest@3.5.2\nDone.\n[12:51:10] WARN: Deprecated API usage\nLayer 3/14: COPY command\nWARNING: axios has known vulnerabilities\nCreating production build...\n=== Step lint completed ===\n=== Step: checkout ===\n[12:51:10] INFO: Cache refreshed\nCache restored successfully (463MB)\nUploading artifact 'build' (28 files)\nPushing to registry...\npip: Collecting lodash\nChecking out develop branch\nPushing to registry...\nnpm notice: package.json updated\nVerifying...\nCoverage: 93% statements, 84% branches\nSuccess!\nCompiling src/handler.rs...\n[12:51:10] DEBUG: Memory usage: 543MB\nTLS handshake completed\nInstalling lodash@1.7.7\nAlready up to date.\nTest Suites: 36 passed, 49 total\nCompiling utils/utils.go...\nHEAD is now at 5005cb4\nCache miss for key-2913\n[12:51:10] DEBUG: Loading configuration\nDone.\nEnvironment: development\nBundling main.js\nUploading artifact 'build' (3 files)\nConnection established\nGET /status - 204 (96ms)\nnpm notice: package.json updated\nNODE_ENV=production\nCompiling utils/main.py...\nGET /status - 204 (91ms)\nConnection established\npip: Collecting prettier\nBundling runtime.css\nArtifact downloaded: 6MB\npip: Installing build dependencies...\n[12:51:10] DEBUG: Memory usage: 1735MB\nTransforming 182 files...\nStep 5/20: Running migrations\nOptimizing 24 modules...\n[12:51:10] DEBUG: Connection pool: 11 active\nUsing Python 3.10\nTest Suites: 26 passed, 50 total\n\u2713 All checks passed\nHEAD is now at 7665597\nSwitched to branch 'hotfix/task-357'\nCache miss for key-4953\nWARNING: lodash has known vulnerabilities\nStep 16/19: Installing dependencies\n[12:51:10] INFO: Processing request\nUsing Node.js 17.20.7\nCache miss for key-8310\nRan 44 tests in 29s\nHEAD is now at 65ea27c\n[12:51:10] ERROR: Connection failed\nBuilding Docker image...\nFAILED: test_auth_login\n[12:51:10] INFO: Starting build process\n[12:51:10] INFO: Processing request\n[12:51:10] DEBUG: Initializing service\nStep 19/19: Running migrations\nnpm install: resolved 623 packages\n[12:51:10] INFO: Starting build process\nWARNING: jest has known vulnerabilities\nOptimizing 11 modules...\nCompleted.\n[12:51:10] DEBUG: Memory usage: 1316MB\nPlatform: win32-x64\nStep 8/15: Deploying\nImage pulled successfully\nPlatform: win32-x64\nStep 15/15: Testing\nVerifying...\nStep 11/18: Building\nStep 3/21: Deploying\n[12:51:10] WARN: Deprecated API usage\nUploading artifact 'coverage' (20 files)\nCompleted.\nCache restored successfully (447MB)\nTime: 53.404s\nCompleted.\nCache restored successfully (467MB)\n[12:51:10] DEBUG: Connection pool: 12 active\nGET /health - 204 (88ms)\nConnection established\nStep 12/24: Testing\nSwitched to branch 'hotfix/task-530'\nSwitched to branch 'bugfix/task-192'\n=== Step checkout completed ===\n=== Step: build ===\nStep 20/17: Running migrations\nCache miss for key-8884\nCompiling utils/main.py...\n[12:51:10] DEBUG: Connection pool: 5 active\n[12:51:10] DEBUG: Memory usage: 127MB\n[12:51:10] DEBUG: Initializing service\n[12:51:10] WARN: Deprecated API usage\nOK\nnpm install: resolved 1944 packages\nTests: 130 passed, 86 total\n[12:51:10] INFO: Connecting to database\nNODE_ENV=production\nFetching submodules...\nVerifying...\nCache restored successfully (66MB)\nReady.\nTLS handshake completed\nArtifact downloaded: 42MB\n[12:51:10] DEBUG: Initializing service\nCache saved successfully\nFetching from https://github.com/package.json\nUsing Python 3.12\nnpm install: added 193 packages\nOK\nNODE_ENV=development\npip: Collecting webpack\nLoading...\nCompiling src/app.ts...\n\u2717 build failed with exit code 117\n\u2713 Task completed in 4328ms\nCache hit for key-3544\nTime: 47.554s\nCompiling lib/main.py...\nUsing Node.js 16.3.10\nCompiling lib/service.java...\nUsing Node.js 14.16.0\n\u2713 All checks passed\nCompiling src/handler.rs...\nMinifying app.js\n[12:51:10] WARN: Deprecated API usage\nArtifact uploaded: dist.zip (82MB)\n[12:51:10] DEBUG: Initializing service\nWaiting...\nException: RuntimeError\nCache hit for key-2199\nCompiling utils/main.py...\npip: Downloading webpack-2.20.tar.gz\n  PASS: e2e/test_cache_hit.spec.js\nPOST /data - 202 (269ms)\n\u2713 Task completed in 4939ms\nPushing to registry...\nStep 8/25: Installing dependencies\nnpm notice: created a lockfile\npip install: Successfully installed lodash-4.3\nTest Suites: 13 passed, 38 total\nImage pulled successfully\nStep 5/23: Running migrations\n\u2713 validate completed\n[12:51:10] INFO: Processing request\nLoading...\n[12:51:10] DEBUG: Initializing service\n[12:51:10] INFO: Request completed\nReady.\nWARNING: jest has known vulnerabilities\n  PASS: integration/test_auth_login.spec.js\nOptimizing 23 modules...\nUploading artifact 'dist' (36 files)\nSwitched to branch 'hotfix/task-688'\nSuccess!\nMinifying vendor.js\nArtifact uploaded: build.tar.gz (17MB)\n\u2713 test completed\nStep 5/17: Linting\n[12:51:10] DEBUG: Memory usage: 1935MB\nGenerating source maps...\nInstalling jest@2.7.6\nChecking out develop branch\npip: Downloading jest-4.19.tar.gz\nStep 5/20: Building\n[12:51:10] INFO: Starting build process\nTime: 97.618s\nStep 14/22: Installing dependencies\nInstalling eslint@1.1.8\nHEAD is now at 7da6052\npip: Downloading webpack-2.11.tar.gz\n[12:51:10] DEBUG: Loading configuration\nStep 6/20: Deploying\nTest Suites: 35 passed, 17 total\n=== Step build completed ===\n=== Step: type_check ===\nStep 10/15: Building\nPushing to registry...\nyarn add: Done in 24.53s\n[12:51:10] INFO: Connecting to database\n\u2713 Task completed in 973ms\nStep 10/15: Building\n[12:51:10] ERROR: Connection failed\nChecking out master branch\nWaiting...\nException: RuntimeError\n[12:51:10] INFO: Request completed\nCache saved successfully\n\u2713 All checks passed\nArtifact uploaded: dist.zip (25MB)\nPlatform: win32-x64\nStep 16/18: Linting\nGET /status - 201 (43ms)\nVerifying...\npip install: Successfully installed express-4.13\n\u2717 build failed with exit code 121\nArtifact downloaded: 41MB\nWARNING: jest has known vulnerabilities\nWARNING: prettier has known vulnerabilities\nStep 4/17: Running migrations\nCompiling utils/handler.rs...\nDone.\n[12:51:10] WARN: Deprecated API usage\nStep 19/15: Linting\nGenerating source maps...\nException: ValueError\nStep 4/16: Testing\nVerifying...\n[12:51:10] DEBUG: Memory usage: 861MB\nPOST /data - 202 (117ms)\nException: ValueError\nVerifying...\n[12:51:10] DEBUG: Connection pool: 4 active\n[12:51:10] ERROR: Connection failed\nConnection established\nTests: 108 passed, 220 total\nStep 6/19: Testing\nArtifact uploaded: dist.zip (66MB)\nStep 13/15: Deploying\nSnapshots: 37 passed, 21 total\n[12:51:10] WARN: Deprecated API usage\nBundling main.js\nWARNING: express has known vulnerabilities\nMinifying main.js\nWaiting...\n[12:51:10] INFO: Processing request\nDone.\nFAILED: test_db_connect\n\u2713 package completed\nPOST /api - 202 (101ms)\nVerifying...\n[12:51:10] INFO: Request completed\nCoverage: 100% statements, 89% branches\nCoverage: 97% statements, 69% branches\nChecking out master branch\n\u26a0 DEPRECATION: Feature will be removed in v5.0\nCache saved successfully\npip: Installing build dependencies...\npip: Collecting jest\nnpm notice: created a lockfile\n\u2713 Step 'test' succeeded\nGenerating source maps...\nTests: 273 passed, 428 total\n[12:51:10] DEBUG: Initializing service\n\u2713 Task completed in 2534ms\nPushing to registry...\nArtifact uploaded: build.tar.gz (4MB)\nTest Suites: 38 passed, 39 total\nArtifact uploaded: build.tar.gz (50MB)\nFetching submodules...\nProcessing...\nFetching from https://pypi.org/package.json\nLayer 10/8: ENV command\nCoverage: 74% statements, 72% branches\nMinifying main.js\n[12:51:10] INFO: Connecting to database\n[12:51:10] DEBUG: Connection pool: 13 active\nGET /health - 200 (15ms)\nLayer 4/9: ENV command\nStep 19/22: Linting\nVerifying...\nOK\n[12:51:10] INFO: Request completed\nArtifact downloaded: 3MB\n=== Step type_check completed ===\n=== Step: setup_node ===\nCache hit for key-6326\n\u2717 build failed with exit code 98\nCache miss for key-3431\nBundling styles.js\n\u26a0 DEPRECATION: Feature will be removed in v4.0\nCompiling utils/app.ts...\nPOST /upload - 200 (403ms)\nUsing Node.js 18.15.1\nProcessing...\nOK\nCompiling components/main.py...\n\u2717 build failed with exit code 25\nyarn add: Done in 4.79s\nCache restored successfully (447MB)\n[12:51:10] DEBUG: Connection pool: 13 active\nGET /api - 200 (5ms)\nUsing Node.js 19.2.7\n[12:51:10] DEBUG: Loading configuration\nLayer 7/9: COPY command\nArtifact downloaded: 26MB\nWARNING: prettier has known vulnerabilities\nEnvironment: staging\nnpm install: added 227 packages\nException: TypeError\nImage pulled successfully\n\u2717 build failed with exit code 42\nWaiting...\nMinifying app.js\npip install: Successfully installed react-1.8\nCache saved successfully\nnpm install: added 472 packages\nCompleted.\nCompiling lib/utils.go...\n[12:51:10] INFO: Starting build process\nImage pulled successfully\nRan 157 tests in 58s\n\u26a0 DEPRECATION: Feature will be removed in v4.0\nPulling image: alpine:latest\nPushing to registry...\nStep 16/21: Running migrations\nnpm install: added 332 packages\nnpm install: added 256 packages\n[12:51:10] INFO: Starting build process\nStep 19/17: Deploying\nCompiling utils/app.ts...\npip: Installing build dependencies...\nProcessing...\nChecking out main branch\n  PASS: test_auth_login (482ms)\npip: Collecting jest\nnpm notice: created a lockfile\nCoverage: 81% statements, 63% branches\nFetching from https://pypi.org/package.json\nLayer 10/12: ENV command\nUsing Node.js 16.2.0\nSwitched to branch 'feature/task-630'\npip: Downloading axios-4.9.tar.gz\npip: Downloading jest-3.20.tar.gz\nFetching from https://registry.npmjs.org/package.json\nUploading artifact 'dist' (48 files)\nArtifact uploaded: build.tar.gz (9MB)\n[12:51:10] ERROR: Connection failed\nUsing Node.js 16.7.5\n\u26a0 DEPRECATION: Feature will be removed in v4.0\n[12:51:10] WARN: Deprecated API usage\nStep 14/22: Running migrations\n  PASS: integration/test_auth_login.spec.js\nChecking out master branch\nnpm install: resolved 1628 packages\nHEAD is now at 75e2d64\nTransforming 177 files...\nCompleted.\npip: Installing build dependencies...\n[12:51:10] WARN: Deprecated API usage\nCache invalidated: node_modules\nChecking out develop branch\n\u2713 All checks passed\nnpm notice: package.json updated\n\u26a0 DEPRECATION: Feature will be removed in v3.0\n\u2713 Task completed in 1621ms\n[12:51:10] DEBUG: Query executed in 100ms\nTests: 433 passed, 498 total\nCompiling utils/app.ts...\nArtifact downloaded: 40MB\nBundling runtime.css\nStep 12/22: Deploying\nLayer 3/8: RUN command\nSwitched to branch 'feature/task-710'\n=== Step setup_node completed ===\n=== Step: integration_tests ===\nException: RuntimeError\nPlatform: linux-x64\nCoverage: 78% statements, 82% branches\nCache invalidated: dependencies\nMinifying main.js\nVerifying...\nPOST /data - 202 (73ms)\nPOST /api - 200 (454ms)\nOptimizing 78 modules...\n[12:51:10] WARN: Deprecated API usage\nStep 8/25: Testing\n[12:51:10] INFO: Starting build process\n[12:51:10] WARN: Deprecated API usage\n[12:51:10] DEBUG: Connection pool: 3 active\n[12:51:10] DEBUG: Initializing service\n[12:51:10] WARN: Deprecated API usage\nFAILED: test_api_health\nArtifact uploaded: build.tar.gz (22MB)\n[12:51:10] DEBUG: Initializing service\npip: Downloading webpack-5.10.tar.gz\nTest Suites: 48 passed, 34 total\nnpm notice: created a lockfile\nnpm install: resolved 231 packages\nArtifact uploaded: build.tar.gz (1MB)\nCreating production build...\n[12:51:10] DEBUG: Loading configuration\nImage pulled successfully\n\u26a0 DEPRECATION: Feature will be removed in v4.0\nSuccess!\nnpm install: resolved 2000 packages\n[12:51:10] WARN: Deprecated API usage\n[12:51:10] INFO: Starting build process\n  PASS: integration/test_db_connect.spec.js\nCache miss for key-5788\nStep 3/25: Installing dependencies\n  PASS: test_user_create (156ms)\nAlready up to date.\n\u2713 Task completed in 2318ms\nnpm notice: created a lockfile\nNODE_ENV=test\nWaiting...\nSnapshots: 38 passed, 1 total\nStep 11/23: Building\nEnvironment: staging\nCompiling utils/service.java...\nUsing Node.js 19.1.1\nCoverage: 98% statements, 81% branches\nOptimizing 47 modules...\nSnapshots: 47 passed, 45 total\nStep 16/15: Deploying\nCompleted.\nCompiling components/utils.go...\nOptimizing 21 modules...\nCoverage: 79% statements, 71% branches\nEnvironment: staging\nPushing to registry...\nCompleted.\nBuilding Docker image...\nCompiling lib/main.py...\npip: Collecting lodash\npip: Collecting axios\nStep 11/16: Running migrations\nCompiling lib/handler.rs...\nTLS handshake completed\nStep 2/16: Testing\nStep 18/16: Building\nCache miss for key-8772\nPOST /upload - 201 (31ms)\nCompiling lib/handler.rs...\nCompiling src/index.js...\nFetching submodules...\nTests: 288 passed, 374 total\nFinished.\n[12:51:10] DEBUG: Query executed in 79ms\n\u2713 package completed\n[12:51:10] DEBUG: Loading configuration\nChecking out main branch\n[12:51:10] ERROR: Connection failed\nStep 7/20: Deploying\n[12:51:10] DEBUG: Memory usage: 414MB\nTime: 22.639s\nPlatform: darwin-arm64\nProcessing...\nWaiting...\nCache miss for key-3126\n[12:51:10] DEBUG: Memory usage: 457MB\nSuccess!\nFAILED: test_user_create\n=== Step integration_tests completed ===\n=== Step: install_dependencies ===\nBundling runtime.js\nWARNING: express has known vulnerabilities\nTests: 380 passed, 147 total\n[12:51:10] INFO: Cache refreshed\n[12:51:10] ERROR: Connection failed\nCache saved successfully\nnpm notice: created a lockfile\nArtifact uploaded: build.tar.gz (30MB)\nFAILED: test_user_create\nPushing to registry...\nStep 15/19: Deploying\npip: Installing build dependencies...\nWaiting...\nCache invalidated: dependencies\nCompiling utils/app.ts...\nUsing Node.js 15.14.4\nBundling main.js\nCompleted.\n[12:51:10] WARN: Deprecated API usage\nGET /status - 201 (1ms)\nPlatform: win32-x64\nRan 35 tests in 23s\n\u2713 deploy completed\nUsing Node.js 14.12.3\npip: Installing build dependencies...\nWARNING: jest has known vulnerabilities\nStep 1/17: Installing dependencies\nReady.\n[12:51:10] INFO: Request completed\nWaiting...\nCoverage: 70% statements, 98% branches\n  PASS: integration/test_db_connect.spec.js\nBundling main.css\nReady.\nStep 16/24: Deploying\nGenerating source maps...\nFetching from https://npmjs.org/package.json\nStep 19/16: Deploying\nCache restored successfully (182MB)\npip: Downloading jest-2.6.tar.gz\nStep 19/21: Linting\n\u2713 Step 'checkout' succeeded\nPushing to registry...\npip: Downloading eslint-5.10.tar.gz\nBundling vendor.js\n[12:51:10] INFO: Connecting to database\nBuilding Docker image...\nCompleted.\nTransforming 955 files...\nCache hit for key-8936\n\u2713 lint completed\nWaiting...\nCompiling lib/service.java...\nnpm install: added 189 packages\nWaiting...\nCache saved successfully\nChecking out develop branch\nOptimizing 16 modules...\nWARNING: webpack has known vulnerabilities\nFetching from https://gcr.io/package.json\nConnection established\n\u2717 build failed with exit code 108\nPushing to registry...\nStep 17/17: Running migrations\nCache invalidated: build\n[12:51:10] DEBUG: Memory usage: 1449MB\nnpm notice: package.json updated\nProcessing...\nWARNING: webpack has known vulnerabilities\nSuccess!\n[12:51:10] DEBUG: Query executed in 75ms\n[12:51:10] INFO: Request completed\nInstalling webpack@3.14.10\nBuilding Docker image...\nPOST /data - 201 (219ms)\npip: Installing build dependencies...\nPulling image: node:latest\n[12:51:10] INFO: Request completed\nAlready up to date.\nCompiling components/main.py...\nUploading artifact 'dist' (22 files)\n\u2713 Task completed in 4515ms\nFetching submodules...\n  PASS: e2e/test_auth_login.spec.js\nPlatform: linux-x64\nSwitched to branch 'hotfix/task-996'\nInstalling express@4.2.2\nCache restored successfully (315MB)\n=== Step install_dependencies completed ===\n=== Step: upload_artifacts ===\nCache miss for key-9517\nTests: 423 passed, 105 total\nArtifact uploaded: build.tar.gz (40MB)\nyarn add: Done in 17.31s\nnpm install: added 314 packages\nTransforming 769 files...\npip: Downloading express-4.4.tar.gz\nArtifact uploaded: build.tar.gz (9MB)\nArtifact downloaded: 14MB\nAlready up to date.\nGenerating source maps...\nTLS handshake completed\n[12:51:10] ERROR: Connection failed\nCompiling src/app.ts...\n\u26a0 DEPRECATION: Feature will be removed in v5.0\nFinished.\nAlready up to date.\nVerifying...\nStep 10/16: Building\n[12:51:10] WARN: Deprecated API usage\nStep 6/20: Installing dependencies\n[12:51:10] INFO: Connecting to database\nStep 9/24: Testing\nGET /health - 200 (3ms)\nSuccess!\n  PASS: integration/test_cache_hit.spec.js\nCache saved successfully\n[12:51:10] INFO: Cache refreshed\npip: Installing build dependencies...\nCompiling lib/app.ts...\nPushing to registry...\n[12:51:10] INFO: Request completed\nOptimizing 87 modules...\n[12:51:10] INFO: Connecting to database\nDone.\nTest Suites: 43 passed, 21 total\n[12:51:10] DEBUG: Memory usage: 1589MB\nAlready up to date.\nyarn add: Done in 20.60s\nTLS handshake completed\n\u26a0 DEPRECATION: Feature will be removed in v4.0\nCompleted.\npip: Collecting eslint\nArtifact uploaded: build.tar.gz (14MB)\nLoading...\nAlready up to date.\nOptimizing 51 modules...\nPushing to registry...\nCache hit for key-5889\nLayer 9/8: ENV command\nPOST /data - 202 (17ms)\nReady.\nMinifying app.js\nRan 108 tests in 42s\nEnvironment: test\nSuccess!\nCache saved successfully\nPulling image: python:latest\n[12:51:10] ERROR: Connection failed\nStep 14/24: Testing\n[12:51:10] INFO: Processing request\nSwitched to branch 'feature/task-411'\n\u2713 lint completed\nStep 1/19: Running migrations\nStep 11/20: Building\n[12:51:10] INFO: Processing request\nCompiling utils/service.java...\nCoverage: 96% statements, 89% branches\n[12:51:10] DEBUG: Memory usage: 807MB\nCreating production build...\nRan 177 tests in 10s\n[12:51:10] INFO: Connecting to database\n[12:51:10] DEBUG: Query executed in 69ms\nReady.\n[12:51:10] WARN: Deprecated API usage\nUsing Python 3.9\nHEAD is now at f0aa93a\nBundling main.js\nEnvironment: test\nStep 8/15: Running migrations\nnpm install: added 270 packages\nUsing Python 3.10\nNODE_ENV=development\nFinished.\nTLS handshake completed\nTests: 79 passed, 220 total\n[12:51:10] DEBUG: Connection pool: 17 active\nnpm notice: package.json updated\n=== Step upload_artifacts completed ===\n=== Step: save_cache ===\nArtifact uploaded: dist.zip (47MB)\nTime: 3.479s\nStep 2/20: Running migrations\nCache restored successfully (164MB)\n[12:51:10] DEBUG: Memory usage: 1193MB\nnpm install: resolved 1012 packages\nStep 16/24: Testing\n[12:51:10] DEBUG: Memory usage: 198MB\nCreating production build...\nWARNING: lodash has known vulnerabilities\nCompiling utils/app.ts...\nWaiting...\nnpm install: added 67 packages\nnpm install: added 168 packages\nStep 1/25: Building\nUsing Python 3.12\nPulling image: node:18\nStep 19/15: Deploying\nArtifact uploaded: build.tar.gz (24MB)\nnpm install: added 368 packages\nHEAD is now at e334eca\nTransforming 966 files...\nPulling image: python:18\n[12:51:10] INFO: Processing request\nLoading...\n[12:51:10] INFO: Connecting to database\n\u2713 All checks passed\n  PASS: test_api_health (206ms)\nTime: 78.691s\nReady.\nMinifying vendor.js\n  PASS: test_user_create (396ms)\nUsing Python 3.10\nnpm notice: created a lockfile\nnpm install: added 500 packages\nCache miss for key-3837\nTime: 91.111s\nMinifying app.js\nRan 39 tests in 41s\nPlatform: win32-x64\nStep 9/22: Testing\nAlready up to date.\nSwitched to branch 'bugfix/task-899'\n[12:51:10] INFO: Processing request\nLoading...\n[12:51:10] DEBUG: Initializing service\nVerifying...\nCache hit for key-1409\n[12:51:10] DEBUG: Loading configuration\nCache miss for key-7175\nTest Suites: 8 passed, 48 total\nCache miss for key-8324\n\u26a0 DEPRECATION: Feature will be removed in v5.0\n\u2713 Task completed in 2449ms\nOK\nUploading artifact 'build' (5 files)\nPOST /api - 201 (464ms)\nConnection established\n[12:51:10] INFO: Cache refreshed\nUsing Node.js 14.15.0\n[12:51:10] INFO: Connecting to database\n[12:51:10] INFO: Request completed\nFinished.\n\u2713 All checks passed\nLoading...\nPlatform: win32-x64\nUploading artifact 'dist' (5 files)\npip: Collecting eslint\n\u2713 package completed\nArtifact uploaded: dist.zip (57MB)\nFinished.\nLayer 5/11: RUN command\nPushing to registry...\n[12:51:10] DEBUG: Connection pool: 5 active\n[12:51:10] ERROR: Connection failed\nWARNING: axios has known vulnerabilities\nNODE_ENV=development\nStep 5/24: Building\nPulling image: python:18\nCache saved successfully\nGenerating source maps...\n\u2713 Step 'build' succeeded\nCompiling lib/service.java...\nWARNING: react has known vulnerabilities\nAlready up to date.\n\u2713 Task completed in 4246ms\nFetching submodules...\nAlready up to date.\n=== Step save_cache completed ===\n=== Step: deploy_production ===\n[12:51:10] DEBUG: Loading configuration\nCache restored successfully (67MB)\nTest Suites: 42 passed, 31 total\n  PASS: test_cache_hit (261ms)\nStep 11/22: Building\nImage pulled successfully\n[12:51:10] DEBUG: Connection pool: 4 active\nPlatform: win32-x64\nCache saved successfully\nNODE_ENV=test\nOptimizing 23 modules...\nOK\nLoading...\nReady.\nStep 2/19: Linting\n[12:51:10] DEBUG: Loading configuration\npip install: Successfully installed jest-2.5\nTests: 300 passed, 72 total\nnpm notice: created a lockfile\nDone.\nLayer 9/13: ENV command\n[12:51:10] WARN: Deprecated API usage\n[12:51:10] INFO: Cache refreshed\nStep 2/24: Installing dependencies\nPulling image: alpine:3.11\nDone.\n[12:51:10] WARN: Deprecated API usage\nArtifact uploaded: build.tar.gz (1MB)\nCache invalidated: dependencies\n[12:51:10] INFO: Starting build process\nTime: 44.55s\nPulling image: alpine:3.11\n  PASS: unit/test_api_health.spec.js\nCompiling lib/utils.go...\nRan 101 tests in 31s\nnpm install: resolved 1579 packages\n\u2713 All checks passed\nGenerating source maps...\n\u26a0 DEPRECATION: Feature will be removed in v3.0\nHEAD is now at 5a9487f\nCompiling components/utils.go...\nnpm install: resolved 851 packages\n[12:51:10] DEBUG: Connection pool: 19 active\nyarn add: Done in 19.2s\n\u26a0 DEPRECATION: Feature will be removed in v3.0\nWaiting...\nBundling styles.js\nTransforming 813 files...\nFetching from https://githubusercontent.com/package.json\npip install: Successfully installed webpack-5.1\n\u2713 test completed\nCompiling src/main.py...\nFAILED: test_auth_login\nSnapshots: 6 passed, 19 total\nGenerating source maps...\n[12:51:10] INFO: Processing request\nConnection established\nCache miss for key-7947\nFAILED: test_auth_login\nHEAD is now at f6e68a8\nUsing Node.js 20.8.3\nSwitched to branch 'bugfix/task-737'\nCreating production build...\nOK\n[12:51:10] DEBUG: Query executed in 31ms\nTransforming 237 files...\nConnection established\nStep 4/19: Testing\n[12:51:10] WARN: Deprecated API usage\npip: Collecting react\nnpm install: added 184 packages\nSuccess!\nCompleted.\n[12:51:10] INFO: Cache refreshed\nWaiting...\nPulling image: node:latest\nImage pulled successfully\npip install: Successfully installed lodash-2.16\nnpm install: added 174 packages\nStep 12/17: Running migrations\nTests: 385 passed, 486 total\nPushing to registry...\nReady.\n\u2713 package completed\npip: Collecting webpack\nLayer 3/10: ENV command\nConnection established\nStep 19/25: Installing dependencies\n=== Step deploy_production completed ===\n=== Step: unit_tests ===\nTLS handshake completed\nTests: 229 passed, 456 total\nWaiting...\nBuilding Docker image...\nWARNING: express has known vulnerabilities\nCoverage: 80% statements, 71% branches\nFetching submodules...\nArtifact uploaded: build.tar.gz (48MB)\nGenerating source maps...\nPushing to registry...\nCache miss for key-2424\nSuccess!\nPulling image: alpine:latest\nInstalling prettier@3.12.7\nyarn add: Done in 5.79s\nTests: 201 passed, 404 total\nStep 6/25: Deploying\nTransforming 344 files...\nnpm notice: created a lockfile\n[12:51:10] INFO: Connecting to database\n  PASS: e2e/test_api_health.spec.js\nBuilding Docker image...\nProcessing...\nStep 4/24: Running migrations\n[12:51:10] DEBUG: Loading configuration\npip install: Successfully installed prettier-1.8\nTransforming 192 files...\nWARNING: eslint has known vulnerabilities\n[12:51:10] DEBUG: Initializing service\nArtifact uploaded: dist.zip (35MB)\nOK\nCompleted.\nNODE_ENV=development\nSnapshots: 13 passed, 42 total\nOK\n\u2713 All checks passed\nMinifying main.js\nBuilding Docker image...\nnpm notice: created a lockfile\nVerifying...\nStep 14/19: Running migrations\nStep 2/15: Building\n[12:51:10] WARN: Deprecated API usage\nArtifact downloaded: 32MB\nTransforming 259 files...\nUsing Python 3.12\nyarn add: Done in 12.36s\n\u2713 Task completed in 3696ms\n[12:51:10] WARN: Deprecated API usage\nCompiling components/service.java...\nUsing Python 3.10\n[12:51:10] DEBUG: Query executed in 98ms\nStep 4/19: Building\nSwitched to branch 'feature/task-747'\nSnapshots: 40 passed, 29 total\n[12:51:10] INFO: Connecting to database\n  PASS: test_cache_hit (61ms)\npip: Installing build dependencies...\nPOST /data - 201 (54ms)\nStep 18/22: Testing\n[12:51:10] WARN: Deprecated API usage\nFAILED: test_auth_login\npip: Collecting prettier\nBundling runtime.js\nStep 17/19: Running migrations\nUsing Python 3.10\nNODE_ENV=test\nFinished.\nGenerating source maps...\nTest Suites: 12 passed, 7 total\nnpm install: added 89 packages\nWARNING: prettier has known vulnerabilities\nPulling image: alpine:latest\nPOST /upload - 202 (285ms)\n\u26a0 DEPRECATION: Feature will be removed in v4.0\nProcessing...\nChecking out develop branch\nWARNING: webpack has known vulnerabilities\n[12:51:10] INFO: Starting build process\nTest Suites: 11 passed, 19 total\nDone.\npip install: Successfully installed express-5.0\nOK\nUsing Python 3.9\nStep 14/20: Installing dependencies\n[12:51:10] INFO: Cache refreshed\nArtifact uploaded: build.tar.gz (42MB)\nnpm notice: created a lockfile\n=== Step unit_tests completed ===\n=== Step: setup_environment ===\nProcessing...\npip: Collecting express\nAlready up to date.\n[12:51:10] WARN: Deprecated API usage\nnpm notice: package.json updated\nOptimizing 46 modules...\nEnvironment: development\n\u2713 Step 'test' succeeded\nCache invalidated: node_modules\nCache miss for key-7109\nUsing Node.js 14.4.5\nTransforming 139 files...\nnpm notice: package.json updated\n[12:51:10] INFO: Processing request\n\u2717 build failed with exit code 54\nFinished.\nCreating production build...\nCompiling src/index.js...\nStep 11/22: Deploying\n\u2713 lint completed\nSuccess!\nHEAD is now at 7a8f2f1\nChecking out develop branch\n\u26a0 DEPRECATION: Feature will be removed in v3.0\nOptimizing 28 modules...\n  PASS: test_user_create (126ms)\nnpm notice: created a lockfile\nCache saved successfully\n\u2713 lint completed\n[12:51:10] ERROR: Connection failed\nAlready up to date.\nSuccess!\npip: Installing build dependencies...\nCreating production build...\n\u2713 deploy completed\nArtifact uploaded: dist.zip (89MB)\nnpm install: resolved 1860 packages\nUsing Node.js 19.6.2\nProcessing...\nTime: 59.736s\n[12:51:10] DEBUG: Connection pool: 3 active\n\u2713 Task completed in 3782ms\nStep 14/17: Testing\nCompiling src/utils.go...\nTransforming 648 files...\nRan 89 tests in 44s\nPulling image: node:18\nStep 8/19: Testing\n\u2713 Task completed in 4768ms\nLoading...\nCompiling components/index.js...\nTime: 104.930s\nArtifact uploaded: dist.zip (87MB)\nFinished.\nnpm install: added 101 packages\nTime: 14.374s\nPulling image: node:3.11\nFinished.\n[12:51:10] WARN: Deprecated API usage\nNODE_ENV=test\n\u26a0 DEPRECATION: Feature will be removed in v5.0\n\u26a0 DEPRECATION: Feature will be removed in v5.0\nDone.\nFetching submodules...\nSwitched to branch 'feature/task-612'\n[12:51:10] INFO: Starting build process\nEnvironment: test\nCreating production build...\nDone.\nCompiling lib/handler.rs...\nWARNING: lodash has known vulnerabilities\nPulling image: node:latest\nLayer 4/8: RUN command\nCreating production build...\nUsing Node.js 19.7.7\n[12:51:10] INFO: Processing request\nDone.\nFetching from https://docker.io/package.json\npip: Downloading express-2.2.tar.gz\n\u2713 Step 'test' succeeded\nImage pulled successfully\nCompiling utils/handler.rs...\n[12:51:10] DEBUG: Query executed in 8ms\nVerifying...\n\u2713 Task completed in 4901ms\nnpm install: resolved 998 packages\nnpm notice: created a lockfile\nTransforming 523 files...\n=== Step setup_environment completed ===\n=== Step: deploy_staging ===\nTime: 35.235s\nFetching submodules...\n[12:51:10] INFO: Cache refreshed\nStep 11/21: Running migrations\nTests: 90 passed, 407 total\nCache restored successfully (59MB)\nFAILED: test_user_create\n[12:51:10] DEBUG: Connection pool: 4 active\n[12:51:10] DEBUG: Loading configuration\nCache restored successfully (26MB)\nReady.\nnpm install: added 362 packages\nBundling styles.css\nAlready up to date.\nTLS handshake completed\nUploading artifact 'coverage' (24 files)\nCompiling components/main.py...\n\u2713 Step 'test' succeeded\n  PASS: test_db_connect (353ms)\nStep 1/15: Running migrations\nTests: 417 passed, 192 total\nyarn add: Done in 13.21s\n[12:51:10] DEBUG: Connection pool: 17 active\nArtifact uploaded: dist.zip (43MB)\nUsing Python 3.12\nFetching from https://github.com/package.json\nnpm install: resolved 952 packages\nUsing Python 3.9\nStep 19/25: Installing dependencies\nPulling image: alpine:18\nInstalling jest@4.10.7\nInstalling eslint@5.6.2\nUsing Python 3.12\nWARNING: prettier has known vulnerabilities\n[12:51:10] DEBUG: Loading configuration\nnpm notice: package.json updated\nTime: 58.61s\nMinifying main.js\nUsing Node.js 18.10.9\nCompiling components/main.py...\n\u26a0 DEPRECATION: Feature will be removed in v3.0\n\u2713 Task completed in 3795ms\nTests: 280 passed, 369 total\n\u26a0 DEPRECATION: Feature will be removed in v5.0\nStep 13/25: Testing\npip: Downloading react-5.10.tar.gz\nSwitched to branch 'bugfix/task-512'\n[12:51:10] ERROR: Connection failed\n[12:51:10] DEBUG: Initializing service\npip install: Successfully installed eslint-2.5\n\u26a0 DEPRECATION: Feature will be removed in v4.0\nProcessing...\n[12:51:10] WARN: Deprecated API usage\nGET /api - 200 (21ms)\nPOST /api - 200 (451ms)\nStep 8/19: Running migrations\nProcessing...\nCompiling components/index.js...\nnpm notice: created a lockfile\n[12:51:10] WARN: Deprecated API usage\n\u26a0 DEPRECATION: Feature will be removed in v2.0\nFetching from https://npmjs.org/package.json\nCoverage: 85% statements, 65% branches\nTime: 13.407s\nBuilding Docker image...\nEnvironment: test\nSnapshots: 43 passed, 44 total\nMinifying vendor.js\nCompiling components/utils.go...\n[12:51:10] WARN: Deprecated API usage\npip: Downloading eslint-1.10.tar.gz\nException: TypeError\nLoading...\nyarn add: Done in 4.20s\nFetching submodules...\n  PASS: test_auth_login (317ms)\nPOST /api - 201 (103ms)\nVerifying...\nLayer 2/13: RUN command\nCompiling src/index.js...\nArtifact uploaded: dist.zip (90MB)\nWARNING: webpack has known vulnerabilities\nFetching from https://docker.io/package.json\nMinifying main.js\nnpm notice: package.json updated\nStep 6/20: Testing\nException: ValueError\nyarn add: Done in 23.74s\n=== Step deploy_staging completed ===",
    "steps": [
      {
        "name": "lint",
        "status": "success",
        "started_at": "2025-12-03T12:51:10.024924",
        "finished_at": "2025-12-03T12:51:20.446159",
        "log_lines": [
          "=== Step: lint ===",
          "FAILED: test_user_create",
          "Step 19/18: Running migrations",
          "Cache restored successfully (195MB)",
          "Using Node.js 20.2.4",
          "Tests: 211 passed, 124 total",
          "Already up to date.",
          "FAILED: test_cache_hit",
          "Transforming 829 files...",
          "Checking out develop branch",
          "Snapshots: 47 passed, 35 total",
          "[12:51:10] DEBUG: Memory usage: 787MB",
          "Platform: win32-x64",
          "Waiting...",
          "[12:51:10] WARN: Deprecated API usage",
          "\u26a0 DEPRECATION: Feature will be removed in v5.0",
          "Optimizing 73 modules...",
          "npm install: added 48 packages",
          "Test Suites: 27 passed, 30 total",
          "Generating source maps...",
          "Already up to date.",
          "GET /status - 200 (16ms)",
          "[12:51:10] WARN: Deprecated API usage",
          "Connection established",
          "TLS handshake completed",
          "\u2713 Step 'checkout' succeeded",
          "HEAD is now at 4040c36",
          "Artifact uploaded: build.tar.gz (26MB)",
          "Artifact downloaded: 6MB",
          "\u26a0 DEPRECATION: Feature will be removed in v2.0",
          "Loading...",
          "Step 4/18: Building",
          "Snapshots: 5 passed, 3 total",
          "Ready.",
          "Step 16/20: Testing",
          "Coverage: 93% statements, 85% branches",
          "Ready.",
          "Success!",
          "\u2713 All checks passed",
          "Tests: 314 passed, 86 total",
          "[12:51:10] WARN: Deprecated API usage",
          "[12:51:10] DEBUG: Query executed in 42ms",
          "WARNING: eslint has known vulnerabilities",
          "\u2713 All checks passed",
          "pip: Collecting eslint",
          "[12:51:10] INFO: Cache refreshed",
          "Ready.",
          "Test Suites: 43 passed, 30 total",
          "[12:51:10] DEBUG: Memory usage: 1110MB",
          "[12:51:10] DEBUG: Query executed in 68ms",
          "\u2713 All checks passed",
          "Using Node.js 20.1.5",
          "[12:51:10] ERROR: Connection failed",
          "pip: Downloading jest-1.14.tar.gz",
          "Pulling image: alpine:3.11",
          "Fetching from https://githubusercontent.com/package.json",
          "Layer 4/12: ENV command",
          "Completed.",
          "pip: Collecting jest",
          "Transforming 476 files...",
          "Compiling src/handler.rs...",
          "Uploading artifact 'coverage' (3 files)",
          "Environment: test",
          "Creating production build...",
          "NODE_ENV=development",
          "Completed.",
          "[12:51:10] INFO: Starting build process",
          "Waiting...",
          "[12:51:10] INFO: Cache refreshed",
          "Transforming 561 files...",
          "Environment: test",
          "Minifying app.js",
          "\u2713 Step 'install' succeeded",
          "Environment: test",
          "Cache hit for key-6052",
          "Exception: RuntimeError",
          "pip: Collecting prettier",
          "Transforming 181 files...",
          "FAILED: test_api_health",
          "Cache restored successfully (253MB)",
          "yarn add: Done in 1.64s",
          "WARNING: axios has known vulnerabilities",
          "Compiling utils/index.js...",
          "Installing jest@3.5.2",
          "Done.",
          "[12:51:10] WARN: Deprecated API usage",
          "Layer 3/14: COPY command",
          "WARNING: axios has known vulnerabilities",
          "Creating production build...",
          "=== Step lint completed ==="
        ]
      },
      {
        "name": "checkout",
        "status": "success",
        "started_at": "2025-12-03T12:51:20.446159",
        "finished_at": "2025-12-03T12:51:24.614653",
        "log_lines": [
          "=== Step: checkout ===",
          "[12:51:10] INFO: Cache refreshed",
          "Cache restored successfully (463MB)",
          "Uploading artifact 'build' (28 files)",
          "Pushing to registry...",
          "pip: Collecting lodash",
          "Checking out develop branch",
          "Pushing to registry...",
          "npm notice: package.json updated",
          "Verifying...",
          "Coverage: 93% statements, 84% branches",
          "Success!",
          "Compiling src/handler.rs...",
          "[12:51:10] DEBUG: Memory usage: 543MB",
          "TLS handshake completed",
          "Installing lodash@1.7.7",
          "Already up to date.",
          "Test Suites: 36 passed, 49 total",
          "Compiling utils/utils.go...",
          "HEAD is now at 5005cb4",
          "Cache miss for key-2913",
          "[12:51:10] DEBUG: Loading configuration",
          "Done.",
          "Environment: development",
          "Bundling main.js",
          "Uploading artifact 'build' (3 files)",
          "Connection established",
          "GET /status - 204 (96ms)",
          "npm notice: package.json updated",
          "NODE_ENV=production",
          "Compiling utils/main.py...",
          "GET /status - 204 (91ms)",
          "Connection established",
          "pip: Collecting prettier",
          "Bundling runtime.css",
          "Artifact downloaded: 6MB",
          "pip: Installing build dependencies...",
          "[12:51:10] DEBUG: Memory usage: 1735MB",
          "Transforming 182 files...",
          "Step 5/20: Running migrations",
          "Optimizing 24 modules...",
          "[12:51:10] DEBUG: Connection pool: 11 active",
          "Using Python 3.10",
          "Test Suites: 26 passed, 50 total",
          "\u2713 All checks passed",
          "HEAD is now at 7665597",
          "Switched to branch 'hotfix/task-357'",
          "Cache miss for key-4953",
          "WARNING: lodash has known vulnerabilities",
          "Step 16/19: Installing dependencies",
          "[12:51:10] INFO: Processing request",
          "Using Node.js 17.20.7",
          "Cache miss for key-8310",
          "Ran 44 tests in 29s",
          "HEAD is now at 65ea27c",
          "[12:51:10] ERROR: Connection failed",
          "Building Docker image...",
          "FAILED: test_auth_login",
          "[12:51:10] INFO: Starting build process",
          "[12:51:10] INFO: Processing request",
          "[12:51:10] DEBUG: Initializing service",
          "Step 19/19: Running migrations",
          "npm install: resolved 623 packages",
          "[12:51:10] INFO: Starting build process",
          "WARNING: jest has known vulnerabilities",
          "Optimizing 11 modules...",
          "Completed.",
          "[12:51:10] DEBUG: Memory usage: 1316MB",
          "Platform: win32-x64",
          "Step 8/15: Deploying",
          "Image pulled successfully",
          "Platform: win32-x64",
          "Step 15/15: Testing",
          "Verifying...",
          "Step 11/18: Building",
          "Step 3/21: Deploying",
          "[12:51:10] WARN: Deprecated API usage",
          "Uploading artifact 'coverage' (20 files)",
          "Completed.",
          "Cache restored successfully (447MB)",
          "Time: 53.404s",
          "Completed.",
          "Cache restored successfully (467MB)",
          "[12:51:10] DEBUG: Connection pool: 12 active",
          "GET /health - 204 (88ms)",
          "Connection established",
          "Step 12/24: Testing",
          "Switched to branch 'hotfix/task-530'",
          "Switched to branch 'bugfix/task-192'",
          "=== Step checkout completed ==="
        ]
      },
      {
        "name": "build",
        "status": "success",
        "started_at": "2025-12-03T12:51:24.614653",
        "finished_at": "2025-12-03T12:51:55.878357",
        "log_lines": [
          "=== Step: build ===",
          "Step 20/17: Running migrations",
          "Cache miss for key-8884",
          "Compiling utils/main.py...",
          "[12:51:10] DEBUG: Connection pool: 5 active",
          "[12:51:10] DEBUG: Memory usage: 127MB",
          "[12:51:10] DEBUG: Initializing service",
          "[12:51:10] WARN: Deprecated API usage",
          "OK",
          "npm install: resolved 1944 packages",
          "Tests: 130 passed, 86 total",
          "[12:51:10] INFO: Connecting to database",
          "NODE_ENV=production",
          "Fetching submodules...",
          "Verifying...",
          "Cache restored successfully (66MB)",
          "Ready.",
          "TLS handshake completed",
          "Artifact downloaded: 42MB",
          "[12:51:10] DEBUG: Initializing service",
          "Cache saved successfully",
          "Fetching from https://github.com/package.json",
          "Using Python 3.12",
          "npm install: added 193 packages",
          "OK",
          "NODE_ENV=development",
          "pip: Collecting webpack",
          "Loading...",
          "Compiling src/app.ts...",
          "\u2717 build failed with exit code 117",
          "\u2713 Task completed in 4328ms",
          "Cache hit for key-3544",
          "Time: 47.554s",
          "Compiling lib/main.py...",
          "Using Node.js 16.3.10",
          "Compiling lib/service.java...",
          "Using Node.js 14.16.0",
          "\u2713 All checks passed",
          "Compiling src/handler.rs...",
          "Minifying app.js",
          "[12:51:10] WARN: Deprecated API usage",
          "Artifact uploaded: dist.zip (82MB)",
          "[12:51:10] DEBUG: Initializing service",
          "Waiting...",
          "Exception: RuntimeError",
          "Cache hit for key-2199",
          "Compiling utils/main.py...",
          "pip: Downloading webpack-2.20.tar.gz",
          "  PASS: e2e/test_cache_hit.spec.js",
          "POST /data - 202 (269ms)",
          "\u2713 Task completed in 4939ms",
          "Pushing to registry...",
          "Step 8/25: Installing dependencies",
          "npm notice: created a lockfile",
          "pip install: Successfully installed lodash-4.3",
          "Test Suites: 13 passed, 38 total",
          "Image pulled successfully",
          "Step 5/23: Running migrations",
          "\u2713 validate completed",
          "[12:51:10] INFO: Processing request",
          "Loading...",
          "[12:51:10] DEBUG: Initializing service",
          "[12:51:10] INFO: Request completed",
          "Ready.",
          "WARNING: jest has known vulnerabilities",
          "  PASS: integration/test_auth_login.spec.js",
          "Optimizing 23 modules...",
          "Uploading artifact 'dist' (36 files)",
          "Switched to branch 'hotfix/task-688'",
          "Success!",
          "Minifying vendor.js",
          "Artifact uploaded: build.tar.gz (17MB)",
          "\u2713 test completed",
          "Step 5/17: Linting",
          "[12:51:10] DEBUG: Memory usage: 1935MB",
          "Generating source maps...",
          "Installing jest@2.7.6",
          "Checking out develop branch",
          "pip: Downloading jest-4.19.tar.gz",
          "Step 5/20: Building",
          "[12:51:10] INFO: Starting build process",
          "Time: 97.618s",
          "Step 14/22: Installing dependencies",
          "Installing eslint@1.1.8",
          "HEAD is now at 7da6052",
          "pip: Downloading webpack-2.11.tar.gz",
          "[12:51:10] DEBUG: Loading configuration",
          "Step 6/20: Deploying",
          "Test Suites: 35 passed, 17 total",
          "=== Step build completed ==="
        ]
      },
      {
        "name": "type_check",
        "status": "success",
        "started_at": "2025-12-03T12:51:55.878357",
        "finished_at": "2025-12-03T12:52:06.299592",
        "log_lines": [
          "=== Step: type_check ===",
          "Step 10/15: Building",
          "Pushing to registry...",
          "yarn add: Done in 24.53s",
          "[12:51:10] INFO: Connecting to database",
          "\u2713 Task completed in 973ms",
          "Step 10/15: Building",
          "[12:51:10] ERROR: Connection failed",
          "Checking out master branch",
          "Waiting...",
          "Exception: RuntimeError",
          "[12:51:10] INFO: Request completed",
          "Cache saved successfully",
          "\u2713 All checks passed",
          "Artifact uploaded: dist.zip (25MB)",
          "Platform: win32-x64",
          "Step 16/18: Linting",
          "GET /status - 201 (43ms)",
          "Verifying...",
          "pip install: Successfully installed express-4.13",
          "\u2717 build failed with exit code 121",
          "Artifact downloaded: 41MB",
          "WARNING: jest has known vulnerabilities",
          "WARNING: prettier has known vulnerabilities",
          "Step 4/17: Running migrations",
          "Compiling utils/handler.rs...",
          "Done.",
          "[12:51:10] WARN: Deprecated API usage",
          "Step 19/15: Linting",
          "Generating source maps...",
          "Exception: ValueError",
          "Step 4/16: Testing",
          "Verifying...",
          "[12:51:10] DEBUG: Memory usage: 861MB",
          "POST /data - 202 (117ms)",
          "Exception: ValueError",
          "Verifying...",
          "[12:51:10] DEBUG: Connection pool: 4 active",
          "[12:51:10] ERROR: Connection failed",
          "Connection established",
          "Tests: 108 passed, 220 total",
          "Step 6/19: Testing",
          "Artifact uploaded: dist.zip (66MB)",
          "Step 13/15: Deploying",
          "Snapshots: 37 passed, 21 total",
          "[12:51:10] WARN: Deprecated API usage",
          "Bundling main.js",
          "WARNING: express has known vulnerabilities",
          "Minifying main.js",
          "Waiting...",
          "[12:51:10] INFO: Processing request",
          "Done.",
          "FAILED: test_db_connect",
          "\u2713 package completed",
          "POST /api - 202 (101ms)",
          "Verifying...",
          "[12:51:10] INFO: Request completed",
          "Coverage: 100% statements, 89% branches",
          "Coverage: 97% statements, 69% branches",
          "Checking out master branch",
          "\u26a0 DEPRECATION: Feature will be removed in v5.0",
          "Cache saved successfully",
          "pip: Installing build dependencies...",
          "pip: Collecting jest",
          "npm notice: created a lockfile",
          "\u2713 Step 'test' succeeded",
          "Generating source maps...",
          "Tests: 273 passed, 428 total",
          "[12:51:10] DEBUG: Initializing service",
          "\u2713 Task completed in 2534ms",
          "Pushing to registry...",
          "Artifact uploaded: build.tar.gz (4MB)",
          "Test Suites: 38 passed, 39 total",
          "Artifact uploaded: build.tar.gz (50MB)",
          "Fetching submodules...",
          "Processing...",
          "Fetching from https://pypi.org/package.json",
          "Layer 10/8: ENV command",
          "Coverage: 74% statements, 72% branches",
          "Minifying main.js",
          "[12:51:10] INFO: Connecting to database",
          "[12:51:10] DEBUG: Connection pool: 13 active",
          "GET /health - 200 (15ms)",
          "Layer 4/9: ENV command",
          "Step 19/22: Linting",
          "Verifying...",
          "OK",
          "[12:51:10] INFO: Request completed",
          "Artifact downloaded: 3MB",
          "=== Step type_check completed ==="
        ]
      },
      {
        "name": "setup_node",
        "status": "success",
        "started_at": "2025-12-03T12:52:06.299592",
        "finished_at": "2025-12-03T12:52:16.720827",
        "log_lines": [
          "=== Step: setup_node ===",
          "Cache hit for key-6326",
          "\u2717 build failed with exit code 98",
          "Cache miss for key-3431",
          "Bundling styles.js",
          "\u26a0 DEPRECATION: Feature will be removed in v4.0",
          "Compiling utils/app.ts...",
          "POST /upload - 200 (403ms)",
          "Using Node.js 18.15.1",
          "Processing...",
          "OK",
          "Compiling components/main.py...",
          "\u2717 build failed with exit code 25",
          "yarn add: Done in 4.79s",
          "Cache restored successfully (447MB)",
          "[12:51:10] DEBUG: Connection pool: 13 active",
          "GET /api - 200 (5ms)",
          "Using Node.js 19.2.7",
          "[12:51:10] DEBUG: Loading configuration",
          "Layer 7/9: COPY command",
          "Artifact downloaded: 26MB",
          "WARNING: prettier has known vulnerabilities",
          "Environment: staging",
          "npm install: added 227 packages",
          "Exception: TypeError",
          "Image pulled successfully",
          "\u2717 build failed with exit code 42",
          "Waiting...",
          "Minifying app.js",
          "pip install: Successfully installed react-1.8",
          "Cache saved successfully",
          "npm install: added 472 packages",
          "Completed.",
          "Compiling lib/utils.go...",
          "[12:51:10] INFO: Starting build process",
          "Image pulled successfully",
          "Ran 157 tests in 58s",
          "\u26a0 DEPRECATION: Feature will be removed in v4.0",
          "Pulling image: alpine:latest",
          "Pushing to registry...",
          "Step 16/21: Running migrations",
          "npm install: added 332 packages",
          "npm install: added 256 packages",
          "[12:51:10] INFO: Starting build process",
          "Step 19/17: Deploying",
          "Compiling utils/app.ts...",
          "pip: Installing build dependencies...",
          "Processing...",
          "Checking out main branch",
          "  PASS: test_auth_login (482ms)",
          "pip: Collecting jest",
          "npm notice: created a lockfile",
          "Coverage: 81% statements, 63% branches",
          "Fetching from https://pypi.org/package.json",
          "Layer 10/12: ENV command",
          "Using Node.js 16.2.0",
          "Switched to branch 'feature/task-630'",
          "pip: Downloading axios-4.9.tar.gz",
          "pip: Downloading jest-3.20.tar.gz",
          "Fetching from https://registry.npmjs.org/package.json",
          "Uploading artifact 'dist' (48 files)",
          "Artifact uploaded: build.tar.gz (9MB)",
          "[12:51:10] ERROR: Connection failed",
          "Using Node.js 16.7.5",
          "\u26a0 DEPRECATION: Feature will be removed in v4.0",
          "[12:51:10] WARN: Deprecated API usage",
          "Step 14/22: Running migrations",
          "  PASS: integration/test_auth_login.spec.js",
          "Checking out master branch",
          "npm install: resolved 1628 packages",
          "HEAD is now at 75e2d64",
          "Transforming 177 files...",
          "Completed.",
          "pip: Installing build dependencies...",
          "[12:51:10] WARN: Deprecated API usage",
          "Cache invalidated: node_modules",
          "Checking out develop branch",
          "\u2713 All checks passed",
          "npm notice: package.json updated",
          "\u26a0 DEPRECATION: Feature will be removed in v3.0",
          "\u2713 Task completed in 1621ms",
          "[12:51:10] DEBUG: Query executed in 100ms",
          "Tests: 433 passed, 498 total",
          "Compiling utils/app.ts...",
          "Artifact downloaded: 40MB",
          "Bundling runtime.css",
          "Step 12/22: Deploying",
          "Layer 3/8: RUN command",
          "Switched to branch 'feature/task-710'",
          "=== Step setup_node completed ==="
        ]
      },
      {
        "name": "integration_tests",
        "status": "success",
        "started_at": "2025-12-03T12:52:16.720827",
        "finished_at": "2025-12-03T12:52:37.563296",
        "log_lines": [
          "=== Step: integration_tests ===",
          "Exception: RuntimeError",
          "Platform: linux-x64",
          "Coverage: 78% statements, 82% branches",
          "Cache invalidated: dependencies",
          "Minifying main.js",
          "Verifying...",
          "POST /data - 202 (73ms)",
          "POST /api - 200 (454ms)",
          "Optimizing 78 modules...",
          "[12:51:10] WARN: Deprecated API usage",
          "Step 8/25: Testing",
          "[12:51:10] INFO: Starting build process",
          "[12:51:10] WARN: Deprecated API usage",
          "[12:51:10] DEBUG: Connection pool: 3 active",
          "[12:51:10] DEBUG: Initializing service",
          "[12:51:10] WARN: Deprecated API usage",
          "FAILED: test_api_health",
          "Artifact uploaded: build.tar.gz (22MB)",
          "[12:51:10] DEBUG: Initializing service",
          "pip: Downloading webpack-5.10.tar.gz",
          "Test Suites: 48 passed, 34 total",
          "npm notice: created a lockfile",
          "npm install: resolved 231 packages",
          "Artifact uploaded: build.tar.gz (1MB)",
          "Creating production build...",
          "[12:51:10] DEBUG: Loading configuration",
          "Image pulled successfully",
          "\u26a0 DEPRECATION: Feature will be removed in v4.0",
          "Success!",
          "npm install: resolved 2000 packages",
          "[12:51:10] WARN: Deprecated API usage",
          "[12:51:10] INFO: Starting build process",
          "  PASS: integration/test_db_connect.spec.js",
          "Cache miss for key-5788",
          "Step 3/25: Installing dependencies",
          "  PASS: test_user_create (156ms)",
          "Already up to date.",
          "\u2713 Task completed in 2318ms",
          "npm notice: created a lockfile",
          "NODE_ENV=test",
          "Waiting...",
          "Snapshots: 38 passed, 1 total",
          "Step 11/23: Building",
          "Environment: staging",
          "Compiling utils/service.java...",
          "Using Node.js 19.1.1",
          "Coverage: 98% statements, 81% branches",
          "Optimizing 47 modules...",
          "Snapshots: 47 passed, 45 total",
          "Step 16/15: Deploying",
          "Completed.",
          "Compiling components/utils.go...",
          "Optimizing 21 modules...",
          "Coverage: 79% statements, 71% branches",
          "Environment: staging",
          "Pushing to registry...",
          "Completed.",
          "Building Docker image...",
          "Compiling lib/main.py...",
          "pip: Collecting lodash",
          "pip: Collecting axios",
          "Step 11/16: Running migrations",
          "Compiling lib/handler.rs...",
          "TLS handshake completed",
          "Step 2/16: Testing",
          "Step 18/16: Building",
          "Cache miss for key-8772",
          "POST /upload - 201 (31ms)",
          "Compiling lib/handler.rs...",
          "Compiling src/index.js...",
          "Fetching submodules...",
          "Tests: 288 passed, 374 total",
          "Finished.",
          "[12:51:10] DEBUG: Query executed in 79ms",
          "\u2713 package completed",
          "[12:51:10] DEBUG: Loading configuration",
          "Checking out main branch",
          "[12:51:10] ERROR: Connection failed",
          "Step 7/20: Deploying",
          "[12:51:10] DEBUG: Memory usage: 414MB",
          "Time: 22.639s",
          "Platform: darwin-arm64",
          "Processing...",
          "Waiting...",
          "Cache miss for key-3126",
          "[12:51:10] DEBUG: Memory usage: 457MB",
          "Success!",
          "FAILED: test_user_create",
          "=== Step integration_tests completed ==="
        ]
      },
      {
        "name": "install_dependencies",
        "status": "success",
        "started_at": "2025-12-03T12:52:37.563296",
        "finished_at": "2025-12-03T12:53:08.827000",
        "log_lines": [
          "=== Step: install_dependencies ===",
          "Bundling runtime.js",
          "WARNING: express has known vulnerabilities",
          "Tests: 380 passed, 147 total",
          "[12:51:10] INFO: Cache refreshed",
          "[12:51:10] ERROR: Connection failed",
          "Cache saved successfully",
          "npm notice: created a lockfile",
          "Artifact uploaded: build.tar.gz (30MB)",
          "FAILED: test_user_create",
          "Pushing to registry...",
          "Step 15/19: Deploying",
          "pip: Installing build dependencies...",
          "Waiting...",
          "Cache invalidated: dependencies",
          "Compiling utils/app.ts...",
          "Using Node.js 15.14.4",
          "Bundling main.js",
          "Completed.",
          "[12:51:10] WARN: Deprecated API usage",
          "GET /status - 201 (1ms)",
          "Platform: win32-x64",
          "Ran 35 tests in 23s",
          "\u2713 deploy completed",
          "Using Node.js 14.12.3",
          "pip: Installing build dependencies...",
          "WARNING: jest has known vulnerabilities",
          "Step 1/17: Installing dependencies",
          "Ready.",
          "[12:51:10] INFO: Request completed",
          "Waiting...",
          "Coverage: 70% statements, 98% branches",
          "  PASS: integration/test_db_connect.spec.js",
          "Bundling main.css",
          "Ready.",
          "Step 16/24: Deploying",
          "Generating source maps...",
          "Fetching from https://npmjs.org/package.json",
          "Step 19/16: Deploying",
          "Cache restored successfully (182MB)",
          "pip: Downloading jest-2.6.tar.gz",
          "Step 19/21: Linting",
          "\u2713 Step 'checkout' succeeded",
          "Pushing to registry...",
          "pip: Downloading eslint-5.10.tar.gz",
          "Bundling vendor.js",
          "[12:51:10] INFO: Connecting to database",
          "Building Docker image...",
          "Completed.",
          "Transforming 955 files...",
          "Cache hit for key-8936",
          "\u2713 lint completed",
          "Waiting...",
          "Compiling lib/service.java...",
          "npm install: added 189 packages",
          "Waiting...",
          "Cache saved successfully",
          "Checking out develop branch",
          "Optimizing 16 modules...",
          "WARNING: webpack has known vulnerabilities",
          "Fetching from https://gcr.io/package.json",
          "Connection established",
          "\u2717 build failed with exit code 108",
          "Pushing to registry...",
          "Step 17/17: Running migrations",
          "Cache invalidated: build",
          "[12:51:10] DEBUG: Memory usage: 1449MB",
          "npm notice: package.json updated",
          "Processing...",
          "WARNING: webpack has known vulnerabilities",
          "Success!",
          "[12:51:10] DEBUG: Query executed in 75ms",
          "[12:51:10] INFO: Request completed",
          "Installing webpack@3.14.10",
          "Building Docker image...",
          "POST /data - 201 (219ms)",
          "pip: Installing build dependencies...",
          "Pulling image: node:latest",
          "[12:51:10] INFO: Request completed",
          "Already up to date.",
          "Compiling components/main.py...",
          "Uploading artifact 'dist' (22 files)",
          "\u2713 Task completed in 4515ms",
          "Fetching submodules...",
          "  PASS: e2e/test_auth_login.spec.js",
          "Platform: linux-x64",
          "Switched to branch 'hotfix/task-996'",
          "Installing express@4.2.2",
          "Cache restored successfully (315MB)",
          "=== Step install_dependencies completed ==="
        ]
      },
      {
        "name": "upload_artifacts",
        "status": "success",
        "started_at": "2025-12-03T12:53:08.827000",
        "finished_at": "2025-12-03T12:53:19.248235",
        "log_lines": [
          "=== Step: upload_artifacts ===",
          "Cache miss for key-9517",
          "Tests: 423 passed, 105 total",
          "Artifact uploaded: build.tar.gz (40MB)",
          "yarn add: Done in 17.31s",
          "npm install: added 314 packages",
          "Transforming 769 files...",
          "pip: Downloading express-4.4.tar.gz",
          "Artifact uploaded: build.tar.gz (9MB)",
          "Artifact downloaded: 14MB",
          "Already up to date.",
          "Generating source maps...",
          "TLS handshake completed",
          "[12:51:10] ERROR: Connection failed",
          "Compiling src/app.ts...",
          "\u26a0 DEPRECATION: Feature will be removed in v5.0",
          "Finished.",
          "Already up to date.",
          "Verifying...",
          "Step 10/16: Building",
          "[12:51:10] WARN: Deprecated API usage",
          "Step 6/20: Installing dependencies",
          "[12:51:10] INFO: Connecting to database",
          "Step 9/24: Testing",
          "GET /health - 200 (3ms)",
          "Success!",
          "  PASS: integration/test_cache_hit.spec.js",
          "Cache saved successfully",
          "[12:51:10] INFO: Cache refreshed",
          "pip: Installing build dependencies...",
          "Compiling lib/app.ts...",
          "Pushing to registry...",
          "[12:51:10] INFO: Request completed",
          "Optimizing 87 modules...",
          "[12:51:10] INFO: Connecting to database",
          "Done.",
          "Test Suites: 43 passed, 21 total",
          "[12:51:10] DEBUG: Memory usage: 1589MB",
          "Already up to date.",
          "yarn add: Done in 20.60s",
          "TLS handshake completed",
          "\u26a0 DEPRECATION: Feature will be removed in v4.0",
          "Completed.",
          "pip: Collecting eslint",
          "Artifact uploaded: build.tar.gz (14MB)",
          "Loading...",
          "Already up to date.",
          "Optimizing 51 modules...",
          "Pushing to registry...",
          "Cache hit for key-5889",
          "Layer 9/8: ENV command",
          "POST /data - 202 (17ms)",
          "Ready.",
          "Minifying app.js",
          "Ran 108 tests in 42s",
          "Environment: test",
          "Success!",
          "Cache saved successfully",
          "Pulling image: python:latest",
          "[12:51:10] ERROR: Connection failed",
          "Step 14/24: Testing",
          "[12:51:10] INFO: Processing request",
          "Switched to branch 'feature/task-411'",
          "\u2713 lint completed",
          "Step 1/19: Running migrations",
          "Step 11/20: Building",
          "[12:51:10] INFO: Processing request",
          "Compiling utils/service.java...",
          "Coverage: 96% statements, 89% branches",
          "[12:51:10] DEBUG: Memory usage: 807MB",
          "Creating production build...",
          "Ran 177 tests in 10s",
          "[12:51:10] INFO: Connecting to database",
          "[12:51:10] DEBUG: Query executed in 69ms",
          "Ready.",
          "[12:51:10] WARN: Deprecated API usage",
          "Using Python 3.9",
          "HEAD is now at f0aa93a",
          "Bundling main.js",
          "Environment: test",
          "Step 8/15: Running migrations",
          "npm install: added 270 packages",
          "Using Python 3.10",
          "NODE_ENV=development",
          "Finished.",
          "TLS handshake completed",
          "Tests: 79 passed, 220 total",
          "[12:51:10] DEBUG: Connection pool: 17 active",
          "npm notice: package.json updated",
          "=== Step upload_artifacts completed ==="
        ]
      },
      {
        "name": "save_cache",
        "status": "success",
        "started_at": "2025-12-03T12:53:19.248235",
        "finished_at": "2025-12-03T12:53:25.500976",
        "log_lines": [
          "=== Step: save_cache ===",
          "Artifact uploaded: dist.zip (47MB)",
          "Time: 3.479s",
          "Step 2/20: Running migrations",
          "Cache restored successfully (164MB)",
          "[12:51:10] DEBUG: Memory usage: 1193MB",
          "npm install: resolved 1012 packages",
          "Step 16/24: Testing",
          "[12:51:10] DEBUG: Memory usage: 198MB",
          "Creating production build...",
          "WARNING: lodash has known vulnerabilities",
          "Compiling utils/app.ts...",
          "Waiting...",
          "npm install: added 67 packages",
          "npm install: added 168 packages",
          "Step 1/25: Building",
          "Using Python 3.12",
          "Pulling image: node:18",
          "Step 19/15: Deploying",
          "Artifact uploaded: build.tar.gz (24MB)",
          "npm install: added 368 packages",
          "HEAD is now at e334eca",
          "Transforming 966 files...",
          "Pulling image: python:18",
          "[12:51:10] INFO: Processing request",
          "Loading...",
          "[12:51:10] INFO: Connecting to database",
          "\u2713 All checks passed",
          "  PASS: test_api_health (206ms)",
          "Time: 78.691s",
          "Ready.",
          "Minifying vendor.js",
          "  PASS: test_user_create (396ms)",
          "Using Python 3.10",
          "npm notice: created a lockfile",
          "npm install: added 500 packages",
          "Cache miss for key-3837",
          "Time: 91.111s",
          "Minifying app.js",
          "Ran 39 tests in 41s",
          "Platform: win32-x64",
          "Step 9/22: Testing",
          "Already up to date.",
          "Switched to branch 'bugfix/task-899'",
          "[12:51:10] INFO: Processing request",
          "Loading...",
          "[12:51:10] DEBUG: Initializing service",
          "Verifying...",
          "Cache hit for key-1409",
          "[12:51:10] DEBUG: Loading configuration",
          "Cache miss for key-7175",
          "Test Suites: 8 passed, 48 total",
          "Cache miss for key-8324",
          "\u26a0 DEPRECATION: Feature will be removed in v5.0",
          "\u2713 Task completed in 2449ms",
          "OK",
          "Uploading artifact 'build' (5 files)",
          "POST /api - 201 (464ms)",
          "Connection established",
          "[12:51:10] INFO: Cache refreshed",
          "Using Node.js 14.15.0",
          "[12:51:10] INFO: Connecting to database",
          "[12:51:10] INFO: Request completed",
          "Finished.",
          "\u2713 All checks passed",
          "Loading...",
          "Platform: win32-x64",
          "Uploading artifact 'dist' (5 files)",
          "pip: Collecting eslint",
          "\u2713 package completed",
          "Artifact uploaded: dist.zip (57MB)",
          "Finished.",
          "Layer 5/11: RUN command",
          "Pushing to registry...",
          "[12:51:10] DEBUG: Connection pool: 5 active",
          "[12:51:10] ERROR: Connection failed",
          "WARNING: axios has known vulnerabilities",
          "NODE_ENV=development",
          "Step 5/24: Building",
          "Pulling image: python:18",
          "Cache saved successfully",
          "Generating source maps...",
          "\u2713 Step 'build' succeeded",
          "Compiling lib/service.java...",
          "WARNING: react has known vulnerabilities",
          "Already up to date.",
          "\u2713 Task completed in 4246ms",
          "Fetching submodules...",
          "Already up to date.",
          "=== Step save_cache completed ==="
        ]
      },
      {
        "name": "deploy_production",
        "status": "success",
        "started_at": "2025-12-03T12:53:25.500976",
        "finished_at": "2025-12-03T12:53:29.669470",
        "log_lines": [
          "=== Step: deploy_production ===",
          "[12:51:10] DEBUG: Loading configuration",
          "Cache restored successfully (67MB)",
          "Test Suites: 42 passed, 31 total",
          "  PASS: test_cache_hit (261ms)",
          "Step 11/22: Building",
          "Image pulled successfully",
          "[12:51:10] DEBUG: Connection pool: 4 active",
          "Platform: win32-x64",
          "Cache saved successfully",
          "NODE_ENV=test",
          "Optimizing 23 modules...",
          "OK",
          "Loading...",
          "Ready.",
          "Step 2/19: Linting",
          "[12:51:10] DEBUG: Loading configuration",
          "pip install: Successfully installed jest-2.5",
          "Tests: 300 passed, 72 total",
          "npm notice: created a lockfile",
          "Done.",
          "Layer 9/13: ENV command",
          "[12:51:10] WARN: Deprecated API usage",
          "[12:51:10] INFO: Cache refreshed",
          "Step 2/24: Installing dependencies",
          "Pulling image: alpine:3.11",
          "Done.",
          "[12:51:10] WARN: Deprecated API usage",
          "Artifact uploaded: build.tar.gz (1MB)",
          "Cache invalidated: dependencies",
          "[12:51:10] INFO: Starting build process",
          "Time: 44.55s",
          "Pulling image: alpine:3.11",
          "  PASS: unit/test_api_health.spec.js",
          "Compiling lib/utils.go...",
          "Ran 101 tests in 31s",
          "npm install: resolved 1579 packages",
          "\u2713 All checks passed",
          "Generating source maps...",
          "\u26a0 DEPRECATION: Feature will be removed in v3.0",
          "HEAD is now at 5a9487f",
          "Compiling components/utils.go...",
          "npm install: resolved 851 packages",
          "[12:51:10] DEBUG: Connection pool: 19 active",
          "yarn add: Done in 19.2s",
          "\u26a0 DEPRECATION: Feature will be removed in v3.0",
          "Waiting...",
          "Bundling styles.js",
          "Transforming 813 files...",
          "Fetching from https://githubusercontent.com/package.json",
          "pip install: Successfully installed webpack-5.1",
          "\u2713 test completed",
          "Compiling src/main.py...",
          "FAILED: test_auth_login",
          "Snapshots: 6 passed, 19 total",
          "Generating source maps...",
          "[12:51:10] INFO: Processing request",
          "Connection established",
          "Cache miss for key-7947",
          "FAILED: test_auth_login",
          "HEAD is now at f6e68a8",
          "Using Node.js 20.8.3",
          "Switched to branch 'bugfix/task-737'",
          "Creating production build...",
          "OK",
          "[12:51:10] DEBUG: Query executed in 31ms",
          "Transforming 237 files...",
          "Connection established",
          "Step 4/19: Testing",
          "[12:51:10] WARN: Deprecated API usage",
          "pip: Collecting react",
          "npm install: added 184 packages",
          "Success!",
          "Completed.",
          "[12:51:10] INFO: Cache refreshed",
          "Waiting...",
          "Pulling image: node:latest",
          "Image pulled successfully",
          "pip install: Successfully installed lodash-2.16",
          "npm install: added 174 packages",
          "Step 12/17: Running migrations",
          "Tests: 385 passed, 486 total",
          "Pushing to registry...",
          "Ready.",
          "\u2713 package completed",
          "pip: Collecting webpack",
          "Layer 3/10: ENV command",
          "Connection established",
          "Step 19/25: Installing dependencies",
          "=== Step deploy_production completed ==="
        ]
      },
      {
        "name": "unit_tests",
        "status": "success",
        "started_at": "2025-12-03T12:53:29.669470",
        "finished_at": "2025-12-03T12:54:00.933174",
        "log_lines": [
          "=== Step: unit_tests ===",
          "TLS handshake completed",
          "Tests: 229 passed, 456 total",
          "Waiting...",
          "Building Docker image...",
          "WARNING: express has known vulnerabilities",
          "Coverage: 80% statements, 71% branches",
          "Fetching submodules...",
          "Artifact uploaded: build.tar.gz (48MB)",
          "Generating source maps...",
          "Pushing to registry...",
          "Cache miss for key-2424",
          "Success!",
          "Pulling image: alpine:latest",
          "Installing prettier@3.12.7",
          "yarn add: Done in 5.79s",
          "Tests: 201 passed, 404 total",
          "Step 6/25: Deploying",
          "Transforming 344 files...",
          "npm notice: created a lockfile",
          "[12:51:10] INFO: Connecting to database",
          "  PASS: e2e/test_api_health.spec.js",
          "Building Docker image...",
          "Processing...",
          "Step 4/24: Running migrations",
          "[12:51:10] DEBUG: Loading configuration",
          "pip install: Successfully installed prettier-1.8",
          "Transforming 192 files...",
          "WARNING: eslint has known vulnerabilities",
          "[12:51:10] DEBUG: Initializing service",
          "Artifact uploaded: dist.zip (35MB)",
          "OK",
          "Completed.",
          "NODE_ENV=development",
          "Snapshots: 13 passed, 42 total",
          "OK",
          "\u2713 All checks passed",
          "Minifying main.js",
          "Building Docker image...",
          "npm notice: created a lockfile",
          "Verifying...",
          "Step 14/19: Running migrations",
          "Step 2/15: Building",
          "[12:51:10] WARN: Deprecated API usage",
          "Artifact downloaded: 32MB",
          "Transforming 259 files...",
          "Using Python 3.12",
          "yarn add: Done in 12.36s",
          "\u2713 Task completed in 3696ms",
          "[12:51:10] WARN: Deprecated API usage",
          "Compiling components/service.java...",
          "Using Python 3.10",
          "[12:51:10] DEBUG: Query executed in 98ms",
          "Step 4/19: Building",
          "Switched to branch 'feature/task-747'",
          "Snapshots: 40 passed, 29 total",
          "[12:51:10] INFO: Connecting to database",
          "  PASS: test_cache_hit (61ms)",
          "pip: Installing build dependencies...",
          "POST /data - 201 (54ms)",
          "Step 18/22: Testing",
          "[12:51:10] WARN: Deprecated API usage",
          "FAILED: test_auth_login",
          "pip: Collecting prettier",
          "Bundling runtime.js",
          "Step 17/19: Running migrations",
          "Using Python 3.10",
          "NODE_ENV=test",
          "Finished.",
          "Generating source maps...",
          "Test Suites: 12 passed, 7 total",
          "npm install: added 89 packages",
          "WARNING: prettier has known vulnerabilities",
          "Pulling image: alpine:latest",
          "POST /upload - 202 (285ms)",
          "\u26a0 DEPRECATION: Feature will be removed in v4.0",
          "Processing...",
          "Checking out develop branch",
          "WARNING: webpack has known vulnerabilities",
          "[12:51:10] INFO: Starting build process",
          "Test Suites: 11 passed, 19 total",
          "Done.",
          "pip install: Successfully installed express-5.0",
          "OK",
          "Using Python 3.9",
          "Step 14/20: Installing dependencies",
          "[12:51:10] INFO: Cache refreshed",
          "Artifact uploaded: build.tar.gz (42MB)",
          "npm notice: created a lockfile",
          "=== Step unit_tests completed ==="
        ]
      },
      {
        "name": "setup_environment",
        "status": "success",
        "started_at": "2025-12-03T12:54:00.933174",
        "finished_at": "2025-12-03T12:54:11.354409",
        "log_lines": [
          "=== Step: setup_environment ===",
          "Processing...",
          "pip: Collecting express",
          "Already up to date.",
          "[12:51:10] WARN: Deprecated API usage",
          "npm notice: package.json updated",
          "Optimizing 46 modules...",
          "Environment: development",
          "\u2713 Step 'test' succeeded",
          "Cache invalidated: node_modules",
          "Cache miss for key-7109",
          "Using Node.js 14.4.5",
          "Transforming 139 files...",
          "npm notice: package.json updated",
          "[12:51:10] INFO: Processing request",
          "\u2717 build failed with exit code 54",
          "Finished.",
          "Creating production build...",
          "Compiling src/index.js...",
          "Step 11/22: Deploying",
          "\u2713 lint completed",
          "Success!",
          "HEAD is now at 7a8f2f1",
          "Checking out develop branch",
          "\u26a0 DEPRECATION: Feature will be removed in v3.0",
          "Optimizing 28 modules...",
          "  PASS: test_user_create (126ms)",
          "npm notice: created a lockfile",
          "Cache saved successfully",
          "\u2713 lint completed",
          "[12:51:10] ERROR: Connection failed",
          "Already up to date.",
          "Success!",
          "pip: Installing build dependencies...",
          "Creating production build...",
          "\u2713 deploy completed",
          "Artifact uploaded: dist.zip (89MB)",
          "npm install: resolved 1860 packages",
          "Using Node.js 19.6.2",
          "Processing...",
          "Time: 59.736s",
          "[12:51:10] DEBUG: Connection pool: 3 active",
          "\u2713 Task completed in 3782ms",
          "Step 14/17: Testing",
          "Compiling src/utils.go...",
          "Transforming 648 files...",
          "Ran 89 tests in 44s",
          "Pulling image: node:18",
          "Step 8/19: Testing",
          "\u2713 Task completed in 4768ms",
          "Loading...",
          "Compiling components/index.js...",
          "Time: 104.930s",
          "Artifact uploaded: dist.zip (87MB)",
          "Finished.",
          "npm install: added 101 packages",
          "Time: 14.374s",
          "Pulling image: node:3.11",
          "Finished.",
          "[12:51:10] WARN: Deprecated API usage",
          "NODE_ENV=test",
          "\u26a0 DEPRECATION: Feature will be removed in v5.0",
          "\u26a0 DEPRECATION: Feature will be removed in v5.0",
          "Done.",
          "Fetching submodules...",
          "Switched to branch 'feature/task-612'",
          "[12:51:10] INFO: Starting build process",
          "Environment: test",
          "Creating production build...",
          "Done.",
          "Compiling lib/handler.rs...",
          "WARNING: lodash has known vulnerabilities",
          "Pulling image: node:latest",
          "Layer 4/8: RUN command",
          "Creating production build...",
          "Using Node.js 19.7.7",
          "[12:51:10] INFO: Processing request",
          "Done.",
          "Fetching from https://docker.io/package.json",
          "pip: Downloading express-2.2.tar.gz",
          "\u2713 Step 'test' succeeded",
          "Image pulled successfully",
          "Compiling utils/handler.rs...",
          "[12:51:10] DEBUG: Query executed in 8ms",
          "Verifying...",
          "\u2713 Task completed in 4901ms",
          "npm install: resolved 998 packages",
          "npm notice: created a lockfile",
          "Transforming 523 files...",
          "=== Step setup_environment completed ==="
        ]
      },
      {
        "name": "deploy_staging",
        "status": "success",
        "started_at": "2025-12-03T12:54:11.354409",
        "finished_at": "2025-12-03T12:54:21.775644",
        "log_lines": [
          "=== Step: deploy_staging ===",
          "Time: 35.235s",
          "Fetching submodules...",
          "[12:51:10] INFO: Cache refreshed",
          "Step 11/21: Running migrations",
          "Tests: 90 passed, 407 total",
          "Cache restored successfully (59MB)",
          "FAILED: test_user_create",
          "[12:51:10] DEBUG: Connection pool: 4 active",
          "[12:51:10] DEBUG: Loading configuration",
          "Cache restored successfully (26MB)",
          "Ready.",
          "npm install: added 362 packages",
          "Bundling styles.css",
          "Already up to date.",
          "TLS handshake completed",
          "Uploading artifact 'coverage' (24 files)",
          "Compiling components/main.py...",
          "\u2713 Step 'test' succeeded",
          "  PASS: test_db_connect (353ms)",
          "Step 1/15: Running migrations",
          "Tests: 417 passed, 192 total",
          "yarn add: Done in 13.21s",
          "[12:51:10] DEBUG: Connection pool: 17 active",
          "Artifact uploaded: dist.zip (43MB)",
          "Using Python 3.12",
          "Fetching from https://github.com/package.json",
          "npm install: resolved 952 packages",
          "Using Python 3.9",
          "Step 19/25: Installing dependencies",
          "Pulling image: alpine:18",
          "Installing jest@4.10.7",
          "Installing eslint@5.6.2",
          "Using Python 3.12",
          "WARNING: prettier has known vulnerabilities",
          "[12:51:10] DEBUG: Loading configuration",
          "npm notice: package.json updated",
          "Time: 58.61s",
          "Minifying main.js",
          "Using Node.js 18.10.9",
          "Compiling components/main.py...",
          "\u26a0 DEPRECATION: Feature will be removed in v3.0",
          "\u2713 Task completed in 3795ms",
          "Tests: 280 passed, 369 total",
          "\u26a0 DEPRECATION: Feature will be removed in v5.0",
          "Step 13/25: Testing",
          "pip: Downloading react-5.10.tar.gz",
          "Switched to branch 'bugfix/task-512'",
          "[12:51:10] ERROR: Connection failed",
          "[12:51:10] DEBUG: Initializing service",
          "pip install: Successfully installed eslint-2.5",
          "\u26a0 DEPRECATION: Feature will be removed in v4.0",
          "Processing...",
          "[12:51:10] WARN: Deprecated API usage",
          "GET /api - 200 (21ms)",
          "POST /api - 200 (451ms)",
          "Step 8/19: Running migrations",
          "Processing...",
          "Compiling components/index.js...",
          "npm notice: created a lockfile",
          "[12:51:10] WARN: Deprecated API usage",
          "\u26a0 DEPRECATION: Feature will be removed in v2.0",
          "Fetching from https://npmjs.org/package.json",
          "Coverage: 85% statements, 65% branches",
          "Time: 13.407s",
          "Building Docker image...",
          "Environment: test",
          "Snapshots: 43 passed, 44 total",
          "Minifying vendor.js",
          "Compiling components/utils.go...",
          "[12:51:10] WARN: Deprecated API usage",
          "pip: Downloading eslint-1.10.tar.gz",
          "Exception: TypeError",
          "Loading...",
          "yarn add: Done in 4.20s",
          "Fetching submodules...",
          "  PASS: test_auth_login (317ms)",
          "POST /api - 201 (103ms)",
          "Verifying...",
          "Layer 2/13: RUN command",
          "Compiling src/index.js...",
          "Artifact uploaded: dist.zip (90MB)",
          "WARNING: webpack has known vulnerabilities",
          "Fetching from https://docker.io/package.json",
          "Minifying main.js",
          "npm notice: package.json updated",
          "Step 6/20: Testing",
          "Exception: ValueError",
          "yarn add: Done in 23.74s",
          "=== Step deploy_staging completed ==="
        ]
      }
    ],
    "label": "normal"
  }
}