{
  "action": "completed",
  "workflow_run": {
    "id": 415,
    "name": "CI Pipeline",
    "head_branch": "main",
    "head_sha": "6420e86a5351f89d548860d0d2a85f4019594014",
    "status": "completed",
    "conclusion": "success",
    "run_started_at": "2025-12-05T12:51:17.434602Z",
    "updated_at": "2025-12-05T12:53:52.223393Z"
  },
  "repository": {
    "full_name": "acme-corp/web-app",
    "name": "web-app"
  },
  "sender": {
    "login": "charlie"
  },
  "_safeops_extended": {
    "raw_logs": "=== Step: install_dependencies ===\nStep 5/24: Building\n[12:51:17] WARN: Deprecated API usage\nCache miss for key-3974\nLoading...\nCache miss for key-4819\nConnection established\n[12:51:17] INFO: Request completed\nWaiting...\n\u2713 Step 'checkout' succeeded\nCompiling src/utils.go...\nProcessing...\nAlready up to date.\n[12:51:17] DEBUG: Initializing service\nStep 1/23: Testing\nMinifying app.js\nnpm install: resolved 1776 packages\nSnapshots: 50 passed, 10 total\nBundling vendor.js\n\u2713 test completed\nBundling main.js\nOptimizing 90 modules...\n[12:51:17] DEBUG: Query executed in 77ms\n\u26a0 DEPRECATION: Feature will be removed in v3.0\nProcessing...\nOK\nStep 17/21: Running migrations\nCreating production build...\nUsing Python 3.10\nWARNING: jest has known vulnerabilities\nTransforming 962 files...\nProcessing...\nCache hit for key-9909\npip: Installing build dependencies...\nBundling main.js\nUsing Node.js 15.5.4\nOptimizing 45 modules...\nProcessing...\n[12:51:17] INFO: Starting build process\n  PASS: test_db_connect (209ms)\npip install: Successfully installed axios-4.2\nnpm notice: created a lockfile\n[12:51:17] DEBUG: Memory usage: 596MB\nOK\nWaiting...\n[12:51:17] DEBUG: Query executed in 64ms\nCoverage: 86% statements, 78% branches\nGET /api - 200 (12ms)\npip: Downloading react-5.17.tar.gz\nException: ValueError\n[12:51:17] WARN: Deprecated API usage\nException: NullPointerException\n[12:51:17] INFO: Request completed\n[12:51:17] INFO: Connecting to database\n[12:51:17] WARN: Deprecated API usage\nPlatform: darwin-arm64\n[12:51:17] DEBUG: Connection pool: 7 active\nFinished.\nCompiling lib/index.js...\n\u2713 All checks passed\nSwitched to branch 'feature/task-420'\nTransforming 872 files...\nTest Suites: 38 passed, 32 total\n[12:51:17] ERROR: Connection failed\nConnection established\nTime: 75.589s\nBuilding Docker image...\nTLS handshake completed\n[12:51:17] INFO: Cache refreshed\nVerifying...\nCreating production build...\nGET /api - 204 (13ms)\nSnapshots: 17 passed, 43 total\nBuilding Docker image...\nPushing to registry...\nFetching from https://pypi.org/package.json\n[12:51:17] DEBUG: Initializing service\nArtifact downloaded: 4MB\nChecking out develop branch\n[12:51:17] WARN: Deprecated API usage\nFinished.\nTests: 411 passed, 96 total\nPOST /data - 202 (266ms)\n[12:51:17] WARN: Deprecated API usage\nPlatform: linux-x64\nStep 15/25: Installing dependencies\n  PASS: integration/test_db_connect.spec.js\n\u26a0 DEPRECATION: Feature will be removed in v3.0\nAlready up to date.\nTests: 172 passed, 68 total\n\u26a0 DEPRECATION: Feature will be removed in v3.0\nPulling image: node:latest\npip install: Successfully installed eslint-4.3\nLoading...\npip: Installing build dependencies...\nTLS handshake completed\nImage pulled successfully\nStep 5/25: Linting\n[12:51:17] ERROR: Connection failed\nFetching from https://githubusercontent.com/package.json\nAlready up to date.\nCompleted.\npip: Collecting express\nChecking out develop branch\nStep 6/21: Testing\npip: Installing build dependencies...\n[12:51:17] INFO: Connecting to database\nFetching submodules...\nWARNING: webpack has known vulnerabilities\n[12:51:17] ERROR: Connection failed\nFAILED: test_api_health\nException: NullPointerException\nCompleted.\nCreating production build...\nCompiling lib/index.js...\nnpm install: resolved 1687 packages\npip: Collecting webpack\nReady.\n[12:51:17] WARN: Deprecated API usage\nGenerating source maps...\n[12:51:17] DEBUG: Initializing service\n[12:51:17] INFO: Request completed\npip install: Successfully installed prettier-4.1\nnpm install: added 379 packages\npip install: Successfully installed react-2.6\nStep 13/24: Deploying\npip install: Successfully installed prettier-1.3\nFetching submodules...\nLayer 10/11: COPY command\nWARNING: lodash has known vulnerabilities\nTests: 495 passed, 55 total\nCompiling src/utils.go...\n\u26a0 DEPRECATION: Feature will be removed in v5.0\n[12:51:17] ERROR: Connection failed\nArtifact uploaded: dist.zip (34MB)\nEnvironment: development\nGenerating source maps...\nBuilding Docker image...\nBuilding Docker image...\n[12:51:17] WARN: Deprecated API usage\n[12:51:17] DEBUG: Memory usage: 695MB\nSwitched to branch 'feature/task-454'\n[12:51:17] INFO: Processing request\nSwitched to branch 'feature/task-294'\nVerifying...\nBundling vendor.js\nUsing Python 3.10\npip: Installing build dependencies...\nAlready up to date.\npip: Installing build dependencies...\nCache saved successfully\nCompiling lib/app.ts...\nFinished.\n\u26a0 DEPRECATION: Feature will be removed in v2.0\nChecking out master branch\n[12:51:17] WARN: Deprecated API usage\nConnection established\n=== Step install_dependencies completed ===\n=== Step: integration_tests ===\nCoverage: 87% statements, 96% branches\n[12:51:17] INFO: Connecting to database\nGET /health - 200 (80ms)\nWaiting...\nFinished.\nArtifact uploaded: dist.zip (71MB)\nCompiling utils/utils.go...\nCompiling components/app.ts...\nChecking out master branch\n[12:51:17] DEBUG: Initializing service\nGET /api - 204 (100ms)\nCache restored successfully (292MB)\nStep 7/25: Deploying\n[12:51:17] DEBUG: Initializing service\nStep 11/18: Linting\nPOST /api - 202 (128ms)\nFetching submodules...\nStep 14/19: Linting\nWARNING: eslint has known vulnerabilities\nCache invalidated: build\nUsing Python 3.12\npip: Installing build dependencies...\nFinished.\n[12:51:17] DEBUG: Query executed in 74ms\n[12:51:17] INFO: Processing request\nnpm install: resolved 1312 packages\nFetching from https://googleapis.com/package.json\nCompiling lib/utils.go...\nArtifact downloaded: 29MB\nWaiting...\nnpm notice: package.json updated\n[12:51:17] INFO: Cache refreshed\nSuccess!\nPushing to registry...\nTests: 71 passed, 167 total\nPOST /upload - 201 (186ms)\n[12:51:17] INFO: Processing request\nArtifact uploaded: dist.zip (22MB)\n[12:51:17] INFO: Cache refreshed\n[12:51:17] INFO: Connecting to database\n[12:51:17] INFO: Starting build process\nSuccess!\nWaiting...\nnpm notice: package.json updated\nUploading artifact 'coverage' (3 files)\nCompiling utils/main.py...\nStep 12/25: Installing dependencies\nWARNING: webpack has known vulnerabilities\nSnapshots: 27 passed, 14 total\nnpm notice: package.json updated\nUploading artifact 'dist' (13 files)\nnpm install: resolved 219 packages\nDone.\nnpm notice: created a lockfile\n[12:51:17] WARN: Deprecated API usage\n[12:51:17] WARN: Deprecated API usage\nStep 4/21: Deploying\nRan 19 tests in 47s\nFetching submodules...\nPOST /api - 201 (414ms)\nTLS handshake completed\n[12:51:17] INFO: Request completed\nInstalling jest@2.5.7\nnpm notice: package.json updated\nWARNING: axios has known vulnerabilities\n[12:51:17] DEBUG: Connection pool: 15 active\nCache saved successfully\nFetching from https://npmjs.org/package.json\nUploading artifact 'dist' (11 files)\n[12:51:17] WARN: Deprecated API usage\nPlatform: darwin-arm64\nFAILED: test_auth_login\npip install: Successfully installed jest-4.9\nCompleted.\nTests: 205 passed, 167 total\n  PASS: test_cache_hit (343ms)\n  PASS: integration/test_cache_hit.spec.js\nCoverage: 84% statements, 74% branches\n[12:51:17] DEBUG: Initializing service\nPushing to registry...\n[12:51:17] INFO: Cache refreshed\nLoading...\nCreating production build...\nNODE_ENV=production\nSwitched to branch 'feature/task-310'\nOK\nArtifact downloaded: 43MB\nBuilding Docker image...\nArtifact uploaded: build.tar.gz (27MB)\nTransforming 651 files...\nEnvironment: staging\nStep 17/18: Running migrations\nVerifying...\nStep 14/24: Running migrations\n[12:51:17] ERROR: Connection failed\nRan 135 tests in 18s\n[12:51:17] DEBUG: Query executed in 58ms\n  PASS: test_auth_login (440ms)\nCache hit for key-6760\n[12:51:17] ERROR: Connection failed\nCache restored successfully (497MB)\n\u26a0 DEPRECATION: Feature will be removed in v4.0\n[12:51:17] ERROR: Connection failed\n[12:51:17] DEBUG: Query executed in 10ms\n\u2713 deploy completed\nStep 14/25: Building\nPulling image: node:latest\npip install: Successfully installed lodash-4.3\n[12:51:17] WARN: Deprecated API usage\nHEAD is now at 4a58fd2\nChecking out develop branch\nWARNING: axios has known vulnerabilities\nArtifact downloaded: 18MB\nArtifact downloaded: 38MB\nCache hit for key-4657\n[12:51:17] INFO: Processing request\nCache hit for key-6316\nMinifying vendor.js\nStep 4/22: Linting\nHEAD is now at 8026a8c\nFAILED: test_auth_login\n[12:51:17] WARN: Deprecated API usage\n[12:51:17] INFO: Cache refreshed\n[12:51:17] INFO: Starting build process\nBundling runtime.css\nBundling vendor.css\nArtifact uploaded: dist.zip (65MB)\n[12:51:17] DEBUG: Query executed in 16ms\n[12:51:17] DEBUG: Query executed in 33ms\nProcessing...\nStep 11/18: Deploying\n[12:51:17] WARN: Deprecated API usage\nPulling image: node:3.11\n\u26a0 DEPRECATION: Feature will be removed in v3.0\n\u2713 All checks passed\npip: Downloading webpack-2.11.tar.gz\nNODE_ENV=test\nnpm install: resolved 179 packages\nCache miss for key-5018\nNODE_ENV=production\n[12:51:17] INFO: Connecting to database\nCompiling components/handler.rs...\nUploading artifact 'build' (34 files)\n[12:51:17] ERROR: Connection failed\nUploading artifact 'coverage' (48 files)\nStep 16/16: Building\n[12:51:17] WARN: Deprecated API usage\nStep 20/19: Installing dependencies\n[12:51:17] DEBUG: Memory usage: 1675MB\nWARNING: prettier has known vulnerabilities\nVerifying...\nBuilding Docker image...\npip: Installing build dependencies...\nWARNING: eslint has known vulnerabilities\nRan 171 tests in 37s\nCache miss for key-1576\n=== Step integration_tests completed ===\n=== Step: setup_node ===\n[12:51:17] INFO: Request completed\n\u2713 test completed\nGenerating source maps...\npip: Collecting jest\nGET /health - 201 (51ms)\nFAILED: test_cache_hit\nEnvironment: development\nStep 9/24: Installing dependencies\nArtifact uploaded: dist.zip (92MB)\n[12:51:17] DEBUG: Loading configuration\n  PASS: unit/test_user_create.spec.js\nReady.\nFetching submodules...\n\u2713 Task completed in 1642ms\nFetching from https://googleapis.com/package.json\nFetching submodules...\nWARNING: eslint has known vulnerabilities\nSnapshots: 1 passed, 22 total\nArtifact downloaded: 42MB\nCache hit for key-2125\nChecking out main branch\nFetching submodules...\nnpm notice: package.json updated\n  PASS: e2e/test_user_create.spec.js\nTransforming 776 files...\nArtifact downloaded: 27MB\nCache restored successfully (358MB)\nCreating production build...\nException: ValueError\nBundling vendor.css\n[12:51:17] INFO: Starting build process\nCompiling src/main.py...\n[12:51:17] WARN: Deprecated API usage\n  PASS: test_db_connect (454ms)\n[12:51:17] WARN: Deprecated API usage\nnpm install: added 183 packages\npip install: Successfully installed prettier-2.5\npip: Downloading express-2.1.tar.gz\n[12:51:17] INFO: Request completed\n\u26a0 DEPRECATION: Feature will be removed in v5.0\nOK\nStep 5/18: Linting\nUploading artifact 'dist' (46 files)\nRan 103 tests in 17s\n[12:51:17] DEBUG: Memory usage: 1352MB\nEnvironment: production\n\u2713 Step 'test' succeeded\nRan 21 tests in 54s\nyarn add: Done in 13.99s\nSwitched to branch 'feature/task-631'\nFetching submodules...\nnpm notice: created a lockfile\nWARNING: eslint has known vulnerabilities\n[12:51:17] DEBUG: Query executed in 97ms\nInstalling lodash@5.17.8\nException: NullPointerException\nTLS handshake completed\nGET /api - 204 (7ms)\nCoverage: 73% statements, 65% branches\nConnection established\nCache hit for key-3918\nStep 5/18: Installing dependencies\nTLS handshake completed\nCompiling components/utils.go...\nEnvironment: production\n[12:51:17] INFO: Processing request\n[12:51:17] ERROR: Connection failed\n[12:51:17] WARN: Deprecated API usage\nFinished.\nWARNING: eslint has known vulnerabilities\n\u26a0 DEPRECATION: Feature will be removed in v2.0\nCompiling components/main.py...\nStep 19/24: Deploying\nRan 130 tests in 35s\nLayer 1/12: COPY command\nnpm notice: created a lockfile\nCompleted.\nWaiting...\nPulling image: python:18\nCompleted.\nTests: 192 passed, 285 total\n[12:51:17] DEBUG: Loading configuration\nProcessing...\nImage pulled successfully\nCompiling lib/utils.go...\nCache restored successfully (396MB)\nCache saved successfully\nArtifact uploaded: dist.zip (57MB)\nCache invalidated: build\n\u2713 test completed\nWARNING: prettier has known vulnerabilities\n[12:51:17] INFO: Connecting to database\nSwitched to branch 'bugfix/task-365'\nReady.\nHEAD is now at a886eb6\n[12:51:17] DEBUG: Query executed in 37ms\nCompiling src/handler.rs...\nyarn add: Done in 24.35s\nUploading artifact 'build' (30 files)\nWARNING: eslint has known vulnerabilities\n\u26a0 DEPRECATION: Feature will be removed in v3.0\nTransforming 677 files...\nFetching from https://npmjs.org/package.json\nProcessing...\n[12:51:17] INFO: Cache refreshed\n[12:51:17] INFO: Processing request\nCompiling utils/index.js...\n[12:51:17] DEBUG: Connection pool: 18 active\n\u2713 All checks passed\n\u2713 Task completed in 3052ms\n[12:51:17] DEBUG: Loading configuration\n\u2713 package completed\npip install: Successfully installed prettier-2.11\nConnection established\nCoverage: 83% statements, 82% branches\n[12:51:17] WARN: Deprecated API usage\nOptimizing 33 modules...\nUsing Python 3.9\nCompiling src/service.java...\nOptimizing 21 modules...\nWARNING: jest has known vulnerabilities\n[12:51:17] DEBUG: Connection pool: 19 active\nSuccess!\nArtifact uploaded: build.tar.gz (44MB)\nCompiling components/index.js...\nFetching submodules...\nWARNING: lodash has known vulnerabilities\nReady.\nLayer 5/14: ENV command\nBuilding Docker image...\nTransforming 340 files...\nTLS handshake completed\nStep 9/25: Building\nUsing Node.js 16.3.1\nSuccess!\nLoading...\nArtifact uploaded: build.tar.gz (13MB)\n\u2713 Step 'checkout' succeeded\nLoading...\nVerifying...\nUploading artifact 'dist' (4 files)\nnpm notice: created a lockfile\nWARNING: axios has known vulnerabilities\n[12:51:17] DEBUG: Memory usage: 1900MB\n[12:51:17] WARN: Deprecated API usage\n\u2713 package completed\nSwitched to branch 'bugfix/task-627'\nWARNING: jest has known vulnerabilities\nFAILED: test_db_connect\nDone.\nUploading artifact 'coverage' (19 files)\n[12:51:17] INFO: Request completed\nFetching from https://gcr.io/package.json\n[12:51:17] DEBUG: Memory usage: 1094MB\n  PASS: e2e/test_auth_login.spec.js\n[12:51:17] DEBUG: Initializing service\n=== Step setup_node completed ===\n=== Step: lint ===\n[12:51:17] WARN: Deprecated API usage\nMinifying vendor.js\nCache invalidated: build\nAlready up to date.\n[12:51:17] INFO: Connecting to database\nImage pulled successfully\nCompiling lib/main.py...\nException: RuntimeError\nRan 197 tests in 8s\nStep 15/23: Installing dependencies\nGenerating source maps...\nBundling runtime.css\nnpm install: resolved 257 packages\npip: Collecting lodash\nPlatform: darwin-arm64\nCache miss for key-2820\n[12:51:17] INFO: Starting build process\nStep 20/22: Linting\nCache invalidated: node_modules\nCache miss for key-7248\nStep 11/24: Running migrations\nCompiling lib/index.js...\n[12:51:17] INFO: Request completed\nChecking out main branch\nGenerating source maps...\n\u2713 All checks passed\nPOST /upload - 202 (395ms)\nLayer 4/10: RUN command\n\u26a0 DEPRECATION: Feature will be removed in v4.0\nStep 7/23: Installing dependencies\nSnapshots: 38 passed, 6 total\nWARNING: jest has known vulnerabilities\nGET /api - 200 (31ms)\n[12:51:17] ERROR: Connection failed\nUsing Node.js 19.4.1\nPushing to registry...\nStep 19/24: Running migrations\nCache miss for key-5836\nCoverage: 73% statements, 79% branches\nReady.\nWARNING: express has known vulnerabilities\n\u2713 All checks passed\nSuccess!\n\u26a0 DEPRECATION: Feature will be removed in v4.0\nStep 13/25: Testing\n[12:51:17] DEBUG: Memory usage: 1542MB\n[12:51:17] WARN: Deprecated API usage\nVerifying...\nPushing to registry...\npip: Downloading jest-5.5.tar.gz\nFetching from https://github.com/package.json\nNODE_ENV=production\nBundling main.css\nBuilding Docker image...\nUsing Node.js 15.16.10\n[12:51:17] ERROR: Connection failed\nStep 1/16: Installing dependencies\nSnapshots: 36 passed, 21 total\nWaiting...\nyarn add: Done in 25.14s\npip: Collecting lodash\nFetching from https://npmjs.org/package.json\nPulling image: python:18\nCache invalidated: build\nBundling styles.css\nyarn add: Done in 25.95s\nInstalling express@3.9.5\nCompiling components/index.js...\n\u26a0 DEPRECATION: Feature will be removed in v5.0\nnpm notice: created a lockfile\n[12:51:17] INFO: Processing request\nProcessing...\nStep 13/18: Deploying\nWaiting...\nBundling runtime.js\nOK\nHEAD is now at 61ee511\n\u2713 package completed\nDone.\nStep 1/25: Installing dependencies\nCompiling src/utils.go...\nnpm install: added 359 packages\n[12:51:17] INFO: Connecting to database\nInstalling axios@3.4.1\npip: Collecting eslint\n[12:51:17] WARN: Deprecated API usage\nTests: 341 passed, 136 total\nTransforming 697 files...\n[12:51:17] INFO: Starting build process\nAlready up to date.\n\u26a0 DEPRECATION: Feature will be removed in v4.0\nTransforming 123 files...\n  PASS: e2e/test_auth_login.spec.js\n[12:51:17] DEBUG: Loading configuration\nBuilding Docker image...\nReady.\n[12:51:17] INFO: Starting build process\nCompleted.\nCache invalidated: node_modules\nPulling image: alpine:3.11\nStep 18/23: Building\n[12:51:17] DEBUG: Memory usage: 253MB\nTest Suites: 47 passed, 17 total\nStep 20/19: Installing dependencies\nCreating production build...\nSnapshots: 10 passed, 4 total\n\u2713 lint completed\n[12:51:17] INFO: Starting build process\nDone.\nStep 14/19: Installing dependencies\n[12:51:17] DEBUG: Query executed in 21ms\nReady.\nLoading...\nCompiling components/index.js...\nnpm install: added 485 packages\nImage pulled successfully\nPlatform: darwin-arm64\nArtifact downloaded: 8MB\n[12:51:17] ERROR: Connection failed\nRan 94 tests in 24s\nTests: 324 passed, 208 total\nSuccess!\nStep 13/18: Installing dependencies\nOK\nWARNING: jest has known vulnerabilities\nTransforming 937 files...\nTest Suites: 23 passed, 35 total\npip: Collecting lodash\n\u2713 Task completed in 3131ms\nCache invalidated: node_modules\n[12:51:17] DEBUG: Loading configuration\nWaiting...\nUsing Node.js 19.13.4\nCompiling components/service.java...\nWARNING: prettier has known vulnerabilities\nWaiting...\nUsing Python 3.12\npip: Collecting lodash\nCoverage: 93% statements, 83% branches\nCompiling components/handler.rs...\nnpm notice: created a lockfile\nPulling image: python:3.11\nStep 16/19: Deploying\nChecking out master branch\nReady.\nFAILED: test_cache_hit\nPushing to registry...\nStep 2/17: Running migrations\nWaiting...\n[12:51:17] WARN: Deprecated API usage\nWARNING: express has known vulnerabilities\n\u2717 build failed with exit code 105\nnpm notice: created a lockfile\npip: Installing build dependencies...\nDone.\nFinished.\n=== Step lint completed ===\n=== Step: e2e_tests ===\nStep 10/21: Testing\n\u2713 All checks passed\nTransforming 205 files...\nPOST /api - 202 (415ms)\nCoverage: 95% statements, 74% branches\nCompiling lib/utils.go...\nnpm notice: created a lockfile\nVerifying...\nAlready up to date.\nUsing Python 3.11\npip: Collecting webpack\n[12:51:17] DEBUG: Memory usage: 936MB\nOptimizing 30 modules...\nCache invalidated: dependencies\nReady.\nPushing to registry...\nSnapshots: 46 passed, 12 total\nHEAD is now at 1490e7c\n[12:51:17] DEBUG: Connection pool: 5 active\nTLS handshake completed\n[12:51:17] INFO: Connecting to database\nCompiling src/main.py...\nVerifying...\nHEAD is now at f146d76\nWARNING: lodash has known vulnerabilities\nSnapshots: 37 passed, 19 total\npip: Downloading axios-3.8.tar.gz\nCompiling lib/service.java...\nInstalling eslint@4.18.10\n\u26a0 DEPRECATION: Feature will be removed in v4.0\nStep 6/22: Running migrations\nAlready up to date.\nTime: 66.169s\nnpm install: added 416 packages\nnpm notice: package.json updated\nArtifact downloaded: 49MB\nnpm notice: created a lockfile\npip: Installing build dependencies...\nUploading artifact 'coverage' (30 files)\npip: Installing build dependencies...\nSwitched to branch 'hotfix/task-398'\nWARNING: eslint has known vulnerabilities\nSwitched to branch 'hotfix/task-880'\n[12:51:17] DEBUG: Query executed in 14ms\nUsing Python 3.10\npip: Collecting express\nLoading...\n[12:51:17] INFO: Connecting to database\n[12:51:17] DEBUG: Initializing service\nRan 177 tests in 37s\nFetching submodules...\nCompiling utils/index.js...\nMinifying main.js\nGET /status - 200 (61ms)\nFinished.\nCache invalidated: node_modules\nConnection established\nCache invalidated: dependencies\nLoading...\n[12:51:17] WARN: Deprecated API usage\nPlatform: darwin-arm64\nPulling image: node:latest\n  PASS: e2e/test_cache_hit.spec.js\nDone.\nUsing Python 3.9\n\u2713 Step 'checkout' succeeded\n[12:51:17] INFO: Starting build process\n[12:51:17] DEBUG: Initializing service\nSwitched to branch 'feature/task-657'\nCache hit for key-6585\n\u26a0 DEPRECATION: Feature will be removed in v5.0\nCache miss for key-3783\nRan 186 tests in 38s\nTests: 435 passed, 315 total\n[12:51:17] INFO: Request completed\nStep 6/19: Testing\nVerifying...\nWARNING: webpack has known vulnerabilities\npip: Collecting jest\nCompleted.\npip: Installing build dependencies...\nnpm notice: package.json updated\n[12:51:17] DEBUG: Loading configuration\nWARNING: axios has known vulnerabilities\nSuccess!\n[12:51:17] INFO: Processing request\nEnvironment: staging\nUsing Python 3.12\n[12:51:17] DEBUG: Connection pool: 16 active\nCompiling lib/handler.rs...\n\u2713 Step 'setup' succeeded\n[12:51:17] INFO: Processing request\nEnvironment: staging\nStep 11/17: Linting\nBundling styles.js\nGenerating source maps...\n[12:51:17] INFO: Connecting to database\nImage pulled successfully\n[12:51:17] INFO: Request completed\nImage pulled successfully\nArtifact uploaded: dist.zip (48MB)\npip: Installing build dependencies...\nTransforming 658 files...\nWaiting...\npip: Collecting eslint\nCache invalidated: dependencies\nHEAD is now at 4e5857c\n\u26a0 DEPRECATION: Feature will be removed in v2.0\nStep 1/24: Running migrations\nUsing Node.js 20.14.7\nWARNING: react has known vulnerabilities\n[12:51:17] INFO: Request completed\nDone.\nMinifying main.js\nException: ValueError\nUploading artifact 'dist' (23 files)\nnpm notice: created a lockfile\nCache restored successfully (396MB)\n[12:51:17] INFO: Request completed\nLayer 6/8: COPY command\nProcessing...\npip install: Successfully installed eslint-3.20\nCoverage: 85% statements, 62% branches\nOptimizing 64 modules...\nImage pulled successfully\nStep 12/24: Running migrations\nVerifying...\nCreating production build...\nStep 14/23: Testing\nArtifact uploaded: build.tar.gz (49MB)\nFetching submodules...\nVerifying...\nMinifying app.js\nFinished.\nProcessing...\nTLS handshake completed\nCache miss for key-4968\nEnvironment: staging\nStep 13/21: Building\nCompiling components/main.py...\nPOST /upload - 200 (191ms)\n\u2713 All checks passed\nCreating production build...\nCompiling lib/app.ts...\npip install: Successfully installed axios-3.12\nArtifact downloaded: 24MB\nRan 108 tests in 34s\n[12:51:17] WARN: Deprecated API usage\n[12:51:17] WARN: Deprecated API usage\nnpm notice: package.json updated\n[12:51:17] INFO: Processing request\nGenerating source maps...\nnpm notice: created a lockfile\n[12:51:17] DEBUG: Query executed in 57ms\npip: Downloading webpack-2.1.tar.gz\nCoverage: 71% statements, 76% branches\n=== Step e2e_tests completed ===\n=== Step: deploy_production ===\nNODE_ENV=development\nProcessing...\nUsing Node.js 18.5.4\nChecking out master branch\nTime: 113.174s\n[12:51:17] DEBUG: Query executed in 29ms\nBundling main.js\nCompiling components/main.py...\nStep 19/23: Installing dependencies\npip: Downloading axios-1.3.tar.gz\n[12:51:17] INFO: Request completed\nBundling vendor.js\nUsing Python 3.12\nTest Suites: 24 passed, 19 total\n  PASS: test_db_connect (404ms)\nStep 13/24: Testing\n\u2713 Task completed in 799ms\n[12:51:17] DEBUG: Connection pool: 20 active\n[12:51:17] DEBUG: Connection pool: 15 active\n[12:51:17] WARN: Deprecated API usage\nUploading artifact 'build' (40 files)\nOptimizing 100 modules...\nUploading artifact 'dist' (11 files)\n[12:51:17] WARN: Deprecated API usage\nOptimizing 95 modules...\nPlatform: win32-x64\nCompleted.\nTest Suites: 35 passed, 7 total\nTests: 459 passed, 107 total\nnpm install: added 290 packages\nPulling image: node:18\nBundling styles.js\nWARNING: react has known vulnerabilities\nException: TypeError\nnpm notice: created a lockfile\n[12:51:17] INFO: Cache refreshed\n\u26a0 DEPRECATION: Feature will be removed in v4.0\n[12:51:17] INFO: Processing request\nCache invalidated: dependencies\nnpm notice: created a lockfile\nCompiling lib/utils.go...\nTests: 388 passed, 128 total\nnpm install: resolved 590 packages\n[12:51:17] WARN: Deprecated API usage\n[12:51:17] INFO: Connecting to database\nCompiling utils/handler.rs...\nPlatform: darwin-arm64\n  PASS: e2e/test_db_connect.spec.js\nCompiling components/utils.go...\nTLS handshake completed\nWARNING: jest has known vulnerabilities\nArtifact downloaded: 29MB\n\u26a0 DEPRECATION: Feature will be removed in v2.0\n  PASS: unit/test_user_create.spec.js\nOK\nArtifact downloaded: 35MB\nArtifact uploaded: dist.zip (36MB)\nFetching submodules...\n[12:51:17] ERROR: Connection failed\nStep 3/16: Running migrations\n[12:51:17] INFO: Request completed\nAlready up to date.\nOK\nGET /api - 204 (28ms)\npip: Downloading jest-3.8.tar.gz\nWARNING: express has known vulnerabilities\nRan 15 tests in 15s\nTLS handshake completed\nReady.\npip install: Successfully installed jest-3.8\n  PASS: test_db_connect (319ms)\nVerifying...\nLayer 1/14: RUN command\nCache hit for key-5808\n[12:51:17] WARN: Deprecated API usage\nFetching submodules...\nStep 4/18: Installing dependencies\nOK\nStep 10/20: Linting\nUsing Python 3.10\n  PASS: e2e/test_cache_hit.spec.js\nCache miss for key-4295\nLayer 1/14: RUN command\nCache invalidated: build\n\u2717 build failed with exit code 96\nCompiling lib/handler.rs...\nReady.\nStep 3/15: Running migrations\nDone.\nStep 5/23: Testing\nCache miss for key-5455\nInstalling react@1.17.1\nWaiting...\nSwitched to branch 'bugfix/task-115'\n[12:51:17] DEBUG: Connection pool: 11 active\nSuccess!\nStep 19/15: Testing\npip: Downloading prettier-5.18.tar.gz\nInstalling react@2.9.3\nInstalling express@4.16.9\n\u2713 deploy completed\nnpm install: resolved 270 packages\n[12:51:17] DEBUG: Query executed in 44ms\nHEAD is now at e84911b\nFAILED: test_db_connect\n[12:51:17] ERROR: Connection failed\nTLS handshake completed\nFetching submodules...\nUsing Python 3.10\nBuilding Docker image...\n[12:51:17] WARN: Deprecated API usage\n[12:51:17] DEBUG: Query executed in 75ms\nCompiling lib/service.java...\nCache saved successfully\nWARNING: axios has known vulnerabilities\nnpm notice: created a lockfile\nSnapshots: 8 passed, 32 total\nStep 1/20: Testing\nNODE_ENV=development\n\u26a0 DEPRECATION: Feature will be removed in v3.0\n  PASS: test_cache_hit (333ms)\nStep 7/20: Installing dependencies\nTime: 9.853s\nFAILED: test_db_connect\nCache restored successfully (397MB)\nCache miss for key-8250\nyarn add: Done in 8.51s\nStep 9/22: Installing dependencies\n[12:51:17] DEBUG: Memory usage: 950MB\nCompleted.\nLayer 5/12: RUN command\nPushing to registry...\n\u26a0 DEPRECATION: Feature will be removed in v2.0\nStep 14/19: Linting\nUsing Node.js 15.8.8\nUploading artifact 'build' (19 files)\nException: NullPointerException\nTests: 368 passed, 308 total\nCompiling src/utils.go...\nEnvironment: staging\n[12:51:17] WARN: Deprecated API usage\nCache hit for key-5996\nRan 26 tests in 60s\nCompiling src/main.py...\nInstalling eslint@5.8.2\nAlready up to date.\nCoverage: 71% statements, 68% branches\nStep 19/19: Running migrations\n[12:51:17] DEBUG: Connection pool: 5 active\nGET /health - 200 (20ms)\nPOST /api - 202 (312ms)\nOptimizing 64 modules...\nCreating production build...\nMinifying app.js\nCompiling components/index.js...\nPlatform: linux-x64\n=== Step deploy_production completed ===\n=== Step: save_cache ===\n\u26a0 DEPRECATION: Feature will be removed in v2.0\nStep 10/24: Linting\nUsing Node.js 19.4.7\nOptimizing 16 modules...\n\u2713 Task completed in 367ms\nSwitched to branch 'hotfix/task-597'\nNODE_ENV=production\nCompiling utils/index.js...\nCompleted.\nCache saved successfully\nHEAD is now at 53ffc7c\nStep 18/17: Running migrations\nTransforming 263 files...\n\u2713 All checks passed\nTime: 97.462s\nProcessing...\n  PASS: test_auth_login (60ms)\nGenerating source maps...\nWARNING: express has known vulnerabilities\npip: Downloading react-4.11.tar.gz\nSwitched to branch 'hotfix/task-233'\n  PASS: test_db_connect (468ms)\nException: TypeError\nInstalling axios@5.20.9\npip: Installing build dependencies...\nPlatform: linux-x64\nCompiling utils/handler.rs...\nCompiling utils/utils.go...\n\u26a0 DEPRECATION: Feature will be removed in v4.0\nCache miss for key-5645\nArtifact uploaded: dist.zip (21MB)\nFAILED: test_auth_login\nGenerating source maps...\nTransforming 881 files...\nSnapshots: 13 passed, 41 total\nSnapshots: 35 passed, 39 total\nnpm install: resolved 1659 packages\nNODE_ENV=test\npip: Installing build dependencies...\nTests: 237 passed, 272 total\n[12:51:17] DEBUG: Connection pool: 19 active\nAlready up to date.\nFinished.\nUsing Python 3.12\n\u26a0 DEPRECATION: Feature will be removed in v4.0\nSnapshots: 23 passed, 15 total\nCompiling utils/app.ts...\n[12:51:17] WARN: Deprecated API usage\nCompiling lib/service.java...\n[12:51:17] INFO: Starting build process\npip: Installing build dependencies...\npip install: Successfully installed react-3.19\n  PASS: test_db_connect (429ms)\nWARNING: express has known vulnerabilities\nStep 13/18: Testing\n[12:51:17] DEBUG: Memory usage: 1303MB\nStep 7/18: Building\n[12:51:17] ERROR: Connection failed\nCoverage: 98% statements, 79% branches\nCompiling components/app.ts...\n\u2713 test completed\nCache hit for key-1999\n[12:51:17] WARN: Deprecated API usage\n[12:51:17] DEBUG: Initializing service\nCompiling components/utils.go...\nTime: 87.735s\n\u2713 Step 'checkout' succeeded\nPlatform: darwin-arm64\nCache invalidated: dependencies\nProcessing...\nTest Suites: 15 passed, 11 total\n\u26a0 DEPRECATION: Feature will be removed in v2.0\nAlready up to date.\nCompiling components/service.java...\npip: Collecting react\nReady.\nCache saved successfully\nCompiling utils/handler.rs...\nOK\nUsing Node.js 15.13.6\nFetching from https://pypi.org/package.json\nDone.\nLoading...\nGET /status - 200 (57ms)\npip install: Successfully installed axios-5.0\npip install: Successfully installed webpack-1.11\nCache miss for key-5511\n\u2713 lint completed\n  PASS: test_auth_login (99ms)\nCache hit for key-7493\nPOST /data - 202 (96ms)\n[12:51:17] INFO: Cache refreshed\nCache invalidated: build\nPushing to registry...\n\u26a0 DEPRECATION: Feature will be removed in v5.0\nGET /status - 204 (45ms)\nTests: 418 passed, 80 total\nWARNING: lodash has known vulnerabilities\nBundling runtime.css\nUsing Node.js 16.2.5\nUsing Python 3.10\n\u26a0 DEPRECATION: Feature will be removed in v4.0\nnpm install: added 264 packages\nSwitched to branch 'bugfix/task-551'\nnpm install: resolved 419 packages\nFetching submodules...\npip: Collecting react\nInstalling lodash@5.12.9\nTransforming 919 files...\nFetching submodules...\nCompiling lib/service.java...\n  PASS: integration/test_cache_hit.spec.js\nSwitched to branch 'feature/task-310'\nCompiling src/app.ts...\nException: TypeError\nStep 6/18: Running migrations\nStep 1/16: Running migrations\nDone.\nPOST /upload - 200 (78ms)\nGenerating source maps...\nPushing to registry...\nOptimizing 76 modules...\n[12:51:17] INFO: Processing request\nCompiling lib/handler.rs...\n[12:51:17] INFO: Processing request\nCache restored successfully (494MB)\n\u2717 build failed with exit code 119\nLoading...\nChecking out master branch\n[12:51:17] INFO: Starting build process\nChecking out master branch\nBuilding Docker image...\nPulling image: python:3.11\n[12:51:17] INFO: Request completed\n[12:51:17] DEBUG: Query executed in 20ms\nAlready up to date.\nWaiting...\nReady.\n[12:51:17] DEBUG: Initializing service\nStep 14/15: Building\nRan 174 tests in 43s\nVerifying...\nCache saved successfully\nPushing to registry...\nOptimizing 73 modules...\nWARNING: axios has known vulnerabilities\n[12:51:17] DEBUG: Memory usage: 951MB\nGET /api - 204 (54ms)\nPOST /api - 201 (351ms)\n\u2717 build failed with exit code 53\nSuccess!\n[12:51:17] DEBUG: Memory usage: 357MB\nPlatform: darwin-arm64\nInstalling jest@3.12.0\nGET /status - 204 (78ms)\nException: RuntimeError\n=== Step save_cache completed ===\n=== Step: restore_cache ===\nProcessing...\nDone.\nImage pulled successfully\nCache saved successfully\n[12:51:17] DEBUG: Initializing service\nOptimizing 81 modules...\nStep 18/23: Running migrations\npip: Downloading webpack-5.17.tar.gz\nPOST /api - 202 (39ms)\nTests: 378 passed, 199 total\nPulling image: python:latest\nMinifying app.js\nSnapshots: 5 passed, 1 total\n  PASS: integration/test_auth_login.spec.js\n[12:51:17] DEBUG: Connection pool: 18 active\nCompiling utils/main.py...\nCompiling utils/app.ts...\nnpm install: resolved 1799 packages\nDone.\npip: Installing build dependencies...\nConnection established\nCache hit for key-8962\n\u2713 Task completed in 1695ms\nFetching submodules...\nCache saved successfully\nCompiling utils/service.java...\nProcessing...\nCoverage: 81% statements, 84% branches\nReady.\nStep 6/22: Linting\nTests: 470 passed, 318 total\nVerifying...\n\u26a0 DEPRECATION: Feature will be removed in v2.0\npip: Downloading prettier-2.0.tar.gz\n  PASS: test_user_create (396ms)\nWaiting...\nUsing Python 3.9\n\u26a0 DEPRECATION: Feature will be removed in v4.0\nTime: 107.75s\nEnvironment: development\n[12:51:17] INFO: Processing request\nFAILED: test_db_connect\nCache hit for key-2378\nProcessing...\nUsing Python 3.9\nEnvironment: production\nTLS handshake completed\n\u2713 All checks passed\nArtifact uploaded: build.tar.gz (14MB)\npip: Collecting axios\n\u2713 Step 'install' succeeded\nCache saved successfully\nOK\nGET /api - 204 (62ms)\n  PASS: e2e/test_auth_login.spec.js\nMinifying app.js\nCompiling src/app.ts...\n[12:51:17] INFO: Request completed\nSnapshots: 40 passed, 14 total\n  PASS: integration/test_user_create.spec.js\nConnection established\nPOST /api - 201 (349ms)\nPlatform: win32-x64\nnpm notice: package.json updated\n[12:51:17] INFO: Starting build process\nPlatform: darwin-arm64\nBuilding Docker image...\n[12:51:17] INFO: Connecting to database\nMinifying app.js\n\u2713 test completed\nStep 13/22: Running migrations\nPushing to registry...\n[12:51:17] ERROR: Connection failed\nFinished.\nSnapshots: 22 passed, 20 total\nArtifact uploaded: build.tar.gz (8MB)\n[12:51:17] INFO: Connecting to database\nWARNING: lodash has known vulnerabilities\nTransforming 656 files...\n[12:51:17] WARN: Deprecated API usage\nGET /api - 204 (33ms)\nSnapshots: 25 passed, 48 total\nOptimizing 99 modules...\nUploading artifact 'dist' (13 files)\nEnvironment: test\nImage pulled successfully\n[12:51:17] DEBUG: Memory usage: 1262MB\n[12:51:17] ERROR: Connection failed\nCache miss for key-4033\nFetching submodules...\nStep 10/15: Testing\nGenerating source maps...\nRan 178 tests in 47s\nWaiting...\nGET /status - 200 (15ms)\nInstalling prettier@5.11.4\nyarn add: Done in 24.95s\n[12:51:17] DEBUG: Connection pool: 15 active\n[12:51:17] ERROR: Connection failed\n  PASS: test_auth_login (63ms)\nnpm install: added 302 packages\nCache saved successfully\nCompleted.\nStep 20/25: Running migrations\nStep 12/16: Deploying\npip: Installing build dependencies...\nProcessing...\nSwitched to branch 'bugfix/task-261'\nTime: 35.183s\n[12:51:17] DEBUG: Memory usage: 1923MB\nHEAD is now at 25cfcb2\nEnvironment: staging\nGenerating source maps...\n\u2713 All checks passed\n[12:51:17] DEBUG: Query executed in 12ms\nCreating production build...\nStep 15/15: Building\n\u2713 All checks passed\nMinifying main.js\nnpm install: added 228 packages\nCompiling lib/utils.go...\n[12:51:17] INFO: Cache refreshed\nBuilding Docker image...\nCache invalidated: dependencies\n[12:51:17] WARN: Deprecated API usage\nStep 15/21: Linting\nPOST /data - 201 (56ms)\npip: Collecting prettier\nnpm install: added 441 packages\n[12:51:17] WARN: Deprecated API usage\nTests: 154 passed, 270 total\nStep 8/19: Installing dependencies\nTLS handshake completed\n\u2713 Task completed in 3914ms\nnpm notice: created a lockfile\nLayer 2/15: ENV command\nTLS handshake completed\nAlready up to date.\npip install: Successfully installed webpack-3.1\nEnvironment: test\nLoading...\nArtifact uploaded: build.tar.gz (50MB)\nCache restored successfully (465MB)\n[12:51:17] DEBUG: Connection pool: 7 active\n[12:51:17] INFO: Processing request\n[12:51:17] ERROR: Connection failed\n[12:51:17] INFO: Cache refreshed\nUploading artifact 'coverage' (3 files)\n\u26a0 DEPRECATION: Feature will be removed in v4.0\nStep 11/16: Deploying\nAlready up to date.\nCache hit for key-6031\nMinifying vendor.js\nCompiling lib/index.js...\nBundling main.css\n\u2713 Step 'build' succeeded\n=== Step restore_cache completed ===\n=== Step: deploy_staging ===\n\u26a0 DEPRECATION: Feature will be removed in v5.0\nRan 110 tests in 20s\nStep 1/16: Running migrations\nCoverage: 83% statements, 67% branches\nBuilding Docker image...\nPlatform: win32-x64\nUsing Node.js 19.4.8\nUploading artifact 'coverage' (14 files)\nProcessing...\npip: Collecting express\nHEAD is now at bb234cb\nPulling image: alpine:latest\n\u26a0 DEPRECATION: Feature will be removed in v4.0\n[12:51:17] WARN: Deprecated API usage\nPOST /data - 201 (221ms)\nPushing to registry...\nBuilding Docker image...\n\u2713 Step 'setup' succeeded\nInstalling react@5.14.8\n[12:51:17] DEBUG: Loading configuration\nStep 13/22: Linting\nOptimizing 23 modules...\nCache saved successfully\nWARNING: axios has known vulnerabilities\nBuilding Docker image...\nGenerating source maps...\nArtifact uploaded: dist.zip (22MB)\nCompiling utils/index.js...\nGET /api - 201 (62ms)\nCache hit for key-3453\nTransforming 789 files...\nStep 8/25: Linting\n[12:51:17] DEBUG: Memory usage: 1236MB\nLoading...\nTime: 20.651s\n\u2713 Step 'checkout' succeeded\nWARNING: prettier has known vulnerabilities\nLoading...\n\u2713 Task completed in 1863ms\n\u2717 build failed with exit code 38\nCompiling utils/utils.go...\n  PASS: test_cache_hit (306ms)\nException: ValueError\nCompiling lib/utils.go...\nEnvironment: test\npip: Collecting lodash\nTime: 73.716s\nAlready up to date.\nCache invalidated: build\nnpm notice: created a lockfile\nCompiling components/main.py...\n[12:51:17] WARN: Deprecated API usage\nStep 11/22: Testing\npip install: Successfully installed react-4.4\n[12:51:17] WARN: Deprecated API usage\nBuilding Docker image...\nFinished.\nCache miss for key-7229\nWaiting...\nException: ValueError\n\u2713 All checks passed\nWARNING: eslint has known vulnerabilities\n[12:51:17] DEBUG: Query executed in 60ms\nnpm notice: package.json updated\nyarn add: Done in 10.24s\nCreating production build...\nPulling image: alpine:latest\nHEAD is now at 8412460\nFetching submodules...\n\u2713 build completed\nReady.\nSnapshots: 9 passed, 42 total\nnpm install: resolved 274 packages\nnpm install: resolved 1853 packages\nPlatform: linux-x64\nReady.\nStep 9/25: Deploying\n[12:51:17] INFO: Processing request\nFetching from https://gcr.io/package.json\nPulling image: python:3.11\nCompleted.\n[12:51:17] DEBUG: Loading configuration\nnpm notice: package.json updated\nBundling styles.css\nCompleted.\nUsing Node.js 19.11.7\n[12:51:17] INFO: Starting build process\nStep 11/23: Building\nCompleted.\nnpm install: added 300 packages\npip: Downloading axios-4.7.tar.gz\nCompiling utils/main.py...\nBuilding Docker image...\nPulling image: node:18\nLoading...\nnpm install: resolved 1677 packages\n\u2713 Task completed in 403ms\nTests: 375 passed, 237 total\nUploading artifact 'dist' (1 files)\nFetching from https://docker.io/package.json\nInstalling jest@3.12.2\nnpm notice: created a lockfile\nCompiling src/app.ts...\n[12:51:17] INFO: Request completed\nBuilding Docker image...\nStep 2/19: Linting\nnpm install: added 79 packages\n[12:51:17] DEBUG: Initializing service\n[12:51:17] WARN: Deprecated API usage\nFetching submodules...\nTest Suites: 37 passed, 43 total\nnpm notice: package.json updated\nWARNING: lodash has known vulnerabilities\n\u2713 Step 'checkout' succeeded\n[12:51:17] INFO: Processing request\nHEAD is now at a5a0710\n\u2713 All checks passed\n[12:51:17] INFO: Cache refreshed\nTest Suites: 13 passed, 5 total\nHEAD is now at 2d6bae4\nFAILED: test_cache_hit\nTime: 64.848s\nCompleted.\nArtifact downloaded: 29MB\nArtifact downloaded: 9MB\nCompleted.\n\u26a0 DEPRECATION: Feature will be removed in v2.0\nnpm notice: created a lockfile\nGenerating source maps...\nCache saved successfully\nWaiting...\n[12:51:17] DEBUG: Memory usage: 1239MB\nnpm notice: created a lockfile\n\u2713 All checks passed\nCoverage: 92% statements, 71% branches\npip: Collecting webpack\n\u2713 Step 'checkout' succeeded\n\u2717 build failed with exit code 21\n[12:51:17] DEBUG: Initializing service\nStep 13/23: Running migrations\nBuilding Docker image...\nOptimizing 67 modules...\nCoverage: 86% statements, 71% branches\nOptimizing 70 modules...\n[12:51:17] DEBUG: Initializing service\nBundling styles.js\nCompiling lib/handler.rs...\nTime: 73.450s\nyarn add: Done in 18.70s\nPulling image: node:latest\nProcessing...\nTests: 285 passed, 64 total\nyarn add: Done in 12.52s\nOptimizing 70 modules...\nyarn add: Done in 12.20s\n\u2713 Task completed in 4212ms\n=== Step deploy_staging completed ===\n=== Step: upload_artifacts ===\n[12:51:17] WARN: Deprecated API usage\nDone.\nFetching submodules...\nCache hit for key-4092\nCreating production build...\n  PASS: e2e/test_db_connect.spec.js\n\u2713 Step 'test' succeeded\nDone.\nArtifact uploaded: dist.zip (86MB)\nCompiling utils/index.js...\nStep 2/24: Linting\npip: Installing build dependencies...\nnpm install: added 57 packages\nCache miss for key-3328\n[12:51:17] INFO: Cache refreshed\nReady.\n\u2713 All checks passed\n\u26a0 DEPRECATION: Feature will be removed in v4.0\n  PASS: e2e/test_auth_login.spec.js\nyarn add: Done in 27.44s\n\u26a0 DEPRECATION: Feature will be removed in v5.0\nnpm install: resolved 711 packages\npip install: Successfully installed axios-5.3\n[12:51:17] INFO: Processing request\nTime: 49.376s\n\u2713 Step 'install' succeeded\n[12:51:17] INFO: Connecting to database\nStep 4/20: Running migrations\nCompiling lib/main.py...\nWARNING: jest has known vulnerabilities\nProcessing...\nCache hit for key-8909\n[12:51:17] INFO: Starting build process\nPlatform: win32-x64\n\u2713 lint completed\nUsing Python 3.12\nMinifying vendor.js\nGenerating source maps...\nSuccess!\nTests: 229 passed, 241 total\nFAILED: test_db_connect\nTests: 404 passed, 242 total\nHEAD is now at d2f3f82\n\u2713 test completed\nFAILED: test_db_connect\nTest Suites: 49 passed, 34 total\n[12:51:17] INFO: Connecting to database\nAlready up to date.\nArtifact uploaded: dist.zip (14MB)\nBundling vendor.js\nCompiling components/app.ts...\nTLS handshake completed\nTests: 294 passed, 414 total\n[12:51:17] INFO: Starting build process\n[12:51:17] DEBUG: Query executed in 27ms\nLayer 8/8: RUN command\n[12:51:17] DEBUG: Connection pool: 17 active\nWaiting...\nNODE_ENV=test\npip install: Successfully installed webpack-4.17\n\u26a0 DEPRECATION: Feature will be removed in v3.0\nStep 10/23: Deploying\nVerifying...\nSuccess!\nConnection established\nNODE_ENV=development\nPushing to registry...\nStep 1/20: Linting\nCompleted.\nPlatform: win32-x64\nCreating production build...\nStep 20/23: Linting\npip: Collecting react\n[12:51:17] INFO: Processing request\nArtifact downloaded: 30MB\nOK\nSuccess!\nTests: 383 passed, 215 total\nPulling image: alpine:3.11\nStep 17/15: Running migrations\nStep 18/23: Running migrations\nPlatform: win32-x64\nPulling image: node:3.11\nGenerating source maps...\n\u2713 validate completed\n[12:51:17] INFO: Cache refreshed\nBundling main.css\n[12:51:17] DEBUG: Initializing service\nCompiling lib/main.py...\n[12:51:17] DEBUG: Loading configuration\n\u2713 Task completed in 681ms\nnpm notice: created a lockfile\nVerifying...\n\u2713 All checks passed\n[12:51:17] INFO: Cache refreshed\n[12:51:17] WARN: Deprecated API usage\nFinished.\n[12:51:17] DEBUG: Loading configuration\nCompiling components/utils.go...\nCompleted.\nSnapshots: 39 passed, 45 total\n[12:51:17] DEBUG: Query executed in 41ms\nPOST /upload - 201 (405ms)\nWaiting...\nnpm notice: package.json updated\nArtifact uploaded: build.tar.gz (7MB)\n[12:51:17] WARN: Deprecated API usage\nCompiling utils/index.js...\n[12:51:17] DEBUG: Loading configuration\nFAILED: test_auth_login\nStep 8/21: Testing\n[12:51:17] INFO: Starting build process\nArtifact uploaded: build.tar.gz (10MB)\n[12:51:17] INFO: Request completed\nLayer 8/11: ENV command\nSnapshots: 6 passed, 41 total\nnpm notice: created a lockfile\nStep 18/17: Building\n[12:51:17] DEBUG: Connection pool: 19 active\nGET /status - 201 (43ms)\n[12:51:17] DEBUG: Query executed in 2ms\nArtifact downloaded: 4MB\nStep 14/20: Linting\nPushing to registry...\nAlready up to date.\nTime: 2.703s\nFAILED: test_db_connect\nStep 13/17: Testing\nHEAD is now at 3464d5c\nTime: 55.149s\nCompiling lib/utils.go...\nGenerating source maps...\nCoverage: 84% statements, 70% branches\nHEAD is now at d65addc\nGenerating source maps...\nArtifact uploaded: dist.zip (78MB)\nHEAD is now at 2802ddd\nBuilding Docker image...\npip: Collecting express\nWARNING: webpack has known vulnerabilities\nArtifact uploaded: build.tar.gz (42MB)\nChecking out master branch\nPOST /api - 202 (246ms)\n\u2713 package completed\nRan 187 tests in 24s\nCache hit for key-9039\nCompleted.\n\u2713 Step 'setup' succeeded\nCompiling components/app.ts...\nTLS handshake completed\nnpm install: added 410 packages\npip install: Successfully installed express-2.17\nStep 18/17: Testing\nHEAD is now at 4eefc99\nProcessing...\nTime: 31.291s\n=== Step upload_artifacts completed ===\n=== Step: build ===\n[12:51:17] INFO: Cache refreshed\nCache hit for key-6816\n[12:51:17] DEBUG: Connection pool: 16 active\n[12:51:17] INFO: Request completed\nLayer 9/10: COPY command\nFAILED: test_user_create\nHEAD is now at 5b7b21f\nTests: 86 passed, 279 total\nCompiling components/main.py...\nCompiling src/index.js...\nImage pulled successfully\n\u2713 validate completed\n[12:51:17] INFO: Cache refreshed\nCompiling src/index.js...\n[12:51:17] DEBUG: Initializing service\n[12:51:17] WARN: Deprecated API usage\nGET /api - 201 (18ms)\nFAILED: test_user_create\nCompiling src/index.js...\nCompiling src/utils.go...\nException: ValueError\nBuilding Docker image...\nImage pulled successfully\nFAILED: test_cache_hit\nFetching submodules...\n[12:51:17] INFO: Request completed\nFinished.\nGET /status - 204 (4ms)\n[12:51:17] INFO: Cache refreshed\n\u2713 All checks passed\nHEAD is now at d9ebcbd\nStep 2/23: Running migrations\n\u2713 deploy completed\nConnection established\nSnapshots: 18 passed, 12 total\n[12:51:17] DEBUG: Loading configuration\n[12:51:17] DEBUG: Query executed in 21ms\n[12:51:17] WARN: Deprecated API usage\nConnection established\nStep 16/23: Building\nException: ValueError\nPulling image: node:latest\nWARNING: prettier has known vulnerabilities\n[12:51:17] DEBUG: Memory usage: 1538MB\nGenerating source maps...\nPlatform: darwin-arm64\nSuccess!\nSwitched to branch 'bugfix/task-627'\nPOST /api - 200 (469ms)\n\u2713 Task completed in 545ms\nCoverage: 97% statements, 78% branches\nTransforming 262 files...\nProcessing...\n[12:51:17] DEBUG: Loading configuration\nCache saved successfully\nUsing Python 3.9\n[12:51:17] DEBUG: Query executed in 16ms\nTime: 81.473s\nCache hit for key-5702\n[12:51:17] INFO: Processing request\nCache miss for key-8141\nWARNING: eslint has known vulnerabilities\nTests: 186 passed, 57 total\nUsing Python 3.10\nTLS handshake completed\nConnection established\n[12:51:17] DEBUG: Connection pool: 16 active\nBundling main.css\nStep 14/15: Testing\nStep 1/18: Installing dependencies\nWaiting...\nWARNING: axios has known vulnerabilities\nUsing Python 3.12\nMinifying main.js\nUsing Python 3.12\n[12:51:17] WARN: Deprecated API usage\nUploading artifact 'coverage' (12 files)\n  PASS: e2e/test_auth_login.spec.js\nArtifact uploaded: build.tar.gz (8MB)\n[12:51:17] DEBUG: Loading configuration\n[12:51:17] WARN: Deprecated API usage\nCache miss for key-9715\nTime: 12.740s\nFAILED: test_auth_login\nGenerating source maps...\nMinifying app.js\nCompiling src/utils.go...\n[12:51:17] INFO: Request completed\nyarn add: Done in 29.2s\n[12:51:17] INFO: Connecting to database\nGenerating source maps...\nStep 3/22: Running migrations\nLayer 6/12: RUN command\n[12:51:17] WARN: Deprecated API usage\nMinifying app.js\nStep 12/16: Running migrations\npip: Downloading webpack-2.10.tar.gz\nArtifact uploaded: build.tar.gz (19MB)\nUsing Python 3.10\nRan 179 tests in 59s\n[12:51:17] DEBUG: Query executed in 79ms\n[12:51:17] WARN: Deprecated API usage\nnpm install: resolved 1209 packages\nStep 5/21: Testing\nUsing Python 3.11\n\u26a0 DEPRECATION: Feature will be removed in v4.0\npip: Collecting axios\nUsing Python 3.9\nArtifact uploaded: dist.zip (32MB)\n[12:51:17] INFO: Connecting to database\nCoverage: 90% statements, 61% branches\n\u2717 build failed with exit code 48\nCache hit for key-7549\nCreating production build...\npip install: Successfully installed jest-4.10\nNODE_ENV=test\nStep 16/24: Installing dependencies\nCache saved successfully\nUsing Node.js 14.17.9\nException: TypeError\nPulling image: python:18\nCompiling lib/main.py...\n[12:51:17] INFO: Connecting to database\npip: Collecting react\n[12:51:17] INFO: Starting build process\nCache restored successfully (131MB)\nPulling image: node:18\nFinished.\n\u26a0 DEPRECATION: Feature will be removed in v5.0\nnpm notice: package.json updated\nEnvironment: production\n[12:51:17] INFO: Starting build process\nFetching from https://pypi.org/package.json\n[12:51:17] DEBUG: Memory usage: 806MB\nProcessing...\nMinifying vendor.js\nCache hit for key-9970\nReady.\nFinished.\nCache hit for key-4910\n[12:51:17] INFO: Connecting to database\nNODE_ENV=test\nMinifying main.js\nFinished.\n[12:51:17] INFO: Starting build process\nFinished.\nStep 13/20: Building\n[12:51:17] DEBUG: Connection pool: 19 active\nFetching from https://pypi.org/package.json\nTime: 57.592s\n  PASS: test_auth_login (353ms)\nCache hit for key-5935\nAlready up to date.\nSuccess!\nGenerating source maps...\nArtifact uploaded: dist.zip (44MB)\n=== Step build completed ===",
    "steps": [
      {
        "name": "install_dependencies",
        "status": "success",
        "started_at": "2025-12-05T12:51:17.434602",
        "finished_at": "2025-12-05T12:51:49.240518",
        "log_lines": [
          "=== Step: install_dependencies ===",
          "Step 5/24: Building",
          "[12:51:17] WARN: Deprecated API usage",
          "Cache miss for key-3974",
          "Loading...",
          "Cache miss for key-4819",
          "Connection established",
          "[12:51:17] INFO: Request completed",
          "Waiting...",
          "\u2713 Step 'checkout' succeeded",
          "Compiling src/utils.go...",
          "Processing...",
          "Already up to date.",
          "[12:51:17] DEBUG: Initializing service",
          "Step 1/23: Testing",
          "Minifying app.js",
          "npm install: resolved 1776 packages",
          "Snapshots: 50 passed, 10 total",
          "Bundling vendor.js",
          "\u2713 test completed",
          "Bundling main.js",
          "Optimizing 90 modules...",
          "[12:51:17] DEBUG: Query executed in 77ms",
          "\u26a0 DEPRECATION: Feature will be removed in v3.0",
          "Processing...",
          "OK",
          "Step 17/21: Running migrations",
          "Creating production build...",
          "Using Python 3.10",
          "WARNING: jest has known vulnerabilities",
          "Transforming 962 files...",
          "Processing...",
          "Cache hit for key-9909",
          "pip: Installing build dependencies...",
          "Bundling main.js",
          "Using Node.js 15.5.4",
          "Optimizing 45 modules...",
          "Processing...",
          "[12:51:17] INFO: Starting build process",
          "  PASS: test_db_connect (209ms)",
          "pip install: Successfully installed axios-4.2",
          "npm notice: created a lockfile",
          "[12:51:17] DEBUG: Memory usage: 596MB",
          "OK",
          "Waiting...",
          "[12:51:17] DEBUG: Query executed in 64ms",
          "Coverage: 86% statements, 78% branches",
          "GET /api - 200 (12ms)",
          "pip: Downloading react-5.17.tar.gz",
          "Exception: ValueError",
          "[12:51:17] WARN: Deprecated API usage",
          "Exception: NullPointerException",
          "[12:51:17] INFO: Request completed",
          "[12:51:17] INFO: Connecting to database",
          "[12:51:17] WARN: Deprecated API usage",
          "Platform: darwin-arm64",
          "[12:51:17] DEBUG: Connection pool: 7 active",
          "Finished.",
          "Compiling lib/index.js...",
          "\u2713 All checks passed",
          "Switched to branch 'feature/task-420'",
          "Transforming 872 files...",
          "Test Suites: 38 passed, 32 total",
          "[12:51:17] ERROR: Connection failed",
          "Connection established",
          "Time: 75.589s",
          "Building Docker image...",
          "TLS handshake completed",
          "[12:51:17] INFO: Cache refreshed",
          "Verifying...",
          "Creating production build...",
          "GET /api - 204 (13ms)",
          "Snapshots: 17 passed, 43 total",
          "Building Docker image...",
          "Pushing to registry...",
          "Fetching from https://pypi.org/package.json",
          "[12:51:17] DEBUG: Initializing service",
          "Artifact downloaded: 4MB",
          "Checking out develop branch",
          "[12:51:17] WARN: Deprecated API usage",
          "Finished.",
          "Tests: 411 passed, 96 total",
          "POST /data - 202 (266ms)",
          "[12:51:17] WARN: Deprecated API usage",
          "Platform: linux-x64",
          "Step 15/25: Installing dependencies",
          "  PASS: integration/test_db_connect.spec.js",
          "\u26a0 DEPRECATION: Feature will be removed in v3.0",
          "Already up to date.",
          "Tests: 172 passed, 68 total",
          "\u26a0 DEPRECATION: Feature will be removed in v3.0",
          "Pulling image: node:latest",
          "pip install: Successfully installed eslint-4.3",
          "Loading...",
          "pip: Installing build dependencies...",
          "TLS handshake completed",
          "Image pulled successfully",
          "Step 5/25: Linting",
          "[12:51:17] ERROR: Connection failed",
          "Fetching from https://githubusercontent.com/package.json",
          "Already up to date.",
          "Completed.",
          "pip: Collecting express",
          "Checking out develop branch",
          "Step 6/21: Testing",
          "pip: Installing build dependencies...",
          "[12:51:17] INFO: Connecting to database",
          "Fetching submodules...",
          "WARNING: webpack has known vulnerabilities",
          "[12:51:17] ERROR: Connection failed",
          "FAILED: test_api_health",
          "Exception: NullPointerException",
          "Completed.",
          "Creating production build...",
          "Compiling lib/index.js...",
          "npm install: resolved 1687 packages",
          "pip: Collecting webpack",
          "Ready.",
          "[12:51:17] WARN: Deprecated API usage",
          "Generating source maps...",
          "[12:51:17] DEBUG: Initializing service",
          "[12:51:17] INFO: Request completed",
          "pip install: Successfully installed prettier-4.1",
          "npm install: added 379 packages",
          "pip install: Successfully installed react-2.6",
          "Step 13/24: Deploying",
          "pip install: Successfully installed prettier-1.3",
          "Fetching submodules...",
          "Layer 10/11: COPY command",
          "WARNING: lodash has known vulnerabilities",
          "Tests: 495 passed, 55 total",
          "Compiling src/utils.go...",
          "\u26a0 DEPRECATION: Feature will be removed in v5.0",
          "[12:51:17] ERROR: Connection failed",
          "Artifact uploaded: dist.zip (34MB)",
          "Environment: development",
          "Generating source maps...",
          "Building Docker image...",
          "Building Docker image...",
          "[12:51:17] WARN: Deprecated API usage",
          "[12:51:17] DEBUG: Memory usage: 695MB",
          "Switched to branch 'feature/task-454'",
          "[12:51:17] INFO: Processing request",
          "Switched to branch 'feature/task-294'",
          "Verifying...",
          "Bundling vendor.js",
          "Using Python 3.10",
          "pip: Installing build dependencies...",
          "Already up to date.",
          "pip: Installing build dependencies...",
          "Cache saved successfully",
          "Compiling lib/app.ts...",
          "Finished.",
          "\u26a0 DEPRECATION: Feature will be removed in v2.0",
          "Checking out master branch",
          "[12:51:17] WARN: Deprecated API usage",
          "Connection established",
          "=== Step install_dependencies completed ==="
        ]
      },
      {
        "name": "integration_tests",
        "status": "success",
        "started_at": "2025-12-05T12:51:49.240518",
        "finished_at": "2025-12-05T12:52:10.444462",
        "log_lines": [
          "=== Step: integration_tests ===",
          "Coverage: 87% statements, 96% branches",
          "[12:51:17] INFO: Connecting to database",
          "GET /health - 200 (80ms)",
          "Waiting...",
          "Finished.",
          "Artifact uploaded: dist.zip (71MB)",
          "Compiling utils/utils.go...",
          "Compiling components/app.ts...",
          "Checking out master branch",
          "[12:51:17] DEBUG: Initializing service",
          "GET /api - 204 (100ms)",
          "Cache restored successfully (292MB)",
          "Step 7/25: Deploying",
          "[12:51:17] DEBUG: Initializing service",
          "Step 11/18: Linting",
          "POST /api - 202 (128ms)",
          "Fetching submodules...",
          "Step 14/19: Linting",
          "WARNING: eslint has known vulnerabilities",
          "Cache invalidated: build",
          "Using Python 3.12",
          "pip: Installing build dependencies...",
          "Finished.",
          "[12:51:17] DEBUG: Query executed in 74ms",
          "[12:51:17] INFO: Processing request",
          "npm install: resolved 1312 packages",
          "Fetching from https://googleapis.com/package.json",
          "Compiling lib/utils.go...",
          "Artifact downloaded: 29MB",
          "Waiting...",
          "npm notice: package.json updated",
          "[12:51:17] INFO: Cache refreshed",
          "Success!",
          "Pushing to registry...",
          "Tests: 71 passed, 167 total",
          "POST /upload - 201 (186ms)",
          "[12:51:17] INFO: Processing request",
          "Artifact uploaded: dist.zip (22MB)",
          "[12:51:17] INFO: Cache refreshed",
          "[12:51:17] INFO: Connecting to database",
          "[12:51:17] INFO: Starting build process",
          "Success!",
          "Waiting...",
          "npm notice: package.json updated",
          "Uploading artifact 'coverage' (3 files)",
          "Compiling utils/main.py...",
          "Step 12/25: Installing dependencies",
          "WARNING: webpack has known vulnerabilities",
          "Snapshots: 27 passed, 14 total",
          "npm notice: package.json updated",
          "Uploading artifact 'dist' (13 files)",
          "npm install: resolved 219 packages",
          "Done.",
          "npm notice: created a lockfile",
          "[12:51:17] WARN: Deprecated API usage",
          "[12:51:17] WARN: Deprecated API usage",
          "Step 4/21: Deploying",
          "Ran 19 tests in 47s",
          "Fetching submodules...",
          "POST /api - 201 (414ms)",
          "TLS handshake completed",
          "[12:51:17] INFO: Request completed",
          "Installing jest@2.5.7",
          "npm notice: package.json updated",
          "WARNING: axios has known vulnerabilities",
          "[12:51:17] DEBUG: Connection pool: 15 active",
          "Cache saved successfully",
          "Fetching from https://npmjs.org/package.json",
          "Uploading artifact 'dist' (11 files)",
          "[12:51:17] WARN: Deprecated API usage",
          "Platform: darwin-arm64",
          "FAILED: test_auth_login",
          "pip install: Successfully installed jest-4.9",
          "Completed.",
          "Tests: 205 passed, 167 total",
          "  PASS: test_cache_hit (343ms)",
          "  PASS: integration/test_cache_hit.spec.js",
          "Coverage: 84% statements, 74% branches",
          "[12:51:17] DEBUG: Initializing service",
          "Pushing to registry...",
          "[12:51:17] INFO: Cache refreshed",
          "Loading...",
          "Creating production build...",
          "NODE_ENV=production",
          "Switched to branch 'feature/task-310'",
          "OK",
          "Artifact downloaded: 43MB",
          "Building Docker image...",
          "Artifact uploaded: build.tar.gz (27MB)",
          "Transforming 651 files...",
          "Environment: staging",
          "Step 17/18: Running migrations",
          "Verifying...",
          "Step 14/24: Running migrations",
          "[12:51:17] ERROR: Connection failed",
          "Ran 135 tests in 18s",
          "[12:51:17] DEBUG: Query executed in 58ms",
          "  PASS: test_auth_login (440ms)",
          "Cache hit for key-6760",
          "[12:51:17] ERROR: Connection failed",
          "Cache restored successfully (497MB)",
          "\u26a0 DEPRECATION: Feature will be removed in v4.0",
          "[12:51:17] ERROR: Connection failed",
          "[12:51:17] DEBUG: Query executed in 10ms",
          "\u2713 deploy completed",
          "Step 14/25: Building",
          "Pulling image: node:latest",
          "pip install: Successfully installed lodash-4.3",
          "[12:51:17] WARN: Deprecated API usage",
          "HEAD is now at 4a58fd2",
          "Checking out develop branch",
          "WARNING: axios has known vulnerabilities",
          "Artifact downloaded: 18MB",
          "Artifact downloaded: 38MB",
          "Cache hit for key-4657",
          "[12:51:17] INFO: Processing request",
          "Cache hit for key-6316",
          "Minifying vendor.js",
          "Step 4/22: Linting",
          "HEAD is now at 8026a8c",
          "FAILED: test_auth_login",
          "[12:51:17] WARN: Deprecated API usage",
          "[12:51:17] INFO: Cache refreshed",
          "[12:51:17] INFO: Starting build process",
          "Bundling runtime.css",
          "Bundling vendor.css",
          "Artifact uploaded: dist.zip (65MB)",
          "[12:51:17] DEBUG: Query executed in 16ms",
          "[12:51:17] DEBUG: Query executed in 33ms",
          "Processing...",
          "Step 11/18: Deploying",
          "[12:51:17] WARN: Deprecated API usage",
          "Pulling image: node:3.11",
          "\u26a0 DEPRECATION: Feature will be removed in v3.0",
          "\u2713 All checks passed",
          "pip: Downloading webpack-2.11.tar.gz",
          "NODE_ENV=test",
          "npm install: resolved 179 packages",
          "Cache miss for key-5018",
          "NODE_ENV=production",
          "[12:51:17] INFO: Connecting to database",
          "Compiling components/handler.rs...",
          "Uploading artifact 'build' (34 files)",
          "[12:51:17] ERROR: Connection failed",
          "Uploading artifact 'coverage' (48 files)",
          "Step 16/16: Building",
          "[12:51:17] WARN: Deprecated API usage",
          "Step 20/19: Installing dependencies",
          "[12:51:17] DEBUG: Memory usage: 1675MB",
          "WARNING: prettier has known vulnerabilities",
          "Verifying...",
          "Building Docker image...",
          "pip: Installing build dependencies...",
          "WARNING: eslint has known vulnerabilities",
          "Ran 171 tests in 37s",
          "Cache miss for key-1576",
          "=== Step integration_tests completed ==="
        ]
      },
      {
        "name": "setup_node",
        "status": "success",
        "started_at": "2025-12-05T12:52:10.444462",
        "finished_at": "2025-12-05T12:52:21.046434",
        "log_lines": [
          "=== Step: setup_node ===",
          "[12:51:17] INFO: Request completed",
          "\u2713 test completed",
          "Generating source maps...",
          "pip: Collecting jest",
          "GET /health - 201 (51ms)",
          "FAILED: test_cache_hit",
          "Environment: development",
          "Step 9/24: Installing dependencies",
          "Artifact uploaded: dist.zip (92MB)",
          "[12:51:17] DEBUG: Loading configuration",
          "  PASS: unit/test_user_create.spec.js",
          "Ready.",
          "Fetching submodules...",
          "\u2713 Task completed in 1642ms",
          "Fetching from https://googleapis.com/package.json",
          "Fetching submodules...",
          "WARNING: eslint has known vulnerabilities",
          "Snapshots: 1 passed, 22 total",
          "Artifact downloaded: 42MB",
          "Cache hit for key-2125",
          "Checking out main branch",
          "Fetching submodules...",
          "npm notice: package.json updated",
          "  PASS: e2e/test_user_create.spec.js",
          "Transforming 776 files...",
          "Artifact downloaded: 27MB",
          "Cache restored successfully (358MB)",
          "Creating production build...",
          "Exception: ValueError",
          "Bundling vendor.css",
          "[12:51:17] INFO: Starting build process",
          "Compiling src/main.py...",
          "[12:51:17] WARN: Deprecated API usage",
          "  PASS: test_db_connect (454ms)",
          "[12:51:17] WARN: Deprecated API usage",
          "npm install: added 183 packages",
          "pip install: Successfully installed prettier-2.5",
          "pip: Downloading express-2.1.tar.gz",
          "[12:51:17] INFO: Request completed",
          "\u26a0 DEPRECATION: Feature will be removed in v5.0",
          "OK",
          "Step 5/18: Linting",
          "Uploading artifact 'dist' (46 files)",
          "Ran 103 tests in 17s",
          "[12:51:17] DEBUG: Memory usage: 1352MB",
          "Environment: production",
          "\u2713 Step 'test' succeeded",
          "Ran 21 tests in 54s",
          "yarn add: Done in 13.99s",
          "Switched to branch 'feature/task-631'",
          "Fetching submodules...",
          "npm notice: created a lockfile",
          "WARNING: eslint has known vulnerabilities",
          "[12:51:17] DEBUG: Query executed in 97ms",
          "Installing lodash@5.17.8",
          "Exception: NullPointerException",
          "TLS handshake completed",
          "GET /api - 204 (7ms)",
          "Coverage: 73% statements, 65% branches",
          "Connection established",
          "Cache hit for key-3918",
          "Step 5/18: Installing dependencies",
          "TLS handshake completed",
          "Compiling components/utils.go...",
          "Environment: production",
          "[12:51:17] INFO: Processing request",
          "[12:51:17] ERROR: Connection failed",
          "[12:51:17] WARN: Deprecated API usage",
          "Finished.",
          "WARNING: eslint has known vulnerabilities",
          "\u26a0 DEPRECATION: Feature will be removed in v2.0",
          "Compiling components/main.py...",
          "Step 19/24: Deploying",
          "Ran 130 tests in 35s",
          "Layer 1/12: COPY command",
          "npm notice: created a lockfile",
          "Completed.",
          "Waiting...",
          "Pulling image: python:18",
          "Completed.",
          "Tests: 192 passed, 285 total",
          "[12:51:17] DEBUG: Loading configuration",
          "Processing...",
          "Image pulled successfully",
          "Compiling lib/utils.go...",
          "Cache restored successfully (396MB)",
          "Cache saved successfully",
          "Artifact uploaded: dist.zip (57MB)",
          "Cache invalidated: build",
          "\u2713 test completed",
          "WARNING: prettier has known vulnerabilities",
          "[12:51:17] INFO: Connecting to database",
          "Switched to branch 'bugfix/task-365'",
          "Ready.",
          "HEAD is now at a886eb6",
          "[12:51:17] DEBUG: Query executed in 37ms",
          "Compiling src/handler.rs...",
          "yarn add: Done in 24.35s",
          "Uploading artifact 'build' (30 files)",
          "WARNING: eslint has known vulnerabilities",
          "\u26a0 DEPRECATION: Feature will be removed in v3.0",
          "Transforming 677 files...",
          "Fetching from https://npmjs.org/package.json",
          "Processing...",
          "[12:51:17] INFO: Cache refreshed",
          "[12:51:17] INFO: Processing request",
          "Compiling utils/index.js...",
          "[12:51:17] DEBUG: Connection pool: 18 active",
          "\u2713 All checks passed",
          "\u2713 Task completed in 3052ms",
          "[12:51:17] DEBUG: Loading configuration",
          "\u2713 package completed",
          "pip install: Successfully installed prettier-2.11",
          "Connection established",
          "Coverage: 83% statements, 82% branches",
          "[12:51:17] WARN: Deprecated API usage",
          "Optimizing 33 modules...",
          "Using Python 3.9",
          "Compiling src/service.java...",
          "Optimizing 21 modules...",
          "WARNING: jest has known vulnerabilities",
          "[12:51:17] DEBUG: Connection pool: 19 active",
          "Success!",
          "Artifact uploaded: build.tar.gz (44MB)",
          "Compiling components/index.js...",
          "Fetching submodules...",
          "WARNING: lodash has known vulnerabilities",
          "Ready.",
          "Layer 5/14: ENV command",
          "Building Docker image...",
          "Transforming 340 files...",
          "TLS handshake completed",
          "Step 9/25: Building",
          "Using Node.js 16.3.1",
          "Success!",
          "Loading...",
          "Artifact uploaded: build.tar.gz (13MB)",
          "\u2713 Step 'checkout' succeeded",
          "Loading...",
          "Verifying...",
          "Uploading artifact 'dist' (4 files)",
          "npm notice: created a lockfile",
          "WARNING: axios has known vulnerabilities",
          "[12:51:17] DEBUG: Memory usage: 1900MB",
          "[12:51:17] WARN: Deprecated API usage",
          "\u2713 package completed",
          "Switched to branch 'bugfix/task-627'",
          "WARNING: jest has known vulnerabilities",
          "FAILED: test_db_connect",
          "Done.",
          "Uploading artifact 'coverage' (19 files)",
          "[12:51:17] INFO: Request completed",
          "Fetching from https://gcr.io/package.json",
          "[12:51:17] DEBUG: Memory usage: 1094MB",
          "  PASS: e2e/test_auth_login.spec.js",
          "[12:51:17] DEBUG: Initializing service",
          "=== Step setup_node completed ==="
        ]
      },
      {
        "name": "lint",
        "status": "success",
        "started_at": "2025-12-05T12:52:21.046434",
        "finished_at": "2025-12-05T12:52:31.648406",
        "log_lines": [
          "=== Step: lint ===",
          "[12:51:17] WARN: Deprecated API usage",
          "Minifying vendor.js",
          "Cache invalidated: build",
          "Already up to date.",
          "[12:51:17] INFO: Connecting to database",
          "Image pulled successfully",
          "Compiling lib/main.py...",
          "Exception: RuntimeError",
          "Ran 197 tests in 8s",
          "Step 15/23: Installing dependencies",
          "Generating source maps...",
          "Bundling runtime.css",
          "npm install: resolved 257 packages",
          "pip: Collecting lodash",
          "Platform: darwin-arm64",
          "Cache miss for key-2820",
          "[12:51:17] INFO: Starting build process",
          "Step 20/22: Linting",
          "Cache invalidated: node_modules",
          "Cache miss for key-7248",
          "Step 11/24: Running migrations",
          "Compiling lib/index.js...",
          "[12:51:17] INFO: Request completed",
          "Checking out main branch",
          "Generating source maps...",
          "\u2713 All checks passed",
          "POST /upload - 202 (395ms)",
          "Layer 4/10: RUN command",
          "\u26a0 DEPRECATION: Feature will be removed in v4.0",
          "Step 7/23: Installing dependencies",
          "Snapshots: 38 passed, 6 total",
          "WARNING: jest has known vulnerabilities",
          "GET /api - 200 (31ms)",
          "[12:51:17] ERROR: Connection failed",
          "Using Node.js 19.4.1",
          "Pushing to registry...",
          "Step 19/24: Running migrations",
          "Cache miss for key-5836",
          "Coverage: 73% statements, 79% branches",
          "Ready.",
          "WARNING: express has known vulnerabilities",
          "\u2713 All checks passed",
          "Success!",
          "\u26a0 DEPRECATION: Feature will be removed in v4.0",
          "Step 13/25: Testing",
          "[12:51:17] DEBUG: Memory usage: 1542MB",
          "[12:51:17] WARN: Deprecated API usage",
          "Verifying...",
          "Pushing to registry...",
          "pip: Downloading jest-5.5.tar.gz",
          "Fetching from https://github.com/package.json",
          "NODE_ENV=production",
          "Bundling main.css",
          "Building Docker image...",
          "Using Node.js 15.16.10",
          "[12:51:17] ERROR: Connection failed",
          "Step 1/16: Installing dependencies",
          "Snapshots: 36 passed, 21 total",
          "Waiting...",
          "yarn add: Done in 25.14s",
          "pip: Collecting lodash",
          "Fetching from https://npmjs.org/package.json",
          "Pulling image: python:18",
          "Cache invalidated: build",
          "Bundling styles.css",
          "yarn add: Done in 25.95s",
          "Installing express@3.9.5",
          "Compiling components/index.js...",
          "\u26a0 DEPRECATION: Feature will be removed in v5.0",
          "npm notice: created a lockfile",
          "[12:51:17] INFO: Processing request",
          "Processing...",
          "Step 13/18: Deploying",
          "Waiting...",
          "Bundling runtime.js",
          "OK",
          "HEAD is now at 61ee511",
          "\u2713 package completed",
          "Done.",
          "Step 1/25: Installing dependencies",
          "Compiling src/utils.go...",
          "npm install: added 359 packages",
          "[12:51:17] INFO: Connecting to database",
          "Installing axios@3.4.1",
          "pip: Collecting eslint",
          "[12:51:17] WARN: Deprecated API usage",
          "Tests: 341 passed, 136 total",
          "Transforming 697 files...",
          "[12:51:17] INFO: Starting build process",
          "Already up to date.",
          "\u26a0 DEPRECATION: Feature will be removed in v4.0",
          "Transforming 123 files...",
          "  PASS: e2e/test_auth_login.spec.js",
          "[12:51:17] DEBUG: Loading configuration",
          "Building Docker image...",
          "Ready.",
          "[12:51:17] INFO: Starting build process",
          "Completed.",
          "Cache invalidated: node_modules",
          "Pulling image: alpine:3.11",
          "Step 18/23: Building",
          "[12:51:17] DEBUG: Memory usage: 253MB",
          "Test Suites: 47 passed, 17 total",
          "Step 20/19: Installing dependencies",
          "Creating production build...",
          "Snapshots: 10 passed, 4 total",
          "\u2713 lint completed",
          "[12:51:17] INFO: Starting build process",
          "Done.",
          "Step 14/19: Installing dependencies",
          "[12:51:17] DEBUG: Query executed in 21ms",
          "Ready.",
          "Loading...",
          "Compiling components/index.js...",
          "npm install: added 485 packages",
          "Image pulled successfully",
          "Platform: darwin-arm64",
          "Artifact downloaded: 8MB",
          "[12:51:17] ERROR: Connection failed",
          "Ran 94 tests in 24s",
          "Tests: 324 passed, 208 total",
          "Success!",
          "Step 13/18: Installing dependencies",
          "OK",
          "WARNING: jest has known vulnerabilities",
          "Transforming 937 files...",
          "Test Suites: 23 passed, 35 total",
          "pip: Collecting lodash",
          "\u2713 Task completed in 3131ms",
          "Cache invalidated: node_modules",
          "[12:51:17] DEBUG: Loading configuration",
          "Waiting...",
          "Using Node.js 19.13.4",
          "Compiling components/service.java...",
          "WARNING: prettier has known vulnerabilities",
          "Waiting...",
          "Using Python 3.12",
          "pip: Collecting lodash",
          "Coverage: 93% statements, 83% branches",
          "Compiling components/handler.rs...",
          "npm notice: created a lockfile",
          "Pulling image: python:3.11",
          "Step 16/19: Deploying",
          "Checking out master branch",
          "Ready.",
          "FAILED: test_cache_hit",
          "Pushing to registry...",
          "Step 2/17: Running migrations",
          "Waiting...",
          "[12:51:17] WARN: Deprecated API usage",
          "WARNING: express has known vulnerabilities",
          "\u2717 build failed with exit code 105",
          "npm notice: created a lockfile",
          "pip: Installing build dependencies...",
          "Done.",
          "Finished.",
          "=== Step lint completed ==="
        ]
      },
      {
        "name": "e2e_tests",
        "status": "success",
        "started_at": "2025-12-05T12:52:31.648406",
        "finished_at": "2025-12-05T12:52:42.250378",
        "log_lines": [
          "=== Step: e2e_tests ===",
          "Step 10/21: Testing",
          "\u2713 All checks passed",
          "Transforming 205 files...",
          "POST /api - 202 (415ms)",
          "Coverage: 95% statements, 74% branches",
          "Compiling lib/utils.go...",
          "npm notice: created a lockfile",
          "Verifying...",
          "Already up to date.",
          "Using Python 3.11",
          "pip: Collecting webpack",
          "[12:51:17] DEBUG: Memory usage: 936MB",
          "Optimizing 30 modules...",
          "Cache invalidated: dependencies",
          "Ready.",
          "Pushing to registry...",
          "Snapshots: 46 passed, 12 total",
          "HEAD is now at 1490e7c",
          "[12:51:17] DEBUG: Connection pool: 5 active",
          "TLS handshake completed",
          "[12:51:17] INFO: Connecting to database",
          "Compiling src/main.py...",
          "Verifying...",
          "HEAD is now at f146d76",
          "WARNING: lodash has known vulnerabilities",
          "Snapshots: 37 passed, 19 total",
          "pip: Downloading axios-3.8.tar.gz",
          "Compiling lib/service.java...",
          "Installing eslint@4.18.10",
          "\u26a0 DEPRECATION: Feature will be removed in v4.0",
          "Step 6/22: Running migrations",
          "Already up to date.",
          "Time: 66.169s",
          "npm install: added 416 packages",
          "npm notice: package.json updated",
          "Artifact downloaded: 49MB",
          "npm notice: created a lockfile",
          "pip: Installing build dependencies...",
          "Uploading artifact 'coverage' (30 files)",
          "pip: Installing build dependencies...",
          "Switched to branch 'hotfix/task-398'",
          "WARNING: eslint has known vulnerabilities",
          "Switched to branch 'hotfix/task-880'",
          "[12:51:17] DEBUG: Query executed in 14ms",
          "Using Python 3.10",
          "pip: Collecting express",
          "Loading...",
          "[12:51:17] INFO: Connecting to database",
          "[12:51:17] DEBUG: Initializing service",
          "Ran 177 tests in 37s",
          "Fetching submodules...",
          "Compiling utils/index.js...",
          "Minifying main.js",
          "GET /status - 200 (61ms)",
          "Finished.",
          "Cache invalidated: node_modules",
          "Connection established",
          "Cache invalidated: dependencies",
          "Loading...",
          "[12:51:17] WARN: Deprecated API usage",
          "Platform: darwin-arm64",
          "Pulling image: node:latest",
          "  PASS: e2e/test_cache_hit.spec.js",
          "Done.",
          "Using Python 3.9",
          "\u2713 Step 'checkout' succeeded",
          "[12:51:17] INFO: Starting build process",
          "[12:51:17] DEBUG: Initializing service",
          "Switched to branch 'feature/task-657'",
          "Cache hit for key-6585",
          "\u26a0 DEPRECATION: Feature will be removed in v5.0",
          "Cache miss for key-3783",
          "Ran 186 tests in 38s",
          "Tests: 435 passed, 315 total",
          "[12:51:17] INFO: Request completed",
          "Step 6/19: Testing",
          "Verifying...",
          "WARNING: webpack has known vulnerabilities",
          "pip: Collecting jest",
          "Completed.",
          "pip: Installing build dependencies...",
          "npm notice: package.json updated",
          "[12:51:17] DEBUG: Loading configuration",
          "WARNING: axios has known vulnerabilities",
          "Success!",
          "[12:51:17] INFO: Processing request",
          "Environment: staging",
          "Using Python 3.12",
          "[12:51:17] DEBUG: Connection pool: 16 active",
          "Compiling lib/handler.rs...",
          "\u2713 Step 'setup' succeeded",
          "[12:51:17] INFO: Processing request",
          "Environment: staging",
          "Step 11/17: Linting",
          "Bundling styles.js",
          "Generating source maps...",
          "[12:51:17] INFO: Connecting to database",
          "Image pulled successfully",
          "[12:51:17] INFO: Request completed",
          "Image pulled successfully",
          "Artifact uploaded: dist.zip (48MB)",
          "pip: Installing build dependencies...",
          "Transforming 658 files...",
          "Waiting...",
          "pip: Collecting eslint",
          "Cache invalidated: dependencies",
          "HEAD is now at 4e5857c",
          "\u26a0 DEPRECATION: Feature will be removed in v2.0",
          "Step 1/24: Running migrations",
          "Using Node.js 20.14.7",
          "WARNING: react has known vulnerabilities",
          "[12:51:17] INFO: Request completed",
          "Done.",
          "Minifying main.js",
          "Exception: ValueError",
          "Uploading artifact 'dist' (23 files)",
          "npm notice: created a lockfile",
          "Cache restored successfully (396MB)",
          "[12:51:17] INFO: Request completed",
          "Layer 6/8: COPY command",
          "Processing...",
          "pip install: Successfully installed eslint-3.20",
          "Coverage: 85% statements, 62% branches",
          "Optimizing 64 modules...",
          "Image pulled successfully",
          "Step 12/24: Running migrations",
          "Verifying...",
          "Creating production build...",
          "Step 14/23: Testing",
          "Artifact uploaded: build.tar.gz (49MB)",
          "Fetching submodules...",
          "Verifying...",
          "Minifying app.js",
          "Finished.",
          "Processing...",
          "TLS handshake completed",
          "Cache miss for key-4968",
          "Environment: staging",
          "Step 13/21: Building",
          "Compiling components/main.py...",
          "POST /upload - 200 (191ms)",
          "\u2713 All checks passed",
          "Creating production build...",
          "Compiling lib/app.ts...",
          "pip install: Successfully installed axios-3.12",
          "Artifact downloaded: 24MB",
          "Ran 108 tests in 34s",
          "[12:51:17] WARN: Deprecated API usage",
          "[12:51:17] WARN: Deprecated API usage",
          "npm notice: package.json updated",
          "[12:51:17] INFO: Processing request",
          "Generating source maps...",
          "npm notice: created a lockfile",
          "[12:51:17] DEBUG: Query executed in 57ms",
          "pip: Downloading webpack-2.1.tar.gz",
          "Coverage: 71% statements, 76% branches",
          "=== Step e2e_tests completed ==="
        ]
      },
      {
        "name": "deploy_production",
        "status": "success",
        "started_at": "2025-12-05T12:52:42.250378",
        "finished_at": "2025-12-05T12:52:46.491167",
        "log_lines": [
          "=== Step: deploy_production ===",
          "NODE_ENV=development",
          "Processing...",
          "Using Node.js 18.5.4",
          "Checking out master branch",
          "Time: 113.174s",
          "[12:51:17] DEBUG: Query executed in 29ms",
          "Bundling main.js",
          "Compiling components/main.py...",
          "Step 19/23: Installing dependencies",
          "pip: Downloading axios-1.3.tar.gz",
          "[12:51:17] INFO: Request completed",
          "Bundling vendor.js",
          "Using Python 3.12",
          "Test Suites: 24 passed, 19 total",
          "  PASS: test_db_connect (404ms)",
          "Step 13/24: Testing",
          "\u2713 Task completed in 799ms",
          "[12:51:17] DEBUG: Connection pool: 20 active",
          "[12:51:17] DEBUG: Connection pool: 15 active",
          "[12:51:17] WARN: Deprecated API usage",
          "Uploading artifact 'build' (40 files)",
          "Optimizing 100 modules...",
          "Uploading artifact 'dist' (11 files)",
          "[12:51:17] WARN: Deprecated API usage",
          "Optimizing 95 modules...",
          "Platform: win32-x64",
          "Completed.",
          "Test Suites: 35 passed, 7 total",
          "Tests: 459 passed, 107 total",
          "npm install: added 290 packages",
          "Pulling image: node:18",
          "Bundling styles.js",
          "WARNING: react has known vulnerabilities",
          "Exception: TypeError",
          "npm notice: created a lockfile",
          "[12:51:17] INFO: Cache refreshed",
          "\u26a0 DEPRECATION: Feature will be removed in v4.0",
          "[12:51:17] INFO: Processing request",
          "Cache invalidated: dependencies",
          "npm notice: created a lockfile",
          "Compiling lib/utils.go...",
          "Tests: 388 passed, 128 total",
          "npm install: resolved 590 packages",
          "[12:51:17] WARN: Deprecated API usage",
          "[12:51:17] INFO: Connecting to database",
          "Compiling utils/handler.rs...",
          "Platform: darwin-arm64",
          "  PASS: e2e/test_db_connect.spec.js",
          "Compiling components/utils.go...",
          "TLS handshake completed",
          "WARNING: jest has known vulnerabilities",
          "Artifact downloaded: 29MB",
          "\u26a0 DEPRECATION: Feature will be removed in v2.0",
          "  PASS: unit/test_user_create.spec.js",
          "OK",
          "Artifact downloaded: 35MB",
          "Artifact uploaded: dist.zip (36MB)",
          "Fetching submodules...",
          "[12:51:17] ERROR: Connection failed",
          "Step 3/16: Running migrations",
          "[12:51:17] INFO: Request completed",
          "Already up to date.",
          "OK",
          "GET /api - 204 (28ms)",
          "pip: Downloading jest-3.8.tar.gz",
          "WARNING: express has known vulnerabilities",
          "Ran 15 tests in 15s",
          "TLS handshake completed",
          "Ready.",
          "pip install: Successfully installed jest-3.8",
          "  PASS: test_db_connect (319ms)",
          "Verifying...",
          "Layer 1/14: RUN command",
          "Cache hit for key-5808",
          "[12:51:17] WARN: Deprecated API usage",
          "Fetching submodules...",
          "Step 4/18: Installing dependencies",
          "OK",
          "Step 10/20: Linting",
          "Using Python 3.10",
          "  PASS: e2e/test_cache_hit.spec.js",
          "Cache miss for key-4295",
          "Layer 1/14: RUN command",
          "Cache invalidated: build",
          "\u2717 build failed with exit code 96",
          "Compiling lib/handler.rs...",
          "Ready.",
          "Step 3/15: Running migrations",
          "Done.",
          "Step 5/23: Testing",
          "Cache miss for key-5455",
          "Installing react@1.17.1",
          "Waiting...",
          "Switched to branch 'bugfix/task-115'",
          "[12:51:17] DEBUG: Connection pool: 11 active",
          "Success!",
          "Step 19/15: Testing",
          "pip: Downloading prettier-5.18.tar.gz",
          "Installing react@2.9.3",
          "Installing express@4.16.9",
          "\u2713 deploy completed",
          "npm install: resolved 270 packages",
          "[12:51:17] DEBUG: Query executed in 44ms",
          "HEAD is now at e84911b",
          "FAILED: test_db_connect",
          "[12:51:17] ERROR: Connection failed",
          "TLS handshake completed",
          "Fetching submodules...",
          "Using Python 3.10",
          "Building Docker image...",
          "[12:51:17] WARN: Deprecated API usage",
          "[12:51:17] DEBUG: Query executed in 75ms",
          "Compiling lib/service.java...",
          "Cache saved successfully",
          "WARNING: axios has known vulnerabilities",
          "npm notice: created a lockfile",
          "Snapshots: 8 passed, 32 total",
          "Step 1/20: Testing",
          "NODE_ENV=development",
          "\u26a0 DEPRECATION: Feature will be removed in v3.0",
          "  PASS: test_cache_hit (333ms)",
          "Step 7/20: Installing dependencies",
          "Time: 9.853s",
          "FAILED: test_db_connect",
          "Cache restored successfully (397MB)",
          "Cache miss for key-8250",
          "yarn add: Done in 8.51s",
          "Step 9/22: Installing dependencies",
          "[12:51:17] DEBUG: Memory usage: 950MB",
          "Completed.",
          "Layer 5/12: RUN command",
          "Pushing to registry...",
          "\u26a0 DEPRECATION: Feature will be removed in v2.0",
          "Step 14/19: Linting",
          "Using Node.js 15.8.8",
          "Uploading artifact 'build' (19 files)",
          "Exception: NullPointerException",
          "Tests: 368 passed, 308 total",
          "Compiling src/utils.go...",
          "Environment: staging",
          "[12:51:17] WARN: Deprecated API usage",
          "Cache hit for key-5996",
          "Ran 26 tests in 60s",
          "Compiling src/main.py...",
          "Installing eslint@5.8.2",
          "Already up to date.",
          "Coverage: 71% statements, 68% branches",
          "Step 19/19: Running migrations",
          "[12:51:17] DEBUG: Connection pool: 5 active",
          "GET /health - 200 (20ms)",
          "POST /api - 202 (312ms)",
          "Optimizing 64 modules...",
          "Creating production build...",
          "Minifying app.js",
          "Compiling components/index.js...",
          "Platform: linux-x64",
          "=== Step deploy_production completed ==="
        ]
      },
      {
        "name": "save_cache",
        "status": "success",
        "started_at": "2025-12-05T12:52:46.491167",
        "finished_at": "2025-12-05T12:52:52.852350",
        "log_lines": [
          "=== Step: save_cache ===",
          "\u26a0 DEPRECATION: Feature will be removed in v2.0",
          "Step 10/24: Linting",
          "Using Node.js 19.4.7",
          "Optimizing 16 modules...",
          "\u2713 Task completed in 367ms",
          "Switched to branch 'hotfix/task-597'",
          "NODE_ENV=production",
          "Compiling utils/index.js...",
          "Completed.",
          "Cache saved successfully",
          "HEAD is now at 53ffc7c",
          "Step 18/17: Running migrations",
          "Transforming 263 files...",
          "\u2713 All checks passed",
          "Time: 97.462s",
          "Processing...",
          "  PASS: test_auth_login (60ms)",
          "Generating source maps...",
          "WARNING: express has known vulnerabilities",
          "pip: Downloading react-4.11.tar.gz",
          "Switched to branch 'hotfix/task-233'",
          "  PASS: test_db_connect (468ms)",
          "Exception: TypeError",
          "Installing axios@5.20.9",
          "pip: Installing build dependencies...",
          "Platform: linux-x64",
          "Compiling utils/handler.rs...",
          "Compiling utils/utils.go...",
          "\u26a0 DEPRECATION: Feature will be removed in v4.0",
          "Cache miss for key-5645",
          "Artifact uploaded: dist.zip (21MB)",
          "FAILED: test_auth_login",
          "Generating source maps...",
          "Transforming 881 files...",
          "Snapshots: 13 passed, 41 total",
          "Snapshots: 35 passed, 39 total",
          "npm install: resolved 1659 packages",
          "NODE_ENV=test",
          "pip: Installing build dependencies...",
          "Tests: 237 passed, 272 total",
          "[12:51:17] DEBUG: Connection pool: 19 active",
          "Already up to date.",
          "Finished.",
          "Using Python 3.12",
          "\u26a0 DEPRECATION: Feature will be removed in v4.0",
          "Snapshots: 23 passed, 15 total",
          "Compiling utils/app.ts...",
          "[12:51:17] WARN: Deprecated API usage",
          "Compiling lib/service.java...",
          "[12:51:17] INFO: Starting build process",
          "pip: Installing build dependencies...",
          "pip install: Successfully installed react-3.19",
          "  PASS: test_db_connect (429ms)",
          "WARNING: express has known vulnerabilities",
          "Step 13/18: Testing",
          "[12:51:17] DEBUG: Memory usage: 1303MB",
          "Step 7/18: Building",
          "[12:51:17] ERROR: Connection failed",
          "Coverage: 98% statements, 79% branches",
          "Compiling components/app.ts...",
          "\u2713 test completed",
          "Cache hit for key-1999",
          "[12:51:17] WARN: Deprecated API usage",
          "[12:51:17] DEBUG: Initializing service",
          "Compiling components/utils.go...",
          "Time: 87.735s",
          "\u2713 Step 'checkout' succeeded",
          "Platform: darwin-arm64",
          "Cache invalidated: dependencies",
          "Processing...",
          "Test Suites: 15 passed, 11 total",
          "\u26a0 DEPRECATION: Feature will be removed in v2.0",
          "Already up to date.",
          "Compiling components/service.java...",
          "pip: Collecting react",
          "Ready.",
          "Cache saved successfully",
          "Compiling utils/handler.rs...",
          "OK",
          "Using Node.js 15.13.6",
          "Fetching from https://pypi.org/package.json",
          "Done.",
          "Loading...",
          "GET /status - 200 (57ms)",
          "pip install: Successfully installed axios-5.0",
          "pip install: Successfully installed webpack-1.11",
          "Cache miss for key-5511",
          "\u2713 lint completed",
          "  PASS: test_auth_login (99ms)",
          "Cache hit for key-7493",
          "POST /data - 202 (96ms)",
          "[12:51:17] INFO: Cache refreshed",
          "Cache invalidated: build",
          "Pushing to registry...",
          "\u26a0 DEPRECATION: Feature will be removed in v5.0",
          "GET /status - 204 (45ms)",
          "Tests: 418 passed, 80 total",
          "WARNING: lodash has known vulnerabilities",
          "Bundling runtime.css",
          "Using Node.js 16.2.5",
          "Using Python 3.10",
          "\u26a0 DEPRECATION: Feature will be removed in v4.0",
          "npm install: added 264 packages",
          "Switched to branch 'bugfix/task-551'",
          "npm install: resolved 419 packages",
          "Fetching submodules...",
          "pip: Collecting react",
          "Installing lodash@5.12.9",
          "Transforming 919 files...",
          "Fetching submodules...",
          "Compiling lib/service.java...",
          "  PASS: integration/test_cache_hit.spec.js",
          "Switched to branch 'feature/task-310'",
          "Compiling src/app.ts...",
          "Exception: TypeError",
          "Step 6/18: Running migrations",
          "Step 1/16: Running migrations",
          "Done.",
          "POST /upload - 200 (78ms)",
          "Generating source maps...",
          "Pushing to registry...",
          "Optimizing 76 modules...",
          "[12:51:17] INFO: Processing request",
          "Compiling lib/handler.rs...",
          "[12:51:17] INFO: Processing request",
          "Cache restored successfully (494MB)",
          "\u2717 build failed with exit code 119",
          "Loading...",
          "Checking out master branch",
          "[12:51:17] INFO: Starting build process",
          "Checking out master branch",
          "Building Docker image...",
          "Pulling image: python:3.11",
          "[12:51:17] INFO: Request completed",
          "[12:51:17] DEBUG: Query executed in 20ms",
          "Already up to date.",
          "Waiting...",
          "Ready.",
          "[12:51:17] DEBUG: Initializing service",
          "Step 14/15: Building",
          "Ran 174 tests in 43s",
          "Verifying...",
          "Cache saved successfully",
          "Pushing to registry...",
          "Optimizing 73 modules...",
          "WARNING: axios has known vulnerabilities",
          "[12:51:17] DEBUG: Memory usage: 951MB",
          "GET /api - 204 (54ms)",
          "POST /api - 201 (351ms)",
          "\u2717 build failed with exit code 53",
          "Success!",
          "[12:51:17] DEBUG: Memory usage: 357MB",
          "Platform: darwin-arm64",
          "Installing jest@3.12.0",
          "GET /status - 204 (78ms)",
          "Exception: RuntimeError",
          "=== Step save_cache completed ==="
        ]
      },
      {
        "name": "restore_cache",
        "status": "success",
        "started_at": "2025-12-05T12:52:52.852350",
        "finished_at": "2025-12-05T12:52:59.213533",
        "log_lines": [
          "=== Step: restore_cache ===",
          "Processing...",
          "Done.",
          "Image pulled successfully",
          "Cache saved successfully",
          "[12:51:17] DEBUG: Initializing service",
          "Optimizing 81 modules...",
          "Step 18/23: Running migrations",
          "pip: Downloading webpack-5.17.tar.gz",
          "POST /api - 202 (39ms)",
          "Tests: 378 passed, 199 total",
          "Pulling image: python:latest",
          "Minifying app.js",
          "Snapshots: 5 passed, 1 total",
          "  PASS: integration/test_auth_login.spec.js",
          "[12:51:17] DEBUG: Connection pool: 18 active",
          "Compiling utils/main.py...",
          "Compiling utils/app.ts...",
          "npm install: resolved 1799 packages",
          "Done.",
          "pip: Installing build dependencies...",
          "Connection established",
          "Cache hit for key-8962",
          "\u2713 Task completed in 1695ms",
          "Fetching submodules...",
          "Cache saved successfully",
          "Compiling utils/service.java...",
          "Processing...",
          "Coverage: 81% statements, 84% branches",
          "Ready.",
          "Step 6/22: Linting",
          "Tests: 470 passed, 318 total",
          "Verifying...",
          "\u26a0 DEPRECATION: Feature will be removed in v2.0",
          "pip: Downloading prettier-2.0.tar.gz",
          "  PASS: test_user_create (396ms)",
          "Waiting...",
          "Using Python 3.9",
          "\u26a0 DEPRECATION: Feature will be removed in v4.0",
          "Time: 107.75s",
          "Environment: development",
          "[12:51:17] INFO: Processing request",
          "FAILED: test_db_connect",
          "Cache hit for key-2378",
          "Processing...",
          "Using Python 3.9",
          "Environment: production",
          "TLS handshake completed",
          "\u2713 All checks passed",
          "Artifact uploaded: build.tar.gz (14MB)",
          "pip: Collecting axios",
          "\u2713 Step 'install' succeeded",
          "Cache saved successfully",
          "OK",
          "GET /api - 204 (62ms)",
          "  PASS: e2e/test_auth_login.spec.js",
          "Minifying app.js",
          "Compiling src/app.ts...",
          "[12:51:17] INFO: Request completed",
          "Snapshots: 40 passed, 14 total",
          "  PASS: integration/test_user_create.spec.js",
          "Connection established",
          "POST /api - 201 (349ms)",
          "Platform: win32-x64",
          "npm notice: package.json updated",
          "[12:51:17] INFO: Starting build process",
          "Platform: darwin-arm64",
          "Building Docker image...",
          "[12:51:17] INFO: Connecting to database",
          "Minifying app.js",
          "\u2713 test completed",
          "Step 13/22: Running migrations",
          "Pushing to registry...",
          "[12:51:17] ERROR: Connection failed",
          "Finished.",
          "Snapshots: 22 passed, 20 total",
          "Artifact uploaded: build.tar.gz (8MB)",
          "[12:51:17] INFO: Connecting to database",
          "WARNING: lodash has known vulnerabilities",
          "Transforming 656 files...",
          "[12:51:17] WARN: Deprecated API usage",
          "GET /api - 204 (33ms)",
          "Snapshots: 25 passed, 48 total",
          "Optimizing 99 modules...",
          "Uploading artifact 'dist' (13 files)",
          "Environment: test",
          "Image pulled successfully",
          "[12:51:17] DEBUG: Memory usage: 1262MB",
          "[12:51:17] ERROR: Connection failed",
          "Cache miss for key-4033",
          "Fetching submodules...",
          "Step 10/15: Testing",
          "Generating source maps...",
          "Ran 178 tests in 47s",
          "Waiting...",
          "GET /status - 200 (15ms)",
          "Installing prettier@5.11.4",
          "yarn add: Done in 24.95s",
          "[12:51:17] DEBUG: Connection pool: 15 active",
          "[12:51:17] ERROR: Connection failed",
          "  PASS: test_auth_login (63ms)",
          "npm install: added 302 packages",
          "Cache saved successfully",
          "Completed.",
          "Step 20/25: Running migrations",
          "Step 12/16: Deploying",
          "pip: Installing build dependencies...",
          "Processing...",
          "Switched to branch 'bugfix/task-261'",
          "Time: 35.183s",
          "[12:51:17] DEBUG: Memory usage: 1923MB",
          "HEAD is now at 25cfcb2",
          "Environment: staging",
          "Generating source maps...",
          "\u2713 All checks passed",
          "[12:51:17] DEBUG: Query executed in 12ms",
          "Creating production build...",
          "Step 15/15: Building",
          "\u2713 All checks passed",
          "Minifying main.js",
          "npm install: added 228 packages",
          "Compiling lib/utils.go...",
          "[12:51:17] INFO: Cache refreshed",
          "Building Docker image...",
          "Cache invalidated: dependencies",
          "[12:51:17] WARN: Deprecated API usage",
          "Step 15/21: Linting",
          "POST /data - 201 (56ms)",
          "pip: Collecting prettier",
          "npm install: added 441 packages",
          "[12:51:17] WARN: Deprecated API usage",
          "Tests: 154 passed, 270 total",
          "Step 8/19: Installing dependencies",
          "TLS handshake completed",
          "\u2713 Task completed in 3914ms",
          "npm notice: created a lockfile",
          "Layer 2/15: ENV command",
          "TLS handshake completed",
          "Already up to date.",
          "pip install: Successfully installed webpack-3.1",
          "Environment: test",
          "Loading...",
          "Artifact uploaded: build.tar.gz (50MB)",
          "Cache restored successfully (465MB)",
          "[12:51:17] DEBUG: Connection pool: 7 active",
          "[12:51:17] INFO: Processing request",
          "[12:51:17] ERROR: Connection failed",
          "[12:51:17] INFO: Cache refreshed",
          "Uploading artifact 'coverage' (3 files)",
          "\u26a0 DEPRECATION: Feature will be removed in v4.0",
          "Step 11/16: Deploying",
          "Already up to date.",
          "Cache hit for key-6031",
          "Minifying vendor.js",
          "Compiling lib/index.js...",
          "Bundling main.css",
          "\u2713 Step 'build' succeeded",
          "=== Step restore_cache completed ==="
        ]
      },
      {
        "name": "deploy_staging",
        "status": "success",
        "started_at": "2025-12-05T12:52:59.213533",
        "finished_at": "2025-12-05T12:53:09.815505",
        "log_lines": [
          "=== Step: deploy_staging ===",
          "\u26a0 DEPRECATION: Feature will be removed in v5.0",
          "Ran 110 tests in 20s",
          "Step 1/16: Running migrations",
          "Coverage: 83% statements, 67% branches",
          "Building Docker image...",
          "Platform: win32-x64",
          "Using Node.js 19.4.8",
          "Uploading artifact 'coverage' (14 files)",
          "Processing...",
          "pip: Collecting express",
          "HEAD is now at bb234cb",
          "Pulling image: alpine:latest",
          "\u26a0 DEPRECATION: Feature will be removed in v4.0",
          "[12:51:17] WARN: Deprecated API usage",
          "POST /data - 201 (221ms)",
          "Pushing to registry...",
          "Building Docker image...",
          "\u2713 Step 'setup' succeeded",
          "Installing react@5.14.8",
          "[12:51:17] DEBUG: Loading configuration",
          "Step 13/22: Linting",
          "Optimizing 23 modules...",
          "Cache saved successfully",
          "WARNING: axios has known vulnerabilities",
          "Building Docker image...",
          "Generating source maps...",
          "Artifact uploaded: dist.zip (22MB)",
          "Compiling utils/index.js...",
          "GET /api - 201 (62ms)",
          "Cache hit for key-3453",
          "Transforming 789 files...",
          "Step 8/25: Linting",
          "[12:51:17] DEBUG: Memory usage: 1236MB",
          "Loading...",
          "Time: 20.651s",
          "\u2713 Step 'checkout' succeeded",
          "WARNING: prettier has known vulnerabilities",
          "Loading...",
          "\u2713 Task completed in 1863ms",
          "\u2717 build failed with exit code 38",
          "Compiling utils/utils.go...",
          "  PASS: test_cache_hit (306ms)",
          "Exception: ValueError",
          "Compiling lib/utils.go...",
          "Environment: test",
          "pip: Collecting lodash",
          "Time: 73.716s",
          "Already up to date.",
          "Cache invalidated: build",
          "npm notice: created a lockfile",
          "Compiling components/main.py...",
          "[12:51:17] WARN: Deprecated API usage",
          "Step 11/22: Testing",
          "pip install: Successfully installed react-4.4",
          "[12:51:17] WARN: Deprecated API usage",
          "Building Docker image...",
          "Finished.",
          "Cache miss for key-7229",
          "Waiting...",
          "Exception: ValueError",
          "\u2713 All checks passed",
          "WARNING: eslint has known vulnerabilities",
          "[12:51:17] DEBUG: Query executed in 60ms",
          "npm notice: package.json updated",
          "yarn add: Done in 10.24s",
          "Creating production build...",
          "Pulling image: alpine:latest",
          "HEAD is now at 8412460",
          "Fetching submodules...",
          "\u2713 build completed",
          "Ready.",
          "Snapshots: 9 passed, 42 total",
          "npm install: resolved 274 packages",
          "npm install: resolved 1853 packages",
          "Platform: linux-x64",
          "Ready.",
          "Step 9/25: Deploying",
          "[12:51:17] INFO: Processing request",
          "Fetching from https://gcr.io/package.json",
          "Pulling image: python:3.11",
          "Completed.",
          "[12:51:17] DEBUG: Loading configuration",
          "npm notice: package.json updated",
          "Bundling styles.css",
          "Completed.",
          "Using Node.js 19.11.7",
          "[12:51:17] INFO: Starting build process",
          "Step 11/23: Building",
          "Completed.",
          "npm install: added 300 packages",
          "pip: Downloading axios-4.7.tar.gz",
          "Compiling utils/main.py...",
          "Building Docker image...",
          "Pulling image: node:18",
          "Loading...",
          "npm install: resolved 1677 packages",
          "\u2713 Task completed in 403ms",
          "Tests: 375 passed, 237 total",
          "Uploading artifact 'dist' (1 files)",
          "Fetching from https://docker.io/package.json",
          "Installing jest@3.12.2",
          "npm notice: created a lockfile",
          "Compiling src/app.ts...",
          "[12:51:17] INFO: Request completed",
          "Building Docker image...",
          "Step 2/19: Linting",
          "npm install: added 79 packages",
          "[12:51:17] DEBUG: Initializing service",
          "[12:51:17] WARN: Deprecated API usage",
          "Fetching submodules...",
          "Test Suites: 37 passed, 43 total",
          "npm notice: package.json updated",
          "WARNING: lodash has known vulnerabilities",
          "\u2713 Step 'checkout' succeeded",
          "[12:51:17] INFO: Processing request",
          "HEAD is now at a5a0710",
          "\u2713 All checks passed",
          "[12:51:17] INFO: Cache refreshed",
          "Test Suites: 13 passed, 5 total",
          "HEAD is now at 2d6bae4",
          "FAILED: test_cache_hit",
          "Time: 64.848s",
          "Completed.",
          "Artifact downloaded: 29MB",
          "Artifact downloaded: 9MB",
          "Completed.",
          "\u26a0 DEPRECATION: Feature will be removed in v2.0",
          "npm notice: created a lockfile",
          "Generating source maps...",
          "Cache saved successfully",
          "Waiting...",
          "[12:51:17] DEBUG: Memory usage: 1239MB",
          "npm notice: created a lockfile",
          "\u2713 All checks passed",
          "Coverage: 92% statements, 71% branches",
          "pip: Collecting webpack",
          "\u2713 Step 'checkout' succeeded",
          "\u2717 build failed with exit code 21",
          "[12:51:17] DEBUG: Initializing service",
          "Step 13/23: Running migrations",
          "Building Docker image...",
          "Optimizing 67 modules...",
          "Coverage: 86% statements, 71% branches",
          "Optimizing 70 modules...",
          "[12:51:17] DEBUG: Initializing service",
          "Bundling styles.js",
          "Compiling lib/handler.rs...",
          "Time: 73.450s",
          "yarn add: Done in 18.70s",
          "Pulling image: node:latest",
          "Processing...",
          "Tests: 285 passed, 64 total",
          "yarn add: Done in 12.52s",
          "Optimizing 70 modules...",
          "yarn add: Done in 12.20s",
          "\u2713 Task completed in 4212ms",
          "=== Step deploy_staging completed ==="
        ]
      },
      {
        "name": "upload_artifacts",
        "status": "success",
        "started_at": "2025-12-05T12:53:09.815505",
        "finished_at": "2025-12-05T12:53:20.417477",
        "log_lines": [
          "=== Step: upload_artifacts ===",
          "[12:51:17] WARN: Deprecated API usage",
          "Done.",
          "Fetching submodules...",
          "Cache hit for key-4092",
          "Creating production build...",
          "  PASS: e2e/test_db_connect.spec.js",
          "\u2713 Step 'test' succeeded",
          "Done.",
          "Artifact uploaded: dist.zip (86MB)",
          "Compiling utils/index.js...",
          "Step 2/24: Linting",
          "pip: Installing build dependencies...",
          "npm install: added 57 packages",
          "Cache miss for key-3328",
          "[12:51:17] INFO: Cache refreshed",
          "Ready.",
          "\u2713 All checks passed",
          "\u26a0 DEPRECATION: Feature will be removed in v4.0",
          "  PASS: e2e/test_auth_login.spec.js",
          "yarn add: Done in 27.44s",
          "\u26a0 DEPRECATION: Feature will be removed in v5.0",
          "npm install: resolved 711 packages",
          "pip install: Successfully installed axios-5.3",
          "[12:51:17] INFO: Processing request",
          "Time: 49.376s",
          "\u2713 Step 'install' succeeded",
          "[12:51:17] INFO: Connecting to database",
          "Step 4/20: Running migrations",
          "Compiling lib/main.py...",
          "WARNING: jest has known vulnerabilities",
          "Processing...",
          "Cache hit for key-8909",
          "[12:51:17] INFO: Starting build process",
          "Platform: win32-x64",
          "\u2713 lint completed",
          "Using Python 3.12",
          "Minifying vendor.js",
          "Generating source maps...",
          "Success!",
          "Tests: 229 passed, 241 total",
          "FAILED: test_db_connect",
          "Tests: 404 passed, 242 total",
          "HEAD is now at d2f3f82",
          "\u2713 test completed",
          "FAILED: test_db_connect",
          "Test Suites: 49 passed, 34 total",
          "[12:51:17] INFO: Connecting to database",
          "Already up to date.",
          "Artifact uploaded: dist.zip (14MB)",
          "Bundling vendor.js",
          "Compiling components/app.ts...",
          "TLS handshake completed",
          "Tests: 294 passed, 414 total",
          "[12:51:17] INFO: Starting build process",
          "[12:51:17] DEBUG: Query executed in 27ms",
          "Layer 8/8: RUN command",
          "[12:51:17] DEBUG: Connection pool: 17 active",
          "Waiting...",
          "NODE_ENV=test",
          "pip install: Successfully installed webpack-4.17",
          "\u26a0 DEPRECATION: Feature will be removed in v3.0",
          "Step 10/23: Deploying",
          "Verifying...",
          "Success!",
          "Connection established",
          "NODE_ENV=development",
          "Pushing to registry...",
          "Step 1/20: Linting",
          "Completed.",
          "Platform: win32-x64",
          "Creating production build...",
          "Step 20/23: Linting",
          "pip: Collecting react",
          "[12:51:17] INFO: Processing request",
          "Artifact downloaded: 30MB",
          "OK",
          "Success!",
          "Tests: 383 passed, 215 total",
          "Pulling image: alpine:3.11",
          "Step 17/15: Running migrations",
          "Step 18/23: Running migrations",
          "Platform: win32-x64",
          "Pulling image: node:3.11",
          "Generating source maps...",
          "\u2713 validate completed",
          "[12:51:17] INFO: Cache refreshed",
          "Bundling main.css",
          "[12:51:17] DEBUG: Initializing service",
          "Compiling lib/main.py...",
          "[12:51:17] DEBUG: Loading configuration",
          "\u2713 Task completed in 681ms",
          "npm notice: created a lockfile",
          "Verifying...",
          "\u2713 All checks passed",
          "[12:51:17] INFO: Cache refreshed",
          "[12:51:17] WARN: Deprecated API usage",
          "Finished.",
          "[12:51:17] DEBUG: Loading configuration",
          "Compiling components/utils.go...",
          "Completed.",
          "Snapshots: 39 passed, 45 total",
          "[12:51:17] DEBUG: Query executed in 41ms",
          "POST /upload - 201 (405ms)",
          "Waiting...",
          "npm notice: package.json updated",
          "Artifact uploaded: build.tar.gz (7MB)",
          "[12:51:17] WARN: Deprecated API usage",
          "Compiling utils/index.js...",
          "[12:51:17] DEBUG: Loading configuration",
          "FAILED: test_auth_login",
          "Step 8/21: Testing",
          "[12:51:17] INFO: Starting build process",
          "Artifact uploaded: build.tar.gz (10MB)",
          "[12:51:17] INFO: Request completed",
          "Layer 8/11: ENV command",
          "Snapshots: 6 passed, 41 total",
          "npm notice: created a lockfile",
          "Step 18/17: Building",
          "[12:51:17] DEBUG: Connection pool: 19 active",
          "GET /status - 201 (43ms)",
          "[12:51:17] DEBUG: Query executed in 2ms",
          "Artifact downloaded: 4MB",
          "Step 14/20: Linting",
          "Pushing to registry...",
          "Already up to date.",
          "Time: 2.703s",
          "FAILED: test_db_connect",
          "Step 13/17: Testing",
          "HEAD is now at 3464d5c",
          "Time: 55.149s",
          "Compiling lib/utils.go...",
          "Generating source maps...",
          "Coverage: 84% statements, 70% branches",
          "HEAD is now at d65addc",
          "Generating source maps...",
          "Artifact uploaded: dist.zip (78MB)",
          "HEAD is now at 2802ddd",
          "Building Docker image...",
          "pip: Collecting express",
          "WARNING: webpack has known vulnerabilities",
          "Artifact uploaded: build.tar.gz (42MB)",
          "Checking out master branch",
          "POST /api - 202 (246ms)",
          "\u2713 package completed",
          "Ran 187 tests in 24s",
          "Cache hit for key-9039",
          "Completed.",
          "\u2713 Step 'setup' succeeded",
          "Compiling components/app.ts...",
          "TLS handshake completed",
          "npm install: added 410 packages",
          "pip install: Successfully installed express-2.17",
          "Step 18/17: Testing",
          "HEAD is now at 4eefc99",
          "Processing...",
          "Time: 31.291s",
          "=== Step upload_artifacts completed ==="
        ]
      },
      {
        "name": "build",
        "status": "success",
        "started_at": "2025-12-05T12:53:20.417477",
        "finished_at": "2025-12-05T12:53:52.223393",
        "log_lines": [
          "=== Step: build ===",
          "[12:51:17] INFO: Cache refreshed",
          "Cache hit for key-6816",
          "[12:51:17] DEBUG: Connection pool: 16 active",
          "[12:51:17] INFO: Request completed",
          "Layer 9/10: COPY command",
          "FAILED: test_user_create",
          "HEAD is now at 5b7b21f",
          "Tests: 86 passed, 279 total",
          "Compiling components/main.py...",
          "Compiling src/index.js...",
          "Image pulled successfully",
          "\u2713 validate completed",
          "[12:51:17] INFO: Cache refreshed",
          "Compiling src/index.js...",
          "[12:51:17] DEBUG: Initializing service",
          "[12:51:17] WARN: Deprecated API usage",
          "GET /api - 201 (18ms)",
          "FAILED: test_user_create",
          "Compiling src/index.js...",
          "Compiling src/utils.go...",
          "Exception: ValueError",
          "Building Docker image...",
          "Image pulled successfully",
          "FAILED: test_cache_hit",
          "Fetching submodules...",
          "[12:51:17] INFO: Request completed",
          "Finished.",
          "GET /status - 204 (4ms)",
          "[12:51:17] INFO: Cache refreshed",
          "\u2713 All checks passed",
          "HEAD is now at d9ebcbd",
          "Step 2/23: Running migrations",
          "\u2713 deploy completed",
          "Connection established",
          "Snapshots: 18 passed, 12 total",
          "[12:51:17] DEBUG: Loading configuration",
          "[12:51:17] DEBUG: Query executed in 21ms",
          "[12:51:17] WARN: Deprecated API usage",
          "Connection established",
          "Step 16/23: Building",
          "Exception: ValueError",
          "Pulling image: node:latest",
          "WARNING: prettier has known vulnerabilities",
          "[12:51:17] DEBUG: Memory usage: 1538MB",
          "Generating source maps...",
          "Platform: darwin-arm64",
          "Success!",
          "Switched to branch 'bugfix/task-627'",
          "POST /api - 200 (469ms)",
          "\u2713 Task completed in 545ms",
          "Coverage: 97% statements, 78% branches",
          "Transforming 262 files...",
          "Processing...",
          "[12:51:17] DEBUG: Loading configuration",
          "Cache saved successfully",
          "Using Python 3.9",
          "[12:51:17] DEBUG: Query executed in 16ms",
          "Time: 81.473s",
          "Cache hit for key-5702",
          "[12:51:17] INFO: Processing request",
          "Cache miss for key-8141",
          "WARNING: eslint has known vulnerabilities",
          "Tests: 186 passed, 57 total",
          "Using Python 3.10",
          "TLS handshake completed",
          "Connection established",
          "[12:51:17] DEBUG: Connection pool: 16 active",
          "Bundling main.css",
          "Step 14/15: Testing",
          "Step 1/18: Installing dependencies",
          "Waiting...",
          "WARNING: axios has known vulnerabilities",
          "Using Python 3.12",
          "Minifying main.js",
          "Using Python 3.12",
          "[12:51:17] WARN: Deprecated API usage",
          "Uploading artifact 'coverage' (12 files)",
          "  PASS: e2e/test_auth_login.spec.js",
          "Artifact uploaded: build.tar.gz (8MB)",
          "[12:51:17] DEBUG: Loading configuration",
          "[12:51:17] WARN: Deprecated API usage",
          "Cache miss for key-9715",
          "Time: 12.740s",
          "FAILED: test_auth_login",
          "Generating source maps...",
          "Minifying app.js",
          "Compiling src/utils.go...",
          "[12:51:17] INFO: Request completed",
          "yarn add: Done in 29.2s",
          "[12:51:17] INFO: Connecting to database",
          "Generating source maps...",
          "Step 3/22: Running migrations",
          "Layer 6/12: RUN command",
          "[12:51:17] WARN: Deprecated API usage",
          "Minifying app.js",
          "Step 12/16: Running migrations",
          "pip: Downloading webpack-2.10.tar.gz",
          "Artifact uploaded: build.tar.gz (19MB)",
          "Using Python 3.10",
          "Ran 179 tests in 59s",
          "[12:51:17] DEBUG: Query executed in 79ms",
          "[12:51:17] WARN: Deprecated API usage",
          "npm install: resolved 1209 packages",
          "Step 5/21: Testing",
          "Using Python 3.11",
          "\u26a0 DEPRECATION: Feature will be removed in v4.0",
          "pip: Collecting axios",
          "Using Python 3.9",
          "Artifact uploaded: dist.zip (32MB)",
          "[12:51:17] INFO: Connecting to database",
          "Coverage: 90% statements, 61% branches",
          "\u2717 build failed with exit code 48",
          "Cache hit for key-7549",
          "Creating production build...",
          "pip install: Successfully installed jest-4.10",
          "NODE_ENV=test",
          "Step 16/24: Installing dependencies",
          "Cache saved successfully",
          "Using Node.js 14.17.9",
          "Exception: TypeError",
          "Pulling image: python:18",
          "Compiling lib/main.py...",
          "[12:51:17] INFO: Connecting to database",
          "pip: Collecting react",
          "[12:51:17] INFO: Starting build process",
          "Cache restored successfully (131MB)",
          "Pulling image: node:18",
          "Finished.",
          "\u26a0 DEPRECATION: Feature will be removed in v5.0",
          "npm notice: package.json updated",
          "Environment: production",
          "[12:51:17] INFO: Starting build process",
          "Fetching from https://pypi.org/package.json",
          "[12:51:17] DEBUG: Memory usage: 806MB",
          "Processing...",
          "Minifying vendor.js",
          "Cache hit for key-9970",
          "Ready.",
          "Finished.",
          "Cache hit for key-4910",
          "[12:51:17] INFO: Connecting to database",
          "NODE_ENV=test",
          "Minifying main.js",
          "Finished.",
          "[12:51:17] INFO: Starting build process",
          "Finished.",
          "Step 13/20: Building",
          "[12:51:17] DEBUG: Connection pool: 19 active",
          "Fetching from https://pypi.org/package.json",
          "Time: 57.592s",
          "  PASS: test_auth_login (353ms)",
          "Cache hit for key-5935",
          "Already up to date.",
          "Success!",
          "Generating source maps...",
          "Artifact uploaded: dist.zip (44MB)",
          "=== Step build completed ==="
        ]
      }
    ],
    "label": "normal"
  }
}