{
  "action": "completed",
  "workflow_run": {
    "id": 97,
    "name": "CI Pipeline",
    "head_branch": "feature/feat-478",
    "head_sha": "86383646502d88d49dd26c5c26b479d34ed2b516",
    "status": "completed",
    "conclusion": "failure",
    "run_started_at": "2025-12-06T23:44:25.119844Z",
    "updated_at": "2025-12-06T23:46:28.331250Z"
  },
  "repository": {
    "full_name": "acme-corp/web-app",
    "name": "web-app"
  },
  "sender": {
    "login": "eve"
  },
  "_safeops_extended": {
    "raw_logs": "=== Step: checkout ===\nWARNING: eslint has known vulnerabilities\nFAILED: test_cache_hit\nArtifact uploaded: build.tar.gz (20MB)\nWARNING: express has known vulnerabilities\n\u2713 build completed\nStep 7/10: Building\n[23:44:25] INFO: Processing request\nArtifact uploaded: build.tar.gz (5MB)\nCache hit for key-6042\nArtifact uploaded: build.tar.gz (10MB)\nCompiling src/handler.rs...\n  PASS: test_cache_hit (69ms)\n[23:44:25] INFO: Processing request\n\u2713 lint completed\nCompiling src/app.ts...\nInstalling prettier@4.20.0\n[23:44:25] ERROR: Connection failed\nInstalling react@5.12.0\nStep 7/10: Building\n[23:44:25] INFO: Processing request\n  PASS: test_db_connect (468ms)\nCache hit for key-2704\nArtifact uploaded: build.tar.gz (43MB)\n  PASS: test_api_health (27ms)\nArtifact uploaded: build.tar.gz (16MB)\nArtifact uploaded: build.tar.gz (8MB)\nInstalling webpack@4.16.0\n  PASS: test_api_health (25ms)\n\u2713 test completed\n\u2713 build completed\n  PASS: test_api_health (283ms)\n\u26a0 DEPRECATION: Feature will be removed in v3.0\nStep 10/10: Building\n[23:44:25] INFO: Processing request\n  PASS: test_db_connect (471ms)\nArtifact uploaded: build.tar.gz (38MB)\n[23:44:25] INFO: Processing request\nCache hit for key-9084\nInstalling react@1.15.0\nCompiling src/utils.go...\nCache hit for key-2066\n[23:44:25] INFO: Processing request\nCache hit for key-8878\nArtifact uploaded: build.tar.gz (42MB)\nCache hit for key-9362\nCompiling src/app.ts...\nCache hit for key-3508\nStep 7/10: Building\nInstalling lodash@5.20.0\nFAILED: test_user_create\nArtifact uploaded: build.tar.gz (21MB)\nArtifact uploaded: build.tar.gz (45MB)\n  PASS: test_api_health (13ms)\n  PASS: test_api_health (381ms)\nStep 2/10: Building\nArtifact uploaded: build.tar.gz (25MB)\n  PASS: test_cache_hit (412ms)\n=== Step checkout completed ===\n=== Step: setup_environment ===\nStep 3/10: Building\nArtifact uploaded: build.tar.gz (41MB)\n\u2713 test completed\n\u2713 build completed\n\u2717 build failed with exit code 117\nCache hit for key-4768\nCache hit for key-4686\n\u2713 lint completed\nCompiling src/utils.go...\nCompiling src/utils.go...\nStep 1/10: Building\n  PASS: test_cache_hit (190ms)\nInstalling lodash@5.14.0\nCompiling src/utils.go...\nFAILED: test_api_health\nCompiling src/index.js...\nStep 8/10: Building\nInstalling eslint@3.16.0\nInstalling express@4.20.0\n  PASS: test_cache_hit (69ms)\nCompiling src/main.py...\n[23:44:25] INFO: Processing request\n\u26a0 DEPRECATION: Feature will be removed in v4.0\nInstalling express@1.18.0\n  PASS: test_db_connect (304ms)\nCache hit for key-9683\nArtifact uploaded: build.tar.gz (30MB)\n\u2713 lint completed\n[23:44:25] INFO: Processing request\nStep 9/10: Building\n[23:44:25] INFO: Processing request\n  PASS: test_cache_hit (141ms)\nException: NullPointerException\nInstalling express@3.1.0\nStep 10/10: Building\nCache hit for key-4332\nCompiling src/utils.go...\n[23:44:25] INFO: Processing request\n\u2713 build completed\nArtifact uploaded: build.tar.gz (22MB)\n\u2713 build completed\n[23:44:25] INFO: Processing request\n[23:44:25] INFO: Processing request\n[23:44:25] INFO: Processing request\n\u26a0 DEPRECATION: Feature will be removed in v5.0\nCache hit for key-7538\n  PASS: test_api_health (133ms)\n[23:44:25] INFO: Processing request\nArtifact uploaded: build.tar.gz (16MB)\n  PASS: test_db_connect (185ms)\nCompiling src/utils.go...\nInstalling react@4.12.0\n  PASS: test_user_create (18ms)\nInstalling express@1.18.0\nCompiling src/utils.go...\nFAILED: test_db_connect\n\u26a0 DEPRECATION: Feature will be removed in v3.0\n=== Step setup_environment completed ===\n=== Step: install_dependencies ===\n\u2713 test completed\nInstalling prettier@1.16.0\n\u2717 build failed with exit code 54\n[23:44:25] INFO: Processing request\nStep 6/10: Building\nCache hit for key-8113\n  PASS: test_api_health (172ms)\nCompiling src/main.py...\nCache hit for key-9021\n[23:44:25] INFO: Processing request\n[23:44:25] INFO: Processing request\n\u2713 test completed\n  PASS: test_auth_login (21ms)\n[23:44:25] INFO: Processing request\n  PASS: test_user_create (59ms)\n\u2713 test completed\nInstalling jest@3.6.0\nStep 5/10: Building\nCompiling src/app.ts...\n\u2717 build failed with exit code 80\n\u26a0 DEPRECATION: Feature will be removed in v4.0\nCache hit for key-5448\nInstalling react@4.18.0\n[23:44:25] INFO: Processing request\nArtifact uploaded: build.tar.gz (45MB)\nArtifact uploaded: build.tar.gz (27MB)\nStep 9/10: Building\n  PASS: test_cache_hit (382ms)\nCompiling src/utils.go...\n[23:44:25] INFO: Processing request\nInstalling jest@2.13.0\n\u2713 lint completed\n\u2713 test completed\nArtifact uploaded: build.tar.gz (40MB)\nInstalling react@3.10.0\nCompiling src/main.py...\n\u2713 test completed\nCompiling src/handler.rs...\nArtifact uploaded: build.tar.gz (37MB)\n[23:44:25] INFO: Processing request\n[23:44:25] INFO: Processing request\nInstalling react@2.11.0\n[23:44:25] INFO: Processing request\n  PASS: test_db_connect (85ms)\nCompiling src/service.java...\nArtifact uploaded: build.tar.gz (5MB)\n  PASS: test_api_health (64ms)\nCompiling src/index.js...\nStep 6/10: Building\n[23:44:25] INFO: Processing request\n[23:44:25] INFO: Processing request\nArtifact uploaded: build.tar.gz (20MB)\n\u2713 build completed\n  PASS: test_auth_login (256ms)\n[23:44:25] INFO: Processing request\nInstalling express@3.16.0\n  PASS: test_api_health (125ms)\n=== Step install_dependencies completed ===\n=== Step: run_tests ===\nStep 10/10: Building\n[23:44:25] INFO: Processing request\n[23:44:25] INFO: Processing request\n[23:44:25] WARN: Deprecated API usage\nCache hit for key-4792\n[23:44:25] INFO: Processing request\nCache hit for key-9092\nInstalling react@1.13.0\n  PASS: test_api_health (277ms)\nCompiling src/app.ts...\n  PASS: test_db_connect (151ms)\nCache hit for key-9899\nInstalling lodash@1.17.0\nStep 8/10: Building\n  PASS: test_auth_login (64ms)\n[23:44:25] INFO: Processing request\n\u2717 build failed with exit code 61\nCompiling src/index.js...\nCache hit for key-5868\n\u2717 build failed with exit code 56\nInstalling react@5.14.0\n[23:44:25] INFO: Processing request\nStep 10/10: Building\n[23:44:25] INFO: Processing request\nInstalling react@1.19.0\nCompiling src/service.java...\nCache hit for key-7601\nWARNING: prettier has known vulnerabilities\nInstalling react@4.19.0\nCompiling src/utils.go...\nCompiling src/app.ts...\nStep 10/10: Building\n[23:44:25] INFO: Processing request\nCache hit for key-1475\nArtifact uploaded: build.tar.gz (1MB)\nStep 7/10: Building\n[23:44:25] INFO: Processing request\nStep 8/10: Building\nInstalling prettier@5.8.0\nCache hit for key-4469\nStep 2/10: Building\nFAILED: test_auth_login\n  PASS: test_api_health (359ms)\nInstalling lodash@4.14.0\n\u26a0 DEPRECATION: Feature will be removed in v2.0\n  PASS: test_db_connect (213ms)\nArtifact uploaded: build.tar.gz (23MB)\n\u2713 test completed\nArtifact uploaded: build.tar.gz (39MB)\nInstalling express@4.19.0\nCompiling src/utils.go...\n[23:44:25] INFO: Processing request\n[23:44:25] WARN: Deprecated API usage\nStep 2/10: Building\nException: TypeError\nCompiling src/handler.rs...\n  PASS: test_user_create (460ms)\n=== Step run_tests completed ===\n=== Step: build_artifact ===\nArtifact uploaded: build.tar.gz (48MB)\n  PASS: test_db_connect (106ms)\nArtifact uploaded: build.tar.gz (34MB)\nInstalling jest@2.11.0\n\u2713 test completed\nCompiling src/main.py...\nStep 6/10: Building\n[23:44:25] INFO: Processing request\nStep 5/10: Building\nCache hit for key-6048\n[23:44:25] INFO: Processing request\nCompiling src/index.js...\nStep 3/10: Building\nInstalling express@4.7.0\nInstalling express@3.0.0\nWARNING: axios has known vulnerabilities\n  PASS: test_db_connect (16ms)\n[23:44:25] INFO: Processing request\n\u2713 build completed\nArtifact uploaded: build.tar.gz (24MB)\nArtifact uploaded: build.tar.gz (40MB)\n\u26a0 DEPRECATION: Feature will be removed in v2.0\nStep 9/10: Building\nStep 4/10: Building\nCache hit for key-4258\nInstalling express@5.14.0\nCompiling src/main.py...\nArtifact uploaded: build.tar.gz (6MB)\nCache hit for key-5053\n  PASS: test_db_connect (318ms)\n  PASS: test_api_health (306ms)\nCache hit for key-5001\n[23:44:25] INFO: Processing request\n\u2713 lint completed\n  PASS: test_user_create (135ms)\nCompiling src/service.java...\n\u2713 test completed\n  PASS: test_cache_hit (176ms)\n\u2713 build completed\nStep 1/10: Building\n\u26a0 DEPRECATION: Feature will be removed in v5.0\nInstalling express@4.8.0\nCompiling src/handler.rs...\n  PASS: test_auth_login (309ms)\nCache hit for key-4453\nCompiling src/service.java...\nArtifact uploaded: build.tar.gz (11MB)\n\u2713 build completed\nCache hit for key-9654\nFAILED: test_db_connect\nArtifact uploaded: build.tar.gz (3MB)\nCompiling src/index.js...\nInstalling react@5.18.0\n  PASS: test_cache_hit (48ms)\nCompiling src/utils.go...\n[23:44:25] INFO: Processing request\nArtifact uploaded: build.tar.gz (22MB)\n=== Step build_artifact completed ===\n=== Step: deploy ===\n[23:44:25] WARN: Deprecated API usage\nInstalling eslint@4.16.0\n  PASS: test_auth_login (355ms)\n\u2713 build completed\nInstalling react@4.19.0\nInstalling prettier@1.7.0\n  PASS: test_api_health (201ms)\n\u26a0 DEPRECATION: Feature will be removed in v5.0\n  PASS: test_db_connect (377ms)\n\u2713 test completed\nCompiling src/handler.rs...\n  PASS: test_cache_hit (353ms)\nCompiling src/index.js...\n[23:44:25] INFO: Processing request\nInstalling eslint@3.18.0\n\u2717 build failed with exit code 76\nStep 7/10: Building\n  PASS: test_user_create (365ms)\n\u26a0 DEPRECATION: Feature will be removed in v5.0\n[23:44:25] INFO: Processing request\nCompiling src/main.py...\nStep 7/10: Building\nStep 4/10: Building\nWARNING: react has known vulnerabilities\nWARNING: axios has known vulnerabilities\nCompiling src/app.ts...\n[23:44:25] INFO: Processing request\n  PASS: test_db_connect (176ms)\n[23:44:25] INFO: Processing request\nStep 1/10: Building\nCompiling src/main.py...\n  PASS: test_user_create (18ms)\nCompiling src/handler.rs...\nInstalling express@2.13.0\n[23:44:25] INFO: Processing request\nStep 5/10: Building\nArtifact uploaded: build.tar.gz (33MB)\nWARNING: eslint has known vulnerabilities\nArtifact uploaded: build.tar.gz (8MB)\n  PASS: test_api_health (353ms)\nWARNING: webpack has known vulnerabilities\n[23:44:25] INFO: Processing request\nStep 9/10: Building\n  PASS: test_api_health (187ms)\n[23:44:25] INFO: Processing request\nCache hit for key-7330\n  PASS: test_api_health (377ms)\n\u2713 build completed\nCache hit for key-9589\n  PASS: test_user_create (428ms)\n  PASS: test_db_connect (249ms)\nCompiling src/app.ts...\nCache hit for key-7873\n\u2713 test completed\nInstalling react@1.7.0\nFAILED: test_db_connect\n  PASS: test_cache_hit (500ms)\n=== Step deploy completed ===",
    "steps": [
      {
        "name": "checkout",
        "status": "success",
        "started_at": "2025-12-06T23:44:25.119844",
        "finished_at": "2025-12-06T23:44:31.280414",
        "log_lines": [
          "=== Step: checkout ===",
          "WARNING: eslint has known vulnerabilities",
          "FAILED: test_cache_hit",
          "Artifact uploaded: build.tar.gz (20MB)",
          "WARNING: express has known vulnerabilities",
          "\u2713 build completed",
          "Step 7/10: Building",
          "[23:44:25] INFO: Processing request",
          "Artifact uploaded: build.tar.gz (5MB)",
          "Cache hit for key-6042",
          "Artifact uploaded: build.tar.gz (10MB)",
          "Compiling src/handler.rs...",
          "  PASS: test_cache_hit (69ms)",
          "[23:44:25] INFO: Processing request",
          "\u2713 lint completed",
          "Compiling src/app.ts...",
          "Installing prettier@4.20.0",
          "[23:44:25] ERROR: Connection failed",
          "Installing react@5.12.0",
          "Step 7/10: Building",
          "[23:44:25] INFO: Processing request",
          "  PASS: test_db_connect (468ms)",
          "Cache hit for key-2704",
          "Artifact uploaded: build.tar.gz (43MB)",
          "  PASS: test_api_health (27ms)",
          "Artifact uploaded: build.tar.gz (16MB)",
          "Artifact uploaded: build.tar.gz (8MB)",
          "Installing webpack@4.16.0",
          "  PASS: test_api_health (25ms)",
          "\u2713 test completed",
          "\u2713 build completed",
          "  PASS: test_api_health (283ms)",
          "\u26a0 DEPRECATION: Feature will be removed in v3.0",
          "Step 10/10: Building",
          "[23:44:25] INFO: Processing request",
          "  PASS: test_db_connect (471ms)",
          "Artifact uploaded: build.tar.gz (38MB)",
          "[23:44:25] INFO: Processing request",
          "Cache hit for key-9084",
          "Installing react@1.15.0",
          "Compiling src/utils.go...",
          "Cache hit for key-2066",
          "[23:44:25] INFO: Processing request",
          "Cache hit for key-8878",
          "Artifact uploaded: build.tar.gz (42MB)",
          "Cache hit for key-9362",
          "Compiling src/app.ts...",
          "Cache hit for key-3508",
          "Step 7/10: Building",
          "Installing lodash@5.20.0",
          "FAILED: test_user_create",
          "Artifact uploaded: build.tar.gz (21MB)",
          "Artifact uploaded: build.tar.gz (45MB)",
          "  PASS: test_api_health (13ms)",
          "  PASS: test_api_health (381ms)",
          "Step 2/10: Building",
          "Artifact uploaded: build.tar.gz (25MB)",
          "  PASS: test_cache_hit (412ms)",
          "=== Step checkout completed ==="
        ]
      },
      {
        "name": "setup_environment",
        "status": "success",
        "started_at": "2025-12-06T23:44:31.280414",
        "finished_at": "2025-12-06T23:44:43.601555",
        "log_lines": [
          "=== Step: setup_environment ===",
          "Step 3/10: Building",
          "Artifact uploaded: build.tar.gz (41MB)",
          "\u2713 test completed",
          "\u2713 build completed",
          "\u2717 build failed with exit code 117",
          "Cache hit for key-4768",
          "Cache hit for key-4686",
          "\u2713 lint completed",
          "Compiling src/utils.go...",
          "Compiling src/utils.go...",
          "Step 1/10: Building",
          "  PASS: test_cache_hit (190ms)",
          "Installing lodash@5.14.0",
          "Compiling src/utils.go...",
          "FAILED: test_api_health",
          "Compiling src/index.js...",
          "Step 8/10: Building",
          "Installing eslint@3.16.0",
          "Installing express@4.20.0",
          "  PASS: test_cache_hit (69ms)",
          "Compiling src/main.py...",
          "[23:44:25] INFO: Processing request",
          "\u26a0 DEPRECATION: Feature will be removed in v4.0",
          "Installing express@1.18.0",
          "  PASS: test_db_connect (304ms)",
          "Cache hit for key-9683",
          "Artifact uploaded: build.tar.gz (30MB)",
          "\u2713 lint completed",
          "[23:44:25] INFO: Processing request",
          "Step 9/10: Building",
          "[23:44:25] INFO: Processing request",
          "  PASS: test_cache_hit (141ms)",
          "Exception: NullPointerException",
          "Installing express@3.1.0",
          "Step 10/10: Building",
          "Cache hit for key-4332",
          "Compiling src/utils.go...",
          "[23:44:25] INFO: Processing request",
          "\u2713 build completed",
          "Artifact uploaded: build.tar.gz (22MB)",
          "\u2713 build completed",
          "[23:44:25] INFO: Processing request",
          "[23:44:25] INFO: Processing request",
          "[23:44:25] INFO: Processing request",
          "\u26a0 DEPRECATION: Feature will be removed in v5.0",
          "Cache hit for key-7538",
          "  PASS: test_api_health (133ms)",
          "[23:44:25] INFO: Processing request",
          "Artifact uploaded: build.tar.gz (16MB)",
          "  PASS: test_db_connect (185ms)",
          "Compiling src/utils.go...",
          "Installing react@4.12.0",
          "  PASS: test_user_create (18ms)",
          "Installing express@1.18.0",
          "Compiling src/utils.go...",
          "FAILED: test_db_connect",
          "\u26a0 DEPRECATION: Feature will be removed in v3.0",
          "=== Step setup_environment completed ==="
        ]
      },
      {
        "name": "install_dependencies",
        "status": "success",
        "started_at": "2025-12-06T23:44:43.601555",
        "finished_at": "2025-12-06T23:45:08.243836",
        "log_lines": [
          "=== Step: install_dependencies ===",
          "\u2713 test completed",
          "Installing prettier@1.16.0",
          "\u2717 build failed with exit code 54",
          "[23:44:25] INFO: Processing request",
          "Step 6/10: Building",
          "Cache hit for key-8113",
          "  PASS: test_api_health (172ms)",
          "Compiling src/main.py...",
          "Cache hit for key-9021",
          "[23:44:25] INFO: Processing request",
          "[23:44:25] INFO: Processing request",
          "\u2713 test completed",
          "  PASS: test_auth_login (21ms)",
          "[23:44:25] INFO: Processing request",
          "  PASS: test_user_create (59ms)",
          "\u2713 test completed",
          "Installing jest@3.6.0",
          "Step 5/10: Building",
          "Compiling src/app.ts...",
          "\u2717 build failed with exit code 80",
          "\u26a0 DEPRECATION: Feature will be removed in v4.0",
          "Cache hit for key-5448",
          "Installing react@4.18.0",
          "[23:44:25] INFO: Processing request",
          "Artifact uploaded: build.tar.gz (45MB)",
          "Artifact uploaded: build.tar.gz (27MB)",
          "Step 9/10: Building",
          "  PASS: test_cache_hit (382ms)",
          "Compiling src/utils.go...",
          "[23:44:25] INFO: Processing request",
          "Installing jest@2.13.0",
          "\u2713 lint completed",
          "\u2713 test completed",
          "Artifact uploaded: build.tar.gz (40MB)",
          "Installing react@3.10.0",
          "Compiling src/main.py...",
          "\u2713 test completed",
          "Compiling src/handler.rs...",
          "Artifact uploaded: build.tar.gz (37MB)",
          "[23:44:25] INFO: Processing request",
          "[23:44:25] INFO: Processing request",
          "Installing react@2.11.0",
          "[23:44:25] INFO: Processing request",
          "  PASS: test_db_connect (85ms)",
          "Compiling src/service.java...",
          "Artifact uploaded: build.tar.gz (5MB)",
          "  PASS: test_api_health (64ms)",
          "Compiling src/index.js...",
          "Step 6/10: Building",
          "[23:44:25] INFO: Processing request",
          "[23:44:25] INFO: Processing request",
          "Artifact uploaded: build.tar.gz (20MB)",
          "\u2713 build completed",
          "  PASS: test_auth_login (256ms)",
          "[23:44:25] INFO: Processing request",
          "Installing express@3.16.0",
          "  PASS: test_api_health (125ms)",
          "=== Step install_dependencies completed ==="
        ]
      },
      {
        "name": "run_tests",
        "status": "success",
        "started_at": "2025-12-06T23:45:08.243836",
        "finished_at": "2025-12-06T23:45:51.367828",
        "log_lines": [
          "=== Step: run_tests ===",
          "Step 10/10: Building",
          "[23:44:25] INFO: Processing request",
          "[23:44:25] INFO: Processing request",
          "[23:44:25] WARN: Deprecated API usage",
          "Cache hit for key-4792",
          "[23:44:25] INFO: Processing request",
          "Cache hit for key-9092",
          "Installing react@1.13.0",
          "  PASS: test_api_health (277ms)",
          "Compiling src/app.ts...",
          "  PASS: test_db_connect (151ms)",
          "Cache hit for key-9899",
          "Installing lodash@1.17.0",
          "Step 8/10: Building",
          "  PASS: test_auth_login (64ms)",
          "[23:44:25] INFO: Processing request",
          "\u2717 build failed with exit code 61",
          "Compiling src/index.js...",
          "Cache hit for key-5868",
          "\u2717 build failed with exit code 56",
          "Installing react@5.14.0",
          "[23:44:25] INFO: Processing request",
          "Step 10/10: Building",
          "[23:44:25] INFO: Processing request",
          "Installing react@1.19.0",
          "Compiling src/service.java...",
          "Cache hit for key-7601",
          "WARNING: prettier has known vulnerabilities",
          "Installing react@4.19.0",
          "Compiling src/utils.go...",
          "Compiling src/app.ts...",
          "Step 10/10: Building",
          "[23:44:25] INFO: Processing request",
          "Cache hit for key-1475",
          "Artifact uploaded: build.tar.gz (1MB)",
          "Step 7/10: Building",
          "[23:44:25] INFO: Processing request",
          "Step 8/10: Building",
          "Installing prettier@5.8.0",
          "Cache hit for key-4469",
          "Step 2/10: Building",
          "FAILED: test_auth_login",
          "  PASS: test_api_health (359ms)",
          "Installing lodash@4.14.0",
          "\u26a0 DEPRECATION: Feature will be removed in v2.0",
          "  PASS: test_db_connect (213ms)",
          "Artifact uploaded: build.tar.gz (23MB)",
          "\u2713 test completed",
          "Artifact uploaded: build.tar.gz (39MB)",
          "Installing express@4.19.0",
          "Compiling src/utils.go...",
          "[23:44:25] INFO: Processing request",
          "[23:44:25] WARN: Deprecated API usage",
          "Step 2/10: Building",
          "Exception: TypeError",
          "Compiling src/handler.rs...",
          "  PASS: test_user_create (460ms)",
          "=== Step run_tests completed ==="
        ]
      },
      {
        "name": "build_artifact",
        "status": "success",
        "started_at": "2025-12-06T23:45:51.367828",
        "finished_at": "2025-12-06T23:46:16.010109",
        "log_lines": [
          "=== Step: build_artifact ===",
          "Artifact uploaded: build.tar.gz (48MB)",
          "  PASS: test_db_connect (106ms)",
          "Artifact uploaded: build.tar.gz (34MB)",
          "Installing jest@2.11.0",
          "\u2713 test completed",
          "Compiling src/main.py...",
          "Step 6/10: Building",
          "[23:44:25] INFO: Processing request",
          "Step 5/10: Building",
          "Cache hit for key-6048",
          "[23:44:25] INFO: Processing request",
          "Compiling src/index.js...",
          "Step 3/10: Building",
          "Installing express@4.7.0",
          "Installing express@3.0.0",
          "WARNING: axios has known vulnerabilities",
          "  PASS: test_db_connect (16ms)",
          "[23:44:25] INFO: Processing request",
          "\u2713 build completed",
          "Artifact uploaded: build.tar.gz (24MB)",
          "Artifact uploaded: build.tar.gz (40MB)",
          "\u26a0 DEPRECATION: Feature will be removed in v2.0",
          "Step 9/10: Building",
          "Step 4/10: Building",
          "Cache hit for key-4258",
          "Installing express@5.14.0",
          "Compiling src/main.py...",
          "Artifact uploaded: build.tar.gz (6MB)",
          "Cache hit for key-5053",
          "  PASS: test_db_connect (318ms)",
          "  PASS: test_api_health (306ms)",
          "Cache hit for key-5001",
          "[23:44:25] INFO: Processing request",
          "\u2713 lint completed",
          "  PASS: test_user_create (135ms)",
          "Compiling src/service.java...",
          "\u2713 test completed",
          "  PASS: test_cache_hit (176ms)",
          "\u2713 build completed",
          "Step 1/10: Building",
          "\u26a0 DEPRECATION: Feature will be removed in v5.0",
          "Installing express@4.8.0",
          "Compiling src/handler.rs...",
          "  PASS: test_auth_login (309ms)",
          "Cache hit for key-4453",
          "Compiling src/service.java...",
          "Artifact uploaded: build.tar.gz (11MB)",
          "\u2713 build completed",
          "Cache hit for key-9654",
          "FAILED: test_db_connect",
          "Artifact uploaded: build.tar.gz (3MB)",
          "Compiling src/index.js...",
          "Installing react@5.18.0",
          "  PASS: test_cache_hit (48ms)",
          "Compiling src/utils.go...",
          "[23:44:25] INFO: Processing request",
          "Artifact uploaded: build.tar.gz (22MB)",
          "=== Step build_artifact completed ==="
        ]
      },
      {
        "name": "deploy",
        "status": "success",
        "started_at": "2025-12-06T23:46:16.010109",
        "finished_at": "2025-12-06T23:46:28.331250",
        "log_lines": [
          "=== Step: deploy ===",
          "[23:44:25] WARN: Deprecated API usage",
          "Installing eslint@4.16.0",
          "  PASS: test_auth_login (355ms)",
          "\u2713 build completed",
          "Installing react@4.19.0",
          "Installing prettier@1.7.0",
          "  PASS: test_api_health (201ms)",
          "\u26a0 DEPRECATION: Feature will be removed in v5.0",
          "  PASS: test_db_connect (377ms)",
          "\u2713 test completed",
          "Compiling src/handler.rs...",
          "  PASS: test_cache_hit (353ms)",
          "Compiling src/index.js...",
          "[23:44:25] INFO: Processing request",
          "Installing eslint@3.18.0",
          "\u2717 build failed with exit code 76",
          "Step 7/10: Building",
          "  PASS: test_user_create (365ms)",
          "\u26a0 DEPRECATION: Feature will be removed in v5.0",
          "[23:44:25] INFO: Processing request",
          "Compiling src/main.py...",
          "Step 7/10: Building",
          "Step 4/10: Building",
          "WARNING: react has known vulnerabilities",
          "WARNING: axios has known vulnerabilities",
          "Compiling src/app.ts...",
          "[23:44:25] INFO: Processing request",
          "  PASS: test_db_connect (176ms)",
          "[23:44:25] INFO: Processing request",
          "Step 1/10: Building",
          "Compiling src/main.py...",
          "  PASS: test_user_create (18ms)",
          "Compiling src/handler.rs...",
          "Installing express@2.13.0",
          "[23:44:25] INFO: Processing request",
          "Step 5/10: Building",
          "Artifact uploaded: build.tar.gz (33MB)",
          "WARNING: eslint has known vulnerabilities",
          "Artifact uploaded: build.tar.gz (8MB)",
          "  PASS: test_api_health (353ms)",
          "WARNING: webpack has known vulnerabilities",
          "[23:44:25] INFO: Processing request",
          "Step 9/10: Building",
          "  PASS: test_api_health (187ms)",
          "[23:44:25] INFO: Processing request",
          "Cache hit for key-7330",
          "  PASS: test_api_health (377ms)",
          "\u2713 build completed",
          "Cache hit for key-9589",
          "  PASS: test_user_create (428ms)",
          "  PASS: test_db_connect (249ms)",
          "Compiling src/app.ts...",
          "Cache hit for key-7873",
          "\u2713 test completed",
          "Installing react@1.7.0",
          "FAILED: test_db_connect",
          "  PASS: test_cache_hit (500ms)",
          "=== Step deploy completed ==="
        ]
      }
    ],
    "label": "normal"
  }
}