{
  "action": "completed",
  "workflow_run": {
    "id": 286,
    "name": "CI Pipeline",
    "head_branch": "feature/feat-355",
    "head_sha": "6b86e30934e761689109e18829b8fe693ffc0b03",
    "status": "completed",
    "conclusion": "success",
    "run_started_at": "2025-12-09T12:50:58.782116Z",
    "updated_at": "2025-12-09T12:53:59.887219Z"
  },
  "repository": {
    "full_name": "startup-io/mobile-backend",
    "name": "mobile-backend"
  },
  "sender": {
    "login": "charlie"
  },
  "_safeops_extended": {
    "raw_logs": "=== Step: setup_environment ===\nLoading...\nArtifact uploaded: build.tar.gz (49MB)\n[12:50:58] INFO: Starting build process\nUsing Python 3.11\npip: Collecting lodash\nPlatform: darwin-arm64\nGET /health - 200 (20ms)\nUploading artifact 'coverage' (21 files)\nyarn add: Done in 2.63s\npip install: Successfully installed jest-5.17\nStep 9/25: Testing\nCompiling components/app.ts...\nDone.\nReady.\n[12:50:58] DEBUG: Memory usage: 1412MB\n\u26a0 DEPRECATION: Feature will be removed in v5.0\nBundling vendor.js\nOK\nWaiting...\nFetching submodules...\npip: Installing build dependencies...\nGenerating source maps...\n[12:50:58] DEBUG: Connection pool: 4 active\nArtifact uploaded: build.tar.gz (48MB)\npip: Downloading express-1.2.tar.gz\nArtifact downloaded: 28MB\nPOST /api - 201 (159ms)\nConnection established\nStep 12/16: Running migrations\nTests: 164 passed, 463 total\nCompiling utils/app.ts...\nLoading...\nOptimizing 15 modules...\nUsing Python 3.11\nPOST /data - 201 (330ms)\n[12:50:58] INFO: Request completed\n\u2713 Task completed in 4279ms\nUsing Python 3.11\nnpm install: added 427 packages\nCompiling lib/index.js...\nCompleted.\nPulling image: python:latest\nTest Suites: 29 passed, 11 total\n[12:50:58] INFO: Connecting to database\nLoading...\n\u2713 Step 'install' succeeded\n[12:50:58] DEBUG: Connection pool: 5 active\nFetching submodules...\nCache restored successfully (53MB)\nCache restored successfully (99MB)\nTime: 15.120s\npip: Downloading eslint-5.18.tar.gz\nFetching from https://github.com/package.json\nBundling main.js\n\u2713 All checks passed\nGET /health - 204 (100ms)\nStep 18/25: Running migrations\nLoading...\nnpm notice: created a lockfile\nNODE_ENV=test\n[12:50:58] INFO: Processing request\npip install: Successfully installed express-3.1\n\u2713 build completed\n\u26a0 DEPRECATION: Feature will be removed in v2.0\nLayer 8/9: COPY command\nLoading...\n[12:50:58] DEBUG: Connection pool: 5 active\nChecking out main branch\nEnvironment: development\npip: Downloading jest-1.6.tar.gz\nArtifact downloaded: 22MB\n\u2713 validate completed\nCompiling src/app.ts...\nStep 4/21: Linting\nRan 170 tests in 60s\nWaiting...\nBundling main.css\npip: Installing build dependencies...\n[12:50:58] WARN: Deprecated API usage\n[12:50:58] DEBUG: Connection pool: 6 active\nGenerating source maps...\nLayer 9/15: ENV command\n\u2713 deploy completed\nStep 11/18: Building\nBundling vendor.js\nTransforming 563 files...\nUsing Node.js 14.14.4\nnpm notice: package.json updated\nStep 7/18: Testing\nPushing to registry...\nWARNING: webpack has known vulnerabilities\nUsing Python 3.12\n\u2717 build failed with exit code 93\n\u2713 All checks passed\nStep 17/21: Testing\n[12:50:58] INFO: Processing request\npip install: Successfully installed jest-3.0\nMinifying app.js\nEnvironment: production\nCompiling src/handler.rs...\nCache saved successfully\nFinished.\nFetching from https://pypi.org/package.json\n[12:50:58] DEBUG: Loading configuration\nGET /api - 201 (8ms)\nStep 18/20: Linting\nArtifact uploaded: dist.zip (67MB)\nCache restored successfully (396MB)\nUploading artifact 'build' (1 files)\nUsing Python 3.12\n\u2713 All checks passed\nSuccess!\nWARNING: express has known vulnerabilities\nFinished.\nGenerating source maps...\n\u2713 Task completed in 271ms\nUsing Python 3.9\nProcessing...\nBuilding Docker image...\nyarn add: Done in 21.77s\nCache miss for key-6799\nAlready up to date.\n\u2713 Task completed in 3263ms\nImage pulled successfully\nCompiling src/index.js...\nFetching from https://docker.io/package.json\nnpm notice: created a lockfile\n\u26a0 DEPRECATION: Feature will be removed in v2.0\nUsing Python 3.12\npip: Installing build dependencies...\nStep 5/21: Installing dependencies\n\u26a0 DEPRECATION: Feature will be removed in v5.0\nGET /status - 201 (94ms)\nCache hit for key-7570\nWARNING: webpack has known vulnerabilities\nnpm notice: package.json updated\nPOST /upload - 201 (87ms)\nWaiting...\n[12:50:58] DEBUG: Loading configuration\nLayer 9/14: ENV command\n\u26a0 DEPRECATION: Feature will be removed in v2.0\n[12:50:58] INFO: Cache refreshed\nCompiling src/app.ts...\n\u2713 deploy completed\nFetching submodules...\n[12:50:58] DEBUG: Memory usage: 228MB\nArtifact uploaded: build.tar.gz (3MB)\nGenerating source maps...\nnpm install: added 213 packages\n\u26a0 DEPRECATION: Feature will be removed in v5.0\n\u26a0 DEPRECATION: Feature will be removed in v3.0\n\u2713 validate completed\n\u2713 Step 'checkout' succeeded\nStep 3/24: Testing\nHEAD is now at 6a238fc\nLoading...\nCoverage: 83% statements, 61% branches\nInstalling eslint@2.19.8\n  PASS: e2e/test_cache_hit.spec.js\nVerifying...\n\u2713 Step 'setup' succeeded\nStep 6/24: Testing\nCache saved successfully\nBuilding Docker image...\n[12:50:58] INFO: Connecting to database\nStep 9/19: Deploying\n[12:50:58] WARN: Deprecated API usage\nArtifact uploaded: build.tar.gz (7MB)\nArtifact uploaded: dist.zip (12MB)\n  PASS: test_user_create (226ms)\npip: Collecting eslint\nCache saved successfully\nnpm install: resolved 762 packages\nCompiling components/handler.rs...\nnpm install: added 302 packages\npip: Downloading webpack-1.9.tar.gz\nNODE_ENV=development\nAlready up to date.\n\u2717 build failed with exit code 101\n  PASS: test_db_connect (108ms)\n\u2713 build completed\nPOST /data - 200 (458ms)\nPushing to registry...\n[12:50:58] INFO: Starting build process\nnpm install: resolved 463 packages\n[12:50:58] WARN: Deprecated API usage\n[12:50:58] WARN: Deprecated API usage\npip: Downloading lodash-1.15.tar.gz\n\u2717 build failed with exit code 1\nSnapshots: 22 passed, 33 total\nWARNING: axios has known vulnerabilities\nUsing Python 3.9\n  PASS: test_db_connect (137ms)\n[12:50:58] INFO: Starting build process\nnpm install: resolved 1742 packages\nFAILED: test_api_health\nSnapshots: 1 passed, 35 total\nGET /api - 200 (71ms)\nPushing to registry...\nSuccess!\nyarn add: Done in 24.30s\nMinifying main.js\n[12:50:58] DEBUG: Initializing service\npip: Installing build dependencies...\npip install: Successfully installed jest-2.5\nStep 14/20: Installing dependencies\nAlready up to date.\nTLS handshake completed\nCreating production build...\n[12:50:58] DEBUG: Query executed in 27ms\n[12:50:58] DEBUG: Loading configuration\nDone.\nLoading...\nOK\nAlready up to date.\nConnection established\n[12:50:58] DEBUG: Initializing service\nCache invalidated: dependencies\nStep 18/21: Installing dependencies\nOptimizing 86 modules...\nArtifact uploaded: build.tar.gz (42MB)\nArtifact downloaded: 27MB\nWaiting...\nGenerating source maps...\nCompleted.\nLayer 9/10: RUN command\n\u26a0 DEPRECATION: Feature will be removed in v2.0\n\u2713 validate completed\nProcessing...\nCreating production build...\nCache restored successfully (359MB)\nImage pulled successfully\nVerifying...\nCache saved successfully\nReady.\nTests: 404 passed, 219 total\nStep 18/23: Testing\nTest Suites: 22 passed, 36 total\nCoverage: 96% statements, 86% branches\n[12:50:58] DEBUG: Connection pool: 6 active\nUploading artifact 'coverage' (50 files)\n\u2713 All checks passed\npip install: Successfully installed express-1.17\n\u2713 All checks passed\nPlatform: darwin-arm64\nWARNING: react has known vulnerabilities\nDone.\nDone.\nPulling image: node:latest\nMinifying main.js\n[12:50:58] WARN: Deprecated API usage\n\u2713 All checks passed\nStep 18/21: Building\n[12:50:58] DEBUG: Loading configuration\n[12:50:58] DEBUG: Connection pool: 2 active\n  PASS: test_api_health (377ms)\nCoverage: 90% statements, 89% branches\nTest Suites: 20 passed, 27 total\nnpm install: resolved 1169 packages\nSwitched to branch 'feature/task-937'\n[12:50:58] INFO: Starting build process\npip: Collecting jest\nTLS handshake completed\n[12:50:58] INFO: Connecting to database\nStep 6/25: Linting\nSuccess!\nCache invalidated: node_modules\n\u26a0 DEPRECATION: Feature will be removed in v4.0\nTests: 79 passed, 183 total\nNODE_ENV=development\nPulling image: node:18\nBundling styles.js\n[12:50:58] INFO: Connecting to database\nTest Suites: 47 passed, 23 total\nStep 14/18: Building\nStep 18/23: Deploying\nConnection established\n[12:50:58] WARN: Deprecated API usage\n\u2713 All checks passed\n\u26a0 DEPRECATION: Feature will be removed in v2.0\nPulling image: node:3.11\nnpm install: resolved 1416 packages\nPushing to registry...\nArtifact uploaded: build.tar.gz (15MB)\nConnection established\nCache invalidated: build\n[12:50:58] INFO: Connecting to database\nFetching submodules...\nReady.\nPulling image: node:18\n[12:50:58] DEBUG: Memory usage: 1546MB\npip: Collecting lodash\nPOST /data - 200 (168ms)\nFinished.\nStep 2/22: Deploying\nCompiling components/app.ts...\nPulling image: python:18\nCache saved successfully\n=== Step setup_environment completed ===\n=== Step: install_dependencies ===\nCompiling components/main.py...\nGenerating source maps...\nNODE_ENV=development\nTests: 327 passed, 106 total\nUploading artifact 'coverage' (33 files)\n\u2713 Task completed in 3584ms\n\u2713 Step 'setup' succeeded\n\u2713 Task completed in 1590ms\nWaiting...\nOK\n\u2713 deploy completed\n[12:50:58] DEBUG: Initializing service\nEnvironment: production\nNODE_ENV=development\npip install: Successfully installed lodash-3.5\nStep 4/21: Testing\nCache saved successfully\nStep 11/23: Deploying\nProcessing...\nCompleted.\nHEAD is now at e4b5acb\nCompiling components/app.ts...\n\u26a0 DEPRECATION: Feature will be removed in v2.0\nWARNING: lodash has known vulnerabilities\nLayer 2/10: ENV command\npip: Downloading lodash-1.8.tar.gz\nBundling vendor.js\nGET /api - 204 (95ms)\npip: Downloading prettier-4.9.tar.gz\nCoverage: 88% statements, 99% branches\nUsing Node.js 16.12.7\nTest Suites: 30 passed, 23 total\nInstalling axios@5.16.10\nUsing Python 3.10\n\u2713 All checks passed\n\u26a0 DEPRECATION: Feature will be removed in v4.0\nCompiling lib/utils.go...\nnpm install: resolved 1519 packages\nGET /status - 204 (81ms)\nException: TypeError\nStep 4/22: Testing\n[12:50:58] DEBUG: Loading configuration\nnpm notice: package.json updated\n\u26a0 DEPRECATION: Feature will be removed in v2.0\nTransforming 813 files...\n  PASS: test_user_create (485ms)\nTests: 332 passed, 331 total\nyarn add: Done in 14.14s\nCache invalidated: dependencies\nCache hit for key-8927\n  PASS: test_auth_login (487ms)\nVerifying...\n[12:50:58] DEBUG: Loading configuration\n\u2713 Task completed in 873ms\nGET /api - 201 (68ms)\nCompiling lib/utils.go...\nCache saved successfully\nWARNING: eslint has known vulnerabilities\nnpm notice: created a lockfile\nBundling runtime.js\nnpm notice: package.json updated\nStep 10/23: Installing dependencies\nHEAD is now at 7c43569\nStep 12/24: Linting\nCache restored successfully (59MB)\nTransforming 621 files...\nRan 162 tests in 38s\nUploading artifact 'dist' (14 files)\nCompiling utils/utils.go...\n[12:50:58] INFO: Starting build process\nSwitched to branch 'bugfix/task-944'\n\u2713 All checks passed\nGET /api - 201 (87ms)\npip: Collecting prettier\nWARNING: lodash has known vulnerabilities\n\u2713 Step 'checkout' succeeded\nCompleted.\nCompiling components/main.py...\nReady.\nReady.\n[12:50:58] INFO: Connecting to database\nSnapshots: 32 passed, 34 total\nUsing Node.js 17.5.0\nPlatform: win32-x64\nFAILED: test_db_connect\n[12:50:58] DEBUG: Query executed in 77ms\nArtifact uploaded: dist.zip (62MB)\nPOST /api - 200 (16ms)\nStep 2/24: Testing\nChecking out master branch\nCache invalidated: build\nGenerating source maps...\nBundling main.css\nnpm install: resolved 322 packages\nCache restored successfully (376MB)\nCache miss for key-5289\nyarn add: Done in 19.40s\nCache saved successfully\n[12:50:58] INFO: Processing request\nChecking out develop branch\nArtifact downloaded: 18MB\n[12:50:58] DEBUG: Memory usage: 119MB\n[12:50:58] DEBUG: Query executed in 22ms\nConnection established\nPOST /data - 202 (252ms)\nHEAD is now at ebdc5f7\nTime: 33.632s\n\u2713 package completed\nInstalling webpack@5.7.2\npip install: Successfully installed axios-1.1\nOptimizing 19 modules...\n\u2713 Step 'build' succeeded\n[12:50:58] WARN: Deprecated API usage\nnpm install: resolved 1168 packages\n[12:50:58] INFO: Cache refreshed\nRan 146 tests in 56s\n[12:50:58] WARN: Deprecated API usage\nAlready up to date.\nWaiting...\nArtifact downloaded: 13MB\nStep 6/17: Linting\nStep 8/20: Installing dependencies\nArtifact uploaded: dist.zip (50MB)\nOptimizing 64 modules...\nAlready up to date.\npip: Collecting axios\nSuccess!\nSwitched to branch 'hotfix/task-444'\n[12:50:58] DEBUG: Initializing service\npip install: Successfully installed express-2.4\nChecking out main branch\nDone.\nGET /health - 200 (85ms)\nWARNING: jest has known vulnerabilities\n[12:50:58] INFO: Starting build process\nBuilding Docker image...\n[12:50:58] DEBUG: Initializing service\nCache miss for key-8416\nCompiling utils/handler.rs...\nOptimizing 71 modules...\n\u2713 Step 'build' succeeded\nPushing to registry...\nGenerating source maps...\nCompiling lib/index.js...\nCache invalidated: build\npip: Downloading react-1.11.tar.gz\nWARNING: express has known vulnerabilities\nStep 5/16: Building\n[12:50:58] INFO: Cache refreshed\nSwitched to branch 'feature/task-234'\nCompiling utils/service.java...\nPushing to registry...\nCache saved successfully\n[12:50:58] DEBUG: Memory usage: 542MB\nTransforming 742 files...\nCache invalidated: dependencies\n\u26a0 DEPRECATION: Feature will be removed in v4.0\n  PASS: unit/test_api_health.spec.js\nConnection established\nCache hit for key-8295\nWARNING: express has known vulnerabilities\n\u26a0 DEPRECATION: Feature will be removed in v4.0\nChecking out develop branch\nStep 10/18: Running migrations\nLoading...\nUploading artifact 'dist' (38 files)\nLayer 6/12: RUN command\nnpm install: resolved 1100 packages\n\u26a0 DEPRECATION: Feature will be removed in v3.0\npip: Installing build dependencies...\npip: Collecting react\nVerifying...\nMinifying app.js\nGenerating source maps...\nTest Suites: 42 passed, 7 total\nWARNING: eslint has known vulnerabilities\nFetching from https://githubusercontent.com/package.json\nBuilding Docker image...\nArtifact uploaded: build.tar.gz (3MB)\npip install: Successfully installed webpack-3.16\nTLS handshake completed\nCoverage: 98% statements, 77% branches\nCache miss for key-8905\n[12:50:58] INFO: Connecting to database\nCache invalidated: node_modules\n\u26a0 DEPRECATION: Feature will be removed in v2.0\nBuilding Docker image...\npip: Installing build dependencies...\nCache hit for key-8481\nInstalling react@3.15.2\n\u26a0 DEPRECATION: Feature will be removed in v3.0\nSuccess!\nVerifying...\nUploading artifact 'build' (18 files)\nStep 6/24: Linting\nBundling vendor.css\nStep 11/17: Building\nCompiling utils/service.java...\nEnvironment: development\nAlready up to date.\n[12:50:58] DEBUG: Initializing service\n[12:50:58] WARN: Deprecated API usage\n[12:50:58] DEBUG: Memory usage: 1110MB\nPushing to registry...\n[12:50:58] INFO: Cache refreshed\nGenerating source maps...\n[12:50:58] INFO: Starting build process\nTests: 365 passed, 216 total\n[12:50:58] INFO: Processing request\n[12:50:58] DEBUG: Connection pool: 10 active\nHEAD is now at 7ecd7ef\nArtifact downloaded: 16MB\n[12:50:58] INFO: Starting build process\nHEAD is now at b853ed4\nPlatform: darwin-arm64\nGenerating source maps...\nRan 27 tests in 43s\nCompiling utils/handler.rs...\nnpm install: resolved 1555 packages\nGET /health - 200 (86ms)\nStep 11/16: Linting\nVerifying...\nStep 18/23: Deploying\nRan 12 tests in 51s\nOptimizing 51 modules...\nBuilding Docker image...\nWaiting...\n[12:50:58] INFO: Cache refreshed\nCompleted.\n\u2713 validate completed\nStep 15/19: Running migrations\nArtifact uploaded: build.tar.gz (36MB)\nLoading...\n[12:50:58] DEBUG: Query executed in 31ms\n\u26a0 DEPRECATION: Feature will be removed in v5.0\nConnection established\nWARNING: prettier has known vulnerabilities\nPushing to registry...\nReady.\nStep 5/19: Deploying\nLayer 2/9: RUN command\n\u2713 Step 'checkout' succeeded\nCache hit for key-7619\nUsing Node.js 18.7.10\nArtifact uploaded: dist.zip (28MB)\nCache miss for key-1886\nPushing to registry...\nPOST /upload - 201 (129ms)\n\u26a0 DEPRECATION: Feature will be removed in v3.0\n[12:50:58] DEBUG: Memory usage: 713MB\nEnvironment: staging\nCompleted.\nConnection established\n  PASS: integration/test_user_create.spec.js\n\u26a0 DEPRECATION: Feature will be removed in v2.0\n\u26a0 DEPRECATION: Feature will be removed in v4.0\nHEAD is now at e624e04\nLayer 3/14: ENV command\nMinifying app.js\nCache invalidated: node_modules\nTransforming 645 files...\nFetching submodules...\nnpm notice: created a lockfile\nCompiling utils/service.java...\nPOST /upload - 202 (199ms)\nPOST /data - 200 (64ms)\nException: RuntimeError\nnpm install: resolved 351 packages\nTest Suites: 34 passed, 25 total\nCompiling lib/handler.rs...\nnpm install: resolved 689 packages\n[12:50:58] DEBUG: Memory usage: 1560MB\n[12:50:58] INFO: Connecting to database\nUploading artifact 'coverage' (41 files)\nCoverage: 72% statements, 69% branches\n[12:50:58] WARN: Deprecated API usage\nnpm install: resolved 1577 packages\nTime: 98.74s\n[12:50:58] INFO: Connecting to database\nFinished.\n\u26a0 DEPRECATION: Feature will be removed in v4.0\nImage pulled successfully\nConnection established\nOK\nArtifact downloaded: 48MB\n\u2713 Step 'setup' succeeded\n[12:50:58] DEBUG: Connection pool: 12 active\n[12:50:58] DEBUG: Query executed in 50ms\nArtifact uploaded: build.tar.gz (4MB)\n[12:50:58] INFO: Connecting to database\nCache hit for key-6593\nLayer 3/10: ENV command\n\u26a0 DEPRECATION: Feature will be removed in v3.0\nException: ValueError\n[12:50:58] DEBUG: Query executed in 42ms\nReady.\n  PASS: e2e/test_db_connect.spec.js\nArtifact uploaded: build.tar.gz (45MB)\n=== Step install_dependencies completed ===\n=== Step: integration_tests ===\nStep 1/25: Linting\nVerifying...\nVerifying...\n[12:50:58] DEBUG: Connection pool: 14 active\n\u2713 test completed\nCompiling utils/service.java...\n[12:50:58] ERROR: Connection failed\npip install: Successfully installed jest-1.5\n[12:50:58] WARN: Deprecated API usage\nSnapshots: 12 passed, 9 total\nNODE_ENV=production\n\u2713 All checks passed\n[12:50:58] INFO: Processing request\nWaiting...\n[12:50:58] DEBUG: Query executed in 25ms\nCache invalidated: build\nCompiling src/service.java...\nCache saved successfully\nMinifying vendor.js\nGenerating source maps...\nSwitched to branch 'hotfix/task-866'\nyarn add: Done in 15.41s\nOptimizing 37 modules...\nGET /api - 200 (66ms)\nBuilding Docker image...\n\u26a0 DEPRECATION: Feature will be removed in v2.0\nFAILED: test_db_connect\nUploading artifact 'coverage' (21 files)\nCompiling lib/handler.rs...\nnpm install: added 205 packages\nUploading artifact 'coverage' (8 files)\nArtifact uploaded: build.tar.gz (12MB)\nTime: 54.120s\n\u2713 Step 'install' succeeded\nLayer 1/8: COPY command\nAlready up to date.\npip: Installing build dependencies...\nOK\nLoading...\nCreating production build...\nUsing Node.js 14.0.10\nOptimizing 63 modules...\nRan 175 tests in 20s\n[12:50:58] DEBUG: Loading configuration\nArtifact uploaded: build.tar.gz (28MB)\nGET /health - 200 (77ms)\nTime: 3.766s\nArtifact downloaded: 50MB\nFetching from https://githubusercontent.com/package.json\nPOST /data - 200 (448ms)\nConnection established\nSuccess!\npip: Installing build dependencies...\nFetching from https://registry.npmjs.org/package.json\nEnvironment: test\npip install: Successfully installed express-5.8\nFinished.\nGET /api - 204 (100ms)\nProcessing...\nStep 13/22: Installing dependencies\n\u26a0 DEPRECATION: Feature will be removed in v3.0\nOptimizing 95 modules...\n[12:50:58] DEBUG: Memory usage: 1668MB\n\u26a0 DEPRECATION: Feature will be removed in v2.0\npip: Downloading react-3.20.tar.gz\nStep 12/19: Building\n[12:50:58] INFO: Request completed\n[12:50:58] DEBUG: Query executed in 52ms\nOptimizing 62 modules...\nTransforming 472 files...\n\u2717 build failed with exit code 86\nGenerating source maps...\nTime: 120.591s\nCache invalidated: node_modules\n\u2713 Step 'setup' succeeded\nnpm notice: created a lockfile\nStep 4/19: Testing\nCoverage: 84% statements, 70% branches\nReady.\nTLS handshake completed\nTest Suites: 22 passed, 12 total\nSuccess!\nStep 2/25: Installing dependencies\nCompiling src/service.java...\nStep 1/25: Testing\nFinished.\nArtifact uploaded: dist.zip (65MB)\nArtifact uploaded: dist.zip (4MB)\npip install: Successfully installed react-2.17\n[12:50:58] ERROR: Connection failed\n[12:50:58] DEBUG: Initializing service\n[12:50:58] DEBUG: Memory usage: 992MB\nHEAD is now at dda8500\n[12:50:58] DEBUG: Initializing service\nTest Suites: 11 passed, 47 total\nAlready up to date.\nFetching submodules...\nSwitched to branch 'hotfix/task-237'\nnpm notice: created a lockfile\nLoading...\nCompiling lib/service.java...\nnpm install: added 201 packages\nDone.\nEnvironment: test\nTLS handshake completed\nnpm notice: package.json updated\nTest Suites: 41 passed, 36 total\nVerifying...\nLayer 8/14: COPY command\nStep 17/21: Deploying\npip install: Successfully installed express-1.6\n\u2717 build failed with exit code 125\nnpm install: added 382 packages\n\u2713 deploy completed\nCompiling src/index.js...\nDone.\nStep 4/18: Linting\n[12:50:58] INFO: Processing request\nArtifact uploaded: dist.zip (54MB)\nWARNING: express has known vulnerabilities\n[12:50:58] WARN: Deprecated API usage\n[12:50:58] DEBUG: Connection pool: 8 active\nOptimizing 34 modules...\nnpm install: added 452 packages\n[12:50:58] INFO: Starting build process\n\u2713 Step 'install' succeeded\n  PASS: test_api_health (19ms)\nPlatform: win32-x64\nLoading...\nChecking out develop branch\nWARNING: react has known vulnerabilities\nOK\nnpm notice: package.json updated\npip: Collecting eslint\n  PASS: e2e/test_cache_hit.spec.js\n[12:50:58] WARN: Deprecated API usage\nBuilding Docker image...\nArtifact downloaded: 6MB\n\u2713 Task completed in 2737ms\nFinished.\n  PASS: e2e/test_auth_login.spec.js\n  PASS: e2e/test_auth_login.spec.js\nAlready up to date.\nMinifying main.js\n[12:50:58] INFO: Request completed\nCache saved successfully\n[12:50:58] ERROR: Connection failed\nGenerating source maps...\nFinished.\n[12:50:58] ERROR: Connection failed\nWARNING: prettier has known vulnerabilities\nCache hit for key-3148\nPOST /data - 202 (352ms)\n[12:50:58] WARN: Deprecated API usage\n[12:50:58] ERROR: Connection failed\nnpm install: added 170 packages\n\u2713 build completed\nConnection established\nGenerating source maps...\nStep 9/25: Installing dependencies\nFetching submodules...\nGenerating source maps...\n[12:50:58] DEBUG: Initializing service\nUsing Node.js 15.7.3\nCompiling components/service.java...\nCompiling components/service.java...\nnpm notice: created a lockfile\npip: Downloading prettier-3.20.tar.gz\n\u26a0 DEPRECATION: Feature will be removed in v3.0\nReady.\n\u2713 Step 'checkout' succeeded\n[12:50:58] INFO: Cache refreshed\nAlready up to date.\nCache restored successfully (83MB)\nUploading artifact 'coverage' (25 files)\n[12:50:58] ERROR: Connection failed\n\u2713 All checks passed\nTLS handshake completed\n  PASS: test_db_connect (22ms)\nyarn add: Done in 26.98s\n[12:50:58] DEBUG: Connection pool: 13 active\n[12:50:58] INFO: Connecting to database\n[12:50:58] INFO: Cache refreshed\nCache restored successfully (83MB)\n[12:50:58] DEBUG: Query executed in 69ms\n[12:50:58] INFO: Connecting to database\nProcessing...\nWARNING: express has known vulnerabilities\nRan 28 tests in 44s\n[12:50:58] INFO: Connecting to database\n  PASS: unit/test_auth_login.spec.js\nBuilding Docker image...\npip: Collecting jest\nStep 14/20: Installing dependencies\n\u26a0 DEPRECATION: Feature will be removed in v2.0\nNODE_ENV=production\n  PASS: e2e/test_user_create.spec.js\nSnapshots: 15 passed, 2 total\n[12:50:58] WARN: Deprecated API usage\nCompiling src/utils.go...\nPulling image: python:18\nDone.\n[12:50:58] DEBUG: Query executed in 54ms\n  PASS: test_user_create (134ms)\nDone.\nBundling main.css\nHEAD is now at 0516b6a\nFetching from https://githubusercontent.com/package.json\nyarn add: Done in 17.41s\nPOST /data - 202 (191ms)\n[12:50:58] DEBUG: Memory usage: 1747MB\nTests: 464 passed, 307 total\nTLS handshake completed\npip: Downloading prettier-2.9.tar.gz\n\u2717 build failed with exit code 61\nVerifying...\nEnvironment: production\nCache restored successfully (471MB)\nTest Suites: 18 passed, 9 total\nnpm notice: created a lockfile\nLoading...\nUploading artifact 'dist' (42 files)\nFinished.\nUsing Python 3.9\n  PASS: unit/test_cache_hit.spec.js\nArtifact downloaded: 27MB\nVerifying...\npip: Installing build dependencies...\n\u26a0 DEPRECATION: Feature will be removed in v2.0\nStep 16/24: Testing\nStep 2/19: Testing\nPlatform: linux-x64\n\u2717 build failed with exit code 57\n[12:50:58] WARN: Deprecated API usage\nTime: 65.90s\nUsing Python 3.11\nTime: 12.772s\nCoverage: 100% statements, 67% branches\n[12:50:58] ERROR: Connection failed\n\u2713 Step 'install' succeeded\n[12:50:58] INFO: Cache refreshed\nCreating production build...\n\u2713 Step 'build' succeeded\nUsing Node.js 14.14.8\nUsing Node.js 20.11.9\npip install: Successfully installed react-1.9\nTLS handshake completed\nnpm install: added 175 packages\nStep 5/18: Testing\nLoading...\n[12:50:58] WARN: Deprecated API usage\nStep 6/17: Testing\n[12:50:58] DEBUG: Loading configuration\nyarn add: Done in 12.26s\n[12:50:58] DEBUG: Loading configuration\n\u2713 Step 'test' succeeded\nPOST /data - 200 (222ms)\nPlatform: win32-x64\nEnvironment: test\n[12:50:58] WARN: Deprecated API usage\nPOST /upload - 202 (285ms)\n[12:50:58] INFO: Request completed\n[12:50:58] DEBUG: Loading configuration\npip: Downloading webpack-3.0.tar.gz\nStep 10/20: Running migrations\nStep 6/23: Installing dependencies\nTransforming 596 files...\nFinished.\npip: Installing build dependencies...\nnpm notice: created a lockfile\n[12:50:58] DEBUG: Initializing service\n[12:50:58] WARN: Deprecated API usage\nStep 8/24: Testing\nnpm install: added 432 packages\nArtifact downloaded: 41MB\npip: Downloading lodash-1.16.tar.gz\nArtifact downloaded: 26MB\nReady.\nChecking out main branch\nChecking out develop branch\nSnapshots: 41 passed, 18 total\nUsing Python 3.10\nCompiling components/service.java...\n  PASS: e2e/test_auth_login.spec.js\nChecking out main branch\n[12:50:58] WARN: Deprecated API usage\nLayer 1/9: RUN command\n  PASS: test_api_health (293ms)\nyarn add: Done in 1.11s\n[12:50:58] INFO: Connecting to database\nStep 5/16: Installing dependencies\nCache restored successfully (58MB)\nPlatform: darwin-arm64\nArtifact downloaded: 36MB\n\u2713 Task completed in 852ms\nChecking out master branch\nWARNING: jest has known vulnerabilities\n[12:50:58] WARN: Deprecated API usage\n=== Step integration_tests completed ===\n=== Step: deploy_production ===\npip install: Successfully installed react-5.11\n\u26a0 DEPRECATION: Feature will be removed in v3.0\nArtifact uploaded: dist.zip (8MB)\nCompiling src/main.py...\nWARNING: react has known vulnerabilities\n[12:50:58] INFO: Cache refreshed\nCompiling src/app.ts...\nImage pulled successfully\nImage pulled successfully\nStep 12/17: Linting\nCache invalidated: dependencies\nSuccess!\npip: Installing build dependencies...\nArtifact downloaded: 47MB\n[12:50:58] INFO: Starting build process\nCompleted.\nStep 12/25: Building\nPlatform: win32-x64\nnpm notice: created a lockfile\nMinifying main.js\nnpm notice: created a lockfile\nWaiting...\npip: Installing build dependencies...\nStep 10/22: Running migrations\nFinished.\nWaiting...\n[12:50:58] ERROR: Connection failed\n[12:50:58] INFO: Request completed\n\u2713 Step 'checkout' succeeded\nUsing Node.js 17.6.3\nCache restored successfully (81MB)\nArtifact uploaded: dist.zip (92MB)\nDone.\n[12:50:58] DEBUG: Loading configuration\nyarn add: Done in 4.77s\n[12:50:58] INFO: Request completed\n[12:50:58] WARN: Deprecated API usage\nRan 128 tests in 9s\nReady.\nInstalling react@4.15.10\nChecking out main branch\nCompiling src/app.ts...\nPushing to registry...\n  PASS: integration/test_auth_login.spec.js\nConnection established\nFAILED: test_db_connect\n  PASS: e2e/test_auth_login.spec.js\nEnvironment: production\nCache miss for key-1559\nCreating production build...\n\u26a0 DEPRECATION: Feature will be removed in v2.0\npip install: Successfully installed axios-2.18\nCache saved successfully\nLayer 8/9: COPY command\nCache restored successfully (293MB)\nStep 2/23: Testing\nArtifact uploaded: build.tar.gz (2MB)\n[12:50:58] INFO: Processing request\nGET /health - 204 (87ms)\n[12:50:58] DEBUG: Initializing service\nPushing to registry...\nFAILED: test_cache_hit\nFetching submodules...\nWARNING: eslint has known vulnerabilities\npip: Collecting webpack\nPOST /data - 200 (151ms)\nArtifact uploaded: build.tar.gz (23MB)\nCompiling components/main.py...\nSwitched to branch 'bugfix/task-142'\nStep 5/25: Building\nStep 18/24: Testing\nGenerating source maps...\nException: ValueError\nTest Suites: 50 passed, 48 total\nCompiling src/index.js...\nnpm install: added 488 packages\nPlatform: linux-x64\nCache hit for key-9801\n\u26a0 DEPRECATION: Feature will be removed in v5.0\nWaiting...\n\u2713 All checks passed\nConnection established\nWARNING: lodash has known vulnerabilities\n  PASS: integration/test_api_health.spec.js\nTransforming 669 files...\nBuilding Docker image...\n  PASS: unit/test_user_create.spec.js\nnpm notice: created a lockfile\nVerifying...\nnpm install: added 305 packages\nLoading...\n[12:50:58] DEBUG: Query executed in 47ms\n[12:50:58] WARN: Deprecated API usage\nRan 21 tests in 38s\nCompiling src/app.ts...\nPOST /upload - 202 (213ms)\nCache invalidated: dependencies\nChecking out develop branch\n[12:50:58] ERROR: Connection failed\nFetching submodules...\nCache invalidated: node_modules\npip: Downloading express-2.8.tar.gz\nInstalling prettier@5.7.4\npip install: Successfully installed prettier-5.0\nMinifying main.js\nImage pulled successfully\nFAILED: test_user_create\n[12:50:58] INFO: Cache refreshed\nWARNING: jest has known vulnerabilities\nStep 11/24: Installing dependencies\nTests: 149 passed, 133 total\n\u2713 lint completed\nTime: 28.490s\nOK\nTransforming 489 files...\n[12:50:58] ERROR: Connection failed\n[12:50:58] INFO: Cache refreshed\nWaiting...\nAlready up to date.\n[12:50:58] ERROR: Connection failed\n[12:50:58] WARN: Deprecated API usage\nnpm notice: created a lockfile\nStep 3/24: Deploying\nVerifying...\n[12:50:58] WARN: Deprecated API usage\n\u2713 Task completed in 3619ms\n\u26a0 DEPRECATION: Feature will be removed in v4.0\nCompiling src/handler.rs...\nUsing Node.js 18.4.3\nFetching submodules...\nTests: 221 passed, 485 total\nVerifying...\nAlready up to date.\nPulling image: alpine:18\nTest Suites: 38 passed, 15 total\n[12:50:58] INFO: Connecting to database\nStep 12/23: Testing\n[12:50:58] DEBUG: Query executed in 70ms\nStep 6/19: Deploying\npip: Collecting react\nReady.\nTLS handshake completed\n\u26a0 DEPRECATION: Feature will be removed in v5.0\n[12:50:58] INFO: Connecting to database\nStep 16/23: Installing dependencies\n[12:50:58] INFO: Cache refreshed\n\u2713 All checks passed\n[12:50:58] DEBUG: Query executed in 90ms\nyarn add: Done in 26.53s\nNODE_ENV=development\n[12:50:58] INFO: Cache refreshed\nPOST /data - 200 (314ms)\nStep 8/23: Running migrations\n\u2713 Task completed in 3833ms\nCompiling src/index.js...\nTime: 13.847s\nStep 3/15: Building\n\u26a0 DEPRECATION: Feature will be removed in v2.0\nOptimizing 74 modules...\nArtifact uploaded: build.tar.gz (9MB)\nWARNING: express has known vulnerabilities\nConnection established\n\u26a0 DEPRECATION: Feature will be removed in v2.0\nCache saved successfully\nPlatform: linux-x64\nSuccess!\nInstalling eslint@2.18.10\nBuilding Docker image...\n\u2713 package completed\nOK\nLayer 10/10: ENV command\nSuccess!\nStep 11/20: Running migrations\nnpm notice: package.json updated\n\u26a0 DEPRECATION: Feature will be removed in v2.0\nFinished.\n\u2713 Step 'test' succeeded\nArtifact downloaded: 27MB\n[12:50:58] DEBUG: Query executed in 48ms\nFinished.\n\u2713 All checks passed\nRan 61 tests in 38s\n  PASS: e2e/test_cache_hit.spec.js\n  PASS: integration/test_db_connect.spec.js\nnpm install: resolved 539 packages\n\u26a0 DEPRECATION: Feature will be removed in v5.0\nPlatform: win32-x64\nTests: 189 passed, 65 total\nFetching submodules...\nSnapshots: 29 passed, 44 total\nCache invalidated: build\nCompiling utils/main.py...\nStep 19/22: Testing\npip: Collecting express\nCompleted.\nStep 16/15: Building\nFetching from https://registry.npmjs.org/package.json\nSuccess!\n[12:50:58] INFO: Request completed\nWaiting...\nInstalling lodash@4.10.5\n\u2713 All checks passed\nFinished.\nCompiling src/app.ts...\nException: ValueError\nNODE_ENV=production\n\u26a0 DEPRECATION: Feature will be removed in v5.0\nSuccess!\nnpm notice: created a lockfile\nFetching from https://gcr.io/package.json\n\u2713 test completed\nReady.\n\u26a0 DEPRECATION: Feature will be removed in v2.0\nCompiling src/utils.go...\n[12:50:58] DEBUG: Connection pool: 5 active\n\u2713 Step 'install' succeeded\nBundling styles.css\n  PASS: test_auth_login (297ms)\nSwitched to branch 'feature/task-707'\nSnapshots: 47 passed, 9 total\nTests: 55 passed, 303 total\nRan 56 tests in 49s\nBuilding Docker image...\nArtifact uploaded: dist.zip (53MB)\nTest Suites: 37 passed, 26 total\nLayer 9/13: RUN command\npip: Installing build dependencies...\nCache restored successfully (402MB)\nException: NullPointerException\nnpm install: resolved 837 packages\nFetching submodules...\nArtifact uploaded: build.tar.gz (37MB)\n[12:50:58] INFO: Connecting to database\n\u2713 All checks passed\npip: Collecting lodash\nnpm install: added 172 packages\n\u26a0 DEPRECATION: Feature will be removed in v3.0\nStep 3/22: Building\npip: Collecting webpack\nGET /health - 201 (82ms)\nBuilding Docker image...\n[12:50:58] INFO: Processing request\nStep 2/22: Deploying\nPOST /data - 201 (188ms)\nConnection established\nCache invalidated: build\nNODE_ENV=development\n[12:50:58] WARN: Deprecated API usage\npip: Downloading express-1.18.tar.gz\nOK\nArtifact uploaded: build.tar.gz (12MB)\nCompiling lib/main.py...\nTransforming 652 files...\nLoading...\nnpm install: resolved 838 packages\nFetching submodules...\nStep 14/16: Installing dependencies\nStep 9/25: Installing dependencies\nException: ValueError\n[12:50:58] INFO: Cache refreshed\nTest Suites: 50 passed, 50 total\nReady.\nTransforming 837 files...\nStep 8/23: Linting\nSwitched to branch 'feature/task-858'\nCache saved successfully\n[12:50:58] ERROR: Connection failed\nArtifact uploaded: build.tar.gz (42MB)\nArtifact downloaded: 48MB\n  PASS: integration/test_user_create.spec.js\nUsing Python 3.12\nWARNING: lodash has known vulnerabilities\n\u2713 Step 'checkout' succeeded\n[12:50:58] DEBUG: Connection pool: 8 active\n  PASS: test_db_connect (168ms)\nCompiling lib/app.ts...\nCoverage: 73% statements, 96% branches\nReady.\n[12:50:58] WARN: Deprecated API usage\nWARNING: webpack has known vulnerabilities\n[12:50:58] DEBUG: Memory usage: 1234MB\nMinifying main.js\nStep 15/22: Building\nTest Suites: 43 passed, 12 total\nLayer 7/11: ENV command\nLayer 4/13: RUN command\nTime: 57.720s\nLoading...\nPushing to registry...\n\u2713 build completed\nPOST /upload - 202 (105ms)\nVerifying...\n[12:50:58] INFO: Processing request\nHEAD is now at f0ce86e\nWARNING: express has known vulnerabilities\nRan 119 tests in 41s\n[12:50:58] DEBUG: Connection pool: 20 active\nnpm notice: created a lockfile\n=== Step deploy_production completed ===\n=== Step: deploy_staging ===\nnpm install: resolved 134 packages\nnpm notice: package.json updated\nLoading...\nTests: 151 passed, 333 total\nArtifact downloaded: 2MB\n[12:50:58] DEBUG: Initializing service\nWARNING: lodash has known vulnerabilities\nTime: 119.857s\n[12:50:58] INFO: Cache refreshed\nLoading...\n[12:50:58] INFO: Cache refreshed\nStep 5/24: Building\n[12:50:58] DEBUG: Query executed in 95ms\nReady.\nWARNING: jest has known vulnerabilities\nGET /health - 204 (50ms)\n\u2713 All checks passed\nSuccess!\n[12:50:58] DEBUG: Connection pool: 18 active\nnpm install: added 119 packages\nPOST /api - 202 (411ms)\nSuccess!\n\u2713 deploy completed\nStep 18/20: Linting\nPlatform: darwin-arm64\nnpm install: resolved 1476 packages\nImage pulled successfully\nLoading...\nArtifact uploaded: dist.zip (11MB)\nLayer 8/11: ENV command\nStep 5/19: Deploying\nCompiling lib/main.py...\n\u26a0 DEPRECATION: Feature will be removed in v3.0\nRan 91 tests in 46s\nInstalling eslint@1.8.4\nFetching submodules...\n[12:50:58] WARN: Deprecated API usage\nArtifact uploaded: dist.zip (71MB)\nWARNING: react has known vulnerabilities\nPlatform: win32-x64\nCache invalidated: dependencies\nGenerating source maps...\nVerifying...\npip: Downloading lodash-2.12.tar.gz\nArtifact uploaded: dist.zip (46MB)\n[12:50:58] INFO: Connecting to database\nyarn add: Done in 5.11s\n[12:50:58] INFO: Request completed\n\u26a0 DEPRECATION: Feature will be removed in v5.0\nSwitched to branch 'hotfix/task-927'\nStep 16/21: Installing dependencies\n[12:50:58] INFO: Starting build process\nGenerating source maps...\npip: Installing build dependencies...\nnpm notice: package.json updated\nCompiling components/main.py...\nMinifying app.js\nGET /status - 201 (36ms)\n[12:50:58] INFO: Cache refreshed\nUsing Node.js 20.10.8\npip: Installing build dependencies...\nEnvironment: production\nCache saved successfully\n[12:50:58] DEBUG: Loading configuration\nCache invalidated: node_modules\nGenerating source maps...\nWARNING: webpack has known vulnerabilities\nStep 7/16: Deploying\nStep 2/25: Running migrations\n[12:50:58] WARN: Deprecated API usage\nFetching from https://amazonaws.com/package.json\nFetching submodules...\nOK\nCompleted.\nReady.\nSnapshots: 42 passed, 6 total\nCache saved successfully\nStep 14/25: Installing dependencies\nUsing Python 3.10\nCompiling lib/main.py...\nStep 8/18: Deploying\n  PASS: test_api_health (112ms)\nStep 13/22: Installing dependencies\nArtifact uploaded: build.tar.gz (35MB)\nLayer 4/13: RUN command\nCompiling components/handler.rs...\nVerifying...\nPOST /api - 200 (86ms)\nSnapshots: 21 passed, 0 total\nSnapshots: 0 passed, 0 total\nTransforming 806 files...\n\u2717 build failed with exit code 54\nTest Suites: 27 passed, 34 total\n[12:50:58] INFO: Cache refreshed\nHEAD is now at b009cea\nWaiting...\n\u26a0 DEPRECATION: Feature will be removed in v5.0\nCache invalidated: node_modules\n[12:50:58] INFO: Cache refreshed\nTransforming 764 files...\nSuccess!\nBuilding Docker image...\n[12:50:58] INFO: Cache refreshed\nConnection established\n\u2713 Step 'setup' succeeded\nNODE_ENV=development\nProcessing...\nPulling image: python:3.11\npip: Collecting react\n[12:50:58] WARN: Deprecated API usage\nCache invalidated: build\nImage pulled successfully\nCompiling utils/utils.go...\nEnvironment: production\nLayer 8/8: COPY command\nRan 172 tests in 6s\n[12:50:58] INFO: Cache refreshed\nSnapshots: 50 passed, 21 total\nHEAD is now at b239037\nCache hit for key-8801\nPOST /data - 201 (389ms)\nPulling image: alpine:3.11\nUsing Node.js 15.17.6\nCache restored successfully (155MB)\nCompleted.\n  PASS: integration/test_db_connect.spec.js\nWARNING: react has known vulnerabilities\nWARNING: jest has known vulnerabilities\n  PASS: test_auth_login (212ms)\nNODE_ENV=development\nPOST /api - 200 (116ms)\n[12:50:58] WARN: Deprecated API usage\nFinished.\n[12:50:58] WARN: Deprecated API usage\n[12:50:58] ERROR: Connection failed\n[12:50:58] INFO: Request completed\nCompiling src/index.js...\n[12:50:58] WARN: Deprecated API usage\nNODE_ENV=production\nSuccess!\n[12:50:58] ERROR: Connection failed\nArtifact downloaded: 19MB\nStep 11/17: Running migrations\n  PASS: test_cache_hit (441ms)\npip: Collecting axios\nCompiling utils/utils.go...\nException: NullPointerException\nPlatform: linux-x64\nEnvironment: test\n[12:50:58] WARN: Deprecated API usage\n[12:50:58] INFO: Cache refreshed\nCompiling utils/service.java...\nCache hit for key-7234\nLoading...\nCache saved successfully\nException: TypeError\nUploading artifact 'dist' (1 files)\n\u2713 Task completed in 4679ms\nCache miss for key-9447\nMinifying main.js\nUsing Node.js 16.20.6\nEnvironment: test\n\u2713 All checks passed\nCache restored successfully (320MB)\nStep 19/25: Running migrations\n[12:50:58] DEBUG: Connection pool: 10 active\nProcessing...\n\u26a0 DEPRECATION: Feature will be removed in v3.0\nStep 3/19: Testing\nBuilding Docker image...\nTest Suites: 14 passed, 9 total\nStep 1/25: Linting\nInstalling express@4.0.6\npip: Installing build dependencies...\n\u2713 Step 'build' succeeded\nCompiling lib/utils.go...\nTest Suites: 46 passed, 29 total\nGenerating source maps...\nnpm notice: package.json updated\n[12:50:58] DEBUG: Connection pool: 6 active\nTime: 86.616s\nInstalling eslint@5.19.4\n[12:50:58] DEBUG: Query executed in 94ms\nCache restored successfully (476MB)\nMinifying main.js\n[12:50:58] DEBUG: Initializing service\npip: Collecting prettier\nCache hit for key-4774\nInstalling eslint@4.20.9\nPushing to registry...\nCache restored successfully (459MB)\nTime: 9.700s\nnpm install: added 449 packages\npip: Installing build dependencies...\nLayer 6/9: RUN command\nBundling runtime.js\nTransforming 511 files...\nStep 7/21: Running migrations\n[12:50:58] INFO: Cache refreshed\nWaiting...\nWARNING: webpack has known vulnerabilities\nHEAD is now at 7eb51b1\n\u2713 Step 'setup' succeeded\nSnapshots: 39 passed, 46 total\n  PASS: integration/test_auth_login.spec.js\nTLS handshake completed\n\u2713 test completed\n[12:50:58] ERROR: Connection failed\nEnvironment: production\nException: NullPointerException\nArtifact downloaded: 23MB\nArtifact uploaded: build.tar.gz (13MB)\nStep 11/23: Deploying\nLoading...\nOptimizing 91 modules...\npip install: Successfully installed webpack-5.5\nUsing Python 3.12\nGenerating source maps...\nCompiling src/utils.go...\nTest Suites: 45 passed, 30 total\n  PASS: unit/test_user_create.spec.js\n[12:50:58] DEBUG: Loading configuration\nUsing Node.js 15.4.3\nTest Suites: 34 passed, 27 total\nVerifying...\nPushing to registry...\nWaiting...\n\u2713 All checks passed\nGET /health - 201 (9ms)\nCompiling utils/app.ts...\nUsing Python 3.11\nPOST /data - 201 (189ms)\nnpm notice: created a lockfile\nFetching from https://gcr.io/package.json\nFinished.\nCompiling lib/app.ts...\nInstalling jest@1.14.7\n\u26a0 DEPRECATION: Feature will be removed in v3.0\nWARNING: eslint has known vulnerabilities\nCache saved successfully\nCompiling components/index.js...\nStep 14/19: Installing dependencies\nOK\nCache saved successfully\nFAILED: test_db_connect\nPushing to registry...\nArtifact uploaded: dist.zip (64MB)\n[12:50:58] INFO: Request completed\npip install: Successfully installed lodash-2.20\n[12:50:58] INFO: Cache refreshed\nCompleted.\nStep 19/15: Building\n\u2713 package completed\n\u2713 Task completed in 1206ms\nCache miss for key-8317\nCompiling components/utils.go...\nEnvironment: test\nyarn add: Done in 15.27s\nChecking out master branch\nLayer 2/14: ENV command\nInstalling express@4.20.1\nFinished.\nSwitched to branch 'hotfix/task-627'\nTransforming 487 files...\n[12:50:58] INFO: Cache refreshed\nOptimizing 46 modules...\nSnapshots: 1 passed, 13 total\nnpm notice: package.json updated\nTests: 336 passed, 100 total\nArtifact downloaded: 12MB\nCreating production build...\nSwitched to branch 'hotfix/task-360'\n[12:50:58] DEBUG: Initializing service\n[12:50:58] DEBUG: Connection pool: 13 active\nnpm install: added 475 packages\nCache miss for key-4502\nBundling styles.css\nCache miss for key-9387\nStep 16/23: Building\nInstalling webpack@4.7.4\n[12:50:58] DEBUG: Initializing service\nStep 13/15: Deploying\nUsing Node.js 18.9.5\nOK\nHEAD is now at eb0da1d\n[12:50:58] WARN: Deprecated API usage\nHEAD is now at a7806b9\n[12:50:58] INFO: Cache refreshed\nUsing Python 3.11\nDone.\nOK\nGET /health - 200 (28ms)\n  PASS: unit/test_api_health.spec.js\nUsing Python 3.12\n[12:50:58] INFO: Request completed\nnpm notice: created a lockfile\nPOST /api - 202 (306ms)\nCompiling src/app.ts...\n=== Step deploy_staging completed ===\n=== Step: e2e_tests ===\nLoading...\nInstalling prettier@2.5.10\nCompiling utils/index.js...\nArtifact downloaded: 3MB\n\u2713 Step 'build' succeeded\nBundling main.js\n[12:50:58] WARN: Deprecated API usage\nStep 1/21: Deploying\nFetching submodules...\nOK\nnpm notice: created a lockfile\nInstalling express@1.8.2\nLoading...\nCoverage: 99% statements, 83% branches\nWARNING: jest has known vulnerabilities\nTests: 463 passed, 55 total\nLoading...\n[12:50:58] WARN: Deprecated API usage\nPulling image: alpine:latest\nLoading...\nChecking out develop branch\nWARNING: prettier has known vulnerabilities\nFAILED: test_api_health\nCompiling src/handler.rs...\n\u2717 build failed with exit code 2\n[12:50:58] DEBUG: Connection pool: 13 active\nWARNING: prettier has known vulnerabilities\nCache miss for key-6467\nVerifying...\nCompleted.\nTests: 396 passed, 441 total\nTest Suites: 14 passed, 8 total\nCompleted.\nCache restored successfully (24MB)\n  PASS: unit/test_db_connect.spec.js\nStep 3/17: Linting\nLayer 4/11: COPY command\nFetching from https://githubusercontent.com/package.json\nAlready up to date.\nHEAD is now at 8717caf\nStep 3/24: Deploying\nLayer 2/10: ENV command\npip: Downloading jest-2.17.tar.gz\nCompleted.\n[12:50:58] DEBUG: Memory usage: 1933MB\nDone.\nHEAD is now at f5ac0bd\nCoverage: 77% statements, 82% branches\nLoading...\nLoading...\nGenerating source maps...\nEnvironment: test\nTest Suites: 22 passed, 7 total\nUploading artifact 'dist' (44 files)\n\u2713 Step 'build' succeeded\n\u2713 lint completed\n[12:50:58] INFO: Cache refreshed\nWARNING: express has known vulnerabilities\npip: Downloading eslint-2.20.tar.gz\nCompleted.\nNODE_ENV=test\nRan 80 tests in 34s\nStep 18/16: Linting\nImage pulled successfully\nLayer 6/12: RUN command\nCompleted.\nCompiling src/handler.rs...\nBundling vendor.css\nCreating production build...\nSnapshots: 43 passed, 26 total\nFetching submodules...\nTLS handshake completed\nCache restored successfully (44MB)\nArtifact downloaded: 29MB\n[12:50:58] INFO: Processing request\npip: Downloading eslint-3.1.tar.gz\nStep 20/21: Linting\nTests: 440 passed, 424 total\nPulling image: python:latest\nBundling styles.js\nAlready up to date.\nFetching from https://registry.npmjs.org/package.json\nFinished.\nCoverage: 89% statements, 86% branches\nTLS handshake completed\nSwitched to branch 'feature/task-511'\npip: Downloading jest-2.14.tar.gz\nStep 15/23: Building\nFetching from https://gcr.io/package.json\nWARNING: lodash has known vulnerabilities\nNODE_ENV=test\npip: Downloading axios-5.15.tar.gz\n[12:50:58] DEBUG: Loading configuration\nPulling image: python:3.11\nTransforming 909 files...\nAlready up to date.\nUsing Python 3.10\nFetching from https://googleapis.com/package.json\nnpm notice: package.json updated\n\u2713 All checks passed\n\u2717 build failed with exit code 43\nStep 14/22: Deploying\nCoverage: 87% statements, 88% branches\nProcessing...\npip: Downloading eslint-5.7.tar.gz\n[12:50:58] DEBUG: Memory usage: 154MB\nStep 2/15: Deploying\nGenerating source maps...\nWaiting...\nImage pulled successfully\nTransforming 743 files...\n  PASS: test_db_connect (320ms)\nCompiling components/handler.rs...\n  PASS: test_user_create (254ms)\nArtifact downloaded: 1MB\n[12:50:58] WARN: Deprecated API usage\n[12:50:58] INFO: Starting build process\nUsing Node.js 19.2.6\nCompiling lib/main.py...\nCompiling components/main.py...\nDone.\npip: Downloading lodash-2.11.tar.gz\nEnvironment: test\nMinifying app.js\n  PASS: test_db_connect (454ms)\nStep 16/18: Deploying\n\u2713 All checks passed\nCoverage: 95% statements, 78% branches\n[12:50:58] INFO: Connecting to database\nStep 4/19: Building\nCache hit for key-5469\n[12:50:58] DEBUG: Connection pool: 10 active\npip: Collecting webpack\nSuccess!\n[12:50:58] INFO: Cache refreshed\nVerifying...\nTransforming 967 files...\n\u2713 All checks passed\n[12:50:58] INFO: Starting build process\nUploading artifact 'build' (30 files)\nHEAD is now at 4a97170\nVerifying...\nnpm notice: created a lockfile\nOK\nCache invalidated: node_modules\nNODE_ENV=test\nCompiling src/handler.rs...\nInstalling prettier@1.14.5\nFetching submodules...\n[12:50:58] DEBUG: Connection pool: 13 active\nCache saved successfully\nInstalling express@5.19.1\nStep 9/15: Linting\nPOST /data - 202 (409ms)\nFAILED: test_user_create\n  PASS: e2e/test_db_connect.spec.js\n[12:50:58] DEBUG: Loading configuration\nImage pulled successfully\nCompiling lib/main.py...\n\u26a0 DEPRECATION: Feature will be removed in v5.0\npip: Collecting webpack\nCompiling utils/index.js...\n  PASS: integration/test_db_connect.spec.js\nCache saved successfully\nReady.\n[12:50:58] WARN: Deprecated API usage\nStep 11/17: Deploying\nWaiting...\nHEAD is now at b18df39\nOK\nPlatform: darwin-arm64\npip: Downloading prettier-4.17.tar.gz\nCompiling src/handler.rs...\nUploading artifact 'coverage' (18 files)\nnpm install: resolved 1096 packages\nTime: 63.672s\nBundling vendor.css\nOptimizing 52 modules...\nArtifact uploaded: dist.zip (80MB)\nSwitched to branch 'bugfix/task-450'\nCompiling lib/handler.rs...\nBundling main.css\nPulling image: python:3.11\nTransforming 939 files...\nHEAD is now at 1d2f28a\nStep 11/24: Linting\nCompiling components/main.py...\n\u26a0 DEPRECATION: Feature will be removed in v3.0\nUsing Python 3.12\nTLS handshake completed\nImage pulled successfully\nStep 6/24: Linting\n[12:50:58] DEBUG: Query executed in 94ms\n[12:50:58] INFO: Starting build process\n  PASS: e2e/test_auth_login.spec.js\n\u2713 build completed\nCache invalidated: node_modules\nCompiling src/app.ts...\nUsing Node.js 19.16.10\nConnection established\nUsing Python 3.11\nCompiling utils/service.java...\nUsing Node.js 19.3.3\nFinished.\n[12:50:58] ERROR: Connection failed\nBuilding Docker image...\npip: Installing build dependencies...\nArtifact downloaded: 12MB\n[12:50:58] INFO: Starting build process\npip: Downloading axios-1.2.tar.gz\n[12:50:58] DEBUG: Memory usage: 1822MB\nFAILED: test_api_health\nPulling image: node:3.11\nWARNING: axios has known vulnerabilities\n\u2713 Task completed in 4098ms\nTransforming 571 files...\n[12:50:58] INFO: Starting build process\n[12:50:58] INFO: Connecting to database\n\u2713 lint completed\nSwitched to branch 'bugfix/task-132'\nPOST /upload - 201 (500ms)\nCache restored successfully (84MB)\nTime: 10.675s\nVerifying...\nStep 10/20: Building\nStep 2/21: Installing dependencies\nImage pulled successfully\nnpm notice: package.json updated\nSnapshots: 47 passed, 15 total\nPOST /data - 202 (461ms)\nUsing Node.js 20.11.7\nyarn add: Done in 20.64s\nCreating production build...\nDone.\nFinished.\n[12:50:58] ERROR: Connection failed\npip: Collecting eslint\nCreating production build...\n\u2713 Step 'build' succeeded\nLayer 3/9: RUN command\n[12:50:58] WARN: Deprecated API usage\n[12:50:58] INFO: Processing request\nVerifying...\nCache hit for key-1124\nFetching from https://pypi.org/package.json\n  PASS: test_db_connect (52ms)\nOK\nyarn add: Done in 6.12s\nStep 8/16: Testing\nStep 6/16: Testing\nVerifying...\nArtifact uploaded: build.tar.gz (19MB)\n[12:50:58] DEBUG: Loading configuration\nException: NullPointerException\nnpm notice: created a lockfile\nSnapshots: 35 passed, 17 total\nStep 4/23: Linting\nUsing Python 3.12\nTests: 337 passed, 129 total\n[12:50:58] INFO: Starting build process\nTime: 38.58s\nChecking out develop branch\n[12:50:58] ERROR: Connection failed\nCompiling components/utils.go...\nTLS handshake completed\nStep 11/16: Deploying\nChecking out main branch\nCache restored successfully (412MB)\nHEAD is now at 1581a1a\nnpm notice: package.json updated\n  PASS: test_cache_hit (223ms)\nStep 7/16: Installing dependencies\n[12:50:58] WARN: Deprecated API usage\nTLS handshake completed\n[12:50:58] INFO: Connecting to database\nCache hit for key-3323\nGenerating source maps...\nProcessing...\nCache miss for key-5122\n[12:50:58] WARN: Deprecated API usage\n[12:50:58] INFO: Cache refreshed\nPushing to registry...\nSwitched to branch 'hotfix/task-772'\npip install: Successfully installed axios-2.16\nEnvironment: staging\nArtifact uploaded: build.tar.gz (38MB)\nTime: 62.54s\n[12:50:58] WARN: Deprecated API usage\n\u26a0 DEPRECATION: Feature will be removed in v4.0\nCompleted.\nCompiling components/index.js...\n  PASS: unit/test_api_health.spec.js\npip install: Successfully installed react-3.19\nVerifying...\nRan 93 tests in 22s\nCompleted.\nStep 20/23: Linting\nTests: 386 passed, 468 total\n=== Step e2e_tests completed ===\n=== Step: upload_artifacts ===\npip install: Successfully installed react-3.7\nCreating production build...\n[12:50:58] DEBUG: Connection pool: 17 active\nBundling main.css\nDone.\n\u2713 Task completed in 3897ms\nCache saved successfully\n[12:50:58] ERROR: Connection failed\n[12:50:58] DEBUG: Query executed in 69ms\nWARNING: axios has known vulnerabilities\nPushing to registry...\nPulling image: alpine:latest\nCache invalidated: dependencies\nCompiling components/handler.rs...\nDone.\nnpm notice: package.json updated\nBuilding Docker image...\n[12:50:58] DEBUG: Query executed in 29ms\n  PASS: e2e/test_user_create.spec.js\nCompiling utils/main.py...\nStep 19/21: Building\n[12:50:58] DEBUG: Loading configuration\nException: RuntimeError\nyarn add: Done in 7.40s\n  PASS: test_cache_hit (205ms)\nTransforming 905 files...\n[12:50:58] DEBUG: Initializing service\nBuilding Docker image...\nStep 7/24: Testing\nWARNING: webpack has known vulnerabilities\nConnection established\n\u2713 Task completed in 370ms\nCompleted.\nConnection established\nWaiting...\nLoading...\nDone.\nHEAD is now at f8770cf\n[12:50:58] DEBUG: Loading configuration\n[12:50:58] DEBUG: Query executed in 64ms\n[12:50:58] INFO: Request completed\n\u2713 All checks passed\nGenerating source maps...\nArtifact downloaded: 9MB\nLayer 4/14: COPY command\nOptimizing 28 modules...\n[12:50:58] DEBUG: Memory usage: 1646MB\nSwitched to branch 'bugfix/task-899'\n[12:50:58] INFO: Request completed\nPushing to registry...\nCompiling utils/service.java...\nPOST /api - 202 (37ms)\nOK\nStep 19/16: Linting\nnpm install: added 181 packages\n\u2713 Step 'test' succeeded\nTest Suites: 49 passed, 35 total\nDone.\nCache hit for key-4943\nFinished.\n\u2713 validate completed\nCreating production build...\nCache restored successfully (24MB)\n[12:50:58] DEBUG: Memory usage: 306MB\n\u2713 Step 'install' succeeded\nMinifying main.js\nDone.\npip: Downloading jest-2.17.tar.gz\nUsing Python 3.10\n[12:50:58] ERROR: Connection failed\nArtifact uploaded: dist.zip (68MB)\nStep 20/23: Linting\nyarn add: Done in 10.38s\nWARNING: react has known vulnerabilities\nCompleted.\n[12:50:58] WARN: Deprecated API usage\nTransforming 819 files...\nAlready up to date.\n[12:50:58] ERROR: Connection failed\nSuccess!\nPushing to registry...\nyarn add: Done in 11.65s\n[12:50:58] WARN: Deprecated API usage\n\u26a0 DEPRECATION: Feature will be removed in v4.0\nMinifying main.js\n[12:50:58] DEBUG: Loading configuration\nPulling image: alpine:3.11\n\u26a0 DEPRECATION: Feature will be removed in v4.0\nInstalling webpack@5.12.8\nBundling styles.css\nCache saved successfully\nWARNING: axios has known vulnerabilities\nFinished.\n\u2713 Task completed in 2746ms\npip: Downloading lodash-2.19.tar.gz\nOK\n[12:50:58] WARN: Deprecated API usage\nHEAD is now at a5a7a82\nnpm notice: package.json updated\nArtifact downloaded: 39MB\nCompleted.\nBundling main.js\npip: Installing build dependencies...\n[12:50:58] ERROR: Connection failed\npip: Installing build dependencies...\n[12:50:58] DEBUG: Loading configuration\n\u2713 Task completed in 3655ms\nMinifying main.js\nPlatform: linux-x64\n[12:50:58] INFO: Cache refreshed\npip: Collecting axios\nArtifact downloaded: 6MB\nGenerating source maps...\nPOST /upload - 202 (203ms)\n\u26a0 DEPRECATION: Feature will be removed in v3.0\n[12:50:58] DEBUG: Query executed in 35ms\n\u26a0 DEPRECATION: Feature will be removed in v5.0\nProcessing...\nCoverage: 70% statements, 67% branches\nCompiling components/main.py...\n[12:50:58] WARN: Deprecated API usage\n\u2713 All checks passed\nCache invalidated: node_modules\nCache miss for key-6710\nLoading...\n[12:50:58] INFO: Request completed\n[12:50:58] WARN: Deprecated API usage\nCompiling src/index.js...\n[12:50:58] INFO: Request completed\nLoading...\nException: ValueError\nSnapshots: 37 passed, 32 total\nEnvironment: production\nReady.\nnpm install: resolved 1342 packages\nTransforming 858 files...\n[12:50:58] WARN: Deprecated API usage\nSuccess!\nTime: 88.270s\nnpm install: resolved 1723 packages\nCache restored successfully (174MB)\nWARNING: prettier has known vulnerabilities\n  PASS: test_api_health (167ms)\nEnvironment: staging\n[12:50:58] DEBUG: Loading configuration\n[12:50:58] DEBUG: Query executed in 40ms\n[12:50:58] DEBUG: Initializing service\nCoverage: 99% statements, 76% branches\nPlatform: darwin-arm64\nBundling styles.js\nSnapshots: 12 passed, 3 total\nnpm notice: created a lockfile\nCache miss for key-2519\nCache restored successfully (476MB)\nPOST /api - 201 (480ms)\nCreating production build...\n\u2713 Task completed in 4024ms\nStep 9/16: Deploying\npip: Collecting prettier\nCreating production build...\n[12:50:58] WARN: Deprecated API usage\nCache saved successfully\n[12:50:58] INFO: Connecting to database\nFinished.\nCache hit for key-7921\n[12:50:58] INFO: Cache refreshed\nArtifact downloaded: 35MB\nPushing to registry...\n[12:50:58] DEBUG: Memory usage: 453MB\nnpm notice: package.json updated\nTLS handshake completed\nVerifying...\nnpm notice: created a lockfile\nChecking out main branch\nStep 3/18: Testing\npip: Downloading react-2.13.tar.gz\nArtifact uploaded: dist.zip (89MB)\nHEAD is now at ce98432\nCache invalidated: node_modules\n[12:50:58] WARN: Deprecated API usage\n\u26a0 DEPRECATION: Feature will be removed in v5.0\nStep 13/20: Building\nPOST /data - 200 (47ms)\nLayer 7/10: ENV command\nFinished.\nCache saved successfully\nWaiting...\nChecking out master branch\n[12:50:58] DEBUG: Initializing service\n[12:50:58] ERROR: Connection failed\npip: Downloading jest-1.19.tar.gz\nBuilding Docker image...\nStep 18/22: Testing\nPlatform: darwin-arm64\n[12:50:58] DEBUG: Memory usage: 1925MB\n[12:50:58] INFO: Starting build process\nLayer 9/12: COPY command\nTime: 104.358s\n  PASS: test_api_health (131ms)\nDone.\nLayer 1/15: RUN command\nUsing Python 3.11\nTests: 466 passed, 287 total\n[12:50:58] INFO: Connecting to database\nUsing Node.js 15.2.6\nCreating production build...\nnpm install: added 468 packages\nCache saved successfully\nOK\nInstalling lodash@5.3.8\n\u2713 All checks passed\nSuccess!\nPushing to registry...\nTLS handshake completed\nWARNING: webpack has known vulnerabilities\n\u2717 build failed with exit code 89\n\u2713 All checks passed\nEnvironment: staging\nCache saved successfully\nFetching submodules...\nOK\nGET /api - 204 (70ms)\n[12:50:58] WARN: Deprecated API usage\nCompleted.\nArtifact uploaded: dist.zip (84MB)\n\u2713 All checks passed\nPulling image: node:3.11\nGET /health - 200 (30ms)\nInstalling webpack@1.17.4\n\u26a0 DEPRECATION: Feature will be removed in v5.0\nStep 14/19: Testing\n[12:50:58] INFO: Starting build process\n\u2713 Task completed in 1286ms\nInstalling webpack@4.10.5\nBuilding Docker image...\n  PASS: integration/test_auth_login.spec.js\nStep 11/23: Deploying\nCompiling src/utils.go...\npip: Installing build dependencies...\nCompiling components/handler.rs...\n[12:50:58] INFO: Request completed\nPushing to registry...\nCreating production build...\nPlatform: darwin-arm64\nArtifact uploaded: build.tar.gz (39MB)\nWARNING: eslint has known vulnerabilities\n[12:50:58] INFO: Request completed\nPlatform: linux-x64\nOK\n[12:50:58] WARN: Deprecated API usage\nStep 20/20: Running migrations\nHEAD is now at 8592771\n\u26a0 DEPRECATION: Feature will be removed in v5.0\n\u26a0 DEPRECATION: Feature will be removed in v2.0\nCreating production build...\nArtifact uploaded: dist.zip (34MB)\n[12:50:58] DEBUG: Connection pool: 4 active\nEnvironment: staging\nBundling runtime.css\nCreating production build...\nCache restored successfully (232MB)\n\u2713 validate completed\n  PASS: e2e/test_user_create.spec.js\nCache invalidated: build\nPulling image: alpine:18\nStep 1/25: Building\n\u26a0 DEPRECATION: Feature will be removed in v5.0\nTransforming 292 files...\nConnection established\nCompiling components/handler.rs...\nChecking out develop branch\nStep 2/16: Installing dependencies\nStep 6/15: Linting\nSnapshots: 49 passed, 36 total\nCache restored successfully (287MB)\n[12:50:58] WARN: Deprecated API usage\nStep 11/22: Testing\nFetching from https://docker.io/package.json\nOK\n[12:50:58] DEBUG: Connection pool: 2 active\nCache restored successfully (426MB)\nNODE_ENV=development\nFinished.\nCache hit for key-2327\n[12:50:58] WARN: Deprecated API usage\n\u2713 All checks passed\nCompiling lib/handler.rs...\n[12:50:58] WARN: Deprecated API usage\nFinished.\npip: Downloading jest-3.9.tar.gz\nTime: 67.710s\nCoverage: 89% statements, 98% branches\nArtifact downloaded: 21MB\nTest Suites: 9 passed, 29 total\nCache restored successfully (373MB)\nWaiting...\nNODE_ENV=test\nChecking out main branch\n=== Step upload_artifacts completed ===\n=== Step: build ===\nUploading artifact 'coverage' (24 files)\nArtifact uploaded: build.tar.gz (45MB)\n\u2713 build completed\n[12:50:58] DEBUG: Query executed in 63ms\nCompleted.\nImage pulled successfully\nStep 3/24: Installing dependencies\nCache miss for key-3401\nStep 18/16: Building\nLoading...\nEnvironment: staging\nInstalling lodash@1.7.9\nTest Suites: 35 passed, 33 total\n[12:50:58] WARN: Deprecated API usage\nEnvironment: staging\n[12:50:58] DEBUG: Loading configuration\nChecking out main branch\nProcessing...\nStep 18/22: Running migrations\nAlready up to date.\nTests: 96 passed, 151 total\nSwitched to branch 'feature/task-664'\nStep 12/19: Building\nNODE_ENV=production\nStep 14/17: Linting\nImage pulled successfully\n  PASS: e2e/test_api_health.spec.js\nCompiling src/index.js...\nGET /status - 200 (26ms)\n[12:50:58] DEBUG: Initializing service\nFetching submodules...\nBundling styles.js\npip: Installing build dependencies...\n  PASS: test_user_create (240ms)\nOK\nStep 5/23: Running migrations\nFinished.\nBundling runtime.css\n[12:50:58] INFO: Processing request\nCache invalidated: node_modules\nException: RuntimeError\n\u26a0 DEPRECATION: Feature will be removed in v2.0\n\u26a0 DEPRECATION: Feature will be removed in v3.0\nnpm notice: package.json updated\nWARNING: webpack has known vulnerabilities\nCompiling src/app.ts...\n\u2713 All checks passed\nStep 18/25: Installing dependencies\nnpm install: added 326 packages\nTLS handshake completed\n\u2717 build failed with exit code 127\nTests: 417 passed, 216 total\nCache restored successfully (496MB)\nStep 16/23: Installing dependencies\n\u26a0 DEPRECATION: Feature will be removed in v2.0\nPushing to registry...\npip install: Successfully installed lodash-5.11\nGET /api - 204 (59ms)\nCompiling utils/utils.go...\nPushing to registry...\nTransforming 793 files...\n[12:50:58] INFO: Connecting to database\nLoading...\npip: Downloading jest-1.0.tar.gz\nUploading artifact 'coverage' (24 files)\nCompleted.\nArtifact downloaded: 35MB\n\u26a0 DEPRECATION: Feature will be removed in v5.0\npip: Collecting lodash\nCompiling lib/main.py...\npip: Downloading prettier-4.14.tar.gz\nException: NullPointerException\n[12:50:58] INFO: Cache refreshed\nnpm notice: created a lockfile\nSnapshots: 23 passed, 29 total\nStep 11/24: Installing dependencies\nTests: 393 passed, 412 total\nStep 18/20: Linting\npip: Downloading prettier-1.16.tar.gz\nGET /api - 200 (79ms)\nArtifact uploaded: dist.zip (43MB)\n  PASS: e2e/test_user_create.spec.js\nReady.\n[12:50:58] DEBUG: Loading configuration\nGET /health - 200 (97ms)\n[12:50:58] DEBUG: Loading configuration\nCompiling src/app.ts...\n[12:50:58] DEBUG: Loading configuration\n[12:50:58] INFO: Connecting to database\nnpm install: added 414 packages\nPlatform: win32-x64\nCache saved successfully\nFAILED: test_api_health\n\u2713 Step 'checkout' succeeded\nCache restored successfully (498MB)\nGET /health - 201 (6ms)\nUploading artifact 'dist' (37 files)\nLoading...\nCompiling src/service.java...\n\u26a0 DEPRECATION: Feature will be removed in v5.0\nUsing Node.js 15.13.5\nSnapshots: 18 passed, 48 total\n  PASS: test_cache_hit (41ms)\nStep 12/20: Building\nFAILED: test_db_connect\npip install: Successfully installed jest-5.12\nPOST /data - 201 (200ms)\npip: Collecting eslint\nnpm notice: created a lockfile\n[12:50:58] ERROR: Connection failed\nPushing to registry...\nStep 10/16: Deploying\nArtifact downloaded: 43MB\nWaiting...\nAlready up to date.\npip install: Successfully installed react-2.9\nCreating production build...\nProcessing...\nReady.\npip: Installing build dependencies...\npip: Installing build dependencies...\nTests: 73 passed, 372 total\nLayer 4/15: RUN command\nNODE_ENV=test\nStep 14/22: Installing dependencies\nDone.\nCache saved successfully\n[12:50:58] DEBUG: Initializing service\nProcessing...\nnpm install: added 116 packages\nStep 5/22: Building\n\u2713 Task completed in 4441ms\nWARNING: eslint has known vulnerabilities\n[12:50:58] DEBUG: Initializing service\nGET /health - 200 (85ms)\nStep 19/16: Testing\n\u2713 All checks passed\nLayer 4/11: RUN command\nTLS handshake completed\n[12:50:58] DEBUG: Memory usage: 623MB\nSwitched to branch 'hotfix/task-523'\nCache invalidated: build\npip: Downloading eslint-2.5.tar.gz\npip: Collecting jest\nStep 14/16: Testing\n[12:50:58] DEBUG: Query executed in 52ms\nTransforming 964 files...\nCompleted.\nUploading artifact 'coverage' (28 files)\nPlatform: darwin-arm64\nWaiting...\nRan 68 tests in 15s\nCache hit for key-9119\nUploading artifact 'coverage' (11 files)\n\u2713 Task completed in 2256ms\n  PASS: unit/test_auth_login.spec.js\n[12:50:58] ERROR: Connection failed\n[12:50:58] WARN: Deprecated API usage\n[12:50:58] ERROR: Connection failed\nChecking out master branch\nEnvironment: test\n[12:50:58] DEBUG: Initializing service\nSwitched to branch 'bugfix/task-811'\npip: Downloading eslint-3.3.tar.gz\nProcessing...\nGET /api - 200 (93ms)\nImage pulled successfully\npip install: Successfully installed axios-2.12\nPulling image: node:3.11\n[12:50:58] INFO: Connecting to database\nAlready up to date.\nReady.\nGET /api - 200 (50ms)\nCompiling components/handler.rs...\n[12:50:58] DEBUG: Query executed in 25ms\n  PASS: test_user_create (176ms)\nArtifact uploaded: build.tar.gz (3MB)\nCompiling utils/main.py...\nCompiling lib/handler.rs...\n[12:50:58] DEBUG: Initializing service\nStep 2/20: Linting\nFetching submodules...\n[12:50:58] DEBUG: Connection pool: 5 active\nUploading artifact 'dist' (47 files)\nEnvironment: development\nWaiting...\n[12:50:58] ERROR: Connection failed\nOptimizing 10 modules...\nCache invalidated: build\nTime: 115.318s\nStep 18/19: Running migrations\nLayer 9/10: RUN command\nFetching from https://github.com/package.json\nImage pulled successfully\nnpm notice: created a lockfile\n[12:50:58] DEBUG: Connection pool: 16 active\n\u2713 All checks passed\nWARNING: lodash has known vulnerabilities\nnpm install: resolved 743 packages\nLayer 5/13: COPY command\n[12:50:58] INFO: Processing request\nPulling image: python:latest\nFinished.\nCompleted.\nCompiling utils/main.py...\n[12:50:58] INFO: Connecting to database\nInstalling prettier@1.11.5\nFetching submodules...\nTest Suites: 42 passed, 23 total\n  PASS: unit/test_auth_login.spec.js\nStep 6/17: Linting\nMinifying app.js\npip: Installing build dependencies...\nnpm install: added 364 packages\nTests: 61 passed, 183 total\nBuilding Docker image...\nSwitched to branch 'feature/task-392'\n[12:50:58] INFO: Starting build process\n[12:50:58] INFO: Cache refreshed\nAlready up to date.\n[12:50:58] WARN: Deprecated API usage\n[12:50:58] DEBUG: Query executed in 21ms\nPOST /upload - 200 (395ms)\nStep 7/18: Building\npip install: Successfully installed react-1.5\nChecking out main branch\nTime: 15.381s\nPlatform: darwin-arm64\n[12:50:58] ERROR: Connection failed\n\u2713 Step 'setup' succeeded\n\u2713 validate completed\nReady.\nCompiling utils/index.js...\nLayer 4/10: RUN command\n  PASS: integration/test_user_create.spec.js\n\u2713 All checks passed\nCreating production build...\n\u26a0 DEPRECATION: Feature will be removed in v5.0\n[12:50:58] INFO: Processing request\n\u2713 Step 'checkout' succeeded\nCompiling src/service.java...\nStep 5/25: Deploying\nCache saved successfully\nCache restored successfully (263MB)\nTLS handshake completed\nUsing Node.js 19.10.0\nGET /status - 204 (53ms)\nCompiling utils/index.js...\npip: Downloading lodash-3.2.tar.gz\n\u26a0 DEPRECATION: Feature will be removed in v3.0\nStep 4/22: Installing dependencies\nOptimizing 86 modules...\nReady.\nCoverage: 92% statements, 91% branches\nVerifying...\nStep 6/25: Installing dependencies\nSnapshots: 35 passed, 30 total\nFAILED: test_cache_hit\nPlatform: win32-x64\nUploading artifact 'dist' (12 files)\nCache miss for key-3371\nVerifying...\nFetching from https://githubusercontent.com/package.json\nFinished.\nBuilding Docker image...\nnpm install: resolved 839 packages\nArtifact uploaded: build.tar.gz (31MB)\n[12:50:58] DEBUG: Connection pool: 3 active\nCache saved successfully\n[12:50:58] DEBUG: Loading configuration\nGenerating source maps...\nStep 2/23: Testing\nOptimizing 83 modules...\n\u26a0 DEPRECATION: Feature will be removed in v2.0\nCompiling lib/utils.go...\n[12:50:58] DEBUG: Connection pool: 7 active\nCompiling src/utils.go...\nGET /health - 204 (43ms)\nWARNING: lodash has known vulnerabilities\n  PASS: test_auth_login (181ms)\n  PASS: e2e/test_api_health.spec.js\nInstalling jest@5.12.2\nCompiling utils/service.java...\nArtifact uploaded: dist.zip (82MB)\nCompleted.\nGET /status - 204 (48ms)\nStep 20/25: Deploying\nConnection established\nCompiling lib/service.java...\nnpm notice: package.json updated\nCompiling utils/service.java...\nVerifying...\nFinished.\nCompiling components/app.ts...\nCompleted.\nCompiling lib/service.java...\nMinifying vendor.js\nGenerating source maps...\n=== Step build completed ===\n=== Step: lint ===\nOptimizing 91 modules...\nFetching from https://amazonaws.com/package.json\nCoverage: 100% statements, 95% branches\n[12:50:58] WARN: Deprecated API usage\nWARNING: axios has known vulnerabilities\nCache hit for key-9416\nWaiting...\nSuccess!\n\u26a0 DEPRECATION: Feature will be removed in v3.0\nTests: 461 passed, 239 total\nnpm install: resolved 862 packages\nGenerating source maps...\nProcessing...\nLayer 4/9: COPY command\n  PASS: e2e/test_db_connect.spec.js\nCache miss for key-5010\nSnapshots: 7 passed, 17 total\nDone.\n[12:50:58] DEBUG: Connection pool: 11 active\nOptimizing 40 modules...\nImage pulled successfully\nFetching submodules...\n[12:50:58] INFO: Cache refreshed\nSwitched to branch 'feature/task-679'\nPOST /upload - 200 (126ms)\n[12:50:58] INFO: Processing request\nOptimizing 55 modules...\nCache invalidated: build\n\u2713 deploy completed\nVerifying...\nVerifying...\n\u2713 All checks passed\nTest Suites: 19 passed, 49 total\nTest Suites: 15 passed, 27 total\nLoading...\nEnvironment: development\n\u26a0 DEPRECATION: Feature will be removed in v3.0\n[12:50:58] DEBUG: Query executed in 34ms\nCache miss for key-3130\n\u26a0 DEPRECATION: Feature will be removed in v5.0\npip: Downloading axios-2.15.tar.gz\n[12:50:58] DEBUG: Memory usage: 1104MB\n[12:50:58] INFO: Request completed\nSnapshots: 23 passed, 46 total\npip: Installing build dependencies...\n[12:50:58] INFO: Request completed\n  PASS: test_user_create (242ms)\nBuilding Docker image...\nNODE_ENV=production\n[12:50:58] WARN: Deprecated API usage\nyarn add: Done in 15.71s\nVerifying...\nnpm notice: package.json updated\nCache invalidated: node_modules\npip: Collecting jest\n[12:50:58] ERROR: Connection failed\nPOST /upload - 200 (437ms)\n  PASS: test_cache_hit (177ms)\nPulling image: python:18\n\u2713 All checks passed\nMinifying main.js\nChecking out develop branch\nTLS handshake completed\n\u2713 validate completed\nGenerating source maps...\n\u2713 lint completed\nCache hit for key-8822\nStep 15/19: Running migrations\nSuccess!\npip: Collecting webpack\n\u2713 Step 'checkout' succeeded\nFinished.\n\u26a0 DEPRECATION: Feature will be removed in v3.0\nCache miss for key-1323\nPushing to registry...\nCache invalidated: node_modules\nDone.\nTime: 4.637s\n[12:50:58] INFO: Request completed\n\u2713 validate completed\n\u26a0 DEPRECATION: Feature will be removed in v2.0\nArtifact uploaded: dist.zip (2MB)\n\u26a0 DEPRECATION: Feature will be removed in v4.0\nUploading artifact 'build' (5 files)\nStep 14/24: Deploying\n[12:50:58] DEBUG: Query executed in 93ms\nCompiling components/service.java...\npip: Installing build dependencies...\nTLS handshake completed\nStep 9/16: Linting\n\u26a0 DEPRECATION: Feature will be removed in v4.0\nnpm notice: package.json updated\nFetching submodules...\nStep 20/20: Running migrations\nStep 11/16: Running migrations\nException: ValueError\nUsing Python 3.11\nTLS handshake completed\nProcessing...\nCompiling lib/index.js...\nHEAD is now at bd20ff1\nCache restored successfully (214MB)\n  PASS: integration/test_db_connect.spec.js\nCompiling components/service.java...\nTime: 31.166s\nCache miss for key-2634\n\u26a0 DEPRECATION: Feature will be removed in v3.0\n\u2713 All checks passed\nUsing Node.js 20.17.5\nArtifact downloaded: 10MB\nCache saved successfully\nSuccess!\nnpm notice: created a lockfile\n\u2713 All checks passed\nArtifact uploaded: dist.zip (13MB)\nArtifact uploaded: build.tar.gz (44MB)\n[12:50:58] WARN: Deprecated API usage\nHEAD is now at c927048\nStep 6/20: Building\n\u2713 All checks passed\nCompiling utils/handler.rs...\n\u2713 All checks passed\n[12:50:58] INFO: Request completed\nReady.\n[12:50:58] INFO: Connecting to database\n\u2713 All checks passed\n[12:50:58] DEBUG: Memory usage: 1127MB\n\u26a0 DEPRECATION: Feature will be removed in v5.0\n[12:50:58] INFO: Request completed\n[12:50:58] DEBUG: Connection pool: 6 active\nnpm install: resolved 964 packages\nTransforming 961 files...\n\u2717 build failed with exit code 47\nFinished.\n[12:50:58] DEBUG: Initializing service\nArtifact uploaded: build.tar.gz (7MB)\nStep 18/24: Running migrations\nStep 8/22: Testing\nArtifact uploaded: dist.zip (33MB)\nCache restored successfully (246MB)\nFinished.\nUploading artifact 'coverage' (31 files)\nEnvironment: development\nVerifying...\n[12:50:58] DEBUG: Connection pool: 14 active\nLoading...\nnpm notice: package.json updated\nRan 164 tests in 25s\n[12:50:58] WARN: Deprecated API usage\nTime: 118.458s\nWaiting...\n\u2713 test completed\nyarn add: Done in 30.4s\nPushing to registry...\nConnection established\nTime: 94.191s\nCompiling src/handler.rs...\nAlready up to date.\n[12:50:58] DEBUG: Connection pool: 17 active\nWaiting...\nStep 7/20: Running migrations\nSnapshots: 22 passed, 43 total\n[12:50:58] DEBUG: Initializing service\nSuccess!\nHEAD is now at ec70225\nFetching from https://amazonaws.com/package.json\nUsing Node.js 18.10.3\nGenerating source maps...\nStep 19/20: Installing dependencies\nUsing Python 3.11\n\u2713 Task completed in 1668ms\npip install: Successfully installed express-2.13\n[12:50:58] INFO: Request completed\n[12:50:58] INFO: Processing request\npip install: Successfully installed jest-4.0\nImage pulled successfully\nCreating production build...\nCache hit for key-3417\nUploading artifact 'coverage' (42 files)\n[12:50:58] INFO: Starting build process\n\u26a0 DEPRECATION: Feature will be removed in v3.0\nCache hit for key-2816\n\u2713 All checks passed\n\u2713 validate completed\n[12:50:58] ERROR: Connection failed\nAlready up to date.\nCache invalidated: node_modules\n[12:50:58] INFO: Cache refreshed\nStep 4/23: Installing dependencies\n[12:50:58] DEBUG: Initializing service\n\u2713 Task completed in 1934ms\nCompiling utils/utils.go...\nRan 113 tests in 39s\n\u2713 All checks passed\nnpm install: added 307 packages\nFetching from https://gcr.io/package.json\npip: Collecting prettier\nVerifying...\nLayer 1/8: RUN command\n[12:50:58] DEBUG: Connection pool: 14 active\nTransforming 694 files...\nTests: 252 passed, 449 total\nCache restored successfully (90MB)\nStep 14/24: Installing dependencies\nArtifact downloaded: 18MB\nLayer 10/11: COPY command\nLoading...\nVerifying...\nStep 17/20: Deploying\nCreating production build...\nEnvironment: test\nTest Suites: 29 passed, 13 total\nNODE_ENV=production\nCache invalidated: node_modules\nCreating production build...\n[12:50:58] DEBUG: Query executed in 97ms\nCompiling utils/main.py...\npip: Downloading prettier-5.13.tar.gz\n\u2713 Step 'install' succeeded\nBundling main.js\n[12:50:58] WARN: Deprecated API usage\n[12:50:58] INFO: Cache refreshed\nBundling runtime.css\nProcessing...\nFinished.\nHEAD is now at d78f6a7\nFAILED: test_api_health\nArtifact uploaded: dist.zip (60MB)\n\u2713 All checks passed\nPOST /api - 200 (467ms)\n[12:50:58] INFO: Cache refreshed\nArtifact uploaded: build.tar.gz (7MB)\nBundling vendor.js\nCache restored successfully (497MB)\nSwitched to branch 'hotfix/task-916'\nCache hit for key-2155\nNODE_ENV=development\n\u2713 package completed\nCoverage: 89% statements, 61% branches\nMinifying app.js\nStep 20/19: Deploying\n\u2713 Task completed in 3251ms\n[12:50:58] INFO: Processing request\nnpm notice: package.json updated\n  PASS: e2e/test_user_create.spec.js\nFetching from https://docker.io/package.json\nCache hit for key-4320\n[12:50:58] INFO: Connecting to database\n[12:50:58] WARN: Deprecated API usage\nGET /api - 200 (44ms)\n\u2713 Step 'test' succeeded\n[12:50:58] ERROR: Connection failed\nDone.\nInstalling express@2.15.0\nArtifact downloaded: 5MB\nStep 2/17: Linting\nStep 11/18: Testing\nPulling image: node:18\n[12:50:58] WARN: Deprecated API usage\nCreating production build...\nStep 6/18: Building\n[12:50:58] WARN: Deprecated API usage\nLayer 1/11: ENV command\n\u26a0 DEPRECATION: Feature will be removed in v4.0\nStep 12/21: Installing dependencies\nVerifying...\nGET /health - 201 (10ms)\nFinished.\nTLS handshake completed\npip: Installing build dependencies...\n\u2713 lint completed\nStep 18/18: Linting\nStep 4/25: Deploying\n[12:50:58] WARN: Deprecated API usage\nMinifying vendor.js\nLoading...\nProcessing...\n  PASS: test_db_connect (158ms)\nFinished.\nLayer 10/8: ENV command\nRan 42 tests in 6s\nReady.\nTLS handshake completed\nCache restored successfully (334MB)\n[12:50:58] INFO: Cache refreshed\npip: Collecting lodash\nGenerating source maps...\nCache hit for key-7713\nStep 7/19: Installing dependencies\n\u2717 build failed with exit code 115\nCompiling src/service.java...\nAlready up to date.\nChecking out master branch\nCache restored successfully (385MB)\nStep 19/16: Linting\nArtifact uploaded: dist.zip (46MB)\nSnapshots: 23 passed, 10 total\n  PASS: e2e/test_db_connect.spec.js\n=== Step lint completed ===\n=== Step: unit_tests ===\nOK\nConnection established\npip: Downloading lodash-4.20.tar.gz\nBundling main.js\nnpm notice: created a lockfile\nBundling main.js\n[12:50:58] DEBUG: Query executed in 81ms\nStep 15/23: Installing dependencies\nCache miss for key-2396\nFetching submodules...\nCache hit for key-5057\nOK\n[12:50:58] INFO: Starting build process\nFinished.\n[12:50:58] DEBUG: Connection pool: 5 active\nFetching submodules...\nOptimizing 45 modules...\nTest Suites: 31 passed, 46 total\npip: Downloading eslint-1.1.tar.gz\n\u2717 build failed with exit code 41\nGET /status - 200 (65ms)\nOptimizing 17 modules...\nTest Suites: 16 passed, 15 total\n[12:50:58] INFO: Processing request\n[12:50:58] INFO: Processing request\nException: RuntimeError\nNODE_ENV=development\nPushing to registry...\n[12:50:58] DEBUG: Memory usage: 1893MB\nStep 12/20: Running migrations\nStep 18/23: Building\nCache hit for key-4930\n[12:50:58] ERROR: Connection failed\nAlready up to date.\n\u2713 Step 'install' succeeded\nnpm install: resolved 188 packages\nGenerating source maps...\nWaiting...\nEnvironment: test\nArtifact downloaded: 18MB\nBundling vendor.css\nCompiling utils/service.java...\npip: Installing build dependencies...\nConnection established\nTest Suites: 16 passed, 26 total\nStep 8/24: Linting\nGenerating source maps...\nStep 13/19: Running migrations\nChecking out master branch\nMinifying app.js\nDone.\nWARNING: eslint has known vulnerabilities\nGenerating source maps...\nyarn add: Done in 12.82s\nCoverage: 74% statements, 91% branches\nStep 14/19: Deploying\nGenerating source maps...\nAlready up to date.\nCache hit for key-4578\nWARNING: prettier has known vulnerabilities\nUsing Node.js 19.8.6\nRan 108 tests in 40s\n\u26a0 DEPRECATION: Feature will be removed in v5.0\nTLS handshake completed\nTime: 56.147s\n[12:50:58] DEBUG: Connection pool: 16 active\nPulling image: node:latest\nCache hit for key-4353\nArtifact uploaded: dist.zip (74MB)\nLayer 1/13: RUN command\nGenerating source maps...\nTests: 272 passed, 240 total\n\u2713 lint completed\n\u2717 build failed with exit code 43\n\u2717 build failed with exit code 119\nnpm install: resolved 1807 packages\npip install: Successfully installed express-4.8\n[12:50:58] INFO: Cache refreshed\nnpm install: resolved 568 packages\nnpm install: added 457 packages\nWARNING: jest has known vulnerabilities\nBuilding Docker image...\nCreating production build...\n[12:50:58] WARN: Deprecated API usage\nHEAD is now at 25184c1\nDone.\nStep 15/22: Installing dependencies\nLayer 3/10: COPY command\nnpm install: added 124 packages\nCache miss for key-4034\nDone.\npip: Downloading prettier-3.6.tar.gz\npip: Installing build dependencies...\nStep 7/19: Testing\nImage pulled successfully\nGET /health - 201 (52ms)\nProcessing...\nCache hit for key-6114\nOptimizing 62 modules...\nSuccess!\nStep 8/18: Running migrations\n\u2713 deploy completed\n\u2713 Step 'build' succeeded\nTLS handshake completed\n[12:50:58] INFO: Starting build process\n\u2713 All checks passed\n[12:50:58] DEBUG: Connection pool: 5 active\nFetching from https://githubusercontent.com/package.json\nConnection established\nCache miss for key-1232\nCompiling lib/utils.go...\nWARNING: axios has known vulnerabilities\nyarn add: Done in 8.71s\n\u26a0 DEPRECATION: Feature will be removed in v4.0\n[12:50:58] DEBUG: Memory usage: 269MB\nVerifying...\nnpm install: added 140 packages\nBuilding Docker image...\nnpm notice: package.json updated\nWaiting...\nDone.\nOK\nCache saved successfully\nStep 2/23: Deploying\nCache saved successfully\npip install: Successfully installed jest-4.20\nGET /api - 200 (99ms)\nCache saved successfully\nOptimizing 55 modules...\nOptimizing 91 modules...\n\u2713 All checks passed\nHEAD is now at 66e3d56\nBundling main.css\n[12:50:58] DEBUG: Loading configuration\nStep 7/18: Deploying\nOK\nArtifact downloaded: 25MB\n[12:50:58] INFO: Request completed\nWARNING: axios has known vulnerabilities\n[12:50:58] DEBUG: Connection pool: 3 active\nTest Suites: 38 passed, 8 total\nChecking out develop branch\nCoverage: 76% statements, 85% branches\nCompiling src/index.js...\nnpm notice: package.json updated\nArtifact uploaded: build.tar.gz (18MB)\nRan 56 tests in 23s\nnpm notice: created a lockfile\nCache miss for key-1768\nyarn add: Done in 30.7s\nPulling image: alpine:18\nCompiling utils/handler.rs...\nTests: 406 passed, 134 total\npip: Installing build dependencies...\nPulling image: node:latest\nPOST /data - 202 (429ms)\nProcessing...\nEnvironment: production\n[12:50:58] DEBUG: Initializing service\nArtifact uploaded: dist.zip (26MB)\nTransforming 698 files...\nCache miss for key-4427\nAlready up to date.\nTime: 38.387s\nnpm install: resolved 1564 packages\nPlatform: win32-x64\npip install: Successfully installed lodash-3.13\nProcessing...\nPulling image: node:3.11\nArtifact downloaded: 37MB\nOK\nCoverage: 71% statements, 98% branches\nPOST /api - 201 (331ms)\nStep 9/15: Testing\nVerifying...\nOK\nUsing Node.js 19.16.1\nUploading artifact 'dist' (40 files)\nStep 6/15: Running migrations\nStep 7/15: Building\nGET /api - 201 (15ms)\nyarn add: Done in 4.84s\nFAILED: test_db_connect\nTest Suites: 50 passed, 40 total\nTest Suites: 32 passed, 34 total\nSwitched to branch 'hotfix/task-813'\nPOST /api - 202 (197ms)\nArtifact uploaded: dist.zip (66MB)\nCompiling lib/index.js...\n[12:50:58] WARN: Deprecated API usage\nWARNING: react has known vulnerabilities\nArtifact uploaded: dist.zip (59MB)\n\u2713 All checks passed\npip install: Successfully installed axios-4.12\n[12:50:58] DEBUG: Connection pool: 16 active\npip: Collecting express\n[12:50:58] INFO: Connecting to database\nSnapshots: 42 passed, 43 total\nUsing Python 3.12\npip: Downloading prettier-2.7.tar.gz\nSuccess!\nnpm notice: package.json updated\nChecking out develop branch\nNODE_ENV=production\nStep 10/15: Linting\nEnvironment: staging\nHEAD is now at 307c78d\nArtifact downloaded: 25MB\npip: Downloading lodash-3.5.tar.gz\nCompiling components/service.java...\n  PASS: test_api_health (213ms)\nSnapshots: 32 passed, 40 total\nBundling main.css\n[12:50:58] DEBUG: Initializing service\nArtifact downloaded: 27MB\nCompiling src/app.ts...\nLoading...\nSuccess!\n[12:50:58] DEBUG: Memory usage: 1699MB\nProcessing...\npip: Downloading express-4.10.tar.gz\n[12:50:58] INFO: Starting build process\nArtifact uploaded: dist.zip (32MB)\nStep 15/17: Building\nSnapshots: 30 passed, 46 total\nVerifying...\n[12:50:58] ERROR: Connection failed\nInstalling prettier@2.14.9\nPlatform: win32-x64\nCache saved successfully\nWaiting...\nCache restored successfully (17MB)\nInstalling react@4.2.1\nTime: 37.896s\nFetching from https://github.com/package.json\n\u2713 Task completed in 2759ms\nPulling image: node:18\n  PASS: unit/test_cache_hit.spec.js\nnpm notice: created a lockfile\nVerifying...\n[12:50:58] DEBUG: Initializing service\nOK\nCompiling utils/main.py...\nCache hit for key-8884\nEnvironment: development\n[12:50:58] WARN: Deprecated API usage\n[12:50:58] DEBUG: Memory usage: 878MB\nCache miss for key-8250\nCompleted.\n[12:50:58] DEBUG: Loading configuration\n[12:50:58] INFO: Starting build process\nBuilding Docker image...\n[12:50:58] INFO: Starting build process\nCache hit for key-3182\n[12:50:58] INFO: Connecting to database\nBuilding Docker image...\n[12:50:58] DEBUG: Connection pool: 6 active\n\u26a0 DEPRECATION: Feature will be removed in v5.0\nCompiling src/app.ts...\npip: Collecting react\nCache hit for key-6409\nSnapshots: 10 passed, 17 total\nUploading artifact 'dist' (35 files)\n\u26a0 DEPRECATION: Feature will be removed in v5.0\nStep 13/17: Testing\nnpm notice: package.json updated\nConnection established\nStep 20/22: Installing dependencies\nHEAD is now at 0b2cd1e\npip install: Successfully installed eslint-2.14\nPulling image: python:3.11\nRan 62 tests in 32s\n[12:50:58] INFO: Starting build process\nFetching from https://pypi.org/package.json\n[12:50:58] WARN: Deprecated API usage\nArtifact uploaded: dist.zip (32MB)\n  PASS: unit/test_db_connect.spec.js\n[12:50:58] INFO: Processing request\nCache restored successfully (382MB)\nEnvironment: development\nProcessing...\npip: Installing build dependencies...\n  PASS: test_db_connect (498ms)\nGenerating source maps...\n[12:50:58] DEBUG: Memory usage: 1568MB\n\u2713 Task completed in 3657ms\n[12:50:58] DEBUG: Loading configuration\nStep 6/21: Testing\nStep 12/20: Testing\nInstalling react@2.6.4\nCompiling lib/app.ts...\nCompiling components/index.js...\n[12:50:58] INFO: Processing request\n[12:50:58] INFO: Connecting to database\nHEAD is now at 32d48f9\nStep 8/15: Running migrations\nCompiling lib/utils.go...\npip install: Successfully installed webpack-2.19\n=== Step unit_tests completed ===\n=== Step: restore_cache ===\nCompleted.\nCompiling components/index.js...\nnpm install: resolved 1563 packages\n  PASS: e2e/test_cache_hit.spec.js\nWaiting...\nSuccess!\nGenerating source maps...\n[12:50:58] DEBUG: Query executed in 25ms\nTLS handshake completed\nCache miss for key-6690\nPlatform: linux-x64\nBundling styles.js\nCompleted.\nArtifact downloaded: 35MB\nCache invalidated: node_modules\nStep 10/21: Running migrations\nnpm notice: package.json updated\nSwitched to branch 'bugfix/task-152'\nSwitched to branch 'hotfix/task-895'\nChecking out master branch\nOptimizing 74 modules...\nDone.\nArtifact uploaded: build.tar.gz (14MB)\npip install: Successfully installed webpack-1.10\n[12:50:58] ERROR: Connection failed\n[12:50:58] DEBUG: Memory usage: 1259MB\nCompiling lib/index.js...\n[12:50:58] INFO: Starting build process\n\u2713 All checks passed\nUsing Node.js 16.2.8\nBuilding Docker image...\nCompiling lib/service.java...\nArtifact uploaded: build.tar.gz (15MB)\n[12:50:58] DEBUG: Initializing service\nRan 151 tests in 15s\nEnvironment: production\nInstalling jest@4.6.2\nSuccess!\nnpm notice: created a lockfile\n\u26a0 DEPRECATION: Feature will be removed in v2.0\nWARNING: jest has known vulnerabilities\nCache invalidated: dependencies\nConnection established\nHEAD is now at c1e24bf\n[12:50:58] INFO: Starting build process\nTests: 471 passed, 83 total\nTransforming 438 files...\nArtifact uploaded: dist.zip (4MB)\nWaiting...\npip: Installing build dependencies...\nnpm notice: created a lockfile\nPulling image: alpine:latest\nTransforming 404 files...\nStep 13/20: Building\n\u2713 package completed\n[12:50:58] DEBUG: Query executed in 82ms\n[12:50:58] INFO: Request completed\nCache invalidated: dependencies\n[12:50:58] WARN: Deprecated API usage\nOK\nWARNING: prettier has known vulnerabilities\nUsing Python 3.11\nArtifact uploaded: build.tar.gz (48MB)\n[12:50:58] DEBUG: Loading configuration\nnpm install: added 111 packages\nPlatform: win32-x64\nCoverage: 90% statements, 100% branches\nHEAD is now at c93375e\nArtifact uploaded: build.tar.gz (8MB)\nWARNING: axios has known vulnerabilities\n\u26a0 DEPRECATION: Feature will be removed in v2.0\nyarn add: Done in 14.93s\n[12:50:58] WARN: Deprecated API usage\nGET /status - 201 (41ms)\nPOST /upload - 202 (378ms)\n  PASS: integration/test_user_create.spec.js\nRan 18 tests in 24s\nArtifact uploaded: dist.zip (87MB)\nArtifact uploaded: build.tar.gz (6MB)\nRan 42 tests in 19s\nCompiling src/app.ts...\nCompiling components/handler.rs...\nTest Suites: 25 passed, 43 total\nLayer 8/11: COPY command\n  PASS: unit/test_api_health.spec.js\nUsing Python 3.12\nUsing Node.js 20.5.7\nConnection established\nStep 14/18: Deploying\nConnection established\nStep 20/25: Building\nChecking out develop branch\nRan 98 tests in 41s\nnpm notice: package.json updated\n[12:50:58] WARN: Deprecated API usage\n\u26a0 DEPRECATION: Feature will be removed in v5.0\n\u2713 Step 'test' succeeded\nCompiling components/handler.rs...\nStep 11/23: Running migrations\nArtifact uploaded: dist.zip (25MB)\nFetching submodules...\nUsing Node.js 15.13.6\nLayer 3/14: RUN command\nGenerating source maps...\nGET /api - 204 (55ms)\n\u26a0 DEPRECATION: Feature will be removed in v3.0\nSuccess!\nOK\nStep 13/22: Installing dependencies\npip install: Successfully installed eslint-1.6\nPOST /upload - 200 (112ms)\nPOST /upload - 201 (398ms)\nnpm notice: created a lockfile\n[12:50:58] WARN: Deprecated API usage\nUploading artifact 'coverage' (45 files)\n[12:50:58] INFO: Starting build process\nnpm notice: package.json updated\nCache miss for key-8134\nStep 8/15: Linting\nTest Suites: 28 passed, 36 total\nConnection established\n  PASS: e2e/test_cache_hit.spec.js\nUploading artifact 'dist' (15 files)\n\u26a0 DEPRECATION: Feature will be removed in v2.0\nPushing to registry...\nCompiling components/utils.go...\npip: Installing build dependencies...\nEnvironment: staging\n  PASS: e2e/test_auth_login.spec.js\nStep 3/15: Building\npip: Downloading lodash-2.16.tar.gz\nEnvironment: staging\n[12:50:58] DEBUG: Loading configuration\nnpm notice: package.json updated\nBundling main.js\nCompiling src/app.ts...\nGET /status - 201 (87ms)\nImage pulled successfully\n[12:50:58] INFO: Processing request\nTransforming 906 files...\nAlready up to date.\nWaiting...\nStep 6/20: Testing\nnpm install: resolved 951 packages\nUsing Node.js 15.14.7\n  PASS: e2e/test_auth_login.spec.js\nOK\n[12:50:58] DEBUG: Query executed in 57ms\nyarn add: Done in 4.55s\n[12:50:58] WARN: Deprecated API usage\n[12:50:58] WARN: Deprecated API usage\nCache restored successfully (355MB)\nRan 86 tests in 42s\nnpm install: added 39 packages\n  PASS: test_api_health (491ms)\nRan 62 tests in 54s\nCompiling components/service.java...\nConnection established\nTests: 371 passed, 433 total\n\u2717 build failed with exit code 51\nCreating production build...\nCompleted.\npip: Installing build dependencies...\nyarn add: Done in 13.51s\nRan 71 tests in 10s\nTests: 279 passed, 467 total\nCache hit for key-2874\n[12:50:58] DEBUG: Connection pool: 11 active\n[12:50:58] INFO: Cache refreshed\n[12:50:58] INFO: Processing request\nStep 19/16: Testing\nnpm install: resolved 1516 packages\npip: Collecting react\nFetching from https://npmjs.org/package.json\nImage pulled successfully\nOptimizing 22 modules...\n\u2717 build failed with exit code 2\nCompiling src/utils.go...\nCache hit for key-9736\n[12:50:58] DEBUG: Query executed in 38ms\nCache hit for key-8416\nArtifact uploaded: dist.zip (55MB)\n[12:50:58] DEBUG: Loading configuration\n[12:50:58] INFO: Processing request\nBuilding Docker image...\nCompiling lib/main.py...\nFAILED: test_cache_hit\nCreating production build...\nStep 18/20: Deploying\n[12:50:58] WARN: Deprecated API usage\nStep 13/20: Testing\nnpm notice: created a lockfile\nStep 19/17: Deploying\nBundling runtime.js\npip: Downloading eslint-3.20.tar.gz\nCache miss for key-8530\n[12:50:58] DEBUG: Memory usage: 542MB\nPlatform: linux-x64\npip install: Successfully installed axios-2.7\nCache invalidated: build\nCompiling components/main.py...\nGET /api - 204 (97ms)\nImage pulled successfully\nCoverage: 89% statements, 87% branches\nCache invalidated: node_modules\nCreating production build...\nFinished.\nImage pulled successfully\nPulling image: node:18\n[12:50:58] INFO: Starting build process\n[12:50:58] WARN: Deprecated API usage\nCache invalidated: node_modules\n[12:50:58] INFO: Connecting to database\nRan 177 tests in 35s\nUsing Node.js 18.9.8\nCache saved successfully\n[12:50:58] DEBUG: Loading configuration\nOptimizing 64 modules...\nnpm install: added 371 packages\nFinished.\n\u2717 build failed with exit code 122\nnpm notice: created a lockfile\nUploading artifact 'build' (34 files)\nyarn add: Done in 19.30s\nCreating production build...\nPushing to registry...\nReady.\n  PASS: test_db_connect (294ms)\n[12:50:58] WARN: Deprecated API usage\nStep 16/21: Linting\n[12:50:58] INFO: Starting build process\nRan 55 tests in 17s\nSnapshots: 15 passed, 5 total\n  PASS: e2e/test_db_connect.spec.js\nSuccess!\npip: Collecting lodash\nStep 17/24: Linting\nStep 8/24: Running migrations\nPushing to registry...\n  PASS: test_auth_login (156ms)\nCache invalidated: build\n[12:50:58] DEBUG: Initializing service\nChecking out master branch\nChecking out master branch\nChecking out master branch\nFinished.\nWaiting...\n[12:50:58] INFO: Cache refreshed\nImage pulled successfully\nArtifact uploaded: dist.zip (75MB)\nLayer 4/9: RUN command\nCache miss for key-5152\nCompiling components/utils.go...\n[12:50:58] DEBUG: Loading configuration\n[12:50:58] WARN: Deprecated API usage\nnpm install: resolved 1233 packages\nBundling vendor.js\nFinished.\nUsing Node.js 18.14.4\n[12:50:58] DEBUG: Query executed in 70ms\n[12:50:58] INFO: Processing request\nCompiling src/handler.rs...\nArtifact downloaded: 36MB\nOptimizing 91 modules...\n[12:50:58] INFO: Cache refreshed\nUsing Python 3.9\nPOST /api - 202 (73ms)\nStep 2/17: Building\n  PASS: test_api_health (138ms)\n\u26a0 DEPRECATION: Feature will be removed in v4.0\n\u2713 Task completed in 4984ms\nChecking out develop branch\nCache invalidated: node_modules\n[12:50:58] INFO: Cache refreshed\nPlatform: darwin-arm64\nMinifying app.js\nCache invalidated: node_modules\nHEAD is now at 617589b\nOptimizing 10 modules...\n[12:50:58] INFO: Processing request\nCompiling utils/handler.rs...\nnpm install: resolved 541 packages\n[12:50:58] DEBUG: Query executed in 49ms\n\u2713 Task completed in 1927ms\n[12:50:58] DEBUG: Memory usage: 335MB\nDone.\n\u2713 All checks passed\nCache miss for key-5899\nCache saved successfully\nOK\nGenerating source maps...\nSuccess!\nStep 9/23: Installing dependencies\nTest Suites: 37 passed, 45 total\nCompiling lib/app.ts...\nTransforming 674 files...\nUsing Python 3.9\nFetching submodules...\n=== Step restore_cache completed ===",
    "steps": [
      {
        "name": "setup_environment",
        "status": "success",
        "started_at": "2025-12-09T12:50:58.782116",
        "finished_at": "2025-12-09T12:51:09.435357",
        "log_lines": [
          "=== Step: setup_environment ===",
          "Loading...",
          "Artifact uploaded: build.tar.gz (49MB)",
          "[12:50:58] INFO: Starting build process",
          "Using Python 3.11",
          "pip: Collecting lodash",
          "Platform: darwin-arm64",
          "GET /health - 200 (20ms)",
          "Uploading artifact 'coverage' (21 files)",
          "yarn add: Done in 2.63s",
          "pip install: Successfully installed jest-5.17",
          "Step 9/25: Testing",
          "Compiling components/app.ts...",
          "Done.",
          "Ready.",
          "[12:50:58] DEBUG: Memory usage: 1412MB",
          "\u26a0 DEPRECATION: Feature will be removed in v5.0",
          "Bundling vendor.js",
          "OK",
          "Waiting...",
          "Fetching submodules...",
          "pip: Installing build dependencies...",
          "Generating source maps...",
          "[12:50:58] DEBUG: Connection pool: 4 active",
          "Artifact uploaded: build.tar.gz (48MB)",
          "pip: Downloading express-1.2.tar.gz",
          "Artifact downloaded: 28MB",
          "POST /api - 201 (159ms)",
          "Connection established",
          "Step 12/16: Running migrations",
          "Tests: 164 passed, 463 total",
          "Compiling utils/app.ts...",
          "Loading...",
          "Optimizing 15 modules...",
          "Using Python 3.11",
          "POST /data - 201 (330ms)",
          "[12:50:58] INFO: Request completed",
          "\u2713 Task completed in 4279ms",
          "Using Python 3.11",
          "npm install: added 427 packages",
          "Compiling lib/index.js...",
          "Completed.",
          "Pulling image: python:latest",
          "Test Suites: 29 passed, 11 total",
          "[12:50:58] INFO: Connecting to database",
          "Loading...",
          "\u2713 Step 'install' succeeded",
          "[12:50:58] DEBUG: Connection pool: 5 active",
          "Fetching submodules...",
          "Cache restored successfully (53MB)",
          "Cache restored successfully (99MB)",
          "Time: 15.120s",
          "pip: Downloading eslint-5.18.tar.gz",
          "Fetching from https://github.com/package.json",
          "Bundling main.js",
          "\u2713 All checks passed",
          "GET /health - 204 (100ms)",
          "Step 18/25: Running migrations",
          "Loading...",
          "npm notice: created a lockfile",
          "NODE_ENV=test",
          "[12:50:58] INFO: Processing request",
          "pip install: Successfully installed express-3.1",
          "\u2713 build completed",
          "\u26a0 DEPRECATION: Feature will be removed in v2.0",
          "Layer 8/9: COPY command",
          "Loading...",
          "[12:50:58] DEBUG: Connection pool: 5 active",
          "Checking out main branch",
          "Environment: development",
          "pip: Downloading jest-1.6.tar.gz",
          "Artifact downloaded: 22MB",
          "\u2713 validate completed",
          "Compiling src/app.ts...",
          "Step 4/21: Linting",
          "Ran 170 tests in 60s",
          "Waiting...",
          "Bundling main.css",
          "pip: Installing build dependencies...",
          "[12:50:58] WARN: Deprecated API usage",
          "[12:50:58] DEBUG: Connection pool: 6 active",
          "Generating source maps...",
          "Layer 9/15: ENV command",
          "\u2713 deploy completed",
          "Step 11/18: Building",
          "Bundling vendor.js",
          "Transforming 563 files...",
          "Using Node.js 14.14.4",
          "npm notice: package.json updated",
          "Step 7/18: Testing",
          "Pushing to registry...",
          "WARNING: webpack has known vulnerabilities",
          "Using Python 3.12",
          "\u2717 build failed with exit code 93",
          "\u2713 All checks passed",
          "Step 17/21: Testing",
          "[12:50:58] INFO: Processing request",
          "pip install: Successfully installed jest-3.0",
          "Minifying app.js",
          "Environment: production",
          "Compiling src/handler.rs...",
          "Cache saved successfully",
          "Finished.",
          "Fetching from https://pypi.org/package.json",
          "[12:50:58] DEBUG: Loading configuration",
          "GET /api - 201 (8ms)",
          "Step 18/20: Linting",
          "Artifact uploaded: dist.zip (67MB)",
          "Cache restored successfully (396MB)",
          "Uploading artifact 'build' (1 files)",
          "Using Python 3.12",
          "\u2713 All checks passed",
          "Success!",
          "WARNING: express has known vulnerabilities",
          "Finished.",
          "Generating source maps...",
          "\u2713 Task completed in 271ms",
          "Using Python 3.9",
          "Processing...",
          "Building Docker image...",
          "yarn add: Done in 21.77s",
          "Cache miss for key-6799",
          "Already up to date.",
          "\u2713 Task completed in 3263ms",
          "Image pulled successfully",
          "Compiling src/index.js...",
          "Fetching from https://docker.io/package.json",
          "npm notice: created a lockfile",
          "\u26a0 DEPRECATION: Feature will be removed in v2.0",
          "Using Python 3.12",
          "pip: Installing build dependencies...",
          "Step 5/21: Installing dependencies",
          "\u26a0 DEPRECATION: Feature will be removed in v5.0",
          "GET /status - 201 (94ms)",
          "Cache hit for key-7570",
          "WARNING: webpack has known vulnerabilities",
          "npm notice: package.json updated",
          "POST /upload - 201 (87ms)",
          "Waiting...",
          "[12:50:58] DEBUG: Loading configuration",
          "Layer 9/14: ENV command",
          "\u26a0 DEPRECATION: Feature will be removed in v2.0",
          "[12:50:58] INFO: Cache refreshed",
          "Compiling src/app.ts...",
          "\u2713 deploy completed",
          "Fetching submodules...",
          "[12:50:58] DEBUG: Memory usage: 228MB",
          "Artifact uploaded: build.tar.gz (3MB)",
          "Generating source maps...",
          "npm install: added 213 packages",
          "\u26a0 DEPRECATION: Feature will be removed in v5.0",
          "\u26a0 DEPRECATION: Feature will be removed in v3.0",
          "\u2713 validate completed",
          "\u2713 Step 'checkout' succeeded",
          "Step 3/24: Testing",
          "HEAD is now at 6a238fc",
          "Loading...",
          "Coverage: 83% statements, 61% branches",
          "Installing eslint@2.19.8",
          "  PASS: e2e/test_cache_hit.spec.js",
          "Verifying...",
          "\u2713 Step 'setup' succeeded",
          "Step 6/24: Testing",
          "Cache saved successfully",
          "Building Docker image...",
          "[12:50:58] INFO: Connecting to database",
          "Step 9/19: Deploying",
          "[12:50:58] WARN: Deprecated API usage",
          "Artifact uploaded: build.tar.gz (7MB)",
          "Artifact uploaded: dist.zip (12MB)",
          "  PASS: test_user_create (226ms)",
          "pip: Collecting eslint",
          "Cache saved successfully",
          "npm install: resolved 762 packages",
          "Compiling components/handler.rs...",
          "npm install: added 302 packages",
          "pip: Downloading webpack-1.9.tar.gz",
          "NODE_ENV=development",
          "Already up to date.",
          "\u2717 build failed with exit code 101",
          "  PASS: test_db_connect (108ms)",
          "\u2713 build completed",
          "POST /data - 200 (458ms)",
          "Pushing to registry...",
          "[12:50:58] INFO: Starting build process",
          "npm install: resolved 463 packages",
          "[12:50:58] WARN: Deprecated API usage",
          "[12:50:58] WARN: Deprecated API usage",
          "pip: Downloading lodash-1.15.tar.gz",
          "\u2717 build failed with exit code 1",
          "Snapshots: 22 passed, 33 total",
          "WARNING: axios has known vulnerabilities",
          "Using Python 3.9",
          "  PASS: test_db_connect (137ms)",
          "[12:50:58] INFO: Starting build process",
          "npm install: resolved 1742 packages",
          "FAILED: test_api_health",
          "Snapshots: 1 passed, 35 total",
          "GET /api - 200 (71ms)",
          "Pushing to registry...",
          "Success!",
          "yarn add: Done in 24.30s",
          "Minifying main.js",
          "[12:50:58] DEBUG: Initializing service",
          "pip: Installing build dependencies...",
          "pip install: Successfully installed jest-2.5",
          "Step 14/20: Installing dependencies",
          "Already up to date.",
          "TLS handshake completed",
          "Creating production build...",
          "[12:50:58] DEBUG: Query executed in 27ms",
          "[12:50:58] DEBUG: Loading configuration",
          "Done.",
          "Loading...",
          "OK",
          "Already up to date.",
          "Connection established",
          "[12:50:58] DEBUG: Initializing service",
          "Cache invalidated: dependencies",
          "Step 18/21: Installing dependencies",
          "Optimizing 86 modules...",
          "Artifact uploaded: build.tar.gz (42MB)",
          "Artifact downloaded: 27MB",
          "Waiting...",
          "Generating source maps...",
          "Completed.",
          "Layer 9/10: RUN command",
          "\u26a0 DEPRECATION: Feature will be removed in v2.0",
          "\u2713 validate completed",
          "Processing...",
          "Creating production build...",
          "Cache restored successfully (359MB)",
          "Image pulled successfully",
          "Verifying...",
          "Cache saved successfully",
          "Ready.",
          "Tests: 404 passed, 219 total",
          "Step 18/23: Testing",
          "Test Suites: 22 passed, 36 total",
          "Coverage: 96% statements, 86% branches",
          "[12:50:58] DEBUG: Connection pool: 6 active",
          "Uploading artifact 'coverage' (50 files)",
          "\u2713 All checks passed",
          "pip install: Successfully installed express-1.17",
          "\u2713 All checks passed",
          "Platform: darwin-arm64",
          "WARNING: react has known vulnerabilities",
          "Done.",
          "Done.",
          "Pulling image: node:latest",
          "Minifying main.js",
          "[12:50:58] WARN: Deprecated API usage",
          "\u2713 All checks passed",
          "Step 18/21: Building",
          "[12:50:58] DEBUG: Loading configuration",
          "[12:50:58] DEBUG: Connection pool: 2 active",
          "  PASS: test_api_health (377ms)",
          "Coverage: 90% statements, 89% branches",
          "Test Suites: 20 passed, 27 total",
          "npm install: resolved 1169 packages",
          "Switched to branch 'feature/task-937'",
          "[12:50:58] INFO: Starting build process",
          "pip: Collecting jest",
          "TLS handshake completed",
          "[12:50:58] INFO: Connecting to database",
          "Step 6/25: Linting",
          "Success!",
          "Cache invalidated: node_modules",
          "\u26a0 DEPRECATION: Feature will be removed in v4.0",
          "Tests: 79 passed, 183 total",
          "NODE_ENV=development",
          "Pulling image: node:18",
          "Bundling styles.js",
          "[12:50:58] INFO: Connecting to database",
          "Test Suites: 47 passed, 23 total",
          "Step 14/18: Building",
          "Step 18/23: Deploying",
          "Connection established",
          "[12:50:58] WARN: Deprecated API usage",
          "\u2713 All checks passed",
          "\u26a0 DEPRECATION: Feature will be removed in v2.0",
          "Pulling image: node:3.11",
          "npm install: resolved 1416 packages",
          "Pushing to registry...",
          "Artifact uploaded: build.tar.gz (15MB)",
          "Connection established",
          "Cache invalidated: build",
          "[12:50:58] INFO: Connecting to database",
          "Fetching submodules...",
          "Ready.",
          "Pulling image: node:18",
          "[12:50:58] DEBUG: Memory usage: 1546MB",
          "pip: Collecting lodash",
          "POST /data - 200 (168ms)",
          "Finished.",
          "Step 2/22: Deploying",
          "Compiling components/app.ts...",
          "Pulling image: python:18",
          "Cache saved successfully",
          "=== Step setup_environment completed ==="
        ]
      },
      {
        "name": "install_dependencies",
        "status": "success",
        "started_at": "2025-12-09T12:51:09.435357",
        "finished_at": "2025-12-09T12:51:41.395081",
        "log_lines": [
          "=== Step: install_dependencies ===",
          "Compiling components/main.py...",
          "Generating source maps...",
          "NODE_ENV=development",
          "Tests: 327 passed, 106 total",
          "Uploading artifact 'coverage' (33 files)",
          "\u2713 Task completed in 3584ms",
          "\u2713 Step 'setup' succeeded",
          "\u2713 Task completed in 1590ms",
          "Waiting...",
          "OK",
          "\u2713 deploy completed",
          "[12:50:58] DEBUG: Initializing service",
          "Environment: production",
          "NODE_ENV=development",
          "pip install: Successfully installed lodash-3.5",
          "Step 4/21: Testing",
          "Cache saved successfully",
          "Step 11/23: Deploying",
          "Processing...",
          "Completed.",
          "HEAD is now at e4b5acb",
          "Compiling components/app.ts...",
          "\u26a0 DEPRECATION: Feature will be removed in v2.0",
          "WARNING: lodash has known vulnerabilities",
          "Layer 2/10: ENV command",
          "pip: Downloading lodash-1.8.tar.gz",
          "Bundling vendor.js",
          "GET /api - 204 (95ms)",
          "pip: Downloading prettier-4.9.tar.gz",
          "Coverage: 88% statements, 99% branches",
          "Using Node.js 16.12.7",
          "Test Suites: 30 passed, 23 total",
          "Installing axios@5.16.10",
          "Using Python 3.10",
          "\u2713 All checks passed",
          "\u26a0 DEPRECATION: Feature will be removed in v4.0",
          "Compiling lib/utils.go...",
          "npm install: resolved 1519 packages",
          "GET /status - 204 (81ms)",
          "Exception: TypeError",
          "Step 4/22: Testing",
          "[12:50:58] DEBUG: Loading configuration",
          "npm notice: package.json updated",
          "\u26a0 DEPRECATION: Feature will be removed in v2.0",
          "Transforming 813 files...",
          "  PASS: test_user_create (485ms)",
          "Tests: 332 passed, 331 total",
          "yarn add: Done in 14.14s",
          "Cache invalidated: dependencies",
          "Cache hit for key-8927",
          "  PASS: test_auth_login (487ms)",
          "Verifying...",
          "[12:50:58] DEBUG: Loading configuration",
          "\u2713 Task completed in 873ms",
          "GET /api - 201 (68ms)",
          "Compiling lib/utils.go...",
          "Cache saved successfully",
          "WARNING: eslint has known vulnerabilities",
          "npm notice: created a lockfile",
          "Bundling runtime.js",
          "npm notice: package.json updated",
          "Step 10/23: Installing dependencies",
          "HEAD is now at 7c43569",
          "Step 12/24: Linting",
          "Cache restored successfully (59MB)",
          "Transforming 621 files...",
          "Ran 162 tests in 38s",
          "Uploading artifact 'dist' (14 files)",
          "Compiling utils/utils.go...",
          "[12:50:58] INFO: Starting build process",
          "Switched to branch 'bugfix/task-944'",
          "\u2713 All checks passed",
          "GET /api - 201 (87ms)",
          "pip: Collecting prettier",
          "WARNING: lodash has known vulnerabilities",
          "\u2713 Step 'checkout' succeeded",
          "Completed.",
          "Compiling components/main.py...",
          "Ready.",
          "Ready.",
          "[12:50:58] INFO: Connecting to database",
          "Snapshots: 32 passed, 34 total",
          "Using Node.js 17.5.0",
          "Platform: win32-x64",
          "FAILED: test_db_connect",
          "[12:50:58] DEBUG: Query executed in 77ms",
          "Artifact uploaded: dist.zip (62MB)",
          "POST /api - 200 (16ms)",
          "Step 2/24: Testing",
          "Checking out master branch",
          "Cache invalidated: build",
          "Generating source maps...",
          "Bundling main.css",
          "npm install: resolved 322 packages",
          "Cache restored successfully (376MB)",
          "Cache miss for key-5289",
          "yarn add: Done in 19.40s",
          "Cache saved successfully",
          "[12:50:58] INFO: Processing request",
          "Checking out develop branch",
          "Artifact downloaded: 18MB",
          "[12:50:58] DEBUG: Memory usage: 119MB",
          "[12:50:58] DEBUG: Query executed in 22ms",
          "Connection established",
          "POST /data - 202 (252ms)",
          "HEAD is now at ebdc5f7",
          "Time: 33.632s",
          "\u2713 package completed",
          "Installing webpack@5.7.2",
          "pip install: Successfully installed axios-1.1",
          "Optimizing 19 modules...",
          "\u2713 Step 'build' succeeded",
          "[12:50:58] WARN: Deprecated API usage",
          "npm install: resolved 1168 packages",
          "[12:50:58] INFO: Cache refreshed",
          "Ran 146 tests in 56s",
          "[12:50:58] WARN: Deprecated API usage",
          "Already up to date.",
          "Waiting...",
          "Artifact downloaded: 13MB",
          "Step 6/17: Linting",
          "Step 8/20: Installing dependencies",
          "Artifact uploaded: dist.zip (50MB)",
          "Optimizing 64 modules...",
          "Already up to date.",
          "pip: Collecting axios",
          "Success!",
          "Switched to branch 'hotfix/task-444'",
          "[12:50:58] DEBUG: Initializing service",
          "pip install: Successfully installed express-2.4",
          "Checking out main branch",
          "Done.",
          "GET /health - 200 (85ms)",
          "WARNING: jest has known vulnerabilities",
          "[12:50:58] INFO: Starting build process",
          "Building Docker image...",
          "[12:50:58] DEBUG: Initializing service",
          "Cache miss for key-8416",
          "Compiling utils/handler.rs...",
          "Optimizing 71 modules...",
          "\u2713 Step 'build' succeeded",
          "Pushing to registry...",
          "Generating source maps...",
          "Compiling lib/index.js...",
          "Cache invalidated: build",
          "pip: Downloading react-1.11.tar.gz",
          "WARNING: express has known vulnerabilities",
          "Step 5/16: Building",
          "[12:50:58] INFO: Cache refreshed",
          "Switched to branch 'feature/task-234'",
          "Compiling utils/service.java...",
          "Pushing to registry...",
          "Cache saved successfully",
          "[12:50:58] DEBUG: Memory usage: 542MB",
          "Transforming 742 files...",
          "Cache invalidated: dependencies",
          "\u26a0 DEPRECATION: Feature will be removed in v4.0",
          "  PASS: unit/test_api_health.spec.js",
          "Connection established",
          "Cache hit for key-8295",
          "WARNING: express has known vulnerabilities",
          "\u26a0 DEPRECATION: Feature will be removed in v4.0",
          "Checking out develop branch",
          "Step 10/18: Running migrations",
          "Loading...",
          "Uploading artifact 'dist' (38 files)",
          "Layer 6/12: RUN command",
          "npm install: resolved 1100 packages",
          "\u26a0 DEPRECATION: Feature will be removed in v3.0",
          "pip: Installing build dependencies...",
          "pip: Collecting react",
          "Verifying...",
          "Minifying app.js",
          "Generating source maps...",
          "Test Suites: 42 passed, 7 total",
          "WARNING: eslint has known vulnerabilities",
          "Fetching from https://githubusercontent.com/package.json",
          "Building Docker image...",
          "Artifact uploaded: build.tar.gz (3MB)",
          "pip install: Successfully installed webpack-3.16",
          "TLS handshake completed",
          "Coverage: 98% statements, 77% branches",
          "Cache miss for key-8905",
          "[12:50:58] INFO: Connecting to database",
          "Cache invalidated: node_modules",
          "\u26a0 DEPRECATION: Feature will be removed in v2.0",
          "Building Docker image...",
          "pip: Installing build dependencies...",
          "Cache hit for key-8481",
          "Installing react@3.15.2",
          "\u26a0 DEPRECATION: Feature will be removed in v3.0",
          "Success!",
          "Verifying...",
          "Uploading artifact 'build' (18 files)",
          "Step 6/24: Linting",
          "Bundling vendor.css",
          "Step 11/17: Building",
          "Compiling utils/service.java...",
          "Environment: development",
          "Already up to date.",
          "[12:50:58] DEBUG: Initializing service",
          "[12:50:58] WARN: Deprecated API usage",
          "[12:50:58] DEBUG: Memory usage: 1110MB",
          "Pushing to registry...",
          "[12:50:58] INFO: Cache refreshed",
          "Generating source maps...",
          "[12:50:58] INFO: Starting build process",
          "Tests: 365 passed, 216 total",
          "[12:50:58] INFO: Processing request",
          "[12:50:58] DEBUG: Connection pool: 10 active",
          "HEAD is now at 7ecd7ef",
          "Artifact downloaded: 16MB",
          "[12:50:58] INFO: Starting build process",
          "HEAD is now at b853ed4",
          "Platform: darwin-arm64",
          "Generating source maps...",
          "Ran 27 tests in 43s",
          "Compiling utils/handler.rs...",
          "npm install: resolved 1555 packages",
          "GET /health - 200 (86ms)",
          "Step 11/16: Linting",
          "Verifying...",
          "Step 18/23: Deploying",
          "Ran 12 tests in 51s",
          "Optimizing 51 modules...",
          "Building Docker image...",
          "Waiting...",
          "[12:50:58] INFO: Cache refreshed",
          "Completed.",
          "\u2713 validate completed",
          "Step 15/19: Running migrations",
          "Artifact uploaded: build.tar.gz (36MB)",
          "Loading...",
          "[12:50:58] DEBUG: Query executed in 31ms",
          "\u26a0 DEPRECATION: Feature will be removed in v5.0",
          "Connection established",
          "WARNING: prettier has known vulnerabilities",
          "Pushing to registry...",
          "Ready.",
          "Step 5/19: Deploying",
          "Layer 2/9: RUN command",
          "\u2713 Step 'checkout' succeeded",
          "Cache hit for key-7619",
          "Using Node.js 18.7.10",
          "Artifact uploaded: dist.zip (28MB)",
          "Cache miss for key-1886",
          "Pushing to registry...",
          "POST /upload - 201 (129ms)",
          "\u26a0 DEPRECATION: Feature will be removed in v3.0",
          "[12:50:58] DEBUG: Memory usage: 713MB",
          "Environment: staging",
          "Completed.",
          "Connection established",
          "  PASS: integration/test_user_create.spec.js",
          "\u26a0 DEPRECATION: Feature will be removed in v2.0",
          "\u26a0 DEPRECATION: Feature will be removed in v4.0",
          "HEAD is now at e624e04",
          "Layer 3/14: ENV command",
          "Minifying app.js",
          "Cache invalidated: node_modules",
          "Transforming 645 files...",
          "Fetching submodules...",
          "npm notice: created a lockfile",
          "Compiling utils/service.java...",
          "POST /upload - 202 (199ms)",
          "POST /data - 200 (64ms)",
          "Exception: RuntimeError",
          "npm install: resolved 351 packages",
          "Test Suites: 34 passed, 25 total",
          "Compiling lib/handler.rs...",
          "npm install: resolved 689 packages",
          "[12:50:58] DEBUG: Memory usage: 1560MB",
          "[12:50:58] INFO: Connecting to database",
          "Uploading artifact 'coverage' (41 files)",
          "Coverage: 72% statements, 69% branches",
          "[12:50:58] WARN: Deprecated API usage",
          "npm install: resolved 1577 packages",
          "Time: 98.74s",
          "[12:50:58] INFO: Connecting to database",
          "Finished.",
          "\u26a0 DEPRECATION: Feature will be removed in v4.0",
          "Image pulled successfully",
          "Connection established",
          "OK",
          "Artifact downloaded: 48MB",
          "\u2713 Step 'setup' succeeded",
          "[12:50:58] DEBUG: Connection pool: 12 active",
          "[12:50:58] DEBUG: Query executed in 50ms",
          "Artifact uploaded: build.tar.gz (4MB)",
          "[12:50:58] INFO: Connecting to database",
          "Cache hit for key-6593",
          "Layer 3/10: ENV command",
          "\u26a0 DEPRECATION: Feature will be removed in v3.0",
          "Exception: ValueError",
          "[12:50:58] DEBUG: Query executed in 42ms",
          "Ready.",
          "  PASS: e2e/test_db_connect.spec.js",
          "Artifact uploaded: build.tar.gz (45MB)",
          "=== Step install_dependencies completed ==="
        ]
      },
      {
        "name": "integration_tests",
        "status": "success",
        "started_at": "2025-12-09T12:51:41.395081",
        "finished_at": "2025-12-09T12:52:02.701564",
        "log_lines": [
          "=== Step: integration_tests ===",
          "Step 1/25: Linting",
          "Verifying...",
          "Verifying...",
          "[12:50:58] DEBUG: Connection pool: 14 active",
          "\u2713 test completed",
          "Compiling utils/service.java...",
          "[12:50:58] ERROR: Connection failed",
          "pip install: Successfully installed jest-1.5",
          "[12:50:58] WARN: Deprecated API usage",
          "Snapshots: 12 passed, 9 total",
          "NODE_ENV=production",
          "\u2713 All checks passed",
          "[12:50:58] INFO: Processing request",
          "Waiting...",
          "[12:50:58] DEBUG: Query executed in 25ms",
          "Cache invalidated: build",
          "Compiling src/service.java...",
          "Cache saved successfully",
          "Minifying vendor.js",
          "Generating source maps...",
          "Switched to branch 'hotfix/task-866'",
          "yarn add: Done in 15.41s",
          "Optimizing 37 modules...",
          "GET /api - 200 (66ms)",
          "Building Docker image...",
          "\u26a0 DEPRECATION: Feature will be removed in v2.0",
          "FAILED: test_db_connect",
          "Uploading artifact 'coverage' (21 files)",
          "Compiling lib/handler.rs...",
          "npm install: added 205 packages",
          "Uploading artifact 'coverage' (8 files)",
          "Artifact uploaded: build.tar.gz (12MB)",
          "Time: 54.120s",
          "\u2713 Step 'install' succeeded",
          "Layer 1/8: COPY command",
          "Already up to date.",
          "pip: Installing build dependencies...",
          "OK",
          "Loading...",
          "Creating production build...",
          "Using Node.js 14.0.10",
          "Optimizing 63 modules...",
          "Ran 175 tests in 20s",
          "[12:50:58] DEBUG: Loading configuration",
          "Artifact uploaded: build.tar.gz (28MB)",
          "GET /health - 200 (77ms)",
          "Time: 3.766s",
          "Artifact downloaded: 50MB",
          "Fetching from https://githubusercontent.com/package.json",
          "POST /data - 200 (448ms)",
          "Connection established",
          "Success!",
          "pip: Installing build dependencies...",
          "Fetching from https://registry.npmjs.org/package.json",
          "Environment: test",
          "pip install: Successfully installed express-5.8",
          "Finished.",
          "GET /api - 204 (100ms)",
          "Processing...",
          "Step 13/22: Installing dependencies",
          "\u26a0 DEPRECATION: Feature will be removed in v3.0",
          "Optimizing 95 modules...",
          "[12:50:58] DEBUG: Memory usage: 1668MB",
          "\u26a0 DEPRECATION: Feature will be removed in v2.0",
          "pip: Downloading react-3.20.tar.gz",
          "Step 12/19: Building",
          "[12:50:58] INFO: Request completed",
          "[12:50:58] DEBUG: Query executed in 52ms",
          "Optimizing 62 modules...",
          "Transforming 472 files...",
          "\u2717 build failed with exit code 86",
          "Generating source maps...",
          "Time: 120.591s",
          "Cache invalidated: node_modules",
          "\u2713 Step 'setup' succeeded",
          "npm notice: created a lockfile",
          "Step 4/19: Testing",
          "Coverage: 84% statements, 70% branches",
          "Ready.",
          "TLS handshake completed",
          "Test Suites: 22 passed, 12 total",
          "Success!",
          "Step 2/25: Installing dependencies",
          "Compiling src/service.java...",
          "Step 1/25: Testing",
          "Finished.",
          "Artifact uploaded: dist.zip (65MB)",
          "Artifact uploaded: dist.zip (4MB)",
          "pip install: Successfully installed react-2.17",
          "[12:50:58] ERROR: Connection failed",
          "[12:50:58] DEBUG: Initializing service",
          "[12:50:58] DEBUG: Memory usage: 992MB",
          "HEAD is now at dda8500",
          "[12:50:58] DEBUG: Initializing service",
          "Test Suites: 11 passed, 47 total",
          "Already up to date.",
          "Fetching submodules...",
          "Switched to branch 'hotfix/task-237'",
          "npm notice: created a lockfile",
          "Loading...",
          "Compiling lib/service.java...",
          "npm install: added 201 packages",
          "Done.",
          "Environment: test",
          "TLS handshake completed",
          "npm notice: package.json updated",
          "Test Suites: 41 passed, 36 total",
          "Verifying...",
          "Layer 8/14: COPY command",
          "Step 17/21: Deploying",
          "pip install: Successfully installed express-1.6",
          "\u2717 build failed with exit code 125",
          "npm install: added 382 packages",
          "\u2713 deploy completed",
          "Compiling src/index.js...",
          "Done.",
          "Step 4/18: Linting",
          "[12:50:58] INFO: Processing request",
          "Artifact uploaded: dist.zip (54MB)",
          "WARNING: express has known vulnerabilities",
          "[12:50:58] WARN: Deprecated API usage",
          "[12:50:58] DEBUG: Connection pool: 8 active",
          "Optimizing 34 modules...",
          "npm install: added 452 packages",
          "[12:50:58] INFO: Starting build process",
          "\u2713 Step 'install' succeeded",
          "  PASS: test_api_health (19ms)",
          "Platform: win32-x64",
          "Loading...",
          "Checking out develop branch",
          "WARNING: react has known vulnerabilities",
          "OK",
          "npm notice: package.json updated",
          "pip: Collecting eslint",
          "  PASS: e2e/test_cache_hit.spec.js",
          "[12:50:58] WARN: Deprecated API usage",
          "Building Docker image...",
          "Artifact downloaded: 6MB",
          "\u2713 Task completed in 2737ms",
          "Finished.",
          "  PASS: e2e/test_auth_login.spec.js",
          "  PASS: e2e/test_auth_login.spec.js",
          "Already up to date.",
          "Minifying main.js",
          "[12:50:58] INFO: Request completed",
          "Cache saved successfully",
          "[12:50:58] ERROR: Connection failed",
          "Generating source maps...",
          "Finished.",
          "[12:50:58] ERROR: Connection failed",
          "WARNING: prettier has known vulnerabilities",
          "Cache hit for key-3148",
          "POST /data - 202 (352ms)",
          "[12:50:58] WARN: Deprecated API usage",
          "[12:50:58] ERROR: Connection failed",
          "npm install: added 170 packages",
          "\u2713 build completed",
          "Connection established",
          "Generating source maps...",
          "Step 9/25: Installing dependencies",
          "Fetching submodules...",
          "Generating source maps...",
          "[12:50:58] DEBUG: Initializing service",
          "Using Node.js 15.7.3",
          "Compiling components/service.java...",
          "Compiling components/service.java...",
          "npm notice: created a lockfile",
          "pip: Downloading prettier-3.20.tar.gz",
          "\u26a0 DEPRECATION: Feature will be removed in v3.0",
          "Ready.",
          "\u2713 Step 'checkout' succeeded",
          "[12:50:58] INFO: Cache refreshed",
          "Already up to date.",
          "Cache restored successfully (83MB)",
          "Uploading artifact 'coverage' (25 files)",
          "[12:50:58] ERROR: Connection failed",
          "\u2713 All checks passed",
          "TLS handshake completed",
          "  PASS: test_db_connect (22ms)",
          "yarn add: Done in 26.98s",
          "[12:50:58] DEBUG: Connection pool: 13 active",
          "[12:50:58] INFO: Connecting to database",
          "[12:50:58] INFO: Cache refreshed",
          "Cache restored successfully (83MB)",
          "[12:50:58] DEBUG: Query executed in 69ms",
          "[12:50:58] INFO: Connecting to database",
          "Processing...",
          "WARNING: express has known vulnerabilities",
          "Ran 28 tests in 44s",
          "[12:50:58] INFO: Connecting to database",
          "  PASS: unit/test_auth_login.spec.js",
          "Building Docker image...",
          "pip: Collecting jest",
          "Step 14/20: Installing dependencies",
          "\u26a0 DEPRECATION: Feature will be removed in v2.0",
          "NODE_ENV=production",
          "  PASS: e2e/test_user_create.spec.js",
          "Snapshots: 15 passed, 2 total",
          "[12:50:58] WARN: Deprecated API usage",
          "Compiling src/utils.go...",
          "Pulling image: python:18",
          "Done.",
          "[12:50:58] DEBUG: Query executed in 54ms",
          "  PASS: test_user_create (134ms)",
          "Done.",
          "Bundling main.css",
          "HEAD is now at 0516b6a",
          "Fetching from https://githubusercontent.com/package.json",
          "yarn add: Done in 17.41s",
          "POST /data - 202 (191ms)",
          "[12:50:58] DEBUG: Memory usage: 1747MB",
          "Tests: 464 passed, 307 total",
          "TLS handshake completed",
          "pip: Downloading prettier-2.9.tar.gz",
          "\u2717 build failed with exit code 61",
          "Verifying...",
          "Environment: production",
          "Cache restored successfully (471MB)",
          "Test Suites: 18 passed, 9 total",
          "npm notice: created a lockfile",
          "Loading...",
          "Uploading artifact 'dist' (42 files)",
          "Finished.",
          "Using Python 3.9",
          "  PASS: unit/test_cache_hit.spec.js",
          "Artifact downloaded: 27MB",
          "Verifying...",
          "pip: Installing build dependencies...",
          "\u26a0 DEPRECATION: Feature will be removed in v2.0",
          "Step 16/24: Testing",
          "Step 2/19: Testing",
          "Platform: linux-x64",
          "\u2717 build failed with exit code 57",
          "[12:50:58] WARN: Deprecated API usage",
          "Time: 65.90s",
          "Using Python 3.11",
          "Time: 12.772s",
          "Coverage: 100% statements, 67% branches",
          "[12:50:58] ERROR: Connection failed",
          "\u2713 Step 'install' succeeded",
          "[12:50:58] INFO: Cache refreshed",
          "Creating production build...",
          "\u2713 Step 'build' succeeded",
          "Using Node.js 14.14.8",
          "Using Node.js 20.11.9",
          "pip install: Successfully installed react-1.9",
          "TLS handshake completed",
          "npm install: added 175 packages",
          "Step 5/18: Testing",
          "Loading...",
          "[12:50:58] WARN: Deprecated API usage",
          "Step 6/17: Testing",
          "[12:50:58] DEBUG: Loading configuration",
          "yarn add: Done in 12.26s",
          "[12:50:58] DEBUG: Loading configuration",
          "\u2713 Step 'test' succeeded",
          "POST /data - 200 (222ms)",
          "Platform: win32-x64",
          "Environment: test",
          "[12:50:58] WARN: Deprecated API usage",
          "POST /upload - 202 (285ms)",
          "[12:50:58] INFO: Request completed",
          "[12:50:58] DEBUG: Loading configuration",
          "pip: Downloading webpack-3.0.tar.gz",
          "Step 10/20: Running migrations",
          "Step 6/23: Installing dependencies",
          "Transforming 596 files...",
          "Finished.",
          "pip: Installing build dependencies...",
          "npm notice: created a lockfile",
          "[12:50:58] DEBUG: Initializing service",
          "[12:50:58] WARN: Deprecated API usage",
          "Step 8/24: Testing",
          "npm install: added 432 packages",
          "Artifact downloaded: 41MB",
          "pip: Downloading lodash-1.16.tar.gz",
          "Artifact downloaded: 26MB",
          "Ready.",
          "Checking out main branch",
          "Checking out develop branch",
          "Snapshots: 41 passed, 18 total",
          "Using Python 3.10",
          "Compiling components/service.java...",
          "  PASS: e2e/test_auth_login.spec.js",
          "Checking out main branch",
          "[12:50:58] WARN: Deprecated API usage",
          "Layer 1/9: RUN command",
          "  PASS: test_api_health (293ms)",
          "yarn add: Done in 1.11s",
          "[12:50:58] INFO: Connecting to database",
          "Step 5/16: Installing dependencies",
          "Cache restored successfully (58MB)",
          "Platform: darwin-arm64",
          "Artifact downloaded: 36MB",
          "\u2713 Task completed in 852ms",
          "Checking out master branch",
          "WARNING: jest has known vulnerabilities",
          "[12:50:58] WARN: Deprecated API usage",
          "=== Step integration_tests completed ==="
        ]
      },
      {
        "name": "deploy_production",
        "status": "success",
        "started_at": "2025-12-09T12:52:02.701564",
        "finished_at": "2025-12-09T12:52:06.962861",
        "log_lines": [
          "=== Step: deploy_production ===",
          "pip install: Successfully installed react-5.11",
          "\u26a0 DEPRECATION: Feature will be removed in v3.0",
          "Artifact uploaded: dist.zip (8MB)",
          "Compiling src/main.py...",
          "WARNING: react has known vulnerabilities",
          "[12:50:58] INFO: Cache refreshed",
          "Compiling src/app.ts...",
          "Image pulled successfully",
          "Image pulled successfully",
          "Step 12/17: Linting",
          "Cache invalidated: dependencies",
          "Success!",
          "pip: Installing build dependencies...",
          "Artifact downloaded: 47MB",
          "[12:50:58] INFO: Starting build process",
          "Completed.",
          "Step 12/25: Building",
          "Platform: win32-x64",
          "npm notice: created a lockfile",
          "Minifying main.js",
          "npm notice: created a lockfile",
          "Waiting...",
          "pip: Installing build dependencies...",
          "Step 10/22: Running migrations",
          "Finished.",
          "Waiting...",
          "[12:50:58] ERROR: Connection failed",
          "[12:50:58] INFO: Request completed",
          "\u2713 Step 'checkout' succeeded",
          "Using Node.js 17.6.3",
          "Cache restored successfully (81MB)",
          "Artifact uploaded: dist.zip (92MB)",
          "Done.",
          "[12:50:58] DEBUG: Loading configuration",
          "yarn add: Done in 4.77s",
          "[12:50:58] INFO: Request completed",
          "[12:50:58] WARN: Deprecated API usage",
          "Ran 128 tests in 9s",
          "Ready.",
          "Installing react@4.15.10",
          "Checking out main branch",
          "Compiling src/app.ts...",
          "Pushing to registry...",
          "  PASS: integration/test_auth_login.spec.js",
          "Connection established",
          "FAILED: test_db_connect",
          "  PASS: e2e/test_auth_login.spec.js",
          "Environment: production",
          "Cache miss for key-1559",
          "Creating production build...",
          "\u26a0 DEPRECATION: Feature will be removed in v2.0",
          "pip install: Successfully installed axios-2.18",
          "Cache saved successfully",
          "Layer 8/9: COPY command",
          "Cache restored successfully (293MB)",
          "Step 2/23: Testing",
          "Artifact uploaded: build.tar.gz (2MB)",
          "[12:50:58] INFO: Processing request",
          "GET /health - 204 (87ms)",
          "[12:50:58] DEBUG: Initializing service",
          "Pushing to registry...",
          "FAILED: test_cache_hit",
          "Fetching submodules...",
          "WARNING: eslint has known vulnerabilities",
          "pip: Collecting webpack",
          "POST /data - 200 (151ms)",
          "Artifact uploaded: build.tar.gz (23MB)",
          "Compiling components/main.py...",
          "Switched to branch 'bugfix/task-142'",
          "Step 5/25: Building",
          "Step 18/24: Testing",
          "Generating source maps...",
          "Exception: ValueError",
          "Test Suites: 50 passed, 48 total",
          "Compiling src/index.js...",
          "npm install: added 488 packages",
          "Platform: linux-x64",
          "Cache hit for key-9801",
          "\u26a0 DEPRECATION: Feature will be removed in v5.0",
          "Waiting...",
          "\u2713 All checks passed",
          "Connection established",
          "WARNING: lodash has known vulnerabilities",
          "  PASS: integration/test_api_health.spec.js",
          "Transforming 669 files...",
          "Building Docker image...",
          "  PASS: unit/test_user_create.spec.js",
          "npm notice: created a lockfile",
          "Verifying...",
          "npm install: added 305 packages",
          "Loading...",
          "[12:50:58] DEBUG: Query executed in 47ms",
          "[12:50:58] WARN: Deprecated API usage",
          "Ran 21 tests in 38s",
          "Compiling src/app.ts...",
          "POST /upload - 202 (213ms)",
          "Cache invalidated: dependencies",
          "Checking out develop branch",
          "[12:50:58] ERROR: Connection failed",
          "Fetching submodules...",
          "Cache invalidated: node_modules",
          "pip: Downloading express-2.8.tar.gz",
          "Installing prettier@5.7.4",
          "pip install: Successfully installed prettier-5.0",
          "Minifying main.js",
          "Image pulled successfully",
          "FAILED: test_user_create",
          "[12:50:58] INFO: Cache refreshed",
          "WARNING: jest has known vulnerabilities",
          "Step 11/24: Installing dependencies",
          "Tests: 149 passed, 133 total",
          "\u2713 lint completed",
          "Time: 28.490s",
          "OK",
          "Transforming 489 files...",
          "[12:50:58] ERROR: Connection failed",
          "[12:50:58] INFO: Cache refreshed",
          "Waiting...",
          "Already up to date.",
          "[12:50:58] ERROR: Connection failed",
          "[12:50:58] WARN: Deprecated API usage",
          "npm notice: created a lockfile",
          "Step 3/24: Deploying",
          "Verifying...",
          "[12:50:58] WARN: Deprecated API usage",
          "\u2713 Task completed in 3619ms",
          "\u26a0 DEPRECATION: Feature will be removed in v4.0",
          "Compiling src/handler.rs...",
          "Using Node.js 18.4.3",
          "Fetching submodules...",
          "Tests: 221 passed, 485 total",
          "Verifying...",
          "Already up to date.",
          "Pulling image: alpine:18",
          "Test Suites: 38 passed, 15 total",
          "[12:50:58] INFO: Connecting to database",
          "Step 12/23: Testing",
          "[12:50:58] DEBUG: Query executed in 70ms",
          "Step 6/19: Deploying",
          "pip: Collecting react",
          "Ready.",
          "TLS handshake completed",
          "\u26a0 DEPRECATION: Feature will be removed in v5.0",
          "[12:50:58] INFO: Connecting to database",
          "Step 16/23: Installing dependencies",
          "[12:50:58] INFO: Cache refreshed",
          "\u2713 All checks passed",
          "[12:50:58] DEBUG: Query executed in 90ms",
          "yarn add: Done in 26.53s",
          "NODE_ENV=development",
          "[12:50:58] INFO: Cache refreshed",
          "POST /data - 200 (314ms)",
          "Step 8/23: Running migrations",
          "\u2713 Task completed in 3833ms",
          "Compiling src/index.js...",
          "Time: 13.847s",
          "Step 3/15: Building",
          "\u26a0 DEPRECATION: Feature will be removed in v2.0",
          "Optimizing 74 modules...",
          "Artifact uploaded: build.tar.gz (9MB)",
          "WARNING: express has known vulnerabilities",
          "Connection established",
          "\u26a0 DEPRECATION: Feature will be removed in v2.0",
          "Cache saved successfully",
          "Platform: linux-x64",
          "Success!",
          "Installing eslint@2.18.10",
          "Building Docker image...",
          "\u2713 package completed",
          "OK",
          "Layer 10/10: ENV command",
          "Success!",
          "Step 11/20: Running migrations",
          "npm notice: package.json updated",
          "\u26a0 DEPRECATION: Feature will be removed in v2.0",
          "Finished.",
          "\u2713 Step 'test' succeeded",
          "Artifact downloaded: 27MB",
          "[12:50:58] DEBUG: Query executed in 48ms",
          "Finished.",
          "\u2713 All checks passed",
          "Ran 61 tests in 38s",
          "  PASS: e2e/test_cache_hit.spec.js",
          "  PASS: integration/test_db_connect.spec.js",
          "npm install: resolved 539 packages",
          "\u26a0 DEPRECATION: Feature will be removed in v5.0",
          "Platform: win32-x64",
          "Tests: 189 passed, 65 total",
          "Fetching submodules...",
          "Snapshots: 29 passed, 44 total",
          "Cache invalidated: build",
          "Compiling utils/main.py...",
          "Step 19/22: Testing",
          "pip: Collecting express",
          "Completed.",
          "Step 16/15: Building",
          "Fetching from https://registry.npmjs.org/package.json",
          "Success!",
          "[12:50:58] INFO: Request completed",
          "Waiting...",
          "Installing lodash@4.10.5",
          "\u2713 All checks passed",
          "Finished.",
          "Compiling src/app.ts...",
          "Exception: ValueError",
          "NODE_ENV=production",
          "\u26a0 DEPRECATION: Feature will be removed in v5.0",
          "Success!",
          "npm notice: created a lockfile",
          "Fetching from https://gcr.io/package.json",
          "\u2713 test completed",
          "Ready.",
          "\u26a0 DEPRECATION: Feature will be removed in v2.0",
          "Compiling src/utils.go...",
          "[12:50:58] DEBUG: Connection pool: 5 active",
          "\u2713 Step 'install' succeeded",
          "Bundling styles.css",
          "  PASS: test_auth_login (297ms)",
          "Switched to branch 'feature/task-707'",
          "Snapshots: 47 passed, 9 total",
          "Tests: 55 passed, 303 total",
          "Ran 56 tests in 49s",
          "Building Docker image...",
          "Artifact uploaded: dist.zip (53MB)",
          "Test Suites: 37 passed, 26 total",
          "Layer 9/13: RUN command",
          "pip: Installing build dependencies...",
          "Cache restored successfully (402MB)",
          "Exception: NullPointerException",
          "npm install: resolved 837 packages",
          "Fetching submodules...",
          "Artifact uploaded: build.tar.gz (37MB)",
          "[12:50:58] INFO: Connecting to database",
          "\u2713 All checks passed",
          "pip: Collecting lodash",
          "npm install: added 172 packages",
          "\u26a0 DEPRECATION: Feature will be removed in v3.0",
          "Step 3/22: Building",
          "pip: Collecting webpack",
          "GET /health - 201 (82ms)",
          "Building Docker image...",
          "[12:50:58] INFO: Processing request",
          "Step 2/22: Deploying",
          "POST /data - 201 (188ms)",
          "Connection established",
          "Cache invalidated: build",
          "NODE_ENV=development",
          "[12:50:58] WARN: Deprecated API usage",
          "pip: Downloading express-1.18.tar.gz",
          "OK",
          "Artifact uploaded: build.tar.gz (12MB)",
          "Compiling lib/main.py...",
          "Transforming 652 files...",
          "Loading...",
          "npm install: resolved 838 packages",
          "Fetching submodules...",
          "Step 14/16: Installing dependencies",
          "Step 9/25: Installing dependencies",
          "Exception: ValueError",
          "[12:50:58] INFO: Cache refreshed",
          "Test Suites: 50 passed, 50 total",
          "Ready.",
          "Transforming 837 files...",
          "Step 8/23: Linting",
          "Switched to branch 'feature/task-858'",
          "Cache saved successfully",
          "[12:50:58] ERROR: Connection failed",
          "Artifact uploaded: build.tar.gz (42MB)",
          "Artifact downloaded: 48MB",
          "  PASS: integration/test_user_create.spec.js",
          "Using Python 3.12",
          "WARNING: lodash has known vulnerabilities",
          "\u2713 Step 'checkout' succeeded",
          "[12:50:58] DEBUG: Connection pool: 8 active",
          "  PASS: test_db_connect (168ms)",
          "Compiling lib/app.ts...",
          "Coverage: 73% statements, 96% branches",
          "Ready.",
          "[12:50:58] WARN: Deprecated API usage",
          "WARNING: webpack has known vulnerabilities",
          "[12:50:58] DEBUG: Memory usage: 1234MB",
          "Minifying main.js",
          "Step 15/22: Building",
          "Test Suites: 43 passed, 12 total",
          "Layer 7/11: ENV command",
          "Layer 4/13: RUN command",
          "Time: 57.720s",
          "Loading...",
          "Pushing to registry...",
          "\u2713 build completed",
          "POST /upload - 202 (105ms)",
          "Verifying...",
          "[12:50:58] INFO: Processing request",
          "HEAD is now at f0ce86e",
          "WARNING: express has known vulnerabilities",
          "Ran 119 tests in 41s",
          "[12:50:58] DEBUG: Connection pool: 20 active",
          "npm notice: created a lockfile",
          "=== Step deploy_production completed ==="
        ]
      },
      {
        "name": "deploy_staging",
        "status": "success",
        "started_at": "2025-12-09T12:52:06.962861",
        "finished_at": "2025-12-09T12:52:17.616102",
        "log_lines": [
          "=== Step: deploy_staging ===",
          "npm install: resolved 134 packages",
          "npm notice: package.json updated",
          "Loading...",
          "Tests: 151 passed, 333 total",
          "Artifact downloaded: 2MB",
          "[12:50:58] DEBUG: Initializing service",
          "WARNING: lodash has known vulnerabilities",
          "Time: 119.857s",
          "[12:50:58] INFO: Cache refreshed",
          "Loading...",
          "[12:50:58] INFO: Cache refreshed",
          "Step 5/24: Building",
          "[12:50:58] DEBUG: Query executed in 95ms",
          "Ready.",
          "WARNING: jest has known vulnerabilities",
          "GET /health - 204 (50ms)",
          "\u2713 All checks passed",
          "Success!",
          "[12:50:58] DEBUG: Connection pool: 18 active",
          "npm install: added 119 packages",
          "POST /api - 202 (411ms)",
          "Success!",
          "\u2713 deploy completed",
          "Step 18/20: Linting",
          "Platform: darwin-arm64",
          "npm install: resolved 1476 packages",
          "Image pulled successfully",
          "Loading...",
          "Artifact uploaded: dist.zip (11MB)",
          "Layer 8/11: ENV command",
          "Step 5/19: Deploying",
          "Compiling lib/main.py...",
          "\u26a0 DEPRECATION: Feature will be removed in v3.0",
          "Ran 91 tests in 46s",
          "Installing eslint@1.8.4",
          "Fetching submodules...",
          "[12:50:58] WARN: Deprecated API usage",
          "Artifact uploaded: dist.zip (71MB)",
          "WARNING: react has known vulnerabilities",
          "Platform: win32-x64",
          "Cache invalidated: dependencies",
          "Generating source maps...",
          "Verifying...",
          "pip: Downloading lodash-2.12.tar.gz",
          "Artifact uploaded: dist.zip (46MB)",
          "[12:50:58] INFO: Connecting to database",
          "yarn add: Done in 5.11s",
          "[12:50:58] INFO: Request completed",
          "\u26a0 DEPRECATION: Feature will be removed in v5.0",
          "Switched to branch 'hotfix/task-927'",
          "Step 16/21: Installing dependencies",
          "[12:50:58] INFO: Starting build process",
          "Generating source maps...",
          "pip: Installing build dependencies...",
          "npm notice: package.json updated",
          "Compiling components/main.py...",
          "Minifying app.js",
          "GET /status - 201 (36ms)",
          "[12:50:58] INFO: Cache refreshed",
          "Using Node.js 20.10.8",
          "pip: Installing build dependencies...",
          "Environment: production",
          "Cache saved successfully",
          "[12:50:58] DEBUG: Loading configuration",
          "Cache invalidated: node_modules",
          "Generating source maps...",
          "WARNING: webpack has known vulnerabilities",
          "Step 7/16: Deploying",
          "Step 2/25: Running migrations",
          "[12:50:58] WARN: Deprecated API usage",
          "Fetching from https://amazonaws.com/package.json",
          "Fetching submodules...",
          "OK",
          "Completed.",
          "Ready.",
          "Snapshots: 42 passed, 6 total",
          "Cache saved successfully",
          "Step 14/25: Installing dependencies",
          "Using Python 3.10",
          "Compiling lib/main.py...",
          "Step 8/18: Deploying",
          "  PASS: test_api_health (112ms)",
          "Step 13/22: Installing dependencies",
          "Artifact uploaded: build.tar.gz (35MB)",
          "Layer 4/13: RUN command",
          "Compiling components/handler.rs...",
          "Verifying...",
          "POST /api - 200 (86ms)",
          "Snapshots: 21 passed, 0 total",
          "Snapshots: 0 passed, 0 total",
          "Transforming 806 files...",
          "\u2717 build failed with exit code 54",
          "Test Suites: 27 passed, 34 total",
          "[12:50:58] INFO: Cache refreshed",
          "HEAD is now at b009cea",
          "Waiting...",
          "\u26a0 DEPRECATION: Feature will be removed in v5.0",
          "Cache invalidated: node_modules",
          "[12:50:58] INFO: Cache refreshed",
          "Transforming 764 files...",
          "Success!",
          "Building Docker image...",
          "[12:50:58] INFO: Cache refreshed",
          "Connection established",
          "\u2713 Step 'setup' succeeded",
          "NODE_ENV=development",
          "Processing...",
          "Pulling image: python:3.11",
          "pip: Collecting react",
          "[12:50:58] WARN: Deprecated API usage",
          "Cache invalidated: build",
          "Image pulled successfully",
          "Compiling utils/utils.go...",
          "Environment: production",
          "Layer 8/8: COPY command",
          "Ran 172 tests in 6s",
          "[12:50:58] INFO: Cache refreshed",
          "Snapshots: 50 passed, 21 total",
          "HEAD is now at b239037",
          "Cache hit for key-8801",
          "POST /data - 201 (389ms)",
          "Pulling image: alpine:3.11",
          "Using Node.js 15.17.6",
          "Cache restored successfully (155MB)",
          "Completed.",
          "  PASS: integration/test_db_connect.spec.js",
          "WARNING: react has known vulnerabilities",
          "WARNING: jest has known vulnerabilities",
          "  PASS: test_auth_login (212ms)",
          "NODE_ENV=development",
          "POST /api - 200 (116ms)",
          "[12:50:58] WARN: Deprecated API usage",
          "Finished.",
          "[12:50:58] WARN: Deprecated API usage",
          "[12:50:58] ERROR: Connection failed",
          "[12:50:58] INFO: Request completed",
          "Compiling src/index.js...",
          "[12:50:58] WARN: Deprecated API usage",
          "NODE_ENV=production",
          "Success!",
          "[12:50:58] ERROR: Connection failed",
          "Artifact downloaded: 19MB",
          "Step 11/17: Running migrations",
          "  PASS: test_cache_hit (441ms)",
          "pip: Collecting axios",
          "Compiling utils/utils.go...",
          "Exception: NullPointerException",
          "Platform: linux-x64",
          "Environment: test",
          "[12:50:58] WARN: Deprecated API usage",
          "[12:50:58] INFO: Cache refreshed",
          "Compiling utils/service.java...",
          "Cache hit for key-7234",
          "Loading...",
          "Cache saved successfully",
          "Exception: TypeError",
          "Uploading artifact 'dist' (1 files)",
          "\u2713 Task completed in 4679ms",
          "Cache miss for key-9447",
          "Minifying main.js",
          "Using Node.js 16.20.6",
          "Environment: test",
          "\u2713 All checks passed",
          "Cache restored successfully (320MB)",
          "Step 19/25: Running migrations",
          "[12:50:58] DEBUG: Connection pool: 10 active",
          "Processing...",
          "\u26a0 DEPRECATION: Feature will be removed in v3.0",
          "Step 3/19: Testing",
          "Building Docker image...",
          "Test Suites: 14 passed, 9 total",
          "Step 1/25: Linting",
          "Installing express@4.0.6",
          "pip: Installing build dependencies...",
          "\u2713 Step 'build' succeeded",
          "Compiling lib/utils.go...",
          "Test Suites: 46 passed, 29 total",
          "Generating source maps...",
          "npm notice: package.json updated",
          "[12:50:58] DEBUG: Connection pool: 6 active",
          "Time: 86.616s",
          "Installing eslint@5.19.4",
          "[12:50:58] DEBUG: Query executed in 94ms",
          "Cache restored successfully (476MB)",
          "Minifying main.js",
          "[12:50:58] DEBUG: Initializing service",
          "pip: Collecting prettier",
          "Cache hit for key-4774",
          "Installing eslint@4.20.9",
          "Pushing to registry...",
          "Cache restored successfully (459MB)",
          "Time: 9.700s",
          "npm install: added 449 packages",
          "pip: Installing build dependencies...",
          "Layer 6/9: RUN command",
          "Bundling runtime.js",
          "Transforming 511 files...",
          "Step 7/21: Running migrations",
          "[12:50:58] INFO: Cache refreshed",
          "Waiting...",
          "WARNING: webpack has known vulnerabilities",
          "HEAD is now at 7eb51b1",
          "\u2713 Step 'setup' succeeded",
          "Snapshots: 39 passed, 46 total",
          "  PASS: integration/test_auth_login.spec.js",
          "TLS handshake completed",
          "\u2713 test completed",
          "[12:50:58] ERROR: Connection failed",
          "Environment: production",
          "Exception: NullPointerException",
          "Artifact downloaded: 23MB",
          "Artifact uploaded: build.tar.gz (13MB)",
          "Step 11/23: Deploying",
          "Loading...",
          "Optimizing 91 modules...",
          "pip install: Successfully installed webpack-5.5",
          "Using Python 3.12",
          "Generating source maps...",
          "Compiling src/utils.go...",
          "Test Suites: 45 passed, 30 total",
          "  PASS: unit/test_user_create.spec.js",
          "[12:50:58] DEBUG: Loading configuration",
          "Using Node.js 15.4.3",
          "Test Suites: 34 passed, 27 total",
          "Verifying...",
          "Pushing to registry...",
          "Waiting...",
          "\u2713 All checks passed",
          "GET /health - 201 (9ms)",
          "Compiling utils/app.ts...",
          "Using Python 3.11",
          "POST /data - 201 (189ms)",
          "npm notice: created a lockfile",
          "Fetching from https://gcr.io/package.json",
          "Finished.",
          "Compiling lib/app.ts...",
          "Installing jest@1.14.7",
          "\u26a0 DEPRECATION: Feature will be removed in v3.0",
          "WARNING: eslint has known vulnerabilities",
          "Cache saved successfully",
          "Compiling components/index.js...",
          "Step 14/19: Installing dependencies",
          "OK",
          "Cache saved successfully",
          "FAILED: test_db_connect",
          "Pushing to registry...",
          "Artifact uploaded: dist.zip (64MB)",
          "[12:50:58] INFO: Request completed",
          "pip install: Successfully installed lodash-2.20",
          "[12:50:58] INFO: Cache refreshed",
          "Completed.",
          "Step 19/15: Building",
          "\u2713 package completed",
          "\u2713 Task completed in 1206ms",
          "Cache miss for key-8317",
          "Compiling components/utils.go...",
          "Environment: test",
          "yarn add: Done in 15.27s",
          "Checking out master branch",
          "Layer 2/14: ENV command",
          "Installing express@4.20.1",
          "Finished.",
          "Switched to branch 'hotfix/task-627'",
          "Transforming 487 files...",
          "[12:50:58] INFO: Cache refreshed",
          "Optimizing 46 modules...",
          "Snapshots: 1 passed, 13 total",
          "npm notice: package.json updated",
          "Tests: 336 passed, 100 total",
          "Artifact downloaded: 12MB",
          "Creating production build...",
          "Switched to branch 'hotfix/task-360'",
          "[12:50:58] DEBUG: Initializing service",
          "[12:50:58] DEBUG: Connection pool: 13 active",
          "npm install: added 475 packages",
          "Cache miss for key-4502",
          "Bundling styles.css",
          "Cache miss for key-9387",
          "Step 16/23: Building",
          "Installing webpack@4.7.4",
          "[12:50:58] DEBUG: Initializing service",
          "Step 13/15: Deploying",
          "Using Node.js 18.9.5",
          "OK",
          "HEAD is now at eb0da1d",
          "[12:50:58] WARN: Deprecated API usage",
          "HEAD is now at a7806b9",
          "[12:50:58] INFO: Cache refreshed",
          "Using Python 3.11",
          "Done.",
          "OK",
          "GET /health - 200 (28ms)",
          "  PASS: unit/test_api_health.spec.js",
          "Using Python 3.12",
          "[12:50:58] INFO: Request completed",
          "npm notice: created a lockfile",
          "POST /api - 202 (306ms)",
          "Compiling src/app.ts...",
          "=== Step deploy_staging completed ==="
        ]
      },
      {
        "name": "e2e_tests",
        "status": "success",
        "started_at": "2025-12-09T12:52:17.616102",
        "finished_at": "2025-12-09T12:52:28.269343",
        "log_lines": [
          "=== Step: e2e_tests ===",
          "Loading...",
          "Installing prettier@2.5.10",
          "Compiling utils/index.js...",
          "Artifact downloaded: 3MB",
          "\u2713 Step 'build' succeeded",
          "Bundling main.js",
          "[12:50:58] WARN: Deprecated API usage",
          "Step 1/21: Deploying",
          "Fetching submodules...",
          "OK",
          "npm notice: created a lockfile",
          "Installing express@1.8.2",
          "Loading...",
          "Coverage: 99% statements, 83% branches",
          "WARNING: jest has known vulnerabilities",
          "Tests: 463 passed, 55 total",
          "Loading...",
          "[12:50:58] WARN: Deprecated API usage",
          "Pulling image: alpine:latest",
          "Loading...",
          "Checking out develop branch",
          "WARNING: prettier has known vulnerabilities",
          "FAILED: test_api_health",
          "Compiling src/handler.rs...",
          "\u2717 build failed with exit code 2",
          "[12:50:58] DEBUG: Connection pool: 13 active",
          "WARNING: prettier has known vulnerabilities",
          "Cache miss for key-6467",
          "Verifying...",
          "Completed.",
          "Tests: 396 passed, 441 total",
          "Test Suites: 14 passed, 8 total",
          "Completed.",
          "Cache restored successfully (24MB)",
          "  PASS: unit/test_db_connect.spec.js",
          "Step 3/17: Linting",
          "Layer 4/11: COPY command",
          "Fetching from https://githubusercontent.com/package.json",
          "Already up to date.",
          "HEAD is now at 8717caf",
          "Step 3/24: Deploying",
          "Layer 2/10: ENV command",
          "pip: Downloading jest-2.17.tar.gz",
          "Completed.",
          "[12:50:58] DEBUG: Memory usage: 1933MB",
          "Done.",
          "HEAD is now at f5ac0bd",
          "Coverage: 77% statements, 82% branches",
          "Loading...",
          "Loading...",
          "Generating source maps...",
          "Environment: test",
          "Test Suites: 22 passed, 7 total",
          "Uploading artifact 'dist' (44 files)",
          "\u2713 Step 'build' succeeded",
          "\u2713 lint completed",
          "[12:50:58] INFO: Cache refreshed",
          "WARNING: express has known vulnerabilities",
          "pip: Downloading eslint-2.20.tar.gz",
          "Completed.",
          "NODE_ENV=test",
          "Ran 80 tests in 34s",
          "Step 18/16: Linting",
          "Image pulled successfully",
          "Layer 6/12: RUN command",
          "Completed.",
          "Compiling src/handler.rs...",
          "Bundling vendor.css",
          "Creating production build...",
          "Snapshots: 43 passed, 26 total",
          "Fetching submodules...",
          "TLS handshake completed",
          "Cache restored successfully (44MB)",
          "Artifact downloaded: 29MB",
          "[12:50:58] INFO: Processing request",
          "pip: Downloading eslint-3.1.tar.gz",
          "Step 20/21: Linting",
          "Tests: 440 passed, 424 total",
          "Pulling image: python:latest",
          "Bundling styles.js",
          "Already up to date.",
          "Fetching from https://registry.npmjs.org/package.json",
          "Finished.",
          "Coverage: 89% statements, 86% branches",
          "TLS handshake completed",
          "Switched to branch 'feature/task-511'",
          "pip: Downloading jest-2.14.tar.gz",
          "Step 15/23: Building",
          "Fetching from https://gcr.io/package.json",
          "WARNING: lodash has known vulnerabilities",
          "NODE_ENV=test",
          "pip: Downloading axios-5.15.tar.gz",
          "[12:50:58] DEBUG: Loading configuration",
          "Pulling image: python:3.11",
          "Transforming 909 files...",
          "Already up to date.",
          "Using Python 3.10",
          "Fetching from https://googleapis.com/package.json",
          "npm notice: package.json updated",
          "\u2713 All checks passed",
          "\u2717 build failed with exit code 43",
          "Step 14/22: Deploying",
          "Coverage: 87% statements, 88% branches",
          "Processing...",
          "pip: Downloading eslint-5.7.tar.gz",
          "[12:50:58] DEBUG: Memory usage: 154MB",
          "Step 2/15: Deploying",
          "Generating source maps...",
          "Waiting...",
          "Image pulled successfully",
          "Transforming 743 files...",
          "  PASS: test_db_connect (320ms)",
          "Compiling components/handler.rs...",
          "  PASS: test_user_create (254ms)",
          "Artifact downloaded: 1MB",
          "[12:50:58] WARN: Deprecated API usage",
          "[12:50:58] INFO: Starting build process",
          "Using Node.js 19.2.6",
          "Compiling lib/main.py...",
          "Compiling components/main.py...",
          "Done.",
          "pip: Downloading lodash-2.11.tar.gz",
          "Environment: test",
          "Minifying app.js",
          "  PASS: test_db_connect (454ms)",
          "Step 16/18: Deploying",
          "\u2713 All checks passed",
          "Coverage: 95% statements, 78% branches",
          "[12:50:58] INFO: Connecting to database",
          "Step 4/19: Building",
          "Cache hit for key-5469",
          "[12:50:58] DEBUG: Connection pool: 10 active",
          "pip: Collecting webpack",
          "Success!",
          "[12:50:58] INFO: Cache refreshed",
          "Verifying...",
          "Transforming 967 files...",
          "\u2713 All checks passed",
          "[12:50:58] INFO: Starting build process",
          "Uploading artifact 'build' (30 files)",
          "HEAD is now at 4a97170",
          "Verifying...",
          "npm notice: created a lockfile",
          "OK",
          "Cache invalidated: node_modules",
          "NODE_ENV=test",
          "Compiling src/handler.rs...",
          "Installing prettier@1.14.5",
          "Fetching submodules...",
          "[12:50:58] DEBUG: Connection pool: 13 active",
          "Cache saved successfully",
          "Installing express@5.19.1",
          "Step 9/15: Linting",
          "POST /data - 202 (409ms)",
          "FAILED: test_user_create",
          "  PASS: e2e/test_db_connect.spec.js",
          "[12:50:58] DEBUG: Loading configuration",
          "Image pulled successfully",
          "Compiling lib/main.py...",
          "\u26a0 DEPRECATION: Feature will be removed in v5.0",
          "pip: Collecting webpack",
          "Compiling utils/index.js...",
          "  PASS: integration/test_db_connect.spec.js",
          "Cache saved successfully",
          "Ready.",
          "[12:50:58] WARN: Deprecated API usage",
          "Step 11/17: Deploying",
          "Waiting...",
          "HEAD is now at b18df39",
          "OK",
          "Platform: darwin-arm64",
          "pip: Downloading prettier-4.17.tar.gz",
          "Compiling src/handler.rs...",
          "Uploading artifact 'coverage' (18 files)",
          "npm install: resolved 1096 packages",
          "Time: 63.672s",
          "Bundling vendor.css",
          "Optimizing 52 modules...",
          "Artifact uploaded: dist.zip (80MB)",
          "Switched to branch 'bugfix/task-450'",
          "Compiling lib/handler.rs...",
          "Bundling main.css",
          "Pulling image: python:3.11",
          "Transforming 939 files...",
          "HEAD is now at 1d2f28a",
          "Step 11/24: Linting",
          "Compiling components/main.py...",
          "\u26a0 DEPRECATION: Feature will be removed in v3.0",
          "Using Python 3.12",
          "TLS handshake completed",
          "Image pulled successfully",
          "Step 6/24: Linting",
          "[12:50:58] DEBUG: Query executed in 94ms",
          "[12:50:58] INFO: Starting build process",
          "  PASS: e2e/test_auth_login.spec.js",
          "\u2713 build completed",
          "Cache invalidated: node_modules",
          "Compiling src/app.ts...",
          "Using Node.js 19.16.10",
          "Connection established",
          "Using Python 3.11",
          "Compiling utils/service.java...",
          "Using Node.js 19.3.3",
          "Finished.",
          "[12:50:58] ERROR: Connection failed",
          "Building Docker image...",
          "pip: Installing build dependencies...",
          "Artifact downloaded: 12MB",
          "[12:50:58] INFO: Starting build process",
          "pip: Downloading axios-1.2.tar.gz",
          "[12:50:58] DEBUG: Memory usage: 1822MB",
          "FAILED: test_api_health",
          "Pulling image: node:3.11",
          "WARNING: axios has known vulnerabilities",
          "\u2713 Task completed in 4098ms",
          "Transforming 571 files...",
          "[12:50:58] INFO: Starting build process",
          "[12:50:58] INFO: Connecting to database",
          "\u2713 lint completed",
          "Switched to branch 'bugfix/task-132'",
          "POST /upload - 201 (500ms)",
          "Cache restored successfully (84MB)",
          "Time: 10.675s",
          "Verifying...",
          "Step 10/20: Building",
          "Step 2/21: Installing dependencies",
          "Image pulled successfully",
          "npm notice: package.json updated",
          "Snapshots: 47 passed, 15 total",
          "POST /data - 202 (461ms)",
          "Using Node.js 20.11.7",
          "yarn add: Done in 20.64s",
          "Creating production build...",
          "Done.",
          "Finished.",
          "[12:50:58] ERROR: Connection failed",
          "pip: Collecting eslint",
          "Creating production build...",
          "\u2713 Step 'build' succeeded",
          "Layer 3/9: RUN command",
          "[12:50:58] WARN: Deprecated API usage",
          "[12:50:58] INFO: Processing request",
          "Verifying...",
          "Cache hit for key-1124",
          "Fetching from https://pypi.org/package.json",
          "  PASS: test_db_connect (52ms)",
          "OK",
          "yarn add: Done in 6.12s",
          "Step 8/16: Testing",
          "Step 6/16: Testing",
          "Verifying...",
          "Artifact uploaded: build.tar.gz (19MB)",
          "[12:50:58] DEBUG: Loading configuration",
          "Exception: NullPointerException",
          "npm notice: created a lockfile",
          "Snapshots: 35 passed, 17 total",
          "Step 4/23: Linting",
          "Using Python 3.12",
          "Tests: 337 passed, 129 total",
          "[12:50:58] INFO: Starting build process",
          "Time: 38.58s",
          "Checking out develop branch",
          "[12:50:58] ERROR: Connection failed",
          "Compiling components/utils.go...",
          "TLS handshake completed",
          "Step 11/16: Deploying",
          "Checking out main branch",
          "Cache restored successfully (412MB)",
          "HEAD is now at 1581a1a",
          "npm notice: package.json updated",
          "  PASS: test_cache_hit (223ms)",
          "Step 7/16: Installing dependencies",
          "[12:50:58] WARN: Deprecated API usage",
          "TLS handshake completed",
          "[12:50:58] INFO: Connecting to database",
          "Cache hit for key-3323",
          "Generating source maps...",
          "Processing...",
          "Cache miss for key-5122",
          "[12:50:58] WARN: Deprecated API usage",
          "[12:50:58] INFO: Cache refreshed",
          "Pushing to registry...",
          "Switched to branch 'hotfix/task-772'",
          "pip install: Successfully installed axios-2.16",
          "Environment: staging",
          "Artifact uploaded: build.tar.gz (38MB)",
          "Time: 62.54s",
          "[12:50:58] WARN: Deprecated API usage",
          "\u26a0 DEPRECATION: Feature will be removed in v4.0",
          "Completed.",
          "Compiling components/index.js...",
          "  PASS: unit/test_api_health.spec.js",
          "pip install: Successfully installed react-3.19",
          "Verifying...",
          "Ran 93 tests in 22s",
          "Completed.",
          "Step 20/23: Linting",
          "Tests: 386 passed, 468 total",
          "=== Step e2e_tests completed ==="
        ]
      },
      {
        "name": "upload_artifacts",
        "status": "success",
        "started_at": "2025-12-09T12:52:28.269343",
        "finished_at": "2025-12-09T12:52:38.922584",
        "log_lines": [
          "=== Step: upload_artifacts ===",
          "pip install: Successfully installed react-3.7",
          "Creating production build...",
          "[12:50:58] DEBUG: Connection pool: 17 active",
          "Bundling main.css",
          "Done.",
          "\u2713 Task completed in 3897ms",
          "Cache saved successfully",
          "[12:50:58] ERROR: Connection failed",
          "[12:50:58] DEBUG: Query executed in 69ms",
          "WARNING: axios has known vulnerabilities",
          "Pushing to registry...",
          "Pulling image: alpine:latest",
          "Cache invalidated: dependencies",
          "Compiling components/handler.rs...",
          "Done.",
          "npm notice: package.json updated",
          "Building Docker image...",
          "[12:50:58] DEBUG: Query executed in 29ms",
          "  PASS: e2e/test_user_create.spec.js",
          "Compiling utils/main.py...",
          "Step 19/21: Building",
          "[12:50:58] DEBUG: Loading configuration",
          "Exception: RuntimeError",
          "yarn add: Done in 7.40s",
          "  PASS: test_cache_hit (205ms)",
          "Transforming 905 files...",
          "[12:50:58] DEBUG: Initializing service",
          "Building Docker image...",
          "Step 7/24: Testing",
          "WARNING: webpack has known vulnerabilities",
          "Connection established",
          "\u2713 Task completed in 370ms",
          "Completed.",
          "Connection established",
          "Waiting...",
          "Loading...",
          "Done.",
          "HEAD is now at f8770cf",
          "[12:50:58] DEBUG: Loading configuration",
          "[12:50:58] DEBUG: Query executed in 64ms",
          "[12:50:58] INFO: Request completed",
          "\u2713 All checks passed",
          "Generating source maps...",
          "Artifact downloaded: 9MB",
          "Layer 4/14: COPY command",
          "Optimizing 28 modules...",
          "[12:50:58] DEBUG: Memory usage: 1646MB",
          "Switched to branch 'bugfix/task-899'",
          "[12:50:58] INFO: Request completed",
          "Pushing to registry...",
          "Compiling utils/service.java...",
          "POST /api - 202 (37ms)",
          "OK",
          "Step 19/16: Linting",
          "npm install: added 181 packages",
          "\u2713 Step 'test' succeeded",
          "Test Suites: 49 passed, 35 total",
          "Done.",
          "Cache hit for key-4943",
          "Finished.",
          "\u2713 validate completed",
          "Creating production build...",
          "Cache restored successfully (24MB)",
          "[12:50:58] DEBUG: Memory usage: 306MB",
          "\u2713 Step 'install' succeeded",
          "Minifying main.js",
          "Done.",
          "pip: Downloading jest-2.17.tar.gz",
          "Using Python 3.10",
          "[12:50:58] ERROR: Connection failed",
          "Artifact uploaded: dist.zip (68MB)",
          "Step 20/23: Linting",
          "yarn add: Done in 10.38s",
          "WARNING: react has known vulnerabilities",
          "Completed.",
          "[12:50:58] WARN: Deprecated API usage",
          "Transforming 819 files...",
          "Already up to date.",
          "[12:50:58] ERROR: Connection failed",
          "Success!",
          "Pushing to registry...",
          "yarn add: Done in 11.65s",
          "[12:50:58] WARN: Deprecated API usage",
          "\u26a0 DEPRECATION: Feature will be removed in v4.0",
          "Minifying main.js",
          "[12:50:58] DEBUG: Loading configuration",
          "Pulling image: alpine:3.11",
          "\u26a0 DEPRECATION: Feature will be removed in v4.0",
          "Installing webpack@5.12.8",
          "Bundling styles.css",
          "Cache saved successfully",
          "WARNING: axios has known vulnerabilities",
          "Finished.",
          "\u2713 Task completed in 2746ms",
          "pip: Downloading lodash-2.19.tar.gz",
          "OK",
          "[12:50:58] WARN: Deprecated API usage",
          "HEAD is now at a5a7a82",
          "npm notice: package.json updated",
          "Artifact downloaded: 39MB",
          "Completed.",
          "Bundling main.js",
          "pip: Installing build dependencies...",
          "[12:50:58] ERROR: Connection failed",
          "pip: Installing build dependencies...",
          "[12:50:58] DEBUG: Loading configuration",
          "\u2713 Task completed in 3655ms",
          "Minifying main.js",
          "Platform: linux-x64",
          "[12:50:58] INFO: Cache refreshed",
          "pip: Collecting axios",
          "Artifact downloaded: 6MB",
          "Generating source maps...",
          "POST /upload - 202 (203ms)",
          "\u26a0 DEPRECATION: Feature will be removed in v3.0",
          "[12:50:58] DEBUG: Query executed in 35ms",
          "\u26a0 DEPRECATION: Feature will be removed in v5.0",
          "Processing...",
          "Coverage: 70% statements, 67% branches",
          "Compiling components/main.py...",
          "[12:50:58] WARN: Deprecated API usage",
          "\u2713 All checks passed",
          "Cache invalidated: node_modules",
          "Cache miss for key-6710",
          "Loading...",
          "[12:50:58] INFO: Request completed",
          "[12:50:58] WARN: Deprecated API usage",
          "Compiling src/index.js...",
          "[12:50:58] INFO: Request completed",
          "Loading...",
          "Exception: ValueError",
          "Snapshots: 37 passed, 32 total",
          "Environment: production",
          "Ready.",
          "npm install: resolved 1342 packages",
          "Transforming 858 files...",
          "[12:50:58] WARN: Deprecated API usage",
          "Success!",
          "Time: 88.270s",
          "npm install: resolved 1723 packages",
          "Cache restored successfully (174MB)",
          "WARNING: prettier has known vulnerabilities",
          "  PASS: test_api_health (167ms)",
          "Environment: staging",
          "[12:50:58] DEBUG: Loading configuration",
          "[12:50:58] DEBUG: Query executed in 40ms",
          "[12:50:58] DEBUG: Initializing service",
          "Coverage: 99% statements, 76% branches",
          "Platform: darwin-arm64",
          "Bundling styles.js",
          "Snapshots: 12 passed, 3 total",
          "npm notice: created a lockfile",
          "Cache miss for key-2519",
          "Cache restored successfully (476MB)",
          "POST /api - 201 (480ms)",
          "Creating production build...",
          "\u2713 Task completed in 4024ms",
          "Step 9/16: Deploying",
          "pip: Collecting prettier",
          "Creating production build...",
          "[12:50:58] WARN: Deprecated API usage",
          "Cache saved successfully",
          "[12:50:58] INFO: Connecting to database",
          "Finished.",
          "Cache hit for key-7921",
          "[12:50:58] INFO: Cache refreshed",
          "Artifact downloaded: 35MB",
          "Pushing to registry...",
          "[12:50:58] DEBUG: Memory usage: 453MB",
          "npm notice: package.json updated",
          "TLS handshake completed",
          "Verifying...",
          "npm notice: created a lockfile",
          "Checking out main branch",
          "Step 3/18: Testing",
          "pip: Downloading react-2.13.tar.gz",
          "Artifact uploaded: dist.zip (89MB)",
          "HEAD is now at ce98432",
          "Cache invalidated: node_modules",
          "[12:50:58] WARN: Deprecated API usage",
          "\u26a0 DEPRECATION: Feature will be removed in v5.0",
          "Step 13/20: Building",
          "POST /data - 200 (47ms)",
          "Layer 7/10: ENV command",
          "Finished.",
          "Cache saved successfully",
          "Waiting...",
          "Checking out master branch",
          "[12:50:58] DEBUG: Initializing service",
          "[12:50:58] ERROR: Connection failed",
          "pip: Downloading jest-1.19.tar.gz",
          "Building Docker image...",
          "Step 18/22: Testing",
          "Platform: darwin-arm64",
          "[12:50:58] DEBUG: Memory usage: 1925MB",
          "[12:50:58] INFO: Starting build process",
          "Layer 9/12: COPY command",
          "Time: 104.358s",
          "  PASS: test_api_health (131ms)",
          "Done.",
          "Layer 1/15: RUN command",
          "Using Python 3.11",
          "Tests: 466 passed, 287 total",
          "[12:50:58] INFO: Connecting to database",
          "Using Node.js 15.2.6",
          "Creating production build...",
          "npm install: added 468 packages",
          "Cache saved successfully",
          "OK",
          "Installing lodash@5.3.8",
          "\u2713 All checks passed",
          "Success!",
          "Pushing to registry...",
          "TLS handshake completed",
          "WARNING: webpack has known vulnerabilities",
          "\u2717 build failed with exit code 89",
          "\u2713 All checks passed",
          "Environment: staging",
          "Cache saved successfully",
          "Fetching submodules...",
          "OK",
          "GET /api - 204 (70ms)",
          "[12:50:58] WARN: Deprecated API usage",
          "Completed.",
          "Artifact uploaded: dist.zip (84MB)",
          "\u2713 All checks passed",
          "Pulling image: node:3.11",
          "GET /health - 200 (30ms)",
          "Installing webpack@1.17.4",
          "\u26a0 DEPRECATION: Feature will be removed in v5.0",
          "Step 14/19: Testing",
          "[12:50:58] INFO: Starting build process",
          "\u2713 Task completed in 1286ms",
          "Installing webpack@4.10.5",
          "Building Docker image...",
          "  PASS: integration/test_auth_login.spec.js",
          "Step 11/23: Deploying",
          "Compiling src/utils.go...",
          "pip: Installing build dependencies...",
          "Compiling components/handler.rs...",
          "[12:50:58] INFO: Request completed",
          "Pushing to registry...",
          "Creating production build...",
          "Platform: darwin-arm64",
          "Artifact uploaded: build.tar.gz (39MB)",
          "WARNING: eslint has known vulnerabilities",
          "[12:50:58] INFO: Request completed",
          "Platform: linux-x64",
          "OK",
          "[12:50:58] WARN: Deprecated API usage",
          "Step 20/20: Running migrations",
          "HEAD is now at 8592771",
          "\u26a0 DEPRECATION: Feature will be removed in v5.0",
          "\u26a0 DEPRECATION: Feature will be removed in v2.0",
          "Creating production build...",
          "Artifact uploaded: dist.zip (34MB)",
          "[12:50:58] DEBUG: Connection pool: 4 active",
          "Environment: staging",
          "Bundling runtime.css",
          "Creating production build...",
          "Cache restored successfully (232MB)",
          "\u2713 validate completed",
          "  PASS: e2e/test_user_create.spec.js",
          "Cache invalidated: build",
          "Pulling image: alpine:18",
          "Step 1/25: Building",
          "\u26a0 DEPRECATION: Feature will be removed in v5.0",
          "Transforming 292 files...",
          "Connection established",
          "Compiling components/handler.rs...",
          "Checking out develop branch",
          "Step 2/16: Installing dependencies",
          "Step 6/15: Linting",
          "Snapshots: 49 passed, 36 total",
          "Cache restored successfully (287MB)",
          "[12:50:58] WARN: Deprecated API usage",
          "Step 11/22: Testing",
          "Fetching from https://docker.io/package.json",
          "OK",
          "[12:50:58] DEBUG: Connection pool: 2 active",
          "Cache restored successfully (426MB)",
          "NODE_ENV=development",
          "Finished.",
          "Cache hit for key-2327",
          "[12:50:58] WARN: Deprecated API usage",
          "\u2713 All checks passed",
          "Compiling lib/handler.rs...",
          "[12:50:58] WARN: Deprecated API usage",
          "Finished.",
          "pip: Downloading jest-3.9.tar.gz",
          "Time: 67.710s",
          "Coverage: 89% statements, 98% branches",
          "Artifact downloaded: 21MB",
          "Test Suites: 9 passed, 29 total",
          "Cache restored successfully (373MB)",
          "Waiting...",
          "NODE_ENV=test",
          "Checking out main branch",
          "=== Step upload_artifacts completed ==="
        ]
      },
      {
        "name": "build",
        "status": "success",
        "started_at": "2025-12-09T12:52:38.922584",
        "finished_at": "2025-12-09T12:53:10.882308",
        "log_lines": [
          "=== Step: build ===",
          "Uploading artifact 'coverage' (24 files)",
          "Artifact uploaded: build.tar.gz (45MB)",
          "\u2713 build completed",
          "[12:50:58] DEBUG: Query executed in 63ms",
          "Completed.",
          "Image pulled successfully",
          "Step 3/24: Installing dependencies",
          "Cache miss for key-3401",
          "Step 18/16: Building",
          "Loading...",
          "Environment: staging",
          "Installing lodash@1.7.9",
          "Test Suites: 35 passed, 33 total",
          "[12:50:58] WARN: Deprecated API usage",
          "Environment: staging",
          "[12:50:58] DEBUG: Loading configuration",
          "Checking out main branch",
          "Processing...",
          "Step 18/22: Running migrations",
          "Already up to date.",
          "Tests: 96 passed, 151 total",
          "Switched to branch 'feature/task-664'",
          "Step 12/19: Building",
          "NODE_ENV=production",
          "Step 14/17: Linting",
          "Image pulled successfully",
          "  PASS: e2e/test_api_health.spec.js",
          "Compiling src/index.js...",
          "GET /status - 200 (26ms)",
          "[12:50:58] DEBUG: Initializing service",
          "Fetching submodules...",
          "Bundling styles.js",
          "pip: Installing build dependencies...",
          "  PASS: test_user_create (240ms)",
          "OK",
          "Step 5/23: Running migrations",
          "Finished.",
          "Bundling runtime.css",
          "[12:50:58] INFO: Processing request",
          "Cache invalidated: node_modules",
          "Exception: RuntimeError",
          "\u26a0 DEPRECATION: Feature will be removed in v2.0",
          "\u26a0 DEPRECATION: Feature will be removed in v3.0",
          "npm notice: package.json updated",
          "WARNING: webpack has known vulnerabilities",
          "Compiling src/app.ts...",
          "\u2713 All checks passed",
          "Step 18/25: Installing dependencies",
          "npm install: added 326 packages",
          "TLS handshake completed",
          "\u2717 build failed with exit code 127",
          "Tests: 417 passed, 216 total",
          "Cache restored successfully (496MB)",
          "Step 16/23: Installing dependencies",
          "\u26a0 DEPRECATION: Feature will be removed in v2.0",
          "Pushing to registry...",
          "pip install: Successfully installed lodash-5.11",
          "GET /api - 204 (59ms)",
          "Compiling utils/utils.go...",
          "Pushing to registry...",
          "Transforming 793 files...",
          "[12:50:58] INFO: Connecting to database",
          "Loading...",
          "pip: Downloading jest-1.0.tar.gz",
          "Uploading artifact 'coverage' (24 files)",
          "Completed.",
          "Artifact downloaded: 35MB",
          "\u26a0 DEPRECATION: Feature will be removed in v5.0",
          "pip: Collecting lodash",
          "Compiling lib/main.py...",
          "pip: Downloading prettier-4.14.tar.gz",
          "Exception: NullPointerException",
          "[12:50:58] INFO: Cache refreshed",
          "npm notice: created a lockfile",
          "Snapshots: 23 passed, 29 total",
          "Step 11/24: Installing dependencies",
          "Tests: 393 passed, 412 total",
          "Step 18/20: Linting",
          "pip: Downloading prettier-1.16.tar.gz",
          "GET /api - 200 (79ms)",
          "Artifact uploaded: dist.zip (43MB)",
          "  PASS: e2e/test_user_create.spec.js",
          "Ready.",
          "[12:50:58] DEBUG: Loading configuration",
          "GET /health - 200 (97ms)",
          "[12:50:58] DEBUG: Loading configuration",
          "Compiling src/app.ts...",
          "[12:50:58] DEBUG: Loading configuration",
          "[12:50:58] INFO: Connecting to database",
          "npm install: added 414 packages",
          "Platform: win32-x64",
          "Cache saved successfully",
          "FAILED: test_api_health",
          "\u2713 Step 'checkout' succeeded",
          "Cache restored successfully (498MB)",
          "GET /health - 201 (6ms)",
          "Uploading artifact 'dist' (37 files)",
          "Loading...",
          "Compiling src/service.java...",
          "\u26a0 DEPRECATION: Feature will be removed in v5.0",
          "Using Node.js 15.13.5",
          "Snapshots: 18 passed, 48 total",
          "  PASS: test_cache_hit (41ms)",
          "Step 12/20: Building",
          "FAILED: test_db_connect",
          "pip install: Successfully installed jest-5.12",
          "POST /data - 201 (200ms)",
          "pip: Collecting eslint",
          "npm notice: created a lockfile",
          "[12:50:58] ERROR: Connection failed",
          "Pushing to registry...",
          "Step 10/16: Deploying",
          "Artifact downloaded: 43MB",
          "Waiting...",
          "Already up to date.",
          "pip install: Successfully installed react-2.9",
          "Creating production build...",
          "Processing...",
          "Ready.",
          "pip: Installing build dependencies...",
          "pip: Installing build dependencies...",
          "Tests: 73 passed, 372 total",
          "Layer 4/15: RUN command",
          "NODE_ENV=test",
          "Step 14/22: Installing dependencies",
          "Done.",
          "Cache saved successfully",
          "[12:50:58] DEBUG: Initializing service",
          "Processing...",
          "npm install: added 116 packages",
          "Step 5/22: Building",
          "\u2713 Task completed in 4441ms",
          "WARNING: eslint has known vulnerabilities",
          "[12:50:58] DEBUG: Initializing service",
          "GET /health - 200 (85ms)",
          "Step 19/16: Testing",
          "\u2713 All checks passed",
          "Layer 4/11: RUN command",
          "TLS handshake completed",
          "[12:50:58] DEBUG: Memory usage: 623MB",
          "Switched to branch 'hotfix/task-523'",
          "Cache invalidated: build",
          "pip: Downloading eslint-2.5.tar.gz",
          "pip: Collecting jest",
          "Step 14/16: Testing",
          "[12:50:58] DEBUG: Query executed in 52ms",
          "Transforming 964 files...",
          "Completed.",
          "Uploading artifact 'coverage' (28 files)",
          "Platform: darwin-arm64",
          "Waiting...",
          "Ran 68 tests in 15s",
          "Cache hit for key-9119",
          "Uploading artifact 'coverage' (11 files)",
          "\u2713 Task completed in 2256ms",
          "  PASS: unit/test_auth_login.spec.js",
          "[12:50:58] ERROR: Connection failed",
          "[12:50:58] WARN: Deprecated API usage",
          "[12:50:58] ERROR: Connection failed",
          "Checking out master branch",
          "Environment: test",
          "[12:50:58] DEBUG: Initializing service",
          "Switched to branch 'bugfix/task-811'",
          "pip: Downloading eslint-3.3.tar.gz",
          "Processing...",
          "GET /api - 200 (93ms)",
          "Image pulled successfully",
          "pip install: Successfully installed axios-2.12",
          "Pulling image: node:3.11",
          "[12:50:58] INFO: Connecting to database",
          "Already up to date.",
          "Ready.",
          "GET /api - 200 (50ms)",
          "Compiling components/handler.rs...",
          "[12:50:58] DEBUG: Query executed in 25ms",
          "  PASS: test_user_create (176ms)",
          "Artifact uploaded: build.tar.gz (3MB)",
          "Compiling utils/main.py...",
          "Compiling lib/handler.rs...",
          "[12:50:58] DEBUG: Initializing service",
          "Step 2/20: Linting",
          "Fetching submodules...",
          "[12:50:58] DEBUG: Connection pool: 5 active",
          "Uploading artifact 'dist' (47 files)",
          "Environment: development",
          "Waiting...",
          "[12:50:58] ERROR: Connection failed",
          "Optimizing 10 modules...",
          "Cache invalidated: build",
          "Time: 115.318s",
          "Step 18/19: Running migrations",
          "Layer 9/10: RUN command",
          "Fetching from https://github.com/package.json",
          "Image pulled successfully",
          "npm notice: created a lockfile",
          "[12:50:58] DEBUG: Connection pool: 16 active",
          "\u2713 All checks passed",
          "WARNING: lodash has known vulnerabilities",
          "npm install: resolved 743 packages",
          "Layer 5/13: COPY command",
          "[12:50:58] INFO: Processing request",
          "Pulling image: python:latest",
          "Finished.",
          "Completed.",
          "Compiling utils/main.py...",
          "[12:50:58] INFO: Connecting to database",
          "Installing prettier@1.11.5",
          "Fetching submodules...",
          "Test Suites: 42 passed, 23 total",
          "  PASS: unit/test_auth_login.spec.js",
          "Step 6/17: Linting",
          "Minifying app.js",
          "pip: Installing build dependencies...",
          "npm install: added 364 packages",
          "Tests: 61 passed, 183 total",
          "Building Docker image...",
          "Switched to branch 'feature/task-392'",
          "[12:50:58] INFO: Starting build process",
          "[12:50:58] INFO: Cache refreshed",
          "Already up to date.",
          "[12:50:58] WARN: Deprecated API usage",
          "[12:50:58] DEBUG: Query executed in 21ms",
          "POST /upload - 200 (395ms)",
          "Step 7/18: Building",
          "pip install: Successfully installed react-1.5",
          "Checking out main branch",
          "Time: 15.381s",
          "Platform: darwin-arm64",
          "[12:50:58] ERROR: Connection failed",
          "\u2713 Step 'setup' succeeded",
          "\u2713 validate completed",
          "Ready.",
          "Compiling utils/index.js...",
          "Layer 4/10: RUN command",
          "  PASS: integration/test_user_create.spec.js",
          "\u2713 All checks passed",
          "Creating production build...",
          "\u26a0 DEPRECATION: Feature will be removed in v5.0",
          "[12:50:58] INFO: Processing request",
          "\u2713 Step 'checkout' succeeded",
          "Compiling src/service.java...",
          "Step 5/25: Deploying",
          "Cache saved successfully",
          "Cache restored successfully (263MB)",
          "TLS handshake completed",
          "Using Node.js 19.10.0",
          "GET /status - 204 (53ms)",
          "Compiling utils/index.js...",
          "pip: Downloading lodash-3.2.tar.gz",
          "\u26a0 DEPRECATION: Feature will be removed in v3.0",
          "Step 4/22: Installing dependencies",
          "Optimizing 86 modules...",
          "Ready.",
          "Coverage: 92% statements, 91% branches",
          "Verifying...",
          "Step 6/25: Installing dependencies",
          "Snapshots: 35 passed, 30 total",
          "FAILED: test_cache_hit",
          "Platform: win32-x64",
          "Uploading artifact 'dist' (12 files)",
          "Cache miss for key-3371",
          "Verifying...",
          "Fetching from https://githubusercontent.com/package.json",
          "Finished.",
          "Building Docker image...",
          "npm install: resolved 839 packages",
          "Artifact uploaded: build.tar.gz (31MB)",
          "[12:50:58] DEBUG: Connection pool: 3 active",
          "Cache saved successfully",
          "[12:50:58] DEBUG: Loading configuration",
          "Generating source maps...",
          "Step 2/23: Testing",
          "Optimizing 83 modules...",
          "\u26a0 DEPRECATION: Feature will be removed in v2.0",
          "Compiling lib/utils.go...",
          "[12:50:58] DEBUG: Connection pool: 7 active",
          "Compiling src/utils.go...",
          "GET /health - 204 (43ms)",
          "WARNING: lodash has known vulnerabilities",
          "  PASS: test_auth_login (181ms)",
          "  PASS: e2e/test_api_health.spec.js",
          "Installing jest@5.12.2",
          "Compiling utils/service.java...",
          "Artifact uploaded: dist.zip (82MB)",
          "Completed.",
          "GET /status - 204 (48ms)",
          "Step 20/25: Deploying",
          "Connection established",
          "Compiling lib/service.java...",
          "npm notice: package.json updated",
          "Compiling utils/service.java...",
          "Verifying...",
          "Finished.",
          "Compiling components/app.ts...",
          "Completed.",
          "Compiling lib/service.java...",
          "Minifying vendor.js",
          "Generating source maps...",
          "=== Step build completed ==="
        ]
      },
      {
        "name": "lint",
        "status": "success",
        "started_at": "2025-12-09T12:53:10.882308",
        "finished_at": "2025-12-09T12:53:21.535549",
        "log_lines": [
          "=== Step: lint ===",
          "Optimizing 91 modules...",
          "Fetching from https://amazonaws.com/package.json",
          "Coverage: 100% statements, 95% branches",
          "[12:50:58] WARN: Deprecated API usage",
          "WARNING: axios has known vulnerabilities",
          "Cache hit for key-9416",
          "Waiting...",
          "Success!",
          "\u26a0 DEPRECATION: Feature will be removed in v3.0",
          "Tests: 461 passed, 239 total",
          "npm install: resolved 862 packages",
          "Generating source maps...",
          "Processing...",
          "Layer 4/9: COPY command",
          "  PASS: e2e/test_db_connect.spec.js",
          "Cache miss for key-5010",
          "Snapshots: 7 passed, 17 total",
          "Done.",
          "[12:50:58] DEBUG: Connection pool: 11 active",
          "Optimizing 40 modules...",
          "Image pulled successfully",
          "Fetching submodules...",
          "[12:50:58] INFO: Cache refreshed",
          "Switched to branch 'feature/task-679'",
          "POST /upload - 200 (126ms)",
          "[12:50:58] INFO: Processing request",
          "Optimizing 55 modules...",
          "Cache invalidated: build",
          "\u2713 deploy completed",
          "Verifying...",
          "Verifying...",
          "\u2713 All checks passed",
          "Test Suites: 19 passed, 49 total",
          "Test Suites: 15 passed, 27 total",
          "Loading...",
          "Environment: development",
          "\u26a0 DEPRECATION: Feature will be removed in v3.0",
          "[12:50:58] DEBUG: Query executed in 34ms",
          "Cache miss for key-3130",
          "\u26a0 DEPRECATION: Feature will be removed in v5.0",
          "pip: Downloading axios-2.15.tar.gz",
          "[12:50:58] DEBUG: Memory usage: 1104MB",
          "[12:50:58] INFO: Request completed",
          "Snapshots: 23 passed, 46 total",
          "pip: Installing build dependencies...",
          "[12:50:58] INFO: Request completed",
          "  PASS: test_user_create (242ms)",
          "Building Docker image...",
          "NODE_ENV=production",
          "[12:50:58] WARN: Deprecated API usage",
          "yarn add: Done in 15.71s",
          "Verifying...",
          "npm notice: package.json updated",
          "Cache invalidated: node_modules",
          "pip: Collecting jest",
          "[12:50:58] ERROR: Connection failed",
          "POST /upload - 200 (437ms)",
          "  PASS: test_cache_hit (177ms)",
          "Pulling image: python:18",
          "\u2713 All checks passed",
          "Minifying main.js",
          "Checking out develop branch",
          "TLS handshake completed",
          "\u2713 validate completed",
          "Generating source maps...",
          "\u2713 lint completed",
          "Cache hit for key-8822",
          "Step 15/19: Running migrations",
          "Success!",
          "pip: Collecting webpack",
          "\u2713 Step 'checkout' succeeded",
          "Finished.",
          "\u26a0 DEPRECATION: Feature will be removed in v3.0",
          "Cache miss for key-1323",
          "Pushing to registry...",
          "Cache invalidated: node_modules",
          "Done.",
          "Time: 4.637s",
          "[12:50:58] INFO: Request completed",
          "\u2713 validate completed",
          "\u26a0 DEPRECATION: Feature will be removed in v2.0",
          "Artifact uploaded: dist.zip (2MB)",
          "\u26a0 DEPRECATION: Feature will be removed in v4.0",
          "Uploading artifact 'build' (5 files)",
          "Step 14/24: Deploying",
          "[12:50:58] DEBUG: Query executed in 93ms",
          "Compiling components/service.java...",
          "pip: Installing build dependencies...",
          "TLS handshake completed",
          "Step 9/16: Linting",
          "\u26a0 DEPRECATION: Feature will be removed in v4.0",
          "npm notice: package.json updated",
          "Fetching submodules...",
          "Step 20/20: Running migrations",
          "Step 11/16: Running migrations",
          "Exception: ValueError",
          "Using Python 3.11",
          "TLS handshake completed",
          "Processing...",
          "Compiling lib/index.js...",
          "HEAD is now at bd20ff1",
          "Cache restored successfully (214MB)",
          "  PASS: integration/test_db_connect.spec.js",
          "Compiling components/service.java...",
          "Time: 31.166s",
          "Cache miss for key-2634",
          "\u26a0 DEPRECATION: Feature will be removed in v3.0",
          "\u2713 All checks passed",
          "Using Node.js 20.17.5",
          "Artifact downloaded: 10MB",
          "Cache saved successfully",
          "Success!",
          "npm notice: created a lockfile",
          "\u2713 All checks passed",
          "Artifact uploaded: dist.zip (13MB)",
          "Artifact uploaded: build.tar.gz (44MB)",
          "[12:50:58] WARN: Deprecated API usage",
          "HEAD is now at c927048",
          "Step 6/20: Building",
          "\u2713 All checks passed",
          "Compiling utils/handler.rs...",
          "\u2713 All checks passed",
          "[12:50:58] INFO: Request completed",
          "Ready.",
          "[12:50:58] INFO: Connecting to database",
          "\u2713 All checks passed",
          "[12:50:58] DEBUG: Memory usage: 1127MB",
          "\u26a0 DEPRECATION: Feature will be removed in v5.0",
          "[12:50:58] INFO: Request completed",
          "[12:50:58] DEBUG: Connection pool: 6 active",
          "npm install: resolved 964 packages",
          "Transforming 961 files...",
          "\u2717 build failed with exit code 47",
          "Finished.",
          "[12:50:58] DEBUG: Initializing service",
          "Artifact uploaded: build.tar.gz (7MB)",
          "Step 18/24: Running migrations",
          "Step 8/22: Testing",
          "Artifact uploaded: dist.zip (33MB)",
          "Cache restored successfully (246MB)",
          "Finished.",
          "Uploading artifact 'coverage' (31 files)",
          "Environment: development",
          "Verifying...",
          "[12:50:58] DEBUG: Connection pool: 14 active",
          "Loading...",
          "npm notice: package.json updated",
          "Ran 164 tests in 25s",
          "[12:50:58] WARN: Deprecated API usage",
          "Time: 118.458s",
          "Waiting...",
          "\u2713 test completed",
          "yarn add: Done in 30.4s",
          "Pushing to registry...",
          "Connection established",
          "Time: 94.191s",
          "Compiling src/handler.rs...",
          "Already up to date.",
          "[12:50:58] DEBUG: Connection pool: 17 active",
          "Waiting...",
          "Step 7/20: Running migrations",
          "Snapshots: 22 passed, 43 total",
          "[12:50:58] DEBUG: Initializing service",
          "Success!",
          "HEAD is now at ec70225",
          "Fetching from https://amazonaws.com/package.json",
          "Using Node.js 18.10.3",
          "Generating source maps...",
          "Step 19/20: Installing dependencies",
          "Using Python 3.11",
          "\u2713 Task completed in 1668ms",
          "pip install: Successfully installed express-2.13",
          "[12:50:58] INFO: Request completed",
          "[12:50:58] INFO: Processing request",
          "pip install: Successfully installed jest-4.0",
          "Image pulled successfully",
          "Creating production build...",
          "Cache hit for key-3417",
          "Uploading artifact 'coverage' (42 files)",
          "[12:50:58] INFO: Starting build process",
          "\u26a0 DEPRECATION: Feature will be removed in v3.0",
          "Cache hit for key-2816",
          "\u2713 All checks passed",
          "\u2713 validate completed",
          "[12:50:58] ERROR: Connection failed",
          "Already up to date.",
          "Cache invalidated: node_modules",
          "[12:50:58] INFO: Cache refreshed",
          "Step 4/23: Installing dependencies",
          "[12:50:58] DEBUG: Initializing service",
          "\u2713 Task completed in 1934ms",
          "Compiling utils/utils.go...",
          "Ran 113 tests in 39s",
          "\u2713 All checks passed",
          "npm install: added 307 packages",
          "Fetching from https://gcr.io/package.json",
          "pip: Collecting prettier",
          "Verifying...",
          "Layer 1/8: RUN command",
          "[12:50:58] DEBUG: Connection pool: 14 active",
          "Transforming 694 files...",
          "Tests: 252 passed, 449 total",
          "Cache restored successfully (90MB)",
          "Step 14/24: Installing dependencies",
          "Artifact downloaded: 18MB",
          "Layer 10/11: COPY command",
          "Loading...",
          "Verifying...",
          "Step 17/20: Deploying",
          "Creating production build...",
          "Environment: test",
          "Test Suites: 29 passed, 13 total",
          "NODE_ENV=production",
          "Cache invalidated: node_modules",
          "Creating production build...",
          "[12:50:58] DEBUG: Query executed in 97ms",
          "Compiling utils/main.py...",
          "pip: Downloading prettier-5.13.tar.gz",
          "\u2713 Step 'install' succeeded",
          "Bundling main.js",
          "[12:50:58] WARN: Deprecated API usage",
          "[12:50:58] INFO: Cache refreshed",
          "Bundling runtime.css",
          "Processing...",
          "Finished.",
          "HEAD is now at d78f6a7",
          "FAILED: test_api_health",
          "Artifact uploaded: dist.zip (60MB)",
          "\u2713 All checks passed",
          "POST /api - 200 (467ms)",
          "[12:50:58] INFO: Cache refreshed",
          "Artifact uploaded: build.tar.gz (7MB)",
          "Bundling vendor.js",
          "Cache restored successfully (497MB)",
          "Switched to branch 'hotfix/task-916'",
          "Cache hit for key-2155",
          "NODE_ENV=development",
          "\u2713 package completed",
          "Coverage: 89% statements, 61% branches",
          "Minifying app.js",
          "Step 20/19: Deploying",
          "\u2713 Task completed in 3251ms",
          "[12:50:58] INFO: Processing request",
          "npm notice: package.json updated",
          "  PASS: e2e/test_user_create.spec.js",
          "Fetching from https://docker.io/package.json",
          "Cache hit for key-4320",
          "[12:50:58] INFO: Connecting to database",
          "[12:50:58] WARN: Deprecated API usage",
          "GET /api - 200 (44ms)",
          "\u2713 Step 'test' succeeded",
          "[12:50:58] ERROR: Connection failed",
          "Done.",
          "Installing express@2.15.0",
          "Artifact downloaded: 5MB",
          "Step 2/17: Linting",
          "Step 11/18: Testing",
          "Pulling image: node:18",
          "[12:50:58] WARN: Deprecated API usage",
          "Creating production build...",
          "Step 6/18: Building",
          "[12:50:58] WARN: Deprecated API usage",
          "Layer 1/11: ENV command",
          "\u26a0 DEPRECATION: Feature will be removed in v4.0",
          "Step 12/21: Installing dependencies",
          "Verifying...",
          "GET /health - 201 (10ms)",
          "Finished.",
          "TLS handshake completed",
          "pip: Installing build dependencies...",
          "\u2713 lint completed",
          "Step 18/18: Linting",
          "Step 4/25: Deploying",
          "[12:50:58] WARN: Deprecated API usage",
          "Minifying vendor.js",
          "Loading...",
          "Processing...",
          "  PASS: test_db_connect (158ms)",
          "Finished.",
          "Layer 10/8: ENV command",
          "Ran 42 tests in 6s",
          "Ready.",
          "TLS handshake completed",
          "Cache restored successfully (334MB)",
          "[12:50:58] INFO: Cache refreshed",
          "pip: Collecting lodash",
          "Generating source maps...",
          "Cache hit for key-7713",
          "Step 7/19: Installing dependencies",
          "\u2717 build failed with exit code 115",
          "Compiling src/service.java...",
          "Already up to date.",
          "Checking out master branch",
          "Cache restored successfully (385MB)",
          "Step 19/16: Linting",
          "Artifact uploaded: dist.zip (46MB)",
          "Snapshots: 23 passed, 10 total",
          "  PASS: e2e/test_db_connect.spec.js",
          "=== Step lint completed ==="
        ]
      },
      {
        "name": "unit_tests",
        "status": "success",
        "started_at": "2025-12-09T12:53:21.535549",
        "finished_at": "2025-12-09T12:53:53.495273",
        "log_lines": [
          "=== Step: unit_tests ===",
          "OK",
          "Connection established",
          "pip: Downloading lodash-4.20.tar.gz",
          "Bundling main.js",
          "npm notice: created a lockfile",
          "Bundling main.js",
          "[12:50:58] DEBUG: Query executed in 81ms",
          "Step 15/23: Installing dependencies",
          "Cache miss for key-2396",
          "Fetching submodules...",
          "Cache hit for key-5057",
          "OK",
          "[12:50:58] INFO: Starting build process",
          "Finished.",
          "[12:50:58] DEBUG: Connection pool: 5 active",
          "Fetching submodules...",
          "Optimizing 45 modules...",
          "Test Suites: 31 passed, 46 total",
          "pip: Downloading eslint-1.1.tar.gz",
          "\u2717 build failed with exit code 41",
          "GET /status - 200 (65ms)",
          "Optimizing 17 modules...",
          "Test Suites: 16 passed, 15 total",
          "[12:50:58] INFO: Processing request",
          "[12:50:58] INFO: Processing request",
          "Exception: RuntimeError",
          "NODE_ENV=development",
          "Pushing to registry...",
          "[12:50:58] DEBUG: Memory usage: 1893MB",
          "Step 12/20: Running migrations",
          "Step 18/23: Building",
          "Cache hit for key-4930",
          "[12:50:58] ERROR: Connection failed",
          "Already up to date.",
          "\u2713 Step 'install' succeeded",
          "npm install: resolved 188 packages",
          "Generating source maps...",
          "Waiting...",
          "Environment: test",
          "Artifact downloaded: 18MB",
          "Bundling vendor.css",
          "Compiling utils/service.java...",
          "pip: Installing build dependencies...",
          "Connection established",
          "Test Suites: 16 passed, 26 total",
          "Step 8/24: Linting",
          "Generating source maps...",
          "Step 13/19: Running migrations",
          "Checking out master branch",
          "Minifying app.js",
          "Done.",
          "WARNING: eslint has known vulnerabilities",
          "Generating source maps...",
          "yarn add: Done in 12.82s",
          "Coverage: 74% statements, 91% branches",
          "Step 14/19: Deploying",
          "Generating source maps...",
          "Already up to date.",
          "Cache hit for key-4578",
          "WARNING: prettier has known vulnerabilities",
          "Using Node.js 19.8.6",
          "Ran 108 tests in 40s",
          "\u26a0 DEPRECATION: Feature will be removed in v5.0",
          "TLS handshake completed",
          "Time: 56.147s",
          "[12:50:58] DEBUG: Connection pool: 16 active",
          "Pulling image: node:latest",
          "Cache hit for key-4353",
          "Artifact uploaded: dist.zip (74MB)",
          "Layer 1/13: RUN command",
          "Generating source maps...",
          "Tests: 272 passed, 240 total",
          "\u2713 lint completed",
          "\u2717 build failed with exit code 43",
          "\u2717 build failed with exit code 119",
          "npm install: resolved 1807 packages",
          "pip install: Successfully installed express-4.8",
          "[12:50:58] INFO: Cache refreshed",
          "npm install: resolved 568 packages",
          "npm install: added 457 packages",
          "WARNING: jest has known vulnerabilities",
          "Building Docker image...",
          "Creating production build...",
          "[12:50:58] WARN: Deprecated API usage",
          "HEAD is now at 25184c1",
          "Done.",
          "Step 15/22: Installing dependencies",
          "Layer 3/10: COPY command",
          "npm install: added 124 packages",
          "Cache miss for key-4034",
          "Done.",
          "pip: Downloading prettier-3.6.tar.gz",
          "pip: Installing build dependencies...",
          "Step 7/19: Testing",
          "Image pulled successfully",
          "GET /health - 201 (52ms)",
          "Processing...",
          "Cache hit for key-6114",
          "Optimizing 62 modules...",
          "Success!",
          "Step 8/18: Running migrations",
          "\u2713 deploy completed",
          "\u2713 Step 'build' succeeded",
          "TLS handshake completed",
          "[12:50:58] INFO: Starting build process",
          "\u2713 All checks passed",
          "[12:50:58] DEBUG: Connection pool: 5 active",
          "Fetching from https://githubusercontent.com/package.json",
          "Connection established",
          "Cache miss for key-1232",
          "Compiling lib/utils.go...",
          "WARNING: axios has known vulnerabilities",
          "yarn add: Done in 8.71s",
          "\u26a0 DEPRECATION: Feature will be removed in v4.0",
          "[12:50:58] DEBUG: Memory usage: 269MB",
          "Verifying...",
          "npm install: added 140 packages",
          "Building Docker image...",
          "npm notice: package.json updated",
          "Waiting...",
          "Done.",
          "OK",
          "Cache saved successfully",
          "Step 2/23: Deploying",
          "Cache saved successfully",
          "pip install: Successfully installed jest-4.20",
          "GET /api - 200 (99ms)",
          "Cache saved successfully",
          "Optimizing 55 modules...",
          "Optimizing 91 modules...",
          "\u2713 All checks passed",
          "HEAD is now at 66e3d56",
          "Bundling main.css",
          "[12:50:58] DEBUG: Loading configuration",
          "Step 7/18: Deploying",
          "OK",
          "Artifact downloaded: 25MB",
          "[12:50:58] INFO: Request completed",
          "WARNING: axios has known vulnerabilities",
          "[12:50:58] DEBUG: Connection pool: 3 active",
          "Test Suites: 38 passed, 8 total",
          "Checking out develop branch",
          "Coverage: 76% statements, 85% branches",
          "Compiling src/index.js...",
          "npm notice: package.json updated",
          "Artifact uploaded: build.tar.gz (18MB)",
          "Ran 56 tests in 23s",
          "npm notice: created a lockfile",
          "Cache miss for key-1768",
          "yarn add: Done in 30.7s",
          "Pulling image: alpine:18",
          "Compiling utils/handler.rs...",
          "Tests: 406 passed, 134 total",
          "pip: Installing build dependencies...",
          "Pulling image: node:latest",
          "POST /data - 202 (429ms)",
          "Processing...",
          "Environment: production",
          "[12:50:58] DEBUG: Initializing service",
          "Artifact uploaded: dist.zip (26MB)",
          "Transforming 698 files...",
          "Cache miss for key-4427",
          "Already up to date.",
          "Time: 38.387s",
          "npm install: resolved 1564 packages",
          "Platform: win32-x64",
          "pip install: Successfully installed lodash-3.13",
          "Processing...",
          "Pulling image: node:3.11",
          "Artifact downloaded: 37MB",
          "OK",
          "Coverage: 71% statements, 98% branches",
          "POST /api - 201 (331ms)",
          "Step 9/15: Testing",
          "Verifying...",
          "OK",
          "Using Node.js 19.16.1",
          "Uploading artifact 'dist' (40 files)",
          "Step 6/15: Running migrations",
          "Step 7/15: Building",
          "GET /api - 201 (15ms)",
          "yarn add: Done in 4.84s",
          "FAILED: test_db_connect",
          "Test Suites: 50 passed, 40 total",
          "Test Suites: 32 passed, 34 total",
          "Switched to branch 'hotfix/task-813'",
          "POST /api - 202 (197ms)",
          "Artifact uploaded: dist.zip (66MB)",
          "Compiling lib/index.js...",
          "[12:50:58] WARN: Deprecated API usage",
          "WARNING: react has known vulnerabilities",
          "Artifact uploaded: dist.zip (59MB)",
          "\u2713 All checks passed",
          "pip install: Successfully installed axios-4.12",
          "[12:50:58] DEBUG: Connection pool: 16 active",
          "pip: Collecting express",
          "[12:50:58] INFO: Connecting to database",
          "Snapshots: 42 passed, 43 total",
          "Using Python 3.12",
          "pip: Downloading prettier-2.7.tar.gz",
          "Success!",
          "npm notice: package.json updated",
          "Checking out develop branch",
          "NODE_ENV=production",
          "Step 10/15: Linting",
          "Environment: staging",
          "HEAD is now at 307c78d",
          "Artifact downloaded: 25MB",
          "pip: Downloading lodash-3.5.tar.gz",
          "Compiling components/service.java...",
          "  PASS: test_api_health (213ms)",
          "Snapshots: 32 passed, 40 total",
          "Bundling main.css",
          "[12:50:58] DEBUG: Initializing service",
          "Artifact downloaded: 27MB",
          "Compiling src/app.ts...",
          "Loading...",
          "Success!",
          "[12:50:58] DEBUG: Memory usage: 1699MB",
          "Processing...",
          "pip: Downloading express-4.10.tar.gz",
          "[12:50:58] INFO: Starting build process",
          "Artifact uploaded: dist.zip (32MB)",
          "Step 15/17: Building",
          "Snapshots: 30 passed, 46 total",
          "Verifying...",
          "[12:50:58] ERROR: Connection failed",
          "Installing prettier@2.14.9",
          "Platform: win32-x64",
          "Cache saved successfully",
          "Waiting...",
          "Cache restored successfully (17MB)",
          "Installing react@4.2.1",
          "Time: 37.896s",
          "Fetching from https://github.com/package.json",
          "\u2713 Task completed in 2759ms",
          "Pulling image: node:18",
          "  PASS: unit/test_cache_hit.spec.js",
          "npm notice: created a lockfile",
          "Verifying...",
          "[12:50:58] DEBUG: Initializing service",
          "OK",
          "Compiling utils/main.py...",
          "Cache hit for key-8884",
          "Environment: development",
          "[12:50:58] WARN: Deprecated API usage",
          "[12:50:58] DEBUG: Memory usage: 878MB",
          "Cache miss for key-8250",
          "Completed.",
          "[12:50:58] DEBUG: Loading configuration",
          "[12:50:58] INFO: Starting build process",
          "Building Docker image...",
          "[12:50:58] INFO: Starting build process",
          "Cache hit for key-3182",
          "[12:50:58] INFO: Connecting to database",
          "Building Docker image...",
          "[12:50:58] DEBUG: Connection pool: 6 active",
          "\u26a0 DEPRECATION: Feature will be removed in v5.0",
          "Compiling src/app.ts...",
          "pip: Collecting react",
          "Cache hit for key-6409",
          "Snapshots: 10 passed, 17 total",
          "Uploading artifact 'dist' (35 files)",
          "\u26a0 DEPRECATION: Feature will be removed in v5.0",
          "Step 13/17: Testing",
          "npm notice: package.json updated",
          "Connection established",
          "Step 20/22: Installing dependencies",
          "HEAD is now at 0b2cd1e",
          "pip install: Successfully installed eslint-2.14",
          "Pulling image: python:3.11",
          "Ran 62 tests in 32s",
          "[12:50:58] INFO: Starting build process",
          "Fetching from https://pypi.org/package.json",
          "[12:50:58] WARN: Deprecated API usage",
          "Artifact uploaded: dist.zip (32MB)",
          "  PASS: unit/test_db_connect.spec.js",
          "[12:50:58] INFO: Processing request",
          "Cache restored successfully (382MB)",
          "Environment: development",
          "Processing...",
          "pip: Installing build dependencies...",
          "  PASS: test_db_connect (498ms)",
          "Generating source maps...",
          "[12:50:58] DEBUG: Memory usage: 1568MB",
          "\u2713 Task completed in 3657ms",
          "[12:50:58] DEBUG: Loading configuration",
          "Step 6/21: Testing",
          "Step 12/20: Testing",
          "Installing react@2.6.4",
          "Compiling lib/app.ts...",
          "Compiling components/index.js...",
          "[12:50:58] INFO: Processing request",
          "[12:50:58] INFO: Connecting to database",
          "HEAD is now at 32d48f9",
          "Step 8/15: Running migrations",
          "Compiling lib/utils.go...",
          "pip install: Successfully installed webpack-2.19",
          "=== Step unit_tests completed ==="
        ]
      },
      {
        "name": "restore_cache",
        "status": "success",
        "started_at": "2025-12-09T12:53:53.495273",
        "finished_at": "2025-12-09T12:53:59.887218",
        "log_lines": [
          "=== Step: restore_cache ===",
          "Completed.",
          "Compiling components/index.js...",
          "npm install: resolved 1563 packages",
          "  PASS: e2e/test_cache_hit.spec.js",
          "Waiting...",
          "Success!",
          "Generating source maps...",
          "[12:50:58] DEBUG: Query executed in 25ms",
          "TLS handshake completed",
          "Cache miss for key-6690",
          "Platform: linux-x64",
          "Bundling styles.js",
          "Completed.",
          "Artifact downloaded: 35MB",
          "Cache invalidated: node_modules",
          "Step 10/21: Running migrations",
          "npm notice: package.json updated",
          "Switched to branch 'bugfix/task-152'",
          "Switched to branch 'hotfix/task-895'",
          "Checking out master branch",
          "Optimizing 74 modules...",
          "Done.",
          "Artifact uploaded: build.tar.gz (14MB)",
          "pip install: Successfully installed webpack-1.10",
          "[12:50:58] ERROR: Connection failed",
          "[12:50:58] DEBUG: Memory usage: 1259MB",
          "Compiling lib/index.js...",
          "[12:50:58] INFO: Starting build process",
          "\u2713 All checks passed",
          "Using Node.js 16.2.8",
          "Building Docker image...",
          "Compiling lib/service.java...",
          "Artifact uploaded: build.tar.gz (15MB)",
          "[12:50:58] DEBUG: Initializing service",
          "Ran 151 tests in 15s",
          "Environment: production",
          "Installing jest@4.6.2",
          "Success!",
          "npm notice: created a lockfile",
          "\u26a0 DEPRECATION: Feature will be removed in v2.0",
          "WARNING: jest has known vulnerabilities",
          "Cache invalidated: dependencies",
          "Connection established",
          "HEAD is now at c1e24bf",
          "[12:50:58] INFO: Starting build process",
          "Tests: 471 passed, 83 total",
          "Transforming 438 files...",
          "Artifact uploaded: dist.zip (4MB)",
          "Waiting...",
          "pip: Installing build dependencies...",
          "npm notice: created a lockfile",
          "Pulling image: alpine:latest",
          "Transforming 404 files...",
          "Step 13/20: Building",
          "\u2713 package completed",
          "[12:50:58] DEBUG: Query executed in 82ms",
          "[12:50:58] INFO: Request completed",
          "Cache invalidated: dependencies",
          "[12:50:58] WARN: Deprecated API usage",
          "OK",
          "WARNING: prettier has known vulnerabilities",
          "Using Python 3.11",
          "Artifact uploaded: build.tar.gz (48MB)",
          "[12:50:58] DEBUG: Loading configuration",
          "npm install: added 111 packages",
          "Platform: win32-x64",
          "Coverage: 90% statements, 100% branches",
          "HEAD is now at c93375e",
          "Artifact uploaded: build.tar.gz (8MB)",
          "WARNING: axios has known vulnerabilities",
          "\u26a0 DEPRECATION: Feature will be removed in v2.0",
          "yarn add: Done in 14.93s",
          "[12:50:58] WARN: Deprecated API usage",
          "GET /status - 201 (41ms)",
          "POST /upload - 202 (378ms)",
          "  PASS: integration/test_user_create.spec.js",
          "Ran 18 tests in 24s",
          "Artifact uploaded: dist.zip (87MB)",
          "Artifact uploaded: build.tar.gz (6MB)",
          "Ran 42 tests in 19s",
          "Compiling src/app.ts...",
          "Compiling components/handler.rs...",
          "Test Suites: 25 passed, 43 total",
          "Layer 8/11: COPY command",
          "  PASS: unit/test_api_health.spec.js",
          "Using Python 3.12",
          "Using Node.js 20.5.7",
          "Connection established",
          "Step 14/18: Deploying",
          "Connection established",
          "Step 20/25: Building",
          "Checking out develop branch",
          "Ran 98 tests in 41s",
          "npm notice: package.json updated",
          "[12:50:58] WARN: Deprecated API usage",
          "\u26a0 DEPRECATION: Feature will be removed in v5.0",
          "\u2713 Step 'test' succeeded",
          "Compiling components/handler.rs...",
          "Step 11/23: Running migrations",
          "Artifact uploaded: dist.zip (25MB)",
          "Fetching submodules...",
          "Using Node.js 15.13.6",
          "Layer 3/14: RUN command",
          "Generating source maps...",
          "GET /api - 204 (55ms)",
          "\u26a0 DEPRECATION: Feature will be removed in v3.0",
          "Success!",
          "OK",
          "Step 13/22: Installing dependencies",
          "pip install: Successfully installed eslint-1.6",
          "POST /upload - 200 (112ms)",
          "POST /upload - 201 (398ms)",
          "npm notice: created a lockfile",
          "[12:50:58] WARN: Deprecated API usage",
          "Uploading artifact 'coverage' (45 files)",
          "[12:50:58] INFO: Starting build process",
          "npm notice: package.json updated",
          "Cache miss for key-8134",
          "Step 8/15: Linting",
          "Test Suites: 28 passed, 36 total",
          "Connection established",
          "  PASS: e2e/test_cache_hit.spec.js",
          "Uploading artifact 'dist' (15 files)",
          "\u26a0 DEPRECATION: Feature will be removed in v2.0",
          "Pushing to registry...",
          "Compiling components/utils.go...",
          "pip: Installing build dependencies...",
          "Environment: staging",
          "  PASS: e2e/test_auth_login.spec.js",
          "Step 3/15: Building",
          "pip: Downloading lodash-2.16.tar.gz",
          "Environment: staging",
          "[12:50:58] DEBUG: Loading configuration",
          "npm notice: package.json updated",
          "Bundling main.js",
          "Compiling src/app.ts...",
          "GET /status - 201 (87ms)",
          "Image pulled successfully",
          "[12:50:58] INFO: Processing request",
          "Transforming 906 files...",
          "Already up to date.",
          "Waiting...",
          "Step 6/20: Testing",
          "npm install: resolved 951 packages",
          "Using Node.js 15.14.7",
          "  PASS: e2e/test_auth_login.spec.js",
          "OK",
          "[12:50:58] DEBUG: Query executed in 57ms",
          "yarn add: Done in 4.55s",
          "[12:50:58] WARN: Deprecated API usage",
          "[12:50:58] WARN: Deprecated API usage",
          "Cache restored successfully (355MB)",
          "Ran 86 tests in 42s",
          "npm install: added 39 packages",
          "  PASS: test_api_health (491ms)",
          "Ran 62 tests in 54s",
          "Compiling components/service.java...",
          "Connection established",
          "Tests: 371 passed, 433 total",
          "\u2717 build failed with exit code 51",
          "Creating production build...",
          "Completed.",
          "pip: Installing build dependencies...",
          "yarn add: Done in 13.51s",
          "Ran 71 tests in 10s",
          "Tests: 279 passed, 467 total",
          "Cache hit for key-2874",
          "[12:50:58] DEBUG: Connection pool: 11 active",
          "[12:50:58] INFO: Cache refreshed",
          "[12:50:58] INFO: Processing request",
          "Step 19/16: Testing",
          "npm install: resolved 1516 packages",
          "pip: Collecting react",
          "Fetching from https://npmjs.org/package.json",
          "Image pulled successfully",
          "Optimizing 22 modules...",
          "\u2717 build failed with exit code 2",
          "Compiling src/utils.go...",
          "Cache hit for key-9736",
          "[12:50:58] DEBUG: Query executed in 38ms",
          "Cache hit for key-8416",
          "Artifact uploaded: dist.zip (55MB)",
          "[12:50:58] DEBUG: Loading configuration",
          "[12:50:58] INFO: Processing request",
          "Building Docker image...",
          "Compiling lib/main.py...",
          "FAILED: test_cache_hit",
          "Creating production build...",
          "Step 18/20: Deploying",
          "[12:50:58] WARN: Deprecated API usage",
          "Step 13/20: Testing",
          "npm notice: created a lockfile",
          "Step 19/17: Deploying",
          "Bundling runtime.js",
          "pip: Downloading eslint-3.20.tar.gz",
          "Cache miss for key-8530",
          "[12:50:58] DEBUG: Memory usage: 542MB",
          "Platform: linux-x64",
          "pip install: Successfully installed axios-2.7",
          "Cache invalidated: build",
          "Compiling components/main.py...",
          "GET /api - 204 (97ms)",
          "Image pulled successfully",
          "Coverage: 89% statements, 87% branches",
          "Cache invalidated: node_modules",
          "Creating production build...",
          "Finished.",
          "Image pulled successfully",
          "Pulling image: node:18",
          "[12:50:58] INFO: Starting build process",
          "[12:50:58] WARN: Deprecated API usage",
          "Cache invalidated: node_modules",
          "[12:50:58] INFO: Connecting to database",
          "Ran 177 tests in 35s",
          "Using Node.js 18.9.8",
          "Cache saved successfully",
          "[12:50:58] DEBUG: Loading configuration",
          "Optimizing 64 modules...",
          "npm install: added 371 packages",
          "Finished.",
          "\u2717 build failed with exit code 122",
          "npm notice: created a lockfile",
          "Uploading artifact 'build' (34 files)",
          "yarn add: Done in 19.30s",
          "Creating production build...",
          "Pushing to registry...",
          "Ready.",
          "  PASS: test_db_connect (294ms)",
          "[12:50:58] WARN: Deprecated API usage",
          "Step 16/21: Linting",
          "[12:50:58] INFO: Starting build process",
          "Ran 55 tests in 17s",
          "Snapshots: 15 passed, 5 total",
          "  PASS: e2e/test_db_connect.spec.js",
          "Success!",
          "pip: Collecting lodash",
          "Step 17/24: Linting",
          "Step 8/24: Running migrations",
          "Pushing to registry...",
          "  PASS: test_auth_login (156ms)",
          "Cache invalidated: build",
          "[12:50:58] DEBUG: Initializing service",
          "Checking out master branch",
          "Checking out master branch",
          "Checking out master branch",
          "Finished.",
          "Waiting...",
          "[12:50:58] INFO: Cache refreshed",
          "Image pulled successfully",
          "Artifact uploaded: dist.zip (75MB)",
          "Layer 4/9: RUN command",
          "Cache miss for key-5152",
          "Compiling components/utils.go...",
          "[12:50:58] DEBUG: Loading configuration",
          "[12:50:58] WARN: Deprecated API usage",
          "npm install: resolved 1233 packages",
          "Bundling vendor.js",
          "Finished.",
          "Using Node.js 18.14.4",
          "[12:50:58] DEBUG: Query executed in 70ms",
          "[12:50:58] INFO: Processing request",
          "Compiling src/handler.rs...",
          "Artifact downloaded: 36MB",
          "Optimizing 91 modules...",
          "[12:50:58] INFO: Cache refreshed",
          "Using Python 3.9",
          "POST /api - 202 (73ms)",
          "Step 2/17: Building",
          "  PASS: test_api_health (138ms)",
          "\u26a0 DEPRECATION: Feature will be removed in v4.0",
          "\u2713 Task completed in 4984ms",
          "Checking out develop branch",
          "Cache invalidated: node_modules",
          "[12:50:58] INFO: Cache refreshed",
          "Platform: darwin-arm64",
          "Minifying app.js",
          "Cache invalidated: node_modules",
          "HEAD is now at 617589b",
          "Optimizing 10 modules...",
          "[12:50:58] INFO: Processing request",
          "Compiling utils/handler.rs...",
          "npm install: resolved 541 packages",
          "[12:50:58] DEBUG: Query executed in 49ms",
          "\u2713 Task completed in 1927ms",
          "[12:50:58] DEBUG: Memory usage: 335MB",
          "Done.",
          "\u2713 All checks passed",
          "Cache miss for key-5899",
          "Cache saved successfully",
          "OK",
          "Generating source maps...",
          "Success!",
          "Step 9/23: Installing dependencies",
          "Test Suites: 37 passed, 45 total",
          "Compiling lib/app.ts...",
          "Transforming 674 files...",
          "Using Python 3.9",
          "Fetching submodules...",
          "=== Step restore_cache completed ==="
        ]
      }
    ],
    "label": "normal"
  }
}