{
  "action": "completed",
  "workflow_run": {
    "id": 13,
    "name": "CI Pipeline",
    "head_branch": "feature/feat-302",
    "head_sha": "4d07ab46a75df0e7dcfb7c4f5d5a1575e84b13d8",
    "status": "completed",
    "conclusion": "failure",
    "run_started_at": "2025-12-16T11:38:45.803541Z",
    "updated_at": "2025-12-16T11:40:37.637800Z"
  },
  "repository": {
    "full_name": "startup-io/mobile-backend",
    "name": "mobile-backend"
  },
  "sender": {
    "login": "eve"
  },
  "_safeops_extended": {
    "raw_logs": "=== Step: checkout ===\n  PASS: test_db_connect (145ms)\nCompiling src/utils.go...\nCompiling src/utils.go...\n\u2713 test completed\nArtifact uploaded: build.tar.gz (49MB)\n[11:38:45] INFO: Processing request\nCompiling src/main.py...\nCompiling src/app.ts...\nCompiling src/service.java...\nArtifact uploaded: build.tar.gz (35MB)\nCompiling src/utils.go...\nInstalling webpack@2.3.0\n  PASS: test_auth_login (17ms)\nInstalling lodash@1.5.0\n\u2713 build completed\nStep 5/10: Building\nArtifact uploaded: build.tar.gz (7MB)\nArtifact uploaded: build.tar.gz (2MB)\nCache hit for key-5496\nCompiling src/utils.go...\n  PASS: test_db_connect (84ms)\nStep 8/10: Building\nCache hit for key-8185\n[11:38:45] INFO: Processing request\nStep 9/10: Building\nInstalling webpack@5.20.0\nInstalling react@2.12.0\nInstalling prettier@5.11.0\n\u2713 test completed\nInstalling lodash@3.2.0\nStep 6/10: Building\n[11:38:45] INFO: Processing request\nCache hit for key-5179\nInstalling axios@5.19.0\nInstalling axios@5.6.0\nStep 7/10: Building\n[11:38:45] WARN: Deprecated API usage\nArtifact uploaded: build.tar.gz (35MB)\nCache hit for key-9460\nArtifact uploaded: build.tar.gz (26MB)\nArtifact uploaded: build.tar.gz (29MB)\nStep 8/10: Building\nFAILED: test_api_health\n[11:38:45] WARN: Deprecated API usage\nInstalling lodash@4.5.0\nCompiling src/utils.go...\nCache hit for key-5933\n\u2713 test completed\n  PASS: test_cache_hit (476ms)\n[11:38:45] INFO: Processing request\n\u26a0 DEPRECATION: Feature will be removed in v4.0\n  PASS: test_api_health (140ms)\n\u2713 test completed\nInstalling eslint@3.12.0\nWARNING: lodash has known vulnerabilities\nInstalling lodash@4.13.0\nCache hit for key-1160\nStep 2/10: Building\n\u26a0 DEPRECATION: Feature will be removed in v4.0\n\u2713 lint completed\n  PASS: test_api_health (393ms)\n  PASS: test_cache_hit (41ms)\nCache hit for key-2067\nStep 4/10: Building\n  PASS: test_cache_hit (75ms)\nCompiling src/service.java...\nStep 3/10: Building\nCache hit for key-9655\nCache hit for key-4961\nArtifact uploaded: build.tar.gz (17MB)\nCache hit for key-1774\nException: RuntimeError\n  PASS: test_auth_login (214ms)\n  PASS: test_auth_login (428ms)\nStep 7/10: Building\nWARNING: webpack has known vulnerabilities\nStep 3/10: Building\nStep 8/10: Building\nInstalling react@4.20.0\n\u2717 build failed with exit code 120\n=== Step checkout completed ===\n=== Step: setup_environment ===\n\u26a0 DEPRECATION: Feature will be removed in v2.0\nWARNING: axios has known vulnerabilities\n\u2713 build completed\n[11:38:45] INFO: Processing request\nInstalling lodash@1.1.0\n  PASS: test_api_health (114ms)\nStep 2/10: Building\nStep 2/10: Building\n  PASS: test_db_connect (201ms)\nCache hit for key-9153\nCompiling src/app.ts...\n\u26a0 DEPRECATION: Feature will be removed in v3.0\nStep 7/10: Building\n  PASS: test_cache_hit (120ms)\nInstalling jest@2.6.0\nCompiling src/utils.go...\nCache hit for key-2806\nInstalling react@2.11.0\n[11:38:45] INFO: Processing request\nCache hit for key-8980\n\u2713 lint completed\n\u2713 lint completed\nStep 6/10: Building\nInstalling eslint@3.19.0\nStep 6/10: Building\n[11:38:45] INFO: Processing request\n[11:38:45] INFO: Processing request\nCompiling src/main.py...\n\u2713 test completed\nStep 7/10: Building\n[11:38:45] INFO: Processing request\n[11:38:45] INFO: Processing request\n[11:38:45] INFO: Processing request\nCache hit for key-9130\n[11:38:45] INFO: Processing request\nInstalling axios@3.4.0\nCache hit for key-6680\nArtifact uploaded: build.tar.gz (11MB)\nStep 1/10: Building\n\u2713 lint completed\nInstalling eslint@1.1.0\nCompiling src/index.js...\n\u2713 lint completed\n  PASS: test_api_health (53ms)\nException: TypeError\nStep 7/10: Building\nCompiling src/handler.rs...\nInstalling webpack@3.14.0\nInstalling react@3.4.0\n[11:38:45] WARN: Deprecated API usage\nWARNING: jest has known vulnerabilities\nCompiling src/service.java...\nInstalling jest@4.3.0\n\u2713 build completed\nCompiling src/index.js...\n\u2717 build failed with exit code 120\n  PASS: test_api_health (104ms)\n[11:38:45] INFO: Processing request\nCompiling src/app.ts...\nInstalling eslint@2.10.0\n\u2713 lint completed\n\u2713 build completed\nCache hit for key-4812\nCache hit for key-9117\nArtifact uploaded: build.tar.gz (36MB)\nStep 2/10: Building\nInstalling jest@5.12.0\nCache hit for key-8118\nCache hit for key-2098\nCompiling src/service.java...\n[11:38:45] INFO: Processing request\nFAILED: test_user_create\nCompiling src/service.java...\n  PASS: test_api_health (86ms)\n[11:38:45] INFO: Processing request\n[11:38:45] INFO: Processing request\nCache hit for key-3646\n[11:38:45] WARN: Deprecated API usage\n\u2713 test completed\nArtifact uploaded: build.tar.gz (6MB)\n=== Step setup_environment completed ===\n=== Step: install_dependencies ===\n\u2713 build completed\n\u2713 lint completed\n\u2713 test completed\n  PASS: test_user_create (184ms)\n  PASS: test_db_connect (29ms)\nArtifact uploaded: build.tar.gz (30MB)\nWARNING: prettier has known vulnerabilities\n[11:38:45] INFO: Processing request\nInstalling eslint@5.13.0\n[11:38:45] WARN: Deprecated API usage\nCache hit for key-3310\nStep 6/10: Building\nCompiling src/utils.go...\n\u2713 test completed\nCompiling src/utils.go...\n\u2713 test completed\nInstalling lodash@4.9.0\nWARNING: express has known vulnerabilities\nStep 5/10: Building\n[11:38:45] INFO: Processing request\nStep 3/10: Building\nArtifact uploaded: build.tar.gz (42MB)\nInstalling webpack@4.15.0\nArtifact uploaded: build.tar.gz (7MB)\nCompiling src/service.java...\n[11:38:45] INFO: Processing request\nArtifact uploaded: build.tar.gz (11MB)\n  PASS: test_db_connect (196ms)\n  PASS: test_cache_hit (24ms)\nStep 1/10: Building\n  PASS: test_user_create (463ms)\n\u2713 lint completed\n  PASS: test_user_create (115ms)\nArtifact uploaded: build.tar.gz (29MB)\n\u2713 lint completed\n  PASS: test_api_health (408ms)\nCompiling src/utils.go...\nStep 10/10: Building\nStep 1/10: Building\nArtifact uploaded: build.tar.gz (1MB)\nStep 5/10: Building\nStep 10/10: Building\n  PASS: test_cache_hit (380ms)\n\u2717 build failed with exit code 15\nArtifact uploaded: build.tar.gz (16MB)\n  PASS: test_auth_login (368ms)\n[11:38:45] WARN: Deprecated API usage\nCache hit for key-5555\n[11:38:45] INFO: Processing request\n  PASS: test_api_health (351ms)\n  PASS: test_user_create (98ms)\nStep 10/10: Building\n[11:38:45] INFO: Processing request\nArtifact uploaded: build.tar.gz (30MB)\n\u26a0 DEPRECATION: Feature will be removed in v3.0\nInstalling prettier@1.11.0\n\u2717 build failed with exit code 127\n[11:38:45] ERROR: Connection failed\nCompiling src/app.ts...\nCache hit for key-6368\nCompiling src/utils.go...\n[11:38:45] INFO: Processing request\nCompiling src/utils.go...\nStep 5/10: Building\n  PASS: test_api_health (131ms)\nCache hit for key-7716\n\u2713 build completed\nInstalling lodash@1.14.0\n[11:38:45] INFO: Processing request\nCache hit for key-7824\n[11:38:45] WARN: Deprecated API usage\nStep 6/10: Building\nInstalling express@5.0.0\n  PASS: test_user_create (186ms)\nCompiling src/main.py...\n[11:38:45] INFO: Processing request\n\u2713 test completed\n[11:38:45] INFO: Processing request\nCompiling src/service.java...\n[11:38:45] INFO: Processing request\n=== Step install_dependencies completed ===\n=== Step: run_tests ===\nCache hit for key-7404\nInstalling express@5.6.0\nArtifact uploaded: build.tar.gz (43MB)\n\u2713 lint completed\nStep 10/10: Building\n  PASS: test_db_connect (386ms)\nStep 9/10: Building\nInstalling eslint@4.16.0\nStep 2/10: Building\n\u2713 build completed\nInstalling lodash@3.12.0\n[11:38:45] INFO: Processing request\n\u2713 test completed\nArtifact uploaded: build.tar.gz (32MB)\nCache hit for key-9207\n  PASS: test_auth_login (48ms)\n[11:38:45] INFO: Processing request\nCompiling src/app.ts...\n  PASS: test_db_connect (459ms)\nInstalling react@1.14.0\nCache hit for key-8833\nInstalling prettier@2.0.0\nCache hit for key-5439\n[11:38:45] INFO: Processing request\n  PASS: test_cache_hit (174ms)\nCache hit for key-4966\nInstalling jest@1.12.0\nCompiling src/utils.go...\nArtifact uploaded: build.tar.gz (38MB)\nArtifact uploaded: build.tar.gz (32MB)\n\u2713 build completed\n\u26a0 DEPRECATION: Feature will be removed in v2.0\nCache hit for key-4428\nCompiling src/main.py...\nCache hit for key-1768\n[11:38:45] INFO: Processing request\n\u2713 lint completed\nArtifact uploaded: build.tar.gz (46MB)\nArtifact uploaded: build.tar.gz (11MB)\n[11:38:45] INFO: Processing request\nCompiling src/main.py...\nInstalling react@2.19.0\n[11:38:45] INFO: Processing request\nCompiling src/service.java...\nCompiling src/index.js...\n[11:38:45] INFO: Processing request\nCache hit for key-7826\n\u2713 lint completed\n[11:38:45] INFO: Processing request\nStep 2/10: Building\n[11:38:45] ERROR: Connection failed\nInstalling lodash@3.9.0\n[11:38:45] INFO: Processing request\nCompiling src/index.js...\n[11:38:45] INFO: Processing request\nArtifact uploaded: build.tar.gz (16MB)\nCache hit for key-2264\nStep 5/10: Building\nStep 6/10: Building\n\u2713 test completed\nStep 5/10: Building\nCompiling src/index.js...\nInstalling eslint@2.18.0\nCache hit for key-8802\n\u2713 lint completed\n[11:38:45] INFO: Processing request\n[11:38:45] INFO: Processing request\nInstalling eslint@3.7.0\n[11:38:45] INFO: Processing request\nInstalling react@1.11.0\nStep 6/10: Building\nStep 2/10: Building\n  PASS: test_auth_login (377ms)\n[11:38:45] INFO: Processing request\n  PASS: test_db_connect (402ms)\nCache hit for key-5911\n[11:38:45] INFO: Processing request\nArtifact uploaded: build.tar.gz (18MB)\nInstalling axios@5.5.0\nCompiling src/main.py...\n=== Step run_tests completed ===\n=== Step: build_artifact ===\n[11:38:45] INFO: Processing request\nInstalling express@1.16.0\nStep 4/10: Building\n\u26a0 DEPRECATION: Feature will be removed in v4.0\nInstalling prettier@3.15.0\nCache hit for key-5499\nCompiling src/service.java...\nArtifact uploaded: build.tar.gz (21MB)\n  PASS: test_auth_login (35ms)\n[11:38:45] INFO: Processing request\n[11:38:45] INFO: Processing request\n\u2713 test completed\nInstalling lodash@4.10.0\n\u2713 test completed\nCache hit for key-7466\n\u2713 lint completed\nArtifact uploaded: build.tar.gz (43MB)\nInstalling webpack@5.3.0\nArtifact uploaded: build.tar.gz (29MB)\nStep 4/10: Building\n\u2713 build completed\nArtifact uploaded: build.tar.gz (7MB)\nInstalling webpack@5.0.0\nStep 3/10: Building\n\u2713 lint completed\n  PASS: test_db_connect (364ms)\nInstalling webpack@4.17.0\nArtifact uploaded: build.tar.gz (33MB)\nCache hit for key-9555\nCache hit for key-2154\n[11:38:45] INFO: Processing request\nCache hit for key-9831\n[11:38:45] INFO: Processing request\nArtifact uploaded: build.tar.gz (50MB)\nArtifact uploaded: build.tar.gz (28MB)\nCache hit for key-7030\n  PASS: test_auth_login (128ms)\n  PASS: test_user_create (366ms)\n[11:38:45] INFO: Processing request\nCompiling src/utils.go...\nCache hit for key-9944\nCache hit for key-6180\nCache hit for key-3314\n[11:38:45] WARN: Deprecated API usage\nCache hit for key-2655\n  PASS: test_db_connect (57ms)\n\u2713 lint completed\nStep 2/10: Building\nCache hit for key-2441\n  PASS: test_user_create (441ms)\nInstalling express@3.20.0\nCompiling src/utils.go...\nCache hit for key-6994\nStep 1/10: Building\nCache hit for key-5513\n  PASS: test_cache_hit (9ms)\nCache hit for key-5218\nCache hit for key-2699\n\u2713 build completed\nInstalling express@4.6.0\nStep 7/10: Building\n[11:38:45] INFO: Processing request\nStep 4/10: Building\nStep 10/10: Building\nInstalling react@2.7.0\n\u2713 test completed\nArtifact uploaded: build.tar.gz (29MB)\n\u2713 lint completed\nInstalling react@1.12.0\nCompiling src/handler.rs...\n  PASS: test_cache_hit (383ms)\n[11:38:45] INFO: Processing request\n[11:38:45] INFO: Processing request\nInstalling lodash@4.10.0\n[11:38:45] INFO: Processing request\n  PASS: test_user_create (368ms)\n\u2713 test completed\nArtifact uploaded: build.tar.gz (36MB)\nInstalling react@4.3.0\nArtifact uploaded: build.tar.gz (47MB)\n=== Step build_artifact completed ===\n=== Step: deploy ===\nStep 1/10: Building\n[11:38:45] INFO: Processing request\n[11:38:45] INFO: Processing request\nInstalling prettier@5.17.0\nCompiling src/utils.go...\nStep 1/10: Building\n  PASS: test_api_health (196ms)\nCache hit for key-4060\n\u26a0 DEPRECATION: Feature will be removed in v2.0\n  PASS: test_auth_login (399ms)\nException: TypeError\nStep 9/10: Building\n\u2713 lint completed\nException: ValueError\nStep 5/10: Building\n[11:38:45] INFO: Processing request\nInstalling eslint@2.11.0\nInstalling express@3.10.0\n  PASS: test_auth_login (193ms)\nCache hit for key-3423\nCompiling src/index.js...\nStep 5/10: Building\nCompiling src/index.js...\nArtifact uploaded: build.tar.gz (8MB)\n[11:38:45] INFO: Processing request\nCompiling src/service.java...\nStep 1/10: Building\nCache hit for key-3759\nCache hit for key-1443\nCache hit for key-2713\nCompiling src/utils.go...\n  PASS: test_cache_hit (187ms)\nStep 10/10: Building\nInstalling axios@2.1.0\nStep 9/10: Building\n[11:38:45] INFO: Processing request\nCompiling src/utils.go...\nCompiling src/utils.go...\n[11:38:45] INFO: Processing request\n[11:38:45] ERROR: Connection failed\n  PASS: test_api_health (75ms)\n  PASS: test_db_connect (200ms)\nArtifact uploaded: build.tar.gz (31MB)\nArtifact uploaded: build.tar.gz (31MB)\n\u2713 build completed\nException: ValueError\nArtifact uploaded: build.tar.gz (41MB)\nInstalling jest@5.2.0\n\u2713 build completed\nCompiling src/app.ts...\nInstalling jest@2.7.0\nInstalling prettier@3.6.0\nArtifact uploaded: build.tar.gz (24MB)\nStep 7/10: Building\n  PASS: test_cache_hit (80ms)\nInstalling express@2.11.0\n[11:38:45] WARN: Deprecated API usage\nCache hit for key-6991\nArtifact uploaded: build.tar.gz (7MB)\nArtifact uploaded: build.tar.gz (8MB)\n\u2713 lint completed\n  PASS: test_user_create (339ms)\n[11:38:45] WARN: Deprecated API usage\nArtifact uploaded: build.tar.gz (27MB)\n[11:38:45] INFO: Processing request\n  PASS: test_api_health (96ms)\nArtifact uploaded: build.tar.gz (14MB)\n  PASS: test_user_create (378ms)\nCache hit for key-7704\nStep 8/10: Building\nStep 4/10: Building\n\u26a0 DEPRECATION: Feature will be removed in v2.0\nCompiling src/index.js...\nCompiling src/main.py...\nStep 6/10: Building\nInstalling lodash@4.2.0\nWARNING: react has known vulnerabilities\n\u2713 build completed\nInstalling axios@4.5.0\nCache hit for key-4503\n=== Step deploy completed ===",
    "steps": [
      {
        "name": "checkout",
        "status": "success",
        "started_at": "2025-12-16T11:38:45.803541",
        "finished_at": "2025-12-16T11:38:51.395254",
        "log_lines": [
          "=== Step: checkout ===",
          "  PASS: test_db_connect (145ms)",
          "Compiling src/utils.go...",
          "Compiling src/utils.go...",
          "\u2713 test completed",
          "Artifact uploaded: build.tar.gz (49MB)",
          "[11:38:45] INFO: Processing request",
          "Compiling src/main.py...",
          "Compiling src/app.ts...",
          "Compiling src/service.java...",
          "Artifact uploaded: build.tar.gz (35MB)",
          "Compiling src/utils.go...",
          "Installing webpack@2.3.0",
          "  PASS: test_auth_login (17ms)",
          "Installing lodash@1.5.0",
          "\u2713 build completed",
          "Step 5/10: Building",
          "Artifact uploaded: build.tar.gz (7MB)",
          "Artifact uploaded: build.tar.gz (2MB)",
          "Cache hit for key-5496",
          "Compiling src/utils.go...",
          "  PASS: test_db_connect (84ms)",
          "Step 8/10: Building",
          "Cache hit for key-8185",
          "[11:38:45] INFO: Processing request",
          "Step 9/10: Building",
          "Installing webpack@5.20.0",
          "Installing react@2.12.0",
          "Installing prettier@5.11.0",
          "\u2713 test completed",
          "Installing lodash@3.2.0",
          "Step 6/10: Building",
          "[11:38:45] INFO: Processing request",
          "Cache hit for key-5179",
          "Installing axios@5.19.0",
          "Installing axios@5.6.0",
          "Step 7/10: Building",
          "[11:38:45] WARN: Deprecated API usage",
          "Artifact uploaded: build.tar.gz (35MB)",
          "Cache hit for key-9460",
          "Artifact uploaded: build.tar.gz (26MB)",
          "Artifact uploaded: build.tar.gz (29MB)",
          "Step 8/10: Building",
          "FAILED: test_api_health",
          "[11:38:45] WARN: Deprecated API usage",
          "Installing lodash@4.5.0",
          "Compiling src/utils.go...",
          "Cache hit for key-5933",
          "\u2713 test completed",
          "  PASS: test_cache_hit (476ms)",
          "[11:38:45] INFO: Processing request",
          "\u26a0 DEPRECATION: Feature will be removed in v4.0",
          "  PASS: test_api_health (140ms)",
          "\u2713 test completed",
          "Installing eslint@3.12.0",
          "WARNING: lodash has known vulnerabilities",
          "Installing lodash@4.13.0",
          "Cache hit for key-1160",
          "Step 2/10: Building",
          "\u26a0 DEPRECATION: Feature will be removed in v4.0",
          "\u2713 lint completed",
          "  PASS: test_api_health (393ms)",
          "  PASS: test_cache_hit (41ms)",
          "Cache hit for key-2067",
          "Step 4/10: Building",
          "  PASS: test_cache_hit (75ms)",
          "Compiling src/service.java...",
          "Step 3/10: Building",
          "Cache hit for key-9655",
          "Cache hit for key-4961",
          "Artifact uploaded: build.tar.gz (17MB)",
          "Cache hit for key-1774",
          "Exception: RuntimeError",
          "  PASS: test_auth_login (214ms)",
          "  PASS: test_auth_login (428ms)",
          "Step 7/10: Building",
          "WARNING: webpack has known vulnerabilities",
          "Step 3/10: Building",
          "Step 8/10: Building",
          "Installing react@4.20.0",
          "\u2717 build failed with exit code 120",
          "=== Step checkout completed ==="
        ]
      },
      {
        "name": "setup_environment",
        "status": "success",
        "started_at": "2025-12-16T11:38:51.395254",
        "finished_at": "2025-12-16T11:39:02.578680",
        "log_lines": [
          "=== Step: setup_environment ===",
          "\u26a0 DEPRECATION: Feature will be removed in v2.0",
          "WARNING: axios has known vulnerabilities",
          "\u2713 build completed",
          "[11:38:45] INFO: Processing request",
          "Installing lodash@1.1.0",
          "  PASS: test_api_health (114ms)",
          "Step 2/10: Building",
          "Step 2/10: Building",
          "  PASS: test_db_connect (201ms)",
          "Cache hit for key-9153",
          "Compiling src/app.ts...",
          "\u26a0 DEPRECATION: Feature will be removed in v3.0",
          "Step 7/10: Building",
          "  PASS: test_cache_hit (120ms)",
          "Installing jest@2.6.0",
          "Compiling src/utils.go...",
          "Cache hit for key-2806",
          "Installing react@2.11.0",
          "[11:38:45] INFO: Processing request",
          "Cache hit for key-8980",
          "\u2713 lint completed",
          "\u2713 lint completed",
          "Step 6/10: Building",
          "Installing eslint@3.19.0",
          "Step 6/10: Building",
          "[11:38:45] INFO: Processing request",
          "[11:38:45] INFO: Processing request",
          "Compiling src/main.py...",
          "\u2713 test completed",
          "Step 7/10: Building",
          "[11:38:45] INFO: Processing request",
          "[11:38:45] INFO: Processing request",
          "[11:38:45] INFO: Processing request",
          "Cache hit for key-9130",
          "[11:38:45] INFO: Processing request",
          "Installing axios@3.4.0",
          "Cache hit for key-6680",
          "Artifact uploaded: build.tar.gz (11MB)",
          "Step 1/10: Building",
          "\u2713 lint completed",
          "Installing eslint@1.1.0",
          "Compiling src/index.js...",
          "\u2713 lint completed",
          "  PASS: test_api_health (53ms)",
          "Exception: TypeError",
          "Step 7/10: Building",
          "Compiling src/handler.rs...",
          "Installing webpack@3.14.0",
          "Installing react@3.4.0",
          "[11:38:45] WARN: Deprecated API usage",
          "WARNING: jest has known vulnerabilities",
          "Compiling src/service.java...",
          "Installing jest@4.3.0",
          "\u2713 build completed",
          "Compiling src/index.js...",
          "\u2717 build failed with exit code 120",
          "  PASS: test_api_health (104ms)",
          "[11:38:45] INFO: Processing request",
          "Compiling src/app.ts...",
          "Installing eslint@2.10.0",
          "\u2713 lint completed",
          "\u2713 build completed",
          "Cache hit for key-4812",
          "Cache hit for key-9117",
          "Artifact uploaded: build.tar.gz (36MB)",
          "Step 2/10: Building",
          "Installing jest@5.12.0",
          "Cache hit for key-8118",
          "Cache hit for key-2098",
          "Compiling src/service.java...",
          "[11:38:45] INFO: Processing request",
          "FAILED: test_user_create",
          "Compiling src/service.java...",
          "  PASS: test_api_health (86ms)",
          "[11:38:45] INFO: Processing request",
          "[11:38:45] INFO: Processing request",
          "Cache hit for key-3646",
          "[11:38:45] WARN: Deprecated API usage",
          "\u2713 test completed",
          "Artifact uploaded: build.tar.gz (6MB)",
          "=== Step setup_environment completed ==="
        ]
      },
      {
        "name": "install_dependencies",
        "status": "success",
        "started_at": "2025-12-16T11:39:02.578680",
        "finished_at": "2025-12-16T11:39:24.945532",
        "log_lines": [
          "=== Step: install_dependencies ===",
          "\u2713 build completed",
          "\u2713 lint completed",
          "\u2713 test completed",
          "  PASS: test_user_create (184ms)",
          "  PASS: test_db_connect (29ms)",
          "Artifact uploaded: build.tar.gz (30MB)",
          "WARNING: prettier has known vulnerabilities",
          "[11:38:45] INFO: Processing request",
          "Installing eslint@5.13.0",
          "[11:38:45] WARN: Deprecated API usage",
          "Cache hit for key-3310",
          "Step 6/10: Building",
          "Compiling src/utils.go...",
          "\u2713 test completed",
          "Compiling src/utils.go...",
          "\u2713 test completed",
          "Installing lodash@4.9.0",
          "WARNING: express has known vulnerabilities",
          "Step 5/10: Building",
          "[11:38:45] INFO: Processing request",
          "Step 3/10: Building",
          "Artifact uploaded: build.tar.gz (42MB)",
          "Installing webpack@4.15.0",
          "Artifact uploaded: build.tar.gz (7MB)",
          "Compiling src/service.java...",
          "[11:38:45] INFO: Processing request",
          "Artifact uploaded: build.tar.gz (11MB)",
          "  PASS: test_db_connect (196ms)",
          "  PASS: test_cache_hit (24ms)",
          "Step 1/10: Building",
          "  PASS: test_user_create (463ms)",
          "\u2713 lint completed",
          "  PASS: test_user_create (115ms)",
          "Artifact uploaded: build.tar.gz (29MB)",
          "\u2713 lint completed",
          "  PASS: test_api_health (408ms)",
          "Compiling src/utils.go...",
          "Step 10/10: Building",
          "Step 1/10: Building",
          "Artifact uploaded: build.tar.gz (1MB)",
          "Step 5/10: Building",
          "Step 10/10: Building",
          "  PASS: test_cache_hit (380ms)",
          "\u2717 build failed with exit code 15",
          "Artifact uploaded: build.tar.gz (16MB)",
          "  PASS: test_auth_login (368ms)",
          "[11:38:45] WARN: Deprecated API usage",
          "Cache hit for key-5555",
          "[11:38:45] INFO: Processing request",
          "  PASS: test_api_health (351ms)",
          "  PASS: test_user_create (98ms)",
          "Step 10/10: Building",
          "[11:38:45] INFO: Processing request",
          "Artifact uploaded: build.tar.gz (30MB)",
          "\u26a0 DEPRECATION: Feature will be removed in v3.0",
          "Installing prettier@1.11.0",
          "\u2717 build failed with exit code 127",
          "[11:38:45] ERROR: Connection failed",
          "Compiling src/app.ts...",
          "Cache hit for key-6368",
          "Compiling src/utils.go...",
          "[11:38:45] INFO: Processing request",
          "Compiling src/utils.go...",
          "Step 5/10: Building",
          "  PASS: test_api_health (131ms)",
          "Cache hit for key-7716",
          "\u2713 build completed",
          "Installing lodash@1.14.0",
          "[11:38:45] INFO: Processing request",
          "Cache hit for key-7824",
          "[11:38:45] WARN: Deprecated API usage",
          "Step 6/10: Building",
          "Installing express@5.0.0",
          "  PASS: test_user_create (186ms)",
          "Compiling src/main.py...",
          "[11:38:45] INFO: Processing request",
          "\u2713 test completed",
          "[11:38:45] INFO: Processing request",
          "Compiling src/service.java...",
          "[11:38:45] INFO: Processing request",
          "=== Step install_dependencies completed ==="
        ]
      },
      {
        "name": "run_tests",
        "status": "success",
        "started_at": "2025-12-16T11:39:24.945532",
        "finished_at": "2025-12-16T11:40:04.087523",
        "log_lines": [
          "=== Step: run_tests ===",
          "Cache hit for key-7404",
          "Installing express@5.6.0",
          "Artifact uploaded: build.tar.gz (43MB)",
          "\u2713 lint completed",
          "Step 10/10: Building",
          "  PASS: test_db_connect (386ms)",
          "Step 9/10: Building",
          "Installing eslint@4.16.0",
          "Step 2/10: Building",
          "\u2713 build completed",
          "Installing lodash@3.12.0",
          "[11:38:45] INFO: Processing request",
          "\u2713 test completed",
          "Artifact uploaded: build.tar.gz (32MB)",
          "Cache hit for key-9207",
          "  PASS: test_auth_login (48ms)",
          "[11:38:45] INFO: Processing request",
          "Compiling src/app.ts...",
          "  PASS: test_db_connect (459ms)",
          "Installing react@1.14.0",
          "Cache hit for key-8833",
          "Installing prettier@2.0.0",
          "Cache hit for key-5439",
          "[11:38:45] INFO: Processing request",
          "  PASS: test_cache_hit (174ms)",
          "Cache hit for key-4966",
          "Installing jest@1.12.0",
          "Compiling src/utils.go...",
          "Artifact uploaded: build.tar.gz (38MB)",
          "Artifact uploaded: build.tar.gz (32MB)",
          "\u2713 build completed",
          "\u26a0 DEPRECATION: Feature will be removed in v2.0",
          "Cache hit for key-4428",
          "Compiling src/main.py...",
          "Cache hit for key-1768",
          "[11:38:45] INFO: Processing request",
          "\u2713 lint completed",
          "Artifact uploaded: build.tar.gz (46MB)",
          "Artifact uploaded: build.tar.gz (11MB)",
          "[11:38:45] INFO: Processing request",
          "Compiling src/main.py...",
          "Installing react@2.19.0",
          "[11:38:45] INFO: Processing request",
          "Compiling src/service.java...",
          "Compiling src/index.js...",
          "[11:38:45] INFO: Processing request",
          "Cache hit for key-7826",
          "\u2713 lint completed",
          "[11:38:45] INFO: Processing request",
          "Step 2/10: Building",
          "[11:38:45] ERROR: Connection failed",
          "Installing lodash@3.9.0",
          "[11:38:45] INFO: Processing request",
          "Compiling src/index.js...",
          "[11:38:45] INFO: Processing request",
          "Artifact uploaded: build.tar.gz (16MB)",
          "Cache hit for key-2264",
          "Step 5/10: Building",
          "Step 6/10: Building",
          "\u2713 test completed",
          "Step 5/10: Building",
          "Compiling src/index.js...",
          "Installing eslint@2.18.0",
          "Cache hit for key-8802",
          "\u2713 lint completed",
          "[11:38:45] INFO: Processing request",
          "[11:38:45] INFO: Processing request",
          "Installing eslint@3.7.0",
          "[11:38:45] INFO: Processing request",
          "Installing react@1.11.0",
          "Step 6/10: Building",
          "Step 2/10: Building",
          "  PASS: test_auth_login (377ms)",
          "[11:38:45] INFO: Processing request",
          "  PASS: test_db_connect (402ms)",
          "Cache hit for key-5911",
          "[11:38:45] INFO: Processing request",
          "Artifact uploaded: build.tar.gz (18MB)",
          "Installing axios@5.5.0",
          "Compiling src/main.py...",
          "=== Step run_tests completed ==="
        ]
      },
      {
        "name": "build_artifact",
        "status": "success",
        "started_at": "2025-12-16T11:40:04.087523",
        "finished_at": "2025-12-16T11:40:26.454375",
        "log_lines": [
          "=== Step: build_artifact ===",
          "[11:38:45] INFO: Processing request",
          "Installing express@1.16.0",
          "Step 4/10: Building",
          "\u26a0 DEPRECATION: Feature will be removed in v4.0",
          "Installing prettier@3.15.0",
          "Cache hit for key-5499",
          "Compiling src/service.java...",
          "Artifact uploaded: build.tar.gz (21MB)",
          "  PASS: test_auth_login (35ms)",
          "[11:38:45] INFO: Processing request",
          "[11:38:45] INFO: Processing request",
          "\u2713 test completed",
          "Installing lodash@4.10.0",
          "\u2713 test completed",
          "Cache hit for key-7466",
          "\u2713 lint completed",
          "Artifact uploaded: build.tar.gz (43MB)",
          "Installing webpack@5.3.0",
          "Artifact uploaded: build.tar.gz (29MB)",
          "Step 4/10: Building",
          "\u2713 build completed",
          "Artifact uploaded: build.tar.gz (7MB)",
          "Installing webpack@5.0.0",
          "Step 3/10: Building",
          "\u2713 lint completed",
          "  PASS: test_db_connect (364ms)",
          "Installing webpack@4.17.0",
          "Artifact uploaded: build.tar.gz (33MB)",
          "Cache hit for key-9555",
          "Cache hit for key-2154",
          "[11:38:45] INFO: Processing request",
          "Cache hit for key-9831",
          "[11:38:45] INFO: Processing request",
          "Artifact uploaded: build.tar.gz (50MB)",
          "Artifact uploaded: build.tar.gz (28MB)",
          "Cache hit for key-7030",
          "  PASS: test_auth_login (128ms)",
          "  PASS: test_user_create (366ms)",
          "[11:38:45] INFO: Processing request",
          "Compiling src/utils.go...",
          "Cache hit for key-9944",
          "Cache hit for key-6180",
          "Cache hit for key-3314",
          "[11:38:45] WARN: Deprecated API usage",
          "Cache hit for key-2655",
          "  PASS: test_db_connect (57ms)",
          "\u2713 lint completed",
          "Step 2/10: Building",
          "Cache hit for key-2441",
          "  PASS: test_user_create (441ms)",
          "Installing express@3.20.0",
          "Compiling src/utils.go...",
          "Cache hit for key-6994",
          "Step 1/10: Building",
          "Cache hit for key-5513",
          "  PASS: test_cache_hit (9ms)",
          "Cache hit for key-5218",
          "Cache hit for key-2699",
          "\u2713 build completed",
          "Installing express@4.6.0",
          "Step 7/10: Building",
          "[11:38:45] INFO: Processing request",
          "Step 4/10: Building",
          "Step 10/10: Building",
          "Installing react@2.7.0",
          "\u2713 test completed",
          "Artifact uploaded: build.tar.gz (29MB)",
          "\u2713 lint completed",
          "Installing react@1.12.0",
          "Compiling src/handler.rs...",
          "  PASS: test_cache_hit (383ms)",
          "[11:38:45] INFO: Processing request",
          "[11:38:45] INFO: Processing request",
          "Installing lodash@4.10.0",
          "[11:38:45] INFO: Processing request",
          "  PASS: test_user_create (368ms)",
          "\u2713 test completed",
          "Artifact uploaded: build.tar.gz (36MB)",
          "Installing react@4.3.0",
          "Artifact uploaded: build.tar.gz (47MB)",
          "=== Step build_artifact completed ==="
        ]
      },
      {
        "name": "deploy",
        "status": "success",
        "started_at": "2025-12-16T11:40:26.454375",
        "finished_at": "2025-12-16T11:40:37.637801",
        "log_lines": [
          "=== Step: deploy ===",
          "Step 1/10: Building",
          "[11:38:45] INFO: Processing request",
          "[11:38:45] INFO: Processing request",
          "Installing prettier@5.17.0",
          "Compiling src/utils.go...",
          "Step 1/10: Building",
          "  PASS: test_api_health (196ms)",
          "Cache hit for key-4060",
          "\u26a0 DEPRECATION: Feature will be removed in v2.0",
          "  PASS: test_auth_login (399ms)",
          "Exception: TypeError",
          "Step 9/10: Building",
          "\u2713 lint completed",
          "Exception: ValueError",
          "Step 5/10: Building",
          "[11:38:45] INFO: Processing request",
          "Installing eslint@2.11.0",
          "Installing express@3.10.0",
          "  PASS: test_auth_login (193ms)",
          "Cache hit for key-3423",
          "Compiling src/index.js...",
          "Step 5/10: Building",
          "Compiling src/index.js...",
          "Artifact uploaded: build.tar.gz (8MB)",
          "[11:38:45] INFO: Processing request",
          "Compiling src/service.java...",
          "Step 1/10: Building",
          "Cache hit for key-3759",
          "Cache hit for key-1443",
          "Cache hit for key-2713",
          "Compiling src/utils.go...",
          "  PASS: test_cache_hit (187ms)",
          "Step 10/10: Building",
          "Installing axios@2.1.0",
          "Step 9/10: Building",
          "[11:38:45] INFO: Processing request",
          "Compiling src/utils.go...",
          "Compiling src/utils.go...",
          "[11:38:45] INFO: Processing request",
          "[11:38:45] ERROR: Connection failed",
          "  PASS: test_api_health (75ms)",
          "  PASS: test_db_connect (200ms)",
          "Artifact uploaded: build.tar.gz (31MB)",
          "Artifact uploaded: build.tar.gz (31MB)",
          "\u2713 build completed",
          "Exception: ValueError",
          "Artifact uploaded: build.tar.gz (41MB)",
          "Installing jest@5.2.0",
          "\u2713 build completed",
          "Compiling src/app.ts...",
          "Installing jest@2.7.0",
          "Installing prettier@3.6.0",
          "Artifact uploaded: build.tar.gz (24MB)",
          "Step 7/10: Building",
          "  PASS: test_cache_hit (80ms)",
          "Installing express@2.11.0",
          "[11:38:45] WARN: Deprecated API usage",
          "Cache hit for key-6991",
          "Artifact uploaded: build.tar.gz (7MB)",
          "Artifact uploaded: build.tar.gz (8MB)",
          "\u2713 lint completed",
          "  PASS: test_user_create (339ms)",
          "[11:38:45] WARN: Deprecated API usage",
          "Artifact uploaded: build.tar.gz (27MB)",
          "[11:38:45] INFO: Processing request",
          "  PASS: test_api_health (96ms)",
          "Artifact uploaded: build.tar.gz (14MB)",
          "  PASS: test_user_create (378ms)",
          "Cache hit for key-7704",
          "Step 8/10: Building",
          "Step 4/10: Building",
          "\u26a0 DEPRECATION: Feature will be removed in v2.0",
          "Compiling src/index.js...",
          "Compiling src/main.py...",
          "Step 6/10: Building",
          "Installing lodash@4.2.0",
          "WARNING: react has known vulnerabilities",
          "\u2713 build completed",
          "Installing axios@4.5.0",
          "Cache hit for key-4503",
          "=== Step deploy completed ==="
        ]
      }
    ],
    "label": "normal"
  }
}