{
  "action": "completed",
  "workflow_run": {
    "id": 213,
    "name": "CI Pipeline",
    "head_branch": "feature/feat-798",
    "head_sha": "3539f631899f9d718b85caf72cbc23d3e4850342",
    "status": "completed",
    "conclusion": "success",
    "run_started_at": "2025-11-27T12:50:50.047146Z",
    "updated_at": "2025-11-27T12:54:28.769703Z"
  },
  "repository": {
    "full_name": "acme-corp/api-service",
    "name": "api-service"
  },
  "sender": {
    "login": "henry"
  },
  "_safeops_extended": {
    "raw_logs": "=== Step: restore_cache ===\nCompiling lib/app.ts...\nnpm install: resolved 730 packages\nnpm notice: created a lockfile\n[12:50:50] INFO: Connecting to database\nConnection established\nPulling image: alpine:latest\n[12:50:50] DEBUG: Initializing service\nVerifying...\n[12:50:50] INFO: Connecting to database\nArtifact downloaded: 1MB\nStep 8/19: Running migrations\npip: Installing build dependencies...\nCompiling lib/handler.rs...\nUploading artifact 'dist' (18 files)\nCompiling lib/service.java...\nWARNING: react has known vulnerabilities\npip: Downloading react-2.20.tar.gz\n\u2713 lint completed\nSwitched to branch 'hotfix/task-249'\nReady.\nCompiling src/utils.go...\n\u2713 lint completed\nRan 41 tests in 1s\nCompiling utils/main.py...\nCompiling lib/main.py...\nSwitched to branch 'hotfix/task-359'\nUsing Python 3.11\n[12:50:50] INFO: Connecting to database\n[12:50:50] INFO: Processing request\n[12:50:50] WARN: Deprecated API usage\nPushing to registry...\nMinifying vendor.js\nSuccess!\nCache hit for key-8819\n[12:50:50] DEBUG: Query executed in 48ms\nTransforming 666 files...\nMinifying vendor.js\n[12:50:50] INFO: Processing request\nAlready up to date.\nPOST /data - 202 (115ms)\nVerifying...\n  PASS: integration/test_user_create.spec.js\nArtifact uploaded: build.tar.gz (10MB)\nBuilding Docker image...\nTransforming 446 files...\nStep 10/17: Testing\nReady.\nSnapshots: 27 passed, 0 total\nnpm install: added 99 packages\nTime: 30.200s\nFinished.\nPlatform: win32-x64\nUsing Python 3.11\nWARNING: lodash has known vulnerabilities\nBuilding Docker image...\nArtifact downloaded: 35MB\nCompiling utils/handler.rs...\nnpm notice: package.json updated\nProcessing...\n[12:50:50] ERROR: Connection failed\npip: Downloading prettier-1.6.tar.gz\nProcessing...\nFetching submodules...\nPOST /upload - 201 (354ms)\nChecking out develop branch\nChecking out main branch\nUploading artifact 'dist' (16 files)\n  PASS: e2e/test_db_connect.spec.js\n[12:50:50] DEBUG: Connection pool: 5 active\nUsing Python 3.11\npip: Collecting prettier\nWARNING: react has known vulnerabilities\nCompiling utils/index.js...\n\u2713 All checks passed\nStep 1/15: Linting\nImage pulled successfully\n[12:50:50] DEBUG: Query executed in 8ms\nEnvironment: staging\nLayer 9/9: COPY command\nStep 1/18: Building\nCache saved successfully\nCache restored successfully (187MB)\nStep 4/24: Building\nBuilding Docker image...\n[12:50:50] INFO: Connecting to database\nFAILED: test_user_create\nWaiting...\n  PASS: e2e/test_db_connect.spec.js\n  PASS: test_user_create (392ms)\n[12:50:50] WARN: Deprecated API usage\nStep 11/25: Linting\nyarn add: Done in 23.86s\nFetching submodules...\n[12:50:50] WARN: Deprecated API usage\nSnapshots: 13 passed, 29 total\n[12:50:50] DEBUG: Initializing service\nCoverage: 78% statements, 77% branches\nFetching submodules...\n[12:50:50] WARN: Deprecated API usage\nStep 16/22: Running migrations\nBuilding Docker image...\n[12:50:50] WARN: Deprecated API usage\nVerifying...\n[12:50:50] DEBUG: Initializing service\nCompiling components/handler.rs...\nStep 4/25: Installing dependencies\nCache invalidated: node_modules\nCompiling utils/utils.go...\nStep 13/17: Building\n\u2713 deploy completed\nReady.\nCompiling lib/main.py...\nUsing Python 3.11\nInstalling eslint@2.11.7\n[12:50:50] INFO: Connecting to database\n[12:50:50] DEBUG: Loading configuration\nWARNING: express has known vulnerabilities\n\u26a0 DEPRECATION: Feature will be removed in v4.0\n\u26a0 DEPRECATION: Feature will be removed in v2.0\n  PASS: test_db_connect (390ms)\nChecking out master branch\n\u2717 build failed with exit code 52\n[12:50:50] ERROR: Connection failed\nStep 8/21: Linting\nSuccess!\nWaiting...\nLayer 3/12: ENV command\nCache saved successfully\n\u2713 All checks passed\nVerifying...\nVerifying...\nSuccess!\nSnapshots: 12 passed, 42 total\nPlatform: win32-x64\nCompleted.\nOK\nTest Suites: 32 passed, 43 total\npip: Collecting lodash\npip install: Successfully installed eslint-4.20\n\u26a0 DEPRECATION: Feature will be removed in v2.0\n\u2713 build completed\n\u2717 build failed with exit code 81\nCompiling utils/handler.rs...\n\u2713 All checks passed\nConnection established\nUsing Python 3.11\nRan 159 tests in 1s\nCache saved successfully\nCoverage: 80% statements, 61% branches\nStep 7/24: Running migrations\nnpm install: resolved 1434 packages\nBuilding Docker image...\nCreating production build...\nMinifying main.js\nLayer 5/10: ENV command\nFetching submodules...\nConnection established\n[12:50:50] INFO: Cache refreshed\nCache saved successfully\n  PASS: e2e/test_user_create.spec.js\nnpm install: resolved 470 packages\n[12:50:50] INFO: Processing request\nWARNING: jest has known vulnerabilities\n[12:50:50] DEBUG: Loading configuration\nGET /api - 200 (98ms)\nFetching from https://pypi.org/package.json\n[12:50:50] DEBUG: Query executed in 39ms\nUsing Python 3.10\n[12:50:50] WARN: Deprecated API usage\nCache saved successfully\nConnection established\n\u2713 All checks passed\nPulling image: python:3.11\nTime: 76.469s\nVerifying...\nStep 16/22: Building\nReady.\nPlatform: linux-x64\nCompiling utils/main.py...\nCompleted.\npip install: Successfully installed eslint-5.1\n\u2713 Step 'build' succeeded\nOptimizing 32 modules...\nnpm install: resolved 822 packages\nTime: 49.185s\nArtifact uploaded: build.tar.gz (24MB)\n\u2713 Task completed in 2749ms\nLoading...\npip: Collecting eslint\nUploading artifact 'dist' (25 files)\nPOST /api - 202 (243ms)\nChecking out master branch\npip: Downloading prettier-4.20.tar.gz\nGenerating source maps...\nTime: 1.539s\nnpm notice: package.json updated\n\u2717 build failed with exit code 108\n\u26a0 DEPRECATION: Feature will be removed in v5.0\nStep 20/24: Building\nArtifact downloaded: 25MB\nStep 14/15: Running migrations\n=== Step restore_cache completed ===\n=== Step: setup_node ===\nWARNING: express has known vulnerabilities\nTest Suites: 28 passed, 8 total\nUploading artifact 'coverage' (16 files)\n[12:50:50] INFO: Processing request\nInstalling express@1.11.1\nStep 4/22: Linting\nCache hit for key-4538\nWARNING: react has known vulnerabilities\nCompiling lib/utils.go...\nnpm notice: created a lockfile\nLayer 6/10: RUN command\nCache restored successfully (295MB)\nGenerating source maps...\nOK\nTest Suites: 35 passed, 50 total\nCoverage: 94% statements, 90% branches\nLoading...\n  PASS: e2e/test_auth_login.spec.js\nConnection established\n[12:50:50] ERROR: Connection failed\nPlatform: linux-x64\n[12:50:50] INFO: Cache refreshed\nCompiling lib/index.js...\nTime: 119.5s\nLayer 1/13: COPY command\nUsing Python 3.9\n[12:50:50] INFO: Cache refreshed\nFinished.\nnpm notice: created a lockfile\n\u26a0 DEPRECATION: Feature will be removed in v5.0\nnpm install: resolved 773 packages\nCompiling components/handler.rs...\nBundling vendor.css\nStep 17/19: Testing\n\u26a0 DEPRECATION: Feature will be removed in v5.0\nStep 1/18: Deploying\nProcessing...\nPushing to registry...\nTLS handshake completed\nStep 5/25: Linting\nCache invalidated: node_modules\nPOST /upload - 200 (412ms)\nStep 5/17: Building\n\u2717 build failed with exit code 96\nWARNING: jest has known vulnerabilities\nnpm install: added 180 packages\nCache hit for key-5844\nStep 12/22: Deploying\nCreating production build...\nPOST /upload - 201 (245ms)\n[12:50:50] DEBUG: Query executed in 43ms\n\u26a0 DEPRECATION: Feature will be removed in v3.0\nCreating production build...\nLayer 10/8: COPY command\nCompiling lib/handler.rs...\nUploading artifact 'coverage' (49 files)\nSwitched to branch 'feature/task-363'\nTime: 115.987s\nStep 17/22: Testing\nOptimizing 45 modules...\nStep 2/16: Installing dependencies\nArtifact uploaded: dist.zip (90MB)\nGET /health - 201 (48ms)\nStep 8/21: Testing\n[12:50:50] DEBUG: Connection pool: 16 active\nArtifact uploaded: dist.zip (63MB)\nUploading artifact 'build' (6 files)\nLayer 1/13: ENV command\nPushing to registry...\nProcessing...\nArtifact uploaded: dist.zip (52MB)\nBundling runtime.css\nOptimizing 61 modules...\nGenerating source maps...\nChecking out develop branch\nSnapshots: 9 passed, 11 total\nCache invalidated: build\nTest Suites: 23 passed, 25 total\nnpm notice: created a lockfile\npip: Collecting axios\nTransforming 501 files...\n\u26a0 DEPRECATION: Feature will be removed in v5.0\npip: Downloading axios-1.16.tar.gz\n\u2713 lint completed\npip: Downloading webpack-5.18.tar.gz\nFetching from https://docker.io/package.json\nTest Suites: 30 passed, 20 total\nyarn add: Done in 7.76s\nWaiting...\n\u2713 Task completed in 4715ms\nPushing to registry...\nnpm notice: created a lockfile\nTransforming 864 files...\nStep 10/25: Testing\nnpm install: resolved 327 packages\nCompleted.\nArtifact uploaded: dist.zip (14MB)\nOptimizing 62 modules...\nPulling image: python:18\n  PASS: e2e/test_cache_hit.spec.js\nSuccess!\n\u2713 Step 'test' succeeded\nProcessing...\n[12:50:50] DEBUG: Loading configuration\nTLS handshake completed\nnpm install: resolved 1514 packages\nBuilding Docker image...\nnpm install: added 363 packages\nTLS handshake completed\n[12:50:50] DEBUG: Initializing service\nPulling image: alpine:latest\n[12:50:50] INFO: Request completed\nCoverage: 82% statements, 70% branches\nSwitched to branch 'bugfix/task-960'\nPushing to registry...\nStep 16/21: Installing dependencies\nCache invalidated: dependencies\nBuilding Docker image...\nInstalling webpack@1.5.3\nSuccess!\nEnvironment: development\nCache miss for key-1108\nLoading...\nEnvironment: development\nUploading artifact 'dist' (21 files)\n[12:50:50] INFO: Starting build process\nArtifact uploaded: build.tar.gz (33MB)\npip install: Successfully installed axios-3.3\nTime: 66.570s\nStep 17/16: Deploying\nUsing Python 3.12\nHEAD is now at e131b89\nnpm notice: created a lockfile\nProcessing...\nCache miss for key-3922\n[12:50:50] INFO: Processing request\nnpm install: resolved 1180 packages\nnpm notice: package.json updated\nFAILED: test_cache_hit\nArtifact uploaded: build.tar.gz (12MB)\nNODE_ENV=production\nCache hit for key-2678\npip install: Successfully installed react-1.8\n\u26a0 DEPRECATION: Feature will be removed in v4.0\nFetching from https://github.com/package.json\nFinished.\nArtifact uploaded: build.tar.gz (42MB)\n[12:50:50] DEBUG: Query executed in 44ms\n[12:50:50] WARN: Deprecated API usage\nNODE_ENV=production\nOK\nCompiling components/app.ts...\nCompiling components/service.java...\nCache saved successfully\nFinished.\n\u2713 Task completed in 4200ms\n  PASS: unit/test_user_create.spec.js\nSwitched to branch 'hotfix/task-713'\nCreating production build...\nChecking out develop branch\nBuilding Docker image...\nStep 16/25: Installing dependencies\nStep 8/15: Installing dependencies\nnpm notice: package.json updated\n[12:50:50] WARN: Deprecated API usage\n\u2713 test completed\nStep 12/22: Deploying\nProcessing...\nnpm install: added 150 packages\nTests: 96 passed, 68 total\nLayer 10/10: COPY command\nConnection established\nSwitched to branch 'hotfix/task-744'\n[12:50:50] DEBUG: Connection pool: 19 active\nArtifact uploaded: dist.zip (35MB)\npip: Collecting axios\nArtifact uploaded: dist.zip (51MB)\nException: NullPointerException\nUsing Python 3.10\n[12:50:50] WARN: Deprecated API usage\nSuccess!\n\u2713 test completed\nStep 17/25: Deploying\nUploading artifact 'coverage' (13 files)\n\u2713 All checks passed\nStep 19/23: Linting\nCache hit for key-9362\nWaiting...\nMinifying app.js\nStep 20/20: Testing\nConnection established\nArtifact uploaded: dist.zip (50MB)\nWARNING: express has known vulnerabilities\nCoverage: 74% statements, 88% branches\nSuccess!\nTests: 378 passed, 138 total\nSwitched to branch 'bugfix/task-427'\nCache invalidated: dependencies\nStep 11/23: Linting\nnpm notice: created a lockfile\nInstalling eslint@1.8.1\n=== Step setup_node completed ===\n=== Step: build ===\n[12:50:50] INFO: Starting build process\n[12:50:50] INFO: Connecting to database\nAlready up to date.\n\u2713 validate completed\n[12:50:50] WARN: Deprecated API usage\nNODE_ENV=development\nConnection established\nHEAD is now at f6c71d7\nArtifact uploaded: build.tar.gz (15MB)\npip: Collecting eslint\n\u2717 build failed with exit code 68\n\u2717 build failed with exit code 47\nGET /health - 200 (83ms)\nTLS handshake completed\nStep 17/17: Testing\nVerifying...\nCache invalidated: dependencies\npip install: Successfully installed webpack-5.9\nnpm notice: created a lockfile\nCache miss for key-6749\nStep 16/16: Linting\n[12:50:50] DEBUG: Connection pool: 12 active\n\u2713 All checks passed\nWARNING: jest has known vulnerabilities\nnpm install: resolved 236 packages\n[12:50:50] WARN: Deprecated API usage\n[12:50:50] DEBUG: Query executed in 48ms\nGET /status - 204 (64ms)\nCompiling src/main.py...\nCache saved successfully\n[12:50:50] DEBUG: Query executed in 41ms\n\u26a0 DEPRECATION: Feature will be removed in v5.0\nFetching from https://amazonaws.com/package.json\nCompiling utils/service.java...\nStep 9/20: Building\nTime: 74.290s\nSnapshots: 49 passed, 19 total\nCreating production build...\nPushing to registry...\nArtifact downloaded: 41MB\nLoading...\nStep 9/25: Deploying\nFetching from https://github.com/package.json\nBundling vendor.css\nCreating production build...\nCompiling components/handler.rs...\n\u2713 All checks passed\npip install: Successfully installed react-3.1\nSuccess!\nStep 4/19: Running migrations\nCache hit for key-3442\nProcessing...\nConnection established\nSwitched to branch 'bugfix/task-697'\nConnection established\nTests: 135 passed, 463 total\nConnection established\nOK\npip: Installing build dependencies...\nHEAD is now at 3762b5f\nCompiling components/handler.rs...\nPOST /upload - 202 (124ms)\n[12:50:50] INFO: Starting build process\nMinifying vendor.js\n  PASS: unit/test_cache_hit.spec.js\nSnapshots: 19 passed, 18 total\nRan 185 tests in 49s\nPlatform: darwin-arm64\npip install: Successfully installed prettier-3.12\n[12:50:50] INFO: Connecting to database\nSuccess!\nArtifact uploaded: build.tar.gz (49MB)\nWARNING: express has known vulnerabilities\nDone.\nCompiling utils/app.ts...\nCompiling utils/utils.go...\n\u2713 Step 'build' succeeded\nFinished.\n\u2713 Step 'setup' succeeded\nMinifying vendor.js\npip: Collecting axios\nStep 18/21: Running migrations\nReady.\nTransforming 577 files...\nWARNING: eslint has known vulnerabilities\nUsing Node.js 18.0.2\nMinifying main.js\nOptimizing 49 modules...\nnpm install: resolved 253 packages\nStep 17/18: Building\nCompiling utils/service.java...\n[12:50:50] DEBUG: Loading configuration\nGenerating source maps...\nStep 6/17: Building\nCompiling components/app.ts...\nTime: 77.130s\nAlready up to date.\nOK\nSuccess!\nCreating production build...\n  PASS: unit/test_user_create.spec.js\nStep 16/22: Installing dependencies\n[12:50:50] ERROR: Connection failed\n[12:50:50] INFO: Starting build process\n[12:50:50] ERROR: Connection failed\nCoverage: 92% statements, 64% branches\n[12:50:50] INFO: Starting build process\npip: Installing build dependencies...\nOptimizing 96 modules...\nReady.\nFAILED: test_cache_hit\nUploading artifact 'build' (14 files)\n  PASS: test_db_connect (418ms)\nStep 19/19: Installing dependencies\nnpm install: resolved 508 packages\nStep 19/24: Deploying\nProcessing...\nTest Suites: 28 passed, 14 total\nSnapshots: 1 passed, 28 total\nyarn add: Done in 18.67s\nGenerating source maps...\nBundling vendor.js\nCache invalidated: build\n  PASS: integration/test_api_health.spec.js\nFetching from https://googleapis.com/package.json\npip install: Successfully installed eslint-1.9\nSwitched to branch 'bugfix/task-873'\nInstalling react@4.1.10\nPlatform: darwin-arm64\nPOST /data - 202 (244ms)\n[12:50:50] INFO: Cache refreshed\nSuccess!\nSwitched to branch 'bugfix/task-795'\nImage pulled successfully\nPlatform: win32-x64\nProcessing...\n[12:50:50] WARN: Deprecated API usage\nnpm install: added 483 packages\nCache hit for key-7145\nStep 8/15: Linting\nTime: 82.389s\nHEAD is now at 07124c8\nTests: 323 passed, 233 total\nBuilding Docker image...\nnpm notice: created a lockfile\nVerifying...\nCache invalidated: build\nnpm install: added 290 packages\nnpm notice: created a lockfile\nPulling image: node:latest\n\u2713 All checks passed\n[12:50:50] DEBUG: Memory usage: 1757MB\n[12:50:50] DEBUG: Query executed in 9ms\nCompiling lib/handler.rs...\nCompiling src/utils.go...\nWARNING: express has known vulnerabilities\nReady.\nReady.\nPOST /data - 202 (112ms)\n\u2717 build failed with exit code 88\nWARNING: eslint has known vulnerabilities\nMinifying main.js\nnpm install: resolved 1680 packages\nLoading...\nLayer 2/12: RUN command\n[12:50:50] WARN: Deprecated API usage\nFinished.\nTests: 454 passed, 192 total\n[12:50:50] WARN: Deprecated API usage\nCoverage: 91% statements, 99% branches\nCoverage: 78% statements, 88% branches\npip: Collecting prettier\n[12:50:50] INFO: Connecting to database\n\u2713 Step 'setup' succeeded\npip: Downloading lodash-5.4.tar.gz\nStep 10/15: Building\n\u2713 Step 'setup' succeeded\nUsing Node.js 17.14.6\nHEAD is now at 45d794a\nLoading...\nMinifying vendor.js\nnpm install: added 84 packages\nHEAD is now at af7f410\nnpm install: resolved 107 packages\nCompiling lib/service.java...\nBuilding Docker image...\npip: Collecting express\n[12:50:50] INFO: Starting build process\n\u2713 deploy completed\nLayer 7/11: RUN command\nStep 8/25: Deploying\nnpm install: added 491 packages\nCache hit for key-6138\nGET /api - 204 (6ms)\nOptimizing 67 modules...\n[12:50:50] INFO: Processing request\npip: Installing build dependencies...\nNODE_ENV=test\n\u26a0 DEPRECATION: Feature will be removed in v4.0\nStep 1/17: Running migrations\n\u2717 build failed with exit code 75\n=== Step build completed ===\n=== Step: setup_environment ===\nStep 6/17: Running migrations\nTests: 226 passed, 265 total\nInstalling react@4.5.5\n[12:50:50] INFO: Starting build process\nFAILED: test_db_connect\n\u2717 build failed with exit code 105\n[12:50:50] INFO: Processing request\nCompiling components/utils.go...\nnpm install: added 295 packages\n\u2713 Step 'checkout' succeeded\n  PASS: unit/test_auth_login.spec.js\nTLS handshake completed\nLayer 4/12: RUN command\nPushing to registry...\nCache saved successfully\n\u2713 Step 'build' succeeded\nnpm install: resolved 581 packages\nCoverage: 81% statements, 79% branches\nUploading artifact 'coverage' (49 files)\nTransforming 629 files...\n\u2713 build completed\nHEAD is now at 9e400fa\n[12:50:50] ERROR: Connection failed\nNODE_ENV=test\n\u2713 Task completed in 100ms\nException: ValueError\nCache restored successfully (405MB)\nBundling vendor.js\nUploading artifact 'build' (22 files)\nCoverage: 94% statements, 99% branches\nnpm notice: created a lockfile\nBuilding Docker image...\nLayer 10/12: RUN command\nPlatform: win32-x64\nWaiting...\nTests: 342 passed, 481 total\nTests: 87 passed, 62 total\nTLS handshake completed\nnpm notice: package.json updated\n[12:50:50] WARN: Deprecated API usage\npip install: Successfully installed react-3.0\nCache saved successfully\nPOST /upload - 200 (76ms)\n[12:50:50] DEBUG: Loading configuration\n[12:50:50] WARN: Deprecated API usage\nTests: 498 passed, 250 total\n  PASS: integration/test_cache_hit.spec.js\nUsing Node.js 16.15.0\nImage pulled successfully\n[12:50:50] DEBUG: Initializing service\nArtifact uploaded: build.tar.gz (31MB)\nEnvironment: production\n  PASS: test_api_health (48ms)\nCache miss for key-6057\nCoverage: 99% statements, 69% branches\nPushing to registry...\nFetching submodules...\n[12:50:50] DEBUG: Memory usage: 1115MB\nCoverage: 91% statements, 78% branches\nStep 15/22: Testing\nWARNING: jest has known vulnerabilities\nMinifying main.js\nCoverage: 88% statements, 93% branches\n[12:50:50] DEBUG: Memory usage: 885MB\n[12:50:50] DEBUG: Query executed in 47ms\nEnvironment: development\nInstalling webpack@4.19.4\nTLS handshake completed\nnpm notice: package.json updated\nCompiling src/service.java...\nCompiling components/app.ts...\nCache miss for key-6734\nPlatform: linux-x64\nChecking out develop branch\npip install: Successfully installed lodash-4.9\nCompiling lib/service.java...\n\u2713 Task completed in 194ms\nTransforming 705 files...\nReady.\nnpm notice: package.json updated\nNODE_ENV=test\n[12:50:50] DEBUG: Connection pool: 19 active\nUsing Python 3.11\nnpm notice: created a lockfile\nPlatform: darwin-arm64\nnpm notice: created a lockfile\nArtifact downloaded: 29MB\nnpm install: resolved 1034 packages\nStep 5/17: Deploying\nPOST /data - 201 (414ms)\nFinished.\n[12:50:50] DEBUG: Query executed in 55ms\nCache invalidated: node_modules\nUsing Node.js 16.16.6\n  PASS: test_api_health (386ms)\n[12:50:50] DEBUG: Memory usage: 431MB\n[12:50:50] WARN: Deprecated API usage\nConnection established\n  PASS: test_user_create (478ms)\n\u2713 Task completed in 4615ms\n[12:50:50] DEBUG: Connection pool: 20 active\nDone.\nInstalling express@2.18.8\n[12:50:50] DEBUG: Memory usage: 1914MB\nBuilding Docker image...\nLoading...\n\u2713 All checks passed\nCompiling lib/main.py...\n[12:50:50] DEBUG: Memory usage: 1153MB\nyarn add: Done in 3.48s\nHEAD is now at 120615e\nVerifying...\nPushing to registry...\nWaiting...\nHEAD is now at e2acfb2\nWARNING: lodash has known vulnerabilities\nPOST /api - 200 (133ms)\nSwitched to branch 'feature/task-747'\nCompleted.\nPlatform: linux-x64\nLoading...\nOptimizing 55 modules...\nBundling styles.js\n[12:50:50] INFO: Cache refreshed\n[12:50:50] DEBUG: Initializing service\nPulling image: alpine:latest\nException: NullPointerException\nFAILED: test_db_connect\nnpm install: resolved 157 packages\nFinished.\n[12:50:50] DEBUG: Connection pool: 20 active\n[12:50:50] DEBUG: Query executed in 30ms\nEnvironment: staging\n\u2713 All checks passed\n[12:50:50] DEBUG: Loading configuration\nnpm notice: package.json updated\nStep 18/24: Running migrations\nPulling image: node:3.11\n[12:50:50] DEBUG: Initializing service\n\u2713 Step 'setup' succeeded\nConnection established\nCoverage: 81% statements, 97% branches\nImage pulled successfully\nTLS handshake completed\npip install: Successfully installed express-1.18\n\u2713 Task completed in 2316ms\nRan 135 tests in 30s\nPlatform: darwin-arm64\npip install: Successfully installed jest-3.7\nBuilding Docker image...\nAlready up to date.\nDone.\nPulling image: alpine:latest\nUsing Python 3.10\nUsing Node.js 16.11.7\nStep 1/24: Linting\nConnection established\nTests: 229 passed, 416 total\nUsing Node.js 16.17.3\nChecking out master branch\nVerifying...\nBundling vendor.css\n[12:50:50] DEBUG: Memory usage: 1803MB\nCoverage: 79% statements, 78% branches\n\u2713 Step 'setup' succeeded\nFinished.\n[12:50:50] INFO: Request completed\n[12:50:50] WARN: Deprecated API usage\nOptimizing 65 modules...\nBundling runtime.css\nUsing Python 3.9\nWARNING: prettier has known vulnerabilities\nCache miss for key-6347\nPOST /upload - 201 (163ms)\n[12:50:50] WARN: Deprecated API usage\nArtifact downloaded: 47MB\nAlready up to date.\npip: Installing build dependencies...\nWARNING: react has known vulnerabilities\nPlatform: linux-x64\nCache miss for key-3693\nCompiling components/handler.rs...\nArtifact downloaded: 25MB\n[12:50:50] INFO: Processing request\nnpm install: resolved 1548 packages\n\u2713 validate completed\nOptimizing 27 modules...\nChecking out develop branch\n  PASS: test_user_create (27ms)\nPlatform: win32-x64\nPulling image: alpine:3.11\n[12:50:50] DEBUG: Loading configuration\nUsing Python 3.9\n\u2713 Step 'test' succeeded\n[12:50:50] DEBUG: Connection pool: 3 active\nChecking out develop branch\nPushing to registry...\n[12:50:50] DEBUG: Loading configuration\n[12:50:50] DEBUG: Query executed in 64ms\nDone.\nAlready up to date.\n=== Step setup_environment completed ===\n=== Step: unit_tests ===\nStep 1/22: Deploying\nWaiting...\nArtifact downloaded: 24MB\n\u26a0 DEPRECATION: Feature will be removed in v5.0\n[12:50:50] INFO: Starting build process\nGET /status - 204 (58ms)\n[12:50:50] DEBUG: Memory usage: 1492MB\nArtifact downloaded: 9MB\nPulling image: alpine:3.11\nFetching submodules...\nPushing to registry...\nPushing to registry...\npip install: Successfully installed jest-1.20\nRan 125 tests in 7s\nTLS handshake completed\nFAILED: test_api_health\nPulling image: alpine:latest\nNODE_ENV=production\n\u2713 Step 'checkout' succeeded\nSuccess!\n  PASS: test_user_create (498ms)\nTest Suites: 10 passed, 14 total\n\u2713 Task completed in 3631ms\nInstalling axios@4.2.4\n[12:50:50] INFO: Connecting to database\n[12:50:50] WARN: Deprecated API usage\nOptimizing 22 modules...\nCache restored successfully (339MB)\n[12:50:50] ERROR: Connection failed\nStep 9/21: Testing\nFetching submodules...\nTLS handshake completed\nCompiling utils/service.java...\nCompiling components/index.js...\nCache invalidated: build\nnpm install: resolved 342 packages\nInstalling prettier@3.9.7\nArtifact downloaded: 3MB\n\u26a0 DEPRECATION: Feature will be removed in v3.0\n[12:50:50] DEBUG: Query executed in 31ms\nnpm notice: created a lockfile\nWaiting...\n[12:50:50] DEBUG: Query executed in 63ms\nImage pulled successfully\nStep 19/15: Installing dependencies\nOptimizing 100 modules...\nFinished.\nAlready up to date.\nUsing Python 3.12\n[12:50:50] INFO: Request completed\n[12:50:50] INFO: Starting build process\nInstalling jest@3.8.1\nCompiling utils/handler.rs...\nCache hit for key-5264\nStep 5/16: Running migrations\npip: Collecting eslint\n\u2713 Task completed in 4593ms\nStep 18/17: Linting\nPOST /data - 200 (273ms)\nStep 20/16: Linting\n[12:50:50] WARN: Deprecated API usage\nFetching submodules...\nNODE_ENV=test\nReady.\nFetching from https://amazonaws.com/package.json\n\u26a0 DEPRECATION: Feature will be removed in v2.0\nStep 3/20: Installing dependencies\nStep 18/22: Installing dependencies\nnpm install: added 45 packages\nChecking out master branch\nFetching from https://npmjs.org/package.json\n[12:50:50] DEBUG: Memory usage: 805MB\nCache saved successfully\nVerifying...\npip: Collecting prettier\nStep 20/22: Running migrations\nVerifying...\nFetching submodules...\nPulling image: python:3.11\nBundling main.css\n[12:50:50] INFO: Connecting to database\nSwitched to branch 'hotfix/task-272'\nStep 17/23: Running migrations\nnpm notice: package.json updated\nConnection established\n\u26a0 DEPRECATION: Feature will be removed in v2.0\nGET /health - 201 (52ms)\nChecking out main branch\n[12:50:50] DEBUG: Query executed in 73ms\nUploading artifact 'build' (12 files)\nWARNING: lodash has known vulnerabilities\n[12:50:50] DEBUG: Loading configuration\nUsing Python 3.12\npip install: Successfully installed lodash-4.20\nnpm notice: created a lockfile\n[12:50:50] INFO: Cache refreshed\n[12:50:50] DEBUG: Loading configuration\nDone.\nReady.\nPOST /api - 200 (284ms)\nTest Suites: 21 passed, 39 total\n[12:50:50] DEBUG: Connection pool: 18 active\n[12:50:50] DEBUG: Connection pool: 15 active\n[12:50:50] DEBUG: Memory usage: 663MB\nPushing to registry...\n  PASS: unit/test_auth_login.spec.js\npip: Collecting jest\nArtifact uploaded: dist.zip (95MB)\npip install: Successfully installed lodash-3.17\nTLS handshake completed\nnpm install: added 372 packages\nyarn add: Done in 1.8s\nStep 11/24: Building\nWARNING: axios has known vulnerabilities\nRan 31 tests in 53s\nCache invalidated: node_modules\nyarn add: Done in 6.68s\nEnvironment: test\nFAILED: test_cache_hit\nCompiling lib/handler.rs...\npip: Collecting axios\nCompiling lib/main.py...\n\u2713 Task completed in 1268ms\nReady.\npip: Installing build dependencies...\nBundling vendor.js\nNODE_ENV=production\n  PASS: integration/test_api_health.spec.js\nChecking out main branch\npip: Downloading axios-3.6.tar.gz\nSwitched to branch 'bugfix/task-239'\nException: NullPointerException\nCompiling src/utils.go...\nCache invalidated: node_modules\nCompiling components/utils.go...\nVerifying...\nnpm notice: package.json updated\n[12:50:50] INFO: Request completed\npip: Collecting webpack\nOK\nWARNING: eslint has known vulnerabilities\nCompiling utils/utils.go...\nTest Suites: 38 passed, 26 total\nRan 48 tests in 58s\nMinifying main.js\nCreating production build...\nArtifact uploaded: dist.zip (38MB)\nTransforming 481 files...\nPulling image: alpine:latest\nStep 14/18: Installing dependencies\n[12:50:50] WARN: Deprecated API usage\nCoverage: 72% statements, 84% branches\n\u2717 build failed with exit code 95\nCompiling lib/service.java...\nStep 20/16: Installing dependencies\nProcessing...\nSuccess!\nVerifying...\nHEAD is now at 5820d41\nTests: 170 passed, 161 total\nStep 4/20: Running migrations\n\u26a0 DEPRECATION: Feature will be removed in v4.0\nBuilding Docker image...\nStep 14/25: Linting\n[12:50:50] WARN: Deprecated API usage\nFAILED: test_auth_login\nTransforming 595 files...\nCache invalidated: node_modules\nArtifact downloaded: 48MB\nRan 97 tests in 12s\nSwitched to branch 'bugfix/task-963'\nPOST /upload - 200 (56ms)\nPOST /data - 202 (175ms)\nCompiling lib/service.java...\nStep 11/20: Building\nSwitched to branch 'hotfix/task-638'\nnpm notice: package.json updated\nReady.\n\u26a0 DEPRECATION: Feature will be removed in v4.0\nRan 171 tests in 31s\nProcessing...\n[12:50:50] DEBUG: Memory usage: 721MB\n\u26a0 DEPRECATION: Feature will be removed in v3.0\nnpm notice: package.json updated\nSnapshots: 32 passed, 22 total\nCoverage: 71% statements, 80% branches\n\u2713 Task completed in 421ms\nUploading artifact 'dist' (42 files)\nHEAD is now at 8af8ef9\n  PASS: integration/test_api_health.spec.js\nUploading artifact 'build' (23 files)\n\u26a0 DEPRECATION: Feature will be removed in v2.0\nCache invalidated: node_modules\nnpm notice: package.json updated\nyarn add: Done in 26.41s\n[12:50:50] INFO: Processing request\nCache invalidated: build\nBuilding Docker image...\nWaiting...\nWaiting...\nCompiling src/app.ts...\n=== Step unit_tests completed ===\n=== Step: e2e_tests ===\n[12:50:50] DEBUG: Connection pool: 16 active\nPOST /data - 200 (161ms)\nEnvironment: test\n[12:50:50] INFO: Connecting to database\nAlready up to date.\nWARNING: webpack has known vulnerabilities\nPulling image: alpine:18\nAlready up to date.\nUploading artifact 'dist' (33 files)\nCompiling utils/utils.go...\nBuilding Docker image...\nPushing to registry...\n[12:50:50] INFO: Connecting to database\nnpm install: resolved 1637 packages\nFetching from https://docker.io/package.json\nCompiling components/main.py...\nCache restored successfully (134MB)\n[12:50:50] ERROR: Connection failed\nCompiling src/index.js...\n[12:50:50] WARN: Deprecated API usage\nInstalling webpack@2.0.5\npip: Installing build dependencies...\nCompiling lib/utils.go...\nSuccess!\nArtifact downloaded: 22MB\n[12:50:50] ERROR: Connection failed\nHEAD is now at c46d69d\nLoading...\nArtifact uploaded: dist.zip (44MB)\nStep 17/20: Running migrations\nMinifying vendor.js\nCreating production build...\nException: RuntimeError\npip: Collecting eslint\nGET /api - 200 (39ms)\nWARNING: jest has known vulnerabilities\n[12:50:50] WARN: Deprecated API usage\nPlatform: win32-x64\nVerifying...\nUploading artifact 'coverage' (39 files)\nBuilding Docker image...\n[12:50:50] DEBUG: Loading configuration\nHEAD is now at 2a55342\nCompleted.\nyarn add: Done in 25.28s\nDone.\nFetching submodules...\nVerifying...\nRan 48 tests in 17s\nTLS handshake completed\nyarn add: Done in 11.9s\nTransforming 773 files...\n\u2713 Step 'setup' succeeded\nSnapshots: 10 passed, 20 total\nStep 2/20: Linting\nAlready up to date.\n  PASS: unit/test_user_create.spec.js\n[12:50:50] INFO: Connecting to database\npip: Downloading axios-1.5.tar.gz\nHEAD is now at 230415e\nCompiling components/app.ts...\n\u2713 All checks passed\nCompiling components/service.java...\n\u26a0 DEPRECATION: Feature will be removed in v4.0\nTLS handshake completed\nSnapshots: 0 passed, 12 total\nCompiling utils/main.py...\n\u26a0 DEPRECATION: Feature will be removed in v2.0\npip: Collecting prettier\nUploading artifact 'coverage' (42 files)\nCompiling utils/utils.go...\nBuilding Docker image...\nBuilding Docker image...\nCompiling src/index.js...\nGenerating source maps...\nWARNING: react has known vulnerabilities\nUsing Python 3.11\nyarn add: Done in 8.23s\nProcessing...\nGenerating source maps...\nnpm notice: created a lockfile\n  PASS: test_auth_login (401ms)\nStep 16/15: Linting\nSwitched to branch 'hotfix/task-640'\nReady.\n  PASS: test_auth_login (490ms)\nCache restored successfully (214MB)\nLayer 5/10: ENV command\nPulling image: node:18\nArtifact uploaded: dist.zip (51MB)\nStep 4/25: Building\nCompleted.\nBuilding Docker image...\nStep 4/18: Linting\nArtifact downloaded: 19MB\nCompiling src/service.java...\n\u2713 All checks passed\nEnvironment: staging\nException: TypeError\nWARNING: eslint has known vulnerabilities\n[12:50:50] INFO: Starting build process\nUsing Python 3.12\npip: Collecting lodash\nArtifact uploaded: build.tar.gz (14MB)\nStep 18/20: Building\nArtifact downloaded: 14MB\n[12:50:50] DEBUG: Connection pool: 20 active\npip: Installing build dependencies...\nCoverage: 90% statements, 77% branches\n[12:50:50] INFO: Processing request\n  PASS: integration/test_auth_login.spec.js\nCompiling lib/handler.rs...\nUsing Python 3.10\nOptimizing 83 modules...\n[12:50:50] INFO: Cache refreshed\nPlatform: darwin-arm64\nTests: 401 passed, 498 total\nArtifact uploaded: dist.zip (14MB)\n\u2713 Step 'checkout' succeeded\n  PASS: e2e/test_db_connect.spec.js\nLoading...\nCompiling utils/utils.go...\nReady.\nSuccess!\nTLS handshake completed\nCreating production build...\nStep 3/16: Building\nCompiling src/service.java...\nTest Suites: 30 passed, 7 total\nWARNING: webpack has known vulnerabilities\nProcessing...\npip install: Successfully installed axios-4.8\nUsing Python 3.11\n[12:50:50] INFO: Connecting to database\nUsing Python 3.10\npip: Downloading webpack-4.12.tar.gz\nImage pulled successfully\nCompiling components/app.ts...\nTest Suites: 16 passed, 21 total\nSwitched to branch 'hotfix/task-956'\nCoverage: 71% statements, 94% branches\n[12:50:50] WARN: Deprecated API usage\nWaiting...\nUsing Node.js 16.15.5\nWaiting...\nMinifying main.js\nEnvironment: staging\nTime: 49.368s\nWaiting...\n[12:50:50] DEBUG: Query executed in 38ms\n\u2713 Task completed in 4864ms\nUsing Node.js 19.14.3\nOptimizing 43 modules...\n[12:50:50] DEBUG: Connection pool: 17 active\n[12:50:50] INFO: Starting build process\n\u2713 Task completed in 3300ms\nBundling vendor.js\n  PASS: integration/test_db_connect.spec.js\nPlatform: win32-x64\n[12:50:50] DEBUG: Loading configuration\nReady.\nUploading artifact 'dist' (9 files)\nCache miss for key-2521\nBundling vendor.css\nPOST /upload - 200 (357ms)\nImage pulled successfully\nSuccess!\nStep 4/22: Deploying\n[12:50:50] DEBUG: Query executed in 38ms\nCompiling src/app.ts...\nPushing to registry...\nnpm notice: package.json updated\nnpm notice: created a lockfile\nException: NullPointerException\n\u26a0 DEPRECATION: Feature will be removed in v2.0\nException: TypeError\nCache invalidated: dependencies\nnpm install: resolved 1510 packages\nCache hit for key-6759\nLayer 5/10: COPY command\nWARNING: express has known vulnerabilities\nUploading artifact 'dist' (33 files)\n\u2713 Step 'install' succeeded\nWaiting...\npip: Installing build dependencies...\npip: Collecting jest\n  PASS: integration/test_db_connect.spec.js\nFetching submodules...\n[12:50:50] INFO: Connecting to database\nStep 10/15: Deploying\nCompleted.\nPlatform: darwin-arm64\nnpm notice: created a lockfile\n[12:50:50] DEBUG: Memory usage: 1252MB\nGET /api - 201 (18ms)\n[12:50:50] WARN: Deprecated API usage\nTests: 118 passed, 312 total\nBundling main.css\nnpm notice: package.json updated\nPlatform: linux-x64\nyarn add: Done in 10.51s\n=== Step e2e_tests completed ===\n=== Step: lint ===\nStep 11/21: Linting\n[12:50:50] DEBUG: Memory usage: 358MB\nCoverage: 93% statements, 79% branches\nBuilding Docker image...\nCoverage: 80% statements, 66% branches\nCompiling components/utils.go...\nFetching from https://githubusercontent.com/package.json\nSuccess!\n[12:50:50] WARN: Deprecated API usage\nUsing Node.js 17.16.8\nReady.\nTransforming 342 files...\nCache miss for key-3503\nWaiting...\nImage pulled successfully\n  PASS: test_cache_hit (94ms)\nRan 195 tests in 50s\nProcessing...\nCompiling components/app.ts...\nTests: 162 passed, 431 total\nAlready up to date.\nFAILED: test_auth_login\nCompiling components/service.java...\nPushing to registry...\nPlatform: win32-x64\nFetching submodules...\nTest Suites: 17 passed, 24 total\nBundling styles.js\nCompiling components/main.py...\nImage pulled successfully\nStep 11/25: Linting\n\u2713 Step 'test' succeeded\nArtifact uploaded: dist.zip (4MB)\nArtifact uploaded: build.tar.gz (34MB)\nCompiling lib/handler.rs...\nFetching submodules...\nCompiling lib/index.js...\nEnvironment: test\n\u2713 Step 'build' succeeded\nStep 9/22: Running migrations\nTLS handshake completed\n[12:50:50] DEBUG: Initializing service\n[12:50:50] INFO: Cache refreshed\nArtifact uploaded: build.tar.gz (18MB)\nCompleted.\nStep 7/18: Running migrations\npip: Collecting express\nStep 12/19: Testing\nnpm install: added 454 packages\nRan 177 tests in 49s\n\u2713 All checks passed\nSuccess!\nnpm install: resolved 377 packages\npip: Collecting axios\nTLS handshake completed\nTime: 77.440s\nUsing Python 3.10\n[12:50:50] INFO: Starting build process\nWaiting...\nWaiting...\nStep 20/20: Deploying\nnpm notice: package.json updated\n  PASS: test_user_create (485ms)\nOptimizing 100 modules...\nCompleted.\nGenerating source maps...\nCache miss for key-2963\nStep 18/25: Installing dependencies\nCompiling utils/service.java...\nArtifact uploaded: dist.zip (78MB)\nReady.\nFAILED: test_cache_hit\n[12:50:50] INFO: Processing request\nUsing Node.js 15.1.3\nChecking out master branch\n[12:50:50] DEBUG: Query executed in 60ms\nnpm install: added 221 packages\n\u2713 Task completed in 2227ms\n[12:50:50] INFO: Request completed\nFinished.\nPulling image: alpine:18\nTransforming 953 files...\nInstalling prettier@1.0.5\npip: Downloading prettier-5.20.tar.gz\nCache hit for key-8996\nDone.\n[12:50:50] DEBUG: Loading configuration\n[12:50:50] INFO: Starting build process\nSwitched to branch 'feature/task-793'\nSuccess!\n\u2713 All checks passed\nAlready up to date.\nMinifying main.js\n[12:50:50] WARN: Deprecated API usage\n[12:50:50] INFO: Processing request\nCache miss for key-2326\nWaiting...\nUsing Python 3.9\nMinifying main.js\nPOST /api - 201 (148ms)\nStep 19/20: Linting\nDone.\nStep 13/25: Linting\nStep 20/23: Building\npip install: Successfully installed lodash-5.16\nCache hit for key-8426\nSwitched to branch 'feature/task-681'\nWaiting...\nBundling vendor.css\nArtifact uploaded: dist.zip (84MB)\n\u2713 Task completed in 1104ms\nGET /health - 201 (61ms)\nBuilding Docker image...\nOK\nFinished.\nCompleted.\nLoading...\nnpm install: added 354 packages\nGenerating source maps...\n[12:50:50] INFO: Starting build process\nStep 1/18: Testing\nStep 1/25: Testing\nCompiling components/index.js...\nnpm install: resolved 1500 packages\nVerifying...\nStep 12/23: Running migrations\nProcessing...\nStep 2/24: Building\nCompiling utils/index.js...\nGenerating source maps...\nUsing Python 3.9\n[12:50:50] DEBUG: Initializing service\nWARNING: lodash has known vulnerabilities\nStep 1/22: Linting\nTests: 352 passed, 198 total\nLayer 2/8: COPY command\nStep 4/23: Running migrations\nPOST /api - 200 (472ms)\nHEAD is now at 9c2ada8\n[12:50:50] INFO: Request completed\n  PASS: test_cache_hit (122ms)\nAlready up to date.\nCompiling components/app.ts...\nTLS handshake completed\n[12:50:50] INFO: Request completed\nPushing to registry...\n[12:50:50] DEBUG: Initializing service\nTime: 107.26s\nTime: 33.359s\npip: Collecting lodash\nCompiling src/index.js...\nSuccess!\npip: Collecting react\nPlatform: linux-x64\n\u26a0 DEPRECATION: Feature will be removed in v5.0\nConnection established\nOK\n[12:50:50] DEBUG: Query executed in 71ms\nBundling main.js\nLayer 2/12: COPY command\n[12:50:50] DEBUG: Initializing service\n\u2717 build failed with exit code 64\n\u2717 build failed with exit code 49\nRan 99 tests in 18s\n\u26a0 DEPRECATION: Feature will be removed in v3.0\nArtifact downloaded: 39MB\nTest Suites: 8 passed, 37 total\npip: Collecting axios\n[12:50:50] ERROR: Connection failed\nPushing to registry...\nCompiling utils/handler.rs...\nImage pulled successfully\nHEAD is now at 1c5c452\nTests: 280 passed, 432 total\nSnapshots: 15 passed, 38 total\nException: TypeError\nSnapshots: 17 passed, 42 total\nnpm install: resolved 1287 packages\n[12:50:50] DEBUG: Connection pool: 16 active\n[12:50:50] WARN: Deprecated API usage\nFetching submodules...\nStep 9/23: Installing dependencies\nCreating production build...\nStep 8/16: Testing\nTime: 69.416s\n\u2713 All checks passed\n\u2713 Task completed in 1394ms\nStep 4/19: Testing\n[12:50:50] INFO: Connecting to database\nCache hit for key-6329\nArtifact uploaded: build.tar.gz (32MB)\nGenerating source maps...\nUploading artifact 'dist' (21 files)\nException: TypeError\nUsing Node.js 14.6.3\n[12:50:50] INFO: Starting build process\nOptimizing 42 modules...\nFAILED: test_api_health\nChecking out master branch\n  PASS: test_user_create (19ms)\nStep 5/20: Installing dependencies\n=== Step lint completed ===\n=== Step: type_check ===\n[12:50:50] INFO: Request completed\n\u2713 test completed\n[12:50:50] ERROR: Connection failed\nFinished.\nLoading...\nCache hit for key-5828\n[12:50:50] ERROR: Connection failed\n[12:50:50] INFO: Connecting to database\nBuilding Docker image...\n[12:50:50] DEBUG: Loading configuration\nCompiling lib/utils.go...\nyarn add: Done in 28.54s\nArtifact downloaded: 16MB\nArtifact uploaded: build.tar.gz (44MB)\nArtifact downloaded: 11MB\nCreating production build...\npip: Installing build dependencies...\n[12:50:50] WARN: Deprecated API usage\nException: TypeError\npip install: Successfully installed webpack-4.4\nImage pulled successfully\nnpm notice: created a lockfile\nStep 9/21: Running migrations\nWARNING: react has known vulnerabilities\n[12:50:50] WARN: Deprecated API usage\nUsing Python 3.10\nConnection established\nWaiting...\nMinifying main.js\nFinished.\nCache miss for key-5745\n[12:50:50] INFO: Request completed\n[12:50:50] INFO: Request completed\n[12:50:50] DEBUG: Initializing service\nDone.\nCache restored successfully (351MB)\nSwitched to branch 'bugfix/task-690'\nCompiling lib/handler.rs...\nWARNING: axios has known vulnerabilities\npip: Collecting webpack\nnpm install: added 354 packages\nNODE_ENV=production\n\u2713 package completed\nTest Suites: 41 passed, 36 total\n[12:50:50] ERROR: Connection failed\n[12:50:50] DEBUG: Loading configuration\nWARNING: prettier has known vulnerabilities\nPushing to registry...\nSwitched to branch 'hotfix/task-131'\n\u26a0 DEPRECATION: Feature will be removed in v3.0\nArtifact uploaded: build.tar.gz (6MB)\n  PASS: test_api_health (353ms)\nStep 4/17: Building\nLayer 8/10: COPY command\nAlready up to date.\nWaiting...\nWARNING: eslint has known vulnerabilities\nDone.\nCompiling lib/app.ts...\nFAILED: test_api_health\nException: TypeError\nEnvironment: production\n[12:50:50] INFO: Request completed\n[12:50:50] DEBUG: Memory usage: 1728MB\n[12:50:50] INFO: Request completed\nPulling image: node:latest\nImage pulled successfully\nUploading artifact 'coverage' (25 files)\n[12:50:50] ERROR: Connection failed\nCompiling components/service.java...\nWARNING: jest has known vulnerabilities\n  PASS: test_db_connect (24ms)\n\u2713 All checks passed\nStep 18/18: Running migrations\nFetching from https://pypi.org/package.json\n[12:50:50] INFO: Connecting to database\nBundling main.css\nLayer 4/13: ENV command\nTransforming 322 files...\nWaiting...\nProcessing...\nStep 4/22: Running migrations\n  PASS: test_cache_hit (274ms)\nnpm install: added 112 packages\n[12:50:50] DEBUG: Memory usage: 164MB\nStep 18/24: Running migrations\nReady.\n[12:50:50] INFO: Connecting to database\nFinished.\nGenerating source maps...\nUsing Node.js 18.19.9\nArtifact downloaded: 6MB\nyarn add: Done in 20.81s\nTransforming 753 files...\nStep 19/20: Linting\n[12:50:50] INFO: Cache refreshed\nArtifact downloaded: 40MB\n[12:50:50] INFO: Request completed\n\u2713 Step 'setup' succeeded\nUsing Python 3.9\nMinifying main.js\nStep 18/18: Running migrations\nChecking out master branch\nStep 19/15: Deploying\nArtifact uploaded: build.tar.gz (2MB)\nPlatform: win32-x64\nInstalling jest@2.15.9\nConnection established\nBundling styles.js\nCompiling components/app.ts...\nLayer 9/10: COPY command\n\u2713 lint completed\nCompiling utils/index.js...\nMinifying app.js\npip: Collecting lodash\nConnection established\n[12:50:50] DEBUG: Initializing service\nInstalling express@5.10.6\nWaiting...\nTest Suites: 24 passed, 40 total\nHEAD is now at 2ee99ea\nTransforming 146 files...\n\u2713 All checks passed\nStep 7/21: Installing dependencies\nStep 18/15: Testing\nSwitched to branch 'hotfix/task-941'\nGenerating source maps...\nSnapshots: 24 passed, 6 total\n\u26a0 DEPRECATION: Feature will be removed in v3.0\npip: Downloading express-1.7.tar.gz\nBundling vendor.js\nProcessing...\nWaiting...\nVerifying...\nCache hit for key-9295\nOK\n[12:50:50] WARN: Deprecated API usage\n[12:50:50] DEBUG: Memory usage: 1631MB\nGET /health - 204 (31ms)\nnpm notice: created a lockfile\nnpm notice: package.json updated\nOK\nTime: 18.341s\n\u26a0 DEPRECATION: Feature will be removed in v5.0\nBuilding Docker image...\npip: Downloading express-3.20.tar.gz\nGET /health - 201 (40ms)\nException: ValueError\nSnapshots: 35 passed, 28 total\nCompleted.\nWARNING: jest has known vulnerabilities\nOK\n[12:50:50] INFO: Cache refreshed\npip: Installing build dependencies...\nCache saved successfully\nCache saved successfully\nFinished.\nOK\n\u2717 build failed with exit code 77\nyarn add: Done in 3.34s\n\u26a0 DEPRECATION: Feature will be removed in v4.0\nFAILED: test_api_health\nCache miss for key-8558\nFetching from https://github.com/package.json\nCompiling src/app.ts...\nyarn add: Done in 8.30s\nPOST /api - 200 (337ms)\nRan 61 tests in 8s\n[12:50:50] DEBUG: Loading configuration\nTests: 123 passed, 277 total\n\u2713 Step 'test' succeeded\nCache saved successfully\nUsing Node.js 18.12.10\n\u2713 All checks passed\nNODE_ENV=test\nCompiling components/handler.rs...\nyarn add: Done in 13.78s\n[12:50:50] WARN: Deprecated API usage\nStep 18/18: Linting\nFetching submodules...\nCache hit for key-2568\nMinifying main.js\nTransforming 588 files...\n[12:50:50] DEBUG: Connection pool: 11 active\n  PASS: test_auth_login (86ms)\nLayer 2/8: RUN command\nOptimizing 21 modules...\nSwitched to branch 'feature/task-584'\nGenerating source maps...\nFinished.\n[12:50:50] WARN: Deprecated API usage\n\u2713 All checks passed\n\u2713 Task completed in 235ms\nNODE_ENV=test\nTest Suites: 15 passed, 41 total\nnpm notice: package.json updated\nCreating production build...\nWARNING: axios has known vulnerabilities\nMinifying main.js\nCache saved successfully\n\u2713 All checks passed\n=== Step type_check completed ===\n=== Step: checkout ===\nCache invalidated: dependencies\nTLS handshake completed\n\u2713 Task completed in 4602ms\nyarn add: Done in 16.52s\nArtifact uploaded: build.tar.gz (15MB)\nTest Suites: 19 passed, 8 total\nOptimizing 100 modules...\nTests: 219 passed, 60 total\n[12:50:50] INFO: Cache refreshed\n[12:50:50] DEBUG: Query executed in 14ms\nPushing to registry...\nGenerating source maps...\nSuccess!\nCompleted.\nSnapshots: 10 passed, 44 total\nFinished.\nCache miss for key-1889\nDone.\nStep 4/20: Installing dependencies\nnpm install: resolved 1577 packages\n[12:50:50] INFO: Request completed\nFinished.\nGET /status - 201 (64ms)\nnpm install: added 198 packages\nWARNING: express has known vulnerabilities\n[12:50:50] INFO: Cache refreshed\n[12:50:50] INFO: Cache refreshed\nArtifact uploaded: dist.zip (99MB)\nWARNING: prettier has known vulnerabilities\n\u2713 package completed\nWARNING: express has known vulnerabilities\n[12:50:50] INFO: Connecting to database\nUsing Python 3.9\n  PASS: e2e/test_auth_login.spec.js\nPulling image: python:3.11\n[12:50:50] DEBUG: Query executed in 100ms\nUsing Node.js 17.15.0\nEnvironment: staging\nStep 19/21: Linting\nAlready up to date.\nEnvironment: production\nCompiling src/index.js...\nLayer 2/9: COPY command\nnpm notice: package.json updated\nInstalling express@2.15.0\nBuilding Docker image...\n\u26a0 DEPRECATION: Feature will be removed in v2.0\nEnvironment: development\n[12:50:50] INFO: Starting build process\nPOST /data - 200 (401ms)\nCache miss for key-3763\nGET /health - 200 (2ms)\nyarn add: Done in 16.85s\nBundling vendor.js\nOK\nWARNING: webpack has known vulnerabilities\nUploading artifact 'coverage' (9 files)\nCache restored successfully (196MB)\nWaiting...\nUsing Python 3.11\nProcessing...\nVerifying...\nCreating production build...\nLayer 5/14: RUN command\nPushing to registry...\npip: Downloading axios-3.13.tar.gz\nnpm notice: package.json updated\nFinished.\nLoading...\nVerifying...\nSwitched to branch 'hotfix/task-952'\nGenerating source maps...\nnpm notice: created a lockfile\nCreating production build...\nGenerating source maps...\npip: Installing build dependencies...\nCompleted.\nCache hit for key-7629\nTime: 65.306s\n[12:50:50] WARN: Deprecated API usage\nBuilding Docker image...\nUsing Node.js 17.0.1\nEnvironment: staging\nCache hit for key-5297\nFinished.\n\u2713 Step 'build' succeeded\nGET /health - 204 (100ms)\nCreating production build...\nUsing Node.js 18.9.8\n\u26a0 DEPRECATION: Feature will be removed in v4.0\nCache miss for key-9950\nnpm notice: package.json updated\n\u26a0 DEPRECATION: Feature will be removed in v5.0\nnpm install: resolved 1431 packages\nCache hit for key-1676\nFAILED: test_user_create\nException: NullPointerException\npip: Installing build dependencies...\nPOST /upload - 202 (176ms)\nMinifying main.js\nTests: 456 passed, 225 total\nCompleted.\nConnection established\n\u2713 Task completed in 111ms\npip install: Successfully installed webpack-1.7\nStep 18/23: Running migrations\n[12:50:50] DEBUG: Query executed in 26ms\n[12:50:50] DEBUG: Loading configuration\nWARNING: react has known vulnerabilities\nPulling image: python:18\nCompiling components/app.ts...\nSwitched to branch 'hotfix/task-809'\nOK\nCache invalidated: node_modules\nPushing to registry...\nTests: 376 passed, 476 total\nTLS handshake completed\n\u2717 build failed with exit code 73\nHEAD is now at 66ce23f\n[12:50:50] DEBUG: Query executed in 98ms\n\u2713 Step 'build' succeeded\n[12:50:50] DEBUG: Connection pool: 5 active\nPushing to registry...\nReady.\nBuilding Docker image...\nnpm install: added 159 packages\nFetching from https://pypi.org/package.json\n\u2713 Step 'test' succeeded\nPOST /upload - 202 (198ms)\nEnvironment: production\npip: Collecting axios\nnpm install: added 252 packages\nCache miss for key-2224\nGET /api - 201 (55ms)\nOptimizing 35 modules...\nRan 86 tests in 3s\nArtifact uploaded: dist.zip (93MB)\nEnvironment: development\nLoading...\nCompiling src/utils.go...\nFAILED: test_api_health\nHEAD is now at 020197b\n[12:50:50] WARN: Deprecated API usage\nLoading...\nBuilding Docker image...\n  PASS: test_cache_hit (99ms)\n[12:50:50] INFO: Starting build process\nStep 11/16: Installing dependencies\n\u2713 All checks passed\nCreating production build...\nWARNING: prettier has known vulnerabilities\nCoverage: 71% statements, 90% branches\nLayer 9/13: RUN command\nWaiting...\nFinished.\nCache restored successfully (98MB)\n\u2717 build failed with exit code 27\nStep 8/15: Deploying\nSwitched to branch 'bugfix/task-362'\nUsing Python 3.11\nBundling main.js\nSuccess!\nnpm notice: created a lockfile\nMinifying app.js\nChecking out master branch\n[12:50:50] WARN: Deprecated API usage\nTest Suites: 37 passed, 28 total\npip: Installing build dependencies...\nPOST /api - 201 (408ms)\npip: Installing build dependencies...\nCompiling lib/index.js...\nOptimizing 64 modules...\n[12:50:50] WARN: Deprecated API usage\nTLS handshake completed\nSwitched to branch 'feature/task-472'\nCache restored successfully (494MB)\nChecking out master branch\n[12:50:50] DEBUG: Connection pool: 19 active\nDone.\n[12:50:50] DEBUG: Query executed in 23ms\nFinished.\n\u2717 build failed with exit code 78\nStep 5/15: Deploying\nCompleted.\nFinished.\nCompiling src/app.ts...\nTest Suites: 11 passed, 41 total\nTest Suites: 45 passed, 18 total\nWaiting...\n[12:50:50] INFO: Starting build process\nWARNING: axios has known vulnerabilities\nCoverage: 81% statements, 63% branches\nLayer 7/12: ENV command\nWaiting...\nStep 2/15: Building\nStep 1/22: Installing dependencies\nStep 6/17: Installing dependencies\n[12:50:50] DEBUG: Initializing service\nUsing Node.js 17.16.4\nCompiling utils/service.java...\nStep 12/17: Installing dependencies\n=== Step checkout completed ===\n=== Step: integration_tests ===\nHEAD is now at ae89610\n\u2713 All checks passed\nUploading artifact 'coverage' (19 files)\nnpm notice: package.json updated\nPlatform: linux-x64\nConnection established\nReady.\nCache invalidated: dependencies\nLayer 7/10: COPY command\nGET /status - 200 (90ms)\nGenerating source maps...\nCoverage: 70% statements, 83% branches\nnpm notice: package.json updated\n[12:50:50] DEBUG: Connection pool: 3 active\nBuilding Docker image...\nSuccess!\nStep 16/20: Testing\nArtifact downloaded: 49MB\nTests: 368 passed, 137 total\nCreating production build...\n  PASS: test_user_create (215ms)\nDone.\nnpm notice: package.json updated\n[12:50:50] INFO: Starting build process\nCompleted.\nRan 85 tests in 35s\nTLS handshake completed\nCache invalidated: build\n\u26a0 DEPRECATION: Feature will be removed in v5.0\nCache hit for key-9048\n\u2713 test completed\nWARNING: lodash has known vulnerabilities\nTransforming 546 files...\n\u2713 Step 'checkout' succeeded\nSnapshots: 28 passed, 42 total\nCache restored successfully (161MB)\nUsing Node.js 18.11.8\nnpm install: added 153 packages\nStep 12/17: Testing\nyarn add: Done in 18.81s\nRan 20 tests in 47s\nStep 8/25: Deploying\nnpm install: resolved 1301 packages\nArtifact uploaded: build.tar.gz (5MB)\nLayer 5/8: RUN command\nCompleted.\nCoverage: 100% statements, 89% branches\nGenerating source maps...\nArtifact uploaded: dist.zip (30MB)\nUsing Node.js 17.18.2\npip: Collecting express\nPulling image: alpine:latest\nCache hit for key-4173\n\u2717 build failed with exit code 82\nCache saved successfully\nPlatform: linux-x64\nFetching from https://npmjs.org/package.json\nImage pulled successfully\nStep 1/15: Building\n\u2713 Task completed in 254ms\nyarn add: Done in 8.71s\nLayer 1/11: ENV command\nArtifact downloaded: 16MB\n\u2713 Task completed in 2829ms\nAlready up to date.\n[12:50:50] INFO: Request completed\nFetching submodules...\nMinifying app.js\nCache hit for key-4518\nCompleted.\nTLS handshake completed\nMinifying app.js\n\u2713 Task completed in 1203ms\nCompiling src/index.js...\nCache restored successfully (97MB)\nPushing to registry...\n[12:50:50] WARN: Deprecated API usage\nCache miss for key-4682\nCompiling lib/index.js...\nStep 9/16: Deploying\nTest Suites: 19 passed, 24 total\nGET /api - 201 (29ms)\n[12:50:50] WARN: Deprecated API usage\nFetching submodules...\npip install: Successfully installed prettier-5.2\nCreating production build...\nStep 16/17: Linting\nyarn add: Done in 19.62s\n[12:50:50] INFO: Connecting to database\nArtifact uploaded: dist.zip (71MB)\nCompleted.\nPushing to registry...\nCache saved successfully\nnpm notice: package.json updated\npip install: Successfully installed prettier-5.19\nTest Suites: 47 passed, 36 total\n[12:50:50] DEBUG: Initializing service\nBundling vendor.css\nPlatform: win32-x64\npip: Downloading react-1.15.tar.gz\nInstalling jest@4.17.2\nCompiling src/app.ts...\n[12:50:50] WARN: Deprecated API usage\nPulling image: python:18\nVerifying...\n[12:50:50] INFO: Starting build process\nFinished.\nStep 5/22: Running migrations\n\u26a0 DEPRECATION: Feature will be removed in v4.0\nTest Suites: 45 passed, 23 total\nMinifying app.js\n[12:50:50] INFO: Starting build process\nPlatform: win32-x64\n[12:50:50] INFO: Starting build process\nAlready up to date.\nTransforming 343 files...\nBuilding Docker image...\nFinished.\n\u2713 All checks passed\nChecking out master branch\n[12:50:50] WARN: Deprecated API usage\n\u2713 Task completed in 2045ms\nCompiling src/utils.go...\nArtifact downloaded: 10MB\nMinifying vendor.js\n[12:50:50] DEBUG: Loading configuration\nPOST /data - 200 (68ms)\nOK\nStep 19/20: Testing\nFetching submodules...\nCache hit for key-3359\nChecking out master branch\n[12:50:50] WARN: Deprecated API usage\nProcessing...\nCache miss for key-5865\npip: Collecting eslint\n[12:50:50] DEBUG: Query executed in 75ms\nGenerating source maps...\nFinished.\nWaiting...\n[12:50:50] INFO: Starting build process\nConnection established\nCompiling src/app.ts...\nCompiling lib/handler.rs...\nPOST /upload - 201 (139ms)\nException: ValueError\nStep 16/23: Building\n[12:50:50] DEBUG: Connection pool: 4 active\npip: Downloading jest-2.10.tar.gz\nFAILED: test_api_health\nRan 86 tests in 17s\nInstalling webpack@5.19.5\nBuilding Docker image...\nException: ValueError\nWARNING: express has known vulnerabilities\nStep 5/23: Testing\nArtifact uploaded: build.tar.gz (39MB)\nWARNING: jest has known vulnerabilities\n\u26a0 DEPRECATION: Feature will be removed in v3.0\n\u2713 validate completed\nBundling vendor.js\npip: Collecting express\nInstalling eslint@1.8.9\nnpm install: added 491 packages\n[12:50:50] DEBUG: Query executed in 78ms\nHEAD is now at f2ccd85\nWaiting...\nChecking out main branch\nnpm install: resolved 1043 packages\nSwitched to branch 'feature/task-326'\n\u2713 Task completed in 244ms\nOptimizing 93 modules...\nTests: 456 passed, 255 total\nDone.\nnpm notice: created a lockfile\nCompleted.\nStep 15/19: Deploying\nUsing Node.js 18.20.6\nStep 3/25: Building\n[12:50:50] DEBUG: Query executed in 62ms\n[12:50:50] WARN: Deprecated API usage\nArtifact uploaded: build.tar.gz (22MB)\npip: Installing build dependencies...\nReady.\nWARNING: webpack has known vulnerabilities\n  PASS: e2e/test_api_health.spec.js\n[12:50:50] INFO: Connecting to database\nSnapshots: 27 passed, 43 total\nnpm install: resolved 1021 packages\nBundling runtime.css\nCache restored successfully (233MB)\nTLS handshake completed\nStep 17/25: Building\nTransforming 304 files...\nArtifact downloaded: 24MB\n[12:50:50] WARN: Deprecated API usage\nCreating production build...\n[12:50:50] WARN: Deprecated API usage\nSnapshots: 10 passed, 9 total\n[12:50:50] WARN: Deprecated API usage\nBundling runtime.css\n=== Step integration_tests completed ===\n=== Step: upload_artifacts ===\n[12:50:50] DEBUG: Query executed in 3ms\nTests: 262 passed, 389 total\nLayer 5/14: ENV command\nPlatform: linux-x64\nCache saved successfully\nStep 4/19: Installing dependencies\nCompleted.\nDone.\nVerifying...\nProcessing...\nStep 20/23: Testing\nBuilding Docker image...\n\u26a0 DEPRECATION: Feature will be removed in v3.0\nTLS handshake completed\nSnapshots: 17 passed, 32 total\npip install: Successfully installed prettier-2.6\nSnapshots: 46 passed, 43 total\n[12:50:50] INFO: Connecting to database\nWARNING: jest has known vulnerabilities\nnpm install: resolved 1717 packages\nNODE_ENV=production\n\u2713 lint completed\nPOST /api - 200 (77ms)\n\u26a0 DEPRECATION: Feature will be removed in v2.0\nCache saved successfully\nBuilding Docker image...\nBuilding Docker image...\nSnapshots: 47 passed, 33 total\nTime: 118.513s\n[12:50:50] ERROR: Connection failed\n\u26a0 DEPRECATION: Feature will be removed in v2.0\npip: Installing build dependencies...\nBuilding Docker image...\n[12:50:50] INFO: Processing request\nEnvironment: staging\nCache miss for key-6576\nChecking out main branch\nUsing Python 3.11\n  PASS: test_db_connect (480ms)\nCache hit for key-5147\nLoading...\nnpm install: added 461 packages\nStep 7/19: Linting\nnpm notice: package.json updated\nVerifying...\nTLS handshake completed\nLayer 8/9: RUN command\nArtifact uploaded: dist.zip (52MB)\n[12:50:50] INFO: Starting build process\nRan 54 tests in 26s\nTLS handshake completed\nFAILED: test_user_create\n[12:50:50] WARN: Deprecated API usage\nStep 12/15: Installing dependencies\nAlready up to date.\nInstalling webpack@4.19.3\nFetching from https://amazonaws.com/package.json\nReady.\n[12:50:50] WARN: Deprecated API usage\nnpm notice: created a lockfile\nEnvironment: staging\nCompleted.\n  PASS: unit/test_cache_hit.spec.js\nSuccess!\n[12:50:50] INFO: Processing request\n  PASS: integration/test_auth_login.spec.js\nyarn add: Done in 14.6s\nArtifact uploaded: build.tar.gz (18MB)\nCompiling utils/app.ts...\nTransforming 398 files...\n\u2713 All checks passed\npip: Downloading eslint-4.19.tar.gz\npip install: Successfully installed webpack-4.9\nPOST /upload - 202 (326ms)\nCache restored successfully (399MB)\nGET /status - 204 (11ms)\nCoverage: 70% statements, 78% branches\nConnection established\nCache invalidated: build\nTime: 45.563s\nStep 20/15: Installing dependencies\nVerifying...\nyarn add: Done in 7.81s\nUsing Node.js 20.15.9\npip install: Successfully installed webpack-4.6\nTLS handshake completed\nArtifact downloaded: 13MB\n\u2713 Task completed in 3996ms\nProcessing...\nStep 11/23: Running migrations\nTests: 361 passed, 159 total\nSuccess!\nProcessing...\nTLS handshake completed\npip: Installing build dependencies...\nChecking out main branch\nStep 15/20: Linting\nConnection established\nMinifying app.js\n[12:50:50] DEBUG: Loading configuration\nCache saved successfully\nyarn add: Done in 25.12s\nCompiling src/index.js...\nTime: 112.940s\nPOST /data - 202 (32ms)\nCompiling utils/app.ts...\nFetching submodules...\npip: Installing build dependencies...\n[12:50:50] DEBUG: Query executed in 55ms\nMinifying app.js\nBuilding Docker image...\n[12:50:50] DEBUG: Loading configuration\nCache hit for key-7049\n[12:50:50] DEBUG: Initializing service\n[12:50:50] INFO: Request completed\nReady.\nStep 15/20: Building\n[12:50:50] DEBUG: Loading configuration\npip: Collecting eslint\n\u2717 build failed with exit code 50\nWARNING: prettier has known vulnerabilities\nNODE_ENV=test\n[12:50:50] DEBUG: Query executed in 90ms\nAlready up to date.\nBundling main.js\n\u2713 All checks passed\nStep 8/16: Running migrations\nCompiling src/utils.go...\nAlready up to date.\nnpm notice: package.json updated\nSwitched to branch 'hotfix/task-753'\npip: Installing build dependencies...\nStep 10/18: Building\nLoading...\nDone.\nCache miss for key-3343\nSuccess!\n  PASS: test_auth_login (251ms)\nUsing Node.js 15.9.6\nSwitched to branch 'bugfix/task-149'\nStep 11/16: Linting\n  PASS: unit/test_cache_hit.spec.js\npip: Collecting express\n\u2713 Step 'test' succeeded\n[12:50:50] DEBUG: Initializing service\nnpm install: resolved 140 packages\nFinished.\nSuccess!\nOptimizing 63 modules...\n\u2713 lint completed\nWARNING: lodash has known vulnerabilities\nUploading artifact 'coverage' (17 files)\nOK\nDone.\nReady.\n\u2713 Step 'test' succeeded\n[12:50:50] INFO: Processing request\nReady.\nCompleted.\nWARNING: webpack has known vulnerabilities\n[12:50:50] INFO: Starting build process\nFAILED: test_user_create\n[12:50:50] INFO: Cache refreshed\nEnvironment: production\nTest Suites: 11 passed, 15 total\n[12:50:50] INFO: Connecting to database\nChecking out main branch\nSnapshots: 22 passed, 15 total\nStep 15/17: Testing\n\u26a0 DEPRECATION: Feature will be removed in v4.0\npip: Collecting prettier\nFetching from https://githubusercontent.com/package.json\nBuilding Docker image...\nArtifact uploaded: dist.zip (36MB)\nGenerating source maps...\nCreating production build...\n[12:50:50] INFO: Cache refreshed\nWARNING: react has known vulnerabilities\nWARNING: react has known vulnerabilities\nArtifact uploaded: build.tar.gz (40MB)\nSnapshots: 10 passed, 31 total\nWARNING: lodash has known vulnerabilities\n[12:50:50] DEBUG: Query executed in 2ms\n[12:50:50] DEBUG: Initializing service\nStep 3/16: Testing\nWARNING: jest has known vulnerabilities\nDone.\nCompiling utils/utils.go...\nTLS handshake completed\nPlatform: win32-x64\nStep 8/22: Running migrations\nAlready up to date.\nCompiling components/service.java...\nMinifying main.js\nConnection established\nProcessing...\npip: Installing build dependencies...\nSuccess!\nCompiling src/service.java...\nStep 7/21: Running migrations\nBundling runtime.css\n=== Step upload_artifacts completed ===\n=== Step: install_dependencies ===\nStep 7/23: Deploying\n[12:50:50] DEBUG: Query executed in 38ms\nUsing Node.js 17.6.2\n\u2713 Task completed in 2875ms\nPulling image: alpine:18\n\u2713 All checks passed\n[12:50:50] DEBUG: Initializing service\nStep 1/19: Linting\n\u2713 Task completed in 3169ms\nArtifact downloaded: 30MB\nPOST /upload - 200 (307ms)\nWARNING: webpack has known vulnerabilities\nCompleted.\n[12:50:50] ERROR: Connection failed\nOK\nyarn add: Done in 24.53s\nnpm install: resolved 629 packages\nSnapshots: 26 passed, 12 total\nCompleted.\nStep 2/15: Installing dependencies\nCache miss for key-6835\n[12:50:50] DEBUG: Query executed in 28ms\nOK\nStep 6/23: Testing\nyarn add: Done in 21.99s\nCompiling components/handler.rs...\nNODE_ENV=development\nPOST /upload - 201 (385ms)\n[12:50:50] ERROR: Connection failed\nOptimizing 30 modules...\nGenerating source maps...\nFAILED: test_auth_login\n[12:50:50] DEBUG: Connection pool: 14 active\nTest Suites: 36 passed, 20 total\nChecking out master branch\n[12:50:50] INFO: Cache refreshed\nGenerating source maps...\nStep 17/20: Testing\nCoverage: 95% statements, 62% branches\nWARNING: lodash has known vulnerabilities\n[12:50:50] DEBUG: Connection pool: 19 active\n[12:50:50] DEBUG: Query executed in 89ms\n  PASS: test_user_create (60ms)\nyarn add: Done in 30.28s\nException: NullPointerException\npip: Downloading react-1.5.tar.gz\nWARNING: lodash has known vulnerabilities\nyarn add: Done in 4.86s\n[12:50:50] DEBUG: Memory usage: 781MB\nArtifact uploaded: dist.zip (88MB)\nBuilding Docker image...\nCreating production build...\n[12:50:50] ERROR: Connection failed\nCache hit for key-5751\n\u26a0 DEPRECATION: Feature will be removed in v5.0\nGenerating source maps...\nFetching from https://githubusercontent.com/package.json\n\u2713 Step 'setup' succeeded\n[12:50:50] DEBUG: Memory usage: 535MB\nOptimizing 20 modules...\nStep 8/20: Building\n[12:50:50] WARN: Deprecated API usage\nVerifying...\nNODE_ENV=production\nCache invalidated: node_modules\nUploading artifact 'dist' (38 files)\nCreating production build...\n\u2713 validate completed\nCompiling utils/index.js...\n\u2717 build failed with exit code 40\nCoverage: 91% statements, 70% branches\nCompiling components/utils.go...\npip: Downloading jest-1.5.tar.gz\nInstalling react@1.7.4\npip: Installing build dependencies...\nStep 16/21: Running migrations\n\u2717 build failed with exit code 41\n  PASS: test_cache_hit (39ms)\npip: Installing build dependencies...\nnpm install: resolved 421 packages\nArtifact uploaded: build.tar.gz (34MB)\n\u2713 Step 'build' succeeded\nGET /health - 200 (60ms)\nnpm notice: package.json updated\n[12:50:50] ERROR: Connection failed\nUsing Node.js 14.0.6\nWaiting...\n\u2713 validate completed\nArtifact downloaded: 24MB\nnpm notice: package.json updated\nGET /api - 200 (72ms)\nPulling image: python:3.11\npip: Downloading express-5.13.tar.gz\nFinished.\nSuccess!\n[12:50:50] DEBUG: Memory usage: 857MB\n[12:50:50] INFO: Processing request\nOptimizing 64 modules...\n[12:50:50] DEBUG: Memory usage: 869MB\nStep 3/19: Building\n[12:50:50] INFO: Starting build process\nCompiling src/main.py...\n\u26a0 DEPRECATION: Feature will be removed in v2.0\nStep 5/18: Linting\nUploading artifact 'dist' (6 files)\nInstalling jest@5.11.3\nCompiling src/index.js...\nBuilding Docker image...\nnpm install: resolved 653 packages\nWARNING: express has known vulnerabilities\nFAILED: test_user_create\n[12:50:50] WARN: Deprecated API usage\nChecking out main branch\nOptimizing 16 modules...\nSwitched to branch 'hotfix/task-331'\nCache hit for key-4836\nFAILED: test_db_connect\nStep 20/21: Deploying\nTime: 11.86s\nHEAD is now at dacbc14\nPushing to registry...\nCache hit for key-2728\nAlready up to date.\nCache invalidated: dependencies\n[12:50:50] ERROR: Connection failed\nnpm notice: created a lockfile\nLoading...\nOK\nCache hit for key-2001\nnpm notice: created a lockfile\nGenerating source maps...\n\u2713 Task completed in 2635ms\nTests: 112 passed, 130 total\nLayer 10/11: RUN command\nPushing to registry...\npip: Downloading axios-5.7.tar.gz\nArtifact uploaded: build.tar.gz (33MB)\nCache invalidated: node_modules\nUploading artifact 'coverage' (48 files)\nStep 12/24: Building\npip: Collecting prettier\nVerifying...\n[12:50:50] INFO: Starting build process\n[12:50:50] WARN: Deprecated API usage\nCache saved successfully\nCache saved successfully\nCompleted.\nGET /status - 200 (15ms)\nCache restored successfully (179MB)\n[12:50:50] WARN: Deprecated API usage\npip install: Successfully installed lodash-5.16\nOptimizing 48 modules...\n\u26a0 DEPRECATION: Feature will be removed in v4.0\nDone.\n\u2713 Task completed in 4525ms\nChecking out master branch\n\u26a0 DEPRECATION: Feature will be removed in v2.0\nVerifying...\n[12:50:50] DEBUG: Initializing service\n  PASS: test_api_health (8ms)\nUsing Python 3.11\nArtifact downloaded: 35MB\nGET /status - 201 (34ms)\nReady.\nTransforming 717 files...\nFetching submodules...\nUsing Node.js 18.12.10\n[12:50:50] WARN: Deprecated API usage\nStep 3/22: Installing dependencies\n[12:50:50] DEBUG: Loading configuration\nCache miss for key-4331\nCache miss for key-2948\nnpm notice: package.json updated\nArtifact downloaded: 47MB\nTime: 21.704s\nUploading artifact 'coverage' (7 files)\n\u2713 lint completed\nCache invalidated: dependencies\n\u2713 Task completed in 1031ms\nSwitched to branch 'hotfix/task-856'\nBundling styles.css\n[12:50:50] INFO: Cache refreshed\nWaiting...\nCompiling components/handler.rs...\nCompiling lib/main.py...\nBuilding Docker image...\nCache invalidated: dependencies\n\u2717 build failed with exit code 100\nyarn add: Done in 9.89s\nOptimizing 62 modules...\n\u26a0 DEPRECATION: Feature will be removed in v3.0\nCompiling utils/utils.go...\nReady.\nOptimizing 54 modules...\nCompiling utils/utils.go...\nLayer 10/14: ENV command\nStep 12/18: Linting\nUsing Node.js 16.1.10\nEnvironment: production\nEnvironment: staging\nStep 8/17: Building\n=== Step install_dependencies completed ===\n=== Step: save_cache ===\nSuccess!\nInstalling jest@2.8.9\nChecking out main branch\nRan 12 tests in 56s\nArtifact downloaded: 49MB\nUploading artifact 'coverage' (5 files)\nVerifying...\nTransforming 795 files...\nStep 4/22: Installing dependencies\nCache restored successfully (233MB)\nHEAD is now at be1d8b5\nPushing to registry...\nNODE_ENV=test\nCoverage: 84% statements, 85% branches\n\u2713 Task completed in 2828ms\n\u2713 validate completed\nWARNING: react has known vulnerabilities\nFAILED: test_api_health\nTLS handshake completed\nTLS handshake completed\nFAILED: test_auth_login\nCompiling src/service.java...\nLayer 4/14: ENV command\n\u2713 Task completed in 1927ms\n[12:50:50] WARN: Deprecated API usage\nArtifact uploaded: build.tar.gz (13MB)\nImage pulled successfully\nTransforming 130 files...\nWaiting...\n\u26a0 DEPRECATION: Feature will be removed in v3.0\n  PASS: integration/test_db_connect.spec.js\n  PASS: integration/test_auth_login.spec.js\n  PASS: integration/test_cache_hit.spec.js\nBuilding Docker image...\nStep 20/22: Running migrations\nSwitched to branch 'hotfix/task-196'\n[12:50:50] WARN: Deprecated API usage\n\u2713 Task completed in 2058ms\nGenerating source maps...\n[12:50:50] ERROR: Connection failed\n[12:50:50] INFO: Cache refreshed\n[12:50:50] INFO: Request completed\n[12:50:50] INFO: Request completed\n[12:50:50] INFO: Connecting to database\nGET /api - 200 (96ms)\nMinifying main.js\nCompleted.\npip install: Successfully installed eslint-2.13\nStep 10/18: Testing\n[12:50:50] INFO: Cache refreshed\nVerifying...\nArtifact uploaded: build.tar.gz (41MB)\nWaiting...\n[12:50:50] WARN: Deprecated API usage\nConnection established\nCoverage: 100% statements, 95% branches\n[12:50:50] DEBUG: Connection pool: 14 active\nTests: 194 passed, 306 total\nOptimizing 14 modules...\nCache saved successfully\nStep 4/20: Running migrations\nUsing Node.js 15.2.5\nnpm install: resolved 1796 packages\nNODE_ENV=test\n[12:50:50] DEBUG: Query executed in 9ms\nyarn add: Done in 16.79s\n[12:50:50] INFO: Processing request\nCompleted.\npip: Collecting jest\nInstalling jest@1.19.4\nFetching submodules...\nCache miss for key-9254\n[12:50:50] DEBUG: Connection pool: 14 active\nCompiling utils/app.ts...\nCache miss for key-1763\nTest Suites: 13 passed, 23 total\nPOST /data - 202 (485ms)\nHEAD is now at 14b160a\nCoverage: 100% statements, 97% branches\nSnapshots: 11 passed, 29 total\nException: ValueError\npip: Collecting react\nCompiling components/main.py...\nFinished.\nChecking out develop branch\nReady.\nTLS handshake completed\nnpm install: resolved 548 packages\n[12:50:50] DEBUG: Initializing service\nOptimizing 15 modules...\nnpm notice: created a lockfile\n[12:50:50] ERROR: Connection failed\nNODE_ENV=development\nArtifact downloaded: 21MB\nnpm install: added 438 packages\nCache invalidated: node_modules\nCompiling components/index.js...\nFetching submodules...\nSnapshots: 19 passed, 45 total\nCache restored successfully (193MB)\nOptimizing 53 modules...\npip: Collecting webpack\nCache hit for key-1768\nTransforming 480 files...\nHEAD is now at bf2f3e3\nCache restored successfully (36MB)\nChecking out main branch\nSnapshots: 50 passed, 7 total\nPlatform: linux-x64\nLoading...\n\u2713 package completed\npip: Downloading axios-5.11.tar.gz\nBuilding Docker image...\nUsing Node.js 18.17.9\n\u26a0 DEPRECATION: Feature will be removed in v4.0\nArtifact uploaded: build.tar.gz (22MB)\nConnection established\nNODE_ENV=test\nyarn add: Done in 26.76s\n[12:50:50] INFO: Cache refreshed\n\u2713 build completed\nPushing to registry...\n\u2713 package completed\n[12:50:50] WARN: Deprecated API usage\nnpm install: added 334 packages\nPlatform: darwin-arm64\nStep 2/22: Running migrations\nMinifying vendor.js\nFetching submodules...\npip: Installing build dependencies...\nUsing Python 3.12\nWaiting...\nTests: 300 passed, 261 total\nPushing to registry...\nSuccess!\nUsing Node.js 15.19.4\nTransforming 810 files...\n  PASS: test_cache_hit (296ms)\nOptimizing 94 modules...\nPlatform: linux-x64\n[12:50:50] INFO: Starting build process\nStep 18/19: Building\nCompiling utils/index.js...\nOK\nSuccess!\n[12:50:50] DEBUG: Connection pool: 4 active\n\u2713 All checks passed\nDone.\n\u2713 All checks passed\nNODE_ENV=development\n[12:50:50] DEBUG: Loading configuration\nSwitched to branch 'hotfix/task-974'\nImage pulled successfully\nUsing Node.js 17.15.0\nUploading artifact 'dist' (21 files)\n\u2717 build failed with exit code 64\nImage pulled successfully\nLayer 3/12: RUN command\nReady.\nBuilding Docker image...\n\u2713 deploy completed\n[12:50:50] DEBUG: Loading configuration\nFetching submodules...\nException: NullPointerException\n\u26a0 DEPRECATION: Feature will be removed in v3.0\nnpm install: resolved 1144 packages\nCache hit for key-7584\nUsing Node.js 20.17.9\nImage pulled successfully\n[12:50:50] ERROR: Connection failed\n[12:50:50] DEBUG: Loading configuration\nUploading artifact 'build' (49 files)\nFinished.\nnpm install: added 21 packages\nCompiling components/handler.rs...\nConnection established\n[12:50:50] DEBUG: Memory usage: 604MB\nCache miss for key-1830\nStep 7/23: Building\nFinished.\nVerifying...\nHEAD is now at 3842104\nyarn add: Done in 17.83s\nConnection established\nnpm notice: package.json updated\nOK\nCoverage: 82% statements, 71% branches\nBuilding Docker image...\nCreating production build...\n\u26a0 DEPRECATION: Feature will be removed in v5.0\nCache invalidated: node_modules\nPushing to registry...\nFetching submodules...\nTransforming 213 files...\nTests: 174 passed, 352 total\nDone.\nImage pulled successfully\nWaiting...\n\u26a0 DEPRECATION: Feature will be removed in v2.0\nnpm notice: package.json updated\nStep 7/20: Running migrations\n=== Step save_cache completed ===\n=== Step: deploy_production ===\nGET /health - 200 (34ms)\nFinished.\nTransforming 151 files...\nCompiling utils/main.py...\nnpm notice: created a lockfile\nCompiling src/main.py...\n[12:50:50] DEBUG: Loading configuration\nWARNING: webpack has known vulnerabilities\nPlatform: linux-x64\nPushing to registry...\n  PASS: unit/test_user_create.spec.js\n[12:50:50] WARN: Deprecated API usage\nFinished.\n\u2713 Task completed in 2379ms\nCache invalidated: dependencies\n[12:50:50] DEBUG: Connection pool: 16 active\nGET /status - 204 (64ms)\nStep 14/25: Building\nArtifact downloaded: 46MB\npip: Downloading axios-5.3.tar.gz\nPulling image: python:3.11\nCompiling components/service.java...\nArtifact uploaded: build.tar.gz (19MB)\nWaiting...\nTransforming 945 files...\nWaiting...\nCache miss for key-7994\nInstalling axios@2.2.2\nAlready up to date.\nUsing Node.js 14.10.10\nLayer 7/11: ENV command\nGET /api - 201 (40ms)\nNODE_ENV=production\n[12:50:50] DEBUG: Loading configuration\nCompiling utils/handler.rs...\n[12:50:50] INFO: Cache refreshed\nEnvironment: development\npip: Installing build dependencies...\nLoading...\nInstalling express@5.18.6\nFinished.\n\u2717 build failed with exit code 59\nTime: 75.974s\nCompleted.\nCache restored successfully (121MB)\nnpm notice: package.json updated\nHEAD is now at e707674\nDone.\n[12:50:50] WARN: Deprecated API usage\n\u2713 package completed\nInstalling axios@1.20.6\nBundling runtime.js\nCreating production build...\nCache miss for key-4204\nLoading...\nSnapshots: 10 passed, 36 total\nNODE_ENV=test\nSwitched to branch 'hotfix/task-923'\nTLS handshake completed\nLayer 5/14: COPY command\nUploading artifact 'coverage' (26 files)\npip: Installing build dependencies...\nCoverage: 91% statements, 75% branches\n\u2713 Task completed in 1747ms\npip: Installing build dependencies...\npip: Collecting webpack\nCompleted.\nMinifying vendor.js\nCache restored successfully (361MB)\nWARNING: eslint has known vulnerabilities\n\u2713 Task completed in 430ms\nnpm install: resolved 1936 packages\nCompiling src/main.py...\nnpm install: added 211 packages\nArtifact uploaded: dist.zip (53MB)\n[12:50:50] DEBUG: Loading configuration\nTLS handshake completed\nnpm install: resolved 544 packages\n\u26a0 DEPRECATION: Feature will be removed in v3.0\nWARNING: express has known vulnerabilities\n\u2713 Task completed in 2111ms\nnpm notice: created a lockfile\nOK\nCache hit for key-2183\n[12:50:50] WARN: Deprecated API usage\nSuccess!\nException: RuntimeError\nFetching from https://registry.npmjs.org/package.json\nPushing to registry...\nUploading artifact 'build' (28 files)\nSwitched to branch 'hotfix/task-544'\nCompiling lib/service.java...\n  PASS: test_cache_hit (7ms)\nCompiling lib/utils.go...\nCache invalidated: dependencies\nCache invalidated: dependencies\n[12:50:50] ERROR: Connection failed\n[12:50:50] DEBUG: Connection pool: 13 active\nSnapshots: 24 passed, 50 total\nWARNING: express has known vulnerabilities\nCompiling components/main.py...\nVerifying...\nFinished.\nCompiling lib/handler.rs...\nUsing Python 3.12\nBuilding Docker image...\nImage pulled successfully\nBundling main.js\nHEAD is now at eb25063\n\u2717 build failed with exit code 45\nSnapshots: 46 passed, 24 total\nGenerating source maps...\n[12:50:50] INFO: Processing request\nImage pulled successfully\nGET /api - 200 (28ms)\nArtifact uploaded: build.tar.gz (22MB)\n\u26a0 DEPRECATION: Feature will be removed in v5.0\nnpm notice: created a lockfile\npip: Installing build dependencies...\npip: Installing build dependencies...\nPushing to registry...\n[12:50:50] DEBUG: Connection pool: 11 active\n[12:50:50] DEBUG: Loading configuration\nCompiling utils/utils.go...\nCompleted.\nWARNING: lodash has known vulnerabilities\nUploading artifact 'coverage' (49 files)\nnpm notice: created a lockfile\nPOST /data - 200 (402ms)\nVerifying...\n\u2713 Task completed in 1347ms\npip: Downloading jest-2.20.tar.gz\nCompleted.\nDone.\n\u2713 Step 'build' succeeded\n\u2713 Task completed in 1292ms\n\u2713 Step 'build' succeeded\n[12:50:50] INFO: Processing request\n[12:50:50] INFO: Connecting to database\nOK\n\u2713 build completed\nConnection established\nStep 6/23: Linting\nCache restored successfully (360MB)\nCompiling components/main.py...\nNODE_ENV=test\nStep 20/21: Deploying\nWARNING: axios has known vulnerabilities\nDone.\nStep 19/21: Deploying\nTransforming 932 files...\nNODE_ENV=development\n[12:50:50] INFO: Connecting to database\nRan 171 tests in 28s\nArtifact uploaded: dist.zip (76MB)\nTest Suites: 37 passed, 21 total\nStep 10/23: Deploying\nWaiting...\nGET /status - 204 (55ms)\nWARNING: react has known vulnerabilities\nLayer 2/14: COPY command\nWaiting...\nFetching from https://docker.io/package.json\nStep 6/18: Running migrations\n[12:50:50] DEBUG: Connection pool: 11 active\nnpm notice: package.json updated\nRan 197 tests in 37s\nTime: 51.665s\n\u2713 Task completed in 4851ms\n\u26a0 DEPRECATION: Feature will be removed in v2.0\n[12:50:50] INFO: Processing request\nImage pulled successfully\n[12:50:50] WARN: Deprecated API usage\nnpm notice: created a lockfile\npip: Collecting lodash\n[12:50:50] INFO: Starting build process\nCoverage: 78% statements, 69% branches\nOK\n\u26a0 DEPRECATION: Feature will be removed in v5.0\npip: Collecting react\nnpm install: added 58 packages\nCache miss for key-4279\nCoverage: 73% statements, 75% branches\nUsing Node.js 15.14.7\nSnapshots: 18 passed, 48 total\nLoading...\nFAILED: test_user_create\nAlready up to date.\n\u2713 Task completed in 273ms\nTest Suites: 5 passed, 41 total\nSuccess!\nSnapshots: 31 passed, 11 total\nWARNING: webpack has known vulnerabilities\nTLS handshake completed\nArtifact uploaded: dist.zip (70MB)\n[12:50:50] WARN: Deprecated API usage\nCoverage: 79% statements, 99% branches\n[12:50:50] DEBUG: Memory usage: 1930MB\nOK\nCompiling utils/index.js...\nException: TypeError\n=== Step deploy_production completed ===\n=== Step: deploy_staging ===\nRan 27 tests in 53s\nSwitched to branch 'hotfix/task-827'\nGenerating source maps...\nTLS handshake completed\nMinifying main.js\npip install: Successfully installed axios-5.5\n\u2713 All checks passed\nCompiling components/utils.go...\nWARNING: webpack has known vulnerabilities\nStep 8/24: Installing dependencies\nUploading artifact 'build' (12 files)\nException: ValueError\n[12:50:50] WARN: Deprecated API usage\npip: Installing build dependencies...\n[12:50:50] WARN: Deprecated API usage\nRan 102 tests in 32s\nSnapshots: 31 passed, 33 total\n\u2713 Step 'checkout' succeeded\n\u26a0 DEPRECATION: Feature will be removed in v2.0\nDone.\nStep 9/19: Linting\nUsing Python 3.12\nTime: 50.168s\nFinished.\nPulling image: alpine:3.11\nException: NullPointerException\nUploading artifact 'build' (2 files)\n[12:50:50] DEBUG: Connection pool: 17 active\nCompiling src/handler.rs...\nException: ValueError\nPushing to registry...\nCoverage: 99% statements, 62% branches\nDone.\nWARNING: prettier has known vulnerabilities\n[12:50:50] WARN: Deprecated API usage\nWaiting...\nLoading...\nTest Suites: 46 passed, 23 total\nStep 8/22: Linting\nOptimizing 41 modules...\nStep 11/21: Testing\nCache miss for key-8449\nStep 15/22: Linting\nAlready up to date.\nFetching from https://pypi.org/package.json\nnpm notice: package.json updated\nChecking out master branch\nConnection established\n\u2713 build completed\nCache restored successfully (161MB)\nInstalling axios@2.0.6\nStep 14/21: Deploying\npip: Installing build dependencies...\nWARNING: lodash has known vulnerabilities\nFAILED: test_auth_login\nBundling styles.js\nTime: 13.131s\nCache hit for key-6697\nStep 16/20: Deploying\npip install: Successfully installed prettier-2.19\nStep 3/25: Installing dependencies\nCompiling components/app.ts...\n\u2713 Step 'test' succeeded\nWaiting...\nWaiting...\n[12:50:50] INFO: Processing request\nBundling vendor.js\n[12:50:50] DEBUG: Initializing service\nMinifying app.js\nStep 18/20: Running migrations\nStep 19/24: Running migrations\nMinifying vendor.js\nCache miss for key-4056\nSwitched to branch 'bugfix/task-346'\n[12:50:50] WARN: Deprecated API usage\nPlatform: linux-x64\nFetching from https://githubusercontent.com/package.json\nLoading...\nnpm install: resolved 1772 packages\nStep 1/22: Running migrations\npip: Downloading lodash-2.16.tar.gz\n\u2713 Task completed in 2761ms\nStep 3/25: Testing\npip: Collecting express\nPOST /api - 200 (472ms)\nGenerating source maps...\nWARNING: lodash has known vulnerabilities\nStep 20/16: Running migrations\nTLS handshake completed\nCache invalidated: node_modules\npip: Downloading axios-4.5.tar.gz\npip install: Successfully installed webpack-5.10\nArtifact downloaded: 37MB\nUploading artifact 'build' (6 files)\nCompiling utils/index.js...\n\u2713 build completed\nRan 25 tests in 53s\nChecking out develop branch\n\u2713 Step 'install' succeeded\nCache saved successfully\nWARNING: webpack has known vulnerabilities\nTime: 91.906s\nInstalling prettier@4.1.10\n\u2713 All checks passed\nCoverage: 92% statements, 84% branches\nEnvironment: production\nUsing Python 3.12\n[12:50:50] DEBUG: Query executed in 74ms\nnpm install: added 356 packages\nCompiling src/index.js...\nStep 13/19: Installing dependencies\n[12:50:50] WARN: Deprecated API usage\n  PASS: test_user_create (286ms)\n[12:50:50] INFO: Starting build process\n\u26a0 DEPRECATION: Feature will be removed in v3.0\nCompleted.\nReady.\nWARNING: axios has known vulnerabilities\n\u26a0 DEPRECATION: Feature will be removed in v2.0\nDone.\n[12:50:50] DEBUG: Initializing service\nReady.\nFinished.\npip: Installing build dependencies...\nCache invalidated: dependencies\nStep 13/18: Running migrations\nFetching submodules...\nWaiting...\nnpm install: added 304 packages\n\u26a0 DEPRECATION: Feature will be removed in v4.0\nCompiling components/main.py...\n[12:50:50] WARN: Deprecated API usage\n[12:50:50] INFO: Starting build process\nCompiling utils/handler.rs...\nRan 21 tests in 32s\nTime: 86.221s\nnpm install: added 298 packages\nCompiling src/app.ts...\nCache miss for key-8076\nCompleted.\nPulling image: alpine:latest\nCompiling lib/utils.go...\nFAILED: test_auth_login\n[12:50:50] INFO: Starting build process\n[12:50:50] DEBUG: Connection pool: 15 active\n\u2713 Task completed in 520ms\n[12:50:50] WARN: Deprecated API usage\nCreating production build...\n\u26a0 DEPRECATION: Feature will be removed in v3.0\nArtifact uploaded: dist.zip (34MB)\nCache restored successfully (236MB)\n[12:50:50] WARN: Deprecated API usage\nStep 10/22: Installing dependencies\n[12:50:50] DEBUG: Query executed in 15ms\n  PASS: e2e/test_db_connect.spec.js\nUploading artifact 'build' (43 files)\nAlready up to date.\nCreating production build...\n\u2717 build failed with exit code 119\n\u2713 Step 'build' succeeded\nMinifying vendor.js\nUsing Node.js 15.4.9\nAlready up to date.\nnpm install: resolved 463 packages\nCompiling utils/utils.go...\n\u26a0 DEPRECATION: Feature will be removed in v2.0\nProcessing...\n\u2713 Task completed in 2333ms\nStep 20/18: Testing\nAlready up to date.\nCompiling utils/main.py...\nUploading artifact 'dist' (47 files)\n[12:50:50] DEBUG: Initializing service\nUsing Node.js 20.5.8\n[12:50:50] INFO: Cache refreshed\nyarn add: Done in 25.65s\nCompiling utils/app.ts...\nArtifact uploaded: dist.zip (28MB)\n[12:50:50] DEBUG: Connection pool: 14 active\n[12:50:50] WARN: Deprecated API usage\nEnvironment: test\n\u26a0 DEPRECATION: Feature will be removed in v4.0\nStep 14/15: Testing\n\u26a0 DEPRECATION: Feature will be removed in v5.0\nLayer 6/10: RUN command\n[12:50:50] INFO: Processing request\nHEAD is now at c47355a\n\u2713 All checks passed\nStep 13/21: Installing dependencies\nSnapshots: 33 passed, 8 total\nArtifact uploaded: build.tar.gz (29MB)\nSwitched to branch 'feature/task-447'\nyarn add: Done in 2.60s\nMinifying main.js\nDone.\nWaiting...\nMinifying vendor.js\nRan 59 tests in 11s\nUploading artifact 'dist' (16 files)\nFetching from https://docker.io/package.json\nImage pulled successfully\n=== Step deploy_staging completed ===",
    "steps": [
      {
        "name": "restore_cache",
        "status": "success",
        "started_at": "2025-11-27T12:50:50.047146",
        "finished_at": "2025-11-27T12:50:56.608823",
        "log_lines": [
          "=== Step: restore_cache ===",
          "Compiling lib/app.ts...",
          "npm install: resolved 730 packages",
          "npm notice: created a lockfile",
          "[12:50:50] INFO: Connecting to database",
          "Connection established",
          "Pulling image: alpine:latest",
          "[12:50:50] DEBUG: Initializing service",
          "Verifying...",
          "[12:50:50] INFO: Connecting to database",
          "Artifact downloaded: 1MB",
          "Step 8/19: Running migrations",
          "pip: Installing build dependencies...",
          "Compiling lib/handler.rs...",
          "Uploading artifact 'dist' (18 files)",
          "Compiling lib/service.java...",
          "WARNING: react has known vulnerabilities",
          "pip: Downloading react-2.20.tar.gz",
          "\u2713 lint completed",
          "Switched to branch 'hotfix/task-249'",
          "Ready.",
          "Compiling src/utils.go...",
          "\u2713 lint completed",
          "Ran 41 tests in 1s",
          "Compiling utils/main.py...",
          "Compiling lib/main.py...",
          "Switched to branch 'hotfix/task-359'",
          "Using Python 3.11",
          "[12:50:50] INFO: Connecting to database",
          "[12:50:50] INFO: Processing request",
          "[12:50:50] WARN: Deprecated API usage",
          "Pushing to registry...",
          "Minifying vendor.js",
          "Success!",
          "Cache hit for key-8819",
          "[12:50:50] DEBUG: Query executed in 48ms",
          "Transforming 666 files...",
          "Minifying vendor.js",
          "[12:50:50] INFO: Processing request",
          "Already up to date.",
          "POST /data - 202 (115ms)",
          "Verifying...",
          "  PASS: integration/test_user_create.spec.js",
          "Artifact uploaded: build.tar.gz (10MB)",
          "Building Docker image...",
          "Transforming 446 files...",
          "Step 10/17: Testing",
          "Ready.",
          "Snapshots: 27 passed, 0 total",
          "npm install: added 99 packages",
          "Time: 30.200s",
          "Finished.",
          "Platform: win32-x64",
          "Using Python 3.11",
          "WARNING: lodash has known vulnerabilities",
          "Building Docker image...",
          "Artifact downloaded: 35MB",
          "Compiling utils/handler.rs...",
          "npm notice: package.json updated",
          "Processing...",
          "[12:50:50] ERROR: Connection failed",
          "pip: Downloading prettier-1.6.tar.gz",
          "Processing...",
          "Fetching submodules...",
          "POST /upload - 201 (354ms)",
          "Checking out develop branch",
          "Checking out main branch",
          "Uploading artifact 'dist' (16 files)",
          "  PASS: e2e/test_db_connect.spec.js",
          "[12:50:50] DEBUG: Connection pool: 5 active",
          "Using Python 3.11",
          "pip: Collecting prettier",
          "WARNING: react has known vulnerabilities",
          "Compiling utils/index.js...",
          "\u2713 All checks passed",
          "Step 1/15: Linting",
          "Image pulled successfully",
          "[12:50:50] DEBUG: Query executed in 8ms",
          "Environment: staging",
          "Layer 9/9: COPY command",
          "Step 1/18: Building",
          "Cache saved successfully",
          "Cache restored successfully (187MB)",
          "Step 4/24: Building",
          "Building Docker image...",
          "[12:50:50] INFO: Connecting to database",
          "FAILED: test_user_create",
          "Waiting...",
          "  PASS: e2e/test_db_connect.spec.js",
          "  PASS: test_user_create (392ms)",
          "[12:50:50] WARN: Deprecated API usage",
          "Step 11/25: Linting",
          "yarn add: Done in 23.86s",
          "Fetching submodules...",
          "[12:50:50] WARN: Deprecated API usage",
          "Snapshots: 13 passed, 29 total",
          "[12:50:50] DEBUG: Initializing service",
          "Coverage: 78% statements, 77% branches",
          "Fetching submodules...",
          "[12:50:50] WARN: Deprecated API usage",
          "Step 16/22: Running migrations",
          "Building Docker image...",
          "[12:50:50] WARN: Deprecated API usage",
          "Verifying...",
          "[12:50:50] DEBUG: Initializing service",
          "Compiling components/handler.rs...",
          "Step 4/25: Installing dependencies",
          "Cache invalidated: node_modules",
          "Compiling utils/utils.go...",
          "Step 13/17: Building",
          "\u2713 deploy completed",
          "Ready.",
          "Compiling lib/main.py...",
          "Using Python 3.11",
          "Installing eslint@2.11.7",
          "[12:50:50] INFO: Connecting to database",
          "[12:50:50] DEBUG: Loading configuration",
          "WARNING: express has known vulnerabilities",
          "\u26a0 DEPRECATION: Feature will be removed in v4.0",
          "\u26a0 DEPRECATION: Feature will be removed in v2.0",
          "  PASS: test_db_connect (390ms)",
          "Checking out master branch",
          "\u2717 build failed with exit code 52",
          "[12:50:50] ERROR: Connection failed",
          "Step 8/21: Linting",
          "Success!",
          "Waiting...",
          "Layer 3/12: ENV command",
          "Cache saved successfully",
          "\u2713 All checks passed",
          "Verifying...",
          "Verifying...",
          "Success!",
          "Snapshots: 12 passed, 42 total",
          "Platform: win32-x64",
          "Completed.",
          "OK",
          "Test Suites: 32 passed, 43 total",
          "pip: Collecting lodash",
          "pip install: Successfully installed eslint-4.20",
          "\u26a0 DEPRECATION: Feature will be removed in v2.0",
          "\u2713 build completed",
          "\u2717 build failed with exit code 81",
          "Compiling utils/handler.rs...",
          "\u2713 All checks passed",
          "Connection established",
          "Using Python 3.11",
          "Ran 159 tests in 1s",
          "Cache saved successfully",
          "Coverage: 80% statements, 61% branches",
          "Step 7/24: Running migrations",
          "npm install: resolved 1434 packages",
          "Building Docker image...",
          "Creating production build...",
          "Minifying main.js",
          "Layer 5/10: ENV command",
          "Fetching submodules...",
          "Connection established",
          "[12:50:50] INFO: Cache refreshed",
          "Cache saved successfully",
          "  PASS: e2e/test_user_create.spec.js",
          "npm install: resolved 470 packages",
          "[12:50:50] INFO: Processing request",
          "WARNING: jest has known vulnerabilities",
          "[12:50:50] DEBUG: Loading configuration",
          "GET /api - 200 (98ms)",
          "Fetching from https://pypi.org/package.json",
          "[12:50:50] DEBUG: Query executed in 39ms",
          "Using Python 3.10",
          "[12:50:50] WARN: Deprecated API usage",
          "Cache saved successfully",
          "Connection established",
          "\u2713 All checks passed",
          "Pulling image: python:3.11",
          "Time: 76.469s",
          "Verifying...",
          "Step 16/22: Building",
          "Ready.",
          "Platform: linux-x64",
          "Compiling utils/main.py...",
          "Completed.",
          "pip install: Successfully installed eslint-5.1",
          "\u2713 Step 'build' succeeded",
          "Optimizing 32 modules...",
          "npm install: resolved 822 packages",
          "Time: 49.185s",
          "Artifact uploaded: build.tar.gz (24MB)",
          "\u2713 Task completed in 2749ms",
          "Loading...",
          "pip: Collecting eslint",
          "Uploading artifact 'dist' (25 files)",
          "POST /api - 202 (243ms)",
          "Checking out master branch",
          "pip: Downloading prettier-4.20.tar.gz",
          "Generating source maps...",
          "Time: 1.539s",
          "npm notice: package.json updated",
          "\u2717 build failed with exit code 108",
          "\u26a0 DEPRECATION: Feature will be removed in v5.0",
          "Step 20/24: Building",
          "Artifact downloaded: 25MB",
          "Step 14/15: Running migrations",
          "=== Step restore_cache completed ==="
        ]
      },
      {
        "name": "setup_node",
        "status": "success",
        "started_at": "2025-11-27T12:50:56.608823",
        "finished_at": "2025-11-27T12:51:07.544951",
        "log_lines": [
          "=== Step: setup_node ===",
          "WARNING: express has known vulnerabilities",
          "Test Suites: 28 passed, 8 total",
          "Uploading artifact 'coverage' (16 files)",
          "[12:50:50] INFO: Processing request",
          "Installing express@1.11.1",
          "Step 4/22: Linting",
          "Cache hit for key-4538",
          "WARNING: react has known vulnerabilities",
          "Compiling lib/utils.go...",
          "npm notice: created a lockfile",
          "Layer 6/10: RUN command",
          "Cache restored successfully (295MB)",
          "Generating source maps...",
          "OK",
          "Test Suites: 35 passed, 50 total",
          "Coverage: 94% statements, 90% branches",
          "Loading...",
          "  PASS: e2e/test_auth_login.spec.js",
          "Connection established",
          "[12:50:50] ERROR: Connection failed",
          "Platform: linux-x64",
          "[12:50:50] INFO: Cache refreshed",
          "Compiling lib/index.js...",
          "Time: 119.5s",
          "Layer 1/13: COPY command",
          "Using Python 3.9",
          "[12:50:50] INFO: Cache refreshed",
          "Finished.",
          "npm notice: created a lockfile",
          "\u26a0 DEPRECATION: Feature will be removed in v5.0",
          "npm install: resolved 773 packages",
          "Compiling components/handler.rs...",
          "Bundling vendor.css",
          "Step 17/19: Testing",
          "\u26a0 DEPRECATION: Feature will be removed in v5.0",
          "Step 1/18: Deploying",
          "Processing...",
          "Pushing to registry...",
          "TLS handshake completed",
          "Step 5/25: Linting",
          "Cache invalidated: node_modules",
          "POST /upload - 200 (412ms)",
          "Step 5/17: Building",
          "\u2717 build failed with exit code 96",
          "WARNING: jest has known vulnerabilities",
          "npm install: added 180 packages",
          "Cache hit for key-5844",
          "Step 12/22: Deploying",
          "Creating production build...",
          "POST /upload - 201 (245ms)",
          "[12:50:50] DEBUG: Query executed in 43ms",
          "\u26a0 DEPRECATION: Feature will be removed in v3.0",
          "Creating production build...",
          "Layer 10/8: COPY command",
          "Compiling lib/handler.rs...",
          "Uploading artifact 'coverage' (49 files)",
          "Switched to branch 'feature/task-363'",
          "Time: 115.987s",
          "Step 17/22: Testing",
          "Optimizing 45 modules...",
          "Step 2/16: Installing dependencies",
          "Artifact uploaded: dist.zip (90MB)",
          "GET /health - 201 (48ms)",
          "Step 8/21: Testing",
          "[12:50:50] DEBUG: Connection pool: 16 active",
          "Artifact uploaded: dist.zip (63MB)",
          "Uploading artifact 'build' (6 files)",
          "Layer 1/13: ENV command",
          "Pushing to registry...",
          "Processing...",
          "Artifact uploaded: dist.zip (52MB)",
          "Bundling runtime.css",
          "Optimizing 61 modules...",
          "Generating source maps...",
          "Checking out develop branch",
          "Snapshots: 9 passed, 11 total",
          "Cache invalidated: build",
          "Test Suites: 23 passed, 25 total",
          "npm notice: created a lockfile",
          "pip: Collecting axios",
          "Transforming 501 files...",
          "\u26a0 DEPRECATION: Feature will be removed in v5.0",
          "pip: Downloading axios-1.16.tar.gz",
          "\u2713 lint completed",
          "pip: Downloading webpack-5.18.tar.gz",
          "Fetching from https://docker.io/package.json",
          "Test Suites: 30 passed, 20 total",
          "yarn add: Done in 7.76s",
          "Waiting...",
          "\u2713 Task completed in 4715ms",
          "Pushing to registry...",
          "npm notice: created a lockfile",
          "Transforming 864 files...",
          "Step 10/25: Testing",
          "npm install: resolved 327 packages",
          "Completed.",
          "Artifact uploaded: dist.zip (14MB)",
          "Optimizing 62 modules...",
          "Pulling image: python:18",
          "  PASS: e2e/test_cache_hit.spec.js",
          "Success!",
          "\u2713 Step 'test' succeeded",
          "Processing...",
          "[12:50:50] DEBUG: Loading configuration",
          "TLS handshake completed",
          "npm install: resolved 1514 packages",
          "Building Docker image...",
          "npm install: added 363 packages",
          "TLS handshake completed",
          "[12:50:50] DEBUG: Initializing service",
          "Pulling image: alpine:latest",
          "[12:50:50] INFO: Request completed",
          "Coverage: 82% statements, 70% branches",
          "Switched to branch 'bugfix/task-960'",
          "Pushing to registry...",
          "Step 16/21: Installing dependencies",
          "Cache invalidated: dependencies",
          "Building Docker image...",
          "Installing webpack@1.5.3",
          "Success!",
          "Environment: development",
          "Cache miss for key-1108",
          "Loading...",
          "Environment: development",
          "Uploading artifact 'dist' (21 files)",
          "[12:50:50] INFO: Starting build process",
          "Artifact uploaded: build.tar.gz (33MB)",
          "pip install: Successfully installed axios-3.3",
          "Time: 66.570s",
          "Step 17/16: Deploying",
          "Using Python 3.12",
          "HEAD is now at e131b89",
          "npm notice: created a lockfile",
          "Processing...",
          "Cache miss for key-3922",
          "[12:50:50] INFO: Processing request",
          "npm install: resolved 1180 packages",
          "npm notice: package.json updated",
          "FAILED: test_cache_hit",
          "Artifact uploaded: build.tar.gz (12MB)",
          "NODE_ENV=production",
          "Cache hit for key-2678",
          "pip install: Successfully installed react-1.8",
          "\u26a0 DEPRECATION: Feature will be removed in v4.0",
          "Fetching from https://github.com/package.json",
          "Finished.",
          "Artifact uploaded: build.tar.gz (42MB)",
          "[12:50:50] DEBUG: Query executed in 44ms",
          "[12:50:50] WARN: Deprecated API usage",
          "NODE_ENV=production",
          "OK",
          "Compiling components/app.ts...",
          "Compiling components/service.java...",
          "Cache saved successfully",
          "Finished.",
          "\u2713 Task completed in 4200ms",
          "  PASS: unit/test_user_create.spec.js",
          "Switched to branch 'hotfix/task-713'",
          "Creating production build...",
          "Checking out develop branch",
          "Building Docker image...",
          "Step 16/25: Installing dependencies",
          "Step 8/15: Installing dependencies",
          "npm notice: package.json updated",
          "[12:50:50] WARN: Deprecated API usage",
          "\u2713 test completed",
          "Step 12/22: Deploying",
          "Processing...",
          "npm install: added 150 packages",
          "Tests: 96 passed, 68 total",
          "Layer 10/10: COPY command",
          "Connection established",
          "Switched to branch 'hotfix/task-744'",
          "[12:50:50] DEBUG: Connection pool: 19 active",
          "Artifact uploaded: dist.zip (35MB)",
          "pip: Collecting axios",
          "Artifact uploaded: dist.zip (51MB)",
          "Exception: NullPointerException",
          "Using Python 3.10",
          "[12:50:50] WARN: Deprecated API usage",
          "Success!",
          "\u2713 test completed",
          "Step 17/25: Deploying",
          "Uploading artifact 'coverage' (13 files)",
          "\u2713 All checks passed",
          "Step 19/23: Linting",
          "Cache hit for key-9362",
          "Waiting...",
          "Minifying app.js",
          "Step 20/20: Testing",
          "Connection established",
          "Artifact uploaded: dist.zip (50MB)",
          "WARNING: express has known vulnerabilities",
          "Coverage: 74% statements, 88% branches",
          "Success!",
          "Tests: 378 passed, 138 total",
          "Switched to branch 'bugfix/task-427'",
          "Cache invalidated: dependencies",
          "Step 11/23: Linting",
          "npm notice: created a lockfile",
          "Installing eslint@1.8.1",
          "=== Step setup_node completed ==="
        ]
      },
      {
        "name": "build",
        "status": "success",
        "started_at": "2025-11-27T12:51:07.544951",
        "finished_at": "2025-11-27T12:51:40.353335",
        "log_lines": [
          "=== Step: build ===",
          "[12:50:50] INFO: Starting build process",
          "[12:50:50] INFO: Connecting to database",
          "Already up to date.",
          "\u2713 validate completed",
          "[12:50:50] WARN: Deprecated API usage",
          "NODE_ENV=development",
          "Connection established",
          "HEAD is now at f6c71d7",
          "Artifact uploaded: build.tar.gz (15MB)",
          "pip: Collecting eslint",
          "\u2717 build failed with exit code 68",
          "\u2717 build failed with exit code 47",
          "GET /health - 200 (83ms)",
          "TLS handshake completed",
          "Step 17/17: Testing",
          "Verifying...",
          "Cache invalidated: dependencies",
          "pip install: Successfully installed webpack-5.9",
          "npm notice: created a lockfile",
          "Cache miss for key-6749",
          "Step 16/16: Linting",
          "[12:50:50] DEBUG: Connection pool: 12 active",
          "\u2713 All checks passed",
          "WARNING: jest has known vulnerabilities",
          "npm install: resolved 236 packages",
          "[12:50:50] WARN: Deprecated API usage",
          "[12:50:50] DEBUG: Query executed in 48ms",
          "GET /status - 204 (64ms)",
          "Compiling src/main.py...",
          "Cache saved successfully",
          "[12:50:50] DEBUG: Query executed in 41ms",
          "\u26a0 DEPRECATION: Feature will be removed in v5.0",
          "Fetching from https://amazonaws.com/package.json",
          "Compiling utils/service.java...",
          "Step 9/20: Building",
          "Time: 74.290s",
          "Snapshots: 49 passed, 19 total",
          "Creating production build...",
          "Pushing to registry...",
          "Artifact downloaded: 41MB",
          "Loading...",
          "Step 9/25: Deploying",
          "Fetching from https://github.com/package.json",
          "Bundling vendor.css",
          "Creating production build...",
          "Compiling components/handler.rs...",
          "\u2713 All checks passed",
          "pip install: Successfully installed react-3.1",
          "Success!",
          "Step 4/19: Running migrations",
          "Cache hit for key-3442",
          "Processing...",
          "Connection established",
          "Switched to branch 'bugfix/task-697'",
          "Connection established",
          "Tests: 135 passed, 463 total",
          "Connection established",
          "OK",
          "pip: Installing build dependencies...",
          "HEAD is now at 3762b5f",
          "Compiling components/handler.rs...",
          "POST /upload - 202 (124ms)",
          "[12:50:50] INFO: Starting build process",
          "Minifying vendor.js",
          "  PASS: unit/test_cache_hit.spec.js",
          "Snapshots: 19 passed, 18 total",
          "Ran 185 tests in 49s",
          "Platform: darwin-arm64",
          "pip install: Successfully installed prettier-3.12",
          "[12:50:50] INFO: Connecting to database",
          "Success!",
          "Artifact uploaded: build.tar.gz (49MB)",
          "WARNING: express has known vulnerabilities",
          "Done.",
          "Compiling utils/app.ts...",
          "Compiling utils/utils.go...",
          "\u2713 Step 'build' succeeded",
          "Finished.",
          "\u2713 Step 'setup' succeeded",
          "Minifying vendor.js",
          "pip: Collecting axios",
          "Step 18/21: Running migrations",
          "Ready.",
          "Transforming 577 files...",
          "WARNING: eslint has known vulnerabilities",
          "Using Node.js 18.0.2",
          "Minifying main.js",
          "Optimizing 49 modules...",
          "npm install: resolved 253 packages",
          "Step 17/18: Building",
          "Compiling utils/service.java...",
          "[12:50:50] DEBUG: Loading configuration",
          "Generating source maps...",
          "Step 6/17: Building",
          "Compiling components/app.ts...",
          "Time: 77.130s",
          "Already up to date.",
          "OK",
          "Success!",
          "Creating production build...",
          "  PASS: unit/test_user_create.spec.js",
          "Step 16/22: Installing dependencies",
          "[12:50:50] ERROR: Connection failed",
          "[12:50:50] INFO: Starting build process",
          "[12:50:50] ERROR: Connection failed",
          "Coverage: 92% statements, 64% branches",
          "[12:50:50] INFO: Starting build process",
          "pip: Installing build dependencies...",
          "Optimizing 96 modules...",
          "Ready.",
          "FAILED: test_cache_hit",
          "Uploading artifact 'build' (14 files)",
          "  PASS: test_db_connect (418ms)",
          "Step 19/19: Installing dependencies",
          "npm install: resolved 508 packages",
          "Step 19/24: Deploying",
          "Processing...",
          "Test Suites: 28 passed, 14 total",
          "Snapshots: 1 passed, 28 total",
          "yarn add: Done in 18.67s",
          "Generating source maps...",
          "Bundling vendor.js",
          "Cache invalidated: build",
          "  PASS: integration/test_api_health.spec.js",
          "Fetching from https://googleapis.com/package.json",
          "pip install: Successfully installed eslint-1.9",
          "Switched to branch 'bugfix/task-873'",
          "Installing react@4.1.10",
          "Platform: darwin-arm64",
          "POST /data - 202 (244ms)",
          "[12:50:50] INFO: Cache refreshed",
          "Success!",
          "Switched to branch 'bugfix/task-795'",
          "Image pulled successfully",
          "Platform: win32-x64",
          "Processing...",
          "[12:50:50] WARN: Deprecated API usage",
          "npm install: added 483 packages",
          "Cache hit for key-7145",
          "Step 8/15: Linting",
          "Time: 82.389s",
          "HEAD is now at 07124c8",
          "Tests: 323 passed, 233 total",
          "Building Docker image...",
          "npm notice: created a lockfile",
          "Verifying...",
          "Cache invalidated: build",
          "npm install: added 290 packages",
          "npm notice: created a lockfile",
          "Pulling image: node:latest",
          "\u2713 All checks passed",
          "[12:50:50] DEBUG: Memory usage: 1757MB",
          "[12:50:50] DEBUG: Query executed in 9ms",
          "Compiling lib/handler.rs...",
          "Compiling src/utils.go...",
          "WARNING: express has known vulnerabilities",
          "Ready.",
          "Ready.",
          "POST /data - 202 (112ms)",
          "\u2717 build failed with exit code 88",
          "WARNING: eslint has known vulnerabilities",
          "Minifying main.js",
          "npm install: resolved 1680 packages",
          "Loading...",
          "Layer 2/12: RUN command",
          "[12:50:50] WARN: Deprecated API usage",
          "Finished.",
          "Tests: 454 passed, 192 total",
          "[12:50:50] WARN: Deprecated API usage",
          "Coverage: 91% statements, 99% branches",
          "Coverage: 78% statements, 88% branches",
          "pip: Collecting prettier",
          "[12:50:50] INFO: Connecting to database",
          "\u2713 Step 'setup' succeeded",
          "pip: Downloading lodash-5.4.tar.gz",
          "Step 10/15: Building",
          "\u2713 Step 'setup' succeeded",
          "Using Node.js 17.14.6",
          "HEAD is now at 45d794a",
          "Loading...",
          "Minifying vendor.js",
          "npm install: added 84 packages",
          "HEAD is now at af7f410",
          "npm install: resolved 107 packages",
          "Compiling lib/service.java...",
          "Building Docker image...",
          "pip: Collecting express",
          "[12:50:50] INFO: Starting build process",
          "\u2713 deploy completed",
          "Layer 7/11: RUN command",
          "Step 8/25: Deploying",
          "npm install: added 491 packages",
          "Cache hit for key-6138",
          "GET /api - 204 (6ms)",
          "Optimizing 67 modules...",
          "[12:50:50] INFO: Processing request",
          "pip: Installing build dependencies...",
          "NODE_ENV=test",
          "\u26a0 DEPRECATION: Feature will be removed in v4.0",
          "Step 1/17: Running migrations",
          "\u2717 build failed with exit code 75",
          "=== Step build completed ==="
        ]
      },
      {
        "name": "setup_environment",
        "status": "success",
        "started_at": "2025-11-27T12:51:40.353335",
        "finished_at": "2025-11-27T12:51:51.289463",
        "log_lines": [
          "=== Step: setup_environment ===",
          "Step 6/17: Running migrations",
          "Tests: 226 passed, 265 total",
          "Installing react@4.5.5",
          "[12:50:50] INFO: Starting build process",
          "FAILED: test_db_connect",
          "\u2717 build failed with exit code 105",
          "[12:50:50] INFO: Processing request",
          "Compiling components/utils.go...",
          "npm install: added 295 packages",
          "\u2713 Step 'checkout' succeeded",
          "  PASS: unit/test_auth_login.spec.js",
          "TLS handshake completed",
          "Layer 4/12: RUN command",
          "Pushing to registry...",
          "Cache saved successfully",
          "\u2713 Step 'build' succeeded",
          "npm install: resolved 581 packages",
          "Coverage: 81% statements, 79% branches",
          "Uploading artifact 'coverage' (49 files)",
          "Transforming 629 files...",
          "\u2713 build completed",
          "HEAD is now at 9e400fa",
          "[12:50:50] ERROR: Connection failed",
          "NODE_ENV=test",
          "\u2713 Task completed in 100ms",
          "Exception: ValueError",
          "Cache restored successfully (405MB)",
          "Bundling vendor.js",
          "Uploading artifact 'build' (22 files)",
          "Coverage: 94% statements, 99% branches",
          "npm notice: created a lockfile",
          "Building Docker image...",
          "Layer 10/12: RUN command",
          "Platform: win32-x64",
          "Waiting...",
          "Tests: 342 passed, 481 total",
          "Tests: 87 passed, 62 total",
          "TLS handshake completed",
          "npm notice: package.json updated",
          "[12:50:50] WARN: Deprecated API usage",
          "pip install: Successfully installed react-3.0",
          "Cache saved successfully",
          "POST /upload - 200 (76ms)",
          "[12:50:50] DEBUG: Loading configuration",
          "[12:50:50] WARN: Deprecated API usage",
          "Tests: 498 passed, 250 total",
          "  PASS: integration/test_cache_hit.spec.js",
          "Using Node.js 16.15.0",
          "Image pulled successfully",
          "[12:50:50] DEBUG: Initializing service",
          "Artifact uploaded: build.tar.gz (31MB)",
          "Environment: production",
          "  PASS: test_api_health (48ms)",
          "Cache miss for key-6057",
          "Coverage: 99% statements, 69% branches",
          "Pushing to registry...",
          "Fetching submodules...",
          "[12:50:50] DEBUG: Memory usage: 1115MB",
          "Coverage: 91% statements, 78% branches",
          "Step 15/22: Testing",
          "WARNING: jest has known vulnerabilities",
          "Minifying main.js",
          "Coverage: 88% statements, 93% branches",
          "[12:50:50] DEBUG: Memory usage: 885MB",
          "[12:50:50] DEBUG: Query executed in 47ms",
          "Environment: development",
          "Installing webpack@4.19.4",
          "TLS handshake completed",
          "npm notice: package.json updated",
          "Compiling src/service.java...",
          "Compiling components/app.ts...",
          "Cache miss for key-6734",
          "Platform: linux-x64",
          "Checking out develop branch",
          "pip install: Successfully installed lodash-4.9",
          "Compiling lib/service.java...",
          "\u2713 Task completed in 194ms",
          "Transforming 705 files...",
          "Ready.",
          "npm notice: package.json updated",
          "NODE_ENV=test",
          "[12:50:50] DEBUG: Connection pool: 19 active",
          "Using Python 3.11",
          "npm notice: created a lockfile",
          "Platform: darwin-arm64",
          "npm notice: created a lockfile",
          "Artifact downloaded: 29MB",
          "npm install: resolved 1034 packages",
          "Step 5/17: Deploying",
          "POST /data - 201 (414ms)",
          "Finished.",
          "[12:50:50] DEBUG: Query executed in 55ms",
          "Cache invalidated: node_modules",
          "Using Node.js 16.16.6",
          "  PASS: test_api_health (386ms)",
          "[12:50:50] DEBUG: Memory usage: 431MB",
          "[12:50:50] WARN: Deprecated API usage",
          "Connection established",
          "  PASS: test_user_create (478ms)",
          "\u2713 Task completed in 4615ms",
          "[12:50:50] DEBUG: Connection pool: 20 active",
          "Done.",
          "Installing express@2.18.8",
          "[12:50:50] DEBUG: Memory usage: 1914MB",
          "Building Docker image...",
          "Loading...",
          "\u2713 All checks passed",
          "Compiling lib/main.py...",
          "[12:50:50] DEBUG: Memory usage: 1153MB",
          "yarn add: Done in 3.48s",
          "HEAD is now at 120615e",
          "Verifying...",
          "Pushing to registry...",
          "Waiting...",
          "HEAD is now at e2acfb2",
          "WARNING: lodash has known vulnerabilities",
          "POST /api - 200 (133ms)",
          "Switched to branch 'feature/task-747'",
          "Completed.",
          "Platform: linux-x64",
          "Loading...",
          "Optimizing 55 modules...",
          "Bundling styles.js",
          "[12:50:50] INFO: Cache refreshed",
          "[12:50:50] DEBUG: Initializing service",
          "Pulling image: alpine:latest",
          "Exception: NullPointerException",
          "FAILED: test_db_connect",
          "npm install: resolved 157 packages",
          "Finished.",
          "[12:50:50] DEBUG: Connection pool: 20 active",
          "[12:50:50] DEBUG: Query executed in 30ms",
          "Environment: staging",
          "\u2713 All checks passed",
          "[12:50:50] DEBUG: Loading configuration",
          "npm notice: package.json updated",
          "Step 18/24: Running migrations",
          "Pulling image: node:3.11",
          "[12:50:50] DEBUG: Initializing service",
          "\u2713 Step 'setup' succeeded",
          "Connection established",
          "Coverage: 81% statements, 97% branches",
          "Image pulled successfully",
          "TLS handshake completed",
          "pip install: Successfully installed express-1.18",
          "\u2713 Task completed in 2316ms",
          "Ran 135 tests in 30s",
          "Platform: darwin-arm64",
          "pip install: Successfully installed jest-3.7",
          "Building Docker image...",
          "Already up to date.",
          "Done.",
          "Pulling image: alpine:latest",
          "Using Python 3.10",
          "Using Node.js 16.11.7",
          "Step 1/24: Linting",
          "Connection established",
          "Tests: 229 passed, 416 total",
          "Using Node.js 16.17.3",
          "Checking out master branch",
          "Verifying...",
          "Bundling vendor.css",
          "[12:50:50] DEBUG: Memory usage: 1803MB",
          "Coverage: 79% statements, 78% branches",
          "\u2713 Step 'setup' succeeded",
          "Finished.",
          "[12:50:50] INFO: Request completed",
          "[12:50:50] WARN: Deprecated API usage",
          "Optimizing 65 modules...",
          "Bundling runtime.css",
          "Using Python 3.9",
          "WARNING: prettier has known vulnerabilities",
          "Cache miss for key-6347",
          "POST /upload - 201 (163ms)",
          "[12:50:50] WARN: Deprecated API usage",
          "Artifact downloaded: 47MB",
          "Already up to date.",
          "pip: Installing build dependencies...",
          "WARNING: react has known vulnerabilities",
          "Platform: linux-x64",
          "Cache miss for key-3693",
          "Compiling components/handler.rs...",
          "Artifact downloaded: 25MB",
          "[12:50:50] INFO: Processing request",
          "npm install: resolved 1548 packages",
          "\u2713 validate completed",
          "Optimizing 27 modules...",
          "Checking out develop branch",
          "  PASS: test_user_create (27ms)",
          "Platform: win32-x64",
          "Pulling image: alpine:3.11",
          "[12:50:50] DEBUG: Loading configuration",
          "Using Python 3.9",
          "\u2713 Step 'test' succeeded",
          "[12:50:50] DEBUG: Connection pool: 3 active",
          "Checking out develop branch",
          "Pushing to registry...",
          "[12:50:50] DEBUG: Loading configuration",
          "[12:50:50] DEBUG: Query executed in 64ms",
          "Done.",
          "Already up to date.",
          "=== Step setup_environment completed ==="
        ]
      },
      {
        "name": "unit_tests",
        "status": "success",
        "started_at": "2025-11-27T12:51:51.289463",
        "finished_at": "2025-11-27T12:52:24.097847",
        "log_lines": [
          "=== Step: unit_tests ===",
          "Step 1/22: Deploying",
          "Waiting...",
          "Artifact downloaded: 24MB",
          "\u26a0 DEPRECATION: Feature will be removed in v5.0",
          "[12:50:50] INFO: Starting build process",
          "GET /status - 204 (58ms)",
          "[12:50:50] DEBUG: Memory usage: 1492MB",
          "Artifact downloaded: 9MB",
          "Pulling image: alpine:3.11",
          "Fetching submodules...",
          "Pushing to registry...",
          "Pushing to registry...",
          "pip install: Successfully installed jest-1.20",
          "Ran 125 tests in 7s",
          "TLS handshake completed",
          "FAILED: test_api_health",
          "Pulling image: alpine:latest",
          "NODE_ENV=production",
          "\u2713 Step 'checkout' succeeded",
          "Success!",
          "  PASS: test_user_create (498ms)",
          "Test Suites: 10 passed, 14 total",
          "\u2713 Task completed in 3631ms",
          "Installing axios@4.2.4",
          "[12:50:50] INFO: Connecting to database",
          "[12:50:50] WARN: Deprecated API usage",
          "Optimizing 22 modules...",
          "Cache restored successfully (339MB)",
          "[12:50:50] ERROR: Connection failed",
          "Step 9/21: Testing",
          "Fetching submodules...",
          "TLS handshake completed",
          "Compiling utils/service.java...",
          "Compiling components/index.js...",
          "Cache invalidated: build",
          "npm install: resolved 342 packages",
          "Installing prettier@3.9.7",
          "Artifact downloaded: 3MB",
          "\u26a0 DEPRECATION: Feature will be removed in v3.0",
          "[12:50:50] DEBUG: Query executed in 31ms",
          "npm notice: created a lockfile",
          "Waiting...",
          "[12:50:50] DEBUG: Query executed in 63ms",
          "Image pulled successfully",
          "Step 19/15: Installing dependencies",
          "Optimizing 100 modules...",
          "Finished.",
          "Already up to date.",
          "Using Python 3.12",
          "[12:50:50] INFO: Request completed",
          "[12:50:50] INFO: Starting build process",
          "Installing jest@3.8.1",
          "Compiling utils/handler.rs...",
          "Cache hit for key-5264",
          "Step 5/16: Running migrations",
          "pip: Collecting eslint",
          "\u2713 Task completed in 4593ms",
          "Step 18/17: Linting",
          "POST /data - 200 (273ms)",
          "Step 20/16: Linting",
          "[12:50:50] WARN: Deprecated API usage",
          "Fetching submodules...",
          "NODE_ENV=test",
          "Ready.",
          "Fetching from https://amazonaws.com/package.json",
          "\u26a0 DEPRECATION: Feature will be removed in v2.0",
          "Step 3/20: Installing dependencies",
          "Step 18/22: Installing dependencies",
          "npm install: added 45 packages",
          "Checking out master branch",
          "Fetching from https://npmjs.org/package.json",
          "[12:50:50] DEBUG: Memory usage: 805MB",
          "Cache saved successfully",
          "Verifying...",
          "pip: Collecting prettier",
          "Step 20/22: Running migrations",
          "Verifying...",
          "Fetching submodules...",
          "Pulling image: python:3.11",
          "Bundling main.css",
          "[12:50:50] INFO: Connecting to database",
          "Switched to branch 'hotfix/task-272'",
          "Step 17/23: Running migrations",
          "npm notice: package.json updated",
          "Connection established",
          "\u26a0 DEPRECATION: Feature will be removed in v2.0",
          "GET /health - 201 (52ms)",
          "Checking out main branch",
          "[12:50:50] DEBUG: Query executed in 73ms",
          "Uploading artifact 'build' (12 files)",
          "WARNING: lodash has known vulnerabilities",
          "[12:50:50] DEBUG: Loading configuration",
          "Using Python 3.12",
          "pip install: Successfully installed lodash-4.20",
          "npm notice: created a lockfile",
          "[12:50:50] INFO: Cache refreshed",
          "[12:50:50] DEBUG: Loading configuration",
          "Done.",
          "Ready.",
          "POST /api - 200 (284ms)",
          "Test Suites: 21 passed, 39 total",
          "[12:50:50] DEBUG: Connection pool: 18 active",
          "[12:50:50] DEBUG: Connection pool: 15 active",
          "[12:50:50] DEBUG: Memory usage: 663MB",
          "Pushing to registry...",
          "  PASS: unit/test_auth_login.spec.js",
          "pip: Collecting jest",
          "Artifact uploaded: dist.zip (95MB)",
          "pip install: Successfully installed lodash-3.17",
          "TLS handshake completed",
          "npm install: added 372 packages",
          "yarn add: Done in 1.8s",
          "Step 11/24: Building",
          "WARNING: axios has known vulnerabilities",
          "Ran 31 tests in 53s",
          "Cache invalidated: node_modules",
          "yarn add: Done in 6.68s",
          "Environment: test",
          "FAILED: test_cache_hit",
          "Compiling lib/handler.rs...",
          "pip: Collecting axios",
          "Compiling lib/main.py...",
          "\u2713 Task completed in 1268ms",
          "Ready.",
          "pip: Installing build dependencies...",
          "Bundling vendor.js",
          "NODE_ENV=production",
          "  PASS: integration/test_api_health.spec.js",
          "Checking out main branch",
          "pip: Downloading axios-3.6.tar.gz",
          "Switched to branch 'bugfix/task-239'",
          "Exception: NullPointerException",
          "Compiling src/utils.go...",
          "Cache invalidated: node_modules",
          "Compiling components/utils.go...",
          "Verifying...",
          "npm notice: package.json updated",
          "[12:50:50] INFO: Request completed",
          "pip: Collecting webpack",
          "OK",
          "WARNING: eslint has known vulnerabilities",
          "Compiling utils/utils.go...",
          "Test Suites: 38 passed, 26 total",
          "Ran 48 tests in 58s",
          "Minifying main.js",
          "Creating production build...",
          "Artifact uploaded: dist.zip (38MB)",
          "Transforming 481 files...",
          "Pulling image: alpine:latest",
          "Step 14/18: Installing dependencies",
          "[12:50:50] WARN: Deprecated API usage",
          "Coverage: 72% statements, 84% branches",
          "\u2717 build failed with exit code 95",
          "Compiling lib/service.java...",
          "Step 20/16: Installing dependencies",
          "Processing...",
          "Success!",
          "Verifying...",
          "HEAD is now at 5820d41",
          "Tests: 170 passed, 161 total",
          "Step 4/20: Running migrations",
          "\u26a0 DEPRECATION: Feature will be removed in v4.0",
          "Building Docker image...",
          "Step 14/25: Linting",
          "[12:50:50] WARN: Deprecated API usage",
          "FAILED: test_auth_login",
          "Transforming 595 files...",
          "Cache invalidated: node_modules",
          "Artifact downloaded: 48MB",
          "Ran 97 tests in 12s",
          "Switched to branch 'bugfix/task-963'",
          "POST /upload - 200 (56ms)",
          "POST /data - 202 (175ms)",
          "Compiling lib/service.java...",
          "Step 11/20: Building",
          "Switched to branch 'hotfix/task-638'",
          "npm notice: package.json updated",
          "Ready.",
          "\u26a0 DEPRECATION: Feature will be removed in v4.0",
          "Ran 171 tests in 31s",
          "Processing...",
          "[12:50:50] DEBUG: Memory usage: 721MB",
          "\u26a0 DEPRECATION: Feature will be removed in v3.0",
          "npm notice: package.json updated",
          "Snapshots: 32 passed, 22 total",
          "Coverage: 71% statements, 80% branches",
          "\u2713 Task completed in 421ms",
          "Uploading artifact 'dist' (42 files)",
          "HEAD is now at 8af8ef9",
          "  PASS: integration/test_api_health.spec.js",
          "Uploading artifact 'build' (23 files)",
          "\u26a0 DEPRECATION: Feature will be removed in v2.0",
          "Cache invalidated: node_modules",
          "npm notice: package.json updated",
          "yarn add: Done in 26.41s",
          "[12:50:50] INFO: Processing request",
          "Cache invalidated: build",
          "Building Docker image...",
          "Waiting...",
          "Waiting...",
          "Compiling src/app.ts...",
          "=== Step unit_tests completed ==="
        ]
      },
      {
        "name": "e2e_tests",
        "status": "success",
        "started_at": "2025-11-27T12:52:24.097847",
        "finished_at": "2025-11-27T12:52:35.033975",
        "log_lines": [
          "=== Step: e2e_tests ===",
          "[12:50:50] DEBUG: Connection pool: 16 active",
          "POST /data - 200 (161ms)",
          "Environment: test",
          "[12:50:50] INFO: Connecting to database",
          "Already up to date.",
          "WARNING: webpack has known vulnerabilities",
          "Pulling image: alpine:18",
          "Already up to date.",
          "Uploading artifact 'dist' (33 files)",
          "Compiling utils/utils.go...",
          "Building Docker image...",
          "Pushing to registry...",
          "[12:50:50] INFO: Connecting to database",
          "npm install: resolved 1637 packages",
          "Fetching from https://docker.io/package.json",
          "Compiling components/main.py...",
          "Cache restored successfully (134MB)",
          "[12:50:50] ERROR: Connection failed",
          "Compiling src/index.js...",
          "[12:50:50] WARN: Deprecated API usage",
          "Installing webpack@2.0.5",
          "pip: Installing build dependencies...",
          "Compiling lib/utils.go...",
          "Success!",
          "Artifact downloaded: 22MB",
          "[12:50:50] ERROR: Connection failed",
          "HEAD is now at c46d69d",
          "Loading...",
          "Artifact uploaded: dist.zip (44MB)",
          "Step 17/20: Running migrations",
          "Minifying vendor.js",
          "Creating production build...",
          "Exception: RuntimeError",
          "pip: Collecting eslint",
          "GET /api - 200 (39ms)",
          "WARNING: jest has known vulnerabilities",
          "[12:50:50] WARN: Deprecated API usage",
          "Platform: win32-x64",
          "Verifying...",
          "Uploading artifact 'coverage' (39 files)",
          "Building Docker image...",
          "[12:50:50] DEBUG: Loading configuration",
          "HEAD is now at 2a55342",
          "Completed.",
          "yarn add: Done in 25.28s",
          "Done.",
          "Fetching submodules...",
          "Verifying...",
          "Ran 48 tests in 17s",
          "TLS handshake completed",
          "yarn add: Done in 11.9s",
          "Transforming 773 files...",
          "\u2713 Step 'setup' succeeded",
          "Snapshots: 10 passed, 20 total",
          "Step 2/20: Linting",
          "Already up to date.",
          "  PASS: unit/test_user_create.spec.js",
          "[12:50:50] INFO: Connecting to database",
          "pip: Downloading axios-1.5.tar.gz",
          "HEAD is now at 230415e",
          "Compiling components/app.ts...",
          "\u2713 All checks passed",
          "Compiling components/service.java...",
          "\u26a0 DEPRECATION: Feature will be removed in v4.0",
          "TLS handshake completed",
          "Snapshots: 0 passed, 12 total",
          "Compiling utils/main.py...",
          "\u26a0 DEPRECATION: Feature will be removed in v2.0",
          "pip: Collecting prettier",
          "Uploading artifact 'coverage' (42 files)",
          "Compiling utils/utils.go...",
          "Building Docker image...",
          "Building Docker image...",
          "Compiling src/index.js...",
          "Generating source maps...",
          "WARNING: react has known vulnerabilities",
          "Using Python 3.11",
          "yarn add: Done in 8.23s",
          "Processing...",
          "Generating source maps...",
          "npm notice: created a lockfile",
          "  PASS: test_auth_login (401ms)",
          "Step 16/15: Linting",
          "Switched to branch 'hotfix/task-640'",
          "Ready.",
          "  PASS: test_auth_login (490ms)",
          "Cache restored successfully (214MB)",
          "Layer 5/10: ENV command",
          "Pulling image: node:18",
          "Artifact uploaded: dist.zip (51MB)",
          "Step 4/25: Building",
          "Completed.",
          "Building Docker image...",
          "Step 4/18: Linting",
          "Artifact downloaded: 19MB",
          "Compiling src/service.java...",
          "\u2713 All checks passed",
          "Environment: staging",
          "Exception: TypeError",
          "WARNING: eslint has known vulnerabilities",
          "[12:50:50] INFO: Starting build process",
          "Using Python 3.12",
          "pip: Collecting lodash",
          "Artifact uploaded: build.tar.gz (14MB)",
          "Step 18/20: Building",
          "Artifact downloaded: 14MB",
          "[12:50:50] DEBUG: Connection pool: 20 active",
          "pip: Installing build dependencies...",
          "Coverage: 90% statements, 77% branches",
          "[12:50:50] INFO: Processing request",
          "  PASS: integration/test_auth_login.spec.js",
          "Compiling lib/handler.rs...",
          "Using Python 3.10",
          "Optimizing 83 modules...",
          "[12:50:50] INFO: Cache refreshed",
          "Platform: darwin-arm64",
          "Tests: 401 passed, 498 total",
          "Artifact uploaded: dist.zip (14MB)",
          "\u2713 Step 'checkout' succeeded",
          "  PASS: e2e/test_db_connect.spec.js",
          "Loading...",
          "Compiling utils/utils.go...",
          "Ready.",
          "Success!",
          "TLS handshake completed",
          "Creating production build...",
          "Step 3/16: Building",
          "Compiling src/service.java...",
          "Test Suites: 30 passed, 7 total",
          "WARNING: webpack has known vulnerabilities",
          "Processing...",
          "pip install: Successfully installed axios-4.8",
          "Using Python 3.11",
          "[12:50:50] INFO: Connecting to database",
          "Using Python 3.10",
          "pip: Downloading webpack-4.12.tar.gz",
          "Image pulled successfully",
          "Compiling components/app.ts...",
          "Test Suites: 16 passed, 21 total",
          "Switched to branch 'hotfix/task-956'",
          "Coverage: 71% statements, 94% branches",
          "[12:50:50] WARN: Deprecated API usage",
          "Waiting...",
          "Using Node.js 16.15.5",
          "Waiting...",
          "Minifying main.js",
          "Environment: staging",
          "Time: 49.368s",
          "Waiting...",
          "[12:50:50] DEBUG: Query executed in 38ms",
          "\u2713 Task completed in 4864ms",
          "Using Node.js 19.14.3",
          "Optimizing 43 modules...",
          "[12:50:50] DEBUG: Connection pool: 17 active",
          "[12:50:50] INFO: Starting build process",
          "\u2713 Task completed in 3300ms",
          "Bundling vendor.js",
          "  PASS: integration/test_db_connect.spec.js",
          "Platform: win32-x64",
          "[12:50:50] DEBUG: Loading configuration",
          "Ready.",
          "Uploading artifact 'dist' (9 files)",
          "Cache miss for key-2521",
          "Bundling vendor.css",
          "POST /upload - 200 (357ms)",
          "Image pulled successfully",
          "Success!",
          "Step 4/22: Deploying",
          "[12:50:50] DEBUG: Query executed in 38ms",
          "Compiling src/app.ts...",
          "Pushing to registry...",
          "npm notice: package.json updated",
          "npm notice: created a lockfile",
          "Exception: NullPointerException",
          "\u26a0 DEPRECATION: Feature will be removed in v2.0",
          "Exception: TypeError",
          "Cache invalidated: dependencies",
          "npm install: resolved 1510 packages",
          "Cache hit for key-6759",
          "Layer 5/10: COPY command",
          "WARNING: express has known vulnerabilities",
          "Uploading artifact 'dist' (33 files)",
          "\u2713 Step 'install' succeeded",
          "Waiting...",
          "pip: Installing build dependencies...",
          "pip: Collecting jest",
          "  PASS: integration/test_db_connect.spec.js",
          "Fetching submodules...",
          "[12:50:50] INFO: Connecting to database",
          "Step 10/15: Deploying",
          "Completed.",
          "Platform: darwin-arm64",
          "npm notice: created a lockfile",
          "[12:50:50] DEBUG: Memory usage: 1252MB",
          "GET /api - 201 (18ms)",
          "[12:50:50] WARN: Deprecated API usage",
          "Tests: 118 passed, 312 total",
          "Bundling main.css",
          "npm notice: package.json updated",
          "Platform: linux-x64",
          "yarn add: Done in 10.51s",
          "=== Step e2e_tests completed ==="
        ]
      },
      {
        "name": "lint",
        "status": "success",
        "started_at": "2025-11-27T12:52:35.033975",
        "finished_at": "2025-11-27T12:52:45.970103",
        "log_lines": [
          "=== Step: lint ===",
          "Step 11/21: Linting",
          "[12:50:50] DEBUG: Memory usage: 358MB",
          "Coverage: 93% statements, 79% branches",
          "Building Docker image...",
          "Coverage: 80% statements, 66% branches",
          "Compiling components/utils.go...",
          "Fetching from https://githubusercontent.com/package.json",
          "Success!",
          "[12:50:50] WARN: Deprecated API usage",
          "Using Node.js 17.16.8",
          "Ready.",
          "Transforming 342 files...",
          "Cache miss for key-3503",
          "Waiting...",
          "Image pulled successfully",
          "  PASS: test_cache_hit (94ms)",
          "Ran 195 tests in 50s",
          "Processing...",
          "Compiling components/app.ts...",
          "Tests: 162 passed, 431 total",
          "Already up to date.",
          "FAILED: test_auth_login",
          "Compiling components/service.java...",
          "Pushing to registry...",
          "Platform: win32-x64",
          "Fetching submodules...",
          "Test Suites: 17 passed, 24 total",
          "Bundling styles.js",
          "Compiling components/main.py...",
          "Image pulled successfully",
          "Step 11/25: Linting",
          "\u2713 Step 'test' succeeded",
          "Artifact uploaded: dist.zip (4MB)",
          "Artifact uploaded: build.tar.gz (34MB)",
          "Compiling lib/handler.rs...",
          "Fetching submodules...",
          "Compiling lib/index.js...",
          "Environment: test",
          "\u2713 Step 'build' succeeded",
          "Step 9/22: Running migrations",
          "TLS handshake completed",
          "[12:50:50] DEBUG: Initializing service",
          "[12:50:50] INFO: Cache refreshed",
          "Artifact uploaded: build.tar.gz (18MB)",
          "Completed.",
          "Step 7/18: Running migrations",
          "pip: Collecting express",
          "Step 12/19: Testing",
          "npm install: added 454 packages",
          "Ran 177 tests in 49s",
          "\u2713 All checks passed",
          "Success!",
          "npm install: resolved 377 packages",
          "pip: Collecting axios",
          "TLS handshake completed",
          "Time: 77.440s",
          "Using Python 3.10",
          "[12:50:50] INFO: Starting build process",
          "Waiting...",
          "Waiting...",
          "Step 20/20: Deploying",
          "npm notice: package.json updated",
          "  PASS: test_user_create (485ms)",
          "Optimizing 100 modules...",
          "Completed.",
          "Generating source maps...",
          "Cache miss for key-2963",
          "Step 18/25: Installing dependencies",
          "Compiling utils/service.java...",
          "Artifact uploaded: dist.zip (78MB)",
          "Ready.",
          "FAILED: test_cache_hit",
          "[12:50:50] INFO: Processing request",
          "Using Node.js 15.1.3",
          "Checking out master branch",
          "[12:50:50] DEBUG: Query executed in 60ms",
          "npm install: added 221 packages",
          "\u2713 Task completed in 2227ms",
          "[12:50:50] INFO: Request completed",
          "Finished.",
          "Pulling image: alpine:18",
          "Transforming 953 files...",
          "Installing prettier@1.0.5",
          "pip: Downloading prettier-5.20.tar.gz",
          "Cache hit for key-8996",
          "Done.",
          "[12:50:50] DEBUG: Loading configuration",
          "[12:50:50] INFO: Starting build process",
          "Switched to branch 'feature/task-793'",
          "Success!",
          "\u2713 All checks passed",
          "Already up to date.",
          "Minifying main.js",
          "[12:50:50] WARN: Deprecated API usage",
          "[12:50:50] INFO: Processing request",
          "Cache miss for key-2326",
          "Waiting...",
          "Using Python 3.9",
          "Minifying main.js",
          "POST /api - 201 (148ms)",
          "Step 19/20: Linting",
          "Done.",
          "Step 13/25: Linting",
          "Step 20/23: Building",
          "pip install: Successfully installed lodash-5.16",
          "Cache hit for key-8426",
          "Switched to branch 'feature/task-681'",
          "Waiting...",
          "Bundling vendor.css",
          "Artifact uploaded: dist.zip (84MB)",
          "\u2713 Task completed in 1104ms",
          "GET /health - 201 (61ms)",
          "Building Docker image...",
          "OK",
          "Finished.",
          "Completed.",
          "Loading...",
          "npm install: added 354 packages",
          "Generating source maps...",
          "[12:50:50] INFO: Starting build process",
          "Step 1/18: Testing",
          "Step 1/25: Testing",
          "Compiling components/index.js...",
          "npm install: resolved 1500 packages",
          "Verifying...",
          "Step 12/23: Running migrations",
          "Processing...",
          "Step 2/24: Building",
          "Compiling utils/index.js...",
          "Generating source maps...",
          "Using Python 3.9",
          "[12:50:50] DEBUG: Initializing service",
          "WARNING: lodash has known vulnerabilities",
          "Step 1/22: Linting",
          "Tests: 352 passed, 198 total",
          "Layer 2/8: COPY command",
          "Step 4/23: Running migrations",
          "POST /api - 200 (472ms)",
          "HEAD is now at 9c2ada8",
          "[12:50:50] INFO: Request completed",
          "  PASS: test_cache_hit (122ms)",
          "Already up to date.",
          "Compiling components/app.ts...",
          "TLS handshake completed",
          "[12:50:50] INFO: Request completed",
          "Pushing to registry...",
          "[12:50:50] DEBUG: Initializing service",
          "Time: 107.26s",
          "Time: 33.359s",
          "pip: Collecting lodash",
          "Compiling src/index.js...",
          "Success!",
          "pip: Collecting react",
          "Platform: linux-x64",
          "\u26a0 DEPRECATION: Feature will be removed in v5.0",
          "Connection established",
          "OK",
          "[12:50:50] DEBUG: Query executed in 71ms",
          "Bundling main.js",
          "Layer 2/12: COPY command",
          "[12:50:50] DEBUG: Initializing service",
          "\u2717 build failed with exit code 64",
          "\u2717 build failed with exit code 49",
          "Ran 99 tests in 18s",
          "\u26a0 DEPRECATION: Feature will be removed in v3.0",
          "Artifact downloaded: 39MB",
          "Test Suites: 8 passed, 37 total",
          "pip: Collecting axios",
          "[12:50:50] ERROR: Connection failed",
          "Pushing to registry...",
          "Compiling utils/handler.rs...",
          "Image pulled successfully",
          "HEAD is now at 1c5c452",
          "Tests: 280 passed, 432 total",
          "Snapshots: 15 passed, 38 total",
          "Exception: TypeError",
          "Snapshots: 17 passed, 42 total",
          "npm install: resolved 1287 packages",
          "[12:50:50] DEBUG: Connection pool: 16 active",
          "[12:50:50] WARN: Deprecated API usage",
          "Fetching submodules...",
          "Step 9/23: Installing dependencies",
          "Creating production build...",
          "Step 8/16: Testing",
          "Time: 69.416s",
          "\u2713 All checks passed",
          "\u2713 Task completed in 1394ms",
          "Step 4/19: Testing",
          "[12:50:50] INFO: Connecting to database",
          "Cache hit for key-6329",
          "Artifact uploaded: build.tar.gz (32MB)",
          "Generating source maps...",
          "Uploading artifact 'dist' (21 files)",
          "Exception: TypeError",
          "Using Node.js 14.6.3",
          "[12:50:50] INFO: Starting build process",
          "Optimizing 42 modules...",
          "FAILED: test_api_health",
          "Checking out master branch",
          "  PASS: test_user_create (19ms)",
          "Step 5/20: Installing dependencies",
          "=== Step lint completed ==="
        ]
      },
      {
        "name": "type_check",
        "status": "success",
        "started_at": "2025-11-27T12:52:45.970103",
        "finished_at": "2025-11-27T12:52:56.906231",
        "log_lines": [
          "=== Step: type_check ===",
          "[12:50:50] INFO: Request completed",
          "\u2713 test completed",
          "[12:50:50] ERROR: Connection failed",
          "Finished.",
          "Loading...",
          "Cache hit for key-5828",
          "[12:50:50] ERROR: Connection failed",
          "[12:50:50] INFO: Connecting to database",
          "Building Docker image...",
          "[12:50:50] DEBUG: Loading configuration",
          "Compiling lib/utils.go...",
          "yarn add: Done in 28.54s",
          "Artifact downloaded: 16MB",
          "Artifact uploaded: build.tar.gz (44MB)",
          "Artifact downloaded: 11MB",
          "Creating production build...",
          "pip: Installing build dependencies...",
          "[12:50:50] WARN: Deprecated API usage",
          "Exception: TypeError",
          "pip install: Successfully installed webpack-4.4",
          "Image pulled successfully",
          "npm notice: created a lockfile",
          "Step 9/21: Running migrations",
          "WARNING: react has known vulnerabilities",
          "[12:50:50] WARN: Deprecated API usage",
          "Using Python 3.10",
          "Connection established",
          "Waiting...",
          "Minifying main.js",
          "Finished.",
          "Cache miss for key-5745",
          "[12:50:50] INFO: Request completed",
          "[12:50:50] INFO: Request completed",
          "[12:50:50] DEBUG: Initializing service",
          "Done.",
          "Cache restored successfully (351MB)",
          "Switched to branch 'bugfix/task-690'",
          "Compiling lib/handler.rs...",
          "WARNING: axios has known vulnerabilities",
          "pip: Collecting webpack",
          "npm install: added 354 packages",
          "NODE_ENV=production",
          "\u2713 package completed",
          "Test Suites: 41 passed, 36 total",
          "[12:50:50] ERROR: Connection failed",
          "[12:50:50] DEBUG: Loading configuration",
          "WARNING: prettier has known vulnerabilities",
          "Pushing to registry...",
          "Switched to branch 'hotfix/task-131'",
          "\u26a0 DEPRECATION: Feature will be removed in v3.0",
          "Artifact uploaded: build.tar.gz (6MB)",
          "  PASS: test_api_health (353ms)",
          "Step 4/17: Building",
          "Layer 8/10: COPY command",
          "Already up to date.",
          "Waiting...",
          "WARNING: eslint has known vulnerabilities",
          "Done.",
          "Compiling lib/app.ts...",
          "FAILED: test_api_health",
          "Exception: TypeError",
          "Environment: production",
          "[12:50:50] INFO: Request completed",
          "[12:50:50] DEBUG: Memory usage: 1728MB",
          "[12:50:50] INFO: Request completed",
          "Pulling image: node:latest",
          "Image pulled successfully",
          "Uploading artifact 'coverage' (25 files)",
          "[12:50:50] ERROR: Connection failed",
          "Compiling components/service.java...",
          "WARNING: jest has known vulnerabilities",
          "  PASS: test_db_connect (24ms)",
          "\u2713 All checks passed",
          "Step 18/18: Running migrations",
          "Fetching from https://pypi.org/package.json",
          "[12:50:50] INFO: Connecting to database",
          "Bundling main.css",
          "Layer 4/13: ENV command",
          "Transforming 322 files...",
          "Waiting...",
          "Processing...",
          "Step 4/22: Running migrations",
          "  PASS: test_cache_hit (274ms)",
          "npm install: added 112 packages",
          "[12:50:50] DEBUG: Memory usage: 164MB",
          "Step 18/24: Running migrations",
          "Ready.",
          "[12:50:50] INFO: Connecting to database",
          "Finished.",
          "Generating source maps...",
          "Using Node.js 18.19.9",
          "Artifact downloaded: 6MB",
          "yarn add: Done in 20.81s",
          "Transforming 753 files...",
          "Step 19/20: Linting",
          "[12:50:50] INFO: Cache refreshed",
          "Artifact downloaded: 40MB",
          "[12:50:50] INFO: Request completed",
          "\u2713 Step 'setup' succeeded",
          "Using Python 3.9",
          "Minifying main.js",
          "Step 18/18: Running migrations",
          "Checking out master branch",
          "Step 19/15: Deploying",
          "Artifact uploaded: build.tar.gz (2MB)",
          "Platform: win32-x64",
          "Installing jest@2.15.9",
          "Connection established",
          "Bundling styles.js",
          "Compiling components/app.ts...",
          "Layer 9/10: COPY command",
          "\u2713 lint completed",
          "Compiling utils/index.js...",
          "Minifying app.js",
          "pip: Collecting lodash",
          "Connection established",
          "[12:50:50] DEBUG: Initializing service",
          "Installing express@5.10.6",
          "Waiting...",
          "Test Suites: 24 passed, 40 total",
          "HEAD is now at 2ee99ea",
          "Transforming 146 files...",
          "\u2713 All checks passed",
          "Step 7/21: Installing dependencies",
          "Step 18/15: Testing",
          "Switched to branch 'hotfix/task-941'",
          "Generating source maps...",
          "Snapshots: 24 passed, 6 total",
          "\u26a0 DEPRECATION: Feature will be removed in v3.0",
          "pip: Downloading express-1.7.tar.gz",
          "Bundling vendor.js",
          "Processing...",
          "Waiting...",
          "Verifying...",
          "Cache hit for key-9295",
          "OK",
          "[12:50:50] WARN: Deprecated API usage",
          "[12:50:50] DEBUG: Memory usage: 1631MB",
          "GET /health - 204 (31ms)",
          "npm notice: created a lockfile",
          "npm notice: package.json updated",
          "OK",
          "Time: 18.341s",
          "\u26a0 DEPRECATION: Feature will be removed in v5.0",
          "Building Docker image...",
          "pip: Downloading express-3.20.tar.gz",
          "GET /health - 201 (40ms)",
          "Exception: ValueError",
          "Snapshots: 35 passed, 28 total",
          "Completed.",
          "WARNING: jest has known vulnerabilities",
          "OK",
          "[12:50:50] INFO: Cache refreshed",
          "pip: Installing build dependencies...",
          "Cache saved successfully",
          "Cache saved successfully",
          "Finished.",
          "OK",
          "\u2717 build failed with exit code 77",
          "yarn add: Done in 3.34s",
          "\u26a0 DEPRECATION: Feature will be removed in v4.0",
          "FAILED: test_api_health",
          "Cache miss for key-8558",
          "Fetching from https://github.com/package.json",
          "Compiling src/app.ts...",
          "yarn add: Done in 8.30s",
          "POST /api - 200 (337ms)",
          "Ran 61 tests in 8s",
          "[12:50:50] DEBUG: Loading configuration",
          "Tests: 123 passed, 277 total",
          "\u2713 Step 'test' succeeded",
          "Cache saved successfully",
          "Using Node.js 18.12.10",
          "\u2713 All checks passed",
          "NODE_ENV=test",
          "Compiling components/handler.rs...",
          "yarn add: Done in 13.78s",
          "[12:50:50] WARN: Deprecated API usage",
          "Step 18/18: Linting",
          "Fetching submodules...",
          "Cache hit for key-2568",
          "Minifying main.js",
          "Transforming 588 files...",
          "[12:50:50] DEBUG: Connection pool: 11 active",
          "  PASS: test_auth_login (86ms)",
          "Layer 2/8: RUN command",
          "Optimizing 21 modules...",
          "Switched to branch 'feature/task-584'",
          "Generating source maps...",
          "Finished.",
          "[12:50:50] WARN: Deprecated API usage",
          "\u2713 All checks passed",
          "\u2713 Task completed in 235ms",
          "NODE_ENV=test",
          "Test Suites: 15 passed, 41 total",
          "npm notice: package.json updated",
          "Creating production build...",
          "WARNING: axios has known vulnerabilities",
          "Minifying main.js",
          "Cache saved successfully",
          "\u2713 All checks passed",
          "=== Step type_check completed ==="
        ]
      },
      {
        "name": "checkout",
        "status": "success",
        "started_at": "2025-11-27T12:52:56.906231",
        "finished_at": "2025-11-27T12:53:01.280682",
        "log_lines": [
          "=== Step: checkout ===",
          "Cache invalidated: dependencies",
          "TLS handshake completed",
          "\u2713 Task completed in 4602ms",
          "yarn add: Done in 16.52s",
          "Artifact uploaded: build.tar.gz (15MB)",
          "Test Suites: 19 passed, 8 total",
          "Optimizing 100 modules...",
          "Tests: 219 passed, 60 total",
          "[12:50:50] INFO: Cache refreshed",
          "[12:50:50] DEBUG: Query executed in 14ms",
          "Pushing to registry...",
          "Generating source maps...",
          "Success!",
          "Completed.",
          "Snapshots: 10 passed, 44 total",
          "Finished.",
          "Cache miss for key-1889",
          "Done.",
          "Step 4/20: Installing dependencies",
          "npm install: resolved 1577 packages",
          "[12:50:50] INFO: Request completed",
          "Finished.",
          "GET /status - 201 (64ms)",
          "npm install: added 198 packages",
          "WARNING: express has known vulnerabilities",
          "[12:50:50] INFO: Cache refreshed",
          "[12:50:50] INFO: Cache refreshed",
          "Artifact uploaded: dist.zip (99MB)",
          "WARNING: prettier has known vulnerabilities",
          "\u2713 package completed",
          "WARNING: express has known vulnerabilities",
          "[12:50:50] INFO: Connecting to database",
          "Using Python 3.9",
          "  PASS: e2e/test_auth_login.spec.js",
          "Pulling image: python:3.11",
          "[12:50:50] DEBUG: Query executed in 100ms",
          "Using Node.js 17.15.0",
          "Environment: staging",
          "Step 19/21: Linting",
          "Already up to date.",
          "Environment: production",
          "Compiling src/index.js...",
          "Layer 2/9: COPY command",
          "npm notice: package.json updated",
          "Installing express@2.15.0",
          "Building Docker image...",
          "\u26a0 DEPRECATION: Feature will be removed in v2.0",
          "Environment: development",
          "[12:50:50] INFO: Starting build process",
          "POST /data - 200 (401ms)",
          "Cache miss for key-3763",
          "GET /health - 200 (2ms)",
          "yarn add: Done in 16.85s",
          "Bundling vendor.js",
          "OK",
          "WARNING: webpack has known vulnerabilities",
          "Uploading artifact 'coverage' (9 files)",
          "Cache restored successfully (196MB)",
          "Waiting...",
          "Using Python 3.11",
          "Processing...",
          "Verifying...",
          "Creating production build...",
          "Layer 5/14: RUN command",
          "Pushing to registry...",
          "pip: Downloading axios-3.13.tar.gz",
          "npm notice: package.json updated",
          "Finished.",
          "Loading...",
          "Verifying...",
          "Switched to branch 'hotfix/task-952'",
          "Generating source maps...",
          "npm notice: created a lockfile",
          "Creating production build...",
          "Generating source maps...",
          "pip: Installing build dependencies...",
          "Completed.",
          "Cache hit for key-7629",
          "Time: 65.306s",
          "[12:50:50] WARN: Deprecated API usage",
          "Building Docker image...",
          "Using Node.js 17.0.1",
          "Environment: staging",
          "Cache hit for key-5297",
          "Finished.",
          "\u2713 Step 'build' succeeded",
          "GET /health - 204 (100ms)",
          "Creating production build...",
          "Using Node.js 18.9.8",
          "\u26a0 DEPRECATION: Feature will be removed in v4.0",
          "Cache miss for key-9950",
          "npm notice: package.json updated",
          "\u26a0 DEPRECATION: Feature will be removed in v5.0",
          "npm install: resolved 1431 packages",
          "Cache hit for key-1676",
          "FAILED: test_user_create",
          "Exception: NullPointerException",
          "pip: Installing build dependencies...",
          "POST /upload - 202 (176ms)",
          "Minifying main.js",
          "Tests: 456 passed, 225 total",
          "Completed.",
          "Connection established",
          "\u2713 Task completed in 111ms",
          "pip install: Successfully installed webpack-1.7",
          "Step 18/23: Running migrations",
          "[12:50:50] DEBUG: Query executed in 26ms",
          "[12:50:50] DEBUG: Loading configuration",
          "WARNING: react has known vulnerabilities",
          "Pulling image: python:18",
          "Compiling components/app.ts...",
          "Switched to branch 'hotfix/task-809'",
          "OK",
          "Cache invalidated: node_modules",
          "Pushing to registry...",
          "Tests: 376 passed, 476 total",
          "TLS handshake completed",
          "\u2717 build failed with exit code 73",
          "HEAD is now at 66ce23f",
          "[12:50:50] DEBUG: Query executed in 98ms",
          "\u2713 Step 'build' succeeded",
          "[12:50:50] DEBUG: Connection pool: 5 active",
          "Pushing to registry...",
          "Ready.",
          "Building Docker image...",
          "npm install: added 159 packages",
          "Fetching from https://pypi.org/package.json",
          "\u2713 Step 'test' succeeded",
          "POST /upload - 202 (198ms)",
          "Environment: production",
          "pip: Collecting axios",
          "npm install: added 252 packages",
          "Cache miss for key-2224",
          "GET /api - 201 (55ms)",
          "Optimizing 35 modules...",
          "Ran 86 tests in 3s",
          "Artifact uploaded: dist.zip (93MB)",
          "Environment: development",
          "Loading...",
          "Compiling src/utils.go...",
          "FAILED: test_api_health",
          "HEAD is now at 020197b",
          "[12:50:50] WARN: Deprecated API usage",
          "Loading...",
          "Building Docker image...",
          "  PASS: test_cache_hit (99ms)",
          "[12:50:50] INFO: Starting build process",
          "Step 11/16: Installing dependencies",
          "\u2713 All checks passed",
          "Creating production build...",
          "WARNING: prettier has known vulnerabilities",
          "Coverage: 71% statements, 90% branches",
          "Layer 9/13: RUN command",
          "Waiting...",
          "Finished.",
          "Cache restored successfully (98MB)",
          "\u2717 build failed with exit code 27",
          "Step 8/15: Deploying",
          "Switched to branch 'bugfix/task-362'",
          "Using Python 3.11",
          "Bundling main.js",
          "Success!",
          "npm notice: created a lockfile",
          "Minifying app.js",
          "Checking out master branch",
          "[12:50:50] WARN: Deprecated API usage",
          "Test Suites: 37 passed, 28 total",
          "pip: Installing build dependencies...",
          "POST /api - 201 (408ms)",
          "pip: Installing build dependencies...",
          "Compiling lib/index.js...",
          "Optimizing 64 modules...",
          "[12:50:50] WARN: Deprecated API usage",
          "TLS handshake completed",
          "Switched to branch 'feature/task-472'",
          "Cache restored successfully (494MB)",
          "Checking out master branch",
          "[12:50:50] DEBUG: Connection pool: 19 active",
          "Done.",
          "[12:50:50] DEBUG: Query executed in 23ms",
          "Finished.",
          "\u2717 build failed with exit code 78",
          "Step 5/15: Deploying",
          "Completed.",
          "Finished.",
          "Compiling src/app.ts...",
          "Test Suites: 11 passed, 41 total",
          "Test Suites: 45 passed, 18 total",
          "Waiting...",
          "[12:50:50] INFO: Starting build process",
          "WARNING: axios has known vulnerabilities",
          "Coverage: 81% statements, 63% branches",
          "Layer 7/12: ENV command",
          "Waiting...",
          "Step 2/15: Building",
          "Step 1/22: Installing dependencies",
          "Step 6/17: Installing dependencies",
          "[12:50:50] DEBUG: Initializing service",
          "Using Node.js 17.16.4",
          "Compiling utils/service.java...",
          "Step 12/17: Installing dependencies",
          "=== Step checkout completed ==="
        ]
      },
      {
        "name": "integration_tests",
        "status": "success",
        "started_at": "2025-11-27T12:53:01.280682",
        "finished_at": "2025-11-27T12:53:23.152938",
        "log_lines": [
          "=== Step: integration_tests ===",
          "HEAD is now at ae89610",
          "\u2713 All checks passed",
          "Uploading artifact 'coverage' (19 files)",
          "npm notice: package.json updated",
          "Platform: linux-x64",
          "Connection established",
          "Ready.",
          "Cache invalidated: dependencies",
          "Layer 7/10: COPY command",
          "GET /status - 200 (90ms)",
          "Generating source maps...",
          "Coverage: 70% statements, 83% branches",
          "npm notice: package.json updated",
          "[12:50:50] DEBUG: Connection pool: 3 active",
          "Building Docker image...",
          "Success!",
          "Step 16/20: Testing",
          "Artifact downloaded: 49MB",
          "Tests: 368 passed, 137 total",
          "Creating production build...",
          "  PASS: test_user_create (215ms)",
          "Done.",
          "npm notice: package.json updated",
          "[12:50:50] INFO: Starting build process",
          "Completed.",
          "Ran 85 tests in 35s",
          "TLS handshake completed",
          "Cache invalidated: build",
          "\u26a0 DEPRECATION: Feature will be removed in v5.0",
          "Cache hit for key-9048",
          "\u2713 test completed",
          "WARNING: lodash has known vulnerabilities",
          "Transforming 546 files...",
          "\u2713 Step 'checkout' succeeded",
          "Snapshots: 28 passed, 42 total",
          "Cache restored successfully (161MB)",
          "Using Node.js 18.11.8",
          "npm install: added 153 packages",
          "Step 12/17: Testing",
          "yarn add: Done in 18.81s",
          "Ran 20 tests in 47s",
          "Step 8/25: Deploying",
          "npm install: resolved 1301 packages",
          "Artifact uploaded: build.tar.gz (5MB)",
          "Layer 5/8: RUN command",
          "Completed.",
          "Coverage: 100% statements, 89% branches",
          "Generating source maps...",
          "Artifact uploaded: dist.zip (30MB)",
          "Using Node.js 17.18.2",
          "pip: Collecting express",
          "Pulling image: alpine:latest",
          "Cache hit for key-4173",
          "\u2717 build failed with exit code 82",
          "Cache saved successfully",
          "Platform: linux-x64",
          "Fetching from https://npmjs.org/package.json",
          "Image pulled successfully",
          "Step 1/15: Building",
          "\u2713 Task completed in 254ms",
          "yarn add: Done in 8.71s",
          "Layer 1/11: ENV command",
          "Artifact downloaded: 16MB",
          "\u2713 Task completed in 2829ms",
          "Already up to date.",
          "[12:50:50] INFO: Request completed",
          "Fetching submodules...",
          "Minifying app.js",
          "Cache hit for key-4518",
          "Completed.",
          "TLS handshake completed",
          "Minifying app.js",
          "\u2713 Task completed in 1203ms",
          "Compiling src/index.js...",
          "Cache restored successfully (97MB)",
          "Pushing to registry...",
          "[12:50:50] WARN: Deprecated API usage",
          "Cache miss for key-4682",
          "Compiling lib/index.js...",
          "Step 9/16: Deploying",
          "Test Suites: 19 passed, 24 total",
          "GET /api - 201 (29ms)",
          "[12:50:50] WARN: Deprecated API usage",
          "Fetching submodules...",
          "pip install: Successfully installed prettier-5.2",
          "Creating production build...",
          "Step 16/17: Linting",
          "yarn add: Done in 19.62s",
          "[12:50:50] INFO: Connecting to database",
          "Artifact uploaded: dist.zip (71MB)",
          "Completed.",
          "Pushing to registry...",
          "Cache saved successfully",
          "npm notice: package.json updated",
          "pip install: Successfully installed prettier-5.19",
          "Test Suites: 47 passed, 36 total",
          "[12:50:50] DEBUG: Initializing service",
          "Bundling vendor.css",
          "Platform: win32-x64",
          "pip: Downloading react-1.15.tar.gz",
          "Installing jest@4.17.2",
          "Compiling src/app.ts...",
          "[12:50:50] WARN: Deprecated API usage",
          "Pulling image: python:18",
          "Verifying...",
          "[12:50:50] INFO: Starting build process",
          "Finished.",
          "Step 5/22: Running migrations",
          "\u26a0 DEPRECATION: Feature will be removed in v4.0",
          "Test Suites: 45 passed, 23 total",
          "Minifying app.js",
          "[12:50:50] INFO: Starting build process",
          "Platform: win32-x64",
          "[12:50:50] INFO: Starting build process",
          "Already up to date.",
          "Transforming 343 files...",
          "Building Docker image...",
          "Finished.",
          "\u2713 All checks passed",
          "Checking out master branch",
          "[12:50:50] WARN: Deprecated API usage",
          "\u2713 Task completed in 2045ms",
          "Compiling src/utils.go...",
          "Artifact downloaded: 10MB",
          "Minifying vendor.js",
          "[12:50:50] DEBUG: Loading configuration",
          "POST /data - 200 (68ms)",
          "OK",
          "Step 19/20: Testing",
          "Fetching submodules...",
          "Cache hit for key-3359",
          "Checking out master branch",
          "[12:50:50] WARN: Deprecated API usage",
          "Processing...",
          "Cache miss for key-5865",
          "pip: Collecting eslint",
          "[12:50:50] DEBUG: Query executed in 75ms",
          "Generating source maps...",
          "Finished.",
          "Waiting...",
          "[12:50:50] INFO: Starting build process",
          "Connection established",
          "Compiling src/app.ts...",
          "Compiling lib/handler.rs...",
          "POST /upload - 201 (139ms)",
          "Exception: ValueError",
          "Step 16/23: Building",
          "[12:50:50] DEBUG: Connection pool: 4 active",
          "pip: Downloading jest-2.10.tar.gz",
          "FAILED: test_api_health",
          "Ran 86 tests in 17s",
          "Installing webpack@5.19.5",
          "Building Docker image...",
          "Exception: ValueError",
          "WARNING: express has known vulnerabilities",
          "Step 5/23: Testing",
          "Artifact uploaded: build.tar.gz (39MB)",
          "WARNING: jest has known vulnerabilities",
          "\u26a0 DEPRECATION: Feature will be removed in v3.0",
          "\u2713 validate completed",
          "Bundling vendor.js",
          "pip: Collecting express",
          "Installing eslint@1.8.9",
          "npm install: added 491 packages",
          "[12:50:50] DEBUG: Query executed in 78ms",
          "HEAD is now at f2ccd85",
          "Waiting...",
          "Checking out main branch",
          "npm install: resolved 1043 packages",
          "Switched to branch 'feature/task-326'",
          "\u2713 Task completed in 244ms",
          "Optimizing 93 modules...",
          "Tests: 456 passed, 255 total",
          "Done.",
          "npm notice: created a lockfile",
          "Completed.",
          "Step 15/19: Deploying",
          "Using Node.js 18.20.6",
          "Step 3/25: Building",
          "[12:50:50] DEBUG: Query executed in 62ms",
          "[12:50:50] WARN: Deprecated API usage",
          "Artifact uploaded: build.tar.gz (22MB)",
          "pip: Installing build dependencies...",
          "Ready.",
          "WARNING: webpack has known vulnerabilities",
          "  PASS: e2e/test_api_health.spec.js",
          "[12:50:50] INFO: Connecting to database",
          "Snapshots: 27 passed, 43 total",
          "npm install: resolved 1021 packages",
          "Bundling runtime.css",
          "Cache restored successfully (233MB)",
          "TLS handshake completed",
          "Step 17/25: Building",
          "Transforming 304 files...",
          "Artifact downloaded: 24MB",
          "[12:50:50] WARN: Deprecated API usage",
          "Creating production build...",
          "[12:50:50] WARN: Deprecated API usage",
          "Snapshots: 10 passed, 9 total",
          "[12:50:50] WARN: Deprecated API usage",
          "Bundling runtime.css",
          "=== Step integration_tests completed ==="
        ]
      },
      {
        "name": "upload_artifacts",
        "status": "success",
        "started_at": "2025-11-27T12:53:23.152938",
        "finished_at": "2025-11-27T12:53:34.089066",
        "log_lines": [
          "=== Step: upload_artifacts ===",
          "[12:50:50] DEBUG: Query executed in 3ms",
          "Tests: 262 passed, 389 total",
          "Layer 5/14: ENV command",
          "Platform: linux-x64",
          "Cache saved successfully",
          "Step 4/19: Installing dependencies",
          "Completed.",
          "Done.",
          "Verifying...",
          "Processing...",
          "Step 20/23: Testing",
          "Building Docker image...",
          "\u26a0 DEPRECATION: Feature will be removed in v3.0",
          "TLS handshake completed",
          "Snapshots: 17 passed, 32 total",
          "pip install: Successfully installed prettier-2.6",
          "Snapshots: 46 passed, 43 total",
          "[12:50:50] INFO: Connecting to database",
          "WARNING: jest has known vulnerabilities",
          "npm install: resolved 1717 packages",
          "NODE_ENV=production",
          "\u2713 lint completed",
          "POST /api - 200 (77ms)",
          "\u26a0 DEPRECATION: Feature will be removed in v2.0",
          "Cache saved successfully",
          "Building Docker image...",
          "Building Docker image...",
          "Snapshots: 47 passed, 33 total",
          "Time: 118.513s",
          "[12:50:50] ERROR: Connection failed",
          "\u26a0 DEPRECATION: Feature will be removed in v2.0",
          "pip: Installing build dependencies...",
          "Building Docker image...",
          "[12:50:50] INFO: Processing request",
          "Environment: staging",
          "Cache miss for key-6576",
          "Checking out main branch",
          "Using Python 3.11",
          "  PASS: test_db_connect (480ms)",
          "Cache hit for key-5147",
          "Loading...",
          "npm install: added 461 packages",
          "Step 7/19: Linting",
          "npm notice: package.json updated",
          "Verifying...",
          "TLS handshake completed",
          "Layer 8/9: RUN command",
          "Artifact uploaded: dist.zip (52MB)",
          "[12:50:50] INFO: Starting build process",
          "Ran 54 tests in 26s",
          "TLS handshake completed",
          "FAILED: test_user_create",
          "[12:50:50] WARN: Deprecated API usage",
          "Step 12/15: Installing dependencies",
          "Already up to date.",
          "Installing webpack@4.19.3",
          "Fetching from https://amazonaws.com/package.json",
          "Ready.",
          "[12:50:50] WARN: Deprecated API usage",
          "npm notice: created a lockfile",
          "Environment: staging",
          "Completed.",
          "  PASS: unit/test_cache_hit.spec.js",
          "Success!",
          "[12:50:50] INFO: Processing request",
          "  PASS: integration/test_auth_login.spec.js",
          "yarn add: Done in 14.6s",
          "Artifact uploaded: build.tar.gz (18MB)",
          "Compiling utils/app.ts...",
          "Transforming 398 files...",
          "\u2713 All checks passed",
          "pip: Downloading eslint-4.19.tar.gz",
          "pip install: Successfully installed webpack-4.9",
          "POST /upload - 202 (326ms)",
          "Cache restored successfully (399MB)",
          "GET /status - 204 (11ms)",
          "Coverage: 70% statements, 78% branches",
          "Connection established",
          "Cache invalidated: build",
          "Time: 45.563s",
          "Step 20/15: Installing dependencies",
          "Verifying...",
          "yarn add: Done in 7.81s",
          "Using Node.js 20.15.9",
          "pip install: Successfully installed webpack-4.6",
          "TLS handshake completed",
          "Artifact downloaded: 13MB",
          "\u2713 Task completed in 3996ms",
          "Processing...",
          "Step 11/23: Running migrations",
          "Tests: 361 passed, 159 total",
          "Success!",
          "Processing...",
          "TLS handshake completed",
          "pip: Installing build dependencies...",
          "Checking out main branch",
          "Step 15/20: Linting",
          "Connection established",
          "Minifying app.js",
          "[12:50:50] DEBUG: Loading configuration",
          "Cache saved successfully",
          "yarn add: Done in 25.12s",
          "Compiling src/index.js...",
          "Time: 112.940s",
          "POST /data - 202 (32ms)",
          "Compiling utils/app.ts...",
          "Fetching submodules...",
          "pip: Installing build dependencies...",
          "[12:50:50] DEBUG: Query executed in 55ms",
          "Minifying app.js",
          "Building Docker image...",
          "[12:50:50] DEBUG: Loading configuration",
          "Cache hit for key-7049",
          "[12:50:50] DEBUG: Initializing service",
          "[12:50:50] INFO: Request completed",
          "Ready.",
          "Step 15/20: Building",
          "[12:50:50] DEBUG: Loading configuration",
          "pip: Collecting eslint",
          "\u2717 build failed with exit code 50",
          "WARNING: prettier has known vulnerabilities",
          "NODE_ENV=test",
          "[12:50:50] DEBUG: Query executed in 90ms",
          "Already up to date.",
          "Bundling main.js",
          "\u2713 All checks passed",
          "Step 8/16: Running migrations",
          "Compiling src/utils.go...",
          "Already up to date.",
          "npm notice: package.json updated",
          "Switched to branch 'hotfix/task-753'",
          "pip: Installing build dependencies...",
          "Step 10/18: Building",
          "Loading...",
          "Done.",
          "Cache miss for key-3343",
          "Success!",
          "  PASS: test_auth_login (251ms)",
          "Using Node.js 15.9.6",
          "Switched to branch 'bugfix/task-149'",
          "Step 11/16: Linting",
          "  PASS: unit/test_cache_hit.spec.js",
          "pip: Collecting express",
          "\u2713 Step 'test' succeeded",
          "[12:50:50] DEBUG: Initializing service",
          "npm install: resolved 140 packages",
          "Finished.",
          "Success!",
          "Optimizing 63 modules...",
          "\u2713 lint completed",
          "WARNING: lodash has known vulnerabilities",
          "Uploading artifact 'coverage' (17 files)",
          "OK",
          "Done.",
          "Ready.",
          "\u2713 Step 'test' succeeded",
          "[12:50:50] INFO: Processing request",
          "Ready.",
          "Completed.",
          "WARNING: webpack has known vulnerabilities",
          "[12:50:50] INFO: Starting build process",
          "FAILED: test_user_create",
          "[12:50:50] INFO: Cache refreshed",
          "Environment: production",
          "Test Suites: 11 passed, 15 total",
          "[12:50:50] INFO: Connecting to database",
          "Checking out main branch",
          "Snapshots: 22 passed, 15 total",
          "Step 15/17: Testing",
          "\u26a0 DEPRECATION: Feature will be removed in v4.0",
          "pip: Collecting prettier",
          "Fetching from https://githubusercontent.com/package.json",
          "Building Docker image...",
          "Artifact uploaded: dist.zip (36MB)",
          "Generating source maps...",
          "Creating production build...",
          "[12:50:50] INFO: Cache refreshed",
          "WARNING: react has known vulnerabilities",
          "WARNING: react has known vulnerabilities",
          "Artifact uploaded: build.tar.gz (40MB)",
          "Snapshots: 10 passed, 31 total",
          "WARNING: lodash has known vulnerabilities",
          "[12:50:50] DEBUG: Query executed in 2ms",
          "[12:50:50] DEBUG: Initializing service",
          "Step 3/16: Testing",
          "WARNING: jest has known vulnerabilities",
          "Done.",
          "Compiling utils/utils.go...",
          "TLS handshake completed",
          "Platform: win32-x64",
          "Step 8/22: Running migrations",
          "Already up to date.",
          "Compiling components/service.java...",
          "Minifying main.js",
          "Connection established",
          "Processing...",
          "pip: Installing build dependencies...",
          "Success!",
          "Compiling src/service.java...",
          "Step 7/21: Running migrations",
          "Bundling runtime.css",
          "=== Step upload_artifacts completed ==="
        ]
      },
      {
        "name": "install_dependencies",
        "status": "success",
        "started_at": "2025-11-27T12:53:34.089066",
        "finished_at": "2025-11-27T12:54:06.897450",
        "log_lines": [
          "=== Step: install_dependencies ===",
          "Step 7/23: Deploying",
          "[12:50:50] DEBUG: Query executed in 38ms",
          "Using Node.js 17.6.2",
          "\u2713 Task completed in 2875ms",
          "Pulling image: alpine:18",
          "\u2713 All checks passed",
          "[12:50:50] DEBUG: Initializing service",
          "Step 1/19: Linting",
          "\u2713 Task completed in 3169ms",
          "Artifact downloaded: 30MB",
          "POST /upload - 200 (307ms)",
          "WARNING: webpack has known vulnerabilities",
          "Completed.",
          "[12:50:50] ERROR: Connection failed",
          "OK",
          "yarn add: Done in 24.53s",
          "npm install: resolved 629 packages",
          "Snapshots: 26 passed, 12 total",
          "Completed.",
          "Step 2/15: Installing dependencies",
          "Cache miss for key-6835",
          "[12:50:50] DEBUG: Query executed in 28ms",
          "OK",
          "Step 6/23: Testing",
          "yarn add: Done in 21.99s",
          "Compiling components/handler.rs...",
          "NODE_ENV=development",
          "POST /upload - 201 (385ms)",
          "[12:50:50] ERROR: Connection failed",
          "Optimizing 30 modules...",
          "Generating source maps...",
          "FAILED: test_auth_login",
          "[12:50:50] DEBUG: Connection pool: 14 active",
          "Test Suites: 36 passed, 20 total",
          "Checking out master branch",
          "[12:50:50] INFO: Cache refreshed",
          "Generating source maps...",
          "Step 17/20: Testing",
          "Coverage: 95% statements, 62% branches",
          "WARNING: lodash has known vulnerabilities",
          "[12:50:50] DEBUG: Connection pool: 19 active",
          "[12:50:50] DEBUG: Query executed in 89ms",
          "  PASS: test_user_create (60ms)",
          "yarn add: Done in 30.28s",
          "Exception: NullPointerException",
          "pip: Downloading react-1.5.tar.gz",
          "WARNING: lodash has known vulnerabilities",
          "yarn add: Done in 4.86s",
          "[12:50:50] DEBUG: Memory usage: 781MB",
          "Artifact uploaded: dist.zip (88MB)",
          "Building Docker image...",
          "Creating production build...",
          "[12:50:50] ERROR: Connection failed",
          "Cache hit for key-5751",
          "\u26a0 DEPRECATION: Feature will be removed in v5.0",
          "Generating source maps...",
          "Fetching from https://githubusercontent.com/package.json",
          "\u2713 Step 'setup' succeeded",
          "[12:50:50] DEBUG: Memory usage: 535MB",
          "Optimizing 20 modules...",
          "Step 8/20: Building",
          "[12:50:50] WARN: Deprecated API usage",
          "Verifying...",
          "NODE_ENV=production",
          "Cache invalidated: node_modules",
          "Uploading artifact 'dist' (38 files)",
          "Creating production build...",
          "\u2713 validate completed",
          "Compiling utils/index.js...",
          "\u2717 build failed with exit code 40",
          "Coverage: 91% statements, 70% branches",
          "Compiling components/utils.go...",
          "pip: Downloading jest-1.5.tar.gz",
          "Installing react@1.7.4",
          "pip: Installing build dependencies...",
          "Step 16/21: Running migrations",
          "\u2717 build failed with exit code 41",
          "  PASS: test_cache_hit (39ms)",
          "pip: Installing build dependencies...",
          "npm install: resolved 421 packages",
          "Artifact uploaded: build.tar.gz (34MB)",
          "\u2713 Step 'build' succeeded",
          "GET /health - 200 (60ms)",
          "npm notice: package.json updated",
          "[12:50:50] ERROR: Connection failed",
          "Using Node.js 14.0.6",
          "Waiting...",
          "\u2713 validate completed",
          "Artifact downloaded: 24MB",
          "npm notice: package.json updated",
          "GET /api - 200 (72ms)",
          "Pulling image: python:3.11",
          "pip: Downloading express-5.13.tar.gz",
          "Finished.",
          "Success!",
          "[12:50:50] DEBUG: Memory usage: 857MB",
          "[12:50:50] INFO: Processing request",
          "Optimizing 64 modules...",
          "[12:50:50] DEBUG: Memory usage: 869MB",
          "Step 3/19: Building",
          "[12:50:50] INFO: Starting build process",
          "Compiling src/main.py...",
          "\u26a0 DEPRECATION: Feature will be removed in v2.0",
          "Step 5/18: Linting",
          "Uploading artifact 'dist' (6 files)",
          "Installing jest@5.11.3",
          "Compiling src/index.js...",
          "Building Docker image...",
          "npm install: resolved 653 packages",
          "WARNING: express has known vulnerabilities",
          "FAILED: test_user_create",
          "[12:50:50] WARN: Deprecated API usage",
          "Checking out main branch",
          "Optimizing 16 modules...",
          "Switched to branch 'hotfix/task-331'",
          "Cache hit for key-4836",
          "FAILED: test_db_connect",
          "Step 20/21: Deploying",
          "Time: 11.86s",
          "HEAD is now at dacbc14",
          "Pushing to registry...",
          "Cache hit for key-2728",
          "Already up to date.",
          "Cache invalidated: dependencies",
          "[12:50:50] ERROR: Connection failed",
          "npm notice: created a lockfile",
          "Loading...",
          "OK",
          "Cache hit for key-2001",
          "npm notice: created a lockfile",
          "Generating source maps...",
          "\u2713 Task completed in 2635ms",
          "Tests: 112 passed, 130 total",
          "Layer 10/11: RUN command",
          "Pushing to registry...",
          "pip: Downloading axios-5.7.tar.gz",
          "Artifact uploaded: build.tar.gz (33MB)",
          "Cache invalidated: node_modules",
          "Uploading artifact 'coverage' (48 files)",
          "Step 12/24: Building",
          "pip: Collecting prettier",
          "Verifying...",
          "[12:50:50] INFO: Starting build process",
          "[12:50:50] WARN: Deprecated API usage",
          "Cache saved successfully",
          "Cache saved successfully",
          "Completed.",
          "GET /status - 200 (15ms)",
          "Cache restored successfully (179MB)",
          "[12:50:50] WARN: Deprecated API usage",
          "pip install: Successfully installed lodash-5.16",
          "Optimizing 48 modules...",
          "\u26a0 DEPRECATION: Feature will be removed in v4.0",
          "Done.",
          "\u2713 Task completed in 4525ms",
          "Checking out master branch",
          "\u26a0 DEPRECATION: Feature will be removed in v2.0",
          "Verifying...",
          "[12:50:50] DEBUG: Initializing service",
          "  PASS: test_api_health (8ms)",
          "Using Python 3.11",
          "Artifact downloaded: 35MB",
          "GET /status - 201 (34ms)",
          "Ready.",
          "Transforming 717 files...",
          "Fetching submodules...",
          "Using Node.js 18.12.10",
          "[12:50:50] WARN: Deprecated API usage",
          "Step 3/22: Installing dependencies",
          "[12:50:50] DEBUG: Loading configuration",
          "Cache miss for key-4331",
          "Cache miss for key-2948",
          "npm notice: package.json updated",
          "Artifact downloaded: 47MB",
          "Time: 21.704s",
          "Uploading artifact 'coverage' (7 files)",
          "\u2713 lint completed",
          "Cache invalidated: dependencies",
          "\u2713 Task completed in 1031ms",
          "Switched to branch 'hotfix/task-856'",
          "Bundling styles.css",
          "[12:50:50] INFO: Cache refreshed",
          "Waiting...",
          "Compiling components/handler.rs...",
          "Compiling lib/main.py...",
          "Building Docker image...",
          "Cache invalidated: dependencies",
          "\u2717 build failed with exit code 100",
          "yarn add: Done in 9.89s",
          "Optimizing 62 modules...",
          "\u26a0 DEPRECATION: Feature will be removed in v3.0",
          "Compiling utils/utils.go...",
          "Ready.",
          "Optimizing 54 modules...",
          "Compiling utils/utils.go...",
          "Layer 10/14: ENV command",
          "Step 12/18: Linting",
          "Using Node.js 16.1.10",
          "Environment: production",
          "Environment: staging",
          "Step 8/17: Building",
          "=== Step install_dependencies completed ==="
        ]
      },
      {
        "name": "save_cache",
        "status": "success",
        "started_at": "2025-11-27T12:54:06.897450",
        "finished_at": "2025-11-27T12:54:13.459127",
        "log_lines": [
          "=== Step: save_cache ===",
          "Success!",
          "Installing jest@2.8.9",
          "Checking out main branch",
          "Ran 12 tests in 56s",
          "Artifact downloaded: 49MB",
          "Uploading artifact 'coverage' (5 files)",
          "Verifying...",
          "Transforming 795 files...",
          "Step 4/22: Installing dependencies",
          "Cache restored successfully (233MB)",
          "HEAD is now at be1d8b5",
          "Pushing to registry...",
          "NODE_ENV=test",
          "Coverage: 84% statements, 85% branches",
          "\u2713 Task completed in 2828ms",
          "\u2713 validate completed",
          "WARNING: react has known vulnerabilities",
          "FAILED: test_api_health",
          "TLS handshake completed",
          "TLS handshake completed",
          "FAILED: test_auth_login",
          "Compiling src/service.java...",
          "Layer 4/14: ENV command",
          "\u2713 Task completed in 1927ms",
          "[12:50:50] WARN: Deprecated API usage",
          "Artifact uploaded: build.tar.gz (13MB)",
          "Image pulled successfully",
          "Transforming 130 files...",
          "Waiting...",
          "\u26a0 DEPRECATION: Feature will be removed in v3.0",
          "  PASS: integration/test_db_connect.spec.js",
          "  PASS: integration/test_auth_login.spec.js",
          "  PASS: integration/test_cache_hit.spec.js",
          "Building Docker image...",
          "Step 20/22: Running migrations",
          "Switched to branch 'hotfix/task-196'",
          "[12:50:50] WARN: Deprecated API usage",
          "\u2713 Task completed in 2058ms",
          "Generating source maps...",
          "[12:50:50] ERROR: Connection failed",
          "[12:50:50] INFO: Cache refreshed",
          "[12:50:50] INFO: Request completed",
          "[12:50:50] INFO: Request completed",
          "[12:50:50] INFO: Connecting to database",
          "GET /api - 200 (96ms)",
          "Minifying main.js",
          "Completed.",
          "pip install: Successfully installed eslint-2.13",
          "Step 10/18: Testing",
          "[12:50:50] INFO: Cache refreshed",
          "Verifying...",
          "Artifact uploaded: build.tar.gz (41MB)",
          "Waiting...",
          "[12:50:50] WARN: Deprecated API usage",
          "Connection established",
          "Coverage: 100% statements, 95% branches",
          "[12:50:50] DEBUG: Connection pool: 14 active",
          "Tests: 194 passed, 306 total",
          "Optimizing 14 modules...",
          "Cache saved successfully",
          "Step 4/20: Running migrations",
          "Using Node.js 15.2.5",
          "npm install: resolved 1796 packages",
          "NODE_ENV=test",
          "[12:50:50] DEBUG: Query executed in 9ms",
          "yarn add: Done in 16.79s",
          "[12:50:50] INFO: Processing request",
          "Completed.",
          "pip: Collecting jest",
          "Installing jest@1.19.4",
          "Fetching submodules...",
          "Cache miss for key-9254",
          "[12:50:50] DEBUG: Connection pool: 14 active",
          "Compiling utils/app.ts...",
          "Cache miss for key-1763",
          "Test Suites: 13 passed, 23 total",
          "POST /data - 202 (485ms)",
          "HEAD is now at 14b160a",
          "Coverage: 100% statements, 97% branches",
          "Snapshots: 11 passed, 29 total",
          "Exception: ValueError",
          "pip: Collecting react",
          "Compiling components/main.py...",
          "Finished.",
          "Checking out develop branch",
          "Ready.",
          "TLS handshake completed",
          "npm install: resolved 548 packages",
          "[12:50:50] DEBUG: Initializing service",
          "Optimizing 15 modules...",
          "npm notice: created a lockfile",
          "[12:50:50] ERROR: Connection failed",
          "NODE_ENV=development",
          "Artifact downloaded: 21MB",
          "npm install: added 438 packages",
          "Cache invalidated: node_modules",
          "Compiling components/index.js...",
          "Fetching submodules...",
          "Snapshots: 19 passed, 45 total",
          "Cache restored successfully (193MB)",
          "Optimizing 53 modules...",
          "pip: Collecting webpack",
          "Cache hit for key-1768",
          "Transforming 480 files...",
          "HEAD is now at bf2f3e3",
          "Cache restored successfully (36MB)",
          "Checking out main branch",
          "Snapshots: 50 passed, 7 total",
          "Platform: linux-x64",
          "Loading...",
          "\u2713 package completed",
          "pip: Downloading axios-5.11.tar.gz",
          "Building Docker image...",
          "Using Node.js 18.17.9",
          "\u26a0 DEPRECATION: Feature will be removed in v4.0",
          "Artifact uploaded: build.tar.gz (22MB)",
          "Connection established",
          "NODE_ENV=test",
          "yarn add: Done in 26.76s",
          "[12:50:50] INFO: Cache refreshed",
          "\u2713 build completed",
          "Pushing to registry...",
          "\u2713 package completed",
          "[12:50:50] WARN: Deprecated API usage",
          "npm install: added 334 packages",
          "Platform: darwin-arm64",
          "Step 2/22: Running migrations",
          "Minifying vendor.js",
          "Fetching submodules...",
          "pip: Installing build dependencies...",
          "Using Python 3.12",
          "Waiting...",
          "Tests: 300 passed, 261 total",
          "Pushing to registry...",
          "Success!",
          "Using Node.js 15.19.4",
          "Transforming 810 files...",
          "  PASS: test_cache_hit (296ms)",
          "Optimizing 94 modules...",
          "Platform: linux-x64",
          "[12:50:50] INFO: Starting build process",
          "Step 18/19: Building",
          "Compiling utils/index.js...",
          "OK",
          "Success!",
          "[12:50:50] DEBUG: Connection pool: 4 active",
          "\u2713 All checks passed",
          "Done.",
          "\u2713 All checks passed",
          "NODE_ENV=development",
          "[12:50:50] DEBUG: Loading configuration",
          "Switched to branch 'hotfix/task-974'",
          "Image pulled successfully",
          "Using Node.js 17.15.0",
          "Uploading artifact 'dist' (21 files)",
          "\u2717 build failed with exit code 64",
          "Image pulled successfully",
          "Layer 3/12: RUN command",
          "Ready.",
          "Building Docker image...",
          "\u2713 deploy completed",
          "[12:50:50] DEBUG: Loading configuration",
          "Fetching submodules...",
          "Exception: NullPointerException",
          "\u26a0 DEPRECATION: Feature will be removed in v3.0",
          "npm install: resolved 1144 packages",
          "Cache hit for key-7584",
          "Using Node.js 20.17.9",
          "Image pulled successfully",
          "[12:50:50] ERROR: Connection failed",
          "[12:50:50] DEBUG: Loading configuration",
          "Uploading artifact 'build' (49 files)",
          "Finished.",
          "npm install: added 21 packages",
          "Compiling components/handler.rs...",
          "Connection established",
          "[12:50:50] DEBUG: Memory usage: 604MB",
          "Cache miss for key-1830",
          "Step 7/23: Building",
          "Finished.",
          "Verifying...",
          "HEAD is now at 3842104",
          "yarn add: Done in 17.83s",
          "Connection established",
          "npm notice: package.json updated",
          "OK",
          "Coverage: 82% statements, 71% branches",
          "Building Docker image...",
          "Creating production build...",
          "\u26a0 DEPRECATION: Feature will be removed in v5.0",
          "Cache invalidated: node_modules",
          "Pushing to registry...",
          "Fetching submodules...",
          "Transforming 213 files...",
          "Tests: 174 passed, 352 total",
          "Done.",
          "Image pulled successfully",
          "Waiting...",
          "\u26a0 DEPRECATION: Feature will be removed in v2.0",
          "npm notice: package.json updated",
          "Step 7/20: Running migrations",
          "=== Step save_cache completed ==="
        ]
      },
      {
        "name": "deploy_production",
        "status": "success",
        "started_at": "2025-11-27T12:54:13.459127",
        "finished_at": "2025-11-27T12:54:17.833578",
        "log_lines": [
          "=== Step: deploy_production ===",
          "GET /health - 200 (34ms)",
          "Finished.",
          "Transforming 151 files...",
          "Compiling utils/main.py...",
          "npm notice: created a lockfile",
          "Compiling src/main.py...",
          "[12:50:50] DEBUG: Loading configuration",
          "WARNING: webpack has known vulnerabilities",
          "Platform: linux-x64",
          "Pushing to registry...",
          "  PASS: unit/test_user_create.spec.js",
          "[12:50:50] WARN: Deprecated API usage",
          "Finished.",
          "\u2713 Task completed in 2379ms",
          "Cache invalidated: dependencies",
          "[12:50:50] DEBUG: Connection pool: 16 active",
          "GET /status - 204 (64ms)",
          "Step 14/25: Building",
          "Artifact downloaded: 46MB",
          "pip: Downloading axios-5.3.tar.gz",
          "Pulling image: python:3.11",
          "Compiling components/service.java...",
          "Artifact uploaded: build.tar.gz (19MB)",
          "Waiting...",
          "Transforming 945 files...",
          "Waiting...",
          "Cache miss for key-7994",
          "Installing axios@2.2.2",
          "Already up to date.",
          "Using Node.js 14.10.10",
          "Layer 7/11: ENV command",
          "GET /api - 201 (40ms)",
          "NODE_ENV=production",
          "[12:50:50] DEBUG: Loading configuration",
          "Compiling utils/handler.rs...",
          "[12:50:50] INFO: Cache refreshed",
          "Environment: development",
          "pip: Installing build dependencies...",
          "Loading...",
          "Installing express@5.18.6",
          "Finished.",
          "\u2717 build failed with exit code 59",
          "Time: 75.974s",
          "Completed.",
          "Cache restored successfully (121MB)",
          "npm notice: package.json updated",
          "HEAD is now at e707674",
          "Done.",
          "[12:50:50] WARN: Deprecated API usage",
          "\u2713 package completed",
          "Installing axios@1.20.6",
          "Bundling runtime.js",
          "Creating production build...",
          "Cache miss for key-4204",
          "Loading...",
          "Snapshots: 10 passed, 36 total",
          "NODE_ENV=test",
          "Switched to branch 'hotfix/task-923'",
          "TLS handshake completed",
          "Layer 5/14: COPY command",
          "Uploading artifact 'coverage' (26 files)",
          "pip: Installing build dependencies...",
          "Coverage: 91% statements, 75% branches",
          "\u2713 Task completed in 1747ms",
          "pip: Installing build dependencies...",
          "pip: Collecting webpack",
          "Completed.",
          "Minifying vendor.js",
          "Cache restored successfully (361MB)",
          "WARNING: eslint has known vulnerabilities",
          "\u2713 Task completed in 430ms",
          "npm install: resolved 1936 packages",
          "Compiling src/main.py...",
          "npm install: added 211 packages",
          "Artifact uploaded: dist.zip (53MB)",
          "[12:50:50] DEBUG: Loading configuration",
          "TLS handshake completed",
          "npm install: resolved 544 packages",
          "\u26a0 DEPRECATION: Feature will be removed in v3.0",
          "WARNING: express has known vulnerabilities",
          "\u2713 Task completed in 2111ms",
          "npm notice: created a lockfile",
          "OK",
          "Cache hit for key-2183",
          "[12:50:50] WARN: Deprecated API usage",
          "Success!",
          "Exception: RuntimeError",
          "Fetching from https://registry.npmjs.org/package.json",
          "Pushing to registry...",
          "Uploading artifact 'build' (28 files)",
          "Switched to branch 'hotfix/task-544'",
          "Compiling lib/service.java...",
          "  PASS: test_cache_hit (7ms)",
          "Compiling lib/utils.go...",
          "Cache invalidated: dependencies",
          "Cache invalidated: dependencies",
          "[12:50:50] ERROR: Connection failed",
          "[12:50:50] DEBUG: Connection pool: 13 active",
          "Snapshots: 24 passed, 50 total",
          "WARNING: express has known vulnerabilities",
          "Compiling components/main.py...",
          "Verifying...",
          "Finished.",
          "Compiling lib/handler.rs...",
          "Using Python 3.12",
          "Building Docker image...",
          "Image pulled successfully",
          "Bundling main.js",
          "HEAD is now at eb25063",
          "\u2717 build failed with exit code 45",
          "Snapshots: 46 passed, 24 total",
          "Generating source maps...",
          "[12:50:50] INFO: Processing request",
          "Image pulled successfully",
          "GET /api - 200 (28ms)",
          "Artifact uploaded: build.tar.gz (22MB)",
          "\u26a0 DEPRECATION: Feature will be removed in v5.0",
          "npm notice: created a lockfile",
          "pip: Installing build dependencies...",
          "pip: Installing build dependencies...",
          "Pushing to registry...",
          "[12:50:50] DEBUG: Connection pool: 11 active",
          "[12:50:50] DEBUG: Loading configuration",
          "Compiling utils/utils.go...",
          "Completed.",
          "WARNING: lodash has known vulnerabilities",
          "Uploading artifact 'coverage' (49 files)",
          "npm notice: created a lockfile",
          "POST /data - 200 (402ms)",
          "Verifying...",
          "\u2713 Task completed in 1347ms",
          "pip: Downloading jest-2.20.tar.gz",
          "Completed.",
          "Done.",
          "\u2713 Step 'build' succeeded",
          "\u2713 Task completed in 1292ms",
          "\u2713 Step 'build' succeeded",
          "[12:50:50] INFO: Processing request",
          "[12:50:50] INFO: Connecting to database",
          "OK",
          "\u2713 build completed",
          "Connection established",
          "Step 6/23: Linting",
          "Cache restored successfully (360MB)",
          "Compiling components/main.py...",
          "NODE_ENV=test",
          "Step 20/21: Deploying",
          "WARNING: axios has known vulnerabilities",
          "Done.",
          "Step 19/21: Deploying",
          "Transforming 932 files...",
          "NODE_ENV=development",
          "[12:50:50] INFO: Connecting to database",
          "Ran 171 tests in 28s",
          "Artifact uploaded: dist.zip (76MB)",
          "Test Suites: 37 passed, 21 total",
          "Step 10/23: Deploying",
          "Waiting...",
          "GET /status - 204 (55ms)",
          "WARNING: react has known vulnerabilities",
          "Layer 2/14: COPY command",
          "Waiting...",
          "Fetching from https://docker.io/package.json",
          "Step 6/18: Running migrations",
          "[12:50:50] DEBUG: Connection pool: 11 active",
          "npm notice: package.json updated",
          "Ran 197 tests in 37s",
          "Time: 51.665s",
          "\u2713 Task completed in 4851ms",
          "\u26a0 DEPRECATION: Feature will be removed in v2.0",
          "[12:50:50] INFO: Processing request",
          "Image pulled successfully",
          "[12:50:50] WARN: Deprecated API usage",
          "npm notice: created a lockfile",
          "pip: Collecting lodash",
          "[12:50:50] INFO: Starting build process",
          "Coverage: 78% statements, 69% branches",
          "OK",
          "\u26a0 DEPRECATION: Feature will be removed in v5.0",
          "pip: Collecting react",
          "npm install: added 58 packages",
          "Cache miss for key-4279",
          "Coverage: 73% statements, 75% branches",
          "Using Node.js 15.14.7",
          "Snapshots: 18 passed, 48 total",
          "Loading...",
          "FAILED: test_user_create",
          "Already up to date.",
          "\u2713 Task completed in 273ms",
          "Test Suites: 5 passed, 41 total",
          "Success!",
          "Snapshots: 31 passed, 11 total",
          "WARNING: webpack has known vulnerabilities",
          "TLS handshake completed",
          "Artifact uploaded: dist.zip (70MB)",
          "[12:50:50] WARN: Deprecated API usage",
          "Coverage: 79% statements, 99% branches",
          "[12:50:50] DEBUG: Memory usage: 1930MB",
          "OK",
          "Compiling utils/index.js...",
          "Exception: TypeError",
          "=== Step deploy_production completed ==="
        ]
      },
      {
        "name": "deploy_staging",
        "status": "success",
        "started_at": "2025-11-27T12:54:17.833578",
        "finished_at": "2025-11-27T12:54:28.769706",
        "log_lines": [
          "=== Step: deploy_staging ===",
          "Ran 27 tests in 53s",
          "Switched to branch 'hotfix/task-827'",
          "Generating source maps...",
          "TLS handshake completed",
          "Minifying main.js",
          "pip install: Successfully installed axios-5.5",
          "\u2713 All checks passed",
          "Compiling components/utils.go...",
          "WARNING: webpack has known vulnerabilities",
          "Step 8/24: Installing dependencies",
          "Uploading artifact 'build' (12 files)",
          "Exception: ValueError",
          "[12:50:50] WARN: Deprecated API usage",
          "pip: Installing build dependencies...",
          "[12:50:50] WARN: Deprecated API usage",
          "Ran 102 tests in 32s",
          "Snapshots: 31 passed, 33 total",
          "\u2713 Step 'checkout' succeeded",
          "\u26a0 DEPRECATION: Feature will be removed in v2.0",
          "Done.",
          "Step 9/19: Linting",
          "Using Python 3.12",
          "Time: 50.168s",
          "Finished.",
          "Pulling image: alpine:3.11",
          "Exception: NullPointerException",
          "Uploading artifact 'build' (2 files)",
          "[12:50:50] DEBUG: Connection pool: 17 active",
          "Compiling src/handler.rs...",
          "Exception: ValueError",
          "Pushing to registry...",
          "Coverage: 99% statements, 62% branches",
          "Done.",
          "WARNING: prettier has known vulnerabilities",
          "[12:50:50] WARN: Deprecated API usage",
          "Waiting...",
          "Loading...",
          "Test Suites: 46 passed, 23 total",
          "Step 8/22: Linting",
          "Optimizing 41 modules...",
          "Step 11/21: Testing",
          "Cache miss for key-8449",
          "Step 15/22: Linting",
          "Already up to date.",
          "Fetching from https://pypi.org/package.json",
          "npm notice: package.json updated",
          "Checking out master branch",
          "Connection established",
          "\u2713 build completed",
          "Cache restored successfully (161MB)",
          "Installing axios@2.0.6",
          "Step 14/21: Deploying",
          "pip: Installing build dependencies...",
          "WARNING: lodash has known vulnerabilities",
          "FAILED: test_auth_login",
          "Bundling styles.js",
          "Time: 13.131s",
          "Cache hit for key-6697",
          "Step 16/20: Deploying",
          "pip install: Successfully installed prettier-2.19",
          "Step 3/25: Installing dependencies",
          "Compiling components/app.ts...",
          "\u2713 Step 'test' succeeded",
          "Waiting...",
          "Waiting...",
          "[12:50:50] INFO: Processing request",
          "Bundling vendor.js",
          "[12:50:50] DEBUG: Initializing service",
          "Minifying app.js",
          "Step 18/20: Running migrations",
          "Step 19/24: Running migrations",
          "Minifying vendor.js",
          "Cache miss for key-4056",
          "Switched to branch 'bugfix/task-346'",
          "[12:50:50] WARN: Deprecated API usage",
          "Platform: linux-x64",
          "Fetching from https://githubusercontent.com/package.json",
          "Loading...",
          "npm install: resolved 1772 packages",
          "Step 1/22: Running migrations",
          "pip: Downloading lodash-2.16.tar.gz",
          "\u2713 Task completed in 2761ms",
          "Step 3/25: Testing",
          "pip: Collecting express",
          "POST /api - 200 (472ms)",
          "Generating source maps...",
          "WARNING: lodash has known vulnerabilities",
          "Step 20/16: Running migrations",
          "TLS handshake completed",
          "Cache invalidated: node_modules",
          "pip: Downloading axios-4.5.tar.gz",
          "pip install: Successfully installed webpack-5.10",
          "Artifact downloaded: 37MB",
          "Uploading artifact 'build' (6 files)",
          "Compiling utils/index.js...",
          "\u2713 build completed",
          "Ran 25 tests in 53s",
          "Checking out develop branch",
          "\u2713 Step 'install' succeeded",
          "Cache saved successfully",
          "WARNING: webpack has known vulnerabilities",
          "Time: 91.906s",
          "Installing prettier@4.1.10",
          "\u2713 All checks passed",
          "Coverage: 92% statements, 84% branches",
          "Environment: production",
          "Using Python 3.12",
          "[12:50:50] DEBUG: Query executed in 74ms",
          "npm install: added 356 packages",
          "Compiling src/index.js...",
          "Step 13/19: Installing dependencies",
          "[12:50:50] WARN: Deprecated API usage",
          "  PASS: test_user_create (286ms)",
          "[12:50:50] INFO: Starting build process",
          "\u26a0 DEPRECATION: Feature will be removed in v3.0",
          "Completed.",
          "Ready.",
          "WARNING: axios has known vulnerabilities",
          "\u26a0 DEPRECATION: Feature will be removed in v2.0",
          "Done.",
          "[12:50:50] DEBUG: Initializing service",
          "Ready.",
          "Finished.",
          "pip: Installing build dependencies...",
          "Cache invalidated: dependencies",
          "Step 13/18: Running migrations",
          "Fetching submodules...",
          "Waiting...",
          "npm install: added 304 packages",
          "\u26a0 DEPRECATION: Feature will be removed in v4.0",
          "Compiling components/main.py...",
          "[12:50:50] WARN: Deprecated API usage",
          "[12:50:50] INFO: Starting build process",
          "Compiling utils/handler.rs...",
          "Ran 21 tests in 32s",
          "Time: 86.221s",
          "npm install: added 298 packages",
          "Compiling src/app.ts...",
          "Cache miss for key-8076",
          "Completed.",
          "Pulling image: alpine:latest",
          "Compiling lib/utils.go...",
          "FAILED: test_auth_login",
          "[12:50:50] INFO: Starting build process",
          "[12:50:50] DEBUG: Connection pool: 15 active",
          "\u2713 Task completed in 520ms",
          "[12:50:50] WARN: Deprecated API usage",
          "Creating production build...",
          "\u26a0 DEPRECATION: Feature will be removed in v3.0",
          "Artifact uploaded: dist.zip (34MB)",
          "Cache restored successfully (236MB)",
          "[12:50:50] WARN: Deprecated API usage",
          "Step 10/22: Installing dependencies",
          "[12:50:50] DEBUG: Query executed in 15ms",
          "  PASS: e2e/test_db_connect.spec.js",
          "Uploading artifact 'build' (43 files)",
          "Already up to date.",
          "Creating production build...",
          "\u2717 build failed with exit code 119",
          "\u2713 Step 'build' succeeded",
          "Minifying vendor.js",
          "Using Node.js 15.4.9",
          "Already up to date.",
          "npm install: resolved 463 packages",
          "Compiling utils/utils.go...",
          "\u26a0 DEPRECATION: Feature will be removed in v2.0",
          "Processing...",
          "\u2713 Task completed in 2333ms",
          "Step 20/18: Testing",
          "Already up to date.",
          "Compiling utils/main.py...",
          "Uploading artifact 'dist' (47 files)",
          "[12:50:50] DEBUG: Initializing service",
          "Using Node.js 20.5.8",
          "[12:50:50] INFO: Cache refreshed",
          "yarn add: Done in 25.65s",
          "Compiling utils/app.ts...",
          "Artifact uploaded: dist.zip (28MB)",
          "[12:50:50] DEBUG: Connection pool: 14 active",
          "[12:50:50] WARN: Deprecated API usage",
          "Environment: test",
          "\u26a0 DEPRECATION: Feature will be removed in v4.0",
          "Step 14/15: Testing",
          "\u26a0 DEPRECATION: Feature will be removed in v5.0",
          "Layer 6/10: RUN command",
          "[12:50:50] INFO: Processing request",
          "HEAD is now at c47355a",
          "\u2713 All checks passed",
          "Step 13/21: Installing dependencies",
          "Snapshots: 33 passed, 8 total",
          "Artifact uploaded: build.tar.gz (29MB)",
          "Switched to branch 'feature/task-447'",
          "yarn add: Done in 2.60s",
          "Minifying main.js",
          "Done.",
          "Waiting...",
          "Minifying vendor.js",
          "Ran 59 tests in 11s",
          "Uploading artifact 'dist' (16 files)",
          "Fetching from https://docker.io/package.json",
          "Image pulled successfully",
          "=== Step deploy_staging completed ==="
        ]
      }
    ],
    "label": "normal"
  }
}