{
  "action": "completed",
  "workflow_run": {
    "id": 865,
    "name": "CI Pipeline",
    "head_branch": "main",
    "head_sha": "83c17c879cb501b718a286b13a2de8936d42bdd6",
    "status": "completed",
    "conclusion": "success",
    "run_started_at": "2025-12-19T12:52:24.302103Z",
    "updated_at": "2025-12-19T12:55:46.339342Z"
  },
  "repository": {
    "full_name": "startup-io/auth-service",
    "name": "auth-service"
  },
  "sender": {
    "login": "charlie"
  },
  "_safeops_extended": {
    "raw_logs": "=== Step: lint ===\n[12:52:24] DEBUG: Initializing service\n  PASS: test_db_connect (139ms)\nHEAD is now at 52cce09\nnpm notice: created a lockfile\nFinished.\nCache restored successfully (481MB)\n[12:52:24] INFO: Request completed\nLayer 7/13: RUN command\nCache invalidated: dependencies\npip install: Successfully installed axios-5.16\nUploading artifact 'build' (1 files)\npip: Installing build dependencies...\nCompiling lib/utils.go...\nAlready up to date.\nSwitched to branch 'hotfix/task-434'\nImage pulled successfully\nLayer 1/8: COPY command\nPlatform: linux-x64\nWARNING: webpack has known vulnerabilities\n  PASS: test_api_health (362ms)\npip: Installing build dependencies...\nChecking out develop branch\npip: Installing build dependencies...\nFinished.\nBuilding Docker image...\nRan 31 tests in 24s\n[12:52:24] DEBUG: Loading configuration\n\u2713 Step 'checkout' succeeded\nStep 7/22: Deploying\nAlready up to date.\nnpm notice: created a lockfile\nChecking out main branch\nFetching submodules...\n[12:52:24] WARN: Deprecated API usage\nStep 13/17: Testing\nBuilding Docker image...\n\u26a0 DEPRECATION: Feature will be removed in v3.0\nFAILED: test_api_health\n\u26a0 DEPRECATION: Feature will be removed in v4.0\nStep 14/20: Building\nVerifying...\nOptimizing 75 modules...\nOptimizing 93 modules...\nStep 2/24: Linting\n[12:52:24] INFO: Starting build process\nCompiling components/handler.rs...\nImage pulled successfully\nnpm install: added 37 packages\nInstalling express@1.13.3\npip: Downloading axios-3.8.tar.gz\nEnvironment: test\nCoverage: 87% statements, 74% branches\n[12:52:24] WARN: Deprecated API usage\nReady.\n[12:52:24] DEBUG: Loading configuration\nCache restored successfully (145MB)\n[12:52:24] WARN: Deprecated API usage\nCache miss for key-1861\npip: Downloading axios-4.2.tar.gz\nCoverage: 86% statements, 76% branches\nArtifact uploaded: dist.zip (20MB)\nNODE_ENV=development\n  PASS: test_db_connect (45ms)\nyarn add: Done in 18.76s\nCoverage: 80% statements, 61% branches\nProcessing...\nStep 17/20: Deploying\nCompiling src/utils.go...\nReady.\nException: ValueError\n[12:52:24] INFO: Processing request\nStep 18/16: Linting\nnpm notice: created a lockfile\nTransforming 643 files...\n[12:52:24] ERROR: Connection failed\nBuilding Docker image...\npip: Installing build dependencies...\n[12:52:24] DEBUG: Initializing service\nCache miss for key-2200\nCompiling lib/index.js...\nWARNING: webpack has known vulnerabilities\nCache saved successfully\n[12:52:24] WARN: Deprecated API usage\n[12:52:24] DEBUG: Initializing service\nStep 9/20: Deploying\nTLS handshake completed\nFinished.\nException: NullPointerException\nInstalling react@4.1.8\nImage pulled successfully\nStep 1/18: Running migrations\n  PASS: e2e/test_auth_login.spec.js\nCompiling lib/utils.go...\n\u2713 lint completed\n\u26a0 DEPRECATION: Feature will be removed in v5.0\nSwitched to branch 'feature/task-357'\n[12:52:24] DEBUG: Memory usage: 422MB\nDone.\n[12:52:24] WARN: Deprecated API usage\nTransforming 913 files...\nPOST /api - 202 (447ms)\npip: Collecting jest\nException: ValueError\npip install: Successfully installed jest-1.13\nTransforming 409 files...\npip install: Successfully installed react-5.0\nOptimizing 18 modules...\nException: TypeError\nCache restored successfully (298MB)\nnpm notice: package.json updated\nCache invalidated: build\nCache invalidated: build\nnpm install: resolved 1802 packages\nHEAD is now at be0446c\nArtifact uploaded: build.tar.gz (42MB)\nTransforming 685 files...\nRan 179 tests in 36s\nCreating production build...\n[12:52:24] INFO: Starting build process\nNODE_ENV=production\nCompiling lib/service.java...\nCompiling lib/main.py...\n[12:52:24] INFO: Connecting to database\nStep 10/25: Running migrations\nConnection established\nRan 137 tests in 6s\nOK\n[12:52:24] WARN: Deprecated API usage\n  PASS: integration/test_api_health.spec.js\nException: ValueError\n[12:52:24] WARN: Deprecated API usage\nFetching from https://amazonaws.com/package.json\nFAILED: test_api_health\nWARNING: express has known vulnerabilities\nArtifact downloaded: 35MB\nUploading artifact 'coverage' (25 files)\nArtifact downloaded: 29MB\nTransforming 831 files...\nGenerating source maps...\nFetching submodules...\nCompiling utils/handler.rs...\nArtifact uploaded: build.tar.gz (15MB)\nWaiting...\nLoading...\nCompiling src/app.ts...\nGET /health - 204 (77ms)\nPushing to registry...\n  PASS: unit/test_auth_login.spec.js\n[12:52:24] WARN: Deprecated API usage\npip: Downloading jest-5.9.tar.gz\nTransforming 662 files...\nnpm install: resolved 309 packages\nSwitched to branch 'bugfix/task-365'\nEnvironment: production\nArtifact uploaded: build.tar.gz (3MB)\nPOST /api - 200 (352ms)\nCache hit for key-8218\nCreating production build...\nStep 1/16: Deploying\nMinifying app.js\nStep 5/16: Building\nArtifact downloaded: 9MB\n[12:52:24] WARN: Deprecated API usage\nArtifact downloaded: 8MB\nStep 1/21: Deploying\nCompiling lib/handler.rs...\nWARNING: prettier has known vulnerabilities\n\u2713 All checks passed\nSuccess!\nChecking out main branch\nSwitched to branch 'bugfix/task-854'\nFetching from https://googleapis.com/package.json\n\u2713 Step 'setup' succeeded\n[12:52:24] INFO: Cache refreshed\nTests: 71 passed, 125 total\n[12:52:24] INFO: Processing request\nCompiling src/main.py...\n[12:52:24] DEBUG: Query executed in 47ms\nMinifying main.js\nyarn add: Done in 29.58s\nSwitched to branch 'hotfix/task-158'\nReady.\nUploading artifact 'dist' (40 files)\nOptimizing 54 modules...\n\u2713 Step 'build' succeeded\nTest Suites: 37 passed, 10 total\nCache miss for key-7740\nWARNING: axios has known vulnerabilities\n\u2713 Step 'setup' succeeded\n  PASS: unit/test_api_health.spec.js\n[12:52:24] DEBUG: Initializing service\nStep 10/23: Linting\n\u26a0 DEPRECATION: Feature will be removed in v5.0\nSuccess!\n\u2713 lint completed\nUploading artifact 'coverage' (42 files)\nProcessing...\n[12:52:24] INFO: Connecting to database\n[12:52:24] INFO: Processing request\nUploading artifact 'coverage' (43 files)\nTransforming 722 files...\nMinifying main.js\nStep 15/21: Testing\nStep 7/15: Deploying\nnpm notice: created a lockfile\nCreating production build...\nCache invalidated: build\nCompiling src/app.ts...\nCache saved successfully\nArtifact downloaded: 25MB\nSuccess!\nStep 10/17: Building\nStep 10/19: Linting\nException: RuntimeError\nOK\nStep 12/18: Building\nGenerating source maps...\nFetching submodules...\nUsing Python 3.10\nNODE_ENV=development\n\u26a0 DEPRECATION: Feature will be removed in v5.0\nTime: 91.257s\n\u26a0 DEPRECATION: Feature will be removed in v3.0\n\u2713 All checks passed\nTime: 31.591s\nCreating production build...\n[12:52:24] DEBUG: Connection pool: 9 active\npip: Installing build dependencies...\nFetching submodules...\nnpm install: resolved 1665 packages\n\u2713 Step 'install' succeeded\nSuccess!\n  PASS: test_api_health (159ms)\nAlready up to date.\npip: Collecting express\n[12:52:24] DEBUG: Initializing service\n\u26a0 DEPRECATION: Feature will be removed in v3.0\n\u26a0 DEPRECATION: Feature will be removed in v2.0\nFinished.\n[12:52:24] INFO: Request completed\nGenerating source maps...\nArtifact uploaded: dist.zip (8MB)\nCache restored successfully (489MB)\n\u2717 build failed with exit code 53\n[12:52:24] DEBUG: Query executed in 92ms\nCache miss for key-9976\nPushing to registry...\nLoading...\n[12:52:24] DEBUG: Initializing service\nCache restored successfully (76MB)\nFetching submodules...\npip: Installing build dependencies...\nSwitched to branch 'hotfix/task-827'\n\u2713 All checks passed\n[12:52:24] DEBUG: Memory usage: 223MB\nConnection established\nOK\nSwitched to branch 'bugfix/task-105'\n\u2713 Step 'setup' succeeded\nFetching from https://pypi.org/package.json\npip: Downloading axios-2.17.tar.gz\n=== Step lint completed ===\n=== Step: upload_artifacts ===\nImage pulled successfully\n\u2717 build failed with exit code 113\nStep 8/22: Running migrations\nCompleted.\nFinished.\nCache invalidated: node_modules\n[12:52:24] DEBUG: Loading configuration\n\u2717 build failed with exit code 96\nnpm install: resolved 1360 packages\nDone.\n  PASS: e2e/test_cache_hit.spec.js\nChecking out develop branch\n[12:52:24] INFO: Connecting to database\nWARNING: webpack has known vulnerabilities\n\u26a0 DEPRECATION: Feature will be removed in v5.0\nCompiling src/main.py...\n[12:52:24] WARN: Deprecated API usage\npip: Installing build dependencies...\nChecking out master branch\nInstalling lodash@4.9.10\nnpm notice: created a lockfile\nPOST /upload - 201 (242ms)\nConnection established\n  PASS: test_auth_login (245ms)\nConnection established\nEnvironment: development\nSuccess!\nNODE_ENV=development\nCache hit for key-5826\npip: Installing build dependencies...\nUploading artifact 'build' (47 files)\n\u2717 build failed with exit code 118\n\u2713 Task completed in 1537ms\nFetching from https://googleapis.com/package.json\nPlatform: win32-x64\nFAILED: test_user_create\nPushing to registry...\nStep 12/24: Building\nUsing Node.js 15.14.10\nWaiting...\nWaiting...\nnpm install: added 349 packages\nStep 14/15: Deploying\npip: Installing build dependencies...\nEnvironment: test\n[12:52:24] ERROR: Connection failed\n[12:52:24] DEBUG: Initializing service\n[12:52:24] WARN: Deprecated API usage\nCompiling utils/handler.rs...\npip: Collecting axios\nCache restored successfully (250MB)\nSwitched to branch 'feature/task-719'\nFetching submodules...\nOK\nAlready up to date.\nVerifying...\nSnapshots: 31 passed, 39 total\nDone.\nUsing Python 3.9\nSuccess!\nWARNING: eslint has known vulnerabilities\n[12:52:24] WARN: Deprecated API usage\nLoading...\nInstalling eslint@1.10.10\nCreating production build...\nStep 9/25: Testing\nLoading...\nDone.\nStep 13/18: Testing\nTests: 181 passed, 374 total\nSuccess!\n  PASS: e2e/test_db_connect.spec.js\nLoading...\nPushing to registry...\nImage pulled successfully\nPulling image: alpine:latest\nPOST /upload - 202 (362ms)\nLayer 9/9: COPY command\nConnection established\n\u2713 Step 'checkout' succeeded\nGenerating source maps...\nArtifact downloaded: 42MB\n\u2713 Task completed in 4193ms\nReady.\npip: Installing build dependencies...\nStep 4/19: Installing dependencies\nSuccess!\nEnvironment: test\nProcessing...\nPlatform: linux-x64\n[12:52:24] DEBUG: Loading configuration\nCache miss for key-7566\n[12:52:24] WARN: Deprecated API usage\nTLS handshake completed\nCache saved successfully\nAlready up to date.\n\u2713 Step 'checkout' succeeded\nInstalling express@2.1.0\nPOST /api - 202 (25ms)\nStep 1/20: Installing dependencies\nLoading...\nFetching submodules...\n\u2713 All checks passed\nnpm notice: package.json updated\n\u26a0 DEPRECATION: Feature will be removed in v4.0\nGET /api - 204 (43ms)\nStep 10/23: Building\nPlatform: linux-x64\nCompiling components/utils.go...\nArtifact uploaded: dist.zip (20MB)\n[12:52:24] INFO: Request completed\npip: Downloading express-5.8.tar.gz\nConnection established\nArtifact uploaded: dist.zip (96MB)\nnpm notice: created a lockfile\nGenerating source maps...\nVerifying...\nCache invalidated: node_modules\nArtifact uploaded: dist.zip (14MB)\nPlatform: linux-x64\npip: Installing build dependencies...\nTransforming 595 files...\nWaiting...\nyarn add: Done in 14.16s\nnpm install: resolved 681 packages\nAlready up to date.\nnpm notice: created a lockfile\n[12:52:24] INFO: Request completed\nStep 12/21: Deploying\nArtifact downloaded: 22MB\n[12:52:24] INFO: Connecting to database\nCompiling src/utils.go...\npip install: Successfully installed eslint-1.12\n[12:52:24] INFO: Connecting to database\nWARNING: webpack has known vulnerabilities\nCompiling components/main.py...\nCreating production build...\nCompiling lib/index.js...\nCompiling src/service.java...\n[12:52:24] INFO: Request completed\nTLS handshake completed\nFinished.\nMinifying app.js\nCache miss for key-9583\nBundling main.js\n[12:52:24] DEBUG: Loading configuration\nUsing Node.js 18.4.4\nnpm notice: created a lockfile\nConnection established\nStep 18/18: Linting\n[12:52:24] ERROR: Connection failed\nCache hit for key-3229\nImage pulled successfully\npip: Downloading axios-5.4.tar.gz\n[12:52:24] DEBUG: Loading configuration\n[12:52:24] INFO: Connecting to database\n\u2717 build failed with exit code 72\nUploading artifact 'dist' (45 files)\nCompiling utils/app.ts...\nSwitched to branch 'hotfix/task-259'\n\u26a0 DEPRECATION: Feature will be removed in v2.0\nnpm install: added 377 packages\n[12:52:24] WARN: Deprecated API usage\nnpm notice: created a lockfile\n[12:52:24] DEBUG: Initializing service\nWARNING: axios has known vulnerabilities\n[12:52:24] DEBUG: Connection pool: 18 active\nFetching from https://googleapis.com/package.json\nGET /status - 200 (77ms)\nArtifact uploaded: dist.zip (49MB)\n\u26a0 DEPRECATION: Feature will be removed in v3.0\n\u26a0 DEPRECATION: Feature will be removed in v3.0\n[12:52:24] DEBUG: Memory usage: 1040MB\nCache restored successfully (101MB)\nCache miss for key-6356\nFAILED: test_db_connect\nStep 8/25: Running migrations\nCompleted.\nStep 10/18: Running migrations\n[12:52:24] INFO: Connecting to database\nProcessing...\nGET /health - 204 (75ms)\nCache saved successfully\nUsing Python 3.9\n[12:52:24] WARN: Deprecated API usage\n\u2713 Step 'install' succeeded\n\u26a0 DEPRECATION: Feature will be removed in v2.0\nCoverage: 94% statements, 78% branches\nnpm install: resolved 393 packages\nCompiling src/utils.go...\nFetching from https://registry.npmjs.org/package.json\nFAILED: test_user_create\nCompiling src/handler.rs...\nUploading artifact 'dist' (32 files)\npip: Downloading webpack-1.2.tar.gz\n[12:52:24] DEBUG: Memory usage: 1228MB\nStep 15/19: Deploying\n\u2713 package completed\nTest Suites: 44 passed, 12 total\n[12:52:24] WARN: Deprecated API usage\nHEAD is now at 0460d69\nArtifact uploaded: dist.zip (99MB)\n\u2717 build failed with exit code 95\nSnapshots: 6 passed, 36 total\nUsing Node.js 17.15.8\nSnapshots: 10 passed, 22 total\npip: Collecting eslint\nCache saved successfully\nTime: 24.951s\nArtifact uploaded: build.tar.gz (31MB)\n[12:52:24] DEBUG: Loading configuration\n[12:52:24] WARN: Deprecated API usage\nChecking out main branch\nnpm install: resolved 832 packages\nStep 8/17: Linting\nFetching submodules...\nTLS handshake completed\n[12:52:24] WARN: Deprecated API usage\nArtifact uploaded: build.tar.gz (23MB)\n[12:52:24] DEBUG: Query executed in 13ms\nCache saved successfully\nUploading artifact 'coverage' (4 files)\nCache hit for key-9830\npip: Downloading axios-5.4.tar.gz\nCreating production build...\nFinished.\n[12:52:24] DEBUG: Query executed in 98ms\n[12:52:24] DEBUG: Loading configuration\nBundling vendor.css\nBuilding Docker image...\nStep 6/25: Installing dependencies\nRan 37 tests in 19s\nCache hit for key-6795\nGET /status - 204 (99ms)\nStep 13/17: Building\n  PASS: e2e/test_user_create.spec.js\n[12:52:24] INFO: Cache refreshed\n\u2713 Task completed in 4278ms\n[12:52:24] INFO: Starting build process\nGET /status - 200 (90ms)\nTLS handshake completed\nStep 15/21: Running migrations\n\u2717 build failed with exit code 83\n  PASS: unit/test_auth_login.spec.js\n[12:52:24] DEBUG: Memory usage: 1188MB\nPlatform: linux-x64\nFetching submodules...\n[12:52:24] WARN: Deprecated API usage\n[12:52:24] INFO: Starting build process\npip: Collecting express\nWARNING: axios has known vulnerabilities\nBuilding Docker image...\n\u2713 Task completed in 4659ms\nnpm install: added 363 packages\nLoading...\nCache restored successfully (455MB)\nUsing Python 3.9\n[12:52:24] DEBUG: Query executed in 40ms\nAlready up to date.\n[12:52:24] INFO: Cache refreshed\nGET /api - 200 (40ms)\n=== Step upload_artifacts completed ===\n=== Step: type_check ===\n[12:52:24] DEBUG: Memory usage: 773MB\nWaiting...\nGenerating source maps...\nCache saved successfully\nInstalling lodash@5.0.1\nUploading artifact 'dist' (8 files)\npip install: Successfully installed prettier-1.7\nTime: 81.512s\nArtifact downloaded: 4MB\n  PASS: unit/test_db_connect.spec.js\nFinished.\nLayer 4/14: COPY command\nVerifying...\nImage pulled successfully\nGenerating source maps...\nnpm install: added 59 packages\nArtifact uploaded: build.tar.gz (6MB)\nSnapshots: 35 passed, 43 total\n\u2713 All checks passed\n[12:52:24] WARN: Deprecated API usage\nVerifying...\n  PASS: test_user_create (129ms)\nArtifact uploaded: build.tar.gz (47MB)\nReady.\nCompleted.\nBundling styles.js\nStep 18/21: Testing\nCompiling components/service.java...\nWaiting...\nCompiling src/index.js...\n[12:52:24] INFO: Starting build process\nRan 84 tests in 22s\nArtifact uploaded: build.tar.gz (47MB)\nPOST /api - 202 (239ms)\nCompiling utils/main.py...\nTests: 314 passed, 206 total\n\u26a0 DEPRECATION: Feature will be removed in v5.0\n[12:52:24] INFO: Processing request\nCreating production build...\nWARNING: axios has known vulnerabilities\nHEAD is now at cefd977\n\u2713 Step 'build' succeeded\nWaiting...\n[12:52:24] ERROR: Connection failed\nSwitched to branch 'bugfix/task-424'\nSwitched to branch 'hotfix/task-632'\npip install: Successfully installed react-3.16\nCompiling utils/utils.go...\nRan 18 tests in 17s\nCoverage: 80% statements, 80% branches\nTime: 68.145s\nReady.\nWaiting...\nStep 18/18: Installing dependencies\nFAILED: test_api_health\nEnvironment: production\nPushing to registry...\nCompiling components/main.py...\nCache restored successfully (354MB)\nTransforming 613 files...\nCoverage: 78% statements, 69% branches\nnpm notice: package.json updated\nInstalling lodash@2.16.10\n[12:52:24] DEBUG: Memory usage: 983MB\nPushing to registry...\nCompiling src/index.js...\nDone.\nDone.\nSuccess!\n\u26a0 DEPRECATION: Feature will be removed in v5.0\nDone.\n[12:52:24] INFO: Cache refreshed\nOptimizing 27 modules...\npip: Installing build dependencies...\nUsing Node.js 16.8.3\nLayer 2/10: RUN command\nHEAD is now at cc3b081\nTLS handshake completed\nGenerating source maps...\nGenerating source maps...\nCache miss for key-2263\nTime: 85.813s\nSuccess!\nSuccess!\nStep 5/16: Running migrations\nPOST /data - 200 (66ms)\nStep 6/23: Linting\n[12:52:24] DEBUG: Initializing service\nCompleted.\nCoverage: 72% statements, 73% branches\nUsing Node.js 16.6.3\npip install: Successfully installed axios-4.0\n[12:52:24] DEBUG: Memory usage: 194MB\nRan 16 tests in 39s\n\u26a0 DEPRECATION: Feature will be removed in v4.0\nStep 19/24: Running migrations\n[12:52:24] INFO: Connecting to database\nCompiling src/index.js...\nTests: 205 passed, 123 total\nTest Suites: 25 passed, 30 total\nCompleted.\nCompleted.\n[12:52:24] DEBUG: Loading configuration\nyarn add: Done in 28.37s\nnpm notice: created a lockfile\n\u26a0 DEPRECATION: Feature will be removed in v4.0\n\u2713 Step 'setup' succeeded\nImage pulled successfully\n  PASS: test_db_connect (291ms)\nUsing Python 3.10\n\u2713 Step 'install' succeeded\nInstalling react@1.9.1\nUsing Python 3.10\nCompiling utils/utils.go...\n\u2713 Task completed in 1511ms\nBundling runtime.js\npip install: Successfully installed jest-5.10\npip: Collecting jest\nWARNING: eslint has known vulnerabilities\nnpm notice: package.json updated\n\u2713 Step 'setup' succeeded\nBundling vendor.css\nReady.\nFetching from https://pypi.org/package.json\nCompiling utils/app.ts...\n[12:52:24] WARN: Deprecated API usage\nTLS handshake completed\nWARNING: react has known vulnerabilities\nTests: 135 passed, 492 total\n\u26a0 DEPRECATION: Feature will be removed in v4.0\nBuilding Docker image...\nUsing Node.js 17.13.8\nAlready up to date.\nSnapshots: 34 passed, 27 total\nBuilding Docker image...\nLoading...\nStep 8/18: Deploying\nCreating production build...\nFetching submodules...\nStep 19/24: Deploying\n[12:52:24] INFO: Connecting to database\nCompiling utils/utils.go...\npip: Installing build dependencies...\nCompleted.\n[12:52:24] INFO: Request completed\nWARNING: axios has known vulnerabilities\nPlatform: darwin-arm64\nArtifact uploaded: dist.zip (84MB)\nStep 4/17: Linting\nTime: 28.877s\n[12:52:24] DEBUG: Memory usage: 1505MB\nCompleted.\nEnvironment: test\nPlatform: win32-x64\n[12:52:24] INFO: Processing request\n[12:52:24] WARN: Deprecated API usage\nOK\nyarn add: Done in 4.37s\n\u2713 Task completed in 4190ms\nCompiling lib/main.py...\npip: Collecting express\nCache invalidated: node_modules\nConnection established\nStep 15/22: Running migrations\nLoading...\n\u2713 package completed\nStep 4/25: Running migrations\nOptimizing 15 modules...\n[12:52:24] INFO: Processing request\nTransforming 673 files...\nSnapshots: 37 passed, 23 total\nUploading artifact 'coverage' (47 files)\nHEAD is now at cfae0cc\nTime: 88.797s\n[12:52:24] WARN: Deprecated API usage\nCache saved successfully\nPlatform: win32-x64\nTransforming 639 files...\nCache invalidated: node_modules\nMinifying vendor.js\nStep 7/23: Running migrations\nRan 157 tests in 51s\nTests: 187 passed, 163 total\nUsing Node.js 19.7.1\nLayer 1/8: COPY command\npip: Downloading prettier-4.2.tar.gz\npip install: Successfully installed eslint-4.16\nImage pulled successfully\nArtifact uploaded: build.tar.gz (22MB)\npip install: Successfully installed axios-1.9\nnpm install: added 436 packages\n[12:52:24] DEBUG: Connection pool: 10 active\n[12:52:24] INFO: Cache refreshed\nFetching submodules...\n[12:52:24] DEBUG: Loading configuration\n[12:52:24] ERROR: Connection failed\nWARNING: prettier has known vulnerabilities\nnpm notice: created a lockfile\nTests: 212 passed, 98 total\npip: Installing build dependencies...\n[12:52:24] WARN: Deprecated API usage\nStep 6/21: Linting\n  PASS: unit/test_api_health.spec.js\nGET /health - 200 (53ms)\nCompleted.\nPOST /data - 201 (356ms)\n\u26a0 DEPRECATION: Feature will be removed in v3.0\n[12:52:24] DEBUG: Memory usage: 1657MB\nNODE_ENV=development\nChecking out master branch\nSuccess!\nSuccess!\nyarn add: Done in 30.21s\nArtifact uploaded: build.tar.gz (33MB)\nBundling vendor.css\nGET /health - 201 (23ms)\nTest Suites: 23 passed, 30 total\nCompiling components/utils.go...\n\u2713 Task completed in 480ms\n\u2713 build completed\nnpm install: resolved 1544 packages\nTest Suites: 23 passed, 50 total\nUsing Node.js 17.10.10\n[12:52:24] DEBUG: Connection pool: 6 active\nLoading...\nCreating production build...\n\u2713 Task completed in 4807ms\nOK\nStep 2/15: Linting\n[12:52:24] DEBUG: Query executed in 49ms\nFetching submodules...\nCompiling utils/main.py...\nCoverage: 97% statements, 71% branches\n[12:52:24] DEBUG: Loading configuration\nWARNING: lodash has known vulnerabilities\nRan 93 tests in 11s\nStep 1/16: Testing\nCompleted.\n[12:52:24] WARN: Deprecated API usage\nGET /status - 201 (24ms)\nSnapshots: 1 passed, 29 total\nCreating production build...\n[12:52:24] INFO: Processing request\nBuilding Docker image...\n[12:52:24] ERROR: Connection failed\nInstalling prettier@1.0.7\nArtifact downloaded: 13MB\nUsing Python 3.10\nStep 14/24: Deploying\nArtifact uploaded: build.tar.gz (38MB)\nTests: 321 passed, 478 total\nTransforming 961 files...\nRan 194 tests in 4s\nBundling vendor.css\nCache hit for key-2980\nnpm notice: created a lockfile\n[12:52:24] DEBUG: Loading configuration\npip: Collecting express\nUploading artifact 'coverage' (44 files)\n\u2713 package completed\nnpm notice: package.json updated\n=== Step type_check completed ===\n=== Step: checkout ===\n[12:52:24] INFO: Request completed\nOK\n[12:52:24] DEBUG: Initializing service\nCache invalidated: node_modules\n[12:52:24] DEBUG: Query executed in 80ms\nGenerating source maps...\npip: Downloading axios-1.2.tar.gz\npip: Installing build dependencies...\nArtifact uploaded: dist.zip (28MB)\n[12:52:24] DEBUG: Memory usage: 679MB\nBuilding Docker image...\nFinished.\nDone.\nStep 16/16: Building\n[12:52:24] INFO: Request completed\nPushing to registry...\nLoading...\nGET /api - 204 (6ms)\nnpm notice: created a lockfile\n[12:52:24] ERROR: Connection failed\nArtifact downloaded: 32MB\nnpm notice: created a lockfile\n[12:52:24] INFO: Cache refreshed\nArtifact uploaded: build.tar.gz (28MB)\nArtifact uploaded: dist.zip (32MB)\nnpm install: added 15 packages\n[12:52:24] WARN: Deprecated API usage\npip: Collecting eslint\n[12:52:24] INFO: Starting build process\nPulling image: alpine:latest\nTest Suites: 29 passed, 25 total\nTransforming 784 files...\n[12:52:24] DEBUG: Loading configuration\nMinifying app.js\nOptimizing 73 modules...\nPlatform: win32-x64\nLoading...\nStep 4/18: Deploying\nSuccess!\nGenerating source maps...\nLoading...\n[12:52:24] INFO: Request completed\nFAILED: test_cache_hit\nEnvironment: development\n\u2713 Step 'test' succeeded\nWARNING: jest has known vulnerabilities\nLayer 1/13: ENV command\nLayer 7/12: ENV command\n[12:52:24] DEBUG: Connection pool: 5 active\nCompiling src/service.java...\nLayer 8/10: ENV command\nWARNING: axios has known vulnerabilities\nnpm install: added 242 packages\nCompiling utils/handler.rs...\n\u2717 build failed with exit code 101\nCompleted.\nUsing Node.js 15.10.3\nStep 20/22: Building\nMinifying app.js\nStep 4/16: Installing dependencies\nPushing to registry...\nTransforming 285 files...\npip: Installing build dependencies...\nCreating production build...\nCreating production build...\nFAILED: test_cache_hit\nUsing Node.js 16.19.9\nBuilding Docker image...\npip: Collecting axios\n  PASS: unit/test_api_health.spec.js\n[12:52:24] INFO: Starting build process\nTLS handshake completed\nCache restored successfully (264MB)\n\u26a0 DEPRECATION: Feature will be removed in v2.0\nUploading artifact 'coverage' (12 files)\nGenerating source maps...\n[12:52:24] DEBUG: Connection pool: 16 active\nPlatform: win32-x64\nWARNING: lodash has known vulnerabilities\n[12:52:24] ERROR: Connection failed\n[12:52:24] INFO: Processing request\nPulling image: alpine:3.11\nSuccess!\nnpm notice: created a lockfile\nnpm install: added 308 packages\n[12:52:24] DEBUG: Query executed in 82ms\nCreating production build...\n[12:52:24] INFO: Cache refreshed\npip install: Successfully installed react-5.3\nCompleted.\nRan 72 tests in 47s\nDone.\nWaiting...\nConnection established\nLayer 7/10: COPY command\nWARNING: lodash has known vulnerabilities\n[12:52:24] INFO: Processing request\nCompiling lib/service.java...\nTLS handshake completed\n[12:52:24] DEBUG: Loading configuration\nAlready up to date.\nWaiting...\nSwitched to branch 'feature/task-360'\n[12:52:24] WARN: Deprecated API usage\n[12:52:24] DEBUG: Connection pool: 11 active\nWaiting...\nBundling vendor.css\n\u2713 Step 'build' succeeded\nnpm install: resolved 748 packages\nTests: 122 passed, 470 total\nBundling styles.js\nUsing Node.js 18.17.4\nWARNING: webpack has known vulnerabilities\n\u2713 test completed\n\u26a0 DEPRECATION: Feature will be removed in v4.0\n[12:52:24] WARN: Deprecated API usage\n  PASS: test_user_create (34ms)\nInstalling axios@3.6.0\n[12:52:24] INFO: Request completed\nCompiling utils/index.js...\n[12:52:24] DEBUG: Connection pool: 18 active\nTests: 257 passed, 183 total\nCreating production build...\nCompiling lib/app.ts...\nyarn add: Done in 30.74s\nFetching from https://npmjs.org/package.json\n\u2713 All checks passed\n[12:52:24] INFO: Processing request\n\u2713 All checks passed\nTLS handshake completed\nCache invalidated: node_modules\n  PASS: e2e/test_user_create.spec.js\nCreating production build...\n[12:52:24] INFO: Cache refreshed\n[12:52:24] DEBUG: Memory usage: 1284MB\nPOST /data - 200 (46ms)\n[12:52:24] DEBUG: Connection pool: 6 active\nPOST /api - 200 (302ms)\nBuilding Docker image...\nStep 20/24: Building\n\u2713 validate completed\n[12:52:24] INFO: Request completed\npip install: Successfully installed webpack-3.14\nProcessing...\n[12:52:24] DEBUG: Memory usage: 686MB\n[12:52:24] INFO: Cache refreshed\n[12:52:24] WARN: Deprecated API usage\nWaiting...\n\u26a0 DEPRECATION: Feature will be removed in v5.0\nTransforming 223 files...\nNODE_ENV=development\nCompiling src/app.ts...\nMinifying app.js\nReady.\npip install: Successfully installed react-5.13\nnpm notice: created a lockfile\nPushing to registry...\nLoading...\nReady.\n[12:52:24] INFO: Cache refreshed\n[12:52:24] INFO: Processing request\nStep 16/23: Deploying\nTests: 233 passed, 129 total\nMinifying app.js\nStep 1/22: Testing\n[12:52:24] DEBUG: Loading configuration\nOptimizing 61 modules...\n[12:52:24] DEBUG: Memory usage: 410MB\nConnection established\nStep 15/21: Installing dependencies\n[12:52:24] INFO: Request completed\nSuccess!\nSnapshots: 46 passed, 21 total\npip: Collecting express\nWaiting...\nFetching submodules...\npip: Downloading webpack-2.16.tar.gz\nStep 18/17: Deploying\n[12:52:24] WARN: Deprecated API usage\n[12:52:24] INFO: Cache refreshed\nnpm install: added 50 packages\nLayer 4/9: ENV command\n\u26a0 DEPRECATION: Feature will be removed in v2.0\nChecking out master branch\n[12:52:24] DEBUG: Connection pool: 3 active\nDone.\nDone.\nTLS handshake completed\n\u26a0 DEPRECATION: Feature will be removed in v2.0\nMinifying main.js\nWARNING: axios has known vulnerabilities\nStep 16/21: Deploying\npip: Installing build dependencies...\n[12:52:24] INFO: Cache refreshed\nFetching submodules...\nFetching submodules...\n\u2713 lint completed\nBundling styles.css\nRan 89 tests in 26s\nRan 183 tests in 30s\nLayer 6/10: COPY command\n[12:52:24] ERROR: Connection failed\nOK\n\u2713 validate completed\nnpm install: resolved 1622 packages\nOptimizing 58 modules...\nCache saved successfully\npip: Installing build dependencies...\nCompiling utils/app.ts...\nStep 12/23: Installing dependencies\n\u2713 validate completed\nStep 9/15: Deploying\n[12:52:24] INFO: Cache refreshed\npip: Downloading react-4.15.tar.gz\n[12:52:24] INFO: Request completed\nBuilding Docker image...\npip: Collecting axios\npip: Installing build dependencies...\nCache miss for key-2458\nnpm install: resolved 108 packages\n[12:52:24] DEBUG: Connection pool: 8 active\n  PASS: e2e/test_cache_hit.spec.js\nRan 15 tests in 14s\nnpm notice: package.json updated\n[12:52:24] DEBUG: Initializing service\npip: Collecting prettier\nTLS handshake completed\n[12:52:24] DEBUG: Initializing service\nArtifact downloaded: 26MB\n\u2717 build failed with exit code 75\nWARNING: jest has known vulnerabilities\nCache saved successfully\nTests: 327 passed, 358 total\n[12:52:24] WARN: Deprecated API usage\n[12:52:24] INFO: Processing request\nSwitched to branch 'feature/task-270'\nEnvironment: production\n\u2713 All checks passed\nCache saved successfully\n[12:52:24] DEBUG: Initializing service\nCompiling lib/index.js...\nTLS handshake completed\n[12:52:24] DEBUG: Query executed in 84ms\nUsing Node.js 17.4.7\nOptimizing 30 modules...\nFetching from https://githubusercontent.com/package.json\nTransforming 927 files...\nReady.\nyarn add: Done in 19.38s\nSwitched to branch 'bugfix/task-812'\nImage pulled successfully\npip: Collecting express\npip: Collecting eslint\npip: Collecting express\nImage pulled successfully\nCompiling src/handler.rs...\n  PASS: integration/test_db_connect.spec.js\nPulling image: alpine:3.11\nMinifying main.js\nHEAD is now at da67e48\nHEAD is now at 1899fc4\n=== Step checkout completed ===\n=== Step: setup_node ===\n[12:52:24] DEBUG: Connection pool: 18 active\nDone.\nMinifying app.js\n  PASS: test_api_health (357ms)\nStep 10/19: Installing dependencies\nTime: 18.526s\nException: RuntimeError\nPulling image: alpine:latest\nnpm install: resolved 1778 packages\nException: TypeError\nMinifying vendor.js\npip: Installing build dependencies...\n  PASS: test_auth_login (495ms)\npip: Installing build dependencies...\nHEAD is now at 8024c13\nnpm notice: package.json updated\npip: Installing build dependencies...\nCompiling lib/index.js...\n[12:52:24] INFO: Connecting to database\nWaiting...\nTransforming 882 files...\nCache invalidated: dependencies\nHEAD is now at 3315f72\nStep 17/23: Running migrations\nnpm notice: package.json updated\nArtifact downloaded: 12MB\nFetching submodules...\n  PASS: unit/test_cache_hit.spec.js\nCompiling src/app.ts...\nPulling image: python:3.11\n[12:52:24] DEBUG: Connection pool: 17 active\nArtifact uploaded: dist.zip (25MB)\nPOST /api - 201 (65ms)\nWaiting...\n\u2713 Step 'setup' succeeded\nCache saved successfully\nDone.\npip: Downloading jest-1.1.tar.gz\n\u26a0 DEPRECATION: Feature will be removed in v4.0\n\u2713 Task completed in 2635ms\nTLS handshake completed\nPulling image: python:3.11\npip: Installing build dependencies...\nVerifying...\nArtifact downloaded: 29MB\nFetching from https://githubusercontent.com/package.json\nSnapshots: 49 passed, 13 total\nCache hit for key-7893\n[12:52:24] INFO: Cache refreshed\nSnapshots: 24 passed, 20 total\nCompiling src/main.py...\nTransforming 602 files...\nStep 19/24: Running migrations\nConnection established\n[12:52:24] DEBUG: Connection pool: 9 active\nAlready up to date.\n[12:52:24] INFO: Request completed\nnpm install: added 432 packages\n[12:52:24] DEBUG: Connection pool: 5 active\nPushing to registry...\nLoading...\nnpm install: resolved 211 packages\nFinished.\nCompleted.\nCache miss for key-6414\nSwitched to branch 'bugfix/task-323'\nUsing Node.js 18.13.3\nnpm install: added 189 packages\nStep 16/17: Linting\nArtifact downloaded: 21MB\nGenerating source maps...\nStep 13/18: Deploying\nSwitched to branch 'bugfix/task-111'\nTests: 445 passed, 449 total\nRan 146 tests in 21s\nCache restored successfully (188MB)\nOK\nCoverage: 71% statements, 96% branches\n\u26a0 DEPRECATION: Feature will be removed in v2.0\n[12:52:24] WARN: Deprecated API usage\nCache miss for key-2401\nArtifact downloaded: 48MB\nPushing to registry...\nCache saved successfully\nLayer 8/12: RUN command\nCoverage: 83% statements, 65% branches\nTime: 82.511s\nArtifact downloaded: 24MB\n[12:52:24] DEBUG: Connection pool: 13 active\nCompiling components/app.ts...\nnpm notice: package.json updated\n\u26a0 DEPRECATION: Feature will be removed in v3.0\n[12:52:24] INFO: Connecting to database\nUploading artifact 'build' (26 files)\n\u2713 Task completed in 3184ms\n[12:52:24] DEBUG: Connection pool: 11 active\nStep 3/19: Deploying\n\u26a0 DEPRECATION: Feature will be removed in v2.0\nTLS handshake completed\nGenerating source maps...\nSuccess!\nUsing Python 3.12\nDone.\nException: TypeError\nConnection established\nArtifact uploaded: build.tar.gz (15MB)\nArtifact uploaded: dist.zip (19MB)\n[12:52:24] DEBUG: Memory usage: 658MB\n  PASS: e2e/test_user_create.spec.js\nDone.\nGET /status - 204 (58ms)\nInstalling eslint@5.12.7\nStep 11/25: Linting\n[12:52:24] INFO: Starting build process\nnpm install: resolved 1804 packages\npip: Downloading lodash-3.0.tar.gz\n[12:52:24] INFO: Connecting to database\nCompiling lib/service.java...\npip: Collecting react\n\u2713 Step 'build' succeeded\n\u26a0 DEPRECATION: Feature will be removed in v4.0\nStep 7/25: Installing dependencies\nPlatform: darwin-arm64\n\u26a0 DEPRECATION: Feature will be removed in v5.0\nTime: 13.292s\nEnvironment: test\n[12:52:24] DEBUG: Initializing service\nFetching from https://pypi.org/package.json\nGenerating source maps...\nPulling image: node:latest\nStep 15/17: Building\n[12:52:24] INFO: Starting build process\n[12:52:24] DEBUG: Query executed in 76ms\n\u2713 All checks passed\nnpm install: resolved 276 packages\nPulling image: python:latest\nBundling runtime.js\nGET /status - 200 (62ms)\nnpm install: resolved 506 packages\nnpm install: added 225 packages\nVerifying...\nTLS handshake completed\n[12:52:24] DEBUG: Initializing service\nDone.\nUploading artifact 'coverage' (6 files)\n  PASS: integration/test_cache_hit.spec.js\nUsing Python 3.12\nCache restored successfully (12MB)\nMinifying app.js\nSwitched to branch 'hotfix/task-967'\nSuccess!\npip: Downloading eslint-2.16.tar.gz\nFetching submodules...\nLoading...\n\u26a0 DEPRECATION: Feature will be removed in v5.0\nStep 6/16: Running migrations\nWARNING: lodash has known vulnerabilities\n\u2713 All checks passed\n[12:52:24] DEBUG: Query executed in 40ms\nCoverage: 71% statements, 64% branches\nLoading...\nStep 1/19: Running migrations\n\u26a0 DEPRECATION: Feature will be removed in v2.0\nCompiling src/index.js...\n[12:52:24] WARN: Deprecated API usage\nInstalling jest@5.10.7\nCompleted.\npip: Downloading express-4.13.tar.gz\nGET /api - 200 (4ms)\n\u2713 Task completed in 1172ms\nSuccess!\nWARNING: eslint has known vulnerabilities\nPushing to registry...\nRan 40 tests in 17s\nTLS handshake completed\nCache hit for key-4526\nTransforming 482 files...\npip install: Successfully installed jest-1.10\n[12:52:24] INFO: Cache refreshed\nTLS handshake completed\nPlatform: win32-x64\nCache hit for key-9717\n[12:52:24] WARN: Deprecated API usage\n[12:52:24] WARN: Deprecated API usage\nSuccess!\nBundling styles.css\n  PASS: test_api_health (302ms)\nBuilding Docker image...\n[12:52:24] DEBUG: Memory usage: 931MB\nCoverage: 89% statements, 87% branches\nDone.\nCache hit for key-4139\npip: Collecting webpack\n  PASS: test_user_create (100ms)\nMinifying main.js\nPOST /data - 200 (45ms)\n[12:52:24] WARN: Deprecated API usage\npip: Downloading axios-5.15.tar.gz\nBundling styles.css\nWaiting...\nFetching submodules...\nReady.\nCache restored successfully (49MB)\nStep 9/25: Running migrations\nSuccess!\nBuilding Docker image...\nBuilding Docker image...\nCache miss for key-4939\nCache invalidated: build\nFetching from https://npmjs.org/package.json\nArtifact uploaded: build.tar.gz (15MB)\nnpm notice: package.json updated\nSwitched to branch 'bugfix/task-926'\nCompiling lib/handler.rs...\nFetching from https://googleapis.com/package.json\nPlatform: darwin-arm64\n  PASS: test_cache_hit (252ms)\nAlready up to date.\nVerifying...\nArtifact downloaded: 45MB\nnpm notice: created a lockfile\nWARNING: eslint has known vulnerabilities\nDone.\nBuilding Docker image...\n[12:52:24] INFO: Cache refreshed\nnpm install: added 85 packages\nEnvironment: development\nNODE_ENV=production\n\u26a0 DEPRECATION: Feature will be removed in v5.0\n\u2713 lint completed\nStep 18/17: Linting\nPushing to registry...\n\u2713 All checks passed\nException: TypeError\nCoverage: 100% statements, 87% branches\nWaiting...\nTest Suites: 48 passed, 35 total\n[12:52:24] INFO: Cache refreshed\n[12:52:24] DEBUG: Memory usage: 470MB\nLoading...\nCache miss for key-6143\nOptimizing 71 modules...\nTransforming 832 files...\nGET /api - 200 (18ms)\nProcessing...\n\u26a0 DEPRECATION: Feature will be removed in v5.0\n[12:52:24] DEBUG: Query executed in 41ms\nStep 18/22: Installing dependencies\n[12:52:24] INFO: Connecting to database\n  PASS: unit/test_user_create.spec.js\nHEAD is now at a9a1f02\nSuccess!\n[12:52:24] DEBUG: Loading configuration\nAlready up to date.\nSnapshots: 40 passed, 10 total\nGET /api - 200 (28ms)\nFinished.\nCache invalidated: node_modules\nHEAD is now at 510abe4\nCoverage: 75% statements, 73% branches\nCompiling lib/utils.go...\n=== Step setup_node completed ===\n=== Step: setup_environment ===\n\u2713 Step 'test' succeeded\nNODE_ENV=test\nSnapshots: 7 passed, 6 total\nTest Suites: 41 passed, 31 total\nFAILED: test_api_health\nnpm install: added 395 packages\nTLS handshake completed\nFAILED: test_user_create\nInstalling prettier@1.6.5\n[12:52:24] INFO: Connecting to database\n[12:52:24] INFO: Cache refreshed\nCreating production build...\npip: Collecting prettier\n[12:52:24] DEBUG: Memory usage: 1603MB\nTests: 387 passed, 464 total\nOptimizing 21 modules...\n\u26a0 DEPRECATION: Feature will be removed in v4.0\nChecking out master branch\nOK\nBuilding Docker image...\nCompiling utils/main.py...\nArtifact downloaded: 13MB\nSuccess!\n[12:52:24] DEBUG: Connection pool: 5 active\npip: Collecting jest\nNODE_ENV=development\n[12:52:24] DEBUG: Initializing service\n[12:52:24] INFO: Starting build process\nFAILED: test_api_health\nVerifying...\nStep 15/23: Building\nCompleted.\n[12:52:24] DEBUG: Loading configuration\nnpm notice: package.json updated\nGET /status - 200 (12ms)\nStep 4/21: Building\nArtifact uploaded: dist.zip (43MB)\nCoverage: 87% statements, 71% branches\nStep 14/15: Installing dependencies\nDone.\nBundling runtime.css\nHEAD is now at 9850462\npip: Installing build dependencies...\nnpm notice: created a lockfile\nCache miss for key-5694\n\u2713 deploy completed\nOK\nnpm install: added 439 packages\n[12:52:24] DEBUG: Query executed in 30ms\n  PASS: unit/test_db_connect.spec.js\nInstalling jest@2.20.0\nFetching from https://githubusercontent.com/package.json\nWARNING: eslint has known vulnerabilities\nFetching from https://github.com/package.json\n  PASS: unit/test_user_create.spec.js\nTransforming 577 files...\nWARNING: eslint has known vulnerabilities\n[12:52:24] DEBUG: Loading configuration\nCompiling lib/handler.rs...\nTLS handshake completed\nCreating production build...\nFetching submodules...\nStep 10/21: Building\nImage pulled successfully\nStep 12/22: Building\nWaiting...\nCache hit for key-4020\nWaiting...\nLoading...\nBuilding Docker image...\n\u26a0 DEPRECATION: Feature will be removed in v3.0\nHEAD is now at 29d1fa2\nWARNING: lodash has known vulnerabilities\nGET /health - 204 (75ms)\nStep 12/16: Testing\nProcessing...\nInstalling eslint@1.20.8\nFinished.\n\u2713 test completed\n[12:52:24] INFO: Connecting to database\nCache restored successfully (210MB)\nCache miss for key-5954\n[12:52:24] INFO: Request completed\nLoading...\nChecking out main branch\nHEAD is now at 4fd6ec9\nStep 7/20: Testing\nCompleted.\n[12:52:24] DEBUG: Loading configuration\n[12:52:24] DEBUG: Initializing service\n[12:52:24] WARN: Deprecated API usage\nPlatform: darwin-arm64\nCache invalidated: dependencies\nFinished.\nMinifying vendor.js\n[12:52:24] DEBUG: Memory usage: 267MB\n[12:52:24] INFO: Processing request\n\u26a0 DEPRECATION: Feature will be removed in v3.0\nStep 7/17: Linting\nSnapshots: 4 passed, 4 total\nnpm notice: package.json updated\n\u2713 All checks passed\nWaiting...\n[12:52:24] WARN: Deprecated API usage\nCompleted.\nConnection established\nTime: 51.176s\n[12:52:24] INFO: Request completed\nMinifying main.js\nImage pulled successfully\n\u2713 validate completed\n\u26a0 DEPRECATION: Feature will be removed in v4.0\n[12:52:24] INFO: Cache refreshed\nFAILED: test_db_connect\npip install: Successfully installed axios-4.0\nArtifact uploaded: build.tar.gz (1MB)\nUploading artifact 'build' (13 files)\nHEAD is now at 6427d38\nDone.\nTime: 116.986s\nAlready up to date.\n[12:52:24] WARN: Deprecated API usage\nStep 3/17: Deploying\nPOST /data - 200 (280ms)\n\u2713 Step 'setup' succeeded\nException: NullPointerException\nStep 11/18: Running migrations\n[12:52:24] INFO: Request completed\nCache saved successfully\n  PASS: integration/test_cache_hit.spec.js\n\u2717 build failed with exit code 61\nAlready up to date.\nMinifying vendor.js\npip install: Successfully installed webpack-2.13\n  PASS: e2e/test_auth_login.spec.js\nMinifying app.js\nnpm install: resolved 963 packages\n\u26a0 DEPRECATION: Feature will be removed in v4.0\nTransforming 972 files...\nUploading artifact 'build' (41 files)\n[12:52:24] DEBUG: Connection pool: 10 active\nInstalling axios@4.5.3\nFetching from https://amazonaws.com/package.json\nOptimizing 35 modules...\nnpm notice: created a lockfile\n[12:52:24] DEBUG: Connection pool: 17 active\nnpm install: added 181 packages\n[12:52:24] DEBUG: Query executed in 52ms\nDone.\n  PASS: test_cache_hit (437ms)\nSnapshots: 10 passed, 42 total\n[12:52:24] DEBUG: Memory usage: 149MB\n[12:52:24] DEBUG: Loading configuration\nnpm notice: created a lockfile\nFetching from https://npmjs.org/package.json\nWaiting...\nCompleted.\nCompiling utils/main.py...\n[12:52:24] DEBUG: Memory usage: 617MB\nNODE_ENV=development\nGenerating source maps...\nStep 17/17: Building\nStep 5/16: Building\nCompleted.\nArtifact downloaded: 10MB\nCache hit for key-5067\n[12:52:24] WARN: Deprecated API usage\n[12:52:24] DEBUG: Initializing service\n\u26a0 DEPRECATION: Feature will be removed in v3.0\n[12:52:24] INFO: Request completed\nConnection established\nnpm notice: package.json updated\nPushing to registry...\nProcessing...\npip install: Successfully installed express-5.5\n[12:52:24] WARN: Deprecated API usage\nPulling image: alpine:18\n\u26a0 DEPRECATION: Feature will be removed in v4.0\nTests: 313 passed, 246 total\nOK\n[12:52:24] DEBUG: Loading configuration\nTest Suites: 15 passed, 38 total\nMinifying vendor.js\nFetching from https://githubusercontent.com/package.json\n[12:52:24] WARN: Deprecated API usage\n[12:52:24] WARN: Deprecated API usage\n  PASS: unit/test_user_create.spec.js\nOptimizing 33 modules...\nReady.\nPushing to registry...\npip: Collecting prettier\nTests: 71 passed, 140 total\nHEAD is now at 2de633d\nCompiling utils/index.js...\nnpm notice: package.json updated\nBuilding Docker image...\nPOST /data - 201 (284ms)\nVerifying...\nUsing Python 3.9\nnpm install: added 206 packages\nVerifying...\nArtifact downloaded: 42MB\nUploading artifact 'coverage' (5 files)\nRan 176 tests in 24s\nStep 7/19: Building\nCache invalidated: node_modules\nDone.\nFetching from https://docker.io/package.json\nStep 10/19: Installing dependencies\nOptimizing 20 modules...\n[12:52:24] INFO: Connecting to database\nStep 17/21: Installing dependencies\n\u2713 Step 'install' succeeded\n\u26a0 DEPRECATION: Feature will be removed in v2.0\nTests: 288 passed, 409 total\nDone.\nStep 12/21: Running migrations\nLoading...\nGenerating source maps...\nTLS handshake completed\nFAILED: test_cache_hit\nUploading artifact 'dist' (36 files)\nTests: 183 passed, 324 total\nOptimizing 75 modules...\n[12:52:24] INFO: Connecting to database\nUsing Python 3.12\nTime: 25.461s\n\u2713 test completed\nLoading...\n[12:52:24] INFO: Processing request\nConnection established\nStep 1/21: Linting\nLoading...\nEnvironment: production\nTransforming 624 files...\nImage pulled successfully\npip: Downloading jest-3.11.tar.gz\nDone.\nStep 17/15: Building\nPOST /upload - 202 (295ms)\n\u26a0 DEPRECATION: Feature will be removed in v3.0\nInstalling prettier@1.4.9\nStep 10/20: Testing\nnpm notice: package.json updated\nArtifact uploaded: build.tar.gz (14MB)\nWaiting...\nPushing to registry...\nPOST /data - 201 (286ms)\nPulling image: python:3.11\nyarn add: Done in 19.5s\n\u2713 All checks passed\n[12:52:24] INFO: Cache refreshed\nCompiling utils/index.js...\nWARNING: react has known vulnerabilities\nProcessing...\n\u2713 All checks passed\nSnapshots: 48 passed, 31 total\nProcessing...\n[12:52:24] DEBUG: Memory usage: 258MB\n  PASS: test_user_create (475ms)\n  PASS: e2e/test_cache_hit.spec.js\n=== Step setup_environment completed ===\n=== Step: save_cache ===\nCache invalidated: dependencies\nOptimizing 83 modules...\nUsing Python 3.10\nGenerating source maps...\nWARNING: jest has known vulnerabilities\nTests: 187 passed, 232 total\nTLS handshake completed\npip: Installing build dependencies...\nPushing to registry...\nyarn add: Done in 22.88s\npip: Installing build dependencies...\nNODE_ENV=test\nCoverage: 87% statements, 86% branches\nArtifact uploaded: dist.zip (61MB)\nLoading...\nArtifact uploaded: build.tar.gz (7MB)\nBundling main.js\nTests: 426 passed, 75 total\npip: Installing build dependencies...\nDone.\nUploading artifact 'build' (28 files)\nSuccess!\nyarn add: Done in 28.25s\nInstalling lodash@5.2.6\n\u2713 build completed\nStep 16/23: Building\n[12:52:24] DEBUG: Loading configuration\nWARNING: jest has known vulnerabilities\nUsing Python 3.11\nCache invalidated: build\nUsing Python 3.11\n\u2713 Step 'install' succeeded\nSnapshots: 43 passed, 39 total\nChecking out master branch\n  PASS: test_api_health (280ms)\nCache miss for key-4476\n\u2713 build completed\nTLS handshake completed\nStep 1/19: Testing\n[12:52:24] WARN: Deprecated API usage\n\u26a0 DEPRECATION: Feature will be removed in v4.0\n\u2717 build failed with exit code 21\nStep 14/15: Linting\nTransforming 275 files...\nArtifact downloaded: 2MB\n\u2713 Task completed in 4356ms\nArtifact uploaded: build.tar.gz (19MB)\nnpm notice: created a lockfile\nGET /status - 201 (29ms)\nCompiling components/app.ts...\nCache invalidated: node_modules\nEnvironment: staging\nSnapshots: 48 passed, 48 total\nnpm notice: package.json updated\nConnection established\nNODE_ENV=test\nPushing to registry...\npip: Downloading axios-2.18.tar.gz\n[12:52:24] INFO: Starting build process\nUsing Node.js 16.0.5\nHEAD is now at 5ad437a\nStep 19/25: Installing dependencies\n  PASS: test_auth_login (355ms)\nStep 20/25: Testing\n\u2713 Step 'install' succeeded\n\u2713 Task completed in 4700ms\nOptimizing 90 modules...\nCache saved successfully\nSnapshots: 20 passed, 34 total\nHEAD is now at 932af7f\nInstalling axios@4.1.2\nConnection established\nPOST /api - 201 (174ms)\nReady.\nPulling image: node:latest\n[12:52:24] INFO: Connecting to database\nPushing to registry...\nSuccess!\nStep 1/16: Building\n[12:52:24] DEBUG: Loading configuration\nBundling styles.css\nCompiling utils/main.py...\nCache saved successfully\nTransforming 156 files...\nTest Suites: 46 passed, 40 total\npip: Collecting jest\n\u2713 All checks passed\n  PASS: e2e/test_user_create.spec.js\nLoading...\nBundling vendor.css\nWaiting...\npip install: Successfully installed eslint-5.18\nCompiling utils/index.js...\n[12:52:24] DEBUG: Query executed in 56ms\nUploading artifact 'dist' (44 files)\nRan 112 tests in 31s\nOK\nArtifact downloaded: 9MB\nCompiling lib/service.java...\nArtifact downloaded: 35MB\nConnection established\nStep 19/17: Running migrations\nSwitched to branch 'hotfix/task-425'\nCompiling lib/handler.rs...\nCache miss for key-2155\nFetching submodules...\nVerifying...\nUploading artifact 'dist' (31 files)\npip install: Successfully installed webpack-5.8\npip install: Successfully installed webpack-4.13\nArtifact uploaded: dist.zip (9MB)\nnpm install: resolved 900 packages\nPulling image: python:latest\nProcessing...\nnpm install: added 59 packages\nHEAD is now at ce60f26\nTime: 80.682s\nStep 3/24: Installing dependencies\nCache saved successfully\nArtifact uploaded: build.tar.gz (14MB)\nSuccess!\nCache saved successfully\nStep 3/20: Linting\nPushing to registry...\nPOST /upload - 200 (393ms)\nTime: 45.661s\n[12:52:24] WARN: Deprecated API usage\n[12:52:24] WARN: Deprecated API usage\nnpm notice: package.json updated\n\u2717 build failed with exit code 57\nWaiting...\nUsing Python 3.10\nCreating production build...\nCompiling components/app.ts...\n[12:52:24] INFO: Connecting to database\nSuccess!\nReady.\n[12:52:24] DEBUG: Query executed in 63ms\npip: Collecting express\nArtifact uploaded: dist.zip (87MB)\nPulling image: python:18\nUploading artifact 'build' (50 files)\nPulling image: alpine:latest\n[12:52:24] INFO: Connecting to database\n\u26a0 DEPRECATION: Feature will be removed in v4.0\n  PASS: test_cache_hit (64ms)\nStep 2/24: Installing dependencies\nVerifying...\nGET /status - 204 (98ms)\nChecking out develop branch\nCompiling lib/handler.rs...\n\u2713 Task completed in 195ms\nLayer 4/8: RUN command\nWaiting...\nMinifying app.js\npip: Installing build dependencies...\nStep 13/19: Building\nCache hit for key-2843\nVerifying...\nCompleted.\nStep 13/16: Testing\nFetching from https://pypi.org/package.json\n\u2713 package completed\nRan 166 tests in 14s\n[12:52:24] WARN: Deprecated API usage\nWaiting...\nConnection established\nVerifying...\n\u2713 All checks passed\nnpm install: resolved 490 packages\n\u2717 build failed with exit code 28\nNODE_ENV=production\nProcessing...\nStep 18/16: Testing\nStep 9/15: Running migrations\n[12:52:24] DEBUG: Query executed in 55ms\nTest Suites: 26 passed, 38 total\nnpm notice: created a lockfile\n[12:52:24] DEBUG: Loading configuration\nStep 17/15: Installing dependencies\n[12:52:24] INFO: Request completed\nNODE_ENV=development\n[12:52:24] INFO: Connecting to database\nPlatform: darwin-arm64\nMinifying main.js\nDone.\nEnvironment: test\nWARNING: react has known vulnerabilities\nNODE_ENV=production\nFinished.\nUploading artifact 'coverage' (29 files)\nnpm install: resolved 1425 packages\nCompiling utils/main.py...\nConnection established\nyarn add: Done in 11.22s\n[12:52:24] DEBUG: Memory usage: 724MB\n[12:52:24] DEBUG: Initializing service\nTime: 88.291s\nArtifact uploaded: dist.zip (89MB)\n\u2713 Task completed in 1257ms\nGenerating source maps...\nConnection established\n[12:52:24] INFO: Processing request\nTransforming 789 files...\nWaiting...\nArtifact uploaded: dist.zip (98MB)\nCompiling utils/utils.go...\nArtifact downloaded: 12MB\nHEAD is now at 773b489\n[12:52:24] DEBUG: Loading configuration\n[12:52:24] INFO: Request completed\nLayer 5/13: ENV command\nCache restored successfully (245MB)\nUploading artifact 'coverage' (47 files)\nArtifact downloaded: 43MB\nOK\nCreating production build...\n[12:52:24] INFO: Starting build process\nStep 11/18: Deploying\nUploading artifact 'build' (6 files)\nStep 1/24: Deploying\npip: Installing build dependencies...\nCache saved successfully\nArtifact uploaded: build.tar.gz (18MB)\n\u2713 All checks passed\nWaiting...\nPulling image: alpine:18\nArtifact uploaded: build.tar.gz (15MB)\npip: Collecting lodash\nFetching from https://registry.npmjs.org/package.json\n[12:52:24] INFO: Request completed\n[12:52:24] INFO: Request completed\nStep 11/18: Deploying\nChecking out main branch\nnpm notice: package.json updated\nCache restored successfully (196MB)\nUsing Python 3.9\n\u2713 All checks passed\n[12:52:24] DEBUG: Initializing service\nWaiting...\nMinifying app.js\nCache saved successfully\n[12:52:24] DEBUG: Query executed in 71ms\nDone.\npip: Installing build dependencies...\nTransforming 255 files...\n[12:52:24] INFO: Request completed\nFAILED: test_auth_login\nnpm install: resolved 598 packages\nDone.\n\u26a0 DEPRECATION: Feature will be removed in v5.0\nTest Suites: 48 passed, 15 total\nConnection established\n  PASS: unit/test_cache_hit.spec.js\n[12:52:24] INFO: Cache refreshed\n[12:52:24] DEBUG: Initializing service\nCompiling lib/service.java...\nCreating production build...\n[12:52:24] INFO: Request completed\nGET /health - 204 (45ms)\nVerifying...\n=== Step save_cache completed ===\n=== Step: install_dependencies ===\nException: NullPointerException\n[12:52:24] INFO: Connecting to database\n\u2717 build failed with exit code 14\nTest Suites: 18 passed, 42 total\nnpm install: added 379 packages\nUsing Node.js 19.3.3\nnpm install: added 254 packages\nTransforming 457 files...\nChecking out master branch\nNODE_ENV=development\nAlready up to date.\n[12:52:24] INFO: Processing request\nCache invalidated: dependencies\nTime: 79.570s\n\u26a0 DEPRECATION: Feature will be removed in v5.0\n[12:52:24] INFO: Starting build process\nBundling styles.js\nOK\nCache restored successfully (97MB)\n\u26a0 DEPRECATION: Feature will be removed in v4.0\nGenerating source maps...\nTest Suites: 47 passed, 22 total\n\u26a0 DEPRECATION: Feature will be removed in v4.0\nWARNING: react has known vulnerabilities\nUploading artifact 'dist' (21 files)\nCompiling components/utils.go...\nnpm notice: created a lockfile\n\u2713 Task completed in 3239ms\n[12:52:24] DEBUG: Initializing service\n  PASS: unit/test_user_create.spec.js\nEnvironment: development\n[12:52:24] DEBUG: Loading configuration\nFetching submodules...\nBundling main.css\nVerifying...\n[12:52:24] DEBUG: Memory usage: 1030MB\nCompiling lib/main.py...\nFetching from https://docker.io/package.json\nTLS handshake completed\nTransforming 446 files...\nCompiling lib/app.ts...\nCompiling utils/app.ts...\nnpm notice: package.json updated\nRan 35 tests in 54s\n[12:52:24] DEBUG: Loading configuration\n  PASS: integration/test_api_health.spec.js\nTest Suites: 34 passed, 44 total\nDone.\nTests: 332 passed, 333 total\nChecking out develop branch\nWaiting...\n  PASS: integration/test_api_health.spec.js\nCompiling components/index.js...\nDone.\n[12:52:24] DEBUG: Connection pool: 5 active\nArtifact uploaded: build.tar.gz (7MB)\nCompiling src/index.js...\n[12:52:24] WARN: Deprecated API usage\n[12:52:24] INFO: Request completed\n[12:52:24] DEBUG: Initializing service\n\u26a0 DEPRECATION: Feature will be removed in v3.0\nOK\n[12:52:24] DEBUG: Connection pool: 13 active\nPushing to registry...\n\u26a0 DEPRECATION: Feature will be removed in v4.0\nTest Suites: 42 passed, 12 total\nCompleted.\npip: Downloading axios-3.17.tar.gz\nCompleted.\nInstalling eslint@5.20.2\nFetching from https://gcr.io/package.json\nProcessing...\nCompiling utils/app.ts...\nLoading...\nCompiling src/app.ts...\nDone.\n[12:52:24] INFO: Connecting to database\nProcessing...\nStep 9/15: Running migrations\n  PASS: test_auth_login (404ms)\n\u2713 Task completed in 3665ms\nUsing Python 3.10\nTransforming 154 files...\n\u26a0 DEPRECATION: Feature will be removed in v4.0\nnpm notice: package.json updated\nArtifact downloaded: 45MB\nEnvironment: staging\nTest Suites: 24 passed, 34 total\n[12:52:24] INFO: Connecting to database\nArtifact uploaded: dist.zip (87MB)\nStep 20/24: Installing dependencies\nTLS handshake completed\nAlready up to date.\npip: Installing build dependencies...\nnpm install: resolved 1277 packages\nLayer 1/11: RUN command\nMinifying app.js\nConnection established\nSuccess!\nUsing Python 3.10\n\u2713 Step 'build' succeeded\nCache invalidated: node_modules\nCache restored successfully (405MB)\nTest Suites: 40 passed, 48 total\nCoverage: 97% statements, 84% branches\nSnapshots: 10 passed, 16 total\n[12:52:24] DEBUG: Initializing service\n[12:52:24] INFO: Processing request\nNODE_ENV=test\nnpm install: resolved 1967 packages\nUsing Node.js 17.20.1\npip: Downloading jest-5.4.tar.gz\nFetching from https://docker.io/package.json\nyarn add: Done in 19.35s\nFinished.\n[12:52:24] WARN: Deprecated API usage\n[12:52:24] WARN: Deprecated API usage\nMinifying main.js\nWaiting...\nyarn add: Done in 21.85s\nCache miss for key-9256\n[12:52:24] DEBUG: Initializing service\nFetching submodules...\nSnapshots: 0 passed, 35 total\npip: Downloading axios-1.4.tar.gz\n[12:52:24] DEBUG: Loading configuration\nUsing Python 3.10\nImage pulled successfully\n[12:52:24] INFO: Processing request\n  PASS: test_cache_hit (302ms)\nnpm notice: created a lockfile\n\u26a0 DEPRECATION: Feature will be removed in v2.0\n\u26a0 DEPRECATION: Feature will be removed in v2.0\n\u2713 Task completed in 2670ms\npip: Collecting webpack\nStep 20/24: Building\nFetching from https://amazonaws.com/package.json\nHEAD is now at 700fec4\nPushing to registry...\nReady.\nCache invalidated: build\nDone.\nWARNING: prettier has known vulnerabilities\nTime: 16.624s\n[12:52:24] DEBUG: Loading configuration\nPushing to registry...\nAlready up to date.\nImage pulled successfully\nNODE_ENV=production\n\u2717 build failed with exit code 85\n\u26a0 DEPRECATION: Feature will be removed in v5.0\nSuccess!\nStep 19/23: Deploying\n[12:52:24] WARN: Deprecated API usage\n  PASS: test_db_connect (170ms)\n\u2713 Task completed in 2661ms\nyarn add: Done in 30.28s\nRan 47 tests in 42s\nUsing Node.js 14.4.10\nStep 9/25: Building\nnpm notice: created a lockfile\nOK\nCompiling src/service.java...\nSwitched to branch 'hotfix/task-109'\nCompleted.\n[12:52:24] DEBUG: Initializing service\nnpm install: resolved 1963 packages\nLoading...\nNODE_ENV=test\nWARNING: prettier has known vulnerabilities\n[12:52:24] DEBUG: Query executed in 69ms\nnpm notice: package.json updated\nnpm notice: created a lockfile\nUsing Python 3.9\n[12:52:24] DEBUG: Loading configuration\nLoading...\nCache invalidated: build\n\u2713 All checks passed\nBundling vendor.css\nWaiting...\n[12:52:24] WARN: Deprecated API usage\nOptimizing 96 modules...\nDone.\nTLS handshake completed\nNODE_ENV=production\nOK\nMinifying app.js\nStep 20/17: Testing\nUsing Node.js 18.14.3\nCompiling utils/utils.go...\nFetching from https://npmjs.org/package.json\nArtifact uploaded: dist.zip (20MB)\nStep 9/25: Building\nHEAD is now at ae622a6\npip install: Successfully installed axios-2.5\nAlready up to date.\nWARNING: eslint has known vulnerabilities\nSwitched to branch 'bugfix/task-718'\n[12:52:24] ERROR: Connection failed\nWaiting...\n[12:52:24] WARN: Deprecated API usage\n\u2717 build failed with exit code 25\n  PASS: integration/test_auth_login.spec.js\nSnapshots: 9 passed, 8 total\nCreating production build...\n  PASS: test_cache_hit (289ms)\n  PASS: test_api_health (214ms)\nVerifying...\nCompiling utils/utils.go...\n[12:52:24] DEBUG: Connection pool: 6 active\npip: Installing build dependencies...\nWARNING: eslint has known vulnerabilities\nRan 37 tests in 23s\nCache miss for key-3169\nStep 3/17: Installing dependencies\nCreating production build...\nPulling image: python:18\nUploading artifact 'build' (33 files)\nTime: 70.915s\n\u2713 Task completed in 3001ms\nAlready up to date.\nInstalling express@5.2.9\n\u26a0 DEPRECATION: Feature will be removed in v3.0\nMinifying main.js\nnpm install: added 199 packages\n\u2713 Task completed in 4552ms\nImage pulled successfully\n[12:52:24] ERROR: Connection failed\nCache restored successfully (489MB)\n[12:52:24] DEBUG: Memory usage: 646MB\nFAILED: test_auth_login\n[12:52:24] WARN: Deprecated API usage\nCoverage: 94% statements, 90% branches\nCache saved successfully\n[12:52:24] WARN: Deprecated API usage\nnpm notice: package.json updated\nCompiling lib/service.java...\nTransforming 765 files...\npip: Installing build dependencies...\n[12:52:24] INFO: Processing request\nPushing to registry...\n[12:52:24] DEBUG: Initializing service\nArtifact uploaded: dist.zip (66MB)\nCompiling utils/handler.rs...\nEnvironment: staging\nLoading...\n\u26a0 DEPRECATION: Feature will be removed in v2.0\nCreating production build...\nStep 2/21: Building\nPulling image: node:18\nTLS handshake completed\nFinished.\n[12:52:24] DEBUG: Connection pool: 8 active\nConnection established\nException: RuntimeError\npip: Downloading jest-3.1.tar.gz\n\u26a0 DEPRECATION: Feature will be removed in v4.0\nLoading...\nPOST /data - 202 (101ms)\nSwitched to branch 'feature/task-124'\nUsing Python 3.9\n=== Step install_dependencies completed ===\n=== Step: deploy_production ===\nStep 17/19: Building\nSnapshots: 21 passed, 25 total\nUploading artifact 'build' (49 files)\nInstalling express@4.12.6\nSnapshots: 16 passed, 13 total\nMinifying vendor.js\nDone.\n\u2713 Step 'test' succeeded\nBuilding Docker image...\nArtifact downloaded: 37MB\nStep 20/24: Running migrations\nCoverage: 96% statements, 79% branches\n  PASS: unit/test_db_connect.spec.js\n[12:52:24] DEBUG: Query executed in 86ms\nnpm install: added 382 packages\nArtifact uploaded: build.tar.gz (15MB)\nBundling vendor.css\nDone.\nFetching from https://githubusercontent.com/package.json\nNODE_ENV=test\nArtifact uploaded: dist.zip (22MB)\n[12:52:24] DEBUG: Memory usage: 1314MB\nWaiting...\nCoverage: 95% statements, 100% branches\nCompleted.\nPlatform: darwin-arm64\nCompiling lib/service.java...\nCompleted.\nStep 1/18: Deploying\n[12:52:24] INFO: Cache refreshed\n[12:52:24] DEBUG: Memory usage: 568MB\nPushing to registry...\n  PASS: integration/test_db_connect.spec.js\nCache restored successfully (339MB)\nCoverage: 87% statements, 98% branches\nUploading artifact 'build' (17 files)\n\u2713 All checks passed\n  PASS: test_cache_hit (247ms)\n\u2713 All checks passed\n  PASS: test_auth_login (78ms)\nBuilding Docker image...\nPulling image: python:3.11\nSuccess!\nCache restored successfully (292MB)\nChecking out main branch\nNODE_ENV=production\nTransforming 160 files...\nGenerating source maps...\n[12:52:24] INFO: Cache refreshed\n\u2713 Step 'install' succeeded\nCompiling lib/index.js...\nCache restored successfully (458MB)\nStep 11/18: Running migrations\nUsing Python 3.9\n[12:52:24] WARN: Deprecated API usage\n\u2713 Task completed in 1611ms\nStep 9/25: Testing\n[12:52:24] DEBUG: Connection pool: 3 active\n\u2713 build completed\nFetching submodules...\nPushing to registry...\nTests: 429 passed, 96 total\npip: Collecting lodash\nLoading...\n\u2713 validate completed\nPOST /api - 201 (174ms)\n  PASS: test_auth_login (487ms)\n[12:52:24] WARN: Deprecated API usage\nStep 3/22: Testing\n[12:52:24] INFO: Cache refreshed\n\u2713 Step 'build' succeeded\nArtifact downloaded: 15MB\nPushing to registry...\nNODE_ENV=development\nCompiling lib/service.java...\nStep 16/24: Linting\nInstalling eslint@5.11.4\nCompleted.\nnpm notice: package.json updated\n\u2713 Task completed in 1273ms\n[12:52:24] INFO: Processing request\n\u2713 Step 'checkout' succeeded\nCache hit for key-6708\npip: Downloading axios-5.16.tar.gz\nBuilding Docker image...\nGenerating source maps...\nOK\nAlready up to date.\npip: Collecting prettier\nBundling runtime.js\nGET /status - 204 (48ms)\nHEAD is now at fd415d1\nStep 7/19: Deploying\nWaiting...\nNODE_ENV=production\nBuilding Docker image...\n[12:52:24] INFO: Request completed\nCompleted.\n\u2713 All checks passed\nSwitched to branch 'feature/task-706'\nUsing Node.js 16.10.5\n[12:52:24] WARN: Deprecated API usage\nWaiting...\nnpm notice: created a lockfile\nFinished.\nnpm notice: created a lockfile\nCache invalidated: dependencies\nPulling image: alpine:latest\nGenerating source maps...\nCache saved successfully\nWaiting...\nImage pulled successfully\nWaiting...\nAlready up to date.\nLoading...\n[12:52:24] INFO: Cache refreshed\n[12:52:24] DEBUG: Memory usage: 1235MB\n[12:52:24] INFO: Processing request\nDone.\nProcessing...\n  PASS: integration/test_db_connect.spec.js\nNODE_ENV=production\nCompiling utils/index.js...\nArtifact uploaded: dist.zip (64MB)\nBuilding Docker image...\nConnection established\nConnection established\n  PASS: e2e/test_db_connect.spec.js\npip: Downloading react-2.5.tar.gz\nLoading...\npip: Downloading react-3.9.tar.gz\nWARNING: express has known vulnerabilities\nArtifact uploaded: dist.zip (61MB)\nCoverage: 78% statements, 72% branches\n[12:52:24] ERROR: Connection failed\npip: Installing build dependencies...\nRan 131 tests in 28s\nTests: 174 passed, 242 total\nBundling styles.css\nChecking out develop branch\nAlready up to date.\nnpm install: added 59 packages\nyarn add: Done in 14.55s\nHEAD is now at 395f2e3\nTime: 38.147s\nCompiling components/handler.rs...\nCache restored successfully (107MB)\nVerifying...\n\u2713 test completed\nCache invalidated: build\n[12:52:24] INFO: Starting build process\nUploading artifact 'build' (44 files)\nProcessing...\npip: Collecting webpack\nUploading artifact 'coverage' (13 files)\nLoading...\nUsing Python 3.11\nCompiling components/utils.go...\npip: Downloading react-4.20.tar.gz\nProcessing...\nOK\nArtifact uploaded: build.tar.gz (6MB)\nCreating production build...\nStep 6/17: Running migrations\nnpm install: resolved 1741 packages\n  PASS: test_auth_login (352ms)\n\u2713 validate completed\nOptimizing 42 modules...\nTime: 97.190s\nVerifying...\n[12:52:24] DEBUG: Loading configuration\nConnection established\nProcessing...\nSnapshots: 16 passed, 30 total\nnpm install: resolved 854 packages\nStep 18/18: Deploying\nnpm notice: package.json updated\nVerifying...\nLayer 2/14: ENV command\nnpm install: resolved 1906 packages\n\u2713 Task completed in 2629ms\n\u26a0 DEPRECATION: Feature will be removed in v2.0\n[12:52:24] ERROR: Connection failed\nStep 5/16: Deploying\nFetching from https://amazonaws.com/package.json\nLayer 7/14: RUN command\nPushing to registry...\n[12:52:24] DEBUG: Connection pool: 2 active\n\u2713 All checks passed\nPulling image: python:18\nPOST /api - 200 (425ms)\nRan 147 tests in 2s\n[12:52:24] INFO: Starting build process\nFetching submodules...\nnpm notice: created a lockfile\npip: Installing build dependencies...\n\u2717 build failed with exit code 60\nPushing to registry...\npip: Collecting prettier\nFetching submodules...\nBundling main.css\n[12:52:24] INFO: Cache refreshed\nCache invalidated: dependencies\npip: Collecting lodash\n[12:52:24] DEBUG: Initializing service\nnpm notice: created a lockfile\nCache restored successfully (20MB)\nCompiling utils/service.java...\nArtifact downloaded: 41MB\nnpm notice: package.json updated\nPulling image: python:latest\nStep 8/25: Running migrations\nWaiting...\nFinished.\n[12:52:24] INFO: Processing request\nFAILED: test_api_health\nRan 170 tests in 57s\nArtifact downloaded: 44MB\nStep 14/25: Running migrations\n\u2713 Step 'setup' succeeded\nLayer 3/10: ENV command\nCreating production build...\nyarn add: Done in 9.47s\nCache miss for key-6926\nStep 16/24: Deploying\nCache restored successfully (53MB)\nChecking out master branch\nBuilding Docker image...\nFinished.\nTLS handshake completed\n\u26a0 DEPRECATION: Feature will be removed in v3.0\nImage pulled successfully\nSuccess!\n[12:52:24] DEBUG: Query executed in 90ms\nPulling image: python:latest\nStep 5/20: Testing\n\u26a0 DEPRECATION: Feature will be removed in v4.0\n[12:52:24] DEBUG: Query executed in 80ms\nNODE_ENV=development\nArtifact downloaded: 19MB\nConnection established\nUploading artifact 'dist' (42 files)\nCompleted.\n[12:52:24] DEBUG: Loading configuration\nCompleted.\n\u2713 Step 'test' succeeded\nLayer 4/13: RUN command\nPlatform: darwin-arm64\n[12:52:24] INFO: Processing request\n[12:52:24] INFO: Starting build process\nCache saved successfully\n\u2713 Step 'checkout' succeeded\nInstalling eslint@1.19.9\n  PASS: e2e/test_user_create.spec.js\nPlatform: linux-x64\npip: Installing build dependencies...\nAlready up to date.\nReady.\nPushing to registry...\nMinifying vendor.js\n\u26a0 DEPRECATION: Feature will be removed in v3.0\n=== Step deploy_production completed ===\n=== Step: unit_tests ===\nnpm notice: created a lockfile\nDone.\nnpm notice: created a lockfile\n[12:52:24] INFO: Request completed\nImage pulled successfully\n[12:52:24] INFO: Processing request\nStep 9/16: Linting\nOK\nPlatform: win32-x64\nUsing Python 3.10\nTests: 281 passed, 133 total\nOptimizing 19 modules...\nUsing Python 3.10\n\u2713 Task completed in 1979ms\npip install: Successfully installed express-5.8\npip: Installing build dependencies...\nCompiling src/utils.go...\npip: Downloading lodash-3.4.tar.gz\nInstalling prettier@5.20.1\n\u2713 Task completed in 1786ms\nSnapshots: 31 passed, 28 total\nCache saved successfully\nTLS handshake completed\nSwitched to branch 'bugfix/task-102'\nImage pulled successfully\n  PASS: test_user_create (218ms)\n[12:52:24] DEBUG: Initializing service\nNODE_ENV=development\nArtifact uploaded: dist.zip (66MB)\n[12:52:24] WARN: Deprecated API usage\nUploading artifact 'coverage' (4 files)\nCompiling components/app.ts...\n\u2713 package completed\nnpm install: resolved 879 packages\nHEAD is now at 0828f3b\nCoverage: 80% statements, 97% branches\nTLS handshake completed\nFinished.\nSwitched to branch 'feature/task-646'\nUsing Node.js 17.17.4\nVerifying...\nLayer 4/14: RUN command\nFetching submodules...\nBuilding Docker image...\nnpm install: resolved 1017 packages\nCompleted.\nOptimizing 67 modules...\nTLS handshake completed\nCache restored successfully (261MB)\n\u2713 package completed\nCache saved successfully\nUploading artifact 'build' (49 files)\nArtifact downloaded: 36MB\nAlready up to date.\nPOST /data - 200 (176ms)\n[12:52:24] INFO: Cache refreshed\nEnvironment: production\nFetching submodules...\nnpm notice: package.json updated\nReady.\n[12:52:24] INFO: Cache refreshed\nyarn add: Done in 22.57s\n[12:52:24] INFO: Cache refreshed\n\u2713 All checks passed\n\u2713 Task completed in 4172ms\nStep 14/18: Linting\nStep 10/17: Linting\npip install: Successfully installed lodash-5.1\n\u2713 Step 'test' succeeded\nLoading...\nSuccess!\nBuilding Docker image...\nLayer 1/15: ENV command\nOK\nnpm install: resolved 542 packages\npip: Installing build dependencies...\nCache invalidated: build\n  PASS: e2e/test_db_connect.spec.js\nDone.\nImage pulled successfully\nBuilding Docker image...\nStep 6/17: Installing dependencies\n[12:52:24] WARN: Deprecated API usage\n\u26a0 DEPRECATION: Feature will be removed in v5.0\nTime: 22.812s\npip: Downloading lodash-1.4.tar.gz\nTLS handshake completed\nLayer 6/10: RUN command\nUsing Python 3.12\nPOST /api - 200 (295ms)\nConnection established\nWARNING: express has known vulnerabilities\nNODE_ENV=development\nWaiting...\n[12:52:24] DEBUG: Loading configuration\nVerifying...\n\u2713 All checks passed\n[12:52:24] INFO: Processing request\n\u2717 build failed with exit code 61\n[12:52:24] DEBUG: Connection pool: 1 active\nUsing Python 3.11\n  PASS: unit/test_auth_login.spec.js\n[12:52:24] INFO: Connecting to database\nCompiling lib/main.py...\nyarn add: Done in 20.57s\npip: Downloading react-4.15.tar.gz\n\u26a0 DEPRECATION: Feature will be removed in v4.0\n[12:52:24] DEBUG: Memory usage: 1403MB\nBundling main.js\nCompleted.\nWaiting...\nCache saved successfully\nPulling image: node:latest\npip: Collecting prettier\nReady.\n  PASS: e2e/test_auth_login.spec.js\nProcessing...\nVerifying...\nException: NullPointerException\nGenerating source maps...\nEnvironment: production\n[12:52:24] WARN: Deprecated API usage\n[12:52:24] INFO: Starting build process\nGET /health - 200 (14ms)\nVerifying...\nBuilding Docker image...\nSwitched to branch 'bugfix/task-573'\nVerifying...\nFinished.\nCompleted.\nImage pulled successfully\nSnapshots: 48 passed, 12 total\nnpm notice: package.json updated\nFinished.\nReady.\npip: Collecting webpack\n[12:52:24] INFO: Processing request\nnpm install: added 492 packages\nStep 13/24: Linting\nTLS handshake completed\nStep 6/18: Deploying\nCreating production build...\nUploading artifact 'coverage' (5 files)\n[12:52:24] ERROR: Connection failed\nReady.\nGenerating source maps...\n[12:52:24] DEBUG: Loading configuration\nWARNING: lodash has known vulnerabilities\nWARNING: eslint has known vulnerabilities\nOK\nBundling main.js\nUsing Python 3.10\nTransforming 640 files...\nPulling image: alpine:3.11\nImage pulled successfully\n[12:52:24] WARN: Deprecated API usage\nCompleted.\nOK\n\u2713 validate completed\nArtifact downloaded: 27MB\nPushing to registry...\nCache invalidated: build\npip: Downloading express-2.10.tar.gz\nBuilding Docker image...\nFetching from https://githubusercontent.com/package.json\nImage pulled successfully\nWARNING: jest has known vulnerabilities\n\u2713 All checks passed\nnpm notice: package.json updated\nGenerating source maps...\nPlatform: win32-x64\n\u2713 package completed\n\u2713 Task completed in 4231ms\nTransforming 314 files...\n\u2713 All checks passed\nCache invalidated: build\n  PASS: unit/test_cache_hit.spec.js\nNODE_ENV=production\nPushing to registry...\nPushing to registry...\nStep 6/24: Testing\n\u2713 All checks passed\npip install: Successfully installed lodash-4.12\nCompiling utils/index.js...\nFinished.\n  PASS: e2e/test_cache_hit.spec.js\nNODE_ENV=production\nnpm notice: created a lockfile\n[12:52:24] WARN: Deprecated API usage\nChecking out master branch\n[12:52:24] DEBUG: Memory usage: 887MB\nUsing Node.js 20.3.1\nTest Suites: 48 passed, 27 total\nStep 16/18: Deploying\nCache saved successfully\nStep 1/17: Linting\nCoverage: 87% statements, 93% branches\n[12:52:24] WARN: Deprecated API usage\n[12:52:24] DEBUG: Connection pool: 20 active\nTLS handshake completed\nImage pulled successfully\n\u26a0 DEPRECATION: Feature will be removed in v5.0\n[12:52:24] INFO: Starting build process\nTime: 90.254s\n\u2713 test completed\nFetching submodules...\nArtifact uploaded: build.tar.gz (22MB)\nCache hit for key-5381\npip: Collecting jest\nTest Suites: 35 passed, 40 total\nDone.\n[12:52:24] WARN: Deprecated API usage\nRan 200 tests in 49s\n[12:52:24] DEBUG: Query executed in 25ms\n  PASS: test_user_create (101ms)\nFetching submodules...\nFetching submodules...\n[12:52:24] INFO: Starting build process\nSwitched to branch 'hotfix/task-465'\nTime: 61.105s\nWaiting...\nStep 3/19: Building\n[12:52:24] WARN: Deprecated API usage\nArtifact downloaded: 18MB\nStep 1/19: Deploying\nCache restored successfully (479MB)\nProcessing...\nStep 15/24: Installing dependencies\n[12:52:24] WARN: Deprecated API usage\nPlatform: linux-x64\nCache hit for key-3986\nWARNING: prettier has known vulnerabilities\nPulling image: python:3.11\nTests: 59 passed, 173 total\npip: Downloading axios-4.13.tar.gz\nStep 5/24: Deploying\nPushing to registry...\nCache miss for key-5783\n[12:52:24] WARN: Deprecated API usage\nOK\nCache invalidated: node_modules\nCreating production build...\nSwitched to branch 'bugfix/task-410'\nStep 2/20: Deploying\nCompiling lib/app.ts...\npip: Collecting prettier\nUploading artifact 'coverage' (44 files)\n\u2713 Task completed in 4976ms\nFetching submodules...\nStep 1/19: Running migrations\nyarn add: Done in 24.4s\nCompleted.\nCache miss for key-4878\n[12:52:24] WARN: Deprecated API usage\nSwitched to branch 'bugfix/task-193'\nCache saved successfully\nCompiling utils/utils.go...\nUsing Node.js 17.12.5\n[12:52:24] INFO: Starting build process\n\u2713 lint completed\nConnection established\n=== Step unit_tests completed ===\n=== Step: restore_cache ===\nChecking out master branch\nSwitched to branch 'feature/task-680'\nCompiling src/main.py...\nWaiting...\nCoverage: 74% statements, 91% branches\nStep 3/15: Building\nPOST /api - 201 (45ms)\nArtifact uploaded: build.tar.gz (22MB)\nLoading...\n[12:52:24] ERROR: Connection failed\nException: NullPointerException\n[12:52:24] INFO: Processing request\n[12:52:24] DEBUG: Query executed in 16ms\nRan 71 tests in 57s\nSuccess!\nTime: 120.887s\nCreating production build...\nSwitched to branch 'bugfix/task-608'\nProcessing...\n[12:52:24] DEBUG: Loading configuration\n[12:52:24] INFO: Starting build process\nUsing Node.js 16.3.5\n[12:52:24] DEBUG: Loading configuration\nStep 11/22: Building\n[12:52:24] ERROR: Connection failed\nGenerating source maps...\nSuccess!\n[12:52:24] DEBUG: Query executed in 13ms\nOK\nOK\nCompleted.\n[12:52:24] INFO: Request completed\nCompleted.\nCache saved successfully\nnpm install: added 224 packages\nEnvironment: production\nUsing Node.js 14.11.9\nAlready up to date.\n  PASS: e2e/test_user_create.spec.js\nUsing Python 3.9\nCache hit for key-6862\nException: NullPointerException\nPushing to registry...\nTLS handshake completed\n  PASS: unit/test_cache_hit.spec.js\npip: Downloading eslint-4.12.tar.gz\nCache miss for key-9495\nCompleted.\nGenerating source maps...\nCache miss for key-8566\n\u2717 build failed with exit code 21\nFAILED: test_api_health\nGenerating source maps...\nCompleted.\nWARNING: jest has known vulnerabilities\nSwitched to branch 'bugfix/task-618'\nWARNING: webpack has known vulnerabilities\nArtifact downloaded: 20MB\nyarn add: Done in 7.67s\nStep 5/25: Installing dependencies\nSuccess!\nCache invalidated: node_modules\nWARNING: jest has known vulnerabilities\n\u2713 Step 'checkout' succeeded\nStep 8/18: Installing dependencies\n[12:52:24] INFO: Request completed\n\u2713 Task completed in 2484ms\nMinifying app.js\nArtifact uploaded: dist.zip (87MB)\nPushing to registry...\n[12:52:24] INFO: Request completed\n[12:52:24] INFO: Processing request\nPushing to registry...\n\u26a0 DEPRECATION: Feature will be removed in v3.0\nCompiling components/main.py...\nCompiling src/handler.rs...\nDone.\nTransforming 796 files...\nArtifact downloaded: 35MB\nOptimizing 98 modules...\nStep 10/21: Linting\nUsing Node.js 17.2.4\nStep 1/21: Building\n\u26a0 DEPRECATION: Feature will be removed in v4.0\nVerifying...\nStep 14/24: Deploying\nCreating production build...\npip: Installing build dependencies...\nFetching from https://githubusercontent.com/package.json\n[12:52:24] DEBUG: Connection pool: 5 active\n[12:52:24] INFO: Starting build process\nUsing Node.js 20.2.3\npip: Collecting webpack\nGET /api - 204 (97ms)\nyarn add: Done in 30.84s\n[12:52:24] INFO: Cache refreshed\nTransforming 146 files...\nArtifact downloaded: 49MB\nCompiling utils/main.py...\n[12:52:24] INFO: Processing request\nPOST /api - 200 (288ms)\nLayer 9/11: ENV command\n[12:52:24] INFO: Cache refreshed\nUsing Node.js 20.8.2\n[12:52:24] DEBUG: Initializing service\nVerifying...\nCompiling components/main.py...\nRan 30 tests in 17s\nArtifact downloaded: 48MB\nArtifact uploaded: build.tar.gz (34MB)\n[12:52:24] DEBUG: Connection pool: 16 active\nArtifact uploaded: build.tar.gz (36MB)\nSuccess!\nSwitched to branch 'feature/task-109'\nGET /health - 204 (17ms)\nPulling image: python:latest\nNODE_ENV=production\nCoverage: 71% statements, 71% branches\nException: NullPointerException\nOK\nPOST /api - 202 (208ms)\nUsing Node.js 19.4.3\nStep 7/20: Building\n[12:52:24] WARN: Deprecated API usage\nCompiling utils/main.py...\n[12:52:24] INFO: Connecting to database\npip install: Successfully installed react-4.15\nTLS handshake completed\n\u2717 build failed with exit code 68\nGET /health - 204 (38ms)\nTest Suites: 37 passed, 18 total\n\u2713 Task completed in 390ms\nSwitched to branch 'hotfix/task-396'\nSnapshots: 25 passed, 22 total\nCache miss for key-5910\npip: Installing build dependencies...\nCache invalidated: dependencies\nTransforming 965 files...\nAlready up to date.\nnpm notice: created a lockfile\nTLS handshake completed\nSwitched to branch 'feature/task-698'\nCoverage: 87% statements, 95% branches\nnpm install: resolved 241 packages\n[12:52:24] DEBUG: Loading configuration\nnpm install: resolved 1900 packages\nOK\n[12:52:24] INFO: Request completed\nnpm notice: created a lockfile\nTest Suites: 50 passed, 9 total\n[12:52:24] DEBUG: Memory usage: 1428MB\n\u2713 deploy completed\nBuilding Docker image...\n\u2713 lint completed\n\u2717 build failed with exit code 49\nPulling image: python:3.11\nLoading...\n  PASS: test_cache_hit (376ms)\nOptimizing 80 modules...\nyarn add: Done in 4.66s\n\u26a0 DEPRECATION: Feature will be removed in v4.0\nUsing Python 3.12\nnpm install: resolved 1300 packages\nOptimizing 19 modules...\n[12:52:24] INFO: Connecting to database\nCompiling utils/handler.rs...\npip: Collecting express\nLayer 9/14: RUN command\nSnapshots: 47 passed, 2 total\n[12:52:24] INFO: Request completed\nTests: 422 passed, 328 total\nUsing Node.js 16.19.6\npip: Collecting react\nPlatform: linux-x64\nCompleted.\nImage pulled successfully\nStep 20/22: Installing dependencies\nConnection established\nPushing to registry...\n  PASS: test_user_create (73ms)\nMinifying app.js\nArtifact uploaded: dist.zip (74MB)\n[12:52:24] INFO: Request completed\n[12:52:24] WARN: Deprecated API usage\nCache miss for key-1871\nGET /status - 204 (86ms)\nCompiling utils/index.js...\nImage pulled successfully\n[12:52:24] ERROR: Connection failed\nUsing Node.js 16.2.6\nCompiling utils/service.java...\nCompiling lib/app.ts...\nGET /health - 204 (45ms)\npip: Downloading webpack-3.19.tar.gz\nCache restored successfully (62MB)\n[12:52:24] DEBUG: Initializing service\nUsing Python 3.12\nTest Suites: 38 passed, 34 total\nArtifact uploaded: dist.zip (54MB)\nWaiting...\npip: Installing build dependencies...\n[12:52:24] DEBUG: Connection pool: 2 active\nUsing Python 3.11\n\u26a0 DEPRECATION: Feature will be removed in v4.0\nCreating production build...\n[12:52:24] DEBUG: Connection pool: 1 active\npip: Installing build dependencies...\nOptimizing 65 modules...\nImage pulled successfully\nFetching submodules...\n[12:52:24] ERROR: Connection failed\nVerifying...\nCompiling utils/app.ts...\nStep 4/18: Deploying\nImage pulled successfully\n\u2713 Task completed in 3574ms\npip install: Successfully installed eslint-1.9\nStep 7/25: Running migrations\n  PASS: test_auth_login (304ms)\nCache hit for key-1019\nFAILED: test_user_create\nDone.\nAlready up to date.\n  PASS: unit/test_api_health.spec.js\nChecking out main branch\nLoading...\nCreating production build...\nTime: 37.881s\n\u2713 Task completed in 3320ms\nUsing Node.js 19.4.0\nStep 11/20: Testing\n[12:52:24] INFO: Request completed\nCache invalidated: build\nPushing to registry...\nCache saved successfully\npip install: Successfully installed lodash-4.7\nArtifact uploaded: build.tar.gz (12MB)\nTime: 112.383s\nnpm install: resolved 1428 packages\n  PASS: e2e/test_cache_hit.spec.js\nLoading...\nUsing Python 3.12\nCompiling components/handler.rs...\nLoading...\n[12:52:24] DEBUG: Memory usage: 1692MB\n\u26a0 DEPRECATION: Feature will be removed in v4.0\nWaiting...\nReady.\nCache hit for key-3701\nStep 7/20: Building\n[12:52:24] INFO: Starting build process\nPushing to registry...\n\u26a0 DEPRECATION: Feature will be removed in v4.0\nCompiling lib/handler.rs...\nCache restored successfully (62MB)\npip: Collecting prettier\nRan 165 tests in 26s\nImage pulled successfully\nEnvironment: test\nWARNING: axios has known vulnerabilities\nRan 29 tests in 29s\n=== Step restore_cache completed ===\n=== Step: e2e_tests ===\nCoverage: 81% statements, 69% branches\nnpm notice: created a lockfile\nCache hit for key-3824\nyarn add: Done in 5.49s\n\u26a0 DEPRECATION: Feature will be removed in v2.0\n  PASS: test_user_create (76ms)\nArtifact uploaded: dist.zip (59MB)\nBuilding Docker image...\nGET /health - 200 (54ms)\nHEAD is now at 6f2e3c5\nLoading...\npip: Downloading jest-3.15.tar.gz\nCreating production build...\nLayer 7/9: RUN command\nReady.\nWARNING: lodash has known vulnerabilities\nSnapshots: 11 passed, 16 total\nLayer 5/11: ENV command\nLoading...\nnpm notice: created a lockfile\nPOST /upload - 202 (367ms)\n[12:52:24] INFO: Connecting to database\nPulling image: python:3.11\nStep 10/22: Installing dependencies\nCache hit for key-1223\nTest Suites: 42 passed, 44 total\nStep 7/25: Building\nFAILED: test_auth_login\nFetching from https://gcr.io/package.json\n[12:52:24] INFO: Request completed\nVerifying...\nConnection established\nWARNING: lodash has known vulnerabilities\nCompiling lib/utils.go...\nReady.\n[12:52:24] DEBUG: Memory usage: 1493MB\nOK\nCache hit for key-9788\nTransforming 942 files...\npip: Installing build dependencies...\nCache restored successfully (312MB)\n[12:52:24] INFO: Connecting to database\nCache invalidated: build\nFetching submodules...\nCache saved successfully\nConnection established\nReady.\n[12:52:24] WARN: Deprecated API usage\nUsing Python 3.9\nProcessing...\n[12:52:24] WARN: Deprecated API usage\n[12:52:24] WARN: Deprecated API usage\nWARNING: express has known vulnerabilities\nRan 176 tests in 25s\n[12:52:24] INFO: Starting build process\nCompiling utils/service.java...\nInstalling prettier@5.20.8\nyarn add: Done in 9.73s\nUsing Node.js 15.14.9\nLayer 7/12: RUN command\n[12:52:24] WARN: Deprecated API usage\nStep 13/18: Installing dependencies\nStep 11/18: Installing dependencies\nOK\n[12:52:24] DEBUG: Memory usage: 705MB\nProcessing...\nStep 2/24: Installing dependencies\n[12:52:24] ERROR: Connection failed\nRan 25 tests in 45s\n[12:52:24] WARN: Deprecated API usage\nCache invalidated: dependencies\nnpm notice: package.json updated\n[12:52:24] INFO: Cache refreshed\nFetching submodules...\nChecking out develop branch\nStep 10/25: Deploying\n[12:52:24] INFO: Cache refreshed\n[12:52:24] WARN: Deprecated API usage\nPulling image: alpine:18\nCompleted.\n\u2713 Step 'build' succeeded\nCache invalidated: node_modules\nPulling image: node:3.11\nAlready up to date.\nFetching submodules...\nTime: 2.198s\n\u26a0 DEPRECATION: Feature will be removed in v4.0\nPulling image: node:3.11\nCache hit for key-2599\nArtifact uploaded: dist.zip (39MB)\n\u26a0 DEPRECATION: Feature will be removed in v3.0\nTime: 48.756s\nReady.\nSuccess!\nException: TypeError\nnpm notice: created a lockfile\nnpm install: added 299 packages\nStep 5/21: Installing dependencies\nPlatform: darwin-arm64\nUploading artifact 'build' (9 files)\n[12:52:24] DEBUG: Memory usage: 1118MB\nCompiling utils/index.js...\nInstalling axios@4.3.3\nTest Suites: 24 passed, 34 total\npip: Downloading webpack-2.9.tar.gz\nTest Suites: 32 passed, 44 total\nStep 17/18: Building\n\u2713 Task completed in 4613ms\nUsing Node.js 18.18.3\nCompiling src/app.ts...\npip install: Successfully installed jest-3.20\nnpm install: added 461 packages\nDone.\n[12:52:24] WARN: Deprecated API usage\nUploading artifact 'build' (14 files)\nTime: 9.864s\n\u2713 Task completed in 2191ms\nRan 34 tests in 26s\nSwitched to branch 'bugfix/task-877'\nUploading artifact 'build' (14 files)\nCache restored successfully (79MB)\nStep 9/17: Installing dependencies\nWARNING: express has known vulnerabilities\nSnapshots: 32 passed, 2 total\nUsing Node.js 20.9.9\nCompiling lib/handler.rs...\n[12:52:24] WARN: Deprecated API usage\n[12:52:24] DEBUG: Memory usage: 1583MB\nTest Suites: 27 passed, 25 total\n\u26a0 DEPRECATION: Feature will be removed in v5.0\nDone.\nFinished.\nHEAD is now at 3369441\nWaiting...\nImage pulled successfully\nMinifying app.js\nStep 16/18: Building\nMinifying app.js\npip: Installing build dependencies...\nCache miss for key-9238\n  PASS: test_cache_hit (250ms)\n[12:52:24] DEBUG: Initializing service\nTLS handshake completed\n[12:52:24] DEBUG: Query executed in 99ms\nCompiling components/handler.rs...\nSwitched to branch 'hotfix/task-170'\nSuccess!\nnpm install: added 96 packages\nDone.\nPushing to registry...\nnpm notice: package.json updated\nStep 16/24: Running migrations\nCache restored successfully (494MB)\nFAILED: test_cache_hit\nCompleted.\npip: Collecting jest\nBundling runtime.css\nCreating production build...\nTests: 344 passed, 287 total\n[12:52:24] DEBUG: Query executed in 37ms\n[12:52:24] DEBUG: Loading configuration\n\u26a0 DEPRECATION: Feature will be removed in v2.0\nTime: 70.672s\n[12:52:24] INFO: Request completed\nUsing Python 3.12\nArtifact uploaded: build.tar.gz (41MB)\nStep 18/19: Running migrations\nArtifact downloaded: 19MB\nPOST /data - 200 (136ms)\nFetching from https://gcr.io/package.json\nSuccess!\nReady.\nnpm notice: package.json updated\n[12:52:24] DEBUG: Initializing service\nHEAD is now at 08dc2f9\nStep 9/25: Building\nUploading artifact 'coverage' (13 files)\nStep 20/21: Building\n[12:52:24] DEBUG: Initializing service\nCache saved successfully\n\u26a0 DEPRECATION: Feature will be removed in v3.0\nTLS handshake completed\nArtifact uploaded: dist.zip (84MB)\npip: Downloading prettier-4.7.tar.gz\nReady.\n\u2713 Step 'build' succeeded\nStep 4/25: Running migrations\n[12:52:24] INFO: Processing request\nCompiling lib/index.js...\n[12:52:24] DEBUG: Initializing service\nnpm notice: created a lockfile\nOptimizing 93 modules...\n[12:52:24] WARN: Deprecated API usage\nSuccess!\nCache invalidated: node_modules\nCache miss for key-9218\nLayer 1/15: ENV command\n[12:52:24] DEBUG: Query executed in 82ms\nArtifact downloaded: 34MB\nStep 4/20: Linting\nReady.\nArtifact downloaded: 37MB\nCreating production build...\npip install: Successfully installed webpack-4.15\nFetching submodules...\nLayer 10/8: COPY command\nSwitched to branch 'hotfix/task-498'\nnpm notice: created a lockfile\nVerifying...\nnpm install: resolved 416 packages\nHEAD is now at a1f5737\nStep 19/23: Running migrations\nCache miss for key-8242\nPulling image: python:latest\nyarn add: Done in 4.31s\nTransforming 893 files...\nDone.\nDone.\nWARNING: webpack has known vulnerabilities\nStep 16/24: Running migrations\nFinished.\nCache miss for key-5949\n\u2713 Task completed in 352ms\nOptimizing 66 modules...\n\u26a0 DEPRECATION: Feature will be removed in v4.0\npip: Downloading express-2.14.tar.gz\nAlready up to date.\n\u26a0 DEPRECATION: Feature will be removed in v2.0\nCache hit for key-9748\n\u26a0 DEPRECATION: Feature will be removed in v3.0\npip: Collecting eslint\npip: Collecting webpack\n\u26a0 DEPRECATION: Feature will be removed in v3.0\nPushing to registry...\nImage pulled successfully\nWARNING: prettier has known vulnerabilities\nyarn add: Done in 16.85s\n\u26a0 DEPRECATION: Feature will be removed in v5.0\n[12:52:24] ERROR: Connection failed\nCreating production build...\nWaiting...\n[12:52:24] DEBUG: Connection pool: 8 active\n[12:52:24] INFO: Cache refreshed\nConnection established\n[12:52:24] DEBUG: Initializing service\nGET /health - 201 (61ms)\nTransforming 875 files...\nCreating production build...\nTLS handshake completed\nTest Suites: 8 passed, 16 total\nConnection established\nCache restored successfully (26MB)\nCache miss for key-3884\n[12:52:24] ERROR: Connection failed\nPOST /upload - 201 (155ms)\n[12:52:24] INFO: Starting build process\nProcessing...\nyarn add: Done in 9.73s\nAlready up to date.\nArtifact uploaded: dist.zip (30MB)\nReady.\n=== Step e2e_tests completed ===\n=== Step: deploy_staging ===\nStep 18/19: Building\nOK\nArtifact uploaded: build.tar.gz (25MB)\nHEAD is now at cce9bd6\nSwitched to branch 'feature/task-213'\nStep 4/22: Building\n[12:52:24] INFO: Starting build process\nyarn add: Done in 27.82s\nImage pulled successfully\nFinished.\nChecking out main branch\nnpm install: added 234 packages\n[12:52:24] INFO: Request completed\n[12:52:24] INFO: Processing request\nnpm notice: created a lockfile\nSwitched to branch 'hotfix/task-477'\nOK\nStep 8/16: Testing\nNODE_ENV=test\n[12:52:24] ERROR: Connection failed\nBuilding Docker image...\nCoverage: 80% statements, 97% branches\nReady.\n\u2713 Step 'setup' succeeded\nInstalling jest@2.14.9\nPOST /api - 200 (95ms)\nStep 2/20: Building\nWaiting...\nyarn add: Done in 8.11s\nConnection established\nStep 6/17: Deploying\npip: Collecting eslint\nBuilding Docker image...\nAlready up to date.\nFAILED: test_api_health\nCache restored successfully (422MB)\nCoverage: 95% statements, 94% branches\n\u2713 Step 'checkout' succeeded\nCompiling src/utils.go...\nOK\nnpm install: added 341 packages\nCoverage: 70% statements, 89% branches\n[12:52:24] DEBUG: Initializing service\nHEAD is now at 01bf48d\nPlatform: linux-x64\nTest Suites: 30 passed, 50 total\nCompiling src/handler.rs...\nCache restored successfully (110MB)\nPushing to registry...\nUsing Python 3.9\nChecking out main branch\nWARNING: express has known vulnerabilities\nEnvironment: production\nNODE_ENV=development\nTLS handshake completed\nReady.\nBuilding Docker image...\nCompiling lib/index.js...\nStep 14/16: Deploying\nWARNING: eslint has known vulnerabilities\nWARNING: lodash has known vulnerabilities\nWARNING: jest has known vulnerabilities\nVerifying...\nWARNING: react has known vulnerabilities\nOK\nOptimizing 82 modules...\npip: Collecting express\nCache hit for key-9684\nException: RuntimeError\nTransforming 246 files...\n[12:52:24] DEBUG: Loading configuration\n  PASS: unit/test_api_health.spec.js\nLoading...\nStep 5/16: Building\nTransforming 738 files...\nImage pulled successfully\n\u26a0 DEPRECATION: Feature will be removed in v5.0\nCache invalidated: build\nLoading...\nReady.\nyarn add: Done in 15.40s\nCache saved successfully\nSuccess!\nPushing to registry...\n[12:52:24] INFO: Cache refreshed\nnpm install: added 210 packages\n[12:52:24] DEBUG: Loading configuration\nSnapshots: 36 passed, 13 total\nProcessing...\nBundling vendor.js\nTest Suites: 6 passed, 43 total\npip: Collecting react\nBuilding Docker image...\n[12:52:24] DEBUG: Memory usage: 1264MB\nCache miss for key-7142\nnpm install: resolved 720 packages\nCompleted.\nTLS handshake completed\n[12:52:24] WARN: Deprecated API usage\nSwitched to branch 'hotfix/task-591'\n\u26a0 DEPRECATION: Feature will be removed in v5.0\nnpm install: resolved 1349 packages\nRan 78 tests in 16s\n[12:52:24] WARN: Deprecated API usage\n[12:52:24] DEBUG: Query executed in 76ms\n\u26a0 DEPRECATION: Feature will be removed in v3.0\nFetching submodules...\nNODE_ENV=production\nDone.\nFetching submodules...\nTLS handshake completed\nRan 84 tests in 24s\n[12:52:24] WARN: Deprecated API usage\nTest Suites: 30 passed, 33 total\n  PASS: integration/test_user_create.spec.js\nStep 12/18: Running migrations\n[12:52:24] INFO: Starting build process\nBuilding Docker image...\n\u26a0 DEPRECATION: Feature will be removed in v2.0\n[12:52:24] DEBUG: Loading configuration\nImage pulled successfully\nArtifact downloaded: 48MB\nInstalling webpack@4.6.0\nCompiling src/index.js...\n[12:52:24] INFO: Connecting to database\n[12:52:24] INFO: Starting build process\n[12:52:24] INFO: Starting build process\nTime: 30.593s\nStep 17/22: Testing\nStep 5/15: Linting\nUploading artifact 'build' (40 files)\nStep 9/19: Deploying\nFetching from https://docker.io/package.json\n\u2713 All checks passed\n\u26a0 DEPRECATION: Feature will be removed in v5.0\nFinished.\nnpm notice: created a lockfile\n[12:52:24] INFO: Processing request\nCache miss for key-1934\nVerifying...\n[12:52:24] INFO: Starting build process\nReady.\n[12:52:24] INFO: Starting build process\n\u26a0 DEPRECATION: Feature will be removed in v4.0\nCompiling lib/app.ts...\n[12:52:24] WARN: Deprecated API usage\nInstalling webpack@3.5.6\nBuilding Docker image...\nOK\n[12:52:24] ERROR: Connection failed\nChecking out master branch\n[12:52:24] DEBUG: Loading configuration\nnpm install: resolved 1232 packages\nPushing to registry...\nArtifact downloaded: 26MB\nSwitched to branch 'feature/task-696'\n\u2713 Step 'install' succeeded\nTests: 335 passed, 122 total\n\u26a0 DEPRECATION: Feature will be removed in v2.0\nCompiling src/handler.rs...\nTests: 316 passed, 369 total\nCache saved successfully\npip: Downloading prettier-4.17.tar.gz\nOptimizing 90 modules...\n[12:52:24] INFO: Cache refreshed\nnpm notice: created a lockfile\nCoverage: 75% statements, 91% branches\nLayer 1/13: RUN command\n[12:52:24] DEBUG: Initializing service\n[12:52:24] WARN: Deprecated API usage\nUploading artifact 'dist' (11 files)\n[12:52:24] INFO: Cache refreshed\nConnection established\nSnapshots: 29 passed, 6 total\n[12:52:24] INFO: Request completed\nArtifact uploaded: build.tar.gz (41MB)\nTransforming 844 files...\n[12:52:24] INFO: Cache refreshed\nStep 10/20: Installing dependencies\nCreating production build...\nCompleted.\nLayer 3/13: ENV command\nTransforming 533 files...\nWaiting...\nSuccess!\nCompiling lib/index.js...\npip: Downloading eslint-5.11.tar.gz\nVerifying...\nReady.\n\u2717 build failed with exit code 117\nBundling styles.js\npip install: Successfully installed react-1.16\nGenerating source maps...\n[12:52:24] INFO: Starting build process\n[12:52:24] DEBUG: Connection pool: 10 active\nSnapshots: 29 passed, 23 total\nImage pulled successfully\nEnvironment: test\nEnvironment: production\nStep 17/23: Testing\nCompiling src/utils.go...\nLoading...\nStep 5/21: Building\nEnvironment: development\n[12:52:24] WARN: Deprecated API usage\nFetching submodules...\nWaiting...\n[12:52:24] DEBUG: Initializing service\nCache saved successfully\nAlready up to date.\n[12:52:24] DEBUG: Connection pool: 7 active\n[12:52:24] WARN: Deprecated API usage\n[12:52:24] DEBUG: Loading configuration\nChecking out master branch\nRan 89 tests in 30s\nWaiting...\nAlready up to date.\nPOST /upload - 202 (218ms)\nCompiling src/handler.rs...\nGenerating source maps...\n[12:52:24] DEBUG: Loading configuration\nStep 10/19: Running migrations\n\u2713 Task completed in 4025ms\nReady.\npip: Collecting react\nStep 8/21: Testing\nDone.\npip install: Successfully installed prettier-5.16\nCompiling src/app.ts...\nCache restored successfully (408MB)\nReady.\nArtifact uploaded: dist.zip (39MB)\nBuilding Docker image...\nLoading...\n[12:52:24] DEBUG: Connection pool: 8 active\nSuccess!\nCreating production build...\nWARNING: express has known vulnerabilities\nConnection established\nUsing Node.js 17.15.9\npip install: Successfully installed express-5.5\npip: Collecting webpack\nImage pulled successfully\nWARNING: eslint has known vulnerabilities\nReady.\nCompiling lib/handler.rs...\nPOST /data - 200 (388ms)\n\u26a0 DEPRECATION: Feature will be removed in v4.0\nPOST /data - 202 (207ms)\nnpm install: added 188 packages\n\u2713 deploy completed\n  PASS: integration/test_auth_login.spec.js\nHEAD is now at f22ac92\nPOST /upload - 202 (68ms)\n[12:52:24] WARN: Deprecated API usage\nWaiting...\nTLS handshake completed\nnpm install: resolved 1346 packages\nEnvironment: test\nChecking out develop branch\nArtifact uploaded: build.tar.gz (43MB)\n=== Step deploy_staging completed ===",
    "steps": [
      {
        "name": "lint",
        "status": "success",
        "started_at": "2025-12-19T12:52:24.302103",
        "finished_at": "2025-12-19T12:52:37.771252",
        "log_lines": [
          "=== Step: lint ===",
          "[12:52:24] DEBUG: Initializing service",
          "  PASS: test_db_connect (139ms)",
          "HEAD is now at 52cce09",
          "npm notice: created a lockfile",
          "Finished.",
          "Cache restored successfully (481MB)",
          "[12:52:24] INFO: Request completed",
          "Layer 7/13: RUN command",
          "Cache invalidated: dependencies",
          "pip install: Successfully installed axios-5.16",
          "Uploading artifact 'build' (1 files)",
          "pip: Installing build dependencies...",
          "Compiling lib/utils.go...",
          "Already up to date.",
          "Switched to branch 'hotfix/task-434'",
          "Image pulled successfully",
          "Layer 1/8: COPY command",
          "Platform: linux-x64",
          "WARNING: webpack has known vulnerabilities",
          "  PASS: test_api_health (362ms)",
          "pip: Installing build dependencies...",
          "Checking out develop branch",
          "pip: Installing build dependencies...",
          "Finished.",
          "Building Docker image...",
          "Ran 31 tests in 24s",
          "[12:52:24] DEBUG: Loading configuration",
          "\u2713 Step 'checkout' succeeded",
          "Step 7/22: Deploying",
          "Already up to date.",
          "npm notice: created a lockfile",
          "Checking out main branch",
          "Fetching submodules...",
          "[12:52:24] WARN: Deprecated API usage",
          "Step 13/17: Testing",
          "Building Docker image...",
          "\u26a0 DEPRECATION: Feature will be removed in v3.0",
          "FAILED: test_api_health",
          "\u26a0 DEPRECATION: Feature will be removed in v4.0",
          "Step 14/20: Building",
          "Verifying...",
          "Optimizing 75 modules...",
          "Optimizing 93 modules...",
          "Step 2/24: Linting",
          "[12:52:24] INFO: Starting build process",
          "Compiling components/handler.rs...",
          "Image pulled successfully",
          "npm install: added 37 packages",
          "Installing express@1.13.3",
          "pip: Downloading axios-3.8.tar.gz",
          "Environment: test",
          "Coverage: 87% statements, 74% branches",
          "[12:52:24] WARN: Deprecated API usage",
          "Ready.",
          "[12:52:24] DEBUG: Loading configuration",
          "Cache restored successfully (145MB)",
          "[12:52:24] WARN: Deprecated API usage",
          "Cache miss for key-1861",
          "pip: Downloading axios-4.2.tar.gz",
          "Coverage: 86% statements, 76% branches",
          "Artifact uploaded: dist.zip (20MB)",
          "NODE_ENV=development",
          "  PASS: test_db_connect (45ms)",
          "yarn add: Done in 18.76s",
          "Coverage: 80% statements, 61% branches",
          "Processing...",
          "Step 17/20: Deploying",
          "Compiling src/utils.go...",
          "Ready.",
          "Exception: ValueError",
          "[12:52:24] INFO: Processing request",
          "Step 18/16: Linting",
          "npm notice: created a lockfile",
          "Transforming 643 files...",
          "[12:52:24] ERROR: Connection failed",
          "Building Docker image...",
          "pip: Installing build dependencies...",
          "[12:52:24] DEBUG: Initializing service",
          "Cache miss for key-2200",
          "Compiling lib/index.js...",
          "WARNING: webpack has known vulnerabilities",
          "Cache saved successfully",
          "[12:52:24] WARN: Deprecated API usage",
          "[12:52:24] DEBUG: Initializing service",
          "Step 9/20: Deploying",
          "TLS handshake completed",
          "Finished.",
          "Exception: NullPointerException",
          "Installing react@4.1.8",
          "Image pulled successfully",
          "Step 1/18: Running migrations",
          "  PASS: e2e/test_auth_login.spec.js",
          "Compiling lib/utils.go...",
          "\u2713 lint completed",
          "\u26a0 DEPRECATION: Feature will be removed in v5.0",
          "Switched to branch 'feature/task-357'",
          "[12:52:24] DEBUG: Memory usage: 422MB",
          "Done.",
          "[12:52:24] WARN: Deprecated API usage",
          "Transforming 913 files...",
          "POST /api - 202 (447ms)",
          "pip: Collecting jest",
          "Exception: ValueError",
          "pip install: Successfully installed jest-1.13",
          "Transforming 409 files...",
          "pip install: Successfully installed react-5.0",
          "Optimizing 18 modules...",
          "Exception: TypeError",
          "Cache restored successfully (298MB)",
          "npm notice: package.json updated",
          "Cache invalidated: build",
          "Cache invalidated: build",
          "npm install: resolved 1802 packages",
          "HEAD is now at be0446c",
          "Artifact uploaded: build.tar.gz (42MB)",
          "Transforming 685 files...",
          "Ran 179 tests in 36s",
          "Creating production build...",
          "[12:52:24] INFO: Starting build process",
          "NODE_ENV=production",
          "Compiling lib/service.java...",
          "Compiling lib/main.py...",
          "[12:52:24] INFO: Connecting to database",
          "Step 10/25: Running migrations",
          "Connection established",
          "Ran 137 tests in 6s",
          "OK",
          "[12:52:24] WARN: Deprecated API usage",
          "  PASS: integration/test_api_health.spec.js",
          "Exception: ValueError",
          "[12:52:24] WARN: Deprecated API usage",
          "Fetching from https://amazonaws.com/package.json",
          "FAILED: test_api_health",
          "WARNING: express has known vulnerabilities",
          "Artifact downloaded: 35MB",
          "Uploading artifact 'coverage' (25 files)",
          "Artifact downloaded: 29MB",
          "Transforming 831 files...",
          "Generating source maps...",
          "Fetching submodules...",
          "Compiling utils/handler.rs...",
          "Artifact uploaded: build.tar.gz (15MB)",
          "Waiting...",
          "Loading...",
          "Compiling src/app.ts...",
          "GET /health - 204 (77ms)",
          "Pushing to registry...",
          "  PASS: unit/test_auth_login.spec.js",
          "[12:52:24] WARN: Deprecated API usage",
          "pip: Downloading jest-5.9.tar.gz",
          "Transforming 662 files...",
          "npm install: resolved 309 packages",
          "Switched to branch 'bugfix/task-365'",
          "Environment: production",
          "Artifact uploaded: build.tar.gz (3MB)",
          "POST /api - 200 (352ms)",
          "Cache hit for key-8218",
          "Creating production build...",
          "Step 1/16: Deploying",
          "Minifying app.js",
          "Step 5/16: Building",
          "Artifact downloaded: 9MB",
          "[12:52:24] WARN: Deprecated API usage",
          "Artifact downloaded: 8MB",
          "Step 1/21: Deploying",
          "Compiling lib/handler.rs...",
          "WARNING: prettier has known vulnerabilities",
          "\u2713 All checks passed",
          "Success!",
          "Checking out main branch",
          "Switched to branch 'bugfix/task-854'",
          "Fetching from https://googleapis.com/package.json",
          "\u2713 Step 'setup' succeeded",
          "[12:52:24] INFO: Cache refreshed",
          "Tests: 71 passed, 125 total",
          "[12:52:24] INFO: Processing request",
          "Compiling src/main.py...",
          "[12:52:24] DEBUG: Query executed in 47ms",
          "Minifying main.js",
          "yarn add: Done in 29.58s",
          "Switched to branch 'hotfix/task-158'",
          "Ready.",
          "Uploading artifact 'dist' (40 files)",
          "Optimizing 54 modules...",
          "\u2713 Step 'build' succeeded",
          "Test Suites: 37 passed, 10 total",
          "Cache miss for key-7740",
          "WARNING: axios has known vulnerabilities",
          "\u2713 Step 'setup' succeeded",
          "  PASS: unit/test_api_health.spec.js",
          "[12:52:24] DEBUG: Initializing service",
          "Step 10/23: Linting",
          "\u26a0 DEPRECATION: Feature will be removed in v5.0",
          "Success!",
          "\u2713 lint completed",
          "Uploading artifact 'coverage' (42 files)",
          "Processing...",
          "[12:52:24] INFO: Connecting to database",
          "[12:52:24] INFO: Processing request",
          "Uploading artifact 'coverage' (43 files)",
          "Transforming 722 files...",
          "Minifying main.js",
          "Step 15/21: Testing",
          "Step 7/15: Deploying",
          "npm notice: created a lockfile",
          "Creating production build...",
          "Cache invalidated: build",
          "Compiling src/app.ts...",
          "Cache saved successfully",
          "Artifact downloaded: 25MB",
          "Success!",
          "Step 10/17: Building",
          "Step 10/19: Linting",
          "Exception: RuntimeError",
          "OK",
          "Step 12/18: Building",
          "Generating source maps...",
          "Fetching submodules...",
          "Using Python 3.10",
          "NODE_ENV=development",
          "\u26a0 DEPRECATION: Feature will be removed in v5.0",
          "Time: 91.257s",
          "\u26a0 DEPRECATION: Feature will be removed in v3.0",
          "\u2713 All checks passed",
          "Time: 31.591s",
          "Creating production build...",
          "[12:52:24] DEBUG: Connection pool: 9 active",
          "pip: Installing build dependencies...",
          "Fetching submodules...",
          "npm install: resolved 1665 packages",
          "\u2713 Step 'install' succeeded",
          "Success!",
          "  PASS: test_api_health (159ms)",
          "Already up to date.",
          "pip: Collecting express",
          "[12:52:24] DEBUG: Initializing service",
          "\u26a0 DEPRECATION: Feature will be removed in v3.0",
          "\u26a0 DEPRECATION: Feature will be removed in v2.0",
          "Finished.",
          "[12:52:24] INFO: Request completed",
          "Generating source maps...",
          "Artifact uploaded: dist.zip (8MB)",
          "Cache restored successfully (489MB)",
          "\u2717 build failed with exit code 53",
          "[12:52:24] DEBUG: Query executed in 92ms",
          "Cache miss for key-9976",
          "Pushing to registry...",
          "Loading...",
          "[12:52:24] DEBUG: Initializing service",
          "Cache restored successfully (76MB)",
          "Fetching submodules...",
          "pip: Installing build dependencies...",
          "Switched to branch 'hotfix/task-827'",
          "\u2713 All checks passed",
          "[12:52:24] DEBUG: Memory usage: 223MB",
          "Connection established",
          "OK",
          "Switched to branch 'bugfix/task-105'",
          "\u2713 Step 'setup' succeeded",
          "Fetching from https://pypi.org/package.json",
          "pip: Downloading axios-2.17.tar.gz",
          "=== Step lint completed ==="
        ]
      },
      {
        "name": "upload_artifacts",
        "status": "success",
        "started_at": "2025-12-19T12:52:37.771252",
        "finished_at": "2025-12-19T12:52:51.240401",
        "log_lines": [
          "=== Step: upload_artifacts ===",
          "Image pulled successfully",
          "\u2717 build failed with exit code 113",
          "Step 8/22: Running migrations",
          "Completed.",
          "Finished.",
          "Cache invalidated: node_modules",
          "[12:52:24] DEBUG: Loading configuration",
          "\u2717 build failed with exit code 96",
          "npm install: resolved 1360 packages",
          "Done.",
          "  PASS: e2e/test_cache_hit.spec.js",
          "Checking out develop branch",
          "[12:52:24] INFO: Connecting to database",
          "WARNING: webpack has known vulnerabilities",
          "\u26a0 DEPRECATION: Feature will be removed in v5.0",
          "Compiling src/main.py...",
          "[12:52:24] WARN: Deprecated API usage",
          "pip: Installing build dependencies...",
          "Checking out master branch",
          "Installing lodash@4.9.10",
          "npm notice: created a lockfile",
          "POST /upload - 201 (242ms)",
          "Connection established",
          "  PASS: test_auth_login (245ms)",
          "Connection established",
          "Environment: development",
          "Success!",
          "NODE_ENV=development",
          "Cache hit for key-5826",
          "pip: Installing build dependencies...",
          "Uploading artifact 'build' (47 files)",
          "\u2717 build failed with exit code 118",
          "\u2713 Task completed in 1537ms",
          "Fetching from https://googleapis.com/package.json",
          "Platform: win32-x64",
          "FAILED: test_user_create",
          "Pushing to registry...",
          "Step 12/24: Building",
          "Using Node.js 15.14.10",
          "Waiting...",
          "Waiting...",
          "npm install: added 349 packages",
          "Step 14/15: Deploying",
          "pip: Installing build dependencies...",
          "Environment: test",
          "[12:52:24] ERROR: Connection failed",
          "[12:52:24] DEBUG: Initializing service",
          "[12:52:24] WARN: Deprecated API usage",
          "Compiling utils/handler.rs...",
          "pip: Collecting axios",
          "Cache restored successfully (250MB)",
          "Switched to branch 'feature/task-719'",
          "Fetching submodules...",
          "OK",
          "Already up to date.",
          "Verifying...",
          "Snapshots: 31 passed, 39 total",
          "Done.",
          "Using Python 3.9",
          "Success!",
          "WARNING: eslint has known vulnerabilities",
          "[12:52:24] WARN: Deprecated API usage",
          "Loading...",
          "Installing eslint@1.10.10",
          "Creating production build...",
          "Step 9/25: Testing",
          "Loading...",
          "Done.",
          "Step 13/18: Testing",
          "Tests: 181 passed, 374 total",
          "Success!",
          "  PASS: e2e/test_db_connect.spec.js",
          "Loading...",
          "Pushing to registry...",
          "Image pulled successfully",
          "Pulling image: alpine:latest",
          "POST /upload - 202 (362ms)",
          "Layer 9/9: COPY command",
          "Connection established",
          "\u2713 Step 'checkout' succeeded",
          "Generating source maps...",
          "Artifact downloaded: 42MB",
          "\u2713 Task completed in 4193ms",
          "Ready.",
          "pip: Installing build dependencies...",
          "Step 4/19: Installing dependencies",
          "Success!",
          "Environment: test",
          "Processing...",
          "Platform: linux-x64",
          "[12:52:24] DEBUG: Loading configuration",
          "Cache miss for key-7566",
          "[12:52:24] WARN: Deprecated API usage",
          "TLS handshake completed",
          "Cache saved successfully",
          "Already up to date.",
          "\u2713 Step 'checkout' succeeded",
          "Installing express@2.1.0",
          "POST /api - 202 (25ms)",
          "Step 1/20: Installing dependencies",
          "Loading...",
          "Fetching submodules...",
          "\u2713 All checks passed",
          "npm notice: package.json updated",
          "\u26a0 DEPRECATION: Feature will be removed in v4.0",
          "GET /api - 204 (43ms)",
          "Step 10/23: Building",
          "Platform: linux-x64",
          "Compiling components/utils.go...",
          "Artifact uploaded: dist.zip (20MB)",
          "[12:52:24] INFO: Request completed",
          "pip: Downloading express-5.8.tar.gz",
          "Connection established",
          "Artifact uploaded: dist.zip (96MB)",
          "npm notice: created a lockfile",
          "Generating source maps...",
          "Verifying...",
          "Cache invalidated: node_modules",
          "Artifact uploaded: dist.zip (14MB)",
          "Platform: linux-x64",
          "pip: Installing build dependencies...",
          "Transforming 595 files...",
          "Waiting...",
          "yarn add: Done in 14.16s",
          "npm install: resolved 681 packages",
          "Already up to date.",
          "npm notice: created a lockfile",
          "[12:52:24] INFO: Request completed",
          "Step 12/21: Deploying",
          "Artifact downloaded: 22MB",
          "[12:52:24] INFO: Connecting to database",
          "Compiling src/utils.go...",
          "pip install: Successfully installed eslint-1.12",
          "[12:52:24] INFO: Connecting to database",
          "WARNING: webpack has known vulnerabilities",
          "Compiling components/main.py...",
          "Creating production build...",
          "Compiling lib/index.js...",
          "Compiling src/service.java...",
          "[12:52:24] INFO: Request completed",
          "TLS handshake completed",
          "Finished.",
          "Minifying app.js",
          "Cache miss for key-9583",
          "Bundling main.js",
          "[12:52:24] DEBUG: Loading configuration",
          "Using Node.js 18.4.4",
          "npm notice: created a lockfile",
          "Connection established",
          "Step 18/18: Linting",
          "[12:52:24] ERROR: Connection failed",
          "Cache hit for key-3229",
          "Image pulled successfully",
          "pip: Downloading axios-5.4.tar.gz",
          "[12:52:24] DEBUG: Loading configuration",
          "[12:52:24] INFO: Connecting to database",
          "\u2717 build failed with exit code 72",
          "Uploading artifact 'dist' (45 files)",
          "Compiling utils/app.ts...",
          "Switched to branch 'hotfix/task-259'",
          "\u26a0 DEPRECATION: Feature will be removed in v2.0",
          "npm install: added 377 packages",
          "[12:52:24] WARN: Deprecated API usage",
          "npm notice: created a lockfile",
          "[12:52:24] DEBUG: Initializing service",
          "WARNING: axios has known vulnerabilities",
          "[12:52:24] DEBUG: Connection pool: 18 active",
          "Fetching from https://googleapis.com/package.json",
          "GET /status - 200 (77ms)",
          "Artifact uploaded: dist.zip (49MB)",
          "\u26a0 DEPRECATION: Feature will be removed in v3.0",
          "\u26a0 DEPRECATION: Feature will be removed in v3.0",
          "[12:52:24] DEBUG: Memory usage: 1040MB",
          "Cache restored successfully (101MB)",
          "Cache miss for key-6356",
          "FAILED: test_db_connect",
          "Step 8/25: Running migrations",
          "Completed.",
          "Step 10/18: Running migrations",
          "[12:52:24] INFO: Connecting to database",
          "Processing...",
          "GET /health - 204 (75ms)",
          "Cache saved successfully",
          "Using Python 3.9",
          "[12:52:24] WARN: Deprecated API usage",
          "\u2713 Step 'install' succeeded",
          "\u26a0 DEPRECATION: Feature will be removed in v2.0",
          "Coverage: 94% statements, 78% branches",
          "npm install: resolved 393 packages",
          "Compiling src/utils.go...",
          "Fetching from https://registry.npmjs.org/package.json",
          "FAILED: test_user_create",
          "Compiling src/handler.rs...",
          "Uploading artifact 'dist' (32 files)",
          "pip: Downloading webpack-1.2.tar.gz",
          "[12:52:24] DEBUG: Memory usage: 1228MB",
          "Step 15/19: Deploying",
          "\u2713 package completed",
          "Test Suites: 44 passed, 12 total",
          "[12:52:24] WARN: Deprecated API usage",
          "HEAD is now at 0460d69",
          "Artifact uploaded: dist.zip (99MB)",
          "\u2717 build failed with exit code 95",
          "Snapshots: 6 passed, 36 total",
          "Using Node.js 17.15.8",
          "Snapshots: 10 passed, 22 total",
          "pip: Collecting eslint",
          "Cache saved successfully",
          "Time: 24.951s",
          "Artifact uploaded: build.tar.gz (31MB)",
          "[12:52:24] DEBUG: Loading configuration",
          "[12:52:24] WARN: Deprecated API usage",
          "Checking out main branch",
          "npm install: resolved 832 packages",
          "Step 8/17: Linting",
          "Fetching submodules...",
          "TLS handshake completed",
          "[12:52:24] WARN: Deprecated API usage",
          "Artifact uploaded: build.tar.gz (23MB)",
          "[12:52:24] DEBUG: Query executed in 13ms",
          "Cache saved successfully",
          "Uploading artifact 'coverage' (4 files)",
          "Cache hit for key-9830",
          "pip: Downloading axios-5.4.tar.gz",
          "Creating production build...",
          "Finished.",
          "[12:52:24] DEBUG: Query executed in 98ms",
          "[12:52:24] DEBUG: Loading configuration",
          "Bundling vendor.css",
          "Building Docker image...",
          "Step 6/25: Installing dependencies",
          "Ran 37 tests in 19s",
          "Cache hit for key-6795",
          "GET /status - 204 (99ms)",
          "Step 13/17: Building",
          "  PASS: e2e/test_user_create.spec.js",
          "[12:52:24] INFO: Cache refreshed",
          "\u2713 Task completed in 4278ms",
          "[12:52:24] INFO: Starting build process",
          "GET /status - 200 (90ms)",
          "TLS handshake completed",
          "Step 15/21: Running migrations",
          "\u2717 build failed with exit code 83",
          "  PASS: unit/test_auth_login.spec.js",
          "[12:52:24] DEBUG: Memory usage: 1188MB",
          "Platform: linux-x64",
          "Fetching submodules...",
          "[12:52:24] WARN: Deprecated API usage",
          "[12:52:24] INFO: Starting build process",
          "pip: Collecting express",
          "WARNING: axios has known vulnerabilities",
          "Building Docker image...",
          "\u2713 Task completed in 4659ms",
          "npm install: added 363 packages",
          "Loading...",
          "Cache restored successfully (455MB)",
          "Using Python 3.9",
          "[12:52:24] DEBUG: Query executed in 40ms",
          "Already up to date.",
          "[12:52:24] INFO: Cache refreshed",
          "GET /api - 200 (40ms)",
          "=== Step upload_artifacts completed ==="
        ]
      },
      {
        "name": "type_check",
        "status": "success",
        "started_at": "2025-12-19T12:52:51.240401",
        "finished_at": "2025-12-19T12:53:04.709550",
        "log_lines": [
          "=== Step: type_check ===",
          "[12:52:24] DEBUG: Memory usage: 773MB",
          "Waiting...",
          "Generating source maps...",
          "Cache saved successfully",
          "Installing lodash@5.0.1",
          "Uploading artifact 'dist' (8 files)",
          "pip install: Successfully installed prettier-1.7",
          "Time: 81.512s",
          "Artifact downloaded: 4MB",
          "  PASS: unit/test_db_connect.spec.js",
          "Finished.",
          "Layer 4/14: COPY command",
          "Verifying...",
          "Image pulled successfully",
          "Generating source maps...",
          "npm install: added 59 packages",
          "Artifact uploaded: build.tar.gz (6MB)",
          "Snapshots: 35 passed, 43 total",
          "\u2713 All checks passed",
          "[12:52:24] WARN: Deprecated API usage",
          "Verifying...",
          "  PASS: test_user_create (129ms)",
          "Artifact uploaded: build.tar.gz (47MB)",
          "Ready.",
          "Completed.",
          "Bundling styles.js",
          "Step 18/21: Testing",
          "Compiling components/service.java...",
          "Waiting...",
          "Compiling src/index.js...",
          "[12:52:24] INFO: Starting build process",
          "Ran 84 tests in 22s",
          "Artifact uploaded: build.tar.gz (47MB)",
          "POST /api - 202 (239ms)",
          "Compiling utils/main.py...",
          "Tests: 314 passed, 206 total",
          "\u26a0 DEPRECATION: Feature will be removed in v5.0",
          "[12:52:24] INFO: Processing request",
          "Creating production build...",
          "WARNING: axios has known vulnerabilities",
          "HEAD is now at cefd977",
          "\u2713 Step 'build' succeeded",
          "Waiting...",
          "[12:52:24] ERROR: Connection failed",
          "Switched to branch 'bugfix/task-424'",
          "Switched to branch 'hotfix/task-632'",
          "pip install: Successfully installed react-3.16",
          "Compiling utils/utils.go...",
          "Ran 18 tests in 17s",
          "Coverage: 80% statements, 80% branches",
          "Time: 68.145s",
          "Ready.",
          "Waiting...",
          "Step 18/18: Installing dependencies",
          "FAILED: test_api_health",
          "Environment: production",
          "Pushing to registry...",
          "Compiling components/main.py...",
          "Cache restored successfully (354MB)",
          "Transforming 613 files...",
          "Coverage: 78% statements, 69% branches",
          "npm notice: package.json updated",
          "Installing lodash@2.16.10",
          "[12:52:24] DEBUG: Memory usage: 983MB",
          "Pushing to registry...",
          "Compiling src/index.js...",
          "Done.",
          "Done.",
          "Success!",
          "\u26a0 DEPRECATION: Feature will be removed in v5.0",
          "Done.",
          "[12:52:24] INFO: Cache refreshed",
          "Optimizing 27 modules...",
          "pip: Installing build dependencies...",
          "Using Node.js 16.8.3",
          "Layer 2/10: RUN command",
          "HEAD is now at cc3b081",
          "TLS handshake completed",
          "Generating source maps...",
          "Generating source maps...",
          "Cache miss for key-2263",
          "Time: 85.813s",
          "Success!",
          "Success!",
          "Step 5/16: Running migrations",
          "POST /data - 200 (66ms)",
          "Step 6/23: Linting",
          "[12:52:24] DEBUG: Initializing service",
          "Completed.",
          "Coverage: 72% statements, 73% branches",
          "Using Node.js 16.6.3",
          "pip install: Successfully installed axios-4.0",
          "[12:52:24] DEBUG: Memory usage: 194MB",
          "Ran 16 tests in 39s",
          "\u26a0 DEPRECATION: Feature will be removed in v4.0",
          "Step 19/24: Running migrations",
          "[12:52:24] INFO: Connecting to database",
          "Compiling src/index.js...",
          "Tests: 205 passed, 123 total",
          "Test Suites: 25 passed, 30 total",
          "Completed.",
          "Completed.",
          "[12:52:24] DEBUG: Loading configuration",
          "yarn add: Done in 28.37s",
          "npm notice: created a lockfile",
          "\u26a0 DEPRECATION: Feature will be removed in v4.0",
          "\u2713 Step 'setup' succeeded",
          "Image pulled successfully",
          "  PASS: test_db_connect (291ms)",
          "Using Python 3.10",
          "\u2713 Step 'install' succeeded",
          "Installing react@1.9.1",
          "Using Python 3.10",
          "Compiling utils/utils.go...",
          "\u2713 Task completed in 1511ms",
          "Bundling runtime.js",
          "pip install: Successfully installed jest-5.10",
          "pip: Collecting jest",
          "WARNING: eslint has known vulnerabilities",
          "npm notice: package.json updated",
          "\u2713 Step 'setup' succeeded",
          "Bundling vendor.css",
          "Ready.",
          "Fetching from https://pypi.org/package.json",
          "Compiling utils/app.ts...",
          "[12:52:24] WARN: Deprecated API usage",
          "TLS handshake completed",
          "WARNING: react has known vulnerabilities",
          "Tests: 135 passed, 492 total",
          "\u26a0 DEPRECATION: Feature will be removed in v4.0",
          "Building Docker image...",
          "Using Node.js 17.13.8",
          "Already up to date.",
          "Snapshots: 34 passed, 27 total",
          "Building Docker image...",
          "Loading...",
          "Step 8/18: Deploying",
          "Creating production build...",
          "Fetching submodules...",
          "Step 19/24: Deploying",
          "[12:52:24] INFO: Connecting to database",
          "Compiling utils/utils.go...",
          "pip: Installing build dependencies...",
          "Completed.",
          "[12:52:24] INFO: Request completed",
          "WARNING: axios has known vulnerabilities",
          "Platform: darwin-arm64",
          "Artifact uploaded: dist.zip (84MB)",
          "Step 4/17: Linting",
          "Time: 28.877s",
          "[12:52:24] DEBUG: Memory usage: 1505MB",
          "Completed.",
          "Environment: test",
          "Platform: win32-x64",
          "[12:52:24] INFO: Processing request",
          "[12:52:24] WARN: Deprecated API usage",
          "OK",
          "yarn add: Done in 4.37s",
          "\u2713 Task completed in 4190ms",
          "Compiling lib/main.py...",
          "pip: Collecting express",
          "Cache invalidated: node_modules",
          "Connection established",
          "Step 15/22: Running migrations",
          "Loading...",
          "\u2713 package completed",
          "Step 4/25: Running migrations",
          "Optimizing 15 modules...",
          "[12:52:24] INFO: Processing request",
          "Transforming 673 files...",
          "Snapshots: 37 passed, 23 total",
          "Uploading artifact 'coverage' (47 files)",
          "HEAD is now at cfae0cc",
          "Time: 88.797s",
          "[12:52:24] WARN: Deprecated API usage",
          "Cache saved successfully",
          "Platform: win32-x64",
          "Transforming 639 files...",
          "Cache invalidated: node_modules",
          "Minifying vendor.js",
          "Step 7/23: Running migrations",
          "Ran 157 tests in 51s",
          "Tests: 187 passed, 163 total",
          "Using Node.js 19.7.1",
          "Layer 1/8: COPY command",
          "pip: Downloading prettier-4.2.tar.gz",
          "pip install: Successfully installed eslint-4.16",
          "Image pulled successfully",
          "Artifact uploaded: build.tar.gz (22MB)",
          "pip install: Successfully installed axios-1.9",
          "npm install: added 436 packages",
          "[12:52:24] DEBUG: Connection pool: 10 active",
          "[12:52:24] INFO: Cache refreshed",
          "Fetching submodules...",
          "[12:52:24] DEBUG: Loading configuration",
          "[12:52:24] ERROR: Connection failed",
          "WARNING: prettier has known vulnerabilities",
          "npm notice: created a lockfile",
          "Tests: 212 passed, 98 total",
          "pip: Installing build dependencies...",
          "[12:52:24] WARN: Deprecated API usage",
          "Step 6/21: Linting",
          "  PASS: unit/test_api_health.spec.js",
          "GET /health - 200 (53ms)",
          "Completed.",
          "POST /data - 201 (356ms)",
          "\u26a0 DEPRECATION: Feature will be removed in v3.0",
          "[12:52:24] DEBUG: Memory usage: 1657MB",
          "NODE_ENV=development",
          "Checking out master branch",
          "Success!",
          "Success!",
          "yarn add: Done in 30.21s",
          "Artifact uploaded: build.tar.gz (33MB)",
          "Bundling vendor.css",
          "GET /health - 201 (23ms)",
          "Test Suites: 23 passed, 30 total",
          "Compiling components/utils.go...",
          "\u2713 Task completed in 480ms",
          "\u2713 build completed",
          "npm install: resolved 1544 packages",
          "Test Suites: 23 passed, 50 total",
          "Using Node.js 17.10.10",
          "[12:52:24] DEBUG: Connection pool: 6 active",
          "Loading...",
          "Creating production build...",
          "\u2713 Task completed in 4807ms",
          "OK",
          "Step 2/15: Linting",
          "[12:52:24] DEBUG: Query executed in 49ms",
          "Fetching submodules...",
          "Compiling utils/main.py...",
          "Coverage: 97% statements, 71% branches",
          "[12:52:24] DEBUG: Loading configuration",
          "WARNING: lodash has known vulnerabilities",
          "Ran 93 tests in 11s",
          "Step 1/16: Testing",
          "Completed.",
          "[12:52:24] WARN: Deprecated API usage",
          "GET /status - 201 (24ms)",
          "Snapshots: 1 passed, 29 total",
          "Creating production build...",
          "[12:52:24] INFO: Processing request",
          "Building Docker image...",
          "[12:52:24] ERROR: Connection failed",
          "Installing prettier@1.0.7",
          "Artifact downloaded: 13MB",
          "Using Python 3.10",
          "Step 14/24: Deploying",
          "Artifact uploaded: build.tar.gz (38MB)",
          "Tests: 321 passed, 478 total",
          "Transforming 961 files...",
          "Ran 194 tests in 4s",
          "Bundling vendor.css",
          "Cache hit for key-2980",
          "npm notice: created a lockfile",
          "[12:52:24] DEBUG: Loading configuration",
          "pip: Collecting express",
          "Uploading artifact 'coverage' (44 files)",
          "\u2713 package completed",
          "npm notice: package.json updated",
          "=== Step type_check completed ==="
        ]
      },
      {
        "name": "checkout",
        "status": "success",
        "started_at": "2025-12-19T12:53:04.709550",
        "finished_at": "2025-12-19T12:53:10.097210",
        "log_lines": [
          "=== Step: checkout ===",
          "[12:52:24] INFO: Request completed",
          "OK",
          "[12:52:24] DEBUG: Initializing service",
          "Cache invalidated: node_modules",
          "[12:52:24] DEBUG: Query executed in 80ms",
          "Generating source maps...",
          "pip: Downloading axios-1.2.tar.gz",
          "pip: Installing build dependencies...",
          "Artifact uploaded: dist.zip (28MB)",
          "[12:52:24] DEBUG: Memory usage: 679MB",
          "Building Docker image...",
          "Finished.",
          "Done.",
          "Step 16/16: Building",
          "[12:52:24] INFO: Request completed",
          "Pushing to registry...",
          "Loading...",
          "GET /api - 204 (6ms)",
          "npm notice: created a lockfile",
          "[12:52:24] ERROR: Connection failed",
          "Artifact downloaded: 32MB",
          "npm notice: created a lockfile",
          "[12:52:24] INFO: Cache refreshed",
          "Artifact uploaded: build.tar.gz (28MB)",
          "Artifact uploaded: dist.zip (32MB)",
          "npm install: added 15 packages",
          "[12:52:24] WARN: Deprecated API usage",
          "pip: Collecting eslint",
          "[12:52:24] INFO: Starting build process",
          "Pulling image: alpine:latest",
          "Test Suites: 29 passed, 25 total",
          "Transforming 784 files...",
          "[12:52:24] DEBUG: Loading configuration",
          "Minifying app.js",
          "Optimizing 73 modules...",
          "Platform: win32-x64",
          "Loading...",
          "Step 4/18: Deploying",
          "Success!",
          "Generating source maps...",
          "Loading...",
          "[12:52:24] INFO: Request completed",
          "FAILED: test_cache_hit",
          "Environment: development",
          "\u2713 Step 'test' succeeded",
          "WARNING: jest has known vulnerabilities",
          "Layer 1/13: ENV command",
          "Layer 7/12: ENV command",
          "[12:52:24] DEBUG: Connection pool: 5 active",
          "Compiling src/service.java...",
          "Layer 8/10: ENV command",
          "WARNING: axios has known vulnerabilities",
          "npm install: added 242 packages",
          "Compiling utils/handler.rs...",
          "\u2717 build failed with exit code 101",
          "Completed.",
          "Using Node.js 15.10.3",
          "Step 20/22: Building",
          "Minifying app.js",
          "Step 4/16: Installing dependencies",
          "Pushing to registry...",
          "Transforming 285 files...",
          "pip: Installing build dependencies...",
          "Creating production build...",
          "Creating production build...",
          "FAILED: test_cache_hit",
          "Using Node.js 16.19.9",
          "Building Docker image...",
          "pip: Collecting axios",
          "  PASS: unit/test_api_health.spec.js",
          "[12:52:24] INFO: Starting build process",
          "TLS handshake completed",
          "Cache restored successfully (264MB)",
          "\u26a0 DEPRECATION: Feature will be removed in v2.0",
          "Uploading artifact 'coverage' (12 files)",
          "Generating source maps...",
          "[12:52:24] DEBUG: Connection pool: 16 active",
          "Platform: win32-x64",
          "WARNING: lodash has known vulnerabilities",
          "[12:52:24] ERROR: Connection failed",
          "[12:52:24] INFO: Processing request",
          "Pulling image: alpine:3.11",
          "Success!",
          "npm notice: created a lockfile",
          "npm install: added 308 packages",
          "[12:52:24] DEBUG: Query executed in 82ms",
          "Creating production build...",
          "[12:52:24] INFO: Cache refreshed",
          "pip install: Successfully installed react-5.3",
          "Completed.",
          "Ran 72 tests in 47s",
          "Done.",
          "Waiting...",
          "Connection established",
          "Layer 7/10: COPY command",
          "WARNING: lodash has known vulnerabilities",
          "[12:52:24] INFO: Processing request",
          "Compiling lib/service.java...",
          "TLS handshake completed",
          "[12:52:24] DEBUG: Loading configuration",
          "Already up to date.",
          "Waiting...",
          "Switched to branch 'feature/task-360'",
          "[12:52:24] WARN: Deprecated API usage",
          "[12:52:24] DEBUG: Connection pool: 11 active",
          "Waiting...",
          "Bundling vendor.css",
          "\u2713 Step 'build' succeeded",
          "npm install: resolved 748 packages",
          "Tests: 122 passed, 470 total",
          "Bundling styles.js",
          "Using Node.js 18.17.4",
          "WARNING: webpack has known vulnerabilities",
          "\u2713 test completed",
          "\u26a0 DEPRECATION: Feature will be removed in v4.0",
          "[12:52:24] WARN: Deprecated API usage",
          "  PASS: test_user_create (34ms)",
          "Installing axios@3.6.0",
          "[12:52:24] INFO: Request completed",
          "Compiling utils/index.js...",
          "[12:52:24] DEBUG: Connection pool: 18 active",
          "Tests: 257 passed, 183 total",
          "Creating production build...",
          "Compiling lib/app.ts...",
          "yarn add: Done in 30.74s",
          "Fetching from https://npmjs.org/package.json",
          "\u2713 All checks passed",
          "[12:52:24] INFO: Processing request",
          "\u2713 All checks passed",
          "TLS handshake completed",
          "Cache invalidated: node_modules",
          "  PASS: e2e/test_user_create.spec.js",
          "Creating production build...",
          "[12:52:24] INFO: Cache refreshed",
          "[12:52:24] DEBUG: Memory usage: 1284MB",
          "POST /data - 200 (46ms)",
          "[12:52:24] DEBUG: Connection pool: 6 active",
          "POST /api - 200 (302ms)",
          "Building Docker image...",
          "Step 20/24: Building",
          "\u2713 validate completed",
          "[12:52:24] INFO: Request completed",
          "pip install: Successfully installed webpack-3.14",
          "Processing...",
          "[12:52:24] DEBUG: Memory usage: 686MB",
          "[12:52:24] INFO: Cache refreshed",
          "[12:52:24] WARN: Deprecated API usage",
          "Waiting...",
          "\u26a0 DEPRECATION: Feature will be removed in v5.0",
          "Transforming 223 files...",
          "NODE_ENV=development",
          "Compiling src/app.ts...",
          "Minifying app.js",
          "Ready.",
          "pip install: Successfully installed react-5.13",
          "npm notice: created a lockfile",
          "Pushing to registry...",
          "Loading...",
          "Ready.",
          "[12:52:24] INFO: Cache refreshed",
          "[12:52:24] INFO: Processing request",
          "Step 16/23: Deploying",
          "Tests: 233 passed, 129 total",
          "Minifying app.js",
          "Step 1/22: Testing",
          "[12:52:24] DEBUG: Loading configuration",
          "Optimizing 61 modules...",
          "[12:52:24] DEBUG: Memory usage: 410MB",
          "Connection established",
          "Step 15/21: Installing dependencies",
          "[12:52:24] INFO: Request completed",
          "Success!",
          "Snapshots: 46 passed, 21 total",
          "pip: Collecting express",
          "Waiting...",
          "Fetching submodules...",
          "pip: Downloading webpack-2.16.tar.gz",
          "Step 18/17: Deploying",
          "[12:52:24] WARN: Deprecated API usage",
          "[12:52:24] INFO: Cache refreshed",
          "npm install: added 50 packages",
          "Layer 4/9: ENV command",
          "\u26a0 DEPRECATION: Feature will be removed in v2.0",
          "Checking out master branch",
          "[12:52:24] DEBUG: Connection pool: 3 active",
          "Done.",
          "Done.",
          "TLS handshake completed",
          "\u26a0 DEPRECATION: Feature will be removed in v2.0",
          "Minifying main.js",
          "WARNING: axios has known vulnerabilities",
          "Step 16/21: Deploying",
          "pip: Installing build dependencies...",
          "[12:52:24] INFO: Cache refreshed",
          "Fetching submodules...",
          "Fetching submodules...",
          "\u2713 lint completed",
          "Bundling styles.css",
          "Ran 89 tests in 26s",
          "Ran 183 tests in 30s",
          "Layer 6/10: COPY command",
          "[12:52:24] ERROR: Connection failed",
          "OK",
          "\u2713 validate completed",
          "npm install: resolved 1622 packages",
          "Optimizing 58 modules...",
          "Cache saved successfully",
          "pip: Installing build dependencies...",
          "Compiling utils/app.ts...",
          "Step 12/23: Installing dependencies",
          "\u2713 validate completed",
          "Step 9/15: Deploying",
          "[12:52:24] INFO: Cache refreshed",
          "pip: Downloading react-4.15.tar.gz",
          "[12:52:24] INFO: Request completed",
          "Building Docker image...",
          "pip: Collecting axios",
          "pip: Installing build dependencies...",
          "Cache miss for key-2458",
          "npm install: resolved 108 packages",
          "[12:52:24] DEBUG: Connection pool: 8 active",
          "  PASS: e2e/test_cache_hit.spec.js",
          "Ran 15 tests in 14s",
          "npm notice: package.json updated",
          "[12:52:24] DEBUG: Initializing service",
          "pip: Collecting prettier",
          "TLS handshake completed",
          "[12:52:24] DEBUG: Initializing service",
          "Artifact downloaded: 26MB",
          "\u2717 build failed with exit code 75",
          "WARNING: jest has known vulnerabilities",
          "Cache saved successfully",
          "Tests: 327 passed, 358 total",
          "[12:52:24] WARN: Deprecated API usage",
          "[12:52:24] INFO: Processing request",
          "Switched to branch 'feature/task-270'",
          "Environment: production",
          "\u2713 All checks passed",
          "Cache saved successfully",
          "[12:52:24] DEBUG: Initializing service",
          "Compiling lib/index.js...",
          "TLS handshake completed",
          "[12:52:24] DEBUG: Query executed in 84ms",
          "Using Node.js 17.4.7",
          "Optimizing 30 modules...",
          "Fetching from https://githubusercontent.com/package.json",
          "Transforming 927 files...",
          "Ready.",
          "yarn add: Done in 19.38s",
          "Switched to branch 'bugfix/task-812'",
          "Image pulled successfully",
          "pip: Collecting express",
          "pip: Collecting eslint",
          "pip: Collecting express",
          "Image pulled successfully",
          "Compiling src/handler.rs...",
          "  PASS: integration/test_db_connect.spec.js",
          "Pulling image: alpine:3.11",
          "Minifying main.js",
          "HEAD is now at da67e48",
          "HEAD is now at 1899fc4",
          "=== Step checkout completed ==="
        ]
      },
      {
        "name": "setup_node",
        "status": "success",
        "started_at": "2025-12-19T12:53:10.097210",
        "finished_at": "2025-12-19T12:53:23.566359",
        "log_lines": [
          "=== Step: setup_node ===",
          "[12:52:24] DEBUG: Connection pool: 18 active",
          "Done.",
          "Minifying app.js",
          "  PASS: test_api_health (357ms)",
          "Step 10/19: Installing dependencies",
          "Time: 18.526s",
          "Exception: RuntimeError",
          "Pulling image: alpine:latest",
          "npm install: resolved 1778 packages",
          "Exception: TypeError",
          "Minifying vendor.js",
          "pip: Installing build dependencies...",
          "  PASS: test_auth_login (495ms)",
          "pip: Installing build dependencies...",
          "HEAD is now at 8024c13",
          "npm notice: package.json updated",
          "pip: Installing build dependencies...",
          "Compiling lib/index.js...",
          "[12:52:24] INFO: Connecting to database",
          "Waiting...",
          "Transforming 882 files...",
          "Cache invalidated: dependencies",
          "HEAD is now at 3315f72",
          "Step 17/23: Running migrations",
          "npm notice: package.json updated",
          "Artifact downloaded: 12MB",
          "Fetching submodules...",
          "  PASS: unit/test_cache_hit.spec.js",
          "Compiling src/app.ts...",
          "Pulling image: python:3.11",
          "[12:52:24] DEBUG: Connection pool: 17 active",
          "Artifact uploaded: dist.zip (25MB)",
          "POST /api - 201 (65ms)",
          "Waiting...",
          "\u2713 Step 'setup' succeeded",
          "Cache saved successfully",
          "Done.",
          "pip: Downloading jest-1.1.tar.gz",
          "\u26a0 DEPRECATION: Feature will be removed in v4.0",
          "\u2713 Task completed in 2635ms",
          "TLS handshake completed",
          "Pulling image: python:3.11",
          "pip: Installing build dependencies...",
          "Verifying...",
          "Artifact downloaded: 29MB",
          "Fetching from https://githubusercontent.com/package.json",
          "Snapshots: 49 passed, 13 total",
          "Cache hit for key-7893",
          "[12:52:24] INFO: Cache refreshed",
          "Snapshots: 24 passed, 20 total",
          "Compiling src/main.py...",
          "Transforming 602 files...",
          "Step 19/24: Running migrations",
          "Connection established",
          "[12:52:24] DEBUG: Connection pool: 9 active",
          "Already up to date.",
          "[12:52:24] INFO: Request completed",
          "npm install: added 432 packages",
          "[12:52:24] DEBUG: Connection pool: 5 active",
          "Pushing to registry...",
          "Loading...",
          "npm install: resolved 211 packages",
          "Finished.",
          "Completed.",
          "Cache miss for key-6414",
          "Switched to branch 'bugfix/task-323'",
          "Using Node.js 18.13.3",
          "npm install: added 189 packages",
          "Step 16/17: Linting",
          "Artifact downloaded: 21MB",
          "Generating source maps...",
          "Step 13/18: Deploying",
          "Switched to branch 'bugfix/task-111'",
          "Tests: 445 passed, 449 total",
          "Ran 146 tests in 21s",
          "Cache restored successfully (188MB)",
          "OK",
          "Coverage: 71% statements, 96% branches",
          "\u26a0 DEPRECATION: Feature will be removed in v2.0",
          "[12:52:24] WARN: Deprecated API usage",
          "Cache miss for key-2401",
          "Artifact downloaded: 48MB",
          "Pushing to registry...",
          "Cache saved successfully",
          "Layer 8/12: RUN command",
          "Coverage: 83% statements, 65% branches",
          "Time: 82.511s",
          "Artifact downloaded: 24MB",
          "[12:52:24] DEBUG: Connection pool: 13 active",
          "Compiling components/app.ts...",
          "npm notice: package.json updated",
          "\u26a0 DEPRECATION: Feature will be removed in v3.0",
          "[12:52:24] INFO: Connecting to database",
          "Uploading artifact 'build' (26 files)",
          "\u2713 Task completed in 3184ms",
          "[12:52:24] DEBUG: Connection pool: 11 active",
          "Step 3/19: Deploying",
          "\u26a0 DEPRECATION: Feature will be removed in v2.0",
          "TLS handshake completed",
          "Generating source maps...",
          "Success!",
          "Using Python 3.12",
          "Done.",
          "Exception: TypeError",
          "Connection established",
          "Artifact uploaded: build.tar.gz (15MB)",
          "Artifact uploaded: dist.zip (19MB)",
          "[12:52:24] DEBUG: Memory usage: 658MB",
          "  PASS: e2e/test_user_create.spec.js",
          "Done.",
          "GET /status - 204 (58ms)",
          "Installing eslint@5.12.7",
          "Step 11/25: Linting",
          "[12:52:24] INFO: Starting build process",
          "npm install: resolved 1804 packages",
          "pip: Downloading lodash-3.0.tar.gz",
          "[12:52:24] INFO: Connecting to database",
          "Compiling lib/service.java...",
          "pip: Collecting react",
          "\u2713 Step 'build' succeeded",
          "\u26a0 DEPRECATION: Feature will be removed in v4.0",
          "Step 7/25: Installing dependencies",
          "Platform: darwin-arm64",
          "\u26a0 DEPRECATION: Feature will be removed in v5.0",
          "Time: 13.292s",
          "Environment: test",
          "[12:52:24] DEBUG: Initializing service",
          "Fetching from https://pypi.org/package.json",
          "Generating source maps...",
          "Pulling image: node:latest",
          "Step 15/17: Building",
          "[12:52:24] INFO: Starting build process",
          "[12:52:24] DEBUG: Query executed in 76ms",
          "\u2713 All checks passed",
          "npm install: resolved 276 packages",
          "Pulling image: python:latest",
          "Bundling runtime.js",
          "GET /status - 200 (62ms)",
          "npm install: resolved 506 packages",
          "npm install: added 225 packages",
          "Verifying...",
          "TLS handshake completed",
          "[12:52:24] DEBUG: Initializing service",
          "Done.",
          "Uploading artifact 'coverage' (6 files)",
          "  PASS: integration/test_cache_hit.spec.js",
          "Using Python 3.12",
          "Cache restored successfully (12MB)",
          "Minifying app.js",
          "Switched to branch 'hotfix/task-967'",
          "Success!",
          "pip: Downloading eslint-2.16.tar.gz",
          "Fetching submodules...",
          "Loading...",
          "\u26a0 DEPRECATION: Feature will be removed in v5.0",
          "Step 6/16: Running migrations",
          "WARNING: lodash has known vulnerabilities",
          "\u2713 All checks passed",
          "[12:52:24] DEBUG: Query executed in 40ms",
          "Coverage: 71% statements, 64% branches",
          "Loading...",
          "Step 1/19: Running migrations",
          "\u26a0 DEPRECATION: Feature will be removed in v2.0",
          "Compiling src/index.js...",
          "[12:52:24] WARN: Deprecated API usage",
          "Installing jest@5.10.7",
          "Completed.",
          "pip: Downloading express-4.13.tar.gz",
          "GET /api - 200 (4ms)",
          "\u2713 Task completed in 1172ms",
          "Success!",
          "WARNING: eslint has known vulnerabilities",
          "Pushing to registry...",
          "Ran 40 tests in 17s",
          "TLS handshake completed",
          "Cache hit for key-4526",
          "Transforming 482 files...",
          "pip install: Successfully installed jest-1.10",
          "[12:52:24] INFO: Cache refreshed",
          "TLS handshake completed",
          "Platform: win32-x64",
          "Cache hit for key-9717",
          "[12:52:24] WARN: Deprecated API usage",
          "[12:52:24] WARN: Deprecated API usage",
          "Success!",
          "Bundling styles.css",
          "  PASS: test_api_health (302ms)",
          "Building Docker image...",
          "[12:52:24] DEBUG: Memory usage: 931MB",
          "Coverage: 89% statements, 87% branches",
          "Done.",
          "Cache hit for key-4139",
          "pip: Collecting webpack",
          "  PASS: test_user_create (100ms)",
          "Minifying main.js",
          "POST /data - 200 (45ms)",
          "[12:52:24] WARN: Deprecated API usage",
          "pip: Downloading axios-5.15.tar.gz",
          "Bundling styles.css",
          "Waiting...",
          "Fetching submodules...",
          "Ready.",
          "Cache restored successfully (49MB)",
          "Step 9/25: Running migrations",
          "Success!",
          "Building Docker image...",
          "Building Docker image...",
          "Cache miss for key-4939",
          "Cache invalidated: build",
          "Fetching from https://npmjs.org/package.json",
          "Artifact uploaded: build.tar.gz (15MB)",
          "npm notice: package.json updated",
          "Switched to branch 'bugfix/task-926'",
          "Compiling lib/handler.rs...",
          "Fetching from https://googleapis.com/package.json",
          "Platform: darwin-arm64",
          "  PASS: test_cache_hit (252ms)",
          "Already up to date.",
          "Verifying...",
          "Artifact downloaded: 45MB",
          "npm notice: created a lockfile",
          "WARNING: eslint has known vulnerabilities",
          "Done.",
          "Building Docker image...",
          "[12:52:24] INFO: Cache refreshed",
          "npm install: added 85 packages",
          "Environment: development",
          "NODE_ENV=production",
          "\u26a0 DEPRECATION: Feature will be removed in v5.0",
          "\u2713 lint completed",
          "Step 18/17: Linting",
          "Pushing to registry...",
          "\u2713 All checks passed",
          "Exception: TypeError",
          "Coverage: 100% statements, 87% branches",
          "Waiting...",
          "Test Suites: 48 passed, 35 total",
          "[12:52:24] INFO: Cache refreshed",
          "[12:52:24] DEBUG: Memory usage: 470MB",
          "Loading...",
          "Cache miss for key-6143",
          "Optimizing 71 modules...",
          "Transforming 832 files...",
          "GET /api - 200 (18ms)",
          "Processing...",
          "\u26a0 DEPRECATION: Feature will be removed in v5.0",
          "[12:52:24] DEBUG: Query executed in 41ms",
          "Step 18/22: Installing dependencies",
          "[12:52:24] INFO: Connecting to database",
          "  PASS: unit/test_user_create.spec.js",
          "HEAD is now at a9a1f02",
          "Success!",
          "[12:52:24] DEBUG: Loading configuration",
          "Already up to date.",
          "Snapshots: 40 passed, 10 total",
          "GET /api - 200 (28ms)",
          "Finished.",
          "Cache invalidated: node_modules",
          "HEAD is now at 510abe4",
          "Coverage: 75% statements, 73% branches",
          "Compiling lib/utils.go...",
          "=== Step setup_node completed ==="
        ]
      },
      {
        "name": "setup_environment",
        "status": "success",
        "started_at": "2025-12-19T12:53:23.566359",
        "finished_at": "2025-12-19T12:53:37.035508",
        "log_lines": [
          "=== Step: setup_environment ===",
          "\u2713 Step 'test' succeeded",
          "NODE_ENV=test",
          "Snapshots: 7 passed, 6 total",
          "Test Suites: 41 passed, 31 total",
          "FAILED: test_api_health",
          "npm install: added 395 packages",
          "TLS handshake completed",
          "FAILED: test_user_create",
          "Installing prettier@1.6.5",
          "[12:52:24] INFO: Connecting to database",
          "[12:52:24] INFO: Cache refreshed",
          "Creating production build...",
          "pip: Collecting prettier",
          "[12:52:24] DEBUG: Memory usage: 1603MB",
          "Tests: 387 passed, 464 total",
          "Optimizing 21 modules...",
          "\u26a0 DEPRECATION: Feature will be removed in v4.0",
          "Checking out master branch",
          "OK",
          "Building Docker image...",
          "Compiling utils/main.py...",
          "Artifact downloaded: 13MB",
          "Success!",
          "[12:52:24] DEBUG: Connection pool: 5 active",
          "pip: Collecting jest",
          "NODE_ENV=development",
          "[12:52:24] DEBUG: Initializing service",
          "[12:52:24] INFO: Starting build process",
          "FAILED: test_api_health",
          "Verifying...",
          "Step 15/23: Building",
          "Completed.",
          "[12:52:24] DEBUG: Loading configuration",
          "npm notice: package.json updated",
          "GET /status - 200 (12ms)",
          "Step 4/21: Building",
          "Artifact uploaded: dist.zip (43MB)",
          "Coverage: 87% statements, 71% branches",
          "Step 14/15: Installing dependencies",
          "Done.",
          "Bundling runtime.css",
          "HEAD is now at 9850462",
          "pip: Installing build dependencies...",
          "npm notice: created a lockfile",
          "Cache miss for key-5694",
          "\u2713 deploy completed",
          "OK",
          "npm install: added 439 packages",
          "[12:52:24] DEBUG: Query executed in 30ms",
          "  PASS: unit/test_db_connect.spec.js",
          "Installing jest@2.20.0",
          "Fetching from https://githubusercontent.com/package.json",
          "WARNING: eslint has known vulnerabilities",
          "Fetching from https://github.com/package.json",
          "  PASS: unit/test_user_create.spec.js",
          "Transforming 577 files...",
          "WARNING: eslint has known vulnerabilities",
          "[12:52:24] DEBUG: Loading configuration",
          "Compiling lib/handler.rs...",
          "TLS handshake completed",
          "Creating production build...",
          "Fetching submodules...",
          "Step 10/21: Building",
          "Image pulled successfully",
          "Step 12/22: Building",
          "Waiting...",
          "Cache hit for key-4020",
          "Waiting...",
          "Loading...",
          "Building Docker image...",
          "\u26a0 DEPRECATION: Feature will be removed in v3.0",
          "HEAD is now at 29d1fa2",
          "WARNING: lodash has known vulnerabilities",
          "GET /health - 204 (75ms)",
          "Step 12/16: Testing",
          "Processing...",
          "Installing eslint@1.20.8",
          "Finished.",
          "\u2713 test completed",
          "[12:52:24] INFO: Connecting to database",
          "Cache restored successfully (210MB)",
          "Cache miss for key-5954",
          "[12:52:24] INFO: Request completed",
          "Loading...",
          "Checking out main branch",
          "HEAD is now at 4fd6ec9",
          "Step 7/20: Testing",
          "Completed.",
          "[12:52:24] DEBUG: Loading configuration",
          "[12:52:24] DEBUG: Initializing service",
          "[12:52:24] WARN: Deprecated API usage",
          "Platform: darwin-arm64",
          "Cache invalidated: dependencies",
          "Finished.",
          "Minifying vendor.js",
          "[12:52:24] DEBUG: Memory usage: 267MB",
          "[12:52:24] INFO: Processing request",
          "\u26a0 DEPRECATION: Feature will be removed in v3.0",
          "Step 7/17: Linting",
          "Snapshots: 4 passed, 4 total",
          "npm notice: package.json updated",
          "\u2713 All checks passed",
          "Waiting...",
          "[12:52:24] WARN: Deprecated API usage",
          "Completed.",
          "Connection established",
          "Time: 51.176s",
          "[12:52:24] INFO: Request completed",
          "Minifying main.js",
          "Image pulled successfully",
          "\u2713 validate completed",
          "\u26a0 DEPRECATION: Feature will be removed in v4.0",
          "[12:52:24] INFO: Cache refreshed",
          "FAILED: test_db_connect",
          "pip install: Successfully installed axios-4.0",
          "Artifact uploaded: build.tar.gz (1MB)",
          "Uploading artifact 'build' (13 files)",
          "HEAD is now at 6427d38",
          "Done.",
          "Time: 116.986s",
          "Already up to date.",
          "[12:52:24] WARN: Deprecated API usage",
          "Step 3/17: Deploying",
          "POST /data - 200 (280ms)",
          "\u2713 Step 'setup' succeeded",
          "Exception: NullPointerException",
          "Step 11/18: Running migrations",
          "[12:52:24] INFO: Request completed",
          "Cache saved successfully",
          "  PASS: integration/test_cache_hit.spec.js",
          "\u2717 build failed with exit code 61",
          "Already up to date.",
          "Minifying vendor.js",
          "pip install: Successfully installed webpack-2.13",
          "  PASS: e2e/test_auth_login.spec.js",
          "Minifying app.js",
          "npm install: resolved 963 packages",
          "\u26a0 DEPRECATION: Feature will be removed in v4.0",
          "Transforming 972 files...",
          "Uploading artifact 'build' (41 files)",
          "[12:52:24] DEBUG: Connection pool: 10 active",
          "Installing axios@4.5.3",
          "Fetching from https://amazonaws.com/package.json",
          "Optimizing 35 modules...",
          "npm notice: created a lockfile",
          "[12:52:24] DEBUG: Connection pool: 17 active",
          "npm install: added 181 packages",
          "[12:52:24] DEBUG: Query executed in 52ms",
          "Done.",
          "  PASS: test_cache_hit (437ms)",
          "Snapshots: 10 passed, 42 total",
          "[12:52:24] DEBUG: Memory usage: 149MB",
          "[12:52:24] DEBUG: Loading configuration",
          "npm notice: created a lockfile",
          "Fetching from https://npmjs.org/package.json",
          "Waiting...",
          "Completed.",
          "Compiling utils/main.py...",
          "[12:52:24] DEBUG: Memory usage: 617MB",
          "NODE_ENV=development",
          "Generating source maps...",
          "Step 17/17: Building",
          "Step 5/16: Building",
          "Completed.",
          "Artifact downloaded: 10MB",
          "Cache hit for key-5067",
          "[12:52:24] WARN: Deprecated API usage",
          "[12:52:24] DEBUG: Initializing service",
          "\u26a0 DEPRECATION: Feature will be removed in v3.0",
          "[12:52:24] INFO: Request completed",
          "Connection established",
          "npm notice: package.json updated",
          "Pushing to registry...",
          "Processing...",
          "pip install: Successfully installed express-5.5",
          "[12:52:24] WARN: Deprecated API usage",
          "Pulling image: alpine:18",
          "\u26a0 DEPRECATION: Feature will be removed in v4.0",
          "Tests: 313 passed, 246 total",
          "OK",
          "[12:52:24] DEBUG: Loading configuration",
          "Test Suites: 15 passed, 38 total",
          "Minifying vendor.js",
          "Fetching from https://githubusercontent.com/package.json",
          "[12:52:24] WARN: Deprecated API usage",
          "[12:52:24] WARN: Deprecated API usage",
          "  PASS: unit/test_user_create.spec.js",
          "Optimizing 33 modules...",
          "Ready.",
          "Pushing to registry...",
          "pip: Collecting prettier",
          "Tests: 71 passed, 140 total",
          "HEAD is now at 2de633d",
          "Compiling utils/index.js...",
          "npm notice: package.json updated",
          "Building Docker image...",
          "POST /data - 201 (284ms)",
          "Verifying...",
          "Using Python 3.9",
          "npm install: added 206 packages",
          "Verifying...",
          "Artifact downloaded: 42MB",
          "Uploading artifact 'coverage' (5 files)",
          "Ran 176 tests in 24s",
          "Step 7/19: Building",
          "Cache invalidated: node_modules",
          "Done.",
          "Fetching from https://docker.io/package.json",
          "Step 10/19: Installing dependencies",
          "Optimizing 20 modules...",
          "[12:52:24] INFO: Connecting to database",
          "Step 17/21: Installing dependencies",
          "\u2713 Step 'install' succeeded",
          "\u26a0 DEPRECATION: Feature will be removed in v2.0",
          "Tests: 288 passed, 409 total",
          "Done.",
          "Step 12/21: Running migrations",
          "Loading...",
          "Generating source maps...",
          "TLS handshake completed",
          "FAILED: test_cache_hit",
          "Uploading artifact 'dist' (36 files)",
          "Tests: 183 passed, 324 total",
          "Optimizing 75 modules...",
          "[12:52:24] INFO: Connecting to database",
          "Using Python 3.12",
          "Time: 25.461s",
          "\u2713 test completed",
          "Loading...",
          "[12:52:24] INFO: Processing request",
          "Connection established",
          "Step 1/21: Linting",
          "Loading...",
          "Environment: production",
          "Transforming 624 files...",
          "Image pulled successfully",
          "pip: Downloading jest-3.11.tar.gz",
          "Done.",
          "Step 17/15: Building",
          "POST /upload - 202 (295ms)",
          "\u26a0 DEPRECATION: Feature will be removed in v3.0",
          "Installing prettier@1.4.9",
          "Step 10/20: Testing",
          "npm notice: package.json updated",
          "Artifact uploaded: build.tar.gz (14MB)",
          "Waiting...",
          "Pushing to registry...",
          "POST /data - 201 (286ms)",
          "Pulling image: python:3.11",
          "yarn add: Done in 19.5s",
          "\u2713 All checks passed",
          "[12:52:24] INFO: Cache refreshed",
          "Compiling utils/index.js...",
          "WARNING: react has known vulnerabilities",
          "Processing...",
          "\u2713 All checks passed",
          "Snapshots: 48 passed, 31 total",
          "Processing...",
          "[12:52:24] DEBUG: Memory usage: 258MB",
          "  PASS: test_user_create (475ms)",
          "  PASS: e2e/test_cache_hit.spec.js",
          "=== Step setup_environment completed ==="
        ]
      },
      {
        "name": "save_cache",
        "status": "success",
        "started_at": "2025-12-19T12:53:37.035508",
        "finished_at": "2025-12-19T12:53:45.116998",
        "log_lines": [
          "=== Step: save_cache ===",
          "Cache invalidated: dependencies",
          "Optimizing 83 modules...",
          "Using Python 3.10",
          "Generating source maps...",
          "WARNING: jest has known vulnerabilities",
          "Tests: 187 passed, 232 total",
          "TLS handshake completed",
          "pip: Installing build dependencies...",
          "Pushing to registry...",
          "yarn add: Done in 22.88s",
          "pip: Installing build dependencies...",
          "NODE_ENV=test",
          "Coverage: 87% statements, 86% branches",
          "Artifact uploaded: dist.zip (61MB)",
          "Loading...",
          "Artifact uploaded: build.tar.gz (7MB)",
          "Bundling main.js",
          "Tests: 426 passed, 75 total",
          "pip: Installing build dependencies...",
          "Done.",
          "Uploading artifact 'build' (28 files)",
          "Success!",
          "yarn add: Done in 28.25s",
          "Installing lodash@5.2.6",
          "\u2713 build completed",
          "Step 16/23: Building",
          "[12:52:24] DEBUG: Loading configuration",
          "WARNING: jest has known vulnerabilities",
          "Using Python 3.11",
          "Cache invalidated: build",
          "Using Python 3.11",
          "\u2713 Step 'install' succeeded",
          "Snapshots: 43 passed, 39 total",
          "Checking out master branch",
          "  PASS: test_api_health (280ms)",
          "Cache miss for key-4476",
          "\u2713 build completed",
          "TLS handshake completed",
          "Step 1/19: Testing",
          "[12:52:24] WARN: Deprecated API usage",
          "\u26a0 DEPRECATION: Feature will be removed in v4.0",
          "\u2717 build failed with exit code 21",
          "Step 14/15: Linting",
          "Transforming 275 files...",
          "Artifact downloaded: 2MB",
          "\u2713 Task completed in 4356ms",
          "Artifact uploaded: build.tar.gz (19MB)",
          "npm notice: created a lockfile",
          "GET /status - 201 (29ms)",
          "Compiling components/app.ts...",
          "Cache invalidated: node_modules",
          "Environment: staging",
          "Snapshots: 48 passed, 48 total",
          "npm notice: package.json updated",
          "Connection established",
          "NODE_ENV=test",
          "Pushing to registry...",
          "pip: Downloading axios-2.18.tar.gz",
          "[12:52:24] INFO: Starting build process",
          "Using Node.js 16.0.5",
          "HEAD is now at 5ad437a",
          "Step 19/25: Installing dependencies",
          "  PASS: test_auth_login (355ms)",
          "Step 20/25: Testing",
          "\u2713 Step 'install' succeeded",
          "\u2713 Task completed in 4700ms",
          "Optimizing 90 modules...",
          "Cache saved successfully",
          "Snapshots: 20 passed, 34 total",
          "HEAD is now at 932af7f",
          "Installing axios@4.1.2",
          "Connection established",
          "POST /api - 201 (174ms)",
          "Ready.",
          "Pulling image: node:latest",
          "[12:52:24] INFO: Connecting to database",
          "Pushing to registry...",
          "Success!",
          "Step 1/16: Building",
          "[12:52:24] DEBUG: Loading configuration",
          "Bundling styles.css",
          "Compiling utils/main.py...",
          "Cache saved successfully",
          "Transforming 156 files...",
          "Test Suites: 46 passed, 40 total",
          "pip: Collecting jest",
          "\u2713 All checks passed",
          "  PASS: e2e/test_user_create.spec.js",
          "Loading...",
          "Bundling vendor.css",
          "Waiting...",
          "pip install: Successfully installed eslint-5.18",
          "Compiling utils/index.js...",
          "[12:52:24] DEBUG: Query executed in 56ms",
          "Uploading artifact 'dist' (44 files)",
          "Ran 112 tests in 31s",
          "OK",
          "Artifact downloaded: 9MB",
          "Compiling lib/service.java...",
          "Artifact downloaded: 35MB",
          "Connection established",
          "Step 19/17: Running migrations",
          "Switched to branch 'hotfix/task-425'",
          "Compiling lib/handler.rs...",
          "Cache miss for key-2155",
          "Fetching submodules...",
          "Verifying...",
          "Uploading artifact 'dist' (31 files)",
          "pip install: Successfully installed webpack-5.8",
          "pip install: Successfully installed webpack-4.13",
          "Artifact uploaded: dist.zip (9MB)",
          "npm install: resolved 900 packages",
          "Pulling image: python:latest",
          "Processing...",
          "npm install: added 59 packages",
          "HEAD is now at ce60f26",
          "Time: 80.682s",
          "Step 3/24: Installing dependencies",
          "Cache saved successfully",
          "Artifact uploaded: build.tar.gz (14MB)",
          "Success!",
          "Cache saved successfully",
          "Step 3/20: Linting",
          "Pushing to registry...",
          "POST /upload - 200 (393ms)",
          "Time: 45.661s",
          "[12:52:24] WARN: Deprecated API usage",
          "[12:52:24] WARN: Deprecated API usage",
          "npm notice: package.json updated",
          "\u2717 build failed with exit code 57",
          "Waiting...",
          "Using Python 3.10",
          "Creating production build...",
          "Compiling components/app.ts...",
          "[12:52:24] INFO: Connecting to database",
          "Success!",
          "Ready.",
          "[12:52:24] DEBUG: Query executed in 63ms",
          "pip: Collecting express",
          "Artifact uploaded: dist.zip (87MB)",
          "Pulling image: python:18",
          "Uploading artifact 'build' (50 files)",
          "Pulling image: alpine:latest",
          "[12:52:24] INFO: Connecting to database",
          "\u26a0 DEPRECATION: Feature will be removed in v4.0",
          "  PASS: test_cache_hit (64ms)",
          "Step 2/24: Installing dependencies",
          "Verifying...",
          "GET /status - 204 (98ms)",
          "Checking out develop branch",
          "Compiling lib/handler.rs...",
          "\u2713 Task completed in 195ms",
          "Layer 4/8: RUN command",
          "Waiting...",
          "Minifying app.js",
          "pip: Installing build dependencies...",
          "Step 13/19: Building",
          "Cache hit for key-2843",
          "Verifying...",
          "Completed.",
          "Step 13/16: Testing",
          "Fetching from https://pypi.org/package.json",
          "\u2713 package completed",
          "Ran 166 tests in 14s",
          "[12:52:24] WARN: Deprecated API usage",
          "Waiting...",
          "Connection established",
          "Verifying...",
          "\u2713 All checks passed",
          "npm install: resolved 490 packages",
          "\u2717 build failed with exit code 28",
          "NODE_ENV=production",
          "Processing...",
          "Step 18/16: Testing",
          "Step 9/15: Running migrations",
          "[12:52:24] DEBUG: Query executed in 55ms",
          "Test Suites: 26 passed, 38 total",
          "npm notice: created a lockfile",
          "[12:52:24] DEBUG: Loading configuration",
          "Step 17/15: Installing dependencies",
          "[12:52:24] INFO: Request completed",
          "NODE_ENV=development",
          "[12:52:24] INFO: Connecting to database",
          "Platform: darwin-arm64",
          "Minifying main.js",
          "Done.",
          "Environment: test",
          "WARNING: react has known vulnerabilities",
          "NODE_ENV=production",
          "Finished.",
          "Uploading artifact 'coverage' (29 files)",
          "npm install: resolved 1425 packages",
          "Compiling utils/main.py...",
          "Connection established",
          "yarn add: Done in 11.22s",
          "[12:52:24] DEBUG: Memory usage: 724MB",
          "[12:52:24] DEBUG: Initializing service",
          "Time: 88.291s",
          "Artifact uploaded: dist.zip (89MB)",
          "\u2713 Task completed in 1257ms",
          "Generating source maps...",
          "Connection established",
          "[12:52:24] INFO: Processing request",
          "Transforming 789 files...",
          "Waiting...",
          "Artifact uploaded: dist.zip (98MB)",
          "Compiling utils/utils.go...",
          "Artifact downloaded: 12MB",
          "HEAD is now at 773b489",
          "[12:52:24] DEBUG: Loading configuration",
          "[12:52:24] INFO: Request completed",
          "Layer 5/13: ENV command",
          "Cache restored successfully (245MB)",
          "Uploading artifact 'coverage' (47 files)",
          "Artifact downloaded: 43MB",
          "OK",
          "Creating production build...",
          "[12:52:24] INFO: Starting build process",
          "Step 11/18: Deploying",
          "Uploading artifact 'build' (6 files)",
          "Step 1/24: Deploying",
          "pip: Installing build dependencies...",
          "Cache saved successfully",
          "Artifact uploaded: build.tar.gz (18MB)",
          "\u2713 All checks passed",
          "Waiting...",
          "Pulling image: alpine:18",
          "Artifact uploaded: build.tar.gz (15MB)",
          "pip: Collecting lodash",
          "Fetching from https://registry.npmjs.org/package.json",
          "[12:52:24] INFO: Request completed",
          "[12:52:24] INFO: Request completed",
          "Step 11/18: Deploying",
          "Checking out main branch",
          "npm notice: package.json updated",
          "Cache restored successfully (196MB)",
          "Using Python 3.9",
          "\u2713 All checks passed",
          "[12:52:24] DEBUG: Initializing service",
          "Waiting...",
          "Minifying app.js",
          "Cache saved successfully",
          "[12:52:24] DEBUG: Query executed in 71ms",
          "Done.",
          "pip: Installing build dependencies...",
          "Transforming 255 files...",
          "[12:52:24] INFO: Request completed",
          "FAILED: test_auth_login",
          "npm install: resolved 598 packages",
          "Done.",
          "\u26a0 DEPRECATION: Feature will be removed in v5.0",
          "Test Suites: 48 passed, 15 total",
          "Connection established",
          "  PASS: unit/test_cache_hit.spec.js",
          "[12:52:24] INFO: Cache refreshed",
          "[12:52:24] DEBUG: Initializing service",
          "Compiling lib/service.java...",
          "Creating production build...",
          "[12:52:24] INFO: Request completed",
          "GET /health - 204 (45ms)",
          "Verifying...",
          "=== Step save_cache completed ==="
        ]
      },
      {
        "name": "install_dependencies",
        "status": "success",
        "started_at": "2025-12-19T12:53:45.116998",
        "finished_at": "2025-12-19T12:54:25.524446",
        "log_lines": [
          "=== Step: install_dependencies ===",
          "Exception: NullPointerException",
          "[12:52:24] INFO: Connecting to database",
          "\u2717 build failed with exit code 14",
          "Test Suites: 18 passed, 42 total",
          "npm install: added 379 packages",
          "Using Node.js 19.3.3",
          "npm install: added 254 packages",
          "Transforming 457 files...",
          "Checking out master branch",
          "NODE_ENV=development",
          "Already up to date.",
          "[12:52:24] INFO: Processing request",
          "Cache invalidated: dependencies",
          "Time: 79.570s",
          "\u26a0 DEPRECATION: Feature will be removed in v5.0",
          "[12:52:24] INFO: Starting build process",
          "Bundling styles.js",
          "OK",
          "Cache restored successfully (97MB)",
          "\u26a0 DEPRECATION: Feature will be removed in v4.0",
          "Generating source maps...",
          "Test Suites: 47 passed, 22 total",
          "\u26a0 DEPRECATION: Feature will be removed in v4.0",
          "WARNING: react has known vulnerabilities",
          "Uploading artifact 'dist' (21 files)",
          "Compiling components/utils.go...",
          "npm notice: created a lockfile",
          "\u2713 Task completed in 3239ms",
          "[12:52:24] DEBUG: Initializing service",
          "  PASS: unit/test_user_create.spec.js",
          "Environment: development",
          "[12:52:24] DEBUG: Loading configuration",
          "Fetching submodules...",
          "Bundling main.css",
          "Verifying...",
          "[12:52:24] DEBUG: Memory usage: 1030MB",
          "Compiling lib/main.py...",
          "Fetching from https://docker.io/package.json",
          "TLS handshake completed",
          "Transforming 446 files...",
          "Compiling lib/app.ts...",
          "Compiling utils/app.ts...",
          "npm notice: package.json updated",
          "Ran 35 tests in 54s",
          "[12:52:24] DEBUG: Loading configuration",
          "  PASS: integration/test_api_health.spec.js",
          "Test Suites: 34 passed, 44 total",
          "Done.",
          "Tests: 332 passed, 333 total",
          "Checking out develop branch",
          "Waiting...",
          "  PASS: integration/test_api_health.spec.js",
          "Compiling components/index.js...",
          "Done.",
          "[12:52:24] DEBUG: Connection pool: 5 active",
          "Artifact uploaded: build.tar.gz (7MB)",
          "Compiling src/index.js...",
          "[12:52:24] WARN: Deprecated API usage",
          "[12:52:24] INFO: Request completed",
          "[12:52:24] DEBUG: Initializing service",
          "\u26a0 DEPRECATION: Feature will be removed in v3.0",
          "OK",
          "[12:52:24] DEBUG: Connection pool: 13 active",
          "Pushing to registry...",
          "\u26a0 DEPRECATION: Feature will be removed in v4.0",
          "Test Suites: 42 passed, 12 total",
          "Completed.",
          "pip: Downloading axios-3.17.tar.gz",
          "Completed.",
          "Installing eslint@5.20.2",
          "Fetching from https://gcr.io/package.json",
          "Processing...",
          "Compiling utils/app.ts...",
          "Loading...",
          "Compiling src/app.ts...",
          "Done.",
          "[12:52:24] INFO: Connecting to database",
          "Processing...",
          "Step 9/15: Running migrations",
          "  PASS: test_auth_login (404ms)",
          "\u2713 Task completed in 3665ms",
          "Using Python 3.10",
          "Transforming 154 files...",
          "\u26a0 DEPRECATION: Feature will be removed in v4.0",
          "npm notice: package.json updated",
          "Artifact downloaded: 45MB",
          "Environment: staging",
          "Test Suites: 24 passed, 34 total",
          "[12:52:24] INFO: Connecting to database",
          "Artifact uploaded: dist.zip (87MB)",
          "Step 20/24: Installing dependencies",
          "TLS handshake completed",
          "Already up to date.",
          "pip: Installing build dependencies...",
          "npm install: resolved 1277 packages",
          "Layer 1/11: RUN command",
          "Minifying app.js",
          "Connection established",
          "Success!",
          "Using Python 3.10",
          "\u2713 Step 'build' succeeded",
          "Cache invalidated: node_modules",
          "Cache restored successfully (405MB)",
          "Test Suites: 40 passed, 48 total",
          "Coverage: 97% statements, 84% branches",
          "Snapshots: 10 passed, 16 total",
          "[12:52:24] DEBUG: Initializing service",
          "[12:52:24] INFO: Processing request",
          "NODE_ENV=test",
          "npm install: resolved 1967 packages",
          "Using Node.js 17.20.1",
          "pip: Downloading jest-5.4.tar.gz",
          "Fetching from https://docker.io/package.json",
          "yarn add: Done in 19.35s",
          "Finished.",
          "[12:52:24] WARN: Deprecated API usage",
          "[12:52:24] WARN: Deprecated API usage",
          "Minifying main.js",
          "Waiting...",
          "yarn add: Done in 21.85s",
          "Cache miss for key-9256",
          "[12:52:24] DEBUG: Initializing service",
          "Fetching submodules...",
          "Snapshots: 0 passed, 35 total",
          "pip: Downloading axios-1.4.tar.gz",
          "[12:52:24] DEBUG: Loading configuration",
          "Using Python 3.10",
          "Image pulled successfully",
          "[12:52:24] INFO: Processing request",
          "  PASS: test_cache_hit (302ms)",
          "npm notice: created a lockfile",
          "\u26a0 DEPRECATION: Feature will be removed in v2.0",
          "\u26a0 DEPRECATION: Feature will be removed in v2.0",
          "\u2713 Task completed in 2670ms",
          "pip: Collecting webpack",
          "Step 20/24: Building",
          "Fetching from https://amazonaws.com/package.json",
          "HEAD is now at 700fec4",
          "Pushing to registry...",
          "Ready.",
          "Cache invalidated: build",
          "Done.",
          "WARNING: prettier has known vulnerabilities",
          "Time: 16.624s",
          "[12:52:24] DEBUG: Loading configuration",
          "Pushing to registry...",
          "Already up to date.",
          "Image pulled successfully",
          "NODE_ENV=production",
          "\u2717 build failed with exit code 85",
          "\u26a0 DEPRECATION: Feature will be removed in v5.0",
          "Success!",
          "Step 19/23: Deploying",
          "[12:52:24] WARN: Deprecated API usage",
          "  PASS: test_db_connect (170ms)",
          "\u2713 Task completed in 2661ms",
          "yarn add: Done in 30.28s",
          "Ran 47 tests in 42s",
          "Using Node.js 14.4.10",
          "Step 9/25: Building",
          "npm notice: created a lockfile",
          "OK",
          "Compiling src/service.java...",
          "Switched to branch 'hotfix/task-109'",
          "Completed.",
          "[12:52:24] DEBUG: Initializing service",
          "npm install: resolved 1963 packages",
          "Loading...",
          "NODE_ENV=test",
          "WARNING: prettier has known vulnerabilities",
          "[12:52:24] DEBUG: Query executed in 69ms",
          "npm notice: package.json updated",
          "npm notice: created a lockfile",
          "Using Python 3.9",
          "[12:52:24] DEBUG: Loading configuration",
          "Loading...",
          "Cache invalidated: build",
          "\u2713 All checks passed",
          "Bundling vendor.css",
          "Waiting...",
          "[12:52:24] WARN: Deprecated API usage",
          "Optimizing 96 modules...",
          "Done.",
          "TLS handshake completed",
          "NODE_ENV=production",
          "OK",
          "Minifying app.js",
          "Step 20/17: Testing",
          "Using Node.js 18.14.3",
          "Compiling utils/utils.go...",
          "Fetching from https://npmjs.org/package.json",
          "Artifact uploaded: dist.zip (20MB)",
          "Step 9/25: Building",
          "HEAD is now at ae622a6",
          "pip install: Successfully installed axios-2.5",
          "Already up to date.",
          "WARNING: eslint has known vulnerabilities",
          "Switched to branch 'bugfix/task-718'",
          "[12:52:24] ERROR: Connection failed",
          "Waiting...",
          "[12:52:24] WARN: Deprecated API usage",
          "\u2717 build failed with exit code 25",
          "  PASS: integration/test_auth_login.spec.js",
          "Snapshots: 9 passed, 8 total",
          "Creating production build...",
          "  PASS: test_cache_hit (289ms)",
          "  PASS: test_api_health (214ms)",
          "Verifying...",
          "Compiling utils/utils.go...",
          "[12:52:24] DEBUG: Connection pool: 6 active",
          "pip: Installing build dependencies...",
          "WARNING: eslint has known vulnerabilities",
          "Ran 37 tests in 23s",
          "Cache miss for key-3169",
          "Step 3/17: Installing dependencies",
          "Creating production build...",
          "Pulling image: python:18",
          "Uploading artifact 'build' (33 files)",
          "Time: 70.915s",
          "\u2713 Task completed in 3001ms",
          "Already up to date.",
          "Installing express@5.2.9",
          "\u26a0 DEPRECATION: Feature will be removed in v3.0",
          "Minifying main.js",
          "npm install: added 199 packages",
          "\u2713 Task completed in 4552ms",
          "Image pulled successfully",
          "[12:52:24] ERROR: Connection failed",
          "Cache restored successfully (489MB)",
          "[12:52:24] DEBUG: Memory usage: 646MB",
          "FAILED: test_auth_login",
          "[12:52:24] WARN: Deprecated API usage",
          "Coverage: 94% statements, 90% branches",
          "Cache saved successfully",
          "[12:52:24] WARN: Deprecated API usage",
          "npm notice: package.json updated",
          "Compiling lib/service.java...",
          "Transforming 765 files...",
          "pip: Installing build dependencies...",
          "[12:52:24] INFO: Processing request",
          "Pushing to registry...",
          "[12:52:24] DEBUG: Initializing service",
          "Artifact uploaded: dist.zip (66MB)",
          "Compiling utils/handler.rs...",
          "Environment: staging",
          "Loading...",
          "\u26a0 DEPRECATION: Feature will be removed in v2.0",
          "Creating production build...",
          "Step 2/21: Building",
          "Pulling image: node:18",
          "TLS handshake completed",
          "Finished.",
          "[12:52:24] DEBUG: Connection pool: 8 active",
          "Connection established",
          "Exception: RuntimeError",
          "pip: Downloading jest-3.1.tar.gz",
          "\u26a0 DEPRECATION: Feature will be removed in v4.0",
          "Loading...",
          "POST /data - 202 (101ms)",
          "Switched to branch 'feature/task-124'",
          "Using Python 3.9",
          "=== Step install_dependencies completed ==="
        ]
      },
      {
        "name": "deploy_production",
        "status": "success",
        "started_at": "2025-12-19T12:54:25.524446",
        "finished_at": "2025-12-19T12:54:30.912106",
        "log_lines": [
          "=== Step: deploy_production ===",
          "Step 17/19: Building",
          "Snapshots: 21 passed, 25 total",
          "Uploading artifact 'build' (49 files)",
          "Installing express@4.12.6",
          "Snapshots: 16 passed, 13 total",
          "Minifying vendor.js",
          "Done.",
          "\u2713 Step 'test' succeeded",
          "Building Docker image...",
          "Artifact downloaded: 37MB",
          "Step 20/24: Running migrations",
          "Coverage: 96% statements, 79% branches",
          "  PASS: unit/test_db_connect.spec.js",
          "[12:52:24] DEBUG: Query executed in 86ms",
          "npm install: added 382 packages",
          "Artifact uploaded: build.tar.gz (15MB)",
          "Bundling vendor.css",
          "Done.",
          "Fetching from https://githubusercontent.com/package.json",
          "NODE_ENV=test",
          "Artifact uploaded: dist.zip (22MB)",
          "[12:52:24] DEBUG: Memory usage: 1314MB",
          "Waiting...",
          "Coverage: 95% statements, 100% branches",
          "Completed.",
          "Platform: darwin-arm64",
          "Compiling lib/service.java...",
          "Completed.",
          "Step 1/18: Deploying",
          "[12:52:24] INFO: Cache refreshed",
          "[12:52:24] DEBUG: Memory usage: 568MB",
          "Pushing to registry...",
          "  PASS: integration/test_db_connect.spec.js",
          "Cache restored successfully (339MB)",
          "Coverage: 87% statements, 98% branches",
          "Uploading artifact 'build' (17 files)",
          "\u2713 All checks passed",
          "  PASS: test_cache_hit (247ms)",
          "\u2713 All checks passed",
          "  PASS: test_auth_login (78ms)",
          "Building Docker image...",
          "Pulling image: python:3.11",
          "Success!",
          "Cache restored successfully (292MB)",
          "Checking out main branch",
          "NODE_ENV=production",
          "Transforming 160 files...",
          "Generating source maps...",
          "[12:52:24] INFO: Cache refreshed",
          "\u2713 Step 'install' succeeded",
          "Compiling lib/index.js...",
          "Cache restored successfully (458MB)",
          "Step 11/18: Running migrations",
          "Using Python 3.9",
          "[12:52:24] WARN: Deprecated API usage",
          "\u2713 Task completed in 1611ms",
          "Step 9/25: Testing",
          "[12:52:24] DEBUG: Connection pool: 3 active",
          "\u2713 build completed",
          "Fetching submodules...",
          "Pushing to registry...",
          "Tests: 429 passed, 96 total",
          "pip: Collecting lodash",
          "Loading...",
          "\u2713 validate completed",
          "POST /api - 201 (174ms)",
          "  PASS: test_auth_login (487ms)",
          "[12:52:24] WARN: Deprecated API usage",
          "Step 3/22: Testing",
          "[12:52:24] INFO: Cache refreshed",
          "\u2713 Step 'build' succeeded",
          "Artifact downloaded: 15MB",
          "Pushing to registry...",
          "NODE_ENV=development",
          "Compiling lib/service.java...",
          "Step 16/24: Linting",
          "Installing eslint@5.11.4",
          "Completed.",
          "npm notice: package.json updated",
          "\u2713 Task completed in 1273ms",
          "[12:52:24] INFO: Processing request",
          "\u2713 Step 'checkout' succeeded",
          "Cache hit for key-6708",
          "pip: Downloading axios-5.16.tar.gz",
          "Building Docker image...",
          "Generating source maps...",
          "OK",
          "Already up to date.",
          "pip: Collecting prettier",
          "Bundling runtime.js",
          "GET /status - 204 (48ms)",
          "HEAD is now at fd415d1",
          "Step 7/19: Deploying",
          "Waiting...",
          "NODE_ENV=production",
          "Building Docker image...",
          "[12:52:24] INFO: Request completed",
          "Completed.",
          "\u2713 All checks passed",
          "Switched to branch 'feature/task-706'",
          "Using Node.js 16.10.5",
          "[12:52:24] WARN: Deprecated API usage",
          "Waiting...",
          "npm notice: created a lockfile",
          "Finished.",
          "npm notice: created a lockfile",
          "Cache invalidated: dependencies",
          "Pulling image: alpine:latest",
          "Generating source maps...",
          "Cache saved successfully",
          "Waiting...",
          "Image pulled successfully",
          "Waiting...",
          "Already up to date.",
          "Loading...",
          "[12:52:24] INFO: Cache refreshed",
          "[12:52:24] DEBUG: Memory usage: 1235MB",
          "[12:52:24] INFO: Processing request",
          "Done.",
          "Processing...",
          "  PASS: integration/test_db_connect.spec.js",
          "NODE_ENV=production",
          "Compiling utils/index.js...",
          "Artifact uploaded: dist.zip (64MB)",
          "Building Docker image...",
          "Connection established",
          "Connection established",
          "  PASS: e2e/test_db_connect.spec.js",
          "pip: Downloading react-2.5.tar.gz",
          "Loading...",
          "pip: Downloading react-3.9.tar.gz",
          "WARNING: express has known vulnerabilities",
          "Artifact uploaded: dist.zip (61MB)",
          "Coverage: 78% statements, 72% branches",
          "[12:52:24] ERROR: Connection failed",
          "pip: Installing build dependencies...",
          "Ran 131 tests in 28s",
          "Tests: 174 passed, 242 total",
          "Bundling styles.css",
          "Checking out develop branch",
          "Already up to date.",
          "npm install: added 59 packages",
          "yarn add: Done in 14.55s",
          "HEAD is now at 395f2e3",
          "Time: 38.147s",
          "Compiling components/handler.rs...",
          "Cache restored successfully (107MB)",
          "Verifying...",
          "\u2713 test completed",
          "Cache invalidated: build",
          "[12:52:24] INFO: Starting build process",
          "Uploading artifact 'build' (44 files)",
          "Processing...",
          "pip: Collecting webpack",
          "Uploading artifact 'coverage' (13 files)",
          "Loading...",
          "Using Python 3.11",
          "Compiling components/utils.go...",
          "pip: Downloading react-4.20.tar.gz",
          "Processing...",
          "OK",
          "Artifact uploaded: build.tar.gz (6MB)",
          "Creating production build...",
          "Step 6/17: Running migrations",
          "npm install: resolved 1741 packages",
          "  PASS: test_auth_login (352ms)",
          "\u2713 validate completed",
          "Optimizing 42 modules...",
          "Time: 97.190s",
          "Verifying...",
          "[12:52:24] DEBUG: Loading configuration",
          "Connection established",
          "Processing...",
          "Snapshots: 16 passed, 30 total",
          "npm install: resolved 854 packages",
          "Step 18/18: Deploying",
          "npm notice: package.json updated",
          "Verifying...",
          "Layer 2/14: ENV command",
          "npm install: resolved 1906 packages",
          "\u2713 Task completed in 2629ms",
          "\u26a0 DEPRECATION: Feature will be removed in v2.0",
          "[12:52:24] ERROR: Connection failed",
          "Step 5/16: Deploying",
          "Fetching from https://amazonaws.com/package.json",
          "Layer 7/14: RUN command",
          "Pushing to registry...",
          "[12:52:24] DEBUG: Connection pool: 2 active",
          "\u2713 All checks passed",
          "Pulling image: python:18",
          "POST /api - 200 (425ms)",
          "Ran 147 tests in 2s",
          "[12:52:24] INFO: Starting build process",
          "Fetching submodules...",
          "npm notice: created a lockfile",
          "pip: Installing build dependencies...",
          "\u2717 build failed with exit code 60",
          "Pushing to registry...",
          "pip: Collecting prettier",
          "Fetching submodules...",
          "Bundling main.css",
          "[12:52:24] INFO: Cache refreshed",
          "Cache invalidated: dependencies",
          "pip: Collecting lodash",
          "[12:52:24] DEBUG: Initializing service",
          "npm notice: created a lockfile",
          "Cache restored successfully (20MB)",
          "Compiling utils/service.java...",
          "Artifact downloaded: 41MB",
          "npm notice: package.json updated",
          "Pulling image: python:latest",
          "Step 8/25: Running migrations",
          "Waiting...",
          "Finished.",
          "[12:52:24] INFO: Processing request",
          "FAILED: test_api_health",
          "Ran 170 tests in 57s",
          "Artifact downloaded: 44MB",
          "Step 14/25: Running migrations",
          "\u2713 Step 'setup' succeeded",
          "Layer 3/10: ENV command",
          "Creating production build...",
          "yarn add: Done in 9.47s",
          "Cache miss for key-6926",
          "Step 16/24: Deploying",
          "Cache restored successfully (53MB)",
          "Checking out master branch",
          "Building Docker image...",
          "Finished.",
          "TLS handshake completed",
          "\u26a0 DEPRECATION: Feature will be removed in v3.0",
          "Image pulled successfully",
          "Success!",
          "[12:52:24] DEBUG: Query executed in 90ms",
          "Pulling image: python:latest",
          "Step 5/20: Testing",
          "\u26a0 DEPRECATION: Feature will be removed in v4.0",
          "[12:52:24] DEBUG: Query executed in 80ms",
          "NODE_ENV=development",
          "Artifact downloaded: 19MB",
          "Connection established",
          "Uploading artifact 'dist' (42 files)",
          "Completed.",
          "[12:52:24] DEBUG: Loading configuration",
          "Completed.",
          "\u2713 Step 'test' succeeded",
          "Layer 4/13: RUN command",
          "Platform: darwin-arm64",
          "[12:52:24] INFO: Processing request",
          "[12:52:24] INFO: Starting build process",
          "Cache saved successfully",
          "\u2713 Step 'checkout' succeeded",
          "Installing eslint@1.19.9",
          "  PASS: e2e/test_user_create.spec.js",
          "Platform: linux-x64",
          "pip: Installing build dependencies...",
          "Already up to date.",
          "Ready.",
          "Pushing to registry...",
          "Minifying vendor.js",
          "\u26a0 DEPRECATION: Feature will be removed in v3.0",
          "=== Step deploy_production completed ==="
        ]
      },
      {
        "name": "unit_tests",
        "status": "success",
        "started_at": "2025-12-19T12:54:30.912106",
        "finished_at": "2025-12-19T12:55:11.319554",
        "log_lines": [
          "=== Step: unit_tests ===",
          "npm notice: created a lockfile",
          "Done.",
          "npm notice: created a lockfile",
          "[12:52:24] INFO: Request completed",
          "Image pulled successfully",
          "[12:52:24] INFO: Processing request",
          "Step 9/16: Linting",
          "OK",
          "Platform: win32-x64",
          "Using Python 3.10",
          "Tests: 281 passed, 133 total",
          "Optimizing 19 modules...",
          "Using Python 3.10",
          "\u2713 Task completed in 1979ms",
          "pip install: Successfully installed express-5.8",
          "pip: Installing build dependencies...",
          "Compiling src/utils.go...",
          "pip: Downloading lodash-3.4.tar.gz",
          "Installing prettier@5.20.1",
          "\u2713 Task completed in 1786ms",
          "Snapshots: 31 passed, 28 total",
          "Cache saved successfully",
          "TLS handshake completed",
          "Switched to branch 'bugfix/task-102'",
          "Image pulled successfully",
          "  PASS: test_user_create (218ms)",
          "[12:52:24] DEBUG: Initializing service",
          "NODE_ENV=development",
          "Artifact uploaded: dist.zip (66MB)",
          "[12:52:24] WARN: Deprecated API usage",
          "Uploading artifact 'coverage' (4 files)",
          "Compiling components/app.ts...",
          "\u2713 package completed",
          "npm install: resolved 879 packages",
          "HEAD is now at 0828f3b",
          "Coverage: 80% statements, 97% branches",
          "TLS handshake completed",
          "Finished.",
          "Switched to branch 'feature/task-646'",
          "Using Node.js 17.17.4",
          "Verifying...",
          "Layer 4/14: RUN command",
          "Fetching submodules...",
          "Building Docker image...",
          "npm install: resolved 1017 packages",
          "Completed.",
          "Optimizing 67 modules...",
          "TLS handshake completed",
          "Cache restored successfully (261MB)",
          "\u2713 package completed",
          "Cache saved successfully",
          "Uploading artifact 'build' (49 files)",
          "Artifact downloaded: 36MB",
          "Already up to date.",
          "POST /data - 200 (176ms)",
          "[12:52:24] INFO: Cache refreshed",
          "Environment: production",
          "Fetching submodules...",
          "npm notice: package.json updated",
          "Ready.",
          "[12:52:24] INFO: Cache refreshed",
          "yarn add: Done in 22.57s",
          "[12:52:24] INFO: Cache refreshed",
          "\u2713 All checks passed",
          "\u2713 Task completed in 4172ms",
          "Step 14/18: Linting",
          "Step 10/17: Linting",
          "pip install: Successfully installed lodash-5.1",
          "\u2713 Step 'test' succeeded",
          "Loading...",
          "Success!",
          "Building Docker image...",
          "Layer 1/15: ENV command",
          "OK",
          "npm install: resolved 542 packages",
          "pip: Installing build dependencies...",
          "Cache invalidated: build",
          "  PASS: e2e/test_db_connect.spec.js",
          "Done.",
          "Image pulled successfully",
          "Building Docker image...",
          "Step 6/17: Installing dependencies",
          "[12:52:24] WARN: Deprecated API usage",
          "\u26a0 DEPRECATION: Feature will be removed in v5.0",
          "Time: 22.812s",
          "pip: Downloading lodash-1.4.tar.gz",
          "TLS handshake completed",
          "Layer 6/10: RUN command",
          "Using Python 3.12",
          "POST /api - 200 (295ms)",
          "Connection established",
          "WARNING: express has known vulnerabilities",
          "NODE_ENV=development",
          "Waiting...",
          "[12:52:24] DEBUG: Loading configuration",
          "Verifying...",
          "\u2713 All checks passed",
          "[12:52:24] INFO: Processing request",
          "\u2717 build failed with exit code 61",
          "[12:52:24] DEBUG: Connection pool: 1 active",
          "Using Python 3.11",
          "  PASS: unit/test_auth_login.spec.js",
          "[12:52:24] INFO: Connecting to database",
          "Compiling lib/main.py...",
          "yarn add: Done in 20.57s",
          "pip: Downloading react-4.15.tar.gz",
          "\u26a0 DEPRECATION: Feature will be removed in v4.0",
          "[12:52:24] DEBUG: Memory usage: 1403MB",
          "Bundling main.js",
          "Completed.",
          "Waiting...",
          "Cache saved successfully",
          "Pulling image: node:latest",
          "pip: Collecting prettier",
          "Ready.",
          "  PASS: e2e/test_auth_login.spec.js",
          "Processing...",
          "Verifying...",
          "Exception: NullPointerException",
          "Generating source maps...",
          "Environment: production",
          "[12:52:24] WARN: Deprecated API usage",
          "[12:52:24] INFO: Starting build process",
          "GET /health - 200 (14ms)",
          "Verifying...",
          "Building Docker image...",
          "Switched to branch 'bugfix/task-573'",
          "Verifying...",
          "Finished.",
          "Completed.",
          "Image pulled successfully",
          "Snapshots: 48 passed, 12 total",
          "npm notice: package.json updated",
          "Finished.",
          "Ready.",
          "pip: Collecting webpack",
          "[12:52:24] INFO: Processing request",
          "npm install: added 492 packages",
          "Step 13/24: Linting",
          "TLS handshake completed",
          "Step 6/18: Deploying",
          "Creating production build...",
          "Uploading artifact 'coverage' (5 files)",
          "[12:52:24] ERROR: Connection failed",
          "Ready.",
          "Generating source maps...",
          "[12:52:24] DEBUG: Loading configuration",
          "WARNING: lodash has known vulnerabilities",
          "WARNING: eslint has known vulnerabilities",
          "OK",
          "Bundling main.js",
          "Using Python 3.10",
          "Transforming 640 files...",
          "Pulling image: alpine:3.11",
          "Image pulled successfully",
          "[12:52:24] WARN: Deprecated API usage",
          "Completed.",
          "OK",
          "\u2713 validate completed",
          "Artifact downloaded: 27MB",
          "Pushing to registry...",
          "Cache invalidated: build",
          "pip: Downloading express-2.10.tar.gz",
          "Building Docker image...",
          "Fetching from https://githubusercontent.com/package.json",
          "Image pulled successfully",
          "WARNING: jest has known vulnerabilities",
          "\u2713 All checks passed",
          "npm notice: package.json updated",
          "Generating source maps...",
          "Platform: win32-x64",
          "\u2713 package completed",
          "\u2713 Task completed in 4231ms",
          "Transforming 314 files...",
          "\u2713 All checks passed",
          "Cache invalidated: build",
          "  PASS: unit/test_cache_hit.spec.js",
          "NODE_ENV=production",
          "Pushing to registry...",
          "Pushing to registry...",
          "Step 6/24: Testing",
          "\u2713 All checks passed",
          "pip install: Successfully installed lodash-4.12",
          "Compiling utils/index.js...",
          "Finished.",
          "  PASS: e2e/test_cache_hit.spec.js",
          "NODE_ENV=production",
          "npm notice: created a lockfile",
          "[12:52:24] WARN: Deprecated API usage",
          "Checking out master branch",
          "[12:52:24] DEBUG: Memory usage: 887MB",
          "Using Node.js 20.3.1",
          "Test Suites: 48 passed, 27 total",
          "Step 16/18: Deploying",
          "Cache saved successfully",
          "Step 1/17: Linting",
          "Coverage: 87% statements, 93% branches",
          "[12:52:24] WARN: Deprecated API usage",
          "[12:52:24] DEBUG: Connection pool: 20 active",
          "TLS handshake completed",
          "Image pulled successfully",
          "\u26a0 DEPRECATION: Feature will be removed in v5.0",
          "[12:52:24] INFO: Starting build process",
          "Time: 90.254s",
          "\u2713 test completed",
          "Fetching submodules...",
          "Artifact uploaded: build.tar.gz (22MB)",
          "Cache hit for key-5381",
          "pip: Collecting jest",
          "Test Suites: 35 passed, 40 total",
          "Done.",
          "[12:52:24] WARN: Deprecated API usage",
          "Ran 200 tests in 49s",
          "[12:52:24] DEBUG: Query executed in 25ms",
          "  PASS: test_user_create (101ms)",
          "Fetching submodules...",
          "Fetching submodules...",
          "[12:52:24] INFO: Starting build process",
          "Switched to branch 'hotfix/task-465'",
          "Time: 61.105s",
          "Waiting...",
          "Step 3/19: Building",
          "[12:52:24] WARN: Deprecated API usage",
          "Artifact downloaded: 18MB",
          "Step 1/19: Deploying",
          "Cache restored successfully (479MB)",
          "Processing...",
          "Step 15/24: Installing dependencies",
          "[12:52:24] WARN: Deprecated API usage",
          "Platform: linux-x64",
          "Cache hit for key-3986",
          "WARNING: prettier has known vulnerabilities",
          "Pulling image: python:3.11",
          "Tests: 59 passed, 173 total",
          "pip: Downloading axios-4.13.tar.gz",
          "Step 5/24: Deploying",
          "Pushing to registry...",
          "Cache miss for key-5783",
          "[12:52:24] WARN: Deprecated API usage",
          "OK",
          "Cache invalidated: node_modules",
          "Creating production build...",
          "Switched to branch 'bugfix/task-410'",
          "Step 2/20: Deploying",
          "Compiling lib/app.ts...",
          "pip: Collecting prettier",
          "Uploading artifact 'coverage' (44 files)",
          "\u2713 Task completed in 4976ms",
          "Fetching submodules...",
          "Step 1/19: Running migrations",
          "yarn add: Done in 24.4s",
          "Completed.",
          "Cache miss for key-4878",
          "[12:52:24] WARN: Deprecated API usage",
          "Switched to branch 'bugfix/task-193'",
          "Cache saved successfully",
          "Compiling utils/utils.go...",
          "Using Node.js 17.12.5",
          "[12:52:24] INFO: Starting build process",
          "\u2713 lint completed",
          "Connection established",
          "=== Step unit_tests completed ==="
        ]
      },
      {
        "name": "restore_cache",
        "status": "success",
        "started_at": "2025-12-19T12:55:11.319554",
        "finished_at": "2025-12-19T12:55:19.401044",
        "log_lines": [
          "=== Step: restore_cache ===",
          "Checking out master branch",
          "Switched to branch 'feature/task-680'",
          "Compiling src/main.py...",
          "Waiting...",
          "Coverage: 74% statements, 91% branches",
          "Step 3/15: Building",
          "POST /api - 201 (45ms)",
          "Artifact uploaded: build.tar.gz (22MB)",
          "Loading...",
          "[12:52:24] ERROR: Connection failed",
          "Exception: NullPointerException",
          "[12:52:24] INFO: Processing request",
          "[12:52:24] DEBUG: Query executed in 16ms",
          "Ran 71 tests in 57s",
          "Success!",
          "Time: 120.887s",
          "Creating production build...",
          "Switched to branch 'bugfix/task-608'",
          "Processing...",
          "[12:52:24] DEBUG: Loading configuration",
          "[12:52:24] INFO: Starting build process",
          "Using Node.js 16.3.5",
          "[12:52:24] DEBUG: Loading configuration",
          "Step 11/22: Building",
          "[12:52:24] ERROR: Connection failed",
          "Generating source maps...",
          "Success!",
          "[12:52:24] DEBUG: Query executed in 13ms",
          "OK",
          "OK",
          "Completed.",
          "[12:52:24] INFO: Request completed",
          "Completed.",
          "Cache saved successfully",
          "npm install: added 224 packages",
          "Environment: production",
          "Using Node.js 14.11.9",
          "Already up to date.",
          "  PASS: e2e/test_user_create.spec.js",
          "Using Python 3.9",
          "Cache hit for key-6862",
          "Exception: NullPointerException",
          "Pushing to registry...",
          "TLS handshake completed",
          "  PASS: unit/test_cache_hit.spec.js",
          "pip: Downloading eslint-4.12.tar.gz",
          "Cache miss for key-9495",
          "Completed.",
          "Generating source maps...",
          "Cache miss for key-8566",
          "\u2717 build failed with exit code 21",
          "FAILED: test_api_health",
          "Generating source maps...",
          "Completed.",
          "WARNING: jest has known vulnerabilities",
          "Switched to branch 'bugfix/task-618'",
          "WARNING: webpack has known vulnerabilities",
          "Artifact downloaded: 20MB",
          "yarn add: Done in 7.67s",
          "Step 5/25: Installing dependencies",
          "Success!",
          "Cache invalidated: node_modules",
          "WARNING: jest has known vulnerabilities",
          "\u2713 Step 'checkout' succeeded",
          "Step 8/18: Installing dependencies",
          "[12:52:24] INFO: Request completed",
          "\u2713 Task completed in 2484ms",
          "Minifying app.js",
          "Artifact uploaded: dist.zip (87MB)",
          "Pushing to registry...",
          "[12:52:24] INFO: Request completed",
          "[12:52:24] INFO: Processing request",
          "Pushing to registry...",
          "\u26a0 DEPRECATION: Feature will be removed in v3.0",
          "Compiling components/main.py...",
          "Compiling src/handler.rs...",
          "Done.",
          "Transforming 796 files...",
          "Artifact downloaded: 35MB",
          "Optimizing 98 modules...",
          "Step 10/21: Linting",
          "Using Node.js 17.2.4",
          "Step 1/21: Building",
          "\u26a0 DEPRECATION: Feature will be removed in v4.0",
          "Verifying...",
          "Step 14/24: Deploying",
          "Creating production build...",
          "pip: Installing build dependencies...",
          "Fetching from https://githubusercontent.com/package.json",
          "[12:52:24] DEBUG: Connection pool: 5 active",
          "[12:52:24] INFO: Starting build process",
          "Using Node.js 20.2.3",
          "pip: Collecting webpack",
          "GET /api - 204 (97ms)",
          "yarn add: Done in 30.84s",
          "[12:52:24] INFO: Cache refreshed",
          "Transforming 146 files...",
          "Artifact downloaded: 49MB",
          "Compiling utils/main.py...",
          "[12:52:24] INFO: Processing request",
          "POST /api - 200 (288ms)",
          "Layer 9/11: ENV command",
          "[12:52:24] INFO: Cache refreshed",
          "Using Node.js 20.8.2",
          "[12:52:24] DEBUG: Initializing service",
          "Verifying...",
          "Compiling components/main.py...",
          "Ran 30 tests in 17s",
          "Artifact downloaded: 48MB",
          "Artifact uploaded: build.tar.gz (34MB)",
          "[12:52:24] DEBUG: Connection pool: 16 active",
          "Artifact uploaded: build.tar.gz (36MB)",
          "Success!",
          "Switched to branch 'feature/task-109'",
          "GET /health - 204 (17ms)",
          "Pulling image: python:latest",
          "NODE_ENV=production",
          "Coverage: 71% statements, 71% branches",
          "Exception: NullPointerException",
          "OK",
          "POST /api - 202 (208ms)",
          "Using Node.js 19.4.3",
          "Step 7/20: Building",
          "[12:52:24] WARN: Deprecated API usage",
          "Compiling utils/main.py...",
          "[12:52:24] INFO: Connecting to database",
          "pip install: Successfully installed react-4.15",
          "TLS handshake completed",
          "\u2717 build failed with exit code 68",
          "GET /health - 204 (38ms)",
          "Test Suites: 37 passed, 18 total",
          "\u2713 Task completed in 390ms",
          "Switched to branch 'hotfix/task-396'",
          "Snapshots: 25 passed, 22 total",
          "Cache miss for key-5910",
          "pip: Installing build dependencies...",
          "Cache invalidated: dependencies",
          "Transforming 965 files...",
          "Already up to date.",
          "npm notice: created a lockfile",
          "TLS handshake completed",
          "Switched to branch 'feature/task-698'",
          "Coverage: 87% statements, 95% branches",
          "npm install: resolved 241 packages",
          "[12:52:24] DEBUG: Loading configuration",
          "npm install: resolved 1900 packages",
          "OK",
          "[12:52:24] INFO: Request completed",
          "npm notice: created a lockfile",
          "Test Suites: 50 passed, 9 total",
          "[12:52:24] DEBUG: Memory usage: 1428MB",
          "\u2713 deploy completed",
          "Building Docker image...",
          "\u2713 lint completed",
          "\u2717 build failed with exit code 49",
          "Pulling image: python:3.11",
          "Loading...",
          "  PASS: test_cache_hit (376ms)",
          "Optimizing 80 modules...",
          "yarn add: Done in 4.66s",
          "\u26a0 DEPRECATION: Feature will be removed in v4.0",
          "Using Python 3.12",
          "npm install: resolved 1300 packages",
          "Optimizing 19 modules...",
          "[12:52:24] INFO: Connecting to database",
          "Compiling utils/handler.rs...",
          "pip: Collecting express",
          "Layer 9/14: RUN command",
          "Snapshots: 47 passed, 2 total",
          "[12:52:24] INFO: Request completed",
          "Tests: 422 passed, 328 total",
          "Using Node.js 16.19.6",
          "pip: Collecting react",
          "Platform: linux-x64",
          "Completed.",
          "Image pulled successfully",
          "Step 20/22: Installing dependencies",
          "Connection established",
          "Pushing to registry...",
          "  PASS: test_user_create (73ms)",
          "Minifying app.js",
          "Artifact uploaded: dist.zip (74MB)",
          "[12:52:24] INFO: Request completed",
          "[12:52:24] WARN: Deprecated API usage",
          "Cache miss for key-1871",
          "GET /status - 204 (86ms)",
          "Compiling utils/index.js...",
          "Image pulled successfully",
          "[12:52:24] ERROR: Connection failed",
          "Using Node.js 16.2.6",
          "Compiling utils/service.java...",
          "Compiling lib/app.ts...",
          "GET /health - 204 (45ms)",
          "pip: Downloading webpack-3.19.tar.gz",
          "Cache restored successfully (62MB)",
          "[12:52:24] DEBUG: Initializing service",
          "Using Python 3.12",
          "Test Suites: 38 passed, 34 total",
          "Artifact uploaded: dist.zip (54MB)",
          "Waiting...",
          "pip: Installing build dependencies...",
          "[12:52:24] DEBUG: Connection pool: 2 active",
          "Using Python 3.11",
          "\u26a0 DEPRECATION: Feature will be removed in v4.0",
          "Creating production build...",
          "[12:52:24] DEBUG: Connection pool: 1 active",
          "pip: Installing build dependencies...",
          "Optimizing 65 modules...",
          "Image pulled successfully",
          "Fetching submodules...",
          "[12:52:24] ERROR: Connection failed",
          "Verifying...",
          "Compiling utils/app.ts...",
          "Step 4/18: Deploying",
          "Image pulled successfully",
          "\u2713 Task completed in 3574ms",
          "pip install: Successfully installed eslint-1.9",
          "Step 7/25: Running migrations",
          "  PASS: test_auth_login (304ms)",
          "Cache hit for key-1019",
          "FAILED: test_user_create",
          "Done.",
          "Already up to date.",
          "  PASS: unit/test_api_health.spec.js",
          "Checking out main branch",
          "Loading...",
          "Creating production build...",
          "Time: 37.881s",
          "\u2713 Task completed in 3320ms",
          "Using Node.js 19.4.0",
          "Step 11/20: Testing",
          "[12:52:24] INFO: Request completed",
          "Cache invalidated: build",
          "Pushing to registry...",
          "Cache saved successfully",
          "pip install: Successfully installed lodash-4.7",
          "Artifact uploaded: build.tar.gz (12MB)",
          "Time: 112.383s",
          "npm install: resolved 1428 packages",
          "  PASS: e2e/test_cache_hit.spec.js",
          "Loading...",
          "Using Python 3.12",
          "Compiling components/handler.rs...",
          "Loading...",
          "[12:52:24] DEBUG: Memory usage: 1692MB",
          "\u26a0 DEPRECATION: Feature will be removed in v4.0",
          "Waiting...",
          "Ready.",
          "Cache hit for key-3701",
          "Step 7/20: Building",
          "[12:52:24] INFO: Starting build process",
          "Pushing to registry...",
          "\u26a0 DEPRECATION: Feature will be removed in v4.0",
          "Compiling lib/handler.rs...",
          "Cache restored successfully (62MB)",
          "pip: Collecting prettier",
          "Ran 165 tests in 26s",
          "Image pulled successfully",
          "Environment: test",
          "WARNING: axios has known vulnerabilities",
          "Ran 29 tests in 29s",
          "=== Step restore_cache completed ==="
        ]
      },
      {
        "name": "e2e_tests",
        "status": "success",
        "started_at": "2025-12-19T12:55:19.401044",
        "finished_at": "2025-12-19T12:55:32.870193",
        "log_lines": [
          "=== Step: e2e_tests ===",
          "Coverage: 81% statements, 69% branches",
          "npm notice: created a lockfile",
          "Cache hit for key-3824",
          "yarn add: Done in 5.49s",
          "\u26a0 DEPRECATION: Feature will be removed in v2.0",
          "  PASS: test_user_create (76ms)",
          "Artifact uploaded: dist.zip (59MB)",
          "Building Docker image...",
          "GET /health - 200 (54ms)",
          "HEAD is now at 6f2e3c5",
          "Loading...",
          "pip: Downloading jest-3.15.tar.gz",
          "Creating production build...",
          "Layer 7/9: RUN command",
          "Ready.",
          "WARNING: lodash has known vulnerabilities",
          "Snapshots: 11 passed, 16 total",
          "Layer 5/11: ENV command",
          "Loading...",
          "npm notice: created a lockfile",
          "POST /upload - 202 (367ms)",
          "[12:52:24] INFO: Connecting to database",
          "Pulling image: python:3.11",
          "Step 10/22: Installing dependencies",
          "Cache hit for key-1223",
          "Test Suites: 42 passed, 44 total",
          "Step 7/25: Building",
          "FAILED: test_auth_login",
          "Fetching from https://gcr.io/package.json",
          "[12:52:24] INFO: Request completed",
          "Verifying...",
          "Connection established",
          "WARNING: lodash has known vulnerabilities",
          "Compiling lib/utils.go...",
          "Ready.",
          "[12:52:24] DEBUG: Memory usage: 1493MB",
          "OK",
          "Cache hit for key-9788",
          "Transforming 942 files...",
          "pip: Installing build dependencies...",
          "Cache restored successfully (312MB)",
          "[12:52:24] INFO: Connecting to database",
          "Cache invalidated: build",
          "Fetching submodules...",
          "Cache saved successfully",
          "Connection established",
          "Ready.",
          "[12:52:24] WARN: Deprecated API usage",
          "Using Python 3.9",
          "Processing...",
          "[12:52:24] WARN: Deprecated API usage",
          "[12:52:24] WARN: Deprecated API usage",
          "WARNING: express has known vulnerabilities",
          "Ran 176 tests in 25s",
          "[12:52:24] INFO: Starting build process",
          "Compiling utils/service.java...",
          "Installing prettier@5.20.8",
          "yarn add: Done in 9.73s",
          "Using Node.js 15.14.9",
          "Layer 7/12: RUN command",
          "[12:52:24] WARN: Deprecated API usage",
          "Step 13/18: Installing dependencies",
          "Step 11/18: Installing dependencies",
          "OK",
          "[12:52:24] DEBUG: Memory usage: 705MB",
          "Processing...",
          "Step 2/24: Installing dependencies",
          "[12:52:24] ERROR: Connection failed",
          "Ran 25 tests in 45s",
          "[12:52:24] WARN: Deprecated API usage",
          "Cache invalidated: dependencies",
          "npm notice: package.json updated",
          "[12:52:24] INFO: Cache refreshed",
          "Fetching submodules...",
          "Checking out develop branch",
          "Step 10/25: Deploying",
          "[12:52:24] INFO: Cache refreshed",
          "[12:52:24] WARN: Deprecated API usage",
          "Pulling image: alpine:18",
          "Completed.",
          "\u2713 Step 'build' succeeded",
          "Cache invalidated: node_modules",
          "Pulling image: node:3.11",
          "Already up to date.",
          "Fetching submodules...",
          "Time: 2.198s",
          "\u26a0 DEPRECATION: Feature will be removed in v4.0",
          "Pulling image: node:3.11",
          "Cache hit for key-2599",
          "Artifact uploaded: dist.zip (39MB)",
          "\u26a0 DEPRECATION: Feature will be removed in v3.0",
          "Time: 48.756s",
          "Ready.",
          "Success!",
          "Exception: TypeError",
          "npm notice: created a lockfile",
          "npm install: added 299 packages",
          "Step 5/21: Installing dependencies",
          "Platform: darwin-arm64",
          "Uploading artifact 'build' (9 files)",
          "[12:52:24] DEBUG: Memory usage: 1118MB",
          "Compiling utils/index.js...",
          "Installing axios@4.3.3",
          "Test Suites: 24 passed, 34 total",
          "pip: Downloading webpack-2.9.tar.gz",
          "Test Suites: 32 passed, 44 total",
          "Step 17/18: Building",
          "\u2713 Task completed in 4613ms",
          "Using Node.js 18.18.3",
          "Compiling src/app.ts...",
          "pip install: Successfully installed jest-3.20",
          "npm install: added 461 packages",
          "Done.",
          "[12:52:24] WARN: Deprecated API usage",
          "Uploading artifact 'build' (14 files)",
          "Time: 9.864s",
          "\u2713 Task completed in 2191ms",
          "Ran 34 tests in 26s",
          "Switched to branch 'bugfix/task-877'",
          "Uploading artifact 'build' (14 files)",
          "Cache restored successfully (79MB)",
          "Step 9/17: Installing dependencies",
          "WARNING: express has known vulnerabilities",
          "Snapshots: 32 passed, 2 total",
          "Using Node.js 20.9.9",
          "Compiling lib/handler.rs...",
          "[12:52:24] WARN: Deprecated API usage",
          "[12:52:24] DEBUG: Memory usage: 1583MB",
          "Test Suites: 27 passed, 25 total",
          "\u26a0 DEPRECATION: Feature will be removed in v5.0",
          "Done.",
          "Finished.",
          "HEAD is now at 3369441",
          "Waiting...",
          "Image pulled successfully",
          "Minifying app.js",
          "Step 16/18: Building",
          "Minifying app.js",
          "pip: Installing build dependencies...",
          "Cache miss for key-9238",
          "  PASS: test_cache_hit (250ms)",
          "[12:52:24] DEBUG: Initializing service",
          "TLS handshake completed",
          "[12:52:24] DEBUG: Query executed in 99ms",
          "Compiling components/handler.rs...",
          "Switched to branch 'hotfix/task-170'",
          "Success!",
          "npm install: added 96 packages",
          "Done.",
          "Pushing to registry...",
          "npm notice: package.json updated",
          "Step 16/24: Running migrations",
          "Cache restored successfully (494MB)",
          "FAILED: test_cache_hit",
          "Completed.",
          "pip: Collecting jest",
          "Bundling runtime.css",
          "Creating production build...",
          "Tests: 344 passed, 287 total",
          "[12:52:24] DEBUG: Query executed in 37ms",
          "[12:52:24] DEBUG: Loading configuration",
          "\u26a0 DEPRECATION: Feature will be removed in v2.0",
          "Time: 70.672s",
          "[12:52:24] INFO: Request completed",
          "Using Python 3.12",
          "Artifact uploaded: build.tar.gz (41MB)",
          "Step 18/19: Running migrations",
          "Artifact downloaded: 19MB",
          "POST /data - 200 (136ms)",
          "Fetching from https://gcr.io/package.json",
          "Success!",
          "Ready.",
          "npm notice: package.json updated",
          "[12:52:24] DEBUG: Initializing service",
          "HEAD is now at 08dc2f9",
          "Step 9/25: Building",
          "Uploading artifact 'coverage' (13 files)",
          "Step 20/21: Building",
          "[12:52:24] DEBUG: Initializing service",
          "Cache saved successfully",
          "\u26a0 DEPRECATION: Feature will be removed in v3.0",
          "TLS handshake completed",
          "Artifact uploaded: dist.zip (84MB)",
          "pip: Downloading prettier-4.7.tar.gz",
          "Ready.",
          "\u2713 Step 'build' succeeded",
          "Step 4/25: Running migrations",
          "[12:52:24] INFO: Processing request",
          "Compiling lib/index.js...",
          "[12:52:24] DEBUG: Initializing service",
          "npm notice: created a lockfile",
          "Optimizing 93 modules...",
          "[12:52:24] WARN: Deprecated API usage",
          "Success!",
          "Cache invalidated: node_modules",
          "Cache miss for key-9218",
          "Layer 1/15: ENV command",
          "[12:52:24] DEBUG: Query executed in 82ms",
          "Artifact downloaded: 34MB",
          "Step 4/20: Linting",
          "Ready.",
          "Artifact downloaded: 37MB",
          "Creating production build...",
          "pip install: Successfully installed webpack-4.15",
          "Fetching submodules...",
          "Layer 10/8: COPY command",
          "Switched to branch 'hotfix/task-498'",
          "npm notice: created a lockfile",
          "Verifying...",
          "npm install: resolved 416 packages",
          "HEAD is now at a1f5737",
          "Step 19/23: Running migrations",
          "Cache miss for key-8242",
          "Pulling image: python:latest",
          "yarn add: Done in 4.31s",
          "Transforming 893 files...",
          "Done.",
          "Done.",
          "WARNING: webpack has known vulnerabilities",
          "Step 16/24: Running migrations",
          "Finished.",
          "Cache miss for key-5949",
          "\u2713 Task completed in 352ms",
          "Optimizing 66 modules...",
          "\u26a0 DEPRECATION: Feature will be removed in v4.0",
          "pip: Downloading express-2.14.tar.gz",
          "Already up to date.",
          "\u26a0 DEPRECATION: Feature will be removed in v2.0",
          "Cache hit for key-9748",
          "\u26a0 DEPRECATION: Feature will be removed in v3.0",
          "pip: Collecting eslint",
          "pip: Collecting webpack",
          "\u26a0 DEPRECATION: Feature will be removed in v3.0",
          "Pushing to registry...",
          "Image pulled successfully",
          "WARNING: prettier has known vulnerabilities",
          "yarn add: Done in 16.85s",
          "\u26a0 DEPRECATION: Feature will be removed in v5.0",
          "[12:52:24] ERROR: Connection failed",
          "Creating production build...",
          "Waiting...",
          "[12:52:24] DEBUG: Connection pool: 8 active",
          "[12:52:24] INFO: Cache refreshed",
          "Connection established",
          "[12:52:24] DEBUG: Initializing service",
          "GET /health - 201 (61ms)",
          "Transforming 875 files...",
          "Creating production build...",
          "TLS handshake completed",
          "Test Suites: 8 passed, 16 total",
          "Connection established",
          "Cache restored successfully (26MB)",
          "Cache miss for key-3884",
          "[12:52:24] ERROR: Connection failed",
          "POST /upload - 201 (155ms)",
          "[12:52:24] INFO: Starting build process",
          "Processing...",
          "yarn add: Done in 9.73s",
          "Already up to date.",
          "Artifact uploaded: dist.zip (30MB)",
          "Ready.",
          "=== Step e2e_tests completed ==="
        ]
      },
      {
        "name": "deploy_staging",
        "status": "success",
        "started_at": "2025-12-19T12:55:32.870193",
        "finished_at": "2025-12-19T12:55:46.339342",
        "log_lines": [
          "=== Step: deploy_staging ===",
          "Step 18/19: Building",
          "OK",
          "Artifact uploaded: build.tar.gz (25MB)",
          "HEAD is now at cce9bd6",
          "Switched to branch 'feature/task-213'",
          "Step 4/22: Building",
          "[12:52:24] INFO: Starting build process",
          "yarn add: Done in 27.82s",
          "Image pulled successfully",
          "Finished.",
          "Checking out main branch",
          "npm install: added 234 packages",
          "[12:52:24] INFO: Request completed",
          "[12:52:24] INFO: Processing request",
          "npm notice: created a lockfile",
          "Switched to branch 'hotfix/task-477'",
          "OK",
          "Step 8/16: Testing",
          "NODE_ENV=test",
          "[12:52:24] ERROR: Connection failed",
          "Building Docker image...",
          "Coverage: 80% statements, 97% branches",
          "Ready.",
          "\u2713 Step 'setup' succeeded",
          "Installing jest@2.14.9",
          "POST /api - 200 (95ms)",
          "Step 2/20: Building",
          "Waiting...",
          "yarn add: Done in 8.11s",
          "Connection established",
          "Step 6/17: Deploying",
          "pip: Collecting eslint",
          "Building Docker image...",
          "Already up to date.",
          "FAILED: test_api_health",
          "Cache restored successfully (422MB)",
          "Coverage: 95% statements, 94% branches",
          "\u2713 Step 'checkout' succeeded",
          "Compiling src/utils.go...",
          "OK",
          "npm install: added 341 packages",
          "Coverage: 70% statements, 89% branches",
          "[12:52:24] DEBUG: Initializing service",
          "HEAD is now at 01bf48d",
          "Platform: linux-x64",
          "Test Suites: 30 passed, 50 total",
          "Compiling src/handler.rs...",
          "Cache restored successfully (110MB)",
          "Pushing to registry...",
          "Using Python 3.9",
          "Checking out main branch",
          "WARNING: express has known vulnerabilities",
          "Environment: production",
          "NODE_ENV=development",
          "TLS handshake completed",
          "Ready.",
          "Building Docker image...",
          "Compiling lib/index.js...",
          "Step 14/16: Deploying",
          "WARNING: eslint has known vulnerabilities",
          "WARNING: lodash has known vulnerabilities",
          "WARNING: jest has known vulnerabilities",
          "Verifying...",
          "WARNING: react has known vulnerabilities",
          "OK",
          "Optimizing 82 modules...",
          "pip: Collecting express",
          "Cache hit for key-9684",
          "Exception: RuntimeError",
          "Transforming 246 files...",
          "[12:52:24] DEBUG: Loading configuration",
          "  PASS: unit/test_api_health.spec.js",
          "Loading...",
          "Step 5/16: Building",
          "Transforming 738 files...",
          "Image pulled successfully",
          "\u26a0 DEPRECATION: Feature will be removed in v5.0",
          "Cache invalidated: build",
          "Loading...",
          "Ready.",
          "yarn add: Done in 15.40s",
          "Cache saved successfully",
          "Success!",
          "Pushing to registry...",
          "[12:52:24] INFO: Cache refreshed",
          "npm install: added 210 packages",
          "[12:52:24] DEBUG: Loading configuration",
          "Snapshots: 36 passed, 13 total",
          "Processing...",
          "Bundling vendor.js",
          "Test Suites: 6 passed, 43 total",
          "pip: Collecting react",
          "Building Docker image...",
          "[12:52:24] DEBUG: Memory usage: 1264MB",
          "Cache miss for key-7142",
          "npm install: resolved 720 packages",
          "Completed.",
          "TLS handshake completed",
          "[12:52:24] WARN: Deprecated API usage",
          "Switched to branch 'hotfix/task-591'",
          "\u26a0 DEPRECATION: Feature will be removed in v5.0",
          "npm install: resolved 1349 packages",
          "Ran 78 tests in 16s",
          "[12:52:24] WARN: Deprecated API usage",
          "[12:52:24] DEBUG: Query executed in 76ms",
          "\u26a0 DEPRECATION: Feature will be removed in v3.0",
          "Fetching submodules...",
          "NODE_ENV=production",
          "Done.",
          "Fetching submodules...",
          "TLS handshake completed",
          "Ran 84 tests in 24s",
          "[12:52:24] WARN: Deprecated API usage",
          "Test Suites: 30 passed, 33 total",
          "  PASS: integration/test_user_create.spec.js",
          "Step 12/18: Running migrations",
          "[12:52:24] INFO: Starting build process",
          "Building Docker image...",
          "\u26a0 DEPRECATION: Feature will be removed in v2.0",
          "[12:52:24] DEBUG: Loading configuration",
          "Image pulled successfully",
          "Artifact downloaded: 48MB",
          "Installing webpack@4.6.0",
          "Compiling src/index.js...",
          "[12:52:24] INFO: Connecting to database",
          "[12:52:24] INFO: Starting build process",
          "[12:52:24] INFO: Starting build process",
          "Time: 30.593s",
          "Step 17/22: Testing",
          "Step 5/15: Linting",
          "Uploading artifact 'build' (40 files)",
          "Step 9/19: Deploying",
          "Fetching from https://docker.io/package.json",
          "\u2713 All checks passed",
          "\u26a0 DEPRECATION: Feature will be removed in v5.0",
          "Finished.",
          "npm notice: created a lockfile",
          "[12:52:24] INFO: Processing request",
          "Cache miss for key-1934",
          "Verifying...",
          "[12:52:24] INFO: Starting build process",
          "Ready.",
          "[12:52:24] INFO: Starting build process",
          "\u26a0 DEPRECATION: Feature will be removed in v4.0",
          "Compiling lib/app.ts...",
          "[12:52:24] WARN: Deprecated API usage",
          "Installing webpack@3.5.6",
          "Building Docker image...",
          "OK",
          "[12:52:24] ERROR: Connection failed",
          "Checking out master branch",
          "[12:52:24] DEBUG: Loading configuration",
          "npm install: resolved 1232 packages",
          "Pushing to registry...",
          "Artifact downloaded: 26MB",
          "Switched to branch 'feature/task-696'",
          "\u2713 Step 'install' succeeded",
          "Tests: 335 passed, 122 total",
          "\u26a0 DEPRECATION: Feature will be removed in v2.0",
          "Compiling src/handler.rs...",
          "Tests: 316 passed, 369 total",
          "Cache saved successfully",
          "pip: Downloading prettier-4.17.tar.gz",
          "Optimizing 90 modules...",
          "[12:52:24] INFO: Cache refreshed",
          "npm notice: created a lockfile",
          "Coverage: 75% statements, 91% branches",
          "Layer 1/13: RUN command",
          "[12:52:24] DEBUG: Initializing service",
          "[12:52:24] WARN: Deprecated API usage",
          "Uploading artifact 'dist' (11 files)",
          "[12:52:24] INFO: Cache refreshed",
          "Connection established",
          "Snapshots: 29 passed, 6 total",
          "[12:52:24] INFO: Request completed",
          "Artifact uploaded: build.tar.gz (41MB)",
          "Transforming 844 files...",
          "[12:52:24] INFO: Cache refreshed",
          "Step 10/20: Installing dependencies",
          "Creating production build...",
          "Completed.",
          "Layer 3/13: ENV command",
          "Transforming 533 files...",
          "Waiting...",
          "Success!",
          "Compiling lib/index.js...",
          "pip: Downloading eslint-5.11.tar.gz",
          "Verifying...",
          "Ready.",
          "\u2717 build failed with exit code 117",
          "Bundling styles.js",
          "pip install: Successfully installed react-1.16",
          "Generating source maps...",
          "[12:52:24] INFO: Starting build process",
          "[12:52:24] DEBUG: Connection pool: 10 active",
          "Snapshots: 29 passed, 23 total",
          "Image pulled successfully",
          "Environment: test",
          "Environment: production",
          "Step 17/23: Testing",
          "Compiling src/utils.go...",
          "Loading...",
          "Step 5/21: Building",
          "Environment: development",
          "[12:52:24] WARN: Deprecated API usage",
          "Fetching submodules...",
          "Waiting...",
          "[12:52:24] DEBUG: Initializing service",
          "Cache saved successfully",
          "Already up to date.",
          "[12:52:24] DEBUG: Connection pool: 7 active",
          "[12:52:24] WARN: Deprecated API usage",
          "[12:52:24] DEBUG: Loading configuration",
          "Checking out master branch",
          "Ran 89 tests in 30s",
          "Waiting...",
          "Already up to date.",
          "POST /upload - 202 (218ms)",
          "Compiling src/handler.rs...",
          "Generating source maps...",
          "[12:52:24] DEBUG: Loading configuration",
          "Step 10/19: Running migrations",
          "\u2713 Task completed in 4025ms",
          "Ready.",
          "pip: Collecting react",
          "Step 8/21: Testing",
          "Done.",
          "pip install: Successfully installed prettier-5.16",
          "Compiling src/app.ts...",
          "Cache restored successfully (408MB)",
          "Ready.",
          "Artifact uploaded: dist.zip (39MB)",
          "Building Docker image...",
          "Loading...",
          "[12:52:24] DEBUG: Connection pool: 8 active",
          "Success!",
          "Creating production build...",
          "WARNING: express has known vulnerabilities",
          "Connection established",
          "Using Node.js 17.15.9",
          "pip install: Successfully installed express-5.5",
          "pip: Collecting webpack",
          "Image pulled successfully",
          "WARNING: eslint has known vulnerabilities",
          "Ready.",
          "Compiling lib/handler.rs...",
          "POST /data - 200 (388ms)",
          "\u26a0 DEPRECATION: Feature will be removed in v4.0",
          "POST /data - 202 (207ms)",
          "npm install: added 188 packages",
          "\u2713 deploy completed",
          "  PASS: integration/test_auth_login.spec.js",
          "HEAD is now at f22ac92",
          "POST /upload - 202 (68ms)",
          "[12:52:24] WARN: Deprecated API usage",
          "Waiting...",
          "TLS handshake completed",
          "npm install: resolved 1346 packages",
          "Environment: test",
          "Checking out develop branch",
          "Artifact uploaded: build.tar.gz (43MB)",
          "=== Step deploy_staging completed ==="
        ]
      }
    ],
    "label": "normal"
  }
}