{
  "action": "completed",
  "workflow_run": {
    "id": 149,
    "name": "CI Pipeline",
    "head_branch": "develop",
    "head_sha": "f55fbd2f9ed09da707db626615ff17a6c3c42c33",
    "status": "completed",
    "conclusion": "success",
    "run_started_at": "2025-11-27T11:38:46.561695Z",
    "updated_at": "2025-11-27T11:41:00.055693Z"
  },
  "repository": {
    "full_name": "acme-corp/api-service",
    "name": "api-service"
  },
  "sender": {
    "login": "bob"
  },
  "_safeops_extended": {
    "raw_logs": "=== Step: checkout ===\n  PASS: test_api_health (430ms)\nStep 9/10: Building\nStep 3/10: Building\nInstalling express@3.0.0\nInstalling lodash@2.13.0\n[11:38:46] INFO: Processing request\n[11:38:46] INFO: Processing request\n  PASS: test_api_health (233ms)\nInstalling lodash@5.6.0\n\u2713 build completed\n  PASS: test_db_connect (182ms)\n  PASS: test_user_create (25ms)\n  PASS: test_cache_hit (462ms)\n\u2713 build completed\nWARNING: axios has known vulnerabilities\nStep 6/10: Building\nArtifact uploaded: build.tar.gz (12MB)\nStep 8/10: Building\n  PASS: test_cache_hit (71ms)\n[11:38:46] INFO: Processing request\n  PASS: test_api_health (67ms)\n\u2713 build completed\nArtifact uploaded: build.tar.gz (19MB)\n  PASS: test_db_connect (281ms)\nCache hit for key-9852\n[11:38:46] WARN: Deprecated API usage\nInstalling jest@2.13.0\nCache hit for key-9004\n\u2713 lint completed\nArtifact uploaded: build.tar.gz (40MB)\nArtifact uploaded: build.tar.gz (41MB)\nCache hit for key-4230\n[11:38:46] WARN: Deprecated API usage\n  PASS: test_user_create (120ms)\n  PASS: test_user_create (254ms)\nInstalling lodash@3.13.0\n  PASS: test_db_connect (385ms)\nStep 10/10: Building\n[11:38:46] INFO: Processing request\n\u2713 build completed\nCompiling src/handler.rs...\nWARNING: axios has known vulnerabilities\n[11:38:46] INFO: Processing request\nCache hit for key-4021\nArtifact uploaded: build.tar.gz (43MB)\n\u2713 build completed\n\u2713 test completed\nCompiling src/index.js...\nArtifact uploaded: build.tar.gz (8MB)\nInstalling jest@5.0.0\nStep 7/10: Building\n\u2713 test completed\n  PASS: test_auth_login (492ms)\nCompiling src/handler.rs...\n\u2713 build completed\n[11:38:46] INFO: Processing request\n\u26a0 DEPRECATION: Feature will be removed in v4.0\n\u2713 test completed\nCompiling src/utils.go...\nInstalling jest@4.12.0\nStep 3/10: Building\n  PASS: test_db_connect (486ms)\nException: RuntimeError\n[11:38:46] INFO: Processing request\n\u26a0 DEPRECATION: Feature will be removed in v3.0\nCache hit for key-5686\nStep 6/10: Building\nCompiling src/app.ts...\nStep 2/10: Building\n  PASS: test_user_create (323ms)\nCache hit for key-2598\n[11:38:46] INFO: Processing request\nStep 1/10: Building\nCompiling src/handler.rs...\n\u2713 test completed\n\u2713 build completed\nException: TypeError\nCache hit for key-9631\nStep 10/10: Building\nCache hit for key-9850\nInstalling express@2.16.0\nStep 4/10: Building\n  PASS: test_auth_login (177ms)\n=== Step checkout completed ===\n=== Step: setup_environment ===\nCompiling src/app.ts...\n  PASS: test_auth_login (225ms)\n\u2713 build completed\nCache hit for key-3499\nInstalling react@5.10.0\nCache hit for key-6751\nCompiling src/utils.go...\nInstalling react@2.18.0\n[11:38:46] INFO: Processing request\n[11:38:46] WARN: Deprecated API usage\n[11:38:46] INFO: Processing request\nStep 2/10: Building\n\u26a0 DEPRECATION: Feature will be removed in v4.0\nCompiling src/handler.rs...\nStep 10/10: Building\n[11:38:46] INFO: Processing request\nCompiling src/main.py...\n\u26a0 DEPRECATION: Feature will be removed in v4.0\n[11:38:46] WARN: Deprecated API usage\nCache hit for key-9828\n  PASS: test_db_connect (172ms)\n[11:38:46] INFO: Processing request\n[11:38:46] WARN: Deprecated API usage\nCompiling src/handler.rs...\nArtifact uploaded: build.tar.gz (7MB)\n\u2713 build completed\n  PASS: test_api_health (230ms)\nCache hit for key-8205\n  PASS: test_db_connect (311ms)\nCache hit for key-6429\n  PASS: test_cache_hit (378ms)\nCache hit for key-1685\n\u26a0 DEPRECATION: Feature will be removed in v5.0\nCompiling src/handler.rs...\nInstalling react@2.17.0\nCache hit for key-3528\nInstalling express@2.1.0\nArtifact uploaded: build.tar.gz (33MB)\n  PASS: test_api_health (449ms)\n[11:38:46] INFO: Processing request\nCache hit for key-4432\n[11:38:46] INFO: Processing request\n[11:38:46] INFO: Processing request\n[11:38:46] WARN: Deprecated API usage\n[11:38:46] INFO: Processing request\nArtifact uploaded: build.tar.gz (5MB)\n\u2713 build completed\n  PASS: test_db_connect (268ms)\nException: RuntimeError\nStep 9/10: Building\nInstalling axios@4.20.0\n  PASS: test_user_create (1ms)\n\u2713 test completed\n  PASS: test_auth_login (119ms)\n\u26a0 DEPRECATION: Feature will be removed in v4.0\n  PASS: test_api_health (111ms)\n[11:38:46] INFO: Processing request\nCompiling src/app.ts...\nWARNING: express has known vulnerabilities\nInstalling axios@4.2.0\nCache hit for key-8215\nArtifact uploaded: build.tar.gz (33MB)\n\u26a0 DEPRECATION: Feature will be removed in v4.0\nArtifact uploaded: build.tar.gz (48MB)\nStep 2/10: Building\n\u2713 build completed\nInstalling eslint@4.17.0\n  PASS: test_user_create (223ms)\nArtifact uploaded: build.tar.gz (27MB)\nInstalling webpack@2.6.0\nCache hit for key-6725\nArtifact uploaded: build.tar.gz (30MB)\nInstalling eslint@2.3.0\nCache hit for key-3271\n\u2713 test completed\n  PASS: test_auth_login (36ms)\n\u2713 lint completed\nCompiling src/main.py...\n\u2713 build completed\nCompiling src/handler.rs...\nStep 3/10: Building\n[11:38:46] WARN: Deprecated API usage\nCache hit for key-7089\n=== Step setup_environment completed ===\n=== Step: install_dependencies ===\n  PASS: test_api_health (193ms)\nCache hit for key-8443\nInstalling axios@5.6.0\nStep 8/10: Building\nInstalling lodash@2.17.0\n\u2713 lint completed\n\u2713 lint completed\nStep 4/10: Building\nCompiling src/main.py...\n\u2713 test completed\nStep 6/10: Building\n[11:38:46] WARN: Deprecated API usage\n\u2713 test completed\nCache hit for key-4846\nStep 2/10: Building\n[11:38:46] INFO: Processing request\nWARNING: jest has known vulnerabilities\n  PASS: test_auth_login (415ms)\nStep 6/10: Building\nCompiling src/service.java...\n\u2717 build failed with exit code 123\n[11:38:46] INFO: Processing request\nCache hit for key-2895\n\u2713 build completed\nCompiling src/handler.rs...\nCache hit for key-6720\nCache hit for key-8366\nStep 5/10: Building\n[11:38:46] INFO: Processing request\nStep 6/10: Building\nStep 9/10: Building\n\u2713 lint completed\nInstalling express@4.13.0\nStep 7/10: Building\nCompiling src/index.js...\nArtifact uploaded: build.tar.gz (22MB)\nStep 1/10: Building\n[11:38:46] INFO: Processing request\nInstalling express@1.10.0\n[11:38:46] INFO: Processing request\n  PASS: test_user_create (460ms)\nArtifact uploaded: build.tar.gz (16MB)\nArtifact uploaded: build.tar.gz (42MB)\nInstalling axios@3.17.0\n[11:38:46] INFO: Processing request\nCompiling src/index.js...\nCache hit for key-5420\n\u2713 lint completed\nStep 6/10: Building\nArtifact uploaded: build.tar.gz (24MB)\nCache hit for key-1050\n\u2713 test completed\n\u2713 lint completed\nCompiling src/app.ts...\nCache hit for key-7389\nStep 6/10: Building\n  PASS: test_cache_hit (402ms)\nCache hit for key-1454\n[11:38:46] INFO: Processing request\nCompiling src/index.js...\nArtifact uploaded: build.tar.gz (27MB)\nStep 8/10: Building\n\u2713 test completed\nInstalling eslint@5.8.0\n\u26a0 DEPRECATION: Feature will be removed in v4.0\n[11:38:46] INFO: Processing request\n[11:38:46] INFO: Processing request\nCache hit for key-8555\nCompiling src/index.js...\nInstalling webpack@3.0.0\n[11:38:46] ERROR: Connection failed\n  PASS: test_auth_login (378ms)\n  PASS: test_api_health (157ms)\nCache hit for key-9431\nInstalling jest@1.7.0\nCache hit for key-9225\n[11:38:46] INFO: Processing request\n  PASS: test_auth_login (24ms)\nStep 8/10: Building\n  PASS: test_user_create (354ms)\nStep 10/10: Building\n\u2717 build failed with exit code 74\nArtifact uploaded: build.tar.gz (38MB)\n=== Step install_dependencies completed ===\n=== Step: run_tests ===\nCompiling src/service.java...\nCompiling src/app.ts...\nCache hit for key-9087\n  PASS: test_cache_hit (331ms)\nInstalling express@5.5.0\nCache hit for key-4118\n  PASS: test_db_connect (37ms)\n\u2713 build completed\n[11:38:46] INFO: Processing request\nCache hit for key-1682\nCache hit for key-6629\n[11:38:46] INFO: Processing request\n\u2713 build completed\nCompiling src/index.js...\nStep 4/10: Building\nInstalling prettier@2.17.0\n\u2713 build completed\nInstalling express@3.12.0\n\u2713 lint completed\n[11:38:46] INFO: Processing request\n  PASS: test_user_create (399ms)\nStep 6/10: Building\nArtifact uploaded: build.tar.gz (37MB)\n[11:38:46] INFO: Processing request\nCache hit for key-6392\n  PASS: test_api_health (23ms)\nStep 6/10: Building\nCompiling src/utils.go...\n\u2713 test completed\n[11:38:46] INFO: Processing request\nArtifact uploaded: build.tar.gz (39MB)\nArtifact uploaded: build.tar.gz (3MB)\nInstalling axios@2.5.0\nInstalling eslint@4.6.0\n[11:38:46] INFO: Processing request\nStep 3/10: Building\nArtifact uploaded: build.tar.gz (38MB)\nCompiling src/service.java...\nCache hit for key-2179\nStep 5/10: Building\nStep 2/10: Building\n[11:38:46] INFO: Processing request\nInstalling react@2.11.0\nCompiling src/main.py...\nCache hit for key-8166\n  PASS: test_auth_login (397ms)\n[11:38:46] INFO: Processing request\nCompiling src/service.java...\n\u2717 build failed with exit code 17\n\u2713 test completed\nCache hit for key-7964\nCompiling src/app.ts...\n\u2713 build completed\nArtifact uploaded: build.tar.gz (11MB)\nInstalling express@1.14.0\nCompiling src/service.java...\nStep 8/10: Building\nCache hit for key-2297\n[11:38:46] INFO: Processing request\nArtifact uploaded: build.tar.gz (44MB)\nWARNING: webpack has known vulnerabilities\nWARNING: react has known vulnerabilities\nArtifact uploaded: build.tar.gz (34MB)\nInstalling lodash@4.12.0\nInstalling react@2.20.0\n[11:38:46] INFO: Processing request\nCache hit for key-1498\nArtifact uploaded: build.tar.gz (8MB)\n\u2713 build completed\nStep 10/10: Building\n[11:38:46] INFO: Processing request\n  PASS: test_db_connect (183ms)\nCompiling src/index.js...\n  PASS: test_db_connect (114ms)\nStep 9/10: Building\n[11:38:46] INFO: Processing request\nStep 2/10: Building\nArtifact uploaded: build.tar.gz (9MB)\n[11:38:46] INFO: Processing request\nInstalling eslint@5.7.0\n\u2713 build completed\nCompiling src/index.js...\nArtifact uploaded: build.tar.gz (7MB)\n=== Step run_tests completed ===\n=== Step: build_artifact ===\nStep 8/10: Building\nArtifact uploaded: build.tar.gz (43MB)\n  PASS: test_auth_login (160ms)\nCompiling src/handler.rs...\n  PASS: test_user_create (315ms)\n  PASS: test_auth_login (281ms)\nCompiling src/app.ts...\nCompiling src/main.py...\nCompiling src/service.java...\nArtifact uploaded: build.tar.gz (44MB)\n  PASS: test_auth_login (155ms)\nInstalling lodash@3.9.0\n[11:38:46] WARN: Deprecated API usage\nCache hit for key-4951\n[11:38:46] INFO: Processing request\nStep 4/10: Building\nInstalling eslint@5.15.0\nArtifact uploaded: build.tar.gz (3MB)\n[11:38:46] INFO: Processing request\n  PASS: test_cache_hit (233ms)\n  PASS: test_auth_login (468ms)\nCompiling src/utils.go...\nFAILED: test_user_create\nArtifact uploaded: build.tar.gz (16MB)\n\u2713 test completed\nCache hit for key-9558\nCache hit for key-4477\nCache hit for key-8937\n\u2717 build failed with exit code 32\nInstalling axios@5.13.0\nInstalling jest@1.7.0\nInstalling react@3.14.0\n[11:38:46] WARN: Deprecated API usage\nWARNING: webpack has known vulnerabilities\n\u2713 build completed\nCache hit for key-4844\n\u26a0 DEPRECATION: Feature will be removed in v3.0\n[11:38:46] INFO: Processing request\nInstalling lodash@4.3.0\n\u2713 lint completed\n[11:38:46] WARN: Deprecated API usage\n\u2717 build failed with exit code 116\nStep 10/10: Building\nInstalling axios@5.6.0\n\u2713 build completed\n[11:38:46] INFO: Processing request\nCompiling src/handler.rs...\nStep 9/10: Building\nArtifact uploaded: build.tar.gz (2MB)\nStep 8/10: Building\nCache hit for key-4531\n[11:38:46] INFO: Processing request\nStep 9/10: Building\n  PASS: test_api_health (85ms)\n\u2713 test completed\nArtifact uploaded: build.tar.gz (25MB)\n[11:38:46] INFO: Processing request\nCompiling src/service.java...\nInstalling lodash@4.8.0\n  PASS: test_db_connect (157ms)\nException: ValueError\n[11:38:46] INFO: Processing request\n  PASS: test_auth_login (31ms)\n\u2713 lint completed\nInstalling axios@4.5.0\nStep 9/10: Building\nInstalling eslint@2.11.0\nArtifact uploaded: build.tar.gz (12MB)\nCache hit for key-2638\nWARNING: react has known vulnerabilities\nCache hit for key-5034\n  PASS: test_cache_hit (441ms)\nCache hit for key-4364\nCompiling src/service.java...\nArtifact uploaded: build.tar.gz (49MB)\nStep 5/10: Building\nCompiling src/main.py...\n[11:38:46] INFO: Processing request\nCache hit for key-5305\nArtifact uploaded: build.tar.gz (10MB)\n[11:38:46] ERROR: Connection failed\nArtifact uploaded: build.tar.gz (37MB)\nStep 9/10: Building\n=== Step build_artifact completed ===\n=== Step: deploy ===\nInstalling prettier@4.19.0\n\u2713 build completed\nInstalling react@4.6.0\nArtifact uploaded: build.tar.gz (29MB)\nCompiling src/index.js...\n[11:38:46] INFO: Processing request\nCompiling src/handler.rs...\nInstalling prettier@5.12.0\nCache hit for key-2326\nStep 9/10: Building\nCompiling src/app.ts...\n[11:38:46] INFO: Processing request\nCache hit for key-8703\nStep 8/10: Building\n[11:38:46] INFO: Processing request\nArtifact uploaded: build.tar.gz (11MB)\nArtifact uploaded: build.tar.gz (9MB)\n\u26a0 DEPRECATION: Feature will be removed in v3.0\nCache hit for key-2096\nStep 8/10: Building\nWARNING: eslint has known vulnerabilities\n\u26a0 DEPRECATION: Feature will be removed in v2.0\n[11:38:46] INFO: Processing request\nCompiling src/index.js...\n\u2717 build failed with exit code 17\nArtifact uploaded: build.tar.gz (30MB)\nInstalling prettier@3.11.0\nInstalling prettier@5.4.0\n\u2713 build completed\nArtifact uploaded: build.tar.gz (45MB)\n[11:38:46] WARN: Deprecated API usage\n[11:38:46] WARN: Deprecated API usage\nInstalling react@2.0.0\n[11:38:46] INFO: Processing request\n[11:38:46] INFO: Processing request\nArtifact uploaded: build.tar.gz (37MB)\n[11:38:46] INFO: Processing request\nInstalling eslint@3.16.0\nStep 8/10: Building\n\u26a0 DEPRECATION: Feature will be removed in v3.0\nCompiling src/index.js...\n[11:38:46] INFO: Processing request\nWARNING: eslint has known vulnerabilities\nCompiling src/main.py...\n\u26a0 DEPRECATION: Feature will be removed in v2.0\nCompiling src/handler.rs...\n[11:38:46] INFO: Processing request\n  PASS: test_user_create (140ms)\nInstalling react@5.12.0\nFAILED: test_auth_login\n\u2713 lint completed\n[11:38:46] INFO: Processing request\n\u2713 test completed\nInstalling prettier@1.15.0\n\u2713 test completed\nStep 6/10: Building\nCompiling src/app.ts...\nInstalling webpack@3.0.0\nArtifact uploaded: build.tar.gz (47MB)\n\u2713 lint completed\nWARNING: webpack has known vulnerabilities\nCompiling src/app.ts...\nWARNING: eslint has known vulnerabilities\nCompiling src/main.py...\nInstalling react@3.9.0\nInstalling prettier@4.3.0\n\u2713 build completed\nCompiling src/app.ts...\nCompiling src/service.java...\n[11:38:46] INFO: Processing request\nArtifact uploaded: build.tar.gz (30MB)\n[11:38:46] INFO: Processing request\nFAILED: test_auth_login\nStep 9/10: Building\nInstalling lodash@1.3.0\nStep 10/10: Building\n\u2713 test completed\nWARNING: prettier has known vulnerabilities\nArtifact uploaded: build.tar.gz (38MB)\nCache hit for key-3621\nStep 10/10: Building\nInstalling prettier@3.9.0\nCompiling src/utils.go...\n=== Step deploy completed ===",
    "steps": [
      {
        "name": "checkout",
        "status": "success",
        "started_at": "2025-11-27T11:38:46.561695",
        "finished_at": "2025-11-27T11:38:53.236395",
        "log_lines": [
          "=== Step: checkout ===",
          "  PASS: test_api_health (430ms)",
          "Step 9/10: Building",
          "Step 3/10: Building",
          "Installing express@3.0.0",
          "Installing lodash@2.13.0",
          "[11:38:46] INFO: Processing request",
          "[11:38:46] INFO: Processing request",
          "  PASS: test_api_health (233ms)",
          "Installing lodash@5.6.0",
          "\u2713 build completed",
          "  PASS: test_db_connect (182ms)",
          "  PASS: test_user_create (25ms)",
          "  PASS: test_cache_hit (462ms)",
          "\u2713 build completed",
          "WARNING: axios has known vulnerabilities",
          "Step 6/10: Building",
          "Artifact uploaded: build.tar.gz (12MB)",
          "Step 8/10: Building",
          "  PASS: test_cache_hit (71ms)",
          "[11:38:46] INFO: Processing request",
          "  PASS: test_api_health (67ms)",
          "\u2713 build completed",
          "Artifact uploaded: build.tar.gz (19MB)",
          "  PASS: test_db_connect (281ms)",
          "Cache hit for key-9852",
          "[11:38:46] WARN: Deprecated API usage",
          "Installing jest@2.13.0",
          "Cache hit for key-9004",
          "\u2713 lint completed",
          "Artifact uploaded: build.tar.gz (40MB)",
          "Artifact uploaded: build.tar.gz (41MB)",
          "Cache hit for key-4230",
          "[11:38:46] WARN: Deprecated API usage",
          "  PASS: test_user_create (120ms)",
          "  PASS: test_user_create (254ms)",
          "Installing lodash@3.13.0",
          "  PASS: test_db_connect (385ms)",
          "Step 10/10: Building",
          "[11:38:46] INFO: Processing request",
          "\u2713 build completed",
          "Compiling src/handler.rs...",
          "WARNING: axios has known vulnerabilities",
          "[11:38:46] INFO: Processing request",
          "Cache hit for key-4021",
          "Artifact uploaded: build.tar.gz (43MB)",
          "\u2713 build completed",
          "\u2713 test completed",
          "Compiling src/index.js...",
          "Artifact uploaded: build.tar.gz (8MB)",
          "Installing jest@5.0.0",
          "Step 7/10: Building",
          "\u2713 test completed",
          "  PASS: test_auth_login (492ms)",
          "Compiling src/handler.rs...",
          "\u2713 build completed",
          "[11:38:46] INFO: Processing request",
          "\u26a0 DEPRECATION: Feature will be removed in v4.0",
          "\u2713 test completed",
          "Compiling src/utils.go...",
          "Installing jest@4.12.0",
          "Step 3/10: Building",
          "  PASS: test_db_connect (486ms)",
          "Exception: RuntimeError",
          "[11:38:46] INFO: Processing request",
          "\u26a0 DEPRECATION: Feature will be removed in v3.0",
          "Cache hit for key-5686",
          "Step 6/10: Building",
          "Compiling src/app.ts...",
          "Step 2/10: Building",
          "  PASS: test_user_create (323ms)",
          "Cache hit for key-2598",
          "[11:38:46] INFO: Processing request",
          "Step 1/10: Building",
          "Compiling src/handler.rs...",
          "\u2713 test completed",
          "\u2713 build completed",
          "Exception: TypeError",
          "Cache hit for key-9631",
          "Step 10/10: Building",
          "Cache hit for key-9850",
          "Installing express@2.16.0",
          "Step 4/10: Building",
          "  PASS: test_auth_login (177ms)",
          "=== Step checkout completed ==="
        ]
      },
      {
        "name": "setup_environment",
        "status": "success",
        "started_at": "2025-11-27T11:38:53.236395",
        "finished_at": "2025-11-27T11:39:06.585795",
        "log_lines": [
          "=== Step: setup_environment ===",
          "Compiling src/app.ts...",
          "  PASS: test_auth_login (225ms)",
          "\u2713 build completed",
          "Cache hit for key-3499",
          "Installing react@5.10.0",
          "Cache hit for key-6751",
          "Compiling src/utils.go...",
          "Installing react@2.18.0",
          "[11:38:46] INFO: Processing request",
          "[11:38:46] WARN: Deprecated API usage",
          "[11:38:46] INFO: Processing request",
          "Step 2/10: Building",
          "\u26a0 DEPRECATION: Feature will be removed in v4.0",
          "Compiling src/handler.rs...",
          "Step 10/10: Building",
          "[11:38:46] INFO: Processing request",
          "Compiling src/main.py...",
          "\u26a0 DEPRECATION: Feature will be removed in v4.0",
          "[11:38:46] WARN: Deprecated API usage",
          "Cache hit for key-9828",
          "  PASS: test_db_connect (172ms)",
          "[11:38:46] INFO: Processing request",
          "[11:38:46] WARN: Deprecated API usage",
          "Compiling src/handler.rs...",
          "Artifact uploaded: build.tar.gz (7MB)",
          "\u2713 build completed",
          "  PASS: test_api_health (230ms)",
          "Cache hit for key-8205",
          "  PASS: test_db_connect (311ms)",
          "Cache hit for key-6429",
          "  PASS: test_cache_hit (378ms)",
          "Cache hit for key-1685",
          "\u26a0 DEPRECATION: Feature will be removed in v5.0",
          "Compiling src/handler.rs...",
          "Installing react@2.17.0",
          "Cache hit for key-3528",
          "Installing express@2.1.0",
          "Artifact uploaded: build.tar.gz (33MB)",
          "  PASS: test_api_health (449ms)",
          "[11:38:46] INFO: Processing request",
          "Cache hit for key-4432",
          "[11:38:46] INFO: Processing request",
          "[11:38:46] INFO: Processing request",
          "[11:38:46] WARN: Deprecated API usage",
          "[11:38:46] INFO: Processing request",
          "Artifact uploaded: build.tar.gz (5MB)",
          "\u2713 build completed",
          "  PASS: test_db_connect (268ms)",
          "Exception: RuntimeError",
          "Step 9/10: Building",
          "Installing axios@4.20.0",
          "  PASS: test_user_create (1ms)",
          "\u2713 test completed",
          "  PASS: test_auth_login (119ms)",
          "\u26a0 DEPRECATION: Feature will be removed in v4.0",
          "  PASS: test_api_health (111ms)",
          "[11:38:46] INFO: Processing request",
          "Compiling src/app.ts...",
          "WARNING: express has known vulnerabilities",
          "Installing axios@4.2.0",
          "Cache hit for key-8215",
          "Artifact uploaded: build.tar.gz (33MB)",
          "\u26a0 DEPRECATION: Feature will be removed in v4.0",
          "Artifact uploaded: build.tar.gz (48MB)",
          "Step 2/10: Building",
          "\u2713 build completed",
          "Installing eslint@4.17.0",
          "  PASS: test_user_create (223ms)",
          "Artifact uploaded: build.tar.gz (27MB)",
          "Installing webpack@2.6.0",
          "Cache hit for key-6725",
          "Artifact uploaded: build.tar.gz (30MB)",
          "Installing eslint@2.3.0",
          "Cache hit for key-3271",
          "\u2713 test completed",
          "  PASS: test_auth_login (36ms)",
          "\u2713 lint completed",
          "Compiling src/main.py...",
          "\u2713 build completed",
          "Compiling src/handler.rs...",
          "Step 3/10: Building",
          "[11:38:46] WARN: Deprecated API usage",
          "Cache hit for key-7089",
          "=== Step setup_environment completed ==="
        ]
      },
      {
        "name": "install_dependencies",
        "status": "success",
        "started_at": "2025-11-27T11:39:06.585795",
        "finished_at": "2025-11-27T11:39:33.284595",
        "log_lines": [
          "=== Step: install_dependencies ===",
          "  PASS: test_api_health (193ms)",
          "Cache hit for key-8443",
          "Installing axios@5.6.0",
          "Step 8/10: Building",
          "Installing lodash@2.17.0",
          "\u2713 lint completed",
          "\u2713 lint completed",
          "Step 4/10: Building",
          "Compiling src/main.py...",
          "\u2713 test completed",
          "Step 6/10: Building",
          "[11:38:46] WARN: Deprecated API usage",
          "\u2713 test completed",
          "Cache hit for key-4846",
          "Step 2/10: Building",
          "[11:38:46] INFO: Processing request",
          "WARNING: jest has known vulnerabilities",
          "  PASS: test_auth_login (415ms)",
          "Step 6/10: Building",
          "Compiling src/service.java...",
          "\u2717 build failed with exit code 123",
          "[11:38:46] INFO: Processing request",
          "Cache hit for key-2895",
          "\u2713 build completed",
          "Compiling src/handler.rs...",
          "Cache hit for key-6720",
          "Cache hit for key-8366",
          "Step 5/10: Building",
          "[11:38:46] INFO: Processing request",
          "Step 6/10: Building",
          "Step 9/10: Building",
          "\u2713 lint completed",
          "Installing express@4.13.0",
          "Step 7/10: Building",
          "Compiling src/index.js...",
          "Artifact uploaded: build.tar.gz (22MB)",
          "Step 1/10: Building",
          "[11:38:46] INFO: Processing request",
          "Installing express@1.10.0",
          "[11:38:46] INFO: Processing request",
          "  PASS: test_user_create (460ms)",
          "Artifact uploaded: build.tar.gz (16MB)",
          "Artifact uploaded: build.tar.gz (42MB)",
          "Installing axios@3.17.0",
          "[11:38:46] INFO: Processing request",
          "Compiling src/index.js...",
          "Cache hit for key-5420",
          "\u2713 lint completed",
          "Step 6/10: Building",
          "Artifact uploaded: build.tar.gz (24MB)",
          "Cache hit for key-1050",
          "\u2713 test completed",
          "\u2713 lint completed",
          "Compiling src/app.ts...",
          "Cache hit for key-7389",
          "Step 6/10: Building",
          "  PASS: test_cache_hit (402ms)",
          "Cache hit for key-1454",
          "[11:38:46] INFO: Processing request",
          "Compiling src/index.js...",
          "Artifact uploaded: build.tar.gz (27MB)",
          "Step 8/10: Building",
          "\u2713 test completed",
          "Installing eslint@5.8.0",
          "\u26a0 DEPRECATION: Feature will be removed in v4.0",
          "[11:38:46] INFO: Processing request",
          "[11:38:46] INFO: Processing request",
          "Cache hit for key-8555",
          "Compiling src/index.js...",
          "Installing webpack@3.0.0",
          "[11:38:46] ERROR: Connection failed",
          "  PASS: test_auth_login (378ms)",
          "  PASS: test_api_health (157ms)",
          "Cache hit for key-9431",
          "Installing jest@1.7.0",
          "Cache hit for key-9225",
          "[11:38:46] INFO: Processing request",
          "  PASS: test_auth_login (24ms)",
          "Step 8/10: Building",
          "  PASS: test_user_create (354ms)",
          "Step 10/10: Building",
          "\u2717 build failed with exit code 74",
          "Artifact uploaded: build.tar.gz (38MB)",
          "=== Step install_dependencies completed ==="
        ]
      },
      {
        "name": "run_tests",
        "status": "success",
        "started_at": "2025-11-27T11:39:33.284595",
        "finished_at": "2025-11-27T11:40:20.007494",
        "log_lines": [
          "=== Step: run_tests ===",
          "Compiling src/service.java...",
          "Compiling src/app.ts...",
          "Cache hit for key-9087",
          "  PASS: test_cache_hit (331ms)",
          "Installing express@5.5.0",
          "Cache hit for key-4118",
          "  PASS: test_db_connect (37ms)",
          "\u2713 build completed",
          "[11:38:46] INFO: Processing request",
          "Cache hit for key-1682",
          "Cache hit for key-6629",
          "[11:38:46] INFO: Processing request",
          "\u2713 build completed",
          "Compiling src/index.js...",
          "Step 4/10: Building",
          "Installing prettier@2.17.0",
          "\u2713 build completed",
          "Installing express@3.12.0",
          "\u2713 lint completed",
          "[11:38:46] INFO: Processing request",
          "  PASS: test_user_create (399ms)",
          "Step 6/10: Building",
          "Artifact uploaded: build.tar.gz (37MB)",
          "[11:38:46] INFO: Processing request",
          "Cache hit for key-6392",
          "  PASS: test_api_health (23ms)",
          "Step 6/10: Building",
          "Compiling src/utils.go...",
          "\u2713 test completed",
          "[11:38:46] INFO: Processing request",
          "Artifact uploaded: build.tar.gz (39MB)",
          "Artifact uploaded: build.tar.gz (3MB)",
          "Installing axios@2.5.0",
          "Installing eslint@4.6.0",
          "[11:38:46] INFO: Processing request",
          "Step 3/10: Building",
          "Artifact uploaded: build.tar.gz (38MB)",
          "Compiling src/service.java...",
          "Cache hit for key-2179",
          "Step 5/10: Building",
          "Step 2/10: Building",
          "[11:38:46] INFO: Processing request",
          "Installing react@2.11.0",
          "Compiling src/main.py...",
          "Cache hit for key-8166",
          "  PASS: test_auth_login (397ms)",
          "[11:38:46] INFO: Processing request",
          "Compiling src/service.java...",
          "\u2717 build failed with exit code 17",
          "\u2713 test completed",
          "Cache hit for key-7964",
          "Compiling src/app.ts...",
          "\u2713 build completed",
          "Artifact uploaded: build.tar.gz (11MB)",
          "Installing express@1.14.0",
          "Compiling src/service.java...",
          "Step 8/10: Building",
          "Cache hit for key-2297",
          "[11:38:46] INFO: Processing request",
          "Artifact uploaded: build.tar.gz (44MB)",
          "WARNING: webpack has known vulnerabilities",
          "WARNING: react has known vulnerabilities",
          "Artifact uploaded: build.tar.gz (34MB)",
          "Installing lodash@4.12.0",
          "Installing react@2.20.0",
          "[11:38:46] INFO: Processing request",
          "Cache hit for key-1498",
          "Artifact uploaded: build.tar.gz (8MB)",
          "\u2713 build completed",
          "Step 10/10: Building",
          "[11:38:46] INFO: Processing request",
          "  PASS: test_db_connect (183ms)",
          "Compiling src/index.js...",
          "  PASS: test_db_connect (114ms)",
          "Step 9/10: Building",
          "[11:38:46] INFO: Processing request",
          "Step 2/10: Building",
          "Artifact uploaded: build.tar.gz (9MB)",
          "[11:38:46] INFO: Processing request",
          "Installing eslint@5.7.0",
          "\u2713 build completed",
          "Compiling src/index.js...",
          "Artifact uploaded: build.tar.gz (7MB)",
          "=== Step run_tests completed ==="
        ]
      },
      {
        "name": "build_artifact",
        "status": "success",
        "started_at": "2025-11-27T11:40:20.007494",
        "finished_at": "2025-11-27T11:40:46.706294",
        "log_lines": [
          "=== Step: build_artifact ===",
          "Step 8/10: Building",
          "Artifact uploaded: build.tar.gz (43MB)",
          "  PASS: test_auth_login (160ms)",
          "Compiling src/handler.rs...",
          "  PASS: test_user_create (315ms)",
          "  PASS: test_auth_login (281ms)",
          "Compiling src/app.ts...",
          "Compiling src/main.py...",
          "Compiling src/service.java...",
          "Artifact uploaded: build.tar.gz (44MB)",
          "  PASS: test_auth_login (155ms)",
          "Installing lodash@3.9.0",
          "[11:38:46] WARN: Deprecated API usage",
          "Cache hit for key-4951",
          "[11:38:46] INFO: Processing request",
          "Step 4/10: Building",
          "Installing eslint@5.15.0",
          "Artifact uploaded: build.tar.gz (3MB)",
          "[11:38:46] INFO: Processing request",
          "  PASS: test_cache_hit (233ms)",
          "  PASS: test_auth_login (468ms)",
          "Compiling src/utils.go...",
          "FAILED: test_user_create",
          "Artifact uploaded: build.tar.gz (16MB)",
          "\u2713 test completed",
          "Cache hit for key-9558",
          "Cache hit for key-4477",
          "Cache hit for key-8937",
          "\u2717 build failed with exit code 32",
          "Installing axios@5.13.0",
          "Installing jest@1.7.0",
          "Installing react@3.14.0",
          "[11:38:46] WARN: Deprecated API usage",
          "WARNING: webpack has known vulnerabilities",
          "\u2713 build completed",
          "Cache hit for key-4844",
          "\u26a0 DEPRECATION: Feature will be removed in v3.0",
          "[11:38:46] INFO: Processing request",
          "Installing lodash@4.3.0",
          "\u2713 lint completed",
          "[11:38:46] WARN: Deprecated API usage",
          "\u2717 build failed with exit code 116",
          "Step 10/10: Building",
          "Installing axios@5.6.0",
          "\u2713 build completed",
          "[11:38:46] INFO: Processing request",
          "Compiling src/handler.rs...",
          "Step 9/10: Building",
          "Artifact uploaded: build.tar.gz (2MB)",
          "Step 8/10: Building",
          "Cache hit for key-4531",
          "[11:38:46] INFO: Processing request",
          "Step 9/10: Building",
          "  PASS: test_api_health (85ms)",
          "\u2713 test completed",
          "Artifact uploaded: build.tar.gz (25MB)",
          "[11:38:46] INFO: Processing request",
          "Compiling src/service.java...",
          "Installing lodash@4.8.0",
          "  PASS: test_db_connect (157ms)",
          "Exception: ValueError",
          "[11:38:46] INFO: Processing request",
          "  PASS: test_auth_login (31ms)",
          "\u2713 lint completed",
          "Installing axios@4.5.0",
          "Step 9/10: Building",
          "Installing eslint@2.11.0",
          "Artifact uploaded: build.tar.gz (12MB)",
          "Cache hit for key-2638",
          "WARNING: react has known vulnerabilities",
          "Cache hit for key-5034",
          "  PASS: test_cache_hit (441ms)",
          "Cache hit for key-4364",
          "Compiling src/service.java...",
          "Artifact uploaded: build.tar.gz (49MB)",
          "Step 5/10: Building",
          "Compiling src/main.py...",
          "[11:38:46] INFO: Processing request",
          "Cache hit for key-5305",
          "Artifact uploaded: build.tar.gz (10MB)",
          "[11:38:46] ERROR: Connection failed",
          "Artifact uploaded: build.tar.gz (37MB)",
          "Step 9/10: Building",
          "=== Step build_artifact completed ==="
        ]
      },
      {
        "name": "deploy",
        "status": "success",
        "started_at": "2025-11-27T11:40:46.706294",
        "finished_at": "2025-11-27T11:41:00.055694",
        "log_lines": [
          "=== Step: deploy ===",
          "Installing prettier@4.19.0",
          "\u2713 build completed",
          "Installing react@4.6.0",
          "Artifact uploaded: build.tar.gz (29MB)",
          "Compiling src/index.js...",
          "[11:38:46] INFO: Processing request",
          "Compiling src/handler.rs...",
          "Installing prettier@5.12.0",
          "Cache hit for key-2326",
          "Step 9/10: Building",
          "Compiling src/app.ts...",
          "[11:38:46] INFO: Processing request",
          "Cache hit for key-8703",
          "Step 8/10: Building",
          "[11:38:46] INFO: Processing request",
          "Artifact uploaded: build.tar.gz (11MB)",
          "Artifact uploaded: build.tar.gz (9MB)",
          "\u26a0 DEPRECATION: Feature will be removed in v3.0",
          "Cache hit for key-2096",
          "Step 8/10: Building",
          "WARNING: eslint has known vulnerabilities",
          "\u26a0 DEPRECATION: Feature will be removed in v2.0",
          "[11:38:46] INFO: Processing request",
          "Compiling src/index.js...",
          "\u2717 build failed with exit code 17",
          "Artifact uploaded: build.tar.gz (30MB)",
          "Installing prettier@3.11.0",
          "Installing prettier@5.4.0",
          "\u2713 build completed",
          "Artifact uploaded: build.tar.gz (45MB)",
          "[11:38:46] WARN: Deprecated API usage",
          "[11:38:46] WARN: Deprecated API usage",
          "Installing react@2.0.0",
          "[11:38:46] INFO: Processing request",
          "[11:38:46] INFO: Processing request",
          "Artifact uploaded: build.tar.gz (37MB)",
          "[11:38:46] INFO: Processing request",
          "Installing eslint@3.16.0",
          "Step 8/10: Building",
          "\u26a0 DEPRECATION: Feature will be removed in v3.0",
          "Compiling src/index.js...",
          "[11:38:46] INFO: Processing request",
          "WARNING: eslint has known vulnerabilities",
          "Compiling src/main.py...",
          "\u26a0 DEPRECATION: Feature will be removed in v2.0",
          "Compiling src/handler.rs...",
          "[11:38:46] INFO: Processing request",
          "  PASS: test_user_create (140ms)",
          "Installing react@5.12.0",
          "FAILED: test_auth_login",
          "\u2713 lint completed",
          "[11:38:46] INFO: Processing request",
          "\u2713 test completed",
          "Installing prettier@1.15.0",
          "\u2713 test completed",
          "Step 6/10: Building",
          "Compiling src/app.ts...",
          "Installing webpack@3.0.0",
          "Artifact uploaded: build.tar.gz (47MB)",
          "\u2713 lint completed",
          "WARNING: webpack has known vulnerabilities",
          "Compiling src/app.ts...",
          "WARNING: eslint has known vulnerabilities",
          "Compiling src/main.py...",
          "Installing react@3.9.0",
          "Installing prettier@4.3.0",
          "\u2713 build completed",
          "Compiling src/app.ts...",
          "Compiling src/service.java...",
          "[11:38:46] INFO: Processing request",
          "Artifact uploaded: build.tar.gz (30MB)",
          "[11:38:46] INFO: Processing request",
          "FAILED: test_auth_login",
          "Step 9/10: Building",
          "Installing lodash@1.3.0",
          "Step 10/10: Building",
          "\u2713 test completed",
          "WARNING: prettier has known vulnerabilities",
          "Artifact uploaded: build.tar.gz (38MB)",
          "Cache hit for key-3621",
          "Step 10/10: Building",
          "Installing prettier@3.9.0",
          "Compiling src/utils.go...",
          "=== Step deploy completed ==="
        ]
      }
    ],
    "label": "normal"
  }
}