{
  "action": "completed",
  "workflow_run": {
    "id": 737,
    "name": "CI Pipeline",
    "head_branch": "main",
    "head_sha": "5bca4c545a86c282b61a6a3cde4e42f06d12af9b",
    "status": "completed",
    "conclusion": "failure",
    "run_started_at": "2025-11-21T12:52:05.353660Z",
    "updated_at": "2025-11-21T12:54:57.312630Z"
  },
  "repository": {
    "full_name": "startup-io/mobile-backend",
    "name": "mobile-backend"
  },
  "sender": {
    "login": "diana"
  },
  "_safeops_extended": {
    "raw_logs": "=== Step: install_dependencies ===\npip: Collecting prettier\nWARNING: lodash has known vulnerabilities\nTest Suites: 5 passed, 19 total\npip: Installing build dependencies...\nOK\n\u2713 All checks passed\nBuilding Docker image...\n[12:52:05] INFO: Starting build process\n[12:52:05] INFO: Processing request\nWARNING: webpack has known vulnerabilities\nAlready up to date.\nRan 84 tests in 11s\nSnapshots: 40 passed, 13 total\nConnection established\nUsing Node.js 14.19.8\n[12:52:05] DEBUG: Connection pool: 14 active\nCompleted.\nAlready up to date.\nTime: 95.715s\nGenerating source maps...\n[12:52:05] WARN: Deprecated API usage\nHEAD is now at 8ec43e4\nProcessing...\n[12:52:05] DEBUG: Connection pool: 17 active\n[12:52:05] DEBUG: Loading configuration\nException: TypeError\nCompiling components/service.java...\nCompiling src/service.java...\nEnvironment: production\nCoverage: 81% statements, 79% branches\n[12:52:05] DEBUG: Memory usage: 1794MB\nStep 5/23: Deploying\nBundling runtime.css\npip: Downloading react-2.16.tar.gz\nGET /status - 204 (25ms)\n[12:52:05] WARN: Deprecated API usage\nFetching from https://github.com/package.json\nImage pulled successfully\nUploading artifact 'coverage' (34 files)\nTransforming 581 files...\nCompleted.\nSwitched to branch 'bugfix/task-894'\n[12:52:05] ERROR: Connection failed\nLoading...\nSnapshots: 43 passed, 33 total\nVerifying...\nInstalling prettier@2.6.7\nGenerating source maps...\nArtifact uploaded: build.tar.gz (47MB)\nUploading artifact 'coverage' (30 files)\nEnvironment: staging\n[12:52:05] INFO: Starting build process\npip install: Successfully installed prettier-4.9\nWARNING: axios has known vulnerabilities\npip: Installing build dependencies...\n\u2713 All checks passed\nConnection established\nPushing to registry...\n[12:52:05] INFO: Connecting to database\nCache hit for key-6887\n[12:52:05] INFO: Request completed\nOK\nPOST /data - 201 (41ms)\nTime: 36.599s\nnpm notice: created a lockfile\nGenerating source maps...\nStep 8/23: Installing dependencies\n\u26a0 DEPRECATION: Feature will be removed in v2.0\nPlatform: win32-x64\nStep 9/19: Testing\nInstalling axios@2.15.5\nMinifying app.js\n\u2713 Task completed in 4444ms\n[12:52:05] WARN: Deprecated API usage\nCache restored successfully (99MB)\nTransforming 274 files...\n\u2713 Task completed in 1522ms\nConnection established\n[12:52:05] WARN: Deprecated API usage\nnpm notice: created a lockfile\nStep 11/24: Installing dependencies\nTransforming 810 files...\n[12:52:05] WARN: Deprecated API usage\nCoverage: 94% statements, 94% branches\nConnection established\nVerifying...\nPushing to registry...\nStep 17/15: Linting\nWARNING: jest has known vulnerabilities\nArtifact uploaded: build.tar.gz (20MB)\nBuilding Docker image...\n[12:52:05] INFO: Cache refreshed\nCompiling components/utils.go...\nStep 12/16: Running migrations\nStep 7/18: Deploying\nCache saved successfully\nCache invalidated: dependencies\nTest Suites: 24 passed, 20 total\nPlatform: linux-x64\nTest Suites: 36 passed, 23 total\nStep 15/18: Deploying\nRan 186 tests in 44s\nInstalling jest@4.1.2\nInstalling prettier@4.9.5\nWARNING: prettier has known vulnerabilities\n[12:52:05] DEBUG: Connection pool: 2 active\nLoading...\nStep 9/15: Deploying\n[12:52:05] INFO: Cache refreshed\nCreating production build...\npip install: Successfully installed axios-3.17\nStep 13/18: Testing\nArtifact uploaded: build.tar.gz (22MB)\nSnapshots: 11 passed, 22 total\n\u2713 package completed\nAlready up to date.\n[12:52:05] INFO: Request completed\nTest Suites: 23 passed, 28 total\n\u2713 validate completed\nGET /health - 204 (10ms)\nCache miss for key-5192\nCompleted.\nUsing Node.js 20.3.0\nUploading artifact 'build' (9 files)\n[12:52:05] INFO: Connecting to database\nStep 9/18: Deploying\nReady.\nCache saved successfully\nGenerating source maps...\nTime: 75.94s\nArtifact downloaded: 16MB\nCache invalidated: dependencies\nImage pulled successfully\n[12:52:05] DEBUG: Loading configuration\nCreating production build...\nFAILED: test_cache_hit\npip install: Successfully installed prettier-4.3\nChecking out develop branch\nUploading artifact 'dist' (9 files)\n  PASS: test_cache_hit (218ms)\nImage pulled successfully\nCache invalidated: node_modules\nGenerating source maps...\nStep 3/20: Installing dependencies\nLayer 5/13: ENV command\nTest Suites: 14 passed, 8 total\nCompiling src/app.ts...\npip: Collecting lodash\nStep 20/16: Deploying\n=== Step install_dependencies completed ===\n=== Step: integration_tests ===\nPulling image: node:latest\nUsing Node.js 20.3.3\nCache hit for key-7777\n[12:52:05] DEBUG: Query executed in 57ms\nArtifact uploaded: dist.zip (26MB)\nTest Suites: 50 passed, 22 total\nnpm install: resolved 113 packages\n[12:52:05] DEBUG: Loading configuration\nTransforming 549 files...\nSuccess!\nPOST /upload - 200 (24ms)\nnpm notice: package.json updated\nEnvironment: test\nBundling vendor.css\nException: TypeError\nCompiling utils/main.py...\nTime: 89.353s\nPushing to registry...\n[12:52:05] INFO: Starting build process\nPlatform: win32-x64\nyarn add: Done in 15.65s\npip: Installing build dependencies...\n\u26a0 DEPRECATION: Feature will be removed in v2.0\nInstalling axios@4.0.6\nLoading...\nCache invalidated: dependencies\n[12:52:05] INFO: Starting build process\nPulling image: alpine:18\nFinished.\nCompleted.\npip: Downloading lodash-1.0.tar.gz\nCreating production build...\nyarn add: Done in 18.87s\npip: Collecting react\nReady.\n[12:52:05] INFO: Starting build process\nFAILED: test_db_connect\nHEAD is now at b21d81a\nTLS handshake completed\nCoverage: 88% statements, 83% branches\n[12:52:05] INFO: Request completed\n[12:52:05] DEBUG: Memory usage: 1622MB\n[12:52:05] DEBUG: Memory usage: 662MB\nAlready up to date.\n\u2713 test completed\nArtifact downloaded: 16MB\npip: Collecting axios\nGenerating source maps...\nCompiling src/main.py...\n\u26a0 DEPRECATION: Feature will be removed in v2.0\nBundling vendor.js\nnpm install: resolved 887 packages\nPulling image: node:3.11\n[12:52:05] INFO: Cache refreshed\nyarn add: Done in 6.75s\nCoverage: 74% statements, 65% branches\nProcessing...\n\u26a0 DEPRECATION: Feature will be removed in v4.0\nSnapshots: 26 passed, 44 total\nCache saved successfully\n[12:52:05] DEBUG: Memory usage: 1080MB\n\u2717 build failed with exit code 98\nProcessing...\n[12:52:05] ERROR: Connection failed\nArtifact downloaded: 23MB\nSuccess!\nConnection established\npip: Downloading axios-4.15.tar.gz\nUsing Python 3.11\nCreating production build...\n[12:52:05] WARN: Deprecated API usage\n[12:52:05] WARN: Deprecated API usage\n\u26a0 DEPRECATION: Feature will be removed in v5.0\nCompleted.\n\u2717 build failed with exit code 108\nPlatform: linux-x64\nFetching from https://registry.npmjs.org/package.json\n[12:52:05] INFO: Connecting to database\nWARNING: eslint has known vulnerabilities\nMinifying app.js\nnpm install: resolved 989 packages\n[12:52:05] DEBUG: Query executed in 67ms\nWARNING: axios has known vulnerabilities\nSuccess!\nEnvironment: staging\nVerifying...\nSuccess!\npip install: Successfully installed react-4.19\n[12:52:05] DEBUG: Initializing service\nCompiling src/app.ts...\n  PASS: unit/test_auth_login.spec.js\nEnvironment: development\nPulling image: node:18\nyarn add: Done in 25.80s\nPulling image: node:latest\nChecking out master branch\nException: NullPointerException\nPlatform: linux-x64\nCache hit for key-8765\nDone.\n\u26a0 DEPRECATION: Feature will be removed in v5.0\n[12:52:05] INFO: Cache refreshed\nOK\npip: Downloading jest-2.18.tar.gz\nSwitched to branch 'bugfix/task-693'\n[12:52:05] WARN: Deprecated API usage\n\u2713 validate completed\nnpm notice: created a lockfile\nRan 45 tests in 23s\nNODE_ENV=development\n[12:52:05] INFO: Processing request\n[12:52:05] WARN: Deprecated API usage\nStep 1/25: Running migrations\nWARNING: axios has known vulnerabilities\nCompleted.\nPOST /upload - 201 (476ms)\nArtifact downloaded: 6MB\nUsing Node.js 14.6.2\nMinifying main.js\nFAILED: test_auth_login\npip: Downloading express-3.18.tar.gz\nStep 8/20: Running migrations\nAlready up to date.\npip install: Successfully installed react-3.4\nBundling styles.css\nEnvironment: development\nLoading...\nCompiling components/app.ts...\nFetching submodules...\n[12:52:05] DEBUG: Loading configuration\nReady.\nMinifying main.js\nTime: 59.499s\n[12:52:05] DEBUG: Query executed in 11ms\nTransforming 368 files...\nNODE_ENV=production\nArtifact downloaded: 28MB\n[12:52:05] INFO: Connecting to database\nReady.\nCompiling lib/app.ts...\nCompiling utils/app.ts...\nImage pulled successfully\nFAILED: test_cache_hit\nnpm notice: package.json updated\nCreating production build...\nLayer 10/11: ENV command\nTests: 393 passed, 370 total\nWARNING: jest has known vulnerabilities\nGET /status - 200 (65ms)\n=== Step integration_tests completed ===\n=== Step: restore_cache ===\nTransforming 944 files...\nAlready up to date.\nDone.\nPulling image: node:3.11\nOK\nReady.\nnpm install: resolved 598 packages\nFetching from https://googleapis.com/package.json\nConnection established\nPlatform: linux-x64\nOK\n\u2713 Task completed in 858ms\nProcessing...\nUsing Node.js 19.16.3\nyarn add: Done in 26.0s\n[12:52:05] DEBUG: Memory usage: 295MB\nUsing Python 3.10\nTransforming 139 files...\nGET /health - 201 (21ms)\nCreating production build...\nFetching from https://npmjs.org/package.json\n\u2717 build failed with exit code 121\nStep 18/23: Linting\npip: Installing build dependencies...\n[12:52:05] DEBUG: Connection pool: 19 active\nFinished.\nWaiting...\nUsing Node.js 18.16.4\nSuccess!\n\u2713 test completed\nLoading...\nPulling image: node:latest\n[12:52:05] DEBUG: Initializing service\nCompiling utils/service.java...\nCompiling utils/main.py...\nSwitched to branch 'bugfix/task-205'\nnpm install: added 265 packages\nLayer 3/10: ENV command\nEnvironment: test\nGET /api - 204 (98ms)\n\u2717 build failed with exit code 116\nStep 7/20: Linting\nWARNING: express has known vulnerabilities\n\u2717 build failed with exit code 91\nBuilding Docker image...\nCompiling components/app.ts...\nCompleted.\npip: Downloading prettier-1.2.tar.gz\npip: Downloading lodash-5.3.tar.gz\nStep 18/21: Installing dependencies\nImage pulled successfully\n[12:52:05] DEBUG: Query executed in 71ms\nStep 3/21: Deploying\nWARNING: react has known vulnerabilities\nFetching from https://docker.io/package.json\nCoverage: 85% statements, 68% branches\npip: Installing build dependencies...\nChecking out main branch\nImage pulled successfully\n\u26a0 DEPRECATION: Feature will be removed in v2.0\nWARNING: axios has known vulnerabilities\nGET /status - 200 (53ms)\n\u2713 test completed\nFetching submodules...\nLayer 6/10: RUN command\npip: Collecting lodash\n[12:52:05] INFO: Request completed\n[12:52:05] INFO: Connecting to database\nCache restored successfully (136MB)\n[12:52:05] DEBUG: Query executed in 96ms\n[12:52:05] WARN: Deprecated API usage\n[12:52:05] INFO: Connecting to database\nCompiling utils/app.ts...\n[12:52:05] DEBUG: Connection pool: 11 active\n[12:52:05] WARN: Deprecated API usage\nCompiling lib/index.js...\n[12:52:05] INFO: Connecting to database\nnpm install: added 101 packages\n\u2713 Task completed in 600ms\nCache hit for key-5701\n[12:52:05] WARN: Deprecated API usage\n\u26a0 DEPRECATION: Feature will be removed in v3.0\nConnection established\npip install: Successfully installed prettier-5.20\n\u2713 All checks passed\nInstalling jest@1.0.2\n\u26a0 DEPRECATION: Feature will be removed in v3.0\nCompiling components/index.js...\nFAILED: test_user_create\n\u26a0 DEPRECATION: Feature will be removed in v4.0\nFAILED: test_db_connect\nSwitched to branch 'bugfix/task-400'\nCache saved successfully\nOK\nWARNING: react has known vulnerabilities\nCompleted.\nStep 16/24: Installing dependencies\nSnapshots: 49 passed, 26 total\nFAILED: test_api_health\nUploading artifact 'build' (9 files)\nCache invalidated: dependencies\nWARNING: webpack has known vulnerabilities\n\u26a0 DEPRECATION: Feature will be removed in v4.0\nBundling vendor.js\nCompiling components/utils.go...\n[12:52:05] DEBUG: Loading configuration\nMinifying main.js\n[12:52:05] INFO: Connecting to database\nImage pulled successfully\nnpm notice: created a lockfile\nMinifying vendor.js\nHEAD is now at 1889ed7\n[12:52:05] INFO: Request completed\nNODE_ENV=test\nnpm install: added 381 packages\nnpm notice: created a lockfile\nFinished.\nnpm install: added 277 packages\nArtifact uploaded: dist.zip (25MB)\nSnapshots: 12 passed, 43 total\nSuccess!\nCache saved successfully\nUsing Node.js 15.7.8\nOK\nWaiting...\nCache miss for key-9601\nFAILED: test_cache_hit\nWARNING: axios has known vulnerabilities\n\u26a0 DEPRECATION: Feature will be removed in v2.0\nPlatform: linux-x64\nNODE_ENV=production\nCache saved successfully\n[12:52:05] INFO: Starting build process\nWARNING: express has known vulnerabilities\npip: Installing build dependencies...\nTransforming 164 files...\n[12:52:05] INFO: Connecting to database\nyarn add: Done in 5.14s\nMinifying main.js\nCreating production build...\nReady.\npip: Installing build dependencies...\nFetching submodules...\n[12:52:05] DEBUG: Query executed in 77ms\nCreating production build...\nCache saved successfully\nTLS handshake completed\nSwitched to branch 'bugfix/task-901'\n[12:52:05] INFO: Connecting to database\n=== Step restore_cache completed ===\n=== Step: checkout ===\n[12:52:05] DEBUG: Connection pool: 6 active\n[12:52:05] INFO: Cache refreshed\nStep 14/17: Testing\nStep 12/15: Deploying\nFinished.\nProcessing...\nnpm install: resolved 818 packages\nOK\n[12:52:05] INFO: Connecting to database\n\u2713 validate completed\nRan 85 tests in 6s\n[12:52:05] DEBUG: Loading configuration\nPulling image: node:18\nWARNING: react has known vulnerabilities\nGET /health - 204 (91ms)\nOK\nCache restored successfully (186MB)\nCreating production build...\nInstalling eslint@3.18.9\nCompiling components/app.ts...\n\u2713 Step 'test' succeeded\nGenerating source maps...\npip: Collecting express\nStep 6/18: Building\n\u2713 Step 'build' succeeded\nNODE_ENV=development\nWARNING: jest has known vulnerabilities\nArtifact uploaded: dist.zip (48MB)\nCompiling components/main.py...\n\u2713 All checks passed\nFetching from https://github.com/package.json\n\u2713 Step 'setup' succeeded\nUsing Python 3.12\n\u2713 All checks passed\nCompiling utils/main.py...\nProcessing...\n  PASS: integration/test_db_connect.spec.js\nLoading...\npip: Collecting react\npip: Installing build dependencies...\nHEAD is now at 3996a89\nPushing to registry...\nUploading artifact 'dist' (1 files)\nFetching submodules...\nBuilding Docker image...\nFetching from https://pypi.org/package.json\nVerifying...\n[12:52:05] WARN: Deprecated API usage\nOptimizing 14 modules...\nCompiling src/handler.rs...\nConnection established\nFinished.\n[12:52:05] DEBUG: Loading configuration\n\u26a0 DEPRECATION: Feature will be removed in v4.0\n[12:52:05] DEBUG: Connection pool: 17 active\nNODE_ENV=development\n[12:52:05] DEBUG: Connection pool: 15 active\nStep 2/23: Testing\n[12:52:05] WARN: Deprecated API usage\nStep 11/21: Installing dependencies\nCompleted.\nFetching from https://githubusercontent.com/package.json\nHEAD is now at a47d7f8\nReady.\n[12:52:05] DEBUG: Connection pool: 16 active\nWaiting...\nnpm install: added 96 packages\nSuccess!\nUploading artifact 'dist' (19 files)\nTransforming 436 files...\n[12:52:05] INFO: Starting build process\n\u26a0 DEPRECATION: Feature will be removed in v2.0\nnpm notice: package.json updated\n\u26a0 DEPRECATION: Feature will be removed in v3.0\nInstalling webpack@4.19.9\nArtifact uploaded: build.tar.gz (6MB)\nFetching submodules...\n  PASS: test_user_create (85ms)\nnpm notice: created a lockfile\n\u2717 build failed with exit code 84\nPushing to registry...\nArtifact uploaded: build.tar.gz (19MB)\nPlatform: win32-x64\nFAILED: test_db_connect\n\u2713 Step 'checkout' succeeded\nyarn add: Done in 4.2s\nBundling main.css\nOK\n\u26a0 DEPRECATION: Feature will be removed in v5.0\nnpm install: resolved 750 packages\n\u26a0 DEPRECATION: Feature will be removed in v2.0\nCompiling utils/utils.go...\nFinished.\nUsing Node.js 15.2.6\n[12:52:05] DEBUG: Memory usage: 640MB\nBundling vendor.css\n[12:52:05] DEBUG: Query executed in 14ms\nStep 18/19: Building\n[12:52:05] INFO: Processing request\nTLS handshake completed\n[12:52:05] ERROR: Connection failed\nOptimizing 63 modules...\n[12:52:05] WARN: Deprecated API usage\nnpm notice: package.json updated\n\u2713 Step 'setup' succeeded\nArtifact uploaded: dist.zip (50MB)\nStep 6/19: Building\nStep 18/21: Building\nCompiling utils/service.java...\n\u2713 Task completed in 2462ms\nHEAD is now at cb1d65b\nTransforming 308 files...\nCompiling lib/utils.go...\npip install: Successfully installed react-2.10\nCompleted.\nCache saved successfully\nWARNING: lodash has known vulnerabilities\n[12:52:05] WARN: Deprecated API usage\nPlatform: darwin-arm64\nnpm notice: created a lockfile\nImage pulled successfully\n  PASS: unit/test_cache_hit.spec.js\nNODE_ENV=test\n[12:52:05] DEBUG: Connection pool: 1 active\nOptimizing 12 modules...\nRan 156 tests in 38s\nStep 17/20: Running migrations\n[12:52:05] INFO: Connecting to database\nUsing Python 3.11\nArtifact downloaded: 35MB\nCompleted.\nFinished.\nProcessing...\nCreating production build...\nSnapshots: 1 passed, 17 total\nCache hit for key-2015\nEnvironment: test\nInstalling axios@1.15.1\nCompleted.\nWARNING: prettier has known vulnerabilities\nLoading...\nStep 18/17: Testing\nOK\nStep 6/18: Linting\nLayer 10/15: COPY command\nBundling runtime.css\n[12:52:05] DEBUG: Initializing service\nStep 7/23: Testing\nInstalling lodash@5.5.7\n=== Step checkout completed ===\n=== Step: setup_environment ===\nSwitched to branch 'bugfix/task-381'\n\u2713 Step 'build' succeeded\nCompleted.\n[12:52:05] INFO: Processing request\nUploading artifact 'build' (45 files)\n\u2713 deploy completed\nImage pulled successfully\n[12:52:05] INFO: Cache refreshed\nStep 18/23: Installing dependencies\nCache saved successfully\npip: Collecting lodash\nArtifact uploaded: dist.zip (93MB)\nCompiling lib/app.ts...\n  PASS: test_user_create (63ms)\nSnapshots: 10 passed, 42 total\nTime: 95.814s\nTests: 446 passed, 124 total\nOptimizing 24 modules...\nMinifying vendor.js\nRan 191 tests in 33s\nLayer 2/13: COPY command\nTime: 42.184s\n\u26a0 DEPRECATION: Feature will be removed in v5.0\nTLS handshake completed\nLoading...\nSnapshots: 7 passed, 22 total\nStep 9/18: Installing dependencies\n\u2713 Step 'test' succeeded\nTest Suites: 19 passed, 24 total\nCompleted.\nTest Suites: 21 passed, 22 total\nBundling main.js\nLoading...\nUsing Node.js 20.15.3\n[12:52:05] DEBUG: Loading configuration\nPulling image: node:latest\nUsing Node.js 19.15.2\nTime: 120.623s\n\u2713 All checks passed\npip: Installing build dependencies...\nFinished.\nCache restored successfully (373MB)\nStep 4/17: Linting\nTests: 332 passed, 98 total\n[12:52:05] DEBUG: Initializing service\n[12:52:05] INFO: Connecting to database\nTransforming 372 files...\nFAILED: test_db_connect\nSwitched to branch 'bugfix/task-312'\nUsing Python 3.12\nArtifact uploaded: dist.zip (43MB)\nLoading...\nHEAD is now at 718c776\n[12:52:05] ERROR: Connection failed\nCompiling components/main.py...\n\u2713 All checks passed\nFAILED: test_user_create\nException: RuntimeError\nyarn add: Done in 30.76s\n\u26a0 DEPRECATION: Feature will be removed in v2.0\n[12:52:05] DEBUG: Initializing service\nWARNING: webpack has known vulnerabilities\nStep 19/15: Linting\n\u2713 Step 'setup' succeeded\nLayer 4/15: COPY command\nStep 17/23: Building\nSuccess!\npip install: Successfully installed prettier-2.19\n[12:52:05] WARN: Deprecated API usage\nCoverage: 94% statements, 60% branches\nCache miss for key-4572\n[12:52:05] DEBUG: Connection pool: 11 active\nVerifying...\n\u26a0 DEPRECATION: Feature will be removed in v4.0\n\u2713 build completed\nCreating production build...\nDone.\nnpm install: added 394 packages\nChecking out main branch\nCompiling lib/index.js...\nCache invalidated: dependencies\nTransforming 768 files...\nCompleted.\n[12:52:05] INFO: Request completed\nWARNING: axios has known vulnerabilities\n[12:52:05] WARN: Deprecated API usage\n  PASS: integration/test_user_create.spec.js\nFetching from https://githubusercontent.com/package.json\nCache saved successfully\npip: Downloading express-5.3.tar.gz\nCompiling utils/service.java...\nConnection established\nArtifact uploaded: build.tar.gz (37MB)\nCompiling utils/main.py...\nCompiling components/service.java...\nDone.\nBuilding Docker image...\nFetching submodules...\nStep 9/25: Linting\n\u2713 All checks passed\n[12:52:05] ERROR: Connection failed\nStep 8/23: Building\nCreating production build...\n[12:52:05] DEBUG: Loading configuration\nOptimizing 41 modules...\nCache miss for key-7999\nChecking out main branch\nCache hit for key-9243\nnpm install: resolved 376 packages\nFinished.\nImage pulled successfully\nArtifact uploaded: dist.zip (20MB)\nPlatform: darwin-arm64\nFetching submodules...\nyarn add: Done in 21.14s\nCompiling src/index.js...\nSuccess!\nBuilding Docker image...\n[12:52:05] WARN: Deprecated API usage\nSnapshots: 4 passed, 23 total\n[12:52:05] INFO: Starting build process\nUsing Node.js 20.13.6\nOptimizing 36 modules...\nSnapshots: 25 passed, 18 total\n\u2713 All checks passed\nBundling styles.css\nyarn add: Done in 13.25s\nSuccess!\nnpm install: added 260 packages\nOptimizing 54 modules...\n[12:52:05] INFO: Starting build process\npip: Collecting prettier\nCache miss for key-7588\nnpm notice: created a lockfile\nAlready up to date.\nCompleted.\n[12:52:05] DEBUG: Memory usage: 1291MB\nImage pulled successfully\npip: Installing build dependencies...\nNODE_ENV=production\n\u26a0 DEPRECATION: Feature will be removed in v4.0\nPulling image: alpine:18\npip: Installing build dependencies...\n[12:52:05] INFO: Connecting to database\npip: Downloading lodash-1.7.tar.gz\nLoading...\nGenerating source maps...\nCreating production build...\nCache saved successfully\n=== Step setup_environment completed ===\n=== Step: deploy_staging ===\n\u2713 Step 'test' succeeded\n[12:52:05] DEBUG: Loading configuration\nOK\nTest Suites: 22 passed, 24 total\n\u2713 Task completed in 4543ms\nSwitched to branch 'bugfix/task-914'\nCache saved successfully\nTLS handshake completed\n\u2713 All checks passed\nCompiling src/main.py...\nTLS handshake completed\n[12:52:05] INFO: Starting build process\nSnapshots: 15 passed, 45 total\nReady.\nOK\nInstalling axios@4.11.2\nOK\n\u2713 All checks passed\nPOST /data - 201 (277ms)\nTest Suites: 24 passed, 44 total\nSuccess!\nUsing Python 3.10\n\u26a0 DEPRECATION: Feature will be removed in v3.0\nConnection established\nCompleted.\nBuilding Docker image...\nStep 11/19: Testing\n  PASS: e2e/test_api_health.spec.js\nCompiling components/app.ts...\nChecking out develop branch\nTLS handshake completed\nCache hit for key-5467\nGET /status - 201 (40ms)\nNODE_ENV=production\nnpm notice: created a lockfile\n\u2713 All checks passed\nMinifying vendor.js\n[12:52:05] INFO: Connecting to database\nWARNING: axios has known vulnerabilities\nTransforming 700 files...\nMinifying app.js\nSuccess!\nCache miss for key-1808\npip install: Successfully installed react-1.5\n[12:52:05] WARN: Deprecated API usage\n\u26a0 DEPRECATION: Feature will be removed in v5.0\nNODE_ENV=development\n\u2713 Task completed in 3040ms\nBundling styles.js\nSuccess!\nLoading...\nGenerating source maps...\n\u2713 validate completed\nChecking out master branch\nImage pulled successfully\nCompiling utils/index.js...\nStep 11/24: Building\nStep 6/15: Linting\nCache saved successfully\n  PASS: unit/test_user_create.spec.js\n\u26a0 DEPRECATION: Feature will be removed in v5.0\npip: Installing build dependencies...\nWARNING: prettier has known vulnerabilities\nyarn add: Done in 20.21s\nCoverage: 89% statements, 87% branches\nSwitched to branch 'bugfix/task-843'\nVerifying...\n[12:52:05] DEBUG: Initializing service\nyarn add: Done in 7.85s\n\u2713 build completed\n\u26a0 DEPRECATION: Feature will be removed in v5.0\n[12:52:05] INFO: Connecting to database\npip: Downloading eslint-5.13.tar.gz\nTime: 58.376s\n  PASS: test_db_connect (62ms)\nReady.\nnpm notice: package.json updated\nNODE_ENV=production\nImage pulled successfully\nOptimizing 90 modules...\npip install: Successfully installed express-5.18\nEnvironment: test\nUploading artifact 'coverage' (38 files)\nStep 12/19: Linting\nFetching submodules...\nPulling image: python:latest\nFetching submodules...\n[12:52:05] DEBUG: Initializing service\nFAILED: test_auth_login\nConnection established\nnpm install: resolved 811 packages\nArtifact uploaded: dist.zip (84MB)\npip: Downloading eslint-4.9.tar.gz\nStep 17/23: Running migrations\nInstalling lodash@2.2.9\nWARNING: lodash has known vulnerabilities\nImage pulled successfully\nAlready up to date.\nCache restored successfully (431MB)\nGenerating source maps...\n\u2713 Task completed in 383ms\nBuilding Docker image...\nCompiling components/handler.rs...\nConnection established\nCache saved successfully\nSnapshots: 14 passed, 29 total\nTest Suites: 12 passed, 6 total\nPlatform: linux-x64\nCreating production build...\nWARNING: react has known vulnerabilities\nChecking out develop branch\nRan 57 tests in 54s\nCache restored successfully (294MB)\nVerifying...\nAlready up to date.\nGenerating source maps...\nCompleted.\npip install: Successfully installed react-5.15\nUsing Python 3.9\nCache invalidated: build\nCache hit for key-3686\n\u26a0 DEPRECATION: Feature will be removed in v3.0\nFetching from https://pypi.org/package.json\npip: Installing build dependencies...\nStep 2/21: Testing\n  PASS: test_db_connect (56ms)\nTime: 104.667s\nCache invalidated: build\nCompiling utils/handler.rs...\nHEAD is now at 10cec1b\npip: Installing build dependencies...\nCreating production build...\nReady.\nCoverage: 75% statements, 70% branches\n\u2713 Step 'install' succeeded\n[12:52:05] DEBUG: Loading configuration\nPOST /upload - 200 (482ms)\n[12:52:05] DEBUG: Memory usage: 1174MB\nTime: 80.649s\nGET /health - 204 (51ms)\nDone.\nArtifact uploaded: build.tar.gz (17MB)\nCompiling utils/main.py...\nCache hit for key-5275\nFetching submodules...\nPOST /upload - 201 (444ms)\nWARNING: prettier has known vulnerabilities\n[12:52:05] WARN: Deprecated API usage\n[12:52:05] DEBUG: Initializing service\n=== Step deploy_staging completed ===\n=== Step: deploy_production ===\nUploading artifact 'build' (2 files)\nyarn add: Done in 24.89s\nChecking out master branch\nUsing Python 3.10\n[12:52:05] WARN: Deprecated API usage\nCompiling src/index.js...\npip install: Successfully installed react-5.17\nArtifact downloaded: 41MB\n[12:52:05] DEBUG: Memory usage: 1708MB\n\u26a0 DEPRECATION: Feature will be removed in v5.0\nFetching submodules...\nnpm notice: package.json updated\n\u26a0 DEPRECATION: Feature will be removed in v5.0\nCompiling components/utils.go...\nHEAD is now at 68dbcb5\n[12:52:05] INFO: Cache refreshed\nBundling styles.css\nProcessing...\npip: Installing build dependencies...\nSuccess!\nFetching from https://gcr.io/package.json\nGenerating source maps...\nUsing Node.js 18.18.10\nCreating production build...\nTest Suites: 39 passed, 21 total\n[12:52:05] DEBUG: Loading configuration\n[12:52:05] INFO: Starting build process\nSuccess!\nDone.\nTest Suites: 17 passed, 41 total\n[12:52:05] DEBUG: Query executed in 58ms\nStep 16/16: Deploying\nTime: 12.732s\nCache miss for key-5790\nTime: 31.547s\nPlatform: win32-x64\nArtifact uploaded: dist.zip (14MB)\n\u26a0 DEPRECATION: Feature will be removed in v4.0\nFAILED: test_cache_hit\n\u2713 All checks passed\nFetching submodules...\nnpm install: added 297 packages\nUploading artifact 'dist' (27 files)\nPlatform: darwin-arm64\nChecking out main branch\nStep 14/15: Testing\nMinifying vendor.js\nnpm notice: package.json updated\n[12:52:05] INFO: Request completed\nWaiting...\n[12:52:05] INFO: Request completed\n[12:52:05] DEBUG: Loading configuration\npip install: Successfully installed prettier-4.11\nFetching from https://amazonaws.com/package.json\n[12:52:05] DEBUG: Initializing service\nSuccess!\nRan 158 tests in 53s\nStep 13/24: Testing\nException: TypeError\nPushing to registry...\nnpm notice: package.json updated\nCoverage: 71% statements, 62% branches\nCache saved successfully\nBuilding Docker image...\nOK\nnpm install: added 29 packages\nOK\nCoverage: 100% statements, 66% branches\n[12:52:05] INFO: Processing request\nFetching submodules...\nStep 10/20: Building\nReady.\nCache invalidated: dependencies\nUsing Python 3.12\nCompiling lib/utils.go...\nOptimizing 32 modules...\n\u2713 Step 'test' succeeded\nGET /status - 204 (51ms)\n[12:52:05] DEBUG: Initializing service\n\u2713 Step 'checkout' succeeded\nAlready up to date.\nTime: 101.814s\nTLS handshake completed\nException: ValueError\nCompiling components/main.py...\nUploading artifact 'coverage' (33 files)\nCompiling lib/index.js...\n[12:52:05] INFO: Processing request\nMinifying vendor.js\nInstalling webpack@4.13.8\nProcessing...\nException: NullPointerException\npip: Downloading express-1.20.tar.gz\nWARNING: axios has known vulnerabilities\nPOST /data - 200 (121ms)\npip: Collecting express\nConnection established\n[12:52:05] INFO: Cache refreshed\nPlatform: win32-x64\nRan 185 tests in 39s\nWARNING: jest has known vulnerabilities\n\u2717 build failed with exit code 39\nStep 1/17: Running migrations\nUsing Node.js 18.19.8\nLoading...\n[12:52:05] DEBUG: Query executed in 66ms\nTLS handshake completed\n  PASS: test_auth_login (361ms)\n[12:52:05] DEBUG: Connection pool: 5 active\nCache saved successfully\n[12:52:05] ERROR: Connection failed\nCompiling src/index.js...\n[12:52:05] DEBUG: Connection pool: 3 active\n[12:52:05] DEBUG: Memory usage: 1724MB\nCompleted.\nCompiling components/main.py...\n\u26a0 DEPRECATION: Feature will be removed in v3.0\nPulling image: python:latest\n[12:52:05] INFO: Cache refreshed\nnpm notice: created a lockfile\nStep 8/21: Deploying\nCache miss for key-4906\nWaiting...\nLayer 7/11: RUN command\n\u2713 test completed\n[12:52:05] WARN: Deprecated API usage\n\u2717 build failed with exit code 113\n[12:52:05] INFO: Connecting to database\nBundling main.js\nFetching submodules...\nCache saved successfully\nTime: 16.680s\n[12:52:05] DEBUG: Connection pool: 17 active\nHEAD is now at beb054d\nLoading...\nUsing Python 3.9\nArtifact downloaded: 50MB\nCompleted.\nTest Suites: 8 passed, 19 total\nStep 5/23: Deploying\nDone.\nFetching from https://gcr.io/package.json\nFinished.\nPushing to registry...\nPlatform: darwin-arm64\nTLS handshake completed\n[12:52:05] INFO: Processing request\nCache saved successfully\n\u2713 All checks passed\n=== Step deploy_production completed ===\n=== Step: type_check ===\npip install: Successfully installed react-1.4\nException: TypeError\nnpm install: resolved 355 packages\n[12:52:05] DEBUG: Query executed in 3ms\n[12:52:05] ERROR: Connection failed\nLoading...\nPlatform: win32-x64\n\u26a0 DEPRECATION: Feature will be removed in v2.0\n\u2713 All checks passed\nGenerating source maps...\nCompiling src/service.java...\nBundling runtime.css\nNODE_ENV=development\nInstalling express@5.17.1\nEnvironment: production\nUsing Python 3.11\nSnapshots: 30 passed, 47 total\nInstalling jest@5.16.2\nGenerating source maps...\n\u2717 build failed with exit code 91\nNODE_ENV=development\nPushing to registry...\n\u2717 build failed with exit code 20\n  PASS: integration/test_api_health.spec.js\nCompiling components/handler.rs...\nArtifact downloaded: 9MB\n[12:52:05] INFO: Request completed\n[12:52:05] DEBUG: Loading configuration\nCompiling lib/index.js...\npip: Downloading eslint-2.0.tar.gz\nLoading...\npip install: Successfully installed lodash-4.16\nCoverage: 80% statements, 74% branches\nArtifact uploaded: build.tar.gz (8MB)\n\u26a0 DEPRECATION: Feature will be removed in v3.0\nWARNING: jest has known vulnerabilities\nGenerating source maps...\nCompiling components/index.js...\nStep 14/23: Testing\n\u2713 lint completed\nCoverage: 78% statements, 79% branches\nCache restored successfully (37MB)\npip install: Successfully installed webpack-3.12\nCompiling utils/app.ts...\nMinifying vendor.js\nConnection established\n[12:52:05] DEBUG: Memory usage: 1449MB\nTLS handshake completed\n\u2713 Step 'build' succeeded\npip install: Successfully installed axios-4.0\nStep 13/19: Installing dependencies\nReady.\nPulling image: alpine:latest\nLayer 3/12: RUN command\nReady.\n[12:52:05] INFO: Processing request\nNODE_ENV=test\nReady.\n[12:52:05] INFO: Cache refreshed\nConnection established\nCreating production build...\nCache miss for key-7107\nReady.\nyarn add: Done in 26.46s\nPulling image: python:18\n\u2713 All checks passed\nCache miss for key-7927\n[12:52:05] DEBUG: Memory usage: 1067MB\n\u2713 All checks passed\nEnvironment: test\nPushing to registry...\n[12:52:05] DEBUG: Initializing service\n\u2713 All checks passed\nPulling image: node:latest\n\u2717 build failed with exit code 122\nInstalling eslint@3.4.0\nConnection established\nEnvironment: test\nWARNING: jest has known vulnerabilities\nStep 17/16: Running migrations\n[12:52:05] INFO: Request completed\nFinished.\nCreating production build...\nTests: 122 passed, 228 total\nRan 107 tests in 15s\nInstalling react@4.9.0\nnpm notice: package.json updated\nUploading artifact 'build' (47 files)\nArtifact uploaded: build.tar.gz (28MB)\nnpm install: added 316 packages\nProcessing...\nCache miss for key-7637\nChecking out develop branch\nEnvironment: staging\n\u2713 lint completed\n[12:52:05] DEBUG: Connection pool: 11 active\nyarn add: Done in 16.32s\nCache saved successfully\n[12:52:05] DEBUG: Loading configuration\nBundling runtime.css\nCompleted.\nStep 9/21: Building\npip install: Successfully installed eslint-4.12\n[12:52:05] WARN: Deprecated API usage\nStep 6/23: Running migrations\nReady.\nCache invalidated: node_modules\nyarn add: Done in 15.21s\nCache saved successfully\nArtifact downloaded: 22MB\nStep 4/24: Building\nBundling runtime.js\n[12:52:05] DEBUG: Loading configuration\nArtifact uploaded: build.tar.gz (33MB)\nCompiling components/service.java...\nStep 20/18: Deploying\nNODE_ENV=development\n\u26a0 DEPRECATION: Feature will be removed in v4.0\n[12:52:05] WARN: Deprecated API usage\nEnvironment: test\nStep 18/19: Building\npip: Installing build dependencies...\n[12:52:05] INFO: Cache refreshed\nBundling main.js\nyarn add: Done in 7.85s\nSnapshots: 0 passed, 32 total\nLayer 9/15: COPY command\nEnvironment: test\nTime: 51.185s\nUploading artifact 'build' (12 files)\nUploading artifact 'coverage' (36 files)\nVerifying...\nLayer 7/13: ENV command\nUsing Python 3.10\nCache invalidated: dependencies\nStep 18/18: Deploying\nCache hit for key-8851\n[12:52:05] INFO: Cache refreshed\nChecking out master branch\nStep 4/20: Deploying\nGET /status - 201 (16ms)\nnpm notice: created a lockfile\n[12:52:05] DEBUG: Query executed in 40ms\nTLS handshake completed\npip install: Successfully installed webpack-1.0\npip install: Successfully installed eslint-4.4\npip: Installing build dependencies...\nCompiling components/main.py...\nOK\n=== Step type_check completed ===\n=== Step: build ===\nNODE_ENV=test\nTLS handshake completed\nStep 4/22: Linting\nStep 2/22: Running migrations\nStep 20/15: Linting\nTime: 106.710s\nSwitched to branch 'feature/task-184'\nAlready up to date.\nStep 12/20: Deploying\nSuccess!\nStep 4/23: Running migrations\n[12:52:05] INFO: Starting build process\n[12:52:05] INFO: Request completed\nArtifact downloaded: 44MB\n\u26a0 DEPRECATION: Feature will be removed in v5.0\nPOST /api - 200 (81ms)\n[12:52:05] DEBUG: Connection pool: 9 active\n\u2713 All checks passed\n[12:52:05] INFO: Cache refreshed\nGenerating source maps...\nUsing Python 3.10\nChecking out master branch\nReady.\nLoading...\nRan 111 tests in 40s\n[12:52:05] DEBUG: Query executed in 2ms\npip: Installing build dependencies...\n[12:52:05] ERROR: Connection failed\n  PASS: unit/test_api_health.spec.js\nWARNING: axios has known vulnerabilities\nArtifact uploaded: dist.zip (20MB)\nProcessing...\n[12:52:05] DEBUG: Loading configuration\nStep 8/22: Building\nUploading artifact 'dist' (14 files)\nArtifact downloaded: 44MB\nBundling main.js\nFinished.\nFetching submodules...\n[12:52:05] INFO: Connecting to database\n\u26a0 DEPRECATION: Feature will be removed in v5.0\nRan 93 tests in 50s\nnpm install: added 67 packages\nSuccess!\nRan 157 tests in 39s\n\u2713 Step 'setup' succeeded\n\u2717 build failed with exit code 13\n[12:52:05] DEBUG: Loading configuration\npip: Collecting lodash\n[12:52:05] DEBUG: Connection pool: 1 active\nArtifact uploaded: dist.zip (59MB)\nWaiting...\nCoverage: 95% statements, 90% branches\nTests: 496 passed, 173 total\nReady.\npip: Collecting react\n\u2713 Step 'build' succeeded\nTests: 296 passed, 178 total\nArtifact downloaded: 24MB\n[12:52:05] INFO: Request completed\nChecking out master branch\nnpm install: resolved 1357 packages\nProcessing...\nStep 5/15: Linting\nCompiling components/main.py...\nAlready up to date.\nWARNING: axios has known vulnerabilities\nRan 32 tests in 58s\nBuilding Docker image...\n[12:52:05] INFO: Cache refreshed\nRan 101 tests in 43s\nSuccess!\nTLS handshake completed\nStep 12/25: Running migrations\nArtifact uploaded: dist.zip (82MB)\nArtifact downloaded: 7MB\n[12:52:05] INFO: Processing request\n\u26a0 DEPRECATION: Feature will be removed in v3.0\nVerifying...\nCompiling utils/main.py...\nException: RuntimeError\nUploading artifact 'build' (17 files)\nArtifact uploaded: dist.zip (65MB)\nChecking out master branch\n[12:52:05] INFO: Connecting to database\npip: Installing build dependencies...\n[12:52:05] DEBUG: Loading configuration\nUsing Python 3.9\nFinished.\nWARNING: express has known vulnerabilities\nReady.\nStep 11/24: Testing\npip: Downloading jest-2.11.tar.gz\nnpm install: resolved 1094 packages\nStep 16/22: Running migrations\n\u26a0 DEPRECATION: Feature will be removed in v5.0\nTransforming 253 files...\nFetching submodules...\nNODE_ENV=development\nSwitched to branch 'feature/task-623'\nCompleted.\nCompiling utils/index.js...\nLoading...\npip install: Successfully installed prettier-1.0\nCompleted.\nHEAD is now at 3d0753a\nyarn add: Done in 6.75s\nnpm notice: package.json updated\nBundling styles.css\nCompiling utils/main.py...\nLoading...\nDone.\nStep 1/19: Installing dependencies\nSwitched to branch 'feature/task-260'\nMinifying vendor.js\nPOST /data - 202 (75ms)\nCache hit for key-3160\nArtifact downloaded: 8MB\nCompiling utils/service.java...\nMinifying app.js\nBundling styles.css\nPOST /api - 200 (170ms)\nnpm install: added 48 packages\n[12:52:05] INFO: Request completed\nPOST /upload - 202 (109ms)\n[12:52:05] WARN: Deprecated API usage\nTests: 144 passed, 249 total\nArtifact uploaded: dist.zip (14MB)\nGET /health - 200 (27ms)\npip: Downloading eslint-3.14.tar.gz\n[12:52:05] DEBUG: Query executed in 100ms\nChecking out master branch\nCompiling components/main.py...\nOptimizing 90 modules...\nNODE_ENV=production\nPushing to registry...\nTests: 432 passed, 87 total\n\u2713 Step 'checkout' succeeded\nCache invalidated: node_modules\nBuilding Docker image...\nException: TypeError\nUsing Node.js 19.1.4\n\u2713 Task completed in 1690ms\n[12:52:05] INFO: Processing request\nException: RuntimeError\n[12:52:05] DEBUG: Connection pool: 10 active\nPushing to registry...\nnpm install: added 308 packages\n\u26a0 DEPRECATION: Feature will be removed in v3.0\n=== Step build completed ===\n=== Step: setup_node ===\nFinished.\nHEAD is now at 76fe430\nStep 2/22: Running migrations\nTest Suites: 14 passed, 9 total\nnpm install: resolved 1277 packages\nProcessing...\nSwitched to branch 'hotfix/task-758'\nCompiling lib/app.ts...\nLayer 4/13: COPY command\nPOST /upload - 200 (323ms)\nUsing Python 3.10\n\u2713 build completed\nRan 148 tests in 14s\nCreating production build...\n  PASS: unit/test_user_create.spec.js\nCache invalidated: dependencies\nFetching submodules...\nLoading...\nUploading artifact 'dist' (34 files)\nOK\nTests: 212 passed, 408 total\n[12:52:05] INFO: Request completed\nNODE_ENV=development\nCoverage: 88% statements, 82% branches\n\u26a0 DEPRECATION: Feature will be removed in v2.0\n\u26a0 DEPRECATION: Feature will be removed in v3.0\nStep 12/19: Deploying\nArtifact uploaded: dist.zip (56MB)\nCompleted.\nLayer 2/10: COPY command\nOK\nNODE_ENV=production\nUploading artifact 'dist' (47 files)\nArtifact uploaded: dist.zip (40MB)\nImage pulled successfully\nyarn add: Done in 3.31s\nGenerating source maps...\nVerifying...\n\u2713 All checks passed\nGenerating source maps...\nnpm install: resolved 1313 packages\nnpm notice: created a lockfile\nEnvironment: test\nCompleted.\n[12:52:05] DEBUG: Connection pool: 10 active\nSwitched to branch 'feature/task-263'\n[12:52:05] INFO: Starting build process\nTLS handshake completed\nCompiling src/handler.rs...\nStep 17/22: Testing\nCache miss for key-5881\nDone.\nStep 3/20: Testing\nGET /api - 200 (46ms)\nStep 10/17: Running migrations\nWARNING: lodash has known vulnerabilities\n[12:52:05] DEBUG: Initializing service\nPulling image: python:3.11\nCache invalidated: build\n\u2713 test completed\nWARNING: lodash has known vulnerabilities\nCoverage: 87% statements, 73% branches\nUsing Python 3.11\nInstalling jest@4.20.10\nSwitched to branch 'bugfix/task-235'\nTests: 135 passed, 208 total\nBuilding Docker image...\nPOST /api - 202 (169ms)\npip: Collecting express\nStep 6/16: Building\nCompiling lib/utils.go...\n[12:52:05] WARN: Deprecated API usage\nBuilding Docker image...\nWARNING: axios has known vulnerabilities\n\u2713 All checks passed\nnpm install: added 24 packages\n[12:52:05] INFO: Cache refreshed\nCache hit for key-7234\nReady.\nHEAD is now at 568add0\nArtifact uploaded: dist.zip (99MB)\nOptimizing 81 modules...\nArtifact uploaded: build.tar.gz (25MB)\nEnvironment: staging\nMinifying vendor.js\n\u2713 All checks passed\nCreating production build...\nCompiling lib/utils.go...\n[12:52:05] INFO: Cache refreshed\nFetching from https://pypi.org/package.json\nFinished.\nStep 2/23: Building\nnpm notice: package.json updated\n[12:52:05] ERROR: Connection failed\n[12:52:05] INFO: Starting build process\n[12:52:05] DEBUG: Connection pool: 17 active\nRan 94 tests in 51s\nPulling image: alpine:3.11\nOptimizing 95 modules...\nSuccess!\n\u2713 All checks passed\n  PASS: e2e/test_cache_hit.spec.js\nnpm install: added 489 packages\nChecking out main branch\nStep 14/22: Deploying\nChecking out master branch\nCache miss for key-7820\n[12:52:05] WARN: Deprecated API usage\nHEAD is now at dddac3f\n[12:52:05] WARN: Deprecated API usage\n[12:52:05] INFO: Starting build process\n[12:52:05] INFO: Connecting to database\nnpm notice: package.json updated\nCache restored successfully (125MB)\nWARNING: axios has known vulnerabilities\nnpm install: added 117 packages\nTime: 90.456s\nImage pulled successfully\nSwitched to branch 'feature/task-153'\nBuilding Docker image...\nGET /api - 200 (33ms)\nCompleted.\nMinifying vendor.js\nFetching from https://googleapis.com/package.json\n\u26a0 DEPRECATION: Feature will be removed in v2.0\nAlready up to date.\nOK\nWARNING: webpack has known vulnerabilities\nOK\nRan 110 tests in 25s\nFetching from https://pypi.org/package.json\nMinifying main.js\n[12:52:05] INFO: Request completed\nPulling image: python:latest\nUsing Node.js 17.5.10\n[12:52:05] WARN: Deprecated API usage\n[12:52:05] WARN: Deprecated API usage\nnpm notice: package.json updated\nBuilding Docker image...\nnpm notice: package.json updated\nArtifact uploaded: dist.zip (28MB)\nCompiling lib/handler.rs...\nStep 13/19: Installing dependencies\nFinished.\n[12:52:05] DEBUG: Loading configuration\n\u26a0 DEPRECATION: Feature will be removed in v3.0\nCompiling lib/index.js...\nArtifact uploaded: build.tar.gz (30MB)\nnpm install: resolved 1620 packages\n=== Step setup_node completed ===\n=== Step: lint ===\nFetching from https://pypi.org/package.json\nImage pulled successfully\nFetching from https://registry.npmjs.org/package.json\nFinished.\n[12:52:05] DEBUG: Initializing service\n[12:52:05] INFO: Cache refreshed\nCache miss for key-1327\nnpm install: added 342 packages\nUploading artifact 'coverage' (30 files)\nStep 9/23: Linting\nnpm notice: package.json updated\nPulling image: python:latest\nFinished.\nLoading...\nEnvironment: development\nArtifact uploaded: build.tar.gz (50MB)\n[12:52:05] DEBUG: Loading configuration\nTests: 217 passed, 453 total\nnpm install: added 430 packages\n\u26a0 DEPRECATION: Feature will be removed in v3.0\nFetching submodules...\nArtifact uploaded: dist.zip (14MB)\nWaiting...\nAlready up to date.\nDone.\nStep 13/20: Installing dependencies\n[12:52:05] DEBUG: Connection pool: 15 active\nLoading...\npip install: Successfully installed eslint-5.0\npip: Downloading jest-3.15.tar.gz\n[12:52:05] INFO: Connecting to database\n[12:52:05] DEBUG: Memory usage: 735MB\nSnapshots: 5 passed, 6 total\nWARNING: axios has known vulnerabilities\n[12:52:05] DEBUG: Connection pool: 14 active\nConnection established\nGET /health - 204 (85ms)\nSuccess!\n[12:52:05] DEBUG: Loading configuration\nEnvironment: staging\n[12:52:05] DEBUG: Connection pool: 11 active\nStep 8/24: Installing dependencies\n[12:52:05] ERROR: Connection failed\nOptimizing 55 modules...\nPulling image: alpine:latest\nAlready up to date.\nCache miss for key-7522\nConnection established\nFinished.\n\u2713 All checks passed\nArtifact uploaded: dist.zip (58MB)\nSnapshots: 16 passed, 42 total\nTransforming 806 files...\nChecking out main branch\nException: TypeError\nException: RuntimeError\nCache invalidated: dependencies\nRan 191 tests in 26s\nFetching from https://npmjs.org/package.json\nOptimizing 72 modules...\n\u26a0 DEPRECATION: Feature will be removed in v3.0\n\u26a0 DEPRECATION: Feature will be removed in v4.0\nNODE_ENV=production\nnpm install: resolved 1371 packages\nOK\nInstalling eslint@5.4.2\nUsing Node.js 14.17.3\nStep 18/16: Linting\nPulling image: alpine:latest\nCache hit for key-5432\nFAILED: test_user_create\nCache saved successfully\nEnvironment: development\nStep 12/23: Running migrations\nArtifact uploaded: dist.zip (59MB)\nStep 1/20: Deploying\npip: Installing build dependencies...\nVerifying...\nFetching submodules...\nCoverage: 96% statements, 74% branches\n[12:52:05] INFO: Request completed\n[12:52:05] INFO: Starting build process\nArtifact downloaded: 29MB\nMinifying vendor.js\nTime: 55.832s\nBuilding Docker image...\nCache hit for key-5830\nInstalling axios@3.2.8\n[12:52:05] INFO: Starting build process\nCache hit for key-6877\n\u2713 Step 'test' succeeded\nException: RuntimeError\nStep 11/17: Building\nTime: 97.970s\n[12:52:05] DEBUG: Connection pool: 15 active\nOK\n  PASS: unit/test_user_create.spec.js\nStep 1/17: Linting\nOK\n[12:52:05] WARN: Deprecated API usage\nSnapshots: 33 passed, 11 total\nFAILED: test_db_connect\nWaiting...\nFinished.\nTests: 352 passed, 441 total\n[12:52:05] DEBUG: Query executed in 67ms\nReady.\npip: Installing build dependencies...\nFinished.\n\u2713 Step 'build' succeeded\nRan 96 tests in 30s\n\u2713 Task completed in 4512ms\nCache saved successfully\nCoverage: 70% statements, 75% branches\n  PASS: test_cache_hit (80ms)\nStep 1/21: Linting\nStep 12/25: Installing dependencies\nEnvironment: staging\n[12:52:05] INFO: Connecting to database\nStep 6/25: Installing dependencies\nFAILED: test_auth_login\nPulling image: alpine:latest\nStep 17/21: Building\nFinished.\nTransforming 705 files...\npip install: Successfully installed lodash-5.14\nConnection established\nCache invalidated: node_modules\n\u2713 All checks passed\nWaiting...\n[12:52:05] DEBUG: Query executed in 91ms\nFetching from https://pypi.org/package.json\nnpm notice: package.json updated\nProcessing...\nEnvironment: development\npip: Downloading eslint-1.1.tar.gz\nFAILED: test_user_create\nTime: 64.231s\n\u2713 deploy completed\nProcessing...\n[12:52:05] INFO: Connecting to database\nStep 6/15: Testing\nException: NullPointerException\n\u26a0 DEPRECATION: Feature will be removed in v2.0\nWaiting...\nStep 18/19: Deploying\n[12:52:05] WARN: Deprecated API usage\nStep 19/15: Installing dependencies\nVerifying...\n=== Step lint completed ===\n=== Step: upload_artifacts ===\nCoverage: 86% statements, 74% branches\nOptimizing 74 modules...\n[12:52:05] INFO: Cache refreshed\nLoading...\n\u2713 deploy completed\nAlready up to date.\n[12:52:05] DEBUG: Initializing service\nTLS handshake completed\n[12:52:05] WARN: Deprecated API usage\nPOST /upload - 202 (440ms)\n  PASS: test_user_create (418ms)\nCompleted.\nInstalling jest@5.0.8\n[12:52:05] DEBUG: Query executed in 35ms\nUsing Python 3.12\nnpm install: added 394 packages\nGET /status - 200 (70ms)\nPulling image: node:18\nStep 13/19: Installing dependencies\npip: Collecting webpack\nnpm install: resolved 312 packages\nPlatform: darwin-arm64\nArtifact uploaded: build.tar.gz (13MB)\nMinifying app.js\nVerifying...\nStep 1/17: Deploying\nTransforming 908 files...\nStep 13/20: Installing dependencies\nTransforming 757 files...\nChecking out main branch\npip: Collecting webpack\nCompleted.\nCache restored successfully (296MB)\nStep 2/22: Installing dependencies\nStep 11/17: Testing\n[12:52:05] WARN: Deprecated API usage\nBundling styles.js\n[12:52:05] INFO: Request completed\nLoading...\n[12:52:05] WARN: Deprecated API usage\n[12:52:05] WARN: Deprecated API usage\nCache restored successfully (338MB)\npip: Installing build dependencies...\nLoading...\nCompiling components/index.js...\nUsing Python 3.11\n[12:52:05] DEBUG: Memory usage: 1240MB\nPlatform: linux-x64\nPushing to registry...\n[12:52:05] DEBUG: Memory usage: 1908MB\nException: ValueError\nConnection established\nSnapshots: 35 passed, 26 total\nCompiling components/service.java...\nException: ValueError\nnpm install: added 113 packages\nTransforming 659 files...\nEnvironment: test\nImage pulled successfully\nCompleted.\n[12:52:05] DEBUG: Query executed in 8ms\nCache restored successfully (63MB)\nInstalling prettier@5.19.7\nWARNING: express has known vulnerabilities\nCache saved successfully\nnpm install: resolved 1159 packages\nUsing Node.js 16.9.9\npip: Collecting lodash\nArtifact downloaded: 22MB\n[12:52:05] INFO: Starting build process\nFAILED: test_db_connect\nTest Suites: 22 passed, 38 total\nTransforming 747 files...\nLayer 10/10: COPY command\nnpm install: resolved 536 packages\n[12:52:05] DEBUG: Initializing service\n  PASS: test_db_connect (139ms)\n[12:52:05] DEBUG: Query executed in 38ms\nStep 5/15: Deploying\nHEAD is now at 6b7e896\nBundling vendor.css\nFAILED: test_api_health\n[12:52:05] INFO: Request completed\nCompleted.\npip install: Successfully installed react-3.10\n[12:52:05] INFO: Starting build process\nRan 65 tests in 55s\nUploading artifact 'coverage' (24 files)\n[12:52:05] ERROR: Connection failed\nCache hit for key-2615\n\u26a0 DEPRECATION: Feature will be removed in v5.0\nDone.\nBundling main.css\nRan 105 tests in 35s\n\u26a0 DEPRECATION: Feature will be removed in v2.0\nCoverage: 77% statements, 98% branches\nCompiling src/utils.go...\n[12:52:05] WARN: Deprecated API usage\nInstalling react@2.5.0\nStep 15/23: Linting\n[12:52:05] DEBUG: Memory usage: 1738MB\nOptimizing 92 modules...\n[12:52:05] INFO: Processing request\n[12:52:05] WARN: Deprecated API usage\npip: Downloading lodash-1.11.tar.gz\nCompiling lib/handler.rs...\n[12:52:05] INFO: Processing request\n[12:52:05] DEBUG: Connection pool: 12 active\nPushing to registry...\nPlatform: darwin-arm64\n[12:52:05] DEBUG: Initializing service\nProcessing...\nArtifact uploaded: dist.zip (77MB)\nStep 19/20: Installing dependencies\nWARNING: lodash has known vulnerabilities\n[12:52:05] INFO: Starting build process\nStep 7/17: Building\nArtifact uploaded: build.tar.gz (41MB)\nUploading artifact 'dist' (44 files)\n[12:52:05] INFO: Cache refreshed\nStep 6/19: Testing\nLoading...\n  PASS: test_db_connect (221ms)\nUsing Node.js 18.13.6\n[12:52:05] ERROR: Connection failed\nCompiling src/utils.go...\nFetching submodules...\nCreating production build...\n[12:52:05] INFO: Connecting to database\nArtifact downloaded: 3MB\nUsing Python 3.10\nTest Suites: 16 passed, 13 total\nVerifying...\nCompiling lib/handler.rs...\nUsing Python 3.11\nSuccess!\nnpm install: added 298 packages\nCompiling src/handler.rs...\nWARNING: react has known vulnerabilities\n[12:52:05] DEBUG: Initializing service\n\u2713 Step 'checkout' succeeded\nReady.\n[12:52:05] DEBUG: Connection pool: 9 active\nCache saved successfully\nnpm notice: package.json updated\nCache hit for key-2952\nStep 11/16: Deploying\nCache saved successfully\nCache saved successfully\n=== Step upload_artifacts completed ===\n=== Step: unit_tests ===\nnpm notice: created a lockfile\nCompiling utils/index.js...\nCache miss for key-9582\nFAILED: test_api_health\nWARNING: webpack has known vulnerabilities\nCompiling src/app.ts...\nArtifact downloaded: 35MB\nUsing Node.js 17.14.0\nConnection established\nTests: 484 passed, 345 total\n\u2717 build failed with exit code 108\n[12:52:05] DEBUG: Query executed in 31ms\nCache restored successfully (299MB)\nStep 5/18: Running migrations\nBuilding Docker image...\nnpm install: added 142 packages\nInstalling jest@2.10.5\nGenerating source maps...\nStep 19/22: Testing\npip: Installing build dependencies...\npip install: Successfully installed webpack-4.1\nnpm install: resolved 643 packages\n  PASS: test_user_create (73ms)\nPushing to registry...\nPlatform: darwin-arm64\nCompiling lib/utils.go...\nMinifying main.js\nCompiling lib/main.py...\nBundling vendor.js\nEnvironment: development\n[12:52:05] INFO: Cache refreshed\nFetching from https://amazonaws.com/package.json\nWARNING: lodash has known vulnerabilities\npip: Collecting express\n[12:52:05] DEBUG: Loading configuration\nArtifact downloaded: 9MB\n\u2713 test completed\nReady.\nStep 20/18: Linting\nProcessing...\nStep 5/21: Testing\nHEAD is now at 096b8f5\n\u26a0 DEPRECATION: Feature will be removed in v4.0\npip: Downloading lodash-5.3.tar.gz\npip install: Successfully installed prettier-1.14\n[12:52:05] DEBUG: Loading configuration\n\u2713 All checks passed\npip: Downloading jest-5.10.tar.gz\n[12:52:05] DEBUG: Initializing service\nSnapshots: 48 passed, 23 total\nSnapshots: 8 passed, 20 total\nCompiling components/handler.rs...\n  PASS: test_api_health (367ms)\n[12:52:05] DEBUG: Loading configuration\n[12:52:05] DEBUG: Query executed in 53ms\nFetching submodules...\npip install: Successfully installed react-1.20\nnpm install: added 17 packages\nWARNING: prettier has known vulnerabilities\nTests: 492 passed, 213 total\nHEAD is now at cf1ec2b\npip: Downloading react-1.11.tar.gz\nStep 2/21: Linting\nFetching from https://docker.io/package.json\nCompiling utils/utils.go...\nHEAD is now at 423e415\nInstalling eslint@5.7.5\nCache restored successfully (435MB)\nOK\nCompiling src/handler.rs...\nMinifying main.js\nCompiling lib/app.ts...\nCompiling lib/utils.go...\nOK\nHEAD is now at 3284309\nCache restored successfully (108MB)\nReady.\n[12:52:05] WARN: Deprecated API usage\nyarn add: Done in 1.36s\nException: ValueError\nUsing Node.js 19.2.1\n\u2713 All checks passed\nnpm notice: created a lockfile\npip: Collecting webpack\n\u2713 All checks passed\nCreating production build...\n[12:52:05] INFO: Processing request\nPOST /api - 202 (157ms)\nPOST /data - 200 (344ms)\nBuilding Docker image...\nCompiling lib/main.py...\nWARNING: jest has known vulnerabilities\nLoading...\nOptimizing 69 modules...\nFetching submodules...\nStep 1/21: Building\n\u2717 build failed with exit code 70\nArtifact uploaded: dist.zip (38MB)\npip install: Successfully installed prettier-1.1\nCompiling src/service.java...\nStep 18/16: Linting\nCreating production build...\nCompiling utils/app.ts...\nUploading artifact 'dist' (29 files)\nConnection established\n\u2713 All checks passed\nnpm notice: package.json updated\n[12:52:05] WARN: Deprecated API usage\nCache saved successfully\n[12:52:05] INFO: Starting build process\npip install: Successfully installed eslint-2.5\nGenerating source maps...\n\u2713 Task completed in 4034ms\nCache saved successfully\nnpm notice: created a lockfile\n[12:52:05] INFO: Processing request\n[12:52:05] INFO: Starting build process\n\u26a0 DEPRECATION: Feature will be removed in v4.0\nPulling image: alpine:3.11\nConnection established\nnpm install: resolved 1935 packages\n\u26a0 DEPRECATION: Feature will be removed in v3.0\n[12:52:05] INFO: Starting build process\nVerifying...\nException: NullPointerException\nCoverage: 87% statements, 60% branches\nPushing to registry...\nFetching submodules...\nWaiting...\nCache hit for key-5898\nLoading...\nPOST /upload - 201 (120ms)\nVerifying...\nUsing Node.js 17.2.9\nCache miss for key-2288\n\u2713 Step 'checkout' succeeded\nWaiting...\n\u2713 Step 'test' succeeded\npip: Installing build dependencies...\nLayer 4/10: ENV command\nHEAD is now at 3b33ebc\nTLS handshake completed\nUsing Python 3.11\nStep 6/24: Testing\nyarn add: Done in 20.70s\nException: RuntimeError\nImage pulled successfully\nGenerating source maps...\n  PASS: test_db_connect (64ms)\n=== Step unit_tests completed ===",
    "steps": [
      {
        "name": "install_dependencies",
        "status": "success",
        "started_at": "2025-11-21T12:52:05.353660",
        "finished_at": "2025-11-21T12:52:33.390449",
        "log_lines": [
          "=== Step: install_dependencies ===",
          "pip: Collecting prettier",
          "WARNING: lodash has known vulnerabilities",
          "Test Suites: 5 passed, 19 total",
          "pip: Installing build dependencies...",
          "OK",
          "\u2713 All checks passed",
          "Building Docker image...",
          "[12:52:05] INFO: Starting build process",
          "[12:52:05] INFO: Processing request",
          "WARNING: webpack has known vulnerabilities",
          "Already up to date.",
          "Ran 84 tests in 11s",
          "Snapshots: 40 passed, 13 total",
          "Connection established",
          "Using Node.js 14.19.8",
          "[12:52:05] DEBUG: Connection pool: 14 active",
          "Completed.",
          "Already up to date.",
          "Time: 95.715s",
          "Generating source maps...",
          "[12:52:05] WARN: Deprecated API usage",
          "HEAD is now at 8ec43e4",
          "Processing...",
          "[12:52:05] DEBUG: Connection pool: 17 active",
          "[12:52:05] DEBUG: Loading configuration",
          "Exception: TypeError",
          "Compiling components/service.java...",
          "Compiling src/service.java...",
          "Environment: production",
          "Coverage: 81% statements, 79% branches",
          "[12:52:05] DEBUG: Memory usage: 1794MB",
          "Step 5/23: Deploying",
          "Bundling runtime.css",
          "pip: Downloading react-2.16.tar.gz",
          "GET /status - 204 (25ms)",
          "[12:52:05] WARN: Deprecated API usage",
          "Fetching from https://github.com/package.json",
          "Image pulled successfully",
          "Uploading artifact 'coverage' (34 files)",
          "Transforming 581 files...",
          "Completed.",
          "Switched to branch 'bugfix/task-894'",
          "[12:52:05] ERROR: Connection failed",
          "Loading...",
          "Snapshots: 43 passed, 33 total",
          "Verifying...",
          "Installing prettier@2.6.7",
          "Generating source maps...",
          "Artifact uploaded: build.tar.gz (47MB)",
          "Uploading artifact 'coverage' (30 files)",
          "Environment: staging",
          "[12:52:05] INFO: Starting build process",
          "pip install: Successfully installed prettier-4.9",
          "WARNING: axios has known vulnerabilities",
          "pip: Installing build dependencies...",
          "\u2713 All checks passed",
          "Connection established",
          "Pushing to registry...",
          "[12:52:05] INFO: Connecting to database",
          "Cache hit for key-6887",
          "[12:52:05] INFO: Request completed",
          "OK",
          "POST /data - 201 (41ms)",
          "Time: 36.599s",
          "npm notice: created a lockfile",
          "Generating source maps...",
          "Step 8/23: Installing dependencies",
          "\u26a0 DEPRECATION: Feature will be removed in v2.0",
          "Platform: win32-x64",
          "Step 9/19: Testing",
          "Installing axios@2.15.5",
          "Minifying app.js",
          "\u2713 Task completed in 4444ms",
          "[12:52:05] WARN: Deprecated API usage",
          "Cache restored successfully (99MB)",
          "Transforming 274 files...",
          "\u2713 Task completed in 1522ms",
          "Connection established",
          "[12:52:05] WARN: Deprecated API usage",
          "npm notice: created a lockfile",
          "Step 11/24: Installing dependencies",
          "Transforming 810 files...",
          "[12:52:05] WARN: Deprecated API usage",
          "Coverage: 94% statements, 94% branches",
          "Connection established",
          "Verifying...",
          "Pushing to registry...",
          "Step 17/15: Linting",
          "WARNING: jest has known vulnerabilities",
          "Artifact uploaded: build.tar.gz (20MB)",
          "Building Docker image...",
          "[12:52:05] INFO: Cache refreshed",
          "Compiling components/utils.go...",
          "Step 12/16: Running migrations",
          "Step 7/18: Deploying",
          "Cache saved successfully",
          "Cache invalidated: dependencies",
          "Test Suites: 24 passed, 20 total",
          "Platform: linux-x64",
          "Test Suites: 36 passed, 23 total",
          "Step 15/18: Deploying",
          "Ran 186 tests in 44s",
          "Installing jest@4.1.2",
          "Installing prettier@4.9.5",
          "WARNING: prettier has known vulnerabilities",
          "[12:52:05] DEBUG: Connection pool: 2 active",
          "Loading...",
          "Step 9/15: Deploying",
          "[12:52:05] INFO: Cache refreshed",
          "Creating production build...",
          "pip install: Successfully installed axios-3.17",
          "Step 13/18: Testing",
          "Artifact uploaded: build.tar.gz (22MB)",
          "Snapshots: 11 passed, 22 total",
          "\u2713 package completed",
          "Already up to date.",
          "[12:52:05] INFO: Request completed",
          "Test Suites: 23 passed, 28 total",
          "\u2713 validate completed",
          "GET /health - 204 (10ms)",
          "Cache miss for key-5192",
          "Completed.",
          "Using Node.js 20.3.0",
          "Uploading artifact 'build' (9 files)",
          "[12:52:05] INFO: Connecting to database",
          "Step 9/18: Deploying",
          "Ready.",
          "Cache saved successfully",
          "Generating source maps...",
          "Time: 75.94s",
          "Artifact downloaded: 16MB",
          "Cache invalidated: dependencies",
          "Image pulled successfully",
          "[12:52:05] DEBUG: Loading configuration",
          "Creating production build...",
          "FAILED: test_cache_hit",
          "pip install: Successfully installed prettier-4.3",
          "Checking out develop branch",
          "Uploading artifact 'dist' (9 files)",
          "  PASS: test_cache_hit (218ms)",
          "Image pulled successfully",
          "Cache invalidated: node_modules",
          "Generating source maps...",
          "Step 3/20: Installing dependencies",
          "Layer 5/13: ENV command",
          "Test Suites: 14 passed, 8 total",
          "Compiling src/app.ts...",
          "pip: Collecting lodash",
          "Step 20/16: Deploying",
          "=== Step install_dependencies completed ==="
        ]
      },
      {
        "name": "integration_tests",
        "status": "success",
        "started_at": "2025-11-21T12:52:33.390449",
        "finished_at": "2025-11-21T12:52:52.081641",
        "log_lines": [
          "=== Step: integration_tests ===",
          "Pulling image: node:latest",
          "Using Node.js 20.3.3",
          "Cache hit for key-7777",
          "[12:52:05] DEBUG: Query executed in 57ms",
          "Artifact uploaded: dist.zip (26MB)",
          "Test Suites: 50 passed, 22 total",
          "npm install: resolved 113 packages",
          "[12:52:05] DEBUG: Loading configuration",
          "Transforming 549 files...",
          "Success!",
          "POST /upload - 200 (24ms)",
          "npm notice: package.json updated",
          "Environment: test",
          "Bundling vendor.css",
          "Exception: TypeError",
          "Compiling utils/main.py...",
          "Time: 89.353s",
          "Pushing to registry...",
          "[12:52:05] INFO: Starting build process",
          "Platform: win32-x64",
          "yarn add: Done in 15.65s",
          "pip: Installing build dependencies...",
          "\u26a0 DEPRECATION: Feature will be removed in v2.0",
          "Installing axios@4.0.6",
          "Loading...",
          "Cache invalidated: dependencies",
          "[12:52:05] INFO: Starting build process",
          "Pulling image: alpine:18",
          "Finished.",
          "Completed.",
          "pip: Downloading lodash-1.0.tar.gz",
          "Creating production build...",
          "yarn add: Done in 18.87s",
          "pip: Collecting react",
          "Ready.",
          "[12:52:05] INFO: Starting build process",
          "FAILED: test_db_connect",
          "HEAD is now at b21d81a",
          "TLS handshake completed",
          "Coverage: 88% statements, 83% branches",
          "[12:52:05] INFO: Request completed",
          "[12:52:05] DEBUG: Memory usage: 1622MB",
          "[12:52:05] DEBUG: Memory usage: 662MB",
          "Already up to date.",
          "\u2713 test completed",
          "Artifact downloaded: 16MB",
          "pip: Collecting axios",
          "Generating source maps...",
          "Compiling src/main.py...",
          "\u26a0 DEPRECATION: Feature will be removed in v2.0",
          "Bundling vendor.js",
          "npm install: resolved 887 packages",
          "Pulling image: node:3.11",
          "[12:52:05] INFO: Cache refreshed",
          "yarn add: Done in 6.75s",
          "Coverage: 74% statements, 65% branches",
          "Processing...",
          "\u26a0 DEPRECATION: Feature will be removed in v4.0",
          "Snapshots: 26 passed, 44 total",
          "Cache saved successfully",
          "[12:52:05] DEBUG: Memory usage: 1080MB",
          "\u2717 build failed with exit code 98",
          "Processing...",
          "[12:52:05] ERROR: Connection failed",
          "Artifact downloaded: 23MB",
          "Success!",
          "Connection established",
          "pip: Downloading axios-4.15.tar.gz",
          "Using Python 3.11",
          "Creating production build...",
          "[12:52:05] WARN: Deprecated API usage",
          "[12:52:05] WARN: Deprecated API usage",
          "\u26a0 DEPRECATION: Feature will be removed in v5.0",
          "Completed.",
          "\u2717 build failed with exit code 108",
          "Platform: linux-x64",
          "Fetching from https://registry.npmjs.org/package.json",
          "[12:52:05] INFO: Connecting to database",
          "WARNING: eslint has known vulnerabilities",
          "Minifying app.js",
          "npm install: resolved 989 packages",
          "[12:52:05] DEBUG: Query executed in 67ms",
          "WARNING: axios has known vulnerabilities",
          "Success!",
          "Environment: staging",
          "Verifying...",
          "Success!",
          "pip install: Successfully installed react-4.19",
          "[12:52:05] DEBUG: Initializing service",
          "Compiling src/app.ts...",
          "  PASS: unit/test_auth_login.spec.js",
          "Environment: development",
          "Pulling image: node:18",
          "yarn add: Done in 25.80s",
          "Pulling image: node:latest",
          "Checking out master branch",
          "Exception: NullPointerException",
          "Platform: linux-x64",
          "Cache hit for key-8765",
          "Done.",
          "\u26a0 DEPRECATION: Feature will be removed in v5.0",
          "[12:52:05] INFO: Cache refreshed",
          "OK",
          "pip: Downloading jest-2.18.tar.gz",
          "Switched to branch 'bugfix/task-693'",
          "[12:52:05] WARN: Deprecated API usage",
          "\u2713 validate completed",
          "npm notice: created a lockfile",
          "Ran 45 tests in 23s",
          "NODE_ENV=development",
          "[12:52:05] INFO: Processing request",
          "[12:52:05] WARN: Deprecated API usage",
          "Step 1/25: Running migrations",
          "WARNING: axios has known vulnerabilities",
          "Completed.",
          "POST /upload - 201 (476ms)",
          "Artifact downloaded: 6MB",
          "Using Node.js 14.6.2",
          "Minifying main.js",
          "FAILED: test_auth_login",
          "pip: Downloading express-3.18.tar.gz",
          "Step 8/20: Running migrations",
          "Already up to date.",
          "pip install: Successfully installed react-3.4",
          "Bundling styles.css",
          "Environment: development",
          "Loading...",
          "Compiling components/app.ts...",
          "Fetching submodules...",
          "[12:52:05] DEBUG: Loading configuration",
          "Ready.",
          "Minifying main.js",
          "Time: 59.499s",
          "[12:52:05] DEBUG: Query executed in 11ms",
          "Transforming 368 files...",
          "NODE_ENV=production",
          "Artifact downloaded: 28MB",
          "[12:52:05] INFO: Connecting to database",
          "Ready.",
          "Compiling lib/app.ts...",
          "Compiling utils/app.ts...",
          "Image pulled successfully",
          "FAILED: test_cache_hit",
          "npm notice: package.json updated",
          "Creating production build...",
          "Layer 10/11: ENV command",
          "Tests: 393 passed, 370 total",
          "WARNING: jest has known vulnerabilities",
          "GET /status - 200 (65ms)",
          "=== Step integration_tests completed ==="
        ]
      },
      {
        "name": "restore_cache",
        "status": "success",
        "started_at": "2025-11-21T12:52:52.081641",
        "finished_at": "2025-11-21T12:52:57.688999",
        "log_lines": [
          "=== Step: restore_cache ===",
          "Transforming 944 files...",
          "Already up to date.",
          "Done.",
          "Pulling image: node:3.11",
          "OK",
          "Ready.",
          "npm install: resolved 598 packages",
          "Fetching from https://googleapis.com/package.json",
          "Connection established",
          "Platform: linux-x64",
          "OK",
          "\u2713 Task completed in 858ms",
          "Processing...",
          "Using Node.js 19.16.3",
          "yarn add: Done in 26.0s",
          "[12:52:05] DEBUG: Memory usage: 295MB",
          "Using Python 3.10",
          "Transforming 139 files...",
          "GET /health - 201 (21ms)",
          "Creating production build...",
          "Fetching from https://npmjs.org/package.json",
          "\u2717 build failed with exit code 121",
          "Step 18/23: Linting",
          "pip: Installing build dependencies...",
          "[12:52:05] DEBUG: Connection pool: 19 active",
          "Finished.",
          "Waiting...",
          "Using Node.js 18.16.4",
          "Success!",
          "\u2713 test completed",
          "Loading...",
          "Pulling image: node:latest",
          "[12:52:05] DEBUG: Initializing service",
          "Compiling utils/service.java...",
          "Compiling utils/main.py...",
          "Switched to branch 'bugfix/task-205'",
          "npm install: added 265 packages",
          "Layer 3/10: ENV command",
          "Environment: test",
          "GET /api - 204 (98ms)",
          "\u2717 build failed with exit code 116",
          "Step 7/20: Linting",
          "WARNING: express has known vulnerabilities",
          "\u2717 build failed with exit code 91",
          "Building Docker image...",
          "Compiling components/app.ts...",
          "Completed.",
          "pip: Downloading prettier-1.2.tar.gz",
          "pip: Downloading lodash-5.3.tar.gz",
          "Step 18/21: Installing dependencies",
          "Image pulled successfully",
          "[12:52:05] DEBUG: Query executed in 71ms",
          "Step 3/21: Deploying",
          "WARNING: react has known vulnerabilities",
          "Fetching from https://docker.io/package.json",
          "Coverage: 85% statements, 68% branches",
          "pip: Installing build dependencies...",
          "Checking out main branch",
          "Image pulled successfully",
          "\u26a0 DEPRECATION: Feature will be removed in v2.0",
          "WARNING: axios has known vulnerabilities",
          "GET /status - 200 (53ms)",
          "\u2713 test completed",
          "Fetching submodules...",
          "Layer 6/10: RUN command",
          "pip: Collecting lodash",
          "[12:52:05] INFO: Request completed",
          "[12:52:05] INFO: Connecting to database",
          "Cache restored successfully (136MB)",
          "[12:52:05] DEBUG: Query executed in 96ms",
          "[12:52:05] WARN: Deprecated API usage",
          "[12:52:05] INFO: Connecting to database",
          "Compiling utils/app.ts...",
          "[12:52:05] DEBUG: Connection pool: 11 active",
          "[12:52:05] WARN: Deprecated API usage",
          "Compiling lib/index.js...",
          "[12:52:05] INFO: Connecting to database",
          "npm install: added 101 packages",
          "\u2713 Task completed in 600ms",
          "Cache hit for key-5701",
          "[12:52:05] WARN: Deprecated API usage",
          "\u26a0 DEPRECATION: Feature will be removed in v3.0",
          "Connection established",
          "pip install: Successfully installed prettier-5.20",
          "\u2713 All checks passed",
          "Installing jest@1.0.2",
          "\u26a0 DEPRECATION: Feature will be removed in v3.0",
          "Compiling components/index.js...",
          "FAILED: test_user_create",
          "\u26a0 DEPRECATION: Feature will be removed in v4.0",
          "FAILED: test_db_connect",
          "Switched to branch 'bugfix/task-400'",
          "Cache saved successfully",
          "OK",
          "WARNING: react has known vulnerabilities",
          "Completed.",
          "Step 16/24: Installing dependencies",
          "Snapshots: 49 passed, 26 total",
          "FAILED: test_api_health",
          "Uploading artifact 'build' (9 files)",
          "Cache invalidated: dependencies",
          "WARNING: webpack has known vulnerabilities",
          "\u26a0 DEPRECATION: Feature will be removed in v4.0",
          "Bundling vendor.js",
          "Compiling components/utils.go...",
          "[12:52:05] DEBUG: Loading configuration",
          "Minifying main.js",
          "[12:52:05] INFO: Connecting to database",
          "Image pulled successfully",
          "npm notice: created a lockfile",
          "Minifying vendor.js",
          "HEAD is now at 1889ed7",
          "[12:52:05] INFO: Request completed",
          "NODE_ENV=test",
          "npm install: added 381 packages",
          "npm notice: created a lockfile",
          "Finished.",
          "npm install: added 277 packages",
          "Artifact uploaded: dist.zip (25MB)",
          "Snapshots: 12 passed, 43 total",
          "Success!",
          "Cache saved successfully",
          "Using Node.js 15.7.8",
          "OK",
          "Waiting...",
          "Cache miss for key-9601",
          "FAILED: test_cache_hit",
          "WARNING: axios has known vulnerabilities",
          "\u26a0 DEPRECATION: Feature will be removed in v2.0",
          "Platform: linux-x64",
          "NODE_ENV=production",
          "Cache saved successfully",
          "[12:52:05] INFO: Starting build process",
          "WARNING: express has known vulnerabilities",
          "pip: Installing build dependencies...",
          "Transforming 164 files...",
          "[12:52:05] INFO: Connecting to database",
          "yarn add: Done in 5.14s",
          "Minifying main.js",
          "Creating production build...",
          "Ready.",
          "pip: Installing build dependencies...",
          "Fetching submodules...",
          "[12:52:05] DEBUG: Query executed in 77ms",
          "Creating production build...",
          "Cache saved successfully",
          "TLS handshake completed",
          "Switched to branch 'bugfix/task-901'",
          "[12:52:05] INFO: Connecting to database",
          "=== Step restore_cache completed ==="
        ]
      },
      {
        "name": "checkout",
        "status": "success",
        "started_at": "2025-11-21T12:52:57.688999",
        "finished_at": "2025-11-21T12:53:01.427237",
        "log_lines": [
          "=== Step: checkout ===",
          "[12:52:05] DEBUG: Connection pool: 6 active",
          "[12:52:05] INFO: Cache refreshed",
          "Step 14/17: Testing",
          "Step 12/15: Deploying",
          "Finished.",
          "Processing...",
          "npm install: resolved 818 packages",
          "OK",
          "[12:52:05] INFO: Connecting to database",
          "\u2713 validate completed",
          "Ran 85 tests in 6s",
          "[12:52:05] DEBUG: Loading configuration",
          "Pulling image: node:18",
          "WARNING: react has known vulnerabilities",
          "GET /health - 204 (91ms)",
          "OK",
          "Cache restored successfully (186MB)",
          "Creating production build...",
          "Installing eslint@3.18.9",
          "Compiling components/app.ts...",
          "\u2713 Step 'test' succeeded",
          "Generating source maps...",
          "pip: Collecting express",
          "Step 6/18: Building",
          "\u2713 Step 'build' succeeded",
          "NODE_ENV=development",
          "WARNING: jest has known vulnerabilities",
          "Artifact uploaded: dist.zip (48MB)",
          "Compiling components/main.py...",
          "\u2713 All checks passed",
          "Fetching from https://github.com/package.json",
          "\u2713 Step 'setup' succeeded",
          "Using Python 3.12",
          "\u2713 All checks passed",
          "Compiling utils/main.py...",
          "Processing...",
          "  PASS: integration/test_db_connect.spec.js",
          "Loading...",
          "pip: Collecting react",
          "pip: Installing build dependencies...",
          "HEAD is now at 3996a89",
          "Pushing to registry...",
          "Uploading artifact 'dist' (1 files)",
          "Fetching submodules...",
          "Building Docker image...",
          "Fetching from https://pypi.org/package.json",
          "Verifying...",
          "[12:52:05] WARN: Deprecated API usage",
          "Optimizing 14 modules...",
          "Compiling src/handler.rs...",
          "Connection established",
          "Finished.",
          "[12:52:05] DEBUG: Loading configuration",
          "\u26a0 DEPRECATION: Feature will be removed in v4.0",
          "[12:52:05] DEBUG: Connection pool: 17 active",
          "NODE_ENV=development",
          "[12:52:05] DEBUG: Connection pool: 15 active",
          "Step 2/23: Testing",
          "[12:52:05] WARN: Deprecated API usage",
          "Step 11/21: Installing dependencies",
          "Completed.",
          "Fetching from https://githubusercontent.com/package.json",
          "HEAD is now at a47d7f8",
          "Ready.",
          "[12:52:05] DEBUG: Connection pool: 16 active",
          "Waiting...",
          "npm install: added 96 packages",
          "Success!",
          "Uploading artifact 'dist' (19 files)",
          "Transforming 436 files...",
          "[12:52:05] INFO: Starting build process",
          "\u26a0 DEPRECATION: Feature will be removed in v2.0",
          "npm notice: package.json updated",
          "\u26a0 DEPRECATION: Feature will be removed in v3.0",
          "Installing webpack@4.19.9",
          "Artifact uploaded: build.tar.gz (6MB)",
          "Fetching submodules...",
          "  PASS: test_user_create (85ms)",
          "npm notice: created a lockfile",
          "\u2717 build failed with exit code 84",
          "Pushing to registry...",
          "Artifact uploaded: build.tar.gz (19MB)",
          "Platform: win32-x64",
          "FAILED: test_db_connect",
          "\u2713 Step 'checkout' succeeded",
          "yarn add: Done in 4.2s",
          "Bundling main.css",
          "OK",
          "\u26a0 DEPRECATION: Feature will be removed in v5.0",
          "npm install: resolved 750 packages",
          "\u26a0 DEPRECATION: Feature will be removed in v2.0",
          "Compiling utils/utils.go...",
          "Finished.",
          "Using Node.js 15.2.6",
          "[12:52:05] DEBUG: Memory usage: 640MB",
          "Bundling vendor.css",
          "[12:52:05] DEBUG: Query executed in 14ms",
          "Step 18/19: Building",
          "[12:52:05] INFO: Processing request",
          "TLS handshake completed",
          "[12:52:05] ERROR: Connection failed",
          "Optimizing 63 modules...",
          "[12:52:05] WARN: Deprecated API usage",
          "npm notice: package.json updated",
          "\u2713 Step 'setup' succeeded",
          "Artifact uploaded: dist.zip (50MB)",
          "Step 6/19: Building",
          "Step 18/21: Building",
          "Compiling utils/service.java...",
          "\u2713 Task completed in 2462ms",
          "HEAD is now at cb1d65b",
          "Transforming 308 files...",
          "Compiling lib/utils.go...",
          "pip install: Successfully installed react-2.10",
          "Completed.",
          "Cache saved successfully",
          "WARNING: lodash has known vulnerabilities",
          "[12:52:05] WARN: Deprecated API usage",
          "Platform: darwin-arm64",
          "npm notice: created a lockfile",
          "Image pulled successfully",
          "  PASS: unit/test_cache_hit.spec.js",
          "NODE_ENV=test",
          "[12:52:05] DEBUG: Connection pool: 1 active",
          "Optimizing 12 modules...",
          "Ran 156 tests in 38s",
          "Step 17/20: Running migrations",
          "[12:52:05] INFO: Connecting to database",
          "Using Python 3.11",
          "Artifact downloaded: 35MB",
          "Completed.",
          "Finished.",
          "Processing...",
          "Creating production build...",
          "Snapshots: 1 passed, 17 total",
          "Cache hit for key-2015",
          "Environment: test",
          "Installing axios@1.15.1",
          "Completed.",
          "WARNING: prettier has known vulnerabilities",
          "Loading...",
          "Step 18/17: Testing",
          "OK",
          "Step 6/18: Linting",
          "Layer 10/15: COPY command",
          "Bundling runtime.css",
          "[12:52:05] DEBUG: Initializing service",
          "Step 7/23: Testing",
          "Installing lodash@5.5.7",
          "=== Step checkout completed ==="
        ]
      },
      {
        "name": "setup_environment",
        "status": "success",
        "started_at": "2025-11-21T12:53:01.427237",
        "finished_at": "2025-11-21T12:53:10.772833",
        "log_lines": [
          "=== Step: setup_environment ===",
          "Switched to branch 'bugfix/task-381'",
          "\u2713 Step 'build' succeeded",
          "Completed.",
          "[12:52:05] INFO: Processing request",
          "Uploading artifact 'build' (45 files)",
          "\u2713 deploy completed",
          "Image pulled successfully",
          "[12:52:05] INFO: Cache refreshed",
          "Step 18/23: Installing dependencies",
          "Cache saved successfully",
          "pip: Collecting lodash",
          "Artifact uploaded: dist.zip (93MB)",
          "Compiling lib/app.ts...",
          "  PASS: test_user_create (63ms)",
          "Snapshots: 10 passed, 42 total",
          "Time: 95.814s",
          "Tests: 446 passed, 124 total",
          "Optimizing 24 modules...",
          "Minifying vendor.js",
          "Ran 191 tests in 33s",
          "Layer 2/13: COPY command",
          "Time: 42.184s",
          "\u26a0 DEPRECATION: Feature will be removed in v5.0",
          "TLS handshake completed",
          "Loading...",
          "Snapshots: 7 passed, 22 total",
          "Step 9/18: Installing dependencies",
          "\u2713 Step 'test' succeeded",
          "Test Suites: 19 passed, 24 total",
          "Completed.",
          "Test Suites: 21 passed, 22 total",
          "Bundling main.js",
          "Loading...",
          "Using Node.js 20.15.3",
          "[12:52:05] DEBUG: Loading configuration",
          "Pulling image: node:latest",
          "Using Node.js 19.15.2",
          "Time: 120.623s",
          "\u2713 All checks passed",
          "pip: Installing build dependencies...",
          "Finished.",
          "Cache restored successfully (373MB)",
          "Step 4/17: Linting",
          "Tests: 332 passed, 98 total",
          "[12:52:05] DEBUG: Initializing service",
          "[12:52:05] INFO: Connecting to database",
          "Transforming 372 files...",
          "FAILED: test_db_connect",
          "Switched to branch 'bugfix/task-312'",
          "Using Python 3.12",
          "Artifact uploaded: dist.zip (43MB)",
          "Loading...",
          "HEAD is now at 718c776",
          "[12:52:05] ERROR: Connection failed",
          "Compiling components/main.py...",
          "\u2713 All checks passed",
          "FAILED: test_user_create",
          "Exception: RuntimeError",
          "yarn add: Done in 30.76s",
          "\u26a0 DEPRECATION: Feature will be removed in v2.0",
          "[12:52:05] DEBUG: Initializing service",
          "WARNING: webpack has known vulnerabilities",
          "Step 19/15: Linting",
          "\u2713 Step 'setup' succeeded",
          "Layer 4/15: COPY command",
          "Step 17/23: Building",
          "Success!",
          "pip install: Successfully installed prettier-2.19",
          "[12:52:05] WARN: Deprecated API usage",
          "Coverage: 94% statements, 60% branches",
          "Cache miss for key-4572",
          "[12:52:05] DEBUG: Connection pool: 11 active",
          "Verifying...",
          "\u26a0 DEPRECATION: Feature will be removed in v4.0",
          "\u2713 build completed",
          "Creating production build...",
          "Done.",
          "npm install: added 394 packages",
          "Checking out main branch",
          "Compiling lib/index.js...",
          "Cache invalidated: dependencies",
          "Transforming 768 files...",
          "Completed.",
          "[12:52:05] INFO: Request completed",
          "WARNING: axios has known vulnerabilities",
          "[12:52:05] WARN: Deprecated API usage",
          "  PASS: integration/test_user_create.spec.js",
          "Fetching from https://githubusercontent.com/package.json",
          "Cache saved successfully",
          "pip: Downloading express-5.3.tar.gz",
          "Compiling utils/service.java...",
          "Connection established",
          "Artifact uploaded: build.tar.gz (37MB)",
          "Compiling utils/main.py...",
          "Compiling components/service.java...",
          "Done.",
          "Building Docker image...",
          "Fetching submodules...",
          "Step 9/25: Linting",
          "\u2713 All checks passed",
          "[12:52:05] ERROR: Connection failed",
          "Step 8/23: Building",
          "Creating production build...",
          "[12:52:05] DEBUG: Loading configuration",
          "Optimizing 41 modules...",
          "Cache miss for key-7999",
          "Checking out main branch",
          "Cache hit for key-9243",
          "npm install: resolved 376 packages",
          "Finished.",
          "Image pulled successfully",
          "Artifact uploaded: dist.zip (20MB)",
          "Platform: darwin-arm64",
          "Fetching submodules...",
          "yarn add: Done in 21.14s",
          "Compiling src/index.js...",
          "Success!",
          "Building Docker image...",
          "[12:52:05] WARN: Deprecated API usage",
          "Snapshots: 4 passed, 23 total",
          "[12:52:05] INFO: Starting build process",
          "Using Node.js 20.13.6",
          "Optimizing 36 modules...",
          "Snapshots: 25 passed, 18 total",
          "\u2713 All checks passed",
          "Bundling styles.css",
          "yarn add: Done in 13.25s",
          "Success!",
          "npm install: added 260 packages",
          "Optimizing 54 modules...",
          "[12:52:05] INFO: Starting build process",
          "pip: Collecting prettier",
          "Cache miss for key-7588",
          "npm notice: created a lockfile",
          "Already up to date.",
          "Completed.",
          "[12:52:05] DEBUG: Memory usage: 1291MB",
          "Image pulled successfully",
          "pip: Installing build dependencies...",
          "NODE_ENV=production",
          "\u26a0 DEPRECATION: Feature will be removed in v4.0",
          "Pulling image: alpine:18",
          "pip: Installing build dependencies...",
          "[12:52:05] INFO: Connecting to database",
          "pip: Downloading lodash-1.7.tar.gz",
          "Loading...",
          "Generating source maps...",
          "Creating production build...",
          "Cache saved successfully",
          "=== Step setup_environment completed ==="
        ]
      },
      {
        "name": "deploy_staging",
        "status": "success",
        "started_at": "2025-11-21T12:53:10.772833",
        "finished_at": "2025-11-21T12:53:20.118429",
        "log_lines": [
          "=== Step: deploy_staging ===",
          "\u2713 Step 'test' succeeded",
          "[12:52:05] DEBUG: Loading configuration",
          "OK",
          "Test Suites: 22 passed, 24 total",
          "\u2713 Task completed in 4543ms",
          "Switched to branch 'bugfix/task-914'",
          "Cache saved successfully",
          "TLS handshake completed",
          "\u2713 All checks passed",
          "Compiling src/main.py...",
          "TLS handshake completed",
          "[12:52:05] INFO: Starting build process",
          "Snapshots: 15 passed, 45 total",
          "Ready.",
          "OK",
          "Installing axios@4.11.2",
          "OK",
          "\u2713 All checks passed",
          "POST /data - 201 (277ms)",
          "Test Suites: 24 passed, 44 total",
          "Success!",
          "Using Python 3.10",
          "\u26a0 DEPRECATION: Feature will be removed in v3.0",
          "Connection established",
          "Completed.",
          "Building Docker image...",
          "Step 11/19: Testing",
          "  PASS: e2e/test_api_health.spec.js",
          "Compiling components/app.ts...",
          "Checking out develop branch",
          "TLS handshake completed",
          "Cache hit for key-5467",
          "GET /status - 201 (40ms)",
          "NODE_ENV=production",
          "npm notice: created a lockfile",
          "\u2713 All checks passed",
          "Minifying vendor.js",
          "[12:52:05] INFO: Connecting to database",
          "WARNING: axios has known vulnerabilities",
          "Transforming 700 files...",
          "Minifying app.js",
          "Success!",
          "Cache miss for key-1808",
          "pip install: Successfully installed react-1.5",
          "[12:52:05] WARN: Deprecated API usage",
          "\u26a0 DEPRECATION: Feature will be removed in v5.0",
          "NODE_ENV=development",
          "\u2713 Task completed in 3040ms",
          "Bundling styles.js",
          "Success!",
          "Loading...",
          "Generating source maps...",
          "\u2713 validate completed",
          "Checking out master branch",
          "Image pulled successfully",
          "Compiling utils/index.js...",
          "Step 11/24: Building",
          "Step 6/15: Linting",
          "Cache saved successfully",
          "  PASS: unit/test_user_create.spec.js",
          "\u26a0 DEPRECATION: Feature will be removed in v5.0",
          "pip: Installing build dependencies...",
          "WARNING: prettier has known vulnerabilities",
          "yarn add: Done in 20.21s",
          "Coverage: 89% statements, 87% branches",
          "Switched to branch 'bugfix/task-843'",
          "Verifying...",
          "[12:52:05] DEBUG: Initializing service",
          "yarn add: Done in 7.85s",
          "\u2713 build completed",
          "\u26a0 DEPRECATION: Feature will be removed in v5.0",
          "[12:52:05] INFO: Connecting to database",
          "pip: Downloading eslint-5.13.tar.gz",
          "Time: 58.376s",
          "  PASS: test_db_connect (62ms)",
          "Ready.",
          "npm notice: package.json updated",
          "NODE_ENV=production",
          "Image pulled successfully",
          "Optimizing 90 modules...",
          "pip install: Successfully installed express-5.18",
          "Environment: test",
          "Uploading artifact 'coverage' (38 files)",
          "Step 12/19: Linting",
          "Fetching submodules...",
          "Pulling image: python:latest",
          "Fetching submodules...",
          "[12:52:05] DEBUG: Initializing service",
          "FAILED: test_auth_login",
          "Connection established",
          "npm install: resolved 811 packages",
          "Artifact uploaded: dist.zip (84MB)",
          "pip: Downloading eslint-4.9.tar.gz",
          "Step 17/23: Running migrations",
          "Installing lodash@2.2.9",
          "WARNING: lodash has known vulnerabilities",
          "Image pulled successfully",
          "Already up to date.",
          "Cache restored successfully (431MB)",
          "Generating source maps...",
          "\u2713 Task completed in 383ms",
          "Building Docker image...",
          "Compiling components/handler.rs...",
          "Connection established",
          "Cache saved successfully",
          "Snapshots: 14 passed, 29 total",
          "Test Suites: 12 passed, 6 total",
          "Platform: linux-x64",
          "Creating production build...",
          "WARNING: react has known vulnerabilities",
          "Checking out develop branch",
          "Ran 57 tests in 54s",
          "Cache restored successfully (294MB)",
          "Verifying...",
          "Already up to date.",
          "Generating source maps...",
          "Completed.",
          "pip install: Successfully installed react-5.15",
          "Using Python 3.9",
          "Cache invalidated: build",
          "Cache hit for key-3686",
          "\u26a0 DEPRECATION: Feature will be removed in v3.0",
          "Fetching from https://pypi.org/package.json",
          "pip: Installing build dependencies...",
          "Step 2/21: Testing",
          "  PASS: test_db_connect (56ms)",
          "Time: 104.667s",
          "Cache invalidated: build",
          "Compiling utils/handler.rs...",
          "HEAD is now at 10cec1b",
          "pip: Installing build dependencies...",
          "Creating production build...",
          "Ready.",
          "Coverage: 75% statements, 70% branches",
          "\u2713 Step 'install' succeeded",
          "[12:52:05] DEBUG: Loading configuration",
          "POST /upload - 200 (482ms)",
          "[12:52:05] DEBUG: Memory usage: 1174MB",
          "Time: 80.649s",
          "GET /health - 204 (51ms)",
          "Done.",
          "Artifact uploaded: build.tar.gz (17MB)",
          "Compiling utils/main.py...",
          "Cache hit for key-5275",
          "Fetching submodules...",
          "POST /upload - 201 (444ms)",
          "WARNING: prettier has known vulnerabilities",
          "[12:52:05] WARN: Deprecated API usage",
          "[12:52:05] DEBUG: Initializing service",
          "=== Step deploy_staging completed ==="
        ]
      },
      {
        "name": "deploy_production",
        "status": "success",
        "started_at": "2025-11-21T12:53:20.118429",
        "finished_at": "2025-11-21T12:53:23.856667",
        "log_lines": [
          "=== Step: deploy_production ===",
          "Uploading artifact 'build' (2 files)",
          "yarn add: Done in 24.89s",
          "Checking out master branch",
          "Using Python 3.10",
          "[12:52:05] WARN: Deprecated API usage",
          "Compiling src/index.js...",
          "pip install: Successfully installed react-5.17",
          "Artifact downloaded: 41MB",
          "[12:52:05] DEBUG: Memory usage: 1708MB",
          "\u26a0 DEPRECATION: Feature will be removed in v5.0",
          "Fetching submodules...",
          "npm notice: package.json updated",
          "\u26a0 DEPRECATION: Feature will be removed in v5.0",
          "Compiling components/utils.go...",
          "HEAD is now at 68dbcb5",
          "[12:52:05] INFO: Cache refreshed",
          "Bundling styles.css",
          "Processing...",
          "pip: Installing build dependencies...",
          "Success!",
          "Fetching from https://gcr.io/package.json",
          "Generating source maps...",
          "Using Node.js 18.18.10",
          "Creating production build...",
          "Test Suites: 39 passed, 21 total",
          "[12:52:05] DEBUG: Loading configuration",
          "[12:52:05] INFO: Starting build process",
          "Success!",
          "Done.",
          "Test Suites: 17 passed, 41 total",
          "[12:52:05] DEBUG: Query executed in 58ms",
          "Step 16/16: Deploying",
          "Time: 12.732s",
          "Cache miss for key-5790",
          "Time: 31.547s",
          "Platform: win32-x64",
          "Artifact uploaded: dist.zip (14MB)",
          "\u26a0 DEPRECATION: Feature will be removed in v4.0",
          "FAILED: test_cache_hit",
          "\u2713 All checks passed",
          "Fetching submodules...",
          "npm install: added 297 packages",
          "Uploading artifact 'dist' (27 files)",
          "Platform: darwin-arm64",
          "Checking out main branch",
          "Step 14/15: Testing",
          "Minifying vendor.js",
          "npm notice: package.json updated",
          "[12:52:05] INFO: Request completed",
          "Waiting...",
          "[12:52:05] INFO: Request completed",
          "[12:52:05] DEBUG: Loading configuration",
          "pip install: Successfully installed prettier-4.11",
          "Fetching from https://amazonaws.com/package.json",
          "[12:52:05] DEBUG: Initializing service",
          "Success!",
          "Ran 158 tests in 53s",
          "Step 13/24: Testing",
          "Exception: TypeError",
          "Pushing to registry...",
          "npm notice: package.json updated",
          "Coverage: 71% statements, 62% branches",
          "Cache saved successfully",
          "Building Docker image...",
          "OK",
          "npm install: added 29 packages",
          "OK",
          "Coverage: 100% statements, 66% branches",
          "[12:52:05] INFO: Processing request",
          "Fetching submodules...",
          "Step 10/20: Building",
          "Ready.",
          "Cache invalidated: dependencies",
          "Using Python 3.12",
          "Compiling lib/utils.go...",
          "Optimizing 32 modules...",
          "\u2713 Step 'test' succeeded",
          "GET /status - 204 (51ms)",
          "[12:52:05] DEBUG: Initializing service",
          "\u2713 Step 'checkout' succeeded",
          "Already up to date.",
          "Time: 101.814s",
          "TLS handshake completed",
          "Exception: ValueError",
          "Compiling components/main.py...",
          "Uploading artifact 'coverage' (33 files)",
          "Compiling lib/index.js...",
          "[12:52:05] INFO: Processing request",
          "Minifying vendor.js",
          "Installing webpack@4.13.8",
          "Processing...",
          "Exception: NullPointerException",
          "pip: Downloading express-1.20.tar.gz",
          "WARNING: axios has known vulnerabilities",
          "POST /data - 200 (121ms)",
          "pip: Collecting express",
          "Connection established",
          "[12:52:05] INFO: Cache refreshed",
          "Platform: win32-x64",
          "Ran 185 tests in 39s",
          "WARNING: jest has known vulnerabilities",
          "\u2717 build failed with exit code 39",
          "Step 1/17: Running migrations",
          "Using Node.js 18.19.8",
          "Loading...",
          "[12:52:05] DEBUG: Query executed in 66ms",
          "TLS handshake completed",
          "  PASS: test_auth_login (361ms)",
          "[12:52:05] DEBUG: Connection pool: 5 active",
          "Cache saved successfully",
          "[12:52:05] ERROR: Connection failed",
          "Compiling src/index.js...",
          "[12:52:05] DEBUG: Connection pool: 3 active",
          "[12:52:05] DEBUG: Memory usage: 1724MB",
          "Completed.",
          "Compiling components/main.py...",
          "\u26a0 DEPRECATION: Feature will be removed in v3.0",
          "Pulling image: python:latest",
          "[12:52:05] INFO: Cache refreshed",
          "npm notice: created a lockfile",
          "Step 8/21: Deploying",
          "Cache miss for key-4906",
          "Waiting...",
          "Layer 7/11: RUN command",
          "\u2713 test completed",
          "[12:52:05] WARN: Deprecated API usage",
          "\u2717 build failed with exit code 113",
          "[12:52:05] INFO: Connecting to database",
          "Bundling main.js",
          "Fetching submodules...",
          "Cache saved successfully",
          "Time: 16.680s",
          "[12:52:05] DEBUG: Connection pool: 17 active",
          "HEAD is now at beb054d",
          "Loading...",
          "Using Python 3.9",
          "Artifact downloaded: 50MB",
          "Completed.",
          "Test Suites: 8 passed, 19 total",
          "Step 5/23: Deploying",
          "Done.",
          "Fetching from https://gcr.io/package.json",
          "Finished.",
          "Pushing to registry...",
          "Platform: darwin-arm64",
          "TLS handshake completed",
          "[12:52:05] INFO: Processing request",
          "Cache saved successfully",
          "\u2713 All checks passed",
          "=== Step deploy_production completed ==="
        ]
      },
      {
        "name": "type_check",
        "status": "success",
        "started_at": "2025-11-21T12:53:23.856667",
        "finished_at": "2025-11-21T12:53:33.202263",
        "log_lines": [
          "=== Step: type_check ===",
          "pip install: Successfully installed react-1.4",
          "Exception: TypeError",
          "npm install: resolved 355 packages",
          "[12:52:05] DEBUG: Query executed in 3ms",
          "[12:52:05] ERROR: Connection failed",
          "Loading...",
          "Platform: win32-x64",
          "\u26a0 DEPRECATION: Feature will be removed in v2.0",
          "\u2713 All checks passed",
          "Generating source maps...",
          "Compiling src/service.java...",
          "Bundling runtime.css",
          "NODE_ENV=development",
          "Installing express@5.17.1",
          "Environment: production",
          "Using Python 3.11",
          "Snapshots: 30 passed, 47 total",
          "Installing jest@5.16.2",
          "Generating source maps...",
          "\u2717 build failed with exit code 91",
          "NODE_ENV=development",
          "Pushing to registry...",
          "\u2717 build failed with exit code 20",
          "  PASS: integration/test_api_health.spec.js",
          "Compiling components/handler.rs...",
          "Artifact downloaded: 9MB",
          "[12:52:05] INFO: Request completed",
          "[12:52:05] DEBUG: Loading configuration",
          "Compiling lib/index.js...",
          "pip: Downloading eslint-2.0.tar.gz",
          "Loading...",
          "pip install: Successfully installed lodash-4.16",
          "Coverage: 80% statements, 74% branches",
          "Artifact uploaded: build.tar.gz (8MB)",
          "\u26a0 DEPRECATION: Feature will be removed in v3.0",
          "WARNING: jest has known vulnerabilities",
          "Generating source maps...",
          "Compiling components/index.js...",
          "Step 14/23: Testing",
          "\u2713 lint completed",
          "Coverage: 78% statements, 79% branches",
          "Cache restored successfully (37MB)",
          "pip install: Successfully installed webpack-3.12",
          "Compiling utils/app.ts...",
          "Minifying vendor.js",
          "Connection established",
          "[12:52:05] DEBUG: Memory usage: 1449MB",
          "TLS handshake completed",
          "\u2713 Step 'build' succeeded",
          "pip install: Successfully installed axios-4.0",
          "Step 13/19: Installing dependencies",
          "Ready.",
          "Pulling image: alpine:latest",
          "Layer 3/12: RUN command",
          "Ready.",
          "[12:52:05] INFO: Processing request",
          "NODE_ENV=test",
          "Ready.",
          "[12:52:05] INFO: Cache refreshed",
          "Connection established",
          "Creating production build...",
          "Cache miss for key-7107",
          "Ready.",
          "yarn add: Done in 26.46s",
          "Pulling image: python:18",
          "\u2713 All checks passed",
          "Cache miss for key-7927",
          "[12:52:05] DEBUG: Memory usage: 1067MB",
          "\u2713 All checks passed",
          "Environment: test",
          "Pushing to registry...",
          "[12:52:05] DEBUG: Initializing service",
          "\u2713 All checks passed",
          "Pulling image: node:latest",
          "\u2717 build failed with exit code 122",
          "Installing eslint@3.4.0",
          "Connection established",
          "Environment: test",
          "WARNING: jest has known vulnerabilities",
          "Step 17/16: Running migrations",
          "[12:52:05] INFO: Request completed",
          "Finished.",
          "Creating production build...",
          "Tests: 122 passed, 228 total",
          "Ran 107 tests in 15s",
          "Installing react@4.9.0",
          "npm notice: package.json updated",
          "Uploading artifact 'build' (47 files)",
          "Artifact uploaded: build.tar.gz (28MB)",
          "npm install: added 316 packages",
          "Processing...",
          "Cache miss for key-7637",
          "Checking out develop branch",
          "Environment: staging",
          "\u2713 lint completed",
          "[12:52:05] DEBUG: Connection pool: 11 active",
          "yarn add: Done in 16.32s",
          "Cache saved successfully",
          "[12:52:05] DEBUG: Loading configuration",
          "Bundling runtime.css",
          "Completed.",
          "Step 9/21: Building",
          "pip install: Successfully installed eslint-4.12",
          "[12:52:05] WARN: Deprecated API usage",
          "Step 6/23: Running migrations",
          "Ready.",
          "Cache invalidated: node_modules",
          "yarn add: Done in 15.21s",
          "Cache saved successfully",
          "Artifact downloaded: 22MB",
          "Step 4/24: Building",
          "Bundling runtime.js",
          "[12:52:05] DEBUG: Loading configuration",
          "Artifact uploaded: build.tar.gz (33MB)",
          "Compiling components/service.java...",
          "Step 20/18: Deploying",
          "NODE_ENV=development",
          "\u26a0 DEPRECATION: Feature will be removed in v4.0",
          "[12:52:05] WARN: Deprecated API usage",
          "Environment: test",
          "Step 18/19: Building",
          "pip: Installing build dependencies...",
          "[12:52:05] INFO: Cache refreshed",
          "Bundling main.js",
          "yarn add: Done in 7.85s",
          "Snapshots: 0 passed, 32 total",
          "Layer 9/15: COPY command",
          "Environment: test",
          "Time: 51.185s",
          "Uploading artifact 'build' (12 files)",
          "Uploading artifact 'coverage' (36 files)",
          "Verifying...",
          "Layer 7/13: ENV command",
          "Using Python 3.10",
          "Cache invalidated: dependencies",
          "Step 18/18: Deploying",
          "Cache hit for key-8851",
          "[12:52:05] INFO: Cache refreshed",
          "Checking out master branch",
          "Step 4/20: Deploying",
          "GET /status - 201 (16ms)",
          "npm notice: created a lockfile",
          "[12:52:05] DEBUG: Query executed in 40ms",
          "TLS handshake completed",
          "pip install: Successfully installed webpack-1.0",
          "pip install: Successfully installed eslint-4.4",
          "pip: Installing build dependencies...",
          "Compiling components/main.py...",
          "OK",
          "=== Step type_check completed ==="
        ]
      },
      {
        "name": "build",
        "status": "success",
        "started_at": "2025-11-21T12:53:33.202263",
        "finished_at": "2025-11-21T12:54:01.239052",
        "log_lines": [
          "=== Step: build ===",
          "NODE_ENV=test",
          "TLS handshake completed",
          "Step 4/22: Linting",
          "Step 2/22: Running migrations",
          "Step 20/15: Linting",
          "Time: 106.710s",
          "Switched to branch 'feature/task-184'",
          "Already up to date.",
          "Step 12/20: Deploying",
          "Success!",
          "Step 4/23: Running migrations",
          "[12:52:05] INFO: Starting build process",
          "[12:52:05] INFO: Request completed",
          "Artifact downloaded: 44MB",
          "\u26a0 DEPRECATION: Feature will be removed in v5.0",
          "POST /api - 200 (81ms)",
          "[12:52:05] DEBUG: Connection pool: 9 active",
          "\u2713 All checks passed",
          "[12:52:05] INFO: Cache refreshed",
          "Generating source maps...",
          "Using Python 3.10",
          "Checking out master branch",
          "Ready.",
          "Loading...",
          "Ran 111 tests in 40s",
          "[12:52:05] DEBUG: Query executed in 2ms",
          "pip: Installing build dependencies...",
          "[12:52:05] ERROR: Connection failed",
          "  PASS: unit/test_api_health.spec.js",
          "WARNING: axios has known vulnerabilities",
          "Artifact uploaded: dist.zip (20MB)",
          "Processing...",
          "[12:52:05] DEBUG: Loading configuration",
          "Step 8/22: Building",
          "Uploading artifact 'dist' (14 files)",
          "Artifact downloaded: 44MB",
          "Bundling main.js",
          "Finished.",
          "Fetching submodules...",
          "[12:52:05] INFO: Connecting to database",
          "\u26a0 DEPRECATION: Feature will be removed in v5.0",
          "Ran 93 tests in 50s",
          "npm install: added 67 packages",
          "Success!",
          "Ran 157 tests in 39s",
          "\u2713 Step 'setup' succeeded",
          "\u2717 build failed with exit code 13",
          "[12:52:05] DEBUG: Loading configuration",
          "pip: Collecting lodash",
          "[12:52:05] DEBUG: Connection pool: 1 active",
          "Artifact uploaded: dist.zip (59MB)",
          "Waiting...",
          "Coverage: 95% statements, 90% branches",
          "Tests: 496 passed, 173 total",
          "Ready.",
          "pip: Collecting react",
          "\u2713 Step 'build' succeeded",
          "Tests: 296 passed, 178 total",
          "Artifact downloaded: 24MB",
          "[12:52:05] INFO: Request completed",
          "Checking out master branch",
          "npm install: resolved 1357 packages",
          "Processing...",
          "Step 5/15: Linting",
          "Compiling components/main.py...",
          "Already up to date.",
          "WARNING: axios has known vulnerabilities",
          "Ran 32 tests in 58s",
          "Building Docker image...",
          "[12:52:05] INFO: Cache refreshed",
          "Ran 101 tests in 43s",
          "Success!",
          "TLS handshake completed",
          "Step 12/25: Running migrations",
          "Artifact uploaded: dist.zip (82MB)",
          "Artifact downloaded: 7MB",
          "[12:52:05] INFO: Processing request",
          "\u26a0 DEPRECATION: Feature will be removed in v3.0",
          "Verifying...",
          "Compiling utils/main.py...",
          "Exception: RuntimeError",
          "Uploading artifact 'build' (17 files)",
          "Artifact uploaded: dist.zip (65MB)",
          "Checking out master branch",
          "[12:52:05] INFO: Connecting to database",
          "pip: Installing build dependencies...",
          "[12:52:05] DEBUG: Loading configuration",
          "Using Python 3.9",
          "Finished.",
          "WARNING: express has known vulnerabilities",
          "Ready.",
          "Step 11/24: Testing",
          "pip: Downloading jest-2.11.tar.gz",
          "npm install: resolved 1094 packages",
          "Step 16/22: Running migrations",
          "\u26a0 DEPRECATION: Feature will be removed in v5.0",
          "Transforming 253 files...",
          "Fetching submodules...",
          "NODE_ENV=development",
          "Switched to branch 'feature/task-623'",
          "Completed.",
          "Compiling utils/index.js...",
          "Loading...",
          "pip install: Successfully installed prettier-1.0",
          "Completed.",
          "HEAD is now at 3d0753a",
          "yarn add: Done in 6.75s",
          "npm notice: package.json updated",
          "Bundling styles.css",
          "Compiling utils/main.py...",
          "Loading...",
          "Done.",
          "Step 1/19: Installing dependencies",
          "Switched to branch 'feature/task-260'",
          "Minifying vendor.js",
          "POST /data - 202 (75ms)",
          "Cache hit for key-3160",
          "Artifact downloaded: 8MB",
          "Compiling utils/service.java...",
          "Minifying app.js",
          "Bundling styles.css",
          "POST /api - 200 (170ms)",
          "npm install: added 48 packages",
          "[12:52:05] INFO: Request completed",
          "POST /upload - 202 (109ms)",
          "[12:52:05] WARN: Deprecated API usage",
          "Tests: 144 passed, 249 total",
          "Artifact uploaded: dist.zip (14MB)",
          "GET /health - 200 (27ms)",
          "pip: Downloading eslint-3.14.tar.gz",
          "[12:52:05] DEBUG: Query executed in 100ms",
          "Checking out master branch",
          "Compiling components/main.py...",
          "Optimizing 90 modules...",
          "NODE_ENV=production",
          "Pushing to registry...",
          "Tests: 432 passed, 87 total",
          "\u2713 Step 'checkout' succeeded",
          "Cache invalidated: node_modules",
          "Building Docker image...",
          "Exception: TypeError",
          "Using Node.js 19.1.4",
          "\u2713 Task completed in 1690ms",
          "[12:52:05] INFO: Processing request",
          "Exception: RuntimeError",
          "[12:52:05] DEBUG: Connection pool: 10 active",
          "Pushing to registry...",
          "npm install: added 308 packages",
          "\u26a0 DEPRECATION: Feature will be removed in v3.0",
          "=== Step build completed ==="
        ]
      },
      {
        "name": "setup_node",
        "status": "success",
        "started_at": "2025-11-21T12:54:01.239052",
        "finished_at": "2025-11-21T12:54:10.584648",
        "log_lines": [
          "=== Step: setup_node ===",
          "Finished.",
          "HEAD is now at 76fe430",
          "Step 2/22: Running migrations",
          "Test Suites: 14 passed, 9 total",
          "npm install: resolved 1277 packages",
          "Processing...",
          "Switched to branch 'hotfix/task-758'",
          "Compiling lib/app.ts...",
          "Layer 4/13: COPY command",
          "POST /upload - 200 (323ms)",
          "Using Python 3.10",
          "\u2713 build completed",
          "Ran 148 tests in 14s",
          "Creating production build...",
          "  PASS: unit/test_user_create.spec.js",
          "Cache invalidated: dependencies",
          "Fetching submodules...",
          "Loading...",
          "Uploading artifact 'dist' (34 files)",
          "OK",
          "Tests: 212 passed, 408 total",
          "[12:52:05] INFO: Request completed",
          "NODE_ENV=development",
          "Coverage: 88% statements, 82% branches",
          "\u26a0 DEPRECATION: Feature will be removed in v2.0",
          "\u26a0 DEPRECATION: Feature will be removed in v3.0",
          "Step 12/19: Deploying",
          "Artifact uploaded: dist.zip (56MB)",
          "Completed.",
          "Layer 2/10: COPY command",
          "OK",
          "NODE_ENV=production",
          "Uploading artifact 'dist' (47 files)",
          "Artifact uploaded: dist.zip (40MB)",
          "Image pulled successfully",
          "yarn add: Done in 3.31s",
          "Generating source maps...",
          "Verifying...",
          "\u2713 All checks passed",
          "Generating source maps...",
          "npm install: resolved 1313 packages",
          "npm notice: created a lockfile",
          "Environment: test",
          "Completed.",
          "[12:52:05] DEBUG: Connection pool: 10 active",
          "Switched to branch 'feature/task-263'",
          "[12:52:05] INFO: Starting build process",
          "TLS handshake completed",
          "Compiling src/handler.rs...",
          "Step 17/22: Testing",
          "Cache miss for key-5881",
          "Done.",
          "Step 3/20: Testing",
          "GET /api - 200 (46ms)",
          "Step 10/17: Running migrations",
          "WARNING: lodash has known vulnerabilities",
          "[12:52:05] DEBUG: Initializing service",
          "Pulling image: python:3.11",
          "Cache invalidated: build",
          "\u2713 test completed",
          "WARNING: lodash has known vulnerabilities",
          "Coverage: 87% statements, 73% branches",
          "Using Python 3.11",
          "Installing jest@4.20.10",
          "Switched to branch 'bugfix/task-235'",
          "Tests: 135 passed, 208 total",
          "Building Docker image...",
          "POST /api - 202 (169ms)",
          "pip: Collecting express",
          "Step 6/16: Building",
          "Compiling lib/utils.go...",
          "[12:52:05] WARN: Deprecated API usage",
          "Building Docker image...",
          "WARNING: axios has known vulnerabilities",
          "\u2713 All checks passed",
          "npm install: added 24 packages",
          "[12:52:05] INFO: Cache refreshed",
          "Cache hit for key-7234",
          "Ready.",
          "HEAD is now at 568add0",
          "Artifact uploaded: dist.zip (99MB)",
          "Optimizing 81 modules...",
          "Artifact uploaded: build.tar.gz (25MB)",
          "Environment: staging",
          "Minifying vendor.js",
          "\u2713 All checks passed",
          "Creating production build...",
          "Compiling lib/utils.go...",
          "[12:52:05] INFO: Cache refreshed",
          "Fetching from https://pypi.org/package.json",
          "Finished.",
          "Step 2/23: Building",
          "npm notice: package.json updated",
          "[12:52:05] ERROR: Connection failed",
          "[12:52:05] INFO: Starting build process",
          "[12:52:05] DEBUG: Connection pool: 17 active",
          "Ran 94 tests in 51s",
          "Pulling image: alpine:3.11",
          "Optimizing 95 modules...",
          "Success!",
          "\u2713 All checks passed",
          "  PASS: e2e/test_cache_hit.spec.js",
          "npm install: added 489 packages",
          "Checking out main branch",
          "Step 14/22: Deploying",
          "Checking out master branch",
          "Cache miss for key-7820",
          "[12:52:05] WARN: Deprecated API usage",
          "HEAD is now at dddac3f",
          "[12:52:05] WARN: Deprecated API usage",
          "[12:52:05] INFO: Starting build process",
          "[12:52:05] INFO: Connecting to database",
          "npm notice: package.json updated",
          "Cache restored successfully (125MB)",
          "WARNING: axios has known vulnerabilities",
          "npm install: added 117 packages",
          "Time: 90.456s",
          "Image pulled successfully",
          "Switched to branch 'feature/task-153'",
          "Building Docker image...",
          "GET /api - 200 (33ms)",
          "Completed.",
          "Minifying vendor.js",
          "Fetching from https://googleapis.com/package.json",
          "\u26a0 DEPRECATION: Feature will be removed in v2.0",
          "Already up to date.",
          "OK",
          "WARNING: webpack has known vulnerabilities",
          "OK",
          "Ran 110 tests in 25s",
          "Fetching from https://pypi.org/package.json",
          "Minifying main.js",
          "[12:52:05] INFO: Request completed",
          "Pulling image: python:latest",
          "Using Node.js 17.5.10",
          "[12:52:05] WARN: Deprecated API usage",
          "[12:52:05] WARN: Deprecated API usage",
          "npm notice: package.json updated",
          "Building Docker image...",
          "npm notice: package.json updated",
          "Artifact uploaded: dist.zip (28MB)",
          "Compiling lib/handler.rs...",
          "Step 13/19: Installing dependencies",
          "Finished.",
          "[12:52:05] DEBUG: Loading configuration",
          "\u26a0 DEPRECATION: Feature will be removed in v3.0",
          "Compiling lib/index.js...",
          "Artifact uploaded: build.tar.gz (30MB)",
          "npm install: resolved 1620 packages",
          "=== Step setup_node completed ==="
        ]
      },
      {
        "name": "lint",
        "status": "success",
        "started_at": "2025-11-21T12:54:10.584648",
        "finished_at": "2025-11-21T12:54:19.930244",
        "log_lines": [
          "=== Step: lint ===",
          "Fetching from https://pypi.org/package.json",
          "Image pulled successfully",
          "Fetching from https://registry.npmjs.org/package.json",
          "Finished.",
          "[12:52:05] DEBUG: Initializing service",
          "[12:52:05] INFO: Cache refreshed",
          "Cache miss for key-1327",
          "npm install: added 342 packages",
          "Uploading artifact 'coverage' (30 files)",
          "Step 9/23: Linting",
          "npm notice: package.json updated",
          "Pulling image: python:latest",
          "Finished.",
          "Loading...",
          "Environment: development",
          "Artifact uploaded: build.tar.gz (50MB)",
          "[12:52:05] DEBUG: Loading configuration",
          "Tests: 217 passed, 453 total",
          "npm install: added 430 packages",
          "\u26a0 DEPRECATION: Feature will be removed in v3.0",
          "Fetching submodules...",
          "Artifact uploaded: dist.zip (14MB)",
          "Waiting...",
          "Already up to date.",
          "Done.",
          "Step 13/20: Installing dependencies",
          "[12:52:05] DEBUG: Connection pool: 15 active",
          "Loading...",
          "pip install: Successfully installed eslint-5.0",
          "pip: Downloading jest-3.15.tar.gz",
          "[12:52:05] INFO: Connecting to database",
          "[12:52:05] DEBUG: Memory usage: 735MB",
          "Snapshots: 5 passed, 6 total",
          "WARNING: axios has known vulnerabilities",
          "[12:52:05] DEBUG: Connection pool: 14 active",
          "Connection established",
          "GET /health - 204 (85ms)",
          "Success!",
          "[12:52:05] DEBUG: Loading configuration",
          "Environment: staging",
          "[12:52:05] DEBUG: Connection pool: 11 active",
          "Step 8/24: Installing dependencies",
          "[12:52:05] ERROR: Connection failed",
          "Optimizing 55 modules...",
          "Pulling image: alpine:latest",
          "Already up to date.",
          "Cache miss for key-7522",
          "Connection established",
          "Finished.",
          "\u2713 All checks passed",
          "Artifact uploaded: dist.zip (58MB)",
          "Snapshots: 16 passed, 42 total",
          "Transforming 806 files...",
          "Checking out main branch",
          "Exception: TypeError",
          "Exception: RuntimeError",
          "Cache invalidated: dependencies",
          "Ran 191 tests in 26s",
          "Fetching from https://npmjs.org/package.json",
          "Optimizing 72 modules...",
          "\u26a0 DEPRECATION: Feature will be removed in v3.0",
          "\u26a0 DEPRECATION: Feature will be removed in v4.0",
          "NODE_ENV=production",
          "npm install: resolved 1371 packages",
          "OK",
          "Installing eslint@5.4.2",
          "Using Node.js 14.17.3",
          "Step 18/16: Linting",
          "Pulling image: alpine:latest",
          "Cache hit for key-5432",
          "FAILED: test_user_create",
          "Cache saved successfully",
          "Environment: development",
          "Step 12/23: Running migrations",
          "Artifact uploaded: dist.zip (59MB)",
          "Step 1/20: Deploying",
          "pip: Installing build dependencies...",
          "Verifying...",
          "Fetching submodules...",
          "Coverage: 96% statements, 74% branches",
          "[12:52:05] INFO: Request completed",
          "[12:52:05] INFO: Starting build process",
          "Artifact downloaded: 29MB",
          "Minifying vendor.js",
          "Time: 55.832s",
          "Building Docker image...",
          "Cache hit for key-5830",
          "Installing axios@3.2.8",
          "[12:52:05] INFO: Starting build process",
          "Cache hit for key-6877",
          "\u2713 Step 'test' succeeded",
          "Exception: RuntimeError",
          "Step 11/17: Building",
          "Time: 97.970s",
          "[12:52:05] DEBUG: Connection pool: 15 active",
          "OK",
          "  PASS: unit/test_user_create.spec.js",
          "Step 1/17: Linting",
          "OK",
          "[12:52:05] WARN: Deprecated API usage",
          "Snapshots: 33 passed, 11 total",
          "FAILED: test_db_connect",
          "Waiting...",
          "Finished.",
          "Tests: 352 passed, 441 total",
          "[12:52:05] DEBUG: Query executed in 67ms",
          "Ready.",
          "pip: Installing build dependencies...",
          "Finished.",
          "\u2713 Step 'build' succeeded",
          "Ran 96 tests in 30s",
          "\u2713 Task completed in 4512ms",
          "Cache saved successfully",
          "Coverage: 70% statements, 75% branches",
          "  PASS: test_cache_hit (80ms)",
          "Step 1/21: Linting",
          "Step 12/25: Installing dependencies",
          "Environment: staging",
          "[12:52:05] INFO: Connecting to database",
          "Step 6/25: Installing dependencies",
          "FAILED: test_auth_login",
          "Pulling image: alpine:latest",
          "Step 17/21: Building",
          "Finished.",
          "Transforming 705 files...",
          "pip install: Successfully installed lodash-5.14",
          "Connection established",
          "Cache invalidated: node_modules",
          "\u2713 All checks passed",
          "Waiting...",
          "[12:52:05] DEBUG: Query executed in 91ms",
          "Fetching from https://pypi.org/package.json",
          "npm notice: package.json updated",
          "Processing...",
          "Environment: development",
          "pip: Downloading eslint-1.1.tar.gz",
          "FAILED: test_user_create",
          "Time: 64.231s",
          "\u2713 deploy completed",
          "Processing...",
          "[12:52:05] INFO: Connecting to database",
          "Step 6/15: Testing",
          "Exception: NullPointerException",
          "\u26a0 DEPRECATION: Feature will be removed in v2.0",
          "Waiting...",
          "Step 18/19: Deploying",
          "[12:52:05] WARN: Deprecated API usage",
          "Step 19/15: Installing dependencies",
          "Verifying...",
          "=== Step lint completed ==="
        ]
      },
      {
        "name": "upload_artifacts",
        "status": "success",
        "started_at": "2025-11-21T12:54:19.930244",
        "finished_at": "2025-11-21T12:54:29.275840",
        "log_lines": [
          "=== Step: upload_artifacts ===",
          "Coverage: 86% statements, 74% branches",
          "Optimizing 74 modules...",
          "[12:52:05] INFO: Cache refreshed",
          "Loading...",
          "\u2713 deploy completed",
          "Already up to date.",
          "[12:52:05] DEBUG: Initializing service",
          "TLS handshake completed",
          "[12:52:05] WARN: Deprecated API usage",
          "POST /upload - 202 (440ms)",
          "  PASS: test_user_create (418ms)",
          "Completed.",
          "Installing jest@5.0.8",
          "[12:52:05] DEBUG: Query executed in 35ms",
          "Using Python 3.12",
          "npm install: added 394 packages",
          "GET /status - 200 (70ms)",
          "Pulling image: node:18",
          "Step 13/19: Installing dependencies",
          "pip: Collecting webpack",
          "npm install: resolved 312 packages",
          "Platform: darwin-arm64",
          "Artifact uploaded: build.tar.gz (13MB)",
          "Minifying app.js",
          "Verifying...",
          "Step 1/17: Deploying",
          "Transforming 908 files...",
          "Step 13/20: Installing dependencies",
          "Transforming 757 files...",
          "Checking out main branch",
          "pip: Collecting webpack",
          "Completed.",
          "Cache restored successfully (296MB)",
          "Step 2/22: Installing dependencies",
          "Step 11/17: Testing",
          "[12:52:05] WARN: Deprecated API usage",
          "Bundling styles.js",
          "[12:52:05] INFO: Request completed",
          "Loading...",
          "[12:52:05] WARN: Deprecated API usage",
          "[12:52:05] WARN: Deprecated API usage",
          "Cache restored successfully (338MB)",
          "pip: Installing build dependencies...",
          "Loading...",
          "Compiling components/index.js...",
          "Using Python 3.11",
          "[12:52:05] DEBUG: Memory usage: 1240MB",
          "Platform: linux-x64",
          "Pushing to registry...",
          "[12:52:05] DEBUG: Memory usage: 1908MB",
          "Exception: ValueError",
          "Connection established",
          "Snapshots: 35 passed, 26 total",
          "Compiling components/service.java...",
          "Exception: ValueError",
          "npm install: added 113 packages",
          "Transforming 659 files...",
          "Environment: test",
          "Image pulled successfully",
          "Completed.",
          "[12:52:05] DEBUG: Query executed in 8ms",
          "Cache restored successfully (63MB)",
          "Installing prettier@5.19.7",
          "WARNING: express has known vulnerabilities",
          "Cache saved successfully",
          "npm install: resolved 1159 packages",
          "Using Node.js 16.9.9",
          "pip: Collecting lodash",
          "Artifact downloaded: 22MB",
          "[12:52:05] INFO: Starting build process",
          "FAILED: test_db_connect",
          "Test Suites: 22 passed, 38 total",
          "Transforming 747 files...",
          "Layer 10/10: COPY command",
          "npm install: resolved 536 packages",
          "[12:52:05] DEBUG: Initializing service",
          "  PASS: test_db_connect (139ms)",
          "[12:52:05] DEBUG: Query executed in 38ms",
          "Step 5/15: Deploying",
          "HEAD is now at 6b7e896",
          "Bundling vendor.css",
          "FAILED: test_api_health",
          "[12:52:05] INFO: Request completed",
          "Completed.",
          "pip install: Successfully installed react-3.10",
          "[12:52:05] INFO: Starting build process",
          "Ran 65 tests in 55s",
          "Uploading artifact 'coverage' (24 files)",
          "[12:52:05] ERROR: Connection failed",
          "Cache hit for key-2615",
          "\u26a0 DEPRECATION: Feature will be removed in v5.0",
          "Done.",
          "Bundling main.css",
          "Ran 105 tests in 35s",
          "\u26a0 DEPRECATION: Feature will be removed in v2.0",
          "Coverage: 77% statements, 98% branches",
          "Compiling src/utils.go...",
          "[12:52:05] WARN: Deprecated API usage",
          "Installing react@2.5.0",
          "Step 15/23: Linting",
          "[12:52:05] DEBUG: Memory usage: 1738MB",
          "Optimizing 92 modules...",
          "[12:52:05] INFO: Processing request",
          "[12:52:05] WARN: Deprecated API usage",
          "pip: Downloading lodash-1.11.tar.gz",
          "Compiling lib/handler.rs...",
          "[12:52:05] INFO: Processing request",
          "[12:52:05] DEBUG: Connection pool: 12 active",
          "Pushing to registry...",
          "Platform: darwin-arm64",
          "[12:52:05] DEBUG: Initializing service",
          "Processing...",
          "Artifact uploaded: dist.zip (77MB)",
          "Step 19/20: Installing dependencies",
          "WARNING: lodash has known vulnerabilities",
          "[12:52:05] INFO: Starting build process",
          "Step 7/17: Building",
          "Artifact uploaded: build.tar.gz (41MB)",
          "Uploading artifact 'dist' (44 files)",
          "[12:52:05] INFO: Cache refreshed",
          "Step 6/19: Testing",
          "Loading...",
          "  PASS: test_db_connect (221ms)",
          "Using Node.js 18.13.6",
          "[12:52:05] ERROR: Connection failed",
          "Compiling src/utils.go...",
          "Fetching submodules...",
          "Creating production build...",
          "[12:52:05] INFO: Connecting to database",
          "Artifact downloaded: 3MB",
          "Using Python 3.10",
          "Test Suites: 16 passed, 13 total",
          "Verifying...",
          "Compiling lib/handler.rs...",
          "Using Python 3.11",
          "Success!",
          "npm install: added 298 packages",
          "Compiling src/handler.rs...",
          "WARNING: react has known vulnerabilities",
          "[12:52:05] DEBUG: Initializing service",
          "\u2713 Step 'checkout' succeeded",
          "Ready.",
          "[12:52:05] DEBUG: Connection pool: 9 active",
          "Cache saved successfully",
          "npm notice: package.json updated",
          "Cache hit for key-2952",
          "Step 11/16: Deploying",
          "Cache saved successfully",
          "Cache saved successfully",
          "=== Step upload_artifacts completed ==="
        ]
      },
      {
        "name": "unit_tests",
        "status": "success",
        "started_at": "2025-11-21T12:54:29.275840",
        "finished_at": "2025-11-21T12:54:57.312629",
        "log_lines": [
          "=== Step: unit_tests ===",
          "npm notice: created a lockfile",
          "Compiling utils/index.js...",
          "Cache miss for key-9582",
          "FAILED: test_api_health",
          "WARNING: webpack has known vulnerabilities",
          "Compiling src/app.ts...",
          "Artifact downloaded: 35MB",
          "Using Node.js 17.14.0",
          "Connection established",
          "Tests: 484 passed, 345 total",
          "\u2717 build failed with exit code 108",
          "[12:52:05] DEBUG: Query executed in 31ms",
          "Cache restored successfully (299MB)",
          "Step 5/18: Running migrations",
          "Building Docker image...",
          "npm install: added 142 packages",
          "Installing jest@2.10.5",
          "Generating source maps...",
          "Step 19/22: Testing",
          "pip: Installing build dependencies...",
          "pip install: Successfully installed webpack-4.1",
          "npm install: resolved 643 packages",
          "  PASS: test_user_create (73ms)",
          "Pushing to registry...",
          "Platform: darwin-arm64",
          "Compiling lib/utils.go...",
          "Minifying main.js",
          "Compiling lib/main.py...",
          "Bundling vendor.js",
          "Environment: development",
          "[12:52:05] INFO: Cache refreshed",
          "Fetching from https://amazonaws.com/package.json",
          "WARNING: lodash has known vulnerabilities",
          "pip: Collecting express",
          "[12:52:05] DEBUG: Loading configuration",
          "Artifact downloaded: 9MB",
          "\u2713 test completed",
          "Ready.",
          "Step 20/18: Linting",
          "Processing...",
          "Step 5/21: Testing",
          "HEAD is now at 096b8f5",
          "\u26a0 DEPRECATION: Feature will be removed in v4.0",
          "pip: Downloading lodash-5.3.tar.gz",
          "pip install: Successfully installed prettier-1.14",
          "[12:52:05] DEBUG: Loading configuration",
          "\u2713 All checks passed",
          "pip: Downloading jest-5.10.tar.gz",
          "[12:52:05] DEBUG: Initializing service",
          "Snapshots: 48 passed, 23 total",
          "Snapshots: 8 passed, 20 total",
          "Compiling components/handler.rs...",
          "  PASS: test_api_health (367ms)",
          "[12:52:05] DEBUG: Loading configuration",
          "[12:52:05] DEBUG: Query executed in 53ms",
          "Fetching submodules...",
          "pip install: Successfully installed react-1.20",
          "npm install: added 17 packages",
          "WARNING: prettier has known vulnerabilities",
          "Tests: 492 passed, 213 total",
          "HEAD is now at cf1ec2b",
          "pip: Downloading react-1.11.tar.gz",
          "Step 2/21: Linting",
          "Fetching from https://docker.io/package.json",
          "Compiling utils/utils.go...",
          "HEAD is now at 423e415",
          "Installing eslint@5.7.5",
          "Cache restored successfully (435MB)",
          "OK",
          "Compiling src/handler.rs...",
          "Minifying main.js",
          "Compiling lib/app.ts...",
          "Compiling lib/utils.go...",
          "OK",
          "HEAD is now at 3284309",
          "Cache restored successfully (108MB)",
          "Ready.",
          "[12:52:05] WARN: Deprecated API usage",
          "yarn add: Done in 1.36s",
          "Exception: ValueError",
          "Using Node.js 19.2.1",
          "\u2713 All checks passed",
          "npm notice: created a lockfile",
          "pip: Collecting webpack",
          "\u2713 All checks passed",
          "Creating production build...",
          "[12:52:05] INFO: Processing request",
          "POST /api - 202 (157ms)",
          "POST /data - 200 (344ms)",
          "Building Docker image...",
          "Compiling lib/main.py...",
          "WARNING: jest has known vulnerabilities",
          "Loading...",
          "Optimizing 69 modules...",
          "Fetching submodules...",
          "Step 1/21: Building",
          "\u2717 build failed with exit code 70",
          "Artifact uploaded: dist.zip (38MB)",
          "pip install: Successfully installed prettier-1.1",
          "Compiling src/service.java...",
          "Step 18/16: Linting",
          "Creating production build...",
          "Compiling utils/app.ts...",
          "Uploading artifact 'dist' (29 files)",
          "Connection established",
          "\u2713 All checks passed",
          "npm notice: package.json updated",
          "[12:52:05] WARN: Deprecated API usage",
          "Cache saved successfully",
          "[12:52:05] INFO: Starting build process",
          "pip install: Successfully installed eslint-2.5",
          "Generating source maps...",
          "\u2713 Task completed in 4034ms",
          "Cache saved successfully",
          "npm notice: created a lockfile",
          "[12:52:05] INFO: Processing request",
          "[12:52:05] INFO: Starting build process",
          "\u26a0 DEPRECATION: Feature will be removed in v4.0",
          "Pulling image: alpine:3.11",
          "Connection established",
          "npm install: resolved 1935 packages",
          "\u26a0 DEPRECATION: Feature will be removed in v3.0",
          "[12:52:05] INFO: Starting build process",
          "Verifying...",
          "Exception: NullPointerException",
          "Coverage: 87% statements, 60% branches",
          "Pushing to registry...",
          "Fetching submodules...",
          "Waiting...",
          "Cache hit for key-5898",
          "Loading...",
          "POST /upload - 201 (120ms)",
          "Verifying...",
          "Using Node.js 17.2.9",
          "Cache miss for key-2288",
          "\u2713 Step 'checkout' succeeded",
          "Waiting...",
          "\u2713 Step 'test' succeeded",
          "pip: Installing build dependencies...",
          "Layer 4/10: ENV command",
          "HEAD is now at 3b33ebc",
          "TLS handshake completed",
          "Using Python 3.11",
          "Step 6/24: Testing",
          "yarn add: Done in 20.70s",
          "Exception: RuntimeError",
          "Image pulled successfully",
          "Generating source maps...",
          "  PASS: test_db_connect (64ms)",
          "=== Step unit_tests completed ==="
        ]
      }
    ],
    "label": "normal"
  }
}