{
  "action": "completed",
  "workflow_run": {
    "id": 23,
    "name": "CI Pipeline",
    "head_branch": "feature/feat-873",
    "head_sha": "b87b17417ea1c0bcaebbf557edda7052e4efad3a",
    "status": "completed",
    "conclusion": "success",
    "run_started_at": "2025-11-25T11:38:45.872263Z",
    "updated_at": "2025-11-25T11:40:23.694433Z"
  },
  "repository": {
    "full_name": "startup-io/mobile-backend",
    "name": "mobile-backend"
  },
  "sender": {
    "login": "diana"
  },
  "_safeops_extended": {
    "raw_logs": "=== Step: checkout ===\nInstalling webpack@1.12.0\nCompiling src/index.js...\nInstalling webpack@1.7.0\nArtifact uploaded: build.tar.gz (6MB)\nStep 6/10: Building\n\u2713 test completed\n  PASS: test_db_connect (329ms)\nCache hit for key-3971\n\u2713 test completed\nWARNING: eslint has known vulnerabilities\nCache hit for key-8992\n\u2713 build completed\nCache hit for key-3512\n[11:38:45] INFO: Processing request\n\u2713 build completed\nStep 8/10: Building\n\u2713 build completed\nInstalling eslint@3.0.0\nInstalling prettier@4.19.0\nCompiling src/service.java...\nInstalling eslint@1.8.0\n\u2713 test completed\nCache hit for key-8399\nCompiling src/utils.go...\nArtifact uploaded: build.tar.gz (2MB)\nStep 9/10: Building\nArtifact uploaded: build.tar.gz (33MB)\n  PASS: test_api_health (451ms)\nFAILED: test_user_create\n[11:38:45] INFO: Processing request\nWARNING: lodash has known vulnerabilities\nCompiling src/app.ts...\n[11:38:45] INFO: Processing request\n[11:38:45] ERROR: Connection failed\nInstalling webpack@5.1.0\nStep 1/10: Building\n[11:38:45] INFO: Processing request\n[11:38:45] INFO: Processing request\nStep 7/10: Building\nArtifact uploaded: build.tar.gz (13MB)\nStep 6/10: Building\nCache hit for key-4234\n  PASS: test_api_health (233ms)\nCache hit for key-9422\n[11:38:45] INFO: Processing request\nCompiling src/main.py...\n[11:38:45] INFO: Processing request\nArtifact uploaded: build.tar.gz (37MB)\n[11:38:45] INFO: Processing request\nArtifact uploaded: build.tar.gz (46MB)\nCache hit for key-5074\nCompiling src/app.ts...\n[11:38:45] INFO: Processing request\nCompiling src/service.java...\nCompiling src/service.java...\nCompiling src/index.js...\nStep 4/10: Building\n\u2713 build completed\n[11:38:45] INFO: Processing request\n\u26a0 DEPRECATION: Feature will be removed in v2.0\nStep 8/10: Building\n[11:38:45] INFO: Processing request\nArtifact uploaded: build.tar.gz (14MB)\nArtifact uploaded: build.tar.gz (45MB)\nStep 1/10: Building\nCache hit for key-1372\n=== Step checkout completed ===\n=== Step: setup_environment ===\nCache hit for key-5879\nStep 8/10: Building\nCache hit for key-7536\nCompiling src/main.py...\nArtifact uploaded: build.tar.gz (6MB)\nArtifact uploaded: build.tar.gz (14MB)\nCompiling src/handler.rs...\nInstalling webpack@1.16.0\nCache hit for key-1032\n\u26a0 DEPRECATION: Feature will be removed in v2.0\nStep 4/10: Building\nCache hit for key-9848\n  PASS: test_api_health (87ms)\nStep 5/10: Building\nWARNING: react has known vulnerabilities\nCache hit for key-6833\n\u2713 build completed\nCache hit for key-1734\n  PASS: test_api_health (64ms)\nCompiling src/index.js...\nArtifact uploaded: build.tar.gz (35MB)\nInstalling lodash@5.20.0\n  PASS: test_user_create (94ms)\nCompiling src/utils.go...\n\u2713 build completed\nArtifact uploaded: build.tar.gz (47MB)\nCache hit for key-6566\nStep 7/10: Building\nInstalling lodash@3.1.0\nArtifact uploaded: build.tar.gz (19MB)\nCache hit for key-3481\n  PASS: test_db_connect (210ms)\nCompiling src/main.py...\n  PASS: test_user_create (234ms)\nArtifact uploaded: build.tar.gz (9MB)\n[11:38:45] WARN: Deprecated API usage\nInstalling eslint@5.8.0\nCompiling src/handler.rs...\n\u2713 build completed\n  PASS: test_db_connect (57ms)\n  PASS: test_api_health (103ms)\n\u2713 lint completed\n\u2717 build failed with exit code 56\nArtifact uploaded: build.tar.gz (37MB)\n[11:38:45] INFO: Processing request\n\u2717 build failed with exit code 89\n[11:38:45] INFO: Processing request\n[11:38:45] INFO: Processing request\n\u2713 test completed\n  PASS: test_user_create (491ms)\n\u2713 test completed\n[11:38:45] INFO: Processing request\nStep 5/10: Building\nArtifact uploaded: build.tar.gz (2MB)\n\u2713 lint completed\n[11:38:45] INFO: Processing request\nArtifact uploaded: build.tar.gz (44MB)\n[11:38:45] WARN: Deprecated API usage\nInstalling express@5.0.0\nStep 2/10: Building\n  PASS: test_db_connect (229ms)\n\u2713 build completed\nArtifact uploaded: build.tar.gz (22MB)\nStep 9/10: Building\n[11:38:45] WARN: Deprecated API usage\n  PASS: test_api_health (212ms)\n=== Step setup_environment completed ===\n=== Step: install_dependencies ===\nCache hit for key-9297\nCache hit for key-9255\nArtifact uploaded: build.tar.gz (41MB)\n[11:38:45] INFO: Processing request\nStep 2/10: Building\n  PASS: test_user_create (249ms)\n\u2713 test completed\n[11:38:45] INFO: Processing request\nStep 8/10: Building\nCompiling src/utils.go...\nCompiling src/index.js...\nArtifact uploaded: build.tar.gz (45MB)\n\u2713 lint completed\n[11:38:45] INFO: Processing request\nInstalling express@2.14.0\n[11:38:45] INFO: Processing request\n[11:38:45] INFO: Processing request\nArtifact uploaded: build.tar.gz (33MB)\n  PASS: test_auth_login (390ms)\n  PASS: test_user_create (205ms)\n  PASS: test_cache_hit (81ms)\n[11:38:45] INFO: Processing request\n  PASS: test_api_health (86ms)\n\u2717 build failed with exit code 123\nWARNING: eslint has known vulnerabilities\nException: TypeError\nCompiling src/handler.rs...\n\u2713 test completed\n  PASS: test_auth_login (388ms)\n[11:38:45] INFO: Processing request\n[11:38:45] WARN: Deprecated API usage\nStep 6/10: Building\nArtifact uploaded: build.tar.gz (30MB)\n\u2713 lint completed\nCache hit for key-4970\n\u26a0 DEPRECATION: Feature will be removed in v2.0\n\u26a0 DEPRECATION: Feature will be removed in v2.0\n\u2713 build completed\n[11:38:45] INFO: Processing request\nStep 7/10: Building\nArtifact uploaded: build.tar.gz (26MB)\nInstalling axios@1.2.0\nStep 9/10: Building\nCompiling src/app.ts...\nCache hit for key-4882\n[11:38:45] INFO: Processing request\nStep 10/10: Building\nInstalling jest@4.2.0\nArtifact uploaded: build.tar.gz (37MB)\n  PASS: test_db_connect (102ms)\n\u2713 test completed\nInstalling eslint@4.10.0\n[11:38:45] WARN: Deprecated API usage\nInstalling express@4.15.0\nArtifact uploaded: build.tar.gz (40MB)\nStep 3/10: Building\nCompiling src/app.ts...\nInstalling express@4.8.0\nStep 9/10: Building\n[11:38:45] INFO: Processing request\n  PASS: test_db_connect (140ms)\nArtifact uploaded: build.tar.gz (11MB)\nCompiling src/utils.go...\n  PASS: test_user_create (484ms)\nCompiling src/index.js...\nCache hit for key-4963\n=== Step install_dependencies completed ===\n=== Step: run_tests ===\n[11:38:45] INFO: Processing request\n[11:38:45] INFO: Processing request\nStep 1/10: Building\nStep 6/10: Building\n\u26a0 DEPRECATION: Feature will be removed in v2.0\nArtifact uploaded: build.tar.gz (12MB)\nArtifact uploaded: build.tar.gz (36MB)\nStep 3/10: Building\nArtifact uploaded: build.tar.gz (3MB)\nInstalling express@1.1.0\n  PASS: test_user_create (473ms)\nCompiling src/handler.rs...\nStep 2/10: Building\nCompiling src/index.js...\nCache hit for key-2172\nCompiling src/index.js...\n  PASS: test_user_create (471ms)\nStep 2/10: Building\nArtifact uploaded: build.tar.gz (39MB)\nCache hit for key-3009\nInstalling prettier@5.5.0\nCache hit for key-9705\nArtifact uploaded: build.tar.gz (31MB)\nArtifact uploaded: build.tar.gz (1MB)\nCache hit for key-6506\nCache hit for key-3682\nCompiling src/index.js...\n\u26a0 DEPRECATION: Feature will be removed in v2.0\n  PASS: test_user_create (169ms)\nInstalling axios@3.5.0\nCompiling src/index.js...\n\u26a0 DEPRECATION: Feature will be removed in v4.0\n\u2713 build completed\nStep 9/10: Building\nInstalling jest@4.19.0\nArtifact uploaded: build.tar.gz (35MB)\n[11:38:45] WARN: Deprecated API usage\n  PASS: test_api_health (238ms)\nCompiling src/main.py...\nCache hit for key-2919\nArtifact uploaded: build.tar.gz (47MB)\nCompiling src/index.js...\n  PASS: test_cache_hit (70ms)\n\u2713 lint completed\nCompiling src/utils.go...\nArtifact uploaded: build.tar.gz (15MB)\n\u26a0 DEPRECATION: Feature will be removed in v2.0\nStep 9/10: Building\nInstalling lodash@4.19.0\n[11:38:45] ERROR: Connection failed\n  PASS: test_auth_login (178ms)\n  PASS: test_cache_hit (194ms)\nInstalling jest@5.15.0\nCache hit for key-2680\n\u2713 build completed\n\u26a0 DEPRECATION: Feature will be removed in v2.0\n  PASS: test_cache_hit (474ms)\n[11:38:45] INFO: Processing request\n  PASS: test_cache_hit (274ms)\n[11:38:45] WARN: Deprecated API usage\nArtifact uploaded: build.tar.gz (8MB)\nCache hit for key-5229\n\u2713 lint completed\nStep 6/10: Building\n  PASS: test_api_health (109ms)\nCompiling src/main.py...\n=== Step run_tests completed ===\n=== Step: build_artifact ===\nCache hit for key-2863\nCache hit for key-3130\nStep 8/10: Building\nStep 3/10: Building\nCompiling src/app.ts...\nCache hit for key-7664\n[11:38:45] INFO: Processing request\nCompiling src/utils.go...\nStep 5/10: Building\n[11:38:45] INFO: Processing request\nCache hit for key-8079\nArtifact uploaded: build.tar.gz (7MB)\n\u2713 test completed\n  PASS: test_db_connect (334ms)\nStep 2/10: Building\n[11:38:45] ERROR: Connection failed\nArtifact uploaded: build.tar.gz (26MB)\nCompiling src/service.java...\nInstalling express@1.2.0\nCompiling src/app.ts...\nStep 8/10: Building\nWARNING: lodash has known vulnerabilities\nWARNING: webpack has known vulnerabilities\nCompiling src/handler.rs...\nCompiling src/utils.go...\nArtifact uploaded: build.tar.gz (14MB)\nCache hit for key-1271\n[11:38:45] INFO: Processing request\n\u2713 build completed\nInstalling jest@4.2.0\n[11:38:45] INFO: Processing request\n[11:38:45] INFO: Processing request\nArtifact uploaded: build.tar.gz (11MB)\n\u2713 build completed\n\u2713 lint completed\nCache hit for key-4666\nCache hit for key-1294\nCache hit for key-4100\nArtifact uploaded: build.tar.gz (34MB)\nArtifact uploaded: build.tar.gz (30MB)\n  PASS: test_db_connect (448ms)\nCompiling src/service.java...\n[11:38:45] ERROR: Connection failed\nWARNING: prettier has known vulnerabilities\nInstalling react@4.13.0\nArtifact uploaded: build.tar.gz (11MB)\nArtifact uploaded: build.tar.gz (11MB)\nCache hit for key-2561\n  PASS: test_api_health (63ms)\nArtifact uploaded: build.tar.gz (15MB)\nArtifact uploaded: build.tar.gz (10MB)\nInstalling lodash@1.11.0\n  PASS: test_db_connect (276ms)\n[11:38:45] INFO: Processing request\nWARNING: lodash has known vulnerabilities\nStep 10/10: Building\nCompiling src/service.java...\nArtifact uploaded: build.tar.gz (37MB)\nCompiling src/main.py...\nInstalling prettier@1.8.0\nCache hit for key-3440\n  PASS: test_cache_hit (111ms)\nInstalling webpack@1.17.0\nCompiling src/main.py...\nArtifact uploaded: build.tar.gz (48MB)\nCache hit for key-4718\n=== Step build_artifact completed ===\n=== Step: deploy ===\n[11:38:45] INFO: Processing request\nCompiling src/index.js...\nFAILED: test_auth_login\n[11:38:45] INFO: Processing request\n\u2717 build failed with exit code 70\nArtifact uploaded: build.tar.gz (34MB)\n\u2713 test completed\n[11:38:45] INFO: Processing request\nArtifact uploaded: build.tar.gz (48MB)\nInstalling react@5.11.0\nStep 10/10: Building\nArtifact uploaded: build.tar.gz (27MB)\nStep 3/10: Building\n\u2713 lint completed\n\u2713 lint completed\nCompiling src/index.js...\nArtifact uploaded: build.tar.gz (47MB)\n[11:38:45] INFO: Processing request\n[11:38:45] INFO: Processing request\n  PASS: test_api_health (187ms)\nWARNING: eslint has known vulnerabilities\nInstalling prettier@5.5.0\n  PASS: test_cache_hit (211ms)\nCompiling src/index.js...\nCache hit for key-8848\n  PASS: test_auth_login (214ms)\n[11:38:45] INFO: Processing request\n[11:38:45] INFO: Processing request\nInstalling jest@2.1.0\n  PASS: test_cache_hit (164ms)\nArtifact uploaded: build.tar.gz (30MB)\n\u2717 build failed with exit code 124\nCache hit for key-3253\nCompiling src/utils.go...\n\u2713 test completed\nArtifact uploaded: build.tar.gz (44MB)\n\u2713 build completed\n[11:38:45] WARN: Deprecated API usage\n  PASS: test_user_create (441ms)\nCache hit for key-6411\n[11:38:45] INFO: Processing request\n\u26a0 DEPRECATION: Feature will be removed in v4.0\nCache hit for key-7710\nCache hit for key-4405\nCache hit for key-7514\n[11:38:45] INFO: Processing request\nCache hit for key-7606\nStep 9/10: Building\n  PASS: test_db_connect (293ms)\nArtifact uploaded: build.tar.gz (8MB)\nStep 9/10: Building\nWARNING: axios has known vulnerabilities\nStep 8/10: Building\n\u2713 lint completed\n[11:38:45] ERROR: Connection failed\nInstalling express@4.16.0\nCompiling src/handler.rs...\n  PASS: test_user_create (492ms)\nArtifact uploaded: build.tar.gz (1MB)\nInstalling axios@5.14.0\n[11:38:45] INFO: Processing request\n  PASS: test_auth_login (108ms)\nCompiling src/app.ts...\n[11:38:45] INFO: Processing request\n  PASS: test_user_create (472ms)\n[11:38:45] INFO: Processing request\n=== Step deploy completed ===",
    "steps": [
      {
        "name": "checkout",
        "status": "success",
        "started_at": "2025-11-25T11:38:45.872263",
        "finished_at": "2025-11-25T11:38:50.763372",
        "log_lines": [
          "=== Step: checkout ===",
          "Installing webpack@1.12.0",
          "Compiling src/index.js...",
          "Installing webpack@1.7.0",
          "Artifact uploaded: build.tar.gz (6MB)",
          "Step 6/10: Building",
          "\u2713 test completed",
          "  PASS: test_db_connect (329ms)",
          "Cache hit for key-3971",
          "\u2713 test completed",
          "WARNING: eslint has known vulnerabilities",
          "Cache hit for key-8992",
          "\u2713 build completed",
          "Cache hit for key-3512",
          "[11:38:45] INFO: Processing request",
          "\u2713 build completed",
          "Step 8/10: Building",
          "\u2713 build completed",
          "Installing eslint@3.0.0",
          "Installing prettier@4.19.0",
          "Compiling src/service.java...",
          "Installing eslint@1.8.0",
          "\u2713 test completed",
          "Cache hit for key-8399",
          "Compiling src/utils.go...",
          "Artifact uploaded: build.tar.gz (2MB)",
          "Step 9/10: Building",
          "Artifact uploaded: build.tar.gz (33MB)",
          "  PASS: test_api_health (451ms)",
          "FAILED: test_user_create",
          "[11:38:45] INFO: Processing request",
          "WARNING: lodash has known vulnerabilities",
          "Compiling src/app.ts...",
          "[11:38:45] INFO: Processing request",
          "[11:38:45] ERROR: Connection failed",
          "Installing webpack@5.1.0",
          "Step 1/10: Building",
          "[11:38:45] INFO: Processing request",
          "[11:38:45] INFO: Processing request",
          "Step 7/10: Building",
          "Artifact uploaded: build.tar.gz (13MB)",
          "Step 6/10: Building",
          "Cache hit for key-4234",
          "  PASS: test_api_health (233ms)",
          "Cache hit for key-9422",
          "[11:38:45] INFO: Processing request",
          "Compiling src/main.py...",
          "[11:38:45] INFO: Processing request",
          "Artifact uploaded: build.tar.gz (37MB)",
          "[11:38:45] INFO: Processing request",
          "Artifact uploaded: build.tar.gz (46MB)",
          "Cache hit for key-5074",
          "Compiling src/app.ts...",
          "[11:38:45] INFO: Processing request",
          "Compiling src/service.java...",
          "Compiling src/service.java...",
          "Compiling src/index.js...",
          "Step 4/10: Building",
          "\u2713 build completed",
          "[11:38:45] INFO: Processing request",
          "\u26a0 DEPRECATION: Feature will be removed in v2.0",
          "Step 8/10: Building",
          "[11:38:45] INFO: Processing request",
          "Artifact uploaded: build.tar.gz (14MB)",
          "Artifact uploaded: build.tar.gz (45MB)",
          "Step 1/10: Building",
          "Cache hit for key-1372",
          "=== Step checkout completed ==="
        ]
      },
      {
        "name": "setup_environment",
        "status": "success",
        "started_at": "2025-11-25T11:38:50.763372",
        "finished_at": "2025-11-25T11:39:00.545589",
        "log_lines": [
          "=== Step: setup_environment ===",
          "Cache hit for key-5879",
          "Step 8/10: Building",
          "Cache hit for key-7536",
          "Compiling src/main.py...",
          "Artifact uploaded: build.tar.gz (6MB)",
          "Artifact uploaded: build.tar.gz (14MB)",
          "Compiling src/handler.rs...",
          "Installing webpack@1.16.0",
          "Cache hit for key-1032",
          "\u26a0 DEPRECATION: Feature will be removed in v2.0",
          "Step 4/10: Building",
          "Cache hit for key-9848",
          "  PASS: test_api_health (87ms)",
          "Step 5/10: Building",
          "WARNING: react has known vulnerabilities",
          "Cache hit for key-6833",
          "\u2713 build completed",
          "Cache hit for key-1734",
          "  PASS: test_api_health (64ms)",
          "Compiling src/index.js...",
          "Artifact uploaded: build.tar.gz (35MB)",
          "Installing lodash@5.20.0",
          "  PASS: test_user_create (94ms)",
          "Compiling src/utils.go...",
          "\u2713 build completed",
          "Artifact uploaded: build.tar.gz (47MB)",
          "Cache hit for key-6566",
          "Step 7/10: Building",
          "Installing lodash@3.1.0",
          "Artifact uploaded: build.tar.gz (19MB)",
          "Cache hit for key-3481",
          "  PASS: test_db_connect (210ms)",
          "Compiling src/main.py...",
          "  PASS: test_user_create (234ms)",
          "Artifact uploaded: build.tar.gz (9MB)",
          "[11:38:45] WARN: Deprecated API usage",
          "Installing eslint@5.8.0",
          "Compiling src/handler.rs...",
          "\u2713 build completed",
          "  PASS: test_db_connect (57ms)",
          "  PASS: test_api_health (103ms)",
          "\u2713 lint completed",
          "\u2717 build failed with exit code 56",
          "Artifact uploaded: build.tar.gz (37MB)",
          "[11:38:45] INFO: Processing request",
          "\u2717 build failed with exit code 89",
          "[11:38:45] INFO: Processing request",
          "[11:38:45] INFO: Processing request",
          "\u2713 test completed",
          "  PASS: test_user_create (491ms)",
          "\u2713 test completed",
          "[11:38:45] INFO: Processing request",
          "Step 5/10: Building",
          "Artifact uploaded: build.tar.gz (2MB)",
          "\u2713 lint completed",
          "[11:38:45] INFO: Processing request",
          "Artifact uploaded: build.tar.gz (44MB)",
          "[11:38:45] WARN: Deprecated API usage",
          "Installing express@5.0.0",
          "Step 2/10: Building",
          "  PASS: test_db_connect (229ms)",
          "\u2713 build completed",
          "Artifact uploaded: build.tar.gz (22MB)",
          "Step 9/10: Building",
          "[11:38:45] WARN: Deprecated API usage",
          "  PASS: test_api_health (212ms)",
          "=== Step setup_environment completed ==="
        ]
      },
      {
        "name": "install_dependencies",
        "status": "success",
        "started_at": "2025-11-25T11:39:00.545589",
        "finished_at": "2025-11-25T11:39:20.110023",
        "log_lines": [
          "=== Step: install_dependencies ===",
          "Cache hit for key-9297",
          "Cache hit for key-9255",
          "Artifact uploaded: build.tar.gz (41MB)",
          "[11:38:45] INFO: Processing request",
          "Step 2/10: Building",
          "  PASS: test_user_create (249ms)",
          "\u2713 test completed",
          "[11:38:45] INFO: Processing request",
          "Step 8/10: Building",
          "Compiling src/utils.go...",
          "Compiling src/index.js...",
          "Artifact uploaded: build.tar.gz (45MB)",
          "\u2713 lint completed",
          "[11:38:45] INFO: Processing request",
          "Installing express@2.14.0",
          "[11:38:45] INFO: Processing request",
          "[11:38:45] INFO: Processing request",
          "Artifact uploaded: build.tar.gz (33MB)",
          "  PASS: test_auth_login (390ms)",
          "  PASS: test_user_create (205ms)",
          "  PASS: test_cache_hit (81ms)",
          "[11:38:45] INFO: Processing request",
          "  PASS: test_api_health (86ms)",
          "\u2717 build failed with exit code 123",
          "WARNING: eslint has known vulnerabilities",
          "Exception: TypeError",
          "Compiling src/handler.rs...",
          "\u2713 test completed",
          "  PASS: test_auth_login (388ms)",
          "[11:38:45] INFO: Processing request",
          "[11:38:45] WARN: Deprecated API usage",
          "Step 6/10: Building",
          "Artifact uploaded: build.tar.gz (30MB)",
          "\u2713 lint completed",
          "Cache hit for key-4970",
          "\u26a0 DEPRECATION: Feature will be removed in v2.0",
          "\u26a0 DEPRECATION: Feature will be removed in v2.0",
          "\u2713 build completed",
          "[11:38:45] INFO: Processing request",
          "Step 7/10: Building",
          "Artifact uploaded: build.tar.gz (26MB)",
          "Installing axios@1.2.0",
          "Step 9/10: Building",
          "Compiling src/app.ts...",
          "Cache hit for key-4882",
          "[11:38:45] INFO: Processing request",
          "Step 10/10: Building",
          "Installing jest@4.2.0",
          "Artifact uploaded: build.tar.gz (37MB)",
          "  PASS: test_db_connect (102ms)",
          "\u2713 test completed",
          "Installing eslint@4.10.0",
          "[11:38:45] WARN: Deprecated API usage",
          "Installing express@4.15.0",
          "Artifact uploaded: build.tar.gz (40MB)",
          "Step 3/10: Building",
          "Compiling src/app.ts...",
          "Installing express@4.8.0",
          "Step 9/10: Building",
          "[11:38:45] INFO: Processing request",
          "  PASS: test_db_connect (140ms)",
          "Artifact uploaded: build.tar.gz (11MB)",
          "Compiling src/utils.go...",
          "  PASS: test_user_create (484ms)",
          "Compiling src/index.js...",
          "Cache hit for key-4963",
          "=== Step install_dependencies completed ==="
        ]
      },
      {
        "name": "run_tests",
        "status": "success",
        "started_at": "2025-11-25T11:39:20.110023",
        "finished_at": "2025-11-25T11:39:54.347783",
        "log_lines": [
          "=== Step: run_tests ===",
          "[11:38:45] INFO: Processing request",
          "[11:38:45] INFO: Processing request",
          "Step 1/10: Building",
          "Step 6/10: Building",
          "\u26a0 DEPRECATION: Feature will be removed in v2.0",
          "Artifact uploaded: build.tar.gz (12MB)",
          "Artifact uploaded: build.tar.gz (36MB)",
          "Step 3/10: Building",
          "Artifact uploaded: build.tar.gz (3MB)",
          "Installing express@1.1.0",
          "  PASS: test_user_create (473ms)",
          "Compiling src/handler.rs...",
          "Step 2/10: Building",
          "Compiling src/index.js...",
          "Cache hit for key-2172",
          "Compiling src/index.js...",
          "  PASS: test_user_create (471ms)",
          "Step 2/10: Building",
          "Artifact uploaded: build.tar.gz (39MB)",
          "Cache hit for key-3009",
          "Installing prettier@5.5.0",
          "Cache hit for key-9705",
          "Artifact uploaded: build.tar.gz (31MB)",
          "Artifact uploaded: build.tar.gz (1MB)",
          "Cache hit for key-6506",
          "Cache hit for key-3682",
          "Compiling src/index.js...",
          "\u26a0 DEPRECATION: Feature will be removed in v2.0",
          "  PASS: test_user_create (169ms)",
          "Installing axios@3.5.0",
          "Compiling src/index.js...",
          "\u26a0 DEPRECATION: Feature will be removed in v4.0",
          "\u2713 build completed",
          "Step 9/10: Building",
          "Installing jest@4.19.0",
          "Artifact uploaded: build.tar.gz (35MB)",
          "[11:38:45] WARN: Deprecated API usage",
          "  PASS: test_api_health (238ms)",
          "Compiling src/main.py...",
          "Cache hit for key-2919",
          "Artifact uploaded: build.tar.gz (47MB)",
          "Compiling src/index.js...",
          "  PASS: test_cache_hit (70ms)",
          "\u2713 lint completed",
          "Compiling src/utils.go...",
          "Artifact uploaded: build.tar.gz (15MB)",
          "\u26a0 DEPRECATION: Feature will be removed in v2.0",
          "Step 9/10: Building",
          "Installing lodash@4.19.0",
          "[11:38:45] ERROR: Connection failed",
          "  PASS: test_auth_login (178ms)",
          "  PASS: test_cache_hit (194ms)",
          "Installing jest@5.15.0",
          "Cache hit for key-2680",
          "\u2713 build completed",
          "\u26a0 DEPRECATION: Feature will be removed in v2.0",
          "  PASS: test_cache_hit (474ms)",
          "[11:38:45] INFO: Processing request",
          "  PASS: test_cache_hit (274ms)",
          "[11:38:45] WARN: Deprecated API usage",
          "Artifact uploaded: build.tar.gz (8MB)",
          "Cache hit for key-5229",
          "\u2713 lint completed",
          "Step 6/10: Building",
          "  PASS: test_api_health (109ms)",
          "Compiling src/main.py...",
          "=== Step run_tests completed ==="
        ]
      },
      {
        "name": "build_artifact",
        "status": "success",
        "started_at": "2025-11-25T11:39:54.347783",
        "finished_at": "2025-11-25T11:40:13.912217",
        "log_lines": [
          "=== Step: build_artifact ===",
          "Cache hit for key-2863",
          "Cache hit for key-3130",
          "Step 8/10: Building",
          "Step 3/10: Building",
          "Compiling src/app.ts...",
          "Cache hit for key-7664",
          "[11:38:45] INFO: Processing request",
          "Compiling src/utils.go...",
          "Step 5/10: Building",
          "[11:38:45] INFO: Processing request",
          "Cache hit for key-8079",
          "Artifact uploaded: build.tar.gz (7MB)",
          "\u2713 test completed",
          "  PASS: test_db_connect (334ms)",
          "Step 2/10: Building",
          "[11:38:45] ERROR: Connection failed",
          "Artifact uploaded: build.tar.gz (26MB)",
          "Compiling src/service.java...",
          "Installing express@1.2.0",
          "Compiling src/app.ts...",
          "Step 8/10: Building",
          "WARNING: lodash has known vulnerabilities",
          "WARNING: webpack has known vulnerabilities",
          "Compiling src/handler.rs...",
          "Compiling src/utils.go...",
          "Artifact uploaded: build.tar.gz (14MB)",
          "Cache hit for key-1271",
          "[11:38:45] INFO: Processing request",
          "\u2713 build completed",
          "Installing jest@4.2.0",
          "[11:38:45] INFO: Processing request",
          "[11:38:45] INFO: Processing request",
          "Artifact uploaded: build.tar.gz (11MB)",
          "\u2713 build completed",
          "\u2713 lint completed",
          "Cache hit for key-4666",
          "Cache hit for key-1294",
          "Cache hit for key-4100",
          "Artifact uploaded: build.tar.gz (34MB)",
          "Artifact uploaded: build.tar.gz (30MB)",
          "  PASS: test_db_connect (448ms)",
          "Compiling src/service.java...",
          "[11:38:45] ERROR: Connection failed",
          "WARNING: prettier has known vulnerabilities",
          "Installing react@4.13.0",
          "Artifact uploaded: build.tar.gz (11MB)",
          "Artifact uploaded: build.tar.gz (11MB)",
          "Cache hit for key-2561",
          "  PASS: test_api_health (63ms)",
          "Artifact uploaded: build.tar.gz (15MB)",
          "Artifact uploaded: build.tar.gz (10MB)",
          "Installing lodash@1.11.0",
          "  PASS: test_db_connect (276ms)",
          "[11:38:45] INFO: Processing request",
          "WARNING: lodash has known vulnerabilities",
          "Step 10/10: Building",
          "Compiling src/service.java...",
          "Artifact uploaded: build.tar.gz (37MB)",
          "Compiling src/main.py...",
          "Installing prettier@1.8.0",
          "Cache hit for key-3440",
          "  PASS: test_cache_hit (111ms)",
          "Installing webpack@1.17.0",
          "Compiling src/main.py...",
          "Artifact uploaded: build.tar.gz (48MB)",
          "Cache hit for key-4718",
          "=== Step build_artifact completed ==="
        ]
      },
      {
        "name": "deploy",
        "status": "success",
        "started_at": "2025-11-25T11:40:13.912217",
        "finished_at": "2025-11-25T11:40:23.694434",
        "log_lines": [
          "=== Step: deploy ===",
          "[11:38:45] INFO: Processing request",
          "Compiling src/index.js...",
          "FAILED: test_auth_login",
          "[11:38:45] INFO: Processing request",
          "\u2717 build failed with exit code 70",
          "Artifact uploaded: build.tar.gz (34MB)",
          "\u2713 test completed",
          "[11:38:45] INFO: Processing request",
          "Artifact uploaded: build.tar.gz (48MB)",
          "Installing react@5.11.0",
          "Step 10/10: Building",
          "Artifact uploaded: build.tar.gz (27MB)",
          "Step 3/10: Building",
          "\u2713 lint completed",
          "\u2713 lint completed",
          "Compiling src/index.js...",
          "Artifact uploaded: build.tar.gz (47MB)",
          "[11:38:45] INFO: Processing request",
          "[11:38:45] INFO: Processing request",
          "  PASS: test_api_health (187ms)",
          "WARNING: eslint has known vulnerabilities",
          "Installing prettier@5.5.0",
          "  PASS: test_cache_hit (211ms)",
          "Compiling src/index.js...",
          "Cache hit for key-8848",
          "  PASS: test_auth_login (214ms)",
          "[11:38:45] INFO: Processing request",
          "[11:38:45] INFO: Processing request",
          "Installing jest@2.1.0",
          "  PASS: test_cache_hit (164ms)",
          "Artifact uploaded: build.tar.gz (30MB)",
          "\u2717 build failed with exit code 124",
          "Cache hit for key-3253",
          "Compiling src/utils.go...",
          "\u2713 test completed",
          "Artifact uploaded: build.tar.gz (44MB)",
          "\u2713 build completed",
          "[11:38:45] WARN: Deprecated API usage",
          "  PASS: test_user_create (441ms)",
          "Cache hit for key-6411",
          "[11:38:45] INFO: Processing request",
          "\u26a0 DEPRECATION: Feature will be removed in v4.0",
          "Cache hit for key-7710",
          "Cache hit for key-4405",
          "Cache hit for key-7514",
          "[11:38:45] INFO: Processing request",
          "Cache hit for key-7606",
          "Step 9/10: Building",
          "  PASS: test_db_connect (293ms)",
          "Artifact uploaded: build.tar.gz (8MB)",
          "Step 9/10: Building",
          "WARNING: axios has known vulnerabilities",
          "Step 8/10: Building",
          "\u2713 lint completed",
          "[11:38:45] ERROR: Connection failed",
          "Installing express@4.16.0",
          "Compiling src/handler.rs...",
          "  PASS: test_user_create (492ms)",
          "Artifact uploaded: build.tar.gz (1MB)",
          "Installing axios@5.14.0",
          "[11:38:45] INFO: Processing request",
          "  PASS: test_auth_login (108ms)",
          "Compiling src/app.ts...",
          "[11:38:45] INFO: Processing request",
          "  PASS: test_user_create (472ms)",
          "[11:38:45] INFO: Processing request",
          "=== Step deploy completed ==="
        ]
      }
    ],
    "label": "normal"
  }
}