{
  "action": "completed",
  "workflow_run": {
    "id": 697,
    "name": "CI Pipeline",
    "head_branch": "feature/feat-415",
    "head_sha": "3cf20d42afd78832e7584ec15e30d608b251516a",
    "status": "completed",
    "conclusion": "success",
    "run_started_at": "2025-12-12T12:51:59.053763Z",
    "updated_at": "2025-12-12T12:56:59.856998Z"
  },
  "repository": {
    "full_name": "acme-corp/api-service",
    "name": "api-service"
  },
  "sender": {
    "login": "diana"
  },
  "_safeops_extended": {
    "raw_logs": "=== Step: lint ===\nLoading...\npip install: Successfully installed prettier-4.8\n[12:51:59] DEBUG: Connection pool: 16 active\npip: Collecting webpack\nTLS handshake completed\nRan 124 tests in 38s\nTest Suites: 35 passed, 40 total\nyarn add: Done in 10.54s\n[12:51:59] WARN: Deprecated API usage\nStep 17/23: Running migrations\nDone.\nGenerating source maps...\nWARNING: lodash has known vulnerabilities\nStep 16/23: Deploying\n\u2713 All checks passed\n[12:51:59] INFO: Connecting to database\nStep 5/21: Installing dependencies\nLoading...\n[12:51:59] DEBUG: Loading configuration\nProcessing...\nConnection established\n[12:51:59] DEBUG: Loading configuration\nCompiling components/service.java...\nBundling main.css\nDone.\n\u2713 validate completed\nSwitched to branch 'feature/task-838'\n[12:51:59] WARN: Deprecated API usage\nWARNING: eslint has known vulnerabilities\nUploading artifact 'coverage' (32 files)\nLoading...\nCache saved successfully\nGenerating source maps...\nFetching submodules...\nnpm notice: package.json updated\n\u26a0 DEPRECATION: Feature will be removed in v5.0\n[12:51:59] DEBUG: Query executed in 12ms\nNODE_ENV=development\nChecking out main branch\npip install: Successfully installed lodash-1.0\nFetching from https://amazonaws.com/package.json\n[12:51:59] DEBUG: Query executed in 72ms\n\u26a0 DEPRECATION: Feature will be removed in v4.0\n\u26a0 DEPRECATION: Feature will be removed in v3.0\n[12:51:59] DEBUG: Memory usage: 1285MB\nArtifact uploaded: dist.zip (25MB)\n\u2713 Task completed in 2142ms\n[12:51:59] INFO: Connecting to database\nStep 5/23: Linting\n  PASS: e2e/test_db_connect.spec.js\n  PASS: e2e/test_db_connect.spec.js\nPOST /api - 200 (281ms)\nReady.\npip install: Successfully installed axios-2.14\n\u26a0 DEPRECATION: Feature will be removed in v4.0\nPlatform: linux-x64\n[12:51:59] INFO: Processing request\nGenerating source maps...\nUsing Python 3.9\n\u26a0 DEPRECATION: Feature will be removed in v4.0\n[12:51:59] INFO: Connecting to database\nGenerating source maps...\nArtifact downloaded: 48MB\nSuccess!\nSuccess!\npip: Installing build dependencies...\nSnapshots: 33 passed, 11 total\nOK\nGenerating source maps...\nCompiling utils/main.py...\nArtifact downloaded: 45MB\n  PASS: test_db_connect (446ms)\nCreating production build...\n[12:51:59] INFO: Processing request\nTest Suites: 24 passed, 43 total\nTransforming 574 files...\nCache miss for key-4500\n[12:51:59] DEBUG: Loading configuration\nTest Suites: 46 passed, 29 total\nLoading...\n\u2717 build failed with exit code 127\nFetching from https://registry.npmjs.org/package.json\nWaiting...\nSnapshots: 28 passed, 14 total\nBuilding Docker image...\nPulling image: node:latest\nnpm install: added 44 packages\nnpm install: resolved 169 packages\nnpm notice: package.json updated\nConnection established\nCompiling src/index.js...\nLayer 1/12: COPY command\nnpm install: added 161 packages\nArtifact uploaded: build.tar.gz (23MB)\nFAILED: test_cache_hit\nWARNING: express has known vulnerabilities\nGET /api - 204 (59ms)\nUploading artifact 'build' (49 files)\nArtifact uploaded: build.tar.gz (12MB)\n\u2713 Step 'install' succeeded\n\u2713 Task completed in 2386ms\nAlready up to date.\nCache hit for key-7309\nTransforming 162 files...\nyarn add: Done in 23.71s\nVerifying...\nFinished.\nWARNING: react has known vulnerabilities\nnpm notice: created a lockfile\n  PASS: e2e/test_cache_hit.spec.js\n[12:51:59] DEBUG: Loading configuration\n  PASS: test_auth_login (368ms)\nReady.\n[12:51:59] INFO: Starting build process\npip: Collecting lodash\n[12:51:59] DEBUG: Initializing service\nCache hit for key-2388\n[12:51:59] INFO: Starting build process\nArtifact uploaded: build.tar.gz (48MB)\nCache invalidated: dependencies\nUsing Node.js 20.11.3\n\u26a0 DEPRECATION: Feature will be removed in v4.0\nWARNING: prettier has known vulnerabilities\nPushing to registry...\nFinished.\npip: Downloading jest-3.2.tar.gz\nPOST /api - 202 (25ms)\nCompiling components/service.java...\n[12:51:59] INFO: Request completed\nStep 9/15: Building\nCompleted.\n  PASS: test_db_connect (179ms)\n[12:51:59] INFO: Processing request\nSuccess!\n[12:51:59] INFO: Request completed\nArtifact uploaded: build.tar.gz (45MB)\nWARNING: axios has known vulnerabilities\nCreating production build...\nTime: 94.641s\nyarn add: Done in 24.13s\npip: Installing build dependencies...\nOK\nPulling image: node:latest\nCache hit for key-9444\nyarn add: Done in 28.42s\nCache restored successfully (245MB)\nStep 1/21: Linting\nStep 16/23: Linting\n[12:51:59] DEBUG: Loading configuration\nSuccess!\nGenerating source maps...\n\u2713 Task completed in 654ms\nPulling image: alpine:18\n[12:51:59] INFO: Processing request\nOptimizing 94 modules...\n\u26a0 DEPRECATION: Feature will be removed in v3.0\nCompiling components/index.js...\nCompiling components/index.js...\nnpm notice: created a lockfile\nTest Suites: 43 passed, 24 total\n\u26a0 DEPRECATION: Feature will be removed in v3.0\nChecking out master branch\nDone.\nWARNING: express has known vulnerabilities\n\u2713 lint completed\nyarn add: Done in 14.60s\nFetching from https://pypi.org/package.json\nOptimizing 13 modules...\n[12:51:59] INFO: Connecting to database\nnpm install: added 122 packages\nPOST /upload - 201 (343ms)\npip: Collecting jest\nnpm install: resolved 892 packages\n\u26a0 DEPRECATION: Feature will be removed in v4.0\nCache saved successfully\nTransforming 657 files...\nArtifact uploaded: dist.zip (37MB)\nWaiting...\n[12:51:59] DEBUG: Query executed in 89ms\nMinifying app.js\n[12:51:59] INFO: Starting build process\nCreating production build...\nCompleted.\nUsing Python 3.10\nCompleted.\nStep 16/22: Linting\nFAILED: test_cache_hit\nCompiling components/handler.rs...\nCompleted.\nLoading...\nWARNING: jest has known vulnerabilities\nLayer 2/9: COPY command\n\u2713 validate completed\n\u26a0 DEPRECATION: Feature will be removed in v2.0\nCache saved successfully\nCompiling utils/utils.go...\nLayer 8/11: ENV command\nUsing Node.js 18.4.5\nnpm notice: created a lockfile\n\u2713 All checks passed\nTests: 469 passed, 57 total\nMinifying vendor.js\nBuilding Docker image...\nArtifact uploaded: build.tar.gz (12MB)\n[12:51:59] INFO: Connecting to database\n=== Step lint completed ===\n=== Step: integration_tests ===\nTLS handshake completed\nCompiling lib/utils.go...\nException: RuntimeError\nCompiling src/service.java...\n[12:51:59] DEBUG: Initializing service\nCompiling lib/utils.go...\nTests: 356 passed, 241 total\nCompleted.\nCache restored successfully (400MB)\nStep 1/23: Installing dependencies\nGenerating source maps...\nArtifact downloaded: 2MB\nStep 7/23: Deploying\nWaiting...\nCompiling utils/service.java...\n[12:51:59] INFO: Starting build process\n\u2713 All checks passed\n\u2713 Step 'install' succeeded\nReady.\nCache restored successfully (103MB)\nDone.\n\u26a0 DEPRECATION: Feature will be removed in v5.0\nLayer 5/8: ENV command\nCompiling lib/service.java...\nInstalling webpack@4.11.2\nCache invalidated: build\n  PASS: unit/test_auth_login.spec.js\nTransforming 374 files...\n[12:51:59] DEBUG: Query executed in 14ms\nCompiling lib/main.py...\nnpm install: resolved 1327 packages\nFetching submodules...\nDone.\n\u2713 Step 'install' succeeded\nArtifact downloaded: 6MB\n[12:51:59] INFO: Cache refreshed\n[12:51:59] ERROR: Connection failed\nyarn add: Done in 15.49s\nInstalling webpack@3.12.1\nException: TypeError\nCache saved successfully\nInstalling prettier@2.19.2\nNODE_ENV=test\nRan 92 tests in 43s\nInstalling eslint@2.15.4\nStep 4/24: Testing\nFinished.\n\u2713 Step 'setup' succeeded\nStep 4/15: Deploying\nUploading artifact 'build' (13 files)\nStep 18/21: Testing\npip: Installing build dependencies...\n[12:51:59] INFO: Starting build process\nWaiting...\nLoading...\nCompiling src/utils.go...\nFinished.\nUsing Python 3.11\n[12:51:59] INFO: Processing request\nImage pulled successfully\nStep 10/24: Testing\n[12:51:59] DEBUG: Initializing service\nTLS handshake completed\n\u26a0 DEPRECATION: Feature will be removed in v4.0\nTime: 6.896s\nProcessing...\nnpm install: added 62 packages\nArtifact uploaded: dist.zip (3MB)\nyarn add: Done in 1.39s\nCompleted.\nCompiling lib/handler.rs...\nUsing Node.js 17.19.5\nArtifact uploaded: build.tar.gz (19MB)\nTime: 119.766s\nBundling runtime.js\nConnection established\nOK\n  PASS: test_db_connect (406ms)\nStep 9/16: Running migrations\nUsing Node.js 14.17.8\nFinished.\nUsing Python 3.10\nyarn add: Done in 14.12s\nCache invalidated: build\nLayer 8/12: COPY command\nCache miss for key-4595\nyarn add: Done in 5.36s\n\u26a0 DEPRECATION: Feature will be removed in v2.0\n[12:51:59] DEBUG: Query executed in 20ms\n\u2713 All checks passed\npip: Downloading react-2.16.tar.gz\nCache saved successfully\n[12:51:59] ERROR: Connection failed\nWARNING: react has known vulnerabilities\n[12:51:59] INFO: Cache refreshed\n\u2713 Step 'setup' succeeded\nCache restored successfully (156MB)\nDone.\nInstalling express@3.0.5\nMinifying vendor.js\nUsing Python 3.10\nCache hit for key-3622\nNODE_ENV=development\nMinifying main.js\nTLS handshake completed\npip: Installing build dependencies...\nAlready up to date.\nCache miss for key-9269\nFinished.\nSnapshots: 39 passed, 7 total\nPushing to registry...\nLayer 7/14: ENV command\n[12:51:59] DEBUG: Connection pool: 16 active\nCreating production build...\nWaiting...\nFetching from https://googleapis.com/package.json\nTests: 121 passed, 411 total\nArtifact uploaded: dist.zip (31MB)\nTests: 478 passed, 350 total\nProcessing...\nSuccess!\nAlready up to date.\n[12:51:59] DEBUG: Connection pool: 14 active\nConnection established\nImage pulled successfully\nOptimizing 65 modules...\nPulling image: node:18\npip: Collecting react\nOK\nArtifact uploaded: build.tar.gz (20MB)\nCoverage: 100% statements, 92% branches\npip: Collecting jest\nWaiting...\n  PASS: integration/test_user_create.spec.js\nWaiting...\nDone.\nOptimizing 56 modules...\nGenerating source maps...\nUsing Python 3.9\nStep 12/24: Installing dependencies\nNODE_ENV=production\nArtifact uploaded: dist.zip (69MB)\n[12:51:59] WARN: Deprecated API usage\nCompiling components/main.py...\nLayer 2/10: ENV command\n[12:51:59] DEBUG: Query executed in 41ms\nyarn add: Done in 9.55s\nCache saved successfully\nCache hit for key-8008\nWaiting...\nCompiling components/main.py...\npip: Downloading react-2.14.tar.gz\nFinished.\npip: Downloading webpack-5.6.tar.gz\nStep 19/17: Building\nArtifact uploaded: build.tar.gz (1MB)\nWARNING: express has known vulnerabilities\npip: Collecting express\nUsing Python 3.12\nStep 17/19: Linting\n\u26a0 DEPRECATION: Feature will be removed in v3.0\nCache hit for key-6826\nUsing Node.js 16.16.8\nFetching from https://gcr.io/package.json\nTest Suites: 22 passed, 32 total\n[12:51:59] INFO: Request completed\nCompleted.\nUsing Node.js 14.1.0\n\u26a0 DEPRECATION: Feature will be removed in v4.0\nDone.\n\u2717 build failed with exit code 119\n[12:51:59] INFO: Starting build process\nWARNING: react has known vulnerabilities\nWaiting...\nAlready up to date.\nGenerating source maps...\nUsing Python 3.10\nDone.\nFetching from https://registry.npmjs.org/package.json\nTests: 253 passed, 466 total\nPOST /api - 202 (67ms)\nStep 19/22: Deploying\n[12:51:59] DEBUG: Loading configuration\nArtifact downloaded: 34MB\nDone.\nConnection established\n[12:51:59] DEBUG: Loading configuration\nImage pulled successfully\nHEAD is now at f3ebfaa\nReady.\npip: Downloading jest-2.13.tar.gz\nSwitched to branch 'feature/task-525'\nPlatform: darwin-arm64\nVerifying...\n[12:51:59] WARN: Deprecated API usage\nPulling image: python:18\n\u2713 Task completed in 2278ms\nStep 4/19: Deploying\nProcessing...\n\u26a0 DEPRECATION: Feature will be removed in v4.0\nPOST /upload - 200 (139ms)\nOptimizing 12 modules...\npip: Collecting axios\nUsing Python 3.10\nStep 19/22: Installing dependencies\n=== Step integration_tests completed ===\n=== Step: setup_environment ===\nWARNING: react has known vulnerabilities\nAlready up to date.\n[12:51:59] INFO: Connecting to database\nFetching submodules...\n\u2713 build completed\nWARNING: express has known vulnerabilities\nnpm notice: created a lockfile\nPlatform: darwin-arm64\nTime: 48.778s\nStep 15/21: Testing\nTLS handshake completed\nWARNING: webpack has known vulnerabilities\npip install: Successfully installed webpack-5.4\nCompiling utils/main.py...\n\u2713 Step 'build' succeeded\nCompiling lib/service.java...\nStep 13/19: Deploying\nCoverage: 94% statements, 77% branches\nPlatform: linux-x64\nPulling image: python:18\nArtifact uploaded: dist.zip (96MB)\nArtifact uploaded: build.tar.gz (11MB)\nSwitched to branch 'feature/task-604'\nReady.\nStep 11/22: Deploying\nUploading artifact 'dist' (2 files)\nImage pulled successfully\n[12:51:59] DEBUG: Query executed in 7ms\nImage pulled successfully\nnpm notice: created a lockfile\nTest Suites: 27 passed, 6 total\n\u26a0 DEPRECATION: Feature will be removed in v3.0\nWARNING: react has known vulnerabilities\n  PASS: test_user_create (329ms)\n[12:51:59] DEBUG: Query executed in 100ms\n\u26a0 DEPRECATION: Feature will be removed in v5.0\npip: Installing build dependencies...\nPushing to registry...\nPOST /data - 202 (199ms)\nCoverage: 71% statements, 64% branches\nPushing to registry...\nStep 14/16: Running migrations\nPOST /api - 201 (209ms)\nLoading...\nCompleted.\n[12:51:59] INFO: Connecting to database\nGET /status - 200 (50ms)\nBundling runtime.css\nnpm install: resolved 637 packages\n[12:51:59] ERROR: Connection failed\nnpm install: added 169 packages\nHEAD is now at 3f1fd41\nInstalling jest@1.20.3\nCompiling utils/utils.go...\nFetching submodules...\nCache saved successfully\nFetching submodules...\n[12:51:59] INFO: Processing request\n\u2713 All checks passed\npip: Installing build dependencies...\n\u2713 Step 'install' succeeded\nStep 19/16: Installing dependencies\nStep 3/16: Testing\nWARNING: jest has known vulnerabilities\nCreating production build...\nnpm notice: created a lockfile\nTime: 30.854s\npip: Installing build dependencies...\nTests: 189 passed, 377 total\nCache restored successfully (454MB)\nStep 15/18: Linting\nFetching submodules...\nProcessing...\nStep 17/25: Testing\nStep 15/15: Deploying\npip: Collecting axios\nChecking out develop branch\n[12:51:59] DEBUG: Memory usage: 230MB\n  PASS: test_db_connect (309ms)\n[12:51:59] WARN: Deprecated API usage\nStep 6/21: Linting\nPlatform: linux-x64\nProcessing...\nSuccess!\nFetching from https://npmjs.org/package.json\nTLS handshake completed\nPushing to registry...\nyarn add: Done in 28.84s\nTransforming 830 files...\nUsing Node.js 16.1.10\nnpm notice: package.json updated\nTLS handshake completed\n  PASS: e2e/test_auth_login.spec.js\nnpm notice: created a lockfile\nGET /api - 201 (70ms)\nImage pulled successfully\nCompiling components/service.java...\n[12:51:59] INFO: Starting build process\nPulling image: python:18\nReady.\nPulling image: python:18\n[12:51:59] DEBUG: Initializing service\nCompiling lib/index.js...\nConnection established\nFetching submodules...\n[12:51:59] DEBUG: Initializing service\nBundling main.css\nAlready up to date.\npip install: Successfully installed express-4.16\nFAILED: test_user_create\nBuilding Docker image...\nArtifact uploaded: dist.zip (21MB)\npip install: Successfully installed eslint-5.10\nLoading...\nUsing Node.js 20.15.3\nCompleted.\nInstalling express@2.8.8\nyarn add: Done in 6.6s\nFetching from https://githubusercontent.com/package.json\nDone.\nnpm install: added 473 packages\nWARNING: jest has known vulnerabilities\n[12:51:59] INFO: Connecting to database\nCompleted.\nLoading...\n[12:51:59] DEBUG: Loading configuration\n\u26a0 DEPRECATION: Feature will be removed in v2.0\nCache restored successfully (488MB)\n\u26a0 DEPRECATION: Feature will be removed in v2.0\nTests: 417 passed, 357 total\nCompiling components/handler.rs...\nInstalling prettier@5.14.9\nPulling image: node:latest\nConnection established\nCompiling lib/utils.go...\nCoverage: 88% statements, 73% branches\npip install: Successfully installed lodash-2.8\n[12:51:59] WARN: Deprecated API usage\nCache saved successfully\nArtifact downloaded: 36MB\nProcessing...\n[12:51:59] ERROR: Connection failed\nStep 17/23: Running migrations\nChecking out master branch\nnpm install: added 165 packages\n[12:51:59] DEBUG: Initializing service\nUsing Python 3.11\nCompleted.\nAlready up to date.\nEnvironment: test\nProcessing...\nCache saved successfully\nCompiling src/service.java...\nCompiling lib/handler.rs...\nRan 93 tests in 58s\nTLS handshake completed\n[12:51:59] INFO: Cache refreshed\nInstalling lodash@5.1.4\n[12:51:59] WARN: Deprecated API usage\n[12:51:59] DEBUG: Query executed in 95ms\nyarn add: Done in 16.63s\nnpm notice: package.json updated\nInstalling webpack@3.11.7\nRan 69 tests in 38s\nStep 7/24: Running migrations\nWARNING: axios has known vulnerabilities\nPOST /upload - 202 (50ms)\nTransforming 477 files...\nPushing to registry...\npip: Installing build dependencies...\nLayer 8/13: RUN command\n[12:51:59] DEBUG: Connection pool: 17 active\nPulling image: node:18\nBundling vendor.js\nStep 10/20: Running migrations\nCompiling components/service.java...\nBuilding Docker image...\n\u2713 build completed\nGET /health - 204 (29ms)\nTime: 11.798s\nChecking out develop branch\nTest Suites: 12 passed, 31 total\n\u2713 All checks passed\n  PASS: test_cache_hit (206ms)\nStep 3/25: Testing\nSuccess!\nCache hit for key-4390\nInstalling jest@2.20.1\nyarn add: Done in 4.56s\n[12:51:59] DEBUG: Query executed in 56ms\nWARNING: axios has known vulnerabilities\n[12:51:59] INFO: Starting build process\nCoverage: 99% statements, 93% branches\nCreating production build...\nProcessing...\nInstalling webpack@1.2.5\n  PASS: integration/test_auth_login.spec.js\nConnection established\nMinifying main.js\n\u2713 Task completed in 508ms\nVerifying...\npip: Downloading axios-3.0.tar.gz\n[12:51:59] INFO: Request completed\n  PASS: test_auth_login (33ms)\n[12:51:59] DEBUG: Loading configuration\n=== Step setup_environment completed ===\n=== Step: deploy_production ===\nnpm notice: created a lockfile\nnpm install: resolved 412 packages\nStep 15/18: Running migrations\n\u26a0 DEPRECATION: Feature will be removed in v4.0\nPushing to registry...\nFinished.\nWARNING: express has known vulnerabilities\nWARNING: lodash has known vulnerabilities\n[12:51:59] INFO: Processing request\n[12:51:59] DEBUG: Initializing service\nTLS handshake completed\nStep 19/21: Building\nyarn add: Done in 21.16s\nTLS handshake completed\nnpm notice: created a lockfile\nGenerating source maps...\nFetching submodules...\nOptimizing 94 modules...\nStep 4/16: Running migrations\nFetching from https://pypi.org/package.json\nEnvironment: staging\nEnvironment: staging\nnpm install: added 203 packages\nyarn add: Done in 10.47s\n\u2713 All checks passed\n[12:51:59] DEBUG: Query executed in 26ms\nCompiling lib/handler.rs...\nCache restored successfully (62MB)\n  PASS: integration/test_auth_login.spec.js\nReady.\n[12:51:59] INFO: Cache refreshed\nUsing Node.js 19.18.8\nFetching from https://registry.npmjs.org/package.json\nStep 6/19: Deploying\nCoverage: 100% statements, 70% branches\nRan 88 tests in 2s\npip: Installing build dependencies...\nUploading artifact 'coverage' (30 files)\nStep 20/18: Testing\n  PASS: e2e/test_auth_login.spec.js\nnpm notice: created a lockfile\nProcessing...\nSwitched to branch 'hotfix/task-561'\n[12:51:59] INFO: Cache refreshed\n  PASS: test_user_create (142ms)\nnpm notice: created a lockfile\n[12:51:59] DEBUG: Query executed in 61ms\nUsing Python 3.11\npip: Collecting axios\nTime: 16.507s\nArtifact downloaded: 25MB\nTest Suites: 44 passed, 10 total\nnpm notice: created a lockfile\nInstalling prettier@2.3.6\n\u2713 Task completed in 2209ms\nStep 10/17: Testing\nPlatform: linux-x64\nFetching from https://amazonaws.com/package.json\nVerifying...\nDone.\npip: Collecting eslint\nProcessing...\nLoading...\n[12:51:59] WARN: Deprecated API usage\nSwitched to branch 'feature/task-590'\nFetching from https://githubusercontent.com/package.json\nUsing Python 3.9\nnpm install: added 176 packages\nTime: 99.808s\nUsing Python 3.9\nCreating production build...\nStep 5/24: Installing dependencies\nReady.\nnpm install: resolved 686 packages\nOptimizing 66 modules...\nTransforming 198 files...\nMinifying main.js\nnpm notice: package.json updated\nVerifying...\n[12:51:59] WARN: Deprecated API usage\nTransforming 318 files...\n[12:51:59] DEBUG: Initializing service\n\u2713 Task completed in 4491ms\nCache restored successfully (205MB)\nSuccess!\nTransforming 488 files...\n  PASS: integration/test_api_health.spec.js\n[12:51:59] INFO: Cache refreshed\nPushing to registry...\nRan 56 tests in 42s\nFetching submodules...\nStep 10/18: Running migrations\nSnapshots: 38 passed, 39 total\n[12:51:59] DEBUG: Initializing service\nConnection established\nTLS handshake completed\n\u2717 build failed with exit code 21\nFetching from https://pypi.org/package.json\nUsing Python 3.11\n[12:51:59] INFO: Processing request\nReady.\n[12:51:59] DEBUG: Loading configuration\nCompiling src/app.ts...\nStep 13/18: Installing dependencies\nStep 9/19: Installing dependencies\nWaiting...\nEnvironment: development\nImage pulled successfully\nnpm notice: package.json updated\n[12:51:59] INFO: Connecting to database\nOK\nCreating production build...\nException: TypeError\nUsing Node.js 18.10.8\npip: Collecting webpack\n[12:51:59] ERROR: Connection failed\nUsing Python 3.11\nProcessing...\nnpm install: resolved 1823 packages\n[12:51:59] INFO: Connecting to database\nTLS handshake completed\n\u26a0 DEPRECATION: Feature will be removed in v4.0\nSnapshots: 11 passed, 3 total\npip: Installing build dependencies...\nWARNING: axios has known vulnerabilities\nGET /api - 200 (64ms)\nGenerating source maps...\nRan 136 tests in 45s\nStep 16/16: Deploying\nnpm install: resolved 1391 packages\nCreating production build...\nProcessing...\nEnvironment: test\n\u2717 build failed with exit code 20\nUsing Python 3.9\n[12:51:59] INFO: Starting build process\nnpm install: added 290 packages\nyarn add: Done in 6.26s\npip: Installing build dependencies...\nNODE_ENV=production\npip: Downloading react-1.10.tar.gz\nNODE_ENV=production\nTests: 115 passed, 379 total\nnpm notice: package.json updated\nReady.\npip: Installing build dependencies...\nPOST /data - 200 (168ms)\nFinished.\n[12:51:59] WARN: Deprecated API usage\nnpm notice: package.json updated\nTransforming 292 files...\nHEAD is now at e9663de\nCreating production build...\nPulling image: node:latest\nStep 9/19: Running migrations\nArtifact downloaded: 21MB\nLayer 2/15: COPY command\nNODE_ENV=production\nFinished.\nHEAD is now at 02eff70\nFetching from https://googleapis.com/package.json\nHEAD is now at 1e0623e\nInstalling webpack@1.2.6\nCache invalidated: dependencies\npip: Downloading express-5.2.tar.gz\nFetching from https://gcr.io/package.json\n[12:51:59] DEBUG: Memory usage: 219MB\nBuilding Docker image...\npip: Collecting lodash\nArtifact downloaded: 47MB\nCache miss for key-6123\n[12:51:59] DEBUG: Loading configuration\nLayer 6/14: ENV command\n\u2713 All checks passed\n\u2713 Task completed in 4708ms\nCache saved successfully\nCompleted.\nSuccess!\nStep 10/22: Linting\n[12:51:59] INFO: Request completed\nVerifying...\n[12:51:59] INFO: Connecting to database\nNODE_ENV=development\n[12:51:59] INFO: Cache refreshed\n\u2717 build failed with exit code 80\n\u2713 Task completed in 1169ms\nUploading artifact 'dist' (9 files)\nNODE_ENV=development\nStep 20/23: Testing\nSnapshots: 23 passed, 40 total\npip: Downloading axios-1.7.tar.gz\npip: Installing build dependencies...\n[12:51:59] DEBUG: Memory usage: 1812MB\nFetching from https://docker.io/package.json\n\u2713 All checks passed\nConnection established\nCompiling lib/main.py...\nUsing Node.js 16.8.1\nPOST /api - 202 (133ms)\nStep 8/20: Deploying\nPlatform: linux-x64\nCache hit for key-5851\nCoverage: 90% statements, 81% branches\nRan 162 tests in 44s\nLayer 6/9: ENV command\n=== Step deploy_production completed ===\n=== Step: deploy_staging ===\nCompiling lib/index.js...\nTest Suites: 23 passed, 42 total\nOptimizing 50 modules...\nReady.\n\u26a0 DEPRECATION: Feature will be removed in v4.0\nAlready up to date.\nOptimizing 82 modules...\nTest Suites: 7 passed, 40 total\nException: ValueError\nAlready up to date.\nPulling image: python:latest\nCache saved successfully\nVerifying...\nHEAD is now at 5ff8056\npip install: Successfully installed lodash-4.6\nnpm notice: package.json updated\nNODE_ENV=test\npip: Downloading axios-5.11.tar.gz\nPlatform: darwin-arm64\nSwitched to branch 'hotfix/task-263'\nyarn add: Done in 13.33s\nOptimizing 87 modules...\nPOST /upload - 200 (220ms)\n\u2713 Task completed in 4121ms\nVerifying...\n\u26a0 DEPRECATION: Feature will be removed in v2.0\nStep 3/15: Running migrations\nOptimizing 57 modules...\n\u2717 build failed with exit code 36\nChecking out main branch\nOptimizing 53 modules...\nCoverage: 82% statements, 100% branches\n[12:51:59] DEBUG: Memory usage: 750MB\nFinished.\n  PASS: integration/test_user_create.spec.js\nLayer 7/15: RUN command\nCache miss for key-9698\nnpm install: resolved 1268 packages\n\u2713 deploy completed\nnpm notice: package.json updated\n\u2713 build completed\nFinished.\npip install: Successfully installed jest-4.2\nStep 8/19: Running migrations\nStep 9/23: Linting\nArtifact uploaded: dist.zip (17MB)\npip install: Successfully installed react-4.12\nBuilding Docker image...\nCache saved successfully\nPushing to registry...\nStep 1/22: Testing\nArtifact uploaded: build.tar.gz (9MB)\nWARNING: lodash has known vulnerabilities\nBundling styles.css\nGenerating source maps...\nTLS handshake completed\nAlready up to date.\nCoverage: 76% statements, 81% branches\nnpm install: resolved 1693 packages\nCompiling lib/main.py...\nPlatform: win32-x64\nEnvironment: staging\nArtifact uploaded: dist.zip (38MB)\n\u2713 build completed\n  PASS: test_auth_login (32ms)\nSuccess!\nInstalling react@5.10.1\n[12:51:59] DEBUG: Loading configuration\nReady.\nnpm notice: created a lockfile\nDone.\n\u2713 Task completed in 3938ms\nGET /api - 200 (34ms)\n\u26a0 DEPRECATION: Feature will be removed in v2.0\nyarn add: Done in 6.98s\nArtifact uploaded: dist.zip (80MB)\nNODE_ENV=test\nUsing Node.js 18.2.0\nUsing Python 3.12\nReady.\nFetching from https://amazonaws.com/package.json\nHEAD is now at 4351400\nCache restored successfully (430MB)\nProcessing...\nStep 16/24: Linting\n\u26a0 DEPRECATION: Feature will be removed in v3.0\nTime: 35.928s\nEnvironment: test\nPOST /api - 200 (368ms)\nCompiling utils/index.js...\nVerifying...\nLoading...\nSnapshots: 41 passed, 39 total\nSuccess!\n[12:51:59] WARN: Deprecated API usage\nCache hit for key-7883\n\u2713 package completed\n[12:51:59] WARN: Deprecated API usage\nReady.\nLoading...\nStep 13/23: Deploying\nPushing to registry...\nImage pulled successfully\nTLS handshake completed\npip: Collecting prettier\nCache invalidated: build\nTransforming 695 files...\nnpm notice: created a lockfile\n[12:51:59] INFO: Cache refreshed\nnpm install: resolved 1578 packages\nTime: 45.846s\nnpm notice: created a lockfile\nOK\n  PASS: test_cache_hit (124ms)\nNODE_ENV=production\n\u2713 Step 'test' succeeded\n[12:51:59] DEBUG: Query executed in 1ms\nAlready up to date.\nOptimizing 47 modules...\n\u2713 All checks passed\n\u2713 Task completed in 4450ms\nSwitched to branch 'feature/task-110'\n\u26a0 DEPRECATION: Feature will be removed in v4.0\nArtifact downloaded: 33MB\n[12:51:59] WARN: Deprecated API usage\nGenerating source maps...\nChecking out develop branch\npip install: Successfully installed eslint-3.7\nHEAD is now at 77d1115\nCache invalidated: build\nRan 192 tests in 9s\nFinished.\nUsing Node.js 17.16.6\nyarn add: Done in 16.51s\nCache hit for key-3180\n  PASS: test_cache_hit (222ms)\n[12:51:59] INFO: Connecting to database\nUploading artifact 'coverage' (12 files)\nStep 5/16: Deploying\n[12:51:59] DEBUG: Query executed in 61ms\nStep 1/18: Testing\nCache miss for key-5355\nCache invalidated: build\n\u26a0 DEPRECATION: Feature will be removed in v5.0\nChecking out master branch\nCompiling src/app.ts...\n[12:51:59] INFO: Starting build process\nImage pulled successfully\nCoverage: 80% statements, 74% branches\nWARNING: lodash has known vulnerabilities\n  PASS: test_db_connect (35ms)\nBuilding Docker image...\nFetching from https://pypi.org/package.json\nRan 117 tests in 25s\nCache restored successfully (76MB)\nWaiting...\nCache saved successfully\n[12:51:59] WARN: Deprecated API usage\nPlatform: linux-x64\n\u26a0 DEPRECATION: Feature will be removed in v2.0\nStep 14/18: Deploying\nOK\n\u2717 build failed with exit code 6\nPushing to registry...\nStep 10/18: Testing\nLoading...\nWARNING: jest has known vulnerabilities\nStep 18/15: Installing dependencies\nPlatform: win32-x64\nCreating production build...\n\u2717 build failed with exit code 68\n\u2713 Task completed in 374ms\n\u2713 All checks passed\nStep 5/15: Building\nCoverage: 96% statements, 77% branches\n[12:51:59] WARN: Deprecated API usage\nStep 18/25: Deploying\nSwitched to branch 'hotfix/task-761'\nLayer 2/13: COPY command\nnpm install: added 387 packages\n[12:51:59] DEBUG: Initializing service\n[12:51:59] WARN: Deprecated API usage\nTLS handshake completed\nWARNING: eslint has known vulnerabilities\nCache restored successfully (417MB)\n[12:51:59] WARN: Deprecated API usage\nGenerating source maps...\n[12:51:59] WARN: Deprecated API usage\nInstalling prettier@5.6.0\nHEAD is now at 54b0c7e\nnpm install: added 477 packages\n[12:51:59] ERROR: Connection failed\nConnection established\nCompiling lib/service.java...\nFetching submodules...\nnpm notice: created a lockfile\nCompleted.\nGET /api - 201 (88ms)\nCache hit for key-7934\nCompiling components/utils.go...\nCache restored successfully (168MB)\nCache hit for key-5198\nUploading artifact 'dist' (33 files)\nArtifact downloaded: 21MB\n[12:51:59] INFO: Connecting to database\n=== Step deploy_staging completed ===\n=== Step: unit_tests ===\nUploading artifact 'build' (34 files)\nPushing to registry...\nnpm install: resolved 1172 packages\nUsing Node.js 14.18.6\nNODE_ENV=test\nTest Suites: 37 passed, 41 total\n[12:51:59] INFO: Cache refreshed\nCompiling src/handler.rs...\nUploading artifact 'dist' (11 files)\nEnvironment: staging\nReady.\nCache saved successfully\nRan 62 tests in 53s\nnpm install: resolved 1441 packages\nSwitched to branch 'feature/task-301'\nMinifying vendor.js\nStep 7/18: Testing\nHEAD is now at 59a1004\nEnvironment: staging\nUploading artifact 'dist' (32 files)\nCompiling src/utils.go...\nReady.\nSuccess!\n[12:51:59] DEBUG: Initializing service\nCompiling utils/handler.rs...\n\u26a0 DEPRECATION: Feature will be removed in v4.0\nCache miss for key-8550\nVerifying...\nCompiling utils/utils.go...\nnpm notice: package.json updated\nWARNING: react has known vulnerabilities\n[12:51:59] INFO: Cache refreshed\nCreating production build...\nTLS handshake completed\nCompiling src/index.js...\nCompleted.\n[12:51:59] INFO: Starting build process\nInstalling axios@4.20.2\nyarn add: Done in 15.49s\n  PASS: e2e/test_user_create.spec.js\n\u2713 deploy completed\nUsing Node.js 20.15.10\nLayer 9/9: ENV command\nTime: 103.93s\nCache miss for key-3319\nPlatform: linux-x64\n[12:51:59] WARN: Deprecated API usage\nTests: 467 passed, 112 total\nStep 3/21: Installing dependencies\nCache miss for key-4763\nUsing Node.js 19.14.3\npip install: Successfully installed eslint-3.15\nUsing Python 3.9\nArtifact uploaded: dist.zip (79MB)\nTransforming 601 files...\nFAILED: test_user_create\nArtifact downloaded: 12MB\nTLS handshake completed\n[12:51:59] INFO: Cache refreshed\nNODE_ENV=development\nAlready up to date.\nCompleted.\nAlready up to date.\nVerifying...\n  PASS: unit/test_auth_login.spec.js\nStep 4/18: Installing dependencies\nBuilding Docker image...\nArtifact uploaded: build.tar.gz (4MB)\nMinifying app.js\nEnvironment: development\n[12:51:59] INFO: Cache refreshed\nTLS handshake completed\nBundling main.js\nFinished.\nConnection established\nArtifact uploaded: dist.zip (20MB)\n[12:51:59] INFO: Starting build process\nStep 9/20: Testing\nWaiting...\nFetching submodules...\nTest Suites: 43 passed, 46 total\nCache invalidated: node_modules\nStep 9/16: Running migrations\nUploading artifact 'dist' (15 files)\nTLS handshake completed\n[12:51:59] INFO: Connecting to database\nTLS handshake completed\nOK\n\u2713 Step 'build' succeeded\nnpm install: resolved 206 packages\n[12:51:59] DEBUG: Initializing service\n\u2713 Task completed in 2850ms\nEnvironment: development\nBuilding Docker image...\nStep 2/16: Linting\nCompiling src/index.js...\nPulling image: python:18\nFinished.\n[12:51:59] WARN: Deprecated API usage\npip install: Successfully installed lodash-5.5\n  PASS: test_auth_login (391ms)\nCreating production build...\nReady.\nnpm install: added 119 packages\nWARNING: lodash has known vulnerabilities\nnpm notice: package.json updated\nArtifact uploaded: dist.zip (41MB)\nVerifying...\n[12:51:59] INFO: Request completed\nCache restored successfully (92MB)\nMinifying vendor.js\n[12:51:59] DEBUG: Loading configuration\nReady.\n[12:51:59] DEBUG: Query executed in 8ms\nnpm notice: created a lockfile\n[12:51:59] INFO: Processing request\nTLS handshake completed\nCompleted.\nTransforming 107 files...\nProcessing...\nBuilding Docker image...\nTLS handshake completed\n\u2713 deploy completed\nProcessing...\nCompiling src/index.js...\nWARNING: react has known vulnerabilities\nRan 49 tests in 27s\nWARNING: lodash has known vulnerabilities\nSwitched to branch 'hotfix/task-486'\nFetching submodules...\n\u26a0 DEPRECATION: Feature will be removed in v2.0\nStep 16/20: Installing dependencies\n\u2713 All checks passed\n[12:51:59] INFO: Request completed\nConnection established\nnpm notice: package.json updated\nConnection established\nCache miss for key-2216\nSwitched to branch 'feature/task-512'\n[12:51:59] DEBUG: Initializing service\n\u2713 Task completed in 2937ms\nPulling image: python:18\npip: Collecting express\nPushing to registry...\nPlatform: win32-x64\nTLS handshake completed\n[12:51:59] DEBUG: Initializing service\nGenerating source maps...\n\u2713 lint completed\n[12:51:59] ERROR: Connection failed\nFAILED: test_db_connect\nOK\n  PASS: unit/test_db_connect.spec.js\nOK\nImage pulled successfully\npip: Downloading jest-4.5.tar.gz\n[12:51:59] DEBUG: Connection pool: 10 active\nFAILED: test_cache_hit\nConnection established\n[12:51:59] WARN: Deprecated API usage\nUsing Python 3.11\nFetching submodules...\nStep 9/17: Building\nCompiling utils/index.js...\n[12:51:59] INFO: Processing request\nPOST /api - 202 (191ms)\npip: Collecting prettier\n[12:51:59] DEBUG: Query executed in 10ms\nGenerating source maps...\nChecking out main branch\nnpm install: added 229 packages\nGenerating source maps...\nTransforming 180 files...\nException: ValueError\nMinifying app.js\n\u26a0 DEPRECATION: Feature will be removed in v4.0\nReady.\n\u26a0 DEPRECATION: Feature will be removed in v3.0\nHEAD is now at 5eedcd3\n[12:51:59] INFO: Cache refreshed\nFAILED: test_cache_hit\n\u2717 build failed with exit code 121\n[12:51:59] INFO: Processing request\nOK\nChecking out master branch\nRan 126 tests in 36s\n[12:51:59] DEBUG: Memory usage: 785MB\nInstalling axios@4.18.8\nCompiling lib/index.js...\n[12:51:59] WARN: Deprecated API usage\nnpm install: added 429 packages\nArtifact uploaded: build.tar.gz (11MB)\n[12:51:59] DEBUG: Memory usage: 898MB\nPulling image: node:18\nArtifact uploaded: build.tar.gz (37MB)\n[12:51:59] DEBUG: Memory usage: 834MB\npip install: Successfully installed express-1.13\nStep 3/23: Building\nLoading...\nConnection established\nSwitched to branch 'bugfix/task-662'\nFAILED: test_auth_login\nVerifying...\nVerifying...\nOK\n=== Step unit_tests completed ===\n=== Step: type_check ===\nStep 10/18: Building\n[12:51:59] INFO: Cache refreshed\nBundling vendor.css\nFAILED: test_user_create\nStep 5/19: Building\nStep 15/16: Testing\nnpm install: resolved 1411 packages\nCompiling lib/index.js...\nUsing Node.js 15.13.7\nnpm notice: created a lockfile\n[12:51:59] WARN: Deprecated API usage\nNODE_ENV=production\nEnvironment: development\nOK\npip: Collecting express\nImage pulled successfully\npip install: Successfully installed prettier-1.9\nCompleted.\nUsing Node.js 14.12.2\n  PASS: test_cache_hit (217ms)\nCache miss for key-3119\nAlready up to date.\nStep 2/21: Building\nArtifact downloaded: 45MB\nTLS handshake completed\nCompleted.\n\u2717 build failed with exit code 110\nFetching from https://github.com/package.json\nArtifact uploaded: build.tar.gz (47MB)\nRan 66 tests in 1s\nConnection established\nMinifying vendor.js\nAlready up to date.\nPushing to registry...\nnpm notice: created a lockfile\nLoading...\nNODE_ENV=production\nImage pulled successfully\n[12:51:59] DEBUG: Query executed in 51ms\nLoading...\n[12:51:59] INFO: Cache refreshed\n[12:51:59] DEBUG: Connection pool: 11 active\nUploading artifact 'dist' (48 files)\nCache miss for key-4165\nNODE_ENV=development\nStep 3/19: Building\nOptimizing 96 modules...\nSwitched to branch 'bugfix/task-710'\nTests: 457 passed, 237 total\nUploading artifact 'dist' (14 files)\nInstalling webpack@5.18.6\nOK\n\u2717 build failed with exit code 24\nLayer 1/13: ENV command\nnpm install: added 247 packages\nCompleted.\nCompiling src/handler.rs...\nPlatform: win32-x64\nSnapshots: 26 passed, 41 total\nLayer 5/10: RUN command\nEnvironment: staging\n\u26a0 DEPRECATION: Feature will be removed in v2.0\nUsing Python 3.10\nCache invalidated: dependencies\nChecking out develop branch\nVerifying...\n[12:51:59] WARN: Deprecated API usage\nStep 20/20: Building\nCompiling utils/index.js...\nCompiling lib/main.py...\nVerifying...\nStep 18/17: Running migrations\nSuccess!\nnpm notice: package.json updated\n\u2713 All checks passed\nUploading artifact 'build' (46 files)\nTest Suites: 42 passed, 38 total\npip: Installing build dependencies...\n[12:51:59] INFO: Cache refreshed\nStep 11/19: Installing dependencies\nTests: 369 passed, 328 total\nUploading artifact 'build' (13 files)\nInstalling lodash@4.15.2\nArtifact downloaded: 18MB\n  PASS: test_db_connect (358ms)\nUsing Python 3.9\nTest Suites: 22 passed, 8 total\nCreating production build...\nnpm notice: package.json updated\nVerifying...\npip: Collecting webpack\n[12:51:59] INFO: Cache refreshed\n[12:51:59] INFO: Starting build process\nArtifact uploaded: dist.zip (42MB)\nReady.\n\u26a0 DEPRECATION: Feature will be removed in v3.0\nGenerating source maps...\nCompleted.\nConnection established\nCompiling src/main.py...\n\u2713 package completed\nProcessing...\nArtifact uploaded: dist.zip (59MB)\nReady.\nNODE_ENV=development\n[12:51:59] DEBUG: Query executed in 69ms\n[12:51:59] DEBUG: Initializing service\nEnvironment: production\npip: Collecting axios\nStep 15/23: Deploying\npip: Installing build dependencies...\nnpm install: added 147 packages\nWARNING: axios has known vulnerabilities\n[12:51:59] DEBUG: Loading configuration\nSnapshots: 19 passed, 5 total\nCache restored successfully (149MB)\nnpm notice: package.json updated\n\u2713 Task completed in 2692ms\nConnection established\n[12:51:59] INFO: Processing request\n  PASS: test_auth_login (149ms)\nFinished.\nWARNING: prettier has known vulnerabilities\nWARNING: react has known vulnerabilities\n[12:51:59] INFO: Starting build process\nCache invalidated: dependencies\nTest Suites: 46 passed, 19 total\nCompleted.\npip: Downloading jest-5.2.tar.gz\nHEAD is now at 9d08bcd\nVerifying...\nReady.\n\u2713 All checks passed\nFetching from https://npmjs.org/package.json\nnpm install: resolved 1624 packages\n  PASS: e2e/test_user_create.spec.js\nCompiling lib/main.py...\nReady.\nCache saved successfully\n  PASS: e2e/test_api_health.spec.js\nTransforming 164 files...\nUploading artifact 'dist' (22 files)\nWaiting...\n[12:51:59] DEBUG: Initializing service\n\u2713 All checks passed\nMinifying vendor.js\nSnapshots: 0 passed, 8 total\nBuilding Docker image...\nCompiling lib/app.ts...\nStep 1/22: Deploying\nReady.\nException: RuntimeError\n[12:51:59] INFO: Connecting to database\nArtifact uploaded: build.tar.gz (48MB)\nSuccess!\nCache restored successfully (368MB)\nCoverage: 95% statements, 62% branches\nArtifact downloaded: 4MB\nTLS handshake completed\nTest Suites: 16 passed, 11 total\nImage pulled successfully\nPushing to registry...\nCache hit for key-5824\n[12:51:59] INFO: Connecting to database\nCompiling lib/index.js...\nyarn add: Done in 2.52s\nProcessing...\nLayer 7/13: COPY command\nnpm notice: created a lockfile\nPulling image: python:3.11\nStep 9/18: Installing dependencies\nImage pulled successfully\nCache invalidated: build\n[12:51:59] INFO: Starting build process\n[12:51:59] INFO: Request completed\nArtifact uploaded: dist.zip (99MB)\nSnapshots: 1 passed, 48 total\npip: Installing build dependencies...\n\u26a0 DEPRECATION: Feature will be removed in v5.0\nFetching submodules...\nCreating production build...\nTest Suites: 7 passed, 6 total\nStep 3/18: Installing dependencies\nWaiting...\n[12:51:59] WARN: Deprecated API usage\n\u2717 build failed with exit code 69\nReady.\nFetching from https://amazonaws.com/package.json\nPlatform: win32-x64\nHEAD is now at 9aa8483\nSnapshots: 19 passed, 50 total\nCoverage: 89% statements, 75% branches\nUploading artifact 'coverage' (50 files)\nOptimizing 24 modules...\nPlatform: darwin-arm64\nCompiling src/service.java...\nStep 16/21: Installing dependencies\nGET /api - 200 (65ms)\nCompiling src/app.ts...\nCache hit for key-9487\n  PASS: test_db_connect (32ms)\npip: Downloading express-4.10.tar.gz\n[12:51:59] INFO: Starting build process\nLoading...\nFetching submodules...\n=== Step type_check completed ===\n=== Step: e2e_tests ===\nArtifact uploaded: build.tar.gz (42MB)\nException: RuntimeError\n[12:51:59] INFO: Starting build process\nUsing Node.js 15.5.5\nCompiling src/handler.rs...\n\u26a0 DEPRECATION: Feature will be removed in v3.0\n[12:51:59] DEBUG: Connection pool: 15 active\nStep 7/21: Deploying\npip: Collecting react\n\u2713 Step 'build' succeeded\nRan 196 tests in 21s\nCompiling utils/main.py...\nLayer 3/14: RUN command\n[12:51:59] DEBUG: Memory usage: 1610MB\nOK\nGET /health - 204 (65ms)\nBuilding Docker image...\nProcessing...\npip: Installing build dependencies...\nException: TypeError\nProcessing...\nSuccess!\nStep 14/22: Testing\nTransforming 149 files...\nCache saved successfully\nnpm notice: created a lockfile\nImage pulled successfully\nSnapshots: 50 passed, 0 total\nStep 4/15: Running migrations\nTests: 170 passed, 255 total\nTransforming 159 files...\nCompiling src/handler.rs...\nBundling vendor.js\nCompleted.\nyarn add: Done in 14.10s\nAlready up to date.\nMinifying app.js\n[12:51:59] INFO: Starting build process\nTLS handshake completed\nConnection established\nConnection established\nVerifying...\nTests: 339 passed, 495 total\nyarn add: Done in 22.79s\nHEAD is now at 50845f0\nUsing Python 3.10\n  PASS: e2e/test_user_create.spec.js\nUsing Node.js 18.5.8\nRan 24 tests in 10s\nOK\nOK\nCache restored successfully (366MB)\nNODE_ENV=production\nNODE_ENV=test\nCache hit for key-7683\n[12:51:59] DEBUG: Memory usage: 479MB\n[12:51:59] DEBUG: Initializing service\n\u2713 All checks passed\nRan 147 tests in 8s\n\u26a0 DEPRECATION: Feature will be removed in v5.0\nStep 11/21: Installing dependencies\nSwitched to branch 'hotfix/task-696'\nStep 17/24: Running migrations\nFetching submodules...\nPulling image: alpine:latest\nnpm notice: created a lockfile\nArtifact downloaded: 13MB\nCompiling utils/index.js...\n[12:51:59] INFO: Processing request\n\u2713 Task completed in 4409ms\nWARNING: axios has known vulnerabilities\nWARNING: axios has known vulnerabilities\npip: Downloading jest-1.8.tar.gz\n\u2717 build failed with exit code 88\nSwitched to branch 'hotfix/task-755'\nyarn add: Done in 8.65s\nGET /health - 200 (84ms)\nCache invalidated: build\n\u26a0 DEPRECATION: Feature will be removed in v2.0\nSwitched to branch 'bugfix/task-933'\nnpm notice: package.json updated\nFinished.\nCache invalidated: node_modules\npip install: Successfully installed jest-1.2\nCompiling components/utils.go...\nWARNING: axios has known vulnerabilities\nCache miss for key-4980\nCache restored successfully (500MB)\nWARNING: eslint has known vulnerabilities\nChecking out main branch\n\u2713 build completed\nyarn add: Done in 25.72s\n[12:51:59] WARN: Deprecated API usage\nPushing to registry...\nInstalling prettier@2.18.2\nStep 9/21: Installing dependencies\nCache saved successfully\n[12:51:59] DEBUG: Connection pool: 3 active\nyarn add: Done in 2.3s\nVerifying...\npip: Downloading eslint-2.19.tar.gz\nBundling styles.js\nLayer 9/8: COPY command\n[12:51:59] DEBUG: Loading configuration\nFAILED: test_db_connect\nPulling image: alpine:3.11\nVerifying...\nCache invalidated: build\n\u2713 package completed\nFinished.\nCompiling components/app.ts...\nUsing Node.js 18.19.1\n[12:51:59] DEBUG: Connection pool: 9 active\nStep 7/18: Testing\nEnvironment: production\nCoverage: 87% statements, 92% branches\npip: Installing build dependencies...\nWARNING: webpack has known vulnerabilities\n\u26a0 DEPRECATION: Feature will be removed in v3.0\nWaiting...\nStep 1/24: Building\n[12:51:59] DEBUG: Loading configuration\nSwitched to branch 'feature/task-916'\nCompiling utils/app.ts...\n\u2713 Step 'install' succeeded\nPushing to registry...\n[12:51:59] ERROR: Connection failed\nFinished.\nPlatform: linux-x64\nFetching from https://registry.npmjs.org/package.json\nLayer 8/15: COPY command\nnpm notice: package.json updated\n  PASS: integration/test_api_health.spec.js\nCache invalidated: dependencies\nUploading artifact 'dist' (18 files)\n[12:51:59] DEBUG: Query executed in 7ms\nCache invalidated: build\npip: Downloading jest-5.18.tar.gz\nMinifying main.js\nTests: 113 passed, 96 total\n[12:51:59] WARN: Deprecated API usage\n\u2713 test completed\nTLS handshake completed\n[12:51:59] WARN: Deprecated API usage\n[12:51:59] DEBUG: Memory usage: 719MB\n  PASS: integration/test_cache_hit.spec.js\nBundling styles.css\n[12:51:59] INFO: Processing request\nGenerating source maps...\nStep 17/20: Testing\nPulling image: node:18\n[12:51:59] ERROR: Connection failed\nCompiling lib/service.java...\nPushing to registry...\npip install: Successfully installed axios-1.16\nWARNING: lodash has known vulnerabilities\nConnection established\nMinifying vendor.js\n\u2713 Task completed in 734ms\nArtifact uploaded: dist.zip (55MB)\n[12:51:59] INFO: Connecting to database\n[12:51:59] INFO: Connecting to database\nSnapshots: 48 passed, 50 total\nTLS handshake completed\nOK\n[12:51:59] INFO: Connecting to database\nTLS handshake completed\nCache restored successfully (398MB)\nPOST /data - 200 (317ms)\npip: Installing build dependencies...\nArtifact uploaded: build.tar.gz (38MB)\n[12:51:59] INFO: Connecting to database\nRan 29 tests in 50s\nArtifact uploaded: dist.zip (72MB)\nReady.\nStep 19/25: Linting\nReady.\nnpm install: resolved 1725 packages\nConnection established\nArtifact uploaded: build.tar.gz (48MB)\nPulling image: alpine:3.11\nException: ValueError\nCompiling components/utils.go...\nSuccess!\nWaiting...\nPulling image: python:3.11\nDone.\nConnection established\npip install: Successfully installed lodash-2.14\nTime: 56.125s\nCompiling lib/main.py...\nArtifact uploaded: dist.zip (44MB)\n[12:51:59] DEBUG: Connection pool: 14 active\nCache restored successfully (412MB)\nnpm install: resolved 624 packages\nWARNING: jest has known vulnerabilities\n[12:51:59] WARN: Deprecated API usage\nPOST /upload - 200 (236ms)\nFinished.\nnpm install: added 341 packages\nCache restored successfully (246MB)\nPushing to registry...\nArtifact uploaded: dist.zip (19MB)\nAlready up to date.\nWaiting...\n=== Step e2e_tests completed ===\n=== Step: checkout ===\n  PASS: test_db_connect (423ms)\nLoading...\nGenerating source maps...\n\u2713 Step 'install' succeeded\npip: Downloading lodash-4.9.tar.gz\nMinifying app.js\nOK\n\u2717 build failed with exit code 117\nUploading artifact 'coverage' (8 files)\nCache restored successfully (267MB)\nArtifact downloaded: 27MB\nTransforming 723 files...\nStep 7/21: Running migrations\nCache invalidated: dependencies\nWARNING: express has known vulnerabilities\nHEAD is now at 05b3b0c\n[12:51:59] INFO: Starting build process\nCoverage: 94% statements, 87% branches\nConnection established\nOptimizing 49 modules...\n[12:51:59] WARN: Deprecated API usage\n[12:51:59] WARN: Deprecated API usage\n[12:51:59] DEBUG: Connection pool: 8 active\nFAILED: test_auth_login\n[12:51:59] INFO: Request completed\nTransforming 699 files...\nTests: 354 passed, 491 total\n[12:51:59] DEBUG: Memory usage: 1790MB\nnpm notice: created a lockfile\n  PASS: test_cache_hit (59ms)\nImage pulled successfully\n[12:51:59] INFO: Connecting to database\nTLS handshake completed\n\u2713 Step 'test' succeeded\n[12:51:59] INFO: Processing request\n\u2713 Task completed in 3884ms\nSnapshots: 16 passed, 30 total\npip install: Successfully installed eslint-5.9\nStep 17/16: Building\nFetching submodules...\npip: Downloading jest-5.13.tar.gz\nNODE_ENV=test\nArtifact downloaded: 6MB\nUploading artifact 'dist' (32 files)\n  PASS: test_user_create (386ms)\nPulling image: alpine:latest\nBundling runtime.css\n\u2717 build failed with exit code 64\nPulling image: alpine:18\nTransforming 338 files...\nException: NullPointerException\nChecking out main branch\n  PASS: e2e/test_user_create.spec.js\n[12:51:59] INFO: Starting build process\nyarn add: Done in 2.54s\n[12:51:59] WARN: Deprecated API usage\nPOST /api - 202 (415ms)\nChecking out master branch\n[12:51:59] ERROR: Connection failed\n[12:51:59] DEBUG: Initializing service\nArtifact uploaded: dist.zip (16MB)\n[12:51:59] WARN: Deprecated API usage\n[12:51:59] INFO: Request completed\nVerifying...\nOK\n[12:51:59] INFO: Cache refreshed\nArtifact uploaded: build.tar.gz (22MB)\n\u2713 Task completed in 469ms\nStep 15/16: Installing dependencies\nStep 3/23: Building\nWARNING: webpack has known vulnerabilities\nGET /health - 204 (3ms)\n\u2713 Task completed in 2299ms\nInstalling webpack@1.16.1\n\u26a0 DEPRECATION: Feature will be removed in v3.0\nStep 2/24: Building\nUsing Python 3.9\nTest Suites: 9 passed, 27 total\n[12:51:59] DEBUG: Query executed in 99ms\n[12:51:59] DEBUG: Memory usage: 1882MB\nRan 28 tests in 47s\nWARNING: prettier has known vulnerabilities\nArtifact downloaded: 13MB\nCache invalidated: dependencies\nArtifact downloaded: 14MB\nPulling image: python:18\npip install: Successfully installed lodash-5.9\nnpm install: added 449 packages\nOptimizing 72 modules...\nSnapshots: 39 passed, 14 total\nPulling image: node:3.11\nNODE_ENV=development\nUsing Python 3.12\nCache restored successfully (460MB)\nDone.\nBuilding Docker image...\nStep 18/16: Testing\n[12:51:59] DEBUG: Connection pool: 3 active\n\u2713 All checks passed\nInstalling prettier@3.17.2\nUploading artifact 'coverage' (23 files)\n\u2713 validate completed\nNODE_ENV=production\nPushing to registry...\n\u26a0 DEPRECATION: Feature will be removed in v4.0\nTests: 187 passed, 402 total\nCreating production build...\n\u26a0 DEPRECATION: Feature will be removed in v2.0\nVerifying...\nBundling main.css\nnpm install: resolved 1564 packages\nPulling image: node:latest\n[12:51:59] INFO: Connecting to database\n[12:51:59] INFO: Connecting to database\nDone.\nSwitched to branch 'hotfix/task-216'\nNODE_ENV=production\nArtifact uploaded: dist.zip (100MB)\nGET /status - 204 (30ms)\npip: Installing build dependencies...\n[12:51:59] WARN: Deprecated API usage\nCompiling components/utils.go...\n  PASS: e2e/test_cache_hit.spec.js\nStep 14/20: Deploying\nStep 18/23: Running migrations\nTLS handshake completed\n[12:51:59] DEBUG: Initializing service\nWARNING: jest has known vulnerabilities\nUploading artifact 'coverage' (6 files)\nFetching from https://registry.npmjs.org/package.json\n\u2717 build failed with exit code 30\nCache saved successfully\nStep 8/20: Running migrations\nTests: 374 passed, 413 total\nCreating production build...\n\u26a0 DEPRECATION: Feature will be removed in v5.0\nRan 128 tests in 23s\nTransforming 951 files...\nUploading artifact 'coverage' (48 files)\nLayer 7/11: ENV command\nNODE_ENV=development\nDone.\nCache saved successfully\nInstalling axios@1.2.5\n[12:51:59] ERROR: Connection failed\n\u2713 All checks passed\nArtifact downloaded: 2MB\nPushing to registry...\nnpm install: added 406 packages\nStep 19/18: Testing\nPOST /upload - 200 (320ms)\nDone.\n\u26a0 DEPRECATION: Feature will be removed in v5.0\n\u26a0 DEPRECATION: Feature will be removed in v2.0\nAlready up to date.\nGET /api - 200 (48ms)\nHEAD is now at 964549e\n\u2713 All checks passed\n[12:51:59] DEBUG: Initializing service\nOptimizing 74 modules...\nTransforming 835 files...\nStep 20/16: Installing dependencies\nCompiling src/index.js...\n[12:51:59] INFO: Connecting to database\nCache hit for key-5186\nTransforming 752 files...\n\u2713 Step 'test' succeeded\nFetching from https://amazonaws.com/package.json\nImage pulled successfully\n[12:51:59] DEBUG: Query executed in 31ms\nTLS handshake completed\nHEAD is now at 0199019\n[12:51:59] WARN: Deprecated API usage\nCache miss for key-9886\nWARNING: jest has known vulnerabilities\nStep 13/21: Running migrations\nTest Suites: 38 passed, 16 total\n[12:51:59] DEBUG: Memory usage: 1439MB\nAlready up to date.\npip: Downloading prettier-1.20.tar.gz\nOptimizing 16 modules...\n[12:51:59] DEBUG: Connection pool: 1 active\nBundling main.css\nArtifact downloaded: 26MB\nReady.\nVerifying...\nnpm install: resolved 1768 packages\nPOST /api - 200 (167ms)\nStep 20/23: Deploying\nCompiling utils/service.java...\nCache miss for key-1313\nUsing Node.js 20.11.10\nUsing Python 3.10\nSuccess!\nyarn add: Done in 2.69s\nnpm install: resolved 1879 packages\n[12:51:59] INFO: Starting build process\nStep 1/16: Building\nCompiling lib/index.js...\nUploading artifact 'dist' (8 files)\n\u2713 All checks passed\n\u26a0 DEPRECATION: Feature will be removed in v3.0\nnpm notice: created a lockfile\n[12:51:59] INFO: Cache refreshed\n\u2713 deploy completed\n=== Step checkout completed ===\n=== Step: setup_node ===\nCompiling utils/service.java...\nCache saved successfully\npip: Downloading eslint-2.17.tar.gz\nHEAD is now at d7125a5\n[12:51:59] ERROR: Connection failed\n[12:51:59] INFO: Cache refreshed\nFinished.\nTest Suites: 29 passed, 29 total\nWaiting...\n[12:51:59] INFO: Request completed\nPulling image: alpine:latest\nGenerating source maps...\nnpm install: added 89 packages\nStep 9/25: Deploying\n\u2713 Task completed in 2620ms\nStep 7/18: Linting\nMinifying app.js\nUploading artifact 'dist' (4 files)\n[12:51:59] DEBUG: Memory usage: 486MB\nProcessing...\nCompiling components/service.java...\nFetching from https://githubusercontent.com/package.json\nStep 1/21: Installing dependencies\nStep 3/21: Deploying\nArtifact uploaded: build.tar.gz (5MB)\n[12:51:59] DEBUG: Loading configuration\nLayer 7/14: RUN command\nInstalling webpack@5.0.6\n[12:51:59] DEBUG: Connection pool: 13 active\nWARNING: express has known vulnerabilities\nEnvironment: production\nImage pulled successfully\n[12:51:59] WARN: Deprecated API usage\nStep 8/17: Installing dependencies\nLayer 10/11: COPY command\nFAILED: test_cache_hit\nStep 8/16: Running migrations\n[12:51:59] DEBUG: Loading configuration\n\u2713 Task completed in 4223ms\nTime: 55.401s\nFetching from https://pypi.org/package.json\nStep 1/18: Building\n[12:51:59] DEBUG: Query executed in 55ms\nLoading...\nCache saved successfully\nnpm notice: created a lockfile\n[12:51:59] INFO: Processing request\n\u2713 Task completed in 1629ms\nArtifact uploaded: build.tar.gz (35MB)\nArtifact uploaded: build.tar.gz (34MB)\nDone.\nPlatform: win32-x64\nStep 1/20: Deploying\n[12:51:59] DEBUG: Initializing service\n[12:51:59] DEBUG: Initializing service\n\u2713 deploy completed\n[12:51:59] INFO: Starting build process\nTransforming 565 files...\n[12:51:59] INFO: Processing request\n[12:51:59] INFO: Cache refreshed\nException: NullPointerException\nStep 4/19: Running migrations\nTransforming 417 files...\nCompiling utils/app.ts...\npip install: Successfully installed lodash-3.4\nnpm install: resolved 1415 packages\nSuccess!\npip: Downloading express-5.12.tar.gz\nAlready up to date.\nAlready up to date.\nImage pulled successfully\nGenerating source maps...\nCache restored successfully (168MB)\n[12:51:59] WARN: Deprecated API usage\n[12:51:59] DEBUG: Loading configuration\n\u2713 Task completed in 4530ms\n\u2717 build failed with exit code 28\nStep 18/18: Installing dependencies\nLoading...\npip: Installing build dependencies...\nEnvironment: production\nTime: 49.379s\nyarn add: Done in 16.58s\nSwitched to branch 'feature/task-789'\nyarn add: Done in 3.31s\nPlatform: linux-x64\nChecking out develop branch\nCache miss for key-1945\nCompiling utils/main.py...\nChecking out master branch\nStep 6/23: Testing\n[12:51:59] INFO: Cache refreshed\nyarn add: Done in 22.99s\nArtifact uploaded: dist.zip (62MB)\nCoverage: 75% statements, 65% branches\nFAILED: test_auth_login\nFAILED: test_auth_login\nSuccess!\npip: Downloading express-2.14.tar.gz\nStep 2/22: Building\nPulling image: python:3.11\n[12:51:59] WARN: Deprecated API usage\nArtifact uploaded: dist.zip (13MB)\nPushing to registry...\nCache saved successfully\nFetching from https://docker.io/package.json\npip: Installing build dependencies...\nProcessing...\nMinifying main.js\nNODE_ENV=production\nFetching submodules...\nException: RuntimeError\n[12:51:59] DEBUG: Query executed in 79ms\nCompiling components/handler.rs...\npip: Installing build dependencies...\nTLS handshake completed\nVerifying...\nCompiling components/service.java...\nUsing Python 3.12\nPushing to registry...\nGenerating source maps...\nCompiling utils/utils.go...\nChecking out develop branch\nCreating production build...\nHEAD is now at c96f965\nGET /status - 201 (7ms)\nCache miss for key-9052\nTransforming 263 files...\n\u2713 package completed\n[12:51:59] DEBUG: Loading configuration\nTests: 362 passed, 368 total\nEnvironment: staging\nTime: 24.210s\n[12:51:59] DEBUG: Loading configuration\nStep 7/17: Deploying\nnpm notice: package.json updated\n\u2713 Step 'test' succeeded\nnpm install: added 27 packages\nTest Suites: 40 passed, 18 total\nStep 4/25: Linting\nnpm install: added 169 packages\nTime: 114.203s\nInstalling prettier@1.6.2\nPulling image: alpine:3.11\nCompiling src/main.py...\nTime: 44.971s\nArtifact downloaded: 47MB\nProcessing...\n[12:51:59] INFO: Starting build process\nArtifact downloaded: 32MB\nConnection established\nEnvironment: test\n\u2713 Step 'setup' succeeded\nGET /status - 201 (41ms)\nCache saved successfully\nPushing to registry...\nStep 15/21: Testing\nnpm notice: created a lockfile\nStep 16/22: Installing dependencies\nnpm notice: package.json updated\n[12:51:59] WARN: Deprecated API usage\nCompiling components/utils.go...\n\u2713 All checks passed\nRan 67 tests in 7s\nGenerating source maps...\nConnection established\nCompiling lib/main.py...\n[12:51:59] DEBUG: Memory usage: 1270MB\npip: Downloading eslint-2.1.tar.gz\nCompiling utils/index.js...\nConnection established\n[12:51:59] DEBUG: Loading configuration\nCompiling utils/app.ts...\nGET /health - 201 (23ms)\nStep 4/21: Running migrations\nSuccess!\nCreating production build...\nWARNING: axios has known vulnerabilities\nCompiling utils/handler.rs...\nCache invalidated: build\nTransforming 166 files...\n[12:51:59] INFO: Connecting to database\nnpm notice: created a lockfile\n\u2713 Task completed in 1640ms\nSwitched to branch 'bugfix/task-907'\nPulling image: python:latest\nPushing to registry...\nnpm notice: package.json updated\n\u26a0 DEPRECATION: Feature will be removed in v5.0\nPlatform: darwin-arm64\nCompiling components/utils.go...\nnpm notice: package.json updated\nHEAD is now at a3f0cb1\nTLS handshake completed\nStep 7/24: Installing dependencies\nAlready up to date.\nyarn add: Done in 18.27s\nStep 4/15: Installing dependencies\nArtifact uploaded: dist.zip (67MB)\nReady.\nUploading artifact 'coverage' (17 files)\nWARNING: react has known vulnerabilities\nHEAD is now at 8540edd\nPulling image: node:latest\nMinifying app.js\n=== Step setup_node completed ===",
    "steps": [
      {
        "name": "lint",
        "status": "success",
        "started_at": "2025-12-12T12:51:59.053763",
        "finished_at": "2025-12-12T12:52:24.545563",
        "log_lines": [
          "=== Step: lint ===",
          "Loading...",
          "pip install: Successfully installed prettier-4.8",
          "[12:51:59] DEBUG: Connection pool: 16 active",
          "pip: Collecting webpack",
          "TLS handshake completed",
          "Ran 124 tests in 38s",
          "Test Suites: 35 passed, 40 total",
          "yarn add: Done in 10.54s",
          "[12:51:59] WARN: Deprecated API usage",
          "Step 17/23: Running migrations",
          "Done.",
          "Generating source maps...",
          "WARNING: lodash has known vulnerabilities",
          "Step 16/23: Deploying",
          "\u2713 All checks passed",
          "[12:51:59] INFO: Connecting to database",
          "Step 5/21: Installing dependencies",
          "Loading...",
          "[12:51:59] DEBUG: Loading configuration",
          "Processing...",
          "Connection established",
          "[12:51:59] DEBUG: Loading configuration",
          "Compiling components/service.java...",
          "Bundling main.css",
          "Done.",
          "\u2713 validate completed",
          "Switched to branch 'feature/task-838'",
          "[12:51:59] WARN: Deprecated API usage",
          "WARNING: eslint has known vulnerabilities",
          "Uploading artifact 'coverage' (32 files)",
          "Loading...",
          "Cache saved successfully",
          "Generating source maps...",
          "Fetching submodules...",
          "npm notice: package.json updated",
          "\u26a0 DEPRECATION: Feature will be removed in v5.0",
          "[12:51:59] DEBUG: Query executed in 12ms",
          "NODE_ENV=development",
          "Checking out main branch",
          "pip install: Successfully installed lodash-1.0",
          "Fetching from https://amazonaws.com/package.json",
          "[12:51:59] DEBUG: Query executed in 72ms",
          "\u26a0 DEPRECATION: Feature will be removed in v4.0",
          "\u26a0 DEPRECATION: Feature will be removed in v3.0",
          "[12:51:59] DEBUG: Memory usage: 1285MB",
          "Artifact uploaded: dist.zip (25MB)",
          "\u2713 Task completed in 2142ms",
          "[12:51:59] INFO: Connecting to database",
          "Step 5/23: Linting",
          "  PASS: e2e/test_db_connect.spec.js",
          "  PASS: e2e/test_db_connect.spec.js",
          "POST /api - 200 (281ms)",
          "Ready.",
          "pip install: Successfully installed axios-2.14",
          "\u26a0 DEPRECATION: Feature will be removed in v4.0",
          "Platform: linux-x64",
          "[12:51:59] INFO: Processing request",
          "Generating source maps...",
          "Using Python 3.9",
          "\u26a0 DEPRECATION: Feature will be removed in v4.0",
          "[12:51:59] INFO: Connecting to database",
          "Generating source maps...",
          "Artifact downloaded: 48MB",
          "Success!",
          "Success!",
          "pip: Installing build dependencies...",
          "Snapshots: 33 passed, 11 total",
          "OK",
          "Generating source maps...",
          "Compiling utils/main.py...",
          "Artifact downloaded: 45MB",
          "  PASS: test_db_connect (446ms)",
          "Creating production build...",
          "[12:51:59] INFO: Processing request",
          "Test Suites: 24 passed, 43 total",
          "Transforming 574 files...",
          "Cache miss for key-4500",
          "[12:51:59] DEBUG: Loading configuration",
          "Test Suites: 46 passed, 29 total",
          "Loading...",
          "\u2717 build failed with exit code 127",
          "Fetching from https://registry.npmjs.org/package.json",
          "Waiting...",
          "Snapshots: 28 passed, 14 total",
          "Building Docker image...",
          "Pulling image: node:latest",
          "npm install: added 44 packages",
          "npm install: resolved 169 packages",
          "npm notice: package.json updated",
          "Connection established",
          "Compiling src/index.js...",
          "Layer 1/12: COPY command",
          "npm install: added 161 packages",
          "Artifact uploaded: build.tar.gz (23MB)",
          "FAILED: test_cache_hit",
          "WARNING: express has known vulnerabilities",
          "GET /api - 204 (59ms)",
          "Uploading artifact 'build' (49 files)",
          "Artifact uploaded: build.tar.gz (12MB)",
          "\u2713 Step 'install' succeeded",
          "\u2713 Task completed in 2386ms",
          "Already up to date.",
          "Cache hit for key-7309",
          "Transforming 162 files...",
          "yarn add: Done in 23.71s",
          "Verifying...",
          "Finished.",
          "WARNING: react has known vulnerabilities",
          "npm notice: created a lockfile",
          "  PASS: e2e/test_cache_hit.spec.js",
          "[12:51:59] DEBUG: Loading configuration",
          "  PASS: test_auth_login (368ms)",
          "Ready.",
          "[12:51:59] INFO: Starting build process",
          "pip: Collecting lodash",
          "[12:51:59] DEBUG: Initializing service",
          "Cache hit for key-2388",
          "[12:51:59] INFO: Starting build process",
          "Artifact uploaded: build.tar.gz (48MB)",
          "Cache invalidated: dependencies",
          "Using Node.js 20.11.3",
          "\u26a0 DEPRECATION: Feature will be removed in v4.0",
          "WARNING: prettier has known vulnerabilities",
          "Pushing to registry...",
          "Finished.",
          "pip: Downloading jest-3.2.tar.gz",
          "POST /api - 202 (25ms)",
          "Compiling components/service.java...",
          "[12:51:59] INFO: Request completed",
          "Step 9/15: Building",
          "Completed.",
          "  PASS: test_db_connect (179ms)",
          "[12:51:59] INFO: Processing request",
          "Success!",
          "[12:51:59] INFO: Request completed",
          "Artifact uploaded: build.tar.gz (45MB)",
          "WARNING: axios has known vulnerabilities",
          "Creating production build...",
          "Time: 94.641s",
          "yarn add: Done in 24.13s",
          "pip: Installing build dependencies...",
          "OK",
          "Pulling image: node:latest",
          "Cache hit for key-9444",
          "yarn add: Done in 28.42s",
          "Cache restored successfully (245MB)",
          "Step 1/21: Linting",
          "Step 16/23: Linting",
          "[12:51:59] DEBUG: Loading configuration",
          "Success!",
          "Generating source maps...",
          "\u2713 Task completed in 654ms",
          "Pulling image: alpine:18",
          "[12:51:59] INFO: Processing request",
          "Optimizing 94 modules...",
          "\u26a0 DEPRECATION: Feature will be removed in v3.0",
          "Compiling components/index.js...",
          "Compiling components/index.js...",
          "npm notice: created a lockfile",
          "Test Suites: 43 passed, 24 total",
          "\u26a0 DEPRECATION: Feature will be removed in v3.0",
          "Checking out master branch",
          "Done.",
          "WARNING: express has known vulnerabilities",
          "\u2713 lint completed",
          "yarn add: Done in 14.60s",
          "Fetching from https://pypi.org/package.json",
          "Optimizing 13 modules...",
          "[12:51:59] INFO: Connecting to database",
          "npm install: added 122 packages",
          "POST /upload - 201 (343ms)",
          "pip: Collecting jest",
          "npm install: resolved 892 packages",
          "\u26a0 DEPRECATION: Feature will be removed in v4.0",
          "Cache saved successfully",
          "Transforming 657 files...",
          "Artifact uploaded: dist.zip (37MB)",
          "Waiting...",
          "[12:51:59] DEBUG: Query executed in 89ms",
          "Minifying app.js",
          "[12:51:59] INFO: Starting build process",
          "Creating production build...",
          "Completed.",
          "Using Python 3.10",
          "Completed.",
          "Step 16/22: Linting",
          "FAILED: test_cache_hit",
          "Compiling components/handler.rs...",
          "Completed.",
          "Loading...",
          "WARNING: jest has known vulnerabilities",
          "Layer 2/9: COPY command",
          "\u2713 validate completed",
          "\u26a0 DEPRECATION: Feature will be removed in v2.0",
          "Cache saved successfully",
          "Compiling utils/utils.go...",
          "Layer 8/11: ENV command",
          "Using Node.js 18.4.5",
          "npm notice: created a lockfile",
          "\u2713 All checks passed",
          "Tests: 469 passed, 57 total",
          "Minifying vendor.js",
          "Building Docker image...",
          "Artifact uploaded: build.tar.gz (12MB)",
          "[12:51:59] INFO: Connecting to database",
          "=== Step lint completed ==="
        ]
      },
      {
        "name": "integration_tests",
        "status": "success",
        "started_at": "2025-12-12T12:52:24.545563",
        "finished_at": "2025-12-12T12:53:15.529162",
        "log_lines": [
          "=== Step: integration_tests ===",
          "TLS handshake completed",
          "Compiling lib/utils.go...",
          "Exception: RuntimeError",
          "Compiling src/service.java...",
          "[12:51:59] DEBUG: Initializing service",
          "Compiling lib/utils.go...",
          "Tests: 356 passed, 241 total",
          "Completed.",
          "Cache restored successfully (400MB)",
          "Step 1/23: Installing dependencies",
          "Generating source maps...",
          "Artifact downloaded: 2MB",
          "Step 7/23: Deploying",
          "Waiting...",
          "Compiling utils/service.java...",
          "[12:51:59] INFO: Starting build process",
          "\u2713 All checks passed",
          "\u2713 Step 'install' succeeded",
          "Ready.",
          "Cache restored successfully (103MB)",
          "Done.",
          "\u26a0 DEPRECATION: Feature will be removed in v5.0",
          "Layer 5/8: ENV command",
          "Compiling lib/service.java...",
          "Installing webpack@4.11.2",
          "Cache invalidated: build",
          "  PASS: unit/test_auth_login.spec.js",
          "Transforming 374 files...",
          "[12:51:59] DEBUG: Query executed in 14ms",
          "Compiling lib/main.py...",
          "npm install: resolved 1327 packages",
          "Fetching submodules...",
          "Done.",
          "\u2713 Step 'install' succeeded",
          "Artifact downloaded: 6MB",
          "[12:51:59] INFO: Cache refreshed",
          "[12:51:59] ERROR: Connection failed",
          "yarn add: Done in 15.49s",
          "Installing webpack@3.12.1",
          "Exception: TypeError",
          "Cache saved successfully",
          "Installing prettier@2.19.2",
          "NODE_ENV=test",
          "Ran 92 tests in 43s",
          "Installing eslint@2.15.4",
          "Step 4/24: Testing",
          "Finished.",
          "\u2713 Step 'setup' succeeded",
          "Step 4/15: Deploying",
          "Uploading artifact 'build' (13 files)",
          "Step 18/21: Testing",
          "pip: Installing build dependencies...",
          "[12:51:59] INFO: Starting build process",
          "Waiting...",
          "Loading...",
          "Compiling src/utils.go...",
          "Finished.",
          "Using Python 3.11",
          "[12:51:59] INFO: Processing request",
          "Image pulled successfully",
          "Step 10/24: Testing",
          "[12:51:59] DEBUG: Initializing service",
          "TLS handshake completed",
          "\u26a0 DEPRECATION: Feature will be removed in v4.0",
          "Time: 6.896s",
          "Processing...",
          "npm install: added 62 packages",
          "Artifact uploaded: dist.zip (3MB)",
          "yarn add: Done in 1.39s",
          "Completed.",
          "Compiling lib/handler.rs...",
          "Using Node.js 17.19.5",
          "Artifact uploaded: build.tar.gz (19MB)",
          "Time: 119.766s",
          "Bundling runtime.js",
          "Connection established",
          "OK",
          "  PASS: test_db_connect (406ms)",
          "Step 9/16: Running migrations",
          "Using Node.js 14.17.8",
          "Finished.",
          "Using Python 3.10",
          "yarn add: Done in 14.12s",
          "Cache invalidated: build",
          "Layer 8/12: COPY command",
          "Cache miss for key-4595",
          "yarn add: Done in 5.36s",
          "\u26a0 DEPRECATION: Feature will be removed in v2.0",
          "[12:51:59] DEBUG: Query executed in 20ms",
          "\u2713 All checks passed",
          "pip: Downloading react-2.16.tar.gz",
          "Cache saved successfully",
          "[12:51:59] ERROR: Connection failed",
          "WARNING: react has known vulnerabilities",
          "[12:51:59] INFO: Cache refreshed",
          "\u2713 Step 'setup' succeeded",
          "Cache restored successfully (156MB)",
          "Done.",
          "Installing express@3.0.5",
          "Minifying vendor.js",
          "Using Python 3.10",
          "Cache hit for key-3622",
          "NODE_ENV=development",
          "Minifying main.js",
          "TLS handshake completed",
          "pip: Installing build dependencies...",
          "Already up to date.",
          "Cache miss for key-9269",
          "Finished.",
          "Snapshots: 39 passed, 7 total",
          "Pushing to registry...",
          "Layer 7/14: ENV command",
          "[12:51:59] DEBUG: Connection pool: 16 active",
          "Creating production build...",
          "Waiting...",
          "Fetching from https://googleapis.com/package.json",
          "Tests: 121 passed, 411 total",
          "Artifact uploaded: dist.zip (31MB)",
          "Tests: 478 passed, 350 total",
          "Processing...",
          "Success!",
          "Already up to date.",
          "[12:51:59] DEBUG: Connection pool: 14 active",
          "Connection established",
          "Image pulled successfully",
          "Optimizing 65 modules...",
          "Pulling image: node:18",
          "pip: Collecting react",
          "OK",
          "Artifact uploaded: build.tar.gz (20MB)",
          "Coverage: 100% statements, 92% branches",
          "pip: Collecting jest",
          "Waiting...",
          "  PASS: integration/test_user_create.spec.js",
          "Waiting...",
          "Done.",
          "Optimizing 56 modules...",
          "Generating source maps...",
          "Using Python 3.9",
          "Step 12/24: Installing dependencies",
          "NODE_ENV=production",
          "Artifact uploaded: dist.zip (69MB)",
          "[12:51:59] WARN: Deprecated API usage",
          "Compiling components/main.py...",
          "Layer 2/10: ENV command",
          "[12:51:59] DEBUG: Query executed in 41ms",
          "yarn add: Done in 9.55s",
          "Cache saved successfully",
          "Cache hit for key-8008",
          "Waiting...",
          "Compiling components/main.py...",
          "pip: Downloading react-2.14.tar.gz",
          "Finished.",
          "pip: Downloading webpack-5.6.tar.gz",
          "Step 19/17: Building",
          "Artifact uploaded: build.tar.gz (1MB)",
          "WARNING: express has known vulnerabilities",
          "pip: Collecting express",
          "Using Python 3.12",
          "Step 17/19: Linting",
          "\u26a0 DEPRECATION: Feature will be removed in v3.0",
          "Cache hit for key-6826",
          "Using Node.js 16.16.8",
          "Fetching from https://gcr.io/package.json",
          "Test Suites: 22 passed, 32 total",
          "[12:51:59] INFO: Request completed",
          "Completed.",
          "Using Node.js 14.1.0",
          "\u26a0 DEPRECATION: Feature will be removed in v4.0",
          "Done.",
          "\u2717 build failed with exit code 119",
          "[12:51:59] INFO: Starting build process",
          "WARNING: react has known vulnerabilities",
          "Waiting...",
          "Already up to date.",
          "Generating source maps...",
          "Using Python 3.10",
          "Done.",
          "Fetching from https://registry.npmjs.org/package.json",
          "Tests: 253 passed, 466 total",
          "POST /api - 202 (67ms)",
          "Step 19/22: Deploying",
          "[12:51:59] DEBUG: Loading configuration",
          "Artifact downloaded: 34MB",
          "Done.",
          "Connection established",
          "[12:51:59] DEBUG: Loading configuration",
          "Image pulled successfully",
          "HEAD is now at f3ebfaa",
          "Ready.",
          "pip: Downloading jest-2.13.tar.gz",
          "Switched to branch 'feature/task-525'",
          "Platform: darwin-arm64",
          "Verifying...",
          "[12:51:59] WARN: Deprecated API usage",
          "Pulling image: python:18",
          "\u2713 Task completed in 2278ms",
          "Step 4/19: Deploying",
          "Processing...",
          "\u26a0 DEPRECATION: Feature will be removed in v4.0",
          "POST /upload - 200 (139ms)",
          "Optimizing 12 modules...",
          "pip: Collecting axios",
          "Using Python 3.10",
          "Step 19/22: Installing dependencies",
          "=== Step integration_tests completed ==="
        ]
      },
      {
        "name": "setup_environment",
        "status": "success",
        "started_at": "2025-12-12T12:53:15.529162",
        "finished_at": "2025-12-12T12:53:41.020962",
        "log_lines": [
          "=== Step: setup_environment ===",
          "WARNING: react has known vulnerabilities",
          "Already up to date.",
          "[12:51:59] INFO: Connecting to database",
          "Fetching submodules...",
          "\u2713 build completed",
          "WARNING: express has known vulnerabilities",
          "npm notice: created a lockfile",
          "Platform: darwin-arm64",
          "Time: 48.778s",
          "Step 15/21: Testing",
          "TLS handshake completed",
          "WARNING: webpack has known vulnerabilities",
          "pip install: Successfully installed webpack-5.4",
          "Compiling utils/main.py...",
          "\u2713 Step 'build' succeeded",
          "Compiling lib/service.java...",
          "Step 13/19: Deploying",
          "Coverage: 94% statements, 77% branches",
          "Platform: linux-x64",
          "Pulling image: python:18",
          "Artifact uploaded: dist.zip (96MB)",
          "Artifact uploaded: build.tar.gz (11MB)",
          "Switched to branch 'feature/task-604'",
          "Ready.",
          "Step 11/22: Deploying",
          "Uploading artifact 'dist' (2 files)",
          "Image pulled successfully",
          "[12:51:59] DEBUG: Query executed in 7ms",
          "Image pulled successfully",
          "npm notice: created a lockfile",
          "Test Suites: 27 passed, 6 total",
          "\u26a0 DEPRECATION: Feature will be removed in v3.0",
          "WARNING: react has known vulnerabilities",
          "  PASS: test_user_create (329ms)",
          "[12:51:59] DEBUG: Query executed in 100ms",
          "\u26a0 DEPRECATION: Feature will be removed in v5.0",
          "pip: Installing build dependencies...",
          "Pushing to registry...",
          "POST /data - 202 (199ms)",
          "Coverage: 71% statements, 64% branches",
          "Pushing to registry...",
          "Step 14/16: Running migrations",
          "POST /api - 201 (209ms)",
          "Loading...",
          "Completed.",
          "[12:51:59] INFO: Connecting to database",
          "GET /status - 200 (50ms)",
          "Bundling runtime.css",
          "npm install: resolved 637 packages",
          "[12:51:59] ERROR: Connection failed",
          "npm install: added 169 packages",
          "HEAD is now at 3f1fd41",
          "Installing jest@1.20.3",
          "Compiling utils/utils.go...",
          "Fetching submodules...",
          "Cache saved successfully",
          "Fetching submodules...",
          "[12:51:59] INFO: Processing request",
          "\u2713 All checks passed",
          "pip: Installing build dependencies...",
          "\u2713 Step 'install' succeeded",
          "Step 19/16: Installing dependencies",
          "Step 3/16: Testing",
          "WARNING: jest has known vulnerabilities",
          "Creating production build...",
          "npm notice: created a lockfile",
          "Time: 30.854s",
          "pip: Installing build dependencies...",
          "Tests: 189 passed, 377 total",
          "Cache restored successfully (454MB)",
          "Step 15/18: Linting",
          "Fetching submodules...",
          "Processing...",
          "Step 17/25: Testing",
          "Step 15/15: Deploying",
          "pip: Collecting axios",
          "Checking out develop branch",
          "[12:51:59] DEBUG: Memory usage: 230MB",
          "  PASS: test_db_connect (309ms)",
          "[12:51:59] WARN: Deprecated API usage",
          "Step 6/21: Linting",
          "Platform: linux-x64",
          "Processing...",
          "Success!",
          "Fetching from https://npmjs.org/package.json",
          "TLS handshake completed",
          "Pushing to registry...",
          "yarn add: Done in 28.84s",
          "Transforming 830 files...",
          "Using Node.js 16.1.10",
          "npm notice: package.json updated",
          "TLS handshake completed",
          "  PASS: e2e/test_auth_login.spec.js",
          "npm notice: created a lockfile",
          "GET /api - 201 (70ms)",
          "Image pulled successfully",
          "Compiling components/service.java...",
          "[12:51:59] INFO: Starting build process",
          "Pulling image: python:18",
          "Ready.",
          "Pulling image: python:18",
          "[12:51:59] DEBUG: Initializing service",
          "Compiling lib/index.js...",
          "Connection established",
          "Fetching submodules...",
          "[12:51:59] DEBUG: Initializing service",
          "Bundling main.css",
          "Already up to date.",
          "pip install: Successfully installed express-4.16",
          "FAILED: test_user_create",
          "Building Docker image...",
          "Artifact uploaded: dist.zip (21MB)",
          "pip install: Successfully installed eslint-5.10",
          "Loading...",
          "Using Node.js 20.15.3",
          "Completed.",
          "Installing express@2.8.8",
          "yarn add: Done in 6.6s",
          "Fetching from https://githubusercontent.com/package.json",
          "Done.",
          "npm install: added 473 packages",
          "WARNING: jest has known vulnerabilities",
          "[12:51:59] INFO: Connecting to database",
          "Completed.",
          "Loading...",
          "[12:51:59] DEBUG: Loading configuration",
          "\u26a0 DEPRECATION: Feature will be removed in v2.0",
          "Cache restored successfully (488MB)",
          "\u26a0 DEPRECATION: Feature will be removed in v2.0",
          "Tests: 417 passed, 357 total",
          "Compiling components/handler.rs...",
          "Installing prettier@5.14.9",
          "Pulling image: node:latest",
          "Connection established",
          "Compiling lib/utils.go...",
          "Coverage: 88% statements, 73% branches",
          "pip install: Successfully installed lodash-2.8",
          "[12:51:59] WARN: Deprecated API usage",
          "Cache saved successfully",
          "Artifact downloaded: 36MB",
          "Processing...",
          "[12:51:59] ERROR: Connection failed",
          "Step 17/23: Running migrations",
          "Checking out master branch",
          "npm install: added 165 packages",
          "[12:51:59] DEBUG: Initializing service",
          "Using Python 3.11",
          "Completed.",
          "Already up to date.",
          "Environment: test",
          "Processing...",
          "Cache saved successfully",
          "Compiling src/service.java...",
          "Compiling lib/handler.rs...",
          "Ran 93 tests in 58s",
          "TLS handshake completed",
          "[12:51:59] INFO: Cache refreshed",
          "Installing lodash@5.1.4",
          "[12:51:59] WARN: Deprecated API usage",
          "[12:51:59] DEBUG: Query executed in 95ms",
          "yarn add: Done in 16.63s",
          "npm notice: package.json updated",
          "Installing webpack@3.11.7",
          "Ran 69 tests in 38s",
          "Step 7/24: Running migrations",
          "WARNING: axios has known vulnerabilities",
          "POST /upload - 202 (50ms)",
          "Transforming 477 files...",
          "Pushing to registry...",
          "pip: Installing build dependencies...",
          "Layer 8/13: RUN command",
          "[12:51:59] DEBUG: Connection pool: 17 active",
          "Pulling image: node:18",
          "Bundling vendor.js",
          "Step 10/20: Running migrations",
          "Compiling components/service.java...",
          "Building Docker image...",
          "\u2713 build completed",
          "GET /health - 204 (29ms)",
          "Time: 11.798s",
          "Checking out develop branch",
          "Test Suites: 12 passed, 31 total",
          "\u2713 All checks passed",
          "  PASS: test_cache_hit (206ms)",
          "Step 3/25: Testing",
          "Success!",
          "Cache hit for key-4390",
          "Installing jest@2.20.1",
          "yarn add: Done in 4.56s",
          "[12:51:59] DEBUG: Query executed in 56ms",
          "WARNING: axios has known vulnerabilities",
          "[12:51:59] INFO: Starting build process",
          "Coverage: 99% statements, 93% branches",
          "Creating production build...",
          "Processing...",
          "Installing webpack@1.2.5",
          "  PASS: integration/test_auth_login.spec.js",
          "Connection established",
          "Minifying main.js",
          "\u2713 Task completed in 508ms",
          "Verifying...",
          "pip: Downloading axios-3.0.tar.gz",
          "[12:51:59] INFO: Request completed",
          "  PASS: test_auth_login (33ms)",
          "[12:51:59] DEBUG: Loading configuration",
          "=== Step setup_environment completed ==="
        ]
      },
      {
        "name": "deploy_production",
        "status": "success",
        "started_at": "2025-12-12T12:53:41.020962",
        "finished_at": "2025-12-12T12:53:51.217682",
        "log_lines": [
          "=== Step: deploy_production ===",
          "npm notice: created a lockfile",
          "npm install: resolved 412 packages",
          "Step 15/18: Running migrations",
          "\u26a0 DEPRECATION: Feature will be removed in v4.0",
          "Pushing to registry...",
          "Finished.",
          "WARNING: express has known vulnerabilities",
          "WARNING: lodash has known vulnerabilities",
          "[12:51:59] INFO: Processing request",
          "[12:51:59] DEBUG: Initializing service",
          "TLS handshake completed",
          "Step 19/21: Building",
          "yarn add: Done in 21.16s",
          "TLS handshake completed",
          "npm notice: created a lockfile",
          "Generating source maps...",
          "Fetching submodules...",
          "Optimizing 94 modules...",
          "Step 4/16: Running migrations",
          "Fetching from https://pypi.org/package.json",
          "Environment: staging",
          "Environment: staging",
          "npm install: added 203 packages",
          "yarn add: Done in 10.47s",
          "\u2713 All checks passed",
          "[12:51:59] DEBUG: Query executed in 26ms",
          "Compiling lib/handler.rs...",
          "Cache restored successfully (62MB)",
          "  PASS: integration/test_auth_login.spec.js",
          "Ready.",
          "[12:51:59] INFO: Cache refreshed",
          "Using Node.js 19.18.8",
          "Fetching from https://registry.npmjs.org/package.json",
          "Step 6/19: Deploying",
          "Coverage: 100% statements, 70% branches",
          "Ran 88 tests in 2s",
          "pip: Installing build dependencies...",
          "Uploading artifact 'coverage' (30 files)",
          "Step 20/18: Testing",
          "  PASS: e2e/test_auth_login.spec.js",
          "npm notice: created a lockfile",
          "Processing...",
          "Switched to branch 'hotfix/task-561'",
          "[12:51:59] INFO: Cache refreshed",
          "  PASS: test_user_create (142ms)",
          "npm notice: created a lockfile",
          "[12:51:59] DEBUG: Query executed in 61ms",
          "Using Python 3.11",
          "pip: Collecting axios",
          "Time: 16.507s",
          "Artifact downloaded: 25MB",
          "Test Suites: 44 passed, 10 total",
          "npm notice: created a lockfile",
          "Installing prettier@2.3.6",
          "\u2713 Task completed in 2209ms",
          "Step 10/17: Testing",
          "Platform: linux-x64",
          "Fetching from https://amazonaws.com/package.json",
          "Verifying...",
          "Done.",
          "pip: Collecting eslint",
          "Processing...",
          "Loading...",
          "[12:51:59] WARN: Deprecated API usage",
          "Switched to branch 'feature/task-590'",
          "Fetching from https://githubusercontent.com/package.json",
          "Using Python 3.9",
          "npm install: added 176 packages",
          "Time: 99.808s",
          "Using Python 3.9",
          "Creating production build...",
          "Step 5/24: Installing dependencies",
          "Ready.",
          "npm install: resolved 686 packages",
          "Optimizing 66 modules...",
          "Transforming 198 files...",
          "Minifying main.js",
          "npm notice: package.json updated",
          "Verifying...",
          "[12:51:59] WARN: Deprecated API usage",
          "Transforming 318 files...",
          "[12:51:59] DEBUG: Initializing service",
          "\u2713 Task completed in 4491ms",
          "Cache restored successfully (205MB)",
          "Success!",
          "Transforming 488 files...",
          "  PASS: integration/test_api_health.spec.js",
          "[12:51:59] INFO: Cache refreshed",
          "Pushing to registry...",
          "Ran 56 tests in 42s",
          "Fetching submodules...",
          "Step 10/18: Running migrations",
          "Snapshots: 38 passed, 39 total",
          "[12:51:59] DEBUG: Initializing service",
          "Connection established",
          "TLS handshake completed",
          "\u2717 build failed with exit code 21",
          "Fetching from https://pypi.org/package.json",
          "Using Python 3.11",
          "[12:51:59] INFO: Processing request",
          "Ready.",
          "[12:51:59] DEBUG: Loading configuration",
          "Compiling src/app.ts...",
          "Step 13/18: Installing dependencies",
          "Step 9/19: Installing dependencies",
          "Waiting...",
          "Environment: development",
          "Image pulled successfully",
          "npm notice: package.json updated",
          "[12:51:59] INFO: Connecting to database",
          "OK",
          "Creating production build...",
          "Exception: TypeError",
          "Using Node.js 18.10.8",
          "pip: Collecting webpack",
          "[12:51:59] ERROR: Connection failed",
          "Using Python 3.11",
          "Processing...",
          "npm install: resolved 1823 packages",
          "[12:51:59] INFO: Connecting to database",
          "TLS handshake completed",
          "\u26a0 DEPRECATION: Feature will be removed in v4.0",
          "Snapshots: 11 passed, 3 total",
          "pip: Installing build dependencies...",
          "WARNING: axios has known vulnerabilities",
          "GET /api - 200 (64ms)",
          "Generating source maps...",
          "Ran 136 tests in 45s",
          "Step 16/16: Deploying",
          "npm install: resolved 1391 packages",
          "Creating production build...",
          "Processing...",
          "Environment: test",
          "\u2717 build failed with exit code 20",
          "Using Python 3.9",
          "[12:51:59] INFO: Starting build process",
          "npm install: added 290 packages",
          "yarn add: Done in 6.26s",
          "pip: Installing build dependencies...",
          "NODE_ENV=production",
          "pip: Downloading react-1.10.tar.gz",
          "NODE_ENV=production",
          "Tests: 115 passed, 379 total",
          "npm notice: package.json updated",
          "Ready.",
          "pip: Installing build dependencies...",
          "POST /data - 200 (168ms)",
          "Finished.",
          "[12:51:59] WARN: Deprecated API usage",
          "npm notice: package.json updated",
          "Transforming 292 files...",
          "HEAD is now at e9663de",
          "Creating production build...",
          "Pulling image: node:latest",
          "Step 9/19: Running migrations",
          "Artifact downloaded: 21MB",
          "Layer 2/15: COPY command",
          "NODE_ENV=production",
          "Finished.",
          "HEAD is now at 02eff70",
          "Fetching from https://googleapis.com/package.json",
          "HEAD is now at 1e0623e",
          "Installing webpack@1.2.6",
          "Cache invalidated: dependencies",
          "pip: Downloading express-5.2.tar.gz",
          "Fetching from https://gcr.io/package.json",
          "[12:51:59] DEBUG: Memory usage: 219MB",
          "Building Docker image...",
          "pip: Collecting lodash",
          "Artifact downloaded: 47MB",
          "Cache miss for key-6123",
          "[12:51:59] DEBUG: Loading configuration",
          "Layer 6/14: ENV command",
          "\u2713 All checks passed",
          "\u2713 Task completed in 4708ms",
          "Cache saved successfully",
          "Completed.",
          "Success!",
          "Step 10/22: Linting",
          "[12:51:59] INFO: Request completed",
          "Verifying...",
          "[12:51:59] INFO: Connecting to database",
          "NODE_ENV=development",
          "[12:51:59] INFO: Cache refreshed",
          "\u2717 build failed with exit code 80",
          "\u2713 Task completed in 1169ms",
          "Uploading artifact 'dist' (9 files)",
          "NODE_ENV=development",
          "Step 20/23: Testing",
          "Snapshots: 23 passed, 40 total",
          "pip: Downloading axios-1.7.tar.gz",
          "pip: Installing build dependencies...",
          "[12:51:59] DEBUG: Memory usage: 1812MB",
          "Fetching from https://docker.io/package.json",
          "\u2713 All checks passed",
          "Connection established",
          "Compiling lib/main.py...",
          "Using Node.js 16.8.1",
          "POST /api - 202 (133ms)",
          "Step 8/20: Deploying",
          "Platform: linux-x64",
          "Cache hit for key-5851",
          "Coverage: 90% statements, 81% branches",
          "Ran 162 tests in 44s",
          "Layer 6/9: ENV command",
          "=== Step deploy_production completed ==="
        ]
      },
      {
        "name": "deploy_staging",
        "status": "success",
        "started_at": "2025-12-12T12:53:51.217682",
        "finished_at": "2025-12-12T12:54:16.709482",
        "log_lines": [
          "=== Step: deploy_staging ===",
          "Compiling lib/index.js...",
          "Test Suites: 23 passed, 42 total",
          "Optimizing 50 modules...",
          "Ready.",
          "\u26a0 DEPRECATION: Feature will be removed in v4.0",
          "Already up to date.",
          "Optimizing 82 modules...",
          "Test Suites: 7 passed, 40 total",
          "Exception: ValueError",
          "Already up to date.",
          "Pulling image: python:latest",
          "Cache saved successfully",
          "Verifying...",
          "HEAD is now at 5ff8056",
          "pip install: Successfully installed lodash-4.6",
          "npm notice: package.json updated",
          "NODE_ENV=test",
          "pip: Downloading axios-5.11.tar.gz",
          "Platform: darwin-arm64",
          "Switched to branch 'hotfix/task-263'",
          "yarn add: Done in 13.33s",
          "Optimizing 87 modules...",
          "POST /upload - 200 (220ms)",
          "\u2713 Task completed in 4121ms",
          "Verifying...",
          "\u26a0 DEPRECATION: Feature will be removed in v2.0",
          "Step 3/15: Running migrations",
          "Optimizing 57 modules...",
          "\u2717 build failed with exit code 36",
          "Checking out main branch",
          "Optimizing 53 modules...",
          "Coverage: 82% statements, 100% branches",
          "[12:51:59] DEBUG: Memory usage: 750MB",
          "Finished.",
          "  PASS: integration/test_user_create.spec.js",
          "Layer 7/15: RUN command",
          "Cache miss for key-9698",
          "npm install: resolved 1268 packages",
          "\u2713 deploy completed",
          "npm notice: package.json updated",
          "\u2713 build completed",
          "Finished.",
          "pip install: Successfully installed jest-4.2",
          "Step 8/19: Running migrations",
          "Step 9/23: Linting",
          "Artifact uploaded: dist.zip (17MB)",
          "pip install: Successfully installed react-4.12",
          "Building Docker image...",
          "Cache saved successfully",
          "Pushing to registry...",
          "Step 1/22: Testing",
          "Artifact uploaded: build.tar.gz (9MB)",
          "WARNING: lodash has known vulnerabilities",
          "Bundling styles.css",
          "Generating source maps...",
          "TLS handshake completed",
          "Already up to date.",
          "Coverage: 76% statements, 81% branches",
          "npm install: resolved 1693 packages",
          "Compiling lib/main.py...",
          "Platform: win32-x64",
          "Environment: staging",
          "Artifact uploaded: dist.zip (38MB)",
          "\u2713 build completed",
          "  PASS: test_auth_login (32ms)",
          "Success!",
          "Installing react@5.10.1",
          "[12:51:59] DEBUG: Loading configuration",
          "Ready.",
          "npm notice: created a lockfile",
          "Done.",
          "\u2713 Task completed in 3938ms",
          "GET /api - 200 (34ms)",
          "\u26a0 DEPRECATION: Feature will be removed in v2.0",
          "yarn add: Done in 6.98s",
          "Artifact uploaded: dist.zip (80MB)",
          "NODE_ENV=test",
          "Using Node.js 18.2.0",
          "Using Python 3.12",
          "Ready.",
          "Fetching from https://amazonaws.com/package.json",
          "HEAD is now at 4351400",
          "Cache restored successfully (430MB)",
          "Processing...",
          "Step 16/24: Linting",
          "\u26a0 DEPRECATION: Feature will be removed in v3.0",
          "Time: 35.928s",
          "Environment: test",
          "POST /api - 200 (368ms)",
          "Compiling utils/index.js...",
          "Verifying...",
          "Loading...",
          "Snapshots: 41 passed, 39 total",
          "Success!",
          "[12:51:59] WARN: Deprecated API usage",
          "Cache hit for key-7883",
          "\u2713 package completed",
          "[12:51:59] WARN: Deprecated API usage",
          "Ready.",
          "Loading...",
          "Step 13/23: Deploying",
          "Pushing to registry...",
          "Image pulled successfully",
          "TLS handshake completed",
          "pip: Collecting prettier",
          "Cache invalidated: build",
          "Transforming 695 files...",
          "npm notice: created a lockfile",
          "[12:51:59] INFO: Cache refreshed",
          "npm install: resolved 1578 packages",
          "Time: 45.846s",
          "npm notice: created a lockfile",
          "OK",
          "  PASS: test_cache_hit (124ms)",
          "NODE_ENV=production",
          "\u2713 Step 'test' succeeded",
          "[12:51:59] DEBUG: Query executed in 1ms",
          "Already up to date.",
          "Optimizing 47 modules...",
          "\u2713 All checks passed",
          "\u2713 Task completed in 4450ms",
          "Switched to branch 'feature/task-110'",
          "\u26a0 DEPRECATION: Feature will be removed in v4.0",
          "Artifact downloaded: 33MB",
          "[12:51:59] WARN: Deprecated API usage",
          "Generating source maps...",
          "Checking out develop branch",
          "pip install: Successfully installed eslint-3.7",
          "HEAD is now at 77d1115",
          "Cache invalidated: build",
          "Ran 192 tests in 9s",
          "Finished.",
          "Using Node.js 17.16.6",
          "yarn add: Done in 16.51s",
          "Cache hit for key-3180",
          "  PASS: test_cache_hit (222ms)",
          "[12:51:59] INFO: Connecting to database",
          "Uploading artifact 'coverage' (12 files)",
          "Step 5/16: Deploying",
          "[12:51:59] DEBUG: Query executed in 61ms",
          "Step 1/18: Testing",
          "Cache miss for key-5355",
          "Cache invalidated: build",
          "\u26a0 DEPRECATION: Feature will be removed in v5.0",
          "Checking out master branch",
          "Compiling src/app.ts...",
          "[12:51:59] INFO: Starting build process",
          "Image pulled successfully",
          "Coverage: 80% statements, 74% branches",
          "WARNING: lodash has known vulnerabilities",
          "  PASS: test_db_connect (35ms)",
          "Building Docker image...",
          "Fetching from https://pypi.org/package.json",
          "Ran 117 tests in 25s",
          "Cache restored successfully (76MB)",
          "Waiting...",
          "Cache saved successfully",
          "[12:51:59] WARN: Deprecated API usage",
          "Platform: linux-x64",
          "\u26a0 DEPRECATION: Feature will be removed in v2.0",
          "Step 14/18: Deploying",
          "OK",
          "\u2717 build failed with exit code 6",
          "Pushing to registry...",
          "Step 10/18: Testing",
          "Loading...",
          "WARNING: jest has known vulnerabilities",
          "Step 18/15: Installing dependencies",
          "Platform: win32-x64",
          "Creating production build...",
          "\u2717 build failed with exit code 68",
          "\u2713 Task completed in 374ms",
          "\u2713 All checks passed",
          "Step 5/15: Building",
          "Coverage: 96% statements, 77% branches",
          "[12:51:59] WARN: Deprecated API usage",
          "Step 18/25: Deploying",
          "Switched to branch 'hotfix/task-761'",
          "Layer 2/13: COPY command",
          "npm install: added 387 packages",
          "[12:51:59] DEBUG: Initializing service",
          "[12:51:59] WARN: Deprecated API usage",
          "TLS handshake completed",
          "WARNING: eslint has known vulnerabilities",
          "Cache restored successfully (417MB)",
          "[12:51:59] WARN: Deprecated API usage",
          "Generating source maps...",
          "[12:51:59] WARN: Deprecated API usage",
          "Installing prettier@5.6.0",
          "HEAD is now at 54b0c7e",
          "npm install: added 477 packages",
          "[12:51:59] ERROR: Connection failed",
          "Connection established",
          "Compiling lib/service.java...",
          "Fetching submodules...",
          "npm notice: created a lockfile",
          "Completed.",
          "GET /api - 201 (88ms)",
          "Cache hit for key-7934",
          "Compiling components/utils.go...",
          "Cache restored successfully (168MB)",
          "Cache hit for key-5198",
          "Uploading artifact 'dist' (33 files)",
          "Artifact downloaded: 21MB",
          "[12:51:59] INFO: Connecting to database",
          "=== Step deploy_staging completed ==="
        ]
      },
      {
        "name": "unit_tests",
        "status": "success",
        "started_at": "2025-12-12T12:54:16.709482",
        "finished_at": "2025-12-12T12:55:33.184881",
        "log_lines": [
          "=== Step: unit_tests ===",
          "Uploading artifact 'build' (34 files)",
          "Pushing to registry...",
          "npm install: resolved 1172 packages",
          "Using Node.js 14.18.6",
          "NODE_ENV=test",
          "Test Suites: 37 passed, 41 total",
          "[12:51:59] INFO: Cache refreshed",
          "Compiling src/handler.rs...",
          "Uploading artifact 'dist' (11 files)",
          "Environment: staging",
          "Ready.",
          "Cache saved successfully",
          "Ran 62 tests in 53s",
          "npm install: resolved 1441 packages",
          "Switched to branch 'feature/task-301'",
          "Minifying vendor.js",
          "Step 7/18: Testing",
          "HEAD is now at 59a1004",
          "Environment: staging",
          "Uploading artifact 'dist' (32 files)",
          "Compiling src/utils.go...",
          "Ready.",
          "Success!",
          "[12:51:59] DEBUG: Initializing service",
          "Compiling utils/handler.rs...",
          "\u26a0 DEPRECATION: Feature will be removed in v4.0",
          "Cache miss for key-8550",
          "Verifying...",
          "Compiling utils/utils.go...",
          "npm notice: package.json updated",
          "WARNING: react has known vulnerabilities",
          "[12:51:59] INFO: Cache refreshed",
          "Creating production build...",
          "TLS handshake completed",
          "Compiling src/index.js...",
          "Completed.",
          "[12:51:59] INFO: Starting build process",
          "Installing axios@4.20.2",
          "yarn add: Done in 15.49s",
          "  PASS: e2e/test_user_create.spec.js",
          "\u2713 deploy completed",
          "Using Node.js 20.15.10",
          "Layer 9/9: ENV command",
          "Time: 103.93s",
          "Cache miss for key-3319",
          "Platform: linux-x64",
          "[12:51:59] WARN: Deprecated API usage",
          "Tests: 467 passed, 112 total",
          "Step 3/21: Installing dependencies",
          "Cache miss for key-4763",
          "Using Node.js 19.14.3",
          "pip install: Successfully installed eslint-3.15",
          "Using Python 3.9",
          "Artifact uploaded: dist.zip (79MB)",
          "Transforming 601 files...",
          "FAILED: test_user_create",
          "Artifact downloaded: 12MB",
          "TLS handshake completed",
          "[12:51:59] INFO: Cache refreshed",
          "NODE_ENV=development",
          "Already up to date.",
          "Completed.",
          "Already up to date.",
          "Verifying...",
          "  PASS: unit/test_auth_login.spec.js",
          "Step 4/18: Installing dependencies",
          "Building Docker image...",
          "Artifact uploaded: build.tar.gz (4MB)",
          "Minifying app.js",
          "Environment: development",
          "[12:51:59] INFO: Cache refreshed",
          "TLS handshake completed",
          "Bundling main.js",
          "Finished.",
          "Connection established",
          "Artifact uploaded: dist.zip (20MB)",
          "[12:51:59] INFO: Starting build process",
          "Step 9/20: Testing",
          "Waiting...",
          "Fetching submodules...",
          "Test Suites: 43 passed, 46 total",
          "Cache invalidated: node_modules",
          "Step 9/16: Running migrations",
          "Uploading artifact 'dist' (15 files)",
          "TLS handshake completed",
          "[12:51:59] INFO: Connecting to database",
          "TLS handshake completed",
          "OK",
          "\u2713 Step 'build' succeeded",
          "npm install: resolved 206 packages",
          "[12:51:59] DEBUG: Initializing service",
          "\u2713 Task completed in 2850ms",
          "Environment: development",
          "Building Docker image...",
          "Step 2/16: Linting",
          "Compiling src/index.js...",
          "Pulling image: python:18",
          "Finished.",
          "[12:51:59] WARN: Deprecated API usage",
          "pip install: Successfully installed lodash-5.5",
          "  PASS: test_auth_login (391ms)",
          "Creating production build...",
          "Ready.",
          "npm install: added 119 packages",
          "WARNING: lodash has known vulnerabilities",
          "npm notice: package.json updated",
          "Artifact uploaded: dist.zip (41MB)",
          "Verifying...",
          "[12:51:59] INFO: Request completed",
          "Cache restored successfully (92MB)",
          "Minifying vendor.js",
          "[12:51:59] DEBUG: Loading configuration",
          "Ready.",
          "[12:51:59] DEBUG: Query executed in 8ms",
          "npm notice: created a lockfile",
          "[12:51:59] INFO: Processing request",
          "TLS handshake completed",
          "Completed.",
          "Transforming 107 files...",
          "Processing...",
          "Building Docker image...",
          "TLS handshake completed",
          "\u2713 deploy completed",
          "Processing...",
          "Compiling src/index.js...",
          "WARNING: react has known vulnerabilities",
          "Ran 49 tests in 27s",
          "WARNING: lodash has known vulnerabilities",
          "Switched to branch 'hotfix/task-486'",
          "Fetching submodules...",
          "\u26a0 DEPRECATION: Feature will be removed in v2.0",
          "Step 16/20: Installing dependencies",
          "\u2713 All checks passed",
          "[12:51:59] INFO: Request completed",
          "Connection established",
          "npm notice: package.json updated",
          "Connection established",
          "Cache miss for key-2216",
          "Switched to branch 'feature/task-512'",
          "[12:51:59] DEBUG: Initializing service",
          "\u2713 Task completed in 2937ms",
          "Pulling image: python:18",
          "pip: Collecting express",
          "Pushing to registry...",
          "Platform: win32-x64",
          "TLS handshake completed",
          "[12:51:59] DEBUG: Initializing service",
          "Generating source maps...",
          "\u2713 lint completed",
          "[12:51:59] ERROR: Connection failed",
          "FAILED: test_db_connect",
          "OK",
          "  PASS: unit/test_db_connect.spec.js",
          "OK",
          "Image pulled successfully",
          "pip: Downloading jest-4.5.tar.gz",
          "[12:51:59] DEBUG: Connection pool: 10 active",
          "FAILED: test_cache_hit",
          "Connection established",
          "[12:51:59] WARN: Deprecated API usage",
          "Using Python 3.11",
          "Fetching submodules...",
          "Step 9/17: Building",
          "Compiling utils/index.js...",
          "[12:51:59] INFO: Processing request",
          "POST /api - 202 (191ms)",
          "pip: Collecting prettier",
          "[12:51:59] DEBUG: Query executed in 10ms",
          "Generating source maps...",
          "Checking out main branch",
          "npm install: added 229 packages",
          "Generating source maps...",
          "Transforming 180 files...",
          "Exception: ValueError",
          "Minifying app.js",
          "\u26a0 DEPRECATION: Feature will be removed in v4.0",
          "Ready.",
          "\u26a0 DEPRECATION: Feature will be removed in v3.0",
          "HEAD is now at 5eedcd3",
          "[12:51:59] INFO: Cache refreshed",
          "FAILED: test_cache_hit",
          "\u2717 build failed with exit code 121",
          "[12:51:59] INFO: Processing request",
          "OK",
          "Checking out master branch",
          "Ran 126 tests in 36s",
          "[12:51:59] DEBUG: Memory usage: 785MB",
          "Installing axios@4.18.8",
          "Compiling lib/index.js...",
          "[12:51:59] WARN: Deprecated API usage",
          "npm install: added 429 packages",
          "Artifact uploaded: build.tar.gz (11MB)",
          "[12:51:59] DEBUG: Memory usage: 898MB",
          "Pulling image: node:18",
          "Artifact uploaded: build.tar.gz (37MB)",
          "[12:51:59] DEBUG: Memory usage: 834MB",
          "pip install: Successfully installed express-1.13",
          "Step 3/23: Building",
          "Loading...",
          "Connection established",
          "Switched to branch 'bugfix/task-662'",
          "FAILED: test_auth_login",
          "Verifying...",
          "Verifying...",
          "OK",
          "=== Step unit_tests completed ==="
        ]
      },
      {
        "name": "type_check",
        "status": "success",
        "started_at": "2025-12-12T12:55:33.184881",
        "finished_at": "2025-12-12T12:55:58.676681",
        "log_lines": [
          "=== Step: type_check ===",
          "Step 10/18: Building",
          "[12:51:59] INFO: Cache refreshed",
          "Bundling vendor.css",
          "FAILED: test_user_create",
          "Step 5/19: Building",
          "Step 15/16: Testing",
          "npm install: resolved 1411 packages",
          "Compiling lib/index.js...",
          "Using Node.js 15.13.7",
          "npm notice: created a lockfile",
          "[12:51:59] WARN: Deprecated API usage",
          "NODE_ENV=production",
          "Environment: development",
          "OK",
          "pip: Collecting express",
          "Image pulled successfully",
          "pip install: Successfully installed prettier-1.9",
          "Completed.",
          "Using Node.js 14.12.2",
          "  PASS: test_cache_hit (217ms)",
          "Cache miss for key-3119",
          "Already up to date.",
          "Step 2/21: Building",
          "Artifact downloaded: 45MB",
          "TLS handshake completed",
          "Completed.",
          "\u2717 build failed with exit code 110",
          "Fetching from https://github.com/package.json",
          "Artifact uploaded: build.tar.gz (47MB)",
          "Ran 66 tests in 1s",
          "Connection established",
          "Minifying vendor.js",
          "Already up to date.",
          "Pushing to registry...",
          "npm notice: created a lockfile",
          "Loading...",
          "NODE_ENV=production",
          "Image pulled successfully",
          "[12:51:59] DEBUG: Query executed in 51ms",
          "Loading...",
          "[12:51:59] INFO: Cache refreshed",
          "[12:51:59] DEBUG: Connection pool: 11 active",
          "Uploading artifact 'dist' (48 files)",
          "Cache miss for key-4165",
          "NODE_ENV=development",
          "Step 3/19: Building",
          "Optimizing 96 modules...",
          "Switched to branch 'bugfix/task-710'",
          "Tests: 457 passed, 237 total",
          "Uploading artifact 'dist' (14 files)",
          "Installing webpack@5.18.6",
          "OK",
          "\u2717 build failed with exit code 24",
          "Layer 1/13: ENV command",
          "npm install: added 247 packages",
          "Completed.",
          "Compiling src/handler.rs...",
          "Platform: win32-x64",
          "Snapshots: 26 passed, 41 total",
          "Layer 5/10: RUN command",
          "Environment: staging",
          "\u26a0 DEPRECATION: Feature will be removed in v2.0",
          "Using Python 3.10",
          "Cache invalidated: dependencies",
          "Checking out develop branch",
          "Verifying...",
          "[12:51:59] WARN: Deprecated API usage",
          "Step 20/20: Building",
          "Compiling utils/index.js...",
          "Compiling lib/main.py...",
          "Verifying...",
          "Step 18/17: Running migrations",
          "Success!",
          "npm notice: package.json updated",
          "\u2713 All checks passed",
          "Uploading artifact 'build' (46 files)",
          "Test Suites: 42 passed, 38 total",
          "pip: Installing build dependencies...",
          "[12:51:59] INFO: Cache refreshed",
          "Step 11/19: Installing dependencies",
          "Tests: 369 passed, 328 total",
          "Uploading artifact 'build' (13 files)",
          "Installing lodash@4.15.2",
          "Artifact downloaded: 18MB",
          "  PASS: test_db_connect (358ms)",
          "Using Python 3.9",
          "Test Suites: 22 passed, 8 total",
          "Creating production build...",
          "npm notice: package.json updated",
          "Verifying...",
          "pip: Collecting webpack",
          "[12:51:59] INFO: Cache refreshed",
          "[12:51:59] INFO: Starting build process",
          "Artifact uploaded: dist.zip (42MB)",
          "Ready.",
          "\u26a0 DEPRECATION: Feature will be removed in v3.0",
          "Generating source maps...",
          "Completed.",
          "Connection established",
          "Compiling src/main.py...",
          "\u2713 package completed",
          "Processing...",
          "Artifact uploaded: dist.zip (59MB)",
          "Ready.",
          "NODE_ENV=development",
          "[12:51:59] DEBUG: Query executed in 69ms",
          "[12:51:59] DEBUG: Initializing service",
          "Environment: production",
          "pip: Collecting axios",
          "Step 15/23: Deploying",
          "pip: Installing build dependencies...",
          "npm install: added 147 packages",
          "WARNING: axios has known vulnerabilities",
          "[12:51:59] DEBUG: Loading configuration",
          "Snapshots: 19 passed, 5 total",
          "Cache restored successfully (149MB)",
          "npm notice: package.json updated",
          "\u2713 Task completed in 2692ms",
          "Connection established",
          "[12:51:59] INFO: Processing request",
          "  PASS: test_auth_login (149ms)",
          "Finished.",
          "WARNING: prettier has known vulnerabilities",
          "WARNING: react has known vulnerabilities",
          "[12:51:59] INFO: Starting build process",
          "Cache invalidated: dependencies",
          "Test Suites: 46 passed, 19 total",
          "Completed.",
          "pip: Downloading jest-5.2.tar.gz",
          "HEAD is now at 9d08bcd",
          "Verifying...",
          "Ready.",
          "\u2713 All checks passed",
          "Fetching from https://npmjs.org/package.json",
          "npm install: resolved 1624 packages",
          "  PASS: e2e/test_user_create.spec.js",
          "Compiling lib/main.py...",
          "Ready.",
          "Cache saved successfully",
          "  PASS: e2e/test_api_health.spec.js",
          "Transforming 164 files...",
          "Uploading artifact 'dist' (22 files)",
          "Waiting...",
          "[12:51:59] DEBUG: Initializing service",
          "\u2713 All checks passed",
          "Minifying vendor.js",
          "Snapshots: 0 passed, 8 total",
          "Building Docker image...",
          "Compiling lib/app.ts...",
          "Step 1/22: Deploying",
          "Ready.",
          "Exception: RuntimeError",
          "[12:51:59] INFO: Connecting to database",
          "Artifact uploaded: build.tar.gz (48MB)",
          "Success!",
          "Cache restored successfully (368MB)",
          "Coverage: 95% statements, 62% branches",
          "Artifact downloaded: 4MB",
          "TLS handshake completed",
          "Test Suites: 16 passed, 11 total",
          "Image pulled successfully",
          "Pushing to registry...",
          "Cache hit for key-5824",
          "[12:51:59] INFO: Connecting to database",
          "Compiling lib/index.js...",
          "yarn add: Done in 2.52s",
          "Processing...",
          "Layer 7/13: COPY command",
          "npm notice: created a lockfile",
          "Pulling image: python:3.11",
          "Step 9/18: Installing dependencies",
          "Image pulled successfully",
          "Cache invalidated: build",
          "[12:51:59] INFO: Starting build process",
          "[12:51:59] INFO: Request completed",
          "Artifact uploaded: dist.zip (99MB)",
          "Snapshots: 1 passed, 48 total",
          "pip: Installing build dependencies...",
          "\u26a0 DEPRECATION: Feature will be removed in v5.0",
          "Fetching submodules...",
          "Creating production build...",
          "Test Suites: 7 passed, 6 total",
          "Step 3/18: Installing dependencies",
          "Waiting...",
          "[12:51:59] WARN: Deprecated API usage",
          "\u2717 build failed with exit code 69",
          "Ready.",
          "Fetching from https://amazonaws.com/package.json",
          "Platform: win32-x64",
          "HEAD is now at 9aa8483",
          "Snapshots: 19 passed, 50 total",
          "Coverage: 89% statements, 75% branches",
          "Uploading artifact 'coverage' (50 files)",
          "Optimizing 24 modules...",
          "Platform: darwin-arm64",
          "Compiling src/service.java...",
          "Step 16/21: Installing dependencies",
          "GET /api - 200 (65ms)",
          "Compiling src/app.ts...",
          "Cache hit for key-9487",
          "  PASS: test_db_connect (32ms)",
          "pip: Downloading express-4.10.tar.gz",
          "[12:51:59] INFO: Starting build process",
          "Loading...",
          "Fetching submodules...",
          "=== Step type_check completed ==="
        ]
      },
      {
        "name": "e2e_tests",
        "status": "success",
        "started_at": "2025-12-12T12:55:58.676681",
        "finished_at": "2025-12-12T12:56:24.168481",
        "log_lines": [
          "=== Step: e2e_tests ===",
          "Artifact uploaded: build.tar.gz (42MB)",
          "Exception: RuntimeError",
          "[12:51:59] INFO: Starting build process",
          "Using Node.js 15.5.5",
          "Compiling src/handler.rs...",
          "\u26a0 DEPRECATION: Feature will be removed in v3.0",
          "[12:51:59] DEBUG: Connection pool: 15 active",
          "Step 7/21: Deploying",
          "pip: Collecting react",
          "\u2713 Step 'build' succeeded",
          "Ran 196 tests in 21s",
          "Compiling utils/main.py...",
          "Layer 3/14: RUN command",
          "[12:51:59] DEBUG: Memory usage: 1610MB",
          "OK",
          "GET /health - 204 (65ms)",
          "Building Docker image...",
          "Processing...",
          "pip: Installing build dependencies...",
          "Exception: TypeError",
          "Processing...",
          "Success!",
          "Step 14/22: Testing",
          "Transforming 149 files...",
          "Cache saved successfully",
          "npm notice: created a lockfile",
          "Image pulled successfully",
          "Snapshots: 50 passed, 0 total",
          "Step 4/15: Running migrations",
          "Tests: 170 passed, 255 total",
          "Transforming 159 files...",
          "Compiling src/handler.rs...",
          "Bundling vendor.js",
          "Completed.",
          "yarn add: Done in 14.10s",
          "Already up to date.",
          "Minifying app.js",
          "[12:51:59] INFO: Starting build process",
          "TLS handshake completed",
          "Connection established",
          "Connection established",
          "Verifying...",
          "Tests: 339 passed, 495 total",
          "yarn add: Done in 22.79s",
          "HEAD is now at 50845f0",
          "Using Python 3.10",
          "  PASS: e2e/test_user_create.spec.js",
          "Using Node.js 18.5.8",
          "Ran 24 tests in 10s",
          "OK",
          "OK",
          "Cache restored successfully (366MB)",
          "NODE_ENV=production",
          "NODE_ENV=test",
          "Cache hit for key-7683",
          "[12:51:59] DEBUG: Memory usage: 479MB",
          "[12:51:59] DEBUG: Initializing service",
          "\u2713 All checks passed",
          "Ran 147 tests in 8s",
          "\u26a0 DEPRECATION: Feature will be removed in v5.0",
          "Step 11/21: Installing dependencies",
          "Switched to branch 'hotfix/task-696'",
          "Step 17/24: Running migrations",
          "Fetching submodules...",
          "Pulling image: alpine:latest",
          "npm notice: created a lockfile",
          "Artifact downloaded: 13MB",
          "Compiling utils/index.js...",
          "[12:51:59] INFO: Processing request",
          "\u2713 Task completed in 4409ms",
          "WARNING: axios has known vulnerabilities",
          "WARNING: axios has known vulnerabilities",
          "pip: Downloading jest-1.8.tar.gz",
          "\u2717 build failed with exit code 88",
          "Switched to branch 'hotfix/task-755'",
          "yarn add: Done in 8.65s",
          "GET /health - 200 (84ms)",
          "Cache invalidated: build",
          "\u26a0 DEPRECATION: Feature will be removed in v2.0",
          "Switched to branch 'bugfix/task-933'",
          "npm notice: package.json updated",
          "Finished.",
          "Cache invalidated: node_modules",
          "pip install: Successfully installed jest-1.2",
          "Compiling components/utils.go...",
          "WARNING: axios has known vulnerabilities",
          "Cache miss for key-4980",
          "Cache restored successfully (500MB)",
          "WARNING: eslint has known vulnerabilities",
          "Checking out main branch",
          "\u2713 build completed",
          "yarn add: Done in 25.72s",
          "[12:51:59] WARN: Deprecated API usage",
          "Pushing to registry...",
          "Installing prettier@2.18.2",
          "Step 9/21: Installing dependencies",
          "Cache saved successfully",
          "[12:51:59] DEBUG: Connection pool: 3 active",
          "yarn add: Done in 2.3s",
          "Verifying...",
          "pip: Downloading eslint-2.19.tar.gz",
          "Bundling styles.js",
          "Layer 9/8: COPY command",
          "[12:51:59] DEBUG: Loading configuration",
          "FAILED: test_db_connect",
          "Pulling image: alpine:3.11",
          "Verifying...",
          "Cache invalidated: build",
          "\u2713 package completed",
          "Finished.",
          "Compiling components/app.ts...",
          "Using Node.js 18.19.1",
          "[12:51:59] DEBUG: Connection pool: 9 active",
          "Step 7/18: Testing",
          "Environment: production",
          "Coverage: 87% statements, 92% branches",
          "pip: Installing build dependencies...",
          "WARNING: webpack has known vulnerabilities",
          "\u26a0 DEPRECATION: Feature will be removed in v3.0",
          "Waiting...",
          "Step 1/24: Building",
          "[12:51:59] DEBUG: Loading configuration",
          "Switched to branch 'feature/task-916'",
          "Compiling utils/app.ts...",
          "\u2713 Step 'install' succeeded",
          "Pushing to registry...",
          "[12:51:59] ERROR: Connection failed",
          "Finished.",
          "Platform: linux-x64",
          "Fetching from https://registry.npmjs.org/package.json",
          "Layer 8/15: COPY command",
          "npm notice: package.json updated",
          "  PASS: integration/test_api_health.spec.js",
          "Cache invalidated: dependencies",
          "Uploading artifact 'dist' (18 files)",
          "[12:51:59] DEBUG: Query executed in 7ms",
          "Cache invalidated: build",
          "pip: Downloading jest-5.18.tar.gz",
          "Minifying main.js",
          "Tests: 113 passed, 96 total",
          "[12:51:59] WARN: Deprecated API usage",
          "\u2713 test completed",
          "TLS handshake completed",
          "[12:51:59] WARN: Deprecated API usage",
          "[12:51:59] DEBUG: Memory usage: 719MB",
          "  PASS: integration/test_cache_hit.spec.js",
          "Bundling styles.css",
          "[12:51:59] INFO: Processing request",
          "Generating source maps...",
          "Step 17/20: Testing",
          "Pulling image: node:18",
          "[12:51:59] ERROR: Connection failed",
          "Compiling lib/service.java...",
          "Pushing to registry...",
          "pip install: Successfully installed axios-1.16",
          "WARNING: lodash has known vulnerabilities",
          "Connection established",
          "Minifying vendor.js",
          "\u2713 Task completed in 734ms",
          "Artifact uploaded: dist.zip (55MB)",
          "[12:51:59] INFO: Connecting to database",
          "[12:51:59] INFO: Connecting to database",
          "Snapshots: 48 passed, 50 total",
          "TLS handshake completed",
          "OK",
          "[12:51:59] INFO: Connecting to database",
          "TLS handshake completed",
          "Cache restored successfully (398MB)",
          "POST /data - 200 (317ms)",
          "pip: Installing build dependencies...",
          "Artifact uploaded: build.tar.gz (38MB)",
          "[12:51:59] INFO: Connecting to database",
          "Ran 29 tests in 50s",
          "Artifact uploaded: dist.zip (72MB)",
          "Ready.",
          "Step 19/25: Linting",
          "Ready.",
          "npm install: resolved 1725 packages",
          "Connection established",
          "Artifact uploaded: build.tar.gz (48MB)",
          "Pulling image: alpine:3.11",
          "Exception: ValueError",
          "Compiling components/utils.go...",
          "Success!",
          "Waiting...",
          "Pulling image: python:3.11",
          "Done.",
          "Connection established",
          "pip install: Successfully installed lodash-2.14",
          "Time: 56.125s",
          "Compiling lib/main.py...",
          "Artifact uploaded: dist.zip (44MB)",
          "[12:51:59] DEBUG: Connection pool: 14 active",
          "Cache restored successfully (412MB)",
          "npm install: resolved 624 packages",
          "WARNING: jest has known vulnerabilities",
          "[12:51:59] WARN: Deprecated API usage",
          "POST /upload - 200 (236ms)",
          "Finished.",
          "npm install: added 341 packages",
          "Cache restored successfully (246MB)",
          "Pushing to registry...",
          "Artifact uploaded: dist.zip (19MB)",
          "Already up to date.",
          "Waiting...",
          "=== Step e2e_tests completed ==="
        ]
      },
      {
        "name": "checkout",
        "status": "success",
        "started_at": "2025-12-12T12:56:24.168481",
        "finished_at": "2025-12-12T12:56:34.365201",
        "log_lines": [
          "=== Step: checkout ===",
          "  PASS: test_db_connect (423ms)",
          "Loading...",
          "Generating source maps...",
          "\u2713 Step 'install' succeeded",
          "pip: Downloading lodash-4.9.tar.gz",
          "Minifying app.js",
          "OK",
          "\u2717 build failed with exit code 117",
          "Uploading artifact 'coverage' (8 files)",
          "Cache restored successfully (267MB)",
          "Artifact downloaded: 27MB",
          "Transforming 723 files...",
          "Step 7/21: Running migrations",
          "Cache invalidated: dependencies",
          "WARNING: express has known vulnerabilities",
          "HEAD is now at 05b3b0c",
          "[12:51:59] INFO: Starting build process",
          "Coverage: 94% statements, 87% branches",
          "Connection established",
          "Optimizing 49 modules...",
          "[12:51:59] WARN: Deprecated API usage",
          "[12:51:59] WARN: Deprecated API usage",
          "[12:51:59] DEBUG: Connection pool: 8 active",
          "FAILED: test_auth_login",
          "[12:51:59] INFO: Request completed",
          "Transforming 699 files...",
          "Tests: 354 passed, 491 total",
          "[12:51:59] DEBUG: Memory usage: 1790MB",
          "npm notice: created a lockfile",
          "  PASS: test_cache_hit (59ms)",
          "Image pulled successfully",
          "[12:51:59] INFO: Connecting to database",
          "TLS handshake completed",
          "\u2713 Step 'test' succeeded",
          "[12:51:59] INFO: Processing request",
          "\u2713 Task completed in 3884ms",
          "Snapshots: 16 passed, 30 total",
          "pip install: Successfully installed eslint-5.9",
          "Step 17/16: Building",
          "Fetching submodules...",
          "pip: Downloading jest-5.13.tar.gz",
          "NODE_ENV=test",
          "Artifact downloaded: 6MB",
          "Uploading artifact 'dist' (32 files)",
          "  PASS: test_user_create (386ms)",
          "Pulling image: alpine:latest",
          "Bundling runtime.css",
          "\u2717 build failed with exit code 64",
          "Pulling image: alpine:18",
          "Transforming 338 files...",
          "Exception: NullPointerException",
          "Checking out main branch",
          "  PASS: e2e/test_user_create.spec.js",
          "[12:51:59] INFO: Starting build process",
          "yarn add: Done in 2.54s",
          "[12:51:59] WARN: Deprecated API usage",
          "POST /api - 202 (415ms)",
          "Checking out master branch",
          "[12:51:59] ERROR: Connection failed",
          "[12:51:59] DEBUG: Initializing service",
          "Artifact uploaded: dist.zip (16MB)",
          "[12:51:59] WARN: Deprecated API usage",
          "[12:51:59] INFO: Request completed",
          "Verifying...",
          "OK",
          "[12:51:59] INFO: Cache refreshed",
          "Artifact uploaded: build.tar.gz (22MB)",
          "\u2713 Task completed in 469ms",
          "Step 15/16: Installing dependencies",
          "Step 3/23: Building",
          "WARNING: webpack has known vulnerabilities",
          "GET /health - 204 (3ms)",
          "\u2713 Task completed in 2299ms",
          "Installing webpack@1.16.1",
          "\u26a0 DEPRECATION: Feature will be removed in v3.0",
          "Step 2/24: Building",
          "Using Python 3.9",
          "Test Suites: 9 passed, 27 total",
          "[12:51:59] DEBUG: Query executed in 99ms",
          "[12:51:59] DEBUG: Memory usage: 1882MB",
          "Ran 28 tests in 47s",
          "WARNING: prettier has known vulnerabilities",
          "Artifact downloaded: 13MB",
          "Cache invalidated: dependencies",
          "Artifact downloaded: 14MB",
          "Pulling image: python:18",
          "pip install: Successfully installed lodash-5.9",
          "npm install: added 449 packages",
          "Optimizing 72 modules...",
          "Snapshots: 39 passed, 14 total",
          "Pulling image: node:3.11",
          "NODE_ENV=development",
          "Using Python 3.12",
          "Cache restored successfully (460MB)",
          "Done.",
          "Building Docker image...",
          "Step 18/16: Testing",
          "[12:51:59] DEBUG: Connection pool: 3 active",
          "\u2713 All checks passed",
          "Installing prettier@3.17.2",
          "Uploading artifact 'coverage' (23 files)",
          "\u2713 validate completed",
          "NODE_ENV=production",
          "Pushing to registry...",
          "\u26a0 DEPRECATION: Feature will be removed in v4.0",
          "Tests: 187 passed, 402 total",
          "Creating production build...",
          "\u26a0 DEPRECATION: Feature will be removed in v2.0",
          "Verifying...",
          "Bundling main.css",
          "npm install: resolved 1564 packages",
          "Pulling image: node:latest",
          "[12:51:59] INFO: Connecting to database",
          "[12:51:59] INFO: Connecting to database",
          "Done.",
          "Switched to branch 'hotfix/task-216'",
          "NODE_ENV=production",
          "Artifact uploaded: dist.zip (100MB)",
          "GET /status - 204 (30ms)",
          "pip: Installing build dependencies...",
          "[12:51:59] WARN: Deprecated API usage",
          "Compiling components/utils.go...",
          "  PASS: e2e/test_cache_hit.spec.js",
          "Step 14/20: Deploying",
          "Step 18/23: Running migrations",
          "TLS handshake completed",
          "[12:51:59] DEBUG: Initializing service",
          "WARNING: jest has known vulnerabilities",
          "Uploading artifact 'coverage' (6 files)",
          "Fetching from https://registry.npmjs.org/package.json",
          "\u2717 build failed with exit code 30",
          "Cache saved successfully",
          "Step 8/20: Running migrations",
          "Tests: 374 passed, 413 total",
          "Creating production build...",
          "\u26a0 DEPRECATION: Feature will be removed in v5.0",
          "Ran 128 tests in 23s",
          "Transforming 951 files...",
          "Uploading artifact 'coverage' (48 files)",
          "Layer 7/11: ENV command",
          "NODE_ENV=development",
          "Done.",
          "Cache saved successfully",
          "Installing axios@1.2.5",
          "[12:51:59] ERROR: Connection failed",
          "\u2713 All checks passed",
          "Artifact downloaded: 2MB",
          "Pushing to registry...",
          "npm install: added 406 packages",
          "Step 19/18: Testing",
          "POST /upload - 200 (320ms)",
          "Done.",
          "\u26a0 DEPRECATION: Feature will be removed in v5.0",
          "\u26a0 DEPRECATION: Feature will be removed in v2.0",
          "Already up to date.",
          "GET /api - 200 (48ms)",
          "HEAD is now at 964549e",
          "\u2713 All checks passed",
          "[12:51:59] DEBUG: Initializing service",
          "Optimizing 74 modules...",
          "Transforming 835 files...",
          "Step 20/16: Installing dependencies",
          "Compiling src/index.js...",
          "[12:51:59] INFO: Connecting to database",
          "Cache hit for key-5186",
          "Transforming 752 files...",
          "\u2713 Step 'test' succeeded",
          "Fetching from https://amazonaws.com/package.json",
          "Image pulled successfully",
          "[12:51:59] DEBUG: Query executed in 31ms",
          "TLS handshake completed",
          "HEAD is now at 0199019",
          "[12:51:59] WARN: Deprecated API usage",
          "Cache miss for key-9886",
          "WARNING: jest has known vulnerabilities",
          "Step 13/21: Running migrations",
          "Test Suites: 38 passed, 16 total",
          "[12:51:59] DEBUG: Memory usage: 1439MB",
          "Already up to date.",
          "pip: Downloading prettier-1.20.tar.gz",
          "Optimizing 16 modules...",
          "[12:51:59] DEBUG: Connection pool: 1 active",
          "Bundling main.css",
          "Artifact downloaded: 26MB",
          "Ready.",
          "Verifying...",
          "npm install: resolved 1768 packages",
          "POST /api - 200 (167ms)",
          "Step 20/23: Deploying",
          "Compiling utils/service.java...",
          "Cache miss for key-1313",
          "Using Node.js 20.11.10",
          "Using Python 3.10",
          "Success!",
          "yarn add: Done in 2.69s",
          "npm install: resolved 1879 packages",
          "[12:51:59] INFO: Starting build process",
          "Step 1/16: Building",
          "Compiling lib/index.js...",
          "Uploading artifact 'dist' (8 files)",
          "\u2713 All checks passed",
          "\u26a0 DEPRECATION: Feature will be removed in v3.0",
          "npm notice: created a lockfile",
          "[12:51:59] INFO: Cache refreshed",
          "\u2713 deploy completed",
          "=== Step checkout completed ==="
        ]
      },
      {
        "name": "setup_node",
        "status": "success",
        "started_at": "2025-12-12T12:56:34.365201",
        "finished_at": "2025-12-12T12:56:59.857001",
        "log_lines": [
          "=== Step: setup_node ===",
          "Compiling utils/service.java...",
          "Cache saved successfully",
          "pip: Downloading eslint-2.17.tar.gz",
          "HEAD is now at d7125a5",
          "[12:51:59] ERROR: Connection failed",
          "[12:51:59] INFO: Cache refreshed",
          "Finished.",
          "Test Suites: 29 passed, 29 total",
          "Waiting...",
          "[12:51:59] INFO: Request completed",
          "Pulling image: alpine:latest",
          "Generating source maps...",
          "npm install: added 89 packages",
          "Step 9/25: Deploying",
          "\u2713 Task completed in 2620ms",
          "Step 7/18: Linting",
          "Minifying app.js",
          "Uploading artifact 'dist' (4 files)",
          "[12:51:59] DEBUG: Memory usage: 486MB",
          "Processing...",
          "Compiling components/service.java...",
          "Fetching from https://githubusercontent.com/package.json",
          "Step 1/21: Installing dependencies",
          "Step 3/21: Deploying",
          "Artifact uploaded: build.tar.gz (5MB)",
          "[12:51:59] DEBUG: Loading configuration",
          "Layer 7/14: RUN command",
          "Installing webpack@5.0.6",
          "[12:51:59] DEBUG: Connection pool: 13 active",
          "WARNING: express has known vulnerabilities",
          "Environment: production",
          "Image pulled successfully",
          "[12:51:59] WARN: Deprecated API usage",
          "Step 8/17: Installing dependencies",
          "Layer 10/11: COPY command",
          "FAILED: test_cache_hit",
          "Step 8/16: Running migrations",
          "[12:51:59] DEBUG: Loading configuration",
          "\u2713 Task completed in 4223ms",
          "Time: 55.401s",
          "Fetching from https://pypi.org/package.json",
          "Step 1/18: Building",
          "[12:51:59] DEBUG: Query executed in 55ms",
          "Loading...",
          "Cache saved successfully",
          "npm notice: created a lockfile",
          "[12:51:59] INFO: Processing request",
          "\u2713 Task completed in 1629ms",
          "Artifact uploaded: build.tar.gz (35MB)",
          "Artifact uploaded: build.tar.gz (34MB)",
          "Done.",
          "Platform: win32-x64",
          "Step 1/20: Deploying",
          "[12:51:59] DEBUG: Initializing service",
          "[12:51:59] DEBUG: Initializing service",
          "\u2713 deploy completed",
          "[12:51:59] INFO: Starting build process",
          "Transforming 565 files...",
          "[12:51:59] INFO: Processing request",
          "[12:51:59] INFO: Cache refreshed",
          "Exception: NullPointerException",
          "Step 4/19: Running migrations",
          "Transforming 417 files...",
          "Compiling utils/app.ts...",
          "pip install: Successfully installed lodash-3.4",
          "npm install: resolved 1415 packages",
          "Success!",
          "pip: Downloading express-5.12.tar.gz",
          "Already up to date.",
          "Already up to date.",
          "Image pulled successfully",
          "Generating source maps...",
          "Cache restored successfully (168MB)",
          "[12:51:59] WARN: Deprecated API usage",
          "[12:51:59] DEBUG: Loading configuration",
          "\u2713 Task completed in 4530ms",
          "\u2717 build failed with exit code 28",
          "Step 18/18: Installing dependencies",
          "Loading...",
          "pip: Installing build dependencies...",
          "Environment: production",
          "Time: 49.379s",
          "yarn add: Done in 16.58s",
          "Switched to branch 'feature/task-789'",
          "yarn add: Done in 3.31s",
          "Platform: linux-x64",
          "Checking out develop branch",
          "Cache miss for key-1945",
          "Compiling utils/main.py...",
          "Checking out master branch",
          "Step 6/23: Testing",
          "[12:51:59] INFO: Cache refreshed",
          "yarn add: Done in 22.99s",
          "Artifact uploaded: dist.zip (62MB)",
          "Coverage: 75% statements, 65% branches",
          "FAILED: test_auth_login",
          "FAILED: test_auth_login",
          "Success!",
          "pip: Downloading express-2.14.tar.gz",
          "Step 2/22: Building",
          "Pulling image: python:3.11",
          "[12:51:59] WARN: Deprecated API usage",
          "Artifact uploaded: dist.zip (13MB)",
          "Pushing to registry...",
          "Cache saved successfully",
          "Fetching from https://docker.io/package.json",
          "pip: Installing build dependencies...",
          "Processing...",
          "Minifying main.js",
          "NODE_ENV=production",
          "Fetching submodules...",
          "Exception: RuntimeError",
          "[12:51:59] DEBUG: Query executed in 79ms",
          "Compiling components/handler.rs...",
          "pip: Installing build dependencies...",
          "TLS handshake completed",
          "Verifying...",
          "Compiling components/service.java...",
          "Using Python 3.12",
          "Pushing to registry...",
          "Generating source maps...",
          "Compiling utils/utils.go...",
          "Checking out develop branch",
          "Creating production build...",
          "HEAD is now at c96f965",
          "GET /status - 201 (7ms)",
          "Cache miss for key-9052",
          "Transforming 263 files...",
          "\u2713 package completed",
          "[12:51:59] DEBUG: Loading configuration",
          "Tests: 362 passed, 368 total",
          "Environment: staging",
          "Time: 24.210s",
          "[12:51:59] DEBUG: Loading configuration",
          "Step 7/17: Deploying",
          "npm notice: package.json updated",
          "\u2713 Step 'test' succeeded",
          "npm install: added 27 packages",
          "Test Suites: 40 passed, 18 total",
          "Step 4/25: Linting",
          "npm install: added 169 packages",
          "Time: 114.203s",
          "Installing prettier@1.6.2",
          "Pulling image: alpine:3.11",
          "Compiling src/main.py...",
          "Time: 44.971s",
          "Artifact downloaded: 47MB",
          "Processing...",
          "[12:51:59] INFO: Starting build process",
          "Artifact downloaded: 32MB",
          "Connection established",
          "Environment: test",
          "\u2713 Step 'setup' succeeded",
          "GET /status - 201 (41ms)",
          "Cache saved successfully",
          "Pushing to registry...",
          "Step 15/21: Testing",
          "npm notice: created a lockfile",
          "Step 16/22: Installing dependencies",
          "npm notice: package.json updated",
          "[12:51:59] WARN: Deprecated API usage",
          "Compiling components/utils.go...",
          "\u2713 All checks passed",
          "Ran 67 tests in 7s",
          "Generating source maps...",
          "Connection established",
          "Compiling lib/main.py...",
          "[12:51:59] DEBUG: Memory usage: 1270MB",
          "pip: Downloading eslint-2.1.tar.gz",
          "Compiling utils/index.js...",
          "Connection established",
          "[12:51:59] DEBUG: Loading configuration",
          "Compiling utils/app.ts...",
          "GET /health - 201 (23ms)",
          "Step 4/21: Running migrations",
          "Success!",
          "Creating production build...",
          "WARNING: axios has known vulnerabilities",
          "Compiling utils/handler.rs...",
          "Cache invalidated: build",
          "Transforming 166 files...",
          "[12:51:59] INFO: Connecting to database",
          "npm notice: created a lockfile",
          "\u2713 Task completed in 1640ms",
          "Switched to branch 'bugfix/task-907'",
          "Pulling image: python:latest",
          "Pushing to registry...",
          "npm notice: package.json updated",
          "\u26a0 DEPRECATION: Feature will be removed in v5.0",
          "Platform: darwin-arm64",
          "Compiling components/utils.go...",
          "npm notice: package.json updated",
          "HEAD is now at a3f0cb1",
          "TLS handshake completed",
          "Step 7/24: Installing dependencies",
          "Already up to date.",
          "yarn add: Done in 18.27s",
          "Step 4/15: Installing dependencies",
          "Artifact uploaded: dist.zip (67MB)",
          "Ready.",
          "Uploading artifact 'coverage' (17 files)",
          "WARNING: react has known vulnerabilities",
          "HEAD is now at 8540edd",
          "Pulling image: node:latest",
          "Minifying app.js",
          "=== Step setup_node completed ==="
        ]
      }
    ],
    "label": "normal"
  }
}