{
  "action": "completed",
  "workflow_run": {
    "id": 180,
    "name": "CI Pipeline",
    "head_branch": "develop",
    "head_sha": "15590013f1da216d0e2aa8b1b422173940fb545e",
    "status": "completed",
    "conclusion": "failure",
    "run_started_at": "2025-12-16T12:50:45.224943Z",
    "updated_at": "2025-12-16T12:54:04.588057Z"
  },
  "repository": {
    "full_name": "startup-io/auth-service",
    "name": "auth-service"
  },
  "sender": {
    "login": "bob"
  },
  "_safeops_extended": {
    "raw_logs": "=== Step: install_dependencies ===\nCache invalidated: node_modules\nArtifact downloaded: 38MB\nCompiling lib/service.java...\n\u2713 Step 'test' succeeded\nArtifact downloaded: 15MB\npip install: Successfully installed jest-3.0\nFetching from https://gcr.io/package.json\nnpm notice: created a lockfile\nPOST /api - 200 (120ms)\nSnapshots: 26 passed, 23 total\nStep 3/21: Building\nVerifying...\nGenerating source maps...\nTests: 392 passed, 192 total\nArtifact downloaded: 8MB\nStep 4/23: Testing\nImage pulled successfully\n[12:50:45] WARN: Deprecated API usage\nUploading artifact 'coverage' (48 files)\n\u26a0 DEPRECATION: Feature will be removed in v2.0\nTransforming 631 files...\nLoading...\nStep 13/22: Deploying\npip: Installing build dependencies...\nStep 9/15: Testing\nUsing Node.js 19.20.9\n\u26a0 DEPRECATION: Feature will be removed in v3.0\nFAILED: test_api_health\nWARNING: express has known vulnerabilities\n[12:50:45] ERROR: Connection failed\nCache miss for key-7109\nWaiting...\nCompiling components/main.py...\nProcessing...\nRan 138 tests in 30s\n  PASS: integration/test_api_health.spec.js\nSnapshots: 19 passed, 26 total\nHEAD is now at 56b2bd9\nRan 36 tests in 36s\nStep 2/23: Running migrations\nLayer 3/11: COPY command\n  PASS: test_auth_login (328ms)\n  PASS: test_auth_login (204ms)\nSuccess!\nArtifact downloaded: 21MB\n[12:50:45] INFO: Cache refreshed\nCoverage: 76% statements, 98% branches\n  PASS: unit/test_auth_login.spec.js\nSuccess!\n\u2713 Step 'build' succeeded\nCompiling lib/handler.rs...\nStep 10/25: Building\n\u26a0 DEPRECATION: Feature will be removed in v2.0\npip: Downloading lodash-4.5.tar.gz\nLayer 10/12: RUN command\n[12:50:45] ERROR: Connection failed\nMinifying main.js\nnpm install: resolved 1624 packages\nTests: 378 passed, 370 total\n\u2713 Step 'install' succeeded\n[12:50:45] DEBUG: Memory usage: 110MB\nnpm install: added 490 packages\nUsing Python 3.10\nCompleted.\n\u26a0 DEPRECATION: Feature will be removed in v5.0\nCache restored successfully (194MB)\nFAILED: test_user_create\nnpm install: added 332 packages\nVerifying...\nTest Suites: 11 passed, 50 total\npip install: Successfully installed react-2.19\nFetching submodules...\nEnvironment: production\n\u26a0 DEPRECATION: Feature will be removed in v2.0\n[12:50:45] INFO: Processing request\n[12:50:45] INFO: Starting build process\n[12:50:45] DEBUG: Initializing service\nEnvironment: test\nException: NullPointerException\nSnapshots: 27 passed, 19 total\nCache restored successfully (388MB)\n[12:50:45] INFO: Cache refreshed\nAlready up to date.\nCache saved successfully\n[12:50:45] INFO: Connecting to database\nNODE_ENV=production\nStep 10/18: Installing dependencies\n\u26a0 DEPRECATION: Feature will be removed in v4.0\nStep 16/20: Installing dependencies\nNODE_ENV=development\nnpm install: resolved 1978 packages\n[12:50:45] INFO: Connecting to database\nGenerating source maps...\nStep 13/22: Testing\nLoading...\npip: Collecting prettier\nCache miss for key-2946\n=== Step install_dependencies completed ===\n=== Step: integration_tests ===\n\u26a0 DEPRECATION: Feature will be removed in v2.0\nCompiling utils/utils.go...\nProcessing...\nCache saved successfully\nStep 2/24: Running migrations\nAlready up to date.\n[12:50:45] DEBUG: Initializing service\nEnvironment: production\n[12:50:45] DEBUG: Loading configuration\nBundling main.css\nArtifact downloaded: 36MB\nyarn add: Done in 25.62s\nHEAD is now at ff0de0a\nVerifying...\nnpm install: added 44 packages\n[12:50:45] WARN: Deprecated API usage\n[12:50:45] INFO: Connecting to database\nStep 8/17: Running migrations\nProcessing...\nCache invalidated: node_modules\nSwitched to branch 'bugfix/task-101'\nBundling styles.js\nCache invalidated: node_modules\nHEAD is now at 7b9b22d\nPushing to registry...\nArtifact uploaded: build.tar.gz (24MB)\nGET /status - 200 (81ms)\nCache saved successfully\nImage pulled successfully\nReady.\nStep 8/24: Linting\nException: RuntimeError\nStep 20/24: Deploying\nFinished.\n[12:50:45] DEBUG: Memory usage: 1588MB\nDone.\nVerifying...\nPushing to registry...\n[12:50:45] DEBUG: Connection pool: 1 active\n\u26a0 DEPRECATION: Feature will be removed in v2.0\nCreating production build...\nBuilding Docker image...\nFetching submodules...\nArtifact uploaded: build.tar.gz (35MB)\nCache hit for key-8398\npip: Downloading axios-4.5.tar.gz\nTest Suites: 33 passed, 5 total\nReady.\nWARNING: eslint has known vulnerabilities\nBuilding Docker image...\nSuccess!\nNODE_ENV=production\nGET /status - 204 (100ms)\nWARNING: jest has known vulnerabilities\nCoverage: 85% statements, 71% branches\nImage pulled successfully\nGET /health - 201 (57ms)\nImage pulled successfully\n[12:50:45] DEBUG: Initializing service\nCache invalidated: dependencies\n[12:50:45] WARN: Deprecated API usage\nFetching from https://github.com/package.json\nOptimizing 22 modules...\nMinifying app.js\nPlatform: linux-x64\nnpm install: added 234 packages\nSuccess!\nEnvironment: development\n\u2713 Step 'build' succeeded\nWaiting...\nCoverage: 96% statements, 90% branches\n\u2713 test completed\nEnvironment: production\nGenerating source maps...\nStep 16/25: Building\nTest Suites: 21 passed, 46 total\nArtifact uploaded: dist.zip (22MB)\n[12:50:45] WARN: Deprecated API usage\nAlready up to date.\nWARNING: axios has known vulnerabilities\nLayer 6/13: ENV command\nStep 12/18: Testing\nStep 15/24: Building\nCoverage: 93% statements, 96% branches\n\u26a0 DEPRECATION: Feature will be removed in v3.0\nOK\nNODE_ENV=test\nStep 13/19: Linting\nCoverage: 100% statements, 73% branches\nBundling runtime.css\nSwitched to branch 'feature/task-706'\nUsing Node.js 17.14.7\nFinished.\n  PASS: test_user_create (500ms)\nFetching submodules...\nDone.\n[12:50:45] INFO: Processing request\n=== Step integration_tests completed ===\n=== Step: save_cache ===\nSuccess!\nCompiling components/main.py...\n[12:50:45] INFO: Processing request\nException: NullPointerException\n[12:50:45] INFO: Cache refreshed\n[12:50:45] DEBUG: Memory usage: 1423MB\nGET /status - 201 (55ms)\nCompiling lib/main.py...\npip: Collecting eslint\nWARNING: webpack has known vulnerabilities\nTLS handshake completed\nLoading...\n[12:50:45] DEBUG: Query executed in 40ms\n  PASS: test_api_health (402ms)\n  PASS: e2e/test_auth_login.spec.js\nGET /api - 201 (65ms)\nCompiling components/app.ts...\n[12:50:45] ERROR: Connection failed\nEnvironment: test\nWARNING: lodash has known vulnerabilities\nLayer 6/10: RUN command\n[12:50:45] WARN: Deprecated API usage\nReady.\nStep 11/17: Linting\nProcessing...\nCompiling utils/index.js...\nRan 115 tests in 50s\nConnection established\n[12:50:45] INFO: Cache refreshed\nStep 16/24: Building\n[12:50:45] DEBUG: Query executed in 30ms\n[12:50:45] WARN: Deprecated API usage\nArtifact uploaded: build.tar.gz (32MB)\nCache saved successfully\nConnection established\nAlready up to date.\n\u2713 All checks passed\nOptimizing 61 modules...\n[12:50:45] INFO: Processing request\n[12:50:45] WARN: Deprecated API usage\nCreating production build...\nPulling image: node:latest\nCompiling components/utils.go...\npip: Downloading webpack-4.2.tar.gz\n[12:50:45] DEBUG: Initializing service\nCache invalidated: dependencies\nStep 13/21: Deploying\n[12:50:45] DEBUG: Initializing service\nProcessing...\nArtifact uploaded: dist.zip (90MB)\nWARNING: eslint has known vulnerabilities\nRan 187 tests in 18s\nWARNING: express has known vulnerabilities\n[12:50:45] DEBUG: Query executed in 71ms\n  PASS: test_user_create (412ms)\nnpm notice: created a lockfile\n[12:50:45] WARN: Deprecated API usage\nReady.\nLoading...\npip: Installing build dependencies...\nWARNING: jest has known vulnerabilities\nCache hit for key-7260\n\u2717 build failed with exit code 61\nCompiling lib/index.js...\nUploading artifact 'build' (6 files)\nWaiting...\nTLS handshake completed\n[12:50:45] INFO: Starting build process\nPlatform: linux-x64\n\u26a0 DEPRECATION: Feature will be removed in v3.0\npip: Installing build dependencies...\n[12:50:45] INFO: Request completed\n[12:50:45] INFO: Request completed\nCompiling lib/main.py...\nTests: 53 passed, 302 total\nStep 16/19: Linting\nFetching submodules...\nVerifying...\n[12:50:45] WARN: Deprecated API usage\nWARNING: jest has known vulnerabilities\nCompiling lib/utils.go...\nOK\n  PASS: integration/test_api_health.spec.js\nWARNING: eslint has known vulnerabilities\nNODE_ENV=development\nStep 14/18: Testing\nAlready up to date.\npip: Installing build dependencies...\nCompleted.\nException: NullPointerException\nTransforming 754 files...\nOK\nProcessing...\nUsing Python 3.9\nnpm install: resolved 669 packages\nAlready up to date.\nFinished.\n=== Step save_cache completed ===\n=== Step: lint ===\n[12:50:45] DEBUG: Loading configuration\n[12:50:45] DEBUG: Initializing service\nStep 2/24: Running migrations\n\u2713 Task completed in 3330ms\nArtifact uploaded: build.tar.gz (17MB)\nArtifact uploaded: build.tar.gz (26MB)\nMinifying app.js\nGenerating source maps...\nRan 131 tests in 54s\nStep 2/24: Deploying\n\u2713 package completed\nyarn add: Done in 6.36s\nBundling styles.css\nCoverage: 71% statements, 75% branches\nMinifying app.js\nUsing Python 3.11\nUsing Python 3.11\nCoverage: 82% statements, 92% branches\nnpm install: added 412 packages\nException: RuntimeError\nImage pulled successfully\n[12:50:45] DEBUG: Initializing service\nDone.\nNODE_ENV=production\nException: TypeError\nCompiling components/index.js...\nWaiting...\nStep 11/18: Linting\nPulling image: alpine:3.11\nCache invalidated: build\nFetching submodules...\nHEAD is now at f7cc15a\nEnvironment: test\nCompiling src/handler.rs...\n[12:50:45] DEBUG: Query executed in 93ms\nVerifying...\n[12:50:45] INFO: Request completed\n\u2713 deploy completed\nCoverage: 77% statements, 81% branches\n\u26a0 DEPRECATION: Feature will be removed in v3.0\nFetching from https://github.com/package.json\nnpm notice: created a lockfile\nNODE_ENV=production\n\u26a0 DEPRECATION: Feature will be removed in v2.0\n[12:50:45] DEBUG: Initializing service\nFetching submodules...\nPOST /upload - 201 (189ms)\nPulling image: python:latest\nStep 17/22: Installing dependencies\n[12:50:45] INFO: Cache refreshed\nInstalling axios@2.7.5\nFAILED: test_db_connect\nTest Suites: 26 passed, 29 total\nWaiting...\nGET /status - 201 (90ms)\nArtifact uploaded: dist.zip (35MB)\nAlready up to date.\nCompiling src/handler.rs...\nLoading...\nRan 181 tests in 37s\nCoverage: 80% statements, 97% branches\nnpm install: resolved 1474 packages\nMinifying main.js\nPOST /data - 200 (203ms)\n[12:50:45] DEBUG: Memory usage: 1963MB\nSuccess!\nPulling image: alpine:latest\npip: Collecting prettier\nnpm install: added 394 packages\nTransforming 850 files...\nGET /health - 201 (72ms)\nLayer 3/12: ENV command\n[12:50:45] DEBUG: Connection pool: 2 active\n\u2717 build failed with exit code 67\n[12:50:45] INFO: Cache refreshed\n\u26a0 DEPRECATION: Feature will be removed in v3.0\nnpm install: resolved 171 packages\nMinifying app.js\nInstalling lodash@3.7.5\nnpm install: added 87 packages\nyarn add: Done in 15.9s\n[12:50:45] INFO: Request completed\nRan 167 tests in 8s\n[12:50:45] INFO: Connecting to database\nWARNING: react has known vulnerabilities\nTests: 100 passed, 181 total\n  PASS: test_auth_login (240ms)\nnpm notice: created a lockfile\nFAILED: test_api_health\n[12:50:45] INFO: Processing request\nWaiting...\n[12:50:45] INFO: Cache refreshed\nWaiting...\n\u2713 validate completed\nOK\nStep 1/21: Linting\nFetching from https://docker.io/package.json\n=== Step lint completed ===\n=== Step: restore_cache ===\nStep 9/19: Testing\nImage pulled successfully\nBuilding Docker image...\nUsing Python 3.10\n[12:50:45] INFO: Cache refreshed\nCompiling lib/app.ts...\nCompiling utils/main.py...\n[12:50:45] INFO: Connecting to database\nProcessing...\nStep 8/17: Linting\nImage pulled successfully\nChecking out master branch\n  PASS: test_api_health (5ms)\nMinifying main.js\nnpm install: resolved 1125 packages\n[12:50:45] DEBUG: Query executed in 78ms\nCompiling src/utils.go...\n\u2717 build failed with exit code 9\nTLS handshake completed\nLayer 5/14: COPY command\nException: NullPointerException\nCache invalidated: build\n\u2713 Step 'build' succeeded\nVerifying...\n[12:50:45] ERROR: Connection failed\nCompleted.\nSnapshots: 40 passed, 13 total\nCache miss for key-3291\nOK\nImage pulled successfully\nCompleted.\nEnvironment: production\n[12:50:45] WARN: Deprecated API usage\nTest Suites: 33 passed, 39 total\n[12:50:45] DEBUG: Loading configuration\nVerifying...\nStep 2/24: Building\nWARNING: axios has known vulnerabilities\nCreating production build...\nCache invalidated: dependencies\nPlatform: win32-x64\nEnvironment: production\nCache hit for key-3926\n[12:50:45] WARN: Deprecated API usage\nRan 36 tests in 10s\n[12:50:45] INFO: Cache refreshed\nTransforming 442 files...\npip: Collecting webpack\nVerifying...\n\u2717 build failed with exit code 72\nCache saved successfully\nCache miss for key-9150\nDone.\nBuilding Docker image...\nnpm install: added 290 packages\n\u2713 Step 'test' succeeded\n[12:50:45] DEBUG: Memory usage: 201MB\nBuilding Docker image...\nStep 14/23: Running migrations\n[12:50:45] DEBUG: Loading configuration\nTests: 382 passed, 373 total\nInstalling lodash@2.0.6\n[12:50:45] INFO: Starting build process\nMinifying app.js\npip: Downloading jest-1.9.tar.gz\nLoading...\n\u2713 All checks passed\nCache miss for key-9870\nStep 3/19: Testing\npip: Downloading jest-4.6.tar.gz\npip install: Successfully installed webpack-1.15\nnpm install: added 167 packages\nException: RuntimeError\npip: Collecting express\n\u2713 All checks passed\nHEAD is now at bb598e9\nUploading artifact 'coverage' (26 files)\nnpm notice: package.json updated\n[12:50:45] INFO: Cache refreshed\nFetching from https://docker.io/package.json\nSwitched to branch 'bugfix/task-854'\nCompleted.\nStep 14/25: Testing\nWaiting...\n  PASS: e2e/test_api_health.spec.js\nFinished.\nEnvironment: production\nPOST /api - 201 (180ms)\nTransforming 547 files...\n[12:50:45] WARN: Deprecated API usage\nPOST /upload - 200 (80ms)\nOK\nPlatform: win32-x64\nWARNING: express has known vulnerabilities\nWaiting...\n\u2713 Step 'build' succeeded\nPlatform: linux-x64\n=== Step restore_cache completed ===\n=== Step: deploy_production ===\nStep 20/16: Running migrations\npip install: Successfully installed express-4.15\n  PASS: test_user_create (74ms)\nPushing to registry...\nUsing Python 3.10\nStep 10/18: Building\n\u26a0 DEPRECATION: Feature will be removed in v3.0\nGET /api - 200 (15ms)\nTransforming 380 files...\nArtifact uploaded: build.tar.gz (12MB)\n\u26a0 DEPRECATION: Feature will be removed in v5.0\nLoading...\nnpm notice: created a lockfile\nCompiling lib/index.js...\n[12:50:45] ERROR: Connection failed\nNODE_ENV=development\nLoading...\nStep 11/18: Deploying\nCache miss for key-5983\nFetching from https://registry.npmjs.org/package.json\nCache saved successfully\nMinifying main.js\nOK\n[12:50:45] INFO: Cache refreshed\nPlatform: darwin-arm64\n[12:50:45] DEBUG: Initializing service\nSnapshots: 2 passed, 34 total\nTest Suites: 11 passed, 7 total\nCompiling components/main.py...\nCache invalidated: node_modules\nPOST /api - 202 (86ms)\nNODE_ENV=test\nnpm install: resolved 1688 packages\n[12:50:45] DEBUG: Connection pool: 14 active\n\u2713 validate completed\nnpm install: added 143 packages\nCache invalidated: node_modules\nWARNING: axios has known vulnerabilities\n[12:50:45] INFO: Request completed\n\u2713 Task completed in 2944ms\nRan 133 tests in 33s\nTests: 301 passed, 240 total\nCache restored successfully (275MB)\nEnvironment: staging\nGET /health - 200 (17ms)\nCache miss for key-8237\nProcessing...\nOptimizing 98 modules...\nFetching from https://registry.npmjs.org/package.json\n[12:50:45] INFO: Connecting to database\npip: Downloading prettier-4.16.tar.gz\n  PASS: e2e/test_user_create.spec.js\nWARNING: express has known vulnerabilities\nWARNING: webpack has known vulnerabilities\n[12:50:45] INFO: Request completed\nUsing Node.js 14.12.6\nDone.\nUsing Python 3.10\n[12:50:45] ERROR: Connection failed\nImage pulled successfully\n\u2713 All checks passed\nCache miss for key-2988\nCompiling utils/handler.rs...\nArtifact uploaded: build.tar.gz (39MB)\nCache restored successfully (50MB)\nFetching submodules...\nBuilding Docker image...\nTests: 278 passed, 364 total\nArtifact uploaded: dist.zip (30MB)\nCompleted.\n[12:50:45] DEBUG: Query executed in 88ms\nProcessing...\npip: Collecting axios\nnpm install: resolved 856 packages\npip: Collecting webpack\nStep 2/25: Building\nTLS handshake completed\nArtifact uploaded: build.tar.gz (50MB)\nCompiling lib/handler.rs...\n  PASS: unit/test_db_connect.spec.js\nBundling styles.css\n[12:50:45] DEBUG: Query executed in 31ms\nNODE_ENV=test\nCache saved successfully\n[12:50:45] INFO: Starting build process\nSwitched to branch 'bugfix/task-717'\nFAILED: test_cache_hit\nWARNING: prettier has known vulnerabilities\n[12:50:45] DEBUG: Connection pool: 18 active\nChecking out master branch\nTests: 385 passed, 100 total\n[12:50:45] WARN: Deprecated API usage\n[12:50:45] INFO: Processing request\nVerifying...\nCompiling utils/index.js...\nCompiling src/handler.rs...\nArtifact downloaded: 5MB\n=== Step deploy_production completed ===\n=== Step: type_check ===\nSnapshots: 21 passed, 30 total\nStep 12/17: Deploying\nCache invalidated: node_modules\nDone.\nnpm notice: created a lockfile\nEnvironment: staging\nVerifying...\nUploading artifact 'dist' (19 files)\n[12:50:45] INFO: Processing request\nStep 10/22: Running migrations\nUsing Node.js 14.10.7\n[12:50:45] DEBUG: Memory usage: 793MB\nArtifact uploaded: build.tar.gz (33MB)\nStep 4/16: Building\n[12:50:45] DEBUG: Memory usage: 1231MB\nStep 4/18: Deploying\nBundling runtime.js\nnpm notice: package.json updated\nNODE_ENV=production\nGenerating source maps...\nSwitched to branch 'hotfix/task-715'\nyarn add: Done in 30.16s\nVerifying...\nBundling vendor.css\npip install: Successfully installed axios-1.18\n[12:50:45] DEBUG: Loading configuration\nLoading...\nTest Suites: 16 passed, 32 total\n[12:50:45] INFO: Request completed\nUploading artifact 'coverage' (8 files)\n\u26a0 DEPRECATION: Feature will be removed in v4.0\nWARNING: eslint has known vulnerabilities\nUploading artifact 'coverage' (43 files)\nStep 8/23: Deploying\n[12:50:45] INFO: Starting build process\n[12:50:45] WARN: Deprecated API usage\nCompiling utils/utils.go...\nWARNING: eslint has known vulnerabilities\nCompiling components/main.py...\nPlatform: linux-x64\n[12:50:45] INFO: Cache refreshed\nFinished.\nUploading artifact 'coverage' (44 files)\nArtifact downloaded: 23MB\nChecking out main branch\nUsing Python 3.10\nCoverage: 80% statements, 76% branches\nCache invalidated: dependencies\nCache invalidated: node_modules\nCache miss for key-6796\nCompiling lib/service.java...\nCompiling src/app.ts...\nReady.\nHEAD is now at f4ea2e1\nCache miss for key-1333\nCompiling utils/index.js...\n  PASS: test_user_create (413ms)\nChecking out master branch\npip install: Successfully installed react-5.17\nHEAD is now at 0674624\nnpm install: resolved 1167 packages\nPushing to registry...\nTest Suites: 16 passed, 8 total\nFinished.\n  PASS: test_auth_login (306ms)\nnpm notice: created a lockfile\nCache saved successfully\nReady.\n\u2713 Step 'setup' succeeded\nWaiting...\nNODE_ENV=development\nWARNING: webpack has known vulnerabilities\n[12:50:45] INFO: Cache refreshed\nConnection established\nWARNING: express has known vulnerabilities\nException: ValueError\nLayer 8/10: ENV command\nRan 65 tests in 41s\nCache saved successfully\nStep 20/25: Deploying\nGET /api - 201 (48ms)\nCompiling utils/handler.rs...\nFetching submodules...\n[12:50:45] DEBUG: Memory usage: 1536MB\nException: ValueError\nArtifact uploaded: dist.zip (20MB)\nnpm install: resolved 520 packages\nWARNING: express has known vulnerabilities\nCompiling lib/service.java...\nnpm notice: package.json updated\n[12:50:45] DEBUG: Initializing service\n[12:50:45] INFO: Processing request\nOptimizing 41 modules...\nOptimizing 65 modules...\nChecking out master branch\nTransforming 336 files...\nFetching from https://googleapis.com/package.json\n=== Step type_check completed ===\n=== Step: setup_environment ===\nPOST /api - 201 (63ms)\nUploading artifact 'build' (17 files)\nUploading artifact 'dist' (18 files)\nCreating production build...\nFetching from https://registry.npmjs.org/package.json\nBuilding Docker image...\nProcessing...\npip: Downloading express-3.7.tar.gz\n\u2713 package completed\nFAILED: test_user_create\nTransforming 947 files...\nSwitched to branch 'feature/task-489'\nnpm notice: created a lockfile\nArtifact downloaded: 19MB\nDone.\nUsing Node.js 15.19.1\nImage pulled successfully\nSuccess!\nRan 183 tests in 19s\nGET /health - 200 (54ms)\nUsing Node.js 15.15.10\nOptimizing 19 modules...\nTest Suites: 38 passed, 15 total\n\u2717 build failed with exit code 10\nReady.\n\u26a0 DEPRECATION: Feature will be removed in v3.0\nTest Suites: 38 passed, 14 total\n\u2713 Task completed in 986ms\npip: Collecting prettier\nPOST /api - 201 (357ms)\nBuilding Docker image...\nCache saved successfully\n[12:50:45] ERROR: Connection failed\nFinished.\nMinifying vendor.js\nConnection established\npip: Collecting express\n\u26a0 DEPRECATION: Feature will be removed in v4.0\nFAILED: test_auth_login\nOptimizing 31 modules...\n[12:50:45] INFO: Cache refreshed\nFetching from https://gcr.io/package.json\npip: Downloading express-1.16.tar.gz\n[12:50:45] DEBUG: Memory usage: 1364MB\nInstalling react@3.14.6\nCoverage: 82% statements, 60% branches\nCompleted.\n[12:50:45] INFO: Request completed\nGET /health - 201 (63ms)\nCreating production build...\nSwitched to branch 'hotfix/task-115'\nCache restored successfully (283MB)\nCreating production build...\nConnection established\nVerifying...\nProcessing...\nUploading artifact 'coverage' (33 files)\nUploading artifact 'build' (35 files)\nSuccess!\nReady.\n[12:50:45] INFO: Starting build process\nyarn add: Done in 23.34s\nException: RuntimeError\nUploading artifact 'coverage' (23 files)\npip: Collecting express\n\u26a0 DEPRECATION: Feature will be removed in v3.0\nStep 5/17: Linting\nPlatform: linux-x64\nArtifact uploaded: build.tar.gz (2MB)\nEnvironment: production\nCoverage: 90% statements, 76% branches\npip: Downloading eslint-5.14.tar.gz\nWARNING: webpack has known vulnerabilities\nCompiling utils/service.java...\nnpm install: resolved 1124 packages\nPulling image: python:3.11\n[12:50:45] INFO: Request completed\npip: Collecting webpack\nFetching submodules...\nWARNING: eslint has known vulnerabilities\nWARNING: react has known vulnerabilities\n[12:50:45] DEBUG: Query executed in 97ms\npip install: Successfully installed lodash-3.2\nCompiling components/main.py...\nCache miss for key-1094\nArtifact downloaded: 34MB\nSuccess!\nnpm notice: created a lockfile\nTest Suites: 33 passed, 5 total\nPushing to registry...\nWARNING: lodash has known vulnerabilities\nImage pulled successfully\nStep 7/24: Installing dependencies\nFetching submodules...\nUsing Python 3.10\n[12:50:45] WARN: Deprecated API usage\n\u2713 deploy completed\n=== Step setup_environment completed ===\n=== Step: e2e_tests ===\n[12:50:45] ERROR: Connection failed\nLayer 9/10: COPY command\nUsing Python 3.10\nDone.\nReady.\nException: TypeError\nStep 9/15: Installing dependencies\nProcessing...\nFAILED: test_auth_login\nnpm notice: created a lockfile\nRan 31 tests in 40s\nStep 9/20: Deploying\nVerifying...\nFetching submodules...\n[12:50:45] DEBUG: Memory usage: 429MB\n[12:50:45] DEBUG: Initializing service\nFetching submodules...\n[12:50:45] ERROR: Connection failed\nGET /status - 200 (66ms)\nPulling image: node:latest\n\u2713 package completed\nArtifact downloaded: 33MB\nWaiting...\nBuilding Docker image...\nImage pulled successfully\nnpm notice: package.json updated\nHEAD is now at f3c6c62\nCache hit for key-3942\nSnapshots: 38 passed, 23 total\npip install: Successfully installed webpack-4.4\nRan 144 tests in 10s\n  PASS: e2e/test_api_health.spec.js\nStep 3/25: Linting\nLoading...\nAlready up to date.\n\u2713 package completed\nBuilding Docker image...\nMinifying main.js\nStep 1/24: Installing dependencies\n\u2713 All checks passed\nFinished.\nTLS handshake completed\nPushing to registry...\nnpm notice: created a lockfile\npip install: Successfully installed lodash-4.18\nCompleted.\nHEAD is now at bb954d3\nArtifact downloaded: 50MB\n  PASS: test_db_connect (316ms)\n\u2713 Step 'checkout' succeeded\nCache saved successfully\n\u2713 Task completed in 4416ms\nSnapshots: 27 passed, 4 total\n[12:50:45] INFO: Starting build process\nArtifact downloaded: 16MB\npip install: Successfully installed webpack-3.8\nReady.\nCache hit for key-2202\npip: Collecting jest\nCreating production build...\nWaiting...\nStep 13/25: Installing dependencies\nFAILED: test_auth_login\nChecking out main branch\nCompiling components/service.java...\n[12:50:45] WARN: Deprecated API usage\nSuccess!\n\u2713 All checks passed\nProcessing...\nOK\n[12:50:45] DEBUG: Connection pool: 8 active\n[12:50:45] INFO: Starting build process\nStep 3/23: Running migrations\nCache invalidated: node_modules\n\u2713 All checks passed\n\u26a0 DEPRECATION: Feature will be removed in v5.0\nBundling styles.css\nUsing Node.js 16.8.7\nPushing to registry...\nCompiling lib/index.js...\n[12:50:45] DEBUG: Query executed in 9ms\nAlready up to date.\nyarn add: Done in 26.18s\nyarn add: Done in 1.26s\nCache miss for key-8933\nCache saved successfully\nInstalling axios@4.13.6\nUploading artifact 'build' (1 files)\n[12:50:45] DEBUG: Connection pool: 6 active\nArtifact uploaded: dist.zip (45MB)\nStep 18/17: Testing\nOptimizing 95 modules...\nPushing to registry...\n\u2713 Step 'test' succeeded\n\u2713 Task completed in 2778ms\nPlatform: darwin-arm64\nFetching submodules...\n=== Step e2e_tests completed ===\n=== Step: unit_tests ===\nUsing Python 3.10\n\u26a0 DEPRECATION: Feature will be removed in v4.0\n[12:50:45] INFO: Cache refreshed\nCompiling lib/utils.go...\nCompiling lib/utils.go...\n\u2713 lint completed\n\u26a0 DEPRECATION: Feature will be removed in v5.0\nOptimizing 50 modules...\n[12:50:45] DEBUG: Connection pool: 9 active\nRan 74 tests in 10s\nCompiling components/main.py...\nHEAD is now at 4f82a94\nWARNING: express has known vulnerabilities\nMinifying main.js\nProcessing...\n[12:50:45] INFO: Cache refreshed\nException: NullPointerException\nnpm notice: package.json updated\nCache hit for key-3121\n\u2713 package completed\npip install: Successfully installed prettier-4.0\nStep 14/24: Testing\nReady.\n[12:50:45] DEBUG: Connection pool: 13 active\nConnection established\n[12:50:45] ERROR: Connection failed\n[12:50:45] DEBUG: Loading configuration\n\u2713 All checks passed\nArtifact uploaded: dist.zip (89MB)\nTest Suites: 27 passed, 24 total\npip: Installing build dependencies...\nBundling runtime.css\n\u2713 lint completed\nCompiling components/service.java...\nyarn add: Done in 13.50s\nStep 12/23: Installing dependencies\n\u2713 Step 'checkout' succeeded\nArtifact uploaded: build.tar.gz (11MB)\nBundling runtime.css\nFetching submodules...\nConnection established\nNODE_ENV=development\n[12:50:45] INFO: Connecting to database\nInstalling jest@1.4.5\nGenerating source maps...\nnpm install: resolved 1967 packages\n[12:50:45] INFO: Connecting to database\nRan 183 tests in 37s\n[12:50:45] WARN: Deprecated API usage\n[12:50:45] INFO: Processing request\nFetching submodules...\nPulling image: node:18\nPushing to registry...\n\u2713 All checks passed\npip: Downloading jest-5.1.tar.gz\nStep 11/22: Building\n[12:50:45] DEBUG: Loading configuration\nFetching from https://gcr.io/package.json\nPushing to registry...\n  PASS: e2e/test_api_health.spec.js\nStep 14/25: Linting\nBuilding Docker image...\nMinifying app.js\nFetching submodules...\n  PASS: test_auth_login (46ms)\n[12:50:45] DEBUG: Memory usage: 1935MB\nnpm install: added 175 packages\nEnvironment: development\nCache saved successfully\npip: Installing build dependencies...\nInstalling react@3.4.8\nLayer 8/12: RUN command\n[12:50:45] DEBUG: Loading configuration\nPOST /data - 201 (201ms)\nnpm install: resolved 1044 packages\nPushing to registry...\nAlready up to date.\npip install: Successfully installed react-3.4\nPlatform: darwin-arm64\nCompleted.\n\u26a0 DEPRECATION: Feature will be removed in v2.0\nSwitched to branch 'bugfix/task-293'\nBuilding Docker image...\nCoverage: 86% statements, 69% branches\nTest Suites: 10 passed, 29 total\n[12:50:45] INFO: Processing request\n  PASS: test_api_health (153ms)\nnpm notice: created a lockfile\nConnection established\nnpm install: resolved 768 packages\nStep 2/15: Running migrations\nSnapshots: 40 passed, 3 total\nOptimizing 41 modules...\nArtifact uploaded: dist.zip (75MB)\n[12:50:45] INFO: Connecting to database\nGenerating source maps...\nArtifact uploaded: dist.zip (27MB)\n=== Step unit_tests completed ===\n=== Step: checkout ===\nFetching from https://amazonaws.com/package.json\nReady.\nStep 17/20: Linting\n\u2713 Task completed in 2953ms\npip: Collecting lodash\nLayer 9/9: ENV command\nCompiling lib/service.java...\nGenerating source maps...\nTransforming 353 files...\nArtifact uploaded: build.tar.gz (2MB)\nTests: 75 passed, 68 total\nEnvironment: staging\n\u26a0 DEPRECATION: Feature will be removed in v5.0\n[12:50:45] DEBUG: Memory usage: 1269MB\nCache miss for key-3020\npip install: Successfully installed prettier-5.15\nOK\nLoading...\nPlatform: win32-x64\nTests: 379 passed, 99 total\n[12:50:45] INFO: Connecting to database\n[12:50:45] DEBUG: Memory usage: 1328MB\nLoading...\nLayer 8/9: COPY command\n[12:50:45] INFO: Starting build process\nFetching from https://amazonaws.com/package.json\nnpm notice: package.json updated\n\u2713 Step 'build' succeeded\n[12:50:45] DEBUG: Connection pool: 16 active\n[12:50:45] DEBUG: Initializing service\nArtifact downloaded: 17MB\nnpm install: resolved 1912 packages\n\u26a0 DEPRECATION: Feature will be removed in v4.0\n\u2713 All checks passed\nGET /health - 204 (24ms)\nUsing Node.js 15.11.8\nVerifying...\nStep 10/23: Building\n[12:50:45] DEBUG: Connection pool: 12 active\npip: Collecting eslint\nVerifying...\nConnection established\nnpm install: added 287 packages\nRan 172 tests in 24s\nUsing Python 3.11\nRan 84 tests in 43s\n[12:50:45] DEBUG: Initializing service\nChecking out master branch\nDone.\n\u2713 All checks passed\nTransforming 168 files...\npip: Collecting react\n\u26a0 DEPRECATION: Feature will be removed in v4.0\nFAILED: test_user_create\nLoading...\nStep 6/25: Testing\nWARNING: express has known vulnerabilities\nTransforming 903 files...\npip: Installing build dependencies...\n[12:50:45] INFO: Processing request\nBuilding Docker image...\nConnection established\nLayer 8/14: COPY command\nArtifact uploaded: build.tar.gz (46MB)\nTest Suites: 10 passed, 43 total\npip: Downloading jest-1.1.tar.gz\nChecking out master branch\n[12:50:45] DEBUG: Memory usage: 910MB\nReady.\nRan 170 tests in 17s\nSnapshots: 19 passed, 42 total\n[12:50:45] DEBUG: Connection pool: 19 active\n[12:50:45] WARN: Deprecated API usage\nHEAD is now at dcf5dfb\nCompiling src/app.ts...\nSuccess!\nTransforming 359 files...\n[12:50:45] INFO: Connecting to database\nyarn add: Done in 30.75s\nUsing Node.js 16.4.7\nChecking out main branch\nArtifact uploaded: dist.zip (32MB)\nWARNING: lodash has known vulnerabilities\n\u2713 package completed\n[12:50:45] DEBUG: Loading configuration\n[12:50:45] DEBUG: Query executed in 13ms\nTransforming 839 files...\nCompleted.\nyarn add: Done in 25.82s\n[12:50:45] WARN: Deprecated API usage\nnpm install: added 427 packages\nTime: 119.834s\n\u2713 All checks passed\nCompiling components/index.js...\nWARNING: express has known vulnerabilities\nWaiting...\nWARNING: lodash has known vulnerabilities\n=== Step checkout completed ===\n=== Step: deploy_staging ===\nTest Suites: 12 passed, 8 total\nSuccess!\nArtifact uploaded: build.tar.gz (3MB)\nFinished.\n[12:50:45] DEBUG: Query executed in 69ms\nTLS handshake completed\n\u26a0 DEPRECATION: Feature will be removed in v4.0\nStep 19/20: Deploying\n[12:50:45] WARN: Deprecated API usage\nImage pulled successfully\nPOST /upload - 202 (238ms)\nEnvironment: development\nAlready up to date.\n\u26a0 DEPRECATION: Feature will be removed in v4.0\nArtifact downloaded: 32MB\n  PASS: test_api_health (242ms)\nWaiting...\nNODE_ENV=production\nnpm install: resolved 1321 packages\n  PASS: test_cache_hit (76ms)\nCompiling src/index.js...\n[12:50:45] WARN: Deprecated API usage\nOptimizing 20 modules...\nConnection established\nStep 14/21: Testing\nLoading...\nTime: 91.370s\n[12:50:45] DEBUG: Initializing service\nAlready up to date.\nEnvironment: test\n[12:50:45] DEBUG: Memory usage: 364MB\n[12:50:45] INFO: Processing request\nCache restored successfully (462MB)\nImage pulled successfully\nArtifact uploaded: build.tar.gz (7MB)\nEnvironment: test\nyarn add: Done in 5.81s\n  PASS: test_user_create (431ms)\npip: Installing build dependencies...\nArtifact downloaded: 47MB\nStep 1/22: Deploying\npip install: Successfully installed webpack-2.5\nPushing to registry...\n[12:50:45] INFO: Starting build process\n[12:50:45] INFO: Cache refreshed\nCompiling utils/index.js...\nTest Suites: 12 passed, 19 total\npip: Collecting jest\nFinished.\nCreating production build...\n[12:50:45] WARN: Deprecated API usage\nVerifying...\n[12:50:45] DEBUG: Memory usage: 390MB\nStep 6/21: Running migrations\nHEAD is now at ecaa9d4\nReady.\n\u2713 build completed\n\u2713 lint completed\nCompiling lib/utils.go...\nWARNING: prettier has known vulnerabilities\nCreating production build...\nStep 5/15: Installing dependencies\npip install: Successfully installed prettier-4.1\n[12:50:45] ERROR: Connection failed\nCache invalidated: dependencies\nCompiling lib/service.java...\n\u2713 Task completed in 4550ms\n[12:50:45] DEBUG: Connection pool: 10 active\nHEAD is now at cd00cb7\nArtifact downloaded: 27MB\npip install: Successfully installed eslint-5.11\n[12:50:45] WARN: Deprecated API usage\nImage pulled successfully\nMinifying vendor.js\nUsing Python 3.10\nCreating production build...\nCache miss for key-1910\n\u2713 Step 'test' succeeded\nAlready up to date.\nnpm install: resolved 1318 packages\nArtifact uploaded: dist.zip (81MB)\n\u2713 build completed\npip: Collecting react\nTime: 63.435s\nRan 99 tests in 15s\nStep 11/17: Running migrations\nProcessing...\n[12:50:45] DEBUG: Connection pool: 2 active\n\u26a0 DEPRECATION: Feature will be removed in v2.0\nTests: 141 passed, 309 total\n[12:50:45] WARN: Deprecated API usage\nSwitched to branch 'feature/task-528'\nPOST /api - 200 (411ms)\n[12:50:45] DEBUG: Initializing service\nCompiling lib/utils.go...\n\u2713 All checks passed\n\u2713 All checks passed\n=== Step deploy_staging completed ===\n=== Step: setup_node ===\nTest Suites: 7 passed, 30 total\nOK\nCreating production build...\n[12:50:45] INFO: Connecting to database\nStep 7/17: Linting\nBundling vendor.js\nCache saved successfully\n  PASS: unit/test_cache_hit.spec.js\n\u2713 Step 'checkout' succeeded\nEnvironment: production\nDone.\n\u2717 build failed with exit code 65\n[12:50:45] WARN: Deprecated API usage\n\u2713 Task completed in 3846ms\nyarn add: Done in 8.54s\nCache saved successfully\nTests: 200 passed, 149 total\nWaiting...\nTLS handshake completed\n[12:50:45] INFO: Connecting to database\nCache invalidated: build\nTransforming 337 files...\nUsing Python 3.12\nGET /health - 204 (75ms)\nVerifying...\nBundling runtime.css\npip: Installing build dependencies...\nRan 160 tests in 43s\nFinished.\nConnection established\nSuccess!\nArtifact uploaded: dist.zip (20MB)\nUsing Node.js 18.10.8\nUsing Python 3.12\nnpm notice: package.json updated\n\u2717 build failed with exit code 62\nCache saved successfully\nnpm install: resolved 1353 packages\nRan 169 tests in 40s\nLoading...\nUsing Node.js 15.19.1\n[12:50:45] DEBUG: Memory usage: 297MB\n\u26a0 DEPRECATION: Feature will be removed in v5.0\nReady.\nUsing Python 3.11\nNODE_ENV=production\nSwitched to branch 'hotfix/task-639'\npip install: Successfully installed express-1.7\nCache saved successfully\n[12:50:45] INFO: Processing request\npip install: Successfully installed jest-5.3\n[12:50:45] DEBUG: Initializing service\n\u2717 build failed with exit code 73\nSuccess!\n[12:50:45] DEBUG: Initializing service\nTLS handshake completed\n\u2713 Step 'checkout' succeeded\nFinished.\nUploading artifact 'dist' (4 files)\nTests: 265 passed, 455 total\nInstalling axios@2.11.10\nConnection established\nDone.\nCompiling components/index.js...\nCreating production build...\n\u2717 build failed with exit code 108\n\u26a0 DEPRECATION: Feature will be removed in v4.0\nCompiling lib/index.js...\nCoverage: 72% statements, 79% branches\nProcessing...\nConnection established\nCreating production build...\nTLS handshake completed\nTest Suites: 33 passed, 11 total\nPOST /data - 201 (140ms)\nStep 12/15: Building\nnpm install: added 43 packages\n\u2713 Step 'install' succeeded\n\u2713 Step 'build' succeeded\npip: Installing build dependencies...\n[12:50:45] DEBUG: Query executed in 15ms\n\u2713 Task completed in 3415ms\nCoverage: 71% statements, 95% branches\nFinished.\nTest Suites: 26 passed, 23 total\n[12:50:45] INFO: Cache refreshed\npip: Collecting axios\nCompleted.\nWARNING: axios has known vulnerabilities\nAlready up to date.\n[12:50:45] ERROR: Connection failed\nGenerating source maps...\n[12:50:45] DEBUG: Memory usage: 1650MB\npip install: Successfully installed prettier-4.13\nTests: 461 passed, 348 total\nArtifact downloaded: 7MB\nStep 6/25: Installing dependencies\n=== Step setup_node completed ===",
    "steps": [
      {
        "name": "install_dependencies",
        "status": "success",
        "started_at": "2025-12-16T12:50:45.224943",
        "finished_at": "2025-12-16T12:51:22.605527",
        "log_lines": [
          "=== Step: install_dependencies ===",
          "Cache invalidated: node_modules",
          "Artifact downloaded: 38MB",
          "Compiling lib/service.java...",
          "\u2713 Step 'test' succeeded",
          "Artifact downloaded: 15MB",
          "pip install: Successfully installed jest-3.0",
          "Fetching from https://gcr.io/package.json",
          "npm notice: created a lockfile",
          "POST /api - 200 (120ms)",
          "Snapshots: 26 passed, 23 total",
          "Step 3/21: Building",
          "Verifying...",
          "Generating source maps...",
          "Tests: 392 passed, 192 total",
          "Artifact downloaded: 8MB",
          "Step 4/23: Testing",
          "Image pulled successfully",
          "[12:50:45] WARN: Deprecated API usage",
          "Uploading artifact 'coverage' (48 files)",
          "\u26a0 DEPRECATION: Feature will be removed in v2.0",
          "Transforming 631 files...",
          "Loading...",
          "Step 13/22: Deploying",
          "pip: Installing build dependencies...",
          "Step 9/15: Testing",
          "Using Node.js 19.20.9",
          "\u26a0 DEPRECATION: Feature will be removed in v3.0",
          "FAILED: test_api_health",
          "WARNING: express has known vulnerabilities",
          "[12:50:45] ERROR: Connection failed",
          "Cache miss for key-7109",
          "Waiting...",
          "Compiling components/main.py...",
          "Processing...",
          "Ran 138 tests in 30s",
          "  PASS: integration/test_api_health.spec.js",
          "Snapshots: 19 passed, 26 total",
          "HEAD is now at 56b2bd9",
          "Ran 36 tests in 36s",
          "Step 2/23: Running migrations",
          "Layer 3/11: COPY command",
          "  PASS: test_auth_login (328ms)",
          "  PASS: test_auth_login (204ms)",
          "Success!",
          "Artifact downloaded: 21MB",
          "[12:50:45] INFO: Cache refreshed",
          "Coverage: 76% statements, 98% branches",
          "  PASS: unit/test_auth_login.spec.js",
          "Success!",
          "\u2713 Step 'build' succeeded",
          "Compiling lib/handler.rs...",
          "Step 10/25: Building",
          "\u26a0 DEPRECATION: Feature will be removed in v2.0",
          "pip: Downloading lodash-4.5.tar.gz",
          "Layer 10/12: RUN command",
          "[12:50:45] ERROR: Connection failed",
          "Minifying main.js",
          "npm install: resolved 1624 packages",
          "Tests: 378 passed, 370 total",
          "\u2713 Step 'install' succeeded",
          "[12:50:45] DEBUG: Memory usage: 110MB",
          "npm install: added 490 packages",
          "Using Python 3.10",
          "Completed.",
          "\u26a0 DEPRECATION: Feature will be removed in v5.0",
          "Cache restored successfully (194MB)",
          "FAILED: test_user_create",
          "npm install: added 332 packages",
          "Verifying...",
          "Test Suites: 11 passed, 50 total",
          "pip install: Successfully installed react-2.19",
          "Fetching submodules...",
          "Environment: production",
          "\u26a0 DEPRECATION: Feature will be removed in v2.0",
          "[12:50:45] INFO: Processing request",
          "[12:50:45] INFO: Starting build process",
          "[12:50:45] DEBUG: Initializing service",
          "Environment: test",
          "Exception: NullPointerException",
          "Snapshots: 27 passed, 19 total",
          "Cache restored successfully (388MB)",
          "[12:50:45] INFO: Cache refreshed",
          "Already up to date.",
          "Cache saved successfully",
          "[12:50:45] INFO: Connecting to database",
          "NODE_ENV=production",
          "Step 10/18: Installing dependencies",
          "\u26a0 DEPRECATION: Feature will be removed in v4.0",
          "Step 16/20: Installing dependencies",
          "NODE_ENV=development",
          "npm install: resolved 1978 packages",
          "[12:50:45] INFO: Connecting to database",
          "Generating source maps...",
          "Step 13/22: Testing",
          "Loading...",
          "pip: Collecting prettier",
          "Cache miss for key-2946",
          "=== Step install_dependencies completed ==="
        ]
      },
      {
        "name": "integration_tests",
        "status": "success",
        "started_at": "2025-12-16T12:51:22.605527",
        "finished_at": "2025-12-16T12:51:47.525916",
        "log_lines": [
          "=== Step: integration_tests ===",
          "\u26a0 DEPRECATION: Feature will be removed in v2.0",
          "Compiling utils/utils.go...",
          "Processing...",
          "Cache saved successfully",
          "Step 2/24: Running migrations",
          "Already up to date.",
          "[12:50:45] DEBUG: Initializing service",
          "Environment: production",
          "[12:50:45] DEBUG: Loading configuration",
          "Bundling main.css",
          "Artifact downloaded: 36MB",
          "yarn add: Done in 25.62s",
          "HEAD is now at ff0de0a",
          "Verifying...",
          "npm install: added 44 packages",
          "[12:50:45] WARN: Deprecated API usage",
          "[12:50:45] INFO: Connecting to database",
          "Step 8/17: Running migrations",
          "Processing...",
          "Cache invalidated: node_modules",
          "Switched to branch 'bugfix/task-101'",
          "Bundling styles.js",
          "Cache invalidated: node_modules",
          "HEAD is now at 7b9b22d",
          "Pushing to registry...",
          "Artifact uploaded: build.tar.gz (24MB)",
          "GET /status - 200 (81ms)",
          "Cache saved successfully",
          "Image pulled successfully",
          "Ready.",
          "Step 8/24: Linting",
          "Exception: RuntimeError",
          "Step 20/24: Deploying",
          "Finished.",
          "[12:50:45] DEBUG: Memory usage: 1588MB",
          "Done.",
          "Verifying...",
          "Pushing to registry...",
          "[12:50:45] DEBUG: Connection pool: 1 active",
          "\u26a0 DEPRECATION: Feature will be removed in v2.0",
          "Creating production build...",
          "Building Docker image...",
          "Fetching submodules...",
          "Artifact uploaded: build.tar.gz (35MB)",
          "Cache hit for key-8398",
          "pip: Downloading axios-4.5.tar.gz",
          "Test Suites: 33 passed, 5 total",
          "Ready.",
          "WARNING: eslint has known vulnerabilities",
          "Building Docker image...",
          "Success!",
          "NODE_ENV=production",
          "GET /status - 204 (100ms)",
          "WARNING: jest has known vulnerabilities",
          "Coverage: 85% statements, 71% branches",
          "Image pulled successfully",
          "GET /health - 201 (57ms)",
          "Image pulled successfully",
          "[12:50:45] DEBUG: Initializing service",
          "Cache invalidated: dependencies",
          "[12:50:45] WARN: Deprecated API usage",
          "Fetching from https://github.com/package.json",
          "Optimizing 22 modules...",
          "Minifying app.js",
          "Platform: linux-x64",
          "npm install: added 234 packages",
          "Success!",
          "Environment: development",
          "\u2713 Step 'build' succeeded",
          "Waiting...",
          "Coverage: 96% statements, 90% branches",
          "\u2713 test completed",
          "Environment: production",
          "Generating source maps...",
          "Step 16/25: Building",
          "Test Suites: 21 passed, 46 total",
          "Artifact uploaded: dist.zip (22MB)",
          "[12:50:45] WARN: Deprecated API usage",
          "Already up to date.",
          "WARNING: axios has known vulnerabilities",
          "Layer 6/13: ENV command",
          "Step 12/18: Testing",
          "Step 15/24: Building",
          "Coverage: 93% statements, 96% branches",
          "\u26a0 DEPRECATION: Feature will be removed in v3.0",
          "OK",
          "NODE_ENV=test",
          "Step 13/19: Linting",
          "Coverage: 100% statements, 73% branches",
          "Bundling runtime.css",
          "Switched to branch 'feature/task-706'",
          "Using Node.js 17.14.7",
          "Finished.",
          "  PASS: test_user_create (500ms)",
          "Fetching submodules...",
          "Done.",
          "[12:50:45] INFO: Processing request",
          "=== Step integration_tests completed ==="
        ]
      },
      {
        "name": "save_cache",
        "status": "success",
        "started_at": "2025-12-16T12:51:47.525916",
        "finished_at": "2025-12-16T12:51:55.002033",
        "log_lines": [
          "=== Step: save_cache ===",
          "Success!",
          "Compiling components/main.py...",
          "[12:50:45] INFO: Processing request",
          "Exception: NullPointerException",
          "[12:50:45] INFO: Cache refreshed",
          "[12:50:45] DEBUG: Memory usage: 1423MB",
          "GET /status - 201 (55ms)",
          "Compiling lib/main.py...",
          "pip: Collecting eslint",
          "WARNING: webpack has known vulnerabilities",
          "TLS handshake completed",
          "Loading...",
          "[12:50:45] DEBUG: Query executed in 40ms",
          "  PASS: test_api_health (402ms)",
          "  PASS: e2e/test_auth_login.spec.js",
          "GET /api - 201 (65ms)",
          "Compiling components/app.ts...",
          "[12:50:45] ERROR: Connection failed",
          "Environment: test",
          "WARNING: lodash has known vulnerabilities",
          "Layer 6/10: RUN command",
          "[12:50:45] WARN: Deprecated API usage",
          "Ready.",
          "Step 11/17: Linting",
          "Processing...",
          "Compiling utils/index.js...",
          "Ran 115 tests in 50s",
          "Connection established",
          "[12:50:45] INFO: Cache refreshed",
          "Step 16/24: Building",
          "[12:50:45] DEBUG: Query executed in 30ms",
          "[12:50:45] WARN: Deprecated API usage",
          "Artifact uploaded: build.tar.gz (32MB)",
          "Cache saved successfully",
          "Connection established",
          "Already up to date.",
          "\u2713 All checks passed",
          "Optimizing 61 modules...",
          "[12:50:45] INFO: Processing request",
          "[12:50:45] WARN: Deprecated API usage",
          "Creating production build...",
          "Pulling image: node:latest",
          "Compiling components/utils.go...",
          "pip: Downloading webpack-4.2.tar.gz",
          "[12:50:45] DEBUG: Initializing service",
          "Cache invalidated: dependencies",
          "Step 13/21: Deploying",
          "[12:50:45] DEBUG: Initializing service",
          "Processing...",
          "Artifact uploaded: dist.zip (90MB)",
          "WARNING: eslint has known vulnerabilities",
          "Ran 187 tests in 18s",
          "WARNING: express has known vulnerabilities",
          "[12:50:45] DEBUG: Query executed in 71ms",
          "  PASS: test_user_create (412ms)",
          "npm notice: created a lockfile",
          "[12:50:45] WARN: Deprecated API usage",
          "Ready.",
          "Loading...",
          "pip: Installing build dependencies...",
          "WARNING: jest has known vulnerabilities",
          "Cache hit for key-7260",
          "\u2717 build failed with exit code 61",
          "Compiling lib/index.js...",
          "Uploading artifact 'build' (6 files)",
          "Waiting...",
          "TLS handshake completed",
          "[12:50:45] INFO: Starting build process",
          "Platform: linux-x64",
          "\u26a0 DEPRECATION: Feature will be removed in v3.0",
          "pip: Installing build dependencies...",
          "[12:50:45] INFO: Request completed",
          "[12:50:45] INFO: Request completed",
          "Compiling lib/main.py...",
          "Tests: 53 passed, 302 total",
          "Step 16/19: Linting",
          "Fetching submodules...",
          "Verifying...",
          "[12:50:45] WARN: Deprecated API usage",
          "WARNING: jest has known vulnerabilities",
          "Compiling lib/utils.go...",
          "OK",
          "  PASS: integration/test_api_health.spec.js",
          "WARNING: eslint has known vulnerabilities",
          "NODE_ENV=development",
          "Step 14/18: Testing",
          "Already up to date.",
          "pip: Installing build dependencies...",
          "Completed.",
          "Exception: NullPointerException",
          "Transforming 754 files...",
          "OK",
          "Processing...",
          "Using Python 3.9",
          "npm install: resolved 669 packages",
          "Already up to date.",
          "Finished.",
          "=== Step save_cache completed ==="
        ]
      },
      {
        "name": "lint",
        "status": "success",
        "started_at": "2025-12-16T12:51:55.002033",
        "finished_at": "2025-12-16T12:52:07.462228",
        "log_lines": [
          "=== Step: lint ===",
          "[12:50:45] DEBUG: Loading configuration",
          "[12:50:45] DEBUG: Initializing service",
          "Step 2/24: Running migrations",
          "\u2713 Task completed in 3330ms",
          "Artifact uploaded: build.tar.gz (17MB)",
          "Artifact uploaded: build.tar.gz (26MB)",
          "Minifying app.js",
          "Generating source maps...",
          "Ran 131 tests in 54s",
          "Step 2/24: Deploying",
          "\u2713 package completed",
          "yarn add: Done in 6.36s",
          "Bundling styles.css",
          "Coverage: 71% statements, 75% branches",
          "Minifying app.js",
          "Using Python 3.11",
          "Using Python 3.11",
          "Coverage: 82% statements, 92% branches",
          "npm install: added 412 packages",
          "Exception: RuntimeError",
          "Image pulled successfully",
          "[12:50:45] DEBUG: Initializing service",
          "Done.",
          "NODE_ENV=production",
          "Exception: TypeError",
          "Compiling components/index.js...",
          "Waiting...",
          "Step 11/18: Linting",
          "Pulling image: alpine:3.11",
          "Cache invalidated: build",
          "Fetching submodules...",
          "HEAD is now at f7cc15a",
          "Environment: test",
          "Compiling src/handler.rs...",
          "[12:50:45] DEBUG: Query executed in 93ms",
          "Verifying...",
          "[12:50:45] INFO: Request completed",
          "\u2713 deploy completed",
          "Coverage: 77% statements, 81% branches",
          "\u26a0 DEPRECATION: Feature will be removed in v3.0",
          "Fetching from https://github.com/package.json",
          "npm notice: created a lockfile",
          "NODE_ENV=production",
          "\u26a0 DEPRECATION: Feature will be removed in v2.0",
          "[12:50:45] DEBUG: Initializing service",
          "Fetching submodules...",
          "POST /upload - 201 (189ms)",
          "Pulling image: python:latest",
          "Step 17/22: Installing dependencies",
          "[12:50:45] INFO: Cache refreshed",
          "Installing axios@2.7.5",
          "FAILED: test_db_connect",
          "Test Suites: 26 passed, 29 total",
          "Waiting...",
          "GET /status - 201 (90ms)",
          "Artifact uploaded: dist.zip (35MB)",
          "Already up to date.",
          "Compiling src/handler.rs...",
          "Loading...",
          "Ran 181 tests in 37s",
          "Coverage: 80% statements, 97% branches",
          "npm install: resolved 1474 packages",
          "Minifying main.js",
          "POST /data - 200 (203ms)",
          "[12:50:45] DEBUG: Memory usage: 1963MB",
          "Success!",
          "Pulling image: alpine:latest",
          "pip: Collecting prettier",
          "npm install: added 394 packages",
          "Transforming 850 files...",
          "GET /health - 201 (72ms)",
          "Layer 3/12: ENV command",
          "[12:50:45] DEBUG: Connection pool: 2 active",
          "\u2717 build failed with exit code 67",
          "[12:50:45] INFO: Cache refreshed",
          "\u26a0 DEPRECATION: Feature will be removed in v3.0",
          "npm install: resolved 171 packages",
          "Minifying app.js",
          "Installing lodash@3.7.5",
          "npm install: added 87 packages",
          "yarn add: Done in 15.9s",
          "[12:50:45] INFO: Request completed",
          "Ran 167 tests in 8s",
          "[12:50:45] INFO: Connecting to database",
          "WARNING: react has known vulnerabilities",
          "Tests: 100 passed, 181 total",
          "  PASS: test_auth_login (240ms)",
          "npm notice: created a lockfile",
          "FAILED: test_api_health",
          "[12:50:45] INFO: Processing request",
          "Waiting...",
          "[12:50:45] INFO: Cache refreshed",
          "Waiting...",
          "\u2713 validate completed",
          "OK",
          "Step 1/21: Linting",
          "Fetching from https://docker.io/package.json",
          "=== Step lint completed ==="
        ]
      },
      {
        "name": "restore_cache",
        "status": "success",
        "started_at": "2025-12-16T12:52:07.462228",
        "finished_at": "2025-12-16T12:52:14.938345",
        "log_lines": [
          "=== Step: restore_cache ===",
          "Step 9/19: Testing",
          "Image pulled successfully",
          "Building Docker image...",
          "Using Python 3.10",
          "[12:50:45] INFO: Cache refreshed",
          "Compiling lib/app.ts...",
          "Compiling utils/main.py...",
          "[12:50:45] INFO: Connecting to database",
          "Processing...",
          "Step 8/17: Linting",
          "Image pulled successfully",
          "Checking out master branch",
          "  PASS: test_api_health (5ms)",
          "Minifying main.js",
          "npm install: resolved 1125 packages",
          "[12:50:45] DEBUG: Query executed in 78ms",
          "Compiling src/utils.go...",
          "\u2717 build failed with exit code 9",
          "TLS handshake completed",
          "Layer 5/14: COPY command",
          "Exception: NullPointerException",
          "Cache invalidated: build",
          "\u2713 Step 'build' succeeded",
          "Verifying...",
          "[12:50:45] ERROR: Connection failed",
          "Completed.",
          "Snapshots: 40 passed, 13 total",
          "Cache miss for key-3291",
          "OK",
          "Image pulled successfully",
          "Completed.",
          "Environment: production",
          "[12:50:45] WARN: Deprecated API usage",
          "Test Suites: 33 passed, 39 total",
          "[12:50:45] DEBUG: Loading configuration",
          "Verifying...",
          "Step 2/24: Building",
          "WARNING: axios has known vulnerabilities",
          "Creating production build...",
          "Cache invalidated: dependencies",
          "Platform: win32-x64",
          "Environment: production",
          "Cache hit for key-3926",
          "[12:50:45] WARN: Deprecated API usage",
          "Ran 36 tests in 10s",
          "[12:50:45] INFO: Cache refreshed",
          "Transforming 442 files...",
          "pip: Collecting webpack",
          "Verifying...",
          "\u2717 build failed with exit code 72",
          "Cache saved successfully",
          "Cache miss for key-9150",
          "Done.",
          "Building Docker image...",
          "npm install: added 290 packages",
          "\u2713 Step 'test' succeeded",
          "[12:50:45] DEBUG: Memory usage: 201MB",
          "Building Docker image...",
          "Step 14/23: Running migrations",
          "[12:50:45] DEBUG: Loading configuration",
          "Tests: 382 passed, 373 total",
          "Installing lodash@2.0.6",
          "[12:50:45] INFO: Starting build process",
          "Minifying app.js",
          "pip: Downloading jest-1.9.tar.gz",
          "Loading...",
          "\u2713 All checks passed",
          "Cache miss for key-9870",
          "Step 3/19: Testing",
          "pip: Downloading jest-4.6.tar.gz",
          "pip install: Successfully installed webpack-1.15",
          "npm install: added 167 packages",
          "Exception: RuntimeError",
          "pip: Collecting express",
          "\u2713 All checks passed",
          "HEAD is now at bb598e9",
          "Uploading artifact 'coverage' (26 files)",
          "npm notice: package.json updated",
          "[12:50:45] INFO: Cache refreshed",
          "Fetching from https://docker.io/package.json",
          "Switched to branch 'bugfix/task-854'",
          "Completed.",
          "Step 14/25: Testing",
          "Waiting...",
          "  PASS: e2e/test_api_health.spec.js",
          "Finished.",
          "Environment: production",
          "POST /api - 201 (180ms)",
          "Transforming 547 files...",
          "[12:50:45] WARN: Deprecated API usage",
          "POST /upload - 200 (80ms)",
          "OK",
          "Platform: win32-x64",
          "WARNING: express has known vulnerabilities",
          "Waiting...",
          "\u2713 Step 'build' succeeded",
          "Platform: linux-x64",
          "=== Step restore_cache completed ==="
        ]
      },
      {
        "name": "deploy_production",
        "status": "success",
        "started_at": "2025-12-16T12:52:14.938345",
        "finished_at": "2025-12-16T12:52:19.922423",
        "log_lines": [
          "=== Step: deploy_production ===",
          "Step 20/16: Running migrations",
          "pip install: Successfully installed express-4.15",
          "  PASS: test_user_create (74ms)",
          "Pushing to registry...",
          "Using Python 3.10",
          "Step 10/18: Building",
          "\u26a0 DEPRECATION: Feature will be removed in v3.0",
          "GET /api - 200 (15ms)",
          "Transforming 380 files...",
          "Artifact uploaded: build.tar.gz (12MB)",
          "\u26a0 DEPRECATION: Feature will be removed in v5.0",
          "Loading...",
          "npm notice: created a lockfile",
          "Compiling lib/index.js...",
          "[12:50:45] ERROR: Connection failed",
          "NODE_ENV=development",
          "Loading...",
          "Step 11/18: Deploying",
          "Cache miss for key-5983",
          "Fetching from https://registry.npmjs.org/package.json",
          "Cache saved successfully",
          "Minifying main.js",
          "OK",
          "[12:50:45] INFO: Cache refreshed",
          "Platform: darwin-arm64",
          "[12:50:45] DEBUG: Initializing service",
          "Snapshots: 2 passed, 34 total",
          "Test Suites: 11 passed, 7 total",
          "Compiling components/main.py...",
          "Cache invalidated: node_modules",
          "POST /api - 202 (86ms)",
          "NODE_ENV=test",
          "npm install: resolved 1688 packages",
          "[12:50:45] DEBUG: Connection pool: 14 active",
          "\u2713 validate completed",
          "npm install: added 143 packages",
          "Cache invalidated: node_modules",
          "WARNING: axios has known vulnerabilities",
          "[12:50:45] INFO: Request completed",
          "\u2713 Task completed in 2944ms",
          "Ran 133 tests in 33s",
          "Tests: 301 passed, 240 total",
          "Cache restored successfully (275MB)",
          "Environment: staging",
          "GET /health - 200 (17ms)",
          "Cache miss for key-8237",
          "Processing...",
          "Optimizing 98 modules...",
          "Fetching from https://registry.npmjs.org/package.json",
          "[12:50:45] INFO: Connecting to database",
          "pip: Downloading prettier-4.16.tar.gz",
          "  PASS: e2e/test_user_create.spec.js",
          "WARNING: express has known vulnerabilities",
          "WARNING: webpack has known vulnerabilities",
          "[12:50:45] INFO: Request completed",
          "Using Node.js 14.12.6",
          "Done.",
          "Using Python 3.10",
          "[12:50:45] ERROR: Connection failed",
          "Image pulled successfully",
          "\u2713 All checks passed",
          "Cache miss for key-2988",
          "Compiling utils/handler.rs...",
          "Artifact uploaded: build.tar.gz (39MB)",
          "Cache restored successfully (50MB)",
          "Fetching submodules...",
          "Building Docker image...",
          "Tests: 278 passed, 364 total",
          "Artifact uploaded: dist.zip (30MB)",
          "Completed.",
          "[12:50:45] DEBUG: Query executed in 88ms",
          "Processing...",
          "pip: Collecting axios",
          "npm install: resolved 856 packages",
          "pip: Collecting webpack",
          "Step 2/25: Building",
          "TLS handshake completed",
          "Artifact uploaded: build.tar.gz (50MB)",
          "Compiling lib/handler.rs...",
          "  PASS: unit/test_db_connect.spec.js",
          "Bundling styles.css",
          "[12:50:45] DEBUG: Query executed in 31ms",
          "NODE_ENV=test",
          "Cache saved successfully",
          "[12:50:45] INFO: Starting build process",
          "Switched to branch 'bugfix/task-717'",
          "FAILED: test_cache_hit",
          "WARNING: prettier has known vulnerabilities",
          "[12:50:45] DEBUG: Connection pool: 18 active",
          "Checking out master branch",
          "Tests: 385 passed, 100 total",
          "[12:50:45] WARN: Deprecated API usage",
          "[12:50:45] INFO: Processing request",
          "Verifying...",
          "Compiling utils/index.js...",
          "Compiling src/handler.rs...",
          "Artifact downloaded: 5MB",
          "=== Step deploy_production completed ==="
        ]
      },
      {
        "name": "type_check",
        "status": "success",
        "started_at": "2025-12-16T12:52:19.922423",
        "finished_at": "2025-12-16T12:52:32.382618",
        "log_lines": [
          "=== Step: type_check ===",
          "Snapshots: 21 passed, 30 total",
          "Step 12/17: Deploying",
          "Cache invalidated: node_modules",
          "Done.",
          "npm notice: created a lockfile",
          "Environment: staging",
          "Verifying...",
          "Uploading artifact 'dist' (19 files)",
          "[12:50:45] INFO: Processing request",
          "Step 10/22: Running migrations",
          "Using Node.js 14.10.7",
          "[12:50:45] DEBUG: Memory usage: 793MB",
          "Artifact uploaded: build.tar.gz (33MB)",
          "Step 4/16: Building",
          "[12:50:45] DEBUG: Memory usage: 1231MB",
          "Step 4/18: Deploying",
          "Bundling runtime.js",
          "npm notice: package.json updated",
          "NODE_ENV=production",
          "Generating source maps...",
          "Switched to branch 'hotfix/task-715'",
          "yarn add: Done in 30.16s",
          "Verifying...",
          "Bundling vendor.css",
          "pip install: Successfully installed axios-1.18",
          "[12:50:45] DEBUG: Loading configuration",
          "Loading...",
          "Test Suites: 16 passed, 32 total",
          "[12:50:45] INFO: Request completed",
          "Uploading artifact 'coverage' (8 files)",
          "\u26a0 DEPRECATION: Feature will be removed in v4.0",
          "WARNING: eslint has known vulnerabilities",
          "Uploading artifact 'coverage' (43 files)",
          "Step 8/23: Deploying",
          "[12:50:45] INFO: Starting build process",
          "[12:50:45] WARN: Deprecated API usage",
          "Compiling utils/utils.go...",
          "WARNING: eslint has known vulnerabilities",
          "Compiling components/main.py...",
          "Platform: linux-x64",
          "[12:50:45] INFO: Cache refreshed",
          "Finished.",
          "Uploading artifact 'coverage' (44 files)",
          "Artifact downloaded: 23MB",
          "Checking out main branch",
          "Using Python 3.10",
          "Coverage: 80% statements, 76% branches",
          "Cache invalidated: dependencies",
          "Cache invalidated: node_modules",
          "Cache miss for key-6796",
          "Compiling lib/service.java...",
          "Compiling src/app.ts...",
          "Ready.",
          "HEAD is now at f4ea2e1",
          "Cache miss for key-1333",
          "Compiling utils/index.js...",
          "  PASS: test_user_create (413ms)",
          "Checking out master branch",
          "pip install: Successfully installed react-5.17",
          "HEAD is now at 0674624",
          "npm install: resolved 1167 packages",
          "Pushing to registry...",
          "Test Suites: 16 passed, 8 total",
          "Finished.",
          "  PASS: test_auth_login (306ms)",
          "npm notice: created a lockfile",
          "Cache saved successfully",
          "Ready.",
          "\u2713 Step 'setup' succeeded",
          "Waiting...",
          "NODE_ENV=development",
          "WARNING: webpack has known vulnerabilities",
          "[12:50:45] INFO: Cache refreshed",
          "Connection established",
          "WARNING: express has known vulnerabilities",
          "Exception: ValueError",
          "Layer 8/10: ENV command",
          "Ran 65 tests in 41s",
          "Cache saved successfully",
          "Step 20/25: Deploying",
          "GET /api - 201 (48ms)",
          "Compiling utils/handler.rs...",
          "Fetching submodules...",
          "[12:50:45] DEBUG: Memory usage: 1536MB",
          "Exception: ValueError",
          "Artifact uploaded: dist.zip (20MB)",
          "npm install: resolved 520 packages",
          "WARNING: express has known vulnerabilities",
          "Compiling lib/service.java...",
          "npm notice: package.json updated",
          "[12:50:45] DEBUG: Initializing service",
          "[12:50:45] INFO: Processing request",
          "Optimizing 41 modules...",
          "Optimizing 65 modules...",
          "Checking out master branch",
          "Transforming 336 files...",
          "Fetching from https://googleapis.com/package.json",
          "=== Step type_check completed ==="
        ]
      },
      {
        "name": "setup_environment",
        "status": "success",
        "started_at": "2025-12-16T12:52:32.382618",
        "finished_at": "2025-12-16T12:52:44.842813",
        "log_lines": [
          "=== Step: setup_environment ===",
          "POST /api - 201 (63ms)",
          "Uploading artifact 'build' (17 files)",
          "Uploading artifact 'dist' (18 files)",
          "Creating production build...",
          "Fetching from https://registry.npmjs.org/package.json",
          "Building Docker image...",
          "Processing...",
          "pip: Downloading express-3.7.tar.gz",
          "\u2713 package completed",
          "FAILED: test_user_create",
          "Transforming 947 files...",
          "Switched to branch 'feature/task-489'",
          "npm notice: created a lockfile",
          "Artifact downloaded: 19MB",
          "Done.",
          "Using Node.js 15.19.1",
          "Image pulled successfully",
          "Success!",
          "Ran 183 tests in 19s",
          "GET /health - 200 (54ms)",
          "Using Node.js 15.15.10",
          "Optimizing 19 modules...",
          "Test Suites: 38 passed, 15 total",
          "\u2717 build failed with exit code 10",
          "Ready.",
          "\u26a0 DEPRECATION: Feature will be removed in v3.0",
          "Test Suites: 38 passed, 14 total",
          "\u2713 Task completed in 986ms",
          "pip: Collecting prettier",
          "POST /api - 201 (357ms)",
          "Building Docker image...",
          "Cache saved successfully",
          "[12:50:45] ERROR: Connection failed",
          "Finished.",
          "Minifying vendor.js",
          "Connection established",
          "pip: Collecting express",
          "\u26a0 DEPRECATION: Feature will be removed in v4.0",
          "FAILED: test_auth_login",
          "Optimizing 31 modules...",
          "[12:50:45] INFO: Cache refreshed",
          "Fetching from https://gcr.io/package.json",
          "pip: Downloading express-1.16.tar.gz",
          "[12:50:45] DEBUG: Memory usage: 1364MB",
          "Installing react@3.14.6",
          "Coverage: 82% statements, 60% branches",
          "Completed.",
          "[12:50:45] INFO: Request completed",
          "GET /health - 201 (63ms)",
          "Creating production build...",
          "Switched to branch 'hotfix/task-115'",
          "Cache restored successfully (283MB)",
          "Creating production build...",
          "Connection established",
          "Verifying...",
          "Processing...",
          "Uploading artifact 'coverage' (33 files)",
          "Uploading artifact 'build' (35 files)",
          "Success!",
          "Ready.",
          "[12:50:45] INFO: Starting build process",
          "yarn add: Done in 23.34s",
          "Exception: RuntimeError",
          "Uploading artifact 'coverage' (23 files)",
          "pip: Collecting express",
          "\u26a0 DEPRECATION: Feature will be removed in v3.0",
          "Step 5/17: Linting",
          "Platform: linux-x64",
          "Artifact uploaded: build.tar.gz (2MB)",
          "Environment: production",
          "Coverage: 90% statements, 76% branches",
          "pip: Downloading eslint-5.14.tar.gz",
          "WARNING: webpack has known vulnerabilities",
          "Compiling utils/service.java...",
          "npm install: resolved 1124 packages",
          "Pulling image: python:3.11",
          "[12:50:45] INFO: Request completed",
          "pip: Collecting webpack",
          "Fetching submodules...",
          "WARNING: eslint has known vulnerabilities",
          "WARNING: react has known vulnerabilities",
          "[12:50:45] DEBUG: Query executed in 97ms",
          "pip install: Successfully installed lodash-3.2",
          "Compiling components/main.py...",
          "Cache miss for key-1094",
          "Artifact downloaded: 34MB",
          "Success!",
          "npm notice: created a lockfile",
          "Test Suites: 33 passed, 5 total",
          "Pushing to registry...",
          "WARNING: lodash has known vulnerabilities",
          "Image pulled successfully",
          "Step 7/24: Installing dependencies",
          "Fetching submodules...",
          "Using Python 3.10",
          "[12:50:45] WARN: Deprecated API usage",
          "\u2713 deploy completed",
          "=== Step setup_environment completed ==="
        ]
      },
      {
        "name": "e2e_tests",
        "status": "success",
        "started_at": "2025-12-16T12:52:44.842813",
        "finished_at": "2025-12-16T12:52:57.303008",
        "log_lines": [
          "=== Step: e2e_tests ===",
          "[12:50:45] ERROR: Connection failed",
          "Layer 9/10: COPY command",
          "Using Python 3.10",
          "Done.",
          "Ready.",
          "Exception: TypeError",
          "Step 9/15: Installing dependencies",
          "Processing...",
          "FAILED: test_auth_login",
          "npm notice: created a lockfile",
          "Ran 31 tests in 40s",
          "Step 9/20: Deploying",
          "Verifying...",
          "Fetching submodules...",
          "[12:50:45] DEBUG: Memory usage: 429MB",
          "[12:50:45] DEBUG: Initializing service",
          "Fetching submodules...",
          "[12:50:45] ERROR: Connection failed",
          "GET /status - 200 (66ms)",
          "Pulling image: node:latest",
          "\u2713 package completed",
          "Artifact downloaded: 33MB",
          "Waiting...",
          "Building Docker image...",
          "Image pulled successfully",
          "npm notice: package.json updated",
          "HEAD is now at f3c6c62",
          "Cache hit for key-3942",
          "Snapshots: 38 passed, 23 total",
          "pip install: Successfully installed webpack-4.4",
          "Ran 144 tests in 10s",
          "  PASS: e2e/test_api_health.spec.js",
          "Step 3/25: Linting",
          "Loading...",
          "Already up to date.",
          "\u2713 package completed",
          "Building Docker image...",
          "Minifying main.js",
          "Step 1/24: Installing dependencies",
          "\u2713 All checks passed",
          "Finished.",
          "TLS handshake completed",
          "Pushing to registry...",
          "npm notice: created a lockfile",
          "pip install: Successfully installed lodash-4.18",
          "Completed.",
          "HEAD is now at bb954d3",
          "Artifact downloaded: 50MB",
          "  PASS: test_db_connect (316ms)",
          "\u2713 Step 'checkout' succeeded",
          "Cache saved successfully",
          "\u2713 Task completed in 4416ms",
          "Snapshots: 27 passed, 4 total",
          "[12:50:45] INFO: Starting build process",
          "Artifact downloaded: 16MB",
          "pip install: Successfully installed webpack-3.8",
          "Ready.",
          "Cache hit for key-2202",
          "pip: Collecting jest",
          "Creating production build...",
          "Waiting...",
          "Step 13/25: Installing dependencies",
          "FAILED: test_auth_login",
          "Checking out main branch",
          "Compiling components/service.java...",
          "[12:50:45] WARN: Deprecated API usage",
          "Success!",
          "\u2713 All checks passed",
          "Processing...",
          "OK",
          "[12:50:45] DEBUG: Connection pool: 8 active",
          "[12:50:45] INFO: Starting build process",
          "Step 3/23: Running migrations",
          "Cache invalidated: node_modules",
          "\u2713 All checks passed",
          "\u26a0 DEPRECATION: Feature will be removed in v5.0",
          "Bundling styles.css",
          "Using Node.js 16.8.7",
          "Pushing to registry...",
          "Compiling lib/index.js...",
          "[12:50:45] DEBUG: Query executed in 9ms",
          "Already up to date.",
          "yarn add: Done in 26.18s",
          "yarn add: Done in 1.26s",
          "Cache miss for key-8933",
          "Cache saved successfully",
          "Installing axios@4.13.6",
          "Uploading artifact 'build' (1 files)",
          "[12:50:45] DEBUG: Connection pool: 6 active",
          "Artifact uploaded: dist.zip (45MB)",
          "Step 18/17: Testing",
          "Optimizing 95 modules...",
          "Pushing to registry...",
          "\u2713 Step 'test' succeeded",
          "\u2713 Task completed in 2778ms",
          "Platform: darwin-arm64",
          "Fetching submodules...",
          "=== Step e2e_tests completed ==="
        ]
      },
      {
        "name": "unit_tests",
        "status": "success",
        "started_at": "2025-12-16T12:52:57.303008",
        "finished_at": "2025-12-16T12:53:34.683592",
        "log_lines": [
          "=== Step: unit_tests ===",
          "Using Python 3.10",
          "\u26a0 DEPRECATION: Feature will be removed in v4.0",
          "[12:50:45] INFO: Cache refreshed",
          "Compiling lib/utils.go...",
          "Compiling lib/utils.go...",
          "\u2713 lint completed",
          "\u26a0 DEPRECATION: Feature will be removed in v5.0",
          "Optimizing 50 modules...",
          "[12:50:45] DEBUG: Connection pool: 9 active",
          "Ran 74 tests in 10s",
          "Compiling components/main.py...",
          "HEAD is now at 4f82a94",
          "WARNING: express has known vulnerabilities",
          "Minifying main.js",
          "Processing...",
          "[12:50:45] INFO: Cache refreshed",
          "Exception: NullPointerException",
          "npm notice: package.json updated",
          "Cache hit for key-3121",
          "\u2713 package completed",
          "pip install: Successfully installed prettier-4.0",
          "Step 14/24: Testing",
          "Ready.",
          "[12:50:45] DEBUG: Connection pool: 13 active",
          "Connection established",
          "[12:50:45] ERROR: Connection failed",
          "[12:50:45] DEBUG: Loading configuration",
          "\u2713 All checks passed",
          "Artifact uploaded: dist.zip (89MB)",
          "Test Suites: 27 passed, 24 total",
          "pip: Installing build dependencies...",
          "Bundling runtime.css",
          "\u2713 lint completed",
          "Compiling components/service.java...",
          "yarn add: Done in 13.50s",
          "Step 12/23: Installing dependencies",
          "\u2713 Step 'checkout' succeeded",
          "Artifact uploaded: build.tar.gz (11MB)",
          "Bundling runtime.css",
          "Fetching submodules...",
          "Connection established",
          "NODE_ENV=development",
          "[12:50:45] INFO: Connecting to database",
          "Installing jest@1.4.5",
          "Generating source maps...",
          "npm install: resolved 1967 packages",
          "[12:50:45] INFO: Connecting to database",
          "Ran 183 tests in 37s",
          "[12:50:45] WARN: Deprecated API usage",
          "[12:50:45] INFO: Processing request",
          "Fetching submodules...",
          "Pulling image: node:18",
          "Pushing to registry...",
          "\u2713 All checks passed",
          "pip: Downloading jest-5.1.tar.gz",
          "Step 11/22: Building",
          "[12:50:45] DEBUG: Loading configuration",
          "Fetching from https://gcr.io/package.json",
          "Pushing to registry...",
          "  PASS: e2e/test_api_health.spec.js",
          "Step 14/25: Linting",
          "Building Docker image...",
          "Minifying app.js",
          "Fetching submodules...",
          "  PASS: test_auth_login (46ms)",
          "[12:50:45] DEBUG: Memory usage: 1935MB",
          "npm install: added 175 packages",
          "Environment: development",
          "Cache saved successfully",
          "pip: Installing build dependencies...",
          "Installing react@3.4.8",
          "Layer 8/12: RUN command",
          "[12:50:45] DEBUG: Loading configuration",
          "POST /data - 201 (201ms)",
          "npm install: resolved 1044 packages",
          "Pushing to registry...",
          "Already up to date.",
          "pip install: Successfully installed react-3.4",
          "Platform: darwin-arm64",
          "Completed.",
          "\u26a0 DEPRECATION: Feature will be removed in v2.0",
          "Switched to branch 'bugfix/task-293'",
          "Building Docker image...",
          "Coverage: 86% statements, 69% branches",
          "Test Suites: 10 passed, 29 total",
          "[12:50:45] INFO: Processing request",
          "  PASS: test_api_health (153ms)",
          "npm notice: created a lockfile",
          "Connection established",
          "npm install: resolved 768 packages",
          "Step 2/15: Running migrations",
          "Snapshots: 40 passed, 3 total",
          "Optimizing 41 modules...",
          "Artifact uploaded: dist.zip (75MB)",
          "[12:50:45] INFO: Connecting to database",
          "Generating source maps...",
          "Artifact uploaded: dist.zip (27MB)",
          "=== Step unit_tests completed ==="
        ]
      },
      {
        "name": "checkout",
        "status": "success",
        "started_at": "2025-12-16T12:53:34.683592",
        "finished_at": "2025-12-16T12:53:39.667670",
        "log_lines": [
          "=== Step: checkout ===",
          "Fetching from https://amazonaws.com/package.json",
          "Ready.",
          "Step 17/20: Linting",
          "\u2713 Task completed in 2953ms",
          "pip: Collecting lodash",
          "Layer 9/9: ENV command",
          "Compiling lib/service.java...",
          "Generating source maps...",
          "Transforming 353 files...",
          "Artifact uploaded: build.tar.gz (2MB)",
          "Tests: 75 passed, 68 total",
          "Environment: staging",
          "\u26a0 DEPRECATION: Feature will be removed in v5.0",
          "[12:50:45] DEBUG: Memory usage: 1269MB",
          "Cache miss for key-3020",
          "pip install: Successfully installed prettier-5.15",
          "OK",
          "Loading...",
          "Platform: win32-x64",
          "Tests: 379 passed, 99 total",
          "[12:50:45] INFO: Connecting to database",
          "[12:50:45] DEBUG: Memory usage: 1328MB",
          "Loading...",
          "Layer 8/9: COPY command",
          "[12:50:45] INFO: Starting build process",
          "Fetching from https://amazonaws.com/package.json",
          "npm notice: package.json updated",
          "\u2713 Step 'build' succeeded",
          "[12:50:45] DEBUG: Connection pool: 16 active",
          "[12:50:45] DEBUG: Initializing service",
          "Artifact downloaded: 17MB",
          "npm install: resolved 1912 packages",
          "\u26a0 DEPRECATION: Feature will be removed in v4.0",
          "\u2713 All checks passed",
          "GET /health - 204 (24ms)",
          "Using Node.js 15.11.8",
          "Verifying...",
          "Step 10/23: Building",
          "[12:50:45] DEBUG: Connection pool: 12 active",
          "pip: Collecting eslint",
          "Verifying...",
          "Connection established",
          "npm install: added 287 packages",
          "Ran 172 tests in 24s",
          "Using Python 3.11",
          "Ran 84 tests in 43s",
          "[12:50:45] DEBUG: Initializing service",
          "Checking out master branch",
          "Done.",
          "\u2713 All checks passed",
          "Transforming 168 files...",
          "pip: Collecting react",
          "\u26a0 DEPRECATION: Feature will be removed in v4.0",
          "FAILED: test_user_create",
          "Loading...",
          "Step 6/25: Testing",
          "WARNING: express has known vulnerabilities",
          "Transforming 903 files...",
          "pip: Installing build dependencies...",
          "[12:50:45] INFO: Processing request",
          "Building Docker image...",
          "Connection established",
          "Layer 8/14: COPY command",
          "Artifact uploaded: build.tar.gz (46MB)",
          "Test Suites: 10 passed, 43 total",
          "pip: Downloading jest-1.1.tar.gz",
          "Checking out master branch",
          "[12:50:45] DEBUG: Memory usage: 910MB",
          "Ready.",
          "Ran 170 tests in 17s",
          "Snapshots: 19 passed, 42 total",
          "[12:50:45] DEBUG: Connection pool: 19 active",
          "[12:50:45] WARN: Deprecated API usage",
          "HEAD is now at dcf5dfb",
          "Compiling src/app.ts...",
          "Success!",
          "Transforming 359 files...",
          "[12:50:45] INFO: Connecting to database",
          "yarn add: Done in 30.75s",
          "Using Node.js 16.4.7",
          "Checking out main branch",
          "Artifact uploaded: dist.zip (32MB)",
          "WARNING: lodash has known vulnerabilities",
          "\u2713 package completed",
          "[12:50:45] DEBUG: Loading configuration",
          "[12:50:45] DEBUG: Query executed in 13ms",
          "Transforming 839 files...",
          "Completed.",
          "yarn add: Done in 25.82s",
          "[12:50:45] WARN: Deprecated API usage",
          "npm install: added 427 packages",
          "Time: 119.834s",
          "\u2713 All checks passed",
          "Compiling components/index.js...",
          "WARNING: express has known vulnerabilities",
          "Waiting...",
          "WARNING: lodash has known vulnerabilities",
          "=== Step checkout completed ==="
        ]
      },
      {
        "name": "deploy_staging",
        "status": "success",
        "started_at": "2025-12-16T12:53:39.667670",
        "finished_at": "2025-12-16T12:53:52.127865",
        "log_lines": [
          "=== Step: deploy_staging ===",
          "Test Suites: 12 passed, 8 total",
          "Success!",
          "Artifact uploaded: build.tar.gz (3MB)",
          "Finished.",
          "[12:50:45] DEBUG: Query executed in 69ms",
          "TLS handshake completed",
          "\u26a0 DEPRECATION: Feature will be removed in v4.0",
          "Step 19/20: Deploying",
          "[12:50:45] WARN: Deprecated API usage",
          "Image pulled successfully",
          "POST /upload - 202 (238ms)",
          "Environment: development",
          "Already up to date.",
          "\u26a0 DEPRECATION: Feature will be removed in v4.0",
          "Artifact downloaded: 32MB",
          "  PASS: test_api_health (242ms)",
          "Waiting...",
          "NODE_ENV=production",
          "npm install: resolved 1321 packages",
          "  PASS: test_cache_hit (76ms)",
          "Compiling src/index.js...",
          "[12:50:45] WARN: Deprecated API usage",
          "Optimizing 20 modules...",
          "Connection established",
          "Step 14/21: Testing",
          "Loading...",
          "Time: 91.370s",
          "[12:50:45] DEBUG: Initializing service",
          "Already up to date.",
          "Environment: test",
          "[12:50:45] DEBUG: Memory usage: 364MB",
          "[12:50:45] INFO: Processing request",
          "Cache restored successfully (462MB)",
          "Image pulled successfully",
          "Artifact uploaded: build.tar.gz (7MB)",
          "Environment: test",
          "yarn add: Done in 5.81s",
          "  PASS: test_user_create (431ms)",
          "pip: Installing build dependencies...",
          "Artifact downloaded: 47MB",
          "Step 1/22: Deploying",
          "pip install: Successfully installed webpack-2.5",
          "Pushing to registry...",
          "[12:50:45] INFO: Starting build process",
          "[12:50:45] INFO: Cache refreshed",
          "Compiling utils/index.js...",
          "Test Suites: 12 passed, 19 total",
          "pip: Collecting jest",
          "Finished.",
          "Creating production build...",
          "[12:50:45] WARN: Deprecated API usage",
          "Verifying...",
          "[12:50:45] DEBUG: Memory usage: 390MB",
          "Step 6/21: Running migrations",
          "HEAD is now at ecaa9d4",
          "Ready.",
          "\u2713 build completed",
          "\u2713 lint completed",
          "Compiling lib/utils.go...",
          "WARNING: prettier has known vulnerabilities",
          "Creating production build...",
          "Step 5/15: Installing dependencies",
          "pip install: Successfully installed prettier-4.1",
          "[12:50:45] ERROR: Connection failed",
          "Cache invalidated: dependencies",
          "Compiling lib/service.java...",
          "\u2713 Task completed in 4550ms",
          "[12:50:45] DEBUG: Connection pool: 10 active",
          "HEAD is now at cd00cb7",
          "Artifact downloaded: 27MB",
          "pip install: Successfully installed eslint-5.11",
          "[12:50:45] WARN: Deprecated API usage",
          "Image pulled successfully",
          "Minifying vendor.js",
          "Using Python 3.10",
          "Creating production build...",
          "Cache miss for key-1910",
          "\u2713 Step 'test' succeeded",
          "Already up to date.",
          "npm install: resolved 1318 packages",
          "Artifact uploaded: dist.zip (81MB)",
          "\u2713 build completed",
          "pip: Collecting react",
          "Time: 63.435s",
          "Ran 99 tests in 15s",
          "Step 11/17: Running migrations",
          "Processing...",
          "[12:50:45] DEBUG: Connection pool: 2 active",
          "\u26a0 DEPRECATION: Feature will be removed in v2.0",
          "Tests: 141 passed, 309 total",
          "[12:50:45] WARN: Deprecated API usage",
          "Switched to branch 'feature/task-528'",
          "POST /api - 200 (411ms)",
          "[12:50:45] DEBUG: Initializing service",
          "Compiling lib/utils.go...",
          "\u2713 All checks passed",
          "\u2713 All checks passed",
          "=== Step deploy_staging completed ==="
        ]
      },
      {
        "name": "setup_node",
        "status": "success",
        "started_at": "2025-12-16T12:53:52.127865",
        "finished_at": "2025-12-16T12:54:04.588060",
        "log_lines": [
          "=== Step: setup_node ===",
          "Test Suites: 7 passed, 30 total",
          "OK",
          "Creating production build...",
          "[12:50:45] INFO: Connecting to database",
          "Step 7/17: Linting",
          "Bundling vendor.js",
          "Cache saved successfully",
          "  PASS: unit/test_cache_hit.spec.js",
          "\u2713 Step 'checkout' succeeded",
          "Environment: production",
          "Done.",
          "\u2717 build failed with exit code 65",
          "[12:50:45] WARN: Deprecated API usage",
          "\u2713 Task completed in 3846ms",
          "yarn add: Done in 8.54s",
          "Cache saved successfully",
          "Tests: 200 passed, 149 total",
          "Waiting...",
          "TLS handshake completed",
          "[12:50:45] INFO: Connecting to database",
          "Cache invalidated: build",
          "Transforming 337 files...",
          "Using Python 3.12",
          "GET /health - 204 (75ms)",
          "Verifying...",
          "Bundling runtime.css",
          "pip: Installing build dependencies...",
          "Ran 160 tests in 43s",
          "Finished.",
          "Connection established",
          "Success!",
          "Artifact uploaded: dist.zip (20MB)",
          "Using Node.js 18.10.8",
          "Using Python 3.12",
          "npm notice: package.json updated",
          "\u2717 build failed with exit code 62",
          "Cache saved successfully",
          "npm install: resolved 1353 packages",
          "Ran 169 tests in 40s",
          "Loading...",
          "Using Node.js 15.19.1",
          "[12:50:45] DEBUG: Memory usage: 297MB",
          "\u26a0 DEPRECATION: Feature will be removed in v5.0",
          "Ready.",
          "Using Python 3.11",
          "NODE_ENV=production",
          "Switched to branch 'hotfix/task-639'",
          "pip install: Successfully installed express-1.7",
          "Cache saved successfully",
          "[12:50:45] INFO: Processing request",
          "pip install: Successfully installed jest-5.3",
          "[12:50:45] DEBUG: Initializing service",
          "\u2717 build failed with exit code 73",
          "Success!",
          "[12:50:45] DEBUG: Initializing service",
          "TLS handshake completed",
          "\u2713 Step 'checkout' succeeded",
          "Finished.",
          "Uploading artifact 'dist' (4 files)",
          "Tests: 265 passed, 455 total",
          "Installing axios@2.11.10",
          "Connection established",
          "Done.",
          "Compiling components/index.js...",
          "Creating production build...",
          "\u2717 build failed with exit code 108",
          "\u26a0 DEPRECATION: Feature will be removed in v4.0",
          "Compiling lib/index.js...",
          "Coverage: 72% statements, 79% branches",
          "Processing...",
          "Connection established",
          "Creating production build...",
          "TLS handshake completed",
          "Test Suites: 33 passed, 11 total",
          "POST /data - 201 (140ms)",
          "Step 12/15: Building",
          "npm install: added 43 packages",
          "\u2713 Step 'install' succeeded",
          "\u2713 Step 'build' succeeded",
          "pip: Installing build dependencies...",
          "[12:50:45] DEBUG: Query executed in 15ms",
          "\u2713 Task completed in 3415ms",
          "Coverage: 71% statements, 95% branches",
          "Finished.",
          "Test Suites: 26 passed, 23 total",
          "[12:50:45] INFO: Cache refreshed",
          "pip: Collecting axios",
          "Completed.",
          "WARNING: axios has known vulnerabilities",
          "Already up to date.",
          "[12:50:45] ERROR: Connection failed",
          "Generating source maps...",
          "[12:50:45] DEBUG: Memory usage: 1650MB",
          "pip install: Successfully installed prettier-4.13",
          "Tests: 461 passed, 348 total",
          "Artifact downloaded: 7MB",
          "Step 6/25: Installing dependencies",
          "=== Step setup_node completed ==="
        ]
      }
    ],
    "label": "normal"
  }
}