{
  "action": "completed",
  "workflow_run": {
    "id": 486,
    "name": "CI Pipeline",
    "head_branch": "feature/feat-887",
    "head_sha": "2339816a6f556fd87a6e8efde520db6455bf19a9",
    "status": "completed",
    "conclusion": "success",
    "run_started_at": "2025-12-11T12:51:28.534888Z",
    "updated_at": "2025-12-11T12:54:36.221153Z"
  },
  "repository": {
    "full_name": "startup-io/mobile-backend",
    "name": "mobile-backend"
  },
  "sender": {
    "login": "eve"
  },
  "_safeops_extended": {
    "raw_logs": "=== Step: save_cache ===\nBundling vendor.css\npip: Collecting webpack\n\u2713 Task completed in 1254ms\n\u26a0 DEPRECATION: Feature will be removed in v2.0\nSuccess!\n  PASS: unit/test_api_health.spec.js\n\u2713 Step 'build' succeeded\nArtifact downloaded: 3MB\nOK\nCache restored successfully (158MB)\n[12:51:28] INFO: Starting build process\n\u26a0 DEPRECATION: Feature will be removed in v3.0\nFinished.\nTransforming 500 files...\nCache invalidated: dependencies\nTest Suites: 19 passed, 24 total\nFetching from https://gcr.io/package.json\nWaiting...\n\u26a0 DEPRECATION: Feature will be removed in v2.0\n[12:51:28] INFO: Connecting to database\nCache invalidated: node_modules\nnpm install: added 454 packages\nHEAD is now at 9ddc404\nWARNING: prettier has known vulnerabilities\nBundling styles.js\n\u2713 Task completed in 2431ms\nBuilding Docker image...\nCompiling components/app.ts...\nMinifying vendor.js\nPOST /api - 201 (317ms)\nConnection established\nGenerating source maps...\nLayer 5/10: ENV command\nBuilding Docker image...\npip: Installing build dependencies...\nPOST /data - 200 (295ms)\n[12:51:28] DEBUG: Connection pool: 8 active\n[12:51:28] DEBUG: Initializing service\nReady.\nRan 55 tests in 58s\nInstalling prettier@4.8.7\nTransforming 345 files...\nPlatform: win32-x64\nArtifact uploaded: dist.zip (53MB)\nMinifying vendor.js\nTransforming 489 files...\nChecking out master branch\nWARNING: express has known vulnerabilities\n[12:51:28] INFO: Connecting to database\n[12:51:28] INFO: Connecting to database\n\u26a0 DEPRECATION: Feature will be removed in v3.0\nOptimizing 14 modules...\nWaiting...\nImage pulled successfully\n[12:51:28] DEBUG: Query executed in 37ms\n\u2713 deploy completed\nCache saved successfully\nLoading...\nInstalling react@5.12.10\nCompleted.\n\u26a0 DEPRECATION: Feature will be removed in v3.0\npip: Installing build dependencies...\nArtifact uploaded: build.tar.gz (6MB)\nStep 9/19: Installing dependencies\nnpm install: resolved 161 packages\nCreating production build...\nCache restored successfully (268MB)\nArtifact uploaded: build.tar.gz (3MB)\n  PASS: e2e/test_api_health.spec.js\nCache restored successfully (100MB)\nyarn add: Done in 9.8s\nHEAD is now at ca42659\nPushing to registry...\n[12:51:28] INFO: Processing request\n[12:51:28] INFO: Request completed\n[12:51:28] DEBUG: Initializing service\n\u26a0 DEPRECATION: Feature will be removed in v4.0\n  PASS: integration/test_auth_login.spec.js\npip install: Successfully installed axios-4.15\nMinifying app.js\nCache miss for key-1944\n[12:51:28] DEBUG: Query executed in 78ms\nStep 14/20: Linting\nBuilding Docker image...\n[12:51:28] ERROR: Connection failed\nCache miss for key-9836\nnpm notice: package.json updated\n[12:51:28] INFO: Connecting to database\nnpm install: resolved 1697 packages\n[12:51:28] INFO: Processing request\nCache miss for key-5382\nFAILED: test_auth_login\n\u2713 All checks passed\nInstalling axios@2.11.8\nPushing to registry...\nCreating production build...\nCache saved successfully\nSnapshots: 37 passed, 23 total\nAlready up to date.\nSnapshots: 34 passed, 5 total\nAlready up to date.\n[12:51:28] DEBUG: Initializing service\nMinifying vendor.js\nInstalling eslint@3.13.1\nRan 113 tests in 50s\nRan 37 tests in 58s\nStep 4/17: Testing\n[12:51:28] DEBUG: Connection pool: 20 active\n[12:51:28] DEBUG: Query executed in 5ms\n\u2713 All checks passed\nArtifact uploaded: build.tar.gz (8MB)\nnpm install: added 88 packages\nProcessing...\n\u2713 Step 'checkout' succeeded\nLayer 6/10: COPY command\nTLS handshake completed\nEnvironment: test\nCompiling utils/app.ts...\nArtifact downloaded: 11MB\nSuccess!\npip: Downloading webpack-3.13.tar.gz\nCache invalidated: build\n[12:51:28] WARN: Deprecated API usage\n\u2713 Task completed in 3173ms\nUploading artifact 'build' (18 files)\n[12:51:28] DEBUG: Memory usage: 1322MB\nCompiling utils/index.js...\n\u2713 Task completed in 2076ms\nOK\nAlready up to date.\nSwitched to branch 'bugfix/task-557'\nGenerating source maps...\n\u2713 Step 'test' succeeded\nHEAD is now at 19d415c\nPushing to registry...\nImage pulled successfully\n\u2713 deploy completed\nStep 16/21: Linting\n\u26a0 DEPRECATION: Feature will be removed in v2.0\nStep 11/16: Installing dependencies\n=== Step save_cache completed ===\n=== Step: integration_tests ===\n[12:51:28] DEBUG: Loading configuration\n\u2713 Step 'install' succeeded\nWARNING: jest has known vulnerabilities\n[12:51:28] DEBUG: Connection pool: 3 active\n\u26a0 DEPRECATION: Feature will be removed in v4.0\nTransforming 281 files...\nPOST /upload - 202 (233ms)\nCompiling components/handler.rs...\n[12:51:28] INFO: Connecting to database\nyarn add: Done in 20.96s\nChecking out main branch\nVerifying...\nArtifact uploaded: dist.zip (80MB)\nCompiling src/handler.rs...\n[12:51:28] INFO: Cache refreshed\nTransforming 962 files...\nGET /api - 204 (15ms)\nUploading artifact 'dist' (23 files)\nPulling image: node:latest\n[12:51:28] INFO: Connecting to database\nTLS handshake completed\nUploading artifact 'dist' (29 files)\nCompleted.\n[12:51:28] INFO: Starting build process\n\u2713 All checks passed\nFAILED: test_api_health\nReady.\nException: RuntimeError\n[12:51:28] WARN: Deprecated API usage\nCompiling components/handler.rs...\nTime: 94.499s\nEnvironment: development\nSuccess!\nChecking out develop branch\nCompiling src/service.java...\nGET /health - 204 (29ms)\nEnvironment: development\n[12:51:28] ERROR: Connection failed\nReady.\nFetching from https://registry.npmjs.org/package.json\npip: Collecting webpack\nStep 1/16: Installing dependencies\nFetching submodules...\nnpm notice: created a lockfile\nUsing Python 3.11\n\u2713 test completed\nSuccess!\n[12:51:28] DEBUG: Memory usage: 1246MB\nBuilding Docker image...\nGenerating source maps...\nSnapshots: 32 passed, 0 total\n\u2713 Task completed in 1647ms\nLoading...\n[12:51:28] INFO: Connecting to database\n[12:51:28] DEBUG: Query executed in 88ms\nTest Suites: 10 passed, 39 total\n[12:51:28] INFO: Connecting to database\nSwitched to branch 'bugfix/task-487'\nTest Suites: 17 passed, 38 total\nPulling image: node:3.11\nWaiting...\nAlready up to date.\nWARNING: express has known vulnerabilities\n\u26a0 DEPRECATION: Feature will be removed in v5.0\n\u2713 Step 'checkout' succeeded\n[12:51:28] INFO: Request completed\nCreating production build...\nInstalling eslint@3.5.6\n\u26a0 DEPRECATION: Feature will be removed in v4.0\nCache saved successfully\nSwitched to branch 'hotfix/task-503'\nDone.\nTransforming 656 files...\nyarn add: Done in 2.76s\nPlatform: win32-x64\nFinished.\n  PASS: test_api_health (469ms)\nRan 41 tests in 18s\n[12:51:28] WARN: Deprecated API usage\npip: Installing build dependencies...\nAlready up to date.\nPulling image: alpine:3.11\n[12:51:28] INFO: Processing request\nUsing Node.js 20.0.9\nUsing Python 3.9\nyarn add: Done in 2.59s\n[12:51:28] DEBUG: Query executed in 63ms\nSwitched to branch 'hotfix/task-747'\n\u26a0 DEPRECATION: Feature will be removed in v3.0\nStep 7/19: Building\nStep 10/18: Testing\nProcessing...\nCache hit for key-7234\n\u2713 package completed\nCompleted.\nPulling image: node:3.11\nProcessing...\n[12:51:28] DEBUG: Connection pool: 18 active\nCompiling utils/handler.rs...\nSwitched to branch 'hotfix/task-901'\nArtifact uploaded: build.tar.gz (32MB)\nChecking out develop branch\n\u2713 All checks passed\nRan 29 tests in 22s\npip install: Successfully installed eslint-1.19\nNODE_ENV=test\nCompiling utils/index.js...\nArtifact uploaded: dist.zip (21MB)\nSnapshots: 31 passed, 6 total\nChecking out master branch\n[12:51:28] DEBUG: Memory usage: 712MB\nHEAD is now at 2e3d1c5\nOK\n[12:51:28] INFO: Starting build process\nCache hit for key-7443\nArtifact uploaded: dist.zip (95MB)\nCache restored successfully (35MB)\nCache saved successfully\npip: Downloading eslint-5.3.tar.gz\nnpm install: added 12 packages\nGenerating source maps...\npip: Installing build dependencies...\nImage pulled successfully\nGET /health - 204 (44ms)\nProcessing...\n[12:51:28] INFO: Processing request\nCompleted.\nMinifying app.js\nLoading...\n[12:51:28] INFO: Processing request\nFetching from https://pypi.org/package.json\nImage pulled successfully\nUsing Node.js 14.16.4\nRan 191 tests in 3s\nDone.\nCompiling src/index.js...\n[12:51:28] INFO: Connecting to database\nFinished.\nBundling runtime.css\nSnapshots: 4 passed, 30 total\n=== Step integration_tests completed ===\n=== Step: deploy_production ===\nSuccess!\n\u2713 Task completed in 947ms\nnpm install: resolved 1954 packages\nFinished.\nPulling image: node:3.11\nCoverage: 89% statements, 85% branches\nStep 9/21: Installing dependencies\nConnection established\n[12:51:28] DEBUG: Loading configuration\nnpm notice: package.json updated\nFetching from https://googleapis.com/package.json\nEnvironment: production\n[12:51:28] INFO: Request completed\nStep 13/25: Running migrations\n[12:51:28] INFO: Cache refreshed\nStep 19/25: Running migrations\nCache restored successfully (13MB)\nStep 5/24: Linting\nArtifact uploaded: dist.zip (49MB)\nPlatform: darwin-arm64\n\u26a0 DEPRECATION: Feature will be removed in v2.0\nInstalling jest@5.12.6\n[12:51:28] DEBUG: Query executed in 16ms\nBundling runtime.js\nUsing Node.js 14.5.1\nStep 12/21: Linting\nPulling image: alpine:18\n[12:51:28] WARN: Deprecated API usage\nSuccess!\nnpm install: added 214 packages\nArtifact uploaded: dist.zip (21MB)\nRan 146 tests in 27s\nTest Suites: 34 passed, 47 total\nBuilding Docker image...\n\u2713 deploy completed\n[12:51:28] INFO: Request completed\nPushing to registry...\nCompiling components/app.ts...\n[12:51:28] DEBUG: Connection pool: 5 active\nnpm notice: package.json updated\nStep 4/16: Testing\nnpm notice: created a lockfile\nCreating production build...\nArtifact uploaded: dist.zip (71MB)\n[12:51:28] INFO: Connecting to database\nOptimizing 19 modules...\nLayer 10/11: RUN command\nEnvironment: production\n\u26a0 DEPRECATION: Feature will be removed in v4.0\nCompiling lib/index.js...\nStep 3/24: Deploying\n\u26a0 DEPRECATION: Feature will be removed in v2.0\nCreating production build...\n[12:51:28] INFO: Connecting to database\nImage pulled successfully\nGET /status - 200 (64ms)\nnpm notice: package.json updated\nCache saved successfully\nDone.\n[12:51:28] INFO: Starting build process\nCache hit for key-8201\nStep 10/21: Installing dependencies\nFAILED: test_cache_hit\nArtifact downloaded: 12MB\n[12:51:28] INFO: Request completed\nEnvironment: production\nFetching submodules...\nSuccess!\nOK\nStep 3/21: Building\nArtifact uploaded: dist.zip (8MB)\nStep 14/16: Deploying\n[12:51:28] DEBUG: Initializing service\nOK\nnpm install: added 54 packages\nSuccess!\n[12:51:28] DEBUG: Memory usage: 1138MB\nConnection established\nLoading...\nTransforming 193 files...\n[12:51:28] INFO: Cache refreshed\npip: Collecting react\n\u2713 All checks passed\nNODE_ENV=development\nTests: 272 passed, 290 total\n\u2713 All checks passed\nConnection established\nHEAD is now at 8c6e5f6\nGenerating source maps...\n[12:51:28] WARN: Deprecated API usage\n[12:51:28] WARN: Deprecated API usage\nnpm install: resolved 857 packages\nDone.\npip install: Successfully installed axios-1.9\nMinifying vendor.js\nGenerating source maps...\n\u26a0 DEPRECATION: Feature will be removed in v3.0\nStep 1/15: Linting\nnpm notice: created a lockfile\nCache invalidated: build\n\u2717 build failed with exit code 70\nCompleted.\nArtifact downloaded: 36MB\nCache invalidated: build\nPOST /api - 200 (74ms)\nUploading artifact 'coverage' (48 files)\nCompleted.\nDone.\n[12:51:28] DEBUG: Connection pool: 19 active\nCache invalidated: node_modules\n[12:51:28] ERROR: Connection failed\nAlready up to date.\n[12:51:28] WARN: Deprecated API usage\nUsing Node.js 20.3.8\n[12:51:28] INFO: Cache refreshed\nMinifying vendor.js\nSnapshots: 14 passed, 27 total\nStep 19/16: Deploying\nCache restored successfully (331MB)\nWARNING: lodash has known vulnerabilities\nOptimizing 66 modules...\nProcessing...\npip: Downloading prettier-5.20.tar.gz\n\u2713 build completed\nFetching from https://docker.io/package.json\nnpm install: added 360 packages\nSnapshots: 36 passed, 28 total\n\u2713 All checks passed\nFetching from https://docker.io/package.json\nProcessing...\nTest Suites: 10 passed, 18 total\n\u2713 All checks passed\n[12:51:28] DEBUG: Loading configuration\nCoverage: 87% statements, 83% branches\nnpm notice: created a lockfile\n[12:51:28] DEBUG: Query executed in 30ms\nWaiting...\nProcessing...\npip: Installing build dependencies...\nVerifying...\n=== Step deploy_production completed ===\n=== Step: checkout ===\nGenerating source maps...\n[12:51:28] INFO: Cache refreshed\nnpm notice: package.json updated\nTransforming 731 files...\nCache restored successfully (129MB)\nException: NullPointerException\n\u26a0 DEPRECATION: Feature will be removed in v4.0\nStep 16/17: Deploying\npip: Installing build dependencies...\nCache restored successfully (446MB)\nMinifying vendor.js\nBuilding Docker image...\n\u2717 build failed with exit code 5\npip: Downloading axios-3.18.tar.gz\nArtifact uploaded: dist.zip (79MB)\nPlatform: linux-x64\nnpm notice: package.json updated\nnpm notice: package.json updated\nStep 10/16: Running migrations\n[12:51:28] INFO: Cache refreshed\n\u2713 All checks passed\nStep 9/19: Linting\nReady.\npip install: Successfully installed react-2.2\n[12:51:28] WARN: Deprecated API usage\n[12:51:28] INFO: Processing request\nOptimizing 90 modules...\nnpm notice: created a lockfile\n\u2717 build failed with exit code 108\n\u26a0 DEPRECATION: Feature will be removed in v4.0\nWARNING: eslint has known vulnerabilities\nVerifying...\n[12:51:28] WARN: Deprecated API usage\nCompiling src/utils.go...\nWARNING: webpack has known vulnerabilities\nPushing to registry...\nReady.\nImage pulled successfully\nArtifact uploaded: build.tar.gz (37MB)\nChecking out develop branch\n[12:51:28] DEBUG: Initializing service\nStep 5/16: Testing\n[12:51:28] DEBUG: Connection pool: 19 active\nBundling styles.js\nyarn add: Done in 14.38s\nSnapshots: 36 passed, 45 total\n[12:51:28] INFO: Request completed\nnpm install: resolved 1958 packages\nCreating production build...\nAlready up to date.\nPOST /data - 202 (370ms)\n[12:51:28] ERROR: Connection failed\n[12:51:28] DEBUG: Connection pool: 19 active\n[12:51:28] WARN: Deprecated API usage\nArtifact uploaded: dist.zip (94MB)\n\u2717 build failed with exit code 12\nWARNING: jest has known vulnerabilities\nGET /api - 204 (41ms)\n[12:51:28] INFO: Processing request\nBundling styles.css\n\u2713 deploy completed\nnpm install: resolved 1466 packages\nyarn add: Done in 23.76s\nUsing Node.js 15.11.6\nWARNING: express has known vulnerabilities\nCompleted.\nStep 16/17: Installing dependencies\nCache saved successfully\nNODE_ENV=production\nnpm install: added 274 packages\nGET /api - 201 (34ms)\npip install: Successfully installed express-4.6\n[12:51:28] INFO: Processing request\nUploading artifact 'build' (21 files)\n  PASS: test_cache_hit (494ms)\nGET /status - 200 (74ms)\n[12:51:28] DEBUG: Query executed in 100ms\nInstalling prettier@1.10.10\nTests: 224 passed, 377 total\n\u26a0 DEPRECATION: Feature will be removed in v4.0\nWARNING: lodash has known vulnerabilities\nOptimizing 98 modules...\nCoverage: 76% statements, 93% branches\n\u2713 Step 'test' succeeded\nCompiling utils/utils.go...\nCache miss for key-1763\npip: Installing build dependencies...\nAlready up to date.\nMinifying vendor.js\nArtifact uploaded: build.tar.gz (35MB)\nTest Suites: 25 passed, 12 total\nAlready up to date.\nGET /api - 204 (93ms)\nFetching from https://pypi.org/package.json\nCache restored successfully (257MB)\nPOST /data - 201 (200ms)\n\u2713 Task completed in 2238ms\nnpm notice: created a lockfile\nLoading...\n\u2713 test completed\nBuilding Docker image...\n[12:51:28] INFO: Starting build process\nImage pulled successfully\nTests: 371 passed, 337 total\nCache saved successfully\nWaiting...\nStep 4/24: Running migrations\nCache miss for key-8461\nCompiling components/index.js...\nCompiling lib/index.js...\nDone.\nVerifying...\nCache miss for key-5898\nLayer 4/13: ENV command\nCompiling utils/handler.rs...\nCache saved successfully\nBuilding Docker image...\n\u26a0 DEPRECATION: Feature will be removed in v3.0\nDone.\nCache saved successfully\nTransforming 971 files...\nyarn add: Done in 16.21s\n[12:51:28] INFO: Processing request\nFetching submodules...\nRan 193 tests in 40s\nChecking out develop branch\nStep 2/17: Testing\nCache invalidated: build\nNODE_ENV=production\nWARNING: jest has known vulnerabilities\nBuilding Docker image...\nOptimizing 54 modules...\nArtifact uploaded: build.tar.gz (20MB)\nGET /status - 201 (82ms)\nStep 10/25: Deploying\nHEAD is now at acb617d\nArtifact uploaded: dist.zip (87MB)\nProcessing...\nArtifact uploaded: build.tar.gz (42MB)\n[12:51:28] WARN: Deprecated API usage\n=== Step checkout completed ===\n=== Step: unit_tests ===\n[12:51:28] DEBUG: Loading configuration\nPlatform: darwin-arm64\n[12:51:28] DEBUG: Memory usage: 1240MB\nnpm notice: package.json updated\nLayer 8/11: ENV command\nTLS handshake completed\n\u2717 build failed with exit code 83\nCache miss for key-4164\n  PASS: test_cache_hit (191ms)\nGET /status - 201 (32ms)\nWaiting...\n[12:51:28] DEBUG: Query executed in 22ms\nCompleted.\nCache hit for key-9818\nInstalling prettier@5.10.1\nBuilding Docker image...\nLayer 1/12: COPY command\n[12:51:28] DEBUG: Memory usage: 1753MB\nnpm notice: package.json updated\nProcessing...\nCompiling src/handler.rs...\n[12:51:28] INFO: Starting build process\nEnvironment: staging\n[12:51:28] INFO: Processing request\nArtifact downloaded: 37MB\nChecking out master branch\nWARNING: express has known vulnerabilities\nCache miss for key-8593\nMinifying vendor.js\n\u2713 All checks passed\n[12:51:28] DEBUG: Connection pool: 8 active\n\u2713 Task completed in 881ms\nUsing Node.js 14.12.2\n[12:51:28] DEBUG: Connection pool: 14 active\nEnvironment: development\n[12:51:28] INFO: Request completed\npip install: Successfully installed prettier-2.2\nFetching from https://docker.io/package.json\nOptimizing 67 modules...\n[12:51:28] INFO: Connecting to database\nOptimizing 99 modules...\n\u26a0 DEPRECATION: Feature will be removed in v3.0\n\u26a0 DEPRECATION: Feature will be removed in v5.0\nStep 16/20: Deploying\n[12:51:28] DEBUG: Memory usage: 1976MB\nStep 6/23: Testing\nnpm install: resolved 707 packages\n[12:51:28] INFO: Starting build process\npip: Downloading express-2.12.tar.gz\n\u26a0 DEPRECATION: Feature will be removed in v3.0\nTests: 269 passed, 196 total\nBuilding Docker image...\nRan 111 tests in 59s\nCoverage: 70% statements, 89% branches\nnpm notice: package.json updated\n[12:51:28] WARN: Deprecated API usage\n[12:51:28] WARN: Deprecated API usage\nCompiling lib/app.ts...\nBundling runtime.css\nLoading...\nMinifying main.js\nCompiling src/service.java...\nCompiling utils/utils.go...\nWaiting...\npip: Collecting axios\nnpm install: added 429 packages\nImage pulled successfully\nGenerating source maps...\nProcessing...\nSwitched to branch 'bugfix/task-140'\nFAILED: test_db_connect\n\u2713 Step 'build' succeeded\nConnection established\n\u2713 All checks passed\nStep 3/17: Installing dependencies\n\u26a0 DEPRECATION: Feature will be removed in v3.0\n[12:51:28] INFO: Starting build process\n[12:51:28] DEBUG: Initializing service\nTransforming 625 files...\nSwitched to branch 'feature/task-224'\nStep 8/22: Deploying\nnpm install: added 297 packages\n[12:51:28] INFO: Processing request\n  PASS: e2e/test_cache_hit.spec.js\nHEAD is now at bbe689e\nnpm install: added 494 packages\nHEAD is now at 9c3fedd\nTransforming 579 files...\nArtifact downloaded: 11MB\nStep 19/22: Deploying\nConnection established\nyarn add: Done in 23.81s\nHEAD is now at 9dba93e\npip install: Successfully installed prettier-5.12\n[12:51:28] DEBUG: Query executed in 20ms\nCache restored successfully (248MB)\nWaiting...\nBundling vendor.css\nCache hit for key-6307\n[12:51:28] INFO: Starting build process\nPushing to registry...\nException: ValueError\nCache restored successfully (443MB)\n\u2713 package completed\nWARNING: prettier has known vulnerabilities\nStep 4/19: Installing dependencies\nStep 7/18: Deploying\nPushing to registry...\nImage pulled successfully\n[12:51:28] DEBUG: Query executed in 26ms\nVerifying...\nCompiling components/app.ts...\nCompiling utils/service.java...\nCache restored successfully (263MB)\n[12:51:28] INFO: Cache refreshed\nCache miss for key-2661\n\u2713 Step 'build' succeeded\nBuilding Docker image...\nFetching from https://docker.io/package.json\nStep 16/24: Running migrations\nInstalling axios@2.7.0\n\u2713 Task completed in 1462ms\n\u26a0 DEPRECATION: Feature will be removed in v5.0\n[12:51:28] DEBUG: Connection pool: 18 active\nCache miss for key-6653\nFetching submodules...\n[12:51:28] DEBUG: Loading configuration\nMinifying vendor.js\n[12:51:28] DEBUG: Connection pool: 6 active\n[12:51:28] DEBUG: Connection pool: 14 active\nCache saved successfully\nException: ValueError\nArtifact downloaded: 15MB\n[12:51:28] INFO: Cache refreshed\nNODE_ENV=test\n[12:51:28] WARN: Deprecated API usage\nStep 16/19: Building\n\u26a0 DEPRECATION: Feature will be removed in v2.0\nSuccess!\nImage pulled successfully\n=== Step unit_tests completed ===\n=== Step: setup_node ===\n\u26a0 DEPRECATION: Feature will be removed in v2.0\nCompleted.\nHEAD is now at c9b2302\n[12:51:28] DEBUG: Initializing service\nFetching from https://github.com/package.json\nUploading artifact 'dist' (9 files)\nPulling image: alpine:3.11\nAlready up to date.\n[12:51:28] DEBUG: Loading configuration\nCompiling src/main.py...\nCreating production build...\nWARNING: express has known vulnerabilities\n\u2713 validate completed\nBuilding Docker image...\nWaiting...\n[12:51:28] WARN: Deprecated API usage\nStep 14/23: Installing dependencies\nFAILED: test_api_health\n[12:51:28] DEBUG: Loading configuration\nWARNING: prettier has known vulnerabilities\nBundling styles.css\nArtifact uploaded: dist.zip (37MB)\n[12:51:28] WARN: Deprecated API usage\nPOST /upload - 200 (351ms)\nnpm install: resolved 706 packages\nPulling image: node:3.11\nnpm notice: package.json updated\nLoading...\nStep 5/15: Testing\npip: Installing build dependencies...\nSnapshots: 23 passed, 17 total\nFAILED: test_user_create\n\u2713 Task completed in 263ms\nSwitched to branch 'bugfix/task-430'\nFetching submodules...\nFetching from https://gcr.io/package.json\n\u2713 Step 'build' succeeded\nLayer 5/14: ENV command\nLoading...\nnpm install: resolved 1917 packages\nReady.\n[12:51:28] WARN: Deprecated API usage\nChecking out master branch\nPOST /upload - 200 (74ms)\nSwitched to branch 'feature/task-596'\n  PASS: integration/test_user_create.spec.js\nStep 1/25: Testing\nSuccess!\nBundling styles.js\nStep 16/21: Installing dependencies\npip: Downloading axios-5.4.tar.gz\nReady.\nArtifact uploaded: dist.zip (66MB)\nCompiling components/app.ts...\n  PASS: unit/test_db_connect.spec.js\nGET /api - 200 (48ms)\nWARNING: eslint has known vulnerabilities\nTests: 73 passed, 251 total\nGenerating source maps...\n\u2713 lint completed\nStep 1/17: Deploying\npip: Downloading express-5.9.tar.gz\nProcessing...\nHEAD is now at 344f9b6\n\u2713 Step 'test' succeeded\n[12:51:28] DEBUG: Initializing service\nCompiling lib/handler.rs...\npip install: Successfully installed express-1.11\nTransforming 402 files...\nWARNING: lodash has known vulnerabilities\nLoading...\nStep 4/24: Testing\nAlready up to date.\n[12:51:28] INFO: Request completed\n[12:51:28] INFO: Starting build process\nnpm notice: created a lockfile\nCompiling lib/service.java...\n\u2713 All checks passed\nnpm install: added 207 packages\nInstalling jest@4.15.3\nStep 8/22: Running migrations\nStep 13/17: Testing\nTests: 182 passed, 69 total\n\u26a0 DEPRECATION: Feature will be removed in v5.0\nCache hit for key-3545\n[12:51:28] DEBUG: Connection pool: 19 active\nCreating production build...\nChecking out master branch\nNODE_ENV=test\n\u2713 package completed\nUploading artifact 'coverage' (23 files)\nTests: 405 passed, 451 total\nArtifact uploaded: dist.zip (44MB)\nStep 6/23: Deploying\nWARNING: jest has known vulnerabilities\n[12:51:28] DEBUG: Connection pool: 13 active\n[12:51:28] INFO: Connecting to database\nCompiling lib/main.py...\n[12:51:28] INFO: Request completed\nBuilding Docker image...\n\u26a0 DEPRECATION: Feature will be removed in v4.0\nUploading artifact 'build' (17 files)\nPlatform: win32-x64\nOK\nSuccess!\nPushing to registry...\nConnection established\nCompiling components/app.ts...\n[12:51:28] INFO: Request completed\nConnection established\nCache restored successfully (275MB)\nTransforming 358 files...\nNODE_ENV=production\nCache saved successfully\nTests: 136 passed, 324 total\n\u26a0 DEPRECATION: Feature will be removed in v2.0\nTransforming 594 files...\nGET /status - 201 (13ms)\nTests: 405 passed, 118 total\nPOST /data - 201 (478ms)\nImage pulled successfully\nBundling main.css\nUploading artifact 'build' (50 files)\n\u2713 All checks passed\nStep 9/15: Installing dependencies\nOK\nCache saved successfully\n[12:51:28] DEBUG: Connection pool: 4 active\n[12:51:28] WARN: Deprecated API usage\nHEAD is now at 8ce9548\nTest Suites: 48 passed, 23 total\nMinifying app.js\nPlatform: darwin-arm64\nPOST /upload - 200 (324ms)\nCache saved successfully\n\u2713 package completed\nTest Suites: 48 passed, 15 total\npip: Installing build dependencies...\nStep 18/18: Installing dependencies\nnpm install: added 141 packages\n=== Step setup_node completed ===\n=== Step: e2e_tests ===\nEnvironment: staging\nArtifact uploaded: build.tar.gz (6MB)\n[12:51:28] INFO: Processing request\nCache restored successfully (218MB)\nCompiling components/main.py...\nNODE_ENV=test\nOptimizing 61 modules...\nEnvironment: staging\nWARNING: express has known vulnerabilities\n[12:51:28] INFO: Processing request\nGET /api - 200 (70ms)\nSuccess!\nnpm install: resolved 1289 packages\n[12:51:28] DEBUG: Query executed in 47ms\n[12:51:28] DEBUG: Memory usage: 1352MB\nTests: 118 passed, 169 total\nFAILED: test_auth_login\npip install: Successfully installed jest-1.3\n[12:51:28] DEBUG: Initializing service\npip: Installing build dependencies...\n\u2713 package completed\nArtifact downloaded: 30MB\n\u2717 build failed with exit code 48\npip: Downloading express-4.3.tar.gz\nOK\nSuccess!\nnpm install: resolved 854 packages\nInstalling axios@4.12.0\nCompiling components/utils.go...\nStep 6/25: Building\nProcessing...\nLayer 8/8: ENV command\n[12:51:28] DEBUG: Memory usage: 1541MB\nWARNING: react has known vulnerabilities\n[12:51:28] DEBUG: Query executed in 70ms\nArtifact uploaded: build.tar.gz (14MB)\n[12:51:28] INFO: Request completed\n\u2717 build failed with exit code 25\n\u2717 build failed with exit code 62\nBuilding Docker image...\n[12:51:28] WARN: Deprecated API usage\nPulling image: python:3.11\nStep 20/16: Building\nGenerating source maps...\n[12:51:28] DEBUG: Initializing service\n  PASS: unit/test_db_connect.spec.js\n[12:51:28] INFO: Starting build process\nCache miss for key-9776\n[12:51:28] INFO: Cache refreshed\nStep 4/20: Installing dependencies\n\u2717 build failed with exit code 23\n[12:51:28] WARN: Deprecated API usage\nnpm install: added 343 packages\nTLS handshake completed\nFetching submodules...\nException: ValueError\nnpm notice: created a lockfile\n[12:51:28] DEBUG: Query executed in 2ms\nCreating production build...\nOptimizing 94 modules...\nBuilding Docker image...\nCompiling components/handler.rs...\n[12:51:28] INFO: Starting build process\nChecking out master branch\nGenerating source maps...\nStep 5/15: Installing dependencies\nTest Suites: 7 passed, 44 total\nOptimizing 57 modules...\nHEAD is now at 3f9101b\n[12:51:28] DEBUG: Initializing service\n[12:51:28] DEBUG: Loading configuration\nStep 18/24: Running migrations\n[12:51:28] INFO: Starting build process\nEnvironment: staging\nException: NullPointerException\nUploading artifact 'dist' (23 files)\nReady.\nProcessing...\nWaiting...\nWARNING: eslint has known vulnerabilities\nRan 124 tests in 38s\nChecking out master branch\n[12:51:28] WARN: Deprecated API usage\nTests: 338 passed, 431 total\nVerifying...\npip: Installing build dependencies...\npip: Installing build dependencies...\nWARNING: jest has known vulnerabilities\nTransforming 836 files...\n[12:51:28] DEBUG: Initializing service\n\u26a0 DEPRECATION: Feature will be removed in v2.0\nWaiting...\nUploading artifact 'build' (27 files)\nnpm install: resolved 1188 packages\n[12:51:28] INFO: Cache refreshed\nnpm notice: package.json updated\n[12:51:28] INFO: Cache refreshed\n\u2717 build failed with exit code 36\nnpm install: added 355 packages\nStep 14/24: Running migrations\n[12:51:28] DEBUG: Loading configuration\nMinifying main.js\nFetching submodules...\nFetching from https://docker.io/package.json\n[12:51:28] DEBUG: Connection pool: 8 active\nTime: 1.883s\nConnection established\nNODE_ENV=test\nSnapshots: 31 passed, 22 total\nFetching from https://amazonaws.com/package.json\nWaiting...\nConnection established\nChecking out main branch\nTest Suites: 21 passed, 20 total\nEnvironment: staging\n[12:51:28] DEBUG: Initializing service\nFAILED: test_auth_login\n[12:51:28] DEBUG: Memory usage: 1426MB\nOK\n[12:51:28] ERROR: Connection failed\nRan 116 tests in 40s\nProcessing...\n\u2713 validate completed\nRan 120 tests in 15s\nVerifying...\nException: RuntimeError\nFinished.\n\u2713 package completed\nCache invalidated: node_modules\n[12:51:28] DEBUG: Memory usage: 802MB\nCoverage: 94% statements, 87% branches\nWARNING: axios has known vulnerabilities\nUsing Node.js 18.6.3\nnpm install: added 400 packages\nnpm install: resolved 282 packages\nUsing Python 3.10\nDone.\nUsing Node.js 18.2.3\nSwitched to branch 'hotfix/task-530'\nWARNING: axios has known vulnerabilities\n=== Step e2e_tests completed ===\n=== Step: upload_artifacts ===\nLoading...\nUsing Python 3.9\nSnapshots: 6 passed, 49 total\nException: NullPointerException\nSwitched to branch 'feature/task-485'\nStep 14/24: Testing\n\u2717 build failed with exit code 2\nCompleted.\nPOST /upload - 201 (274ms)\nTLS handshake completed\nSnapshots: 8 passed, 9 total\nConnection established\npip install: Successfully installed react-1.4\nCache hit for key-2767\nnpm install: resolved 1403 packages\n[12:51:28] INFO: Starting build process\nFetching from https://googleapis.com/package.json\nRan 103 tests in 31s\nOK\nCompiling src/app.ts...\nProcessing...\npip install: Successfully installed axios-1.20\nSnapshots: 46 passed, 32 total\npip: Installing build dependencies...\nPOST /upload - 200 (198ms)\nCache invalidated: node_modules\nPulling image: python:latest\nArtifact uploaded: build.tar.gz (6MB)\nWARNING: webpack has known vulnerabilities\nStep 18/15: Building\nPlatform: linux-x64\nStep 20/22: Deploying\nGenerating source maps...\n[12:51:28] INFO: Connecting to database\nCompiling utils/handler.rs...\nCache miss for key-6136\nOK\nCompiling lib/service.java...\nTime: 93.706s\nPulling image: node:18\n[12:51:28] DEBUG: Initializing service\n[12:51:28] INFO: Cache refreshed\nChecking out master branch\nCache restored successfully (162MB)\n  PASS: test_user_create (397ms)\nTests: 284 passed, 271 total\nCache saved successfully\n[12:51:28] DEBUG: Loading configuration\nSwitched to branch 'bugfix/task-271'\nStep 14/25: Installing dependencies\n[12:51:28] INFO: Cache refreshed\nnpm notice: package.json updated\n  PASS: e2e/test_user_create.spec.js\nArtifact uploaded: build.tar.gz (4MB)\nRan 69 tests in 19s\nStep 16/19: Building\nCompiling lib/service.java...\nCache restored successfully (227MB)\nPlatform: linux-x64\npip: Downloading prettier-4.12.tar.gz\nStep 1/19: Running migrations\nArtifact downloaded: 16MB\nChecking out develop branch\n\u26a0 DEPRECATION: Feature will be removed in v4.0\nException: NullPointerException\n[12:51:28] ERROR: Connection failed\nEnvironment: test\nPlatform: win32-x64\n[12:51:28] DEBUG: Memory usage: 1737MB\nLoading...\n  PASS: test_db_connect (65ms)\nCoverage: 83% statements, 99% branches\nBundling styles.css\n[12:51:28] WARN: Deprecated API usage\nFetching submodules...\nCache hit for key-4670\nCompiling components/utils.go...\npip: Installing build dependencies...\npip install: Successfully installed react-5.16\nUsing Python 3.10\nOK\n\u26a0 DEPRECATION: Feature will be removed in v2.0\n\u2717 build failed with exit code 108\n\u2713 Task completed in 4662ms\nNODE_ENV=production\nProcessing...\n\u2713 deploy completed\nEnvironment: production\nStep 6/23: Running migrations\nException: ValueError\nCompiling src/service.java...\n\u2717 build failed with exit code 109\nLoading...\nLayer 2/14: ENV command\nUploading artifact 'coverage' (46 files)\n\u2717 build failed with exit code 21\nnpm notice: package.json updated\nTLS handshake completed\nArtifact downloaded: 5MB\nCache hit for key-8513\nNODE_ENV=production\nStep 15/24: Deploying\n\u26a0 DEPRECATION: Feature will be removed in v4.0\n[12:51:28] INFO: Request completed\n[12:51:28] DEBUG: Initializing service\n[12:51:28] WARN: Deprecated API usage\nnpm notice: package.json updated\n[12:51:28] DEBUG: Loading configuration\n[12:51:28] DEBUG: Initializing service\nPulling image: node:18\nUploading artifact 'dist' (30 files)\nLayer 6/9: COPY command\nnpm notice: created a lockfile\nUploading artifact 'dist' (33 files)\nGET /api - 204 (69ms)\n[12:51:28] DEBUG: Initializing service\nNODE_ENV=production\n[12:51:28] ERROR: Connection failed\nCoverage: 70% statements, 97% branches\n\u2713 Step 'test' succeeded\n\u2717 build failed with exit code 117\nCompiling utils/service.java...\nWARNING: webpack has known vulnerabilities\nFetching submodules...\npip install: Successfully installed lodash-2.6\nStep 7/18: Testing\nOK\nReady.\nConnection established\nUsing Python 3.11\n\u2713 Task completed in 4754ms\n\u2713 All checks passed\nLayer 6/15: RUN command\nnpm install: added 48 packages\npip: Downloading webpack-4.0.tar.gz\n[12:51:28] DEBUG: Query executed in 23ms\nException: NullPointerException\nTime: 26.734s\n\u2713 Step 'build' succeeded\nMinifying vendor.js\n=== Step upload_artifacts completed ===\n=== Step: type_check ===\nStep 19/19: Linting\nWARNING: express has known vulnerabilities\nImage pulled successfully\nWARNING: jest has known vulnerabilities\nVerifying...\n[12:51:28] WARN: Deprecated API usage\nCache restored successfully (425MB)\nPOST /api - 201 (42ms)\nVerifying...\n\u26a0 DEPRECATION: Feature will be removed in v2.0\nTLS handshake completed\nFetching submodules...\nCoverage: 91% statements, 83% branches\nCompiling utils/index.js...\n\u26a0 DEPRECATION: Feature will be removed in v2.0\nCompiling src/utils.go...\nStep 17/22: Installing dependencies\n[12:51:28] DEBUG: Loading configuration\n\u2713 Step 'test' succeeded\n[12:51:28] DEBUG: Initializing service\nUsing Python 3.12\nChecking out develop branch\nArtifact uploaded: build.tar.gz (45MB)\nHEAD is now at 797cfaa\nUploading artifact 'coverage' (28 files)\nSwitched to branch 'bugfix/task-797'\n[12:51:28] DEBUG: Loading configuration\npip: Installing build dependencies...\n[12:51:28] INFO: Cache refreshed\n\u2713 validate completed\nCompiling src/main.py...\nWARNING: prettier has known vulnerabilities\nLayer 6/8: RUN command\n[12:51:28] WARN: Deprecated API usage\nStep 14/19: Building\n\u2713 deploy completed\nUsing Python 3.10\nUsing Python 3.12\n  PASS: e2e/test_auth_login.spec.js\n[12:51:28] INFO: Connecting to database\nCoverage: 79% statements, 98% branches\nLoading...\n[12:51:28] DEBUG: Loading configuration\nCoverage: 86% statements, 87% branches\nPOST /api - 202 (58ms)\n[12:51:28] INFO: Starting build process\n[12:51:28] DEBUG: Initializing service\n[12:51:28] WARN: Deprecated API usage\n\u2717 build failed with exit code 108\n[12:51:28] DEBUG: Connection pool: 15 active\nCompiling src/utils.go...\nGenerating source maps...\nStep 2/18: Building\nAlready up to date.\nnpm install: added 255 packages\npip install: Successfully installed axios-4.0\nyarn add: Done in 12.3s\nMinifying app.js\nSwitched to branch 'bugfix/task-816'\nTransforming 383 files...\nSwitched to branch 'feature/task-145'\nCoverage: 94% statements, 61% branches\n\u2713 All checks passed\nLoading...\nGET /api - 201 (85ms)\nTransforming 439 files...\nnpm notice: created a lockfile\nFetching submodules...\n[12:51:28] DEBUG: Connection pool: 8 active\n\u2713 lint completed\npip: Downloading prettier-2.2.tar.gz\nFetching from https://pypi.org/package.json\nCreating production build...\nStep 9/15: Testing\nFAILED: test_cache_hit\nCompiling utils/index.js...\nPulling image: node:latest\n\u2713 Task completed in 2211ms\npip install: Successfully installed webpack-1.7\n\u2717 build failed with exit code 65\n\u26a0 DEPRECATION: Feature will be removed in v2.0\n[12:51:28] DEBUG: Loading configuration\n[12:51:28] DEBUG: Query executed in 54ms\npip: Downloading lodash-4.19.tar.gz\nImage pulled successfully\nWaiting...\nUploading artifact 'build' (31 files)\nGET /health - 200 (31ms)\npip: Installing build dependencies...\nStep 4/17: Deploying\npip: Downloading webpack-4.19.tar.gz\nStep 15/15: Running migrations\nStep 8/16: Installing dependencies\nTime: 97.444s\npip: Collecting react\nFinished.\n[12:51:28] ERROR: Connection failed\nStep 12/19: Building\nArtifact uploaded: dist.zip (2MB)\nRan 19 tests in 30s\nReady.\nChecking out master branch\nStep 13/24: Running migrations\nArtifact uploaded: dist.zip (33MB)\nCoverage: 91% statements, 72% branches\n\u26a0 DEPRECATION: Feature will be removed in v5.0\nCache saved successfully\nStep 1/25: Building\nReady.\nEnvironment: development\nPulling image: alpine:latest\nEnvironment: test\n  PASS: unit/test_user_create.spec.js\nArtifact uploaded: build.tar.gz (32MB)\nnpm install: resolved 992 packages\npip install: Successfully installed eslint-5.0\n\u2717 build failed with exit code 15\nChecking out main branch\n[12:51:28] ERROR: Connection failed\n[12:51:28] WARN: Deprecated API usage\nChecking out main branch\npip install: Successfully installed express-2.6\nDone.\nStep 16/17: Running migrations\n\u2713 test completed\n  PASS: test_auth_login (338ms)\nWaiting...\nGenerating source maps...\nLayer 4/8: ENV command\npip: Downloading webpack-4.3.tar.gz\n[12:51:28] DEBUG: Connection pool: 10 active\n[12:51:28] WARN: Deprecated API usage\nReady.\nBuilding Docker image...\nCreating production build...\nTLS handshake completed\n\u2717 build failed with exit code 103\nStep 5/22: Installing dependencies\nnpm install: added 420 packages\nLoading...\n=== Step type_check completed ===\n=== Step: restore_cache ===\nWaiting...\nUploading artifact 'build' (25 files)\nFetching from https://googleapis.com/package.json\nCache restored successfully (252MB)\npip: Installing build dependencies...\nStep 4/15: Deploying\nOK\nGenerating source maps...\nPushing to registry...\nUsing Python 3.11\nWaiting...\nCache hit for key-5876\nUsing Node.js 16.3.2\nArtifact uploaded: build.tar.gz (39MB)\n[12:51:28] INFO: Processing request\nStep 7/18: Running migrations\n[12:51:28] ERROR: Connection failed\nGenerating source maps...\nNODE_ENV=production\nCompleted.\nFinished.\n\u2713 Step 'test' succeeded\nWARNING: axios has known vulnerabilities\n[12:51:28] DEBUG: Memory usage: 1597MB\nSuccess!\nCache miss for key-2038\nBuilding Docker image...\nSnapshots: 31 passed, 36 total\nCache hit for key-7187\nCache invalidated: node_modules\nAlready up to date.\n[12:51:28] WARN: Deprecated API usage\nCache hit for key-5492\nUsing Node.js 18.0.9\nEnvironment: staging\nCreating production build...\nnpm install: added 244 packages\nLayer 3/9: COPY command\nCompiling src/app.ts...\nSuccess!\n\u26a0 DEPRECATION: Feature will be removed in v2.0\nCompiling lib/handler.rs...\n\u2717 build failed with exit code 119\nUsing Python 3.12\n[12:51:28] DEBUG: Initializing service\n[12:51:28] DEBUG: Query executed in 96ms\nChecking out master branch\nChecking out master branch\nCache hit for key-1393\nChecking out master branch\nSnapshots: 22 passed, 21 total\nLayer 1/12: COPY command\nWARNING: lodash has known vulnerabilities\n  PASS: unit/test_db_connect.spec.js\n  PASS: test_cache_hit (275ms)\n\u2713 Step 'build' succeeded\nAlready up to date.\nTest Suites: 38 passed, 23 total\nFinished.\nVerifying...\n  PASS: test_auth_login (42ms)\nCache invalidated: build\npip: Collecting prettier\nPulling image: alpine:18\nTests: 162 passed, 205 total\nCompiling src/service.java...\nFinished.\nHEAD is now at e4cb552\nCoverage: 95% statements, 87% branches\nStep 14/24: Linting\n[12:51:28] DEBUG: Query executed in 40ms\nSnapshots: 40 passed, 18 total\nWARNING: react has known vulnerabilities\nSnapshots: 42 passed, 33 total\n[12:51:28] WARN: Deprecated API usage\nVerifying...\npip install: Successfully installed lodash-4.0\nInstalling axios@3.1.0\n[12:51:28] DEBUG: Query executed in 51ms\nCache restored successfully (476MB)\nRan 156 tests in 26s\nFetching submodules...\nArtifact downloaded: 2MB\n[12:51:28] DEBUG: Query executed in 31ms\nCreating production build...\nException: TypeError\nStep 11/22: Building\n\u26a0 DEPRECATION: Feature will be removed in v2.0\nTest Suites: 32 passed, 48 total\nUsing Python 3.9\nTests: 500 passed, 235 total\nGenerating source maps...\nCompiling src/app.ts...\n  PASS: test_auth_login (21ms)\nOK\nnpm notice: package.json updated\nTLS handshake completed\nNODE_ENV=development\nPushing to registry...\nnpm install: resolved 1263 packages\n[12:51:28] DEBUG: Initializing service\n[12:51:28] WARN: Deprecated API usage\nTLS handshake completed\nOK\nRan 191 tests in 5s\nSuccess!\n[12:51:28] WARN: Deprecated API usage\nVerifying...\n[12:51:28] DEBUG: Loading configuration\n[12:51:28] DEBUG: Connection pool: 16 active\n\u2713 Step 'install' succeeded\nTime: 2.338s\n\u26a0 DEPRECATION: Feature will be removed in v3.0\nTransforming 203 files...\n[12:51:28] WARN: Deprecated API usage\nCache invalidated: build\nStep 10/23: Installing dependencies\nUsing Node.js 19.1.9\nHEAD is now at 0b9d7a3\nUploading artifact 'build' (16 files)\n[12:51:28] DEBUG: Loading configuration\nSuccess!\nTLS handshake completed\nWARNING: jest has known vulnerabilities\nFetching from https://registry.npmjs.org/package.json\npip: Downloading axios-3.13.tar.gz\npip: Collecting jest\nFinished.\n[12:51:28] INFO: Processing request\nWaiting...\nInstalling prettier@4.10.8\npip install: Successfully installed axios-1.18\nLoading...\n[12:51:28] DEBUG: Connection pool: 11 active\nLayer 9/13: RUN command\nnpm install: resolved 1000 packages\nRan 92 tests in 17s\nArtifact uploaded: dist.zip (65MB)\n  PASS: e2e/test_db_connect.spec.js\nTime: 33.442s\n=== Step restore_cache completed ===",
    "steps": [
      {
        "name": "save_cache",
        "status": "success",
        "started_at": "2025-12-11T12:51:28.534888",
        "finished_at": "2025-12-11T12:51:38.772321",
        "log_lines": [
          "=== Step: save_cache ===",
          "Bundling vendor.css",
          "pip: Collecting webpack",
          "\u2713 Task completed in 1254ms",
          "\u26a0 DEPRECATION: Feature will be removed in v2.0",
          "Success!",
          "  PASS: unit/test_api_health.spec.js",
          "\u2713 Step 'build' succeeded",
          "Artifact downloaded: 3MB",
          "OK",
          "Cache restored successfully (158MB)",
          "[12:51:28] INFO: Starting build process",
          "\u26a0 DEPRECATION: Feature will be removed in v3.0",
          "Finished.",
          "Transforming 500 files...",
          "Cache invalidated: dependencies",
          "Test Suites: 19 passed, 24 total",
          "Fetching from https://gcr.io/package.json",
          "Waiting...",
          "\u26a0 DEPRECATION: Feature will be removed in v2.0",
          "[12:51:28] INFO: Connecting to database",
          "Cache invalidated: node_modules",
          "npm install: added 454 packages",
          "HEAD is now at 9ddc404",
          "WARNING: prettier has known vulnerabilities",
          "Bundling styles.js",
          "\u2713 Task completed in 2431ms",
          "Building Docker image...",
          "Compiling components/app.ts...",
          "Minifying vendor.js",
          "POST /api - 201 (317ms)",
          "Connection established",
          "Generating source maps...",
          "Layer 5/10: ENV command",
          "Building Docker image...",
          "pip: Installing build dependencies...",
          "POST /data - 200 (295ms)",
          "[12:51:28] DEBUG: Connection pool: 8 active",
          "[12:51:28] DEBUG: Initializing service",
          "Ready.",
          "Ran 55 tests in 58s",
          "Installing prettier@4.8.7",
          "Transforming 345 files...",
          "Platform: win32-x64",
          "Artifact uploaded: dist.zip (53MB)",
          "Minifying vendor.js",
          "Transforming 489 files...",
          "Checking out master branch",
          "WARNING: express has known vulnerabilities",
          "[12:51:28] INFO: Connecting to database",
          "[12:51:28] INFO: Connecting to database",
          "\u26a0 DEPRECATION: Feature will be removed in v3.0",
          "Optimizing 14 modules...",
          "Waiting...",
          "Image pulled successfully",
          "[12:51:28] DEBUG: Query executed in 37ms",
          "\u2713 deploy completed",
          "Cache saved successfully",
          "Loading...",
          "Installing react@5.12.10",
          "Completed.",
          "\u26a0 DEPRECATION: Feature will be removed in v3.0",
          "pip: Installing build dependencies...",
          "Artifact uploaded: build.tar.gz (6MB)",
          "Step 9/19: Installing dependencies",
          "npm install: resolved 161 packages",
          "Creating production build...",
          "Cache restored successfully (268MB)",
          "Artifact uploaded: build.tar.gz (3MB)",
          "  PASS: e2e/test_api_health.spec.js",
          "Cache restored successfully (100MB)",
          "yarn add: Done in 9.8s",
          "HEAD is now at ca42659",
          "Pushing to registry...",
          "[12:51:28] INFO: Processing request",
          "[12:51:28] INFO: Request completed",
          "[12:51:28] DEBUG: Initializing service",
          "\u26a0 DEPRECATION: Feature will be removed in v4.0",
          "  PASS: integration/test_auth_login.spec.js",
          "pip install: Successfully installed axios-4.15",
          "Minifying app.js",
          "Cache miss for key-1944",
          "[12:51:28] DEBUG: Query executed in 78ms",
          "Step 14/20: Linting",
          "Building Docker image...",
          "[12:51:28] ERROR: Connection failed",
          "Cache miss for key-9836",
          "npm notice: package.json updated",
          "[12:51:28] INFO: Connecting to database",
          "npm install: resolved 1697 packages",
          "[12:51:28] INFO: Processing request",
          "Cache miss for key-5382",
          "FAILED: test_auth_login",
          "\u2713 All checks passed",
          "Installing axios@2.11.8",
          "Pushing to registry...",
          "Creating production build...",
          "Cache saved successfully",
          "Snapshots: 37 passed, 23 total",
          "Already up to date.",
          "Snapshots: 34 passed, 5 total",
          "Already up to date.",
          "[12:51:28] DEBUG: Initializing service",
          "Minifying vendor.js",
          "Installing eslint@3.13.1",
          "Ran 113 tests in 50s",
          "Ran 37 tests in 58s",
          "Step 4/17: Testing",
          "[12:51:28] DEBUG: Connection pool: 20 active",
          "[12:51:28] DEBUG: Query executed in 5ms",
          "\u2713 All checks passed",
          "Artifact uploaded: build.tar.gz (8MB)",
          "npm install: added 88 packages",
          "Processing...",
          "\u2713 Step 'checkout' succeeded",
          "Layer 6/10: COPY command",
          "TLS handshake completed",
          "Environment: test",
          "Compiling utils/app.ts...",
          "Artifact downloaded: 11MB",
          "Success!",
          "pip: Downloading webpack-3.13.tar.gz",
          "Cache invalidated: build",
          "[12:51:28] WARN: Deprecated API usage",
          "\u2713 Task completed in 3173ms",
          "Uploading artifact 'build' (18 files)",
          "[12:51:28] DEBUG: Memory usage: 1322MB",
          "Compiling utils/index.js...",
          "\u2713 Task completed in 2076ms",
          "OK",
          "Already up to date.",
          "Switched to branch 'bugfix/task-557'",
          "Generating source maps...",
          "\u2713 Step 'test' succeeded",
          "HEAD is now at 19d415c",
          "Pushing to registry...",
          "Image pulled successfully",
          "\u2713 deploy completed",
          "Step 16/21: Linting",
          "\u26a0 DEPRECATION: Feature will be removed in v2.0",
          "Step 11/16: Installing dependencies",
          "=== Step save_cache completed ==="
        ]
      },
      {
        "name": "integration_tests",
        "status": "success",
        "started_at": "2025-12-11T12:51:38.772321",
        "finished_at": "2025-12-11T12:52:12.897096",
        "log_lines": [
          "=== Step: integration_tests ===",
          "[12:51:28] DEBUG: Loading configuration",
          "\u2713 Step 'install' succeeded",
          "WARNING: jest has known vulnerabilities",
          "[12:51:28] DEBUG: Connection pool: 3 active",
          "\u26a0 DEPRECATION: Feature will be removed in v4.0",
          "Transforming 281 files...",
          "POST /upload - 202 (233ms)",
          "Compiling components/handler.rs...",
          "[12:51:28] INFO: Connecting to database",
          "yarn add: Done in 20.96s",
          "Checking out main branch",
          "Verifying...",
          "Artifact uploaded: dist.zip (80MB)",
          "Compiling src/handler.rs...",
          "[12:51:28] INFO: Cache refreshed",
          "Transforming 962 files...",
          "GET /api - 204 (15ms)",
          "Uploading artifact 'dist' (23 files)",
          "Pulling image: node:latest",
          "[12:51:28] INFO: Connecting to database",
          "TLS handshake completed",
          "Uploading artifact 'dist' (29 files)",
          "Completed.",
          "[12:51:28] INFO: Starting build process",
          "\u2713 All checks passed",
          "FAILED: test_api_health",
          "Ready.",
          "Exception: RuntimeError",
          "[12:51:28] WARN: Deprecated API usage",
          "Compiling components/handler.rs...",
          "Time: 94.499s",
          "Environment: development",
          "Success!",
          "Checking out develop branch",
          "Compiling src/service.java...",
          "GET /health - 204 (29ms)",
          "Environment: development",
          "[12:51:28] ERROR: Connection failed",
          "Ready.",
          "Fetching from https://registry.npmjs.org/package.json",
          "pip: Collecting webpack",
          "Step 1/16: Installing dependencies",
          "Fetching submodules...",
          "npm notice: created a lockfile",
          "Using Python 3.11",
          "\u2713 test completed",
          "Success!",
          "[12:51:28] DEBUG: Memory usage: 1246MB",
          "Building Docker image...",
          "Generating source maps...",
          "Snapshots: 32 passed, 0 total",
          "\u2713 Task completed in 1647ms",
          "Loading...",
          "[12:51:28] INFO: Connecting to database",
          "[12:51:28] DEBUG: Query executed in 88ms",
          "Test Suites: 10 passed, 39 total",
          "[12:51:28] INFO: Connecting to database",
          "Switched to branch 'bugfix/task-487'",
          "Test Suites: 17 passed, 38 total",
          "Pulling image: node:3.11",
          "Waiting...",
          "Already up to date.",
          "WARNING: express has known vulnerabilities",
          "\u26a0 DEPRECATION: Feature will be removed in v5.0",
          "\u2713 Step 'checkout' succeeded",
          "[12:51:28] INFO: Request completed",
          "Creating production build...",
          "Installing eslint@3.5.6",
          "\u26a0 DEPRECATION: Feature will be removed in v4.0",
          "Cache saved successfully",
          "Switched to branch 'hotfix/task-503'",
          "Done.",
          "Transforming 656 files...",
          "yarn add: Done in 2.76s",
          "Platform: win32-x64",
          "Finished.",
          "  PASS: test_api_health (469ms)",
          "Ran 41 tests in 18s",
          "[12:51:28] WARN: Deprecated API usage",
          "pip: Installing build dependencies...",
          "Already up to date.",
          "Pulling image: alpine:3.11",
          "[12:51:28] INFO: Processing request",
          "Using Node.js 20.0.9",
          "Using Python 3.9",
          "yarn add: Done in 2.59s",
          "[12:51:28] DEBUG: Query executed in 63ms",
          "Switched to branch 'hotfix/task-747'",
          "\u26a0 DEPRECATION: Feature will be removed in v3.0",
          "Step 7/19: Building",
          "Step 10/18: Testing",
          "Processing...",
          "Cache hit for key-7234",
          "\u2713 package completed",
          "Completed.",
          "Pulling image: node:3.11",
          "Processing...",
          "[12:51:28] DEBUG: Connection pool: 18 active",
          "Compiling utils/handler.rs...",
          "Switched to branch 'hotfix/task-901'",
          "Artifact uploaded: build.tar.gz (32MB)",
          "Checking out develop branch",
          "\u2713 All checks passed",
          "Ran 29 tests in 22s",
          "pip install: Successfully installed eslint-1.19",
          "NODE_ENV=test",
          "Compiling utils/index.js...",
          "Artifact uploaded: dist.zip (21MB)",
          "Snapshots: 31 passed, 6 total",
          "Checking out master branch",
          "[12:51:28] DEBUG: Memory usage: 712MB",
          "HEAD is now at 2e3d1c5",
          "OK",
          "[12:51:28] INFO: Starting build process",
          "Cache hit for key-7443",
          "Artifact uploaded: dist.zip (95MB)",
          "Cache restored successfully (35MB)",
          "Cache saved successfully",
          "pip: Downloading eslint-5.3.tar.gz",
          "npm install: added 12 packages",
          "Generating source maps...",
          "pip: Installing build dependencies...",
          "Image pulled successfully",
          "GET /health - 204 (44ms)",
          "Processing...",
          "[12:51:28] INFO: Processing request",
          "Completed.",
          "Minifying app.js",
          "Loading...",
          "[12:51:28] INFO: Processing request",
          "Fetching from https://pypi.org/package.json",
          "Image pulled successfully",
          "Using Node.js 14.16.4",
          "Ran 191 tests in 3s",
          "Done.",
          "Compiling src/index.js...",
          "[12:51:28] INFO: Connecting to database",
          "Finished.",
          "Bundling runtime.css",
          "Snapshots: 4 passed, 30 total",
          "=== Step integration_tests completed ==="
        ]
      },
      {
        "name": "deploy_production",
        "status": "success",
        "started_at": "2025-12-11T12:52:12.897096",
        "finished_at": "2025-12-11T12:52:19.722051",
        "log_lines": [
          "=== Step: deploy_production ===",
          "Success!",
          "\u2713 Task completed in 947ms",
          "npm install: resolved 1954 packages",
          "Finished.",
          "Pulling image: node:3.11",
          "Coverage: 89% statements, 85% branches",
          "Step 9/21: Installing dependencies",
          "Connection established",
          "[12:51:28] DEBUG: Loading configuration",
          "npm notice: package.json updated",
          "Fetching from https://googleapis.com/package.json",
          "Environment: production",
          "[12:51:28] INFO: Request completed",
          "Step 13/25: Running migrations",
          "[12:51:28] INFO: Cache refreshed",
          "Step 19/25: Running migrations",
          "Cache restored successfully (13MB)",
          "Step 5/24: Linting",
          "Artifact uploaded: dist.zip (49MB)",
          "Platform: darwin-arm64",
          "\u26a0 DEPRECATION: Feature will be removed in v2.0",
          "Installing jest@5.12.6",
          "[12:51:28] DEBUG: Query executed in 16ms",
          "Bundling runtime.js",
          "Using Node.js 14.5.1",
          "Step 12/21: Linting",
          "Pulling image: alpine:18",
          "[12:51:28] WARN: Deprecated API usage",
          "Success!",
          "npm install: added 214 packages",
          "Artifact uploaded: dist.zip (21MB)",
          "Ran 146 tests in 27s",
          "Test Suites: 34 passed, 47 total",
          "Building Docker image...",
          "\u2713 deploy completed",
          "[12:51:28] INFO: Request completed",
          "Pushing to registry...",
          "Compiling components/app.ts...",
          "[12:51:28] DEBUG: Connection pool: 5 active",
          "npm notice: package.json updated",
          "Step 4/16: Testing",
          "npm notice: created a lockfile",
          "Creating production build...",
          "Artifact uploaded: dist.zip (71MB)",
          "[12:51:28] INFO: Connecting to database",
          "Optimizing 19 modules...",
          "Layer 10/11: RUN command",
          "Environment: production",
          "\u26a0 DEPRECATION: Feature will be removed in v4.0",
          "Compiling lib/index.js...",
          "Step 3/24: Deploying",
          "\u26a0 DEPRECATION: Feature will be removed in v2.0",
          "Creating production build...",
          "[12:51:28] INFO: Connecting to database",
          "Image pulled successfully",
          "GET /status - 200 (64ms)",
          "npm notice: package.json updated",
          "Cache saved successfully",
          "Done.",
          "[12:51:28] INFO: Starting build process",
          "Cache hit for key-8201",
          "Step 10/21: Installing dependencies",
          "FAILED: test_cache_hit",
          "Artifact downloaded: 12MB",
          "[12:51:28] INFO: Request completed",
          "Environment: production",
          "Fetching submodules...",
          "Success!",
          "OK",
          "Step 3/21: Building",
          "Artifact uploaded: dist.zip (8MB)",
          "Step 14/16: Deploying",
          "[12:51:28] DEBUG: Initializing service",
          "OK",
          "npm install: added 54 packages",
          "Success!",
          "[12:51:28] DEBUG: Memory usage: 1138MB",
          "Connection established",
          "Loading...",
          "Transforming 193 files...",
          "[12:51:28] INFO: Cache refreshed",
          "pip: Collecting react",
          "\u2713 All checks passed",
          "NODE_ENV=development",
          "Tests: 272 passed, 290 total",
          "\u2713 All checks passed",
          "Connection established",
          "HEAD is now at 8c6e5f6",
          "Generating source maps...",
          "[12:51:28] WARN: Deprecated API usage",
          "[12:51:28] WARN: Deprecated API usage",
          "npm install: resolved 857 packages",
          "Done.",
          "pip install: Successfully installed axios-1.9",
          "Minifying vendor.js",
          "Generating source maps...",
          "\u26a0 DEPRECATION: Feature will be removed in v3.0",
          "Step 1/15: Linting",
          "npm notice: created a lockfile",
          "Cache invalidated: build",
          "\u2717 build failed with exit code 70",
          "Completed.",
          "Artifact downloaded: 36MB",
          "Cache invalidated: build",
          "POST /api - 200 (74ms)",
          "Uploading artifact 'coverage' (48 files)",
          "Completed.",
          "Done.",
          "[12:51:28] DEBUG: Connection pool: 19 active",
          "Cache invalidated: node_modules",
          "[12:51:28] ERROR: Connection failed",
          "Already up to date.",
          "[12:51:28] WARN: Deprecated API usage",
          "Using Node.js 20.3.8",
          "[12:51:28] INFO: Cache refreshed",
          "Minifying vendor.js",
          "Snapshots: 14 passed, 27 total",
          "Step 19/16: Deploying",
          "Cache restored successfully (331MB)",
          "WARNING: lodash has known vulnerabilities",
          "Optimizing 66 modules...",
          "Processing...",
          "pip: Downloading prettier-5.20.tar.gz",
          "\u2713 build completed",
          "Fetching from https://docker.io/package.json",
          "npm install: added 360 packages",
          "Snapshots: 36 passed, 28 total",
          "\u2713 All checks passed",
          "Fetching from https://docker.io/package.json",
          "Processing...",
          "Test Suites: 10 passed, 18 total",
          "\u2713 All checks passed",
          "[12:51:28] DEBUG: Loading configuration",
          "Coverage: 87% statements, 83% branches",
          "npm notice: created a lockfile",
          "[12:51:28] DEBUG: Query executed in 30ms",
          "Waiting...",
          "Processing...",
          "pip: Installing build dependencies...",
          "Verifying...",
          "=== Step deploy_production completed ==="
        ]
      },
      {
        "name": "checkout",
        "status": "success",
        "started_at": "2025-12-11T12:52:19.722051",
        "finished_at": "2025-12-11T12:52:26.547006",
        "log_lines": [
          "=== Step: checkout ===",
          "Generating source maps...",
          "[12:51:28] INFO: Cache refreshed",
          "npm notice: package.json updated",
          "Transforming 731 files...",
          "Cache restored successfully (129MB)",
          "Exception: NullPointerException",
          "\u26a0 DEPRECATION: Feature will be removed in v4.0",
          "Step 16/17: Deploying",
          "pip: Installing build dependencies...",
          "Cache restored successfully (446MB)",
          "Minifying vendor.js",
          "Building Docker image...",
          "\u2717 build failed with exit code 5",
          "pip: Downloading axios-3.18.tar.gz",
          "Artifact uploaded: dist.zip (79MB)",
          "Platform: linux-x64",
          "npm notice: package.json updated",
          "npm notice: package.json updated",
          "Step 10/16: Running migrations",
          "[12:51:28] INFO: Cache refreshed",
          "\u2713 All checks passed",
          "Step 9/19: Linting",
          "Ready.",
          "pip install: Successfully installed react-2.2",
          "[12:51:28] WARN: Deprecated API usage",
          "[12:51:28] INFO: Processing request",
          "Optimizing 90 modules...",
          "npm notice: created a lockfile",
          "\u2717 build failed with exit code 108",
          "\u26a0 DEPRECATION: Feature will be removed in v4.0",
          "WARNING: eslint has known vulnerabilities",
          "Verifying...",
          "[12:51:28] WARN: Deprecated API usage",
          "Compiling src/utils.go...",
          "WARNING: webpack has known vulnerabilities",
          "Pushing to registry...",
          "Ready.",
          "Image pulled successfully",
          "Artifact uploaded: build.tar.gz (37MB)",
          "Checking out develop branch",
          "[12:51:28] DEBUG: Initializing service",
          "Step 5/16: Testing",
          "[12:51:28] DEBUG: Connection pool: 19 active",
          "Bundling styles.js",
          "yarn add: Done in 14.38s",
          "Snapshots: 36 passed, 45 total",
          "[12:51:28] INFO: Request completed",
          "npm install: resolved 1958 packages",
          "Creating production build...",
          "Already up to date.",
          "POST /data - 202 (370ms)",
          "[12:51:28] ERROR: Connection failed",
          "[12:51:28] DEBUG: Connection pool: 19 active",
          "[12:51:28] WARN: Deprecated API usage",
          "Artifact uploaded: dist.zip (94MB)",
          "\u2717 build failed with exit code 12",
          "WARNING: jest has known vulnerabilities",
          "GET /api - 204 (41ms)",
          "[12:51:28] INFO: Processing request",
          "Bundling styles.css",
          "\u2713 deploy completed",
          "npm install: resolved 1466 packages",
          "yarn add: Done in 23.76s",
          "Using Node.js 15.11.6",
          "WARNING: express has known vulnerabilities",
          "Completed.",
          "Step 16/17: Installing dependencies",
          "Cache saved successfully",
          "NODE_ENV=production",
          "npm install: added 274 packages",
          "GET /api - 201 (34ms)",
          "pip install: Successfully installed express-4.6",
          "[12:51:28] INFO: Processing request",
          "Uploading artifact 'build' (21 files)",
          "  PASS: test_cache_hit (494ms)",
          "GET /status - 200 (74ms)",
          "[12:51:28] DEBUG: Query executed in 100ms",
          "Installing prettier@1.10.10",
          "Tests: 224 passed, 377 total",
          "\u26a0 DEPRECATION: Feature will be removed in v4.0",
          "WARNING: lodash has known vulnerabilities",
          "Optimizing 98 modules...",
          "Coverage: 76% statements, 93% branches",
          "\u2713 Step 'test' succeeded",
          "Compiling utils/utils.go...",
          "Cache miss for key-1763",
          "pip: Installing build dependencies...",
          "Already up to date.",
          "Minifying vendor.js",
          "Artifact uploaded: build.tar.gz (35MB)",
          "Test Suites: 25 passed, 12 total",
          "Already up to date.",
          "GET /api - 204 (93ms)",
          "Fetching from https://pypi.org/package.json",
          "Cache restored successfully (257MB)",
          "POST /data - 201 (200ms)",
          "\u2713 Task completed in 2238ms",
          "npm notice: created a lockfile",
          "Loading...",
          "\u2713 test completed",
          "Building Docker image...",
          "[12:51:28] INFO: Starting build process",
          "Image pulled successfully",
          "Tests: 371 passed, 337 total",
          "Cache saved successfully",
          "Waiting...",
          "Step 4/24: Running migrations",
          "Cache miss for key-8461",
          "Compiling components/index.js...",
          "Compiling lib/index.js...",
          "Done.",
          "Verifying...",
          "Cache miss for key-5898",
          "Layer 4/13: ENV command",
          "Compiling utils/handler.rs...",
          "Cache saved successfully",
          "Building Docker image...",
          "\u26a0 DEPRECATION: Feature will be removed in v3.0",
          "Done.",
          "Cache saved successfully",
          "Transforming 971 files...",
          "yarn add: Done in 16.21s",
          "[12:51:28] INFO: Processing request",
          "Fetching submodules...",
          "Ran 193 tests in 40s",
          "Checking out develop branch",
          "Step 2/17: Testing",
          "Cache invalidated: build",
          "NODE_ENV=production",
          "WARNING: jest has known vulnerabilities",
          "Building Docker image...",
          "Optimizing 54 modules...",
          "Artifact uploaded: build.tar.gz (20MB)",
          "GET /status - 201 (82ms)",
          "Step 10/25: Deploying",
          "HEAD is now at acb617d",
          "Artifact uploaded: dist.zip (87MB)",
          "Processing...",
          "Artifact uploaded: build.tar.gz (42MB)",
          "[12:51:28] WARN: Deprecated API usage",
          "=== Step checkout completed ==="
        ]
      },
      {
        "name": "unit_tests",
        "status": "success",
        "started_at": "2025-12-11T12:52:26.547006",
        "finished_at": "2025-12-11T12:53:17.734169",
        "log_lines": [
          "=== Step: unit_tests ===",
          "[12:51:28] DEBUG: Loading configuration",
          "Platform: darwin-arm64",
          "[12:51:28] DEBUG: Memory usage: 1240MB",
          "npm notice: package.json updated",
          "Layer 8/11: ENV command",
          "TLS handshake completed",
          "\u2717 build failed with exit code 83",
          "Cache miss for key-4164",
          "  PASS: test_cache_hit (191ms)",
          "GET /status - 201 (32ms)",
          "Waiting...",
          "[12:51:28] DEBUG: Query executed in 22ms",
          "Completed.",
          "Cache hit for key-9818",
          "Installing prettier@5.10.1",
          "Building Docker image...",
          "Layer 1/12: COPY command",
          "[12:51:28] DEBUG: Memory usage: 1753MB",
          "npm notice: package.json updated",
          "Processing...",
          "Compiling src/handler.rs...",
          "[12:51:28] INFO: Starting build process",
          "Environment: staging",
          "[12:51:28] INFO: Processing request",
          "Artifact downloaded: 37MB",
          "Checking out master branch",
          "WARNING: express has known vulnerabilities",
          "Cache miss for key-8593",
          "Minifying vendor.js",
          "\u2713 All checks passed",
          "[12:51:28] DEBUG: Connection pool: 8 active",
          "\u2713 Task completed in 881ms",
          "Using Node.js 14.12.2",
          "[12:51:28] DEBUG: Connection pool: 14 active",
          "Environment: development",
          "[12:51:28] INFO: Request completed",
          "pip install: Successfully installed prettier-2.2",
          "Fetching from https://docker.io/package.json",
          "Optimizing 67 modules...",
          "[12:51:28] INFO: Connecting to database",
          "Optimizing 99 modules...",
          "\u26a0 DEPRECATION: Feature will be removed in v3.0",
          "\u26a0 DEPRECATION: Feature will be removed in v5.0",
          "Step 16/20: Deploying",
          "[12:51:28] DEBUG: Memory usage: 1976MB",
          "Step 6/23: Testing",
          "npm install: resolved 707 packages",
          "[12:51:28] INFO: Starting build process",
          "pip: Downloading express-2.12.tar.gz",
          "\u26a0 DEPRECATION: Feature will be removed in v3.0",
          "Tests: 269 passed, 196 total",
          "Building Docker image...",
          "Ran 111 tests in 59s",
          "Coverage: 70% statements, 89% branches",
          "npm notice: package.json updated",
          "[12:51:28] WARN: Deprecated API usage",
          "[12:51:28] WARN: Deprecated API usage",
          "Compiling lib/app.ts...",
          "Bundling runtime.css",
          "Loading...",
          "Minifying main.js",
          "Compiling src/service.java...",
          "Compiling utils/utils.go...",
          "Waiting...",
          "pip: Collecting axios",
          "npm install: added 429 packages",
          "Image pulled successfully",
          "Generating source maps...",
          "Processing...",
          "Switched to branch 'bugfix/task-140'",
          "FAILED: test_db_connect",
          "\u2713 Step 'build' succeeded",
          "Connection established",
          "\u2713 All checks passed",
          "Step 3/17: Installing dependencies",
          "\u26a0 DEPRECATION: Feature will be removed in v3.0",
          "[12:51:28] INFO: Starting build process",
          "[12:51:28] DEBUG: Initializing service",
          "Transforming 625 files...",
          "Switched to branch 'feature/task-224'",
          "Step 8/22: Deploying",
          "npm install: added 297 packages",
          "[12:51:28] INFO: Processing request",
          "  PASS: e2e/test_cache_hit.spec.js",
          "HEAD is now at bbe689e",
          "npm install: added 494 packages",
          "HEAD is now at 9c3fedd",
          "Transforming 579 files...",
          "Artifact downloaded: 11MB",
          "Step 19/22: Deploying",
          "Connection established",
          "yarn add: Done in 23.81s",
          "HEAD is now at 9dba93e",
          "pip install: Successfully installed prettier-5.12",
          "[12:51:28] DEBUG: Query executed in 20ms",
          "Cache restored successfully (248MB)",
          "Waiting...",
          "Bundling vendor.css",
          "Cache hit for key-6307",
          "[12:51:28] INFO: Starting build process",
          "Pushing to registry...",
          "Exception: ValueError",
          "Cache restored successfully (443MB)",
          "\u2713 package completed",
          "WARNING: prettier has known vulnerabilities",
          "Step 4/19: Installing dependencies",
          "Step 7/18: Deploying",
          "Pushing to registry...",
          "Image pulled successfully",
          "[12:51:28] DEBUG: Query executed in 26ms",
          "Verifying...",
          "Compiling components/app.ts...",
          "Compiling utils/service.java...",
          "Cache restored successfully (263MB)",
          "[12:51:28] INFO: Cache refreshed",
          "Cache miss for key-2661",
          "\u2713 Step 'build' succeeded",
          "Building Docker image...",
          "Fetching from https://docker.io/package.json",
          "Step 16/24: Running migrations",
          "Installing axios@2.7.0",
          "\u2713 Task completed in 1462ms",
          "\u26a0 DEPRECATION: Feature will be removed in v5.0",
          "[12:51:28] DEBUG: Connection pool: 18 active",
          "Cache miss for key-6653",
          "Fetching submodules...",
          "[12:51:28] DEBUG: Loading configuration",
          "Minifying vendor.js",
          "[12:51:28] DEBUG: Connection pool: 6 active",
          "[12:51:28] DEBUG: Connection pool: 14 active",
          "Cache saved successfully",
          "Exception: ValueError",
          "Artifact downloaded: 15MB",
          "[12:51:28] INFO: Cache refreshed",
          "NODE_ENV=test",
          "[12:51:28] WARN: Deprecated API usage",
          "Step 16/19: Building",
          "\u26a0 DEPRECATION: Feature will be removed in v2.0",
          "Success!",
          "Image pulled successfully",
          "=== Step unit_tests completed ==="
        ]
      },
      {
        "name": "setup_node",
        "status": "success",
        "started_at": "2025-12-11T12:53:17.734169",
        "finished_at": "2025-12-11T12:53:34.796557",
        "log_lines": [
          "=== Step: setup_node ===",
          "\u26a0 DEPRECATION: Feature will be removed in v2.0",
          "Completed.",
          "HEAD is now at c9b2302",
          "[12:51:28] DEBUG: Initializing service",
          "Fetching from https://github.com/package.json",
          "Uploading artifact 'dist' (9 files)",
          "Pulling image: alpine:3.11",
          "Already up to date.",
          "[12:51:28] DEBUG: Loading configuration",
          "Compiling src/main.py...",
          "Creating production build...",
          "WARNING: express has known vulnerabilities",
          "\u2713 validate completed",
          "Building Docker image...",
          "Waiting...",
          "[12:51:28] WARN: Deprecated API usage",
          "Step 14/23: Installing dependencies",
          "FAILED: test_api_health",
          "[12:51:28] DEBUG: Loading configuration",
          "WARNING: prettier has known vulnerabilities",
          "Bundling styles.css",
          "Artifact uploaded: dist.zip (37MB)",
          "[12:51:28] WARN: Deprecated API usage",
          "POST /upload - 200 (351ms)",
          "npm install: resolved 706 packages",
          "Pulling image: node:3.11",
          "npm notice: package.json updated",
          "Loading...",
          "Step 5/15: Testing",
          "pip: Installing build dependencies...",
          "Snapshots: 23 passed, 17 total",
          "FAILED: test_user_create",
          "\u2713 Task completed in 263ms",
          "Switched to branch 'bugfix/task-430'",
          "Fetching submodules...",
          "Fetching from https://gcr.io/package.json",
          "\u2713 Step 'build' succeeded",
          "Layer 5/14: ENV command",
          "Loading...",
          "npm install: resolved 1917 packages",
          "Ready.",
          "[12:51:28] WARN: Deprecated API usage",
          "Checking out master branch",
          "POST /upload - 200 (74ms)",
          "Switched to branch 'feature/task-596'",
          "  PASS: integration/test_user_create.spec.js",
          "Step 1/25: Testing",
          "Success!",
          "Bundling styles.js",
          "Step 16/21: Installing dependencies",
          "pip: Downloading axios-5.4.tar.gz",
          "Ready.",
          "Artifact uploaded: dist.zip (66MB)",
          "Compiling components/app.ts...",
          "  PASS: unit/test_db_connect.spec.js",
          "GET /api - 200 (48ms)",
          "WARNING: eslint has known vulnerabilities",
          "Tests: 73 passed, 251 total",
          "Generating source maps...",
          "\u2713 lint completed",
          "Step 1/17: Deploying",
          "pip: Downloading express-5.9.tar.gz",
          "Processing...",
          "HEAD is now at 344f9b6",
          "\u2713 Step 'test' succeeded",
          "[12:51:28] DEBUG: Initializing service",
          "Compiling lib/handler.rs...",
          "pip install: Successfully installed express-1.11",
          "Transforming 402 files...",
          "WARNING: lodash has known vulnerabilities",
          "Loading...",
          "Step 4/24: Testing",
          "Already up to date.",
          "[12:51:28] INFO: Request completed",
          "[12:51:28] INFO: Starting build process",
          "npm notice: created a lockfile",
          "Compiling lib/service.java...",
          "\u2713 All checks passed",
          "npm install: added 207 packages",
          "Installing jest@4.15.3",
          "Step 8/22: Running migrations",
          "Step 13/17: Testing",
          "Tests: 182 passed, 69 total",
          "\u26a0 DEPRECATION: Feature will be removed in v5.0",
          "Cache hit for key-3545",
          "[12:51:28] DEBUG: Connection pool: 19 active",
          "Creating production build...",
          "Checking out master branch",
          "NODE_ENV=test",
          "\u2713 package completed",
          "Uploading artifact 'coverage' (23 files)",
          "Tests: 405 passed, 451 total",
          "Artifact uploaded: dist.zip (44MB)",
          "Step 6/23: Deploying",
          "WARNING: jest has known vulnerabilities",
          "[12:51:28] DEBUG: Connection pool: 13 active",
          "[12:51:28] INFO: Connecting to database",
          "Compiling lib/main.py...",
          "[12:51:28] INFO: Request completed",
          "Building Docker image...",
          "\u26a0 DEPRECATION: Feature will be removed in v4.0",
          "Uploading artifact 'build' (17 files)",
          "Platform: win32-x64",
          "OK",
          "Success!",
          "Pushing to registry...",
          "Connection established",
          "Compiling components/app.ts...",
          "[12:51:28] INFO: Request completed",
          "Connection established",
          "Cache restored successfully (275MB)",
          "Transforming 358 files...",
          "NODE_ENV=production",
          "Cache saved successfully",
          "Tests: 136 passed, 324 total",
          "\u26a0 DEPRECATION: Feature will be removed in v2.0",
          "Transforming 594 files...",
          "GET /status - 201 (13ms)",
          "Tests: 405 passed, 118 total",
          "POST /data - 201 (478ms)",
          "Image pulled successfully",
          "Bundling main.css",
          "Uploading artifact 'build' (50 files)",
          "\u2713 All checks passed",
          "Step 9/15: Installing dependencies",
          "OK",
          "Cache saved successfully",
          "[12:51:28] DEBUG: Connection pool: 4 active",
          "[12:51:28] WARN: Deprecated API usage",
          "HEAD is now at 8ce9548",
          "Test Suites: 48 passed, 23 total",
          "Minifying app.js",
          "Platform: darwin-arm64",
          "POST /upload - 200 (324ms)",
          "Cache saved successfully",
          "\u2713 package completed",
          "Test Suites: 48 passed, 15 total",
          "pip: Installing build dependencies...",
          "Step 18/18: Installing dependencies",
          "npm install: added 141 packages",
          "=== Step setup_node completed ==="
        ]
      },
      {
        "name": "e2e_tests",
        "status": "success",
        "started_at": "2025-12-11T12:53:34.796557",
        "finished_at": "2025-12-11T12:53:51.858945",
        "log_lines": [
          "=== Step: e2e_tests ===",
          "Environment: staging",
          "Artifact uploaded: build.tar.gz (6MB)",
          "[12:51:28] INFO: Processing request",
          "Cache restored successfully (218MB)",
          "Compiling components/main.py...",
          "NODE_ENV=test",
          "Optimizing 61 modules...",
          "Environment: staging",
          "WARNING: express has known vulnerabilities",
          "[12:51:28] INFO: Processing request",
          "GET /api - 200 (70ms)",
          "Success!",
          "npm install: resolved 1289 packages",
          "[12:51:28] DEBUG: Query executed in 47ms",
          "[12:51:28] DEBUG: Memory usage: 1352MB",
          "Tests: 118 passed, 169 total",
          "FAILED: test_auth_login",
          "pip install: Successfully installed jest-1.3",
          "[12:51:28] DEBUG: Initializing service",
          "pip: Installing build dependencies...",
          "\u2713 package completed",
          "Artifact downloaded: 30MB",
          "\u2717 build failed with exit code 48",
          "pip: Downloading express-4.3.tar.gz",
          "OK",
          "Success!",
          "npm install: resolved 854 packages",
          "Installing axios@4.12.0",
          "Compiling components/utils.go...",
          "Step 6/25: Building",
          "Processing...",
          "Layer 8/8: ENV command",
          "[12:51:28] DEBUG: Memory usage: 1541MB",
          "WARNING: react has known vulnerabilities",
          "[12:51:28] DEBUG: Query executed in 70ms",
          "Artifact uploaded: build.tar.gz (14MB)",
          "[12:51:28] INFO: Request completed",
          "\u2717 build failed with exit code 25",
          "\u2717 build failed with exit code 62",
          "Building Docker image...",
          "[12:51:28] WARN: Deprecated API usage",
          "Pulling image: python:3.11",
          "Step 20/16: Building",
          "Generating source maps...",
          "[12:51:28] DEBUG: Initializing service",
          "  PASS: unit/test_db_connect.spec.js",
          "[12:51:28] INFO: Starting build process",
          "Cache miss for key-9776",
          "[12:51:28] INFO: Cache refreshed",
          "Step 4/20: Installing dependencies",
          "\u2717 build failed with exit code 23",
          "[12:51:28] WARN: Deprecated API usage",
          "npm install: added 343 packages",
          "TLS handshake completed",
          "Fetching submodules...",
          "Exception: ValueError",
          "npm notice: created a lockfile",
          "[12:51:28] DEBUG: Query executed in 2ms",
          "Creating production build...",
          "Optimizing 94 modules...",
          "Building Docker image...",
          "Compiling components/handler.rs...",
          "[12:51:28] INFO: Starting build process",
          "Checking out master branch",
          "Generating source maps...",
          "Step 5/15: Installing dependencies",
          "Test Suites: 7 passed, 44 total",
          "Optimizing 57 modules...",
          "HEAD is now at 3f9101b",
          "[12:51:28] DEBUG: Initializing service",
          "[12:51:28] DEBUG: Loading configuration",
          "Step 18/24: Running migrations",
          "[12:51:28] INFO: Starting build process",
          "Environment: staging",
          "Exception: NullPointerException",
          "Uploading artifact 'dist' (23 files)",
          "Ready.",
          "Processing...",
          "Waiting...",
          "WARNING: eslint has known vulnerabilities",
          "Ran 124 tests in 38s",
          "Checking out master branch",
          "[12:51:28] WARN: Deprecated API usage",
          "Tests: 338 passed, 431 total",
          "Verifying...",
          "pip: Installing build dependencies...",
          "pip: Installing build dependencies...",
          "WARNING: jest has known vulnerabilities",
          "Transforming 836 files...",
          "[12:51:28] DEBUG: Initializing service",
          "\u26a0 DEPRECATION: Feature will be removed in v2.0",
          "Waiting...",
          "Uploading artifact 'build' (27 files)",
          "npm install: resolved 1188 packages",
          "[12:51:28] INFO: Cache refreshed",
          "npm notice: package.json updated",
          "[12:51:28] INFO: Cache refreshed",
          "\u2717 build failed with exit code 36",
          "npm install: added 355 packages",
          "Step 14/24: Running migrations",
          "[12:51:28] DEBUG: Loading configuration",
          "Minifying main.js",
          "Fetching submodules...",
          "Fetching from https://docker.io/package.json",
          "[12:51:28] DEBUG: Connection pool: 8 active",
          "Time: 1.883s",
          "Connection established",
          "NODE_ENV=test",
          "Snapshots: 31 passed, 22 total",
          "Fetching from https://amazonaws.com/package.json",
          "Waiting...",
          "Connection established",
          "Checking out main branch",
          "Test Suites: 21 passed, 20 total",
          "Environment: staging",
          "[12:51:28] DEBUG: Initializing service",
          "FAILED: test_auth_login",
          "[12:51:28] DEBUG: Memory usage: 1426MB",
          "OK",
          "[12:51:28] ERROR: Connection failed",
          "Ran 116 tests in 40s",
          "Processing...",
          "\u2713 validate completed",
          "Ran 120 tests in 15s",
          "Verifying...",
          "Exception: RuntimeError",
          "Finished.",
          "\u2713 package completed",
          "Cache invalidated: node_modules",
          "[12:51:28] DEBUG: Memory usage: 802MB",
          "Coverage: 94% statements, 87% branches",
          "WARNING: axios has known vulnerabilities",
          "Using Node.js 18.6.3",
          "npm install: added 400 packages",
          "npm install: resolved 282 packages",
          "Using Python 3.10",
          "Done.",
          "Using Node.js 18.2.3",
          "Switched to branch 'hotfix/task-530'",
          "WARNING: axios has known vulnerabilities",
          "=== Step e2e_tests completed ==="
        ]
      },
      {
        "name": "upload_artifacts",
        "status": "success",
        "started_at": "2025-12-11T12:53:51.858945",
        "finished_at": "2025-12-11T12:54:08.921333",
        "log_lines": [
          "=== Step: upload_artifacts ===",
          "Loading...",
          "Using Python 3.9",
          "Snapshots: 6 passed, 49 total",
          "Exception: NullPointerException",
          "Switched to branch 'feature/task-485'",
          "Step 14/24: Testing",
          "\u2717 build failed with exit code 2",
          "Completed.",
          "POST /upload - 201 (274ms)",
          "TLS handshake completed",
          "Snapshots: 8 passed, 9 total",
          "Connection established",
          "pip install: Successfully installed react-1.4",
          "Cache hit for key-2767",
          "npm install: resolved 1403 packages",
          "[12:51:28] INFO: Starting build process",
          "Fetching from https://googleapis.com/package.json",
          "Ran 103 tests in 31s",
          "OK",
          "Compiling src/app.ts...",
          "Processing...",
          "pip install: Successfully installed axios-1.20",
          "Snapshots: 46 passed, 32 total",
          "pip: Installing build dependencies...",
          "POST /upload - 200 (198ms)",
          "Cache invalidated: node_modules",
          "Pulling image: python:latest",
          "Artifact uploaded: build.tar.gz (6MB)",
          "WARNING: webpack has known vulnerabilities",
          "Step 18/15: Building",
          "Platform: linux-x64",
          "Step 20/22: Deploying",
          "Generating source maps...",
          "[12:51:28] INFO: Connecting to database",
          "Compiling utils/handler.rs...",
          "Cache miss for key-6136",
          "OK",
          "Compiling lib/service.java...",
          "Time: 93.706s",
          "Pulling image: node:18",
          "[12:51:28] DEBUG: Initializing service",
          "[12:51:28] INFO: Cache refreshed",
          "Checking out master branch",
          "Cache restored successfully (162MB)",
          "  PASS: test_user_create (397ms)",
          "Tests: 284 passed, 271 total",
          "Cache saved successfully",
          "[12:51:28] DEBUG: Loading configuration",
          "Switched to branch 'bugfix/task-271'",
          "Step 14/25: Installing dependencies",
          "[12:51:28] INFO: Cache refreshed",
          "npm notice: package.json updated",
          "  PASS: e2e/test_user_create.spec.js",
          "Artifact uploaded: build.tar.gz (4MB)",
          "Ran 69 tests in 19s",
          "Step 16/19: Building",
          "Compiling lib/service.java...",
          "Cache restored successfully (227MB)",
          "Platform: linux-x64",
          "pip: Downloading prettier-4.12.tar.gz",
          "Step 1/19: Running migrations",
          "Artifact downloaded: 16MB",
          "Checking out develop branch",
          "\u26a0 DEPRECATION: Feature will be removed in v4.0",
          "Exception: NullPointerException",
          "[12:51:28] ERROR: Connection failed",
          "Environment: test",
          "Platform: win32-x64",
          "[12:51:28] DEBUG: Memory usage: 1737MB",
          "Loading...",
          "  PASS: test_db_connect (65ms)",
          "Coverage: 83% statements, 99% branches",
          "Bundling styles.css",
          "[12:51:28] WARN: Deprecated API usage",
          "Fetching submodules...",
          "Cache hit for key-4670",
          "Compiling components/utils.go...",
          "pip: Installing build dependencies...",
          "pip install: Successfully installed react-5.16",
          "Using Python 3.10",
          "OK",
          "\u26a0 DEPRECATION: Feature will be removed in v2.0",
          "\u2717 build failed with exit code 108",
          "\u2713 Task completed in 4662ms",
          "NODE_ENV=production",
          "Processing...",
          "\u2713 deploy completed",
          "Environment: production",
          "Step 6/23: Running migrations",
          "Exception: ValueError",
          "Compiling src/service.java...",
          "\u2717 build failed with exit code 109",
          "Loading...",
          "Layer 2/14: ENV command",
          "Uploading artifact 'coverage' (46 files)",
          "\u2717 build failed with exit code 21",
          "npm notice: package.json updated",
          "TLS handshake completed",
          "Artifact downloaded: 5MB",
          "Cache hit for key-8513",
          "NODE_ENV=production",
          "Step 15/24: Deploying",
          "\u26a0 DEPRECATION: Feature will be removed in v4.0",
          "[12:51:28] INFO: Request completed",
          "[12:51:28] DEBUG: Initializing service",
          "[12:51:28] WARN: Deprecated API usage",
          "npm notice: package.json updated",
          "[12:51:28] DEBUG: Loading configuration",
          "[12:51:28] DEBUG: Initializing service",
          "Pulling image: node:18",
          "Uploading artifact 'dist' (30 files)",
          "Layer 6/9: COPY command",
          "npm notice: created a lockfile",
          "Uploading artifact 'dist' (33 files)",
          "GET /api - 204 (69ms)",
          "[12:51:28] DEBUG: Initializing service",
          "NODE_ENV=production",
          "[12:51:28] ERROR: Connection failed",
          "Coverage: 70% statements, 97% branches",
          "\u2713 Step 'test' succeeded",
          "\u2717 build failed with exit code 117",
          "Compiling utils/service.java...",
          "WARNING: webpack has known vulnerabilities",
          "Fetching submodules...",
          "pip install: Successfully installed lodash-2.6",
          "Step 7/18: Testing",
          "OK",
          "Ready.",
          "Connection established",
          "Using Python 3.11",
          "\u2713 Task completed in 4754ms",
          "\u2713 All checks passed",
          "Layer 6/15: RUN command",
          "npm install: added 48 packages",
          "pip: Downloading webpack-4.0.tar.gz",
          "[12:51:28] DEBUG: Query executed in 23ms",
          "Exception: NullPointerException",
          "Time: 26.734s",
          "\u2713 Step 'build' succeeded",
          "Minifying vendor.js",
          "=== Step upload_artifacts completed ==="
        ]
      },
      {
        "name": "type_check",
        "status": "success",
        "started_at": "2025-12-11T12:54:08.921333",
        "finished_at": "2025-12-11T12:54:25.983721",
        "log_lines": [
          "=== Step: type_check ===",
          "Step 19/19: Linting",
          "WARNING: express has known vulnerabilities",
          "Image pulled successfully",
          "WARNING: jest has known vulnerabilities",
          "Verifying...",
          "[12:51:28] WARN: Deprecated API usage",
          "Cache restored successfully (425MB)",
          "POST /api - 201 (42ms)",
          "Verifying...",
          "\u26a0 DEPRECATION: Feature will be removed in v2.0",
          "TLS handshake completed",
          "Fetching submodules...",
          "Coverage: 91% statements, 83% branches",
          "Compiling utils/index.js...",
          "\u26a0 DEPRECATION: Feature will be removed in v2.0",
          "Compiling src/utils.go...",
          "Step 17/22: Installing dependencies",
          "[12:51:28] DEBUG: Loading configuration",
          "\u2713 Step 'test' succeeded",
          "[12:51:28] DEBUG: Initializing service",
          "Using Python 3.12",
          "Checking out develop branch",
          "Artifact uploaded: build.tar.gz (45MB)",
          "HEAD is now at 797cfaa",
          "Uploading artifact 'coverage' (28 files)",
          "Switched to branch 'bugfix/task-797'",
          "[12:51:28] DEBUG: Loading configuration",
          "pip: Installing build dependencies...",
          "[12:51:28] INFO: Cache refreshed",
          "\u2713 validate completed",
          "Compiling src/main.py...",
          "WARNING: prettier has known vulnerabilities",
          "Layer 6/8: RUN command",
          "[12:51:28] WARN: Deprecated API usage",
          "Step 14/19: Building",
          "\u2713 deploy completed",
          "Using Python 3.10",
          "Using Python 3.12",
          "  PASS: e2e/test_auth_login.spec.js",
          "[12:51:28] INFO: Connecting to database",
          "Coverage: 79% statements, 98% branches",
          "Loading...",
          "[12:51:28] DEBUG: Loading configuration",
          "Coverage: 86% statements, 87% branches",
          "POST /api - 202 (58ms)",
          "[12:51:28] INFO: Starting build process",
          "[12:51:28] DEBUG: Initializing service",
          "[12:51:28] WARN: Deprecated API usage",
          "\u2717 build failed with exit code 108",
          "[12:51:28] DEBUG: Connection pool: 15 active",
          "Compiling src/utils.go...",
          "Generating source maps...",
          "Step 2/18: Building",
          "Already up to date.",
          "npm install: added 255 packages",
          "pip install: Successfully installed axios-4.0",
          "yarn add: Done in 12.3s",
          "Minifying app.js",
          "Switched to branch 'bugfix/task-816'",
          "Transforming 383 files...",
          "Switched to branch 'feature/task-145'",
          "Coverage: 94% statements, 61% branches",
          "\u2713 All checks passed",
          "Loading...",
          "GET /api - 201 (85ms)",
          "Transforming 439 files...",
          "npm notice: created a lockfile",
          "Fetching submodules...",
          "[12:51:28] DEBUG: Connection pool: 8 active",
          "\u2713 lint completed",
          "pip: Downloading prettier-2.2.tar.gz",
          "Fetching from https://pypi.org/package.json",
          "Creating production build...",
          "Step 9/15: Testing",
          "FAILED: test_cache_hit",
          "Compiling utils/index.js...",
          "Pulling image: node:latest",
          "\u2713 Task completed in 2211ms",
          "pip install: Successfully installed webpack-1.7",
          "\u2717 build failed with exit code 65",
          "\u26a0 DEPRECATION: Feature will be removed in v2.0",
          "[12:51:28] DEBUG: Loading configuration",
          "[12:51:28] DEBUG: Query executed in 54ms",
          "pip: Downloading lodash-4.19.tar.gz",
          "Image pulled successfully",
          "Waiting...",
          "Uploading artifact 'build' (31 files)",
          "GET /health - 200 (31ms)",
          "pip: Installing build dependencies...",
          "Step 4/17: Deploying",
          "pip: Downloading webpack-4.19.tar.gz",
          "Step 15/15: Running migrations",
          "Step 8/16: Installing dependencies",
          "Time: 97.444s",
          "pip: Collecting react",
          "Finished.",
          "[12:51:28] ERROR: Connection failed",
          "Step 12/19: Building",
          "Artifact uploaded: dist.zip (2MB)",
          "Ran 19 tests in 30s",
          "Ready.",
          "Checking out master branch",
          "Step 13/24: Running migrations",
          "Artifact uploaded: dist.zip (33MB)",
          "Coverage: 91% statements, 72% branches",
          "\u26a0 DEPRECATION: Feature will be removed in v5.0",
          "Cache saved successfully",
          "Step 1/25: Building",
          "Ready.",
          "Environment: development",
          "Pulling image: alpine:latest",
          "Environment: test",
          "  PASS: unit/test_user_create.spec.js",
          "Artifact uploaded: build.tar.gz (32MB)",
          "npm install: resolved 992 packages",
          "pip install: Successfully installed eslint-5.0",
          "\u2717 build failed with exit code 15",
          "Checking out main branch",
          "[12:51:28] ERROR: Connection failed",
          "[12:51:28] WARN: Deprecated API usage",
          "Checking out main branch",
          "pip install: Successfully installed express-2.6",
          "Done.",
          "Step 16/17: Running migrations",
          "\u2713 test completed",
          "  PASS: test_auth_login (338ms)",
          "Waiting...",
          "Generating source maps...",
          "Layer 4/8: ENV command",
          "pip: Downloading webpack-4.3.tar.gz",
          "[12:51:28] DEBUG: Connection pool: 10 active",
          "[12:51:28] WARN: Deprecated API usage",
          "Ready.",
          "Building Docker image...",
          "Creating production build...",
          "TLS handshake completed",
          "\u2717 build failed with exit code 103",
          "Step 5/22: Installing dependencies",
          "npm install: added 420 packages",
          "Loading...",
          "=== Step type_check completed ==="
        ]
      },
      {
        "name": "restore_cache",
        "status": "success",
        "started_at": "2025-12-11T12:54:25.983721",
        "finished_at": "2025-12-11T12:54:36.221154",
        "log_lines": [
          "=== Step: restore_cache ===",
          "Waiting...",
          "Uploading artifact 'build' (25 files)",
          "Fetching from https://googleapis.com/package.json",
          "Cache restored successfully (252MB)",
          "pip: Installing build dependencies...",
          "Step 4/15: Deploying",
          "OK",
          "Generating source maps...",
          "Pushing to registry...",
          "Using Python 3.11",
          "Waiting...",
          "Cache hit for key-5876",
          "Using Node.js 16.3.2",
          "Artifact uploaded: build.tar.gz (39MB)",
          "[12:51:28] INFO: Processing request",
          "Step 7/18: Running migrations",
          "[12:51:28] ERROR: Connection failed",
          "Generating source maps...",
          "NODE_ENV=production",
          "Completed.",
          "Finished.",
          "\u2713 Step 'test' succeeded",
          "WARNING: axios has known vulnerabilities",
          "[12:51:28] DEBUG: Memory usage: 1597MB",
          "Success!",
          "Cache miss for key-2038",
          "Building Docker image...",
          "Snapshots: 31 passed, 36 total",
          "Cache hit for key-7187",
          "Cache invalidated: node_modules",
          "Already up to date.",
          "[12:51:28] WARN: Deprecated API usage",
          "Cache hit for key-5492",
          "Using Node.js 18.0.9",
          "Environment: staging",
          "Creating production build...",
          "npm install: added 244 packages",
          "Layer 3/9: COPY command",
          "Compiling src/app.ts...",
          "Success!",
          "\u26a0 DEPRECATION: Feature will be removed in v2.0",
          "Compiling lib/handler.rs...",
          "\u2717 build failed with exit code 119",
          "Using Python 3.12",
          "[12:51:28] DEBUG: Initializing service",
          "[12:51:28] DEBUG: Query executed in 96ms",
          "Checking out master branch",
          "Checking out master branch",
          "Cache hit for key-1393",
          "Checking out master branch",
          "Snapshots: 22 passed, 21 total",
          "Layer 1/12: COPY command",
          "WARNING: lodash has known vulnerabilities",
          "  PASS: unit/test_db_connect.spec.js",
          "  PASS: test_cache_hit (275ms)",
          "\u2713 Step 'build' succeeded",
          "Already up to date.",
          "Test Suites: 38 passed, 23 total",
          "Finished.",
          "Verifying...",
          "  PASS: test_auth_login (42ms)",
          "Cache invalidated: build",
          "pip: Collecting prettier",
          "Pulling image: alpine:18",
          "Tests: 162 passed, 205 total",
          "Compiling src/service.java...",
          "Finished.",
          "HEAD is now at e4cb552",
          "Coverage: 95% statements, 87% branches",
          "Step 14/24: Linting",
          "[12:51:28] DEBUG: Query executed in 40ms",
          "Snapshots: 40 passed, 18 total",
          "WARNING: react has known vulnerabilities",
          "Snapshots: 42 passed, 33 total",
          "[12:51:28] WARN: Deprecated API usage",
          "Verifying...",
          "pip install: Successfully installed lodash-4.0",
          "Installing axios@3.1.0",
          "[12:51:28] DEBUG: Query executed in 51ms",
          "Cache restored successfully (476MB)",
          "Ran 156 tests in 26s",
          "Fetching submodules...",
          "Artifact downloaded: 2MB",
          "[12:51:28] DEBUG: Query executed in 31ms",
          "Creating production build...",
          "Exception: TypeError",
          "Step 11/22: Building",
          "\u26a0 DEPRECATION: Feature will be removed in v2.0",
          "Test Suites: 32 passed, 48 total",
          "Using Python 3.9",
          "Tests: 500 passed, 235 total",
          "Generating source maps...",
          "Compiling src/app.ts...",
          "  PASS: test_auth_login (21ms)",
          "OK",
          "npm notice: package.json updated",
          "TLS handshake completed",
          "NODE_ENV=development",
          "Pushing to registry...",
          "npm install: resolved 1263 packages",
          "[12:51:28] DEBUG: Initializing service",
          "[12:51:28] WARN: Deprecated API usage",
          "TLS handshake completed",
          "OK",
          "Ran 191 tests in 5s",
          "Success!",
          "[12:51:28] WARN: Deprecated API usage",
          "Verifying...",
          "[12:51:28] DEBUG: Loading configuration",
          "[12:51:28] DEBUG: Connection pool: 16 active",
          "\u2713 Step 'install' succeeded",
          "Time: 2.338s",
          "\u26a0 DEPRECATION: Feature will be removed in v3.0",
          "Transforming 203 files...",
          "[12:51:28] WARN: Deprecated API usage",
          "Cache invalidated: build",
          "Step 10/23: Installing dependencies",
          "Using Node.js 19.1.9",
          "HEAD is now at 0b9d7a3",
          "Uploading artifact 'build' (16 files)",
          "[12:51:28] DEBUG: Loading configuration",
          "Success!",
          "TLS handshake completed",
          "WARNING: jest has known vulnerabilities",
          "Fetching from https://registry.npmjs.org/package.json",
          "pip: Downloading axios-3.13.tar.gz",
          "pip: Collecting jest",
          "Finished.",
          "[12:51:28] INFO: Processing request",
          "Waiting...",
          "Installing prettier@4.10.8",
          "pip install: Successfully installed axios-1.18",
          "Loading...",
          "[12:51:28] DEBUG: Connection pool: 11 active",
          "Layer 9/13: RUN command",
          "npm install: resolved 1000 packages",
          "Ran 92 tests in 17s",
          "Artifact uploaded: dist.zip (65MB)",
          "  PASS: e2e/test_db_connect.spec.js",
          "Time: 33.442s",
          "=== Step restore_cache completed ==="
        ]
      }
    ],
    "label": "normal"
  }
}