{
  "action": "completed",
  "workflow_run": {
    "id": 278,
    "name": "CI Pipeline",
    "head_branch": "main",
    "head_sha": "9c9b584796c1d56dbc2fdb6c0067535068d13822",
    "status": "completed",
    "conclusion": "success",
    "run_started_at": "2025-12-20T12:50:57.822491Z",
    "updated_at": "2025-12-20T12:54:18.078651Z"
  },
  "repository": {
    "full_name": "acme-corp/data-pipeline",
    "name": "data-pipeline"
  },
  "sender": {
    "login": "eve"
  },
  "_safeops_extended": {
    "raw_logs": "=== Step: install_dependencies ===\nOK\nException: NullPointerException\n[12:50:57] INFO: Connecting to database\nCache miss for key-7767\nTests: 95 passed, 178 total\nInstalling axios@3.20.7\n[12:50:57] INFO: Starting build process\nCompleted.\n\u26a0 DEPRECATION: Feature will be removed in v4.0\nTransforming 688 files...\nWARNING: eslint has known vulnerabilities\nFinished.\nUploading artifact 'dist' (49 files)\nLayer 8/14: RUN command\nTLS handshake completed\nCache hit for key-3275\n[12:50:57] DEBUG: Query executed in 5ms\nnpm notice: created a lockfile\nWARNING: jest has known vulnerabilities\nInstalling react@5.10.5\n[12:50:57] WARN: Deprecated API usage\n  PASS: test_user_create (47ms)\nSuccess!\nyarn add: Done in 7.75s\nSnapshots: 19 passed, 23 total\nNODE_ENV=production\nArtifact downloaded: 16MB\nCompiling lib/handler.rs...\nTest Suites: 32 passed, 40 total\nDone.\n[12:50:57] INFO: Request completed\n[12:50:57] DEBUG: Connection pool: 1 active\nHEAD is now at c04a9f9\nCache saved successfully\n[12:50:57] INFO: Starting build process\nProcessing...\nStep 9/19: Running migrations\nUsing Python 3.12\nnpm install: resolved 312 packages\npip: Installing build dependencies...\nProcessing...\nConnection established\nLoading...\nCoverage: 85% statements, 64% branches\nProcessing...\n[12:50:57] DEBUG: Query executed in 67ms\n[12:50:57] DEBUG: Memory usage: 1108MB\nCompiling components/utils.go...\nStep 16/16: Installing dependencies\nProcessing...\nCreating production build...\n\u26a0 DEPRECATION: Feature will be removed in v3.0\n\u26a0 DEPRECATION: Feature will be removed in v3.0\nConnection established\nCreating production build...\n  PASS: unit/test_cache_hit.spec.js\nGET /api - 200 (78ms)\n[12:50:57] DEBUG: Connection pool: 3 active\n\u2717 build failed with exit code 69\nGET /health - 200 (77ms)\nEnvironment: development\nProcessing...\n  PASS: test_user_create (387ms)\nStep 16/15: Running migrations\nConnection established\nTests: 495 passed, 433 total\nCompiling components/app.ts...\n\u2713 Task completed in 4215ms\nUsing Python 3.12\npip: Collecting webpack\nSnapshots: 20 passed, 24 total\nDone.\nLoading...\npip: Collecting webpack\nTest Suites: 8 passed, 34 total\n\u26a0 DEPRECATION: Feature will be removed in v4.0\nSnapshots: 22 passed, 22 total\n[12:50:57] WARN: Deprecated API usage\nVerifying...\n[12:50:57] DEBUG: Initializing service\nnpm install: resolved 1056 packages\nSwitched to branch 'bugfix/task-133'\nCreating production build...\nCreating production build...\nPOST /api - 202 (252ms)\nWARNING: axios has known vulnerabilities\n  PASS: test_api_health (379ms)\n[12:50:57] DEBUG: Memory usage: 511MB\nWARNING: react has known vulnerabilities\nCompiling components/index.js...\n[12:50:57] WARN: Deprecated API usage\nUsing Node.js 16.16.7\nOptimizing 94 modules...\nSuccess!\nCache invalidated: build\npip install: Successfully installed express-2.3\nPlatform: darwin-arm64\nnpm notice: package.json updated\nGET /api - 201 (76ms)\nEnvironment: production\nMinifying vendor.js\nSnapshots: 32 passed, 47 total\npip install: Successfully installed axios-1.2\nUsing Python 3.9\nWARNING: eslint has known vulnerabilities\nnpm install: added 202 packages\n[12:50:57] INFO: Starting build process\nCoverage: 95% statements, 70% branches\nSuccess!\n[12:50:57] INFO: Connecting to database\n[12:50:57] DEBUG: Loading configuration\nBundling runtime.js\n\u2713 package completed\nVerifying...\nOK\nStep 11/15: Testing\nProcessing...\nProcessing...\nnpm install: resolved 1013 packages\n\u26a0 DEPRECATION: Feature will be removed in v5.0\n\u26a0 DEPRECATION: Feature will be removed in v4.0\n[12:50:57] INFO: Cache refreshed\nTransforming 614 files...\nTest Suites: 39 passed, 29 total\nRan 165 tests in 31s\nStep 11/17: Linting\nStep 7/24: Building\n[12:50:57] WARN: Deprecated API usage\nCompiling src/main.py...\nEnvironment: test\nCompiling src/utils.go...\nStep 12/17: Testing\n[12:50:57] ERROR: Connection failed\nStep 13/21: Testing\nReady.\nTLS handshake completed\nFetching submodules...\nTime: 120.138s\nCoverage: 93% statements, 98% branches\nStep 4/22: Deploying\nArtifact uploaded: build.tar.gz (46MB)\npip: Collecting axios\n[12:50:57] INFO: Processing request\nWaiting...\npip: Collecting eslint\npip: Collecting jest\n=== Step install_dependencies completed ===\n=== Step: unit_tests ===\n\u2713 lint completed\nInstalling prettier@4.6.6\n\u2713 deploy completed\nCoverage: 72% statements, 76% branches\n[12:50:57] DEBUG: Query executed in 43ms\nStep 1/17: Linting\nPulling image: alpine:18\nnpm notice: package.json updated\nNODE_ENV=production\n\u26a0 DEPRECATION: Feature will be removed in v2.0\nSnapshots: 26 passed, 41 total\nArtifact uploaded: dist.zip (26MB)\nWaiting...\nCreating production build...\n[12:50:57] INFO: Cache refreshed\n[12:50:57] DEBUG: Query executed in 23ms\nEnvironment: test\nCompiling components/handler.rs...\n[12:50:57] INFO: Starting build process\nTransforming 471 files...\n[12:50:57] WARN: Deprecated API usage\nCompiling utils/handler.rs...\nTests: 175 passed, 300 total\nProcessing...\nStep 2/24: Testing\n\u2713 Task completed in 2870ms\nCoverage: 77% statements, 61% branches\nArtifact downloaded: 28MB\nPlatform: darwin-arm64\nTransforming 374 files...\n[12:50:57] INFO: Connecting to database\nConnection established\nTests: 203 passed, 383 total\nCoverage: 91% statements, 91% branches\nPlatform: linux-x64\n\u2713 Task completed in 4018ms\nCompiling lib/service.java...\nCompiling src/handler.rs...\nFAILED: test_db_connect\nNODE_ENV=development\n[12:50:57] INFO: Starting build process\n[12:50:57] INFO: Connecting to database\n[12:50:57] WARN: Deprecated API usage\nWaiting...\nCache miss for key-2453\nReady.\nProcessing...\nSwitched to branch 'hotfix/task-104'\nCompiling src/main.py...\n\u2713 Task completed in 1748ms\nTime: 19.833s\n[12:50:57] INFO: Cache refreshed\nPOST /api - 202 (389ms)\n[12:50:57] INFO: Request completed\nTest Suites: 20 passed, 24 total\nImage pulled successfully\n[12:50:57] WARN: Deprecated API usage\nFetching from https://npmjs.org/package.json\nGET /status - 200 (96ms)\npip: Installing build dependencies...\npip: Downloading axios-2.11.tar.gz\n[12:50:57] DEBUG: Connection pool: 14 active\nStep 20/16: Building\nFinished.\nRan 39 tests in 44s\nFetching from https://gcr.io/package.json\nCache saved successfully\n[12:50:57] DEBUG: Memory usage: 1414MB\n\u2713 Task completed in 3106ms\nNODE_ENV=production\nCompiling lib/app.ts...\nDone.\nUsing Node.js 15.9.8\nArtifact uploaded: dist.zip (54MB)\nnpm install: added 263 packages\n  PASS: e2e/test_auth_login.spec.js\nCompiling lib/main.py...\nArtifact downloaded: 9MB\n[12:50:57] DEBUG: Query executed in 69ms\n\u2713 build completed\nCreating production build...\n[12:50:57] DEBUG: Initializing service\nCache invalidated: node_modules\nStep 11/15: Deploying\nCache restored successfully (149MB)\n\u2713 lint completed\nCache restored successfully (482MB)\nStep 19/15: Deploying\nCache miss for key-7943\npip: Installing build dependencies...\nStep 9/17: Building\n[12:50:57] DEBUG: Memory usage: 581MB\n[12:50:57] DEBUG: Connection pool: 8 active\nFetching submodules...\n[12:50:57] DEBUG: Memory usage: 1260MB\nStep 7/16: Deploying\npip install: Successfully installed webpack-3.3\n[12:50:57] INFO: Request completed\nSwitched to branch 'hotfix/task-903'\nCache miss for key-1214\nGET /api - 201 (39ms)\nVerifying...\n\u26a0 DEPRECATION: Feature will be removed in v4.0\nTests: 405 passed, 230 total\nStep 17/17: Testing\nChecking out develop branch\nCompleted.\nStep 20/15: Building\npip: Collecting eslint\nLoading...\n\u2713 Step 'build' succeeded\nUploading artifact 'build' (22 files)\nStep 10/15: Testing\nArtifact downloaded: 18MB\nTest Suites: 50 passed, 14 total\nRan 143 tests in 29s\nBundling main.css\nBundling styles.css\n  PASS: test_db_connect (50ms)\n\u26a0 DEPRECATION: Feature will be removed in v3.0\nnpm install: resolved 915 packages\nDone.\nLoading...\nFAILED: test_cache_hit\nCache miss for key-7961\nWARNING: express has known vulnerabilities\n\u2713 Step 'install' succeeded\nCompleted.\nStep 11/21: Building\nBuilding Docker image...\nLoading...\nNODE_ENV=development\nCompleted.\nFetching submodules...\nCompleted.\nFetching from https://github.com/package.json\nCompleted.\n\u2717 build failed with exit code 25\nCoverage: 86% statements, 89% branches\nProcessing...\nOK\nStep 3/24: Linting\n[12:50:57] INFO: Request completed\nTransforming 884 files...\npip: Installing build dependencies...\nWARNING: prettier has known vulnerabilities\n=== Step unit_tests completed ===\n=== Step: setup_environment ===\nNODE_ENV=production\nCompleted.\nLoading...\nGET /status - 204 (20ms)\n\u2713 All checks passed\nLoading...\nFetching from https://npmjs.org/package.json\nUsing Python 3.9\n[12:50:57] ERROR: Connection failed\nArtifact uploaded: dist.zip (8MB)\nUploading artifact 'coverage' (7 files)\nArtifact downloaded: 27MB\nCompiling lib/app.ts...\n[12:50:57] INFO: Processing request\nFetching from https://github.com/package.json\nPlatform: win32-x64\n  PASS: unit/test_user_create.spec.js\nCache hit for key-3390\n\u2713 Task completed in 1712ms\nArtifact uploaded: dist.zip (12MB)\nProcessing...\n\u2713 All checks passed\nOptimizing 77 modules...\nCompiling utils/service.java...\nOK\n\u26a0 DEPRECATION: Feature will be removed in v5.0\n\u2713 Step 'build' succeeded\nLayer 3/11: ENV command\nSwitched to branch 'hotfix/task-487'\nTime: 58.312s\nTime: 17.184s\nTLS handshake completed\npip: Collecting lodash\nProcessing...\nFetching from https://npmjs.org/package.json\nRan 135 tests in 16s\nFinished.\nAlready up to date.\n  PASS: unit/test_auth_login.spec.js\nMinifying app.js\n[12:50:57] ERROR: Connection failed\nnpm notice: package.json updated\n[12:50:57] INFO: Request completed\nPushing to registry...\nPushing to registry...\n[12:50:57] DEBUG: Query executed in 84ms\nGET /api - 201 (71ms)\nArtifact uploaded: build.tar.gz (38MB)\nUsing Node.js 17.12.5\n\u2717 build failed with exit code 74\n[12:50:57] INFO: Request completed\n[12:50:57] INFO: Cache refreshed\n[12:50:57] INFO: Starting build process\nSuccess!\nCompiling src/handler.rs...\n[12:50:57] WARN: Deprecated API usage\nStep 15/21: Deploying\nCache hit for key-4633\nAlready up to date.\nTime: 64.225s\nProcessing...\nWARNING: react has known vulnerabilities\nProcessing...\nWaiting...\nTest Suites: 31 passed, 48 total\n\u26a0 DEPRECATION: Feature will be removed in v2.0\nRan 190 tests in 22s\nPushing to registry...\nDone.\nStep 7/17: Linting\nChecking out main branch\nStep 1/16: Testing\nUsing Python 3.11\nTime: 44.910s\npip: Installing build dependencies...\n  PASS: integration/test_cache_hit.spec.js\nStep 10/17: Building\nArtifact uploaded: build.tar.gz (37MB)\nCache hit for key-7250\nCompleted.\n[12:50:57] DEBUG: Query executed in 100ms\nCoverage: 79% statements, 96% branches\nStep 1/23: Running migrations\npip: Installing build dependencies...\n[12:50:57] WARN: Deprecated API usage\nMinifying main.js\nChecking out develop branch\nBundling runtime.js\npip: Collecting axios\nAlready up to date.\nException: RuntimeError\nProcessing...\nVerifying...\nArtifact downloaded: 34MB\n\u2713 Step 'setup' succeeded\nDone.\nCreating production build...\n[12:50:57] INFO: Cache refreshed\n[12:50:57] DEBUG: Loading configuration\nWARNING: prettier has known vulnerabilities\n[12:50:57] WARN: Deprecated API usage\n\u2713 Task completed in 1365ms\nTests: 336 passed, 97 total\nTLS handshake completed\nSnapshots: 8 passed, 12 total\nCache hit for key-7741\n[12:50:57] INFO: Cache refreshed\nVerifying...\nEnvironment: production\nTime: 61.722s\nyarn add: Done in 20.7s\nBuilding Docker image...\nCompiling utils/app.ts...\nTests: 434 passed, 351 total\n[12:50:57] DEBUG: Query executed in 69ms\nyarn add: Done in 30.6s\nGenerating source maps...\nTransforming 567 files...\nFetching submodules...\nCoverage: 85% statements, 74% branches\nFetching submodules...\nCompiling components/utils.go...\nGET /status - 200 (50ms)\nEnvironment: development\n[12:50:57] DEBUG: Query executed in 11ms\npip: Collecting jest\nStep 1/15: Linting\nArtifact uploaded: dist.zip (62MB)\n[12:50:57] INFO: Starting build process\n[12:50:57] INFO: Processing request\nProcessing...\nnpm notice: package.json updated\nCoverage: 99% statements, 84% branches\nRan 13 tests in 1s\n[12:50:57] INFO: Starting build process\nStep 9/19: Building\nCache miss for key-6222\n\u26a0 DEPRECATION: Feature will be removed in v2.0\nyarn add: Done in 17.64s\nBuilding Docker image...\nStep 13/22: Running migrations\nCache invalidated: node_modules\nStep 13/20: Deploying\nCache invalidated: dependencies\nMinifying vendor.js\npip: Downloading lodash-2.6.tar.gz\n=== Step setup_environment completed ===\n=== Step: integration_tests ===\nRan 96 tests in 9s\n[12:50:57] DEBUG: Connection pool: 20 active\nStep 20/25: Running migrations\nCompiling src/index.js...\npip: Collecting react\n[12:50:57] INFO: Cache refreshed\nCache miss for key-5775\n[12:50:57] DEBUG: Loading configuration\n[12:50:57] DEBUG: Connection pool: 10 active\nCreating production build...\nGET /health - 201 (11ms)\nRan 27 tests in 42s\npip install: Successfully installed eslint-5.6\nCreating production build...\nStep 12/22: Running migrations\nGenerating source maps...\nStep 7/16: Linting\nCache saved successfully\nReady.\nnpm install: added 453 packages\nFetching from https://registry.npmjs.org/package.json\n[12:50:57] INFO: Request completed\n\u26a0 DEPRECATION: Feature will be removed in v3.0\n  PASS: unit/test_cache_hit.spec.js\nStep 8/25: Testing\nCreating production build...\nStep 16/16: Linting\n[12:50:57] DEBUG: Loading configuration\nTLS handshake completed\n\u2717 build failed with exit code 72\n[12:50:57] DEBUG: Memory usage: 548MB\nHEAD is now at a4bca40\nChecking out master branch\nFAILED: test_db_connect\nCompiling components/app.ts...\n\u2713 Step 'setup' succeeded\nTests: 441 passed, 262 total\nRan 191 tests in 27s\nStep 14/16: Installing dependencies\nWaiting...\nPulling image: node:18\nArtifact uploaded: dist.zip (4MB)\nHEAD is now at 24dfc97\n[12:50:57] DEBUG: Initializing service\nFetching from https://githubusercontent.com/package.json\nWARNING: express has known vulnerabilities\nImage pulled successfully\nOK\npip: Downloading express-2.4.tar.gz\n\u2713 package completed\nnpm notice: package.json updated\nStep 20/20: Running migrations\nAlready up to date.\nGenerating source maps...\nEnvironment: staging\nRan 110 tests in 59s\nTests: 392 passed, 390 total\nnpm notice: package.json updated\n  PASS: test_api_health (496ms)\nHEAD is now at d197faf\npip: Installing build dependencies...\nPlatform: darwin-arm64\n[12:50:57] DEBUG: Initializing service\nFetching submodules...\nBuilding Docker image...\n\u2713 validate completed\nTransforming 291 files...\nCache hit for key-5954\nCache saved successfully\nnpm notice: package.json updated\nBuilding Docker image...\nLoading...\nUploading artifact 'coverage' (33 files)\n[12:50:57] DEBUG: Loading configuration\nReady.\nCompleted.\n[12:50:57] DEBUG: Query executed in 82ms\nUsing Node.js 20.6.5\n[12:50:57] DEBUG: Memory usage: 1654MB\nCache restored successfully (335MB)\nLayer 6/14: RUN command\n[12:50:57] INFO: Processing request\nChecking out main branch\npip: Collecting webpack\nLoading...\n[12:50:57] INFO: Processing request\n\u2713 test completed\nPushing to registry...\nWARNING: jest has known vulnerabilities\nChecking out master branch\nImage pulled successfully\n\u2713 Step 'build' succeeded\nWARNING: webpack has known vulnerabilities\n[12:50:57] INFO: Cache refreshed\nOK\nConnection established\nAlready up to date.\n\u2717 build failed with exit code 73\nFetching from https://pypi.org/package.json\nFAILED: test_db_connect\n\u2713 test completed\nStep 3/22: Testing\n\u2713 Task completed in 1093ms\nStep 3/25: Building\nSnapshots: 7 passed, 26 total\nWARNING: lodash has known vulnerabilities\nBundling styles.css\nCache miss for key-6857\nCompiling components/index.js...\nCache restored successfully (111MB)\nCache restored successfully (242MB)\n\u2717 build failed with exit code 79\nStep 17/21: Testing\npip install: Successfully installed eslint-4.11\n[12:50:57] DEBUG: Memory usage: 1821MB\nFinished.\nFetching submodules...\nUsing Node.js 20.19.7\nSnapshots: 30 passed, 38 total\nTLS handshake completed\nCache invalidated: build\n  PASS: test_cache_hit (446ms)\nGET /status - 204 (97ms)\nDone.\nFetching from https://npmjs.org/package.json\nImage pulled successfully\nCompiling components/handler.rs...\nnpm notice: package.json updated\nSnapshots: 29 passed, 9 total\nConnection established\nnpm notice: created a lockfile\nReady.\n[12:50:57] INFO: Connecting to database\nStep 15/17: Linting\nInstalling express@3.11.7\nnpm notice: created a lockfile\nSuccess!\nException: NullPointerException\nCompiling lib/utils.go...\nException: RuntimeError\n[12:50:57] DEBUG: Query executed in 84ms\nCompiling src/handler.rs...\nCache restored successfully (169MB)\nPlatform: darwin-arm64\n[12:50:57] DEBUG: Connection pool: 8 active\n[12:50:57] DEBUG: Loading configuration\n=== Step integration_tests completed ===\n=== Step: save_cache ===\nArtifact uploaded: dist.zip (75MB)\nCompiling src/main.py...\nProcessing...\nnpm install: resolved 813 packages\nArtifact uploaded: dist.zip (53MB)\n\u26a0 DEPRECATION: Feature will be removed in v2.0\nUploading artifact 'build' (14 files)\nLoading...\nLoading...\n\u2713 Step 'install' succeeded\nVerifying...\nStep 19/21: Linting\nnpm install: resolved 1186 packages\nUsing Node.js 15.13.1\npip: Installing build dependencies...\nProcessing...\n[12:50:57] DEBUG: Query executed in 75ms\nSwitched to branch 'feature/task-527'\nNODE_ENV=test\nStep 10/21: Linting\nSwitched to branch 'feature/task-572'\n[12:50:57] DEBUG: Connection pool: 19 active\nTime: 118.862s\nCoverage: 79% statements, 96% branches\nFinished.\nPulling image: python:3.11\nFetching submodules...\n[12:50:57] DEBUG: Memory usage: 1597MB\nGET /status - 200 (25ms)\nSnapshots: 13 passed, 13 total\nStep 1/22: Running migrations\nCompiling components/main.py...\nReady.\nWARNING: express has known vulnerabilities\nUsing Node.js 17.5.4\nConnection established\nUploading artifact 'coverage' (41 files)\n[12:50:57] DEBUG: Query executed in 61ms\nOK\nPOST /data - 202 (470ms)\nTest Suites: 14 passed, 5 total\nGET /status - 204 (57ms)\nPulling image: alpine:3.11\nUsing Node.js 20.13.9\nGET /status - 204 (3ms)\nStep 11/19: Installing dependencies\nCompiling utils/handler.rs...\nnpm notice: created a lockfile\nHEAD is now at abc91ee\n[12:50:57] DEBUG: Initializing service\nUsing Node.js 14.6.4\n[12:50:57] DEBUG: Connection pool: 5 active\nTime: 67.178s\npip: Downloading lodash-1.6.tar.gz\n\u26a0 DEPRECATION: Feature will be removed in v3.0\nnpm notice: created a lockfile\nEnvironment: development\npip install: Successfully installed lodash-2.17\npip: Collecting express\nStep 10/24: Linting\nArtifact uploaded: dist.zip (22MB)\nPulling image: python:latest\nPOST /api - 201 (125ms)\nOK\n[12:50:57] INFO: Starting build process\nWARNING: eslint has known vulnerabilities\nFetching submodules...\nTransforming 217 files...\n[12:50:57] INFO: Request completed\nnpm install: added 72 packages\nCache miss for key-8605\nBuilding Docker image...\nWARNING: lodash has known vulnerabilities\n[12:50:57] DEBUG: Connection pool: 4 active\n[12:50:57] DEBUG: Query executed in 1ms\n[12:50:57] INFO: Connecting to database\n  PASS: e2e/test_auth_login.spec.js\n\u26a0 DEPRECATION: Feature will be removed in v4.0\nLoading...\nChecking out main branch\n\u26a0 DEPRECATION: Feature will be removed in v3.0\nCompiling lib/index.js...\n\u26a0 DEPRECATION: Feature will be removed in v3.0\nSwitched to branch 'bugfix/task-854'\nStep 20/19: Running migrations\nCache invalidated: dependencies\n[12:50:57] INFO: Connecting to database\nRan 179 tests in 59s\n\u26a0 DEPRECATION: Feature will be removed in v4.0\nLoading...\n[12:50:57] DEBUG: Initializing service\n[12:50:57] DEBUG: Query executed in 52ms\nUsing Node.js 20.6.9\nRan 164 tests in 15s\nTransforming 362 files...\n[12:50:57] INFO: Cache refreshed\npip install: Successfully installed express-1.3\nStep 12/17: Deploying\nOptimizing 62 modules...\nCache miss for key-7717\nBuilding Docker image...\nTransforming 724 files...\nMinifying app.js\nStep 8/25: Deploying\nStep 15/22: Testing\n[12:50:57] ERROR: Connection failed\npip: Downloading eslint-1.17.tar.gz\nBuilding Docker image...\npip: Downloading webpack-1.4.tar.gz\nCache invalidated: dependencies\nStep 10/19: Installing dependencies\nSwitched to branch 'feature/task-148'\n\u2717 build failed with exit code 10\nCache hit for key-9443\nPulling image: python:3.11\n[12:50:57] DEBUG: Loading configuration\nLayer 8/12: COPY command\nDone.\nPushing to registry...\nInstalling jest@2.14.0\nPulling image: node:18\n\u2713 Step 'checkout' succeeded\nTests: 392 passed, 98 total\nGET /status - 204 (22ms)\n\u2713 Step 'setup' succeeded\nRan 63 tests in 4s\nException: TypeError\n[12:50:57] INFO: Connecting to database\nnpm install: resolved 1513 packages\nReady.\nWaiting...\n[12:50:57] INFO: Connecting to database\nCreating production build...\nOK\nWaiting...\n\u2717 build failed with exit code 81\n[12:50:57] DEBUG: Initializing service\nReady.\nnpm notice: created a lockfile\nnpm notice: package.json updated\n[12:50:57] DEBUG: Loading configuration\nAlready up to date.\n[12:50:57] DEBUG: Initializing service\nCache saved successfully\n[12:50:57] WARN: Deprecated API usage\nWARNING: lodash has known vulnerabilities\n=== Step save_cache completed ===\n=== Step: lint ===\n\u2717 build failed with exit code 44\nRan 158 tests in 13s\nRan 132 tests in 21s\n[12:50:57] DEBUG: Initializing service\nCompiling src/app.ts...\nGET /api - 201 (18ms)\nArtifact downloaded: 22MB\nInstalling webpack@1.3.6\n  PASS: test_db_connect (195ms)\nEnvironment: development\n[12:50:57] INFO: Processing request\nPushing to registry...\nnpm install: resolved 855 packages\npip: Installing build dependencies...\n\u2713 Step 'setup' succeeded\nAlready up to date.\npip install: Successfully installed react-2.16\nnpm notice: package.json updated\nCompiling lib/index.js...\nCompiling utils/index.js...\nTLS handshake completed\n[12:50:57] DEBUG: Initializing service\nSuccess!\nFinished.\nCache restored successfully (111MB)\nPulling image: node:3.11\n[12:50:57] DEBUG: Query executed in 59ms\nCompleted.\nConnection established\nFAILED: test_db_connect\nCache restored successfully (64MB)\nnpm notice: package.json updated\nCache saved successfully\n[12:50:57] DEBUG: Connection pool: 16 active\nTest Suites: 39 passed, 16 total\nInstalling eslint@4.13.2\nTests: 247 passed, 313 total\nCache restored successfully (438MB)\npip install: Successfully installed react-1.1\nUsing Python 3.10\nCache restored successfully (445MB)\nStep 20/22: Building\n[12:50:57] DEBUG: Connection pool: 4 active\n[12:50:57] INFO: Cache refreshed\nReady.\nVerifying...\nOK\nCompiling components/main.py...\nCreating production build...\nPlatform: darwin-arm64\nCoverage: 84% statements, 64% branches\nVerifying...\nTime: 70.794s\n  PASS: unit/test_cache_hit.spec.js\n\u2713 deploy completed\n[12:50:57] WARN: Deprecated API usage\n\u2713 All checks passed\nEnvironment: staging\nTime: 3.719s\n\u2713 Step 'build' succeeded\n[12:50:57] DEBUG: Memory usage: 1988MB\nnpm install: resolved 150 packages\n[12:50:57] INFO: Starting build process\n[12:50:57] DEBUG: Memory usage: 836MB\n\u2713 lint completed\nTLS handshake completed\nFAILED: test_api_health\nWaiting...\nCache hit for key-9761\nFinished.\nCreating production build...\nReady.\npip install: Successfully installed express-4.16\nCoverage: 90% statements, 60% branches\nPushing to registry...\n  PASS: e2e/test_db_connect.spec.js\npip: Downloading express-2.16.tar.gz\n\u2713 Step 'install' succeeded\nPlatform: linux-x64\n\u26a0 DEPRECATION: Feature will be removed in v2.0\nUsing Python 3.9\nyarn add: Done in 2.96s\nArtifact uploaded: dist.zip (7MB)\nSnapshots: 40 passed, 15 total\nTests: 442 passed, 173 total\n[12:50:57] INFO: Request completed\nCompleted.\nArtifact downloaded: 43MB\nTests: 296 passed, 392 total\nPlatform: linux-x64\nVerifying...\nHEAD is now at d84eeb2\nnpm notice: package.json updated\nUploading artifact 'dist' (13 files)\nReady.\nStep 8/23: Linting\nImage pulled successfully\nChecking out master branch\n  PASS: unit/test_api_health.spec.js\nImage pulled successfully\nyarn add: Done in 15.95s\n[12:50:57] INFO: Processing request\n[12:50:57] WARN: Deprecated API usage\nStep 13/22: Deploying\nEnvironment: test\npip: Installing build dependencies...\nRan 30 tests in 60s\n[12:50:57] INFO: Connecting to database\nNODE_ENV=production\nnpm install: resolved 849 packages\nStep 16/21: Testing\nPOST /data - 202 (398ms)\n[12:50:57] WARN: Deprecated API usage\nCompiling src/app.ts...\nCache miss for key-8872\nCache invalidated: dependencies\n[12:50:57] INFO: Processing request\nUsing Node.js 17.16.8\nBundling styles.js\nArtifact uploaded: build.tar.gz (24MB)\nProcessing...\nLoading...\nCompleted.\npip: Downloading lodash-1.15.tar.gz\nCreating production build...\nCache saved successfully\npip install: Successfully installed axios-5.11\n[12:50:57] DEBUG: Connection pool: 10 active\nPushing to registry...\nReady.\n[12:50:57] WARN: Deprecated API usage\nBundling main.css\nAlready up to date.\nCache hit for key-4952\nReady.\nStep 13/24: Building\n[12:50:57] INFO: Starting build process\n[12:50:57] DEBUG: Memory usage: 748MB\nnpm notice: package.json updated\n\u2713 Step 'setup' succeeded\nCompiling src/handler.rs...\n  PASS: test_api_health (246ms)\n[12:50:57] INFO: Starting build process\nNODE_ENV=production\nTime: 52.639s\nUsing Node.js 15.5.6\n=== Step lint completed ===\n=== Step: build ===\nBuilding Docker image...\nCache saved successfully\n\u2713 Task completed in 2669ms\nOptimizing 80 modules...\nEnvironment: production\nCache invalidated: build\n\u26a0 DEPRECATION: Feature will be removed in v5.0\nStep 8/16: Testing\nStep 20/20: Deploying\nCompiling src/utils.go...\nDone.\nCompiling lib/handler.rs...\nCache restored successfully (200MB)\nConnection established\nRan 84 tests in 34s\n\u26a0 DEPRECATION: Feature will be removed in v4.0\npip: Downloading express-5.20.tar.gz\nCache hit for key-6722\nBuilding Docker image...\n[12:50:57] ERROR: Connection failed\n[12:50:57] INFO: Cache refreshed\nStep 10/25: Testing\n[12:50:57] INFO: Starting build process\nCache invalidated: dependencies\nHEAD is now at 47e148a\n[12:50:57] ERROR: Connection failed\nnpm install: resolved 186 packages\nDone.\nStep 3/25: Linting\nWARNING: axios has known vulnerabilities\n[12:50:57] INFO: Cache refreshed\n  PASS: test_api_health (99ms)\n\u2713 Step 'install' succeeded\n[12:50:57] ERROR: Connection failed\nTransforming 646 files...\nPushing to registry...\npip: Downloading axios-4.12.tar.gz\nOK\nMinifying main.js\nPushing to registry...\nCompleted.\nCache miss for key-9705\n[12:50:57] DEBUG: Memory usage: 845MB\nUploading artifact 'build' (45 files)\n\u2713 All checks passed\nProcessing...\nCache saved successfully\nUploading artifact 'coverage' (10 files)\nDone.\nStep 3/23: Linting\nStep 11/16: Building\nnpm install: resolved 1961 packages\nNODE_ENV=test\nUsing Python 3.12\nEnvironment: production\nnpm notice: package.json updated\nCache invalidated: dependencies\n[12:50:57] INFO: Request completed\n[12:50:57] WARN: Deprecated API usage\nFetching submodules...\nTime: 87.779s\nNODE_ENV=test\nStep 1/16: Deploying\nCompiling components/utils.go...\n[12:50:57] ERROR: Connection failed\nBundling main.css\nInstalling express@2.14.7\nGET /status - 200 (23ms)\n  PASS: test_db_connect (493ms)\n[12:50:57] INFO: Starting build process\nnpm install: resolved 238 packages\nWARNING: prettier has known vulnerabilities\n[12:50:57] WARN: Deprecated API usage\nFAILED: test_auth_login\nTime: 95.175s\nInstalling webpack@1.14.8\nArtifact downloaded: 17MB\nSwitched to branch 'feature/task-243'\nUploading artifact 'build' (1 files)\n[12:50:57] DEBUG: Memory usage: 1119MB\nGenerating source maps...\nLoading...\nCompiling components/service.java...\nCache restored successfully (468MB)\n\u2713 All checks passed\nArtifact uploaded: dist.zip (91MB)\nGET /api - 204 (19ms)\nVerifying...\nyarn add: Done in 7.40s\n  PASS: e2e/test_user_create.spec.js\nInstalling react@1.4.4\nOptimizing 33 modules...\nCompiling src/handler.rs...\nPushing to registry...\nFinished.\nStep 4/15: Installing dependencies\nStep 12/19: Installing dependencies\nConnection established\nCompleted.\nStep 2/17: Deploying\nCompiling src/index.js...\nHEAD is now at 2106f8c\nUploading artifact 'dist' (40 files)\nTests: 358 passed, 326 total\nArtifact downloaded: 31MB\nHEAD is now at 80647b8\nPOST /api - 201 (294ms)\nConnection established\npip: Installing build dependencies...\n[12:50:57] DEBUG: Loading configuration\nChecking out develop branch\nCompiling src/main.py...\n[12:50:57] DEBUG: Query executed in 20ms\nSuccess!\nRan 125 tests in 3s\nCompleted.\n\u2717 build failed with exit code 120\nProcessing...\nChecking out master branch\nTests: 485 passed, 146 total\nOK\nnpm install: added 203 packages\npip: Collecting axios\nVerifying...\n  PASS: test_auth_login (142ms)\nGenerating source maps...\nStep 6/22: Building\nSwitched to branch 'bugfix/task-865'\nPulling image: alpine:3.11\nArtifact uploaded: build.tar.gz (1MB)\nArtifact downloaded: 11MB\nTime: 99.79s\nSuccess!\n[12:50:57] DEBUG: Initializing service\nArtifact uploaded: dist.zip (92MB)\n[12:50:57] DEBUG: Initializing service\npip: Installing build dependencies...\nPlatform: darwin-arm64\nPlatform: win32-x64\n\u2713 Step 'test' succeeded\nProcessing...\nFAILED: test_api_health\nBuilding Docker image...\nnpm notice: package.json updated\nEnvironment: development\nRan 90 tests in 48s\n=== Step build completed ===\n=== Step: type_check ===\nFetching from https://githubusercontent.com/package.json\nTLS handshake completed\nWaiting...\nStep 14/20: Building\n\u26a0 DEPRECATION: Feature will be removed in v2.0\nCompiling components/utils.go...\nnpm install: added 66 packages\nArtifact uploaded: dist.zip (82MB)\n\u2713 Task completed in 3691ms\nMinifying vendor.js\n\u2713 validate completed\nCache hit for key-9708\nUsing Python 3.9\nPOST /data - 200 (445ms)\nTest Suites: 35 passed, 15 total\nLoading...\nnpm notice: package.json updated\nArtifact uploaded: dist.zip (62MB)\nyarn add: Done in 6.80s\nCache miss for key-9817\n\u2713 validate completed\nPOST /data - 201 (186ms)\nCompiling lib/app.ts...\nGenerating source maps...\n  PASS: test_db_connect (381ms)\nChecking out main branch\nReady.\nBundling vendor.js\nFetching from https://npmjs.org/package.json\nStep 18/24: Linting\nArtifact downloaded: 16MB\nStep 20/24: Testing\nEnvironment: production\nCache miss for key-9577\nOptimizing 100 modules...\n  PASS: integration/test_user_create.spec.js\nArtifact downloaded: 25MB\nSwitched to branch 'hotfix/task-919'\nCompiling lib/main.py...\nBundling styles.css\nUploading artifact 'dist' (13 files)\n[12:50:57] DEBUG: Memory usage: 1157MB\nChecking out main branch\nCompiling lib/handler.rs...\nUsing Node.js 16.2.5\npip: Downloading lodash-5.6.tar.gz\nCache restored successfully (451MB)\nCompiling lib/app.ts...\nCreating production build...\npip: Collecting axios\nPulling image: alpine:latest\nOK\n[12:50:57] DEBUG: Connection pool: 2 active\nStep 11/19: Installing dependencies\n[12:50:57] INFO: Starting build process\nStep 17/15: Building\n[12:50:57] DEBUG: Query executed in 8ms\nCache restored successfully (323MB)\nVerifying...\nHEAD is now at 38864ab\n[12:50:57] WARN: Deprecated API usage\nConnection established\nCoverage: 88% statements, 86% branches\nMinifying vendor.js\nAlready up to date.\nStep 8/18: Installing dependencies\nStep 19/23: Running migrations\nWaiting...\nPushing to registry...\nnpm notice: package.json updated\nFinished.\nOK\nCache miss for key-5950\nRan 13 tests in 8s\n\u2713 All checks passed\nWARNING: webpack has known vulnerabilities\nCache invalidated: node_modules\nBuilding Docker image...\nWARNING: jest has known vulnerabilities\nOK\nCompiling components/app.ts...\n[12:50:57] DEBUG: Initializing service\nTime: 5.936s\nGenerating source maps...\nTLS handshake completed\nReady.\n[12:50:57] DEBUG: Loading configuration\nStep 3/19: Linting\nCache restored successfully (243MB)\nStep 11/22: Running migrations\nStep 17/22: Testing\nSnapshots: 45 passed, 18 total\nTest Suites: 8 passed, 11 total\nCompiling src/app.ts...\npip: Collecting axios\nnpm install: resolved 1029 packages\nFetching submodules...\n[12:50:57] INFO: Cache refreshed\nPlatform: win32-x64\nPlatform: linux-x64\n[12:50:57] INFO: Request completed\nChecking out main branch\nStep 3/20: Linting\n[12:50:57] DEBUG: Query executed in 23ms\nTests: 86 passed, 418 total\nPushing to registry...\nVerifying...\nOK\nFinished.\nSuccess!\nPOST /data - 200 (332ms)\nOptimizing 32 modules...\n\u2713 All checks passed\n\u2717 build failed with exit code 87\nLoading...\nNODE_ENV=development\nFetching submodules...\nReady.\nCache hit for key-2976\nLayer 2/12: COPY command\nFinished.\nInstalling axios@2.4.7\nTLS handshake completed\n[12:50:57] WARN: Deprecated API usage\n\u26a0 DEPRECATION: Feature will be removed in v5.0\nNODE_ENV=test\npip: Collecting react\n\u2713 All checks passed\n[12:50:57] INFO: Starting build process\nSnapshots: 28 passed, 36 total\n\u2713 Step 'build' succeeded\npip: Collecting express\nyarn add: Done in 14.72s\nHEAD is now at e4e207d\nAlready up to date.\nTransforming 883 files...\n[12:50:57] INFO: Cache refreshed\nWARNING: react has known vulnerabilities\nDone.\nyarn add: Done in 18.19s\nNODE_ENV=test\nRan 173 tests in 28s\nOK\nTransforming 742 files...\nCompiling lib/utils.go...\n[12:50:57] DEBUG: Initializing service\n=== Step type_check completed ===\n=== Step: setup_node ===\nArtifact uploaded: build.tar.gz (2MB)\nInstalling axios@3.0.8\nStep 7/17: Testing\nLoading...\nCache restored successfully (98MB)\nUsing Python 3.12\nCompiling lib/index.js...\nOK\npip: Collecting webpack\npip: Installing build dependencies...\n\u2713 Task completed in 1601ms\n  PASS: test_user_create (458ms)\nRan 140 tests in 47s\n\u26a0 DEPRECATION: Feature will be removed in v5.0\npip: Collecting eslint\n\u26a0 DEPRECATION: Feature will be removed in v3.0\nDone.\nCompiling src/utils.go...\n[12:50:57] DEBUG: Query executed in 28ms\nFAILED: test_db_connect\n[12:50:57] DEBUG: Loading configuration\npip install: Successfully installed lodash-2.11\nnpm install: added 496 packages\nWARNING: express has known vulnerabilities\nOptimizing 77 modules...\nArtifact uploaded: build.tar.gz (13MB)\n  PASS: test_db_connect (293ms)\nLoading...\nEnvironment: development\n[12:50:57] INFO: Request completed\nCache hit for key-1849\nSuccess!\nCoverage: 96% statements, 72% branches\nCompiling lib/app.ts...\nFetching from https://registry.npmjs.org/package.json\nTransforming 524 files...\nFetching submodules...\nnpm notice: created a lockfile\nBuilding Docker image...\nCache hit for key-7406\n[12:50:57] WARN: Deprecated API usage\nGenerating source maps...\nStep 5/16: Testing\nCache invalidated: dependencies\n[12:50:57] DEBUG: Loading configuration\nArtifact uploaded: dist.zip (100MB)\nRan 151 tests in 26s\nUploading artifact 'build' (7 files)\nCache saved successfully\n[12:50:57] DEBUG: Loading configuration\n\u2713 Task completed in 3963ms\n[12:50:57] INFO: Request completed\nChecking out develop branch\nWARNING: webpack has known vulnerabilities\nFetching submodules...\nPOST /api - 202 (362ms)\nArtifact uploaded: dist.zip (90MB)\n\u2717 build failed with exit code 49\nVerifying...\nLoading...\nAlready up to date.\nCompiling src/index.js...\n\u2717 build failed with exit code 122\nArtifact uploaded: dist.zip (68MB)\n[12:50:57] INFO: Request completed\npip: Downloading prettier-1.15.tar.gz\nTransforming 380 files...\nGenerating source maps...\nReady.\nFAILED: test_api_health\nSuccess!\n[12:50:57] WARN: Deprecated API usage\n\u26a0 DEPRECATION: Feature will be removed in v4.0\nWaiting...\nVerifying...\nCache miss for key-8917\nPushing to registry...\nWARNING: express has known vulnerabilities\n\u26a0 DEPRECATION: Feature will be removed in v2.0\nWaiting...\n\u26a0 DEPRECATION: Feature will be removed in v4.0\nSwitched to branch 'hotfix/task-134'\n\u2713 Step 'setup' succeeded\nArtifact downloaded: 8MB\nStep 8/17: Linting\nnpm notice: created a lockfile\nSuccess!\nCache restored successfully (188MB)\nWaiting...\nArtifact uploaded: dist.zip (54MB)\nStep 10/21: Installing dependencies\nCompiling lib/app.ts...\nFetching submodules...\nnpm install: resolved 1729 packages\nMinifying app.js\nEnvironment: staging\nConnection established\n[12:50:57] DEBUG: Query executed in 75ms\n\u2713 Step 'install' succeeded\nTime: 38.275s\nCache hit for key-4601\n[12:50:57] DEBUG: Initializing service\nPlatform: linux-x64\nnpm notice: package.json updated\nProcessing...\n[12:50:57] INFO: Starting build process\nException: ValueError\nFAILED: test_db_connect\nBuilding Docker image...\n[12:50:57] ERROR: Connection failed\nPulling image: alpine:18\nSwitched to branch 'bugfix/task-465'\n\u2713 Task completed in 824ms\nImage pulled successfully\nnpm install: resolved 114 packages\nStep 11/21: Testing\nImage pulled successfully\n\u26a0 DEPRECATION: Feature will be removed in v5.0\nStep 16/17: Deploying\nHEAD is now at 94c9cd2\nPOST /data - 202 (322ms)\n\u26a0 DEPRECATION: Feature will be removed in v2.0\nnpm install: added 499 packages\nEnvironment: staging\nnpm install: resolved 512 packages\n[12:50:57] INFO: Processing request\nArtifact uploaded: build.tar.gz (21MB)\nCompiling components/service.java...\nStep 17/22: Installing dependencies\nCache hit for key-5712\nPulling image: node:18\nCompiling lib/handler.rs...\n\u26a0 DEPRECATION: Feature will be removed in v5.0\nWARNING: jest has known vulnerabilities\nOptimizing 53 modules...\nCompleted.\n[12:50:57] WARN: Deprecated API usage\nTransforming 748 files...\nPushing to registry...\n[12:50:57] DEBUG: Connection pool: 4 active\n\u2713 All checks passed\nImage pulled successfully\nStep 19/20: Running migrations\nCompiling src/app.ts...\n\u2717 build failed with exit code 5\nCache miss for key-8745\n=== Step setup_node completed ===\n=== Step: deploy_production ===\nEnvironment: production\nCache saved successfully\nSwitched to branch 'bugfix/task-134'\nTransforming 373 files...\n[12:50:57] WARN: Deprecated API usage\nReady.\nPOST /data - 202 (165ms)\nnpm notice: created a lockfile\n[12:50:57] INFO: Starting build process\n[12:50:57] DEBUG: Query executed in 13ms\nLoading...\nRan 193 tests in 57s\n[12:50:57] DEBUG: Connection pool: 12 active\nCompiling src/utils.go...\npip: Installing build dependencies...\nTest Suites: 39 passed, 15 total\nAlready up to date.\nCompleted.\n\u26a0 DEPRECATION: Feature will be removed in v4.0\nGenerating source maps...\nBuilding Docker image...\nException: ValueError\nStep 1/19: Linting\nStep 12/20: Building\nnpm notice: package.json updated\nGenerating source maps...\npip: Installing build dependencies...\nFAILED: test_auth_login\nMinifying app.js\nCoverage: 80% statements, 84% branches\nCompiling components/index.js...\n\u2713 deploy completed\nGET /api - 204 (56ms)\nGET /health - 204 (12ms)\n\u2713 lint completed\nCompleted.\nInstalling lodash@4.9.4\npip: Downloading eslint-4.12.tar.gz\nArtifact downloaded: 33MB\n\u26a0 DEPRECATION: Feature will be removed in v5.0\nConnection established\n[12:50:57] DEBUG: Query executed in 10ms\nCache invalidated: dependencies\nLoading...\nGET /status - 204 (25ms)\nWARNING: eslint has known vulnerabilities\nCompiling components/main.py...\nyarn add: Done in 16.79s\nStep 10/16: Deploying\nInstalling webpack@3.0.8\nCache invalidated: node_modules\nSuccess!\nVerifying...\n\u2713 Task completed in 791ms\nyarn add: Done in 16.59s\nNODE_ENV=production\nBuilding Docker image...\nFinished.\nCache saved successfully\nTests: 162 passed, 460 total\nCompiling src/utils.go...\n[12:50:57] INFO: Processing request\nLayer 7/11: RUN command\n[12:50:57] ERROR: Connection failed\nnpm notice: package.json updated\nLoading...\nStep 9/16: Building\nCache miss for key-4008\nLayer 6/12: RUN command\nReady.\nBundling main.js\nCompiling components/utils.go...\n[12:50:57] WARN: Deprecated API usage\n[12:50:57] DEBUG: Loading configuration\nWARNING: webpack has known vulnerabilities\nSuccess!\n[12:50:57] WARN: Deprecated API usage\nTransforming 819 files...\nArtifact uploaded: dist.zip (48MB)\nPOST /api - 202 (378ms)\n\u26a0 DEPRECATION: Feature will be removed in v3.0\nArtifact uploaded: build.tar.gz (43MB)\nUsing Node.js 16.9.2\nOK\nLoading...\npip: Collecting axios\n\u2713 All checks passed\nBundling vendor.js\nSnapshots: 4 passed, 6 total\n\u26a0 DEPRECATION: Feature will be removed in v3.0\nnpm notice: created a lockfile\nUploading artifact 'coverage' (27 files)\nMinifying app.js\nTransforming 816 files...\nSnapshots: 2 passed, 11 total\n[12:50:57] DEBUG: Memory usage: 725MB\nHEAD is now at 7e6d201\nCache invalidated: dependencies\nFetching submodules...\n  PASS: test_cache_hit (435ms)\nTime: 57.779s\nStep 10/20: Building\npip: Downloading axios-4.14.tar.gz\nEnvironment: production\nStep 2/15: Testing\n[12:50:57] INFO: Connecting to database\nUsing Python 3.12\nOK\nReady.\nWARNING: webpack has known vulnerabilities\n\u2713 All checks passed\n  PASS: test_user_create (206ms)\n[12:50:57] DEBUG: Loading configuration\n[12:50:57] INFO: Connecting to database\nArtifact uploaded: dist.zip (75MB)\nReady.\n[12:50:57] WARN: Deprecated API usage\nCache restored successfully (215MB)\nStep 9/19: Testing\nSuccess!\nStep 8/20: Running migrations\nPulling image: alpine:latest\nGET /health - 201 (33ms)\nWARNING: eslint has known vulnerabilities\nConnection established\nFinished.\nCreating production build...\npip: Collecting eslint\nCompiling lib/utils.go...\nReady.\n\u2717 build failed with exit code 60\n[12:50:57] WARN: Deprecated API usage\nMinifying vendor.js\n[12:50:57] INFO: Connecting to database\nFAILED: test_auth_login\nFetching submodules...\nSnapshots: 31 passed, 13 total\n[12:50:57] DEBUG: Loading configuration\nFetching from https://amazonaws.com/package.json\nChecking out develop branch\nGET /status - 201 (38ms)\nLoading...\nFinished.\nChecking out develop branch\n[12:50:57] INFO: Connecting to database\nFAILED: test_api_health\n=== Step deploy_production completed ===\n=== Step: deploy_staging ===\nCompiling lib/app.ts...\nCache miss for key-3828\nCache hit for key-9178\n[12:50:57] INFO: Cache refreshed\n[12:50:57] INFO: Request completed\nSuccess!\nCreating production build...\nPushing to registry...\nPushing to registry...\n[12:50:57] WARN: Deprecated API usage\nnpm install: added 227 packages\nUsing Node.js 20.5.7\nLoading...\n[12:50:57] INFO: Connecting to database\nnpm install: resolved 957 packages\nCache saved successfully\nCompiling components/main.py...\n[12:50:57] ERROR: Connection failed\nUsing Node.js 19.5.9\nPushing to registry...\nImage pulled successfully\nSwitched to branch 'hotfix/task-711'\nStep 18/19: Installing dependencies\nWARNING: axios has known vulnerabilities\nAlready up to date.\n\u26a0 DEPRECATION: Feature will be removed in v4.0\nLayer 8/10: COPY command\n\u2713 All checks passed\nUsing Python 3.11\nCoverage: 79% statements, 77% branches\nSnapshots: 32 passed, 5 total\nInstalling react@1.13.1\nBuilding Docker image...\nyarn add: Done in 10.82s\nPlatform: darwin-arm64\nTime: 4.411s\nWARNING: jest has known vulnerabilities\nStep 8/16: Installing dependencies\nDone.\nPulling image: node:3.11\nTest Suites: 22 passed, 43 total\n\u2713 Step 'setup' succeeded\nCache restored successfully (200MB)\nBundling styles.css\nOptimizing 13 modules...\nBundling styles.js\nCache invalidated: dependencies\nNODE_ENV=test\npip install: Successfully installed lodash-1.9\nSnapshots: 15 passed, 34 total\n\u2717 build failed with exit code 42\nFinished.\nInstalling axios@4.2.6\nStep 9/15: Linting\nSwitched to branch 'hotfix/task-361'\nEnvironment: development\nCache hit for key-8482\n\u2713 Step 'install' succeeded\nSnapshots: 42 passed, 40 total\nCompiling components/main.py...\nWaiting...\nCache miss for key-4545\n[12:50:57] DEBUG: Memory usage: 344MB\n\u2713 All checks passed\nUploading artifact 'build' (5 files)\n\u2713 Step 'checkout' succeeded\nPulling image: python:latest\nLoading...\nFetching from https://gcr.io/package.json\nStep 10/25: Building\nPulling image: alpine:latest\nSuccess!\nArtifact uploaded: dist.zip (52MB)\nException: NullPointerException\nStep 10/25: Running migrations\nSuccess!\nCache saved successfully\nEnvironment: staging\nChecking out main branch\nEnvironment: development\nArtifact uploaded: dist.zip (38MB)\n\u2713 All checks passed\nStep 6/15: Linting\nHEAD is now at e8b3fd4\n\u2713 All checks passed\nCache restored successfully (46MB)\nSwitched to branch 'hotfix/task-341'\nTLS handshake completed\nnpm install: added 69 packages\nFAILED: test_api_health\nSuccess!\n\u2717 build failed with exit code 124\nPulling image: python:3.11\nCache restored successfully (373MB)\nProcessing...\n[12:50:57] DEBUG: Connection pool: 1 active\nLoading...\nyarn add: Done in 19.68s\nUsing Python 3.9\nTests: 486 passed, 81 total\nArtifact uploaded: dist.zip (6MB)\npip: Downloading webpack-5.11.tar.gz\nStep 18/25: Installing dependencies\nLayer 2/14: COPY command\nUsing Node.js 20.6.8\n[12:50:57] WARN: Deprecated API usage\nCompiling components/utils.go...\nException: NullPointerException\nCache hit for key-2367\nProcessing...\nGET /status - 200 (57ms)\nHEAD is now at 48d10bc\nyarn add: Done in 24.33s\nArtifact uploaded: build.tar.gz (36MB)\nCoverage: 94% statements, 63% branches\nStep 18/20: Testing\nCache miss for key-8155\nHEAD is now at 38f712d\n[12:50:57] DEBUG: Initializing service\nConnection established\nStep 5/20: Running migrations\nCompiling utils/service.java...\nMinifying vendor.js\nCache restored successfully (464MB)\nTransforming 529 files...\nnpm install: resolved 1773 packages\npip install: Successfully installed webpack-2.8\nTest Suites: 47 passed, 21 total\nArtifact downloaded: 7MB\nnpm install: added 443 packages\nArtifact uploaded: build.tar.gz (10MB)\nOK\nProcessing...\n\u26a0 DEPRECATION: Feature will be removed in v5.0\n\u26a0 DEPRECATION: Feature will be removed in v5.0\n\u2713 test completed\nUsing Python 3.12\nCache hit for key-8104\nFetching submodules...\npip: Collecting express\nnpm install: added 29 packages\nStep 16/20: Installing dependencies\npip: Installing build dependencies...\nStep 3/18: Installing dependencies\nFetching submodules...\nLayer 2/9: ENV command\n=== Step deploy_staging completed ===",
    "steps": [
      {
        "name": "install_dependencies",
        "status": "success",
        "started_at": "2025-12-20T12:50:57.822491",
        "finished_at": "2025-12-20T12:51:33.161813",
        "log_lines": [
          "=== Step: install_dependencies ===",
          "OK",
          "Exception: NullPointerException",
          "[12:50:57] INFO: Connecting to database",
          "Cache miss for key-7767",
          "Tests: 95 passed, 178 total",
          "Installing axios@3.20.7",
          "[12:50:57] INFO: Starting build process",
          "Completed.",
          "\u26a0 DEPRECATION: Feature will be removed in v4.0",
          "Transforming 688 files...",
          "WARNING: eslint has known vulnerabilities",
          "Finished.",
          "Uploading artifact 'dist' (49 files)",
          "Layer 8/14: RUN command",
          "TLS handshake completed",
          "Cache hit for key-3275",
          "[12:50:57] DEBUG: Query executed in 5ms",
          "npm notice: created a lockfile",
          "WARNING: jest has known vulnerabilities",
          "Installing react@5.10.5",
          "[12:50:57] WARN: Deprecated API usage",
          "  PASS: test_user_create (47ms)",
          "Success!",
          "yarn add: Done in 7.75s",
          "Snapshots: 19 passed, 23 total",
          "NODE_ENV=production",
          "Artifact downloaded: 16MB",
          "Compiling lib/handler.rs...",
          "Test Suites: 32 passed, 40 total",
          "Done.",
          "[12:50:57] INFO: Request completed",
          "[12:50:57] DEBUG: Connection pool: 1 active",
          "HEAD is now at c04a9f9",
          "Cache saved successfully",
          "[12:50:57] INFO: Starting build process",
          "Processing...",
          "Step 9/19: Running migrations",
          "Using Python 3.12",
          "npm install: resolved 312 packages",
          "pip: Installing build dependencies...",
          "Processing...",
          "Connection established",
          "Loading...",
          "Coverage: 85% statements, 64% branches",
          "Processing...",
          "[12:50:57] DEBUG: Query executed in 67ms",
          "[12:50:57] DEBUG: Memory usage: 1108MB",
          "Compiling components/utils.go...",
          "Step 16/16: Installing dependencies",
          "Processing...",
          "Creating production build...",
          "\u26a0 DEPRECATION: Feature will be removed in v3.0",
          "\u26a0 DEPRECATION: Feature will be removed in v3.0",
          "Connection established",
          "Creating production build...",
          "  PASS: unit/test_cache_hit.spec.js",
          "GET /api - 200 (78ms)",
          "[12:50:57] DEBUG: Connection pool: 3 active",
          "\u2717 build failed with exit code 69",
          "GET /health - 200 (77ms)",
          "Environment: development",
          "Processing...",
          "  PASS: test_user_create (387ms)",
          "Step 16/15: Running migrations",
          "Connection established",
          "Tests: 495 passed, 433 total",
          "Compiling components/app.ts...",
          "\u2713 Task completed in 4215ms",
          "Using Python 3.12",
          "pip: Collecting webpack",
          "Snapshots: 20 passed, 24 total",
          "Done.",
          "Loading...",
          "pip: Collecting webpack",
          "Test Suites: 8 passed, 34 total",
          "\u26a0 DEPRECATION: Feature will be removed in v4.0",
          "Snapshots: 22 passed, 22 total",
          "[12:50:57] WARN: Deprecated API usage",
          "Verifying...",
          "[12:50:57] DEBUG: Initializing service",
          "npm install: resolved 1056 packages",
          "Switched to branch 'bugfix/task-133'",
          "Creating production build...",
          "Creating production build...",
          "POST /api - 202 (252ms)",
          "WARNING: axios has known vulnerabilities",
          "  PASS: test_api_health (379ms)",
          "[12:50:57] DEBUG: Memory usage: 511MB",
          "WARNING: react has known vulnerabilities",
          "Compiling components/index.js...",
          "[12:50:57] WARN: Deprecated API usage",
          "Using Node.js 16.16.7",
          "Optimizing 94 modules...",
          "Success!",
          "Cache invalidated: build",
          "pip install: Successfully installed express-2.3",
          "Platform: darwin-arm64",
          "npm notice: package.json updated",
          "GET /api - 201 (76ms)",
          "Environment: production",
          "Minifying vendor.js",
          "Snapshots: 32 passed, 47 total",
          "pip install: Successfully installed axios-1.2",
          "Using Python 3.9",
          "WARNING: eslint has known vulnerabilities",
          "npm install: added 202 packages",
          "[12:50:57] INFO: Starting build process",
          "Coverage: 95% statements, 70% branches",
          "Success!",
          "[12:50:57] INFO: Connecting to database",
          "[12:50:57] DEBUG: Loading configuration",
          "Bundling runtime.js",
          "\u2713 package completed",
          "Verifying...",
          "OK",
          "Step 11/15: Testing",
          "Processing...",
          "Processing...",
          "npm install: resolved 1013 packages",
          "\u26a0 DEPRECATION: Feature will be removed in v5.0",
          "\u26a0 DEPRECATION: Feature will be removed in v4.0",
          "[12:50:57] INFO: Cache refreshed",
          "Transforming 614 files...",
          "Test Suites: 39 passed, 29 total",
          "Ran 165 tests in 31s",
          "Step 11/17: Linting",
          "Step 7/24: Building",
          "[12:50:57] WARN: Deprecated API usage",
          "Compiling src/main.py...",
          "Environment: test",
          "Compiling src/utils.go...",
          "Step 12/17: Testing",
          "[12:50:57] ERROR: Connection failed",
          "Step 13/21: Testing",
          "Ready.",
          "TLS handshake completed",
          "Fetching submodules...",
          "Time: 120.138s",
          "Coverage: 93% statements, 98% branches",
          "Step 4/22: Deploying",
          "Artifact uploaded: build.tar.gz (46MB)",
          "pip: Collecting axios",
          "[12:50:57] INFO: Processing request",
          "Waiting...",
          "pip: Collecting eslint",
          "pip: Collecting jest",
          "=== Step install_dependencies completed ==="
        ]
      },
      {
        "name": "unit_tests",
        "status": "success",
        "started_at": "2025-12-20T12:51:33.161813",
        "finished_at": "2025-12-20T12:52:08.501135",
        "log_lines": [
          "=== Step: unit_tests ===",
          "\u2713 lint completed",
          "Installing prettier@4.6.6",
          "\u2713 deploy completed",
          "Coverage: 72% statements, 76% branches",
          "[12:50:57] DEBUG: Query executed in 43ms",
          "Step 1/17: Linting",
          "Pulling image: alpine:18",
          "npm notice: package.json updated",
          "NODE_ENV=production",
          "\u26a0 DEPRECATION: Feature will be removed in v2.0",
          "Snapshots: 26 passed, 41 total",
          "Artifact uploaded: dist.zip (26MB)",
          "Waiting...",
          "Creating production build...",
          "[12:50:57] INFO: Cache refreshed",
          "[12:50:57] DEBUG: Query executed in 23ms",
          "Environment: test",
          "Compiling components/handler.rs...",
          "[12:50:57] INFO: Starting build process",
          "Transforming 471 files...",
          "[12:50:57] WARN: Deprecated API usage",
          "Compiling utils/handler.rs...",
          "Tests: 175 passed, 300 total",
          "Processing...",
          "Step 2/24: Testing",
          "\u2713 Task completed in 2870ms",
          "Coverage: 77% statements, 61% branches",
          "Artifact downloaded: 28MB",
          "Platform: darwin-arm64",
          "Transforming 374 files...",
          "[12:50:57] INFO: Connecting to database",
          "Connection established",
          "Tests: 203 passed, 383 total",
          "Coverage: 91% statements, 91% branches",
          "Platform: linux-x64",
          "\u2713 Task completed in 4018ms",
          "Compiling lib/service.java...",
          "Compiling src/handler.rs...",
          "FAILED: test_db_connect",
          "NODE_ENV=development",
          "[12:50:57] INFO: Starting build process",
          "[12:50:57] INFO: Connecting to database",
          "[12:50:57] WARN: Deprecated API usage",
          "Waiting...",
          "Cache miss for key-2453",
          "Ready.",
          "Processing...",
          "Switched to branch 'hotfix/task-104'",
          "Compiling src/main.py...",
          "\u2713 Task completed in 1748ms",
          "Time: 19.833s",
          "[12:50:57] INFO: Cache refreshed",
          "POST /api - 202 (389ms)",
          "[12:50:57] INFO: Request completed",
          "Test Suites: 20 passed, 24 total",
          "Image pulled successfully",
          "[12:50:57] WARN: Deprecated API usage",
          "Fetching from https://npmjs.org/package.json",
          "GET /status - 200 (96ms)",
          "pip: Installing build dependencies...",
          "pip: Downloading axios-2.11.tar.gz",
          "[12:50:57] DEBUG: Connection pool: 14 active",
          "Step 20/16: Building",
          "Finished.",
          "Ran 39 tests in 44s",
          "Fetching from https://gcr.io/package.json",
          "Cache saved successfully",
          "[12:50:57] DEBUG: Memory usage: 1414MB",
          "\u2713 Task completed in 3106ms",
          "NODE_ENV=production",
          "Compiling lib/app.ts...",
          "Done.",
          "Using Node.js 15.9.8",
          "Artifact uploaded: dist.zip (54MB)",
          "npm install: added 263 packages",
          "  PASS: e2e/test_auth_login.spec.js",
          "Compiling lib/main.py...",
          "Artifact downloaded: 9MB",
          "[12:50:57] DEBUG: Query executed in 69ms",
          "\u2713 build completed",
          "Creating production build...",
          "[12:50:57] DEBUG: Initializing service",
          "Cache invalidated: node_modules",
          "Step 11/15: Deploying",
          "Cache restored successfully (149MB)",
          "\u2713 lint completed",
          "Cache restored successfully (482MB)",
          "Step 19/15: Deploying",
          "Cache miss for key-7943",
          "pip: Installing build dependencies...",
          "Step 9/17: Building",
          "[12:50:57] DEBUG: Memory usage: 581MB",
          "[12:50:57] DEBUG: Connection pool: 8 active",
          "Fetching submodules...",
          "[12:50:57] DEBUG: Memory usage: 1260MB",
          "Step 7/16: Deploying",
          "pip install: Successfully installed webpack-3.3",
          "[12:50:57] INFO: Request completed",
          "Switched to branch 'hotfix/task-903'",
          "Cache miss for key-1214",
          "GET /api - 201 (39ms)",
          "Verifying...",
          "\u26a0 DEPRECATION: Feature will be removed in v4.0",
          "Tests: 405 passed, 230 total",
          "Step 17/17: Testing",
          "Checking out develop branch",
          "Completed.",
          "Step 20/15: Building",
          "pip: Collecting eslint",
          "Loading...",
          "\u2713 Step 'build' succeeded",
          "Uploading artifact 'build' (22 files)",
          "Step 10/15: Testing",
          "Artifact downloaded: 18MB",
          "Test Suites: 50 passed, 14 total",
          "Ran 143 tests in 29s",
          "Bundling main.css",
          "Bundling styles.css",
          "  PASS: test_db_connect (50ms)",
          "\u26a0 DEPRECATION: Feature will be removed in v3.0",
          "npm install: resolved 915 packages",
          "Done.",
          "Loading...",
          "FAILED: test_cache_hit",
          "Cache miss for key-7961",
          "WARNING: express has known vulnerabilities",
          "\u2713 Step 'install' succeeded",
          "Completed.",
          "Step 11/21: Building",
          "Building Docker image...",
          "Loading...",
          "NODE_ENV=development",
          "Completed.",
          "Fetching submodules...",
          "Completed.",
          "Fetching from https://github.com/package.json",
          "Completed.",
          "\u2717 build failed with exit code 25",
          "Coverage: 86% statements, 89% branches",
          "Processing...",
          "OK",
          "Step 3/24: Linting",
          "[12:50:57] INFO: Request completed",
          "Transforming 884 files...",
          "pip: Installing build dependencies...",
          "WARNING: prettier has known vulnerabilities",
          "=== Step unit_tests completed ==="
        ]
      },
      {
        "name": "setup_environment",
        "status": "success",
        "started_at": "2025-12-20T12:52:08.501135",
        "finished_at": "2025-12-20T12:52:20.280909",
        "log_lines": [
          "=== Step: setup_environment ===",
          "NODE_ENV=production",
          "Completed.",
          "Loading...",
          "GET /status - 204 (20ms)",
          "\u2713 All checks passed",
          "Loading...",
          "Fetching from https://npmjs.org/package.json",
          "Using Python 3.9",
          "[12:50:57] ERROR: Connection failed",
          "Artifact uploaded: dist.zip (8MB)",
          "Uploading artifact 'coverage' (7 files)",
          "Artifact downloaded: 27MB",
          "Compiling lib/app.ts...",
          "[12:50:57] INFO: Processing request",
          "Fetching from https://github.com/package.json",
          "Platform: win32-x64",
          "  PASS: unit/test_user_create.spec.js",
          "Cache hit for key-3390",
          "\u2713 Task completed in 1712ms",
          "Artifact uploaded: dist.zip (12MB)",
          "Processing...",
          "\u2713 All checks passed",
          "Optimizing 77 modules...",
          "Compiling utils/service.java...",
          "OK",
          "\u26a0 DEPRECATION: Feature will be removed in v5.0",
          "\u2713 Step 'build' succeeded",
          "Layer 3/11: ENV command",
          "Switched to branch 'hotfix/task-487'",
          "Time: 58.312s",
          "Time: 17.184s",
          "TLS handshake completed",
          "pip: Collecting lodash",
          "Processing...",
          "Fetching from https://npmjs.org/package.json",
          "Ran 135 tests in 16s",
          "Finished.",
          "Already up to date.",
          "  PASS: unit/test_auth_login.spec.js",
          "Minifying app.js",
          "[12:50:57] ERROR: Connection failed",
          "npm notice: package.json updated",
          "[12:50:57] INFO: Request completed",
          "Pushing to registry...",
          "Pushing to registry...",
          "[12:50:57] DEBUG: Query executed in 84ms",
          "GET /api - 201 (71ms)",
          "Artifact uploaded: build.tar.gz (38MB)",
          "Using Node.js 17.12.5",
          "\u2717 build failed with exit code 74",
          "[12:50:57] INFO: Request completed",
          "[12:50:57] INFO: Cache refreshed",
          "[12:50:57] INFO: Starting build process",
          "Success!",
          "Compiling src/handler.rs...",
          "[12:50:57] WARN: Deprecated API usage",
          "Step 15/21: Deploying",
          "Cache hit for key-4633",
          "Already up to date.",
          "Time: 64.225s",
          "Processing...",
          "WARNING: react has known vulnerabilities",
          "Processing...",
          "Waiting...",
          "Test Suites: 31 passed, 48 total",
          "\u26a0 DEPRECATION: Feature will be removed in v2.0",
          "Ran 190 tests in 22s",
          "Pushing to registry...",
          "Done.",
          "Step 7/17: Linting",
          "Checking out main branch",
          "Step 1/16: Testing",
          "Using Python 3.11",
          "Time: 44.910s",
          "pip: Installing build dependencies...",
          "  PASS: integration/test_cache_hit.spec.js",
          "Step 10/17: Building",
          "Artifact uploaded: build.tar.gz (37MB)",
          "Cache hit for key-7250",
          "Completed.",
          "[12:50:57] DEBUG: Query executed in 100ms",
          "Coverage: 79% statements, 96% branches",
          "Step 1/23: Running migrations",
          "pip: Installing build dependencies...",
          "[12:50:57] WARN: Deprecated API usage",
          "Minifying main.js",
          "Checking out develop branch",
          "Bundling runtime.js",
          "pip: Collecting axios",
          "Already up to date.",
          "Exception: RuntimeError",
          "Processing...",
          "Verifying...",
          "Artifact downloaded: 34MB",
          "\u2713 Step 'setup' succeeded",
          "Done.",
          "Creating production build...",
          "[12:50:57] INFO: Cache refreshed",
          "[12:50:57] DEBUG: Loading configuration",
          "WARNING: prettier has known vulnerabilities",
          "[12:50:57] WARN: Deprecated API usage",
          "\u2713 Task completed in 1365ms",
          "Tests: 336 passed, 97 total",
          "TLS handshake completed",
          "Snapshots: 8 passed, 12 total",
          "Cache hit for key-7741",
          "[12:50:57] INFO: Cache refreshed",
          "Verifying...",
          "Environment: production",
          "Time: 61.722s",
          "yarn add: Done in 20.7s",
          "Building Docker image...",
          "Compiling utils/app.ts...",
          "Tests: 434 passed, 351 total",
          "[12:50:57] DEBUG: Query executed in 69ms",
          "yarn add: Done in 30.6s",
          "Generating source maps...",
          "Transforming 567 files...",
          "Fetching submodules...",
          "Coverage: 85% statements, 74% branches",
          "Fetching submodules...",
          "Compiling components/utils.go...",
          "GET /status - 200 (50ms)",
          "Environment: development",
          "[12:50:57] DEBUG: Query executed in 11ms",
          "pip: Collecting jest",
          "Step 1/15: Linting",
          "Artifact uploaded: dist.zip (62MB)",
          "[12:50:57] INFO: Starting build process",
          "[12:50:57] INFO: Processing request",
          "Processing...",
          "npm notice: package.json updated",
          "Coverage: 99% statements, 84% branches",
          "Ran 13 tests in 1s",
          "[12:50:57] INFO: Starting build process",
          "Step 9/19: Building",
          "Cache miss for key-6222",
          "\u26a0 DEPRECATION: Feature will be removed in v2.0",
          "yarn add: Done in 17.64s",
          "Building Docker image...",
          "Step 13/22: Running migrations",
          "Cache invalidated: node_modules",
          "Step 13/20: Deploying",
          "Cache invalidated: dependencies",
          "Minifying vendor.js",
          "pip: Downloading lodash-2.6.tar.gz",
          "=== Step setup_environment completed ==="
        ]
      },
      {
        "name": "integration_tests",
        "status": "success",
        "started_at": "2025-12-20T12:52:20.280909",
        "finished_at": "2025-12-20T12:52:43.840457",
        "log_lines": [
          "=== Step: integration_tests ===",
          "Ran 96 tests in 9s",
          "[12:50:57] DEBUG: Connection pool: 20 active",
          "Step 20/25: Running migrations",
          "Compiling src/index.js...",
          "pip: Collecting react",
          "[12:50:57] INFO: Cache refreshed",
          "Cache miss for key-5775",
          "[12:50:57] DEBUG: Loading configuration",
          "[12:50:57] DEBUG: Connection pool: 10 active",
          "Creating production build...",
          "GET /health - 201 (11ms)",
          "Ran 27 tests in 42s",
          "pip install: Successfully installed eslint-5.6",
          "Creating production build...",
          "Step 12/22: Running migrations",
          "Generating source maps...",
          "Step 7/16: Linting",
          "Cache saved successfully",
          "Ready.",
          "npm install: added 453 packages",
          "Fetching from https://registry.npmjs.org/package.json",
          "[12:50:57] INFO: Request completed",
          "\u26a0 DEPRECATION: Feature will be removed in v3.0",
          "  PASS: unit/test_cache_hit.spec.js",
          "Step 8/25: Testing",
          "Creating production build...",
          "Step 16/16: Linting",
          "[12:50:57] DEBUG: Loading configuration",
          "TLS handshake completed",
          "\u2717 build failed with exit code 72",
          "[12:50:57] DEBUG: Memory usage: 548MB",
          "HEAD is now at a4bca40",
          "Checking out master branch",
          "FAILED: test_db_connect",
          "Compiling components/app.ts...",
          "\u2713 Step 'setup' succeeded",
          "Tests: 441 passed, 262 total",
          "Ran 191 tests in 27s",
          "Step 14/16: Installing dependencies",
          "Waiting...",
          "Pulling image: node:18",
          "Artifact uploaded: dist.zip (4MB)",
          "HEAD is now at 24dfc97",
          "[12:50:57] DEBUG: Initializing service",
          "Fetching from https://githubusercontent.com/package.json",
          "WARNING: express has known vulnerabilities",
          "Image pulled successfully",
          "OK",
          "pip: Downloading express-2.4.tar.gz",
          "\u2713 package completed",
          "npm notice: package.json updated",
          "Step 20/20: Running migrations",
          "Already up to date.",
          "Generating source maps...",
          "Environment: staging",
          "Ran 110 tests in 59s",
          "Tests: 392 passed, 390 total",
          "npm notice: package.json updated",
          "  PASS: test_api_health (496ms)",
          "HEAD is now at d197faf",
          "pip: Installing build dependencies...",
          "Platform: darwin-arm64",
          "[12:50:57] DEBUG: Initializing service",
          "Fetching submodules...",
          "Building Docker image...",
          "\u2713 validate completed",
          "Transforming 291 files...",
          "Cache hit for key-5954",
          "Cache saved successfully",
          "npm notice: package.json updated",
          "Building Docker image...",
          "Loading...",
          "Uploading artifact 'coverage' (33 files)",
          "[12:50:57] DEBUG: Loading configuration",
          "Ready.",
          "Completed.",
          "[12:50:57] DEBUG: Query executed in 82ms",
          "Using Node.js 20.6.5",
          "[12:50:57] DEBUG: Memory usage: 1654MB",
          "Cache restored successfully (335MB)",
          "Layer 6/14: RUN command",
          "[12:50:57] INFO: Processing request",
          "Checking out main branch",
          "pip: Collecting webpack",
          "Loading...",
          "[12:50:57] INFO: Processing request",
          "\u2713 test completed",
          "Pushing to registry...",
          "WARNING: jest has known vulnerabilities",
          "Checking out master branch",
          "Image pulled successfully",
          "\u2713 Step 'build' succeeded",
          "WARNING: webpack has known vulnerabilities",
          "[12:50:57] INFO: Cache refreshed",
          "OK",
          "Connection established",
          "Already up to date.",
          "\u2717 build failed with exit code 73",
          "Fetching from https://pypi.org/package.json",
          "FAILED: test_db_connect",
          "\u2713 test completed",
          "Step 3/22: Testing",
          "\u2713 Task completed in 1093ms",
          "Step 3/25: Building",
          "Snapshots: 7 passed, 26 total",
          "WARNING: lodash has known vulnerabilities",
          "Bundling styles.css",
          "Cache miss for key-6857",
          "Compiling components/index.js...",
          "Cache restored successfully (111MB)",
          "Cache restored successfully (242MB)",
          "\u2717 build failed with exit code 79",
          "Step 17/21: Testing",
          "pip install: Successfully installed eslint-4.11",
          "[12:50:57] DEBUG: Memory usage: 1821MB",
          "Finished.",
          "Fetching submodules...",
          "Using Node.js 20.19.7",
          "Snapshots: 30 passed, 38 total",
          "TLS handshake completed",
          "Cache invalidated: build",
          "  PASS: test_cache_hit (446ms)",
          "GET /status - 204 (97ms)",
          "Done.",
          "Fetching from https://npmjs.org/package.json",
          "Image pulled successfully",
          "Compiling components/handler.rs...",
          "npm notice: package.json updated",
          "Snapshots: 29 passed, 9 total",
          "Connection established",
          "npm notice: created a lockfile",
          "Ready.",
          "[12:50:57] INFO: Connecting to database",
          "Step 15/17: Linting",
          "Installing express@3.11.7",
          "npm notice: created a lockfile",
          "Success!",
          "Exception: NullPointerException",
          "Compiling lib/utils.go...",
          "Exception: RuntimeError",
          "[12:50:57] DEBUG: Query executed in 84ms",
          "Compiling src/handler.rs...",
          "Cache restored successfully (169MB)",
          "Platform: darwin-arm64",
          "[12:50:57] DEBUG: Connection pool: 8 active",
          "[12:50:57] DEBUG: Loading configuration",
          "=== Step integration_tests completed ==="
        ]
      },
      {
        "name": "save_cache",
        "status": "success",
        "started_at": "2025-12-20T12:52:43.840457",
        "finished_at": "2025-12-20T12:52:50.908321",
        "log_lines": [
          "=== Step: save_cache ===",
          "Artifact uploaded: dist.zip (75MB)",
          "Compiling src/main.py...",
          "Processing...",
          "npm install: resolved 813 packages",
          "Artifact uploaded: dist.zip (53MB)",
          "\u26a0 DEPRECATION: Feature will be removed in v2.0",
          "Uploading artifact 'build' (14 files)",
          "Loading...",
          "Loading...",
          "\u2713 Step 'install' succeeded",
          "Verifying...",
          "Step 19/21: Linting",
          "npm install: resolved 1186 packages",
          "Using Node.js 15.13.1",
          "pip: Installing build dependencies...",
          "Processing...",
          "[12:50:57] DEBUG: Query executed in 75ms",
          "Switched to branch 'feature/task-527'",
          "NODE_ENV=test",
          "Step 10/21: Linting",
          "Switched to branch 'feature/task-572'",
          "[12:50:57] DEBUG: Connection pool: 19 active",
          "Time: 118.862s",
          "Coverage: 79% statements, 96% branches",
          "Finished.",
          "Pulling image: python:3.11",
          "Fetching submodules...",
          "[12:50:57] DEBUG: Memory usage: 1597MB",
          "GET /status - 200 (25ms)",
          "Snapshots: 13 passed, 13 total",
          "Step 1/22: Running migrations",
          "Compiling components/main.py...",
          "Ready.",
          "WARNING: express has known vulnerabilities",
          "Using Node.js 17.5.4",
          "Connection established",
          "Uploading artifact 'coverage' (41 files)",
          "[12:50:57] DEBUG: Query executed in 61ms",
          "OK",
          "POST /data - 202 (470ms)",
          "Test Suites: 14 passed, 5 total",
          "GET /status - 204 (57ms)",
          "Pulling image: alpine:3.11",
          "Using Node.js 20.13.9",
          "GET /status - 204 (3ms)",
          "Step 11/19: Installing dependencies",
          "Compiling utils/handler.rs...",
          "npm notice: created a lockfile",
          "HEAD is now at abc91ee",
          "[12:50:57] DEBUG: Initializing service",
          "Using Node.js 14.6.4",
          "[12:50:57] DEBUG: Connection pool: 5 active",
          "Time: 67.178s",
          "pip: Downloading lodash-1.6.tar.gz",
          "\u26a0 DEPRECATION: Feature will be removed in v3.0",
          "npm notice: created a lockfile",
          "Environment: development",
          "pip install: Successfully installed lodash-2.17",
          "pip: Collecting express",
          "Step 10/24: Linting",
          "Artifact uploaded: dist.zip (22MB)",
          "Pulling image: python:latest",
          "POST /api - 201 (125ms)",
          "OK",
          "[12:50:57] INFO: Starting build process",
          "WARNING: eslint has known vulnerabilities",
          "Fetching submodules...",
          "Transforming 217 files...",
          "[12:50:57] INFO: Request completed",
          "npm install: added 72 packages",
          "Cache miss for key-8605",
          "Building Docker image...",
          "WARNING: lodash has known vulnerabilities",
          "[12:50:57] DEBUG: Connection pool: 4 active",
          "[12:50:57] DEBUG: Query executed in 1ms",
          "[12:50:57] INFO: Connecting to database",
          "  PASS: e2e/test_auth_login.spec.js",
          "\u26a0 DEPRECATION: Feature will be removed in v4.0",
          "Loading...",
          "Checking out main branch",
          "\u26a0 DEPRECATION: Feature will be removed in v3.0",
          "Compiling lib/index.js...",
          "\u26a0 DEPRECATION: Feature will be removed in v3.0",
          "Switched to branch 'bugfix/task-854'",
          "Step 20/19: Running migrations",
          "Cache invalidated: dependencies",
          "[12:50:57] INFO: Connecting to database",
          "Ran 179 tests in 59s",
          "\u26a0 DEPRECATION: Feature will be removed in v4.0",
          "Loading...",
          "[12:50:57] DEBUG: Initializing service",
          "[12:50:57] DEBUG: Query executed in 52ms",
          "Using Node.js 20.6.9",
          "Ran 164 tests in 15s",
          "Transforming 362 files...",
          "[12:50:57] INFO: Cache refreshed",
          "pip install: Successfully installed express-1.3",
          "Step 12/17: Deploying",
          "Optimizing 62 modules...",
          "Cache miss for key-7717",
          "Building Docker image...",
          "Transforming 724 files...",
          "Minifying app.js",
          "Step 8/25: Deploying",
          "Step 15/22: Testing",
          "[12:50:57] ERROR: Connection failed",
          "pip: Downloading eslint-1.17.tar.gz",
          "Building Docker image...",
          "pip: Downloading webpack-1.4.tar.gz",
          "Cache invalidated: dependencies",
          "Step 10/19: Installing dependencies",
          "Switched to branch 'feature/task-148'",
          "\u2717 build failed with exit code 10",
          "Cache hit for key-9443",
          "Pulling image: python:3.11",
          "[12:50:57] DEBUG: Loading configuration",
          "Layer 8/12: COPY command",
          "Done.",
          "Pushing to registry...",
          "Installing jest@2.14.0",
          "Pulling image: node:18",
          "\u2713 Step 'checkout' succeeded",
          "Tests: 392 passed, 98 total",
          "GET /status - 204 (22ms)",
          "\u2713 Step 'setup' succeeded",
          "Ran 63 tests in 4s",
          "Exception: TypeError",
          "[12:50:57] INFO: Connecting to database",
          "npm install: resolved 1513 packages",
          "Ready.",
          "Waiting...",
          "[12:50:57] INFO: Connecting to database",
          "Creating production build...",
          "OK",
          "Waiting...",
          "\u2717 build failed with exit code 81",
          "[12:50:57] DEBUG: Initializing service",
          "Ready.",
          "npm notice: created a lockfile",
          "npm notice: package.json updated",
          "[12:50:57] DEBUG: Loading configuration",
          "Already up to date.",
          "[12:50:57] DEBUG: Initializing service",
          "Cache saved successfully",
          "[12:50:57] WARN: Deprecated API usage",
          "WARNING: lodash has known vulnerabilities",
          "=== Step save_cache completed ==="
        ]
      },
      {
        "name": "lint",
        "status": "success",
        "started_at": "2025-12-20T12:52:50.908321",
        "finished_at": "2025-12-20T12:53:02.688095",
        "log_lines": [
          "=== Step: lint ===",
          "\u2717 build failed with exit code 44",
          "Ran 158 tests in 13s",
          "Ran 132 tests in 21s",
          "[12:50:57] DEBUG: Initializing service",
          "Compiling src/app.ts...",
          "GET /api - 201 (18ms)",
          "Artifact downloaded: 22MB",
          "Installing webpack@1.3.6",
          "  PASS: test_db_connect (195ms)",
          "Environment: development",
          "[12:50:57] INFO: Processing request",
          "Pushing to registry...",
          "npm install: resolved 855 packages",
          "pip: Installing build dependencies...",
          "\u2713 Step 'setup' succeeded",
          "Already up to date.",
          "pip install: Successfully installed react-2.16",
          "npm notice: package.json updated",
          "Compiling lib/index.js...",
          "Compiling utils/index.js...",
          "TLS handshake completed",
          "[12:50:57] DEBUG: Initializing service",
          "Success!",
          "Finished.",
          "Cache restored successfully (111MB)",
          "Pulling image: node:3.11",
          "[12:50:57] DEBUG: Query executed in 59ms",
          "Completed.",
          "Connection established",
          "FAILED: test_db_connect",
          "Cache restored successfully (64MB)",
          "npm notice: package.json updated",
          "Cache saved successfully",
          "[12:50:57] DEBUG: Connection pool: 16 active",
          "Test Suites: 39 passed, 16 total",
          "Installing eslint@4.13.2",
          "Tests: 247 passed, 313 total",
          "Cache restored successfully (438MB)",
          "pip install: Successfully installed react-1.1",
          "Using Python 3.10",
          "Cache restored successfully (445MB)",
          "Step 20/22: Building",
          "[12:50:57] DEBUG: Connection pool: 4 active",
          "[12:50:57] INFO: Cache refreshed",
          "Ready.",
          "Verifying...",
          "OK",
          "Compiling components/main.py...",
          "Creating production build...",
          "Platform: darwin-arm64",
          "Coverage: 84% statements, 64% branches",
          "Verifying...",
          "Time: 70.794s",
          "  PASS: unit/test_cache_hit.spec.js",
          "\u2713 deploy completed",
          "[12:50:57] WARN: Deprecated API usage",
          "\u2713 All checks passed",
          "Environment: staging",
          "Time: 3.719s",
          "\u2713 Step 'build' succeeded",
          "[12:50:57] DEBUG: Memory usage: 1988MB",
          "npm install: resolved 150 packages",
          "[12:50:57] INFO: Starting build process",
          "[12:50:57] DEBUG: Memory usage: 836MB",
          "\u2713 lint completed",
          "TLS handshake completed",
          "FAILED: test_api_health",
          "Waiting...",
          "Cache hit for key-9761",
          "Finished.",
          "Creating production build...",
          "Ready.",
          "pip install: Successfully installed express-4.16",
          "Coverage: 90% statements, 60% branches",
          "Pushing to registry...",
          "  PASS: e2e/test_db_connect.spec.js",
          "pip: Downloading express-2.16.tar.gz",
          "\u2713 Step 'install' succeeded",
          "Platform: linux-x64",
          "\u26a0 DEPRECATION: Feature will be removed in v2.0",
          "Using Python 3.9",
          "yarn add: Done in 2.96s",
          "Artifact uploaded: dist.zip (7MB)",
          "Snapshots: 40 passed, 15 total",
          "Tests: 442 passed, 173 total",
          "[12:50:57] INFO: Request completed",
          "Completed.",
          "Artifact downloaded: 43MB",
          "Tests: 296 passed, 392 total",
          "Platform: linux-x64",
          "Verifying...",
          "HEAD is now at d84eeb2",
          "npm notice: package.json updated",
          "Uploading artifact 'dist' (13 files)",
          "Ready.",
          "Step 8/23: Linting",
          "Image pulled successfully",
          "Checking out master branch",
          "  PASS: unit/test_api_health.spec.js",
          "Image pulled successfully",
          "yarn add: Done in 15.95s",
          "[12:50:57] INFO: Processing request",
          "[12:50:57] WARN: Deprecated API usage",
          "Step 13/22: Deploying",
          "Environment: test",
          "pip: Installing build dependencies...",
          "Ran 30 tests in 60s",
          "[12:50:57] INFO: Connecting to database",
          "NODE_ENV=production",
          "npm install: resolved 849 packages",
          "Step 16/21: Testing",
          "POST /data - 202 (398ms)",
          "[12:50:57] WARN: Deprecated API usage",
          "Compiling src/app.ts...",
          "Cache miss for key-8872",
          "Cache invalidated: dependencies",
          "[12:50:57] INFO: Processing request",
          "Using Node.js 17.16.8",
          "Bundling styles.js",
          "Artifact uploaded: build.tar.gz (24MB)",
          "Processing...",
          "Loading...",
          "Completed.",
          "pip: Downloading lodash-1.15.tar.gz",
          "Creating production build...",
          "Cache saved successfully",
          "pip install: Successfully installed axios-5.11",
          "[12:50:57] DEBUG: Connection pool: 10 active",
          "Pushing to registry...",
          "Ready.",
          "[12:50:57] WARN: Deprecated API usage",
          "Bundling main.css",
          "Already up to date.",
          "Cache hit for key-4952",
          "Ready.",
          "Step 13/24: Building",
          "[12:50:57] INFO: Starting build process",
          "[12:50:57] DEBUG: Memory usage: 748MB",
          "npm notice: package.json updated",
          "\u2713 Step 'setup' succeeded",
          "Compiling src/handler.rs...",
          "  PASS: test_api_health (246ms)",
          "[12:50:57] INFO: Starting build process",
          "NODE_ENV=production",
          "Time: 52.639s",
          "Using Node.js 15.5.6",
          "=== Step lint completed ==="
        ]
      },
      {
        "name": "build",
        "status": "success",
        "started_at": "2025-12-20T12:53:02.688095",
        "finished_at": "2025-12-20T12:53:38.027417",
        "log_lines": [
          "=== Step: build ===",
          "Building Docker image...",
          "Cache saved successfully",
          "\u2713 Task completed in 2669ms",
          "Optimizing 80 modules...",
          "Environment: production",
          "Cache invalidated: build",
          "\u26a0 DEPRECATION: Feature will be removed in v5.0",
          "Step 8/16: Testing",
          "Step 20/20: Deploying",
          "Compiling src/utils.go...",
          "Done.",
          "Compiling lib/handler.rs...",
          "Cache restored successfully (200MB)",
          "Connection established",
          "Ran 84 tests in 34s",
          "\u26a0 DEPRECATION: Feature will be removed in v4.0",
          "pip: Downloading express-5.20.tar.gz",
          "Cache hit for key-6722",
          "Building Docker image...",
          "[12:50:57] ERROR: Connection failed",
          "[12:50:57] INFO: Cache refreshed",
          "Step 10/25: Testing",
          "[12:50:57] INFO: Starting build process",
          "Cache invalidated: dependencies",
          "HEAD is now at 47e148a",
          "[12:50:57] ERROR: Connection failed",
          "npm install: resolved 186 packages",
          "Done.",
          "Step 3/25: Linting",
          "WARNING: axios has known vulnerabilities",
          "[12:50:57] INFO: Cache refreshed",
          "  PASS: test_api_health (99ms)",
          "\u2713 Step 'install' succeeded",
          "[12:50:57] ERROR: Connection failed",
          "Transforming 646 files...",
          "Pushing to registry...",
          "pip: Downloading axios-4.12.tar.gz",
          "OK",
          "Minifying main.js",
          "Pushing to registry...",
          "Completed.",
          "Cache miss for key-9705",
          "[12:50:57] DEBUG: Memory usage: 845MB",
          "Uploading artifact 'build' (45 files)",
          "\u2713 All checks passed",
          "Processing...",
          "Cache saved successfully",
          "Uploading artifact 'coverage' (10 files)",
          "Done.",
          "Step 3/23: Linting",
          "Step 11/16: Building",
          "npm install: resolved 1961 packages",
          "NODE_ENV=test",
          "Using Python 3.12",
          "Environment: production",
          "npm notice: package.json updated",
          "Cache invalidated: dependencies",
          "[12:50:57] INFO: Request completed",
          "[12:50:57] WARN: Deprecated API usage",
          "Fetching submodules...",
          "Time: 87.779s",
          "NODE_ENV=test",
          "Step 1/16: Deploying",
          "Compiling components/utils.go...",
          "[12:50:57] ERROR: Connection failed",
          "Bundling main.css",
          "Installing express@2.14.7",
          "GET /status - 200 (23ms)",
          "  PASS: test_db_connect (493ms)",
          "[12:50:57] INFO: Starting build process",
          "npm install: resolved 238 packages",
          "WARNING: prettier has known vulnerabilities",
          "[12:50:57] WARN: Deprecated API usage",
          "FAILED: test_auth_login",
          "Time: 95.175s",
          "Installing webpack@1.14.8",
          "Artifact downloaded: 17MB",
          "Switched to branch 'feature/task-243'",
          "Uploading artifact 'build' (1 files)",
          "[12:50:57] DEBUG: Memory usage: 1119MB",
          "Generating source maps...",
          "Loading...",
          "Compiling components/service.java...",
          "Cache restored successfully (468MB)",
          "\u2713 All checks passed",
          "Artifact uploaded: dist.zip (91MB)",
          "GET /api - 204 (19ms)",
          "Verifying...",
          "yarn add: Done in 7.40s",
          "  PASS: e2e/test_user_create.spec.js",
          "Installing react@1.4.4",
          "Optimizing 33 modules...",
          "Compiling src/handler.rs...",
          "Pushing to registry...",
          "Finished.",
          "Step 4/15: Installing dependencies",
          "Step 12/19: Installing dependencies",
          "Connection established",
          "Completed.",
          "Step 2/17: Deploying",
          "Compiling src/index.js...",
          "HEAD is now at 2106f8c",
          "Uploading artifact 'dist' (40 files)",
          "Tests: 358 passed, 326 total",
          "Artifact downloaded: 31MB",
          "HEAD is now at 80647b8",
          "POST /api - 201 (294ms)",
          "Connection established",
          "pip: Installing build dependencies...",
          "[12:50:57] DEBUG: Loading configuration",
          "Checking out develop branch",
          "Compiling src/main.py...",
          "[12:50:57] DEBUG: Query executed in 20ms",
          "Success!",
          "Ran 125 tests in 3s",
          "Completed.",
          "\u2717 build failed with exit code 120",
          "Processing...",
          "Checking out master branch",
          "Tests: 485 passed, 146 total",
          "OK",
          "npm install: added 203 packages",
          "pip: Collecting axios",
          "Verifying...",
          "  PASS: test_auth_login (142ms)",
          "Generating source maps...",
          "Step 6/22: Building",
          "Switched to branch 'bugfix/task-865'",
          "Pulling image: alpine:3.11",
          "Artifact uploaded: build.tar.gz (1MB)",
          "Artifact downloaded: 11MB",
          "Time: 99.79s",
          "Success!",
          "[12:50:57] DEBUG: Initializing service",
          "Artifact uploaded: dist.zip (92MB)",
          "[12:50:57] DEBUG: Initializing service",
          "pip: Installing build dependencies...",
          "Platform: darwin-arm64",
          "Platform: win32-x64",
          "\u2713 Step 'test' succeeded",
          "Processing...",
          "FAILED: test_api_health",
          "Building Docker image...",
          "npm notice: package.json updated",
          "Environment: development",
          "Ran 90 tests in 48s",
          "=== Step build completed ==="
        ]
      },
      {
        "name": "type_check",
        "status": "success",
        "started_at": "2025-12-20T12:53:38.027417",
        "finished_at": "2025-12-20T12:53:49.807191",
        "log_lines": [
          "=== Step: type_check ===",
          "Fetching from https://githubusercontent.com/package.json",
          "TLS handshake completed",
          "Waiting...",
          "Step 14/20: Building",
          "\u26a0 DEPRECATION: Feature will be removed in v2.0",
          "Compiling components/utils.go...",
          "npm install: added 66 packages",
          "Artifact uploaded: dist.zip (82MB)",
          "\u2713 Task completed in 3691ms",
          "Minifying vendor.js",
          "\u2713 validate completed",
          "Cache hit for key-9708",
          "Using Python 3.9",
          "POST /data - 200 (445ms)",
          "Test Suites: 35 passed, 15 total",
          "Loading...",
          "npm notice: package.json updated",
          "Artifact uploaded: dist.zip (62MB)",
          "yarn add: Done in 6.80s",
          "Cache miss for key-9817",
          "\u2713 validate completed",
          "POST /data - 201 (186ms)",
          "Compiling lib/app.ts...",
          "Generating source maps...",
          "  PASS: test_db_connect (381ms)",
          "Checking out main branch",
          "Ready.",
          "Bundling vendor.js",
          "Fetching from https://npmjs.org/package.json",
          "Step 18/24: Linting",
          "Artifact downloaded: 16MB",
          "Step 20/24: Testing",
          "Environment: production",
          "Cache miss for key-9577",
          "Optimizing 100 modules...",
          "  PASS: integration/test_user_create.spec.js",
          "Artifact downloaded: 25MB",
          "Switched to branch 'hotfix/task-919'",
          "Compiling lib/main.py...",
          "Bundling styles.css",
          "Uploading artifact 'dist' (13 files)",
          "[12:50:57] DEBUG: Memory usage: 1157MB",
          "Checking out main branch",
          "Compiling lib/handler.rs...",
          "Using Node.js 16.2.5",
          "pip: Downloading lodash-5.6.tar.gz",
          "Cache restored successfully (451MB)",
          "Compiling lib/app.ts...",
          "Creating production build...",
          "pip: Collecting axios",
          "Pulling image: alpine:latest",
          "OK",
          "[12:50:57] DEBUG: Connection pool: 2 active",
          "Step 11/19: Installing dependencies",
          "[12:50:57] INFO: Starting build process",
          "Step 17/15: Building",
          "[12:50:57] DEBUG: Query executed in 8ms",
          "Cache restored successfully (323MB)",
          "Verifying...",
          "HEAD is now at 38864ab",
          "[12:50:57] WARN: Deprecated API usage",
          "Connection established",
          "Coverage: 88% statements, 86% branches",
          "Minifying vendor.js",
          "Already up to date.",
          "Step 8/18: Installing dependencies",
          "Step 19/23: Running migrations",
          "Waiting...",
          "Pushing to registry...",
          "npm notice: package.json updated",
          "Finished.",
          "OK",
          "Cache miss for key-5950",
          "Ran 13 tests in 8s",
          "\u2713 All checks passed",
          "WARNING: webpack has known vulnerabilities",
          "Cache invalidated: node_modules",
          "Building Docker image...",
          "WARNING: jest has known vulnerabilities",
          "OK",
          "Compiling components/app.ts...",
          "[12:50:57] DEBUG: Initializing service",
          "Time: 5.936s",
          "Generating source maps...",
          "TLS handshake completed",
          "Ready.",
          "[12:50:57] DEBUG: Loading configuration",
          "Step 3/19: Linting",
          "Cache restored successfully (243MB)",
          "Step 11/22: Running migrations",
          "Step 17/22: Testing",
          "Snapshots: 45 passed, 18 total",
          "Test Suites: 8 passed, 11 total",
          "Compiling src/app.ts...",
          "pip: Collecting axios",
          "npm install: resolved 1029 packages",
          "Fetching submodules...",
          "[12:50:57] INFO: Cache refreshed",
          "Platform: win32-x64",
          "Platform: linux-x64",
          "[12:50:57] INFO: Request completed",
          "Checking out main branch",
          "Step 3/20: Linting",
          "[12:50:57] DEBUG: Query executed in 23ms",
          "Tests: 86 passed, 418 total",
          "Pushing to registry...",
          "Verifying...",
          "OK",
          "Finished.",
          "Success!",
          "POST /data - 200 (332ms)",
          "Optimizing 32 modules...",
          "\u2713 All checks passed",
          "\u2717 build failed with exit code 87",
          "Loading...",
          "NODE_ENV=development",
          "Fetching submodules...",
          "Ready.",
          "Cache hit for key-2976",
          "Layer 2/12: COPY command",
          "Finished.",
          "Installing axios@2.4.7",
          "TLS handshake completed",
          "[12:50:57] WARN: Deprecated API usage",
          "\u26a0 DEPRECATION: Feature will be removed in v5.0",
          "NODE_ENV=test",
          "pip: Collecting react",
          "\u2713 All checks passed",
          "[12:50:57] INFO: Starting build process",
          "Snapshots: 28 passed, 36 total",
          "\u2713 Step 'build' succeeded",
          "pip: Collecting express",
          "yarn add: Done in 14.72s",
          "HEAD is now at e4e207d",
          "Already up to date.",
          "Transforming 883 files...",
          "[12:50:57] INFO: Cache refreshed",
          "WARNING: react has known vulnerabilities",
          "Done.",
          "yarn add: Done in 18.19s",
          "NODE_ENV=test",
          "Ran 173 tests in 28s",
          "OK",
          "Transforming 742 files...",
          "Compiling lib/utils.go...",
          "[12:50:57] DEBUG: Initializing service",
          "=== Step type_check completed ==="
        ]
      },
      {
        "name": "setup_node",
        "status": "success",
        "started_at": "2025-12-20T12:53:49.807191",
        "finished_at": "2025-12-20T12:54:01.586965",
        "log_lines": [
          "=== Step: setup_node ===",
          "Artifact uploaded: build.tar.gz (2MB)",
          "Installing axios@3.0.8",
          "Step 7/17: Testing",
          "Loading...",
          "Cache restored successfully (98MB)",
          "Using Python 3.12",
          "Compiling lib/index.js...",
          "OK",
          "pip: Collecting webpack",
          "pip: Installing build dependencies...",
          "\u2713 Task completed in 1601ms",
          "  PASS: test_user_create (458ms)",
          "Ran 140 tests in 47s",
          "\u26a0 DEPRECATION: Feature will be removed in v5.0",
          "pip: Collecting eslint",
          "\u26a0 DEPRECATION: Feature will be removed in v3.0",
          "Done.",
          "Compiling src/utils.go...",
          "[12:50:57] DEBUG: Query executed in 28ms",
          "FAILED: test_db_connect",
          "[12:50:57] DEBUG: Loading configuration",
          "pip install: Successfully installed lodash-2.11",
          "npm install: added 496 packages",
          "WARNING: express has known vulnerabilities",
          "Optimizing 77 modules...",
          "Artifact uploaded: build.tar.gz (13MB)",
          "  PASS: test_db_connect (293ms)",
          "Loading...",
          "Environment: development",
          "[12:50:57] INFO: Request completed",
          "Cache hit for key-1849",
          "Success!",
          "Coverage: 96% statements, 72% branches",
          "Compiling lib/app.ts...",
          "Fetching from https://registry.npmjs.org/package.json",
          "Transforming 524 files...",
          "Fetching submodules...",
          "npm notice: created a lockfile",
          "Building Docker image...",
          "Cache hit for key-7406",
          "[12:50:57] WARN: Deprecated API usage",
          "Generating source maps...",
          "Step 5/16: Testing",
          "Cache invalidated: dependencies",
          "[12:50:57] DEBUG: Loading configuration",
          "Artifact uploaded: dist.zip (100MB)",
          "Ran 151 tests in 26s",
          "Uploading artifact 'build' (7 files)",
          "Cache saved successfully",
          "[12:50:57] DEBUG: Loading configuration",
          "\u2713 Task completed in 3963ms",
          "[12:50:57] INFO: Request completed",
          "Checking out develop branch",
          "WARNING: webpack has known vulnerabilities",
          "Fetching submodules...",
          "POST /api - 202 (362ms)",
          "Artifact uploaded: dist.zip (90MB)",
          "\u2717 build failed with exit code 49",
          "Verifying...",
          "Loading...",
          "Already up to date.",
          "Compiling src/index.js...",
          "\u2717 build failed with exit code 122",
          "Artifact uploaded: dist.zip (68MB)",
          "[12:50:57] INFO: Request completed",
          "pip: Downloading prettier-1.15.tar.gz",
          "Transforming 380 files...",
          "Generating source maps...",
          "Ready.",
          "FAILED: test_api_health",
          "Success!",
          "[12:50:57] WARN: Deprecated API usage",
          "\u26a0 DEPRECATION: Feature will be removed in v4.0",
          "Waiting...",
          "Verifying...",
          "Cache miss for key-8917",
          "Pushing to registry...",
          "WARNING: express has known vulnerabilities",
          "\u26a0 DEPRECATION: Feature will be removed in v2.0",
          "Waiting...",
          "\u26a0 DEPRECATION: Feature will be removed in v4.0",
          "Switched to branch 'hotfix/task-134'",
          "\u2713 Step 'setup' succeeded",
          "Artifact downloaded: 8MB",
          "Step 8/17: Linting",
          "npm notice: created a lockfile",
          "Success!",
          "Cache restored successfully (188MB)",
          "Waiting...",
          "Artifact uploaded: dist.zip (54MB)",
          "Step 10/21: Installing dependencies",
          "Compiling lib/app.ts...",
          "Fetching submodules...",
          "npm install: resolved 1729 packages",
          "Minifying app.js",
          "Environment: staging",
          "Connection established",
          "[12:50:57] DEBUG: Query executed in 75ms",
          "\u2713 Step 'install' succeeded",
          "Time: 38.275s",
          "Cache hit for key-4601",
          "[12:50:57] DEBUG: Initializing service",
          "Platform: linux-x64",
          "npm notice: package.json updated",
          "Processing...",
          "[12:50:57] INFO: Starting build process",
          "Exception: ValueError",
          "FAILED: test_db_connect",
          "Building Docker image...",
          "[12:50:57] ERROR: Connection failed",
          "Pulling image: alpine:18",
          "Switched to branch 'bugfix/task-465'",
          "\u2713 Task completed in 824ms",
          "Image pulled successfully",
          "npm install: resolved 114 packages",
          "Step 11/21: Testing",
          "Image pulled successfully",
          "\u26a0 DEPRECATION: Feature will be removed in v5.0",
          "Step 16/17: Deploying",
          "HEAD is now at 94c9cd2",
          "POST /data - 202 (322ms)",
          "\u26a0 DEPRECATION: Feature will be removed in v2.0",
          "npm install: added 499 packages",
          "Environment: staging",
          "npm install: resolved 512 packages",
          "[12:50:57] INFO: Processing request",
          "Artifact uploaded: build.tar.gz (21MB)",
          "Compiling components/service.java...",
          "Step 17/22: Installing dependencies",
          "Cache hit for key-5712",
          "Pulling image: node:18",
          "Compiling lib/handler.rs...",
          "\u26a0 DEPRECATION: Feature will be removed in v5.0",
          "WARNING: jest has known vulnerabilities",
          "Optimizing 53 modules...",
          "Completed.",
          "[12:50:57] WARN: Deprecated API usage",
          "Transforming 748 files...",
          "Pushing to registry...",
          "[12:50:57] DEBUG: Connection pool: 4 active",
          "\u2713 All checks passed",
          "Image pulled successfully",
          "Step 19/20: Running migrations",
          "Compiling src/app.ts...",
          "\u2717 build failed with exit code 5",
          "Cache miss for key-8745",
          "=== Step setup_node completed ==="
        ]
      },
      {
        "name": "deploy_production",
        "status": "success",
        "started_at": "2025-12-20T12:54:01.586965",
        "finished_at": "2025-12-20T12:54:06.298875",
        "log_lines": [
          "=== Step: deploy_production ===",
          "Environment: production",
          "Cache saved successfully",
          "Switched to branch 'bugfix/task-134'",
          "Transforming 373 files...",
          "[12:50:57] WARN: Deprecated API usage",
          "Ready.",
          "POST /data - 202 (165ms)",
          "npm notice: created a lockfile",
          "[12:50:57] INFO: Starting build process",
          "[12:50:57] DEBUG: Query executed in 13ms",
          "Loading...",
          "Ran 193 tests in 57s",
          "[12:50:57] DEBUG: Connection pool: 12 active",
          "Compiling src/utils.go...",
          "pip: Installing build dependencies...",
          "Test Suites: 39 passed, 15 total",
          "Already up to date.",
          "Completed.",
          "\u26a0 DEPRECATION: Feature will be removed in v4.0",
          "Generating source maps...",
          "Building Docker image...",
          "Exception: ValueError",
          "Step 1/19: Linting",
          "Step 12/20: Building",
          "npm notice: package.json updated",
          "Generating source maps...",
          "pip: Installing build dependencies...",
          "FAILED: test_auth_login",
          "Minifying app.js",
          "Coverage: 80% statements, 84% branches",
          "Compiling components/index.js...",
          "\u2713 deploy completed",
          "GET /api - 204 (56ms)",
          "GET /health - 204 (12ms)",
          "\u2713 lint completed",
          "Completed.",
          "Installing lodash@4.9.4",
          "pip: Downloading eslint-4.12.tar.gz",
          "Artifact downloaded: 33MB",
          "\u26a0 DEPRECATION: Feature will be removed in v5.0",
          "Connection established",
          "[12:50:57] DEBUG: Query executed in 10ms",
          "Cache invalidated: dependencies",
          "Loading...",
          "GET /status - 204 (25ms)",
          "WARNING: eslint has known vulnerabilities",
          "Compiling components/main.py...",
          "yarn add: Done in 16.79s",
          "Step 10/16: Deploying",
          "Installing webpack@3.0.8",
          "Cache invalidated: node_modules",
          "Success!",
          "Verifying...",
          "\u2713 Task completed in 791ms",
          "yarn add: Done in 16.59s",
          "NODE_ENV=production",
          "Building Docker image...",
          "Finished.",
          "Cache saved successfully",
          "Tests: 162 passed, 460 total",
          "Compiling src/utils.go...",
          "[12:50:57] INFO: Processing request",
          "Layer 7/11: RUN command",
          "[12:50:57] ERROR: Connection failed",
          "npm notice: package.json updated",
          "Loading...",
          "Step 9/16: Building",
          "Cache miss for key-4008",
          "Layer 6/12: RUN command",
          "Ready.",
          "Bundling main.js",
          "Compiling components/utils.go...",
          "[12:50:57] WARN: Deprecated API usage",
          "[12:50:57] DEBUG: Loading configuration",
          "WARNING: webpack has known vulnerabilities",
          "Success!",
          "[12:50:57] WARN: Deprecated API usage",
          "Transforming 819 files...",
          "Artifact uploaded: dist.zip (48MB)",
          "POST /api - 202 (378ms)",
          "\u26a0 DEPRECATION: Feature will be removed in v3.0",
          "Artifact uploaded: build.tar.gz (43MB)",
          "Using Node.js 16.9.2",
          "OK",
          "Loading...",
          "pip: Collecting axios",
          "\u2713 All checks passed",
          "Bundling vendor.js",
          "Snapshots: 4 passed, 6 total",
          "\u26a0 DEPRECATION: Feature will be removed in v3.0",
          "npm notice: created a lockfile",
          "Uploading artifact 'coverage' (27 files)",
          "Minifying app.js",
          "Transforming 816 files...",
          "Snapshots: 2 passed, 11 total",
          "[12:50:57] DEBUG: Memory usage: 725MB",
          "HEAD is now at 7e6d201",
          "Cache invalidated: dependencies",
          "Fetching submodules...",
          "  PASS: test_cache_hit (435ms)",
          "Time: 57.779s",
          "Step 10/20: Building",
          "pip: Downloading axios-4.14.tar.gz",
          "Environment: production",
          "Step 2/15: Testing",
          "[12:50:57] INFO: Connecting to database",
          "Using Python 3.12",
          "OK",
          "Ready.",
          "WARNING: webpack has known vulnerabilities",
          "\u2713 All checks passed",
          "  PASS: test_user_create (206ms)",
          "[12:50:57] DEBUG: Loading configuration",
          "[12:50:57] INFO: Connecting to database",
          "Artifact uploaded: dist.zip (75MB)",
          "Ready.",
          "[12:50:57] WARN: Deprecated API usage",
          "Cache restored successfully (215MB)",
          "Step 9/19: Testing",
          "Success!",
          "Step 8/20: Running migrations",
          "Pulling image: alpine:latest",
          "GET /health - 201 (33ms)",
          "WARNING: eslint has known vulnerabilities",
          "Connection established",
          "Finished.",
          "Creating production build...",
          "pip: Collecting eslint",
          "Compiling lib/utils.go...",
          "Ready.",
          "\u2717 build failed with exit code 60",
          "[12:50:57] WARN: Deprecated API usage",
          "Minifying vendor.js",
          "[12:50:57] INFO: Connecting to database",
          "FAILED: test_auth_login",
          "Fetching submodules...",
          "Snapshots: 31 passed, 13 total",
          "[12:50:57] DEBUG: Loading configuration",
          "Fetching from https://amazonaws.com/package.json",
          "Checking out develop branch",
          "GET /status - 201 (38ms)",
          "Loading...",
          "Finished.",
          "Checking out develop branch",
          "[12:50:57] INFO: Connecting to database",
          "FAILED: test_api_health",
          "=== Step deploy_production completed ==="
        ]
      },
      {
        "name": "deploy_staging",
        "status": "success",
        "started_at": "2025-12-20T12:54:06.298875",
        "finished_at": "2025-12-20T12:54:18.078649",
        "log_lines": [
          "=== Step: deploy_staging ===",
          "Compiling lib/app.ts...",
          "Cache miss for key-3828",
          "Cache hit for key-9178",
          "[12:50:57] INFO: Cache refreshed",
          "[12:50:57] INFO: Request completed",
          "Success!",
          "Creating production build...",
          "Pushing to registry...",
          "Pushing to registry...",
          "[12:50:57] WARN: Deprecated API usage",
          "npm install: added 227 packages",
          "Using Node.js 20.5.7",
          "Loading...",
          "[12:50:57] INFO: Connecting to database",
          "npm install: resolved 957 packages",
          "Cache saved successfully",
          "Compiling components/main.py...",
          "[12:50:57] ERROR: Connection failed",
          "Using Node.js 19.5.9",
          "Pushing to registry...",
          "Image pulled successfully",
          "Switched to branch 'hotfix/task-711'",
          "Step 18/19: Installing dependencies",
          "WARNING: axios has known vulnerabilities",
          "Already up to date.",
          "\u26a0 DEPRECATION: Feature will be removed in v4.0",
          "Layer 8/10: COPY command",
          "\u2713 All checks passed",
          "Using Python 3.11",
          "Coverage: 79% statements, 77% branches",
          "Snapshots: 32 passed, 5 total",
          "Installing react@1.13.1",
          "Building Docker image...",
          "yarn add: Done in 10.82s",
          "Platform: darwin-arm64",
          "Time: 4.411s",
          "WARNING: jest has known vulnerabilities",
          "Step 8/16: Installing dependencies",
          "Done.",
          "Pulling image: node:3.11",
          "Test Suites: 22 passed, 43 total",
          "\u2713 Step 'setup' succeeded",
          "Cache restored successfully (200MB)",
          "Bundling styles.css",
          "Optimizing 13 modules...",
          "Bundling styles.js",
          "Cache invalidated: dependencies",
          "NODE_ENV=test",
          "pip install: Successfully installed lodash-1.9",
          "Snapshots: 15 passed, 34 total",
          "\u2717 build failed with exit code 42",
          "Finished.",
          "Installing axios@4.2.6",
          "Step 9/15: Linting",
          "Switched to branch 'hotfix/task-361'",
          "Environment: development",
          "Cache hit for key-8482",
          "\u2713 Step 'install' succeeded",
          "Snapshots: 42 passed, 40 total",
          "Compiling components/main.py...",
          "Waiting...",
          "Cache miss for key-4545",
          "[12:50:57] DEBUG: Memory usage: 344MB",
          "\u2713 All checks passed",
          "Uploading artifact 'build' (5 files)",
          "\u2713 Step 'checkout' succeeded",
          "Pulling image: python:latest",
          "Loading...",
          "Fetching from https://gcr.io/package.json",
          "Step 10/25: Building",
          "Pulling image: alpine:latest",
          "Success!",
          "Artifact uploaded: dist.zip (52MB)",
          "Exception: NullPointerException",
          "Step 10/25: Running migrations",
          "Success!",
          "Cache saved successfully",
          "Environment: staging",
          "Checking out main branch",
          "Environment: development",
          "Artifact uploaded: dist.zip (38MB)",
          "\u2713 All checks passed",
          "Step 6/15: Linting",
          "HEAD is now at e8b3fd4",
          "\u2713 All checks passed",
          "Cache restored successfully (46MB)",
          "Switched to branch 'hotfix/task-341'",
          "TLS handshake completed",
          "npm install: added 69 packages",
          "FAILED: test_api_health",
          "Success!",
          "\u2717 build failed with exit code 124",
          "Pulling image: python:3.11",
          "Cache restored successfully (373MB)",
          "Processing...",
          "[12:50:57] DEBUG: Connection pool: 1 active",
          "Loading...",
          "yarn add: Done in 19.68s",
          "Using Python 3.9",
          "Tests: 486 passed, 81 total",
          "Artifact uploaded: dist.zip (6MB)",
          "pip: Downloading webpack-5.11.tar.gz",
          "Step 18/25: Installing dependencies",
          "Layer 2/14: COPY command",
          "Using Node.js 20.6.8",
          "[12:50:57] WARN: Deprecated API usage",
          "Compiling components/utils.go...",
          "Exception: NullPointerException",
          "Cache hit for key-2367",
          "Processing...",
          "GET /status - 200 (57ms)",
          "HEAD is now at 48d10bc",
          "yarn add: Done in 24.33s",
          "Artifact uploaded: build.tar.gz (36MB)",
          "Coverage: 94% statements, 63% branches",
          "Step 18/20: Testing",
          "Cache miss for key-8155",
          "HEAD is now at 38f712d",
          "[12:50:57] DEBUG: Initializing service",
          "Connection established",
          "Step 5/20: Running migrations",
          "Compiling utils/service.java...",
          "Minifying vendor.js",
          "Cache restored successfully (464MB)",
          "Transforming 529 files...",
          "npm install: resolved 1773 packages",
          "pip install: Successfully installed webpack-2.8",
          "Test Suites: 47 passed, 21 total",
          "Artifact downloaded: 7MB",
          "npm install: added 443 packages",
          "Artifact uploaded: build.tar.gz (10MB)",
          "OK",
          "Processing...",
          "\u26a0 DEPRECATION: Feature will be removed in v5.0",
          "\u26a0 DEPRECATION: Feature will be removed in v5.0",
          "\u2713 test completed",
          "Using Python 3.12",
          "Cache hit for key-8104",
          "Fetching submodules...",
          "pip: Collecting express",
          "npm install: added 29 packages",
          "Step 16/20: Installing dependencies",
          "pip: Installing build dependencies...",
          "Step 3/18: Installing dependencies",
          "Fetching submodules...",
          "Layer 2/9: ENV command",
          "=== Step deploy_staging completed ==="
        ]
      }
    ],
    "label": "normal"
  }
}