{
  "action": "completed",
  "workflow_run": {
    "id": 255,
    "name": "CI Pipeline",
    "head_branch": "main",
    "head_sha": "cddaaa1738a367ed2a3847ef0cdbe4461d15bd1a",
    "status": "completed",
    "conclusion": "success",
    "run_started_at": "2025-11-18T23:44:25.898329Z",
    "updated_at": "2025-11-18T23:46:26.626153Z"
  },
  "repository": {
    "full_name": "acme-corp/data-pipeline",
    "name": "data-pipeline"
  },
  "sender": {
    "login": "henry"
  },
  "_safeops_extended": {
    "raw_logs": "=== Step: checkout ===\n  PASS: test_auth_login (481ms)\nWARNING: express has known vulnerabilities\nCache hit for key-9284\n  PASS: test_auth_login (166ms)\n[23:44:25] INFO: Processing request\nInstalling axios@5.9.0\nCache hit for key-7722\nInstalling axios@2.0.0\n  PASS: test_api_health (142ms)\n  PASS: test_api_health (381ms)\n[23:44:25] INFO: Processing request\nStep 8/10: Building\n\u26a0 DEPRECATION: Feature will be removed in v5.0\n[23:44:25] INFO: Processing request\n[23:44:25] INFO: Processing request\nInstalling prettier@2.4.0\nCache hit for key-1440\n\u2713 test completed\n\u2713 build completed\nCompiling src/main.py...\n[23:44:25] ERROR: Connection failed\nStep 3/10: Building\nCompiling src/handler.rs...\nArtifact uploaded: build.tar.gz (43MB)\nArtifact uploaded: build.tar.gz (26MB)\nInstalling lodash@1.5.0\nCache hit for key-3692\nInstalling lodash@2.12.0\n  PASS: test_db_connect (175ms)\nCompiling src/main.py...\nCompiling src/main.py...\nCache hit for key-6797\n  PASS: test_api_health (154ms)\n\u26a0 DEPRECATION: Feature will be removed in v2.0\nArtifact uploaded: build.tar.gz (19MB)\nCache hit for key-7357\nInstalling jest@5.20.0\nCompiling src/utils.go...\nArtifact uploaded: build.tar.gz (39MB)\n\u2713 lint completed\n[23:44:25] INFO: Processing request\n\u2713 test completed\nInstalling axios@3.5.0\nCompiling src/main.py...\nInstalling express@3.0.0\n\u2713 build completed\nCache hit for key-4090\nInstalling jest@1.16.0\n  PASS: test_auth_login (299ms)\n[23:44:25] INFO: Processing request\n\u2713 build completed\nCompiling src/index.js...\nArtifact uploaded: build.tar.gz (41MB)\nInstalling react@4.10.0\nArtifact uploaded: build.tar.gz (14MB)\n[23:44:25] INFO: Processing request\n\u2713 test completed\nWARNING: eslint has known vulnerabilities\n\u2713 lint completed\n[23:44:25] WARN: Deprecated API usage\nCache hit for key-9452\n  PASS: test_api_health (49ms)\nCache hit for key-1334\nArtifact uploaded: build.tar.gz (11MB)\n=== Step checkout completed ===\n=== Step: setup_environment ===\nCompiling src/service.java...\n  PASS: test_user_create (137ms)\n  PASS: test_api_health (265ms)\nCache hit for key-6783\nException: TypeError\nCompiling src/service.java...\nCompiling src/main.py...\n\u2713 lint completed\n\u2713 test completed\n[23:44:25] WARN: Deprecated API usage\n\u2713 lint completed\n  PASS: test_user_create (347ms)\n  PASS: test_auth_login (144ms)\nInstalling eslint@1.0.0\n  PASS: test_api_health (476ms)\nCache hit for key-9949\n[23:44:25] INFO: Processing request\nArtifact uploaded: build.tar.gz (12MB)\nCache hit for key-6391\n\u2717 build failed with exit code 72\nStep 5/10: Building\n[23:44:25] ERROR: Connection failed\n[23:44:25] INFO: Processing request\nCache hit for key-6547\nCache hit for key-7415\nCompiling src/index.js...\nWARNING: webpack has known vulnerabilities\nCache hit for key-5564\nStep 5/10: Building\n\u2713 lint completed\n[23:44:25] INFO: Processing request\nWARNING: express has known vulnerabilities\n\u2713 test completed\nInstalling prettier@4.19.0\n[23:44:25] INFO: Processing request\n[23:44:25] INFO: Processing request\nInstalling express@1.14.0\n  PASS: test_cache_hit (200ms)\nArtifact uploaded: build.tar.gz (38MB)\n\u26a0 DEPRECATION: Feature will be removed in v2.0\nStep 7/10: Building\n[23:44:25] INFO: Processing request\nException: TypeError\nStep 6/10: Building\nStep 6/10: Building\n[23:44:25] WARN: Deprecated API usage\nArtifact uploaded: build.tar.gz (1MB)\n[23:44:25] INFO: Processing request\nInstalling jest@3.16.0\n\u2713 build completed\nCache hit for key-5250\nCache hit for key-9951\nInstalling react@4.18.0\n[23:44:25] INFO: Processing request\nException: RuntimeError\n  PASS: test_db_connect (107ms)\nStep 10/10: Building\nCompiling src/utils.go...\nException: TypeError\n[23:44:25] INFO: Processing request\n\u26a0 DEPRECATION: Feature will be removed in v5.0\nCompiling src/app.ts...\nCompiling src/handler.rs...\nCache hit for key-7293\n=== Step setup_environment completed ===\n=== Step: install_dependencies ===\nCompiling src/main.py...\nStep 5/10: Building\nStep 10/10: Building\nArtifact uploaded: build.tar.gz (46MB)\n\u2713 test completed\nCache hit for key-2234\n  PASS: test_auth_login (44ms)\nArtifact uploaded: build.tar.gz (3MB)\n[23:44:25] INFO: Processing request\n  PASS: test_api_health (469ms)\n\u2717 build failed with exit code 111\nCompiling src/index.js...\nCache hit for key-8126\nCache hit for key-7932\n  PASS: test_auth_login (144ms)\n[23:44:25] INFO: Processing request\n  PASS: test_cache_hit (310ms)\nInstalling webpack@1.17.0\nInstalling prettier@4.17.0\nInstalling webpack@5.7.0\nCache hit for key-9637\n  PASS: test_user_create (335ms)\nCache hit for key-3269\n[23:44:25] INFO: Processing request\nCompiling src/index.js...\nInstalling jest@5.6.0\n  PASS: test_user_create (349ms)\n[23:44:25] INFO: Processing request\nFAILED: test_db_connect\n[23:44:25] INFO: Processing request\n\u2713 test completed\nArtifact uploaded: build.tar.gz (21MB)\n\u2713 build completed\nCache hit for key-4523\nArtifact uploaded: build.tar.gz (48MB)\nCompiling src/app.ts...\nCompiling src/service.java...\n  PASS: test_user_create (405ms)\nStep 5/10: Building\n\u2713 test completed\n  PASS: test_db_connect (103ms)\nStep 3/10: Building\nStep 5/10: Building\nCompiling src/main.py...\nStep 9/10: Building\nStep 3/10: Building\nInstalling jest@1.16.0\nInstalling webpack@2.8.0\n[23:44:25] INFO: Processing request\n[23:44:25] INFO: Processing request\nCompiling src/handler.rs...\n  PASS: test_db_connect (92ms)\n\u2713 build completed\nCompiling src/utils.go...\nCompiling src/app.ts...\nWARNING: lodash has known vulnerabilities\nInstalling express@3.2.0\nArtifact uploaded: build.tar.gz (43MB)\nInstalling jest@5.6.0\n\u2713 lint completed\nCache hit for key-8934\nStep 3/10: Building\nCompiling src/utils.go...\nInstalling eslint@4.2.0\n=== Step install_dependencies completed ===\n=== Step: run_tests ===\n  PASS: test_cache_hit (231ms)\nStep 1/10: Building\n  PASS: test_db_connect (409ms)\n  PASS: test_db_connect (210ms)\n[23:44:25] INFO: Processing request\nStep 8/10: Building\n[23:44:25] INFO: Processing request\n  PASS: test_cache_hit (446ms)\n[23:44:25] WARN: Deprecated API usage\nStep 1/10: Building\nArtifact uploaded: build.tar.gz (31MB)\n  PASS: test_cache_hit (23ms)\nInstalling axios@1.12.0\nArtifact uploaded: build.tar.gz (28MB)\nArtifact uploaded: build.tar.gz (16MB)\n\u2713 lint completed\n  PASS: test_api_health (361ms)\nStep 3/10: Building\nArtifact uploaded: build.tar.gz (26MB)\nCache hit for key-5039\nStep 8/10: Building\nStep 2/10: Building\nArtifact uploaded: build.tar.gz (1MB)\nCache hit for key-8058\nCompiling src/main.py...\nStep 5/10: Building\nCompiling src/main.py...\nStep 7/10: Building\n  PASS: test_db_connect (190ms)\nCompiling src/index.js...\nCompiling src/handler.rs...\n  PASS: test_cache_hit (204ms)\nArtifact uploaded: build.tar.gz (17MB)\n  PASS: test_db_connect (294ms)\n[23:44:25] INFO: Processing request\nCache hit for key-3875\nArtifact uploaded: build.tar.gz (11MB)\nStep 7/10: Building\nArtifact uploaded: build.tar.gz (13MB)\nWARNING: react has known vulnerabilities\n\u26a0 DEPRECATION: Feature will be removed in v4.0\nCompiling src/handler.rs...\n  PASS: test_db_connect (267ms)\nCompiling src/handler.rs...\nArtifact uploaded: build.tar.gz (35MB)\nInstalling eslint@4.0.0\nInstalling webpack@4.16.0\nInstalling axios@3.13.0\nCompiling src/service.java...\nStep 3/10: Building\nCache hit for key-6866\nArtifact uploaded: build.tar.gz (4MB)\n\u2713 test completed\nArtifact uploaded: build.tar.gz (43MB)\nInstalling react@2.3.0\n  PASS: test_auth_login (293ms)\nCompiling src/main.py...\n  PASS: test_auth_login (186ms)\n[23:44:25] INFO: Processing request\nCache hit for key-5721\nCache hit for key-7898\nFAILED: test_user_create\n\u2713 test completed\n[23:44:25] INFO: Processing request\n=== Step run_tests completed ===\n=== Step: build_artifact ===\n  PASS: test_cache_hit (195ms)\n[23:44:25] INFO: Processing request\nCompiling src/app.ts...\n[23:44:25] INFO: Processing request\n\u26a0 DEPRECATION: Feature will be removed in v5.0\nCache hit for key-7805\n[23:44:25] WARN: Deprecated API usage\nInstalling axios@2.11.0\n[23:44:25] INFO: Processing request\nStep 9/10: Building\n  PASS: test_user_create (71ms)\n[23:44:25] INFO: Processing request\nInstalling eslint@3.8.0\nStep 3/10: Building\n\u2713 build completed\n  PASS: test_cache_hit (427ms)\n\u2713 lint completed\n\u2713 build completed\nCache hit for key-7161\nArtifact uploaded: build.tar.gz (2MB)\nCompiling src/index.js...\n  PASS: test_db_connect (94ms)\nCache hit for key-4658\nInstalling axios@4.1.0\nStep 2/10: Building\nCache hit for key-9870\nInstalling webpack@2.15.0\n\u2713 lint completed\nArtifact uploaded: build.tar.gz (2MB)\nCache hit for key-3393\n\u2713 build completed\nCache hit for key-3529\nWARNING: express has known vulnerabilities\n[23:44:25] INFO: Processing request\n\u2713 build completed\n\u2713 build completed\nStep 9/10: Building\nFAILED: test_cache_hit\nCompiling src/handler.rs...\nCompiling src/index.js...\nCache hit for key-5733\nCompiling src/app.ts...\nArtifact uploaded: build.tar.gz (10MB)\nCompiling src/handler.rs...\nCache hit for key-2719\n  PASS: test_db_connect (65ms)\n[23:44:25] WARN: Deprecated API usage\nStep 9/10: Building\n[23:44:25] WARN: Deprecated API usage\nCache hit for key-6555\n\u2717 build failed with exit code 42\n[23:44:25] INFO: Processing request\nStep 1/10: Building\n  PASS: test_auth_login (388ms)\nArtifact uploaded: build.tar.gz (14MB)\n\u26a0 DEPRECATION: Feature will be removed in v2.0\nArtifact uploaded: build.tar.gz (39MB)\nFAILED: test_auth_login\nCompiling src/main.py...\nArtifact uploaded: build.tar.gz (2MB)\nArtifact uploaded: build.tar.gz (47MB)\n\u26a0 DEPRECATION: Feature will be removed in v4.0\n[23:44:25] INFO: Processing request\nInstalling axios@5.6.0\n=== Step build_artifact completed ===\n=== Step: deploy ===\n  PASS: test_db_connect (288ms)\nCompiling src/handler.rs...\nCache hit for key-8831\nStep 9/10: Building\nCompiling src/handler.rs...\nCompiling src/service.java...\nInstalling axios@3.7.0\nArtifact uploaded: build.tar.gz (6MB)\n\u2713 build completed\n\u2713 test completed\n  PASS: test_db_connect (244ms)\nArtifact uploaded: build.tar.gz (29MB)\nCompiling src/utils.go...\n\u2713 build completed\nInstalling prettier@2.10.0\nWARNING: webpack has known vulnerabilities\nInstalling prettier@3.6.0\nCache hit for key-4540\n\u2713 lint completed\nCompiling src/main.py...\n[23:44:25] ERROR: Connection failed\nCache hit for key-5164\nWARNING: prettier has known vulnerabilities\n[23:44:25] ERROR: Connection failed\nCompiling src/handler.rs...\nInstalling react@3.3.0\nCache hit for key-8256\n\u2713 lint completed\nCache hit for key-1706\n\u2713 lint completed\nInstalling react@4.11.0\n[23:44:25] INFO: Processing request\nStep 9/10: Building\nStep 2/10: Building\nStep 9/10: Building\n\u26a0 DEPRECATION: Feature will be removed in v5.0\nArtifact uploaded: build.tar.gz (31MB)\nCompiling src/index.js...\nException: ValueError\nCache hit for key-1650\nInstalling react@2.14.0\nArtifact uploaded: build.tar.gz (27MB)\nCompiling src/main.py...\n  PASS: test_auth_login (252ms)\nInstalling prettier@1.19.0\n  PASS: test_user_create (2ms)\nInstalling react@4.5.0\nCompiling src/app.ts...\nArtifact uploaded: build.tar.gz (45MB)\nCompiling src/index.js...\nCache hit for key-6939\n[23:44:25] INFO: Processing request\n  PASS: test_api_health (213ms)\n[23:44:25] INFO: Processing request\nStep 7/10: Building\n[23:44:25] ERROR: Connection failed\nArtifact uploaded: build.tar.gz (12MB)\nCompiling src/index.js...\nStep 1/10: Building\nStep 6/10: Building\n[23:44:25] INFO: Processing request\n[23:44:25] INFO: Processing request\nCache hit for key-9156\n[23:44:25] INFO: Processing request\n=== Step deploy completed ===",
    "steps": [
      {
        "name": "checkout",
        "status": "success",
        "started_at": "2025-11-18T23:44:25.898329",
        "finished_at": "2025-11-18T23:44:31.934720",
        "log_lines": [
          "=== Step: checkout ===",
          "  PASS: test_auth_login (481ms)",
          "WARNING: express has known vulnerabilities",
          "Cache hit for key-9284",
          "  PASS: test_auth_login (166ms)",
          "[23:44:25] INFO: Processing request",
          "Installing axios@5.9.0",
          "Cache hit for key-7722",
          "Installing axios@2.0.0",
          "  PASS: test_api_health (142ms)",
          "  PASS: test_api_health (381ms)",
          "[23:44:25] INFO: Processing request",
          "Step 8/10: Building",
          "\u26a0 DEPRECATION: Feature will be removed in v5.0",
          "[23:44:25] INFO: Processing request",
          "[23:44:25] INFO: Processing request",
          "Installing prettier@2.4.0",
          "Cache hit for key-1440",
          "\u2713 test completed",
          "\u2713 build completed",
          "Compiling src/main.py...",
          "[23:44:25] ERROR: Connection failed",
          "Step 3/10: Building",
          "Compiling src/handler.rs...",
          "Artifact uploaded: build.tar.gz (43MB)",
          "Artifact uploaded: build.tar.gz (26MB)",
          "Installing lodash@1.5.0",
          "Cache hit for key-3692",
          "Installing lodash@2.12.0",
          "  PASS: test_db_connect (175ms)",
          "Compiling src/main.py...",
          "Compiling src/main.py...",
          "Cache hit for key-6797",
          "  PASS: test_api_health (154ms)",
          "\u26a0 DEPRECATION: Feature will be removed in v2.0",
          "Artifact uploaded: build.tar.gz (19MB)",
          "Cache hit for key-7357",
          "Installing jest@5.20.0",
          "Compiling src/utils.go...",
          "Artifact uploaded: build.tar.gz (39MB)",
          "\u2713 lint completed",
          "[23:44:25] INFO: Processing request",
          "\u2713 test completed",
          "Installing axios@3.5.0",
          "Compiling src/main.py...",
          "Installing express@3.0.0",
          "\u2713 build completed",
          "Cache hit for key-4090",
          "Installing jest@1.16.0",
          "  PASS: test_auth_login (299ms)",
          "[23:44:25] INFO: Processing request",
          "\u2713 build completed",
          "Compiling src/index.js...",
          "Artifact uploaded: build.tar.gz (41MB)",
          "Installing react@4.10.0",
          "Artifact uploaded: build.tar.gz (14MB)",
          "[23:44:25] INFO: Processing request",
          "\u2713 test completed",
          "WARNING: eslint has known vulnerabilities",
          "\u2713 lint completed",
          "[23:44:25] WARN: Deprecated API usage",
          "Cache hit for key-9452",
          "  PASS: test_api_health (49ms)",
          "Cache hit for key-1334",
          "Artifact uploaded: build.tar.gz (11MB)",
          "=== Step checkout completed ==="
        ]
      },
      {
        "name": "setup_environment",
        "status": "success",
        "started_at": "2025-11-18T23:44:31.934720",
        "finished_at": "2025-11-18T23:44:44.007502",
        "log_lines": [
          "=== Step: setup_environment ===",
          "Compiling src/service.java...",
          "  PASS: test_user_create (137ms)",
          "  PASS: test_api_health (265ms)",
          "Cache hit for key-6783",
          "Exception: TypeError",
          "Compiling src/service.java...",
          "Compiling src/main.py...",
          "\u2713 lint completed",
          "\u2713 test completed",
          "[23:44:25] WARN: Deprecated API usage",
          "\u2713 lint completed",
          "  PASS: test_user_create (347ms)",
          "  PASS: test_auth_login (144ms)",
          "Installing eslint@1.0.0",
          "  PASS: test_api_health (476ms)",
          "Cache hit for key-9949",
          "[23:44:25] INFO: Processing request",
          "Artifact uploaded: build.tar.gz (12MB)",
          "Cache hit for key-6391",
          "\u2717 build failed with exit code 72",
          "Step 5/10: Building",
          "[23:44:25] ERROR: Connection failed",
          "[23:44:25] INFO: Processing request",
          "Cache hit for key-6547",
          "Cache hit for key-7415",
          "Compiling src/index.js...",
          "WARNING: webpack has known vulnerabilities",
          "Cache hit for key-5564",
          "Step 5/10: Building",
          "\u2713 lint completed",
          "[23:44:25] INFO: Processing request",
          "WARNING: express has known vulnerabilities",
          "\u2713 test completed",
          "Installing prettier@4.19.0",
          "[23:44:25] INFO: Processing request",
          "[23:44:25] INFO: Processing request",
          "Installing express@1.14.0",
          "  PASS: test_cache_hit (200ms)",
          "Artifact uploaded: build.tar.gz (38MB)",
          "\u26a0 DEPRECATION: Feature will be removed in v2.0",
          "Step 7/10: Building",
          "[23:44:25] INFO: Processing request",
          "Exception: TypeError",
          "Step 6/10: Building",
          "Step 6/10: Building",
          "[23:44:25] WARN: Deprecated API usage",
          "Artifact uploaded: build.tar.gz (1MB)",
          "[23:44:25] INFO: Processing request",
          "Installing jest@3.16.0",
          "\u2713 build completed",
          "Cache hit for key-5250",
          "Cache hit for key-9951",
          "Installing react@4.18.0",
          "[23:44:25] INFO: Processing request",
          "Exception: RuntimeError",
          "  PASS: test_db_connect (107ms)",
          "Step 10/10: Building",
          "Compiling src/utils.go...",
          "Exception: TypeError",
          "[23:44:25] INFO: Processing request",
          "\u26a0 DEPRECATION: Feature will be removed in v5.0",
          "Compiling src/app.ts...",
          "Compiling src/handler.rs...",
          "Cache hit for key-7293",
          "=== Step setup_environment completed ==="
        ]
      },
      {
        "name": "install_dependencies",
        "status": "success",
        "started_at": "2025-11-18T23:44:44.007502",
        "finished_at": "2025-11-18T23:45:08.153067",
        "log_lines": [
          "=== Step: install_dependencies ===",
          "Compiling src/main.py...",
          "Step 5/10: Building",
          "Step 10/10: Building",
          "Artifact uploaded: build.tar.gz (46MB)",
          "\u2713 test completed",
          "Cache hit for key-2234",
          "  PASS: test_auth_login (44ms)",
          "Artifact uploaded: build.tar.gz (3MB)",
          "[23:44:25] INFO: Processing request",
          "  PASS: test_api_health (469ms)",
          "\u2717 build failed with exit code 111",
          "Compiling src/index.js...",
          "Cache hit for key-8126",
          "Cache hit for key-7932",
          "  PASS: test_auth_login (144ms)",
          "[23:44:25] INFO: Processing request",
          "  PASS: test_cache_hit (310ms)",
          "Installing webpack@1.17.0",
          "Installing prettier@4.17.0",
          "Installing webpack@5.7.0",
          "Cache hit for key-9637",
          "  PASS: test_user_create (335ms)",
          "Cache hit for key-3269",
          "[23:44:25] INFO: Processing request",
          "Compiling src/index.js...",
          "Installing jest@5.6.0",
          "  PASS: test_user_create (349ms)",
          "[23:44:25] INFO: Processing request",
          "FAILED: test_db_connect",
          "[23:44:25] INFO: Processing request",
          "\u2713 test completed",
          "Artifact uploaded: build.tar.gz (21MB)",
          "\u2713 build completed",
          "Cache hit for key-4523",
          "Artifact uploaded: build.tar.gz (48MB)",
          "Compiling src/app.ts...",
          "Compiling src/service.java...",
          "  PASS: test_user_create (405ms)",
          "Step 5/10: Building",
          "\u2713 test completed",
          "  PASS: test_db_connect (103ms)",
          "Step 3/10: Building",
          "Step 5/10: Building",
          "Compiling src/main.py...",
          "Step 9/10: Building",
          "Step 3/10: Building",
          "Installing jest@1.16.0",
          "Installing webpack@2.8.0",
          "[23:44:25] INFO: Processing request",
          "[23:44:25] INFO: Processing request",
          "Compiling src/handler.rs...",
          "  PASS: test_db_connect (92ms)",
          "\u2713 build completed",
          "Compiling src/utils.go...",
          "Compiling src/app.ts...",
          "WARNING: lodash has known vulnerabilities",
          "Installing express@3.2.0",
          "Artifact uploaded: build.tar.gz (43MB)",
          "Installing jest@5.6.0",
          "\u2713 lint completed",
          "Cache hit for key-8934",
          "Step 3/10: Building",
          "Compiling src/utils.go...",
          "Installing eslint@4.2.0",
          "=== Step install_dependencies completed ==="
        ]
      },
      {
        "name": "run_tests",
        "status": "success",
        "started_at": "2025-11-18T23:45:08.153067",
        "finished_at": "2025-11-18T23:45:50.407806",
        "log_lines": [
          "=== Step: run_tests ===",
          "  PASS: test_cache_hit (231ms)",
          "Step 1/10: Building",
          "  PASS: test_db_connect (409ms)",
          "  PASS: test_db_connect (210ms)",
          "[23:44:25] INFO: Processing request",
          "Step 8/10: Building",
          "[23:44:25] INFO: Processing request",
          "  PASS: test_cache_hit (446ms)",
          "[23:44:25] WARN: Deprecated API usage",
          "Step 1/10: Building",
          "Artifact uploaded: build.tar.gz (31MB)",
          "  PASS: test_cache_hit (23ms)",
          "Installing axios@1.12.0",
          "Artifact uploaded: build.tar.gz (28MB)",
          "Artifact uploaded: build.tar.gz (16MB)",
          "\u2713 lint completed",
          "  PASS: test_api_health (361ms)",
          "Step 3/10: Building",
          "Artifact uploaded: build.tar.gz (26MB)",
          "Cache hit for key-5039",
          "Step 8/10: Building",
          "Step 2/10: Building",
          "Artifact uploaded: build.tar.gz (1MB)",
          "Cache hit for key-8058",
          "Compiling src/main.py...",
          "Step 5/10: Building",
          "Compiling src/main.py...",
          "Step 7/10: Building",
          "  PASS: test_db_connect (190ms)",
          "Compiling src/index.js...",
          "Compiling src/handler.rs...",
          "  PASS: test_cache_hit (204ms)",
          "Artifact uploaded: build.tar.gz (17MB)",
          "  PASS: test_db_connect (294ms)",
          "[23:44:25] INFO: Processing request",
          "Cache hit for key-3875",
          "Artifact uploaded: build.tar.gz (11MB)",
          "Step 7/10: Building",
          "Artifact uploaded: build.tar.gz (13MB)",
          "WARNING: react has known vulnerabilities",
          "\u26a0 DEPRECATION: Feature will be removed in v4.0",
          "Compiling src/handler.rs...",
          "  PASS: test_db_connect (267ms)",
          "Compiling src/handler.rs...",
          "Artifact uploaded: build.tar.gz (35MB)",
          "Installing eslint@4.0.0",
          "Installing webpack@4.16.0",
          "Installing axios@3.13.0",
          "Compiling src/service.java...",
          "Step 3/10: Building",
          "Cache hit for key-6866",
          "Artifact uploaded: build.tar.gz (4MB)",
          "\u2713 test completed",
          "Artifact uploaded: build.tar.gz (43MB)",
          "Installing react@2.3.0",
          "  PASS: test_auth_login (293ms)",
          "Compiling src/main.py...",
          "  PASS: test_auth_login (186ms)",
          "[23:44:25] INFO: Processing request",
          "Cache hit for key-5721",
          "Cache hit for key-7898",
          "FAILED: test_user_create",
          "\u2713 test completed",
          "[23:44:25] INFO: Processing request",
          "=== Step run_tests completed ==="
        ]
      },
      {
        "name": "build_artifact",
        "status": "success",
        "started_at": "2025-11-18T23:45:50.407806",
        "finished_at": "2025-11-18T23:46:14.553371",
        "log_lines": [
          "=== Step: build_artifact ===",
          "  PASS: test_cache_hit (195ms)",
          "[23:44:25] INFO: Processing request",
          "Compiling src/app.ts...",
          "[23:44:25] INFO: Processing request",
          "\u26a0 DEPRECATION: Feature will be removed in v5.0",
          "Cache hit for key-7805",
          "[23:44:25] WARN: Deprecated API usage",
          "Installing axios@2.11.0",
          "[23:44:25] INFO: Processing request",
          "Step 9/10: Building",
          "  PASS: test_user_create (71ms)",
          "[23:44:25] INFO: Processing request",
          "Installing eslint@3.8.0",
          "Step 3/10: Building",
          "\u2713 build completed",
          "  PASS: test_cache_hit (427ms)",
          "\u2713 lint completed",
          "\u2713 build completed",
          "Cache hit for key-7161",
          "Artifact uploaded: build.tar.gz (2MB)",
          "Compiling src/index.js...",
          "  PASS: test_db_connect (94ms)",
          "Cache hit for key-4658",
          "Installing axios@4.1.0",
          "Step 2/10: Building",
          "Cache hit for key-9870",
          "Installing webpack@2.15.0",
          "\u2713 lint completed",
          "Artifact uploaded: build.tar.gz (2MB)",
          "Cache hit for key-3393",
          "\u2713 build completed",
          "Cache hit for key-3529",
          "WARNING: express has known vulnerabilities",
          "[23:44:25] INFO: Processing request",
          "\u2713 build completed",
          "\u2713 build completed",
          "Step 9/10: Building",
          "FAILED: test_cache_hit",
          "Compiling src/handler.rs...",
          "Compiling src/index.js...",
          "Cache hit for key-5733",
          "Compiling src/app.ts...",
          "Artifact uploaded: build.tar.gz (10MB)",
          "Compiling src/handler.rs...",
          "Cache hit for key-2719",
          "  PASS: test_db_connect (65ms)",
          "[23:44:25] WARN: Deprecated API usage",
          "Step 9/10: Building",
          "[23:44:25] WARN: Deprecated API usage",
          "Cache hit for key-6555",
          "\u2717 build failed with exit code 42",
          "[23:44:25] INFO: Processing request",
          "Step 1/10: Building",
          "  PASS: test_auth_login (388ms)",
          "Artifact uploaded: build.tar.gz (14MB)",
          "\u26a0 DEPRECATION: Feature will be removed in v2.0",
          "Artifact uploaded: build.tar.gz (39MB)",
          "FAILED: test_auth_login",
          "Compiling src/main.py...",
          "Artifact uploaded: build.tar.gz (2MB)",
          "Artifact uploaded: build.tar.gz (47MB)",
          "\u26a0 DEPRECATION: Feature will be removed in v4.0",
          "[23:44:25] INFO: Processing request",
          "Installing axios@5.6.0",
          "=== Step build_artifact completed ==="
        ]
      },
      {
        "name": "deploy",
        "status": "success",
        "started_at": "2025-11-18T23:46:14.553371",
        "finished_at": "2025-11-18T23:46:26.626153",
        "log_lines": [
          "=== Step: deploy ===",
          "  PASS: test_db_connect (288ms)",
          "Compiling src/handler.rs...",
          "Cache hit for key-8831",
          "Step 9/10: Building",
          "Compiling src/handler.rs...",
          "Compiling src/service.java...",
          "Installing axios@3.7.0",
          "Artifact uploaded: build.tar.gz (6MB)",
          "\u2713 build completed",
          "\u2713 test completed",
          "  PASS: test_db_connect (244ms)",
          "Artifact uploaded: build.tar.gz (29MB)",
          "Compiling src/utils.go...",
          "\u2713 build completed",
          "Installing prettier@2.10.0",
          "WARNING: webpack has known vulnerabilities",
          "Installing prettier@3.6.0",
          "Cache hit for key-4540",
          "\u2713 lint completed",
          "Compiling src/main.py...",
          "[23:44:25] ERROR: Connection failed",
          "Cache hit for key-5164",
          "WARNING: prettier has known vulnerabilities",
          "[23:44:25] ERROR: Connection failed",
          "Compiling src/handler.rs...",
          "Installing react@3.3.0",
          "Cache hit for key-8256",
          "\u2713 lint completed",
          "Cache hit for key-1706",
          "\u2713 lint completed",
          "Installing react@4.11.0",
          "[23:44:25] INFO: Processing request",
          "Step 9/10: Building",
          "Step 2/10: Building",
          "Step 9/10: Building",
          "\u26a0 DEPRECATION: Feature will be removed in v5.0",
          "Artifact uploaded: build.tar.gz (31MB)",
          "Compiling src/index.js...",
          "Exception: ValueError",
          "Cache hit for key-1650",
          "Installing react@2.14.0",
          "Artifact uploaded: build.tar.gz (27MB)",
          "Compiling src/main.py...",
          "  PASS: test_auth_login (252ms)",
          "Installing prettier@1.19.0",
          "  PASS: test_user_create (2ms)",
          "Installing react@4.5.0",
          "Compiling src/app.ts...",
          "Artifact uploaded: build.tar.gz (45MB)",
          "Compiling src/index.js...",
          "Cache hit for key-6939",
          "[23:44:25] INFO: Processing request",
          "  PASS: test_api_health (213ms)",
          "[23:44:25] INFO: Processing request",
          "Step 7/10: Building",
          "[23:44:25] ERROR: Connection failed",
          "Artifact uploaded: build.tar.gz (12MB)",
          "Compiling src/index.js...",
          "Step 1/10: Building",
          "Step 6/10: Building",
          "[23:44:25] INFO: Processing request",
          "[23:44:25] INFO: Processing request",
          "Cache hit for key-9156",
          "[23:44:25] INFO: Processing request",
          "=== Step deploy completed ==="
        ]
      }
    ],
    "label": "normal"
  }
}