{
  "action": "completed",
  "workflow_run": {
    "id": 875,
    "name": "CI Pipeline",
    "head_branch": "develop",
    "head_sha": "a63a0ffc4a7691c5bd392a156dc7d560642ac0e0",
    "status": "completed",
    "conclusion": "success",
    "run_started_at": "2025-11-23T12:52:25.841956Z",
    "updated_at": "2025-11-23T12:55:37.216853Z"
  },
  "repository": {
    "full_name": "acme-corp/data-pipeline",
    "name": "data-pipeline"
  },
  "sender": {
    "login": "frank"
  },
  "_safeops_extended": {
    "raw_logs": "=== Step: setup_environment ===\nCompiling utils/utils.go...\nUploading artifact 'coverage' (30 files)\nConnection established\n\u2713 Task completed in 2730ms\n[12:52:25] ERROR: Connection failed\nNODE_ENV=development\nDone.\nPulling image: node:18\npip: Collecting lodash\nTest Suites: 10 passed, 11 total\nStep 4/18: Testing\nStep 8/21: Building\nSnapshots: 27 passed, 48 total\nEnvironment: test\nWaiting...\nUsing Python 3.12\nWaiting...\nLayer 7/8: ENV command\nTransforming 957 files...\nnpm install: resolved 1011 packages\nImage pulled successfully\nNODE_ENV=development\n[12:52:25] INFO: Connecting to database\n[12:52:25] WARN: Deprecated API usage\nProcessing...\nHEAD is now at 102b135\nCompiling components/handler.rs...\nCompiling components/index.js...\nStep 10/23: Deploying\nStep 19/18: Installing dependencies\n  PASS: e2e/test_cache_hit.spec.js\nArtifact downloaded: 14MB\nFinished.\nArtifact uploaded: build.tar.gz (16MB)\nnpm notice: created a lockfile\nArtifact uploaded: dist.zip (9MB)\nProcessing...\nCache miss for key-4421\nUsing Node.js 15.4.0\nAlready up to date.\n[12:52:25] WARN: Deprecated API usage\npip: Downloading webpack-1.9.tar.gz\npip: Installing build dependencies...\nBuilding Docker image...\n[12:52:25] INFO: Request completed\n  PASS: test_db_connect (45ms)\npip: Downloading lodash-2.20.tar.gz\n[12:52:25] INFO: Processing request\n\u2713 Step 'test' succeeded\nInstalling jest@5.8.3\nnpm install: resolved 106 packages\nnpm notice: created a lockfile\n\u26a0 DEPRECATION: Feature will be removed in v3.0\nCache miss for key-4941\nHEAD is now at 398f039\nUsing Node.js 17.10.4\nMinifying vendor.js\nPlatform: win32-x64\n  PASS: unit/test_auth_login.spec.js\nCreating production build...\nGenerating source maps...\nArtifact uploaded: dist.zip (7MB)\nUploading artifact 'build' (36 files)\nReady.\n[12:52:25] DEBUG: Loading configuration\npip install: Successfully installed eslint-4.12\n[12:52:25] INFO: Connecting to database\nArtifact uploaded: dist.zip (85MB)\nArtifact uploaded: dist.zip (43MB)\n\u26a0 DEPRECATION: Feature will be removed in v2.0\nTime: 24.717s\nFetching submodules...\nWARNING: express has known vulnerabilities\n\u2713 package completed\nSnapshots: 27 passed, 19 total\nBundling runtime.css\n[12:52:25] DEBUG: Initializing service\nPulling image: alpine:18\nTLS handshake completed\nStep 6/15: Building\nGenerating source maps...\nChecking out master branch\nHEAD is now at 109356e\nWaiting...\nChecking out main branch\nCache invalidated: dependencies\nChecking out main branch\nPlatform: win32-x64\nCoverage: 87% statements, 71% branches\n  PASS: test_db_connect (445ms)\n[12:52:25] INFO: Processing request\nCache restored successfully (392MB)\nCache restored successfully (141MB)\nPushing to registry...\n[12:52:25] WARN: Deprecated API usage\n\u26a0 DEPRECATION: Feature will be removed in v4.0\nInstalling jest@3.19.5\n[12:52:25] DEBUG: Initializing service\nCreating production build...\n[12:52:25] INFO: Cache refreshed\nTime: 45.461s\nFetching submodules...\n\u2713 All checks passed\nPlatform: darwin-arm64\nPlatform: linux-x64\nWARNING: react has known vulnerabilities\nSuccess!\nCompiling components/handler.rs...\n\u26a0 DEPRECATION: Feature will be removed in v3.0\nPOST /upload - 202 (405ms)\nWARNING: axios has known vulnerabilities\n\u26a0 DEPRECATION: Feature will be removed in v4.0\nWARNING: react has known vulnerabilities\n\u2713 All checks passed\nTime: 90.868s\n\u2713 Step 'build' succeeded\nLayer 5/13: RUN command\nException: ValueError\npip: Downloading prettier-5.18.tar.gz\nUsing Node.js 20.7.4\n\u26a0 DEPRECATION: Feature will be removed in v4.0\nFinished.\nCompiling src/utils.go...\n[12:52:25] INFO: Connecting to database\nGenerating source maps...\nInstalling lodash@4.6.3\nDone.\n[12:52:25] INFO: Request completed\nCreating production build...\nOptimizing 67 modules...\nSnapshots: 49 passed, 24 total\nImage pulled successfully\nFAILED: test_api_health\nEnvironment: development\npip: Installing build dependencies...\nHEAD is now at 1935166\nBuilding Docker image...\nCompleted.\n  PASS: test_cache_hit (213ms)\nRan 124 tests in 4s\nHEAD is now at 0a318dd\npip: Downloading lodash-3.17.tar.gz\nnpm install: resolved 1926 packages\n[12:52:25] DEBUG: Connection pool: 14 active\nCompleted.\n[12:52:25] INFO: Processing request\nTLS handshake completed\nStep 3/24: Running migrations\nProcessing...\nStep 3/22: Deploying\nTLS handshake completed\nCache invalidated: node_modules\nWARNING: prettier has known vulnerabilities\nCoverage: 80% statements, 91% branches\nFetching from https://googleapis.com/package.json\nTime: 64.736s\nFinished.\nCompiling utils/utils.go...\n\u2717 build failed with exit code 106\nnpm notice: package.json updated\nImage pulled successfully\n  PASS: e2e/test_user_create.spec.js\nUsing Python 3.9\nPushing to registry...\n\u2713 All checks passed\n[12:52:25] INFO: Starting build process\nNODE_ENV=development\nBuilding Docker image...\nSnapshots: 2 passed, 21 total\nEnvironment: production\nStep 16/15: Building\n[12:52:25] WARN: Deprecated API usage\nAlready up to date.\nSwitched to branch 'feature/task-893'\nImage pulled successfully\n[12:52:25] DEBUG: Memory usage: 1718MB\nCompiling src/handler.rs...\nImage pulled successfully\nCache invalidated: build\n\u2713 Task completed in 1236ms\nCreating production build...\n\u2713 Step 'test' succeeded\nArtifact uploaded: build.tar.gz (31MB)\nConnection established\nProcessing...\nInstalling express@2.5.5\nStep 12/17: Installing dependencies\nPushing to registry...\n\u26a0 DEPRECATION: Feature will be removed in v5.0\nArtifact downloaded: 19MB\nInstalling webpack@3.17.9\nCompiling utils/utils.go...\nTest Suites: 8 passed, 11 total\n\u2717 build failed with exit code 70\n[12:52:25] DEBUG: Query executed in 84ms\nnpm install: added 232 packages\nCache saved successfully\n[12:52:25] INFO: Starting build process\nPulling image: node:18\npip install: Successfully installed express-3.16\nCreating production build...\n[12:52:25] INFO: Connecting to database\n[12:52:25] ERROR: Connection failed\nSuccess!\n[12:52:25] INFO: Request completed\nFetching submodules...\nTLS handshake completed\nCompleted.\nSnapshots: 22 passed, 40 total\n[12:52:25] DEBUG: Query executed in 85ms\n=== Step setup_environment completed ===\n=== Step: integration_tests ===\nInstalling eslint@4.16.8\nPulling image: node:18\nGET /health - 200 (13ms)\nTime: 6.343s\nAlready up to date.\nnpm install: added 284 packages\nnpm notice: package.json updated\nStep 5/25: Testing\nFetching from https://githubusercontent.com/package.json\nWARNING: webpack has known vulnerabilities\nException: ValueError\nCreating production build...\n[12:52:25] INFO: Connecting to database\nBundling main.js\nInstalling webpack@3.2.0\n\u2713 Task completed in 743ms\n[12:52:25] INFO: Connecting to database\nCompiling src/main.py...\nStep 17/22: Installing dependencies\nImage pulled successfully\nDone.\nCreating production build...\nReady.\nDone.\nUsing Python 3.10\nCompiling lib/app.ts...\n[12:52:25] INFO: Cache refreshed\nException: RuntimeError\nUploading artifact 'build' (11 files)\n\u2713 validate completed\n  PASS: unit/test_user_create.spec.js\nnpm notice: created a lockfile\nHEAD is now at 7ecd2e5\n\u26a0 DEPRECATION: Feature will be removed in v4.0\nConnection established\nRan 75 tests in 2s\n[12:52:25] DEBUG: Connection pool: 11 active\nImage pulled successfully\nRan 193 tests in 3s\n[12:52:25] DEBUG: Initializing service\nOptimizing 68 modules...\nReady.\nCoverage: 75% statements, 87% branches\nStep 19/21: Running migrations\nNODE_ENV=production\nStep 15/24: Linting\nRan 93 tests in 42s\nCompiling src/utils.go...\n[12:52:25] DEBUG: Loading configuration\nInstalling express@2.7.6\nNODE_ENV=production\n[12:52:25] INFO: Processing request\n[12:52:25] DEBUG: Memory usage: 1282MB\nVerifying...\n[12:52:25] WARN: Deprecated API usage\nCache saved successfully\nnpm install: resolved 1472 packages\nMinifying main.js\n  PASS: test_user_create (177ms)\nNODE_ENV=test\nCompiling utils/utils.go...\nNODE_ENV=test\nWARNING: prettier has known vulnerabilities\n\u2713 build completed\nOptimizing 75 modules...\nCache invalidated: build\nLoading...\npip: Installing build dependencies...\n[12:52:25] DEBUG: Connection pool: 4 active\nEnvironment: staging\nnpm install: resolved 1292 packages\npip: Downloading express-4.15.tar.gz\nAlready up to date.\nWARNING: prettier has known vulnerabilities\n[12:52:25] DEBUG: Memory usage: 920MB\nFinished.\nConnection established\nVerifying...\n[12:52:25] DEBUG: Connection pool: 5 active\n[12:52:25] DEBUG: Memory usage: 413MB\nSwitched to branch 'feature/task-961'\nDone.\nCache invalidated: dependencies\nnpm notice: package.json updated\nArtifact uploaded: build.tar.gz (25MB)\nnpm install: resolved 1659 packages\nUploading artifact 'dist' (30 files)\nVerifying...\nLayer 9/15: ENV command\nStep 8/24: Building\nCompiling components/handler.rs...\nTLS handshake completed\npip: Collecting lodash\nConnection established\nLoading...\nGET /api - 204 (6ms)\nTLS handshake completed\n\u26a0 DEPRECATION: Feature will be removed in v5.0\nnpm install: added 105 packages\nLoading...\nPlatform: win32-x64\nWARNING: react has known vulnerabilities\nStep 13/19: Linting\nHEAD is now at f450414\nCompiling src/utils.go...\nConnection established\nCoverage: 91% statements, 72% branches\nArtifact uploaded: build.tar.gz (27MB)\nStep 2/15: Testing\nOK\nArtifact downloaded: 31MB\nArtifact uploaded: build.tar.gz (8MB)\n  PASS: unit/test_cache_hit.spec.js\n\u2717 build failed with exit code 116\nPlatform: linux-x64\nLayer 6/11: ENV command\nImage pulled successfully\npip: Collecting prettier\n\u2713 deploy completed\n[12:52:25] DEBUG: Query executed in 32ms\nnpm notice: created a lockfile\nWARNING: eslint has known vulnerabilities\nBundling main.js\nUploading artifact 'build' (1 files)\nTime: 21.729s\nCoverage: 97% statements, 85% branches\nGenerating source maps...\n[12:52:25] WARN: Deprecated API usage\nBundling styles.css\nTLS handshake completed\nCompleted.\n  PASS: integration/test_api_health.spec.js\nUsing Python 3.10\nGenerating source maps...\n[12:52:25] DEBUG: Initializing service\nUsing Python 3.9\nArtifact downloaded: 44MB\nMinifying main.js\nFinished.\nnpm notice: created a lockfile\nCache saved successfully\nBuilding Docker image...\nTLS handshake completed\nStep 7/23: Deploying\npip: Collecting axios\npip: Collecting eslint\nFetching from https://githubusercontent.com/package.json\nEnvironment: test\nLoading...\nArtifact uploaded: build.tar.gz (20MB)\n[12:52:25] INFO: Connecting to database\nInstalling react@3.13.8\nCreating production build...\nOK\nGenerating source maps...\nConnection established\nProcessing...\nLayer 4/14: ENV command\nSwitched to branch 'bugfix/task-832'\n\u26a0 DEPRECATION: Feature will be removed in v5.0\nNODE_ENV=production\n\u2713 Task completed in 1320ms\nSuccess!\nCache saved successfully\n\u26a0 DEPRECATION: Feature will be removed in v5.0\n[12:52:25] ERROR: Connection failed\npip install: Successfully installed eslint-5.16\nLayer 4/8: COPY command\nCache miss for key-3663\nTransforming 106 files...\n[12:52:25] ERROR: Connection failed\nLoading...\nTest Suites: 31 passed, 5 total\nStep 13/24: Linting\n[12:52:25] INFO: Processing request\nWARNING: jest has known vulnerabilities\npip: Downloading eslint-5.7.tar.gz\nyarn add: Done in 7.0s\nTests: 192 passed, 368 total\nTransforming 275 files...\n[12:52:25] DEBUG: Memory usage: 897MB\nnpm notice: created a lockfile\n[12:52:25] DEBUG: Memory usage: 1069MB\n[12:52:25] DEBUG: Loading configuration\n[12:52:25] DEBUG: Loading configuration\n\u2713 All checks passed\nFinished.\n\u2713 lint completed\nTime: 8.699s\nConnection established\n  PASS: test_auth_login (397ms)\nProcessing...\nLoading...\n[12:52:25] INFO: Request completed\n[12:52:25] INFO: Cache refreshed\n\u2713 Task completed in 1491ms\nHEAD is now at 96b66c0\nFetching from https://gcr.io/package.json\n[12:52:25] DEBUG: Query executed in 71ms\nHEAD is now at 8a6d0d7\nRan 104 tests in 51s\nCompleted.\nArtifact uploaded: build.tar.gz (6MB)\nGenerating source maps...\nProcessing...\nCompiling lib/index.js...\n[12:52:25] DEBUG: Initializing service\nFinished.\nCache restored successfully (306MB)\npip: Installing build dependencies...\n=== Step integration_tests completed ===\n=== Step: save_cache ===\nnpm install: resolved 1937 packages\nTests: 63 passed, 302 total\nLoading...\nFinished.\nFetching from https://googleapis.com/package.json\n[12:52:25] DEBUG: Query executed in 26ms\nRan 88 tests in 58s\nCache saved successfully\nGET /health - 204 (14ms)\nPOST /upload - 202 (251ms)\n[12:52:25] DEBUG: Loading configuration\n[12:52:25] DEBUG: Connection pool: 8 active\npip install: Successfully installed webpack-5.13\nFetching submodules...\n\u26a0 DEPRECATION: Feature will be removed in v2.0\nArtifact uploaded: build.tar.gz (37MB)\nVerifying...\n[12:52:25] DEBUG: Loading configuration\nGenerating source maps...\nOptimizing 69 modules...\nStep 9/18: Linting\nUsing Node.js 15.20.10\nTests: 204 passed, 325 total\nOptimizing 98 modules...\nHEAD is now at 86a4613\nNODE_ENV=development\nPOST /data - 201 (384ms)\nWARNING: prettier has known vulnerabilities\nBuilding Docker image...\nDone.\nReady.\nnpm install: resolved 987 packages\n\u2713 All checks passed\n[12:52:25] DEBUG: Query executed in 36ms\npip install: Successfully installed express-5.20\nOptimizing 80 modules...\nStep 18/18: Running migrations\nnpm notice: package.json updated\nWARNING: axios has known vulnerabilities\n[12:52:25] INFO: Starting build process\npip: Downloading lodash-5.18.tar.gz\nConnection established\n[12:52:25] DEBUG: Initializing service\nSnapshots: 27 passed, 32 total\n[12:52:25] DEBUG: Query executed in 32ms\nCompleted.\nUploading artifact 'build' (30 files)\n[12:52:25] ERROR: Connection failed\nCompiling components/main.py...\nnpm notice: package.json updated\nCompiling components/index.js...\nFetching from https://npmjs.org/package.json\nTLS handshake completed\npip: Downloading prettier-4.20.tar.gz\nPOST /data - 200 (213ms)\n[12:52:25] DEBUG: Initializing service\nGET /health - 200 (55ms)\nCoverage: 97% statements, 86% branches\nnpm notice: created a lockfile\nBuilding Docker image...\n\u2713 validate completed\nFetching submodules...\n[12:52:25] DEBUG: Initializing service\nStep 16/20: Building\nBuilding Docker image...\nFetching submodules...\nCompiling utils/main.py...\n  PASS: test_db_connect (116ms)\nBundling styles.css\nTLS handshake completed\nnpm install: added 332 packages\nnpm install: resolved 1151 packages\n[12:52:25] DEBUG: Loading configuration\n[12:52:25] DEBUG: Initializing service\nCompiling components/main.py...\nSuccess!\n[12:52:25] INFO: Request completed\nTime: 60.510s\n[12:52:25] ERROR: Connection failed\nPlatform: win32-x64\nnpm install: added 219 packages\nStep 14/15: Running migrations\n\u2713 Task completed in 1943ms\nTest Suites: 8 passed, 46 total\nArtifact uploaded: dist.zip (73MB)\nSnapshots: 9 passed, 10 total\npip install: Successfully installed eslint-1.13\nWARNING: react has known vulnerabilities\n[12:52:25] INFO: Connecting to database\nyarn add: Done in 1.94s\nPulling image: python:18\n\u26a0 DEPRECATION: Feature will be removed in v5.0\nCache hit for key-3124\nTLS handshake completed\nProcessing...\nCache miss for key-4890\nCompleted.\n[12:52:25] INFO: Cache refreshed\nnpm notice: package.json updated\nCompiling utils/handler.rs...\nReady.\n[12:52:25] WARN: Deprecated API usage\nWaiting...\n\u2713 build completed\nCache saved successfully\nCompiling lib/main.py...\nPlatform: linux-x64\n[12:52:25] INFO: Processing request\nSuccess!\nSnapshots: 25 passed, 30 total\nUsing Node.js 17.17.7\n[12:52:25] DEBUG: Connection pool: 14 active\nTest Suites: 7 passed, 37 total\nSuccess!\nArtifact uploaded: dist.zip (21MB)\nMinifying app.js\nNODE_ENV=test\n  PASS: integration/test_cache_hit.spec.js\nStep 3/18: Running migrations\nPushing to registry...\nArtifact uploaded: dist.zip (3MB)\nVerifying...\nCompiling src/handler.rs...\n[12:52:25] WARN: Deprecated API usage\nCache miss for key-3454\nTest Suites: 49 passed, 38 total\nCache invalidated: build\nSnapshots: 44 passed, 11 total\nTime: 36.198s\nCreating production build...\nGenerating source maps...\n\u26a0 DEPRECATION: Feature will be removed in v3.0\nLoading...\nTLS handshake completed\n[12:52:25] DEBUG: Loading configuration\nnpm notice: created a lockfile\nCompiling src/main.py...\n[12:52:25] INFO: Processing request\nBuilding Docker image...\nNODE_ENV=development\n[12:52:25] DEBUG: Memory usage: 857MB\nFinished.\n[12:52:25] DEBUG: Connection pool: 6 active\nUploading artifact 'dist' (43 files)\nTime: 10.708s\nPushing to registry...\nCache miss for key-3186\nNODE_ENV=production\nVerifying...\nUsing Node.js 20.2.8\nCache invalidated: dependencies\nAlready up to date.\nFinished.\nCompleted.\nCache restored successfully (480MB)\nPlatform: linux-x64\n\u26a0 DEPRECATION: Feature will be removed in v5.0\nTest Suites: 11 passed, 22 total\nnpm notice: package.json updated\nnpm install: resolved 772 packages\nOK\nUsing Python 3.9\nnpm install: resolved 404 packages\nnpm install: resolved 721 packages\n\u26a0 DEPRECATION: Feature will be removed in v3.0\n[12:52:25] WARN: Deprecated API usage\nBuilding Docker image...\nnpm notice: package.json updated\nArtifact uploaded: dist.zip (93MB)\n\u26a0 DEPRECATION: Feature will be removed in v3.0\n\u26a0 DEPRECATION: Feature will be removed in v4.0\npip: Collecting lodash\nTime: 93.907s\nWARNING: lodash has known vulnerabilities\nOK\n[12:52:25] WARN: Deprecated API usage\nUsing Node.js 19.5.10\n  PASS: test_auth_login (38ms)\nSuccess!\nSuccess!\nOptimizing 77 modules...\nOptimizing 39 modules...\nArtifact downloaded: 36MB\nConnection established\nUsing Node.js 18.12.4\n[12:52:25] DEBUG: Loading configuration\nAlready up to date.\nnpm notice: created a lockfile\nStep 15/17: Linting\nHEAD is now at a7f617a\nTests: 246 passed, 476 total\n[12:52:25] ERROR: Connection failed\n[12:52:25] DEBUG: Memory usage: 196MB\nCache invalidated: build\n[12:52:25] INFO: Cache refreshed\n  PASS: test_auth_login (285ms)\n\u26a0 DEPRECATION: Feature will be removed in v5.0\nOptimizing 100 modules...\nCache saved successfully\nCache saved successfully\nAlready up to date.\nCompiling lib/handler.rs...\nBuilding Docker image...\n\u2717 build failed with exit code 80\n  PASS: test_user_create (192ms)\nSnapshots: 39 passed, 7 total\nFAILED: test_auth_login\nUsing Node.js 16.13.7\nnpm install: resolved 1039 packages\nStep 8/22: Deploying\n=== Step save_cache completed ===\n=== Step: restore_cache ===\nSwitched to branch 'feature/task-979'\nDone.\nStep 2/20: Running migrations\nnpm install: added 293 packages\nHEAD is now at 33a658e\nImage pulled successfully\nBundling vendor.js\nLayer 8/12: RUN command\n\u2713 Task completed in 3647ms\n[12:52:25] DEBUG: Query executed in 78ms\nCompiling utils/app.ts...\nGenerating source maps...\nPOST /upload - 200 (406ms)\nStep 9/24: Installing dependencies\nTime: 80.475s\nAlready up to date.\nUploading artifact 'build' (13 files)\nSwitched to branch 'hotfix/task-288'\nArtifact uploaded: build.tar.gz (18MB)\npip: Downloading eslint-1.0.tar.gz\n[12:52:25] WARN: Deprecated API usage\nRan 110 tests in 13s\nGenerating source maps...\nBuilding Docker image...\nImage pulled successfully\n[12:52:25] INFO: Cache refreshed\nTests: 251 passed, 421 total\nConnection established\n[12:52:25] DEBUG: Memory usage: 1202MB\nProcessing...\nPOST /data - 202 (162ms)\nPulling image: alpine:18\nPlatform: win32-x64\nTime: 82.817s\nCompiling src/main.py...\nCompleted.\nRan 196 tests in 43s\nWARNING: jest has known vulnerabilities\n  PASS: e2e/test_api_health.spec.js\npip install: Successfully installed lodash-4.3\nTime: 43.514s\nCompleted.\nWARNING: lodash has known vulnerabilities\npip: Installing build dependencies...\n[12:52:25] DEBUG: Loading configuration\nWARNING: prettier has known vulnerabilities\nLayer 2/14: COPY command\n\u2713 deploy completed\nLoading...\npip: Downloading axios-5.14.tar.gz\nConnection established\n\u26a0 DEPRECATION: Feature will be removed in v2.0\nImage pulled successfully\nLayer 8/10: ENV command\nBuilding Docker image...\nDone.\nDone.\nImage pulled successfully\nUsing Python 3.10\nCompiling components/app.ts...\nPushing to registry...\nNODE_ENV=production\n[12:52:25] INFO: Starting build process\nDone.\nDone.\nCache restored successfully (419MB)\nnpm notice: created a lockfile\nBundling vendor.js\nPlatform: darwin-arm64\nArtifact uploaded: build.tar.gz (50MB)\nBuilding Docker image...\nTransforming 870 files...\nImage pulled successfully\nUsing Python 3.9\n[12:52:25] WARN: Deprecated API usage\nCache hit for key-7611\nUsing Python 3.12\n[12:52:25] DEBUG: Loading configuration\nDone.\n\u2713 Task completed in 4317ms\n[12:52:25] WARN: Deprecated API usage\nOK\n[12:52:25] INFO: Cache refreshed\nWARNING: prettier has known vulnerabilities\nGET /status - 201 (61ms)\nFAILED: test_db_connect\nEnvironment: production\n[12:52:25] INFO: Processing request\nWaiting...\nPushing to registry...\nWARNING: eslint has known vulnerabilities\n[12:52:25] ERROR: Connection failed\n\u2713 All checks passed\nLoading...\nAlready up to date.\nImage pulled successfully\n  PASS: e2e/test_auth_login.spec.js\nStep 17/21: Linting\n  PASS: unit/test_cache_hit.spec.js\nUsing Node.js 14.8.5\nTests: 231 passed, 392 total\nFetching submodules...\n\u2713 All checks passed\nCompleted.\npip: Collecting axios\nSuccess!\nArtifact uploaded: dist.zip (98MB)\nWARNING: eslint has known vulnerabilities\nVerifying...\nCoverage: 96% statements, 86% branches\nTime: 92.144s\nnpm notice: created a lockfile\nCompiling lib/handler.rs...\nFinished.\nTLS handshake completed\nLoading...\nFinished.\nArtifact downloaded: 19MB\n[12:52:25] DEBUG: Memory usage: 1096MB\nnpm install: added 247 packages\n[12:52:25] INFO: Processing request\nWARNING: lodash has known vulnerabilities\nException: RuntimeError\nImage pulled successfully\nHEAD is now at 481e6a1\n[12:52:25] WARN: Deprecated API usage\n  PASS: test_user_create (353ms)\nInstalling express@3.6.6\nNODE_ENV=test\n[12:52:25] DEBUG: Initializing service\n[12:52:25] ERROR: Connection failed\nWaiting...\nGenerating source maps...\nPlatform: linux-x64\nProcessing...\nFetching submodules...\nStep 6/21: Running migrations\nnpm install: resolved 1582 packages\n[12:52:25] DEBUG: Connection pool: 17 active\nImage pulled successfully\nVerifying...\nWARNING: eslint has known vulnerabilities\n\u26a0 DEPRECATION: Feature will be removed in v4.0\nWARNING: jest has known vulnerabilities\nVerifying...\nCache invalidated: build\nPushing to registry...\nFetching from https://github.com/package.json\nHEAD is now at 8ab2808\nTests: 186 passed, 320 total\nSwitched to branch 'bugfix/task-861'\n\u2713 Task completed in 1774ms\nAlready up to date.\nTLS handshake completed\nStep 13/22: Building\nTime: 61.953s\n\u2713 validate completed\nEnvironment: production\npip: Collecting express\nCache miss for key-3498\nCreating production build...\nTests: 356 passed, 385 total\nStep 20/20: Deploying\nMinifying vendor.js\nWARNING: express has known vulnerabilities\nPOST /data - 201 (58ms)\npip: Downloading webpack-4.9.tar.gz\nStep 4/15: Installing dependencies\n[12:52:25] INFO: Request completed\nnpm install: resolved 317 packages\nTime: 13.443s\nBundling styles.js\nCache invalidated: node_modules\nNODE_ENV=test\n\u2717 build failed with exit code 64\nPulling image: python:3.11\nConnection established\nUploading artifact 'coverage' (21 files)\nFetching from https://registry.npmjs.org/package.json\nStep 7/23: Testing\n[12:52:25] DEBUG: Query executed in 86ms\nnpm install: added 446 packages\nCompiling src/main.py...\nTransforming 992 files...\nGET /health - 204 (91ms)\n[12:52:25] WARN: Deprecated API usage\nCoverage: 98% statements, 85% branches\nUsing Node.js 15.18.7\nnpm install: added 425 packages\n\u26a0 DEPRECATION: Feature will be removed in v4.0\nCache invalidated: node_modules\nBundling main.css\n[12:52:25] WARN: Deprecated API usage\nUploading artifact 'coverage' (12 files)\nnpm notice: package.json updated\nBundling vendor.css\nChecking out main branch\nStep 14/24: Testing\n[12:52:25] INFO: Cache refreshed\nBuilding Docker image...\nVerifying...\n[12:52:25] INFO: Processing request\nPulling image: python:18\nChecking out master branch\n[12:52:25] DEBUG: Loading configuration\nPushing to registry...\nnpm notice: package.json updated\nLoading...\nyarn add: Done in 29.2s\n[12:52:25] INFO: Cache refreshed\n=== Step restore_cache completed ===\n=== Step: checkout ===\nnpm install: added 144 packages\nConnection established\nBundling main.js\nnpm notice: created a lockfile\nCompiling lib/app.ts...\n[12:52:25] INFO: Request completed\npip: Installing build dependencies...\nSuccess!\nCompiling src/app.ts...\nUsing Python 3.10\nCompiling components/utils.go...\n\u2713 All checks passed\nVerifying...\n\u26a0 DEPRECATION: Feature will be removed in v5.0\nTests: 78 passed, 335 total\n  PASS: unit/test_user_create.spec.js\nFetching from https://googleapis.com/package.json\nStep 13/21: Building\nBundling runtime.js\nWaiting...\n  PASS: unit/test_api_health.spec.js\nUsing Node.js 16.9.8\nnpm install: resolved 528 packages\nLoading...\nPushing to registry...\nTime: 46.767s\n\u2713 Step 'build' succeeded\npip install: Successfully installed webpack-4.1\nGET /api - 204 (56ms)\nInstalling axios@1.2.6\nNODE_ENV=production\nStep 16/22: Building\nCompiling components/app.ts...\nnpm notice: created a lockfile\npip: Installing build dependencies...\nProcessing...\nLoading...\n[12:52:25] DEBUG: Query executed in 56ms\n[12:52:25] ERROR: Connection failed\npip: Downloading prettier-5.11.tar.gz\nStep 17/15: Testing\nReady.\n[12:52:25] WARN: Deprecated API usage\nInstalling jest@1.6.1\npip install: Successfully installed lodash-4.10\nnpm install: resolved 1399 packages\n[12:52:25] DEBUG: Loading configuration\nPulling image: node:latest\nnpm notice: package.json updated\nArtifact uploaded: dist.zip (21MB)\nStep 8/21: Deploying\npip: Collecting axios\nHEAD is now at 024a7d3\n\u26a0 DEPRECATION: Feature will be removed in v2.0\nLayer 3/10: COPY command\nnpm install: resolved 433 packages\nSnapshots: 45 passed, 41 total\n[12:52:25] INFO: Starting build process\nBuilding Docker image...\nFetching submodules...\npip: Downloading eslint-4.8.tar.gz\nOptimizing 75 modules...\nOptimizing 77 modules...\n\u2713 Task completed in 4031ms\nPOST /upload - 200 (31ms)\nImage pulled successfully\nCompiling components/utils.go...\nConnection established\nCache restored successfully (293MB)\nCompiling utils/index.js...\n[12:52:25] WARN: Deprecated API usage\npip: Collecting lodash\nFinished.\nBuilding Docker image...\nArtifact downloaded: 38MB\n\u26a0 DEPRECATION: Feature will be removed in v4.0\n\u2713 All checks passed\nUsing Python 3.10\nDone.\n[12:52:25] DEBUG: Query executed in 22ms\n[12:52:25] ERROR: Connection failed\nnpm notice: package.json updated\nSnapshots: 4 passed, 43 total\nSuccess!\nNODE_ENV=development\nTest Suites: 6 passed, 30 total\nLayer 9/11: COPY command\nPOST /data - 202 (110ms)\npip: Installing build dependencies...\nCompleted.\nUsing Node.js 18.1.10\nException: NullPointerException\nVerifying...\n  PASS: test_auth_login (71ms)\nFAILED: test_api_health\nBundling styles.css\nVerifying...\nWARNING: lodash has known vulnerabilities\nTime: 34.974s\nFetching from https://registry.npmjs.org/package.json\n  PASS: test_user_create (162ms)\nVerifying...\nArtifact uploaded: build.tar.gz (29MB)\nReady.\npip: Downloading express-1.18.tar.gz\nLayer 5/9: ENV command\nLoading...\nOK\nLoading...\nnpm install: resolved 650 packages\nGenerating source maps...\nSnapshots: 2 passed, 32 total\n\u2713 All checks passed\nWaiting...\n[12:52:25] DEBUG: Connection pool: 15 active\npip install: Successfully installed lodash-3.12\nGET /health - 201 (4ms)\n\u2713 All checks passed\nnpm notice: created a lockfile\nArtifact downloaded: 41MB\n[12:52:25] INFO: Starting build process\nSnapshots: 46 passed, 43 total\nTransforming 364 files...\nInstalling lodash@4.16.1\nConnection established\nTests: 152 passed, 498 total\nCompiling lib/service.java...\nReady.\nnpm install: added 490 packages\nCompiling src/utils.go...\nEnvironment: test\n\u2713 All checks passed\nnpm install: resolved 1456 packages\n[12:52:25] DEBUG: Connection pool: 10 active\n\u26a0 DEPRECATION: Feature will be removed in v4.0\nConnection established\nVerifying...\nCache restored successfully (395MB)\nNODE_ENV=production\nNODE_ENV=test\nGenerating source maps...\nUploading artifact 'dist' (30 files)\n[12:52:25] INFO: Starting build process\nFetching from https://amazonaws.com/package.json\nTests: 87 passed, 390 total\nUsing Python 3.11\nnpm install: resolved 383 packages\n\u2713 All checks passed\nDone.\nStep 13/24: Testing\nCache invalidated: build\nVerifying...\nSuccess!\nCache restored successfully (342MB)\n\u2713 All checks passed\nTests: 288 passed, 404 total\nUploading artifact 'dist' (24 files)\nStep 19/23: Testing\n\u2713 build completed\nWARNING: express has known vulnerabilities\nnpm notice: package.json updated\nOptimizing 41 modules...\nBuilding Docker image...\nnpm notice: created a lockfile\nCache invalidated: build\nLoading...\n[12:52:25] INFO: Connecting to database\nEnvironment: production\nStep 7/25: Testing\nSuccess!\nSuccess!\nCompiling lib/index.js...\nImage pulled successfully\nHEAD is now at af83f56\n\u26a0 DEPRECATION: Feature will be removed in v2.0\nOptimizing 23 modules...\n[12:52:25] WARN: Deprecated API usage\nCache miss for key-1609\nCompiling src/main.py...\nGET /status - 204 (80ms)\n\u26a0 DEPRECATION: Feature will be removed in v3.0\nTransforming 761 files...\n[12:52:25] INFO: Starting build process\nnpm install: added 100 packages\nStep 19/24: Linting\nFetching from https://googleapis.com/package.json\nWARNING: eslint has known vulnerabilities\npip: Downloading lodash-5.19.tar.gz\nGET /health - 201 (20ms)\nWaiting...\npip: Downloading react-4.2.tar.gz\npip: Collecting webpack\nUploading artifact 'build' (43 files)\nDone.\n[12:52:25] DEBUG: Initializing service\nOK\n[12:52:25] INFO: Connecting to database\nSwitched to branch 'feature/task-860'\nBundling styles.js\nArtifact uploaded: build.tar.gz (36MB)\nStep 2/21: Linting\npip: Installing build dependencies...\nCache miss for key-3374\n\u2713 Step 'test' succeeded\nPOST /upload - 202 (58ms)\n[12:52:25] DEBUG: Initializing service\n\u2713 All checks passed\n[12:52:25] INFO: Cache refreshed\nCache hit for key-3250\nWaiting...\n=== Step checkout completed ===\n=== Step: e2e_tests ===\nnpm install: added 456 packages\nFAILED: test_user_create\n\u2717 build failed with exit code 30\nInstalling axios@5.17.8\nArtifact uploaded: dist.zip (70MB)\nTLS handshake completed\nReady.\nInstalling prettier@4.10.1\nnpm install: added 356 packages\n\u2713 Task completed in 993ms\nUsing Python 3.10\nSnapshots: 16 passed, 37 total\nChecking out main branch\nCache miss for key-2692\nCache hit for key-3391\n\u26a0 DEPRECATION: Feature will be removed in v2.0\nImage pulled successfully\n[12:52:25] DEBUG: Connection pool: 2 active\nConnection established\n[12:52:25] DEBUG: Query executed in 17ms\nRan 154 tests in 41s\n[12:52:25] DEBUG: Loading configuration\nLoading...\nDone.\n[12:52:25] DEBUG: Loading configuration\nStep 6/17: Deploying\n[12:52:25] DEBUG: Loading configuration\nGenerating source maps...\nWARNING: express has known vulnerabilities\nFinished.\npip: Collecting jest\nWARNING: jest has known vulnerabilities\nImage pulled successfully\nStep 11/15: Linting\nArtifact downloaded: 27MB\nRan 56 tests in 26s\nInstalling webpack@1.18.6\nArtifact downloaded: 20MB\n\u2713 package completed\n\u2717 build failed with exit code 25\n[12:52:25] DEBUG: Connection pool: 20 active\nGET /api - 200 (95ms)\nUploading artifact 'coverage' (47 files)\n\u26a0 DEPRECATION: Feature will be removed in v4.0\nTest Suites: 16 passed, 9 total\nGET /status - 201 (11ms)\n\u2713 All checks passed\n\u2713 Task completed in 157ms\nnpm install: resolved 1901 packages\nnpm install: resolved 1010 packages\nnpm install: added 275 packages\nWARNING: jest has known vulnerabilities\nCompiling src/main.py...\nInstalling eslint@3.19.1\nUsing Python 3.10\n[12:52:25] DEBUG: Loading configuration\n[12:52:25] DEBUG: Query executed in 76ms\n\u26a0 DEPRECATION: Feature will be removed in v2.0\nCompiling utils/service.java...\nPOST /api - 200 (374ms)\nUsing Node.js 14.8.0\nCompiling utils/service.java...\nBuilding Docker image...\nSnapshots: 21 passed, 7 total\nCoverage: 87% statements, 99% branches\nPlatform: win32-x64\nArtifact uploaded: build.tar.gz (42MB)\nImage pulled successfully\nStep 18/17: Testing\nTest Suites: 28 passed, 36 total\nTests: 305 passed, 152 total\n\u26a0 DEPRECATION: Feature will be removed in v4.0\nTransforming 979 files...\n[12:52:25] INFO: Request completed\nTest Suites: 23 passed, 50 total\nCache saved successfully\n[12:52:25] DEBUG: Memory usage: 1053MB\nUsing Python 3.11\nWaiting...\nPushing to registry...\npip install: Successfully installed webpack-3.14\nWARNING: axios has known vulnerabilities\n[12:52:25] WARN: Deprecated API usage\nProcessing...\nGET /status - 201 (42ms)\nGET /api - 200 (46ms)\nPOST /data - 200 (238ms)\npip: Downloading react-1.6.tar.gz\n[12:52:25] DEBUG: Loading configuration\npip: Downloading lodash-5.15.tar.gz\nCompiling components/index.js...\nTransforming 628 files...\nCache miss for key-7560\nCompiling utils/app.ts...\nWaiting...\nStep 1/25: Linting\nCache hit for key-8727\npip: Installing build dependencies...\n[12:52:25] WARN: Deprecated API usage\nPOST /data - 201 (388ms)\nPlatform: darwin-arm64\nPushing to registry...\n[12:52:25] DEBUG: Connection pool: 18 active\n[12:52:25] WARN: Deprecated API usage\nCompiling components/index.js...\npip: Downloading eslint-1.6.tar.gz\nInstalling lodash@3.1.6\nTests: 467 passed, 139 total\n\u2713 Task completed in 491ms\n  PASS: e2e/test_auth_login.spec.js\nCoverage: 87% statements, 61% branches\nCompiling lib/utils.go...\nCache miss for key-4164\nArtifact downloaded: 29MB\n  PASS: test_cache_hit (40ms)\nCache saved successfully\nArtifact downloaded: 6MB\nTest Suites: 17 passed, 36 total\nEnvironment: test\nUploading artifact 'coverage' (48 files)\nWARNING: prettier has known vulnerabilities\nCache invalidated: node_modules\n[12:52:25] DEBUG: Initializing service\nCompiling components/utils.go...\nFetching submodules...\nCoverage: 70% statements, 84% branches\nPOST /api - 201 (150ms)\nImage pulled successfully\nPulling image: alpine:3.11\nCompiling utils/index.js...\nArtifact uploaded: build.tar.gz (16MB)\nCompiling components/main.py...\nCache saved successfully\nInstalling prettier@5.7.2\n\u26a0 DEPRECATION: Feature will be removed in v2.0\nArtifact uploaded: build.tar.gz (46MB)\nArtifact uploaded: dist.zip (88MB)\nCompiling utils/service.java...\nAlready up to date.\nUsing Node.js 17.9.0\nArtifact uploaded: dist.zip (62MB)\npip install: Successfully installed prettier-4.4\nnpm install: added 252 packages\nSuccess!\nTime: 20.995s\nOK\nCompiling utils/handler.rs...\nWaiting...\n[12:52:25] DEBUG: Connection pool: 9 active\nDone.\nStep 11/25: Deploying\nChecking out main branch\nImage pulled successfully\nFinished.\nUsing Python 3.11\nStep 2/18: Running migrations\npip: Collecting eslint\nTransforming 993 files...\nCompiling src/utils.go...\nArtifact uploaded: dist.zip (91MB)\nSuccess!\n\u2713 lint completed\nSuccess!\n[12:52:25] INFO: Cache refreshed\nPulling image: node:latest\nTLS handshake completed\nWARNING: express has known vulnerabilities\nWARNING: lodash has known vulnerabilities\nPOST /upload - 200 (202ms)\n[12:52:25] DEBUG: Memory usage: 1686MB\nStep 1/17: Testing\n\u26a0 DEPRECATION: Feature will be removed in v3.0\nTime: 85.255s\nUploading artifact 'coverage' (19 files)\nnpm install: resolved 1807 packages\nSwitched to branch 'feature/task-258'\n\u26a0 DEPRECATION: Feature will be removed in v2.0\nCreating production build...\npip: Installing build dependencies...\nCache saved successfully\nFetching from https://googleapis.com/package.json\nTLS handshake completed\nEnvironment: production\nTime: 45.882s\n[12:52:25] INFO: Cache refreshed\nyarn add: Done in 18.73s\nWARNING: webpack has known vulnerabilities\nSuccess!\nChecking out master branch\nStep 12/25: Linting\nCompiling src/handler.rs...\nVerifying...\npip install: Successfully installed axios-4.4\nMinifying app.js\nImage pulled successfully\n\u2713 Task completed in 1674ms\nChecking out develop branch\nCompiling utils/app.ts...\n[12:52:25] WARN: Deprecated API usage\n\u26a0 DEPRECATION: Feature will be removed in v2.0\n\u26a0 DEPRECATION: Feature will be removed in v2.0\n\u2713 Step 'test' succeeded\nTLS handshake completed\nLayer 9/13: RUN command\nOptimizing 85 modules...\n  PASS: test_user_create (156ms)\nHEAD is now at a45798d\n[12:52:25] INFO: Starting build process\npip: Installing build dependencies...\nStep 14/19: Testing\n=== Step e2e_tests completed ===\n=== Step: build ===\n[12:52:25] INFO: Connecting to database\nVerifying...\nCompiling utils/handler.rs...\nCache hit for key-3266\nMinifying app.js\nStep 9/19: Installing dependencies\nTest Suites: 24 passed, 13 total\nDone.\n[12:52:25] INFO: Request completed\n[12:52:25] DEBUG: Loading configuration\nHEAD is now at d09f7d3\nnpm install: added 63 packages\nnpm notice: created a lockfile\nyarn add: Done in 12.29s\nDone.\nWARNING: axios has known vulnerabilities\nProcessing...\nUploading artifact 'build' (28 files)\nImage pulled successfully\nWaiting...\nChecking out main branch\nStep 12/22: Installing dependencies\nPulling image: node:18\npip install: Successfully installed prettier-2.8\nSnapshots: 47 passed, 40 total\n[12:52:25] DEBUG: Memory usage: 1927MB\nOptimizing 50 modules...\nArtifact uploaded: dist.zip (61MB)\n[12:52:25] WARN: Deprecated API usage\nPOST /data - 200 (105ms)\nnpm install: added 30 packages\npip: Collecting react\n[12:52:25] INFO: Request completed\n[12:52:25] DEBUG: Loading configuration\nSwitched to branch 'bugfix/task-973'\nSwitched to branch 'bugfix/task-829'\n[12:52:25] DEBUG: Connection pool: 4 active\n[12:52:25] INFO: Cache refreshed\nGenerating source maps...\nOptimizing 24 modules...\nOK\nBundling runtime.js\nDone.\nFAILED: test_db_connect\nCache hit for key-7268\nnpm install: added 484 packages\nStep 9/17: Running migrations\nArtifact uploaded: dist.zip (68MB)\nFetching from https://docker.io/package.json\nStep 3/20: Running migrations\nDone.\npip: Collecting eslint\nNODE_ENV=test\nBundling runtime.css\nAlready up to date.\nImage pulled successfully\nTests: 349 passed, 292 total\nGenerating source maps...\nBuilding Docker image...\nPOST /data - 200 (18ms)\nWARNING: jest has known vulnerabilities\nStep 18/22: Linting\n[12:52:25] INFO: Request completed\nCompiling components/service.java...\nCompleted.\nFAILED: test_api_health\nArtifact downloaded: 12MB\n[12:52:25] WARN: Deprecated API usage\npip install: Successfully installed eslint-2.6\nEnvironment: staging\n[12:52:25] DEBUG: Connection pool: 11 active\nStep 12/22: Running migrations\n\u2717 build failed with exit code 64\nRan 102 tests in 15s\nWARNING: jest has known vulnerabilities\nCache invalidated: dependencies\nnpm notice: created a lockfile\nCache invalidated: dependencies\nnpm notice: created a lockfile\nFinished.\nStep 4/21: Running migrations\nDone.\n  PASS: test_auth_login (242ms)\nTLS handshake completed\nInstalling jest@2.6.3\nnpm install: added 290 packages\nArtifact uploaded: build.tar.gz (34MB)\nEnvironment: test\nReady.\nStep 20/17: Installing dependencies\nAlready up to date.\nLoading...\nGenerating source maps...\nRan 119 tests in 25s\nOK\nFinished.\n[12:52:25] INFO: Processing request\nFinished.\nLoading...\nWARNING: eslint has known vulnerabilities\nCache hit for key-5435\n[12:52:25] INFO: Processing request\n\u2713 Step 'checkout' succeeded\nStep 14/16: Running migrations\nWARNING: webpack has known vulnerabilities\nBuilding Docker image...\nCoverage: 95% statements, 74% branches\nPlatform: win32-x64\n\u26a0 DEPRECATION: Feature will be removed in v2.0\nnpm notice: created a lockfile\nMinifying vendor.js\nPushing to registry...\n\u2717 build failed with exit code 108\nnpm notice: created a lockfile\nChecking out develop branch\n[12:52:25] DEBUG: Initializing service\n  PASS: test_auth_login (68ms)\nStep 1/15: Building\nOK\nCache invalidated: build\nTime: 5.189s\nnpm install: added 338 packages\n[12:52:25] INFO: Request completed\nStep 6/16: Deploying\nCache restored successfully (391MB)\nNODE_ENV=development\nStep 20/21: Testing\nStep 15/25: Deploying\nSnapshots: 10 passed, 37 total\n[12:52:25] WARN: Deprecated API usage\n[12:52:25] WARN: Deprecated API usage\nArtifact downloaded: 15MB\nCache hit for key-2018\nFAILED: test_db_connect\npip: Downloading express-1.14.tar.gz\nSuccess!\n[12:52:25] DEBUG: Connection pool: 18 active\nSwitched to branch 'feature/task-298'\nCoverage: 76% statements, 60% branches\nStep 18/21: Linting\nInstalling jest@4.12.9\nCompleted.\npip install: Successfully installed eslint-4.13\nStep 12/24: Linting\n  PASS: integration/test_auth_login.spec.js\npip install: Successfully installed eslint-1.12\n  PASS: unit/test_cache_hit.spec.js\nLayer 6/11: COPY command\nStep 7/15: Testing\nArtifact uploaded: build.tar.gz (5MB)\nSwitched to branch 'bugfix/task-981'\nWARNING: prettier has known vulnerabilities\n[12:52:25] INFO: Connecting to database\nAlready up to date.\nMinifying main.js\nHEAD is now at a44abdd\nPlatform: linux-x64\n\u26a0 DEPRECATION: Feature will be removed in v2.0\nUsing Python 3.12\nTLS handshake completed\nCompiling utils/utils.go...\nVerifying...\nStep 17/17: Installing dependencies\nFAILED: test_user_create\nOK\nLayer 6/13: RUN command\nFAILED: test_user_create\n[12:52:25] DEBUG: Loading configuration\nReady.\n[12:52:25] INFO: Cache refreshed\nReady.\nWaiting...\nEnvironment: development\nBundling styles.js\n  PASS: unit/test_auth_login.spec.js\nCache saved successfully\n[12:52:25] DEBUG: Loading configuration\nnpm install: added 313 packages\nOptimizing 37 modules...\nCoverage: 72% statements, 61% branches\nyarn add: Done in 9.91s\nPlatform: win32-x64\nPushing to registry...\nGenerating source maps...\nStep 8/25: Testing\nRan 41 tests in 44s\nWaiting...\nException: NullPointerException\nnpm notice: package.json updated\nCompiling lib/utils.go...\nRan 168 tests in 7s\nInstalling lodash@3.7.1\n[12:52:25] DEBUG: Memory usage: 122MB\n\u2713 All checks passed\nTests: 79 passed, 134 total\nCache miss for key-1170\nInstalling axios@5.16.8\nMinifying app.js\n[12:52:25] INFO: Cache refreshed\npip: Downloading axios-1.16.tar.gz\nFAILED: test_user_create\nUsing Python 3.11\nCache restored successfully (268MB)\npip install: Successfully installed jest-4.13\nTransforming 793 files...\nVerifying...\n[12:52:25] DEBUG: Loading configuration\n[12:52:25] ERROR: Connection failed\nFAILED: test_user_create\n  PASS: test_db_connect (449ms)\n=== Step build completed ===\n=== Step: lint ===\nFAILED: test_api_health\nGET /health - 204 (79ms)\nPOST /upload - 202 (351ms)\n[12:52:25] WARN: Deprecated API usage\nArtifact downloaded: 1MB\nUsing Node.js 16.7.1\nStep 9/22: Deploying\nUploading artifact 'coverage' (27 files)\nNODE_ENV=development\nTests: 153 passed, 313 total\n  PASS: e2e/test_user_create.spec.js\nSnapshots: 3 passed, 25 total\nCompleted.\nnpm notice: package.json updated\nSuccess!\nnpm notice: created a lockfile\nWaiting...\n\u26a0 DEPRECATION: Feature will be removed in v4.0\nLoading...\nPOST /data - 201 (481ms)\nArtifact uploaded: build.tar.gz (17MB)\nStep 8/15: Building\nTests: 268 passed, 208 total\nFetching from https://googleapis.com/package.json\npip: Installing build dependencies...\n\u2713 build completed\n  PASS: test_cache_hit (207ms)\nInstalling webpack@3.17.2\n[12:52:25] INFO: Cache refreshed\npip: Installing build dependencies...\nWaiting...\nWARNING: eslint has known vulnerabilities\nInstalling webpack@3.16.4\n\u2713 All checks passed\nException: RuntimeError\nCompiling components/app.ts...\nCoverage: 100% statements, 64% branches\npip: Installing build dependencies...\nOptimizing 47 modules...\nStep 16/15: Linting\n\u2713 Step 'checkout' succeeded\nStep 11/21: Testing\nMinifying vendor.js\nInstalling webpack@3.17.5\n\u2713 Task completed in 2429ms\npip: Collecting prettier\n  PASS: e2e/test_api_health.spec.js\nCompiling utils/index.js...\nCompiling lib/handler.rs...\nDone.\n\u2713 test completed\nTime: 78.964s\n[12:52:25] INFO: Processing request\n[12:52:25] INFO: Connecting to database\n[12:52:25] WARN: Deprecated API usage\nWaiting...\n\u2713 Step 'test' succeeded\nSnapshots: 31 passed, 25 total\nReady.\nWaiting...\nStep 5/18: Testing\nChecking out main branch\nStep 20/15: Installing dependencies\nnpm install: resolved 356 packages\nSnapshots: 31 passed, 46 total\nTest Suites: 5 passed, 25 total\nInstalling prettier@5.3.6\n[12:52:25] INFO: Processing request\nGenerating source maps...\nReady.\nnpm notice: package.json updated\npip: Installing build dependencies...\nCompiling components/handler.rs...\nCoverage: 75% statements, 94% branches\nWARNING: express has known vulnerabilities\nStep 2/19: Installing dependencies\nCompiling utils/app.ts...\npip: Downloading lodash-5.14.tar.gz\nLayer 10/13: COPY command\nCompiling utils/utils.go...\nnpm install: resolved 865 packages\n  PASS: unit/test_db_connect.spec.js\npip: Downloading jest-5.18.tar.gz\nCache saved successfully\nTime: 18.904s\nTLS handshake completed\n[12:52:25] WARN: Deprecated API usage\nTLS handshake completed\nGenerating source maps...\nVerifying...\nNODE_ENV=development\nStep 15/19: Testing\nnpm notice: package.json updated\nUploading artifact 'dist' (11 files)\nArtifact uploaded: dist.zip (61MB)\nGET /status - 201 (15ms)\nRan 44 tests in 26s\nBundling styles.css\nCache invalidated: node_modules\nCache saved successfully\nGenerating source maps...\nTransforming 358 files...\nCreating production build...\nGET /api - 204 (33ms)\nGenerating source maps...\nPulling image: node:3.11\nCompiling src/utils.go...\nCreating production build...\n\u2717 build failed with exit code 6\nSnapshots: 46 passed, 28 total\nCache saved successfully\n[12:52:25] INFO: Cache refreshed\nFetching submodules...\n[12:52:25] DEBUG: Memory usage: 415MB\nyarn add: Done in 25.54s\nnpm install: added 407 packages\nBuilding Docker image...\n\u26a0 DEPRECATION: Feature will be removed in v3.0\nCache saved successfully\nPlatform: darwin-arm64\nProcessing...\nTests: 179 passed, 476 total\nCompiling src/app.ts...\nStep 2/19: Installing dependencies\nCache saved successfully\nyarn add: Done in 4.66s\n[12:52:25] INFO: Starting build process\nCreating production build...\n\u2717 build failed with exit code 98\n[12:52:25] DEBUG: Connection pool: 15 active\nCache miss for key-4674\nCache miss for key-4729\nStep 13/20: Building\n[12:52:25] INFO: Starting build process\nCache hit for key-2840\nTLS handshake completed\npip: Collecting webpack\nTests: 487 passed, 59 total\npip: Installing build dependencies...\nWaiting...\nCreating production build...\npip: Downloading eslint-2.15.tar.gz\n[12:52:25] DEBUG: Loading configuration\n\u26a0 DEPRECATION: Feature will be removed in v5.0\nFetching submodules...\n\u26a0 DEPRECATION: Feature will be removed in v2.0\nPulling image: alpine:3.11\nCompiling lib/main.py...\n[12:52:25] DEBUG: Memory usage: 258MB\nLayer 1/13: COPY command\nCache invalidated: node_modules\nnpm install: added 49 packages\n[12:52:25] WARN: Deprecated API usage\nCreating production build...\nWARNING: lodash has known vulnerabilities\n[12:52:25] DEBUG: Memory usage: 406MB\nBundling main.js\nProcessing...\nArtifact downloaded: 48MB\nFAILED: test_db_connect\nSuccess!\nPulling image: node:latest\nBundling styles.css\nnpm notice: created a lockfile\nHEAD is now at 9163b1d\nEnvironment: test\nStep 9/22: Deploying\n[12:52:25] DEBUG: Loading configuration\nFAILED: test_db_connect\nVerifying...\nVerifying...\nStep 16/16: Building\n[12:52:25] ERROR: Connection failed\nAlready up to date.\nCompiling utils/index.js...\nSnapshots: 40 passed, 20 total\n\u2717 build failed with exit code 31\n\u2713 build completed\nGenerating source maps...\nGenerating source maps...\nPOST /data - 202 (433ms)\nHEAD is now at cae956f\nTransforming 815 files...\nHEAD is now at 68dd091\nConnection established\nCompleted.\n  PASS: unit/test_cache_hit.spec.js\nBuilding Docker image...\nStep 16/25: Installing dependencies\nArtifact uploaded: build.tar.gz (5MB)\nFetching submodules...\nNODE_ENV=production\n\u2713 Task completed in 4397ms\nAlready up to date.\nLoading...\nUploading artifact 'coverage' (32 files)\nFetching from https://amazonaws.com/package.json\nnpm notice: created a lockfile\nAlready up to date.\nCache hit for key-6021\n\u2713 All checks passed\n[12:52:25] DEBUG: Connection pool: 7 active\n\u2713 All checks passed\nStep 2/24: Building\nTLS handshake completed\nLoading...\nCache restored successfully (244MB)\nStep 1/22: Linting\nDone.\n\u2713 lint completed\n=== Step lint completed ===\n=== Step: install_dependencies ===\nnpm notice: package.json updated\nStep 15/23: Running migrations\nnpm install: resolved 1827 packages\nCache invalidated: node_modules\nHEAD is now at 7c4708e\npip: Collecting express\nException: NullPointerException\nCache invalidated: build\nPlatform: win32-x64\npip: Downloading eslint-5.20.tar.gz\nLayer 9/15: RUN command\nBundling styles.css\n\u26a0 DEPRECATION: Feature will be removed in v4.0\nCache invalidated: node_modules\nArtifact uploaded: build.tar.gz (44MB)\nTransforming 435 files...\n[12:52:25] DEBUG: Loading configuration\nSuccess!\nRan 140 tests in 39s\nLayer 9/11: ENV command\n[12:52:25] WARN: Deprecated API usage\n\u26a0 DEPRECATION: Feature will be removed in v2.0\n  PASS: test_db_connect (287ms)\nCache hit for key-5901\nStep 10/16: Linting\nWARNING: react has known vulnerabilities\nCreating production build...\n[12:52:25] DEBUG: Query executed in 76ms\nOK\nCache restored successfully (211MB)\n[12:52:25] DEBUG: Query executed in 18ms\n[12:52:25] WARN: Deprecated API usage\nSuccess!\nTransforming 647 files...\n[12:52:25] DEBUG: Query executed in 15ms\nPlatform: win32-x64\nImage pulled successfully\nLayer 9/10: RUN command\nReady.\nCoverage: 71% statements, 63% branches\nGenerating source maps...\nPulling image: node:3.11\nProcessing...\nCache saved successfully\nImage pulled successfully\npip: Collecting webpack\nPushing to registry...\npip: Installing build dependencies...\nTest Suites: 37 passed, 44 total\n[12:52:25] DEBUG: Loading configuration\nCompiling src/app.ts...\nStep 8/17: Testing\n\u26a0 DEPRECATION: Feature will be removed in v4.0\nArtifact downloaded: 43MB\nNODE_ENV=production\nnpm notice: package.json updated\nCache saved successfully\nStep 2/18: Installing dependencies\nSwitched to branch 'feature/task-489'\nStep 7/24: Running migrations\n[12:52:25] INFO: Processing request\nOptimizing 39 modules...\npip: Installing build dependencies...\nEnvironment: production\nGET /health - 201 (43ms)\nConnection established\nCache saved successfully\nFinished.\nWaiting...\nUsing Python 3.9\nCache invalidated: node_modules\nGenerating source maps...\nUsing Python 3.12\nStep 1/19: Deploying\npip install: Successfully installed lodash-3.9\nnpm notice: package.json updated\n[12:52:25] INFO: Connecting to database\n\u2713 All checks passed\nSuccess!\nPOST /upload - 202 (395ms)\nFinished.\nCache saved successfully\nCompiling components/main.py...\nRan 109 tests in 27s\n[12:52:25] DEBUG: Loading configuration\n[12:52:25] DEBUG: Loading configuration\n[12:52:25] DEBUG: Query executed in 63ms\nStep 18/15: Linting\nArtifact uploaded: dist.zip (15MB)\nCache miss for key-4472\nSwitched to branch 'feature/task-979'\nyarn add: Done in 23.82s\nArtifact uploaded: build.tar.gz (34MB)\nCache miss for key-5909\nCache hit for key-5261\nCompleted.\nCompiling lib/handler.rs...\nMinifying vendor.js\nCompiling src/service.java...\nCoverage: 77% statements, 67% branches\nCompiling components/service.java...\nCompiling utils/index.js...\nPulling image: node:latest\npip: Downloading express-5.4.tar.gz\n\u26a0 DEPRECATION: Feature will be removed in v3.0\nCreating production build...\nTransforming 537 files...\nCache restored successfully (305MB)\n[12:52:25] INFO: Cache refreshed\nUsing Python 3.12\n\u2713 validate completed\nHEAD is now at ed01a17\nyarn add: Done in 27.31s\nWaiting...\nImage pulled successfully\nNODE_ENV=test\nGET /api - 201 (97ms)\nNODE_ENV=test\nTransforming 932 files...\nVerifying...\nStep 4/15: Building\n[12:52:25] WARN: Deprecated API usage\nStep 9/25: Running migrations\nMinifying vendor.js\nSnapshots: 16 passed, 0 total\n[12:52:25] WARN: Deprecated API usage\nConnection established\n\u26a0 DEPRECATION: Feature will be removed in v5.0\nCreating production build...\n  PASS: test_db_connect (431ms)\nTransforming 784 files...\nAlready up to date.\npip: Downloading react-2.5.tar.gz\n[12:52:25] INFO: Request completed\nException: NullPointerException\n[12:52:25] DEBUG: Memory usage: 904MB\n[12:52:25] INFO: Connecting to database\nHEAD is now at 92cef4f\n[12:52:25] INFO: Request completed\n[12:52:25] INFO: Request completed\nCompiling lib/index.js...\n[12:52:25] DEBUG: Connection pool: 13 active\nCache invalidated: dependencies\nCache saved successfully\nNODE_ENV=production\nGenerating source maps...\nVerifying...\nWARNING: express has known vulnerabilities\nStep 20/21: Testing\nCache restored successfully (470MB)\n[12:52:25] INFO: Processing request\nStep 2/24: Linting\nCoverage: 85% statements, 99% branches\nFetching from https://registry.npmjs.org/package.json\nWARNING: express has known vulnerabilities\nAlready up to date.\n[12:52:25] DEBUG: Memory usage: 286MB\n\u2713 validate completed\nArtifact uploaded: build.tar.gz (18MB)\nWaiting...\nStep 10/24: Deploying\nCache hit for key-8643\nChecking out master branch\nCompiling components/main.py...\nSuccess!\nTLS handshake completed\nGenerating source maps...\nCompleted.\npip install: Successfully installed lodash-3.20\nCache saved successfully\n[12:52:25] DEBUG: Loading configuration\n[12:52:25] INFO: Starting build process\nCompiling components/index.js...\nCreating production build...\nFetching submodules...\nnpm notice: package.json updated\nArtifact uploaded: build.tar.gz (14MB)\nConnection established\nTests: 429 passed, 372 total\n[12:52:25] WARN: Deprecated API usage\n[12:52:25] DEBUG: Memory usage: 383MB\nnpm install: resolved 572 packages\n\u2713 All checks passed\nMinifying vendor.js\n[12:52:25] INFO: Processing request\nInstalling express@1.15.10\nTLS handshake completed\nFinished.\nStep 11/16: Linting\nCache invalidated: dependencies\nStep 10/24: Building\nStep 12/19: Running migrations\nChecking out main branch\nCache hit for key-9766\nWaiting...\npip: Installing build dependencies...\nImage pulled successfully\n\u2713 validate completed\nPushing to registry...\n\u2713 deploy completed\nCompiling utils/utils.go...\nTransforming 972 files...\nAlready up to date.\nVerifying...\nBundling runtime.js\nException: TypeError\nCompiling lib/handler.rs...\n\u2713 Step 'build' succeeded\nStep 4/19: Deploying\nSwitched to branch 'bugfix/task-379'\n=== Step install_dependencies completed ===\n=== Step: upload_artifacts ===\nBundling styles.css\n\u2713 Task completed in 3528ms\nArtifact downloaded: 46MB\n[12:52:25] WARN: Deprecated API usage\nArtifact downloaded: 4MB\nTLS handshake completed\n\u2713 Task completed in 927ms\nPulling image: alpine:latest\nWARNING: lodash has known vulnerabilities\nGET /status - 200 (20ms)\nWaiting...\n\u2713 Task completed in 3567ms\nVerifying...\nCompiling components/service.java...\n[12:52:25] DEBUG: Initializing service\n[12:52:25] DEBUG: Connection pool: 6 active\npip: Installing build dependencies...\nStep 12/16: Installing dependencies\nException: RuntimeError\nCache saved successfully\nCache restored successfully (191MB)\nHEAD is now at 606cbb0\n[12:52:25] DEBUG: Connection pool: 14 active\nCompiling components/service.java...\nTLS handshake completed\nNODE_ENV=production\nCompiling src/utils.go...\nFetching submodules...\nWaiting...\n[12:52:25] ERROR: Connection failed\n[12:52:25] WARN: Deprecated API usage\nFetching from https://googleapis.com/package.json\nTests: 478 passed, 130 total\nLoading...\n[12:52:25] INFO: Connecting to database\nCreating production build...\nCache miss for key-2074\nFetching from https://githubusercontent.com/package.json\nTime: 54.701s\n[12:52:25] DEBUG: Memory usage: 1647MB\nVerifying...\nBundling runtime.css\n[12:52:25] WARN: Deprecated API usage\nCache hit for key-2527\nBuilding Docker image...\nPushing to registry...\n\u2713 Task completed in 3552ms\nStep 4/16: Linting\nCompiling components/app.ts...\nStep 14/16: Deploying\nSnapshots: 8 passed, 36 total\nStep 5/18: Running migrations\nStep 4/17: Linting\nPushing to registry...\nFetching from https://pypi.org/package.json\nOptimizing 86 modules...\nCache hit for key-8642\nSnapshots: 5 passed, 1 total\n\u2713 test completed\nLayer 2/11: COPY command\nSwitched to branch 'bugfix/task-227'\nTests: 165 passed, 113 total\nBundling main.js\n\u2713 Task completed in 3199ms\nCompleted.\nSuccess!\nPlatform: darwin-arm64\nSnapshots: 8 passed, 27 total\nWaiting...\nDone.\nEnvironment: staging\nnpm notice: created a lockfile\nWARNING: prettier has known vulnerabilities\nOK\nFinished.\nWARNING: eslint has known vulnerabilities\nSwitched to branch 'hotfix/task-409'\nProcessing...\nPushing to registry...\nSwitched to branch 'feature/task-746'\nCompiling lib/index.js...\nUploading artifact 'coverage' (33 files)\nStep 1/20: Running migrations\n[12:52:25] DEBUG: Connection pool: 6 active\nPulling image: alpine:latest\nCompiling utils/app.ts...\n  PASS: test_auth_login (163ms)\nDone.\nAlready up to date.\nArtifact uploaded: build.tar.gz (31MB)\nFetching submodules...\nVerifying...\n[12:52:25] INFO: Processing request\nCache hit for key-9178\npip: Installing build dependencies...\n[12:52:25] DEBUG: Initializing service\nLayer 8/15: RUN command\nAlready up to date.\nWARNING: prettier has known vulnerabilities\nInstalling react@5.5.6\n[12:52:25] WARN: Deprecated API usage\nCoverage: 83% statements, 91% branches\n\u2713 Task completed in 274ms\n[12:52:25] DEBUG: Loading configuration\nUsing Python 3.9\nException: TypeError\n\u2717 build failed with exit code 73\nStep 1/20: Deploying\n\u2717 build failed with exit code 107\nCache hit for key-7277\nUsing Python 3.9\nArtifact uploaded: build.tar.gz (10MB)\nVerifying...\nHEAD is now at 338e2f3\nCache invalidated: node_modules\nWaiting...\nSnapshots: 3 passed, 46 total\nArtifact uploaded: build.tar.gz (23MB)\nBuilding Docker image...\nFinished.\nWARNING: webpack has known vulnerabilities\n\u2713 Task completed in 2519ms\nCompiling src/service.java...\nnpm notice: created a lockfile\nOK\n[12:52:25] WARN: Deprecated API usage\nCache hit for key-4183\nStep 20/15: Deploying\n[12:52:25] INFO: Request completed\nCreating production build...\n[12:52:25] DEBUG: Query executed in 4ms\nVerifying...\nAlready up to date.\nPlatform: darwin-arm64\n[12:52:25] INFO: Processing request\nWaiting...\nnpm notice: package.json updated\n  PASS: test_db_connect (425ms)\nStep 12/17: Installing dependencies\nCompiling utils/utils.go...\nOptimizing 87 modules...\nCache invalidated: node_modules\nFetching submodules...\nnpm install: added 414 packages\nCompiling lib/service.java...\nChecking out main branch\nCache invalidated: build\nConnection established\nUploading artifact 'coverage' (12 files)\n  PASS: test_db_connect (215ms)\nTransforming 131 files...\n[12:52:25] INFO: Starting build process\nCache miss for key-1048\n[12:52:25] INFO: Processing request\nCache miss for key-7859\nFinished.\nLoading...\nLayer 4/10: ENV command\nStep 1/22: Deploying\nNODE_ENV=development\n\u26a0 DEPRECATION: Feature will be removed in v5.0\n\u26a0 DEPRECATION: Feature will be removed in v5.0\n[12:52:25] DEBUG: Connection pool: 6 active\nArtifact uploaded: dist.zip (17MB)\nOptimizing 84 modules...\n  PASS: test_user_create (318ms)\nWaiting...\nPOST /api - 202 (296ms)\nUsing Python 3.12\n\u26a0 DEPRECATION: Feature will be removed in v2.0\nProcessing...\nStep 13/20: Installing dependencies\nUsing Python 3.12\nTLS handshake completed\n[12:52:25] DEBUG: Memory usage: 1618MB\nTests: 119 passed, 291 total\nWARNING: lodash has known vulnerabilities\nFetching submodules...\n[12:52:25] WARN: Deprecated API usage\npip: Collecting react\nInstalling webpack@1.10.10\n  PASS: test_auth_login (213ms)\n[12:52:25] DEBUG: Memory usage: 1438MB\nPOST /api - 200 (371ms)\n  PASS: unit/test_api_health.spec.js\nCompiling src/index.js...\nEnvironment: test\nCache restored successfully (277MB)\nOptimizing 65 modules...\nWARNING: lodash has known vulnerabilities\n[12:52:25] DEBUG: Query executed in 34ms\npip: Installing build dependencies...\nFetching from https://gcr.io/package.json\n[12:52:25] DEBUG: Query executed in 34ms\n\u2713 Task completed in 1761ms\n[12:52:25] DEBUG: Initializing service\n[12:52:25] WARN: Deprecated API usage\nOK\nTest Suites: 36 passed, 45 total\nUsing Python 3.12\nProcessing...\nTLS handshake completed\nUsing Python 3.12\n[12:52:25] INFO: Cache refreshed\nStep 18/18: Linting\nMinifying vendor.js\nStep 3/20: Deploying\nFetching submodules...\nInstalling lodash@2.0.8\nAlready up to date.\n=== Step upload_artifacts completed ===\n=== Step: deploy_staging ===\nGenerating source maps...\nGET /status - 204 (68ms)\nCache saved successfully\nCreating production build...\nWARNING: lodash has known vulnerabilities\nArtifact uploaded: build.tar.gz (43MB)\n  PASS: test_cache_hit (90ms)\nWARNING: axios has known vulnerabilities\n\u26a0 DEPRECATION: Feature will be removed in v5.0\nCache hit for key-1145\n[12:52:25] WARN: Deprecated API usage\n[12:52:25] ERROR: Connection failed\nFinished.\nLayer 6/10: RUN command\nPushing to registry...\nArtifact uploaded: build.tar.gz (44MB)\n[12:52:25] INFO: Request completed\n\u26a0 DEPRECATION: Feature will be removed in v2.0\nArtifact uploaded: build.tar.gz (20MB)\nCoverage: 98% statements, 81% branches\nCache hit for key-4190\n  PASS: test_user_create (392ms)\nLoading...\nTest Suites: 13 passed, 7 total\nCreating production build...\n[12:52:25] DEBUG: Initializing service\nConnection established\nCompiling utils/service.java...\nArtifact uploaded: build.tar.gz (13MB)\nSuccess!\nnpm notice: created a lockfile\nCache saved successfully\nStep 17/22: Deploying\nCompiling utils/app.ts...\nException: ValueError\nSwitched to branch 'hotfix/task-952'\nOptimizing 93 modules...\nSuccess!\nGET /api - 204 (100ms)\nLayer 9/10: ENV command\nCache saved successfully\nVerifying...\n\u2713 Task completed in 504ms\n[12:52:25] INFO: Connecting to database\nBundling runtime.js\nnpm notice: package.json updated\nPlatform: linux-x64\nHEAD is now at 75702a6\nFetching from https://npmjs.org/package.json\n\u26a0 DEPRECATION: Feature will be removed in v4.0\nnpm install: resolved 175 packages\nBundling styles.js\n[12:52:25] DEBUG: Initializing service\n[12:52:25] DEBUG: Memory usage: 1378MB\n[12:52:25] DEBUG: Memory usage: 1796MB\n[12:52:25] INFO: Processing request\nStep 5/25: Installing dependencies\nTest Suites: 46 passed, 39 total\n[12:52:25] DEBUG: Query executed in 12ms\nnpm install: added 374 packages\npip: Downloading react-5.11.tar.gz\nnpm notice: package.json updated\nEnvironment: test\n[12:52:25] DEBUG: Query executed in 93ms\n\u2713 Task completed in 3030ms\nCoverage: 88% statements, 86% branches\nSuccess!\n[12:52:25] INFO: Request completed\nLayer 9/15: ENV command\nCache invalidated: node_modules\nnpm notice: package.json updated\nBundling main.js\nUploading artifact 'build' (7 files)\nTests: 256 passed, 356 total\nPOST /api - 200 (183ms)\nReady.\nCompiling lib/handler.rs...\nUploading artifact 'dist' (48 files)\nnpm install: resolved 1161 packages\nArtifact uploaded: build.tar.gz (35MB)\nReady.\nSnapshots: 34 passed, 22 total\n\u2717 build failed with exit code 103\nCache restored successfully (22MB)\nnpm install: resolved 849 packages\nTransforming 922 files...\nDone.\nPushing to registry...\npip: Collecting prettier\n[12:52:25] INFO: Connecting to database\nCache restored successfully (326MB)\n[12:52:25] DEBUG: Connection pool: 20 active\nnpm install: added 301 packages\nSuccess!\n[12:52:25] DEBUG: Initializing service\npip install: Successfully installed axios-5.9\nGET /api - 201 (79ms)\n[12:52:25] ERROR: Connection failed\nChecking out main branch\n\u26a0 DEPRECATION: Feature will be removed in v5.0\nFAILED: test_db_connect\nWaiting...\nWARNING: express has known vulnerabilities\nRan 32 tests in 30s\n\u2713 build completed\n\u2713 Task completed in 643ms\npip: Collecting react\nTests: 392 passed, 143 total\nFinished.\nyarn add: Done in 16.61s\nVerifying...\nWARNING: react has known vulnerabilities\nFinished.\nPlatform: linux-x64\n  PASS: test_db_connect (431ms)\nFetching submodules...\nUsing Python 3.11\nConnection established\nDone.\nPulling image: node:latest\n[12:52:25] INFO: Request completed\nFAILED: test_user_create\nInstalling eslint@4.8.0\nStep 17/15: Building\nCache miss for key-4888\n[12:52:25] INFO: Connecting to database\n\u2713 validate completed\nGenerating source maps...\nFinished.\n[12:52:25] DEBUG: Memory usage: 334MB\n\u2713 Step 'setup' succeeded\nPlatform: linux-x64\nCoverage: 91% statements, 85% branches\n[12:52:25] DEBUG: Connection pool: 3 active\n\u2717 build failed with exit code 12\nEnvironment: test\nStep 3/25: Deploying\nConnection established\nUsing Python 3.9\n[12:52:25] WARN: Deprecated API usage\n[12:52:25] DEBUG: Query executed in 39ms\nCompleted.\nWARNING: lodash has known vulnerabilities\nCache hit for key-3187\nnpm notice: package.json updated\nDone.\nUsing Python 3.12\n\u26a0 DEPRECATION: Feature will be removed in v2.0\nTransforming 633 files...\nImage pulled successfully\nCache miss for key-8864\nnpm install: added 176 packages\nTime: 70.421s\nCreating production build...\nCompiling utils/index.js...\n[12:52:26] INFO: Request completed\n  PASS: test_db_connect (436ms)\nStep 4/23: Linting\nWaiting...\nBundling styles.js\nLayer 8/13: RUN command\nSnapshots: 46 passed, 46 total\nHEAD is now at 0b5934c\n[12:52:26] INFO: Processing request\nWaiting...\nProcessing...\nStep 6/19: Building\nnpm install: resolved 1045 packages\nWARNING: react has known vulnerabilities\n\u2713 lint completed\n\u2713 deploy completed\nStep 4/18: Testing\nDone.\nFetching from https://registry.npmjs.org/package.json\nyarn add: Done in 27.66s\nCompiling src/main.py...\nProcessing...\nPOST /api - 200 (281ms)\nCompiling lib/index.js...\n[12:52:26] INFO: Starting build process\nLayer 6/13: COPY command\nMinifying vendor.js\n[12:52:26] ERROR: Connection failed\nSwitched to branch 'bugfix/task-231'\nStep 12/21: Installing dependencies\nnpm install: resolved 1591 packages\n[12:52:26] INFO: Cache refreshed\nWaiting...\nCoverage: 78% statements, 95% branches\n[12:52:26] DEBUG: Initializing service\nImage pulled successfully\nUsing Node.js 20.6.6\nDone.\nRan 68 tests in 46s\nPOST /data - 200 (84ms)\nSnapshots: 50 passed, 17 total\nStep 10/17: Deploying\nFAILED: test_user_create\n[12:52:26] DEBUG: Query executed in 92ms\nArtifact downloaded: 44MB\nSuccess!\n\u2713 All checks passed\nRan 125 tests in 22s\nUsing Python 3.9\nTLS handshake completed\n[12:52:26] INFO: Processing request\nnpm install: resolved 1408 packages\nTime: 112.85s\nVerifying...\nPushing to registry...\n=== Step deploy_staging completed ===\n=== Step: type_check ===\nStep 2/16: Running migrations\nFinished.\nReady.\nProcessing...\nCompiling components/app.ts...\nArtifact downloaded: 42MB\nOptimizing 46 modules...\n\u2713 Task completed in 499ms\nAlready up to date.\n[12:52:26] ERROR: Connection failed\n[12:52:26] DEBUG: Query executed in 60ms\n\u2713 package completed\nSuccess!\nStep 10/21: Linting\n\u26a0 DEPRECATION: Feature will be removed in v2.0\nChecking out main branch\nOptimizing 42 modules...\nVerifying...\nCache hit for key-9989\npip install: Successfully installed prettier-3.11\n[12:52:26] WARN: Deprecated API usage\nSwitched to branch 'bugfix/task-342'\nFinished.\n\u26a0 DEPRECATION: Feature will be removed in v2.0\nTime: 25.745s\nCache miss for key-4487\nStep 8/25: Running migrations\nTest Suites: 13 passed, 8 total\nBuilding Docker image...\nOK\nnpm notice: package.json updated\n[12:52:26] INFO: Request completed\nArtifact uploaded: build.tar.gz (16MB)\nArtifact downloaded: 37MB\nWaiting...\nnpm install: added 82 packages\n\u26a0 DEPRECATION: Feature will be removed in v3.0\nSnapshots: 13 passed, 22 total\n\u2713 All checks passed\nCompleted.\n[12:52:26] WARN: Deprecated API usage\n[12:52:26] ERROR: Connection failed\nArtifact uploaded: build.tar.gz (12MB)\npip install: Successfully installed axios-5.5\n[12:52:26] INFO: Processing request\n\u2713 validate completed\nPulling image: python:18\nCache miss for key-2624\nWARNING: axios has known vulnerabilities\nArtifact downloaded: 41MB\nStep 19/16: Testing\nArtifact uploaded: build.tar.gz (39MB)\npip install: Successfully installed lodash-4.4\n[12:52:26] WARN: Deprecated API usage\npip: Downloading react-3.15.tar.gz\n[12:52:26] WARN: Deprecated API usage\nUsing Python 3.12\n  PASS: test_cache_hit (238ms)\nCompiling src/index.js...\nException: RuntimeError\nyarn add: Done in 28.33s\n\u2713 Task completed in 1377ms\nVerifying...\nStep 4/24: Building\nUsing Python 3.11\nNODE_ENV=test\n[12:52:26] INFO: Starting build process\nCompiling src/app.ts...\n[12:52:26] INFO: Starting build process\nnpm install: added 249 packages\npip: Installing build dependencies...\nVerifying...\nStep 11/23: Building\nReady.\nSwitched to branch 'feature/task-727'\n[12:52:26] DEBUG: Connection pool: 18 active\n[12:52:26] DEBUG: Loading configuration\nLayer 2/12: COPY command\nBundling main.js\nArtifact downloaded: 15MB\nnpm install: added 383 packages\n[12:52:26] INFO: Starting build process\n[12:52:26] INFO: Cache refreshed\nTransforming 325 files...\n\u26a0 DEPRECATION: Feature will be removed in v5.0\n[12:52:26] INFO: Starting build process\nPulling image: alpine:18\nnpm notice: package.json updated\n[12:52:26] WARN: Deprecated API usage\nPOST /api - 202 (481ms)\nOptimizing 88 modules...\nFAILED: test_auth_login\nUsing Python 3.10\nInstalling lodash@2.19.5\nTransforming 407 files...\npip: Collecting axios\nCache invalidated: build\nCompiling components/service.java...\n\u2713 Task completed in 1207ms\nArtifact downloaded: 34MB\nCoverage: 74% statements, 97% branches\n\u26a0 DEPRECATION: Feature will be removed in v2.0\nCompiling utils/service.java...\nnpm install: resolved 1772 packages\nStep 15/17: Installing dependencies\nChecking out main branch\nWARNING: express has known vulnerabilities\nNODE_ENV=production\nReady.\nCreating production build...\n[12:52:26] DEBUG: Loading configuration\nPlatform: darwin-arm64\n  PASS: test_user_create (320ms)\n  PASS: test_auth_login (370ms)\nCoverage: 75% statements, 72% branches\n[12:52:26] INFO: Request completed\nStep 11/20: Testing\n[12:52:26] INFO: Starting build process\nFAILED: test_user_create\nUploading artifact 'coverage' (49 files)\npip: Installing build dependencies...\nStep 13/21: Building\nStep 10/17: Running migrations\nTLS handshake completed\nCache restored successfully (231MB)\nUploading artifact 'build' (2 files)\nTransforming 299 files...\n[12:52:26] INFO: Request completed\nCompiling src/app.ts...\nStep 8/23: Installing dependencies\nWaiting...\nTest Suites: 23 passed, 21 total\nCache miss for key-3094\nStep 19/18: Deploying\nCache miss for key-9695\nStep 12/15: Linting\nArtifact uploaded: dist.zip (1MB)\nLoading...\nInstalling express@2.8.8\nWARNING: jest has known vulnerabilities\nVerifying...\n[12:52:26] DEBUG: Connection pool: 11 active\nStep 1/19: Deploying\n\u2713 Step 'setup' succeeded\nReady.\nStep 2/24: Running migrations\n[12:52:26] WARN: Deprecated API usage\n[12:52:26] WARN: Deprecated API usage\nArtifact uploaded: build.tar.gz (20MB)\nDone.\nHEAD is now at ec12cea\nAlready up to date.\nSwitched to branch 'bugfix/task-578'\n  PASS: integration/test_auth_login.spec.js\nUsing Python 3.10\nStep 16/21: Linting\nWARNING: react has known vulnerabilities\n\u2713 deploy completed\nCoverage: 78% statements, 67% branches\nCompleted.\n[12:52:26] DEBUG: Connection pool: 10 active\nLoading...\nCompiling utils/service.java...\n[12:52:26] WARN: Deprecated API usage\nFinished.\n[12:52:26] WARN: Deprecated API usage\n[12:52:26] DEBUG: Memory usage: 700MB\npip: Collecting jest\nMinifying app.js\nyarn add: Done in 11.97s\nFetching from https://githubusercontent.com/package.json\n[12:52:26] INFO: Connecting to database\nVerifying...\n[12:52:26] DEBUG: Initializing service\nConnection established\nTime: 118.881s\n[12:52:26] DEBUG: Query executed in 56ms\nUsing Node.js 20.15.7\nCompiling components/main.py...\nCompiling utils/handler.rs...\nSnapshots: 21 passed, 34 total\nDone.\nFetching submodules...\nnpm install: added 67 packages\nReady.\nTests: 384 passed, 58 total\nnpm install: resolved 1221 packages\nFAILED: test_auth_login\n\u2713 Task completed in 4299ms\nCache saved successfully\nConnection established\nOptimizing 18 modules...\nCache hit for key-9420\nCompiling components/index.js...\nArtifact downloaded: 15MB\nOptimizing 86 modules...\npip: Collecting express\nnpm notice: created a lockfile\nArtifact downloaded: 2MB\nOptimizing 62 modules...\nFetching from https://registry.npmjs.org/package.json\nStep 15/21: Deploying\nCache restored successfully (180MB)\nyarn add: Done in 6.59s\nTLS handshake completed\nVerifying...\nProcessing...\nWARNING: jest has known vulnerabilities\nLayer 3/14: ENV command\nFetching from https://googleapis.com/package.json\n=== Step type_check completed ===\n=== Step: setup_node ===\nWARNING: jest has known vulnerabilities\nCreating production build...\nSnapshots: 4 passed, 36 total\npip install: Successfully installed eslint-2.0\nMinifying main.js\n[12:52:26] INFO: Cache refreshed\nChecking out main branch\nTests: 455 passed, 53 total\n\u2713 Task completed in 2945ms\nTest Suites: 5 passed, 5 total\nPushing to registry...\n[12:52:26] DEBUG: Connection pool: 10 active\nUsing Python 3.9\n\u2713 Task completed in 4485ms\nnpm notice: created a lockfile\npip install: Successfully installed webpack-3.9\nnpm install: added 466 packages\n[12:52:26] DEBUG: Initializing service\nNODE_ENV=production\nAlready up to date.\nBuilding Docker image...\nOptimizing 82 modules...\npip install: Successfully installed axios-4.8\nWARNING: react has known vulnerabilities\n  PASS: unit/test_user_create.spec.js\n\u2713 Task completed in 4849ms\nCache saved successfully\nChecking out develop branch\nImage pulled successfully\nTime: 31.441s\n  PASS: test_api_health (82ms)\n\u2713 Task completed in 868ms\nCache invalidated: dependencies\nStep 4/16: Installing dependencies\nCache restored successfully (365MB)\n\u2713 Step 'setup' succeeded\nTLS handshake completed\npip: Installing build dependencies...\nSwitched to branch 'bugfix/task-640'\nInstalling prettier@2.11.7\nTransforming 403 files...\nEnvironment: test\nnpm install: added 34 packages\nImage pulled successfully\n[12:52:26] INFO: Connecting to database\nStep 10/18: Running migrations\nCache restored successfully (147MB)\nCompiling lib/utils.go...\npip install: Successfully installed react-1.6\nCache hit for key-4733\nDone.\nException: ValueError\nPulling image: alpine:3.11\nGenerating source maps...\nDone.\nBundling runtime.js\npip: Installing build dependencies...\nStep 2/18: Installing dependencies\npip: Installing build dependencies...\nStep 20/20: Running migrations\nPushing to registry...\n  PASS: e2e/test_user_create.spec.js\nMinifying main.js\nVerifying...\nSnapshots: 42 passed, 22 total\nProcessing...\n[12:52:26] WARN: Deprecated API usage\n[12:52:26] DEBUG: Memory usage: 1915MB\nWaiting...\nnpm install: resolved 1531 packages\n[12:52:26] DEBUG: Query executed in 31ms\nStep 15/15: Linting\nCache hit for key-9081\n  PASS: test_cache_hit (242ms)\nnpm install: added 492 packages\nSwitched to branch 'bugfix/task-215'\nWARNING: webpack has known vulnerabilities\n\u26a0 DEPRECATION: Feature will be removed in v4.0\nStep 17/22: Building\n\u2713 All checks passed\n[12:52:26] ERROR: Connection failed\nnpm install: added 45 packages\n\u2713 All checks passed\nAlready up to date.\nUsing Python 3.11\nArtifact uploaded: dist.zip (58MB)\n\u2713 deploy completed\npip: Installing build dependencies...\nFetching from https://registry.npmjs.org/package.json\nBuilding Docker image...\nCache hit for key-3907\nStep 10/20: Deploying\n[12:52:26] DEBUG: Initializing service\nBuilding Docker image...\n  PASS: unit/test_auth_login.spec.js\nnpm notice: created a lockfile\nCache saved successfully\nArtifact uploaded: dist.zip (94MB)\n[12:52:26] INFO: Starting build process\nCompiling components/app.ts...\nHEAD is now at b15b4ce\nLayer 2/10: ENV command\n[12:52:26] WARN: Deprecated API usage\nCache invalidated: node_modules\nFinished.\nCompleted.\nCoverage: 99% statements, 81% branches\nLoading...\nPushing to registry...\n  PASS: e2e/test_db_connect.spec.js\nBundling styles.js\nArtifact uploaded: build.tar.gz (41MB)\nnpm notice: created a lockfile\nFetching submodules...\nException: TypeError\n  PASS: integration/test_api_health.spec.js\nFinished.\n  PASS: integration/test_user_create.spec.js\n\u26a0 DEPRECATION: Feature will be removed in v5.0\nnpm notice: package.json updated\nPlatform: darwin-arm64\n[12:52:26] DEBUG: Memory usage: 634MB\nUsing Node.js 20.5.10\nStep 18/25: Deploying\nBundling runtime.js\n  PASS: test_auth_login (201ms)\npip: Downloading webpack-1.0.tar.gz\nTests: 103 passed, 232 total\n[12:52:26] WARN: Deprecated API usage\nConnection established\nSuccess!\nPulling image: node:3.11\nHEAD is now at f9da8db\nSnapshots: 2 passed, 32 total\nTime: 50.1s\nTransforming 879 files...\nTest Suites: 17 passed, 49 total\nCreating production build...\nCache miss for key-6457\nCache saved successfully\nOK\npip install: Successfully installed axios-1.7\nCompleted.\nAlready up to date.\nArtifact uploaded: build.tar.gz (45MB)\nTransforming 196 files...\nPulling image: node:latest\nSwitched to branch 'hotfix/task-226'\n[12:52:26] INFO: Cache refreshed\nCoverage: 97% statements, 89% branches\nChecking out develop branch\npip: Downloading express-1.5.tar.gz\nNODE_ENV=production\nCompiling src/utils.go...\nRan 82 tests in 10s\nStep 13/24: Building\nHEAD is now at 6944cbc\nStep 2/16: Building\nImage pulled successfully\n[12:52:26] INFO: Starting build process\nBundling styles.css\nNODE_ENV=development\nPulling image: node:3.11\npip install: Successfully installed lodash-4.15\nStep 20/20: Linting\nMinifying vendor.js\nWARNING: webpack has known vulnerabilities\nTest Suites: 9 passed, 41 total\n\u2713 Step 'setup' succeeded\n[12:52:26] INFO: Processing request\n[12:52:26] DEBUG: Loading configuration\nnpm install: resolved 1996 packages\n[12:52:26] DEBUG: Connection pool: 2 active\nTests: 91 passed, 96 total\nArtifact uploaded: dist.zip (54MB)\nGenerating source maps...\npip: Collecting react\nStep 6/18: Deploying\nFAILED: test_user_create\nStep 10/18: Building\nCompiling utils/app.ts...\nFetching submodules...\n\u2717 build failed with exit code 23\nProcessing...\nDone.\nnpm install: added 253 packages\nArtifact uploaded: build.tar.gz (22MB)\nCache hit for key-9290\nChecking out main branch\nRan 44 tests in 60s\nCreating production build...\npip install: Successfully installed express-3.12\nNODE_ENV=test\n\u2713 validate completed\nMinifying app.js\nCompiling src/app.ts...\nnpm install: resolved 725 packages\nArtifact uploaded: build.tar.gz (30MB)\n\u2717 build failed with exit code 46\nEnvironment: test\nConnection established\nUsing Python 3.12\nnpm notice: package.json updated\n  PASS: unit/test_db_connect.spec.js\n[12:52:26] DEBUG: Initializing service\n[12:52:26] WARN: Deprecated API usage\nMinifying main.js\n[12:52:26] DEBUG: Memory usage: 1413MB\nWARNING: react has known vulnerabilities\npip: Collecting axios\n=== Step setup_node completed ===",
    "steps": [
      {
        "name": "setup_environment",
        "status": "success",
        "started_at": "2025-11-23T12:52:25.841956",
        "finished_at": "2025-11-23T12:52:37.370564",
        "log_lines": [
          "=== Step: setup_environment ===",
          "Compiling utils/utils.go...",
          "Uploading artifact 'coverage' (30 files)",
          "Connection established",
          "\u2713 Task completed in 2730ms",
          "[12:52:25] ERROR: Connection failed",
          "NODE_ENV=development",
          "Done.",
          "Pulling image: node:18",
          "pip: Collecting lodash",
          "Test Suites: 10 passed, 11 total",
          "Step 4/18: Testing",
          "Step 8/21: Building",
          "Snapshots: 27 passed, 48 total",
          "Environment: test",
          "Waiting...",
          "Using Python 3.12",
          "Waiting...",
          "Layer 7/8: ENV command",
          "Transforming 957 files...",
          "npm install: resolved 1011 packages",
          "Image pulled successfully",
          "NODE_ENV=development",
          "[12:52:25] INFO: Connecting to database",
          "[12:52:25] WARN: Deprecated API usage",
          "Processing...",
          "HEAD is now at 102b135",
          "Compiling components/handler.rs...",
          "Compiling components/index.js...",
          "Step 10/23: Deploying",
          "Step 19/18: Installing dependencies",
          "  PASS: e2e/test_cache_hit.spec.js",
          "Artifact downloaded: 14MB",
          "Finished.",
          "Artifact uploaded: build.tar.gz (16MB)",
          "npm notice: created a lockfile",
          "Artifact uploaded: dist.zip (9MB)",
          "Processing...",
          "Cache miss for key-4421",
          "Using Node.js 15.4.0",
          "Already up to date.",
          "[12:52:25] WARN: Deprecated API usage",
          "pip: Downloading webpack-1.9.tar.gz",
          "pip: Installing build dependencies...",
          "Building Docker image...",
          "[12:52:25] INFO: Request completed",
          "  PASS: test_db_connect (45ms)",
          "pip: Downloading lodash-2.20.tar.gz",
          "[12:52:25] INFO: Processing request",
          "\u2713 Step 'test' succeeded",
          "Installing jest@5.8.3",
          "npm install: resolved 106 packages",
          "npm notice: created a lockfile",
          "\u26a0 DEPRECATION: Feature will be removed in v3.0",
          "Cache miss for key-4941",
          "HEAD is now at 398f039",
          "Using Node.js 17.10.4",
          "Minifying vendor.js",
          "Platform: win32-x64",
          "  PASS: unit/test_auth_login.spec.js",
          "Creating production build...",
          "Generating source maps...",
          "Artifact uploaded: dist.zip (7MB)",
          "Uploading artifact 'build' (36 files)",
          "Ready.",
          "[12:52:25] DEBUG: Loading configuration",
          "pip install: Successfully installed eslint-4.12",
          "[12:52:25] INFO: Connecting to database",
          "Artifact uploaded: dist.zip (85MB)",
          "Artifact uploaded: dist.zip (43MB)",
          "\u26a0 DEPRECATION: Feature will be removed in v2.0",
          "Time: 24.717s",
          "Fetching submodules...",
          "WARNING: express has known vulnerabilities",
          "\u2713 package completed",
          "Snapshots: 27 passed, 19 total",
          "Bundling runtime.css",
          "[12:52:25] DEBUG: Initializing service",
          "Pulling image: alpine:18",
          "TLS handshake completed",
          "Step 6/15: Building",
          "Generating source maps...",
          "Checking out master branch",
          "HEAD is now at 109356e",
          "Waiting...",
          "Checking out main branch",
          "Cache invalidated: dependencies",
          "Checking out main branch",
          "Platform: win32-x64",
          "Coverage: 87% statements, 71% branches",
          "  PASS: test_db_connect (445ms)",
          "[12:52:25] INFO: Processing request",
          "Cache restored successfully (392MB)",
          "Cache restored successfully (141MB)",
          "Pushing to registry...",
          "[12:52:25] WARN: Deprecated API usage",
          "\u26a0 DEPRECATION: Feature will be removed in v4.0",
          "Installing jest@3.19.5",
          "[12:52:25] DEBUG: Initializing service",
          "Creating production build...",
          "[12:52:25] INFO: Cache refreshed",
          "Time: 45.461s",
          "Fetching submodules...",
          "\u2713 All checks passed",
          "Platform: darwin-arm64",
          "Platform: linux-x64",
          "WARNING: react has known vulnerabilities",
          "Success!",
          "Compiling components/handler.rs...",
          "\u26a0 DEPRECATION: Feature will be removed in v3.0",
          "POST /upload - 202 (405ms)",
          "WARNING: axios has known vulnerabilities",
          "\u26a0 DEPRECATION: Feature will be removed in v4.0",
          "WARNING: react has known vulnerabilities",
          "\u2713 All checks passed",
          "Time: 90.868s",
          "\u2713 Step 'build' succeeded",
          "Layer 5/13: RUN command",
          "Exception: ValueError",
          "pip: Downloading prettier-5.18.tar.gz",
          "Using Node.js 20.7.4",
          "\u26a0 DEPRECATION: Feature will be removed in v4.0",
          "Finished.",
          "Compiling src/utils.go...",
          "[12:52:25] INFO: Connecting to database",
          "Generating source maps...",
          "Installing lodash@4.6.3",
          "Done.",
          "[12:52:25] INFO: Request completed",
          "Creating production build...",
          "Optimizing 67 modules...",
          "Snapshots: 49 passed, 24 total",
          "Image pulled successfully",
          "FAILED: test_api_health",
          "Environment: development",
          "pip: Installing build dependencies...",
          "HEAD is now at 1935166",
          "Building Docker image...",
          "Completed.",
          "  PASS: test_cache_hit (213ms)",
          "Ran 124 tests in 4s",
          "HEAD is now at 0a318dd",
          "pip: Downloading lodash-3.17.tar.gz",
          "npm install: resolved 1926 packages",
          "[12:52:25] DEBUG: Connection pool: 14 active",
          "Completed.",
          "[12:52:25] INFO: Processing request",
          "TLS handshake completed",
          "Step 3/24: Running migrations",
          "Processing...",
          "Step 3/22: Deploying",
          "TLS handshake completed",
          "Cache invalidated: node_modules",
          "WARNING: prettier has known vulnerabilities",
          "Coverage: 80% statements, 91% branches",
          "Fetching from https://googleapis.com/package.json",
          "Time: 64.736s",
          "Finished.",
          "Compiling utils/utils.go...",
          "\u2717 build failed with exit code 106",
          "npm notice: package.json updated",
          "Image pulled successfully",
          "  PASS: e2e/test_user_create.spec.js",
          "Using Python 3.9",
          "Pushing to registry...",
          "\u2713 All checks passed",
          "[12:52:25] INFO: Starting build process",
          "NODE_ENV=development",
          "Building Docker image...",
          "Snapshots: 2 passed, 21 total",
          "Environment: production",
          "Step 16/15: Building",
          "[12:52:25] WARN: Deprecated API usage",
          "Already up to date.",
          "Switched to branch 'feature/task-893'",
          "Image pulled successfully",
          "[12:52:25] DEBUG: Memory usage: 1718MB",
          "Compiling src/handler.rs...",
          "Image pulled successfully",
          "Cache invalidated: build",
          "\u2713 Task completed in 1236ms",
          "Creating production build...",
          "\u2713 Step 'test' succeeded",
          "Artifact uploaded: build.tar.gz (31MB)",
          "Connection established",
          "Processing...",
          "Installing express@2.5.5",
          "Step 12/17: Installing dependencies",
          "Pushing to registry...",
          "\u26a0 DEPRECATION: Feature will be removed in v5.0",
          "Artifact downloaded: 19MB",
          "Installing webpack@3.17.9",
          "Compiling utils/utils.go...",
          "Test Suites: 8 passed, 11 total",
          "\u2717 build failed with exit code 70",
          "[12:52:25] DEBUG: Query executed in 84ms",
          "npm install: added 232 packages",
          "Cache saved successfully",
          "[12:52:25] INFO: Starting build process",
          "Pulling image: node:18",
          "pip install: Successfully installed express-3.16",
          "Creating production build...",
          "[12:52:25] INFO: Connecting to database",
          "[12:52:25] ERROR: Connection failed",
          "Success!",
          "[12:52:25] INFO: Request completed",
          "Fetching submodules...",
          "TLS handshake completed",
          "Completed.",
          "Snapshots: 22 passed, 40 total",
          "[12:52:25] DEBUG: Query executed in 85ms",
          "=== Step setup_environment completed ==="
        ]
      },
      {
        "name": "integration_tests",
        "status": "success",
        "started_at": "2025-11-23T12:52:37.370564",
        "finished_at": "2025-11-23T12:53:00.427781",
        "log_lines": [
          "=== Step: integration_tests ===",
          "Installing eslint@4.16.8",
          "Pulling image: node:18",
          "GET /health - 200 (13ms)",
          "Time: 6.343s",
          "Already up to date.",
          "npm install: added 284 packages",
          "npm notice: package.json updated",
          "Step 5/25: Testing",
          "Fetching from https://githubusercontent.com/package.json",
          "WARNING: webpack has known vulnerabilities",
          "Exception: ValueError",
          "Creating production build...",
          "[12:52:25] INFO: Connecting to database",
          "Bundling main.js",
          "Installing webpack@3.2.0",
          "\u2713 Task completed in 743ms",
          "[12:52:25] INFO: Connecting to database",
          "Compiling src/main.py...",
          "Step 17/22: Installing dependencies",
          "Image pulled successfully",
          "Done.",
          "Creating production build...",
          "Ready.",
          "Done.",
          "Using Python 3.10",
          "Compiling lib/app.ts...",
          "[12:52:25] INFO: Cache refreshed",
          "Exception: RuntimeError",
          "Uploading artifact 'build' (11 files)",
          "\u2713 validate completed",
          "  PASS: unit/test_user_create.spec.js",
          "npm notice: created a lockfile",
          "HEAD is now at 7ecd2e5",
          "\u26a0 DEPRECATION: Feature will be removed in v4.0",
          "Connection established",
          "Ran 75 tests in 2s",
          "[12:52:25] DEBUG: Connection pool: 11 active",
          "Image pulled successfully",
          "Ran 193 tests in 3s",
          "[12:52:25] DEBUG: Initializing service",
          "Optimizing 68 modules...",
          "Ready.",
          "Coverage: 75% statements, 87% branches",
          "Step 19/21: Running migrations",
          "NODE_ENV=production",
          "Step 15/24: Linting",
          "Ran 93 tests in 42s",
          "Compiling src/utils.go...",
          "[12:52:25] DEBUG: Loading configuration",
          "Installing express@2.7.6",
          "NODE_ENV=production",
          "[12:52:25] INFO: Processing request",
          "[12:52:25] DEBUG: Memory usage: 1282MB",
          "Verifying...",
          "[12:52:25] WARN: Deprecated API usage",
          "Cache saved successfully",
          "npm install: resolved 1472 packages",
          "Minifying main.js",
          "  PASS: test_user_create (177ms)",
          "NODE_ENV=test",
          "Compiling utils/utils.go...",
          "NODE_ENV=test",
          "WARNING: prettier has known vulnerabilities",
          "\u2713 build completed",
          "Optimizing 75 modules...",
          "Cache invalidated: build",
          "Loading...",
          "pip: Installing build dependencies...",
          "[12:52:25] DEBUG: Connection pool: 4 active",
          "Environment: staging",
          "npm install: resolved 1292 packages",
          "pip: Downloading express-4.15.tar.gz",
          "Already up to date.",
          "WARNING: prettier has known vulnerabilities",
          "[12:52:25] DEBUG: Memory usage: 920MB",
          "Finished.",
          "Connection established",
          "Verifying...",
          "[12:52:25] DEBUG: Connection pool: 5 active",
          "[12:52:25] DEBUG: Memory usage: 413MB",
          "Switched to branch 'feature/task-961'",
          "Done.",
          "Cache invalidated: dependencies",
          "npm notice: package.json updated",
          "Artifact uploaded: build.tar.gz (25MB)",
          "npm install: resolved 1659 packages",
          "Uploading artifact 'dist' (30 files)",
          "Verifying...",
          "Layer 9/15: ENV command",
          "Step 8/24: Building",
          "Compiling components/handler.rs...",
          "TLS handshake completed",
          "pip: Collecting lodash",
          "Connection established",
          "Loading...",
          "GET /api - 204 (6ms)",
          "TLS handshake completed",
          "\u26a0 DEPRECATION: Feature will be removed in v5.0",
          "npm install: added 105 packages",
          "Loading...",
          "Platform: win32-x64",
          "WARNING: react has known vulnerabilities",
          "Step 13/19: Linting",
          "HEAD is now at f450414",
          "Compiling src/utils.go...",
          "Connection established",
          "Coverage: 91% statements, 72% branches",
          "Artifact uploaded: build.tar.gz (27MB)",
          "Step 2/15: Testing",
          "OK",
          "Artifact downloaded: 31MB",
          "Artifact uploaded: build.tar.gz (8MB)",
          "  PASS: unit/test_cache_hit.spec.js",
          "\u2717 build failed with exit code 116",
          "Platform: linux-x64",
          "Layer 6/11: ENV command",
          "Image pulled successfully",
          "pip: Collecting prettier",
          "\u2713 deploy completed",
          "[12:52:25] DEBUG: Query executed in 32ms",
          "npm notice: created a lockfile",
          "WARNING: eslint has known vulnerabilities",
          "Bundling main.js",
          "Uploading artifact 'build' (1 files)",
          "Time: 21.729s",
          "Coverage: 97% statements, 85% branches",
          "Generating source maps...",
          "[12:52:25] WARN: Deprecated API usage",
          "Bundling styles.css",
          "TLS handshake completed",
          "Completed.",
          "  PASS: integration/test_api_health.spec.js",
          "Using Python 3.10",
          "Generating source maps...",
          "[12:52:25] DEBUG: Initializing service",
          "Using Python 3.9",
          "Artifact downloaded: 44MB",
          "Minifying main.js",
          "Finished.",
          "npm notice: created a lockfile",
          "Cache saved successfully",
          "Building Docker image...",
          "TLS handshake completed",
          "Step 7/23: Deploying",
          "pip: Collecting axios",
          "pip: Collecting eslint",
          "Fetching from https://githubusercontent.com/package.json",
          "Environment: test",
          "Loading...",
          "Artifact uploaded: build.tar.gz (20MB)",
          "[12:52:25] INFO: Connecting to database",
          "Installing react@3.13.8",
          "Creating production build...",
          "OK",
          "Generating source maps...",
          "Connection established",
          "Processing...",
          "Layer 4/14: ENV command",
          "Switched to branch 'bugfix/task-832'",
          "\u26a0 DEPRECATION: Feature will be removed in v5.0",
          "NODE_ENV=production",
          "\u2713 Task completed in 1320ms",
          "Success!",
          "Cache saved successfully",
          "\u26a0 DEPRECATION: Feature will be removed in v5.0",
          "[12:52:25] ERROR: Connection failed",
          "pip install: Successfully installed eslint-5.16",
          "Layer 4/8: COPY command",
          "Cache miss for key-3663",
          "Transforming 106 files...",
          "[12:52:25] ERROR: Connection failed",
          "Loading...",
          "Test Suites: 31 passed, 5 total",
          "Step 13/24: Linting",
          "[12:52:25] INFO: Processing request",
          "WARNING: jest has known vulnerabilities",
          "pip: Downloading eslint-5.7.tar.gz",
          "yarn add: Done in 7.0s",
          "Tests: 192 passed, 368 total",
          "Transforming 275 files...",
          "[12:52:25] DEBUG: Memory usage: 897MB",
          "npm notice: created a lockfile",
          "[12:52:25] DEBUG: Memory usage: 1069MB",
          "[12:52:25] DEBUG: Loading configuration",
          "[12:52:25] DEBUG: Loading configuration",
          "\u2713 All checks passed",
          "Finished.",
          "\u2713 lint completed",
          "Time: 8.699s",
          "Connection established",
          "  PASS: test_auth_login (397ms)",
          "Processing...",
          "Loading...",
          "[12:52:25] INFO: Request completed",
          "[12:52:25] INFO: Cache refreshed",
          "\u2713 Task completed in 1491ms",
          "HEAD is now at 96b66c0",
          "Fetching from https://gcr.io/package.json",
          "[12:52:25] DEBUG: Query executed in 71ms",
          "HEAD is now at 8a6d0d7",
          "Ran 104 tests in 51s",
          "Completed.",
          "Artifact uploaded: build.tar.gz (6MB)",
          "Generating source maps...",
          "Processing...",
          "Compiling lib/index.js...",
          "[12:52:25] DEBUG: Initializing service",
          "Finished.",
          "Cache restored successfully (306MB)",
          "pip: Installing build dependencies...",
          "=== Step integration_tests completed ==="
        ]
      },
      {
        "name": "save_cache",
        "status": "success",
        "started_at": "2025-11-23T12:53:00.427781",
        "finished_at": "2025-11-23T12:53:07.344946",
        "log_lines": [
          "=== Step: save_cache ===",
          "npm install: resolved 1937 packages",
          "Tests: 63 passed, 302 total",
          "Loading...",
          "Finished.",
          "Fetching from https://googleapis.com/package.json",
          "[12:52:25] DEBUG: Query executed in 26ms",
          "Ran 88 tests in 58s",
          "Cache saved successfully",
          "GET /health - 204 (14ms)",
          "POST /upload - 202 (251ms)",
          "[12:52:25] DEBUG: Loading configuration",
          "[12:52:25] DEBUG: Connection pool: 8 active",
          "pip install: Successfully installed webpack-5.13",
          "Fetching submodules...",
          "\u26a0 DEPRECATION: Feature will be removed in v2.0",
          "Artifact uploaded: build.tar.gz (37MB)",
          "Verifying...",
          "[12:52:25] DEBUG: Loading configuration",
          "Generating source maps...",
          "Optimizing 69 modules...",
          "Step 9/18: Linting",
          "Using Node.js 15.20.10",
          "Tests: 204 passed, 325 total",
          "Optimizing 98 modules...",
          "HEAD is now at 86a4613",
          "NODE_ENV=development",
          "POST /data - 201 (384ms)",
          "WARNING: prettier has known vulnerabilities",
          "Building Docker image...",
          "Done.",
          "Ready.",
          "npm install: resolved 987 packages",
          "\u2713 All checks passed",
          "[12:52:25] DEBUG: Query executed in 36ms",
          "pip install: Successfully installed express-5.20",
          "Optimizing 80 modules...",
          "Step 18/18: Running migrations",
          "npm notice: package.json updated",
          "WARNING: axios has known vulnerabilities",
          "[12:52:25] INFO: Starting build process",
          "pip: Downloading lodash-5.18.tar.gz",
          "Connection established",
          "[12:52:25] DEBUG: Initializing service",
          "Snapshots: 27 passed, 32 total",
          "[12:52:25] DEBUG: Query executed in 32ms",
          "Completed.",
          "Uploading artifact 'build' (30 files)",
          "[12:52:25] ERROR: Connection failed",
          "Compiling components/main.py...",
          "npm notice: package.json updated",
          "Compiling components/index.js...",
          "Fetching from https://npmjs.org/package.json",
          "TLS handshake completed",
          "pip: Downloading prettier-4.20.tar.gz",
          "POST /data - 200 (213ms)",
          "[12:52:25] DEBUG: Initializing service",
          "GET /health - 200 (55ms)",
          "Coverage: 97% statements, 86% branches",
          "npm notice: created a lockfile",
          "Building Docker image...",
          "\u2713 validate completed",
          "Fetching submodules...",
          "[12:52:25] DEBUG: Initializing service",
          "Step 16/20: Building",
          "Building Docker image...",
          "Fetching submodules...",
          "Compiling utils/main.py...",
          "  PASS: test_db_connect (116ms)",
          "Bundling styles.css",
          "TLS handshake completed",
          "npm install: added 332 packages",
          "npm install: resolved 1151 packages",
          "[12:52:25] DEBUG: Loading configuration",
          "[12:52:25] DEBUG: Initializing service",
          "Compiling components/main.py...",
          "Success!",
          "[12:52:25] INFO: Request completed",
          "Time: 60.510s",
          "[12:52:25] ERROR: Connection failed",
          "Platform: win32-x64",
          "npm install: added 219 packages",
          "Step 14/15: Running migrations",
          "\u2713 Task completed in 1943ms",
          "Test Suites: 8 passed, 46 total",
          "Artifact uploaded: dist.zip (73MB)",
          "Snapshots: 9 passed, 10 total",
          "pip install: Successfully installed eslint-1.13",
          "WARNING: react has known vulnerabilities",
          "[12:52:25] INFO: Connecting to database",
          "yarn add: Done in 1.94s",
          "Pulling image: python:18",
          "\u26a0 DEPRECATION: Feature will be removed in v5.0",
          "Cache hit for key-3124",
          "TLS handshake completed",
          "Processing...",
          "Cache miss for key-4890",
          "Completed.",
          "[12:52:25] INFO: Cache refreshed",
          "npm notice: package.json updated",
          "Compiling utils/handler.rs...",
          "Ready.",
          "[12:52:25] WARN: Deprecated API usage",
          "Waiting...",
          "\u2713 build completed",
          "Cache saved successfully",
          "Compiling lib/main.py...",
          "Platform: linux-x64",
          "[12:52:25] INFO: Processing request",
          "Success!",
          "Snapshots: 25 passed, 30 total",
          "Using Node.js 17.17.7",
          "[12:52:25] DEBUG: Connection pool: 14 active",
          "Test Suites: 7 passed, 37 total",
          "Success!",
          "Artifact uploaded: dist.zip (21MB)",
          "Minifying app.js",
          "NODE_ENV=test",
          "  PASS: integration/test_cache_hit.spec.js",
          "Step 3/18: Running migrations",
          "Pushing to registry...",
          "Artifact uploaded: dist.zip (3MB)",
          "Verifying...",
          "Compiling src/handler.rs...",
          "[12:52:25] WARN: Deprecated API usage",
          "Cache miss for key-3454",
          "Test Suites: 49 passed, 38 total",
          "Cache invalidated: build",
          "Snapshots: 44 passed, 11 total",
          "Time: 36.198s",
          "Creating production build...",
          "Generating source maps...",
          "\u26a0 DEPRECATION: Feature will be removed in v3.0",
          "Loading...",
          "TLS handshake completed",
          "[12:52:25] DEBUG: Loading configuration",
          "npm notice: created a lockfile",
          "Compiling src/main.py...",
          "[12:52:25] INFO: Processing request",
          "Building Docker image...",
          "NODE_ENV=development",
          "[12:52:25] DEBUG: Memory usage: 857MB",
          "Finished.",
          "[12:52:25] DEBUG: Connection pool: 6 active",
          "Uploading artifact 'dist' (43 files)",
          "Time: 10.708s",
          "Pushing to registry...",
          "Cache miss for key-3186",
          "NODE_ENV=production",
          "Verifying...",
          "Using Node.js 20.2.8",
          "Cache invalidated: dependencies",
          "Already up to date.",
          "Finished.",
          "Completed.",
          "Cache restored successfully (480MB)",
          "Platform: linux-x64",
          "\u26a0 DEPRECATION: Feature will be removed in v5.0",
          "Test Suites: 11 passed, 22 total",
          "npm notice: package.json updated",
          "npm install: resolved 772 packages",
          "OK",
          "Using Python 3.9",
          "npm install: resolved 404 packages",
          "npm install: resolved 721 packages",
          "\u26a0 DEPRECATION: Feature will be removed in v3.0",
          "[12:52:25] WARN: Deprecated API usage",
          "Building Docker image...",
          "npm notice: package.json updated",
          "Artifact uploaded: dist.zip (93MB)",
          "\u26a0 DEPRECATION: Feature will be removed in v3.0",
          "\u26a0 DEPRECATION: Feature will be removed in v4.0",
          "pip: Collecting lodash",
          "Time: 93.907s",
          "WARNING: lodash has known vulnerabilities",
          "OK",
          "[12:52:25] WARN: Deprecated API usage",
          "Using Node.js 19.5.10",
          "  PASS: test_auth_login (38ms)",
          "Success!",
          "Success!",
          "Optimizing 77 modules...",
          "Optimizing 39 modules...",
          "Artifact downloaded: 36MB",
          "Connection established",
          "Using Node.js 18.12.4",
          "[12:52:25] DEBUG: Loading configuration",
          "Already up to date.",
          "npm notice: created a lockfile",
          "Step 15/17: Linting",
          "HEAD is now at a7f617a",
          "Tests: 246 passed, 476 total",
          "[12:52:25] ERROR: Connection failed",
          "[12:52:25] DEBUG: Memory usage: 196MB",
          "Cache invalidated: build",
          "[12:52:25] INFO: Cache refreshed",
          "  PASS: test_auth_login (285ms)",
          "\u26a0 DEPRECATION: Feature will be removed in v5.0",
          "Optimizing 100 modules...",
          "Cache saved successfully",
          "Cache saved successfully",
          "Already up to date.",
          "Compiling lib/handler.rs...",
          "Building Docker image...",
          "\u2717 build failed with exit code 80",
          "  PASS: test_user_create (192ms)",
          "Snapshots: 39 passed, 7 total",
          "FAILED: test_auth_login",
          "Using Node.js 16.13.7",
          "npm install: resolved 1039 packages",
          "Step 8/22: Deploying",
          "=== Step save_cache completed ==="
        ]
      },
      {
        "name": "restore_cache",
        "status": "success",
        "started_at": "2025-11-23T12:53:07.344946",
        "finished_at": "2025-11-23T12:53:14.262111",
        "log_lines": [
          "=== Step: restore_cache ===",
          "Switched to branch 'feature/task-979'",
          "Done.",
          "Step 2/20: Running migrations",
          "npm install: added 293 packages",
          "HEAD is now at 33a658e",
          "Image pulled successfully",
          "Bundling vendor.js",
          "Layer 8/12: RUN command",
          "\u2713 Task completed in 3647ms",
          "[12:52:25] DEBUG: Query executed in 78ms",
          "Compiling utils/app.ts...",
          "Generating source maps...",
          "POST /upload - 200 (406ms)",
          "Step 9/24: Installing dependencies",
          "Time: 80.475s",
          "Already up to date.",
          "Uploading artifact 'build' (13 files)",
          "Switched to branch 'hotfix/task-288'",
          "Artifact uploaded: build.tar.gz (18MB)",
          "pip: Downloading eslint-1.0.tar.gz",
          "[12:52:25] WARN: Deprecated API usage",
          "Ran 110 tests in 13s",
          "Generating source maps...",
          "Building Docker image...",
          "Image pulled successfully",
          "[12:52:25] INFO: Cache refreshed",
          "Tests: 251 passed, 421 total",
          "Connection established",
          "[12:52:25] DEBUG: Memory usage: 1202MB",
          "Processing...",
          "POST /data - 202 (162ms)",
          "Pulling image: alpine:18",
          "Platform: win32-x64",
          "Time: 82.817s",
          "Compiling src/main.py...",
          "Completed.",
          "Ran 196 tests in 43s",
          "WARNING: jest has known vulnerabilities",
          "  PASS: e2e/test_api_health.spec.js",
          "pip install: Successfully installed lodash-4.3",
          "Time: 43.514s",
          "Completed.",
          "WARNING: lodash has known vulnerabilities",
          "pip: Installing build dependencies...",
          "[12:52:25] DEBUG: Loading configuration",
          "WARNING: prettier has known vulnerabilities",
          "Layer 2/14: COPY command",
          "\u2713 deploy completed",
          "Loading...",
          "pip: Downloading axios-5.14.tar.gz",
          "Connection established",
          "\u26a0 DEPRECATION: Feature will be removed in v2.0",
          "Image pulled successfully",
          "Layer 8/10: ENV command",
          "Building Docker image...",
          "Done.",
          "Done.",
          "Image pulled successfully",
          "Using Python 3.10",
          "Compiling components/app.ts...",
          "Pushing to registry...",
          "NODE_ENV=production",
          "[12:52:25] INFO: Starting build process",
          "Done.",
          "Done.",
          "Cache restored successfully (419MB)",
          "npm notice: created a lockfile",
          "Bundling vendor.js",
          "Platform: darwin-arm64",
          "Artifact uploaded: build.tar.gz (50MB)",
          "Building Docker image...",
          "Transforming 870 files...",
          "Image pulled successfully",
          "Using Python 3.9",
          "[12:52:25] WARN: Deprecated API usage",
          "Cache hit for key-7611",
          "Using Python 3.12",
          "[12:52:25] DEBUG: Loading configuration",
          "Done.",
          "\u2713 Task completed in 4317ms",
          "[12:52:25] WARN: Deprecated API usage",
          "OK",
          "[12:52:25] INFO: Cache refreshed",
          "WARNING: prettier has known vulnerabilities",
          "GET /status - 201 (61ms)",
          "FAILED: test_db_connect",
          "Environment: production",
          "[12:52:25] INFO: Processing request",
          "Waiting...",
          "Pushing to registry...",
          "WARNING: eslint has known vulnerabilities",
          "[12:52:25] ERROR: Connection failed",
          "\u2713 All checks passed",
          "Loading...",
          "Already up to date.",
          "Image pulled successfully",
          "  PASS: e2e/test_auth_login.spec.js",
          "Step 17/21: Linting",
          "  PASS: unit/test_cache_hit.spec.js",
          "Using Node.js 14.8.5",
          "Tests: 231 passed, 392 total",
          "Fetching submodules...",
          "\u2713 All checks passed",
          "Completed.",
          "pip: Collecting axios",
          "Success!",
          "Artifact uploaded: dist.zip (98MB)",
          "WARNING: eslint has known vulnerabilities",
          "Verifying...",
          "Coverage: 96% statements, 86% branches",
          "Time: 92.144s",
          "npm notice: created a lockfile",
          "Compiling lib/handler.rs...",
          "Finished.",
          "TLS handshake completed",
          "Loading...",
          "Finished.",
          "Artifact downloaded: 19MB",
          "[12:52:25] DEBUG: Memory usage: 1096MB",
          "npm install: added 247 packages",
          "[12:52:25] INFO: Processing request",
          "WARNING: lodash has known vulnerabilities",
          "Exception: RuntimeError",
          "Image pulled successfully",
          "HEAD is now at 481e6a1",
          "[12:52:25] WARN: Deprecated API usage",
          "  PASS: test_user_create (353ms)",
          "Installing express@3.6.6",
          "NODE_ENV=test",
          "[12:52:25] DEBUG: Initializing service",
          "[12:52:25] ERROR: Connection failed",
          "Waiting...",
          "Generating source maps...",
          "Platform: linux-x64",
          "Processing...",
          "Fetching submodules...",
          "Step 6/21: Running migrations",
          "npm install: resolved 1582 packages",
          "[12:52:25] DEBUG: Connection pool: 17 active",
          "Image pulled successfully",
          "Verifying...",
          "WARNING: eslint has known vulnerabilities",
          "\u26a0 DEPRECATION: Feature will be removed in v4.0",
          "WARNING: jest has known vulnerabilities",
          "Verifying...",
          "Cache invalidated: build",
          "Pushing to registry...",
          "Fetching from https://github.com/package.json",
          "HEAD is now at 8ab2808",
          "Tests: 186 passed, 320 total",
          "Switched to branch 'bugfix/task-861'",
          "\u2713 Task completed in 1774ms",
          "Already up to date.",
          "TLS handshake completed",
          "Step 13/22: Building",
          "Time: 61.953s",
          "\u2713 validate completed",
          "Environment: production",
          "pip: Collecting express",
          "Cache miss for key-3498",
          "Creating production build...",
          "Tests: 356 passed, 385 total",
          "Step 20/20: Deploying",
          "Minifying vendor.js",
          "WARNING: express has known vulnerabilities",
          "POST /data - 201 (58ms)",
          "pip: Downloading webpack-4.9.tar.gz",
          "Step 4/15: Installing dependencies",
          "[12:52:25] INFO: Request completed",
          "npm install: resolved 317 packages",
          "Time: 13.443s",
          "Bundling styles.js",
          "Cache invalidated: node_modules",
          "NODE_ENV=test",
          "\u2717 build failed with exit code 64",
          "Pulling image: python:3.11",
          "Connection established",
          "Uploading artifact 'coverage' (21 files)",
          "Fetching from https://registry.npmjs.org/package.json",
          "Step 7/23: Testing",
          "[12:52:25] DEBUG: Query executed in 86ms",
          "npm install: added 446 packages",
          "Compiling src/main.py...",
          "Transforming 992 files...",
          "GET /health - 204 (91ms)",
          "[12:52:25] WARN: Deprecated API usage",
          "Coverage: 98% statements, 85% branches",
          "Using Node.js 15.18.7",
          "npm install: added 425 packages",
          "\u26a0 DEPRECATION: Feature will be removed in v4.0",
          "Cache invalidated: node_modules",
          "Bundling main.css",
          "[12:52:25] WARN: Deprecated API usage",
          "Uploading artifact 'coverage' (12 files)",
          "npm notice: package.json updated",
          "Bundling vendor.css",
          "Checking out main branch",
          "Step 14/24: Testing",
          "[12:52:25] INFO: Cache refreshed",
          "Building Docker image...",
          "Verifying...",
          "[12:52:25] INFO: Processing request",
          "Pulling image: python:18",
          "Checking out master branch",
          "[12:52:25] DEBUG: Loading configuration",
          "Pushing to registry...",
          "npm notice: package.json updated",
          "Loading...",
          "yarn add: Done in 29.2s",
          "[12:52:25] INFO: Cache refreshed",
          "=== Step restore_cache completed ==="
        ]
      },
      {
        "name": "checkout",
        "status": "success",
        "started_at": "2025-11-23T12:53:14.262111",
        "finished_at": "2025-11-23T12:53:18.873554",
        "log_lines": [
          "=== Step: checkout ===",
          "npm install: added 144 packages",
          "Connection established",
          "Bundling main.js",
          "npm notice: created a lockfile",
          "Compiling lib/app.ts...",
          "[12:52:25] INFO: Request completed",
          "pip: Installing build dependencies...",
          "Success!",
          "Compiling src/app.ts...",
          "Using Python 3.10",
          "Compiling components/utils.go...",
          "\u2713 All checks passed",
          "Verifying...",
          "\u26a0 DEPRECATION: Feature will be removed in v5.0",
          "Tests: 78 passed, 335 total",
          "  PASS: unit/test_user_create.spec.js",
          "Fetching from https://googleapis.com/package.json",
          "Step 13/21: Building",
          "Bundling runtime.js",
          "Waiting...",
          "  PASS: unit/test_api_health.spec.js",
          "Using Node.js 16.9.8",
          "npm install: resolved 528 packages",
          "Loading...",
          "Pushing to registry...",
          "Time: 46.767s",
          "\u2713 Step 'build' succeeded",
          "pip install: Successfully installed webpack-4.1",
          "GET /api - 204 (56ms)",
          "Installing axios@1.2.6",
          "NODE_ENV=production",
          "Step 16/22: Building",
          "Compiling components/app.ts...",
          "npm notice: created a lockfile",
          "pip: Installing build dependencies...",
          "Processing...",
          "Loading...",
          "[12:52:25] DEBUG: Query executed in 56ms",
          "[12:52:25] ERROR: Connection failed",
          "pip: Downloading prettier-5.11.tar.gz",
          "Step 17/15: Testing",
          "Ready.",
          "[12:52:25] WARN: Deprecated API usage",
          "Installing jest@1.6.1",
          "pip install: Successfully installed lodash-4.10",
          "npm install: resolved 1399 packages",
          "[12:52:25] DEBUG: Loading configuration",
          "Pulling image: node:latest",
          "npm notice: package.json updated",
          "Artifact uploaded: dist.zip (21MB)",
          "Step 8/21: Deploying",
          "pip: Collecting axios",
          "HEAD is now at 024a7d3",
          "\u26a0 DEPRECATION: Feature will be removed in v2.0",
          "Layer 3/10: COPY command",
          "npm install: resolved 433 packages",
          "Snapshots: 45 passed, 41 total",
          "[12:52:25] INFO: Starting build process",
          "Building Docker image...",
          "Fetching submodules...",
          "pip: Downloading eslint-4.8.tar.gz",
          "Optimizing 75 modules...",
          "Optimizing 77 modules...",
          "\u2713 Task completed in 4031ms",
          "POST /upload - 200 (31ms)",
          "Image pulled successfully",
          "Compiling components/utils.go...",
          "Connection established",
          "Cache restored successfully (293MB)",
          "Compiling utils/index.js...",
          "[12:52:25] WARN: Deprecated API usage",
          "pip: Collecting lodash",
          "Finished.",
          "Building Docker image...",
          "Artifact downloaded: 38MB",
          "\u26a0 DEPRECATION: Feature will be removed in v4.0",
          "\u2713 All checks passed",
          "Using Python 3.10",
          "Done.",
          "[12:52:25] DEBUG: Query executed in 22ms",
          "[12:52:25] ERROR: Connection failed",
          "npm notice: package.json updated",
          "Snapshots: 4 passed, 43 total",
          "Success!",
          "NODE_ENV=development",
          "Test Suites: 6 passed, 30 total",
          "Layer 9/11: COPY command",
          "POST /data - 202 (110ms)",
          "pip: Installing build dependencies...",
          "Completed.",
          "Using Node.js 18.1.10",
          "Exception: NullPointerException",
          "Verifying...",
          "  PASS: test_auth_login (71ms)",
          "FAILED: test_api_health",
          "Bundling styles.css",
          "Verifying...",
          "WARNING: lodash has known vulnerabilities",
          "Time: 34.974s",
          "Fetching from https://registry.npmjs.org/package.json",
          "  PASS: test_user_create (162ms)",
          "Verifying...",
          "Artifact uploaded: build.tar.gz (29MB)",
          "Ready.",
          "pip: Downloading express-1.18.tar.gz",
          "Layer 5/9: ENV command",
          "Loading...",
          "OK",
          "Loading...",
          "npm install: resolved 650 packages",
          "Generating source maps...",
          "Snapshots: 2 passed, 32 total",
          "\u2713 All checks passed",
          "Waiting...",
          "[12:52:25] DEBUG: Connection pool: 15 active",
          "pip install: Successfully installed lodash-3.12",
          "GET /health - 201 (4ms)",
          "\u2713 All checks passed",
          "npm notice: created a lockfile",
          "Artifact downloaded: 41MB",
          "[12:52:25] INFO: Starting build process",
          "Snapshots: 46 passed, 43 total",
          "Transforming 364 files...",
          "Installing lodash@4.16.1",
          "Connection established",
          "Tests: 152 passed, 498 total",
          "Compiling lib/service.java...",
          "Ready.",
          "npm install: added 490 packages",
          "Compiling src/utils.go...",
          "Environment: test",
          "\u2713 All checks passed",
          "npm install: resolved 1456 packages",
          "[12:52:25] DEBUG: Connection pool: 10 active",
          "\u26a0 DEPRECATION: Feature will be removed in v4.0",
          "Connection established",
          "Verifying...",
          "Cache restored successfully (395MB)",
          "NODE_ENV=production",
          "NODE_ENV=test",
          "Generating source maps...",
          "Uploading artifact 'dist' (30 files)",
          "[12:52:25] INFO: Starting build process",
          "Fetching from https://amazonaws.com/package.json",
          "Tests: 87 passed, 390 total",
          "Using Python 3.11",
          "npm install: resolved 383 packages",
          "\u2713 All checks passed",
          "Done.",
          "Step 13/24: Testing",
          "Cache invalidated: build",
          "Verifying...",
          "Success!",
          "Cache restored successfully (342MB)",
          "\u2713 All checks passed",
          "Tests: 288 passed, 404 total",
          "Uploading artifact 'dist' (24 files)",
          "Step 19/23: Testing",
          "\u2713 build completed",
          "WARNING: express has known vulnerabilities",
          "npm notice: package.json updated",
          "Optimizing 41 modules...",
          "Building Docker image...",
          "npm notice: created a lockfile",
          "Cache invalidated: build",
          "Loading...",
          "[12:52:25] INFO: Connecting to database",
          "Environment: production",
          "Step 7/25: Testing",
          "Success!",
          "Success!",
          "Compiling lib/index.js...",
          "Image pulled successfully",
          "HEAD is now at af83f56",
          "\u26a0 DEPRECATION: Feature will be removed in v2.0",
          "Optimizing 23 modules...",
          "[12:52:25] WARN: Deprecated API usage",
          "Cache miss for key-1609",
          "Compiling src/main.py...",
          "GET /status - 204 (80ms)",
          "\u26a0 DEPRECATION: Feature will be removed in v3.0",
          "Transforming 761 files...",
          "[12:52:25] INFO: Starting build process",
          "npm install: added 100 packages",
          "Step 19/24: Linting",
          "Fetching from https://googleapis.com/package.json",
          "WARNING: eslint has known vulnerabilities",
          "pip: Downloading lodash-5.19.tar.gz",
          "GET /health - 201 (20ms)",
          "Waiting...",
          "pip: Downloading react-4.2.tar.gz",
          "pip: Collecting webpack",
          "Uploading artifact 'build' (43 files)",
          "Done.",
          "[12:52:25] DEBUG: Initializing service",
          "OK",
          "[12:52:25] INFO: Connecting to database",
          "Switched to branch 'feature/task-860'",
          "Bundling styles.js",
          "Artifact uploaded: build.tar.gz (36MB)",
          "Step 2/21: Linting",
          "pip: Installing build dependencies...",
          "Cache miss for key-3374",
          "\u2713 Step 'test' succeeded",
          "POST /upload - 202 (58ms)",
          "[12:52:25] DEBUG: Initializing service",
          "\u2713 All checks passed",
          "[12:52:25] INFO: Cache refreshed",
          "Cache hit for key-3250",
          "Waiting...",
          "=== Step checkout completed ==="
        ]
      },
      {
        "name": "e2e_tests",
        "status": "success",
        "started_at": "2025-11-23T12:53:18.873554",
        "finished_at": "2025-11-23T12:53:30.402162",
        "log_lines": [
          "=== Step: e2e_tests ===",
          "npm install: added 456 packages",
          "FAILED: test_user_create",
          "\u2717 build failed with exit code 30",
          "Installing axios@5.17.8",
          "Artifact uploaded: dist.zip (70MB)",
          "TLS handshake completed",
          "Ready.",
          "Installing prettier@4.10.1",
          "npm install: added 356 packages",
          "\u2713 Task completed in 993ms",
          "Using Python 3.10",
          "Snapshots: 16 passed, 37 total",
          "Checking out main branch",
          "Cache miss for key-2692",
          "Cache hit for key-3391",
          "\u26a0 DEPRECATION: Feature will be removed in v2.0",
          "Image pulled successfully",
          "[12:52:25] DEBUG: Connection pool: 2 active",
          "Connection established",
          "[12:52:25] DEBUG: Query executed in 17ms",
          "Ran 154 tests in 41s",
          "[12:52:25] DEBUG: Loading configuration",
          "Loading...",
          "Done.",
          "[12:52:25] DEBUG: Loading configuration",
          "Step 6/17: Deploying",
          "[12:52:25] DEBUG: Loading configuration",
          "Generating source maps...",
          "WARNING: express has known vulnerabilities",
          "Finished.",
          "pip: Collecting jest",
          "WARNING: jest has known vulnerabilities",
          "Image pulled successfully",
          "Step 11/15: Linting",
          "Artifact downloaded: 27MB",
          "Ran 56 tests in 26s",
          "Installing webpack@1.18.6",
          "Artifact downloaded: 20MB",
          "\u2713 package completed",
          "\u2717 build failed with exit code 25",
          "[12:52:25] DEBUG: Connection pool: 20 active",
          "GET /api - 200 (95ms)",
          "Uploading artifact 'coverage' (47 files)",
          "\u26a0 DEPRECATION: Feature will be removed in v4.0",
          "Test Suites: 16 passed, 9 total",
          "GET /status - 201 (11ms)",
          "\u2713 All checks passed",
          "\u2713 Task completed in 157ms",
          "npm install: resolved 1901 packages",
          "npm install: resolved 1010 packages",
          "npm install: added 275 packages",
          "WARNING: jest has known vulnerabilities",
          "Compiling src/main.py...",
          "Installing eslint@3.19.1",
          "Using Python 3.10",
          "[12:52:25] DEBUG: Loading configuration",
          "[12:52:25] DEBUG: Query executed in 76ms",
          "\u26a0 DEPRECATION: Feature will be removed in v2.0",
          "Compiling utils/service.java...",
          "POST /api - 200 (374ms)",
          "Using Node.js 14.8.0",
          "Compiling utils/service.java...",
          "Building Docker image...",
          "Snapshots: 21 passed, 7 total",
          "Coverage: 87% statements, 99% branches",
          "Platform: win32-x64",
          "Artifact uploaded: build.tar.gz (42MB)",
          "Image pulled successfully",
          "Step 18/17: Testing",
          "Test Suites: 28 passed, 36 total",
          "Tests: 305 passed, 152 total",
          "\u26a0 DEPRECATION: Feature will be removed in v4.0",
          "Transforming 979 files...",
          "[12:52:25] INFO: Request completed",
          "Test Suites: 23 passed, 50 total",
          "Cache saved successfully",
          "[12:52:25] DEBUG: Memory usage: 1053MB",
          "Using Python 3.11",
          "Waiting...",
          "Pushing to registry...",
          "pip install: Successfully installed webpack-3.14",
          "WARNING: axios has known vulnerabilities",
          "[12:52:25] WARN: Deprecated API usage",
          "Processing...",
          "GET /status - 201 (42ms)",
          "GET /api - 200 (46ms)",
          "POST /data - 200 (238ms)",
          "pip: Downloading react-1.6.tar.gz",
          "[12:52:25] DEBUG: Loading configuration",
          "pip: Downloading lodash-5.15.tar.gz",
          "Compiling components/index.js...",
          "Transforming 628 files...",
          "Cache miss for key-7560",
          "Compiling utils/app.ts...",
          "Waiting...",
          "Step 1/25: Linting",
          "Cache hit for key-8727",
          "pip: Installing build dependencies...",
          "[12:52:25] WARN: Deprecated API usage",
          "POST /data - 201 (388ms)",
          "Platform: darwin-arm64",
          "Pushing to registry...",
          "[12:52:25] DEBUG: Connection pool: 18 active",
          "[12:52:25] WARN: Deprecated API usage",
          "Compiling components/index.js...",
          "pip: Downloading eslint-1.6.tar.gz",
          "Installing lodash@3.1.6",
          "Tests: 467 passed, 139 total",
          "\u2713 Task completed in 491ms",
          "  PASS: e2e/test_auth_login.spec.js",
          "Coverage: 87% statements, 61% branches",
          "Compiling lib/utils.go...",
          "Cache miss for key-4164",
          "Artifact downloaded: 29MB",
          "  PASS: test_cache_hit (40ms)",
          "Cache saved successfully",
          "Artifact downloaded: 6MB",
          "Test Suites: 17 passed, 36 total",
          "Environment: test",
          "Uploading artifact 'coverage' (48 files)",
          "WARNING: prettier has known vulnerabilities",
          "Cache invalidated: node_modules",
          "[12:52:25] DEBUG: Initializing service",
          "Compiling components/utils.go...",
          "Fetching submodules...",
          "Coverage: 70% statements, 84% branches",
          "POST /api - 201 (150ms)",
          "Image pulled successfully",
          "Pulling image: alpine:3.11",
          "Compiling utils/index.js...",
          "Artifact uploaded: build.tar.gz (16MB)",
          "Compiling components/main.py...",
          "Cache saved successfully",
          "Installing prettier@5.7.2",
          "\u26a0 DEPRECATION: Feature will be removed in v2.0",
          "Artifact uploaded: build.tar.gz (46MB)",
          "Artifact uploaded: dist.zip (88MB)",
          "Compiling utils/service.java...",
          "Already up to date.",
          "Using Node.js 17.9.0",
          "Artifact uploaded: dist.zip (62MB)",
          "pip install: Successfully installed prettier-4.4",
          "npm install: added 252 packages",
          "Success!",
          "Time: 20.995s",
          "OK",
          "Compiling utils/handler.rs...",
          "Waiting...",
          "[12:52:25] DEBUG: Connection pool: 9 active",
          "Done.",
          "Step 11/25: Deploying",
          "Checking out main branch",
          "Image pulled successfully",
          "Finished.",
          "Using Python 3.11",
          "Step 2/18: Running migrations",
          "pip: Collecting eslint",
          "Transforming 993 files...",
          "Compiling src/utils.go...",
          "Artifact uploaded: dist.zip (91MB)",
          "Success!",
          "\u2713 lint completed",
          "Success!",
          "[12:52:25] INFO: Cache refreshed",
          "Pulling image: node:latest",
          "TLS handshake completed",
          "WARNING: express has known vulnerabilities",
          "WARNING: lodash has known vulnerabilities",
          "POST /upload - 200 (202ms)",
          "[12:52:25] DEBUG: Memory usage: 1686MB",
          "Step 1/17: Testing",
          "\u26a0 DEPRECATION: Feature will be removed in v3.0",
          "Time: 85.255s",
          "Uploading artifact 'coverage' (19 files)",
          "npm install: resolved 1807 packages",
          "Switched to branch 'feature/task-258'",
          "\u26a0 DEPRECATION: Feature will be removed in v2.0",
          "Creating production build...",
          "pip: Installing build dependencies...",
          "Cache saved successfully",
          "Fetching from https://googleapis.com/package.json",
          "TLS handshake completed",
          "Environment: production",
          "Time: 45.882s",
          "[12:52:25] INFO: Cache refreshed",
          "yarn add: Done in 18.73s",
          "WARNING: webpack has known vulnerabilities",
          "Success!",
          "Checking out master branch",
          "Step 12/25: Linting",
          "Compiling src/handler.rs...",
          "Verifying...",
          "pip install: Successfully installed axios-4.4",
          "Minifying app.js",
          "Image pulled successfully",
          "\u2713 Task completed in 1674ms",
          "Checking out develop branch",
          "Compiling utils/app.ts...",
          "[12:52:25] WARN: Deprecated API usage",
          "\u26a0 DEPRECATION: Feature will be removed in v2.0",
          "\u26a0 DEPRECATION: Feature will be removed in v2.0",
          "\u2713 Step 'test' succeeded",
          "TLS handshake completed",
          "Layer 9/13: RUN command",
          "Optimizing 85 modules...",
          "  PASS: test_user_create (156ms)",
          "HEAD is now at a45798d",
          "[12:52:25] INFO: Starting build process",
          "pip: Installing build dependencies...",
          "Step 14/19: Testing",
          "=== Step e2e_tests completed ==="
        ]
      },
      {
        "name": "build",
        "status": "success",
        "started_at": "2025-11-23T12:53:30.402162",
        "finished_at": "2025-11-23T12:54:04.987987",
        "log_lines": [
          "=== Step: build ===",
          "[12:52:25] INFO: Connecting to database",
          "Verifying...",
          "Compiling utils/handler.rs...",
          "Cache hit for key-3266",
          "Minifying app.js",
          "Step 9/19: Installing dependencies",
          "Test Suites: 24 passed, 13 total",
          "Done.",
          "[12:52:25] INFO: Request completed",
          "[12:52:25] DEBUG: Loading configuration",
          "HEAD is now at d09f7d3",
          "npm install: added 63 packages",
          "npm notice: created a lockfile",
          "yarn add: Done in 12.29s",
          "Done.",
          "WARNING: axios has known vulnerabilities",
          "Processing...",
          "Uploading artifact 'build' (28 files)",
          "Image pulled successfully",
          "Waiting...",
          "Checking out main branch",
          "Step 12/22: Installing dependencies",
          "Pulling image: node:18",
          "pip install: Successfully installed prettier-2.8",
          "Snapshots: 47 passed, 40 total",
          "[12:52:25] DEBUG: Memory usage: 1927MB",
          "Optimizing 50 modules...",
          "Artifact uploaded: dist.zip (61MB)",
          "[12:52:25] WARN: Deprecated API usage",
          "POST /data - 200 (105ms)",
          "npm install: added 30 packages",
          "pip: Collecting react",
          "[12:52:25] INFO: Request completed",
          "[12:52:25] DEBUG: Loading configuration",
          "Switched to branch 'bugfix/task-973'",
          "Switched to branch 'bugfix/task-829'",
          "[12:52:25] DEBUG: Connection pool: 4 active",
          "[12:52:25] INFO: Cache refreshed",
          "Generating source maps...",
          "Optimizing 24 modules...",
          "OK",
          "Bundling runtime.js",
          "Done.",
          "FAILED: test_db_connect",
          "Cache hit for key-7268",
          "npm install: added 484 packages",
          "Step 9/17: Running migrations",
          "Artifact uploaded: dist.zip (68MB)",
          "Fetching from https://docker.io/package.json",
          "Step 3/20: Running migrations",
          "Done.",
          "pip: Collecting eslint",
          "NODE_ENV=test",
          "Bundling runtime.css",
          "Already up to date.",
          "Image pulled successfully",
          "Tests: 349 passed, 292 total",
          "Generating source maps...",
          "Building Docker image...",
          "POST /data - 200 (18ms)",
          "WARNING: jest has known vulnerabilities",
          "Step 18/22: Linting",
          "[12:52:25] INFO: Request completed",
          "Compiling components/service.java...",
          "Completed.",
          "FAILED: test_api_health",
          "Artifact downloaded: 12MB",
          "[12:52:25] WARN: Deprecated API usage",
          "pip install: Successfully installed eslint-2.6",
          "Environment: staging",
          "[12:52:25] DEBUG: Connection pool: 11 active",
          "Step 12/22: Running migrations",
          "\u2717 build failed with exit code 64",
          "Ran 102 tests in 15s",
          "WARNING: jest has known vulnerabilities",
          "Cache invalidated: dependencies",
          "npm notice: created a lockfile",
          "Cache invalidated: dependencies",
          "npm notice: created a lockfile",
          "Finished.",
          "Step 4/21: Running migrations",
          "Done.",
          "  PASS: test_auth_login (242ms)",
          "TLS handshake completed",
          "Installing jest@2.6.3",
          "npm install: added 290 packages",
          "Artifact uploaded: build.tar.gz (34MB)",
          "Environment: test",
          "Ready.",
          "Step 20/17: Installing dependencies",
          "Already up to date.",
          "Loading...",
          "Generating source maps...",
          "Ran 119 tests in 25s",
          "OK",
          "Finished.",
          "[12:52:25] INFO: Processing request",
          "Finished.",
          "Loading...",
          "WARNING: eslint has known vulnerabilities",
          "Cache hit for key-5435",
          "[12:52:25] INFO: Processing request",
          "\u2713 Step 'checkout' succeeded",
          "Step 14/16: Running migrations",
          "WARNING: webpack has known vulnerabilities",
          "Building Docker image...",
          "Coverage: 95% statements, 74% branches",
          "Platform: win32-x64",
          "\u26a0 DEPRECATION: Feature will be removed in v2.0",
          "npm notice: created a lockfile",
          "Minifying vendor.js",
          "Pushing to registry...",
          "\u2717 build failed with exit code 108",
          "npm notice: created a lockfile",
          "Checking out develop branch",
          "[12:52:25] DEBUG: Initializing service",
          "  PASS: test_auth_login (68ms)",
          "Step 1/15: Building",
          "OK",
          "Cache invalidated: build",
          "Time: 5.189s",
          "npm install: added 338 packages",
          "[12:52:25] INFO: Request completed",
          "Step 6/16: Deploying",
          "Cache restored successfully (391MB)",
          "NODE_ENV=development",
          "Step 20/21: Testing",
          "Step 15/25: Deploying",
          "Snapshots: 10 passed, 37 total",
          "[12:52:25] WARN: Deprecated API usage",
          "[12:52:25] WARN: Deprecated API usage",
          "Artifact downloaded: 15MB",
          "Cache hit for key-2018",
          "FAILED: test_db_connect",
          "pip: Downloading express-1.14.tar.gz",
          "Success!",
          "[12:52:25] DEBUG: Connection pool: 18 active",
          "Switched to branch 'feature/task-298'",
          "Coverage: 76% statements, 60% branches",
          "Step 18/21: Linting",
          "Installing jest@4.12.9",
          "Completed.",
          "pip install: Successfully installed eslint-4.13",
          "Step 12/24: Linting",
          "  PASS: integration/test_auth_login.spec.js",
          "pip install: Successfully installed eslint-1.12",
          "  PASS: unit/test_cache_hit.spec.js",
          "Layer 6/11: COPY command",
          "Step 7/15: Testing",
          "Artifact uploaded: build.tar.gz (5MB)",
          "Switched to branch 'bugfix/task-981'",
          "WARNING: prettier has known vulnerabilities",
          "[12:52:25] INFO: Connecting to database",
          "Already up to date.",
          "Minifying main.js",
          "HEAD is now at a44abdd",
          "Platform: linux-x64",
          "\u26a0 DEPRECATION: Feature will be removed in v2.0",
          "Using Python 3.12",
          "TLS handshake completed",
          "Compiling utils/utils.go...",
          "Verifying...",
          "Step 17/17: Installing dependencies",
          "FAILED: test_user_create",
          "OK",
          "Layer 6/13: RUN command",
          "FAILED: test_user_create",
          "[12:52:25] DEBUG: Loading configuration",
          "Ready.",
          "[12:52:25] INFO: Cache refreshed",
          "Ready.",
          "Waiting...",
          "Environment: development",
          "Bundling styles.js",
          "  PASS: unit/test_auth_login.spec.js",
          "Cache saved successfully",
          "[12:52:25] DEBUG: Loading configuration",
          "npm install: added 313 packages",
          "Optimizing 37 modules...",
          "Coverage: 72% statements, 61% branches",
          "yarn add: Done in 9.91s",
          "Platform: win32-x64",
          "Pushing to registry...",
          "Generating source maps...",
          "Step 8/25: Testing",
          "Ran 41 tests in 44s",
          "Waiting...",
          "Exception: NullPointerException",
          "npm notice: package.json updated",
          "Compiling lib/utils.go...",
          "Ran 168 tests in 7s",
          "Installing lodash@3.7.1",
          "[12:52:25] DEBUG: Memory usage: 122MB",
          "\u2713 All checks passed",
          "Tests: 79 passed, 134 total",
          "Cache miss for key-1170",
          "Installing axios@5.16.8",
          "Minifying app.js",
          "[12:52:25] INFO: Cache refreshed",
          "pip: Downloading axios-1.16.tar.gz",
          "FAILED: test_user_create",
          "Using Python 3.11",
          "Cache restored successfully (268MB)",
          "pip install: Successfully installed jest-4.13",
          "Transforming 793 files...",
          "Verifying...",
          "[12:52:25] DEBUG: Loading configuration",
          "[12:52:25] ERROR: Connection failed",
          "FAILED: test_user_create",
          "  PASS: test_db_connect (449ms)",
          "=== Step build completed ==="
        ]
      },
      {
        "name": "lint",
        "status": "success",
        "started_at": "2025-11-23T12:54:04.987987",
        "finished_at": "2025-11-23T12:54:16.516595",
        "log_lines": [
          "=== Step: lint ===",
          "FAILED: test_api_health",
          "GET /health - 204 (79ms)",
          "POST /upload - 202 (351ms)",
          "[12:52:25] WARN: Deprecated API usage",
          "Artifact downloaded: 1MB",
          "Using Node.js 16.7.1",
          "Step 9/22: Deploying",
          "Uploading artifact 'coverage' (27 files)",
          "NODE_ENV=development",
          "Tests: 153 passed, 313 total",
          "  PASS: e2e/test_user_create.spec.js",
          "Snapshots: 3 passed, 25 total",
          "Completed.",
          "npm notice: package.json updated",
          "Success!",
          "npm notice: created a lockfile",
          "Waiting...",
          "\u26a0 DEPRECATION: Feature will be removed in v4.0",
          "Loading...",
          "POST /data - 201 (481ms)",
          "Artifact uploaded: build.tar.gz (17MB)",
          "Step 8/15: Building",
          "Tests: 268 passed, 208 total",
          "Fetching from https://googleapis.com/package.json",
          "pip: Installing build dependencies...",
          "\u2713 build completed",
          "  PASS: test_cache_hit (207ms)",
          "Installing webpack@3.17.2",
          "[12:52:25] INFO: Cache refreshed",
          "pip: Installing build dependencies...",
          "Waiting...",
          "WARNING: eslint has known vulnerabilities",
          "Installing webpack@3.16.4",
          "\u2713 All checks passed",
          "Exception: RuntimeError",
          "Compiling components/app.ts...",
          "Coverage: 100% statements, 64% branches",
          "pip: Installing build dependencies...",
          "Optimizing 47 modules...",
          "Step 16/15: Linting",
          "\u2713 Step 'checkout' succeeded",
          "Step 11/21: Testing",
          "Minifying vendor.js",
          "Installing webpack@3.17.5",
          "\u2713 Task completed in 2429ms",
          "pip: Collecting prettier",
          "  PASS: e2e/test_api_health.spec.js",
          "Compiling utils/index.js...",
          "Compiling lib/handler.rs...",
          "Done.",
          "\u2713 test completed",
          "Time: 78.964s",
          "[12:52:25] INFO: Processing request",
          "[12:52:25] INFO: Connecting to database",
          "[12:52:25] WARN: Deprecated API usage",
          "Waiting...",
          "\u2713 Step 'test' succeeded",
          "Snapshots: 31 passed, 25 total",
          "Ready.",
          "Waiting...",
          "Step 5/18: Testing",
          "Checking out main branch",
          "Step 20/15: Installing dependencies",
          "npm install: resolved 356 packages",
          "Snapshots: 31 passed, 46 total",
          "Test Suites: 5 passed, 25 total",
          "Installing prettier@5.3.6",
          "[12:52:25] INFO: Processing request",
          "Generating source maps...",
          "Ready.",
          "npm notice: package.json updated",
          "pip: Installing build dependencies...",
          "Compiling components/handler.rs...",
          "Coverage: 75% statements, 94% branches",
          "WARNING: express has known vulnerabilities",
          "Step 2/19: Installing dependencies",
          "Compiling utils/app.ts...",
          "pip: Downloading lodash-5.14.tar.gz",
          "Layer 10/13: COPY command",
          "Compiling utils/utils.go...",
          "npm install: resolved 865 packages",
          "  PASS: unit/test_db_connect.spec.js",
          "pip: Downloading jest-5.18.tar.gz",
          "Cache saved successfully",
          "Time: 18.904s",
          "TLS handshake completed",
          "[12:52:25] WARN: Deprecated API usage",
          "TLS handshake completed",
          "Generating source maps...",
          "Verifying...",
          "NODE_ENV=development",
          "Step 15/19: Testing",
          "npm notice: package.json updated",
          "Uploading artifact 'dist' (11 files)",
          "Artifact uploaded: dist.zip (61MB)",
          "GET /status - 201 (15ms)",
          "Ran 44 tests in 26s",
          "Bundling styles.css",
          "Cache invalidated: node_modules",
          "Cache saved successfully",
          "Generating source maps...",
          "Transforming 358 files...",
          "Creating production build...",
          "GET /api - 204 (33ms)",
          "Generating source maps...",
          "Pulling image: node:3.11",
          "Compiling src/utils.go...",
          "Creating production build...",
          "\u2717 build failed with exit code 6",
          "Snapshots: 46 passed, 28 total",
          "Cache saved successfully",
          "[12:52:25] INFO: Cache refreshed",
          "Fetching submodules...",
          "[12:52:25] DEBUG: Memory usage: 415MB",
          "yarn add: Done in 25.54s",
          "npm install: added 407 packages",
          "Building Docker image...",
          "\u26a0 DEPRECATION: Feature will be removed in v3.0",
          "Cache saved successfully",
          "Platform: darwin-arm64",
          "Processing...",
          "Tests: 179 passed, 476 total",
          "Compiling src/app.ts...",
          "Step 2/19: Installing dependencies",
          "Cache saved successfully",
          "yarn add: Done in 4.66s",
          "[12:52:25] INFO: Starting build process",
          "Creating production build...",
          "\u2717 build failed with exit code 98",
          "[12:52:25] DEBUG: Connection pool: 15 active",
          "Cache miss for key-4674",
          "Cache miss for key-4729",
          "Step 13/20: Building",
          "[12:52:25] INFO: Starting build process",
          "Cache hit for key-2840",
          "TLS handshake completed",
          "pip: Collecting webpack",
          "Tests: 487 passed, 59 total",
          "pip: Installing build dependencies...",
          "Waiting...",
          "Creating production build...",
          "pip: Downloading eslint-2.15.tar.gz",
          "[12:52:25] DEBUG: Loading configuration",
          "\u26a0 DEPRECATION: Feature will be removed in v5.0",
          "Fetching submodules...",
          "\u26a0 DEPRECATION: Feature will be removed in v2.0",
          "Pulling image: alpine:3.11",
          "Compiling lib/main.py...",
          "[12:52:25] DEBUG: Memory usage: 258MB",
          "Layer 1/13: COPY command",
          "Cache invalidated: node_modules",
          "npm install: added 49 packages",
          "[12:52:25] WARN: Deprecated API usage",
          "Creating production build...",
          "WARNING: lodash has known vulnerabilities",
          "[12:52:25] DEBUG: Memory usage: 406MB",
          "Bundling main.js",
          "Processing...",
          "Artifact downloaded: 48MB",
          "FAILED: test_db_connect",
          "Success!",
          "Pulling image: node:latest",
          "Bundling styles.css",
          "npm notice: created a lockfile",
          "HEAD is now at 9163b1d",
          "Environment: test",
          "Step 9/22: Deploying",
          "[12:52:25] DEBUG: Loading configuration",
          "FAILED: test_db_connect",
          "Verifying...",
          "Verifying...",
          "Step 16/16: Building",
          "[12:52:25] ERROR: Connection failed",
          "Already up to date.",
          "Compiling utils/index.js...",
          "Snapshots: 40 passed, 20 total",
          "\u2717 build failed with exit code 31",
          "\u2713 build completed",
          "Generating source maps...",
          "Generating source maps...",
          "POST /data - 202 (433ms)",
          "HEAD is now at cae956f",
          "Transforming 815 files...",
          "HEAD is now at 68dd091",
          "Connection established",
          "Completed.",
          "  PASS: unit/test_cache_hit.spec.js",
          "Building Docker image...",
          "Step 16/25: Installing dependencies",
          "Artifact uploaded: build.tar.gz (5MB)",
          "Fetching submodules...",
          "NODE_ENV=production",
          "\u2713 Task completed in 4397ms",
          "Already up to date.",
          "Loading...",
          "Uploading artifact 'coverage' (32 files)",
          "Fetching from https://amazonaws.com/package.json",
          "npm notice: created a lockfile",
          "Already up to date.",
          "Cache hit for key-6021",
          "\u2713 All checks passed",
          "[12:52:25] DEBUG: Connection pool: 7 active",
          "\u2713 All checks passed",
          "Step 2/24: Building",
          "TLS handshake completed",
          "Loading...",
          "Cache restored successfully (244MB)",
          "Step 1/22: Linting",
          "Done.",
          "\u2713 lint completed",
          "=== Step lint completed ==="
        ]
      },
      {
        "name": "install_dependencies",
        "status": "success",
        "started_at": "2025-11-23T12:54:16.516595",
        "finished_at": "2025-11-23T12:54:51.102420",
        "log_lines": [
          "=== Step: install_dependencies ===",
          "npm notice: package.json updated",
          "Step 15/23: Running migrations",
          "npm install: resolved 1827 packages",
          "Cache invalidated: node_modules",
          "HEAD is now at 7c4708e",
          "pip: Collecting express",
          "Exception: NullPointerException",
          "Cache invalidated: build",
          "Platform: win32-x64",
          "pip: Downloading eslint-5.20.tar.gz",
          "Layer 9/15: RUN command",
          "Bundling styles.css",
          "\u26a0 DEPRECATION: Feature will be removed in v4.0",
          "Cache invalidated: node_modules",
          "Artifact uploaded: build.tar.gz (44MB)",
          "Transforming 435 files...",
          "[12:52:25] DEBUG: Loading configuration",
          "Success!",
          "Ran 140 tests in 39s",
          "Layer 9/11: ENV command",
          "[12:52:25] WARN: Deprecated API usage",
          "\u26a0 DEPRECATION: Feature will be removed in v2.0",
          "  PASS: test_db_connect (287ms)",
          "Cache hit for key-5901",
          "Step 10/16: Linting",
          "WARNING: react has known vulnerabilities",
          "Creating production build...",
          "[12:52:25] DEBUG: Query executed in 76ms",
          "OK",
          "Cache restored successfully (211MB)",
          "[12:52:25] DEBUG: Query executed in 18ms",
          "[12:52:25] WARN: Deprecated API usage",
          "Success!",
          "Transforming 647 files...",
          "[12:52:25] DEBUG: Query executed in 15ms",
          "Platform: win32-x64",
          "Image pulled successfully",
          "Layer 9/10: RUN command",
          "Ready.",
          "Coverage: 71% statements, 63% branches",
          "Generating source maps...",
          "Pulling image: node:3.11",
          "Processing...",
          "Cache saved successfully",
          "Image pulled successfully",
          "pip: Collecting webpack",
          "Pushing to registry...",
          "pip: Installing build dependencies...",
          "Test Suites: 37 passed, 44 total",
          "[12:52:25] DEBUG: Loading configuration",
          "Compiling src/app.ts...",
          "Step 8/17: Testing",
          "\u26a0 DEPRECATION: Feature will be removed in v4.0",
          "Artifact downloaded: 43MB",
          "NODE_ENV=production",
          "npm notice: package.json updated",
          "Cache saved successfully",
          "Step 2/18: Installing dependencies",
          "Switched to branch 'feature/task-489'",
          "Step 7/24: Running migrations",
          "[12:52:25] INFO: Processing request",
          "Optimizing 39 modules...",
          "pip: Installing build dependencies...",
          "Environment: production",
          "GET /health - 201 (43ms)",
          "Connection established",
          "Cache saved successfully",
          "Finished.",
          "Waiting...",
          "Using Python 3.9",
          "Cache invalidated: node_modules",
          "Generating source maps...",
          "Using Python 3.12",
          "Step 1/19: Deploying",
          "pip install: Successfully installed lodash-3.9",
          "npm notice: package.json updated",
          "[12:52:25] INFO: Connecting to database",
          "\u2713 All checks passed",
          "Success!",
          "POST /upload - 202 (395ms)",
          "Finished.",
          "Cache saved successfully",
          "Compiling components/main.py...",
          "Ran 109 tests in 27s",
          "[12:52:25] DEBUG: Loading configuration",
          "[12:52:25] DEBUG: Loading configuration",
          "[12:52:25] DEBUG: Query executed in 63ms",
          "Step 18/15: Linting",
          "Artifact uploaded: dist.zip (15MB)",
          "Cache miss for key-4472",
          "Switched to branch 'feature/task-979'",
          "yarn add: Done in 23.82s",
          "Artifact uploaded: build.tar.gz (34MB)",
          "Cache miss for key-5909",
          "Cache hit for key-5261",
          "Completed.",
          "Compiling lib/handler.rs...",
          "Minifying vendor.js",
          "Compiling src/service.java...",
          "Coverage: 77% statements, 67% branches",
          "Compiling components/service.java...",
          "Compiling utils/index.js...",
          "Pulling image: node:latest",
          "pip: Downloading express-5.4.tar.gz",
          "\u26a0 DEPRECATION: Feature will be removed in v3.0",
          "Creating production build...",
          "Transforming 537 files...",
          "Cache restored successfully (305MB)",
          "[12:52:25] INFO: Cache refreshed",
          "Using Python 3.12",
          "\u2713 validate completed",
          "HEAD is now at ed01a17",
          "yarn add: Done in 27.31s",
          "Waiting...",
          "Image pulled successfully",
          "NODE_ENV=test",
          "GET /api - 201 (97ms)",
          "NODE_ENV=test",
          "Transforming 932 files...",
          "Verifying...",
          "Step 4/15: Building",
          "[12:52:25] WARN: Deprecated API usage",
          "Step 9/25: Running migrations",
          "Minifying vendor.js",
          "Snapshots: 16 passed, 0 total",
          "[12:52:25] WARN: Deprecated API usage",
          "Connection established",
          "\u26a0 DEPRECATION: Feature will be removed in v5.0",
          "Creating production build...",
          "  PASS: test_db_connect (431ms)",
          "Transforming 784 files...",
          "Already up to date.",
          "pip: Downloading react-2.5.tar.gz",
          "[12:52:25] INFO: Request completed",
          "Exception: NullPointerException",
          "[12:52:25] DEBUG: Memory usage: 904MB",
          "[12:52:25] INFO: Connecting to database",
          "HEAD is now at 92cef4f",
          "[12:52:25] INFO: Request completed",
          "[12:52:25] INFO: Request completed",
          "Compiling lib/index.js...",
          "[12:52:25] DEBUG: Connection pool: 13 active",
          "Cache invalidated: dependencies",
          "Cache saved successfully",
          "NODE_ENV=production",
          "Generating source maps...",
          "Verifying...",
          "WARNING: express has known vulnerabilities",
          "Step 20/21: Testing",
          "Cache restored successfully (470MB)",
          "[12:52:25] INFO: Processing request",
          "Step 2/24: Linting",
          "Coverage: 85% statements, 99% branches",
          "Fetching from https://registry.npmjs.org/package.json",
          "WARNING: express has known vulnerabilities",
          "Already up to date.",
          "[12:52:25] DEBUG: Memory usage: 286MB",
          "\u2713 validate completed",
          "Artifact uploaded: build.tar.gz (18MB)",
          "Waiting...",
          "Step 10/24: Deploying",
          "Cache hit for key-8643",
          "Checking out master branch",
          "Compiling components/main.py...",
          "Success!",
          "TLS handshake completed",
          "Generating source maps...",
          "Completed.",
          "pip install: Successfully installed lodash-3.20",
          "Cache saved successfully",
          "[12:52:25] DEBUG: Loading configuration",
          "[12:52:25] INFO: Starting build process",
          "Compiling components/index.js...",
          "Creating production build...",
          "Fetching submodules...",
          "npm notice: package.json updated",
          "Artifact uploaded: build.tar.gz (14MB)",
          "Connection established",
          "Tests: 429 passed, 372 total",
          "[12:52:25] WARN: Deprecated API usage",
          "[12:52:25] DEBUG: Memory usage: 383MB",
          "npm install: resolved 572 packages",
          "\u2713 All checks passed",
          "Minifying vendor.js",
          "[12:52:25] INFO: Processing request",
          "Installing express@1.15.10",
          "TLS handshake completed",
          "Finished.",
          "Step 11/16: Linting",
          "Cache invalidated: dependencies",
          "Step 10/24: Building",
          "Step 12/19: Running migrations",
          "Checking out main branch",
          "Cache hit for key-9766",
          "Waiting...",
          "pip: Installing build dependencies...",
          "Image pulled successfully",
          "\u2713 validate completed",
          "Pushing to registry...",
          "\u2713 deploy completed",
          "Compiling utils/utils.go...",
          "Transforming 972 files...",
          "Already up to date.",
          "Verifying...",
          "Bundling runtime.js",
          "Exception: TypeError",
          "Compiling lib/handler.rs...",
          "\u2713 Step 'build' succeeded",
          "Step 4/19: Deploying",
          "Switched to branch 'bugfix/task-379'",
          "=== Step install_dependencies completed ==="
        ]
      },
      {
        "name": "upload_artifacts",
        "status": "success",
        "started_at": "2025-11-23T12:54:51.102420",
        "finished_at": "2025-11-23T12:55:02.631028",
        "log_lines": [
          "=== Step: upload_artifacts ===",
          "Bundling styles.css",
          "\u2713 Task completed in 3528ms",
          "Artifact downloaded: 46MB",
          "[12:52:25] WARN: Deprecated API usage",
          "Artifact downloaded: 4MB",
          "TLS handshake completed",
          "\u2713 Task completed in 927ms",
          "Pulling image: alpine:latest",
          "WARNING: lodash has known vulnerabilities",
          "GET /status - 200 (20ms)",
          "Waiting...",
          "\u2713 Task completed in 3567ms",
          "Verifying...",
          "Compiling components/service.java...",
          "[12:52:25] DEBUG: Initializing service",
          "[12:52:25] DEBUG: Connection pool: 6 active",
          "pip: Installing build dependencies...",
          "Step 12/16: Installing dependencies",
          "Exception: RuntimeError",
          "Cache saved successfully",
          "Cache restored successfully (191MB)",
          "HEAD is now at 606cbb0",
          "[12:52:25] DEBUG: Connection pool: 14 active",
          "Compiling components/service.java...",
          "TLS handshake completed",
          "NODE_ENV=production",
          "Compiling src/utils.go...",
          "Fetching submodules...",
          "Waiting...",
          "[12:52:25] ERROR: Connection failed",
          "[12:52:25] WARN: Deprecated API usage",
          "Fetching from https://googleapis.com/package.json",
          "Tests: 478 passed, 130 total",
          "Loading...",
          "[12:52:25] INFO: Connecting to database",
          "Creating production build...",
          "Cache miss for key-2074",
          "Fetching from https://githubusercontent.com/package.json",
          "Time: 54.701s",
          "[12:52:25] DEBUG: Memory usage: 1647MB",
          "Verifying...",
          "Bundling runtime.css",
          "[12:52:25] WARN: Deprecated API usage",
          "Cache hit for key-2527",
          "Building Docker image...",
          "Pushing to registry...",
          "\u2713 Task completed in 3552ms",
          "Step 4/16: Linting",
          "Compiling components/app.ts...",
          "Step 14/16: Deploying",
          "Snapshots: 8 passed, 36 total",
          "Step 5/18: Running migrations",
          "Step 4/17: Linting",
          "Pushing to registry...",
          "Fetching from https://pypi.org/package.json",
          "Optimizing 86 modules...",
          "Cache hit for key-8642",
          "Snapshots: 5 passed, 1 total",
          "\u2713 test completed",
          "Layer 2/11: COPY command",
          "Switched to branch 'bugfix/task-227'",
          "Tests: 165 passed, 113 total",
          "Bundling main.js",
          "\u2713 Task completed in 3199ms",
          "Completed.",
          "Success!",
          "Platform: darwin-arm64",
          "Snapshots: 8 passed, 27 total",
          "Waiting...",
          "Done.",
          "Environment: staging",
          "npm notice: created a lockfile",
          "WARNING: prettier has known vulnerabilities",
          "OK",
          "Finished.",
          "WARNING: eslint has known vulnerabilities",
          "Switched to branch 'hotfix/task-409'",
          "Processing...",
          "Pushing to registry...",
          "Switched to branch 'feature/task-746'",
          "Compiling lib/index.js...",
          "Uploading artifact 'coverage' (33 files)",
          "Step 1/20: Running migrations",
          "[12:52:25] DEBUG: Connection pool: 6 active",
          "Pulling image: alpine:latest",
          "Compiling utils/app.ts...",
          "  PASS: test_auth_login (163ms)",
          "Done.",
          "Already up to date.",
          "Artifact uploaded: build.tar.gz (31MB)",
          "Fetching submodules...",
          "Verifying...",
          "[12:52:25] INFO: Processing request",
          "Cache hit for key-9178",
          "pip: Installing build dependencies...",
          "[12:52:25] DEBUG: Initializing service",
          "Layer 8/15: RUN command",
          "Already up to date.",
          "WARNING: prettier has known vulnerabilities",
          "Installing react@5.5.6",
          "[12:52:25] WARN: Deprecated API usage",
          "Coverage: 83% statements, 91% branches",
          "\u2713 Task completed in 274ms",
          "[12:52:25] DEBUG: Loading configuration",
          "Using Python 3.9",
          "Exception: TypeError",
          "\u2717 build failed with exit code 73",
          "Step 1/20: Deploying",
          "\u2717 build failed with exit code 107",
          "Cache hit for key-7277",
          "Using Python 3.9",
          "Artifact uploaded: build.tar.gz (10MB)",
          "Verifying...",
          "HEAD is now at 338e2f3",
          "Cache invalidated: node_modules",
          "Waiting...",
          "Snapshots: 3 passed, 46 total",
          "Artifact uploaded: build.tar.gz (23MB)",
          "Building Docker image...",
          "Finished.",
          "WARNING: webpack has known vulnerabilities",
          "\u2713 Task completed in 2519ms",
          "Compiling src/service.java...",
          "npm notice: created a lockfile",
          "OK",
          "[12:52:25] WARN: Deprecated API usage",
          "Cache hit for key-4183",
          "Step 20/15: Deploying",
          "[12:52:25] INFO: Request completed",
          "Creating production build...",
          "[12:52:25] DEBUG: Query executed in 4ms",
          "Verifying...",
          "Already up to date.",
          "Platform: darwin-arm64",
          "[12:52:25] INFO: Processing request",
          "Waiting...",
          "npm notice: package.json updated",
          "  PASS: test_db_connect (425ms)",
          "Step 12/17: Installing dependencies",
          "Compiling utils/utils.go...",
          "Optimizing 87 modules...",
          "Cache invalidated: node_modules",
          "Fetching submodules...",
          "npm install: added 414 packages",
          "Compiling lib/service.java...",
          "Checking out main branch",
          "Cache invalidated: build",
          "Connection established",
          "Uploading artifact 'coverage' (12 files)",
          "  PASS: test_db_connect (215ms)",
          "Transforming 131 files...",
          "[12:52:25] INFO: Starting build process",
          "Cache miss for key-1048",
          "[12:52:25] INFO: Processing request",
          "Cache miss for key-7859",
          "Finished.",
          "Loading...",
          "Layer 4/10: ENV command",
          "Step 1/22: Deploying",
          "NODE_ENV=development",
          "\u26a0 DEPRECATION: Feature will be removed in v5.0",
          "\u26a0 DEPRECATION: Feature will be removed in v5.0",
          "[12:52:25] DEBUG: Connection pool: 6 active",
          "Artifact uploaded: dist.zip (17MB)",
          "Optimizing 84 modules...",
          "  PASS: test_user_create (318ms)",
          "Waiting...",
          "POST /api - 202 (296ms)",
          "Using Python 3.12",
          "\u26a0 DEPRECATION: Feature will be removed in v2.0",
          "Processing...",
          "Step 13/20: Installing dependencies",
          "Using Python 3.12",
          "TLS handshake completed",
          "[12:52:25] DEBUG: Memory usage: 1618MB",
          "Tests: 119 passed, 291 total",
          "WARNING: lodash has known vulnerabilities",
          "Fetching submodules...",
          "[12:52:25] WARN: Deprecated API usage",
          "pip: Collecting react",
          "Installing webpack@1.10.10",
          "  PASS: test_auth_login (213ms)",
          "[12:52:25] DEBUG: Memory usage: 1438MB",
          "POST /api - 200 (371ms)",
          "  PASS: unit/test_api_health.spec.js",
          "Compiling src/index.js...",
          "Environment: test",
          "Cache restored successfully (277MB)",
          "Optimizing 65 modules...",
          "WARNING: lodash has known vulnerabilities",
          "[12:52:25] DEBUG: Query executed in 34ms",
          "pip: Installing build dependencies...",
          "Fetching from https://gcr.io/package.json",
          "[12:52:25] DEBUG: Query executed in 34ms",
          "\u2713 Task completed in 1761ms",
          "[12:52:25] DEBUG: Initializing service",
          "[12:52:25] WARN: Deprecated API usage",
          "OK",
          "Test Suites: 36 passed, 45 total",
          "Using Python 3.12",
          "Processing...",
          "TLS handshake completed",
          "Using Python 3.12",
          "[12:52:25] INFO: Cache refreshed",
          "Step 18/18: Linting",
          "Minifying vendor.js",
          "Step 3/20: Deploying",
          "Fetching submodules...",
          "Installing lodash@2.0.8",
          "Already up to date.",
          "=== Step upload_artifacts completed ==="
        ]
      },
      {
        "name": "deploy_staging",
        "status": "success",
        "started_at": "2025-11-23T12:55:02.631028",
        "finished_at": "2025-11-23T12:55:14.159636",
        "log_lines": [
          "=== Step: deploy_staging ===",
          "Generating source maps...",
          "GET /status - 204 (68ms)",
          "Cache saved successfully",
          "Creating production build...",
          "WARNING: lodash has known vulnerabilities",
          "Artifact uploaded: build.tar.gz (43MB)",
          "  PASS: test_cache_hit (90ms)",
          "WARNING: axios has known vulnerabilities",
          "\u26a0 DEPRECATION: Feature will be removed in v5.0",
          "Cache hit for key-1145",
          "[12:52:25] WARN: Deprecated API usage",
          "[12:52:25] ERROR: Connection failed",
          "Finished.",
          "Layer 6/10: RUN command",
          "Pushing to registry...",
          "Artifact uploaded: build.tar.gz (44MB)",
          "[12:52:25] INFO: Request completed",
          "\u26a0 DEPRECATION: Feature will be removed in v2.0",
          "Artifact uploaded: build.tar.gz (20MB)",
          "Coverage: 98% statements, 81% branches",
          "Cache hit for key-4190",
          "  PASS: test_user_create (392ms)",
          "Loading...",
          "Test Suites: 13 passed, 7 total",
          "Creating production build...",
          "[12:52:25] DEBUG: Initializing service",
          "Connection established",
          "Compiling utils/service.java...",
          "Artifact uploaded: build.tar.gz (13MB)",
          "Success!",
          "npm notice: created a lockfile",
          "Cache saved successfully",
          "Step 17/22: Deploying",
          "Compiling utils/app.ts...",
          "Exception: ValueError",
          "Switched to branch 'hotfix/task-952'",
          "Optimizing 93 modules...",
          "Success!",
          "GET /api - 204 (100ms)",
          "Layer 9/10: ENV command",
          "Cache saved successfully",
          "Verifying...",
          "\u2713 Task completed in 504ms",
          "[12:52:25] INFO: Connecting to database",
          "Bundling runtime.js",
          "npm notice: package.json updated",
          "Platform: linux-x64",
          "HEAD is now at 75702a6",
          "Fetching from https://npmjs.org/package.json",
          "\u26a0 DEPRECATION: Feature will be removed in v4.0",
          "npm install: resolved 175 packages",
          "Bundling styles.js",
          "[12:52:25] DEBUG: Initializing service",
          "[12:52:25] DEBUG: Memory usage: 1378MB",
          "[12:52:25] DEBUG: Memory usage: 1796MB",
          "[12:52:25] INFO: Processing request",
          "Step 5/25: Installing dependencies",
          "Test Suites: 46 passed, 39 total",
          "[12:52:25] DEBUG: Query executed in 12ms",
          "npm install: added 374 packages",
          "pip: Downloading react-5.11.tar.gz",
          "npm notice: package.json updated",
          "Environment: test",
          "[12:52:25] DEBUG: Query executed in 93ms",
          "\u2713 Task completed in 3030ms",
          "Coverage: 88% statements, 86% branches",
          "Success!",
          "[12:52:25] INFO: Request completed",
          "Layer 9/15: ENV command",
          "Cache invalidated: node_modules",
          "npm notice: package.json updated",
          "Bundling main.js",
          "Uploading artifact 'build' (7 files)",
          "Tests: 256 passed, 356 total",
          "POST /api - 200 (183ms)",
          "Ready.",
          "Compiling lib/handler.rs...",
          "Uploading artifact 'dist' (48 files)",
          "npm install: resolved 1161 packages",
          "Artifact uploaded: build.tar.gz (35MB)",
          "Ready.",
          "Snapshots: 34 passed, 22 total",
          "\u2717 build failed with exit code 103",
          "Cache restored successfully (22MB)",
          "npm install: resolved 849 packages",
          "Transforming 922 files...",
          "Done.",
          "Pushing to registry...",
          "pip: Collecting prettier",
          "[12:52:25] INFO: Connecting to database",
          "Cache restored successfully (326MB)",
          "[12:52:25] DEBUG: Connection pool: 20 active",
          "npm install: added 301 packages",
          "Success!",
          "[12:52:25] DEBUG: Initializing service",
          "pip install: Successfully installed axios-5.9",
          "GET /api - 201 (79ms)",
          "[12:52:25] ERROR: Connection failed",
          "Checking out main branch",
          "\u26a0 DEPRECATION: Feature will be removed in v5.0",
          "FAILED: test_db_connect",
          "Waiting...",
          "WARNING: express has known vulnerabilities",
          "Ran 32 tests in 30s",
          "\u2713 build completed",
          "\u2713 Task completed in 643ms",
          "pip: Collecting react",
          "Tests: 392 passed, 143 total",
          "Finished.",
          "yarn add: Done in 16.61s",
          "Verifying...",
          "WARNING: react has known vulnerabilities",
          "Finished.",
          "Platform: linux-x64",
          "  PASS: test_db_connect (431ms)",
          "Fetching submodules...",
          "Using Python 3.11",
          "Connection established",
          "Done.",
          "Pulling image: node:latest",
          "[12:52:25] INFO: Request completed",
          "FAILED: test_user_create",
          "Installing eslint@4.8.0",
          "Step 17/15: Building",
          "Cache miss for key-4888",
          "[12:52:25] INFO: Connecting to database",
          "\u2713 validate completed",
          "Generating source maps...",
          "Finished.",
          "[12:52:25] DEBUG: Memory usage: 334MB",
          "\u2713 Step 'setup' succeeded",
          "Platform: linux-x64",
          "Coverage: 91% statements, 85% branches",
          "[12:52:25] DEBUG: Connection pool: 3 active",
          "\u2717 build failed with exit code 12",
          "Environment: test",
          "Step 3/25: Deploying",
          "Connection established",
          "Using Python 3.9",
          "[12:52:25] WARN: Deprecated API usage",
          "[12:52:25] DEBUG: Query executed in 39ms",
          "Completed.",
          "WARNING: lodash has known vulnerabilities",
          "Cache hit for key-3187",
          "npm notice: package.json updated",
          "Done.",
          "Using Python 3.12",
          "\u26a0 DEPRECATION: Feature will be removed in v2.0",
          "Transforming 633 files...",
          "Image pulled successfully",
          "Cache miss for key-8864",
          "npm install: added 176 packages",
          "Time: 70.421s",
          "Creating production build...",
          "Compiling utils/index.js...",
          "[12:52:26] INFO: Request completed",
          "  PASS: test_db_connect (436ms)",
          "Step 4/23: Linting",
          "Waiting...",
          "Bundling styles.js",
          "Layer 8/13: RUN command",
          "Snapshots: 46 passed, 46 total",
          "HEAD is now at 0b5934c",
          "[12:52:26] INFO: Processing request",
          "Waiting...",
          "Processing...",
          "Step 6/19: Building",
          "npm install: resolved 1045 packages",
          "WARNING: react has known vulnerabilities",
          "\u2713 lint completed",
          "\u2713 deploy completed",
          "Step 4/18: Testing",
          "Done.",
          "Fetching from https://registry.npmjs.org/package.json",
          "yarn add: Done in 27.66s",
          "Compiling src/main.py...",
          "Processing...",
          "POST /api - 200 (281ms)",
          "Compiling lib/index.js...",
          "[12:52:26] INFO: Starting build process",
          "Layer 6/13: COPY command",
          "Minifying vendor.js",
          "[12:52:26] ERROR: Connection failed",
          "Switched to branch 'bugfix/task-231'",
          "Step 12/21: Installing dependencies",
          "npm install: resolved 1591 packages",
          "[12:52:26] INFO: Cache refreshed",
          "Waiting...",
          "Coverage: 78% statements, 95% branches",
          "[12:52:26] DEBUG: Initializing service",
          "Image pulled successfully",
          "Using Node.js 20.6.6",
          "Done.",
          "Ran 68 tests in 46s",
          "POST /data - 200 (84ms)",
          "Snapshots: 50 passed, 17 total",
          "Step 10/17: Deploying",
          "FAILED: test_user_create",
          "[12:52:26] DEBUG: Query executed in 92ms",
          "Artifact downloaded: 44MB",
          "Success!",
          "\u2713 All checks passed",
          "Ran 125 tests in 22s",
          "Using Python 3.9",
          "TLS handshake completed",
          "[12:52:26] INFO: Processing request",
          "npm install: resolved 1408 packages",
          "Time: 112.85s",
          "Verifying...",
          "Pushing to registry...",
          "=== Step deploy_staging completed ==="
        ]
      },
      {
        "name": "type_check",
        "status": "success",
        "started_at": "2025-11-23T12:55:14.159636",
        "finished_at": "2025-11-23T12:55:25.688244",
        "log_lines": [
          "=== Step: type_check ===",
          "Step 2/16: Running migrations",
          "Finished.",
          "Ready.",
          "Processing...",
          "Compiling components/app.ts...",
          "Artifact downloaded: 42MB",
          "Optimizing 46 modules...",
          "\u2713 Task completed in 499ms",
          "Already up to date.",
          "[12:52:26] ERROR: Connection failed",
          "[12:52:26] DEBUG: Query executed in 60ms",
          "\u2713 package completed",
          "Success!",
          "Step 10/21: Linting",
          "\u26a0 DEPRECATION: Feature will be removed in v2.0",
          "Checking out main branch",
          "Optimizing 42 modules...",
          "Verifying...",
          "Cache hit for key-9989",
          "pip install: Successfully installed prettier-3.11",
          "[12:52:26] WARN: Deprecated API usage",
          "Switched to branch 'bugfix/task-342'",
          "Finished.",
          "\u26a0 DEPRECATION: Feature will be removed in v2.0",
          "Time: 25.745s",
          "Cache miss for key-4487",
          "Step 8/25: Running migrations",
          "Test Suites: 13 passed, 8 total",
          "Building Docker image...",
          "OK",
          "npm notice: package.json updated",
          "[12:52:26] INFO: Request completed",
          "Artifact uploaded: build.tar.gz (16MB)",
          "Artifact downloaded: 37MB",
          "Waiting...",
          "npm install: added 82 packages",
          "\u26a0 DEPRECATION: Feature will be removed in v3.0",
          "Snapshots: 13 passed, 22 total",
          "\u2713 All checks passed",
          "Completed.",
          "[12:52:26] WARN: Deprecated API usage",
          "[12:52:26] ERROR: Connection failed",
          "Artifact uploaded: build.tar.gz (12MB)",
          "pip install: Successfully installed axios-5.5",
          "[12:52:26] INFO: Processing request",
          "\u2713 validate completed",
          "Pulling image: python:18",
          "Cache miss for key-2624",
          "WARNING: axios has known vulnerabilities",
          "Artifact downloaded: 41MB",
          "Step 19/16: Testing",
          "Artifact uploaded: build.tar.gz (39MB)",
          "pip install: Successfully installed lodash-4.4",
          "[12:52:26] WARN: Deprecated API usage",
          "pip: Downloading react-3.15.tar.gz",
          "[12:52:26] WARN: Deprecated API usage",
          "Using Python 3.12",
          "  PASS: test_cache_hit (238ms)",
          "Compiling src/index.js...",
          "Exception: RuntimeError",
          "yarn add: Done in 28.33s",
          "\u2713 Task completed in 1377ms",
          "Verifying...",
          "Step 4/24: Building",
          "Using Python 3.11",
          "NODE_ENV=test",
          "[12:52:26] INFO: Starting build process",
          "Compiling src/app.ts...",
          "[12:52:26] INFO: Starting build process",
          "npm install: added 249 packages",
          "pip: Installing build dependencies...",
          "Verifying...",
          "Step 11/23: Building",
          "Ready.",
          "Switched to branch 'feature/task-727'",
          "[12:52:26] DEBUG: Connection pool: 18 active",
          "[12:52:26] DEBUG: Loading configuration",
          "Layer 2/12: COPY command",
          "Bundling main.js",
          "Artifact downloaded: 15MB",
          "npm install: added 383 packages",
          "[12:52:26] INFO: Starting build process",
          "[12:52:26] INFO: Cache refreshed",
          "Transforming 325 files...",
          "\u26a0 DEPRECATION: Feature will be removed in v5.0",
          "[12:52:26] INFO: Starting build process",
          "Pulling image: alpine:18",
          "npm notice: package.json updated",
          "[12:52:26] WARN: Deprecated API usage",
          "POST /api - 202 (481ms)",
          "Optimizing 88 modules...",
          "FAILED: test_auth_login",
          "Using Python 3.10",
          "Installing lodash@2.19.5",
          "Transforming 407 files...",
          "pip: Collecting axios",
          "Cache invalidated: build",
          "Compiling components/service.java...",
          "\u2713 Task completed in 1207ms",
          "Artifact downloaded: 34MB",
          "Coverage: 74% statements, 97% branches",
          "\u26a0 DEPRECATION: Feature will be removed in v2.0",
          "Compiling utils/service.java...",
          "npm install: resolved 1772 packages",
          "Step 15/17: Installing dependencies",
          "Checking out main branch",
          "WARNING: express has known vulnerabilities",
          "NODE_ENV=production",
          "Ready.",
          "Creating production build...",
          "[12:52:26] DEBUG: Loading configuration",
          "Platform: darwin-arm64",
          "  PASS: test_user_create (320ms)",
          "  PASS: test_auth_login (370ms)",
          "Coverage: 75% statements, 72% branches",
          "[12:52:26] INFO: Request completed",
          "Step 11/20: Testing",
          "[12:52:26] INFO: Starting build process",
          "FAILED: test_user_create",
          "Uploading artifact 'coverage' (49 files)",
          "pip: Installing build dependencies...",
          "Step 13/21: Building",
          "Step 10/17: Running migrations",
          "TLS handshake completed",
          "Cache restored successfully (231MB)",
          "Uploading artifact 'build' (2 files)",
          "Transforming 299 files...",
          "[12:52:26] INFO: Request completed",
          "Compiling src/app.ts...",
          "Step 8/23: Installing dependencies",
          "Waiting...",
          "Test Suites: 23 passed, 21 total",
          "Cache miss for key-3094",
          "Step 19/18: Deploying",
          "Cache miss for key-9695",
          "Step 12/15: Linting",
          "Artifact uploaded: dist.zip (1MB)",
          "Loading...",
          "Installing express@2.8.8",
          "WARNING: jest has known vulnerabilities",
          "Verifying...",
          "[12:52:26] DEBUG: Connection pool: 11 active",
          "Step 1/19: Deploying",
          "\u2713 Step 'setup' succeeded",
          "Ready.",
          "Step 2/24: Running migrations",
          "[12:52:26] WARN: Deprecated API usage",
          "[12:52:26] WARN: Deprecated API usage",
          "Artifact uploaded: build.tar.gz (20MB)",
          "Done.",
          "HEAD is now at ec12cea",
          "Already up to date.",
          "Switched to branch 'bugfix/task-578'",
          "  PASS: integration/test_auth_login.spec.js",
          "Using Python 3.10",
          "Step 16/21: Linting",
          "WARNING: react has known vulnerabilities",
          "\u2713 deploy completed",
          "Coverage: 78% statements, 67% branches",
          "Completed.",
          "[12:52:26] DEBUG: Connection pool: 10 active",
          "Loading...",
          "Compiling utils/service.java...",
          "[12:52:26] WARN: Deprecated API usage",
          "Finished.",
          "[12:52:26] WARN: Deprecated API usage",
          "[12:52:26] DEBUG: Memory usage: 700MB",
          "pip: Collecting jest",
          "Minifying app.js",
          "yarn add: Done in 11.97s",
          "Fetching from https://githubusercontent.com/package.json",
          "[12:52:26] INFO: Connecting to database",
          "Verifying...",
          "[12:52:26] DEBUG: Initializing service",
          "Connection established",
          "Time: 118.881s",
          "[12:52:26] DEBUG: Query executed in 56ms",
          "Using Node.js 20.15.7",
          "Compiling components/main.py...",
          "Compiling utils/handler.rs...",
          "Snapshots: 21 passed, 34 total",
          "Done.",
          "Fetching submodules...",
          "npm install: added 67 packages",
          "Ready.",
          "Tests: 384 passed, 58 total",
          "npm install: resolved 1221 packages",
          "FAILED: test_auth_login",
          "\u2713 Task completed in 4299ms",
          "Cache saved successfully",
          "Connection established",
          "Optimizing 18 modules...",
          "Cache hit for key-9420",
          "Compiling components/index.js...",
          "Artifact downloaded: 15MB",
          "Optimizing 86 modules...",
          "pip: Collecting express",
          "npm notice: created a lockfile",
          "Artifact downloaded: 2MB",
          "Optimizing 62 modules...",
          "Fetching from https://registry.npmjs.org/package.json",
          "Step 15/21: Deploying",
          "Cache restored successfully (180MB)",
          "yarn add: Done in 6.59s",
          "TLS handshake completed",
          "Verifying...",
          "Processing...",
          "WARNING: jest has known vulnerabilities",
          "Layer 3/14: ENV command",
          "Fetching from https://googleapis.com/package.json",
          "=== Step type_check completed ==="
        ]
      },
      {
        "name": "setup_node",
        "status": "success",
        "started_at": "2025-11-23T12:55:25.688244",
        "finished_at": "2025-11-23T12:55:37.216852",
        "log_lines": [
          "=== Step: setup_node ===",
          "WARNING: jest has known vulnerabilities",
          "Creating production build...",
          "Snapshots: 4 passed, 36 total",
          "pip install: Successfully installed eslint-2.0",
          "Minifying main.js",
          "[12:52:26] INFO: Cache refreshed",
          "Checking out main branch",
          "Tests: 455 passed, 53 total",
          "\u2713 Task completed in 2945ms",
          "Test Suites: 5 passed, 5 total",
          "Pushing to registry...",
          "[12:52:26] DEBUG: Connection pool: 10 active",
          "Using Python 3.9",
          "\u2713 Task completed in 4485ms",
          "npm notice: created a lockfile",
          "pip install: Successfully installed webpack-3.9",
          "npm install: added 466 packages",
          "[12:52:26] DEBUG: Initializing service",
          "NODE_ENV=production",
          "Already up to date.",
          "Building Docker image...",
          "Optimizing 82 modules...",
          "pip install: Successfully installed axios-4.8",
          "WARNING: react has known vulnerabilities",
          "  PASS: unit/test_user_create.spec.js",
          "\u2713 Task completed in 4849ms",
          "Cache saved successfully",
          "Checking out develop branch",
          "Image pulled successfully",
          "Time: 31.441s",
          "  PASS: test_api_health (82ms)",
          "\u2713 Task completed in 868ms",
          "Cache invalidated: dependencies",
          "Step 4/16: Installing dependencies",
          "Cache restored successfully (365MB)",
          "\u2713 Step 'setup' succeeded",
          "TLS handshake completed",
          "pip: Installing build dependencies...",
          "Switched to branch 'bugfix/task-640'",
          "Installing prettier@2.11.7",
          "Transforming 403 files...",
          "Environment: test",
          "npm install: added 34 packages",
          "Image pulled successfully",
          "[12:52:26] INFO: Connecting to database",
          "Step 10/18: Running migrations",
          "Cache restored successfully (147MB)",
          "Compiling lib/utils.go...",
          "pip install: Successfully installed react-1.6",
          "Cache hit for key-4733",
          "Done.",
          "Exception: ValueError",
          "Pulling image: alpine:3.11",
          "Generating source maps...",
          "Done.",
          "Bundling runtime.js",
          "pip: Installing build dependencies...",
          "Step 2/18: Installing dependencies",
          "pip: Installing build dependencies...",
          "Step 20/20: Running migrations",
          "Pushing to registry...",
          "  PASS: e2e/test_user_create.spec.js",
          "Minifying main.js",
          "Verifying...",
          "Snapshots: 42 passed, 22 total",
          "Processing...",
          "[12:52:26] WARN: Deprecated API usage",
          "[12:52:26] DEBUG: Memory usage: 1915MB",
          "Waiting...",
          "npm install: resolved 1531 packages",
          "[12:52:26] DEBUG: Query executed in 31ms",
          "Step 15/15: Linting",
          "Cache hit for key-9081",
          "  PASS: test_cache_hit (242ms)",
          "npm install: added 492 packages",
          "Switched to branch 'bugfix/task-215'",
          "WARNING: webpack has known vulnerabilities",
          "\u26a0 DEPRECATION: Feature will be removed in v4.0",
          "Step 17/22: Building",
          "\u2713 All checks passed",
          "[12:52:26] ERROR: Connection failed",
          "npm install: added 45 packages",
          "\u2713 All checks passed",
          "Already up to date.",
          "Using Python 3.11",
          "Artifact uploaded: dist.zip (58MB)",
          "\u2713 deploy completed",
          "pip: Installing build dependencies...",
          "Fetching from https://registry.npmjs.org/package.json",
          "Building Docker image...",
          "Cache hit for key-3907",
          "Step 10/20: Deploying",
          "[12:52:26] DEBUG: Initializing service",
          "Building Docker image...",
          "  PASS: unit/test_auth_login.spec.js",
          "npm notice: created a lockfile",
          "Cache saved successfully",
          "Artifact uploaded: dist.zip (94MB)",
          "[12:52:26] INFO: Starting build process",
          "Compiling components/app.ts...",
          "HEAD is now at b15b4ce",
          "Layer 2/10: ENV command",
          "[12:52:26] WARN: Deprecated API usage",
          "Cache invalidated: node_modules",
          "Finished.",
          "Completed.",
          "Coverage: 99% statements, 81% branches",
          "Loading...",
          "Pushing to registry...",
          "  PASS: e2e/test_db_connect.spec.js",
          "Bundling styles.js",
          "Artifact uploaded: build.tar.gz (41MB)",
          "npm notice: created a lockfile",
          "Fetching submodules...",
          "Exception: TypeError",
          "  PASS: integration/test_api_health.spec.js",
          "Finished.",
          "  PASS: integration/test_user_create.spec.js",
          "\u26a0 DEPRECATION: Feature will be removed in v5.0",
          "npm notice: package.json updated",
          "Platform: darwin-arm64",
          "[12:52:26] DEBUG: Memory usage: 634MB",
          "Using Node.js 20.5.10",
          "Step 18/25: Deploying",
          "Bundling runtime.js",
          "  PASS: test_auth_login (201ms)",
          "pip: Downloading webpack-1.0.tar.gz",
          "Tests: 103 passed, 232 total",
          "[12:52:26] WARN: Deprecated API usage",
          "Connection established",
          "Success!",
          "Pulling image: node:3.11",
          "HEAD is now at f9da8db",
          "Snapshots: 2 passed, 32 total",
          "Time: 50.1s",
          "Transforming 879 files...",
          "Test Suites: 17 passed, 49 total",
          "Creating production build...",
          "Cache miss for key-6457",
          "Cache saved successfully",
          "OK",
          "pip install: Successfully installed axios-1.7",
          "Completed.",
          "Already up to date.",
          "Artifact uploaded: build.tar.gz (45MB)",
          "Transforming 196 files...",
          "Pulling image: node:latest",
          "Switched to branch 'hotfix/task-226'",
          "[12:52:26] INFO: Cache refreshed",
          "Coverage: 97% statements, 89% branches",
          "Checking out develop branch",
          "pip: Downloading express-1.5.tar.gz",
          "NODE_ENV=production",
          "Compiling src/utils.go...",
          "Ran 82 tests in 10s",
          "Step 13/24: Building",
          "HEAD is now at 6944cbc",
          "Step 2/16: Building",
          "Image pulled successfully",
          "[12:52:26] INFO: Starting build process",
          "Bundling styles.css",
          "NODE_ENV=development",
          "Pulling image: node:3.11",
          "pip install: Successfully installed lodash-4.15",
          "Step 20/20: Linting",
          "Minifying vendor.js",
          "WARNING: webpack has known vulnerabilities",
          "Test Suites: 9 passed, 41 total",
          "\u2713 Step 'setup' succeeded",
          "[12:52:26] INFO: Processing request",
          "[12:52:26] DEBUG: Loading configuration",
          "npm install: resolved 1996 packages",
          "[12:52:26] DEBUG: Connection pool: 2 active",
          "Tests: 91 passed, 96 total",
          "Artifact uploaded: dist.zip (54MB)",
          "Generating source maps...",
          "pip: Collecting react",
          "Step 6/18: Deploying",
          "FAILED: test_user_create",
          "Step 10/18: Building",
          "Compiling utils/app.ts...",
          "Fetching submodules...",
          "\u2717 build failed with exit code 23",
          "Processing...",
          "Done.",
          "npm install: added 253 packages",
          "Artifact uploaded: build.tar.gz (22MB)",
          "Cache hit for key-9290",
          "Checking out main branch",
          "Ran 44 tests in 60s",
          "Creating production build...",
          "pip install: Successfully installed express-3.12",
          "NODE_ENV=test",
          "\u2713 validate completed",
          "Minifying app.js",
          "Compiling src/app.ts...",
          "npm install: resolved 725 packages",
          "Artifact uploaded: build.tar.gz (30MB)",
          "\u2717 build failed with exit code 46",
          "Environment: test",
          "Connection established",
          "Using Python 3.12",
          "npm notice: package.json updated",
          "  PASS: unit/test_db_connect.spec.js",
          "[12:52:26] DEBUG: Initializing service",
          "[12:52:26] WARN: Deprecated API usage",
          "Minifying main.js",
          "[12:52:26] DEBUG: Memory usage: 1413MB",
          "WARNING: react has known vulnerabilities",
          "pip: Collecting axios",
          "=== Step setup_node completed ==="
        ]
      }
    ],
    "label": "normal"
  }
}