{
  "action": "completed",
  "workflow_run": {
    "id": 459,
    "name": "CI Pipeline",
    "head_branch": "develop",
    "head_sha": "ab73ddef8ea23c800e4ff45294419e6a36063a5b",
    "status": "completed",
    "conclusion": "success",
    "run_started_at": "2025-11-30T11:38:48.124191Z",
    "updated_at": "2025-11-30T11:40:57.242639Z"
  },
  "repository": {
    "full_name": "startup-io/mobile-backend",
    "name": "mobile-backend"
  },
  "sender": {
    "login": "eve"
  },
  "_safeops_extended": {
    "raw_logs": "=== Step: checkout ===\nArtifact uploaded: build.tar.gz (38MB)\nException: ValueError\nInstalling webpack@4.2.0\nStep 5/10: Building\n[11:38:48] INFO: Processing request\nCache hit for key-3344\n  PASS: test_user_create (223ms)\nInstalling axios@5.2.0\nWARNING: axios has known vulnerabilities\nCache hit for key-8610\n\u2713 lint completed\n\u2713 test completed\nCompiling src/app.ts...\n  PASS: test_auth_login (23ms)\nStep 6/10: Building\nFAILED: test_db_connect\nStep 1/10: Building\n  PASS: test_user_create (61ms)\n\u26a0 DEPRECATION: Feature will be removed in v3.0\nException: RuntimeError\n  PASS: test_api_health (475ms)\n  PASS: test_user_create (291ms)\nArtifact uploaded: build.tar.gz (49MB)\nArtifact uploaded: build.tar.gz (50MB)\nArtifact uploaded: build.tar.gz (47MB)\n  PASS: test_db_connect (186ms)\n[11:38:48] INFO: Processing request\nCompiling src/index.js...\nStep 8/10: Building\n\u2713 build completed\nArtifact uploaded: build.tar.gz (42MB)\nCache hit for key-1109\nArtifact uploaded: build.tar.gz (5MB)\n[11:38:48] INFO: Processing request\nInstalling jest@5.13.0\n  PASS: test_db_connect (452ms)\n  PASS: test_user_create (409ms)\nStep 4/10: Building\n[11:38:48] ERROR: Connection failed\n\u26a0 DEPRECATION: Feature will be removed in v3.0\nStep 7/10: Building\n  PASS: test_api_health (432ms)\n[11:38:48] ERROR: Connection failed\nStep 2/10: Building\n  PASS: test_cache_hit (388ms)\n[11:38:48] INFO: Processing request\nCompiling src/index.js...\nCache hit for key-1406\n\u2713 lint completed\n[11:38:48] INFO: Processing request\n\u2713 test completed\n[11:38:48] INFO: Processing request\nArtifact uploaded: build.tar.gz (41MB)\nArtifact uploaded: build.tar.gz (33MB)\nStep 2/10: Building\n[11:38:48] WARN: Deprecated API usage\nArtifact uploaded: build.tar.gz (43MB)\nCompiling src/index.js...\n[11:38:48] WARN: Deprecated API usage\nArtifact uploaded: build.tar.gz (47MB)\nArtifact uploaded: build.tar.gz (20MB)\nCache hit for key-4913\nInstalling prettier@4.14.0\n\u2713 test completed\nCompiling src/utils.go...\n\u26a0 DEPRECATION: Feature will be removed in v3.0\n\u2713 test completed\nArtifact uploaded: build.tar.gz (19MB)\nFAILED: test_db_connect\n\u2717 build failed with exit code 43\nStep 4/10: Building\n  PASS: test_db_connect (434ms)\n  PASS: test_auth_login (412ms)\n[11:38:48] INFO: Processing request\nStep 5/10: Building\nInstalling lodash@2.0.0\nStep 9/10: Building\nStep 8/10: Building\n\u2713 test completed\nCompiling src/handler.rs...\n\u2713 test completed\n=== Step checkout completed ===\n=== Step: setup_environment ===\nCompiling src/main.py...\n[11:38:48] WARN: Deprecated API usage\nArtifact uploaded: build.tar.gz (11MB)\nStep 5/10: Building\nArtifact uploaded: build.tar.gz (25MB)\nArtifact uploaded: build.tar.gz (1MB)\nCache hit for key-9397\nCache hit for key-4182\nArtifact uploaded: build.tar.gz (26MB)\n[11:38:48] INFO: Processing request\nCache hit for key-9826\nCompiling src/utils.go...\n  PASS: test_api_health (119ms)\nInstalling axios@5.18.0\nStep 5/10: Building\nArtifact uploaded: build.tar.gz (44MB)\n  PASS: test_db_connect (469ms)\n  PASS: test_api_health (416ms)\n[11:38:48] INFO: Processing request\n[11:38:48] INFO: Processing request\nInstalling react@1.11.0\nCompiling src/handler.rs...\n[11:38:48] INFO: Processing request\n\u2713 lint completed\nCache hit for key-9994\nStep 9/10: Building\nArtifact uploaded: build.tar.gz (11MB)\nStep 3/10: Building\nStep 9/10: Building\nArtifact uploaded: build.tar.gz (35MB)\n\u26a0 DEPRECATION: Feature will be removed in v5.0\nArtifact uploaded: build.tar.gz (31MB)\nCache hit for key-8500\n  PASS: test_api_health (318ms)\n\u2713 test completed\n[11:38:48] INFO: Processing request\nStep 9/10: Building\n  PASS: test_user_create (192ms)\nCompiling src/main.py...\nArtifact uploaded: build.tar.gz (28MB)\n  PASS: test_user_create (247ms)\n[11:38:48] INFO: Processing request\n\u2713 lint completed\n  PASS: test_api_health (487ms)\nStep 6/10: Building\nWARNING: webpack has known vulnerabilities\nInstalling prettier@5.1.0\nCompiling src/service.java...\nInstalling eslint@5.8.0\n  PASS: test_auth_login (155ms)\n[11:38:48] ERROR: Connection failed\nCompiling src/main.py...\nFAILED: test_api_health\nArtifact uploaded: build.tar.gz (23MB)\nWARNING: webpack has known vulnerabilities\nCompiling src/index.js...\n\u2713 build completed\n\u2713 build completed\nInstalling prettier@4.3.0\nCache hit for key-6513\nStep 10/10: Building\nCompiling src/main.py...\n\u2713 test completed\nCache hit for key-8742\nWARNING: eslint has known vulnerabilities\nInstalling eslint@5.5.0\n[11:38:48] INFO: Processing request\n\u26a0 DEPRECATION: Feature will be removed in v2.0\nCompiling src/handler.rs...\n[11:38:48] INFO: Processing request\n[11:38:48] INFO: Processing request\nArtifact uploaded: build.tar.gz (14MB)\n[11:38:48] INFO: Processing request\nInstalling webpack@2.6.0\nArtifact uploaded: build.tar.gz (34MB)\nWARNING: axios has known vulnerabilities\nArtifact uploaded: build.tar.gz (4MB)\n\u2713 test completed\nArtifact uploaded: build.tar.gz (41MB)\n[11:38:48] INFO: Processing request\nInstalling webpack@1.1.0\n=== Step setup_environment completed ===\n=== Step: install_dependencies ===\nCache hit for key-7760\nStep 2/10: Building\nStep 6/10: Building\n  PASS: test_api_health (383ms)\nInstalling webpack@5.9.0\nCompiling src/app.ts...\nCache hit for key-2247\n[11:38:48] WARN: Deprecated API usage\nInstalling express@3.8.0\nStep 4/10: Building\nCache hit for key-5267\nInstalling lodash@1.15.0\nStep 6/10: Building\n  PASS: test_user_create (140ms)\nInstalling webpack@5.14.0\n  PASS: test_user_create (366ms)\n\u26a0 DEPRECATION: Feature will be removed in v2.0\nCache hit for key-2676\n  PASS: test_api_health (398ms)\n\u2713 test completed\nArtifact uploaded: build.tar.gz (39MB)\nStep 2/10: Building\nCompiling src/app.ts...\nInstalling express@2.4.0\nStep 9/10: Building\nInstalling webpack@5.9.0\n[11:38:48] INFO: Processing request\n  PASS: test_auth_login (127ms)\nCache hit for key-7973\n[11:38:48] ERROR: Connection failed\nInstalling react@3.3.0\nInstalling prettier@3.7.0\nException: RuntimeError\nCompiling src/index.js...\nArtifact uploaded: build.tar.gz (42MB)\nStep 3/10: Building\nStep 8/10: Building\n[11:38:48] INFO: Processing request\n  PASS: test_db_connect (47ms)\n\u2713 lint completed\nStep 10/10: Building\n  PASS: test_user_create (250ms)\nCompiling src/index.js...\nArtifact uploaded: build.tar.gz (30MB)\nCompiling src/utils.go...\nCache hit for key-4855\nCache hit for key-9146\nInstalling lodash@3.0.0\nCache hit for key-5953\n\u2713 test completed\n  PASS: test_user_create (470ms)\n[11:38:48] WARN: Deprecated API usage\n\u2713 build completed\nCache hit for key-3737\nArtifact uploaded: build.tar.gz (17MB)\nStep 4/10: Building\nStep 3/10: Building\n  PASS: test_cache_hit (369ms)\n[11:38:48] INFO: Processing request\n\u2713 build completed\nArtifact uploaded: build.tar.gz (13MB)\n[11:38:48] INFO: Processing request\nCache hit for key-3055\nInstalling jest@5.20.0\nInstalling prettier@4.3.0\nStep 9/10: Building\nCompiling src/index.js...\nCompiling src/index.js...\n[11:38:48] INFO: Processing request\nStep 10/10: Building\n\u2713 build completed\nArtifact uploaded: build.tar.gz (5MB)\n\u2713 test completed\n\u2713 test completed\nArtifact uploaded: build.tar.gz (48MB)\n\u2713 test completed\n\u26a0 DEPRECATION: Feature will be removed in v5.0\nArtifact uploaded: build.tar.gz (10MB)\n  PASS: test_user_create (365ms)\n[11:38:48] INFO: Processing request\n[11:38:48] INFO: Processing request\n=== Step install_dependencies completed ===\n=== Step: run_tests ===\n[11:38:48] ERROR: Connection failed\nInstalling webpack@3.17.0\nInstalling prettier@2.13.0\nCompiling src/app.ts...\nStep 1/10: Building\nInstalling webpack@3.14.0\n[11:38:48] INFO: Processing request\nStep 10/10: Building\n[11:38:48] INFO: Processing request\nStep 6/10: Building\nInstalling prettier@1.6.0\nArtifact uploaded: build.tar.gz (16MB)\n[11:38:48] INFO: Processing request\nCompiling src/index.js...\n\u26a0 DEPRECATION: Feature will be removed in v4.0\nCompiling src/main.py...\nArtifact uploaded: build.tar.gz (19MB)\n[11:38:48] INFO: Processing request\nStep 7/10: Building\nFAILED: test_user_create\nStep 10/10: Building\n  PASS: test_api_health (67ms)\n[11:38:48] INFO: Processing request\nInstalling express@2.0.0\n[11:38:48] INFO: Processing request\n  PASS: test_cache_hit (28ms)\nStep 10/10: Building\nStep 2/10: Building\n  PASS: test_db_connect (113ms)\n  PASS: test_api_health (475ms)\n  PASS: test_cache_hit (395ms)\nCache hit for key-5662\nStep 9/10: Building\nArtifact uploaded: build.tar.gz (9MB)\nCache hit for key-7331\n[11:38:48] WARN: Deprecated API usage\n\u2713 test completed\nStep 8/10: Building\n\u2713 build completed\nInstalling axios@4.20.0\nStep 4/10: Building\nArtifact uploaded: build.tar.gz (7MB)\nStep 9/10: Building\nException: NullPointerException\n[11:38:48] INFO: Processing request\n\u2713 test completed\n\u2717 build failed with exit code 82\nArtifact uploaded: build.tar.gz (40MB)\nInstalling react@4.13.0\n  PASS: test_api_health (171ms)\n  PASS: test_user_create (237ms)\nCompiling src/handler.rs...\n[11:38:48] WARN: Deprecated API usage\nCompiling src/main.py...\n[11:38:48] INFO: Processing request\n  PASS: test_user_create (91ms)\nInstalling webpack@1.9.0\nCache hit for key-6989\nStep 10/10: Building\n[11:38:48] INFO: Processing request\nWARNING: prettier has known vulnerabilities\nArtifact uploaded: build.tar.gz (44MB)\n  PASS: test_user_create (37ms)\n\u2713 test completed\n  PASS: test_api_health (251ms)\nCompiling src/app.ts...\nArtifact uploaded: build.tar.gz (24MB)\nCache hit for key-4352\nCache hit for key-1523\nArtifact uploaded: build.tar.gz (33MB)\nCache hit for key-1474\n[11:38:48] WARN: Deprecated API usage\n[11:38:48] INFO: Processing request\nArtifact uploaded: build.tar.gz (26MB)\nArtifact uploaded: build.tar.gz (50MB)\n[11:38:48] WARN: Deprecated API usage\n  PASS: test_user_create (478ms)\n\u2713 lint completed\n  PASS: test_cache_hit (179ms)\nWARNING: axios has known vulnerabilities\n\u2713 test completed\n=== Step run_tests completed ===\n=== Step: build_artifact ===\nArtifact uploaded: build.tar.gz (11MB)\n  PASS: test_db_connect (263ms)\n\u2713 lint completed\nStep 1/10: Building\nCompiling src/index.js...\n  PASS: test_user_create (496ms)\n\u2713 lint completed\nCache hit for key-3322\nCache hit for key-8133\n[11:38:48] WARN: Deprecated API usage\nArtifact uploaded: build.tar.gz (7MB)\nCache hit for key-4917\n[11:38:48] WARN: Deprecated API usage\n\u2713 test completed\nInstalling react@1.10.0\nInstalling eslint@1.20.0\nStep 5/10: Building\n[11:38:48] INFO: Processing request\nCache hit for key-8571\n\u2713 lint completed\n\u2713 lint completed\nCache hit for key-6340\n  PASS: test_auth_login (66ms)\n[11:38:48] INFO: Processing request\nCompiling src/handler.rs...\nCompiling src/handler.rs...\n[11:38:48] INFO: Processing request\nCache hit for key-7422\n[11:38:48] INFO: Processing request\n[11:38:48] INFO: Processing request\nArtifact uploaded: build.tar.gz (7MB)\nArtifact uploaded: build.tar.gz (33MB)\nInstalling lodash@5.6.0\nArtifact uploaded: build.tar.gz (49MB)\nCompiling src/main.py...\n\u2717 build failed with exit code 37\nInstalling prettier@4.16.0\nInstalling jest@5.5.0\n[11:38:48] WARN: Deprecated API usage\nCache hit for key-9789\n[11:38:48] INFO: Processing request\nArtifact uploaded: build.tar.gz (24MB)\nStep 1/10: Building\n[11:38:48] INFO: Processing request\nStep 9/10: Building\nStep 7/10: Building\n[11:38:48] INFO: Processing request\nCompiling src/service.java...\n\u2713 test completed\n\u2713 lint completed\nCompiling src/service.java...\n  PASS: test_api_health (5ms)\n[11:38:48] INFO: Processing request\n  PASS: test_db_connect (141ms)\nStep 10/10: Building\n\u2713 test completed\nArtifact uploaded: build.tar.gz (11MB)\n  PASS: test_auth_login (303ms)\nCache hit for key-7045\n[11:38:48] INFO: Processing request\nCache hit for key-4639\nArtifact uploaded: build.tar.gz (26MB)\n\u2713 lint completed\n[11:38:48] INFO: Processing request\n[11:38:48] INFO: Processing request\nWARNING: express has known vulnerabilities\nCache hit for key-3991\n\u2713 lint completed\n  PASS: test_api_health (474ms)\nStep 5/10: Building\nCache hit for key-7491\n[11:38:48] INFO: Processing request\nArtifact uploaded: build.tar.gz (2MB)\nStep 8/10: Building\nCompiling src/service.java...\nCache hit for key-9030\n  PASS: test_user_create (178ms)\n[11:38:48] INFO: Processing request\n  PASS: test_api_health (500ms)\n  PASS: test_db_connect (326ms)\nInstalling webpack@3.6.0\n=== Step build_artifact completed ===\n=== Step: deploy ===\nCache hit for key-3419\nFAILED: test_auth_login\nStep 4/10: Building\n[11:38:48] INFO: Processing request\nArtifact uploaded: build.tar.gz (21MB)\n\u2713 test completed\nInstalling prettier@2.8.0\nFAILED: test_user_create\n\u2713 lint completed\nInstalling eslint@2.20.0\n  PASS: test_user_create (500ms)\n  PASS: test_cache_hit (5ms)\n[11:38:48] INFO: Processing request\n[11:38:48] INFO: Processing request\nArtifact uploaded: build.tar.gz (25MB)\nCache hit for key-7829\nArtifact uploaded: build.tar.gz (14MB)\nArtifact uploaded: build.tar.gz (9MB)\n[11:38:48] INFO: Processing request\n[11:38:48] INFO: Processing request\n[11:38:48] INFO: Processing request\nStep 9/10: Building\n\u2713 build completed\nInstalling eslint@1.3.0\nCompiling src/index.js...\nStep 3/10: Building\nCache hit for key-1049\nWARNING: webpack has known vulnerabilities\n\u2713 lint completed\nCache hit for key-6856\nArtifact uploaded: build.tar.gz (30MB)\nWARNING: react has known vulnerabilities\n  PASS: test_auth_login (182ms)\n[11:38:48] INFO: Processing request\nCache hit for key-8681\nArtifact uploaded: build.tar.gz (11MB)\nCompiling src/app.ts...\nArtifact uploaded: build.tar.gz (11MB)\n\u26a0 DEPRECATION: Feature will be removed in v4.0\nWARNING: prettier has known vulnerabilities\nStep 1/10: Building\nArtifact uploaded: build.tar.gz (50MB)\n\u2713 build completed\nInstalling react@3.10.0\nStep 3/10: Building\n  PASS: test_cache_hit (388ms)\n[11:38:48] INFO: Processing request\nInstalling express@2.0.0\nWARNING: eslint has known vulnerabilities\nException: RuntimeError\nStep 3/10: Building\nStep 5/10: Building\n\u2717 build failed with exit code 117\n\u2713 lint completed\n[11:38:48] INFO: Processing request\n\u26a0 DEPRECATION: Feature will be removed in v3.0\nFAILED: test_auth_login\nStep 3/10: Building\n  PASS: test_user_create (45ms)\n[11:38:48] WARN: Deprecated API usage\nCache hit for key-8613\nStep 5/10: Building\nFAILED: test_auth_login\n\u2713 build completed\n[11:38:48] INFO: Processing request\nArtifact uploaded: build.tar.gz (4MB)\n\u2713 test completed\n[11:38:48] INFO: Processing request\n\u2713 lint completed\nException: TypeError\nArtifact uploaded: build.tar.gz (6MB)\nCache hit for key-7308\nCache hit for key-6136\nCache hit for key-2960\nInstalling axios@2.1.0\nFAILED: test_cache_hit\nCompiling src/handler.rs...\nCache hit for key-6782\n\u2713 build completed\nCache hit for key-7656\nCompiling src/app.ts...\n=== Step deploy completed ===",
    "steps": [
      {
        "name": "checkout",
        "status": "success",
        "started_at": "2025-11-30T11:38:48.124191",
        "finished_at": "2025-11-30T11:38:54.580113",
        "log_lines": [
          "=== Step: checkout ===",
          "Artifact uploaded: build.tar.gz (38MB)",
          "Exception: ValueError",
          "Installing webpack@4.2.0",
          "Step 5/10: Building",
          "[11:38:48] INFO: Processing request",
          "Cache hit for key-3344",
          "  PASS: test_user_create (223ms)",
          "Installing axios@5.2.0",
          "WARNING: axios has known vulnerabilities",
          "Cache hit for key-8610",
          "\u2713 lint completed",
          "\u2713 test completed",
          "Compiling src/app.ts...",
          "  PASS: test_auth_login (23ms)",
          "Step 6/10: Building",
          "FAILED: test_db_connect",
          "Step 1/10: Building",
          "  PASS: test_user_create (61ms)",
          "\u26a0 DEPRECATION: Feature will be removed in v3.0",
          "Exception: RuntimeError",
          "  PASS: test_api_health (475ms)",
          "  PASS: test_user_create (291ms)",
          "Artifact uploaded: build.tar.gz (49MB)",
          "Artifact uploaded: build.tar.gz (50MB)",
          "Artifact uploaded: build.tar.gz (47MB)",
          "  PASS: test_db_connect (186ms)",
          "[11:38:48] INFO: Processing request",
          "Compiling src/index.js...",
          "Step 8/10: Building",
          "\u2713 build completed",
          "Artifact uploaded: build.tar.gz (42MB)",
          "Cache hit for key-1109",
          "Artifact uploaded: build.tar.gz (5MB)",
          "[11:38:48] INFO: Processing request",
          "Installing jest@5.13.0",
          "  PASS: test_db_connect (452ms)",
          "  PASS: test_user_create (409ms)",
          "Step 4/10: Building",
          "[11:38:48] ERROR: Connection failed",
          "\u26a0 DEPRECATION: Feature will be removed in v3.0",
          "Step 7/10: Building",
          "  PASS: test_api_health (432ms)",
          "[11:38:48] ERROR: Connection failed",
          "Step 2/10: Building",
          "  PASS: test_cache_hit (388ms)",
          "[11:38:48] INFO: Processing request",
          "Compiling src/index.js...",
          "Cache hit for key-1406",
          "\u2713 lint completed",
          "[11:38:48] INFO: Processing request",
          "\u2713 test completed",
          "[11:38:48] INFO: Processing request",
          "Artifact uploaded: build.tar.gz (41MB)",
          "Artifact uploaded: build.tar.gz (33MB)",
          "Step 2/10: Building",
          "[11:38:48] WARN: Deprecated API usage",
          "Artifact uploaded: build.tar.gz (43MB)",
          "Compiling src/index.js...",
          "[11:38:48] WARN: Deprecated API usage",
          "Artifact uploaded: build.tar.gz (47MB)",
          "Artifact uploaded: build.tar.gz (20MB)",
          "Cache hit for key-4913",
          "Installing prettier@4.14.0",
          "\u2713 test completed",
          "Compiling src/utils.go...",
          "\u26a0 DEPRECATION: Feature will be removed in v3.0",
          "\u2713 test completed",
          "Artifact uploaded: build.tar.gz (19MB)",
          "FAILED: test_db_connect",
          "\u2717 build failed with exit code 43",
          "Step 4/10: Building",
          "  PASS: test_db_connect (434ms)",
          "  PASS: test_auth_login (412ms)",
          "[11:38:48] INFO: Processing request",
          "Step 5/10: Building",
          "Installing lodash@2.0.0",
          "Step 9/10: Building",
          "Step 8/10: Building",
          "\u2713 test completed",
          "Compiling src/handler.rs...",
          "\u2713 test completed",
          "=== Step checkout completed ==="
        ]
      },
      {
        "name": "setup_environment",
        "status": "success",
        "started_at": "2025-11-30T11:38:54.580113",
        "finished_at": "2025-11-30T11:39:07.491958",
        "log_lines": [
          "=== Step: setup_environment ===",
          "Compiling src/main.py...",
          "[11:38:48] WARN: Deprecated API usage",
          "Artifact uploaded: build.tar.gz (11MB)",
          "Step 5/10: Building",
          "Artifact uploaded: build.tar.gz (25MB)",
          "Artifact uploaded: build.tar.gz (1MB)",
          "Cache hit for key-9397",
          "Cache hit for key-4182",
          "Artifact uploaded: build.tar.gz (26MB)",
          "[11:38:48] INFO: Processing request",
          "Cache hit for key-9826",
          "Compiling src/utils.go...",
          "  PASS: test_api_health (119ms)",
          "Installing axios@5.18.0",
          "Step 5/10: Building",
          "Artifact uploaded: build.tar.gz (44MB)",
          "  PASS: test_db_connect (469ms)",
          "  PASS: test_api_health (416ms)",
          "[11:38:48] INFO: Processing request",
          "[11:38:48] INFO: Processing request",
          "Installing react@1.11.0",
          "Compiling src/handler.rs...",
          "[11:38:48] INFO: Processing request",
          "\u2713 lint completed",
          "Cache hit for key-9994",
          "Step 9/10: Building",
          "Artifact uploaded: build.tar.gz (11MB)",
          "Step 3/10: Building",
          "Step 9/10: Building",
          "Artifact uploaded: build.tar.gz (35MB)",
          "\u26a0 DEPRECATION: Feature will be removed in v5.0",
          "Artifact uploaded: build.tar.gz (31MB)",
          "Cache hit for key-8500",
          "  PASS: test_api_health (318ms)",
          "\u2713 test completed",
          "[11:38:48] INFO: Processing request",
          "Step 9/10: Building",
          "  PASS: test_user_create (192ms)",
          "Compiling src/main.py...",
          "Artifact uploaded: build.tar.gz (28MB)",
          "  PASS: test_user_create (247ms)",
          "[11:38:48] INFO: Processing request",
          "\u2713 lint completed",
          "  PASS: test_api_health (487ms)",
          "Step 6/10: Building",
          "WARNING: webpack has known vulnerabilities",
          "Installing prettier@5.1.0",
          "Compiling src/service.java...",
          "Installing eslint@5.8.0",
          "  PASS: test_auth_login (155ms)",
          "[11:38:48] ERROR: Connection failed",
          "Compiling src/main.py...",
          "FAILED: test_api_health",
          "Artifact uploaded: build.tar.gz (23MB)",
          "WARNING: webpack has known vulnerabilities",
          "Compiling src/index.js...",
          "\u2713 build completed",
          "\u2713 build completed",
          "Installing prettier@4.3.0",
          "Cache hit for key-6513",
          "Step 10/10: Building",
          "Compiling src/main.py...",
          "\u2713 test completed",
          "Cache hit for key-8742",
          "WARNING: eslint has known vulnerabilities",
          "Installing eslint@5.5.0",
          "[11:38:48] INFO: Processing request",
          "\u26a0 DEPRECATION: Feature will be removed in v2.0",
          "Compiling src/handler.rs...",
          "[11:38:48] INFO: Processing request",
          "[11:38:48] INFO: Processing request",
          "Artifact uploaded: build.tar.gz (14MB)",
          "[11:38:48] INFO: Processing request",
          "Installing webpack@2.6.0",
          "Artifact uploaded: build.tar.gz (34MB)",
          "WARNING: axios has known vulnerabilities",
          "Artifact uploaded: build.tar.gz (4MB)",
          "\u2713 test completed",
          "Artifact uploaded: build.tar.gz (41MB)",
          "[11:38:48] INFO: Processing request",
          "Installing webpack@1.1.0",
          "=== Step setup_environment completed ==="
        ]
      },
      {
        "name": "install_dependencies",
        "status": "success",
        "started_at": "2025-11-30T11:39:07.491958",
        "finished_at": "2025-11-30T11:39:33.315648",
        "log_lines": [
          "=== Step: install_dependencies ===",
          "Cache hit for key-7760",
          "Step 2/10: Building",
          "Step 6/10: Building",
          "  PASS: test_api_health (383ms)",
          "Installing webpack@5.9.0",
          "Compiling src/app.ts...",
          "Cache hit for key-2247",
          "[11:38:48] WARN: Deprecated API usage",
          "Installing express@3.8.0",
          "Step 4/10: Building",
          "Cache hit for key-5267",
          "Installing lodash@1.15.0",
          "Step 6/10: Building",
          "  PASS: test_user_create (140ms)",
          "Installing webpack@5.14.0",
          "  PASS: test_user_create (366ms)",
          "\u26a0 DEPRECATION: Feature will be removed in v2.0",
          "Cache hit for key-2676",
          "  PASS: test_api_health (398ms)",
          "\u2713 test completed",
          "Artifact uploaded: build.tar.gz (39MB)",
          "Step 2/10: Building",
          "Compiling src/app.ts...",
          "Installing express@2.4.0",
          "Step 9/10: Building",
          "Installing webpack@5.9.0",
          "[11:38:48] INFO: Processing request",
          "  PASS: test_auth_login (127ms)",
          "Cache hit for key-7973",
          "[11:38:48] ERROR: Connection failed",
          "Installing react@3.3.0",
          "Installing prettier@3.7.0",
          "Exception: RuntimeError",
          "Compiling src/index.js...",
          "Artifact uploaded: build.tar.gz (42MB)",
          "Step 3/10: Building",
          "Step 8/10: Building",
          "[11:38:48] INFO: Processing request",
          "  PASS: test_db_connect (47ms)",
          "\u2713 lint completed",
          "Step 10/10: Building",
          "  PASS: test_user_create (250ms)",
          "Compiling src/index.js...",
          "Artifact uploaded: build.tar.gz (30MB)",
          "Compiling src/utils.go...",
          "Cache hit for key-4855",
          "Cache hit for key-9146",
          "Installing lodash@3.0.0",
          "Cache hit for key-5953",
          "\u2713 test completed",
          "  PASS: test_user_create (470ms)",
          "[11:38:48] WARN: Deprecated API usage",
          "\u2713 build completed",
          "Cache hit for key-3737",
          "Artifact uploaded: build.tar.gz (17MB)",
          "Step 4/10: Building",
          "Step 3/10: Building",
          "  PASS: test_cache_hit (369ms)",
          "[11:38:48] INFO: Processing request",
          "\u2713 build completed",
          "Artifact uploaded: build.tar.gz (13MB)",
          "[11:38:48] INFO: Processing request",
          "Cache hit for key-3055",
          "Installing jest@5.20.0",
          "Installing prettier@4.3.0",
          "Step 9/10: Building",
          "Compiling src/index.js...",
          "Compiling src/index.js...",
          "[11:38:48] INFO: Processing request",
          "Step 10/10: Building",
          "\u2713 build completed",
          "Artifact uploaded: build.tar.gz (5MB)",
          "\u2713 test completed",
          "\u2713 test completed",
          "Artifact uploaded: build.tar.gz (48MB)",
          "\u2713 test completed",
          "\u26a0 DEPRECATION: Feature will be removed in v5.0",
          "Artifact uploaded: build.tar.gz (10MB)",
          "  PASS: test_user_create (365ms)",
          "[11:38:48] INFO: Processing request",
          "[11:38:48] INFO: Processing request",
          "=== Step install_dependencies completed ==="
        ]
      },
      {
        "name": "run_tests",
        "status": "success",
        "started_at": "2025-11-30T11:39:33.315648",
        "finished_at": "2025-11-30T11:40:18.507105",
        "log_lines": [
          "=== Step: run_tests ===",
          "[11:38:48] ERROR: Connection failed",
          "Installing webpack@3.17.0",
          "Installing prettier@2.13.0",
          "Compiling src/app.ts...",
          "Step 1/10: Building",
          "Installing webpack@3.14.0",
          "[11:38:48] INFO: Processing request",
          "Step 10/10: Building",
          "[11:38:48] INFO: Processing request",
          "Step 6/10: Building",
          "Installing prettier@1.6.0",
          "Artifact uploaded: build.tar.gz (16MB)",
          "[11:38:48] INFO: Processing request",
          "Compiling src/index.js...",
          "\u26a0 DEPRECATION: Feature will be removed in v4.0",
          "Compiling src/main.py...",
          "Artifact uploaded: build.tar.gz (19MB)",
          "[11:38:48] INFO: Processing request",
          "Step 7/10: Building",
          "FAILED: test_user_create",
          "Step 10/10: Building",
          "  PASS: test_api_health (67ms)",
          "[11:38:48] INFO: Processing request",
          "Installing express@2.0.0",
          "[11:38:48] INFO: Processing request",
          "  PASS: test_cache_hit (28ms)",
          "Step 10/10: Building",
          "Step 2/10: Building",
          "  PASS: test_db_connect (113ms)",
          "  PASS: test_api_health (475ms)",
          "  PASS: test_cache_hit (395ms)",
          "Cache hit for key-5662",
          "Step 9/10: Building",
          "Artifact uploaded: build.tar.gz (9MB)",
          "Cache hit for key-7331",
          "[11:38:48] WARN: Deprecated API usage",
          "\u2713 test completed",
          "Step 8/10: Building",
          "\u2713 build completed",
          "Installing axios@4.20.0",
          "Step 4/10: Building",
          "Artifact uploaded: build.tar.gz (7MB)",
          "Step 9/10: Building",
          "Exception: NullPointerException",
          "[11:38:48] INFO: Processing request",
          "\u2713 test completed",
          "\u2717 build failed with exit code 82",
          "Artifact uploaded: build.tar.gz (40MB)",
          "Installing react@4.13.0",
          "  PASS: test_api_health (171ms)",
          "  PASS: test_user_create (237ms)",
          "Compiling src/handler.rs...",
          "[11:38:48] WARN: Deprecated API usage",
          "Compiling src/main.py...",
          "[11:38:48] INFO: Processing request",
          "  PASS: test_user_create (91ms)",
          "Installing webpack@1.9.0",
          "Cache hit for key-6989",
          "Step 10/10: Building",
          "[11:38:48] INFO: Processing request",
          "WARNING: prettier has known vulnerabilities",
          "Artifact uploaded: build.tar.gz (44MB)",
          "  PASS: test_user_create (37ms)",
          "\u2713 test completed",
          "  PASS: test_api_health (251ms)",
          "Compiling src/app.ts...",
          "Artifact uploaded: build.tar.gz (24MB)",
          "Cache hit for key-4352",
          "Cache hit for key-1523",
          "Artifact uploaded: build.tar.gz (33MB)",
          "Cache hit for key-1474",
          "[11:38:48] WARN: Deprecated API usage",
          "[11:38:48] INFO: Processing request",
          "Artifact uploaded: build.tar.gz (26MB)",
          "Artifact uploaded: build.tar.gz (50MB)",
          "[11:38:48] WARN: Deprecated API usage",
          "  PASS: test_user_create (478ms)",
          "\u2713 lint completed",
          "  PASS: test_cache_hit (179ms)",
          "WARNING: axios has known vulnerabilities",
          "\u2713 test completed",
          "=== Step run_tests completed ==="
        ]
      },
      {
        "name": "build_artifact",
        "status": "success",
        "started_at": "2025-11-30T11:40:18.507105",
        "finished_at": "2025-11-30T11:40:44.330795",
        "log_lines": [
          "=== Step: build_artifact ===",
          "Artifact uploaded: build.tar.gz (11MB)",
          "  PASS: test_db_connect (263ms)",
          "\u2713 lint completed",
          "Step 1/10: Building",
          "Compiling src/index.js...",
          "  PASS: test_user_create (496ms)",
          "\u2713 lint completed",
          "Cache hit for key-3322",
          "Cache hit for key-8133",
          "[11:38:48] WARN: Deprecated API usage",
          "Artifact uploaded: build.tar.gz (7MB)",
          "Cache hit for key-4917",
          "[11:38:48] WARN: Deprecated API usage",
          "\u2713 test completed",
          "Installing react@1.10.0",
          "Installing eslint@1.20.0",
          "Step 5/10: Building",
          "[11:38:48] INFO: Processing request",
          "Cache hit for key-8571",
          "\u2713 lint completed",
          "\u2713 lint completed",
          "Cache hit for key-6340",
          "  PASS: test_auth_login (66ms)",
          "[11:38:48] INFO: Processing request",
          "Compiling src/handler.rs...",
          "Compiling src/handler.rs...",
          "[11:38:48] INFO: Processing request",
          "Cache hit for key-7422",
          "[11:38:48] INFO: Processing request",
          "[11:38:48] INFO: Processing request",
          "Artifact uploaded: build.tar.gz (7MB)",
          "Artifact uploaded: build.tar.gz (33MB)",
          "Installing lodash@5.6.0",
          "Artifact uploaded: build.tar.gz (49MB)",
          "Compiling src/main.py...",
          "\u2717 build failed with exit code 37",
          "Installing prettier@4.16.0",
          "Installing jest@5.5.0",
          "[11:38:48] WARN: Deprecated API usage",
          "Cache hit for key-9789",
          "[11:38:48] INFO: Processing request",
          "Artifact uploaded: build.tar.gz (24MB)",
          "Step 1/10: Building",
          "[11:38:48] INFO: Processing request",
          "Step 9/10: Building",
          "Step 7/10: Building",
          "[11:38:48] INFO: Processing request",
          "Compiling src/service.java...",
          "\u2713 test completed",
          "\u2713 lint completed",
          "Compiling src/service.java...",
          "  PASS: test_api_health (5ms)",
          "[11:38:48] INFO: Processing request",
          "  PASS: test_db_connect (141ms)",
          "Step 10/10: Building",
          "\u2713 test completed",
          "Artifact uploaded: build.tar.gz (11MB)",
          "  PASS: test_auth_login (303ms)",
          "Cache hit for key-7045",
          "[11:38:48] INFO: Processing request",
          "Cache hit for key-4639",
          "Artifact uploaded: build.tar.gz (26MB)",
          "\u2713 lint completed",
          "[11:38:48] INFO: Processing request",
          "[11:38:48] INFO: Processing request",
          "WARNING: express has known vulnerabilities",
          "Cache hit for key-3991",
          "\u2713 lint completed",
          "  PASS: test_api_health (474ms)",
          "Step 5/10: Building",
          "Cache hit for key-7491",
          "[11:38:48] INFO: Processing request",
          "Artifact uploaded: build.tar.gz (2MB)",
          "Step 8/10: Building",
          "Compiling src/service.java...",
          "Cache hit for key-9030",
          "  PASS: test_user_create (178ms)",
          "[11:38:48] INFO: Processing request",
          "  PASS: test_api_health (500ms)",
          "  PASS: test_db_connect (326ms)",
          "Installing webpack@3.6.0",
          "=== Step build_artifact completed ==="
        ]
      },
      {
        "name": "deploy",
        "status": "success",
        "started_at": "2025-11-30T11:40:44.330795",
        "finished_at": "2025-11-30T11:40:57.242640",
        "log_lines": [
          "=== Step: deploy ===",
          "Cache hit for key-3419",
          "FAILED: test_auth_login",
          "Step 4/10: Building",
          "[11:38:48] INFO: Processing request",
          "Artifact uploaded: build.tar.gz (21MB)",
          "\u2713 test completed",
          "Installing prettier@2.8.0",
          "FAILED: test_user_create",
          "\u2713 lint completed",
          "Installing eslint@2.20.0",
          "  PASS: test_user_create (500ms)",
          "  PASS: test_cache_hit (5ms)",
          "[11:38:48] INFO: Processing request",
          "[11:38:48] INFO: Processing request",
          "Artifact uploaded: build.tar.gz (25MB)",
          "Cache hit for key-7829",
          "Artifact uploaded: build.tar.gz (14MB)",
          "Artifact uploaded: build.tar.gz (9MB)",
          "[11:38:48] INFO: Processing request",
          "[11:38:48] INFO: Processing request",
          "[11:38:48] INFO: Processing request",
          "Step 9/10: Building",
          "\u2713 build completed",
          "Installing eslint@1.3.0",
          "Compiling src/index.js...",
          "Step 3/10: Building",
          "Cache hit for key-1049",
          "WARNING: webpack has known vulnerabilities",
          "\u2713 lint completed",
          "Cache hit for key-6856",
          "Artifact uploaded: build.tar.gz (30MB)",
          "WARNING: react has known vulnerabilities",
          "  PASS: test_auth_login (182ms)",
          "[11:38:48] INFO: Processing request",
          "Cache hit for key-8681",
          "Artifact uploaded: build.tar.gz (11MB)",
          "Compiling src/app.ts...",
          "Artifact uploaded: build.tar.gz (11MB)",
          "\u26a0 DEPRECATION: Feature will be removed in v4.0",
          "WARNING: prettier has known vulnerabilities",
          "Step 1/10: Building",
          "Artifact uploaded: build.tar.gz (50MB)",
          "\u2713 build completed",
          "Installing react@3.10.0",
          "Step 3/10: Building",
          "  PASS: test_cache_hit (388ms)",
          "[11:38:48] INFO: Processing request",
          "Installing express@2.0.0",
          "WARNING: eslint has known vulnerabilities",
          "Exception: RuntimeError",
          "Step 3/10: Building",
          "Step 5/10: Building",
          "\u2717 build failed with exit code 117",
          "\u2713 lint completed",
          "[11:38:48] INFO: Processing request",
          "\u26a0 DEPRECATION: Feature will be removed in v3.0",
          "FAILED: test_auth_login",
          "Step 3/10: Building",
          "  PASS: test_user_create (45ms)",
          "[11:38:48] WARN: Deprecated API usage",
          "Cache hit for key-8613",
          "Step 5/10: Building",
          "FAILED: test_auth_login",
          "\u2713 build completed",
          "[11:38:48] INFO: Processing request",
          "Artifact uploaded: build.tar.gz (4MB)",
          "\u2713 test completed",
          "[11:38:48] INFO: Processing request",
          "\u2713 lint completed",
          "Exception: TypeError",
          "Artifact uploaded: build.tar.gz (6MB)",
          "Cache hit for key-7308",
          "Cache hit for key-6136",
          "Cache hit for key-2960",
          "Installing axios@2.1.0",
          "FAILED: test_cache_hit",
          "Compiling src/handler.rs...",
          "Cache hit for key-6782",
          "\u2713 build completed",
          "Cache hit for key-7656",
          "Compiling src/app.ts...",
          "=== Step deploy completed ==="
        ]
      }
    ],
    "label": "normal"
  }
}