{
  "action": "completed",
  "workflow_run": {
    "id": 165,
    "name": "CI Pipeline",
    "head_branch": "main",
    "head_sha": "9383fe4e69a028b8584d35ec5c6eddeebfa58987",
    "status": "completed",
    "conclusion": "success",
    "run_started_at": "2025-11-29T23:44:25.455847Z",
    "updated_at": "2025-11-29T23:46:34.817644Z"
  },
  "repository": {
    "full_name": "acme-corp/data-pipeline",
    "name": "data-pipeline"
  },
  "sender": {
    "login": "frank"
  },
  "_safeops_extended": {
    "raw_logs": "=== Step: checkout ===\nArtifact uploaded: build.tar.gz (10MB)\nInstalling webpack@2.4.0\nInstalling express@4.2.0\nCompiling src/main.py...\nStep 1/10: Building\nInstalling axios@2.8.0\n[23:44:25] INFO: Processing request\n\u26a0 DEPRECATION: Feature will be removed in v3.0\nStep 6/10: Building\nCompiling src/utils.go...\n\u2713 lint completed\nInstalling lodash@5.19.0\n  PASS: test_api_health (236ms)\nWARNING: prettier has known vulnerabilities\n  PASS: test_user_create (352ms)\nArtifact uploaded: build.tar.gz (26MB)\nStep 5/10: Building\n[23:44:25] INFO: Processing request\nCache hit for key-4184\nCompiling src/utils.go...\n  PASS: test_cache_hit (256ms)\nArtifact uploaded: build.tar.gz (40MB)\nCache hit for key-4331\n\u2713 test completed\nCache hit for key-8050\n  PASS: test_user_create (454ms)\nCompiling src/service.java...\nArtifact uploaded: build.tar.gz (27MB)\n  PASS: test_db_connect (26ms)\nCache hit for key-2277\nStep 9/10: Building\n  PASS: test_auth_login (182ms)\nStep 5/10: Building\n\u2713 test completed\n  PASS: test_db_connect (231ms)\nCompiling src/app.ts...\nArtifact uploaded: build.tar.gz (45MB)\n[23:44:25] WARN: Deprecated API usage\nArtifact uploaded: build.tar.gz (13MB)\nInstalling express@5.3.0\n  PASS: test_api_health (80ms)\n  PASS: test_cache_hit (437ms)\nInstalling webpack@3.7.0\n  PASS: test_api_health (103ms)\n\u2713 build completed\n[23:44:25] INFO: Processing request\n  PASS: test_user_create (389ms)\n[23:44:25] INFO: Processing request\nArtifact uploaded: build.tar.gz (35MB)\nArtifact uploaded: build.tar.gz (11MB)\n  PASS: test_db_connect (319ms)\nWARNING: axios has known vulnerabilities\nStep 2/10: Building\nStep 3/10: Building\n[23:44:25] INFO: Processing request\nCache hit for key-3659\n  PASS: test_auth_login (183ms)\nStep 10/10: Building\nCache hit for key-4585\n  PASS: test_db_connect (176ms)\nInstalling jest@4.3.0\nArtifact uploaded: build.tar.gz (49MB)\nStep 2/10: Building\n\u2713 lint completed\n\u2713 build completed\n[23:44:25] INFO: Processing request\n  PASS: test_auth_login (4ms)\nInstalling express@4.17.0\n  PASS: test_api_health (185ms)\nStep 4/10: Building\nStep 1/10: Building\nCache hit for key-2596\nInstalling webpack@5.1.0\nCache hit for key-1471\n  PASS: test_user_create (494ms)\n  PASS: test_user_create (451ms)\n\u2713 lint completed\n[23:44:25] WARN: Deprecated API usage\nArtifact uploaded: build.tar.gz (31MB)\nCompiling src/handler.rs...\n  PASS: test_db_connect (3ms)\nCache hit for key-5997\nException: TypeError\n\u2713 test completed\n[23:44:25] WARN: Deprecated API usage\nCompiling src/app.ts...\nArtifact uploaded: build.tar.gz (35MB)\n[23:44:25] INFO: Processing request\n=== Step checkout completed ===\n=== Step: setup_environment ===\n\u2713 lint completed\nArtifact uploaded: build.tar.gz (47MB)\nStep 1/10: Building\nArtifact uploaded: build.tar.gz (41MB)\nCache hit for key-6128\n[23:44:25] INFO: Processing request\nCache hit for key-2350\nCompiling src/service.java...\nStep 4/10: Building\n[23:44:25] INFO: Processing request\nCache hit for key-9797\n\u2713 build completed\n[23:44:25] INFO: Processing request\nCache hit for key-1977\n[23:44:25] INFO: Processing request\n\u2717 build failed with exit code 113\n[23:44:25] INFO: Processing request\n\u2713 test completed\nInstalling lodash@5.10.0\n  PASS: test_api_health (402ms)\nCompiling src/service.java...\n\u26a0 DEPRECATION: Feature will be removed in v3.0\n  PASS: test_user_create (167ms)\n  PASS: test_api_health (190ms)\n\u2713 test completed\nStep 8/10: Building\n  PASS: test_auth_login (378ms)\n\u2713 lint completed\nInstalling webpack@3.1.0\nStep 5/10: Building\n\u2717 build failed with exit code 22\n  PASS: test_api_health (26ms)\n  PASS: test_api_health (224ms)\nWARNING: jest has known vulnerabilities\n  PASS: test_cache_hit (196ms)\nStep 1/10: Building\nArtifact uploaded: build.tar.gz (19MB)\nArtifact uploaded: build.tar.gz (2MB)\nArtifact uploaded: build.tar.gz (9MB)\nArtifact uploaded: build.tar.gz (45MB)\n  PASS: test_api_health (40ms)\nException: NullPointerException\nCompiling src/main.py...\n\u2713 test completed\n\u2713 test completed\n[23:44:25] INFO: Processing request\n\u26a0 DEPRECATION: Feature will be removed in v5.0\n[23:44:25] INFO: Processing request\nCompiling src/index.js...\n\u2713 test completed\n[23:44:25] INFO: Processing request\nStep 8/10: Building\nArtifact uploaded: build.tar.gz (33MB)\n  PASS: test_auth_login (13ms)\nCache hit for key-5499\nCompiling src/handler.rs...\nStep 8/10: Building\nArtifact uploaded: build.tar.gz (1MB)\n\u2713 build completed\nArtifact uploaded: build.tar.gz (14MB)\n[23:44:25] INFO: Processing request\n  PASS: test_cache_hit (183ms)\nInstalling webpack@2.7.0\nInstalling prettier@1.10.0\n[23:44:25] WARN: Deprecated API usage\nStep 2/10: Building\n  PASS: test_db_connect (39ms)\nCache hit for key-2081\nStep 8/10: Building\n\u26a0 DEPRECATION: Feature will be removed in v5.0\nCompiling src/utils.go...\nCompiling src/service.java...\n\u2713 build completed\nInstalling axios@5.9.0\nWARNING: axios has known vulnerabilities\nCache hit for key-7972\nStep 5/10: Building\n\u2713 build completed\n\u2713 build completed\n  PASS: test_db_connect (132ms)\n  PASS: test_user_create (194ms)\n  PASS: test_auth_login (185ms)\nCache hit for key-7190\nStep 8/10: Building\n  PASS: test_db_connect (187ms)\nInstalling lodash@4.3.0\nCache hit for key-3921\n  PASS: test_auth_login (38ms)\n=== Step setup_environment completed ===\n=== Step: install_dependencies ===\n\u2713 build completed\nInstalling prettier@3.13.0\n  PASS: test_api_health (185ms)\nInstalling express@4.12.0\nArtifact uploaded: build.tar.gz (49MB)\n  PASS: test_api_health (418ms)\nCompiling src/handler.rs...\n[23:44:25] WARN: Deprecated API usage\nCompiling src/handler.rs...\n\u2717 build failed with exit code 44\nArtifact uploaded: build.tar.gz (8MB)\nInstalling jest@4.16.0\nCompiling src/index.js...\n[23:44:25] INFO: Processing request\nArtifact uploaded: build.tar.gz (4MB)\n\u2713 lint completed\n\u2713 lint completed\n\u2713 lint completed\n\u2713 test completed\nCompiling src/index.js...\n[23:44:25] INFO: Processing request\n[23:44:25] INFO: Processing request\nArtifact uploaded: build.tar.gz (17MB)\n\u2713 build completed\nArtifact uploaded: build.tar.gz (45MB)\n[23:44:25] WARN: Deprecated API usage\nArtifact uploaded: build.tar.gz (3MB)\n[23:44:25] INFO: Processing request\n\u26a0 DEPRECATION: Feature will be removed in v2.0\n[23:44:25] INFO: Processing request\nStep 7/10: Building\nArtifact uploaded: build.tar.gz (19MB)\nInstalling eslint@2.6.0\n\u2717 build failed with exit code 77\nException: TypeError\n  PASS: test_auth_login (7ms)\nCompiling src/app.ts...\nCache hit for key-6323\n[23:44:25] INFO: Processing request\nInstalling react@2.11.0\nInstalling express@2.19.0\n[23:44:25] INFO: Processing request\nInstalling lodash@4.3.0\nCache hit for key-5984\nArtifact uploaded: build.tar.gz (8MB)\n[23:44:25] INFO: Processing request\nCache hit for key-3352\n  PASS: test_user_create (134ms)\n[23:44:25] INFO: Processing request\nCompiling src/app.ts...\nArtifact uploaded: build.tar.gz (16MB)\nArtifact uploaded: build.tar.gz (48MB)\nStep 8/10: Building\n  PASS: test_auth_login (292ms)\nCompiling src/index.js...\n  PASS: test_db_connect (40ms)\nInstalling jest@1.10.0\nStep 10/10: Building\nArtifact uploaded: build.tar.gz (9MB)\n[23:44:25] INFO: Processing request\n[23:44:25] INFO: Processing request\nArtifact uploaded: build.tar.gz (12MB)\n[23:44:25] INFO: Processing request\nCompiling src/main.py...\n[23:44:25] INFO: Processing request\nCompiling src/handler.rs...\n[23:44:25] INFO: Processing request\nInstalling prettier@2.14.0\n[23:44:25] INFO: Processing request\n  PASS: test_user_create (464ms)\n\u2713 test completed\nInstalling axios@2.13.0\nCache hit for key-4920\n  PASS: test_api_health (213ms)\nInstalling lodash@4.3.0\nStep 9/10: Building\n[23:44:25] INFO: Processing request\nInstalling lodash@1.8.0\nCache hit for key-7960\nInstalling eslint@5.0.0\nArtifact uploaded: build.tar.gz (16MB)\n[23:44:25] WARN: Deprecated API usage\nArtifact uploaded: build.tar.gz (1MB)\n\u2713 lint completed\nArtifact uploaded: build.tar.gz (24MB)\nCache hit for key-8667\nArtifact uploaded: build.tar.gz (31MB)\n\u2713 test completed\n=== Step install_dependencies completed ===\n=== Step: run_tests ===\n\u2713 build completed\n\u2713 lint completed\n[23:44:25] INFO: Processing request\n[23:44:25] INFO: Processing request\n\u2713 build completed\nCache hit for key-5376\nCompiling src/handler.rs...\n[23:44:25] INFO: Processing request\nCompiling src/utils.go...\n\u2713 lint completed\nInstalling react@5.6.0\n\u2713 build completed\n\u2713 build completed\n\u26a0 DEPRECATION: Feature will be removed in v5.0\nInstalling express@4.12.0\nStep 8/10: Building\n[23:44:25] WARN: Deprecated API usage\nStep 3/10: Building\n\u2713 test completed\n[23:44:25] ERROR: Connection failed\nArtifact uploaded: build.tar.gz (2MB)\n\u2713 lint completed\nCache hit for key-5088\nStep 7/10: Building\nArtifact uploaded: build.tar.gz (7MB)\nInstalling eslint@1.2.0\n[23:44:25] WARN: Deprecated API usage\n[23:44:25] INFO: Processing request\nStep 7/10: Building\nCache hit for key-2275\n\u2713 test completed\nStep 6/10: Building\nInstalling axios@5.15.0\n[23:44:25] INFO: Processing request\n\u2713 build completed\nWARNING: eslint has known vulnerabilities\nArtifact uploaded: build.tar.gz (10MB)\nArtifact uploaded: build.tar.gz (25MB)\nCache hit for key-6327\nInstalling express@2.8.0\nCache hit for key-4801\n\u2713 test completed\nCache hit for key-4351\nArtifact uploaded: build.tar.gz (35MB)\nArtifact uploaded: build.tar.gz (34MB)\nStep 7/10: Building\nCompiling src/main.py...\nCache hit for key-2574\nInstalling webpack@3.8.0\nArtifact uploaded: build.tar.gz (32MB)\nStep 7/10: Building\nStep 7/10: Building\n[23:44:25] INFO: Processing request\n  PASS: test_user_create (463ms)\nStep 1/10: Building\n\u2713 build completed\n  PASS: test_user_create (200ms)\n\u2713 test completed\nCompiling src/handler.rs...\nCompiling src/utils.go...\nInstalling jest@5.1.0\nCompiling src/handler.rs...\nArtifact uploaded: build.tar.gz (7MB)\nStep 5/10: Building\n\u2717 build failed with exit code 55\n[23:44:25] INFO: Processing request\n[23:44:25] INFO: Processing request\n[23:44:25] INFO: Processing request\nStep 5/10: Building\n\u2713 test completed\nInstalling lodash@1.1.0\nInstalling eslint@3.13.0\n\u2713 test completed\nArtifact uploaded: build.tar.gz (26MB)\n\u2713 lint completed\n\u2713 build completed\n\u2713 lint completed\nStep 1/10: Building\n\u2713 test completed\nCache hit for key-2418\n  PASS: test_auth_login (30ms)\n  PASS: test_auth_login (389ms)\nInstalling react@5.7.0\nArtifact uploaded: build.tar.gz (28MB)\nCache hit for key-8369\nStep 4/10: Building\nInstalling axios@5.16.0\n  PASS: test_db_connect (123ms)\n=== Step run_tests completed ===\n=== Step: build_artifact ===\nArtifact uploaded: build.tar.gz (25MB)\nCompiling src/utils.go...\nInstalling react@1.4.0\nArtifact uploaded: build.tar.gz (7MB)\nCompiling src/utils.go...\n\u2713 test completed\nArtifact uploaded: build.tar.gz (47MB)\nStep 7/10: Building\n\u2713 test completed\nStep 4/10: Building\n\u2713 lint completed\nCompiling src/main.py...\nCache hit for key-5727\nCompiling src/handler.rs...\n[23:44:25] INFO: Processing request\n\u2713 build completed\n[23:44:25] INFO: Processing request\nInstalling webpack@1.17.0\n[23:44:25] INFO: Processing request\n  PASS: test_user_create (339ms)\nWARNING: react has known vulnerabilities\nCache hit for key-3997\nInstalling express@3.2.0\n\u2713 test completed\n  PASS: test_db_connect (282ms)\nCompiling src/handler.rs...\nStep 10/10: Building\nInstalling lodash@2.7.0\nInstalling axios@5.11.0\n[23:44:25] INFO: Processing request\n[23:44:25] INFO: Processing request\n[23:44:25] WARN: Deprecated API usage\nInstalling express@4.12.0\nCache hit for key-3385\nArtifact uploaded: build.tar.gz (26MB)\n\u2713 lint completed\nCache hit for key-7164\n  PASS: test_api_health (140ms)\n  PASS: test_auth_login (404ms)\n  PASS: test_db_connect (307ms)\nArtifact uploaded: build.tar.gz (46MB)\n[23:44:25] INFO: Processing request\nCache hit for key-6782\nWARNING: axios has known vulnerabilities\nCache hit for key-6197\nCompiling src/handler.rs...\nException: RuntimeError\nCompiling src/app.ts...\n[23:44:25] INFO: Processing request\n[23:44:25] ERROR: Connection failed\n\u2713 lint completed\nCompiling src/main.py...\n[23:44:25] INFO: Processing request\nStep 7/10: Building\n  PASS: test_api_health (200ms)\nCompiling src/index.js...\n[23:44:25] INFO: Processing request\nInstalling express@2.6.0\nStep 6/10: Building\n  PASS: test_api_health (299ms)\nArtifact uploaded: build.tar.gz (46MB)\nCompiling src/handler.rs...\nArtifact uploaded: build.tar.gz (17MB)\nCompiling src/main.py...\n\u2713 test completed\nInstalling lodash@1.14.0\n\u2713 test completed\nCompiling src/handler.rs...\n  PASS: test_db_connect (180ms)\nCompiling src/handler.rs...\n\u26a0 DEPRECATION: Feature will be removed in v3.0\nCompiling src/app.ts...\n\u2713 build completed\n\u26a0 DEPRECATION: Feature will be removed in v5.0\nStep 9/10: Building\nArtifact uploaded: build.tar.gz (18MB)\nCache hit for key-3550\nCache hit for key-7261\nArtifact uploaded: build.tar.gz (48MB)\nStep 8/10: Building\nStep 3/10: Building\nStep 3/10: Building\nCompiling src/app.ts...\nWARNING: axios has known vulnerabilities\nInstalling webpack@2.12.0\n  PASS: test_auth_login (311ms)\n\u2713 lint completed\nArtifact uploaded: build.tar.gz (15MB)\n=== Step build_artifact completed ===\n=== Step: deploy ===\nStep 3/10: Building\nCompiling src/utils.go...\nCache hit for key-7755\nCompiling src/main.py...\nInstalling webpack@1.7.0\nArtifact uploaded: build.tar.gz (34MB)\nArtifact uploaded: build.tar.gz (2MB)\nStep 7/10: Building\nInstalling jest@3.6.0\nArtifact uploaded: build.tar.gz (41MB)\nArtifact uploaded: build.tar.gz (48MB)\nCompiling src/service.java...\nStep 2/10: Building\nCache hit for key-6425\n[23:44:25] INFO: Processing request\nWARNING: react has known vulnerabilities\nCompiling src/main.py...\nCache hit for key-6859\nWARNING: express has known vulnerabilities\n[23:44:25] ERROR: Connection failed\n  PASS: test_user_create (201ms)\n[23:44:25] INFO: Processing request\nArtifact uploaded: build.tar.gz (28MB)\nInstalling jest@5.3.0\nCache hit for key-9186\nCache hit for key-2053\nStep 3/10: Building\nCache hit for key-7933\nArtifact uploaded: build.tar.gz (16MB)\nCompiling src/utils.go...\nArtifact uploaded: build.tar.gz (41MB)\n[23:44:25] INFO: Processing request\nCache hit for key-6042\n\u26a0 DEPRECATION: Feature will be removed in v5.0\n  PASS: test_db_connect (458ms)\n\u2713 test completed\nCache hit for key-9628\n  PASS: test_api_health (438ms)\n  PASS: test_cache_hit (5ms)\n  PASS: test_auth_login (362ms)\nCache hit for key-2655\nInstalling axios@3.2.0\n\u26a0 DEPRECATION: Feature will be removed in v5.0\n[23:44:25] WARN: Deprecated API usage\n  PASS: test_auth_login (430ms)\n\u2713 test completed\nCompiling src/utils.go...\nArtifact uploaded: build.tar.gz (8MB)\nCompiling src/handler.rs...\n\u2713 lint completed\nCompiling src/utils.go...\nArtifact uploaded: build.tar.gz (45MB)\n  PASS: test_cache_hit (436ms)\nArtifact uploaded: build.tar.gz (30MB)\n[23:44:25] INFO: Processing request\n[23:44:25] INFO: Processing request\n  PASS: test_db_connect (210ms)\nCache hit for key-4317\nCompiling src/index.js...\n  PASS: test_api_health (440ms)\nStep 6/10: Building\n\u2713 lint completed\nStep 6/10: Building\nInstalling prettier@3.15.0\n[23:44:25] INFO: Processing request\nArtifact uploaded: build.tar.gz (3MB)\n[23:44:25] INFO: Processing request\nStep 8/10: Building\nArtifact uploaded: build.tar.gz (15MB)\n\u2713 lint completed\n[23:44:25] INFO: Processing request\nStep 10/10: Building\nArtifact uploaded: build.tar.gz (46MB)\n  PASS: test_api_health (444ms)\nInstalling lodash@5.15.0\n[23:44:25] INFO: Processing request\n[23:44:25] WARN: Deprecated API usage\n  PASS: test_db_connect (185ms)\nStep 5/10: Building\nStep 5/10: Building\n  PASS: test_auth_login (140ms)\n\u2713 build completed\nException: RuntimeError\nInstalling express@4.17.0\nStep 9/10: Building\nArtifact uploaded: build.tar.gz (42MB)\nStep 5/10: Building\nCache hit for key-4420\n=== Step deploy completed ===",
    "steps": [
      {
        "name": "checkout",
        "status": "success",
        "started_at": "2025-11-29T23:44:25.455847",
        "finished_at": "2025-11-29T23:44:31.923937",
        "log_lines": [
          "=== Step: checkout ===",
          "Artifact uploaded: build.tar.gz (10MB)",
          "Installing webpack@2.4.0",
          "Installing express@4.2.0",
          "Compiling src/main.py...",
          "Step 1/10: Building",
          "Installing axios@2.8.0",
          "[23:44:25] INFO: Processing request",
          "\u26a0 DEPRECATION: Feature will be removed in v3.0",
          "Step 6/10: Building",
          "Compiling src/utils.go...",
          "\u2713 lint completed",
          "Installing lodash@5.19.0",
          "  PASS: test_api_health (236ms)",
          "WARNING: prettier has known vulnerabilities",
          "  PASS: test_user_create (352ms)",
          "Artifact uploaded: build.tar.gz (26MB)",
          "Step 5/10: Building",
          "[23:44:25] INFO: Processing request",
          "Cache hit for key-4184",
          "Compiling src/utils.go...",
          "  PASS: test_cache_hit (256ms)",
          "Artifact uploaded: build.tar.gz (40MB)",
          "Cache hit for key-4331",
          "\u2713 test completed",
          "Cache hit for key-8050",
          "  PASS: test_user_create (454ms)",
          "Compiling src/service.java...",
          "Artifact uploaded: build.tar.gz (27MB)",
          "  PASS: test_db_connect (26ms)",
          "Cache hit for key-2277",
          "Step 9/10: Building",
          "  PASS: test_auth_login (182ms)",
          "Step 5/10: Building",
          "\u2713 test completed",
          "  PASS: test_db_connect (231ms)",
          "Compiling src/app.ts...",
          "Artifact uploaded: build.tar.gz (45MB)",
          "[23:44:25] WARN: Deprecated API usage",
          "Artifact uploaded: build.tar.gz (13MB)",
          "Installing express@5.3.0",
          "  PASS: test_api_health (80ms)",
          "  PASS: test_cache_hit (437ms)",
          "Installing webpack@3.7.0",
          "  PASS: test_api_health (103ms)",
          "\u2713 build completed",
          "[23:44:25] INFO: Processing request",
          "  PASS: test_user_create (389ms)",
          "[23:44:25] INFO: Processing request",
          "Artifact uploaded: build.tar.gz (35MB)",
          "Artifact uploaded: build.tar.gz (11MB)",
          "  PASS: test_db_connect (319ms)",
          "WARNING: axios has known vulnerabilities",
          "Step 2/10: Building",
          "Step 3/10: Building",
          "[23:44:25] INFO: Processing request",
          "Cache hit for key-3659",
          "  PASS: test_auth_login (183ms)",
          "Step 10/10: Building",
          "Cache hit for key-4585",
          "  PASS: test_db_connect (176ms)",
          "Installing jest@4.3.0",
          "Artifact uploaded: build.tar.gz (49MB)",
          "Step 2/10: Building",
          "\u2713 lint completed",
          "\u2713 build completed",
          "[23:44:25] INFO: Processing request",
          "  PASS: test_auth_login (4ms)",
          "Installing express@4.17.0",
          "  PASS: test_api_health (185ms)",
          "Step 4/10: Building",
          "Step 1/10: Building",
          "Cache hit for key-2596",
          "Installing webpack@5.1.0",
          "Cache hit for key-1471",
          "  PASS: test_user_create (494ms)",
          "  PASS: test_user_create (451ms)",
          "\u2713 lint completed",
          "[23:44:25] WARN: Deprecated API usage",
          "Artifact uploaded: build.tar.gz (31MB)",
          "Compiling src/handler.rs...",
          "  PASS: test_db_connect (3ms)",
          "Cache hit for key-5997",
          "Exception: TypeError",
          "\u2713 test completed",
          "[23:44:25] WARN: Deprecated API usage",
          "Compiling src/app.ts...",
          "Artifact uploaded: build.tar.gz (35MB)",
          "[23:44:25] INFO: Processing request",
          "=== Step checkout completed ==="
        ]
      },
      {
        "name": "setup_environment",
        "status": "success",
        "started_at": "2025-11-29T23:44:31.923937",
        "finished_at": "2025-11-29T23:44:44.860117",
        "log_lines": [
          "=== Step: setup_environment ===",
          "\u2713 lint completed",
          "Artifact uploaded: build.tar.gz (47MB)",
          "Step 1/10: Building",
          "Artifact uploaded: build.tar.gz (41MB)",
          "Cache hit for key-6128",
          "[23:44:25] INFO: Processing request",
          "Cache hit for key-2350",
          "Compiling src/service.java...",
          "Step 4/10: Building",
          "[23:44:25] INFO: Processing request",
          "Cache hit for key-9797",
          "\u2713 build completed",
          "[23:44:25] INFO: Processing request",
          "Cache hit for key-1977",
          "[23:44:25] INFO: Processing request",
          "\u2717 build failed with exit code 113",
          "[23:44:25] INFO: Processing request",
          "\u2713 test completed",
          "Installing lodash@5.10.0",
          "  PASS: test_api_health (402ms)",
          "Compiling src/service.java...",
          "\u26a0 DEPRECATION: Feature will be removed in v3.0",
          "  PASS: test_user_create (167ms)",
          "  PASS: test_api_health (190ms)",
          "\u2713 test completed",
          "Step 8/10: Building",
          "  PASS: test_auth_login (378ms)",
          "\u2713 lint completed",
          "Installing webpack@3.1.0",
          "Step 5/10: Building",
          "\u2717 build failed with exit code 22",
          "  PASS: test_api_health (26ms)",
          "  PASS: test_api_health (224ms)",
          "WARNING: jest has known vulnerabilities",
          "  PASS: test_cache_hit (196ms)",
          "Step 1/10: Building",
          "Artifact uploaded: build.tar.gz (19MB)",
          "Artifact uploaded: build.tar.gz (2MB)",
          "Artifact uploaded: build.tar.gz (9MB)",
          "Artifact uploaded: build.tar.gz (45MB)",
          "  PASS: test_api_health (40ms)",
          "Exception: NullPointerException",
          "Compiling src/main.py...",
          "\u2713 test completed",
          "\u2713 test completed",
          "[23:44:25] INFO: Processing request",
          "\u26a0 DEPRECATION: Feature will be removed in v5.0",
          "[23:44:25] INFO: Processing request",
          "Compiling src/index.js...",
          "\u2713 test completed",
          "[23:44:25] INFO: Processing request",
          "Step 8/10: Building",
          "Artifact uploaded: build.tar.gz (33MB)",
          "  PASS: test_auth_login (13ms)",
          "Cache hit for key-5499",
          "Compiling src/handler.rs...",
          "Step 8/10: Building",
          "Artifact uploaded: build.tar.gz (1MB)",
          "\u2713 build completed",
          "Artifact uploaded: build.tar.gz (14MB)",
          "[23:44:25] INFO: Processing request",
          "  PASS: test_cache_hit (183ms)",
          "Installing webpack@2.7.0",
          "Installing prettier@1.10.0",
          "[23:44:25] WARN: Deprecated API usage",
          "Step 2/10: Building",
          "  PASS: test_db_connect (39ms)",
          "Cache hit for key-2081",
          "Step 8/10: Building",
          "\u26a0 DEPRECATION: Feature will be removed in v5.0",
          "Compiling src/utils.go...",
          "Compiling src/service.java...",
          "\u2713 build completed",
          "Installing axios@5.9.0",
          "WARNING: axios has known vulnerabilities",
          "Cache hit for key-7972",
          "Step 5/10: Building",
          "\u2713 build completed",
          "\u2713 build completed",
          "  PASS: test_db_connect (132ms)",
          "  PASS: test_user_create (194ms)",
          "  PASS: test_auth_login (185ms)",
          "Cache hit for key-7190",
          "Step 8/10: Building",
          "  PASS: test_db_connect (187ms)",
          "Installing lodash@4.3.0",
          "Cache hit for key-3921",
          "  PASS: test_auth_login (38ms)",
          "=== Step setup_environment completed ==="
        ]
      },
      {
        "name": "install_dependencies",
        "status": "success",
        "started_at": "2025-11-29T23:44:44.860117",
        "finished_at": "2025-11-29T23:45:10.732476",
        "log_lines": [
          "=== Step: install_dependencies ===",
          "\u2713 build completed",
          "Installing prettier@3.13.0",
          "  PASS: test_api_health (185ms)",
          "Installing express@4.12.0",
          "Artifact uploaded: build.tar.gz (49MB)",
          "  PASS: test_api_health (418ms)",
          "Compiling src/handler.rs...",
          "[23:44:25] WARN: Deprecated API usage",
          "Compiling src/handler.rs...",
          "\u2717 build failed with exit code 44",
          "Artifact uploaded: build.tar.gz (8MB)",
          "Installing jest@4.16.0",
          "Compiling src/index.js...",
          "[23:44:25] INFO: Processing request",
          "Artifact uploaded: build.tar.gz (4MB)",
          "\u2713 lint completed",
          "\u2713 lint completed",
          "\u2713 lint completed",
          "\u2713 test completed",
          "Compiling src/index.js...",
          "[23:44:25] INFO: Processing request",
          "[23:44:25] INFO: Processing request",
          "Artifact uploaded: build.tar.gz (17MB)",
          "\u2713 build completed",
          "Artifact uploaded: build.tar.gz (45MB)",
          "[23:44:25] WARN: Deprecated API usage",
          "Artifact uploaded: build.tar.gz (3MB)",
          "[23:44:25] INFO: Processing request",
          "\u26a0 DEPRECATION: Feature will be removed in v2.0",
          "[23:44:25] INFO: Processing request",
          "Step 7/10: Building",
          "Artifact uploaded: build.tar.gz (19MB)",
          "Installing eslint@2.6.0",
          "\u2717 build failed with exit code 77",
          "Exception: TypeError",
          "  PASS: test_auth_login (7ms)",
          "Compiling src/app.ts...",
          "Cache hit for key-6323",
          "[23:44:25] INFO: Processing request",
          "Installing react@2.11.0",
          "Installing express@2.19.0",
          "[23:44:25] INFO: Processing request",
          "Installing lodash@4.3.0",
          "Cache hit for key-5984",
          "Artifact uploaded: build.tar.gz (8MB)",
          "[23:44:25] INFO: Processing request",
          "Cache hit for key-3352",
          "  PASS: test_user_create (134ms)",
          "[23:44:25] INFO: Processing request",
          "Compiling src/app.ts...",
          "Artifact uploaded: build.tar.gz (16MB)",
          "Artifact uploaded: build.tar.gz (48MB)",
          "Step 8/10: Building",
          "  PASS: test_auth_login (292ms)",
          "Compiling src/index.js...",
          "  PASS: test_db_connect (40ms)",
          "Installing jest@1.10.0",
          "Step 10/10: Building",
          "Artifact uploaded: build.tar.gz (9MB)",
          "[23:44:25] INFO: Processing request",
          "[23:44:25] INFO: Processing request",
          "Artifact uploaded: build.tar.gz (12MB)",
          "[23:44:25] INFO: Processing request",
          "Compiling src/main.py...",
          "[23:44:25] INFO: Processing request",
          "Compiling src/handler.rs...",
          "[23:44:25] INFO: Processing request",
          "Installing prettier@2.14.0",
          "[23:44:25] INFO: Processing request",
          "  PASS: test_user_create (464ms)",
          "\u2713 test completed",
          "Installing axios@2.13.0",
          "Cache hit for key-4920",
          "  PASS: test_api_health (213ms)",
          "Installing lodash@4.3.0",
          "Step 9/10: Building",
          "[23:44:25] INFO: Processing request",
          "Installing lodash@1.8.0",
          "Cache hit for key-7960",
          "Installing eslint@5.0.0",
          "Artifact uploaded: build.tar.gz (16MB)",
          "[23:44:25] WARN: Deprecated API usage",
          "Artifact uploaded: build.tar.gz (1MB)",
          "\u2713 lint completed",
          "Artifact uploaded: build.tar.gz (24MB)",
          "Cache hit for key-8667",
          "Artifact uploaded: build.tar.gz (31MB)",
          "\u2713 test completed",
          "=== Step install_dependencies completed ==="
        ]
      },
      {
        "name": "run_tests",
        "status": "success",
        "started_at": "2025-11-29T23:45:10.732476",
        "finished_at": "2025-11-29T23:45:56.009105",
        "log_lines": [
          "=== Step: run_tests ===",
          "\u2713 build completed",
          "\u2713 lint completed",
          "[23:44:25] INFO: Processing request",
          "[23:44:25] INFO: Processing request",
          "\u2713 build completed",
          "Cache hit for key-5376",
          "Compiling src/handler.rs...",
          "[23:44:25] INFO: Processing request",
          "Compiling src/utils.go...",
          "\u2713 lint completed",
          "Installing react@5.6.0",
          "\u2713 build completed",
          "\u2713 build completed",
          "\u26a0 DEPRECATION: Feature will be removed in v5.0",
          "Installing express@4.12.0",
          "Step 8/10: Building",
          "[23:44:25] WARN: Deprecated API usage",
          "Step 3/10: Building",
          "\u2713 test completed",
          "[23:44:25] ERROR: Connection failed",
          "Artifact uploaded: build.tar.gz (2MB)",
          "\u2713 lint completed",
          "Cache hit for key-5088",
          "Step 7/10: Building",
          "Artifact uploaded: build.tar.gz (7MB)",
          "Installing eslint@1.2.0",
          "[23:44:25] WARN: Deprecated API usage",
          "[23:44:25] INFO: Processing request",
          "Step 7/10: Building",
          "Cache hit for key-2275",
          "\u2713 test completed",
          "Step 6/10: Building",
          "Installing axios@5.15.0",
          "[23:44:25] INFO: Processing request",
          "\u2713 build completed",
          "WARNING: eslint has known vulnerabilities",
          "Artifact uploaded: build.tar.gz (10MB)",
          "Artifact uploaded: build.tar.gz (25MB)",
          "Cache hit for key-6327",
          "Installing express@2.8.0",
          "Cache hit for key-4801",
          "\u2713 test completed",
          "Cache hit for key-4351",
          "Artifact uploaded: build.tar.gz (35MB)",
          "Artifact uploaded: build.tar.gz (34MB)",
          "Step 7/10: Building",
          "Compiling src/main.py...",
          "Cache hit for key-2574",
          "Installing webpack@3.8.0",
          "Artifact uploaded: build.tar.gz (32MB)",
          "Step 7/10: Building",
          "Step 7/10: Building",
          "[23:44:25] INFO: Processing request",
          "  PASS: test_user_create (463ms)",
          "Step 1/10: Building",
          "\u2713 build completed",
          "  PASS: test_user_create (200ms)",
          "\u2713 test completed",
          "Compiling src/handler.rs...",
          "Compiling src/utils.go...",
          "Installing jest@5.1.0",
          "Compiling src/handler.rs...",
          "Artifact uploaded: build.tar.gz (7MB)",
          "Step 5/10: Building",
          "\u2717 build failed with exit code 55",
          "[23:44:25] INFO: Processing request",
          "[23:44:25] INFO: Processing request",
          "[23:44:25] INFO: Processing request",
          "Step 5/10: Building",
          "\u2713 test completed",
          "Installing lodash@1.1.0",
          "Installing eslint@3.13.0",
          "\u2713 test completed",
          "Artifact uploaded: build.tar.gz (26MB)",
          "\u2713 lint completed",
          "\u2713 build completed",
          "\u2713 lint completed",
          "Step 1/10: Building",
          "\u2713 test completed",
          "Cache hit for key-2418",
          "  PASS: test_auth_login (30ms)",
          "  PASS: test_auth_login (389ms)",
          "Installing react@5.7.0",
          "Artifact uploaded: build.tar.gz (28MB)",
          "Cache hit for key-8369",
          "Step 4/10: Building",
          "Installing axios@5.16.0",
          "  PASS: test_db_connect (123ms)",
          "=== Step run_tests completed ==="
        ]
      },
      {
        "name": "build_artifact",
        "status": "success",
        "started_at": "2025-11-29T23:45:56.009105",
        "finished_at": "2025-11-29T23:46:21.881464",
        "log_lines": [
          "=== Step: build_artifact ===",
          "Artifact uploaded: build.tar.gz (25MB)",
          "Compiling src/utils.go...",
          "Installing react@1.4.0",
          "Artifact uploaded: build.tar.gz (7MB)",
          "Compiling src/utils.go...",
          "\u2713 test completed",
          "Artifact uploaded: build.tar.gz (47MB)",
          "Step 7/10: Building",
          "\u2713 test completed",
          "Step 4/10: Building",
          "\u2713 lint completed",
          "Compiling src/main.py...",
          "Cache hit for key-5727",
          "Compiling src/handler.rs...",
          "[23:44:25] INFO: Processing request",
          "\u2713 build completed",
          "[23:44:25] INFO: Processing request",
          "Installing webpack@1.17.0",
          "[23:44:25] INFO: Processing request",
          "  PASS: test_user_create (339ms)",
          "WARNING: react has known vulnerabilities",
          "Cache hit for key-3997",
          "Installing express@3.2.0",
          "\u2713 test completed",
          "  PASS: test_db_connect (282ms)",
          "Compiling src/handler.rs...",
          "Step 10/10: Building",
          "Installing lodash@2.7.0",
          "Installing axios@5.11.0",
          "[23:44:25] INFO: Processing request",
          "[23:44:25] INFO: Processing request",
          "[23:44:25] WARN: Deprecated API usage",
          "Installing express@4.12.0",
          "Cache hit for key-3385",
          "Artifact uploaded: build.tar.gz (26MB)",
          "\u2713 lint completed",
          "Cache hit for key-7164",
          "  PASS: test_api_health (140ms)",
          "  PASS: test_auth_login (404ms)",
          "  PASS: test_db_connect (307ms)",
          "Artifact uploaded: build.tar.gz (46MB)",
          "[23:44:25] INFO: Processing request",
          "Cache hit for key-6782",
          "WARNING: axios has known vulnerabilities",
          "Cache hit for key-6197",
          "Compiling src/handler.rs...",
          "Exception: RuntimeError",
          "Compiling src/app.ts...",
          "[23:44:25] INFO: Processing request",
          "[23:44:25] ERROR: Connection failed",
          "\u2713 lint completed",
          "Compiling src/main.py...",
          "[23:44:25] INFO: Processing request",
          "Step 7/10: Building",
          "  PASS: test_api_health (200ms)",
          "Compiling src/index.js...",
          "[23:44:25] INFO: Processing request",
          "Installing express@2.6.0",
          "Step 6/10: Building",
          "  PASS: test_api_health (299ms)",
          "Artifact uploaded: build.tar.gz (46MB)",
          "Compiling src/handler.rs...",
          "Artifact uploaded: build.tar.gz (17MB)",
          "Compiling src/main.py...",
          "\u2713 test completed",
          "Installing lodash@1.14.0",
          "\u2713 test completed",
          "Compiling src/handler.rs...",
          "  PASS: test_db_connect (180ms)",
          "Compiling src/handler.rs...",
          "\u26a0 DEPRECATION: Feature will be removed in v3.0",
          "Compiling src/app.ts...",
          "\u2713 build completed",
          "\u26a0 DEPRECATION: Feature will be removed in v5.0",
          "Step 9/10: Building",
          "Artifact uploaded: build.tar.gz (18MB)",
          "Cache hit for key-3550",
          "Cache hit for key-7261",
          "Artifact uploaded: build.tar.gz (48MB)",
          "Step 8/10: Building",
          "Step 3/10: Building",
          "Step 3/10: Building",
          "Compiling src/app.ts...",
          "WARNING: axios has known vulnerabilities",
          "Installing webpack@2.12.0",
          "  PASS: test_auth_login (311ms)",
          "\u2713 lint completed",
          "Artifact uploaded: build.tar.gz (15MB)",
          "=== Step build_artifact completed ==="
        ]
      },
      {
        "name": "deploy",
        "status": "success",
        "started_at": "2025-11-29T23:46:21.881464",
        "finished_at": "2025-11-29T23:46:34.817644",
        "log_lines": [
          "=== Step: deploy ===",
          "Step 3/10: Building",
          "Compiling src/utils.go...",
          "Cache hit for key-7755",
          "Compiling src/main.py...",
          "Installing webpack@1.7.0",
          "Artifact uploaded: build.tar.gz (34MB)",
          "Artifact uploaded: build.tar.gz (2MB)",
          "Step 7/10: Building",
          "Installing jest@3.6.0",
          "Artifact uploaded: build.tar.gz (41MB)",
          "Artifact uploaded: build.tar.gz (48MB)",
          "Compiling src/service.java...",
          "Step 2/10: Building",
          "Cache hit for key-6425",
          "[23:44:25] INFO: Processing request",
          "WARNING: react has known vulnerabilities",
          "Compiling src/main.py...",
          "Cache hit for key-6859",
          "WARNING: express has known vulnerabilities",
          "[23:44:25] ERROR: Connection failed",
          "  PASS: test_user_create (201ms)",
          "[23:44:25] INFO: Processing request",
          "Artifact uploaded: build.tar.gz (28MB)",
          "Installing jest@5.3.0",
          "Cache hit for key-9186",
          "Cache hit for key-2053",
          "Step 3/10: Building",
          "Cache hit for key-7933",
          "Artifact uploaded: build.tar.gz (16MB)",
          "Compiling src/utils.go...",
          "Artifact uploaded: build.tar.gz (41MB)",
          "[23:44:25] INFO: Processing request",
          "Cache hit for key-6042",
          "\u26a0 DEPRECATION: Feature will be removed in v5.0",
          "  PASS: test_db_connect (458ms)",
          "\u2713 test completed",
          "Cache hit for key-9628",
          "  PASS: test_api_health (438ms)",
          "  PASS: test_cache_hit (5ms)",
          "  PASS: test_auth_login (362ms)",
          "Cache hit for key-2655",
          "Installing axios@3.2.0",
          "\u26a0 DEPRECATION: Feature will be removed in v5.0",
          "[23:44:25] WARN: Deprecated API usage",
          "  PASS: test_auth_login (430ms)",
          "\u2713 test completed",
          "Compiling src/utils.go...",
          "Artifact uploaded: build.tar.gz (8MB)",
          "Compiling src/handler.rs...",
          "\u2713 lint completed",
          "Compiling src/utils.go...",
          "Artifact uploaded: build.tar.gz (45MB)",
          "  PASS: test_cache_hit (436ms)",
          "Artifact uploaded: build.tar.gz (30MB)",
          "[23:44:25] INFO: Processing request",
          "[23:44:25] INFO: Processing request",
          "  PASS: test_db_connect (210ms)",
          "Cache hit for key-4317",
          "Compiling src/index.js...",
          "  PASS: test_api_health (440ms)",
          "Step 6/10: Building",
          "\u2713 lint completed",
          "Step 6/10: Building",
          "Installing prettier@3.15.0",
          "[23:44:25] INFO: Processing request",
          "Artifact uploaded: build.tar.gz (3MB)",
          "[23:44:25] INFO: Processing request",
          "Step 8/10: Building",
          "Artifact uploaded: build.tar.gz (15MB)",
          "\u2713 lint completed",
          "[23:44:25] INFO: Processing request",
          "Step 10/10: Building",
          "Artifact uploaded: build.tar.gz (46MB)",
          "  PASS: test_api_health (444ms)",
          "Installing lodash@5.15.0",
          "[23:44:25] INFO: Processing request",
          "[23:44:25] WARN: Deprecated API usage",
          "  PASS: test_db_connect (185ms)",
          "Step 5/10: Building",
          "Step 5/10: Building",
          "  PASS: test_auth_login (140ms)",
          "\u2713 build completed",
          "Exception: RuntimeError",
          "Installing express@4.17.0",
          "Step 9/10: Building",
          "Artifact uploaded: build.tar.gz (42MB)",
          "Step 5/10: Building",
          "Cache hit for key-4420",
          "=== Step deploy completed ==="
        ]
      }
    ],
    "label": "normal"
  }
}