{
  "action": "completed",
  "workflow_run": {
    "id": 868,
    "name": "CI Pipeline",
    "head_branch": "main",
    "head_sha": "be02e0298350f016f54e9ad8ff818daa311a33e9",
    "status": "completed",
    "conclusion": "failure",
    "run_started_at": "2025-12-08T11:38:50.195815Z",
    "updated_at": "2025-12-08T11:41:02.194944Z"
  },
  "repository": {
    "full_name": "acme-corp/api-service",
    "name": "api-service"
  },
  "sender": {
    "login": "eve"
  },
  "_safeops_extended": {
    "raw_logs": "=== Step: checkout ===\n  PASS: test_auth_login (172ms)\nInstalling express@3.8.0\n\u2713 lint completed\nInstalling lodash@4.5.0\n\u26a0 DEPRECATION: Feature will be removed in v5.0\n  PASS: test_user_create (262ms)\nStep 4/10: Building\nCompiling src/handler.rs...\nInstalling webpack@1.6.0\nStep 9/10: Building\nInstalling axios@1.12.0\n  PASS: test_auth_login (27ms)\nCache hit for key-5144\n  PASS: test_auth_login (427ms)\nCache hit for key-7877\nStep 4/10: Building\nArtifact uploaded: build.tar.gz (39MB)\nCache hit for key-6465\n\u2713 build completed\nStep 6/10: Building\nArtifact uploaded: build.tar.gz (44MB)\nStep 2/10: Building\nArtifact uploaded: build.tar.gz (25MB)\n[11:38:50] INFO: Processing request\nCache hit for key-7721\nInstalling express@1.6.0\nInstalling webpack@3.9.0\nStep 6/10: Building\nCache hit for key-2511\n  PASS: test_db_connect (113ms)\n  PASS: test_cache_hit (64ms)\nCache hit for key-4168\nWARNING: express has known vulnerabilities\n  PASS: test_db_connect (471ms)\n  PASS: test_user_create (266ms)\nCache hit for key-6437\n\u2713 test completed\nFAILED: test_auth_login\n\u2713 build completed\nInstalling axios@4.17.0\nArtifact uploaded: build.tar.gz (21MB)\nCache hit for key-2648\nStep 6/10: Building\nCache hit for key-8659\n\u2713 lint completed\nCompiling src/index.js...\n\u2713 lint completed\n[11:38:50] INFO: Processing request\nFAILED: test_cache_hit\n[11:38:50] INFO: Processing request\n\u2713 lint completed\n=== Step checkout completed ===\n=== Step: setup_environment ===\n  PASS: test_auth_login (298ms)\n\u2713 lint completed\nCache hit for key-3111\n\u2713 test completed\nArtifact uploaded: build.tar.gz (40MB)\nInstalling jest@1.19.0\n[11:38:50] ERROR: Connection failed\nArtifact uploaded: build.tar.gz (7MB)\n  PASS: test_api_health (42ms)\n  PASS: test_api_health (183ms)\nStep 2/10: Building\nWARNING: eslint has known vulnerabilities\nCompiling src/service.java...\nWARNING: express has known vulnerabilities\nWARNING: axios has known vulnerabilities\nCompiling src/utils.go...\nArtifact uploaded: build.tar.gz (24MB)\n  PASS: test_db_connect (419ms)\nArtifact uploaded: build.tar.gz (34MB)\n[11:38:50] INFO: Processing request\n\u2713 lint completed\nInstalling prettier@4.18.0\n[11:38:50] ERROR: Connection failed\n[11:38:50] INFO: Processing request\nArtifact uploaded: build.tar.gz (27MB)\n[11:38:50] ERROR: Connection failed\n[11:38:50] INFO: Processing request\n  PASS: test_user_create (202ms)\n\u2713 test completed\nArtifact uploaded: build.tar.gz (26MB)\n[11:38:50] ERROR: Connection failed\nArtifact uploaded: build.tar.gz (1MB)\nStep 1/10: Building\nWARNING: jest has known vulnerabilities\nStep 7/10: Building\nCompiling src/app.ts...\nInstalling prettier@4.1.0\n[11:38:50] INFO: Processing request\n[11:38:50] INFO: Processing request\nException: NullPointerException\n[11:38:50] INFO: Processing request\n\u2713 test completed\nArtifact uploaded: build.tar.gz (28MB)\n\u2713 test completed\n  PASS: test_db_connect (114ms)\n\u2713 test completed\n  PASS: test_cache_hit (241ms)\n  PASS: test_db_connect (360ms)\nCompiling src/handler.rs...\nWARNING: axios has known vulnerabilities\nInstalling lodash@4.10.0\n=== Step setup_environment completed ===\n=== Step: install_dependencies ===\nInstalling axios@2.17.0\nException: ValueError\nStep 9/10: Building\nStep 3/10: Building\n[11:38:50] INFO: Processing request\nInstalling react@4.19.0\n[11:38:50] INFO: Processing request\nArtifact uploaded: build.tar.gz (48MB)\nInstalling express@1.1.0\nCache hit for key-4230\nInstalling prettier@1.5.0\nInstalling axios@4.11.0\nCache hit for key-8633\nInstalling jest@5.1.0\nArtifact uploaded: build.tar.gz (32MB)\n[11:38:50] INFO: Processing request\n\u2713 lint completed\nCompiling src/service.java...\n  PASS: test_cache_hit (8ms)\n\u2713 test completed\nCompiling src/main.py...\nArtifact uploaded: build.tar.gz (41MB)\nCompiling src/handler.rs...\n  PASS: test_api_health (450ms)\n\u2713 build completed\n\u2713 build completed\n  PASS: test_api_health (189ms)\n\u2713 lint completed\nCompiling src/handler.rs...\nInstalling express@5.2.0\n  PASS: test_api_health (419ms)\n  PASS: test_cache_hit (426ms)\nStep 1/10: Building\nCompiling src/app.ts...\n  PASS: test_cache_hit (325ms)\nStep 6/10: Building\nCache hit for key-6749\n  PASS: test_user_create (137ms)\n\u2713 build completed\nInstalling jest@4.12.0\nCompiling src/service.java...\n\u2713 build completed\n\u2713 lint completed\n  PASS: test_auth_login (498ms)\n[11:38:50] WARN: Deprecated API usage\nInstalling webpack@3.3.0\n[11:38:50] WARN: Deprecated API usage\n  PASS: test_user_create (340ms)\n  PASS: test_auth_login (320ms)\nStep 1/10: Building\nCache hit for key-5147\n=== Step install_dependencies completed ===\n=== Step: run_tests ===\n  PASS: test_api_health (280ms)\nStep 1/10: Building\nStep 1/10: Building\n\u2713 test completed\n\u2713 lint completed\nCompiling src/index.js...\nCache hit for key-9281\nArtifact uploaded: build.tar.gz (8MB)\nCompiling src/handler.rs...\nInstalling react@2.10.0\n\u2713 build completed\n  PASS: test_cache_hit (48ms)\nStep 3/10: Building\nInstalling prettier@3.14.0\n[11:38:50] INFO: Processing request\nInstalling express@2.13.0\n  PASS: test_api_health (153ms)\nStep 6/10: Building\nArtifact uploaded: build.tar.gz (17MB)\n[11:38:50] INFO: Processing request\nInstalling prettier@4.18.0\n  PASS: test_cache_hit (416ms)\n[11:38:50] INFO: Processing request\nStep 8/10: Building\nArtifact uploaded: build.tar.gz (37MB)\n[11:38:50] INFO: Processing request\n\u2713 build completed\n  PASS: test_api_health (130ms)\nStep 7/10: Building\nInstalling jest@5.0.0\nArtifact uploaded: build.tar.gz (33MB)\nCache hit for key-2837\nCompiling src/main.py...\nCompiling src/index.js...\nArtifact uploaded: build.tar.gz (4MB)\n  PASS: test_api_health (261ms)\n[11:38:50] WARN: Deprecated API usage\nArtifact uploaded: build.tar.gz (4MB)\n  PASS: test_user_create (170ms)\nCache hit for key-1304\nInstalling jest@2.17.0\nCache hit for key-8168\n[11:38:50] INFO: Processing request\nStep 3/10: Building\nStep 1/10: Building\nInstalling eslint@5.5.0\nCache hit for key-6714\nCompiling src/utils.go...\n  PASS: test_cache_hit (248ms)\n  PASS: test_api_health (103ms)\nInstalling webpack@3.19.0\n=== Step run_tests completed ===\n=== Step: build_artifact ===\nStep 4/10: Building\nFAILED: test_db_connect\nCompiling src/main.py...\n\u2713 lint completed\n[11:38:50] INFO: Processing request\n  PASS: test_db_connect (488ms)\n\u2713 build completed\nStep 5/10: Building\nCache hit for key-5338\nStep 1/10: Building\n  PASS: test_user_create (77ms)\nInstalling eslint@3.13.0\nCache hit for key-9955\nCache hit for key-9945\nCache hit for key-2299\nArtifact uploaded: build.tar.gz (7MB)\nCompiling src/app.ts...\n  PASS: test_db_connect (53ms)\n[11:38:50] ERROR: Connection failed\n  PASS: test_cache_hit (128ms)\n\u2713 test completed\n\u2713 build completed\nCompiling src/utils.go...\n\u2713 build completed\nCache hit for key-6541\n  PASS: test_auth_login (468ms)\nStep 10/10: Building\n\u2713 lint completed\nCache hit for key-7345\nCompiling src/handler.rs...\n[11:38:50] WARN: Deprecated API usage\nArtifact uploaded: build.tar.gz (44MB)\n  PASS: test_cache_hit (221ms)\n\u2713 test completed\n[11:38:50] INFO: Processing request\n\u2713 test completed\n\u2713 build completed\nStep 5/10: Building\nCompiling src/utils.go...\n  PASS: test_db_connect (154ms)\n[11:38:50] ERROR: Connection failed\nWARNING: axios has known vulnerabilities\nCache hit for key-5140\nStep 3/10: Building\nStep 1/10: Building\nCache hit for key-6372\n[11:38:50] INFO: Processing request\n\u2713 build completed\n  PASS: test_db_connect (74ms)\n\u2713 build completed\nInstalling axios@4.7.0\n=== Step build_artifact completed ===\n=== Step: deploy ===\nCache hit for key-3177\nCompiling src/utils.go...\n  PASS: test_user_create (21ms)\n[11:38:50] INFO: Processing request\nArtifact uploaded: build.tar.gz (34MB)\n\u2717 build failed with exit code 90\n  PASS: test_db_connect (158ms)\n[11:38:50] ERROR: Connection failed\nArtifact uploaded: build.tar.gz (9MB)\n\u2713 lint completed\nCache hit for key-8287\n  PASS: test_user_create (252ms)\nInstalling express@3.6.0\nStep 8/10: Building\nStep 1/10: Building\nInstalling eslint@3.13.0\n\u2713 test completed\n[11:38:50] INFO: Processing request\nStep 9/10: Building\n\u2713 build completed\n  PASS: test_cache_hit (332ms)\n[11:38:50] INFO: Processing request\n[11:38:50] INFO: Processing request\nStep 7/10: Building\n  PASS: test_db_connect (82ms)\nCompiling src/index.js...\nInstalling eslint@2.0.0\n  PASS: test_api_health (426ms)\n[11:38:50] INFO: Processing request\n  PASS: test_cache_hit (408ms)\nArtifact uploaded: build.tar.gz (45MB)\nCache hit for key-2839\nStep 9/10: Building\nStep 4/10: Building\n\u26a0 DEPRECATION: Feature will be removed in v5.0\nStep 9/10: Building\nCompiling src/index.js...\n[11:38:50] INFO: Processing request\n  PASS: test_cache_hit (285ms)\n\u2713 lint completed\n\u2713 lint completed\nInstalling webpack@1.3.0\nStep 4/10: Building\nInstalling lodash@2.11.0\nStep 4/10: Building\n\u2713 lint completed\n\u2713 test completed\nInstalling axios@1.6.0\nStep 4/10: Building\nArtifact uploaded: build.tar.gz (20MB)\n[11:38:50] INFO: Processing request\n=== Step deploy completed ===",
    "steps": [
      {
        "name": "checkout",
        "status": "success",
        "started_at": "2025-12-08T11:38:50.195815",
        "finished_at": "2025-12-08T11:38:56.795771",
        "log_lines": [
          "=== Step: checkout ===",
          "  PASS: test_auth_login (172ms)",
          "Installing express@3.8.0",
          "\u2713 lint completed",
          "Installing lodash@4.5.0",
          "\u26a0 DEPRECATION: Feature will be removed in v5.0",
          "  PASS: test_user_create (262ms)",
          "Step 4/10: Building",
          "Compiling src/handler.rs...",
          "Installing webpack@1.6.0",
          "Step 9/10: Building",
          "Installing axios@1.12.0",
          "  PASS: test_auth_login (27ms)",
          "Cache hit for key-5144",
          "  PASS: test_auth_login (427ms)",
          "Cache hit for key-7877",
          "Step 4/10: Building",
          "Artifact uploaded: build.tar.gz (39MB)",
          "Cache hit for key-6465",
          "\u2713 build completed",
          "Step 6/10: Building",
          "Artifact uploaded: build.tar.gz (44MB)",
          "Step 2/10: Building",
          "Artifact uploaded: build.tar.gz (25MB)",
          "[11:38:50] INFO: Processing request",
          "Cache hit for key-7721",
          "Installing express@1.6.0",
          "Installing webpack@3.9.0",
          "Step 6/10: Building",
          "Cache hit for key-2511",
          "  PASS: test_db_connect (113ms)",
          "  PASS: test_cache_hit (64ms)",
          "Cache hit for key-4168",
          "WARNING: express has known vulnerabilities",
          "  PASS: test_db_connect (471ms)",
          "  PASS: test_user_create (266ms)",
          "Cache hit for key-6437",
          "\u2713 test completed",
          "FAILED: test_auth_login",
          "\u2713 build completed",
          "Installing axios@4.17.0",
          "Artifact uploaded: build.tar.gz (21MB)",
          "Cache hit for key-2648",
          "Step 6/10: Building",
          "Cache hit for key-8659",
          "\u2713 lint completed",
          "Compiling src/index.js...",
          "\u2713 lint completed",
          "[11:38:50] INFO: Processing request",
          "FAILED: test_cache_hit",
          "[11:38:50] INFO: Processing request",
          "\u2713 lint completed",
          "=== Step checkout completed ==="
        ]
      },
      {
        "name": "setup_environment",
        "status": "success",
        "started_at": "2025-12-08T11:38:56.795771",
        "finished_at": "2025-12-08T11:39:09.995684",
        "log_lines": [
          "=== Step: setup_environment ===",
          "  PASS: test_auth_login (298ms)",
          "\u2713 lint completed",
          "Cache hit for key-3111",
          "\u2713 test completed",
          "Artifact uploaded: build.tar.gz (40MB)",
          "Installing jest@1.19.0",
          "[11:38:50] ERROR: Connection failed",
          "Artifact uploaded: build.tar.gz (7MB)",
          "  PASS: test_api_health (42ms)",
          "  PASS: test_api_health (183ms)",
          "Step 2/10: Building",
          "WARNING: eslint has known vulnerabilities",
          "Compiling src/service.java...",
          "WARNING: express has known vulnerabilities",
          "WARNING: axios has known vulnerabilities",
          "Compiling src/utils.go...",
          "Artifact uploaded: build.tar.gz (24MB)",
          "  PASS: test_db_connect (419ms)",
          "Artifact uploaded: build.tar.gz (34MB)",
          "[11:38:50] INFO: Processing request",
          "\u2713 lint completed",
          "Installing prettier@4.18.0",
          "[11:38:50] ERROR: Connection failed",
          "[11:38:50] INFO: Processing request",
          "Artifact uploaded: build.tar.gz (27MB)",
          "[11:38:50] ERROR: Connection failed",
          "[11:38:50] INFO: Processing request",
          "  PASS: test_user_create (202ms)",
          "\u2713 test completed",
          "Artifact uploaded: build.tar.gz (26MB)",
          "[11:38:50] ERROR: Connection failed",
          "Artifact uploaded: build.tar.gz (1MB)",
          "Step 1/10: Building",
          "WARNING: jest has known vulnerabilities",
          "Step 7/10: Building",
          "Compiling src/app.ts...",
          "Installing prettier@4.1.0",
          "[11:38:50] INFO: Processing request",
          "[11:38:50] INFO: Processing request",
          "Exception: NullPointerException",
          "[11:38:50] INFO: Processing request",
          "\u2713 test completed",
          "Artifact uploaded: build.tar.gz (28MB)",
          "\u2713 test completed",
          "  PASS: test_db_connect (114ms)",
          "\u2713 test completed",
          "  PASS: test_cache_hit (241ms)",
          "  PASS: test_db_connect (360ms)",
          "Compiling src/handler.rs...",
          "WARNING: axios has known vulnerabilities",
          "Installing lodash@4.10.0",
          "=== Step setup_environment completed ==="
        ]
      },
      {
        "name": "install_dependencies",
        "status": "success",
        "started_at": "2025-12-08T11:39:09.995684",
        "finished_at": "2025-12-08T11:39:36.395510",
        "log_lines": [
          "=== Step: install_dependencies ===",
          "Installing axios@2.17.0",
          "Exception: ValueError",
          "Step 9/10: Building",
          "Step 3/10: Building",
          "[11:38:50] INFO: Processing request",
          "Installing react@4.19.0",
          "[11:38:50] INFO: Processing request",
          "Artifact uploaded: build.tar.gz (48MB)",
          "Installing express@1.1.0",
          "Cache hit for key-4230",
          "Installing prettier@1.5.0",
          "Installing axios@4.11.0",
          "Cache hit for key-8633",
          "Installing jest@5.1.0",
          "Artifact uploaded: build.tar.gz (32MB)",
          "[11:38:50] INFO: Processing request",
          "\u2713 lint completed",
          "Compiling src/service.java...",
          "  PASS: test_cache_hit (8ms)",
          "\u2713 test completed",
          "Compiling src/main.py...",
          "Artifact uploaded: build.tar.gz (41MB)",
          "Compiling src/handler.rs...",
          "  PASS: test_api_health (450ms)",
          "\u2713 build completed",
          "\u2713 build completed",
          "  PASS: test_api_health (189ms)",
          "\u2713 lint completed",
          "Compiling src/handler.rs...",
          "Installing express@5.2.0",
          "  PASS: test_api_health (419ms)",
          "  PASS: test_cache_hit (426ms)",
          "Step 1/10: Building",
          "Compiling src/app.ts...",
          "  PASS: test_cache_hit (325ms)",
          "Step 6/10: Building",
          "Cache hit for key-6749",
          "  PASS: test_user_create (137ms)",
          "\u2713 build completed",
          "Installing jest@4.12.0",
          "Compiling src/service.java...",
          "\u2713 build completed",
          "\u2713 lint completed",
          "  PASS: test_auth_login (498ms)",
          "[11:38:50] WARN: Deprecated API usage",
          "Installing webpack@3.3.0",
          "[11:38:50] WARN: Deprecated API usage",
          "  PASS: test_user_create (340ms)",
          "  PASS: test_auth_login (320ms)",
          "Step 1/10: Building",
          "Cache hit for key-5147",
          "=== Step install_dependencies completed ==="
        ]
      },
      {
        "name": "run_tests",
        "status": "success",
        "started_at": "2025-12-08T11:39:36.395510",
        "finished_at": "2025-12-08T11:40:22.595205",
        "log_lines": [
          "=== Step: run_tests ===",
          "  PASS: test_api_health (280ms)",
          "Step 1/10: Building",
          "Step 1/10: Building",
          "\u2713 test completed",
          "\u2713 lint completed",
          "Compiling src/index.js...",
          "Cache hit for key-9281",
          "Artifact uploaded: build.tar.gz (8MB)",
          "Compiling src/handler.rs...",
          "Installing react@2.10.0",
          "\u2713 build completed",
          "  PASS: test_cache_hit (48ms)",
          "Step 3/10: Building",
          "Installing prettier@3.14.0",
          "[11:38:50] INFO: Processing request",
          "Installing express@2.13.0",
          "  PASS: test_api_health (153ms)",
          "Step 6/10: Building",
          "Artifact uploaded: build.tar.gz (17MB)",
          "[11:38:50] INFO: Processing request",
          "Installing prettier@4.18.0",
          "  PASS: test_cache_hit (416ms)",
          "[11:38:50] INFO: Processing request",
          "Step 8/10: Building",
          "Artifact uploaded: build.tar.gz (37MB)",
          "[11:38:50] INFO: Processing request",
          "\u2713 build completed",
          "  PASS: test_api_health (130ms)",
          "Step 7/10: Building",
          "Installing jest@5.0.0",
          "Artifact uploaded: build.tar.gz (33MB)",
          "Cache hit for key-2837",
          "Compiling src/main.py...",
          "Compiling src/index.js...",
          "Artifact uploaded: build.tar.gz (4MB)",
          "  PASS: test_api_health (261ms)",
          "[11:38:50] WARN: Deprecated API usage",
          "Artifact uploaded: build.tar.gz (4MB)",
          "  PASS: test_user_create (170ms)",
          "Cache hit for key-1304",
          "Installing jest@2.17.0",
          "Cache hit for key-8168",
          "[11:38:50] INFO: Processing request",
          "Step 3/10: Building",
          "Step 1/10: Building",
          "Installing eslint@5.5.0",
          "Cache hit for key-6714",
          "Compiling src/utils.go...",
          "  PASS: test_cache_hit (248ms)",
          "  PASS: test_api_health (103ms)",
          "Installing webpack@3.19.0",
          "=== Step run_tests completed ==="
        ]
      },
      {
        "name": "build_artifact",
        "status": "success",
        "started_at": "2025-12-08T11:40:22.595205",
        "finished_at": "2025-12-08T11:40:48.995031",
        "log_lines": [
          "=== Step: build_artifact ===",
          "Step 4/10: Building",
          "FAILED: test_db_connect",
          "Compiling src/main.py...",
          "\u2713 lint completed",
          "[11:38:50] INFO: Processing request",
          "  PASS: test_db_connect (488ms)",
          "\u2713 build completed",
          "Step 5/10: Building",
          "Cache hit for key-5338",
          "Step 1/10: Building",
          "  PASS: test_user_create (77ms)",
          "Installing eslint@3.13.0",
          "Cache hit for key-9955",
          "Cache hit for key-9945",
          "Cache hit for key-2299",
          "Artifact uploaded: build.tar.gz (7MB)",
          "Compiling src/app.ts...",
          "  PASS: test_db_connect (53ms)",
          "[11:38:50] ERROR: Connection failed",
          "  PASS: test_cache_hit (128ms)",
          "\u2713 test completed",
          "\u2713 build completed",
          "Compiling src/utils.go...",
          "\u2713 build completed",
          "Cache hit for key-6541",
          "  PASS: test_auth_login (468ms)",
          "Step 10/10: Building",
          "\u2713 lint completed",
          "Cache hit for key-7345",
          "Compiling src/handler.rs...",
          "[11:38:50] WARN: Deprecated API usage",
          "Artifact uploaded: build.tar.gz (44MB)",
          "  PASS: test_cache_hit (221ms)",
          "\u2713 test completed",
          "[11:38:50] INFO: Processing request",
          "\u2713 test completed",
          "\u2713 build completed",
          "Step 5/10: Building",
          "Compiling src/utils.go...",
          "  PASS: test_db_connect (154ms)",
          "[11:38:50] ERROR: Connection failed",
          "WARNING: axios has known vulnerabilities",
          "Cache hit for key-5140",
          "Step 3/10: Building",
          "Step 1/10: Building",
          "Cache hit for key-6372",
          "[11:38:50] INFO: Processing request",
          "\u2713 build completed",
          "  PASS: test_db_connect (74ms)",
          "\u2713 build completed",
          "Installing axios@4.7.0",
          "=== Step build_artifact completed ==="
        ]
      },
      {
        "name": "deploy",
        "status": "success",
        "started_at": "2025-12-08T11:40:48.995031",
        "finished_at": "2025-12-08T11:41:02.194944",
        "log_lines": [
          "=== Step: deploy ===",
          "Cache hit for key-3177",
          "Compiling src/utils.go...",
          "  PASS: test_user_create (21ms)",
          "[11:38:50] INFO: Processing request",
          "Artifact uploaded: build.tar.gz (34MB)",
          "\u2717 build failed with exit code 90",
          "  PASS: test_db_connect (158ms)",
          "[11:38:50] ERROR: Connection failed",
          "Artifact uploaded: build.tar.gz (9MB)",
          "\u2713 lint completed",
          "Cache hit for key-8287",
          "  PASS: test_user_create (252ms)",
          "Installing express@3.6.0",
          "Step 8/10: Building",
          "Step 1/10: Building",
          "Installing eslint@3.13.0",
          "\u2713 test completed",
          "[11:38:50] INFO: Processing request",
          "Step 9/10: Building",
          "\u2713 build completed",
          "  PASS: test_cache_hit (332ms)",
          "[11:38:50] INFO: Processing request",
          "[11:38:50] INFO: Processing request",
          "Step 7/10: Building",
          "  PASS: test_db_connect (82ms)",
          "Compiling src/index.js...",
          "Installing eslint@2.0.0",
          "  PASS: test_api_health (426ms)",
          "[11:38:50] INFO: Processing request",
          "  PASS: test_cache_hit (408ms)",
          "Artifact uploaded: build.tar.gz (45MB)",
          "Cache hit for key-2839",
          "Step 9/10: Building",
          "Step 4/10: Building",
          "\u26a0 DEPRECATION: Feature will be removed in v5.0",
          "Step 9/10: Building",
          "Compiling src/index.js...",
          "[11:38:50] INFO: Processing request",
          "  PASS: test_cache_hit (285ms)",
          "\u2713 lint completed",
          "\u2713 lint completed",
          "Installing webpack@1.3.0",
          "Step 4/10: Building",
          "Installing lodash@2.11.0",
          "Step 4/10: Building",
          "\u2713 lint completed",
          "\u2713 test completed",
          "Installing axios@1.6.0",
          "Step 4/10: Building",
          "Artifact uploaded: build.tar.gz (20MB)",
          "[11:38:50] INFO: Processing request",
          "=== Step deploy completed ==="
        ]
      }
    ],
    "label": "normal"
  }
}