{
  "action": "completed",
  "workflow_run": {
    "id": 851,
    "name": "CI Pipeline",
    "head_branch": "main",
    "head_sha": "77730112ba79475dd7717ea8bbda1485f8104dd4",
    "status": "completed",
    "conclusion": "success",
    "run_started_at": "2025-11-23T12:52:21.993152Z",
    "updated_at": "2025-11-23T12:55:43.030958Z"
  },
  "repository": {
    "full_name": "acme-corp/data-pipeline",
    "name": "data-pipeline"
  },
  "sender": {
    "login": "eve"
  },
  "_safeops_extended": {
    "raw_logs": "=== Step: restore_cache ===\nFetching submodules...\nnpm install: added 286 packages\nOK\nStep 3/20: Building\nTime: 119.705s\nnpm install: added 147 packages\nFetching submodules...\nTests: 338 passed, 134 total\nUsing Node.js 15.17.7\nLayer 9/12: COPY command\n  PASS: integration/test_api_health.spec.js\nCompiling utils/utils.go...\nUsing Python 3.9\nOptimizing 40 modules...\npip: Installing build dependencies...\nFinished.\nException: TypeError\n\u2713 deploy completed\nPlatform: win32-x64\n[12:52:21] INFO: Connecting to database\nUsing Python 3.12\n[12:52:21] INFO: Connecting to database\nRan 188 tests in 4s\nSwitched to branch 'bugfix/task-750'\nFAILED: test_api_health\n\u2713 lint completed\nFinished.\nSwitched to branch 'hotfix/task-764'\npip: Installing build dependencies...\n[12:52:21] WARN: Deprecated API usage\npip: Installing build dependencies...\nSnapshots: 9 passed, 34 total\n\u2713 Task completed in 2655ms\nSwitched to branch 'bugfix/task-630'\n[12:52:21] ERROR: Connection failed\n  PASS: test_cache_hit (395ms)\nArtifact downloaded: 43MB\nDone.\n[12:52:21] DEBUG: Memory usage: 318MB\nLayer 1/9: RUN command\nCreating production build...\nBundling vendor.js\nCache restored successfully (144MB)\nRan 128 tests in 4s\nStep 12/23: Building\nFetching submodules...\n[12:52:21] INFO: Request completed\nUploading artifact 'coverage' (43 files)\nSnapshots: 46 passed, 29 total\n[12:52:21] INFO: Starting build process\n[12:52:21] DEBUG: Loading configuration\nStep 13/17: Installing dependencies\nFetching submodules...\nCompiling lib/index.js...\nFinished.\nLayer 1/11: COPY command\n\u2713 build completed\nLoading...\nyarn add: Done in 29.95s\nArtifact uploaded: dist.zip (42MB)\nHEAD is now at c0c313d\n\u2713 All checks passed\nPOST /data - 200 (428ms)\n[12:52:21] ERROR: Connection failed\n\u26a0 DEPRECATION: Feature will be removed in v2.0\n[12:52:21] INFO: Cache refreshed\n[12:52:21] INFO: Processing request\nCache miss for key-4519\nCompiling src/utils.go...\nAlready up to date.\nLayer 10/14: RUN command\npip: Collecting react\nTLS handshake completed\nSwitched to branch 'feature/task-342'\nBuilding Docker image...\nStep 13/19: Deploying\nCache hit for key-7242\nPlatform: darwin-arm64\n\u26a0 DEPRECATION: Feature will be removed in v5.0\n\u26a0 DEPRECATION: Feature will be removed in v4.0\nUsing Python 3.12\nProcessing...\nCompiling components/app.ts...\nStep 10/17: Testing\n\u26a0 DEPRECATION: Feature will be removed in v5.0\nCompiling utils/index.js...\nException: TypeError\n  PASS: test_auth_login (95ms)\nCache invalidated: node_modules\nFetching submodules...\nCompiling src/main.py...\nArtifact uploaded: build.tar.gz (28MB)\nChecking out main branch\nnpm install: added 23 packages\n  PASS: test_cache_hit (129ms)\nSuccess!\n[12:52:21] DEBUG: Memory usage: 1949MB\n[12:52:22] DEBUG: Connection pool: 17 active\nUsing Node.js 20.10.3\n\u26a0 DEPRECATION: Feature will be removed in v4.0\nnpm install: added 237 packages\n\u2717 build failed with exit code 73\npip: Collecting eslint\nCompiling src/handler.rs...\nStep 6/18: Running migrations\nCache restored successfully (469MB)\n\u26a0 DEPRECATION: Feature will be removed in v5.0\nPOST /api - 202 (191ms)\nPlatform: linux-x64\n[12:52:22] INFO: Starting build process\n\u26a0 DEPRECATION: Feature will be removed in v4.0\nnpm notice: created a lockfile\nRan 37 tests in 4s\nSwitched to branch 'feature/task-303'\nArtifact downloaded: 27MB\nFetching submodules...\nConnection established\n[12:52:22] INFO: Connecting to database\nStep 12/22: Linting\nStep 7/16: Testing\nLoading...\nProcessing...\n[12:52:22] WARN: Deprecated API usage\nPlatform: win32-x64\nPlatform: win32-x64\n\u2717 build failed with exit code 70\nCache invalidated: node_modules\n[12:52:22] DEBUG: Loading configuration\nStep 7/25: Installing dependencies\n[12:52:22] DEBUG: Memory usage: 565MB\n[12:52:22] ERROR: Connection failed\nEnvironment: production\n[12:52:22] INFO: Starting build process\n[12:52:22] INFO: Starting build process\nGenerating source maps...\nVerifying...\n\u26a0 DEPRECATION: Feature will be removed in v3.0\nPOST /api - 201 (486ms)\nCache saved successfully\nTLS handshake completed\npip install: Successfully installed express-3.2\nProcessing...\nCompiling components/handler.rs...\nCache saved successfully\npip install: Successfully installed axios-2.3\nCompleted.\nPlatform: darwin-arm64\nWaiting...\nTest Suites: 31 passed, 12 total\nUsing Node.js 19.10.9\nWARNING: jest has known vulnerabilities\nTransforming 682 files...\nyarn add: Done in 7.94s\nImage pulled successfully\n\u2713 Task completed in 445ms\n\u2713 All checks passed\nnpm install: resolved 697 packages\nnpm install: added 431 packages\nCompiling utils/main.py...\n[12:52:22] INFO: Starting build process\nUploading artifact 'build' (25 files)\nEnvironment: development\nSwitched to branch 'bugfix/task-856'\nUploading artifact 'coverage' (41 files)\nStep 2/18: Deploying\npip install: Successfully installed webpack-4.10\nChecking out main branch\nnpm notice: created a lockfile\nFetching submodules...\nStep 6/16: Running migrations\nWaiting...\nCreating production build...\nSnapshots: 23 passed, 46 total\nUsing Python 3.9\n\u2713 Task completed in 3227ms\nSuccess!\nTLS handshake completed\nWaiting...\n\u2713 All checks passed\nTest Suites: 33 passed, 45 total\nFetching submodules...\n[12:52:22] DEBUG: Memory usage: 453MB\nStep 4/24: Testing\nCompiling lib/index.js...\nCache restored successfully (55MB)\nFetching submodules...\n[12:52:22] INFO: Cache refreshed\nBuilding Docker image...\nGET /status - 200 (39ms)\nnpm install: resolved 240 packages\n[12:52:22] INFO: Processing request\nCoverage: 86% statements, 88% branches\nHEAD is now at 15b864c\nStep 10/24: Testing\n=== Step restore_cache completed ===\n=== Step: install_dependencies ===\nnpm install: resolved 853 packages\nCompiling components/utils.go...\nTime: 72.25s\n[12:52:22] INFO: Request completed\nWARNING: react has known vulnerabilities\nArtifact downloaded: 37MB\nUsing Node.js 15.4.3\n\u26a0 DEPRECATION: Feature will be removed in v3.0\n[12:52:22] DEBUG: Connection pool: 7 active\nWaiting...\n[12:52:22] DEBUG: Query executed in 28ms\nArtifact uploaded: dist.zip (77MB)\nStep 9/25: Running migrations\nCompiling components/app.ts...\nVerifying...\nTime: 43.147s\nCache restored successfully (361MB)\nnpm install: resolved 533 packages\nnpm install: added 208 packages\nHEAD is now at 76a7d97\nPlatform: linux-x64\n[12:52:22] DEBUG: Query executed in 89ms\nnpm install: resolved 1034 packages\nSuccess!\n  PASS: unit/test_auth_login.spec.js\n[12:52:22] INFO: Processing request\nUploading artifact 'dist' (46 files)\nTLS handshake completed\npip install: Successfully installed axios-2.18\n[12:52:22] INFO: Connecting to database\nStep 17/25: Linting\nStep 7/17: Linting\nCompiling utils/index.js...\nCoverage: 97% statements, 72% branches\nCreating production build...\nPulling image: python:18\nGET /health - 201 (39ms)\nPulling image: python:18\nTests: 120 passed, 206 total\nCache hit for key-6758\n[12:52:22] DEBUG: Query executed in 52ms\nArtifact downloaded: 20MB\nUsing Python 3.10\nPushing to registry...\nArtifact downloaded: 47MB\nWARNING: express has known vulnerabilities\nSuccess!\nFetching submodules...\n[12:52:22] WARN: Deprecated API usage\nStep 18/21: Building\nLoading...\nEnvironment: production\nBundling main.js\n\u2713 Task completed in 1533ms\nyarn add: Done in 7.58s\nBuilding Docker image...\nnpm install: resolved 1055 packages\n[12:52:22] DEBUG: Memory usage: 800MB\nArtifact uploaded: build.tar.gz (15MB)\nTests: 259 passed, 227 total\nUploading artifact 'dist' (19 files)\n[12:52:22] INFO: Cache refreshed\nArtifact uploaded: dist.zip (51MB)\nInstalling webpack@3.5.3\nReady.\nWaiting...\n[12:52:22] DEBUG: Query executed in 44ms\nSuccess!\n[12:52:22] WARN: Deprecated API usage\nFAILED: test_api_health\n[12:52:22] INFO: Processing request\nnpm notice: package.json updated\nyarn add: Done in 20.67s\nBundling main.css\nnpm notice: created a lockfile\n[12:52:22] DEBUG: Memory usage: 1608MB\nMinifying vendor.js\nNODE_ENV=development\nRan 179 tests in 34s\nPlatform: darwin-arm64\n  PASS: integration/test_auth_login.spec.js\nUsing Python 3.9\nArtifact downloaded: 39MB\nInstalling eslint@4.13.4\nStep 2/19: Running migrations\nWARNING: webpack has known vulnerabilities\n[12:52:22] INFO: Request completed\nWaiting...\nArtifact downloaded: 33MB\nyarn add: Done in 30.49s\nCache invalidated: dependencies\nCompiling src/handler.rs...\nCompleted.\nFinished.\nnpm notice: created a lockfile\nCompiling utils/service.java...\nOptimizing 65 modules...\nWaiting...\nCache restored successfully (95MB)\nHEAD is now at b2bf6d0\nnpm install: added 336 packages\nnpm install: resolved 1771 packages\n  PASS: unit/test_db_connect.spec.js\nTest Suites: 13 passed, 14 total\nReady.\nLoading...\nStep 18/21: Testing\nFetching submodules...\nStep 10/17: Deploying\npip: Installing build dependencies...\nVerifying...\nWaiting...\nTransforming 827 files...\n\u2713 Step 'checkout' succeeded\nCache miss for key-9426\nUsing Node.js 14.10.3\nEnvironment: staging\nTLS handshake completed\nyarn add: Done in 4.30s\nCache miss for key-3158\nArtifact uploaded: dist.zip (73MB)\n[12:52:22] ERROR: Connection failed\nGenerating source maps...\nInstalling axios@1.17.0\nProcessing...\n\u26a0 DEPRECATION: Feature will be removed in v3.0\nSnapshots: 42 passed, 20 total\nFetching submodules...\nPulling image: alpine:3.11\nWaiting...\nTime: 32.412s\nGenerating source maps...\nOK\nnpm notice: package.json updated\nFAILED: test_auth_login\nUsing Python 3.12\nChecking out develop branch\nnpm notice: created a lockfile\nCache saved successfully\nnpm notice: package.json updated\nGET /status - 200 (12ms)\nCompiling utils/index.js...\nWARNING: react has known vulnerabilities\nOptimizing 51 modules...\nGET /api - 204 (71ms)\npip: Downloading express-1.14.tar.gz\n  PASS: test_cache_hit (490ms)\nnpm notice: created a lockfile\nStep 19/18: Deploying\nTransforming 138 files...\nStep 10/21: Running migrations\nTime: 2.946s\nUsing Node.js 14.13.7\nImage pulled successfully\nSnapshots: 47 passed, 10 total\n\u26a0 DEPRECATION: Feature will be removed in v3.0\npip install: Successfully installed eslint-1.10\n[12:52:22] INFO: Request completed\nVerifying...\nSwitched to branch 'bugfix/task-643'\nCache hit for key-5900\n\u2713 Step 'build' succeeded\nVerifying...\npip: Collecting lodash\nCompiling utils/handler.rs...\nVerifying...\nSnapshots: 29 passed, 50 total\nLayer 8/13: COPY command\nChecking out main branch\n[12:52:22] DEBUG: Initializing service\nCompleted.\nLayer 7/14: COPY command\nStep 19/16: Installing dependencies\nWaiting...\nGET /status - 201 (21ms)\nMinifying main.js\n\u2713 All checks passed\nCompiling components/service.java...\nBuilding Docker image...\n[12:52:22] DEBUG: Loading configuration\n[12:52:22] INFO: Processing request\nCompiling components/utils.go...\nLoading...\n[12:52:22] INFO: Processing request\nGET /status - 204 (82ms)\nBuilding Docker image...\nDone.\nSnapshots: 6 passed, 2 total\nBuilding Docker image...\nStep 1/17: Deploying\nnpm notice: package.json updated\nSnapshots: 22 passed, 3 total\nCompiling components/utils.go...\n[12:52:22] DEBUG: Connection pool: 19 active\n=== Step install_dependencies completed ===\n=== Step: save_cache ===\n\u2713 All checks passed\nImage pulled successfully\nEnvironment: staging\nGET /api - 200 (38ms)\npip: Collecting lodash\nArtifact uploaded: build.tar.gz (13MB)\nPushing to registry...\nStep 19/22: Running migrations\npip install: Successfully installed axios-5.19\n[12:52:22] DEBUG: Initializing service\nInstalling axios@3.5.8\nPulling image: node:3.11\nPlatform: linux-x64\npip: Downloading express-5.1.tar.gz\nFAILED: test_db_connect\n\u26a0 DEPRECATION: Feature will be removed in v4.0\nCompleted.\nSwitched to branch 'feature/task-988'\n\u2717 build failed with exit code 89\n[12:52:22] DEBUG: Query executed in 48ms\n[12:52:22] DEBUG: Memory usage: 1440MB\nFetching from https://npmjs.org/package.json\nCache invalidated: dependencies\nCache invalidated: node_modules\nCache restored successfully (216MB)\nStep 15/15: Installing dependencies\nyarn add: Done in 25.88s\nPulling image: alpine:3.11\nProcessing...\nCompiling src/main.py...\npip: Collecting eslint\n\u2713 package completed\npip install: Successfully installed axios-4.6\nImage pulled successfully\nSuccess!\nPulling image: python:18\n[12:52:22] INFO: Connecting to database\nCoverage: 76% statements, 76% branches\npip: Downloading prettier-1.19.tar.gz\nPlatform: linux-x64\nWARNING: prettier has known vulnerabilities\n[12:52:22] ERROR: Connection failed\nHEAD is now at 03ad650\nCache restored successfully (357MB)\nPlatform: darwin-arm64\nnpm install: added 40 packages\nDone.\nException: TypeError\nBundling styles.js\nCreating production build...\nUsing Node.js 17.9.10\nStep 2/22: Installing dependencies\n[12:52:22] INFO: Processing request\nTest Suites: 9 passed, 10 total\nnpm install: added 119 packages\nTransforming 191 files...\nCompiling lib/handler.rs...\n[12:52:22] DEBUG: Memory usage: 1970MB\nArtifact uploaded: build.tar.gz (24MB)\nCompiling utils/service.java...\nWaiting...\n[12:52:22] INFO: Processing request\nStep 13/25: Running migrations\nPlatform: linux-x64\npip install: Successfully installed axios-1.11\nFetching submodules...\nEnvironment: production\nImage pulled successfully\nCoverage: 87% statements, 87% branches\nStep 2/19: Testing\nDone.\npip: Downloading lodash-4.1.tar.gz\nnpm install: added 391 packages\nTest Suites: 36 passed, 13 total\n[12:52:22] DEBUG: Initializing service\nInstalling webpack@2.8.7\nReady.\nFetching from https://docker.io/package.json\n  PASS: integration/test_cache_hit.spec.js\n\u26a0 DEPRECATION: Feature will be removed in v5.0\nnpm install: added 298 packages\npip: Downloading webpack-2.8.tar.gz\nArtifact uploaded: build.tar.gz (27MB)\nFetching from https://amazonaws.com/package.json\nCompiling src/index.js...\nCache hit for key-7171\nFetching from https://gcr.io/package.json\nWARNING: jest has known vulnerabilities\nStep 17/22: Running migrations\n[12:52:22] INFO: Cache refreshed\n\u2713 All checks passed\nImage pulled successfully\n  PASS: e2e/test_db_connect.spec.js\nnpm install: added 381 packages\nArtifact uploaded: build.tar.gz (30MB)\nPlatform: win32-x64\npip install: Successfully installed eslint-4.3\n[12:52:22] DEBUG: Query executed in 81ms\nWaiting...\npip: Installing build dependencies...\nCompiling lib/service.java...\nSwitched to branch 'feature/task-623'\nBuilding Docker image...\n[12:52:22] DEBUG: Connection pool: 8 active\nStep 9/15: Testing\n[12:52:22] DEBUG: Initializing service\nReady.\nLoading...\nCompiling components/index.js...\nCache restored successfully (492MB)\nWARNING: jest has known vulnerabilities\npip: Downloading axios-3.15.tar.gz\nVerifying...\nLoading...\n  PASS: unit/test_auth_login.spec.js\nWARNING: react has known vulnerabilities\nConnection established\nCompiling lib/index.js...\nArtifact uploaded: dist.zip (84MB)\nHEAD is now at 9d6480b\nProcessing...\nSwitched to branch 'hotfix/task-744'\nMinifying vendor.js\nTransforming 314 files...\n  PASS: test_user_create (458ms)\nPulling image: node:latest\n[12:52:22] INFO: Request completed\nTLS handshake completed\nTests: 228 passed, 139 total\n[12:52:22] INFO: Request completed\nnpm notice: created a lockfile\n[12:52:22] DEBUG: Initializing service\nLayer 9/10: COPY command\nCache restored successfully (392MB)\nUsing Python 3.10\nGenerating source maps...\nArtifact uploaded: build.tar.gz (39MB)\n[12:52:22] DEBUG: Loading configuration\nnpm notice: package.json updated\nArtifact uploaded: build.tar.gz (33MB)\nStep 18/22: Testing\n[12:52:22] DEBUG: Connection pool: 5 active\nProcessing...\nCache miss for key-8971\nOptimizing 13 modules...\nnpm notice: package.json updated\nEnvironment: staging\nSuccess!\nNODE_ENV=production\n\u26a0 DEPRECATION: Feature will be removed in v2.0\nPushing to registry...\nStep 10/23: Building\n[12:52:22] INFO: Processing request\nProcessing...\nCoverage: 99% statements, 96% branches\n  PASS: e2e/test_auth_login.spec.js\nProcessing...\nStep 3/23: Deploying\nTest Suites: 26 passed, 30 total\n[12:52:22] WARN: Deprecated API usage\nPulling image: node:18\nUsing Node.js 16.15.6\nFetching from https://gcr.io/package.json\n[12:52:22] DEBUG: Connection pool: 16 active\nStep 11/16: Linting\n[12:52:22] WARN: Deprecated API usage\n[12:52:22] DEBUG: Memory usage: 434MB\nFetching from https://amazonaws.com/package.json\nPlatform: linux-x64\nArtifact uploaded: dist.zip (17MB)\nTransforming 492 files...\n[12:52:22] DEBUG: Connection pool: 11 active\n[12:52:22] WARN: Deprecated API usage\nnpm install: added 477 packages\nConnection established\nStep 16/24: Deploying\n\u2713 Step 'test' succeeded\nPOST /api - 202 (25ms)\nFetching submodules...\nReady.\npip: Installing build dependencies...\n  PASS: e2e/test_user_create.spec.js\nGET /health - 200 (11ms)\nPushing to registry...\nTLS handshake completed\nUploading artifact 'dist' (21 files)\nBuilding Docker image...\nFinished.\nCompiling src/utils.go...\n\u26a0 DEPRECATION: Feature will be removed in v2.0\nConnection established\nVerifying...\nCompiling src/app.ts...\nStep 7/23: Installing dependencies\n=== Step save_cache completed ===\n=== Step: lint ===\nProcessing...\nTest Suites: 35 passed, 23 total\n\u2713 Task completed in 3507ms\nFetching submodules...\n\u2713 build completed\nEnvironment: production\n  PASS: test_cache_hit (398ms)\nStep 14/17: Testing\nPulling image: node:18\nTests: 355 passed, 79 total\nCompleted.\nCache restored successfully (360MB)\nVerifying...\nFinished.\nStep 19/19: Running migrations\n  PASS: test_auth_login (127ms)\nCreating production build...\nTime: 47.22s\nVerifying...\nSwitched to branch 'bugfix/task-879'\nPOST /upload - 201 (250ms)\nMinifying vendor.js\n\u26a0 DEPRECATION: Feature will be removed in v3.0\nProcessing...\npip: Collecting axios\nException: ValueError\nWaiting...\nnpm notice: package.json updated\nCache hit for key-4755\n[12:52:22] INFO: Starting build process\n\u26a0 DEPRECATION: Feature will be removed in v2.0\nUploading artifact 'coverage' (17 files)\n[12:52:22] INFO: Starting build process\nImage pulled successfully\n[12:52:22] WARN: Deprecated API usage\n  PASS: e2e/test_api_health.spec.js\n[12:52:22] INFO: Cache refreshed\nnpm install: added 183 packages\nStep 11/22: Linting\nCache restored successfully (77MB)\npip: Downloading jest-3.7.tar.gz\nPOST /api - 201 (427ms)\nPulling image: node:latest\nRan 28 tests in 20s\npip: Downloading express-1.1.tar.gz\nWaiting...\nArtifact uploaded: dist.zip (54MB)\n[12:52:22] ERROR: Connection failed\nPOST /upload - 200 (425ms)\nStep 16/20: Building\nLoading...\nnpm notice: package.json updated\nCoverage: 84% statements, 96% branches\nnpm install: added 257 packages\n[12:52:22] DEBUG: Loading configuration\n\u26a0 DEPRECATION: Feature will be removed in v3.0\nStep 18/17: Running migrations\nGET /api - 204 (26ms)\nStep 16/23: Building\nVerifying...\n[12:52:22] WARN: Deprecated API usage\nHEAD is now at ab3d93b\n[12:52:22] DEBUG: Query executed in 23ms\n[12:52:22] WARN: Deprecated API usage\nCreating production build...\nNODE_ENV=production\nTest Suites: 20 passed, 41 total\n  PASS: e2e/test_auth_login.spec.js\n[12:52:22] ERROR: Connection failed\nnpm install: added 401 packages\nImage pulled successfully\nStep 19/16: Linting\nLoading...\n[12:52:22] WARN: Deprecated API usage\nRan 126 tests in 23s\n\u26a0 DEPRECATION: Feature will be removed in v2.0\nAlready up to date.\nMinifying app.js\nOptimizing 79 modules...\nCache restored successfully (321MB)\nArtifact uploaded: build.tar.gz (19MB)\nTime: 113.564s\npip: Downloading react-1.16.tar.gz\nCache invalidated: node_modules\nCompiling components/utils.go...\nnpm notice: package.json updated\nTest Suites: 22 passed, 32 total\nRan 188 tests in 42s\nPushing to registry...\nDone.\nGET /status - 201 (69ms)\n[12:52:22] INFO: Starting build process\nInstalling prettier@3.12.5\nNODE_ENV=development\nArtifact uploaded: dist.zip (90MB)\n[12:52:22] INFO: Cache refreshed\nCompiling lib/handler.rs...\nArtifact downloaded: 8MB\nTime: 61.433s\n\u2713 All checks passed\nOptimizing 43 modules...\nUsing Python 3.10\n[12:52:22] WARN: Deprecated API usage\nCache miss for key-6393\nTest Suites: 20 passed, 45 total\nTests: 314 passed, 249 total\n[12:52:22] INFO: Processing request\nSwitched to branch 'feature/task-167'\nAlready up to date.\nStep 4/20: Linting\nCompiling utils/main.py...\nCache restored successfully (181MB)\n[12:52:22] INFO: Connecting to database\n[12:52:22] WARN: Deprecated API usage\nCompleted.\nTime: 76.141s\n[12:52:22] INFO: Processing request\n[12:52:22] DEBUG: Loading configuration\nCache miss for key-4794\n  PASS: e2e/test_auth_login.spec.js\nCompleted.\nBundling runtime.js\nFetching submodules...\npip: Installing build dependencies...\npip: Installing build dependencies...\nReady.\nGET /status - 201 (15ms)\n\u2717 build failed with exit code 78\npip: Collecting jest\nGET /api - 201 (94ms)\nConnection established\nnpm install: added 13 packages\nLoading...\nSnapshots: 35 passed, 7 total\n\u26a0 DEPRECATION: Feature will be removed in v4.0\nWaiting...\nReady.\nStep 18/23: Testing\npip: Downloading webpack-4.5.tar.gz\nSwitched to branch 'feature/task-812'\nBuilding Docker image...\nCache invalidated: node_modules\nCreating production build...\nTransforming 569 files...\nWARNING: eslint has known vulnerabilities\nImage pulled successfully\n\u26a0 DEPRECATION: Feature will be removed in v2.0\nStep 7/18: Deploying\nWARNING: eslint has known vulnerabilities\nCache restored successfully (177MB)\nFetching submodules...\nStep 19/22: Testing\nCache saved successfully\nVerifying...\nCache miss for key-2516\nStep 16/20: Linting\n[12:52:22] DEBUG: Memory usage: 493MB\nOK\nFetching from https://amazonaws.com/package.json\nTest Suites: 45 passed, 12 total\n[12:52:22] DEBUG: Connection pool: 17 active\npip: Downloading react-1.17.tar.gz\nFetching submodules...\nCompiling lib/app.ts...\nTime: 25.893s\n[12:52:22] DEBUG: Query executed in 88ms\nStep 1/15: Testing\n\u2713 Task completed in 3248ms\nBuilding Docker image...\n[12:52:22] DEBUG: Initializing service\nTime: 91.152s\npip: Downloading prettier-5.17.tar.gz\nChecking out develop branch\n[12:52:22] DEBUG: Loading configuration\nCompiling src/utils.go...\nSuccess!\nUsing Python 3.12\nTime: 9.877s\n[12:52:22] INFO: Processing request\nRan 49 tests in 17s\nCompiling lib/service.java...\nArtifact downloaded: 30MB\nCompiling src/main.py...\nCache hit for key-9832\nArtifact uploaded: build.tar.gz (34MB)\nTLS handshake completed\n  PASS: test_cache_hit (15ms)\nNODE_ENV=production\nCreating production build...\n[12:52:22] INFO: Starting build process\n[12:52:22] INFO: Connecting to database\nWARNING: axios has known vulnerabilities\nImage pulled successfully\nnpm install: resolved 1087 packages\n=== Step lint completed ===\n=== Step: deploy_staging ===\nCompleted.\nFetching submodules...\nProcessing...\nOK\nPushing to registry...\nStep 9/24: Installing dependencies\nUsing Python 3.9\nImage pulled successfully\nUsing Node.js 14.7.4\nCache hit for key-7562\nPushing to registry...\n  PASS: test_db_connect (368ms)\nWaiting...\npip: Installing build dependencies...\npip: Installing build dependencies...\nPushing to registry...\nInstalling eslint@3.10.5\nWARNING: prettier has known vulnerabilities\nCache hit for key-3713\nLoading...\n\u2717 build failed with exit code 19\n[12:52:22] WARN: Deprecated API usage\n[12:52:22] DEBUG: Initializing service\nyarn add: Done in 16.49s\nFetching from https://googleapis.com/package.json\nTests: 353 passed, 76 total\nStep 18/22: Building\nCompiling components/main.py...\n[12:52:22] WARN: Deprecated API usage\n\u2713 build completed\nMinifying vendor.js\nCompiling utils/main.py...\nWARNING: prettier has known vulnerabilities\n\u26a0 DEPRECATION: Feature will be removed in v4.0\nWARNING: prettier has known vulnerabilities\nnpm notice: package.json updated\nWaiting...\nCoverage: 70% statements, 62% branches\n[12:52:22] DEBUG: Initializing service\nStep 15/25: Installing dependencies\n[12:52:22] DEBUG: Memory usage: 1204MB\nDone.\n[12:52:22] INFO: Connecting to database\nSuccess!\nImage pulled successfully\n[12:52:22] INFO: Processing request\nCache restored successfully (67MB)\nEnvironment: production\nArtifact uploaded: build.tar.gz (20MB)\n[12:52:22] WARN: Deprecated API usage\nReady.\npip: Installing build dependencies...\nnpm install: resolved 1903 packages\nStep 5/15: Installing dependencies\nnpm install: resolved 1614 packages\nCache invalidated: dependencies\nException: NullPointerException\n[12:52:22] DEBUG: Query executed in 86ms\nStep 19/19: Linting\n[12:52:22] WARN: Deprecated API usage\nStep 4/18: Testing\nHEAD is now at 30f6c4c\nRan 91 tests in 44s\n[12:52:22] DEBUG: Initializing service\n\u2713 Task completed in 1297ms\nTests: 352 passed, 129 total\n\u26a0 DEPRECATION: Feature will be removed in v5.0\nCompiling components/utils.go...\nTLS handshake completed\nUploading artifact 'dist' (48 files)\nProcessing...\nStep 2/22: Running migrations\nStep 19/17: Testing\nSnapshots: 33 passed, 0 total\n[12:52:22] INFO: Processing request\nUsing Python 3.11\nPushing to registry...\nHEAD is now at 7730a0d\nCache invalidated: dependencies\nImage pulled successfully\nTests: 497 passed, 175 total\nCache restored successfully (257MB)\nTransforming 122 files...\nPushing to registry...\nStep 16/17: Linting\n[12:52:22] INFO: Request completed\nCompiling lib/service.java...\nFetching from https://docker.io/package.json\nConnection established\nSuccess!\nNODE_ENV=production\n\u2713 Step 'test' succeeded\n[12:52:22] INFO: Processing request\nCache restored successfully (428MB)\nnpm notice: created a lockfile\n\u2713 deploy completed\nGET /api - 201 (42ms)\n[12:52:22] INFO: Request completed\nArtifact uploaded: dist.zip (55MB)\n\u26a0 DEPRECATION: Feature will be removed in v2.0\nCompiling lib/handler.rs...\nMinifying app.js\nCompiling utils/utils.go...\nStep 3/22: Building\npip: Downloading axios-3.10.tar.gz\n[12:52:22] DEBUG: Connection pool: 8 active\nNODE_ENV=development\nCache restored successfully (177MB)\nCache saved successfully\nPlatform: linux-x64\n[12:52:22] DEBUG: Loading configuration\nCache invalidated: node_modules\nCompiling lib/app.ts...\n[12:52:22] DEBUG: Query executed in 31ms\nArtifact uploaded: dist.zip (1MB)\n[12:52:22] WARN: Deprecated API usage\nTime: 79.437s\n[12:52:22] DEBUG: Memory usage: 1971MB\nCoverage: 74% statements, 62% branches\n\u26a0 DEPRECATION: Feature will be removed in v4.0\nStep 2/15: Testing\nDone.\nCache invalidated: node_modules\nGenerating source maps...\nTests: 62 passed, 143 total\nOptimizing 72 modules...\nnpm notice: created a lockfile\n[12:52:22] DEBUG: Memory usage: 1723MB\nStep 9/24: Deploying\nPushing to registry...\nOptimizing 89 modules...\nImage pulled successfully\nStep 20/23: Testing\n[12:52:22] INFO: Processing request\n[12:52:22] INFO: Connecting to database\nCompiling lib/utils.go...\n\u2717 build failed with exit code 99\nUsing Python 3.10\nTLS handshake completed\nFetching submodules...\n[12:52:22] INFO: Cache refreshed\nHEAD is now at ba17570\n\u2713 build completed\n[12:52:22] INFO: Request completed\nDone.\n[12:52:22] DEBUG: Initializing service\nCompiling src/main.py...\nCoverage: 82% statements, 91% branches\nVerifying...\nFetching submodules...\nFetching from https://gcr.io/package.json\nyarn add: Done in 16.51s\nFAILED: test_auth_login\nnpm notice: package.json updated\nnpm notice: created a lockfile\nWaiting...\nyarn add: Done in 28.1s\nLayer 10/11: ENV command\nStep 16/25: Linting\n\u2713 deploy completed\nCompiling components/handler.rs...\nStep 12/25: Deploying\nProcessing...\nSuccess!\nAlready up to date.\nDone.\nGenerating source maps...\nCompiling src/index.js...\nEnvironment: production\n[12:52:22] DEBUG: Loading configuration\nReady.\nStep 9/15: Installing dependencies\nVerifying...\nSwitched to branch 'feature/task-235'\n[12:52:22] DEBUG: Query executed in 19ms\nBuilding Docker image...\nnpm notice: created a lockfile\nReady.\nFetching from https://amazonaws.com/package.json\nLoading...\nOK\nTransforming 828 files...\nStep 15/24: Linting\nFetching submodules...\nCompleted.\nTLS handshake completed\nyarn add: Done in 25.72s\nCache saved successfully\nCompiling utils/app.ts...\nBundling styles.js\nInstalling webpack@5.10.2\nSnapshots: 45 passed, 40 total\nCompleted.\nGET /status - 200 (67ms)\n=== Step deploy_staging completed ===\n=== Step: checkout ===\n\u2713 package completed\n  PASS: test_api_health (409ms)\n  PASS: unit/test_auth_login.spec.js\nWaiting...\nRan 41 tests in 23s\n[12:52:22] DEBUG: Initializing service\n\u2713 Task completed in 1284ms\nCompiling components/main.py...\n[12:52:22] WARN: Deprecated API usage\nMinifying vendor.js\nWARNING: react has known vulnerabilities\n\u26a0 DEPRECATION: Feature will be removed in v2.0\nWARNING: eslint has known vulnerabilities\npip: Collecting lodash\n[12:52:22] WARN: Deprecated API usage\nTransforming 441 files...\nWARNING: react has known vulnerabilities\nVerifying...\n[12:52:22] DEBUG: Loading configuration\nStep 2/20: Running migrations\nOK\nnpm notice: package.json updated\nArtifact downloaded: 49MB\nBundling runtime.css\nAlready up to date.\nCompiling src/utils.go...\nVerifying...\nPulling image: python:latest\nCache restored successfully (53MB)\nStep 4/22: Running migrations\nGET /api - 200 (90ms)\nTests: 124 passed, 62 total\nLoading...\n\u26a0 DEPRECATION: Feature will be removed in v2.0\nFinished.\nPulling image: node:latest\npip install: Successfully installed react-3.17\nTransforming 416 files...\nLoading...\npip: Installing build dependencies...\nCompiling components/utils.go...\nWaiting...\nGenerating source maps...\nCompiling src/handler.rs...\nStep 7/21: Running migrations\nCompiling src/service.java...\nnpm notice: package.json updated\nInstalling axios@1.4.10\nCompiling utils/app.ts...\n\u26a0 DEPRECATION: Feature will be removed in v2.0\nGenerating source maps...\nTests: 224 passed, 422 total\n[12:52:22] INFO: Processing request\nWARNING: prettier has known vulnerabilities\nGenerating source maps...\nSnapshots: 46 passed, 35 total\nCache hit for key-1956\nLayer 3/8: RUN command\nUsing Python 3.11\nLoading...\nCache invalidated: node_modules\n[12:52:22] INFO: Cache refreshed\n[12:52:22] DEBUG: Loading configuration\npip install: Successfully installed jest-3.0\nArtifact downloaded: 11MB\n  PASS: test_api_health (72ms)\n[12:52:22] INFO: Cache refreshed\nGenerating source maps...\nPOST /api - 202 (24ms)\nOK\nTLS handshake completed\nStep 7/17: Running migrations\nSwitched to branch 'feature/task-248'\nDone.\n\u2713 Step 'test' succeeded\n[12:52:22] ERROR: Connection failed\nConnection established\n[12:52:22] WARN: Deprecated API usage\nTLS handshake completed\nNODE_ENV=test\n[12:52:22] DEBUG: Query executed in 1ms\nCompiling lib/handler.rs...\nArtifact uploaded: dist.zip (54MB)\nWARNING: eslint has known vulnerabilities\n  PASS: test_db_connect (224ms)\nGenerating source maps...\nPlatform: linux-x64\nFAILED: test_api_health\n\u26a0 DEPRECATION: Feature will be removed in v5.0\nArtifact uploaded: dist.zip (42MB)\n[12:52:22] DEBUG: Memory usage: 173MB\n[12:52:22] DEBUG: Memory usage: 143MB\nCompleted.\nCreating production build...\nTime: 52.765s\nCreating production build...\nMinifying main.js\nArtifact downloaded: 44MB\n[12:52:22] DEBUG: Connection pool: 6 active\nCompleted.\nRan 124 tests in 22s\nConnection established\nStep 4/19: Testing\nCompiling lib/app.ts...\nFetching from https://github.com/package.json\nArtifact downloaded: 6MB\nCompleted.\nArtifact downloaded: 38MB\nTests: 142 passed, 61 total\nWARNING: lodash has known vulnerabilities\nTest Suites: 5 passed, 50 total\nCache hit for key-1815\n\u2713 Task completed in 3616ms\nException: NullPointerException\n[12:52:22] DEBUG: Memory usage: 1929MB\nCompiling utils/app.ts...\nHEAD is now at 5392f7d\nAlready up to date.\nyarn add: Done in 7.7s\nCache hit for key-7282\nFetching from https://pypi.org/package.json\n\u26a0 DEPRECATION: Feature will be removed in v2.0\npip: Collecting webpack\nCompleted.\n\u2717 build failed with exit code 124\nStep 12/20: Testing\nImage pulled successfully\nSwitched to branch 'feature/task-814'\npip: Downloading jest-3.4.tar.gz\nStep 17/23: Testing\nLayer 7/14: RUN command\nStep 18/25: Installing dependencies\nPulling image: node:latest\nWARNING: axios has known vulnerabilities\n\u2713 package completed\nnpm notice: created a lockfile\nSwitched to branch 'feature/task-726'\nCompiling src/handler.rs...\n[12:52:22] INFO: Connecting to database\nGenerating source maps...\nOptimizing 46 modules...\nStep 6/25: Deploying\nTest Suites: 33 passed, 25 total\nChecking out develop branch\nCompiling components/main.py...\nPushing to registry...\nUsing Node.js 15.8.9\nWARNING: react has known vulnerabilities\n[12:52:22] INFO: Starting build process\n\u2713 Task completed in 2543ms\nBundling main.js\n[12:52:22] DEBUG: Connection pool: 6 active\nHEAD is now at 5e17a9b\nArtifact uploaded: build.tar.gz (8MB)\npip: Installing build dependencies...\n[12:52:22] INFO: Starting build process\n[12:52:22] INFO: Cache refreshed\nLoading...\n[12:52:22] ERROR: Connection failed\n[12:52:22] DEBUG: Memory usage: 1882MB\nCoverage: 90% statements, 87% branches\nnpm install: added 405 packages\nUploading artifact 'dist' (43 files)\nFetching from https://googleapis.com/package.json\n[12:52:22] DEBUG: Initializing service\nNODE_ENV=test\nCoverage: 71% statements, 60% branches\nCache restored successfully (75MB)\nHEAD is now at b11b09e\nCompleted.\nSuccess!\nCompiling lib/utils.go...\nArtifact uploaded: build.tar.gz (29MB)\nStep 5/19: Deploying\nFinished.\nStep 12/20: Testing\nSwitched to branch 'bugfix/task-349'\n[12:52:22] DEBUG: Memory usage: 1777MB\nConnection established\nnpm install: resolved 216 packages\npip: Downloading lodash-3.20.tar.gz\npip: Installing build dependencies...\nLayer 2/10: RUN command\nTLS handshake completed\nTest Suites: 41 passed, 10 total\npip: Downloading express-1.15.tar.gz\nDone.\nLoading...\n\u26a0 DEPRECATION: Feature will be removed in v5.0\nChecking out master branch\n\u26a0 DEPRECATION: Feature will be removed in v2.0\nBundling styles.css\n[12:52:22] DEBUG: Connection pool: 16 active\nCache restored successfully (272MB)\n=== Step checkout completed ===\n=== Step: upload_artifacts ===\nCache invalidated: node_modules\nCoverage: 90% statements, 82% branches\nStep 9/20: Linting\nFinished.\n[12:52:22] INFO: Cache refreshed\nCompiling components/service.java...\n\u2717 build failed with exit code 96\nCoverage: 100% statements, 93% branches\n\u2713 Step 'install' succeeded\nGET /api - 204 (56ms)\npip: Collecting prettier\nBundling styles.css\n  PASS: test_user_create (395ms)\n\u26a0 DEPRECATION: Feature will be removed in v3.0\n[12:52:22] ERROR: Connection failed\nCompiling components/main.py...\nPushing to registry...\nDone.\nWaiting...\nRan 47 tests in 35s\nCache invalidated: dependencies\nPulling image: node:latest\nSnapshots: 40 passed, 0 total\nTLS handshake completed\n[12:52:22] DEBUG: Connection pool: 8 active\nSnapshots: 0 passed, 49 total\nTests: 338 passed, 273 total\n\u26a0 DEPRECATION: Feature will be removed in v2.0\nWARNING: axios has known vulnerabilities\npip install: Successfully installed eslint-1.11\n\u26a0 DEPRECATION: Feature will be removed in v4.0\nArtifact uploaded: build.tar.gz (9MB)\n\u2713 All checks passed\nLayer 4/8: RUN command\nTest Suites: 43 passed, 10 total\nCache hit for key-9560\nLoading...\nyarn add: Done in 22.83s\n[12:52:22] WARN: Deprecated API usage\nOK\nInstalling prettier@2.3.8\nProcessing...\nStep 10/16: Building\n[12:52:22] DEBUG: Initializing service\nStep 20/22: Deploying\n  PASS: test_db_connect (488ms)\nVerifying...\n\u26a0 DEPRECATION: Feature will be removed in v4.0\nTransforming 617 files...\nCache hit for key-8093\nBundling main.css\n[12:52:22] DEBUG: Connection pool: 10 active\n[12:52:22] INFO: Cache refreshed\nSwitched to branch 'feature/task-315'\n\u2713 Step 'build' succeeded\nCompiling src/service.java...\nCache miss for key-6195\nChecking out master branch\nWARNING: react has known vulnerabilities\nWARNING: lodash has known vulnerabilities\nAlready up to date.\n\u26a0 DEPRECATION: Feature will be removed in v5.0\n[12:52:22] WARN: Deprecated API usage\nImage pulled successfully\nCache invalidated: node_modules\nLoading...\nStep 8/22: Building\nPushing to registry...\nFinished.\nRan 144 tests in 58s\nLayer 1/13: RUN command\nCache restored successfully (303MB)\nCache miss for key-7663\nStep 16/19: Linting\nnpm install: added 384 packages\nWaiting...\nCompiling lib/app.ts...\nCoverage: 99% statements, 83% branches\nCoverage: 98% statements, 60% branches\nBundling styles.css\n  PASS: e2e/test_auth_login.spec.js\nOptimizing 14 modules...\nRan 177 tests in 11s\nCache miss for key-8254\nnpm notice: created a lockfile\nPOST /upload - 200 (283ms)\nGenerating source maps...\nEnvironment: staging\nTLS handshake completed\nNODE_ENV=production\nCompleted.\n\u2713 All checks passed\nTLS handshake completed\nSwitched to branch 'bugfix/task-965'\n[12:52:22] INFO: Processing request\nCache saved successfully\n[12:52:22] DEBUG: Query executed in 39ms\n[12:52:22] DEBUG: Initializing service\nLayer 9/9: RUN command\nTLS handshake completed\nDone.\nSnapshots: 24 passed, 9 total\n[12:52:22] WARN: Deprecated API usage\n[12:52:22] INFO: Connecting to database\nFetching submodules...\nWARNING: express has known vulnerabilities\nUsing Python 3.12\nCoverage: 78% statements, 100% branches\n\u2713 All checks passed\nTLS handshake completed\npip: Installing build dependencies...\nNODE_ENV=test\nNODE_ENV=development\nCompiling utils/index.js...\n[12:52:22] WARN: Deprecated API usage\n  PASS: test_db_connect (203ms)\nStep 18/17: Installing dependencies\n\u26a0 DEPRECATION: Feature will be removed in v2.0\n\u2713 Step 'setup' succeeded\nArtifact uploaded: dist.zip (14MB)\nnpm install: added 310 packages\nArtifact uploaded: build.tar.gz (47MB)\nUsing Node.js 17.11.3\n[12:52:22] INFO: Starting build process\n[12:52:22] INFO: Request completed\nNODE_ENV=development\n  PASS: test_api_health (222ms)\nNODE_ENV=development\nCache hit for key-2885\nArtifact uploaded: build.tar.gz (6MB)\nTLS handshake completed\nFetching submodules...\nCompiling components/index.js...\n[12:52:22] WARN: Deprecated API usage\n[12:52:22] DEBUG: Memory usage: 641MB\nUploading artifact 'build' (21 files)\npip: Downloading webpack-2.9.tar.gz\nPulling image: alpine:3.11\nStep 7/24: Running migrations\nReady.\nTransforming 532 files...\n[12:52:22] INFO: Request completed\nArtifact downloaded: 4MB\nWARNING: webpack has known vulnerabilities\nnpm install: added 115 packages\nUsing Python 3.12\nCompiling components/app.ts...\nBundling styles.css\nFetching submodules...\nFAILED: test_auth_login\n\u26a0 DEPRECATION: Feature will be removed in v2.0\nSuccess!\nDone.\n[12:52:22] INFO: Connecting to database\n[12:52:22] WARN: Deprecated API usage\n[12:52:22] INFO: Connecting to database\n[12:52:22] INFO: Starting build process\n[12:52:22] DEBUG: Connection pool: 11 active\nConnection established\nSwitched to branch 'feature/task-804'\nDone.\n[12:52:22] INFO: Connecting to database\nReady.\npip: Downloading react-3.14.tar.gz\nCoverage: 100% statements, 95% branches\n[12:52:22] DEBUG: Connection pool: 9 active\nBundling vendor.css\nEnvironment: test\n[12:52:22] WARN: Deprecated API usage\nPushing to registry...\nConnection established\nBuilding Docker image...\nnpm install: added 115 packages\nStep 8/19: Building\nyarn add: Done in 24.46s\nSwitched to branch 'feature/task-708'\nStep 20/24: Linting\n[12:52:22] INFO: Request completed\n[12:52:22] WARN: Deprecated API usage\nProcessing...\nPulling image: alpine:latest\nImage pulled successfully\n[12:52:22] INFO: Processing request\nAlready up to date.\nGET /api - 200 (42ms)\npip install: Successfully installed react-1.10\nSnapshots: 40 passed, 7 total\nAlready up to date.\nnpm notice: package.json updated\nStep 18/24: Testing\n[12:52:22] INFO: Starting build process\nCreating production build...\nWARNING: axios has known vulnerabilities\nCompleted.\n=== Step upload_artifacts completed ===\n=== Step: build ===\nStep 11/21: Testing\n  PASS: test_api_health (440ms)\nnpm install: resolved 1445 packages\npip install: Successfully installed express-5.1\nUsing Node.js 20.20.5\nSwitched to branch 'bugfix/task-922'\nImage pulled successfully\nStep 17/25: Deploying\nNODE_ENV=test\nnpm install: added 471 packages\nEnvironment: production\n\u2717 build failed with exit code 73\nPushing to registry...\n\u2713 Step 'setup' succeeded\n\u2713 All checks passed\n\u2717 build failed with exit code 28\nnpm install: resolved 1075 packages\nLayer 7/15: ENV command\nCompiling utils/main.py...\nStep 8/22: Running migrations\n  PASS: unit/test_cache_hit.spec.js\nFinished.\nConnection established\npip: Installing build dependencies...\nArtifact uploaded: build.tar.gz (12MB)\nPulling image: python:3.11\nGenerating source maps...\npip: Collecting prettier\nTransforming 128 files...\nProcessing...\nHEAD is now at 37718c9\nyarn add: Done in 15.32s\nArtifact uploaded: build.tar.gz (17MB)\nPlatform: linux-x64\nOK\nCompiling lib/app.ts...\nWARNING: webpack has known vulnerabilities\nPOST /data - 200 (217ms)\n[12:52:22] DEBUG: Memory usage: 1266MB\nOptimizing 86 modules...\n[12:52:22] WARN: Deprecated API usage\nStep 1/21: Running migrations\nConnection established\nWARNING: lodash has known vulnerabilities\n[12:52:22] ERROR: Connection failed\nGET /health - 200 (34ms)\nTest Suites: 28 passed, 38 total\nCompleted.\n\u26a0 DEPRECATION: Feature will be removed in v4.0\n[12:52:22] WARN: Deprecated API usage\nTransforming 796 files...\nPushing to registry...\nBundling runtime.js\nHEAD is now at 2af677c\nCoverage: 99% statements, 99% branches\n\u2713 build completed\nReady.\n[12:52:22] DEBUG: Connection pool: 10 active\n[12:52:22] WARN: Deprecated API usage\nCache saved successfully\n\u2713 Step 'install' succeeded\nUsing Python 3.9\nWARNING: prettier has known vulnerabilities\nCompiling src/index.js...\nOptimizing 23 modules...\nSwitched to branch 'bugfix/task-196'\nReady.\n\u26a0 DEPRECATION: Feature will be removed in v5.0\n  PASS: unit/test_db_connect.spec.js\nSwitched to branch 'feature/task-176'\nCompleted.\nStep 19/15: Testing\nChecking out main branch\nCache miss for key-6837\nWARNING: webpack has known vulnerabilities\n\u2717 build failed with exit code 80\nPulling image: alpine:latest\nFetching from https://docker.io/package.json\nCache restored successfully (336MB)\nNODE_ENV=production\nStep 6/17: Linting\nnpm notice: created a lockfile\nWARNING: prettier has known vulnerabilities\nnpm install: added 451 packages\nStep 1/17: Deploying\nUsing Python 3.10\nLayer 3/15: COPY command\nHEAD is now at ed75f51\nSwitched to branch 'bugfix/task-362'\nnpm notice: created a lockfile\nnpm notice: package.json updated\nStep 2/15: Running migrations\nTests: 143 passed, 461 total\nSuccess!\nLoading...\n[12:52:22] INFO: Processing request\nCache hit for key-9598\nStep 9/16: Linting\nConnection established\nTest Suites: 10 passed, 28 total\nPulling image: python:18\nCompleted.\nOK\n\u26a0 DEPRECATION: Feature will be removed in v4.0\nCache hit for key-8115\npip: Installing build dependencies...\n[12:52:22] WARN: Deprecated API usage\nTest Suites: 13 passed, 47 total\nGenerating source maps...\nTest Suites: 36 passed, 42 total\nStep 8/20: Building\nCreating production build...\n[12:52:22] WARN: Deprecated API usage\nOK\n\u2713 Step 'install' succeeded\n  PASS: test_user_create (252ms)\nCompiling src/app.ts...\nNODE_ENV=development\nCompiling utils/handler.rs...\nGET /health - 201 (30ms)\nConnection established\n\u2713 Task completed in 1264ms\n[12:52:22] INFO: Processing request\nCache saved successfully\nUploading artifact 'coverage' (30 files)\nStep 2/19: Building\nPOST /upload - 201 (131ms)\nUsing Python 3.9\npip install: Successfully installed react-1.5\nCache miss for key-3667\nWARNING: jest has known vulnerabilities\nStep 1/21: Running migrations\nArtifact uploaded: build.tar.gz (4MB)\nNODE_ENV=production\nLoading...\n  PASS: test_api_health (84ms)\n[12:52:22] INFO: Processing request\nStep 20/21: Linting\nWARNING: webpack has known vulnerabilities\nOK\n\u26a0 DEPRECATION: Feature will be removed in v3.0\nReady.\nStep 8/17: Building\nBuilding Docker image...\nTLS handshake completed\nWARNING: eslint has known vulnerabilities\n\u26a0 DEPRECATION: Feature will be removed in v4.0\n[12:52:22] WARN: Deprecated API usage\nCache saved successfully\nStep 12/24: Installing dependencies\nCompiling components/index.js...\nSuccess!\nStep 1/24: Deploying\n\u2713 Task completed in 943ms\nAlready up to date.\nArtifact uploaded: build.tar.gz (48MB)\nCache saved successfully\nChecking out develop branch\n[12:52:22] WARN: Deprecated API usage\nUsing Python 3.9\nCompleted.\n[12:52:22] DEBUG: Initializing service\nnpm notice: package.json updated\nNODE_ENV=development\nCompiling src/index.js...\nStep 12/16: Testing\npip: Installing build dependencies...\nArtifact uploaded: dist.zip (71MB)\n[12:52:22] WARN: Deprecated API usage\nInstalling react@4.11.3\npip: Installing build dependencies...\nNODE_ENV=development\nTime: 22.512s\nOptimizing 68 modules...\nArtifact uploaded: dist.zip (34MB)\nWaiting...\nFetching submodules...\nWaiting...\nTLS handshake completed\nCompiling utils/index.js...\nSnapshots: 33 passed, 4 total\n[12:52:22] INFO: Cache refreshed\n\u2713 All checks passed\nFetching submodules...\nCache miss for key-1217\nSwitched to branch 'feature/task-885'\nFAILED: test_user_create\nOK\nCreating production build...\nCompiling lib/utils.go...\n\u26a0 DEPRECATION: Feature will be removed in v5.0\n[12:52:22] DEBUG: Connection pool: 20 active\npip install: Successfully installed lodash-4.6\nPlatform: darwin-arm64\n=== Step build completed ===\n=== Step: e2e_tests ===\n[12:52:22] INFO: Request completed\nStep 17/20: Running migrations\nWARNING: react has known vulnerabilities\nUsing Node.js 20.9.1\nFetching submodules...\nMinifying main.js\nReady.\n\u26a0 DEPRECATION: Feature will be removed in v3.0\n\u2713 lint completed\n[12:52:22] ERROR: Connection failed\nCache miss for key-4889\nnpm install: resolved 1698 packages\n  PASS: integration/test_auth_login.spec.js\nPushing to registry...\nCache miss for key-4018\nHEAD is now at d278ae8\nImage pulled successfully\nCreating production build...\nTests: 170 passed, 113 total\nyarn add: Done in 21.51s\n[12:52:22] INFO: Starting build process\n[12:52:22] DEBUG: Initializing service\nWARNING: axios has known vulnerabilities\nLayer 9/9: RUN command\nChecking out main branch\nCache invalidated: dependencies\nConnection established\nArtifact uploaded: dist.zip (60MB)\nCache hit for key-1502\nCompiling lib/main.py...\n[12:52:22] DEBUG: Connection pool: 12 active\n  PASS: test_db_connect (375ms)\n[12:52:22] DEBUG: Loading configuration\nTime: 118.731s\nTLS handshake completed\n  PASS: unit/test_api_health.spec.js\nCompiling src/utils.go...\nPulling image: python:latest\nCache hit for key-8789\n\u26a0 DEPRECATION: Feature will be removed in v2.0\n[12:52:22] INFO: Starting build process\n\u2713 validate completed\n[12:52:22] WARN: Deprecated API usage\npip: Installing build dependencies...\nUploading artifact 'coverage' (29 files)\nBundling vendor.js\nCreating production build...\nStep 4/18: Linting\nException: RuntimeError\nFetching submodules...\nFinished.\nFinished.\n[12:52:22] DEBUG: Initializing service\nArtifact uploaded: build.tar.gz (3MB)\n[12:52:22] DEBUG: Memory usage: 724MB\nImage pulled successfully\n  PASS: test_db_connect (202ms)\nWARNING: lodash has known vulnerabilities\nDone.\n\u2713 Step 'setup' succeeded\n  PASS: unit/test_api_health.spec.js\nnpm notice: package.json updated\nStep 5/23: Deploying\npip install: Successfully installed express-2.16\nCache saved successfully\nChecking out main branch\nFAILED: test_db_connect\npip: Downloading react-4.19.tar.gz\nMinifying vendor.js\nException: ValueError\nTransforming 984 files...\nArtifact uploaded: dist.zip (39MB)\nFetching submodules...\nTransforming 841 files...\nTest Suites: 22 passed, 35 total\nWARNING: react has known vulnerabilities\n[12:52:22] WARN: Deprecated API usage\nNODE_ENV=production\nReady.\npip: Downloading express-4.5.tar.gz\nOptimizing 23 modules...\nImage pulled successfully\nOptimizing 49 modules...\npip: Collecting express\n[12:52:22] DEBUG: Initializing service\nWARNING: jest has known vulnerabilities\n\u2713 deploy completed\npip: Installing build dependencies...\nnpm install: resolved 1128 packages\nyarn add: Done in 26.48s\nStep 15/19: Deploying\nSnapshots: 1 passed, 4 total\nFAILED: test_auth_login\nCache miss for key-1891\npip install: Successfully installed prettier-3.8\nFinished.\nCompleted.\nBundling main.css\nUsing Node.js 19.3.4\n\u26a0 DEPRECATION: Feature will be removed in v5.0\nException: ValueError\nCoverage: 85% statements, 87% branches\nUsing Python 3.11\n  PASS: test_db_connect (303ms)\n\u2713 test completed\nStep 9/17: Installing dependencies\nWaiting...\nPushing to registry...\nTransforming 527 files...\nStep 1/16: Deploying\npip: Collecting axios\nMinifying main.js\n\u2713 Task completed in 3380ms\nCoverage: 78% statements, 63% branches\nCache restored successfully (444MB)\nTests: 386 passed, 325 total\nArtifact downloaded: 3MB\nCompiling lib/handler.rs...\nnpm notice: package.json updated\n[12:52:22] INFO: Processing request\nLayer 4/8: COPY command\nTransforming 676 files...\nDone.\nFetching submodules...\nArtifact uploaded: build.tar.gz (17MB)\nConnection established\n[12:52:22] INFO: Starting build process\nStep 9/22: Deploying\nImage pulled successfully\nStep 12/22: Testing\nOptimizing 35 modules...\n[12:52:22] INFO: Cache refreshed\n[12:52:22] DEBUG: Query executed in 40ms\n  PASS: test_auth_login (326ms)\nMinifying vendor.js\nCache invalidated: dependencies\nChecking out develop branch\nTime: 5.244s\n\u2713 validate completed\nLayer 3/14: ENV command\nTransforming 175 files...\nCompleted.\n\u2717 build failed with exit code 62\nnpm install: added 332 packages\n[12:52:22] INFO: Request completed\n[12:52:22] DEBUG: Memory usage: 1494MB\nVerifying...\nStep 3/16: Testing\nTest Suites: 36 passed, 21 total\npip: Collecting express\nRan 41 tests in 24s\nCreating production build...\nnpm notice: package.json updated\n[12:52:22] INFO: Request completed\nPushing to registry...\n[12:52:22] DEBUG: Loading configuration\n  PASS: test_cache_hit (146ms)\n[12:52:22] INFO: Processing request\nInstalling webpack@1.5.8\n[12:52:22] DEBUG: Connection pool: 2 active\nnpm install: added 10 packages\nException: ValueError\nDone.\nStep 19/20: Testing\nGET /api - 200 (86ms)\nAlready up to date.\nTests: 385 passed, 54 total\n[12:52:22] INFO: Starting build process\nTests: 459 passed, 329 total\nChecking out main branch\nTest Suites: 35 passed, 8 total\n[12:52:22] INFO: Connecting to database\nCache miss for key-9466\nCompiling lib/utils.go...\nArtifact downloaded: 38MB\nWARNING: express has known vulnerabilities\nGET /health - 200 (69ms)\nSwitched to branch 'feature/task-217'\nTest Suites: 17 passed, 24 total\nTests: 326 passed, 353 total\nFinished.\nUsing Python 3.10\nWARNING: jest has known vulnerabilities\nCache hit for key-3602\n[12:52:22] DEBUG: Initializing service\nCompiling src/app.ts...\n[12:52:22] DEBUG: Initializing service\n[12:52:22] ERROR: Connection failed\nGET /status - 200 (13ms)\nyarn add: Done in 12.50s\n\u2713 All checks passed\nNODE_ENV=production\n\u2713 validate completed\nArtifact uploaded: dist.zip (67MB)\n=== Step e2e_tests completed ===\n=== Step: setup_node ===\n[12:52:22] INFO: Cache refreshed\nStep 14/20: Building\n\u2713 Task completed in 4635ms\nTest Suites: 12 passed, 44 total\n\u2713 Step 'build' succeeded\nArtifact downloaded: 17MB\nLoading...\npip: Collecting lodash\nVerifying...\nOK\nPOST /data - 200 (286ms)\nOK\nStep 2/15: Linting\n[12:52:22] DEBUG: Connection pool: 12 active\nTLS handshake completed\npip install: Successfully installed lodash-4.3\nPushing to registry...\nPushing to registry...\nMinifying app.js\nCache saved successfully\nnpm install: added 335 packages\nCache hit for key-4412\nRan 111 tests in 45s\n[12:52:22] INFO: Processing request\nStep 14/18: Installing dependencies\nGET /status - 200 (77ms)\nCoverage: 92% statements, 89% branches\nArtifact downloaded: 7MB\n\u2717 build failed with exit code 91\nPushing to registry...\nnpm notice: package.json updated\nPushing to registry...\nConnection established\nLoading...\nHEAD is now at a6803f3\nWaiting...\nChecking out master branch\npip: Downloading eslint-3.14.tar.gz\nPOST /data - 201 (292ms)\nStep 4/23: Running migrations\nBuilding Docker image...\nSuccess!\nStep 19/18: Linting\nCache miss for key-4357\nProcessing...\nConnection established\n[12:52:22] DEBUG: Query executed in 2ms\nFetching submodules...\n  PASS: e2e/test_cache_hit.spec.js\nUsing Node.js 14.15.4\nGenerating source maps...\nUploading artifact 'dist' (11 files)\nSuccess!\nProcessing...\nFinished.\n\u26a0 DEPRECATION: Feature will be removed in v5.0\nWARNING: jest has known vulnerabilities\nAlready up to date.\nyarn add: Done in 8.41s\nTime: 113.617s\nnpm install: added 431 packages\nEnvironment: development\nLayer 10/9: COPY command\n[12:52:22] WARN: Deprecated API usage\n  PASS: integration/test_api_health.spec.js\nWaiting...\npip: Installing build dependencies...\npip install: Successfully installed prettier-3.6\nStep 12/25: Linting\nWARNING: prettier has known vulnerabilities\nArtifact uploaded: dist.zip (54MB)\nCache miss for key-9478\nCache saved successfully\nGET /api - 204 (30ms)\nCompiling lib/utils.go...\nCache restored successfully (324MB)\nOptimizing 15 modules...\nyarn add: Done in 7.94s\nStep 5/19: Testing\n[12:52:22] INFO: Request completed\n[12:52:22] DEBUG: Connection pool: 17 active\n[12:52:22] INFO: Processing request\nArtifact uploaded: build.tar.gz (8MB)\nPlatform: win32-x64\nFinished.\nStep 16/16: Building\nPulling image: node:18\n[12:52:22] DEBUG: Initializing service\nArtifact uploaded: build.tar.gz (3MB)\nCompiling lib/service.java...\nArtifact uploaded: build.tar.gz (32MB)\nWARNING: eslint has known vulnerabilities\nVerifying...\nyarn add: Done in 3.23s\nUploading artifact 'coverage' (11 files)\nSwitched to branch 'feature/task-673'\nMinifying main.js\nBundling runtime.js\nTime: 95.399s\nRan 37 tests in 14s\n\u26a0 DEPRECATION: Feature will be removed in v3.0\nConnection established\nPushing to registry...\n  PASS: unit/test_auth_login.spec.js\nCache invalidated: node_modules\nCoverage: 72% statements, 97% branches\nGET /status - 201 (36ms)\npip: Collecting react\nFetching from https://amazonaws.com/package.json\nGenerating source maps...\nPulling image: alpine:18\nDone.\nStep 4/21: Linting\nCache saved successfully\nSnapshots: 26 passed, 31 total\n[12:52:22] DEBUG: Query executed in 36ms\nCompleted.\nyarn add: Done in 5.50s\nnpm notice: created a lockfile\nImage pulled successfully\nStep 18/18: Linting\nReady.\n[12:52:22] INFO: Request completed\nStep 18/20: Testing\n\u26a0 DEPRECATION: Feature will be removed in v5.0\nGenerating source maps...\nFinished.\nWARNING: webpack has known vulnerabilities\nCreating production build...\nInstalling eslint@3.12.0\nnpm notice: created a lockfile\nCache invalidated: build\nyarn add: Done in 17.54s\nStep 13/16: Running migrations\n\u2713 Step 'test' succeeded\nAlready up to date.\nUsing Python 3.9\nCreating production build...\nStep 1/25: Installing dependencies\nUsing Python 3.12\n[12:52:22] INFO: Processing request\n[12:52:22] DEBUG: Loading configuration\nHEAD is now at 00464a9\nDone.\nGET /health - 201 (83ms)\n[12:52:22] WARN: Deprecated API usage\nBundling styles.css\nCompiling src/service.java...\npip: Downloading webpack-1.3.tar.gz\npip: Downloading react-5.6.tar.gz\n\u2717 build failed with exit code 87\nSuccess!\nnpm notice: package.json updated\n\u2713 Task completed in 1667ms\n[12:52:22] INFO: Request completed\npip: Collecting react\nCache saved successfully\nEnvironment: development\nPlatform: win32-x64\npip: Downloading jest-4.17.tar.gz\nFAILED: test_cache_hit\nCoverage: 88% statements, 85% branches\nSwitched to branch 'feature/task-604'\n\u2713 test completed\nTest Suites: 49 passed, 22 total\nCoverage: 86% statements, 65% branches\nUploading artifact 'dist' (31 files)\nPOST /data - 201 (471ms)\nDone.\nGET /api - 200 (99ms)\nStep 20/18: Linting\n[12:52:22] INFO: Request completed\nStep 19/17: Installing dependencies\nProcessing...\nWARNING: react has known vulnerabilities\nTLS handshake completed\n[12:52:22] INFO: Connecting to database\nCompiling utils/main.py...\nFAILED: test_db_connect\nAlready up to date.\nTLS handshake completed\nConnection established\nOK\n[12:52:22] WARN: Deprecated API usage\n[12:52:22] DEBUG: Initializing service\n[12:52:22] INFO: Processing request\nInstalling axios@3.14.4\nChecking out develop branch\nPOST /api - 200 (206ms)\nGET /health - 204 (26ms)\nReady.\nRan 157 tests in 21s\nStep 10/25: Installing dependencies\nException: TypeError\n=== Step setup_node completed ===\n=== Step: unit_tests ===\nCoverage: 98% statements, 61% branches\nUsing Node.js 17.2.7\nAlready up to date.\nSuccess!\nOK\nyarn add: Done in 20.71s\n\u26a0 DEPRECATION: Feature will be removed in v3.0\nException: RuntimeError\nCompiling components/main.py...\n[12:52:22] DEBUG: Loading configuration\n[12:52:22] WARN: Deprecated API usage\nSuccess!\nPulling image: python:3.11\nOK\n\u2717 build failed with exit code 67\nyarn add: Done in 4.84s\nCache miss for key-4014\n\u2713 Step 'install' succeeded\n\u2713 All checks passed\nConnection established\nProcessing...\nOK\nPOST /api - 201 (135ms)\n[12:52:22] DEBUG: Query executed in 29ms\n[12:52:22] DEBUG: Initializing service\nDone.\n[12:52:22] DEBUG: Loading configuration\nPlatform: linux-x64\nFetching from https://gcr.io/package.json\nTests: 430 passed, 469 total\nVerifying...\nVerifying...\n[12:52:22] WARN: Deprecated API usage\nCache hit for key-6613\nReady.\n[12:52:22] DEBUG: Initializing service\nOptimizing 27 modules...\npip: Installing build dependencies...\nPulling image: alpine:3.11\nArtifact uploaded: dist.zip (27MB)\npip: Collecting prettier\nStep 13/21: Installing dependencies\nUsing Node.js 20.3.0\n\u2713 lint completed\nCompiling src/app.ts...\nStep 5/23: Linting\nImage pulled successfully\nSnapshots: 8 passed, 19 total\nStep 3/18: Installing dependencies\nCompleted.\nCache saved successfully\nCompiling src/index.js...\n[12:52:22] DEBUG: Loading configuration\nTime: 81.853s\nProcessing...\nBuilding Docker image...\n[12:52:22] WARN: Deprecated API usage\nCompiling src/service.java...\nFetching from https://gcr.io/package.json\n\u26a0 DEPRECATION: Feature will be removed in v3.0\npip: Downloading webpack-4.3.tar.gz\nGET /health - 200 (30ms)\n[12:52:22] INFO: Starting build process\nException: NullPointerException\nHEAD is now at 49702cd\nConnection established\n\u2713 deploy completed\nSnapshots: 48 passed, 9 total\nTime: 65.734s\n[12:52:22] WARN: Deprecated API usage\nOptimizing 22 modules...\n[12:52:22] DEBUG: Query executed in 71ms\nCoverage: 83% statements, 80% branches\nArtifact downloaded: 3MB\n[12:52:22] WARN: Deprecated API usage\nSuccess!\nSwitched to branch 'bugfix/task-227'\n  PASS: test_auth_login (55ms)\nConnection established\nCompiling components/utils.go...\nnpm notice: created a lockfile\nOK\nCompleted.\nOptimizing 33 modules...\nStep 12/17: Linting\nPlatform: linux-x64\n[12:52:22] DEBUG: Connection pool: 15 active\nCache restored successfully (391MB)\nRan 124 tests in 20s\n[12:52:22] DEBUG: Memory usage: 1041MB\n[12:52:22] DEBUG: Query executed in 29ms\nFinished.\nCache restored successfully (185MB)\nCompiling lib/service.java...\nStep 17/25: Testing\npip install: Successfully installed express-4.13\nnpm notice: package.json updated\nImage pulled successfully\nStep 14/16: Linting\nCompleted.\nUsing Node.js 20.15.9\nOptimizing 55 modules...\nArtifact uploaded: build.tar.gz (33MB)\nImage pulled successfully\nConnection established\nCoverage: 88% statements, 68% branches\nChecking out main branch\nTime: 25.280s\nnpm notice: package.json updated\nArtifact uploaded: build.tar.gz (50MB)\nCompiling src/app.ts...\nPlatform: win32-x64\nnpm notice: package.json updated\nCache invalidated: build\nPulling image: node:3.11\nLayer 8/8: COPY command\n[12:52:22] DEBUG: Initializing service\nTransforming 457 files...\nStep 3/22: Installing dependencies\nBundling main.js\nArtifact uploaded: dist.zip (11MB)\n[12:52:22] DEBUG: Memory usage: 1136MB\nCompiling components/app.ts...\nWARNING: jest has known vulnerabilities\n[12:52:22] INFO: Cache refreshed\npip install: Successfully installed react-1.13\nHEAD is now at 318473c\nCache hit for key-2551\nStep 4/20: Building\nCache restored successfully (186MB)\n\u2713 Task completed in 2051ms\n\u2713 lint completed\n[12:52:22] WARN: Deprecated API usage\nUsing Node.js 17.11.4\nCreating production build...\nCompiling components/index.js...\npip: Collecting jest\npip: Downloading eslint-4.6.tar.gz\nStep 6/15: Installing dependencies\n  PASS: integration/test_api_health.spec.js\nUploading artifact 'coverage' (12 files)\nUploading artifact 'coverage' (35 files)\n[12:52:22] DEBUG: Connection pool: 12 active\nCoverage: 93% statements, 85% branches\n\u2713 Task completed in 2015ms\nCompiling lib/main.py...\nCompleted.\nCompiling lib/service.java...\nGET /api - 200 (77ms)\nInstalling react@3.16.3\nUsing Python 3.12\n\u2713 Task completed in 3512ms\nMinifying main.js\nStep 12/19: Building\nBuilding Docker image...\nStep 13/15: Linting\nDone.\n\u2713 All checks passed\nWARNING: express has known vulnerabilities\nFinished.\nLoading...\n[12:52:22] INFO: Connecting to database\nVerifying...\nWaiting...\nFAILED: test_db_connect\nException: NullPointerException\nPlatform: win32-x64\n[12:52:22] INFO: Connecting to database\nPOST /api - 200 (113ms)\n\u2717 build failed with exit code 7\n[12:52:22] INFO: Starting build process\nnpm notice: created a lockfile\nTLS handshake completed\npip: Collecting prettier\nOK\n[12:52:22] INFO: Request completed\n[12:52:22] DEBUG: Initializing service\nGET /status - 204 (79ms)\nReady.\n[12:52:22] DEBUG: Connection pool: 12 active\nStep 16/16: Building\nTLS handshake completed\nEnvironment: test\nOptimizing 77 modules...\nGET /health - 201 (8ms)\nVerifying...\n\u26a0 DEPRECATION: Feature will be removed in v4.0\nSuccess!\n[12:52:22] INFO: Request completed\n  PASS: test_cache_hit (390ms)\n[12:52:22] DEBUG: Connection pool: 18 active\n[12:52:22] INFO: Request completed\nEnvironment: staging\n[12:52:22] INFO: Cache refreshed\n=== Step unit_tests completed ===\n=== Step: type_check ===\nGenerating source maps...\nUsing Python 3.10\n[12:52:22] WARN: Deprecated API usage\nVerifying...\nStep 17/21: Running migrations\n[12:52:22] DEBUG: Loading configuration\nBundling vendor.css\npip: Installing build dependencies...\nTest Suites: 43 passed, 23 total\nPushing to registry...\nUsing Node.js 14.6.1\nyarn add: Done in 14.28s\nAlready up to date.\nCompleted.\n[12:52:22] INFO: Connecting to database\nReady.\nStep 10/16: Testing\nStep 5/23: Deploying\nAlready up to date.\n[12:52:22] WARN: Deprecated API usage\npip install: Successfully installed lodash-2.17\nCache hit for key-7980\nUsing Python 3.9\nCompiling src/app.ts...\npip: Collecting webpack\nSnapshots: 48 passed, 18 total\n\u2713 Step 'test' succeeded\nFinished.\nPulling image: python:latest\n[12:52:22] INFO: Starting build process\n[12:52:22] DEBUG: Initializing service\npip: Collecting jest\npip: Collecting axios\npip: Installing build dependencies...\n[12:52:22] WARN: Deprecated API usage\nOK\nSuccess!\nCreating production build...\n[12:52:22] INFO: Processing request\nWaiting...\nAlready up to date.\nVerifying...\nUploading artifact 'dist' (20 files)\nUploading artifact 'build' (44 files)\n[12:52:22] DEBUG: Query executed in 70ms\nBundling styles.js\npip install: Successfully installed eslint-1.7\nVerifying...\nFetching from https://amazonaws.com/package.json\nException: TypeError\n[12:52:22] INFO: Processing request\nLayer 7/10: RUN command\nStep 16/16: Deploying\nImage pulled successfully\nHEAD is now at 7aa8f78\nPulling image: node:3.11\nMinifying main.js\nStep 20/16: Testing\nCache invalidated: build\n[12:52:22] INFO: Cache refreshed\nnpm install: added 469 packages\nTime: 28.643s\n  PASS: test_api_health (70ms)\nTime: 15.563s\n\u2717 build failed with exit code 56\nCache miss for key-5777\nCache restored successfully (149MB)\nPOST /upload - 201 (109ms)\nImage pulled successfully\nHEAD is now at 1c8c6c1\n[12:52:22] INFO: Processing request\nCache hit for key-2628\nnpm install: added 55 packages\nNODE_ENV=production\nCoverage: 97% statements, 79% branches\nUsing Python 3.9\nRan 122 tests in 30s\nFetching submodules...\nStep 13/24: Building\nStep 7/15: Running migrations\nCompiling lib/index.js...\nException: ValueError\nHEAD is now at 7184a4c\n[12:52:22] INFO: Request completed\nArtifact uploaded: dist.zip (16MB)\nCache hit for key-2129\nRan 67 tests in 11s\npip: Collecting eslint\n[12:52:22] INFO: Cache refreshed\nWaiting...\nCache hit for key-5510\nMinifying main.js\nOptimizing 41 modules...\nUsing Python 3.12\nOptimizing 68 modules...\n[12:52:22] INFO: Connecting to database\n\u2713 Step 'setup' succeeded\npip: Collecting axios\n[12:52:22] DEBUG: Query executed in 98ms\nNODE_ENV=development\nOK\nSnapshots: 17 passed, 19 total\nFetching from https://githubusercontent.com/package.json\nnpm install: added 405 packages\nCompiling components/service.java...\nFAILED: test_api_health\npip: Downloading webpack-1.8.tar.gz\nTest Suites: 23 passed, 15 total\n\u26a0 DEPRECATION: Feature will be removed in v4.0\n[12:52:22] DEBUG: Connection pool: 1 active\nSuccess!\nStep 2/19: Testing\nArtifact downloaded: 46MB\nEnvironment: test\nArtifact uploaded: build.tar.gz (26MB)\nStep 3/22: Building\nCoverage: 90% statements, 86% branches\nDone.\nStep 8/17: Deploying\nnpm install: resolved 1512 packages\nnpm install: added 430 packages\npip install: Successfully installed axios-5.19\nUploading artifact 'build' (46 files)\n\u26a0 DEPRECATION: Feature will be removed in v4.0\nCache hit for key-7129\npip: Installing build dependencies...\nUsing Python 3.9\nLoading...\nCache restored successfully (358MB)\nException: TypeError\nFAILED: test_api_health\nArtifact uploaded: dist.zip (29MB)\nLayer 6/13: COPY command\nTests: 487 passed, 126 total\nStep 20/22: Running migrations\n[12:52:22] INFO: Starting build process\nTransforming 135 files...\nWARNING: webpack has known vulnerabilities\nStep 8/17: Deploying\nTests: 141 passed, 389 total\n  PASS: test_db_connect (472ms)\nLoading...\n[12:52:22] INFO: Connecting to database\nFinished.\n[12:52:22] INFO: Cache refreshed\n\u26a0 DEPRECATION: Feature will be removed in v4.0\nTest Suites: 26 passed, 16 total\npip install: Successfully installed express-3.0\n[12:52:22] WARN: Deprecated API usage\nLoading...\n\u2713 Step 'setup' succeeded\nLoading...\npip install: Successfully installed axios-5.11\nyarn add: Done in 28.38s\nException: NullPointerException\nImage pulled successfully\nEnvironment: staging\nInstalling axios@4.4.6\nChecking out main branch\n\u2713 lint completed\nCompiling components/main.py...\nCompleted.\nChecking out develop branch\nException: TypeError\nFetching from https://registry.npmjs.org/package.json\nDone.\nTests: 106 passed, 183 total\nPOST /api - 201 (87ms)\nArtifact uploaded: dist.zip (52MB)\nLayer 6/13: ENV command\nStep 1/22: Installing dependencies\n[12:52:22] INFO: Cache refreshed\nArtifact uploaded: dist.zip (52MB)\nStep 13/18: Building\n[12:52:22] DEBUG: Initializing service\nCache hit for key-8125\n[12:52:22] INFO: Starting build process\n[12:52:22] DEBUG: Loading configuration\nTime: 47.217s\nCache saved successfully\nWARNING: lodash has known vulnerabilities\n[12:52:22] DEBUG: Query executed in 82ms\nCoverage: 83% statements, 87% branches\nBundling vendor.css\nSwitched to branch 'feature/task-469'\nCache invalidated: build\nnpm install: resolved 930 packages\nSwitched to branch 'feature/task-678'\n[12:52:22] INFO: Connecting to database\nArtifact downloaded: 17MB\nChecking out main branch\nOptimizing 30 modules...\nCoverage: 92% statements, 89% branches\nHEAD is now at 3d5204a\n=== Step type_check completed ===",
    "steps": [
      {
        "name": "restore_cache",
        "status": "success",
        "started_at": "2025-11-23T12:52:21.993152",
        "finished_at": "2025-11-23T12:52:29.259579",
        "log_lines": [
          "=== Step: restore_cache ===",
          "Fetching submodules...",
          "npm install: added 286 packages",
          "OK",
          "Step 3/20: Building",
          "Time: 119.705s",
          "npm install: added 147 packages",
          "Fetching submodules...",
          "Tests: 338 passed, 134 total",
          "Using Node.js 15.17.7",
          "Layer 9/12: COPY command",
          "  PASS: integration/test_api_health.spec.js",
          "Compiling utils/utils.go...",
          "Using Python 3.9",
          "Optimizing 40 modules...",
          "pip: Installing build dependencies...",
          "Finished.",
          "Exception: TypeError",
          "\u2713 deploy completed",
          "Platform: win32-x64",
          "[12:52:21] INFO: Connecting to database",
          "Using Python 3.12",
          "[12:52:21] INFO: Connecting to database",
          "Ran 188 tests in 4s",
          "Switched to branch 'bugfix/task-750'",
          "FAILED: test_api_health",
          "\u2713 lint completed",
          "Finished.",
          "Switched to branch 'hotfix/task-764'",
          "pip: Installing build dependencies...",
          "[12:52:21] WARN: Deprecated API usage",
          "pip: Installing build dependencies...",
          "Snapshots: 9 passed, 34 total",
          "\u2713 Task completed in 2655ms",
          "Switched to branch 'bugfix/task-630'",
          "[12:52:21] ERROR: Connection failed",
          "  PASS: test_cache_hit (395ms)",
          "Artifact downloaded: 43MB",
          "Done.",
          "[12:52:21] DEBUG: Memory usage: 318MB",
          "Layer 1/9: RUN command",
          "Creating production build...",
          "Bundling vendor.js",
          "Cache restored successfully (144MB)",
          "Ran 128 tests in 4s",
          "Step 12/23: Building",
          "Fetching submodules...",
          "[12:52:21] INFO: Request completed",
          "Uploading artifact 'coverage' (43 files)",
          "Snapshots: 46 passed, 29 total",
          "[12:52:21] INFO: Starting build process",
          "[12:52:21] DEBUG: Loading configuration",
          "Step 13/17: Installing dependencies",
          "Fetching submodules...",
          "Compiling lib/index.js...",
          "Finished.",
          "Layer 1/11: COPY command",
          "\u2713 build completed",
          "Loading...",
          "yarn add: Done in 29.95s",
          "Artifact uploaded: dist.zip (42MB)",
          "HEAD is now at c0c313d",
          "\u2713 All checks passed",
          "POST /data - 200 (428ms)",
          "[12:52:21] ERROR: Connection failed",
          "\u26a0 DEPRECATION: Feature will be removed in v2.0",
          "[12:52:21] INFO: Cache refreshed",
          "[12:52:21] INFO: Processing request",
          "Cache miss for key-4519",
          "Compiling src/utils.go...",
          "Already up to date.",
          "Layer 10/14: RUN command",
          "pip: Collecting react",
          "TLS handshake completed",
          "Switched to branch 'feature/task-342'",
          "Building Docker image...",
          "Step 13/19: Deploying",
          "Cache hit for key-7242",
          "Platform: darwin-arm64",
          "\u26a0 DEPRECATION: Feature will be removed in v5.0",
          "\u26a0 DEPRECATION: Feature will be removed in v4.0",
          "Using Python 3.12",
          "Processing...",
          "Compiling components/app.ts...",
          "Step 10/17: Testing",
          "\u26a0 DEPRECATION: Feature will be removed in v5.0",
          "Compiling utils/index.js...",
          "Exception: TypeError",
          "  PASS: test_auth_login (95ms)",
          "Cache invalidated: node_modules",
          "Fetching submodules...",
          "Compiling src/main.py...",
          "Artifact uploaded: build.tar.gz (28MB)",
          "Checking out main branch",
          "npm install: added 23 packages",
          "  PASS: test_cache_hit (129ms)",
          "Success!",
          "[12:52:21] DEBUG: Memory usage: 1949MB",
          "[12:52:22] DEBUG: Connection pool: 17 active",
          "Using Node.js 20.10.3",
          "\u26a0 DEPRECATION: Feature will be removed in v4.0",
          "npm install: added 237 packages",
          "\u2717 build failed with exit code 73",
          "pip: Collecting eslint",
          "Compiling src/handler.rs...",
          "Step 6/18: Running migrations",
          "Cache restored successfully (469MB)",
          "\u26a0 DEPRECATION: Feature will be removed in v5.0",
          "POST /api - 202 (191ms)",
          "Platform: linux-x64",
          "[12:52:22] INFO: Starting build process",
          "\u26a0 DEPRECATION: Feature will be removed in v4.0",
          "npm notice: created a lockfile",
          "Ran 37 tests in 4s",
          "Switched to branch 'feature/task-303'",
          "Artifact downloaded: 27MB",
          "Fetching submodules...",
          "Connection established",
          "[12:52:22] INFO: Connecting to database",
          "Step 12/22: Linting",
          "Step 7/16: Testing",
          "Loading...",
          "Processing...",
          "[12:52:22] WARN: Deprecated API usage",
          "Platform: win32-x64",
          "Platform: win32-x64",
          "\u2717 build failed with exit code 70",
          "Cache invalidated: node_modules",
          "[12:52:22] DEBUG: Loading configuration",
          "Step 7/25: Installing dependencies",
          "[12:52:22] DEBUG: Memory usage: 565MB",
          "[12:52:22] ERROR: Connection failed",
          "Environment: production",
          "[12:52:22] INFO: Starting build process",
          "[12:52:22] INFO: Starting build process",
          "Generating source maps...",
          "Verifying...",
          "\u26a0 DEPRECATION: Feature will be removed in v3.0",
          "POST /api - 201 (486ms)",
          "Cache saved successfully",
          "TLS handshake completed",
          "pip install: Successfully installed express-3.2",
          "Processing...",
          "Compiling components/handler.rs...",
          "Cache saved successfully",
          "pip install: Successfully installed axios-2.3",
          "Completed.",
          "Platform: darwin-arm64",
          "Waiting...",
          "Test Suites: 31 passed, 12 total",
          "Using Node.js 19.10.9",
          "WARNING: jest has known vulnerabilities",
          "Transforming 682 files...",
          "yarn add: Done in 7.94s",
          "Image pulled successfully",
          "\u2713 Task completed in 445ms",
          "\u2713 All checks passed",
          "npm install: resolved 697 packages",
          "npm install: added 431 packages",
          "Compiling utils/main.py...",
          "[12:52:22] INFO: Starting build process",
          "Uploading artifact 'build' (25 files)",
          "Environment: development",
          "Switched to branch 'bugfix/task-856'",
          "Uploading artifact 'coverage' (41 files)",
          "Step 2/18: Deploying",
          "pip install: Successfully installed webpack-4.10",
          "Checking out main branch",
          "npm notice: created a lockfile",
          "Fetching submodules...",
          "Step 6/16: Running migrations",
          "Waiting...",
          "Creating production build...",
          "Snapshots: 23 passed, 46 total",
          "Using Python 3.9",
          "\u2713 Task completed in 3227ms",
          "Success!",
          "TLS handshake completed",
          "Waiting...",
          "\u2713 All checks passed",
          "Test Suites: 33 passed, 45 total",
          "Fetching submodules...",
          "[12:52:22] DEBUG: Memory usage: 453MB",
          "Step 4/24: Testing",
          "Compiling lib/index.js...",
          "Cache restored successfully (55MB)",
          "Fetching submodules...",
          "[12:52:22] INFO: Cache refreshed",
          "Building Docker image...",
          "GET /status - 200 (39ms)",
          "npm install: resolved 240 packages",
          "[12:52:22] INFO: Processing request",
          "Coverage: 86% statements, 88% branches",
          "HEAD is now at 15b864c",
          "Step 10/24: Testing",
          "=== Step restore_cache completed ==="
        ]
      },
      {
        "name": "install_dependencies",
        "status": "success",
        "started_at": "2025-11-23T12:52:29.259579",
        "finished_at": "2025-11-23T12:53:05.591713",
        "log_lines": [
          "=== Step: install_dependencies ===",
          "npm install: resolved 853 packages",
          "Compiling components/utils.go...",
          "Time: 72.25s",
          "[12:52:22] INFO: Request completed",
          "WARNING: react has known vulnerabilities",
          "Artifact downloaded: 37MB",
          "Using Node.js 15.4.3",
          "\u26a0 DEPRECATION: Feature will be removed in v3.0",
          "[12:52:22] DEBUG: Connection pool: 7 active",
          "Waiting...",
          "[12:52:22] DEBUG: Query executed in 28ms",
          "Artifact uploaded: dist.zip (77MB)",
          "Step 9/25: Running migrations",
          "Compiling components/app.ts...",
          "Verifying...",
          "Time: 43.147s",
          "Cache restored successfully (361MB)",
          "npm install: resolved 533 packages",
          "npm install: added 208 packages",
          "HEAD is now at 76a7d97",
          "Platform: linux-x64",
          "[12:52:22] DEBUG: Query executed in 89ms",
          "npm install: resolved 1034 packages",
          "Success!",
          "  PASS: unit/test_auth_login.spec.js",
          "[12:52:22] INFO: Processing request",
          "Uploading artifact 'dist' (46 files)",
          "TLS handshake completed",
          "pip install: Successfully installed axios-2.18",
          "[12:52:22] INFO: Connecting to database",
          "Step 17/25: Linting",
          "Step 7/17: Linting",
          "Compiling utils/index.js...",
          "Coverage: 97% statements, 72% branches",
          "Creating production build...",
          "Pulling image: python:18",
          "GET /health - 201 (39ms)",
          "Pulling image: python:18",
          "Tests: 120 passed, 206 total",
          "Cache hit for key-6758",
          "[12:52:22] DEBUG: Query executed in 52ms",
          "Artifact downloaded: 20MB",
          "Using Python 3.10",
          "Pushing to registry...",
          "Artifact downloaded: 47MB",
          "WARNING: express has known vulnerabilities",
          "Success!",
          "Fetching submodules...",
          "[12:52:22] WARN: Deprecated API usage",
          "Step 18/21: Building",
          "Loading...",
          "Environment: production",
          "Bundling main.js",
          "\u2713 Task completed in 1533ms",
          "yarn add: Done in 7.58s",
          "Building Docker image...",
          "npm install: resolved 1055 packages",
          "[12:52:22] DEBUG: Memory usage: 800MB",
          "Artifact uploaded: build.tar.gz (15MB)",
          "Tests: 259 passed, 227 total",
          "Uploading artifact 'dist' (19 files)",
          "[12:52:22] INFO: Cache refreshed",
          "Artifact uploaded: dist.zip (51MB)",
          "Installing webpack@3.5.3",
          "Ready.",
          "Waiting...",
          "[12:52:22] DEBUG: Query executed in 44ms",
          "Success!",
          "[12:52:22] WARN: Deprecated API usage",
          "FAILED: test_api_health",
          "[12:52:22] INFO: Processing request",
          "npm notice: package.json updated",
          "yarn add: Done in 20.67s",
          "Bundling main.css",
          "npm notice: created a lockfile",
          "[12:52:22] DEBUG: Memory usage: 1608MB",
          "Minifying vendor.js",
          "NODE_ENV=development",
          "Ran 179 tests in 34s",
          "Platform: darwin-arm64",
          "  PASS: integration/test_auth_login.spec.js",
          "Using Python 3.9",
          "Artifact downloaded: 39MB",
          "Installing eslint@4.13.4",
          "Step 2/19: Running migrations",
          "WARNING: webpack has known vulnerabilities",
          "[12:52:22] INFO: Request completed",
          "Waiting...",
          "Artifact downloaded: 33MB",
          "yarn add: Done in 30.49s",
          "Cache invalidated: dependencies",
          "Compiling src/handler.rs...",
          "Completed.",
          "Finished.",
          "npm notice: created a lockfile",
          "Compiling utils/service.java...",
          "Optimizing 65 modules...",
          "Waiting...",
          "Cache restored successfully (95MB)",
          "HEAD is now at b2bf6d0",
          "npm install: added 336 packages",
          "npm install: resolved 1771 packages",
          "  PASS: unit/test_db_connect.spec.js",
          "Test Suites: 13 passed, 14 total",
          "Ready.",
          "Loading...",
          "Step 18/21: Testing",
          "Fetching submodules...",
          "Step 10/17: Deploying",
          "pip: Installing build dependencies...",
          "Verifying...",
          "Waiting...",
          "Transforming 827 files...",
          "\u2713 Step 'checkout' succeeded",
          "Cache miss for key-9426",
          "Using Node.js 14.10.3",
          "Environment: staging",
          "TLS handshake completed",
          "yarn add: Done in 4.30s",
          "Cache miss for key-3158",
          "Artifact uploaded: dist.zip (73MB)",
          "[12:52:22] ERROR: Connection failed",
          "Generating source maps...",
          "Installing axios@1.17.0",
          "Processing...",
          "\u26a0 DEPRECATION: Feature will be removed in v3.0",
          "Snapshots: 42 passed, 20 total",
          "Fetching submodules...",
          "Pulling image: alpine:3.11",
          "Waiting...",
          "Time: 32.412s",
          "Generating source maps...",
          "OK",
          "npm notice: package.json updated",
          "FAILED: test_auth_login",
          "Using Python 3.12",
          "Checking out develop branch",
          "npm notice: created a lockfile",
          "Cache saved successfully",
          "npm notice: package.json updated",
          "GET /status - 200 (12ms)",
          "Compiling utils/index.js...",
          "WARNING: react has known vulnerabilities",
          "Optimizing 51 modules...",
          "GET /api - 204 (71ms)",
          "pip: Downloading express-1.14.tar.gz",
          "  PASS: test_cache_hit (490ms)",
          "npm notice: created a lockfile",
          "Step 19/18: Deploying",
          "Transforming 138 files...",
          "Step 10/21: Running migrations",
          "Time: 2.946s",
          "Using Node.js 14.13.7",
          "Image pulled successfully",
          "Snapshots: 47 passed, 10 total",
          "\u26a0 DEPRECATION: Feature will be removed in v3.0",
          "pip install: Successfully installed eslint-1.10",
          "[12:52:22] INFO: Request completed",
          "Verifying...",
          "Switched to branch 'bugfix/task-643'",
          "Cache hit for key-5900",
          "\u2713 Step 'build' succeeded",
          "Verifying...",
          "pip: Collecting lodash",
          "Compiling utils/handler.rs...",
          "Verifying...",
          "Snapshots: 29 passed, 50 total",
          "Layer 8/13: COPY command",
          "Checking out main branch",
          "[12:52:22] DEBUG: Initializing service",
          "Completed.",
          "Layer 7/14: COPY command",
          "Step 19/16: Installing dependencies",
          "Waiting...",
          "GET /status - 201 (21ms)",
          "Minifying main.js",
          "\u2713 All checks passed",
          "Compiling components/service.java...",
          "Building Docker image...",
          "[12:52:22] DEBUG: Loading configuration",
          "[12:52:22] INFO: Processing request",
          "Compiling components/utils.go...",
          "Loading...",
          "[12:52:22] INFO: Processing request",
          "GET /status - 204 (82ms)",
          "Building Docker image...",
          "Done.",
          "Snapshots: 6 passed, 2 total",
          "Building Docker image...",
          "Step 1/17: Deploying",
          "npm notice: package.json updated",
          "Snapshots: 22 passed, 3 total",
          "Compiling components/utils.go...",
          "[12:52:22] DEBUG: Connection pool: 19 active",
          "=== Step install_dependencies completed ==="
        ]
      },
      {
        "name": "save_cache",
        "status": "success",
        "started_at": "2025-11-23T12:53:05.591713",
        "finished_at": "2025-11-23T12:53:12.858140",
        "log_lines": [
          "=== Step: save_cache ===",
          "\u2713 All checks passed",
          "Image pulled successfully",
          "Environment: staging",
          "GET /api - 200 (38ms)",
          "pip: Collecting lodash",
          "Artifact uploaded: build.tar.gz (13MB)",
          "Pushing to registry...",
          "Step 19/22: Running migrations",
          "pip install: Successfully installed axios-5.19",
          "[12:52:22] DEBUG: Initializing service",
          "Installing axios@3.5.8",
          "Pulling image: node:3.11",
          "Platform: linux-x64",
          "pip: Downloading express-5.1.tar.gz",
          "FAILED: test_db_connect",
          "\u26a0 DEPRECATION: Feature will be removed in v4.0",
          "Completed.",
          "Switched to branch 'feature/task-988'",
          "\u2717 build failed with exit code 89",
          "[12:52:22] DEBUG: Query executed in 48ms",
          "[12:52:22] DEBUG: Memory usage: 1440MB",
          "Fetching from https://npmjs.org/package.json",
          "Cache invalidated: dependencies",
          "Cache invalidated: node_modules",
          "Cache restored successfully (216MB)",
          "Step 15/15: Installing dependencies",
          "yarn add: Done in 25.88s",
          "Pulling image: alpine:3.11",
          "Processing...",
          "Compiling src/main.py...",
          "pip: Collecting eslint",
          "\u2713 package completed",
          "pip install: Successfully installed axios-4.6",
          "Image pulled successfully",
          "Success!",
          "Pulling image: python:18",
          "[12:52:22] INFO: Connecting to database",
          "Coverage: 76% statements, 76% branches",
          "pip: Downloading prettier-1.19.tar.gz",
          "Platform: linux-x64",
          "WARNING: prettier has known vulnerabilities",
          "[12:52:22] ERROR: Connection failed",
          "HEAD is now at 03ad650",
          "Cache restored successfully (357MB)",
          "Platform: darwin-arm64",
          "npm install: added 40 packages",
          "Done.",
          "Exception: TypeError",
          "Bundling styles.js",
          "Creating production build...",
          "Using Node.js 17.9.10",
          "Step 2/22: Installing dependencies",
          "[12:52:22] INFO: Processing request",
          "Test Suites: 9 passed, 10 total",
          "npm install: added 119 packages",
          "Transforming 191 files...",
          "Compiling lib/handler.rs...",
          "[12:52:22] DEBUG: Memory usage: 1970MB",
          "Artifact uploaded: build.tar.gz (24MB)",
          "Compiling utils/service.java...",
          "Waiting...",
          "[12:52:22] INFO: Processing request",
          "Step 13/25: Running migrations",
          "Platform: linux-x64",
          "pip install: Successfully installed axios-1.11",
          "Fetching submodules...",
          "Environment: production",
          "Image pulled successfully",
          "Coverage: 87% statements, 87% branches",
          "Step 2/19: Testing",
          "Done.",
          "pip: Downloading lodash-4.1.tar.gz",
          "npm install: added 391 packages",
          "Test Suites: 36 passed, 13 total",
          "[12:52:22] DEBUG: Initializing service",
          "Installing webpack@2.8.7",
          "Ready.",
          "Fetching from https://docker.io/package.json",
          "  PASS: integration/test_cache_hit.spec.js",
          "\u26a0 DEPRECATION: Feature will be removed in v5.0",
          "npm install: added 298 packages",
          "pip: Downloading webpack-2.8.tar.gz",
          "Artifact uploaded: build.tar.gz (27MB)",
          "Fetching from https://amazonaws.com/package.json",
          "Compiling src/index.js...",
          "Cache hit for key-7171",
          "Fetching from https://gcr.io/package.json",
          "WARNING: jest has known vulnerabilities",
          "Step 17/22: Running migrations",
          "[12:52:22] INFO: Cache refreshed",
          "\u2713 All checks passed",
          "Image pulled successfully",
          "  PASS: e2e/test_db_connect.spec.js",
          "npm install: added 381 packages",
          "Artifact uploaded: build.tar.gz (30MB)",
          "Platform: win32-x64",
          "pip install: Successfully installed eslint-4.3",
          "[12:52:22] DEBUG: Query executed in 81ms",
          "Waiting...",
          "pip: Installing build dependencies...",
          "Compiling lib/service.java...",
          "Switched to branch 'feature/task-623'",
          "Building Docker image...",
          "[12:52:22] DEBUG: Connection pool: 8 active",
          "Step 9/15: Testing",
          "[12:52:22] DEBUG: Initializing service",
          "Ready.",
          "Loading...",
          "Compiling components/index.js...",
          "Cache restored successfully (492MB)",
          "WARNING: jest has known vulnerabilities",
          "pip: Downloading axios-3.15.tar.gz",
          "Verifying...",
          "Loading...",
          "  PASS: unit/test_auth_login.spec.js",
          "WARNING: react has known vulnerabilities",
          "Connection established",
          "Compiling lib/index.js...",
          "Artifact uploaded: dist.zip (84MB)",
          "HEAD is now at 9d6480b",
          "Processing...",
          "Switched to branch 'hotfix/task-744'",
          "Minifying vendor.js",
          "Transforming 314 files...",
          "  PASS: test_user_create (458ms)",
          "Pulling image: node:latest",
          "[12:52:22] INFO: Request completed",
          "TLS handshake completed",
          "Tests: 228 passed, 139 total",
          "[12:52:22] INFO: Request completed",
          "npm notice: created a lockfile",
          "[12:52:22] DEBUG: Initializing service",
          "Layer 9/10: COPY command",
          "Cache restored successfully (392MB)",
          "Using Python 3.10",
          "Generating source maps...",
          "Artifact uploaded: build.tar.gz (39MB)",
          "[12:52:22] DEBUG: Loading configuration",
          "npm notice: package.json updated",
          "Artifact uploaded: build.tar.gz (33MB)",
          "Step 18/22: Testing",
          "[12:52:22] DEBUG: Connection pool: 5 active",
          "Processing...",
          "Cache miss for key-8971",
          "Optimizing 13 modules...",
          "npm notice: package.json updated",
          "Environment: staging",
          "Success!",
          "NODE_ENV=production",
          "\u26a0 DEPRECATION: Feature will be removed in v2.0",
          "Pushing to registry...",
          "Step 10/23: Building",
          "[12:52:22] INFO: Processing request",
          "Processing...",
          "Coverage: 99% statements, 96% branches",
          "  PASS: e2e/test_auth_login.spec.js",
          "Processing...",
          "Step 3/23: Deploying",
          "Test Suites: 26 passed, 30 total",
          "[12:52:22] WARN: Deprecated API usage",
          "Pulling image: node:18",
          "Using Node.js 16.15.6",
          "Fetching from https://gcr.io/package.json",
          "[12:52:22] DEBUG: Connection pool: 16 active",
          "Step 11/16: Linting",
          "[12:52:22] WARN: Deprecated API usage",
          "[12:52:22] DEBUG: Memory usage: 434MB",
          "Fetching from https://amazonaws.com/package.json",
          "Platform: linux-x64",
          "Artifact uploaded: dist.zip (17MB)",
          "Transforming 492 files...",
          "[12:52:22] DEBUG: Connection pool: 11 active",
          "[12:52:22] WARN: Deprecated API usage",
          "npm install: added 477 packages",
          "Connection established",
          "Step 16/24: Deploying",
          "\u2713 Step 'test' succeeded",
          "POST /api - 202 (25ms)",
          "Fetching submodules...",
          "Ready.",
          "pip: Installing build dependencies...",
          "  PASS: e2e/test_user_create.spec.js",
          "GET /health - 200 (11ms)",
          "Pushing to registry...",
          "TLS handshake completed",
          "Uploading artifact 'dist' (21 files)",
          "Building Docker image...",
          "Finished.",
          "Compiling src/utils.go...",
          "\u26a0 DEPRECATION: Feature will be removed in v2.0",
          "Connection established",
          "Verifying...",
          "Compiling src/app.ts...",
          "Step 7/23: Installing dependencies",
          "=== Step save_cache completed ==="
        ]
      },
      {
        "name": "lint",
        "status": "success",
        "started_at": "2025-11-23T12:53:12.858140",
        "finished_at": "2025-11-23T12:53:24.968851",
        "log_lines": [
          "=== Step: lint ===",
          "Processing...",
          "Test Suites: 35 passed, 23 total",
          "\u2713 Task completed in 3507ms",
          "Fetching submodules...",
          "\u2713 build completed",
          "Environment: production",
          "  PASS: test_cache_hit (398ms)",
          "Step 14/17: Testing",
          "Pulling image: node:18",
          "Tests: 355 passed, 79 total",
          "Completed.",
          "Cache restored successfully (360MB)",
          "Verifying...",
          "Finished.",
          "Step 19/19: Running migrations",
          "  PASS: test_auth_login (127ms)",
          "Creating production build...",
          "Time: 47.22s",
          "Verifying...",
          "Switched to branch 'bugfix/task-879'",
          "POST /upload - 201 (250ms)",
          "Minifying vendor.js",
          "\u26a0 DEPRECATION: Feature will be removed in v3.0",
          "Processing...",
          "pip: Collecting axios",
          "Exception: ValueError",
          "Waiting...",
          "npm notice: package.json updated",
          "Cache hit for key-4755",
          "[12:52:22] INFO: Starting build process",
          "\u26a0 DEPRECATION: Feature will be removed in v2.0",
          "Uploading artifact 'coverage' (17 files)",
          "[12:52:22] INFO: Starting build process",
          "Image pulled successfully",
          "[12:52:22] WARN: Deprecated API usage",
          "  PASS: e2e/test_api_health.spec.js",
          "[12:52:22] INFO: Cache refreshed",
          "npm install: added 183 packages",
          "Step 11/22: Linting",
          "Cache restored successfully (77MB)",
          "pip: Downloading jest-3.7.tar.gz",
          "POST /api - 201 (427ms)",
          "Pulling image: node:latest",
          "Ran 28 tests in 20s",
          "pip: Downloading express-1.1.tar.gz",
          "Waiting...",
          "Artifact uploaded: dist.zip (54MB)",
          "[12:52:22] ERROR: Connection failed",
          "POST /upload - 200 (425ms)",
          "Step 16/20: Building",
          "Loading...",
          "npm notice: package.json updated",
          "Coverage: 84% statements, 96% branches",
          "npm install: added 257 packages",
          "[12:52:22] DEBUG: Loading configuration",
          "\u26a0 DEPRECATION: Feature will be removed in v3.0",
          "Step 18/17: Running migrations",
          "GET /api - 204 (26ms)",
          "Step 16/23: Building",
          "Verifying...",
          "[12:52:22] WARN: Deprecated API usage",
          "HEAD is now at ab3d93b",
          "[12:52:22] DEBUG: Query executed in 23ms",
          "[12:52:22] WARN: Deprecated API usage",
          "Creating production build...",
          "NODE_ENV=production",
          "Test Suites: 20 passed, 41 total",
          "  PASS: e2e/test_auth_login.spec.js",
          "[12:52:22] ERROR: Connection failed",
          "npm install: added 401 packages",
          "Image pulled successfully",
          "Step 19/16: Linting",
          "Loading...",
          "[12:52:22] WARN: Deprecated API usage",
          "Ran 126 tests in 23s",
          "\u26a0 DEPRECATION: Feature will be removed in v2.0",
          "Already up to date.",
          "Minifying app.js",
          "Optimizing 79 modules...",
          "Cache restored successfully (321MB)",
          "Artifact uploaded: build.tar.gz (19MB)",
          "Time: 113.564s",
          "pip: Downloading react-1.16.tar.gz",
          "Cache invalidated: node_modules",
          "Compiling components/utils.go...",
          "npm notice: package.json updated",
          "Test Suites: 22 passed, 32 total",
          "Ran 188 tests in 42s",
          "Pushing to registry...",
          "Done.",
          "GET /status - 201 (69ms)",
          "[12:52:22] INFO: Starting build process",
          "Installing prettier@3.12.5",
          "NODE_ENV=development",
          "Artifact uploaded: dist.zip (90MB)",
          "[12:52:22] INFO: Cache refreshed",
          "Compiling lib/handler.rs...",
          "Artifact downloaded: 8MB",
          "Time: 61.433s",
          "\u2713 All checks passed",
          "Optimizing 43 modules...",
          "Using Python 3.10",
          "[12:52:22] WARN: Deprecated API usage",
          "Cache miss for key-6393",
          "Test Suites: 20 passed, 45 total",
          "Tests: 314 passed, 249 total",
          "[12:52:22] INFO: Processing request",
          "Switched to branch 'feature/task-167'",
          "Already up to date.",
          "Step 4/20: Linting",
          "Compiling utils/main.py...",
          "Cache restored successfully (181MB)",
          "[12:52:22] INFO: Connecting to database",
          "[12:52:22] WARN: Deprecated API usage",
          "Completed.",
          "Time: 76.141s",
          "[12:52:22] INFO: Processing request",
          "[12:52:22] DEBUG: Loading configuration",
          "Cache miss for key-4794",
          "  PASS: e2e/test_auth_login.spec.js",
          "Completed.",
          "Bundling runtime.js",
          "Fetching submodules...",
          "pip: Installing build dependencies...",
          "pip: Installing build dependencies...",
          "Ready.",
          "GET /status - 201 (15ms)",
          "\u2717 build failed with exit code 78",
          "pip: Collecting jest",
          "GET /api - 201 (94ms)",
          "Connection established",
          "npm install: added 13 packages",
          "Loading...",
          "Snapshots: 35 passed, 7 total",
          "\u26a0 DEPRECATION: Feature will be removed in v4.0",
          "Waiting...",
          "Ready.",
          "Step 18/23: Testing",
          "pip: Downloading webpack-4.5.tar.gz",
          "Switched to branch 'feature/task-812'",
          "Building Docker image...",
          "Cache invalidated: node_modules",
          "Creating production build...",
          "Transforming 569 files...",
          "WARNING: eslint has known vulnerabilities",
          "Image pulled successfully",
          "\u26a0 DEPRECATION: Feature will be removed in v2.0",
          "Step 7/18: Deploying",
          "WARNING: eslint has known vulnerabilities",
          "Cache restored successfully (177MB)",
          "Fetching submodules...",
          "Step 19/22: Testing",
          "Cache saved successfully",
          "Verifying...",
          "Cache miss for key-2516",
          "Step 16/20: Linting",
          "[12:52:22] DEBUG: Memory usage: 493MB",
          "OK",
          "Fetching from https://amazonaws.com/package.json",
          "Test Suites: 45 passed, 12 total",
          "[12:52:22] DEBUG: Connection pool: 17 active",
          "pip: Downloading react-1.17.tar.gz",
          "Fetching submodules...",
          "Compiling lib/app.ts...",
          "Time: 25.893s",
          "[12:52:22] DEBUG: Query executed in 88ms",
          "Step 1/15: Testing",
          "\u2713 Task completed in 3248ms",
          "Building Docker image...",
          "[12:52:22] DEBUG: Initializing service",
          "Time: 91.152s",
          "pip: Downloading prettier-5.17.tar.gz",
          "Checking out develop branch",
          "[12:52:22] DEBUG: Loading configuration",
          "Compiling src/utils.go...",
          "Success!",
          "Using Python 3.12",
          "Time: 9.877s",
          "[12:52:22] INFO: Processing request",
          "Ran 49 tests in 17s",
          "Compiling lib/service.java...",
          "Artifact downloaded: 30MB",
          "Compiling src/main.py...",
          "Cache hit for key-9832",
          "Artifact uploaded: build.tar.gz (34MB)",
          "TLS handshake completed",
          "  PASS: test_cache_hit (15ms)",
          "NODE_ENV=production",
          "Creating production build...",
          "[12:52:22] INFO: Starting build process",
          "[12:52:22] INFO: Connecting to database",
          "WARNING: axios has known vulnerabilities",
          "Image pulled successfully",
          "npm install: resolved 1087 packages",
          "=== Step lint completed ==="
        ]
      },
      {
        "name": "deploy_staging",
        "status": "success",
        "started_at": "2025-11-23T12:53:24.968851",
        "finished_at": "2025-11-23T12:53:37.079562",
        "log_lines": [
          "=== Step: deploy_staging ===",
          "Completed.",
          "Fetching submodules...",
          "Processing...",
          "OK",
          "Pushing to registry...",
          "Step 9/24: Installing dependencies",
          "Using Python 3.9",
          "Image pulled successfully",
          "Using Node.js 14.7.4",
          "Cache hit for key-7562",
          "Pushing to registry...",
          "  PASS: test_db_connect (368ms)",
          "Waiting...",
          "pip: Installing build dependencies...",
          "pip: Installing build dependencies...",
          "Pushing to registry...",
          "Installing eslint@3.10.5",
          "WARNING: prettier has known vulnerabilities",
          "Cache hit for key-3713",
          "Loading...",
          "\u2717 build failed with exit code 19",
          "[12:52:22] WARN: Deprecated API usage",
          "[12:52:22] DEBUG: Initializing service",
          "yarn add: Done in 16.49s",
          "Fetching from https://googleapis.com/package.json",
          "Tests: 353 passed, 76 total",
          "Step 18/22: Building",
          "Compiling components/main.py...",
          "[12:52:22] WARN: Deprecated API usage",
          "\u2713 build completed",
          "Minifying vendor.js",
          "Compiling utils/main.py...",
          "WARNING: prettier has known vulnerabilities",
          "\u26a0 DEPRECATION: Feature will be removed in v4.0",
          "WARNING: prettier has known vulnerabilities",
          "npm notice: package.json updated",
          "Waiting...",
          "Coverage: 70% statements, 62% branches",
          "[12:52:22] DEBUG: Initializing service",
          "Step 15/25: Installing dependencies",
          "[12:52:22] DEBUG: Memory usage: 1204MB",
          "Done.",
          "[12:52:22] INFO: Connecting to database",
          "Success!",
          "Image pulled successfully",
          "[12:52:22] INFO: Processing request",
          "Cache restored successfully (67MB)",
          "Environment: production",
          "Artifact uploaded: build.tar.gz (20MB)",
          "[12:52:22] WARN: Deprecated API usage",
          "Ready.",
          "pip: Installing build dependencies...",
          "npm install: resolved 1903 packages",
          "Step 5/15: Installing dependencies",
          "npm install: resolved 1614 packages",
          "Cache invalidated: dependencies",
          "Exception: NullPointerException",
          "[12:52:22] DEBUG: Query executed in 86ms",
          "Step 19/19: Linting",
          "[12:52:22] WARN: Deprecated API usage",
          "Step 4/18: Testing",
          "HEAD is now at 30f6c4c",
          "Ran 91 tests in 44s",
          "[12:52:22] DEBUG: Initializing service",
          "\u2713 Task completed in 1297ms",
          "Tests: 352 passed, 129 total",
          "\u26a0 DEPRECATION: Feature will be removed in v5.0",
          "Compiling components/utils.go...",
          "TLS handshake completed",
          "Uploading artifact 'dist' (48 files)",
          "Processing...",
          "Step 2/22: Running migrations",
          "Step 19/17: Testing",
          "Snapshots: 33 passed, 0 total",
          "[12:52:22] INFO: Processing request",
          "Using Python 3.11",
          "Pushing to registry...",
          "HEAD is now at 7730a0d",
          "Cache invalidated: dependencies",
          "Image pulled successfully",
          "Tests: 497 passed, 175 total",
          "Cache restored successfully (257MB)",
          "Transforming 122 files...",
          "Pushing to registry...",
          "Step 16/17: Linting",
          "[12:52:22] INFO: Request completed",
          "Compiling lib/service.java...",
          "Fetching from https://docker.io/package.json",
          "Connection established",
          "Success!",
          "NODE_ENV=production",
          "\u2713 Step 'test' succeeded",
          "[12:52:22] INFO: Processing request",
          "Cache restored successfully (428MB)",
          "npm notice: created a lockfile",
          "\u2713 deploy completed",
          "GET /api - 201 (42ms)",
          "[12:52:22] INFO: Request completed",
          "Artifact uploaded: dist.zip (55MB)",
          "\u26a0 DEPRECATION: Feature will be removed in v2.0",
          "Compiling lib/handler.rs...",
          "Minifying app.js",
          "Compiling utils/utils.go...",
          "Step 3/22: Building",
          "pip: Downloading axios-3.10.tar.gz",
          "[12:52:22] DEBUG: Connection pool: 8 active",
          "NODE_ENV=development",
          "Cache restored successfully (177MB)",
          "Cache saved successfully",
          "Platform: linux-x64",
          "[12:52:22] DEBUG: Loading configuration",
          "Cache invalidated: node_modules",
          "Compiling lib/app.ts...",
          "[12:52:22] DEBUG: Query executed in 31ms",
          "Artifact uploaded: dist.zip (1MB)",
          "[12:52:22] WARN: Deprecated API usage",
          "Time: 79.437s",
          "[12:52:22] DEBUG: Memory usage: 1971MB",
          "Coverage: 74% statements, 62% branches",
          "\u26a0 DEPRECATION: Feature will be removed in v4.0",
          "Step 2/15: Testing",
          "Done.",
          "Cache invalidated: node_modules",
          "Generating source maps...",
          "Tests: 62 passed, 143 total",
          "Optimizing 72 modules...",
          "npm notice: created a lockfile",
          "[12:52:22] DEBUG: Memory usage: 1723MB",
          "Step 9/24: Deploying",
          "Pushing to registry...",
          "Optimizing 89 modules...",
          "Image pulled successfully",
          "Step 20/23: Testing",
          "[12:52:22] INFO: Processing request",
          "[12:52:22] INFO: Connecting to database",
          "Compiling lib/utils.go...",
          "\u2717 build failed with exit code 99",
          "Using Python 3.10",
          "TLS handshake completed",
          "Fetching submodules...",
          "[12:52:22] INFO: Cache refreshed",
          "HEAD is now at ba17570",
          "\u2713 build completed",
          "[12:52:22] INFO: Request completed",
          "Done.",
          "[12:52:22] DEBUG: Initializing service",
          "Compiling src/main.py...",
          "Coverage: 82% statements, 91% branches",
          "Verifying...",
          "Fetching submodules...",
          "Fetching from https://gcr.io/package.json",
          "yarn add: Done in 16.51s",
          "FAILED: test_auth_login",
          "npm notice: package.json updated",
          "npm notice: created a lockfile",
          "Waiting...",
          "yarn add: Done in 28.1s",
          "Layer 10/11: ENV command",
          "Step 16/25: Linting",
          "\u2713 deploy completed",
          "Compiling components/handler.rs...",
          "Step 12/25: Deploying",
          "Processing...",
          "Success!",
          "Already up to date.",
          "Done.",
          "Generating source maps...",
          "Compiling src/index.js...",
          "Environment: production",
          "[12:52:22] DEBUG: Loading configuration",
          "Ready.",
          "Step 9/15: Installing dependencies",
          "Verifying...",
          "Switched to branch 'feature/task-235'",
          "[12:52:22] DEBUG: Query executed in 19ms",
          "Building Docker image...",
          "npm notice: created a lockfile",
          "Ready.",
          "Fetching from https://amazonaws.com/package.json",
          "Loading...",
          "OK",
          "Transforming 828 files...",
          "Step 15/24: Linting",
          "Fetching submodules...",
          "Completed.",
          "TLS handshake completed",
          "yarn add: Done in 25.72s",
          "Cache saved successfully",
          "Compiling utils/app.ts...",
          "Bundling styles.js",
          "Installing webpack@5.10.2",
          "Snapshots: 45 passed, 40 total",
          "Completed.",
          "GET /status - 200 (67ms)",
          "=== Step deploy_staging completed ==="
        ]
      },
      {
        "name": "checkout",
        "status": "success",
        "started_at": "2025-11-23T12:53:37.079562",
        "finished_at": "2025-11-23T12:53:41.923846",
        "log_lines": [
          "=== Step: checkout ===",
          "\u2713 package completed",
          "  PASS: test_api_health (409ms)",
          "  PASS: unit/test_auth_login.spec.js",
          "Waiting...",
          "Ran 41 tests in 23s",
          "[12:52:22] DEBUG: Initializing service",
          "\u2713 Task completed in 1284ms",
          "Compiling components/main.py...",
          "[12:52:22] WARN: Deprecated API usage",
          "Minifying vendor.js",
          "WARNING: react has known vulnerabilities",
          "\u26a0 DEPRECATION: Feature will be removed in v2.0",
          "WARNING: eslint has known vulnerabilities",
          "pip: Collecting lodash",
          "[12:52:22] WARN: Deprecated API usage",
          "Transforming 441 files...",
          "WARNING: react has known vulnerabilities",
          "Verifying...",
          "[12:52:22] DEBUG: Loading configuration",
          "Step 2/20: Running migrations",
          "OK",
          "npm notice: package.json updated",
          "Artifact downloaded: 49MB",
          "Bundling runtime.css",
          "Already up to date.",
          "Compiling src/utils.go...",
          "Verifying...",
          "Pulling image: python:latest",
          "Cache restored successfully (53MB)",
          "Step 4/22: Running migrations",
          "GET /api - 200 (90ms)",
          "Tests: 124 passed, 62 total",
          "Loading...",
          "\u26a0 DEPRECATION: Feature will be removed in v2.0",
          "Finished.",
          "Pulling image: node:latest",
          "pip install: Successfully installed react-3.17",
          "Transforming 416 files...",
          "Loading...",
          "pip: Installing build dependencies...",
          "Compiling components/utils.go...",
          "Waiting...",
          "Generating source maps...",
          "Compiling src/handler.rs...",
          "Step 7/21: Running migrations",
          "Compiling src/service.java...",
          "npm notice: package.json updated",
          "Installing axios@1.4.10",
          "Compiling utils/app.ts...",
          "\u26a0 DEPRECATION: Feature will be removed in v2.0",
          "Generating source maps...",
          "Tests: 224 passed, 422 total",
          "[12:52:22] INFO: Processing request",
          "WARNING: prettier has known vulnerabilities",
          "Generating source maps...",
          "Snapshots: 46 passed, 35 total",
          "Cache hit for key-1956",
          "Layer 3/8: RUN command",
          "Using Python 3.11",
          "Loading...",
          "Cache invalidated: node_modules",
          "[12:52:22] INFO: Cache refreshed",
          "[12:52:22] DEBUG: Loading configuration",
          "pip install: Successfully installed jest-3.0",
          "Artifact downloaded: 11MB",
          "  PASS: test_api_health (72ms)",
          "[12:52:22] INFO: Cache refreshed",
          "Generating source maps...",
          "POST /api - 202 (24ms)",
          "OK",
          "TLS handshake completed",
          "Step 7/17: Running migrations",
          "Switched to branch 'feature/task-248'",
          "Done.",
          "\u2713 Step 'test' succeeded",
          "[12:52:22] ERROR: Connection failed",
          "Connection established",
          "[12:52:22] WARN: Deprecated API usage",
          "TLS handshake completed",
          "NODE_ENV=test",
          "[12:52:22] DEBUG: Query executed in 1ms",
          "Compiling lib/handler.rs...",
          "Artifact uploaded: dist.zip (54MB)",
          "WARNING: eslint has known vulnerabilities",
          "  PASS: test_db_connect (224ms)",
          "Generating source maps...",
          "Platform: linux-x64",
          "FAILED: test_api_health",
          "\u26a0 DEPRECATION: Feature will be removed in v5.0",
          "Artifact uploaded: dist.zip (42MB)",
          "[12:52:22] DEBUG: Memory usage: 173MB",
          "[12:52:22] DEBUG: Memory usage: 143MB",
          "Completed.",
          "Creating production build...",
          "Time: 52.765s",
          "Creating production build...",
          "Minifying main.js",
          "Artifact downloaded: 44MB",
          "[12:52:22] DEBUG: Connection pool: 6 active",
          "Completed.",
          "Ran 124 tests in 22s",
          "Connection established",
          "Step 4/19: Testing",
          "Compiling lib/app.ts...",
          "Fetching from https://github.com/package.json",
          "Artifact downloaded: 6MB",
          "Completed.",
          "Artifact downloaded: 38MB",
          "Tests: 142 passed, 61 total",
          "WARNING: lodash has known vulnerabilities",
          "Test Suites: 5 passed, 50 total",
          "Cache hit for key-1815",
          "\u2713 Task completed in 3616ms",
          "Exception: NullPointerException",
          "[12:52:22] DEBUG: Memory usage: 1929MB",
          "Compiling utils/app.ts...",
          "HEAD is now at 5392f7d",
          "Already up to date.",
          "yarn add: Done in 7.7s",
          "Cache hit for key-7282",
          "Fetching from https://pypi.org/package.json",
          "\u26a0 DEPRECATION: Feature will be removed in v2.0",
          "pip: Collecting webpack",
          "Completed.",
          "\u2717 build failed with exit code 124",
          "Step 12/20: Testing",
          "Image pulled successfully",
          "Switched to branch 'feature/task-814'",
          "pip: Downloading jest-3.4.tar.gz",
          "Step 17/23: Testing",
          "Layer 7/14: RUN command",
          "Step 18/25: Installing dependencies",
          "Pulling image: node:latest",
          "WARNING: axios has known vulnerabilities",
          "\u2713 package completed",
          "npm notice: created a lockfile",
          "Switched to branch 'feature/task-726'",
          "Compiling src/handler.rs...",
          "[12:52:22] INFO: Connecting to database",
          "Generating source maps...",
          "Optimizing 46 modules...",
          "Step 6/25: Deploying",
          "Test Suites: 33 passed, 25 total",
          "Checking out develop branch",
          "Compiling components/main.py...",
          "Pushing to registry...",
          "Using Node.js 15.8.9",
          "WARNING: react has known vulnerabilities",
          "[12:52:22] INFO: Starting build process",
          "\u2713 Task completed in 2543ms",
          "Bundling main.js",
          "[12:52:22] DEBUG: Connection pool: 6 active",
          "HEAD is now at 5e17a9b",
          "Artifact uploaded: build.tar.gz (8MB)",
          "pip: Installing build dependencies...",
          "[12:52:22] INFO: Starting build process",
          "[12:52:22] INFO: Cache refreshed",
          "Loading...",
          "[12:52:22] ERROR: Connection failed",
          "[12:52:22] DEBUG: Memory usage: 1882MB",
          "Coverage: 90% statements, 87% branches",
          "npm install: added 405 packages",
          "Uploading artifact 'dist' (43 files)",
          "Fetching from https://googleapis.com/package.json",
          "[12:52:22] DEBUG: Initializing service",
          "NODE_ENV=test",
          "Coverage: 71% statements, 60% branches",
          "Cache restored successfully (75MB)",
          "HEAD is now at b11b09e",
          "Completed.",
          "Success!",
          "Compiling lib/utils.go...",
          "Artifact uploaded: build.tar.gz (29MB)",
          "Step 5/19: Deploying",
          "Finished.",
          "Step 12/20: Testing",
          "Switched to branch 'bugfix/task-349'",
          "[12:52:22] DEBUG: Memory usage: 1777MB",
          "Connection established",
          "npm install: resolved 216 packages",
          "pip: Downloading lodash-3.20.tar.gz",
          "pip: Installing build dependencies...",
          "Layer 2/10: RUN command",
          "TLS handshake completed",
          "Test Suites: 41 passed, 10 total",
          "pip: Downloading express-1.15.tar.gz",
          "Done.",
          "Loading...",
          "\u26a0 DEPRECATION: Feature will be removed in v5.0",
          "Checking out master branch",
          "\u26a0 DEPRECATION: Feature will be removed in v2.0",
          "Bundling styles.css",
          "[12:52:22] DEBUG: Connection pool: 16 active",
          "Cache restored successfully (272MB)",
          "=== Step checkout completed ==="
        ]
      },
      {
        "name": "upload_artifacts",
        "status": "success",
        "started_at": "2025-11-23T12:53:41.923846",
        "finished_at": "2025-11-23T12:53:54.034557",
        "log_lines": [
          "=== Step: upload_artifacts ===",
          "Cache invalidated: node_modules",
          "Coverage: 90% statements, 82% branches",
          "Step 9/20: Linting",
          "Finished.",
          "[12:52:22] INFO: Cache refreshed",
          "Compiling components/service.java...",
          "\u2717 build failed with exit code 96",
          "Coverage: 100% statements, 93% branches",
          "\u2713 Step 'install' succeeded",
          "GET /api - 204 (56ms)",
          "pip: Collecting prettier",
          "Bundling styles.css",
          "  PASS: test_user_create (395ms)",
          "\u26a0 DEPRECATION: Feature will be removed in v3.0",
          "[12:52:22] ERROR: Connection failed",
          "Compiling components/main.py...",
          "Pushing to registry...",
          "Done.",
          "Waiting...",
          "Ran 47 tests in 35s",
          "Cache invalidated: dependencies",
          "Pulling image: node:latest",
          "Snapshots: 40 passed, 0 total",
          "TLS handshake completed",
          "[12:52:22] DEBUG: Connection pool: 8 active",
          "Snapshots: 0 passed, 49 total",
          "Tests: 338 passed, 273 total",
          "\u26a0 DEPRECATION: Feature will be removed in v2.0",
          "WARNING: axios has known vulnerabilities",
          "pip install: Successfully installed eslint-1.11",
          "\u26a0 DEPRECATION: Feature will be removed in v4.0",
          "Artifact uploaded: build.tar.gz (9MB)",
          "\u2713 All checks passed",
          "Layer 4/8: RUN command",
          "Test Suites: 43 passed, 10 total",
          "Cache hit for key-9560",
          "Loading...",
          "yarn add: Done in 22.83s",
          "[12:52:22] WARN: Deprecated API usage",
          "OK",
          "Installing prettier@2.3.8",
          "Processing...",
          "Step 10/16: Building",
          "[12:52:22] DEBUG: Initializing service",
          "Step 20/22: Deploying",
          "  PASS: test_db_connect (488ms)",
          "Verifying...",
          "\u26a0 DEPRECATION: Feature will be removed in v4.0",
          "Transforming 617 files...",
          "Cache hit for key-8093",
          "Bundling main.css",
          "[12:52:22] DEBUG: Connection pool: 10 active",
          "[12:52:22] INFO: Cache refreshed",
          "Switched to branch 'feature/task-315'",
          "\u2713 Step 'build' succeeded",
          "Compiling src/service.java...",
          "Cache miss for key-6195",
          "Checking out master branch",
          "WARNING: react has known vulnerabilities",
          "WARNING: lodash has known vulnerabilities",
          "Already up to date.",
          "\u26a0 DEPRECATION: Feature will be removed in v5.0",
          "[12:52:22] WARN: Deprecated API usage",
          "Image pulled successfully",
          "Cache invalidated: node_modules",
          "Loading...",
          "Step 8/22: Building",
          "Pushing to registry...",
          "Finished.",
          "Ran 144 tests in 58s",
          "Layer 1/13: RUN command",
          "Cache restored successfully (303MB)",
          "Cache miss for key-7663",
          "Step 16/19: Linting",
          "npm install: added 384 packages",
          "Waiting...",
          "Compiling lib/app.ts...",
          "Coverage: 99% statements, 83% branches",
          "Coverage: 98% statements, 60% branches",
          "Bundling styles.css",
          "  PASS: e2e/test_auth_login.spec.js",
          "Optimizing 14 modules...",
          "Ran 177 tests in 11s",
          "Cache miss for key-8254",
          "npm notice: created a lockfile",
          "POST /upload - 200 (283ms)",
          "Generating source maps...",
          "Environment: staging",
          "TLS handshake completed",
          "NODE_ENV=production",
          "Completed.",
          "\u2713 All checks passed",
          "TLS handshake completed",
          "Switched to branch 'bugfix/task-965'",
          "[12:52:22] INFO: Processing request",
          "Cache saved successfully",
          "[12:52:22] DEBUG: Query executed in 39ms",
          "[12:52:22] DEBUG: Initializing service",
          "Layer 9/9: RUN command",
          "TLS handshake completed",
          "Done.",
          "Snapshots: 24 passed, 9 total",
          "[12:52:22] WARN: Deprecated API usage",
          "[12:52:22] INFO: Connecting to database",
          "Fetching submodules...",
          "WARNING: express has known vulnerabilities",
          "Using Python 3.12",
          "Coverage: 78% statements, 100% branches",
          "\u2713 All checks passed",
          "TLS handshake completed",
          "pip: Installing build dependencies...",
          "NODE_ENV=test",
          "NODE_ENV=development",
          "Compiling utils/index.js...",
          "[12:52:22] WARN: Deprecated API usage",
          "  PASS: test_db_connect (203ms)",
          "Step 18/17: Installing dependencies",
          "\u26a0 DEPRECATION: Feature will be removed in v2.0",
          "\u2713 Step 'setup' succeeded",
          "Artifact uploaded: dist.zip (14MB)",
          "npm install: added 310 packages",
          "Artifact uploaded: build.tar.gz (47MB)",
          "Using Node.js 17.11.3",
          "[12:52:22] INFO: Starting build process",
          "[12:52:22] INFO: Request completed",
          "NODE_ENV=development",
          "  PASS: test_api_health (222ms)",
          "NODE_ENV=development",
          "Cache hit for key-2885",
          "Artifact uploaded: build.tar.gz (6MB)",
          "TLS handshake completed",
          "Fetching submodules...",
          "Compiling components/index.js...",
          "[12:52:22] WARN: Deprecated API usage",
          "[12:52:22] DEBUG: Memory usage: 641MB",
          "Uploading artifact 'build' (21 files)",
          "pip: Downloading webpack-2.9.tar.gz",
          "Pulling image: alpine:3.11",
          "Step 7/24: Running migrations",
          "Ready.",
          "Transforming 532 files...",
          "[12:52:22] INFO: Request completed",
          "Artifact downloaded: 4MB",
          "WARNING: webpack has known vulnerabilities",
          "npm install: added 115 packages",
          "Using Python 3.12",
          "Compiling components/app.ts...",
          "Bundling styles.css",
          "Fetching submodules...",
          "FAILED: test_auth_login",
          "\u26a0 DEPRECATION: Feature will be removed in v2.0",
          "Success!",
          "Done.",
          "[12:52:22] INFO: Connecting to database",
          "[12:52:22] WARN: Deprecated API usage",
          "[12:52:22] INFO: Connecting to database",
          "[12:52:22] INFO: Starting build process",
          "[12:52:22] DEBUG: Connection pool: 11 active",
          "Connection established",
          "Switched to branch 'feature/task-804'",
          "Done.",
          "[12:52:22] INFO: Connecting to database",
          "Ready.",
          "pip: Downloading react-3.14.tar.gz",
          "Coverage: 100% statements, 95% branches",
          "[12:52:22] DEBUG: Connection pool: 9 active",
          "Bundling vendor.css",
          "Environment: test",
          "[12:52:22] WARN: Deprecated API usage",
          "Pushing to registry...",
          "Connection established",
          "Building Docker image...",
          "npm install: added 115 packages",
          "Step 8/19: Building",
          "yarn add: Done in 24.46s",
          "Switched to branch 'feature/task-708'",
          "Step 20/24: Linting",
          "[12:52:22] INFO: Request completed",
          "[12:52:22] WARN: Deprecated API usage",
          "Processing...",
          "Pulling image: alpine:latest",
          "Image pulled successfully",
          "[12:52:22] INFO: Processing request",
          "Already up to date.",
          "GET /api - 200 (42ms)",
          "pip install: Successfully installed react-1.10",
          "Snapshots: 40 passed, 7 total",
          "Already up to date.",
          "npm notice: package.json updated",
          "Step 18/24: Testing",
          "[12:52:22] INFO: Starting build process",
          "Creating production build...",
          "WARNING: axios has known vulnerabilities",
          "Completed.",
          "=== Step upload_artifacts completed ==="
        ]
      },
      {
        "name": "build",
        "status": "success",
        "started_at": "2025-11-23T12:53:54.034557",
        "finished_at": "2025-11-23T12:54:30.366691",
        "log_lines": [
          "=== Step: build ===",
          "Step 11/21: Testing",
          "  PASS: test_api_health (440ms)",
          "npm install: resolved 1445 packages",
          "pip install: Successfully installed express-5.1",
          "Using Node.js 20.20.5",
          "Switched to branch 'bugfix/task-922'",
          "Image pulled successfully",
          "Step 17/25: Deploying",
          "NODE_ENV=test",
          "npm install: added 471 packages",
          "Environment: production",
          "\u2717 build failed with exit code 73",
          "Pushing to registry...",
          "\u2713 Step 'setup' succeeded",
          "\u2713 All checks passed",
          "\u2717 build failed with exit code 28",
          "npm install: resolved 1075 packages",
          "Layer 7/15: ENV command",
          "Compiling utils/main.py...",
          "Step 8/22: Running migrations",
          "  PASS: unit/test_cache_hit.spec.js",
          "Finished.",
          "Connection established",
          "pip: Installing build dependencies...",
          "Artifact uploaded: build.tar.gz (12MB)",
          "Pulling image: python:3.11",
          "Generating source maps...",
          "pip: Collecting prettier",
          "Transforming 128 files...",
          "Processing...",
          "HEAD is now at 37718c9",
          "yarn add: Done in 15.32s",
          "Artifact uploaded: build.tar.gz (17MB)",
          "Platform: linux-x64",
          "OK",
          "Compiling lib/app.ts...",
          "WARNING: webpack has known vulnerabilities",
          "POST /data - 200 (217ms)",
          "[12:52:22] DEBUG: Memory usage: 1266MB",
          "Optimizing 86 modules...",
          "[12:52:22] WARN: Deprecated API usage",
          "Step 1/21: Running migrations",
          "Connection established",
          "WARNING: lodash has known vulnerabilities",
          "[12:52:22] ERROR: Connection failed",
          "GET /health - 200 (34ms)",
          "Test Suites: 28 passed, 38 total",
          "Completed.",
          "\u26a0 DEPRECATION: Feature will be removed in v4.0",
          "[12:52:22] WARN: Deprecated API usage",
          "Transforming 796 files...",
          "Pushing to registry...",
          "Bundling runtime.js",
          "HEAD is now at 2af677c",
          "Coverage: 99% statements, 99% branches",
          "\u2713 build completed",
          "Ready.",
          "[12:52:22] DEBUG: Connection pool: 10 active",
          "[12:52:22] WARN: Deprecated API usage",
          "Cache saved successfully",
          "\u2713 Step 'install' succeeded",
          "Using Python 3.9",
          "WARNING: prettier has known vulnerabilities",
          "Compiling src/index.js...",
          "Optimizing 23 modules...",
          "Switched to branch 'bugfix/task-196'",
          "Ready.",
          "\u26a0 DEPRECATION: Feature will be removed in v5.0",
          "  PASS: unit/test_db_connect.spec.js",
          "Switched to branch 'feature/task-176'",
          "Completed.",
          "Step 19/15: Testing",
          "Checking out main branch",
          "Cache miss for key-6837",
          "WARNING: webpack has known vulnerabilities",
          "\u2717 build failed with exit code 80",
          "Pulling image: alpine:latest",
          "Fetching from https://docker.io/package.json",
          "Cache restored successfully (336MB)",
          "NODE_ENV=production",
          "Step 6/17: Linting",
          "npm notice: created a lockfile",
          "WARNING: prettier has known vulnerabilities",
          "npm install: added 451 packages",
          "Step 1/17: Deploying",
          "Using Python 3.10",
          "Layer 3/15: COPY command",
          "HEAD is now at ed75f51",
          "Switched to branch 'bugfix/task-362'",
          "npm notice: created a lockfile",
          "npm notice: package.json updated",
          "Step 2/15: Running migrations",
          "Tests: 143 passed, 461 total",
          "Success!",
          "Loading...",
          "[12:52:22] INFO: Processing request",
          "Cache hit for key-9598",
          "Step 9/16: Linting",
          "Connection established",
          "Test Suites: 10 passed, 28 total",
          "Pulling image: python:18",
          "Completed.",
          "OK",
          "\u26a0 DEPRECATION: Feature will be removed in v4.0",
          "Cache hit for key-8115",
          "pip: Installing build dependencies...",
          "[12:52:22] WARN: Deprecated API usage",
          "Test Suites: 13 passed, 47 total",
          "Generating source maps...",
          "Test Suites: 36 passed, 42 total",
          "Step 8/20: Building",
          "Creating production build...",
          "[12:52:22] WARN: Deprecated API usage",
          "OK",
          "\u2713 Step 'install' succeeded",
          "  PASS: test_user_create (252ms)",
          "Compiling src/app.ts...",
          "NODE_ENV=development",
          "Compiling utils/handler.rs...",
          "GET /health - 201 (30ms)",
          "Connection established",
          "\u2713 Task completed in 1264ms",
          "[12:52:22] INFO: Processing request",
          "Cache saved successfully",
          "Uploading artifact 'coverage' (30 files)",
          "Step 2/19: Building",
          "POST /upload - 201 (131ms)",
          "Using Python 3.9",
          "pip install: Successfully installed react-1.5",
          "Cache miss for key-3667",
          "WARNING: jest has known vulnerabilities",
          "Step 1/21: Running migrations",
          "Artifact uploaded: build.tar.gz (4MB)",
          "NODE_ENV=production",
          "Loading...",
          "  PASS: test_api_health (84ms)",
          "[12:52:22] INFO: Processing request",
          "Step 20/21: Linting",
          "WARNING: webpack has known vulnerabilities",
          "OK",
          "\u26a0 DEPRECATION: Feature will be removed in v3.0",
          "Ready.",
          "Step 8/17: Building",
          "Building Docker image...",
          "TLS handshake completed",
          "WARNING: eslint has known vulnerabilities",
          "\u26a0 DEPRECATION: Feature will be removed in v4.0",
          "[12:52:22] WARN: Deprecated API usage",
          "Cache saved successfully",
          "Step 12/24: Installing dependencies",
          "Compiling components/index.js...",
          "Success!",
          "Step 1/24: Deploying",
          "\u2713 Task completed in 943ms",
          "Already up to date.",
          "Artifact uploaded: build.tar.gz (48MB)",
          "Cache saved successfully",
          "Checking out develop branch",
          "[12:52:22] WARN: Deprecated API usage",
          "Using Python 3.9",
          "Completed.",
          "[12:52:22] DEBUG: Initializing service",
          "npm notice: package.json updated",
          "NODE_ENV=development",
          "Compiling src/index.js...",
          "Step 12/16: Testing",
          "pip: Installing build dependencies...",
          "Artifact uploaded: dist.zip (71MB)",
          "[12:52:22] WARN: Deprecated API usage",
          "Installing react@4.11.3",
          "pip: Installing build dependencies...",
          "NODE_ENV=development",
          "Time: 22.512s",
          "Optimizing 68 modules...",
          "Artifact uploaded: dist.zip (34MB)",
          "Waiting...",
          "Fetching submodules...",
          "Waiting...",
          "TLS handshake completed",
          "Compiling utils/index.js...",
          "Snapshots: 33 passed, 4 total",
          "[12:52:22] INFO: Cache refreshed",
          "\u2713 All checks passed",
          "Fetching submodules...",
          "Cache miss for key-1217",
          "Switched to branch 'feature/task-885'",
          "FAILED: test_user_create",
          "OK",
          "Creating production build...",
          "Compiling lib/utils.go...",
          "\u26a0 DEPRECATION: Feature will be removed in v5.0",
          "[12:52:22] DEBUG: Connection pool: 20 active",
          "pip install: Successfully installed lodash-4.6",
          "Platform: darwin-arm64",
          "=== Step build completed ==="
        ]
      },
      {
        "name": "e2e_tests",
        "status": "success",
        "started_at": "2025-11-23T12:54:30.366691",
        "finished_at": "2025-11-23T12:54:42.477402",
        "log_lines": [
          "=== Step: e2e_tests ===",
          "[12:52:22] INFO: Request completed",
          "Step 17/20: Running migrations",
          "WARNING: react has known vulnerabilities",
          "Using Node.js 20.9.1",
          "Fetching submodules...",
          "Minifying main.js",
          "Ready.",
          "\u26a0 DEPRECATION: Feature will be removed in v3.0",
          "\u2713 lint completed",
          "[12:52:22] ERROR: Connection failed",
          "Cache miss for key-4889",
          "npm install: resolved 1698 packages",
          "  PASS: integration/test_auth_login.spec.js",
          "Pushing to registry...",
          "Cache miss for key-4018",
          "HEAD is now at d278ae8",
          "Image pulled successfully",
          "Creating production build...",
          "Tests: 170 passed, 113 total",
          "yarn add: Done in 21.51s",
          "[12:52:22] INFO: Starting build process",
          "[12:52:22] DEBUG: Initializing service",
          "WARNING: axios has known vulnerabilities",
          "Layer 9/9: RUN command",
          "Checking out main branch",
          "Cache invalidated: dependencies",
          "Connection established",
          "Artifact uploaded: dist.zip (60MB)",
          "Cache hit for key-1502",
          "Compiling lib/main.py...",
          "[12:52:22] DEBUG: Connection pool: 12 active",
          "  PASS: test_db_connect (375ms)",
          "[12:52:22] DEBUG: Loading configuration",
          "Time: 118.731s",
          "TLS handshake completed",
          "  PASS: unit/test_api_health.spec.js",
          "Compiling src/utils.go...",
          "Pulling image: python:latest",
          "Cache hit for key-8789",
          "\u26a0 DEPRECATION: Feature will be removed in v2.0",
          "[12:52:22] INFO: Starting build process",
          "\u2713 validate completed",
          "[12:52:22] WARN: Deprecated API usage",
          "pip: Installing build dependencies...",
          "Uploading artifact 'coverage' (29 files)",
          "Bundling vendor.js",
          "Creating production build...",
          "Step 4/18: Linting",
          "Exception: RuntimeError",
          "Fetching submodules...",
          "Finished.",
          "Finished.",
          "[12:52:22] DEBUG: Initializing service",
          "Artifact uploaded: build.tar.gz (3MB)",
          "[12:52:22] DEBUG: Memory usage: 724MB",
          "Image pulled successfully",
          "  PASS: test_db_connect (202ms)",
          "WARNING: lodash has known vulnerabilities",
          "Done.",
          "\u2713 Step 'setup' succeeded",
          "  PASS: unit/test_api_health.spec.js",
          "npm notice: package.json updated",
          "Step 5/23: Deploying",
          "pip install: Successfully installed express-2.16",
          "Cache saved successfully",
          "Checking out main branch",
          "FAILED: test_db_connect",
          "pip: Downloading react-4.19.tar.gz",
          "Minifying vendor.js",
          "Exception: ValueError",
          "Transforming 984 files...",
          "Artifact uploaded: dist.zip (39MB)",
          "Fetching submodules...",
          "Transforming 841 files...",
          "Test Suites: 22 passed, 35 total",
          "WARNING: react has known vulnerabilities",
          "[12:52:22] WARN: Deprecated API usage",
          "NODE_ENV=production",
          "Ready.",
          "pip: Downloading express-4.5.tar.gz",
          "Optimizing 23 modules...",
          "Image pulled successfully",
          "Optimizing 49 modules...",
          "pip: Collecting express",
          "[12:52:22] DEBUG: Initializing service",
          "WARNING: jest has known vulnerabilities",
          "\u2713 deploy completed",
          "pip: Installing build dependencies...",
          "npm install: resolved 1128 packages",
          "yarn add: Done in 26.48s",
          "Step 15/19: Deploying",
          "Snapshots: 1 passed, 4 total",
          "FAILED: test_auth_login",
          "Cache miss for key-1891",
          "pip install: Successfully installed prettier-3.8",
          "Finished.",
          "Completed.",
          "Bundling main.css",
          "Using Node.js 19.3.4",
          "\u26a0 DEPRECATION: Feature will be removed in v5.0",
          "Exception: ValueError",
          "Coverage: 85% statements, 87% branches",
          "Using Python 3.11",
          "  PASS: test_db_connect (303ms)",
          "\u2713 test completed",
          "Step 9/17: Installing dependencies",
          "Waiting...",
          "Pushing to registry...",
          "Transforming 527 files...",
          "Step 1/16: Deploying",
          "pip: Collecting axios",
          "Minifying main.js",
          "\u2713 Task completed in 3380ms",
          "Coverage: 78% statements, 63% branches",
          "Cache restored successfully (444MB)",
          "Tests: 386 passed, 325 total",
          "Artifact downloaded: 3MB",
          "Compiling lib/handler.rs...",
          "npm notice: package.json updated",
          "[12:52:22] INFO: Processing request",
          "Layer 4/8: COPY command",
          "Transforming 676 files...",
          "Done.",
          "Fetching submodules...",
          "Artifact uploaded: build.tar.gz (17MB)",
          "Connection established",
          "[12:52:22] INFO: Starting build process",
          "Step 9/22: Deploying",
          "Image pulled successfully",
          "Step 12/22: Testing",
          "Optimizing 35 modules...",
          "[12:52:22] INFO: Cache refreshed",
          "[12:52:22] DEBUG: Query executed in 40ms",
          "  PASS: test_auth_login (326ms)",
          "Minifying vendor.js",
          "Cache invalidated: dependencies",
          "Checking out develop branch",
          "Time: 5.244s",
          "\u2713 validate completed",
          "Layer 3/14: ENV command",
          "Transforming 175 files...",
          "Completed.",
          "\u2717 build failed with exit code 62",
          "npm install: added 332 packages",
          "[12:52:22] INFO: Request completed",
          "[12:52:22] DEBUG: Memory usage: 1494MB",
          "Verifying...",
          "Step 3/16: Testing",
          "Test Suites: 36 passed, 21 total",
          "pip: Collecting express",
          "Ran 41 tests in 24s",
          "Creating production build...",
          "npm notice: package.json updated",
          "[12:52:22] INFO: Request completed",
          "Pushing to registry...",
          "[12:52:22] DEBUG: Loading configuration",
          "  PASS: test_cache_hit (146ms)",
          "[12:52:22] INFO: Processing request",
          "Installing webpack@1.5.8",
          "[12:52:22] DEBUG: Connection pool: 2 active",
          "npm install: added 10 packages",
          "Exception: ValueError",
          "Done.",
          "Step 19/20: Testing",
          "GET /api - 200 (86ms)",
          "Already up to date.",
          "Tests: 385 passed, 54 total",
          "[12:52:22] INFO: Starting build process",
          "Tests: 459 passed, 329 total",
          "Checking out main branch",
          "Test Suites: 35 passed, 8 total",
          "[12:52:22] INFO: Connecting to database",
          "Cache miss for key-9466",
          "Compiling lib/utils.go...",
          "Artifact downloaded: 38MB",
          "WARNING: express has known vulnerabilities",
          "GET /health - 200 (69ms)",
          "Switched to branch 'feature/task-217'",
          "Test Suites: 17 passed, 24 total",
          "Tests: 326 passed, 353 total",
          "Finished.",
          "Using Python 3.10",
          "WARNING: jest has known vulnerabilities",
          "Cache hit for key-3602",
          "[12:52:22] DEBUG: Initializing service",
          "Compiling src/app.ts...",
          "[12:52:22] DEBUG: Initializing service",
          "[12:52:22] ERROR: Connection failed",
          "GET /status - 200 (13ms)",
          "yarn add: Done in 12.50s",
          "\u2713 All checks passed",
          "NODE_ENV=production",
          "\u2713 validate completed",
          "Artifact uploaded: dist.zip (67MB)",
          "=== Step e2e_tests completed ==="
        ]
      },
      {
        "name": "setup_node",
        "status": "success",
        "started_at": "2025-11-23T12:54:42.477402",
        "finished_at": "2025-11-23T12:54:54.588113",
        "log_lines": [
          "=== Step: setup_node ===",
          "[12:52:22] INFO: Cache refreshed",
          "Step 14/20: Building",
          "\u2713 Task completed in 4635ms",
          "Test Suites: 12 passed, 44 total",
          "\u2713 Step 'build' succeeded",
          "Artifact downloaded: 17MB",
          "Loading...",
          "pip: Collecting lodash",
          "Verifying...",
          "OK",
          "POST /data - 200 (286ms)",
          "OK",
          "Step 2/15: Linting",
          "[12:52:22] DEBUG: Connection pool: 12 active",
          "TLS handshake completed",
          "pip install: Successfully installed lodash-4.3",
          "Pushing to registry...",
          "Pushing to registry...",
          "Minifying app.js",
          "Cache saved successfully",
          "npm install: added 335 packages",
          "Cache hit for key-4412",
          "Ran 111 tests in 45s",
          "[12:52:22] INFO: Processing request",
          "Step 14/18: Installing dependencies",
          "GET /status - 200 (77ms)",
          "Coverage: 92% statements, 89% branches",
          "Artifact downloaded: 7MB",
          "\u2717 build failed with exit code 91",
          "Pushing to registry...",
          "npm notice: package.json updated",
          "Pushing to registry...",
          "Connection established",
          "Loading...",
          "HEAD is now at a6803f3",
          "Waiting...",
          "Checking out master branch",
          "pip: Downloading eslint-3.14.tar.gz",
          "POST /data - 201 (292ms)",
          "Step 4/23: Running migrations",
          "Building Docker image...",
          "Success!",
          "Step 19/18: Linting",
          "Cache miss for key-4357",
          "Processing...",
          "Connection established",
          "[12:52:22] DEBUG: Query executed in 2ms",
          "Fetching submodules...",
          "  PASS: e2e/test_cache_hit.spec.js",
          "Using Node.js 14.15.4",
          "Generating source maps...",
          "Uploading artifact 'dist' (11 files)",
          "Success!",
          "Processing...",
          "Finished.",
          "\u26a0 DEPRECATION: Feature will be removed in v5.0",
          "WARNING: jest has known vulnerabilities",
          "Already up to date.",
          "yarn add: Done in 8.41s",
          "Time: 113.617s",
          "npm install: added 431 packages",
          "Environment: development",
          "Layer 10/9: COPY command",
          "[12:52:22] WARN: Deprecated API usage",
          "  PASS: integration/test_api_health.spec.js",
          "Waiting...",
          "pip: Installing build dependencies...",
          "pip install: Successfully installed prettier-3.6",
          "Step 12/25: Linting",
          "WARNING: prettier has known vulnerabilities",
          "Artifact uploaded: dist.zip (54MB)",
          "Cache miss for key-9478",
          "Cache saved successfully",
          "GET /api - 204 (30ms)",
          "Compiling lib/utils.go...",
          "Cache restored successfully (324MB)",
          "Optimizing 15 modules...",
          "yarn add: Done in 7.94s",
          "Step 5/19: Testing",
          "[12:52:22] INFO: Request completed",
          "[12:52:22] DEBUG: Connection pool: 17 active",
          "[12:52:22] INFO: Processing request",
          "Artifact uploaded: build.tar.gz (8MB)",
          "Platform: win32-x64",
          "Finished.",
          "Step 16/16: Building",
          "Pulling image: node:18",
          "[12:52:22] DEBUG: Initializing service",
          "Artifact uploaded: build.tar.gz (3MB)",
          "Compiling lib/service.java...",
          "Artifact uploaded: build.tar.gz (32MB)",
          "WARNING: eslint has known vulnerabilities",
          "Verifying...",
          "yarn add: Done in 3.23s",
          "Uploading artifact 'coverage' (11 files)",
          "Switched to branch 'feature/task-673'",
          "Minifying main.js",
          "Bundling runtime.js",
          "Time: 95.399s",
          "Ran 37 tests in 14s",
          "\u26a0 DEPRECATION: Feature will be removed in v3.0",
          "Connection established",
          "Pushing to registry...",
          "  PASS: unit/test_auth_login.spec.js",
          "Cache invalidated: node_modules",
          "Coverage: 72% statements, 97% branches",
          "GET /status - 201 (36ms)",
          "pip: Collecting react",
          "Fetching from https://amazonaws.com/package.json",
          "Generating source maps...",
          "Pulling image: alpine:18",
          "Done.",
          "Step 4/21: Linting",
          "Cache saved successfully",
          "Snapshots: 26 passed, 31 total",
          "[12:52:22] DEBUG: Query executed in 36ms",
          "Completed.",
          "yarn add: Done in 5.50s",
          "npm notice: created a lockfile",
          "Image pulled successfully",
          "Step 18/18: Linting",
          "Ready.",
          "[12:52:22] INFO: Request completed",
          "Step 18/20: Testing",
          "\u26a0 DEPRECATION: Feature will be removed in v5.0",
          "Generating source maps...",
          "Finished.",
          "WARNING: webpack has known vulnerabilities",
          "Creating production build...",
          "Installing eslint@3.12.0",
          "npm notice: created a lockfile",
          "Cache invalidated: build",
          "yarn add: Done in 17.54s",
          "Step 13/16: Running migrations",
          "\u2713 Step 'test' succeeded",
          "Already up to date.",
          "Using Python 3.9",
          "Creating production build...",
          "Step 1/25: Installing dependencies",
          "Using Python 3.12",
          "[12:52:22] INFO: Processing request",
          "[12:52:22] DEBUG: Loading configuration",
          "HEAD is now at 00464a9",
          "Done.",
          "GET /health - 201 (83ms)",
          "[12:52:22] WARN: Deprecated API usage",
          "Bundling styles.css",
          "Compiling src/service.java...",
          "pip: Downloading webpack-1.3.tar.gz",
          "pip: Downloading react-5.6.tar.gz",
          "\u2717 build failed with exit code 87",
          "Success!",
          "npm notice: package.json updated",
          "\u2713 Task completed in 1667ms",
          "[12:52:22] INFO: Request completed",
          "pip: Collecting react",
          "Cache saved successfully",
          "Environment: development",
          "Platform: win32-x64",
          "pip: Downloading jest-4.17.tar.gz",
          "FAILED: test_cache_hit",
          "Coverage: 88% statements, 85% branches",
          "Switched to branch 'feature/task-604'",
          "\u2713 test completed",
          "Test Suites: 49 passed, 22 total",
          "Coverage: 86% statements, 65% branches",
          "Uploading artifact 'dist' (31 files)",
          "POST /data - 201 (471ms)",
          "Done.",
          "GET /api - 200 (99ms)",
          "Step 20/18: Linting",
          "[12:52:22] INFO: Request completed",
          "Step 19/17: Installing dependencies",
          "Processing...",
          "WARNING: react has known vulnerabilities",
          "TLS handshake completed",
          "[12:52:22] INFO: Connecting to database",
          "Compiling utils/main.py...",
          "FAILED: test_db_connect",
          "Already up to date.",
          "TLS handshake completed",
          "Connection established",
          "OK",
          "[12:52:22] WARN: Deprecated API usage",
          "[12:52:22] DEBUG: Initializing service",
          "[12:52:22] INFO: Processing request",
          "Installing axios@3.14.4",
          "Checking out develop branch",
          "POST /api - 200 (206ms)",
          "GET /health - 204 (26ms)",
          "Ready.",
          "Ran 157 tests in 21s",
          "Step 10/25: Installing dependencies",
          "Exception: TypeError",
          "=== Step setup_node completed ==="
        ]
      },
      {
        "name": "unit_tests",
        "status": "success",
        "started_at": "2025-11-23T12:54:54.588113",
        "finished_at": "2025-11-23T12:55:30.920247",
        "log_lines": [
          "=== Step: unit_tests ===",
          "Coverage: 98% statements, 61% branches",
          "Using Node.js 17.2.7",
          "Already up to date.",
          "Success!",
          "OK",
          "yarn add: Done in 20.71s",
          "\u26a0 DEPRECATION: Feature will be removed in v3.0",
          "Exception: RuntimeError",
          "Compiling components/main.py...",
          "[12:52:22] DEBUG: Loading configuration",
          "[12:52:22] WARN: Deprecated API usage",
          "Success!",
          "Pulling image: python:3.11",
          "OK",
          "\u2717 build failed with exit code 67",
          "yarn add: Done in 4.84s",
          "Cache miss for key-4014",
          "\u2713 Step 'install' succeeded",
          "\u2713 All checks passed",
          "Connection established",
          "Processing...",
          "OK",
          "POST /api - 201 (135ms)",
          "[12:52:22] DEBUG: Query executed in 29ms",
          "[12:52:22] DEBUG: Initializing service",
          "Done.",
          "[12:52:22] DEBUG: Loading configuration",
          "Platform: linux-x64",
          "Fetching from https://gcr.io/package.json",
          "Tests: 430 passed, 469 total",
          "Verifying...",
          "Verifying...",
          "[12:52:22] WARN: Deprecated API usage",
          "Cache hit for key-6613",
          "Ready.",
          "[12:52:22] DEBUG: Initializing service",
          "Optimizing 27 modules...",
          "pip: Installing build dependencies...",
          "Pulling image: alpine:3.11",
          "Artifact uploaded: dist.zip (27MB)",
          "pip: Collecting prettier",
          "Step 13/21: Installing dependencies",
          "Using Node.js 20.3.0",
          "\u2713 lint completed",
          "Compiling src/app.ts...",
          "Step 5/23: Linting",
          "Image pulled successfully",
          "Snapshots: 8 passed, 19 total",
          "Step 3/18: Installing dependencies",
          "Completed.",
          "Cache saved successfully",
          "Compiling src/index.js...",
          "[12:52:22] DEBUG: Loading configuration",
          "Time: 81.853s",
          "Processing...",
          "Building Docker image...",
          "[12:52:22] WARN: Deprecated API usage",
          "Compiling src/service.java...",
          "Fetching from https://gcr.io/package.json",
          "\u26a0 DEPRECATION: Feature will be removed in v3.0",
          "pip: Downloading webpack-4.3.tar.gz",
          "GET /health - 200 (30ms)",
          "[12:52:22] INFO: Starting build process",
          "Exception: NullPointerException",
          "HEAD is now at 49702cd",
          "Connection established",
          "\u2713 deploy completed",
          "Snapshots: 48 passed, 9 total",
          "Time: 65.734s",
          "[12:52:22] WARN: Deprecated API usage",
          "Optimizing 22 modules...",
          "[12:52:22] DEBUG: Query executed in 71ms",
          "Coverage: 83% statements, 80% branches",
          "Artifact downloaded: 3MB",
          "[12:52:22] WARN: Deprecated API usage",
          "Success!",
          "Switched to branch 'bugfix/task-227'",
          "  PASS: test_auth_login (55ms)",
          "Connection established",
          "Compiling components/utils.go...",
          "npm notice: created a lockfile",
          "OK",
          "Completed.",
          "Optimizing 33 modules...",
          "Step 12/17: Linting",
          "Platform: linux-x64",
          "[12:52:22] DEBUG: Connection pool: 15 active",
          "Cache restored successfully (391MB)",
          "Ran 124 tests in 20s",
          "[12:52:22] DEBUG: Memory usage: 1041MB",
          "[12:52:22] DEBUG: Query executed in 29ms",
          "Finished.",
          "Cache restored successfully (185MB)",
          "Compiling lib/service.java...",
          "Step 17/25: Testing",
          "pip install: Successfully installed express-4.13",
          "npm notice: package.json updated",
          "Image pulled successfully",
          "Step 14/16: Linting",
          "Completed.",
          "Using Node.js 20.15.9",
          "Optimizing 55 modules...",
          "Artifact uploaded: build.tar.gz (33MB)",
          "Image pulled successfully",
          "Connection established",
          "Coverage: 88% statements, 68% branches",
          "Checking out main branch",
          "Time: 25.280s",
          "npm notice: package.json updated",
          "Artifact uploaded: build.tar.gz (50MB)",
          "Compiling src/app.ts...",
          "Platform: win32-x64",
          "npm notice: package.json updated",
          "Cache invalidated: build",
          "Pulling image: node:3.11",
          "Layer 8/8: COPY command",
          "[12:52:22] DEBUG: Initializing service",
          "Transforming 457 files...",
          "Step 3/22: Installing dependencies",
          "Bundling main.js",
          "Artifact uploaded: dist.zip (11MB)",
          "[12:52:22] DEBUG: Memory usage: 1136MB",
          "Compiling components/app.ts...",
          "WARNING: jest has known vulnerabilities",
          "[12:52:22] INFO: Cache refreshed",
          "pip install: Successfully installed react-1.13",
          "HEAD is now at 318473c",
          "Cache hit for key-2551",
          "Step 4/20: Building",
          "Cache restored successfully (186MB)",
          "\u2713 Task completed in 2051ms",
          "\u2713 lint completed",
          "[12:52:22] WARN: Deprecated API usage",
          "Using Node.js 17.11.4",
          "Creating production build...",
          "Compiling components/index.js...",
          "pip: Collecting jest",
          "pip: Downloading eslint-4.6.tar.gz",
          "Step 6/15: Installing dependencies",
          "  PASS: integration/test_api_health.spec.js",
          "Uploading artifact 'coverage' (12 files)",
          "Uploading artifact 'coverage' (35 files)",
          "[12:52:22] DEBUG: Connection pool: 12 active",
          "Coverage: 93% statements, 85% branches",
          "\u2713 Task completed in 2015ms",
          "Compiling lib/main.py...",
          "Completed.",
          "Compiling lib/service.java...",
          "GET /api - 200 (77ms)",
          "Installing react@3.16.3",
          "Using Python 3.12",
          "\u2713 Task completed in 3512ms",
          "Minifying main.js",
          "Step 12/19: Building",
          "Building Docker image...",
          "Step 13/15: Linting",
          "Done.",
          "\u2713 All checks passed",
          "WARNING: express has known vulnerabilities",
          "Finished.",
          "Loading...",
          "[12:52:22] INFO: Connecting to database",
          "Verifying...",
          "Waiting...",
          "FAILED: test_db_connect",
          "Exception: NullPointerException",
          "Platform: win32-x64",
          "[12:52:22] INFO: Connecting to database",
          "POST /api - 200 (113ms)",
          "\u2717 build failed with exit code 7",
          "[12:52:22] INFO: Starting build process",
          "npm notice: created a lockfile",
          "TLS handshake completed",
          "pip: Collecting prettier",
          "OK",
          "[12:52:22] INFO: Request completed",
          "[12:52:22] DEBUG: Initializing service",
          "GET /status - 204 (79ms)",
          "Ready.",
          "[12:52:22] DEBUG: Connection pool: 12 active",
          "Step 16/16: Building",
          "TLS handshake completed",
          "Environment: test",
          "Optimizing 77 modules...",
          "GET /health - 201 (8ms)",
          "Verifying...",
          "\u26a0 DEPRECATION: Feature will be removed in v4.0",
          "Success!",
          "[12:52:22] INFO: Request completed",
          "  PASS: test_cache_hit (390ms)",
          "[12:52:22] DEBUG: Connection pool: 18 active",
          "[12:52:22] INFO: Request completed",
          "Environment: staging",
          "[12:52:22] INFO: Cache refreshed",
          "=== Step unit_tests completed ==="
        ]
      },
      {
        "name": "type_check",
        "status": "success",
        "started_at": "2025-11-23T12:55:30.920247",
        "finished_at": "2025-11-23T12:55:43.030958",
        "log_lines": [
          "=== Step: type_check ===",
          "Generating source maps...",
          "Using Python 3.10",
          "[12:52:22] WARN: Deprecated API usage",
          "Verifying...",
          "Step 17/21: Running migrations",
          "[12:52:22] DEBUG: Loading configuration",
          "Bundling vendor.css",
          "pip: Installing build dependencies...",
          "Test Suites: 43 passed, 23 total",
          "Pushing to registry...",
          "Using Node.js 14.6.1",
          "yarn add: Done in 14.28s",
          "Already up to date.",
          "Completed.",
          "[12:52:22] INFO: Connecting to database",
          "Ready.",
          "Step 10/16: Testing",
          "Step 5/23: Deploying",
          "Already up to date.",
          "[12:52:22] WARN: Deprecated API usage",
          "pip install: Successfully installed lodash-2.17",
          "Cache hit for key-7980",
          "Using Python 3.9",
          "Compiling src/app.ts...",
          "pip: Collecting webpack",
          "Snapshots: 48 passed, 18 total",
          "\u2713 Step 'test' succeeded",
          "Finished.",
          "Pulling image: python:latest",
          "[12:52:22] INFO: Starting build process",
          "[12:52:22] DEBUG: Initializing service",
          "pip: Collecting jest",
          "pip: Collecting axios",
          "pip: Installing build dependencies...",
          "[12:52:22] WARN: Deprecated API usage",
          "OK",
          "Success!",
          "Creating production build...",
          "[12:52:22] INFO: Processing request",
          "Waiting...",
          "Already up to date.",
          "Verifying...",
          "Uploading artifact 'dist' (20 files)",
          "Uploading artifact 'build' (44 files)",
          "[12:52:22] DEBUG: Query executed in 70ms",
          "Bundling styles.js",
          "pip install: Successfully installed eslint-1.7",
          "Verifying...",
          "Fetching from https://amazonaws.com/package.json",
          "Exception: TypeError",
          "[12:52:22] INFO: Processing request",
          "Layer 7/10: RUN command",
          "Step 16/16: Deploying",
          "Image pulled successfully",
          "HEAD is now at 7aa8f78",
          "Pulling image: node:3.11",
          "Minifying main.js",
          "Step 20/16: Testing",
          "Cache invalidated: build",
          "[12:52:22] INFO: Cache refreshed",
          "npm install: added 469 packages",
          "Time: 28.643s",
          "  PASS: test_api_health (70ms)",
          "Time: 15.563s",
          "\u2717 build failed with exit code 56",
          "Cache miss for key-5777",
          "Cache restored successfully (149MB)",
          "POST /upload - 201 (109ms)",
          "Image pulled successfully",
          "HEAD is now at 1c8c6c1",
          "[12:52:22] INFO: Processing request",
          "Cache hit for key-2628",
          "npm install: added 55 packages",
          "NODE_ENV=production",
          "Coverage: 97% statements, 79% branches",
          "Using Python 3.9",
          "Ran 122 tests in 30s",
          "Fetching submodules...",
          "Step 13/24: Building",
          "Step 7/15: Running migrations",
          "Compiling lib/index.js...",
          "Exception: ValueError",
          "HEAD is now at 7184a4c",
          "[12:52:22] INFO: Request completed",
          "Artifact uploaded: dist.zip (16MB)",
          "Cache hit for key-2129",
          "Ran 67 tests in 11s",
          "pip: Collecting eslint",
          "[12:52:22] INFO: Cache refreshed",
          "Waiting...",
          "Cache hit for key-5510",
          "Minifying main.js",
          "Optimizing 41 modules...",
          "Using Python 3.12",
          "Optimizing 68 modules...",
          "[12:52:22] INFO: Connecting to database",
          "\u2713 Step 'setup' succeeded",
          "pip: Collecting axios",
          "[12:52:22] DEBUG: Query executed in 98ms",
          "NODE_ENV=development",
          "OK",
          "Snapshots: 17 passed, 19 total",
          "Fetching from https://githubusercontent.com/package.json",
          "npm install: added 405 packages",
          "Compiling components/service.java...",
          "FAILED: test_api_health",
          "pip: Downloading webpack-1.8.tar.gz",
          "Test Suites: 23 passed, 15 total",
          "\u26a0 DEPRECATION: Feature will be removed in v4.0",
          "[12:52:22] DEBUG: Connection pool: 1 active",
          "Success!",
          "Step 2/19: Testing",
          "Artifact downloaded: 46MB",
          "Environment: test",
          "Artifact uploaded: build.tar.gz (26MB)",
          "Step 3/22: Building",
          "Coverage: 90% statements, 86% branches",
          "Done.",
          "Step 8/17: Deploying",
          "npm install: resolved 1512 packages",
          "npm install: added 430 packages",
          "pip install: Successfully installed axios-5.19",
          "Uploading artifact 'build' (46 files)",
          "\u26a0 DEPRECATION: Feature will be removed in v4.0",
          "Cache hit for key-7129",
          "pip: Installing build dependencies...",
          "Using Python 3.9",
          "Loading...",
          "Cache restored successfully (358MB)",
          "Exception: TypeError",
          "FAILED: test_api_health",
          "Artifact uploaded: dist.zip (29MB)",
          "Layer 6/13: COPY command",
          "Tests: 487 passed, 126 total",
          "Step 20/22: Running migrations",
          "[12:52:22] INFO: Starting build process",
          "Transforming 135 files...",
          "WARNING: webpack has known vulnerabilities",
          "Step 8/17: Deploying",
          "Tests: 141 passed, 389 total",
          "  PASS: test_db_connect (472ms)",
          "Loading...",
          "[12:52:22] INFO: Connecting to database",
          "Finished.",
          "[12:52:22] INFO: Cache refreshed",
          "\u26a0 DEPRECATION: Feature will be removed in v4.0",
          "Test Suites: 26 passed, 16 total",
          "pip install: Successfully installed express-3.0",
          "[12:52:22] WARN: Deprecated API usage",
          "Loading...",
          "\u2713 Step 'setup' succeeded",
          "Loading...",
          "pip install: Successfully installed axios-5.11",
          "yarn add: Done in 28.38s",
          "Exception: NullPointerException",
          "Image pulled successfully",
          "Environment: staging",
          "Installing axios@4.4.6",
          "Checking out main branch",
          "\u2713 lint completed",
          "Compiling components/main.py...",
          "Completed.",
          "Checking out develop branch",
          "Exception: TypeError",
          "Fetching from https://registry.npmjs.org/package.json",
          "Done.",
          "Tests: 106 passed, 183 total",
          "POST /api - 201 (87ms)",
          "Artifact uploaded: dist.zip (52MB)",
          "Layer 6/13: ENV command",
          "Step 1/22: Installing dependencies",
          "[12:52:22] INFO: Cache refreshed",
          "Artifact uploaded: dist.zip (52MB)",
          "Step 13/18: Building",
          "[12:52:22] DEBUG: Initializing service",
          "Cache hit for key-8125",
          "[12:52:22] INFO: Starting build process",
          "[12:52:22] DEBUG: Loading configuration",
          "Time: 47.217s",
          "Cache saved successfully",
          "WARNING: lodash has known vulnerabilities",
          "[12:52:22] DEBUG: Query executed in 82ms",
          "Coverage: 83% statements, 87% branches",
          "Bundling vendor.css",
          "Switched to branch 'feature/task-469'",
          "Cache invalidated: build",
          "npm install: resolved 930 packages",
          "Switched to branch 'feature/task-678'",
          "[12:52:22] INFO: Connecting to database",
          "Artifact downloaded: 17MB",
          "Checking out main branch",
          "Optimizing 30 modules...",
          "Coverage: 92% statements, 89% branches",
          "HEAD is now at 3d5204a",
          "=== Step type_check completed ==="
        ]
      }
    ],
    "label": "normal"
  }
}