{
  "action": "completed",
  "workflow_run": {
    "id": 207,
    "name": "CI Pipeline",
    "head_branch": "feature/feat-531",
    "head_sha": "356ba04dfe55decf1757b6ebc5bfb13a12e245af",
    "status": "completed",
    "conclusion": "success",
    "run_started_at": "2025-11-23T12:50:49.078862Z",
    "updated_at": "2025-11-23T12:52:17.032012Z"
  },
  "repository": {
    "full_name": "acme-corp/data-pipeline",
    "name": "data-pipeline"
  },
  "sender": {
    "login": "bob"
  },
  "_safeops_extended": {
    "raw_logs": "=== Step: setup_node ===\nCache hit for key-8749\n[12:50:49] DEBUG: Connection pool: 14 active\n\u2713 package completed\nnpm install: added 312 packages\nSuccess!\nConnection established\nFetching submodules...\n\u26a0 DEPRECATION: Feature will be removed in v2.0\nCache restored successfully (491MB)\nSwitched to branch 'hotfix/task-835'\nCache restored successfully (38MB)\nWaiting...\nCompleted.\nVerifying...\nWARNING: axios has known vulnerabilities\npip: Downloading eslint-1.10.tar.gz\nBuilding Docker image...\nPOST /api - 200 (227ms)\nLoading...\npip: Downloading express-5.8.tar.gz\nTest Suites: 45 passed, 23 total\n[12:50:49] INFO: Request completed\npip: Collecting webpack\n[12:50:49] DEBUG: Query executed in 45ms\nLayer 10/11: COPY command\nLoading...\n\u2713 Step 'build' succeeded\nHEAD is now at 24dc52c\nFetching from https://pypi.org/package.json\n[12:50:49] DEBUG: Loading configuration\nUsing Node.js 20.4.7\nCache hit for key-4293\nTime: 73.63s\n[12:50:49] WARN: Deprecated API usage\nNODE_ENV=production\nCompiling lib/service.java...\nOK\n[12:50:49] DEBUG: Initializing service\nLayer 8/11: ENV command\n[12:50:49] DEBUG: Loading configuration\nStep 19/23: Building\n[12:50:49] DEBUG: Initializing service\n[12:50:49] INFO: Starting build process\nCompiling components/main.py...\nCompiling lib/service.java...\nCompiling src/app.ts...\nChecking out main branch\nOptimizing 90 modules...\nStep 20/18: Building\n\u2717 build failed with exit code 27\nStep 8/24: Deploying\n\u2713 Task completed in 3006ms\nnpm notice: package.json updated\nSwitched to branch 'bugfix/task-206'\nCompleted.\nDone.\nCompiling lib/main.py...\nArtifact uploaded: dist.zip (1MB)\nStep 14/15: Installing dependencies\nGenerating source maps...\nUsing Python 3.10\nArtifact downloaded: 17MB\nCache hit for key-9285\nOptimizing 26 modules...\nLayer 10/9: COPY command\nWARNING: express has known vulnerabilities\n[12:50:49] DEBUG: Loading configuration\n\u2713 All checks passed\nSwitched to branch 'bugfix/task-417'\n[12:50:49] INFO: Connecting to database\nTLS handshake completed\npip: Collecting eslint\nStep 8/23: Installing dependencies\n\u26a0 DEPRECATION: Feature will be removed in v4.0\nUsing Node.js 17.3.10\nVerifying...\npip install: Successfully installed jest-4.15\n\u2713 Step 'setup' succeeded\nStep 13/25: Installing dependencies\nMinifying main.js\nFinished.\nAlready up to date.\nTests: 88 passed, 459 total\n  PASS: test_api_health (136ms)\nVerifying...\n\u2713 Step 'test' succeeded\n[12:50:49] INFO: Cache refreshed\n  PASS: test_auth_login (146ms)\n\u26a0 DEPRECATION: Feature will be removed in v4.0\n  PASS: e2e/test_db_connect.spec.js\nWARNING: prettier has known vulnerabilities\nnpm install: resolved 709 packages\n\u26a0 DEPRECATION: Feature will be removed in v4.0\n[12:50:49] INFO: Starting build process\nCache saved successfully\nOptimizing 11 modules...\n\u2713 Step 'checkout' succeeded\nDone.\n[12:50:49] DEBUG: Initializing service\nSwitched to branch 'hotfix/task-395'\nProcessing...\nCache saved successfully\nUsing Python 3.12\nUploading artifact 'dist' (19 files)\nEnvironment: staging\nProcessing...\nArtifact uploaded: dist.zip (46MB)\nWaiting...\n\u2713 Step 'setup' succeeded\nyarn add: Done in 12.7s\nnpm install: added 424 packages\nStep 2/17: Deploying\nOptimizing 31 modules...\n[12:50:49] INFO: Cache refreshed\nCompiling src/handler.rs...\nTests: 76 passed, 103 total\nnpm notice: package.json updated\nCompleted.\n[12:50:49] INFO: Connecting to database\nCache miss for key-6490\nStep 17/16: Running migrations\nCreating production build...\n[12:50:49] INFO: Connecting to database\n[12:50:49] DEBUG: Loading configuration\nInstalling prettier@3.3.1\nFAILED: test_cache_hit\nCache restored successfully (221MB)\nProcessing...\nCompiling utils/index.js...\nLoading...\nArtifact downloaded: 43MB\nSuccess!\nPulling image: python:latest\nUploading artifact 'build' (23 files)\n\u2713 All checks passed\nUsing Node.js 19.15.4\n[12:50:49] DEBUG: Initializing service\nMinifying app.js\n[12:50:49] INFO: Connecting to database\nProcessing...\nAlready up to date.\nCompiling components/main.py...\nMinifying main.js\nArtifact uploaded: build.tar.gz (34MB)\n  PASS: test_auth_login (401ms)\nReady.\nTest Suites: 22 passed, 45 total\nFetching from https://registry.npmjs.org/package.json\nFetching from https://googleapis.com/package.json\nOptimizing 56 modules...\nStep 6/24: Linting\n  PASS: test_api_health (204ms)\nUsing Python 3.9\n[12:50:49] WARN: Deprecated API usage\nFetching submodules...\nCompiling src/handler.rs...\nLayer 6/12: COPY command\nSnapshots: 10 passed, 24 total\nnpm notice: package.json updated\nRan 87 tests in 60s\nOK\nBundling vendor.js\nCompiling utils/service.java...\n\u2713 Step 'install' succeeded\n[12:50:49] DEBUG: Loading configuration\nTests: 75 passed, 271 total\nCompiling components/main.py...\nUsing Python 3.12\nCreating production build...\nUsing Python 3.11\nHEAD is now at 3df0979\nPlatform: darwin-arm64\nImage pulled successfully\nnpm notice: created a lockfile\nDone.\nGET /health - 204 (17ms)\n\u2713 Step 'install' succeeded\n[12:50:49] ERROR: Connection failed\nCompiling utils/index.js...\nHEAD is now at 47a8a29\nCompleted.\nCache restored successfully (498MB)\n[12:50:49] WARN: Deprecated API usage\nFetching from https://amazonaws.com/package.json\nUsing Python 3.11\nAlready up to date.\n\u26a0 DEPRECATION: Feature will be removed in v3.0\nnpm notice: package.json updated\nnpm notice: created a lockfile\nImage pulled successfully\nWARNING: axios has known vulnerabilities\n[12:50:49] DEBUG: Memory usage: 763MB\n\u2713 test completed\nProcessing...\nnpm notice: created a lockfile\nPOST /upload - 201 (110ms)\nPushing to registry...\nCompiling src/main.py...\n[12:50:49] DEBUG: Connection pool: 2 active\n[12:50:49] DEBUG: Initializing service\nCache restored successfully (187MB)\nPushing to registry...\nCache saved successfully\nAlready up to date.\nCompiling lib/index.js...\nStep 8/20: Installing dependencies\nStep 15/16: Building\nyarn add: Done in 16.62s\nStep 17/18: Installing dependencies\nGET /api - 200 (34ms)\npip: Downloading eslint-4.6.tar.gz\nArtifact uploaded: dist.zip (18MB)\nFetching submodules...\nWaiting...\nCompiling utils/main.py...\nCache invalidated: dependencies\n[12:50:49] DEBUG: Initializing service\n[12:50:49] DEBUG: Memory usage: 1942MB\n[12:50:49] INFO: Cache refreshed\n[12:50:49] DEBUG: Initializing service\nLoading...\n  PASS: test_cache_hit (361ms)\nyarn add: Done in 6.0s\nReady.\nHEAD is now at 201d1ed\nBundling runtime.js\nOptimizing 13 modules...\nSnapshots: 29 passed, 4 total\n\u26a0 DEPRECATION: Feature will be removed in v2.0\nnpm install: resolved 879 packages\nCache restored successfully (71MB)\nArtifact downloaded: 31MB\nTime: 31.228s\n  PASS: unit/test_api_health.spec.js\nNODE_ENV=test\n[12:50:49] INFO: Request completed\nTime: 31.244s\nGET /api - 204 (40ms)\n[12:50:49] DEBUG: Query executed in 73ms\n[12:50:49] WARN: Deprecated API usage\npip: Installing build dependencies...\nStep 10/18: Running migrations\nArtifact downloaded: 43MB\n[12:50:49] WARN: Deprecated API usage\nSuccess!\n  PASS: integration/test_auth_login.spec.js\n  PASS: test_auth_login (370ms)\n\u26a0 DEPRECATION: Feature will be removed in v3.0\nStep 16/25: Deploying\nWaiting...\nnpm install: added 82 packages\nHEAD is now at 5bfa48c\nCompiling src/main.py...\nMinifying vendor.js\n[12:50:49] ERROR: Connection failed\nLayer 7/8: RUN command\nSuccess!\nWARNING: express has known vulnerabilities\nLayer 7/11: ENV command\n  PASS: test_api_health (415ms)\n[12:50:49] INFO: Processing request\npip install: Successfully installed prettier-1.8\n[12:50:49] WARN: Deprecated API usage\n[12:50:49] INFO: Cache refreshed\nnpm notice: created a lockfile\n  PASS: integration/test_api_health.spec.js\nChecking out master branch\nArtifact uploaded: dist.zip (82MB)\nGET /health - 204 (76ms)\nHEAD is now at c90c027\n[12:50:49] DEBUG: Memory usage: 1112MB\nConnection established\nUsing Node.js 14.12.3\n[12:50:49] INFO: Processing request\n[12:50:49] INFO: Request completed\nConnection established\nPlatform: darwin-arm64\nWARNING: react has known vulnerabilities\nTests: 90 passed, 158 total\nStep 20/19: Testing\nFinished.\nFetching from https://amazonaws.com/package.json\nImage pulled successfully\n  PASS: e2e/test_cache_hit.spec.js\n[12:50:49] DEBUG: Initializing service\nStep 4/24: Linting\n\u26a0 DEPRECATION: Feature will be removed in v2.0\n  PASS: test_cache_hit (157ms)\n[12:50:49] WARN: Deprecated API usage\nnpm install: added 74 packages\n[12:50:49] DEBUG: Connection pool: 18 active\n[12:50:49] DEBUG: Connection pool: 5 active\nStep 1/20: Linting\nCache invalidated: build\nInstalling webpack@2.6.0\nAlready up to date.\npip install: Successfully installed axios-3.3\n=== Step setup_node completed ===\n=== Step: checkout ===\n\u2713 Step 'checkout' succeeded\n[12:50:49] DEBUG: Initializing service\nStep 3/24: Testing\n[12:50:49] WARN: Deprecated API usage\nTests: 321 passed, 163 total\nSwitched to branch 'bugfix/task-272'\n\u26a0 DEPRECATION: Feature will be removed in v3.0\n\u26a0 DEPRECATION: Feature will be removed in v2.0\nGenerating source maps...\nRan 133 tests in 49s\nChecking out main branch\nMinifying app.js\n\u2713 Step 'checkout' succeeded\nLoading...\nCreating production build...\nStep 6/23: Linting\nOptimizing 49 modules...\nStep 13/17: Running migrations\nCompiling utils/service.java...\npip: Collecting eslint\nPulling image: alpine:3.11\nArtifact uploaded: build.tar.gz (8MB)\nDone.\n[12:50:49] INFO: Connecting to database\nTransforming 911 files...\nFinished.\n[12:50:49] INFO: Connecting to database\nCache restored successfully (268MB)\nRan 144 tests in 55s\n  PASS: integration/test_cache_hit.spec.js\nTLS handshake completed\nWaiting...\nCompiling src/handler.rs...\nFetching from https://npmjs.org/package.json\nCache saved successfully\npip install: Successfully installed webpack-5.18\nTime: 8.219s\nStep 9/16: Linting\n\u2713 deploy completed\nPulling image: alpine:3.11\n[12:50:49] DEBUG: Loading configuration\n[12:50:49] DEBUG: Memory usage: 1910MB\n[12:50:49] DEBUG: Memory usage: 1551MB\nException: NullPointerException\n[12:50:49] WARN: Deprecated API usage\nCache hit for key-9517\nLayer 2/9: ENV command\nnpm install: added 177 packages\npip: Installing build dependencies...\nnpm notice: created a lockfile\nAlready up to date.\nLayer 8/12: ENV command\n\u2713 build completed\npip: Installing build dependencies...\n\u2717 build failed with exit code 122\n\u2717 build failed with exit code 25\nStep 1/20: Installing dependencies\nConnection established\n  PASS: test_api_health (335ms)\nSnapshots: 36 passed, 5 total\nAlready up to date.\nGET /api - 201 (31ms)\nWaiting...\nTest Suites: 34 passed, 22 total\nInstalling jest@5.12.3\n  PASS: test_auth_login (189ms)\n[12:50:49] DEBUG: Loading configuration\nCache restored successfully (454MB)\npip: Installing build dependencies...\nLayer 4/8: COPY command\nArtifact uploaded: dist.zip (9MB)\nReady.\nOK\n[12:50:49] DEBUG: Initializing service\nStep 5/19: Deploying\n\u26a0 DEPRECATION: Feature will be removed in v4.0\n\u2713 All checks passed\n[12:50:49] DEBUG: Initializing service\nCoverage: 71% statements, 66% branches\nLoading...\nMinifying vendor.js\nLayer 6/13: RUN command\nStep 7/24: Linting\n[12:50:49] WARN: Deprecated API usage\n[12:50:49] INFO: Request completed\nImage pulled successfully\nStep 16/22: Testing\nMinifying main.js\nCache restored successfully (431MB)\nReady.\n  PASS: test_auth_login (362ms)\n  PASS: test_user_create (410ms)\nPOST /api - 202 (93ms)\nRan 28 tests in 3s\n[12:50:49] WARN: Deprecated API usage\nnpm notice: created a lockfile\nnpm notice: package.json updated\nFetching submodules...\nFAILED: test_cache_hit\n[12:50:49] DEBUG: Loading configuration\n  PASS: test_user_create (167ms)\nWaiting...\nCompiling utils/app.ts...\npip: Downloading express-1.10.tar.gz\nPOST /upload - 202 (399ms)\nPulling image: python:latest\nFetching from https://registry.npmjs.org/package.json\nCache restored successfully (53MB)\nGenerating source maps...\nStep 17/25: Building\n\u2713 Step 'build' succeeded\nCompiling components/service.java...\nArtifact uploaded: build.tar.gz (46MB)\nCache restored successfully (17MB)\nReady.\nnpm notice: package.json updated\nArtifact downloaded: 41MB\n[12:50:49] ERROR: Connection failed\nUsing Node.js 20.12.4\nyarn add: Done in 8.59s\n\u2713 All checks passed\n\u2713 Step 'checkout' succeeded\n[12:50:49] INFO: Cache refreshed\nnpm notice: created a lockfile\nStep 11/16: Testing\nCompiling src/index.js...\nArtifact downloaded: 25MB\nConnection established\nCompiling utils/app.ts...\nTests: 225 passed, 209 total\nFinished.\n[12:50:49] INFO: Processing request\n[12:50:49] DEBUG: Connection pool: 13 active\n[12:50:49] INFO: Request completed\nnpm notice: package.json updated\n[12:50:49] DEBUG: Memory usage: 189MB\nCoverage: 91% statements, 72% branches\n\u26a0 DEPRECATION: Feature will be removed in v2.0\n[12:50:49] INFO: Cache refreshed\nGenerating source maps...\n[12:50:49] DEBUG: Loading configuration\nMinifying main.js\n[12:50:49] WARN: Deprecated API usage\nLoading...\nOK\nMinifying app.js\nyarn add: Done in 24.53s\nWaiting...\nBuilding Docker image...\n[12:50:49] WARN: Deprecated API usage\nTLS handshake completed\nRan 130 tests in 6s\nyarn add: Done in 10.1s\nUploading artifact 'dist' (13 files)\nSwitched to branch 'feature/task-420'\nArtifact uploaded: build.tar.gz (34MB)\n[12:50:49] INFO: Starting build process\nAlready up to date.\nCompiling components/main.py...\nCompiling utils/utils.go...\n[12:50:49] INFO: Processing request\n[12:50:49] DEBUG: Connection pool: 17 active\nTest Suites: 43 passed, 22 total\nChecking out main branch\nLoading...\nSuccess!\nSwitched to branch 'feature/task-655'\nPOST /upload - 201 (497ms)\nPOST /upload - 202 (343ms)\nCompiling src/service.java...\nnpm notice: created a lockfile\nUsing Node.js 20.2.0\n[12:50:49] INFO: Cache refreshed\nCache miss for key-2126\nOK\nProcessing...\npip: Collecting axios\n\u26a0 DEPRECATION: Feature will be removed in v3.0\nHEAD is now at 4ab7e61\nCompiling utils/app.ts...\nSwitched to branch 'hotfix/task-894'\n[12:50:49] INFO: Starting build process\nPushing to registry...\n[12:50:49] DEBUG: Initializing service\nCreating production build...\n  PASS: unit/test_user_create.spec.js\nStep 10/16: Testing\nCache invalidated: build\nCompiling lib/main.py...\nArtifact downloaded: 28MB\nTLS handshake completed\nTime: 81.552s\nSuccess!\nStep 6/19: Testing\nnpm install: resolved 1823 packages\n[12:50:49] INFO: Request completed\nCache miss for key-9071\nSuccess!\nCompiling lib/service.java...\nWARNING: react has known vulnerabilities\nPlatform: linux-x64\nnpm notice: package.json updated\nTest Suites: 24 passed, 7 total\nWARNING: webpack has known vulnerabilities\n\u2713 Task completed in 3737ms\nStep 19/21: Running migrations\nCoverage: 71% statements, 60% branches\nCache invalidated: node_modules\npip install: Successfully installed jest-4.15\nRan 118 tests in 59s\npip: Installing build dependencies...\nCompiling src/utils.go...\n[12:50:49] ERROR: Connection failed\nBuilding Docker image...\nArtifact uploaded: dist.zip (82MB)\nMinifying app.js\nBuilding Docker image...\nTests: 137 passed, 399 total\nChecking out main branch\nyarn add: Done in 29.68s\nVerifying...\nLoading...\nUsing Node.js 16.3.1\n\u26a0 DEPRECATION: Feature will be removed in v4.0\n[12:50:49] WARN: Deprecated API usage\n[12:50:49] INFO: Cache refreshed\nInstalling prettier@3.13.6\nCoverage: 92% statements, 67% branches\nPushing to registry...\nException: TypeError\nPushing to registry...\nOptimizing 84 modules...\npip: Installing build dependencies...\n\u26a0 DEPRECATION: Feature will be removed in v3.0\nNODE_ENV=test\npip: Installing build dependencies...\n  PASS: integration/test_db_connect.spec.js\nCache miss for key-6872\nCache miss for key-2308\nTests: 392 passed, 318 total\nTime: 108.129s\n[12:50:49] DEBUG: Connection pool: 15 active\nWARNING: prettier has known vulnerabilities\n[12:50:49] DEBUG: Loading configuration\nCompiling utils/app.ts...\n\u2713 All checks passed\n  PASS: e2e/test_auth_login.spec.js\nArtifact uploaded: dist.zip (7MB)\nException: NullPointerException\nStep 20/24: Deploying\nyarn add: Done in 4.43s\nArtifact downloaded: 27MB\nCreating production build...\n[12:50:49] DEBUG: Loading configuration\nArtifact downloaded: 14MB\nHEAD is now at 2f89fa0\nException: RuntimeError\nLayer 5/12: COPY command\n[12:50:49] DEBUG: Memory usage: 478MB\nCoverage: 99% statements, 64% branches\nBundling main.js\nUsing Python 3.9\nStep 17/24: Building\nStep 11/24: Deploying\npip: Downloading react-4.1.tar.gz\n\u2713 Task completed in 4840ms\nnpm notice: package.json updated\nNODE_ENV=production\n\u2713 validate completed\nTest Suites: 39 passed, 29 total\nDone.\nVerifying...\n[12:50:49] DEBUG: Query executed in 56ms\nTLS handshake completed\nnpm notice: package.json updated\nCompleted.\nSnapshots: 40 passed, 45 total\nArtifact downloaded: 30MB\n\u26a0 DEPRECATION: Feature will be removed in v4.0\nCompiling lib/utils.go...\nSwitched to branch 'bugfix/task-676'\npip: Installing build dependencies...\n\u2713 package completed\nNODE_ENV=test\nException: ValueError\n\u26a0 DEPRECATION: Feature will be removed in v3.0\n[12:50:49] DEBUG: Memory usage: 615MB\nOptimizing 78 modules...\nHEAD is now at 00f25f8\nCompiling lib/main.py...\n[12:50:49] WARN: Deprecated API usage\nBuilding Docker image...\n  PASS: integration/test_api_health.spec.js\nnpm notice: package.json updated\nCoverage: 72% statements, 99% branches\nInstalling lodash@4.2.3\n[12:50:49] WARN: Deprecated API usage\n=== Step checkout completed ===\n=== Step: deploy_staging ===\n\u26a0 DEPRECATION: Feature will be removed in v4.0\nGET /health - 201 (4ms)\nCoverage: 93% statements, 75% branches\n\u2713 validate completed\n  PASS: test_api_health (363ms)\n  PASS: unit/test_api_health.spec.js\nArtifact uploaded: dist.zip (22MB)\npip install: Successfully installed lodash-4.16\n[12:50:49] WARN: Deprecated API usage\nPOST /data - 202 (365ms)\n[12:50:49] INFO: Request completed\nHEAD is now at bd7bd75\n[12:50:49] INFO: Starting build process\n[12:50:49] WARN: Deprecated API usage\nFinished.\nWARNING: eslint has known vulnerabilities\n[12:50:49] DEBUG: Initializing service\nFetching from https://registry.npmjs.org/package.json\nCompiling lib/handler.rs...\nPulling image: alpine:3.11\nFAILED: test_db_connect\nCache miss for key-2454\nGenerating source maps...\nPOST /data - 200 (326ms)\n\u26a0 DEPRECATION: Feature will be removed in v4.0\nArtifact uploaded: dist.zip (64MB)\nUploading artifact 'dist' (38 files)\npip: Installing build dependencies...\n[12:50:49] DEBUG: Memory usage: 1090MB\nStep 5/18: Linting\nProcessing...\nCache invalidated: build\nArtifact uploaded: dist.zip (67MB)\nUsing Python 3.9\nUsing Python 3.10\n[12:50:49] DEBUG: Memory usage: 1915MB\nnpm install: resolved 205 packages\nException: NullPointerException\nStep 16/22: Linting\n\u2717 build failed with exit code 35\nFAILED: test_cache_hit\n[12:50:49] DEBUG: Initializing service\nRan 80 tests in 32s\nGET /api - 204 (88ms)\n[12:50:49] WARN: Deprecated API usage\nHEAD is now at 74dc829\n[12:50:49] INFO: Starting build process\nTests: 183 passed, 257 total\n\u2713 test completed\n[12:50:49] WARN: Deprecated API usage\nGET /health - 201 (20ms)\nChecking out master branch\n[12:50:49] DEBUG: Memory usage: 171MB\nEnvironment: production\nCache hit for key-5519\nCompiling components/utils.go...\nUsing Python 3.9\nGenerating source maps...\nUploading artifact 'dist' (44 files)\nSnapshots: 35 passed, 36 total\n[12:50:49] DEBUG: Loading configuration\nConnection established\nPlatform: darwin-arm64\nImage pulled successfully\nPushing to registry...\nSwitched to branch 'feature/task-367'\n  PASS: test_user_create (139ms)\npip install: Successfully installed eslint-1.8\nnpm install: added 49 packages\n[12:50:49] DEBUG: Loading configuration\nChecking out develop branch\nSwitched to branch 'hotfix/task-441'\nTests: 454 passed, 273 total\nTests: 453 passed, 88 total\nSnapshots: 29 passed, 30 total\nMinifying vendor.js\nCompiling src/index.js...\n[12:50:49] INFO: Request completed\nPlatform: linux-x64\nChecking out develop branch\n[12:50:49] ERROR: Connection failed\nImage pulled successfully\n[12:50:49] INFO: Starting build process\nTLS handshake completed\nUploading artifact 'coverage' (31 files)\n[12:50:49] DEBUG: Memory usage: 1962MB\nStep 9/18: Building\nFAILED: test_user_create\nStep 9/16: Deploying\nTime: 82.583s\nArtifact uploaded: build.tar.gz (31MB)\nCompiling components/handler.rs...\n  PASS: test_api_health (245ms)\n\u2713 Step 'test' succeeded\nCompiling lib/main.py...\npip: Downloading axios-1.2.tar.gz\nFAILED: test_cache_hit\nyarn add: Done in 11.99s\nnpm install: added 373 packages\nFinished.\nOK\nInstalling prettier@5.1.0\nImage pulled successfully\nCompiling components/main.py...\n\u2713 Task completed in 4135ms\nProcessing...\nCompiling components/app.ts...\nWARNING: webpack has known vulnerabilities\n[12:50:49] INFO: Request completed\nInstalling react@4.17.4\n[12:50:49] INFO: Processing request\npip: Collecting react\nNODE_ENV=production\nSwitched to branch 'hotfix/task-258'\n[12:50:49] INFO: Processing request\nArtifact downloaded: 4MB\nMinifying app.js\nVerifying...\n[12:50:49] WARN: Deprecated API usage\n[12:50:49] DEBUG: Query executed in 81ms\n\u2713 test completed\npip: Collecting axios\nLoading...\nnpm notice: package.json updated\nStep 1/25: Running migrations\nCompiling src/main.py...\nOK\n[12:50:49] INFO: Processing request\nCache saved successfully\nAlready up to date.\nCache hit for key-2627\nFetching from https://amazonaws.com/package.json\nUploading artifact 'build' (27 files)\nStep 5/25: Building\npip: Collecting prettier\nMinifying app.js\nStep 17/21: Testing\nSuccess!\nUploading artifact 'build' (2 files)\nFetching submodules...\nCompiling lib/handler.rs...\nCache miss for key-4147\n\u2713 All checks passed\nStep 19/24: Installing dependencies\nUsing Python 3.10\nnpm install: resolved 1566 packages\nStep 11/21: Running migrations\n[12:50:49] INFO: Cache refreshed\nBuilding Docker image...\nLayer 5/8: RUN command\nPlatform: linux-x64\nCache saved successfully\nMinifying vendor.js\nDone.\nChecking out develop branch\nTransforming 662 files...\nStep 8/15: Installing dependencies\nOK\nStep 19/19: Running migrations\nStep 7/15: Building\nnpm notice: created a lockfile\nSwitched to branch 'hotfix/task-507'\n[12:50:49] INFO: Connecting to database\nnpm install: resolved 613 packages\nCoverage: 88% statements, 96% branches\nArtifact uploaded: build.tar.gz (45MB)\npip install: Successfully installed lodash-1.19\n\u2713 Task completed in 4247ms\nLayer 2/9: COPY command\nyarn add: Done in 25.63s\nFetching from https://pypi.org/package.json\nCompleted.\n[12:50:49] WARN: Deprecated API usage\nPulling image: alpine:18\nCompiling src/utils.go...\nCache saved successfully\nnpm install: resolved 896 packages\n\u26a0 DEPRECATION: Feature will be removed in v5.0\nStep 15/25: Linting\nArtifact downloaded: 37MB\nnpm notice: created a lockfile\nProcessing...\nFetching from https://githubusercontent.com/package.json\nRan 33 tests in 32s\nTransforming 820 files...\nnpm notice: package.json updated\nSnapshots: 23 passed, 18 total\nTransforming 389 files...\nTime: 100.874s\nnpm install: added 290 packages\nOK\n[12:50:49] WARN: Deprecated API usage\nCache miss for key-4811\n\u2713 Step 'install' succeeded\nTLS handshake completed\nPushing to registry...\nUsing Python 3.12\nRan 67 tests in 30s\nStep 10/19: Deploying\nChecking out master branch\nSnapshots: 3 passed, 13 total\n\u2713 Step 'build' succeeded\nLayer 9/8: ENV command\nReady.\n  PASS: test_db_connect (170ms)\nPOST /api - 200 (371ms)\nCache restored successfully (478MB)\nChecking out main branch\nnpm install: resolved 1033 packages\n[12:50:49] INFO: Starting build process\nSwitched to branch 'feature/task-512'\nFinished.\n[12:50:49] DEBUG: Loading configuration\nUploading artifact 'dist' (15 files)\nWARNING: axios has known vulnerabilities\nAlready up to date.\nTests: 396 passed, 56 total\nHEAD is now at 63d6981\nCreating production build...\nAlready up to date.\n[12:50:49] INFO: Request completed\n[12:50:49] INFO: Cache refreshed\nCache miss for key-2539\n[12:50:49] INFO: Cache refreshed\n\u26a0 DEPRECATION: Feature will be removed in v3.0\n  PASS: unit/test_user_create.spec.js\nHEAD is now at e65e65a\nLayer 10/9: RUN command\nWARNING: jest has known vulnerabilities\npip: Collecting webpack\nPlatform: linux-x64\nTest Suites: 43 passed, 41 total\nnpm notice: created a lockfile\nnpm notice: package.json updated\nMinifying app.js\nGenerating source maps...\n[12:50:49] DEBUG: Loading configuration\nTransforming 920 files...\nLayer 6/9: RUN command\nWARNING: eslint has known vulnerabilities\n[12:50:49] DEBUG: Loading configuration\nCache hit for key-9021\n[12:50:49] WARN: Deprecated API usage\nException: ValueError\nNODE_ENV=test\nSwitched to branch 'hotfix/task-214'\nImage pulled successfully\n\u2713 Task completed in 1164ms\n\u2713 All checks passed\nCache restored successfully (179MB)\nCompiling utils/service.java...\nStep 14/24: Linting\nCoverage: 90% statements, 66% branches\n[12:50:49] DEBUG: Query executed in 34ms\n[12:50:49] INFO: Processing request\n[12:50:49] DEBUG: Connection pool: 7 active\n[12:50:49] DEBUG: Initializing service\nGenerating source maps...\n\u2713 build completed\nTime: 88.57s\nPOST /api - 201 (342ms)\nTransforming 228 files...\nUploading artifact 'build' (34 files)\nyarn add: Done in 2.90s\n[12:50:49] INFO: Request completed\nCache restored successfully (357MB)\nStep 17/25: Deploying\n\u2713 All checks passed\nFetching from https://gcr.io/package.json\nMinifying main.js\n\u2713 Step 'checkout' succeeded\nFAILED: test_user_create\nMinifying app.js\nUploading artifact 'dist' (39 files)\n\u2713 Step 'install' succeeded\npip install: Successfully installed axios-2.6\n  PASS: unit/test_auth_login.spec.js\n[12:50:49] ERROR: Connection failed\nUploading artifact 'build' (11 files)\nTransforming 714 files...\nCache invalidated: dependencies\nMinifying vendor.js\nUsing Node.js 20.14.5\nTransforming 690 files...\npip: Installing build dependencies...\nBuilding Docker image...\nInstalling react@4.10.9\nTest Suites: 11 passed, 10 total\nnpm install: added 457 packages\nWARNING: axios has known vulnerabilities\nSwitched to branch 'hotfix/task-546'\nSnapshots: 22 passed, 1 total\nNODE_ENV=production\nCoverage: 73% statements, 81% branches\n[12:50:49] WARN: Deprecated API usage\nStep 5/24: Running migrations\nOK\n=== Step deploy_staging completed ===\n=== Step: e2e_tests ===\n\u2713 Task completed in 201ms\n\u26a0 DEPRECATION: Feature will be removed in v2.0\nWARNING: axios has known vulnerabilities\npip: Installing build dependencies...\nArtifact uploaded: dist.zip (94MB)\nBuilding Docker image...\n[12:50:49] ERROR: Connection failed\nWaiting...\nUploading artifact 'dist' (23 files)\n[12:50:49] INFO: Request completed\nBuilding Docker image...\nTLS handshake completed\nnpm install: resolved 1922 packages\n\u26a0 DEPRECATION: Feature will be removed in v3.0\n\u2713 All checks passed\nCompiling lib/utils.go...\nEnvironment: production\nPOST /upload - 200 (163ms)\nPlatform: win32-x64\nLoading...\nArtifact uploaded: build.tar.gz (41MB)\nCompiling components/service.java...\npip install: Successfully installed eslint-1.6\nFetching from https://gcr.io/package.json\n[12:50:49] DEBUG: Initializing service\n\u26a0 DEPRECATION: Feature will be removed in v5.0\nUsing Node.js 15.11.3\n[12:50:49] DEBUG: Memory usage: 346MB\n[12:50:49] INFO: Starting build process\nFetching from https://github.com/package.json\nConnection established\nConnection established\nDone.\nCache invalidated: build\nCompiling utils/app.ts...\nBuilding Docker image...\nReady.\n\u26a0 DEPRECATION: Feature will be removed in v4.0\nnpm install: added 249 packages\nnpm notice: created a lockfile\n[12:50:49] INFO: Processing request\nAlready up to date.\n[12:50:49] WARN: Deprecated API usage\nSuccess!\nCreating production build...\nSwitched to branch 'feature/task-450'\n[12:50:49] INFO: Starting build process\nFetching submodules...\nGET /status - 201 (42ms)\nMinifying main.js\n  PASS: integration/test_api_health.spec.js\nArtifact downloaded: 48MB\n[12:50:49] DEBUG: Loading configuration\nCache hit for key-9781\nTLS handshake completed\nCompiling src/app.ts...\nCache hit for key-7761\npip: Installing build dependencies...\nStep 11/21: Deploying\n\u2713 All checks passed\nyarn add: Done in 2.49s\nFetching submodules...\nRan 86 tests in 28s\n\u26a0 DEPRECATION: Feature will be removed in v3.0\nOptimizing 32 modules...\nUsing Node.js 14.18.4\nChecking out master branch\nChecking out main branch\nFinished.\nPOST /upload - 200 (230ms)\n[12:50:49] ERROR: Connection failed\n\u2713 package completed\nArtifact uploaded: build.tar.gz (22MB)\npip: Installing build dependencies...\nMinifying app.js\n[12:50:49] ERROR: Connection failed\nCache restored successfully (273MB)\nStep 11/25: Linting\n[12:50:49] INFO: Starting build process\nMinifying vendor.js\nCompiling utils/handler.rs...\n\u2713 build completed\nPOST /upload - 202 (480ms)\nPlatform: linux-x64\nTests: 190 passed, 340 total\nArtifact uploaded: dist.zip (17MB)\nStep 9/21: Linting\nProcessing...\nStep 20/17: Running migrations\nImage pulled successfully\n  PASS: test_auth_login (299ms)\nVerifying...\n\u2717 build failed with exit code 124\npip: Downloading webpack-4.10.tar.gz\n[12:50:49] ERROR: Connection failed\nTest Suites: 14 passed, 27 total\nTransforming 816 files...\nMinifying main.js\nTime: 11.449s\nnpm notice: package.json updated\nWaiting...\nArtifact downloaded: 12MB\nStep 2/19: Testing\n[12:50:49] DEBUG: Initializing service\nGenerating source maps...\nFinished.\npip: Downloading jest-2.3.tar.gz\nCompiling lib/main.py...\nException: NullPointerException\nCache restored successfully (164MB)\n\u2713 All checks passed\nCompiling utils/utils.go...\nFetching from https://gcr.io/package.json\nSwitched to branch 'bugfix/task-491'\nCache restored successfully (470MB)\nCompiling lib/service.java...\nImage pulled successfully\nEnvironment: production\nPOST /api - 201 (261ms)\nGET /health - 204 (34ms)\n[12:50:49] INFO: Request completed\nGET /api - 201 (30ms)\nHEAD is now at 94022d2\nFAILED: test_db_connect\nTime: 48.155s\n\u26a0 DEPRECATION: Feature will be removed in v3.0\nProcessing...\nException: ValueError\nTLS handshake completed\nStep 16/23: Deploying\npip: Downloading lodash-2.2.tar.gz\npip: Installing build dependencies...\nHEAD is now at dbad2ef\nAlready up to date.\npip install: Successfully installed react-4.14\n[12:50:49] DEBUG: Query executed in 67ms\npip install: Successfully installed axios-4.6\n\u2713 Task completed in 2596ms\nEnvironment: staging\nCache saved successfully\nnpm install: added 400 packages\npip: Downloading express-2.12.tar.gz\npip install: Successfully installed prettier-5.12\nPulling image: alpine:18\nTransforming 747 files...\nImage pulled successfully\nCache hit for key-8381\nPulling image: alpine:18\nVerifying...\n\u2713 Task completed in 1798ms\nCache invalidated: dependencies\nCompiling components/index.js...\nMinifying app.js\nVerifying...\nProcessing...\nnpm install: resolved 1914 packages\nConnection established\n\u26a0 DEPRECATION: Feature will be removed in v3.0\nBuilding Docker image...\nnpm notice: created a lockfile\nNODE_ENV=development\nCompiling utils/main.py...\nCreating production build...\n[12:50:49] WARN: Deprecated API usage\nLayer 1/9: ENV command\n[12:50:49] DEBUG: Query executed in 65ms\nSuccess!\nUsing Python 3.10\nWARNING: eslint has known vulnerabilities\nHEAD is now at d4691d6\nFetching submodules...\n\u2713 package completed\n\u26a0 DEPRECATION: Feature will be removed in v4.0\npip install: Successfully installed express-3.0\nAlready up to date.\nVerifying...\nCompiling src/index.js...\nCache invalidated: build\npip: Installing build dependencies...\nCreating production build...\nCreating production build...\n\u2713 Step 'test' succeeded\n[12:50:49] INFO: Starting build process\nRan 82 tests in 8s\npip: Installing build dependencies...\nStep 5/24: Installing dependencies\nCompiling lib/handler.rs...\n\u26a0 DEPRECATION: Feature will be removed in v5.0\n[12:50:49] DEBUG: Query executed in 31ms\nOptimizing 69 modules...\nCoverage: 73% statements, 82% branches\nSnapshots: 17 passed, 45 total\nArtifact downloaded: 8MB\n[12:50:49] DEBUG: Memory usage: 1268MB\nBundling styles.css\nCompiling src/app.ts...\nCache restored successfully (395MB)\nInstalling jest@3.8.8\n  PASS: test_user_create (468ms)\n\u2713 test completed\nCoverage: 78% statements, 89% branches\nWARNING: webpack has known vulnerabilities\nPOST /api - 200 (231ms)\n[12:50:49] DEBUG: Memory usage: 1105MB\nPOST /data - 201 (409ms)\nStep 17/20: Installing dependencies\nTLS handshake completed\n  PASS: integration/test_auth_login.spec.js\nCompleted.\nnpm install: resolved 1979 packages\nWARNING: lodash has known vulnerabilities\n\u26a0 DEPRECATION: Feature will be removed in v5.0\n\u26a0 DEPRECATION: Feature will be removed in v3.0\nCompiling lib/handler.rs...\nImage pulled successfully\nStep 7/19: Installing dependencies\n[12:50:49] WARN: Deprecated API usage\n[12:50:49] DEBUG: Query executed in 64ms\nOK\nCompiling src/utils.go...\nCompleted.\nArtifact downloaded: 4MB\nFetching submodules...\nStep 16/20: Running migrations\n\u2713 All checks passed\nTransforming 431 files...\nFinished.\nTransforming 614 files...\nNODE_ENV=test\nNODE_ENV=test\nPulling image: node:18\nNODE_ENV=production\n[12:50:49] INFO: Processing request\nEnvironment: staging\n[12:50:49] INFO: Cache refreshed\nArtifact downloaded: 25MB\npip install: Successfully installed webpack-5.3\n[12:50:49] WARN: Deprecated API usage\nUsing Python 3.10\nDone.\n\u2717 build failed with exit code 97\nPulling image: python:latest\nTransforming 991 files...\nCompleted.\n\u26a0 DEPRECATION: Feature will be removed in v3.0\nMinifying app.js\nWaiting...\nDone.\nEnvironment: development\nAlready up to date.\npip: Downloading webpack-1.7.tar.gz\nLayer 8/10: RUN command\nSwitched to branch 'hotfix/task-819'\n\u26a0 DEPRECATION: Feature will be removed in v2.0\n[12:50:49] WARN: Deprecated API usage\nLoading...\n\u26a0 DEPRECATION: Feature will be removed in v3.0\n[12:50:49] DEBUG: Query executed in 87ms\nStep 16/18: Linting\nLayer 7/13: COPY command\nStep 3/20: Installing dependencies\nEnvironment: test\nWaiting...\nFetching from https://githubusercontent.com/package.json\n\u2713 Task completed in 4458ms\n[12:50:49] INFO: Cache refreshed\n[12:50:49] DEBUG: Initializing service\nnpm install: added 203 packages\nCache saved successfully\nPushing to registry...\n[12:50:49] INFO: Processing request\nAlready up to date.\nCompleted.\n[12:50:49] DEBUG: Loading configuration\n[12:50:49] ERROR: Connection failed\nTransforming 209 files...\nStep 10/17: Running migrations\n[12:50:49] INFO: Request completed\nTime: 82.514s\nInstalling jest@5.6.4\nConnection established\nRan 161 tests in 44s\n[12:50:49] WARN: Deprecated API usage\nDone.\nnpm install: added 364 packages\nPulling image: node:3.11\nCoverage: 76% statements, 68% branches\nImage pulled successfully\nPOST /data - 201 (280ms)\nVerifying...\n  PASS: test_db_connect (332ms)\n[12:50:49] INFO: Starting build process\nNODE_ENV=development\nLayer 8/12: RUN command\nLayer 6/9: COPY command\nTest Suites: 47 passed, 13 total\nnpm install: resolved 328 packages\n=== Step e2e_tests completed ===\n=== Step: lint ===\nFinished.\n[12:50:49] INFO: Starting build process\n\u26a0 DEPRECATION: Feature will be removed in v4.0\nCache hit for key-5066\n[12:50:49] DEBUG: Connection pool: 11 active\n[12:50:49] WARN: Deprecated API usage\nCache hit for key-4970\nHEAD is now at ee28b7c\nSnapshots: 38 passed, 22 total\nTime: 96.327s\n[12:50:49] DEBUG: Initializing service\nInstalling jest@2.15.1\nTests: 464 passed, 65 total\nCache invalidated: build\nnpm notice: created a lockfile\nCache hit for key-6824\nRan 104 tests in 25s\nCreating production build...\nOK\nImage pulled successfully\n[12:50:49] INFO: Request completed\nCoverage: 97% statements, 85% branches\nUsing Python 3.10\nCoverage: 76% statements, 78% branches\nnpm notice: created a lockfile\nStep 1/18: Testing\nException: TypeError\n[12:50:49] INFO: Connecting to database\nArtifact uploaded: dist.zip (9MB)\nTests: 380 passed, 93 total\nBundling runtime.css\n\u2717 build failed with exit code 72\nArtifact uploaded: dist.zip (88MB)\n[12:50:49] WARN: Deprecated API usage\nyarn add: Done in 3.34s\nGenerating source maps...\n\u2713 Task completed in 4158ms\nGenerating source maps...\nCache hit for key-6431\n[12:50:49] INFO: Cache refreshed\n[12:50:49] DEBUG: Memory usage: 1402MB\nUsing Node.js 18.15.4\nLoading...\nFAILED: test_cache_hit\n[12:50:49] WARN: Deprecated API usage\n\u2713 validate completed\nChecking out develop branch\nyarn add: Done in 29.8s\n\u2713 All checks passed\n[12:50:49] DEBUG: Memory usage: 1184MB\n[12:50:49] INFO: Processing request\n[12:50:49] WARN: Deprecated API usage\nFinished.\n[12:50:49] ERROR: Connection failed\nConnection established\nTime: 88.82s\nSwitched to branch 'feature/task-913'\nHEAD is now at 3fbc716\nArtifact downloaded: 20MB\nSuccess!\n[12:50:49] INFO: Connecting to database\nPushing to registry...\n[12:50:49] DEBUG: Query executed in 75ms\nStep 8/20: Installing dependencies\nSwitched to branch 'hotfix/task-534'\nConnection established\nLoading...\n[12:50:49] DEBUG: Memory usage: 1195MB\n[12:50:49] DEBUG: Loading configuration\nGenerating source maps...\nCache hit for key-7536\nCompiling utils/index.js...\nArtifact uploaded: build.tar.gz (10MB)\nCache saved successfully\nCache saved successfully\npip install: Successfully installed jest-2.19\nPushing to registry...\nCoverage: 80% statements, 60% branches\n[12:50:49] DEBUG: Initializing service\nArtifact downloaded: 21MB\nConnection established\nCreating production build...\nConnection established\nPushing to registry...\nLayer 4/8: COPY command\nTests: 459 passed, 111 total\nCreating production build...\nOK\nArtifact uploaded: dist.zip (90MB)\nyarn add: Done in 22.16s\nFetching submodules...\nFetching from https://registry.npmjs.org/package.json\nImage pulled successfully\nnpm notice: created a lockfile\nnpm notice: package.json updated\nCompiling lib/index.js...\nAlready up to date.\nCreating production build...\n[12:50:49] ERROR: Connection failed\nImage pulled successfully\nStep 5/25: Installing dependencies\n\u2713 Task completed in 2676ms\nTest Suites: 26 passed, 25 total\nCompiling utils/main.py...\npip: Installing build dependencies...\nOK\nFAILED: test_api_health\n\u2713 Task completed in 660ms\n[12:50:49] WARN: Deprecated API usage\npip install: Successfully installed express-4.20\n\u26a0 DEPRECATION: Feature will be removed in v4.0\n[12:50:49] INFO: Cache refreshed\npip: Collecting axios\nBundling main.css\n  PASS: integration/test_db_connect.spec.js\nArtifact uploaded: dist.zip (60MB)\nCache restored successfully (26MB)\nSuccess!\nnpm notice: created a lockfile\n\u26a0 DEPRECATION: Feature will be removed in v3.0\nTests: 121 passed, 367 total\nException: RuntimeError\nCache saved successfully\nEnvironment: production\npip: Downloading jest-3.9.tar.gz\n[12:50:49] ERROR: Connection failed\nBundling styles.css\nProcessing...\nCreating production build...\nSuccess!\nCreating production build...\nFinished.\nCompiling lib/service.java...\nCache saved successfully\nNODE_ENV=production\nUploading artifact 'build' (33 files)\nFinished.\nTime: 24.265s\n\u2713 All checks passed\nArtifact uploaded: dist.zip (9MB)\nWARNING: jest has known vulnerabilities\nCoverage: 80% statements, 71% branches\nMinifying main.js\nCache invalidated: dependencies\nStep 18/17: Deploying\nDone.\nSnapshots: 20 passed, 8 total\nDone.\nCreating production build...\n\u2713 Task completed in 2927ms\nAlready up to date.\n\u2713 lint completed\nReady.\nBundling runtime.css\nSwitched to branch 'hotfix/task-812'\n\u2713 Step 'setup' succeeded\nnpm notice: package.json updated\nGenerating source maps...\n[12:50:49] INFO: Processing request\nVerifying...\nFinished.\nWARNING: prettier has known vulnerabilities\nPOST /data - 201 (359ms)\nnpm install: resolved 1418 packages\nCache miss for key-9972\nRan 85 tests in 46s\n[12:50:49] INFO: Cache refreshed\n[12:50:49] DEBUG: Initializing service\nnpm notice: package.json updated\n[12:50:49] INFO: Cache refreshed\nArtifact uploaded: dist.zip (29MB)\nStep 17/19: Running migrations\nSwitched to branch 'feature/task-398'\n\u26a0 DEPRECATION: Feature will be removed in v5.0\nStep 1/19: Linting\nWARNING: jest has known vulnerabilities\n[12:50:49] INFO: Connecting to database\n[12:50:49] WARN: Deprecated API usage\nnpm install: resolved 228 packages\n\u2713 Step 'checkout' succeeded\nCreating production build...\n[12:50:49] INFO: Connecting to database\nProcessing...\n  PASS: test_user_create (141ms)\n  PASS: e2e/test_user_create.spec.js\nLayer 6/15: RUN command\nAlready up to date.\n[12:50:49] INFO: Starting build process\nPlatform: linux-x64\nAlready up to date.\nImage pulled successfully\n[12:50:49] DEBUG: Loading configuration\nStep 11/21: Building\n[12:50:49] DEBUG: Loading configuration\nnpm install: added 285 packages\nArtifact uploaded: dist.zip (33MB)\nUsing Python 3.9\nTests: 488 passed, 176 total\n[12:50:49] INFO: Request completed\nUsing Node.js 20.5.1\n\u26a0 DEPRECATION: Feature will be removed in v4.0\nCoverage: 94% statements, 95% branches\n[12:50:49] DEBUG: Memory usage: 1560MB\n\u2713 Step 'checkout' succeeded\nOK\nCompiling utils/handler.rs...\n[12:50:49] DEBUG: Loading configuration\nArtifact downloaded: 2MB\n[12:50:49] INFO: Processing request\npip: Downloading lodash-5.2.tar.gz\nCache restored successfully (21MB)\nHEAD is now at 27fe2b0\n[12:50:49] DEBUG: Memory usage: 410MB\nChecking out main branch\npip: Collecting axios\nTransforming 613 files...\n[12:50:49] INFO: Request completed\n[12:50:49] DEBUG: Connection pool: 4 active\nException: ValueError\nMinifying main.js\nPlatform: linux-x64\npip install: Successfully installed eslint-1.15\nPlatform: linux-x64\nConnection established\nCache saved successfully\nPlatform: darwin-arm64\nArtifact uploaded: build.tar.gz (28MB)\nCoverage: 99% statements, 62% branches\nCompiling utils/app.ts...\nSuccess!\n[12:50:49] WARN: Deprecated API usage\nnpm install: resolved 1389 packages\nException: RuntimeError\nnpm install: resolved 669 packages\nnpm install: added 381 packages\nOptimizing 64 modules...\nCache hit for key-2335\nCompiling components/handler.rs...\nProcessing...\nPushing to registry...\n[12:50:49] WARN: Deprecated API usage\nCache restored successfully (107MB)\n[12:50:49] DEBUG: Initializing service\nWARNING: prettier has known vulnerabilities\nnpm notice: package.json updated\nFAILED: test_user_create\n\u2713 All checks passed\nCache saved successfully\npip: Collecting prettier\nCoverage: 97% statements, 69% branches\nMinifying app.js\nArtifact uploaded: dist.zip (47MB)\nPOST /upload - 202 (205ms)\nInstalling lodash@1.14.0\nMinifying main.js\nEnvironment: staging\n[12:50:49] WARN: Deprecated API usage\n[12:50:49] DEBUG: Initializing service\n\u26a0 DEPRECATION: Feature will be removed in v4.0\nCache hit for key-5746\npip: Downloading eslint-1.7.tar.gz\n\u26a0 DEPRECATION: Feature will be removed in v4.0\nProcessing...\n[12:50:49] DEBUG: Memory usage: 667MB\n\u26a0 DEPRECATION: Feature will be removed in v3.0\nCache saved successfully\n[12:50:49] DEBUG: Loading configuration\nStep 3/18: Installing dependencies\nCache saved successfully\nCompiling lib/index.js...\n[12:50:49] DEBUG: Query executed in 9ms\n[12:50:49] DEBUG: Connection pool: 12 active\nCache restored successfully (108MB)\nStep 16/25: Testing\n[12:50:49] INFO: Starting build process\nTests: 429 passed, 367 total\nCache invalidated: dependencies\nLoading...\nLayer 8/9: COPY command\nTLS handshake completed\nArtifact downloaded: 29MB\nProcessing...\nCompiling src/app.ts...\nPulling image: alpine:18\nNODE_ENV=production\nWARNING: webpack has known vulnerabilities\nCache saved successfully\nUsing Python 3.10\nAlready up to date.\n[12:50:49] INFO: Request completed\nFetching from https://github.com/package.json\nGenerating source maps...\nAlready up to date.\nLoading...\n[12:50:49] ERROR: Connection failed\nnpm notice: package.json updated\nCreating production build...\n=== Step lint completed ===\n=== Step: upload_artifacts ===\nTests: 320 passed, 415 total\nCache saved successfully\nFAILED: test_user_create\nTransforming 723 files...\nLoading...\nTransforming 292 files...\nnpm notice: created a lockfile\nnpm install: resolved 1021 packages\nOK\nBundling vendor.css\n[12:50:49] DEBUG: Connection pool: 8 active\n[12:50:49] DEBUG: Query executed in 61ms\nLoading...\nNODE_ENV=test\nStep 8/18: Installing dependencies\nVerifying...\nStep 17/16: Linting\n[12:50:49] WARN: Deprecated API usage\nBundling main.css\n[12:50:49] DEBUG: Connection pool: 6 active\n[12:50:49] DEBUG: Loading configuration\nRan 65 tests in 32s\npip: Collecting react\nInstalling prettier@4.12.8\nCache miss for key-3885\nCoverage: 97% statements, 73% branches\nGenerating source maps...\n[12:50:49] INFO: Request completed\npip: Installing build dependencies...\nFetching from https://docker.io/package.json\nnpm install: added 196 packages\n[12:50:49] WARN: Deprecated API usage\nnpm install: added 162 packages\n[12:50:49] INFO: Request completed\nTransforming 113 files...\n[12:50:49] INFO: Processing request\n\u2713 All checks passed\nCompiling lib/service.java...\nException: RuntimeError\nTests: 75 passed, 259 total\nLoading...\nConnection established\nPOST /upload - 201 (383ms)\nUsing Node.js 17.8.7\nStep 3/23: Deploying\nUsing Python 3.12\nSnapshots: 39 passed, 23 total\nUsing Python 3.10\nStep 5/18: Testing\nWARNING: express has known vulnerabilities\nSnapshots: 47 passed, 30 total\nGenerating source maps...\npip: Installing build dependencies...\nnpm install: added 27 packages\n[12:50:49] INFO: Connecting to database\nGET /status - 201 (12ms)\nSnapshots: 48 passed, 25 total\nUploading artifact 'dist' (9 files)\nStep 5/16: Deploying\n[12:50:49] WARN: Deprecated API usage\nPushing to registry...\nLayer 5/12: RUN command\n[12:50:49] INFO: Cache refreshed\nCache saved successfully\n[12:50:49] INFO: Processing request\nArtifact downloaded: 15MB\nMinifying main.js\npip: Collecting express\nOptimizing 90 modules...\nBuilding Docker image...\n  PASS: test_api_health (122ms)\n[12:50:49] INFO: Cache refreshed\nMinifying app.js\nCompiling src/main.py...\nTests: 478 passed, 142 total\npip install: Successfully installed webpack-5.17\nArtifact uploaded: dist.zip (6MB)\nCache saved successfully\nWARNING: react has known vulnerabilities\n\u26a0 DEPRECATION: Feature will be removed in v2.0\nInstalling react@3.13.9\n[12:50:49] DEBUG: Initializing service\nSnapshots: 0 passed, 42 total\n[12:50:49] INFO: Starting build process\nEnvironment: test\npip: Installing build dependencies...\nStep 9/16: Building\nCache saved successfully\nMinifying main.js\nTime: 44.29s\n\u2713 validate completed\n[12:50:49] DEBUG: Loading configuration\n[12:50:49] INFO: Connecting to database\nCompiling lib/index.js...\nCompleted.\nPushing to registry...\nCoverage: 83% statements, 78% branches\n  PASS: test_api_health (479ms)\nLoading...\n[12:50:49] DEBUG: Initializing service\nWARNING: lodash has known vulnerabilities\n  PASS: test_cache_hit (385ms)\nSwitched to branch 'bugfix/task-485'\nHEAD is now at 4331912\nOptimizing 38 modules...\nGenerating source maps...\nOK\nHEAD is now at 449c84b\nException: ValueError\nVerifying...\npip: Downloading jest-5.10.tar.gz\nStep 5/24: Building\n[12:50:49] INFO: Processing request\n\u2713 Step 'setup' succeeded\n\u2713 Task completed in 3300ms\nConnection established\nArtifact uploaded: dist.zip (50MB)\nSwitched to branch 'feature/task-903'\nBuilding Docker image...\nTransforming 376 files...\nCache saved successfully\nTLS handshake completed\nPushing to registry...\nEnvironment: test\nUploading artifact 'coverage' (34 files)\nEnvironment: development\nRan 18 tests in 27s\nCache invalidated: build\nTLS handshake completed\nOK\nProcessing...\nAlready up to date.\nCache miss for key-6259\nVerifying...\nnpm notice: package.json updated\nArtifact uploaded: build.tar.gz (1MB)\nAlready up to date.\nUsing Python 3.12\nCreating production build...\nArtifact uploaded: build.tar.gz (41MB)\nyarn add: Done in 10.90s\n[12:50:49] INFO: Processing request\nMinifying main.js\nPOST /data - 201 (96ms)\nSwitched to branch 'bugfix/task-144'\n[12:50:49] INFO: Connecting to database\nPOST /api - 200 (93ms)\nCompiling src/service.java...\nnpm notice: created a lockfile\npip: Collecting lodash\nTest Suites: 28 passed, 20 total\nyarn add: Done in 8.68s\nCompiling src/utils.go...\nSnapshots: 19 passed, 3 total\nArtifact downloaded: 17MB\nOptimizing 23 modules...\n[12:50:49] ERROR: Connection failed\nnpm install: added 480 packages\nException: NullPointerException\nArtifact uploaded: build.tar.gz (23MB)\nnpm install: resolved 127 packages\nFetching from https://githubusercontent.com/package.json\nSwitched to branch 'hotfix/task-104'\n[12:50:49] INFO: Request completed\nStep 6/25: Installing dependencies\nWARNING: eslint has known vulnerabilities\nCache restored successfully (86MB)\nLayer 2/14: COPY command\nFetching submodules...\n[12:50:49] INFO: Starting build process\nOK\nCoverage: 79% statements, 99% branches\n[12:50:49] DEBUG: Loading configuration\npip install: Successfully installed prettier-4.16\nImage pulled successfully\nCompiling utils/main.py...\nConnection established\n[12:50:49] DEBUG: Connection pool: 7 active\nArtifact downloaded: 4MB\nImage pulled successfully\n[12:50:49] INFO: Processing request\n\u2713 Task completed in 1294ms\n\u2713 lint completed\nSuccess!\n[12:50:49] DEBUG: Initializing service\nLayer 2/10: RUN command\nTransforming 621 files...\n[12:50:49] DEBUG: Loading configuration\nnpm install: resolved 1297 packages\n[12:50:49] DEBUG: Loading configuration\n[12:50:49] WARN: Deprecated API usage\nMinifying main.js\nBuilding Docker image...\nCache miss for key-3397\nLayer 7/9: COPY command\n\u2713 Task completed in 4981ms\n[12:50:49] WARN: Deprecated API usage\nUsing Python 3.12\nCache saved successfully\n\u2713 Task completed in 1722ms\nTests: 453 passed, 223 total\nPushing to registry...\nCompiling src/main.py...\n[12:50:49] DEBUG: Query executed in 28ms\nOK\nUsing Node.js 18.1.0\nTransforming 518 files...\nPushing to registry...\nStep 9/21: Testing\nEnvironment: development\npip: Installing build dependencies...\nCache hit for key-3471\nFAILED: test_api_health\nHEAD is now at d85646b\nTLS handshake completed\nBuilding Docker image...\nWARNING: lodash has known vulnerabilities\nUsing Node.js 15.12.7\nVerifying...\npip: Installing build dependencies...\n[12:50:49] DEBUG: Loading configuration\nPOST /data - 201 (291ms)\nCache invalidated: dependencies\nFetching submodules...\n[12:50:49] DEBUG: Initializing service\nCache invalidated: node_modules\nnpm notice: created a lockfile\n  PASS: e2e/test_api_health.spec.js\nyarn add: Done in 18.18s\nArtifact uploaded: build.tar.gz (33MB)\nnpm install: resolved 1212 packages\nStep 7/17: Testing\n\u26a0 DEPRECATION: Feature will be removed in v3.0\nPlatform: linux-x64\n[12:50:49] INFO: Processing request\nyarn add: Done in 3.82s\nAlready up to date.\nProcessing...\n[12:50:49] WARN: Deprecated API usage\n[12:50:49] DEBUG: Initializing service\nEnvironment: development\nTransforming 850 files...\nSwitched to branch 'feature/task-192'\nMinifying vendor.js\n\u2713 All checks passed\n[12:50:49] DEBUG: Query executed in 65ms\nCompiling components/index.js...\nCompiling lib/utils.go...\nnpm notice: created a lockfile\nBundling styles.css\nCompiling utils/service.java...\nArtifact downloaded: 50MB\n\u2713 validate completed\nCompiling components/main.py...\nHEAD is now at 89b3a00\nTLS handshake completed\nPlatform: linux-x64\nBuilding Docker image...\nCompiling components/app.ts...\nArtifact uploaded: build.tar.gz (10MB)\n\u2717 build failed with exit code 39\nCompiling components/utils.go...\n[12:50:49] DEBUG: Connection pool: 6 active\nCompiling src/service.java...\nOptimizing 61 modules...\nyarn add: Done in 23.86s\n[12:50:49] DEBUG: Initializing service\nUsing Node.js 20.9.8\nVerifying...\nStep 16/17: Linting\nTest Suites: 40 passed, 12 total\nUsing Node.js 18.16.5\nProcessing...\nSnapshots: 2 passed, 5 total\nTests: 373 passed, 233 total\nTLS handshake completed\nArtifact uploaded: build.tar.gz (20MB)\nSwitched to branch 'bugfix/task-497'\nOK\nUsing Node.js 19.4.6\nFetching from https://githubusercontent.com/package.json\nyarn add: Done in 22.10s\nMinifying main.js\nOptimizing 11 modules...\nyarn add: Done in 10.93s\nArtifact uploaded: dist.zip (32MB)\n\u2713 Step 'build' succeeded\nCache saved successfully\nyarn add: Done in 26.73s\npip: Downloading express-5.7.tar.gz\n[12:50:49] DEBUG: Connection pool: 14 active\nArtifact uploaded: dist.zip (59MB)\npip: Downloading webpack-4.8.tar.gz\nnpm notice: created a lockfile\n[12:50:49] INFO: Starting build process\n[12:50:49] DEBUG: Connection pool: 19 active\nDone.\n=== Step upload_artifacts completed ===\n=== Step: install_dependencies ===\nUsing Node.js 19.0.5\nnpm install: added 391 packages\nStep 10/16: Installing dependencies\nOptimizing 70 modules...\nPOST /api - 200 (50ms)\nBuilding Docker image...\n[12:50:49] INFO: Connecting to database\nUploading artifact 'dist' (23 files)\nCompiling utils/main.py...\n\u2713 Step 'checkout' succeeded\npip: Downloading express-2.1.tar.gz\nCache invalidated: dependencies\n\u26a0 DEPRECATION: Feature will be removed in v5.0\nCache saved successfully\n[12:50:49] INFO: Connecting to database\nStep 6/25: Linting\nUsing Node.js 19.11.9\nTest Suites: 6 passed, 44 total\nyarn add: Done in 18.20s\nUploading artifact 'dist' (40 files)\nCache hit for key-7143\nTests: 322 passed, 221 total\nArtifact uploaded: dist.zip (40MB)\nVerifying...\nCache invalidated: dependencies\nFetching submodules...\nSnapshots: 38 passed, 48 total\nCompiling src/handler.rs...\nWARNING: lodash has known vulnerabilities\nWARNING: lodash has known vulnerabilities\nRan 148 tests in 30s\nOptimizing 82 modules...\n\u2713 Task completed in 4393ms\npip: Collecting jest\nFetching submodules...\nCache invalidated: dependencies\nUploading artifact 'coverage' (29 files)\nCache miss for key-1762\nEnvironment: staging\nWaiting...\nCache restored successfully (89MB)\n[12:50:49] INFO: Request completed\nPOST /data - 200 (48ms)\n\u26a0 DEPRECATION: Feature will be removed in v4.0\nWARNING: lodash has known vulnerabilities\n[12:50:49] ERROR: Connection failed\n[12:50:49] DEBUG: Initializing service\nOK\nCompiling utils/main.py...\nReady.\n[12:50:49] INFO: Cache refreshed\nCache restored successfully (118MB)\n[12:50:49] DEBUG: Connection pool: 3 active\nCache invalidated: node_modules\n\u2713 Task completed in 2836ms\nCoverage: 99% statements, 68% branches\nMinifying vendor.js\n\u2713 Task completed in 1731ms\nCompiling components/app.ts...\n[12:50:49] ERROR: Connection failed\nWARNING: webpack has known vulnerabilities\nFAILED: test_db_connect\nSuccess!\nTests: 135 passed, 452 total\nImage pulled successfully\nStep 18/21: Running migrations\nStep 9/25: Installing dependencies\nCompiling components/handler.rs...\nFetching submodules...\nMinifying app.js\nFAILED: test_cache_hit\nImage pulled successfully\npip: Collecting webpack\nReady.\n[12:50:49] INFO: Cache refreshed\nRan 108 tests in 6s\nStep 16/25: Testing\n[12:50:49] WARN: Deprecated API usage\nCache invalidated: dependencies\nConnection established\nUsing Python 3.11\nInstalling axios@1.17.2\nWARNING: webpack has known vulnerabilities\n[12:50:49] DEBUG: Loading configuration\nOptimizing 32 modules...\nWaiting...\nArtifact uploaded: build.tar.gz (47MB)\nPlatform: linux-x64\nPlatform: linux-x64\nTime: 42.803s\n[12:50:49] INFO: Cache refreshed\nAlready up to date.\nUsing Node.js 14.13.9\nStep 20/20: Building\nDone.\n[12:50:49] INFO: Starting build process\nBuilding Docker image...\nCompiling lib/service.java...\n\u2713 Task completed in 499ms\nStep 7/23: Building\nnpm install: added 382 packages\nTLS handshake completed\n[12:50:49] ERROR: Connection failed\nPulling image: alpine:3.11\nMinifying vendor.js\n  PASS: unit/test_auth_login.spec.js\nArtifact uploaded: dist.zip (46MB)\n  PASS: test_db_connect (25ms)\nBundling styles.css\n[12:50:49] INFO: Processing request\nCompiling lib/handler.rs...\nStep 8/23: Building\nInstalling react@4.3.9\nCompleted.\nReady.\nFetching from https://googleapis.com/package.json\nWARNING: lodash has known vulnerabilities\nLoading...\nFetching from https://github.com/package.json\nCompiling utils/main.py...\nPushing to registry...\nCreating production build...\n\u2713 Task completed in 876ms\nnpm install: resolved 1926 packages\nCompleted.\nHEAD is now at 8b51baf\nSwitched to branch 'feature/task-117'\nCompiling lib/app.ts...\nUsing Node.js 20.12.10\nCache miss for key-3058\n\u2713 test completed\nCache miss for key-7753\nCache restored successfully (130MB)\nBuilding Docker image...\n\u26a0 DEPRECATION: Feature will be removed in v3.0\nReady.\nCompiling lib/utils.go...\n[12:50:49] DEBUG: Connection pool: 12 active\nUsing Python 3.10\nPOST /api - 201 (18ms)\nUsing Node.js 16.7.1\nStep 18/20: Installing dependencies\nFinished.\nPushing to registry...\nConnection established\n[12:50:49] DEBUG: Query executed in 76ms\nHEAD is now at fec4545\nnpm notice: created a lockfile\nException: NullPointerException\nCache invalidated: dependencies\n[12:50:49] DEBUG: Initializing service\nCache saved successfully\n[12:50:49] DEBUG: Loading configuration\n\u2713 Step 'checkout' succeeded\nNODE_ENV=test\nStep 13/20: Running migrations\n\u2717 build failed with exit code 81\nArtifact uploaded: dist.zip (58MB)\nTLS handshake completed\nNODE_ENV=production\n[12:50:49] INFO: Starting build process\nStep 14/21: Running migrations\nStep 18/21: Deploying\nRan 172 tests in 37s\n[12:50:49] DEBUG: Connection pool: 19 active\n\u26a0 DEPRECATION: Feature will be removed in v3.0\nGET /health - 201 (99ms)\nImage pulled successfully\nWARNING: axios has known vulnerabilities\n[12:50:49] WARN: Deprecated API usage\nFetching from https://npmjs.org/package.json\npip: Collecting lodash\nDone.\nSnapshots: 40 passed, 12 total\nyarn add: Done in 14.64s\nLayer 9/14: COPY command\npip: Downloading webpack-3.4.tar.gz\nConnection established\nStep 1/16: Testing\nCreating production build...\nArtifact downloaded: 24MB\nArtifact uploaded: dist.zip (22MB)\n[12:50:49] INFO: Connecting to database\n[12:50:49] DEBUG: Query executed in 6ms\n\u26a0 DEPRECATION: Feature will be removed in v3.0\n[12:50:49] INFO: Processing request\nUsing Python 3.9\nStep 6/19: Testing\nAlready up to date.\n[12:50:49] DEBUG: Query executed in 43ms\nSwitched to branch 'feature/task-333'\nCache miss for key-7119\nnpm notice: package.json updated\n\u26a0 DEPRECATION: Feature will be removed in v5.0\nTest Suites: 43 passed, 37 total\nReady.\nStep 15/24: Building\n  PASS: integration/test_auth_login.spec.js\n[12:50:49] DEBUG: Query executed in 37ms\n[12:50:49] INFO: Connecting to database\nDone.\nFetching from https://docker.io/package.json\nException: ValueError\nLoading...\nGenerating source maps...\nProcessing...\nUsing Node.js 16.5.8\nStep 16/25: Installing dependencies\n[12:50:49] INFO: Request completed\nProcessing...\nFetching from https://gcr.io/package.json\nCompleted.\n\u2713 package completed\nGET /health - 201 (53ms)\nWARNING: webpack has known vulnerabilities\nPushing to registry...\n[12:50:49] ERROR: Connection failed\nBundling vendor.css\nWARNING: webpack has known vulnerabilities\nArtifact downloaded: 47MB\nCache hit for key-2632\nBundling styles.css\nGET /api - 204 (83ms)\nUsing Python 3.12\nFetching submodules...\n[12:50:49] INFO: Connecting to database\n[12:50:49] INFO: Starting build process\nLayer 9/11: RUN command\nWaiting...\nStep 10/17: Running migrations\nNODE_ENV=test\nChecking out develop branch\n[12:50:49] INFO: Processing request\nCompiling src/handler.rs...\n[12:50:49] INFO: Starting build process\nMinifying vendor.js\nChecking out main branch\nTime: 35.620s\nSwitched to branch 'hotfix/task-208'\nArtifact uploaded: dist.zip (88MB)\nRan 162 tests in 45s\n[12:50:49] INFO: Request completed\nArtifact downloaded: 12MB\nTransforming 462 files...\nStep 9/23: Building\nWARNING: prettier has known vulnerabilities\n\u26a0 DEPRECATION: Feature will be removed in v2.0\n  PASS: test_api_health (65ms)\nCompiling lib/handler.rs...\n[12:50:49] WARN: Deprecated API usage\nCompiling components/main.py...\nCompiling lib/service.java...\n\u26a0 DEPRECATION: Feature will be removed in v4.0\nHEAD is now at 1a95533\nPOST /upload - 202 (357ms)\nWaiting...\nCompiling lib/app.ts...\nPOST /api - 202 (184ms)\nConnection established\n[12:50:49] INFO: Starting build process\n[12:50:49] INFO: Cache refreshed\npip: Downloading webpack-1.15.tar.gz\nInstalling jest@5.3.3\n\u26a0 DEPRECATION: Feature will be removed in v5.0\nArtifact uploaded: build.tar.gz (8MB)\n[12:50:49] DEBUG: Query executed in 46ms\nCompiling components/app.ts...\n[12:50:49] DEBUG: Initializing service\nWARNING: webpack has known vulnerabilities\nReady.\n[12:50:49] INFO: Request completed\n\u26a0 DEPRECATION: Feature will be removed in v5.0\nConnection established\nCompleted.\nCache saved successfully\n[12:50:49] ERROR: Connection failed\nFAILED: test_db_connect\nBundling vendor.js\n[12:50:49] INFO: Processing request\nCache miss for key-4245\nLayer 9/10: COPY command\n[12:50:49] DEBUG: Memory usage: 1413MB\n[12:50:49] INFO: Processing request\n[12:50:49] INFO: Starting build process\npip: Installing build dependencies...\nArtifact uploaded: build.tar.gz (11MB)\nRan 74 tests in 33s\nTLS handshake completed\nTest Suites: 24 passed, 50 total\nAlready up to date.\nCache invalidated: dependencies\n[12:50:49] DEBUG: Memory usage: 677MB\nArtifact downloaded: 2MB\nWARNING: prettier has known vulnerabilities\nFinished.\nReady.\nUsing Node.js 15.9.4\n=== Step install_dependencies completed ===\n=== Step: deploy_production ===\n\u26a0 DEPRECATION: Feature will be removed in v3.0\nUploading artifact 'dist' (25 files)\nWARNING: axios has known vulnerabilities\nGenerating source maps...\nCache hit for key-9669\n\u26a0 DEPRECATION: Feature will be removed in v3.0\nWARNING: prettier has known vulnerabilities\n[12:50:49] DEBUG: Query executed in 22ms\nTLS handshake completed\nDone.\nGenerating source maps...\nStep 2/20: Testing\nCompiling src/main.py...\nPlatform: win32-x64\nCreating production build...\n[12:50:49] INFO: Cache refreshed\n[12:50:49] INFO: Connecting to database\nCache invalidated: build\nCompleted.\nBuilding Docker image...\nArtifact downloaded: 19MB\n  PASS: test_cache_hit (363ms)\nCompiling utils/main.py...\nStep 13/20: Testing\nFetching submodules...\nRan 127 tests in 35s\nFetching from https://docker.io/package.json\nBuilding Docker image...\nChecking out main branch\nCache saved successfully\n\u26a0 DEPRECATION: Feature will be removed in v2.0\nStep 7/20: Testing\nArtifact downloaded: 30MB\nSuccess!\n\u2713 Task completed in 197ms\nTLS handshake completed\nCoverage: 99% statements, 91% branches\nWaiting...\nTime: 120.973s\n  PASS: test_cache_hit (104ms)\nMinifying vendor.js\n[12:50:49] INFO: Cache refreshed\nCompleted.\npip: Collecting eslint\nTest Suites: 22 passed, 12 total\nCache miss for key-5848\nnpm install: resolved 320 packages\nStep 8/23: Installing dependencies\nTLS handshake completed\nArtifact uploaded: dist.zip (81MB)\nCache miss for key-6091\npip: Collecting prettier\nWARNING: prettier has known vulnerabilities\nDone.\nStep 7/17: Testing\nTests: 216 passed, 84 total\nCache saved successfully\nInstalling webpack@5.10.6\nConnection established\nVerifying...\nyarn add: Done in 2.66s\n[12:50:49] INFO: Starting build process\n\u26a0 DEPRECATION: Feature will be removed in v5.0\n\u2713 Step 'install' succeeded\nWARNING: eslint has known vulnerabilities\npip install: Successfully installed webpack-5.16\npip: Installing build dependencies...\n[12:50:49] DEBUG: Initializing service\nCompleted.\n\u26a0 DEPRECATION: Feature will be removed in v2.0\nStep 3/21: Installing dependencies\nWARNING: webpack has known vulnerabilities\nStep 19/15: Deploying\nTests: 50 passed, 104 total\nWARNING: jest has known vulnerabilities\n  PASS: integration/test_auth_login.spec.js\npip: Installing build dependencies...\n\u2717 build failed with exit code 10\nGET /status - 200 (40ms)\nnpm notice: package.json updated\npip: Collecting express\nArtifact uploaded: dist.zip (10MB)\nOK\n[12:50:49] WARN: Deprecated API usage\nBundling styles.js\n[12:50:49] DEBUG: Memory usage: 1754MB\nException: RuntimeError\nInstalling express@2.16.2\nVerifying...\nStep 16/15: Linting\nnpm notice: created a lockfile\nTime: 55.208s\nWARNING: webpack has known vulnerabilities\nCompiling components/utils.go...\nException: RuntimeError\nCache hit for key-9045\nUploading artifact 'build' (8 files)\nArtifact uploaded: dist.zip (76MB)\nMinifying vendor.js\nGET /health - 201 (26ms)\nTLS handshake completed\n\u2717 build failed with exit code 36\nPlatform: darwin-arm64\n[12:50:49] INFO: Processing request\nLoading...\nBundling main.css\nCache miss for key-5438\nRan 193 tests in 56s\nFinished.\nOK\nArtifact uploaded: dist.zip (65MB)\n\u2717 build failed with exit code 82\nTLS handshake completed\nSuccess!\nStep 3/18: Linting\nLayer 7/12: COPY command\nyarn add: Done in 22.17s\n\u2713 All checks passed\nnpm notice: package.json updated\n\u2717 build failed with exit code 8\nPOST /api - 201 (29ms)\n[12:50:49] INFO: Processing request\nCompiling utils/utils.go...\nLoading...\npip: Installing build dependencies...\n\u2713 build completed\nStep 8/18: Deploying\nCoverage: 75% statements, 99% branches\n[12:50:49] DEBUG: Loading configuration\nWaiting...\n[12:50:49] INFO: Cache refreshed\nCache saved successfully\nCache invalidated: build\npip: Collecting webpack\nCompiling components/index.js...\n[12:50:49] INFO: Cache refreshed\nnpm install: resolved 977 packages\n\u2713 Step 'setup' succeeded\nPushing to registry...\n[12:50:49] WARN: Deprecated API usage\nHEAD is now at 1de352e\nStep 11/21: Running migrations\n[12:50:49] WARN: Deprecated API usage\n[12:50:49] INFO: Request completed\n\u2713 Task completed in 1157ms\nyarn add: Done in 19.51s\nnpm install: resolved 1563 packages\nStep 14/23: Deploying\n[12:50:49] DEBUG: Memory usage: 980MB\n[12:50:49] WARN: Deprecated API usage\nConnection established\nCompiling src/service.java...\nTest Suites: 15 passed, 17 total\nTests: 289 passed, 87 total\nyarn add: Done in 23.32s\nCompiling src/handler.rs...\n\u2713 Task completed in 3648ms\n[12:50:49] DEBUG: Loading configuration\nBuilding Docker image...\nPushing to registry...\nDone.\n[12:50:49] DEBUG: Initializing service\nImage pulled successfully\nWARNING: jest has known vulnerabilities\nPOST /upload - 200 (486ms)\n\u26a0 DEPRECATION: Feature will be removed in v5.0\n\u2713 All checks passed\n[12:50:49] INFO: Starting build process\nFetching submodules...\nRan 126 tests in 1s\npip: Collecting webpack\nTransforming 723 files...\nLoading...\nTransforming 669 files...\nSuccess!\nFetching from https://githubusercontent.com/package.json\n\u2713 validate completed\nCompiling utils/handler.rs...\nOK\nCache miss for key-1120\n\u2713 All checks passed\nVerifying...\nStep 19/15: Deploying\n\u2717 build failed with exit code 38\nOptimizing 80 modules...\nImage pulled successfully\n[12:50:49] INFO: Request completed\nSwitched to branch 'feature/task-728'\nBundling styles.css\n[12:50:49] DEBUG: Query executed in 19ms\nChecking out develop branch\nPushing to registry...\nSwitched to branch 'bugfix/task-624'\n\u2713 Task completed in 3409ms\nTime: 116.659s\n[12:50:49] DEBUG: Loading configuration\n\u2713 Task completed in 1930ms\nCompiling components/app.ts...\nLayer 2/13: COPY command\nTime: 98.448s\n[12:50:49] DEBUG: Query executed in 36ms\nCache hit for key-4580\nBundling runtime.js\n[12:50:49] INFO: Starting build process\n\u2713 All checks passed\nnpm install: resolved 698 packages\nMinifying main.js\nCache invalidated: build\nStep 7/17: Deploying\n\u26a0 DEPRECATION: Feature will be removed in v5.0\nHEAD is now at 47fb0cf\nUploading artifact 'build' (38 files)\nCompleted.\n[12:50:49] INFO: Cache refreshed\nFAILED: test_user_create\n[12:50:49] ERROR: Connection failed\npip: Downloading axios-2.20.tar.gz\n[12:50:49] INFO: Cache refreshed\nStep 3/23: Running migrations\nStep 18/18: Testing\n\u2713 All checks passed\nStep 6/20: Building\nPlatform: win32-x64\nTest Suites: 24 passed, 30 total\nTest Suites: 11 passed, 46 total\nWaiting...\nStep 12/23: Installing dependencies\nCompiling src/service.java...\n[12:50:49] DEBUG: Connection pool: 11 active\nnpm install: resolved 1739 packages\nHEAD is now at 90a0940\nUploading artifact 'dist' (24 files)\nnpm install: added 286 packages\nUsing Python 3.9\n[12:50:49] ERROR: Connection failed\n[12:50:49] WARN: Deprecated API usage\nOK\n[12:50:49] INFO: Cache refreshed\nRan 149 tests in 6s\nNODE_ENV=test\n\u26a0 DEPRECATION: Feature will be removed in v3.0\nCache invalidated: dependencies\nCompiling src/utils.go...\nPlatform: darwin-arm64\n[12:50:49] DEBUG: Connection pool: 1 active\nBundling styles.css\nCache miss for key-3052\nTest Suites: 28 passed, 48 total\nStep 4/21: Building\nStep 1/20: Running migrations\nGET /api - 200 (83ms)\nUsing Python 3.11\nPOST /api - 201 (170ms)\nCompleted.\n[12:50:49] INFO: Processing request\nImage pulled successfully\n  PASS: test_cache_hit (289ms)\nCache invalidated: node_modules\n\u2713 All checks passed\n\u2713 Step 'build' succeeded\nyarn add: Done in 28.52s\nCompiling components/service.java...\n[12:50:49] INFO: Processing request\nSwitched to branch 'feature/task-848'\n[12:50:49] DEBUG: Loading configuration\nnpm install: resolved 147 packages\nCache saved successfully\nBuilding Docker image...\nLoading...\nWARNING: lodash has known vulnerabilities\nAlready up to date.\nGET /health - 201 (59ms)\nProcessing...\nTLS handshake completed\n[12:50:49] DEBUG: Loading configuration\nBuilding Docker image...\nCompleted.\nMinifying app.js\nnpm install: added 290 packages\n[12:50:49] INFO: Starting build process\nUploading artifact 'coverage' (14 files)\nCompiling lib/service.java...\nyarn add: Done in 2.52s\nnpm install: added 245 packages\nOptimizing 100 modules...\nUploading artifact 'dist' (3 files)\nConnection established\nCompiling lib/utils.go...\n  PASS: unit/test_user_create.spec.js\nCreating production build...\nFetching submodules...\n\u2713 Step 'checkout' succeeded\nCoverage: 85% statements, 66% branches\nArtifact uploaded: build.tar.gz (28MB)\n[12:50:49] INFO: Processing request\nCompiling components/app.ts...\nCoverage: 97% statements, 61% branches\n=== Step deploy_production completed ===\n=== Step: type_check ===\nnpm install: added 52 packages\nWaiting...\n[12:50:49] INFO: Request completed\nTest Suites: 11 passed, 40 total\nCache miss for key-6745\nCompiling src/service.java...\nTLS handshake completed\n[12:50:49] WARN: Deprecated API usage\nStep 20/22: Deploying\nCreating production build...\nCompiling lib/index.js...\nLayer 7/15: ENV command\nyarn add: Done in 16.34s\n\u26a0 DEPRECATION: Feature will be removed in v3.0\nAlready up to date.\nDone.\nVerifying...\nFinished.\nCache saved successfully\nUsing Python 3.12\nStep 17/20: Linting\nPlatform: linux-x64\nOK\nWARNING: webpack has known vulnerabilities\n[12:50:49] DEBUG: Memory usage: 487MB\nAlready up to date.\nGenerating source maps...\nStep 16/22: Linting\npip: Downloading prettier-4.14.tar.gz\n  PASS: test_api_health (454ms)\nLoading...\n  PASS: test_user_create (231ms)\n[12:50:49] INFO: Starting build process\nGenerating source maps...\nMinifying vendor.js\nChecking out main branch\nTLS handshake completed\nUploading artifact 'dist' (3 files)\nLayer 1/8: ENV command\n\u2717 build failed with exit code 89\n[12:50:49] WARN: Deprecated API usage\n[12:50:49] DEBUG: Connection pool: 9 active\nInstalling lodash@5.13.2\n[12:50:49] DEBUG: Initializing service\nFinished.\nTLS handshake completed\nException: RuntimeError\nPlatform: win32-x64\n[12:50:49] WARN: Deprecated API usage\n\u26a0 DEPRECATION: Feature will be removed in v4.0\n[12:50:49] DEBUG: Loading configuration\nOptimizing 91 modules...\nReady.\n[12:50:49] DEBUG: Memory usage: 1999MB\nCoverage: 85% statements, 92% branches\nWARNING: webpack has known vulnerabilities\nCompleted.\nNODE_ENV=development\n[12:50:49] WARN: Deprecated API usage\n\u2713 All checks passed\nConnection established\nWaiting...\nPlatform: darwin-arm64\nAlready up to date.\nCache saved successfully\n[12:50:49] DEBUG: Query executed in 20ms\npip: Installing build dependencies...\nPlatform: darwin-arm64\nArtifact downloaded: 16MB\nnpm notice: created a lockfile\nCompiling utils/service.java...\nWARNING: react has known vulnerabilities\nPOST /api - 202 (102ms)\n[12:50:49] DEBUG: Loading configuration\nBundling runtime.css\nTest Suites: 37 passed, 12 total\nLayer 6/14: RUN command\nCache miss for key-2800\nUploading artifact 'coverage' (31 files)\nnpm notice: created a lockfile\nUsing Node.js 18.3.9\nArtifact uploaded: build.tar.gz (18MB)\nNODE_ENV=test\nCompiling utils/utils.go...\n[12:50:49] INFO: Connecting to database\nUsing Python 3.11\nOptimizing 99 modules...\nEnvironment: development\nNODE_ENV=development\nPulling image: node:latest\nTLS handshake completed\nnpm install: added 37 packages\npip: Installing build dependencies...\nCompiling components/main.py...\nHEAD is now at 7a37196\nCache restored successfully (59MB)\n[12:50:49] DEBUG: Connection pool: 18 active\n[12:50:49] DEBUG: Connection pool: 14 active\nCache restored successfully (189MB)\nnpm install: added 388 packages\nStep 15/18: Deploying\nUsing Python 3.12\nProcessing...\nFetching from https://googleapis.com/package.json\nUploading artifact 'coverage' (2 files)\nnpm install: resolved 1918 packages\nnpm install: added 186 packages\nOptimizing 47 modules...\nAlready up to date.\nTLS handshake completed\nnpm notice: package.json updated\nGenerating source maps...\nStep 12/25: Running migrations\n[12:50:49] WARN: Deprecated API usage\nOptimizing 38 modules...\nPulling image: alpine:18\nWARNING: axios has known vulnerabilities\nCreating production build...\nEnvironment: development\nArtifact uploaded: dist.zip (79MB)\nInstalling lodash@4.18.2\n\u2717 build failed with exit code 72\nPulling image: node:18\nReady.\nnpm install: resolved 338 packages\nCompleted.\n  PASS: e2e/test_user_create.spec.js\nUsing Python 3.10\n  PASS: integration/test_db_connect.spec.js\nLoading...\n[12:50:49] DEBUG: Initializing service\nOptimizing 13 modules...\n[12:50:49] INFO: Starting build process\nGET /health - 201 (24ms)\nTLS handshake completed\nTest Suites: 26 passed, 50 total\nUsing Node.js 14.19.3\nFAILED: test_db_connect\nDone.\nMinifying app.js\n[12:50:49] DEBUG: Memory usage: 1512MB\nNODE_ENV=production\nSuccess!\n\u26a0 DEPRECATION: Feature will be removed in v2.0\n[12:50:49] INFO: Request completed\n\u26a0 DEPRECATION: Feature will be removed in v5.0\n[12:50:49] WARN: Deprecated API usage\nStep 19/21: Running migrations\n  PASS: integration/test_cache_hit.spec.js\nChecking out main branch\nHEAD is now at 1b05d86\nSwitched to branch 'hotfix/task-703'\nFetching from https://gcr.io/package.json\n  PASS: unit/test_db_connect.spec.js\nStep 9/23: Deploying\nReady.\nCompiling utils/app.ts...\nnpm install: resolved 1517 packages\nCreating production build...\nUploading artifact 'build' (35 files)\nReady.\nFAILED: test_db_connect\nGenerating source maps...\nCompiling utils/index.js...\nPOST /data - 201 (182ms)\n[12:50:49] DEBUG: Query executed in 17ms\nNODE_ENV=development\nCompiling utils/handler.rs...\nUsing Node.js 16.9.8\n[12:50:49] DEBUG: Initializing service\n[12:50:49] DEBUG: Query executed in 11ms\nTest Suites: 48 passed, 18 total\nImage pulled successfully\nCompiling utils/service.java...\nStep 15/20: Deploying\nCache invalidated: dependencies\n[12:50:49] INFO: Connecting to database\nCompiling src/handler.rs...\nTest Suites: 8 passed, 25 total\n[12:50:49] INFO: Starting build process\n[12:50:49] INFO: Starting build process\n[12:50:49] WARN: Deprecated API usage\nUsing Python 3.10\nVerifying...\nCompleted.\nFetching submodules...\nSwitched to branch 'hotfix/task-987'\n[12:50:49] WARN: Deprecated API usage\nRan 102 tests in 1s\nMinifying vendor.js\nEnvironment: development\nUploading artifact 'coverage' (28 files)\nTLS handshake completed\nStep 13/15: Testing\nWaiting...\n[12:50:49] INFO: Request completed\nProcessing...\nOK\n\u2713 All checks passed\nWARNING: axios has known vulnerabilities\nnpm install: resolved 1124 packages\nWARNING: express has known vulnerabilities\nPlatform: darwin-arm64\nOptimizing 48 modules...\nUsing Python 3.11\nConnection established\nWARNING: express has known vulnerabilities\nWARNING: webpack has known vulnerabilities\nSnapshots: 7 passed, 38 total\n  PASS: test_user_create (298ms)\nArtifact uploaded: build.tar.gz (16MB)\nWaiting...\nSuccess!\nSnapshots: 36 passed, 37 total\nImage pulled successfully\nVerifying...\nConnection established\nFetching submodules...\nSuccess!\n  PASS: test_cache_hit (356ms)\nCache hit for key-4405\nSwitched to branch 'hotfix/task-710'\n[12:50:49] WARN: Deprecated API usage\nCompiling lib/index.js...\nnpm install: added 227 packages\nInstalling jest@3.19.5\nFetching from https://pypi.org/package.json\n[12:50:49] INFO: Request completed\nTests: 204 passed, 65 total\nVerifying...\nEnvironment: staging\n[12:50:49] INFO: Connecting to database\nWARNING: react has known vulnerabilities\nTests: 485 passed, 311 total\n[12:50:49] WARN: Deprecated API usage\nConnection established\nPOST /data - 200 (160ms)\nFetching from https://gcr.io/package.json\n[12:50:49] DEBUG: Memory usage: 225MB\n[12:50:49] INFO: Request completed\nSuccess!\nPOST /api - 201 (17ms)\nPOST /data - 201 (151ms)\n[12:50:49] DEBUG: Connection pool: 5 active\nCompiling utils/handler.rs...\nCompiling components/main.py...\nPulling image: alpine:3.11\nStep 4/21: Installing dependencies\nTests: 160 passed, 178 total\nChecking out master branch\nChecking out develop branch\nLoading...\nnpm notice: package.json updated\nMinifying vendor.js\nCompiling lib/main.py...\nCache miss for key-8559\n[12:50:49] DEBUG: Loading configuration\nFetching from https://github.com/package.json\nStep 4/17: Building\nReady.\n\u26a0 DEPRECATION: Feature will be removed in v5.0\nCompleted.\n\u2713 lint completed\nPOST /data - 201 (473ms)\nWARNING: prettier has known vulnerabilities\nCache hit for key-5267\nStep 13/20: Testing\nPlatform: linux-x64\n[12:50:49] INFO: Starting build process\nWaiting...\nCache saved successfully\nSnapshots: 10 passed, 17 total\nStep 14/16: Running migrations\n[12:50:49] DEBUG: Loading configuration\nConnection established\n\u2713 build completed\n\u2713 Step 'setup' succeeded\nCache invalidated: node_modules\nArtifact uploaded: build.tar.gz (21MB)\n\u2713 All checks passed\nUsing Python 3.9\nMinifying app.js\n\u2713 All checks passed\nInstalling jest@1.11.4\nTests: 361 passed, 58 total\nWARNING: react has known vulnerabilities\nSuccess!\nStep 14/18: Building\nyarn add: Done in 20.78s\nCache hit for key-2155\nSnapshots: 34 passed, 18 total\npip: Collecting express\nStep 5/19: Installing dependencies\nCache invalidated: dependencies\nTransforming 346 files...\n[12:50:49] DEBUG: Query executed in 73ms\nDone.\n=== Step type_check completed ===\n=== Step: save_cache ===\nBuilding Docker image...\n\u26a0 DEPRECATION: Feature will be removed in v5.0\nOptimizing 75 modules...\n[12:50:49] INFO: Request completed\npip: Collecting jest\nTLS handshake completed\nnpm install: resolved 939 packages\nStep 15/17: Linting\n[12:50:49] DEBUG: Memory usage: 1765MB\n[12:50:49] INFO: Processing request\n[12:50:49] DEBUG: Query executed in 64ms\npip: Installing build dependencies...\nSuccess!\nRan 173 tests in 56s\n  PASS: test_api_health (98ms)\n  PASS: test_cache_hit (246ms)\nCompiling components/app.ts...\n\u2713 Task completed in 573ms\nCoverage: 83% statements, 72% branches\nCompiling src/index.js...\nnpm notice: created a lockfile\nSnapshots: 5 passed, 41 total\n[12:50:49] WARN: Deprecated API usage\nBuilding Docker image...\nBuilding Docker image...\nEnvironment: development\nArtifact uploaded: build.tar.gz (37MB)\nProcessing...\nEnvironment: test\nSwitched to branch 'feature/task-642'\nOptimizing 27 modules...\nGET /status - 200 (69ms)\nSuccess!\nPulling image: python:latest\n  PASS: unit/test_auth_login.spec.js\nCreating production build...\n[12:50:49] DEBUG: Query executed in 68ms\nnpm notice: created a lockfile\n  PASS: integration/test_db_connect.spec.js\n  PASS: test_api_health (284ms)\n  PASS: unit/test_auth_login.spec.js\nArtifact uploaded: dist.zip (60MB)\npip: Downloading jest-1.1.tar.gz\nUploading artifact 'build' (24 files)\nImage pulled successfully\nUsing Python 3.10\n[12:50:49] ERROR: Connection failed\n  PASS: e2e/test_db_connect.spec.js\nnpm notice: created a lockfile\nChecking out main branch\nGenerating source maps...\n[12:50:49] DEBUG: Query executed in 40ms\nnpm install: added 436 packages\nFinished.\nArtifact downloaded: 6MB\nConnection established\nStep 20/20: Testing\nPOST /api - 200 (28ms)\nProcessing...\nUsing Python 3.9\nUsing Node.js 14.10.10\nLoading...\nGET /api - 204 (100ms)\npip: Collecting lodash\nReady.\nBundling main.js\nWaiting...\nCreating production build...\nProcessing...\npip: Installing build dependencies...\nHEAD is now at 9fa42a7\n[12:50:49] INFO: Cache refreshed\npip: Downloading webpack-3.7.tar.gz\nPulling image: python:18\npip: Downloading axios-4.8.tar.gz\nGenerating source maps...\nCache invalidated: dependencies\nConnection established\npip install: Successfully installed express-1.15\nCompiling utils/app.ts...\nCompiling lib/handler.rs...\nInstalling prettier@5.10.5\nLayer 10/12: COPY command\nNODE_ENV=development\nArtifact downloaded: 22MB\nException: TypeError\nFetching submodules...\nMinifying vendor.js\nFetching submodules...\npip: Collecting express\nAlready up to date.\nRan 175 tests in 56s\nFetching submodules...\n[12:50:49] INFO: Request completed\nGET /health - 200 (63ms)\nUsing Node.js 14.3.2\nnpm notice: package.json updated\nnpm install: resolved 576 packages\n\u26a0 DEPRECATION: Feature will be removed in v2.0\n[12:50:49] WARN: Deprecated API usage\nWARNING: lodash has known vulnerabilities\nnpm install: resolved 1156 packages\n[12:50:49] INFO: Cache refreshed\nFinished.\nTransforming 443 files...\nCompiling utils/service.java...\nException: RuntimeError\nFetching from https://amazonaws.com/package.json\nHEAD is now at 802c65f\n\u26a0 DEPRECATION: Feature will be removed in v5.0\nTransforming 144 files...\nCache restored successfully (16MB)\n[12:50:49] INFO: Connecting to database\nWARNING: webpack has known vulnerabilities\n\u2713 Step 'build' succeeded\nMinifying main.js\nnpm notice: package.json updated\npip install: Successfully installed react-5.12\n[12:50:49] INFO: Request completed\nStep 18/24: Testing\nLayer 4/9: ENV command\nCache hit for key-1848\n  PASS: test_api_health (59ms)\nStep 9/23: Linting\nVerifying...\nCompleted.\n[12:50:49] INFO: Connecting to database\n[12:50:49] DEBUG: Initializing service\nCompiling components/utils.go...\n[12:50:49] INFO: Connecting to database\nWARNING: webpack has known vulnerabilities\nStep 3/19: Linting\nEnvironment: production\nRan 77 tests in 2s\nEnvironment: production\n\u26a0 DEPRECATION: Feature will be removed in v2.0\n\u2713 package completed\n\u2713 All checks passed\n[12:50:49] DEBUG: Connection pool: 7 active\nLoading...\nBundling main.css\n[12:50:49] INFO: Request completed\n[12:50:49] DEBUG: Query executed in 60ms\nBuilding Docker image...\n\u2713 Step 'install' succeeded\nLoading...\nWARNING: react has known vulnerabilities\nSnapshots: 36 passed, 34 total\nPulling image: python:3.11\nChecking out master branch\n[12:50:49] DEBUG: Connection pool: 4 active\nCache miss for key-2000\nSnapshots: 28 passed, 36 total\nCoverage: 92% statements, 70% branches\nTests: 306 passed, 315 total\nCache hit for key-1669\nArtifact downloaded: 48MB\nCompiling src/handler.rs...\nArtifact uploaded: build.tar.gz (45MB)\nFetching submodules...\n\u2717 build failed with exit code 99\nOptimizing 87 modules...\n\u26a0 DEPRECATION: Feature will be removed in v4.0\nDone.\n\u2713 Task completed in 1685ms\nGET /api - 201 (78ms)\nArtifact uploaded: dist.zip (42MB)\nnpm notice: package.json updated\npip: Collecting webpack\nBuilding Docker image...\nStep 15/25: Linting\nLayer 5/8: COPY command\nPulling image: node:3.11\nArtifact downloaded: 44MB\nGET /status - 204 (23ms)\npip: Collecting lodash\nRan 18 tests in 14s\nCache miss for key-3550\n[12:50:49] DEBUG: Initializing service\nnpm install: added 238 packages\nPlatform: linux-x64\nCreating production build...\nGET /health - 204 (36ms)\nCache restored successfully (20MB)\nStep 11/25: Testing\nWaiting...\n[12:50:49] INFO: Starting build process\nCompiling lib/utils.go...\nLoading...\nInstalling webpack@2.5.0\nCompiling lib/index.js...\nOK\nTime: 60.481s\npip: Downloading lodash-5.20.tar.gz\npip: Installing build dependencies...\npip: Collecting jest\nHEAD is now at 7b65644\nAlready up to date.\n\u2717 build failed with exit code 114\nCreating production build...\n\u2713 Task completed in 4480ms\nFinished.\nCompiling components/index.js...\nException: TypeError\n\u26a0 DEPRECATION: Feature will be removed in v4.0\nFetching from https://gcr.io/package.json\n[12:50:49] DEBUG: Query executed in 42ms\n[12:50:49] INFO: Cache refreshed\nCompiling src/app.ts...\nFetching from https://googleapis.com/package.json\nDone.\n[12:50:49] WARN: Deprecated API usage\nSuccess!\nArtifact downloaded: 23MB\nTest Suites: 43 passed, 41 total\nImage pulled successfully\nStep 14/23: Linting\nException: ValueError\n[12:50:49] WARN: Deprecated API usage\nImage pulled successfully\nFAILED: test_db_connect\nCache restored successfully (166MB)\nPushing to registry...\n[12:50:49] WARN: Deprecated API usage\n\u26a0 DEPRECATION: Feature will be removed in v2.0\nOK\nTests: 145 passed, 303 total\n\u26a0 DEPRECATION: Feature will be removed in v5.0\n\u2713 Task completed in 3111ms\n[12:50:49] DEBUG: Query executed in 67ms\n[12:50:49] INFO: Processing request\nFetching from https://githubusercontent.com/package.json\nCreating production build...\n[12:50:49] DEBUG: Loading configuration\n[12:50:49] WARN: Deprecated API usage\nUploading artifact 'build' (12 files)\nFetching submodules...\nCoverage: 93% statements, 89% branches\nFetching from https://amazonaws.com/package.json\npip install: Successfully installed prettier-2.17\nTest Suites: 7 passed, 27 total\nCache hit for key-2349\nTransforming 573 files...\n[12:50:49] ERROR: Connection failed\n[12:50:49] DEBUG: Initializing service\nWARNING: lodash has known vulnerabilities\nLoading...\nnpm install: resolved 218 packages\nUsing Python 3.12\n[12:50:49] WARN: Deprecated API usage\nCompiling components/utils.go...\nyarn add: Done in 12.19s\nConnection established\nFinished.\nLayer 8/15: ENV command\nPOST /upload - 201 (337ms)\nTLS handshake completed\nPushing to registry...\n  PASS: test_cache_hit (191ms)\nVerifying...\nConnection established\nBundling main.js\nCompiling lib/main.py...\n[12:50:49] INFO: Cache refreshed\nGenerating source maps...\nOptimizing 71 modules...\nCompleted.\nArtifact uploaded: dist.zip (57MB)\nReady.\nRan 155 tests in 13s\npip: Installing build dependencies...\nLoading...\n[12:50:49] DEBUG: Query executed in 45ms\nFetching submodules...\nStep 10/22: Deploying\nNODE_ENV=development\nTest Suites: 44 passed, 16 total\nCache hit for key-6701\npip install: Successfully installed jest-2.10\nSwitched to branch 'bugfix/task-425'\nCache hit for key-5257\nCache hit for key-5092\nnpm install: added 163 packages\nStep 5/24: Installing dependencies\n[12:50:49] DEBUG: Initializing service\nCompiling lib/index.js...\nnpm install: resolved 132 packages\nFetching submodules...\nPOST /api - 202 (214ms)\nnpm notice: created a lockfile\nBuilding Docker image...\nImage pulled successfully\nSwitched to branch 'feature/task-823'\nLayer 8/12: COPY command\nTest Suites: 45 passed, 35 total\n[12:50:49] INFO: Request completed\n[12:50:49] INFO: Cache refreshed\n=== Step save_cache completed ===",
    "steps": [
      {
        "name": "setup_node",
        "status": "success",
        "started_at": "2025-11-23T12:50:49.078862",
        "finished_at": "2025-11-23T12:50:57.535896",
        "log_lines": [
          "=== Step: setup_node ===",
          "Cache hit for key-8749",
          "[12:50:49] DEBUG: Connection pool: 14 active",
          "\u2713 package completed",
          "npm install: added 312 packages",
          "Success!",
          "Connection established",
          "Fetching submodules...",
          "\u26a0 DEPRECATION: Feature will be removed in v2.0",
          "Cache restored successfully (491MB)",
          "Switched to branch 'hotfix/task-835'",
          "Cache restored successfully (38MB)",
          "Waiting...",
          "Completed.",
          "Verifying...",
          "WARNING: axios has known vulnerabilities",
          "pip: Downloading eslint-1.10.tar.gz",
          "Building Docker image...",
          "POST /api - 200 (227ms)",
          "Loading...",
          "pip: Downloading express-5.8.tar.gz",
          "Test Suites: 45 passed, 23 total",
          "[12:50:49] INFO: Request completed",
          "pip: Collecting webpack",
          "[12:50:49] DEBUG: Query executed in 45ms",
          "Layer 10/11: COPY command",
          "Loading...",
          "\u2713 Step 'build' succeeded",
          "HEAD is now at 24dc52c",
          "Fetching from https://pypi.org/package.json",
          "[12:50:49] DEBUG: Loading configuration",
          "Using Node.js 20.4.7",
          "Cache hit for key-4293",
          "Time: 73.63s",
          "[12:50:49] WARN: Deprecated API usage",
          "NODE_ENV=production",
          "Compiling lib/service.java...",
          "OK",
          "[12:50:49] DEBUG: Initializing service",
          "Layer 8/11: ENV command",
          "[12:50:49] DEBUG: Loading configuration",
          "Step 19/23: Building",
          "[12:50:49] DEBUG: Initializing service",
          "[12:50:49] INFO: Starting build process",
          "Compiling components/main.py...",
          "Compiling lib/service.java...",
          "Compiling src/app.ts...",
          "Checking out main branch",
          "Optimizing 90 modules...",
          "Step 20/18: Building",
          "\u2717 build failed with exit code 27",
          "Step 8/24: Deploying",
          "\u2713 Task completed in 3006ms",
          "npm notice: package.json updated",
          "Switched to branch 'bugfix/task-206'",
          "Completed.",
          "Done.",
          "Compiling lib/main.py...",
          "Artifact uploaded: dist.zip (1MB)",
          "Step 14/15: Installing dependencies",
          "Generating source maps...",
          "Using Python 3.10",
          "Artifact downloaded: 17MB",
          "Cache hit for key-9285",
          "Optimizing 26 modules...",
          "Layer 10/9: COPY command",
          "WARNING: express has known vulnerabilities",
          "[12:50:49] DEBUG: Loading configuration",
          "\u2713 All checks passed",
          "Switched to branch 'bugfix/task-417'",
          "[12:50:49] INFO: Connecting to database",
          "TLS handshake completed",
          "pip: Collecting eslint",
          "Step 8/23: Installing dependencies",
          "\u26a0 DEPRECATION: Feature will be removed in v4.0",
          "Using Node.js 17.3.10",
          "Verifying...",
          "pip install: Successfully installed jest-4.15",
          "\u2713 Step 'setup' succeeded",
          "Step 13/25: Installing dependencies",
          "Minifying main.js",
          "Finished.",
          "Already up to date.",
          "Tests: 88 passed, 459 total",
          "  PASS: test_api_health (136ms)",
          "Verifying...",
          "\u2713 Step 'test' succeeded",
          "[12:50:49] INFO: Cache refreshed",
          "  PASS: test_auth_login (146ms)",
          "\u26a0 DEPRECATION: Feature will be removed in v4.0",
          "  PASS: e2e/test_db_connect.spec.js",
          "WARNING: prettier has known vulnerabilities",
          "npm install: resolved 709 packages",
          "\u26a0 DEPRECATION: Feature will be removed in v4.0",
          "[12:50:49] INFO: Starting build process",
          "Cache saved successfully",
          "Optimizing 11 modules...",
          "\u2713 Step 'checkout' succeeded",
          "Done.",
          "[12:50:49] DEBUG: Initializing service",
          "Switched to branch 'hotfix/task-395'",
          "Processing...",
          "Cache saved successfully",
          "Using Python 3.12",
          "Uploading artifact 'dist' (19 files)",
          "Environment: staging",
          "Processing...",
          "Artifact uploaded: dist.zip (46MB)",
          "Waiting...",
          "\u2713 Step 'setup' succeeded",
          "yarn add: Done in 12.7s",
          "npm install: added 424 packages",
          "Step 2/17: Deploying",
          "Optimizing 31 modules...",
          "[12:50:49] INFO: Cache refreshed",
          "Compiling src/handler.rs...",
          "Tests: 76 passed, 103 total",
          "npm notice: package.json updated",
          "Completed.",
          "[12:50:49] INFO: Connecting to database",
          "Cache miss for key-6490",
          "Step 17/16: Running migrations",
          "Creating production build...",
          "[12:50:49] INFO: Connecting to database",
          "[12:50:49] DEBUG: Loading configuration",
          "Installing prettier@3.3.1",
          "FAILED: test_cache_hit",
          "Cache restored successfully (221MB)",
          "Processing...",
          "Compiling utils/index.js...",
          "Loading...",
          "Artifact downloaded: 43MB",
          "Success!",
          "Pulling image: python:latest",
          "Uploading artifact 'build' (23 files)",
          "\u2713 All checks passed",
          "Using Node.js 19.15.4",
          "[12:50:49] DEBUG: Initializing service",
          "Minifying app.js",
          "[12:50:49] INFO: Connecting to database",
          "Processing...",
          "Already up to date.",
          "Compiling components/main.py...",
          "Minifying main.js",
          "Artifact uploaded: build.tar.gz (34MB)",
          "  PASS: test_auth_login (401ms)",
          "Ready.",
          "Test Suites: 22 passed, 45 total",
          "Fetching from https://registry.npmjs.org/package.json",
          "Fetching from https://googleapis.com/package.json",
          "Optimizing 56 modules...",
          "Step 6/24: Linting",
          "  PASS: test_api_health (204ms)",
          "Using Python 3.9",
          "[12:50:49] WARN: Deprecated API usage",
          "Fetching submodules...",
          "Compiling src/handler.rs...",
          "Layer 6/12: COPY command",
          "Snapshots: 10 passed, 24 total",
          "npm notice: package.json updated",
          "Ran 87 tests in 60s",
          "OK",
          "Bundling vendor.js",
          "Compiling utils/service.java...",
          "\u2713 Step 'install' succeeded",
          "[12:50:49] DEBUG: Loading configuration",
          "Tests: 75 passed, 271 total",
          "Compiling components/main.py...",
          "Using Python 3.12",
          "Creating production build...",
          "Using Python 3.11",
          "HEAD is now at 3df0979",
          "Platform: darwin-arm64",
          "Image pulled successfully",
          "npm notice: created a lockfile",
          "Done.",
          "GET /health - 204 (17ms)",
          "\u2713 Step 'install' succeeded",
          "[12:50:49] ERROR: Connection failed",
          "Compiling utils/index.js...",
          "HEAD is now at 47a8a29",
          "Completed.",
          "Cache restored successfully (498MB)",
          "[12:50:49] WARN: Deprecated API usage",
          "Fetching from https://amazonaws.com/package.json",
          "Using Python 3.11",
          "Already up to date.",
          "\u26a0 DEPRECATION: Feature will be removed in v3.0",
          "npm notice: package.json updated",
          "npm notice: created a lockfile",
          "Image pulled successfully",
          "WARNING: axios has known vulnerabilities",
          "[12:50:49] DEBUG: Memory usage: 763MB",
          "\u2713 test completed",
          "Processing...",
          "npm notice: created a lockfile",
          "POST /upload - 201 (110ms)",
          "Pushing to registry...",
          "Compiling src/main.py...",
          "[12:50:49] DEBUG: Connection pool: 2 active",
          "[12:50:49] DEBUG: Initializing service",
          "Cache restored successfully (187MB)",
          "Pushing to registry...",
          "Cache saved successfully",
          "Already up to date.",
          "Compiling lib/index.js...",
          "Step 8/20: Installing dependencies",
          "Step 15/16: Building",
          "yarn add: Done in 16.62s",
          "Step 17/18: Installing dependencies",
          "GET /api - 200 (34ms)",
          "pip: Downloading eslint-4.6.tar.gz",
          "Artifact uploaded: dist.zip (18MB)",
          "Fetching submodules...",
          "Waiting...",
          "Compiling utils/main.py...",
          "Cache invalidated: dependencies",
          "[12:50:49] DEBUG: Initializing service",
          "[12:50:49] DEBUG: Memory usage: 1942MB",
          "[12:50:49] INFO: Cache refreshed",
          "[12:50:49] DEBUG: Initializing service",
          "Loading...",
          "  PASS: test_cache_hit (361ms)",
          "yarn add: Done in 6.0s",
          "Ready.",
          "HEAD is now at 201d1ed",
          "Bundling runtime.js",
          "Optimizing 13 modules...",
          "Snapshots: 29 passed, 4 total",
          "\u26a0 DEPRECATION: Feature will be removed in v2.0",
          "npm install: resolved 879 packages",
          "Cache restored successfully (71MB)",
          "Artifact downloaded: 31MB",
          "Time: 31.228s",
          "  PASS: unit/test_api_health.spec.js",
          "NODE_ENV=test",
          "[12:50:49] INFO: Request completed",
          "Time: 31.244s",
          "GET /api - 204 (40ms)",
          "[12:50:49] DEBUG: Query executed in 73ms",
          "[12:50:49] WARN: Deprecated API usage",
          "pip: Installing build dependencies...",
          "Step 10/18: Running migrations",
          "Artifact downloaded: 43MB",
          "[12:50:49] WARN: Deprecated API usage",
          "Success!",
          "  PASS: integration/test_auth_login.spec.js",
          "  PASS: test_auth_login (370ms)",
          "\u26a0 DEPRECATION: Feature will be removed in v3.0",
          "Step 16/25: Deploying",
          "Waiting...",
          "npm install: added 82 packages",
          "HEAD is now at 5bfa48c",
          "Compiling src/main.py...",
          "Minifying vendor.js",
          "[12:50:49] ERROR: Connection failed",
          "Layer 7/8: RUN command",
          "Success!",
          "WARNING: express has known vulnerabilities",
          "Layer 7/11: ENV command",
          "  PASS: test_api_health (415ms)",
          "[12:50:49] INFO: Processing request",
          "pip install: Successfully installed prettier-1.8",
          "[12:50:49] WARN: Deprecated API usage",
          "[12:50:49] INFO: Cache refreshed",
          "npm notice: created a lockfile",
          "  PASS: integration/test_api_health.spec.js",
          "Checking out master branch",
          "Artifact uploaded: dist.zip (82MB)",
          "GET /health - 204 (76ms)",
          "HEAD is now at c90c027",
          "[12:50:49] DEBUG: Memory usage: 1112MB",
          "Connection established",
          "Using Node.js 14.12.3",
          "[12:50:49] INFO: Processing request",
          "[12:50:49] INFO: Request completed",
          "Connection established",
          "Platform: darwin-arm64",
          "WARNING: react has known vulnerabilities",
          "Tests: 90 passed, 158 total",
          "Step 20/19: Testing",
          "Finished.",
          "Fetching from https://amazonaws.com/package.json",
          "Image pulled successfully",
          "  PASS: e2e/test_cache_hit.spec.js",
          "[12:50:49] DEBUG: Initializing service",
          "Step 4/24: Linting",
          "\u26a0 DEPRECATION: Feature will be removed in v2.0",
          "  PASS: test_cache_hit (157ms)",
          "[12:50:49] WARN: Deprecated API usage",
          "npm install: added 74 packages",
          "[12:50:49] DEBUG: Connection pool: 18 active",
          "[12:50:49] DEBUG: Connection pool: 5 active",
          "Step 1/20: Linting",
          "Cache invalidated: build",
          "Installing webpack@2.6.0",
          "Already up to date.",
          "pip install: Successfully installed axios-3.3",
          "=== Step setup_node completed ==="
        ]
      },
      {
        "name": "checkout",
        "status": "success",
        "started_at": "2025-11-23T12:50:57.535896",
        "finished_at": "2025-11-23T12:51:00.918709",
        "log_lines": [
          "=== Step: checkout ===",
          "\u2713 Step 'checkout' succeeded",
          "[12:50:49] DEBUG: Initializing service",
          "Step 3/24: Testing",
          "[12:50:49] WARN: Deprecated API usage",
          "Tests: 321 passed, 163 total",
          "Switched to branch 'bugfix/task-272'",
          "\u26a0 DEPRECATION: Feature will be removed in v3.0",
          "\u26a0 DEPRECATION: Feature will be removed in v2.0",
          "Generating source maps...",
          "Ran 133 tests in 49s",
          "Checking out main branch",
          "Minifying app.js",
          "\u2713 Step 'checkout' succeeded",
          "Loading...",
          "Creating production build...",
          "Step 6/23: Linting",
          "Optimizing 49 modules...",
          "Step 13/17: Running migrations",
          "Compiling utils/service.java...",
          "pip: Collecting eslint",
          "Pulling image: alpine:3.11",
          "Artifact uploaded: build.tar.gz (8MB)",
          "Done.",
          "[12:50:49] INFO: Connecting to database",
          "Transforming 911 files...",
          "Finished.",
          "[12:50:49] INFO: Connecting to database",
          "Cache restored successfully (268MB)",
          "Ran 144 tests in 55s",
          "  PASS: integration/test_cache_hit.spec.js",
          "TLS handshake completed",
          "Waiting...",
          "Compiling src/handler.rs...",
          "Fetching from https://npmjs.org/package.json",
          "Cache saved successfully",
          "pip install: Successfully installed webpack-5.18",
          "Time: 8.219s",
          "Step 9/16: Linting",
          "\u2713 deploy completed",
          "Pulling image: alpine:3.11",
          "[12:50:49] DEBUG: Loading configuration",
          "[12:50:49] DEBUG: Memory usage: 1910MB",
          "[12:50:49] DEBUG: Memory usage: 1551MB",
          "Exception: NullPointerException",
          "[12:50:49] WARN: Deprecated API usage",
          "Cache hit for key-9517",
          "Layer 2/9: ENV command",
          "npm install: added 177 packages",
          "pip: Installing build dependencies...",
          "npm notice: created a lockfile",
          "Already up to date.",
          "Layer 8/12: ENV command",
          "\u2713 build completed",
          "pip: Installing build dependencies...",
          "\u2717 build failed with exit code 122",
          "\u2717 build failed with exit code 25",
          "Step 1/20: Installing dependencies",
          "Connection established",
          "  PASS: test_api_health (335ms)",
          "Snapshots: 36 passed, 5 total",
          "Already up to date.",
          "GET /api - 201 (31ms)",
          "Waiting...",
          "Test Suites: 34 passed, 22 total",
          "Installing jest@5.12.3",
          "  PASS: test_auth_login (189ms)",
          "[12:50:49] DEBUG: Loading configuration",
          "Cache restored successfully (454MB)",
          "pip: Installing build dependencies...",
          "Layer 4/8: COPY command",
          "Artifact uploaded: dist.zip (9MB)",
          "Ready.",
          "OK",
          "[12:50:49] DEBUG: Initializing service",
          "Step 5/19: Deploying",
          "\u26a0 DEPRECATION: Feature will be removed in v4.0",
          "\u2713 All checks passed",
          "[12:50:49] DEBUG: Initializing service",
          "Coverage: 71% statements, 66% branches",
          "Loading...",
          "Minifying vendor.js",
          "Layer 6/13: RUN command",
          "Step 7/24: Linting",
          "[12:50:49] WARN: Deprecated API usage",
          "[12:50:49] INFO: Request completed",
          "Image pulled successfully",
          "Step 16/22: Testing",
          "Minifying main.js",
          "Cache restored successfully (431MB)",
          "Ready.",
          "  PASS: test_auth_login (362ms)",
          "  PASS: test_user_create (410ms)",
          "POST /api - 202 (93ms)",
          "Ran 28 tests in 3s",
          "[12:50:49] WARN: Deprecated API usage",
          "npm notice: created a lockfile",
          "npm notice: package.json updated",
          "Fetching submodules...",
          "FAILED: test_cache_hit",
          "[12:50:49] DEBUG: Loading configuration",
          "  PASS: test_user_create (167ms)",
          "Waiting...",
          "Compiling utils/app.ts...",
          "pip: Downloading express-1.10.tar.gz",
          "POST /upload - 202 (399ms)",
          "Pulling image: python:latest",
          "Fetching from https://registry.npmjs.org/package.json",
          "Cache restored successfully (53MB)",
          "Generating source maps...",
          "Step 17/25: Building",
          "\u2713 Step 'build' succeeded",
          "Compiling components/service.java...",
          "Artifact uploaded: build.tar.gz (46MB)",
          "Cache restored successfully (17MB)",
          "Ready.",
          "npm notice: package.json updated",
          "Artifact downloaded: 41MB",
          "[12:50:49] ERROR: Connection failed",
          "Using Node.js 20.12.4",
          "yarn add: Done in 8.59s",
          "\u2713 All checks passed",
          "\u2713 Step 'checkout' succeeded",
          "[12:50:49] INFO: Cache refreshed",
          "npm notice: created a lockfile",
          "Step 11/16: Testing",
          "Compiling src/index.js...",
          "Artifact downloaded: 25MB",
          "Connection established",
          "Compiling utils/app.ts...",
          "Tests: 225 passed, 209 total",
          "Finished.",
          "[12:50:49] INFO: Processing request",
          "[12:50:49] DEBUG: Connection pool: 13 active",
          "[12:50:49] INFO: Request completed",
          "npm notice: package.json updated",
          "[12:50:49] DEBUG: Memory usage: 189MB",
          "Coverage: 91% statements, 72% branches",
          "\u26a0 DEPRECATION: Feature will be removed in v2.0",
          "[12:50:49] INFO: Cache refreshed",
          "Generating source maps...",
          "[12:50:49] DEBUG: Loading configuration",
          "Minifying main.js",
          "[12:50:49] WARN: Deprecated API usage",
          "Loading...",
          "OK",
          "Minifying app.js",
          "yarn add: Done in 24.53s",
          "Waiting...",
          "Building Docker image...",
          "[12:50:49] WARN: Deprecated API usage",
          "TLS handshake completed",
          "Ran 130 tests in 6s",
          "yarn add: Done in 10.1s",
          "Uploading artifact 'dist' (13 files)",
          "Switched to branch 'feature/task-420'",
          "Artifact uploaded: build.tar.gz (34MB)",
          "[12:50:49] INFO: Starting build process",
          "Already up to date.",
          "Compiling components/main.py...",
          "Compiling utils/utils.go...",
          "[12:50:49] INFO: Processing request",
          "[12:50:49] DEBUG: Connection pool: 17 active",
          "Test Suites: 43 passed, 22 total",
          "Checking out main branch",
          "Loading...",
          "Success!",
          "Switched to branch 'feature/task-655'",
          "POST /upload - 201 (497ms)",
          "POST /upload - 202 (343ms)",
          "Compiling src/service.java...",
          "npm notice: created a lockfile",
          "Using Node.js 20.2.0",
          "[12:50:49] INFO: Cache refreshed",
          "Cache miss for key-2126",
          "OK",
          "Processing...",
          "pip: Collecting axios",
          "\u26a0 DEPRECATION: Feature will be removed in v3.0",
          "HEAD is now at 4ab7e61",
          "Compiling utils/app.ts...",
          "Switched to branch 'hotfix/task-894'",
          "[12:50:49] INFO: Starting build process",
          "Pushing to registry...",
          "[12:50:49] DEBUG: Initializing service",
          "Creating production build...",
          "  PASS: unit/test_user_create.spec.js",
          "Step 10/16: Testing",
          "Cache invalidated: build",
          "Compiling lib/main.py...",
          "Artifact downloaded: 28MB",
          "TLS handshake completed",
          "Time: 81.552s",
          "Success!",
          "Step 6/19: Testing",
          "npm install: resolved 1823 packages",
          "[12:50:49] INFO: Request completed",
          "Cache miss for key-9071",
          "Success!",
          "Compiling lib/service.java...",
          "WARNING: react has known vulnerabilities",
          "Platform: linux-x64",
          "npm notice: package.json updated",
          "Test Suites: 24 passed, 7 total",
          "WARNING: webpack has known vulnerabilities",
          "\u2713 Task completed in 3737ms",
          "Step 19/21: Running migrations",
          "Coverage: 71% statements, 60% branches",
          "Cache invalidated: node_modules",
          "pip install: Successfully installed jest-4.15",
          "Ran 118 tests in 59s",
          "pip: Installing build dependencies...",
          "Compiling src/utils.go...",
          "[12:50:49] ERROR: Connection failed",
          "Building Docker image...",
          "Artifact uploaded: dist.zip (82MB)",
          "Minifying app.js",
          "Building Docker image...",
          "Tests: 137 passed, 399 total",
          "Checking out main branch",
          "yarn add: Done in 29.68s",
          "Verifying...",
          "Loading...",
          "Using Node.js 16.3.1",
          "\u26a0 DEPRECATION: Feature will be removed in v4.0",
          "[12:50:49] WARN: Deprecated API usage",
          "[12:50:49] INFO: Cache refreshed",
          "Installing prettier@3.13.6",
          "Coverage: 92% statements, 67% branches",
          "Pushing to registry...",
          "Exception: TypeError",
          "Pushing to registry...",
          "Optimizing 84 modules...",
          "pip: Installing build dependencies...",
          "\u26a0 DEPRECATION: Feature will be removed in v3.0",
          "NODE_ENV=test",
          "pip: Installing build dependencies...",
          "  PASS: integration/test_db_connect.spec.js",
          "Cache miss for key-6872",
          "Cache miss for key-2308",
          "Tests: 392 passed, 318 total",
          "Time: 108.129s",
          "[12:50:49] DEBUG: Connection pool: 15 active",
          "WARNING: prettier has known vulnerabilities",
          "[12:50:49] DEBUG: Loading configuration",
          "Compiling utils/app.ts...",
          "\u2713 All checks passed",
          "  PASS: e2e/test_auth_login.spec.js",
          "Artifact uploaded: dist.zip (7MB)",
          "Exception: NullPointerException",
          "Step 20/24: Deploying",
          "yarn add: Done in 4.43s",
          "Artifact downloaded: 27MB",
          "Creating production build...",
          "[12:50:49] DEBUG: Loading configuration",
          "Artifact downloaded: 14MB",
          "HEAD is now at 2f89fa0",
          "Exception: RuntimeError",
          "Layer 5/12: COPY command",
          "[12:50:49] DEBUG: Memory usage: 478MB",
          "Coverage: 99% statements, 64% branches",
          "Bundling main.js",
          "Using Python 3.9",
          "Step 17/24: Building",
          "Step 11/24: Deploying",
          "pip: Downloading react-4.1.tar.gz",
          "\u2713 Task completed in 4840ms",
          "npm notice: package.json updated",
          "NODE_ENV=production",
          "\u2713 validate completed",
          "Test Suites: 39 passed, 29 total",
          "Done.",
          "Verifying...",
          "[12:50:49] DEBUG: Query executed in 56ms",
          "TLS handshake completed",
          "npm notice: package.json updated",
          "Completed.",
          "Snapshots: 40 passed, 45 total",
          "Artifact downloaded: 30MB",
          "\u26a0 DEPRECATION: Feature will be removed in v4.0",
          "Compiling lib/utils.go...",
          "Switched to branch 'bugfix/task-676'",
          "pip: Installing build dependencies...",
          "\u2713 package completed",
          "NODE_ENV=test",
          "Exception: ValueError",
          "\u26a0 DEPRECATION: Feature will be removed in v3.0",
          "[12:50:49] DEBUG: Memory usage: 615MB",
          "Optimizing 78 modules...",
          "HEAD is now at 00f25f8",
          "Compiling lib/main.py...",
          "[12:50:49] WARN: Deprecated API usage",
          "Building Docker image...",
          "  PASS: integration/test_api_health.spec.js",
          "npm notice: package.json updated",
          "Coverage: 72% statements, 99% branches",
          "Installing lodash@4.2.3",
          "[12:50:49] WARN: Deprecated API usage",
          "=== Step checkout completed ==="
        ]
      },
      {
        "name": "deploy_staging",
        "status": "success",
        "started_at": "2025-11-23T12:51:00.918709",
        "finished_at": "2025-11-23T12:51:09.375743",
        "log_lines": [
          "=== Step: deploy_staging ===",
          "\u26a0 DEPRECATION: Feature will be removed in v4.0",
          "GET /health - 201 (4ms)",
          "Coverage: 93% statements, 75% branches",
          "\u2713 validate completed",
          "  PASS: test_api_health (363ms)",
          "  PASS: unit/test_api_health.spec.js",
          "Artifact uploaded: dist.zip (22MB)",
          "pip install: Successfully installed lodash-4.16",
          "[12:50:49] WARN: Deprecated API usage",
          "POST /data - 202 (365ms)",
          "[12:50:49] INFO: Request completed",
          "HEAD is now at bd7bd75",
          "[12:50:49] INFO: Starting build process",
          "[12:50:49] WARN: Deprecated API usage",
          "Finished.",
          "WARNING: eslint has known vulnerabilities",
          "[12:50:49] DEBUG: Initializing service",
          "Fetching from https://registry.npmjs.org/package.json",
          "Compiling lib/handler.rs...",
          "Pulling image: alpine:3.11",
          "FAILED: test_db_connect",
          "Cache miss for key-2454",
          "Generating source maps...",
          "POST /data - 200 (326ms)",
          "\u26a0 DEPRECATION: Feature will be removed in v4.0",
          "Artifact uploaded: dist.zip (64MB)",
          "Uploading artifact 'dist' (38 files)",
          "pip: Installing build dependencies...",
          "[12:50:49] DEBUG: Memory usage: 1090MB",
          "Step 5/18: Linting",
          "Processing...",
          "Cache invalidated: build",
          "Artifact uploaded: dist.zip (67MB)",
          "Using Python 3.9",
          "Using Python 3.10",
          "[12:50:49] DEBUG: Memory usage: 1915MB",
          "npm install: resolved 205 packages",
          "Exception: NullPointerException",
          "Step 16/22: Linting",
          "\u2717 build failed with exit code 35",
          "FAILED: test_cache_hit",
          "[12:50:49] DEBUG: Initializing service",
          "Ran 80 tests in 32s",
          "GET /api - 204 (88ms)",
          "[12:50:49] WARN: Deprecated API usage",
          "HEAD is now at 74dc829",
          "[12:50:49] INFO: Starting build process",
          "Tests: 183 passed, 257 total",
          "\u2713 test completed",
          "[12:50:49] WARN: Deprecated API usage",
          "GET /health - 201 (20ms)",
          "Checking out master branch",
          "[12:50:49] DEBUG: Memory usage: 171MB",
          "Environment: production",
          "Cache hit for key-5519",
          "Compiling components/utils.go...",
          "Using Python 3.9",
          "Generating source maps...",
          "Uploading artifact 'dist' (44 files)",
          "Snapshots: 35 passed, 36 total",
          "[12:50:49] DEBUG: Loading configuration",
          "Connection established",
          "Platform: darwin-arm64",
          "Image pulled successfully",
          "Pushing to registry...",
          "Switched to branch 'feature/task-367'",
          "  PASS: test_user_create (139ms)",
          "pip install: Successfully installed eslint-1.8",
          "npm install: added 49 packages",
          "[12:50:49] DEBUG: Loading configuration",
          "Checking out develop branch",
          "Switched to branch 'hotfix/task-441'",
          "Tests: 454 passed, 273 total",
          "Tests: 453 passed, 88 total",
          "Snapshots: 29 passed, 30 total",
          "Minifying vendor.js",
          "Compiling src/index.js...",
          "[12:50:49] INFO: Request completed",
          "Platform: linux-x64",
          "Checking out develop branch",
          "[12:50:49] ERROR: Connection failed",
          "Image pulled successfully",
          "[12:50:49] INFO: Starting build process",
          "TLS handshake completed",
          "Uploading artifact 'coverage' (31 files)",
          "[12:50:49] DEBUG: Memory usage: 1962MB",
          "Step 9/18: Building",
          "FAILED: test_user_create",
          "Step 9/16: Deploying",
          "Time: 82.583s",
          "Artifact uploaded: build.tar.gz (31MB)",
          "Compiling components/handler.rs...",
          "  PASS: test_api_health (245ms)",
          "\u2713 Step 'test' succeeded",
          "Compiling lib/main.py...",
          "pip: Downloading axios-1.2.tar.gz",
          "FAILED: test_cache_hit",
          "yarn add: Done in 11.99s",
          "npm install: added 373 packages",
          "Finished.",
          "OK",
          "Installing prettier@5.1.0",
          "Image pulled successfully",
          "Compiling components/main.py...",
          "\u2713 Task completed in 4135ms",
          "Processing...",
          "Compiling components/app.ts...",
          "WARNING: webpack has known vulnerabilities",
          "[12:50:49] INFO: Request completed",
          "Installing react@4.17.4",
          "[12:50:49] INFO: Processing request",
          "pip: Collecting react",
          "NODE_ENV=production",
          "Switched to branch 'hotfix/task-258'",
          "[12:50:49] INFO: Processing request",
          "Artifact downloaded: 4MB",
          "Minifying app.js",
          "Verifying...",
          "[12:50:49] WARN: Deprecated API usage",
          "[12:50:49] DEBUG: Query executed in 81ms",
          "\u2713 test completed",
          "pip: Collecting axios",
          "Loading...",
          "npm notice: package.json updated",
          "Step 1/25: Running migrations",
          "Compiling src/main.py...",
          "OK",
          "[12:50:49] INFO: Processing request",
          "Cache saved successfully",
          "Already up to date.",
          "Cache hit for key-2627",
          "Fetching from https://amazonaws.com/package.json",
          "Uploading artifact 'build' (27 files)",
          "Step 5/25: Building",
          "pip: Collecting prettier",
          "Minifying app.js",
          "Step 17/21: Testing",
          "Success!",
          "Uploading artifact 'build' (2 files)",
          "Fetching submodules...",
          "Compiling lib/handler.rs...",
          "Cache miss for key-4147",
          "\u2713 All checks passed",
          "Step 19/24: Installing dependencies",
          "Using Python 3.10",
          "npm install: resolved 1566 packages",
          "Step 11/21: Running migrations",
          "[12:50:49] INFO: Cache refreshed",
          "Building Docker image...",
          "Layer 5/8: RUN command",
          "Platform: linux-x64",
          "Cache saved successfully",
          "Minifying vendor.js",
          "Done.",
          "Checking out develop branch",
          "Transforming 662 files...",
          "Step 8/15: Installing dependencies",
          "OK",
          "Step 19/19: Running migrations",
          "Step 7/15: Building",
          "npm notice: created a lockfile",
          "Switched to branch 'hotfix/task-507'",
          "[12:50:49] INFO: Connecting to database",
          "npm install: resolved 613 packages",
          "Coverage: 88% statements, 96% branches",
          "Artifact uploaded: build.tar.gz (45MB)",
          "pip install: Successfully installed lodash-1.19",
          "\u2713 Task completed in 4247ms",
          "Layer 2/9: COPY command",
          "yarn add: Done in 25.63s",
          "Fetching from https://pypi.org/package.json",
          "Completed.",
          "[12:50:49] WARN: Deprecated API usage",
          "Pulling image: alpine:18",
          "Compiling src/utils.go...",
          "Cache saved successfully",
          "npm install: resolved 896 packages",
          "\u26a0 DEPRECATION: Feature will be removed in v5.0",
          "Step 15/25: Linting",
          "Artifact downloaded: 37MB",
          "npm notice: created a lockfile",
          "Processing...",
          "Fetching from https://githubusercontent.com/package.json",
          "Ran 33 tests in 32s",
          "Transforming 820 files...",
          "npm notice: package.json updated",
          "Snapshots: 23 passed, 18 total",
          "Transforming 389 files...",
          "Time: 100.874s",
          "npm install: added 290 packages",
          "OK",
          "[12:50:49] WARN: Deprecated API usage",
          "Cache miss for key-4811",
          "\u2713 Step 'install' succeeded",
          "TLS handshake completed",
          "Pushing to registry...",
          "Using Python 3.12",
          "Ran 67 tests in 30s",
          "Step 10/19: Deploying",
          "Checking out master branch",
          "Snapshots: 3 passed, 13 total",
          "\u2713 Step 'build' succeeded",
          "Layer 9/8: ENV command",
          "Ready.",
          "  PASS: test_db_connect (170ms)",
          "POST /api - 200 (371ms)",
          "Cache restored successfully (478MB)",
          "Checking out main branch",
          "npm install: resolved 1033 packages",
          "[12:50:49] INFO: Starting build process",
          "Switched to branch 'feature/task-512'",
          "Finished.",
          "[12:50:49] DEBUG: Loading configuration",
          "Uploading artifact 'dist' (15 files)",
          "WARNING: axios has known vulnerabilities",
          "Already up to date.",
          "Tests: 396 passed, 56 total",
          "HEAD is now at 63d6981",
          "Creating production build...",
          "Already up to date.",
          "[12:50:49] INFO: Request completed",
          "[12:50:49] INFO: Cache refreshed",
          "Cache miss for key-2539",
          "[12:50:49] INFO: Cache refreshed",
          "\u26a0 DEPRECATION: Feature will be removed in v3.0",
          "  PASS: unit/test_user_create.spec.js",
          "HEAD is now at e65e65a",
          "Layer 10/9: RUN command",
          "WARNING: jest has known vulnerabilities",
          "pip: Collecting webpack",
          "Platform: linux-x64",
          "Test Suites: 43 passed, 41 total",
          "npm notice: created a lockfile",
          "npm notice: package.json updated",
          "Minifying app.js",
          "Generating source maps...",
          "[12:50:49] DEBUG: Loading configuration",
          "Transforming 920 files...",
          "Layer 6/9: RUN command",
          "WARNING: eslint has known vulnerabilities",
          "[12:50:49] DEBUG: Loading configuration",
          "Cache hit for key-9021",
          "[12:50:49] WARN: Deprecated API usage",
          "Exception: ValueError",
          "NODE_ENV=test",
          "Switched to branch 'hotfix/task-214'",
          "Image pulled successfully",
          "\u2713 Task completed in 1164ms",
          "\u2713 All checks passed",
          "Cache restored successfully (179MB)",
          "Compiling utils/service.java...",
          "Step 14/24: Linting",
          "Coverage: 90% statements, 66% branches",
          "[12:50:49] DEBUG: Query executed in 34ms",
          "[12:50:49] INFO: Processing request",
          "[12:50:49] DEBUG: Connection pool: 7 active",
          "[12:50:49] DEBUG: Initializing service",
          "Generating source maps...",
          "\u2713 build completed",
          "Time: 88.57s",
          "POST /api - 201 (342ms)",
          "Transforming 228 files...",
          "Uploading artifact 'build' (34 files)",
          "yarn add: Done in 2.90s",
          "[12:50:49] INFO: Request completed",
          "Cache restored successfully (357MB)",
          "Step 17/25: Deploying",
          "\u2713 All checks passed",
          "Fetching from https://gcr.io/package.json",
          "Minifying main.js",
          "\u2713 Step 'checkout' succeeded",
          "FAILED: test_user_create",
          "Minifying app.js",
          "Uploading artifact 'dist' (39 files)",
          "\u2713 Step 'install' succeeded",
          "pip install: Successfully installed axios-2.6",
          "  PASS: unit/test_auth_login.spec.js",
          "[12:50:49] ERROR: Connection failed",
          "Uploading artifact 'build' (11 files)",
          "Transforming 714 files...",
          "Cache invalidated: dependencies",
          "Minifying vendor.js",
          "Using Node.js 20.14.5",
          "Transforming 690 files...",
          "pip: Installing build dependencies...",
          "Building Docker image...",
          "Installing react@4.10.9",
          "Test Suites: 11 passed, 10 total",
          "npm install: added 457 packages",
          "WARNING: axios has known vulnerabilities",
          "Switched to branch 'hotfix/task-546'",
          "Snapshots: 22 passed, 1 total",
          "NODE_ENV=production",
          "Coverage: 73% statements, 81% branches",
          "[12:50:49] WARN: Deprecated API usage",
          "Step 5/24: Running migrations",
          "OK",
          "=== Step deploy_staging completed ==="
        ]
      },
      {
        "name": "e2e_tests",
        "status": "success",
        "started_at": "2025-11-23T12:51:09.375743",
        "finished_at": "2025-11-23T12:51:17.832777",
        "log_lines": [
          "=== Step: e2e_tests ===",
          "\u2713 Task completed in 201ms",
          "\u26a0 DEPRECATION: Feature will be removed in v2.0",
          "WARNING: axios has known vulnerabilities",
          "pip: Installing build dependencies...",
          "Artifact uploaded: dist.zip (94MB)",
          "Building Docker image...",
          "[12:50:49] ERROR: Connection failed",
          "Waiting...",
          "Uploading artifact 'dist' (23 files)",
          "[12:50:49] INFO: Request completed",
          "Building Docker image...",
          "TLS handshake completed",
          "npm install: resolved 1922 packages",
          "\u26a0 DEPRECATION: Feature will be removed in v3.0",
          "\u2713 All checks passed",
          "Compiling lib/utils.go...",
          "Environment: production",
          "POST /upload - 200 (163ms)",
          "Platform: win32-x64",
          "Loading...",
          "Artifact uploaded: build.tar.gz (41MB)",
          "Compiling components/service.java...",
          "pip install: Successfully installed eslint-1.6",
          "Fetching from https://gcr.io/package.json",
          "[12:50:49] DEBUG: Initializing service",
          "\u26a0 DEPRECATION: Feature will be removed in v5.0",
          "Using Node.js 15.11.3",
          "[12:50:49] DEBUG: Memory usage: 346MB",
          "[12:50:49] INFO: Starting build process",
          "Fetching from https://github.com/package.json",
          "Connection established",
          "Connection established",
          "Done.",
          "Cache invalidated: build",
          "Compiling utils/app.ts...",
          "Building Docker image...",
          "Ready.",
          "\u26a0 DEPRECATION: Feature will be removed in v4.0",
          "npm install: added 249 packages",
          "npm notice: created a lockfile",
          "[12:50:49] INFO: Processing request",
          "Already up to date.",
          "[12:50:49] WARN: Deprecated API usage",
          "Success!",
          "Creating production build...",
          "Switched to branch 'feature/task-450'",
          "[12:50:49] INFO: Starting build process",
          "Fetching submodules...",
          "GET /status - 201 (42ms)",
          "Minifying main.js",
          "  PASS: integration/test_api_health.spec.js",
          "Artifact downloaded: 48MB",
          "[12:50:49] DEBUG: Loading configuration",
          "Cache hit for key-9781",
          "TLS handshake completed",
          "Compiling src/app.ts...",
          "Cache hit for key-7761",
          "pip: Installing build dependencies...",
          "Step 11/21: Deploying",
          "\u2713 All checks passed",
          "yarn add: Done in 2.49s",
          "Fetching submodules...",
          "Ran 86 tests in 28s",
          "\u26a0 DEPRECATION: Feature will be removed in v3.0",
          "Optimizing 32 modules...",
          "Using Node.js 14.18.4",
          "Checking out master branch",
          "Checking out main branch",
          "Finished.",
          "POST /upload - 200 (230ms)",
          "[12:50:49] ERROR: Connection failed",
          "\u2713 package completed",
          "Artifact uploaded: build.tar.gz (22MB)",
          "pip: Installing build dependencies...",
          "Minifying app.js",
          "[12:50:49] ERROR: Connection failed",
          "Cache restored successfully (273MB)",
          "Step 11/25: Linting",
          "[12:50:49] INFO: Starting build process",
          "Minifying vendor.js",
          "Compiling utils/handler.rs...",
          "\u2713 build completed",
          "POST /upload - 202 (480ms)",
          "Platform: linux-x64",
          "Tests: 190 passed, 340 total",
          "Artifact uploaded: dist.zip (17MB)",
          "Step 9/21: Linting",
          "Processing...",
          "Step 20/17: Running migrations",
          "Image pulled successfully",
          "  PASS: test_auth_login (299ms)",
          "Verifying...",
          "\u2717 build failed with exit code 124",
          "pip: Downloading webpack-4.10.tar.gz",
          "[12:50:49] ERROR: Connection failed",
          "Test Suites: 14 passed, 27 total",
          "Transforming 816 files...",
          "Minifying main.js",
          "Time: 11.449s",
          "npm notice: package.json updated",
          "Waiting...",
          "Artifact downloaded: 12MB",
          "Step 2/19: Testing",
          "[12:50:49] DEBUG: Initializing service",
          "Generating source maps...",
          "Finished.",
          "pip: Downloading jest-2.3.tar.gz",
          "Compiling lib/main.py...",
          "Exception: NullPointerException",
          "Cache restored successfully (164MB)",
          "\u2713 All checks passed",
          "Compiling utils/utils.go...",
          "Fetching from https://gcr.io/package.json",
          "Switched to branch 'bugfix/task-491'",
          "Cache restored successfully (470MB)",
          "Compiling lib/service.java...",
          "Image pulled successfully",
          "Environment: production",
          "POST /api - 201 (261ms)",
          "GET /health - 204 (34ms)",
          "[12:50:49] INFO: Request completed",
          "GET /api - 201 (30ms)",
          "HEAD is now at 94022d2",
          "FAILED: test_db_connect",
          "Time: 48.155s",
          "\u26a0 DEPRECATION: Feature will be removed in v3.0",
          "Processing...",
          "Exception: ValueError",
          "TLS handshake completed",
          "Step 16/23: Deploying",
          "pip: Downloading lodash-2.2.tar.gz",
          "pip: Installing build dependencies...",
          "HEAD is now at dbad2ef",
          "Already up to date.",
          "pip install: Successfully installed react-4.14",
          "[12:50:49] DEBUG: Query executed in 67ms",
          "pip install: Successfully installed axios-4.6",
          "\u2713 Task completed in 2596ms",
          "Environment: staging",
          "Cache saved successfully",
          "npm install: added 400 packages",
          "pip: Downloading express-2.12.tar.gz",
          "pip install: Successfully installed prettier-5.12",
          "Pulling image: alpine:18",
          "Transforming 747 files...",
          "Image pulled successfully",
          "Cache hit for key-8381",
          "Pulling image: alpine:18",
          "Verifying...",
          "\u2713 Task completed in 1798ms",
          "Cache invalidated: dependencies",
          "Compiling components/index.js...",
          "Minifying app.js",
          "Verifying...",
          "Processing...",
          "npm install: resolved 1914 packages",
          "Connection established",
          "\u26a0 DEPRECATION: Feature will be removed in v3.0",
          "Building Docker image...",
          "npm notice: created a lockfile",
          "NODE_ENV=development",
          "Compiling utils/main.py...",
          "Creating production build...",
          "[12:50:49] WARN: Deprecated API usage",
          "Layer 1/9: ENV command",
          "[12:50:49] DEBUG: Query executed in 65ms",
          "Success!",
          "Using Python 3.10",
          "WARNING: eslint has known vulnerabilities",
          "HEAD is now at d4691d6",
          "Fetching submodules...",
          "\u2713 package completed",
          "\u26a0 DEPRECATION: Feature will be removed in v4.0",
          "pip install: Successfully installed express-3.0",
          "Already up to date.",
          "Verifying...",
          "Compiling src/index.js...",
          "Cache invalidated: build",
          "pip: Installing build dependencies...",
          "Creating production build...",
          "Creating production build...",
          "\u2713 Step 'test' succeeded",
          "[12:50:49] INFO: Starting build process",
          "Ran 82 tests in 8s",
          "pip: Installing build dependencies...",
          "Step 5/24: Installing dependencies",
          "Compiling lib/handler.rs...",
          "\u26a0 DEPRECATION: Feature will be removed in v5.0",
          "[12:50:49] DEBUG: Query executed in 31ms",
          "Optimizing 69 modules...",
          "Coverage: 73% statements, 82% branches",
          "Snapshots: 17 passed, 45 total",
          "Artifact downloaded: 8MB",
          "[12:50:49] DEBUG: Memory usage: 1268MB",
          "Bundling styles.css",
          "Compiling src/app.ts...",
          "Cache restored successfully (395MB)",
          "Installing jest@3.8.8",
          "  PASS: test_user_create (468ms)",
          "\u2713 test completed",
          "Coverage: 78% statements, 89% branches",
          "WARNING: webpack has known vulnerabilities",
          "POST /api - 200 (231ms)",
          "[12:50:49] DEBUG: Memory usage: 1105MB",
          "POST /data - 201 (409ms)",
          "Step 17/20: Installing dependencies",
          "TLS handshake completed",
          "  PASS: integration/test_auth_login.spec.js",
          "Completed.",
          "npm install: resolved 1979 packages",
          "WARNING: lodash has known vulnerabilities",
          "\u26a0 DEPRECATION: Feature will be removed in v5.0",
          "\u26a0 DEPRECATION: Feature will be removed in v3.0",
          "Compiling lib/handler.rs...",
          "Image pulled successfully",
          "Step 7/19: Installing dependencies",
          "[12:50:49] WARN: Deprecated API usage",
          "[12:50:49] DEBUG: Query executed in 64ms",
          "OK",
          "Compiling src/utils.go...",
          "Completed.",
          "Artifact downloaded: 4MB",
          "Fetching submodules...",
          "Step 16/20: Running migrations",
          "\u2713 All checks passed",
          "Transforming 431 files...",
          "Finished.",
          "Transforming 614 files...",
          "NODE_ENV=test",
          "NODE_ENV=test",
          "Pulling image: node:18",
          "NODE_ENV=production",
          "[12:50:49] INFO: Processing request",
          "Environment: staging",
          "[12:50:49] INFO: Cache refreshed",
          "Artifact downloaded: 25MB",
          "pip install: Successfully installed webpack-5.3",
          "[12:50:49] WARN: Deprecated API usage",
          "Using Python 3.10",
          "Done.",
          "\u2717 build failed with exit code 97",
          "Pulling image: python:latest",
          "Transforming 991 files...",
          "Completed.",
          "\u26a0 DEPRECATION: Feature will be removed in v3.0",
          "Minifying app.js",
          "Waiting...",
          "Done.",
          "Environment: development",
          "Already up to date.",
          "pip: Downloading webpack-1.7.tar.gz",
          "Layer 8/10: RUN command",
          "Switched to branch 'hotfix/task-819'",
          "\u26a0 DEPRECATION: Feature will be removed in v2.0",
          "[12:50:49] WARN: Deprecated API usage",
          "Loading...",
          "\u26a0 DEPRECATION: Feature will be removed in v3.0",
          "[12:50:49] DEBUG: Query executed in 87ms",
          "Step 16/18: Linting",
          "Layer 7/13: COPY command",
          "Step 3/20: Installing dependencies",
          "Environment: test",
          "Waiting...",
          "Fetching from https://githubusercontent.com/package.json",
          "\u2713 Task completed in 4458ms",
          "[12:50:49] INFO: Cache refreshed",
          "[12:50:49] DEBUG: Initializing service",
          "npm install: added 203 packages",
          "Cache saved successfully",
          "Pushing to registry...",
          "[12:50:49] INFO: Processing request",
          "Already up to date.",
          "Completed.",
          "[12:50:49] DEBUG: Loading configuration",
          "[12:50:49] ERROR: Connection failed",
          "Transforming 209 files...",
          "Step 10/17: Running migrations",
          "[12:50:49] INFO: Request completed",
          "Time: 82.514s",
          "Installing jest@5.6.4",
          "Connection established",
          "Ran 161 tests in 44s",
          "[12:50:49] WARN: Deprecated API usage",
          "Done.",
          "npm install: added 364 packages",
          "Pulling image: node:3.11",
          "Coverage: 76% statements, 68% branches",
          "Image pulled successfully",
          "POST /data - 201 (280ms)",
          "Verifying...",
          "  PASS: test_db_connect (332ms)",
          "[12:50:49] INFO: Starting build process",
          "NODE_ENV=development",
          "Layer 8/12: RUN command",
          "Layer 6/9: COPY command",
          "Test Suites: 47 passed, 13 total",
          "npm install: resolved 328 packages",
          "=== Step e2e_tests completed ==="
        ]
      },
      {
        "name": "lint",
        "status": "success",
        "started_at": "2025-11-23T12:51:17.832777",
        "finished_at": "2025-11-23T12:51:26.289811",
        "log_lines": [
          "=== Step: lint ===",
          "Finished.",
          "[12:50:49] INFO: Starting build process",
          "\u26a0 DEPRECATION: Feature will be removed in v4.0",
          "Cache hit for key-5066",
          "[12:50:49] DEBUG: Connection pool: 11 active",
          "[12:50:49] WARN: Deprecated API usage",
          "Cache hit for key-4970",
          "HEAD is now at ee28b7c",
          "Snapshots: 38 passed, 22 total",
          "Time: 96.327s",
          "[12:50:49] DEBUG: Initializing service",
          "Installing jest@2.15.1",
          "Tests: 464 passed, 65 total",
          "Cache invalidated: build",
          "npm notice: created a lockfile",
          "Cache hit for key-6824",
          "Ran 104 tests in 25s",
          "Creating production build...",
          "OK",
          "Image pulled successfully",
          "[12:50:49] INFO: Request completed",
          "Coverage: 97% statements, 85% branches",
          "Using Python 3.10",
          "Coverage: 76% statements, 78% branches",
          "npm notice: created a lockfile",
          "Step 1/18: Testing",
          "Exception: TypeError",
          "[12:50:49] INFO: Connecting to database",
          "Artifact uploaded: dist.zip (9MB)",
          "Tests: 380 passed, 93 total",
          "Bundling runtime.css",
          "\u2717 build failed with exit code 72",
          "Artifact uploaded: dist.zip (88MB)",
          "[12:50:49] WARN: Deprecated API usage",
          "yarn add: Done in 3.34s",
          "Generating source maps...",
          "\u2713 Task completed in 4158ms",
          "Generating source maps...",
          "Cache hit for key-6431",
          "[12:50:49] INFO: Cache refreshed",
          "[12:50:49] DEBUG: Memory usage: 1402MB",
          "Using Node.js 18.15.4",
          "Loading...",
          "FAILED: test_cache_hit",
          "[12:50:49] WARN: Deprecated API usage",
          "\u2713 validate completed",
          "Checking out develop branch",
          "yarn add: Done in 29.8s",
          "\u2713 All checks passed",
          "[12:50:49] DEBUG: Memory usage: 1184MB",
          "[12:50:49] INFO: Processing request",
          "[12:50:49] WARN: Deprecated API usage",
          "Finished.",
          "[12:50:49] ERROR: Connection failed",
          "Connection established",
          "Time: 88.82s",
          "Switched to branch 'feature/task-913'",
          "HEAD is now at 3fbc716",
          "Artifact downloaded: 20MB",
          "Success!",
          "[12:50:49] INFO: Connecting to database",
          "Pushing to registry...",
          "[12:50:49] DEBUG: Query executed in 75ms",
          "Step 8/20: Installing dependencies",
          "Switched to branch 'hotfix/task-534'",
          "Connection established",
          "Loading...",
          "[12:50:49] DEBUG: Memory usage: 1195MB",
          "[12:50:49] DEBUG: Loading configuration",
          "Generating source maps...",
          "Cache hit for key-7536",
          "Compiling utils/index.js...",
          "Artifact uploaded: build.tar.gz (10MB)",
          "Cache saved successfully",
          "Cache saved successfully",
          "pip install: Successfully installed jest-2.19",
          "Pushing to registry...",
          "Coverage: 80% statements, 60% branches",
          "[12:50:49] DEBUG: Initializing service",
          "Artifact downloaded: 21MB",
          "Connection established",
          "Creating production build...",
          "Connection established",
          "Pushing to registry...",
          "Layer 4/8: COPY command",
          "Tests: 459 passed, 111 total",
          "Creating production build...",
          "OK",
          "Artifact uploaded: dist.zip (90MB)",
          "yarn add: Done in 22.16s",
          "Fetching submodules...",
          "Fetching from https://registry.npmjs.org/package.json",
          "Image pulled successfully",
          "npm notice: created a lockfile",
          "npm notice: package.json updated",
          "Compiling lib/index.js...",
          "Already up to date.",
          "Creating production build...",
          "[12:50:49] ERROR: Connection failed",
          "Image pulled successfully",
          "Step 5/25: Installing dependencies",
          "\u2713 Task completed in 2676ms",
          "Test Suites: 26 passed, 25 total",
          "Compiling utils/main.py...",
          "pip: Installing build dependencies...",
          "OK",
          "FAILED: test_api_health",
          "\u2713 Task completed in 660ms",
          "[12:50:49] WARN: Deprecated API usage",
          "pip install: Successfully installed express-4.20",
          "\u26a0 DEPRECATION: Feature will be removed in v4.0",
          "[12:50:49] INFO: Cache refreshed",
          "pip: Collecting axios",
          "Bundling main.css",
          "  PASS: integration/test_db_connect.spec.js",
          "Artifact uploaded: dist.zip (60MB)",
          "Cache restored successfully (26MB)",
          "Success!",
          "npm notice: created a lockfile",
          "\u26a0 DEPRECATION: Feature will be removed in v3.0",
          "Tests: 121 passed, 367 total",
          "Exception: RuntimeError",
          "Cache saved successfully",
          "Environment: production",
          "pip: Downloading jest-3.9.tar.gz",
          "[12:50:49] ERROR: Connection failed",
          "Bundling styles.css",
          "Processing...",
          "Creating production build...",
          "Success!",
          "Creating production build...",
          "Finished.",
          "Compiling lib/service.java...",
          "Cache saved successfully",
          "NODE_ENV=production",
          "Uploading artifact 'build' (33 files)",
          "Finished.",
          "Time: 24.265s",
          "\u2713 All checks passed",
          "Artifact uploaded: dist.zip (9MB)",
          "WARNING: jest has known vulnerabilities",
          "Coverage: 80% statements, 71% branches",
          "Minifying main.js",
          "Cache invalidated: dependencies",
          "Step 18/17: Deploying",
          "Done.",
          "Snapshots: 20 passed, 8 total",
          "Done.",
          "Creating production build...",
          "\u2713 Task completed in 2927ms",
          "Already up to date.",
          "\u2713 lint completed",
          "Ready.",
          "Bundling runtime.css",
          "Switched to branch 'hotfix/task-812'",
          "\u2713 Step 'setup' succeeded",
          "npm notice: package.json updated",
          "Generating source maps...",
          "[12:50:49] INFO: Processing request",
          "Verifying...",
          "Finished.",
          "WARNING: prettier has known vulnerabilities",
          "POST /data - 201 (359ms)",
          "npm install: resolved 1418 packages",
          "Cache miss for key-9972",
          "Ran 85 tests in 46s",
          "[12:50:49] INFO: Cache refreshed",
          "[12:50:49] DEBUG: Initializing service",
          "npm notice: package.json updated",
          "[12:50:49] INFO: Cache refreshed",
          "Artifact uploaded: dist.zip (29MB)",
          "Step 17/19: Running migrations",
          "Switched to branch 'feature/task-398'",
          "\u26a0 DEPRECATION: Feature will be removed in v5.0",
          "Step 1/19: Linting",
          "WARNING: jest has known vulnerabilities",
          "[12:50:49] INFO: Connecting to database",
          "[12:50:49] WARN: Deprecated API usage",
          "npm install: resolved 228 packages",
          "\u2713 Step 'checkout' succeeded",
          "Creating production build...",
          "[12:50:49] INFO: Connecting to database",
          "Processing...",
          "  PASS: test_user_create (141ms)",
          "  PASS: e2e/test_user_create.spec.js",
          "Layer 6/15: RUN command",
          "Already up to date.",
          "[12:50:49] INFO: Starting build process",
          "Platform: linux-x64",
          "Already up to date.",
          "Image pulled successfully",
          "[12:50:49] DEBUG: Loading configuration",
          "Step 11/21: Building",
          "[12:50:49] DEBUG: Loading configuration",
          "npm install: added 285 packages",
          "Artifact uploaded: dist.zip (33MB)",
          "Using Python 3.9",
          "Tests: 488 passed, 176 total",
          "[12:50:49] INFO: Request completed",
          "Using Node.js 20.5.1",
          "\u26a0 DEPRECATION: Feature will be removed in v4.0",
          "Coverage: 94% statements, 95% branches",
          "[12:50:49] DEBUG: Memory usage: 1560MB",
          "\u2713 Step 'checkout' succeeded",
          "OK",
          "Compiling utils/handler.rs...",
          "[12:50:49] DEBUG: Loading configuration",
          "Artifact downloaded: 2MB",
          "[12:50:49] INFO: Processing request",
          "pip: Downloading lodash-5.2.tar.gz",
          "Cache restored successfully (21MB)",
          "HEAD is now at 27fe2b0",
          "[12:50:49] DEBUG: Memory usage: 410MB",
          "Checking out main branch",
          "pip: Collecting axios",
          "Transforming 613 files...",
          "[12:50:49] INFO: Request completed",
          "[12:50:49] DEBUG: Connection pool: 4 active",
          "Exception: ValueError",
          "Minifying main.js",
          "Platform: linux-x64",
          "pip install: Successfully installed eslint-1.15",
          "Platform: linux-x64",
          "Connection established",
          "Cache saved successfully",
          "Platform: darwin-arm64",
          "Artifact uploaded: build.tar.gz (28MB)",
          "Coverage: 99% statements, 62% branches",
          "Compiling utils/app.ts...",
          "Success!",
          "[12:50:49] WARN: Deprecated API usage",
          "npm install: resolved 1389 packages",
          "Exception: RuntimeError",
          "npm install: resolved 669 packages",
          "npm install: added 381 packages",
          "Optimizing 64 modules...",
          "Cache hit for key-2335",
          "Compiling components/handler.rs...",
          "Processing...",
          "Pushing to registry...",
          "[12:50:49] WARN: Deprecated API usage",
          "Cache restored successfully (107MB)",
          "[12:50:49] DEBUG: Initializing service",
          "WARNING: prettier has known vulnerabilities",
          "npm notice: package.json updated",
          "FAILED: test_user_create",
          "\u2713 All checks passed",
          "Cache saved successfully",
          "pip: Collecting prettier",
          "Coverage: 97% statements, 69% branches",
          "Minifying app.js",
          "Artifact uploaded: dist.zip (47MB)",
          "POST /upload - 202 (205ms)",
          "Installing lodash@1.14.0",
          "Minifying main.js",
          "Environment: staging",
          "[12:50:49] WARN: Deprecated API usage",
          "[12:50:49] DEBUG: Initializing service",
          "\u26a0 DEPRECATION: Feature will be removed in v4.0",
          "Cache hit for key-5746",
          "pip: Downloading eslint-1.7.tar.gz",
          "\u26a0 DEPRECATION: Feature will be removed in v4.0",
          "Processing...",
          "[12:50:49] DEBUG: Memory usage: 667MB",
          "\u26a0 DEPRECATION: Feature will be removed in v3.0",
          "Cache saved successfully",
          "[12:50:49] DEBUG: Loading configuration",
          "Step 3/18: Installing dependencies",
          "Cache saved successfully",
          "Compiling lib/index.js...",
          "[12:50:49] DEBUG: Query executed in 9ms",
          "[12:50:49] DEBUG: Connection pool: 12 active",
          "Cache restored successfully (108MB)",
          "Step 16/25: Testing",
          "[12:50:49] INFO: Starting build process",
          "Tests: 429 passed, 367 total",
          "Cache invalidated: dependencies",
          "Loading...",
          "Layer 8/9: COPY command",
          "TLS handshake completed",
          "Artifact downloaded: 29MB",
          "Processing...",
          "Compiling src/app.ts...",
          "Pulling image: alpine:18",
          "NODE_ENV=production",
          "WARNING: webpack has known vulnerabilities",
          "Cache saved successfully",
          "Using Python 3.10",
          "Already up to date.",
          "[12:50:49] INFO: Request completed",
          "Fetching from https://github.com/package.json",
          "Generating source maps...",
          "Already up to date.",
          "Loading...",
          "[12:50:49] ERROR: Connection failed",
          "npm notice: package.json updated",
          "Creating production build...",
          "=== Step lint completed ==="
        ]
      },
      {
        "name": "upload_artifacts",
        "status": "success",
        "started_at": "2025-11-23T12:51:26.289811",
        "finished_at": "2025-11-23T12:51:34.746845",
        "log_lines": [
          "=== Step: upload_artifacts ===",
          "Tests: 320 passed, 415 total",
          "Cache saved successfully",
          "FAILED: test_user_create",
          "Transforming 723 files...",
          "Loading...",
          "Transforming 292 files...",
          "npm notice: created a lockfile",
          "npm install: resolved 1021 packages",
          "OK",
          "Bundling vendor.css",
          "[12:50:49] DEBUG: Connection pool: 8 active",
          "[12:50:49] DEBUG: Query executed in 61ms",
          "Loading...",
          "NODE_ENV=test",
          "Step 8/18: Installing dependencies",
          "Verifying...",
          "Step 17/16: Linting",
          "[12:50:49] WARN: Deprecated API usage",
          "Bundling main.css",
          "[12:50:49] DEBUG: Connection pool: 6 active",
          "[12:50:49] DEBUG: Loading configuration",
          "Ran 65 tests in 32s",
          "pip: Collecting react",
          "Installing prettier@4.12.8",
          "Cache miss for key-3885",
          "Coverage: 97% statements, 73% branches",
          "Generating source maps...",
          "[12:50:49] INFO: Request completed",
          "pip: Installing build dependencies...",
          "Fetching from https://docker.io/package.json",
          "npm install: added 196 packages",
          "[12:50:49] WARN: Deprecated API usage",
          "npm install: added 162 packages",
          "[12:50:49] INFO: Request completed",
          "Transforming 113 files...",
          "[12:50:49] INFO: Processing request",
          "\u2713 All checks passed",
          "Compiling lib/service.java...",
          "Exception: RuntimeError",
          "Tests: 75 passed, 259 total",
          "Loading...",
          "Connection established",
          "POST /upload - 201 (383ms)",
          "Using Node.js 17.8.7",
          "Step 3/23: Deploying",
          "Using Python 3.12",
          "Snapshots: 39 passed, 23 total",
          "Using Python 3.10",
          "Step 5/18: Testing",
          "WARNING: express has known vulnerabilities",
          "Snapshots: 47 passed, 30 total",
          "Generating source maps...",
          "pip: Installing build dependencies...",
          "npm install: added 27 packages",
          "[12:50:49] INFO: Connecting to database",
          "GET /status - 201 (12ms)",
          "Snapshots: 48 passed, 25 total",
          "Uploading artifact 'dist' (9 files)",
          "Step 5/16: Deploying",
          "[12:50:49] WARN: Deprecated API usage",
          "Pushing to registry...",
          "Layer 5/12: RUN command",
          "[12:50:49] INFO: Cache refreshed",
          "Cache saved successfully",
          "[12:50:49] INFO: Processing request",
          "Artifact downloaded: 15MB",
          "Minifying main.js",
          "pip: Collecting express",
          "Optimizing 90 modules...",
          "Building Docker image...",
          "  PASS: test_api_health (122ms)",
          "[12:50:49] INFO: Cache refreshed",
          "Minifying app.js",
          "Compiling src/main.py...",
          "Tests: 478 passed, 142 total",
          "pip install: Successfully installed webpack-5.17",
          "Artifact uploaded: dist.zip (6MB)",
          "Cache saved successfully",
          "WARNING: react has known vulnerabilities",
          "\u26a0 DEPRECATION: Feature will be removed in v2.0",
          "Installing react@3.13.9",
          "[12:50:49] DEBUG: Initializing service",
          "Snapshots: 0 passed, 42 total",
          "[12:50:49] INFO: Starting build process",
          "Environment: test",
          "pip: Installing build dependencies...",
          "Step 9/16: Building",
          "Cache saved successfully",
          "Minifying main.js",
          "Time: 44.29s",
          "\u2713 validate completed",
          "[12:50:49] DEBUG: Loading configuration",
          "[12:50:49] INFO: Connecting to database",
          "Compiling lib/index.js...",
          "Completed.",
          "Pushing to registry...",
          "Coverage: 83% statements, 78% branches",
          "  PASS: test_api_health (479ms)",
          "Loading...",
          "[12:50:49] DEBUG: Initializing service",
          "WARNING: lodash has known vulnerabilities",
          "  PASS: test_cache_hit (385ms)",
          "Switched to branch 'bugfix/task-485'",
          "HEAD is now at 4331912",
          "Optimizing 38 modules...",
          "Generating source maps...",
          "OK",
          "HEAD is now at 449c84b",
          "Exception: ValueError",
          "Verifying...",
          "pip: Downloading jest-5.10.tar.gz",
          "Step 5/24: Building",
          "[12:50:49] INFO: Processing request",
          "\u2713 Step 'setup' succeeded",
          "\u2713 Task completed in 3300ms",
          "Connection established",
          "Artifact uploaded: dist.zip (50MB)",
          "Switched to branch 'feature/task-903'",
          "Building Docker image...",
          "Transforming 376 files...",
          "Cache saved successfully",
          "TLS handshake completed",
          "Pushing to registry...",
          "Environment: test",
          "Uploading artifact 'coverage' (34 files)",
          "Environment: development",
          "Ran 18 tests in 27s",
          "Cache invalidated: build",
          "TLS handshake completed",
          "OK",
          "Processing...",
          "Already up to date.",
          "Cache miss for key-6259",
          "Verifying...",
          "npm notice: package.json updated",
          "Artifact uploaded: build.tar.gz (1MB)",
          "Already up to date.",
          "Using Python 3.12",
          "Creating production build...",
          "Artifact uploaded: build.tar.gz (41MB)",
          "yarn add: Done in 10.90s",
          "[12:50:49] INFO: Processing request",
          "Minifying main.js",
          "POST /data - 201 (96ms)",
          "Switched to branch 'bugfix/task-144'",
          "[12:50:49] INFO: Connecting to database",
          "POST /api - 200 (93ms)",
          "Compiling src/service.java...",
          "npm notice: created a lockfile",
          "pip: Collecting lodash",
          "Test Suites: 28 passed, 20 total",
          "yarn add: Done in 8.68s",
          "Compiling src/utils.go...",
          "Snapshots: 19 passed, 3 total",
          "Artifact downloaded: 17MB",
          "Optimizing 23 modules...",
          "[12:50:49] ERROR: Connection failed",
          "npm install: added 480 packages",
          "Exception: NullPointerException",
          "Artifact uploaded: build.tar.gz (23MB)",
          "npm install: resolved 127 packages",
          "Fetching from https://githubusercontent.com/package.json",
          "Switched to branch 'hotfix/task-104'",
          "[12:50:49] INFO: Request completed",
          "Step 6/25: Installing dependencies",
          "WARNING: eslint has known vulnerabilities",
          "Cache restored successfully (86MB)",
          "Layer 2/14: COPY command",
          "Fetching submodules...",
          "[12:50:49] INFO: Starting build process",
          "OK",
          "Coverage: 79% statements, 99% branches",
          "[12:50:49] DEBUG: Loading configuration",
          "pip install: Successfully installed prettier-4.16",
          "Image pulled successfully",
          "Compiling utils/main.py...",
          "Connection established",
          "[12:50:49] DEBUG: Connection pool: 7 active",
          "Artifact downloaded: 4MB",
          "Image pulled successfully",
          "[12:50:49] INFO: Processing request",
          "\u2713 Task completed in 1294ms",
          "\u2713 lint completed",
          "Success!",
          "[12:50:49] DEBUG: Initializing service",
          "Layer 2/10: RUN command",
          "Transforming 621 files...",
          "[12:50:49] DEBUG: Loading configuration",
          "npm install: resolved 1297 packages",
          "[12:50:49] DEBUG: Loading configuration",
          "[12:50:49] WARN: Deprecated API usage",
          "Minifying main.js",
          "Building Docker image...",
          "Cache miss for key-3397",
          "Layer 7/9: COPY command",
          "\u2713 Task completed in 4981ms",
          "[12:50:49] WARN: Deprecated API usage",
          "Using Python 3.12",
          "Cache saved successfully",
          "\u2713 Task completed in 1722ms",
          "Tests: 453 passed, 223 total",
          "Pushing to registry...",
          "Compiling src/main.py...",
          "[12:50:49] DEBUG: Query executed in 28ms",
          "OK",
          "Using Node.js 18.1.0",
          "Transforming 518 files...",
          "Pushing to registry...",
          "Step 9/21: Testing",
          "Environment: development",
          "pip: Installing build dependencies...",
          "Cache hit for key-3471",
          "FAILED: test_api_health",
          "HEAD is now at d85646b",
          "TLS handshake completed",
          "Building Docker image...",
          "WARNING: lodash has known vulnerabilities",
          "Using Node.js 15.12.7",
          "Verifying...",
          "pip: Installing build dependencies...",
          "[12:50:49] DEBUG: Loading configuration",
          "POST /data - 201 (291ms)",
          "Cache invalidated: dependencies",
          "Fetching submodules...",
          "[12:50:49] DEBUG: Initializing service",
          "Cache invalidated: node_modules",
          "npm notice: created a lockfile",
          "  PASS: e2e/test_api_health.spec.js",
          "yarn add: Done in 18.18s",
          "Artifact uploaded: build.tar.gz (33MB)",
          "npm install: resolved 1212 packages",
          "Step 7/17: Testing",
          "\u26a0 DEPRECATION: Feature will be removed in v3.0",
          "Platform: linux-x64",
          "[12:50:49] INFO: Processing request",
          "yarn add: Done in 3.82s",
          "Already up to date.",
          "Processing...",
          "[12:50:49] WARN: Deprecated API usage",
          "[12:50:49] DEBUG: Initializing service",
          "Environment: development",
          "Transforming 850 files...",
          "Switched to branch 'feature/task-192'",
          "Minifying vendor.js",
          "\u2713 All checks passed",
          "[12:50:49] DEBUG: Query executed in 65ms",
          "Compiling components/index.js...",
          "Compiling lib/utils.go...",
          "npm notice: created a lockfile",
          "Bundling styles.css",
          "Compiling utils/service.java...",
          "Artifact downloaded: 50MB",
          "\u2713 validate completed",
          "Compiling components/main.py...",
          "HEAD is now at 89b3a00",
          "TLS handshake completed",
          "Platform: linux-x64",
          "Building Docker image...",
          "Compiling components/app.ts...",
          "Artifact uploaded: build.tar.gz (10MB)",
          "\u2717 build failed with exit code 39",
          "Compiling components/utils.go...",
          "[12:50:49] DEBUG: Connection pool: 6 active",
          "Compiling src/service.java...",
          "Optimizing 61 modules...",
          "yarn add: Done in 23.86s",
          "[12:50:49] DEBUG: Initializing service",
          "Using Node.js 20.9.8",
          "Verifying...",
          "Step 16/17: Linting",
          "Test Suites: 40 passed, 12 total",
          "Using Node.js 18.16.5",
          "Processing...",
          "Snapshots: 2 passed, 5 total",
          "Tests: 373 passed, 233 total",
          "TLS handshake completed",
          "Artifact uploaded: build.tar.gz (20MB)",
          "Switched to branch 'bugfix/task-497'",
          "OK",
          "Using Node.js 19.4.6",
          "Fetching from https://githubusercontent.com/package.json",
          "yarn add: Done in 22.10s",
          "Minifying main.js",
          "Optimizing 11 modules...",
          "yarn add: Done in 10.93s",
          "Artifact uploaded: dist.zip (32MB)",
          "\u2713 Step 'build' succeeded",
          "Cache saved successfully",
          "yarn add: Done in 26.73s",
          "pip: Downloading express-5.7.tar.gz",
          "[12:50:49] DEBUG: Connection pool: 14 active",
          "Artifact uploaded: dist.zip (59MB)",
          "pip: Downloading webpack-4.8.tar.gz",
          "npm notice: created a lockfile",
          "[12:50:49] INFO: Starting build process",
          "[12:50:49] DEBUG: Connection pool: 19 active",
          "Done.",
          "=== Step upload_artifacts completed ==="
        ]
      },
      {
        "name": "install_dependencies",
        "status": "success",
        "started_at": "2025-11-23T12:51:34.746845",
        "finished_at": "2025-11-23T12:52:00.117946",
        "log_lines": [
          "=== Step: install_dependencies ===",
          "Using Node.js 19.0.5",
          "npm install: added 391 packages",
          "Step 10/16: Installing dependencies",
          "Optimizing 70 modules...",
          "POST /api - 200 (50ms)",
          "Building Docker image...",
          "[12:50:49] INFO: Connecting to database",
          "Uploading artifact 'dist' (23 files)",
          "Compiling utils/main.py...",
          "\u2713 Step 'checkout' succeeded",
          "pip: Downloading express-2.1.tar.gz",
          "Cache invalidated: dependencies",
          "\u26a0 DEPRECATION: Feature will be removed in v5.0",
          "Cache saved successfully",
          "[12:50:49] INFO: Connecting to database",
          "Step 6/25: Linting",
          "Using Node.js 19.11.9",
          "Test Suites: 6 passed, 44 total",
          "yarn add: Done in 18.20s",
          "Uploading artifact 'dist' (40 files)",
          "Cache hit for key-7143",
          "Tests: 322 passed, 221 total",
          "Artifact uploaded: dist.zip (40MB)",
          "Verifying...",
          "Cache invalidated: dependencies",
          "Fetching submodules...",
          "Snapshots: 38 passed, 48 total",
          "Compiling src/handler.rs...",
          "WARNING: lodash has known vulnerabilities",
          "WARNING: lodash has known vulnerabilities",
          "Ran 148 tests in 30s",
          "Optimizing 82 modules...",
          "\u2713 Task completed in 4393ms",
          "pip: Collecting jest",
          "Fetching submodules...",
          "Cache invalidated: dependencies",
          "Uploading artifact 'coverage' (29 files)",
          "Cache miss for key-1762",
          "Environment: staging",
          "Waiting...",
          "Cache restored successfully (89MB)",
          "[12:50:49] INFO: Request completed",
          "POST /data - 200 (48ms)",
          "\u26a0 DEPRECATION: Feature will be removed in v4.0",
          "WARNING: lodash has known vulnerabilities",
          "[12:50:49] ERROR: Connection failed",
          "[12:50:49] DEBUG: Initializing service",
          "OK",
          "Compiling utils/main.py...",
          "Ready.",
          "[12:50:49] INFO: Cache refreshed",
          "Cache restored successfully (118MB)",
          "[12:50:49] DEBUG: Connection pool: 3 active",
          "Cache invalidated: node_modules",
          "\u2713 Task completed in 2836ms",
          "Coverage: 99% statements, 68% branches",
          "Minifying vendor.js",
          "\u2713 Task completed in 1731ms",
          "Compiling components/app.ts...",
          "[12:50:49] ERROR: Connection failed",
          "WARNING: webpack has known vulnerabilities",
          "FAILED: test_db_connect",
          "Success!",
          "Tests: 135 passed, 452 total",
          "Image pulled successfully",
          "Step 18/21: Running migrations",
          "Step 9/25: Installing dependencies",
          "Compiling components/handler.rs...",
          "Fetching submodules...",
          "Minifying app.js",
          "FAILED: test_cache_hit",
          "Image pulled successfully",
          "pip: Collecting webpack",
          "Ready.",
          "[12:50:49] INFO: Cache refreshed",
          "Ran 108 tests in 6s",
          "Step 16/25: Testing",
          "[12:50:49] WARN: Deprecated API usage",
          "Cache invalidated: dependencies",
          "Connection established",
          "Using Python 3.11",
          "Installing axios@1.17.2",
          "WARNING: webpack has known vulnerabilities",
          "[12:50:49] DEBUG: Loading configuration",
          "Optimizing 32 modules...",
          "Waiting...",
          "Artifact uploaded: build.tar.gz (47MB)",
          "Platform: linux-x64",
          "Platform: linux-x64",
          "Time: 42.803s",
          "[12:50:49] INFO: Cache refreshed",
          "Already up to date.",
          "Using Node.js 14.13.9",
          "Step 20/20: Building",
          "Done.",
          "[12:50:49] INFO: Starting build process",
          "Building Docker image...",
          "Compiling lib/service.java...",
          "\u2713 Task completed in 499ms",
          "Step 7/23: Building",
          "npm install: added 382 packages",
          "TLS handshake completed",
          "[12:50:49] ERROR: Connection failed",
          "Pulling image: alpine:3.11",
          "Minifying vendor.js",
          "  PASS: unit/test_auth_login.spec.js",
          "Artifact uploaded: dist.zip (46MB)",
          "  PASS: test_db_connect (25ms)",
          "Bundling styles.css",
          "[12:50:49] INFO: Processing request",
          "Compiling lib/handler.rs...",
          "Step 8/23: Building",
          "Installing react@4.3.9",
          "Completed.",
          "Ready.",
          "Fetching from https://googleapis.com/package.json",
          "WARNING: lodash has known vulnerabilities",
          "Loading...",
          "Fetching from https://github.com/package.json",
          "Compiling utils/main.py...",
          "Pushing to registry...",
          "Creating production build...",
          "\u2713 Task completed in 876ms",
          "npm install: resolved 1926 packages",
          "Completed.",
          "HEAD is now at 8b51baf",
          "Switched to branch 'feature/task-117'",
          "Compiling lib/app.ts...",
          "Using Node.js 20.12.10",
          "Cache miss for key-3058",
          "\u2713 test completed",
          "Cache miss for key-7753",
          "Cache restored successfully (130MB)",
          "Building Docker image...",
          "\u26a0 DEPRECATION: Feature will be removed in v3.0",
          "Ready.",
          "Compiling lib/utils.go...",
          "[12:50:49] DEBUG: Connection pool: 12 active",
          "Using Python 3.10",
          "POST /api - 201 (18ms)",
          "Using Node.js 16.7.1",
          "Step 18/20: Installing dependencies",
          "Finished.",
          "Pushing to registry...",
          "Connection established",
          "[12:50:49] DEBUG: Query executed in 76ms",
          "HEAD is now at fec4545",
          "npm notice: created a lockfile",
          "Exception: NullPointerException",
          "Cache invalidated: dependencies",
          "[12:50:49] DEBUG: Initializing service",
          "Cache saved successfully",
          "[12:50:49] DEBUG: Loading configuration",
          "\u2713 Step 'checkout' succeeded",
          "NODE_ENV=test",
          "Step 13/20: Running migrations",
          "\u2717 build failed with exit code 81",
          "Artifact uploaded: dist.zip (58MB)",
          "TLS handshake completed",
          "NODE_ENV=production",
          "[12:50:49] INFO: Starting build process",
          "Step 14/21: Running migrations",
          "Step 18/21: Deploying",
          "Ran 172 tests in 37s",
          "[12:50:49] DEBUG: Connection pool: 19 active",
          "\u26a0 DEPRECATION: Feature will be removed in v3.0",
          "GET /health - 201 (99ms)",
          "Image pulled successfully",
          "WARNING: axios has known vulnerabilities",
          "[12:50:49] WARN: Deprecated API usage",
          "Fetching from https://npmjs.org/package.json",
          "pip: Collecting lodash",
          "Done.",
          "Snapshots: 40 passed, 12 total",
          "yarn add: Done in 14.64s",
          "Layer 9/14: COPY command",
          "pip: Downloading webpack-3.4.tar.gz",
          "Connection established",
          "Step 1/16: Testing",
          "Creating production build...",
          "Artifact downloaded: 24MB",
          "Artifact uploaded: dist.zip (22MB)",
          "[12:50:49] INFO: Connecting to database",
          "[12:50:49] DEBUG: Query executed in 6ms",
          "\u26a0 DEPRECATION: Feature will be removed in v3.0",
          "[12:50:49] INFO: Processing request",
          "Using Python 3.9",
          "Step 6/19: Testing",
          "Already up to date.",
          "[12:50:49] DEBUG: Query executed in 43ms",
          "Switched to branch 'feature/task-333'",
          "Cache miss for key-7119",
          "npm notice: package.json updated",
          "\u26a0 DEPRECATION: Feature will be removed in v5.0",
          "Test Suites: 43 passed, 37 total",
          "Ready.",
          "Step 15/24: Building",
          "  PASS: integration/test_auth_login.spec.js",
          "[12:50:49] DEBUG: Query executed in 37ms",
          "[12:50:49] INFO: Connecting to database",
          "Done.",
          "Fetching from https://docker.io/package.json",
          "Exception: ValueError",
          "Loading...",
          "Generating source maps...",
          "Processing...",
          "Using Node.js 16.5.8",
          "Step 16/25: Installing dependencies",
          "[12:50:49] INFO: Request completed",
          "Processing...",
          "Fetching from https://gcr.io/package.json",
          "Completed.",
          "\u2713 package completed",
          "GET /health - 201 (53ms)",
          "WARNING: webpack has known vulnerabilities",
          "Pushing to registry...",
          "[12:50:49] ERROR: Connection failed",
          "Bundling vendor.css",
          "WARNING: webpack has known vulnerabilities",
          "Artifact downloaded: 47MB",
          "Cache hit for key-2632",
          "Bundling styles.css",
          "GET /api - 204 (83ms)",
          "Using Python 3.12",
          "Fetching submodules...",
          "[12:50:49] INFO: Connecting to database",
          "[12:50:49] INFO: Starting build process",
          "Layer 9/11: RUN command",
          "Waiting...",
          "Step 10/17: Running migrations",
          "NODE_ENV=test",
          "Checking out develop branch",
          "[12:50:49] INFO: Processing request",
          "Compiling src/handler.rs...",
          "[12:50:49] INFO: Starting build process",
          "Minifying vendor.js",
          "Checking out main branch",
          "Time: 35.620s",
          "Switched to branch 'hotfix/task-208'",
          "Artifact uploaded: dist.zip (88MB)",
          "Ran 162 tests in 45s",
          "[12:50:49] INFO: Request completed",
          "Artifact downloaded: 12MB",
          "Transforming 462 files...",
          "Step 9/23: Building",
          "WARNING: prettier has known vulnerabilities",
          "\u26a0 DEPRECATION: Feature will be removed in v2.0",
          "  PASS: test_api_health (65ms)",
          "Compiling lib/handler.rs...",
          "[12:50:49] WARN: Deprecated API usage",
          "Compiling components/main.py...",
          "Compiling lib/service.java...",
          "\u26a0 DEPRECATION: Feature will be removed in v4.0",
          "HEAD is now at 1a95533",
          "POST /upload - 202 (357ms)",
          "Waiting...",
          "Compiling lib/app.ts...",
          "POST /api - 202 (184ms)",
          "Connection established",
          "[12:50:49] INFO: Starting build process",
          "[12:50:49] INFO: Cache refreshed",
          "pip: Downloading webpack-1.15.tar.gz",
          "Installing jest@5.3.3",
          "\u26a0 DEPRECATION: Feature will be removed in v5.0",
          "Artifact uploaded: build.tar.gz (8MB)",
          "[12:50:49] DEBUG: Query executed in 46ms",
          "Compiling components/app.ts...",
          "[12:50:49] DEBUG: Initializing service",
          "WARNING: webpack has known vulnerabilities",
          "Ready.",
          "[12:50:49] INFO: Request completed",
          "\u26a0 DEPRECATION: Feature will be removed in v5.0",
          "Connection established",
          "Completed.",
          "Cache saved successfully",
          "[12:50:49] ERROR: Connection failed",
          "FAILED: test_db_connect",
          "Bundling vendor.js",
          "[12:50:49] INFO: Processing request",
          "Cache miss for key-4245",
          "Layer 9/10: COPY command",
          "[12:50:49] DEBUG: Memory usage: 1413MB",
          "[12:50:49] INFO: Processing request",
          "[12:50:49] INFO: Starting build process",
          "pip: Installing build dependencies...",
          "Artifact uploaded: build.tar.gz (11MB)",
          "Ran 74 tests in 33s",
          "TLS handshake completed",
          "Test Suites: 24 passed, 50 total",
          "Already up to date.",
          "Cache invalidated: dependencies",
          "[12:50:49] DEBUG: Memory usage: 677MB",
          "Artifact downloaded: 2MB",
          "WARNING: prettier has known vulnerabilities",
          "Finished.",
          "Ready.",
          "Using Node.js 15.9.4",
          "=== Step install_dependencies completed ==="
        ]
      },
      {
        "name": "deploy_production",
        "status": "success",
        "started_at": "2025-11-23T12:52:00.117946",
        "finished_at": "2025-11-23T12:52:03.500759",
        "log_lines": [
          "=== Step: deploy_production ===",
          "\u26a0 DEPRECATION: Feature will be removed in v3.0",
          "Uploading artifact 'dist' (25 files)",
          "WARNING: axios has known vulnerabilities",
          "Generating source maps...",
          "Cache hit for key-9669",
          "\u26a0 DEPRECATION: Feature will be removed in v3.0",
          "WARNING: prettier has known vulnerabilities",
          "[12:50:49] DEBUG: Query executed in 22ms",
          "TLS handshake completed",
          "Done.",
          "Generating source maps...",
          "Step 2/20: Testing",
          "Compiling src/main.py...",
          "Platform: win32-x64",
          "Creating production build...",
          "[12:50:49] INFO: Cache refreshed",
          "[12:50:49] INFO: Connecting to database",
          "Cache invalidated: build",
          "Completed.",
          "Building Docker image...",
          "Artifact downloaded: 19MB",
          "  PASS: test_cache_hit (363ms)",
          "Compiling utils/main.py...",
          "Step 13/20: Testing",
          "Fetching submodules...",
          "Ran 127 tests in 35s",
          "Fetching from https://docker.io/package.json",
          "Building Docker image...",
          "Checking out main branch",
          "Cache saved successfully",
          "\u26a0 DEPRECATION: Feature will be removed in v2.0",
          "Step 7/20: Testing",
          "Artifact downloaded: 30MB",
          "Success!",
          "\u2713 Task completed in 197ms",
          "TLS handshake completed",
          "Coverage: 99% statements, 91% branches",
          "Waiting...",
          "Time: 120.973s",
          "  PASS: test_cache_hit (104ms)",
          "Minifying vendor.js",
          "[12:50:49] INFO: Cache refreshed",
          "Completed.",
          "pip: Collecting eslint",
          "Test Suites: 22 passed, 12 total",
          "Cache miss for key-5848",
          "npm install: resolved 320 packages",
          "Step 8/23: Installing dependencies",
          "TLS handshake completed",
          "Artifact uploaded: dist.zip (81MB)",
          "Cache miss for key-6091",
          "pip: Collecting prettier",
          "WARNING: prettier has known vulnerabilities",
          "Done.",
          "Step 7/17: Testing",
          "Tests: 216 passed, 84 total",
          "Cache saved successfully",
          "Installing webpack@5.10.6",
          "Connection established",
          "Verifying...",
          "yarn add: Done in 2.66s",
          "[12:50:49] INFO: Starting build process",
          "\u26a0 DEPRECATION: Feature will be removed in v5.0",
          "\u2713 Step 'install' succeeded",
          "WARNING: eslint has known vulnerabilities",
          "pip install: Successfully installed webpack-5.16",
          "pip: Installing build dependencies...",
          "[12:50:49] DEBUG: Initializing service",
          "Completed.",
          "\u26a0 DEPRECATION: Feature will be removed in v2.0",
          "Step 3/21: Installing dependencies",
          "WARNING: webpack has known vulnerabilities",
          "Step 19/15: Deploying",
          "Tests: 50 passed, 104 total",
          "WARNING: jest has known vulnerabilities",
          "  PASS: integration/test_auth_login.spec.js",
          "pip: Installing build dependencies...",
          "\u2717 build failed with exit code 10",
          "GET /status - 200 (40ms)",
          "npm notice: package.json updated",
          "pip: Collecting express",
          "Artifact uploaded: dist.zip (10MB)",
          "OK",
          "[12:50:49] WARN: Deprecated API usage",
          "Bundling styles.js",
          "[12:50:49] DEBUG: Memory usage: 1754MB",
          "Exception: RuntimeError",
          "Installing express@2.16.2",
          "Verifying...",
          "Step 16/15: Linting",
          "npm notice: created a lockfile",
          "Time: 55.208s",
          "WARNING: webpack has known vulnerabilities",
          "Compiling components/utils.go...",
          "Exception: RuntimeError",
          "Cache hit for key-9045",
          "Uploading artifact 'build' (8 files)",
          "Artifact uploaded: dist.zip (76MB)",
          "Minifying vendor.js",
          "GET /health - 201 (26ms)",
          "TLS handshake completed",
          "\u2717 build failed with exit code 36",
          "Platform: darwin-arm64",
          "[12:50:49] INFO: Processing request",
          "Loading...",
          "Bundling main.css",
          "Cache miss for key-5438",
          "Ran 193 tests in 56s",
          "Finished.",
          "OK",
          "Artifact uploaded: dist.zip (65MB)",
          "\u2717 build failed with exit code 82",
          "TLS handshake completed",
          "Success!",
          "Step 3/18: Linting",
          "Layer 7/12: COPY command",
          "yarn add: Done in 22.17s",
          "\u2713 All checks passed",
          "npm notice: package.json updated",
          "\u2717 build failed with exit code 8",
          "POST /api - 201 (29ms)",
          "[12:50:49] INFO: Processing request",
          "Compiling utils/utils.go...",
          "Loading...",
          "pip: Installing build dependencies...",
          "\u2713 build completed",
          "Step 8/18: Deploying",
          "Coverage: 75% statements, 99% branches",
          "[12:50:49] DEBUG: Loading configuration",
          "Waiting...",
          "[12:50:49] INFO: Cache refreshed",
          "Cache saved successfully",
          "Cache invalidated: build",
          "pip: Collecting webpack",
          "Compiling components/index.js...",
          "[12:50:49] INFO: Cache refreshed",
          "npm install: resolved 977 packages",
          "\u2713 Step 'setup' succeeded",
          "Pushing to registry...",
          "[12:50:49] WARN: Deprecated API usage",
          "HEAD is now at 1de352e",
          "Step 11/21: Running migrations",
          "[12:50:49] WARN: Deprecated API usage",
          "[12:50:49] INFO: Request completed",
          "\u2713 Task completed in 1157ms",
          "yarn add: Done in 19.51s",
          "npm install: resolved 1563 packages",
          "Step 14/23: Deploying",
          "[12:50:49] DEBUG: Memory usage: 980MB",
          "[12:50:49] WARN: Deprecated API usage",
          "Connection established",
          "Compiling src/service.java...",
          "Test Suites: 15 passed, 17 total",
          "Tests: 289 passed, 87 total",
          "yarn add: Done in 23.32s",
          "Compiling src/handler.rs...",
          "\u2713 Task completed in 3648ms",
          "[12:50:49] DEBUG: Loading configuration",
          "Building Docker image...",
          "Pushing to registry...",
          "Done.",
          "[12:50:49] DEBUG: Initializing service",
          "Image pulled successfully",
          "WARNING: jest has known vulnerabilities",
          "POST /upload - 200 (486ms)",
          "\u26a0 DEPRECATION: Feature will be removed in v5.0",
          "\u2713 All checks passed",
          "[12:50:49] INFO: Starting build process",
          "Fetching submodules...",
          "Ran 126 tests in 1s",
          "pip: Collecting webpack",
          "Transforming 723 files...",
          "Loading...",
          "Transforming 669 files...",
          "Success!",
          "Fetching from https://githubusercontent.com/package.json",
          "\u2713 validate completed",
          "Compiling utils/handler.rs...",
          "OK",
          "Cache miss for key-1120",
          "\u2713 All checks passed",
          "Verifying...",
          "Step 19/15: Deploying",
          "\u2717 build failed with exit code 38",
          "Optimizing 80 modules...",
          "Image pulled successfully",
          "[12:50:49] INFO: Request completed",
          "Switched to branch 'feature/task-728'",
          "Bundling styles.css",
          "[12:50:49] DEBUG: Query executed in 19ms",
          "Checking out develop branch",
          "Pushing to registry...",
          "Switched to branch 'bugfix/task-624'",
          "\u2713 Task completed in 3409ms",
          "Time: 116.659s",
          "[12:50:49] DEBUG: Loading configuration",
          "\u2713 Task completed in 1930ms",
          "Compiling components/app.ts...",
          "Layer 2/13: COPY command",
          "Time: 98.448s",
          "[12:50:49] DEBUG: Query executed in 36ms",
          "Cache hit for key-4580",
          "Bundling runtime.js",
          "[12:50:49] INFO: Starting build process",
          "\u2713 All checks passed",
          "npm install: resolved 698 packages",
          "Minifying main.js",
          "Cache invalidated: build",
          "Step 7/17: Deploying",
          "\u26a0 DEPRECATION: Feature will be removed in v5.0",
          "HEAD is now at 47fb0cf",
          "Uploading artifact 'build' (38 files)",
          "Completed.",
          "[12:50:49] INFO: Cache refreshed",
          "FAILED: test_user_create",
          "[12:50:49] ERROR: Connection failed",
          "pip: Downloading axios-2.20.tar.gz",
          "[12:50:49] INFO: Cache refreshed",
          "Step 3/23: Running migrations",
          "Step 18/18: Testing",
          "\u2713 All checks passed",
          "Step 6/20: Building",
          "Platform: win32-x64",
          "Test Suites: 24 passed, 30 total",
          "Test Suites: 11 passed, 46 total",
          "Waiting...",
          "Step 12/23: Installing dependencies",
          "Compiling src/service.java...",
          "[12:50:49] DEBUG: Connection pool: 11 active",
          "npm install: resolved 1739 packages",
          "HEAD is now at 90a0940",
          "Uploading artifact 'dist' (24 files)",
          "npm install: added 286 packages",
          "Using Python 3.9",
          "[12:50:49] ERROR: Connection failed",
          "[12:50:49] WARN: Deprecated API usage",
          "OK",
          "[12:50:49] INFO: Cache refreshed",
          "Ran 149 tests in 6s",
          "NODE_ENV=test",
          "\u26a0 DEPRECATION: Feature will be removed in v3.0",
          "Cache invalidated: dependencies",
          "Compiling src/utils.go...",
          "Platform: darwin-arm64",
          "[12:50:49] DEBUG: Connection pool: 1 active",
          "Bundling styles.css",
          "Cache miss for key-3052",
          "Test Suites: 28 passed, 48 total",
          "Step 4/21: Building",
          "Step 1/20: Running migrations",
          "GET /api - 200 (83ms)",
          "Using Python 3.11",
          "POST /api - 201 (170ms)",
          "Completed.",
          "[12:50:49] INFO: Processing request",
          "Image pulled successfully",
          "  PASS: test_cache_hit (289ms)",
          "Cache invalidated: node_modules",
          "\u2713 All checks passed",
          "\u2713 Step 'build' succeeded",
          "yarn add: Done in 28.52s",
          "Compiling components/service.java...",
          "[12:50:49] INFO: Processing request",
          "Switched to branch 'feature/task-848'",
          "[12:50:49] DEBUG: Loading configuration",
          "npm install: resolved 147 packages",
          "Cache saved successfully",
          "Building Docker image...",
          "Loading...",
          "WARNING: lodash has known vulnerabilities",
          "Already up to date.",
          "GET /health - 201 (59ms)",
          "Processing...",
          "TLS handshake completed",
          "[12:50:49] DEBUG: Loading configuration",
          "Building Docker image...",
          "Completed.",
          "Minifying app.js",
          "npm install: added 290 packages",
          "[12:50:49] INFO: Starting build process",
          "Uploading artifact 'coverage' (14 files)",
          "Compiling lib/service.java...",
          "yarn add: Done in 2.52s",
          "npm install: added 245 packages",
          "Optimizing 100 modules...",
          "Uploading artifact 'dist' (3 files)",
          "Connection established",
          "Compiling lib/utils.go...",
          "  PASS: unit/test_user_create.spec.js",
          "Creating production build...",
          "Fetching submodules...",
          "\u2713 Step 'checkout' succeeded",
          "Coverage: 85% statements, 66% branches",
          "Artifact uploaded: build.tar.gz (28MB)",
          "[12:50:49] INFO: Processing request",
          "Compiling components/app.ts...",
          "Coverage: 97% statements, 61% branches",
          "=== Step deploy_production completed ==="
        ]
      },
      {
        "name": "type_check",
        "status": "success",
        "started_at": "2025-11-23T12:52:03.500759",
        "finished_at": "2025-11-23T12:52:11.957793",
        "log_lines": [
          "=== Step: type_check ===",
          "npm install: added 52 packages",
          "Waiting...",
          "[12:50:49] INFO: Request completed",
          "Test Suites: 11 passed, 40 total",
          "Cache miss for key-6745",
          "Compiling src/service.java...",
          "TLS handshake completed",
          "[12:50:49] WARN: Deprecated API usage",
          "Step 20/22: Deploying",
          "Creating production build...",
          "Compiling lib/index.js...",
          "Layer 7/15: ENV command",
          "yarn add: Done in 16.34s",
          "\u26a0 DEPRECATION: Feature will be removed in v3.0",
          "Already up to date.",
          "Done.",
          "Verifying...",
          "Finished.",
          "Cache saved successfully",
          "Using Python 3.12",
          "Step 17/20: Linting",
          "Platform: linux-x64",
          "OK",
          "WARNING: webpack has known vulnerabilities",
          "[12:50:49] DEBUG: Memory usage: 487MB",
          "Already up to date.",
          "Generating source maps...",
          "Step 16/22: Linting",
          "pip: Downloading prettier-4.14.tar.gz",
          "  PASS: test_api_health (454ms)",
          "Loading...",
          "  PASS: test_user_create (231ms)",
          "[12:50:49] INFO: Starting build process",
          "Generating source maps...",
          "Minifying vendor.js",
          "Checking out main branch",
          "TLS handshake completed",
          "Uploading artifact 'dist' (3 files)",
          "Layer 1/8: ENV command",
          "\u2717 build failed with exit code 89",
          "[12:50:49] WARN: Deprecated API usage",
          "[12:50:49] DEBUG: Connection pool: 9 active",
          "Installing lodash@5.13.2",
          "[12:50:49] DEBUG: Initializing service",
          "Finished.",
          "TLS handshake completed",
          "Exception: RuntimeError",
          "Platform: win32-x64",
          "[12:50:49] WARN: Deprecated API usage",
          "\u26a0 DEPRECATION: Feature will be removed in v4.0",
          "[12:50:49] DEBUG: Loading configuration",
          "Optimizing 91 modules...",
          "Ready.",
          "[12:50:49] DEBUG: Memory usage: 1999MB",
          "Coverage: 85% statements, 92% branches",
          "WARNING: webpack has known vulnerabilities",
          "Completed.",
          "NODE_ENV=development",
          "[12:50:49] WARN: Deprecated API usage",
          "\u2713 All checks passed",
          "Connection established",
          "Waiting...",
          "Platform: darwin-arm64",
          "Already up to date.",
          "Cache saved successfully",
          "[12:50:49] DEBUG: Query executed in 20ms",
          "pip: Installing build dependencies...",
          "Platform: darwin-arm64",
          "Artifact downloaded: 16MB",
          "npm notice: created a lockfile",
          "Compiling utils/service.java...",
          "WARNING: react has known vulnerabilities",
          "POST /api - 202 (102ms)",
          "[12:50:49] DEBUG: Loading configuration",
          "Bundling runtime.css",
          "Test Suites: 37 passed, 12 total",
          "Layer 6/14: RUN command",
          "Cache miss for key-2800",
          "Uploading artifact 'coverage' (31 files)",
          "npm notice: created a lockfile",
          "Using Node.js 18.3.9",
          "Artifact uploaded: build.tar.gz (18MB)",
          "NODE_ENV=test",
          "Compiling utils/utils.go...",
          "[12:50:49] INFO: Connecting to database",
          "Using Python 3.11",
          "Optimizing 99 modules...",
          "Environment: development",
          "NODE_ENV=development",
          "Pulling image: node:latest",
          "TLS handshake completed",
          "npm install: added 37 packages",
          "pip: Installing build dependencies...",
          "Compiling components/main.py...",
          "HEAD is now at 7a37196",
          "Cache restored successfully (59MB)",
          "[12:50:49] DEBUG: Connection pool: 18 active",
          "[12:50:49] DEBUG: Connection pool: 14 active",
          "Cache restored successfully (189MB)",
          "npm install: added 388 packages",
          "Step 15/18: Deploying",
          "Using Python 3.12",
          "Processing...",
          "Fetching from https://googleapis.com/package.json",
          "Uploading artifact 'coverage' (2 files)",
          "npm install: resolved 1918 packages",
          "npm install: added 186 packages",
          "Optimizing 47 modules...",
          "Already up to date.",
          "TLS handshake completed",
          "npm notice: package.json updated",
          "Generating source maps...",
          "Step 12/25: Running migrations",
          "[12:50:49] WARN: Deprecated API usage",
          "Optimizing 38 modules...",
          "Pulling image: alpine:18",
          "WARNING: axios has known vulnerabilities",
          "Creating production build...",
          "Environment: development",
          "Artifact uploaded: dist.zip (79MB)",
          "Installing lodash@4.18.2",
          "\u2717 build failed with exit code 72",
          "Pulling image: node:18",
          "Ready.",
          "npm install: resolved 338 packages",
          "Completed.",
          "  PASS: e2e/test_user_create.spec.js",
          "Using Python 3.10",
          "  PASS: integration/test_db_connect.spec.js",
          "Loading...",
          "[12:50:49] DEBUG: Initializing service",
          "Optimizing 13 modules...",
          "[12:50:49] INFO: Starting build process",
          "GET /health - 201 (24ms)",
          "TLS handshake completed",
          "Test Suites: 26 passed, 50 total",
          "Using Node.js 14.19.3",
          "FAILED: test_db_connect",
          "Done.",
          "Minifying app.js",
          "[12:50:49] DEBUG: Memory usage: 1512MB",
          "NODE_ENV=production",
          "Success!",
          "\u26a0 DEPRECATION: Feature will be removed in v2.0",
          "[12:50:49] INFO: Request completed",
          "\u26a0 DEPRECATION: Feature will be removed in v5.0",
          "[12:50:49] WARN: Deprecated API usage",
          "Step 19/21: Running migrations",
          "  PASS: integration/test_cache_hit.spec.js",
          "Checking out main branch",
          "HEAD is now at 1b05d86",
          "Switched to branch 'hotfix/task-703'",
          "Fetching from https://gcr.io/package.json",
          "  PASS: unit/test_db_connect.spec.js",
          "Step 9/23: Deploying",
          "Ready.",
          "Compiling utils/app.ts...",
          "npm install: resolved 1517 packages",
          "Creating production build...",
          "Uploading artifact 'build' (35 files)",
          "Ready.",
          "FAILED: test_db_connect",
          "Generating source maps...",
          "Compiling utils/index.js...",
          "POST /data - 201 (182ms)",
          "[12:50:49] DEBUG: Query executed in 17ms",
          "NODE_ENV=development",
          "Compiling utils/handler.rs...",
          "Using Node.js 16.9.8",
          "[12:50:49] DEBUG: Initializing service",
          "[12:50:49] DEBUG: Query executed in 11ms",
          "Test Suites: 48 passed, 18 total",
          "Image pulled successfully",
          "Compiling utils/service.java...",
          "Step 15/20: Deploying",
          "Cache invalidated: dependencies",
          "[12:50:49] INFO: Connecting to database",
          "Compiling src/handler.rs...",
          "Test Suites: 8 passed, 25 total",
          "[12:50:49] INFO: Starting build process",
          "[12:50:49] INFO: Starting build process",
          "[12:50:49] WARN: Deprecated API usage",
          "Using Python 3.10",
          "Verifying...",
          "Completed.",
          "Fetching submodules...",
          "Switched to branch 'hotfix/task-987'",
          "[12:50:49] WARN: Deprecated API usage",
          "Ran 102 tests in 1s",
          "Minifying vendor.js",
          "Environment: development",
          "Uploading artifact 'coverage' (28 files)",
          "TLS handshake completed",
          "Step 13/15: Testing",
          "Waiting...",
          "[12:50:49] INFO: Request completed",
          "Processing...",
          "OK",
          "\u2713 All checks passed",
          "WARNING: axios has known vulnerabilities",
          "npm install: resolved 1124 packages",
          "WARNING: express has known vulnerabilities",
          "Platform: darwin-arm64",
          "Optimizing 48 modules...",
          "Using Python 3.11",
          "Connection established",
          "WARNING: express has known vulnerabilities",
          "WARNING: webpack has known vulnerabilities",
          "Snapshots: 7 passed, 38 total",
          "  PASS: test_user_create (298ms)",
          "Artifact uploaded: build.tar.gz (16MB)",
          "Waiting...",
          "Success!",
          "Snapshots: 36 passed, 37 total",
          "Image pulled successfully",
          "Verifying...",
          "Connection established",
          "Fetching submodules...",
          "Success!",
          "  PASS: test_cache_hit (356ms)",
          "Cache hit for key-4405",
          "Switched to branch 'hotfix/task-710'",
          "[12:50:49] WARN: Deprecated API usage",
          "Compiling lib/index.js...",
          "npm install: added 227 packages",
          "Installing jest@3.19.5",
          "Fetching from https://pypi.org/package.json",
          "[12:50:49] INFO: Request completed",
          "Tests: 204 passed, 65 total",
          "Verifying...",
          "Environment: staging",
          "[12:50:49] INFO: Connecting to database",
          "WARNING: react has known vulnerabilities",
          "Tests: 485 passed, 311 total",
          "[12:50:49] WARN: Deprecated API usage",
          "Connection established",
          "POST /data - 200 (160ms)",
          "Fetching from https://gcr.io/package.json",
          "[12:50:49] DEBUG: Memory usage: 225MB",
          "[12:50:49] INFO: Request completed",
          "Success!",
          "POST /api - 201 (17ms)",
          "POST /data - 201 (151ms)",
          "[12:50:49] DEBUG: Connection pool: 5 active",
          "Compiling utils/handler.rs...",
          "Compiling components/main.py...",
          "Pulling image: alpine:3.11",
          "Step 4/21: Installing dependencies",
          "Tests: 160 passed, 178 total",
          "Checking out master branch",
          "Checking out develop branch",
          "Loading...",
          "npm notice: package.json updated",
          "Minifying vendor.js",
          "Compiling lib/main.py...",
          "Cache miss for key-8559",
          "[12:50:49] DEBUG: Loading configuration",
          "Fetching from https://github.com/package.json",
          "Step 4/17: Building",
          "Ready.",
          "\u26a0 DEPRECATION: Feature will be removed in v5.0",
          "Completed.",
          "\u2713 lint completed",
          "POST /data - 201 (473ms)",
          "WARNING: prettier has known vulnerabilities",
          "Cache hit for key-5267",
          "Step 13/20: Testing",
          "Platform: linux-x64",
          "[12:50:49] INFO: Starting build process",
          "Waiting...",
          "Cache saved successfully",
          "Snapshots: 10 passed, 17 total",
          "Step 14/16: Running migrations",
          "[12:50:49] DEBUG: Loading configuration",
          "Connection established",
          "\u2713 build completed",
          "\u2713 Step 'setup' succeeded",
          "Cache invalidated: node_modules",
          "Artifact uploaded: build.tar.gz (21MB)",
          "\u2713 All checks passed",
          "Using Python 3.9",
          "Minifying app.js",
          "\u2713 All checks passed",
          "Installing jest@1.11.4",
          "Tests: 361 passed, 58 total",
          "WARNING: react has known vulnerabilities",
          "Success!",
          "Step 14/18: Building",
          "yarn add: Done in 20.78s",
          "Cache hit for key-2155",
          "Snapshots: 34 passed, 18 total",
          "pip: Collecting express",
          "Step 5/19: Installing dependencies",
          "Cache invalidated: dependencies",
          "Transforming 346 files...",
          "[12:50:49] DEBUG: Query executed in 73ms",
          "Done.",
          "=== Step type_check completed ==="
        ]
      },
      {
        "name": "save_cache",
        "status": "success",
        "started_at": "2025-11-23T12:52:11.957793",
        "finished_at": "2025-11-23T12:52:17.032013",
        "log_lines": [
          "=== Step: save_cache ===",
          "Building Docker image...",
          "\u26a0 DEPRECATION: Feature will be removed in v5.0",
          "Optimizing 75 modules...",
          "[12:50:49] INFO: Request completed",
          "pip: Collecting jest",
          "TLS handshake completed",
          "npm install: resolved 939 packages",
          "Step 15/17: Linting",
          "[12:50:49] DEBUG: Memory usage: 1765MB",
          "[12:50:49] INFO: Processing request",
          "[12:50:49] DEBUG: Query executed in 64ms",
          "pip: Installing build dependencies...",
          "Success!",
          "Ran 173 tests in 56s",
          "  PASS: test_api_health (98ms)",
          "  PASS: test_cache_hit (246ms)",
          "Compiling components/app.ts...",
          "\u2713 Task completed in 573ms",
          "Coverage: 83% statements, 72% branches",
          "Compiling src/index.js...",
          "npm notice: created a lockfile",
          "Snapshots: 5 passed, 41 total",
          "[12:50:49] WARN: Deprecated API usage",
          "Building Docker image...",
          "Building Docker image...",
          "Environment: development",
          "Artifact uploaded: build.tar.gz (37MB)",
          "Processing...",
          "Environment: test",
          "Switched to branch 'feature/task-642'",
          "Optimizing 27 modules...",
          "GET /status - 200 (69ms)",
          "Success!",
          "Pulling image: python:latest",
          "  PASS: unit/test_auth_login.spec.js",
          "Creating production build...",
          "[12:50:49] DEBUG: Query executed in 68ms",
          "npm notice: created a lockfile",
          "  PASS: integration/test_db_connect.spec.js",
          "  PASS: test_api_health (284ms)",
          "  PASS: unit/test_auth_login.spec.js",
          "Artifact uploaded: dist.zip (60MB)",
          "pip: Downloading jest-1.1.tar.gz",
          "Uploading artifact 'build' (24 files)",
          "Image pulled successfully",
          "Using Python 3.10",
          "[12:50:49] ERROR: Connection failed",
          "  PASS: e2e/test_db_connect.spec.js",
          "npm notice: created a lockfile",
          "Checking out main branch",
          "Generating source maps...",
          "[12:50:49] DEBUG: Query executed in 40ms",
          "npm install: added 436 packages",
          "Finished.",
          "Artifact downloaded: 6MB",
          "Connection established",
          "Step 20/20: Testing",
          "POST /api - 200 (28ms)",
          "Processing...",
          "Using Python 3.9",
          "Using Node.js 14.10.10",
          "Loading...",
          "GET /api - 204 (100ms)",
          "pip: Collecting lodash",
          "Ready.",
          "Bundling main.js",
          "Waiting...",
          "Creating production build...",
          "Processing...",
          "pip: Installing build dependencies...",
          "HEAD is now at 9fa42a7",
          "[12:50:49] INFO: Cache refreshed",
          "pip: Downloading webpack-3.7.tar.gz",
          "Pulling image: python:18",
          "pip: Downloading axios-4.8.tar.gz",
          "Generating source maps...",
          "Cache invalidated: dependencies",
          "Connection established",
          "pip install: Successfully installed express-1.15",
          "Compiling utils/app.ts...",
          "Compiling lib/handler.rs...",
          "Installing prettier@5.10.5",
          "Layer 10/12: COPY command",
          "NODE_ENV=development",
          "Artifact downloaded: 22MB",
          "Exception: TypeError",
          "Fetching submodules...",
          "Minifying vendor.js",
          "Fetching submodules...",
          "pip: Collecting express",
          "Already up to date.",
          "Ran 175 tests in 56s",
          "Fetching submodules...",
          "[12:50:49] INFO: Request completed",
          "GET /health - 200 (63ms)",
          "Using Node.js 14.3.2",
          "npm notice: package.json updated",
          "npm install: resolved 576 packages",
          "\u26a0 DEPRECATION: Feature will be removed in v2.0",
          "[12:50:49] WARN: Deprecated API usage",
          "WARNING: lodash has known vulnerabilities",
          "npm install: resolved 1156 packages",
          "[12:50:49] INFO: Cache refreshed",
          "Finished.",
          "Transforming 443 files...",
          "Compiling utils/service.java...",
          "Exception: RuntimeError",
          "Fetching from https://amazonaws.com/package.json",
          "HEAD is now at 802c65f",
          "\u26a0 DEPRECATION: Feature will be removed in v5.0",
          "Transforming 144 files...",
          "Cache restored successfully (16MB)",
          "[12:50:49] INFO: Connecting to database",
          "WARNING: webpack has known vulnerabilities",
          "\u2713 Step 'build' succeeded",
          "Minifying main.js",
          "npm notice: package.json updated",
          "pip install: Successfully installed react-5.12",
          "[12:50:49] INFO: Request completed",
          "Step 18/24: Testing",
          "Layer 4/9: ENV command",
          "Cache hit for key-1848",
          "  PASS: test_api_health (59ms)",
          "Step 9/23: Linting",
          "Verifying...",
          "Completed.",
          "[12:50:49] INFO: Connecting to database",
          "[12:50:49] DEBUG: Initializing service",
          "Compiling components/utils.go...",
          "[12:50:49] INFO: Connecting to database",
          "WARNING: webpack has known vulnerabilities",
          "Step 3/19: Linting",
          "Environment: production",
          "Ran 77 tests in 2s",
          "Environment: production",
          "\u26a0 DEPRECATION: Feature will be removed in v2.0",
          "\u2713 package completed",
          "\u2713 All checks passed",
          "[12:50:49] DEBUG: Connection pool: 7 active",
          "Loading...",
          "Bundling main.css",
          "[12:50:49] INFO: Request completed",
          "[12:50:49] DEBUG: Query executed in 60ms",
          "Building Docker image...",
          "\u2713 Step 'install' succeeded",
          "Loading...",
          "WARNING: react has known vulnerabilities",
          "Snapshots: 36 passed, 34 total",
          "Pulling image: python:3.11",
          "Checking out master branch",
          "[12:50:49] DEBUG: Connection pool: 4 active",
          "Cache miss for key-2000",
          "Snapshots: 28 passed, 36 total",
          "Coverage: 92% statements, 70% branches",
          "Tests: 306 passed, 315 total",
          "Cache hit for key-1669",
          "Artifact downloaded: 48MB",
          "Compiling src/handler.rs...",
          "Artifact uploaded: build.tar.gz (45MB)",
          "Fetching submodules...",
          "\u2717 build failed with exit code 99",
          "Optimizing 87 modules...",
          "\u26a0 DEPRECATION: Feature will be removed in v4.0",
          "Done.",
          "\u2713 Task completed in 1685ms",
          "GET /api - 201 (78ms)",
          "Artifact uploaded: dist.zip (42MB)",
          "npm notice: package.json updated",
          "pip: Collecting webpack",
          "Building Docker image...",
          "Step 15/25: Linting",
          "Layer 5/8: COPY command",
          "Pulling image: node:3.11",
          "Artifact downloaded: 44MB",
          "GET /status - 204 (23ms)",
          "pip: Collecting lodash",
          "Ran 18 tests in 14s",
          "Cache miss for key-3550",
          "[12:50:49] DEBUG: Initializing service",
          "npm install: added 238 packages",
          "Platform: linux-x64",
          "Creating production build...",
          "GET /health - 204 (36ms)",
          "Cache restored successfully (20MB)",
          "Step 11/25: Testing",
          "Waiting...",
          "[12:50:49] INFO: Starting build process",
          "Compiling lib/utils.go...",
          "Loading...",
          "Installing webpack@2.5.0",
          "Compiling lib/index.js...",
          "OK",
          "Time: 60.481s",
          "pip: Downloading lodash-5.20.tar.gz",
          "pip: Installing build dependencies...",
          "pip: Collecting jest",
          "HEAD is now at 7b65644",
          "Already up to date.",
          "\u2717 build failed with exit code 114",
          "Creating production build...",
          "\u2713 Task completed in 4480ms",
          "Finished.",
          "Compiling components/index.js...",
          "Exception: TypeError",
          "\u26a0 DEPRECATION: Feature will be removed in v4.0",
          "Fetching from https://gcr.io/package.json",
          "[12:50:49] DEBUG: Query executed in 42ms",
          "[12:50:49] INFO: Cache refreshed",
          "Compiling src/app.ts...",
          "Fetching from https://googleapis.com/package.json",
          "Done.",
          "[12:50:49] WARN: Deprecated API usage",
          "Success!",
          "Artifact downloaded: 23MB",
          "Test Suites: 43 passed, 41 total",
          "Image pulled successfully",
          "Step 14/23: Linting",
          "Exception: ValueError",
          "[12:50:49] WARN: Deprecated API usage",
          "Image pulled successfully",
          "FAILED: test_db_connect",
          "Cache restored successfully (166MB)",
          "Pushing to registry...",
          "[12:50:49] WARN: Deprecated API usage",
          "\u26a0 DEPRECATION: Feature will be removed in v2.0",
          "OK",
          "Tests: 145 passed, 303 total",
          "\u26a0 DEPRECATION: Feature will be removed in v5.0",
          "\u2713 Task completed in 3111ms",
          "[12:50:49] DEBUG: Query executed in 67ms",
          "[12:50:49] INFO: Processing request",
          "Fetching from https://githubusercontent.com/package.json",
          "Creating production build...",
          "[12:50:49] DEBUG: Loading configuration",
          "[12:50:49] WARN: Deprecated API usage",
          "Uploading artifact 'build' (12 files)",
          "Fetching submodules...",
          "Coverage: 93% statements, 89% branches",
          "Fetching from https://amazonaws.com/package.json",
          "pip install: Successfully installed prettier-2.17",
          "Test Suites: 7 passed, 27 total",
          "Cache hit for key-2349",
          "Transforming 573 files...",
          "[12:50:49] ERROR: Connection failed",
          "[12:50:49] DEBUG: Initializing service",
          "WARNING: lodash has known vulnerabilities",
          "Loading...",
          "npm install: resolved 218 packages",
          "Using Python 3.12",
          "[12:50:49] WARN: Deprecated API usage",
          "Compiling components/utils.go...",
          "yarn add: Done in 12.19s",
          "Connection established",
          "Finished.",
          "Layer 8/15: ENV command",
          "POST /upload - 201 (337ms)",
          "TLS handshake completed",
          "Pushing to registry...",
          "  PASS: test_cache_hit (191ms)",
          "Verifying...",
          "Connection established",
          "Bundling main.js",
          "Compiling lib/main.py...",
          "[12:50:49] INFO: Cache refreshed",
          "Generating source maps...",
          "Optimizing 71 modules...",
          "Completed.",
          "Artifact uploaded: dist.zip (57MB)",
          "Ready.",
          "Ran 155 tests in 13s",
          "pip: Installing build dependencies...",
          "Loading...",
          "[12:50:49] DEBUG: Query executed in 45ms",
          "Fetching submodules...",
          "Step 10/22: Deploying",
          "NODE_ENV=development",
          "Test Suites: 44 passed, 16 total",
          "Cache hit for key-6701",
          "pip install: Successfully installed jest-2.10",
          "Switched to branch 'bugfix/task-425'",
          "Cache hit for key-5257",
          "Cache hit for key-5092",
          "npm install: added 163 packages",
          "Step 5/24: Installing dependencies",
          "[12:50:49] DEBUG: Initializing service",
          "Compiling lib/index.js...",
          "npm install: resolved 132 packages",
          "Fetching submodules...",
          "POST /api - 202 (214ms)",
          "npm notice: created a lockfile",
          "Building Docker image...",
          "Image pulled successfully",
          "Switched to branch 'feature/task-823'",
          "Layer 8/12: COPY command",
          "Test Suites: 45 passed, 35 total",
          "[12:50:49] INFO: Request completed",
          "[12:50:49] INFO: Cache refreshed",
          "=== Step save_cache completed ==="
        ]
      }
    ],
    "label": "normal"
  }
}