{
  "action": "completed",
  "workflow_run": {
    "id": 604,
    "name": "CI Pipeline",
    "head_branch": "develop",
    "head_sha": "9fa9d1e0c32fe876f6316dd4156c8a796fb127c2",
    "status": "completed",
    "conclusion": "success",
    "run_started_at": "2025-11-15T23:44:27.685052Z",
    "updated_at": "2025-11-15T23:46:17.155177Z"
  },
  "repository": {
    "full_name": "startup-io/mobile-backend",
    "name": "mobile-backend"
  },
  "sender": {
    "login": "grace"
  },
  "_safeops_extended": {
    "raw_logs": "=== Step: checkout ===\n  PASS: test_api_health (110ms)\n\u2713 test completed\nInstalling react@3.10.0\n  PASS: test_db_connect (410ms)\n\u2713 build completed\nCompiling src/service.java...\nCompiling src/service.java...\n\u2713 build completed\n  PASS: test_api_health (86ms)\nInstalling jest@5.18.0\n\u2713 test completed\nCache hit for key-3204\nCompiling src/app.ts...\nCache hit for key-1909\n  PASS: test_auth_login (475ms)\nStep 7/10: Building\n[23:44:27] WARN: Deprecated API usage\nException: ValueError\nStep 8/10: Building\nArtifact uploaded: build.tar.gz (47MB)\nCompiling src/handler.rs...\nInstalling webpack@1.18.0\n[23:44:27] WARN: Deprecated API usage\nCompiling src/service.java...\nCompiling src/handler.rs...\nArtifact uploaded: build.tar.gz (41MB)\nArtifact uploaded: build.tar.gz (20MB)\nCompiling src/utils.go...\nInstalling express@5.1.0\nInstalling axios@3.0.0\n  PASS: test_auth_login (383ms)\nCache hit for key-4391\nStep 8/10: Building\nArtifact uploaded: build.tar.gz (7MB)\n[23:44:27] INFO: Processing request\nCache hit for key-3137\nCompiling src/main.py...\n[23:44:27] ERROR: Connection failed\nInstalling eslint@3.20.0\nArtifact uploaded: build.tar.gz (11MB)\n\u2713 lint completed\nStep 8/10: Building\nCompiling src/handler.rs...\n[23:44:27] INFO: Processing request\n[23:44:27] INFO: Processing request\nCompiling src/utils.go...\nArtifact uploaded: build.tar.gz (14MB)\n\u26a0 DEPRECATION: Feature will be removed in v5.0\nCache hit for key-7077\nArtifact uploaded: build.tar.gz (31MB)\nCompiling src/app.ts...\n\u2713 test completed\n[23:44:27] WARN: Deprecated API usage\nInstalling react@5.5.0\nCache hit for key-4821\nStep 8/10: Building\nWARNING: react has known vulnerabilities\n\u2713 test completed\nCache hit for key-9399\nArtifact uploaded: build.tar.gz (49MB)\n[23:44:27] INFO: Processing request\nInstalling express@3.7.0\n\u2717 build failed with exit code 111\nWARNING: axios has known vulnerabilities\nStep 8/10: Building\n  PASS: test_cache_hit (121ms)\nArtifact uploaded: build.tar.gz (26MB)\n=== Step checkout completed ===\n=== Step: setup_environment ===\n[23:44:27] INFO: Processing request\nStep 8/10: Building\nFAILED: test_user_create\nCache hit for key-3362\n\u26a0 DEPRECATION: Feature will be removed in v2.0\nWARNING: prettier has known vulnerabilities\nFAILED: test_cache_hit\nInstalling axios@5.3.0\nArtifact uploaded: build.tar.gz (15MB)\nStep 10/10: Building\n\u2713 build completed\nArtifact uploaded: build.tar.gz (6MB)\nArtifact uploaded: build.tar.gz (39MB)\n[23:44:27] INFO: Processing request\nInstalling react@1.7.0\n[23:44:27] INFO: Processing request\nWARNING: jest has known vulnerabilities\n  PASS: test_auth_login (296ms)\n  PASS: test_api_health (360ms)\nCompiling src/app.ts...\nCache hit for key-8613\nCompiling src/app.ts...\nArtifact uploaded: build.tar.gz (12MB)\nCache hit for key-4739\n\u26a0 DEPRECATION: Feature will be removed in v5.0\nCache hit for key-9024\nStep 6/10: Building\n  PASS: test_auth_login (324ms)\n  PASS: test_auth_login (172ms)\nCompiling src/main.py...\nInstalling lodash@5.9.0\n  PASS: test_cache_hit (323ms)\n[23:44:27] INFO: Processing request\nArtifact uploaded: build.tar.gz (5MB)\nInstalling axios@2.2.0\n\u2713 build completed\nInstalling prettier@2.5.0\nCompiling src/main.py...\nCache hit for key-4604\nStep 4/10: Building\nCache hit for key-7044\n\u2713 lint completed\nArtifact uploaded: build.tar.gz (13MB)\nCache hit for key-4422\nCompiling src/handler.rs...\nCache hit for key-5111\n  PASS: test_db_connect (63ms)\nCache hit for key-2985\nStep 9/10: Building\n  PASS: test_api_health (198ms)\nInstalling jest@1.10.0\nCache hit for key-9115\nInstalling lodash@3.19.0\n\u2713 build completed\nCache hit for key-9986\nCache hit for key-7220\n\u2713 build completed\nArtifact uploaded: build.tar.gz (34MB)\n[23:44:27] WARN: Deprecated API usage\n  PASS: test_cache_hit (254ms)\nCompiling src/service.java...\n\u2713 build completed\nCache hit for key-2980\n[23:44:27] INFO: Processing request\n  PASS: test_db_connect (432ms)\nInstalling lodash@2.11.0\nStep 10/10: Building\n=== Step setup_environment completed ===\n=== Step: install_dependencies ===\n  PASS: test_auth_login (124ms)\nStep 9/10: Building\n\u2713 lint completed\n[23:44:27] WARN: Deprecated API usage\nStep 9/10: Building\n\u2713 build completed\nInstalling webpack@5.14.0\n  PASS: test_api_health (16ms)\nStep 6/10: Building\nCache hit for key-6891\nStep 3/10: Building\n\u2713 build completed\nCompiling src/service.java...\nCompiling src/index.js...\nArtifact uploaded: build.tar.gz (1MB)\n[23:44:27] INFO: Processing request\nCompiling src/index.js...\nCompiling src/utils.go...\n[23:44:27] INFO: Processing request\nInstalling lodash@1.16.0\nInstalling webpack@5.11.0\n\u2713 lint completed\n\u2713 test completed\nWARNING: webpack has known vulnerabilities\nWARNING: lodash has known vulnerabilities\n[23:44:27] INFO: Processing request\n  PASS: test_db_connect (289ms)\nStep 7/10: Building\nCompiling src/utils.go...\n\u2713 lint completed\n[23:44:27] INFO: Processing request\nCompiling src/handler.rs...\nStep 9/10: Building\n\u2713 test completed\n\u2713 build completed\nArtifact uploaded: build.tar.gz (26MB)\nStep 8/10: Building\nCompiling src/index.js...\n\u2713 lint completed\n  PASS: test_auth_login (92ms)\nCompiling src/main.py...\nInstalling axios@1.10.0\nStep 5/10: Building\n\u2713 lint completed\n\u2713 lint completed\n[23:44:27] INFO: Processing request\nCache hit for key-4553\nArtifact uploaded: build.tar.gz (13MB)\nCompiling src/service.java...\nCache hit for key-5582\nWARNING: prettier has known vulnerabilities\nCompiling src/index.js...\n[23:44:27] INFO: Processing request\nStep 8/10: Building\nStep 9/10: Building\n\u26a0 DEPRECATION: Feature will be removed in v4.0\n\u2713 build completed\n[23:44:27] INFO: Processing request\nCompiling src/handler.rs...\nStep 1/10: Building\nCache hit for key-3603\nCompiling src/app.ts...\nArtifact uploaded: build.tar.gz (37MB)\n[23:44:27] INFO: Processing request\n  PASS: test_auth_login (453ms)\nArtifact uploaded: build.tar.gz (30MB)\nInstalling jest@5.1.0\n=== Step install_dependencies completed ===\n=== Step: run_tests ===\nStep 9/10: Building\n  PASS: test_db_connect (484ms)\n[23:44:27] INFO: Processing request\nCache hit for key-9865\n[23:44:27] INFO: Processing request\nStep 3/10: Building\n  PASS: test_db_connect (20ms)\nCache hit for key-1225\nStep 10/10: Building\nCompiling src/app.ts...\nInstalling axios@3.3.0\nArtifact uploaded: build.tar.gz (48MB)\n[23:44:27] ERROR: Connection failed\nInstalling webpack@2.13.0\nCompiling src/index.js...\nCompiling src/utils.go...\nCache hit for key-7863\nCompiling src/handler.rs...\nArtifact uploaded: build.tar.gz (46MB)\n[23:44:27] INFO: Processing request\nStep 4/10: Building\nCompiling src/service.java...\nArtifact uploaded: build.tar.gz (14MB)\n[23:44:27] INFO: Processing request\n  PASS: test_user_create (248ms)\n[23:44:27] INFO: Processing request\nStep 3/10: Building\nCompiling src/index.js...\nInstalling lodash@3.19.0\nStep 2/10: Building\nCompiling src/app.ts...\nWARNING: lodash has known vulnerabilities\n[23:44:27] WARN: Deprecated API usage\nInstalling lodash@5.3.0\nCompiling src/handler.rs...\nArtifact uploaded: build.tar.gz (1MB)\n\u2713 build completed\n\u2713 lint completed\n\u2713 build completed\nArtifact uploaded: build.tar.gz (31MB)\n[23:44:27] INFO: Processing request\nInstalling prettier@1.8.0\nCompiling src/main.py...\nFAILED: test_auth_login\nWARNING: react has known vulnerabilities\n[23:44:27] INFO: Processing request\n[23:44:27] WARN: Deprecated API usage\n\u2713 test completed\n\u2713 build completed\n[23:44:27] WARN: Deprecated API usage\nStep 2/10: Building\nInstalling lodash@5.9.0\n[23:44:27] INFO: Processing request\n  PASS: test_api_health (92ms)\nStep 3/10: Building\nCache hit for key-9396\nCompiling src/service.java...\nCache hit for key-8448\n  PASS: test_api_health (431ms)\n[23:44:27] INFO: Processing request\nCompiling src/main.py...\n\u2717 build failed with exit code 56\n[23:44:27] INFO: Processing request\nCompiling src/service.java...\n  PASS: test_cache_hit (33ms)\nArtifact uploaded: build.tar.gz (37MB)\nStep 5/10: Building\n=== Step run_tests completed ===\n=== Step: build_artifact ===\n\u2713 build completed\n[23:44:27] INFO: Processing request\n  PASS: test_db_connect (466ms)\n[23:44:27] INFO: Processing request\n\u26a0 DEPRECATION: Feature will be removed in v3.0\nInstalling eslint@1.16.0\nCompiling src/service.java...\n\u2713 test completed\n[23:44:27] INFO: Processing request\n\u2713 test completed\n[23:44:27] INFO: Processing request\n[23:44:27] INFO: Processing request\nCache hit for key-9064\n\u26a0 DEPRECATION: Feature will be removed in v4.0\nStep 1/10: Building\nArtifact uploaded: build.tar.gz (46MB)\nCache hit for key-4954\nStep 5/10: Building\nFAILED: test_api_health\n[23:44:27] INFO: Processing request\nCache hit for key-9364\n\u2713 build completed\n\u2713 lint completed\nInstalling express@1.12.0\n[23:44:27] INFO: Processing request\nInstalling axios@2.19.0\nArtifact uploaded: build.tar.gz (30MB)\n\u2717 build failed with exit code 26\nArtifact uploaded: build.tar.gz (49MB)\nCache hit for key-2533\n  PASS: test_auth_login (314ms)\n\u2713 test completed\nCache hit for key-3612\n\u2713 lint completed\nArtifact uploaded: build.tar.gz (43MB)\nCompiling src/main.py...\nStep 2/10: Building\nCompiling src/service.java...\nCompiling src/handler.rs...\n\u2713 lint completed\nInstalling lodash@4.17.0\n\u2713 test completed\n  PASS: test_user_create (211ms)\n[23:44:27] INFO: Processing request\n[23:44:27] INFO: Processing request\nCompiling src/app.ts...\nInstalling webpack@1.7.0\nArtifact uploaded: build.tar.gz (35MB)\n\u2713 lint completed\nArtifact uploaded: build.tar.gz (12MB)\nCompiling src/handler.rs...\n\u26a0 DEPRECATION: Feature will be removed in v3.0\nArtifact uploaded: build.tar.gz (22MB)\n[23:44:27] INFO: Processing request\n[23:44:27] INFO: Processing request\n[23:44:27] INFO: Processing request\nCache hit for key-6091\n[23:44:27] WARN: Deprecated API usage\n  PASS: test_auth_login (477ms)\n\u2713 test completed\nInstalling axios@1.8.0\n\u2713 lint completed\nArtifact uploaded: build.tar.gz (16MB)\nArtifact uploaded: build.tar.gz (46MB)\n[23:44:27] INFO: Processing request\nStep 7/10: Building\nStep 5/10: Building\n=== Step build_artifact completed ===\n=== Step: deploy ===\n\u2713 test completed\nCompiling src/app.ts...\nInstalling react@1.19.0\nInstalling express@5.11.0\nInstalling react@2.18.0\nWARNING: axios has known vulnerabilities\nFAILED: test_cache_hit\nInstalling react@4.4.0\n\u2713 build completed\nStep 4/10: Building\n  PASS: test_api_health (19ms)\nStep 3/10: Building\n\u2713 lint completed\nArtifact uploaded: build.tar.gz (22MB)\n\u2717 build failed with exit code 31\n[23:44:27] INFO: Processing request\n[23:44:27] INFO: Processing request\nInstalling prettier@3.5.0\nStep 2/10: Building\nStep 7/10: Building\nCompiling src/service.java...\nInstalling express@3.10.0\nStep 5/10: Building\nStep 7/10: Building\nStep 10/10: Building\nCache hit for key-8079\nArtifact uploaded: build.tar.gz (40MB)\nArtifact uploaded: build.tar.gz (33MB)\nStep 3/10: Building\n[23:44:27] INFO: Processing request\n  PASS: test_db_connect (343ms)\n[23:44:27] WARN: Deprecated API usage\n\u26a0 DEPRECATION: Feature will be removed in v2.0\n\u2713 build completed\nCache hit for key-8577\nCompiling src/handler.rs...\n\u2713 lint completed\nStep 5/10: Building\n[23:44:27] INFO: Processing request\nInstalling eslint@2.3.0\n\u2717 build failed with exit code 115\nInstalling webpack@5.2.0\n\u2713 lint completed\nCompiling src/service.java...\nArtifact uploaded: build.tar.gz (38MB)\nStep 8/10: Building\nWARNING: lodash has known vulnerabilities\nCache hit for key-2395\nInstalling eslint@1.7.0\nCompiling src/utils.go...\n  PASS: test_cache_hit (130ms)\nWARNING: express has known vulnerabilities\nWARNING: jest has known vulnerabilities\n[23:44:27] INFO: Processing request\n[23:44:27] INFO: Processing request\nArtifact uploaded: build.tar.gz (2MB)\nStep 5/10: Building\nArtifact uploaded: build.tar.gz (41MB)\nStep 10/10: Building\nStep 4/10: Building\nCache hit for key-9575\nInstalling webpack@3.9.0\nWARNING: jest has known vulnerabilities\nCache hit for key-2847\n  PASS: test_db_connect (444ms)\nInstalling lodash@4.3.0\n[23:44:27] INFO: Processing request\n=== Step deploy completed ===",
    "steps": [
      {
        "name": "checkout",
        "status": "success",
        "started_at": "2025-11-15T23:44:27.685052",
        "finished_at": "2025-11-15T23:44:33.158558",
        "log_lines": [
          "=== Step: checkout ===",
          "  PASS: test_api_health (110ms)",
          "\u2713 test completed",
          "Installing react@3.10.0",
          "  PASS: test_db_connect (410ms)",
          "\u2713 build completed",
          "Compiling src/service.java...",
          "Compiling src/service.java...",
          "\u2713 build completed",
          "  PASS: test_api_health (86ms)",
          "Installing jest@5.18.0",
          "\u2713 test completed",
          "Cache hit for key-3204",
          "Compiling src/app.ts...",
          "Cache hit for key-1909",
          "  PASS: test_auth_login (475ms)",
          "Step 7/10: Building",
          "[23:44:27] WARN: Deprecated API usage",
          "Exception: ValueError",
          "Step 8/10: Building",
          "Artifact uploaded: build.tar.gz (47MB)",
          "Compiling src/handler.rs...",
          "Installing webpack@1.18.0",
          "[23:44:27] WARN: Deprecated API usage",
          "Compiling src/service.java...",
          "Compiling src/handler.rs...",
          "Artifact uploaded: build.tar.gz (41MB)",
          "Artifact uploaded: build.tar.gz (20MB)",
          "Compiling src/utils.go...",
          "Installing express@5.1.0",
          "Installing axios@3.0.0",
          "  PASS: test_auth_login (383ms)",
          "Cache hit for key-4391",
          "Step 8/10: Building",
          "Artifact uploaded: build.tar.gz (7MB)",
          "[23:44:27] INFO: Processing request",
          "Cache hit for key-3137",
          "Compiling src/main.py...",
          "[23:44:27] ERROR: Connection failed",
          "Installing eslint@3.20.0",
          "Artifact uploaded: build.tar.gz (11MB)",
          "\u2713 lint completed",
          "Step 8/10: Building",
          "Compiling src/handler.rs...",
          "[23:44:27] INFO: Processing request",
          "[23:44:27] INFO: Processing request",
          "Compiling src/utils.go...",
          "Artifact uploaded: build.tar.gz (14MB)",
          "\u26a0 DEPRECATION: Feature will be removed in v5.0",
          "Cache hit for key-7077",
          "Artifact uploaded: build.tar.gz (31MB)",
          "Compiling src/app.ts...",
          "\u2713 test completed",
          "[23:44:27] WARN: Deprecated API usage",
          "Installing react@5.5.0",
          "Cache hit for key-4821",
          "Step 8/10: Building",
          "WARNING: react has known vulnerabilities",
          "\u2713 test completed",
          "Cache hit for key-9399",
          "Artifact uploaded: build.tar.gz (49MB)",
          "[23:44:27] INFO: Processing request",
          "Installing express@3.7.0",
          "\u2717 build failed with exit code 111",
          "WARNING: axios has known vulnerabilities",
          "Step 8/10: Building",
          "  PASS: test_cache_hit (121ms)",
          "Artifact uploaded: build.tar.gz (26MB)",
          "=== Step checkout completed ==="
        ]
      },
      {
        "name": "setup_environment",
        "status": "success",
        "started_at": "2025-11-15T23:44:33.158558",
        "finished_at": "2025-11-15T23:44:44.105570",
        "log_lines": [
          "=== Step: setup_environment ===",
          "[23:44:27] INFO: Processing request",
          "Step 8/10: Building",
          "FAILED: test_user_create",
          "Cache hit for key-3362",
          "\u26a0 DEPRECATION: Feature will be removed in v2.0",
          "WARNING: prettier has known vulnerabilities",
          "FAILED: test_cache_hit",
          "Installing axios@5.3.0",
          "Artifact uploaded: build.tar.gz (15MB)",
          "Step 10/10: Building",
          "\u2713 build completed",
          "Artifact uploaded: build.tar.gz (6MB)",
          "Artifact uploaded: build.tar.gz (39MB)",
          "[23:44:27] INFO: Processing request",
          "Installing react@1.7.0",
          "[23:44:27] INFO: Processing request",
          "WARNING: jest has known vulnerabilities",
          "  PASS: test_auth_login (296ms)",
          "  PASS: test_api_health (360ms)",
          "Compiling src/app.ts...",
          "Cache hit for key-8613",
          "Compiling src/app.ts...",
          "Artifact uploaded: build.tar.gz (12MB)",
          "Cache hit for key-4739",
          "\u26a0 DEPRECATION: Feature will be removed in v5.0",
          "Cache hit for key-9024",
          "Step 6/10: Building",
          "  PASS: test_auth_login (324ms)",
          "  PASS: test_auth_login (172ms)",
          "Compiling src/main.py...",
          "Installing lodash@5.9.0",
          "  PASS: test_cache_hit (323ms)",
          "[23:44:27] INFO: Processing request",
          "Artifact uploaded: build.tar.gz (5MB)",
          "Installing axios@2.2.0",
          "\u2713 build completed",
          "Installing prettier@2.5.0",
          "Compiling src/main.py...",
          "Cache hit for key-4604",
          "Step 4/10: Building",
          "Cache hit for key-7044",
          "\u2713 lint completed",
          "Artifact uploaded: build.tar.gz (13MB)",
          "Cache hit for key-4422",
          "Compiling src/handler.rs...",
          "Cache hit for key-5111",
          "  PASS: test_db_connect (63ms)",
          "Cache hit for key-2985",
          "Step 9/10: Building",
          "  PASS: test_api_health (198ms)",
          "Installing jest@1.10.0",
          "Cache hit for key-9115",
          "Installing lodash@3.19.0",
          "\u2713 build completed",
          "Cache hit for key-9986",
          "Cache hit for key-7220",
          "\u2713 build completed",
          "Artifact uploaded: build.tar.gz (34MB)",
          "[23:44:27] WARN: Deprecated API usage",
          "  PASS: test_cache_hit (254ms)",
          "Compiling src/service.java...",
          "\u2713 build completed",
          "Cache hit for key-2980",
          "[23:44:27] INFO: Processing request",
          "  PASS: test_db_connect (432ms)",
          "Installing lodash@2.11.0",
          "Step 10/10: Building",
          "=== Step setup_environment completed ==="
        ]
      },
      {
        "name": "install_dependencies",
        "status": "success",
        "started_at": "2025-11-15T23:44:44.105570",
        "finished_at": "2025-11-15T23:45:05.999595",
        "log_lines": [
          "=== Step: install_dependencies ===",
          "  PASS: test_auth_login (124ms)",
          "Step 9/10: Building",
          "\u2713 lint completed",
          "[23:44:27] WARN: Deprecated API usage",
          "Step 9/10: Building",
          "\u2713 build completed",
          "Installing webpack@5.14.0",
          "  PASS: test_api_health (16ms)",
          "Step 6/10: Building",
          "Cache hit for key-6891",
          "Step 3/10: Building",
          "\u2713 build completed",
          "Compiling src/service.java...",
          "Compiling src/index.js...",
          "Artifact uploaded: build.tar.gz (1MB)",
          "[23:44:27] INFO: Processing request",
          "Compiling src/index.js...",
          "Compiling src/utils.go...",
          "[23:44:27] INFO: Processing request",
          "Installing lodash@1.16.0",
          "Installing webpack@5.11.0",
          "\u2713 lint completed",
          "\u2713 test completed",
          "WARNING: webpack has known vulnerabilities",
          "WARNING: lodash has known vulnerabilities",
          "[23:44:27] INFO: Processing request",
          "  PASS: test_db_connect (289ms)",
          "Step 7/10: Building",
          "Compiling src/utils.go...",
          "\u2713 lint completed",
          "[23:44:27] INFO: Processing request",
          "Compiling src/handler.rs...",
          "Step 9/10: Building",
          "\u2713 test completed",
          "\u2713 build completed",
          "Artifact uploaded: build.tar.gz (26MB)",
          "Step 8/10: Building",
          "Compiling src/index.js...",
          "\u2713 lint completed",
          "  PASS: test_auth_login (92ms)",
          "Compiling src/main.py...",
          "Installing axios@1.10.0",
          "Step 5/10: Building",
          "\u2713 lint completed",
          "\u2713 lint completed",
          "[23:44:27] INFO: Processing request",
          "Cache hit for key-4553",
          "Artifact uploaded: build.tar.gz (13MB)",
          "Compiling src/service.java...",
          "Cache hit for key-5582",
          "WARNING: prettier has known vulnerabilities",
          "Compiling src/index.js...",
          "[23:44:27] INFO: Processing request",
          "Step 8/10: Building",
          "Step 9/10: Building",
          "\u26a0 DEPRECATION: Feature will be removed in v4.0",
          "\u2713 build completed",
          "[23:44:27] INFO: Processing request",
          "Compiling src/handler.rs...",
          "Step 1/10: Building",
          "Cache hit for key-3603",
          "Compiling src/app.ts...",
          "Artifact uploaded: build.tar.gz (37MB)",
          "[23:44:27] INFO: Processing request",
          "  PASS: test_auth_login (453ms)",
          "Artifact uploaded: build.tar.gz (30MB)",
          "Installing jest@5.1.0",
          "=== Step install_dependencies completed ==="
        ]
      },
      {
        "name": "run_tests",
        "status": "success",
        "started_at": "2025-11-15T23:45:05.999595",
        "finished_at": "2025-11-15T23:45:44.314139",
        "log_lines": [
          "=== Step: run_tests ===",
          "Step 9/10: Building",
          "  PASS: test_db_connect (484ms)",
          "[23:44:27] INFO: Processing request",
          "Cache hit for key-9865",
          "[23:44:27] INFO: Processing request",
          "Step 3/10: Building",
          "  PASS: test_db_connect (20ms)",
          "Cache hit for key-1225",
          "Step 10/10: Building",
          "Compiling src/app.ts...",
          "Installing axios@3.3.0",
          "Artifact uploaded: build.tar.gz (48MB)",
          "[23:44:27] ERROR: Connection failed",
          "Installing webpack@2.13.0",
          "Compiling src/index.js...",
          "Compiling src/utils.go...",
          "Cache hit for key-7863",
          "Compiling src/handler.rs...",
          "Artifact uploaded: build.tar.gz (46MB)",
          "[23:44:27] INFO: Processing request",
          "Step 4/10: Building",
          "Compiling src/service.java...",
          "Artifact uploaded: build.tar.gz (14MB)",
          "[23:44:27] INFO: Processing request",
          "  PASS: test_user_create (248ms)",
          "[23:44:27] INFO: Processing request",
          "Step 3/10: Building",
          "Compiling src/index.js...",
          "Installing lodash@3.19.0",
          "Step 2/10: Building",
          "Compiling src/app.ts...",
          "WARNING: lodash has known vulnerabilities",
          "[23:44:27] WARN: Deprecated API usage",
          "Installing lodash@5.3.0",
          "Compiling src/handler.rs...",
          "Artifact uploaded: build.tar.gz (1MB)",
          "\u2713 build completed",
          "\u2713 lint completed",
          "\u2713 build completed",
          "Artifact uploaded: build.tar.gz (31MB)",
          "[23:44:27] INFO: Processing request",
          "Installing prettier@1.8.0",
          "Compiling src/main.py...",
          "FAILED: test_auth_login",
          "WARNING: react has known vulnerabilities",
          "[23:44:27] INFO: Processing request",
          "[23:44:27] WARN: Deprecated API usage",
          "\u2713 test completed",
          "\u2713 build completed",
          "[23:44:27] WARN: Deprecated API usage",
          "Step 2/10: Building",
          "Installing lodash@5.9.0",
          "[23:44:27] INFO: Processing request",
          "  PASS: test_api_health (92ms)",
          "Step 3/10: Building",
          "Cache hit for key-9396",
          "Compiling src/service.java...",
          "Cache hit for key-8448",
          "  PASS: test_api_health (431ms)",
          "[23:44:27] INFO: Processing request",
          "Compiling src/main.py...",
          "\u2717 build failed with exit code 56",
          "[23:44:27] INFO: Processing request",
          "Compiling src/service.java...",
          "  PASS: test_cache_hit (33ms)",
          "Artifact uploaded: build.tar.gz (37MB)",
          "Step 5/10: Building",
          "=== Step run_tests completed ==="
        ]
      },
      {
        "name": "build_artifact",
        "status": "success",
        "started_at": "2025-11-15T23:45:44.314139",
        "finished_at": "2025-11-15T23:46:06.208164",
        "log_lines": [
          "=== Step: build_artifact ===",
          "\u2713 build completed",
          "[23:44:27] INFO: Processing request",
          "  PASS: test_db_connect (466ms)",
          "[23:44:27] INFO: Processing request",
          "\u26a0 DEPRECATION: Feature will be removed in v3.0",
          "Installing eslint@1.16.0",
          "Compiling src/service.java...",
          "\u2713 test completed",
          "[23:44:27] INFO: Processing request",
          "\u2713 test completed",
          "[23:44:27] INFO: Processing request",
          "[23:44:27] INFO: Processing request",
          "Cache hit for key-9064",
          "\u26a0 DEPRECATION: Feature will be removed in v4.0",
          "Step 1/10: Building",
          "Artifact uploaded: build.tar.gz (46MB)",
          "Cache hit for key-4954",
          "Step 5/10: Building",
          "FAILED: test_api_health",
          "[23:44:27] INFO: Processing request",
          "Cache hit for key-9364",
          "\u2713 build completed",
          "\u2713 lint completed",
          "Installing express@1.12.0",
          "[23:44:27] INFO: Processing request",
          "Installing axios@2.19.0",
          "Artifact uploaded: build.tar.gz (30MB)",
          "\u2717 build failed with exit code 26",
          "Artifact uploaded: build.tar.gz (49MB)",
          "Cache hit for key-2533",
          "  PASS: test_auth_login (314ms)",
          "\u2713 test completed",
          "Cache hit for key-3612",
          "\u2713 lint completed",
          "Artifact uploaded: build.tar.gz (43MB)",
          "Compiling src/main.py...",
          "Step 2/10: Building",
          "Compiling src/service.java...",
          "Compiling src/handler.rs...",
          "\u2713 lint completed",
          "Installing lodash@4.17.0",
          "\u2713 test completed",
          "  PASS: test_user_create (211ms)",
          "[23:44:27] INFO: Processing request",
          "[23:44:27] INFO: Processing request",
          "Compiling src/app.ts...",
          "Installing webpack@1.7.0",
          "Artifact uploaded: build.tar.gz (35MB)",
          "\u2713 lint completed",
          "Artifact uploaded: build.tar.gz (12MB)",
          "Compiling src/handler.rs...",
          "\u26a0 DEPRECATION: Feature will be removed in v3.0",
          "Artifact uploaded: build.tar.gz (22MB)",
          "[23:44:27] INFO: Processing request",
          "[23:44:27] INFO: Processing request",
          "[23:44:27] INFO: Processing request",
          "Cache hit for key-6091",
          "[23:44:27] WARN: Deprecated API usage",
          "  PASS: test_auth_login (477ms)",
          "\u2713 test completed",
          "Installing axios@1.8.0",
          "\u2713 lint completed",
          "Artifact uploaded: build.tar.gz (16MB)",
          "Artifact uploaded: build.tar.gz (46MB)",
          "[23:44:27] INFO: Processing request",
          "Step 7/10: Building",
          "Step 5/10: Building",
          "=== Step build_artifact completed ==="
        ]
      },
      {
        "name": "deploy",
        "status": "success",
        "started_at": "2025-11-15T23:46:06.208164",
        "finished_at": "2025-11-15T23:46:17.155176",
        "log_lines": [
          "=== Step: deploy ===",
          "\u2713 test completed",
          "Compiling src/app.ts...",
          "Installing react@1.19.0",
          "Installing express@5.11.0",
          "Installing react@2.18.0",
          "WARNING: axios has known vulnerabilities",
          "FAILED: test_cache_hit",
          "Installing react@4.4.0",
          "\u2713 build completed",
          "Step 4/10: Building",
          "  PASS: test_api_health (19ms)",
          "Step 3/10: Building",
          "\u2713 lint completed",
          "Artifact uploaded: build.tar.gz (22MB)",
          "\u2717 build failed with exit code 31",
          "[23:44:27] INFO: Processing request",
          "[23:44:27] INFO: Processing request",
          "Installing prettier@3.5.0",
          "Step 2/10: Building",
          "Step 7/10: Building",
          "Compiling src/service.java...",
          "Installing express@3.10.0",
          "Step 5/10: Building",
          "Step 7/10: Building",
          "Step 10/10: Building",
          "Cache hit for key-8079",
          "Artifact uploaded: build.tar.gz (40MB)",
          "Artifact uploaded: build.tar.gz (33MB)",
          "Step 3/10: Building",
          "[23:44:27] INFO: Processing request",
          "  PASS: test_db_connect (343ms)",
          "[23:44:27] WARN: Deprecated API usage",
          "\u26a0 DEPRECATION: Feature will be removed in v2.0",
          "\u2713 build completed",
          "Cache hit for key-8577",
          "Compiling src/handler.rs...",
          "\u2713 lint completed",
          "Step 5/10: Building",
          "[23:44:27] INFO: Processing request",
          "Installing eslint@2.3.0",
          "\u2717 build failed with exit code 115",
          "Installing webpack@5.2.0",
          "\u2713 lint completed",
          "Compiling src/service.java...",
          "Artifact uploaded: build.tar.gz (38MB)",
          "Step 8/10: Building",
          "WARNING: lodash has known vulnerabilities",
          "Cache hit for key-2395",
          "Installing eslint@1.7.0",
          "Compiling src/utils.go...",
          "  PASS: test_cache_hit (130ms)",
          "WARNING: express has known vulnerabilities",
          "WARNING: jest has known vulnerabilities",
          "[23:44:27] INFO: Processing request",
          "[23:44:27] INFO: Processing request",
          "Artifact uploaded: build.tar.gz (2MB)",
          "Step 5/10: Building",
          "Artifact uploaded: build.tar.gz (41MB)",
          "Step 10/10: Building",
          "Step 4/10: Building",
          "Cache hit for key-9575",
          "Installing webpack@3.9.0",
          "WARNING: jest has known vulnerabilities",
          "Cache hit for key-2847",
          "  PASS: test_db_connect (444ms)",
          "Installing lodash@4.3.0",
          "[23:44:27] INFO: Processing request",
          "=== Step deploy completed ==="
        ]
      }
    ],
    "label": "normal"
  }
}