{
  "action": "completed",
  "workflow_run": {
    "id": 350,
    "name": "CI Pipeline",
    "head_branch": "feature/feat-930",
    "head_sha": "f2c8fc9c647f81ece95f18661411297a8c43e25f",
    "status": "completed",
    "conclusion": "success",
    "run_started_at": "2025-12-11T12:51:07.670343Z",
    "updated_at": "2025-12-11T12:55:03.111964Z"
  },
  "repository": {
    "full_name": "acme-corp/api-service",
    "name": "api-service"
  },
  "sender": {
    "login": "eve"
  },
  "_safeops_extended": {
    "raw_logs": "=== Step: build ===\nCompiling utils/index.js...\n[12:51:07] INFO: Cache refreshed\nFinished.\nHEAD is now at 81adbb7\nSuccess!\nArtifact uploaded: build.tar.gz (20MB)\nnpm notice: package.json updated\nAlready up to date.\nFAILED: test_auth_login\nEnvironment: production\nFetching from https://googleapis.com/package.json\nWARNING: webpack has known vulnerabilities\nStep 19/22: Installing dependencies\n\u26a0 DEPRECATION: Feature will be removed in v5.0\nWARNING: axios has known vulnerabilities\npip: Downloading prettier-2.9.tar.gz\n[12:51:07] DEBUG: Initializing service\n  PASS: test_api_health (327ms)\nnpm install: added 67 packages\nGET /health - 201 (34ms)\nCache hit for key-1133\nGET /api - 200 (45ms)\npip: Installing build dependencies...\nAlready up to date.\nBuilding Docker image...\nLayer 6/14: RUN command\nRan 189 tests in 54s\nStep 1/24: Testing\nSnapshots: 19 passed, 43 total\nGenerating source maps...\n[12:51:07] WARN: Deprecated API usage\nVerifying...\nStep 9/20: Building\nBuilding Docker image...\nUploading artifact 'build' (8 files)\nnpm install: added 481 packages\nCache invalidated: dependencies\nCompleted.\nnpm install: resolved 1129 packages\npip: Downloading webpack-4.1.tar.gz\nStep 6/21: Deploying\nEnvironment: production\nCache hit for key-2130\n[12:51:07] INFO: Processing request\nStep 10/22: Installing dependencies\nStep 12/21: Installing dependencies\nStep 8/24: Testing\nUsing Python 3.10\nCompiling components/utils.go...\nUsing Python 3.11\nReady.\nStep 18/21: Running migrations\nArtifact uploaded: dist.zip (33MB)\nCache invalidated: node_modules\n\u26a0 DEPRECATION: Feature will be removed in v4.0\nCache restored successfully (340MB)\nProcessing...\n[12:51:07] INFO: Request completed\nStep 14/18: Testing\nUsing Node.js 19.17.10\npip: Collecting eslint\nStep 6/25: Deploying\nWARNING: axios has known vulnerabilities\nLayer 8/12: COPY command\n\u2717 build failed with exit code 12\nReady.\n[12:51:07] INFO: Connecting to database\nRan 173 tests in 28s\nOptimizing 40 modules...\nnpm install: added 308 packages\nAlready up to date.\nFinished.\nCoverage: 76% statements, 70% branches\n\u2713 Task completed in 1432ms\nEnvironment: test\nWARNING: react has known vulnerabilities\nHEAD is now at 2158b96\nVerifying...\n\u26a0 DEPRECATION: Feature will be removed in v4.0\n\u26a0 DEPRECATION: Feature will be removed in v4.0\n[12:51:07] DEBUG: Query executed in 48ms\n\u26a0 DEPRECATION: Feature will be removed in v3.0\nCompiling utils/main.py...\nCompiling lib/index.js...\nLoading...\n[12:51:07] DEBUG: Memory usage: 565MB\nWARNING: jest has known vulnerabilities\nBuilding Docker image...\nPushing to registry...\nMinifying vendor.js\n[12:51:07] INFO: Starting build process\nNODE_ENV=development\nGenerating source maps...\nCoverage: 90% statements, 98% branches\n\u26a0 DEPRECATION: Feature will be removed in v5.0\nStep 17/22: Building\npip: Installing build dependencies...\n[12:51:07] DEBUG: Initializing service\nStep 15/18: Deploying\nTime: 26.382s\nImage pulled successfully\nnpm install: resolved 120 packages\nBundling styles.css\nCache hit for key-9307\nTime: 13.962s\n[12:51:07] INFO: Processing request\nArtifact uploaded: build.tar.gz (40MB)\nVerifying...\nSwitched to branch 'feature/task-108'\nConnection established\nTests: 490 passed, 261 total\n[12:51:07] DEBUG: Loading configuration\nMinifying main.js\npip install: Successfully installed axios-3.13\n[12:51:07] DEBUG: Initializing service\nReady.\nnpm notice: package.json updated\nPushing to registry...\n\u2717 build failed with exit code 80\n[12:51:07] WARN: Deprecated API usage\n[12:51:07] WARN: Deprecated API usage\nArtifact downloaded: 46MB\nSnapshots: 3 passed, 0 total\nInstalling eslint@1.15.2\nConnection established\n\u2717 build failed with exit code 104\n\u26a0 DEPRECATION: Feature will be removed in v4.0\nFinished.\n[12:51:07] INFO: Processing request\n[12:51:07] INFO: Request completed\nChecking out master branch\nTime: 69.747s\n  PASS: unit/test_api_health.spec.js\nnpm install: added 135 packages\n  PASS: e2e/test_user_create.spec.js\nWaiting...\nOK\n=== Step build completed ===\n=== Step: restore_cache ===\nPOST /upload - 201 (282ms)\nCompiling lib/main.py...\n  PASS: e2e/test_api_health.spec.js\nEnvironment: development\n\u2713 Step 'install' succeeded\nOptimizing 76 modules...\nSwitched to branch 'hotfix/task-121'\n[12:51:07] DEBUG: Initializing service\npip: Collecting prettier\n[12:51:07] INFO: Cache refreshed\n\u2713 Step 'build' succeeded\nCompiling components/app.ts...\n[12:51:07] INFO: Cache refreshed\nTLS handshake completed\npip install: Successfully installed express-3.1\nGenerating source maps...\nAlready up to date.\n  PASS: test_auth_login (107ms)\nCache invalidated: build\npip: Downloading axios-1.9.tar.gz\nException: TypeError\n\u2717 build failed with exit code 74\nCache hit for key-6971\n[12:51:07] DEBUG: Initializing service\nAlready up to date.\n\u2713 All checks passed\nCache miss for key-3413\nPlatform: win32-x64\nArtifact uploaded: dist.zip (34MB)\nMinifying vendor.js\nWARNING: jest has known vulnerabilities\nCoverage: 98% statements, 78% branches\nCoverage: 89% statements, 90% branches\nnpm notice: created a lockfile\nPOST /api - 200 (297ms)\n\u2713 Task completed in 4602ms\nFAILED: test_auth_login\n\u2713 build completed\n[12:51:07] ERROR: Connection failed\nCreating production build...\nCompleted.\n  PASS: e2e/test_cache_hit.spec.js\n[12:51:07] INFO: Connecting to database\nNODE_ENV=production\nCoverage: 80% statements, 78% branches\nTests: 293 passed, 247 total\nOK\nGET /status - 204 (22ms)\nCompiling src/utils.go...\n[12:51:07] WARN: Deprecated API usage\nSwitched to branch 'bugfix/task-837'\nHEAD is now at 60dd259\nEnvironment: test\nTest Suites: 39 passed, 33 total\nBundling main.js\n[12:51:07] DEBUG: Connection pool: 6 active\nStep 15/23: Linting\nStep 2/25: Building\nBuilding Docker image...\nNODE_ENV=production\n\u26a0 DEPRECATION: Feature will be removed in v3.0\nBundling vendor.css\nCompiling utils/main.py...\n[12:51:07] WARN: Deprecated API usage\nFetching submodules...\nAlready up to date.\n[12:51:07] INFO: Connecting to database\n\u26a0 DEPRECATION: Feature will be removed in v4.0\nCache restored successfully (320MB)\nLoading...\nProcessing...\nUsing Node.js 15.13.7\nLoading...\nProcessing...\nCoverage: 92% statements, 61% branches\nFetching submodules...\nFAILED: test_user_create\nProcessing...\nCompiling utils/main.py...\nSuccess!\nReady.\nCreating production build...\nTime: 3.810s\nCache invalidated: node_modules\n\u2717 build failed with exit code 55\nCompiling lib/main.py...\nCache restored successfully (418MB)\nStep 5/18: Testing\n  PASS: integration/test_db_connect.spec.js\nMinifying app.js\nEnvironment: development\nGET /status - 201 (98ms)\nSuccess!\n[12:51:07] INFO: Starting build process\n[12:51:07] INFO: Processing request\n\u2713 Task completed in 2495ms\nCompleted.\nSwitched to branch 'bugfix/task-875'\nEnvironment: production\nPOST /data - 200 (336ms)\nMinifying vendor.js\nPOST /upload - 202 (19ms)\nNODE_ENV=test\nPOST /api - 201 (58ms)\npip: Installing build dependencies...\nCreating production build...\n[12:51:07] ERROR: Connection failed\nLayer 10/13: COPY command\nFAILED: test_auth_login\n[12:51:07] INFO: Connecting to database\nnpm install: added 154 packages\n[12:51:07] WARN: Deprecated API usage\nCoverage: 97% statements, 85% branches\nMinifying vendor.js\nCompleted.\nSnapshots: 8 passed, 23 total\n[12:51:07] ERROR: Connection failed\nArtifact downloaded: 30MB\n[12:51:07] DEBUG: Memory usage: 1201MB\nArtifact uploaded: build.tar.gz (32MB)\nCache miss for key-9804\nMinifying vendor.js\nTest Suites: 20 passed, 12 total\npip: Collecting prettier\npip install: Successfully installed webpack-1.6\nBuilding Docker image...\nPlatform: darwin-arm64\n\u2713 Step 'install' succeeded\nEnvironment: staging\nTest Suites: 13 passed, 5 total\nTest Suites: 43 passed, 22 total\n[12:51:07] DEBUG: Query executed in 3ms\nChecking out main branch\nOK\nSwitched to branch 'feature/task-470'\n\u2713 build completed\nCompiling lib/utils.go...\n=== Step restore_cache completed ===\n=== Step: deploy_production ===\nArtifact uploaded: build.tar.gz (44MB)\n[12:51:07] INFO: Connecting to database\nNODE_ENV=production\nTime: 42.231s\nArtifact uploaded: dist.zip (68MB)\n[12:51:07] INFO: Starting build process\nFinished.\n[12:51:07] DEBUG: Memory usage: 201MB\n[12:51:07] DEBUG: Query executed in 3ms\nLoading...\nGenerating source maps...\n\u2713 build completed\n[12:51:07] INFO: Request completed\nException: NullPointerException\nArtifact uploaded: build.tar.gz (4MB)\nyarn add: Done in 21.4s\n\u2717 build failed with exit code 88\nReady.\n[12:51:07] INFO: Cache refreshed\nnpm install: added 344 packages\nAlready up to date.\nInstalling jest@3.16.1\nWARNING: lodash has known vulnerabilities\nCreating production build...\nAlready up to date.\nCompleted.\nDone.\npip: Installing build dependencies...\nnpm notice: created a lockfile\npip: Collecting react\n[12:51:07] INFO: Connecting to database\nDone.\nArtifact uploaded: build.tar.gz (14MB)\nAlready up to date.\nCompiling lib/utils.go...\nGenerating source maps...\nCompiling src/index.js...\nStep 7/20: Testing\n[12:51:07] DEBUG: Initializing service\nCompleted.\nStep 17/19: Linting\n[12:51:07] DEBUG: Loading configuration\nnpm notice: created a lockfile\n[12:51:07] DEBUG: Initializing service\nWARNING: axios has known vulnerabilities\n[12:51:07] DEBUG: Initializing service\nTransforming 599 files...\nLoading...\n  PASS: test_auth_login (173ms)\npip install: Successfully installed react-2.11\n[12:51:07] INFO: Cache refreshed\n[12:51:07] INFO: Connecting to database\n[12:51:07] INFO: Request completed\nGET /api - 204 (84ms)\npip: Downloading express-1.3.tar.gz\nStep 5/20: Running migrations\n[12:51:07] DEBUG: Loading configuration\nHEAD is now at c196f44\npip: Collecting jest\npip install: Successfully installed lodash-2.5\n\u2713 All checks passed\nnpm install: resolved 313 packages\nCoverage: 77% statements, 94% branches\nFetching submodules...\nOK\nStep 17/18: Building\nLoading...\nLoading...\nnpm install: added 357 packages\nnpm install: resolved 152 packages\nFAILED: test_cache_hit\nCache restored successfully (394MB)\nOK\nRan 11 tests in 8s\nPlatform: win32-x64\nDone.\nArtifact uploaded: dist.zip (23MB)\nVerifying...\nVerifying...\n[12:51:07] DEBUG: Query executed in 89ms\n  PASS: integration/test_user_create.spec.js\n\u26a0 DEPRECATION: Feature will be removed in v3.0\nArtifact uploaded: dist.zip (82MB)\n\u2713 Task completed in 1527ms\n[12:51:07] INFO: Starting build process\nnpm install: added 209 packages\nPushing to registry...\nFetching submodules...\nOptimizing 62 modules...\nPushing to registry...\nGET /api - 201 (47ms)\n[12:51:07] INFO: Cache refreshed\nTest Suites: 22 passed, 16 total\nHEAD is now at 4b79af4\n[12:51:07] INFO: Processing request\nCoverage: 79% statements, 64% branches\nyarn add: Done in 3.94s\nTests: 74 passed, 55 total\nPulling image: python:latest\nCache invalidated: dependencies\nnpm notice: created a lockfile\nStep 9/22: Testing\nUsing Node.js 15.8.7\n\u2713 All checks passed\nGenerating source maps...\nLoading...\nArtifact downloaded: 4MB\nnpm notice: created a lockfile\nWaiting...\n\u26a0 DEPRECATION: Feature will be removed in v2.0\nGET /api - 204 (35ms)\nFetching submodules...\nPushing to registry...\n\u26a0 DEPRECATION: Feature will be removed in v3.0\n\u2713 build completed\nUploading artifact 'build' (37 files)\nPushing to registry...\nTests: 278 passed, 205 total\nFetching submodules...\nStep 6/22: Linting\nConnection established\nUsing Python 3.12\nStep 13/24: Linting\nWARNING: lodash has known vulnerabilities\nBuilding Docker image...\nPushing to registry...\nSwitched to branch 'feature/task-915'\n[12:51:07] INFO: Cache refreshed\nGenerating source maps...\nCompiling lib/handler.rs...\nMinifying main.js\npip: Collecting webpack\nStep 7/20: Testing\nCompiling components/main.py...\nBundling runtime.js\nnpm install: added 427 packages\nInstalling express@1.5.0\n=== Step deploy_production completed ===\n=== Step: e2e_tests ===\nUploading artifact 'coverage' (39 files)\nStep 16/22: Linting\nCoverage: 77% statements, 81% branches\nBuilding Docker image...\nCache saved successfully\nCreating production build...\nReady.\n[12:51:07] INFO: Request completed\n[12:51:07] INFO: Processing request\n\u2713 Step 'setup' succeeded\nProcessing...\nUploading artifact 'coverage' (32 files)\nTest Suites: 11 passed, 29 total\npip: Downloading jest-3.16.tar.gz\nnpm notice: created a lockfile\nMinifying app.js\nPOST /api - 200 (348ms)\nFetching from https://githubusercontent.com/package.json\nnpm notice: package.json updated\nCompiling components/app.ts...\nyarn add: Done in 29.73s\nChecking out master branch\n[12:51:07] WARN: Deprecated API usage\nVerifying...\nCompiling src/service.java...\nPushing to registry...\nStep 17/25: Running migrations\n\u2713 Task completed in 2319ms\nStep 8/20: Running migrations\nChecking out master branch\nCache saved successfully\nCache restored successfully (499MB)\n[12:51:07] INFO: Processing request\n\u2713 All checks passed\nUsing Python 3.12\nPlatform: linux-x64\nnpm notice: package.json updated\nOptimizing 75 modules...\nStep 2/22: Building\n  PASS: e2e/test_db_connect.spec.js\nStep 12/23: Testing\nWARNING: jest has known vulnerabilities\n[12:51:07] DEBUG: Initializing service\n[12:51:07] WARN: Deprecated API usage\n[12:51:07] INFO: Processing request\nCoverage: 81% statements, 66% branches\n[12:51:07] INFO: Request completed\nEnvironment: development\nCreating production build...\n[12:51:07] WARN: Deprecated API usage\nPlatform: linux-x64\nOK\nUsing Node.js 14.6.7\nOptimizing 29 modules...\nCompiling lib/service.java...\nCompiling src/service.java...\npip: Collecting webpack\nCreating production build...\nImage pulled successfully\nnpm notice: created a lockfile\n\u26a0 DEPRECATION: Feature will be removed in v3.0\n[12:51:07] DEBUG: Connection pool: 9 active\n[12:51:07] INFO: Request completed\nStep 8/24: Running migrations\nGenerating source maps...\npip install: Successfully installed prettier-5.18\nBuilding Docker image...\nnpm notice: package.json updated\nTransforming 290 files...\nEnvironment: production\n  PASS: unit/test_cache_hit.spec.js\n[12:51:07] INFO: Request completed\nHEAD is now at 4469aae\nSwitched to branch 'hotfix/task-538'\nWARNING: eslint has known vulnerabilities\nHEAD is now at 2c29cf0\nStep 7/15: Building\nAlready up to date.\nProcessing...\nCache saved successfully\nSnapshots: 4 passed, 44 total\n\u2713 Task completed in 770ms\nTransforming 865 files...\nVerifying...\npip: Collecting lodash\nnpm install: resolved 1981 packages\nFetching submodules...\n[12:51:07] DEBUG: Query executed in 84ms\n[12:51:07] DEBUG: Loading configuration\nPlatform: darwin-arm64\nWARNING: express has known vulnerabilities\nTest Suites: 31 passed, 50 total\nUploading artifact 'build' (24 files)\nWaiting...\nTransforming 548 files...\n[12:51:07] INFO: Cache refreshed\nVerifying...\n[12:51:07] INFO: Request completed\nCompleted.\nStep 16/25: Deploying\nUsing Python 3.10\nPOST /api - 202 (347ms)\nWARNING: eslint has known vulnerabilities\n[12:51:07] DEBUG: Connection pool: 3 active\nGET /status - 200 (43ms)\nNODE_ENV=development\nEnvironment: production\n\u26a0 DEPRECATION: Feature will be removed in v5.0\n[12:51:07] DEBUG: Initializing service\nCache restored successfully (492MB)\nyarn add: Done in 10.91s\n\u2713 All checks passed\nUsing Python 3.11\n[12:51:07] WARN: Deprecated API usage\nStep 20/18: Installing dependencies\n[12:51:07] INFO: Cache refreshed\nGenerating source maps...\n  PASS: test_cache_hit (6ms)\nCreating production build...\n[12:51:07] WARN: Deprecated API usage\nBuilding Docker image...\nWARNING: jest has known vulnerabilities\nArtifact uploaded: build.tar.gz (21MB)\nSwitched to branch 'feature/task-743'\nFinished.\npip: Collecting jest\n[12:51:07] WARN: Deprecated API usage\n[12:51:07] INFO: Cache refreshed\nnpm notice: package.json updated\nProcessing...\nyarn add: Done in 22.7s\n[12:51:07] DEBUG: Query executed in 58ms\n[12:51:07] WARN: Deprecated API usage\nReady.\nFetching from https://github.com/package.json\nAlready up to date.\nTransforming 927 files...\n=== Step e2e_tests completed ===\n=== Step: checkout ===\nRan 170 tests in 34s\nFinished.\nSuccess!\nCreating production build...\nCompiling src/index.js...\nTests: 355 passed, 103 total\nUploading artifact 'dist' (30 files)\nWARNING: axios has known vulnerabilities\n[12:51:07] INFO: Processing request\nnpm notice: created a lockfile\npip: Collecting axios\nGET /api - 201 (74ms)\nCoverage: 78% statements, 69% branches\nFetching submodules...\npip: Installing build dependencies...\nCompiling components/index.js...\nCompleted.\npip: Collecting react\nTLS handshake completed\npip install: Successfully installed jest-5.2\nCompiling utils/index.js...\nProcessing...\nCache hit for key-3199\n\u2713 All checks passed\nCache hit for key-1207\nCompiling utils/app.ts...\n\u26a0 DEPRECATION: Feature will be removed in v5.0\nBuilding Docker image...\nArtifact downloaded: 1MB\nStep 6/25: Installing dependencies\nDone.\n[12:51:07] INFO: Cache refreshed\n  PASS: test_api_health (384ms)\nLoading...\nTransforming 338 files...\nCache miss for key-1429\nBundling styles.js\nUploading artifact 'build' (6 files)\nFAILED: test_db_connect\nHEAD is now at 8c18c90\nLoading...\nCache restored successfully (42MB)\nRan 121 tests in 38s\nDone.\nSnapshots: 11 passed, 38 total\nCompleted.\nStep 8/20: Linting\n[12:51:07] DEBUG: Loading configuration\nUploading artifact 'build' (43 files)\nHEAD is now at befa27d\nCompleted.\nStep 8/16: Linting\nUsing Python 3.9\nWARNING: express has known vulnerabilities\nConnection established\n\u26a0 DEPRECATION: Feature will be removed in v2.0\nStep 4/15: Deploying\n[12:51:07] DEBUG: Memory usage: 1607MB\nGET /status - 204 (64ms)\nTLS handshake completed\n[12:51:07] DEBUG: Loading configuration\nPushing to registry...\nCompiling utils/main.py...\n[12:51:07] DEBUG: Loading configuration\nSuccess!\nUploading artifact 'dist' (46 files)\nWARNING: webpack has known vulnerabilities\nGenerating source maps...\nCompiling components/service.java...\nVerifying...\nConnection established\nTests: 344 passed, 369 total\nStep 3/20: Deploying\nImage pulled successfully\nStep 19/22: Running migrations\n\u2713 All checks passed\nGET /status - 200 (82ms)\n[12:51:07] INFO: Cache refreshed\nTime: 113.247s\nLayer 7/10: COPY command\n[12:51:07] INFO: Processing request\nPushing to registry...\nnpm install: resolved 192 packages\nPOST /upload - 202 (481ms)\nStep 9/20: Building\npip: Collecting lodash\n[12:51:07] DEBUG: Query executed in 23ms\n[12:51:07] DEBUG: Query executed in 73ms\nNODE_ENV=test\nCompiling utils/service.java...\nCompiling lib/handler.rs...\npip: Collecting jest\n[12:51:07] ERROR: Connection failed\nCompleted.\npip install: Successfully installed jest-4.0\nCompiling src/service.java...\nSwitched to branch 'bugfix/task-368'\nSuccess!\n[12:51:07] INFO: Starting build process\nOptimizing 94 modules...\nCreating production build...\n\u2713 Task completed in 2699ms\nPOST /api - 201 (121ms)\nFinished.\n[12:51:07] DEBUG: Query executed in 79ms\nHEAD is now at fa7dd30\nUsing Node.js 17.19.8\nSwitched to branch 'feature/task-767'\nImage pulled successfully\n\u2713 test completed\nWARNING: react has known vulnerabilities\nCache saved successfully\n[12:51:07] DEBUG: Loading configuration\nTime: 99.95s\nStep 2/24: Testing\nFetching from https://pypi.org/package.json\nnpm notice: package.json updated\nChecking out develop branch\nnpm install: resolved 595 packages\nFinished.\n[12:51:07] INFO: Cache refreshed\nCache miss for key-5452\nLoading...\nArtifact uploaded: dist.zip (66MB)\nTLS handshake completed\nPOST /data - 200 (450ms)\nInstalling express@1.3.0\nCache restored successfully (255MB)\nPOST /upload - 200 (226ms)\nCoverage: 76% statements, 80% branches\nReady.\nPulling image: python:latest\nSuccess!\nFetching submodules...\nSnapshots: 36 passed, 45 total\nImage pulled successfully\n[12:51:07] INFO: Processing request\n=== Step checkout completed ===\n=== Step: setup_environment ===\nStep 15/17: Installing dependencies\n[12:51:07] ERROR: Connection failed\nCache saved successfully\n[12:51:07] WARN: Deprecated API usage\nCache miss for key-6720\npip: Collecting eslint\nCache miss for key-1753\n[12:51:07] DEBUG: Memory usage: 1732MB\nInstalling eslint@3.2.0\n[12:51:07] INFO: Starting build process\nProcessing...\n[12:51:07] WARN: Deprecated API usage\nOK\n\u2713 All checks passed\nException: NullPointerException\n[12:51:07] INFO: Processing request\nSuccess!\n  PASS: unit/test_db_connect.spec.js\nTests: 295 passed, 319 total\nPushing to registry...\n[12:51:07] DEBUG: Initializing service\nBundling main.css\nUploading artifact 'dist' (40 files)\n\u2713 Step 'install' succeeded\n\u2713 package completed\nyarn add: Done in 8.19s\nCache miss for key-7246\n  PASS: test_user_create (289ms)\nnpm notice: created a lockfile\nTransforming 252 files...\nSuccess!\nEnvironment: test\nPOST /api - 200 (109ms)\n\u2713 Task completed in 4870ms\nVerifying...\nMinifying vendor.js\nOK\npip: Collecting react\nFinished.\nnpm notice: created a lockfile\nFetching submodules...\n  PASS: test_db_connect (170ms)\n\u2717 build failed with exit code 38\n[12:51:07] DEBUG: Connection pool: 16 active\nEnvironment: staging\nCoverage: 91% statements, 84% branches\nPushing to registry...\nFetching submodules...\nCompiling src/main.py...\nFinished.\n  PASS: integration/test_auth_login.spec.js\nInstalling lodash@3.5.8\n[12:51:07] DEBUG: Loading configuration\nProcessing...\nRan 151 tests in 36s\npip: Downloading eslint-4.15.tar.gz\n[12:51:07] INFO: Cache refreshed\n[12:51:07] WARN: Deprecated API usage\nCompiling utils/index.js...\nCompiling src/app.ts...\nCompiling lib/index.js...\nPlatform: linux-x64\n  PASS: test_user_create (285ms)\npip: Installing build dependencies...\nFetching from https://pypi.org/package.json\nCompiling utils/service.java...\nHEAD is now at ac4901a\nSuccess!\npip: Downloading react-4.20.tar.gz\nNODE_ENV=test\nTLS handshake completed\nTLS handshake completed\n[12:51:07] DEBUG: Memory usage: 124MB\npip: Downloading webpack-3.12.tar.gz\n  PASS: integration/test_user_create.spec.js\n[12:51:07] INFO: Processing request\nProcessing...\nArtifact uploaded: dist.zip (99MB)\nSuccess!\n\u26a0 DEPRECATION: Feature will be removed in v2.0\nException: NullPointerException\nDone.\nSuccess!\n\u26a0 DEPRECATION: Feature will be removed in v2.0\n  PASS: e2e/test_user_create.spec.js\nTest Suites: 37 passed, 17 total\n\u26a0 DEPRECATION: Feature will be removed in v5.0\nImage pulled successfully\nPushing to registry...\npip: Downloading eslint-3.1.tar.gz\nException: TypeError\n[12:51:07] DEBUG: Memory usage: 1826MB\nStep 1/18: Deploying\nBundling styles.js\n[12:51:07] INFO: Cache refreshed\nMinifying app.js\nnpm install: added 25 packages\nSnapshots: 47 passed, 34 total\nLayer 10/10: RUN command\nCache restored successfully (189MB)\n\u2713 All checks passed\n[12:51:07] INFO: Processing request\nnpm notice: package.json updated\nnpm install: resolved 1356 packages\nEnvironment: production\nTest Suites: 17 passed, 27 total\nnpm install: added 436 packages\npip: Downloading express-2.15.tar.gz\n[12:51:07] INFO: Request completed\nLoading...\nOptimizing 82 modules...\nStep 10/25: Testing\nHEAD is now at e7ac3a5\nCompleted.\nArtifact downloaded: 21MB\npip: Installing build dependencies...\nStep 17/15: Linting\nCache invalidated: build\nArtifact downloaded: 20MB\nWARNING: express has known vulnerabilities\n\u2713 All checks passed\n\u26a0 DEPRECATION: Feature will be removed in v4.0\nCompiling utils/utils.go...\nCache miss for key-2326\nWARNING: eslint has known vulnerabilities\nTests: 162 passed, 375 total\n\u2713 All checks passed\nImage pulled successfully\n\u2713 Step 'checkout' succeeded\nArtifact uploaded: build.tar.gz (43MB)\nMinifying main.js\nCache miss for key-8670\nConnection established\nyarn add: Done in 28.31s\nGenerating source maps...\n\u2713 All checks passed\nBuilding Docker image...\n=== Step setup_environment completed ===\n=== Step: unit_tests ===\nBundling runtime.js\nTLS handshake completed\nFetching submodules...\nStep 19/16: Deploying\nFetching from https://amazonaws.com/package.json\nWARNING: react has known vulnerabilities\nCache restored successfully (158MB)\nWARNING: webpack has known vulnerabilities\nnpm install: added 451 packages\nArtifact uploaded: build.tar.gz (14MB)\nUsing Node.js 17.7.3\n[12:51:07] INFO: Starting build process\nGET /status - 200 (28ms)\nHEAD is now at 9e0c6f1\nPOST /data - 200 (134ms)\nLayer 1/9: ENV command\n\u2717 build failed with exit code 6\n[12:51:07] DEBUG: Connection pool: 17 active\nArtifact uploaded: build.tar.gz (11MB)\n[12:51:07] INFO: Connecting to database\n\u2717 build failed with exit code 124\nDone.\nPOST /api - 200 (259ms)\nCompleted.\nSnapshots: 42 passed, 41 total\nRan 100 tests in 13s\nInstalling react@3.1.3\nCache hit for key-8893\nStep 19/16: Testing\nReady.\nTime: 90.929s\nImage pulled successfully\nFetching from https://githubusercontent.com/package.json\nCreating production build...\nProcessing...\nSwitched to branch 'feature/task-692'\n[12:51:07] WARN: Deprecated API usage\nGET /api - 204 (61ms)\nWARNING: webpack has known vulnerabilities\n\u26a0 DEPRECATION: Feature will be removed in v4.0\nCache invalidated: node_modules\n\u26a0 DEPRECATION: Feature will be removed in v5.0\n[12:51:07] INFO: Processing request\n[12:51:07] WARN: Deprecated API usage\nStep 10/22: Testing\nStep 5/23: Running migrations\nStep 20/24: Linting\nChecking out main branch\n[12:51:07] INFO: Connecting to database\nNODE_ENV=development\nOptimizing 21 modules...\nPlatform: linux-x64\n[12:51:07] INFO: Connecting to database\n\u2713 Step 'build' succeeded\nMinifying main.js\n[12:51:07] INFO: Connecting to database\nHEAD is now at ebea4ba\nGET /health - 201 (92ms)\nFetching submodules...\n[12:51:07] INFO: Request completed\nPlatform: linux-x64\nStep 19/23: Building\nHEAD is now at a4def4b\nFinished.\n[12:51:07] DEBUG: Memory usage: 120MB\nSwitched to branch 'feature/task-260'\nBundling runtime.js\n[12:51:07] INFO: Cache refreshed\nLayer 8/10: ENV command\n  PASS: test_auth_login (295ms)\nFetching submodules...\n[12:51:07] INFO: Connecting to database\nOptimizing 20 modules...\n[12:51:07] WARN: Deprecated API usage\nFetching from https://npmjs.org/package.json\nPushing to registry...\npip: Collecting express\nArtifact uploaded: build.tar.gz (25MB)\nDone.\nWARNING: axios has known vulnerabilities\n  PASS: test_cache_hit (422ms)\nWARNING: express has known vulnerabilities\nPlatform: win32-x64\n\u2713 All checks passed\n\u2713 Step 'checkout' succeeded\nImage pulled successfully\nyarn add: Done in 4.61s\npip: Installing build dependencies...\nStep 16/22: Installing dependencies\nUploading artifact 'coverage' (47 files)\nCreating production build...\nUploading artifact 'coverage' (10 files)\npip: Collecting webpack\nStep 11/16: Testing\nFetching submodules...\nFetching from https://docker.io/package.json\npip: Collecting axios\nStep 19/15: Linting\nCompiling src/utils.go...\n\u2713 Task completed in 3803ms\npip: Collecting react\nOK\nnpm install: added 479 packages\nCache hit for key-5433\n[12:51:07] INFO: Connecting to database\nHEAD is now at 1b1e2a6\nnpm notice: package.json updated\nPlatform: darwin-arm64\nTransforming 216 files...\nFetching submodules...\nHEAD is now at 51527a4\nWARNING: axios has known vulnerabilities\n\u2713 Step 'setup' succeeded\nTests: 209 passed, 481 total\npip: Downloading webpack-1.19.tar.gz\nyarn add: Done in 7.82s\nArtifact uploaded: dist.zip (98MB)\nCompiling lib/handler.rs...\nOK\n[12:51:07] DEBUG: Loading configuration\nCompiling utils/index.js...\nTime: 37.682s\npip: Installing build dependencies...\nWaiting...\n\u26a0 DEPRECATION: Feature will be removed in v4.0\n\u2713 package completed\nPlatform: linux-x64\nCache saved successfully\n[12:51:07] INFO: Starting build process\nPlatform: linux-x64\n[12:51:07] DEBUG: Memory usage: 1405MB\nCache saved successfully\nUsing Python 3.12\nCache hit for key-2222\nMinifying main.js\nLayer 7/15: COPY command\nStep 14/20: Testing\n=== Step unit_tests completed ===\n=== Step: type_check ===\nHEAD is now at 76179d5\nSwitched to branch 'feature/task-652'\nArtifact uploaded: dist.zip (94MB)\nConnection established\npip: Collecting webpack\n[12:51:07] DEBUG: Memory usage: 204MB\nUploading artifact 'build' (24 files)\n[12:51:07] DEBUG: Query executed in 34ms\nDone.\nBuilding Docker image...\nOK\nTests: 124 passed, 276 total\nEnvironment: development\n[12:51:07] INFO: Request completed\n\u2713 Step 'build' succeeded\nStep 1/22: Linting\nRan 86 tests in 43s\nFinished.\nyarn add: Done in 5.20s\nUsing Python 3.9\n[12:51:07] INFO: Request completed\n[12:51:07] DEBUG: Initializing service\n[12:51:07] INFO: Request completed\nWaiting...\nnpm notice: package.json updated\nFinished.\nDone.\nnpm install: resolved 1058 packages\nVerifying...\nUploading artifact 'build' (31 files)\n[12:51:07] WARN: Deprecated API usage\n\u2713 Task completed in 2372ms\nAlready up to date.\n\u26a0 DEPRECATION: Feature will be removed in v3.0\nWaiting...\nCache saved successfully\nCompiling src/handler.rs...\nWaiting...\nWARNING: jest has known vulnerabilities\n\u2713 Task completed in 1028ms\n\u2713 Step 'install' succeeded\nTime: 57.553s\n[12:51:07] DEBUG: Initializing service\nRan 183 tests in 45s\nFetching submodules...\n[12:51:07] DEBUG: Memory usage: 1576MB\n\u2713 Task completed in 1209ms\n[12:51:07] INFO: Request completed\n[12:51:07] WARN: Deprecated API usage\nTest Suites: 36 passed, 14 total\nImage pulled successfully\nSnapshots: 6 passed, 32 total\nBundling runtime.css\nProcessing...\nFAILED: test_cache_hit\n\u2713 Step 'checkout' succeeded\nDone.\nVerifying...\n\u2713 All checks passed\nCompleted.\nRan 95 tests in 12s\nConnection established\nUsing Python 3.11\n[12:51:07] DEBUG: Query executed in 94ms\nSwitched to branch 'bugfix/task-820'\nConnection established\nStep 12/18: Linting\nStep 19/24: Building\nCache hit for key-5787\nSnapshots: 34 passed, 10 total\nnpm install: added 31 packages\nPOST /data - 200 (127ms)\nCache hit for key-8069\nBundling styles.js\n[12:51:07] INFO: Cache refreshed\nPOST /data - 202 (462ms)\nCache miss for key-7710\nTLS handshake completed\nOK\n[12:51:07] DEBUG: Memory usage: 1798MB\nFAILED: test_auth_login\npip install: Successfully installed jest-3.12\nPushing to registry...\n[12:51:07] DEBUG: Loading configuration\nSnapshots: 10 passed, 8 total\nGenerating source maps...\nMinifying app.js\nOK\n[12:51:07] WARN: Deprecated API usage\n\u26a0 DEPRECATION: Feature will be removed in v2.0\n[12:51:07] DEBUG: Initializing service\nLoading...\n[12:51:07] INFO: Connecting to database\nStep 13/20: Running migrations\nWARNING: prettier has known vulnerabilities\nArtifact downloaded: 14MB\nStep 20/25: Installing dependencies\nCompiling utils/handler.rs...\nStep 20/15: Running migrations\nFetching submodules...\n[12:51:07] INFO: Connecting to database\nProcessing...\nBuilding Docker image...\nLayer 4/10: RUN command\n\u26a0 DEPRECATION: Feature will be removed in v5.0\nSuccess!\nInstalling jest@5.7.5\nCompiling components/utils.go...\nSwitched to branch 'hotfix/task-207'\npip: Collecting eslint\nReady.\nBuilding Docker image...\n  PASS: e2e/test_user_create.spec.js\n\u26a0 DEPRECATION: Feature will be removed in v2.0\nHEAD is now at 10628d6\nInstalling lodash@3.14.7\nStep 13/23: Deploying\nnpm install: added 143 packages\nImage pulled successfully\nNODE_ENV=test\n[12:51:07] DEBUG: Memory usage: 1007MB\n  PASS: unit/test_db_connect.spec.js\npip install: Successfully installed prettier-2.0\n[12:51:07] INFO: Starting build process\nSwitched to branch 'feature/task-228'\nCache hit for key-7392\nTLS handshake completed\nLayer 10/8: RUN command\n[12:51:07] WARN: Deprecated API usage\nException: RuntimeError\nChecking out master branch\n\u26a0 DEPRECATION: Feature will be removed in v4.0\nTest Suites: 50 passed, 40 total\n[12:51:07] INFO: Processing request\npip: Collecting react\nStep 17/18: Running migrations\nStep 19/16: Linting\n=== Step type_check completed ===\n=== Step: install_dependencies ===\nVerifying...\npip install: Successfully installed jest-1.17\n[12:51:07] INFO: Connecting to database\n\u2713 All checks passed\nWaiting...\n\u2713 Step 'install' succeeded\n[12:51:07] DEBUG: Memory usage: 1146MB\n  PASS: test_cache_hit (51ms)\nPushing to registry...\nCreating production build...\nConnection established\nArtifact downloaded: 14MB\nArtifact downloaded: 21MB\nCache invalidated: build\nWARNING: express has known vulnerabilities\n\u26a0 DEPRECATION: Feature will be removed in v2.0\nTLS handshake completed\nnpm notice: created a lockfile\n\u2713 All checks passed\nOK\nCreating production build...\n\u2713 All checks passed\nPOST /api - 201 (176ms)\n[12:51:07] DEBUG: Initializing service\nNODE_ENV=production\nUsing Node.js 20.8.10\n[12:51:07] INFO: Cache refreshed\nTLS handshake completed\n\u2713 Task completed in 4053ms\nOK\nArtifact uploaded: build.tar.gz (19MB)\nPlatform: win32-x64\nWARNING: lodash has known vulnerabilities\nStep 15/25: Testing\nyarn add: Done in 15.70s\nException: RuntimeError\nInstalling express@1.10.0\nUsing Node.js 18.15.10\n[12:51:07] WARN: Deprecated API usage\n  PASS: integration/test_cache_hit.spec.js\nArtifact downloaded: 49MB\n[12:51:07] INFO: Cache refreshed\nCache hit for key-7521\n[12:51:07] DEBUG: Connection pool: 3 active\n[12:51:07] WARN: Deprecated API usage\nCompiling lib/handler.rs...\nCompiling lib/handler.rs...\npip: Downloading prettier-3.11.tar.gz\nCompiling lib/service.java...\nPOST /data - 200 (139ms)\nEnvironment: test\nFetching from https://gcr.io/package.json\nCompiling utils/app.ts...\npip: Installing build dependencies...\n[12:51:07] ERROR: Connection failed\nGET /status - 201 (44ms)\nUsing Node.js 18.7.2\n[12:51:07] WARN: Deprecated API usage\n\u26a0 DEPRECATION: Feature will be removed in v2.0\nReady.\npip: Installing build dependencies...\nRan 131 tests in 19s\n[12:51:07] INFO: Request completed\n[12:51:07] ERROR: Connection failed\nChecking out master branch\nLoading...\nFAILED: test_api_health\nEnvironment: test\nCompiling src/main.py...\nBuilding Docker image...\nUploading artifact 'dist' (23 files)\nFAILED: test_cache_hit\nMinifying main.js\nProcessing...\nTime: 39.462s\nHEAD is now at 2d26b31\nEnvironment: development\nVerifying...\nLayer 6/14: RUN command\n[12:51:07] WARN: Deprecated API usage\n[12:51:07] ERROR: Connection failed\nGET /health - 200 (23ms)\n  PASS: test_user_create (188ms)\n[12:51:07] DEBUG: Initializing service\nDone.\nBundling vendor.css\n\u2713 All checks passed\nEnvironment: development\npip: Installing build dependencies...\nnpm install: resolved 854 packages\nReady.\npip: Collecting axios\nLayer 2/15: RUN command\nTests: 320 passed, 401 total\nWaiting...\nHEAD is now at dd55c80\nConnection established\n[12:51:07] INFO: Processing request\n[12:51:07] INFO: Request completed\n\u2713 Task completed in 481ms\n\u2713 Step 'setup' succeeded\nFetching submodules...\n[12:51:07] INFO: Cache refreshed\nChecking out develop branch\nCompiling lib/app.ts...\nArtifact uploaded: build.tar.gz (42MB)\nUsing Python 3.10\nOK\n\u2713 Task completed in 4374ms\nUsing Node.js 14.3.0\nPulling image: alpine:latest\nPulling image: node:3.11\nConnection established\nCompleted.\nCache hit for key-9250\nOK\n[12:51:07] DEBUG: Loading configuration\nBuilding Docker image...\n[12:51:07] WARN: Deprecated API usage\n[12:51:07] DEBUG: Loading configuration\nUsing Python 3.12\nFetching from https://amazonaws.com/package.json\nStep 12/15: Installing dependencies\nAlready up to date.\nConnection established\nRan 90 tests in 7s\nPlatform: win32-x64\nFetching submodules...\nArtifact uploaded: build.tar.gz (42MB)\nCache miss for key-8455\npip: Collecting eslint\nGET /api - 201 (81ms)\nAlready up to date.\npip: Collecting webpack\nFetching submodules...\n[12:51:07] INFO: Starting build process\nFinished.\n=== Step install_dependencies completed ===\n=== Step: lint ===\n[12:51:07] DEBUG: Loading configuration\nUsing Python 3.11\npip: Downloading prettier-1.5.tar.gz\nStep 2/21: Installing dependencies\n\u2713 Step 'checkout' succeeded\nTime: 50.244s\nWARNING: react has known vulnerabilities\nSwitched to branch 'hotfix/task-552'\nLayer 3/9: ENV command\n[12:51:07] DEBUG: Memory usage: 1193MB\n\u26a0 DEPRECATION: Feature will be removed in v5.0\n\u2713 Step 'test' succeeded\nCompiling src/main.py...\n  PASS: test_auth_login (274ms)\nTLS handshake completed\nSuccess!\nArtifact downloaded: 5MB\nFAILED: test_api_health\nPOST /api - 201 (367ms)\nProcessing...\n[12:51:07] DEBUG: Query executed in 71ms\n[12:51:07] ERROR: Connection failed\nOK\nStep 20/15: Installing dependencies\nCompiling src/utils.go...\npip: Downloading jest-5.14.tar.gz\nUploading artifact 'coverage' (40 files)\nSwitched to branch 'bugfix/task-142'\n[12:51:07] DEBUG: Query executed in 21ms\nProcessing...\n\u26a0 DEPRECATION: Feature will be removed in v5.0\nMinifying vendor.js\nPlatform: darwin-arm64\nAlready up to date.\nAlready up to date.\nDone.\nWaiting...\nFetching from https://docker.io/package.json\n\u26a0 DEPRECATION: Feature will be removed in v3.0\nArtifact uploaded: dist.zip (45MB)\n  PASS: test_cache_hit (1ms)\nOptimizing 47 modules...\nSuccess!\n\u2713 package completed\nCache invalidated: node_modules\n[12:51:07] INFO: Cache refreshed\nRan 192 tests in 37s\n  PASS: unit/test_user_create.spec.js\nArtifact downloaded: 27MB\nUploading artifact 'dist' (27 files)\nConnection established\nStep 3/18: Running migrations\nGET /health - 200 (47ms)\nTLS handshake completed\nArtifact downloaded: 31MB\nRan 91 tests in 60s\nPulling image: python:18\nnpm notice: package.json updated\nFetching from https://github.com/package.json\nnpm install: added 275 packages\nStep 17/25: Installing dependencies\n[12:51:07] DEBUG: Initializing service\nTests: 68 passed, 118 total\n[12:51:07] INFO: Cache refreshed\n[12:51:07] DEBUG: Initializing service\nCompiling lib/service.java...\nProcessing...\nnpm notice: package.json updated\n  PASS: e2e/test_user_create.spec.js\nCompleted.\nArtifact uploaded: build.tar.gz (28MB)\nCache hit for key-7577\n[12:51:07] DEBUG: Connection pool: 15 active\n[12:51:07] DEBUG: Initializing service\nCreating production build...\n  PASS: unit/test_user_create.spec.js\n[12:51:07] INFO: Processing request\nPulling image: python:latest\nFetching submodules...\n[12:51:07] INFO: Cache refreshed\nWaiting...\nGenerating source maps...\nnpm install: added 213 packages\nnpm notice: created a lockfile\nStep 11/20: Running migrations\npip: Installing build dependencies...\nCompiling lib/index.js...\n\u26a0 DEPRECATION: Feature will be removed in v3.0\n[12:51:07] WARN: Deprecated API usage\nBuilding Docker image...\nOptimizing 75 modules...\nTransforming 234 files...\nHEAD is now at a01cbb6\n\u26a0 DEPRECATION: Feature will be removed in v3.0\nFinished.\nTest Suites: 32 passed, 42 total\nTLS handshake completed\nAlready up to date.\nnpm install: added 179 packages\nCoverage: 94% statements, 99% branches\nnpm install: resolved 1608 packages\nMinifying app.js\nArtifact downloaded: 24MB\nStep 7/22: Linting\n[12:51:07] ERROR: Connection failed\nImage pulled successfully\nnpm notice: package.json updated\n[12:51:07] INFO: Request completed\n\u2717 build failed with exit code 123\nVerifying...\nTime: 87.200s\npip: Downloading jest-5.15.tar.gz\nWARNING: react has known vulnerabilities\n[12:51:07] DEBUG: Memory usage: 740MB\nSnapshots: 24 passed, 31 total\nPOST /api - 202 (18ms)\npip: Downloading react-5.10.tar.gz\nWARNING: lodash has known vulnerabilities\n[12:51:07] INFO: Cache refreshed\nSnapshots: 0 passed, 31 total\nTLS handshake completed\nGET /health - 204 (17ms)\nSuccess!\n[12:51:07] DEBUG: Query executed in 43ms\n\u26a0 DEPRECATION: Feature will be removed in v4.0\n[12:51:07] DEBUG: Initializing service\nArtifact uploaded: dist.zip (37MB)\n  PASS: test_auth_login (455ms)\nSuccess!\nNODE_ENV=production\nHEAD is now at 374ab99\n[12:51:07] WARN: Deprecated API usage\n  PASS: integration/test_cache_hit.spec.js\n\u2717 build failed with exit code 8\nBundling runtime.js\nUsing Python 3.12\n\u2713 Task completed in 4855ms\n=== Step lint completed ===\n=== Step: integration_tests ===\nArtifact uploaded: build.tar.gz (36MB)\n\u2717 build failed with exit code 65\n\u2713 Step 'build' succeeded\nArtifact uploaded: build.tar.gz (15MB)\nArtifact downloaded: 32MB\nTest Suites: 11 passed, 30 total\nOK\n[12:51:07] DEBUG: Memory usage: 1806MB\npip: Installing build dependencies...\nGET /api - 204 (13ms)\nRan 23 tests in 2s\nStep 10/19: Linting\nBuilding Docker image...\nVerifying...\nCache invalidated: build\n\u2713 Step 'test' succeeded\nPushing to registry...\nReady.\nUsing Python 3.12\nMinifying vendor.js\nCache miss for key-9688\n[12:51:07] DEBUG: Loading configuration\nSuccess!\n[12:51:07] INFO: Cache refreshed\nArtifact uploaded: build.tar.gz (13MB)\nInstalling lodash@4.5.10\nPushing to registry...\nFetching from https://gcr.io/package.json\nTime: 52.542s\nWARNING: jest has known vulnerabilities\n[12:51:07] DEBUG: Initializing service\nCache miss for key-4600\nnpm install: resolved 937 packages\nStep 2/18: Testing\nImage pulled successfully\npip: Collecting react\nEnvironment: test\nCache restored successfully (44MB)\nCompiling lib/handler.rs...\nStep 5/17: Installing dependencies\n[12:51:07] DEBUG: Connection pool: 14 active\nCompiling src/service.java...\n[12:51:07] DEBUG: Memory usage: 716MB\nFAILED: test_cache_hit\nCache restored successfully (440MB)\npip: Downloading eslint-3.19.tar.gz\nUploading artifact 'dist' (27 files)\n\u2713 Task completed in 1811ms\n[12:51:07] DEBUG: Loading configuration\nBundling main.css\nCache saved successfully\nBuilding Docker image...\nCache hit for key-8158\nConnection established\nWaiting...\n[12:51:07] INFO: Starting build process\n[12:51:07] ERROR: Connection failed\n[12:51:07] ERROR: Connection failed\nPushing to registry...\nCoverage: 97% statements, 71% branches\nVerifying...\nCompleted.\nArtifact uploaded: build.tar.gz (44MB)\nCache restored successfully (106MB)\n\u2713 Task completed in 617ms\nReady.\nConnection established\nAlready up to date.\nStep 1/24: Deploying\nProcessing...\nTime: 24.450s\nnpm install: resolved 651 packages\nBundling styles.js\nSuccess!\n[12:51:07] DEBUG: Memory usage: 1803MB\nTransforming 282 files...\nnpm notice: created a lockfile\nnpm notice: created a lockfile\n\u2713 Task completed in 2880ms\nSwitched to branch 'hotfix/task-451'\npip: Installing build dependencies...\n[12:51:07] DEBUG: Connection pool: 17 active\npip: Downloading jest-3.2.tar.gz\n[12:51:07] WARN: Deprecated API usage\nLayer 5/10: RUN command\nRan 134 tests in 23s\nnpm install: resolved 388 packages\nCache restored successfully (396MB)\nMinifying main.js\nStep 15/24: Building\n\u26a0 DEPRECATION: Feature will be removed in v4.0\nSnapshots: 3 passed, 17 total\nDone.\nPlatform: win32-x64\nFAILED: test_user_create\n\u26a0 DEPRECATION: Feature will be removed in v3.0\nStep 10/25: Installing dependencies\nTLS handshake completed\nException: NullPointerException\nImage pulled successfully\nUsing Node.js 20.8.4\nGET /status - 201 (30ms)\n[12:51:07] DEBUG: Loading configuration\nnpm install: resolved 1476 packages\nCache invalidated: node_modules\nOK\nCache restored successfully (417MB)\nArtifact downloaded: 6MB\nPlatform: linux-x64\nPlatform: darwin-arm64\nnpm install: resolved 114 packages\nUsing Python 3.9\nTests: 474 passed, 477 total\nCompleted.\n[12:51:07] WARN: Deprecated API usage\n\u2713 Step 'build' succeeded\nGET /status - 204 (6ms)\nChecking out develop branch\nUploading artifact 'dist' (22 files)\n[12:51:07] INFO: Starting build process\nSnapshots: 25 passed, 14 total\nCompiling utils/utils.go...\nStep 20/15: Testing\nRan 13 tests in 4s\nRan 133 tests in 14s\nHEAD is now at 550c6fc\nCache restored successfully (226MB)\nAlready up to date.\nProcessing...\n[12:51:07] INFO: Starting build process\nCompleted.\nUsing Node.js 19.0.3\nnpm install: resolved 1373 packages\nCompiling utils/index.js...\nCreating production build...\nFetching from https://pypi.org/package.json\nPOST /api - 202 (289ms)\n=== Step integration_tests completed ===\n=== Step: save_cache ===\nCompleted.\nUsing Python 3.12\n  PASS: e2e/test_db_connect.spec.js\nChecking out master branch\nStep 6/17: Deploying\nCreating production build...\nImage pulled successfully\n\u2713 All checks passed\nTime: 78.659s\n[12:51:07] INFO: Request completed\nMinifying app.js\nStep 7/25: Building\nVerifying...\n\u2713 build completed\n[12:51:07] INFO: Processing request\nPulling image: node:3.11\nLayer 9/13: RUN command\nTransforming 992 files...\nCache miss for key-4940\nEnvironment: development\nnpm notice: created a lockfile\n[12:51:07] INFO: Request completed\n[12:51:07] DEBUG: Query executed in 61ms\n\u26a0 DEPRECATION: Feature will be removed in v3.0\nStep 15/24: Installing dependencies\npip: Collecting eslint\n[12:51:07] INFO: Connecting to database\npip install: Successfully installed jest-3.6\npip: Downloading jest-5.20.tar.gz\nMinifying main.js\nChecking out develop branch\nPushing to registry...\nTests: 267 passed, 425 total\nArtifact uploaded: dist.zip (1MB)\nVerifying...\nPulling image: node:latest\nLayer 4/8: RUN command\nUsing Python 3.12\n\u26a0 DEPRECATION: Feature will be removed in v2.0\nCompiling src/utils.go...\n[12:51:07] DEBUG: Initializing service\nnpm install: added 350 packages\nStep 15/15: Linting\nSwitched to branch 'hotfix/task-361'\n[12:51:07] DEBUG: Query executed in 43ms\nTLS handshake completed\nBuilding Docker image...\nStep 18/16: Building\nInstalling eslint@5.14.1\nPushing to registry...\nyarn add: Done in 13.99s\nCompiling src/service.java...\n  PASS: test_db_connect (7ms)\n[12:51:07] DEBUG: Connection pool: 4 active\nDone.\n\u26a0 DEPRECATION: Feature will be removed in v3.0\nSwitched to branch 'bugfix/task-870'\nCache invalidated: node_modules\n[12:51:07] DEBUG: Loading configuration\n[12:51:07] WARN: Deprecated API usage\n[12:51:07] INFO: Starting build process\nWARNING: webpack has known vulnerabilities\nMinifying main.js\n[12:51:07] INFO: Request completed\nCache miss for key-7232\nCreating production build...\npip install: Successfully installed eslint-2.2\n[12:51:07] WARN: Deprecated API usage\nDone.\nEnvironment: test\n[12:51:07] DEBUG: Connection pool: 7 active\nWARNING: express has known vulnerabilities\nPOST /api - 200 (338ms)\nHEAD is now at 0727068\nEnvironment: production\nAlready up to date.\nCoverage: 73% statements, 78% branches\n\u2713 Task completed in 2147ms\nDone.\nSwitched to branch 'feature/task-893'\nStep 20/24: Building\nReady.\nWaiting...\nCompiling utils/app.ts...\nOptimizing 73 modules...\nPlatform: linux-x64\nCache invalidated: node_modules\n[12:51:07] DEBUG: Connection pool: 3 active\nCache hit for key-2182\nEnvironment: test\nArtifact downloaded: 38MB\npip: Collecting lodash\n\u26a0 DEPRECATION: Feature will be removed in v3.0\nFetching submodules...\nChecking out master branch\nnpm install: resolved 1125 packages\nArtifact downloaded: 4MB\nVerifying...\nCompiling components/main.py...\n[12:51:07] DEBUG: Initializing service\nArtifact uploaded: dist.zip (73MB)\nCreating production build...\nFetching submodules...\nTLS handshake completed\n  PASS: integration/test_cache_hit.spec.js\n[12:51:07] DEBUG: Initializing service\nWARNING: react has known vulnerabilities\nPulling image: alpine:18\nArtifact downloaded: 17MB\n  PASS: test_auth_login (445ms)\nFetching submodules...\nCache invalidated: dependencies\nCompiling components/app.ts...\n\u26a0 DEPRECATION: Feature will be removed in v4.0\nException: ValueError\n  PASS: e2e/test_user_create.spec.js\n\u2713 Step 'setup' succeeded\nCache hit for key-4923\nCache miss for key-9477\nnpm notice: package.json updated\n[12:51:07] INFO: Processing request\nnpm notice: created a lockfile\nUsing Python 3.10\nTest Suites: 33 passed, 26 total\nReady.\n[12:51:07] INFO: Processing request\nnpm notice: package.json updated\nStep 10/20: Testing\n[12:51:07] INFO: Connecting to database\nTransforming 912 files...\nCompleted.\nEnvironment: production\nLoading...\n[12:51:07] INFO: Request completed\npip install: Successfully installed eslint-4.6\nGenerating source maps...\nTest Suites: 16 passed, 7 total\n=== Step save_cache completed ===\n=== Step: setup_node ===\nOptimizing 81 modules...\n\u2713 All checks passed\n\u2713 All checks passed\nTime: 2.409s\nMinifying main.js\nCompleted.\nnpm notice: package.json updated\nCompiling components/utils.go...\nHEAD is now at 69fd811\nnpm notice: created a lockfile\nCoverage: 72% statements, 86% branches\nyarn add: Done in 21.85s\n[12:51:07] WARN: Deprecated API usage\nSwitched to branch 'hotfix/task-874'\nStep 8/23: Linting\npip: Downloading lodash-2.14.tar.gz\nBundling runtime.js\nBuilding Docker image...\nVerifying...\nnpm install: added 83 packages\nCache invalidated: node_modules\n[12:51:07] INFO: Cache refreshed\nCache hit for key-1964\nCompleted.\nReady.\n\u2713 All checks passed\nOptimizing 83 modules...\nyarn add: Done in 17.83s\n\u2713 Task completed in 4281ms\n[12:51:07] DEBUG: Initializing service\nWARNING: axios has known vulnerabilities\n\u2713 Task completed in 1559ms\n[12:51:07] DEBUG: Connection pool: 9 active\nArtifact uploaded: build.tar.gz (39MB)\npip: Collecting lodash\nHEAD is now at 69c12ef\nBundling styles.css\n\u26a0 DEPRECATION: Feature will be removed in v3.0\nGET /api - 201 (57ms)\nInstalling jest@1.4.10\npip: Collecting webpack\n[12:51:07] WARN: Deprecated API usage\n  PASS: unit/test_user_create.spec.js\nProcessing...\nCache hit for key-7080\nNODE_ENV=production\nArtifact uploaded: dist.zip (16MB)\nFAILED: test_cache_hit\nCache restored successfully (472MB)\nBuilding Docker image...\n\u2713 Task completed in 2178ms\nGenerating source maps...\nUploading artifact 'build' (43 files)\nPushing to registry...\nFetching from https://githubusercontent.com/package.json\nSwitched to branch 'bugfix/task-126'\nStep 9/24: Installing dependencies\nUsing Node.js 18.3.9\nWARNING: eslint has known vulnerabilities\npip install: Successfully installed eslint-2.20\nPushing to registry...\nBundling main.js\nFetching from https://githubusercontent.com/package.json\n[12:51:07] DEBUG: Memory usage: 270MB\nPOST /upload - 202 (262ms)\nCompiling lib/main.py...\nArtifact uploaded: dist.zip (45MB)\n\u26a0 DEPRECATION: Feature will be removed in v2.0\n[12:51:07] WARN: Deprecated API usage\nUploading artifact 'dist' (8 files)\nGET /api - 201 (89ms)\nTests: 440 passed, 497 total\n\u26a0 DEPRECATION: Feature will be removed in v2.0\nCompiling components/service.java...\n\u2713 test completed\n[12:51:07] DEBUG: Connection pool: 10 active\nArtifact uploaded: dist.zip (15MB)\nBundling runtime.css\n[12:51:07] INFO: Request completed\n[12:51:07] INFO: Request completed\n\u2713 lint completed\n\u2713 Step 'test' succeeded\nCache miss for key-8891\nUsing Node.js 19.20.0\nOptimizing 75 modules...\npip: Installing build dependencies...\nReady.\nTest Suites: 45 passed, 42 total\nWaiting...\nPOST /api - 201 (174ms)\nTime: 47.469s\npip: Installing build dependencies...\n\u2713 Step 'checkout' succeeded\nnpm notice: package.json updated\n[12:51:07] DEBUG: Loading configuration\nWaiting...\nCache miss for key-9048\nLoading...\npip install: Successfully installed axios-3.9\n\u26a0 DEPRECATION: Feature will be removed in v5.0\nPulling image: python:latest\nCache miss for key-5681\nOptimizing 87 modules...\nCreating production build...\n\u2713 All checks passed\nCache restored successfully (426MB)\nStep 8/23: Installing dependencies\nBundling runtime.js\nStep 8/15: Building\nBuilding Docker image...\nCache saved successfully\nArtifact uploaded: build.tar.gz (5MB)\nSuccess!\nLayer 2/13: ENV command\nRan 158 tests in 9s\nStep 10/22: Testing\nSwitched to branch 'hotfix/task-728'\n[12:51:07] INFO: Starting build process\nyarn add: Done in 25.95s\n\u2713 All checks passed\n[12:51:07] DEBUG: Loading configuration\n\u2717 build failed with exit code 4\n[12:51:07] DEBUG: Loading configuration\n\u2713 lint completed\nCompiling utils/main.py...\n[12:51:07] INFO: Starting build process\nArtifact uploaded: build.tar.gz (32MB)\nCache saved successfully\n[12:51:07] DEBUG: Memory usage: 1447MB\nProcessing...\nBundling main.js\nReady.\nnpm notice: created a lockfile\nSuccess!\nTLS handshake completed\nFinished.\nStep 16/25: Installing dependencies\n=== Step setup_node completed ===",
    "steps": [
      {
        "name": "build",
        "status": "success",
        "started_at": "2025-12-11T12:51:07.670343",
        "finished_at": "2025-12-11T12:51:46.910613",
        "log_lines": [
          "=== Step: build ===",
          "Compiling utils/index.js...",
          "[12:51:07] INFO: Cache refreshed",
          "Finished.",
          "HEAD is now at 81adbb7",
          "Success!",
          "Artifact uploaded: build.tar.gz (20MB)",
          "npm notice: package.json updated",
          "Already up to date.",
          "FAILED: test_auth_login",
          "Environment: production",
          "Fetching from https://googleapis.com/package.json",
          "WARNING: webpack has known vulnerabilities",
          "Step 19/22: Installing dependencies",
          "\u26a0 DEPRECATION: Feature will be removed in v5.0",
          "WARNING: axios has known vulnerabilities",
          "pip: Downloading prettier-2.9.tar.gz",
          "[12:51:07] DEBUG: Initializing service",
          "  PASS: test_api_health (327ms)",
          "npm install: added 67 packages",
          "GET /health - 201 (34ms)",
          "Cache hit for key-1133",
          "GET /api - 200 (45ms)",
          "pip: Installing build dependencies...",
          "Already up to date.",
          "Building Docker image...",
          "Layer 6/14: RUN command",
          "Ran 189 tests in 54s",
          "Step 1/24: Testing",
          "Snapshots: 19 passed, 43 total",
          "Generating source maps...",
          "[12:51:07] WARN: Deprecated API usage",
          "Verifying...",
          "Step 9/20: Building",
          "Building Docker image...",
          "Uploading artifact 'build' (8 files)",
          "npm install: added 481 packages",
          "Cache invalidated: dependencies",
          "Completed.",
          "npm install: resolved 1129 packages",
          "pip: Downloading webpack-4.1.tar.gz",
          "Step 6/21: Deploying",
          "Environment: production",
          "Cache hit for key-2130",
          "[12:51:07] INFO: Processing request",
          "Step 10/22: Installing dependencies",
          "Step 12/21: Installing dependencies",
          "Step 8/24: Testing",
          "Using Python 3.10",
          "Compiling components/utils.go...",
          "Using Python 3.11",
          "Ready.",
          "Step 18/21: Running migrations",
          "Artifact uploaded: dist.zip (33MB)",
          "Cache invalidated: node_modules",
          "\u26a0 DEPRECATION: Feature will be removed in v4.0",
          "Cache restored successfully (340MB)",
          "Processing...",
          "[12:51:07] INFO: Request completed",
          "Step 14/18: Testing",
          "Using Node.js 19.17.10",
          "pip: Collecting eslint",
          "Step 6/25: Deploying",
          "WARNING: axios has known vulnerabilities",
          "Layer 8/12: COPY command",
          "\u2717 build failed with exit code 12",
          "Ready.",
          "[12:51:07] INFO: Connecting to database",
          "Ran 173 tests in 28s",
          "Optimizing 40 modules...",
          "npm install: added 308 packages",
          "Already up to date.",
          "Finished.",
          "Coverage: 76% statements, 70% branches",
          "\u2713 Task completed in 1432ms",
          "Environment: test",
          "WARNING: react has known vulnerabilities",
          "HEAD is now at 2158b96",
          "Verifying...",
          "\u26a0 DEPRECATION: Feature will be removed in v4.0",
          "\u26a0 DEPRECATION: Feature will be removed in v4.0",
          "[12:51:07] DEBUG: Query executed in 48ms",
          "\u26a0 DEPRECATION: Feature will be removed in v3.0",
          "Compiling utils/main.py...",
          "Compiling lib/index.js...",
          "Loading...",
          "[12:51:07] DEBUG: Memory usage: 565MB",
          "WARNING: jest has known vulnerabilities",
          "Building Docker image...",
          "Pushing to registry...",
          "Minifying vendor.js",
          "[12:51:07] INFO: Starting build process",
          "NODE_ENV=development",
          "Generating source maps...",
          "Coverage: 90% statements, 98% branches",
          "\u26a0 DEPRECATION: Feature will be removed in v5.0",
          "Step 17/22: Building",
          "pip: Installing build dependencies...",
          "[12:51:07] DEBUG: Initializing service",
          "Step 15/18: Deploying",
          "Time: 26.382s",
          "Image pulled successfully",
          "npm install: resolved 120 packages",
          "Bundling styles.css",
          "Cache hit for key-9307",
          "Time: 13.962s",
          "[12:51:07] INFO: Processing request",
          "Artifact uploaded: build.tar.gz (40MB)",
          "Verifying...",
          "Switched to branch 'feature/task-108'",
          "Connection established",
          "Tests: 490 passed, 261 total",
          "[12:51:07] DEBUG: Loading configuration",
          "Minifying main.js",
          "pip install: Successfully installed axios-3.13",
          "[12:51:07] DEBUG: Initializing service",
          "Ready.",
          "npm notice: package.json updated",
          "Pushing to registry...",
          "\u2717 build failed with exit code 80",
          "[12:51:07] WARN: Deprecated API usage",
          "[12:51:07] WARN: Deprecated API usage",
          "Artifact downloaded: 46MB",
          "Snapshots: 3 passed, 0 total",
          "Installing eslint@1.15.2",
          "Connection established",
          "\u2717 build failed with exit code 104",
          "\u26a0 DEPRECATION: Feature will be removed in v4.0",
          "Finished.",
          "[12:51:07] INFO: Processing request",
          "[12:51:07] INFO: Request completed",
          "Checking out master branch",
          "Time: 69.747s",
          "  PASS: unit/test_api_health.spec.js",
          "npm install: added 135 packages",
          "  PASS: e2e/test_user_create.spec.js",
          "Waiting...",
          "OK",
          "=== Step build completed ==="
        ]
      },
      {
        "name": "restore_cache",
        "status": "success",
        "started_at": "2025-12-11T12:51:46.910613",
        "finished_at": "2025-12-11T12:51:54.758667",
        "log_lines": [
          "=== Step: restore_cache ===",
          "POST /upload - 201 (282ms)",
          "Compiling lib/main.py...",
          "  PASS: e2e/test_api_health.spec.js",
          "Environment: development",
          "\u2713 Step 'install' succeeded",
          "Optimizing 76 modules...",
          "Switched to branch 'hotfix/task-121'",
          "[12:51:07] DEBUG: Initializing service",
          "pip: Collecting prettier",
          "[12:51:07] INFO: Cache refreshed",
          "\u2713 Step 'build' succeeded",
          "Compiling components/app.ts...",
          "[12:51:07] INFO: Cache refreshed",
          "TLS handshake completed",
          "pip install: Successfully installed express-3.1",
          "Generating source maps...",
          "Already up to date.",
          "  PASS: test_auth_login (107ms)",
          "Cache invalidated: build",
          "pip: Downloading axios-1.9.tar.gz",
          "Exception: TypeError",
          "\u2717 build failed with exit code 74",
          "Cache hit for key-6971",
          "[12:51:07] DEBUG: Initializing service",
          "Already up to date.",
          "\u2713 All checks passed",
          "Cache miss for key-3413",
          "Platform: win32-x64",
          "Artifact uploaded: dist.zip (34MB)",
          "Minifying vendor.js",
          "WARNING: jest has known vulnerabilities",
          "Coverage: 98% statements, 78% branches",
          "Coverage: 89% statements, 90% branches",
          "npm notice: created a lockfile",
          "POST /api - 200 (297ms)",
          "\u2713 Task completed in 4602ms",
          "FAILED: test_auth_login",
          "\u2713 build completed",
          "[12:51:07] ERROR: Connection failed",
          "Creating production build...",
          "Completed.",
          "  PASS: e2e/test_cache_hit.spec.js",
          "[12:51:07] INFO: Connecting to database",
          "NODE_ENV=production",
          "Coverage: 80% statements, 78% branches",
          "Tests: 293 passed, 247 total",
          "OK",
          "GET /status - 204 (22ms)",
          "Compiling src/utils.go...",
          "[12:51:07] WARN: Deprecated API usage",
          "Switched to branch 'bugfix/task-837'",
          "HEAD is now at 60dd259",
          "Environment: test",
          "Test Suites: 39 passed, 33 total",
          "Bundling main.js",
          "[12:51:07] DEBUG: Connection pool: 6 active",
          "Step 15/23: Linting",
          "Step 2/25: Building",
          "Building Docker image...",
          "NODE_ENV=production",
          "\u26a0 DEPRECATION: Feature will be removed in v3.0",
          "Bundling vendor.css",
          "Compiling utils/main.py...",
          "[12:51:07] WARN: Deprecated API usage",
          "Fetching submodules...",
          "Already up to date.",
          "[12:51:07] INFO: Connecting to database",
          "\u26a0 DEPRECATION: Feature will be removed in v4.0",
          "Cache restored successfully (320MB)",
          "Loading...",
          "Processing...",
          "Using Node.js 15.13.7",
          "Loading...",
          "Processing...",
          "Coverage: 92% statements, 61% branches",
          "Fetching submodules...",
          "FAILED: test_user_create",
          "Processing...",
          "Compiling utils/main.py...",
          "Success!",
          "Ready.",
          "Creating production build...",
          "Time: 3.810s",
          "Cache invalidated: node_modules",
          "\u2717 build failed with exit code 55",
          "Compiling lib/main.py...",
          "Cache restored successfully (418MB)",
          "Step 5/18: Testing",
          "  PASS: integration/test_db_connect.spec.js",
          "Minifying app.js",
          "Environment: development",
          "GET /status - 201 (98ms)",
          "Success!",
          "[12:51:07] INFO: Starting build process",
          "[12:51:07] INFO: Processing request",
          "\u2713 Task completed in 2495ms",
          "Completed.",
          "Switched to branch 'bugfix/task-875'",
          "Environment: production",
          "POST /data - 200 (336ms)",
          "Minifying vendor.js",
          "POST /upload - 202 (19ms)",
          "NODE_ENV=test",
          "POST /api - 201 (58ms)",
          "pip: Installing build dependencies...",
          "Creating production build...",
          "[12:51:07] ERROR: Connection failed",
          "Layer 10/13: COPY command",
          "FAILED: test_auth_login",
          "[12:51:07] INFO: Connecting to database",
          "npm install: added 154 packages",
          "[12:51:07] WARN: Deprecated API usage",
          "Coverage: 97% statements, 85% branches",
          "Minifying vendor.js",
          "Completed.",
          "Snapshots: 8 passed, 23 total",
          "[12:51:07] ERROR: Connection failed",
          "Artifact downloaded: 30MB",
          "[12:51:07] DEBUG: Memory usage: 1201MB",
          "Artifact uploaded: build.tar.gz (32MB)",
          "Cache miss for key-9804",
          "Minifying vendor.js",
          "Test Suites: 20 passed, 12 total",
          "pip: Collecting prettier",
          "pip install: Successfully installed webpack-1.6",
          "Building Docker image...",
          "Platform: darwin-arm64",
          "\u2713 Step 'install' succeeded",
          "Environment: staging",
          "Test Suites: 13 passed, 5 total",
          "Test Suites: 43 passed, 22 total",
          "[12:51:07] DEBUG: Query executed in 3ms",
          "Checking out main branch",
          "OK",
          "Switched to branch 'feature/task-470'",
          "\u2713 build completed",
          "Compiling lib/utils.go...",
          "=== Step restore_cache completed ==="
        ]
      },
      {
        "name": "deploy_production",
        "status": "success",
        "started_at": "2025-12-11T12:51:54.758667",
        "finished_at": "2025-12-11T12:51:59.990703",
        "log_lines": [
          "=== Step: deploy_production ===",
          "Artifact uploaded: build.tar.gz (44MB)",
          "[12:51:07] INFO: Connecting to database",
          "NODE_ENV=production",
          "Time: 42.231s",
          "Artifact uploaded: dist.zip (68MB)",
          "[12:51:07] INFO: Starting build process",
          "Finished.",
          "[12:51:07] DEBUG: Memory usage: 201MB",
          "[12:51:07] DEBUG: Query executed in 3ms",
          "Loading...",
          "Generating source maps...",
          "\u2713 build completed",
          "[12:51:07] INFO: Request completed",
          "Exception: NullPointerException",
          "Artifact uploaded: build.tar.gz (4MB)",
          "yarn add: Done in 21.4s",
          "\u2717 build failed with exit code 88",
          "Ready.",
          "[12:51:07] INFO: Cache refreshed",
          "npm install: added 344 packages",
          "Already up to date.",
          "Installing jest@3.16.1",
          "WARNING: lodash has known vulnerabilities",
          "Creating production build...",
          "Already up to date.",
          "Completed.",
          "Done.",
          "pip: Installing build dependencies...",
          "npm notice: created a lockfile",
          "pip: Collecting react",
          "[12:51:07] INFO: Connecting to database",
          "Done.",
          "Artifact uploaded: build.tar.gz (14MB)",
          "Already up to date.",
          "Compiling lib/utils.go...",
          "Generating source maps...",
          "Compiling src/index.js...",
          "Step 7/20: Testing",
          "[12:51:07] DEBUG: Initializing service",
          "Completed.",
          "Step 17/19: Linting",
          "[12:51:07] DEBUG: Loading configuration",
          "npm notice: created a lockfile",
          "[12:51:07] DEBUG: Initializing service",
          "WARNING: axios has known vulnerabilities",
          "[12:51:07] DEBUG: Initializing service",
          "Transforming 599 files...",
          "Loading...",
          "  PASS: test_auth_login (173ms)",
          "pip install: Successfully installed react-2.11",
          "[12:51:07] INFO: Cache refreshed",
          "[12:51:07] INFO: Connecting to database",
          "[12:51:07] INFO: Request completed",
          "GET /api - 204 (84ms)",
          "pip: Downloading express-1.3.tar.gz",
          "Step 5/20: Running migrations",
          "[12:51:07] DEBUG: Loading configuration",
          "HEAD is now at c196f44",
          "pip: Collecting jest",
          "pip install: Successfully installed lodash-2.5",
          "\u2713 All checks passed",
          "npm install: resolved 313 packages",
          "Coverage: 77% statements, 94% branches",
          "Fetching submodules...",
          "OK",
          "Step 17/18: Building",
          "Loading...",
          "Loading...",
          "npm install: added 357 packages",
          "npm install: resolved 152 packages",
          "FAILED: test_cache_hit",
          "Cache restored successfully (394MB)",
          "OK",
          "Ran 11 tests in 8s",
          "Platform: win32-x64",
          "Done.",
          "Artifact uploaded: dist.zip (23MB)",
          "Verifying...",
          "Verifying...",
          "[12:51:07] DEBUG: Query executed in 89ms",
          "  PASS: integration/test_user_create.spec.js",
          "\u26a0 DEPRECATION: Feature will be removed in v3.0",
          "Artifact uploaded: dist.zip (82MB)",
          "\u2713 Task completed in 1527ms",
          "[12:51:07] INFO: Starting build process",
          "npm install: added 209 packages",
          "Pushing to registry...",
          "Fetching submodules...",
          "Optimizing 62 modules...",
          "Pushing to registry...",
          "GET /api - 201 (47ms)",
          "[12:51:07] INFO: Cache refreshed",
          "Test Suites: 22 passed, 16 total",
          "HEAD is now at 4b79af4",
          "[12:51:07] INFO: Processing request",
          "Coverage: 79% statements, 64% branches",
          "yarn add: Done in 3.94s",
          "Tests: 74 passed, 55 total",
          "Pulling image: python:latest",
          "Cache invalidated: dependencies",
          "npm notice: created a lockfile",
          "Step 9/22: Testing",
          "Using Node.js 15.8.7",
          "\u2713 All checks passed",
          "Generating source maps...",
          "Loading...",
          "Artifact downloaded: 4MB",
          "npm notice: created a lockfile",
          "Waiting...",
          "\u26a0 DEPRECATION: Feature will be removed in v2.0",
          "GET /api - 204 (35ms)",
          "Fetching submodules...",
          "Pushing to registry...",
          "\u26a0 DEPRECATION: Feature will be removed in v3.0",
          "\u2713 build completed",
          "Uploading artifact 'build' (37 files)",
          "Pushing to registry...",
          "Tests: 278 passed, 205 total",
          "Fetching submodules...",
          "Step 6/22: Linting",
          "Connection established",
          "Using Python 3.12",
          "Step 13/24: Linting",
          "WARNING: lodash has known vulnerabilities",
          "Building Docker image...",
          "Pushing to registry...",
          "Switched to branch 'feature/task-915'",
          "[12:51:07] INFO: Cache refreshed",
          "Generating source maps...",
          "Compiling lib/handler.rs...",
          "Minifying main.js",
          "pip: Collecting webpack",
          "Step 7/20: Testing",
          "Compiling components/main.py...",
          "Bundling runtime.js",
          "npm install: added 427 packages",
          "Installing express@1.5.0",
          "=== Step deploy_production completed ==="
        ]
      },
      {
        "name": "e2e_tests",
        "status": "success",
        "started_at": "2025-12-11T12:51:59.990703",
        "finished_at": "2025-12-11T12:52:13.070793",
        "log_lines": [
          "=== Step: e2e_tests ===",
          "Uploading artifact 'coverage' (39 files)",
          "Step 16/22: Linting",
          "Coverage: 77% statements, 81% branches",
          "Building Docker image...",
          "Cache saved successfully",
          "Creating production build...",
          "Ready.",
          "[12:51:07] INFO: Request completed",
          "[12:51:07] INFO: Processing request",
          "\u2713 Step 'setup' succeeded",
          "Processing...",
          "Uploading artifact 'coverage' (32 files)",
          "Test Suites: 11 passed, 29 total",
          "pip: Downloading jest-3.16.tar.gz",
          "npm notice: created a lockfile",
          "Minifying app.js",
          "POST /api - 200 (348ms)",
          "Fetching from https://githubusercontent.com/package.json",
          "npm notice: package.json updated",
          "Compiling components/app.ts...",
          "yarn add: Done in 29.73s",
          "Checking out master branch",
          "[12:51:07] WARN: Deprecated API usage",
          "Verifying...",
          "Compiling src/service.java...",
          "Pushing to registry...",
          "Step 17/25: Running migrations",
          "\u2713 Task completed in 2319ms",
          "Step 8/20: Running migrations",
          "Checking out master branch",
          "Cache saved successfully",
          "Cache restored successfully (499MB)",
          "[12:51:07] INFO: Processing request",
          "\u2713 All checks passed",
          "Using Python 3.12",
          "Platform: linux-x64",
          "npm notice: package.json updated",
          "Optimizing 75 modules...",
          "Step 2/22: Building",
          "  PASS: e2e/test_db_connect.spec.js",
          "Step 12/23: Testing",
          "WARNING: jest has known vulnerabilities",
          "[12:51:07] DEBUG: Initializing service",
          "[12:51:07] WARN: Deprecated API usage",
          "[12:51:07] INFO: Processing request",
          "Coverage: 81% statements, 66% branches",
          "[12:51:07] INFO: Request completed",
          "Environment: development",
          "Creating production build...",
          "[12:51:07] WARN: Deprecated API usage",
          "Platform: linux-x64",
          "OK",
          "Using Node.js 14.6.7",
          "Optimizing 29 modules...",
          "Compiling lib/service.java...",
          "Compiling src/service.java...",
          "pip: Collecting webpack",
          "Creating production build...",
          "Image pulled successfully",
          "npm notice: created a lockfile",
          "\u26a0 DEPRECATION: Feature will be removed in v3.0",
          "[12:51:07] DEBUG: Connection pool: 9 active",
          "[12:51:07] INFO: Request completed",
          "Step 8/24: Running migrations",
          "Generating source maps...",
          "pip install: Successfully installed prettier-5.18",
          "Building Docker image...",
          "npm notice: package.json updated",
          "Transforming 290 files...",
          "Environment: production",
          "  PASS: unit/test_cache_hit.spec.js",
          "[12:51:07] INFO: Request completed",
          "HEAD is now at 4469aae",
          "Switched to branch 'hotfix/task-538'",
          "WARNING: eslint has known vulnerabilities",
          "HEAD is now at 2c29cf0",
          "Step 7/15: Building",
          "Already up to date.",
          "Processing...",
          "Cache saved successfully",
          "Snapshots: 4 passed, 44 total",
          "\u2713 Task completed in 770ms",
          "Transforming 865 files...",
          "Verifying...",
          "pip: Collecting lodash",
          "npm install: resolved 1981 packages",
          "Fetching submodules...",
          "[12:51:07] DEBUG: Query executed in 84ms",
          "[12:51:07] DEBUG: Loading configuration",
          "Platform: darwin-arm64",
          "WARNING: express has known vulnerabilities",
          "Test Suites: 31 passed, 50 total",
          "Uploading artifact 'build' (24 files)",
          "Waiting...",
          "Transforming 548 files...",
          "[12:51:07] INFO: Cache refreshed",
          "Verifying...",
          "[12:51:07] INFO: Request completed",
          "Completed.",
          "Step 16/25: Deploying",
          "Using Python 3.10",
          "POST /api - 202 (347ms)",
          "WARNING: eslint has known vulnerabilities",
          "[12:51:07] DEBUG: Connection pool: 3 active",
          "GET /status - 200 (43ms)",
          "NODE_ENV=development",
          "Environment: production",
          "\u26a0 DEPRECATION: Feature will be removed in v5.0",
          "[12:51:07] DEBUG: Initializing service",
          "Cache restored successfully (492MB)",
          "yarn add: Done in 10.91s",
          "\u2713 All checks passed",
          "Using Python 3.11",
          "[12:51:07] WARN: Deprecated API usage",
          "Step 20/18: Installing dependencies",
          "[12:51:07] INFO: Cache refreshed",
          "Generating source maps...",
          "  PASS: test_cache_hit (6ms)",
          "Creating production build...",
          "[12:51:07] WARN: Deprecated API usage",
          "Building Docker image...",
          "WARNING: jest has known vulnerabilities",
          "Artifact uploaded: build.tar.gz (21MB)",
          "Switched to branch 'feature/task-743'",
          "Finished.",
          "pip: Collecting jest",
          "[12:51:07] WARN: Deprecated API usage",
          "[12:51:07] INFO: Cache refreshed",
          "npm notice: package.json updated",
          "Processing...",
          "yarn add: Done in 22.7s",
          "[12:51:07] DEBUG: Query executed in 58ms",
          "[12:51:07] WARN: Deprecated API usage",
          "Ready.",
          "Fetching from https://github.com/package.json",
          "Already up to date.",
          "Transforming 927 files...",
          "=== Step e2e_tests completed ==="
        ]
      },
      {
        "name": "checkout",
        "status": "success",
        "started_at": "2025-12-11T12:52:13.070793",
        "finished_at": "2025-12-11T12:52:18.302829",
        "log_lines": [
          "=== Step: checkout ===",
          "Ran 170 tests in 34s",
          "Finished.",
          "Success!",
          "Creating production build...",
          "Compiling src/index.js...",
          "Tests: 355 passed, 103 total",
          "Uploading artifact 'dist' (30 files)",
          "WARNING: axios has known vulnerabilities",
          "[12:51:07] INFO: Processing request",
          "npm notice: created a lockfile",
          "pip: Collecting axios",
          "GET /api - 201 (74ms)",
          "Coverage: 78% statements, 69% branches",
          "Fetching submodules...",
          "pip: Installing build dependencies...",
          "Compiling components/index.js...",
          "Completed.",
          "pip: Collecting react",
          "TLS handshake completed",
          "pip install: Successfully installed jest-5.2",
          "Compiling utils/index.js...",
          "Processing...",
          "Cache hit for key-3199",
          "\u2713 All checks passed",
          "Cache hit for key-1207",
          "Compiling utils/app.ts...",
          "\u26a0 DEPRECATION: Feature will be removed in v5.0",
          "Building Docker image...",
          "Artifact downloaded: 1MB",
          "Step 6/25: Installing dependencies",
          "Done.",
          "[12:51:07] INFO: Cache refreshed",
          "  PASS: test_api_health (384ms)",
          "Loading...",
          "Transforming 338 files...",
          "Cache miss for key-1429",
          "Bundling styles.js",
          "Uploading artifact 'build' (6 files)",
          "FAILED: test_db_connect",
          "HEAD is now at 8c18c90",
          "Loading...",
          "Cache restored successfully (42MB)",
          "Ran 121 tests in 38s",
          "Done.",
          "Snapshots: 11 passed, 38 total",
          "Completed.",
          "Step 8/20: Linting",
          "[12:51:07] DEBUG: Loading configuration",
          "Uploading artifact 'build' (43 files)",
          "HEAD is now at befa27d",
          "Completed.",
          "Step 8/16: Linting",
          "Using Python 3.9",
          "WARNING: express has known vulnerabilities",
          "Connection established",
          "\u26a0 DEPRECATION: Feature will be removed in v2.0",
          "Step 4/15: Deploying",
          "[12:51:07] DEBUG: Memory usage: 1607MB",
          "GET /status - 204 (64ms)",
          "TLS handshake completed",
          "[12:51:07] DEBUG: Loading configuration",
          "Pushing to registry...",
          "Compiling utils/main.py...",
          "[12:51:07] DEBUG: Loading configuration",
          "Success!",
          "Uploading artifact 'dist' (46 files)",
          "WARNING: webpack has known vulnerabilities",
          "Generating source maps...",
          "Compiling components/service.java...",
          "Verifying...",
          "Connection established",
          "Tests: 344 passed, 369 total",
          "Step 3/20: Deploying",
          "Image pulled successfully",
          "Step 19/22: Running migrations",
          "\u2713 All checks passed",
          "GET /status - 200 (82ms)",
          "[12:51:07] INFO: Cache refreshed",
          "Time: 113.247s",
          "Layer 7/10: COPY command",
          "[12:51:07] INFO: Processing request",
          "Pushing to registry...",
          "npm install: resolved 192 packages",
          "POST /upload - 202 (481ms)",
          "Step 9/20: Building",
          "pip: Collecting lodash",
          "[12:51:07] DEBUG: Query executed in 23ms",
          "[12:51:07] DEBUG: Query executed in 73ms",
          "NODE_ENV=test",
          "Compiling utils/service.java...",
          "Compiling lib/handler.rs...",
          "pip: Collecting jest",
          "[12:51:07] ERROR: Connection failed",
          "Completed.",
          "pip install: Successfully installed jest-4.0",
          "Compiling src/service.java...",
          "Switched to branch 'bugfix/task-368'",
          "Success!",
          "[12:51:07] INFO: Starting build process",
          "Optimizing 94 modules...",
          "Creating production build...",
          "\u2713 Task completed in 2699ms",
          "POST /api - 201 (121ms)",
          "Finished.",
          "[12:51:07] DEBUG: Query executed in 79ms",
          "HEAD is now at fa7dd30",
          "Using Node.js 17.19.8",
          "Switched to branch 'feature/task-767'",
          "Image pulled successfully",
          "\u2713 test completed",
          "WARNING: react has known vulnerabilities",
          "Cache saved successfully",
          "[12:51:07] DEBUG: Loading configuration",
          "Time: 99.95s",
          "Step 2/24: Testing",
          "Fetching from https://pypi.org/package.json",
          "npm notice: package.json updated",
          "Checking out develop branch",
          "npm install: resolved 595 packages",
          "Finished.",
          "[12:51:07] INFO: Cache refreshed",
          "Cache miss for key-5452",
          "Loading...",
          "Artifact uploaded: dist.zip (66MB)",
          "TLS handshake completed",
          "POST /data - 200 (450ms)",
          "Installing express@1.3.0",
          "Cache restored successfully (255MB)",
          "POST /upload - 200 (226ms)",
          "Coverage: 76% statements, 80% branches",
          "Ready.",
          "Pulling image: python:latest",
          "Success!",
          "Fetching submodules...",
          "Snapshots: 36 passed, 45 total",
          "Image pulled successfully",
          "[12:51:07] INFO: Processing request",
          "=== Step checkout completed ==="
        ]
      },
      {
        "name": "setup_environment",
        "status": "success",
        "started_at": "2025-12-11T12:52:18.302829",
        "finished_at": "2025-12-11T12:52:31.382919",
        "log_lines": [
          "=== Step: setup_environment ===",
          "Step 15/17: Installing dependencies",
          "[12:51:07] ERROR: Connection failed",
          "Cache saved successfully",
          "[12:51:07] WARN: Deprecated API usage",
          "Cache miss for key-6720",
          "pip: Collecting eslint",
          "Cache miss for key-1753",
          "[12:51:07] DEBUG: Memory usage: 1732MB",
          "Installing eslint@3.2.0",
          "[12:51:07] INFO: Starting build process",
          "Processing...",
          "[12:51:07] WARN: Deprecated API usage",
          "OK",
          "\u2713 All checks passed",
          "Exception: NullPointerException",
          "[12:51:07] INFO: Processing request",
          "Success!",
          "  PASS: unit/test_db_connect.spec.js",
          "Tests: 295 passed, 319 total",
          "Pushing to registry...",
          "[12:51:07] DEBUG: Initializing service",
          "Bundling main.css",
          "Uploading artifact 'dist' (40 files)",
          "\u2713 Step 'install' succeeded",
          "\u2713 package completed",
          "yarn add: Done in 8.19s",
          "Cache miss for key-7246",
          "  PASS: test_user_create (289ms)",
          "npm notice: created a lockfile",
          "Transforming 252 files...",
          "Success!",
          "Environment: test",
          "POST /api - 200 (109ms)",
          "\u2713 Task completed in 4870ms",
          "Verifying...",
          "Minifying vendor.js",
          "OK",
          "pip: Collecting react",
          "Finished.",
          "npm notice: created a lockfile",
          "Fetching submodules...",
          "  PASS: test_db_connect (170ms)",
          "\u2717 build failed with exit code 38",
          "[12:51:07] DEBUG: Connection pool: 16 active",
          "Environment: staging",
          "Coverage: 91% statements, 84% branches",
          "Pushing to registry...",
          "Fetching submodules...",
          "Compiling src/main.py...",
          "Finished.",
          "  PASS: integration/test_auth_login.spec.js",
          "Installing lodash@3.5.8",
          "[12:51:07] DEBUG: Loading configuration",
          "Processing...",
          "Ran 151 tests in 36s",
          "pip: Downloading eslint-4.15.tar.gz",
          "[12:51:07] INFO: Cache refreshed",
          "[12:51:07] WARN: Deprecated API usage",
          "Compiling utils/index.js...",
          "Compiling src/app.ts...",
          "Compiling lib/index.js...",
          "Platform: linux-x64",
          "  PASS: test_user_create (285ms)",
          "pip: Installing build dependencies...",
          "Fetching from https://pypi.org/package.json",
          "Compiling utils/service.java...",
          "HEAD is now at ac4901a",
          "Success!",
          "pip: Downloading react-4.20.tar.gz",
          "NODE_ENV=test",
          "TLS handshake completed",
          "TLS handshake completed",
          "[12:51:07] DEBUG: Memory usage: 124MB",
          "pip: Downloading webpack-3.12.tar.gz",
          "  PASS: integration/test_user_create.spec.js",
          "[12:51:07] INFO: Processing request",
          "Processing...",
          "Artifact uploaded: dist.zip (99MB)",
          "Success!",
          "\u26a0 DEPRECATION: Feature will be removed in v2.0",
          "Exception: NullPointerException",
          "Done.",
          "Success!",
          "\u26a0 DEPRECATION: Feature will be removed in v2.0",
          "  PASS: e2e/test_user_create.spec.js",
          "Test Suites: 37 passed, 17 total",
          "\u26a0 DEPRECATION: Feature will be removed in v5.0",
          "Image pulled successfully",
          "Pushing to registry...",
          "pip: Downloading eslint-3.1.tar.gz",
          "Exception: TypeError",
          "[12:51:07] DEBUG: Memory usage: 1826MB",
          "Step 1/18: Deploying",
          "Bundling styles.js",
          "[12:51:07] INFO: Cache refreshed",
          "Minifying app.js",
          "npm install: added 25 packages",
          "Snapshots: 47 passed, 34 total",
          "Layer 10/10: RUN command",
          "Cache restored successfully (189MB)",
          "\u2713 All checks passed",
          "[12:51:07] INFO: Processing request",
          "npm notice: package.json updated",
          "npm install: resolved 1356 packages",
          "Environment: production",
          "Test Suites: 17 passed, 27 total",
          "npm install: added 436 packages",
          "pip: Downloading express-2.15.tar.gz",
          "[12:51:07] INFO: Request completed",
          "Loading...",
          "Optimizing 82 modules...",
          "Step 10/25: Testing",
          "HEAD is now at e7ac3a5",
          "Completed.",
          "Artifact downloaded: 21MB",
          "pip: Installing build dependencies...",
          "Step 17/15: Linting",
          "Cache invalidated: build",
          "Artifact downloaded: 20MB",
          "WARNING: express has known vulnerabilities",
          "\u2713 All checks passed",
          "\u26a0 DEPRECATION: Feature will be removed in v4.0",
          "Compiling utils/utils.go...",
          "Cache miss for key-2326",
          "WARNING: eslint has known vulnerabilities",
          "Tests: 162 passed, 375 total",
          "\u2713 All checks passed",
          "Image pulled successfully",
          "\u2713 Step 'checkout' succeeded",
          "Artifact uploaded: build.tar.gz (43MB)",
          "Minifying main.js",
          "Cache miss for key-8670",
          "Connection established",
          "yarn add: Done in 28.31s",
          "Generating source maps...",
          "\u2713 All checks passed",
          "Building Docker image...",
          "=== Step setup_environment completed ==="
        ]
      },
      {
        "name": "unit_tests",
        "status": "success",
        "started_at": "2025-12-11T12:52:31.382919",
        "finished_at": "2025-12-11T12:53:10.623189",
        "log_lines": [
          "=== Step: unit_tests ===",
          "Bundling runtime.js",
          "TLS handshake completed",
          "Fetching submodules...",
          "Step 19/16: Deploying",
          "Fetching from https://amazonaws.com/package.json",
          "WARNING: react has known vulnerabilities",
          "Cache restored successfully (158MB)",
          "WARNING: webpack has known vulnerabilities",
          "npm install: added 451 packages",
          "Artifact uploaded: build.tar.gz (14MB)",
          "Using Node.js 17.7.3",
          "[12:51:07] INFO: Starting build process",
          "GET /status - 200 (28ms)",
          "HEAD is now at 9e0c6f1",
          "POST /data - 200 (134ms)",
          "Layer 1/9: ENV command",
          "\u2717 build failed with exit code 6",
          "[12:51:07] DEBUG: Connection pool: 17 active",
          "Artifact uploaded: build.tar.gz (11MB)",
          "[12:51:07] INFO: Connecting to database",
          "\u2717 build failed with exit code 124",
          "Done.",
          "POST /api - 200 (259ms)",
          "Completed.",
          "Snapshots: 42 passed, 41 total",
          "Ran 100 tests in 13s",
          "Installing react@3.1.3",
          "Cache hit for key-8893",
          "Step 19/16: Testing",
          "Ready.",
          "Time: 90.929s",
          "Image pulled successfully",
          "Fetching from https://githubusercontent.com/package.json",
          "Creating production build...",
          "Processing...",
          "Switched to branch 'feature/task-692'",
          "[12:51:07] WARN: Deprecated API usage",
          "GET /api - 204 (61ms)",
          "WARNING: webpack has known vulnerabilities",
          "\u26a0 DEPRECATION: Feature will be removed in v4.0",
          "Cache invalidated: node_modules",
          "\u26a0 DEPRECATION: Feature will be removed in v5.0",
          "[12:51:07] INFO: Processing request",
          "[12:51:07] WARN: Deprecated API usage",
          "Step 10/22: Testing",
          "Step 5/23: Running migrations",
          "Step 20/24: Linting",
          "Checking out main branch",
          "[12:51:07] INFO: Connecting to database",
          "NODE_ENV=development",
          "Optimizing 21 modules...",
          "Platform: linux-x64",
          "[12:51:07] INFO: Connecting to database",
          "\u2713 Step 'build' succeeded",
          "Minifying main.js",
          "[12:51:07] INFO: Connecting to database",
          "HEAD is now at ebea4ba",
          "GET /health - 201 (92ms)",
          "Fetching submodules...",
          "[12:51:07] INFO: Request completed",
          "Platform: linux-x64",
          "Step 19/23: Building",
          "HEAD is now at a4def4b",
          "Finished.",
          "[12:51:07] DEBUG: Memory usage: 120MB",
          "Switched to branch 'feature/task-260'",
          "Bundling runtime.js",
          "[12:51:07] INFO: Cache refreshed",
          "Layer 8/10: ENV command",
          "  PASS: test_auth_login (295ms)",
          "Fetching submodules...",
          "[12:51:07] INFO: Connecting to database",
          "Optimizing 20 modules...",
          "[12:51:07] WARN: Deprecated API usage",
          "Fetching from https://npmjs.org/package.json",
          "Pushing to registry...",
          "pip: Collecting express",
          "Artifact uploaded: build.tar.gz (25MB)",
          "Done.",
          "WARNING: axios has known vulnerabilities",
          "  PASS: test_cache_hit (422ms)",
          "WARNING: express has known vulnerabilities",
          "Platform: win32-x64",
          "\u2713 All checks passed",
          "\u2713 Step 'checkout' succeeded",
          "Image pulled successfully",
          "yarn add: Done in 4.61s",
          "pip: Installing build dependencies...",
          "Step 16/22: Installing dependencies",
          "Uploading artifact 'coverage' (47 files)",
          "Creating production build...",
          "Uploading artifact 'coverage' (10 files)",
          "pip: Collecting webpack",
          "Step 11/16: Testing",
          "Fetching submodules...",
          "Fetching from https://docker.io/package.json",
          "pip: Collecting axios",
          "Step 19/15: Linting",
          "Compiling src/utils.go...",
          "\u2713 Task completed in 3803ms",
          "pip: Collecting react",
          "OK",
          "npm install: added 479 packages",
          "Cache hit for key-5433",
          "[12:51:07] INFO: Connecting to database",
          "HEAD is now at 1b1e2a6",
          "npm notice: package.json updated",
          "Platform: darwin-arm64",
          "Transforming 216 files...",
          "Fetching submodules...",
          "HEAD is now at 51527a4",
          "WARNING: axios has known vulnerabilities",
          "\u2713 Step 'setup' succeeded",
          "Tests: 209 passed, 481 total",
          "pip: Downloading webpack-1.19.tar.gz",
          "yarn add: Done in 7.82s",
          "Artifact uploaded: dist.zip (98MB)",
          "Compiling lib/handler.rs...",
          "OK",
          "[12:51:07] DEBUG: Loading configuration",
          "Compiling utils/index.js...",
          "Time: 37.682s",
          "pip: Installing build dependencies...",
          "Waiting...",
          "\u26a0 DEPRECATION: Feature will be removed in v4.0",
          "\u2713 package completed",
          "Platform: linux-x64",
          "Cache saved successfully",
          "[12:51:07] INFO: Starting build process",
          "Platform: linux-x64",
          "[12:51:07] DEBUG: Memory usage: 1405MB",
          "Cache saved successfully",
          "Using Python 3.12",
          "Cache hit for key-2222",
          "Minifying main.js",
          "Layer 7/15: COPY command",
          "Step 14/20: Testing",
          "=== Step unit_tests completed ==="
        ]
      },
      {
        "name": "type_check",
        "status": "success",
        "started_at": "2025-12-11T12:53:10.623189",
        "finished_at": "2025-12-11T12:53:23.703279",
        "log_lines": [
          "=== Step: type_check ===",
          "HEAD is now at 76179d5",
          "Switched to branch 'feature/task-652'",
          "Artifact uploaded: dist.zip (94MB)",
          "Connection established",
          "pip: Collecting webpack",
          "[12:51:07] DEBUG: Memory usage: 204MB",
          "Uploading artifact 'build' (24 files)",
          "[12:51:07] DEBUG: Query executed in 34ms",
          "Done.",
          "Building Docker image...",
          "OK",
          "Tests: 124 passed, 276 total",
          "Environment: development",
          "[12:51:07] INFO: Request completed",
          "\u2713 Step 'build' succeeded",
          "Step 1/22: Linting",
          "Ran 86 tests in 43s",
          "Finished.",
          "yarn add: Done in 5.20s",
          "Using Python 3.9",
          "[12:51:07] INFO: Request completed",
          "[12:51:07] DEBUG: Initializing service",
          "[12:51:07] INFO: Request completed",
          "Waiting...",
          "npm notice: package.json updated",
          "Finished.",
          "Done.",
          "npm install: resolved 1058 packages",
          "Verifying...",
          "Uploading artifact 'build' (31 files)",
          "[12:51:07] WARN: Deprecated API usage",
          "\u2713 Task completed in 2372ms",
          "Already up to date.",
          "\u26a0 DEPRECATION: Feature will be removed in v3.0",
          "Waiting...",
          "Cache saved successfully",
          "Compiling src/handler.rs...",
          "Waiting...",
          "WARNING: jest has known vulnerabilities",
          "\u2713 Task completed in 1028ms",
          "\u2713 Step 'install' succeeded",
          "Time: 57.553s",
          "[12:51:07] DEBUG: Initializing service",
          "Ran 183 tests in 45s",
          "Fetching submodules...",
          "[12:51:07] DEBUG: Memory usage: 1576MB",
          "\u2713 Task completed in 1209ms",
          "[12:51:07] INFO: Request completed",
          "[12:51:07] WARN: Deprecated API usage",
          "Test Suites: 36 passed, 14 total",
          "Image pulled successfully",
          "Snapshots: 6 passed, 32 total",
          "Bundling runtime.css",
          "Processing...",
          "FAILED: test_cache_hit",
          "\u2713 Step 'checkout' succeeded",
          "Done.",
          "Verifying...",
          "\u2713 All checks passed",
          "Completed.",
          "Ran 95 tests in 12s",
          "Connection established",
          "Using Python 3.11",
          "[12:51:07] DEBUG: Query executed in 94ms",
          "Switched to branch 'bugfix/task-820'",
          "Connection established",
          "Step 12/18: Linting",
          "Step 19/24: Building",
          "Cache hit for key-5787",
          "Snapshots: 34 passed, 10 total",
          "npm install: added 31 packages",
          "POST /data - 200 (127ms)",
          "Cache hit for key-8069",
          "Bundling styles.js",
          "[12:51:07] INFO: Cache refreshed",
          "POST /data - 202 (462ms)",
          "Cache miss for key-7710",
          "TLS handshake completed",
          "OK",
          "[12:51:07] DEBUG: Memory usage: 1798MB",
          "FAILED: test_auth_login",
          "pip install: Successfully installed jest-3.12",
          "Pushing to registry...",
          "[12:51:07] DEBUG: Loading configuration",
          "Snapshots: 10 passed, 8 total",
          "Generating source maps...",
          "Minifying app.js",
          "OK",
          "[12:51:07] WARN: Deprecated API usage",
          "\u26a0 DEPRECATION: Feature will be removed in v2.0",
          "[12:51:07] DEBUG: Initializing service",
          "Loading...",
          "[12:51:07] INFO: Connecting to database",
          "Step 13/20: Running migrations",
          "WARNING: prettier has known vulnerabilities",
          "Artifact downloaded: 14MB",
          "Step 20/25: Installing dependencies",
          "Compiling utils/handler.rs...",
          "Step 20/15: Running migrations",
          "Fetching submodules...",
          "[12:51:07] INFO: Connecting to database",
          "Processing...",
          "Building Docker image...",
          "Layer 4/10: RUN command",
          "\u26a0 DEPRECATION: Feature will be removed in v5.0",
          "Success!",
          "Installing jest@5.7.5",
          "Compiling components/utils.go...",
          "Switched to branch 'hotfix/task-207'",
          "pip: Collecting eslint",
          "Ready.",
          "Building Docker image...",
          "  PASS: e2e/test_user_create.spec.js",
          "\u26a0 DEPRECATION: Feature will be removed in v2.0",
          "HEAD is now at 10628d6",
          "Installing lodash@3.14.7",
          "Step 13/23: Deploying",
          "npm install: added 143 packages",
          "Image pulled successfully",
          "NODE_ENV=test",
          "[12:51:07] DEBUG: Memory usage: 1007MB",
          "  PASS: unit/test_db_connect.spec.js",
          "pip install: Successfully installed prettier-2.0",
          "[12:51:07] INFO: Starting build process",
          "Switched to branch 'feature/task-228'",
          "Cache hit for key-7392",
          "TLS handshake completed",
          "Layer 10/8: RUN command",
          "[12:51:07] WARN: Deprecated API usage",
          "Exception: RuntimeError",
          "Checking out master branch",
          "\u26a0 DEPRECATION: Feature will be removed in v4.0",
          "Test Suites: 50 passed, 40 total",
          "[12:51:07] INFO: Processing request",
          "pip: Collecting react",
          "Step 17/18: Running migrations",
          "Step 19/16: Linting",
          "=== Step type_check completed ==="
        ]
      },
      {
        "name": "install_dependencies",
        "status": "success",
        "started_at": "2025-12-11T12:53:23.703279",
        "finished_at": "2025-12-11T12:54:02.943549",
        "log_lines": [
          "=== Step: install_dependencies ===",
          "Verifying...",
          "pip install: Successfully installed jest-1.17",
          "[12:51:07] INFO: Connecting to database",
          "\u2713 All checks passed",
          "Waiting...",
          "\u2713 Step 'install' succeeded",
          "[12:51:07] DEBUG: Memory usage: 1146MB",
          "  PASS: test_cache_hit (51ms)",
          "Pushing to registry...",
          "Creating production build...",
          "Connection established",
          "Artifact downloaded: 14MB",
          "Artifact downloaded: 21MB",
          "Cache invalidated: build",
          "WARNING: express has known vulnerabilities",
          "\u26a0 DEPRECATION: Feature will be removed in v2.0",
          "TLS handshake completed",
          "npm notice: created a lockfile",
          "\u2713 All checks passed",
          "OK",
          "Creating production build...",
          "\u2713 All checks passed",
          "POST /api - 201 (176ms)",
          "[12:51:07] DEBUG: Initializing service",
          "NODE_ENV=production",
          "Using Node.js 20.8.10",
          "[12:51:07] INFO: Cache refreshed",
          "TLS handshake completed",
          "\u2713 Task completed in 4053ms",
          "OK",
          "Artifact uploaded: build.tar.gz (19MB)",
          "Platform: win32-x64",
          "WARNING: lodash has known vulnerabilities",
          "Step 15/25: Testing",
          "yarn add: Done in 15.70s",
          "Exception: RuntimeError",
          "Installing express@1.10.0",
          "Using Node.js 18.15.10",
          "[12:51:07] WARN: Deprecated API usage",
          "  PASS: integration/test_cache_hit.spec.js",
          "Artifact downloaded: 49MB",
          "[12:51:07] INFO: Cache refreshed",
          "Cache hit for key-7521",
          "[12:51:07] DEBUG: Connection pool: 3 active",
          "[12:51:07] WARN: Deprecated API usage",
          "Compiling lib/handler.rs...",
          "Compiling lib/handler.rs...",
          "pip: Downloading prettier-3.11.tar.gz",
          "Compiling lib/service.java...",
          "POST /data - 200 (139ms)",
          "Environment: test",
          "Fetching from https://gcr.io/package.json",
          "Compiling utils/app.ts...",
          "pip: Installing build dependencies...",
          "[12:51:07] ERROR: Connection failed",
          "GET /status - 201 (44ms)",
          "Using Node.js 18.7.2",
          "[12:51:07] WARN: Deprecated API usage",
          "\u26a0 DEPRECATION: Feature will be removed in v2.0",
          "Ready.",
          "pip: Installing build dependencies...",
          "Ran 131 tests in 19s",
          "[12:51:07] INFO: Request completed",
          "[12:51:07] ERROR: Connection failed",
          "Checking out master branch",
          "Loading...",
          "FAILED: test_api_health",
          "Environment: test",
          "Compiling src/main.py...",
          "Building Docker image...",
          "Uploading artifact 'dist' (23 files)",
          "FAILED: test_cache_hit",
          "Minifying main.js",
          "Processing...",
          "Time: 39.462s",
          "HEAD is now at 2d26b31",
          "Environment: development",
          "Verifying...",
          "Layer 6/14: RUN command",
          "[12:51:07] WARN: Deprecated API usage",
          "[12:51:07] ERROR: Connection failed",
          "GET /health - 200 (23ms)",
          "  PASS: test_user_create (188ms)",
          "[12:51:07] DEBUG: Initializing service",
          "Done.",
          "Bundling vendor.css",
          "\u2713 All checks passed",
          "Environment: development",
          "pip: Installing build dependencies...",
          "npm install: resolved 854 packages",
          "Ready.",
          "pip: Collecting axios",
          "Layer 2/15: RUN command",
          "Tests: 320 passed, 401 total",
          "Waiting...",
          "HEAD is now at dd55c80",
          "Connection established",
          "[12:51:07] INFO: Processing request",
          "[12:51:07] INFO: Request completed",
          "\u2713 Task completed in 481ms",
          "\u2713 Step 'setup' succeeded",
          "Fetching submodules...",
          "[12:51:07] INFO: Cache refreshed",
          "Checking out develop branch",
          "Compiling lib/app.ts...",
          "Artifact uploaded: build.tar.gz (42MB)",
          "Using Python 3.10",
          "OK",
          "\u2713 Task completed in 4374ms",
          "Using Node.js 14.3.0",
          "Pulling image: alpine:latest",
          "Pulling image: node:3.11",
          "Connection established",
          "Completed.",
          "Cache hit for key-9250",
          "OK",
          "[12:51:07] DEBUG: Loading configuration",
          "Building Docker image...",
          "[12:51:07] WARN: Deprecated API usage",
          "[12:51:07] DEBUG: Loading configuration",
          "Using Python 3.12",
          "Fetching from https://amazonaws.com/package.json",
          "Step 12/15: Installing dependencies",
          "Already up to date.",
          "Connection established",
          "Ran 90 tests in 7s",
          "Platform: win32-x64",
          "Fetching submodules...",
          "Artifact uploaded: build.tar.gz (42MB)",
          "Cache miss for key-8455",
          "pip: Collecting eslint",
          "GET /api - 201 (81ms)",
          "Already up to date.",
          "pip: Collecting webpack",
          "Fetching submodules...",
          "[12:51:07] INFO: Starting build process",
          "Finished.",
          "=== Step install_dependencies completed ==="
        ]
      },
      {
        "name": "lint",
        "status": "success",
        "started_at": "2025-12-11T12:54:02.943549",
        "finished_at": "2025-12-11T12:54:16.023639",
        "log_lines": [
          "=== Step: lint ===",
          "[12:51:07] DEBUG: Loading configuration",
          "Using Python 3.11",
          "pip: Downloading prettier-1.5.tar.gz",
          "Step 2/21: Installing dependencies",
          "\u2713 Step 'checkout' succeeded",
          "Time: 50.244s",
          "WARNING: react has known vulnerabilities",
          "Switched to branch 'hotfix/task-552'",
          "Layer 3/9: ENV command",
          "[12:51:07] DEBUG: Memory usage: 1193MB",
          "\u26a0 DEPRECATION: Feature will be removed in v5.0",
          "\u2713 Step 'test' succeeded",
          "Compiling src/main.py...",
          "  PASS: test_auth_login (274ms)",
          "TLS handshake completed",
          "Success!",
          "Artifact downloaded: 5MB",
          "FAILED: test_api_health",
          "POST /api - 201 (367ms)",
          "Processing...",
          "[12:51:07] DEBUG: Query executed in 71ms",
          "[12:51:07] ERROR: Connection failed",
          "OK",
          "Step 20/15: Installing dependencies",
          "Compiling src/utils.go...",
          "pip: Downloading jest-5.14.tar.gz",
          "Uploading artifact 'coverage' (40 files)",
          "Switched to branch 'bugfix/task-142'",
          "[12:51:07] DEBUG: Query executed in 21ms",
          "Processing...",
          "\u26a0 DEPRECATION: Feature will be removed in v5.0",
          "Minifying vendor.js",
          "Platform: darwin-arm64",
          "Already up to date.",
          "Already up to date.",
          "Done.",
          "Waiting...",
          "Fetching from https://docker.io/package.json",
          "\u26a0 DEPRECATION: Feature will be removed in v3.0",
          "Artifact uploaded: dist.zip (45MB)",
          "  PASS: test_cache_hit (1ms)",
          "Optimizing 47 modules...",
          "Success!",
          "\u2713 package completed",
          "Cache invalidated: node_modules",
          "[12:51:07] INFO: Cache refreshed",
          "Ran 192 tests in 37s",
          "  PASS: unit/test_user_create.spec.js",
          "Artifact downloaded: 27MB",
          "Uploading artifact 'dist' (27 files)",
          "Connection established",
          "Step 3/18: Running migrations",
          "GET /health - 200 (47ms)",
          "TLS handshake completed",
          "Artifact downloaded: 31MB",
          "Ran 91 tests in 60s",
          "Pulling image: python:18",
          "npm notice: package.json updated",
          "Fetching from https://github.com/package.json",
          "npm install: added 275 packages",
          "Step 17/25: Installing dependencies",
          "[12:51:07] DEBUG: Initializing service",
          "Tests: 68 passed, 118 total",
          "[12:51:07] INFO: Cache refreshed",
          "[12:51:07] DEBUG: Initializing service",
          "Compiling lib/service.java...",
          "Processing...",
          "npm notice: package.json updated",
          "  PASS: e2e/test_user_create.spec.js",
          "Completed.",
          "Artifact uploaded: build.tar.gz (28MB)",
          "Cache hit for key-7577",
          "[12:51:07] DEBUG: Connection pool: 15 active",
          "[12:51:07] DEBUG: Initializing service",
          "Creating production build...",
          "  PASS: unit/test_user_create.spec.js",
          "[12:51:07] INFO: Processing request",
          "Pulling image: python:latest",
          "Fetching submodules...",
          "[12:51:07] INFO: Cache refreshed",
          "Waiting...",
          "Generating source maps...",
          "npm install: added 213 packages",
          "npm notice: created a lockfile",
          "Step 11/20: Running migrations",
          "pip: Installing build dependencies...",
          "Compiling lib/index.js...",
          "\u26a0 DEPRECATION: Feature will be removed in v3.0",
          "[12:51:07] WARN: Deprecated API usage",
          "Building Docker image...",
          "Optimizing 75 modules...",
          "Transforming 234 files...",
          "HEAD is now at a01cbb6",
          "\u26a0 DEPRECATION: Feature will be removed in v3.0",
          "Finished.",
          "Test Suites: 32 passed, 42 total",
          "TLS handshake completed",
          "Already up to date.",
          "npm install: added 179 packages",
          "Coverage: 94% statements, 99% branches",
          "npm install: resolved 1608 packages",
          "Minifying app.js",
          "Artifact downloaded: 24MB",
          "Step 7/22: Linting",
          "[12:51:07] ERROR: Connection failed",
          "Image pulled successfully",
          "npm notice: package.json updated",
          "[12:51:07] INFO: Request completed",
          "\u2717 build failed with exit code 123",
          "Verifying...",
          "Time: 87.200s",
          "pip: Downloading jest-5.15.tar.gz",
          "WARNING: react has known vulnerabilities",
          "[12:51:07] DEBUG: Memory usage: 740MB",
          "Snapshots: 24 passed, 31 total",
          "POST /api - 202 (18ms)",
          "pip: Downloading react-5.10.tar.gz",
          "WARNING: lodash has known vulnerabilities",
          "[12:51:07] INFO: Cache refreshed",
          "Snapshots: 0 passed, 31 total",
          "TLS handshake completed",
          "GET /health - 204 (17ms)",
          "Success!",
          "[12:51:07] DEBUG: Query executed in 43ms",
          "\u26a0 DEPRECATION: Feature will be removed in v4.0",
          "[12:51:07] DEBUG: Initializing service",
          "Artifact uploaded: dist.zip (37MB)",
          "  PASS: test_auth_login (455ms)",
          "Success!",
          "NODE_ENV=production",
          "HEAD is now at 374ab99",
          "[12:51:07] WARN: Deprecated API usage",
          "  PASS: integration/test_cache_hit.spec.js",
          "\u2717 build failed with exit code 8",
          "Bundling runtime.js",
          "Using Python 3.12",
          "\u2713 Task completed in 4855ms",
          "=== Step lint completed ==="
        ]
      },
      {
        "name": "integration_tests",
        "status": "success",
        "started_at": "2025-12-11T12:54:16.023639",
        "finished_at": "2025-12-11T12:54:42.183819",
        "log_lines": [
          "=== Step: integration_tests ===",
          "Artifact uploaded: build.tar.gz (36MB)",
          "\u2717 build failed with exit code 65",
          "\u2713 Step 'build' succeeded",
          "Artifact uploaded: build.tar.gz (15MB)",
          "Artifact downloaded: 32MB",
          "Test Suites: 11 passed, 30 total",
          "OK",
          "[12:51:07] DEBUG: Memory usage: 1806MB",
          "pip: Installing build dependencies...",
          "GET /api - 204 (13ms)",
          "Ran 23 tests in 2s",
          "Step 10/19: Linting",
          "Building Docker image...",
          "Verifying...",
          "Cache invalidated: build",
          "\u2713 Step 'test' succeeded",
          "Pushing to registry...",
          "Ready.",
          "Using Python 3.12",
          "Minifying vendor.js",
          "Cache miss for key-9688",
          "[12:51:07] DEBUG: Loading configuration",
          "Success!",
          "[12:51:07] INFO: Cache refreshed",
          "Artifact uploaded: build.tar.gz (13MB)",
          "Installing lodash@4.5.10",
          "Pushing to registry...",
          "Fetching from https://gcr.io/package.json",
          "Time: 52.542s",
          "WARNING: jest has known vulnerabilities",
          "[12:51:07] DEBUG: Initializing service",
          "Cache miss for key-4600",
          "npm install: resolved 937 packages",
          "Step 2/18: Testing",
          "Image pulled successfully",
          "pip: Collecting react",
          "Environment: test",
          "Cache restored successfully (44MB)",
          "Compiling lib/handler.rs...",
          "Step 5/17: Installing dependencies",
          "[12:51:07] DEBUG: Connection pool: 14 active",
          "Compiling src/service.java...",
          "[12:51:07] DEBUG: Memory usage: 716MB",
          "FAILED: test_cache_hit",
          "Cache restored successfully (440MB)",
          "pip: Downloading eslint-3.19.tar.gz",
          "Uploading artifact 'dist' (27 files)",
          "\u2713 Task completed in 1811ms",
          "[12:51:07] DEBUG: Loading configuration",
          "Bundling main.css",
          "Cache saved successfully",
          "Building Docker image...",
          "Cache hit for key-8158",
          "Connection established",
          "Waiting...",
          "[12:51:07] INFO: Starting build process",
          "[12:51:07] ERROR: Connection failed",
          "[12:51:07] ERROR: Connection failed",
          "Pushing to registry...",
          "Coverage: 97% statements, 71% branches",
          "Verifying...",
          "Completed.",
          "Artifact uploaded: build.tar.gz (44MB)",
          "Cache restored successfully (106MB)",
          "\u2713 Task completed in 617ms",
          "Ready.",
          "Connection established",
          "Already up to date.",
          "Step 1/24: Deploying",
          "Processing...",
          "Time: 24.450s",
          "npm install: resolved 651 packages",
          "Bundling styles.js",
          "Success!",
          "[12:51:07] DEBUG: Memory usage: 1803MB",
          "Transforming 282 files...",
          "npm notice: created a lockfile",
          "npm notice: created a lockfile",
          "\u2713 Task completed in 2880ms",
          "Switched to branch 'hotfix/task-451'",
          "pip: Installing build dependencies...",
          "[12:51:07] DEBUG: Connection pool: 17 active",
          "pip: Downloading jest-3.2.tar.gz",
          "[12:51:07] WARN: Deprecated API usage",
          "Layer 5/10: RUN command",
          "Ran 134 tests in 23s",
          "npm install: resolved 388 packages",
          "Cache restored successfully (396MB)",
          "Minifying main.js",
          "Step 15/24: Building",
          "\u26a0 DEPRECATION: Feature will be removed in v4.0",
          "Snapshots: 3 passed, 17 total",
          "Done.",
          "Platform: win32-x64",
          "FAILED: test_user_create",
          "\u26a0 DEPRECATION: Feature will be removed in v3.0",
          "Step 10/25: Installing dependencies",
          "TLS handshake completed",
          "Exception: NullPointerException",
          "Image pulled successfully",
          "Using Node.js 20.8.4",
          "GET /status - 201 (30ms)",
          "[12:51:07] DEBUG: Loading configuration",
          "npm install: resolved 1476 packages",
          "Cache invalidated: node_modules",
          "OK",
          "Cache restored successfully (417MB)",
          "Artifact downloaded: 6MB",
          "Platform: linux-x64",
          "Platform: darwin-arm64",
          "npm install: resolved 114 packages",
          "Using Python 3.9",
          "Tests: 474 passed, 477 total",
          "Completed.",
          "[12:51:07] WARN: Deprecated API usage",
          "\u2713 Step 'build' succeeded",
          "GET /status - 204 (6ms)",
          "Checking out develop branch",
          "Uploading artifact 'dist' (22 files)",
          "[12:51:07] INFO: Starting build process",
          "Snapshots: 25 passed, 14 total",
          "Compiling utils/utils.go...",
          "Step 20/15: Testing",
          "Ran 13 tests in 4s",
          "Ran 133 tests in 14s",
          "HEAD is now at 550c6fc",
          "Cache restored successfully (226MB)",
          "Already up to date.",
          "Processing...",
          "[12:51:07] INFO: Starting build process",
          "Completed.",
          "Using Node.js 19.0.3",
          "npm install: resolved 1373 packages",
          "Compiling utils/index.js...",
          "Creating production build...",
          "Fetching from https://pypi.org/package.json",
          "POST /api - 202 (289ms)",
          "=== Step integration_tests completed ==="
        ]
      },
      {
        "name": "save_cache",
        "status": "success",
        "started_at": "2025-12-11T12:54:42.183819",
        "finished_at": "2025-12-11T12:54:50.031873",
        "log_lines": [
          "=== Step: save_cache ===",
          "Completed.",
          "Using Python 3.12",
          "  PASS: e2e/test_db_connect.spec.js",
          "Checking out master branch",
          "Step 6/17: Deploying",
          "Creating production build...",
          "Image pulled successfully",
          "\u2713 All checks passed",
          "Time: 78.659s",
          "[12:51:07] INFO: Request completed",
          "Minifying app.js",
          "Step 7/25: Building",
          "Verifying...",
          "\u2713 build completed",
          "[12:51:07] INFO: Processing request",
          "Pulling image: node:3.11",
          "Layer 9/13: RUN command",
          "Transforming 992 files...",
          "Cache miss for key-4940",
          "Environment: development",
          "npm notice: created a lockfile",
          "[12:51:07] INFO: Request completed",
          "[12:51:07] DEBUG: Query executed in 61ms",
          "\u26a0 DEPRECATION: Feature will be removed in v3.0",
          "Step 15/24: Installing dependencies",
          "pip: Collecting eslint",
          "[12:51:07] INFO: Connecting to database",
          "pip install: Successfully installed jest-3.6",
          "pip: Downloading jest-5.20.tar.gz",
          "Minifying main.js",
          "Checking out develop branch",
          "Pushing to registry...",
          "Tests: 267 passed, 425 total",
          "Artifact uploaded: dist.zip (1MB)",
          "Verifying...",
          "Pulling image: node:latest",
          "Layer 4/8: RUN command",
          "Using Python 3.12",
          "\u26a0 DEPRECATION: Feature will be removed in v2.0",
          "Compiling src/utils.go...",
          "[12:51:07] DEBUG: Initializing service",
          "npm install: added 350 packages",
          "Step 15/15: Linting",
          "Switched to branch 'hotfix/task-361'",
          "[12:51:07] DEBUG: Query executed in 43ms",
          "TLS handshake completed",
          "Building Docker image...",
          "Step 18/16: Building",
          "Installing eslint@5.14.1",
          "Pushing to registry...",
          "yarn add: Done in 13.99s",
          "Compiling src/service.java...",
          "  PASS: test_db_connect (7ms)",
          "[12:51:07] DEBUG: Connection pool: 4 active",
          "Done.",
          "\u26a0 DEPRECATION: Feature will be removed in v3.0",
          "Switched to branch 'bugfix/task-870'",
          "Cache invalidated: node_modules",
          "[12:51:07] DEBUG: Loading configuration",
          "[12:51:07] WARN: Deprecated API usage",
          "[12:51:07] INFO: Starting build process",
          "WARNING: webpack has known vulnerabilities",
          "Minifying main.js",
          "[12:51:07] INFO: Request completed",
          "Cache miss for key-7232",
          "Creating production build...",
          "pip install: Successfully installed eslint-2.2",
          "[12:51:07] WARN: Deprecated API usage",
          "Done.",
          "Environment: test",
          "[12:51:07] DEBUG: Connection pool: 7 active",
          "WARNING: express has known vulnerabilities",
          "POST /api - 200 (338ms)",
          "HEAD is now at 0727068",
          "Environment: production",
          "Already up to date.",
          "Coverage: 73% statements, 78% branches",
          "\u2713 Task completed in 2147ms",
          "Done.",
          "Switched to branch 'feature/task-893'",
          "Step 20/24: Building",
          "Ready.",
          "Waiting...",
          "Compiling utils/app.ts...",
          "Optimizing 73 modules...",
          "Platform: linux-x64",
          "Cache invalidated: node_modules",
          "[12:51:07] DEBUG: Connection pool: 3 active",
          "Cache hit for key-2182",
          "Environment: test",
          "Artifact downloaded: 38MB",
          "pip: Collecting lodash",
          "\u26a0 DEPRECATION: Feature will be removed in v3.0",
          "Fetching submodules...",
          "Checking out master branch",
          "npm install: resolved 1125 packages",
          "Artifact downloaded: 4MB",
          "Verifying...",
          "Compiling components/main.py...",
          "[12:51:07] DEBUG: Initializing service",
          "Artifact uploaded: dist.zip (73MB)",
          "Creating production build...",
          "Fetching submodules...",
          "TLS handshake completed",
          "  PASS: integration/test_cache_hit.spec.js",
          "[12:51:07] DEBUG: Initializing service",
          "WARNING: react has known vulnerabilities",
          "Pulling image: alpine:18",
          "Artifact downloaded: 17MB",
          "  PASS: test_auth_login (445ms)",
          "Fetching submodules...",
          "Cache invalidated: dependencies",
          "Compiling components/app.ts...",
          "\u26a0 DEPRECATION: Feature will be removed in v4.0",
          "Exception: ValueError",
          "  PASS: e2e/test_user_create.spec.js",
          "\u2713 Step 'setup' succeeded",
          "Cache hit for key-4923",
          "Cache miss for key-9477",
          "npm notice: package.json updated",
          "[12:51:07] INFO: Processing request",
          "npm notice: created a lockfile",
          "Using Python 3.10",
          "Test Suites: 33 passed, 26 total",
          "Ready.",
          "[12:51:07] INFO: Processing request",
          "npm notice: package.json updated",
          "Step 10/20: Testing",
          "[12:51:07] INFO: Connecting to database",
          "Transforming 912 files...",
          "Completed.",
          "Environment: production",
          "Loading...",
          "[12:51:07] INFO: Request completed",
          "pip install: Successfully installed eslint-4.6",
          "Generating source maps...",
          "Test Suites: 16 passed, 7 total",
          "=== Step save_cache completed ==="
        ]
      },
      {
        "name": "setup_node",
        "status": "success",
        "started_at": "2025-12-11T12:54:50.031873",
        "finished_at": "2025-12-11T12:55:03.111963",
        "log_lines": [
          "=== Step: setup_node ===",
          "Optimizing 81 modules...",
          "\u2713 All checks passed",
          "\u2713 All checks passed",
          "Time: 2.409s",
          "Minifying main.js",
          "Completed.",
          "npm notice: package.json updated",
          "Compiling components/utils.go...",
          "HEAD is now at 69fd811",
          "npm notice: created a lockfile",
          "Coverage: 72% statements, 86% branches",
          "yarn add: Done in 21.85s",
          "[12:51:07] WARN: Deprecated API usage",
          "Switched to branch 'hotfix/task-874'",
          "Step 8/23: Linting",
          "pip: Downloading lodash-2.14.tar.gz",
          "Bundling runtime.js",
          "Building Docker image...",
          "Verifying...",
          "npm install: added 83 packages",
          "Cache invalidated: node_modules",
          "[12:51:07] INFO: Cache refreshed",
          "Cache hit for key-1964",
          "Completed.",
          "Ready.",
          "\u2713 All checks passed",
          "Optimizing 83 modules...",
          "yarn add: Done in 17.83s",
          "\u2713 Task completed in 4281ms",
          "[12:51:07] DEBUG: Initializing service",
          "WARNING: axios has known vulnerabilities",
          "\u2713 Task completed in 1559ms",
          "[12:51:07] DEBUG: Connection pool: 9 active",
          "Artifact uploaded: build.tar.gz (39MB)",
          "pip: Collecting lodash",
          "HEAD is now at 69c12ef",
          "Bundling styles.css",
          "\u26a0 DEPRECATION: Feature will be removed in v3.0",
          "GET /api - 201 (57ms)",
          "Installing jest@1.4.10",
          "pip: Collecting webpack",
          "[12:51:07] WARN: Deprecated API usage",
          "  PASS: unit/test_user_create.spec.js",
          "Processing...",
          "Cache hit for key-7080",
          "NODE_ENV=production",
          "Artifact uploaded: dist.zip (16MB)",
          "FAILED: test_cache_hit",
          "Cache restored successfully (472MB)",
          "Building Docker image...",
          "\u2713 Task completed in 2178ms",
          "Generating source maps...",
          "Uploading artifact 'build' (43 files)",
          "Pushing to registry...",
          "Fetching from https://githubusercontent.com/package.json",
          "Switched to branch 'bugfix/task-126'",
          "Step 9/24: Installing dependencies",
          "Using Node.js 18.3.9",
          "WARNING: eslint has known vulnerabilities",
          "pip install: Successfully installed eslint-2.20",
          "Pushing to registry...",
          "Bundling main.js",
          "Fetching from https://githubusercontent.com/package.json",
          "[12:51:07] DEBUG: Memory usage: 270MB",
          "POST /upload - 202 (262ms)",
          "Compiling lib/main.py...",
          "Artifact uploaded: dist.zip (45MB)",
          "\u26a0 DEPRECATION: Feature will be removed in v2.0",
          "[12:51:07] WARN: Deprecated API usage",
          "Uploading artifact 'dist' (8 files)",
          "GET /api - 201 (89ms)",
          "Tests: 440 passed, 497 total",
          "\u26a0 DEPRECATION: Feature will be removed in v2.0",
          "Compiling components/service.java...",
          "\u2713 test completed",
          "[12:51:07] DEBUG: Connection pool: 10 active",
          "Artifact uploaded: dist.zip (15MB)",
          "Bundling runtime.css",
          "[12:51:07] INFO: Request completed",
          "[12:51:07] INFO: Request completed",
          "\u2713 lint completed",
          "\u2713 Step 'test' succeeded",
          "Cache miss for key-8891",
          "Using Node.js 19.20.0",
          "Optimizing 75 modules...",
          "pip: Installing build dependencies...",
          "Ready.",
          "Test Suites: 45 passed, 42 total",
          "Waiting...",
          "POST /api - 201 (174ms)",
          "Time: 47.469s",
          "pip: Installing build dependencies...",
          "\u2713 Step 'checkout' succeeded",
          "npm notice: package.json updated",
          "[12:51:07] DEBUG: Loading configuration",
          "Waiting...",
          "Cache miss for key-9048",
          "Loading...",
          "pip install: Successfully installed axios-3.9",
          "\u26a0 DEPRECATION: Feature will be removed in v5.0",
          "Pulling image: python:latest",
          "Cache miss for key-5681",
          "Optimizing 87 modules...",
          "Creating production build...",
          "\u2713 All checks passed",
          "Cache restored successfully (426MB)",
          "Step 8/23: Installing dependencies",
          "Bundling runtime.js",
          "Step 8/15: Building",
          "Building Docker image...",
          "Cache saved successfully",
          "Artifact uploaded: build.tar.gz (5MB)",
          "Success!",
          "Layer 2/13: ENV command",
          "Ran 158 tests in 9s",
          "Step 10/22: Testing",
          "Switched to branch 'hotfix/task-728'",
          "[12:51:07] INFO: Starting build process",
          "yarn add: Done in 25.95s",
          "\u2713 All checks passed",
          "[12:51:07] DEBUG: Loading configuration",
          "\u2717 build failed with exit code 4",
          "[12:51:07] DEBUG: Loading configuration",
          "\u2713 lint completed",
          "Compiling utils/main.py...",
          "[12:51:07] INFO: Starting build process",
          "Artifact uploaded: build.tar.gz (32MB)",
          "Cache saved successfully",
          "[12:51:07] DEBUG: Memory usage: 1447MB",
          "Processing...",
          "Bundling main.js",
          "Ready.",
          "npm notice: created a lockfile",
          "Success!",
          "TLS handshake completed",
          "Finished.",
          "Step 16/25: Installing dependencies",
          "=== Step setup_node completed ==="
        ]
      }
    ],
    "label": "normal"
  }
}