{
  "action": "completed",
  "workflow_run": {
    "id": 718,
    "name": "CI Pipeline",
    "head_branch": "develop",
    "head_sha": "ffc19cdbb170d9573b226841f0b29490b6733a22",
    "status": "completed",
    "conclusion": "success",
    "run_started_at": "2025-11-23T12:52:02.239070Z",
    "updated_at": "2025-11-23T12:54:52.211767Z"
  },
  "repository": {
    "full_name": "acme-corp/data-pipeline",
    "name": "data-pipeline"
  },
  "sender": {
    "login": "grace"
  },
  "_safeops_extended": {
    "raw_logs": "=== Step: setup_node ===\nImage pulled successfully\n[12:52:02] DEBUG: Connection pool: 8 active\nFetching submodules...\n\u26a0 DEPRECATION: Feature will be removed in v4.0\nTLS handshake completed\nTests: 164 passed, 248 total\nCreating production build...\npip: Installing build dependencies...\nAlready up to date.\nMinifying main.js\nNODE_ENV=production\n\u2713 build completed\n[12:52:02] INFO: Cache refreshed\nCompiling src/index.js...\nAlready up to date.\nCache restored successfully (118MB)\nPOST /data - 201 (168ms)\n[12:52:02] ERROR: Connection failed\nCompleted.\n\u26a0 DEPRECATION: Feature will be removed in v3.0\npip: Installing build dependencies...\nGenerating source maps...\nStep 17/15: Running migrations\nWaiting...\npip: Collecting react\nyarn add: Done in 2.92s\nCache saved successfully\nTests: 140 passed, 113 total\nSwitched to branch 'feature/task-353'\nPlatform: linux-x64\nUsing Node.js 20.6.9\n\u2713 Step 'setup' succeeded\nDone.\nCache invalidated: build\nConnection established\nCache hit for key-9874\nCache restored successfully (291MB)\n[12:52:02] DEBUG: Initializing service\nWaiting...\n\u26a0 DEPRECATION: Feature will be removed in v4.0\n[12:52:02] WARN: Deprecated API usage\nNODE_ENV=test\nPlatform: win32-x64\nEnvironment: staging\n\u2713 Task completed in 1469ms\nTime: 20.38s\nLoading...\n[12:52:02] INFO: Connecting to database\npip: Installing build dependencies...\nConnection established\nFinished.\nArtifact uploaded: dist.zip (30MB)\nFetching submodules...\nSuccess!\n[12:52:02] INFO: Connecting to database\nLoading...\nDone.\nFetching submodules...\nPushing to registry...\n\u26a0 DEPRECATION: Feature will be removed in v5.0\nGenerating source maps...\n[12:52:02] WARN: Deprecated API usage\nnpm install: resolved 1165 packages\nBuilding Docker image...\nSnapshots: 12 passed, 11 total\nCache restored successfully (92MB)\nEnvironment: test\nTest Suites: 15 passed, 33 total\nCompiling src/index.js...\nOK\n[12:52:02] DEBUG: Initializing service\nStep 13/25: Testing\nBundling styles.css\nStep 16/20: Linting\nFAILED: test_cache_hit\nRan 108 tests in 4s\nLoading...\nProcessing...\nChecking out develop branch\nWARNING: eslint has known vulnerabilities\n\u2713 Step 'checkout' succeeded\nDone.\nReady.\nTest Suites: 36 passed, 25 total\nPushing to registry...\nPOST /upload - 201 (249ms)\nException: ValueError\npip: Collecting react\nWARNING: express has known vulnerabilities\nnpm install: added 186 packages\nCompiling components/app.ts...\nGET /status - 201 (54ms)\nSnapshots: 17 passed, 15 total\n\u2713 test completed\nGET /api - 200 (80ms)\nSnapshots: 0 passed, 10 total\nnpm install: resolved 105 packages\n  PASS: test_user_create (335ms)\nSnapshots: 13 passed, 15 total\nStep 14/15: Linting\nArtifact uploaded: dist.zip (65MB)\n[12:52:02] DEBUG: Initializing service\n\u2717 build failed with exit code 114\nVerifying...\nUsing Python 3.10\nSwitched to branch 'feature/task-110'\n[12:52:02] DEBUG: Loading configuration\nTests: 325 passed, 481 total\n[12:52:02] INFO: Starting build process\nnpm install: added 427 packages\nWaiting...\nAlready up to date.\nPushing to registry...\nVerifying...\nTests: 377 passed, 200 total\nProcessing...\nStep 4/20: Installing dependencies\npip: Installing build dependencies...\nnpm install: added 39 packages\nPulling image: python:3.11\nStep 18/15: Testing\nUsing Node.js 20.4.9\nStep 20/17: Testing\nCompiling lib/handler.rs...\nyarn add: Done in 28.54s\nTests: 219 passed, 461 total\nLoading...\n[12:52:02] INFO: Cache refreshed\n[12:52:02] WARN: Deprecated API usage\nAlready up to date.\n\u2713 All checks passed\nHEAD is now at b4bc84c\n\u2713 lint completed\nLayer 5/12: ENV command\nTLS handshake completed\nArtifact downloaded: 44MB\nTests: 63 passed, 232 total\nVerifying...\nChecking out main branch\nSwitched to branch 'bugfix/task-905'\n[12:52:02] DEBUG: Loading configuration\nCache hit for key-6956\n\u26a0 DEPRECATION: Feature will be removed in v5.0\nHEAD is now at 038ca0f\nOptimizing 62 modules...\n[12:52:02] INFO: Starting build process\nSwitched to branch 'bugfix/task-767'\nCache miss for key-3912\n[12:52:02] INFO: Request completed\n[12:52:02] DEBUG: Memory usage: 1039MB\nStep 2/18: Installing dependencies\n\u2713 test completed\nWaiting...\n[12:52:02] ERROR: Connection failed\nTest Suites: 48 passed, 11 total\n[12:52:02] WARN: Deprecated API usage\n[12:52:02] ERROR: Connection failed\nUsing Node.js 17.3.1\nCompiling src/index.js...\nnpm install: added 267 packages\nnpm notice: package.json updated\nReady.\nSwitched to branch 'feature/task-379'\nMinifying vendor.js\n[12:52:02] DEBUG: Connection pool: 9 active\npip: Installing build dependencies...\n=== Step setup_node completed ===\n=== Step: e2e_tests ===\nFinished.\n[12:52:02] DEBUG: Loading configuration\nHEAD is now at 5467350\nFetching from https://docker.io/package.json\nCache miss for key-7525\nPOST /api - 202 (470ms)\nInstalling react@5.9.9\nTests: 185 passed, 467 total\nUploading artifact 'dist' (28 files)\nLoading...\npip install: Successfully installed axios-5.3\nStep 4/22: Installing dependencies\nWARNING: jest has known vulnerabilities\nStep 20/17: Linting\nLoading...\n[12:52:02] DEBUG: Query executed in 56ms\nSwitched to branch 'bugfix/task-244'\nTest Suites: 50 passed, 29 total\nException: TypeError\nFAILED: test_api_health\n[12:52:02] INFO: Cache refreshed\n[12:52:02] INFO: Request completed\nArtifact uploaded: build.tar.gz (4MB)\nStep 5/23: Building\n\u26a0 DEPRECATION: Feature will be removed in v2.0\n[12:52:02] ERROR: Connection failed\n[12:52:02] DEBUG: Connection pool: 17 active\nChecking out develop branch\nVerifying...\n\u2713 Task completed in 705ms\nFetching from https://gcr.io/package.json\nWaiting...\n[12:52:02] INFO: Connecting to database\nStep 11/16: Running migrations\nCache saved successfully\nArtifact uploaded: dist.zip (99MB)\n  PASS: test_user_create (316ms)\nOK\nyarn add: Done in 30.93s\n\u26a0 DEPRECATION: Feature will be removed in v2.0\nCreating production build...\nCache restored successfully (33MB)\nCompiling utils/app.ts...\nCache restored successfully (296MB)\nBundling styles.css\nGenerating source maps...\nAlready up to date.\nArtifact downloaded: 11MB\nLoading...\nSnapshots: 32 passed, 28 total\nWaiting...\n\u26a0 DEPRECATION: Feature will be removed in v2.0\nTransforming 549 files...\nRan 22 tests in 18s\nCreating production build...\nCreating production build...\n[12:52:02] INFO: Starting build process\nStep 14/23: Linting\nLoading...\n[12:52:02] INFO: Starting build process\nArtifact downloaded: 3MB\nWaiting...\nRan 137 tests in 37s\npip: Collecting jest\nGET /api - 204 (13ms)\nRan 44 tests in 17s\nOK\n\u26a0 DEPRECATION: Feature will be removed in v4.0\nUsing Python 3.9\n[12:52:02] DEBUG: Connection pool: 1 active\nVerifying...\nException: RuntimeError\nCompiling src/app.ts...\npip: Downloading lodash-4.12.tar.gz\n\u2713 build completed\n[12:52:02] INFO: Starting build process\n[12:52:02] DEBUG: Loading configuration\nEnvironment: development\n[12:52:02] WARN: Deprecated API usage\nCompiling utils/app.ts...\nTransforming 338 files...\n[12:52:02] INFO: Connecting to database\nPushing to registry...\n\u2713 Task completed in 2186ms\nUsing Python 3.12\nRan 102 tests in 17s\nSuccess!\n[12:52:02] INFO: Processing request\nCoverage: 75% statements, 93% branches\nOK\nWARNING: jest has known vulnerabilities\n[12:52:02] DEBUG: Initializing service\nVerifying...\nWARNING: prettier has known vulnerabilities\nCache miss for key-7499\nFetching from https://github.com/package.json\nPlatform: linux-x64\nArtifact downloaded: 16MB\nTLS handshake completed\nTLS handshake completed\nWARNING: jest has known vulnerabilities\n  PASS: test_db_connect (318ms)\nConnection established\nOptimizing 80 modules...\npip install: Successfully installed express-5.0\nDone.\nAlready up to date.\n[12:52:02] INFO: Starting build process\nWaiting...\nStep 13/16: Testing\nGET /api - 201 (40ms)\nGET /health - 204 (28ms)\n[12:52:02] INFO: Starting build process\nTest Suites: 43 passed, 19 total\nStep 19/22: Running migrations\nCache hit for key-8038\nGET /status - 200 (48ms)\nyarn add: Done in 10.88s\nTime: 70.61s\nNODE_ENV=production\nStep 7/21: Installing dependencies\npip: Downloading eslint-2.16.tar.gz\nnpm notice: created a lockfile\nPushing to registry...\n[12:52:02] INFO: Connecting to database\n[12:52:02] INFO: Request completed\nTests: 110 passed, 211 total\nnpm install: added 407 packages\nFAILED: test_db_connect\n[12:52:02] WARN: Deprecated API usage\nTest Suites: 46 passed, 5 total\nGET /status - 201 (24ms)\nFetching submodules...\nFinished.\n[12:52:02] DEBUG: Memory usage: 937MB\n\u26a0 DEPRECATION: Feature will be removed in v3.0\n[12:52:02] WARN: Deprecated API usage\nProcessing...\n[12:52:02] DEBUG: Query executed in 54ms\nyarn add: Done in 26.38s\nStep 17/23: Running migrations\nUsing Node.js 20.9.0\nConnection established\n  PASS: test_db_connect (60ms)\n[12:52:02] INFO: Connecting to database\nUsing Python 3.9\nOK\npip: Collecting express\n[12:52:02] WARN: Deprecated API usage\n[12:52:02] WARN: Deprecated API usage\nCompleted.\npip: Installing build dependencies...\nCreating production build...\nTests: 349 passed, 257 total\nNODE_ENV=development\nTLS handshake completed\nMinifying app.js\n[12:52:02] DEBUG: Memory usage: 1381MB\nCache hit for key-9599\n[12:52:02] WARN: Deprecated API usage\nReady.\n\u2717 build failed with exit code 55\nArtifact uploaded: build.tar.gz (19MB)\nStep 2/21: Installing dependencies\nnpm notice: created a lockfile\nSuccess!\n=== Step e2e_tests completed ===\n=== Step: checkout ===\nStep 16/19: Testing\nnpm install: added 311 packages\nNODE_ENV=development\nyarn add: Done in 7.71s\nnpm notice: created a lockfile\nSwitched to branch 'hotfix/task-596'\nCreating production build...\nStep 1/22: Testing\n[12:52:02] DEBUG: Query executed in 42ms\nTransforming 112 files...\nStep 4/22: Linting\nInstalling lodash@4.4.7\n[12:52:02] DEBUG: Query executed in 10ms\n[12:52:02] WARN: Deprecated API usage\nCompleted.\nLoading...\n  PASS: integration/test_api_health.spec.js\nFAILED: test_user_create\nStep 17/16: Deploying\n[12:52:02] DEBUG: Loading configuration\nVerifying...\nAlready up to date.\nSuccess!\nFetching from https://docker.io/package.json\nSwitched to branch 'hotfix/task-964'\nStep 8/25: Running migrations\nStep 14/18: Linting\nHEAD is now at eff2243\n\u2713 Task completed in 3874ms\nBuilding Docker image...\n\u2713 deploy completed\nTests: 180 passed, 89 total\n[12:52:02] INFO: Processing request\n[12:52:02] WARN: Deprecated API usage\nUsing Python 3.11\nFetching from https://registry.npmjs.org/package.json\nCompiling utils/main.py...\nCompiling lib/app.ts...\n[12:52:02] DEBUG: Loading configuration\nProcessing...\nyarn add: Done in 12.81s\nCache miss for key-3955\nAlready up to date.\nLayer 4/15: RUN command\nFinished.\nUsing Python 3.10\nException: NullPointerException\nCache saved successfully\nLayer 5/10: ENV command\nOptimizing 16 modules...\nPulling image: node:3.11\nReady.\nFAILED: test_cache_hit\nUsing Node.js 17.11.0\n[12:52:02] DEBUG: Memory usage: 127MB\n\u2717 build failed with exit code 88\nTLS handshake completed\nTime: 43.493s\nCache invalidated: build\n[12:52:02] DEBUG: Query executed in 25ms\nArtifact uploaded: build.tar.gz (19MB)\nAlready up to date.\nOptimizing 89 modules...\n\u26a0 DEPRECATION: Feature will be removed in v2.0\nFetching submodules...\nCache restored successfully (444MB)\nStep 18/23: Installing dependencies\nnpm notice: package.json updated\nTest Suites: 13 passed, 38 total\nGET /status - 201 (54ms)\nPushing to registry...\nCompiling lib/index.js...\nBuilding Docker image...\nWARNING: webpack has known vulnerabilities\nReady.\nCoverage: 96% statements, 85% branches\nMinifying vendor.js\n  PASS: test_cache_hit (130ms)\nUsing Node.js 18.7.8\n\u2713 All checks passed\nVerifying...\nnpm install: resolved 1746 packages\nLoading...\nArtifact downloaded: 26MB\nReady.\nEnvironment: development\nnpm notice: created a lockfile\nFinished.\nCache invalidated: node_modules\n[12:52:02] WARN: Deprecated API usage\n  PASS: e2e/test_api_health.spec.js\nStep 20/16: Running migrations\nCache miss for key-3508\nArtifact downloaded: 29MB\nTransforming 692 files...\nSnapshots: 40 passed, 44 total\nStep 15/18: Testing\npip: Installing build dependencies...\nStep 19/17: Running migrations\nWARNING: lodash has known vulnerabilities\nCache saved successfully\nChecking out master branch\nnpm install: resolved 1343 packages\nTests: 393 passed, 173 total\n  PASS: test_cache_hit (117ms)\n[12:52:02] DEBUG: Query executed in 77ms\n[12:52:02] INFO: Connecting to database\nTLS handshake completed\nCompleted.\nArtifact uploaded: build.tar.gz (13MB)\nOK\n\u26a0 DEPRECATION: Feature will be removed in v4.0\nUploading artifact 'dist' (45 files)\n\u2713 Task completed in 1669ms\nWaiting...\nStep 2/21: Installing dependencies\nInstalling react@1.17.10\nCache miss for key-5980\nOK\npip: Downloading prettier-4.19.tar.gz\nWARNING: lodash has known vulnerabilities\n\u26a0 DEPRECATION: Feature will be removed in v4.0\nSuccess!\nTime: 114.927s\nFetching from https://npmjs.org/package.json\nConnection established\nTransforming 586 files...\nCache restored successfully (112MB)\nCreating production build...\nLayer 8/12: COPY command\n\u26a0 DEPRECATION: Feature will be removed in v5.0\npip: Collecting eslint\nCache invalidated: build\nStep 13/25: Testing\nTLS handshake completed\nCompiling lib/app.ts...\n\u2713 build completed\nCreating production build...\n[12:52:02] WARN: Deprecated API usage\nTest Suites: 16 passed, 33 total\nnpm notice: package.json updated\nWARNING: react has known vulnerabilities\npip: Downloading express-3.4.tar.gz\npip install: Successfully installed prettier-2.4\n  PASS: test_cache_hit (495ms)\nAlready up to date.\nCache restored successfully (99MB)\n\u26a0 DEPRECATION: Feature will be removed in v3.0\nTLS handshake completed\nChecking out master branch\npip: Collecting prettier\n[12:52:02] DEBUG: Loading configuration\nMinifying app.js\nCompiling lib/index.js...\nTime: 73.47s\nSwitched to branch 'bugfix/task-169'\nWARNING: webpack has known vulnerabilities\n[12:52:02] INFO: Request completed\nLoading...\nPushing to registry...\nMinifying app.js\nStep 19/16: Building\nHEAD is now at 8d1317b\n[12:52:02] WARN: Deprecated API usage\n[12:52:02] DEBUG: Connection pool: 13 active\nArtifact uploaded: dist.zip (93MB)\n=== Step checkout completed ===\n=== Step: save_cache ===\nTime: 83.908s\nArtifact downloaded: 12MB\nCache miss for key-7066\nCompiling src/index.js...\nTransforming 510 files...\nTest Suites: 8 passed, 11 total\nPushing to registry...\nVerifying...\n  PASS: e2e/test_cache_hit.spec.js\nDone.\nTime: 13.574s\nCompiling utils/handler.rs...\n[12:52:02] INFO: Connecting to database\nnpm install: added 375 packages\nBundling runtime.js\nUsing Python 3.12\nGET /health - 204 (53ms)\nStep 17/18: Linting\nChecking out main branch\n[12:52:02] INFO: Processing request\nException: NullPointerException\nCompiling lib/index.js...\nWARNING: axios has known vulnerabilities\nStep 10/21: Building\n[12:52:02] INFO: Starting build process\n[12:52:02] INFO: Cache refreshed\n[12:52:02] DEBUG: Query executed in 17ms\nCompiling components/service.java...\nArtifact uploaded: build.tar.gz (37MB)\nDone.\n[12:52:02] DEBUG: Query executed in 98ms\nCache hit for key-1951\nWARNING: prettier has known vulnerabilities\nWARNING: eslint has known vulnerabilities\n  PASS: e2e/test_auth_login.spec.js\nWARNING: webpack has known vulnerabilities\nArtifact uploaded: build.tar.gz (38MB)\nPOST /api - 201 (72ms)\nInstalling jest@2.17.5\nBundling styles.js\nPulling image: python:latest\n[12:52:02] INFO: Processing request\n\u26a0 DEPRECATION: Feature will be removed in v5.0\nnpm notice: created a lockfile\n  PASS: test_auth_login (300ms)\nCoverage: 93% statements, 93% branches\nGenerating source maps...\n[12:52:02] WARN: Deprecated API usage\n  PASS: test_api_health (53ms)\nHEAD is now at 6396054\nPlatform: linux-x64\nCompiling src/service.java...\nCompiling utils/service.java...\nProcessing...\nCompiling src/app.ts...\n\u2717 build failed with exit code 61\nStep 7/22: Installing dependencies\nUploading artifact 'dist' (35 files)\nInstalling jest@1.16.4\nyarn add: Done in 30.21s\nDone.\nStep 8/20: Linting\n\u2713 Task completed in 534ms\n\u2713 Step 'install' succeeded\nUploading artifact 'coverage' (46 files)\nLoading...\nWARNING: prettier has known vulnerabilities\nOptimizing 88 modules...\n[12:52:02] WARN: Deprecated API usage\nGET /api - 200 (79ms)\nStep 6/21: Deploying\n[12:52:02] DEBUG: Initializing service\n\u2713 test completed\nTLS handshake completed\nFAILED: test_auth_login\nOptimizing 49 modules...\n\u26a0 DEPRECATION: Feature will be removed in v3.0\nProcessing...\n[12:52:02] DEBUG: Initializing service\nWARNING: webpack has known vulnerabilities\nSuccess!\nFinished.\nCompiling components/service.java...\n\u2713 Step 'build' succeeded\npip: Installing build dependencies...\nArtifact uploaded: build.tar.gz (47MB)\nStep 14/19: Linting\nnpm notice: created a lockfile\nnpm notice: package.json updated\n[12:52:02] DEBUG: Query executed in 17ms\n[12:52:02] INFO: Connecting to database\nnpm notice: package.json updated\n  PASS: unit/test_api_health.spec.js\nSnapshots: 18 passed, 20 total\nnpm notice: package.json updated\npip: Collecting prettier\nUsing Python 3.10\nCompiling utils/service.java...\npip: Collecting express\nSuccess!\n\u26a0 DEPRECATION: Feature will be removed in v5.0\nUploading artifact 'build' (40 files)\nCompleted.\nCache hit for key-3169\nCreating production build...\n\u2713 validate completed\nnpm install: added 253 packages\nnpm notice: package.json updated\nStep 2/20: Linting\nStep 8/22: Building\nCache restored successfully (347MB)\n\u2713 Step 'checkout' succeeded\n\u26a0 DEPRECATION: Feature will be removed in v3.0\nCache restored successfully (259MB)\nFetching submodules...\npip: Installing build dependencies...\n[12:52:02] WARN: Deprecated API usage\nSnapshots: 2 passed, 0 total\n[12:52:02] WARN: Deprecated API usage\n[12:52:02] WARN: Deprecated API usage\n\u26a0 DEPRECATION: Feature will be removed in v4.0\nLayer 1/10: ENV command\nStep 4/16: Deploying\nCoverage: 71% statements, 86% branches\nCompiling components/index.js...\nCache hit for key-9019\n[12:52:02] INFO: Starting build process\nAlready up to date.\n\u2713 Task completed in 4353ms\nBuilding Docker image...\n[12:52:02] DEBUG: Connection pool: 18 active\nCoverage: 96% statements, 89% branches\nCache invalidated: node_modules\nPlatform: win32-x64\nOK\nUsing Python 3.10\nCache miss for key-4711\nPushing to registry...\nOK\nnpm notice: package.json updated\nnpm notice: package.json updated\nArtifact uploaded: dist.zip (91MB)\nCreating production build...\nArtifact downloaded: 28MB\nCompleted.\nCache hit for key-5968\nCompiling src/utils.go...\nyarn add: Done in 18.2s\nPOST /data - 201 (340ms)\n  PASS: integration/test_cache_hit.spec.js\nConnection established\nnpm install: added 39 packages\n\u2713 All checks passed\n\u2713 Step 'build' succeeded\n[12:52:02] INFO: Request completed\nSnapshots: 49 passed, 20 total\nPlatform: win32-x64\n\u2713 Task completed in 1183ms\nnpm notice: created a lockfile\nStep 16/15: Running migrations\nLoading...\nEnvironment: staging\n[12:52:02] DEBUG: Loading configuration\nArtifact uploaded: dist.zip (54MB)\nCache miss for key-4457\nUploading artifact 'coverage' (40 files)\n=== Step save_cache completed ===\n=== Step: unit_tests ===\n  PASS: test_api_health (359ms)\nCreating production build...\nCoverage: 92% statements, 79% branches\nTests: 440 passed, 243 total\nStep 4/15: Building\nCompiling utils/service.java...\n[12:52:02] INFO: Processing request\nBuilding Docker image...\nAlready up to date.\npip: Installing build dependencies...\nCompiling src/service.java...\n\u2713 All checks passed\nGET /status - 201 (69ms)\nArtifact downloaded: 42MB\nCache invalidated: build\nCoverage: 75% statements, 61% branches\nDone.\nBuilding Docker image...\nnpm notice: created a lockfile\n[12:52:02] ERROR: Connection failed\nException: NullPointerException\nCoverage: 74% statements, 84% branches\n\u2713 All checks passed\nDone.\nHEAD is now at cc5fd1d\nRan 73 tests in 13s\nChecking out master branch\n[12:52:02] WARN: Deprecated API usage\n[12:52:02] INFO: Connecting to database\nInstalling jest@3.12.5\n[12:52:02] INFO: Connecting to database\nCache miss for key-7145\n[12:52:02] INFO: Connecting to database\nCache invalidated: build\nSnapshots: 44 passed, 17 total\nPOST /api - 202 (28ms)\nnpm install: added 338 packages\nCache hit for key-5211\nCompiling utils/handler.rs...\nTests: 496 passed, 304 total\nGET /health - 201 (94ms)\nCreating production build...\nPulling image: alpine:3.11\nnpm notice: package.json updated\n[12:52:02] DEBUG: Connection pool: 17 active\nImage pulled successfully\nyarn add: Done in 29.76s\nCache miss for key-5183\nArtifact uploaded: build.tar.gz (21MB)\nnpm install: added 153 packages\nHEAD is now at 4a40756\n\u2713 All checks passed\nBuilding Docker image...\nCoverage: 91% statements, 76% branches\nRan 16 tests in 22s\nCompiling src/handler.rs...\nReady.\nStep 17/19: Deploying\nOK\nWARNING: express has known vulnerabilities\nStep 6/21: Deploying\nUsing Python 3.11\n[12:52:02] ERROR: Connection failed\nCompiling utils/service.java...\nSuccess!\nFinished.\n[12:52:02] DEBUG: Memory usage: 133MB\nFetching submodules...\nBuilding Docker image...\nMinifying main.js\n[12:52:02] DEBUG: Connection pool: 3 active\nCache miss for key-3093\nTLS handshake completed\nyarn add: Done in 3.63s\nStep 9/16: Linting\nStep 7/21: Building\n[12:52:02] DEBUG: Memory usage: 1265MB\n  PASS: test_auth_login (206ms)\nCompiling src/index.js...\nCache miss for key-7448\nCache saved successfully\nSwitched to branch 'hotfix/task-346'\nInstalling prettier@3.19.4\n  PASS: unit/test_auth_login.spec.js\n  PASS: unit/test_user_create.spec.js\nTLS handshake completed\nSuccess!\nChecking out master branch\n\u2713 All checks passed\n[12:52:02] INFO: Starting build process\n[12:52:02] WARN: Deprecated API usage\nPulling image: alpine:latest\nSuccess!\nGET /status - 201 (97ms)\npip install: Successfully installed webpack-3.7\nUsing Node.js 16.8.4\nCreating production build...\nCache restored successfully (372MB)\nRan 33 tests in 60s\nGET /health - 204 (56ms)\nChecking out develop branch\n\u26a0 DEPRECATION: Feature will be removed in v5.0\nCache miss for key-4231\n[12:52:02] DEBUG: Initializing service\n  PASS: test_db_connect (125ms)\nLoading...\n[12:52:02] DEBUG: Memory usage: 689MB\nTransforming 839 files...\nTransforming 430 files...\nTime: 107.672s\nCompleted.\n\u2713 Step 'setup' succeeded\nPulling image: alpine:latest\n[12:52:02] INFO: Cache refreshed\n[12:52:02] INFO: Processing request\nTest Suites: 39 passed, 36 total\n\u26a0 DEPRECATION: Feature will be removed in v2.0\nInstalling express@3.20.2\nFAILED: test_db_connect\n[12:52:02] INFO: Cache refreshed\nStep 9/25: Deploying\nHEAD is now at 7c30c35\nGenerating source maps...\nStep 17/25: Deploying\n\u2713 deploy completed\nDone.\nCompiling lib/app.ts...\n\u2713 Step 'test' succeeded\nnpm notice: package.json updated\nAlready up to date.\n\u26a0 DEPRECATION: Feature will be removed in v4.0\nStep 5/20: Testing\n[12:52:02] INFO: Processing request\n[12:52:02] DEBUG: Query executed in 53ms\nStep 11/20: Testing\nSwitched to branch 'hotfix/task-450'\nStep 6/15: Linting\nLoading...\nFetching from https://amazonaws.com/package.json\n\u2713 package completed\n[12:52:02] INFO: Cache refreshed\nyarn add: Done in 27.76s\nCompiling components/handler.rs...\nBuilding Docker image...\n[12:52:02] INFO: Request completed\nMinifying vendor.js\nTests: 321 passed, 438 total\nCompiling src/main.py...\nOK\nWARNING: jest has known vulnerabilities\nTest Suites: 15 passed, 31 total\nTLS handshake completed\nTime: 102.529s\nStep 2/18: Deploying\nnpm install: added 448 packages\nNODE_ENV=production\nPulling image: node:3.11\n\u26a0 DEPRECATION: Feature will be removed in v3.0\nPushing to registry...\nSuccess!\n[12:52:02] INFO: Starting build process\n[12:52:02] WARN: Deprecated API usage\nGET /status - 200 (68ms)\nArtifact downloaded: 16MB\nnpm notice: package.json updated\npip: Installing build dependencies...\n=== Step unit_tests completed ===\n=== Step: integration_tests ===\nGenerating source maps...\nReady.\nUsing Python 3.10\nUsing Python 3.9\nPOST /data - 201 (273ms)\nChecking out develop branch\n\u2713 Step 'checkout' succeeded\nConnection established\nTests: 117 passed, 287 total\nCompiling src/utils.go...\nInstalling lodash@2.12.10\nCompiling src/index.js...\nMinifying main.js\nWARNING: webpack has known vulnerabilities\n[12:52:02] INFO: Processing request\nCompiling lib/app.ts...\npip install: Successfully installed lodash-4.14\nArtifact uploaded: dist.zip (66MB)\nWARNING: eslint has known vulnerabilities\n[12:52:02] INFO: Processing request\nDone.\nWARNING: axios has known vulnerabilities\nPOST /upload - 201 (196ms)\n[12:52:02] INFO: Starting build process\nCompiling src/service.java...\nCache miss for key-1032\nLoading...\nException: ValueError\nLoading...\nnpm notice: created a lockfile\nFetching submodules...\nDone.\nOptimizing 74 modules...\n[12:52:02] INFO: Request completed\n[12:52:02] INFO: Cache refreshed\n[12:52:02] WARN: Deprecated API usage\n[12:52:02] INFO: Processing request\nPushing to registry...\n  PASS: integration/test_cache_hit.spec.js\nnpm notice: package.json updated\nCompiling utils/app.ts...\nTest Suites: 28 passed, 37 total\nCompiling src/app.ts...\nPulling image: alpine:3.11\nVerifying...\nFetching submodules...\nArtifact uploaded: build.tar.gz (42MB)\n[12:52:02] DEBUG: Connection pool: 14 active\nCache hit for key-4799\nOptimizing 66 modules...\nyarn add: Done in 29.89s\nBuilding Docker image...\nWARNING: jest has known vulnerabilities\nDone.\nCache restored successfully (157MB)\nCompiling utils/index.js...\n[12:52:02] WARN: Deprecated API usage\nPlatform: darwin-arm64\n[12:52:02] INFO: Processing request\nPushing to registry...\n\u26a0 DEPRECATION: Feature will be removed in v3.0\nLoading...\n[12:52:02] DEBUG: Connection pool: 5 active\nCache restored successfully (308MB)\nLoading...\n[12:52:02] DEBUG: Memory usage: 891MB\n\u2713 All checks passed\nUploading artifact 'coverage' (16 files)\nProcessing...\nWARNING: axios has known vulnerabilities\nCache restored successfully (151MB)\n\u26a0 DEPRECATION: Feature will be removed in v3.0\nPOST /data - 200 (413ms)\nOK\n[12:52:02] DEBUG: Memory usage: 172MB\nUsing Python 3.10\nImage pulled successfully\n\u2713 validate completed\n\u2713 deploy completed\nUploading artifact 'build' (39 files)\nArtifact uploaded: dist.zip (73MB)\nCompiling components/main.py...\nInstalling jest@1.12.10\nStep 11/15: Running migrations\npip: Installing build dependencies...\nPlatform: win32-x64\nCompiling src/handler.rs...\n\u2713 deploy completed\n[12:52:02] INFO: Processing request\nGenerating source maps...\nBuilding Docker image...\nSwitched to branch 'bugfix/task-543'\nnpm install: resolved 1038 packages\n[12:52:02] INFO: Starting build process\npip: Installing build dependencies...\nHEAD is now at 741c626\nCache restored successfully (429MB)\nArtifact downloaded: 44MB\nStep 3/18: Linting\nInstalling lodash@3.17.4\nNODE_ENV=development\nnpm notice: package.json updated\nAlready up to date.\nWARNING: jest has known vulnerabilities\nSuccess!\nyarn add: Done in 30.20s\nPOST /api - 201 (247ms)\nCache hit for key-4830\nCompiling utils/utils.go...\nCache restored successfully (346MB)\n[12:52:02] INFO: Starting build process\nCoverage: 95% statements, 95% branches\nTest Suites: 16 passed, 14 total\nFAILED: test_user_create\nUsing Node.js 16.15.5\npip install: Successfully installed prettier-4.18\nnpm notice: created a lockfile\n[12:52:02] DEBUG: Memory usage: 1721MB\n\u2713 build completed\n\u26a0 DEPRECATION: Feature will be removed in v5.0\nnpm notice: package.json updated\nPulling image: alpine:18\nProcessing...\nArtifact downloaded: 29MB\nCache restored successfully (33MB)\n[12:52:02] WARN: Deprecated API usage\nGenerating source maps...\nVerifying...\nReady.\n[12:52:02] DEBUG: Query executed in 57ms\nGET /api - 200 (52ms)\nCompleted.\nCoverage: 72% statements, 83% branches\n[12:52:02] INFO: Cache refreshed\nTime: 56.349s\nSuccess!\nStep 8/20: Deploying\nCompiling lib/handler.rs...\nHEAD is now at d61bae8\n[12:52:02] DEBUG: Query executed in 72ms\nException: RuntimeError\n[12:52:02] DEBUG: Initializing service\nTransforming 891 files...\nnpm notice: created a lockfile\n[12:52:02] INFO: Request completed\nStep 13/21: Linting\nProcessing...\nnpm notice: created a lockfile\n  PASS: unit/test_user_create.spec.js\nReady.\nOptimizing 53 modules...\n\u2713 All checks passed\nLoading...\nUsing Node.js 17.20.9\n[12:52:02] INFO: Cache refreshed\nMinifying vendor.js\nReady.\nArtifact uploaded: build.tar.gz (38MB)\nTest Suites: 48 passed, 7 total\nArtifact downloaded: 23MB\nCoverage: 91% statements, 97% branches\nLayer 3/15: COPY command\nnpm install: resolved 615 packages\nCompiling src/utils.go...\n[12:52:02] DEBUG: Loading configuration\nSwitched to branch 'feature/task-383'\n=== Step integration_tests completed ===\n=== Step: deploy_production ===\nCompiling components/index.js...\nStep 16/25: Testing\n\u2713 Task completed in 3901ms\n  PASS: test_api_health (367ms)\nWARNING: lodash has known vulnerabilities\nTime: 118.466s\n[12:52:02] INFO: Cache refreshed\nSnapshots: 13 passed, 11 total\nTest Suites: 7 passed, 18 total\npip: Installing build dependencies...\nUsing Python 3.11\nCoverage: 96% statements, 91% branches\n[12:52:02] WARN: Deprecated API usage\nUsing Node.js 16.14.4\nCache saved successfully\npip: Collecting jest\n[12:52:02] INFO: Cache refreshed\nCache miss for key-8233\n\u2713 test completed\npip install: Successfully installed jest-5.2\nTests: 397 passed, 376 total\nLoading...\nPOST /data - 200 (158ms)\nProcessing...\n[12:52:02] ERROR: Connection failed\n  PASS: test_api_health (363ms)\nStep 16/23: Linting\nGenerating source maps...\n[12:52:02] DEBUG: Initializing service\n[12:52:02] INFO: Processing request\nyarn add: Done in 28.41s\nUploading artifact 'build' (44 files)\nCompiling utils/index.js...\n[12:52:02] INFO: Starting build process\nSnapshots: 26 passed, 21 total\n[12:52:02] DEBUG: Memory usage: 130MB\nCompiling src/service.java...\nUploading artifact 'dist' (22 files)\nHEAD is now at 431dc7a\nCreating production build...\n[12:52:02] INFO: Processing request\nWARNING: jest has known vulnerabilities\nnpm notice: created a lockfile\nHEAD is now at f4ad6e4\n[12:52:02] INFO: Request completed\nDone.\nVerifying...\nLayer 4/10: COPY command\nNODE_ENV=development\nDone.\nRan 120 tests in 14s\n[12:52:02] INFO: Request completed\npip install: Successfully installed express-1.15\nCompiling utils/service.java...\nTLS handshake completed\nPlatform: darwin-arm64\nCompiling utils/handler.rs...\nArtifact uploaded: dist.zip (14MB)\nWARNING: lodash has known vulnerabilities\n\u2713 All checks passed\nSnapshots: 11 passed, 42 total\nEnvironment: production\n[12:52:02] DEBUG: Memory usage: 488MB\nMinifying app.js\n\u2713 Step 'setup' succeeded\nCache restored successfully (416MB)\nPlatform: linux-x64\nStep 17/16: Linting\n[12:52:02] INFO: Processing request\nTime: 73.675s\nSnapshots: 18 passed, 17 total\nCoverage: 100% statements, 96% branches\nCompiling lib/handler.rs...\n  PASS: test_api_health (432ms)\nEnvironment: production\nSuccess!\nCompiling src/main.py...\nImage pulled successfully\nReady.\nArtifact uploaded: build.tar.gz (4MB)\nCompiling components/app.ts...\nHEAD is now at 5aeb3da\nMinifying app.js\nUsing Node.js 14.12.3\nBundling runtime.js\nOK\nAlready up to date.\n  PASS: test_db_connect (397ms)\nnpm notice: created a lockfile\nUsing Node.js 15.17.2\n[12:52:02] INFO: Cache refreshed\nLoading...\n[12:52:02] DEBUG: Loading configuration\nStep 8/19: Deploying\n\u2713 All checks passed\n[12:52:02] DEBUG: Initializing service\nPushing to registry...\nTests: 480 passed, 335 total\nnpm install: added 256 packages\nStep 9/24: Building\nnpm notice: created a lockfile\nPlatform: linux-x64\nStep 6/25: Running migrations\nyarn add: Done in 27.35s\nOK\nConnection established\nCache invalidated: dependencies\npip: Collecting jest\nTest Suites: 34 passed, 42 total\nGenerating source maps...\n[12:52:02] DEBUG: Loading configuration\nUsing Node.js 16.1.1\n[12:52:02] INFO: Request completed\nGET /health - 200 (62ms)\nTime: 15.884s\nLoading...\nnpm notice: package.json updated\nFetching from https://githubusercontent.com/package.json\nArtifact downloaded: 25MB\nCoverage: 79% statements, 75% branches\nOK\nnpm install: added 303 packages\nBuilding Docker image...\nPulling image: alpine:3.11\nChecking out develop branch\nRan 81 tests in 22s\nTime: 97.486s\nUsing Python 3.10\nStep 15/22: Testing\nFetching submodules...\nNODE_ENV=production\nTests: 394 passed, 169 total\n\u2713 All checks passed\n\u2713 All checks passed\nCache invalidated: node_modules\nCompiling src/service.java...\n  PASS: test_auth_login (364ms)\nnpm install: resolved 112 packages\nyarn add: Done in 22.37s\nCache miss for key-4889\nVerifying...\nCache hit for key-1215\n  PASS: test_cache_hit (234ms)\n\u2713 All checks passed\nOK\n[12:52:02] WARN: Deprecated API usage\npip: Downloading prettier-3.15.tar.gz\nGenerating source maps...\nReady.\n[12:52:02] WARN: Deprecated API usage\nFAILED: test_cache_hit\nCache miss for key-2151\nStep 13/15: Testing\n[12:52:02] DEBUG: Initializing service\nAlready up to date.\n  PASS: test_user_create (457ms)\nnpm notice: package.json updated\n[12:52:02] DEBUG: Connection pool: 16 active\nPulling image: alpine:latest\nWARNING: lodash has known vulnerabilities\nCreating production build...\npip: Collecting express\nLoading...\nEnvironment: production\nUsing Python 3.9\nOptimizing 29 modules...\n=== Step deploy_production completed ===\n=== Step: deploy_staging ===\nPushing to registry...\nConnection established\nUsing Python 3.9\nArtifact uploaded: dist.zip (78MB)\n[12:52:02] INFO: Cache refreshed\nCompiling utils/app.ts...\n[12:52:02] INFO: Connecting to database\nConnection established\nArtifact uploaded: build.tar.gz (19MB)\nnpm install: resolved 1615 packages\n\u2713 validate completed\nSnapshots: 18 passed, 42 total\nBundling runtime.css\nCache miss for key-5385\nnpm install: resolved 779 packages\nnpm install: added 180 packages\nImage pulled successfully\nDone.\nPOST /upload - 200 (26ms)\nOK\npip install: Successfully installed axios-3.6\n[12:52:02] DEBUG: Query executed in 80ms\nTests: 321 passed, 158 total\nCache hit for key-8925\nSuccess!\nCreating production build...\npip install: Successfully installed react-5.18\nTests: 458 passed, 357 total\nUploading artifact 'build' (22 files)\nCompiling utils/main.py...\n\u2713 lint completed\nWARNING: react has known vulnerabilities\nOK\nStep 17/25: Building\nCache miss for key-4440\nFetching from https://registry.npmjs.org/package.json\nMinifying main.js\n[12:52:02] INFO: Request completed\nFetching submodules...\n  PASS: e2e/test_db_connect.spec.js\nTransforming 990 files...\nTests: 263 passed, 335 total\n[12:52:02] DEBUG: Loading configuration\nInstalling react@2.3.6\nAlready up to date.\nMinifying vendor.js\nStep 12/21: Building\nTransforming 864 files...\nCompiling src/app.ts...\nnpm notice: package.json updated\nConnection established\nHEAD is now at d144b97\nWARNING: webpack has known vulnerabilities\nStep 11/19: Building\nFAILED: test_auth_login\n[12:52:02] ERROR: Connection failed\nFetching submodules...\nWaiting...\nStep 20/25: Deploying\nVerifying...\nStep 10/21: Building\nBundling runtime.css\nCompiling src/service.java...\nCreating production build...\nGET /health - 201 (21ms)\nArtifact downloaded: 44MB\n[12:52:02] DEBUG: Loading configuration\n[12:52:02] INFO: Starting build process\n[12:52:02] INFO: Cache refreshed\nPulling image: node:3.11\nLayer 8/14: COPY command\npip: Installing build dependencies...\nUsing Python 3.11\n\u26a0 DEPRECATION: Feature will be removed in v2.0\nVerifying...\nUploading artifact 'dist' (26 files)\nDone.\npip: Collecting prettier\nCache restored successfully (38MB)\nWaiting...\nEnvironment: production\nTest Suites: 50 passed, 7 total\nCompleted.\nOptimizing 19 modules...\nBuilding Docker image...\nStep 7/20: Building\nDone.\nTransforming 820 files...\nChecking out master branch\n[12:52:02] WARN: Deprecated API usage\nSwitched to branch 'hotfix/task-852'\nStep 12/21: Testing\nOptimizing 22 modules...\npip: Installing build dependencies...\n[12:52:02] DEBUG: Initializing service\nSnapshots: 37 passed, 14 total\nCreating production build...\n[12:52:02] DEBUG: Query executed in 72ms\nTLS handshake completed\nTime: 50.287s\n\u26a0 DEPRECATION: Feature will be removed in v2.0\nGET /api - 200 (63ms)\nAlready up to date.\nFetching submodules...\nException: ValueError\nUploading artifact 'coverage' (43 files)\nGET /api - 200 (35ms)\n[12:52:02] DEBUG: Initializing service\n\u26a0 DEPRECATION: Feature will be removed in v5.0\nStep 6/25: Deploying\nStep 14/19: Testing\nBundling styles.css\nEnvironment: development\nCompiling lib/service.java...\n[12:52:02] WARN: Deprecated API usage\nStep 10/18: Testing\nDone.\nWARNING: lodash has known vulnerabilities\nStep 1/24: Testing\n[12:52:02] DEBUG: Loading configuration\nnpm install: added 192 packages\npip install: Successfully installed axios-1.6\n\u26a0 DEPRECATION: Feature will be removed in v4.0\nStep 12/18: Building\nnpm install: resolved 706 packages\nnpm notice: package.json updated\n[12:52:02] DEBUG: Loading configuration\nWaiting...\nGenerating source maps...\nSuccess!\nCompiling lib/app.ts...\n[12:52:02] DEBUG: Memory usage: 811MB\nWARNING: express has known vulnerabilities\nnpm notice: created a lockfile\nCompiling src/main.py...\nTest Suites: 6 passed, 20 total\nPushing to registry...\nBuilding Docker image...\nFetching from https://github.com/package.json\n[12:52:02] DEBUG: Initializing service\nCache hit for key-9609\nCache miss for key-7341\nRan 200 tests in 56s\n\u2713 package completed\n[12:52:02] DEBUG: Initializing service\nUploading artifact 'coverage' (4 files)\n\u2713 Task completed in 214ms\n[12:52:02] INFO: Processing request\nConnection established\n[12:52:02] DEBUG: Query executed in 79ms\n\u26a0 DEPRECATION: Feature will be removed in v5.0\nCache miss for key-6523\nyarn add: Done in 19.98s\n[12:52:02] INFO: Processing request\nTests: 448 passed, 118 total\nOK\nReady.\nUsing Python 3.9\nSuccess!\nNODE_ENV=development\nFAILED: test_db_connect\n\u26a0 DEPRECATION: Feature will be removed in v2.0\npip: Collecting react\nSnapshots: 14 passed, 40 total\nChecking out develop branch\nStep 16/21: Testing\n=== Step deploy_staging completed ===\n=== Step: build ===\nWARNING: axios has known vulnerabilities\n[12:52:02] INFO: Request completed\nUsing Python 3.11\nStep 5/23: Testing\n  PASS: test_user_create (15ms)\nWaiting...\n[12:52:02] INFO: Connecting to database\npip: Downloading webpack-2.0.tar.gz\nStep 12/22: Linting\n\u26a0 DEPRECATION: Feature will be removed in v5.0\nBundling main.css\n\u26a0 DEPRECATION: Feature will be removed in v5.0\npip install: Successfully installed prettier-2.5\n[12:52:02] DEBUG: Initializing service\nCompleted.\npip: Downloading jest-4.10.tar.gz\nOptimizing 66 modules...\nRan 158 tests in 4s\nPulling image: alpine:3.11\nCache saved successfully\nCoverage: 72% statements, 85% branches\n\u2713 Step 'install' succeeded\nCompiling src/main.py...\nOK\nEnvironment: test\nStep 5/19: Building\n[12:52:02] INFO: Starting build process\nWARNING: prettier has known vulnerabilities\nCompiling utils/index.js...\nConnection established\nHEAD is now at bb3f67f\nImage pulled successfully\n\u2713 Step 'setup' succeeded\nTests: 408 passed, 104 total\n\u2713 All checks passed\n  PASS: integration/test_auth_login.spec.js\n  PASS: test_cache_hit (64ms)\nStep 2/23: Running migrations\n[12:52:02] WARN: Deprecated API usage\nVerifying...\nFAILED: test_db_connect\n[12:52:02] DEBUG: Connection pool: 10 active\nnpm install: added 307 packages\nBundling main.css\nCompiling lib/handler.rs...\n[12:52:02] INFO: Processing request\nUsing Python 3.10\n[12:52:02] DEBUG: Connection pool: 16 active\nConnection established\nArtifact uploaded: build.tar.gz (12MB)\n[12:52:02] DEBUG: Initializing service\nBuilding Docker image...\n  PASS: test_cache_hit (309ms)\nChecking out master branch\n[12:52:02] DEBUG: Initializing service\n\u2713 Step 'setup' succeeded\nTime: 118.30s\nBuilding Docker image...\nStep 11/15: Building\n[12:52:02] INFO: Request completed\n[12:52:02] WARN: Deprecated API usage\nFetching submodules...\nProcessing...\nVerifying...\nWARNING: lodash has known vulnerabilities\n[12:52:02] DEBUG: Initializing service\nException: NullPointerException\nPOST /upload - 201 (18ms)\n  PASS: integration/test_auth_login.spec.js\nTransforming 467 files...\nStep 16/22: Installing dependencies\nArtifact uploaded: build.tar.gz (19MB)\nWARNING: axios has known vulnerabilities\n[12:52:02] ERROR: Connection failed\nRan 40 tests in 40s\nGenerating source maps...\nStep 13/25: Running migrations\nBundling main.css\nStep 12/23: Testing\nSnapshots: 45 passed, 36 total\nWARNING: prettier has known vulnerabilities\nLoading...\n[12:52:02] ERROR: Connection failed\nDone.\nFAILED: test_db_connect\n[12:52:02] INFO: Starting build process\nFinished.\n[12:52:02] INFO: Request completed\nArtifact uploaded: dist.zip (50MB)\nPOST /api - 202 (57ms)\n[12:52:02] DEBUG: Loading configuration\nStep 12/19: Testing\npip: Downloading lodash-2.11.tar.gz\nWARNING: express has known vulnerabilities\nFAILED: test_db_connect\nBundling main.css\n[12:52:02] DEBUG: Query executed in 57ms\n\u2713 Task completed in 1202ms\nReady.\nTests: 205 passed, 386 total\nSnapshots: 46 passed, 14 total\nAlready up to date.\nImage pulled successfully\nNODE_ENV=production\npip install: Successfully installed webpack-2.7\nStep 3/16: Testing\nCompiling lib/service.java...\nFetching submodules...\nHEAD is now at f154ffd\nUsing Node.js 19.7.8\nArtifact uploaded: build.tar.gz (2MB)\nConnection established\nStep 2/18: Running migrations\nAlready up to date.\nPushing to registry...\n[12:52:02] DEBUG: Loading configuration\nBuilding Docker image...\nPulling image: node:18\nTest Suites: 50 passed, 20 total\nCompiling utils/index.js...\n  PASS: e2e/test_cache_hit.spec.js\n  PASS: test_cache_hit (62ms)\nVerifying...\nImage pulled successfully\n[12:52:02] DEBUG: Query executed in 8ms\npip: Downloading jest-4.0.tar.gz\nVerifying...\nnpm install: resolved 110 packages\npip install: Successfully installed eslint-5.10\n[12:52:02] INFO: Connecting to database\n[12:52:02] INFO: Connecting to database\nAlready up to date.\nAlready up to date.\nnpm install: resolved 101 packages\nReady.\nRan 104 tests in 21s\npip: Downloading jest-3.0.tar.gz\nRan 133 tests in 58s\n\u2713 Task completed in 4371ms\nFetching from https://docker.io/package.json\nFAILED: test_api_health\nCoverage: 72% statements, 73% branches\nCache hit for key-1097\nLoading...\nBundling styles.js\nLayer 6/10: ENV command\nCache invalidated: build\n\u2713 build completed\nDone.\n[12:52:02] INFO: Processing request\nHEAD is now at eef9765\n[12:52:02] DEBUG: Loading configuration\nCompleted.\nStep 11/19: Testing\nTests: 187 passed, 230 total\nStep 16/16: Running migrations\nRan 126 tests in 11s\nStep 3/18: Installing dependencies\n  PASS: unit/test_user_create.spec.js\nChecking out develop branch\nPlatform: linux-x64\n[12:52:02] INFO: Starting build process\nArtifact downloaded: 5MB\nSnapshots: 10 passed, 31 total\n[12:52:02] DEBUG: Query executed in 29ms\npip install: Successfully installed express-4.10\n=== Step build completed ===\n=== Step: restore_cache ===\nUsing Node.js 16.11.8\nCache hit for key-6952\n[12:52:02] INFO: Request completed\nVerifying...\nFetching submodules...\n[12:52:02] DEBUG: Connection pool: 17 active\nGET /status - 204 (7ms)\n\u2713 deploy completed\nPlatform: linux-x64\nBuilding Docker image...\nStep 13/21: Testing\n\u26a0 DEPRECATION: Feature will be removed in v2.0\nBundling styles.css\nGET /status - 200 (50ms)\nDone.\n[12:52:02] INFO: Cache refreshed\nChecking out develop branch\nFAILED: test_user_create\nUsing Python 3.9\nUsing Python 3.9\nUsing Node.js 18.6.4\n[12:52:02] INFO: Connecting to database\npip install: Successfully installed lodash-2.6\nGenerating source maps...\nEnvironment: staging\nStep 15/24: Linting\nUploading artifact 'dist' (39 files)\n[12:52:02] DEBUG: Initializing service\n  PASS: integration/test_db_connect.spec.js\nCache hit for key-5481\npip: Installing build dependencies...\nCoverage: 72% statements, 78% branches\nStep 1/15: Testing\nStep 3/16: Building\nCoverage: 92% statements, 68% branches\nnpm notice: created a lockfile\nBundling main.js\nFAILED: test_auth_login\nCompleted.\nArtifact uploaded: build.tar.gz (50MB)\nFetching submodules...\n\u2713 All checks passed\nPlatform: darwin-arm64\nCache hit for key-6944\n\u2717 build failed with exit code 76\nGET /health - 200 (86ms)\nImage pulled successfully\n\u26a0 DEPRECATION: Feature will be removed in v5.0\nCache miss for key-5391\nUsing Node.js 20.13.3\nFinished.\nCache miss for key-4298\nTransforming 339 files...\nImage pulled successfully\nStep 5/21: Building\n[12:52:02] INFO: Starting build process\nCache invalidated: node_modules\nFetching from https://github.com/package.json\nnpm notice: package.json updated\nHEAD is now at c058e24\n[12:52:02] WARN: Deprecated API usage\n[12:52:02] WARN: Deprecated API usage\nAlready up to date.\nEnvironment: development\n\u2713 All checks passed\nBundling runtime.css\nNODE_ENV=development\n[12:52:02] DEBUG: Memory usage: 1729MB\nChecking out develop branch\nBundling vendor.css\nCompiling utils/index.js...\nOptimizing 21 modules...\nOptimizing 30 modules...\nStep 11/23: Running migrations\nChecking out develop branch\nInstalling eslint@3.19.6\n  PASS: test_cache_hit (109ms)\nCache restored successfully (241MB)\nConnection established\nStep 9/25: Building\n[12:52:02] DEBUG: Loading configuration\nStep 17/16: Building\n\u26a0 DEPRECATION: Feature will be removed in v5.0\nArtifact downloaded: 35MB\nMinifying vendor.js\n\u26a0 DEPRECATION: Feature will be removed in v4.0\nVerifying...\nCompiling src/main.py...\nChecking out master branch\nProcessing...\nCompleted.\nGET /api - 200 (85ms)\nStep 20/24: Running migrations\nnpm install: added 298 packages\nBundling styles.js\nOK\n\u2713 All checks passed\n[12:52:02] DEBUG: Initializing service\nInstalling axios@5.4.0\nCache saved successfully\n[12:52:02] ERROR: Connection failed\nNODE_ENV=test\nSnapshots: 7 passed, 5 total\nStep 19/17: Testing\nAlready up to date.\n[12:52:02] WARN: Deprecated API usage\nException: TypeError\n\u2713 Step 'setup' succeeded\nOK\n[12:52:02] DEBUG: Query executed in 44ms\n[12:52:02] DEBUG: Connection pool: 10 active\nRan 174 tests in 19s\n[12:52:02] DEBUG: Connection pool: 17 active\nCache miss for key-3704\nStep 15/20: Linting\nWARNING: express has known vulnerabilities\nPlatform: win32-x64\nOK\nTransforming 134 files...\nCoverage: 89% statements, 97% branches\nFetching submodules...\nFetching from https://registry.npmjs.org/package.json\nBuilding Docker image...\nChecking out main branch\nTest Suites: 35 passed, 34 total\nBuilding Docker image...\npip: Installing build dependencies...\n[12:52:02] WARN: Deprecated API usage\nPOST /api - 202 (254ms)\n[12:52:02] DEBUG: Memory usage: 912MB\npip: Downloading prettier-4.13.tar.gz\nTest Suites: 18 passed, 45 total\nStep 15/19: Linting\n[12:52:02] DEBUG: Connection pool: 5 active\n[12:52:02] INFO: Cache refreshed\nnpm notice: package.json updated\nHEAD is now at a3ba850\nConnection established\n[12:52:02] DEBUG: Connection pool: 20 active\nStep 13/25: Running migrations\nInstalling express@4.3.8\nWaiting...\nTransforming 260 files...\nVerifying...\n\u26a0 DEPRECATION: Feature will be removed in v3.0\n\u2713 Task completed in 1717ms\n[12:52:02] INFO: Cache refreshed\n[12:52:02] DEBUG: Initializing service\nTime: 49.629s\nInstalling webpack@5.8.1\nStep 17/20: Linting\nFAILED: test_user_create\nPOST /upload - 200 (37ms)\nCache restored successfully (127MB)\nArtifact downloaded: 8MB\nPOST /data - 202 (159ms)\n\u26a0 DEPRECATION: Feature will be removed in v5.0\nStep 20/24: Running migrations\nFinished.\nArtifact uploaded: build.tar.gz (36MB)\nCompiling components/main.py...\nnpm notice: package.json updated\nHEAD is now at 2f419ac\nTLS handshake completed\nTime: 4.107s\n[12:52:02] WARN: Deprecated API usage\n=== Step restore_cache completed ===\n=== Step: setup_environment ===\nBundling main.js\nImage pulled successfully\n[12:52:02] DEBUG: Query executed in 28ms\npip: Installing build dependencies...\nCompiling components/handler.rs...\n[12:52:02] INFO: Cache refreshed\nyarn add: Done in 21.81s\nDone.\n[12:52:02] INFO: Request completed\n[12:52:02] DEBUG: Initializing service\nRan 92 tests in 2s\nReady.\nImage pulled successfully\nWARNING: lodash has known vulnerabilities\n\u26a0 DEPRECATION: Feature will be removed in v5.0\nWaiting...\nnpm notice: package.json updated\nFetching submodules...\n[12:52:02] INFO: Cache refreshed\nWaiting...\nStep 7/17: Installing dependencies\n[12:52:02] INFO: Connecting to database\npip: Collecting webpack\nSnapshots: 0 passed, 8 total\nUploading artifact 'dist' (30 files)\nCreating production build...\nArtifact uploaded: build.tar.gz (3MB)\nPlatform: win32-x64\n\u26a0 DEPRECATION: Feature will be removed in v4.0\nCache hit for key-9905\nSwitched to branch 'feature/task-750'\nPulling image: alpine:3.11\nWARNING: express has known vulnerabilities\nWaiting...\nSnapshots: 19 passed, 14 total\nRan 150 tests in 38s\n\u26a0 DEPRECATION: Feature will be removed in v2.0\nDone.\nCreating production build...\nArtifact uploaded: build.tar.gz (14MB)\n\u2713 Step 'install' succeeded\npip: Installing build dependencies...\n[12:52:02] DEBUG: Query executed in 65ms\n  PASS: unit/test_db_connect.spec.js\nTest Suites: 5 passed, 47 total\nGenerating source maps...\nCreating production build...\nCreating production build...\nDone.\n\u2713 Task completed in 4747ms\nConnection established\nNODE_ENV=development\nPOST /upload - 200 (397ms)\nnpm install: added 23 packages\nCache saved successfully\nCompleted.\nArtifact uploaded: dist.zip (41MB)\nWARNING: eslint has known vulnerabilities\nCache restored successfully (455MB)\nNODE_ENV=test\nCompleted.\nUsing Node.js 18.16.4\nTransforming 533 files...\n[12:52:02] INFO: Starting build process\nChecking out master branch\nUsing Python 3.9\nException: ValueError\nArtifact downloaded: 41MB\nUploading artifact 'build' (21 files)\nArtifact uploaded: build.tar.gz (34MB)\nCompleted.\nRan 119 tests in 33s\nMinifying app.js\nTime: 100.46s\nStep 14/22: Testing\nEnvironment: development\nTLS handshake completed\nReady.\n[12:52:02] INFO: Processing request\nyarn add: Done in 27.53s\nPushing to registry...\n[12:52:02] DEBUG: Memory usage: 1971MB\nStep 13/19: Building\npip: Installing build dependencies...\n\u2713 Step 'install' succeeded\nFetching submodules...\n\u26a0 DEPRECATION: Feature will be removed in v4.0\nInstalling react@2.20.2\nCompiling utils/handler.rs...\nStep 6/15: Linting\nCache restored successfully (308MB)\nFAILED: test_auth_login\npip: Downloading react-1.12.tar.gz\nCache miss for key-7455\npip: Collecting react\npip: Downloading webpack-2.14.tar.gz\nStep 14/23: Building\npip install: Successfully installed jest-1.8\n[12:52:02] WARN: Deprecated API usage\npip: Installing build dependencies...\nnpm notice: created a lockfile\nBundling runtime.css\nCompiling src/app.ts...\n  PASS: test_api_health (478ms)\nChecking out develop branch\nCompleted.\nReady.\n\u26a0 DEPRECATION: Feature will be removed in v4.0\nArtifact uploaded: dist.zip (86MB)\npip: Collecting jest\n  PASS: test_db_connect (405ms)\n\u26a0 DEPRECATION: Feature will be removed in v4.0\nPlatform: linux-x64\nCache saved successfully\nPulling image: python:18\nDone.\nnpm install: resolved 1258 packages\nRan 72 tests in 41s\nCompiling lib/utils.go...\nHEAD is now at 3672ebf\n\u26a0 DEPRECATION: Feature will be removed in v2.0\nEnvironment: development\n[12:52:02] INFO: Request completed\nArtifact uploaded: dist.zip (23MB)\nBundling styles.css\nPushing to registry...\n[12:52:02] WARN: Deprecated API usage\nLoading...\nArtifact downloaded: 21MB\nUploading artifact 'coverage' (30 files)\npip install: Successfully installed lodash-4.4\nArtifact uploaded: dist.zip (10MB)\nnpm notice: package.json updated\nWARNING: prettier has known vulnerabilities\nFetching submodules...\nFetching submodules...\nnpm install: added 292 packages\nDone.\nTest Suites: 8 passed, 16 total\nVerifying...\nCache saved successfully\nStep 15/21: Linting\npip install: Successfully installed jest-3.18\nBundling runtime.css\n[12:52:02] WARN: Deprecated API usage\nWARNING: lodash has known vulnerabilities\nInstalling react@3.1.7\n\u26a0 DEPRECATION: Feature will be removed in v4.0\nException: RuntimeError\nCoverage: 100% statements, 88% branches\nGenerating source maps...\nnpm notice: created a lockfile\n[12:52:02] DEBUG: Initializing service\n\u2717 build failed with exit code 5\n  PASS: test_api_health (482ms)\nReady.\nConnection established\nArtifact uploaded: build.tar.gz (50MB)\nSwitched to branch 'feature/task-700'\npip: Collecting eslint\n[12:52:02] DEBUG: Initializing service\npip: Installing build dependencies...\n\u2713 Step 'build' succeeded\nDone.\npip install: Successfully installed axios-5.14\npip: Installing build dependencies...\n=== Step setup_environment completed ===\n=== Step: upload_artifacts ===\nnpm install: resolved 379 packages\nnpm notice: package.json updated\n\u26a0 DEPRECATION: Feature will be removed in v4.0\nCache invalidated: node_modules\nStep 12/21: Testing\nInstalling express@5.12.10\nUsing Node.js 19.2.4\nWaiting...\n  PASS: test_cache_hit (393ms)\n[12:52:02] INFO: Processing request\nStep 11/20: Running migrations\nSnapshots: 37 passed, 16 total\n[12:52:02] INFO: Cache refreshed\nnpm notice: created a lockfile\nWaiting...\nSwitched to branch 'hotfix/task-573'\nReady.\nArtifact uploaded: dist.zip (16MB)\nPOST /api - 201 (394ms)\nFinished.\nAlready up to date.\nStep 18/25: Deploying\n\u26a0 DEPRECATION: Feature will be removed in v2.0\nPlatform: linux-x64\nReady.\nFetching from https://gcr.io/package.json\nLoading...\nnpm install: resolved 642 packages\npip: Installing build dependencies...\nStep 9/19: Building\npip: Downloading prettier-5.10.tar.gz\n[12:52:02] INFO: Cache refreshed\nArtifact uploaded: build.tar.gz (17MB)\nTest Suites: 40 passed, 46 total\nStep 1/24: Testing\nStep 14/20: Testing\nRan 120 tests in 35s\nMinifying app.js\n\u26a0 DEPRECATION: Feature will be removed in v3.0\nUsing Python 3.12\n[12:52:02] INFO: Processing request\nCompiling utils/index.js...\nPlatform: darwin-arm64\n[12:52:02] DEBUG: Connection pool: 8 active\nUploading artifact 'coverage' (13 files)\nProcessing...\nnpm notice: created a lockfile\n  PASS: unit/test_api_health.spec.js\nnpm notice: package.json updated\nMinifying vendor.js\nTests: 466 passed, 60 total\nWARNING: prettier has known vulnerabilities\n[12:52:02] INFO: Cache refreshed\nTransforming 117 files...\nSuccess!\nStep 18/18: Linting\nStep 4/25: Deploying\nException: NullPointerException\nLoading...\n[12:52:02] INFO: Connecting to database\n[12:52:02] WARN: Deprecated API usage\n[12:52:02] INFO: Cache refreshed\nCache miss for key-5108\nStep 20/15: Installing dependencies\n  PASS: integration/test_auth_login.spec.js\n[12:52:02] ERROR: Connection failed\n[12:52:02] WARN: Deprecated API usage\nOptimizing 86 modules...\nSwitched to branch 'feature/task-824'\nOptimizing 54 modules...\nSwitched to branch 'hotfix/task-514'\n[12:52:02] DEBUG: Connection pool: 9 active\nLoading...\nCache invalidated: node_modules\nSuccess!\nCompiling lib/utils.go...\nFinished.\nPlatform: linux-x64\nException: NullPointerException\n\u2713 Step 'build' succeeded\n[12:52:02] WARN: Deprecated API usage\nConnection established\nSwitched to branch 'bugfix/task-823'\n\u26a0 DEPRECATION: Feature will be removed in v3.0\nnpm install: added 337 packages\nFetching submodules...\nPOST /upload - 201 (198ms)\nTime: 37.507s\nStep 9/18: Deploying\nArtifact downloaded: 25MB\nUploading artifact 'build' (29 files)\nGET /status - 204 (24ms)\nTests: 232 passed, 195 total\nPlatform: win32-x64\nTime: 52.603s\nnpm notice: created a lockfile\n[12:52:02] WARN: Deprecated API usage\n\u26a0 DEPRECATION: Feature will be removed in v5.0\nyarn add: Done in 10.18s\n[12:52:02] INFO: Processing request\nWaiting...\nStep 13/19: Building\nEnvironment: development\nBuilding Docker image...\nTime: 51.623s\nTime: 104.371s\nStep 7/22: Building\nCreating production build...\nFetching from https://registry.npmjs.org/package.json\nCache invalidated: build\nRan 11 tests in 35s\n\u2713 All checks passed\nProcessing...\npip: Collecting axios\nCoverage: 74% statements, 60% branches\n[12:52:02] DEBUG: Query executed in 35ms\nConnection established\nOK\n[12:52:02] INFO: Request completed\n[12:52:02] ERROR: Connection failed\nReady.\nUsing Node.js 16.0.9\nVerifying...\nTime: 31.961s\npip install: Successfully installed prettier-3.13\nTest Suites: 21 passed, 7 total\nConnection established\nReady.\nAlready up to date.\n[12:52:02] INFO: Processing request\nReady.\nFetching from https://googleapis.com/package.json\nArtifact downloaded: 21MB\nProcessing...\nCompiling utils/handler.rs...\nGET /health - 200 (80ms)\npip: Downloading jest-1.9.tar.gz\nFAILED: test_db_connect\nCompiling src/main.py...\nDone.\nPulling image: alpine:3.11\nCompiling src/app.ts...\npip: Installing build dependencies...\n  PASS: integration/test_cache_hit.spec.js\npip: Collecting eslint\nHEAD is now at 53e863d\n\u2713 All checks passed\nArtifact uploaded: build.tar.gz (48MB)\n[12:52:02] INFO: Connecting to database\nLayer 7/15: RUN command\n[12:52:02] DEBUG: Memory usage: 348MB\nTLS handshake completed\n[12:52:02] WARN: Deprecated API usage\nSuccess!\n\u2713 Task completed in 3676ms\n\u2713 All checks passed\nTLS handshake completed\nNODE_ENV=test\nGET /health - 200 (7ms)\nStep 15/19: Testing\n  PASS: unit/test_auth_login.spec.js\nSwitched to branch 'hotfix/task-713'\nCompiling utils/app.ts...\npip: Installing build dependencies...\n\u2717 build failed with exit code 105\npip: Collecting react\n=== Step upload_artifacts completed ===\n=== Step: lint ===\npip: Collecting react\nUsing Node.js 17.1.2\nNODE_ENV=production\npip: Downloading express-5.9.tar.gz\n\u26a0 DEPRECATION: Feature will be removed in v4.0\nTests: 330 passed, 161 total\nImage pulled successfully\nStep 1/20: Linting\nStep 7/24: Building\nMinifying vendor.js\nUploading artifact 'build' (40 files)\nTests: 316 passed, 201 total\nArtifact uploaded: dist.zip (47MB)\n[12:52:02] INFO: Starting build process\nTransforming 552 files...\nRan 64 tests in 21s\nVerifying...\nBundling vendor.css\nBuilding Docker image...\nyarn add: Done in 18.41s\nSwitched to branch 'hotfix/task-375'\nRan 34 tests in 40s\nConnection established\nEnvironment: production\n[12:52:02] INFO: Request completed\nTransforming 253 files...\nPushing to registry...\nFetching from https://registry.npmjs.org/package.json\n  PASS: e2e/test_db_connect.spec.js\nnpm install: added 433 packages\nFAILED: test_cache_hit\n\u2713 Task completed in 1203ms\nTLS handshake completed\nnpm install: resolved 1281 packages\nHEAD is now at f66ba68\nException: TypeError\nCache restored successfully (19MB)\nTransforming 283 files...\npip install: Successfully installed webpack-5.1\nCompiling utils/service.java...\nCache restored successfully (432MB)\nReady.\n[12:52:02] INFO: Connecting to database\nCreating production build...\nTLS handshake completed\n[12:52:02] INFO: Starting build process\nUploading artifact 'dist' (19 files)\nPlatform: darwin-arm64\nPulling image: node:3.11\nSuccess!\nUsing Node.js 15.3.3\n[12:52:02] WARN: Deprecated API usage\nCache hit for key-7173\nFetching submodules...\n[12:52:02] DEBUG: Memory usage: 792MB\nEnvironment: development\nCache restored successfully (104MB)\npip: Collecting lodash\n\u26a0 DEPRECATION: Feature will be removed in v3.0\nDone.\nVerifying...\nConnection established\nCompiling lib/app.ts...\nMinifying app.js\nnpm install: added 130 packages\n\u26a0 DEPRECATION: Feature will be removed in v3.0\nPushing to registry...\n[12:52:02] DEBUG: Loading configuration\nTest Suites: 31 passed, 35 total\n\u2717 build failed with exit code 66\nStep 9/22: Deploying\nLayer 6/12: RUN command\nWaiting...\n[12:52:02] INFO: Request completed\n\u2713 Task completed in 4979ms\n[12:52:02] INFO: Connecting to database\nHEAD is now at c3cf6a3\n\u26a0 DEPRECATION: Feature will be removed in v2.0\nCompiling utils/main.py...\nStep 8/16: Linting\nCache saved successfully\npip: Installing build dependencies...\nTime: 86.970s\nCompiling lib/service.java...\nPOST /data - 202 (111ms)\nSuccess!\n[12:52:02] DEBUG: Memory usage: 1098MB\nCompiling lib/utils.go...\nCompiling src/handler.rs...\nFetching from https://pypi.org/package.json\n[12:52:02] WARN: Deprecated API usage\nLoading...\nReady.\n\u2713 build completed\nStep 13/24: Installing dependencies\nCache restored successfully (54MB)\nTest Suites: 45 passed, 9 total\nReady.\nTest Suites: 50 passed, 41 total\n[12:52:02] DEBUG: Loading configuration\nTests: 132 passed, 447 total\nException: RuntimeError\nArtifact uploaded: build.tar.gz (1MB)\nPOST /upload - 201 (431ms)\nCache invalidated: build\nGET /api - 200 (73ms)\nLoading...\nUploading artifact 'coverage' (45 files)\nyarn add: Done in 1.73s\npip: Installing build dependencies...\nLoading...\nOptimizing 64 modules...\npip install: Successfully installed react-3.6\nArtifact uploaded: build.tar.gz (10MB)\nnpm notice: created a lockfile\n[12:52:02] DEBUG: Memory usage: 610MB\n[12:52:02] DEBUG: Loading configuration\nBundling main.js\nReady.\nTests: 309 passed, 241 total\nGenerating source maps...\n\u2713 Step 'build' succeeded\n\u26a0 DEPRECATION: Feature will be removed in v2.0\n\u2713 All checks passed\nnpm install: resolved 1299 packages\n[12:52:02] INFO: Connecting to database\nCompiling lib/service.java...\nArtifact uploaded: build.tar.gz (43MB)\nyarn add: Done in 10.71s\nEnvironment: test\n\u26a0 DEPRECATION: Feature will be removed in v5.0\nTests: 458 passed, 190 total\nOptimizing 32 modules...\nyarn add: Done in 20.98s\nArtifact uploaded: build.tar.gz (1MB)\nStep 11/17: Deploying\nHEAD is now at c1e9061\nFinished.\nCache hit for key-8682\nnpm install: resolved 903 packages\nTests: 379 passed, 52 total\nChecking out main branch\nCache hit for key-1429\n\u2713 Step 'install' succeeded\nStep 16/19: Installing dependencies\nNODE_ENV=development\n\u26a0 DEPRECATION: Feature will be removed in v3.0\nLoading...\nAlready up to date.\nRan 60 tests in 41s\npip: Downloading eslint-4.12.tar.gz\nCache miss for key-8465\nFetching submodules...\nOptimizing 71 modules...\nNODE_ENV=test\nCache miss for key-5947\nyarn add: Done in 26.79s\n[12:52:02] INFO: Connecting to database\n  PASS: test_cache_hit (273ms)\npip: Downloading react-2.8.tar.gz\nTests: 190 passed, 499 total\nUsing Node.js 17.2.0\nFetching submodules...\nCompiling utils/index.js...\n\u26a0 DEPRECATION: Feature will be removed in v3.0\nHEAD is now at 8503cbb\n=== Step lint completed ===",
    "steps": [
      {
        "name": "setup_node",
        "status": "success",
        "started_at": "2025-11-23T12:52:02.239070",
        "finished_at": "2025-11-23T12:52:12.862364",
        "log_lines": [
          "=== Step: setup_node ===",
          "Image pulled successfully",
          "[12:52:02] DEBUG: Connection pool: 8 active",
          "Fetching submodules...",
          "\u26a0 DEPRECATION: Feature will be removed in v4.0",
          "TLS handshake completed",
          "Tests: 164 passed, 248 total",
          "Creating production build...",
          "pip: Installing build dependencies...",
          "Already up to date.",
          "Minifying main.js",
          "NODE_ENV=production",
          "\u2713 build completed",
          "[12:52:02] INFO: Cache refreshed",
          "Compiling src/index.js...",
          "Already up to date.",
          "Cache restored successfully (118MB)",
          "POST /data - 201 (168ms)",
          "[12:52:02] ERROR: Connection failed",
          "Completed.",
          "\u26a0 DEPRECATION: Feature will be removed in v3.0",
          "pip: Installing build dependencies...",
          "Generating source maps...",
          "Step 17/15: Running migrations",
          "Waiting...",
          "pip: Collecting react",
          "yarn add: Done in 2.92s",
          "Cache saved successfully",
          "Tests: 140 passed, 113 total",
          "Switched to branch 'feature/task-353'",
          "Platform: linux-x64",
          "Using Node.js 20.6.9",
          "\u2713 Step 'setup' succeeded",
          "Done.",
          "Cache invalidated: build",
          "Connection established",
          "Cache hit for key-9874",
          "Cache restored successfully (291MB)",
          "[12:52:02] DEBUG: Initializing service",
          "Waiting...",
          "\u26a0 DEPRECATION: Feature will be removed in v4.0",
          "[12:52:02] WARN: Deprecated API usage",
          "NODE_ENV=test",
          "Platform: win32-x64",
          "Environment: staging",
          "\u2713 Task completed in 1469ms",
          "Time: 20.38s",
          "Loading...",
          "[12:52:02] INFO: Connecting to database",
          "pip: Installing build dependencies...",
          "Connection established",
          "Finished.",
          "Artifact uploaded: dist.zip (30MB)",
          "Fetching submodules...",
          "Success!",
          "[12:52:02] INFO: Connecting to database",
          "Loading...",
          "Done.",
          "Fetching submodules...",
          "Pushing to registry...",
          "\u26a0 DEPRECATION: Feature will be removed in v5.0",
          "Generating source maps...",
          "[12:52:02] WARN: Deprecated API usage",
          "npm install: resolved 1165 packages",
          "Building Docker image...",
          "Snapshots: 12 passed, 11 total",
          "Cache restored successfully (92MB)",
          "Environment: test",
          "Test Suites: 15 passed, 33 total",
          "Compiling src/index.js...",
          "OK",
          "[12:52:02] DEBUG: Initializing service",
          "Step 13/25: Testing",
          "Bundling styles.css",
          "Step 16/20: Linting",
          "FAILED: test_cache_hit",
          "Ran 108 tests in 4s",
          "Loading...",
          "Processing...",
          "Checking out develop branch",
          "WARNING: eslint has known vulnerabilities",
          "\u2713 Step 'checkout' succeeded",
          "Done.",
          "Ready.",
          "Test Suites: 36 passed, 25 total",
          "Pushing to registry...",
          "POST /upload - 201 (249ms)",
          "Exception: ValueError",
          "pip: Collecting react",
          "WARNING: express has known vulnerabilities",
          "npm install: added 186 packages",
          "Compiling components/app.ts...",
          "GET /status - 201 (54ms)",
          "Snapshots: 17 passed, 15 total",
          "\u2713 test completed",
          "GET /api - 200 (80ms)",
          "Snapshots: 0 passed, 10 total",
          "npm install: resolved 105 packages",
          "  PASS: test_user_create (335ms)",
          "Snapshots: 13 passed, 15 total",
          "Step 14/15: Linting",
          "Artifact uploaded: dist.zip (65MB)",
          "[12:52:02] DEBUG: Initializing service",
          "\u2717 build failed with exit code 114",
          "Verifying...",
          "Using Python 3.10",
          "Switched to branch 'feature/task-110'",
          "[12:52:02] DEBUG: Loading configuration",
          "Tests: 325 passed, 481 total",
          "[12:52:02] INFO: Starting build process",
          "npm install: added 427 packages",
          "Waiting...",
          "Already up to date.",
          "Pushing to registry...",
          "Verifying...",
          "Tests: 377 passed, 200 total",
          "Processing...",
          "Step 4/20: Installing dependencies",
          "pip: Installing build dependencies...",
          "npm install: added 39 packages",
          "Pulling image: python:3.11",
          "Step 18/15: Testing",
          "Using Node.js 20.4.9",
          "Step 20/17: Testing",
          "Compiling lib/handler.rs...",
          "yarn add: Done in 28.54s",
          "Tests: 219 passed, 461 total",
          "Loading...",
          "[12:52:02] INFO: Cache refreshed",
          "[12:52:02] WARN: Deprecated API usage",
          "Already up to date.",
          "\u2713 All checks passed",
          "HEAD is now at b4bc84c",
          "\u2713 lint completed",
          "Layer 5/12: ENV command",
          "TLS handshake completed",
          "Artifact downloaded: 44MB",
          "Tests: 63 passed, 232 total",
          "Verifying...",
          "Checking out main branch",
          "Switched to branch 'bugfix/task-905'",
          "[12:52:02] DEBUG: Loading configuration",
          "Cache hit for key-6956",
          "\u26a0 DEPRECATION: Feature will be removed in v5.0",
          "HEAD is now at 038ca0f",
          "Optimizing 62 modules...",
          "[12:52:02] INFO: Starting build process",
          "Switched to branch 'bugfix/task-767'",
          "Cache miss for key-3912",
          "[12:52:02] INFO: Request completed",
          "[12:52:02] DEBUG: Memory usage: 1039MB",
          "Step 2/18: Installing dependencies",
          "\u2713 test completed",
          "Waiting...",
          "[12:52:02] ERROR: Connection failed",
          "Test Suites: 48 passed, 11 total",
          "[12:52:02] WARN: Deprecated API usage",
          "[12:52:02] ERROR: Connection failed",
          "Using Node.js 17.3.1",
          "Compiling src/index.js...",
          "npm install: added 267 packages",
          "npm notice: package.json updated",
          "Ready.",
          "Switched to branch 'feature/task-379'",
          "Minifying vendor.js",
          "[12:52:02] DEBUG: Connection pool: 9 active",
          "pip: Installing build dependencies...",
          "=== Step setup_node completed ==="
        ]
      },
      {
        "name": "e2e_tests",
        "status": "success",
        "started_at": "2025-11-23T12:52:12.862364",
        "finished_at": "2025-11-23T12:52:23.485658",
        "log_lines": [
          "=== Step: e2e_tests ===",
          "Finished.",
          "[12:52:02] DEBUG: Loading configuration",
          "HEAD is now at 5467350",
          "Fetching from https://docker.io/package.json",
          "Cache miss for key-7525",
          "POST /api - 202 (470ms)",
          "Installing react@5.9.9",
          "Tests: 185 passed, 467 total",
          "Uploading artifact 'dist' (28 files)",
          "Loading...",
          "pip install: Successfully installed axios-5.3",
          "Step 4/22: Installing dependencies",
          "WARNING: jest has known vulnerabilities",
          "Step 20/17: Linting",
          "Loading...",
          "[12:52:02] DEBUG: Query executed in 56ms",
          "Switched to branch 'bugfix/task-244'",
          "Test Suites: 50 passed, 29 total",
          "Exception: TypeError",
          "FAILED: test_api_health",
          "[12:52:02] INFO: Cache refreshed",
          "[12:52:02] INFO: Request completed",
          "Artifact uploaded: build.tar.gz (4MB)",
          "Step 5/23: Building",
          "\u26a0 DEPRECATION: Feature will be removed in v2.0",
          "[12:52:02] ERROR: Connection failed",
          "[12:52:02] DEBUG: Connection pool: 17 active",
          "Checking out develop branch",
          "Verifying...",
          "\u2713 Task completed in 705ms",
          "Fetching from https://gcr.io/package.json",
          "Waiting...",
          "[12:52:02] INFO: Connecting to database",
          "Step 11/16: Running migrations",
          "Cache saved successfully",
          "Artifact uploaded: dist.zip (99MB)",
          "  PASS: test_user_create (316ms)",
          "OK",
          "yarn add: Done in 30.93s",
          "\u26a0 DEPRECATION: Feature will be removed in v2.0",
          "Creating production build...",
          "Cache restored successfully (33MB)",
          "Compiling utils/app.ts...",
          "Cache restored successfully (296MB)",
          "Bundling styles.css",
          "Generating source maps...",
          "Already up to date.",
          "Artifact downloaded: 11MB",
          "Loading...",
          "Snapshots: 32 passed, 28 total",
          "Waiting...",
          "\u26a0 DEPRECATION: Feature will be removed in v2.0",
          "Transforming 549 files...",
          "Ran 22 tests in 18s",
          "Creating production build...",
          "Creating production build...",
          "[12:52:02] INFO: Starting build process",
          "Step 14/23: Linting",
          "Loading...",
          "[12:52:02] INFO: Starting build process",
          "Artifact downloaded: 3MB",
          "Waiting...",
          "Ran 137 tests in 37s",
          "pip: Collecting jest",
          "GET /api - 204 (13ms)",
          "Ran 44 tests in 17s",
          "OK",
          "\u26a0 DEPRECATION: Feature will be removed in v4.0",
          "Using Python 3.9",
          "[12:52:02] DEBUG: Connection pool: 1 active",
          "Verifying...",
          "Exception: RuntimeError",
          "Compiling src/app.ts...",
          "pip: Downloading lodash-4.12.tar.gz",
          "\u2713 build completed",
          "[12:52:02] INFO: Starting build process",
          "[12:52:02] DEBUG: Loading configuration",
          "Environment: development",
          "[12:52:02] WARN: Deprecated API usage",
          "Compiling utils/app.ts...",
          "Transforming 338 files...",
          "[12:52:02] INFO: Connecting to database",
          "Pushing to registry...",
          "\u2713 Task completed in 2186ms",
          "Using Python 3.12",
          "Ran 102 tests in 17s",
          "Success!",
          "[12:52:02] INFO: Processing request",
          "Coverage: 75% statements, 93% branches",
          "OK",
          "WARNING: jest has known vulnerabilities",
          "[12:52:02] DEBUG: Initializing service",
          "Verifying...",
          "WARNING: prettier has known vulnerabilities",
          "Cache miss for key-7499",
          "Fetching from https://github.com/package.json",
          "Platform: linux-x64",
          "Artifact downloaded: 16MB",
          "TLS handshake completed",
          "TLS handshake completed",
          "WARNING: jest has known vulnerabilities",
          "  PASS: test_db_connect (318ms)",
          "Connection established",
          "Optimizing 80 modules...",
          "pip install: Successfully installed express-5.0",
          "Done.",
          "Already up to date.",
          "[12:52:02] INFO: Starting build process",
          "Waiting...",
          "Step 13/16: Testing",
          "GET /api - 201 (40ms)",
          "GET /health - 204 (28ms)",
          "[12:52:02] INFO: Starting build process",
          "Test Suites: 43 passed, 19 total",
          "Step 19/22: Running migrations",
          "Cache hit for key-8038",
          "GET /status - 200 (48ms)",
          "yarn add: Done in 10.88s",
          "Time: 70.61s",
          "NODE_ENV=production",
          "Step 7/21: Installing dependencies",
          "pip: Downloading eslint-2.16.tar.gz",
          "npm notice: created a lockfile",
          "Pushing to registry...",
          "[12:52:02] INFO: Connecting to database",
          "[12:52:02] INFO: Request completed",
          "Tests: 110 passed, 211 total",
          "npm install: added 407 packages",
          "FAILED: test_db_connect",
          "[12:52:02] WARN: Deprecated API usage",
          "Test Suites: 46 passed, 5 total",
          "GET /status - 201 (24ms)",
          "Fetching submodules...",
          "Finished.",
          "[12:52:02] DEBUG: Memory usage: 937MB",
          "\u26a0 DEPRECATION: Feature will be removed in v3.0",
          "[12:52:02] WARN: Deprecated API usage",
          "Processing...",
          "[12:52:02] DEBUG: Query executed in 54ms",
          "yarn add: Done in 26.38s",
          "Step 17/23: Running migrations",
          "Using Node.js 20.9.0",
          "Connection established",
          "  PASS: test_db_connect (60ms)",
          "[12:52:02] INFO: Connecting to database",
          "Using Python 3.9",
          "OK",
          "pip: Collecting express",
          "[12:52:02] WARN: Deprecated API usage",
          "[12:52:02] WARN: Deprecated API usage",
          "Completed.",
          "pip: Installing build dependencies...",
          "Creating production build...",
          "Tests: 349 passed, 257 total",
          "NODE_ENV=development",
          "TLS handshake completed",
          "Minifying app.js",
          "[12:52:02] DEBUG: Memory usage: 1381MB",
          "Cache hit for key-9599",
          "[12:52:02] WARN: Deprecated API usage",
          "Ready.",
          "\u2717 build failed with exit code 55",
          "Artifact uploaded: build.tar.gz (19MB)",
          "Step 2/21: Installing dependencies",
          "npm notice: created a lockfile",
          "Success!",
          "=== Step e2e_tests completed ==="
        ]
      },
      {
        "name": "checkout",
        "status": "success",
        "started_at": "2025-11-23T12:52:23.485658",
        "finished_at": "2025-11-23T12:52:27.734975",
        "log_lines": [
          "=== Step: checkout ===",
          "Step 16/19: Testing",
          "npm install: added 311 packages",
          "NODE_ENV=development",
          "yarn add: Done in 7.71s",
          "npm notice: created a lockfile",
          "Switched to branch 'hotfix/task-596'",
          "Creating production build...",
          "Step 1/22: Testing",
          "[12:52:02] DEBUG: Query executed in 42ms",
          "Transforming 112 files...",
          "Step 4/22: Linting",
          "Installing lodash@4.4.7",
          "[12:52:02] DEBUG: Query executed in 10ms",
          "[12:52:02] WARN: Deprecated API usage",
          "Completed.",
          "Loading...",
          "  PASS: integration/test_api_health.spec.js",
          "FAILED: test_user_create",
          "Step 17/16: Deploying",
          "[12:52:02] DEBUG: Loading configuration",
          "Verifying...",
          "Already up to date.",
          "Success!",
          "Fetching from https://docker.io/package.json",
          "Switched to branch 'hotfix/task-964'",
          "Step 8/25: Running migrations",
          "Step 14/18: Linting",
          "HEAD is now at eff2243",
          "\u2713 Task completed in 3874ms",
          "Building Docker image...",
          "\u2713 deploy completed",
          "Tests: 180 passed, 89 total",
          "[12:52:02] INFO: Processing request",
          "[12:52:02] WARN: Deprecated API usage",
          "Using Python 3.11",
          "Fetching from https://registry.npmjs.org/package.json",
          "Compiling utils/main.py...",
          "Compiling lib/app.ts...",
          "[12:52:02] DEBUG: Loading configuration",
          "Processing...",
          "yarn add: Done in 12.81s",
          "Cache miss for key-3955",
          "Already up to date.",
          "Layer 4/15: RUN command",
          "Finished.",
          "Using Python 3.10",
          "Exception: NullPointerException",
          "Cache saved successfully",
          "Layer 5/10: ENV command",
          "Optimizing 16 modules...",
          "Pulling image: node:3.11",
          "Ready.",
          "FAILED: test_cache_hit",
          "Using Node.js 17.11.0",
          "[12:52:02] DEBUG: Memory usage: 127MB",
          "\u2717 build failed with exit code 88",
          "TLS handshake completed",
          "Time: 43.493s",
          "Cache invalidated: build",
          "[12:52:02] DEBUG: Query executed in 25ms",
          "Artifact uploaded: build.tar.gz (19MB)",
          "Already up to date.",
          "Optimizing 89 modules...",
          "\u26a0 DEPRECATION: Feature will be removed in v2.0",
          "Fetching submodules...",
          "Cache restored successfully (444MB)",
          "Step 18/23: Installing dependencies",
          "npm notice: package.json updated",
          "Test Suites: 13 passed, 38 total",
          "GET /status - 201 (54ms)",
          "Pushing to registry...",
          "Compiling lib/index.js...",
          "Building Docker image...",
          "WARNING: webpack has known vulnerabilities",
          "Ready.",
          "Coverage: 96% statements, 85% branches",
          "Minifying vendor.js",
          "  PASS: test_cache_hit (130ms)",
          "Using Node.js 18.7.8",
          "\u2713 All checks passed",
          "Verifying...",
          "npm install: resolved 1746 packages",
          "Loading...",
          "Artifact downloaded: 26MB",
          "Ready.",
          "Environment: development",
          "npm notice: created a lockfile",
          "Finished.",
          "Cache invalidated: node_modules",
          "[12:52:02] WARN: Deprecated API usage",
          "  PASS: e2e/test_api_health.spec.js",
          "Step 20/16: Running migrations",
          "Cache miss for key-3508",
          "Artifact downloaded: 29MB",
          "Transforming 692 files...",
          "Snapshots: 40 passed, 44 total",
          "Step 15/18: Testing",
          "pip: Installing build dependencies...",
          "Step 19/17: Running migrations",
          "WARNING: lodash has known vulnerabilities",
          "Cache saved successfully",
          "Checking out master branch",
          "npm install: resolved 1343 packages",
          "Tests: 393 passed, 173 total",
          "  PASS: test_cache_hit (117ms)",
          "[12:52:02] DEBUG: Query executed in 77ms",
          "[12:52:02] INFO: Connecting to database",
          "TLS handshake completed",
          "Completed.",
          "Artifact uploaded: build.tar.gz (13MB)",
          "OK",
          "\u26a0 DEPRECATION: Feature will be removed in v4.0",
          "Uploading artifact 'dist' (45 files)",
          "\u2713 Task completed in 1669ms",
          "Waiting...",
          "Step 2/21: Installing dependencies",
          "Installing react@1.17.10",
          "Cache miss for key-5980",
          "OK",
          "pip: Downloading prettier-4.19.tar.gz",
          "WARNING: lodash has known vulnerabilities",
          "\u26a0 DEPRECATION: Feature will be removed in v4.0",
          "Success!",
          "Time: 114.927s",
          "Fetching from https://npmjs.org/package.json",
          "Connection established",
          "Transforming 586 files...",
          "Cache restored successfully (112MB)",
          "Creating production build...",
          "Layer 8/12: COPY command",
          "\u26a0 DEPRECATION: Feature will be removed in v5.0",
          "pip: Collecting eslint",
          "Cache invalidated: build",
          "Step 13/25: Testing",
          "TLS handshake completed",
          "Compiling lib/app.ts...",
          "\u2713 build completed",
          "Creating production build...",
          "[12:52:02] WARN: Deprecated API usage",
          "Test Suites: 16 passed, 33 total",
          "npm notice: package.json updated",
          "WARNING: react has known vulnerabilities",
          "pip: Downloading express-3.4.tar.gz",
          "pip install: Successfully installed prettier-2.4",
          "  PASS: test_cache_hit (495ms)",
          "Already up to date.",
          "Cache restored successfully (99MB)",
          "\u26a0 DEPRECATION: Feature will be removed in v3.0",
          "TLS handshake completed",
          "Checking out master branch",
          "pip: Collecting prettier",
          "[12:52:02] DEBUG: Loading configuration",
          "Minifying app.js",
          "Compiling lib/index.js...",
          "Time: 73.47s",
          "Switched to branch 'bugfix/task-169'",
          "WARNING: webpack has known vulnerabilities",
          "[12:52:02] INFO: Request completed",
          "Loading...",
          "Pushing to registry...",
          "Minifying app.js",
          "Step 19/16: Building",
          "HEAD is now at 8d1317b",
          "[12:52:02] WARN: Deprecated API usage",
          "[12:52:02] DEBUG: Connection pool: 13 active",
          "Artifact uploaded: dist.zip (93MB)",
          "=== Step checkout completed ==="
        ]
      },
      {
        "name": "save_cache",
        "status": "success",
        "started_at": "2025-11-23T12:52:27.734975",
        "finished_at": "2025-11-23T12:52:34.108951",
        "log_lines": [
          "=== Step: save_cache ===",
          "Time: 83.908s",
          "Artifact downloaded: 12MB",
          "Cache miss for key-7066",
          "Compiling src/index.js...",
          "Transforming 510 files...",
          "Test Suites: 8 passed, 11 total",
          "Pushing to registry...",
          "Verifying...",
          "  PASS: e2e/test_cache_hit.spec.js",
          "Done.",
          "Time: 13.574s",
          "Compiling utils/handler.rs...",
          "[12:52:02] INFO: Connecting to database",
          "npm install: added 375 packages",
          "Bundling runtime.js",
          "Using Python 3.12",
          "GET /health - 204 (53ms)",
          "Step 17/18: Linting",
          "Checking out main branch",
          "[12:52:02] INFO: Processing request",
          "Exception: NullPointerException",
          "Compiling lib/index.js...",
          "WARNING: axios has known vulnerabilities",
          "Step 10/21: Building",
          "[12:52:02] INFO: Starting build process",
          "[12:52:02] INFO: Cache refreshed",
          "[12:52:02] DEBUG: Query executed in 17ms",
          "Compiling components/service.java...",
          "Artifact uploaded: build.tar.gz (37MB)",
          "Done.",
          "[12:52:02] DEBUG: Query executed in 98ms",
          "Cache hit for key-1951",
          "WARNING: prettier has known vulnerabilities",
          "WARNING: eslint has known vulnerabilities",
          "  PASS: e2e/test_auth_login.spec.js",
          "WARNING: webpack has known vulnerabilities",
          "Artifact uploaded: build.tar.gz (38MB)",
          "POST /api - 201 (72ms)",
          "Installing jest@2.17.5",
          "Bundling styles.js",
          "Pulling image: python:latest",
          "[12:52:02] INFO: Processing request",
          "\u26a0 DEPRECATION: Feature will be removed in v5.0",
          "npm notice: created a lockfile",
          "  PASS: test_auth_login (300ms)",
          "Coverage: 93% statements, 93% branches",
          "Generating source maps...",
          "[12:52:02] WARN: Deprecated API usage",
          "  PASS: test_api_health (53ms)",
          "HEAD is now at 6396054",
          "Platform: linux-x64",
          "Compiling src/service.java...",
          "Compiling utils/service.java...",
          "Processing...",
          "Compiling src/app.ts...",
          "\u2717 build failed with exit code 61",
          "Step 7/22: Installing dependencies",
          "Uploading artifact 'dist' (35 files)",
          "Installing jest@1.16.4",
          "yarn add: Done in 30.21s",
          "Done.",
          "Step 8/20: Linting",
          "\u2713 Task completed in 534ms",
          "\u2713 Step 'install' succeeded",
          "Uploading artifact 'coverage' (46 files)",
          "Loading...",
          "WARNING: prettier has known vulnerabilities",
          "Optimizing 88 modules...",
          "[12:52:02] WARN: Deprecated API usage",
          "GET /api - 200 (79ms)",
          "Step 6/21: Deploying",
          "[12:52:02] DEBUG: Initializing service",
          "\u2713 test completed",
          "TLS handshake completed",
          "FAILED: test_auth_login",
          "Optimizing 49 modules...",
          "\u26a0 DEPRECATION: Feature will be removed in v3.0",
          "Processing...",
          "[12:52:02] DEBUG: Initializing service",
          "WARNING: webpack has known vulnerabilities",
          "Success!",
          "Finished.",
          "Compiling components/service.java...",
          "\u2713 Step 'build' succeeded",
          "pip: Installing build dependencies...",
          "Artifact uploaded: build.tar.gz (47MB)",
          "Step 14/19: Linting",
          "npm notice: created a lockfile",
          "npm notice: package.json updated",
          "[12:52:02] DEBUG: Query executed in 17ms",
          "[12:52:02] INFO: Connecting to database",
          "npm notice: package.json updated",
          "  PASS: unit/test_api_health.spec.js",
          "Snapshots: 18 passed, 20 total",
          "npm notice: package.json updated",
          "pip: Collecting prettier",
          "Using Python 3.10",
          "Compiling utils/service.java...",
          "pip: Collecting express",
          "Success!",
          "\u26a0 DEPRECATION: Feature will be removed in v5.0",
          "Uploading artifact 'build' (40 files)",
          "Completed.",
          "Cache hit for key-3169",
          "Creating production build...",
          "\u2713 validate completed",
          "npm install: added 253 packages",
          "npm notice: package.json updated",
          "Step 2/20: Linting",
          "Step 8/22: Building",
          "Cache restored successfully (347MB)",
          "\u2713 Step 'checkout' succeeded",
          "\u26a0 DEPRECATION: Feature will be removed in v3.0",
          "Cache restored successfully (259MB)",
          "Fetching submodules...",
          "pip: Installing build dependencies...",
          "[12:52:02] WARN: Deprecated API usage",
          "Snapshots: 2 passed, 0 total",
          "[12:52:02] WARN: Deprecated API usage",
          "[12:52:02] WARN: Deprecated API usage",
          "\u26a0 DEPRECATION: Feature will be removed in v4.0",
          "Layer 1/10: ENV command",
          "Step 4/16: Deploying",
          "Coverage: 71% statements, 86% branches",
          "Compiling components/index.js...",
          "Cache hit for key-9019",
          "[12:52:02] INFO: Starting build process",
          "Already up to date.",
          "\u2713 Task completed in 4353ms",
          "Building Docker image...",
          "[12:52:02] DEBUG: Connection pool: 18 active",
          "Coverage: 96% statements, 89% branches",
          "Cache invalidated: node_modules",
          "Platform: win32-x64",
          "OK",
          "Using Python 3.10",
          "Cache miss for key-4711",
          "Pushing to registry...",
          "OK",
          "npm notice: package.json updated",
          "npm notice: package.json updated",
          "Artifact uploaded: dist.zip (91MB)",
          "Creating production build...",
          "Artifact downloaded: 28MB",
          "Completed.",
          "Cache hit for key-5968",
          "Compiling src/utils.go...",
          "yarn add: Done in 18.2s",
          "POST /data - 201 (340ms)",
          "  PASS: integration/test_cache_hit.spec.js",
          "Connection established",
          "npm install: added 39 packages",
          "\u2713 All checks passed",
          "\u2713 Step 'build' succeeded",
          "[12:52:02] INFO: Request completed",
          "Snapshots: 49 passed, 20 total",
          "Platform: win32-x64",
          "\u2713 Task completed in 1183ms",
          "npm notice: created a lockfile",
          "Step 16/15: Running migrations",
          "Loading...",
          "Environment: staging",
          "[12:52:02] DEBUG: Loading configuration",
          "Artifact uploaded: dist.zip (54MB)",
          "Cache miss for key-4457",
          "Uploading artifact 'coverage' (40 files)",
          "=== Step save_cache completed ==="
        ]
      },
      {
        "name": "unit_tests",
        "status": "success",
        "started_at": "2025-11-23T12:52:34.108951",
        "finished_at": "2025-11-23T12:53:05.978832",
        "log_lines": [
          "=== Step: unit_tests ===",
          "  PASS: test_api_health (359ms)",
          "Creating production build...",
          "Coverage: 92% statements, 79% branches",
          "Tests: 440 passed, 243 total",
          "Step 4/15: Building",
          "Compiling utils/service.java...",
          "[12:52:02] INFO: Processing request",
          "Building Docker image...",
          "Already up to date.",
          "pip: Installing build dependencies...",
          "Compiling src/service.java...",
          "\u2713 All checks passed",
          "GET /status - 201 (69ms)",
          "Artifact downloaded: 42MB",
          "Cache invalidated: build",
          "Coverage: 75% statements, 61% branches",
          "Done.",
          "Building Docker image...",
          "npm notice: created a lockfile",
          "[12:52:02] ERROR: Connection failed",
          "Exception: NullPointerException",
          "Coverage: 74% statements, 84% branches",
          "\u2713 All checks passed",
          "Done.",
          "HEAD is now at cc5fd1d",
          "Ran 73 tests in 13s",
          "Checking out master branch",
          "[12:52:02] WARN: Deprecated API usage",
          "[12:52:02] INFO: Connecting to database",
          "Installing jest@3.12.5",
          "[12:52:02] INFO: Connecting to database",
          "Cache miss for key-7145",
          "[12:52:02] INFO: Connecting to database",
          "Cache invalidated: build",
          "Snapshots: 44 passed, 17 total",
          "POST /api - 202 (28ms)",
          "npm install: added 338 packages",
          "Cache hit for key-5211",
          "Compiling utils/handler.rs...",
          "Tests: 496 passed, 304 total",
          "GET /health - 201 (94ms)",
          "Creating production build...",
          "Pulling image: alpine:3.11",
          "npm notice: package.json updated",
          "[12:52:02] DEBUG: Connection pool: 17 active",
          "Image pulled successfully",
          "yarn add: Done in 29.76s",
          "Cache miss for key-5183",
          "Artifact uploaded: build.tar.gz (21MB)",
          "npm install: added 153 packages",
          "HEAD is now at 4a40756",
          "\u2713 All checks passed",
          "Building Docker image...",
          "Coverage: 91% statements, 76% branches",
          "Ran 16 tests in 22s",
          "Compiling src/handler.rs...",
          "Ready.",
          "Step 17/19: Deploying",
          "OK",
          "WARNING: express has known vulnerabilities",
          "Step 6/21: Deploying",
          "Using Python 3.11",
          "[12:52:02] ERROR: Connection failed",
          "Compiling utils/service.java...",
          "Success!",
          "Finished.",
          "[12:52:02] DEBUG: Memory usage: 133MB",
          "Fetching submodules...",
          "Building Docker image...",
          "Minifying main.js",
          "[12:52:02] DEBUG: Connection pool: 3 active",
          "Cache miss for key-3093",
          "TLS handshake completed",
          "yarn add: Done in 3.63s",
          "Step 9/16: Linting",
          "Step 7/21: Building",
          "[12:52:02] DEBUG: Memory usage: 1265MB",
          "  PASS: test_auth_login (206ms)",
          "Compiling src/index.js...",
          "Cache miss for key-7448",
          "Cache saved successfully",
          "Switched to branch 'hotfix/task-346'",
          "Installing prettier@3.19.4",
          "  PASS: unit/test_auth_login.spec.js",
          "  PASS: unit/test_user_create.spec.js",
          "TLS handshake completed",
          "Success!",
          "Checking out master branch",
          "\u2713 All checks passed",
          "[12:52:02] INFO: Starting build process",
          "[12:52:02] WARN: Deprecated API usage",
          "Pulling image: alpine:latest",
          "Success!",
          "GET /status - 201 (97ms)",
          "pip install: Successfully installed webpack-3.7",
          "Using Node.js 16.8.4",
          "Creating production build...",
          "Cache restored successfully (372MB)",
          "Ran 33 tests in 60s",
          "GET /health - 204 (56ms)",
          "Checking out develop branch",
          "\u26a0 DEPRECATION: Feature will be removed in v5.0",
          "Cache miss for key-4231",
          "[12:52:02] DEBUG: Initializing service",
          "  PASS: test_db_connect (125ms)",
          "Loading...",
          "[12:52:02] DEBUG: Memory usage: 689MB",
          "Transforming 839 files...",
          "Transforming 430 files...",
          "Time: 107.672s",
          "Completed.",
          "\u2713 Step 'setup' succeeded",
          "Pulling image: alpine:latest",
          "[12:52:02] INFO: Cache refreshed",
          "[12:52:02] INFO: Processing request",
          "Test Suites: 39 passed, 36 total",
          "\u26a0 DEPRECATION: Feature will be removed in v2.0",
          "Installing express@3.20.2",
          "FAILED: test_db_connect",
          "[12:52:02] INFO: Cache refreshed",
          "Step 9/25: Deploying",
          "HEAD is now at 7c30c35",
          "Generating source maps...",
          "Step 17/25: Deploying",
          "\u2713 deploy completed",
          "Done.",
          "Compiling lib/app.ts...",
          "\u2713 Step 'test' succeeded",
          "npm notice: package.json updated",
          "Already up to date.",
          "\u26a0 DEPRECATION: Feature will be removed in v4.0",
          "Step 5/20: Testing",
          "[12:52:02] INFO: Processing request",
          "[12:52:02] DEBUG: Query executed in 53ms",
          "Step 11/20: Testing",
          "Switched to branch 'hotfix/task-450'",
          "Step 6/15: Linting",
          "Loading...",
          "Fetching from https://amazonaws.com/package.json",
          "\u2713 package completed",
          "[12:52:02] INFO: Cache refreshed",
          "yarn add: Done in 27.76s",
          "Compiling components/handler.rs...",
          "Building Docker image...",
          "[12:52:02] INFO: Request completed",
          "Minifying vendor.js",
          "Tests: 321 passed, 438 total",
          "Compiling src/main.py...",
          "OK",
          "WARNING: jest has known vulnerabilities",
          "Test Suites: 15 passed, 31 total",
          "TLS handshake completed",
          "Time: 102.529s",
          "Step 2/18: Deploying",
          "npm install: added 448 packages",
          "NODE_ENV=production",
          "Pulling image: node:3.11",
          "\u26a0 DEPRECATION: Feature will be removed in v3.0",
          "Pushing to registry...",
          "Success!",
          "[12:52:02] INFO: Starting build process",
          "[12:52:02] WARN: Deprecated API usage",
          "GET /status - 200 (68ms)",
          "Artifact downloaded: 16MB",
          "npm notice: package.json updated",
          "pip: Installing build dependencies...",
          "=== Step unit_tests completed ==="
        ]
      },
      {
        "name": "integration_tests",
        "status": "success",
        "started_at": "2025-11-23T12:53:05.978832",
        "finished_at": "2025-11-23T12:53:27.225419",
        "log_lines": [
          "=== Step: integration_tests ===",
          "Generating source maps...",
          "Ready.",
          "Using Python 3.10",
          "Using Python 3.9",
          "POST /data - 201 (273ms)",
          "Checking out develop branch",
          "\u2713 Step 'checkout' succeeded",
          "Connection established",
          "Tests: 117 passed, 287 total",
          "Compiling src/utils.go...",
          "Installing lodash@2.12.10",
          "Compiling src/index.js...",
          "Minifying main.js",
          "WARNING: webpack has known vulnerabilities",
          "[12:52:02] INFO: Processing request",
          "Compiling lib/app.ts...",
          "pip install: Successfully installed lodash-4.14",
          "Artifact uploaded: dist.zip (66MB)",
          "WARNING: eslint has known vulnerabilities",
          "[12:52:02] INFO: Processing request",
          "Done.",
          "WARNING: axios has known vulnerabilities",
          "POST /upload - 201 (196ms)",
          "[12:52:02] INFO: Starting build process",
          "Compiling src/service.java...",
          "Cache miss for key-1032",
          "Loading...",
          "Exception: ValueError",
          "Loading...",
          "npm notice: created a lockfile",
          "Fetching submodules...",
          "Done.",
          "Optimizing 74 modules...",
          "[12:52:02] INFO: Request completed",
          "[12:52:02] INFO: Cache refreshed",
          "[12:52:02] WARN: Deprecated API usage",
          "[12:52:02] INFO: Processing request",
          "Pushing to registry...",
          "  PASS: integration/test_cache_hit.spec.js",
          "npm notice: package.json updated",
          "Compiling utils/app.ts...",
          "Test Suites: 28 passed, 37 total",
          "Compiling src/app.ts...",
          "Pulling image: alpine:3.11",
          "Verifying...",
          "Fetching submodules...",
          "Artifact uploaded: build.tar.gz (42MB)",
          "[12:52:02] DEBUG: Connection pool: 14 active",
          "Cache hit for key-4799",
          "Optimizing 66 modules...",
          "yarn add: Done in 29.89s",
          "Building Docker image...",
          "WARNING: jest has known vulnerabilities",
          "Done.",
          "Cache restored successfully (157MB)",
          "Compiling utils/index.js...",
          "[12:52:02] WARN: Deprecated API usage",
          "Platform: darwin-arm64",
          "[12:52:02] INFO: Processing request",
          "Pushing to registry...",
          "\u26a0 DEPRECATION: Feature will be removed in v3.0",
          "Loading...",
          "[12:52:02] DEBUG: Connection pool: 5 active",
          "Cache restored successfully (308MB)",
          "Loading...",
          "[12:52:02] DEBUG: Memory usage: 891MB",
          "\u2713 All checks passed",
          "Uploading artifact 'coverage' (16 files)",
          "Processing...",
          "WARNING: axios has known vulnerabilities",
          "Cache restored successfully (151MB)",
          "\u26a0 DEPRECATION: Feature will be removed in v3.0",
          "POST /data - 200 (413ms)",
          "OK",
          "[12:52:02] DEBUG: Memory usage: 172MB",
          "Using Python 3.10",
          "Image pulled successfully",
          "\u2713 validate completed",
          "\u2713 deploy completed",
          "Uploading artifact 'build' (39 files)",
          "Artifact uploaded: dist.zip (73MB)",
          "Compiling components/main.py...",
          "Installing jest@1.12.10",
          "Step 11/15: Running migrations",
          "pip: Installing build dependencies...",
          "Platform: win32-x64",
          "Compiling src/handler.rs...",
          "\u2713 deploy completed",
          "[12:52:02] INFO: Processing request",
          "Generating source maps...",
          "Building Docker image...",
          "Switched to branch 'bugfix/task-543'",
          "npm install: resolved 1038 packages",
          "[12:52:02] INFO: Starting build process",
          "pip: Installing build dependencies...",
          "HEAD is now at 741c626",
          "Cache restored successfully (429MB)",
          "Artifact downloaded: 44MB",
          "Step 3/18: Linting",
          "Installing lodash@3.17.4",
          "NODE_ENV=development",
          "npm notice: package.json updated",
          "Already up to date.",
          "WARNING: jest has known vulnerabilities",
          "Success!",
          "yarn add: Done in 30.20s",
          "POST /api - 201 (247ms)",
          "Cache hit for key-4830",
          "Compiling utils/utils.go...",
          "Cache restored successfully (346MB)",
          "[12:52:02] INFO: Starting build process",
          "Coverage: 95% statements, 95% branches",
          "Test Suites: 16 passed, 14 total",
          "FAILED: test_user_create",
          "Using Node.js 16.15.5",
          "pip install: Successfully installed prettier-4.18",
          "npm notice: created a lockfile",
          "[12:52:02] DEBUG: Memory usage: 1721MB",
          "\u2713 build completed",
          "\u26a0 DEPRECATION: Feature will be removed in v5.0",
          "npm notice: package.json updated",
          "Pulling image: alpine:18",
          "Processing...",
          "Artifact downloaded: 29MB",
          "Cache restored successfully (33MB)",
          "[12:52:02] WARN: Deprecated API usage",
          "Generating source maps...",
          "Verifying...",
          "Ready.",
          "[12:52:02] DEBUG: Query executed in 57ms",
          "GET /api - 200 (52ms)",
          "Completed.",
          "Coverage: 72% statements, 83% branches",
          "[12:52:02] INFO: Cache refreshed",
          "Time: 56.349s",
          "Success!",
          "Step 8/20: Deploying",
          "Compiling lib/handler.rs...",
          "HEAD is now at d61bae8",
          "[12:52:02] DEBUG: Query executed in 72ms",
          "Exception: RuntimeError",
          "[12:52:02] DEBUG: Initializing service",
          "Transforming 891 files...",
          "npm notice: created a lockfile",
          "[12:52:02] INFO: Request completed",
          "Step 13/21: Linting",
          "Processing...",
          "npm notice: created a lockfile",
          "  PASS: unit/test_user_create.spec.js",
          "Ready.",
          "Optimizing 53 modules...",
          "\u2713 All checks passed",
          "Loading...",
          "Using Node.js 17.20.9",
          "[12:52:02] INFO: Cache refreshed",
          "Minifying vendor.js",
          "Ready.",
          "Artifact uploaded: build.tar.gz (38MB)",
          "Test Suites: 48 passed, 7 total",
          "Artifact downloaded: 23MB",
          "Coverage: 91% statements, 97% branches",
          "Layer 3/15: COPY command",
          "npm install: resolved 615 packages",
          "Compiling src/utils.go...",
          "[12:52:02] DEBUG: Loading configuration",
          "Switched to branch 'feature/task-383'",
          "=== Step integration_tests completed ==="
        ]
      },
      {
        "name": "deploy_production",
        "status": "success",
        "started_at": "2025-11-23T12:53:27.225419",
        "finished_at": "2025-11-23T12:53:31.474736",
        "log_lines": [
          "=== Step: deploy_production ===",
          "Compiling components/index.js...",
          "Step 16/25: Testing",
          "\u2713 Task completed in 3901ms",
          "  PASS: test_api_health (367ms)",
          "WARNING: lodash has known vulnerabilities",
          "Time: 118.466s",
          "[12:52:02] INFO: Cache refreshed",
          "Snapshots: 13 passed, 11 total",
          "Test Suites: 7 passed, 18 total",
          "pip: Installing build dependencies...",
          "Using Python 3.11",
          "Coverage: 96% statements, 91% branches",
          "[12:52:02] WARN: Deprecated API usage",
          "Using Node.js 16.14.4",
          "Cache saved successfully",
          "pip: Collecting jest",
          "[12:52:02] INFO: Cache refreshed",
          "Cache miss for key-8233",
          "\u2713 test completed",
          "pip install: Successfully installed jest-5.2",
          "Tests: 397 passed, 376 total",
          "Loading...",
          "POST /data - 200 (158ms)",
          "Processing...",
          "[12:52:02] ERROR: Connection failed",
          "  PASS: test_api_health (363ms)",
          "Step 16/23: Linting",
          "Generating source maps...",
          "[12:52:02] DEBUG: Initializing service",
          "[12:52:02] INFO: Processing request",
          "yarn add: Done in 28.41s",
          "Uploading artifact 'build' (44 files)",
          "Compiling utils/index.js...",
          "[12:52:02] INFO: Starting build process",
          "Snapshots: 26 passed, 21 total",
          "[12:52:02] DEBUG: Memory usage: 130MB",
          "Compiling src/service.java...",
          "Uploading artifact 'dist' (22 files)",
          "HEAD is now at 431dc7a",
          "Creating production build...",
          "[12:52:02] INFO: Processing request",
          "WARNING: jest has known vulnerabilities",
          "npm notice: created a lockfile",
          "HEAD is now at f4ad6e4",
          "[12:52:02] INFO: Request completed",
          "Done.",
          "Verifying...",
          "Layer 4/10: COPY command",
          "NODE_ENV=development",
          "Done.",
          "Ran 120 tests in 14s",
          "[12:52:02] INFO: Request completed",
          "pip install: Successfully installed express-1.15",
          "Compiling utils/service.java...",
          "TLS handshake completed",
          "Platform: darwin-arm64",
          "Compiling utils/handler.rs...",
          "Artifact uploaded: dist.zip (14MB)",
          "WARNING: lodash has known vulnerabilities",
          "\u2713 All checks passed",
          "Snapshots: 11 passed, 42 total",
          "Environment: production",
          "[12:52:02] DEBUG: Memory usage: 488MB",
          "Minifying app.js",
          "\u2713 Step 'setup' succeeded",
          "Cache restored successfully (416MB)",
          "Platform: linux-x64",
          "Step 17/16: Linting",
          "[12:52:02] INFO: Processing request",
          "Time: 73.675s",
          "Snapshots: 18 passed, 17 total",
          "Coverage: 100% statements, 96% branches",
          "Compiling lib/handler.rs...",
          "  PASS: test_api_health (432ms)",
          "Environment: production",
          "Success!",
          "Compiling src/main.py...",
          "Image pulled successfully",
          "Ready.",
          "Artifact uploaded: build.tar.gz (4MB)",
          "Compiling components/app.ts...",
          "HEAD is now at 5aeb3da",
          "Minifying app.js",
          "Using Node.js 14.12.3",
          "Bundling runtime.js",
          "OK",
          "Already up to date.",
          "  PASS: test_db_connect (397ms)",
          "npm notice: created a lockfile",
          "Using Node.js 15.17.2",
          "[12:52:02] INFO: Cache refreshed",
          "Loading...",
          "[12:52:02] DEBUG: Loading configuration",
          "Step 8/19: Deploying",
          "\u2713 All checks passed",
          "[12:52:02] DEBUG: Initializing service",
          "Pushing to registry...",
          "Tests: 480 passed, 335 total",
          "npm install: added 256 packages",
          "Step 9/24: Building",
          "npm notice: created a lockfile",
          "Platform: linux-x64",
          "Step 6/25: Running migrations",
          "yarn add: Done in 27.35s",
          "OK",
          "Connection established",
          "Cache invalidated: dependencies",
          "pip: Collecting jest",
          "Test Suites: 34 passed, 42 total",
          "Generating source maps...",
          "[12:52:02] DEBUG: Loading configuration",
          "Using Node.js 16.1.1",
          "[12:52:02] INFO: Request completed",
          "GET /health - 200 (62ms)",
          "Time: 15.884s",
          "Loading...",
          "npm notice: package.json updated",
          "Fetching from https://githubusercontent.com/package.json",
          "Artifact downloaded: 25MB",
          "Coverage: 79% statements, 75% branches",
          "OK",
          "npm install: added 303 packages",
          "Building Docker image...",
          "Pulling image: alpine:3.11",
          "Checking out develop branch",
          "Ran 81 tests in 22s",
          "Time: 97.486s",
          "Using Python 3.10",
          "Step 15/22: Testing",
          "Fetching submodules...",
          "NODE_ENV=production",
          "Tests: 394 passed, 169 total",
          "\u2713 All checks passed",
          "\u2713 All checks passed",
          "Cache invalidated: node_modules",
          "Compiling src/service.java...",
          "  PASS: test_auth_login (364ms)",
          "npm install: resolved 112 packages",
          "yarn add: Done in 22.37s",
          "Cache miss for key-4889",
          "Verifying...",
          "Cache hit for key-1215",
          "  PASS: test_cache_hit (234ms)",
          "\u2713 All checks passed",
          "OK",
          "[12:52:02] WARN: Deprecated API usage",
          "pip: Downloading prettier-3.15.tar.gz",
          "Generating source maps...",
          "Ready.",
          "[12:52:02] WARN: Deprecated API usage",
          "FAILED: test_cache_hit",
          "Cache miss for key-2151",
          "Step 13/15: Testing",
          "[12:52:02] DEBUG: Initializing service",
          "Already up to date.",
          "  PASS: test_user_create (457ms)",
          "npm notice: package.json updated",
          "[12:52:02] DEBUG: Connection pool: 16 active",
          "Pulling image: alpine:latest",
          "WARNING: lodash has known vulnerabilities",
          "Creating production build...",
          "pip: Collecting express",
          "Loading...",
          "Environment: production",
          "Using Python 3.9",
          "Optimizing 29 modules...",
          "=== Step deploy_production completed ==="
        ]
      },
      {
        "name": "deploy_staging",
        "status": "success",
        "started_at": "2025-11-23T12:53:31.474736",
        "finished_at": "2025-11-23T12:53:42.098030",
        "log_lines": [
          "=== Step: deploy_staging ===",
          "Pushing to registry...",
          "Connection established",
          "Using Python 3.9",
          "Artifact uploaded: dist.zip (78MB)",
          "[12:52:02] INFO: Cache refreshed",
          "Compiling utils/app.ts...",
          "[12:52:02] INFO: Connecting to database",
          "Connection established",
          "Artifact uploaded: build.tar.gz (19MB)",
          "npm install: resolved 1615 packages",
          "\u2713 validate completed",
          "Snapshots: 18 passed, 42 total",
          "Bundling runtime.css",
          "Cache miss for key-5385",
          "npm install: resolved 779 packages",
          "npm install: added 180 packages",
          "Image pulled successfully",
          "Done.",
          "POST /upload - 200 (26ms)",
          "OK",
          "pip install: Successfully installed axios-3.6",
          "[12:52:02] DEBUG: Query executed in 80ms",
          "Tests: 321 passed, 158 total",
          "Cache hit for key-8925",
          "Success!",
          "Creating production build...",
          "pip install: Successfully installed react-5.18",
          "Tests: 458 passed, 357 total",
          "Uploading artifact 'build' (22 files)",
          "Compiling utils/main.py...",
          "\u2713 lint completed",
          "WARNING: react has known vulnerabilities",
          "OK",
          "Step 17/25: Building",
          "Cache miss for key-4440",
          "Fetching from https://registry.npmjs.org/package.json",
          "Minifying main.js",
          "[12:52:02] INFO: Request completed",
          "Fetching submodules...",
          "  PASS: e2e/test_db_connect.spec.js",
          "Transforming 990 files...",
          "Tests: 263 passed, 335 total",
          "[12:52:02] DEBUG: Loading configuration",
          "Installing react@2.3.6",
          "Already up to date.",
          "Minifying vendor.js",
          "Step 12/21: Building",
          "Transforming 864 files...",
          "Compiling src/app.ts...",
          "npm notice: package.json updated",
          "Connection established",
          "HEAD is now at d144b97",
          "WARNING: webpack has known vulnerabilities",
          "Step 11/19: Building",
          "FAILED: test_auth_login",
          "[12:52:02] ERROR: Connection failed",
          "Fetching submodules...",
          "Waiting...",
          "Step 20/25: Deploying",
          "Verifying...",
          "Step 10/21: Building",
          "Bundling runtime.css",
          "Compiling src/service.java...",
          "Creating production build...",
          "GET /health - 201 (21ms)",
          "Artifact downloaded: 44MB",
          "[12:52:02] DEBUG: Loading configuration",
          "[12:52:02] INFO: Starting build process",
          "[12:52:02] INFO: Cache refreshed",
          "Pulling image: node:3.11",
          "Layer 8/14: COPY command",
          "pip: Installing build dependencies...",
          "Using Python 3.11",
          "\u26a0 DEPRECATION: Feature will be removed in v2.0",
          "Verifying...",
          "Uploading artifact 'dist' (26 files)",
          "Done.",
          "pip: Collecting prettier",
          "Cache restored successfully (38MB)",
          "Waiting...",
          "Environment: production",
          "Test Suites: 50 passed, 7 total",
          "Completed.",
          "Optimizing 19 modules...",
          "Building Docker image...",
          "Step 7/20: Building",
          "Done.",
          "Transforming 820 files...",
          "Checking out master branch",
          "[12:52:02] WARN: Deprecated API usage",
          "Switched to branch 'hotfix/task-852'",
          "Step 12/21: Testing",
          "Optimizing 22 modules...",
          "pip: Installing build dependencies...",
          "[12:52:02] DEBUG: Initializing service",
          "Snapshots: 37 passed, 14 total",
          "Creating production build...",
          "[12:52:02] DEBUG: Query executed in 72ms",
          "TLS handshake completed",
          "Time: 50.287s",
          "\u26a0 DEPRECATION: Feature will be removed in v2.0",
          "GET /api - 200 (63ms)",
          "Already up to date.",
          "Fetching submodules...",
          "Exception: ValueError",
          "Uploading artifact 'coverage' (43 files)",
          "GET /api - 200 (35ms)",
          "[12:52:02] DEBUG: Initializing service",
          "\u26a0 DEPRECATION: Feature will be removed in v5.0",
          "Step 6/25: Deploying",
          "Step 14/19: Testing",
          "Bundling styles.css",
          "Environment: development",
          "Compiling lib/service.java...",
          "[12:52:02] WARN: Deprecated API usage",
          "Step 10/18: Testing",
          "Done.",
          "WARNING: lodash has known vulnerabilities",
          "Step 1/24: Testing",
          "[12:52:02] DEBUG: Loading configuration",
          "npm install: added 192 packages",
          "pip install: Successfully installed axios-1.6",
          "\u26a0 DEPRECATION: Feature will be removed in v4.0",
          "Step 12/18: Building",
          "npm install: resolved 706 packages",
          "npm notice: package.json updated",
          "[12:52:02] DEBUG: Loading configuration",
          "Waiting...",
          "Generating source maps...",
          "Success!",
          "Compiling lib/app.ts...",
          "[12:52:02] DEBUG: Memory usage: 811MB",
          "WARNING: express has known vulnerabilities",
          "npm notice: created a lockfile",
          "Compiling src/main.py...",
          "Test Suites: 6 passed, 20 total",
          "Pushing to registry...",
          "Building Docker image...",
          "Fetching from https://github.com/package.json",
          "[12:52:02] DEBUG: Initializing service",
          "Cache hit for key-9609",
          "Cache miss for key-7341",
          "Ran 200 tests in 56s",
          "\u2713 package completed",
          "[12:52:02] DEBUG: Initializing service",
          "Uploading artifact 'coverage' (4 files)",
          "\u2713 Task completed in 214ms",
          "[12:52:02] INFO: Processing request",
          "Connection established",
          "[12:52:02] DEBUG: Query executed in 79ms",
          "\u26a0 DEPRECATION: Feature will be removed in v5.0",
          "Cache miss for key-6523",
          "yarn add: Done in 19.98s",
          "[12:52:02] INFO: Processing request",
          "Tests: 448 passed, 118 total",
          "OK",
          "Ready.",
          "Using Python 3.9",
          "Success!",
          "NODE_ENV=development",
          "FAILED: test_db_connect",
          "\u26a0 DEPRECATION: Feature will be removed in v2.0",
          "pip: Collecting react",
          "Snapshots: 14 passed, 40 total",
          "Checking out develop branch",
          "Step 16/21: Testing",
          "=== Step deploy_staging completed ==="
        ]
      },
      {
        "name": "build",
        "status": "success",
        "started_at": "2025-11-23T12:53:42.098030",
        "finished_at": "2025-11-23T12:54:13.967911",
        "log_lines": [
          "=== Step: build ===",
          "WARNING: axios has known vulnerabilities",
          "[12:52:02] INFO: Request completed",
          "Using Python 3.11",
          "Step 5/23: Testing",
          "  PASS: test_user_create (15ms)",
          "Waiting...",
          "[12:52:02] INFO: Connecting to database",
          "pip: Downloading webpack-2.0.tar.gz",
          "Step 12/22: Linting",
          "\u26a0 DEPRECATION: Feature will be removed in v5.0",
          "Bundling main.css",
          "\u26a0 DEPRECATION: Feature will be removed in v5.0",
          "pip install: Successfully installed prettier-2.5",
          "[12:52:02] DEBUG: Initializing service",
          "Completed.",
          "pip: Downloading jest-4.10.tar.gz",
          "Optimizing 66 modules...",
          "Ran 158 tests in 4s",
          "Pulling image: alpine:3.11",
          "Cache saved successfully",
          "Coverage: 72% statements, 85% branches",
          "\u2713 Step 'install' succeeded",
          "Compiling src/main.py...",
          "OK",
          "Environment: test",
          "Step 5/19: Building",
          "[12:52:02] INFO: Starting build process",
          "WARNING: prettier has known vulnerabilities",
          "Compiling utils/index.js...",
          "Connection established",
          "HEAD is now at bb3f67f",
          "Image pulled successfully",
          "\u2713 Step 'setup' succeeded",
          "Tests: 408 passed, 104 total",
          "\u2713 All checks passed",
          "  PASS: integration/test_auth_login.spec.js",
          "  PASS: test_cache_hit (64ms)",
          "Step 2/23: Running migrations",
          "[12:52:02] WARN: Deprecated API usage",
          "Verifying...",
          "FAILED: test_db_connect",
          "[12:52:02] DEBUG: Connection pool: 10 active",
          "npm install: added 307 packages",
          "Bundling main.css",
          "Compiling lib/handler.rs...",
          "[12:52:02] INFO: Processing request",
          "Using Python 3.10",
          "[12:52:02] DEBUG: Connection pool: 16 active",
          "Connection established",
          "Artifact uploaded: build.tar.gz (12MB)",
          "[12:52:02] DEBUG: Initializing service",
          "Building Docker image...",
          "  PASS: test_cache_hit (309ms)",
          "Checking out master branch",
          "[12:52:02] DEBUG: Initializing service",
          "\u2713 Step 'setup' succeeded",
          "Time: 118.30s",
          "Building Docker image...",
          "Step 11/15: Building",
          "[12:52:02] INFO: Request completed",
          "[12:52:02] WARN: Deprecated API usage",
          "Fetching submodules...",
          "Processing...",
          "Verifying...",
          "WARNING: lodash has known vulnerabilities",
          "[12:52:02] DEBUG: Initializing service",
          "Exception: NullPointerException",
          "POST /upload - 201 (18ms)",
          "  PASS: integration/test_auth_login.spec.js",
          "Transforming 467 files...",
          "Step 16/22: Installing dependencies",
          "Artifact uploaded: build.tar.gz (19MB)",
          "WARNING: axios has known vulnerabilities",
          "[12:52:02] ERROR: Connection failed",
          "Ran 40 tests in 40s",
          "Generating source maps...",
          "Step 13/25: Running migrations",
          "Bundling main.css",
          "Step 12/23: Testing",
          "Snapshots: 45 passed, 36 total",
          "WARNING: prettier has known vulnerabilities",
          "Loading...",
          "[12:52:02] ERROR: Connection failed",
          "Done.",
          "FAILED: test_db_connect",
          "[12:52:02] INFO: Starting build process",
          "Finished.",
          "[12:52:02] INFO: Request completed",
          "Artifact uploaded: dist.zip (50MB)",
          "POST /api - 202 (57ms)",
          "[12:52:02] DEBUG: Loading configuration",
          "Step 12/19: Testing",
          "pip: Downloading lodash-2.11.tar.gz",
          "WARNING: express has known vulnerabilities",
          "FAILED: test_db_connect",
          "Bundling main.css",
          "[12:52:02] DEBUG: Query executed in 57ms",
          "\u2713 Task completed in 1202ms",
          "Ready.",
          "Tests: 205 passed, 386 total",
          "Snapshots: 46 passed, 14 total",
          "Already up to date.",
          "Image pulled successfully",
          "NODE_ENV=production",
          "pip install: Successfully installed webpack-2.7",
          "Step 3/16: Testing",
          "Compiling lib/service.java...",
          "Fetching submodules...",
          "HEAD is now at f154ffd",
          "Using Node.js 19.7.8",
          "Artifact uploaded: build.tar.gz (2MB)",
          "Connection established",
          "Step 2/18: Running migrations",
          "Already up to date.",
          "Pushing to registry...",
          "[12:52:02] DEBUG: Loading configuration",
          "Building Docker image...",
          "Pulling image: node:18",
          "Test Suites: 50 passed, 20 total",
          "Compiling utils/index.js...",
          "  PASS: e2e/test_cache_hit.spec.js",
          "  PASS: test_cache_hit (62ms)",
          "Verifying...",
          "Image pulled successfully",
          "[12:52:02] DEBUG: Query executed in 8ms",
          "pip: Downloading jest-4.0.tar.gz",
          "Verifying...",
          "npm install: resolved 110 packages",
          "pip install: Successfully installed eslint-5.10",
          "[12:52:02] INFO: Connecting to database",
          "[12:52:02] INFO: Connecting to database",
          "Already up to date.",
          "Already up to date.",
          "npm install: resolved 101 packages",
          "Ready.",
          "Ran 104 tests in 21s",
          "pip: Downloading jest-3.0.tar.gz",
          "Ran 133 tests in 58s",
          "\u2713 Task completed in 4371ms",
          "Fetching from https://docker.io/package.json",
          "FAILED: test_api_health",
          "Coverage: 72% statements, 73% branches",
          "Cache hit for key-1097",
          "Loading...",
          "Bundling styles.js",
          "Layer 6/10: ENV command",
          "Cache invalidated: build",
          "\u2713 build completed",
          "Done.",
          "[12:52:02] INFO: Processing request",
          "HEAD is now at eef9765",
          "[12:52:02] DEBUG: Loading configuration",
          "Completed.",
          "Step 11/19: Testing",
          "Tests: 187 passed, 230 total",
          "Step 16/16: Running migrations",
          "Ran 126 tests in 11s",
          "Step 3/18: Installing dependencies",
          "  PASS: unit/test_user_create.spec.js",
          "Checking out develop branch",
          "Platform: linux-x64",
          "[12:52:02] INFO: Starting build process",
          "Artifact downloaded: 5MB",
          "Snapshots: 10 passed, 31 total",
          "[12:52:02] DEBUG: Query executed in 29ms",
          "pip install: Successfully installed express-4.10",
          "=== Step build completed ==="
        ]
      },
      {
        "name": "restore_cache",
        "status": "success",
        "started_at": "2025-11-23T12:54:13.967911",
        "finished_at": "2025-11-23T12:54:20.341887",
        "log_lines": [
          "=== Step: restore_cache ===",
          "Using Node.js 16.11.8",
          "Cache hit for key-6952",
          "[12:52:02] INFO: Request completed",
          "Verifying...",
          "Fetching submodules...",
          "[12:52:02] DEBUG: Connection pool: 17 active",
          "GET /status - 204 (7ms)",
          "\u2713 deploy completed",
          "Platform: linux-x64",
          "Building Docker image...",
          "Step 13/21: Testing",
          "\u26a0 DEPRECATION: Feature will be removed in v2.0",
          "Bundling styles.css",
          "GET /status - 200 (50ms)",
          "Done.",
          "[12:52:02] INFO: Cache refreshed",
          "Checking out develop branch",
          "FAILED: test_user_create",
          "Using Python 3.9",
          "Using Python 3.9",
          "Using Node.js 18.6.4",
          "[12:52:02] INFO: Connecting to database",
          "pip install: Successfully installed lodash-2.6",
          "Generating source maps...",
          "Environment: staging",
          "Step 15/24: Linting",
          "Uploading artifact 'dist' (39 files)",
          "[12:52:02] DEBUG: Initializing service",
          "  PASS: integration/test_db_connect.spec.js",
          "Cache hit for key-5481",
          "pip: Installing build dependencies...",
          "Coverage: 72% statements, 78% branches",
          "Step 1/15: Testing",
          "Step 3/16: Building",
          "Coverage: 92% statements, 68% branches",
          "npm notice: created a lockfile",
          "Bundling main.js",
          "FAILED: test_auth_login",
          "Completed.",
          "Artifact uploaded: build.tar.gz (50MB)",
          "Fetching submodules...",
          "\u2713 All checks passed",
          "Platform: darwin-arm64",
          "Cache hit for key-6944",
          "\u2717 build failed with exit code 76",
          "GET /health - 200 (86ms)",
          "Image pulled successfully",
          "\u26a0 DEPRECATION: Feature will be removed in v5.0",
          "Cache miss for key-5391",
          "Using Node.js 20.13.3",
          "Finished.",
          "Cache miss for key-4298",
          "Transforming 339 files...",
          "Image pulled successfully",
          "Step 5/21: Building",
          "[12:52:02] INFO: Starting build process",
          "Cache invalidated: node_modules",
          "Fetching from https://github.com/package.json",
          "npm notice: package.json updated",
          "HEAD is now at c058e24",
          "[12:52:02] WARN: Deprecated API usage",
          "[12:52:02] WARN: Deprecated API usage",
          "Already up to date.",
          "Environment: development",
          "\u2713 All checks passed",
          "Bundling runtime.css",
          "NODE_ENV=development",
          "[12:52:02] DEBUG: Memory usage: 1729MB",
          "Checking out develop branch",
          "Bundling vendor.css",
          "Compiling utils/index.js...",
          "Optimizing 21 modules...",
          "Optimizing 30 modules...",
          "Step 11/23: Running migrations",
          "Checking out develop branch",
          "Installing eslint@3.19.6",
          "  PASS: test_cache_hit (109ms)",
          "Cache restored successfully (241MB)",
          "Connection established",
          "Step 9/25: Building",
          "[12:52:02] DEBUG: Loading configuration",
          "Step 17/16: Building",
          "\u26a0 DEPRECATION: Feature will be removed in v5.0",
          "Artifact downloaded: 35MB",
          "Minifying vendor.js",
          "\u26a0 DEPRECATION: Feature will be removed in v4.0",
          "Verifying...",
          "Compiling src/main.py...",
          "Checking out master branch",
          "Processing...",
          "Completed.",
          "GET /api - 200 (85ms)",
          "Step 20/24: Running migrations",
          "npm install: added 298 packages",
          "Bundling styles.js",
          "OK",
          "\u2713 All checks passed",
          "[12:52:02] DEBUG: Initializing service",
          "Installing axios@5.4.0",
          "Cache saved successfully",
          "[12:52:02] ERROR: Connection failed",
          "NODE_ENV=test",
          "Snapshots: 7 passed, 5 total",
          "Step 19/17: Testing",
          "Already up to date.",
          "[12:52:02] WARN: Deprecated API usage",
          "Exception: TypeError",
          "\u2713 Step 'setup' succeeded",
          "OK",
          "[12:52:02] DEBUG: Query executed in 44ms",
          "[12:52:02] DEBUG: Connection pool: 10 active",
          "Ran 174 tests in 19s",
          "[12:52:02] DEBUG: Connection pool: 17 active",
          "Cache miss for key-3704",
          "Step 15/20: Linting",
          "WARNING: express has known vulnerabilities",
          "Platform: win32-x64",
          "OK",
          "Transforming 134 files...",
          "Coverage: 89% statements, 97% branches",
          "Fetching submodules...",
          "Fetching from https://registry.npmjs.org/package.json",
          "Building Docker image...",
          "Checking out main branch",
          "Test Suites: 35 passed, 34 total",
          "Building Docker image...",
          "pip: Installing build dependencies...",
          "[12:52:02] WARN: Deprecated API usage",
          "POST /api - 202 (254ms)",
          "[12:52:02] DEBUG: Memory usage: 912MB",
          "pip: Downloading prettier-4.13.tar.gz",
          "Test Suites: 18 passed, 45 total",
          "Step 15/19: Linting",
          "[12:52:02] DEBUG: Connection pool: 5 active",
          "[12:52:02] INFO: Cache refreshed",
          "npm notice: package.json updated",
          "HEAD is now at a3ba850",
          "Connection established",
          "[12:52:02] DEBUG: Connection pool: 20 active",
          "Step 13/25: Running migrations",
          "Installing express@4.3.8",
          "Waiting...",
          "Transforming 260 files...",
          "Verifying...",
          "\u26a0 DEPRECATION: Feature will be removed in v3.0",
          "\u2713 Task completed in 1717ms",
          "[12:52:02] INFO: Cache refreshed",
          "[12:52:02] DEBUG: Initializing service",
          "Time: 49.629s",
          "Installing webpack@5.8.1",
          "Step 17/20: Linting",
          "FAILED: test_user_create",
          "POST /upload - 200 (37ms)",
          "Cache restored successfully (127MB)",
          "Artifact downloaded: 8MB",
          "POST /data - 202 (159ms)",
          "\u26a0 DEPRECATION: Feature will be removed in v5.0",
          "Step 20/24: Running migrations",
          "Finished.",
          "Artifact uploaded: build.tar.gz (36MB)",
          "Compiling components/main.py...",
          "npm notice: package.json updated",
          "HEAD is now at 2f419ac",
          "TLS handshake completed",
          "Time: 4.107s",
          "[12:52:02] WARN: Deprecated API usage",
          "=== Step restore_cache completed ==="
        ]
      },
      {
        "name": "setup_environment",
        "status": "success",
        "started_at": "2025-11-23T12:54:20.341887",
        "finished_at": "2025-11-23T12:54:30.965181",
        "log_lines": [
          "=== Step: setup_environment ===",
          "Bundling main.js",
          "Image pulled successfully",
          "[12:52:02] DEBUG: Query executed in 28ms",
          "pip: Installing build dependencies...",
          "Compiling components/handler.rs...",
          "[12:52:02] INFO: Cache refreshed",
          "yarn add: Done in 21.81s",
          "Done.",
          "[12:52:02] INFO: Request completed",
          "[12:52:02] DEBUG: Initializing service",
          "Ran 92 tests in 2s",
          "Ready.",
          "Image pulled successfully",
          "WARNING: lodash has known vulnerabilities",
          "\u26a0 DEPRECATION: Feature will be removed in v5.0",
          "Waiting...",
          "npm notice: package.json updated",
          "Fetching submodules...",
          "[12:52:02] INFO: Cache refreshed",
          "Waiting...",
          "Step 7/17: Installing dependencies",
          "[12:52:02] INFO: Connecting to database",
          "pip: Collecting webpack",
          "Snapshots: 0 passed, 8 total",
          "Uploading artifact 'dist' (30 files)",
          "Creating production build...",
          "Artifact uploaded: build.tar.gz (3MB)",
          "Platform: win32-x64",
          "\u26a0 DEPRECATION: Feature will be removed in v4.0",
          "Cache hit for key-9905",
          "Switched to branch 'feature/task-750'",
          "Pulling image: alpine:3.11",
          "WARNING: express has known vulnerabilities",
          "Waiting...",
          "Snapshots: 19 passed, 14 total",
          "Ran 150 tests in 38s",
          "\u26a0 DEPRECATION: Feature will be removed in v2.0",
          "Done.",
          "Creating production build...",
          "Artifact uploaded: build.tar.gz (14MB)",
          "\u2713 Step 'install' succeeded",
          "pip: Installing build dependencies...",
          "[12:52:02] DEBUG: Query executed in 65ms",
          "  PASS: unit/test_db_connect.spec.js",
          "Test Suites: 5 passed, 47 total",
          "Generating source maps...",
          "Creating production build...",
          "Creating production build...",
          "Done.",
          "\u2713 Task completed in 4747ms",
          "Connection established",
          "NODE_ENV=development",
          "POST /upload - 200 (397ms)",
          "npm install: added 23 packages",
          "Cache saved successfully",
          "Completed.",
          "Artifact uploaded: dist.zip (41MB)",
          "WARNING: eslint has known vulnerabilities",
          "Cache restored successfully (455MB)",
          "NODE_ENV=test",
          "Completed.",
          "Using Node.js 18.16.4",
          "Transforming 533 files...",
          "[12:52:02] INFO: Starting build process",
          "Checking out master branch",
          "Using Python 3.9",
          "Exception: ValueError",
          "Artifact downloaded: 41MB",
          "Uploading artifact 'build' (21 files)",
          "Artifact uploaded: build.tar.gz (34MB)",
          "Completed.",
          "Ran 119 tests in 33s",
          "Minifying app.js",
          "Time: 100.46s",
          "Step 14/22: Testing",
          "Environment: development",
          "TLS handshake completed",
          "Ready.",
          "[12:52:02] INFO: Processing request",
          "yarn add: Done in 27.53s",
          "Pushing to registry...",
          "[12:52:02] DEBUG: Memory usage: 1971MB",
          "Step 13/19: Building",
          "pip: Installing build dependencies...",
          "\u2713 Step 'install' succeeded",
          "Fetching submodules...",
          "\u26a0 DEPRECATION: Feature will be removed in v4.0",
          "Installing react@2.20.2",
          "Compiling utils/handler.rs...",
          "Step 6/15: Linting",
          "Cache restored successfully (308MB)",
          "FAILED: test_auth_login",
          "pip: Downloading react-1.12.tar.gz",
          "Cache miss for key-7455",
          "pip: Collecting react",
          "pip: Downloading webpack-2.14.tar.gz",
          "Step 14/23: Building",
          "pip install: Successfully installed jest-1.8",
          "[12:52:02] WARN: Deprecated API usage",
          "pip: Installing build dependencies...",
          "npm notice: created a lockfile",
          "Bundling runtime.css",
          "Compiling src/app.ts...",
          "  PASS: test_api_health (478ms)",
          "Checking out develop branch",
          "Completed.",
          "Ready.",
          "\u26a0 DEPRECATION: Feature will be removed in v4.0",
          "Artifact uploaded: dist.zip (86MB)",
          "pip: Collecting jest",
          "  PASS: test_db_connect (405ms)",
          "\u26a0 DEPRECATION: Feature will be removed in v4.0",
          "Platform: linux-x64",
          "Cache saved successfully",
          "Pulling image: python:18",
          "Done.",
          "npm install: resolved 1258 packages",
          "Ran 72 tests in 41s",
          "Compiling lib/utils.go...",
          "HEAD is now at 3672ebf",
          "\u26a0 DEPRECATION: Feature will be removed in v2.0",
          "Environment: development",
          "[12:52:02] INFO: Request completed",
          "Artifact uploaded: dist.zip (23MB)",
          "Bundling styles.css",
          "Pushing to registry...",
          "[12:52:02] WARN: Deprecated API usage",
          "Loading...",
          "Artifact downloaded: 21MB",
          "Uploading artifact 'coverage' (30 files)",
          "pip install: Successfully installed lodash-4.4",
          "Artifact uploaded: dist.zip (10MB)",
          "npm notice: package.json updated",
          "WARNING: prettier has known vulnerabilities",
          "Fetching submodules...",
          "Fetching submodules...",
          "npm install: added 292 packages",
          "Done.",
          "Test Suites: 8 passed, 16 total",
          "Verifying...",
          "Cache saved successfully",
          "Step 15/21: Linting",
          "pip install: Successfully installed jest-3.18",
          "Bundling runtime.css",
          "[12:52:02] WARN: Deprecated API usage",
          "WARNING: lodash has known vulnerabilities",
          "Installing react@3.1.7",
          "\u26a0 DEPRECATION: Feature will be removed in v4.0",
          "Exception: RuntimeError",
          "Coverage: 100% statements, 88% branches",
          "Generating source maps...",
          "npm notice: created a lockfile",
          "[12:52:02] DEBUG: Initializing service",
          "\u2717 build failed with exit code 5",
          "  PASS: test_api_health (482ms)",
          "Ready.",
          "Connection established",
          "Artifact uploaded: build.tar.gz (50MB)",
          "Switched to branch 'feature/task-700'",
          "pip: Collecting eslint",
          "[12:52:02] DEBUG: Initializing service",
          "pip: Installing build dependencies...",
          "\u2713 Step 'build' succeeded",
          "Done.",
          "pip install: Successfully installed axios-5.14",
          "pip: Installing build dependencies...",
          "=== Step setup_environment completed ==="
        ]
      },
      {
        "name": "upload_artifacts",
        "status": "success",
        "started_at": "2025-11-23T12:54:30.965181",
        "finished_at": "2025-11-23T12:54:41.588475",
        "log_lines": [
          "=== Step: upload_artifacts ===",
          "npm install: resolved 379 packages",
          "npm notice: package.json updated",
          "\u26a0 DEPRECATION: Feature will be removed in v4.0",
          "Cache invalidated: node_modules",
          "Step 12/21: Testing",
          "Installing express@5.12.10",
          "Using Node.js 19.2.4",
          "Waiting...",
          "  PASS: test_cache_hit (393ms)",
          "[12:52:02] INFO: Processing request",
          "Step 11/20: Running migrations",
          "Snapshots: 37 passed, 16 total",
          "[12:52:02] INFO: Cache refreshed",
          "npm notice: created a lockfile",
          "Waiting...",
          "Switched to branch 'hotfix/task-573'",
          "Ready.",
          "Artifact uploaded: dist.zip (16MB)",
          "POST /api - 201 (394ms)",
          "Finished.",
          "Already up to date.",
          "Step 18/25: Deploying",
          "\u26a0 DEPRECATION: Feature will be removed in v2.0",
          "Platform: linux-x64",
          "Ready.",
          "Fetching from https://gcr.io/package.json",
          "Loading...",
          "npm install: resolved 642 packages",
          "pip: Installing build dependencies...",
          "Step 9/19: Building",
          "pip: Downloading prettier-5.10.tar.gz",
          "[12:52:02] INFO: Cache refreshed",
          "Artifact uploaded: build.tar.gz (17MB)",
          "Test Suites: 40 passed, 46 total",
          "Step 1/24: Testing",
          "Step 14/20: Testing",
          "Ran 120 tests in 35s",
          "Minifying app.js",
          "\u26a0 DEPRECATION: Feature will be removed in v3.0",
          "Using Python 3.12",
          "[12:52:02] INFO: Processing request",
          "Compiling utils/index.js...",
          "Platform: darwin-arm64",
          "[12:52:02] DEBUG: Connection pool: 8 active",
          "Uploading artifact 'coverage' (13 files)",
          "Processing...",
          "npm notice: created a lockfile",
          "  PASS: unit/test_api_health.spec.js",
          "npm notice: package.json updated",
          "Minifying vendor.js",
          "Tests: 466 passed, 60 total",
          "WARNING: prettier has known vulnerabilities",
          "[12:52:02] INFO: Cache refreshed",
          "Transforming 117 files...",
          "Success!",
          "Step 18/18: Linting",
          "Step 4/25: Deploying",
          "Exception: NullPointerException",
          "Loading...",
          "[12:52:02] INFO: Connecting to database",
          "[12:52:02] WARN: Deprecated API usage",
          "[12:52:02] INFO: Cache refreshed",
          "Cache miss for key-5108",
          "Step 20/15: Installing dependencies",
          "  PASS: integration/test_auth_login.spec.js",
          "[12:52:02] ERROR: Connection failed",
          "[12:52:02] WARN: Deprecated API usage",
          "Optimizing 86 modules...",
          "Switched to branch 'feature/task-824'",
          "Optimizing 54 modules...",
          "Switched to branch 'hotfix/task-514'",
          "[12:52:02] DEBUG: Connection pool: 9 active",
          "Loading...",
          "Cache invalidated: node_modules",
          "Success!",
          "Compiling lib/utils.go...",
          "Finished.",
          "Platform: linux-x64",
          "Exception: NullPointerException",
          "\u2713 Step 'build' succeeded",
          "[12:52:02] WARN: Deprecated API usage",
          "Connection established",
          "Switched to branch 'bugfix/task-823'",
          "\u26a0 DEPRECATION: Feature will be removed in v3.0",
          "npm install: added 337 packages",
          "Fetching submodules...",
          "POST /upload - 201 (198ms)",
          "Time: 37.507s",
          "Step 9/18: Deploying",
          "Artifact downloaded: 25MB",
          "Uploading artifact 'build' (29 files)",
          "GET /status - 204 (24ms)",
          "Tests: 232 passed, 195 total",
          "Platform: win32-x64",
          "Time: 52.603s",
          "npm notice: created a lockfile",
          "[12:52:02] WARN: Deprecated API usage",
          "\u26a0 DEPRECATION: Feature will be removed in v5.0",
          "yarn add: Done in 10.18s",
          "[12:52:02] INFO: Processing request",
          "Waiting...",
          "Step 13/19: Building",
          "Environment: development",
          "Building Docker image...",
          "Time: 51.623s",
          "Time: 104.371s",
          "Step 7/22: Building",
          "Creating production build...",
          "Fetching from https://registry.npmjs.org/package.json",
          "Cache invalidated: build",
          "Ran 11 tests in 35s",
          "\u2713 All checks passed",
          "Processing...",
          "pip: Collecting axios",
          "Coverage: 74% statements, 60% branches",
          "[12:52:02] DEBUG: Query executed in 35ms",
          "Connection established",
          "OK",
          "[12:52:02] INFO: Request completed",
          "[12:52:02] ERROR: Connection failed",
          "Ready.",
          "Using Node.js 16.0.9",
          "Verifying...",
          "Time: 31.961s",
          "pip install: Successfully installed prettier-3.13",
          "Test Suites: 21 passed, 7 total",
          "Connection established",
          "Ready.",
          "Already up to date.",
          "[12:52:02] INFO: Processing request",
          "Ready.",
          "Fetching from https://googleapis.com/package.json",
          "Artifact downloaded: 21MB",
          "Processing...",
          "Compiling utils/handler.rs...",
          "GET /health - 200 (80ms)",
          "pip: Downloading jest-1.9.tar.gz",
          "FAILED: test_db_connect",
          "Compiling src/main.py...",
          "Done.",
          "Pulling image: alpine:3.11",
          "Compiling src/app.ts...",
          "pip: Installing build dependencies...",
          "  PASS: integration/test_cache_hit.spec.js",
          "pip: Collecting eslint",
          "HEAD is now at 53e863d",
          "\u2713 All checks passed",
          "Artifact uploaded: build.tar.gz (48MB)",
          "[12:52:02] INFO: Connecting to database",
          "Layer 7/15: RUN command",
          "[12:52:02] DEBUG: Memory usage: 348MB",
          "TLS handshake completed",
          "[12:52:02] WARN: Deprecated API usage",
          "Success!",
          "\u2713 Task completed in 3676ms",
          "\u2713 All checks passed",
          "TLS handshake completed",
          "NODE_ENV=test",
          "GET /health - 200 (7ms)",
          "Step 15/19: Testing",
          "  PASS: unit/test_auth_login.spec.js",
          "Switched to branch 'hotfix/task-713'",
          "Compiling utils/app.ts...",
          "pip: Installing build dependencies...",
          "\u2717 build failed with exit code 105",
          "pip: Collecting react",
          "=== Step upload_artifacts completed ==="
        ]
      },
      {
        "name": "lint",
        "status": "success",
        "started_at": "2025-11-23T12:54:41.588475",
        "finished_at": "2025-11-23T12:54:52.211769",
        "log_lines": [
          "=== Step: lint ===",
          "pip: Collecting react",
          "Using Node.js 17.1.2",
          "NODE_ENV=production",
          "pip: Downloading express-5.9.tar.gz",
          "\u26a0 DEPRECATION: Feature will be removed in v4.0",
          "Tests: 330 passed, 161 total",
          "Image pulled successfully",
          "Step 1/20: Linting",
          "Step 7/24: Building",
          "Minifying vendor.js",
          "Uploading artifact 'build' (40 files)",
          "Tests: 316 passed, 201 total",
          "Artifact uploaded: dist.zip (47MB)",
          "[12:52:02] INFO: Starting build process",
          "Transforming 552 files...",
          "Ran 64 tests in 21s",
          "Verifying...",
          "Bundling vendor.css",
          "Building Docker image...",
          "yarn add: Done in 18.41s",
          "Switched to branch 'hotfix/task-375'",
          "Ran 34 tests in 40s",
          "Connection established",
          "Environment: production",
          "[12:52:02] INFO: Request completed",
          "Transforming 253 files...",
          "Pushing to registry...",
          "Fetching from https://registry.npmjs.org/package.json",
          "  PASS: e2e/test_db_connect.spec.js",
          "npm install: added 433 packages",
          "FAILED: test_cache_hit",
          "\u2713 Task completed in 1203ms",
          "TLS handshake completed",
          "npm install: resolved 1281 packages",
          "HEAD is now at f66ba68",
          "Exception: TypeError",
          "Cache restored successfully (19MB)",
          "Transforming 283 files...",
          "pip install: Successfully installed webpack-5.1",
          "Compiling utils/service.java...",
          "Cache restored successfully (432MB)",
          "Ready.",
          "[12:52:02] INFO: Connecting to database",
          "Creating production build...",
          "TLS handshake completed",
          "[12:52:02] INFO: Starting build process",
          "Uploading artifact 'dist' (19 files)",
          "Platform: darwin-arm64",
          "Pulling image: node:3.11",
          "Success!",
          "Using Node.js 15.3.3",
          "[12:52:02] WARN: Deprecated API usage",
          "Cache hit for key-7173",
          "Fetching submodules...",
          "[12:52:02] DEBUG: Memory usage: 792MB",
          "Environment: development",
          "Cache restored successfully (104MB)",
          "pip: Collecting lodash",
          "\u26a0 DEPRECATION: Feature will be removed in v3.0",
          "Done.",
          "Verifying...",
          "Connection established",
          "Compiling lib/app.ts...",
          "Minifying app.js",
          "npm install: added 130 packages",
          "\u26a0 DEPRECATION: Feature will be removed in v3.0",
          "Pushing to registry...",
          "[12:52:02] DEBUG: Loading configuration",
          "Test Suites: 31 passed, 35 total",
          "\u2717 build failed with exit code 66",
          "Step 9/22: Deploying",
          "Layer 6/12: RUN command",
          "Waiting...",
          "[12:52:02] INFO: Request completed",
          "\u2713 Task completed in 4979ms",
          "[12:52:02] INFO: Connecting to database",
          "HEAD is now at c3cf6a3",
          "\u26a0 DEPRECATION: Feature will be removed in v2.0",
          "Compiling utils/main.py...",
          "Step 8/16: Linting",
          "Cache saved successfully",
          "pip: Installing build dependencies...",
          "Time: 86.970s",
          "Compiling lib/service.java...",
          "POST /data - 202 (111ms)",
          "Success!",
          "[12:52:02] DEBUG: Memory usage: 1098MB",
          "Compiling lib/utils.go...",
          "Compiling src/handler.rs...",
          "Fetching from https://pypi.org/package.json",
          "[12:52:02] WARN: Deprecated API usage",
          "Loading...",
          "Ready.",
          "\u2713 build completed",
          "Step 13/24: Installing dependencies",
          "Cache restored successfully (54MB)",
          "Test Suites: 45 passed, 9 total",
          "Ready.",
          "Test Suites: 50 passed, 41 total",
          "[12:52:02] DEBUG: Loading configuration",
          "Tests: 132 passed, 447 total",
          "Exception: RuntimeError",
          "Artifact uploaded: build.tar.gz (1MB)",
          "POST /upload - 201 (431ms)",
          "Cache invalidated: build",
          "GET /api - 200 (73ms)",
          "Loading...",
          "Uploading artifact 'coverage' (45 files)",
          "yarn add: Done in 1.73s",
          "pip: Installing build dependencies...",
          "Loading...",
          "Optimizing 64 modules...",
          "pip install: Successfully installed react-3.6",
          "Artifact uploaded: build.tar.gz (10MB)",
          "npm notice: created a lockfile",
          "[12:52:02] DEBUG: Memory usage: 610MB",
          "[12:52:02] DEBUG: Loading configuration",
          "Bundling main.js",
          "Ready.",
          "Tests: 309 passed, 241 total",
          "Generating source maps...",
          "\u2713 Step 'build' succeeded",
          "\u26a0 DEPRECATION: Feature will be removed in v2.0",
          "\u2713 All checks passed",
          "npm install: resolved 1299 packages",
          "[12:52:02] INFO: Connecting to database",
          "Compiling lib/service.java...",
          "Artifact uploaded: build.tar.gz (43MB)",
          "yarn add: Done in 10.71s",
          "Environment: test",
          "\u26a0 DEPRECATION: Feature will be removed in v5.0",
          "Tests: 458 passed, 190 total",
          "Optimizing 32 modules...",
          "yarn add: Done in 20.98s",
          "Artifact uploaded: build.tar.gz (1MB)",
          "Step 11/17: Deploying",
          "HEAD is now at c1e9061",
          "Finished.",
          "Cache hit for key-8682",
          "npm install: resolved 903 packages",
          "Tests: 379 passed, 52 total",
          "Checking out main branch",
          "Cache hit for key-1429",
          "\u2713 Step 'install' succeeded",
          "Step 16/19: Installing dependencies",
          "NODE_ENV=development",
          "\u26a0 DEPRECATION: Feature will be removed in v3.0",
          "Loading...",
          "Already up to date.",
          "Ran 60 tests in 41s",
          "pip: Downloading eslint-4.12.tar.gz",
          "Cache miss for key-8465",
          "Fetching submodules...",
          "Optimizing 71 modules...",
          "NODE_ENV=test",
          "Cache miss for key-5947",
          "yarn add: Done in 26.79s",
          "[12:52:02] INFO: Connecting to database",
          "  PASS: test_cache_hit (273ms)",
          "pip: Downloading react-2.8.tar.gz",
          "Tests: 190 passed, 499 total",
          "Using Node.js 17.2.0",
          "Fetching submodules...",
          "Compiling utils/index.js...",
          "\u26a0 DEPRECATION: Feature will be removed in v3.0",
          "HEAD is now at 8503cbb",
          "=== Step lint completed ==="
        ]
      }
    ],
    "label": "normal"
  }
}