{
  "action": "completed",
  "workflow_run": {
    "id": 143,
    "name": "CI Pipeline",
    "head_branch": "develop",
    "head_sha": "c548a3da710b59e84f7b030240ab472ee235b598",
    "status": "completed",
    "conclusion": "success",
    "run_started_at": "2025-12-13T12:50:40.569946Z",
    "updated_at": "2025-12-13T12:55:48.551948Z"
  },
  "repository": {
    "full_name": "startup-io/auth-service",
    "name": "auth-service"
  },
  "sender": {
    "login": "bob"
  },
  "_safeops_extended": {
    "raw_logs": "=== Step: deploy_production ===\nTransforming 288 files...\nChecking out master branch\nUploading artifact 'coverage' (21 files)\nHEAD is now at ba999af\nArtifact uploaded: dist.zip (97MB)\nStep 8/15: Running migrations\nConnection established\nProcessing...\nStep 20/21: Deploying\nCompiling components/service.java...\n\u2717 build failed with exit code 115\nNODE_ENV=production\n  PASS: test_api_health (61ms)\nOK\nCompiling lib/main.py...\nCompiling src/app.ts...\nStep 18/15: Installing dependencies\nProcessing...\nArtifact downloaded: 37MB\nWARNING: jest has known vulnerabilities\nGenerating source maps...\nTests: 185 passed, 453 total\nCompiling lib/app.ts...\nHEAD is now at 14b8550\nImage pulled successfully\n\u26a0 DEPRECATION: Feature will be removed in v2.0\nnpm notice: package.json updated\nnpm install: added 65 packages\nStep 6/20: Deploying\nBundling runtime.js\n[12:50:40] INFO: Request completed\nVerifying...\nCache hit for key-2008\nnpm install: resolved 1630 packages\n=== Step deploy_production completed ===\n=== Step: deploy_staging ===\npip: Downloading lodash-2.15.tar.gz\nnpm notice: created a lockfile\nCreating production build...\nCache saved successfully\n[12:50:40] DEBUG: Query executed in 5ms\nCompiling components/utils.go...\nPlatform: win32-x64\nUsing Python 3.10\nWARNING: prettier has known vulnerabilities\nFetching submodules...\nSwitched to branch 'hotfix/task-660'\nnpm install: added 341 packages\npip: Downloading eslint-3.4.tar.gz\nArtifact downloaded: 44MB\n\u2713 Task completed in 878ms\nHEAD is now at b69ac36\nPlatform: win32-x64\nVerifying...\n[12:50:40] INFO: Processing request\nMinifying main.js\nVerifying...\n  PASS: test_auth_login (118ms)\nInstalling express@4.6.8\nStep 4/23: Running migrations\nArtifact downloaded: 36MB\nChecking out master branch\nPulling image: python:latest\n[12:50:40] INFO: Starting build process\nLoading...\n[12:50:40] DEBUG: Initializing service\n  PASS: integration/test_user_create.spec.js\nVerifying...\nStep 4/15: Building\nWARNING: axios has known vulnerabilities\n=== Step deploy_staging completed ===\n=== Step: integration_tests ===\nInstalling lodash@4.7.5\npip: Collecting eslint\nHEAD is now at 7e6076d\n[12:50:40] DEBUG: Initializing service\nLoading...\n[12:50:40] WARN: Deprecated API usage\nStep 1/20: Building\nAlready up to date.\n[12:50:40] INFO: Starting build process\nGET /health - 200 (18ms)\nImage pulled successfully\n[12:50:40] ERROR: Connection failed\nyarn add: Done in 8.6s\n[12:50:40] DEBUG: Connection pool: 8 active\nnpm notice: created a lockfile\nCreating production build...\nUsing Python 3.9\n[12:50:40] DEBUG: Connection pool: 8 active\n[12:50:40] INFO: Processing request\n\u2713 Step 'build' succeeded\nTest Suites: 49 passed, 30 total\nnpm notice: created a lockfile\nPOST /data - 202 (260ms)\nyarn add: Done in 19.52s\nBuilding Docker image...\nArtifact downloaded: 1MB\nArtifact uploaded: dist.zip (85MB)\n\u2713 Task completed in 1019ms\nVerifying...\nStep 12/15: Testing\n\u26a0 DEPRECATION: Feature will be removed in v2.0\n[12:50:40] DEBUG: Initializing service\nOK\nPlatform: darwin-arm64\n=== Step integration_tests completed ===\n=== Step: lint ===\nArtifact downloaded: 25MB\nImage pulled successfully\n  PASS: test_cache_hit (18ms)\nImage pulled successfully\npip: Installing build dependencies...\nHEAD is now at e2efcb5\nFinished.\nnpm notice: created a lockfile\nFetching submodules...\n[12:50:40] DEBUG: Initializing service\nTests: 121 passed, 110 total\nMinifying main.js\nNODE_ENV=production\nPulling image: python:18\nException: TypeError\nyarn add: Done in 6.24s\n[12:50:40] DEBUG: Memory usage: 1545MB\nCoverage: 86% statements, 73% branches\nBuilding Docker image...\nSuccess!\npip: Installing build dependencies...\n  PASS: unit/test_api_health.spec.js\nSnapshots: 26 passed, 48 total\n[12:50:40] INFO: Cache refreshed\nStep 17/19: Running migrations\nPOST /api - 200 (447ms)\n\u26a0 DEPRECATION: Feature will be removed in v4.0\n[12:50:40] DEBUG: Connection pool: 9 active\nCache restored successfully (421MB)\nCache invalidated: node_modules\nBuilding Docker image...\nTransforming 591 files...\nStep 11/25: Linting\nFetching submodules...\n=== Step lint completed ===\n=== Step: setup_node ===\nInstalling prettier@5.10.8\npip: Installing build dependencies...\nCoverage: 86% statements, 100% branches\nUploading artifact 'build' (19 files)\nLayer 3/9: COPY command\nFinished.\n[12:50:40] INFO: Processing request\n\u2717 build failed with exit code 90\nStep 18/24: Building\nCompiling utils/service.java...\nStep 11/25: Linting\nFetching submodules...\nStep 12/25: Deploying\n\u2713 build completed\nStep 12/16: Building\nStep 6/22: Deploying\nAlready up to date.\nTest Suites: 50 passed, 25 total\nArtifact downloaded: 42MB\nCompiling utils/index.js...\nConnection established\nStep 11/20: Installing dependencies\nDone.\n[12:50:40] WARN: Deprecated API usage\nTransforming 356 files...\nnpm notice: package.json updated\npip: Downloading axios-4.6.tar.gz\npip install: Successfully installed prettier-2.14\nFetching from https://pypi.org/package.json\nTime: 82.180s\npip: Collecting eslint\nRan 96 tests in 21s\n[12:50:40] DEBUG: Query executed in 84ms\nLoading...\n=== Step setup_node completed ===\n=== Step: install_dependencies ===\nStep 18/24: Linting\nUsing Python 3.11\nPlatform: win32-x64\nStep 16/18: Testing\nnpm install: added 388 packages\n[12:50:40] DEBUG: Loading configuration\nBundling main.css\nCache miss for key-2794\nStep 19/23: Running migrations\nStep 2/22: Building\nyarn add: Done in 26.24s\n  PASS: e2e/test_auth_login.spec.js\nCache restored successfully (34MB)\n[12:50:40] INFO: Starting build process\nUsing Node.js 16.17.3\nChecking out main branch\nConnection established\nnpm install: added 230 packages\n[12:50:40] ERROR: Connection failed\n[12:50:40] INFO: Processing request\nProcessing...\n[12:50:40] WARN: Deprecated API usage\nStep 9/22: Deploying\n[12:50:40] INFO: Processing request\nStep 5/19: Building\npip: Installing build dependencies...\nOK\nConnection established\nArtifact downloaded: 13MB\nnpm notice: created a lockfile\nTest Suites: 46 passed, 21 total\nStep 12/16: Building\nUsing Node.js 20.9.5\nPOST /upload - 200 (340ms)\n=== Step install_dependencies completed ===\n=== Step: type_check ===\nWARNING: lodash has known vulnerabilities\nVerifying...\nnpm notice: created a lockfile\n[12:50:40] ERROR: Connection failed\nCompiling components/handler.rs...\nStep 11/15: Installing dependencies\n[12:50:40] INFO: Connecting to database\nProcessing...\npip install: Successfully installed eslint-3.8\nOK\nConnection established\nFinished.\n\u2713 Task completed in 4459ms\nEnvironment: staging\n\u26a0 DEPRECATION: Feature will be removed in v2.0\npip: Downloading jest-2.1.tar.gz\n[12:50:40] WARN: Deprecated API usage\npip: Collecting react\nnpm install: resolved 755 packages\npip: Downloading axios-1.0.tar.gz\nMinifying vendor.js\n[12:50:40] INFO: Cache refreshed\nTransforming 263 files...\nTests: 74 passed, 415 total\n\u2713 All checks passed\n[12:50:40] DEBUG: Initializing service\n[12:50:40] ERROR: Connection failed\npip: Installing build dependencies...\nOptimizing 52 modules...\n[12:50:40] INFO: Request completed\nNODE_ENV=development\nnpm notice: created a lockfile\nCache hit for key-8876\nArtifact downloaded: 15MB\n=== Step type_check completed ===\n=== Step: build ===\nImage pulled successfully\n[12:50:40] WARN: Deprecated API usage\n\u26a0 DEPRECATION: Feature will be removed in v2.0\nPlatform: darwin-arm64\npip: Downloading react-1.4.tar.gz\n[12:50:40] DEBUG: Memory usage: 847MB\nCompiling lib/index.js...\nTest Suites: 14 passed, 21 total\nGET /status - 201 (92ms)\nPushing to registry...\nWARNING: lodash has known vulnerabilities\nImage pulled successfully\n  PASS: test_user_create (210ms)\nCache saved successfully\nFetching submodules...\nGenerating source maps...\nPOST /data - 200 (166ms)\nLayer 3/11: RUN command\n[12:50:40] WARN: Deprecated API usage\nLoading...\n\u2713 Task completed in 173ms\nArtifact downloaded: 8MB\nSuccess!\nWARNING: jest has known vulnerabilities\nFinished.\nTime: 45.238s\nSnapshots: 13 passed, 0 total\n  PASS: test_user_create (427ms)\nFinished.\n\u26a0 DEPRECATION: Feature will be removed in v5.0\nPulling image: alpine:latest\nMinifying vendor.js\nPlatform: darwin-arm64\npip install: Successfully installed express-4.0\n=== Step build completed ===\n=== Step: upload_artifacts ===\n[12:50:40] INFO: Processing request\nCompiling lib/app.ts...\npip: Installing build dependencies...\nCache miss for key-7266\nFinished.\nnpm install: added 334 packages\n\u2713 Task completed in 175ms\n\u2713 Task completed in 3766ms\nLoading...\nWARNING: webpack has known vulnerabilities\nAlready up to date.\nWARNING: react has known vulnerabilities\nReady.\n[12:50:40] INFO: Connecting to database\n[12:50:40] DEBUG: Query executed in 61ms\n[12:50:40] DEBUG: Query executed in 25ms\npip: Collecting express\nCompiling src/service.java...\nPushing to registry...\n[12:50:40] DEBUG: Memory usage: 1908MB\n[12:50:40] DEBUG: Loading configuration\nSnapshots: 19 passed, 42 total\nCompiling lib/main.py...\nAlready up to date.\nPOST /data - 201 (112ms)\n\u26a0 DEPRECATION: Feature will be removed in v2.0\nPulling image: alpine:latest\n[12:50:40] DEBUG: Initializing service\n[12:50:40] INFO: Cache refreshed\nOptimizing 38 modules...\n  PASS: e2e/test_auth_login.spec.js\npip: Installing build dependencies...\nWARNING: axios has known vulnerabilities\nnpm notice: package.json updated\n=== Step upload_artifacts completed ===\n=== Step: checkout ===\nCache restored successfully (268MB)\nImage pulled successfully\nCoverage: 81% statements, 60% branches\n[12:50:40] INFO: Request completed\nStep 2/22: Deploying\n[12:50:40] DEBUG: Initializing service\nGenerating source maps...\nStep 9/18: Building\nyarn add: Done in 8.88s\n[12:50:40] ERROR: Connection failed\n\u26a0 DEPRECATION: Feature will be removed in v4.0\nChecking out develop branch\nnpm notice: package.json updated\nWARNING: jest has known vulnerabilities\nInstalling prettier@2.18.3\nSwitched to branch 'feature/task-924'\nStep 2/20: Installing dependencies\nPOST /data - 200 (48ms)\n\u26a0 DEPRECATION: Feature will be removed in v3.0\nRan 89 tests in 35s\nFinished.\n[12:50:40] INFO: Connecting to database\nTest Suites: 36 passed, 33 total\npip install: Successfully installed lodash-1.1\nTLS handshake completed\nCache restored successfully (382MB)\n\u2717 build failed with exit code 108\n[12:50:40] WARN: Deprecated API usage\nWaiting...\nConnection established\nPOST /data - 202 (365ms)\nyarn add: Done in 18.39s\nGET /status - 200 (9ms)\nTransforming 381 files...\n=== Step checkout completed ===\n=== Step: e2e_tests ===\nSuccess!\n\u2713 Step 'build' succeeded\nEnvironment: development\nSuccess!\nUsing Node.js 20.20.3\nStep 12/23: Building\nTest Suites: 32 passed, 35 total\nHEAD is now at e9787c2\nTest Suites: 46 passed, 5 total\nCompiling src/app.ts...\nSwitched to branch 'bugfix/task-120'\nCache hit for key-7258\nPOST /api - 201 (394ms)\nCache hit for key-1369\nStep 3/15: Installing dependencies\nPushing to registry...\nOK\nCompiling lib/app.ts...\n[12:50:40] INFO: Cache refreshed\nCache invalidated: dependencies\n\u2713 Step 'test' succeeded\nArtifact uploaded: build.tar.gz (45MB)\nOptimizing 18 modules...\nBuilding Docker image...\nStep 18/20: Linting\nCache invalidated: node_modules\nWARNING: prettier has known vulnerabilities\n\u2713 Step 'test' succeeded\nStep 19/20: Linting\n[12:50:40] DEBUG: Memory usage: 1156MB\n[12:50:40] WARN: Deprecated API usage\n\u2713 package completed\n[12:50:40] WARN: Deprecated API usage\n[12:50:40] DEBUG: Initializing service\n=== Step e2e_tests completed ===",
    "steps": [
      {
        "name": "deploy_production",
        "status": "success",
        "started_at": "2025-12-13T12:50:40.569946",
        "finished_at": "2025-12-13T12:50:48.893784",
        "log_lines": [
          "=== Step: deploy_production ===",
          "Transforming 288 files...",
          "Checking out master branch",
          "Uploading artifact 'coverage' (21 files)",
          "HEAD is now at ba999af",
          "Artifact uploaded: dist.zip (97MB)",
          "Step 8/15: Running migrations",
          "Connection established",
          "Processing...",
          "Step 20/21: Deploying",
          "Compiling components/service.java...",
          "\u2717 build failed with exit code 115",
          "NODE_ENV=production",
          "  PASS: test_api_health (61ms)",
          "OK",
          "Compiling lib/main.py...",
          "Compiling src/app.ts...",
          "Step 18/15: Installing dependencies",
          "Processing...",
          "Artifact downloaded: 37MB",
          "WARNING: jest has known vulnerabilities",
          "Generating source maps...",
          "Tests: 185 passed, 453 total",
          "Compiling lib/app.ts...",
          "HEAD is now at 14b8550",
          "Image pulled successfully",
          "\u26a0 DEPRECATION: Feature will be removed in v2.0",
          "npm notice: package.json updated",
          "npm install: added 65 packages",
          "Step 6/20: Deploying",
          "Bundling runtime.js",
          "[12:50:40] INFO: Request completed",
          "Verifying...",
          "Cache hit for key-2008",
          "npm install: resolved 1630 packages",
          "=== Step deploy_production completed ==="
        ]
      },
      {
        "name": "deploy_staging",
        "status": "success",
        "started_at": "2025-12-13T12:50:48.893784",
        "finished_at": "2025-12-13T12:51:09.703379",
        "log_lines": [
          "=== Step: deploy_staging ===",
          "pip: Downloading lodash-2.15.tar.gz",
          "npm notice: created a lockfile",
          "Creating production build...",
          "Cache saved successfully",
          "[12:50:40] DEBUG: Query executed in 5ms",
          "Compiling components/utils.go...",
          "Platform: win32-x64",
          "Using Python 3.10",
          "WARNING: prettier has known vulnerabilities",
          "Fetching submodules...",
          "Switched to branch 'hotfix/task-660'",
          "npm install: added 341 packages",
          "pip: Downloading eslint-3.4.tar.gz",
          "Artifact downloaded: 44MB",
          "\u2713 Task completed in 878ms",
          "HEAD is now at b69ac36",
          "Platform: win32-x64",
          "Verifying...",
          "[12:50:40] INFO: Processing request",
          "Minifying main.js",
          "Verifying...",
          "  PASS: test_auth_login (118ms)",
          "Installing express@4.6.8",
          "Step 4/23: Running migrations",
          "Artifact downloaded: 36MB",
          "Checking out master branch",
          "Pulling image: python:latest",
          "[12:50:40] INFO: Starting build process",
          "Loading...",
          "[12:50:40] DEBUG: Initializing service",
          "  PASS: integration/test_user_create.spec.js",
          "Verifying...",
          "Step 4/15: Building",
          "WARNING: axios has known vulnerabilities",
          "=== Step deploy_staging completed ==="
        ]
      },
      {
        "name": "integration_tests",
        "status": "success",
        "started_at": "2025-12-13T12:51:09.703379",
        "finished_at": "2025-12-13T12:51:51.322569",
        "log_lines": [
          "=== Step: integration_tests ===",
          "Installing lodash@4.7.5",
          "pip: Collecting eslint",
          "HEAD is now at 7e6076d",
          "[12:50:40] DEBUG: Initializing service",
          "Loading...",
          "[12:50:40] WARN: Deprecated API usage",
          "Step 1/20: Building",
          "Already up to date.",
          "[12:50:40] INFO: Starting build process",
          "GET /health - 200 (18ms)",
          "Image pulled successfully",
          "[12:50:40] ERROR: Connection failed",
          "yarn add: Done in 8.6s",
          "[12:50:40] DEBUG: Connection pool: 8 active",
          "npm notice: created a lockfile",
          "Creating production build...",
          "Using Python 3.9",
          "[12:50:40] DEBUG: Connection pool: 8 active",
          "[12:50:40] INFO: Processing request",
          "\u2713 Step 'build' succeeded",
          "Test Suites: 49 passed, 30 total",
          "npm notice: created a lockfile",
          "POST /data - 202 (260ms)",
          "yarn add: Done in 19.52s",
          "Building Docker image...",
          "Artifact downloaded: 1MB",
          "Artifact uploaded: dist.zip (85MB)",
          "\u2713 Task completed in 1019ms",
          "Verifying...",
          "Step 12/15: Testing",
          "\u26a0 DEPRECATION: Feature will be removed in v2.0",
          "[12:50:40] DEBUG: Initializing service",
          "OK",
          "Platform: darwin-arm64",
          "=== Step integration_tests completed ==="
        ]
      },
      {
        "name": "lint",
        "status": "success",
        "started_at": "2025-12-13T12:51:51.322569",
        "finished_at": "2025-12-13T12:52:12.132164",
        "log_lines": [
          "=== Step: lint ===",
          "Artifact downloaded: 25MB",
          "Image pulled successfully",
          "  PASS: test_cache_hit (18ms)",
          "Image pulled successfully",
          "pip: Installing build dependencies...",
          "HEAD is now at e2efcb5",
          "Finished.",
          "npm notice: created a lockfile",
          "Fetching submodules...",
          "[12:50:40] DEBUG: Initializing service",
          "Tests: 121 passed, 110 total",
          "Minifying main.js",
          "NODE_ENV=production",
          "Pulling image: python:18",
          "Exception: TypeError",
          "yarn add: Done in 6.24s",
          "[12:50:40] DEBUG: Memory usage: 1545MB",
          "Coverage: 86% statements, 73% branches",
          "Building Docker image...",
          "Success!",
          "pip: Installing build dependencies...",
          "  PASS: unit/test_api_health.spec.js",
          "Snapshots: 26 passed, 48 total",
          "[12:50:40] INFO: Cache refreshed",
          "Step 17/19: Running migrations",
          "POST /api - 200 (447ms)",
          "\u26a0 DEPRECATION: Feature will be removed in v4.0",
          "[12:50:40] DEBUG: Connection pool: 9 active",
          "Cache restored successfully (421MB)",
          "Cache invalidated: node_modules",
          "Building Docker image...",
          "Transforming 591 files...",
          "Step 11/25: Linting",
          "Fetching submodules...",
          "=== Step lint completed ==="
        ]
      },
      {
        "name": "setup_node",
        "status": "success",
        "started_at": "2025-12-13T12:52:12.132164",
        "finished_at": "2025-12-13T12:52:32.941759",
        "log_lines": [
          "=== Step: setup_node ===",
          "Installing prettier@5.10.8",
          "pip: Installing build dependencies...",
          "Coverage: 86% statements, 100% branches",
          "Uploading artifact 'build' (19 files)",
          "Layer 3/9: COPY command",
          "Finished.",
          "[12:50:40] INFO: Processing request",
          "\u2717 build failed with exit code 90",
          "Step 18/24: Building",
          "Compiling utils/service.java...",
          "Step 11/25: Linting",
          "Fetching submodules...",
          "Step 12/25: Deploying",
          "\u2713 build completed",
          "Step 12/16: Building",
          "Step 6/22: Deploying",
          "Already up to date.",
          "Test Suites: 50 passed, 25 total",
          "Artifact downloaded: 42MB",
          "Compiling utils/index.js...",
          "Connection established",
          "Step 11/20: Installing dependencies",
          "Done.",
          "[12:50:40] WARN: Deprecated API usage",
          "Transforming 356 files...",
          "npm notice: package.json updated",
          "pip: Downloading axios-4.6.tar.gz",
          "pip install: Successfully installed prettier-2.14",
          "Fetching from https://pypi.org/package.json",
          "Time: 82.180s",
          "pip: Collecting eslint",
          "Ran 96 tests in 21s",
          "[12:50:40] DEBUG: Query executed in 84ms",
          "Loading...",
          "=== Step setup_node completed ==="
        ]
      },
      {
        "name": "install_dependencies",
        "status": "success",
        "started_at": "2025-12-13T12:52:32.941759",
        "finished_at": "2025-12-13T12:53:35.370543",
        "log_lines": [
          "=== Step: install_dependencies ===",
          "Step 18/24: Linting",
          "Using Python 3.11",
          "Platform: win32-x64",
          "Step 16/18: Testing",
          "npm install: added 388 packages",
          "[12:50:40] DEBUG: Loading configuration",
          "Bundling main.css",
          "Cache miss for key-2794",
          "Step 19/23: Running migrations",
          "Step 2/22: Building",
          "yarn add: Done in 26.24s",
          "  PASS: e2e/test_auth_login.spec.js",
          "Cache restored successfully (34MB)",
          "[12:50:40] INFO: Starting build process",
          "Using Node.js 16.17.3",
          "Checking out main branch",
          "Connection established",
          "npm install: added 230 packages",
          "[12:50:40] ERROR: Connection failed",
          "[12:50:40] INFO: Processing request",
          "Processing...",
          "[12:50:40] WARN: Deprecated API usage",
          "Step 9/22: Deploying",
          "[12:50:40] INFO: Processing request",
          "Step 5/19: Building",
          "pip: Installing build dependencies...",
          "OK",
          "Connection established",
          "Artifact downloaded: 13MB",
          "npm notice: created a lockfile",
          "Test Suites: 46 passed, 21 total",
          "Step 12/16: Building",
          "Using Node.js 20.9.5",
          "POST /upload - 200 (340ms)",
          "=== Step install_dependencies completed ==="
        ]
      },
      {
        "name": "type_check",
        "status": "success",
        "started_at": "2025-12-13T12:53:35.370543",
        "finished_at": "2025-12-13T12:53:56.180138",
        "log_lines": [
          "=== Step: type_check ===",
          "WARNING: lodash has known vulnerabilities",
          "Verifying...",
          "npm notice: created a lockfile",
          "[12:50:40] ERROR: Connection failed",
          "Compiling components/handler.rs...",
          "Step 11/15: Installing dependencies",
          "[12:50:40] INFO: Connecting to database",
          "Processing...",
          "pip install: Successfully installed eslint-3.8",
          "OK",
          "Connection established",
          "Finished.",
          "\u2713 Task completed in 4459ms",
          "Environment: staging",
          "\u26a0 DEPRECATION: Feature will be removed in v2.0",
          "pip: Downloading jest-2.1.tar.gz",
          "[12:50:40] WARN: Deprecated API usage",
          "pip: Collecting react",
          "npm install: resolved 755 packages",
          "pip: Downloading axios-1.0.tar.gz",
          "Minifying vendor.js",
          "[12:50:40] INFO: Cache refreshed",
          "Transforming 263 files...",
          "Tests: 74 passed, 415 total",
          "\u2713 All checks passed",
          "[12:50:40] DEBUG: Initializing service",
          "[12:50:40] ERROR: Connection failed",
          "pip: Installing build dependencies...",
          "Optimizing 52 modules...",
          "[12:50:40] INFO: Request completed",
          "NODE_ENV=development",
          "npm notice: created a lockfile",
          "Cache hit for key-8876",
          "Artifact downloaded: 15MB",
          "=== Step type_check completed ==="
        ]
      },
      {
        "name": "build",
        "status": "success",
        "started_at": "2025-12-13T12:53:56.180138",
        "finished_at": "2025-12-13T12:54:58.608922",
        "log_lines": [
          "=== Step: build ===",
          "Image pulled successfully",
          "[12:50:40] WARN: Deprecated API usage",
          "\u26a0 DEPRECATION: Feature will be removed in v2.0",
          "Platform: darwin-arm64",
          "pip: Downloading react-1.4.tar.gz",
          "[12:50:40] DEBUG: Memory usage: 847MB",
          "Compiling lib/index.js...",
          "Test Suites: 14 passed, 21 total",
          "GET /status - 201 (92ms)",
          "Pushing to registry...",
          "WARNING: lodash has known vulnerabilities",
          "Image pulled successfully",
          "  PASS: test_user_create (210ms)",
          "Cache saved successfully",
          "Fetching submodules...",
          "Generating source maps...",
          "POST /data - 200 (166ms)",
          "Layer 3/11: RUN command",
          "[12:50:40] WARN: Deprecated API usage",
          "Loading...",
          "\u2713 Task completed in 173ms",
          "Artifact downloaded: 8MB",
          "Success!",
          "WARNING: jest has known vulnerabilities",
          "Finished.",
          "Time: 45.238s",
          "Snapshots: 13 passed, 0 total",
          "  PASS: test_user_create (427ms)",
          "Finished.",
          "\u26a0 DEPRECATION: Feature will be removed in v5.0",
          "Pulling image: alpine:latest",
          "Minifying vendor.js",
          "Platform: darwin-arm64",
          "pip install: Successfully installed express-4.0",
          "=== Step build completed ==="
        ]
      },
      {
        "name": "upload_artifacts",
        "status": "success",
        "started_at": "2025-12-13T12:54:58.608922",
        "finished_at": "2025-12-13T12:55:19.418517",
        "log_lines": [
          "=== Step: upload_artifacts ===",
          "[12:50:40] INFO: Processing request",
          "Compiling lib/app.ts...",
          "pip: Installing build dependencies...",
          "Cache miss for key-7266",
          "Finished.",
          "npm install: added 334 packages",
          "\u2713 Task completed in 175ms",
          "\u2713 Task completed in 3766ms",
          "Loading...",
          "WARNING: webpack has known vulnerabilities",
          "Already up to date.",
          "WARNING: react has known vulnerabilities",
          "Ready.",
          "[12:50:40] INFO: Connecting to database",
          "[12:50:40] DEBUG: Query executed in 61ms",
          "[12:50:40] DEBUG: Query executed in 25ms",
          "pip: Collecting express",
          "Compiling src/service.java...",
          "Pushing to registry...",
          "[12:50:40] DEBUG: Memory usage: 1908MB",
          "[12:50:40] DEBUG: Loading configuration",
          "Snapshots: 19 passed, 42 total",
          "Compiling lib/main.py...",
          "Already up to date.",
          "POST /data - 201 (112ms)",
          "\u26a0 DEPRECATION: Feature will be removed in v2.0",
          "Pulling image: alpine:latest",
          "[12:50:40] DEBUG: Initializing service",
          "[12:50:40] INFO: Cache refreshed",
          "Optimizing 38 modules...",
          "  PASS: e2e/test_auth_login.spec.js",
          "pip: Installing build dependencies...",
          "WARNING: axios has known vulnerabilities",
          "npm notice: package.json updated",
          "=== Step upload_artifacts completed ==="
        ]
      },
      {
        "name": "checkout",
        "status": "success",
        "started_at": "2025-12-13T12:55:19.418517",
        "finished_at": "2025-12-13T12:55:27.742355",
        "log_lines": [
          "=== Step: checkout ===",
          "Cache restored successfully (268MB)",
          "Image pulled successfully",
          "Coverage: 81% statements, 60% branches",
          "[12:50:40] INFO: Request completed",
          "Step 2/22: Deploying",
          "[12:50:40] DEBUG: Initializing service",
          "Generating source maps...",
          "Step 9/18: Building",
          "yarn add: Done in 8.88s",
          "[12:50:40] ERROR: Connection failed",
          "\u26a0 DEPRECATION: Feature will be removed in v4.0",
          "Checking out develop branch",
          "npm notice: package.json updated",
          "WARNING: jest has known vulnerabilities",
          "Installing prettier@2.18.3",
          "Switched to branch 'feature/task-924'",
          "Step 2/20: Installing dependencies",
          "POST /data - 200 (48ms)",
          "\u26a0 DEPRECATION: Feature will be removed in v3.0",
          "Ran 89 tests in 35s",
          "Finished.",
          "[12:50:40] INFO: Connecting to database",
          "Test Suites: 36 passed, 33 total",
          "pip install: Successfully installed lodash-1.1",
          "TLS handshake completed",
          "Cache restored successfully (382MB)",
          "\u2717 build failed with exit code 108",
          "[12:50:40] WARN: Deprecated API usage",
          "Waiting...",
          "Connection established",
          "POST /data - 202 (365ms)",
          "yarn add: Done in 18.39s",
          "GET /status - 200 (9ms)",
          "Transforming 381 files...",
          "=== Step checkout completed ==="
        ]
      },
      {
        "name": "e2e_tests",
        "status": "success",
        "started_at": "2025-12-13T12:55:27.742355",
        "finished_at": "2025-12-13T12:55:48.551950",
        "log_lines": [
          "=== Step: e2e_tests ===",
          "Success!",
          "\u2713 Step 'build' succeeded",
          "Environment: development",
          "Success!",
          "Using Node.js 20.20.3",
          "Step 12/23: Building",
          "Test Suites: 32 passed, 35 total",
          "HEAD is now at e9787c2",
          "Test Suites: 46 passed, 5 total",
          "Compiling src/app.ts...",
          "Switched to branch 'bugfix/task-120'",
          "Cache hit for key-7258",
          "POST /api - 201 (394ms)",
          "Cache hit for key-1369",
          "Step 3/15: Installing dependencies",
          "Pushing to registry...",
          "OK",
          "Compiling lib/app.ts...",
          "[12:50:40] INFO: Cache refreshed",
          "Cache invalidated: dependencies",
          "\u2713 Step 'test' succeeded",
          "Artifact uploaded: build.tar.gz (45MB)",
          "Optimizing 18 modules...",
          "Building Docker image...",
          "Step 18/20: Linting",
          "Cache invalidated: node_modules",
          "WARNING: prettier has known vulnerabilities",
          "\u2713 Step 'test' succeeded",
          "Step 19/20: Linting",
          "[12:50:40] DEBUG: Memory usage: 1156MB",
          "[12:50:40] WARN: Deprecated API usage",
          "\u2713 package completed",
          "[12:50:40] WARN: Deprecated API usage",
          "[12:50:40] DEBUG: Initializing service",
          "=== Step e2e_tests completed ==="
        ]
      }
    ],
    "label": "normal"
  }
}