{
  "action": "completed",
  "workflow_run": {
    "id": 497,
    "name": "CI Pipeline",
    "head_branch": "develop",
    "head_sha": "1878a4e3123170c4e4fcd12d40528fdf69f831e8",
    "status": "completed",
    "conclusion": "success",
    "run_started_at": "2025-11-23T23:44:27.068954Z",
    "updated_at": "2025-11-23T23:46:23.361293Z"
  },
  "repository": {
    "full_name": "acme-corp/data-pipeline",
    "name": "data-pipeline"
  },
  "sender": {
    "login": "diana"
  },
  "_safeops_extended": {
    "raw_logs": "=== Step: checkout ===\nCompiling src/main.py...\nCompiling src/app.ts...\nStep 9/10: Building\nArtifact uploaded: build.tar.gz (4MB)\nInstalling eslint@1.2.0\nArtifact uploaded: build.tar.gz (8MB)\nArtifact uploaded: build.tar.gz (15MB)\nInstalling eslint@2.19.0\n\u2713 lint completed\nStep 9/10: Building\n  PASS: test_api_health (445ms)\nArtifact uploaded: build.tar.gz (37MB)\nArtifact uploaded: build.tar.gz (11MB)\nCompiling src/index.js...\n\u2713 build completed\n[23:44:27] WARN: Deprecated API usage\n  PASS: test_auth_login (136ms)\n\u2713 lint completed\nArtifact uploaded: build.tar.gz (43MB)\nCache hit for key-6698\nArtifact uploaded: build.tar.gz (13MB)\nStep 3/10: Building\n  PASS: test_auth_login (419ms)\n[23:44:27] INFO: Processing request\nCache hit for key-8433\n[23:44:27] INFO: Processing request\n  PASS: test_api_health (365ms)\nArtifact uploaded: build.tar.gz (10MB)\nStep 8/10: Building\nInstalling prettier@2.12.0\nCompiling src/service.java...\nCompiling src/app.ts...\nStep 5/10: Building\n\u2713 build completed\nStep 1/10: Building\nInstalling axios@4.10.0\nArtifact uploaded: build.tar.gz (21MB)\nCompiling src/index.js...\n\u2713 test completed\n[23:44:27] WARN: Deprecated API usage\n\u2713 test completed\nCompiling src/utils.go...\nArtifact uploaded: build.tar.gz (5MB)\n[23:44:27] INFO: Processing request\nCompiling src/index.js...\nStep 3/10: Building\nStep 7/10: Building\nWARNING: react has known vulnerabilities\n[23:44:27] INFO: Processing request\n  PASS: test_cache_hit (13ms)\nCache hit for key-7701\nCompiling src/utils.go...\n  PASS: test_auth_login (434ms)\nStep 10/10: Building\nArtifact uploaded: build.tar.gz (6MB)\nInstalling lodash@1.17.0\n\u2713 build completed\nInstalling lodash@1.1.0\n  PASS: test_db_connect (459ms)\n\u2713 build completed\n  PASS: test_db_connect (480ms)\nStep 4/10: Building\n\u2713 lint completed\n  PASS: test_user_create (124ms)\nCompiling src/utils.go...\nCache hit for key-3099\n=== Step checkout completed ===\n=== Step: setup_environment ===\nArtifact uploaded: build.tar.gz (44MB)\n  PASS: test_auth_login (318ms)\n\u2713 build completed\nCompiling src/index.js...\n  PASS: test_api_health (179ms)\n[23:44:27] INFO: Processing request\nCache hit for key-5673\nCompiling src/handler.rs...\nStep 3/10: Building\n[23:44:27] INFO: Processing request\nCompiling src/service.java...\n[23:44:27] INFO: Processing request\n[23:44:27] INFO: Processing request\n  PASS: test_user_create (170ms)\n[23:44:27] WARN: Deprecated API usage\n\u2713 build completed\nCompiling src/main.py...\nInstalling express@4.19.0\n\u2713 lint completed\nArtifact uploaded: build.tar.gz (33MB)\nCache hit for key-1463\nCompiling src/app.ts...\n  PASS: test_user_create (272ms)\n\u2713 test completed\n\u2713 build completed\n  PASS: test_api_health (499ms)\nCompiling src/utils.go...\nStep 2/10: Building\n  PASS: test_cache_hit (460ms)\nCompiling src/app.ts...\nStep 2/10: Building\n[23:44:27] INFO: Processing request\nArtifact uploaded: build.tar.gz (1MB)\n\u26a0 DEPRECATION: Feature will be removed in v4.0\nWARNING: jest has known vulnerabilities\nCache hit for key-8005\nStep 3/10: Building\n[23:44:27] ERROR: Connection failed\nArtifact uploaded: build.tar.gz (24MB)\nArtifact uploaded: build.tar.gz (45MB)\nInstalling react@1.10.0\nCache hit for key-1983\nCache hit for key-4078\nWARNING: prettier has known vulnerabilities\nStep 6/10: Building\n\u2713 build completed\n[23:44:27] INFO: Processing request\nCompiling src/app.ts...\n  PASS: test_auth_login (494ms)\nCache hit for key-9503\n  PASS: test_api_health (313ms)\nArtifact uploaded: build.tar.gz (11MB)\nStep 3/10: Building\n\u2713 lint completed\nStep 6/10: Building\n\u26a0 DEPRECATION: Feature will be removed in v3.0\n[23:44:27] INFO: Processing request\nCache hit for key-8892\nStep 2/10: Building\n\u2713 lint completed\nArtifact uploaded: build.tar.gz (39MB)\n[23:44:27] INFO: Processing request\nArtifact uploaded: build.tar.gz (4MB)\nCache hit for key-6642\nInstalling express@2.1.0\n  PASS: test_cache_hit (245ms)\n=== Step setup_environment completed ===\n=== Step: install_dependencies ===\nCache hit for key-8760\n\u2713 lint completed\n\u2713 build completed\nCompiling src/index.js...\nStep 4/10: Building\nCompiling src/main.py...\n\u2713 lint completed\nCache hit for key-9774\n\u26a0 DEPRECATION: Feature will be removed in v4.0\nArtifact uploaded: build.tar.gz (5MB)\n  PASS: test_auth_login (124ms)\n[23:44:27] INFO: Processing request\nInstalling axios@2.11.0\nStep 3/10: Building\n\u2713 lint completed\n[23:44:27] INFO: Processing request\n[23:44:27] INFO: Processing request\n  PASS: test_user_create (83ms)\nInstalling react@4.16.0\nArtifact uploaded: build.tar.gz (49MB)\nCache hit for key-7266\n[23:44:27] INFO: Processing request\nCompiling src/index.js...\nStep 7/10: Building\n  PASS: test_cache_hit (160ms)\nArtifact uploaded: build.tar.gz (44MB)\nInstalling webpack@2.7.0\nStep 2/10: Building\nArtifact uploaded: build.tar.gz (3MB)\n  PASS: test_user_create (51ms)\n  PASS: test_db_connect (145ms)\n\u2713 test completed\n\u2713 lint completed\nStep 3/10: Building\n\u26a0 DEPRECATION: Feature will be removed in v4.0\n[23:44:27] WARN: Deprecated API usage\nCache hit for key-5770\nArtifact uploaded: build.tar.gz (8MB)\n  PASS: test_auth_login (182ms)\n\u2713 build completed\n[23:44:27] INFO: Processing request\n\u2713 build completed\n\u2713 lint completed\nCache hit for key-9988\n[23:44:27] INFO: Processing request\nCache hit for key-5047\nArtifact uploaded: build.tar.gz (48MB)\nCompiling src/main.py...\n\u2713 test completed\n[23:44:27] INFO: Processing request\nStep 5/10: Building\nStep 1/10: Building\nStep 4/10: Building\n\u2713 build completed\n\u2713 build completed\nArtifact uploaded: build.tar.gz (3MB)\nWARNING: express has known vulnerabilities\nCompiling src/app.ts...\nCompiling src/handler.rs...\nStep 10/10: Building\nArtifact uploaded: build.tar.gz (25MB)\n\u2713 test completed\nArtifact uploaded: build.tar.gz (21MB)\n\u2713 build completed\nCompiling src/app.ts...\nStep 8/10: Building\n=== Step install_dependencies completed ===\n=== Step: run_tests ===\nArtifact uploaded: build.tar.gz (11MB)\nStep 2/10: Building\nInstalling react@5.13.0\n  PASS: test_user_create (201ms)\nCompiling src/app.ts...\n\u2713 build completed\nStep 4/10: Building\n[23:44:27] INFO: Processing request\n\u2713 test completed\n  PASS: test_api_health (281ms)\nCompiling src/handler.rs...\nInstalling express@4.17.0\n[23:44:27] INFO: Processing request\nCache hit for key-2394\nCache hit for key-2911\nCache hit for key-9587\n  PASS: test_api_health (463ms)\n\u2713 lint completed\n[23:44:27] INFO: Processing request\nWARNING: webpack has known vulnerabilities\nCache hit for key-4360\nCompiling src/app.ts...\n[23:44:27] INFO: Processing request\n\u2713 build completed\n[23:44:27] INFO: Processing request\n[23:44:27] INFO: Processing request\nCache hit for key-9499\n  PASS: test_user_create (350ms)\nCache hit for key-7378\n[23:44:27] INFO: Processing request\n[23:44:27] ERROR: Connection failed\nInstalling webpack@1.20.0\nArtifact uploaded: build.tar.gz (35MB)\nCompiling src/main.py...\n[23:44:27] INFO: Processing request\n\u2713 lint completed\nInstalling webpack@1.20.0\nStep 7/10: Building\nCache hit for key-3649\nStep 9/10: Building\nInstalling express@2.4.0\nCompiling src/main.py...\nCompiling src/service.java...\nStep 2/10: Building\n[23:44:27] INFO: Processing request\n  PASS: test_user_create (285ms)\nArtifact uploaded: build.tar.gz (9MB)\nCache hit for key-4023\n[23:44:27] WARN: Deprecated API usage\n[23:44:27] INFO: Processing request\nCache hit for key-7609\n\u2713 build completed\n\u2713 lint completed\nCache hit for key-9377\nInstalling lodash@5.17.0\n\u2713 test completed\nInstalling lodash@1.3.0\n[23:44:27] WARN: Deprecated API usage\n[23:44:27] INFO: Processing request\n\u2713 test completed\nInstalling express@2.5.0\n  PASS: test_auth_login (475ms)\nArtifact uploaded: build.tar.gz (2MB)\nArtifact uploaded: build.tar.gz (29MB)\nCompiling src/utils.go...\nCompiling src/utils.go...\n=== Step run_tests completed ===\n=== Step: build_artifact ===\nInstalling prettier@2.20.0\n[23:44:27] INFO: Processing request\nInstalling jest@2.19.0\nStep 9/10: Building\nCache hit for key-1307\n\u2713 build completed\n[23:44:27] INFO: Processing request\nCache hit for key-8645\nArtifact uploaded: build.tar.gz (24MB)\nArtifact uploaded: build.tar.gz (21MB)\nStep 3/10: Building\nStep 4/10: Building\n  PASS: test_user_create (58ms)\nCache hit for key-2822\n  PASS: test_user_create (163ms)\n  PASS: test_user_create (248ms)\n\u26a0 DEPRECATION: Feature will be removed in v5.0\nCache hit for key-7642\nWARNING: axios has known vulnerabilities\nInstalling express@4.8.0\nCache hit for key-1099\nCompiling src/utils.go...\nInstalling webpack@4.1.0\nCache hit for key-8892\nArtifact uploaded: build.tar.gz (34MB)\nInstalling prettier@5.20.0\nCompiling src/index.js...\nCompiling src/service.java...\nFAILED: test_db_connect\nStep 2/10: Building\nInstalling axios@5.17.0\nStep 6/10: Building\nStep 3/10: Building\nCache hit for key-3575\nStep 1/10: Building\n\u2713 build completed\nArtifact uploaded: build.tar.gz (20MB)\n  PASS: test_user_create (230ms)\nCache hit for key-7520\nCompiling src/utils.go...\nInstalling express@2.7.0\n\u2713 lint completed\n[23:44:27] INFO: Processing request\n[23:44:27] WARN: Deprecated API usage\nCompiling src/index.js...\nInstalling lodash@5.11.0\nArtifact uploaded: build.tar.gz (27MB)\nInstalling jest@3.2.0\n\u26a0 DEPRECATION: Feature will be removed in v4.0\nInstalling eslint@3.9.0\nInstalling webpack@4.19.0\nCache hit for key-6763\nStep 9/10: Building\n\u2713 lint completed\nStep 6/10: Building\nFAILED: test_api_health\nCompiling src/index.js...\n\u2713 test completed\nCache hit for key-9239\nInstalling react@1.6.0\nCache hit for key-7082\nWARNING: react has known vulnerabilities\n\u2713 lint completed\n\u2713 build completed\nStep 9/10: Building\nCache hit for key-3738\n=== Step build_artifact completed ===\n=== Step: deploy ===\n  PASS: test_db_connect (149ms)\nInstalling express@3.19.0\nStep 8/10: Building\nCompiling src/handler.rs...\nCompiling src/utils.go...\nCompiling src/index.js...\nCache hit for key-8387\n  PASS: test_api_health (185ms)\nArtifact uploaded: build.tar.gz (12MB)\n  PASS: test_auth_login (331ms)\nStep 5/10: Building\nCompiling src/main.py...\nStep 6/10: Building\nStep 7/10: Building\nInstalling axios@3.17.0\nCompiling src/utils.go...\nCache hit for key-5773\n[23:44:27] INFO: Processing request\nInstalling jest@5.9.0\n  PASS: test_auth_login (109ms)\nArtifact uploaded: build.tar.gz (48MB)\nCompiling src/main.py...\n[23:44:27] INFO: Processing request\n[23:44:27] INFO: Processing request\n[23:44:27] WARN: Deprecated API usage\nCache hit for key-4271\n\u26a0 DEPRECATION: Feature will be removed in v3.0\nCompiling src/main.py...\nCompiling src/handler.rs...\n[23:44:27] INFO: Processing request\nStep 10/10: Building\n  PASS: test_db_connect (291ms)\nCompiling src/service.java...\n  PASS: test_user_create (343ms)\n[23:44:27] INFO: Processing request\n[23:44:27] ERROR: Connection failed\nInstalling react@4.10.0\nInstalling react@3.12.0\nArtifact uploaded: build.tar.gz (2MB)\n  PASS: test_user_create (441ms)\nArtifact uploaded: build.tar.gz (32MB)\n  PASS: test_auth_login (163ms)\n  PASS: test_cache_hit (303ms)\nArtifact uploaded: build.tar.gz (33MB)\nCache hit for key-7363\nArtifact uploaded: build.tar.gz (18MB)\nArtifact uploaded: build.tar.gz (1MB)\n[23:44:27] INFO: Processing request\nStep 9/10: Building\n\u26a0 DEPRECATION: Feature will be removed in v2.0\nStep 9/10: Building\n[23:44:27] WARN: Deprecated API usage\n  PASS: test_user_create (484ms)\nStep 2/10: Building\nCompiling src/utils.go...\n\u2713 build completed\n\u26a0 DEPRECATION: Feature will be removed in v5.0\n[23:44:27] INFO: Processing request\n  PASS: test_auth_login (261ms)\nCache hit for key-5788\n\u26a0 DEPRECATION: Feature will be removed in v5.0\nStep 8/10: Building\nCompiling src/app.ts...\nWARNING: eslint has known vulnerabilities\n\u26a0 DEPRECATION: Feature will be removed in v4.0\nCompiling src/utils.go...\n=== Step deploy completed ===",
    "steps": [
      {
        "name": "checkout",
        "status": "success",
        "started_at": "2025-11-23T23:44:27.068954",
        "finished_at": "2025-11-23T23:44:32.883571",
        "log_lines": [
          "=== Step: checkout ===",
          "Compiling src/main.py...",
          "Compiling src/app.ts...",
          "Step 9/10: Building",
          "Artifact uploaded: build.tar.gz (4MB)",
          "Installing eslint@1.2.0",
          "Artifact uploaded: build.tar.gz (8MB)",
          "Artifact uploaded: build.tar.gz (15MB)",
          "Installing eslint@2.19.0",
          "\u2713 lint completed",
          "Step 9/10: Building",
          "  PASS: test_api_health (445ms)",
          "Artifact uploaded: build.tar.gz (37MB)",
          "Artifact uploaded: build.tar.gz (11MB)",
          "Compiling src/index.js...",
          "\u2713 build completed",
          "[23:44:27] WARN: Deprecated API usage",
          "  PASS: test_auth_login (136ms)",
          "\u2713 lint completed",
          "Artifact uploaded: build.tar.gz (43MB)",
          "Cache hit for key-6698",
          "Artifact uploaded: build.tar.gz (13MB)",
          "Step 3/10: Building",
          "  PASS: test_auth_login (419ms)",
          "[23:44:27] INFO: Processing request",
          "Cache hit for key-8433",
          "[23:44:27] INFO: Processing request",
          "  PASS: test_api_health (365ms)",
          "Artifact uploaded: build.tar.gz (10MB)",
          "Step 8/10: Building",
          "Installing prettier@2.12.0",
          "Compiling src/service.java...",
          "Compiling src/app.ts...",
          "Step 5/10: Building",
          "\u2713 build completed",
          "Step 1/10: Building",
          "Installing axios@4.10.0",
          "Artifact uploaded: build.tar.gz (21MB)",
          "Compiling src/index.js...",
          "\u2713 test completed",
          "[23:44:27] WARN: Deprecated API usage",
          "\u2713 test completed",
          "Compiling src/utils.go...",
          "Artifact uploaded: build.tar.gz (5MB)",
          "[23:44:27] INFO: Processing request",
          "Compiling src/index.js...",
          "Step 3/10: Building",
          "Step 7/10: Building",
          "WARNING: react has known vulnerabilities",
          "[23:44:27] INFO: Processing request",
          "  PASS: test_cache_hit (13ms)",
          "Cache hit for key-7701",
          "Compiling src/utils.go...",
          "  PASS: test_auth_login (434ms)",
          "Step 10/10: Building",
          "Artifact uploaded: build.tar.gz (6MB)",
          "Installing lodash@1.17.0",
          "\u2713 build completed",
          "Installing lodash@1.1.0",
          "  PASS: test_db_connect (459ms)",
          "\u2713 build completed",
          "  PASS: test_db_connect (480ms)",
          "Step 4/10: Building",
          "\u2713 lint completed",
          "  PASS: test_user_create (124ms)",
          "Compiling src/utils.go...",
          "Cache hit for key-3099",
          "=== Step checkout completed ==="
        ]
      },
      {
        "name": "setup_environment",
        "status": "success",
        "started_at": "2025-11-23T23:44:32.883571",
        "finished_at": "2025-11-23T23:44:44.512805",
        "log_lines": [
          "=== Step: setup_environment ===",
          "Artifact uploaded: build.tar.gz (44MB)",
          "  PASS: test_auth_login (318ms)",
          "\u2713 build completed",
          "Compiling src/index.js...",
          "  PASS: test_api_health (179ms)",
          "[23:44:27] INFO: Processing request",
          "Cache hit for key-5673",
          "Compiling src/handler.rs...",
          "Step 3/10: Building",
          "[23:44:27] INFO: Processing request",
          "Compiling src/service.java...",
          "[23:44:27] INFO: Processing request",
          "[23:44:27] INFO: Processing request",
          "  PASS: test_user_create (170ms)",
          "[23:44:27] WARN: Deprecated API usage",
          "\u2713 build completed",
          "Compiling src/main.py...",
          "Installing express@4.19.0",
          "\u2713 lint completed",
          "Artifact uploaded: build.tar.gz (33MB)",
          "Cache hit for key-1463",
          "Compiling src/app.ts...",
          "  PASS: test_user_create (272ms)",
          "\u2713 test completed",
          "\u2713 build completed",
          "  PASS: test_api_health (499ms)",
          "Compiling src/utils.go...",
          "Step 2/10: Building",
          "  PASS: test_cache_hit (460ms)",
          "Compiling src/app.ts...",
          "Step 2/10: Building",
          "[23:44:27] INFO: Processing request",
          "Artifact uploaded: build.tar.gz (1MB)",
          "\u26a0 DEPRECATION: Feature will be removed in v4.0",
          "WARNING: jest has known vulnerabilities",
          "Cache hit for key-8005",
          "Step 3/10: Building",
          "[23:44:27] ERROR: Connection failed",
          "Artifact uploaded: build.tar.gz (24MB)",
          "Artifact uploaded: build.tar.gz (45MB)",
          "Installing react@1.10.0",
          "Cache hit for key-1983",
          "Cache hit for key-4078",
          "WARNING: prettier has known vulnerabilities",
          "Step 6/10: Building",
          "\u2713 build completed",
          "[23:44:27] INFO: Processing request",
          "Compiling src/app.ts...",
          "  PASS: test_auth_login (494ms)",
          "Cache hit for key-9503",
          "  PASS: test_api_health (313ms)",
          "Artifact uploaded: build.tar.gz (11MB)",
          "Step 3/10: Building",
          "\u2713 lint completed",
          "Step 6/10: Building",
          "\u26a0 DEPRECATION: Feature will be removed in v3.0",
          "[23:44:27] INFO: Processing request",
          "Cache hit for key-8892",
          "Step 2/10: Building",
          "\u2713 lint completed",
          "Artifact uploaded: build.tar.gz (39MB)",
          "[23:44:27] INFO: Processing request",
          "Artifact uploaded: build.tar.gz (4MB)",
          "Cache hit for key-6642",
          "Installing express@2.1.0",
          "  PASS: test_cache_hit (245ms)",
          "=== Step setup_environment completed ==="
        ]
      },
      {
        "name": "install_dependencies",
        "status": "success",
        "started_at": "2025-11-23T23:44:44.512805",
        "finished_at": "2025-11-23T23:45:07.771273",
        "log_lines": [
          "=== Step: install_dependencies ===",
          "Cache hit for key-8760",
          "\u2713 lint completed",
          "\u2713 build completed",
          "Compiling src/index.js...",
          "Step 4/10: Building",
          "Compiling src/main.py...",
          "\u2713 lint completed",
          "Cache hit for key-9774",
          "\u26a0 DEPRECATION: Feature will be removed in v4.0",
          "Artifact uploaded: build.tar.gz (5MB)",
          "  PASS: test_auth_login (124ms)",
          "[23:44:27] INFO: Processing request",
          "Installing axios@2.11.0",
          "Step 3/10: Building",
          "\u2713 lint completed",
          "[23:44:27] INFO: Processing request",
          "[23:44:27] INFO: Processing request",
          "  PASS: test_user_create (83ms)",
          "Installing react@4.16.0",
          "Artifact uploaded: build.tar.gz (49MB)",
          "Cache hit for key-7266",
          "[23:44:27] INFO: Processing request",
          "Compiling src/index.js...",
          "Step 7/10: Building",
          "  PASS: test_cache_hit (160ms)",
          "Artifact uploaded: build.tar.gz (44MB)",
          "Installing webpack@2.7.0",
          "Step 2/10: Building",
          "Artifact uploaded: build.tar.gz (3MB)",
          "  PASS: test_user_create (51ms)",
          "  PASS: test_db_connect (145ms)",
          "\u2713 test completed",
          "\u2713 lint completed",
          "Step 3/10: Building",
          "\u26a0 DEPRECATION: Feature will be removed in v4.0",
          "[23:44:27] WARN: Deprecated API usage",
          "Cache hit for key-5770",
          "Artifact uploaded: build.tar.gz (8MB)",
          "  PASS: test_auth_login (182ms)",
          "\u2713 build completed",
          "[23:44:27] INFO: Processing request",
          "\u2713 build completed",
          "\u2713 lint completed",
          "Cache hit for key-9988",
          "[23:44:27] INFO: Processing request",
          "Cache hit for key-5047",
          "Artifact uploaded: build.tar.gz (48MB)",
          "Compiling src/main.py...",
          "\u2713 test completed",
          "[23:44:27] INFO: Processing request",
          "Step 5/10: Building",
          "Step 1/10: Building",
          "Step 4/10: Building",
          "\u2713 build completed",
          "\u2713 build completed",
          "Artifact uploaded: build.tar.gz (3MB)",
          "WARNING: express has known vulnerabilities",
          "Compiling src/app.ts...",
          "Compiling src/handler.rs...",
          "Step 10/10: Building",
          "Artifact uploaded: build.tar.gz (25MB)",
          "\u2713 test completed",
          "Artifact uploaded: build.tar.gz (21MB)",
          "\u2713 build completed",
          "Compiling src/app.ts...",
          "Step 8/10: Building",
          "=== Step install_dependencies completed ==="
        ]
      },
      {
        "name": "run_tests",
        "status": "success",
        "started_at": "2025-11-23T23:45:07.771273",
        "finished_at": "2025-11-23T23:45:48.473592",
        "log_lines": [
          "=== Step: run_tests ===",
          "Artifact uploaded: build.tar.gz (11MB)",
          "Step 2/10: Building",
          "Installing react@5.13.0",
          "  PASS: test_user_create (201ms)",
          "Compiling src/app.ts...",
          "\u2713 build completed",
          "Step 4/10: Building",
          "[23:44:27] INFO: Processing request",
          "\u2713 test completed",
          "  PASS: test_api_health (281ms)",
          "Compiling src/handler.rs...",
          "Installing express@4.17.0",
          "[23:44:27] INFO: Processing request",
          "Cache hit for key-2394",
          "Cache hit for key-2911",
          "Cache hit for key-9587",
          "  PASS: test_api_health (463ms)",
          "\u2713 lint completed",
          "[23:44:27] INFO: Processing request",
          "WARNING: webpack has known vulnerabilities",
          "Cache hit for key-4360",
          "Compiling src/app.ts...",
          "[23:44:27] INFO: Processing request",
          "\u2713 build completed",
          "[23:44:27] INFO: Processing request",
          "[23:44:27] INFO: Processing request",
          "Cache hit for key-9499",
          "  PASS: test_user_create (350ms)",
          "Cache hit for key-7378",
          "[23:44:27] INFO: Processing request",
          "[23:44:27] ERROR: Connection failed",
          "Installing webpack@1.20.0",
          "Artifact uploaded: build.tar.gz (35MB)",
          "Compiling src/main.py...",
          "[23:44:27] INFO: Processing request",
          "\u2713 lint completed",
          "Installing webpack@1.20.0",
          "Step 7/10: Building",
          "Cache hit for key-3649",
          "Step 9/10: Building",
          "Installing express@2.4.0",
          "Compiling src/main.py...",
          "Compiling src/service.java...",
          "Step 2/10: Building",
          "[23:44:27] INFO: Processing request",
          "  PASS: test_user_create (285ms)",
          "Artifact uploaded: build.tar.gz (9MB)",
          "Cache hit for key-4023",
          "[23:44:27] WARN: Deprecated API usage",
          "[23:44:27] INFO: Processing request",
          "Cache hit for key-7609",
          "\u2713 build completed",
          "\u2713 lint completed",
          "Cache hit for key-9377",
          "Installing lodash@5.17.0",
          "\u2713 test completed",
          "Installing lodash@1.3.0",
          "[23:44:27] WARN: Deprecated API usage",
          "[23:44:27] INFO: Processing request",
          "\u2713 test completed",
          "Installing express@2.5.0",
          "  PASS: test_auth_login (475ms)",
          "Artifact uploaded: build.tar.gz (2MB)",
          "Artifact uploaded: build.tar.gz (29MB)",
          "Compiling src/utils.go...",
          "Compiling src/utils.go...",
          "=== Step run_tests completed ==="
        ]
      },
      {
        "name": "build_artifact",
        "status": "success",
        "started_at": "2025-11-23T23:45:48.473592",
        "finished_at": "2025-11-23T23:46:11.732060",
        "log_lines": [
          "=== Step: build_artifact ===",
          "Installing prettier@2.20.0",
          "[23:44:27] INFO: Processing request",
          "Installing jest@2.19.0",
          "Step 9/10: Building",
          "Cache hit for key-1307",
          "\u2713 build completed",
          "[23:44:27] INFO: Processing request",
          "Cache hit for key-8645",
          "Artifact uploaded: build.tar.gz (24MB)",
          "Artifact uploaded: build.tar.gz (21MB)",
          "Step 3/10: Building",
          "Step 4/10: Building",
          "  PASS: test_user_create (58ms)",
          "Cache hit for key-2822",
          "  PASS: test_user_create (163ms)",
          "  PASS: test_user_create (248ms)",
          "\u26a0 DEPRECATION: Feature will be removed in v5.0",
          "Cache hit for key-7642",
          "WARNING: axios has known vulnerabilities",
          "Installing express@4.8.0",
          "Cache hit for key-1099",
          "Compiling src/utils.go...",
          "Installing webpack@4.1.0",
          "Cache hit for key-8892",
          "Artifact uploaded: build.tar.gz (34MB)",
          "Installing prettier@5.20.0",
          "Compiling src/index.js...",
          "Compiling src/service.java...",
          "FAILED: test_db_connect",
          "Step 2/10: Building",
          "Installing axios@5.17.0",
          "Step 6/10: Building",
          "Step 3/10: Building",
          "Cache hit for key-3575",
          "Step 1/10: Building",
          "\u2713 build completed",
          "Artifact uploaded: build.tar.gz (20MB)",
          "  PASS: test_user_create (230ms)",
          "Cache hit for key-7520",
          "Compiling src/utils.go...",
          "Installing express@2.7.0",
          "\u2713 lint completed",
          "[23:44:27] INFO: Processing request",
          "[23:44:27] WARN: Deprecated API usage",
          "Compiling src/index.js...",
          "Installing lodash@5.11.0",
          "Artifact uploaded: build.tar.gz (27MB)",
          "Installing jest@3.2.0",
          "\u26a0 DEPRECATION: Feature will be removed in v4.0",
          "Installing eslint@3.9.0",
          "Installing webpack@4.19.0",
          "Cache hit for key-6763",
          "Step 9/10: Building",
          "\u2713 lint completed",
          "Step 6/10: Building",
          "FAILED: test_api_health",
          "Compiling src/index.js...",
          "\u2713 test completed",
          "Cache hit for key-9239",
          "Installing react@1.6.0",
          "Cache hit for key-7082",
          "WARNING: react has known vulnerabilities",
          "\u2713 lint completed",
          "\u2713 build completed",
          "Step 9/10: Building",
          "Cache hit for key-3738",
          "=== Step build_artifact completed ==="
        ]
      },
      {
        "name": "deploy",
        "status": "success",
        "started_at": "2025-11-23T23:46:11.732060",
        "finished_at": "2025-11-23T23:46:23.361294",
        "log_lines": [
          "=== Step: deploy ===",
          "  PASS: test_db_connect (149ms)",
          "Installing express@3.19.0",
          "Step 8/10: Building",
          "Compiling src/handler.rs...",
          "Compiling src/utils.go...",
          "Compiling src/index.js...",
          "Cache hit for key-8387",
          "  PASS: test_api_health (185ms)",
          "Artifact uploaded: build.tar.gz (12MB)",
          "  PASS: test_auth_login (331ms)",
          "Step 5/10: Building",
          "Compiling src/main.py...",
          "Step 6/10: Building",
          "Step 7/10: Building",
          "Installing axios@3.17.0",
          "Compiling src/utils.go...",
          "Cache hit for key-5773",
          "[23:44:27] INFO: Processing request",
          "Installing jest@5.9.0",
          "  PASS: test_auth_login (109ms)",
          "Artifact uploaded: build.tar.gz (48MB)",
          "Compiling src/main.py...",
          "[23:44:27] INFO: Processing request",
          "[23:44:27] INFO: Processing request",
          "[23:44:27] WARN: Deprecated API usage",
          "Cache hit for key-4271",
          "\u26a0 DEPRECATION: Feature will be removed in v3.0",
          "Compiling src/main.py...",
          "Compiling src/handler.rs...",
          "[23:44:27] INFO: Processing request",
          "Step 10/10: Building",
          "  PASS: test_db_connect (291ms)",
          "Compiling src/service.java...",
          "  PASS: test_user_create (343ms)",
          "[23:44:27] INFO: Processing request",
          "[23:44:27] ERROR: Connection failed",
          "Installing react@4.10.0",
          "Installing react@3.12.0",
          "Artifact uploaded: build.tar.gz (2MB)",
          "  PASS: test_user_create (441ms)",
          "Artifact uploaded: build.tar.gz (32MB)",
          "  PASS: test_auth_login (163ms)",
          "  PASS: test_cache_hit (303ms)",
          "Artifact uploaded: build.tar.gz (33MB)",
          "Cache hit for key-7363",
          "Artifact uploaded: build.tar.gz (18MB)",
          "Artifact uploaded: build.tar.gz (1MB)",
          "[23:44:27] INFO: Processing request",
          "Step 9/10: Building",
          "\u26a0 DEPRECATION: Feature will be removed in v2.0",
          "Step 9/10: Building",
          "[23:44:27] WARN: Deprecated API usage",
          "  PASS: test_user_create (484ms)",
          "Step 2/10: Building",
          "Compiling src/utils.go...",
          "\u2713 build completed",
          "\u26a0 DEPRECATION: Feature will be removed in v5.0",
          "[23:44:27] INFO: Processing request",
          "  PASS: test_auth_login (261ms)",
          "Cache hit for key-5788",
          "\u26a0 DEPRECATION: Feature will be removed in v5.0",
          "Step 8/10: Building",
          "Compiling src/app.ts...",
          "WARNING: eslint has known vulnerabilities",
          "\u26a0 DEPRECATION: Feature will be removed in v4.0",
          "Compiling src/utils.go...",
          "=== Step deploy completed ==="
        ]
      }
    ],
    "label": "normal"
  }
}