{
  "action": "completed",
  "workflow_run": {
    "id": 800,
    "name": "CI Pipeline",
    "head_branch": "main",
    "head_sha": "4a723fd9842965814747ea25a695722abea0b25a",
    "status": "completed",
    "conclusion": "failure",
    "run_started_at": "2025-12-11T12:52:14.424396Z",
    "updated_at": "2025-12-11T12:55:15.672018Z"
  },
  "repository": {
    "full_name": "acme-corp/data-pipeline",
    "name": "data-pipeline"
  },
  "sender": {
    "login": "henry"
  },
  "_safeops_extended": {
    "raw_logs": "=== Step: install_dependencies ===\nNODE_ENV=test\nStep 7/23: Building\nTLS handshake completed\nCompleted.\nWARNING: eslint has known vulnerabilities\n\u2713 Task completed in 1540ms\nWARNING: prettier has known vulnerabilities\nCompiling src/index.js...\nSwitched to branch 'feature/task-603'\nArtifact uploaded: build.tar.gz (21MB)\nFetching submodules...\nTest Suites: 11 passed, 49 total\nArtifact uploaded: dist.zip (97MB)\nFetching from https://googleapis.com/package.json\nTime: 61.983s\n\u26a0 DEPRECATION: Feature will be removed in v5.0\n[12:52:14] WARN: Deprecated API usage\nCache invalidated: build\npip: Collecting eslint\nStep 7/21: Testing\n  PASS: test_db_connect (185ms)\n[12:52:14] WARN: Deprecated API usage\nArtifact uploaded: dist.zip (75MB)\n\u26a0 DEPRECATION: Feature will be removed in v4.0\nCache miss for key-4033\n[12:52:14] WARN: Deprecated API usage\nNODE_ENV=production\nCompleted.\npip: Installing build dependencies...\nTLS handshake completed\nyarn add: Done in 23.48s\nCache miss for key-4423\nInstalling jest@5.4.5\nChecking out main branch\n\u26a0 DEPRECATION: Feature will be removed in v5.0\nHEAD is now at 2af61d8\nCompleted.\n[12:52:14] DEBUG: Initializing service\nWARNING: lodash has known vulnerabilities\nHEAD is now at 1ede334\nAlready up to date.\n[12:52:14] DEBUG: Memory usage: 905MB\n\u26a0 DEPRECATION: Feature will be removed in v2.0\nPOST /upload - 201 (413ms)\n[12:52:14] INFO: Cache refreshed\n[12:52:14] DEBUG: Query executed in 72ms\nCache saved successfully\nArtifact uploaded: dist.zip (21MB)\nImage pulled successfully\nNODE_ENV=production\nCreating production build...\nCache saved successfully\nReady.\nVerifying...\nWARNING: axios has known vulnerabilities\nStep 16/16: Linting\nFetching from https://registry.npmjs.org/package.json\nArtifact downloaded: 23MB\nWARNING: express has known vulnerabilities\nCache restored successfully (97MB)\nFetching submodules...\nRan 25 tests in 16s\nCompiling src/service.java...\nCoverage: 79% statements, 100% branches\n[12:52:14] INFO: Connecting to database\nImage pulled successfully\npip: Downloading lodash-5.17.tar.gz\n[12:52:14] INFO: Starting build process\n\u2713 Task completed in 2302ms\nArtifact downloaded: 6MB\nGET /api - 204 (23ms)\nCreating production build...\nCache hit for key-8492\nImage pulled successfully\nBundling main.js\nTLS handshake completed\nPlatform: darwin-arm64\nGenerating source maps...\nCompiling components/service.java...\nnpm install: resolved 654 packages\nnpm notice: created a lockfile\nFAILED: test_api_health\npip: Installing build dependencies...\n\u2713 lint completed\nUsing Python 3.11\nInstalling express@4.7.9\n  PASS: e2e/test_user_create.spec.js\nAlready up to date.\nTest Suites: 8 passed, 7 total\nCache invalidated: node_modules\nFetching submodules...\nArtifact uploaded: build.tar.gz (34MB)\nUsing Python 3.9\n[12:52:14] WARN: Deprecated API usage\nnpm install: resolved 642 packages\nConnection established\n\u26a0 DEPRECATION: Feature will be removed in v5.0\nAlready up to date.\npip install: Successfully installed axios-3.0\nConnection established\nWARNING: lodash has known vulnerabilities\n[12:52:14] INFO: Cache refreshed\nTLS handshake completed\nStep 7/25: Linting\n=== Step install_dependencies completed ===\n=== Step: deploy_production ===\n[12:52:14] INFO: Starting build process\nGET /api - 200 (26ms)\nEnvironment: staging\nnpm install: added 214 packages\n[12:52:14] WARN: Deprecated API usage\nPlatform: darwin-arm64\nNODE_ENV=production\nCompleted.\n[12:52:14] WARN: Deprecated API usage\nTLS handshake completed\nPulling image: alpine:latest\npip: Installing build dependencies...\nCache invalidated: build\n\u2713 Step 'checkout' succeeded\nUsing Python 3.12\n\u26a0 DEPRECATION: Feature will be removed in v5.0\nCompiling lib/handler.rs...\nHEAD is now at 80c2cec\nCompiling components/main.py...\nPOST /api - 202 (343ms)\nCache saved successfully\nStep 2/25: Building\nFetching submodules...\nArtifact uploaded: dist.zip (53MB)\nTime: 101.386s\n[12:52:14] DEBUG: Connection pool: 3 active\n[12:52:14] DEBUG: Loading configuration\nChecking out develop branch\nChecking out develop branch\nArtifact uploaded: dist.zip (41MB)\nyarn add: Done in 16.57s\nCompiling utils/utils.go...\npip: Collecting express\npip: Collecting lodash\nnpm install: added 481 packages\nTest Suites: 45 passed, 49 total\n\u2713 test completed\npip: Downloading eslint-2.19.tar.gz\nLoading...\n\u2713 Task completed in 821ms\nArtifact uploaded: dist.zip (23MB)\n\u2713 All checks passed\n\u2713 lint completed\n[12:52:14] INFO: Starting build process\nCreating production build...\nTest Suites: 23 passed, 44 total\nStep 3/18: Building\nImage pulled successfully\nAlready up to date.\npip install: Successfully installed jest-5.1\n\u26a0 DEPRECATION: Feature will be removed in v3.0\n\u2713 Step 'setup' succeeded\nnpm install: added 348 packages\n\u2717 build failed with exit code 12\nException: NullPointerException\n[12:52:14] DEBUG: Memory usage: 1427MB\nImage pulled successfully\nOK\nyarn add: Done in 16.57s\nStep 16/19: Building\n[12:52:14] DEBUG: Connection pool: 18 active\nCompiling src/utils.go...\nTest Suites: 10 passed, 45 total\n[12:52:14] DEBUG: Loading configuration\n\u2713 Task completed in 541ms\nProcessing...\nPushing to registry...\nTests: 418 passed, 286 total\n\u2713 Step 'install' succeeded\nSwitched to branch 'bugfix/task-380'\nLayer 2/15: RUN command\nSuccess!\nWARNING: eslint has known vulnerabilities\nOptimizing 76 modules...\nGET /status - 204 (99ms)\nUploading artifact 'build' (15 files)\nWaiting...\nException: NullPointerException\n[12:52:14] DEBUG: Query executed in 46ms\nStep 16/23: Running migrations\nBuilding Docker image...\nNODE_ENV=production\n[12:52:14] INFO: Cache refreshed\nTLS handshake completed\nSwitched to branch 'hotfix/task-225'\nAlready up to date.\nCache restored successfully (477MB)\nCompiling src/utils.go...\n\u2713 Task completed in 2292ms\n\u26a0 DEPRECATION: Feature will be removed in v3.0\nImage pulled successfully\nPlatform: darwin-arm64\nSnapshots: 17 passed, 5 total\n[12:52:14] INFO: Processing request\nWaiting...\n\u2713 Task completed in 3460ms\n[12:52:14] DEBUG: Memory usage: 1547MB\nnpm install: resolved 294 packages\n\u2713 lint completed\n  PASS: test_auth_login (185ms)\nWARNING: react has known vulnerabilities\nEnvironment: test\nCreating production build...\nStep 20/19: Linting\n=== Step deploy_production completed ===\n=== Step: build ===\npip install: Successfully installed webpack-3.1\nTests: 293 passed, 447 total\nSwitched to branch 'bugfix/task-884'\nArtifact uploaded: dist.zip (70MB)\nInstalling prettier@1.18.7\n\u26a0 DEPRECATION: Feature will be removed in v3.0\nCompleted.\nSwitched to branch 'hotfix/task-658'\nCompiling lib/handler.rs...\nCoverage: 78% statements, 66% branches\npip install: Successfully installed express-3.0\nCreating production build...\nnpm notice: created a lockfile\n[12:52:14] DEBUG: Memory usage: 1994MB\n[12:52:14] INFO: Cache refreshed\n\u26a0 DEPRECATION: Feature will be removed in v4.0\nUsing Python 3.10\nWARNING: express has known vulnerabilities\nSwitched to branch 'bugfix/task-817'\nMinifying app.js\nGenerating source maps...\nLayer 8/12: ENV command\nNODE_ENV=development\nnpm notice: package.json updated\nUsing Python 3.12\nArtifact downloaded: 44MB\n[12:52:14] INFO: Connecting to database\nFAILED: test_user_create\nPulling image: node:18\npip: Installing build dependencies...\nStep 13/22: Linting\nyarn add: Done in 20.31s\npip: Downloading webpack-3.0.tar.gz\nPOST /data - 202 (35ms)\n[12:52:14] INFO: Processing request\nCache miss for key-9380\nLayer 7/15: ENV command\n  PASS: test_db_connect (300ms)\nImage pulled successfully\nBundling styles.js\n[12:52:14] WARN: Deprecated API usage\nVerifying...\nnpm notice: created a lockfile\nStep 3/24: Testing\nBundling runtime.css\n\u2713 Step 'test' succeeded\npip: Downloading axios-5.3.tar.gz\nVerifying...\n[12:52:14] DEBUG: Query executed in 44ms\nConnection established\n\u2713 Task completed in 2935ms\nInstalling axios@3.14.7\nCompleted.\nTest Suites: 12 passed, 30 total\n[12:52:14] WARN: Deprecated API usage\nInstalling lodash@4.8.8\nPulling image: python:3.11\nOK\nMinifying main.js\nCache invalidated: node_modules\nCache hit for key-5204\nAlready up to date.\n[12:52:14] DEBUG: Loading configuration\nFetching submodules...\nStep 19/21: Testing\nSuccess!\nSnapshots: 41 passed, 37 total\nSnapshots: 23 passed, 48 total\n[12:52:14] WARN: Deprecated API usage\nTLS handshake completed\nLoading...\nStep 14/23: Testing\nCompiling src/handler.rs...\nHEAD is now at 0e0abb8\nCompiling components/utils.go...\nMinifying vendor.js\nOK\nStep 3/18: Running migrations\nnpm install: added 322 packages\nyarn add: Done in 14.92s\nOptimizing 29 modules...\nPulling image: node:3.11\nHEAD is now at 2546b5b\n[12:52:14] INFO: Connecting to database\nStep 16/25: Deploying\nTransforming 706 files...\npip: Installing build dependencies...\nTransforming 927 files...\n[12:52:14] WARN: Deprecated API usage\npip: Installing build dependencies...\nVerifying...\nSwitched to branch 'bugfix/task-236'\nOptimizing 54 modules...\nWARNING: jest has known vulnerabilities\nStep 20/16: Linting\nCache hit for key-4353\nWARNING: react has known vulnerabilities\nFetching from https://github.com/package.json\n[12:52:14] DEBUG: Memory usage: 514MB\nHEAD is now at 80314ff\n[12:52:14] DEBUG: Loading configuration\n[12:52:14] DEBUG: Connection pool: 17 active\n[12:52:14] INFO: Processing request\nInstalling react@5.8.3\n=== Step build completed ===\n=== Step: setup_environment ===\n[12:52:14] DEBUG: Initializing service\nConnection established\nCompiling src/app.ts...\nProcessing...\nWARNING: express has known vulnerabilities\n\u26a0 DEPRECATION: Feature will be removed in v3.0\nSnapshots: 44 passed, 38 total\n\u2717 build failed with exit code 39\nStep 9/17: Installing dependencies\nLoading...\nPlatform: linux-x64\n[12:52:14] WARN: Deprecated API usage\nTime: 50.75s\nBuilding Docker image...\n\u26a0 DEPRECATION: Feature will be removed in v3.0\nUploading artifact 'build' (50 files)\nPlatform: linux-x64\n  PASS: test_cache_hit (329ms)\nGET /status - 204 (25ms)\nStep 11/17: Deploying\npip: Downloading webpack-2.7.tar.gz\nTLS handshake completed\n[12:52:14] WARN: Deprecated API usage\nImage pulled successfully\nStep 16/15: Deploying\nStep 18/17: Running migrations\nTest Suites: 36 passed, 45 total\nFetching from https://githubusercontent.com/package.json\n[12:52:14] INFO: Processing request\nnpm notice: created a lockfile\nStep 10/25: Deploying\nStep 14/18: Deploying\nTime: 48.105s\n[12:52:14] DEBUG: Loading configuration\nPOST /upload - 202 (379ms)\npip: Installing build dependencies...\nCompiling src/service.java...\npip: Collecting axios\nConnection established\nCache restored successfully (318MB)\nRan 145 tests in 53s\n\u26a0 DEPRECATION: Feature will be removed in v3.0\nFinished.\nArtifact uploaded: dist.zip (65MB)\nStep 10/19: Testing\nStep 7/24: Testing\nSuccess!\nnpm install: resolved 985 packages\nMinifying main.js\nVerifying...\n[12:52:14] DEBUG: Query executed in 61ms\npip: Collecting express\nDone.\nStep 8/24: Installing dependencies\nMinifying main.js\nSwitched to branch 'bugfix/task-624'\nHEAD is now at 303db78\n\u2713 Step 'setup' succeeded\nCoverage: 91% statements, 78% branches\nConnection established\n[12:52:14] INFO: Processing request\nProcessing...\nPlatform: darwin-arm64\nDone.\nFetching submodules...\n[12:52:14] DEBUG: Connection pool: 16 active\n[12:52:14] DEBUG: Query executed in 37ms\nPulling image: python:latest\nSnapshots: 3 passed, 8 total\nImage pulled successfully\nBuilding Docker image...\n[12:52:14] DEBUG: Initializing service\n[12:52:14] WARN: Deprecated API usage\nFetching from https://github.com/package.json\nWaiting...\nSuccess!\nGET /health - 204 (8ms)\nDone.\nException: TypeError\n\u2713 All checks passed\nAlready up to date.\n\u2713 Step 'build' succeeded\n\u2713 Step 'install' succeeded\nPOST /api - 200 (351ms)\n\u26a0 DEPRECATION: Feature will be removed in v3.0\n[12:52:14] INFO: Cache refreshed\nPOST /api - 202 (187ms)\nOptimizing 92 modules...\nCompiling src/app.ts...\nStep 9/24: Linting\nVerifying...\nSuccess!\n[12:52:14] INFO: Request completed\nTLS handshake completed\nChecking out master branch\nArtifact downloaded: 40MB\nVerifying...\nVerifying...\nCache restored successfully (118MB)\nTest Suites: 48 passed, 25 total\n  PASS: test_cache_hit (99ms)\nPulling image: python:3.11\nWARNING: eslint has known vulnerabilities\nCache restored successfully (248MB)\n=== Step setup_environment completed ===\n=== Step: type_check ===\nCreating production build...\n\u26a0 DEPRECATION: Feature will be removed in v3.0\nMinifying app.js\nCompiling utils/service.java...\nNODE_ENV=test\nTest Suites: 30 passed, 27 total\nNODE_ENV=development\n[12:52:14] INFO: Connecting to database\nEnvironment: development\n[12:52:14] INFO: Processing request\n[12:52:14] INFO: Starting build process\nTests: 255 passed, 169 total\nStep 15/19: Linting\nGenerating source maps...\nAlready up to date.\nConnection established\n[12:52:14] INFO: Request completed\npip: Downloading express-1.8.tar.gz\nSuccess!\nNODE_ENV=development\nAlready up to date.\n[12:52:14] INFO: Processing request\n\u26a0 DEPRECATION: Feature will be removed in v2.0\nDone.\nRan 91 tests in 32s\nStep 8/18: Installing dependencies\n\u26a0 DEPRECATION: Feature will be removed in v4.0\nCoverage: 81% statements, 79% branches\nStep 1/17: Running migrations\nTransforming 618 files...\nStep 6/20: Installing dependencies\n[12:52:14] WARN: Deprecated API usage\nReady.\nUsing Node.js 19.18.3\n[12:52:14] INFO: Cache refreshed\nCreating production build...\npip install: Successfully installed eslint-3.11\nArtifact uploaded: build.tar.gz (17MB)\nPlatform: win32-x64\nConnection established\nCache hit for key-7098\nCompiling src/index.js...\n[12:52:14] INFO: Cache refreshed\nSuccess!\n[12:52:14] INFO: Connecting to database\n[12:52:14] DEBUG: Connection pool: 13 active\nStep 9/20: Building\nTests: 123 passed, 389 total\nStep 1/16: Running migrations\nFetching submodules...\nArtifact downloaded: 2MB\nCompiling components/handler.rs...\nUploading artifact 'dist' (48 files)\n[12:52:14] ERROR: Connection failed\nStep 6/16: Linting\nnpm install: resolved 1209 packages\nChecking out main branch\nArtifact uploaded: dist.zip (59MB)\nBuilding Docker image...\n  PASS: test_api_health (368ms)\nConnection established\n\u2713 All checks passed\nMinifying main.js\nLayer 9/10: ENV command\nStep 14/23: Testing\nFAILED: test_db_connect\npip install: Successfully installed webpack-4.7\n[12:52:14] INFO: Starting build process\nStep 2/19: Linting\nHEAD is now at 6549c34\nTLS handshake completed\nImage pulled successfully\nCache miss for key-3665\nCompiling lib/handler.rs...\nnpm install: resolved 1854 packages\nStep 17/23: Running migrations\nTime: 68.986s\nCompiling utils/handler.rs...\nAlready up to date.\nImage pulled successfully\nSuccess!\nFetching from https://githubusercontent.com/package.json\n\u26a0 DEPRECATION: Feature will be removed in v3.0\nPulling image: python:18\nCache miss for key-8877\npip: Downloading eslint-1.20.tar.gz\nVerifying...\nDone.\nOptimizing 56 modules...\nImage pulled successfully\nTest Suites: 26 passed, 34 total\nTests: 377 passed, 104 total\n[12:52:14] WARN: Deprecated API usage\nCache hit for key-1839\nyarn add: Done in 18.21s\nUsing Node.js 18.18.1\n\u2717 build failed with exit code 53\nEnvironment: staging\npip install: Successfully installed axios-3.13\nInstalling eslint@5.11.1\nWARNING: jest has known vulnerabilities\nWARNING: axios has known vulnerabilities\npip: Downloading express-4.1.tar.gz\n[12:52:14] INFO: Request completed\n=== Step type_check completed ===\n=== Step: lint ===\nTransforming 877 files...\nImage pulled successfully\n[12:52:14] INFO: Cache refreshed\n[12:52:14] INFO: Cache refreshed\npip: Installing build dependencies...\n\u26a0 DEPRECATION: Feature will be removed in v2.0\nStep 1/23: Installing dependencies\nProcessing...\nGET /health - 201 (100ms)\nArtifact downloaded: 21MB\n[12:52:14] INFO: Starting build process\n\u2713 build completed\nCache saved successfully\n[12:52:14] INFO: Cache refreshed\nSwitched to branch 'hotfix/task-796'\n  PASS: unit/test_auth_login.spec.js\n\u2713 package completed\nSwitched to branch 'feature/task-795'\nDone.\nStep 14/16: Running migrations\nSwitched to branch 'feature/task-241'\nArtifact downloaded: 1MB\nTLS handshake completed\n[12:52:14] DEBUG: Query executed in 98ms\nnpm notice: package.json updated\n\u26a0 DEPRECATION: Feature will be removed in v3.0\n[12:52:14] DEBUG: Query executed in 100ms\n[12:52:14] DEBUG: Connection pool: 16 active\npip: Collecting jest\nCoverage: 70% statements, 60% branches\nVerifying...\nCompiling utils/handler.rs...\nCache miss for key-2413\nMinifying vendor.js\nImage pulled successfully\n  PASS: test_user_create (447ms)\nTLS handshake completed\nBundling vendor.js\nAlready up to date.\nAlready up to date.\nLayer 6/14: COPY command\nSuccess!\n\u2713 Step 'checkout' succeeded\npip install: Successfully installed lodash-5.10\npip: Installing build dependencies...\nSwitched to branch 'bugfix/task-504'\n\u2717 build failed with exit code 55\nCache restored successfully (96MB)\nCoverage: 71% statements, 91% branches\nCreating production build...\nLayer 1/13: COPY command\n\u2713 Task completed in 1404ms\n[12:52:14] DEBUG: Loading configuration\nPushing to registry...\nArtifact downloaded: 47MB\nWARNING: lodash has known vulnerabilities\nWARNING: eslint has known vulnerabilities\nPulling image: alpine:18\nChecking out develop branch\nFAILED: test_user_create\nEnvironment: development\n[12:52:14] DEBUG: Initializing service\nBundling styles.css\nCache miss for key-5586\nStep 12/25: Running migrations\nnpm notice: created a lockfile\nChecking out develop branch\nStep 10/19: Linting\npip: Downloading axios-2.17.tar.gz\n  PASS: test_auth_login (21ms)\nCoverage: 91% statements, 76% branches\nFinished.\n\u2713 deploy completed\nCreating production build...\npip: Downloading lodash-1.6.tar.gz\nTime: 21.323s\nArtifact uploaded: dist.zip (94MB)\nCache miss for key-2004\n[12:52:14] INFO: Cache refreshed\n[12:52:14] WARN: Deprecated API usage\nCompiling src/index.js...\nWARNING: jest has known vulnerabilities\nDone.\nFAILED: test_db_connect\nStep 11/23: Building\nPOST /upload - 200 (73ms)\nSuccess!\nUsing Node.js 20.7.6\nWARNING: webpack has known vulnerabilities\nUsing Node.js 15.6.9\n  PASS: test_auth_login (235ms)\nTime: 5.596s\nCompiling utils/service.java...\nCache hit for key-8704\nPushing to registry...\n[12:52:14] WARN: Deprecated API usage\nCache invalidated: node_modules\nChecking out main branch\nCompiling lib/utils.go...\n\u2713 Step 'setup' succeeded\nArtifact downloaded: 21MB\n[12:52:14] ERROR: Connection failed\nArtifact downloaded: 24MB\nStep 20/23: Installing dependencies\n=== Step lint completed ===\n=== Step: upload_artifacts ===\nNODE_ENV=test\nVerifying...\nCache saved successfully\nInstalling lodash@4.17.5\n[12:52:14] INFO: Request completed\nGET /status - 201 (34ms)\nOK\nWaiting...\nLoading...\nConnection established\n[12:52:14] INFO: Starting build process\nCompiling utils/index.js...\npip: Collecting prettier\nPulling image: alpine:3.11\nGET /health - 200 (100ms)\nFetching submodules...\nPushing to registry...\nChecking out develop branch\nWARNING: react has known vulnerabilities\nCompleted.\n  PASS: unit/test_user_create.spec.js\nConnection established\nChecking out develop branch\nPushing to registry...\nConnection established\nFetching from https://registry.npmjs.org/package.json\nMinifying app.js\nCompiling src/utils.go...\nCache miss for key-8418\nImage pulled successfully\nCache saved successfully\nNODE_ENV=test\npip: Downloading lodash-4.6.tar.gz\nCompiling components/app.ts...\n[12:52:14] DEBUG: Connection pool: 19 active\nEnvironment: test\nGET /api - 201 (88ms)\nStep 18/16: Building\nStep 19/22: Testing\nOK\n[12:52:14] DEBUG: Initializing service\nWaiting...\nStep 2/25: Running migrations\nPlatform: linux-x64\npip: Installing build dependencies...\nUsing Python 3.10\n[12:52:14] DEBUG: Connection pool: 9 active\n\u26a0 DEPRECATION: Feature will be removed in v2.0\nOK\n\u2713 lint completed\nArtifact uploaded: build.tar.gz (43MB)\nProcessing...\nCache miss for key-9532\nChecking out master branch\nException: ValueError\nnpm notice: created a lockfile\nnpm install: resolved 758 packages\nBuilding Docker image...\nCompleted.\n\u26a0 DEPRECATION: Feature will be removed in v4.0\nBundling runtime.js\nLoading...\nLayer 6/15: COPY command\nStep 4/20: Deploying\nCache hit for key-5590\nGET /health - 204 (1ms)\nWaiting...\nWaiting...\nFinished.\nTests: 246 passed, 53 total\nCompleted.\nPOST /data - 202 (136ms)\nStep 3/23: Deploying\nWARNING: jest has known vulnerabilities\nNODE_ENV=production\n[12:52:14] INFO: Cache refreshed\nTests: 313 passed, 168 total\nBuilding Docker image...\nUploading artifact 'dist' (48 files)\nTest Suites: 16 passed, 43 total\nException: RuntimeError\nyarn add: Done in 6.25s\nReady.\nGenerating source maps...\nnpm notice: package.json updated\npip: Installing build dependencies...\n[12:52:14] WARN: Deprecated API usage\npip install: Successfully installed lodash-3.1\npip: Downloading prettier-1.20.tar.gz\nFetching submodules...\n[12:52:14] INFO: Request completed\nSnapshots: 20 passed, 19 total\nTests: 154 passed, 453 total\nPOST /data - 200 (448ms)\n[12:52:14] DEBUG: Initializing service\nBundling runtime.js\npip: Installing build dependencies...\nTime: 106.532s\n\u2713 package completed\nReady.\nTests: 149 passed, 340 total\n[12:52:14] INFO: Processing request\nProcessing...\nnpm notice: created a lockfile\n=== Step upload_artifacts completed ===\n=== Step: checkout ===\nStep 6/18: Deploying\nNODE_ENV=production\nBundling main.js\nMinifying main.js\npip: Collecting webpack\n[12:52:14] INFO: Cache refreshed\nTests: 231 passed, 426 total\nArtifact uploaded: build.tar.gz (17MB)\nPulling image: alpine:3.11\nConnection established\nLayer 5/14: COPY command\nCompiling utils/main.py...\n\u2713 All checks passed\nUploading artifact 'dist' (42 files)\n[12:52:14] INFO: Connecting to database\n\u2713 build completed\n\u26a0 DEPRECATION: Feature will be removed in v3.0\nStep 11/18: Linting\nnpm install: added 138 packages\nDone.\nFAILED: test_db_connect\nFetching from https://githubusercontent.com/package.json\n[12:52:14] WARN: Deprecated API usage\n  PASS: test_user_create (344ms)\nInstalling lodash@2.19.6\nSwitched to branch 'hotfix/task-924'\nTests: 306 passed, 388 total\nnpm install: added 183 packages\nReady.\nCache miss for key-5102\nReady.\nnpm install: added 191 packages\nSuccess!\nnpm notice: created a lockfile\n\u2713 deploy completed\nFetching from https://gcr.io/package.json\n\u2713 deploy completed\nCompleted.\nRan 55 tests in 20s\nStep 13/24: Testing\nCompiling src/handler.rs...\nReady.\nHEAD is now at 8205034\nCache saved successfully\nChecking out develop branch\npip install: Successfully installed eslint-5.16\nCoverage: 91% statements, 99% branches\nCreating production build...\nFetching submodules...\nTLS handshake completed\nCompleted.\n[12:52:14] DEBUG: Memory usage: 755MB\nHEAD is now at f78d33c\nStep 12/15: Installing dependencies\nCompiling lib/index.js...\npip: Collecting axios\nMinifying vendor.js\nLayer 6/15: RUN command\nArtifact uploaded: dist.zip (45MB)\nReady.\n[12:52:14] WARN: Deprecated API usage\nStep 3/20: Building\nCache saved successfully\nUsing Node.js 15.6.0\nPushing to registry...\nEnvironment: development\nyarn add: Done in 15.4s\npip: Collecting jest\n  PASS: e2e/test_cache_hit.spec.js\nCache hit for key-6659\n[12:52:14] ERROR: Connection failed\npip install: Successfully installed lodash-3.4\nEnvironment: staging\nOptimizing 41 modules...\nFetching submodules...\nSnapshots: 12 passed, 14 total\nReady.\n\u2717 build failed with exit code 90\nCompiling src/index.js...\n\u26a0 DEPRECATION: Feature will be removed in v3.0\nGenerating source maps...\nUsing Node.js 18.5.7\n\u26a0 DEPRECATION: Feature will be removed in v4.0\n[12:52:14] DEBUG: Loading configuration\npip install: Successfully installed lodash-2.12\n[12:52:14] INFO: Request completed\nyarn add: Done in 9.32s\nProcessing...\n[12:52:14] DEBUG: Connection pool: 9 active\n[12:52:14] DEBUG: Loading configuration\nCompiling lib/main.py...\nnpm notice: created a lockfile\nnpm notice: package.json updated\npip: Collecting webpack\nCache restored successfully (73MB)\nWARNING: jest has known vulnerabilities\nTime: 49.464s\n[12:52:14] ERROR: Connection failed\n\u26a0 DEPRECATION: Feature will be removed in v3.0\nMinifying app.js\nArtifact uploaded: dist.zip (61MB)\nSwitched to branch 'feature/task-163'\nGET /status - 204 (30ms)\nOK\n=== Step checkout completed ===\n=== Step: restore_cache ===\nPlatform: win32-x64\nStep 8/20: Running migrations\n\u2713 Task completed in 1184ms\n[12:52:14] INFO: Connecting to database\nCoverage: 92% statements, 87% branches\nyarn add: Done in 6.8s\n  PASS: e2e/test_user_create.spec.js\nProcessing...\nFetching submodules...\n\u2713 All checks passed\nnpm notice: created a lockfile\n\u2713 All checks passed\nWaiting...\n[12:52:14] WARN: Deprecated API usage\nUploading artifact 'dist' (35 files)\nOptimizing 65 modules...\nArtifact uploaded: dist.zip (45MB)\nBundling main.js\nException: TypeError\nnpm install: resolved 138 packages\n  PASS: test_db_connect (388ms)\nPulling image: alpine:3.11\n[12:52:14] DEBUG: Query executed in 47ms\nFinished.\nSwitched to branch 'bugfix/task-542'\nnpm notice: created a lockfile\n[12:52:14] INFO: Cache refreshed\nEnvironment: production\nBundling styles.css\nCompiling src/handler.rs...\npip install: Successfully installed axios-3.9\n\u26a0 DEPRECATION: Feature will be removed in v3.0\n[12:52:14] WARN: Deprecated API usage\nPushing to registry...\nTests: 467 passed, 161 total\nRan 95 tests in 25s\nStep 6/16: Testing\nPOST /data - 202 (339ms)\nPlatform: win32-x64\nLayer 10/14: RUN command\nnpm notice: package.json updated\nCache invalidated: dependencies\n[12:52:14] DEBUG: Loading configuration\n[12:52:14] DEBUG: Loading configuration\n\u2713 Step 'build' succeeded\nReady.\n[12:52:14] DEBUG: Memory usage: 1581MB\nGET /health - 200 (67ms)\n[12:52:14] DEBUG: Memory usage: 220MB\nWaiting...\npip: Collecting axios\nCompleted.\n\u26a0 DEPRECATION: Feature will be removed in v3.0\nArtifact uploaded: dist.zip (83MB)\nCreating production build...\n[12:52:14] DEBUG: Memory usage: 1896MB\n  PASS: unit/test_user_create.spec.js\nCache hit for key-3789\nPulling image: alpine:3.11\nCache saved successfully\nChecking out main branch\nAlready up to date.\nUsing Python 3.9\nPlatform: win32-x64\nCompiling utils/handler.rs...\n[12:52:14] INFO: Starting build process\n[12:52:14] WARN: Deprecated API usage\nBuilding Docker image...\n\u2713 All checks passed\nFetching from https://gcr.io/package.json\nPlatform: win32-x64\nCompiling src/utils.go...\nGET /api - 204 (80ms)\nnpm notice: created a lockfile\n[12:52:14] DEBUG: Memory usage: 656MB\nWARNING: react has known vulnerabilities\nCompleted.\nPulling image: alpine:18\nStep 19/24: Deploying\nTime: 84.131s\nLayer 10/10: ENV command\nCompleted.\nCompleted.\n[12:52:14] DEBUG: Loading configuration\npip install: Successfully installed eslint-4.15\nSnapshots: 45 passed, 2 total\nnpm install: resolved 1315 packages\nnpm install: added 316 packages\npip: Downloading react-5.18.tar.gz\nCache restored successfully (127MB)\nOptimizing 62 modules...\nLayer 10/9: RUN command\nnpm install: resolved 226 packages\nFinished.\nStep 6/18: Deploying\nPushing to registry...\nStep 18/16: Building\nBundling runtime.css\n[12:52:14] DEBUG: Connection pool: 8 active\n[12:52:14] DEBUG: Loading configuration\nWaiting...\n  PASS: e2e/test_user_create.spec.js\nCompiling components/app.ts...\n[12:52:14] INFO: Request completed\n=== Step restore_cache completed ===\n=== Step: deploy_staging ===\n\u26a0 DEPRECATION: Feature will be removed in v2.0\n\u2713 All checks passed\nCache hit for key-1208\nCompiling utils/app.ts...\n  PASS: integration/test_db_connect.spec.js\nProcessing...\nCoverage: 85% statements, 98% branches\nLoading...\nWARNING: prettier has known vulnerabilities\nMinifying main.js\nEnvironment: test\nCache saved successfully\nWARNING: prettier has known vulnerabilities\nTest Suites: 11 passed, 24 total\nnpm install: added 218 packages\n[12:52:14] DEBUG: Connection pool: 4 active\nFetching submodules...\nnpm install: added 126 packages\nImage pulled successfully\nOptimizing 20 modules...\npip: Collecting prettier\nTransforming 753 files...\nTests: 351 passed, 448 total\nPlatform: darwin-arm64\n\u2713 Task completed in 3717ms\nnpm notice: created a lockfile\nArtifact downloaded: 24MB\npip: Installing build dependencies...\nnpm notice: created a lockfile\npip: Collecting webpack\nChecking out master branch\nCoverage: 85% statements, 88% branches\nCompiling components/app.ts...\nCompiling utils/service.java...\n[12:52:14] INFO: Processing request\npip: Installing build dependencies...\nBundling styles.css\nCache hit for key-6501\n  PASS: test_auth_login (428ms)\nTest Suites: 34 passed, 50 total\n[12:52:14] INFO: Cache refreshed\nArtifact downloaded: 14MB\nOK\n[12:52:14] DEBUG: Initializing service\nnpm notice: package.json updated\nnpm install: added 229 packages\nStep 14/23: Deploying\nOK\nFAILED: test_user_create\nBundling runtime.js\nPOST /api - 200 (394ms)\nCompiling components/index.js...\n  PASS: unit/test_api_health.spec.js\nLayer 8/9: ENV command\npip: Installing build dependencies...\n\u2713 All checks passed\nTest Suites: 38 passed, 21 total\n[12:52:14] INFO: Request completed\nTransforming 683 files...\n  PASS: test_user_create (205ms)\nCache saved successfully\nCache miss for key-3841\n  PASS: integration/test_user_create.spec.js\nnpm notice: created a lockfile\nFetching from https://docker.io/package.json\nBundling main.css\nWARNING: eslint has known vulnerabilities\nBundling runtime.js\nInstalling express@2.0.2\n\u26a0 DEPRECATION: Feature will be removed in v5.0\nArtifact downloaded: 26MB\nyarn add: Done in 10.62s\n\u2713 Task completed in 4343ms\nArtifact downloaded: 45MB\n\u26a0 DEPRECATION: Feature will be removed in v3.0\n\u2713 deploy completed\nCache restored successfully (286MB)\nPushing to registry...\nTime: 40.945s\n[12:52:14] WARN: Deprecated API usage\nNODE_ENV=test\n\u2713 Step 'setup' succeeded\n[12:52:14] ERROR: Connection failed\nGenerating source maps...\nTest Suites: 40 passed, 31 total\n[12:52:14] ERROR: Connection failed\nnpm install: resolved 1358 packages\n  PASS: test_api_health (295ms)\nPOST /data - 200 (384ms)\nnpm install: added 20 packages\nTLS handshake completed\nAlready up to date.\nFetching from https://npmjs.org/package.json\nOK\nArtifact uploaded: build.tar.gz (35MB)\nTest Suites: 21 passed, 12 total\nMinifying vendor.js\nFetching from https://githubusercontent.com/package.json\nnpm install: resolved 894 packages\n[12:52:14] WARN: Deprecated API usage\n\u2717 build failed with exit code 117\nLoading...\nyarn add: Done in 16.88s\nStep 2/25: Building\n=== Step deploy_staging completed ===\n=== Step: unit_tests ===\nUsing Python 3.11\n[12:52:14] INFO: Cache refreshed\nTest Suites: 42 passed, 12 total\nOptimizing 61 modules...\nArtifact uploaded: build.tar.gz (44MB)\n\u26a0 DEPRECATION: Feature will be removed in v4.0\n[12:52:14] WARN: Deprecated API usage\nGenerating source maps...\nStep 16/24: Running migrations\nArtifact uploaded: dist.zip (26MB)\nCache restored successfully (65MB)\n[12:52:14] WARN: Deprecated API usage\nConnection established\n  PASS: e2e/test_user_create.spec.js\nVerifying...\n[12:52:14] INFO: Starting build process\nWARNING: jest has known vulnerabilities\nRan 193 tests in 45s\nWARNING: react has known vulnerabilities\nEnvironment: staging\npip: Downloading axios-5.3.tar.gz\n[12:52:14] ERROR: Connection failed\nBundling vendor.css\nnpm install: resolved 1025 packages\nTransforming 129 files...\nSwitched to branch 'feature/task-275'\nMinifying main.js\n  PASS: integration/test_user_create.spec.js\nImage pulled successfully\nImage pulled successfully\nHEAD is now at f6171f2\nVerifying...\nGET /health - 200 (43ms)\nImage pulled successfully\nFAILED: test_cache_hit\n[12:52:14] WARN: Deprecated API usage\nCompleted.\nCache miss for key-3422\nAlready up to date.\nnpm install: added 45 packages\nWARNING: jest has known vulnerabilities\nTLS handshake completed\nCompiling components/service.java...\nException: TypeError\nyarn add: Done in 17.66s\nWARNING: react has known vulnerabilities\nnpm install: resolved 1507 packages\nCompiling utils/service.java...\nStep 18/23: Linting\nCache miss for key-8905\nnpm notice: created a lockfile\nCache saved successfully\n\u2713 validate completed\nTime: 82.961s\nSnapshots: 21 passed, 19 total\nSnapshots: 31 passed, 45 total\nConnection established\nImage pulled successfully\n\u2713 Task completed in 4715ms\nCache hit for key-9770\nCache restored successfully (96MB)\nEnvironment: development\nImage pulled successfully\npip install: Successfully installed webpack-3.1\nConnection established\nStep 4/20: Deploying\nStep 6/19: Linting\nFetching from https://registry.npmjs.org/package.json\nPushing to registry...\nOptimizing 12 modules...\nArtifact uploaded: build.tar.gz (44MB)\n\u26a0 DEPRECATION: Feature will be removed in v2.0\nDone.\nPOST /upload - 200 (135ms)\n[12:52:14] ERROR: Connection failed\n[12:52:14] WARN: Deprecated API usage\nStep 4/16: Linting\nReady.\nTransforming 336 files...\n\u26a0 DEPRECATION: Feature will be removed in v5.0\n[12:52:14] DEBUG: Memory usage: 764MB\nArtifact uploaded: build.tar.gz (50MB)\nyarn add: Done in 5.35s\nProcessing...\nInstalling express@1.14.1\npip: Installing build dependencies...\nLayer 4/10: ENV command\nLayer 6/11: COPY command\nChecking out develop branch\n\u26a0 DEPRECATION: Feature will be removed in v2.0\n\u26a0 DEPRECATION: Feature will be removed in v4.0\n[12:52:14] INFO: Processing request\nTest Suites: 16 passed, 9 total\nLayer 3/9: COPY command\n[12:52:14] DEBUG: Memory usage: 509MB\n[12:52:14] WARN: Deprecated API usage\nyarn add: Done in 12.19s\npip: Installing build dependencies...\n[12:52:14] INFO: Processing request\nCompiling src/handler.rs...\nReady.\nnpm notice: package.json updated\n[12:52:14] INFO: Cache refreshed\nCreating production build...\n=== Step unit_tests completed ===\n=== Step: e2e_tests ===\nStep 19/15: Deploying\n[12:52:14] INFO: Cache refreshed\nDone.\nLoading...\n[12:52:14] WARN: Deprecated API usage\nStep 17/22: Testing\nLayer 7/14: COPY command\nStep 19/24: Running migrations\nDone.\n  PASS: test_api_health (308ms)\nInstalling axios@2.6.1\nNODE_ENV=production\nReady.\nTests: 206 passed, 214 total\nWARNING: express has known vulnerabilities\nFinished.\nCoverage: 73% statements, 83% branches\nOK\nPulling image: node:3.11\nyarn add: Done in 2.24s\n[12:52:14] DEBUG: Initializing service\nNODE_ENV=production\nStep 4/20: Building\nFetching from https://pypi.org/package.json\n\u2713 test completed\nPOST /api - 200 (44ms)\nGET /api - 201 (98ms)\nPulling image: python:3.11\nCompiling lib/utils.go...\npip: Downloading webpack-4.2.tar.gz\nReady.\n[12:52:14] INFO: Processing request\npip install: Successfully installed jest-5.6\npip: Installing build dependencies...\nCache miss for key-5490\nSwitched to branch 'bugfix/task-987'\nBundling main.js\n\u2713 Step 'setup' succeeded\n\u2713 All checks passed\nStep 6/16: Testing\n\u2713 validate completed\n[12:52:14] INFO: Starting build process\n\u26a0 DEPRECATION: Feature will be removed in v5.0\npip: Collecting webpack\n[12:52:14] DEBUG: Query executed in 7ms\nPulling image: node:latest\nFetching submodules...\n[12:52:14] WARN: Deprecated API usage\nPOST /data - 200 (139ms)\nnpm notice: created a lockfile\nArtifact downloaded: 33MB\nnpm notice: created a lockfile\nArtifact downloaded: 5MB\nWaiting...\nCompleted.\nCache saved successfully\n[12:52:14] INFO: Connecting to database\nTests: 383 passed, 284 total\n[12:52:14] WARN: Deprecated API usage\nGET /api - 204 (14ms)\n\u2717 build failed with exit code 3\nHEAD is now at 7895cd7\n\u2713 Task completed in 811ms\nCompiling utils/app.ts...\n[12:52:14] DEBUG: Loading configuration\nCreating production build...\nReady.\nInstalling express@5.12.4\nTLS handshake completed\nPOST /api - 202 (127ms)\n[12:52:14] INFO: Cache refreshed\nFetching submodules...\nStep 13/17: Building\nUsing Node.js 17.18.10\nCompiling utils/handler.rs...\nnpm install: resolved 1358 packages\nGET /health - 200 (62ms)\n[12:52:14] DEBUG: Initializing service\nCache miss for key-2522\n  PASS: integration/test_db_connect.spec.js\nCompiling components/index.js...\nWARNING: express has known vulnerabilities\nCreating production build...\nArtifact uploaded: build.tar.gz (20MB)\nChecking out master branch\nnpm notice: created a lockfile\nPOST /upload - 201 (403ms)\nBuilding Docker image...\nBuilding Docker image...\n[12:52:14] DEBUG: Query executed in 36ms\nAlready up to date.\nPushing to registry...\nConnection established\nFetching from https://registry.npmjs.org/package.json\n  PASS: test_auth_login (311ms)\nStep 5/18: Testing\nCoverage: 71% statements, 68% branches\nDone.\nTransforming 692 files...\nnpm notice: package.json updated\nRan 55 tests in 15s\nSwitched to branch 'feature/task-225'\n[12:52:14] DEBUG: Initializing service\n  PASS: unit/test_user_create.spec.js\n=== Step e2e_tests completed ===\n=== Step: save_cache ===\n[12:52:14] INFO: Starting build process\nOK\nCompiling src/main.py...\nCompiling utils/main.py...\nWARNING: react has known vulnerabilities\nUsing Python 3.11\nStep 13/18: Testing\nWARNING: express has known vulnerabilities\n[12:52:14] INFO: Request completed\n\u2713 test completed\nCompiling lib/service.java...\nImage pulled successfully\nCache saved successfully\nCoverage: 72% statements, 60% branches\n[12:52:14] DEBUG: Initializing service\nCreating production build...\n\u2713 Step 'test' succeeded\nUploading artifact 'dist' (18 files)\nStep 8/24: Testing\nFetching from https://pypi.org/package.json\nSwitched to branch 'bugfix/task-553'\n[12:52:14] DEBUG: Query executed in 44ms\nTest Suites: 37 passed, 10 total\n\u2713 Step 'setup' succeeded\nHEAD is now at b0b1ee2\nCache invalidated: build\nStep 7/16: Building\nCreating production build...\nArtifact uploaded: dist.zip (99MB)\nTests: 85 passed, 210 total\nTLS handshake completed\nCompleted.\nPlatform: darwin-arm64\n\u26a0 DEPRECATION: Feature will be removed in v5.0\nStep 12/19: Installing dependencies\nStep 5/20: Testing\nLoading...\nDone.\nBuilding Docker image...\nCache saved successfully\nStep 7/23: Building\nnpm notice: package.json updated\n[12:52:14] INFO: Cache refreshed\n\u2717 build failed with exit code 95\nOK\nCoverage: 94% statements, 82% branches\nCompiling lib/utils.go...\n\u2713 All checks passed\npip: Installing build dependencies...\nWaiting...\n\u26a0 DEPRECATION: Feature will be removed in v5.0\nReady.\nCache miss for key-1303\nCache invalidated: dependencies\n[12:52:14] DEBUG: Query executed in 99ms\nCreating production build...\n\u2713 deploy completed\nTransforming 348 files...\nOK\nCompiling components/utils.go...\n\u2713 Step 'checkout' succeeded\nFetching submodules...\nUsing Python 3.10\n\u2713 Task completed in 2831ms\n[12:52:14] DEBUG: Connection pool: 14 active\nDone.\nInstalling prettier@5.3.2\nStep 6/16: Installing dependencies\nSuccess!\nArtifact downloaded: 19MB\nOK\nArtifact uploaded: dist.zip (21MB)\nyarn add: Done in 16.65s\nFetching submodules...\npip: Collecting lodash\nRan 65 tests in 44s\nTest Suites: 7 passed, 9 total\nPlatform: darwin-arm64\nnpm install: resolved 670 packages\n[12:52:14] ERROR: Connection failed\nUsing Node.js 16.13.1\n[12:52:14] DEBUG: Memory usage: 1383MB\n  PASS: test_auth_login (421ms)\nnpm install: added 422 packages\nCompiling components/main.py...\nException: TypeError\n  PASS: test_db_connect (38ms)\n[12:52:14] DEBUG: Memory usage: 1092MB\nStep 15/20: Linting\nCache miss for key-3661\n[12:52:14] WARN: Deprecated API usage\nStep 14/24: Running migrations\nCache invalidated: build\nBundling vendor.css\nCache invalidated: build\nOK\nWARNING: prettier has known vulnerabilities\nNODE_ENV=production\nWARNING: express has known vulnerabilities\nStep 9/25: Deploying\nLoading...\nVerifying...\nyarn add: Done in 18.42s\nUploading artifact 'build' (44 files)\n=== Step save_cache completed ===",
    "steps": [
      {
        "name": "install_dependencies",
        "status": "success",
        "started_at": "2025-12-11T12:52:14.424396",
        "finished_at": "2025-12-11T12:52:46.409271",
        "log_lines": [
          "=== Step: install_dependencies ===",
          "NODE_ENV=test",
          "Step 7/23: Building",
          "TLS handshake completed",
          "Completed.",
          "WARNING: eslint has known vulnerabilities",
          "\u2713 Task completed in 1540ms",
          "WARNING: prettier has known vulnerabilities",
          "Compiling src/index.js...",
          "Switched to branch 'feature/task-603'",
          "Artifact uploaded: build.tar.gz (21MB)",
          "Fetching submodules...",
          "Test Suites: 11 passed, 49 total",
          "Artifact uploaded: dist.zip (97MB)",
          "Fetching from https://googleapis.com/package.json",
          "Time: 61.983s",
          "\u26a0 DEPRECATION: Feature will be removed in v5.0",
          "[12:52:14] WARN: Deprecated API usage",
          "Cache invalidated: build",
          "pip: Collecting eslint",
          "Step 7/21: Testing",
          "  PASS: test_db_connect (185ms)",
          "[12:52:14] WARN: Deprecated API usage",
          "Artifact uploaded: dist.zip (75MB)",
          "\u26a0 DEPRECATION: Feature will be removed in v4.0",
          "Cache miss for key-4033",
          "[12:52:14] WARN: Deprecated API usage",
          "NODE_ENV=production",
          "Completed.",
          "pip: Installing build dependencies...",
          "TLS handshake completed",
          "yarn add: Done in 23.48s",
          "Cache miss for key-4423",
          "Installing jest@5.4.5",
          "Checking out main branch",
          "\u26a0 DEPRECATION: Feature will be removed in v5.0",
          "HEAD is now at 2af61d8",
          "Completed.",
          "[12:52:14] DEBUG: Initializing service",
          "WARNING: lodash has known vulnerabilities",
          "HEAD is now at 1ede334",
          "Already up to date.",
          "[12:52:14] DEBUG: Memory usage: 905MB",
          "\u26a0 DEPRECATION: Feature will be removed in v2.0",
          "POST /upload - 201 (413ms)",
          "[12:52:14] INFO: Cache refreshed",
          "[12:52:14] DEBUG: Query executed in 72ms",
          "Cache saved successfully",
          "Artifact uploaded: dist.zip (21MB)",
          "Image pulled successfully",
          "NODE_ENV=production",
          "Creating production build...",
          "Cache saved successfully",
          "Ready.",
          "Verifying...",
          "WARNING: axios has known vulnerabilities",
          "Step 16/16: Linting",
          "Fetching from https://registry.npmjs.org/package.json",
          "Artifact downloaded: 23MB",
          "WARNING: express has known vulnerabilities",
          "Cache restored successfully (97MB)",
          "Fetching submodules...",
          "Ran 25 tests in 16s",
          "Compiling src/service.java...",
          "Coverage: 79% statements, 100% branches",
          "[12:52:14] INFO: Connecting to database",
          "Image pulled successfully",
          "pip: Downloading lodash-5.17.tar.gz",
          "[12:52:14] INFO: Starting build process",
          "\u2713 Task completed in 2302ms",
          "Artifact downloaded: 6MB",
          "GET /api - 204 (23ms)",
          "Creating production build...",
          "Cache hit for key-8492",
          "Image pulled successfully",
          "Bundling main.js",
          "TLS handshake completed",
          "Platform: darwin-arm64",
          "Generating source maps...",
          "Compiling components/service.java...",
          "npm install: resolved 654 packages",
          "npm notice: created a lockfile",
          "FAILED: test_api_health",
          "pip: Installing build dependencies...",
          "\u2713 lint completed",
          "Using Python 3.11",
          "Installing express@4.7.9",
          "  PASS: e2e/test_user_create.spec.js",
          "Already up to date.",
          "Test Suites: 8 passed, 7 total",
          "Cache invalidated: node_modules",
          "Fetching submodules...",
          "Artifact uploaded: build.tar.gz (34MB)",
          "Using Python 3.9",
          "[12:52:14] WARN: Deprecated API usage",
          "npm install: resolved 642 packages",
          "Connection established",
          "\u26a0 DEPRECATION: Feature will be removed in v5.0",
          "Already up to date.",
          "pip install: Successfully installed axios-3.0",
          "Connection established",
          "WARNING: lodash has known vulnerabilities",
          "[12:52:14] INFO: Cache refreshed",
          "TLS handshake completed",
          "Step 7/25: Linting",
          "=== Step install_dependencies completed ==="
        ]
      },
      {
        "name": "deploy_production",
        "status": "success",
        "started_at": "2025-12-11T12:52:46.409271",
        "finished_at": "2025-12-11T12:52:50.673921",
        "log_lines": [
          "=== Step: deploy_production ===",
          "[12:52:14] INFO: Starting build process",
          "GET /api - 200 (26ms)",
          "Environment: staging",
          "npm install: added 214 packages",
          "[12:52:14] WARN: Deprecated API usage",
          "Platform: darwin-arm64",
          "NODE_ENV=production",
          "Completed.",
          "[12:52:14] WARN: Deprecated API usage",
          "TLS handshake completed",
          "Pulling image: alpine:latest",
          "pip: Installing build dependencies...",
          "Cache invalidated: build",
          "\u2713 Step 'checkout' succeeded",
          "Using Python 3.12",
          "\u26a0 DEPRECATION: Feature will be removed in v5.0",
          "Compiling lib/handler.rs...",
          "HEAD is now at 80c2cec",
          "Compiling components/main.py...",
          "POST /api - 202 (343ms)",
          "Cache saved successfully",
          "Step 2/25: Building",
          "Fetching submodules...",
          "Artifact uploaded: dist.zip (53MB)",
          "Time: 101.386s",
          "[12:52:14] DEBUG: Connection pool: 3 active",
          "[12:52:14] DEBUG: Loading configuration",
          "Checking out develop branch",
          "Checking out develop branch",
          "Artifact uploaded: dist.zip (41MB)",
          "yarn add: Done in 16.57s",
          "Compiling utils/utils.go...",
          "pip: Collecting express",
          "pip: Collecting lodash",
          "npm install: added 481 packages",
          "Test Suites: 45 passed, 49 total",
          "\u2713 test completed",
          "pip: Downloading eslint-2.19.tar.gz",
          "Loading...",
          "\u2713 Task completed in 821ms",
          "Artifact uploaded: dist.zip (23MB)",
          "\u2713 All checks passed",
          "\u2713 lint completed",
          "[12:52:14] INFO: Starting build process",
          "Creating production build...",
          "Test Suites: 23 passed, 44 total",
          "Step 3/18: Building",
          "Image pulled successfully",
          "Already up to date.",
          "pip install: Successfully installed jest-5.1",
          "\u26a0 DEPRECATION: Feature will be removed in v3.0",
          "\u2713 Step 'setup' succeeded",
          "npm install: added 348 packages",
          "\u2717 build failed with exit code 12",
          "Exception: NullPointerException",
          "[12:52:14] DEBUG: Memory usage: 1427MB",
          "Image pulled successfully",
          "OK",
          "yarn add: Done in 16.57s",
          "Step 16/19: Building",
          "[12:52:14] DEBUG: Connection pool: 18 active",
          "Compiling src/utils.go...",
          "Test Suites: 10 passed, 45 total",
          "[12:52:14] DEBUG: Loading configuration",
          "\u2713 Task completed in 541ms",
          "Processing...",
          "Pushing to registry...",
          "Tests: 418 passed, 286 total",
          "\u2713 Step 'install' succeeded",
          "Switched to branch 'bugfix/task-380'",
          "Layer 2/15: RUN command",
          "Success!",
          "WARNING: eslint has known vulnerabilities",
          "Optimizing 76 modules...",
          "GET /status - 204 (99ms)",
          "Uploading artifact 'build' (15 files)",
          "Waiting...",
          "Exception: NullPointerException",
          "[12:52:14] DEBUG: Query executed in 46ms",
          "Step 16/23: Running migrations",
          "Building Docker image...",
          "NODE_ENV=production",
          "[12:52:14] INFO: Cache refreshed",
          "TLS handshake completed",
          "Switched to branch 'hotfix/task-225'",
          "Already up to date.",
          "Cache restored successfully (477MB)",
          "Compiling src/utils.go...",
          "\u2713 Task completed in 2292ms",
          "\u26a0 DEPRECATION: Feature will be removed in v3.0",
          "Image pulled successfully",
          "Platform: darwin-arm64",
          "Snapshots: 17 passed, 5 total",
          "[12:52:14] INFO: Processing request",
          "Waiting...",
          "\u2713 Task completed in 3460ms",
          "[12:52:14] DEBUG: Memory usage: 1547MB",
          "npm install: resolved 294 packages",
          "\u2713 lint completed",
          "  PASS: test_auth_login (185ms)",
          "WARNING: react has known vulnerabilities",
          "Environment: test",
          "Creating production build...",
          "Step 20/19: Linting",
          "=== Step deploy_production completed ==="
        ]
      },
      {
        "name": "build",
        "status": "success",
        "started_at": "2025-12-11T12:52:50.673921",
        "finished_at": "2025-12-11T12:53:22.658796",
        "log_lines": [
          "=== Step: build ===",
          "pip install: Successfully installed webpack-3.1",
          "Tests: 293 passed, 447 total",
          "Switched to branch 'bugfix/task-884'",
          "Artifact uploaded: dist.zip (70MB)",
          "Installing prettier@1.18.7",
          "\u26a0 DEPRECATION: Feature will be removed in v3.0",
          "Completed.",
          "Switched to branch 'hotfix/task-658'",
          "Compiling lib/handler.rs...",
          "Coverage: 78% statements, 66% branches",
          "pip install: Successfully installed express-3.0",
          "Creating production build...",
          "npm notice: created a lockfile",
          "[12:52:14] DEBUG: Memory usage: 1994MB",
          "[12:52:14] INFO: Cache refreshed",
          "\u26a0 DEPRECATION: Feature will be removed in v4.0",
          "Using Python 3.10",
          "WARNING: express has known vulnerabilities",
          "Switched to branch 'bugfix/task-817'",
          "Minifying app.js",
          "Generating source maps...",
          "Layer 8/12: ENV command",
          "NODE_ENV=development",
          "npm notice: package.json updated",
          "Using Python 3.12",
          "Artifact downloaded: 44MB",
          "[12:52:14] INFO: Connecting to database",
          "FAILED: test_user_create",
          "Pulling image: node:18",
          "pip: Installing build dependencies...",
          "Step 13/22: Linting",
          "yarn add: Done in 20.31s",
          "pip: Downloading webpack-3.0.tar.gz",
          "POST /data - 202 (35ms)",
          "[12:52:14] INFO: Processing request",
          "Cache miss for key-9380",
          "Layer 7/15: ENV command",
          "  PASS: test_db_connect (300ms)",
          "Image pulled successfully",
          "Bundling styles.js",
          "[12:52:14] WARN: Deprecated API usage",
          "Verifying...",
          "npm notice: created a lockfile",
          "Step 3/24: Testing",
          "Bundling runtime.css",
          "\u2713 Step 'test' succeeded",
          "pip: Downloading axios-5.3.tar.gz",
          "Verifying...",
          "[12:52:14] DEBUG: Query executed in 44ms",
          "Connection established",
          "\u2713 Task completed in 2935ms",
          "Installing axios@3.14.7",
          "Completed.",
          "Test Suites: 12 passed, 30 total",
          "[12:52:14] WARN: Deprecated API usage",
          "Installing lodash@4.8.8",
          "Pulling image: python:3.11",
          "OK",
          "Minifying main.js",
          "Cache invalidated: node_modules",
          "Cache hit for key-5204",
          "Already up to date.",
          "[12:52:14] DEBUG: Loading configuration",
          "Fetching submodules...",
          "Step 19/21: Testing",
          "Success!",
          "Snapshots: 41 passed, 37 total",
          "Snapshots: 23 passed, 48 total",
          "[12:52:14] WARN: Deprecated API usage",
          "TLS handshake completed",
          "Loading...",
          "Step 14/23: Testing",
          "Compiling src/handler.rs...",
          "HEAD is now at 0e0abb8",
          "Compiling components/utils.go...",
          "Minifying vendor.js",
          "OK",
          "Step 3/18: Running migrations",
          "npm install: added 322 packages",
          "yarn add: Done in 14.92s",
          "Optimizing 29 modules...",
          "Pulling image: node:3.11",
          "HEAD is now at 2546b5b",
          "[12:52:14] INFO: Connecting to database",
          "Step 16/25: Deploying",
          "Transforming 706 files...",
          "pip: Installing build dependencies...",
          "Transforming 927 files...",
          "[12:52:14] WARN: Deprecated API usage",
          "pip: Installing build dependencies...",
          "Verifying...",
          "Switched to branch 'bugfix/task-236'",
          "Optimizing 54 modules...",
          "WARNING: jest has known vulnerabilities",
          "Step 20/16: Linting",
          "Cache hit for key-4353",
          "WARNING: react has known vulnerabilities",
          "Fetching from https://github.com/package.json",
          "[12:52:14] DEBUG: Memory usage: 514MB",
          "HEAD is now at 80314ff",
          "[12:52:14] DEBUG: Loading configuration",
          "[12:52:14] DEBUG: Connection pool: 17 active",
          "[12:52:14] INFO: Processing request",
          "Installing react@5.8.3",
          "=== Step build completed ==="
        ]
      },
      {
        "name": "setup_environment",
        "status": "success",
        "started_at": "2025-12-11T12:53:22.658796",
        "finished_at": "2025-12-11T12:53:33.320421",
        "log_lines": [
          "=== Step: setup_environment ===",
          "[12:52:14] DEBUG: Initializing service",
          "Connection established",
          "Compiling src/app.ts...",
          "Processing...",
          "WARNING: express has known vulnerabilities",
          "\u26a0 DEPRECATION: Feature will be removed in v3.0",
          "Snapshots: 44 passed, 38 total",
          "\u2717 build failed with exit code 39",
          "Step 9/17: Installing dependencies",
          "Loading...",
          "Platform: linux-x64",
          "[12:52:14] WARN: Deprecated API usage",
          "Time: 50.75s",
          "Building Docker image...",
          "\u26a0 DEPRECATION: Feature will be removed in v3.0",
          "Uploading artifact 'build' (50 files)",
          "Platform: linux-x64",
          "  PASS: test_cache_hit (329ms)",
          "GET /status - 204 (25ms)",
          "Step 11/17: Deploying",
          "pip: Downloading webpack-2.7.tar.gz",
          "TLS handshake completed",
          "[12:52:14] WARN: Deprecated API usage",
          "Image pulled successfully",
          "Step 16/15: Deploying",
          "Step 18/17: Running migrations",
          "Test Suites: 36 passed, 45 total",
          "Fetching from https://githubusercontent.com/package.json",
          "[12:52:14] INFO: Processing request",
          "npm notice: created a lockfile",
          "Step 10/25: Deploying",
          "Step 14/18: Deploying",
          "Time: 48.105s",
          "[12:52:14] DEBUG: Loading configuration",
          "POST /upload - 202 (379ms)",
          "pip: Installing build dependencies...",
          "Compiling src/service.java...",
          "pip: Collecting axios",
          "Connection established",
          "Cache restored successfully (318MB)",
          "Ran 145 tests in 53s",
          "\u26a0 DEPRECATION: Feature will be removed in v3.0",
          "Finished.",
          "Artifact uploaded: dist.zip (65MB)",
          "Step 10/19: Testing",
          "Step 7/24: Testing",
          "Success!",
          "npm install: resolved 985 packages",
          "Minifying main.js",
          "Verifying...",
          "[12:52:14] DEBUG: Query executed in 61ms",
          "pip: Collecting express",
          "Done.",
          "Step 8/24: Installing dependencies",
          "Minifying main.js",
          "Switched to branch 'bugfix/task-624'",
          "HEAD is now at 303db78",
          "\u2713 Step 'setup' succeeded",
          "Coverage: 91% statements, 78% branches",
          "Connection established",
          "[12:52:14] INFO: Processing request",
          "Processing...",
          "Platform: darwin-arm64",
          "Done.",
          "Fetching submodules...",
          "[12:52:14] DEBUG: Connection pool: 16 active",
          "[12:52:14] DEBUG: Query executed in 37ms",
          "Pulling image: python:latest",
          "Snapshots: 3 passed, 8 total",
          "Image pulled successfully",
          "Building Docker image...",
          "[12:52:14] DEBUG: Initializing service",
          "[12:52:14] WARN: Deprecated API usage",
          "Fetching from https://github.com/package.json",
          "Waiting...",
          "Success!",
          "GET /health - 204 (8ms)",
          "Done.",
          "Exception: TypeError",
          "\u2713 All checks passed",
          "Already up to date.",
          "\u2713 Step 'build' succeeded",
          "\u2713 Step 'install' succeeded",
          "POST /api - 200 (351ms)",
          "\u26a0 DEPRECATION: Feature will be removed in v3.0",
          "[12:52:14] INFO: Cache refreshed",
          "POST /api - 202 (187ms)",
          "Optimizing 92 modules...",
          "Compiling src/app.ts...",
          "Step 9/24: Linting",
          "Verifying...",
          "Success!",
          "[12:52:14] INFO: Request completed",
          "TLS handshake completed",
          "Checking out master branch",
          "Artifact downloaded: 40MB",
          "Verifying...",
          "Verifying...",
          "Cache restored successfully (118MB)",
          "Test Suites: 48 passed, 25 total",
          "  PASS: test_cache_hit (99ms)",
          "Pulling image: python:3.11",
          "WARNING: eslint has known vulnerabilities",
          "Cache restored successfully (248MB)",
          "=== Step setup_environment completed ==="
        ]
      },
      {
        "name": "type_check",
        "status": "success",
        "started_at": "2025-12-11T12:53:33.320421",
        "finished_at": "2025-12-11T12:53:43.982046",
        "log_lines": [
          "=== Step: type_check ===",
          "Creating production build...",
          "\u26a0 DEPRECATION: Feature will be removed in v3.0",
          "Minifying app.js",
          "Compiling utils/service.java...",
          "NODE_ENV=test",
          "Test Suites: 30 passed, 27 total",
          "NODE_ENV=development",
          "[12:52:14] INFO: Connecting to database",
          "Environment: development",
          "[12:52:14] INFO: Processing request",
          "[12:52:14] INFO: Starting build process",
          "Tests: 255 passed, 169 total",
          "Step 15/19: Linting",
          "Generating source maps...",
          "Already up to date.",
          "Connection established",
          "[12:52:14] INFO: Request completed",
          "pip: Downloading express-1.8.tar.gz",
          "Success!",
          "NODE_ENV=development",
          "Already up to date.",
          "[12:52:14] INFO: Processing request",
          "\u26a0 DEPRECATION: Feature will be removed in v2.0",
          "Done.",
          "Ran 91 tests in 32s",
          "Step 8/18: Installing dependencies",
          "\u26a0 DEPRECATION: Feature will be removed in v4.0",
          "Coverage: 81% statements, 79% branches",
          "Step 1/17: Running migrations",
          "Transforming 618 files...",
          "Step 6/20: Installing dependencies",
          "[12:52:14] WARN: Deprecated API usage",
          "Ready.",
          "Using Node.js 19.18.3",
          "[12:52:14] INFO: Cache refreshed",
          "Creating production build...",
          "pip install: Successfully installed eslint-3.11",
          "Artifact uploaded: build.tar.gz (17MB)",
          "Platform: win32-x64",
          "Connection established",
          "Cache hit for key-7098",
          "Compiling src/index.js...",
          "[12:52:14] INFO: Cache refreshed",
          "Success!",
          "[12:52:14] INFO: Connecting to database",
          "[12:52:14] DEBUG: Connection pool: 13 active",
          "Step 9/20: Building",
          "Tests: 123 passed, 389 total",
          "Step 1/16: Running migrations",
          "Fetching submodules...",
          "Artifact downloaded: 2MB",
          "Compiling components/handler.rs...",
          "Uploading artifact 'dist' (48 files)",
          "[12:52:14] ERROR: Connection failed",
          "Step 6/16: Linting",
          "npm install: resolved 1209 packages",
          "Checking out main branch",
          "Artifact uploaded: dist.zip (59MB)",
          "Building Docker image...",
          "  PASS: test_api_health (368ms)",
          "Connection established",
          "\u2713 All checks passed",
          "Minifying main.js",
          "Layer 9/10: ENV command",
          "Step 14/23: Testing",
          "FAILED: test_db_connect",
          "pip install: Successfully installed webpack-4.7",
          "[12:52:14] INFO: Starting build process",
          "Step 2/19: Linting",
          "HEAD is now at 6549c34",
          "TLS handshake completed",
          "Image pulled successfully",
          "Cache miss for key-3665",
          "Compiling lib/handler.rs...",
          "npm install: resolved 1854 packages",
          "Step 17/23: Running migrations",
          "Time: 68.986s",
          "Compiling utils/handler.rs...",
          "Already up to date.",
          "Image pulled successfully",
          "Success!",
          "Fetching from https://githubusercontent.com/package.json",
          "\u26a0 DEPRECATION: Feature will be removed in v3.0",
          "Pulling image: python:18",
          "Cache miss for key-8877",
          "pip: Downloading eslint-1.20.tar.gz",
          "Verifying...",
          "Done.",
          "Optimizing 56 modules...",
          "Image pulled successfully",
          "Test Suites: 26 passed, 34 total",
          "Tests: 377 passed, 104 total",
          "[12:52:14] WARN: Deprecated API usage",
          "Cache hit for key-1839",
          "yarn add: Done in 18.21s",
          "Using Node.js 18.18.1",
          "\u2717 build failed with exit code 53",
          "Environment: staging",
          "pip install: Successfully installed axios-3.13",
          "Installing eslint@5.11.1",
          "WARNING: jest has known vulnerabilities",
          "WARNING: axios has known vulnerabilities",
          "pip: Downloading express-4.1.tar.gz",
          "[12:52:14] INFO: Request completed",
          "=== Step type_check completed ==="
        ]
      },
      {
        "name": "lint",
        "status": "success",
        "started_at": "2025-12-11T12:53:43.982046",
        "finished_at": "2025-12-11T12:53:54.643671",
        "log_lines": [
          "=== Step: lint ===",
          "Transforming 877 files...",
          "Image pulled successfully",
          "[12:52:14] INFO: Cache refreshed",
          "[12:52:14] INFO: Cache refreshed",
          "pip: Installing build dependencies...",
          "\u26a0 DEPRECATION: Feature will be removed in v2.0",
          "Step 1/23: Installing dependencies",
          "Processing...",
          "GET /health - 201 (100ms)",
          "Artifact downloaded: 21MB",
          "[12:52:14] INFO: Starting build process",
          "\u2713 build completed",
          "Cache saved successfully",
          "[12:52:14] INFO: Cache refreshed",
          "Switched to branch 'hotfix/task-796'",
          "  PASS: unit/test_auth_login.spec.js",
          "\u2713 package completed",
          "Switched to branch 'feature/task-795'",
          "Done.",
          "Step 14/16: Running migrations",
          "Switched to branch 'feature/task-241'",
          "Artifact downloaded: 1MB",
          "TLS handshake completed",
          "[12:52:14] DEBUG: Query executed in 98ms",
          "npm notice: package.json updated",
          "\u26a0 DEPRECATION: Feature will be removed in v3.0",
          "[12:52:14] DEBUG: Query executed in 100ms",
          "[12:52:14] DEBUG: Connection pool: 16 active",
          "pip: Collecting jest",
          "Coverage: 70% statements, 60% branches",
          "Verifying...",
          "Compiling utils/handler.rs...",
          "Cache miss for key-2413",
          "Minifying vendor.js",
          "Image pulled successfully",
          "  PASS: test_user_create (447ms)",
          "TLS handshake completed",
          "Bundling vendor.js",
          "Already up to date.",
          "Already up to date.",
          "Layer 6/14: COPY command",
          "Success!",
          "\u2713 Step 'checkout' succeeded",
          "pip install: Successfully installed lodash-5.10",
          "pip: Installing build dependencies...",
          "Switched to branch 'bugfix/task-504'",
          "\u2717 build failed with exit code 55",
          "Cache restored successfully (96MB)",
          "Coverage: 71% statements, 91% branches",
          "Creating production build...",
          "Layer 1/13: COPY command",
          "\u2713 Task completed in 1404ms",
          "[12:52:14] DEBUG: Loading configuration",
          "Pushing to registry...",
          "Artifact downloaded: 47MB",
          "WARNING: lodash has known vulnerabilities",
          "WARNING: eslint has known vulnerabilities",
          "Pulling image: alpine:18",
          "Checking out develop branch",
          "FAILED: test_user_create",
          "Environment: development",
          "[12:52:14] DEBUG: Initializing service",
          "Bundling styles.css",
          "Cache miss for key-5586",
          "Step 12/25: Running migrations",
          "npm notice: created a lockfile",
          "Checking out develop branch",
          "Step 10/19: Linting",
          "pip: Downloading axios-2.17.tar.gz",
          "  PASS: test_auth_login (21ms)",
          "Coverage: 91% statements, 76% branches",
          "Finished.",
          "\u2713 deploy completed",
          "Creating production build...",
          "pip: Downloading lodash-1.6.tar.gz",
          "Time: 21.323s",
          "Artifact uploaded: dist.zip (94MB)",
          "Cache miss for key-2004",
          "[12:52:14] INFO: Cache refreshed",
          "[12:52:14] WARN: Deprecated API usage",
          "Compiling src/index.js...",
          "WARNING: jest has known vulnerabilities",
          "Done.",
          "FAILED: test_db_connect",
          "Step 11/23: Building",
          "POST /upload - 200 (73ms)",
          "Success!",
          "Using Node.js 20.7.6",
          "WARNING: webpack has known vulnerabilities",
          "Using Node.js 15.6.9",
          "  PASS: test_auth_login (235ms)",
          "Time: 5.596s",
          "Compiling utils/service.java...",
          "Cache hit for key-8704",
          "Pushing to registry...",
          "[12:52:14] WARN: Deprecated API usage",
          "Cache invalidated: node_modules",
          "Checking out main branch",
          "Compiling lib/utils.go...",
          "\u2713 Step 'setup' succeeded",
          "Artifact downloaded: 21MB",
          "[12:52:14] ERROR: Connection failed",
          "Artifact downloaded: 24MB",
          "Step 20/23: Installing dependencies",
          "=== Step lint completed ==="
        ]
      },
      {
        "name": "upload_artifacts",
        "status": "success",
        "started_at": "2025-12-11T12:53:54.643671",
        "finished_at": "2025-12-11T12:54:05.305296",
        "log_lines": [
          "=== Step: upload_artifacts ===",
          "NODE_ENV=test",
          "Verifying...",
          "Cache saved successfully",
          "Installing lodash@4.17.5",
          "[12:52:14] INFO: Request completed",
          "GET /status - 201 (34ms)",
          "OK",
          "Waiting...",
          "Loading...",
          "Connection established",
          "[12:52:14] INFO: Starting build process",
          "Compiling utils/index.js...",
          "pip: Collecting prettier",
          "Pulling image: alpine:3.11",
          "GET /health - 200 (100ms)",
          "Fetching submodules...",
          "Pushing to registry...",
          "Checking out develop branch",
          "WARNING: react has known vulnerabilities",
          "Completed.",
          "  PASS: unit/test_user_create.spec.js",
          "Connection established",
          "Checking out develop branch",
          "Pushing to registry...",
          "Connection established",
          "Fetching from https://registry.npmjs.org/package.json",
          "Minifying app.js",
          "Compiling src/utils.go...",
          "Cache miss for key-8418",
          "Image pulled successfully",
          "Cache saved successfully",
          "NODE_ENV=test",
          "pip: Downloading lodash-4.6.tar.gz",
          "Compiling components/app.ts...",
          "[12:52:14] DEBUG: Connection pool: 19 active",
          "Environment: test",
          "GET /api - 201 (88ms)",
          "Step 18/16: Building",
          "Step 19/22: Testing",
          "OK",
          "[12:52:14] DEBUG: Initializing service",
          "Waiting...",
          "Step 2/25: Running migrations",
          "Platform: linux-x64",
          "pip: Installing build dependencies...",
          "Using Python 3.10",
          "[12:52:14] DEBUG: Connection pool: 9 active",
          "\u26a0 DEPRECATION: Feature will be removed in v2.0",
          "OK",
          "\u2713 lint completed",
          "Artifact uploaded: build.tar.gz (43MB)",
          "Processing...",
          "Cache miss for key-9532",
          "Checking out master branch",
          "Exception: ValueError",
          "npm notice: created a lockfile",
          "npm install: resolved 758 packages",
          "Building Docker image...",
          "Completed.",
          "\u26a0 DEPRECATION: Feature will be removed in v4.0",
          "Bundling runtime.js",
          "Loading...",
          "Layer 6/15: COPY command",
          "Step 4/20: Deploying",
          "Cache hit for key-5590",
          "GET /health - 204 (1ms)",
          "Waiting...",
          "Waiting...",
          "Finished.",
          "Tests: 246 passed, 53 total",
          "Completed.",
          "POST /data - 202 (136ms)",
          "Step 3/23: Deploying",
          "WARNING: jest has known vulnerabilities",
          "NODE_ENV=production",
          "[12:52:14] INFO: Cache refreshed",
          "Tests: 313 passed, 168 total",
          "Building Docker image...",
          "Uploading artifact 'dist' (48 files)",
          "Test Suites: 16 passed, 43 total",
          "Exception: RuntimeError",
          "yarn add: Done in 6.25s",
          "Ready.",
          "Generating source maps...",
          "npm notice: package.json updated",
          "pip: Installing build dependencies...",
          "[12:52:14] WARN: Deprecated API usage",
          "pip install: Successfully installed lodash-3.1",
          "pip: Downloading prettier-1.20.tar.gz",
          "Fetching submodules...",
          "[12:52:14] INFO: Request completed",
          "Snapshots: 20 passed, 19 total",
          "Tests: 154 passed, 453 total",
          "POST /data - 200 (448ms)",
          "[12:52:14] DEBUG: Initializing service",
          "Bundling runtime.js",
          "pip: Installing build dependencies...",
          "Time: 106.532s",
          "\u2713 package completed",
          "Ready.",
          "Tests: 149 passed, 340 total",
          "[12:52:14] INFO: Processing request",
          "Processing...",
          "npm notice: created a lockfile",
          "=== Step upload_artifacts completed ==="
        ]
      },
      {
        "name": "checkout",
        "status": "success",
        "started_at": "2025-12-11T12:54:05.305296",
        "finished_at": "2025-12-11T12:54:09.569946",
        "log_lines": [
          "=== Step: checkout ===",
          "Step 6/18: Deploying",
          "NODE_ENV=production",
          "Bundling main.js",
          "Minifying main.js",
          "pip: Collecting webpack",
          "[12:52:14] INFO: Cache refreshed",
          "Tests: 231 passed, 426 total",
          "Artifact uploaded: build.tar.gz (17MB)",
          "Pulling image: alpine:3.11",
          "Connection established",
          "Layer 5/14: COPY command",
          "Compiling utils/main.py...",
          "\u2713 All checks passed",
          "Uploading artifact 'dist' (42 files)",
          "[12:52:14] INFO: Connecting to database",
          "\u2713 build completed",
          "\u26a0 DEPRECATION: Feature will be removed in v3.0",
          "Step 11/18: Linting",
          "npm install: added 138 packages",
          "Done.",
          "FAILED: test_db_connect",
          "Fetching from https://githubusercontent.com/package.json",
          "[12:52:14] WARN: Deprecated API usage",
          "  PASS: test_user_create (344ms)",
          "Installing lodash@2.19.6",
          "Switched to branch 'hotfix/task-924'",
          "Tests: 306 passed, 388 total",
          "npm install: added 183 packages",
          "Ready.",
          "Cache miss for key-5102",
          "Ready.",
          "npm install: added 191 packages",
          "Success!",
          "npm notice: created a lockfile",
          "\u2713 deploy completed",
          "Fetching from https://gcr.io/package.json",
          "\u2713 deploy completed",
          "Completed.",
          "Ran 55 tests in 20s",
          "Step 13/24: Testing",
          "Compiling src/handler.rs...",
          "Ready.",
          "HEAD is now at 8205034",
          "Cache saved successfully",
          "Checking out develop branch",
          "pip install: Successfully installed eslint-5.16",
          "Coverage: 91% statements, 99% branches",
          "Creating production build...",
          "Fetching submodules...",
          "TLS handshake completed",
          "Completed.",
          "[12:52:14] DEBUG: Memory usage: 755MB",
          "HEAD is now at f78d33c",
          "Step 12/15: Installing dependencies",
          "Compiling lib/index.js...",
          "pip: Collecting axios",
          "Minifying vendor.js",
          "Layer 6/15: RUN command",
          "Artifact uploaded: dist.zip (45MB)",
          "Ready.",
          "[12:52:14] WARN: Deprecated API usage",
          "Step 3/20: Building",
          "Cache saved successfully",
          "Using Node.js 15.6.0",
          "Pushing to registry...",
          "Environment: development",
          "yarn add: Done in 15.4s",
          "pip: Collecting jest",
          "  PASS: e2e/test_cache_hit.spec.js",
          "Cache hit for key-6659",
          "[12:52:14] ERROR: Connection failed",
          "pip install: Successfully installed lodash-3.4",
          "Environment: staging",
          "Optimizing 41 modules...",
          "Fetching submodules...",
          "Snapshots: 12 passed, 14 total",
          "Ready.",
          "\u2717 build failed with exit code 90",
          "Compiling src/index.js...",
          "\u26a0 DEPRECATION: Feature will be removed in v3.0",
          "Generating source maps...",
          "Using Node.js 18.5.7",
          "\u26a0 DEPRECATION: Feature will be removed in v4.0",
          "[12:52:14] DEBUG: Loading configuration",
          "pip install: Successfully installed lodash-2.12",
          "[12:52:14] INFO: Request completed",
          "yarn add: Done in 9.32s",
          "Processing...",
          "[12:52:14] DEBUG: Connection pool: 9 active",
          "[12:52:14] DEBUG: Loading configuration",
          "Compiling lib/main.py...",
          "npm notice: created a lockfile",
          "npm notice: package.json updated",
          "pip: Collecting webpack",
          "Cache restored successfully (73MB)",
          "WARNING: jest has known vulnerabilities",
          "Time: 49.464s",
          "[12:52:14] ERROR: Connection failed",
          "\u26a0 DEPRECATION: Feature will be removed in v3.0",
          "Minifying app.js",
          "Artifact uploaded: dist.zip (61MB)",
          "Switched to branch 'feature/task-163'",
          "GET /status - 204 (30ms)",
          "OK",
          "=== Step checkout completed ==="
        ]
      },
      {
        "name": "restore_cache",
        "status": "success",
        "started_at": "2025-12-11T12:54:09.569946",
        "finished_at": "2025-12-11T12:54:15.966921",
        "log_lines": [
          "=== Step: restore_cache ===",
          "Platform: win32-x64",
          "Step 8/20: Running migrations",
          "\u2713 Task completed in 1184ms",
          "[12:52:14] INFO: Connecting to database",
          "Coverage: 92% statements, 87% branches",
          "yarn add: Done in 6.8s",
          "  PASS: e2e/test_user_create.spec.js",
          "Processing...",
          "Fetching submodules...",
          "\u2713 All checks passed",
          "npm notice: created a lockfile",
          "\u2713 All checks passed",
          "Waiting...",
          "[12:52:14] WARN: Deprecated API usage",
          "Uploading artifact 'dist' (35 files)",
          "Optimizing 65 modules...",
          "Artifact uploaded: dist.zip (45MB)",
          "Bundling main.js",
          "Exception: TypeError",
          "npm install: resolved 138 packages",
          "  PASS: test_db_connect (388ms)",
          "Pulling image: alpine:3.11",
          "[12:52:14] DEBUG: Query executed in 47ms",
          "Finished.",
          "Switched to branch 'bugfix/task-542'",
          "npm notice: created a lockfile",
          "[12:52:14] INFO: Cache refreshed",
          "Environment: production",
          "Bundling styles.css",
          "Compiling src/handler.rs...",
          "pip install: Successfully installed axios-3.9",
          "\u26a0 DEPRECATION: Feature will be removed in v3.0",
          "[12:52:14] WARN: Deprecated API usage",
          "Pushing to registry...",
          "Tests: 467 passed, 161 total",
          "Ran 95 tests in 25s",
          "Step 6/16: Testing",
          "POST /data - 202 (339ms)",
          "Platform: win32-x64",
          "Layer 10/14: RUN command",
          "npm notice: package.json updated",
          "Cache invalidated: dependencies",
          "[12:52:14] DEBUG: Loading configuration",
          "[12:52:14] DEBUG: Loading configuration",
          "\u2713 Step 'build' succeeded",
          "Ready.",
          "[12:52:14] DEBUG: Memory usage: 1581MB",
          "GET /health - 200 (67ms)",
          "[12:52:14] DEBUG: Memory usage: 220MB",
          "Waiting...",
          "pip: Collecting axios",
          "Completed.",
          "\u26a0 DEPRECATION: Feature will be removed in v3.0",
          "Artifact uploaded: dist.zip (83MB)",
          "Creating production build...",
          "[12:52:14] DEBUG: Memory usage: 1896MB",
          "  PASS: unit/test_user_create.spec.js",
          "Cache hit for key-3789",
          "Pulling image: alpine:3.11",
          "Cache saved successfully",
          "Checking out main branch",
          "Already up to date.",
          "Using Python 3.9",
          "Platform: win32-x64",
          "Compiling utils/handler.rs...",
          "[12:52:14] INFO: Starting build process",
          "[12:52:14] WARN: Deprecated API usage",
          "Building Docker image...",
          "\u2713 All checks passed",
          "Fetching from https://gcr.io/package.json",
          "Platform: win32-x64",
          "Compiling src/utils.go...",
          "GET /api - 204 (80ms)",
          "npm notice: created a lockfile",
          "[12:52:14] DEBUG: Memory usage: 656MB",
          "WARNING: react has known vulnerabilities",
          "Completed.",
          "Pulling image: alpine:18",
          "Step 19/24: Deploying",
          "Time: 84.131s",
          "Layer 10/10: ENV command",
          "Completed.",
          "Completed.",
          "[12:52:14] DEBUG: Loading configuration",
          "pip install: Successfully installed eslint-4.15",
          "Snapshots: 45 passed, 2 total",
          "npm install: resolved 1315 packages",
          "npm install: added 316 packages",
          "pip: Downloading react-5.18.tar.gz",
          "Cache restored successfully (127MB)",
          "Optimizing 62 modules...",
          "Layer 10/9: RUN command",
          "npm install: resolved 226 packages",
          "Finished.",
          "Step 6/18: Deploying",
          "Pushing to registry...",
          "Step 18/16: Building",
          "Bundling runtime.css",
          "[12:52:14] DEBUG: Connection pool: 8 active",
          "[12:52:14] DEBUG: Loading configuration",
          "Waiting...",
          "  PASS: e2e/test_user_create.spec.js",
          "Compiling components/app.ts...",
          "[12:52:14] INFO: Request completed",
          "=== Step restore_cache completed ==="
        ]
      },
      {
        "name": "deploy_staging",
        "status": "success",
        "started_at": "2025-12-11T12:54:15.966921",
        "finished_at": "2025-12-11T12:54:26.628546",
        "log_lines": [
          "=== Step: deploy_staging ===",
          "\u26a0 DEPRECATION: Feature will be removed in v2.0",
          "\u2713 All checks passed",
          "Cache hit for key-1208",
          "Compiling utils/app.ts...",
          "  PASS: integration/test_db_connect.spec.js",
          "Processing...",
          "Coverage: 85% statements, 98% branches",
          "Loading...",
          "WARNING: prettier has known vulnerabilities",
          "Minifying main.js",
          "Environment: test",
          "Cache saved successfully",
          "WARNING: prettier has known vulnerabilities",
          "Test Suites: 11 passed, 24 total",
          "npm install: added 218 packages",
          "[12:52:14] DEBUG: Connection pool: 4 active",
          "Fetching submodules...",
          "npm install: added 126 packages",
          "Image pulled successfully",
          "Optimizing 20 modules...",
          "pip: Collecting prettier",
          "Transforming 753 files...",
          "Tests: 351 passed, 448 total",
          "Platform: darwin-arm64",
          "\u2713 Task completed in 3717ms",
          "npm notice: created a lockfile",
          "Artifact downloaded: 24MB",
          "pip: Installing build dependencies...",
          "npm notice: created a lockfile",
          "pip: Collecting webpack",
          "Checking out master branch",
          "Coverage: 85% statements, 88% branches",
          "Compiling components/app.ts...",
          "Compiling utils/service.java...",
          "[12:52:14] INFO: Processing request",
          "pip: Installing build dependencies...",
          "Bundling styles.css",
          "Cache hit for key-6501",
          "  PASS: test_auth_login (428ms)",
          "Test Suites: 34 passed, 50 total",
          "[12:52:14] INFO: Cache refreshed",
          "Artifact downloaded: 14MB",
          "OK",
          "[12:52:14] DEBUG: Initializing service",
          "npm notice: package.json updated",
          "npm install: added 229 packages",
          "Step 14/23: Deploying",
          "OK",
          "FAILED: test_user_create",
          "Bundling runtime.js",
          "POST /api - 200 (394ms)",
          "Compiling components/index.js...",
          "  PASS: unit/test_api_health.spec.js",
          "Layer 8/9: ENV command",
          "pip: Installing build dependencies...",
          "\u2713 All checks passed",
          "Test Suites: 38 passed, 21 total",
          "[12:52:14] INFO: Request completed",
          "Transforming 683 files...",
          "  PASS: test_user_create (205ms)",
          "Cache saved successfully",
          "Cache miss for key-3841",
          "  PASS: integration/test_user_create.spec.js",
          "npm notice: created a lockfile",
          "Fetching from https://docker.io/package.json",
          "Bundling main.css",
          "WARNING: eslint has known vulnerabilities",
          "Bundling runtime.js",
          "Installing express@2.0.2",
          "\u26a0 DEPRECATION: Feature will be removed in v5.0",
          "Artifact downloaded: 26MB",
          "yarn add: Done in 10.62s",
          "\u2713 Task completed in 4343ms",
          "Artifact downloaded: 45MB",
          "\u26a0 DEPRECATION: Feature will be removed in v3.0",
          "\u2713 deploy completed",
          "Cache restored successfully (286MB)",
          "Pushing to registry...",
          "Time: 40.945s",
          "[12:52:14] WARN: Deprecated API usage",
          "NODE_ENV=test",
          "\u2713 Step 'setup' succeeded",
          "[12:52:14] ERROR: Connection failed",
          "Generating source maps...",
          "Test Suites: 40 passed, 31 total",
          "[12:52:14] ERROR: Connection failed",
          "npm install: resolved 1358 packages",
          "  PASS: test_api_health (295ms)",
          "POST /data - 200 (384ms)",
          "npm install: added 20 packages",
          "TLS handshake completed",
          "Already up to date.",
          "Fetching from https://npmjs.org/package.json",
          "OK",
          "Artifact uploaded: build.tar.gz (35MB)",
          "Test Suites: 21 passed, 12 total",
          "Minifying vendor.js",
          "Fetching from https://githubusercontent.com/package.json",
          "npm install: resolved 894 packages",
          "[12:52:14] WARN: Deprecated API usage",
          "\u2717 build failed with exit code 117",
          "Loading...",
          "yarn add: Done in 16.88s",
          "Step 2/25: Building",
          "=== Step deploy_staging completed ==="
        ]
      },
      {
        "name": "unit_tests",
        "status": "success",
        "started_at": "2025-12-11T12:54:26.628546",
        "finished_at": "2025-12-11T12:54:58.613421",
        "log_lines": [
          "=== Step: unit_tests ===",
          "Using Python 3.11",
          "[12:52:14] INFO: Cache refreshed",
          "Test Suites: 42 passed, 12 total",
          "Optimizing 61 modules...",
          "Artifact uploaded: build.tar.gz (44MB)",
          "\u26a0 DEPRECATION: Feature will be removed in v4.0",
          "[12:52:14] WARN: Deprecated API usage",
          "Generating source maps...",
          "Step 16/24: Running migrations",
          "Artifact uploaded: dist.zip (26MB)",
          "Cache restored successfully (65MB)",
          "[12:52:14] WARN: Deprecated API usage",
          "Connection established",
          "  PASS: e2e/test_user_create.spec.js",
          "Verifying...",
          "[12:52:14] INFO: Starting build process",
          "WARNING: jest has known vulnerabilities",
          "Ran 193 tests in 45s",
          "WARNING: react has known vulnerabilities",
          "Environment: staging",
          "pip: Downloading axios-5.3.tar.gz",
          "[12:52:14] ERROR: Connection failed",
          "Bundling vendor.css",
          "npm install: resolved 1025 packages",
          "Transforming 129 files...",
          "Switched to branch 'feature/task-275'",
          "Minifying main.js",
          "  PASS: integration/test_user_create.spec.js",
          "Image pulled successfully",
          "Image pulled successfully",
          "HEAD is now at f6171f2",
          "Verifying...",
          "GET /health - 200 (43ms)",
          "Image pulled successfully",
          "FAILED: test_cache_hit",
          "[12:52:14] WARN: Deprecated API usage",
          "Completed.",
          "Cache miss for key-3422",
          "Already up to date.",
          "npm install: added 45 packages",
          "WARNING: jest has known vulnerabilities",
          "TLS handshake completed",
          "Compiling components/service.java...",
          "Exception: TypeError",
          "yarn add: Done in 17.66s",
          "WARNING: react has known vulnerabilities",
          "npm install: resolved 1507 packages",
          "Compiling utils/service.java...",
          "Step 18/23: Linting",
          "Cache miss for key-8905",
          "npm notice: created a lockfile",
          "Cache saved successfully",
          "\u2713 validate completed",
          "Time: 82.961s",
          "Snapshots: 21 passed, 19 total",
          "Snapshots: 31 passed, 45 total",
          "Connection established",
          "Image pulled successfully",
          "\u2713 Task completed in 4715ms",
          "Cache hit for key-9770",
          "Cache restored successfully (96MB)",
          "Environment: development",
          "Image pulled successfully",
          "pip install: Successfully installed webpack-3.1",
          "Connection established",
          "Step 4/20: Deploying",
          "Step 6/19: Linting",
          "Fetching from https://registry.npmjs.org/package.json",
          "Pushing to registry...",
          "Optimizing 12 modules...",
          "Artifact uploaded: build.tar.gz (44MB)",
          "\u26a0 DEPRECATION: Feature will be removed in v2.0",
          "Done.",
          "POST /upload - 200 (135ms)",
          "[12:52:14] ERROR: Connection failed",
          "[12:52:14] WARN: Deprecated API usage",
          "Step 4/16: Linting",
          "Ready.",
          "Transforming 336 files...",
          "\u26a0 DEPRECATION: Feature will be removed in v5.0",
          "[12:52:14] DEBUG: Memory usage: 764MB",
          "Artifact uploaded: build.tar.gz (50MB)",
          "yarn add: Done in 5.35s",
          "Processing...",
          "Installing express@1.14.1",
          "pip: Installing build dependencies...",
          "Layer 4/10: ENV command",
          "Layer 6/11: COPY command",
          "Checking out develop branch",
          "\u26a0 DEPRECATION: Feature will be removed in v2.0",
          "\u26a0 DEPRECATION: Feature will be removed in v4.0",
          "[12:52:14] INFO: Processing request",
          "Test Suites: 16 passed, 9 total",
          "Layer 3/9: COPY command",
          "[12:52:14] DEBUG: Memory usage: 509MB",
          "[12:52:14] WARN: Deprecated API usage",
          "yarn add: Done in 12.19s",
          "pip: Installing build dependencies...",
          "[12:52:14] INFO: Processing request",
          "Compiling src/handler.rs...",
          "Ready.",
          "npm notice: package.json updated",
          "[12:52:14] INFO: Cache refreshed",
          "Creating production build...",
          "=== Step unit_tests completed ==="
        ]
      },
      {
        "name": "e2e_tests",
        "status": "success",
        "started_at": "2025-12-11T12:54:58.613421",
        "finished_at": "2025-12-11T12:55:09.275046",
        "log_lines": [
          "=== Step: e2e_tests ===",
          "Step 19/15: Deploying",
          "[12:52:14] INFO: Cache refreshed",
          "Done.",
          "Loading...",
          "[12:52:14] WARN: Deprecated API usage",
          "Step 17/22: Testing",
          "Layer 7/14: COPY command",
          "Step 19/24: Running migrations",
          "Done.",
          "  PASS: test_api_health (308ms)",
          "Installing axios@2.6.1",
          "NODE_ENV=production",
          "Ready.",
          "Tests: 206 passed, 214 total",
          "WARNING: express has known vulnerabilities",
          "Finished.",
          "Coverage: 73% statements, 83% branches",
          "OK",
          "Pulling image: node:3.11",
          "yarn add: Done in 2.24s",
          "[12:52:14] DEBUG: Initializing service",
          "NODE_ENV=production",
          "Step 4/20: Building",
          "Fetching from https://pypi.org/package.json",
          "\u2713 test completed",
          "POST /api - 200 (44ms)",
          "GET /api - 201 (98ms)",
          "Pulling image: python:3.11",
          "Compiling lib/utils.go...",
          "pip: Downloading webpack-4.2.tar.gz",
          "Ready.",
          "[12:52:14] INFO: Processing request",
          "pip install: Successfully installed jest-5.6",
          "pip: Installing build dependencies...",
          "Cache miss for key-5490",
          "Switched to branch 'bugfix/task-987'",
          "Bundling main.js",
          "\u2713 Step 'setup' succeeded",
          "\u2713 All checks passed",
          "Step 6/16: Testing",
          "\u2713 validate completed",
          "[12:52:14] INFO: Starting build process",
          "\u26a0 DEPRECATION: Feature will be removed in v5.0",
          "pip: Collecting webpack",
          "[12:52:14] DEBUG: Query executed in 7ms",
          "Pulling image: node:latest",
          "Fetching submodules...",
          "[12:52:14] WARN: Deprecated API usage",
          "POST /data - 200 (139ms)",
          "npm notice: created a lockfile",
          "Artifact downloaded: 33MB",
          "npm notice: created a lockfile",
          "Artifact downloaded: 5MB",
          "Waiting...",
          "Completed.",
          "Cache saved successfully",
          "[12:52:14] INFO: Connecting to database",
          "Tests: 383 passed, 284 total",
          "[12:52:14] WARN: Deprecated API usage",
          "GET /api - 204 (14ms)",
          "\u2717 build failed with exit code 3",
          "HEAD is now at 7895cd7",
          "\u2713 Task completed in 811ms",
          "Compiling utils/app.ts...",
          "[12:52:14] DEBUG: Loading configuration",
          "Creating production build...",
          "Ready.",
          "Installing express@5.12.4",
          "TLS handshake completed",
          "POST /api - 202 (127ms)",
          "[12:52:14] INFO: Cache refreshed",
          "Fetching submodules...",
          "Step 13/17: Building",
          "Using Node.js 17.18.10",
          "Compiling utils/handler.rs...",
          "npm install: resolved 1358 packages",
          "GET /health - 200 (62ms)",
          "[12:52:14] DEBUG: Initializing service",
          "Cache miss for key-2522",
          "  PASS: integration/test_db_connect.spec.js",
          "Compiling components/index.js...",
          "WARNING: express has known vulnerabilities",
          "Creating production build...",
          "Artifact uploaded: build.tar.gz (20MB)",
          "Checking out master branch",
          "npm notice: created a lockfile",
          "POST /upload - 201 (403ms)",
          "Building Docker image...",
          "Building Docker image...",
          "[12:52:14] DEBUG: Query executed in 36ms",
          "Already up to date.",
          "Pushing to registry...",
          "Connection established",
          "Fetching from https://registry.npmjs.org/package.json",
          "  PASS: test_auth_login (311ms)",
          "Step 5/18: Testing",
          "Coverage: 71% statements, 68% branches",
          "Done.",
          "Transforming 692 files...",
          "npm notice: package.json updated",
          "Ran 55 tests in 15s",
          "Switched to branch 'feature/task-225'",
          "[12:52:14] DEBUG: Initializing service",
          "  PASS: unit/test_user_create.spec.js",
          "=== Step e2e_tests completed ==="
        ]
      },
      {
        "name": "save_cache",
        "status": "success",
        "started_at": "2025-12-11T12:55:09.275046",
        "finished_at": "2025-12-11T12:55:15.672021",
        "log_lines": [
          "=== Step: save_cache ===",
          "[12:52:14] INFO: Starting build process",
          "OK",
          "Compiling src/main.py...",
          "Compiling utils/main.py...",
          "WARNING: react has known vulnerabilities",
          "Using Python 3.11",
          "Step 13/18: Testing",
          "WARNING: express has known vulnerabilities",
          "[12:52:14] INFO: Request completed",
          "\u2713 test completed",
          "Compiling lib/service.java...",
          "Image pulled successfully",
          "Cache saved successfully",
          "Coverage: 72% statements, 60% branches",
          "[12:52:14] DEBUG: Initializing service",
          "Creating production build...",
          "\u2713 Step 'test' succeeded",
          "Uploading artifact 'dist' (18 files)",
          "Step 8/24: Testing",
          "Fetching from https://pypi.org/package.json",
          "Switched to branch 'bugfix/task-553'",
          "[12:52:14] DEBUG: Query executed in 44ms",
          "Test Suites: 37 passed, 10 total",
          "\u2713 Step 'setup' succeeded",
          "HEAD is now at b0b1ee2",
          "Cache invalidated: build",
          "Step 7/16: Building",
          "Creating production build...",
          "Artifact uploaded: dist.zip (99MB)",
          "Tests: 85 passed, 210 total",
          "TLS handshake completed",
          "Completed.",
          "Platform: darwin-arm64",
          "\u26a0 DEPRECATION: Feature will be removed in v5.0",
          "Step 12/19: Installing dependencies",
          "Step 5/20: Testing",
          "Loading...",
          "Done.",
          "Building Docker image...",
          "Cache saved successfully",
          "Step 7/23: Building",
          "npm notice: package.json updated",
          "[12:52:14] INFO: Cache refreshed",
          "\u2717 build failed with exit code 95",
          "OK",
          "Coverage: 94% statements, 82% branches",
          "Compiling lib/utils.go...",
          "\u2713 All checks passed",
          "pip: Installing build dependencies...",
          "Waiting...",
          "\u26a0 DEPRECATION: Feature will be removed in v5.0",
          "Ready.",
          "Cache miss for key-1303",
          "Cache invalidated: dependencies",
          "[12:52:14] DEBUG: Query executed in 99ms",
          "Creating production build...",
          "\u2713 deploy completed",
          "Transforming 348 files...",
          "OK",
          "Compiling components/utils.go...",
          "\u2713 Step 'checkout' succeeded",
          "Fetching submodules...",
          "Using Python 3.10",
          "\u2713 Task completed in 2831ms",
          "[12:52:14] DEBUG: Connection pool: 14 active",
          "Done.",
          "Installing prettier@5.3.2",
          "Step 6/16: Installing dependencies",
          "Success!",
          "Artifact downloaded: 19MB",
          "OK",
          "Artifact uploaded: dist.zip (21MB)",
          "yarn add: Done in 16.65s",
          "Fetching submodules...",
          "pip: Collecting lodash",
          "Ran 65 tests in 44s",
          "Test Suites: 7 passed, 9 total",
          "Platform: darwin-arm64",
          "npm install: resolved 670 packages",
          "[12:52:14] ERROR: Connection failed",
          "Using Node.js 16.13.1",
          "[12:52:14] DEBUG: Memory usage: 1383MB",
          "  PASS: test_auth_login (421ms)",
          "npm install: added 422 packages",
          "Compiling components/main.py...",
          "Exception: TypeError",
          "  PASS: test_db_connect (38ms)",
          "[12:52:14] DEBUG: Memory usage: 1092MB",
          "Step 15/20: Linting",
          "Cache miss for key-3661",
          "[12:52:14] WARN: Deprecated API usage",
          "Step 14/24: Running migrations",
          "Cache invalidated: build",
          "Bundling vendor.css",
          "Cache invalidated: build",
          "OK",
          "WARNING: prettier has known vulnerabilities",
          "NODE_ENV=production",
          "WARNING: express has known vulnerabilities",
          "Step 9/25: Deploying",
          "Loading...",
          "Verifying...",
          "yarn add: Done in 18.42s",
          "Uploading artifact 'build' (44 files)",
          "=== Step save_cache completed ==="
        ]
      }
    ],
    "label": "normal"
  }
}