{
  "action": "completed",
  "workflow_run": {
    "id": 199,
    "name": "CI Pipeline",
    "head_branch": "main",
    "head_sha": "46ce4e5876e2f64b5ab0805c88c828c1d0f4efa9",
    "status": "completed",
    "conclusion": "failure",
    "run_started_at": "2025-12-07T12:50:47.884709Z",
    "updated_at": "2025-12-07T12:52:05.096637Z"
  },
  "repository": {
    "full_name": "acme-corp/api-service",
    "name": "api-service"
  },
  "sender": {
    "login": "diana"
  },
  "_safeops_extended": {
    "raw_logs": "=== Step: unit_tests ===\nStep 13/22: Running migrations\nBuilding Docker image...\nTime: 17.62s\nWARNING: axios has known vulnerabilities\n\u2713 lint completed\nCoverage: 78% statements, 72% branches\nPlatform: darwin-arm64\nRan 12 tests in 1s\nUploading artifact 'dist' (23 files)\nWARNING: express has known vulnerabilities\n[12:50:47] DEBUG: Connection pool: 20 active\nCompleted.\nnpm notice: created a lockfile\nConnection established\nReady.\nException: TypeError\nPOST /upload - 201 (229ms)\n[12:50:47] WARN: Deprecated API usage\nWaiting...\n[12:50:47] INFO: Connecting to database\nnpm install: resolved 1256 packages\nAlready up to date.\nStep 10/18: Deploying\n[12:50:47] DEBUG: Memory usage: 1449MB\nGET /api - 200 (61ms)\n[12:50:47] INFO: Cache refreshed\nCompiling components/main.py...\n\u2713 All checks passed\nCache restored successfully (204MB)\nCompiling components/app.ts...\nAlready up to date.\nPushing to registry...\nnpm notice: created a lockfile\nFinished.\nCache restored successfully (200MB)\npip: Downloading jest-4.11.tar.gz\n  PASS: test_user_create (399ms)\nRan 119 tests in 41s\nAlready up to date.\nProcessing...\nFetching from https://googleapis.com/package.json\n[12:50:47] DEBUG: Connection pool: 3 active\nMinifying vendor.js\nGET /status - 201 (85ms)\nStep 7/17: Deploying\nOK\nTLS handshake completed\nnpm install: added 81 packages\nCache invalidated: build\nMinifying main.js\n[12:50:47] INFO: Request completed\n[12:50:47] INFO: Cache refreshed\npip: Downloading prettier-3.5.tar.gz\n[12:50:47] INFO: Request completed\n\u2713 deploy completed\nPlatform: darwin-arm64\nnpm notice: created a lockfile\nReady.\n\u26a0 DEPRECATION: Feature will be removed in v4.0\n[12:50:47] DEBUG: Loading configuration\nPulling image: python:18\nStep 13/21: Running migrations\n\u26a0 DEPRECATION: Feature will be removed in v3.0\nHEAD is now at cb2e3a1\nArtifact downloaded: 8MB\n[12:50:47] DEBUG: Query executed in 37ms\nSwitched to branch 'feature/task-849'\nTransforming 767 files...\n[12:50:47] INFO: Cache refreshed\nTest Suites: 28 passed, 14 total\nCache saved successfully\nCache saved successfully\nOK\nStep 11/24: Linting\n[12:50:47] DEBUG: Loading configuration\n[12:50:47] DEBUG: Loading configuration\n[12:50:47] DEBUG: Query executed in 87ms\nCache miss for key-2052\npip install: Successfully installed axios-2.10\n  PASS: e2e/test_auth_login.spec.js\n[12:50:47] DEBUG: Query executed in 62ms\n\u26a0 DEPRECATION: Feature will be removed in v2.0\nAlready up to date.\n[12:50:47] INFO: Cache refreshed\nStep 9/15: Running migrations\nStep 1/18: Installing dependencies\nProcessing...\nInstalling eslint@1.5.0\npip: Collecting jest\nException: ValueError\nReady.\nArtifact uploaded: dist.zip (82MB)\npip: Collecting lodash\npip: Collecting jest\n[12:50:47] WARN: Deprecated API usage\n[12:50:47] WARN: Deprecated API usage\nCompiling src/handler.rs...\nProcessing...\nImage pulled successfully\nyarn add: Done in 19.99s\n[12:50:47] DEBUG: Connection pool: 7 active\nStep 16/17: Running migrations\nArtifact uploaded: dist.zip (32MB)\nArtifact downloaded: 15MB\nChecking out master branch\nGenerating source maps...\n[12:50:47] INFO: Processing request\n[12:50:47] DEBUG: Query executed in 92ms\nnpm notice: created a lockfile\nnpm notice: package.json updated\nTLS handshake completed\n[12:50:47] WARN: Deprecated API usage\nFetching submodules...\nyarn add: Done in 2.75s\n[12:50:47] DEBUG: Memory usage: 1786MB\nStep 8/18: Building\n[12:50:47] INFO: Starting build process\nPushing to registry...\nnpm install: added 148 packages\nEnvironment: production\nnpm install: added 25 packages\n[12:50:47] DEBUG: Initializing service\nTransforming 556 files...\npip: Collecting jest\npip install: Successfully installed jest-1.10\n[12:50:47] DEBUG: Memory usage: 297MB\nCoverage: 74% statements, 80% branches\nCompiling utils/app.ts...\nBundling runtime.css\n\u26a0 DEPRECATION: Feature will be removed in v5.0\nCoverage: 70% statements, 79% branches\nDone.\nHEAD is now at 296ec78\n\u26a0 DEPRECATION: Feature will be removed in v2.0\n\u2713 build completed\nAlready up to date.\n[12:50:47] WARN: Deprecated API usage\nBuilding Docker image...\n[12:50:47] INFO: Processing request\nConnection established\nOK\nArtifact downloaded: 16MB\nStep 8/15: Deploying\nFetching from https://githubusercontent.com/package.json\nStep 5/15: Linting\nCache miss for key-7438\n[12:50:47] DEBUG: Loading configuration\nFinished.\nPulling image: alpine:3.11\nCache saved successfully\nyarn add: Done in 20.20s\n[12:50:47] DEBUG: Loading configuration\nStep 1/19: Testing\nCache restored successfully (451MB)\nSnapshots: 13 passed, 40 total\nCompiling utils/main.py...\nAlready up to date.\n[12:50:47] WARN: Deprecated API usage\npip: Installing build dependencies...\nCompiling utils/app.ts...\nCompleted.\n[12:50:47] DEBUG: Query executed in 56ms\nReady.\nWARNING: jest has known vulnerabilities\n  PASS: test_auth_login (424ms)\nProcessing...\n[12:50:47] DEBUG: Query executed in 14ms\nReady.\nRan 19 tests in 38s\n[12:50:47] INFO: Starting build process\nArtifact uploaded: dist.zip (52MB)\n[12:50:47] DEBUG: Connection pool: 19 active\nChecking out master branch\nUsing Node.js 20.0.1\nStep 9/18: Running migrations\n\u2713 lint completed\n[12:50:47] DEBUG: Connection pool: 3 active\nFetching from https://googleapis.com/package.json\n[12:50:47] DEBUG: Memory usage: 1675MB\n\u2713 Step 'setup' succeeded\nnpm notice: created a lockfile\nLayer 6/12: COPY command\nSwitched to branch 'feature/task-161'\nException: NullPointerException\nCache miss for key-6747\nBundling runtime.js\nUploading artifact 'build' (49 files)\nTests: 380 passed, 303 total\nnpm notice: created a lockfile\nCache saved successfully\nStep 14/20: Deploying\nStep 10/21: Building\n[12:50:47] DEBUG: Memory usage: 1205MB\n[12:50:47] WARN: Deprecated API usage\nTime: 42.26s\nFetching submodules...\nCompiling utils/index.js...\nTests: 470 passed, 89 total\nArtifact uploaded: build.tar.gz (2MB)\nBuilding Docker image...\nPlatform: darwin-arm64\nConnection established\nWaiting...\n[12:50:47] DEBUG: Query executed in 88ms\n[12:50:47] WARN: Deprecated API usage\n[12:50:47] WARN: Deprecated API usage\nCompiling lib/index.js...\nStep 5/19: Testing\nnpm notice: package.json updated\nUploading artifact 'build' (26 files)\nPushing to registry...\nDone.\nWaiting...\nSnapshots: 11 passed, 23 total\n[12:50:47] DEBUG: Loading configuration\n=== Step unit_tests completed ===\n=== Step: install_dependencies ===\nnpm notice: created a lockfile\n[12:50:47] DEBUG: Loading configuration\nPushing to registry...\n[12:50:47] DEBUG: Initializing service\nCache miss for key-4883\nLayer 5/8: RUN command\n\u26a0 DEPRECATION: Feature will be removed in v5.0\nCompiling src/utils.go...\nCompiling components/index.js...\nCompiling utils/service.java...\nPulling image: alpine:3.11\nDone.\nImage pulled successfully\nVerifying...\nOK\npip: Installing build dependencies...\nPOST /upload - 200 (11ms)\n\u26a0 DEPRECATION: Feature will be removed in v2.0\nCoverage: 71% statements, 81% branches\nnpm install: resolved 508 packages\n[12:50:47] INFO: Connecting to database\nCoverage: 84% statements, 78% branches\nSnapshots: 32 passed, 37 total\nTests: 60 passed, 364 total\nLoading...\nException: RuntimeError\nWARNING: jest has known vulnerabilities\nTransforming 527 files...\n[12:50:47] DEBUG: Initializing service\nSwitched to branch 'feature/task-991'\nCache restored successfully (448MB)\nArtifact downloaded: 46MB\n\u2713 Task completed in 4792ms\nCache miss for key-1892\nPOST /data - 201 (338ms)\n[12:50:47] DEBUG: Memory usage: 1561MB\n\u2713 All checks passed\nSwitched to branch 'feature/task-648'\nFetching from https://npmjs.org/package.json\nnpm notice: package.json updated\nCache invalidated: node_modules\nPlatform: win32-x64\nSuccess!\n\u26a0 DEPRECATION: Feature will be removed in v3.0\n[12:50:47] WARN: Deprecated API usage\nSwitched to branch 'feature/task-523'\nWaiting...\npip: Collecting eslint\nArtifact downloaded: 13MB\n[12:50:47] WARN: Deprecated API usage\nArtifact uploaded: dist.zip (78MB)\nTime: 94.68s\nSuccess!\nArtifact downloaded: 33MB\nCompiling src/utils.go...\nUsing Node.js 19.9.5\nStep 3/18: Running migrations\npip: Downloading axios-4.20.tar.gz\n\u2713 Step 'checkout' succeeded\n\u26a0 DEPRECATION: Feature will be removed in v4.0\nPlatform: darwin-arm64\nFAILED: test_user_create\n\u2713 Task completed in 2184ms\nConnection established\n\u2713 deploy completed\nStep 3/22: Installing dependencies\n[12:50:47] DEBUG: Loading configuration\n\u2713 Step 'install' succeeded\nStep 15/16: Running migrations\nPulling image: node:18\nRan 12 tests in 31s\n[12:50:47] INFO: Request completed\nFetching submodules...\n\u2713 All checks passed\nFetching from https://registry.npmjs.org/package.json\nReady.\nFetching from https://githubusercontent.com/package.json\n[12:50:47] ERROR: Connection failed\nStep 3/18: Running migrations\nnpm install: added 428 packages\n[12:50:47] INFO: Connecting to database\nOptimizing 40 modules...\n[12:50:47] INFO: Processing request\n\u2717 build failed with exit code 76\n  PASS: test_auth_login (314ms)\nUsing Python 3.9\nCreating production build...\n[12:50:47] DEBUG: Loading configuration\nFAILED: test_db_connect\nPushing to registry...\n[12:50:47] DEBUG: Connection pool: 18 active\n[12:50:47] INFO: Starting build process\nnpm install: added 55 packages\nnpm install: added 76 packages\n[12:50:47] INFO: Connecting to database\nEnvironment: test\npip: Downloading lodash-3.15.tar.gz\nCompiling components/app.ts...\n[12:50:47] INFO: Connecting to database\n[12:50:47] DEBUG: Memory usage: 1480MB\nPOST /data - 202 (454ms)\n\u26a0 DEPRECATION: Feature will be removed in v4.0\nVerifying...\n[12:50:47] DEBUG: Initializing service\nReady.\nLayer 7/11: COPY command\nStep 9/17: Linting\npip: Downloading lodash-3.20.tar.gz\nCompleted.\nCompiling lib/main.py...\nStep 7/17: Testing\nUsing Python 3.11\nWARNING: react has known vulnerabilities\n[12:50:47] WARN: Deprecated API usage\nStep 4/19: Building\nInstalling lodash@3.4.9\n[12:50:47] DEBUG: Query executed in 97ms\nyarn add: Done in 16.44s\nAlready up to date.\nUsing Python 3.9\nGenerating source maps...\n[12:50:47] INFO: Connecting to database\nException: ValueError\nyarn add: Done in 14.56s\nPOST /api - 202 (467ms)\nStep 16/24: Installing dependencies\nUsing Python 3.10\nWARNING: eslint has known vulnerabilities\nStep 19/20: Testing\npip: Collecting express\n  PASS: integration/test_auth_login.spec.js\nConnection established\n[12:50:47] INFO: Request completed\n[12:50:47] WARN: Deprecated API usage\nPOST /data - 201 (156ms)\n  PASS: test_api_health (281ms)\nFAILED: test_auth_login\nnpm notice: created a lockfile\npip: Downloading express-5.2.tar.gz\nChecking out main branch\nGET /api - 204 (2ms)\nWARNING: react has known vulnerabilities\nUsing Python 3.11\nBundling styles.css\nPushing to registry...\nGenerating source maps...\nAlready up to date.\nInstalling webpack@2.1.9\npip: Collecting prettier\nStep 16/20: Building\nPulling image: alpine:18\nException: RuntimeError\nCache invalidated: build\nnpm notice: created a lockfile\nCache invalidated: dependencies\nStep 15/16: Running migrations\nSwitched to branch 'feature/task-903'\n[12:50:47] WARN: Deprecated API usage\nnpm notice: package.json updated\nCache invalidated: dependencies\n  PASS: test_auth_login (19ms)\npip: Collecting axios\nyarn add: Done in 23.14s\nTransforming 216 files...\nPulling image: python:3.11\nWARNING: eslint has known vulnerabilities\nStep 9/18: Installing dependencies\nCompiling utils/main.py...\nSwitched to branch 'feature/task-762'\nyarn add: Done in 26.90s\nSwitched to branch 'feature/task-387'\nCreating production build...\n\u26a0 DEPRECATION: Feature will be removed in v2.0\npip: Installing build dependencies...\nArtifact uploaded: build.tar.gz (3MB)\nTLS handshake completed\n\u2713 All checks passed\n[12:50:47] INFO: Starting build process\nOptimizing 11 modules...\npip install: Successfully installed react-1.0\nEnvironment: test\nBundling styles.js\nGenerating source maps...\n\u2713 All checks passed\nFinished.\nGET /health - 204 (99ms)\nHEAD is now at 67571e6\nInstalling webpack@3.3.8\nConnection established\nPlatform: linux-x64\nTests: 260 passed, 462 total\nStep 8/18: Testing\n  PASS: test_api_health (256ms)\nLoading...\nnpm notice: created a lockfile\nImage pulled successfully\nCache restored successfully (452MB)\nConnection established\n[12:50:47] INFO: Connecting to database\nCache miss for key-8341\nUploading artifact 'coverage' (18 files)\n[12:50:47] WARN: Deprecated API usage\nCompiling src/service.java...\n  PASS: unit/test_api_health.spec.js\nUsing Python 3.10\n\u2713 All checks passed\nVerifying...\nCreating production build...\npip: Downloading express-2.10.tar.gz\nArtifact uploaded: build.tar.gz (9MB)\nTime: 83.943s\nCompiling utils/service.java...\nNODE_ENV=development\nUploading artifact 'build' (14 files)\n[12:50:47] INFO: Request completed\n=== Step install_dependencies completed ===\n=== Step: restore_cache ===\nBundling styles.css\n[12:50:47] DEBUG: Initializing service\nLoading...\nImage pulled successfully\nWARNING: eslint has known vulnerabilities\nCache restored successfully (181MB)\nTime: 13.544s\nnpm notice: package.json updated\npip install: Successfully installed webpack-3.8\nnpm install: added 353 packages\nPulling image: python:latest\nGenerating source maps...\nCompiling components/main.py...\n[12:50:47] INFO: Request completed\n[12:50:47] ERROR: Connection failed\nCreating production build...\nCompiling components/app.ts...\n\u2713 test completed\nTLS handshake completed\nUploading artifact 'build' (20 files)\n\u2717 build failed with exit code 6\nFAILED: test_cache_hit\nMinifying vendor.js\npip: Collecting prettier\nVerifying...\nMinifying vendor.js\n[12:50:47] INFO: Processing request\npip install: Successfully installed lodash-1.10\nArtifact uploaded: dist.zip (7MB)\nyarn add: Done in 30.98s\nnpm install: resolved 1899 packages\nLoading...\nStep 18/17: Linting\n[12:50:47] INFO: Connecting to database\nCompleted.\npip: Downloading lodash-4.8.tar.gz\nCache saved successfully\n[12:50:47] WARN: Deprecated API usage\nyarn add: Done in 14.45s\nnpm install: resolved 1449 packages\nConnection established\nCache invalidated: dependencies\nnpm install: added 14 packages\nWARNING: express has known vulnerabilities\nNODE_ENV=production\n\u26a0 DEPRECATION: Feature will be removed in v2.0\nStep 7/18: Building\nStep 14/15: Building\nOK\nCreating production build...\nUsing Python 3.9\n\u2713 Task completed in 320ms\nCache hit for key-4516\nCompiling lib/utils.go...\nCompleted.\nWaiting...\nStep 19/22: Running migrations\nFinished.\n[12:50:47] DEBUG: Connection pool: 18 active\nArtifact uploaded: dist.zip (25MB)\nFetching submodules...\nNODE_ENV=development\nTest Suites: 23 passed, 34 total\nFetching submodules...\nVerifying...\n[12:50:47] WARN: Deprecated API usage\nRan 25 tests in 41s\n\u2713 lint completed\nTest Suites: 21 passed, 38 total\n[12:50:47] INFO: Connecting to database\nArtifact downloaded: 30MB\nDone.\nStep 1/20: Building\nCompiling components/service.java...\n[12:50:47] INFO: Starting build process\n  PASS: test_db_connect (336ms)\nStep 11/19: Running migrations\nnpm install: added 158 packages\nReady.\n[12:50:47] INFO: Request completed\nSuccess!\nTime: 36.423s\nConnection established\nTLS handshake completed\nArtifact downloaded: 44MB\n\u26a0 DEPRECATION: Feature will be removed in v2.0\npip: Downloading lodash-1.1.tar.gz\nException: NullPointerException\nCache restored successfully (131MB)\nPOST /upload - 200 (184ms)\n\u2717 build failed with exit code 66\nCache invalidated: build\nArtifact uploaded: dist.zip (24MB)\nTLS handshake completed\nArtifact uploaded: build.tar.gz (20MB)\nArtifact uploaded: build.tar.gz (9MB)\nCoverage: 72% statements, 60% branches\nGenerating source maps...\n[12:50:47] DEBUG: Query executed in 72ms\nMinifying main.js\nCompiling components/main.py...\n[12:50:47] DEBUG: Loading configuration\n[12:50:47] INFO: Starting build process\nArtifact downloaded: 44MB\nUsing Node.js 17.6.1\nStep 13/20: Deploying\nArtifact uploaded: build.tar.gz (40MB)\nPOST /data - 201 (199ms)\nCache hit for key-6918\n[12:50:47] ERROR: Connection failed\nCache miss for key-4871\nProcessing...\nCache hit for key-8630\nFetching from https://registry.npmjs.org/package.json\nGET /status - 200 (66ms)\n\u26a0 DEPRECATION: Feature will be removed in v3.0\nTLS handshake completed\nChecking out master branch\nArtifact uploaded: dist.zip (94MB)\nTest Suites: 32 passed, 36 total\n\u26a0 DEPRECATION: Feature will be removed in v4.0\nInstalling eslint@4.13.7\nTLS handshake completed\nnpm notice: created a lockfile\npip: Collecting prettier\nPushing to registry...\n[12:50:47] INFO: Starting build process\nFinished.\nMinifying vendor.js\n\u26a0 DEPRECATION: Feature will be removed in v3.0\nUsing Python 3.11\nTests: 57 passed, 93 total\nMinifying vendor.js\nStep 19/15: Installing dependencies\npip: Downloading webpack-1.14.tar.gz\nReady.\nArtifact uploaded: build.tar.gz (24MB)\n[12:50:47] DEBUG: Query executed in 10ms\n\u26a0 DEPRECATION: Feature will be removed in v4.0\nBundling runtime.js\nCache restored successfully (480MB)\nLoading...\nRan 194 tests in 47s\nCompleted.\nLayer 2/12: RUN command\n\u2713 Step 'build' succeeded\nTime: 10.944s\n[12:50:47] DEBUG: Loading configuration\nUsing Node.js 19.17.6\n[12:50:47] INFO: Cache refreshed\n\u2713 All checks passed\n[12:50:47] DEBUG: Memory usage: 303MB\n\u2713 Step 'build' succeeded\nOptimizing 44 modules...\nnpm install: added 189 packages\nImage pulled successfully\nArtifact uploaded: build.tar.gz (19MB)\nPulling image: alpine:3.11\nFetching from https://gcr.io/package.json\nCache invalidated: build\nConnection established\n[12:50:47] WARN: Deprecated API usage\nTransforming 871 files...\nyarn add: Done in 26.8s\nWARNING: webpack has known vulnerabilities\nLoading...\n[12:50:47] DEBUG: Loading configuration\nSnapshots: 9 passed, 18 total\nStep 2/17: Linting\nCompiling lib/handler.rs...\npip install: Successfully installed react-2.14\nFetching from https://pypi.org/package.json\nFinished.\nRan 118 tests in 36s\n[12:50:47] DEBUG: Loading configuration\n[12:50:47] INFO: Processing request\n\u2713 lint completed\nOK\n\u26a0 DEPRECATION: Feature will be removed in v2.0\nCache hit for key-9756\nArtifact uploaded: build.tar.gz (8MB)\npip: Collecting eslint\n[12:50:47] INFO: Starting build process\nUsing Python 3.12\n\u26a0 DEPRECATION: Feature will be removed in v2.0\nCache miss for key-8302\nCache saved successfully\n[12:50:47] DEBUG: Loading configuration\nMinifying main.js\n  PASS: unit/test_auth_login.spec.js\nAlready up to date.\n\u2713 Task completed in 2801ms\nStep 3/18: Linting\nCreating production build...\n\u2717 build failed with exit code 57\nPlatform: darwin-arm64\n[12:50:47] DEBUG: Loading configuration\nStep 11/25: Linting\n[12:50:47] INFO: Processing request\n\u2713 test completed\n[12:50:47] INFO: Starting build process\nAlready up to date.\nCompiling lib/utils.go...\nStep 13/24: Building\nCoverage: 71% statements, 96% branches\nCompleted.\nLayer 2/8: ENV command\nSuccess!\nyarn add: Done in 23.33s\nCache miss for key-9009\nHEAD is now at 98f136a\nEnvironment: production\n\u2717 build failed with exit code 93\nInstalling lodash@1.18.5\nImage pulled successfully\n=== Step restore_cache completed ===\n=== Step: deploy_production ===\nCompiling utils/app.ts...\n[12:50:47] ERROR: Connection failed\nWaiting...\n[12:50:47] WARN: Deprecated API usage\nCache hit for key-7734\nWARNING: axios has known vulnerabilities\n[12:50:47] DEBUG: Memory usage: 1518MB\nPOST /upload - 201 (463ms)\nArtifact uploaded: build.tar.gz (24MB)\nMinifying app.js\nChecking out main branch\nnpm notice: created a lockfile\nArtifact uploaded: dist.zip (33MB)\nUsing Python 3.9\nOptimizing 94 modules...\nDone.\nImage pulled successfully\npip: Installing build dependencies...\nWARNING: lodash has known vulnerabilities\nSuccess!\nVerifying...\nArtifact uploaded: build.tar.gz (45MB)\nFinished.\nMinifying vendor.js\n\u2713 Step 'install' succeeded\n[12:50:47] WARN: Deprecated API usage\n[12:50:47] WARN: Deprecated API usage\nPushing to registry...\n[12:50:47] DEBUG: Connection pool: 7 active\n[12:50:47] INFO: Connecting to database\nnpm install: added 355 packages\npip: Installing build dependencies...\nAlready up to date.\nCache hit for key-4522\n[12:50:47] INFO: Starting build process\n[12:50:47] DEBUG: Connection pool: 9 active\n[12:50:47] DEBUG: Loading configuration\nInstalling eslint@5.3.6\nDone.\nRan 65 tests in 51s\nPushing to registry...\nMinifying vendor.js\nCompleted.\nTime: 52.851s\nStep 5/15: Building\nEnvironment: development\nSnapshots: 11 passed, 32 total\nDone.\nCompiling utils/main.py...\nStep 12/21: Testing\n[12:50:47] DEBUG: Loading configuration\nCache hit for key-2405\nOK\nCompiling src/app.ts...\nSnapshots: 25 passed, 8 total\nyarn add: Done in 17.11s\nRan 137 tests in 25s\n[12:50:47] WARN: Deprecated API usage\n\u2717 build failed with exit code 14\nFinished.\nCache invalidated: build\n[12:50:47] INFO: Request completed\nOK\n  PASS: e2e/test_auth_login.spec.js\n\u2717 build failed with exit code 66\npip: Collecting eslint\nException: ValueError\npip install: Successfully installed eslint-1.4\nStep 10/23: Linting\n[12:50:47] WARN: Deprecated API usage\nnpm notice: created a lockfile\nFetching submodules...\n[12:50:47] DEBUG: Memory usage: 512MB\nCompiling components/handler.rs...\nTest Suites: 38 passed, 43 total\nCompiling lib/index.js...\nCompiling src/handler.rs...\nCompleted.\nBundling styles.js\n[12:50:47] DEBUG: Query executed in 8ms\n[12:50:47] DEBUG: Initializing service\n  PASS: test_auth_login (297ms)\nNODE_ENV=production\nLoading...\nGET /status - 201 (99ms)\npip: Collecting jest\nProcessing...\n[12:50:47] DEBUG: Memory usage: 569MB\n\u26a0 DEPRECATION: Feature will be removed in v3.0\n[12:50:47] WARN: Deprecated API usage\nCompiling components/main.py...\n[12:50:47] INFO: Processing request\nCompiling lib/index.js...\nArtifact uploaded: build.tar.gz (5MB)\nCache saved successfully\nAlready up to date.\n\u2713 Step 'test' succeeded\nAlready up to date.\nWARNING: express has known vulnerabilities\nCache saved successfully\n[12:50:47] INFO: Cache refreshed\nCache invalidated: build\nHEAD is now at b1efd0b\n\u2713 Step 'install' succeeded\nException: RuntimeError\nStep 8/19: Installing dependencies\nGET /status - 204 (98ms)\n[12:50:47] DEBUG: Loading configuration\nGET /api - 201 (82ms)\nFetching submodules...\nSnapshots: 25 passed, 13 total\nBuilding Docker image...\nVerifying...\n\u2717 build failed with exit code 109\nAlready up to date.\nTransforming 846 files...\nStep 9/23: Linting\nProcessing...\n[12:50:47] INFO: Connecting to database\nProcessing...\nStep 15/25: Installing dependencies\nStep 13/25: Installing dependencies\nTests: 292 passed, 448 total\nStep 3/18: Deploying\n\u26a0 DEPRECATION: Feature will be removed in v3.0\nCache invalidated: build\nConnection established\n[12:50:47] INFO: Processing request\nCache hit for key-7045\nDone.\nnpm notice: created a lockfile\nOptimizing 54 modules...\n[12:50:47] DEBUG: Loading configuration\nStep 11/19: Linting\nPulling image: node:18\n\u26a0 DEPRECATION: Feature will be removed in v4.0\n[12:50:47] WARN: Deprecated API usage\nFinished.\nCompleted.\nRan 104 tests in 48s\nFetching from https://docker.io/package.json\nCompleted.\nCompiling components/service.java...\nLayer 2/14: RUN command\nnpm install: resolved 257 packages\n[12:50:47] DEBUG: Initializing service\nStep 17/17: Running migrations\nnpm install: resolved 447 packages\nCompiling lib/app.ts...\npip: Downloading eslint-3.19.tar.gz\nPOST /api - 200 (435ms)\nCoverage: 77% statements, 63% branches\nTransforming 460 files...\nnpm notice: package.json updated\n[12:50:47] INFO: Starting build process\nOptimizing 23 modules...\n[12:50:47] INFO: Cache refreshed\nArtifact uploaded: build.tar.gz (25MB)\nPushing to registry...\nCache saved successfully\nLayer 9/8: ENV command\nChecking out develop branch\n[12:50:47] DEBUG: Connection pool: 19 active\nWARNING: prettier has known vulnerabilities\n\u2713 All checks passed\nTime: 44.675s\nReady.\nTest Suites: 21 passed, 45 total\nVerifying...\nAlready up to date.\nGET /health - 204 (89ms)\n[12:50:47] INFO: Request completed\n  PASS: test_auth_login (401ms)\n[12:50:47] INFO: Cache refreshed\nStep 13/16: Installing dependencies\nCache restored successfully (164MB)\nFetching submodules...\nCompleted.\n[12:50:47] INFO: Connecting to database\nBundling main.css\n[12:50:47] INFO: Request completed\nArtifact uploaded: dist.zip (64MB)\nnpm notice: package.json updated\npip: Installing build dependencies...\nReady.\npip: Downloading axios-4.7.tar.gz\n[12:50:47] INFO: Connecting to database\n[12:50:47] DEBUG: Initializing service\n\u2713 Task completed in 1345ms\n  PASS: integration/test_db_connect.spec.js\nLoading...\nArtifact uploaded: build.tar.gz (12MB)\nCreating production build...\nLayer 1/12: RUN command\nCompleted.\nCache hit for key-9570\nStep 20/17: Deploying\n[12:50:47] INFO: Connecting to database\n[12:50:47] DEBUG: Query executed in 51ms\nStep 13/17: Linting\npip install: Successfully installed react-3.11\nInstalling prettier@4.2.9\nHEAD is now at aa98314\n\u2717 build failed with exit code 74\nInstalling axios@5.9.6\nPulling image: python:18\nWaiting...\nnpm notice: package.json updated\nStep 20/18: Deploying\nLoading...\n[12:50:47] DEBUG: Query executed in 53ms\nTLS handshake completed\n\u2713 Step 'build' succeeded\n[12:50:47] DEBUG: Loading configuration\nCompiling utils/utils.go...\n=== Step deploy_production completed ===\n=== Step: type_check ===\nCreating production build...\n\u26a0 DEPRECATION: Feature will be removed in v2.0\nStep 10/21: Testing\n\u26a0 DEPRECATION: Feature will be removed in v2.0\npip: Downloading prettier-3.19.tar.gz\n[12:50:47] DEBUG: Query executed in 56ms\npip install: Successfully installed lodash-4.10\n\u2713 All checks passed\n[12:50:47] INFO: Cache refreshed\nFAILED: test_user_create\n\u26a0 DEPRECATION: Feature will be removed in v3.0\n\u26a0 DEPRECATION: Feature will be removed in v3.0\nStep 19/25: Installing dependencies\n[12:50:47] DEBUG: Connection pool: 15 active\nPOST /upload - 202 (348ms)\n[12:50:47] INFO: Connecting to database\nImage pulled successfully\n[12:50:47] DEBUG: Initializing service\nCompiling components/main.py...\n\u2713 deploy completed\n[12:50:47] INFO: Processing request\nCache invalidated: node_modules\nyarn add: Done in 8.40s\n\u26a0 DEPRECATION: Feature will be removed in v3.0\n\u2713 Task completed in 794ms\n  PASS: e2e/test_auth_login.spec.js\nCompiling components/index.js...\nUsing Node.js 19.3.2\n[12:50:47] INFO: Connecting to database\nCreating production build...\npip install: Successfully installed lodash-4.5\nLayer 1/14: COPY command\nCompiling components/handler.rs...\nFAILED: test_cache_hit\nChecking out develop branch\n[12:50:47] INFO: Processing request\nStep 17/24: Building\nException: ValueError\nCompiling lib/app.ts...\n\u2713 All checks passed\nAlready up to date.\nTests: 439 passed, 94 total\nUsing Python 3.11\nCompiling src/utils.go...\nReady.\n\u2713 Step 'install' succeeded\nEnvironment: production\n[12:50:47] INFO: Starting build process\n\u2713 All checks passed\nFAILED: test_cache_hit\n  PASS: e2e/test_db_connect.spec.js\n\u26a0 DEPRECATION: Feature will be removed in v3.0\nProcessing...\n[12:50:47] DEBUG: Loading configuration\nSwitched to branch 'bugfix/task-603'\nStep 15/15: Running migrations\nCompiling utils/index.js...\nFetching submodules...\nStep 1/22: Testing\n[12:50:47] INFO: Connecting to database\nCache saved successfully\nStep 5/21: Linting\n[12:50:47] DEBUG: Connection pool: 3 active\nEnvironment: test\nWaiting...\nStep 6/18: Running migrations\nBundling main.js\nException: RuntimeError\n\u2713 All checks passed\nHEAD is now at c7c46b8\nnpm install: resolved 415 packages\nWARNING: lodash has known vulnerabilities\npip: Collecting express\nHEAD is now at a0c3fb9\n[12:50:47] INFO: Processing request\n[12:50:47] DEBUG: Loading configuration\nnpm install: added 296 packages\npip: Collecting jest\nPulling image: python:3.11\nCreating production build...\n[12:50:47] DEBUG: Connection pool: 2 active\nTransforming 636 files...\nFetching from https://github.com/package.json\nCache hit for key-4687\n[12:50:47] DEBUG: Query executed in 39ms\nReady.\n[12:50:47] DEBUG: Loading configuration\nPOST /upload - 200 (113ms)\nLoading...\n[12:50:47] DEBUG: Query executed in 96ms\nTLS handshake completed\nAlready up to date.\nOptimizing 57 modules...\nFinished.\nReady.\nMinifying main.js\nAlready up to date.\nyarn add: Done in 10.34s\nTest Suites: 12 passed, 47 total\nStep 5/19: Testing\nUsing Python 3.12\nOptimizing 45 modules...\nyarn add: Done in 11.43s\nUsing Python 3.10\npip: Installing build dependencies...\nPlatform: darwin-arm64\n\u2713 Task completed in 2619ms\npip: Installing build dependencies...\nCompiling utils/service.java...\nDone.\npip install: Successfully installed eslint-2.9\nFetching submodules...\npip: Downloading react-1.12.tar.gz\nPushing to registry...\nArtifact uploaded: build.tar.gz (42MB)\nSwitched to branch 'bugfix/task-581'\n\u2713 All checks passed\nImage pulled successfully\n[12:50:47] INFO: Request completed\n[12:50:47] INFO: Processing request\nWARNING: prettier has known vulnerabilities\nEnvironment: production\n[12:50:47] INFO: Connecting to database\nArtifact downloaded: 48MB\nCompiling lib/app.ts...\nStep 6/16: Testing\nStep 9/15: Linting\nTests: 426 passed, 231 total\nCompleted.\nMinifying main.js\nCreating production build...\nCompiling lib/index.js...\nArtifact downloaded: 50MB\nProcessing...\nBuilding Docker image...\n[12:50:47] DEBUG: Connection pool: 3 active\nWaiting...\nCompiling utils/service.java...\nReady.\nLayer 4/11: RUN command\n\u26a0 DEPRECATION: Feature will be removed in v4.0\nEnvironment: production\nGenerating source maps...\n[12:50:47] WARN: Deprecated API usage\nInstalling axios@1.14.5\nCompiling utils/handler.rs...\nUsing Node.js 17.18.0\n[12:50:47] INFO: Connecting to database\nCompiling components/main.py...\nFetching from https://docker.io/package.json\nStep 20/16: Testing\nnpm install: added 102 packages\nCompiling components/app.ts...\nGET /api - 200 (69ms)\n\u2713 validate completed\n[12:50:47] INFO: Starting build process\npip install: Successfully installed express-3.4\npip: Collecting express\nFetching submodules...\nGET /health - 201 (49ms)\n[12:50:47] INFO: Processing request\npip: Collecting prettier\nBuilding Docker image...\n\u2717 build failed with exit code 92\n\u2713 validate completed\nException: TypeError\nFinished.\nArtifact uploaded: dist.zip (26MB)\nArtifact uploaded: dist.zip (55MB)\npip: Collecting react\nTLS handshake completed\n\u26a0 DEPRECATION: Feature will be removed in v4.0\nGET /status - 204 (89ms)\nFAILED: test_user_create\nPushing to registry...\nCache miss for key-7839\n[12:50:47] DEBUG: Loading configuration\n\u2713 Task completed in 1240ms\nNODE_ENV=development\nArtifact downloaded: 18MB\nStep 17/18: Installing dependencies\nInstalling webpack@2.18.9\nnpm notice: created a lockfile\nOptimizing 88 modules...\nHEAD is now at f1fc694\nTLS handshake completed\nCompleted.\nPushing to registry...\n[12:50:47] DEBUG: Initializing service\nCoverage: 78% statements, 90% branches\n\u2717 build failed with exit code 1\n[12:50:47] INFO: Processing request\nFAILED: test_db_connect\nBuilding Docker image...\n[12:50:47] DEBUG: Loading configuration\nCompiling src/index.js...\nVerifying...\nSnapshots: 3 passed, 44 total\nImage pulled successfully\nSuccess!\npip: Collecting prettier\nUsing Python 3.11\nDone.\npip: Installing build dependencies...\nCache saved successfully\nCache miss for key-6862\nReady.\nStep 9/24: Linting\nTransforming 699 files...\nUploading artifact 'build' (35 files)\n[12:50:47] INFO: Connecting to database\nNODE_ENV=development\nEnvironment: development\n\u26a0 DEPRECATION: Feature will be removed in v4.0\nReady.\n=== Step type_check completed ===\n=== Step: e2e_tests ===\nStep 6/18: Installing dependencies\nPulling image: python:18\n\u2713 All checks passed\nnpm install: resolved 1568 packages\n[12:50:47] WARN: Deprecated API usage\nUsing Python 3.10\nnpm install: resolved 710 packages\nCache hit for key-3534\nCompiling components/main.py...\nInstalling react@5.13.9\nInstalling express@2.10.2\n  PASS: test_cache_hit (390ms)\npip: Installing build dependencies...\nyarn add: Done in 25.8s\n\u2713 All checks passed\nStep 1/19: Installing dependencies\nUsing Node.js 19.18.7\nCache hit for key-8178\nArtifact downloaded: 40MB\npip install: Successfully installed eslint-3.18\nCache miss for key-6141\n[12:50:47] INFO: Starting build process\nCache restored successfully (435MB)\n[12:50:47] INFO: Connecting to database\nCompiling utils/app.ts...\nMinifying vendor.js\nCache restored successfully (422MB)\nMinifying vendor.js\nyarn add: Done in 20.49s\n[12:50:47] DEBUG: Memory usage: 570MB\nTime: 42.102s\n[12:50:47] INFO: Request completed\nSuccess!\n\u2717 build failed with exit code 79\nDone.\n\u2713 test completed\nnpm notice: package.json updated\n\u26a0 DEPRECATION: Feature will be removed in v3.0\nTests: 222 passed, 238 total\nPOST /data - 200 (115ms)\npip: Collecting prettier\nReady.\nTLS handshake completed\nPushing to registry...\nSuccess!\nOptimizing 24 modules...\npip: Downloading express-2.12.tar.gz\nyarn add: Done in 28.46s\nnpm install: added 441 packages\n[12:50:47] INFO: Connecting to database\nCache hit for key-7641\nBundling runtime.js\nMinifying app.js\nLoading...\nCompiling utils/handler.rs...\nStep 16/17: Running migrations\nCoverage: 75% statements, 66% branches\nnpm install: resolved 1520 packages\nTime: 113.241s\nCompiling lib/app.ts...\nFetching submodules...\nProcessing...\nBundling styles.js\nTests: 251 passed, 196 total\n[12:50:47] DEBUG: Memory usage: 1795MB\nFAILED: test_api_health\nOK\nCompiling components/app.ts...\nSnapshots: 44 passed, 8 total\nStep 3/25: Deploying\nCompiling components/main.py...\nStep 17/25: Linting\nGET /health - 201 (97ms)\nCompleted.\n\u26a0 DEPRECATION: Feature will be removed in v3.0\n[12:50:47] INFO: Starting build process\nGenerating source maps...\nnpm install: added 259 packages\nException: ValueError\nBundling runtime.js\nGenerating source maps...\npip: Collecting webpack\nVerifying...\n  PASS: e2e/test_api_health.spec.js\nStep 14/19: Running migrations\nLayer 9/14: ENV command\nTransforming 914 files...\nNODE_ENV=test\nCache saved successfully\nRan 20 tests in 8s\nOptimizing 68 modules...\n[12:50:47] DEBUG: Connection pool: 13 active\nPushing to registry...\nMinifying main.js\n  PASS: unit/test_db_connect.spec.js\nVerifying...\n\u2713 deploy completed\nStep 10/17: Testing\nGenerating source maps...\nGET /api - 204 (10ms)\n  PASS: test_user_create (121ms)\nCompiling lib/main.py...\nPlatform: linux-x64\nFinished.\nnpm install: added 95 packages\n\u26a0 DEPRECATION: Feature will be removed in v3.0\nFetching submodules...\nStep 3/16: Installing dependencies\nFetching submodules...\nHEAD is now at 6241e73\n[12:50:47] DEBUG: Initializing service\nStep 14/16: Deploying\npip: Installing build dependencies...\n\u2713 Task completed in 4028ms\nUsing Python 3.10\n\u26a0 DEPRECATION: Feature will be removed in v5.0\nnpm install: resolved 224 packages\nVerifying...\npip: Downloading jest-3.6.tar.gz\nPulling image: python:18\n[12:50:47] INFO: Request completed\nCache invalidated: build\nChecking out develop branch\nNODE_ENV=test\nUsing Python 3.10\n[12:50:47] WARN: Deprecated API usage\nCache restored successfully (106MB)\nTransforming 455 files...\nUsing Node.js 20.14.1\nUsing Node.js 17.9.6\nTime: 30.73s\nWARNING: prettier has known vulnerabilities\nArtifact uploaded: build.tar.gz (10MB)\nWARNING: express has known vulnerabilities\n[12:50:47] INFO: Request completed\nRan 124 tests in 4s\n[12:50:47] WARN: Deprecated API usage\nFinished.\nMinifying main.js\nRan 141 tests in 25s\nnpm notice: created a lockfile\nCache hit for key-4018\nPlatform: linux-x64\nSnapshots: 15 passed, 44 total\nArtifact uploaded: dist.zip (89MB)\nStep 16/16: Linting\nSuccess!\nBundling vendor.css\n[12:50:47] DEBUG: Initializing service\nProcessing...\nCache invalidated: dependencies\nStep 8/25: Running migrations\nWARNING: axios has known vulnerabilities\n[12:50:47] DEBUG: Connection pool: 19 active\nLoading...\nException: ValueError\nLoading...\nTLS handshake completed\n\u2713 Task completed in 1302ms\nTLS handshake completed\n[12:50:47] INFO: Connecting to database\nTest Suites: 42 passed, 32 total\n[12:50:47] INFO: Processing request\n[12:50:47] DEBUG: Loading configuration\n\u2713 build completed\nVerifying...\nBundling runtime.css\npip: Installing build dependencies...\nCompleted.\nnpm notice: package.json updated\nTest Suites: 47 passed, 13 total\nFinished.\n\u2713 validate completed\n  PASS: test_api_health (161ms)\n[12:50:47] WARN: Deprecated API usage\nOK\nGenerating source maps...\nCompiling src/utils.go...\nLoading...\nCompiling src/service.java...\nNODE_ENV=test\nOK\n\u2713 Step 'checkout' succeeded\nCompiling utils/index.js...\nReady.\n[12:50:47] WARN: Deprecated API usage\npip: Collecting prettier\nImage pulled successfully\npip: Installing build dependencies...\nCache invalidated: node_modules\nLoading...\nRan 139 tests in 20s\n\u2713 Task completed in 4748ms\nEnvironment: development\nUploading artifact 'coverage' (42 files)\n[12:50:47] DEBUG: Connection pool: 2 active\nFetching from https://github.com/package.json\nChecking out develop branch\nStep 6/25: Running migrations\n[12:50:47] INFO: Processing request\nConnection established\nTest Suites: 23 passed, 42 total\nLoading...\n[12:50:47] ERROR: Connection failed\n  PASS: integration/test_user_create.spec.js\nPOST /api - 200 (314ms)\nPOST /api - 202 (142ms)\nTime: 56.266s\nBuilding Docker image...\nnpm notice: created a lockfile\nCompiling utils/main.py...\nInstalling jest@1.14.0\nFAILED: test_auth_login\nTest Suites: 46 passed, 31 total\nCache restored successfully (11MB)\n=== Step e2e_tests completed ===\n=== Step: save_cache ===\nStep 11/15: Running migrations\nLayer 7/8: COPY command\nyarn add: Done in 25.21s\nyarn add: Done in 4.65s\n[12:50:47] DEBUG: Memory usage: 353MB\nnpm notice: package.json updated\nUploading artifact 'coverage' (18 files)\n[12:50:47] INFO: Starting build process\n\u2713 All checks passed\npip: Collecting eslint\nLayer 1/12: COPY command\n\u2713 Task completed in 2416ms\nnpm install: added 79 packages\nUsing Python 3.9\nCache restored successfully (89MB)\nUploading artifact 'dist' (21 files)\nCompiling components/main.py...\n\u2713 build completed\nBundling vendor.js\nCreating production build...\nArtifact uploaded: build.tar.gz (11MB)\nLayer 4/8: RUN command\nCompiling lib/index.js...\nStep 12/20: Building\nStep 19/16: Building\nOptimizing 85 modules...\nStep 1/21: Testing\n\u2713 Task completed in 248ms\nWARNING: lodash has known vulnerabilities\nnpm install: added 122 packages\nCache miss for key-2663\nnpm notice: package.json updated\nTLS handshake completed\npip: Collecting axios\nCache saved successfully\nStep 11/16: Testing\nArtifact uploaded: dist.zip (32MB)\n\u26a0 DEPRECATION: Feature will be removed in v2.0\nLoading...\nFetching submodules...\nSuccess!\nnpm notice: package.json updated\nLoading...\nChecking out develop branch\nSwitched to branch 'bugfix/task-578'\n[12:50:47] ERROR: Connection failed\nStep 12/18: Building\nInstalling webpack@2.16.6\nCompiling components/app.ts...\nCoverage: 72% statements, 67% branches\nCache invalidated: node_modules\n\u26a0 DEPRECATION: Feature will be removed in v3.0\nAlready up to date.\n[12:50:47] DEBUG: Query executed in 14ms\n[12:50:47] INFO: Request completed\nStep 9/18: Linting\nInstalling prettier@3.3.8\nBundling styles.css\n[12:50:47] DEBUG: Loading configuration\npip: Collecting axios\nnpm notice: created a lockfile\nCompiling utils/app.ts...\nSwitched to branch 'bugfix/task-633'\nCompiling components/app.ts...\n[12:50:47] DEBUG: Loading configuration\n[12:50:47] DEBUG: Query executed in 59ms\nOK\n\u2713 All checks passed\nPushing to registry...\nArtifact downloaded: 8MB\nArtifact uploaded: dist.zip (29MB)\nCompiling lib/app.ts...\nInstalling eslint@2.1.10\nSwitched to branch 'bugfix/task-526'\nCache saved successfully\nArtifact uploaded: dist.zip (59MB)\nCache invalidated: node_modules\nCompiling components/service.java...\n  PASS: test_db_connect (493ms)\n[12:50:48] DEBUG: Connection pool: 14 active\nWaiting...\nArtifact downloaded: 15MB\npip: Collecting eslint\n[12:50:48] INFO: Processing request\nOK\nWARNING: jest has known vulnerabilities\nPulling image: node:3.11\nStep 7/18: Deploying\nTime: 80.72s\npip install: Successfully installed express-4.20\n[12:50:48] WARN: Deprecated API usage\nnpm install: resolved 709 packages\nGET /api - 200 (75ms)\nCoverage: 92% statements, 95% branches\nVerifying...\nMinifying app.js\nFAILED: test_db_connect\n[12:50:48] INFO: Starting build process\n  PASS: test_auth_login (426ms)\nTests: 353 passed, 487 total\nMinifying main.js\nWaiting...\nBundling vendor.css\n[12:50:48] INFO: Request completed\nDone.\nSnapshots: 3 passed, 5 total\nImage pulled successfully\nChecking out master branch\nnpm install: resolved 871 packages\nCreating production build...\nPlatform: darwin-arm64\nCompleted.\n  PASS: integration/test_user_create.spec.js\n  PASS: test_user_create (185ms)\nInstalling react@2.12.0\n[12:50:48] INFO: Request completed\nRan 47 tests in 50s\nCompiling utils/main.py...\nCompiling lib/service.java...\nRan 59 tests in 54s\nCompiling utils/app.ts...\nCache miss for key-2487\n[12:50:48] INFO: Processing request\nCreating production build...\nUsing Python 3.9\nnpm install: resolved 245 packages\nFinished.\nDone.\nMinifying main.js\n[12:50:48] WARN: Deprecated API usage\nWARNING: eslint has known vulnerabilities\nCoverage: 86% statements, 79% branches\nPlatform: darwin-arm64\nStep 3/15: Deploying\nSnapshots: 28 passed, 18 total\nVerifying...\nFinished.\n\u2713 deploy completed\nPulling image: alpine:3.11\nOptimizing 34 modules...\nVerifying...\nTest Suites: 14 passed, 33 total\nVerifying...\nChecking out develop branch\n\u2713 All checks passed\nCompiling utils/handler.rs...\nyarn add: Done in 23.35s\nNODE_ENV=production\nPOST /api - 201 (360ms)\nFetching submodules...\nnpm install: resolved 189 packages\nLayer 4/8: ENV command\nPulling image: alpine:latest\n[12:50:48] INFO: Connecting to database\nCompiling lib/service.java...\nProcessing...\npip: Downloading prettier-3.18.tar.gz\nUsing Node.js 16.9.0\n[12:50:48] INFO: Processing request\n\u2717 build failed with exit code 42\n\u2717 build failed with exit code 5\nHEAD is now at b5c7bcc\nFetching submodules...\nCompiling components/app.ts...\nMinifying main.js\nCache saved successfully\nOK\n[12:50:48] DEBUG: Loading configuration\nCompiling lib/service.java...\n\u26a0 DEPRECATION: Feature will be removed in v4.0\n  PASS: integration/test_auth_login.spec.js\nPulling image: python:3.11\nnpm install: added 139 packages\nChecking out develop branch\nCache miss for key-5312\n[12:50:48] INFO: Cache refreshed\nDone.\nFinished.\npip: Downloading express-5.7.tar.gz\n\u2713 All checks passed\nnpm notice: created a lockfile\nnpm install: added 179 packages\nOK\n[12:50:48] DEBUG: Query executed in 17ms\n\u26a0 DEPRECATION: Feature will be removed in v3.0\nLoading...\nArtifact uploaded: dist.zip (13MB)\nArtifact uploaded: build.tar.gz (50MB)\nWARNING: jest has known vulnerabilities\nCompiling utils/handler.rs...\nUsing Python 3.10\n[12:50:48] WARN: Deprecated API usage\nBuilding Docker image...\npip: Collecting react\nReady.\nImage pulled successfully\nStep 9/18: Testing\nTime: 85.743s\nImage pulled successfully\nnpm notice: created a lockfile\nMinifying app.js\nCoverage: 96% statements, 70% branches\nCache invalidated: dependencies\nWaiting...\n\u26a0 DEPRECATION: Feature will be removed in v4.0\nnpm notice: created a lockfile\nInstalling webpack@1.10.3\n[12:50:48] INFO: Cache refreshed\n[12:50:48] INFO: Starting build process\nRan 122 tests in 14s\n\u26a0 DEPRECATION: Feature will be removed in v5.0\nGET /health - 204 (77ms)\npip: Collecting lodash\nImage pulled successfully\nVerifying...\n=== Step save_cache completed ===\n=== Step: deploy_staging ===\nSnapshots: 38 passed, 19 total\nUsing Node.js 14.8.6\nnpm install: resolved 393 packages\nNODE_ENV=production\nFAILED: test_auth_login\nFetching submodules...\n[12:50:48] INFO: Connecting to database\nUsing Python 3.10\nMinifying app.js\nSuccess!\nChecking out main branch\nBundling runtime.js\n\u2713 Step 'checkout' succeeded\nFAILED: test_api_health\nFetching from https://pypi.org/package.json\nOK\nStep 5/22: Linting\nBuilding Docker image...\n[12:50:48] INFO: Request completed\nUsing Node.js 15.2.3\nnpm notice: created a lockfile\npip: Collecting jest\nCache invalidated: build\nGET /health - 204 (41ms)\nWARNING: express has known vulnerabilities\nTLS handshake completed\nStep 9/22: Linting\nCompleted.\n\u26a0 DEPRECATION: Feature will be removed in v4.0\nWARNING: axios has known vulnerabilities\nWaiting...\nChecking out main branch\nCompiling src/main.py...\nReady.\n[12:50:48] ERROR: Connection failed\nBundling main.js\nVerifying...\nnpm notice: created a lockfile\nBundling main.css\nFAILED: test_user_create\nCompiling utils/index.js...\n[12:50:48] WARN: Deprecated API usage\nWARNING: prettier has known vulnerabilities\nSuccess!\nRan 159 tests in 53s\nFAILED: test_cache_hit\nCompiling lib/handler.rs...\nSnapshots: 40 passed, 9 total\nPushing to registry...\nWaiting...\n\u2713 Task completed in 1188ms\n[12:50:48] DEBUG: Memory usage: 601MB\nPlatform: win32-x64\nSwitched to branch 'bugfix/task-842'\nLayer 6/8: ENV command\nUsing Python 3.9\n\u2713 Step 'checkout' succeeded\nArtifact uploaded: build.tar.gz (12MB)\nChecking out develop branch\n  PASS: unit/test_auth_login.spec.js\nCache miss for key-4524\nStep 13/25: Running migrations\n\u2713 Step 'checkout' succeeded\n\u2713 package completed\nCoverage: 85% statements, 80% branches\nStep 4/19: Deploying\nAlready up to date.\nMinifying vendor.js\nCompiling src/app.ts...\nImage pulled successfully\nCache invalidated: dependencies\nOptimizing 98 modules...\nBundling styles.css\nTLS handshake completed\nDone.\nBundling vendor.css\nWARNING: axios has known vulnerabilities\nGenerating source maps...\n\u2713 All checks passed\nCompleted.\nTLS handshake completed\nOptimizing 68 modules...\n[12:50:48] INFO: Starting build process\n\u26a0 DEPRECATION: Feature will be removed in v5.0\n[12:50:48] INFO: Processing request\nFetching from https://github.com/package.json\n[12:50:48] ERROR: Connection failed\nPlatform: darwin-arm64\nWARNING: eslint has known vulnerabilities\nCache hit for key-9116\nStep 12/20: Testing\nTest Suites: 44 passed, 6 total\nTests: 64 passed, 118 total\nPushing to registry...\nUsing Node.js 15.17.7\nConnection established\nWARNING: axios has known vulnerabilities\n[12:50:48] DEBUG: Loading configuration\nArtifact downloaded: 5MB\n[12:50:48] WARN: Deprecated API usage\nSnapshots: 33 passed, 47 total\nCompiling src/index.js...\nPlatform: darwin-arm64\nDone.\nLayer 7/9: RUN command\nnpm notice: package.json updated\nPOST /api - 202 (93ms)\nSuccess!\nStep 9/16: Installing dependencies\nPulling image: python:18\nInstalling react@1.12.4\nConnection established\nArtifact downloaded: 29MB\nCompiling utils/service.java...\nCompiling src/app.ts...\nCompiling src/handler.rs...\nCache hit for key-8083\nChecking out main branch\nInstalling prettier@5.15.1\nPlatform: darwin-arm64\n[12:50:48] ERROR: Connection failed\nCompiling src/handler.rs...\n\u26a0 DEPRECATION: Feature will be removed in v4.0\n[12:50:48] DEBUG: Loading configuration\nArtifact uploaded: dist.zip (8MB)\nOptimizing 96 modules...\nnpm notice: created a lockfile\nnpm notice: package.json updated\nException: NullPointerException\n[12:50:48] WARN: Deprecated API usage\n[12:50:48] DEBUG: Query executed in 69ms\nOptimizing 22 modules...\nFetching from https://docker.io/package.json\nBundling runtime.js\n[12:50:48] INFO: Starting build process\nArtifact uploaded: build.tar.gz (7MB)\nUsing Python 3.10\nnpm notice: package.json updated\nVerifying...\nCache invalidated: build\nCache restored successfully (433MB)\nUsing Python 3.11\nCompleted.\nMinifying app.js\nOptimizing 92 modules...\nStep 8/17: Installing dependencies\nMinifying app.js\n[12:50:48] WARN: Deprecated API usage\nCreating production build...\nFetching submodules...\n  PASS: e2e/test_auth_login.spec.js\nArtifact uploaded: dist.zip (78MB)\n\u2713 Step 'setup' succeeded\nCoverage: 73% statements, 89% branches\n[12:50:48] DEBUG: Loading configuration\nGET /health - 200 (72ms)\nPlatform: darwin-arm64\nFAILED: test_api_health\nWaiting...\nArtifact downloaded: 36MB\n\u2713 All checks passed\nGET /api - 204 (36ms)\nCompiling lib/handler.rs...\nBundling styles.css\nInstalling eslint@5.13.4\nBuilding Docker image...\nTransforming 713 files...\nCache invalidated: build\nArtifact downloaded: 18MB\nUsing Node.js 17.16.7\n\u26a0 DEPRECATION: Feature will be removed in v5.0\nChecking out develop branch\n\u26a0 DEPRECATION: Feature will be removed in v5.0\nStep 11/25: Linting\nProcessing...\nCache miss for key-3313\n[12:50:48] DEBUG: Memory usage: 125MB\nRan 153 tests in 49s\nTLS handshake completed\nFetching submodules...\nGET /api - 200 (37ms)\nInstalling lodash@1.15.9\n[12:50:48] DEBUG: Loading configuration\nCache miss for key-1546\nTransforming 907 files...\nHEAD is now at 45d0c23\nWARNING: react has known vulnerabilities\nPOST /data - 200 (287ms)\nArtifact uploaded: build.tar.gz (19MB)\nTransforming 970 files...\nPlatform: win32-x64\nCoverage: 73% statements, 84% branches\nHEAD is now at 5cc656d\nFinished.\nTLS handshake completed\nGET /api - 204 (74ms)\n\u2713 All checks passed\nWaiting...\n\u2713 Step 'install' succeeded\n[12:50:48] INFO: Starting build process\nFetching from https://docker.io/package.json\nUsing Python 3.9\nPushing to registry...\nSnapshots: 31 passed, 14 total\n  PASS: e2e/test_api_health.spec.js\nCompleted.\npip: Downloading jest-1.8.tar.gz\nCache saved successfully\nNODE_ENV=development\n[12:50:48] INFO: Connecting to database\nCache restored successfully (334MB)\nUploading artifact 'build' (46 files)\n[12:50:48] DEBUG: Initializing service\nWARNING: express has known vulnerabilities\nFetching submodules...\n=== Step deploy_staging completed ===\n=== Step: setup_environment ===\nCompleted.\nCompiling utils/index.js...\nException: RuntimeError\nPushing to registry...\nUsing Node.js 19.16.8\nUploading artifact 'coverage' (27 files)\nnpm notice: created a lockfile\nFAILED: test_api_health\npip install: Successfully installed eslint-4.11\nTransforming 241 files...\nLoading...\n[12:50:48] INFO: Cache refreshed\nFinished.\nRan 54 tests in 3s\nCoverage: 72% statements, 82% branches\nWARNING: express has known vulnerabilities\nBundling main.js\n\u26a0 DEPRECATION: Feature will be removed in v3.0\nFinished.\nCache restored successfully (171MB)\nStep 14/18: Installing dependencies\nChecking out main branch\nLayer 8/10: RUN command\nTest Suites: 43 passed, 45 total\nStep 17/24: Deploying\n[12:50:48] ERROR: Connection failed\nProcessing...\nArtifact downloaded: 3MB\nAlready up to date.\nNODE_ENV=test\nTransforming 412 files...\nEnvironment: staging\nFAILED: test_user_create\n[12:50:48] DEBUG: Query executed in 91ms\n\u26a0 DEPRECATION: Feature will be removed in v4.0\nOptimizing 62 modules...\nyarn add: Done in 5.80s\nOptimizing 30 modules...\n\u2713 Task completed in 1070ms\n\u2713 Step 'test' succeeded\nWARNING: lodash has known vulnerabilities\n[12:50:48] WARN: Deprecated API usage\nTLS handshake completed\nFAILED: test_db_connect\n[12:50:48] INFO: Starting build process\nInstalling react@3.18.2\npip: Downloading express-5.4.tar.gz\nSnapshots: 9 passed, 50 total\nOK\nGET /status - 201 (64ms)\n[12:50:48] DEBUG: Loading configuration\nTest Suites: 7 passed, 11 total\nBundling vendor.css\nCache saved successfully\n\u2713 Step 'checkout' succeeded\n\u2713 build completed\nAlready up to date.\nFetching from https://googleapis.com/package.json\nGenerating source maps...\n  PASS: test_api_health (215ms)\nReady.\nCreating production build...\nHEAD is now at 857a353\nUsing Node.js 16.14.6\npip install: Successfully installed axios-3.20\n[12:50:48] INFO: Request completed\nGenerating source maps...\nCompleted.\nMinifying vendor.js\nCache invalidated: build\nCache miss for key-6883\nTest Suites: 12 passed, 20 total\nnpm install: added 81 packages\nOK\npip: Downloading jest-2.9.tar.gz\nCompleted.\npip: Collecting prettier\nHEAD is now at 955fb37\nCompiling lib/utils.go...\nPOST /upload - 202 (435ms)\nWaiting...\n\u2713 Task completed in 2193ms\nException: ValueError\nTime: 23.459s\nCache saved successfully\nnpm notice: package.json updated\nCache hit for key-1095\nCache hit for key-7374\nUsing Python 3.12\n\u2713 Step 'install' succeeded\nAlready up to date.\nLoading...\nStep 2/23: Deploying\nConnection established\nDone.\nEnvironment: staging\nConnection established\n[12:50:48] DEBUG: Initializing service\nCompiling utils/handler.rs...\nInstalling axios@1.14.5\n\u2713 test completed\nStep 8/17: Installing dependencies\nLayer 9/9: COPY command\n\u2713 Task completed in 2702ms\nSwitched to branch 'bugfix/task-484'\nCompiling lib/utils.go...\nCompiling lib/service.java...\nCache miss for key-2280\nTest Suites: 29 passed, 34 total\nCache hit for key-1769\n\u26a0 DEPRECATION: Feature will be removed in v4.0\npip: Collecting jest\n\u26a0 DEPRECATION: Feature will be removed in v5.0\nCompleted.\nCompleted.\nInstalling eslint@2.7.7\nSwitched to branch 'hotfix/task-788'\nGenerating source maps...\nStep 19/20: Running migrations\nTest Suites: 32 passed, 48 total\nnpm install: resolved 614 packages\nOptimizing 56 modules...\n[12:50:48] INFO: Starting build process\nProcessing...\nnpm notice: package.json updated\nMinifying app.js\n  PASS: test_api_health (279ms)\nStep 8/19: Installing dependencies\n\u26a0 DEPRECATION: Feature will be removed in v4.0\nStep 9/17: Linting\n[12:50:48] INFO: Starting build process\nStep 19/17: Installing dependencies\nWaiting...\nTest Suites: 42 passed, 46 total\nTransforming 857 files...\nTransforming 208 files...\nGenerating source maps...\nChecking out develop branch\n[12:50:48] DEBUG: Connection pool: 18 active\npip: Downloading axios-3.10.tar.gz\nCreating production build...\nInstalling axios@2.18.8\nStep 6/15: Testing\n[12:50:48] WARN: Deprecated API usage\nUsing Node.js 15.1.5\nNODE_ENV=production\nReady.\nCompiling components/index.js...\n[12:50:48] INFO: Starting build process\n  PASS: test_api_health (82ms)\nBundling vendor.css\nOptimizing 58 modules...\nNODE_ENV=production\nLoading...\n[12:50:48] DEBUG: Memory usage: 1848MB\nnpm notice: package.json updated\nFinished.\n\u2717 build failed with exit code 122\nLayer 5/9: RUN command\nCache saved successfully\nCompiling lib/service.java...\n\u2713 All checks passed\nTLS handshake completed\nUsing Python 3.10\nProcessing...\nnpm install: added 266 packages\nSuccess!\n[12:50:48] INFO: Cache refreshed\nInstalling jest@2.5.9\nGenerating source maps...\nStep 13/22: Building\nFinished.\n[12:50:48] WARN: Deprecated API usage\n[12:50:48] ERROR: Connection failed\n\u2713 package completed\nCache hit for key-2335\nCompiling components/index.js...\npip install: Successfully installed lodash-3.12\nInstalling express@5.5.7\nWaiting...\nNODE_ENV=development\n[12:50:48] WARN: Deprecated API usage\nCompiling src/service.java...\n  PASS: test_db_connect (416ms)\n[12:50:48] INFO: Processing request\nVerifying...\nWARNING: prettier has known vulnerabilities\nVerifying...\nCompiling components/service.java...\nGenerating source maps...\nWaiting...\n[12:50:48] INFO: Processing request\nyarn add: Done in 23.67s\nSuccess!\nCache saved successfully\n[12:50:48] DEBUG: Loading configuration\nSwitched to branch 'bugfix/task-610'\nArtifact uploaded: dist.zip (31MB)\nUsing Python 3.9\nCache saved successfully\nPushing to registry...\npip install: Successfully installed jest-2.10\nPulling image: node:latest\nLoading...\nReady.\nProcessing...\nCompiling lib/service.java...\nCache restored successfully (17MB)\nCache restored successfully (338MB)\nCompiling lib/index.js...\n  PASS: e2e/test_api_health.spec.js\n[12:50:48] INFO: Processing request\n  PASS: test_db_connect (365ms)\nReady.\n[12:50:48] INFO: Request completed\n=== Step setup_environment completed ===\n=== Step: setup_node ===\n  PASS: unit/test_cache_hit.spec.js\nChecking out master branch\nCompleted.\n[12:50:48] INFO: Starting build process\nHEAD is now at 4f7d1df\n[12:50:48] INFO: Starting build process\n\u2713 Step 'install' succeeded\nWaiting...\nUsing Python 3.9\nPlatform: win32-x64\n\u2713 Task completed in 4803ms\nSwitched to branch 'feature/task-596'\nWARNING: express has known vulnerabilities\npip: Downloading react-4.14.tar.gz\nStep 13/16: Building\nMinifying main.js\nChecking out main branch\n[12:50:48] INFO: Processing request\nException: ValueError\n[12:50:48] WARN: Deprecated API usage\nImage pulled successfully\nCompleted.\n[12:50:48] INFO: Connecting to database\nBuilding Docker image...\nCache miss for key-5802\nHEAD is now at a274034\nLayer 6/8: ENV command\nCompiling src/main.py...\nStep 16/23: Deploying\nArtifact uploaded: build.tar.gz (32MB)\nFetching submodules...\nFetching submodules...\n[12:50:48] DEBUG: Loading configuration\nArtifact downloaded: 20MB\nGET /health - 204 (54ms)\nFetching submodules...\n[12:50:48] INFO: Connecting to database\n[12:50:48] DEBUG: Initializing service\nProcessing...\nInstalling lodash@4.6.0\n[12:50:48] INFO: Request completed\nyarn add: Done in 29.90s\nWaiting...\n\u2713 Task completed in 841ms\nPushing to registry...\nFinished.\n  PASS: unit/test_api_health.spec.js\nOptimizing 49 modules...\n[12:50:48] WARN: Deprecated API usage\nStep 9/19: Deploying\nNODE_ENV=test\nSuccess!\nUploading artifact 'build' (2 files)\nTests: 168 passed, 66 total\nInstalling eslint@2.16.8\n[12:50:48] INFO: Processing request\nFetching from https://npmjs.org/package.json\nGenerating source maps...\nStep 14/15: Testing\nStep 20/17: Building\nBundling runtime.js\nCompiling src/index.js...\nStep 17/24: Testing\nEnvironment: production\nArtifact uploaded: dist.zip (7MB)\nStep 9/23: Deploying\nGET /health - 204 (40ms)\nLoading...\n\u2713 All checks passed\nImage pulled successfully\n[12:50:48] WARN: Deprecated API usage\n[12:50:48] DEBUG: Memory usage: 1821MB\n  PASS: integration/test_auth_login.spec.js\nConnection established\nnpm install: resolved 1591 packages\nGET /status - 200 (85ms)\nCoverage: 96% statements, 72% branches\nStep 16/25: Installing dependencies\nUsing Python 3.12\nChecking out master branch\n\u26a0 DEPRECATION: Feature will be removed in v2.0\n[12:50:48] INFO: Processing request\nReady.\nNODE_ENV=test\nTime: 61.328s\nCreating production build...\n\u2713 Step 'build' succeeded\nUsing Python 3.10\nnpm install: added 467 packages\nStep 15/25: Deploying\nMinifying app.js\nPOST /api - 201 (161ms)\nEnvironment: staging\nnpm install: added 152 packages\nEnvironment: development\nPlatform: darwin-arm64\nTLS handshake completed\nVerifying...\nCache restored successfully (416MB)\nWARNING: webpack has known vulnerabilities\nFinished.\nCache hit for key-3530\nCache saved successfully\nCache hit for key-3687\nStep 17/20: Building\n[12:50:48] INFO: Connecting to database\nOK\nLoading...\nGenerating source maps...\nStep 18/20: Linting\nUsing Python 3.11\nnpm notice: created a lockfile\npip install: Successfully installed react-4.5\n[12:50:48] INFO: Starting build process\n\u26a0 DEPRECATION: Feature will be removed in v2.0\nArtifact uploaded: dist.zip (14MB)\nTest Suites: 29 passed, 18 total\nPushing to registry...\nProcessing...\nMinifying vendor.js\npip install: Successfully installed jest-5.20\nConnection established\nAlready up to date.\nBundling styles.css\nWARNING: react has known vulnerabilities\nStep 15/16: Building\n[12:50:48] WARN: Deprecated API usage\nCompiling src/app.ts...\nStep 15/19: Deploying\nNODE_ENV=development\n[12:50:48] WARN: Deprecated API usage\nWARNING: webpack has known vulnerabilities\nProcessing...\n\u2713 Task completed in 4888ms\nAlready up to date.\n\u2717 build failed with exit code 16\nException: TypeError\nFAILED: test_auth_login\nCompiling components/utils.go...\nAlready up to date.\n\u2713 Step 'install' succeeded\nHEAD is now at f98dc18\n[12:50:48] DEBUG: Loading configuration\nnpm install: added 251 packages\nCache miss for key-6764\nStep 14/17: Running migrations\npip install: Successfully installed webpack-2.8\nCache restored successfully (419MB)\nFetching from https://docker.io/package.json\npip: Downloading eslint-4.19.tar.gz\nBundling vendor.js\n\u2713 build completed\nArtifact downloaded: 7MB\nUsing Python 3.9\nTime: 7.206s\nStep 1/23: Deploying\nProcessing...\nEnvironment: staging\n[12:50:48] DEBUG: Loading configuration\n\u26a0 DEPRECATION: Feature will be removed in v3.0\nGET /health - 201 (63ms)\npip install: Successfully installed react-3.9\nCache saved successfully\nException: RuntimeError\nStep 12/21: Installing dependencies\nDone.\nUsing Node.js 18.9.3\n[12:50:48] DEBUG: Initializing service\npip install: Successfully installed axios-2.3\nFetching from https://github.com/package.json\n[12:50:48] INFO: Processing request\nPOST /upload - 202 (137ms)\n[12:50:48] WARN: Deprecated API usage\nSuccess!\n[12:50:48] DEBUG: Memory usage: 1752MB\nyarn add: Done in 19.78s\nnpm install: added 336 packages\nVerifying...\n[12:50:48] INFO: Connecting to database\n\u26a0 DEPRECATION: Feature will be removed in v2.0\nStep 12/21: Building\nnpm notice: created a lockfile\nUploading artifact 'build' (31 files)\n[12:50:48] DEBUG: Query executed in 26ms\nCache invalidated: dependencies\nRan 90 tests in 49s\nWaiting...\n[12:50:48] WARN: Deprecated API usage\nUsing Node.js 18.15.3\nTests: 75 passed, 335 total\nTLS handshake completed\n\u2713 All checks passed\nTests: 323 passed, 154 total\nArtifact uploaded: build.tar.gz (28MB)\nWARNING: axios has known vulnerabilities\n[12:50:48] INFO: Processing request\nMinifying vendor.js\nPushing to registry...\nStep 14/17: Building\nCompiling lib/utils.go...\nMinifying app.js\nOptimizing 43 modules...\nSnapshots: 47 passed, 47 total\nyarn add: Done in 27.25s\n\u2713 All checks passed\nConnection established\nCompiling utils/utils.go...\npip: Installing build dependencies...\nInstalling axios@4.13.8\nUsing Python 3.11\npip: Downloading axios-3.12.tar.gz\nStep 20/19: Linting\nProcessing...\nSwitched to branch 'hotfix/task-282'\nArtifact uploaded: build.tar.gz (2MB)\n=== Step setup_node completed ===\n=== Step: lint ===\n[12:50:48] ERROR: Connection failed\nGET /api - 200 (76ms)\n\u26a0 DEPRECATION: Feature will be removed in v2.0\nStep 8/20: Running migrations\nOK\nBundling vendor.css\nVerifying...\nCache miss for key-1849\nnpm notice: created a lockfile\nConnection established\nStep 1/15: Testing\n  PASS: integration/test_cache_hit.spec.js\nStep 10/25: Testing\nArtifact uploaded: build.tar.gz (48MB)\nnpm install: resolved 508 packages\nnpm install: added 497 packages\nnpm install: resolved 1436 packages\nWARNING: prettier has known vulnerabilities\nCompiling src/handler.rs...\nStep 1/24: Deploying\nImage pulled successfully\nSuccess!\n\u2713 deploy completed\nArtifact uploaded: build.tar.gz (11MB)\nCreating production build...\nHEAD is now at 1204207\nCompiling components/app.ts...\nCompiling lib/handler.rs...\nCache miss for key-5943\n\u26a0 DEPRECATION: Feature will be removed in v4.0\nWARNING: jest has known vulnerabilities\nCompiling src/handler.rs...\nArtifact uploaded: dist.zip (56MB)\n\u2717 build failed with exit code 75\n[12:50:48] DEBUG: Initializing service\nnpm notice: package.json updated\nWARNING: eslint has known vulnerabilities\nnpm notice: package.json updated\nCompiling lib/app.ts...\nOptimizing 70 modules...\nCoverage: 72% statements, 95% branches\nArtifact downloaded: 25MB\nWARNING: lodash has known vulnerabilities\nInstalling lodash@4.20.4\nStep 17/24: Building\nCache restored successfully (443MB)\nUsing Node.js 20.8.9\nSnapshots: 1 passed, 4 total\nCache restored successfully (227MB)\nStep 18/16: Installing dependencies\nOptimizing 26 modules...\nLoading...\nStep 6/21: Installing dependencies\nEnvironment: staging\nCache hit for key-5938\nCompiling lib/service.java...\npip: Downloading webpack-5.0.tar.gz\nCompiling utils/index.js...\nBundling main.css\nTime: 69.17s\nCreating production build...\n[12:50:48] INFO: Request completed\nOptimizing 22 modules...\nTLS handshake completed\n[12:50:48] INFO: Starting build process\n[12:50:48] WARN: Deprecated API usage\nCompiling components/index.js...\nDone.\nSwitched to branch 'hotfix/task-285'\nTransforming 937 files...\npip: Downloading lodash-2.7.tar.gz\nStep 15/21: Testing\nCompiling utils/app.ts...\nMinifying main.js\n[12:50:48] WARN: Deprecated API usage\n\u2713 All checks passed\nHEAD is now at a88739c\n[12:50:48] WARN: Deprecated API usage\nAlready up to date.\nLayer 6/12: ENV command\nnpm install: added 249 packages\nWARNING: webpack has known vulnerabilities\nDone.\npip: Installing build dependencies...\nChecking out master branch\nPOST /data - 202 (440ms)\nException: NullPointerException\nStep 6/25: Linting\nTests: 299 passed, 299 total\n\u26a0 DEPRECATION: Feature will be removed in v5.0\nConnection established\nTransforming 515 files...\n[12:50:48] INFO: Connecting to database\n\u2713 All checks passed\nnpm install: added 459 packages\nStep 5/17: Testing\nWARNING: jest has known vulnerabilities\n[12:50:48] ERROR: Connection failed\nTLS handshake completed\npip: Downloading lodash-1.3.tar.gz\npip: Installing build dependencies...\nFetching submodules...\nStep 12/24: Testing\nnpm install: added 481 packages\nInstalling webpack@2.3.10\npip install: Successfully installed eslint-1.13\nNODE_ENV=production\nWaiting...\nCompiling components/app.ts...\n[12:50:48] DEBUG: Memory usage: 666MB\nBuilding Docker image...\nRan 97 tests in 35s\nFetching from https://githubusercontent.com/package.json\nArtifact downloaded: 13MB\n[12:50:48] INFO: Connecting to database\nTLS handshake completed\nWARNING: prettier has known vulnerabilities\nUsing Node.js 17.10.5\nStep 12/19: Building\nArtifact downloaded: 42MB\nCache invalidated: dependencies\nLoading...\nProcessing...\nnpm notice: package.json updated\nWARNING: jest has known vulnerabilities\nStep 12/19: Running migrations\nCache restored successfully (432MB)\nRan 152 tests in 48s\nRan 32 tests in 15s\n[12:50:48] WARN: Deprecated API usage\n[12:50:48] WARN: Deprecated API usage\nRan 85 tests in 44s\nReady.\nTime: 34.352s\nLoading...\nStep 10/25: Installing dependencies\nCreating production build...\n  PASS: e2e/test_user_create.spec.js\n  PASS: e2e/test_api_health.spec.js\nnpm install: resolved 574 packages\nTests: 261 passed, 441 total\nFetching from https://npmjs.org/package.json\nStep 1/18: Running migrations\n  PASS: unit/test_user_create.spec.js\n  PASS: test_cache_hit (341ms)\nArtifact uploaded: dist.zip (21MB)\nGenerating source maps...\n\u26a0 DEPRECATION: Feature will be removed in v4.0\nCompiling utils/service.java...\nChecking out develop branch\nCompiling lib/utils.go...\n\u2717 build failed with exit code 103\n[12:50:48] INFO: Processing request\nGET /health - 200 (56ms)\nFAILED: test_api_health\nChecking out main branch\nCompiling components/index.js...\nPOST /data - 202 (290ms)\nFAILED: test_api_health\nUsing Python 3.9\nNODE_ENV=development\nOK\nArtifact uploaded: build.tar.gz (20MB)\nFetching submodules...\nFinished.\nFinished.\nProcessing...\nUsing Python 3.10\nArtifact uploaded: build.tar.gz (7MB)\n[12:50:48] DEBUG: Memory usage: 1195MB\nCache invalidated: dependencies\nStep 18/19: Running migrations\nCache restored successfully (275MB)\n\u2713 All checks passed\nMinifying app.js\nImage pulled successfully\nDone.\n[12:50:48] INFO: Request completed\nProcessing...\nAlready up to date.\nFAILED: test_db_connect\n[12:50:48] INFO: Request completed\nImage pulled successfully\n[12:50:48] INFO: Processing request\nyarn add: Done in 16.13s\nSwitched to branch 'bugfix/task-168'\nCompiling src/handler.rs...\n[12:50:48] DEBUG: Query executed in 66ms\nPOST /data - 201 (160ms)\n[12:50:48] INFO: Cache refreshed\n[12:50:48] INFO: Starting build process\n[12:50:48] DEBUG: Loading configuration\nSuccess!\nEnvironment: development\n[12:50:48] INFO: Cache refreshed\nArtifact uploaded: build.tar.gz (42MB)\nReady.\nLoading...\nAlready up to date.\nNODE_ENV=development\nOptimizing 27 modules...\npip install: Successfully installed axios-3.7\nnpm notice: package.json updated\nUsing Node.js 17.2.7\nCompiling utils/app.ts...\nException: RuntimeError\n\u2713 All checks passed\n[12:50:48] INFO: Request completed\nGET /api - 201 (55ms)\nPushing to registry...\n  PASS: integration/test_cache_hit.spec.js\nCache restored successfully (58MB)\n[12:50:48] DEBUG: Initializing service\npip: Downloading prettier-5.11.tar.gz\nFinished.\n=== Step lint completed ===\n=== Step: checkout ===\npip: Collecting express\nSuccess!\nStep 11/17: Running migrations\n\u26a0 DEPRECATION: Feature will be removed in v4.0\nMinifying app.js\nCompiling lib/service.java...\nProcessing...\nUsing Python 3.12\nFetching from https://amazonaws.com/package.json\nWARNING: jest has known vulnerabilities\n  PASS: test_user_create (375ms)\nTest Suites: 5 passed, 31 total\nHEAD is now at 7025a00\nTest Suites: 5 passed, 30 total\nSuccess!\n[12:50:48] INFO: Processing request\nArtifact uploaded: dist.zip (54MB)\nTime: 1.447s\n\u26a0 DEPRECATION: Feature will be removed in v2.0\nSwitched to branch 'hotfix/task-484'\nNODE_ENV=test\nGenerating source maps...\nStep 7/24: Building\nEnvironment: production\nFinished.\nPOST /api - 202 (397ms)\nFinished.\nEnvironment: test\nArtifact downloaded: 14MB\nPOST /data - 200 (215ms)\n[12:50:48] DEBUG: Query executed in 60ms\nLayer 4/13: RUN command\nUsing Python 3.12\n\u2713 Task completed in 1828ms\n\u2713 Step 'install' succeeded\nTLS handshake completed\nChecking out develop branch\nFinished.\nPushing to registry...\nOK\nOK\n[12:50:48] DEBUG: Initializing service\nProcessing...\nTime: 50.273s\n\u2713 All checks passed\nWARNING: axios has known vulnerabilities\nStep 16/25: Running migrations\nProcessing...\nVerifying...\n[12:50:48] INFO: Connecting to database\nException: ValueError\nPulling image: node:18\nStep 17/25: Running migrations\nStep 4/19: Running migrations\nWaiting...\nChecking out main branch\nCompiling src/handler.rs...\nBuilding Docker image...\nConnection established\n\u2717 build failed with exit code 73\n\u2713 package completed\nChecking out develop branch\nnpm notice: package.json updated\nHEAD is now at 0c390dd\nCache restored successfully (447MB)\nWaiting...\nRan 106 tests in 31s\nAlready up to date.\npip: Collecting webpack\nnpm install: resolved 1087 packages\n\u26a0 DEPRECATION: Feature will be removed in v4.0\nGenerating source maps...\nBundling styles.css\n[12:50:48] INFO: Starting build process\nCreating production build...\nStep 15/19: Linting\nCache invalidated: node_modules\npip install: Successfully installed react-5.7\nArtifact downloaded: 47MB\npip: Installing build dependencies...\nCreating production build...\nPulling image: alpine:3.11\n[12:50:48] DEBUG: Initializing service\nArtifact uploaded: build.tar.gz (43MB)\nDone.\nOK\nTransforming 253 files...\npip install: Successfully installed react-1.8\nOK\nWARNING: axios has known vulnerabilities\nCache invalidated: node_modules\nSnapshots: 48 passed, 21 total\nStep 1/16: Deploying\nFetching submodules...\nCompiling lib/service.java...\nPlatform: linux-x64\nnpm notice: created a lockfile\nnpm notice: created a lockfile\nTime: 20.311s\n[12:50:48] WARN: Deprecated API usage\n\u2713 deploy completed\nPlatform: linux-x64\nPlatform: linux-x64\nBundling runtime.css\nPOST /upload - 200 (406ms)\nCompiling utils/main.py...\nStep 20/24: Building\nUploading artifact 'coverage' (24 files)\nCompiling lib/main.py...\nProcessing...\n  PASS: integration/test_api_health.spec.js\nyarn add: Done in 23.91s\nTransforming 500 files...\nPlatform: linux-x64\n\u2713 Step 'setup' succeeded\nOptimizing 65 modules...\nVerifying...\n\u2713 Task completed in 4016ms\nUploading artifact 'dist' (7 files)\nBundling runtime.css\nPushing to registry...\nTLS handshake completed\n[12:50:48] WARN: Deprecated API usage\nVerifying...\n[12:50:48] INFO: Connecting to database\nAlready up to date.\nCreating production build...\nStep 2/15: Installing dependencies\nWaiting...\n[12:50:48] DEBUG: Loading configuration\n\u2713 All checks passed\nFAILED: test_auth_login\nStep 10/25: Running migrations\n[12:50:48] DEBUG: Loading configuration\n[12:50:48] DEBUG: Memory usage: 733MB\nChecking out develop branch\nImage pulled successfully\nSuccess!\nStep 5/19: Building\nReady.\nProcessing...\nFinished.\nUsing Node.js 18.6.8\nUsing Python 3.10\n[12:50:48] WARN: Deprecated API usage\nProcessing...\nnpm notice: package.json updated\n\u26a0 DEPRECATION: Feature will be removed in v4.0\n[12:50:48] DEBUG: Connection pool: 3 active\n[12:50:48] ERROR: Connection failed\nWARNING: axios has known vulnerabilities\n\u26a0 DEPRECATION: Feature will be removed in v3.0\nGenerating source maps...\nInstalling lodash@5.16.0\nConnection established\nCompiling utils/utils.go...\nMinifying vendor.js\nCompiling lib/handler.rs...\nStep 20/18: Installing dependencies\nCache restored successfully (264MB)\nPlatform: darwin-arm64\nGET /api - 204 (64ms)\nReady.\nCoverage: 86% statements, 94% branches\nProcessing...\nNODE_ENV=production\nCompleted.\nSnapshots: 36 passed, 18 total\nPlatform: darwin-arm64\nCreating production build...\n  PASS: test_db_connect (74ms)\n[12:50:48] DEBUG: Query executed in 78ms\nReady.\nStep 4/17: Running migrations\n[12:50:48] WARN: Deprecated API usage\nException: ValueError\nSnapshots: 34 passed, 49 total\nFAILED: test_db_connect\nPulling image: python:18\nEnvironment: staging\nNODE_ENV=test\npip: Installing build dependencies...\nEnvironment: production\n[12:50:48] INFO: Processing request\nSuccess!\nSwitched to branch 'bugfix/task-961'\nVerifying...\nPOST /upload - 200 (420ms)\nFetching submodules...\nTransforming 845 files...\nCache restored successfully (47MB)\npip install: Successfully installed webpack-2.10\nnpm notice: package.json updated\nTests: 339 passed, 296 total\n[12:50:48] WARN: Deprecated API usage\nCache restored successfully (396MB)\n[12:50:48] INFO: Processing request\nCompiling lib/app.ts...\npip: Collecting eslint\nStep 17/20: Building\nUsing Python 3.10\nSuccess!\nCache restored successfully (158MB)\nOptimizing 79 modules...\npip: Downloading react-1.8.tar.gz\nWaiting...\n[12:50:48] WARN: Deprecated API usage\nTLS handshake completed\n[12:50:48] INFO: Cache refreshed\nCreating production build...\nCompiling utils/app.ts...\nProcessing...\npip: Downloading webpack-3.10.tar.gz\nPushing to registry...\nStep 1/15: Deploying\n=== Step checkout completed ===\n=== Step: build ===\nTransforming 372 files...\nInstalling express@2.3.9\nCompleted.\nArtifact uploaded: build.tar.gz (28MB)\nnpm notice: package.json updated\nRan 61 tests in 41s\n[12:50:48] INFO: Processing request\nPOST /api - 201 (404ms)\n[12:50:48] INFO: Connecting to database\nInstalling jest@5.10.6\nInstalling jest@2.14.0\nCoverage: 73% statements, 68% branches\nTest Suites: 17 passed, 48 total\nReady.\nCompiling lib/service.java...\nnpm notice: created a lockfile\nnpm notice: package.json updated\npip: Downloading jest-4.12.tar.gz\n\u26a0 DEPRECATION: Feature will be removed in v5.0\nStep 15/19: Building\nCompiling lib/handler.rs...\nStep 2/19: Linting\n  PASS: test_db_connect (39ms)\npip: Installing build dependencies...\nWaiting...\nTest Suites: 32 passed, 18 total\n[12:50:48] INFO: Cache refreshed\nCreating production build...\nnpm install: resolved 1481 packages\nCoverage: 97% statements, 73% branches\nOK\nNODE_ENV=test\n\u26a0 DEPRECATION: Feature will be removed in v4.0\n[12:50:48] INFO: Starting build process\nRan 66 tests in 50s\nPlatform: win32-x64\n\u2713 All checks passed\nArtifact downloaded: 6MB\nArtifact uploaded: dist.zip (37MB)\nReady.\n\u2713 validate completed\nAlready up to date.\nDone.\n[12:50:48] INFO: Starting build process\nEnvironment: staging\nArtifact uploaded: dist.zip (30MB)\nStep 8/18: Running migrations\nFetching submodules...\nRan 143 tests in 52s\n[12:50:48] DEBUG: Loading configuration\n[12:50:48] INFO: Processing request\nCompiling components/main.py...\nException: ValueError\nTransforming 191 files...\n[12:50:48] INFO: Connecting to database\nLayer 8/10: ENV command\n[12:50:48] WARN: Deprecated API usage\n\u2713 Task completed in 2655ms\nWARNING: express has known vulnerabilities\nArtifact uploaded: build.tar.gz (16MB)\n[12:50:48] DEBUG: Connection pool: 1 active\nCache restored successfully (252MB)\n[12:50:48] DEBUG: Query executed in 28ms\n\u2713 Step 'install' succeeded\n[12:50:48] DEBUG: Loading configuration\nTransforming 977 files...\n[12:50:48] INFO: Cache refreshed\nStep 2/23: Running migrations\n\u2713 Step 'install' succeeded\nFAILED: test_auth_login\nCache hit for key-8916\nWARNING: webpack has known vulnerabilities\nCreating production build...\nPushing to registry...\nCache miss for key-1494\nHEAD is now at 6b27213\nInstalling jest@3.4.6\nNODE_ENV=test\nEnvironment: staging\nConnection established\npip install: Successfully installed react-1.12\nCache saved successfully\nUsing Python 3.11\n  PASS: test_api_health (121ms)\npip install: Successfully installed jest-2.6\nDone.\nFAILED: test_auth_login\n[12:50:48] INFO: Cache refreshed\npip: Collecting jest\nUsing Node.js 20.1.4\n[12:50:48] WARN: Deprecated API usage\nCompleted.\nPOST /api - 202 (445ms)\nGenerating source maps...\npip install: Successfully installed jest-4.2\nPOST /upload - 200 (196ms)\nVerifying...\n\u2713 Task completed in 2321ms\nConnection established\nArtifact uploaded: build.tar.gz (46MB)\nCompiling src/index.js...\n[12:50:48] INFO: Request completed\nUsing Python 3.9\nFAILED: test_cache_hit\nCompleted.\nCache restored successfully (397MB)\nSwitched to branch 'feature/task-121'\nInstalling eslint@5.6.0\nGenerating source maps...\nTLS handshake completed\nReady.\nWARNING: express has known vulnerabilities\n[12:50:48] WARN: Deprecated API usage\nGET /status - 201 (87ms)\nPOST /upload - 200 (253ms)\npip: Downloading eslint-4.12.tar.gz\nEnvironment: development\nPOST /upload - 200 (193ms)\nStep 7/21: Installing dependencies\nHEAD is now at 7b7098c\nCompiling src/app.ts...\nArtifact uploaded: dist.zip (2MB)\n[12:50:48] DEBUG: Loading configuration\n[12:50:48] DEBUG: Memory usage: 946MB\nPushing to registry...\nnpm notice: package.json updated\nSnapshots: 0 passed, 29 total\nStep 9/24: Linting\nPlatform: linux-x64\nCompiling lib/handler.rs...\npip: Downloading webpack-4.10.tar.gz\nArtifact uploaded: build.tar.gz (9MB)\nFinished.\nArtifact downloaded: 30MB\npip: Collecting express\n[12:50:48] DEBUG: Initializing service\nBundling main.css\nTest Suites: 35 passed, 28 total\n[12:50:48] DEBUG: Loading configuration\nChecking out master branch\n[12:50:48] INFO: Request completed\nDone.\n[12:50:48] DEBUG: Connection pool: 17 active\nCache saved successfully\n[12:50:48] INFO: Processing request\nFetching submodules...\nTime: 81.389s\nEnvironment: production\nUploading artifact 'coverage' (10 files)\nGET /health - 204 (78ms)\nVerifying...\nLayer 5/11: ENV command\n[12:50:48] DEBUG: Connection pool: 20 active\n[12:50:48] DEBUG: Query executed in 48ms\n[12:50:48] WARN: Deprecated API usage\nReady.\nSwitched to branch 'hotfix/task-810'\nHEAD is now at bd0c5bc\nOK\nCompiling utils/handler.rs...\nCreating production build...\nTime: 98.86s\nTLS handshake completed\n[12:50:48] INFO: Connecting to database\nException: TypeError\n[12:50:48] WARN: Deprecated API usage\nAlready up to date.\nLayer 10/12: ENV command\n  PASS: unit/test_api_health.spec.js\n[12:50:48] DEBUG: Query executed in 66ms\nPushing to registry...\nLayer 1/15: ENV command\n\u2713 Step 'build' succeeded\nRan 192 tests in 16s\n\u2713 All checks passed\nArtifact downloaded: 23MB\nyarn add: Done in 3.93s\nWaiting...\nCache hit for key-7645\nBundling main.css\nBundling styles.js\nStep 19/15: Testing\nStep 12/17: Testing\nFinished.\nCache hit for key-6521\nStep 20/18: Deploying\n\u26a0 DEPRECATION: Feature will be removed in v4.0\nPlatform: linux-x64\nReady.\nMinifying vendor.js\nCache hit for key-6149\nCompiling utils/index.js...\nInstalling jest@1.20.4\nCache saved successfully\nStep 7/21: Building\nTest Suites: 48 passed, 33 total\nStep 1/22: Deploying\nSwitched to branch 'feature/task-321'\npip: Installing build dependencies...\nHEAD is now at 2aa34a2\nCompiling lib/index.js...\nStep 15/24: Deploying\nCompiling src/index.js...\n\u26a0 DEPRECATION: Feature will be removed in v2.0\nWARNING: prettier has known vulnerabilities\nnpm install: added 343 packages\nnpm install: added 409 packages\npip: Collecting webpack\n[12:50:48] DEBUG: Initializing service\nnpm install: added 374 packages\n[12:50:48] ERROR: Connection failed\n[12:50:48] WARN: Deprecated API usage\nProcessing...\n\u2713 Step 'build' succeeded\n  PASS: test_api_health (63ms)\n=== Step build completed ===\n=== Step: upload_artifacts ===\nException: NullPointerException\n[12:50:48] DEBUG: Initializing service\nStep 6/24: Running migrations\nCache invalidated: node_modules\nNODE_ENV=test\nTests: 140 passed, 265 total\nStep 11/15: Linting\nUploading artifact 'dist' (47 files)\nSnapshots: 32 passed, 49 total\nFinished.\n\u2713 All checks passed\n\u26a0 DEPRECATION: Feature will be removed in v5.0\n\u2713 Task completed in 4519ms\n  PASS: test_cache_hit (287ms)\nTransforming 300 files...\nTransforming 724 files...\nUploading artifact 'build' (8 files)\nLayer 8/11: RUN command\nArtifact uploaded: build.tar.gz (5MB)\nLoading...\nRan 119 tests in 41s\nFAILED: test_api_health\nPulling image: python:latest\nSwitched to branch 'bugfix/task-225'\n  PASS: unit/test_cache_hit.spec.js\nDone.\nSwitched to branch 'feature/task-353'\n\u2713 Task completed in 4745ms\nCache saved successfully\n[12:50:48] DEBUG: Connection pool: 3 active\n\u26a0 DEPRECATION: Feature will be removed in v3.0\nOptimizing 44 modules...\n[12:50:48] INFO: Starting build process\n\u2713 All checks passed\nFetching from https://githubusercontent.com/package.json\nTest Suites: 24 passed, 8 total\nTransforming 206 files...\n[12:50:48] INFO: Connecting to database\nBuilding Docker image...\nGET /api - 200 (52ms)\nPlatform: linux-x64\nFetching from https://pypi.org/package.json\nPushing to registry...\nCompiling utils/utils.go...\nGET /api - 200 (51ms)\npip install: Successfully installed prettier-4.1\nTime: 22.443s\nSuccess!\nStep 2/23: Installing dependencies\nTest Suites: 42 passed, 47 total\nCache saved successfully\nNODE_ENV=test\nFAILED: test_user_create\nVerifying...\nSwitched to branch 'bugfix/task-968'\nArtifact uploaded: dist.zip (69MB)\nPlatform: win32-x64\nRan 134 tests in 18s\n[12:50:48] INFO: Request completed\nArtifact uploaded: dist.zip (45MB)\nnpm install: added 347 packages\n[12:50:48] INFO: Cache refreshed\nBuilding Docker image...\nHEAD is now at b9f0ea1\npip: Installing build dependencies...\nInstalling axios@1.5.2\nCompiling components/service.java...\n\u2713 Task completed in 4142ms\nUsing Python 3.12\nGET /api - 201 (60ms)\npip: Installing build dependencies...\nStep 12/24: Running migrations\nnpm notice: package.json updated\n[12:50:48] DEBUG: Loading configuration\nStep 11/19: Testing\n  PASS: e2e/test_db_connect.spec.js\nStep 13/16: Linting\nConnection established\nBundling vendor.css\nStep 13/23: Linting\nStep 9/20: Testing\n[12:50:48] INFO: Starting build process\nTest Suites: 31 passed, 36 total\nnpm notice: created a lockfile\n[12:50:48] DEBUG: Loading configuration\n\u2717 build failed with exit code 109\nSuccess!\nFinished.\nOK\nFetching submodules...\nStep 7/25: Testing\nDone.\nTransforming 299 files...\n[12:50:48] INFO: Request completed\nnpm install: added 432 packages\nSuccess!\n[12:50:48] WARN: Deprecated API usage\nCompleted.\nProcessing...\n\u26a0 DEPRECATION: Feature will be removed in v2.0\nCompleted.\nFetching submodules...\nPulling image: alpine:latest\n\u2713 package completed\nFetching from https://registry.npmjs.org/package.json\nArtifact uploaded: build.tar.gz (13MB)\n[12:50:48] INFO: Cache refreshed\n\u2713 All checks passed\n\u26a0 DEPRECATION: Feature will be removed in v3.0\nBundling vendor.js\nProcessing...\nStep 12/15: Running migrations\nReady.\nGET /api - 204 (35ms)\nEnvironment: test\nWARNING: react has known vulnerabilities\nTLS handshake completed\nHEAD is now at 8ddefaa\nTime: 106.964s\nTest Suites: 19 passed, 14 total\n[12:50:48] INFO: Request completed\nCache saved successfully\nWARNING: jest has known vulnerabilities\nReady.\npip: Installing build dependencies...\nCompiling src/index.js...\nCompiling components/service.java...\nPlatform: linux-x64\n[12:50:48] ERROR: Connection failed\n[12:50:48] INFO: Starting build process\n[12:50:48] ERROR: Connection failed\n[12:50:48] DEBUG: Connection pool: 7 active\nReady.\nGET /status - 201 (46ms)\nArtifact downloaded: 48MB\nGenerating source maps...\n[12:50:48] INFO: Starting build process\nCompiling utils/utils.go...\nTLS handshake completed\n\u2713 build completed\nCompiling lib/service.java...\n\u2713 All checks passed\nInstalling eslint@3.13.7\n[12:50:48] INFO: Request completed\n[12:50:48] ERROR: Connection failed\nCoverage: 93% statements, 69% branches\n\u26a0 DEPRECATION: Feature will be removed in v2.0\nnpm notice: package.json updated\nOptimizing 97 modules...\nCompiling src/service.java...\nDone.\n\u26a0 DEPRECATION: Feature will be removed in v2.0\nStep 9/19: Running migrations\n\u26a0 DEPRECATION: Feature will be removed in v2.0\nTests: 411 passed, 477 total\n\u2713 Task completed in 3880ms\nnpm notice: package.json updated\n[12:50:48] DEBUG: Query executed in 74ms\nTests: 94 passed, 137 total\nVerifying...\n[12:50:48] INFO: Starting build process\n  PASS: test_db_connect (388ms)\nFetching submodules...\nLoading...\nSuccess!\n[12:50:48] ERROR: Connection failed\nBundling main.css\nHEAD is now at a0dc25d\n\u2717 build failed with exit code 122\nnpm notice: created a lockfile\nImage pulled successfully\n\u2713 Step 'test' succeeded\nWARNING: jest has known vulnerabilities\nTLS handshake completed\nArtifact uploaded: dist.zip (93MB)\nArtifact uploaded: dist.zip (84MB)\nArtifact uploaded: dist.zip (96MB)\nTests: 247 passed, 420 total\nTest Suites: 20 passed, 32 total\nStep 3/16: Building\n[12:50:48] DEBUG: Loading configuration\nnpm notice: package.json updated\nCache hit for key-7796\nTime: 105.848s\nDone.\nTest Suites: 29 passed, 36 total\nyarn add: Done in 29.94s\nInstalling webpack@4.19.9\nStep 19/25: Running migrations\nSwitched to branch 'feature/task-569'\nConnection established\nRan 116 tests in 13s\nStep 16/21: Running migrations\nnpm notice: created a lockfile\nPushing to registry...\nInstalling react@5.5.4\nMinifying app.js\nnpm install: resolved 1918 packages\n\u2713 All checks passed\n[12:50:48] DEBUG: Initializing service\npip install: Successfully installed eslint-4.10\nnpm notice: created a lockfile\nProcessing...\nUsing Python 3.11\nLoading...\nArtifact uploaded: dist.zip (93MB)\nnpm install: resolved 550 packages\nnpm install: added 231 packages\nChecking out main branch\n\u26a0 DEPRECATION: Feature will be removed in v4.0\nGenerating source maps...\n[12:50:48] DEBUG: Memory usage: 1326MB\nOptimizing 42 modules...\nStep 18/16: Linting\nnpm install: resolved 1804 packages\n=== Step upload_artifacts completed ===",
    "steps": [
      {
        "name": "unit_tests",
        "status": "success",
        "started_at": "2025-12-07T12:50:47.884709",
        "finished_at": "2025-12-07T12:51:00.753364",
        "log_lines": [
          "=== Step: unit_tests ===",
          "Step 13/22: Running migrations",
          "Building Docker image...",
          "Time: 17.62s",
          "WARNING: axios has known vulnerabilities",
          "\u2713 lint completed",
          "Coverage: 78% statements, 72% branches",
          "Platform: darwin-arm64",
          "Ran 12 tests in 1s",
          "Uploading artifact 'dist' (23 files)",
          "WARNING: express has known vulnerabilities",
          "[12:50:47] DEBUG: Connection pool: 20 active",
          "Completed.",
          "npm notice: created a lockfile",
          "Connection established",
          "Ready.",
          "Exception: TypeError",
          "POST /upload - 201 (229ms)",
          "[12:50:47] WARN: Deprecated API usage",
          "Waiting...",
          "[12:50:47] INFO: Connecting to database",
          "npm install: resolved 1256 packages",
          "Already up to date.",
          "Step 10/18: Deploying",
          "[12:50:47] DEBUG: Memory usage: 1449MB",
          "GET /api - 200 (61ms)",
          "[12:50:47] INFO: Cache refreshed",
          "Compiling components/main.py...",
          "\u2713 All checks passed",
          "Cache restored successfully (204MB)",
          "Compiling components/app.ts...",
          "Already up to date.",
          "Pushing to registry...",
          "npm notice: created a lockfile",
          "Finished.",
          "Cache restored successfully (200MB)",
          "pip: Downloading jest-4.11.tar.gz",
          "  PASS: test_user_create (399ms)",
          "Ran 119 tests in 41s",
          "Already up to date.",
          "Processing...",
          "Fetching from https://googleapis.com/package.json",
          "[12:50:47] DEBUG: Connection pool: 3 active",
          "Minifying vendor.js",
          "GET /status - 201 (85ms)",
          "Step 7/17: Deploying",
          "OK",
          "TLS handshake completed",
          "npm install: added 81 packages",
          "Cache invalidated: build",
          "Minifying main.js",
          "[12:50:47] INFO: Request completed",
          "[12:50:47] INFO: Cache refreshed",
          "pip: Downloading prettier-3.5.tar.gz",
          "[12:50:47] INFO: Request completed",
          "\u2713 deploy completed",
          "Platform: darwin-arm64",
          "npm notice: created a lockfile",
          "Ready.",
          "\u26a0 DEPRECATION: Feature will be removed in v4.0",
          "[12:50:47] DEBUG: Loading configuration",
          "Pulling image: python:18",
          "Step 13/21: Running migrations",
          "\u26a0 DEPRECATION: Feature will be removed in v3.0",
          "HEAD is now at cb2e3a1",
          "Artifact downloaded: 8MB",
          "[12:50:47] DEBUG: Query executed in 37ms",
          "Switched to branch 'feature/task-849'",
          "Transforming 767 files...",
          "[12:50:47] INFO: Cache refreshed",
          "Test Suites: 28 passed, 14 total",
          "Cache saved successfully",
          "Cache saved successfully",
          "OK",
          "Step 11/24: Linting",
          "[12:50:47] DEBUG: Loading configuration",
          "[12:50:47] DEBUG: Loading configuration",
          "[12:50:47] DEBUG: Query executed in 87ms",
          "Cache miss for key-2052",
          "pip install: Successfully installed axios-2.10",
          "  PASS: e2e/test_auth_login.spec.js",
          "[12:50:47] DEBUG: Query executed in 62ms",
          "\u26a0 DEPRECATION: Feature will be removed in v2.0",
          "Already up to date.",
          "[12:50:47] INFO: Cache refreshed",
          "Step 9/15: Running migrations",
          "Step 1/18: Installing dependencies",
          "Processing...",
          "Installing eslint@1.5.0",
          "pip: Collecting jest",
          "Exception: ValueError",
          "Ready.",
          "Artifact uploaded: dist.zip (82MB)",
          "pip: Collecting lodash",
          "pip: Collecting jest",
          "[12:50:47] WARN: Deprecated API usage",
          "[12:50:47] WARN: Deprecated API usage",
          "Compiling src/handler.rs...",
          "Processing...",
          "Image pulled successfully",
          "yarn add: Done in 19.99s",
          "[12:50:47] DEBUG: Connection pool: 7 active",
          "Step 16/17: Running migrations",
          "Artifact uploaded: dist.zip (32MB)",
          "Artifact downloaded: 15MB",
          "Checking out master branch",
          "Generating source maps...",
          "[12:50:47] INFO: Processing request",
          "[12:50:47] DEBUG: Query executed in 92ms",
          "npm notice: created a lockfile",
          "npm notice: package.json updated",
          "TLS handshake completed",
          "[12:50:47] WARN: Deprecated API usage",
          "Fetching submodules...",
          "yarn add: Done in 2.75s",
          "[12:50:47] DEBUG: Memory usage: 1786MB",
          "Step 8/18: Building",
          "[12:50:47] INFO: Starting build process",
          "Pushing to registry...",
          "npm install: added 148 packages",
          "Environment: production",
          "npm install: added 25 packages",
          "[12:50:47] DEBUG: Initializing service",
          "Transforming 556 files...",
          "pip: Collecting jest",
          "pip install: Successfully installed jest-1.10",
          "[12:50:47] DEBUG: Memory usage: 297MB",
          "Coverage: 74% statements, 80% branches",
          "Compiling utils/app.ts...",
          "Bundling runtime.css",
          "\u26a0 DEPRECATION: Feature will be removed in v5.0",
          "Coverage: 70% statements, 79% branches",
          "Done.",
          "HEAD is now at 296ec78",
          "\u26a0 DEPRECATION: Feature will be removed in v2.0",
          "\u2713 build completed",
          "Already up to date.",
          "[12:50:47] WARN: Deprecated API usage",
          "Building Docker image...",
          "[12:50:47] INFO: Processing request",
          "Connection established",
          "OK",
          "Artifact downloaded: 16MB",
          "Step 8/15: Deploying",
          "Fetching from https://githubusercontent.com/package.json",
          "Step 5/15: Linting",
          "Cache miss for key-7438",
          "[12:50:47] DEBUG: Loading configuration",
          "Finished.",
          "Pulling image: alpine:3.11",
          "Cache saved successfully",
          "yarn add: Done in 20.20s",
          "[12:50:47] DEBUG: Loading configuration",
          "Step 1/19: Testing",
          "Cache restored successfully (451MB)",
          "Snapshots: 13 passed, 40 total",
          "Compiling utils/main.py...",
          "Already up to date.",
          "[12:50:47] WARN: Deprecated API usage",
          "pip: Installing build dependencies...",
          "Compiling utils/app.ts...",
          "Completed.",
          "[12:50:47] DEBUG: Query executed in 56ms",
          "Ready.",
          "WARNING: jest has known vulnerabilities",
          "  PASS: test_auth_login (424ms)",
          "Processing...",
          "[12:50:47] DEBUG: Query executed in 14ms",
          "Ready.",
          "Ran 19 tests in 38s",
          "[12:50:47] INFO: Starting build process",
          "Artifact uploaded: dist.zip (52MB)",
          "[12:50:47] DEBUG: Connection pool: 19 active",
          "Checking out master branch",
          "Using Node.js 20.0.1",
          "Step 9/18: Running migrations",
          "\u2713 lint completed",
          "[12:50:47] DEBUG: Connection pool: 3 active",
          "Fetching from https://googleapis.com/package.json",
          "[12:50:47] DEBUG: Memory usage: 1675MB",
          "\u2713 Step 'setup' succeeded",
          "npm notice: created a lockfile",
          "Layer 6/12: COPY command",
          "Switched to branch 'feature/task-161'",
          "Exception: NullPointerException",
          "Cache miss for key-6747",
          "Bundling runtime.js",
          "Uploading artifact 'build' (49 files)",
          "Tests: 380 passed, 303 total",
          "npm notice: created a lockfile",
          "Cache saved successfully",
          "Step 14/20: Deploying",
          "Step 10/21: Building",
          "[12:50:47] DEBUG: Memory usage: 1205MB",
          "[12:50:47] WARN: Deprecated API usage",
          "Time: 42.26s",
          "Fetching submodules...",
          "Compiling utils/index.js...",
          "Tests: 470 passed, 89 total",
          "Artifact uploaded: build.tar.gz (2MB)",
          "Building Docker image...",
          "Platform: darwin-arm64",
          "Connection established",
          "Waiting...",
          "[12:50:47] DEBUG: Query executed in 88ms",
          "[12:50:47] WARN: Deprecated API usage",
          "[12:50:47] WARN: Deprecated API usage",
          "Compiling lib/index.js...",
          "Step 5/19: Testing",
          "npm notice: package.json updated",
          "Uploading artifact 'build' (26 files)",
          "Pushing to registry...",
          "Done.",
          "Waiting...",
          "Snapshots: 11 passed, 23 total",
          "[12:50:47] DEBUG: Loading configuration",
          "=== Step unit_tests completed ==="
        ]
      },
      {
        "name": "install_dependencies",
        "status": "success",
        "started_at": "2025-12-07T12:51:00.753364",
        "finished_at": "2025-12-07T12:51:13.622019",
        "log_lines": [
          "=== Step: install_dependencies ===",
          "npm notice: created a lockfile",
          "[12:50:47] DEBUG: Loading configuration",
          "Pushing to registry...",
          "[12:50:47] DEBUG: Initializing service",
          "Cache miss for key-4883",
          "Layer 5/8: RUN command",
          "\u26a0 DEPRECATION: Feature will be removed in v5.0",
          "Compiling src/utils.go...",
          "Compiling components/index.js...",
          "Compiling utils/service.java...",
          "Pulling image: alpine:3.11",
          "Done.",
          "Image pulled successfully",
          "Verifying...",
          "OK",
          "pip: Installing build dependencies...",
          "POST /upload - 200 (11ms)",
          "\u26a0 DEPRECATION: Feature will be removed in v2.0",
          "Coverage: 71% statements, 81% branches",
          "npm install: resolved 508 packages",
          "[12:50:47] INFO: Connecting to database",
          "Coverage: 84% statements, 78% branches",
          "Snapshots: 32 passed, 37 total",
          "Tests: 60 passed, 364 total",
          "Loading...",
          "Exception: RuntimeError",
          "WARNING: jest has known vulnerabilities",
          "Transforming 527 files...",
          "[12:50:47] DEBUG: Initializing service",
          "Switched to branch 'feature/task-991'",
          "Cache restored successfully (448MB)",
          "Artifact downloaded: 46MB",
          "\u2713 Task completed in 4792ms",
          "Cache miss for key-1892",
          "POST /data - 201 (338ms)",
          "[12:50:47] DEBUG: Memory usage: 1561MB",
          "\u2713 All checks passed",
          "Switched to branch 'feature/task-648'",
          "Fetching from https://npmjs.org/package.json",
          "npm notice: package.json updated",
          "Cache invalidated: node_modules",
          "Platform: win32-x64",
          "Success!",
          "\u26a0 DEPRECATION: Feature will be removed in v3.0",
          "[12:50:47] WARN: Deprecated API usage",
          "Switched to branch 'feature/task-523'",
          "Waiting...",
          "pip: Collecting eslint",
          "Artifact downloaded: 13MB",
          "[12:50:47] WARN: Deprecated API usage",
          "Artifact uploaded: dist.zip (78MB)",
          "Time: 94.68s",
          "Success!",
          "Artifact downloaded: 33MB",
          "Compiling src/utils.go...",
          "Using Node.js 19.9.5",
          "Step 3/18: Running migrations",
          "pip: Downloading axios-4.20.tar.gz",
          "\u2713 Step 'checkout' succeeded",
          "\u26a0 DEPRECATION: Feature will be removed in v4.0",
          "Platform: darwin-arm64",
          "FAILED: test_user_create",
          "\u2713 Task completed in 2184ms",
          "Connection established",
          "\u2713 deploy completed",
          "Step 3/22: Installing dependencies",
          "[12:50:47] DEBUG: Loading configuration",
          "\u2713 Step 'install' succeeded",
          "Step 15/16: Running migrations",
          "Pulling image: node:18",
          "Ran 12 tests in 31s",
          "[12:50:47] INFO: Request completed",
          "Fetching submodules...",
          "\u2713 All checks passed",
          "Fetching from https://registry.npmjs.org/package.json",
          "Ready.",
          "Fetching from https://githubusercontent.com/package.json",
          "[12:50:47] ERROR: Connection failed",
          "Step 3/18: Running migrations",
          "npm install: added 428 packages",
          "[12:50:47] INFO: Connecting to database",
          "Optimizing 40 modules...",
          "[12:50:47] INFO: Processing request",
          "\u2717 build failed with exit code 76",
          "  PASS: test_auth_login (314ms)",
          "Using Python 3.9",
          "Creating production build...",
          "[12:50:47] DEBUG: Loading configuration",
          "FAILED: test_db_connect",
          "Pushing to registry...",
          "[12:50:47] DEBUG: Connection pool: 18 active",
          "[12:50:47] INFO: Starting build process",
          "npm install: added 55 packages",
          "npm install: added 76 packages",
          "[12:50:47] INFO: Connecting to database",
          "Environment: test",
          "pip: Downloading lodash-3.15.tar.gz",
          "Compiling components/app.ts...",
          "[12:50:47] INFO: Connecting to database",
          "[12:50:47] DEBUG: Memory usage: 1480MB",
          "POST /data - 202 (454ms)",
          "\u26a0 DEPRECATION: Feature will be removed in v4.0",
          "Verifying...",
          "[12:50:47] DEBUG: Initializing service",
          "Ready.",
          "Layer 7/11: COPY command",
          "Step 9/17: Linting",
          "pip: Downloading lodash-3.20.tar.gz",
          "Completed.",
          "Compiling lib/main.py...",
          "Step 7/17: Testing",
          "Using Python 3.11",
          "WARNING: react has known vulnerabilities",
          "[12:50:47] WARN: Deprecated API usage",
          "Step 4/19: Building",
          "Installing lodash@3.4.9",
          "[12:50:47] DEBUG: Query executed in 97ms",
          "yarn add: Done in 16.44s",
          "Already up to date.",
          "Using Python 3.9",
          "Generating source maps...",
          "[12:50:47] INFO: Connecting to database",
          "Exception: ValueError",
          "yarn add: Done in 14.56s",
          "POST /api - 202 (467ms)",
          "Step 16/24: Installing dependencies",
          "Using Python 3.10",
          "WARNING: eslint has known vulnerabilities",
          "Step 19/20: Testing",
          "pip: Collecting express",
          "  PASS: integration/test_auth_login.spec.js",
          "Connection established",
          "[12:50:47] INFO: Request completed",
          "[12:50:47] WARN: Deprecated API usage",
          "POST /data - 201 (156ms)",
          "  PASS: test_api_health (281ms)",
          "FAILED: test_auth_login",
          "npm notice: created a lockfile",
          "pip: Downloading express-5.2.tar.gz",
          "Checking out main branch",
          "GET /api - 204 (2ms)",
          "WARNING: react has known vulnerabilities",
          "Using Python 3.11",
          "Bundling styles.css",
          "Pushing to registry...",
          "Generating source maps...",
          "Already up to date.",
          "Installing webpack@2.1.9",
          "pip: Collecting prettier",
          "Step 16/20: Building",
          "Pulling image: alpine:18",
          "Exception: RuntimeError",
          "Cache invalidated: build",
          "npm notice: created a lockfile",
          "Cache invalidated: dependencies",
          "Step 15/16: Running migrations",
          "Switched to branch 'feature/task-903'",
          "[12:50:47] WARN: Deprecated API usage",
          "npm notice: package.json updated",
          "Cache invalidated: dependencies",
          "  PASS: test_auth_login (19ms)",
          "pip: Collecting axios",
          "yarn add: Done in 23.14s",
          "Transforming 216 files...",
          "Pulling image: python:3.11",
          "WARNING: eslint has known vulnerabilities",
          "Step 9/18: Installing dependencies",
          "Compiling utils/main.py...",
          "Switched to branch 'feature/task-762'",
          "yarn add: Done in 26.90s",
          "Switched to branch 'feature/task-387'",
          "Creating production build...",
          "\u26a0 DEPRECATION: Feature will be removed in v2.0",
          "pip: Installing build dependencies...",
          "Artifact uploaded: build.tar.gz (3MB)",
          "TLS handshake completed",
          "\u2713 All checks passed",
          "[12:50:47] INFO: Starting build process",
          "Optimizing 11 modules...",
          "pip install: Successfully installed react-1.0",
          "Environment: test",
          "Bundling styles.js",
          "Generating source maps...",
          "\u2713 All checks passed",
          "Finished.",
          "GET /health - 204 (99ms)",
          "HEAD is now at 67571e6",
          "Installing webpack@3.3.8",
          "Connection established",
          "Platform: linux-x64",
          "Tests: 260 passed, 462 total",
          "Step 8/18: Testing",
          "  PASS: test_api_health (256ms)",
          "Loading...",
          "npm notice: created a lockfile",
          "Image pulled successfully",
          "Cache restored successfully (452MB)",
          "Connection established",
          "[12:50:47] INFO: Connecting to database",
          "Cache miss for key-8341",
          "Uploading artifact 'coverage' (18 files)",
          "[12:50:47] WARN: Deprecated API usage",
          "Compiling src/service.java...",
          "  PASS: unit/test_api_health.spec.js",
          "Using Python 3.10",
          "\u2713 All checks passed",
          "Verifying...",
          "Creating production build...",
          "pip: Downloading express-2.10.tar.gz",
          "Artifact uploaded: build.tar.gz (9MB)",
          "Time: 83.943s",
          "Compiling utils/service.java...",
          "NODE_ENV=development",
          "Uploading artifact 'build' (14 files)",
          "[12:50:47] INFO: Request completed",
          "=== Step install_dependencies completed ==="
        ]
      },
      {
        "name": "restore_cache",
        "status": "success",
        "started_at": "2025-12-07T12:51:13.622019",
        "finished_at": "2025-12-07T12:51:16.195750",
        "log_lines": [
          "=== Step: restore_cache ===",
          "Bundling styles.css",
          "[12:50:47] DEBUG: Initializing service",
          "Loading...",
          "Image pulled successfully",
          "WARNING: eslint has known vulnerabilities",
          "Cache restored successfully (181MB)",
          "Time: 13.544s",
          "npm notice: package.json updated",
          "pip install: Successfully installed webpack-3.8",
          "npm install: added 353 packages",
          "Pulling image: python:latest",
          "Generating source maps...",
          "Compiling components/main.py...",
          "[12:50:47] INFO: Request completed",
          "[12:50:47] ERROR: Connection failed",
          "Creating production build...",
          "Compiling components/app.ts...",
          "\u2713 test completed",
          "TLS handshake completed",
          "Uploading artifact 'build' (20 files)",
          "\u2717 build failed with exit code 6",
          "FAILED: test_cache_hit",
          "Minifying vendor.js",
          "pip: Collecting prettier",
          "Verifying...",
          "Minifying vendor.js",
          "[12:50:47] INFO: Processing request",
          "pip install: Successfully installed lodash-1.10",
          "Artifact uploaded: dist.zip (7MB)",
          "yarn add: Done in 30.98s",
          "npm install: resolved 1899 packages",
          "Loading...",
          "Step 18/17: Linting",
          "[12:50:47] INFO: Connecting to database",
          "Completed.",
          "pip: Downloading lodash-4.8.tar.gz",
          "Cache saved successfully",
          "[12:50:47] WARN: Deprecated API usage",
          "yarn add: Done in 14.45s",
          "npm install: resolved 1449 packages",
          "Connection established",
          "Cache invalidated: dependencies",
          "npm install: added 14 packages",
          "WARNING: express has known vulnerabilities",
          "NODE_ENV=production",
          "\u26a0 DEPRECATION: Feature will be removed in v2.0",
          "Step 7/18: Building",
          "Step 14/15: Building",
          "OK",
          "Creating production build...",
          "Using Python 3.9",
          "\u2713 Task completed in 320ms",
          "Cache hit for key-4516",
          "Compiling lib/utils.go...",
          "Completed.",
          "Waiting...",
          "Step 19/22: Running migrations",
          "Finished.",
          "[12:50:47] DEBUG: Connection pool: 18 active",
          "Artifact uploaded: dist.zip (25MB)",
          "Fetching submodules...",
          "NODE_ENV=development",
          "Test Suites: 23 passed, 34 total",
          "Fetching submodules...",
          "Verifying...",
          "[12:50:47] WARN: Deprecated API usage",
          "Ran 25 tests in 41s",
          "\u2713 lint completed",
          "Test Suites: 21 passed, 38 total",
          "[12:50:47] INFO: Connecting to database",
          "Artifact downloaded: 30MB",
          "Done.",
          "Step 1/20: Building",
          "Compiling components/service.java...",
          "[12:50:47] INFO: Starting build process",
          "  PASS: test_db_connect (336ms)",
          "Step 11/19: Running migrations",
          "npm install: added 158 packages",
          "Ready.",
          "[12:50:47] INFO: Request completed",
          "Success!",
          "Time: 36.423s",
          "Connection established",
          "TLS handshake completed",
          "Artifact downloaded: 44MB",
          "\u26a0 DEPRECATION: Feature will be removed in v2.0",
          "pip: Downloading lodash-1.1.tar.gz",
          "Exception: NullPointerException",
          "Cache restored successfully (131MB)",
          "POST /upload - 200 (184ms)",
          "\u2717 build failed with exit code 66",
          "Cache invalidated: build",
          "Artifact uploaded: dist.zip (24MB)",
          "TLS handshake completed",
          "Artifact uploaded: build.tar.gz (20MB)",
          "Artifact uploaded: build.tar.gz (9MB)",
          "Coverage: 72% statements, 60% branches",
          "Generating source maps...",
          "[12:50:47] DEBUG: Query executed in 72ms",
          "Minifying main.js",
          "Compiling components/main.py...",
          "[12:50:47] DEBUG: Loading configuration",
          "[12:50:47] INFO: Starting build process",
          "Artifact downloaded: 44MB",
          "Using Node.js 17.6.1",
          "Step 13/20: Deploying",
          "Artifact uploaded: build.tar.gz (40MB)",
          "POST /data - 201 (199ms)",
          "Cache hit for key-6918",
          "[12:50:47] ERROR: Connection failed",
          "Cache miss for key-4871",
          "Processing...",
          "Cache hit for key-8630",
          "Fetching from https://registry.npmjs.org/package.json",
          "GET /status - 200 (66ms)",
          "\u26a0 DEPRECATION: Feature will be removed in v3.0",
          "TLS handshake completed",
          "Checking out master branch",
          "Artifact uploaded: dist.zip (94MB)",
          "Test Suites: 32 passed, 36 total",
          "\u26a0 DEPRECATION: Feature will be removed in v4.0",
          "Installing eslint@4.13.7",
          "TLS handshake completed",
          "npm notice: created a lockfile",
          "pip: Collecting prettier",
          "Pushing to registry...",
          "[12:50:47] INFO: Starting build process",
          "Finished.",
          "Minifying vendor.js",
          "\u26a0 DEPRECATION: Feature will be removed in v3.0",
          "Using Python 3.11",
          "Tests: 57 passed, 93 total",
          "Minifying vendor.js",
          "Step 19/15: Installing dependencies",
          "pip: Downloading webpack-1.14.tar.gz",
          "Ready.",
          "Artifact uploaded: build.tar.gz (24MB)",
          "[12:50:47] DEBUG: Query executed in 10ms",
          "\u26a0 DEPRECATION: Feature will be removed in v4.0",
          "Bundling runtime.js",
          "Cache restored successfully (480MB)",
          "Loading...",
          "Ran 194 tests in 47s",
          "Completed.",
          "Layer 2/12: RUN command",
          "\u2713 Step 'build' succeeded",
          "Time: 10.944s",
          "[12:50:47] DEBUG: Loading configuration",
          "Using Node.js 19.17.6",
          "[12:50:47] INFO: Cache refreshed",
          "\u2713 All checks passed",
          "[12:50:47] DEBUG: Memory usage: 303MB",
          "\u2713 Step 'build' succeeded",
          "Optimizing 44 modules...",
          "npm install: added 189 packages",
          "Image pulled successfully",
          "Artifact uploaded: build.tar.gz (19MB)",
          "Pulling image: alpine:3.11",
          "Fetching from https://gcr.io/package.json",
          "Cache invalidated: build",
          "Connection established",
          "[12:50:47] WARN: Deprecated API usage",
          "Transforming 871 files...",
          "yarn add: Done in 26.8s",
          "WARNING: webpack has known vulnerabilities",
          "Loading...",
          "[12:50:47] DEBUG: Loading configuration",
          "Snapshots: 9 passed, 18 total",
          "Step 2/17: Linting",
          "Compiling lib/handler.rs...",
          "pip install: Successfully installed react-2.14",
          "Fetching from https://pypi.org/package.json",
          "Finished.",
          "Ran 118 tests in 36s",
          "[12:50:47] DEBUG: Loading configuration",
          "[12:50:47] INFO: Processing request",
          "\u2713 lint completed",
          "OK",
          "\u26a0 DEPRECATION: Feature will be removed in v2.0",
          "Cache hit for key-9756",
          "Artifact uploaded: build.tar.gz (8MB)",
          "pip: Collecting eslint",
          "[12:50:47] INFO: Starting build process",
          "Using Python 3.12",
          "\u26a0 DEPRECATION: Feature will be removed in v2.0",
          "Cache miss for key-8302",
          "Cache saved successfully",
          "[12:50:47] DEBUG: Loading configuration",
          "Minifying main.js",
          "  PASS: unit/test_auth_login.spec.js",
          "Already up to date.",
          "\u2713 Task completed in 2801ms",
          "Step 3/18: Linting",
          "Creating production build...",
          "\u2717 build failed with exit code 57",
          "Platform: darwin-arm64",
          "[12:50:47] DEBUG: Loading configuration",
          "Step 11/25: Linting",
          "[12:50:47] INFO: Processing request",
          "\u2713 test completed",
          "[12:50:47] INFO: Starting build process",
          "Already up to date.",
          "Compiling lib/utils.go...",
          "Step 13/24: Building",
          "Coverage: 71% statements, 96% branches",
          "Completed.",
          "Layer 2/8: ENV command",
          "Success!",
          "yarn add: Done in 23.33s",
          "Cache miss for key-9009",
          "HEAD is now at 98f136a",
          "Environment: production",
          "\u2717 build failed with exit code 93",
          "Installing lodash@1.18.5",
          "Image pulled successfully",
          "=== Step restore_cache completed ==="
        ]
      },
      {
        "name": "deploy_production",
        "status": "success",
        "started_at": "2025-12-07T12:51:16.195750",
        "finished_at": "2025-12-07T12:51:17.911571",
        "log_lines": [
          "=== Step: deploy_production ===",
          "Compiling utils/app.ts...",
          "[12:50:47] ERROR: Connection failed",
          "Waiting...",
          "[12:50:47] WARN: Deprecated API usage",
          "Cache hit for key-7734",
          "WARNING: axios has known vulnerabilities",
          "[12:50:47] DEBUG: Memory usage: 1518MB",
          "POST /upload - 201 (463ms)",
          "Artifact uploaded: build.tar.gz (24MB)",
          "Minifying app.js",
          "Checking out main branch",
          "npm notice: created a lockfile",
          "Artifact uploaded: dist.zip (33MB)",
          "Using Python 3.9",
          "Optimizing 94 modules...",
          "Done.",
          "Image pulled successfully",
          "pip: Installing build dependencies...",
          "WARNING: lodash has known vulnerabilities",
          "Success!",
          "Verifying...",
          "Artifact uploaded: build.tar.gz (45MB)",
          "Finished.",
          "Minifying vendor.js",
          "\u2713 Step 'install' succeeded",
          "[12:50:47] WARN: Deprecated API usage",
          "[12:50:47] WARN: Deprecated API usage",
          "Pushing to registry...",
          "[12:50:47] DEBUG: Connection pool: 7 active",
          "[12:50:47] INFO: Connecting to database",
          "npm install: added 355 packages",
          "pip: Installing build dependencies...",
          "Already up to date.",
          "Cache hit for key-4522",
          "[12:50:47] INFO: Starting build process",
          "[12:50:47] DEBUG: Connection pool: 9 active",
          "[12:50:47] DEBUG: Loading configuration",
          "Installing eslint@5.3.6",
          "Done.",
          "Ran 65 tests in 51s",
          "Pushing to registry...",
          "Minifying vendor.js",
          "Completed.",
          "Time: 52.851s",
          "Step 5/15: Building",
          "Environment: development",
          "Snapshots: 11 passed, 32 total",
          "Done.",
          "Compiling utils/main.py...",
          "Step 12/21: Testing",
          "[12:50:47] DEBUG: Loading configuration",
          "Cache hit for key-2405",
          "OK",
          "Compiling src/app.ts...",
          "Snapshots: 25 passed, 8 total",
          "yarn add: Done in 17.11s",
          "Ran 137 tests in 25s",
          "[12:50:47] WARN: Deprecated API usage",
          "\u2717 build failed with exit code 14",
          "Finished.",
          "Cache invalidated: build",
          "[12:50:47] INFO: Request completed",
          "OK",
          "  PASS: e2e/test_auth_login.spec.js",
          "\u2717 build failed with exit code 66",
          "pip: Collecting eslint",
          "Exception: ValueError",
          "pip install: Successfully installed eslint-1.4",
          "Step 10/23: Linting",
          "[12:50:47] WARN: Deprecated API usage",
          "npm notice: created a lockfile",
          "Fetching submodules...",
          "[12:50:47] DEBUG: Memory usage: 512MB",
          "Compiling components/handler.rs...",
          "Test Suites: 38 passed, 43 total",
          "Compiling lib/index.js...",
          "Compiling src/handler.rs...",
          "Completed.",
          "Bundling styles.js",
          "[12:50:47] DEBUG: Query executed in 8ms",
          "[12:50:47] DEBUG: Initializing service",
          "  PASS: test_auth_login (297ms)",
          "NODE_ENV=production",
          "Loading...",
          "GET /status - 201 (99ms)",
          "pip: Collecting jest",
          "Processing...",
          "[12:50:47] DEBUG: Memory usage: 569MB",
          "\u26a0 DEPRECATION: Feature will be removed in v3.0",
          "[12:50:47] WARN: Deprecated API usage",
          "Compiling components/main.py...",
          "[12:50:47] INFO: Processing request",
          "Compiling lib/index.js...",
          "Artifact uploaded: build.tar.gz (5MB)",
          "Cache saved successfully",
          "Already up to date.",
          "\u2713 Step 'test' succeeded",
          "Already up to date.",
          "WARNING: express has known vulnerabilities",
          "Cache saved successfully",
          "[12:50:47] INFO: Cache refreshed",
          "Cache invalidated: build",
          "HEAD is now at b1efd0b",
          "\u2713 Step 'install' succeeded",
          "Exception: RuntimeError",
          "Step 8/19: Installing dependencies",
          "GET /status - 204 (98ms)",
          "[12:50:47] DEBUG: Loading configuration",
          "GET /api - 201 (82ms)",
          "Fetching submodules...",
          "Snapshots: 25 passed, 13 total",
          "Building Docker image...",
          "Verifying...",
          "\u2717 build failed with exit code 109",
          "Already up to date.",
          "Transforming 846 files...",
          "Step 9/23: Linting",
          "Processing...",
          "[12:50:47] INFO: Connecting to database",
          "Processing...",
          "Step 15/25: Installing dependencies",
          "Step 13/25: Installing dependencies",
          "Tests: 292 passed, 448 total",
          "Step 3/18: Deploying",
          "\u26a0 DEPRECATION: Feature will be removed in v3.0",
          "Cache invalidated: build",
          "Connection established",
          "[12:50:47] INFO: Processing request",
          "Cache hit for key-7045",
          "Done.",
          "npm notice: created a lockfile",
          "Optimizing 54 modules...",
          "[12:50:47] DEBUG: Loading configuration",
          "Step 11/19: Linting",
          "Pulling image: node:18",
          "\u26a0 DEPRECATION: Feature will be removed in v4.0",
          "[12:50:47] WARN: Deprecated API usage",
          "Finished.",
          "Completed.",
          "Ran 104 tests in 48s",
          "Fetching from https://docker.io/package.json",
          "Completed.",
          "Compiling components/service.java...",
          "Layer 2/14: RUN command",
          "npm install: resolved 257 packages",
          "[12:50:47] DEBUG: Initializing service",
          "Step 17/17: Running migrations",
          "npm install: resolved 447 packages",
          "Compiling lib/app.ts...",
          "pip: Downloading eslint-3.19.tar.gz",
          "POST /api - 200 (435ms)",
          "Coverage: 77% statements, 63% branches",
          "Transforming 460 files...",
          "npm notice: package.json updated",
          "[12:50:47] INFO: Starting build process",
          "Optimizing 23 modules...",
          "[12:50:47] INFO: Cache refreshed",
          "Artifact uploaded: build.tar.gz (25MB)",
          "Pushing to registry...",
          "Cache saved successfully",
          "Layer 9/8: ENV command",
          "Checking out develop branch",
          "[12:50:47] DEBUG: Connection pool: 19 active",
          "WARNING: prettier has known vulnerabilities",
          "\u2713 All checks passed",
          "Time: 44.675s",
          "Ready.",
          "Test Suites: 21 passed, 45 total",
          "Verifying...",
          "Already up to date.",
          "GET /health - 204 (89ms)",
          "[12:50:47] INFO: Request completed",
          "  PASS: test_auth_login (401ms)",
          "[12:50:47] INFO: Cache refreshed",
          "Step 13/16: Installing dependencies",
          "Cache restored successfully (164MB)",
          "Fetching submodules...",
          "Completed.",
          "[12:50:47] INFO: Connecting to database",
          "Bundling main.css",
          "[12:50:47] INFO: Request completed",
          "Artifact uploaded: dist.zip (64MB)",
          "npm notice: package.json updated",
          "pip: Installing build dependencies...",
          "Ready.",
          "pip: Downloading axios-4.7.tar.gz",
          "[12:50:47] INFO: Connecting to database",
          "[12:50:47] DEBUG: Initializing service",
          "\u2713 Task completed in 1345ms",
          "  PASS: integration/test_db_connect.spec.js",
          "Loading...",
          "Artifact uploaded: build.tar.gz (12MB)",
          "Creating production build...",
          "Layer 1/12: RUN command",
          "Completed.",
          "Cache hit for key-9570",
          "Step 20/17: Deploying",
          "[12:50:47] INFO: Connecting to database",
          "[12:50:47] DEBUG: Query executed in 51ms",
          "Step 13/17: Linting",
          "pip install: Successfully installed react-3.11",
          "Installing prettier@4.2.9",
          "HEAD is now at aa98314",
          "\u2717 build failed with exit code 74",
          "Installing axios@5.9.6",
          "Pulling image: python:18",
          "Waiting...",
          "npm notice: package.json updated",
          "Step 20/18: Deploying",
          "Loading...",
          "[12:50:47] DEBUG: Query executed in 53ms",
          "TLS handshake completed",
          "\u2713 Step 'build' succeeded",
          "[12:50:47] DEBUG: Loading configuration",
          "Compiling utils/utils.go...",
          "=== Step deploy_production completed ==="
        ]
      },
      {
        "name": "type_check",
        "status": "success",
        "started_at": "2025-12-07T12:51:17.911571",
        "finished_at": "2025-12-07T12:51:22.201123",
        "log_lines": [
          "=== Step: type_check ===",
          "Creating production build...",
          "\u26a0 DEPRECATION: Feature will be removed in v2.0",
          "Step 10/21: Testing",
          "\u26a0 DEPRECATION: Feature will be removed in v2.0",
          "pip: Downloading prettier-3.19.tar.gz",
          "[12:50:47] DEBUG: Query executed in 56ms",
          "pip install: Successfully installed lodash-4.10",
          "\u2713 All checks passed",
          "[12:50:47] INFO: Cache refreshed",
          "FAILED: test_user_create",
          "\u26a0 DEPRECATION: Feature will be removed in v3.0",
          "\u26a0 DEPRECATION: Feature will be removed in v3.0",
          "Step 19/25: Installing dependencies",
          "[12:50:47] DEBUG: Connection pool: 15 active",
          "POST /upload - 202 (348ms)",
          "[12:50:47] INFO: Connecting to database",
          "Image pulled successfully",
          "[12:50:47] DEBUG: Initializing service",
          "Compiling components/main.py...",
          "\u2713 deploy completed",
          "[12:50:47] INFO: Processing request",
          "Cache invalidated: node_modules",
          "yarn add: Done in 8.40s",
          "\u26a0 DEPRECATION: Feature will be removed in v3.0",
          "\u2713 Task completed in 794ms",
          "  PASS: e2e/test_auth_login.spec.js",
          "Compiling components/index.js...",
          "Using Node.js 19.3.2",
          "[12:50:47] INFO: Connecting to database",
          "Creating production build...",
          "pip install: Successfully installed lodash-4.5",
          "Layer 1/14: COPY command",
          "Compiling components/handler.rs...",
          "FAILED: test_cache_hit",
          "Checking out develop branch",
          "[12:50:47] INFO: Processing request",
          "Step 17/24: Building",
          "Exception: ValueError",
          "Compiling lib/app.ts...",
          "\u2713 All checks passed",
          "Already up to date.",
          "Tests: 439 passed, 94 total",
          "Using Python 3.11",
          "Compiling src/utils.go...",
          "Ready.",
          "\u2713 Step 'install' succeeded",
          "Environment: production",
          "[12:50:47] INFO: Starting build process",
          "\u2713 All checks passed",
          "FAILED: test_cache_hit",
          "  PASS: e2e/test_db_connect.spec.js",
          "\u26a0 DEPRECATION: Feature will be removed in v3.0",
          "Processing...",
          "[12:50:47] DEBUG: Loading configuration",
          "Switched to branch 'bugfix/task-603'",
          "Step 15/15: Running migrations",
          "Compiling utils/index.js...",
          "Fetching submodules...",
          "Step 1/22: Testing",
          "[12:50:47] INFO: Connecting to database",
          "Cache saved successfully",
          "Step 5/21: Linting",
          "[12:50:47] DEBUG: Connection pool: 3 active",
          "Environment: test",
          "Waiting...",
          "Step 6/18: Running migrations",
          "Bundling main.js",
          "Exception: RuntimeError",
          "\u2713 All checks passed",
          "HEAD is now at c7c46b8",
          "npm install: resolved 415 packages",
          "WARNING: lodash has known vulnerabilities",
          "pip: Collecting express",
          "HEAD is now at a0c3fb9",
          "[12:50:47] INFO: Processing request",
          "[12:50:47] DEBUG: Loading configuration",
          "npm install: added 296 packages",
          "pip: Collecting jest",
          "Pulling image: python:3.11",
          "Creating production build...",
          "[12:50:47] DEBUG: Connection pool: 2 active",
          "Transforming 636 files...",
          "Fetching from https://github.com/package.json",
          "Cache hit for key-4687",
          "[12:50:47] DEBUG: Query executed in 39ms",
          "Ready.",
          "[12:50:47] DEBUG: Loading configuration",
          "POST /upload - 200 (113ms)",
          "Loading...",
          "[12:50:47] DEBUG: Query executed in 96ms",
          "TLS handshake completed",
          "Already up to date.",
          "Optimizing 57 modules...",
          "Finished.",
          "Ready.",
          "Minifying main.js",
          "Already up to date.",
          "yarn add: Done in 10.34s",
          "Test Suites: 12 passed, 47 total",
          "Step 5/19: Testing",
          "Using Python 3.12",
          "Optimizing 45 modules...",
          "yarn add: Done in 11.43s",
          "Using Python 3.10",
          "pip: Installing build dependencies...",
          "Platform: darwin-arm64",
          "\u2713 Task completed in 2619ms",
          "pip: Installing build dependencies...",
          "Compiling utils/service.java...",
          "Done.",
          "pip install: Successfully installed eslint-2.9",
          "Fetching submodules...",
          "pip: Downloading react-1.12.tar.gz",
          "Pushing to registry...",
          "Artifact uploaded: build.tar.gz (42MB)",
          "Switched to branch 'bugfix/task-581'",
          "\u2713 All checks passed",
          "Image pulled successfully",
          "[12:50:47] INFO: Request completed",
          "[12:50:47] INFO: Processing request",
          "WARNING: prettier has known vulnerabilities",
          "Environment: production",
          "[12:50:47] INFO: Connecting to database",
          "Artifact downloaded: 48MB",
          "Compiling lib/app.ts...",
          "Step 6/16: Testing",
          "Step 9/15: Linting",
          "Tests: 426 passed, 231 total",
          "Completed.",
          "Minifying main.js",
          "Creating production build...",
          "Compiling lib/index.js...",
          "Artifact downloaded: 50MB",
          "Processing...",
          "Building Docker image...",
          "[12:50:47] DEBUG: Connection pool: 3 active",
          "Waiting...",
          "Compiling utils/service.java...",
          "Ready.",
          "Layer 4/11: RUN command",
          "\u26a0 DEPRECATION: Feature will be removed in v4.0",
          "Environment: production",
          "Generating source maps...",
          "[12:50:47] WARN: Deprecated API usage",
          "Installing axios@1.14.5",
          "Compiling utils/handler.rs...",
          "Using Node.js 17.18.0",
          "[12:50:47] INFO: Connecting to database",
          "Compiling components/main.py...",
          "Fetching from https://docker.io/package.json",
          "Step 20/16: Testing",
          "npm install: added 102 packages",
          "Compiling components/app.ts...",
          "GET /api - 200 (69ms)",
          "\u2713 validate completed",
          "[12:50:47] INFO: Starting build process",
          "pip install: Successfully installed express-3.4",
          "pip: Collecting express",
          "Fetching submodules...",
          "GET /health - 201 (49ms)",
          "[12:50:47] INFO: Processing request",
          "pip: Collecting prettier",
          "Building Docker image...",
          "\u2717 build failed with exit code 92",
          "\u2713 validate completed",
          "Exception: TypeError",
          "Finished.",
          "Artifact uploaded: dist.zip (26MB)",
          "Artifact uploaded: dist.zip (55MB)",
          "pip: Collecting react",
          "TLS handshake completed",
          "\u26a0 DEPRECATION: Feature will be removed in v4.0",
          "GET /status - 204 (89ms)",
          "FAILED: test_user_create",
          "Pushing to registry...",
          "Cache miss for key-7839",
          "[12:50:47] DEBUG: Loading configuration",
          "\u2713 Task completed in 1240ms",
          "NODE_ENV=development",
          "Artifact downloaded: 18MB",
          "Step 17/18: Installing dependencies",
          "Installing webpack@2.18.9",
          "npm notice: created a lockfile",
          "Optimizing 88 modules...",
          "HEAD is now at f1fc694",
          "TLS handshake completed",
          "Completed.",
          "Pushing to registry...",
          "[12:50:47] DEBUG: Initializing service",
          "Coverage: 78% statements, 90% branches",
          "\u2717 build failed with exit code 1",
          "[12:50:47] INFO: Processing request",
          "FAILED: test_db_connect",
          "Building Docker image...",
          "[12:50:47] DEBUG: Loading configuration",
          "Compiling src/index.js...",
          "Verifying...",
          "Snapshots: 3 passed, 44 total",
          "Image pulled successfully",
          "Success!",
          "pip: Collecting prettier",
          "Using Python 3.11",
          "Done.",
          "pip: Installing build dependencies...",
          "Cache saved successfully",
          "Cache miss for key-6862",
          "Ready.",
          "Step 9/24: Linting",
          "Transforming 699 files...",
          "Uploading artifact 'build' (35 files)",
          "[12:50:47] INFO: Connecting to database",
          "NODE_ENV=development",
          "Environment: development",
          "\u26a0 DEPRECATION: Feature will be removed in v4.0",
          "Ready.",
          "=== Step type_check completed ==="
        ]
      },
      {
        "name": "e2e_tests",
        "status": "success",
        "started_at": "2025-12-07T12:51:22.201123",
        "finished_at": "2025-12-07T12:51:26.490675",
        "log_lines": [
          "=== Step: e2e_tests ===",
          "Step 6/18: Installing dependencies",
          "Pulling image: python:18",
          "\u2713 All checks passed",
          "npm install: resolved 1568 packages",
          "[12:50:47] WARN: Deprecated API usage",
          "Using Python 3.10",
          "npm install: resolved 710 packages",
          "Cache hit for key-3534",
          "Compiling components/main.py...",
          "Installing react@5.13.9",
          "Installing express@2.10.2",
          "  PASS: test_cache_hit (390ms)",
          "pip: Installing build dependencies...",
          "yarn add: Done in 25.8s",
          "\u2713 All checks passed",
          "Step 1/19: Installing dependencies",
          "Using Node.js 19.18.7",
          "Cache hit for key-8178",
          "Artifact downloaded: 40MB",
          "pip install: Successfully installed eslint-3.18",
          "Cache miss for key-6141",
          "[12:50:47] INFO: Starting build process",
          "Cache restored successfully (435MB)",
          "[12:50:47] INFO: Connecting to database",
          "Compiling utils/app.ts...",
          "Minifying vendor.js",
          "Cache restored successfully (422MB)",
          "Minifying vendor.js",
          "yarn add: Done in 20.49s",
          "[12:50:47] DEBUG: Memory usage: 570MB",
          "Time: 42.102s",
          "[12:50:47] INFO: Request completed",
          "Success!",
          "\u2717 build failed with exit code 79",
          "Done.",
          "\u2713 test completed",
          "npm notice: package.json updated",
          "\u26a0 DEPRECATION: Feature will be removed in v3.0",
          "Tests: 222 passed, 238 total",
          "POST /data - 200 (115ms)",
          "pip: Collecting prettier",
          "Ready.",
          "TLS handshake completed",
          "Pushing to registry...",
          "Success!",
          "Optimizing 24 modules...",
          "pip: Downloading express-2.12.tar.gz",
          "yarn add: Done in 28.46s",
          "npm install: added 441 packages",
          "[12:50:47] INFO: Connecting to database",
          "Cache hit for key-7641",
          "Bundling runtime.js",
          "Minifying app.js",
          "Loading...",
          "Compiling utils/handler.rs...",
          "Step 16/17: Running migrations",
          "Coverage: 75% statements, 66% branches",
          "npm install: resolved 1520 packages",
          "Time: 113.241s",
          "Compiling lib/app.ts...",
          "Fetching submodules...",
          "Processing...",
          "Bundling styles.js",
          "Tests: 251 passed, 196 total",
          "[12:50:47] DEBUG: Memory usage: 1795MB",
          "FAILED: test_api_health",
          "OK",
          "Compiling components/app.ts...",
          "Snapshots: 44 passed, 8 total",
          "Step 3/25: Deploying",
          "Compiling components/main.py...",
          "Step 17/25: Linting",
          "GET /health - 201 (97ms)",
          "Completed.",
          "\u26a0 DEPRECATION: Feature will be removed in v3.0",
          "[12:50:47] INFO: Starting build process",
          "Generating source maps...",
          "npm install: added 259 packages",
          "Exception: ValueError",
          "Bundling runtime.js",
          "Generating source maps...",
          "pip: Collecting webpack",
          "Verifying...",
          "  PASS: e2e/test_api_health.spec.js",
          "Step 14/19: Running migrations",
          "Layer 9/14: ENV command",
          "Transforming 914 files...",
          "NODE_ENV=test",
          "Cache saved successfully",
          "Ran 20 tests in 8s",
          "Optimizing 68 modules...",
          "[12:50:47] DEBUG: Connection pool: 13 active",
          "Pushing to registry...",
          "Minifying main.js",
          "  PASS: unit/test_db_connect.spec.js",
          "Verifying...",
          "\u2713 deploy completed",
          "Step 10/17: Testing",
          "Generating source maps...",
          "GET /api - 204 (10ms)",
          "  PASS: test_user_create (121ms)",
          "Compiling lib/main.py...",
          "Platform: linux-x64",
          "Finished.",
          "npm install: added 95 packages",
          "\u26a0 DEPRECATION: Feature will be removed in v3.0",
          "Fetching submodules...",
          "Step 3/16: Installing dependencies",
          "Fetching submodules...",
          "HEAD is now at 6241e73",
          "[12:50:47] DEBUG: Initializing service",
          "Step 14/16: Deploying",
          "pip: Installing build dependencies...",
          "\u2713 Task completed in 4028ms",
          "Using Python 3.10",
          "\u26a0 DEPRECATION: Feature will be removed in v5.0",
          "npm install: resolved 224 packages",
          "Verifying...",
          "pip: Downloading jest-3.6.tar.gz",
          "Pulling image: python:18",
          "[12:50:47] INFO: Request completed",
          "Cache invalidated: build",
          "Checking out develop branch",
          "NODE_ENV=test",
          "Using Python 3.10",
          "[12:50:47] WARN: Deprecated API usage",
          "Cache restored successfully (106MB)",
          "Transforming 455 files...",
          "Using Node.js 20.14.1",
          "Using Node.js 17.9.6",
          "Time: 30.73s",
          "WARNING: prettier has known vulnerabilities",
          "Artifact uploaded: build.tar.gz (10MB)",
          "WARNING: express has known vulnerabilities",
          "[12:50:47] INFO: Request completed",
          "Ran 124 tests in 4s",
          "[12:50:47] WARN: Deprecated API usage",
          "Finished.",
          "Minifying main.js",
          "Ran 141 tests in 25s",
          "npm notice: created a lockfile",
          "Cache hit for key-4018",
          "Platform: linux-x64",
          "Snapshots: 15 passed, 44 total",
          "Artifact uploaded: dist.zip (89MB)",
          "Step 16/16: Linting",
          "Success!",
          "Bundling vendor.css",
          "[12:50:47] DEBUG: Initializing service",
          "Processing...",
          "Cache invalidated: dependencies",
          "Step 8/25: Running migrations",
          "WARNING: axios has known vulnerabilities",
          "[12:50:47] DEBUG: Connection pool: 19 active",
          "Loading...",
          "Exception: ValueError",
          "Loading...",
          "TLS handshake completed",
          "\u2713 Task completed in 1302ms",
          "TLS handshake completed",
          "[12:50:47] INFO: Connecting to database",
          "Test Suites: 42 passed, 32 total",
          "[12:50:47] INFO: Processing request",
          "[12:50:47] DEBUG: Loading configuration",
          "\u2713 build completed",
          "Verifying...",
          "Bundling runtime.css",
          "pip: Installing build dependencies...",
          "Completed.",
          "npm notice: package.json updated",
          "Test Suites: 47 passed, 13 total",
          "Finished.",
          "\u2713 validate completed",
          "  PASS: test_api_health (161ms)",
          "[12:50:47] WARN: Deprecated API usage",
          "OK",
          "Generating source maps...",
          "Compiling src/utils.go...",
          "Loading...",
          "Compiling src/service.java...",
          "NODE_ENV=test",
          "OK",
          "\u2713 Step 'checkout' succeeded",
          "Compiling utils/index.js...",
          "Ready.",
          "[12:50:47] WARN: Deprecated API usage",
          "pip: Collecting prettier",
          "Image pulled successfully",
          "pip: Installing build dependencies...",
          "Cache invalidated: node_modules",
          "Loading...",
          "Ran 139 tests in 20s",
          "\u2713 Task completed in 4748ms",
          "Environment: development",
          "Uploading artifact 'coverage' (42 files)",
          "[12:50:47] DEBUG: Connection pool: 2 active",
          "Fetching from https://github.com/package.json",
          "Checking out develop branch",
          "Step 6/25: Running migrations",
          "[12:50:47] INFO: Processing request",
          "Connection established",
          "Test Suites: 23 passed, 42 total",
          "Loading...",
          "[12:50:47] ERROR: Connection failed",
          "  PASS: integration/test_user_create.spec.js",
          "POST /api - 200 (314ms)",
          "POST /api - 202 (142ms)",
          "Time: 56.266s",
          "Building Docker image...",
          "npm notice: created a lockfile",
          "Compiling utils/main.py...",
          "Installing jest@1.14.0",
          "FAILED: test_auth_login",
          "Test Suites: 46 passed, 31 total",
          "Cache restored successfully (11MB)",
          "=== Step e2e_tests completed ==="
        ]
      },
      {
        "name": "save_cache",
        "status": "success",
        "started_at": "2025-12-07T12:51:26.490675",
        "finished_at": "2025-12-07T12:51:29.064406",
        "log_lines": [
          "=== Step: save_cache ===",
          "Step 11/15: Running migrations",
          "Layer 7/8: COPY command",
          "yarn add: Done in 25.21s",
          "yarn add: Done in 4.65s",
          "[12:50:47] DEBUG: Memory usage: 353MB",
          "npm notice: package.json updated",
          "Uploading artifact 'coverage' (18 files)",
          "[12:50:47] INFO: Starting build process",
          "\u2713 All checks passed",
          "pip: Collecting eslint",
          "Layer 1/12: COPY command",
          "\u2713 Task completed in 2416ms",
          "npm install: added 79 packages",
          "Using Python 3.9",
          "Cache restored successfully (89MB)",
          "Uploading artifact 'dist' (21 files)",
          "Compiling components/main.py...",
          "\u2713 build completed",
          "Bundling vendor.js",
          "Creating production build...",
          "Artifact uploaded: build.tar.gz (11MB)",
          "Layer 4/8: RUN command",
          "Compiling lib/index.js...",
          "Step 12/20: Building",
          "Step 19/16: Building",
          "Optimizing 85 modules...",
          "Step 1/21: Testing",
          "\u2713 Task completed in 248ms",
          "WARNING: lodash has known vulnerabilities",
          "npm install: added 122 packages",
          "Cache miss for key-2663",
          "npm notice: package.json updated",
          "TLS handshake completed",
          "pip: Collecting axios",
          "Cache saved successfully",
          "Step 11/16: Testing",
          "Artifact uploaded: dist.zip (32MB)",
          "\u26a0 DEPRECATION: Feature will be removed in v2.0",
          "Loading...",
          "Fetching submodules...",
          "Success!",
          "npm notice: package.json updated",
          "Loading...",
          "Checking out develop branch",
          "Switched to branch 'bugfix/task-578'",
          "[12:50:47] ERROR: Connection failed",
          "Step 12/18: Building",
          "Installing webpack@2.16.6",
          "Compiling components/app.ts...",
          "Coverage: 72% statements, 67% branches",
          "Cache invalidated: node_modules",
          "\u26a0 DEPRECATION: Feature will be removed in v3.0",
          "Already up to date.",
          "[12:50:47] DEBUG: Query executed in 14ms",
          "[12:50:47] INFO: Request completed",
          "Step 9/18: Linting",
          "Installing prettier@3.3.8",
          "Bundling styles.css",
          "[12:50:47] DEBUG: Loading configuration",
          "pip: Collecting axios",
          "npm notice: created a lockfile",
          "Compiling utils/app.ts...",
          "Switched to branch 'bugfix/task-633'",
          "Compiling components/app.ts...",
          "[12:50:47] DEBUG: Loading configuration",
          "[12:50:47] DEBUG: Query executed in 59ms",
          "OK",
          "\u2713 All checks passed",
          "Pushing to registry...",
          "Artifact downloaded: 8MB",
          "Artifact uploaded: dist.zip (29MB)",
          "Compiling lib/app.ts...",
          "Installing eslint@2.1.10",
          "Switched to branch 'bugfix/task-526'",
          "Cache saved successfully",
          "Artifact uploaded: dist.zip (59MB)",
          "Cache invalidated: node_modules",
          "Compiling components/service.java...",
          "  PASS: test_db_connect (493ms)",
          "[12:50:48] DEBUG: Connection pool: 14 active",
          "Waiting...",
          "Artifact downloaded: 15MB",
          "pip: Collecting eslint",
          "[12:50:48] INFO: Processing request",
          "OK",
          "WARNING: jest has known vulnerabilities",
          "Pulling image: node:3.11",
          "Step 7/18: Deploying",
          "Time: 80.72s",
          "pip install: Successfully installed express-4.20",
          "[12:50:48] WARN: Deprecated API usage",
          "npm install: resolved 709 packages",
          "GET /api - 200 (75ms)",
          "Coverage: 92% statements, 95% branches",
          "Verifying...",
          "Minifying app.js",
          "FAILED: test_db_connect",
          "[12:50:48] INFO: Starting build process",
          "  PASS: test_auth_login (426ms)",
          "Tests: 353 passed, 487 total",
          "Minifying main.js",
          "Waiting...",
          "Bundling vendor.css",
          "[12:50:48] INFO: Request completed",
          "Done.",
          "Snapshots: 3 passed, 5 total",
          "Image pulled successfully",
          "Checking out master branch",
          "npm install: resolved 871 packages",
          "Creating production build...",
          "Platform: darwin-arm64",
          "Completed.",
          "  PASS: integration/test_user_create.spec.js",
          "  PASS: test_user_create (185ms)",
          "Installing react@2.12.0",
          "[12:50:48] INFO: Request completed",
          "Ran 47 tests in 50s",
          "Compiling utils/main.py...",
          "Compiling lib/service.java...",
          "Ran 59 tests in 54s",
          "Compiling utils/app.ts...",
          "Cache miss for key-2487",
          "[12:50:48] INFO: Processing request",
          "Creating production build...",
          "Using Python 3.9",
          "npm install: resolved 245 packages",
          "Finished.",
          "Done.",
          "Minifying main.js",
          "[12:50:48] WARN: Deprecated API usage",
          "WARNING: eslint has known vulnerabilities",
          "Coverage: 86% statements, 79% branches",
          "Platform: darwin-arm64",
          "Step 3/15: Deploying",
          "Snapshots: 28 passed, 18 total",
          "Verifying...",
          "Finished.",
          "\u2713 deploy completed",
          "Pulling image: alpine:3.11",
          "Optimizing 34 modules...",
          "Verifying...",
          "Test Suites: 14 passed, 33 total",
          "Verifying...",
          "Checking out develop branch",
          "\u2713 All checks passed",
          "Compiling utils/handler.rs...",
          "yarn add: Done in 23.35s",
          "NODE_ENV=production",
          "POST /api - 201 (360ms)",
          "Fetching submodules...",
          "npm install: resolved 189 packages",
          "Layer 4/8: ENV command",
          "Pulling image: alpine:latest",
          "[12:50:48] INFO: Connecting to database",
          "Compiling lib/service.java...",
          "Processing...",
          "pip: Downloading prettier-3.18.tar.gz",
          "Using Node.js 16.9.0",
          "[12:50:48] INFO: Processing request",
          "\u2717 build failed with exit code 42",
          "\u2717 build failed with exit code 5",
          "HEAD is now at b5c7bcc",
          "Fetching submodules...",
          "Compiling components/app.ts...",
          "Minifying main.js",
          "Cache saved successfully",
          "OK",
          "[12:50:48] DEBUG: Loading configuration",
          "Compiling lib/service.java...",
          "\u26a0 DEPRECATION: Feature will be removed in v4.0",
          "  PASS: integration/test_auth_login.spec.js",
          "Pulling image: python:3.11",
          "npm install: added 139 packages",
          "Checking out develop branch",
          "Cache miss for key-5312",
          "[12:50:48] INFO: Cache refreshed",
          "Done.",
          "Finished.",
          "pip: Downloading express-5.7.tar.gz",
          "\u2713 All checks passed",
          "npm notice: created a lockfile",
          "npm install: added 179 packages",
          "OK",
          "[12:50:48] DEBUG: Query executed in 17ms",
          "\u26a0 DEPRECATION: Feature will be removed in v3.0",
          "Loading...",
          "Artifact uploaded: dist.zip (13MB)",
          "Artifact uploaded: build.tar.gz (50MB)",
          "WARNING: jest has known vulnerabilities",
          "Compiling utils/handler.rs...",
          "Using Python 3.10",
          "[12:50:48] WARN: Deprecated API usage",
          "Building Docker image...",
          "pip: Collecting react",
          "Ready.",
          "Image pulled successfully",
          "Step 9/18: Testing",
          "Time: 85.743s",
          "Image pulled successfully",
          "npm notice: created a lockfile",
          "Minifying app.js",
          "Coverage: 96% statements, 70% branches",
          "Cache invalidated: dependencies",
          "Waiting...",
          "\u26a0 DEPRECATION: Feature will be removed in v4.0",
          "npm notice: created a lockfile",
          "Installing webpack@1.10.3",
          "[12:50:48] INFO: Cache refreshed",
          "[12:50:48] INFO: Starting build process",
          "Ran 122 tests in 14s",
          "\u26a0 DEPRECATION: Feature will be removed in v5.0",
          "GET /health - 204 (77ms)",
          "pip: Collecting lodash",
          "Image pulled successfully",
          "Verifying...",
          "=== Step save_cache completed ==="
        ]
      },
      {
        "name": "deploy_staging",
        "status": "success",
        "started_at": "2025-12-07T12:51:29.064406",
        "finished_at": "2025-12-07T12:51:33.353958",
        "log_lines": [
          "=== Step: deploy_staging ===",
          "Snapshots: 38 passed, 19 total",
          "Using Node.js 14.8.6",
          "npm install: resolved 393 packages",
          "NODE_ENV=production",
          "FAILED: test_auth_login",
          "Fetching submodules...",
          "[12:50:48] INFO: Connecting to database",
          "Using Python 3.10",
          "Minifying app.js",
          "Success!",
          "Checking out main branch",
          "Bundling runtime.js",
          "\u2713 Step 'checkout' succeeded",
          "FAILED: test_api_health",
          "Fetching from https://pypi.org/package.json",
          "OK",
          "Step 5/22: Linting",
          "Building Docker image...",
          "[12:50:48] INFO: Request completed",
          "Using Node.js 15.2.3",
          "npm notice: created a lockfile",
          "pip: Collecting jest",
          "Cache invalidated: build",
          "GET /health - 204 (41ms)",
          "WARNING: express has known vulnerabilities",
          "TLS handshake completed",
          "Step 9/22: Linting",
          "Completed.",
          "\u26a0 DEPRECATION: Feature will be removed in v4.0",
          "WARNING: axios has known vulnerabilities",
          "Waiting...",
          "Checking out main branch",
          "Compiling src/main.py...",
          "Ready.",
          "[12:50:48] ERROR: Connection failed",
          "Bundling main.js",
          "Verifying...",
          "npm notice: created a lockfile",
          "Bundling main.css",
          "FAILED: test_user_create",
          "Compiling utils/index.js...",
          "[12:50:48] WARN: Deprecated API usage",
          "WARNING: prettier has known vulnerabilities",
          "Success!",
          "Ran 159 tests in 53s",
          "FAILED: test_cache_hit",
          "Compiling lib/handler.rs...",
          "Snapshots: 40 passed, 9 total",
          "Pushing to registry...",
          "Waiting...",
          "\u2713 Task completed in 1188ms",
          "[12:50:48] DEBUG: Memory usage: 601MB",
          "Platform: win32-x64",
          "Switched to branch 'bugfix/task-842'",
          "Layer 6/8: ENV command",
          "Using Python 3.9",
          "\u2713 Step 'checkout' succeeded",
          "Artifact uploaded: build.tar.gz (12MB)",
          "Checking out develop branch",
          "  PASS: unit/test_auth_login.spec.js",
          "Cache miss for key-4524",
          "Step 13/25: Running migrations",
          "\u2713 Step 'checkout' succeeded",
          "\u2713 package completed",
          "Coverage: 85% statements, 80% branches",
          "Step 4/19: Deploying",
          "Already up to date.",
          "Minifying vendor.js",
          "Compiling src/app.ts...",
          "Image pulled successfully",
          "Cache invalidated: dependencies",
          "Optimizing 98 modules...",
          "Bundling styles.css",
          "TLS handshake completed",
          "Done.",
          "Bundling vendor.css",
          "WARNING: axios has known vulnerabilities",
          "Generating source maps...",
          "\u2713 All checks passed",
          "Completed.",
          "TLS handshake completed",
          "Optimizing 68 modules...",
          "[12:50:48] INFO: Starting build process",
          "\u26a0 DEPRECATION: Feature will be removed in v5.0",
          "[12:50:48] INFO: Processing request",
          "Fetching from https://github.com/package.json",
          "[12:50:48] ERROR: Connection failed",
          "Platform: darwin-arm64",
          "WARNING: eslint has known vulnerabilities",
          "Cache hit for key-9116",
          "Step 12/20: Testing",
          "Test Suites: 44 passed, 6 total",
          "Tests: 64 passed, 118 total",
          "Pushing to registry...",
          "Using Node.js 15.17.7",
          "Connection established",
          "WARNING: axios has known vulnerabilities",
          "[12:50:48] DEBUG: Loading configuration",
          "Artifact downloaded: 5MB",
          "[12:50:48] WARN: Deprecated API usage",
          "Snapshots: 33 passed, 47 total",
          "Compiling src/index.js...",
          "Platform: darwin-arm64",
          "Done.",
          "Layer 7/9: RUN command",
          "npm notice: package.json updated",
          "POST /api - 202 (93ms)",
          "Success!",
          "Step 9/16: Installing dependencies",
          "Pulling image: python:18",
          "Installing react@1.12.4",
          "Connection established",
          "Artifact downloaded: 29MB",
          "Compiling utils/service.java...",
          "Compiling src/app.ts...",
          "Compiling src/handler.rs...",
          "Cache hit for key-8083",
          "Checking out main branch",
          "Installing prettier@5.15.1",
          "Platform: darwin-arm64",
          "[12:50:48] ERROR: Connection failed",
          "Compiling src/handler.rs...",
          "\u26a0 DEPRECATION: Feature will be removed in v4.0",
          "[12:50:48] DEBUG: Loading configuration",
          "Artifact uploaded: dist.zip (8MB)",
          "Optimizing 96 modules...",
          "npm notice: created a lockfile",
          "npm notice: package.json updated",
          "Exception: NullPointerException",
          "[12:50:48] WARN: Deprecated API usage",
          "[12:50:48] DEBUG: Query executed in 69ms",
          "Optimizing 22 modules...",
          "Fetching from https://docker.io/package.json",
          "Bundling runtime.js",
          "[12:50:48] INFO: Starting build process",
          "Artifact uploaded: build.tar.gz (7MB)",
          "Using Python 3.10",
          "npm notice: package.json updated",
          "Verifying...",
          "Cache invalidated: build",
          "Cache restored successfully (433MB)",
          "Using Python 3.11",
          "Completed.",
          "Minifying app.js",
          "Optimizing 92 modules...",
          "Step 8/17: Installing dependencies",
          "Minifying app.js",
          "[12:50:48] WARN: Deprecated API usage",
          "Creating production build...",
          "Fetching submodules...",
          "  PASS: e2e/test_auth_login.spec.js",
          "Artifact uploaded: dist.zip (78MB)",
          "\u2713 Step 'setup' succeeded",
          "Coverage: 73% statements, 89% branches",
          "[12:50:48] DEBUG: Loading configuration",
          "GET /health - 200 (72ms)",
          "Platform: darwin-arm64",
          "FAILED: test_api_health",
          "Waiting...",
          "Artifact downloaded: 36MB",
          "\u2713 All checks passed",
          "GET /api - 204 (36ms)",
          "Compiling lib/handler.rs...",
          "Bundling styles.css",
          "Installing eslint@5.13.4",
          "Building Docker image...",
          "Transforming 713 files...",
          "Cache invalidated: build",
          "Artifact downloaded: 18MB",
          "Using Node.js 17.16.7",
          "\u26a0 DEPRECATION: Feature will be removed in v5.0",
          "Checking out develop branch",
          "\u26a0 DEPRECATION: Feature will be removed in v5.0",
          "Step 11/25: Linting",
          "Processing...",
          "Cache miss for key-3313",
          "[12:50:48] DEBUG: Memory usage: 125MB",
          "Ran 153 tests in 49s",
          "TLS handshake completed",
          "Fetching submodules...",
          "GET /api - 200 (37ms)",
          "Installing lodash@1.15.9",
          "[12:50:48] DEBUG: Loading configuration",
          "Cache miss for key-1546",
          "Transforming 907 files...",
          "HEAD is now at 45d0c23",
          "WARNING: react has known vulnerabilities",
          "POST /data - 200 (287ms)",
          "Artifact uploaded: build.tar.gz (19MB)",
          "Transforming 970 files...",
          "Platform: win32-x64",
          "Coverage: 73% statements, 84% branches",
          "HEAD is now at 5cc656d",
          "Finished.",
          "TLS handshake completed",
          "GET /api - 204 (74ms)",
          "\u2713 All checks passed",
          "Waiting...",
          "\u2713 Step 'install' succeeded",
          "[12:50:48] INFO: Starting build process",
          "Fetching from https://docker.io/package.json",
          "Using Python 3.9",
          "Pushing to registry...",
          "Snapshots: 31 passed, 14 total",
          "  PASS: e2e/test_api_health.spec.js",
          "Completed.",
          "pip: Downloading jest-1.8.tar.gz",
          "Cache saved successfully",
          "NODE_ENV=development",
          "[12:50:48] INFO: Connecting to database",
          "Cache restored successfully (334MB)",
          "Uploading artifact 'build' (46 files)",
          "[12:50:48] DEBUG: Initializing service",
          "WARNING: express has known vulnerabilities",
          "Fetching submodules...",
          "=== Step deploy_staging completed ==="
        ]
      },
      {
        "name": "setup_environment",
        "status": "success",
        "started_at": "2025-12-07T12:51:33.353958",
        "finished_at": "2025-12-07T12:51:37.643510",
        "log_lines": [
          "=== Step: setup_environment ===",
          "Completed.",
          "Compiling utils/index.js...",
          "Exception: RuntimeError",
          "Pushing to registry...",
          "Using Node.js 19.16.8",
          "Uploading artifact 'coverage' (27 files)",
          "npm notice: created a lockfile",
          "FAILED: test_api_health",
          "pip install: Successfully installed eslint-4.11",
          "Transforming 241 files...",
          "Loading...",
          "[12:50:48] INFO: Cache refreshed",
          "Finished.",
          "Ran 54 tests in 3s",
          "Coverage: 72% statements, 82% branches",
          "WARNING: express has known vulnerabilities",
          "Bundling main.js",
          "\u26a0 DEPRECATION: Feature will be removed in v3.0",
          "Finished.",
          "Cache restored successfully (171MB)",
          "Step 14/18: Installing dependencies",
          "Checking out main branch",
          "Layer 8/10: RUN command",
          "Test Suites: 43 passed, 45 total",
          "Step 17/24: Deploying",
          "[12:50:48] ERROR: Connection failed",
          "Processing...",
          "Artifact downloaded: 3MB",
          "Already up to date.",
          "NODE_ENV=test",
          "Transforming 412 files...",
          "Environment: staging",
          "FAILED: test_user_create",
          "[12:50:48] DEBUG: Query executed in 91ms",
          "\u26a0 DEPRECATION: Feature will be removed in v4.0",
          "Optimizing 62 modules...",
          "yarn add: Done in 5.80s",
          "Optimizing 30 modules...",
          "\u2713 Task completed in 1070ms",
          "\u2713 Step 'test' succeeded",
          "WARNING: lodash has known vulnerabilities",
          "[12:50:48] WARN: Deprecated API usage",
          "TLS handshake completed",
          "FAILED: test_db_connect",
          "[12:50:48] INFO: Starting build process",
          "Installing react@3.18.2",
          "pip: Downloading express-5.4.tar.gz",
          "Snapshots: 9 passed, 50 total",
          "OK",
          "GET /status - 201 (64ms)",
          "[12:50:48] DEBUG: Loading configuration",
          "Test Suites: 7 passed, 11 total",
          "Bundling vendor.css",
          "Cache saved successfully",
          "\u2713 Step 'checkout' succeeded",
          "\u2713 build completed",
          "Already up to date.",
          "Fetching from https://googleapis.com/package.json",
          "Generating source maps...",
          "  PASS: test_api_health (215ms)",
          "Ready.",
          "Creating production build...",
          "HEAD is now at 857a353",
          "Using Node.js 16.14.6",
          "pip install: Successfully installed axios-3.20",
          "[12:50:48] INFO: Request completed",
          "Generating source maps...",
          "Completed.",
          "Minifying vendor.js",
          "Cache invalidated: build",
          "Cache miss for key-6883",
          "Test Suites: 12 passed, 20 total",
          "npm install: added 81 packages",
          "OK",
          "pip: Downloading jest-2.9.tar.gz",
          "Completed.",
          "pip: Collecting prettier",
          "HEAD is now at 955fb37",
          "Compiling lib/utils.go...",
          "POST /upload - 202 (435ms)",
          "Waiting...",
          "\u2713 Task completed in 2193ms",
          "Exception: ValueError",
          "Time: 23.459s",
          "Cache saved successfully",
          "npm notice: package.json updated",
          "Cache hit for key-1095",
          "Cache hit for key-7374",
          "Using Python 3.12",
          "\u2713 Step 'install' succeeded",
          "Already up to date.",
          "Loading...",
          "Step 2/23: Deploying",
          "Connection established",
          "Done.",
          "Environment: staging",
          "Connection established",
          "[12:50:48] DEBUG: Initializing service",
          "Compiling utils/handler.rs...",
          "Installing axios@1.14.5",
          "\u2713 test completed",
          "Step 8/17: Installing dependencies",
          "Layer 9/9: COPY command",
          "\u2713 Task completed in 2702ms",
          "Switched to branch 'bugfix/task-484'",
          "Compiling lib/utils.go...",
          "Compiling lib/service.java...",
          "Cache miss for key-2280",
          "Test Suites: 29 passed, 34 total",
          "Cache hit for key-1769",
          "\u26a0 DEPRECATION: Feature will be removed in v4.0",
          "pip: Collecting jest",
          "\u26a0 DEPRECATION: Feature will be removed in v5.0",
          "Completed.",
          "Completed.",
          "Installing eslint@2.7.7",
          "Switched to branch 'hotfix/task-788'",
          "Generating source maps...",
          "Step 19/20: Running migrations",
          "Test Suites: 32 passed, 48 total",
          "npm install: resolved 614 packages",
          "Optimizing 56 modules...",
          "[12:50:48] INFO: Starting build process",
          "Processing...",
          "npm notice: package.json updated",
          "Minifying app.js",
          "  PASS: test_api_health (279ms)",
          "Step 8/19: Installing dependencies",
          "\u26a0 DEPRECATION: Feature will be removed in v4.0",
          "Step 9/17: Linting",
          "[12:50:48] INFO: Starting build process",
          "Step 19/17: Installing dependencies",
          "Waiting...",
          "Test Suites: 42 passed, 46 total",
          "Transforming 857 files...",
          "Transforming 208 files...",
          "Generating source maps...",
          "Checking out develop branch",
          "[12:50:48] DEBUG: Connection pool: 18 active",
          "pip: Downloading axios-3.10.tar.gz",
          "Creating production build...",
          "Installing axios@2.18.8",
          "Step 6/15: Testing",
          "[12:50:48] WARN: Deprecated API usage",
          "Using Node.js 15.1.5",
          "NODE_ENV=production",
          "Ready.",
          "Compiling components/index.js...",
          "[12:50:48] INFO: Starting build process",
          "  PASS: test_api_health (82ms)",
          "Bundling vendor.css",
          "Optimizing 58 modules...",
          "NODE_ENV=production",
          "Loading...",
          "[12:50:48] DEBUG: Memory usage: 1848MB",
          "npm notice: package.json updated",
          "Finished.",
          "\u2717 build failed with exit code 122",
          "Layer 5/9: RUN command",
          "Cache saved successfully",
          "Compiling lib/service.java...",
          "\u2713 All checks passed",
          "TLS handshake completed",
          "Using Python 3.10",
          "Processing...",
          "npm install: added 266 packages",
          "Success!",
          "[12:50:48] INFO: Cache refreshed",
          "Installing jest@2.5.9",
          "Generating source maps...",
          "Step 13/22: Building",
          "Finished.",
          "[12:50:48] WARN: Deprecated API usage",
          "[12:50:48] ERROR: Connection failed",
          "\u2713 package completed",
          "Cache hit for key-2335",
          "Compiling components/index.js...",
          "pip install: Successfully installed lodash-3.12",
          "Installing express@5.5.7",
          "Waiting...",
          "NODE_ENV=development",
          "[12:50:48] WARN: Deprecated API usage",
          "Compiling src/service.java...",
          "  PASS: test_db_connect (416ms)",
          "[12:50:48] INFO: Processing request",
          "Verifying...",
          "WARNING: prettier has known vulnerabilities",
          "Verifying...",
          "Compiling components/service.java...",
          "Generating source maps...",
          "Waiting...",
          "[12:50:48] INFO: Processing request",
          "yarn add: Done in 23.67s",
          "Success!",
          "Cache saved successfully",
          "[12:50:48] DEBUG: Loading configuration",
          "Switched to branch 'bugfix/task-610'",
          "Artifact uploaded: dist.zip (31MB)",
          "Using Python 3.9",
          "Cache saved successfully",
          "Pushing to registry...",
          "pip install: Successfully installed jest-2.10",
          "Pulling image: node:latest",
          "Loading...",
          "Ready.",
          "Processing...",
          "Compiling lib/service.java...",
          "Cache restored successfully (17MB)",
          "Cache restored successfully (338MB)",
          "Compiling lib/index.js...",
          "  PASS: e2e/test_api_health.spec.js",
          "[12:50:48] INFO: Processing request",
          "  PASS: test_db_connect (365ms)",
          "Ready.",
          "[12:50:48] INFO: Request completed",
          "=== Step setup_environment completed ==="
        ]
      },
      {
        "name": "setup_node",
        "status": "success",
        "started_at": "2025-12-07T12:51:37.643510",
        "finished_at": "2025-12-07T12:51:41.933062",
        "log_lines": [
          "=== Step: setup_node ===",
          "  PASS: unit/test_cache_hit.spec.js",
          "Checking out master branch",
          "Completed.",
          "[12:50:48] INFO: Starting build process",
          "HEAD is now at 4f7d1df",
          "[12:50:48] INFO: Starting build process",
          "\u2713 Step 'install' succeeded",
          "Waiting...",
          "Using Python 3.9",
          "Platform: win32-x64",
          "\u2713 Task completed in 4803ms",
          "Switched to branch 'feature/task-596'",
          "WARNING: express has known vulnerabilities",
          "pip: Downloading react-4.14.tar.gz",
          "Step 13/16: Building",
          "Minifying main.js",
          "Checking out main branch",
          "[12:50:48] INFO: Processing request",
          "Exception: ValueError",
          "[12:50:48] WARN: Deprecated API usage",
          "Image pulled successfully",
          "Completed.",
          "[12:50:48] INFO: Connecting to database",
          "Building Docker image...",
          "Cache miss for key-5802",
          "HEAD is now at a274034",
          "Layer 6/8: ENV command",
          "Compiling src/main.py...",
          "Step 16/23: Deploying",
          "Artifact uploaded: build.tar.gz (32MB)",
          "Fetching submodules...",
          "Fetching submodules...",
          "[12:50:48] DEBUG: Loading configuration",
          "Artifact downloaded: 20MB",
          "GET /health - 204 (54ms)",
          "Fetching submodules...",
          "[12:50:48] INFO: Connecting to database",
          "[12:50:48] DEBUG: Initializing service",
          "Processing...",
          "Installing lodash@4.6.0",
          "[12:50:48] INFO: Request completed",
          "yarn add: Done in 29.90s",
          "Waiting...",
          "\u2713 Task completed in 841ms",
          "Pushing to registry...",
          "Finished.",
          "  PASS: unit/test_api_health.spec.js",
          "Optimizing 49 modules...",
          "[12:50:48] WARN: Deprecated API usage",
          "Step 9/19: Deploying",
          "NODE_ENV=test",
          "Success!",
          "Uploading artifact 'build' (2 files)",
          "Tests: 168 passed, 66 total",
          "Installing eslint@2.16.8",
          "[12:50:48] INFO: Processing request",
          "Fetching from https://npmjs.org/package.json",
          "Generating source maps...",
          "Step 14/15: Testing",
          "Step 20/17: Building",
          "Bundling runtime.js",
          "Compiling src/index.js...",
          "Step 17/24: Testing",
          "Environment: production",
          "Artifact uploaded: dist.zip (7MB)",
          "Step 9/23: Deploying",
          "GET /health - 204 (40ms)",
          "Loading...",
          "\u2713 All checks passed",
          "Image pulled successfully",
          "[12:50:48] WARN: Deprecated API usage",
          "[12:50:48] DEBUG: Memory usage: 1821MB",
          "  PASS: integration/test_auth_login.spec.js",
          "Connection established",
          "npm install: resolved 1591 packages",
          "GET /status - 200 (85ms)",
          "Coverage: 96% statements, 72% branches",
          "Step 16/25: Installing dependencies",
          "Using Python 3.12",
          "Checking out master branch",
          "\u26a0 DEPRECATION: Feature will be removed in v2.0",
          "[12:50:48] INFO: Processing request",
          "Ready.",
          "NODE_ENV=test",
          "Time: 61.328s",
          "Creating production build...",
          "\u2713 Step 'build' succeeded",
          "Using Python 3.10",
          "npm install: added 467 packages",
          "Step 15/25: Deploying",
          "Minifying app.js",
          "POST /api - 201 (161ms)",
          "Environment: staging",
          "npm install: added 152 packages",
          "Environment: development",
          "Platform: darwin-arm64",
          "TLS handshake completed",
          "Verifying...",
          "Cache restored successfully (416MB)",
          "WARNING: webpack has known vulnerabilities",
          "Finished.",
          "Cache hit for key-3530",
          "Cache saved successfully",
          "Cache hit for key-3687",
          "Step 17/20: Building",
          "[12:50:48] INFO: Connecting to database",
          "OK",
          "Loading...",
          "Generating source maps...",
          "Step 18/20: Linting",
          "Using Python 3.11",
          "npm notice: created a lockfile",
          "pip install: Successfully installed react-4.5",
          "[12:50:48] INFO: Starting build process",
          "\u26a0 DEPRECATION: Feature will be removed in v2.0",
          "Artifact uploaded: dist.zip (14MB)",
          "Test Suites: 29 passed, 18 total",
          "Pushing to registry...",
          "Processing...",
          "Minifying vendor.js",
          "pip install: Successfully installed jest-5.20",
          "Connection established",
          "Already up to date.",
          "Bundling styles.css",
          "WARNING: react has known vulnerabilities",
          "Step 15/16: Building",
          "[12:50:48] WARN: Deprecated API usage",
          "Compiling src/app.ts...",
          "Step 15/19: Deploying",
          "NODE_ENV=development",
          "[12:50:48] WARN: Deprecated API usage",
          "WARNING: webpack has known vulnerabilities",
          "Processing...",
          "\u2713 Task completed in 4888ms",
          "Already up to date.",
          "\u2717 build failed with exit code 16",
          "Exception: TypeError",
          "FAILED: test_auth_login",
          "Compiling components/utils.go...",
          "Already up to date.",
          "\u2713 Step 'install' succeeded",
          "HEAD is now at f98dc18",
          "[12:50:48] DEBUG: Loading configuration",
          "npm install: added 251 packages",
          "Cache miss for key-6764",
          "Step 14/17: Running migrations",
          "pip install: Successfully installed webpack-2.8",
          "Cache restored successfully (419MB)",
          "Fetching from https://docker.io/package.json",
          "pip: Downloading eslint-4.19.tar.gz",
          "Bundling vendor.js",
          "\u2713 build completed",
          "Artifact downloaded: 7MB",
          "Using Python 3.9",
          "Time: 7.206s",
          "Step 1/23: Deploying",
          "Processing...",
          "Environment: staging",
          "[12:50:48] DEBUG: Loading configuration",
          "\u26a0 DEPRECATION: Feature will be removed in v3.0",
          "GET /health - 201 (63ms)",
          "pip install: Successfully installed react-3.9",
          "Cache saved successfully",
          "Exception: RuntimeError",
          "Step 12/21: Installing dependencies",
          "Done.",
          "Using Node.js 18.9.3",
          "[12:50:48] DEBUG: Initializing service",
          "pip install: Successfully installed axios-2.3",
          "Fetching from https://github.com/package.json",
          "[12:50:48] INFO: Processing request",
          "POST /upload - 202 (137ms)",
          "[12:50:48] WARN: Deprecated API usage",
          "Success!",
          "[12:50:48] DEBUG: Memory usage: 1752MB",
          "yarn add: Done in 19.78s",
          "npm install: added 336 packages",
          "Verifying...",
          "[12:50:48] INFO: Connecting to database",
          "\u26a0 DEPRECATION: Feature will be removed in v2.0",
          "Step 12/21: Building",
          "npm notice: created a lockfile",
          "Uploading artifact 'build' (31 files)",
          "[12:50:48] DEBUG: Query executed in 26ms",
          "Cache invalidated: dependencies",
          "Ran 90 tests in 49s",
          "Waiting...",
          "[12:50:48] WARN: Deprecated API usage",
          "Using Node.js 18.15.3",
          "Tests: 75 passed, 335 total",
          "TLS handshake completed",
          "\u2713 All checks passed",
          "Tests: 323 passed, 154 total",
          "Artifact uploaded: build.tar.gz (28MB)",
          "WARNING: axios has known vulnerabilities",
          "[12:50:48] INFO: Processing request",
          "Minifying vendor.js",
          "Pushing to registry...",
          "Step 14/17: Building",
          "Compiling lib/utils.go...",
          "Minifying app.js",
          "Optimizing 43 modules...",
          "Snapshots: 47 passed, 47 total",
          "yarn add: Done in 27.25s",
          "\u2713 All checks passed",
          "Connection established",
          "Compiling utils/utils.go...",
          "pip: Installing build dependencies...",
          "Installing axios@4.13.8",
          "Using Python 3.11",
          "pip: Downloading axios-3.12.tar.gz",
          "Step 20/19: Linting",
          "Processing...",
          "Switched to branch 'hotfix/task-282'",
          "Artifact uploaded: build.tar.gz (2MB)",
          "=== Step setup_node completed ==="
        ]
      },
      {
        "name": "lint",
        "status": "success",
        "started_at": "2025-12-07T12:51:41.933062",
        "finished_at": "2025-12-07T12:51:46.222614",
        "log_lines": [
          "=== Step: lint ===",
          "[12:50:48] ERROR: Connection failed",
          "GET /api - 200 (76ms)",
          "\u26a0 DEPRECATION: Feature will be removed in v2.0",
          "Step 8/20: Running migrations",
          "OK",
          "Bundling vendor.css",
          "Verifying...",
          "Cache miss for key-1849",
          "npm notice: created a lockfile",
          "Connection established",
          "Step 1/15: Testing",
          "  PASS: integration/test_cache_hit.spec.js",
          "Step 10/25: Testing",
          "Artifact uploaded: build.tar.gz (48MB)",
          "npm install: resolved 508 packages",
          "npm install: added 497 packages",
          "npm install: resolved 1436 packages",
          "WARNING: prettier has known vulnerabilities",
          "Compiling src/handler.rs...",
          "Step 1/24: Deploying",
          "Image pulled successfully",
          "Success!",
          "\u2713 deploy completed",
          "Artifact uploaded: build.tar.gz (11MB)",
          "Creating production build...",
          "HEAD is now at 1204207",
          "Compiling components/app.ts...",
          "Compiling lib/handler.rs...",
          "Cache miss for key-5943",
          "\u26a0 DEPRECATION: Feature will be removed in v4.0",
          "WARNING: jest has known vulnerabilities",
          "Compiling src/handler.rs...",
          "Artifact uploaded: dist.zip (56MB)",
          "\u2717 build failed with exit code 75",
          "[12:50:48] DEBUG: Initializing service",
          "npm notice: package.json updated",
          "WARNING: eslint has known vulnerabilities",
          "npm notice: package.json updated",
          "Compiling lib/app.ts...",
          "Optimizing 70 modules...",
          "Coverage: 72% statements, 95% branches",
          "Artifact downloaded: 25MB",
          "WARNING: lodash has known vulnerabilities",
          "Installing lodash@4.20.4",
          "Step 17/24: Building",
          "Cache restored successfully (443MB)",
          "Using Node.js 20.8.9",
          "Snapshots: 1 passed, 4 total",
          "Cache restored successfully (227MB)",
          "Step 18/16: Installing dependencies",
          "Optimizing 26 modules...",
          "Loading...",
          "Step 6/21: Installing dependencies",
          "Environment: staging",
          "Cache hit for key-5938",
          "Compiling lib/service.java...",
          "pip: Downloading webpack-5.0.tar.gz",
          "Compiling utils/index.js...",
          "Bundling main.css",
          "Time: 69.17s",
          "Creating production build...",
          "[12:50:48] INFO: Request completed",
          "Optimizing 22 modules...",
          "TLS handshake completed",
          "[12:50:48] INFO: Starting build process",
          "[12:50:48] WARN: Deprecated API usage",
          "Compiling components/index.js...",
          "Done.",
          "Switched to branch 'hotfix/task-285'",
          "Transforming 937 files...",
          "pip: Downloading lodash-2.7.tar.gz",
          "Step 15/21: Testing",
          "Compiling utils/app.ts...",
          "Minifying main.js",
          "[12:50:48] WARN: Deprecated API usage",
          "\u2713 All checks passed",
          "HEAD is now at a88739c",
          "[12:50:48] WARN: Deprecated API usage",
          "Already up to date.",
          "Layer 6/12: ENV command",
          "npm install: added 249 packages",
          "WARNING: webpack has known vulnerabilities",
          "Done.",
          "pip: Installing build dependencies...",
          "Checking out master branch",
          "POST /data - 202 (440ms)",
          "Exception: NullPointerException",
          "Step 6/25: Linting",
          "Tests: 299 passed, 299 total",
          "\u26a0 DEPRECATION: Feature will be removed in v5.0",
          "Connection established",
          "Transforming 515 files...",
          "[12:50:48] INFO: Connecting to database",
          "\u2713 All checks passed",
          "npm install: added 459 packages",
          "Step 5/17: Testing",
          "WARNING: jest has known vulnerabilities",
          "[12:50:48] ERROR: Connection failed",
          "TLS handshake completed",
          "pip: Downloading lodash-1.3.tar.gz",
          "pip: Installing build dependencies...",
          "Fetching submodules...",
          "Step 12/24: Testing",
          "npm install: added 481 packages",
          "Installing webpack@2.3.10",
          "pip install: Successfully installed eslint-1.13",
          "NODE_ENV=production",
          "Waiting...",
          "Compiling components/app.ts...",
          "[12:50:48] DEBUG: Memory usage: 666MB",
          "Building Docker image...",
          "Ran 97 tests in 35s",
          "Fetching from https://githubusercontent.com/package.json",
          "Artifact downloaded: 13MB",
          "[12:50:48] INFO: Connecting to database",
          "TLS handshake completed",
          "WARNING: prettier has known vulnerabilities",
          "Using Node.js 17.10.5",
          "Step 12/19: Building",
          "Artifact downloaded: 42MB",
          "Cache invalidated: dependencies",
          "Loading...",
          "Processing...",
          "npm notice: package.json updated",
          "WARNING: jest has known vulnerabilities",
          "Step 12/19: Running migrations",
          "Cache restored successfully (432MB)",
          "Ran 152 tests in 48s",
          "Ran 32 tests in 15s",
          "[12:50:48] WARN: Deprecated API usage",
          "[12:50:48] WARN: Deprecated API usage",
          "Ran 85 tests in 44s",
          "Ready.",
          "Time: 34.352s",
          "Loading...",
          "Step 10/25: Installing dependencies",
          "Creating production build...",
          "  PASS: e2e/test_user_create.spec.js",
          "  PASS: e2e/test_api_health.spec.js",
          "npm install: resolved 574 packages",
          "Tests: 261 passed, 441 total",
          "Fetching from https://npmjs.org/package.json",
          "Step 1/18: Running migrations",
          "  PASS: unit/test_user_create.spec.js",
          "  PASS: test_cache_hit (341ms)",
          "Artifact uploaded: dist.zip (21MB)",
          "Generating source maps...",
          "\u26a0 DEPRECATION: Feature will be removed in v4.0",
          "Compiling utils/service.java...",
          "Checking out develop branch",
          "Compiling lib/utils.go...",
          "\u2717 build failed with exit code 103",
          "[12:50:48] INFO: Processing request",
          "GET /health - 200 (56ms)",
          "FAILED: test_api_health",
          "Checking out main branch",
          "Compiling components/index.js...",
          "POST /data - 202 (290ms)",
          "FAILED: test_api_health",
          "Using Python 3.9",
          "NODE_ENV=development",
          "OK",
          "Artifact uploaded: build.tar.gz (20MB)",
          "Fetching submodules...",
          "Finished.",
          "Finished.",
          "Processing...",
          "Using Python 3.10",
          "Artifact uploaded: build.tar.gz (7MB)",
          "[12:50:48] DEBUG: Memory usage: 1195MB",
          "Cache invalidated: dependencies",
          "Step 18/19: Running migrations",
          "Cache restored successfully (275MB)",
          "\u2713 All checks passed",
          "Minifying app.js",
          "Image pulled successfully",
          "Done.",
          "[12:50:48] INFO: Request completed",
          "Processing...",
          "Already up to date.",
          "FAILED: test_db_connect",
          "[12:50:48] INFO: Request completed",
          "Image pulled successfully",
          "[12:50:48] INFO: Processing request",
          "yarn add: Done in 16.13s",
          "Switched to branch 'bugfix/task-168'",
          "Compiling src/handler.rs...",
          "[12:50:48] DEBUG: Query executed in 66ms",
          "POST /data - 201 (160ms)",
          "[12:50:48] INFO: Cache refreshed",
          "[12:50:48] INFO: Starting build process",
          "[12:50:48] DEBUG: Loading configuration",
          "Success!",
          "Environment: development",
          "[12:50:48] INFO: Cache refreshed",
          "Artifact uploaded: build.tar.gz (42MB)",
          "Ready.",
          "Loading...",
          "Already up to date.",
          "NODE_ENV=development",
          "Optimizing 27 modules...",
          "pip install: Successfully installed axios-3.7",
          "npm notice: package.json updated",
          "Using Node.js 17.2.7",
          "Compiling utils/app.ts...",
          "Exception: RuntimeError",
          "\u2713 All checks passed",
          "[12:50:48] INFO: Request completed",
          "GET /api - 201 (55ms)",
          "Pushing to registry...",
          "  PASS: integration/test_cache_hit.spec.js",
          "Cache restored successfully (58MB)",
          "[12:50:48] DEBUG: Initializing service",
          "pip: Downloading prettier-5.11.tar.gz",
          "Finished.",
          "=== Step lint completed ==="
        ]
      },
      {
        "name": "checkout",
        "status": "success",
        "started_at": "2025-12-07T12:51:46.222614",
        "finished_at": "2025-12-07T12:51:47.938435",
        "log_lines": [
          "=== Step: checkout ===",
          "pip: Collecting express",
          "Success!",
          "Step 11/17: Running migrations",
          "\u26a0 DEPRECATION: Feature will be removed in v4.0",
          "Minifying app.js",
          "Compiling lib/service.java...",
          "Processing...",
          "Using Python 3.12",
          "Fetching from https://amazonaws.com/package.json",
          "WARNING: jest has known vulnerabilities",
          "  PASS: test_user_create (375ms)",
          "Test Suites: 5 passed, 31 total",
          "HEAD is now at 7025a00",
          "Test Suites: 5 passed, 30 total",
          "Success!",
          "[12:50:48] INFO: Processing request",
          "Artifact uploaded: dist.zip (54MB)",
          "Time: 1.447s",
          "\u26a0 DEPRECATION: Feature will be removed in v2.0",
          "Switched to branch 'hotfix/task-484'",
          "NODE_ENV=test",
          "Generating source maps...",
          "Step 7/24: Building",
          "Environment: production",
          "Finished.",
          "POST /api - 202 (397ms)",
          "Finished.",
          "Environment: test",
          "Artifact downloaded: 14MB",
          "POST /data - 200 (215ms)",
          "[12:50:48] DEBUG: Query executed in 60ms",
          "Layer 4/13: RUN command",
          "Using Python 3.12",
          "\u2713 Task completed in 1828ms",
          "\u2713 Step 'install' succeeded",
          "TLS handshake completed",
          "Checking out develop branch",
          "Finished.",
          "Pushing to registry...",
          "OK",
          "OK",
          "[12:50:48] DEBUG: Initializing service",
          "Processing...",
          "Time: 50.273s",
          "\u2713 All checks passed",
          "WARNING: axios has known vulnerabilities",
          "Step 16/25: Running migrations",
          "Processing...",
          "Verifying...",
          "[12:50:48] INFO: Connecting to database",
          "Exception: ValueError",
          "Pulling image: node:18",
          "Step 17/25: Running migrations",
          "Step 4/19: Running migrations",
          "Waiting...",
          "Checking out main branch",
          "Compiling src/handler.rs...",
          "Building Docker image...",
          "Connection established",
          "\u2717 build failed with exit code 73",
          "\u2713 package completed",
          "Checking out develop branch",
          "npm notice: package.json updated",
          "HEAD is now at 0c390dd",
          "Cache restored successfully (447MB)",
          "Waiting...",
          "Ran 106 tests in 31s",
          "Already up to date.",
          "pip: Collecting webpack",
          "npm install: resolved 1087 packages",
          "\u26a0 DEPRECATION: Feature will be removed in v4.0",
          "Generating source maps...",
          "Bundling styles.css",
          "[12:50:48] INFO: Starting build process",
          "Creating production build...",
          "Step 15/19: Linting",
          "Cache invalidated: node_modules",
          "pip install: Successfully installed react-5.7",
          "Artifact downloaded: 47MB",
          "pip: Installing build dependencies...",
          "Creating production build...",
          "Pulling image: alpine:3.11",
          "[12:50:48] DEBUG: Initializing service",
          "Artifact uploaded: build.tar.gz (43MB)",
          "Done.",
          "OK",
          "Transforming 253 files...",
          "pip install: Successfully installed react-1.8",
          "OK",
          "WARNING: axios has known vulnerabilities",
          "Cache invalidated: node_modules",
          "Snapshots: 48 passed, 21 total",
          "Step 1/16: Deploying",
          "Fetching submodules...",
          "Compiling lib/service.java...",
          "Platform: linux-x64",
          "npm notice: created a lockfile",
          "npm notice: created a lockfile",
          "Time: 20.311s",
          "[12:50:48] WARN: Deprecated API usage",
          "\u2713 deploy completed",
          "Platform: linux-x64",
          "Platform: linux-x64",
          "Bundling runtime.css",
          "POST /upload - 200 (406ms)",
          "Compiling utils/main.py...",
          "Step 20/24: Building",
          "Uploading artifact 'coverage' (24 files)",
          "Compiling lib/main.py...",
          "Processing...",
          "  PASS: integration/test_api_health.spec.js",
          "yarn add: Done in 23.91s",
          "Transforming 500 files...",
          "Platform: linux-x64",
          "\u2713 Step 'setup' succeeded",
          "Optimizing 65 modules...",
          "Verifying...",
          "\u2713 Task completed in 4016ms",
          "Uploading artifact 'dist' (7 files)",
          "Bundling runtime.css",
          "Pushing to registry...",
          "TLS handshake completed",
          "[12:50:48] WARN: Deprecated API usage",
          "Verifying...",
          "[12:50:48] INFO: Connecting to database",
          "Already up to date.",
          "Creating production build...",
          "Step 2/15: Installing dependencies",
          "Waiting...",
          "[12:50:48] DEBUG: Loading configuration",
          "\u2713 All checks passed",
          "FAILED: test_auth_login",
          "Step 10/25: Running migrations",
          "[12:50:48] DEBUG: Loading configuration",
          "[12:50:48] DEBUG: Memory usage: 733MB",
          "Checking out develop branch",
          "Image pulled successfully",
          "Success!",
          "Step 5/19: Building",
          "Ready.",
          "Processing...",
          "Finished.",
          "Using Node.js 18.6.8",
          "Using Python 3.10",
          "[12:50:48] WARN: Deprecated API usage",
          "Processing...",
          "npm notice: package.json updated",
          "\u26a0 DEPRECATION: Feature will be removed in v4.0",
          "[12:50:48] DEBUG: Connection pool: 3 active",
          "[12:50:48] ERROR: Connection failed",
          "WARNING: axios has known vulnerabilities",
          "\u26a0 DEPRECATION: Feature will be removed in v3.0",
          "Generating source maps...",
          "Installing lodash@5.16.0",
          "Connection established",
          "Compiling utils/utils.go...",
          "Minifying vendor.js",
          "Compiling lib/handler.rs...",
          "Step 20/18: Installing dependencies",
          "Cache restored successfully (264MB)",
          "Platform: darwin-arm64",
          "GET /api - 204 (64ms)",
          "Ready.",
          "Coverage: 86% statements, 94% branches",
          "Processing...",
          "NODE_ENV=production",
          "Completed.",
          "Snapshots: 36 passed, 18 total",
          "Platform: darwin-arm64",
          "Creating production build...",
          "  PASS: test_db_connect (74ms)",
          "[12:50:48] DEBUG: Query executed in 78ms",
          "Ready.",
          "Step 4/17: Running migrations",
          "[12:50:48] WARN: Deprecated API usage",
          "Exception: ValueError",
          "Snapshots: 34 passed, 49 total",
          "FAILED: test_db_connect",
          "Pulling image: python:18",
          "Environment: staging",
          "NODE_ENV=test",
          "pip: Installing build dependencies...",
          "Environment: production",
          "[12:50:48] INFO: Processing request",
          "Success!",
          "Switched to branch 'bugfix/task-961'",
          "Verifying...",
          "POST /upload - 200 (420ms)",
          "Fetching submodules...",
          "Transforming 845 files...",
          "Cache restored successfully (47MB)",
          "pip install: Successfully installed webpack-2.10",
          "npm notice: package.json updated",
          "Tests: 339 passed, 296 total",
          "[12:50:48] WARN: Deprecated API usage",
          "Cache restored successfully (396MB)",
          "[12:50:48] INFO: Processing request",
          "Compiling lib/app.ts...",
          "pip: Collecting eslint",
          "Step 17/20: Building",
          "Using Python 3.10",
          "Success!",
          "Cache restored successfully (158MB)",
          "Optimizing 79 modules...",
          "pip: Downloading react-1.8.tar.gz",
          "Waiting...",
          "[12:50:48] WARN: Deprecated API usage",
          "TLS handshake completed",
          "[12:50:48] INFO: Cache refreshed",
          "Creating production build...",
          "Compiling utils/app.ts...",
          "Processing...",
          "pip: Downloading webpack-3.10.tar.gz",
          "Pushing to registry...",
          "Step 1/15: Deploying",
          "=== Step checkout completed ==="
        ]
      },
      {
        "name": "build",
        "status": "success",
        "started_at": "2025-12-07T12:51:47.938435",
        "finished_at": "2025-12-07T12:52:00.807090",
        "log_lines": [
          "=== Step: build ===",
          "Transforming 372 files...",
          "Installing express@2.3.9",
          "Completed.",
          "Artifact uploaded: build.tar.gz (28MB)",
          "npm notice: package.json updated",
          "Ran 61 tests in 41s",
          "[12:50:48] INFO: Processing request",
          "POST /api - 201 (404ms)",
          "[12:50:48] INFO: Connecting to database",
          "Installing jest@5.10.6",
          "Installing jest@2.14.0",
          "Coverage: 73% statements, 68% branches",
          "Test Suites: 17 passed, 48 total",
          "Ready.",
          "Compiling lib/service.java...",
          "npm notice: created a lockfile",
          "npm notice: package.json updated",
          "pip: Downloading jest-4.12.tar.gz",
          "\u26a0 DEPRECATION: Feature will be removed in v5.0",
          "Step 15/19: Building",
          "Compiling lib/handler.rs...",
          "Step 2/19: Linting",
          "  PASS: test_db_connect (39ms)",
          "pip: Installing build dependencies...",
          "Waiting...",
          "Test Suites: 32 passed, 18 total",
          "[12:50:48] INFO: Cache refreshed",
          "Creating production build...",
          "npm install: resolved 1481 packages",
          "Coverage: 97% statements, 73% branches",
          "OK",
          "NODE_ENV=test",
          "\u26a0 DEPRECATION: Feature will be removed in v4.0",
          "[12:50:48] INFO: Starting build process",
          "Ran 66 tests in 50s",
          "Platform: win32-x64",
          "\u2713 All checks passed",
          "Artifact downloaded: 6MB",
          "Artifact uploaded: dist.zip (37MB)",
          "Ready.",
          "\u2713 validate completed",
          "Already up to date.",
          "Done.",
          "[12:50:48] INFO: Starting build process",
          "Environment: staging",
          "Artifact uploaded: dist.zip (30MB)",
          "Step 8/18: Running migrations",
          "Fetching submodules...",
          "Ran 143 tests in 52s",
          "[12:50:48] DEBUG: Loading configuration",
          "[12:50:48] INFO: Processing request",
          "Compiling components/main.py...",
          "Exception: ValueError",
          "Transforming 191 files...",
          "[12:50:48] INFO: Connecting to database",
          "Layer 8/10: ENV command",
          "[12:50:48] WARN: Deprecated API usage",
          "\u2713 Task completed in 2655ms",
          "WARNING: express has known vulnerabilities",
          "Artifact uploaded: build.tar.gz (16MB)",
          "[12:50:48] DEBUG: Connection pool: 1 active",
          "Cache restored successfully (252MB)",
          "[12:50:48] DEBUG: Query executed in 28ms",
          "\u2713 Step 'install' succeeded",
          "[12:50:48] DEBUG: Loading configuration",
          "Transforming 977 files...",
          "[12:50:48] INFO: Cache refreshed",
          "Step 2/23: Running migrations",
          "\u2713 Step 'install' succeeded",
          "FAILED: test_auth_login",
          "Cache hit for key-8916",
          "WARNING: webpack has known vulnerabilities",
          "Creating production build...",
          "Pushing to registry...",
          "Cache miss for key-1494",
          "HEAD is now at 6b27213",
          "Installing jest@3.4.6",
          "NODE_ENV=test",
          "Environment: staging",
          "Connection established",
          "pip install: Successfully installed react-1.12",
          "Cache saved successfully",
          "Using Python 3.11",
          "  PASS: test_api_health (121ms)",
          "pip install: Successfully installed jest-2.6",
          "Done.",
          "FAILED: test_auth_login",
          "[12:50:48] INFO: Cache refreshed",
          "pip: Collecting jest",
          "Using Node.js 20.1.4",
          "[12:50:48] WARN: Deprecated API usage",
          "Completed.",
          "POST /api - 202 (445ms)",
          "Generating source maps...",
          "pip install: Successfully installed jest-4.2",
          "POST /upload - 200 (196ms)",
          "Verifying...",
          "\u2713 Task completed in 2321ms",
          "Connection established",
          "Artifact uploaded: build.tar.gz (46MB)",
          "Compiling src/index.js...",
          "[12:50:48] INFO: Request completed",
          "Using Python 3.9",
          "FAILED: test_cache_hit",
          "Completed.",
          "Cache restored successfully (397MB)",
          "Switched to branch 'feature/task-121'",
          "Installing eslint@5.6.0",
          "Generating source maps...",
          "TLS handshake completed",
          "Ready.",
          "WARNING: express has known vulnerabilities",
          "[12:50:48] WARN: Deprecated API usage",
          "GET /status - 201 (87ms)",
          "POST /upload - 200 (253ms)",
          "pip: Downloading eslint-4.12.tar.gz",
          "Environment: development",
          "POST /upload - 200 (193ms)",
          "Step 7/21: Installing dependencies",
          "HEAD is now at 7b7098c",
          "Compiling src/app.ts...",
          "Artifact uploaded: dist.zip (2MB)",
          "[12:50:48] DEBUG: Loading configuration",
          "[12:50:48] DEBUG: Memory usage: 946MB",
          "Pushing to registry...",
          "npm notice: package.json updated",
          "Snapshots: 0 passed, 29 total",
          "Step 9/24: Linting",
          "Platform: linux-x64",
          "Compiling lib/handler.rs...",
          "pip: Downloading webpack-4.10.tar.gz",
          "Artifact uploaded: build.tar.gz (9MB)",
          "Finished.",
          "Artifact downloaded: 30MB",
          "pip: Collecting express",
          "[12:50:48] DEBUG: Initializing service",
          "Bundling main.css",
          "Test Suites: 35 passed, 28 total",
          "[12:50:48] DEBUG: Loading configuration",
          "Checking out master branch",
          "[12:50:48] INFO: Request completed",
          "Done.",
          "[12:50:48] DEBUG: Connection pool: 17 active",
          "Cache saved successfully",
          "[12:50:48] INFO: Processing request",
          "Fetching submodules...",
          "Time: 81.389s",
          "Environment: production",
          "Uploading artifact 'coverage' (10 files)",
          "GET /health - 204 (78ms)",
          "Verifying...",
          "Layer 5/11: ENV command",
          "[12:50:48] DEBUG: Connection pool: 20 active",
          "[12:50:48] DEBUG: Query executed in 48ms",
          "[12:50:48] WARN: Deprecated API usage",
          "Ready.",
          "Switched to branch 'hotfix/task-810'",
          "HEAD is now at bd0c5bc",
          "OK",
          "Compiling utils/handler.rs...",
          "Creating production build...",
          "Time: 98.86s",
          "TLS handshake completed",
          "[12:50:48] INFO: Connecting to database",
          "Exception: TypeError",
          "[12:50:48] WARN: Deprecated API usage",
          "Already up to date.",
          "Layer 10/12: ENV command",
          "  PASS: unit/test_api_health.spec.js",
          "[12:50:48] DEBUG: Query executed in 66ms",
          "Pushing to registry...",
          "Layer 1/15: ENV command",
          "\u2713 Step 'build' succeeded",
          "Ran 192 tests in 16s",
          "\u2713 All checks passed",
          "Artifact downloaded: 23MB",
          "yarn add: Done in 3.93s",
          "Waiting...",
          "Cache hit for key-7645",
          "Bundling main.css",
          "Bundling styles.js",
          "Step 19/15: Testing",
          "Step 12/17: Testing",
          "Finished.",
          "Cache hit for key-6521",
          "Step 20/18: Deploying",
          "\u26a0 DEPRECATION: Feature will be removed in v4.0",
          "Platform: linux-x64",
          "Ready.",
          "Minifying vendor.js",
          "Cache hit for key-6149",
          "Compiling utils/index.js...",
          "Installing jest@1.20.4",
          "Cache saved successfully",
          "Step 7/21: Building",
          "Test Suites: 48 passed, 33 total",
          "Step 1/22: Deploying",
          "Switched to branch 'feature/task-321'",
          "pip: Installing build dependencies...",
          "HEAD is now at 2aa34a2",
          "Compiling lib/index.js...",
          "Step 15/24: Deploying",
          "Compiling src/index.js...",
          "\u26a0 DEPRECATION: Feature will be removed in v2.0",
          "WARNING: prettier has known vulnerabilities",
          "npm install: added 343 packages",
          "npm install: added 409 packages",
          "pip: Collecting webpack",
          "[12:50:48] DEBUG: Initializing service",
          "npm install: added 374 packages",
          "[12:50:48] ERROR: Connection failed",
          "[12:50:48] WARN: Deprecated API usage",
          "Processing...",
          "\u2713 Step 'build' succeeded",
          "  PASS: test_api_health (63ms)",
          "=== Step build completed ==="
        ]
      },
      {
        "name": "upload_artifacts",
        "status": "success",
        "started_at": "2025-12-07T12:52:00.807090",
        "finished_at": "2025-12-07T12:52:05.096642",
        "log_lines": [
          "=== Step: upload_artifacts ===",
          "Exception: NullPointerException",
          "[12:50:48] DEBUG: Initializing service",
          "Step 6/24: Running migrations",
          "Cache invalidated: node_modules",
          "NODE_ENV=test",
          "Tests: 140 passed, 265 total",
          "Step 11/15: Linting",
          "Uploading artifact 'dist' (47 files)",
          "Snapshots: 32 passed, 49 total",
          "Finished.",
          "\u2713 All checks passed",
          "\u26a0 DEPRECATION: Feature will be removed in v5.0",
          "\u2713 Task completed in 4519ms",
          "  PASS: test_cache_hit (287ms)",
          "Transforming 300 files...",
          "Transforming 724 files...",
          "Uploading artifact 'build' (8 files)",
          "Layer 8/11: RUN command",
          "Artifact uploaded: build.tar.gz (5MB)",
          "Loading...",
          "Ran 119 tests in 41s",
          "FAILED: test_api_health",
          "Pulling image: python:latest",
          "Switched to branch 'bugfix/task-225'",
          "  PASS: unit/test_cache_hit.spec.js",
          "Done.",
          "Switched to branch 'feature/task-353'",
          "\u2713 Task completed in 4745ms",
          "Cache saved successfully",
          "[12:50:48] DEBUG: Connection pool: 3 active",
          "\u26a0 DEPRECATION: Feature will be removed in v3.0",
          "Optimizing 44 modules...",
          "[12:50:48] INFO: Starting build process",
          "\u2713 All checks passed",
          "Fetching from https://githubusercontent.com/package.json",
          "Test Suites: 24 passed, 8 total",
          "Transforming 206 files...",
          "[12:50:48] INFO: Connecting to database",
          "Building Docker image...",
          "GET /api - 200 (52ms)",
          "Platform: linux-x64",
          "Fetching from https://pypi.org/package.json",
          "Pushing to registry...",
          "Compiling utils/utils.go...",
          "GET /api - 200 (51ms)",
          "pip install: Successfully installed prettier-4.1",
          "Time: 22.443s",
          "Success!",
          "Step 2/23: Installing dependencies",
          "Test Suites: 42 passed, 47 total",
          "Cache saved successfully",
          "NODE_ENV=test",
          "FAILED: test_user_create",
          "Verifying...",
          "Switched to branch 'bugfix/task-968'",
          "Artifact uploaded: dist.zip (69MB)",
          "Platform: win32-x64",
          "Ran 134 tests in 18s",
          "[12:50:48] INFO: Request completed",
          "Artifact uploaded: dist.zip (45MB)",
          "npm install: added 347 packages",
          "[12:50:48] INFO: Cache refreshed",
          "Building Docker image...",
          "HEAD is now at b9f0ea1",
          "pip: Installing build dependencies...",
          "Installing axios@1.5.2",
          "Compiling components/service.java...",
          "\u2713 Task completed in 4142ms",
          "Using Python 3.12",
          "GET /api - 201 (60ms)",
          "pip: Installing build dependencies...",
          "Step 12/24: Running migrations",
          "npm notice: package.json updated",
          "[12:50:48] DEBUG: Loading configuration",
          "Step 11/19: Testing",
          "  PASS: e2e/test_db_connect.spec.js",
          "Step 13/16: Linting",
          "Connection established",
          "Bundling vendor.css",
          "Step 13/23: Linting",
          "Step 9/20: Testing",
          "[12:50:48] INFO: Starting build process",
          "Test Suites: 31 passed, 36 total",
          "npm notice: created a lockfile",
          "[12:50:48] DEBUG: Loading configuration",
          "\u2717 build failed with exit code 109",
          "Success!",
          "Finished.",
          "OK",
          "Fetching submodules...",
          "Step 7/25: Testing",
          "Done.",
          "Transforming 299 files...",
          "[12:50:48] INFO: Request completed",
          "npm install: added 432 packages",
          "Success!",
          "[12:50:48] WARN: Deprecated API usage",
          "Completed.",
          "Processing...",
          "\u26a0 DEPRECATION: Feature will be removed in v2.0",
          "Completed.",
          "Fetching submodules...",
          "Pulling image: alpine:latest",
          "\u2713 package completed",
          "Fetching from https://registry.npmjs.org/package.json",
          "Artifact uploaded: build.tar.gz (13MB)",
          "[12:50:48] INFO: Cache refreshed",
          "\u2713 All checks passed",
          "\u26a0 DEPRECATION: Feature will be removed in v3.0",
          "Bundling vendor.js",
          "Processing...",
          "Step 12/15: Running migrations",
          "Ready.",
          "GET /api - 204 (35ms)",
          "Environment: test",
          "WARNING: react has known vulnerabilities",
          "TLS handshake completed",
          "HEAD is now at 8ddefaa",
          "Time: 106.964s",
          "Test Suites: 19 passed, 14 total",
          "[12:50:48] INFO: Request completed",
          "Cache saved successfully",
          "WARNING: jest has known vulnerabilities",
          "Ready.",
          "pip: Installing build dependencies...",
          "Compiling src/index.js...",
          "Compiling components/service.java...",
          "Platform: linux-x64",
          "[12:50:48] ERROR: Connection failed",
          "[12:50:48] INFO: Starting build process",
          "[12:50:48] ERROR: Connection failed",
          "[12:50:48] DEBUG: Connection pool: 7 active",
          "Ready.",
          "GET /status - 201 (46ms)",
          "Artifact downloaded: 48MB",
          "Generating source maps...",
          "[12:50:48] INFO: Starting build process",
          "Compiling utils/utils.go...",
          "TLS handshake completed",
          "\u2713 build completed",
          "Compiling lib/service.java...",
          "\u2713 All checks passed",
          "Installing eslint@3.13.7",
          "[12:50:48] INFO: Request completed",
          "[12:50:48] ERROR: Connection failed",
          "Coverage: 93% statements, 69% branches",
          "\u26a0 DEPRECATION: Feature will be removed in v2.0",
          "npm notice: package.json updated",
          "Optimizing 97 modules...",
          "Compiling src/service.java...",
          "Done.",
          "\u26a0 DEPRECATION: Feature will be removed in v2.0",
          "Step 9/19: Running migrations",
          "\u26a0 DEPRECATION: Feature will be removed in v2.0",
          "Tests: 411 passed, 477 total",
          "\u2713 Task completed in 3880ms",
          "npm notice: package.json updated",
          "[12:50:48] DEBUG: Query executed in 74ms",
          "Tests: 94 passed, 137 total",
          "Verifying...",
          "[12:50:48] INFO: Starting build process",
          "  PASS: test_db_connect (388ms)",
          "Fetching submodules...",
          "Loading...",
          "Success!",
          "[12:50:48] ERROR: Connection failed",
          "Bundling main.css",
          "HEAD is now at a0dc25d",
          "\u2717 build failed with exit code 122",
          "npm notice: created a lockfile",
          "Image pulled successfully",
          "\u2713 Step 'test' succeeded",
          "WARNING: jest has known vulnerabilities",
          "TLS handshake completed",
          "Artifact uploaded: dist.zip (93MB)",
          "Artifact uploaded: dist.zip (84MB)",
          "Artifact uploaded: dist.zip (96MB)",
          "Tests: 247 passed, 420 total",
          "Test Suites: 20 passed, 32 total",
          "Step 3/16: Building",
          "[12:50:48] DEBUG: Loading configuration",
          "npm notice: package.json updated",
          "Cache hit for key-7796",
          "Time: 105.848s",
          "Done.",
          "Test Suites: 29 passed, 36 total",
          "yarn add: Done in 29.94s",
          "Installing webpack@4.19.9",
          "Step 19/25: Running migrations",
          "Switched to branch 'feature/task-569'",
          "Connection established",
          "Ran 116 tests in 13s",
          "Step 16/21: Running migrations",
          "npm notice: created a lockfile",
          "Pushing to registry...",
          "Installing react@5.5.4",
          "Minifying app.js",
          "npm install: resolved 1918 packages",
          "\u2713 All checks passed",
          "[12:50:48] DEBUG: Initializing service",
          "pip install: Successfully installed eslint-4.10",
          "npm notice: created a lockfile",
          "Processing...",
          "Using Python 3.11",
          "Loading...",
          "Artifact uploaded: dist.zip (93MB)",
          "npm install: resolved 550 packages",
          "npm install: added 231 packages",
          "Checking out main branch",
          "\u26a0 DEPRECATION: Feature will be removed in v4.0",
          "Generating source maps...",
          "[12:50:48] DEBUG: Memory usage: 1326MB",
          "Optimizing 42 modules...",
          "Step 18/16: Linting",
          "npm install: resolved 1804 packages",
          "=== Step upload_artifacts completed ==="
        ]
      }
    ],
    "label": "normal"
  }
}